using /home/abdul_waheed/github_files/UET-Pcore-with-c-ext/verif/riscof_work/src/bne-01.S/ref/Reference-sail_c_simulator.signature for test-signature output.
[Sail] Allocating new block 0x80000000
tohost located at 0x80038000
[Sail] Allocating new block 0x0

Running file ref.elf.
ELF Entry @ 0x80000000
begin_signature: 0x8003a110
end_signature: 0x8003aa40
CSR mstatus <- 0x00000000 (input: 0x00000000)
mem[X,0x00001000] -> 0x0297
mem[X,0x00001002] -> 0x0000
[0] [M]: 0x00001000 (0x00000297) auipc t0, 0
x5 <- 0x00001000


mem[X,0x00001004] -> 0x8593
mem[X,0x00001006] -> 0x0202
[1] [M]: 0x00001004 (0x02028593) addi a1, t0, 32
x11 <- 0x00001020


mem[X,0x00001008] -> 0x2573
mem[X,0x0000100A] -> 0xF140
[2] [M]: 0x00001008 (0xF1402573) csrrs a0, mhartid, zero
CSR mhartid -> 0x00000000
x10 <- 0x00000000


mem[X,0x0000100C] -> 0xA283
mem[X,0x0000100E] -> 0x0182
[3] [M]: 0x0000100C (0x0182A283) lw t0, 24(t0)
mem[R,0x00001018] -> 0x80000000
x5 <- 0x80000000


mem[X,0x00001010] -> 0x8067
mem[X,0x00001012] -> 0x0002
[4] [M]: 0x00001010 (0x00028067) jalr zero, t0, 0


mem[X,0x80000000] -> 0xC0B7
mem[X,0x80000002] -> 0xFEED
[5] [M]: 0x80000000 (0xFEEDC0B7) lui ra, 1044188
x1 <- 0xFEEDC000


mem[X,0x80000004] -> 0x8093
mem[X,0x80000006] -> 0xEAD0
[6] [M]: 0x80000004 (0xEAD08093) addi ra, ra, 3757
x1 <- 0xFEEDBEAD


mem[X,0x80000008] -> 0xE137
mem[X,0x8000000A] -> 0xFF76
[7] [M]: 0x80000008 (0xFF76E137) lui sp, 1046382
x2 <- 0xFF76E000


mem[X,0x8000000C] -> 0x0113
mem[X,0x8000000E] -> 0xF561
[8] [M]: 0x8000000C (0xF5610113) addi sp, sp, 3926
x2 <- 0xFF76DF56


mem[X,0x80000010] -> 0x71B7
mem[X,0x80000012] -> 0x7FBB
[9] [M]: 0x80000010 (0x7FBB71B7) lui gp, 523191
x3 <- 0x7FBB7000


mem[X,0x80000014] -> 0x8193
mem[X,0x80000016] -> 0xFAB1
[10] [M]: 0x80000014 (0xFAB18193) addi gp, gp, 4011
x3 <- 0x7FBB6FAB


mem[X,0x80000018] -> 0xB237
mem[X,0x8000001A] -> 0xBFDD
[11] [M]: 0x80000018 (0xBFDDB237) lui tp, 785883
x4 <- 0xBFDDB000


mem[X,0x8000001C] -> 0x0213
mem[X,0x8000001E] -> 0x7D52
[12] [M]: 0x8000001C (0x7D520213) addi tp, tp, 2005
x4 <- 0xBFDDB7D5


mem[X,0x80000020] -> 0xE2B7
mem[X,0x80000022] -> 0xDFEE
[13] [M]: 0x80000020 (0xDFEEE2B7) lui t0, 917230
x5 <- 0xDFEEE000


mem[X,0x80000024] -> 0x8293
mem[X,0x80000026] -> 0xBEA2
[14] [M]: 0x80000024 (0xBEA28293) addi t0, t0, 3050
x5 <- 0xDFEEDBEA


mem[X,0x80000028] -> 0x7337
mem[X,0x8000002A] -> 0x6FF7
[15] [M]: 0x80000028 (0x6FF77337) lui t1, 458615
x6 <- 0x6FF77000


mem[X,0x8000002C] -> 0x0313
mem[X,0x8000002E] -> 0xDF53
[16] [M]: 0x8000002C (0xDF530313) addi t1, t1, 3573
x6 <- 0x6FF76DF5


mem[X,0x80000030] -> 0xB3B7
mem[X,0x80000032] -> 0xB7FB
[17] [M]: 0x80000030 (0xB7FBB3B7) lui t2, 753595
x7 <- 0xB7FBB000


mem[X,0x80000034] -> 0x8393
mem[X,0x80000036] -> 0x6FA3
[18] [M]: 0x80000034 (0x6FA38393) addi t2, t2, 1786
x7 <- 0xB7FBB6FA


mem[X,0x80000038] -> 0xE437
mem[X,0x8000003A] -> 0x5BFD
[19] [M]: 0x80000038 (0x5BFDE437) lui fp, 376798
x8 <- 0x5BFDE000


mem[X,0x8000003C] -> 0x0413
mem[X,0x8000003E] -> 0xB7D4
[20] [M]: 0x8000003C (0xB7D40413) addi fp, fp, 2941
x8 <- 0x5BFDDB7D


mem[X,0x80000040] -> 0xF4B7
mem[X,0x80000042] -> 0xADFE
[21] [M]: 0x80000040 (0xADFEF4B7) lui s1, 712687
x9 <- 0xADFEF000


mem[X,0x80000044] -> 0x8493
mem[X,0x80000046] -> 0xDBE4
[22] [M]: 0x80000044 (0xDBE48493) addi s1, s1, 3518
x9 <- 0xADFEEDBE


mem[X,0x80000048] -> 0x7537
mem[X,0x8000004A] -> 0x56FF
[23] [M]: 0x80000048 (0x56FF7537) lui a0, 356343
x10 <- 0x56FF7000


mem[X,0x8000004C] -> 0x0513
mem[X,0x8000004E] -> 0x6DF5
[24] [M]: 0x8000004C (0x6DF50513) addi a0, a0, 1759
x10 <- 0x56FF76DF


mem[X,0x80000050] -> 0xC5B7
mem[X,0x80000052] -> 0xAB7F
[25] [M]: 0x80000050 (0xAB7FC5B7) lui a1, 702460
x11 <- 0xAB7FC000


mem[X,0x80000054] -> 0x8593
mem[X,0x80000056] -> 0xB6F5
[26] [M]: 0x80000054 (0xB6F58593) addi a1, a1, 2927
x11 <- 0xAB7FBB6F


mem[X,0x80000058] -> 0xE637
mem[X,0x8000005A] -> 0xD5BF
[27] [M]: 0x80000058 (0xD5BFE637) lui a2, 875518
x12 <- 0xD5BFE000


mem[X,0x8000005C] -> 0x0613
mem[X,0x8000005E] -> 0xDB76
[28] [M]: 0x8000005C (0xDB760613) addi a2, a2, 3511
x12 <- 0xD5BFDDB7


mem[X,0x80000060] -> 0xF6B7
mem[X,0x80000062] -> 0xEADF
[29] [M]: 0x80000060 (0xEADFF6B7) lui a3, 962047
x13 <- 0xEADFF000


mem[X,0x80000064] -> 0x8693
mem[X,0x80000066] -> 0xEDB6
[30] [M]: 0x80000064 (0xEDB68693) addi a3, a3, 3803
x13 <- 0xEADFEEDB


mem[X,0x80000068] -> 0xF737
mem[X,0x8000006A] -> 0xF56F
[31] [M]: 0x80000068 (0xF56FF737) lui a4, 1005311
x14 <- 0xF56FF000


mem[X,0x8000006C] -> 0x0713
mem[X,0x8000006E] -> 0x76D7
[32] [M]: 0x8000006C (0x76D70713) addi a4, a4, 1901
x14 <- 0xF56FF76D


mem[X,0x80000070] -> 0x07B7
mem[X,0x80000072] -> 0xFAB8
[33] [M]: 0x80000070 (0xFAB807B7) lui a5, 1026944
x15 <- 0xFAB80000


mem[X,0x80000074] -> 0x8793
mem[X,0x80000076] -> 0xBB67
[34] [M]: 0x80000074 (0xBB678793) addi a5, a5, 2998
x15 <- 0xFAB7FBB6


mem[X,0x80000078] -> 0x0837
mem[X,0x8000007A] -> 0x7D5C
[35] [M]: 0x80000078 (0x7D5C0837) lui a6, 513472
x16 <- 0x7D5C0000


mem[X,0x8000007C] -> 0x0813
mem[X,0x8000007E] -> 0xDDB8
[36] [M]: 0x8000007C (0xDDB80813) addi a6, a6, 3547
x16 <- 0x7D5BFDDB


mem[X,0x80000080] -> 0x08B7
mem[X,0x80000082] -> 0xBEAE
[37] [M]: 0x80000080 (0xBEAE08B7) lui a7, 781024
x17 <- 0xBEAE0000


mem[X,0x80000084] -> 0x8893
mem[X,0x80000086] -> 0xEED8
[38] [M]: 0x80000084 (0xEED88893) addi a7, a7, 3821
x17 <- 0xBEADFEED


mem[X,0x80000088] -> 0x0937
mem[X,0x8000008A] -> 0xDF57
[39] [M]: 0x80000088 (0xDF570937) lui s2, 914800
x18 <- 0xDF570000


mem[X,0x8000008C] -> 0x0913
mem[X,0x8000008E] -> 0xF769
[40] [M]: 0x8000008C (0xF7690913) addi s2, s2, 3958
x18 <- 0xDF56FF76


mem[X,0x80000090] -> 0x89B7
mem[X,0x80000092] -> 0x6FAB
[41] [M]: 0x80000090 (0x6FAB89B7) lui s3, 457400
x19 <- 0x6FAB8000


mem[X,0x80000094] -> 0x8993
mem[X,0x80000096] -> 0xFBB9
[42] [M]: 0x80000094 (0xFBB98993) addi s3, s3, 4027
x19 <- 0x6FAB7FBB


mem[X,0x80000098] -> 0xCA37
mem[X,0x8000009A] -> 0xB7D5
[43] [M]: 0x80000098 (0xB7D5CA37) lui s4, 752988
x20 <- 0xB7D5C000


mem[X,0x8000009C] -> 0x0A13
mem[X,0x8000009E] -> 0xFDDA
[44] [M]: 0x8000009C (0xFDDA0A13) addi s4, s4, 4061
x20 <- 0xB7D5BFDD


mem[X,0x800000A0] -> 0xEAB7
mem[X,0x800000A2] -> 0xDBEA
[45] [M]: 0x800000A0 (0xDBEAEAB7) lui s5, 900782
x21 <- 0xDBEAE000


mem[X,0x800000A4] -> 0x8A93
mem[X,0x800000A6] -> 0xFEEA
[46] [M]: 0x800000A4 (0xFEEA8A93) addi s5, s5, 4078
x21 <- 0xDBEADFEE


mem[X,0x800000A8] -> 0x7B37
mem[X,0x800000AA] -> 0x6DF5
[47] [M]: 0x800000A8 (0x6DF57B37) lui s6, 450391
x22 <- 0x6DF57000


mem[X,0x800000AC] -> 0x0B13
mem[X,0x800000AE] -> 0xFF7B
[48] [M]: 0x800000AC (0xFF7B0B13) addi s6, s6, 4087
x22 <- 0x6DF56FF7


mem[X,0x800000B0] -> 0xBBB7
mem[X,0x800000B2] -> 0xB6FA
[49] [M]: 0x800000B0 (0xB6FABBB7) lui s7, 749483
x23 <- 0xB6FAB000


mem[X,0x800000B4] -> 0x8B93
mem[X,0x800000B6] -> 0x7FBB
[50] [M]: 0x800000B4 (0x7FBB8B93) addi s7, s7, 2043
x23 <- 0xB6FAB7FB


mem[X,0x800000B8] -> 0x6C37
mem[X,0x800000BA] -> 0xDB7D
[51] [M]: 0x800000B8 (0xDB7D6C37) lui s8, 899030
x24 <- 0xDB7D6000


mem[X,0x800000BC] -> 0x0C13
mem[X,0x800000BE] -> 0xBFDC
[52] [M]: 0x800000BC (0xBFDC0C13) addi s8, s8, 3069
x24 <- 0xDB7D5BFD


mem[X,0x800000C0] -> 0xBCB7
mem[X,0x800000C2] -> 0xEDBE
[53] [M]: 0x800000C0 (0xEDBEBCB7) lui s9, 973803
x25 <- 0xEDBEB000


mem[X,0x800000C4] -> 0x8C93
mem[X,0x800000C6] -> 0xDFEC
[54] [M]: 0x800000C4 (0xDFEC8C93) addi s9, s9, 3582
x25 <- 0xEDBEADFE


mem[X,0x800000C8] -> 0x5D37
mem[X,0x800000CA] -> 0x76DF
[55] [M]: 0x800000C8 (0x76DF5D37) lui s10, 486901
x26 <- 0x76DF5000


mem[X,0x800000CC] -> 0x0D13
mem[X,0x800000CE] -> 0x6FFD
[56] [M]: 0x800000CC (0x6FFD0D13) addi s10, s10, 1791
x26 <- 0x76DF56FF


mem[X,0x800000D0] -> 0xBDB7
mem[X,0x800000D2] -> 0xBB6F
[57] [M]: 0x800000D0 (0xBB6FBDB7) lui s11, 767739
x27 <- 0xBB6FB000


mem[X,0x800000D4] -> 0x8D93
mem[X,0x800000D6] -> 0xB7FD
[58] [M]: 0x800000D4 (0xB7FD8D93) addi s11, s11, 2943
x27 <- 0xBB6FAB7F


mem[X,0x800000D8] -> 0xDE37
mem[X,0x800000DA] -> 0xDDB7
[59] [M]: 0x800000D8 (0xDDB7DE37) lui t3, 908157
x28 <- 0xDDB7D000


mem[X,0x800000DC] -> 0x0E13
mem[X,0x800000DE] -> 0x5BFE
[60] [M]: 0x800000DC (0x5BFE0E13) addi t3, t3, 1471
x28 <- 0xDDB7D5BF


mem[X,0x800000E0] -> 0xFEB7
mem[X,0x800000E2] -> 0xEEDB
[61] [M]: 0x800000E0 (0xEEDBFEB7) lui t4, 978367
x29 <- 0xEEDBF000


mem[X,0x800000E4] -> 0x8E93
mem[X,0x800000E6] -> 0xADFE
[62] [M]: 0x800000E4 (0xADFE8E93) addi t4, t4, 2783
x29 <- 0xEEDBEADF


mem[X,0x800000E8] -> 0xFF37
mem[X,0x800000EA] -> 0xF76D
[63] [M]: 0x800000E8 (0xF76DFF37) lui t5, 1013471
x30 <- 0xF76DF000


mem[X,0x800000EC] -> 0x0F13
mem[X,0x800000EE] -> 0x56FF
[64] [M]: 0x800000EC (0x56FF0F13) addi t5, t5, 1391
x30 <- 0xF76DF56F


mem[X,0x800000F0] -> 0x0FB7
mem[X,0x800000F2] -> 0xFBB7
[65] [M]: 0x800000F0 (0xFBB70FB7) lui t6, 1031024
x31 <- 0xFBB70000


mem[X,0x800000F4] -> 0x8F93
mem[X,0x800000F6] -> 0xAB7F
[66] [M]: 0x800000F4 (0xAB7F8F93) addi t6, t6, 2743
x31 <- 0xFBB6FAB7


mem[X,0x800000F8] -> 0x0013
mem[X,0x800000FA] -> 0x0000
[67] [M]: 0x800000F8 (0x00000013) addi zero, zero, 0


mem[X,0x800000FC] -> 0x0013
mem[X,0x800000FE] -> 0x0000
[68] [M]: 0x800000FC (0x00000013) addi zero, zero, 0


mem[X,0x80000100] -> 0xA297
mem[X,0x80000102] -> 0x0003
[69] [M]: 0x80000100 (0x0003A297) auipc t0, 58
x5 <- 0x8003A100


mem[X,0x80000104] -> 0x8293
mem[X,0x80000106] -> 0x0142
[70] [M]: 0x80000104 (0x01428293) addi t0, t0, 20
x5 <- 0x8003A114


mem[X,0x80000108] -> 0x0013
mem[X,0x8000010A] -> 0x0000
[71] [M]: 0x80000108 (0x00000013) addi zero, zero, 0


mem[X,0x8000010C] -> 0x0013
mem[X,0x8000010E] -> 0x0000
[72] [M]: 0x8000010C (0x00000013) addi zero, zero, 0


mem[X,0x80000110] -> 0x0013
mem[X,0x80000112] -> 0x0000
[73] [M]: 0x80000110 (0x00000013) addi zero, zero, 0


mem[X,0x80000114] -> 0x0013
mem[X,0x80000116] -> 0x0000
[74] [M]: 0x80000114 (0x00000013) addi zero, zero, 0


mem[X,0x80000118] -> 0x0013
mem[X,0x8000011A] -> 0x0000
[75] [M]: 0x80000118 (0x00000013) addi zero, zero, 0


mem[X,0x8000011C] -> 0x0013
mem[X,0x8000011E] -> 0x0000
[76] [M]: 0x8000011C (0x00000013) addi zero, zero, 0


mem[X,0x80000120] -> 0x5837
mem[X,0x80000122] -> 0x5555
[77] [M]: 0x80000120 (0x55555837) lui a6, 349525
x16 <- 0x55555000


mem[X,0x80000124] -> 0x0813
mem[X,0x80000126] -> 0x5548
[78] [M]: 0x80000124 (0x55480813) addi a6, a6, 1364
x16 <- 0x55555554


mem[X,0x80000128] -> 0x5837
mem[X,0x8000012A] -> 0x5555
[79] [M]: 0x80000128 (0x55555837) lui a6, 349525
x16 <- 0x55555000


mem[X,0x8000012C] -> 0x0813
mem[X,0x8000012E] -> 0x5548
[80] [M]: 0x8000012C (0x55480813) addi a6, a6, 1364
x16 <- 0x55555554


mem[X,0x80000130] -> 0x0A93
mem[X,0x80000132] -> 0x0000
[81] [M]: 0x80000130 (0x00000A93) addi s5, zero, 0
x21 <- 0x00000000


mem[X,0x80000134] -> 0x006F
mem[X,0x80000136] -> 0x00C0
[82] [M]: 0x80000134 (0x00C0006F) jal zero, 12


mem[X,0x80000140] -> 0x1063
mem[X,0x80000142] -> 0x2108
[83] [M]: 0x80000140 (0x21081063) bne a6, a6, 512


mem[X,0x80000144] -> 0x8A93
mem[X,0x80000146] -> 0x002A
[84] [M]: 0x80000144 (0x002A8A93) addi s5, s5, 2
x21 <- 0x00000002


mem[X,0x80000148] -> 0x006F
mem[X,0x8000014A] -> 0x2000
[85] [M]: 0x80000148 (0x2000006F) jal zero, 512


mem[X,0x80000348] -> 0xA023
mem[X,0x8000034A] -> 0x0152
[86] [M]: 0x80000348 (0x0152A023) sw s5, 0(t0)
mem[0x8003A114] <- 0x00000002


mem[X,0x8000034C] -> 0x03B7
mem[X,0x8000034E] -> 0x0400
[87] [M]: 0x8000034C (0x040003B7) lui t2, 16384
x7 <- 0x04000000


mem[X,0x80000350] -> 0x0013
mem[X,0x80000352] -> 0x0000
[88] [M]: 0x80000350 (0x00000013) addi zero, zero, 0


mem[X,0x80000354] -> 0x0A93
mem[X,0x80000356] -> 0x0000
[89] [M]: 0x80000354 (0x00000A93) addi s5, zero, 0
x21 <- 0x00000000


mem[X,0x80000358] -> 0x006F
mem[X,0x8000035A] -> 0x00C0
[90] [M]: 0x80000358 (0x00C0006F) jal zero, 12


mem[X,0x80000364] -> 0x9063
mem[X,0x80000366] -> 0x2003
[91] [M]: 0x80000364 (0x20039063) bne t2, zero, 512


mem[X,0x80000564] -> 0x8A93
mem[X,0x80000566] -> 0x003A
[92] [M]: 0x80000564 (0x003A8A93) addi s5, s5, 3
x21 <- 0x00000003


mem[X,0x80000568] -> 0x006F
mem[X,0x8000056A] -> 0x0040
[93] [M]: 0x80000568 (0x0040006F) jal zero, 4


mem[X,0x8000056C] -> 0xA223
mem[X,0x8000056E] -> 0x0152
[94] [M]: 0x8000056C (0x0152A223) sw s5, 4(t0)
mem[0x8003A118] <- 0x00000003


mem[X,0x80000570] -> 0xF737
mem[X,0x80000572] -> 0xFFFF
[95] [M]: 0x80000570 (0xFFFFF737) lui a4, 1048575
x14 <- 0xFFFFF000


mem[X,0x80000574] -> 0x0713
mem[X,0x80000576] -> 0x7FF7
[96] [M]: 0x80000574 (0x7FF70713) addi a4, a4, 2047
x14 <- 0xFFFFF7FF


mem[X,0x80000578] -> 0x0D13
mem[X,0x8000057A] -> 0xFEF0
[97] [M]: 0x80000578 (0xFEF00D13) addi s10, zero, 4079
x26 <- 0xFFFFFFEF


mem[X,0x8000057C] -> 0x0A93
mem[X,0x8000057E] -> 0x0000
[98] [M]: 0x8000057C (0x00000A93) addi s5, zero, 0
x21 <- 0x00000000


mem[X,0x80000580] -> 0x006F
mem[X,0x80000582] -> 0x00C0
[99] [M]: 0x80000580 (0x00C0006F) jal zero, 12


clint::tick mtime <- 0x0000000000000001
 clint timer pending at mtime 0x0000000000000001
htif::tick 0x0000000000000000
mem[X,0x8000058C] -> 0x1063
mem[X,0x8000058E] -> 0x11A7
[100] [M]: 0x8000058C (0x11A71063) bne a4, s10, 256


mem[X,0x8000068C] -> 0x8A93
mem[X,0x8000068E] -> 0x003A
[101] [M]: 0x8000068C (0x003A8A93) addi s5, s5, 3
x21 <- 0x00000003


mem[X,0x80000690] -> 0x006F
mem[X,0x80000692] -> 0x0040
[102] [M]: 0x80000690 (0x0040006F) jal zero, 4


mem[X,0x80000694] -> 0xA423
mem[X,0x80000696] -> 0x0152
[103] [M]: 0x80000694 (0x0152A423) sw s5, 8(t0)
mem[0x8003A11C] <- 0x00000003


mem[X,0x80000698] -> 0x0493
mem[X,0x8000069A] -> 0xFBF0
[104] [M]: 0x80000698 (0xFBF00493) addi s1, zero, 4031
x9 <- 0xFFFFFFBF


mem[X,0x8000069C] -> 0x0CB7
mem[X,0x8000069E] -> 0x0200
[105] [M]: 0x8000069C (0x02000CB7) lui s9, 8192
x25 <- 0x02000000


mem[X,0x800006A0] -> 0x0A93
mem[X,0x800006A2] -> 0x0000
[106] [M]: 0x800006A0 (0x00000A93) addi s5, zero, 0
x21 <- 0x00000000


mem[X,0x800006A4] -> 0x006F
mem[X,0x800006A6] -> 0x00C0
[107] [M]: 0x800006A4 (0x00C0006F) jal zero, 12


mem[X,0x800006B0] -> 0x9063
mem[X,0x800006B2] -> 0x0394
[108] [M]: 0x800006B0 (0x03949063) bne s1, s9, 32


mem[X,0x800006D0] -> 0x8A93
mem[X,0x800006D2] -> 0x003A
[109] [M]: 0x800006D0 (0x003A8A93) addi s5, s5, 3
x21 <- 0x00000003


mem[X,0x800006D4] -> 0x006F
mem[X,0x800006D6] -> 0x0040
[110] [M]: 0x800006D4 (0x0040006F) jal zero, 4


mem[X,0x800006D8] -> 0xA623
mem[X,0x800006DA] -> 0x0152
[111] [M]: 0x800006D8 (0x0152A623) sw s5, 12(t0)
mem[0x8003A120] <- 0x00000003


mem[X,0x800006DC] -> 0xFBB7
mem[X,0x800006DE] -> 0xFFFF
[112] [M]: 0x800006DC (0xFFFFFBB7) lui s7, 1048575
x23 <- 0xFFFFF000


mem[X,0x800006E0] -> 0x8B93
mem[X,0x800006E2] -> 0xFFFB
[113] [M]: 0x800006E0 (0xFFFB8B93) addi s7, s7, 4095
x23 <- 0xFFFFEFFF


mem[X,0x800006E4] -> 0xFB37
mem[X,0x800006E6] -> 0xFFFF
[114] [M]: 0x800006E4 (0xFFFFFB37) lui s6, 1048575
x22 <- 0xFFFFF000


mem[X,0x800006E8] -> 0x0B13
mem[X,0x800006EA] -> 0xFFFB
[115] [M]: 0x800006E8 (0xFFFB0B13) addi s6, s6, 4095
x22 <- 0xFFFFEFFF


mem[X,0x800006EC] -> 0x0A93
mem[X,0x800006EE] -> 0x0000
[116] [M]: 0x800006EC (0x00000A93) addi s5, zero, 0
x21 <- 0x00000000


mem[X,0x800006F0] -> 0x006F
mem[X,0x800006F2] -> 0x00C0
[117] [M]: 0x800006F0 (0x00C0006F) jal zero, 12


mem[X,0x800006FC] -> 0x9063
mem[X,0x800006FE] -> 0x096B
[118] [M]: 0x800006FC (0x096B9063) bne s7, s6, 128


mem[X,0x80000700] -> 0x8A93
mem[X,0x80000702] -> 0x002A
[119] [M]: 0x80000700 (0x002A8A93) addi s5, s5, 2
x21 <- 0x00000002


mem[X,0x80000704] -> 0x006F
mem[X,0x80000706] -> 0x0800
[120] [M]: 0x80000704 (0x0800006F) jal zero, 128


mem[X,0x80000784] -> 0xA823
mem[X,0x80000786] -> 0x0152
[121] [M]: 0x80000784 (0x0152A823) sw s5, 16(t0)
mem[0x8003A124] <- 0x00000002


mem[X,0x80000788] -> 0x59B7
mem[X,0x8000078A] -> 0xFFFF
[122] [M]: 0x80000788 (0xFFFF59B7) lui s3, 1048565
x19 <- 0xFFFF5000


mem[X,0x8000078C] -> 0x8993
mem[X,0x8000078E] -> 0xAFC9
[123] [M]: 0x8000078C (0xAFC98993) addi s3, s3, 2812
x19 <- 0xFFFF4AFC


mem[X,0x80000790] -> 0x5DB7
mem[X,0x80000792] -> 0xFFFF
[124] [M]: 0x80000790 (0xFFFF5DB7) lui s11, 1048565
x27 <- 0xFFFF5000


mem[X,0x80000794] -> 0x8D93
mem[X,0x80000796] -> 0xAFCD
[125] [M]: 0x80000794 (0xAFCD8D93) addi s11, s11, 2812
x27 <- 0xFFFF4AFC


mem[X,0x80000798] -> 0x0A93
mem[X,0x8000079A] -> 0x0000
[126] [M]: 0x80000798 (0x00000A93) addi s5, zero, 0
x21 <- 0x00000000


mem[X,0x8000079C] -> 0x006F
mem[X,0x8000079E] -> 0x00C0
[127] [M]: 0x8000079C (0x00C0006F) jal zero, 12


mem[X,0x800007A8] -> 0x9CE3
mem[X,0x800007AA] -> 0xFFB9
[128] [M]: 0x800007A8 (0xFFB99CE3) bne s3, s11, 8184


mem[X,0x800007AC] -> 0x8A93
mem[X,0x800007AE] -> 0x002A
[129] [M]: 0x800007AC (0x002A8A93) addi s5, s5, 2
x21 <- 0x00000002


mem[X,0x800007B0] -> 0x006F
mem[X,0x800007B2] -> 0x00C0
[130] [M]: 0x800007B0 (0x00C0006F) jal zero, 12


mem[X,0x800007BC] -> 0xAA23
mem[X,0x800007BE] -> 0x0152
[131] [M]: 0x800007BC (0x0152AA23) sw s5, 20(t0)
mem[0x8003A128] <- 0x00000002


mem[X,0x800007C0] -> 0x06B7
mem[X,0x800007C2] -> 0x4000
[132] [M]: 0x800007C0 (0x400006B7) lui a3, 262144
x13 <- 0x40000000


mem[X,0x800007C4] -> 0x0213
mem[X,0x800007C6] -> 0x0090
[133] [M]: 0x800007C4 (0x00900213) addi tp, zero, 9
x4 <- 0x00000009


mem[X,0x800007C8] -> 0x0A93
mem[X,0x800007CA] -> 0x0000
[134] [M]: 0x800007C8 (0x00000A93) addi s5, zero, 0
x21 <- 0x00000000


mem[X,0x800007CC] -> 0x006F
mem[X,0x800007CE] -> 0x00C0
[135] [M]: 0x800007CC (0x00C0006F) jal zero, 12


mem[X,0x800007D8] -> 0x9CE3
mem[X,0x800007DA] -> 0xFE46
[136] [M]: 0x800007D8 (0xFE469CE3) bne a3, tp, 8184


mem[X,0x800007D0] -> 0x8A93
mem[X,0x800007D2] -> 0x001A
[137] [M]: 0x800007D0 (0x001A8A93) addi s5, s5, 1
x21 <- 0x00000001


mem[X,0x800007D4] -> 0x006F
mem[X,0x800007D6] -> 0x0180
[138] [M]: 0x800007D4 (0x0180006F) jal zero, 24


mem[X,0x800007EC] -> 0xAC23
mem[X,0x800007EE] -> 0x0152
[139] [M]: 0x800007EC (0x0152AC23) sw s5, 24(t0)
mem[0x8003A12C] <- 0x00000001


mem[X,0x800007F0] -> 0x0637
mem[X,0x800007F2] -> 0xC000
[140] [M]: 0x800007F0 (0xC0000637) lui a2, 786432
x12 <- 0xC0000000


mem[X,0x800007F4] -> 0x0437
mem[X,0x800007F6] -> 0xF000
[141] [M]: 0x800007F4 (0xF0000437) lui fp, 983040
x8 <- 0xF0000000


mem[X,0x800007F8] -> 0x0413
mem[X,0x800007FA] -> 0xFFF4
[142] [M]: 0x800007F8 (0xFFF40413) addi fp, fp, 4095
x8 <- 0xEFFFFFFF


mem[X,0x800007FC] -> 0x0A93
mem[X,0x800007FE] -> 0x0000
[143] [M]: 0x800007FC (0x00000A93) addi s5, zero, 0
x21 <- 0x00000000


mem[X,0x80000800] -> 0x006F
mem[X,0x80000802] -> 0x0140
[144] [M]: 0x80000800 (0x0140006F) jal zero, 20


mem[X,0x80000814] -> 0x18E3
mem[X,0x80000816] -> 0xFE86
[145] [M]: 0x80000814 (0xFE8618E3) bne a2, fp, 8176


mem[X,0x80000804] -> 0x8A93
mem[X,0x80000806] -> 0x001A
[146] [M]: 0x80000804 (0x001A8A93) addi s5, s5, 1
x21 <- 0x00000001


mem[X,0x80000808] -> 0x006F
mem[X,0x8000080A] -> 0x0200
[147] [M]: 0x80000808 (0x0200006F) jal zero, 32


mem[X,0x80000828] -> 0xAE23
mem[X,0x8000082A] -> 0x0152
[148] [M]: 0x80000828 (0x0152AE23) sw s5, 28(t0)
mem[0x8003A130] <- 0x00000001


mem[X,0x8000082C] -> 0x0C13
mem[X,0x8000082E] -> 0xFFF0
[149] [M]: 0x8000082C (0xFFF00C13) addi s8, zero, 4095
x24 <- 0xFFFFFFFF


mem[X,0x80000830] -> 0x0093
mem[X,0x80000832] -> 0x0010
[150] [M]: 0x80000830 (0x00100093) addi ra, zero, 1
x1 <- 0x00000001


mem[X,0x80000834] -> 0x0A93
mem[X,0x80000836] -> 0x0000
[151] [M]: 0x80000834 (0x00000A93) addi s5, zero, 0
x21 <- 0x00000000


mem[X,0x80000838] -> 0x006F
mem[X,0x8000083A] -> 0x00C0
[152] [M]: 0x80000838 (0x00C0006F) jal zero, 12


mem[X,0x80000844] -> 0x1063
mem[X,0x80000846] -> 0x041C
[153] [M]: 0x80000844 (0x041C1063) bne s8, ra, 64


mem[X,0x80000884] -> 0x8A93
mem[X,0x80000886] -> 0x003A
[154] [M]: 0x80000884 (0x003A8A93) addi s5, s5, 3
x21 <- 0x00000003


mem[X,0x80000888] -> 0x006F
mem[X,0x8000088A] -> 0x0040
[155] [M]: 0x80000888 (0x0040006F) jal zero, 4


mem[X,0x8000088C] -> 0xA023
mem[X,0x8000088E] -> 0x0352
[156] [M]: 0x8000088C (0x0352A023) sw s5, 32(t0)
mem[0x8003A134] <- 0x00000003


mem[X,0x80000890] -> 0x00B7
mem[X,0x80000892] -> 0xFFF0
[157] [M]: 0x80000890 (0xFFF000B7) lui ra, 1048320
x1 <- 0xFFF00000


mem[X,0x80000894] -> 0x8093
mem[X,0x80000896] -> 0xFFF0
[158] [M]: 0x80000894 (0xFFF08093) addi ra, ra, 4095
x1 <- 0xFFEFFFFF


mem[X,0x80000898] -> 0x0513
mem[X,0x8000089A] -> 0x0020
[159] [M]: 0x80000898 (0x00200513) addi a0, zero, 2
x10 <- 0x00000002


mem[X,0x8000089C] -> 0x0A93
mem[X,0x8000089E] -> 0x0000
[160] [M]: 0x8000089C (0x00000A93) addi s5, zero, 0
x21 <- 0x00000000


mem[X,0x800008A0] -> 0x006F
mem[X,0x800008A2] -> 0x00C0
[161] [M]: 0x800008A0 (0x00C0006F) jal zero, 12


mem[X,0x800008AC] -> 0x9063
mem[X,0x800008AE] -> 0x10A0
[162] [M]: 0x800008AC (0x10A09063) bne ra, a0, 256


mem[X,0x800009AC] -> 0x8A93
mem[X,0x800009AE] -> 0x003A
[163] [M]: 0x800009AC (0x003A8A93) addi s5, s5, 3
x21 <- 0x00000003


mem[X,0x800009B0] -> 0x006F
mem[X,0x800009B2] -> 0x0040
[164] [M]: 0x800009B0 (0x0040006F) jal zero, 4


mem[X,0x800009B4] -> 0xA223
mem[X,0x800009B6] -> 0x0352
[165] [M]: 0x800009B4 (0x0352A223) sw s5, 36(t0)
mem[0x8003A138] <- 0x00000003


mem[X,0x800009B8] -> 0x6237
mem[X,0x800009BA] -> 0x6666
[166] [M]: 0x800009B8 (0x66666237) lui tp, 419430
x4 <- 0x66666000


mem[X,0x800009BC] -> 0x0213
mem[X,0x800009BE] -> 0x6662
[167] [M]: 0x800009BC (0x66620213) addi tp, tp, 1638
x4 <- 0x66666666


mem[X,0x800009C0] -> 0x0493
mem[X,0x800009C2] -> 0x0040
[168] [M]: 0x800009C0 (0x00400493) addi s1, zero, 4
x9 <- 0x00000004


mem[X,0x800009C4] -> 0x0A93
mem[X,0x800009C6] -> 0x0000
[169] [M]: 0x800009C4 (0x00000A93) addi s5, zero, 0
x21 <- 0x00000000


mem[X,0x800009C8] -> 0x006F
mem[X,0x800009CA] -> 0x2B10
[170] [M]: 0x800009C8 (0x2B10006F) jal zero, 2736


mem[X,0x80001478] -> 0x1A63
mem[X,0x8000147A] -> 0xD492
[171] [M]: 0x80001478 (0xD4921A63) bne tp, s1, 5460


mem[X,0x800009CC] -> 0x8A93
mem[X,0x800009CE] -> 0x001A
[172] [M]: 0x800009CC (0x001A8A93) addi s5, s5, 1
x21 <- 0x00000001


mem[X,0x800009D0] -> 0x006F
mem[X,0x800009D2] -> 0x2BD0
[173] [M]: 0x800009D0 (0x2BD0006F) jal zero, 2748


mem[X,0x8000148C] -> 0xA423
mem[X,0x8000148E] -> 0x0352
[174] [M]: 0x8000148C (0x0352A423) sw s5, 40(t0)
mem[0x8003A13C] <- 0x00000001


mem[X,0x80001490] -> 0x5437
mem[X,0x80001492] -> 0x5555
[175] [M]: 0x80001490 (0x55555437) lui fp, 349525
x8 <- 0x55555000


mem[X,0x80001494] -> 0x0413
mem[X,0x80001496] -> 0x5554
[176] [M]: 0x80001494 (0x55540413) addi fp, fp, 1365
x8 <- 0x55555555


mem[X,0x80001498] -> 0x0593
mem[X,0x8000149A] -> 0x0080
[177] [M]: 0x80001498 (0x00800593) addi a1, zero, 8
x11 <- 0x00000008


mem[X,0x8000149C] -> 0x0A93
mem[X,0x8000149E] -> 0x0000
[178] [M]: 0x8000149C (0x00000A93) addi s5, zero, 0
x21 <- 0x00000000


mem[X,0x800014A0] -> 0x006F
mem[X,0x800014A2] -> 0x00C0
[179] [M]: 0x800014A0 (0x00C0006F) jal zero, 12


mem[X,0x800014AC] -> 0x1663
mem[X,0x800014AE] -> 0x00B4
[180] [M]: 0x800014AC (0x00B41663) bne fp, a1, 12


mem[X,0x800014B8] -> 0x8A93
mem[X,0x800014BA] -> 0x003A
[181] [M]: 0x800014B8 (0x003A8A93) addi s5, s5, 3
x21 <- 0x00000003


mem[X,0x800014BC] -> 0x006F
mem[X,0x800014BE] -> 0x0040
[182] [M]: 0x800014BC (0x0040006F) jal zero, 4


mem[X,0x800014C0] -> 0xA623
mem[X,0x800014C2] -> 0x0352
[183] [M]: 0x800014C0 (0x0352A623) sw s5, 44(t0)
mem[0x8003A140] <- 0x00000003


mem[X,0x800014C4] -> 0x0E37
mem[X,0x800014C6] -> 0xFFFF
[184] [M]: 0x800014C4 (0xFFFF0E37) lui t3, 1048560
x28 <- 0xFFFF0000


mem[X,0x800014C8] -> 0x0E13
mem[X,0x800014CA] -> 0xFFFE
[185] [M]: 0x800014C8 (0xFFFE0E13) addi t3, t3, 4095
x28 <- 0xFFFEFFFF


mem[X,0x800014CC] -> 0x0713
mem[X,0x800014CE] -> 0x0100
[186] [M]: 0x800014CC (0x01000713) addi a4, zero, 16
x14 <- 0x00000010


mem[X,0x800014D0] -> 0x0A93
mem[X,0x800014D2] -> 0x0000
[187] [M]: 0x800014D0 (0x00000A93) addi s5, zero, 0
x21 <- 0x00000000


mem[X,0x800014D4] -> 0x006F
mem[X,0x800014D6] -> 0x0180
[188] [M]: 0x800014D4 (0x0180006F) jal zero, 24


mem[X,0x800014EC] -> 0x16E3
mem[X,0x800014EE] -> 0xFEEE
[189] [M]: 0x800014EC (0xFEEE16E3) bne t3, a4, 8172


mem[X,0x800014D8] -> 0x8A93
mem[X,0x800014DA] -> 0x001A
[190] [M]: 0x800014D8 (0x001A8A93) addi s5, s5, 1
x21 <- 0x00000001


mem[X,0x800014DC] -> 0x006F
mem[X,0x800014DE] -> 0x0240
[191] [M]: 0x800014DC (0x0240006F) jal zero, 36


mem[X,0x80001500] -> 0xA823
mem[X,0x80001502] -> 0x0352
[192] [M]: 0x80001500 (0x0352A823) sw s5, 48(t0)
mem[0x8003A144] <- 0x00000001


mem[X,0x80001504] -> 0x0A13
mem[X,0x80001506] -> 0x0010
[193] [M]: 0x80001504 (0x00100A13) addi s4, zero, 1
x20 <- 0x00000001


mem[X,0x80001508] -> 0x0E93
mem[X,0x8000150A] -> 0x0200
[194] [M]: 0x80001508 (0x02000E93) addi t4, zero, 32
x29 <- 0x00000020


mem[X,0x8000150C] -> 0x0A93
mem[X,0x8000150E] -> 0x0000
[195] [M]: 0x8000150C (0x00000A93) addi s5, zero, 0
x21 <- 0x00000000


mem[X,0x80001510] -> 0x006F
mem[X,0x80001512] -> 0x0180
[196] [M]: 0x80001510 (0x0180006F) jal zero, 24


mem[X,0x80001528] -> 0x16E3
mem[X,0x8000152A] -> 0xFFDA
[197] [M]: 0x80001528 (0xFFDA16E3) bne s4, t4, 8172


mem[X,0x80001514] -> 0x8A93
mem[X,0x80001516] -> 0x001A
[198] [M]: 0x80001514 (0x001A8A93) addi s5, s5, 1
x21 <- 0x00000001


mem[X,0x80001518] -> 0x006F
mem[X,0x8000151A] -> 0x0240
[199] [M]: 0x80001518 (0x0240006F) jal zero, 36


clint::tick mtime <- 0x0000000000000002
 clint timer pending at mtime 0x0000000000000002
htif::tick 0x0000000000000000
mem[X,0x8000153C] -> 0xAA23
mem[X,0x8000153E] -> 0x0352
[200] [M]: 0x8000153C (0x0352AA23) sw s5, 52(t0)
mem[0x8003A148] <- 0x00000001


mem[X,0x80001540] -> 0xFCB7
mem[X,0x80001542] -> 0xFFFF
[201] [M]: 0x80001540 (0xFFFFFCB7) lui s9, 1048575
x25 <- 0xFFFFF000


mem[X,0x80001544] -> 0x8C93
mem[X,0x80001546] -> 0x7FFC
[202] [M]: 0x80001544 (0x7FFC8C93) addi s9, s9, 2047
x25 <- 0xFFFFF7FF


mem[X,0x80001548] -> 0x0693
mem[X,0x8000154A] -> 0x0400
[203] [M]: 0x80001548 (0x04000693) addi a3, zero, 64
x13 <- 0x00000040


mem[X,0x8000154C] -> 0x0A93
mem[X,0x8000154E] -> 0x0000
[204] [M]: 0x8000154C (0x00000A93) addi s5, zero, 0
x21 <- 0x00000000


mem[X,0x80001550] -> 0x006F
mem[X,0x80001552] -> 0x2B10
[205] [M]: 0x80001550 (0x2B10006F) jal zero, 2736


mem[X,0x80002000] -> 0x9A63
mem[X,0x80002002] -> 0xD4DC
[206] [M]: 0x80002000 (0xD4DC9A63) bne s9, a3, 5460


mem[X,0x80001554] -> 0x8A93
mem[X,0x80001556] -> 0x001A
[207] [M]: 0x80001554 (0x001A8A93) addi s5, s5, 1
x21 <- 0x00000001


mem[X,0x80001558] -> 0x006F
mem[X,0x8000155A] -> 0x2BD0
[208] [M]: 0x80001558 (0x2BD0006F) jal zero, 2748


mem[X,0x80002014] -> 0xAC23
mem[X,0x80002016] -> 0x0352
[209] [M]: 0x80002014 (0x0352AC23) sw s5, 56(t0)
mem[0x8003A14C] <- 0x00000001


mem[X,0x80002018] -> 0x0337
mem[X,0x8000201A] -> 0x0100
[210] [M]: 0x80002018 (0x01000337) lui t1, 4096
x6 <- 0x01000000


mem[X,0x8000201C] -> 0x0893
mem[X,0x8000201E] -> 0x0800
[211] [M]: 0x8000201C (0x08000893) addi a7, zero, 128
x17 <- 0x00000080


mem[X,0x80002020] -> 0x0A93
mem[X,0x80002022] -> 0x0000
[212] [M]: 0x80002020 (0x00000A93) addi s5, zero, 0
x21 <- 0x00000000


mem[X,0x80002024] -> 0x006F
mem[X,0x80002026] -> 0x00C0
[213] [M]: 0x80002024 (0x00C0006F) jal zero, 12


mem[X,0x80002030] -> 0x1063
mem[X,0x80002032] -> 0x2113
[214] [M]: 0x80002030 (0x21131063) bne t1, a7, 512


mem[X,0x80002230] -> 0x8A93
mem[X,0x80002232] -> 0x003A
[215] [M]: 0x80002230 (0x003A8A93) addi s5, s5, 3
x21 <- 0x00000003


mem[X,0x80002234] -> 0x006F
mem[X,0x80002236] -> 0x0040
[216] [M]: 0x80002234 (0x0040006F) jal zero, 4


mem[X,0x80002238] -> 0xAE23
mem[X,0x8000223A] -> 0x0352
[217] [M]: 0x80002238 (0x0352AE23) sw s5, 60(t0)
mem[0x8003A150] <- 0x00000003


mem[X,0x8000223C] -> 0x0513
mem[X,0x8000223E] -> 0x0000
[218] [M]: 0x8000223C (0x00000513) addi a0, zero, 0
x10 <- 0x00000000


mem[X,0x80002240] -> 0x0393
mem[X,0x80002242] -> 0x1000
[219] [M]: 0x80002240 (0x10000393) addi t2, zero, 256
x7 <- 0x00000100


mem[X,0x80002244] -> 0x0A93
mem[X,0x80002246] -> 0x0000
[220] [M]: 0x80002244 (0x00000A93) addi s5, zero, 0
x21 <- 0x00000000


mem[X,0x80002248] -> 0x006F
mem[X,0x8000224A] -> 0x00C0
[221] [M]: 0x80002248 (0x00C0006F) jal zero, 12


mem[X,0x80002254] -> 0x1663
mem[X,0x80002256] -> 0x0075
[222] [M]: 0x80002254 (0x00751663) bne a0, t2, 12


mem[X,0x80002260] -> 0x8A93
mem[X,0x80002262] -> 0x003A
[223] [M]: 0x80002260 (0x003A8A93) addi s5, s5, 3
x21 <- 0x00000003


mem[X,0x80002264] -> 0x006F
mem[X,0x80002266] -> 0x0040
[224] [M]: 0x80002264 (0x0040006F) jal zero, 4


mem[X,0x80002268] -> 0xA023
mem[X,0x8000226A] -> 0x0552
[225] [M]: 0x80002268 (0x0552A023) sw s5, 64(t0)
mem[0x8003A154] <- 0x00000003


mem[X,0x8000226C] -> 0x01B7
mem[X,0x8000226E] -> 0xFFC0
[226] [M]: 0x8000226C (0xFFC001B7) lui gp, 1047552
x3 <- 0xFFC00000


mem[X,0x80002270] -> 0x8193
mem[X,0x80002272] -> 0xFFF1
[227] [M]: 0x80002270 (0xFFF18193) addi gp, gp, 4095
x3 <- 0xFFBFFFFF


mem[X,0x80002274] -> 0x0C13
mem[X,0x80002276] -> 0x2000
[228] [M]: 0x80002274 (0x20000C13) addi s8, zero, 512
x24 <- 0x00000200


mem[X,0x80002278] -> 0x0A93
mem[X,0x8000227A] -> 0x0000
[229] [M]: 0x80002278 (0x00000A93) addi s5, zero, 0
x21 <- 0x00000000


mem[X,0x8000227C] -> 0x006F
mem[X,0x8000227E] -> 0x00C0
[230] [M]: 0x8000227C (0x00C0006F) jal zero, 12


mem[X,0x80002288] -> 0x9063
mem[X,0x8000228A] -> 0x4181
[231] [M]: 0x80002288 (0x41819063) bne gp, s8, 1024


mem[X,0x80002688] -> 0x8A93
mem[X,0x8000268A] -> 0x003A
[232] [M]: 0x80002688 (0x003A8A93) addi s5, s5, 3
x21 <- 0x00000003


mem[X,0x8000268C] -> 0x006F
mem[X,0x8000268E] -> 0x0040
[233] [M]: 0x8000268C (0x0040006F) jal zero, 4


mem[X,0x80002690] -> 0xA223
mem[X,0x80002692] -> 0x0552
[234] [M]: 0x80002690 (0x0552A223) sw s5, 68(t0)
mem[0x8003A158] <- 0x00000003


mem[X,0x80002694] -> 0x0013
mem[X,0x80002696] -> 0x0000
[235] [M]: 0x80002694 (0x00000013) addi zero, zero, 0


mem[X,0x80002698] -> 0x0793
mem[X,0x8000269A] -> 0x4000
[236] [M]: 0x80002698 (0x40000793) addi a5, zero, 1024
x15 <- 0x00000400


mem[X,0x8000269C] -> 0x0A93
mem[X,0x8000269E] -> 0x0000
[237] [M]: 0x8000269C (0x00000A93) addi s5, zero, 0
x21 <- 0x00000000


mem[X,0x800026A0] -> 0x006F
mem[X,0x800026A2] -> 0x00C0
[238] [M]: 0x800026A0 (0x00C0006F) jal zero, 12


mem[X,0x800026AC] -> 0x1CE3
mem[X,0x800026AE] -> 0xFEF0
[239] [M]: 0x800026AC (0xFEF01CE3) bne zero, a5, 8184


mem[X,0x800026A4] -> 0x8A93
mem[X,0x800026A6] -> 0x001A
[240] [M]: 0x800026A4 (0x001A8A93) addi s5, s5, 1
x21 <- 0x00000001


mem[X,0x800026A8] -> 0x006F
mem[X,0x800026AA] -> 0x0180
[241] [M]: 0x800026A8 (0x0180006F) jal zero, 24


mem[X,0x800026C0] -> 0xA423
mem[X,0x800026C2] -> 0x0552
[242] [M]: 0x800026C0 (0x0552A423) sw s5, 72(t0)
mem[0x8003A15C] <- 0x00000001


mem[X,0x800026C4] -> 0x6137
mem[X,0x800026C6] -> 0x6666
[243] [M]: 0x800026C4 (0x66666137) lui sp, 419430
x2 <- 0x66666000


mem[X,0x800026C8] -> 0x0113
mem[X,0x800026CA] -> 0x6671
[244] [M]: 0x800026C8 (0x66710113) addi sp, sp, 1639
x2 <- 0x66666667


mem[X,0x800026CC] -> 0x1937
mem[X,0x800026CE] -> 0x0000
[245] [M]: 0x800026CC (0x00001937) lui s2, 1
x18 <- 0x00001000


mem[X,0x800026D0] -> 0x0913
mem[X,0x800026D2] -> 0x8009
[246] [M]: 0x800026D0 (0x80090913) addi s2, s2, 2048
x18 <- 0x00000800


mem[X,0x800026D4] -> 0x0A93
mem[X,0x800026D6] -> 0x0000
[247] [M]: 0x800026D4 (0x00000A93) addi s5, zero, 0
x21 <- 0x00000000


mem[X,0x800026D8] -> 0x006F
mem[X,0x800026DA] -> 0x00C0
[248] [M]: 0x800026D8 (0x00C0006F) jal zero, 12


mem[X,0x800026E4] -> 0x1063
mem[X,0x800026E6] -> 0x4121
[249] [M]: 0x800026E4 (0x41211063) bne sp, s2, 1024


mem[X,0x80002AE4] -> 0x8A93
mem[X,0x80002AE6] -> 0x003A
[250] [M]: 0x80002AE4 (0x003A8A93) addi s5, s5, 3
x21 <- 0x00000003


mem[X,0x80002AE8] -> 0x006F
mem[X,0x80002AEA] -> 0x0040
[251] [M]: 0x80002AE8 (0x0040006F) jal zero, 4


mem[X,0x80002AEC] -> 0xA623
mem[X,0x80002AEE] -> 0x0552
[252] [M]: 0x80002AEC (0x0552A623) sw s5, 76(t0)
mem[0x8003A160] <- 0x00000003


mem[X,0x80002AF0] -> 0x0B13
mem[X,0x80002AF2] -> 0xFF60
[253] [M]: 0x80002AF0 (0xFF600B13) addi s6, zero, 4086
x22 <- 0xFFFFFFF6


mem[X,0x80002AF4] -> 0x1FB7
mem[X,0x80002AF6] -> 0x0000
[254] [M]: 0x80002AF4 (0x00001FB7) lui t6, 1
x31 <- 0x00001000


mem[X,0x80002AF8] -> 0x0213
mem[X,0x80002AFA] -> 0x0000
[255] [M]: 0x80002AF8 (0x00000213) addi tp, zero, 0
x4 <- 0x00000000


mem[X,0x80002AFC] -> 0x006F
mem[X,0x80002AFE] -> 0x00C0
[256] [M]: 0x80002AFC (0x00C0006F) jal zero, 12


mem[X,0x80002B08] -> 0x1663
mem[X,0x80002B0A] -> 0x01FB
[257] [M]: 0x80002B08 (0x01FB1663) bne s6, t6, 12


mem[X,0x80002B14] -> 0x0213
mem[X,0x80002B16] -> 0x0032
[258] [M]: 0x80002B14 (0x00320213) addi tp, tp, 3
x4 <- 0x00000003


mem[X,0x80002B18] -> 0x006F
mem[X,0x80002B1A] -> 0x0040
[259] [M]: 0x80002B18 (0x0040006F) jal zero, 4


mem[X,0x80002B1C] -> 0xA823
mem[X,0x80002B1E] -> 0x0442
[260] [M]: 0x80002B1C (0x0442A823) sw tp, 80(t0)
mem[0x8003A164] <- 0x00000003


mem[X,0x80002B20] -> 0x7097
mem[X,0x80002B22] -> 0x0003
[261] [M]: 0x80002B20 (0x00037097) auipc ra, 55
x1 <- 0x80039B20


mem[X,0x80002B24] -> 0x8093
mem[X,0x80002B26] -> 0x6480
[262] [M]: 0x80002B24 (0x64808093) addi ra, ra, 1608
x1 <- 0x8003A168


mem[X,0x80002B28] -> 0x0013
mem[X,0x80002B2A] -> 0x0000
[263] [M]: 0x80002B28 (0x00000013) addi zero, zero, 0


mem[X,0x80002B2C] -> 0x0013
mem[X,0x80002B2E] -> 0x0000
[264] [M]: 0x80002B2C (0x00000013) addi zero, zero, 0


mem[X,0x80002B30] -> 0x0013
mem[X,0x80002B32] -> 0x0000
[265] [M]: 0x80002B30 (0x00000013) addi zero, zero, 0


mem[X,0x80002B34] -> 0x0013
mem[X,0x80002B36] -> 0x0000
[266] [M]: 0x80002B34 (0x00000013) addi zero, zero, 0


mem[X,0x80002B38] -> 0x0013
mem[X,0x80002B3A] -> 0x0000
[267] [M]: 0x80002B38 (0x00000013) addi zero, zero, 0


mem[X,0x80002B3C] -> 0x0013
mem[X,0x80002B3E] -> 0x0000
[268] [M]: 0x80002B3C (0x00000013) addi zero, zero, 0


mem[X,0x80002B40] -> 0x4D37
mem[X,0x80002B42] -> 0x0000
[269] [M]: 0x80002B40 (0x00004D37) lui s10, 4
x26 <- 0x00004000


mem[X,0x80002B44] -> 0x2F37
mem[X,0x80002B46] -> 0x0000
[270] [M]: 0x80002B44 (0x00002F37) lui t5, 2
x30 <- 0x00002000


mem[X,0x80002B48] -> 0x0213
mem[X,0x80002B4A] -> 0x0000
[271] [M]: 0x80002B48 (0x00000213) addi tp, zero, 0
x4 <- 0x00000000


mem[X,0x80002B4C] -> 0x006F
mem[X,0x80002B4E] -> 0x00C0
[272] [M]: 0x80002B4C (0x00C0006F) jal zero, 12


mem[X,0x80002B58] -> 0x1663
mem[X,0x80002B5A] -> 0x01ED
[273] [M]: 0x80002B58 (0x01ED1663) bne s10, t5, 12


mem[X,0x80002B64] -> 0x0213
mem[X,0x80002B66] -> 0x0032
[274] [M]: 0x80002B64 (0x00320213) addi tp, tp, 3
x4 <- 0x00000003


mem[X,0x80002B68] -> 0x006F
mem[X,0x80002B6A] -> 0x0040
[275] [M]: 0x80002B68 (0x0040006F) jal zero, 4


mem[X,0x80002B6C] -> 0xA023
mem[X,0x80002B6E] -> 0x0040
[276] [M]: 0x80002B6C (0x0040A023) sw tp, 0(ra)
mem[0x8003A168] <- 0x00000003


mem[X,0x80002B70] -> 0x0D93
mem[X,0x80002B72] -> 0xFEF0
[277] [M]: 0x80002B70 (0xFEF00D93) addi s11, zero, 4079
x27 <- 0xFFFFFFEF


mem[X,0x80002B74] -> 0x4A37
mem[X,0x80002B76] -> 0x0000
[278] [M]: 0x80002B74 (0x00004A37) lui s4, 4
x20 <- 0x00004000


mem[X,0x80002B78] -> 0x0213
mem[X,0x80002B7A] -> 0x0000
[279] [M]: 0x80002B78 (0x00000213) addi tp, zero, 0
x4 <- 0x00000000


mem[X,0x80002B7C] -> 0x006F
mem[X,0x80002B7E] -> 0x00C0
[280] [M]: 0x80002B7C (0x00C0006F) jal zero, 12


mem[X,0x80002B88] -> 0x9863
mem[X,0x80002B8A] -> 0x014D
[281] [M]: 0x80002B88 (0x014D9863) bne s11, s4, 16


mem[X,0x80002B98] -> 0x0213
mem[X,0x80002B9A] -> 0x0032
[282] [M]: 0x80002B98 (0x00320213) addi tp, tp, 3
x4 <- 0x00000003


mem[X,0x80002B9C] -> 0x006F
mem[X,0x80002B9E] -> 0x0040
[283] [M]: 0x80002B9C (0x0040006F) jal zero, 4


mem[X,0x80002BA0] -> 0xA223
mem[X,0x80002BA2] -> 0x0040
[284] [M]: 0x80002BA0 (0x0040A223) sw tp, 4(ra)
mem[0x8003A16C] <- 0x00000003


mem[X,0x80002BA4] -> 0x05B7
mem[X,0x80002BA6] -> 0x0400
[285] [M]: 0x80002BA4 (0x040005B7) lui a1, 16384
x11 <- 0x04000000


mem[X,0x80002BA8] -> 0x8637
mem[X,0x80002BAA] -> 0x0000
[286] [M]: 0x80002BA8 (0x00008637) lui a2, 8
x12 <- 0x00008000


mem[X,0x80002BAC] -> 0x0213
mem[X,0x80002BAE] -> 0x0000
[287] [M]: 0x80002BAC (0x00000213) addi tp, zero, 0
x4 <- 0x00000000


mem[X,0x80002BB0] -> 0x006F
mem[X,0x80002BB2] -> 0x00C0
[288] [M]: 0x80002BB0 (0x00C0006F) jal zero, 12


mem[X,0x80002BBC] -> 0x9063
mem[X,0x80002BBE] -> 0x40C5
[289] [M]: 0x80002BBC (0x40C59063) bne a1, a2, 1024


mem[X,0x80002FBC] -> 0x0213
mem[X,0x80002FBE] -> 0x0032
[290] [M]: 0x80002FBC (0x00320213) addi tp, tp, 3
x4 <- 0x00000003


mem[X,0x80002FC0] -> 0x006F
mem[X,0x80002FC2] -> 0x0040
[291] [M]: 0x80002FC0 (0x0040006F) jal zero, 4


mem[X,0x80002FC4] -> 0xA423
mem[X,0x80002FC6] -> 0x0040
[292] [M]: 0x80002FC4 (0x0040A423) sw tp, 8(ra)
mem[0x8003A170] <- 0x00000003


mem[X,0x80002FC8] -> 0x0AB7
mem[X,0x80002FCA] -> 0x0800
[293] [M]: 0x80002FC8 (0x08000AB7) lui s5, 32768
x21 <- 0x08000000


mem[X,0x80002FCC] -> 0x0337
mem[X,0x80002FCE] -> 0x0001
[294] [M]: 0x80002FCC (0x00010337) lui t1, 16
x6 <- 0x00010000


mem[X,0x80002FD0] -> 0x0213
mem[X,0x80002FD2] -> 0x0000
[295] [M]: 0x80002FD0 (0x00000213) addi tp, zero, 0
x4 <- 0x00000000


mem[X,0x80002FD4] -> 0x006F
mem[X,0x80002FD6] -> 0x00C0
[296] [M]: 0x80002FD4 (0x00C0006F) jal zero, 12


mem[X,0x80002FE0] -> 0x9063
mem[X,0x80002FE2] -> 0x106A
[297] [M]: 0x80002FE0 (0x106A9063) bne s5, t1, 256


mem[X,0x800030E0] -> 0x0213
mem[X,0x800030E2] -> 0x0032
[298] [M]: 0x800030E0 (0x00320213) addi tp, tp, 3
x4 <- 0x00000003


mem[X,0x800030E4] -> 0x006F
mem[X,0x800030E6] -> 0x0040
[299] [M]: 0x800030E4 (0x0040006F) jal zero, 4


clint::tick mtime <- 0x0000000000000003
 clint timer pending at mtime 0x0000000000000003
htif::tick 0x0000000000000000
mem[X,0x800030E8] -> 0xA623
mem[X,0x800030EA] -> 0x0040
[300] [M]: 0x800030E8 (0x0040A623) sw tp, 12(ra)
mem[0x8003A174] <- 0x00000003


mem[X,0x800030EC] -> 0x0F37
mem[X,0x800030EE] -> 0xFFE0
[301] [M]: 0x800030EC (0xFFE00F37) lui t5, 1048064
x30 <- 0xFFE00000


mem[X,0x800030F0] -> 0x0F13
mem[X,0x800030F2] -> 0xFFFF
[302] [M]: 0x800030F0 (0xFFFF0F13) addi t5, t5, 4095
x30 <- 0xFFDFFFFF


mem[X,0x800030F4] -> 0x0E37
mem[X,0x800030F6] -> 0x0002
[303] [M]: 0x800030F4 (0x00020E37) lui t3, 32
x28 <- 0x00020000


mem[X,0x800030F8] -> 0x0213
mem[X,0x800030FA] -> 0x0000
[304] [M]: 0x800030F8 (0x00000213) addi tp, zero, 0
x4 <- 0x00000000


mem[X,0x800030FC] -> 0x006F
mem[X,0x800030FE] -> 0x00C0
[305] [M]: 0x800030FC (0x00C0006F) jal zero, 12


mem[X,0x80003108] -> 0x1CE3
mem[X,0x8000310A] -> 0xFFCF
[306] [M]: 0x80003108 (0xFFCF1CE3) bne t5, t3, 8184


mem[X,0x80003100] -> 0x0213
mem[X,0x80003102] -> 0x0012
[307] [M]: 0x80003100 (0x00120213) addi tp, tp, 1
x4 <- 0x00000001


mem[X,0x80003104] -> 0x006F
mem[X,0x80003106] -> 0x0180
[308] [M]: 0x80003104 (0x0180006F) jal zero, 24


mem[X,0x8000311C] -> 0xA823
mem[X,0x8000311E] -> 0x0040
[309] [M]: 0x8000311C (0x0040A823) sw tp, 16(ra)
mem[0x8003A178] <- 0x00000001


mem[X,0x80003120] -> 0x07B7
mem[X,0x80003122] -> 0x1000
[310] [M]: 0x80003120 (0x100007B7) lui a5, 65536
x15 <- 0x10000000


mem[X,0x80003124] -> 0x0AB7
mem[X,0x80003126] -> 0x0004
[311] [M]: 0x80003124 (0x00040AB7) lui s5, 64
x21 <- 0x00040000


mem[X,0x80003128] -> 0x0213
mem[X,0x8000312A] -> 0x0000
[312] [M]: 0x80003128 (0x00000213) addi tp, zero, 0
x4 <- 0x00000000


mem[X,0x8000312C] -> 0x006F
mem[X,0x8000312E] -> 0x00C0
[313] [M]: 0x8000312C (0x00C0006F) jal zero, 12


mem[X,0x80003138] -> 0x9663
mem[X,0x8000313A] -> 0x0157
[314] [M]: 0x80003138 (0x01579663) bne a5, s5, 12


mem[X,0x80003144] -> 0x0213
mem[X,0x80003146] -> 0x0032
[315] [M]: 0x80003144 (0x00320213) addi tp, tp, 3
x4 <- 0x00000003


mem[X,0x80003148] -> 0x006F
mem[X,0x8000314A] -> 0x0040
[316] [M]: 0x80003148 (0x0040006F) jal zero, 4


mem[X,0x8000314C] -> 0xAA23
mem[X,0x8000314E] -> 0x0040
[317] [M]: 0x8000314C (0x0040AA23) sw tp, 20(ra)
mem[0x8003A17C] <- 0x00000003


mem[X,0x80003150] -> 0xBEB7
mem[X,0x80003152] -> 0x0000
[318] [M]: 0x80003150 (0x0000BEB7) lui t4, 11
x29 <- 0x0000B000


mem[X,0x80003154] -> 0x8E93
mem[X,0x80003156] -> 0x503E
[319] [M]: 0x80003154 (0x503E8E93) addi t4, t4, 1283
x29 <- 0x0000B503


mem[X,0x80003158] -> 0x0BB7
mem[X,0x8000315A] -> 0x0008
[320] [M]: 0x80003158 (0x00080BB7) lui s7, 128
x23 <- 0x00080000


mem[X,0x8000315C] -> 0x0213
mem[X,0x8000315E] -> 0x0000
[321] [M]: 0x8000315C (0x00000213) addi tp, zero, 0
x4 <- 0x00000000


mem[X,0x80003160] -> 0x006F
mem[X,0x80003162] -> 0x00C0
[322] [M]: 0x80003160 (0x00C0006F) jal zero, 12


mem[X,0x8000316C] -> 0x9663
mem[X,0x8000316E] -> 0x017E
[323] [M]: 0x8000316C (0x017E9663) bne t4, s7, 12


mem[X,0x80003178] -> 0x0213
mem[X,0x8000317A] -> 0x0032
[324] [M]: 0x80003178 (0x00320213) addi tp, tp, 3
x4 <- 0x00000003


mem[X,0x8000317C] -> 0x006F
mem[X,0x8000317E] -> 0x0040
[325] [M]: 0x8000317C (0x0040006F) jal zero, 4


mem[X,0x80003180] -> 0xAC23
mem[X,0x80003182] -> 0x0040
[326] [M]: 0x80003180 (0x0040AC23) sw tp, 24(ra)
mem[0x8003A180] <- 0x00000003


mem[X,0x80003184] -> 0xB8B7
mem[X,0x80003186] -> 0xAAAA
[327] [M]: 0x80003184 (0xAAAAB8B7) lui a7, 699051
x17 <- 0xAAAAB000


mem[X,0x80003188] -> 0x8893
mem[X,0x8000318A] -> 0xAAA8
[328] [M]: 0x80003188 (0xAAA88893) addi a7, a7, 2730
x17 <- 0xAAAAAAAA


mem[X,0x8000318C] -> 0x09B7
mem[X,0x8000318E] -> 0x0020
[329] [M]: 0x8000318C (0x002009B7) lui s3, 512
x19 <- 0x00200000


mem[X,0x80003190] -> 0x0213
mem[X,0x80003192] -> 0x0000
[330] [M]: 0x80003190 (0x00000213) addi tp, zero, 0
x4 <- 0x00000000


mem[X,0x80003194] -> 0x006F
mem[X,0x80003196] -> 0x00C0
[331] [M]: 0x80003194 (0x00C0006F) jal zero, 12


mem[X,0x800031A0] -> 0x9663
mem[X,0x800031A2] -> 0x0138
[332] [M]: 0x800031A0 (0x01389663) bne a7, s3, 12


mem[X,0x800031AC] -> 0x0213
mem[X,0x800031AE] -> 0x0032
[333] [M]: 0x800031AC (0x00320213) addi tp, tp, 3
x4 <- 0x00000003


mem[X,0x800031B0] -> 0x006F
mem[X,0x800031B2] -> 0x0040
[334] [M]: 0x800031B0 (0x0040006F) jal zero, 4


mem[X,0x800031B4] -> 0xAE23
mem[X,0x800031B6] -> 0x0040
[335] [M]: 0x800031B4 (0x0040AE23) sw tp, 28(ra)
mem[0x8003A184] <- 0x00000003


mem[X,0x800031B8] -> 0x0913
mem[X,0x800031BA] -> 0xBFF0
[336] [M]: 0x800031B8 (0xBFF00913) addi s2, zero, 3071
x18 <- 0xFFFFFBFF


mem[X,0x800031BC] -> 0x02B7
mem[X,0x800031BE] -> 0x0040
[337] [M]: 0x800031BC (0x004002B7) lui t0, 1024
x5 <- 0x00400000


mem[X,0x800031C0] -> 0x0213
mem[X,0x800031C2] -> 0x0000
[338] [M]: 0x800031C0 (0x00000213) addi tp, zero, 0
x4 <- 0x00000000


mem[X,0x800031C4] -> 0x006F
mem[X,0x800031C6] -> 0x0100
[339] [M]: 0x800031C4 (0x0100006F) jal zero, 16


mem[X,0x800031D4] -> 0x1AE3
mem[X,0x800031D6] -> 0xFE59
[340] [M]: 0x800031D4 (0xFE591AE3) bne s2, t0, 8180


mem[X,0x800031C8] -> 0x0213
mem[X,0x800031CA] -> 0x0012
[341] [M]: 0x800031C8 (0x00120213) addi tp, tp, 1
x4 <- 0x00000001


mem[X,0x800031CC] -> 0x006F
mem[X,0x800031CE] -> 0x01C0
[342] [M]: 0x800031CC (0x01C0006F) jal zero, 28


mem[X,0x800031E8] -> 0xA023
mem[X,0x800031EA] -> 0x0240
[343] [M]: 0x800031E8 (0x0240A023) sw tp, 32(ra)
mem[0x8003A188] <- 0x00000001


mem[X,0x800031EC] -> 0x0F93
mem[X,0x800031EE] -> 0x0200
[344] [M]: 0x800031EC (0x02000F93) addi t6, zero, 32
x31 <- 0x00000020


mem[X,0x800031F0] -> 0x01B7
mem[X,0x800031F2] -> 0x0080
[345] [M]: 0x800031F0 (0x008001B7) lui gp, 2048
x3 <- 0x00800000


mem[X,0x800031F4] -> 0x0213
mem[X,0x800031F6] -> 0x0000
[346] [M]: 0x800031F4 (0x00000213) addi tp, zero, 0
x4 <- 0x00000000


mem[X,0x800031F8] -> 0x006F
mem[X,0x800031FA] -> 0x00C0
[347] [M]: 0x800031F8 (0x00C0006F) jal zero, 12


mem[X,0x80003204] -> 0x9CE3
mem[X,0x80003206] -> 0xFE3F
[348] [M]: 0x80003204 (0xFE3F9CE3) bne t6, gp, 8184


mem[X,0x800031FC] -> 0x0213
mem[X,0x800031FE] -> 0x0012
[349] [M]: 0x800031FC (0x00120213) addi tp, tp, 1
x4 <- 0x00000001


mem[X,0x80003200] -> 0x006F
mem[X,0x80003202] -> 0x0180
[350] [M]: 0x80003200 (0x0180006F) jal zero, 24


mem[X,0x80003218] -> 0xA223
mem[X,0x8000321A] -> 0x0240
[351] [M]: 0x80003218 (0x0240A223) sw tp, 36(ra)
mem[0x8003A18C] <- 0x00000001


mem[X,0x8000321C] -> 0x02B7
mem[X,0x8000321E] -> 0xF000
[352] [M]: 0x8000321C (0xF00002B7) lui t0, 983040
x5 <- 0xF0000000


mem[X,0x80003220] -> 0x8293
mem[X,0x80003222] -> 0xFFF2
[353] [M]: 0x80003220 (0xFFF28293) addi t0, t0, 4095
x5 <- 0xEFFFFFFF


mem[X,0x80003224] -> 0x0137
mem[X,0x80003226] -> 0x0100
[354] [M]: 0x80003224 (0x01000137) lui sp, 4096
x2 <- 0x01000000


mem[X,0x80003228] -> 0x0213
mem[X,0x8000322A] -> 0x0000
[355] [M]: 0x80003228 (0x00000213) addi tp, zero, 0
x4 <- 0x00000000


mem[X,0x8000322C] -> 0x006F
mem[X,0x8000322E] -> 0x00C0
[356] [M]: 0x8000322C (0x00C0006F) jal zero, 12


mem[X,0x80003238] -> 0x9CE3
mem[X,0x8000323A] -> 0xFE22
[357] [M]: 0x80003238 (0xFE229CE3) bne t0, sp, 8184


mem[X,0x80003230] -> 0x0213
mem[X,0x80003232] -> 0x0012
[358] [M]: 0x80003230 (0x00120213) addi tp, tp, 1
x4 <- 0x00000001


mem[X,0x80003234] -> 0x006F
mem[X,0x80003236] -> 0x0180
[359] [M]: 0x80003234 (0x0180006F) jal zero, 24


mem[X,0x8000324C] -> 0xA423
mem[X,0x8000324E] -> 0x0240
[360] [M]: 0x8000324C (0x0240A423) sw tp, 40(ra)
mem[0x8003A190] <- 0x00000001


mem[X,0x80003250] -> 0x0513
mem[X,0x80003252] -> 0xFF90
[361] [M]: 0x80003250 (0xFF900513) addi a0, zero, 4089
x10 <- 0xFFFFFFF9


mem[X,0x80003254] -> 0x05B7
mem[X,0x80003256] -> 0x0400
[362] [M]: 0x80003254 (0x040005B7) lui a1, 16384
x11 <- 0x04000000


mem[X,0x80003258] -> 0x0213
mem[X,0x8000325A] -> 0x0000
[363] [M]: 0x80003258 (0x00000213) addi tp, zero, 0
x4 <- 0x00000000


mem[X,0x8000325C] -> 0x006F
mem[X,0x8000325E] -> 0x0100
[364] [M]: 0x8000325C (0x0100006F) jal zero, 16


mem[X,0x8000326C] -> 0x1AE3
mem[X,0x8000326E] -> 0xFEB5
[365] [M]: 0x8000326C (0xFEB51AE3) bne a0, a1, 8180


mem[X,0x80003260] -> 0x0213
mem[X,0x80003262] -> 0x0012
[366] [M]: 0x80003260 (0x00120213) addi tp, tp, 1
x4 <- 0x00000001


mem[X,0x80003264] -> 0x006F
mem[X,0x80003266] -> 0x01C0
[367] [M]: 0x80003264 (0x01C0006F) jal zero, 28


mem[X,0x80003280] -> 0xA623
mem[X,0x80003282] -> 0x0240
[368] [M]: 0x80003280 (0x0240A623) sw tp, 44(ra)
mem[0x8003A194] <- 0x00000001


mem[X,0x80003284] -> 0x0513
mem[X,0x80003286] -> 0x4000
[369] [M]: 0x80003284 (0x40000513) addi a0, zero, 1024
x10 <- 0x00000400


mem[X,0x80003288] -> 0x05B7
mem[X,0x8000328A] -> 0x0800
[370] [M]: 0x80003288 (0x080005B7) lui a1, 32768
x11 <- 0x08000000


mem[X,0x8000328C] -> 0x0213
mem[X,0x8000328E] -> 0x0000
[371] [M]: 0x8000328C (0x00000213) addi tp, zero, 0
x4 <- 0x00000000


mem[X,0x80003290] -> 0x006F
mem[X,0x80003292] -> 0x0140
[372] [M]: 0x80003290 (0x0140006F) jal zero, 20


mem[X,0x800032A4] -> 0x18E3
mem[X,0x800032A6] -> 0xFEB5
[373] [M]: 0x800032A4 (0xFEB518E3) bne a0, a1, 8176


mem[X,0x80003294] -> 0x0213
mem[X,0x80003296] -> 0x0012
[374] [M]: 0x80003294 (0x00120213) addi tp, tp, 1
x4 <- 0x00000001


mem[X,0x80003298] -> 0x006F
mem[X,0x8000329A] -> 0x0200
[375] [M]: 0x80003298 (0x0200006F) jal zero, 32


mem[X,0x800032B8] -> 0xA823
mem[X,0x800032BA] -> 0x0240
[376] [M]: 0x800032B8 (0x0240A823) sw tp, 48(ra)
mem[0x8003A198] <- 0x00000001


mem[X,0x800032BC] -> 0x0513
mem[X,0x800032BE] -> 0x0020
[377] [M]: 0x800032BC (0x00200513) addi a0, zero, 2
x10 <- 0x00000002


mem[X,0x800032C0] -> 0x05B7
mem[X,0x800032C2] -> 0x1000
[378] [M]: 0x800032C0 (0x100005B7) lui a1, 65536
x11 <- 0x10000000


mem[X,0x800032C4] -> 0x0213
mem[X,0x800032C6] -> 0x0000
[379] [M]: 0x800032C4 (0x00000213) addi tp, zero, 0
x4 <- 0x00000000


mem[X,0x800032C8] -> 0x006F
mem[X,0x800032CA] -> 0x2B10
[380] [M]: 0x800032C8 (0x2B10006F) jal zero, 2736


mem[X,0x80003D78] -> 0x1A63
mem[X,0x80003D7A] -> 0xD4B5
[381] [M]: 0x80003D78 (0xD4B51A63) bne a0, a1, 5460


mem[X,0x800032CC] -> 0x0213
mem[X,0x800032CE] -> 0x0012
[382] [M]: 0x800032CC (0x00120213) addi tp, tp, 1
x4 <- 0x00000001


mem[X,0x800032D0] -> 0x006F
mem[X,0x800032D2] -> 0x2BD0
[383] [M]: 0x800032D0 (0x2BD0006F) jal zero, 2748


mem[X,0x80003D8C] -> 0xAA23
mem[X,0x80003D8E] -> 0x0240
[384] [M]: 0x80003D8C (0x0240AA23) sw tp, 52(ra)
mem[0x8003A19C] <- 0x00000001


mem[X,0x80003D90] -> 0x0537
mem[X,0x80003D92] -> 0x0100
[385] [M]: 0x80003D90 (0x01000537) lui a0, 4096
x10 <- 0x01000000


mem[X,0x80003D94] -> 0x05B7
mem[X,0x80003D96] -> 0x2000
[386] [M]: 0x80003D94 (0x200005B7) lui a1, 131072
x11 <- 0x20000000


mem[X,0x80003D98] -> 0x0213
mem[X,0x80003D9A] -> 0x0000
[387] [M]: 0x80003D98 (0x00000213) addi tp, zero, 0
x4 <- 0x00000000


mem[X,0x80003D9C] -> 0x006F
mem[X,0x80003D9E] -> 0x0140
[388] [M]: 0x80003D9C (0x0140006F) jal zero, 20


mem[X,0x80003DB0] -> 0x18E3
mem[X,0x80003DB2] -> 0xFEB5
[389] [M]: 0x80003DB0 (0xFEB518E3) bne a0, a1, 8176


mem[X,0x80003DA0] -> 0x0213
mem[X,0x80003DA2] -> 0x0012
[390] [M]: 0x80003DA0 (0x00120213) addi tp, tp, 1
x4 <- 0x00000001


mem[X,0x80003DA4] -> 0x006F
mem[X,0x80003DA6] -> 0x0200
[391] [M]: 0x80003DA4 (0x0200006F) jal zero, 32


mem[X,0x80003DC4] -> 0xAC23
mem[X,0x80003DC6] -> 0x0240
[392] [M]: 0x80003DC4 (0x0240AC23) sw tp, 56(ra)
mem[0x8003A1A0] <- 0x00000001


mem[X,0x80003DC8] -> 0x0513
mem[X,0x80003DCA] -> 0xFFB0
[393] [M]: 0x80003DC8 (0xFFB00513) addi a0, zero, 4091
x10 <- 0xFFFFFFFB


mem[X,0x80003DCC] -> 0x05B7
mem[X,0x80003DCE] -> 0x4000
[394] [M]: 0x80003DCC (0x400005B7) lui a1, 262144
x11 <- 0x40000000


mem[X,0x80003DD0] -> 0x0213
mem[X,0x80003DD2] -> 0x0000
[395] [M]: 0x80003DD0 (0x00000213) addi tp, zero, 0
x4 <- 0x00000000


mem[X,0x80003DD4] -> 0x006F
mem[X,0x80003DD6] -> 0x0180
[396] [M]: 0x80003DD4 (0x0180006F) jal zero, 24


mem[X,0x80003DEC] -> 0x16E3
mem[X,0x80003DEE] -> 0xFEB5
[397] [M]: 0x80003DEC (0xFEB516E3) bne a0, a1, 8172


mem[X,0x80003DD8] -> 0x0213
mem[X,0x80003DDA] -> 0x0012
[398] [M]: 0x80003DD8 (0x00120213) addi tp, tp, 1
x4 <- 0x00000001


mem[X,0x80003DDC] -> 0x006F
mem[X,0x80003DDE] -> 0x0240
[399] [M]: 0x80003DDC (0x0240006F) jal zero, 36


clint::tick mtime <- 0x0000000000000004
 clint timer pending at mtime 0x0000000000000004
htif::tick 0x0000000000000000
mem[X,0x80003E00] -> 0xAE23
mem[X,0x80003E02] -> 0x0240
[400] [M]: 0x80003E00 (0x0240AE23) sw tp, 60(ra)
mem[0x8003A1A4] <- 0x00000001


mem[X,0x80003E04] -> 0x0513
mem[X,0x80003E06] -> 0x0000
[401] [M]: 0x80003E04 (0x00000513) addi a0, zero, 0
x10 <- 0x00000000


mem[X,0x80003E08] -> 0x05B7
mem[X,0x80003E0A] -> 0x8000
[402] [M]: 0x80003E08 (0x800005B7) lui a1, 524288
x11 <- 0x80000000


mem[X,0x80003E0C] -> 0x0213
mem[X,0x80003E0E] -> 0x0000
[403] [M]: 0x80003E0C (0x00000213) addi tp, zero, 0
x4 <- 0x00000000


mem[X,0x80003E10] -> 0x006F
mem[X,0x80003E12] -> 0x00C0
[404] [M]: 0x80003E10 (0x00C0006F) jal zero, 12


mem[X,0x80003E1C] -> 0x1663
mem[X,0x80003E1E] -> 0x00B5
[405] [M]: 0x80003E1C (0x00B51663) bne a0, a1, 12


mem[X,0x80003E28] -> 0x0213
mem[X,0x80003E2A] -> 0x0032
[406] [M]: 0x80003E28 (0x00320213) addi tp, tp, 3
x4 <- 0x00000003


mem[X,0x80003E2C] -> 0x006F
mem[X,0x80003E2E] -> 0x0040
[407] [M]: 0x80003E2C (0x0040006F) jal zero, 4


mem[X,0x80003E30] -> 0xA023
mem[X,0x80003E32] -> 0x0440
[408] [M]: 0x80003E30 (0x0440A023) sw tp, 64(ra)
mem[0x8003A1A8] <- 0x00000003


mem[X,0x80003E34] -> 0x0537
mem[X,0x80003E36] -> 0xFC00
[409] [M]: 0x80003E34 (0xFC000537) lui a0, 1032192
x10 <- 0xFC000000


mem[X,0x80003E38] -> 0x0513
mem[X,0x80003E3A] -> 0xFFF5
[410] [M]: 0x80003E38 (0xFFF50513) addi a0, a0, 4095
x10 <- 0xFBFFFFFF


mem[X,0x80003E3C] -> 0x0593
mem[X,0x80003E3E] -> 0xFFE0
[411] [M]: 0x80003E3C (0xFFE00593) addi a1, zero, 4094
x11 <- 0xFFFFFFFE


mem[X,0x80003E40] -> 0x0213
mem[X,0x80003E42] -> 0x0000
[412] [M]: 0x80003E40 (0x00000213) addi tp, zero, 0
x4 <- 0x00000000


mem[X,0x80003E44] -> 0x006F
mem[X,0x80003E46] -> 0x0050
[413] [M]: 0x80003E44 (0x0050006F) jal zero, 2052


mem[X,0x80004648] -> 0x10E3
mem[X,0x8000464A] -> 0x80B5
[414] [M]: 0x80004648 (0x80B510E3) bne a0, a1, 6144


mem[X,0x80003E48] -> 0x0213
mem[X,0x80003E4A] -> 0x0012
[415] [M]: 0x80003E48 (0x00120213) addi tp, tp, 1
x4 <- 0x00000001


mem[X,0x80003E4C] -> 0x006F
mem[X,0x80003E4E] -> 0x0110
[416] [M]: 0x80003E4C (0x0110006F) jal zero, 2064


mem[X,0x8000465C] -> 0xA223
mem[X,0x8000465E] -> 0x0440
[417] [M]: 0x8000465C (0x0440A223) sw tp, 68(ra)
mem[0x8003A1AC] <- 0x00000001


mem[X,0x80004660] -> 0x5537
mem[X,0x80004662] -> 0x5555
[418] [M]: 0x80004660 (0x55555537) lui a0, 349525
x10 <- 0x55555000


mem[X,0x80004664] -> 0x0513
mem[X,0x80004666] -> 0x5565
[419] [M]: 0x80004664 (0x55650513) addi a0, a0, 1366
x10 <- 0x55555556


mem[X,0x80004668] -> 0x0593
mem[X,0x8000466A] -> 0xFFD0
[420] [M]: 0x80004668 (0xFFD00593) addi a1, zero, 4093
x11 <- 0xFFFFFFFD


mem[X,0x8000466C] -> 0x0213
mem[X,0x8000466E] -> 0x0000
[421] [M]: 0x8000466C (0x00000213) addi tp, zero, 0
x4 <- 0x00000000


mem[X,0x80004670] -> 0x006F
mem[X,0x80004672] -> 0x00C0
[422] [M]: 0x80004670 (0x00C0006F) jal zero, 12


mem[X,0x8000467C] -> 0x1063
mem[X,0x8000467E] -> 0x10B5
[423] [M]: 0x8000467C (0x10B51063) bne a0, a1, 256


mem[X,0x8000477C] -> 0x0213
mem[X,0x8000477E] -> 0x0032
[424] [M]: 0x8000477C (0x00320213) addi tp, tp, 3
x4 <- 0x00000003


mem[X,0x80004780] -> 0x006F
mem[X,0x80004782] -> 0x0040
[425] [M]: 0x80004780 (0x0040006F) jal zero, 4


mem[X,0x80004784] -> 0xA423
mem[X,0x80004786] -> 0x0440
[426] [M]: 0x80004784 (0x0440A423) sw tp, 72(ra)
mem[0x8003A1B0] <- 0x00000003


mem[X,0x80004788] -> 0x6537
mem[X,0x8000478A] -> 0x6666
[427] [M]: 0x80004788 (0x66666537) lui a0, 419430
x10 <- 0x66666000


mem[X,0x8000478C] -> 0x0513
mem[X,0x8000478E] -> 0x6665
[428] [M]: 0x8000478C (0x66650513) addi a0, a0, 1638
x10 <- 0x66666666


mem[X,0x80004790] -> 0x0593
mem[X,0x80004792] -> 0xFFB0
[429] [M]: 0x80004790 (0xFFB00593) addi a1, zero, 4091
x11 <- 0xFFFFFFFB


mem[X,0x80004794] -> 0x0213
mem[X,0x80004796] -> 0x0000
[430] [M]: 0x80004794 (0x00000213) addi tp, zero, 0
x4 <- 0x00000000


mem[X,0x80004798] -> 0x006F
mem[X,0x8000479A] -> 0x00C0
[431] [M]: 0x80004798 (0x00C0006F) jal zero, 12


mem[X,0x800047A4] -> 0x1CE3
mem[X,0x800047A6] -> 0xFEB5
[432] [M]: 0x800047A4 (0xFEB51CE3) bne a0, a1, 8184


mem[X,0x8000479C] -> 0x0213
mem[X,0x8000479E] -> 0x0012
[433] [M]: 0x8000479C (0x00120213) addi tp, tp, 1
x4 <- 0x00000001


mem[X,0x800047A0] -> 0x006F
mem[X,0x800047A2] -> 0x0180
[434] [M]: 0x800047A0 (0x0180006F) jal zero, 24


mem[X,0x800047B8] -> 0xA623
mem[X,0x800047BA] -> 0x0440
[435] [M]: 0x800047B8 (0x0440A623) sw tp, 76(ra)
mem[0x8003A1B4] <- 0x00000001


mem[X,0x800047BC] -> 0x0537
mem[X,0x800047BE] -> 0xFC00
[436] [M]: 0x800047BC (0xFC000537) lui a0, 1032192
x10 <- 0xFC000000


mem[X,0x800047C0] -> 0x0513
mem[X,0x800047C2] -> 0xFFF5
[437] [M]: 0x800047C0 (0xFFF50513) addi a0, a0, 4095
x10 <- 0xFBFFFFFF


mem[X,0x800047C4] -> 0x0593
mem[X,0x800047C6] -> 0xFF70
[438] [M]: 0x800047C4 (0xFF700593) addi a1, zero, 4087
x11 <- 0xFFFFFFF7


mem[X,0x800047C8] -> 0x0213
mem[X,0x800047CA] -> 0x0000
[439] [M]: 0x800047C8 (0x00000213) addi tp, zero, 0
x4 <- 0x00000000


mem[X,0x800047CC] -> 0x006F
mem[X,0x800047CE] -> 0x0140
[440] [M]: 0x800047CC (0x0140006F) jal zero, 20


mem[X,0x800047E0] -> 0x18E3
mem[X,0x800047E2] -> 0xFEB5
[441] [M]: 0x800047E0 (0xFEB518E3) bne a0, a1, 8176


mem[X,0x800047D0] -> 0x0213
mem[X,0x800047D2] -> 0x0012
[442] [M]: 0x800047D0 (0x00120213) addi tp, tp, 1
x4 <- 0x00000001


mem[X,0x800047D4] -> 0x006F
mem[X,0x800047D6] -> 0x0200
[443] [M]: 0x800047D4 (0x0200006F) jal zero, 32


mem[X,0x800047F4] -> 0xA823
mem[X,0x800047F6] -> 0x0440
[444] [M]: 0x800047F4 (0x0440A823) sw tp, 80(ra)
mem[0x8003A1B8] <- 0x00000001


mem[X,0x800047F8] -> 0x0537
mem[X,0x800047FA] -> 0x0002
[445] [M]: 0x800047F8 (0x00020537) lui a0, 32
x10 <- 0x00020000


mem[X,0x800047FC] -> 0x0593
mem[X,0x800047FE] -> 0xFDF0
[446] [M]: 0x800047FC (0xFDF00593) addi a1, zero, 4063
x11 <- 0xFFFFFFDF


mem[X,0x80004800] -> 0x0213
mem[X,0x80004802] -> 0x0000
[447] [M]: 0x80004800 (0x00000213) addi tp, zero, 0
x4 <- 0x00000000


mem[X,0x80004804] -> 0x006F
mem[X,0x80004806] -> 0x00C0
[448] [M]: 0x80004804 (0x00C0006F) jal zero, 12


mem[X,0x80004810] -> 0x1663
mem[X,0x80004812] -> 0x00B5
[449] [M]: 0x80004810 (0x00B51663) bne a0, a1, 12


mem[X,0x8000481C] -> 0x0213
mem[X,0x8000481E] -> 0x0032
[450] [M]: 0x8000481C (0x00320213) addi tp, tp, 3
x4 <- 0x00000003


mem[X,0x80004820] -> 0x006F
mem[X,0x80004822] -> 0x0040
[451] [M]: 0x80004820 (0x0040006F) jal zero, 4


mem[X,0x80004824] -> 0xAA23
mem[X,0x80004826] -> 0x0440
[452] [M]: 0x80004824 (0x0440AA23) sw tp, 84(ra)
mem[0x8003A1BC] <- 0x00000003


mem[X,0x80004828] -> 0x6537
mem[X,0x8000482A] -> 0x6666
[453] [M]: 0x80004828 (0x66666537) lui a0, 419430
x10 <- 0x66666000


mem[X,0x8000482C] -> 0x0513
mem[X,0x8000482E] -> 0x6655
[454] [M]: 0x8000482C (0x66550513) addi a0, a0, 1637
x10 <- 0x66666665


mem[X,0x80004830] -> 0x0593
mem[X,0x80004832] -> 0xFBF0
[455] [M]: 0x80004830 (0xFBF00593) addi a1, zero, 4031
x11 <- 0xFFFFFFBF


mem[X,0x80004834] -> 0x0213
mem[X,0x80004836] -> 0x0000
[456] [M]: 0x80004834 (0x00000213) addi tp, zero, 0
x4 <- 0x00000000


mem[X,0x80004838] -> 0x006F
mem[X,0x8000483A] -> 0x2B10
[457] [M]: 0x80004838 (0x2B10006F) jal zero, 2736


mem[X,0x800052E8] -> 0x1A63
mem[X,0x800052EA] -> 0xD4B5
[458] [M]: 0x800052E8 (0xD4B51A63) bne a0, a1, 5460


mem[X,0x8000483C] -> 0x0213
mem[X,0x8000483E] -> 0x0012
[459] [M]: 0x8000483C (0x00120213) addi tp, tp, 1
x4 <- 0x00000001


mem[X,0x80004840] -> 0x006F
mem[X,0x80004842] -> 0x2BD0
[460] [M]: 0x80004840 (0x2BD0006F) jal zero, 2748


mem[X,0x800052FC] -> 0xAC23
mem[X,0x800052FE] -> 0x0440
[461] [M]: 0x800052FC (0x0440AC23) sw tp, 88(ra)
mem[0x8003A1C0] <- 0x00000001


mem[X,0x80005300] -> 0x0513
mem[X,0x80005302] -> 0x0100
[462] [M]: 0x80005300 (0x01000513) addi a0, zero, 16
x10 <- 0x00000010


mem[X,0x80005304] -> 0x0593
mem[X,0x80005306] -> 0xF7F0
[463] [M]: 0x80005304 (0xF7F00593) addi a1, zero, 3967
x11 <- 0xFFFFFF7F


mem[X,0x80005308] -> 0x0213
mem[X,0x8000530A] -> 0x0000
[464] [M]: 0x80005308 (0x00000213) addi tp, zero, 0
x4 <- 0x00000000


mem[X,0x8000530C] -> 0x006F
mem[X,0x8000530E] -> 0x00C0
[465] [M]: 0x8000530C (0x00C0006F) jal zero, 12


mem[X,0x80005318] -> 0x1063
mem[X,0x8000531A] -> 0x10B5
[466] [M]: 0x80005318 (0x10B51063) bne a0, a1, 256


mem[X,0x80005418] -> 0x0213
mem[X,0x8000541A] -> 0x0032
[467] [M]: 0x80005418 (0x00320213) addi tp, tp, 3
x4 <- 0x00000003


mem[X,0x8000541C] -> 0x006F
mem[X,0x8000541E] -> 0x0040
[468] [M]: 0x8000541C (0x0040006F) jal zero, 4


mem[X,0x80005420] -> 0xAE23
mem[X,0x80005422] -> 0x0440
[469] [M]: 0x80005420 (0x0440AE23) sw tp, 92(ra)
mem[0x8003A1C4] <- 0x00000003


mem[X,0x80005424] -> 0x0537
mem[X,0x80005426] -> 0xFFFC
[470] [M]: 0x80005424 (0xFFFC0537) lui a0, 1048512
x10 <- 0xFFFC0000


mem[X,0x80005428] -> 0x0513
mem[X,0x8000542A] -> 0xFFF5
[471] [M]: 0x80005428 (0xFFF50513) addi a0, a0, 4095
x10 <- 0xFFFBFFFF


mem[X,0x8000542C] -> 0x0593
mem[X,0x8000542E] -> 0xEFF0
[472] [M]: 0x8000542C (0xEFF00593) addi a1, zero, 3839
x11 <- 0xFFFFFEFF


mem[X,0x80005430] -> 0x0213
mem[X,0x80005432] -> 0x0000
[473] [M]: 0x80005430 (0x00000213) addi tp, zero, 0
x4 <- 0x00000000


mem[X,0x80005434] -> 0x006F
mem[X,0x80005436] -> 0x00C0
[474] [M]: 0x80005434 (0x00C0006F) jal zero, 12


mem[X,0x80005440] -> 0x1663
mem[X,0x80005442] -> 0x00B5
[475] [M]: 0x80005440 (0x00B51663) bne a0, a1, 12


mem[X,0x8000544C] -> 0x0213
mem[X,0x8000544E] -> 0x0032
[476] [M]: 0x8000544C (0x00320213) addi tp, tp, 3
x4 <- 0x00000003


mem[X,0x80005450] -> 0x006F
mem[X,0x80005452] -> 0x0040
[477] [M]: 0x80005450 (0x0040006F) jal zero, 4


mem[X,0x80005454] -> 0xA023
mem[X,0x80005456] -> 0x0640
[478] [M]: 0x80005454 (0x0640A023) sw tp, 96(ra)
mem[0x8003A1C8] <- 0x00000003


mem[X,0x80005458] -> 0x0537
mem[X,0x8000545A] -> 0xFFC0
[479] [M]: 0x80005458 (0xFFC00537) lui a0, 1047552
x10 <- 0xFFC00000


mem[X,0x8000545C] -> 0x0513
mem[X,0x8000545E] -> 0xFFF5
[480] [M]: 0x8000545C (0xFFF50513) addi a0, a0, 4095
x10 <- 0xFFBFFFFF


mem[X,0x80005460] -> 0x0593
mem[X,0x80005462] -> 0xDFF0
[481] [M]: 0x80005460 (0xDFF00593) addi a1, zero, 3583
x11 <- 0xFFFFFDFF


mem[X,0x80005464] -> 0x0213
mem[X,0x80005466] -> 0x0000
[482] [M]: 0x80005464 (0x00000213) addi tp, zero, 0
x4 <- 0x00000000


mem[X,0x80005468] -> 0x006F
mem[X,0x8000546A] -> 0x2B10
[483] [M]: 0x80005468 (0x2B10006F) jal zero, 2736


mem[X,0x80005F18] -> 0x1A63
mem[X,0x80005F1A] -> 0xD4B5
[484] [M]: 0x80005F18 (0xD4B51A63) bne a0, a1, 5460


mem[X,0x8000546C] -> 0x0213
mem[X,0x8000546E] -> 0x0012
[485] [M]: 0x8000546C (0x00120213) addi tp, tp, 1
x4 <- 0x00000001


mem[X,0x80005470] -> 0x006F
mem[X,0x80005472] -> 0x2BD0
[486] [M]: 0x80005470 (0x2BD0006F) jal zero, 2748


mem[X,0x80005F2C] -> 0xA223
mem[X,0x80005F2E] -> 0x0640
[487] [M]: 0x80005F2C (0x0640A223) sw tp, 100(ra)
mem[0x8003A1CC] <- 0x00000001


mem[X,0x80005F30] -> 0x0537
mem[X,0x80005F32] -> 0x4000
[488] [M]: 0x80005F30 (0x40000537) lui a0, 262144
x10 <- 0x40000000


mem[X,0x80005F34] -> 0x0593
mem[X,0x80005F36] -> 0xBFF0
[489] [M]: 0x80005F34 (0xBFF00593) addi a1, zero, 3071
x11 <- 0xFFFFFBFF


mem[X,0x80005F38] -> 0x0213
mem[X,0x80005F3A] -> 0x0000
[490] [M]: 0x80005F38 (0x00000213) addi tp, zero, 0
x4 <- 0x00000000


mem[X,0x80005F3C] -> 0x006F
mem[X,0x80005F3E] -> 0x00C0
[491] [M]: 0x80005F3C (0x00C0006F) jal zero, 12


mem[X,0x80005F48] -> 0x1863
mem[X,0x80005F4A] -> 0x00B5
[492] [M]: 0x80005F48 (0x00B51863) bne a0, a1, 16


mem[X,0x80005F58] -> 0x0213
mem[X,0x80005F5A] -> 0x0032
[493] [M]: 0x80005F58 (0x00320213) addi tp, tp, 3
x4 <- 0x00000003


mem[X,0x80005F5C] -> 0x006F
mem[X,0x80005F5E] -> 0x0040
[494] [M]: 0x80005F5C (0x0040006F) jal zero, 4


mem[X,0x80005F60] -> 0xA423
mem[X,0x80005F62] -> 0x0640
[495] [M]: 0x80005F60 (0x0640A423) sw tp, 104(ra)
mem[0x8003A1D0] <- 0x00000003


mem[X,0x80005F64] -> 0x0537
mem[X,0x80005F66] -> 0xFFF8
[496] [M]: 0x80005F64 (0xFFF80537) lui a0, 1048448
x10 <- 0xFFF80000


mem[X,0x80005F68] -> 0x0513
mem[X,0x80005F6A] -> 0xFFF5
[497] [M]: 0x80005F68 (0xFFF50513) addi a0, a0, 4095
x10 <- 0xFFF7FFFF


mem[X,0x80005F6C] -> 0xF5B7
mem[X,0x80005F6E] -> 0xFFFF
[498] [M]: 0x80005F6C (0xFFFFF5B7) lui a1, 1048575
x11 <- 0xFFFFF000


mem[X,0x80005F70] -> 0x8593
mem[X,0x80005F72] -> 0x7FF5
[499] [M]: 0x80005F70 (0x7FF58593) addi a1, a1, 2047
x11 <- 0xFFFFF7FF


clint::tick mtime <- 0x0000000000000005
 clint timer pending at mtime 0x0000000000000005
htif::tick 0x0000000000000000
mem[X,0x80005F74] -> 0x0213
mem[X,0x80005F76] -> 0x0000
[500] [M]: 0x80005F74 (0x00000213) addi tp, zero, 0
x4 <- 0x00000000


mem[X,0x80005F78] -> 0x006F
mem[X,0x80005F7A] -> 0x00C0
[501] [M]: 0x80005F78 (0x00C0006F) jal zero, 12


mem[X,0x80005F84] -> 0x1663
mem[X,0x80005F86] -> 0x00B5
[502] [M]: 0x80005F84 (0x00B51663) bne a0, a1, 12


mem[X,0x80005F90] -> 0x0213
mem[X,0x80005F92] -> 0x0032
[503] [M]: 0x80005F90 (0x00320213) addi tp, tp, 3
x4 <- 0x00000003


mem[X,0x80005F94] -> 0x006F
mem[X,0x80005F96] -> 0x0040
[504] [M]: 0x80005F94 (0x0040006F) jal zero, 4


mem[X,0x80005F98] -> 0xA623
mem[X,0x80005F9A] -> 0x0640
[505] [M]: 0x80005F98 (0x0640A623) sw tp, 108(ra)
mem[0x8003A1D4] <- 0x00000003


mem[X,0x80005F9C] -> 0xB537
mem[X,0x80005F9E] -> 0x0000
[506] [M]: 0x80005F9C (0x0000B537) lui a0, 11
x10 <- 0x0000B000


mem[X,0x80005FA0] -> 0x0513
mem[X,0x80005FA2] -> 0x5045
[507] [M]: 0x80005FA0 (0x50450513) addi a0, a0, 1284
x10 <- 0x0000B504


mem[X,0x80005FA4] -> 0xE5B7
mem[X,0x80005FA6] -> 0xFFFF
[508] [M]: 0x80005FA4 (0xFFFFE5B7) lui a1, 1048574
x11 <- 0xFFFFE000


mem[X,0x80005FA8] -> 0x8593
mem[X,0x80005FAA] -> 0xFFF5
[509] [M]: 0x80005FA8 (0xFFF58593) addi a1, a1, 4095
x11 <- 0xFFFFDFFF


mem[X,0x80005FAC] -> 0x0213
mem[X,0x80005FAE] -> 0x0000
[510] [M]: 0x80005FAC (0x00000213) addi tp, zero, 0
x4 <- 0x00000000


mem[X,0x80005FB0] -> 0x006F
mem[X,0x80005FB2] -> 0x0100
[511] [M]: 0x80005FB0 (0x0100006F) jal zero, 16


mem[X,0x80005FC0] -> 0x1AE3
mem[X,0x80005FC2] -> 0xFEB5
[512] [M]: 0x80005FC0 (0xFEB51AE3) bne a0, a1, 8180


mem[X,0x80005FB4] -> 0x0213
mem[X,0x80005FB6] -> 0x0012
[513] [M]: 0x80005FB4 (0x00120213) addi tp, tp, 1
x4 <- 0x00000001


mem[X,0x80005FB8] -> 0x006F
mem[X,0x80005FBA] -> 0x01C0
[514] [M]: 0x80005FB8 (0x01C0006F) jal zero, 28


mem[X,0x80005FD4] -> 0xA823
mem[X,0x80005FD6] -> 0x0640
[515] [M]: 0x80005FD4 (0x0640A823) sw tp, 112(ra)
mem[0x8003A1D8] <- 0x00000001


mem[X,0x80005FD8] -> 0x0513
mem[X,0x80005FDA] -> 0xFFC0
[516] [M]: 0x80005FD8 (0xFFC00513) addi a0, zero, 4092
x10 <- 0xFFFFFFFC


mem[X,0x80005FDC] -> 0xC5B7
mem[X,0x80005FDE] -> 0xFFFF
[517] [M]: 0x80005FDC (0xFFFFC5B7) lui a1, 1048572
x11 <- 0xFFFFC000


mem[X,0x80005FE0] -> 0x8593
mem[X,0x80005FE2] -> 0xFFF5
[518] [M]: 0x80005FE0 (0xFFF58593) addi a1, a1, 4095
x11 <- 0xFFFFBFFF


mem[X,0x80005FE4] -> 0x0213
mem[X,0x80005FE6] -> 0x0000
[519] [M]: 0x80005FE4 (0x00000213) addi tp, zero, 0
x4 <- 0x00000000


mem[X,0x80005FE8] -> 0x006F
mem[X,0x80005FEA] -> 0x00C0
[520] [M]: 0x80005FE8 (0x00C0006F) jal zero, 12


mem[X,0x80005FF4] -> 0x1CE3
mem[X,0x80005FF6] -> 0xFEB5
[521] [M]: 0x80005FF4 (0xFEB51CE3) bne a0, a1, 8184


mem[X,0x80005FEC] -> 0x0213
mem[X,0x80005FEE] -> 0x0012
[522] [M]: 0x80005FEC (0x00120213) addi tp, tp, 1
x4 <- 0x00000001


mem[X,0x80005FF0] -> 0x006F
mem[X,0x80005FF2] -> 0x0180
[523] [M]: 0x80005FF0 (0x0180006F) jal zero, 24


mem[X,0x80006008] -> 0xAA23
mem[X,0x8000600A] -> 0x0640
[524] [M]: 0x80006008 (0x0640AA23) sw tp, 116(ra)
mem[0x8003A1DC] <- 0x00000001


mem[X,0x8000600C] -> 0x0537
mem[X,0x8000600E] -> 0xFFFE
[525] [M]: 0x8000600C (0xFFFE0537) lui a0, 1048544
x10 <- 0xFFFE0000


mem[X,0x80006010] -> 0x0513
mem[X,0x80006012] -> 0xFFF5
[526] [M]: 0x80006010 (0xFFF50513) addi a0, a0, 4095
x10 <- 0xFFFDFFFF


mem[X,0x80006014] -> 0x85B7
mem[X,0x80006016] -> 0xFFFF
[527] [M]: 0x80006014 (0xFFFF85B7) lui a1, 1048568
x11 <- 0xFFFF8000


mem[X,0x80006018] -> 0x8593
mem[X,0x8000601A] -> 0xFFF5
[528] [M]: 0x80006018 (0xFFF58593) addi a1, a1, 4095
x11 <- 0xFFFF7FFF


mem[X,0x8000601C] -> 0x0213
mem[X,0x8000601E] -> 0x0000
[529] [M]: 0x8000601C (0x00000213) addi tp, zero, 0
x4 <- 0x00000000


mem[X,0x80006020] -> 0x006F
mem[X,0x80006022] -> 0x00C0
[530] [M]: 0x80006020 (0x00C0006F) jal zero, 12


mem[X,0x8000602C] -> 0x1063
mem[X,0x8000602E] -> 0x40B5
[531] [M]: 0x8000602C (0x40B51063) bne a0, a1, 1024


mem[X,0x8000642C] -> 0x0213
mem[X,0x8000642E] -> 0x0032
[532] [M]: 0x8000642C (0x00320213) addi tp, tp, 3
x4 <- 0x00000003


mem[X,0x80006430] -> 0x006F
mem[X,0x80006432] -> 0x0040
[533] [M]: 0x80006430 (0x0040006F) jal zero, 4


mem[X,0x80006434] -> 0xAC23
mem[X,0x80006436] -> 0x0640
[534] [M]: 0x80006434 (0x0640AC23) sw tp, 120(ra)
mem[0x8003A1E0] <- 0x00000003


mem[X,0x80006438] -> 0x0513
mem[X,0x8000643A] -> 0x0000
[535] [M]: 0x80006438 (0x00000513) addi a0, zero, 0
x10 <- 0x00000000


mem[X,0x8000643C] -> 0x05B7
mem[X,0x8000643E] -> 0xFFFF
[536] [M]: 0x8000643C (0xFFFF05B7) lui a1, 1048560
x11 <- 0xFFFF0000


mem[X,0x80006440] -> 0x8593
mem[X,0x80006442] -> 0xFFF5
[537] [M]: 0x80006440 (0xFFF58593) addi a1, a1, 4095
x11 <- 0xFFFEFFFF


mem[X,0x80006444] -> 0x0213
mem[X,0x80006446] -> 0x0000
[538] [M]: 0x80006444 (0x00000213) addi tp, zero, 0
x4 <- 0x00000000


mem[X,0x80006448] -> 0x006F
mem[X,0x8000644A] -> 0x00C0
[539] [M]: 0x80006448 (0x00C0006F) jal zero, 12


mem[X,0x80006454] -> 0x1663
mem[X,0x80006456] -> 0x00B5
[540] [M]: 0x80006454 (0x00B51663) bne a0, a1, 12


mem[X,0x80006460] -> 0x0213
mem[X,0x80006462] -> 0x0032
[541] [M]: 0x80006460 (0x00320213) addi tp, tp, 3
x4 <- 0x00000003


mem[X,0x80006464] -> 0x006F
mem[X,0x80006466] -> 0x0040
[542] [M]: 0x80006464 (0x0040006F) jal zero, 4


mem[X,0x80006468] -> 0xAE23
mem[X,0x8000646A] -> 0x0640
[543] [M]: 0x80006468 (0x0640AE23) sw tp, 124(ra)
mem[0x8003A1E4] <- 0x00000003


mem[X,0x8000646C] -> 0x0537
mem[X,0x8000646E] -> 0xC000
[544] [M]: 0x8000646C (0xC0000537) lui a0, 786432
x10 <- 0xC0000000


mem[X,0x80006470] -> 0x05B7
mem[X,0x80006472] -> 0xFFFE
[545] [M]: 0x80006470 (0xFFFE05B7) lui a1, 1048544
x11 <- 0xFFFE0000


mem[X,0x80006474] -> 0x8593
mem[X,0x80006476] -> 0xFFF5
[546] [M]: 0x80006474 (0xFFF58593) addi a1, a1, 4095
x11 <- 0xFFFDFFFF


mem[X,0x80006478] -> 0x0213
mem[X,0x8000647A] -> 0x0000
[547] [M]: 0x80006478 (0x00000213) addi tp, zero, 0
x4 <- 0x00000000


mem[X,0x8000647C] -> 0x006F
mem[X,0x8000647E] -> 0x00C0
[548] [M]: 0x8000647C (0x00C0006F) jal zero, 12


mem[X,0x80006488] -> 0x1663
mem[X,0x8000648A] -> 0x00B5
[549] [M]: 0x80006488 (0x00B51663) bne a0, a1, 12


mem[X,0x80006494] -> 0x0213
mem[X,0x80006496] -> 0x0032
[550] [M]: 0x80006494 (0x00320213) addi tp, tp, 3
x4 <- 0x00000003


mem[X,0x80006498] -> 0x006F
mem[X,0x8000649A] -> 0x0040
[551] [M]: 0x80006498 (0x0040006F) jal zero, 4


mem[X,0x8000649C] -> 0xA023
mem[X,0x8000649E] -> 0x0840
[552] [M]: 0x8000649C (0x0840A023) sw tp, 128(ra)
mem[0x8003A1E8] <- 0x00000003


mem[X,0x800064A0] -> 0x0513
mem[X,0x800064A2] -> 0x0800
[553] [M]: 0x800064A0 (0x08000513) addi a0, zero, 128
x10 <- 0x00000080


mem[X,0x800064A4] -> 0x05B7
mem[X,0x800064A6] -> 0xFFFC
[554] [M]: 0x800064A4 (0xFFFC05B7) lui a1, 1048512
x11 <- 0xFFFC0000


mem[X,0x800064A8] -> 0x8593
mem[X,0x800064AA] -> 0xFFF5
[555] [M]: 0x800064A8 (0xFFF58593) addi a1, a1, 4095
x11 <- 0xFFFBFFFF


mem[X,0x800064AC] -> 0x0213
mem[X,0x800064AE] -> 0x0000
[556] [M]: 0x800064AC (0x00000213) addi tp, zero, 0
x4 <- 0x00000000


mem[X,0x800064B0] -> 0x006F
mem[X,0x800064B2] -> 0x00C0
[557] [M]: 0x800064B0 (0x00C0006F) jal zero, 12


mem[X,0x800064BC] -> 0x1663
mem[X,0x800064BE] -> 0x00B5
[558] [M]: 0x800064BC (0x00B51663) bne a0, a1, 12


mem[X,0x800064C8] -> 0x0213
mem[X,0x800064CA] -> 0x0032
[559] [M]: 0x800064C8 (0x00320213) addi tp, tp, 3
x4 <- 0x00000003


mem[X,0x800064CC] -> 0x006F
mem[X,0x800064CE] -> 0x0040
[560] [M]: 0x800064CC (0x0040006F) jal zero, 4


mem[X,0x800064D0] -> 0xA223
mem[X,0x800064D2] -> 0x0840
[561] [M]: 0x800064D0 (0x0840A223) sw tp, 132(ra)
mem[0x8003A1EC] <- 0x00000003


mem[X,0x800064D4] -> 0x0513
mem[X,0x800064D6] -> 0x4000
[562] [M]: 0x800064D4 (0x40000513) addi a0, zero, 1024
x10 <- 0x00000400


mem[X,0x800064D8] -> 0x05B7
mem[X,0x800064DA] -> 0xFFF8
[563] [M]: 0x800064D8 (0xFFF805B7) lui a1, 1048448
x11 <- 0xFFF80000


mem[X,0x800064DC] -> 0x8593
mem[X,0x800064DE] -> 0xFFF5
[564] [M]: 0x800064DC (0xFFF58593) addi a1, a1, 4095
x11 <- 0xFFF7FFFF


mem[X,0x800064E0] -> 0x0213
mem[X,0x800064E2] -> 0x0000
[565] [M]: 0x800064E0 (0x00000213) addi tp, zero, 0
x4 <- 0x00000000


mem[X,0x800064E4] -> 0x006F
mem[X,0x800064E6] -> 0x00C0
[566] [M]: 0x800064E4 (0x00C0006F) jal zero, 12


mem[X,0x800064F0] -> 0x1063
mem[X,0x800064F2] -> 0x10B5
[567] [M]: 0x800064F0 (0x10B51063) bne a0, a1, 256


mem[X,0x800065F0] -> 0x0213
mem[X,0x800065F2] -> 0x0032
[568] [M]: 0x800065F0 (0x00320213) addi tp, tp, 3
x4 <- 0x00000003


mem[X,0x800065F4] -> 0x006F
mem[X,0x800065F6] -> 0x0040
[569] [M]: 0x800065F4 (0x0040006F) jal zero, 4


mem[X,0x800065F8] -> 0xA423
mem[X,0x800065FA] -> 0x0840
[570] [M]: 0x800065F8 (0x0840A423) sw tp, 136(ra)
mem[0x8003A1F0] <- 0x00000003


mem[X,0x800065FC] -> 0x0513
mem[X,0x800065FE] -> 0x0000
[571] [M]: 0x800065FC (0x00000513) addi a0, zero, 0
x10 <- 0x00000000


mem[X,0x80006600] -> 0x05B7
mem[X,0x80006602] -> 0xFFF0
[572] [M]: 0x80006600 (0xFFF005B7) lui a1, 1048320
x11 <- 0xFFF00000


mem[X,0x80006604] -> 0x8593
mem[X,0x80006606] -> 0xFFF5
[573] [M]: 0x80006604 (0xFFF58593) addi a1, a1, 4095
x11 <- 0xFFEFFFFF


mem[X,0x80006608] -> 0x0213
mem[X,0x8000660A] -> 0x0000
[574] [M]: 0x80006608 (0x00000213) addi tp, zero, 0
x4 <- 0x00000000


mem[X,0x8000660C] -> 0x006F
mem[X,0x8000660E] -> 0x00C0
[575] [M]: 0x8000660C (0x00C0006F) jal zero, 12


mem[X,0x80006618] -> 0x1063
mem[X,0x8000661A] -> 0x10B5
[576] [M]: 0x80006618 (0x10B51063) bne a0, a1, 256


mem[X,0x80006718] -> 0x0213
mem[X,0x8000671A] -> 0x0032
[577] [M]: 0x80006718 (0x00320213) addi tp, tp, 3
x4 <- 0x00000003


mem[X,0x8000671C] -> 0x006F
mem[X,0x8000671E] -> 0x0040
[578] [M]: 0x8000671C (0x0040006F) jal zero, 4


mem[X,0x80006720] -> 0xA623
mem[X,0x80006722] -> 0x0840
[579] [M]: 0x80006720 (0x0840A623) sw tp, 140(ra)
mem[0x8003A1F4] <- 0x00000003


mem[X,0x80006724] -> 0x0513
mem[X,0x80006726] -> 0x0060
[580] [M]: 0x80006724 (0x00600513) addi a0, zero, 6
x10 <- 0x00000006


mem[X,0x80006728] -> 0x05B7
mem[X,0x8000672A] -> 0xFFE0
[581] [M]: 0x80006728 (0xFFE005B7) lui a1, 1048064
x11 <- 0xFFE00000


mem[X,0x8000672C] -> 0x8593
mem[X,0x8000672E] -> 0xFFF5
[582] [M]: 0x8000672C (0xFFF58593) addi a1, a1, 4095
x11 <- 0xFFDFFFFF


mem[X,0x80006730] -> 0x0213
mem[X,0x80006732] -> 0x0000
[583] [M]: 0x80006730 (0x00000213) addi tp, zero, 0
x4 <- 0x00000000


mem[X,0x80006734] -> 0x006F
mem[X,0x80006736] -> 0x00C0
[584] [M]: 0x80006734 (0x00C0006F) jal zero, 12


mem[X,0x80006740] -> 0x1063
mem[X,0x80006742] -> 0x20B5
[585] [M]: 0x80006740 (0x20B51063) bne a0, a1, 512


mem[X,0x80006940] -> 0x0213
mem[X,0x80006942] -> 0x0032
[586] [M]: 0x80006940 (0x00320213) addi tp, tp, 3
x4 <- 0x00000003


mem[X,0x80006944] -> 0x006F
mem[X,0x80006946] -> 0x0040
[587] [M]: 0x80006944 (0x0040006F) jal zero, 4


mem[X,0x80006948] -> 0xA823
mem[X,0x8000694A] -> 0x0840
[588] [M]: 0x80006948 (0x0840A823) sw tp, 144(ra)
mem[0x8003A1F8] <- 0x00000003


mem[X,0x8000694C] -> 0x0537
mem[X,0x8000694E] -> 0x8000
[589] [M]: 0x8000694C (0x80000537) lui a0, 524288
x10 <- 0x80000000


mem[X,0x80006950] -> 0x05B7
mem[X,0x80006952] -> 0xFFC0
[590] [M]: 0x80006950 (0xFFC005B7) lui a1, 1047552
x11 <- 0xFFC00000


mem[X,0x80006954] -> 0x8593
mem[X,0x80006956] -> 0xFFF5
[591] [M]: 0x80006954 (0xFFF58593) addi a1, a1, 4095
x11 <- 0xFFBFFFFF


mem[X,0x80006958] -> 0x0213
mem[X,0x8000695A] -> 0x0000
[592] [M]: 0x80006958 (0x00000213) addi tp, zero, 0
x4 <- 0x00000000


mem[X,0x8000695C] -> 0x006F
mem[X,0x8000695E] -> 0x00C0
[593] [M]: 0x8000695C (0x00C0006F) jal zero, 12


mem[X,0x80006968] -> 0x1663
mem[X,0x8000696A] -> 0x00B5
[594] [M]: 0x80006968 (0x00B51663) bne a0, a1, 12


mem[X,0x80006974] -> 0x0213
mem[X,0x80006976] -> 0x0032
[595] [M]: 0x80006974 (0x00320213) addi tp, tp, 3
x4 <- 0x00000003


mem[X,0x80006978] -> 0x006F
mem[X,0x8000697A] -> 0x0040
[596] [M]: 0x80006978 (0x0040006F) jal zero, 4


mem[X,0x8000697C] -> 0xAA23
mem[X,0x8000697E] -> 0x0840
[597] [M]: 0x8000697C (0x0840AA23) sw tp, 148(ra)
mem[0x8003A1FC] <- 0x00000003


mem[X,0x80006980] -> 0x0513
mem[X,0x80006982] -> 0x0030
[598] [M]: 0x80006980 (0x00300513) addi a0, zero, 3
x10 <- 0x00000003


mem[X,0x80006984] -> 0x05B7
mem[X,0x80006986] -> 0xFF80
[599] [M]: 0x80006984 (0xFF8005B7) lui a1, 1046528
x11 <- 0xFF800000


clint::tick mtime <- 0x0000000000000006
 clint timer pending at mtime 0x0000000000000006
htif::tick 0x0000000000000000
mem[X,0x80006988] -> 0x8593
mem[X,0x8000698A] -> 0xFFF5
[600] [M]: 0x80006988 (0xFFF58593) addi a1, a1, 4095
x11 <- 0xFF7FFFFF


mem[X,0x8000698C] -> 0x0213
mem[X,0x8000698E] -> 0x0000
[601] [M]: 0x8000698C (0x00000213) addi tp, zero, 0
x4 <- 0x00000000


mem[X,0x80006990] -> 0x006F
mem[X,0x80006992] -> 0x00C0
[602] [M]: 0x80006990 (0x00C0006F) jal zero, 12


mem[X,0x8000699C] -> 0x1863
mem[X,0x8000699E] -> 0x00B5
[603] [M]: 0x8000699C (0x00B51863) bne a0, a1, 16


mem[X,0x800069AC] -> 0x0213
mem[X,0x800069AE] -> 0x0032
[604] [M]: 0x800069AC (0x00320213) addi tp, tp, 3
x4 <- 0x00000003


mem[X,0x800069B0] -> 0x006F
mem[X,0x800069B2] -> 0x0040
[605] [M]: 0x800069B0 (0x0040006F) jal zero, 4


mem[X,0x800069B4] -> 0xAC23
mem[X,0x800069B6] -> 0x0840
[606] [M]: 0x800069B4 (0x0840AC23) sw tp, 152(ra)
mem[0x8003A200] <- 0x00000003


mem[X,0x800069B8] -> 0x0513
mem[X,0x800069BA] -> 0x0040
[607] [M]: 0x800069B8 (0x00400513) addi a0, zero, 4
x10 <- 0x00000004


mem[X,0x800069BC] -> 0x05B7
mem[X,0x800069BE] -> 0xFF00
[608] [M]: 0x800069BC (0xFF0005B7) lui a1, 1044480
x11 <- 0xFF000000


mem[X,0x800069C0] -> 0x8593
mem[X,0x800069C2] -> 0xFFF5
[609] [M]: 0x800069C0 (0xFFF58593) addi a1, a1, 4095
x11 <- 0xFEFFFFFF


mem[X,0x800069C4] -> 0x0213
mem[X,0x800069C6] -> 0x0000
[610] [M]: 0x800069C4 (0x00000213) addi tp, zero, 0
x4 <- 0x00000000


mem[X,0x800069C8] -> 0x006F
mem[X,0x800069CA] -> 0x00C0
[611] [M]: 0x800069C8 (0x00C0006F) jal zero, 12


mem[X,0x800069D4] -> 0x1063
mem[X,0x800069D6] -> 0x08B5
[612] [M]: 0x800069D4 (0x08B51063) bne a0, a1, 128


mem[X,0x80006A54] -> 0x0213
mem[X,0x80006A56] -> 0x0032
[613] [M]: 0x80006A54 (0x00320213) addi tp, tp, 3
x4 <- 0x00000003


mem[X,0x80006A58] -> 0x006F
mem[X,0x80006A5A] -> 0x0040
[614] [M]: 0x80006A58 (0x0040006F) jal zero, 4


mem[X,0x80006A5C] -> 0xAE23
mem[X,0x80006A5E] -> 0x0840
[615] [M]: 0x80006A5C (0x0840AE23) sw tp, 156(ra)
mem[0x8003A204] <- 0x00000003


mem[X,0x80006A60] -> 0x0513
mem[X,0x80006A62] -> 0xFFF0
[616] [M]: 0x80006A60 (0xFFF00513) addi a0, zero, 4095
x10 <- 0xFFFFFFFF


mem[X,0x80006A64] -> 0x05B7
mem[X,0x80006A66] -> 0xFE00
[617] [M]: 0x80006A64 (0xFE0005B7) lui a1, 1040384
x11 <- 0xFE000000


mem[X,0x80006A68] -> 0x8593
mem[X,0x80006A6A] -> 0xFFF5
[618] [M]: 0x80006A68 (0xFFF58593) addi a1, a1, 4095
x11 <- 0xFDFFFFFF


mem[X,0x80006A6C] -> 0x0213
mem[X,0x80006A6E] -> 0x0000
[619] [M]: 0x80006A6C (0x00000213) addi tp, zero, 0
x4 <- 0x00000000


mem[X,0x80006A70] -> 0x006F
mem[X,0x80006A72] -> 0x00C0
[620] [M]: 0x80006A70 (0x00C0006F) jal zero, 12


mem[X,0x80006A7C] -> 0x1063
mem[X,0x80006A7E] -> 0x04B5
[621] [M]: 0x80006A7C (0x04B51063) bne a0, a1, 64


mem[X,0x80006ABC] -> 0x0213
mem[X,0x80006ABE] -> 0x0032
[622] [M]: 0x80006ABC (0x00320213) addi tp, tp, 3
x4 <- 0x00000003


mem[X,0x80006AC0] -> 0x006F
mem[X,0x80006AC2] -> 0x0040
[623] [M]: 0x80006AC0 (0x0040006F) jal zero, 4


mem[X,0x80006AC4] -> 0xA023
mem[X,0x80006AC6] -> 0x0A40
[624] [M]: 0x80006AC4 (0x0A40A023) sw tp, 160(ra)
mem[0x8003A208] <- 0x00000003


mem[X,0x80006AC8] -> 0x0513
mem[X,0x80006ACA] -> 0x0070
[625] [M]: 0x80006AC8 (0x00700513) addi a0, zero, 7
x10 <- 0x00000007


mem[X,0x80006ACC] -> 0x05B7
mem[X,0x80006ACE] -> 0xFC00
[626] [M]: 0x80006ACC (0xFC0005B7) lui a1, 1032192
x11 <- 0xFC000000


mem[X,0x80006AD0] -> 0x8593
mem[X,0x80006AD2] -> 0xFFF5
[627] [M]: 0x80006AD0 (0xFFF58593) addi a1, a1, 4095
x11 <- 0xFBFFFFFF


mem[X,0x80006AD4] -> 0x0213
mem[X,0x80006AD6] -> 0x0000
[628] [M]: 0x80006AD4 (0x00000213) addi tp, zero, 0
x4 <- 0x00000000


mem[X,0x80006AD8] -> 0x006F
mem[X,0x80006ADA] -> 0x0050
[629] [M]: 0x80006AD8 (0x0050006F) jal zero, 2052


mem[X,0x800072DC] -> 0x10E3
mem[X,0x800072DE] -> 0x80B5
[630] [M]: 0x800072DC (0x80B510E3) bne a0, a1, 6144


mem[X,0x80006ADC] -> 0x0213
mem[X,0x80006ADE] -> 0x0012
[631] [M]: 0x80006ADC (0x00120213) addi tp, tp, 1
x4 <- 0x00000001


mem[X,0x80006AE0] -> 0x006F
mem[X,0x80006AE2] -> 0x0110
[632] [M]: 0x80006AE0 (0x0110006F) jal zero, 2064


mem[X,0x800072F0] -> 0xA223
mem[X,0x800072F2] -> 0x0A40
[633] [M]: 0x800072F0 (0x0A40A223) sw tp, 164(ra)
mem[0x8003A20C] <- 0x00000001


mem[X,0x800072F4] -> 0x0513
mem[X,0x800072F6] -> 0x0050
[634] [M]: 0x800072F4 (0x00500513) addi a0, zero, 5
x10 <- 0x00000005


mem[X,0x800072F8] -> 0x05B7
mem[X,0x800072FA] -> 0xF800
[635] [M]: 0x800072F8 (0xF80005B7) lui a1, 1015808
x11 <- 0xF8000000


mem[X,0x800072FC] -> 0x8593
mem[X,0x800072FE] -> 0xFFF5
[636] [M]: 0x800072FC (0xFFF58593) addi a1, a1, 4095
x11 <- 0xF7FFFFFF


mem[X,0x80007300] -> 0x0213
mem[X,0x80007302] -> 0x0000
[637] [M]: 0x80007300 (0x00000213) addi tp, zero, 0
x4 <- 0x00000000


mem[X,0x80007304] -> 0x006F
mem[X,0x80007306] -> 0x00C0
[638] [M]: 0x80007304 (0x00C0006F) jal zero, 12


mem[X,0x80007310] -> 0x1CE3
mem[X,0x80007312] -> 0xFEB5
[639] [M]: 0x80007310 (0xFEB51CE3) bne a0, a1, 8184


mem[X,0x80007308] -> 0x0213
mem[X,0x8000730A] -> 0x0012
[640] [M]: 0x80007308 (0x00120213) addi tp, tp, 1
x4 <- 0x00000001


mem[X,0x8000730C] -> 0x006F
mem[X,0x8000730E] -> 0x0180
[641] [M]: 0x8000730C (0x0180006F) jal zero, 24


mem[X,0x80007324] -> 0xA423
mem[X,0x80007326] -> 0x0A40
[642] [M]: 0x80007324 (0x0A40A423) sw tp, 168(ra)
mem[0x8003A210] <- 0x00000001


mem[X,0x80007328] -> 0x0537
mem[X,0x8000732A] -> 0xFE00
[643] [M]: 0x80007328 (0xFE000537) lui a0, 1040384
x10 <- 0xFE000000


mem[X,0x8000732C] -> 0x0513
mem[X,0x8000732E] -> 0xFFF5
[644] [M]: 0x8000732C (0xFFF50513) addi a0, a0, 4095
x10 <- 0xFDFFFFFF


mem[X,0x80007330] -> 0x05B7
mem[X,0x80007332] -> 0xE000
[645] [M]: 0x80007330 (0xE00005B7) lui a1, 917504
x11 <- 0xE0000000


mem[X,0x80007334] -> 0x8593
mem[X,0x80007336] -> 0xFFF5
[646] [M]: 0x80007334 (0xFFF58593) addi a1, a1, 4095
x11 <- 0xDFFFFFFF


mem[X,0x80007338] -> 0x0213
mem[X,0x8000733A] -> 0x0000
[647] [M]: 0x80007338 (0x00000213) addi tp, zero, 0
x4 <- 0x00000000


mem[X,0x8000733C] -> 0x006F
mem[X,0x8000733E] -> 0x00C0
[648] [M]: 0x8000733C (0x00C0006F) jal zero, 12


mem[X,0x80007348] -> 0x1063
mem[X,0x8000734A] -> 0x40B5
[649] [M]: 0x80007348 (0x40B51063) bne a0, a1, 1024


mem[X,0x80007748] -> 0x0213
mem[X,0x8000774A] -> 0x0032
[650] [M]: 0x80007748 (0x00320213) addi tp, tp, 3
x4 <- 0x00000003


mem[X,0x8000774C] -> 0x006F
mem[X,0x8000774E] -> 0x0040
[651] [M]: 0x8000774C (0x0040006F) jal zero, 4


mem[X,0x80007750] -> 0xA623
mem[X,0x80007752] -> 0x0A40
[652] [M]: 0x80007750 (0x0A40A623) sw tp, 172(ra)
mem[0x8003A214] <- 0x00000003


mem[X,0x80007754] -> 0x0537
mem[X,0x80007756] -> 0x4000
[653] [M]: 0x80007754 (0x40000537) lui a0, 262144
x10 <- 0x40000000


mem[X,0x80007758] -> 0x0513
mem[X,0x8000775A] -> 0xFFF5
[654] [M]: 0x80007758 (0xFFF50513) addi a0, a0, 4095
x10 <- 0x3FFFFFFF


mem[X,0x8000775C] -> 0x05B7
mem[X,0x8000775E] -> 0x8000
[655] [M]: 0x8000775C (0x800005B7) lui a1, 524288
x11 <- 0x80000000


mem[X,0x80007760] -> 0x8593
mem[X,0x80007762] -> 0xFFF5
[656] [M]: 0x80007760 (0xFFF58593) addi a1, a1, 4095
x11 <- 0x7FFFFFFF


mem[X,0x80007764] -> 0x0213
mem[X,0x80007766] -> 0x0000
[657] [M]: 0x80007764 (0x00000213) addi tp, zero, 0
x4 <- 0x00000000


mem[X,0x80007768] -> 0x006F
mem[X,0x8000776A] -> 0x00C0
[658] [M]: 0x80007768 (0x00C0006F) jal zero, 12


mem[X,0x80007774] -> 0x1063
mem[X,0x80007776] -> 0x20B5
[659] [M]: 0x80007774 (0x20B51063) bne a0, a1, 512


mem[X,0x80007974] -> 0x0213
mem[X,0x80007976] -> 0x0032
[660] [M]: 0x80007974 (0x00320213) addi tp, tp, 3
x4 <- 0x00000003


mem[X,0x80007978] -> 0x006F
mem[X,0x8000797A] -> 0x0040
[661] [M]: 0x80007978 (0x0040006F) jal zero, 4


mem[X,0x8000797C] -> 0xA823
mem[X,0x8000797E] -> 0x0A40
[662] [M]: 0x8000797C (0x0A40A823) sw tp, 176(ra)
mem[0x8003A218] <- 0x00000003


mem[X,0x80007980] -> 0x0513
mem[X,0x80007982] -> 0x0060
[663] [M]: 0x80007980 (0x00600513) addi a0, zero, 6
x10 <- 0x00000006


mem[X,0x80007984] -> 0x55B7
mem[X,0x80007986] -> 0x5555
[664] [M]: 0x80007984 (0x555555B7) lui a1, 349525
x11 <- 0x55555000


mem[X,0x80007988] -> 0x8593
mem[X,0x8000798A] -> 0x5555
[665] [M]: 0x80007988 (0x55558593) addi a1, a1, 1365
x11 <- 0x55555555


mem[X,0x8000798C] -> 0x0213
mem[X,0x8000798E] -> 0x0000
[666] [M]: 0x8000798C (0x00000213) addi tp, zero, 0
x4 <- 0x00000000


mem[X,0x80007990] -> 0x006F
mem[X,0x80007992] -> 0x00C0
[667] [M]: 0x80007990 (0x00C0006F) jal zero, 12


mem[X,0x8000799C] -> 0x1663
mem[X,0x8000799E] -> 0x00B5
[668] [M]: 0x8000799C (0x00B51663) bne a0, a1, 12


mem[X,0x800079A8] -> 0x0213
mem[X,0x800079AA] -> 0x0032
[669] [M]: 0x800079A8 (0x00320213) addi tp, tp, 3
x4 <- 0x00000003


mem[X,0x800079AC] -> 0x006F
mem[X,0x800079AE] -> 0x0040
[670] [M]: 0x800079AC (0x0040006F) jal zero, 4


mem[X,0x800079B0] -> 0xAA23
mem[X,0x800079B2] -> 0x0A40
[671] [M]: 0x800079B0 (0x0A40AA23) sw tp, 180(ra)
mem[0x8003A21C] <- 0x00000003


mem[X,0x800079B4] -> 0x0513
mem[X,0x800079B6] -> 0xFEF0
[672] [M]: 0x800079B4 (0xFEF00513) addi a0, zero, 4079
x10 <- 0xFFFFFFEF


mem[X,0x800079B8] -> 0xB5B7
mem[X,0x800079BA] -> 0xAAAA
[673] [M]: 0x800079B8 (0xAAAAB5B7) lui a1, 699051
x11 <- 0xAAAAB000


mem[X,0x800079BC] -> 0x8593
mem[X,0x800079BE] -> 0xAAA5
[674] [M]: 0x800079BC (0xAAA58593) addi a1, a1, 2730
x11 <- 0xAAAAAAAA


mem[X,0x800079C0] -> 0x0213
mem[X,0x800079C2] -> 0x0000
[675] [M]: 0x800079C0 (0x00000213) addi tp, zero, 0
x4 <- 0x00000000


mem[X,0x800079C4] -> 0x006F
mem[X,0x800079C6] -> 0x00C0
[676] [M]: 0x800079C4 (0x00C0006F) jal zero, 12


mem[X,0x800079D0] -> 0x1063
mem[X,0x800079D2] -> 0x10B5
[677] [M]: 0x800079D0 (0x10B51063) bne a0, a1, 256


mem[X,0x80007AD0] -> 0x0213
mem[X,0x80007AD2] -> 0x0032
[678] [M]: 0x80007AD0 (0x00320213) addi tp, tp, 3
x4 <- 0x00000003


mem[X,0x80007AD4] -> 0x006F
mem[X,0x80007AD6] -> 0x0040
[679] [M]: 0x80007AD4 (0x0040006F) jal zero, 4


mem[X,0x80007AD8] -> 0xAC23
mem[X,0x80007ADA] -> 0x0A40
[680] [M]: 0x80007AD8 (0x0A40AC23) sw tp, 184(ra)
mem[0x8003A220] <- 0x00000003


mem[X,0x80007ADC] -> 0x0513
mem[X,0x80007ADE] -> 0x0080
[681] [M]: 0x80007ADC (0x00800513) addi a0, zero, 8
x10 <- 0x00000008


mem[X,0x80007AE0] -> 0x35B7
mem[X,0x80007AE2] -> 0x3333
[682] [M]: 0x80007AE0 (0x333335B7) lui a1, 209715
x11 <- 0x33333000


mem[X,0x80007AE4] -> 0x8593
mem[X,0x80007AE6] -> 0x3345
[683] [M]: 0x80007AE4 (0x33458593) addi a1, a1, 820
x11 <- 0x33333334


mem[X,0x80007AE8] -> 0x0213
mem[X,0x80007AEA] -> 0x0000
[684] [M]: 0x80007AE8 (0x00000213) addi tp, zero, 0
x4 <- 0x00000000


mem[X,0x80007AEC] -> 0x006F
mem[X,0x80007AEE] -> 0x00C0
[685] [M]: 0x80007AEC (0x00C0006F) jal zero, 12


mem[X,0x80007AF8] -> 0x1063
mem[X,0x80007AFA] -> 0x40B5
[686] [M]: 0x80007AF8 (0x40B51063) bne a0, a1, 1024


mem[X,0x80007EF8] -> 0x0213
mem[X,0x80007EFA] -> 0x0032
[687] [M]: 0x80007EF8 (0x00320213) addi tp, tp, 3
x4 <- 0x00000003


mem[X,0x80007EFC] -> 0x006F
mem[X,0x80007EFE] -> 0x0040
[688] [M]: 0x80007EFC (0x0040006F) jal zero, 4


mem[X,0x80007F00] -> 0xAE23
mem[X,0x80007F02] -> 0x0A40
[689] [M]: 0x80007F00 (0x0A40AE23) sw tp, 188(ra)
mem[0x8003A224] <- 0x00000003


mem[X,0x80007F04] -> 0x0513
mem[X,0x80007F06] -> 0x0400
[690] [M]: 0x80007F04 (0x04000513) addi a0, zero, 64
x10 <- 0x00000040


mem[X,0x80007F08] -> 0x0593
mem[X,0x80007F0A] -> 0xFDF0
[691] [M]: 0x80007F08 (0xFDF00593) addi a1, zero, 4063
x11 <- 0xFFFFFFDF


mem[X,0x80007F0C] -> 0x0213
mem[X,0x80007F0E] -> 0x0000
[692] [M]: 0x80007F0C (0x00000213) addi tp, zero, 0
x4 <- 0x00000000


mem[X,0x80007F10] -> 0x006F
mem[X,0x80007F12] -> 0x00C0
[693] [M]: 0x80007F10 (0x00C0006F) jal zero, 12


mem[X,0x80007F1C] -> 0x1063
mem[X,0x80007F1E] -> 0x02B5
[694] [M]: 0x80007F1C (0x02B51063) bne a0, a1, 32


mem[X,0x80007F3C] -> 0x0213
mem[X,0x80007F3E] -> 0x0032
[695] [M]: 0x80007F3C (0x00320213) addi tp, tp, 3
x4 <- 0x00000003


mem[X,0x80007F40] -> 0x006F
mem[X,0x80007F42] -> 0x0040
[696] [M]: 0x80007F40 (0x0040006F) jal zero, 4


mem[X,0x80007F44] -> 0xA023
mem[X,0x80007F46] -> 0x0C40
[697] [M]: 0x80007F44 (0x0C40A023) sw tp, 192(ra)
mem[0x8003A228] <- 0x00000003


mem[X,0x80007F48] -> 0x0513
mem[X,0x80007F4A] -> 0x1000
[698] [M]: 0x80007F48 (0x10000513) addi a0, zero, 256
x10 <- 0x00000100


mem[X,0x80007F4C] -> 0x0593
mem[X,0x80007F4E] -> 0xEFF0
[699] [M]: 0x80007F4C (0xEFF00593) addi a1, zero, 3839
x11 <- 0xFFFFFEFF


clint::tick mtime <- 0x0000000000000007
 clint timer pending at mtime 0x0000000000000007
htif::tick 0x0000000000000000
mem[X,0x80007F50] -> 0x0213
mem[X,0x80007F52] -> 0x0000
[700] [M]: 0x80007F50 (0x00000213) addi tp, zero, 0
x4 <- 0x00000000


mem[X,0x80007F54] -> 0x006F
mem[X,0x80007F56] -> 0x00C0
[701] [M]: 0x80007F54 (0x00C0006F) jal zero, 12


mem[X,0x80007F60] -> 0x1663
mem[X,0x80007F62] -> 0x00B5
[702] [M]: 0x80007F60 (0x00B51663) bne a0, a1, 12


mem[X,0x80007F6C] -> 0x0213
mem[X,0x80007F6E] -> 0x0032
[703] [M]: 0x80007F6C (0x00320213) addi tp, tp, 3
x4 <- 0x00000003


mem[X,0x80007F70] -> 0x006F
mem[X,0x80007F72] -> 0x0040
[704] [M]: 0x80007F70 (0x0040006F) jal zero, 4


mem[X,0x80007F74] -> 0xA223
mem[X,0x80007F76] -> 0x0C40
[705] [M]: 0x80007F74 (0x0C40A223) sw tp, 196(ra)
mem[0x8003A22C] <- 0x00000003


mem[X,0x80007F78] -> 0x0513
mem[X,0x80007F7A] -> 0x2000
[706] [M]: 0x80007F78 (0x20000513) addi a0, zero, 512
x10 <- 0x00000200


mem[X,0x80007F7C] -> 0x05B7
mem[X,0x80007F7E] -> 0xFE00
[707] [M]: 0x80007F7C (0xFE0005B7) lui a1, 1040384
x11 <- 0xFE000000


mem[X,0x80007F80] -> 0x8593
mem[X,0x80007F82] -> 0xFFF5
[708] [M]: 0x80007F80 (0xFFF58593) addi a1, a1, 4095
x11 <- 0xFDFFFFFF


mem[X,0x80007F84] -> 0x0213
mem[X,0x80007F86] -> 0x0000
[709] [M]: 0x80007F84 (0x00000213) addi tp, zero, 0
x4 <- 0x00000000


mem[X,0x80007F88] -> 0x006F
mem[X,0x80007F8A] -> 0x0180
[710] [M]: 0x80007F88 (0x0180006F) jal zero, 24


mem[X,0x80007FA0] -> 0x16E3
mem[X,0x80007FA2] -> 0xFEB5
[711] [M]: 0x80007FA0 (0xFEB516E3) bne a0, a1, 8172


mem[X,0x80007F8C] -> 0x0213
mem[X,0x80007F8E] -> 0x0012
[712] [M]: 0x80007F8C (0x00120213) addi tp, tp, 1
x4 <- 0x00000001


mem[X,0x80007F90] -> 0x006F
mem[X,0x80007F92] -> 0x0240
[713] [M]: 0x80007F90 (0x0240006F) jal zero, 36


mem[X,0x80007FB4] -> 0xA423
mem[X,0x80007FB6] -> 0x0C40
[714] [M]: 0x80007FB4 (0x0C40A423) sw tp, 200(ra)
mem[0x8003A230] <- 0x00000001


mem[X,0x80007FB8] -> 0x1537
mem[X,0x80007FBA] -> 0x0000
[715] [M]: 0x80007FB8 (0x00001537) lui a0, 1
x10 <- 0x00001000


mem[X,0x80007FBC] -> 0x0513
mem[X,0x80007FBE] -> 0x8005
[716] [M]: 0x80007FBC (0x80050513) addi a0, a0, 2048
x10 <- 0x00000800


mem[X,0x80007FC0] -> 0x65B7
mem[X,0x80007FC2] -> 0x6666
[717] [M]: 0x80007FC0 (0x666665B7) lui a1, 419430
x11 <- 0x66666000


mem[X,0x80007FC4] -> 0x8593
mem[X,0x80007FC6] -> 0x6665
[718] [M]: 0x80007FC4 (0x66658593) addi a1, a1, 1638
x11 <- 0x66666666


mem[X,0x80007FC8] -> 0x0213
mem[X,0x80007FCA] -> 0x0000
[719] [M]: 0x80007FC8 (0x00000213) addi tp, zero, 0
x4 <- 0x00000000


mem[X,0x80007FCC] -> 0x006F
mem[X,0x80007FCE] -> 0x00C0
[720] [M]: 0x80007FCC (0x00C0006F) jal zero, 12


mem[X,0x80007FD8] -> 0x1663
mem[X,0x80007FDA] -> 0x00B5
[721] [M]: 0x80007FD8 (0x00B51663) bne a0, a1, 12


mem[X,0x80007FE4] -> 0x0213
mem[X,0x80007FE6] -> 0x0032
[722] [M]: 0x80007FE4 (0x00320213) addi tp, tp, 3
x4 <- 0x00000003


mem[X,0x80007FE8] -> 0x006F
mem[X,0x80007FEA] -> 0x0040
[723] [M]: 0x80007FE8 (0x0040006F) jal zero, 4


mem[X,0x80007FEC] -> 0xA623
mem[X,0x80007FEE] -> 0x0C40
[724] [M]: 0x80007FEC (0x0C40A623) sw tp, 204(ra)
mem[0x8003A234] <- 0x00000003


mem[X,0x80007FF0] -> 0x1537
mem[X,0x80007FF2] -> 0x0000
[725] [M]: 0x80007FF0 (0x00001537) lui a0, 1
x10 <- 0x00001000


mem[X,0x80007FF4] -> 0xB5B7
mem[X,0x80007FF6] -> 0x0000
[726] [M]: 0x80007FF4 (0x0000B5B7) lui a1, 11
x11 <- 0x0000B000


mem[X,0x80007FF8] -> 0x8593
mem[X,0x80007FFA] -> 0x5035
[727] [M]: 0x80007FF8 (0x50358593) addi a1, a1, 1283
x11 <- 0x0000B503


mem[X,0x80007FFC] -> 0x0213
mem[X,0x80007FFE] -> 0x0000
[728] [M]: 0x80007FFC (0x00000213) addi tp, zero, 0
x4 <- 0x00000000


mem[X,0x80008000] -> 0x006F
mem[X,0x80008002] -> 0x00C0
[729] [M]: 0x80008000 (0x00C0006F) jal zero, 12


mem[X,0x8000800C] -> 0x1663
mem[X,0x8000800E] -> 0x00B5
[730] [M]: 0x8000800C (0x00B51663) bne a0, a1, 12


mem[X,0x80008018] -> 0x0213
mem[X,0x8000801A] -> 0x0032
[731] [M]: 0x80008018 (0x00320213) addi tp, tp, 3
x4 <- 0x00000003


mem[X,0x8000801C] -> 0x006F
mem[X,0x8000801E] -> 0x0040
[732] [M]: 0x8000801C (0x0040006F) jal zero, 4


mem[X,0x80008020] -> 0xA823
mem[X,0x80008022] -> 0x0C40
[733] [M]: 0x80008020 (0x0C40A823) sw tp, 208(ra)
mem[0x8003A238] <- 0x00000003


mem[X,0x80008024] -> 0x2537
mem[X,0x80008026] -> 0x0000
[734] [M]: 0x80008024 (0x00002537) lui a0, 2
x10 <- 0x00002000


mem[X,0x80008028] -> 0x05B7
mem[X,0x8000802A] -> 0x2000
[735] [M]: 0x80008028 (0x200005B7) lui a1, 131072
x11 <- 0x20000000


mem[X,0x8000802C] -> 0x0213
mem[X,0x8000802E] -> 0x0000
[736] [M]: 0x8000802C (0x00000213) addi tp, zero, 0
x4 <- 0x00000000


mem[X,0x80008030] -> 0x006F
mem[X,0x80008032] -> 0x00C0
[737] [M]: 0x80008030 (0x00C0006F) jal zero, 12


mem[X,0x8000803C] -> 0x1663
mem[X,0x8000803E] -> 0x00B5
[738] [M]: 0x8000803C (0x00B51663) bne a0, a1, 12


mem[X,0x80008048] -> 0x0213
mem[X,0x8000804A] -> 0x0032
[739] [M]: 0x80008048 (0x00320213) addi tp, tp, 3
x4 <- 0x00000003


mem[X,0x8000804C] -> 0x006F
mem[X,0x8000804E] -> 0x0040
[740] [M]: 0x8000804C (0x0040006F) jal zero, 4


mem[X,0x80008050] -> 0xAA23
mem[X,0x80008052] -> 0x0C40
[741] [M]: 0x80008050 (0x0C40AA23) sw tp, 212(ra)
mem[0x8003A23C] <- 0x00000003


mem[X,0x80008054] -> 0x8537
mem[X,0x80008056] -> 0x0000
[742] [M]: 0x80008054 (0x00008537) lui a0, 8
x10 <- 0x00008000


mem[X,0x80008058] -> 0x65B7
mem[X,0x8000805A] -> 0x6666
[743] [M]: 0x80008058 (0x666665B7) lui a1, 419430
x11 <- 0x66666000


mem[X,0x8000805C] -> 0x8593
mem[X,0x8000805E] -> 0x6665
[744] [M]: 0x8000805C (0x66658593) addi a1, a1, 1638
x11 <- 0x66666666


mem[X,0x80008060] -> 0x0213
mem[X,0x80008062] -> 0x0000
[745] [M]: 0x80008060 (0x00000213) addi tp, zero, 0
x4 <- 0x00000000


mem[X,0x80008064] -> 0x006F
mem[X,0x80008066] -> 0x00C0
[746] [M]: 0x80008064 (0x00C0006F) jal zero, 12


mem[X,0x80008070] -> 0x1063
mem[X,0x80008072] -> 0x08B5
[747] [M]: 0x80008070 (0x08B51063) bne a0, a1, 128


mem[X,0x800080F0] -> 0x0213
mem[X,0x800080F2] -> 0x0032
[748] [M]: 0x800080F0 (0x00320213) addi tp, tp, 3
x4 <- 0x00000003


mem[X,0x800080F4] -> 0x006F
mem[X,0x800080F6] -> 0x0040
[749] [M]: 0x800080F4 (0x0040006F) jal zero, 4


mem[X,0x800080F8] -> 0xAC23
mem[X,0x800080FA] -> 0x0C40
[750] [M]: 0x800080F8 (0x0C40AC23) sw tp, 216(ra)
mem[0x8003A240] <- 0x00000003


mem[X,0x800080FC] -> 0x0537
mem[X,0x800080FE] -> 0x0001
[751] [M]: 0x800080FC (0x00010537) lui a0, 16
x10 <- 0x00010000


mem[X,0x80008100] -> 0x0593
mem[X,0x80008102] -> 0x0060
[752] [M]: 0x80008100 (0x00600593) addi a1, zero, 6
x11 <- 0x00000006


mem[X,0x80008104] -> 0x0213
mem[X,0x80008106] -> 0x0000
[753] [M]: 0x80008104 (0x00000213) addi tp, zero, 0
x4 <- 0x00000000


mem[X,0x80008108] -> 0x006F
mem[X,0x8000810A] -> 0x00C0
[754] [M]: 0x80008108 (0x00C0006F) jal zero, 12


mem[X,0x80008114] -> 0x1063
mem[X,0x80008116] -> 0x04B5
[755] [M]: 0x80008114 (0x04B51063) bne a0, a1, 64


mem[X,0x80008154] -> 0x0213
mem[X,0x80008156] -> 0x0032
[756] [M]: 0x80008154 (0x00320213) addi tp, tp, 3
x4 <- 0x00000003


mem[X,0x80008158] -> 0x006F
mem[X,0x8000815A] -> 0x0040
[757] [M]: 0x80008158 (0x0040006F) jal zero, 4


mem[X,0x8000815C] -> 0xAE23
mem[X,0x8000815E] -> 0x0C40
[758] [M]: 0x8000815C (0x0C40AE23) sw tp, 220(ra)
mem[0x8003A244] <- 0x00000003


mem[X,0x80008160] -> 0x0537
mem[X,0x80008162] -> 0x0004
[759] [M]: 0x80008160 (0x00040537) lui a0, 64
x10 <- 0x00040000


mem[X,0x80008164] -> 0x05B7
mem[X,0x80008166] -> 0xF000
[760] [M]: 0x80008164 (0xF00005B7) lui a1, 983040
x11 <- 0xF0000000


mem[X,0x80008168] -> 0x8593
mem[X,0x8000816A] -> 0xFFF5
[761] [M]: 0x80008168 (0xFFF58593) addi a1, a1, 4095
x11 <- 0xEFFFFFFF


mem[X,0x8000816C] -> 0x0213
mem[X,0x8000816E] -> 0x0000
[762] [M]: 0x8000816C (0x00000213) addi tp, zero, 0
x4 <- 0x00000000


mem[X,0x80008170] -> 0x006F
mem[X,0x80008172] -> 0x00C0
[763] [M]: 0x80008170 (0x00C0006F) jal zero, 12


mem[X,0x8000817C] -> 0x1063
mem[X,0x8000817E] -> 0x02B5
[764] [M]: 0x8000817C (0x02B51063) bne a0, a1, 32


mem[X,0x8000819C] -> 0x0213
mem[X,0x8000819E] -> 0x0032
[765] [M]: 0x8000819C (0x00320213) addi tp, tp, 3
x4 <- 0x00000003


mem[X,0x800081A0] -> 0x006F
mem[X,0x800081A2] -> 0x0040
[766] [M]: 0x800081A0 (0x0040006F) jal zero, 4


mem[X,0x800081A4] -> 0xA023
mem[X,0x800081A6] -> 0x0E40
[767] [M]: 0x800081A4 (0x0E40A023) sw tp, 224(ra)
mem[0x8003A248] <- 0x00000003


mem[X,0x800081A8] -> 0x0537
mem[X,0x800081AA] -> 0x0008
[768] [M]: 0x800081A8 (0x00080537) lui a0, 128
x10 <- 0x00080000


mem[X,0x800081AC] -> 0x05B7
mem[X,0x800081AE] -> 0xC000
[769] [M]: 0x800081AC (0xC00005B7) lui a1, 786432
x11 <- 0xC0000000


mem[X,0x800081B0] -> 0x0213
mem[X,0x800081B2] -> 0x0000
[770] [M]: 0x800081B0 (0x00000213) addi tp, zero, 0
x4 <- 0x00000000


mem[X,0x800081B4] -> 0x006F
mem[X,0x800081B6] -> 0x0140
[771] [M]: 0x800081B4 (0x0140006F) jal zero, 20


mem[X,0x800081C8] -> 0x18E3
mem[X,0x800081CA] -> 0xFEB5
[772] [M]: 0x800081C8 (0xFEB518E3) bne a0, a1, 8176


mem[X,0x800081B8] -> 0x0213
mem[X,0x800081BA] -> 0x0012
[773] [M]: 0x800081B8 (0x00120213) addi tp, tp, 1
x4 <- 0x00000001


mem[X,0x800081BC] -> 0x006F
mem[X,0x800081BE] -> 0x0200
[774] [M]: 0x800081BC (0x0200006F) jal zero, 32


mem[X,0x800081DC] -> 0xA223
mem[X,0x800081DE] -> 0x0E40
[775] [M]: 0x800081DC (0x0E40A223) sw tp, 228(ra)
mem[0x8003A24C] <- 0x00000001


mem[X,0x800081E0] -> 0x0537
mem[X,0x800081E2] -> 0x0010
[776] [M]: 0x800081E0 (0x00100537) lui a0, 256
x10 <- 0x00100000


mem[X,0x800081E4] -> 0x0593
mem[X,0x800081E6] -> 0x0800
[777] [M]: 0x800081E4 (0x08000593) addi a1, zero, 128
x11 <- 0x00000080


mem[X,0x800081E8] -> 0x0213
mem[X,0x800081EA] -> 0x0000
[778] [M]: 0x800081E8 (0x00000213) addi tp, zero, 0
x4 <- 0x00000000


mem[X,0x800081EC] -> 0x006F
mem[X,0x800081EE] -> 0x00C0
[779] [M]: 0x800081EC (0x00C0006F) jal zero, 12


mem[X,0x800081F8] -> 0x1063
mem[X,0x800081FA] -> 0x40B5
[780] [M]: 0x800081F8 (0x40B51063) bne a0, a1, 1024


mem[X,0x800085F8] -> 0x0213
mem[X,0x800085FA] -> 0x0032
[781] [M]: 0x800085F8 (0x00320213) addi tp, tp, 3
x4 <- 0x00000003


mem[X,0x800085FC] -> 0x006F
mem[X,0x800085FE] -> 0x0040
[782] [M]: 0x800085FC (0x0040006F) jal zero, 4


mem[X,0x80008600] -> 0xA423
mem[X,0x80008602] -> 0x0E40
[783] [M]: 0x80008600 (0x0E40A423) sw tp, 232(ra)
mem[0x8003A250] <- 0x00000003


mem[X,0x80008604] -> 0x0537
mem[X,0x80008606] -> 0x0020
[784] [M]: 0x80008604 (0x00200537) lui a0, 512
x10 <- 0x00200000


mem[X,0x80008608] -> 0x0593
mem[X,0x8000860A] -> 0x0030
[785] [M]: 0x80008608 (0x00300593) addi a1, zero, 3
x11 <- 0x00000003


mem[X,0x8000860C] -> 0x0213
mem[X,0x8000860E] -> 0x0000
[786] [M]: 0x8000860C (0x00000213) addi tp, zero, 0
x4 <- 0x00000000


mem[X,0x80008610] -> 0x006F
mem[X,0x80008612] -> 0x00C0
[787] [M]: 0x80008610 (0x00C0006F) jal zero, 12


mem[X,0x8000861C] -> 0x1663
mem[X,0x8000861E] -> 0x00B5
[788] [M]: 0x8000861C (0x00B51663) bne a0, a1, 12


mem[X,0x80008628] -> 0x0213
mem[X,0x8000862A] -> 0x0032
[789] [M]: 0x80008628 (0x00320213) addi tp, tp, 3
x4 <- 0x00000003


mem[X,0x8000862C] -> 0x006F
mem[X,0x8000862E] -> 0x0040
[790] [M]: 0x8000862C (0x0040006F) jal zero, 4


mem[X,0x80008630] -> 0xA623
mem[X,0x80008632] -> 0x0E40
[791] [M]: 0x80008630 (0x0E40A623) sw tp, 236(ra)
mem[0x8003A254] <- 0x00000003


mem[X,0x80008634] -> 0x0537
mem[X,0x80008636] -> 0x0040
[792] [M]: 0x80008634 (0x00400537) lui a0, 1024
x10 <- 0x00400000


mem[X,0x80008638] -> 0x0593
mem[X,0x8000863A] -> 0x0000
[793] [M]: 0x80008638 (0x00000593) addi a1, zero, 0
x11 <- 0x00000000


mem[X,0x8000863C] -> 0x0213
mem[X,0x8000863E] -> 0x0000
[794] [M]: 0x8000863C (0x00000213) addi tp, zero, 0
x4 <- 0x00000000


mem[X,0x80008640] -> 0x006F
mem[X,0x80008642] -> 0x00C0
[795] [M]: 0x80008640 (0x00C0006F) jal zero, 12


mem[X,0x8000864C] -> 0x1663
mem[X,0x8000864E] -> 0x00B5
[796] [M]: 0x8000864C (0x00B51663) bne a0, a1, 12


mem[X,0x80008658] -> 0x0213
mem[X,0x8000865A] -> 0x0032
[797] [M]: 0x80008658 (0x00320213) addi tp, tp, 3
x4 <- 0x00000003


mem[X,0x8000865C] -> 0x006F
mem[X,0x8000865E] -> 0x0040
[798] [M]: 0x8000865C (0x0040006F) jal zero, 4


mem[X,0x80008660] -> 0xA823
mem[X,0x80008662] -> 0x0E40
[799] [M]: 0x80008660 (0x0E40A823) sw tp, 240(ra)
mem[0x8003A258] <- 0x00000003


clint::tick mtime <- 0x0000000000000008
 clint timer pending at mtime 0x0000000000000008
htif::tick 0x0000000000000000
mem[X,0x80008664] -> 0x0537
mem[X,0x80008666] -> 0x0080
[800] [M]: 0x80008664 (0x00800537) lui a0, 2048
x10 <- 0x00800000


mem[X,0x80008668] -> 0x0593
mem[X,0x8000866A] -> 0x0040
[801] [M]: 0x80008668 (0x00400593) addi a1, zero, 4
x11 <- 0x00000004


mem[X,0x8000866C] -> 0x0213
mem[X,0x8000866E] -> 0x0000
[802] [M]: 0x8000866C (0x00000213) addi tp, zero, 0
x4 <- 0x00000000


mem[X,0x80008670] -> 0x006F
mem[X,0x80008672] -> 0x00C0
[803] [M]: 0x80008670 (0x00C0006F) jal zero, 12


mem[X,0x8000867C] -> 0x1663
mem[X,0x8000867E] -> 0x00B5
[804] [M]: 0x8000867C (0x00B51663) bne a0, a1, 12


mem[X,0x80008688] -> 0x0213
mem[X,0x8000868A] -> 0x0032
[805] [M]: 0x80008688 (0x00320213) addi tp, tp, 3
x4 <- 0x00000003


mem[X,0x8000868C] -> 0x006F
mem[X,0x8000868E] -> 0x0040
[806] [M]: 0x8000868C (0x0040006F) jal zero, 4


mem[X,0x80008690] -> 0xAA23
mem[X,0x80008692] -> 0x0E40
[807] [M]: 0x80008690 (0x0E40AA23) sw tp, 244(ra)
mem[0x8003A25C] <- 0x00000003


mem[X,0x80008694] -> 0x0537
mem[X,0x80008696] -> 0x0200
[808] [M]: 0x80008694 (0x02000537) lui a0, 8192
x10 <- 0x02000000


mem[X,0x80008698] -> 0x0593
mem[X,0x8000869A] -> 0xF7F0
[809] [M]: 0x80008698 (0xF7F00593) addi a1, zero, 3967
x11 <- 0xFFFFFF7F


mem[X,0x8000869C] -> 0x0213
mem[X,0x8000869E] -> 0x0000
[810] [M]: 0x8000869C (0x00000213) addi tp, zero, 0
x4 <- 0x00000000


mem[X,0x800086A0] -> 0x006F
mem[X,0x800086A2] -> 0x0140
[811] [M]: 0x800086A0 (0x0140006F) jal zero, 20


mem[X,0x800086B4] -> 0x18E3
mem[X,0x800086B6] -> 0xFEB5
[812] [M]: 0x800086B4 (0xFEB518E3) bne a0, a1, 8176


mem[X,0x800086A4] -> 0x0213
mem[X,0x800086A6] -> 0x0012
[813] [M]: 0x800086A4 (0x00120213) addi tp, tp, 1
x4 <- 0x00000001


mem[X,0x800086A8] -> 0x006F
mem[X,0x800086AA] -> 0x0200
[814] [M]: 0x800086A8 (0x0200006F) jal zero, 32


mem[X,0x800086C8] -> 0xAC23
mem[X,0x800086CA] -> 0x0E40
[815] [M]: 0x800086C8 (0x0E40AC23) sw tp, 248(ra)
mem[0x8003A260] <- 0x00000001


mem[X,0x800086CC] -> 0x0537
mem[X,0x800086CE] -> 0x2000
[816] [M]: 0x800086CC (0x20000537) lui a0, 131072
x10 <- 0x20000000


mem[X,0x800086D0] -> 0x0593
mem[X,0x800086D2] -> 0x1000
[817] [M]: 0x800086D0 (0x10000593) addi a1, zero, 256
x11 <- 0x00000100


mem[X,0x800086D4] -> 0x0213
mem[X,0x800086D6] -> 0x0000
[818] [M]: 0x800086D4 (0x00000213) addi tp, zero, 0
x4 <- 0x00000000


mem[X,0x800086D8] -> 0x006F
mem[X,0x800086DA] -> 0x00C0
[819] [M]: 0x800086D8 (0x00C0006F) jal zero, 12


mem[X,0x800086E4] -> 0x1CE3
mem[X,0x800086E6] -> 0xFEB5
[820] [M]: 0x800086E4 (0xFEB51CE3) bne a0, a1, 8184


mem[X,0x800086DC] -> 0x0213
mem[X,0x800086DE] -> 0x0012
[821] [M]: 0x800086DC (0x00120213) addi tp, tp, 1
x4 <- 0x00000001


mem[X,0x800086E0] -> 0x006F
mem[X,0x800086E2] -> 0x0180
[822] [M]: 0x800086E0 (0x0180006F) jal zero, 24


mem[X,0x800086F8] -> 0xAE23
mem[X,0x800086FA] -> 0x0E40
[823] [M]: 0x800086F8 (0x0E40AE23) sw tp, 252(ra)
mem[0x8003A264] <- 0x00000001


mem[X,0x800086FC] -> 0x0513
mem[X,0x800086FE] -> 0xFFE0
[824] [M]: 0x800086FC (0xFFE00513) addi a0, zero, 4094
x10 <- 0xFFFFFFFE


mem[X,0x80008700] -> 0x05B7
mem[X,0x80008702] -> 0x0020
[825] [M]: 0x80008700 (0x002005B7) lui a1, 512
x11 <- 0x00200000


mem[X,0x80008704] -> 0x0213
mem[X,0x80008706] -> 0x0000
[826] [M]: 0x80008704 (0x00000213) addi tp, zero, 0
x4 <- 0x00000000


mem[X,0x80008708] -> 0x006F
mem[X,0x8000870A] -> 0x00C0
[827] [M]: 0x80008708 (0x00C0006F) jal zero, 12


mem[X,0x80008714] -> 0x1663
mem[X,0x80008716] -> 0x00B5
[828] [M]: 0x80008714 (0x00B51663) bne a0, a1, 12


mem[X,0x80008720] -> 0x0213
mem[X,0x80008722] -> 0x0032
[829] [M]: 0x80008720 (0x00320213) addi tp, tp, 3
x4 <- 0x00000003


mem[X,0x80008724] -> 0x006F
mem[X,0x80008726] -> 0x0040
[830] [M]: 0x80008724 (0x0040006F) jal zero, 4


mem[X,0x80008728] -> 0xA023
mem[X,0x8000872A] -> 0x1040
[831] [M]: 0x80008728 (0x1040A023) sw tp, 256(ra)
mem[0x8003A268] <- 0x00000003


mem[X,0x8000872C] -> 0x0513
mem[X,0x8000872E] -> 0xFFD0
[832] [M]: 0x8000872C (0xFFD00513) addi a0, zero, 4093
x10 <- 0xFFFFFFFD


mem[X,0x80008730] -> 0x0593
mem[X,0x80008732] -> 0x0000
[833] [M]: 0x80008730 (0x00000593) addi a1, zero, 0
x11 <- 0x00000000


mem[X,0x80008734] -> 0x0213
mem[X,0x80008736] -> 0x0000
[834] [M]: 0x80008734 (0x00000213) addi tp, zero, 0
x4 <- 0x00000000


mem[X,0x80008738] -> 0x006F
mem[X,0x8000873A] -> 0x00C0
[835] [M]: 0x80008738 (0x00C0006F) jal zero, 12


mem[X,0x80008744] -> 0x1063
mem[X,0x80008746] -> 0x40B5
[836] [M]: 0x80008744 (0x40B51063) bne a0, a1, 1024


mem[X,0x80008B44] -> 0x0213
mem[X,0x80008B46] -> 0x0032
[837] [M]: 0x80008B44 (0x00320213) addi tp, tp, 3
x4 <- 0x00000003


mem[X,0x80008B48] -> 0x006F
mem[X,0x80008B4A] -> 0x0040
[838] [M]: 0x80008B48 (0x0040006F) jal zero, 4


mem[X,0x80008B4C] -> 0xA223
mem[X,0x80008B4E] -> 0x1040
[839] [M]: 0x80008B4C (0x1040A223) sw tp, 260(ra)
mem[0x8003A26C] <- 0x00000003


mem[X,0x80008B50] -> 0x0513
mem[X,0x80008B52] -> 0xFF70
[840] [M]: 0x80008B50 (0xFF700513) addi a0, zero, 4087
x10 <- 0xFFFFFFF7


mem[X,0x80008B54] -> 0x05B7
mem[X,0x80008B56] -> 0xFF00
[841] [M]: 0x80008B54 (0xFF0005B7) lui a1, 1044480
x11 <- 0xFF000000


mem[X,0x80008B58] -> 0x8593
mem[X,0x80008B5A] -> 0xFFF5
[842] [M]: 0x80008B58 (0xFFF58593) addi a1, a1, 4095
x11 <- 0xFEFFFFFF


mem[X,0x80008B5C] -> 0x0213
mem[X,0x80008B5E] -> 0x0000
[843] [M]: 0x80008B5C (0x00000213) addi tp, zero, 0
x4 <- 0x00000000


mem[X,0x80008B60] -> 0x006F
mem[X,0x80008B62] -> 0x00C0
[844] [M]: 0x80008B60 (0x00C0006F) jal zero, 12


mem[X,0x80008B6C] -> 0x1063
mem[X,0x80008B6E] -> 0x40B5
[845] [M]: 0x80008B6C (0x40B51063) bne a0, a1, 1024


mem[X,0x80008F6C] -> 0x0213
mem[X,0x80008F6E] -> 0x0032
[846] [M]: 0x80008F6C (0x00320213) addi tp, tp, 3
x4 <- 0x00000003


mem[X,0x80008F70] -> 0x006F
mem[X,0x80008F72] -> 0x0040
[847] [M]: 0x80008F70 (0x0040006F) jal zero, 4


mem[X,0x80008F74] -> 0xA423
mem[X,0x80008F76] -> 0x1040
[848] [M]: 0x80008F74 (0x1040A423) sw tp, 264(ra)
mem[0x8003A270] <- 0x00000003


mem[X,0x80008F78] -> 0x0513
mem[X,0x80008F7A] -> 0xFDF0
[849] [M]: 0x80008F78 (0xFDF00513) addi a0, zero, 4063
x10 <- 0xFFFFFFDF


mem[X,0x80008F7C] -> 0x35B7
mem[X,0x80008F7E] -> 0x3333
[850] [M]: 0x80008F7C (0x333335B7) lui a1, 209715
x11 <- 0x33333000


mem[X,0x80008F80] -> 0x8593
mem[X,0x80008F82] -> 0x3345
[851] [M]: 0x80008F80 (0x33458593) addi a1, a1, 820
x11 <- 0x33333334


mem[X,0x80008F84] -> 0x0213
mem[X,0x80008F86] -> 0x0000
[852] [M]: 0x80008F84 (0x00000213) addi tp, zero, 0
x4 <- 0x00000000


mem[X,0x80008F88] -> 0x006F
mem[X,0x80008F8A] -> 0x00C0
[853] [M]: 0x80008F88 (0x00C0006F) jal zero, 12


mem[X,0x80008F94] -> 0x1063
mem[X,0x80008F96] -> 0x10B5
[854] [M]: 0x80008F94 (0x10B51063) bne a0, a1, 256


mem[X,0x80009094] -> 0x0213
mem[X,0x80009096] -> 0x0032
[855] [M]: 0x80009094 (0x00320213) addi tp, tp, 3
x4 <- 0x00000003


mem[X,0x80009098] -> 0x006F
mem[X,0x8000909A] -> 0x0040
[856] [M]: 0x80009098 (0x0040006F) jal zero, 4


mem[X,0x8000909C] -> 0xA623
mem[X,0x8000909E] -> 0x1040
[857] [M]: 0x8000909C (0x1040A623) sw tp, 268(ra)
mem[0x8003A274] <- 0x00000003


mem[X,0x800090A0] -> 0x0513
mem[X,0x800090A2] -> 0xF7F0
[858] [M]: 0x800090A0 (0xF7F00513) addi a0, zero, 3967
x10 <- 0xFFFFFF7F


mem[X,0x800090A4] -> 0x0593
mem[X,0x800090A6] -> 0x0050
[859] [M]: 0x800090A4 (0x00500593) addi a1, zero, 5
x11 <- 0x00000005


mem[X,0x800090A8] -> 0x0213
mem[X,0x800090AA] -> 0x0000
[860] [M]: 0x800090A8 (0x00000213) addi tp, zero, 0
x4 <- 0x00000000


mem[X,0x800090AC] -> 0x006F
mem[X,0x800090AE] -> 0x00C0
[861] [M]: 0x800090AC (0x00C0006F) jal zero, 12


mem[X,0x800090B8] -> 0x1063
mem[X,0x800090BA] -> 0x10B5
[862] [M]: 0x800090B8 (0x10B51063) bne a0, a1, 256


mem[X,0x800091B8] -> 0x0213
mem[X,0x800091BA] -> 0x0032
[863] [M]: 0x800091B8 (0x00320213) addi tp, tp, 3
x4 <- 0x00000003


mem[X,0x800091BC] -> 0x006F
mem[X,0x800091BE] -> 0x0040
[864] [M]: 0x800091BC (0x0040006F) jal zero, 4


mem[X,0x800091C0] -> 0xA823
mem[X,0x800091C2] -> 0x1040
[865] [M]: 0x800091C0 (0x1040A823) sw tp, 272(ra)
mem[0x8003A278] <- 0x00000003


mem[X,0x800091C4] -> 0x0513
mem[X,0x800091C6] -> 0xEFF0
[866] [M]: 0x800091C4 (0xEFF00513) addi a0, zero, 3839
x10 <- 0xFFFFFEFF


mem[X,0x800091C8] -> 0x0593
mem[X,0x800091CA] -> 0xFFD0
[867] [M]: 0x800091C8 (0xFFD00593) addi a1, zero, 4093
x11 <- 0xFFFFFFFD


mem[X,0x800091CC] -> 0x0213
mem[X,0x800091CE] -> 0x0000
[868] [M]: 0x800091CC (0x00000213) addi tp, zero, 0
x4 <- 0x00000000


mem[X,0x800091D0] -> 0x006F
mem[X,0x800091D2] -> 0x00C0
[869] [M]: 0x800091D0 (0x00C0006F) jal zero, 12


mem[X,0x800091DC] -> 0x1663
mem[X,0x800091DE] -> 0x00B5
[870] [M]: 0x800091DC (0x00B51663) bne a0, a1, 12


mem[X,0x800091E8] -> 0x0213
mem[X,0x800091EA] -> 0x0032
[871] [M]: 0x800091E8 (0x00320213) addi tp, tp, 3
x4 <- 0x00000003


mem[X,0x800091EC] -> 0x006F
mem[X,0x800091EE] -> 0x0040
[872] [M]: 0x800091EC (0x0040006F) jal zero, 4


mem[X,0x800091F0] -> 0xAA23
mem[X,0x800091F2] -> 0x1040
[873] [M]: 0x800091F0 (0x1040AA23) sw tp, 276(ra)
mem[0x8003A27C] <- 0x00000003


mem[X,0x800091F4] -> 0x0513
mem[X,0x800091F6] -> 0xDFF0
[874] [M]: 0x800091F4 (0xDFF00513) addi a0, zero, 3583
x10 <- 0xFFFFFDFF


mem[X,0x800091F8] -> 0x05B7
mem[X,0x800091FA] -> 0x2000
[875] [M]: 0x800091F8 (0x200005B7) lui a1, 131072
x11 <- 0x20000000


mem[X,0x800091FC] -> 0x0213
mem[X,0x800091FE] -> 0x0000
[876] [M]: 0x800091FC (0x00000213) addi tp, zero, 0
x4 <- 0x00000000


mem[X,0x80009200] -> 0x006F
mem[X,0x80009202] -> 0x00C0
[877] [M]: 0x80009200 (0x00C0006F) jal zero, 12


mem[X,0x8000920C] -> 0x1863
mem[X,0x8000920E] -> 0x00B5
[878] [M]: 0x8000920C (0x00B51863) bne a0, a1, 16


mem[X,0x8000921C] -> 0x0213
mem[X,0x8000921E] -> 0x0032
[879] [M]: 0x8000921C (0x00320213) addi tp, tp, 3
x4 <- 0x00000003


mem[X,0x80009220] -> 0x006F
mem[X,0x80009222] -> 0x0040
[880] [M]: 0x80009220 (0x0040006F) jal zero, 4


mem[X,0x80009224] -> 0xAC23
mem[X,0x80009226] -> 0x1040
[881] [M]: 0x80009224 (0x1040AC23) sw tp, 280(ra)
mem[0x8003A280] <- 0x00000003


mem[X,0x80009228] -> 0xE537
mem[X,0x8000922A] -> 0xFFFF
[882] [M]: 0x80009228 (0xFFFFE537) lui a0, 1048574
x10 <- 0xFFFFE000


mem[X,0x8000922C] -> 0x0513
mem[X,0x8000922E] -> 0xFFF5
[883] [M]: 0x8000922C (0xFFF50513) addi a0, a0, 4095
x10 <- 0xFFFFDFFF


mem[X,0x80009230] -> 0x05B7
mem[X,0x80009232] -> 0xFF00
[884] [M]: 0x80009230 (0xFF0005B7) lui a1, 1044480
x11 <- 0xFF000000


mem[X,0x80009234] -> 0x8593
mem[X,0x80009236] -> 0xFFF5
[885] [M]: 0x80009234 (0xFFF58593) addi a1, a1, 4095
x11 <- 0xFEFFFFFF


mem[X,0x80009238] -> 0x0213
mem[X,0x8000923A] -> 0x0000
[886] [M]: 0x80009238 (0x00000213) addi tp, zero, 0
x4 <- 0x00000000


mem[X,0x8000923C] -> 0x006F
mem[X,0x8000923E] -> 0x00C0
[887] [M]: 0x8000923C (0x00C0006F) jal zero, 12


mem[X,0x80009248] -> 0x1CE3
mem[X,0x8000924A] -> 0xFEB5
[888] [M]: 0x80009248 (0xFEB51CE3) bne a0, a1, 8184


mem[X,0x80009240] -> 0x0213
mem[X,0x80009242] -> 0x0012
[889] [M]: 0x80009240 (0x00120213) addi tp, tp, 1
x4 <- 0x00000001


mem[X,0x80009244] -> 0x006F
mem[X,0x80009246] -> 0x0180
[890] [M]: 0x80009244 (0x0180006F) jal zero, 24


mem[X,0x8000925C] -> 0xAE23
mem[X,0x8000925E] -> 0x1040
[891] [M]: 0x8000925C (0x1040AE23) sw tp, 284(ra)
mem[0x8003A284] <- 0x00000001


mem[X,0x80009260] -> 0xC537
mem[X,0x80009262] -> 0xFFFF
[892] [M]: 0x80009260 (0xFFFFC537) lui a0, 1048572
x10 <- 0xFFFFC000


mem[X,0x80009264] -> 0x0513
mem[X,0x80009266] -> 0xFFF5
[893] [M]: 0x80009264 (0xFFF50513) addi a0, a0, 4095
x10 <- 0xFFFFBFFF


mem[X,0x80009268] -> 0x0593
mem[X,0x8000926A] -> 0x0060
[894] [M]: 0x80009268 (0x00600593) addi a1, zero, 6
x11 <- 0x00000006


mem[X,0x8000926C] -> 0x0213
mem[X,0x8000926E] -> 0x0000
[895] [M]: 0x8000926C (0x00000213) addi tp, zero, 0
x4 <- 0x00000000


mem[X,0x80009270] -> 0x006F
mem[X,0x80009272] -> 0x0140
[896] [M]: 0x80009270 (0x0140006F) jal zero, 20


mem[X,0x80009284] -> 0x18E3
mem[X,0x80009286] -> 0xFEB5
[897] [M]: 0x80009284 (0xFEB518E3) bne a0, a1, 8176


mem[X,0x80009274] -> 0x0213
mem[X,0x80009276] -> 0x0012
[898] [M]: 0x80009274 (0x00120213) addi tp, tp, 1
x4 <- 0x00000001


mem[X,0x80009278] -> 0x006F
mem[X,0x8000927A] -> 0x0200
[899] [M]: 0x80009278 (0x0200006F) jal zero, 32


clint::tick mtime <- 0x0000000000000009
 clint timer pending at mtime 0x0000000000000009
htif::tick 0x0000000000000000
mem[X,0x80009298] -> 0xA023
mem[X,0x8000929A] -> 0x1240
[900] [M]: 0x80009298 (0x1240A023) sw tp, 288(ra)
mem[0x8003A288] <- 0x00000001


mem[X,0x8000929C] -> 0x8537
mem[X,0x8000929E] -> 0xFFFF
[901] [M]: 0x8000929C (0xFFFF8537) lui a0, 1048568
x10 <- 0xFFFF8000


mem[X,0x800092A0] -> 0x0513
mem[X,0x800092A2] -> 0xFFF5
[902] [M]: 0x800092A0 (0xFFF50513) addi a0, a0, 4095
x10 <- 0xFFFF7FFF


mem[X,0x800092A4] -> 0x05B7
mem[X,0x800092A6] -> 0xFFFC
[903] [M]: 0x800092A4 (0xFFFC05B7) lui a1, 1048512
x11 <- 0xFFFC0000


mem[X,0x800092A8] -> 0x8593
mem[X,0x800092AA] -> 0xFFF5
[904] [M]: 0x800092A8 (0xFFF58593) addi a1, a1, 4095
x11 <- 0xFFFBFFFF


mem[X,0x800092AC] -> 0x0213
mem[X,0x800092AE] -> 0x0000
[905] [M]: 0x800092AC (0x00000213) addi tp, zero, 0
x4 <- 0x00000000


mem[X,0x800092B0] -> 0x006F
mem[X,0x800092B2] -> 0x00C0
[906] [M]: 0x800092B0 (0x00C0006F) jal zero, 12


mem[X,0x800092BC] -> 0x1663
mem[X,0x800092BE] -> 0x00B5
[907] [M]: 0x800092BC (0x00B51663) bne a0, a1, 12


mem[X,0x800092C8] -> 0x0213
mem[X,0x800092CA] -> 0x0032
[908] [M]: 0x800092C8 (0x00320213) addi tp, tp, 3
x4 <- 0x00000003


mem[X,0x800092CC] -> 0x006F
mem[X,0x800092CE] -> 0x0040
[909] [M]: 0x800092CC (0x0040006F) jal zero, 4


mem[X,0x800092D0] -> 0xA223
mem[X,0x800092D2] -> 0x1240
[910] [M]: 0x800092D0 (0x1240A223) sw tp, 292(ra)
mem[0x8003A28C] <- 0x00000003


mem[X,0x800092D4] -> 0x0537
mem[X,0x800092D6] -> 0xFF80
[911] [M]: 0x800092D4 (0xFF800537) lui a0, 1046528
x10 <- 0xFF800000


mem[X,0x800092D8] -> 0x0513
mem[X,0x800092DA] -> 0xFFF5
[912] [M]: 0x800092D8 (0xFFF50513) addi a0, a0, 4095
x10 <- 0xFF7FFFFF


mem[X,0x800092DC] -> 0x05B7
mem[X,0x800092DE] -> 0xFE00
[913] [M]: 0x800092DC (0xFE0005B7) lui a1, 1040384
x11 <- 0xFE000000


mem[X,0x800092E0] -> 0x8593
mem[X,0x800092E2] -> 0xFFF5
[914] [M]: 0x800092E0 (0xFFF58593) addi a1, a1, 4095
x11 <- 0xFDFFFFFF


mem[X,0x800092E4] -> 0x0213
mem[X,0x800092E6] -> 0x0000
[915] [M]: 0x800092E4 (0x00000213) addi tp, zero, 0
x4 <- 0x00000000


mem[X,0x800092E8] -> 0x006F
mem[X,0x800092EA] -> 0x00C0
[916] [M]: 0x800092E8 (0x00C0006F) jal zero, 12


mem[X,0x800092F4] -> 0x1063
mem[X,0x800092F6] -> 0x02B5
[917] [M]: 0x800092F4 (0x02B51063) bne a0, a1, 32


mem[X,0x80009314] -> 0x0213
mem[X,0x80009316] -> 0x0032
[918] [M]: 0x80009314 (0x00320213) addi tp, tp, 3
x4 <- 0x00000003


mem[X,0x80009318] -> 0x006F
mem[X,0x8000931A] -> 0x0040
[919] [M]: 0x80009318 (0x0040006F) jal zero, 4


mem[X,0x8000931C] -> 0xA423
mem[X,0x8000931E] -> 0x1240
[920] [M]: 0x8000931C (0x1240A423) sw tp, 296(ra)
mem[0x8003A290] <- 0x00000003


mem[X,0x80009320] -> 0x0537
mem[X,0x80009322] -> 0xFF00
[921] [M]: 0x80009320 (0xFF000537) lui a0, 1044480
x10 <- 0xFF000000


mem[X,0x80009324] -> 0x0513
mem[X,0x80009326] -> 0xFFF5
[922] [M]: 0x80009324 (0xFFF50513) addi a0, a0, 4095
x10 <- 0xFEFFFFFF


mem[X,0x80009328] -> 0x0593
mem[X,0x8000932A] -> 0x4000
[923] [M]: 0x80009328 (0x40000593) addi a1, zero, 1024
x11 <- 0x00000400


mem[X,0x8000932C] -> 0x0213
mem[X,0x8000932E] -> 0x0000
[924] [M]: 0x8000932C (0x00000213) addi tp, zero, 0
x4 <- 0x00000000


mem[X,0x80009330] -> 0x006F
mem[X,0x80009332] -> 0x00C0
[925] [M]: 0x80009330 (0x00C0006F) jal zero, 12


mem[X,0x8000933C] -> 0x1663
mem[X,0x8000933E] -> 0x00B5
[926] [M]: 0x8000933C (0x00B51663) bne a0, a1, 12


mem[X,0x80009348] -> 0x0213
mem[X,0x8000934A] -> 0x0032
[927] [M]: 0x80009348 (0x00320213) addi tp, tp, 3
x4 <- 0x00000003


mem[X,0x8000934C] -> 0x006F
mem[X,0x8000934E] -> 0x0040
[928] [M]: 0x8000934C (0x0040006F) jal zero, 4


mem[X,0x80009350] -> 0xA623
mem[X,0x80009352] -> 0x1240
[929] [M]: 0x80009350 (0x1240A623) sw tp, 300(ra)
mem[0x8003A294] <- 0x00000003


mem[X,0x80009354] -> 0x0537
mem[X,0x80009356] -> 0xF800
[930] [M]: 0x80009354 (0xF8000537) lui a0, 1015808
x10 <- 0xF8000000


mem[X,0x80009358] -> 0x0513
mem[X,0x8000935A] -> 0xFFF5
[931] [M]: 0x80009358 (0xFFF50513) addi a0, a0, 4095
x10 <- 0xF7FFFFFF


mem[X,0x8000935C] -> 0x0593
mem[X,0x8000935E] -> 0xFF90
[932] [M]: 0x8000935C (0xFF900593) addi a1, zero, 4089
x11 <- 0xFFFFFFF9


mem[X,0x80009360] -> 0x0213
mem[X,0x80009362] -> 0x0000
[933] [M]: 0x80009360 (0x00000213) addi tp, zero, 0
x4 <- 0x00000000


mem[X,0x80009364] -> 0x006F
mem[X,0x80009366] -> 0x00C0
[934] [M]: 0x80009364 (0x00C0006F) jal zero, 12


mem[X,0x80009370] -> 0x1063
mem[X,0x80009372] -> 0x20B5
[935] [M]: 0x80009370 (0x20B51063) bne a0, a1, 512


mem[X,0x80009570] -> 0x0213
mem[X,0x80009572] -> 0x0032
[936] [M]: 0x80009570 (0x00320213) addi tp, tp, 3
x4 <- 0x00000003


mem[X,0x80009574] -> 0x006F
mem[X,0x80009576] -> 0x0040
[937] [M]: 0x80009574 (0x0040006F) jal zero, 4


mem[X,0x80009578] -> 0xA823
mem[X,0x8000957A] -> 0x1240
[938] [M]: 0x80009578 (0x1240A823) sw tp, 304(ra)
mem[0x8003A298] <- 0x00000003


mem[X,0x8000957C] -> 0x0537
mem[X,0x8000957E] -> 0xE000
[939] [M]: 0x8000957C (0xE0000537) lui a0, 917504
x10 <- 0xE0000000


mem[X,0x80009580] -> 0x0513
mem[X,0x80009582] -> 0xFFF5
[940] [M]: 0x80009580 (0xFFF50513) addi a0, a0, 4095
x10 <- 0xDFFFFFFF


mem[X,0x80009584] -> 0x0593
mem[X,0x80009586] -> 0x0020
[941] [M]: 0x80009584 (0x00200593) addi a1, zero, 2
x11 <- 0x00000002


mem[X,0x80009588] -> 0x0213
mem[X,0x8000958A] -> 0x0000
[942] [M]: 0x80009588 (0x00000213) addi tp, zero, 0
x4 <- 0x00000000


mem[X,0x8000958C] -> 0x006F
mem[X,0x8000958E] -> 0x2B10
[943] [M]: 0x8000958C (0x2B10006F) jal zero, 2736


mem[X,0x8000A03C] -> 0x1A63
mem[X,0x8000A03E] -> 0xD4B5
[944] [M]: 0x8000A03C (0xD4B51A63) bne a0, a1, 5460


mem[X,0x80009590] -> 0x0213
mem[X,0x80009592] -> 0x0012
[945] [M]: 0x80009590 (0x00120213) addi tp, tp, 1
x4 <- 0x00000001


mem[X,0x80009594] -> 0x006F
mem[X,0x80009596] -> 0x2BD0
[946] [M]: 0x80009594 (0x2BD0006F) jal zero, 2748


mem[X,0x8000A050] -> 0xAA23
mem[X,0x8000A052] -> 0x1240
[947] [M]: 0x8000A050 (0x1240AA23) sw tp, 308(ra)
mem[0x8003A29C] <- 0x00000001


mem[X,0x8000A054] -> 0x0537
mem[X,0x8000A056] -> 0xC000
[948] [M]: 0x8000A054 (0xC0000537) lui a0, 786432
x10 <- 0xC0000000


mem[X,0x8000A058] -> 0x0513
mem[X,0x8000A05A] -> 0xFFF5
[949] [M]: 0x8000A058 (0xFFF50513) addi a0, a0, 4095
x10 <- 0xBFFFFFFF


mem[X,0x8000A05C] -> 0x05B7
mem[X,0x8000A05E] -> 0x0040
[950] [M]: 0x8000A05C (0x004005B7) lui a1, 1024
x11 <- 0x00400000


mem[X,0x8000A060] -> 0x0213
mem[X,0x8000A062] -> 0x0000
[951] [M]: 0x8000A060 (0x00000213) addi tp, zero, 0
x4 <- 0x00000000


mem[X,0x8000A064] -> 0x006F
mem[X,0x8000A066] -> 0x00C0
[952] [M]: 0x8000A064 (0x00C0006F) jal zero, 12


mem[X,0x8000A070] -> 0x1063
mem[X,0x8000A072] -> 0x20B5
[953] [M]: 0x8000A070 (0x20B51063) bne a0, a1, 512


mem[X,0x8000A270] -> 0x0213
mem[X,0x8000A272] -> 0x0032
[954] [M]: 0x8000A270 (0x00320213) addi tp, tp, 3
x4 <- 0x00000003


mem[X,0x8000A274] -> 0x006F
mem[X,0x8000A276] -> 0x0040
[955] [M]: 0x8000A274 (0x0040006F) jal zero, 4


mem[X,0x8000A278] -> 0xAC23
mem[X,0x8000A27A] -> 0x1240
[956] [M]: 0x8000A278 (0x1240AC23) sw tp, 312(ra)
mem[0x8003A2A0] <- 0x00000003


mem[X,0x8000A27C] -> 0x0537
mem[X,0x8000A27E] -> 0x8000
[957] [M]: 0x8000A27C (0x80000537) lui a0, 524288
x10 <- 0x80000000


mem[X,0x8000A280] -> 0x0513
mem[X,0x8000A282] -> 0xFFF5
[958] [M]: 0x8000A280 (0xFFF50513) addi a0, a0, 4095
x10 <- 0x7FFFFFFF


mem[X,0x8000A284] -> 0x0593
mem[X,0x8000A286] -> 0x0000
[959] [M]: 0x8000A284 (0x00000593) addi a1, zero, 0
x11 <- 0x00000000


mem[X,0x8000A288] -> 0x0213
mem[X,0x8000A28A] -> 0x0000
[960] [M]: 0x8000A288 (0x00000213) addi tp, zero, 0
x4 <- 0x00000000


mem[X,0x8000A28C] -> 0x006F
mem[X,0x8000A28E] -> 0x00C0
[961] [M]: 0x8000A28C (0x00C0006F) jal zero, 12


mem[X,0x8000A298] -> 0x1863
mem[X,0x8000A29A] -> 0x00B5
[962] [M]: 0x8000A298 (0x00B51863) bne a0, a1, 16


mem[X,0x8000A2A8] -> 0x0213
mem[X,0x8000A2AA] -> 0x0032
[963] [M]: 0x8000A2A8 (0x00320213) addi tp, tp, 3
x4 <- 0x00000003


mem[X,0x8000A2AC] -> 0x006F
mem[X,0x8000A2AE] -> 0x0040
[964] [M]: 0x8000A2AC (0x0040006F) jal zero, 4


mem[X,0x8000A2B0] -> 0xAE23
mem[X,0x8000A2B2] -> 0x1240
[965] [M]: 0x8000A2B0 (0x1240AE23) sw tp, 316(ra)
mem[0x8003A2A4] <- 0x00000003


mem[X,0x8000A2B4] -> 0x0513
mem[X,0x8000A2B6] -> 0x0030
[966] [M]: 0x8000A2B4 (0x00300513) addi a0, zero, 3
x10 <- 0x00000003


mem[X,0x8000A2B8] -> 0x0593
mem[X,0x8000A2BA] -> 0x0030
[967] [M]: 0x8000A2B8 (0x00300593) addi a1, zero, 3
x11 <- 0x00000003


mem[X,0x8000A2BC] -> 0x0213
mem[X,0x8000A2BE] -> 0x0000
[968] [M]: 0x8000A2BC (0x00000213) addi tp, zero, 0
x4 <- 0x00000000


mem[X,0x8000A2C0] -> 0x006F
mem[X,0x8000A2C2] -> 0x00C0
[969] [M]: 0x8000A2C0 (0x00C0006F) jal zero, 12


mem[X,0x8000A2CC] -> 0x1663
mem[X,0x8000A2CE] -> 0x00B5
[970] [M]: 0x8000A2CC (0x00B51663) bne a0, a1, 12


mem[X,0x8000A2D0] -> 0x0213
mem[X,0x8000A2D2] -> 0x0022
[971] [M]: 0x8000A2D0 (0x00220213) addi tp, tp, 2
x4 <- 0x00000002


mem[X,0x8000A2D4] -> 0x006F
mem[X,0x8000A2D6] -> 0x00C0
[972] [M]: 0x8000A2D4 (0x00C0006F) jal zero, 12


mem[X,0x8000A2E0] -> 0xA023
mem[X,0x8000A2E2] -> 0x1440
[973] [M]: 0x8000A2E0 (0x1440A023) sw tp, 320(ra)
mem[0x8003A2A8] <- 0x00000002


mem[X,0x8000A2E4] -> 0x0513
mem[X,0x8000A2E6] -> 0x0030
[974] [M]: 0x8000A2E4 (0x00300513) addi a0, zero, 3
x10 <- 0x00000003


mem[X,0x8000A2E8] -> 0x55B7
mem[X,0x8000A2EA] -> 0x5555
[975] [M]: 0x8000A2E8 (0x555555B7) lui a1, 349525
x11 <- 0x55555000


mem[X,0x8000A2EC] -> 0x8593
mem[X,0x8000A2EE] -> 0x5555
[976] [M]: 0x8000A2EC (0x55558593) addi a1, a1, 1365
x11 <- 0x55555555


mem[X,0x8000A2F0] -> 0x0213
mem[X,0x8000A2F2] -> 0x0000
[977] [M]: 0x8000A2F0 (0x00000213) addi tp, zero, 0
x4 <- 0x00000000


mem[X,0x8000A2F4] -> 0x006F
mem[X,0x8000A2F6] -> 0x00C0
[978] [M]: 0x8000A2F4 (0x00C0006F) jal zero, 12


mem[X,0x8000A300] -> 0x1063
mem[X,0x8000A302] -> 0x20B5
[979] [M]: 0x8000A300 (0x20B51063) bne a0, a1, 512


mem[X,0x8000A500] -> 0x0213
mem[X,0x8000A502] -> 0x0032
[980] [M]: 0x8000A500 (0x00320213) addi tp, tp, 3
x4 <- 0x00000003


mem[X,0x8000A504] -> 0x006F
mem[X,0x8000A506] -> 0x0040
[981] [M]: 0x8000A504 (0x0040006F) jal zero, 4


mem[X,0x8000A508] -> 0xA223
mem[X,0x8000A50A] -> 0x1440
[982] [M]: 0x8000A508 (0x1440A223) sw tp, 324(ra)
mem[0x8003A2AC] <- 0x00000003


mem[X,0x8000A50C] -> 0x0513
mem[X,0x8000A50E] -> 0x0030
[983] [M]: 0x8000A50C (0x00300513) addi a0, zero, 3
x10 <- 0x00000003


mem[X,0x8000A510] -> 0xB5B7
mem[X,0x8000A512] -> 0xAAAA
[984] [M]: 0x8000A510 (0xAAAAB5B7) lui a1, 699051
x11 <- 0xAAAAB000


mem[X,0x8000A514] -> 0x8593
mem[X,0x8000A516] -> 0xAAA5
[985] [M]: 0x8000A514 (0xAAA58593) addi a1, a1, 2730
x11 <- 0xAAAAAAAA


mem[X,0x8000A518] -> 0x0213
mem[X,0x8000A51A] -> 0x0000
[986] [M]: 0x8000A518 (0x00000213) addi tp, zero, 0
x4 <- 0x00000000


mem[X,0x8000A51C] -> 0x006F
mem[X,0x8000A51E] -> 0x00C0
[987] [M]: 0x8000A51C (0x00C0006F) jal zero, 12


mem[X,0x8000A528] -> 0x1063
mem[X,0x8000A52A] -> 0x40B5
[988] [M]: 0x8000A528 (0x40B51063) bne a0, a1, 1024


mem[X,0x8000A928] -> 0x0213
mem[X,0x8000A92A] -> 0x0032
[989] [M]: 0x8000A928 (0x00320213) addi tp, tp, 3
x4 <- 0x00000003


mem[X,0x8000A92C] -> 0x006F
mem[X,0x8000A92E] -> 0x0040
[990] [M]: 0x8000A92C (0x0040006F) jal zero, 4


mem[X,0x8000A930] -> 0xA423
mem[X,0x8000A932] -> 0x1440
[991] [M]: 0x8000A930 (0x1440A423) sw tp, 328(ra)
mem[0x8003A2B0] <- 0x00000003


mem[X,0x8000A934] -> 0x0513
mem[X,0x8000A936] -> 0x0030
[992] [M]: 0x8000A934 (0x00300513) addi a0, zero, 3
x10 <- 0x00000003


mem[X,0x8000A938] -> 0x0593
mem[X,0x8000A93A] -> 0x0050
[993] [M]: 0x8000A938 (0x00500593) addi a1, zero, 5
x11 <- 0x00000005


mem[X,0x8000A93C] -> 0x0213
mem[X,0x8000A93E] -> 0x0000
[994] [M]: 0x8000A93C (0x00000213) addi tp, zero, 0
x4 <- 0x00000000


mem[X,0x8000A940] -> 0x006F
mem[X,0x8000A942] -> 0x00C0
[995] [M]: 0x8000A940 (0x00C0006F) jal zero, 12


mem[X,0x8000A94C] -> 0x1063
mem[X,0x8000A94E] -> 0x20B5
[996] [M]: 0x8000A94C (0x20B51063) bne a0, a1, 512


mem[X,0x8000AB4C] -> 0x0213
mem[X,0x8000AB4E] -> 0x0032
[997] [M]: 0x8000AB4C (0x00320213) addi tp, tp, 3
x4 <- 0x00000003


mem[X,0x8000AB50] -> 0x006F
mem[X,0x8000AB52] -> 0x0040
[998] [M]: 0x8000AB50 (0x0040006F) jal zero, 4


mem[X,0x8000AB54] -> 0xA623
mem[X,0x8000AB56] -> 0x1440
[999] [M]: 0x8000AB54 (0x1440A623) sw tp, 332(ra)
mem[0x8003A2B4] <- 0x00000003


clint::tick mtime <- 0x000000000000000A
 clint timer pending at mtime 0x000000000000000A
htif::tick 0x0000000000000000
mem[X,0x8000AB58] -> 0x0513
mem[X,0x8000AB5A] -> 0x0030
[1000] [M]: 0x8000AB58 (0x00300513) addi a0, zero, 3
x10 <- 0x00000003


mem[X,0x8000AB5C] -> 0x35B7
mem[X,0x8000AB5E] -> 0x3333
[1001] [M]: 0x8000AB5C (0x333335B7) lui a1, 209715
x11 <- 0x33333000


mem[X,0x8000AB60] -> 0x8593
mem[X,0x8000AB62] -> 0x3335
[1002] [M]: 0x8000AB60 (0x33358593) addi a1, a1, 819
x11 <- 0x33333333


mem[X,0x8000AB64] -> 0x0213
mem[X,0x8000AB66] -> 0x0000
[1003] [M]: 0x8000AB64 (0x00000213) addi tp, zero, 0
x4 <- 0x00000000


mem[X,0x8000AB68] -> 0x006F
mem[X,0x8000AB6A] -> 0x00C0
[1004] [M]: 0x8000AB68 (0x00C0006F) jal zero, 12


mem[X,0x8000AB74] -> 0x1063
mem[X,0x8000AB76] -> 0x10B5
[1005] [M]: 0x8000AB74 (0x10B51063) bne a0, a1, 256


mem[X,0x8000AC74] -> 0x0213
mem[X,0x8000AC76] -> 0x0032
[1006] [M]: 0x8000AC74 (0x00320213) addi tp, tp, 3
x4 <- 0x00000003


mem[X,0x8000AC78] -> 0x006F
mem[X,0x8000AC7A] -> 0x0040
[1007] [M]: 0x8000AC78 (0x0040006F) jal zero, 4


mem[X,0x8000AC7C] -> 0xA823
mem[X,0x8000AC7E] -> 0x1440
[1008] [M]: 0x8000AC7C (0x1440A823) sw tp, 336(ra)
mem[0x8003A2B8] <- 0x00000003


mem[X,0x8000AC80] -> 0x0513
mem[X,0x8000AC82] -> 0x0030
[1009] [M]: 0x8000AC80 (0x00300513) addi a0, zero, 3
x10 <- 0x00000003


mem[X,0x8000AC84] -> 0x65B7
mem[X,0x8000AC86] -> 0x6666
[1010] [M]: 0x8000AC84 (0x666665B7) lui a1, 419430
x11 <- 0x66666000


mem[X,0x8000AC88] -> 0x8593
mem[X,0x8000AC8A] -> 0x6665
[1011] [M]: 0x8000AC88 (0x66658593) addi a1, a1, 1638
x11 <- 0x66666666


mem[X,0x8000AC8C] -> 0x0213
mem[X,0x8000AC8E] -> 0x0000
[1012] [M]: 0x8000AC8C (0x00000213) addi tp, zero, 0
x4 <- 0x00000000


mem[X,0x8000AC90] -> 0x006F
mem[X,0x8000AC92] -> 0x00C0
[1013] [M]: 0x8000AC90 (0x00C0006F) jal zero, 12


mem[X,0x8000AC9C] -> 0x1063
mem[X,0x8000AC9E] -> 0x40B5
[1014] [M]: 0x8000AC9C (0x40B51063) bne a0, a1, 1024


mem[X,0x8000B09C] -> 0x0213
mem[X,0x8000B09E] -> 0x0032
[1015] [M]: 0x8000B09C (0x00320213) addi tp, tp, 3
x4 <- 0x00000003


mem[X,0x8000B0A0] -> 0x006F
mem[X,0x8000B0A2] -> 0x0040
[1016] [M]: 0x8000B0A0 (0x0040006F) jal zero, 4


mem[X,0x8000B0A4] -> 0xAA23
mem[X,0x8000B0A6] -> 0x1440
[1017] [M]: 0x8000B0A4 (0x1440AA23) sw tp, 340(ra)
mem[0x8003A2BC] <- 0x00000003


mem[X,0x8000B0A8] -> 0x0513
mem[X,0x8000B0AA] -> 0x0030
[1018] [M]: 0x8000B0A8 (0x00300513) addi a0, zero, 3
x10 <- 0x00000003


mem[X,0x8000B0AC] -> 0x55B7
mem[X,0x8000B0AE] -> 0xFFFF
[1019] [M]: 0x8000B0AC (0xFFFF55B7) lui a1, 1048565
x11 <- 0xFFFF5000


mem[X,0x8000B0B0] -> 0x8593
mem[X,0x8000B0B2] -> 0xAFC5
[1020] [M]: 0x8000B0B0 (0xAFC58593) addi a1, a1, 2812
x11 <- 0xFFFF4AFC


mem[X,0x8000B0B4] -> 0x0213
mem[X,0x8000B0B6] -> 0x0000
[1021] [M]: 0x8000B0B4 (0x00000213) addi tp, zero, 0
x4 <- 0x00000000


mem[X,0x8000B0B8] -> 0x006F
mem[X,0x8000B0BA] -> 0x00C0
[1022] [M]: 0x8000B0B8 (0x00C0006F) jal zero, 12


mem[X,0x8000B0C4] -> 0x1863
mem[X,0x8000B0C6] -> 0x00B5
[1023] [M]: 0x8000B0C4 (0x00B51863) bne a0, a1, 16


mem[X,0x8000B0D4] -> 0x0213
mem[X,0x8000B0D6] -> 0x0032
[1024] [M]: 0x8000B0D4 (0x00320213) addi tp, tp, 3
x4 <- 0x00000003


mem[X,0x8000B0D8] -> 0x006F
mem[X,0x8000B0DA] -> 0x0040
[1025] [M]: 0x8000B0D8 (0x0040006F) jal zero, 4


mem[X,0x8000B0DC] -> 0xAC23
mem[X,0x8000B0DE] -> 0x1440
[1026] [M]: 0x8000B0DC (0x1440AC23) sw tp, 344(ra)
mem[0x8003A2C0] <- 0x00000003


mem[X,0x8000B0E0] -> 0x0513
mem[X,0x8000B0E2] -> 0x0030
[1027] [M]: 0x8000B0E0 (0x00300513) addi a0, zero, 3
x10 <- 0x00000003


mem[X,0x8000B0E4] -> 0xB5B7
mem[X,0x8000B0E6] -> 0x0000
[1028] [M]: 0x8000B0E4 (0x0000B5B7) lui a1, 11
x11 <- 0x0000B000


mem[X,0x8000B0E8] -> 0x8593
mem[X,0x8000B0EA] -> 0x5045
[1029] [M]: 0x8000B0E8 (0x50458593) addi a1, a1, 1284
x11 <- 0x0000B504


mem[X,0x8000B0EC] -> 0x0213
mem[X,0x8000B0EE] -> 0x0000
[1030] [M]: 0x8000B0EC (0x00000213) addi tp, zero, 0
x4 <- 0x00000000


mem[X,0x8000B0F0] -> 0x006F
mem[X,0x8000B0F2] -> 0x00C0
[1031] [M]: 0x8000B0F0 (0x00C0006F) jal zero, 12


mem[X,0x8000B0FC] -> 0x1663
mem[X,0x8000B0FE] -> 0x00B5
[1032] [M]: 0x8000B0FC (0x00B51663) bne a0, a1, 12


mem[X,0x8000B108] -> 0x0213
mem[X,0x8000B10A] -> 0x0032
[1033] [M]: 0x8000B108 (0x00320213) addi tp, tp, 3
x4 <- 0x00000003


mem[X,0x8000B10C] -> 0x006F
mem[X,0x8000B10E] -> 0x0040
[1034] [M]: 0x8000B10C (0x0040006F) jal zero, 4


mem[X,0x8000B110] -> 0xAE23
mem[X,0x8000B112] -> 0x1440
[1035] [M]: 0x8000B110 (0x1440AE23) sw tp, 348(ra)
mem[0x8003A2C4] <- 0x00000003


mem[X,0x8000B114] -> 0x0513
mem[X,0x8000B116] -> 0x0030
[1036] [M]: 0x8000B114 (0x00300513) addi a0, zero, 3
x10 <- 0x00000003


mem[X,0x8000B118] -> 0x0593
mem[X,0x8000B11A] -> 0x0020
[1037] [M]: 0x8000B118 (0x00200593) addi a1, zero, 2
x11 <- 0x00000002


mem[X,0x8000B11C] -> 0x0213
mem[X,0x8000B11E] -> 0x0000
[1038] [M]: 0x8000B11C (0x00000213) addi tp, zero, 0
x4 <- 0x00000000


mem[X,0x8000B120] -> 0x006F
mem[X,0x8000B122] -> 0x0180
[1039] [M]: 0x8000B120 (0x0180006F) jal zero, 24


mem[X,0x8000B138] -> 0x16E3
mem[X,0x8000B13A] -> 0xFEB5
[1040] [M]: 0x8000B138 (0xFEB516E3) bne a0, a1, 8172


mem[X,0x8000B124] -> 0x0213
mem[X,0x8000B126] -> 0x0012
[1041] [M]: 0x8000B124 (0x00120213) addi tp, tp, 1
x4 <- 0x00000001


mem[X,0x8000B128] -> 0x006F
mem[X,0x8000B12A] -> 0x0240
[1042] [M]: 0x8000B128 (0x0240006F) jal zero, 36


mem[X,0x8000B14C] -> 0xA023
mem[X,0x8000B14E] -> 0x1640
[1043] [M]: 0x8000B14C (0x1640A023) sw tp, 352(ra)
mem[0x8003A2C8] <- 0x00000001


mem[X,0x8000B150] -> 0x0513
mem[X,0x8000B152] -> 0x0030
[1044] [M]: 0x8000B150 (0x00300513) addi a0, zero, 3
x10 <- 0x00000003


mem[X,0x8000B154] -> 0x55B7
mem[X,0x8000B156] -> 0x5555
[1045] [M]: 0x8000B154 (0x555555B7) lui a1, 349525
x11 <- 0x55555000


mem[X,0x8000B158] -> 0x8593
mem[X,0x8000B15A] -> 0x5545
[1046] [M]: 0x8000B158 (0x55458593) addi a1, a1, 1364
x11 <- 0x55555554


mem[X,0x8000B15C] -> 0x0213
mem[X,0x8000B15E] -> 0x0000
[1047] [M]: 0x8000B15C (0x00000213) addi tp, zero, 0
x4 <- 0x00000000


mem[X,0x8000B160] -> 0x006F
mem[X,0x8000B162] -> 0x00C0
[1048] [M]: 0x8000B160 (0x00C0006F) jal zero, 12


mem[X,0x8000B16C] -> 0x1063
mem[X,0x8000B16E] -> 0x04B5
[1049] [M]: 0x8000B16C (0x04B51063) bne a0, a1, 64


mem[X,0x8000B1AC] -> 0x0213
mem[X,0x8000B1AE] -> 0x0032
[1050] [M]: 0x8000B1AC (0x00320213) addi tp, tp, 3
x4 <- 0x00000003


mem[X,0x8000B1B0] -> 0x006F
mem[X,0x8000B1B2] -> 0x0040
[1051] [M]: 0x8000B1B0 (0x0040006F) jal zero, 4


mem[X,0x8000B1B4] -> 0xA223
mem[X,0x8000B1B6] -> 0x1640
[1052] [M]: 0x8000B1B4 (0x1640A223) sw tp, 356(ra)
mem[0x8003A2CC] <- 0x00000003


mem[X,0x8000B1B8] -> 0x0513
mem[X,0x8000B1BA] -> 0x0030
[1053] [M]: 0x8000B1B8 (0x00300513) addi a0, zero, 3
x10 <- 0x00000003


mem[X,0x8000B1BC] -> 0x0593
mem[X,0x8000B1BE] -> 0x0000
[1054] [M]: 0x8000B1BC (0x00000593) addi a1, zero, 0
x11 <- 0x00000000


mem[X,0x8000B1C0] -> 0x0213
mem[X,0x8000B1C2] -> 0x0000
[1055] [M]: 0x8000B1C0 (0x00000213) addi tp, zero, 0
x4 <- 0x00000000


mem[X,0x8000B1C4] -> 0x006F
mem[X,0x8000B1C6] -> 0x00C0
[1056] [M]: 0x8000B1C4 (0x00C0006F) jal zero, 12


mem[X,0x8000B1D0] -> 0x1CE3
mem[X,0x8000B1D2] -> 0xFEB5
[1057] [M]: 0x8000B1D0 (0xFEB51CE3) bne a0, a1, 8184


mem[X,0x8000B1C8] -> 0x0213
mem[X,0x8000B1CA] -> 0x0012
[1058] [M]: 0x8000B1C8 (0x00120213) addi tp, tp, 1
x4 <- 0x00000001


mem[X,0x8000B1CC] -> 0x006F
mem[X,0x8000B1CE] -> 0x0180
[1059] [M]: 0x8000B1CC (0x0180006F) jal zero, 24


mem[X,0x8000B1E4] -> 0xA423
mem[X,0x8000B1E6] -> 0x1640
[1060] [M]: 0x8000B1E4 (0x1640A423) sw tp, 360(ra)
mem[0x8003A2D0] <- 0x00000001


mem[X,0x8000B1E8] -> 0x0513
mem[X,0x8000B1EA] -> 0x0030
[1061] [M]: 0x8000B1E8 (0x00300513) addi a0, zero, 3
x10 <- 0x00000003


mem[X,0x8000B1EC] -> 0x0593
mem[X,0x8000B1EE] -> 0x0040
[1062] [M]: 0x8000B1EC (0x00400593) addi a1, zero, 4
x11 <- 0x00000004


mem[X,0x8000B1F0] -> 0x0213
mem[X,0x8000B1F2] -> 0x0000
[1063] [M]: 0x8000B1F0 (0x00000213) addi tp, zero, 0
x4 <- 0x00000000


mem[X,0x8000B1F4] -> 0x006F
mem[X,0x8000B1F6] -> 0x00C0
[1064] [M]: 0x8000B1F4 (0x00C0006F) jal zero, 12


mem[X,0x8000B200] -> 0x1063
mem[X,0x8000B202] -> 0x04B5
[1065] [M]: 0x8000B200 (0x04B51063) bne a0, a1, 64


mem[X,0x8000B240] -> 0x0213
mem[X,0x8000B242] -> 0x0032
[1066] [M]: 0x8000B240 (0x00320213) addi tp, tp, 3
x4 <- 0x00000003


mem[X,0x8000B244] -> 0x006F
mem[X,0x8000B246] -> 0x0040
[1067] [M]: 0x8000B244 (0x0040006F) jal zero, 4


mem[X,0x8000B248] -> 0xA623
mem[X,0x8000B24A] -> 0x1640
[1068] [M]: 0x8000B248 (0x1640A623) sw tp, 364(ra)
mem[0x8003A2D4] <- 0x00000003


mem[X,0x8000B24C] -> 0x0513
mem[X,0x8000B24E] -> 0x0030
[1069] [M]: 0x8000B24C (0x00300513) addi a0, zero, 3
x10 <- 0x00000003


mem[X,0x8000B250] -> 0x35B7
mem[X,0x8000B252] -> 0x3333
[1070] [M]: 0x8000B250 (0x333335B7) lui a1, 209715
x11 <- 0x33333000


mem[X,0x8000B254] -> 0x8593
mem[X,0x8000B256] -> 0x3325
[1071] [M]: 0x8000B254 (0x33258593) addi a1, a1, 818
x11 <- 0x33333332


mem[X,0x8000B258] -> 0x0213
mem[X,0x8000B25A] -> 0x0000
[1072] [M]: 0x8000B258 (0x00000213) addi tp, zero, 0
x4 <- 0x00000000


mem[X,0x8000B25C] -> 0x006F
mem[X,0x8000B25E] -> 0x00C0
[1073] [M]: 0x8000B25C (0x00C0006F) jal zero, 12


mem[X,0x8000B268] -> 0x1CE3
mem[X,0x8000B26A] -> 0xFEB5
[1074] [M]: 0x8000B268 (0xFEB51CE3) bne a0, a1, 8184


mem[X,0x8000B260] -> 0x0213
mem[X,0x8000B262] -> 0x0012
[1075] [M]: 0x8000B260 (0x00120213) addi tp, tp, 1
x4 <- 0x00000001


mem[X,0x8000B264] -> 0x006F
mem[X,0x8000B266] -> 0x0180
[1076] [M]: 0x8000B264 (0x0180006F) jal zero, 24


mem[X,0x8000B27C] -> 0xA823
mem[X,0x8000B27E] -> 0x1640
[1077] [M]: 0x8000B27C (0x1640A823) sw tp, 368(ra)
mem[0x8003A2D8] <- 0x00000001


mem[X,0x8000B280] -> 0x0513
mem[X,0x8000B282] -> 0x0030
[1078] [M]: 0x8000B280 (0x00300513) addi a0, zero, 3
x10 <- 0x00000003


mem[X,0x8000B284] -> 0x65B7
mem[X,0x8000B286] -> 0x6666
[1079] [M]: 0x8000B284 (0x666665B7) lui a1, 419430
x11 <- 0x66666000


mem[X,0x8000B288] -> 0x8593
mem[X,0x8000B28A] -> 0x6655
[1080] [M]: 0x8000B288 (0x66558593) addi a1, a1, 1637
x11 <- 0x66666665


mem[X,0x8000B28C] -> 0x0213
mem[X,0x8000B28E] -> 0x0000
[1081] [M]: 0x8000B28C (0x00000213) addi tp, zero, 0
x4 <- 0x00000000


mem[X,0x8000B290] -> 0x006F
mem[X,0x8000B292] -> 0x00C0
[1082] [M]: 0x8000B290 (0x00C0006F) jal zero, 12


mem[X,0x8000B29C] -> 0x1063
mem[X,0x8000B29E] -> 0x40B5
[1083] [M]: 0x8000B29C (0x40B51063) bne a0, a1, 1024


mem[X,0x8000B69C] -> 0x0213
mem[X,0x8000B69E] -> 0x0032
[1084] [M]: 0x8000B69C (0x00320213) addi tp, tp, 3
x4 <- 0x00000003


mem[X,0x8000B6A0] -> 0x006F
mem[X,0x8000B6A2] -> 0x0040
[1085] [M]: 0x8000B6A0 (0x0040006F) jal zero, 4


mem[X,0x8000B6A4] -> 0xAA23
mem[X,0x8000B6A6] -> 0x1640
[1086] [M]: 0x8000B6A4 (0x1640AA23) sw tp, 372(ra)
mem[0x8003A2DC] <- 0x00000003


mem[X,0x8000B6A8] -> 0x0513
mem[X,0x8000B6AA] -> 0x0030
[1087] [M]: 0x8000B6A8 (0x00300513) addi a0, zero, 3
x10 <- 0x00000003


mem[X,0x8000B6AC] -> 0xB5B7
mem[X,0x8000B6AE] -> 0x0000
[1088] [M]: 0x8000B6AC (0x0000B5B7) lui a1, 11
x11 <- 0x0000B000


mem[X,0x8000B6B0] -> 0x8593
mem[X,0x8000B6B2] -> 0x5035
[1089] [M]: 0x8000B6B0 (0x50358593) addi a1, a1, 1283
x11 <- 0x0000B503


mem[X,0x8000B6B4] -> 0x0213
mem[X,0x8000B6B6] -> 0x0000
[1090] [M]: 0x8000B6B4 (0x00000213) addi tp, zero, 0
x4 <- 0x00000000


mem[X,0x8000B6B8] -> 0x006F
mem[X,0x8000B6BA] -> 0x00C0
[1091] [M]: 0x8000B6B8 (0x00C0006F) jal zero, 12


mem[X,0x8000B6C4] -> 0x1063
mem[X,0x8000B6C6] -> 0x02B5
[1092] [M]: 0x8000B6C4 (0x02B51063) bne a0, a1, 32


mem[X,0x8000B6E4] -> 0x0213
mem[X,0x8000B6E6] -> 0x0032
[1093] [M]: 0x8000B6E4 (0x00320213) addi tp, tp, 3
x4 <- 0x00000003


mem[X,0x8000B6E8] -> 0x006F
mem[X,0x8000B6EA] -> 0x0040
[1094] [M]: 0x8000B6E8 (0x0040006F) jal zero, 4


mem[X,0x8000B6EC] -> 0xAC23
mem[X,0x8000B6EE] -> 0x1640
[1095] [M]: 0x8000B6EC (0x1640AC23) sw tp, 376(ra)
mem[0x8003A2E0] <- 0x00000003


mem[X,0x8000B6F0] -> 0x0513
mem[X,0x8000B6F2] -> 0x0030
[1096] [M]: 0x8000B6F0 (0x00300513) addi a0, zero, 3
x10 <- 0x00000003


mem[X,0x8000B6F4] -> 0x55B7
mem[X,0x8000B6F6] -> 0x5555
[1097] [M]: 0x8000B6F4 (0x555555B7) lui a1, 349525
x11 <- 0x55555000


mem[X,0x8000B6F8] -> 0x8593
mem[X,0x8000B6FA] -> 0x5565
[1098] [M]: 0x8000B6F8 (0x55658593) addi a1, a1, 1366
x11 <- 0x55555556


mem[X,0x8000B6FC] -> 0x0213
mem[X,0x8000B6FE] -> 0x0000
[1099] [M]: 0x8000B6FC (0x00000213) addi tp, zero, 0
x4 <- 0x00000000


clint::tick mtime <- 0x000000000000000B
 clint timer pending at mtime 0x000000000000000B
htif::tick 0x0000000000000000
mem[X,0x8000B700] -> 0x006F
mem[X,0x8000B702] -> 0x2B10
[1100] [M]: 0x8000B700 (0x2B10006F) jal zero, 2736


mem[X,0x8000C1B0] -> 0x1A63
mem[X,0x8000C1B2] -> 0xD4B5
[1101] [M]: 0x8000C1B0 (0xD4B51A63) bne a0, a1, 5460


mem[X,0x8000B704] -> 0x0213
mem[X,0x8000B706] -> 0x0012
[1102] [M]: 0x8000B704 (0x00120213) addi tp, tp, 1
x4 <- 0x00000001


mem[X,0x8000B708] -> 0x006F
mem[X,0x8000B70A] -> 0x2BD0
[1103] [M]: 0x8000B708 (0x2BD0006F) jal zero, 2748


mem[X,0x8000C1C4] -> 0xAE23
mem[X,0x8000C1C6] -> 0x1640
[1104] [M]: 0x8000C1C4 (0x1640AE23) sw tp, 380(ra)
mem[0x8003A2E4] <- 0x00000001


mem[X,0x8000C1C8] -> 0x0513
mem[X,0x8000C1CA] -> 0x0030
[1105] [M]: 0x8000C1C8 (0x00300513) addi a0, zero, 3
x10 <- 0x00000003


mem[X,0x8000C1CC] -> 0xB5B7
mem[X,0x8000C1CE] -> 0xAAAA
[1106] [M]: 0x8000C1CC (0xAAAAB5B7) lui a1, 699051
x11 <- 0xAAAAB000


mem[X,0x8000C1D0] -> 0x8593
mem[X,0x8000C1D2] -> 0xAAB5
[1107] [M]: 0x8000C1D0 (0xAAB58593) addi a1, a1, 2731
x11 <- 0xAAAAAAAB


mem[X,0x8000C1D4] -> 0x0213
mem[X,0x8000C1D6] -> 0x0000
[1108] [M]: 0x8000C1D4 (0x00000213) addi tp, zero, 0
x4 <- 0x00000000


mem[X,0x8000C1D8] -> 0x006F
mem[X,0x8000C1DA] -> 0x00C0
[1109] [M]: 0x8000C1D8 (0x00C0006F) jal zero, 12


mem[X,0x8000C1E4] -> 0x1063
mem[X,0x8000C1E6] -> 0x08B5
[1110] [M]: 0x8000C1E4 (0x08B51063) bne a0, a1, 128


mem[X,0x8000C264] -> 0x0213
mem[X,0x8000C266] -> 0x0032
[1111] [M]: 0x8000C264 (0x00320213) addi tp, tp, 3
x4 <- 0x00000003


mem[X,0x8000C268] -> 0x006F
mem[X,0x8000C26A] -> 0x0040
[1112] [M]: 0x8000C268 (0x0040006F) jal zero, 4


mem[X,0x8000C26C] -> 0xA023
mem[X,0x8000C26E] -> 0x1840
[1113] [M]: 0x8000C26C (0x1840A023) sw tp, 384(ra)
mem[0x8003A2E8] <- 0x00000003


mem[X,0x8000C270] -> 0x0513
mem[X,0x8000C272] -> 0x0030
[1114] [M]: 0x8000C270 (0x00300513) addi a0, zero, 3
x10 <- 0x00000003


mem[X,0x8000C274] -> 0x0593
mem[X,0x8000C276] -> 0x0060
[1115] [M]: 0x8000C274 (0x00600593) addi a1, zero, 6
x11 <- 0x00000006


mem[X,0x8000C278] -> 0x0213
mem[X,0x8000C27A] -> 0x0000
[1116] [M]: 0x8000C278 (0x00000213) addi tp, zero, 0
x4 <- 0x00000000


mem[X,0x8000C27C] -> 0x006F
mem[X,0x8000C27E] -> 0x00C0
[1117] [M]: 0x8000C27C (0x00C0006F) jal zero, 12


mem[X,0x8000C288] -> 0x1CE3
mem[X,0x8000C28A] -> 0xFEB5
[1118] [M]: 0x8000C288 (0xFEB51CE3) bne a0, a1, 8184


mem[X,0x8000C280] -> 0x0213
mem[X,0x8000C282] -> 0x0012
[1119] [M]: 0x8000C280 (0x00120213) addi tp, tp, 1
x4 <- 0x00000001


mem[X,0x8000C284] -> 0x006F
mem[X,0x8000C286] -> 0x0180
[1120] [M]: 0x8000C284 (0x0180006F) jal zero, 24


mem[X,0x8000C29C] -> 0xA223
mem[X,0x8000C29E] -> 0x1840
[1121] [M]: 0x8000C29C (0x1840A223) sw tp, 388(ra)
mem[0x8003A2EC] <- 0x00000001


mem[X,0x8000C2A0] -> 0x0513
mem[X,0x8000C2A2] -> 0x0030
[1122] [M]: 0x8000C2A0 (0x00300513) addi a0, zero, 3
x10 <- 0x00000003


mem[X,0x8000C2A4] -> 0x35B7
mem[X,0x8000C2A6] -> 0x3333
[1123] [M]: 0x8000C2A4 (0x333335B7) lui a1, 209715
x11 <- 0x33333000


mem[X,0x8000C2A8] -> 0x8593
mem[X,0x8000C2AA] -> 0x3345
[1124] [M]: 0x8000C2A8 (0x33458593) addi a1, a1, 820
x11 <- 0x33333334


mem[X,0x8000C2AC] -> 0x0213
mem[X,0x8000C2AE] -> 0x0000
[1125] [M]: 0x8000C2AC (0x00000213) addi tp, zero, 0
x4 <- 0x00000000


mem[X,0x8000C2B0] -> 0x006F
mem[X,0x8000C2B2] -> 0x00C0
[1126] [M]: 0x8000C2B0 (0x00C0006F) jal zero, 12


mem[X,0x8000C2BC] -> 0x1CE3
mem[X,0x8000C2BE] -> 0xFEB5
[1127] [M]: 0x8000C2BC (0xFEB51CE3) bne a0, a1, 8184


mem[X,0x8000C2B4] -> 0x0213
mem[X,0x8000C2B6] -> 0x0012
[1128] [M]: 0x8000C2B4 (0x00120213) addi tp, tp, 1
x4 <- 0x00000001


mem[X,0x8000C2B8] -> 0x006F
mem[X,0x8000C2BA] -> 0x0180
[1129] [M]: 0x8000C2B8 (0x0180006F) jal zero, 24


mem[X,0x8000C2D0] -> 0xA423
mem[X,0x8000C2D2] -> 0x1840
[1130] [M]: 0x8000C2D0 (0x1840A423) sw tp, 392(ra)
mem[0x8003A2F0] <- 0x00000001


mem[X,0x8000C2D4] -> 0x0513
mem[X,0x8000C2D6] -> 0x0030
[1131] [M]: 0x8000C2D4 (0x00300513) addi a0, zero, 3
x10 <- 0x00000003


mem[X,0x8000C2D8] -> 0x65B7
mem[X,0x8000C2DA] -> 0x6666
[1132] [M]: 0x8000C2D8 (0x666665B7) lui a1, 419430
x11 <- 0x66666000


mem[X,0x8000C2DC] -> 0x8593
mem[X,0x8000C2DE] -> 0x6675
[1133] [M]: 0x8000C2DC (0x66758593) addi a1, a1, 1639
x11 <- 0x66666667


mem[X,0x8000C2E0] -> 0x0213
mem[X,0x8000C2E2] -> 0x0000
[1134] [M]: 0x8000C2E0 (0x00000213) addi tp, zero, 0
x4 <- 0x00000000


mem[X,0x8000C2E4] -> 0x006F
mem[X,0x8000C2E6] -> 0x00C0
[1135] [M]: 0x8000C2E4 (0x00C0006F) jal zero, 12


mem[X,0x8000C2F0] -> 0x1863
mem[X,0x8000C2F2] -> 0x00B5
[1136] [M]: 0x8000C2F0 (0x00B51863) bne a0, a1, 16


mem[X,0x8000C300] -> 0x0213
mem[X,0x8000C302] -> 0x0032
[1137] [M]: 0x8000C300 (0x00320213) addi tp, tp, 3
x4 <- 0x00000003


mem[X,0x8000C304] -> 0x006F
mem[X,0x8000C306] -> 0x0040
[1138] [M]: 0x8000C304 (0x0040006F) jal zero, 4


mem[X,0x8000C308] -> 0xA623
mem[X,0x8000C30A] -> 0x1840
[1139] [M]: 0x8000C308 (0x1840A623) sw tp, 396(ra)
mem[0x8003A2F4] <- 0x00000003


mem[X,0x8000C30C] -> 0x0513
mem[X,0x8000C30E] -> 0x0030
[1140] [M]: 0x8000C30C (0x00300513) addi a0, zero, 3
x10 <- 0x00000003


mem[X,0x8000C310] -> 0x55B7
mem[X,0x8000C312] -> 0xFFFF
[1141] [M]: 0x8000C310 (0xFFFF55B7) lui a1, 1048565
x11 <- 0xFFFF5000


mem[X,0x8000C314] -> 0x8593
mem[X,0x8000C316] -> 0xAFD5
[1142] [M]: 0x8000C314 (0xAFD58593) addi a1, a1, 2813
x11 <- 0xFFFF4AFD


mem[X,0x8000C318] -> 0x0213
mem[X,0x8000C31A] -> 0x0000
[1143] [M]: 0x8000C318 (0x00000213) addi tp, zero, 0
x4 <- 0x00000000


mem[X,0x8000C31C] -> 0x006F
mem[X,0x8000C31E] -> 0x0140
[1144] [M]: 0x8000C31C (0x0140006F) jal zero, 20


mem[X,0x8000C330] -> 0x18E3
mem[X,0x8000C332] -> 0xFEB5
[1145] [M]: 0x8000C330 (0xFEB518E3) bne a0, a1, 8176


mem[X,0x8000C320] -> 0x0213
mem[X,0x8000C322] -> 0x0012
[1146] [M]: 0x8000C320 (0x00120213) addi tp, tp, 1
x4 <- 0x00000001


mem[X,0x8000C324] -> 0x006F
mem[X,0x8000C326] -> 0x0200
[1147] [M]: 0x8000C324 (0x0200006F) jal zero, 32


mem[X,0x8000C344] -> 0xA823
mem[X,0x8000C346] -> 0x1840
[1148] [M]: 0x8000C344 (0x1840A823) sw tp, 400(ra)
mem[0x8003A2F8] <- 0x00000001


mem[X,0x8000C348] -> 0x0513
mem[X,0x8000C34A] -> 0x0030
[1149] [M]: 0x8000C348 (0x00300513) addi a0, zero, 3
x10 <- 0x00000003


mem[X,0x8000C34C] -> 0xB5B7
mem[X,0x8000C34E] -> 0x0000
[1150] [M]: 0x8000C34C (0x0000B5B7) lui a1, 11
x11 <- 0x0000B000


mem[X,0x8000C350] -> 0x8593
mem[X,0x8000C352] -> 0x5055
[1151] [M]: 0x8000C350 (0x50558593) addi a1, a1, 1285
x11 <- 0x0000B505


mem[X,0x8000C354] -> 0x0213
mem[X,0x8000C356] -> 0x0000
[1152] [M]: 0x8000C354 (0x00000213) addi tp, zero, 0
x4 <- 0x00000000


mem[X,0x8000C358] -> 0x006F
mem[X,0x8000C35A] -> 0x0100
[1153] [M]: 0x8000C358 (0x0100006F) jal zero, 16


mem[X,0x8000C368] -> 0x1AE3
mem[X,0x8000C36A] -> 0xFEB5
[1154] [M]: 0x8000C368 (0xFEB51AE3) bne a0, a1, 8180


mem[X,0x8000C35C] -> 0x0213
mem[X,0x8000C35E] -> 0x0012
[1155] [M]: 0x8000C35C (0x00120213) addi tp, tp, 1
x4 <- 0x00000001


mem[X,0x8000C360] -> 0x006F
mem[X,0x8000C362] -> 0x01C0
[1156] [M]: 0x8000C360 (0x01C0006F) jal zero, 28


mem[X,0x8000C37C] -> 0xAA23
mem[X,0x8000C37E] -> 0x1840
[1157] [M]: 0x8000C37C (0x1840AA23) sw tp, 404(ra)
mem[0x8003A2FC] <- 0x00000001


mem[X,0x8000C380] -> 0x5537
mem[X,0x8000C382] -> 0x5555
[1158] [M]: 0x8000C380 (0x55555537) lui a0, 349525
x10 <- 0x55555000


mem[X,0x8000C384] -> 0x0513
mem[X,0x8000C386] -> 0x5555
[1159] [M]: 0x8000C384 (0x55550513) addi a0, a0, 1365
x10 <- 0x55555555


mem[X,0x8000C388] -> 0x0593
mem[X,0x8000C38A] -> 0x0030
[1160] [M]: 0x8000C388 (0x00300593) addi a1, zero, 3
x11 <- 0x00000003


mem[X,0x8000C38C] -> 0x0213
mem[X,0x8000C38E] -> 0x0000
[1161] [M]: 0x8000C38C (0x00000213) addi tp, zero, 0
x4 <- 0x00000000


mem[X,0x8000C390] -> 0x006F
mem[X,0x8000C392] -> 0x00C0
[1162] [M]: 0x8000C390 (0x00C0006F) jal zero, 12


mem[X,0x8000C39C] -> 0x1063
mem[X,0x8000C39E] -> 0x04B5
[1163] [M]: 0x8000C39C (0x04B51063) bne a0, a1, 64


mem[X,0x8000C3DC] -> 0x0213
mem[X,0x8000C3DE] -> 0x0032
[1164] [M]: 0x8000C3DC (0x00320213) addi tp, tp, 3
x4 <- 0x00000003


mem[X,0x8000C3E0] -> 0x006F
mem[X,0x8000C3E2] -> 0x0040
[1165] [M]: 0x8000C3E0 (0x0040006F) jal zero, 4


mem[X,0x8000C3E4] -> 0xAC23
mem[X,0x8000C3E6] -> 0x1840
[1166] [M]: 0x8000C3E4 (0x1840AC23) sw tp, 408(ra)
mem[0x8003A300] <- 0x00000003


mem[X,0x8000C3E8] -> 0x5537
mem[X,0x8000C3EA] -> 0x5555
[1167] [M]: 0x8000C3E8 (0x55555537) lui a0, 349525
x10 <- 0x55555000


mem[X,0x8000C3EC] -> 0x0513
mem[X,0x8000C3EE] -> 0x5555
[1168] [M]: 0x8000C3EC (0x55550513) addi a0, a0, 1365
x10 <- 0x55555555


mem[X,0x8000C3F0] -> 0x55B7
mem[X,0x8000C3F2] -> 0x5555
[1169] [M]: 0x8000C3F0 (0x555555B7) lui a1, 349525
x11 <- 0x55555000


mem[X,0x8000C3F4] -> 0x8593
mem[X,0x8000C3F6] -> 0x5555
[1170] [M]: 0x8000C3F4 (0x55558593) addi a1, a1, 1365
x11 <- 0x55555555


mem[X,0x8000C3F8] -> 0x0213
mem[X,0x8000C3FA] -> 0x0000
[1171] [M]: 0x8000C3F8 (0x00000213) addi tp, zero, 0
x4 <- 0x00000000


mem[X,0x8000C3FC] -> 0x006F
mem[X,0x8000C3FE] -> 0x00C0
[1172] [M]: 0x8000C3FC (0x00C0006F) jal zero, 12


mem[X,0x8000C408] -> 0x1063
mem[X,0x8000C40A] -> 0x20B5
[1173] [M]: 0x8000C408 (0x20B51063) bne a0, a1, 512


mem[X,0x8000C40C] -> 0x0213
mem[X,0x8000C40E] -> 0x0022
[1174] [M]: 0x8000C40C (0x00220213) addi tp, tp, 2
x4 <- 0x00000002


mem[X,0x8000C410] -> 0x006F
mem[X,0x8000C412] -> 0x2000
[1175] [M]: 0x8000C410 (0x2000006F) jal zero, 512


mem[X,0x8000C610] -> 0xAE23
mem[X,0x8000C612] -> 0x1840
[1176] [M]: 0x8000C610 (0x1840AE23) sw tp, 412(ra)
mem[0x8003A304] <- 0x00000002


mem[X,0x8000C614] -> 0x5537
mem[X,0x8000C616] -> 0x5555
[1177] [M]: 0x8000C614 (0x55555537) lui a0, 349525
x10 <- 0x55555000


mem[X,0x8000C618] -> 0x0513
mem[X,0x8000C61A] -> 0x5555
[1178] [M]: 0x8000C618 (0x55550513) addi a0, a0, 1365
x10 <- 0x55555555


mem[X,0x8000C61C] -> 0xB5B7
mem[X,0x8000C61E] -> 0xAAAA
[1179] [M]: 0x8000C61C (0xAAAAB5B7) lui a1, 699051
x11 <- 0xAAAAB000


mem[X,0x8000C620] -> 0x8593
mem[X,0x8000C622] -> 0xAAA5
[1180] [M]: 0x8000C620 (0xAAA58593) addi a1, a1, 2730
x11 <- 0xAAAAAAAA


mem[X,0x8000C624] -> 0x0213
mem[X,0x8000C626] -> 0x0000
[1181] [M]: 0x8000C624 (0x00000213) addi tp, zero, 0
x4 <- 0x00000000


mem[X,0x8000C628] -> 0x006F
mem[X,0x8000C62A] -> 0x00C0
[1182] [M]: 0x8000C628 (0x00C0006F) jal zero, 12


mem[X,0x8000C634] -> 0x1663
mem[X,0x8000C636] -> 0x00B5
[1183] [M]: 0x8000C634 (0x00B51663) bne a0, a1, 12


mem[X,0x8000C640] -> 0x0213
mem[X,0x8000C642] -> 0x0032
[1184] [M]: 0x8000C640 (0x00320213) addi tp, tp, 3
x4 <- 0x00000003


mem[X,0x8000C644] -> 0x006F
mem[X,0x8000C646] -> 0x0040
[1185] [M]: 0x8000C644 (0x0040006F) jal zero, 4


mem[X,0x8000C648] -> 0xA023
mem[X,0x8000C64A] -> 0x1A40
[1186] [M]: 0x8000C648 (0x1A40A023) sw tp, 416(ra)
mem[0x8003A308] <- 0x00000003


mem[X,0x8000C64C] -> 0x5537
mem[X,0x8000C64E] -> 0x5555
[1187] [M]: 0x8000C64C (0x55555537) lui a0, 349525
x10 <- 0x55555000


mem[X,0x8000C650] -> 0x0513
mem[X,0x8000C652] -> 0x5555
[1188] [M]: 0x8000C650 (0x55550513) addi a0, a0, 1365
x10 <- 0x55555555


mem[X,0x8000C654] -> 0x0593
mem[X,0x8000C656] -> 0x0050
[1189] [M]: 0x8000C654 (0x00500593) addi a1, zero, 5
x11 <- 0x00000005


mem[X,0x8000C658] -> 0x0213
mem[X,0x8000C65A] -> 0x0000
[1190] [M]: 0x8000C658 (0x00000213) addi tp, zero, 0
x4 <- 0x00000000


mem[X,0x8000C65C] -> 0x006F
mem[X,0x8000C65E] -> 0x00C0
[1191] [M]: 0x8000C65C (0x00C0006F) jal zero, 12


mem[X,0x8000C668] -> 0x1663
mem[X,0x8000C66A] -> 0x00B5
[1192] [M]: 0x8000C668 (0x00B51663) bne a0, a1, 12


mem[X,0x8000C674] -> 0x0213
mem[X,0x8000C676] -> 0x0032
[1193] [M]: 0x8000C674 (0x00320213) addi tp, tp, 3
x4 <- 0x00000003


mem[X,0x8000C678] -> 0x006F
mem[X,0x8000C67A] -> 0x0040
[1194] [M]: 0x8000C678 (0x0040006F) jal zero, 4


mem[X,0x8000C67C] -> 0xA223
mem[X,0x8000C67E] -> 0x1A40
[1195] [M]: 0x8000C67C (0x1A40A223) sw tp, 420(ra)
mem[0x8003A30C] <- 0x00000003


mem[X,0x8000C680] -> 0x5537
mem[X,0x8000C682] -> 0x5555
[1196] [M]: 0x8000C680 (0x55555537) lui a0, 349525
x10 <- 0x55555000


mem[X,0x8000C684] -> 0x0513
mem[X,0x8000C686] -> 0x5555
[1197] [M]: 0x8000C684 (0x55550513) addi a0, a0, 1365
x10 <- 0x55555555


mem[X,0x8000C688] -> 0x35B7
mem[X,0x8000C68A] -> 0x3333
[1198] [M]: 0x8000C688 (0x333335B7) lui a1, 209715
x11 <- 0x33333000


mem[X,0x8000C68C] -> 0x8593
mem[X,0x8000C68E] -> 0x3335
[1199] [M]: 0x8000C68C (0x33358593) addi a1, a1, 819
x11 <- 0x33333333


clint::tick mtime <- 0x000000000000000C
 clint timer pending at mtime 0x000000000000000C
htif::tick 0x0000000000000000
mem[X,0x8000C690] -> 0x0213
mem[X,0x8000C692] -> 0x0000
[1200] [M]: 0x8000C690 (0x00000213) addi tp, zero, 0
x4 <- 0x00000000


mem[X,0x8000C694] -> 0x006F
mem[X,0x8000C696] -> 0x00C0
[1201] [M]: 0x8000C694 (0x00C0006F) jal zero, 12


mem[X,0x8000C6A0] -> 0x1063
mem[X,0x8000C6A2] -> 0x02B5
[1202] [M]: 0x8000C6A0 (0x02B51063) bne a0, a1, 32


mem[X,0x8000C6C0] -> 0x0213
mem[X,0x8000C6C2] -> 0x0032
[1203] [M]: 0x8000C6C0 (0x00320213) addi tp, tp, 3
x4 <- 0x00000003


mem[X,0x8000C6C4] -> 0x006F
mem[X,0x8000C6C6] -> 0x0040
[1204] [M]: 0x8000C6C4 (0x0040006F) jal zero, 4


mem[X,0x8000C6C8] -> 0xA423
mem[X,0x8000C6CA] -> 0x1A40
[1205] [M]: 0x8000C6C8 (0x1A40A423) sw tp, 424(ra)
mem[0x8003A310] <- 0x00000003


mem[X,0x8000C6CC] -> 0x5537
mem[X,0x8000C6CE] -> 0x5555
[1206] [M]: 0x8000C6CC (0x55555537) lui a0, 349525
x10 <- 0x55555000


mem[X,0x8000C6D0] -> 0x0513
mem[X,0x8000C6D2] -> 0x5555
[1207] [M]: 0x8000C6D0 (0x55550513) addi a0, a0, 1365
x10 <- 0x55555555


mem[X,0x8000C6D4] -> 0x65B7
mem[X,0x8000C6D6] -> 0x6666
[1208] [M]: 0x8000C6D4 (0x666665B7) lui a1, 419430
x11 <- 0x66666000


mem[X,0x8000C6D8] -> 0x8593
mem[X,0x8000C6DA] -> 0x6665
[1209] [M]: 0x8000C6D8 (0x66658593) addi a1, a1, 1638
x11 <- 0x66666666


mem[X,0x8000C6DC] -> 0x0213
mem[X,0x8000C6DE] -> 0x0000
[1210] [M]: 0x8000C6DC (0x00000213) addi tp, zero, 0
x4 <- 0x00000000


mem[X,0x8000C6E0] -> 0x006F
mem[X,0x8000C6E2] -> 0x2B10
[1211] [M]: 0x8000C6E0 (0x2B10006F) jal zero, 2736


mem[X,0x8000D190] -> 0x1A63
mem[X,0x8000D192] -> 0xD4B5
[1212] [M]: 0x8000D190 (0xD4B51A63) bne a0, a1, 5460


mem[X,0x8000C6E4] -> 0x0213
mem[X,0x8000C6E6] -> 0x0012
[1213] [M]: 0x8000C6E4 (0x00120213) addi tp, tp, 1
x4 <- 0x00000001


mem[X,0x8000C6E8] -> 0x006F
mem[X,0x8000C6EA] -> 0x2BD0
[1214] [M]: 0x8000C6E8 (0x2BD0006F) jal zero, 2748


mem[X,0x8000D1A4] -> 0xA623
mem[X,0x8000D1A6] -> 0x1A40
[1215] [M]: 0x8000D1A4 (0x1A40A623) sw tp, 428(ra)
mem[0x8003A314] <- 0x00000001


mem[X,0x8000D1A8] -> 0x5537
mem[X,0x8000D1AA] -> 0x5555
[1216] [M]: 0x8000D1A8 (0x55555537) lui a0, 349525
x10 <- 0x55555000


mem[X,0x8000D1AC] -> 0x0513
mem[X,0x8000D1AE] -> 0x5555
[1217] [M]: 0x8000D1AC (0x55550513) addi a0, a0, 1365
x10 <- 0x55555555


mem[X,0x8000D1B0] -> 0x55B7
mem[X,0x8000D1B2] -> 0xFFFF
[1218] [M]: 0x8000D1B0 (0xFFFF55B7) lui a1, 1048565
x11 <- 0xFFFF5000


mem[X,0x8000D1B4] -> 0x8593
mem[X,0x8000D1B6] -> 0xAFC5
[1219] [M]: 0x8000D1B4 (0xAFC58593) addi a1, a1, 2812
x11 <- 0xFFFF4AFC


mem[X,0x8000D1B8] -> 0x0213
mem[X,0x8000D1BA] -> 0x0000
[1220] [M]: 0x8000D1B8 (0x00000213) addi tp, zero, 0
x4 <- 0x00000000


mem[X,0x8000D1BC] -> 0x006F
mem[X,0x8000D1BE] -> 0x00C0
[1221] [M]: 0x8000D1BC (0x00C0006F) jal zero, 12


mem[X,0x8000D1C8] -> 0x1063
mem[X,0x8000D1CA] -> 0x04B5
[1222] [M]: 0x8000D1C8 (0x04B51063) bne a0, a1, 64


mem[X,0x8000D208] -> 0x0213
mem[X,0x8000D20A] -> 0x0032
[1223] [M]: 0x8000D208 (0x00320213) addi tp, tp, 3
x4 <- 0x00000003


mem[X,0x8000D20C] -> 0x006F
mem[X,0x8000D20E] -> 0x0040
[1224] [M]: 0x8000D20C (0x0040006F) jal zero, 4


mem[X,0x8000D210] -> 0xA823
mem[X,0x8000D212] -> 0x1A40
[1225] [M]: 0x8000D210 (0x1A40A823) sw tp, 432(ra)
mem[0x8003A318] <- 0x00000003


mem[X,0x8000D214] -> 0x5537
mem[X,0x8000D216] -> 0x5555
[1226] [M]: 0x8000D214 (0x55555537) lui a0, 349525
x10 <- 0x55555000


mem[X,0x8000D218] -> 0x0513
mem[X,0x8000D21A] -> 0x5555
[1227] [M]: 0x8000D218 (0x55550513) addi a0, a0, 1365
x10 <- 0x55555555


mem[X,0x8000D21C] -> 0xB5B7
mem[X,0x8000D21E] -> 0x0000
[1228] [M]: 0x8000D21C (0x0000B5B7) lui a1, 11
x11 <- 0x0000B000


mem[X,0x8000D220] -> 0x8593
mem[X,0x8000D222] -> 0x5045
[1229] [M]: 0x8000D220 (0x50458593) addi a1, a1, 1284
x11 <- 0x0000B504


mem[X,0x8000D224] -> 0x0213
mem[X,0x8000D226] -> 0x0000
[1230] [M]: 0x8000D224 (0x00000213) addi tp, zero, 0
x4 <- 0x00000000


mem[X,0x8000D228] -> 0x006F
mem[X,0x8000D22A] -> 0x00C0
[1231] [M]: 0x8000D228 (0x00C0006F) jal zero, 12


mem[X,0x8000D234] -> 0x1063
mem[X,0x8000D236] -> 0x10B5
[1232] [M]: 0x8000D234 (0x10B51063) bne a0, a1, 256


mem[X,0x8000D334] -> 0x0213
mem[X,0x8000D336] -> 0x0032
[1233] [M]: 0x8000D334 (0x00320213) addi tp, tp, 3
x4 <- 0x00000003


mem[X,0x8000D338] -> 0x006F
mem[X,0x8000D33A] -> 0x0040
[1234] [M]: 0x8000D338 (0x0040006F) jal zero, 4


mem[X,0x8000D33C] -> 0xAA23
mem[X,0x8000D33E] -> 0x1A40
[1235] [M]: 0x8000D33C (0x1A40AA23) sw tp, 436(ra)
mem[0x8003A31C] <- 0x00000003


mem[X,0x8000D340] -> 0x5537
mem[X,0x8000D342] -> 0x5555
[1236] [M]: 0x8000D340 (0x55555537) lui a0, 349525
x10 <- 0x55555000


mem[X,0x8000D344] -> 0x0513
mem[X,0x8000D346] -> 0x5555
[1237] [M]: 0x8000D344 (0x55550513) addi a0, a0, 1365
x10 <- 0x55555555


mem[X,0x8000D348] -> 0x0593
mem[X,0x8000D34A] -> 0x0020
[1238] [M]: 0x8000D348 (0x00200593) addi a1, zero, 2
x11 <- 0x00000002


mem[X,0x8000D34C] -> 0x0213
mem[X,0x8000D34E] -> 0x0000
[1239] [M]: 0x8000D34C (0x00000213) addi tp, zero, 0
x4 <- 0x00000000


mem[X,0x8000D350] -> 0x006F
mem[X,0x8000D352] -> 0x0140
[1240] [M]: 0x8000D350 (0x0140006F) jal zero, 20


mem[X,0x8000D364] -> 0x18E3
mem[X,0x8000D366] -> 0xFEB5
[1241] [M]: 0x8000D364 (0xFEB518E3) bne a0, a1, 8176


mem[X,0x8000D354] -> 0x0213
mem[X,0x8000D356] -> 0x0012
[1242] [M]: 0x8000D354 (0x00120213) addi tp, tp, 1
x4 <- 0x00000001


mem[X,0x8000D358] -> 0x006F
mem[X,0x8000D35A] -> 0x0200
[1243] [M]: 0x8000D358 (0x0200006F) jal zero, 32


mem[X,0x8000D378] -> 0xAC23
mem[X,0x8000D37A] -> 0x1A40
[1244] [M]: 0x8000D378 (0x1A40AC23) sw tp, 440(ra)
mem[0x8003A320] <- 0x00000001


mem[X,0x8000D37C] -> 0x5537
mem[X,0x8000D37E] -> 0x5555
[1245] [M]: 0x8000D37C (0x55555537) lui a0, 349525
x10 <- 0x55555000


mem[X,0x8000D380] -> 0x0513
mem[X,0x8000D382] -> 0x5555
[1246] [M]: 0x8000D380 (0x55550513) addi a0, a0, 1365
x10 <- 0x55555555


mem[X,0x8000D384] -> 0x55B7
mem[X,0x8000D386] -> 0x5555
[1247] [M]: 0x8000D384 (0x555555B7) lui a1, 349525
x11 <- 0x55555000


mem[X,0x8000D388] -> 0x8593
mem[X,0x8000D38A] -> 0x5545
[1248] [M]: 0x8000D388 (0x55458593) addi a1, a1, 1364
x11 <- 0x55555554


mem[X,0x8000D38C] -> 0x0213
mem[X,0x8000D38E] -> 0x0000
[1249] [M]: 0x8000D38C (0x00000213) addi tp, zero, 0
x4 <- 0x00000000


mem[X,0x8000D390] -> 0x006F
mem[X,0x8000D392] -> 0x00C0
[1250] [M]: 0x8000D390 (0x00C0006F) jal zero, 12


mem[X,0x8000D39C] -> 0x1663
mem[X,0x8000D39E] -> 0x00B5
[1251] [M]: 0x8000D39C (0x00B51663) bne a0, a1, 12


mem[X,0x8000D3A8] -> 0x0213
mem[X,0x8000D3AA] -> 0x0032
[1252] [M]: 0x8000D3A8 (0x00320213) addi tp, tp, 3
x4 <- 0x00000003


mem[X,0x8000D3AC] -> 0x006F
mem[X,0x8000D3AE] -> 0x0040
[1253] [M]: 0x8000D3AC (0x0040006F) jal zero, 4


mem[X,0x8000D3B0] -> 0xAE23
mem[X,0x8000D3B2] -> 0x1A40
[1254] [M]: 0x8000D3B0 (0x1A40AE23) sw tp, 444(ra)
mem[0x8003A324] <- 0x00000003


mem[X,0x8000D3B4] -> 0x5537
mem[X,0x8000D3B6] -> 0x5555
[1255] [M]: 0x8000D3B4 (0x55555537) lui a0, 349525
x10 <- 0x55555000


mem[X,0x8000D3B8] -> 0x0513
mem[X,0x8000D3BA] -> 0x5555
[1256] [M]: 0x8000D3B8 (0x55550513) addi a0, a0, 1365
x10 <- 0x55555555


mem[X,0x8000D3BC] -> 0x0593
mem[X,0x8000D3BE] -> 0x0000
[1257] [M]: 0x8000D3BC (0x00000593) addi a1, zero, 0
x11 <- 0x00000000


mem[X,0x8000D3C0] -> 0x0213
mem[X,0x8000D3C2] -> 0x0000
[1258] [M]: 0x8000D3C0 (0x00000213) addi tp, zero, 0
x4 <- 0x00000000


mem[X,0x8000D3C4] -> 0x006F
mem[X,0x8000D3C6] -> 0x00C0
[1259] [M]: 0x8000D3C4 (0x00C0006F) jal zero, 12


mem[X,0x8000D3D0] -> 0x1CE3
mem[X,0x8000D3D2] -> 0xFEB5
[1260] [M]: 0x8000D3D0 (0xFEB51CE3) bne a0, a1, 8184


mem[X,0x8000D3C8] -> 0x0213
mem[X,0x8000D3CA] -> 0x0012
[1261] [M]: 0x8000D3C8 (0x00120213) addi tp, tp, 1
x4 <- 0x00000001


mem[X,0x8000D3CC] -> 0x006F
mem[X,0x8000D3CE] -> 0x0180
[1262] [M]: 0x8000D3CC (0x0180006F) jal zero, 24


mem[X,0x8000D3E4] -> 0xA023
mem[X,0x8000D3E6] -> 0x1C40
[1263] [M]: 0x8000D3E4 (0x1C40A023) sw tp, 448(ra)
mem[0x8003A328] <- 0x00000001


mem[X,0x8000D3E8] -> 0x5537
mem[X,0x8000D3EA] -> 0x5555
[1264] [M]: 0x8000D3E8 (0x55555537) lui a0, 349525
x10 <- 0x55555000


mem[X,0x8000D3EC] -> 0x0513
mem[X,0x8000D3EE] -> 0x5555
[1265] [M]: 0x8000D3EC (0x55550513) addi a0, a0, 1365
x10 <- 0x55555555


mem[X,0x8000D3F0] -> 0x0593
mem[X,0x8000D3F2] -> 0x0040
[1266] [M]: 0x8000D3F0 (0x00400593) addi a1, zero, 4
x11 <- 0x00000004


mem[X,0x8000D3F4] -> 0x0213
mem[X,0x8000D3F6] -> 0x0000
[1267] [M]: 0x8000D3F4 (0x00000213) addi tp, zero, 0
x4 <- 0x00000000


mem[X,0x8000D3F8] -> 0x006F
mem[X,0x8000D3FA] -> 0x00C0
[1268] [M]: 0x8000D3F8 (0x00C0006F) jal zero, 12


mem[X,0x8000D404] -> 0x1063
mem[X,0x8000D406] -> 0x04B5
[1269] [M]: 0x8000D404 (0x04B51063) bne a0, a1, 64


mem[X,0x8000D444] -> 0x0213
mem[X,0x8000D446] -> 0x0032
[1270] [M]: 0x8000D444 (0x00320213) addi tp, tp, 3
x4 <- 0x00000003


mem[X,0x8000D448] -> 0x006F
mem[X,0x8000D44A] -> 0x0040
[1271] [M]: 0x8000D448 (0x0040006F) jal zero, 4


mem[X,0x8000D44C] -> 0xA223
mem[X,0x8000D44E] -> 0x1C40
[1272] [M]: 0x8000D44C (0x1C40A223) sw tp, 452(ra)
mem[0x8003A32C] <- 0x00000003


mem[X,0x8000D450] -> 0x5537
mem[X,0x8000D452] -> 0x5555
[1273] [M]: 0x8000D450 (0x55555537) lui a0, 349525
x10 <- 0x55555000


mem[X,0x8000D454] -> 0x0513
mem[X,0x8000D456] -> 0x5555
[1274] [M]: 0x8000D454 (0x55550513) addi a0, a0, 1365
x10 <- 0x55555555


mem[X,0x8000D458] -> 0x35B7
mem[X,0x8000D45A] -> 0x3333
[1275] [M]: 0x8000D458 (0x333335B7) lui a1, 209715
x11 <- 0x33333000


mem[X,0x8000D45C] -> 0x8593
mem[X,0x8000D45E] -> 0x3325
[1276] [M]: 0x8000D45C (0x33258593) addi a1, a1, 818
x11 <- 0x33333332


mem[X,0x8000D460] -> 0x0213
mem[X,0x8000D462] -> 0x0000
[1277] [M]: 0x8000D460 (0x00000213) addi tp, zero, 0
x4 <- 0x00000000


mem[X,0x8000D464] -> 0x006F
mem[X,0x8000D466] -> 0x0180
[1278] [M]: 0x8000D464 (0x0180006F) jal zero, 24


mem[X,0x8000D47C] -> 0x16E3
mem[X,0x8000D47E] -> 0xFEB5
[1279] [M]: 0x8000D47C (0xFEB516E3) bne a0, a1, 8172


mem[X,0x8000D468] -> 0x0213
mem[X,0x8000D46A] -> 0x0012
[1280] [M]: 0x8000D468 (0x00120213) addi tp, tp, 1
x4 <- 0x00000001


mem[X,0x8000D46C] -> 0x006F
mem[X,0x8000D46E] -> 0x0240
[1281] [M]: 0x8000D46C (0x0240006F) jal zero, 36


mem[X,0x8000D490] -> 0xA423
mem[X,0x8000D492] -> 0x1C40
[1282] [M]: 0x8000D490 (0x1C40A423) sw tp, 456(ra)
mem[0x8003A330] <- 0x00000001


mem[X,0x8000D494] -> 0x5537
mem[X,0x8000D496] -> 0x5555
[1283] [M]: 0x8000D494 (0x55555537) lui a0, 349525
x10 <- 0x55555000


mem[X,0x8000D498] -> 0x0513
mem[X,0x8000D49A] -> 0x5555
[1284] [M]: 0x8000D498 (0x55550513) addi a0, a0, 1365
x10 <- 0x55555555


mem[X,0x8000D49C] -> 0x65B7
mem[X,0x8000D49E] -> 0x6666
[1285] [M]: 0x8000D49C (0x666665B7) lui a1, 419430
x11 <- 0x66666000


mem[X,0x8000D4A0] -> 0x8593
mem[X,0x8000D4A2] -> 0x6655
[1286] [M]: 0x8000D4A0 (0x66558593) addi a1, a1, 1637
x11 <- 0x66666665


mem[X,0x8000D4A4] -> 0x0213
mem[X,0x8000D4A6] -> 0x0000
[1287] [M]: 0x8000D4A4 (0x00000213) addi tp, zero, 0
x4 <- 0x00000000


mem[X,0x8000D4A8] -> 0x006F
mem[X,0x8000D4AA] -> 0x0100
[1288] [M]: 0x8000D4A8 (0x0100006F) jal zero, 16


mem[X,0x8000D4B8] -> 0x1AE3
mem[X,0x8000D4BA] -> 0xFEB5
[1289] [M]: 0x8000D4B8 (0xFEB51AE3) bne a0, a1, 8180


mem[X,0x8000D4AC] -> 0x0213
mem[X,0x8000D4AE] -> 0x0012
[1290] [M]: 0x8000D4AC (0x00120213) addi tp, tp, 1
x4 <- 0x00000001


mem[X,0x8000D4B0] -> 0x006F
mem[X,0x8000D4B2] -> 0x01C0
[1291] [M]: 0x8000D4B0 (0x01C0006F) jal zero, 28


mem[X,0x8000D4CC] -> 0xA623
mem[X,0x8000D4CE] -> 0x1C40
[1292] [M]: 0x8000D4CC (0x1C40A623) sw tp, 460(ra)
mem[0x8003A334] <- 0x00000001


mem[X,0x8000D4D0] -> 0x5537
mem[X,0x8000D4D2] -> 0x5555
[1293] [M]: 0x8000D4D0 (0x55555537) lui a0, 349525
x10 <- 0x55555000


mem[X,0x8000D4D4] -> 0x0513
mem[X,0x8000D4D6] -> 0x5555
[1294] [M]: 0x8000D4D4 (0x55550513) addi a0, a0, 1365
x10 <- 0x55555555


mem[X,0x8000D4D8] -> 0xB5B7
mem[X,0x8000D4DA] -> 0x0000
[1295] [M]: 0x8000D4D8 (0x0000B5B7) lui a1, 11
x11 <- 0x0000B000


mem[X,0x8000D4DC] -> 0x8593
mem[X,0x8000D4DE] -> 0x5035
[1296] [M]: 0x8000D4DC (0x50358593) addi a1, a1, 1283
x11 <- 0x0000B503


mem[X,0x8000D4E0] -> 0x0213
mem[X,0x8000D4E2] -> 0x0000
[1297] [M]: 0x8000D4E0 (0x00000213) addi tp, zero, 0
x4 <- 0x00000000


mem[X,0x8000D4E4] -> 0x006F
mem[X,0x8000D4E6] -> 0x00C0
[1298] [M]: 0x8000D4E4 (0x00C0006F) jal zero, 12


mem[X,0x8000D4F0] -> 0x1063
mem[X,0x8000D4F2] -> 0x40B5
[1299] [M]: 0x8000D4F0 (0x40B51063) bne a0, a1, 1024


clint::tick mtime <- 0x000000000000000D
 clint timer pending at mtime 0x000000000000000D
htif::tick 0x0000000000000000
mem[X,0x8000D8F0] -> 0x0213
mem[X,0x8000D8F2] -> 0x0032
[1300] [M]: 0x8000D8F0 (0x00320213) addi tp, tp, 3
x4 <- 0x00000003


mem[X,0x8000D8F4] -> 0x006F
mem[X,0x8000D8F6] -> 0x0040
[1301] [M]: 0x8000D8F4 (0x0040006F) jal zero, 4


mem[X,0x8000D8F8] -> 0xA823
mem[X,0x8000D8FA] -> 0x1C40
[1302] [M]: 0x8000D8F8 (0x1C40A823) sw tp, 464(ra)
mem[0x8003A338] <- 0x00000003


mem[X,0x8000D8FC] -> 0x5537
mem[X,0x8000D8FE] -> 0x5555
[1303] [M]: 0x8000D8FC (0x55555537) lui a0, 349525
x10 <- 0x55555000


mem[X,0x8000D900] -> 0x0513
mem[X,0x8000D902] -> 0x5555
[1304] [M]: 0x8000D900 (0x55550513) addi a0, a0, 1365
x10 <- 0x55555555


mem[X,0x8000D904] -> 0x55B7
mem[X,0x8000D906] -> 0x5555
[1305] [M]: 0x8000D904 (0x555555B7) lui a1, 349525
x11 <- 0x55555000


mem[X,0x8000D908] -> 0x8593
mem[X,0x8000D90A] -> 0x5565
[1306] [M]: 0x8000D908 (0x55658593) addi a1, a1, 1366
x11 <- 0x55555556


mem[X,0x8000D90C] -> 0x0213
mem[X,0x8000D90E] -> 0x0000
[1307] [M]: 0x8000D90C (0x00000213) addi tp, zero, 0
x4 <- 0x00000000


mem[X,0x8000D910] -> 0x006F
mem[X,0x8000D912] -> 0x00C0
[1308] [M]: 0x8000D910 (0x00C0006F) jal zero, 12


mem[X,0x8000D91C] -> 0x1063
mem[X,0x8000D91E] -> 0x04B5
[1309] [M]: 0x8000D91C (0x04B51063) bne a0, a1, 64


mem[X,0x8000D95C] -> 0x0213
mem[X,0x8000D95E] -> 0x0032
[1310] [M]: 0x8000D95C (0x00320213) addi tp, tp, 3
x4 <- 0x00000003


mem[X,0x8000D960] -> 0x006F
mem[X,0x8000D962] -> 0x0040
[1311] [M]: 0x8000D960 (0x0040006F) jal zero, 4


mem[X,0x8000D964] -> 0xAA23
mem[X,0x8000D966] -> 0x1C40
[1312] [M]: 0x8000D964 (0x1C40AA23) sw tp, 468(ra)
mem[0x8003A33C] <- 0x00000003


mem[X,0x8000D968] -> 0x5537
mem[X,0x8000D96A] -> 0x5555
[1313] [M]: 0x8000D968 (0x55555537) lui a0, 349525
x10 <- 0x55555000


mem[X,0x8000D96C] -> 0x0513
mem[X,0x8000D96E] -> 0x5555
[1314] [M]: 0x8000D96C (0x55550513) addi a0, a0, 1365
x10 <- 0x55555555


mem[X,0x8000D970] -> 0xB5B7
mem[X,0x8000D972] -> 0xAAAA
[1315] [M]: 0x8000D970 (0xAAAAB5B7) lui a1, 699051
x11 <- 0xAAAAB000


mem[X,0x8000D974] -> 0x8593
mem[X,0x8000D976] -> 0xAAB5
[1316] [M]: 0x8000D974 (0xAAB58593) addi a1, a1, 2731
x11 <- 0xAAAAAAAB


mem[X,0x8000D978] -> 0x0213
mem[X,0x8000D97A] -> 0x0000
[1317] [M]: 0x8000D978 (0x00000213) addi tp, zero, 0
x4 <- 0x00000000


mem[X,0x8000D97C] -> 0x006F
mem[X,0x8000D97E] -> 0x00C0
[1318] [M]: 0x8000D97C (0x00C0006F) jal zero, 12


mem[X,0x8000D988] -> 0x1663
mem[X,0x8000D98A] -> 0x00B5
[1319] [M]: 0x8000D988 (0x00B51663) bne a0, a1, 12


mem[X,0x8000D994] -> 0x0213
mem[X,0x8000D996] -> 0x0032
[1320] [M]: 0x8000D994 (0x00320213) addi tp, tp, 3
x4 <- 0x00000003


mem[X,0x8000D998] -> 0x006F
mem[X,0x8000D99A] -> 0x0040
[1321] [M]: 0x8000D998 (0x0040006F) jal zero, 4


mem[X,0x8000D99C] -> 0xAC23
mem[X,0x8000D99E] -> 0x1C40
[1322] [M]: 0x8000D99C (0x1C40AC23) sw tp, 472(ra)
mem[0x8003A340] <- 0x00000003


mem[X,0x8000D9A0] -> 0x5537
mem[X,0x8000D9A2] -> 0x5555
[1323] [M]: 0x8000D9A0 (0x55555537) lui a0, 349525
x10 <- 0x55555000


mem[X,0x8000D9A4] -> 0x0513
mem[X,0x8000D9A6] -> 0x5555
[1324] [M]: 0x8000D9A4 (0x55550513) addi a0, a0, 1365
x10 <- 0x55555555


mem[X,0x8000D9A8] -> 0x0593
mem[X,0x8000D9AA] -> 0x0060
[1325] [M]: 0x8000D9A8 (0x00600593) addi a1, zero, 6
x11 <- 0x00000006


mem[X,0x8000D9AC] -> 0x0213
mem[X,0x8000D9AE] -> 0x0000
[1326] [M]: 0x8000D9AC (0x00000213) addi tp, zero, 0
x4 <- 0x00000000


mem[X,0x8000D9B0] -> 0x006F
mem[X,0x8000D9B2] -> 0x00C0
[1327] [M]: 0x8000D9B0 (0x00C0006F) jal zero, 12


mem[X,0x8000D9BC] -> 0x1663
mem[X,0x8000D9BE] -> 0x00B5
[1328] [M]: 0x8000D9BC (0x00B51663) bne a0, a1, 12


mem[X,0x8000D9C8] -> 0x0213
mem[X,0x8000D9CA] -> 0x0032
[1329] [M]: 0x8000D9C8 (0x00320213) addi tp, tp, 3
x4 <- 0x00000003


mem[X,0x8000D9CC] -> 0x006F
mem[X,0x8000D9CE] -> 0x0040
[1330] [M]: 0x8000D9CC (0x0040006F) jal zero, 4


mem[X,0x8000D9D0] -> 0xAE23
mem[X,0x8000D9D2] -> 0x1C40
[1331] [M]: 0x8000D9D0 (0x1C40AE23) sw tp, 476(ra)
mem[0x8003A344] <- 0x00000003


mem[X,0x8000D9D4] -> 0x5537
mem[X,0x8000D9D6] -> 0x5555
[1332] [M]: 0x8000D9D4 (0x55555537) lui a0, 349525
x10 <- 0x55555000


mem[X,0x8000D9D8] -> 0x0513
mem[X,0x8000D9DA] -> 0x5555
[1333] [M]: 0x8000D9D8 (0x55550513) addi a0, a0, 1365
x10 <- 0x55555555


mem[X,0x8000D9DC] -> 0x35B7
mem[X,0x8000D9DE] -> 0x3333
[1334] [M]: 0x8000D9DC (0x333335B7) lui a1, 209715
x11 <- 0x33333000


mem[X,0x8000D9E0] -> 0x8593
mem[X,0x8000D9E2] -> 0x3345
[1335] [M]: 0x8000D9E0 (0x33458593) addi a1, a1, 820
x11 <- 0x33333334


mem[X,0x8000D9E4] -> 0x0213
mem[X,0x8000D9E6] -> 0x0000
[1336] [M]: 0x8000D9E4 (0x00000213) addi tp, zero, 0
x4 <- 0x00000000


mem[X,0x8000D9E8] -> 0x006F
mem[X,0x8000D9EA] -> 0x00C0
[1337] [M]: 0x8000D9E8 (0x00C0006F) jal zero, 12


mem[X,0x8000D9F4] -> 0x1663
mem[X,0x8000D9F6] -> 0x00B5
[1338] [M]: 0x8000D9F4 (0x00B51663) bne a0, a1, 12


mem[X,0x8000DA00] -> 0x0213
mem[X,0x8000DA02] -> 0x0032
[1339] [M]: 0x8000DA00 (0x00320213) addi tp, tp, 3
x4 <- 0x00000003


mem[X,0x8000DA04] -> 0x006F
mem[X,0x8000DA06] -> 0x0040
[1340] [M]: 0x8000DA04 (0x0040006F) jal zero, 4


mem[X,0x8000DA08] -> 0xA023
mem[X,0x8000DA0A] -> 0x1E40
[1341] [M]: 0x8000DA08 (0x1E40A023) sw tp, 480(ra)
mem[0x8003A348] <- 0x00000003


mem[X,0x8000DA0C] -> 0x5537
mem[X,0x8000DA0E] -> 0x5555
[1342] [M]: 0x8000DA0C (0x55555537) lui a0, 349525
x10 <- 0x55555000


mem[X,0x8000DA10] -> 0x0513
mem[X,0x8000DA12] -> 0x5555
[1343] [M]: 0x8000DA10 (0x55550513) addi a0, a0, 1365
x10 <- 0x55555555


mem[X,0x8000DA14] -> 0x65B7
mem[X,0x8000DA16] -> 0x6666
[1344] [M]: 0x8000DA14 (0x666665B7) lui a1, 419430
x11 <- 0x66666000


mem[X,0x8000DA18] -> 0x8593
mem[X,0x8000DA1A] -> 0x6675
[1345] [M]: 0x8000DA18 (0x66758593) addi a1, a1, 1639
x11 <- 0x66666667


mem[X,0x8000DA1C] -> 0x0213
mem[X,0x8000DA1E] -> 0x0000
[1346] [M]: 0x8000DA1C (0x00000213) addi tp, zero, 0
x4 <- 0x00000000


mem[X,0x8000DA20] -> 0x006F
mem[X,0x8000DA22] -> 0x0050
[1347] [M]: 0x8000DA20 (0x0050006F) jal zero, 2052


mem[X,0x8000E224] -> 0x10E3
mem[X,0x8000E226] -> 0x80B5
[1348] [M]: 0x8000E224 (0x80B510E3) bne a0, a1, 6144


mem[X,0x8000DA24] -> 0x0213
mem[X,0x8000DA26] -> 0x0012
[1349] [M]: 0x8000DA24 (0x00120213) addi tp, tp, 1
x4 <- 0x00000001


mem[X,0x8000DA28] -> 0x006F
mem[X,0x8000DA2A] -> 0x0110
[1350] [M]: 0x8000DA28 (0x0110006F) jal zero, 2064


mem[X,0x8000E238] -> 0xA223
mem[X,0x8000E23A] -> 0x1E40
[1351] [M]: 0x8000E238 (0x1E40A223) sw tp, 484(ra)
mem[0x8003A34C] <- 0x00000001


mem[X,0x8000E23C] -> 0x5537
mem[X,0x8000E23E] -> 0x5555
[1352] [M]: 0x8000E23C (0x55555537) lui a0, 349525
x10 <- 0x55555000


mem[X,0x8000E240] -> 0x0513
mem[X,0x8000E242] -> 0x5555
[1353] [M]: 0x8000E240 (0x55550513) addi a0, a0, 1365
x10 <- 0x55555555


mem[X,0x8000E244] -> 0x55B7
mem[X,0x8000E246] -> 0xFFFF
[1354] [M]: 0x8000E244 (0xFFFF55B7) lui a1, 1048565
x11 <- 0xFFFF5000


mem[X,0x8000E248] -> 0x8593
mem[X,0x8000E24A] -> 0xAFD5
[1355] [M]: 0x8000E248 (0xAFD58593) addi a1, a1, 2813
x11 <- 0xFFFF4AFD


mem[X,0x8000E24C] -> 0x0213
mem[X,0x8000E24E] -> 0x0000
[1356] [M]: 0x8000E24C (0x00000213) addi tp, zero, 0
x4 <- 0x00000000


mem[X,0x8000E250] -> 0x006F
mem[X,0x8000E252] -> 0x00C0
[1357] [M]: 0x8000E250 (0x00C0006F) jal zero, 12


mem[X,0x8000E25C] -> 0x1CE3
mem[X,0x8000E25E] -> 0xFEB5
[1358] [M]: 0x8000E25C (0xFEB51CE3) bne a0, a1, 8184


mem[X,0x8000E254] -> 0x0213
mem[X,0x8000E256] -> 0x0012
[1359] [M]: 0x8000E254 (0x00120213) addi tp, tp, 1
x4 <- 0x00000001


mem[X,0x8000E258] -> 0x006F
mem[X,0x8000E25A] -> 0x0180
[1360] [M]: 0x8000E258 (0x0180006F) jal zero, 24


mem[X,0x8000E270] -> 0xA423
mem[X,0x8000E272] -> 0x1E40
[1361] [M]: 0x8000E270 (0x1E40A423) sw tp, 488(ra)
mem[0x8003A350] <- 0x00000001


mem[X,0x8000E274] -> 0x5537
mem[X,0x8000E276] -> 0x5555
[1362] [M]: 0x8000E274 (0x55555537) lui a0, 349525
x10 <- 0x55555000


mem[X,0x8000E278] -> 0x0513
mem[X,0x8000E27A] -> 0x5555
[1363] [M]: 0x8000E278 (0x55550513) addi a0, a0, 1365
x10 <- 0x55555555


mem[X,0x8000E27C] -> 0xB5B7
mem[X,0x8000E27E] -> 0x0000
[1364] [M]: 0x8000E27C (0x0000B5B7) lui a1, 11
x11 <- 0x0000B000


mem[X,0x8000E280] -> 0x8593
mem[X,0x8000E282] -> 0x5055
[1365] [M]: 0x8000E280 (0x50558593) addi a1, a1, 1285
x11 <- 0x0000B505


mem[X,0x8000E284] -> 0x0213
mem[X,0x8000E286] -> 0x0000
[1366] [M]: 0x8000E284 (0x00000213) addi tp, zero, 0
x4 <- 0x00000000


mem[X,0x8000E288] -> 0x006F
mem[X,0x8000E28A] -> 0x00C0
[1367] [M]: 0x8000E288 (0x00C0006F) jal zero, 12


mem[X,0x8000E294] -> 0x1063
mem[X,0x8000E296] -> 0x02B5
[1368] [M]: 0x8000E294 (0x02B51063) bne a0, a1, 32


mem[X,0x8000E2B4] -> 0x0213
mem[X,0x8000E2B6] -> 0x0032
[1369] [M]: 0x8000E2B4 (0x00320213) addi tp, tp, 3
x4 <- 0x00000003


mem[X,0x8000E2B8] -> 0x006F
mem[X,0x8000E2BA] -> 0x0040
[1370] [M]: 0x8000E2B8 (0x0040006F) jal zero, 4


mem[X,0x8000E2BC] -> 0xA623
mem[X,0x8000E2BE] -> 0x1E40
[1371] [M]: 0x8000E2BC (0x1E40A623) sw tp, 492(ra)
mem[0x8003A354] <- 0x00000003


mem[X,0x8000E2C0] -> 0xB537
mem[X,0x8000E2C2] -> 0xAAAA
[1372] [M]: 0x8000E2C0 (0xAAAAB537) lui a0, 699051
x10 <- 0xAAAAB000


mem[X,0x8000E2C4] -> 0x0513
mem[X,0x8000E2C6] -> 0xAAA5
[1373] [M]: 0x8000E2C4 (0xAAA50513) addi a0, a0, 2730
x10 <- 0xAAAAAAAA


mem[X,0x8000E2C8] -> 0x0593
mem[X,0x8000E2CA] -> 0x0030
[1374] [M]: 0x8000E2C8 (0x00300593) addi a1, zero, 3
x11 <- 0x00000003


mem[X,0x8000E2CC] -> 0x0213
mem[X,0x8000E2CE] -> 0x0000
[1375] [M]: 0x8000E2CC (0x00000213) addi tp, zero, 0
x4 <- 0x00000000


mem[X,0x8000E2D0] -> 0x006F
mem[X,0x8000E2D2] -> 0x0180
[1376] [M]: 0x8000E2D0 (0x0180006F) jal zero, 24


mem[X,0x8000E2E8] -> 0x16E3
mem[X,0x8000E2EA] -> 0xFEB5
[1377] [M]: 0x8000E2E8 (0xFEB516E3) bne a0, a1, 8172


mem[X,0x8000E2D4] -> 0x0213
mem[X,0x8000E2D6] -> 0x0012
[1378] [M]: 0x8000E2D4 (0x00120213) addi tp, tp, 1
x4 <- 0x00000001


mem[X,0x8000E2D8] -> 0x006F
mem[X,0x8000E2DA] -> 0x0240
[1379] [M]: 0x8000E2D8 (0x0240006F) jal zero, 36


mem[X,0x8000E2FC] -> 0xA823
mem[X,0x8000E2FE] -> 0x1E40
[1380] [M]: 0x8000E2FC (0x1E40A823) sw tp, 496(ra)
mem[0x8003A358] <- 0x00000001


mem[X,0x8000E300] -> 0xB537
mem[X,0x8000E302] -> 0xAAAA
[1381] [M]: 0x8000E300 (0xAAAAB537) lui a0, 699051
x10 <- 0xAAAAB000


mem[X,0x8000E304] -> 0x0513
mem[X,0x8000E306] -> 0xAAA5
[1382] [M]: 0x8000E304 (0xAAA50513) addi a0, a0, 2730
x10 <- 0xAAAAAAAA


mem[X,0x8000E308] -> 0x55B7
mem[X,0x8000E30A] -> 0x5555
[1383] [M]: 0x8000E308 (0x555555B7) lui a1, 349525
x11 <- 0x55555000


mem[X,0x8000E30C] -> 0x8593
mem[X,0x8000E30E] -> 0x5555
[1384] [M]: 0x8000E30C (0x55558593) addi a1, a1, 1365
x11 <- 0x55555555


mem[X,0x8000E310] -> 0x0213
mem[X,0x8000E312] -> 0x0000
[1385] [M]: 0x8000E310 (0x00000213) addi tp, zero, 0
x4 <- 0x00000000


mem[X,0x8000E314] -> 0x006F
mem[X,0x8000E316] -> 0x00C0
[1386] [M]: 0x8000E314 (0x00C0006F) jal zero, 12


mem[X,0x8000E320] -> 0x1663
mem[X,0x8000E322] -> 0x00B5
[1387] [M]: 0x8000E320 (0x00B51663) bne a0, a1, 12


mem[X,0x8000E32C] -> 0x0213
mem[X,0x8000E32E] -> 0x0032
[1388] [M]: 0x8000E32C (0x00320213) addi tp, tp, 3
x4 <- 0x00000003


mem[X,0x8000E330] -> 0x006F
mem[X,0x8000E332] -> 0x0040
[1389] [M]: 0x8000E330 (0x0040006F) jal zero, 4


mem[X,0x8000E334] -> 0xAA23
mem[X,0x8000E336] -> 0x1E40
[1390] [M]: 0x8000E334 (0x1E40AA23) sw tp, 500(ra)
mem[0x8003A35C] <- 0x00000003


mem[X,0x8000E338] -> 0xB537
mem[X,0x8000E33A] -> 0xAAAA
[1391] [M]: 0x8000E338 (0xAAAAB537) lui a0, 699051
x10 <- 0xAAAAB000


mem[X,0x8000E33C] -> 0x0513
mem[X,0x8000E33E] -> 0xAAA5
[1392] [M]: 0x8000E33C (0xAAA50513) addi a0, a0, 2730
x10 <- 0xAAAAAAAA


mem[X,0x8000E340] -> 0xB5B7
mem[X,0x8000E342] -> 0xAAAA
[1393] [M]: 0x8000E340 (0xAAAAB5B7) lui a1, 699051
x11 <- 0xAAAAB000


mem[X,0x8000E344] -> 0x8593
mem[X,0x8000E346] -> 0xAAA5
[1394] [M]: 0x8000E344 (0xAAA58593) addi a1, a1, 2730
x11 <- 0xAAAAAAAA


mem[X,0x8000E348] -> 0x0213
mem[X,0x8000E34A] -> 0x0000
[1395] [M]: 0x8000E348 (0x00000213) addi tp, zero, 0
x4 <- 0x00000000


mem[X,0x8000E34C] -> 0x006F
mem[X,0x8000E34E] -> 0x00C0
[1396] [M]: 0x8000E34C (0x00C0006F) jal zero, 12


mem[X,0x8000E358] -> 0x1863
mem[X,0x8000E35A] -> 0x00B5
[1397] [M]: 0x8000E358 (0x00B51863) bne a0, a1, 16


mem[X,0x8000E35C] -> 0x0213
mem[X,0x8000E35E] -> 0x0022
[1398] [M]: 0x8000E35C (0x00220213) addi tp, tp, 2
x4 <- 0x00000002


mem[X,0x8000E360] -> 0x006F
mem[X,0x8000E362] -> 0x0100
[1399] [M]: 0x8000E360 (0x0100006F) jal zero, 16


clint::tick mtime <- 0x000000000000000E
 clint timer pending at mtime 0x000000000000000E
htif::tick 0x0000000000000000
mem[X,0x8000E370] -> 0xAC23
mem[X,0x8000E372] -> 0x1E40
[1400] [M]: 0x8000E370 (0x1E40AC23) sw tp, 504(ra)
mem[0x8003A360] <- 0x00000002


mem[X,0x8000E374] -> 0xB537
mem[X,0x8000E376] -> 0xAAAA
[1401] [M]: 0x8000E374 (0xAAAAB537) lui a0, 699051
x10 <- 0xAAAAB000


mem[X,0x8000E378] -> 0x0513
mem[X,0x8000E37A] -> 0xAAA5
[1402] [M]: 0x8000E378 (0xAAA50513) addi a0, a0, 2730
x10 <- 0xAAAAAAAA


mem[X,0x8000E37C] -> 0x0593
mem[X,0x8000E37E] -> 0x0050
[1403] [M]: 0x8000E37C (0x00500593) addi a1, zero, 5
x11 <- 0x00000005


mem[X,0x8000E380] -> 0x0213
mem[X,0x8000E382] -> 0x0000
[1404] [M]: 0x8000E380 (0x00000213) addi tp, zero, 0
x4 <- 0x00000000


mem[X,0x8000E384] -> 0x006F
mem[X,0x8000E386] -> 0x00C0
[1405] [M]: 0x8000E384 (0x00C0006F) jal zero, 12


mem[X,0x8000E390] -> 0x1063
mem[X,0x8000E392] -> 0x40B5
[1406] [M]: 0x8000E390 (0x40B51063) bne a0, a1, 1024


mem[X,0x8000E790] -> 0x0213
mem[X,0x8000E792] -> 0x0032
[1407] [M]: 0x8000E790 (0x00320213) addi tp, tp, 3
x4 <- 0x00000003


mem[X,0x8000E794] -> 0x006F
mem[X,0x8000E796] -> 0x0040
[1408] [M]: 0x8000E794 (0x0040006F) jal zero, 4


mem[X,0x8000E798] -> 0xAE23
mem[X,0x8000E79A] -> 0x1E40
[1409] [M]: 0x8000E798 (0x1E40AE23) sw tp, 508(ra)
mem[0x8003A364] <- 0x00000003


mem[X,0x8000E79C] -> 0xB537
mem[X,0x8000E79E] -> 0xAAAA
[1410] [M]: 0x8000E79C (0xAAAAB537) lui a0, 699051
x10 <- 0xAAAAB000


mem[X,0x8000E7A0] -> 0x0513
mem[X,0x8000E7A2] -> 0xAAA5
[1411] [M]: 0x8000E7A0 (0xAAA50513) addi a0, a0, 2730
x10 <- 0xAAAAAAAA


mem[X,0x8000E7A4] -> 0x35B7
mem[X,0x8000E7A6] -> 0x3333
[1412] [M]: 0x8000E7A4 (0x333335B7) lui a1, 209715
x11 <- 0x33333000


mem[X,0x8000E7A8] -> 0x8593
mem[X,0x8000E7AA] -> 0x3335
[1413] [M]: 0x8000E7A8 (0x33358593) addi a1, a1, 819
x11 <- 0x33333333


mem[X,0x8000E7AC] -> 0x0213
mem[X,0x8000E7AE] -> 0x0000
[1414] [M]: 0x8000E7AC (0x00000213) addi tp, zero, 0
x4 <- 0x00000000


mem[X,0x8000E7B0] -> 0x006F
mem[X,0x8000E7B2] -> 0x00C0
[1415] [M]: 0x8000E7B0 (0x00C0006F) jal zero, 12


mem[X,0x8000E7BC] -> 0x1863
mem[X,0x8000E7BE] -> 0x00B5
[1416] [M]: 0x8000E7BC (0x00B51863) bne a0, a1, 16


mem[X,0x8000E7CC] -> 0x0213
mem[X,0x8000E7CE] -> 0x0032
[1417] [M]: 0x8000E7CC (0x00320213) addi tp, tp, 3
x4 <- 0x00000003


mem[X,0x8000E7D0] -> 0x006F
mem[X,0x8000E7D2] -> 0x0040
[1418] [M]: 0x8000E7D0 (0x0040006F) jal zero, 4


mem[X,0x8000E7D4] -> 0xA023
mem[X,0x8000E7D6] -> 0x2040
[1419] [M]: 0x8000E7D4 (0x2040A023) sw tp, 512(ra)
mem[0x8003A368] <- 0x00000003


mem[X,0x8000E7D8] -> 0xB537
mem[X,0x8000E7DA] -> 0xAAAA
[1420] [M]: 0x8000E7D8 (0xAAAAB537) lui a0, 699051
x10 <- 0xAAAAB000


mem[X,0x8000E7DC] -> 0x0513
mem[X,0x8000E7DE] -> 0xAAA5
[1421] [M]: 0x8000E7DC (0xAAA50513) addi a0, a0, 2730
x10 <- 0xAAAAAAAA


mem[X,0x8000E7E0] -> 0x65B7
mem[X,0x8000E7E2] -> 0x6666
[1422] [M]: 0x8000E7E0 (0x666665B7) lui a1, 419430
x11 <- 0x66666000


mem[X,0x8000E7E4] -> 0x8593
mem[X,0x8000E7E6] -> 0x6665
[1423] [M]: 0x8000E7E4 (0x66658593) addi a1, a1, 1638
x11 <- 0x66666666


mem[X,0x8000E7E8] -> 0x0213
mem[X,0x8000E7EA] -> 0x0000
[1424] [M]: 0x8000E7E8 (0x00000213) addi tp, zero, 0
x4 <- 0x00000000


mem[X,0x8000E7EC] -> 0x006F
mem[X,0x8000E7EE] -> 0x00C0
[1425] [M]: 0x8000E7EC (0x00C0006F) jal zero, 12


mem[X,0x8000E7F8] -> 0x1CE3
mem[X,0x8000E7FA] -> 0xFEB5
[1426] [M]: 0x8000E7F8 (0xFEB51CE3) bne a0, a1, 8184


mem[X,0x8000E7F0] -> 0x0213
mem[X,0x8000E7F2] -> 0x0012
[1427] [M]: 0x8000E7F0 (0x00120213) addi tp, tp, 1
x4 <- 0x00000001


mem[X,0x8000E7F4] -> 0x006F
mem[X,0x8000E7F6] -> 0x0180
[1428] [M]: 0x8000E7F4 (0x0180006F) jal zero, 24


mem[X,0x8000E80C] -> 0xA223
mem[X,0x8000E80E] -> 0x2040
[1429] [M]: 0x8000E80C (0x2040A223) sw tp, 516(ra)
mem[0x8003A36C] <- 0x00000001


mem[X,0x8000E810] -> 0xB537
mem[X,0x8000E812] -> 0xAAAA
[1430] [M]: 0x8000E810 (0xAAAAB537) lui a0, 699051
x10 <- 0xAAAAB000


mem[X,0x8000E814] -> 0x0513
mem[X,0x8000E816] -> 0xAAA5
[1431] [M]: 0x8000E814 (0xAAA50513) addi a0, a0, 2730
x10 <- 0xAAAAAAAA


mem[X,0x8000E818] -> 0x55B7
mem[X,0x8000E81A] -> 0xFFFF
[1432] [M]: 0x8000E818 (0xFFFF55B7) lui a1, 1048565
x11 <- 0xFFFF5000


mem[X,0x8000E81C] -> 0x8593
mem[X,0x8000E81E] -> 0xAFC5
[1433] [M]: 0x8000E81C (0xAFC58593) addi a1, a1, 2812
x11 <- 0xFFFF4AFC


mem[X,0x8000E820] -> 0x0213
mem[X,0x8000E822] -> 0x0000
[1434] [M]: 0x8000E820 (0x00000213) addi tp, zero, 0
x4 <- 0x00000000


mem[X,0x8000E824] -> 0x006F
mem[X,0x8000E826] -> 0x00C0
[1435] [M]: 0x8000E824 (0x00C0006F) jal zero, 12


mem[X,0x8000E830] -> 0x1663
mem[X,0x8000E832] -> 0x00B5
[1436] [M]: 0x8000E830 (0x00B51663) bne a0, a1, 12


mem[X,0x8000E83C] -> 0x0213
mem[X,0x8000E83E] -> 0x0032
[1437] [M]: 0x8000E83C (0x00320213) addi tp, tp, 3
x4 <- 0x00000003


mem[X,0x8000E840] -> 0x006F
mem[X,0x8000E842] -> 0x0040
[1438] [M]: 0x8000E840 (0x0040006F) jal zero, 4


mem[X,0x8000E844] -> 0xA423
mem[X,0x8000E846] -> 0x2040
[1439] [M]: 0x8000E844 (0x2040A423) sw tp, 520(ra)
mem[0x8003A370] <- 0x00000003


mem[X,0x8000E848] -> 0xB537
mem[X,0x8000E84A] -> 0xAAAA
[1440] [M]: 0x8000E848 (0xAAAAB537) lui a0, 699051
x10 <- 0xAAAAB000


mem[X,0x8000E84C] -> 0x0513
mem[X,0x8000E84E] -> 0xAAA5
[1441] [M]: 0x8000E84C (0xAAA50513) addi a0, a0, 2730
x10 <- 0xAAAAAAAA


mem[X,0x8000E850] -> 0xB5B7
mem[X,0x8000E852] -> 0x0000
[1442] [M]: 0x8000E850 (0x0000B5B7) lui a1, 11
x11 <- 0x0000B000


mem[X,0x8000E854] -> 0x8593
mem[X,0x8000E856] -> 0x5045
[1443] [M]: 0x8000E854 (0x50458593) addi a1, a1, 1284
x11 <- 0x0000B504


mem[X,0x8000E858] -> 0x0213
mem[X,0x8000E85A] -> 0x0000
[1444] [M]: 0x8000E858 (0x00000213) addi tp, zero, 0
x4 <- 0x00000000


mem[X,0x8000E85C] -> 0x006F
mem[X,0x8000E85E] -> 0x00C0
[1445] [M]: 0x8000E85C (0x00C0006F) jal zero, 12


mem[X,0x8000E868] -> 0x1063
mem[X,0x8000E86A] -> 0x02B5
[1446] [M]: 0x8000E868 (0x02B51063) bne a0, a1, 32


mem[X,0x8000E888] -> 0x0213
mem[X,0x8000E88A] -> 0x0032
[1447] [M]: 0x8000E888 (0x00320213) addi tp, tp, 3
x4 <- 0x00000003


mem[X,0x8000E88C] -> 0x006F
mem[X,0x8000E88E] -> 0x0040
[1448] [M]: 0x8000E88C (0x0040006F) jal zero, 4


mem[X,0x8000E890] -> 0xA623
mem[X,0x8000E892] -> 0x2040
[1449] [M]: 0x8000E890 (0x2040A623) sw tp, 524(ra)
mem[0x8003A374] <- 0x00000003


mem[X,0x8000E894] -> 0xB537
mem[X,0x8000E896] -> 0xAAAA
[1450] [M]: 0x8000E894 (0xAAAAB537) lui a0, 699051
x10 <- 0xAAAAB000


mem[X,0x8000E898] -> 0x0513
mem[X,0x8000E89A] -> 0xAAA5
[1451] [M]: 0x8000E898 (0xAAA50513) addi a0, a0, 2730
x10 <- 0xAAAAAAAA


mem[X,0x8000E89C] -> 0x0593
mem[X,0x8000E89E] -> 0x0020
[1452] [M]: 0x8000E89C (0x00200593) addi a1, zero, 2
x11 <- 0x00000002


mem[X,0x8000E8A0] -> 0x0213
mem[X,0x8000E8A2] -> 0x0000
[1453] [M]: 0x8000E8A0 (0x00000213) addi tp, zero, 0
x4 <- 0x00000000


mem[X,0x8000E8A4] -> 0x006F
mem[X,0x8000E8A6] -> 0x0180
[1454] [M]: 0x8000E8A4 (0x0180006F) jal zero, 24


mem[X,0x8000E8BC] -> 0x16E3
mem[X,0x8000E8BE] -> 0xFEB5
[1455] [M]: 0x8000E8BC (0xFEB516E3) bne a0, a1, 8172


mem[X,0x8000E8A8] -> 0x0213
mem[X,0x8000E8AA] -> 0x0012
[1456] [M]: 0x8000E8A8 (0x00120213) addi tp, tp, 1
x4 <- 0x00000001


mem[X,0x8000E8AC] -> 0x006F
mem[X,0x8000E8AE] -> 0x0240
[1457] [M]: 0x8000E8AC (0x0240006F) jal zero, 36


mem[X,0x8000E8D0] -> 0xA823
mem[X,0x8000E8D2] -> 0x2040
[1458] [M]: 0x8000E8D0 (0x2040A823) sw tp, 528(ra)
mem[0x8003A378] <- 0x00000001


mem[X,0x8000E8D4] -> 0xB537
mem[X,0x8000E8D6] -> 0xAAAA
[1459] [M]: 0x8000E8D4 (0xAAAAB537) lui a0, 699051
x10 <- 0xAAAAB000


mem[X,0x8000E8D8] -> 0x0513
mem[X,0x8000E8DA] -> 0xAAA5
[1460] [M]: 0x8000E8D8 (0xAAA50513) addi a0, a0, 2730
x10 <- 0xAAAAAAAA


mem[X,0x8000E8DC] -> 0x55B7
mem[X,0x8000E8DE] -> 0x5555
[1461] [M]: 0x8000E8DC (0x555555B7) lui a1, 349525
x11 <- 0x55555000


mem[X,0x8000E8E0] -> 0x8593
mem[X,0x8000E8E2] -> 0x5545
[1462] [M]: 0x8000E8E0 (0x55458593) addi a1, a1, 1364
x11 <- 0x55555554


mem[X,0x8000E8E4] -> 0x0213
mem[X,0x8000E8E6] -> 0x0000
[1463] [M]: 0x8000E8E4 (0x00000213) addi tp, zero, 0
x4 <- 0x00000000


mem[X,0x8000E8E8] -> 0x006F
mem[X,0x8000E8EA] -> 0x00C0
[1464] [M]: 0x8000E8E8 (0x00C0006F) jal zero, 12


mem[X,0x8000E8F4] -> 0x1063
mem[X,0x8000E8F6] -> 0x04B5
[1465] [M]: 0x8000E8F4 (0x04B51063) bne a0, a1, 64


mem[X,0x8000E934] -> 0x0213
mem[X,0x8000E936] -> 0x0032
[1466] [M]: 0x8000E934 (0x00320213) addi tp, tp, 3
x4 <- 0x00000003


mem[X,0x8000E938] -> 0x006F
mem[X,0x8000E93A] -> 0x0040
[1467] [M]: 0x8000E938 (0x0040006F) jal zero, 4


mem[X,0x8000E93C] -> 0xAA23
mem[X,0x8000E93E] -> 0x2040
[1468] [M]: 0x8000E93C (0x2040AA23) sw tp, 532(ra)
mem[0x8003A37C] <- 0x00000003


mem[X,0x8000E940] -> 0xB537
mem[X,0x8000E942] -> 0xAAAA
[1469] [M]: 0x8000E940 (0xAAAAB537) lui a0, 699051
x10 <- 0xAAAAB000


mem[X,0x8000E944] -> 0x0513
mem[X,0x8000E946] -> 0xAAA5
[1470] [M]: 0x8000E944 (0xAAA50513) addi a0, a0, 2730
x10 <- 0xAAAAAAAA


mem[X,0x8000E948] -> 0x0593
mem[X,0x8000E94A] -> 0x0000
[1471] [M]: 0x8000E948 (0x00000593) addi a1, zero, 0
x11 <- 0x00000000


mem[X,0x8000E94C] -> 0x0213
mem[X,0x8000E94E] -> 0x0000
[1472] [M]: 0x8000E94C (0x00000213) addi tp, zero, 0
x4 <- 0x00000000


mem[X,0x8000E950] -> 0x006F
mem[X,0x8000E952] -> 0x00C0
[1473] [M]: 0x8000E950 (0x00C0006F) jal zero, 12


mem[X,0x8000E95C] -> 0x1CE3
mem[X,0x8000E95E] -> 0xFEB5
[1474] [M]: 0x8000E95C (0xFEB51CE3) bne a0, a1, 8184


mem[X,0x8000E954] -> 0x0213
mem[X,0x8000E956] -> 0x0012
[1475] [M]: 0x8000E954 (0x00120213) addi tp, tp, 1
x4 <- 0x00000001


mem[X,0x8000E958] -> 0x006F
mem[X,0x8000E95A] -> 0x0180
[1476] [M]: 0x8000E958 (0x0180006F) jal zero, 24


mem[X,0x8000E970] -> 0xAC23
mem[X,0x8000E972] -> 0x2040
[1477] [M]: 0x8000E970 (0x2040AC23) sw tp, 536(ra)
mem[0x8003A380] <- 0x00000001


mem[X,0x8000E974] -> 0xB537
mem[X,0x8000E976] -> 0xAAAA
[1478] [M]: 0x8000E974 (0xAAAAB537) lui a0, 699051
x10 <- 0xAAAAB000


mem[X,0x8000E978] -> 0x0513
mem[X,0x8000E97A] -> 0xAAA5
[1479] [M]: 0x8000E978 (0xAAA50513) addi a0, a0, 2730
x10 <- 0xAAAAAAAA


mem[X,0x8000E97C] -> 0x0593
mem[X,0x8000E97E] -> 0x0040
[1480] [M]: 0x8000E97C (0x00400593) addi a1, zero, 4
x11 <- 0x00000004


mem[X,0x8000E980] -> 0x0213
mem[X,0x8000E982] -> 0x0000
[1481] [M]: 0x8000E980 (0x00000213) addi tp, zero, 0
x4 <- 0x00000000


mem[X,0x8000E984] -> 0x006F
mem[X,0x8000E986] -> 0x00C0
[1482] [M]: 0x8000E984 (0x00C0006F) jal zero, 12


mem[X,0x8000E990] -> 0x1063
mem[X,0x8000E992] -> 0x20B5
[1483] [M]: 0x8000E990 (0x20B51063) bne a0, a1, 512


mem[X,0x8000EB90] -> 0x0213
mem[X,0x8000EB92] -> 0x0032
[1484] [M]: 0x8000EB90 (0x00320213) addi tp, tp, 3
x4 <- 0x00000003


mem[X,0x8000EB94] -> 0x006F
mem[X,0x8000EB96] -> 0x0040
[1485] [M]: 0x8000EB94 (0x0040006F) jal zero, 4


mem[X,0x8000EB98] -> 0xAE23
mem[X,0x8000EB9A] -> 0x2040
[1486] [M]: 0x8000EB98 (0x2040AE23) sw tp, 540(ra)
mem[0x8003A384] <- 0x00000003


mem[X,0x8000EB9C] -> 0xB537
mem[X,0x8000EB9E] -> 0xAAAA
[1487] [M]: 0x8000EB9C (0xAAAAB537) lui a0, 699051
x10 <- 0xAAAAB000


mem[X,0x8000EBA0] -> 0x0513
mem[X,0x8000EBA2] -> 0xAAA5
[1488] [M]: 0x8000EBA0 (0xAAA50513) addi a0, a0, 2730
x10 <- 0xAAAAAAAA


mem[X,0x8000EBA4] -> 0x35B7
mem[X,0x8000EBA6] -> 0x3333
[1489] [M]: 0x8000EBA4 (0x333335B7) lui a1, 209715
x11 <- 0x33333000


mem[X,0x8000EBA8] -> 0x8593
mem[X,0x8000EBAA] -> 0x3325
[1490] [M]: 0x8000EBA8 (0x33258593) addi a1, a1, 818
x11 <- 0x33333332


mem[X,0x8000EBAC] -> 0x0213
mem[X,0x8000EBAE] -> 0x0000
[1491] [M]: 0x8000EBAC (0x00000213) addi tp, zero, 0
x4 <- 0x00000000


mem[X,0x8000EBB0] -> 0x006F
mem[X,0x8000EBB2] -> 0x00C0
[1492] [M]: 0x8000EBB0 (0x00C0006F) jal zero, 12


mem[X,0x8000EBBC] -> 0x1663
mem[X,0x8000EBBE] -> 0x00B5
[1493] [M]: 0x8000EBBC (0x00B51663) bne a0, a1, 12


mem[X,0x8000EBC8] -> 0x0213
mem[X,0x8000EBCA] -> 0x0032
[1494] [M]: 0x8000EBC8 (0x00320213) addi tp, tp, 3
x4 <- 0x00000003


mem[X,0x8000EBCC] -> 0x006F
mem[X,0x8000EBCE] -> 0x0040
[1495] [M]: 0x8000EBCC (0x0040006F) jal zero, 4


mem[X,0x8000EBD0] -> 0xA023
mem[X,0x8000EBD2] -> 0x2240
[1496] [M]: 0x8000EBD0 (0x2240A023) sw tp, 544(ra)
mem[0x8003A388] <- 0x00000003


mem[X,0x8000EBD4] -> 0xB537
mem[X,0x8000EBD6] -> 0xAAAA
[1497] [M]: 0x8000EBD4 (0xAAAAB537) lui a0, 699051
x10 <- 0xAAAAB000


mem[X,0x8000EBD8] -> 0x0513
mem[X,0x8000EBDA] -> 0xAAA5
[1498] [M]: 0x8000EBD8 (0xAAA50513) addi a0, a0, 2730
x10 <- 0xAAAAAAAA


mem[X,0x8000EBDC] -> 0x65B7
mem[X,0x8000EBDE] -> 0x6666
[1499] [M]: 0x8000EBDC (0x666665B7) lui a1, 419430
x11 <- 0x66666000


clint::tick mtime <- 0x000000000000000F
 clint timer pending at mtime 0x000000000000000F
htif::tick 0x0000000000000000
mem[X,0x8000EBE0] -> 0x8593
mem[X,0x8000EBE2] -> 0x6655
[1500] [M]: 0x8000EBE0 (0x66558593) addi a1, a1, 1637
x11 <- 0x66666665


mem[X,0x8000EBE4] -> 0x0213
mem[X,0x8000EBE6] -> 0x0000
[1501] [M]: 0x8000EBE4 (0x00000213) addi tp, zero, 0
x4 <- 0x00000000


mem[X,0x8000EBE8] -> 0x006F
mem[X,0x8000EBEA] -> 0x00C0
[1502] [M]: 0x8000EBE8 (0x00C0006F) jal zero, 12


mem[X,0x8000EBF4] -> 0x1663
mem[X,0x8000EBF6] -> 0x00B5
[1503] [M]: 0x8000EBF4 (0x00B51663) bne a0, a1, 12


mem[X,0x8000EC00] -> 0x0213
mem[X,0x8000EC02] -> 0x0032
[1504] [M]: 0x8000EC00 (0x00320213) addi tp, tp, 3
x4 <- 0x00000003


mem[X,0x8000EC04] -> 0x006F
mem[X,0x8000EC06] -> 0x0040
[1505] [M]: 0x8000EC04 (0x0040006F) jal zero, 4


mem[X,0x8000EC08] -> 0xA223
mem[X,0x8000EC0A] -> 0x2240
[1506] [M]: 0x8000EC08 (0x2240A223) sw tp, 548(ra)
mem[0x8003A38C] <- 0x00000003


mem[X,0x8000EC0C] -> 0xB537
mem[X,0x8000EC0E] -> 0xAAAA
[1507] [M]: 0x8000EC0C (0xAAAAB537) lui a0, 699051
x10 <- 0xAAAAB000


mem[X,0x8000EC10] -> 0x0513
mem[X,0x8000EC12] -> 0xAAA5
[1508] [M]: 0x8000EC10 (0xAAA50513) addi a0, a0, 2730
x10 <- 0xAAAAAAAA


mem[X,0x8000EC14] -> 0xB5B7
mem[X,0x8000EC16] -> 0x0000
[1509] [M]: 0x8000EC14 (0x0000B5B7) lui a1, 11
x11 <- 0x0000B000


mem[X,0x8000EC18] -> 0x8593
mem[X,0x8000EC1A] -> 0x5035
[1510] [M]: 0x8000EC18 (0x50358593) addi a1, a1, 1283
x11 <- 0x0000B503


mem[X,0x8000EC1C] -> 0x0213
mem[X,0x8000EC1E] -> 0x0000
[1511] [M]: 0x8000EC1C (0x00000213) addi tp, zero, 0
x4 <- 0x00000000


mem[X,0x8000EC20] -> 0x006F
mem[X,0x8000EC22] -> 0x0050
[1512] [M]: 0x8000EC20 (0x0050006F) jal zero, 2052


mem[X,0x8000F424] -> 0x10E3
mem[X,0x8000F426] -> 0x80B5
[1513] [M]: 0x8000F424 (0x80B510E3) bne a0, a1, 6144


mem[X,0x8000EC24] -> 0x0213
mem[X,0x8000EC26] -> 0x0012
[1514] [M]: 0x8000EC24 (0x00120213) addi tp, tp, 1
x4 <- 0x00000001


mem[X,0x8000EC28] -> 0x006F
mem[X,0x8000EC2A] -> 0x0110
[1515] [M]: 0x8000EC28 (0x0110006F) jal zero, 2064


mem[X,0x8000F438] -> 0xA423
mem[X,0x8000F43A] -> 0x2240
[1516] [M]: 0x8000F438 (0x2240A423) sw tp, 552(ra)
mem[0x8003A390] <- 0x00000001


mem[X,0x8000F43C] -> 0xB537
mem[X,0x8000F43E] -> 0xAAAA
[1517] [M]: 0x8000F43C (0xAAAAB537) lui a0, 699051
x10 <- 0xAAAAB000


mem[X,0x8000F440] -> 0x0513
mem[X,0x8000F442] -> 0xAAA5
[1518] [M]: 0x8000F440 (0xAAA50513) addi a0, a0, 2730
x10 <- 0xAAAAAAAA


mem[X,0x8000F444] -> 0x55B7
mem[X,0x8000F446] -> 0x5555
[1519] [M]: 0x8000F444 (0x555555B7) lui a1, 349525
x11 <- 0x55555000


mem[X,0x8000F448] -> 0x8593
mem[X,0x8000F44A] -> 0x5565
[1520] [M]: 0x8000F448 (0x55658593) addi a1, a1, 1366
x11 <- 0x55555556


mem[X,0x8000F44C] -> 0x0213
mem[X,0x8000F44E] -> 0x0000
[1521] [M]: 0x8000F44C (0x00000213) addi tp, zero, 0
x4 <- 0x00000000


mem[X,0x8000F450] -> 0x006F
mem[X,0x8000F452] -> 0x00C0
[1522] [M]: 0x8000F450 (0x00C0006F) jal zero, 12


mem[X,0x8000F45C] -> 0x1863
mem[X,0x8000F45E] -> 0x00B5
[1523] [M]: 0x8000F45C (0x00B51863) bne a0, a1, 16


mem[X,0x8000F46C] -> 0x0213
mem[X,0x8000F46E] -> 0x0032
[1524] [M]: 0x8000F46C (0x00320213) addi tp, tp, 3
x4 <- 0x00000003


mem[X,0x8000F470] -> 0x006F
mem[X,0x8000F472] -> 0x0040
[1525] [M]: 0x8000F470 (0x0040006F) jal zero, 4


mem[X,0x8000F474] -> 0xA623
mem[X,0x8000F476] -> 0x2240
[1526] [M]: 0x8000F474 (0x2240A623) sw tp, 556(ra)
mem[0x8003A394] <- 0x00000003


mem[X,0x8000F478] -> 0xB537
mem[X,0x8000F47A] -> 0xAAAA
[1527] [M]: 0x8000F478 (0xAAAAB537) lui a0, 699051
x10 <- 0xAAAAB000


mem[X,0x8000F47C] -> 0x0513
mem[X,0x8000F47E] -> 0xAAA5
[1528] [M]: 0x8000F47C (0xAAA50513) addi a0, a0, 2730
x10 <- 0xAAAAAAAA


mem[X,0x8000F480] -> 0xB5B7
mem[X,0x8000F482] -> 0xAAAA
[1529] [M]: 0x8000F480 (0xAAAAB5B7) lui a1, 699051
x11 <- 0xAAAAB000


mem[X,0x8000F484] -> 0x8593
mem[X,0x8000F486] -> 0xAAB5
[1530] [M]: 0x8000F484 (0xAAB58593) addi a1, a1, 2731
x11 <- 0xAAAAAAAB


mem[X,0x8000F488] -> 0x0213
mem[X,0x8000F48A] -> 0x0000
[1531] [M]: 0x8000F488 (0x00000213) addi tp, zero, 0
x4 <- 0x00000000


mem[X,0x8000F48C] -> 0x006F
mem[X,0x8000F48E] -> 0x00C0
[1532] [M]: 0x8000F48C (0x00C0006F) jal zero, 12


mem[X,0x8000F498] -> 0x1663
mem[X,0x8000F49A] -> 0x00B5
[1533] [M]: 0x8000F498 (0x00B51663) bne a0, a1, 12


mem[X,0x8000F4A4] -> 0x0213
mem[X,0x8000F4A6] -> 0x0032
[1534] [M]: 0x8000F4A4 (0x00320213) addi tp, tp, 3
x4 <- 0x00000003


mem[X,0x8000F4A8] -> 0x006F
mem[X,0x8000F4AA] -> 0x0040
[1535] [M]: 0x8000F4A8 (0x0040006F) jal zero, 4


mem[X,0x8000F4AC] -> 0xA823
mem[X,0x8000F4AE] -> 0x2240
[1536] [M]: 0x8000F4AC (0x2240A823) sw tp, 560(ra)
mem[0x8003A398] <- 0x00000003


mem[X,0x8000F4B0] -> 0xB537
mem[X,0x8000F4B2] -> 0xAAAA
[1537] [M]: 0x8000F4B0 (0xAAAAB537) lui a0, 699051
x10 <- 0xAAAAB000


mem[X,0x8000F4B4] -> 0x0513
mem[X,0x8000F4B6] -> 0xAAA5
[1538] [M]: 0x8000F4B4 (0xAAA50513) addi a0, a0, 2730
x10 <- 0xAAAAAAAA


mem[X,0x8000F4B8] -> 0x0593
mem[X,0x8000F4BA] -> 0x0060
[1539] [M]: 0x8000F4B8 (0x00600593) addi a1, zero, 6
x11 <- 0x00000006


mem[X,0x8000F4BC] -> 0x0213
mem[X,0x8000F4BE] -> 0x0000
[1540] [M]: 0x8000F4BC (0x00000213) addi tp, zero, 0
x4 <- 0x00000000


mem[X,0x8000F4C0] -> 0x006F
mem[X,0x8000F4C2] -> 0x00C0
[1541] [M]: 0x8000F4C0 (0x00C0006F) jal zero, 12


mem[X,0x8000F4CC] -> 0x1663
mem[X,0x8000F4CE] -> 0x00B5
[1542] [M]: 0x8000F4CC (0x00B51663) bne a0, a1, 12


mem[X,0x8000F4D8] -> 0x0213
mem[X,0x8000F4DA] -> 0x0032
[1543] [M]: 0x8000F4D8 (0x00320213) addi tp, tp, 3
x4 <- 0x00000003


mem[X,0x8000F4DC] -> 0x006F
mem[X,0x8000F4DE] -> 0x0040
[1544] [M]: 0x8000F4DC (0x0040006F) jal zero, 4


mem[X,0x8000F4E0] -> 0xAA23
mem[X,0x8000F4E2] -> 0x2240
[1545] [M]: 0x8000F4E0 (0x2240AA23) sw tp, 564(ra)
mem[0x8003A39C] <- 0x00000003


mem[X,0x8000F4E4] -> 0xB537
mem[X,0x8000F4E6] -> 0xAAAA
[1546] [M]: 0x8000F4E4 (0xAAAAB537) lui a0, 699051
x10 <- 0xAAAAB000


mem[X,0x8000F4E8] -> 0x0513
mem[X,0x8000F4EA] -> 0xAAA5
[1547] [M]: 0x8000F4E8 (0xAAA50513) addi a0, a0, 2730
x10 <- 0xAAAAAAAA


mem[X,0x8000F4EC] -> 0x35B7
mem[X,0x8000F4EE] -> 0x3333
[1548] [M]: 0x8000F4EC (0x333335B7) lui a1, 209715
x11 <- 0x33333000


mem[X,0x8000F4F0] -> 0x8593
mem[X,0x8000F4F2] -> 0x3345
[1549] [M]: 0x8000F4F0 (0x33458593) addi a1, a1, 820
x11 <- 0x33333334


mem[X,0x8000F4F4] -> 0x0213
mem[X,0x8000F4F6] -> 0x0000
[1550] [M]: 0x8000F4F4 (0x00000213) addi tp, zero, 0
x4 <- 0x00000000


mem[X,0x8000F4F8] -> 0x006F
mem[X,0x8000F4FA] -> 0x00C0
[1551] [M]: 0x8000F4F8 (0x00C0006F) jal zero, 12


mem[X,0x8000F504] -> 0x1063
mem[X,0x8000F506] -> 0x08B5
[1552] [M]: 0x8000F504 (0x08B51063) bne a0, a1, 128


mem[X,0x8000F584] -> 0x0213
mem[X,0x8000F586] -> 0x0032
[1553] [M]: 0x8000F584 (0x00320213) addi tp, tp, 3
x4 <- 0x00000003


mem[X,0x8000F588] -> 0x006F
mem[X,0x8000F58A] -> 0x0040
[1554] [M]: 0x8000F588 (0x0040006F) jal zero, 4


mem[X,0x8000F58C] -> 0xAC23
mem[X,0x8000F58E] -> 0x2240
[1555] [M]: 0x8000F58C (0x2240AC23) sw tp, 568(ra)
mem[0x8003A3A0] <- 0x00000003


mem[X,0x8000F590] -> 0xB537
mem[X,0x8000F592] -> 0xAAAA
[1556] [M]: 0x8000F590 (0xAAAAB537) lui a0, 699051
x10 <- 0xAAAAB000


mem[X,0x8000F594] -> 0x0513
mem[X,0x8000F596] -> 0xAAA5
[1557] [M]: 0x8000F594 (0xAAA50513) addi a0, a0, 2730
x10 <- 0xAAAAAAAA


mem[X,0x8000F598] -> 0x65B7
mem[X,0x8000F59A] -> 0x6666
[1558] [M]: 0x8000F598 (0x666665B7) lui a1, 419430
x11 <- 0x66666000


mem[X,0x8000F59C] -> 0x8593
mem[X,0x8000F59E] -> 0x6675
[1559] [M]: 0x8000F59C (0x66758593) addi a1, a1, 1639
x11 <- 0x66666667


mem[X,0x8000F5A0] -> 0x0213
mem[X,0x8000F5A2] -> 0x0000
[1560] [M]: 0x8000F5A0 (0x00000213) addi tp, zero, 0
x4 <- 0x00000000


mem[X,0x8000F5A4] -> 0x006F
mem[X,0x8000F5A6] -> 0x0050
[1561] [M]: 0x8000F5A4 (0x0050006F) jal zero, 2052


mem[X,0x8000FDA8] -> 0x10E3
mem[X,0x8000FDAA] -> 0x80B5
[1562] [M]: 0x8000FDA8 (0x80B510E3) bne a0, a1, 6144


mem[X,0x8000F5A8] -> 0x0213
mem[X,0x8000F5AA] -> 0x0012
[1563] [M]: 0x8000F5A8 (0x00120213) addi tp, tp, 1
x4 <- 0x00000001


mem[X,0x8000F5AC] -> 0x006F
mem[X,0x8000F5AE] -> 0x0110
[1564] [M]: 0x8000F5AC (0x0110006F) jal zero, 2064


mem[X,0x8000FDBC] -> 0xAE23
mem[X,0x8000FDBE] -> 0x2240
[1565] [M]: 0x8000FDBC (0x2240AE23) sw tp, 572(ra)
mem[0x8003A3A4] <- 0x00000001


mem[X,0x8000FDC0] -> 0xB537
mem[X,0x8000FDC2] -> 0xAAAA
[1566] [M]: 0x8000FDC0 (0xAAAAB537) lui a0, 699051
x10 <- 0xAAAAB000


mem[X,0x8000FDC4] -> 0x0513
mem[X,0x8000FDC6] -> 0xAAA5
[1567] [M]: 0x8000FDC4 (0xAAA50513) addi a0, a0, 2730
x10 <- 0xAAAAAAAA


mem[X,0x8000FDC8] -> 0x55B7
mem[X,0x8000FDCA] -> 0xFFFF
[1568] [M]: 0x8000FDC8 (0xFFFF55B7) lui a1, 1048565
x11 <- 0xFFFF5000


mem[X,0x8000FDCC] -> 0x8593
mem[X,0x8000FDCE] -> 0xAFD5
[1569] [M]: 0x8000FDCC (0xAFD58593) addi a1, a1, 2813
x11 <- 0xFFFF4AFD


mem[X,0x8000FDD0] -> 0x0213
mem[X,0x8000FDD2] -> 0x0000
[1570] [M]: 0x8000FDD0 (0x00000213) addi tp, zero, 0
x4 <- 0x00000000


mem[X,0x8000FDD4] -> 0x006F
mem[X,0x8000FDD6] -> 0x00C0
[1571] [M]: 0x8000FDD4 (0x00C0006F) jal zero, 12


mem[X,0x8000FDE0] -> 0x1063
mem[X,0x8000FDE2] -> 0x08B5
[1572] [M]: 0x8000FDE0 (0x08B51063) bne a0, a1, 128


mem[X,0x8000FE60] -> 0x0213
mem[X,0x8000FE62] -> 0x0032
[1573] [M]: 0x8000FE60 (0x00320213) addi tp, tp, 3
x4 <- 0x00000003


mem[X,0x8000FE64] -> 0x006F
mem[X,0x8000FE66] -> 0x0040
[1574] [M]: 0x8000FE64 (0x0040006F) jal zero, 4


mem[X,0x8000FE68] -> 0xA023
mem[X,0x8000FE6A] -> 0x2440
[1575] [M]: 0x8000FE68 (0x2440A023) sw tp, 576(ra)
mem[0x8003A3A8] <- 0x00000003


mem[X,0x8000FE6C] -> 0xB537
mem[X,0x8000FE6E] -> 0xAAAA
[1576] [M]: 0x8000FE6C (0xAAAAB537) lui a0, 699051
x10 <- 0xAAAAB000


mem[X,0x8000FE70] -> 0x0513
mem[X,0x8000FE72] -> 0xAAA5
[1577] [M]: 0x8000FE70 (0xAAA50513) addi a0, a0, 2730
x10 <- 0xAAAAAAAA


mem[X,0x8000FE74] -> 0xB5B7
mem[X,0x8000FE76] -> 0x0000
[1578] [M]: 0x8000FE74 (0x0000B5B7) lui a1, 11
x11 <- 0x0000B000


mem[X,0x8000FE78] -> 0x8593
mem[X,0x8000FE7A] -> 0x5055
[1579] [M]: 0x8000FE78 (0x50558593) addi a1, a1, 1285
x11 <- 0x0000B505


mem[X,0x8000FE7C] -> 0x0213
mem[X,0x8000FE7E] -> 0x0000
[1580] [M]: 0x8000FE7C (0x00000213) addi tp, zero, 0
x4 <- 0x00000000


mem[X,0x8000FE80] -> 0x006F
mem[X,0x8000FE82] -> 0x00C0
[1581] [M]: 0x8000FE80 (0x00C0006F) jal zero, 12


mem[X,0x8000FE8C] -> 0x1063
mem[X,0x8000FE8E] -> 0x10B5
[1582] [M]: 0x8000FE8C (0x10B51063) bne a0, a1, 256


mem[X,0x8000FF8C] -> 0x0213
mem[X,0x8000FF8E] -> 0x0032
[1583] [M]: 0x8000FF8C (0x00320213) addi tp, tp, 3
x4 <- 0x00000003


mem[X,0x8000FF90] -> 0x006F
mem[X,0x8000FF92] -> 0x0040
[1584] [M]: 0x8000FF90 (0x0040006F) jal zero, 4


mem[X,0x8000FF94] -> 0xA223
mem[X,0x8000FF96] -> 0x2440
[1585] [M]: 0x8000FF94 (0x2440A223) sw tp, 580(ra)
mem[0x8003A3AC] <- 0x00000003


mem[X,0x8000FF98] -> 0x0513
mem[X,0x8000FF9A] -> 0x0050
[1586] [M]: 0x8000FF98 (0x00500513) addi a0, zero, 5
x10 <- 0x00000005


mem[X,0x8000FF9C] -> 0x0593
mem[X,0x8000FF9E] -> 0x0030
[1587] [M]: 0x8000FF9C (0x00300593) addi a1, zero, 3
x11 <- 0x00000003


mem[X,0x8000FFA0] -> 0x0213
mem[X,0x8000FFA2] -> 0x0000
[1588] [M]: 0x8000FFA0 (0x00000213) addi tp, zero, 0
x4 <- 0x00000000


mem[X,0x8000FFA4] -> 0x006F
mem[X,0x8000FFA6] -> 0x00C0
[1589] [M]: 0x8000FFA4 (0x00C0006F) jal zero, 12


mem[X,0x8000FFB0] -> 0x1663
mem[X,0x8000FFB2] -> 0x00B5
[1590] [M]: 0x8000FFB0 (0x00B51663) bne a0, a1, 12


mem[X,0x8000FFBC] -> 0x0213
mem[X,0x8000FFBE] -> 0x0032
[1591] [M]: 0x8000FFBC (0x00320213) addi tp, tp, 3
x4 <- 0x00000003


mem[X,0x8000FFC0] -> 0x006F
mem[X,0x8000FFC2] -> 0x0040
[1592] [M]: 0x8000FFC0 (0x0040006F) jal zero, 4


mem[X,0x8000FFC4] -> 0xA423
mem[X,0x8000FFC6] -> 0x2440
[1593] [M]: 0x8000FFC4 (0x2440A423) sw tp, 584(ra)
mem[0x8003A3B0] <- 0x00000003


mem[X,0x8000FFC8] -> 0x0513
mem[X,0x8000FFCA] -> 0x0050
[1594] [M]: 0x8000FFC8 (0x00500513) addi a0, zero, 5
x10 <- 0x00000005


mem[X,0x8000FFCC] -> 0x55B7
mem[X,0x8000FFCE] -> 0x5555
[1595] [M]: 0x8000FFCC (0x555555B7) lui a1, 349525
x11 <- 0x55555000


mem[X,0x8000FFD0] -> 0x8593
mem[X,0x8000FFD2] -> 0x5555
[1596] [M]: 0x8000FFD0 (0x55558593) addi a1, a1, 1365
x11 <- 0x55555555


mem[X,0x8000FFD4] -> 0x0213
mem[X,0x8000FFD6] -> 0x0000
[1597] [M]: 0x8000FFD4 (0x00000213) addi tp, zero, 0
x4 <- 0x00000000


mem[X,0x8000FFD8] -> 0x006F
mem[X,0x8000FFDA] -> 0x00C0
[1598] [M]: 0x8000FFD8 (0x00C0006F) jal zero, 12


mem[X,0x8000FFE4] -> 0x1863
mem[X,0x8000FFE6] -> 0x00B5
[1599] [M]: 0x8000FFE4 (0x00B51863) bne a0, a1, 16


clint::tick mtime <- 0x0000000000000010
 clint timer pending at mtime 0x0000000000000010
htif::tick 0x0000000000000000
mem[X,0x8000FFF4] -> 0x0213
mem[X,0x8000FFF6] -> 0x0032
[1600] [M]: 0x8000FFF4 (0x00320213) addi tp, tp, 3
x4 <- 0x00000003


mem[X,0x8000FFF8] -> 0x006F
mem[X,0x8000FFFA] -> 0x0040
[1601] [M]: 0x8000FFF8 (0x0040006F) jal zero, 4


mem[X,0x8000FFFC] -> 0xA623
mem[X,0x8000FFFE] -> 0x2440
[1602] [M]: 0x8000FFFC (0x2440A623) sw tp, 588(ra)
mem[0x8003A3B4] <- 0x00000003


mem[X,0x80010000] -> 0x0513
mem[X,0x80010002] -> 0x0050
[1603] [M]: 0x80010000 (0x00500513) addi a0, zero, 5
x10 <- 0x00000005


mem[X,0x80010004] -> 0xB5B7
mem[X,0x80010006] -> 0xAAAA
[1604] [M]: 0x80010004 (0xAAAAB5B7) lui a1, 699051
x11 <- 0xAAAAB000


mem[X,0x80010008] -> 0x8593
mem[X,0x8001000A] -> 0xAAA5
[1605] [M]: 0x80010008 (0xAAA58593) addi a1, a1, 2730
x11 <- 0xAAAAAAAA


mem[X,0x8001000C] -> 0x0213
mem[X,0x8001000E] -> 0x0000
[1606] [M]: 0x8001000C (0x00000213) addi tp, zero, 0
x4 <- 0x00000000


mem[X,0x80010010] -> 0x006F
mem[X,0x80010012] -> 0x00C0
[1607] [M]: 0x80010010 (0x00C0006F) jal zero, 12


mem[X,0x8001001C] -> 0x1063
mem[X,0x8001001E] -> 0x02B5
[1608] [M]: 0x8001001C (0x02B51063) bne a0, a1, 32


mem[X,0x8001003C] -> 0x0213
mem[X,0x8001003E] -> 0x0032
[1609] [M]: 0x8001003C (0x00320213) addi tp, tp, 3
x4 <- 0x00000003


mem[X,0x80010040] -> 0x006F
mem[X,0x80010042] -> 0x0040
[1610] [M]: 0x80010040 (0x0040006F) jal zero, 4


mem[X,0x80010044] -> 0xA823
mem[X,0x80010046] -> 0x2440
[1611] [M]: 0x80010044 (0x2440A823) sw tp, 592(ra)
mem[0x8003A3B8] <- 0x00000003


mem[X,0x80010048] -> 0x0513
mem[X,0x8001004A] -> 0x0050
[1612] [M]: 0x80010048 (0x00500513) addi a0, zero, 5
x10 <- 0x00000005


mem[X,0x8001004C] -> 0x0593
mem[X,0x8001004E] -> 0x0050
[1613] [M]: 0x8001004C (0x00500593) addi a1, zero, 5
x11 <- 0x00000005


mem[X,0x80010050] -> 0x0213
mem[X,0x80010052] -> 0x0000
[1614] [M]: 0x80010050 (0x00000213) addi tp, zero, 0
x4 <- 0x00000000


mem[X,0x80010054] -> 0x006F
mem[X,0x80010056] -> 0x00C0
[1615] [M]: 0x80010054 (0x00C0006F) jal zero, 12


mem[X,0x80010060] -> 0x1063
mem[X,0x80010062] -> 0x40B5
[1616] [M]: 0x80010060 (0x40B51063) bne a0, a1, 1024


mem[X,0x80010064] -> 0x0213
mem[X,0x80010066] -> 0x0022
[1617] [M]: 0x80010064 (0x00220213) addi tp, tp, 2
x4 <- 0x00000002


mem[X,0x80010068] -> 0x006F
mem[X,0x8001006A] -> 0x4000
[1618] [M]: 0x80010068 (0x4000006F) jal zero, 1024


mem[X,0x80010468] -> 0xAA23
mem[X,0x8001046A] -> 0x2440
[1619] [M]: 0x80010468 (0x2440AA23) sw tp, 596(ra)
mem[0x8003A3BC] <- 0x00000002


mem[X,0x8001046C] -> 0x0513
mem[X,0x8001046E] -> 0x0050
[1620] [M]: 0x8001046C (0x00500513) addi a0, zero, 5
x10 <- 0x00000005


mem[X,0x80010470] -> 0x35B7
mem[X,0x80010472] -> 0x3333
[1621] [M]: 0x80010470 (0x333335B7) lui a1, 209715
x11 <- 0x33333000


mem[X,0x80010474] -> 0x8593
mem[X,0x80010476] -> 0x3335
[1622] [M]: 0x80010474 (0x33358593) addi a1, a1, 819
x11 <- 0x33333333


mem[X,0x80010478] -> 0x0213
mem[X,0x8001047A] -> 0x0000
[1623] [M]: 0x80010478 (0x00000213) addi tp, zero, 0
x4 <- 0x00000000


mem[X,0x8001047C] -> 0x006F
mem[X,0x8001047E] -> 0x00C0
[1624] [M]: 0x8001047C (0x00C0006F) jal zero, 12


mem[X,0x80010488] -> 0x1063
mem[X,0x8001048A] -> 0x40B5
[1625] [M]: 0x80010488 (0x40B51063) bne a0, a1, 1024


mem[X,0x80010888] -> 0x0213
mem[X,0x8001088A] -> 0x0032
[1626] [M]: 0x80010888 (0x00320213) addi tp, tp, 3
x4 <- 0x00000003


mem[X,0x8001088C] -> 0x006F
mem[X,0x8001088E] -> 0x0040
[1627] [M]: 0x8001088C (0x0040006F) jal zero, 4


mem[X,0x80010890] -> 0xAC23
mem[X,0x80010892] -> 0x2440
[1628] [M]: 0x80010890 (0x2440AC23) sw tp, 600(ra)
mem[0x8003A3C0] <- 0x00000003


mem[X,0x80010894] -> 0x0513
mem[X,0x80010896] -> 0x0050
[1629] [M]: 0x80010894 (0x00500513) addi a0, zero, 5
x10 <- 0x00000005


mem[X,0x80010898] -> 0x65B7
mem[X,0x8001089A] -> 0x6666
[1630] [M]: 0x80010898 (0x666665B7) lui a1, 419430
x11 <- 0x66666000


mem[X,0x8001089C] -> 0x8593
mem[X,0x8001089E] -> 0x6665
[1631] [M]: 0x8001089C (0x66658593) addi a1, a1, 1638
x11 <- 0x66666666


mem[X,0x800108A0] -> 0x0213
mem[X,0x800108A2] -> 0x0000
[1632] [M]: 0x800108A0 (0x00000213) addi tp, zero, 0
x4 <- 0x00000000


mem[X,0x800108A4] -> 0x006F
mem[X,0x800108A6] -> 0x00C0
[1633] [M]: 0x800108A4 (0x00C0006F) jal zero, 12


mem[X,0x800108B0] -> 0x1063
mem[X,0x800108B2] -> 0x40B5
[1634] [M]: 0x800108B0 (0x40B51063) bne a0, a1, 1024


mem[X,0x80010CB0] -> 0x0213
mem[X,0x80010CB2] -> 0x0032
[1635] [M]: 0x80010CB0 (0x00320213) addi tp, tp, 3
x4 <- 0x00000003


mem[X,0x80010CB4] -> 0x006F
mem[X,0x80010CB6] -> 0x0040
[1636] [M]: 0x80010CB4 (0x0040006F) jal zero, 4


mem[X,0x80010CB8] -> 0xAE23
mem[X,0x80010CBA] -> 0x2440
[1637] [M]: 0x80010CB8 (0x2440AE23) sw tp, 604(ra)
mem[0x8003A3C4] <- 0x00000003


mem[X,0x80010CBC] -> 0x0513
mem[X,0x80010CBE] -> 0x0050
[1638] [M]: 0x80010CBC (0x00500513) addi a0, zero, 5
x10 <- 0x00000005


mem[X,0x80010CC0] -> 0x55B7
mem[X,0x80010CC2] -> 0xFFFF
[1639] [M]: 0x80010CC0 (0xFFFF55B7) lui a1, 1048565
x11 <- 0xFFFF5000


mem[X,0x80010CC4] -> 0x8593
mem[X,0x80010CC6] -> 0xAFC5
[1640] [M]: 0x80010CC4 (0xAFC58593) addi a1, a1, 2812
x11 <- 0xFFFF4AFC


mem[X,0x80010CC8] -> 0x0213
mem[X,0x80010CCA] -> 0x0000
[1641] [M]: 0x80010CC8 (0x00000213) addi tp, zero, 0
x4 <- 0x00000000


mem[X,0x80010CCC] -> 0x006F
mem[X,0x80010CCE] -> 0x00C0
[1642] [M]: 0x80010CCC (0x00C0006F) jal zero, 12


mem[X,0x80010CD8] -> 0x1063
mem[X,0x80010CDA] -> 0x08B5
[1643] [M]: 0x80010CD8 (0x08B51063) bne a0, a1, 128


mem[X,0x80010D58] -> 0x0213
mem[X,0x80010D5A] -> 0x0032
[1644] [M]: 0x80010D58 (0x00320213) addi tp, tp, 3
x4 <- 0x00000003


mem[X,0x80010D5C] -> 0x006F
mem[X,0x80010D5E] -> 0x0040
[1645] [M]: 0x80010D5C (0x0040006F) jal zero, 4


mem[X,0x80010D60] -> 0xA023
mem[X,0x80010D62] -> 0x2640
[1646] [M]: 0x80010D60 (0x2640A023) sw tp, 608(ra)
mem[0x8003A3C8] <- 0x00000003


mem[X,0x80010D64] -> 0x0513
mem[X,0x80010D66] -> 0x0050
[1647] [M]: 0x80010D64 (0x00500513) addi a0, zero, 5
x10 <- 0x00000005


mem[X,0x80010D68] -> 0xB5B7
mem[X,0x80010D6A] -> 0x0000
[1648] [M]: 0x80010D68 (0x0000B5B7) lui a1, 11
x11 <- 0x0000B000


mem[X,0x80010D6C] -> 0x8593
mem[X,0x80010D6E] -> 0x5045
[1649] [M]: 0x80010D6C (0x50458593) addi a1, a1, 1284
x11 <- 0x0000B504


mem[X,0x80010D70] -> 0x0213
mem[X,0x80010D72] -> 0x0000
[1650] [M]: 0x80010D70 (0x00000213) addi tp, zero, 0
x4 <- 0x00000000


mem[X,0x80010D74] -> 0x006F
mem[X,0x80010D76] -> 0x00C0
[1651] [M]: 0x80010D74 (0x00C0006F) jal zero, 12


mem[X,0x80010D80] -> 0x1663
mem[X,0x80010D82] -> 0x00B5
[1652] [M]: 0x80010D80 (0x00B51663) bne a0, a1, 12


mem[X,0x80010D8C] -> 0x0213
mem[X,0x80010D8E] -> 0x0032
[1653] [M]: 0x80010D8C (0x00320213) addi tp, tp, 3
x4 <- 0x00000003


mem[X,0x80010D90] -> 0x006F
mem[X,0x80010D92] -> 0x0040
[1654] [M]: 0x80010D90 (0x0040006F) jal zero, 4


mem[X,0x80010D94] -> 0xA223
mem[X,0x80010D96] -> 0x2640
[1655] [M]: 0x80010D94 (0x2640A223) sw tp, 612(ra)
mem[0x8003A3CC] <- 0x00000003


mem[X,0x80010D98] -> 0x0513
mem[X,0x80010D9A] -> 0x0050
[1656] [M]: 0x80010D98 (0x00500513) addi a0, zero, 5
x10 <- 0x00000005


mem[X,0x80010D9C] -> 0x0593
mem[X,0x80010D9E] -> 0x0020
[1657] [M]: 0x80010D9C (0x00200593) addi a1, zero, 2
x11 <- 0x00000002


mem[X,0x80010DA0] -> 0x0213
mem[X,0x80010DA2] -> 0x0000
[1658] [M]: 0x80010DA0 (0x00000213) addi tp, zero, 0
x4 <- 0x00000000


mem[X,0x80010DA4] -> 0x006F
mem[X,0x80010DA6] -> 0x00C0
[1659] [M]: 0x80010DA4 (0x00C0006F) jal zero, 12


mem[X,0x80010DB0] -> 0x1CE3
mem[X,0x80010DB2] -> 0xFEB5
[1660] [M]: 0x80010DB0 (0xFEB51CE3) bne a0, a1, 8184


mem[X,0x80010DA8] -> 0x0213
mem[X,0x80010DAA] -> 0x0012
[1661] [M]: 0x80010DA8 (0x00120213) addi tp, tp, 1
x4 <- 0x00000001


mem[X,0x80010DAC] -> 0x006F
mem[X,0x80010DAE] -> 0x0180
[1662] [M]: 0x80010DAC (0x0180006F) jal zero, 24


mem[X,0x80010DC4] -> 0xA423
mem[X,0x80010DC6] -> 0x2640
[1663] [M]: 0x80010DC4 (0x2640A423) sw tp, 616(ra)
mem[0x8003A3D0] <- 0x00000001


mem[X,0x80010DC8] -> 0x0513
mem[X,0x80010DCA] -> 0x0050
[1664] [M]: 0x80010DC8 (0x00500513) addi a0, zero, 5
x10 <- 0x00000005


mem[X,0x80010DCC] -> 0x55B7
mem[X,0x80010DCE] -> 0x5555
[1665] [M]: 0x80010DCC (0x555555B7) lui a1, 349525
x11 <- 0x55555000


mem[X,0x80010DD0] -> 0x8593
mem[X,0x80010DD2] -> 0x5545
[1666] [M]: 0x80010DD0 (0x55458593) addi a1, a1, 1364
x11 <- 0x55555554


mem[X,0x80010DD4] -> 0x0213
mem[X,0x80010DD6] -> 0x0000
[1667] [M]: 0x80010DD4 (0x00000213) addi tp, zero, 0
x4 <- 0x00000000


mem[X,0x80010DD8] -> 0x006F
mem[X,0x80010DDA] -> 0x00C0
[1668] [M]: 0x80010DD8 (0x00C0006F) jal zero, 12


mem[X,0x80010DE4] -> 0x1CE3
mem[X,0x80010DE6] -> 0xFEB5
[1669] [M]: 0x80010DE4 (0xFEB51CE3) bne a0, a1, 8184


mem[X,0x80010DDC] -> 0x0213
mem[X,0x80010DDE] -> 0x0012
[1670] [M]: 0x80010DDC (0x00120213) addi tp, tp, 1
x4 <- 0x00000001


mem[X,0x80010DE0] -> 0x006F
mem[X,0x80010DE2] -> 0x0180
[1671] [M]: 0x80010DE0 (0x0180006F) jal zero, 24


mem[X,0x80010DF8] -> 0xA623
mem[X,0x80010DFA] -> 0x2640
[1672] [M]: 0x80010DF8 (0x2640A623) sw tp, 620(ra)
mem[0x8003A3D4] <- 0x00000001


mem[X,0x80010DFC] -> 0x0513
mem[X,0x80010DFE] -> 0x0050
[1673] [M]: 0x80010DFC (0x00500513) addi a0, zero, 5
x10 <- 0x00000005


mem[X,0x80010E00] -> 0x0593
mem[X,0x80010E02] -> 0x0000
[1674] [M]: 0x80010E00 (0x00000593) addi a1, zero, 0
x11 <- 0x00000000


mem[X,0x80010E04] -> 0x0213
mem[X,0x80010E06] -> 0x0000
[1675] [M]: 0x80010E04 (0x00000213) addi tp, zero, 0
x4 <- 0x00000000


mem[X,0x80010E08] -> 0x006F
mem[X,0x80010E0A] -> 0x0180
[1676] [M]: 0x80010E08 (0x0180006F) jal zero, 24


mem[X,0x80010E20] -> 0x16E3
mem[X,0x80010E22] -> 0xFEB5
[1677] [M]: 0x80010E20 (0xFEB516E3) bne a0, a1, 8172


mem[X,0x80010E0C] -> 0x0213
mem[X,0x80010E0E] -> 0x0012
[1678] [M]: 0x80010E0C (0x00120213) addi tp, tp, 1
x4 <- 0x00000001


mem[X,0x80010E10] -> 0x006F
mem[X,0x80010E12] -> 0x0240
[1679] [M]: 0x80010E10 (0x0240006F) jal zero, 36


mem[X,0x80010E34] -> 0xA823
mem[X,0x80010E36] -> 0x2640
[1680] [M]: 0x80010E34 (0x2640A823) sw tp, 624(ra)
mem[0x8003A3D8] <- 0x00000001


mem[X,0x80010E38] -> 0x0513
mem[X,0x80010E3A] -> 0x0050
[1681] [M]: 0x80010E38 (0x00500513) addi a0, zero, 5
x10 <- 0x00000005


mem[X,0x80010E3C] -> 0x0593
mem[X,0x80010E3E] -> 0x0040
[1682] [M]: 0x80010E3C (0x00400593) addi a1, zero, 4
x11 <- 0x00000004


mem[X,0x80010E40] -> 0x0213
mem[X,0x80010E42] -> 0x0000
[1683] [M]: 0x80010E40 (0x00000213) addi tp, zero, 0
x4 <- 0x00000000


mem[X,0x80010E44] -> 0x006F
mem[X,0x80010E46] -> 0x00C0
[1684] [M]: 0x80010E44 (0x00C0006F) jal zero, 12


mem[X,0x80010E50] -> 0x1663
mem[X,0x80010E52] -> 0x00B5
[1685] [M]: 0x80010E50 (0x00B51663) bne a0, a1, 12


mem[X,0x80010E5C] -> 0x0213
mem[X,0x80010E5E] -> 0x0032
[1686] [M]: 0x80010E5C (0x00320213) addi tp, tp, 3
x4 <- 0x00000003


mem[X,0x80010E60] -> 0x006F
mem[X,0x80010E62] -> 0x0040
[1687] [M]: 0x80010E60 (0x0040006F) jal zero, 4


mem[X,0x80010E64] -> 0xAA23
mem[X,0x80010E66] -> 0x2640
[1688] [M]: 0x80010E64 (0x2640AA23) sw tp, 628(ra)
mem[0x8003A3DC] <- 0x00000003


mem[X,0x80010E68] -> 0x0513
mem[X,0x80010E6A] -> 0x0050
[1689] [M]: 0x80010E68 (0x00500513) addi a0, zero, 5
x10 <- 0x00000005


mem[X,0x80010E6C] -> 0x35B7
mem[X,0x80010E6E] -> 0x3333
[1690] [M]: 0x80010E6C (0x333335B7) lui a1, 209715
x11 <- 0x33333000


mem[X,0x80010E70] -> 0x8593
mem[X,0x80010E72] -> 0x3325
[1691] [M]: 0x80010E70 (0x33258593) addi a1, a1, 818
x11 <- 0x33333332


mem[X,0x80010E74] -> 0x0213
mem[X,0x80010E76] -> 0x0000
[1692] [M]: 0x80010E74 (0x00000213) addi tp, zero, 0
x4 <- 0x00000000


mem[X,0x80010E78] -> 0x006F
mem[X,0x80010E7A] -> 0x00C0
[1693] [M]: 0x80010E78 (0x00C0006F) jal zero, 12


mem[X,0x80010E84] -> 0x1063
mem[X,0x80010E86] -> 0x20B5
[1694] [M]: 0x80010E84 (0x20B51063) bne a0, a1, 512


mem[X,0x80011084] -> 0x0213
mem[X,0x80011086] -> 0x0032
[1695] [M]: 0x80011084 (0x00320213) addi tp, tp, 3
x4 <- 0x00000003


mem[X,0x80011088] -> 0x006F
mem[X,0x8001108A] -> 0x0040
[1696] [M]: 0x80011088 (0x0040006F) jal zero, 4


mem[X,0x8001108C] -> 0xAC23
mem[X,0x8001108E] -> 0x2640
[1697] [M]: 0x8001108C (0x2640AC23) sw tp, 632(ra)
mem[0x8003A3E0] <- 0x00000003


mem[X,0x80011090] -> 0x0513
mem[X,0x80011092] -> 0x0050
[1698] [M]: 0x80011090 (0x00500513) addi a0, zero, 5
x10 <- 0x00000005


mem[X,0x80011094] -> 0x65B7
mem[X,0x80011096] -> 0x6666
[1699] [M]: 0x80011094 (0x666665B7) lui a1, 419430
x11 <- 0x66666000


clint::tick mtime <- 0x0000000000000011
 clint timer pending at mtime 0x0000000000000011
htif::tick 0x0000000000000000
mem[X,0x80011098] -> 0x8593
mem[X,0x8001109A] -> 0x6655
[1700] [M]: 0x80011098 (0x66558593) addi a1, a1, 1637
x11 <- 0x66666665


mem[X,0x8001109C] -> 0x0213
mem[X,0x8001109E] -> 0x0000
[1701] [M]: 0x8001109C (0x00000213) addi tp, zero, 0
x4 <- 0x00000000


mem[X,0x800110A0] -> 0x006F
mem[X,0x800110A2] -> 0x00C0
[1702] [M]: 0x800110A0 (0x00C0006F) jal zero, 12


mem[X,0x800110AC] -> 0x1663
mem[X,0x800110AE] -> 0x00B5
[1703] [M]: 0x800110AC (0x00B51663) bne a0, a1, 12


mem[X,0x800110B8] -> 0x0213
mem[X,0x800110BA] -> 0x0032
[1704] [M]: 0x800110B8 (0x00320213) addi tp, tp, 3
x4 <- 0x00000003


mem[X,0x800110BC] -> 0x006F
mem[X,0x800110BE] -> 0x0040
[1705] [M]: 0x800110BC (0x0040006F) jal zero, 4


mem[X,0x800110C0] -> 0xAE23
mem[X,0x800110C2] -> 0x2640
[1706] [M]: 0x800110C0 (0x2640AE23) sw tp, 636(ra)
mem[0x8003A3E4] <- 0x00000003


mem[X,0x800110C4] -> 0x0513
mem[X,0x800110C6] -> 0x0050
[1707] [M]: 0x800110C4 (0x00500513) addi a0, zero, 5
x10 <- 0x00000005


mem[X,0x800110C8] -> 0xB5B7
mem[X,0x800110CA] -> 0x0000
[1708] [M]: 0x800110C8 (0x0000B5B7) lui a1, 11
x11 <- 0x0000B000


mem[X,0x800110CC] -> 0x8593
mem[X,0x800110CE] -> 0x5035
[1709] [M]: 0x800110CC (0x50358593) addi a1, a1, 1283
x11 <- 0x0000B503


mem[X,0x800110D0] -> 0x0213
mem[X,0x800110D2] -> 0x0000
[1710] [M]: 0x800110D0 (0x00000213) addi tp, zero, 0
x4 <- 0x00000000


mem[X,0x800110D4] -> 0x006F
mem[X,0x800110D6] -> 0x00C0
[1711] [M]: 0x800110D4 (0x00C0006F) jal zero, 12


mem[X,0x800110E0] -> 0x1663
mem[X,0x800110E2] -> 0x00B5
[1712] [M]: 0x800110E0 (0x00B51663) bne a0, a1, 12


mem[X,0x800110EC] -> 0x0213
mem[X,0x800110EE] -> 0x0032
[1713] [M]: 0x800110EC (0x00320213) addi tp, tp, 3
x4 <- 0x00000003


mem[X,0x800110F0] -> 0x006F
mem[X,0x800110F2] -> 0x0040
[1714] [M]: 0x800110F0 (0x0040006F) jal zero, 4


mem[X,0x800110F4] -> 0xA023
mem[X,0x800110F6] -> 0x2840
[1715] [M]: 0x800110F4 (0x2840A023) sw tp, 640(ra)
mem[0x8003A3E8] <- 0x00000003


mem[X,0x800110F8] -> 0x0513
mem[X,0x800110FA] -> 0x0050
[1716] [M]: 0x800110F8 (0x00500513) addi a0, zero, 5
x10 <- 0x00000005


mem[X,0x800110FC] -> 0x55B7
mem[X,0x800110FE] -> 0x5555
[1717] [M]: 0x800110FC (0x555555B7) lui a1, 349525
x11 <- 0x55555000


mem[X,0x80011100] -> 0x8593
mem[X,0x80011102] -> 0x5565
[1718] [M]: 0x80011100 (0x55658593) addi a1, a1, 1366
x11 <- 0x55555556


mem[X,0x80011104] -> 0x0213
mem[X,0x80011106] -> 0x0000
[1719] [M]: 0x80011104 (0x00000213) addi tp, zero, 0
x4 <- 0x00000000


mem[X,0x80011108] -> 0x006F
mem[X,0x8001110A] -> 0x00C0
[1720] [M]: 0x80011108 (0x00C0006F) jal zero, 12


mem[X,0x80011114] -> 0x1663
mem[X,0x80011116] -> 0x00B5
[1721] [M]: 0x80011114 (0x00B51663) bne a0, a1, 12


mem[X,0x80011120] -> 0x0213
mem[X,0x80011122] -> 0x0032
[1722] [M]: 0x80011120 (0x00320213) addi tp, tp, 3
x4 <- 0x00000003


mem[X,0x80011124] -> 0x006F
mem[X,0x80011126] -> 0x0040
[1723] [M]: 0x80011124 (0x0040006F) jal zero, 4


mem[X,0x80011128] -> 0xA223
mem[X,0x8001112A] -> 0x2840
[1724] [M]: 0x80011128 (0x2840A223) sw tp, 644(ra)
mem[0x8003A3EC] <- 0x00000003


mem[X,0x8001112C] -> 0x0513
mem[X,0x8001112E] -> 0x0050
[1725] [M]: 0x8001112C (0x00500513) addi a0, zero, 5
x10 <- 0x00000005


mem[X,0x80011130] -> 0xB5B7
mem[X,0x80011132] -> 0xAAAA
[1726] [M]: 0x80011130 (0xAAAAB5B7) lui a1, 699051
x11 <- 0xAAAAB000


mem[X,0x80011134] -> 0x8593
mem[X,0x80011136] -> 0xAAB5
[1727] [M]: 0x80011134 (0xAAB58593) addi a1, a1, 2731
x11 <- 0xAAAAAAAB


mem[X,0x80011138] -> 0x0213
mem[X,0x8001113A] -> 0x0000
[1728] [M]: 0x80011138 (0x00000213) addi tp, zero, 0
x4 <- 0x00000000


mem[X,0x8001113C] -> 0x006F
mem[X,0x8001113E] -> 0x00C0
[1729] [M]: 0x8001113C (0x00C0006F) jal zero, 12


mem[X,0x80011148] -> 0x1063
mem[X,0x8001114A] -> 0x02B5
[1730] [M]: 0x80011148 (0x02B51063) bne a0, a1, 32


mem[X,0x80011168] -> 0x0213
mem[X,0x8001116A] -> 0x0032
[1731] [M]: 0x80011168 (0x00320213) addi tp, tp, 3
x4 <- 0x00000003


mem[X,0x8001116C] -> 0x006F
mem[X,0x8001116E] -> 0x0040
[1732] [M]: 0x8001116C (0x0040006F) jal zero, 4


mem[X,0x80011170] -> 0xA423
mem[X,0x80011172] -> 0x2840
[1733] [M]: 0x80011170 (0x2840A423) sw tp, 648(ra)
mem[0x8003A3F0] <- 0x00000003


mem[X,0x80011174] -> 0x0513
mem[X,0x80011176] -> 0x0050
[1734] [M]: 0x80011174 (0x00500513) addi a0, zero, 5
x10 <- 0x00000005


mem[X,0x80011178] -> 0x0593
mem[X,0x8001117A] -> 0x0060
[1735] [M]: 0x80011178 (0x00600593) addi a1, zero, 6
x11 <- 0x00000006


mem[X,0x8001117C] -> 0x0213
mem[X,0x8001117E] -> 0x0000
[1736] [M]: 0x8001117C (0x00000213) addi tp, zero, 0
x4 <- 0x00000000


mem[X,0x80011180] -> 0x006F
mem[X,0x80011182] -> 0x00C0
[1737] [M]: 0x80011180 (0x00C0006F) jal zero, 12


mem[X,0x8001118C] -> 0x1063
mem[X,0x8001118E] -> 0x08B5
[1738] [M]: 0x8001118C (0x08B51063) bne a0, a1, 128


mem[X,0x8001120C] -> 0x0213
mem[X,0x8001120E] -> 0x0032
[1739] [M]: 0x8001120C (0x00320213) addi tp, tp, 3
x4 <- 0x00000003


mem[X,0x80011210] -> 0x006F
mem[X,0x80011212] -> 0x0040
[1740] [M]: 0x80011210 (0x0040006F) jal zero, 4


mem[X,0x80011214] -> 0xA623
mem[X,0x80011216] -> 0x2840
[1741] [M]: 0x80011214 (0x2840A623) sw tp, 652(ra)
mem[0x8003A3F4] <- 0x00000003


mem[X,0x80011218] -> 0x0513
mem[X,0x8001121A] -> 0x0050
[1742] [M]: 0x80011218 (0x00500513) addi a0, zero, 5
x10 <- 0x00000005


mem[X,0x8001121C] -> 0x35B7
mem[X,0x8001121E] -> 0x3333
[1743] [M]: 0x8001121C (0x333335B7) lui a1, 209715
x11 <- 0x33333000


mem[X,0x80011220] -> 0x8593
mem[X,0x80011222] -> 0x3345
[1744] [M]: 0x80011220 (0x33458593) addi a1, a1, 820
x11 <- 0x33333334


mem[X,0x80011224] -> 0x0213
mem[X,0x80011226] -> 0x0000
[1745] [M]: 0x80011224 (0x00000213) addi tp, zero, 0
x4 <- 0x00000000


mem[X,0x80011228] -> 0x006F
mem[X,0x8001122A] -> 0x00C0
[1746] [M]: 0x80011228 (0x00C0006F) jal zero, 12


mem[X,0x80011234] -> 0x1063
mem[X,0x80011236] -> 0x20B5
[1747] [M]: 0x80011234 (0x20B51063) bne a0, a1, 512


mem[X,0x80011434] -> 0x0213
mem[X,0x80011436] -> 0x0032
[1748] [M]: 0x80011434 (0x00320213) addi tp, tp, 3
x4 <- 0x00000003


mem[X,0x80011438] -> 0x006F
mem[X,0x8001143A] -> 0x0040
[1749] [M]: 0x80011438 (0x0040006F) jal zero, 4


mem[X,0x8001143C] -> 0xA823
mem[X,0x8001143E] -> 0x2840
[1750] [M]: 0x8001143C (0x2840A823) sw tp, 656(ra)
mem[0x8003A3F8] <- 0x00000003


mem[X,0x80011440] -> 0x0513
mem[X,0x80011442] -> 0x0050
[1751] [M]: 0x80011440 (0x00500513) addi a0, zero, 5
x10 <- 0x00000005


mem[X,0x80011444] -> 0x65B7
mem[X,0x80011446] -> 0x6666
[1752] [M]: 0x80011444 (0x666665B7) lui a1, 419430
x11 <- 0x66666000


mem[X,0x80011448] -> 0x8593
mem[X,0x8001144A] -> 0x6675
[1753] [M]: 0x80011448 (0x66758593) addi a1, a1, 1639
x11 <- 0x66666667


mem[X,0x8001144C] -> 0x0213
mem[X,0x8001144E] -> 0x0000
[1754] [M]: 0x8001144C (0x00000213) addi tp, zero, 0
x4 <- 0x00000000


mem[X,0x80011450] -> 0x006F
mem[X,0x80011452] -> 0x00C0
[1755] [M]: 0x80011450 (0x00C0006F) jal zero, 12


mem[X,0x8001145C] -> 0x1063
mem[X,0x8001145E] -> 0x10B5
[1756] [M]: 0x8001145C (0x10B51063) bne a0, a1, 256


mem[X,0x8001155C] -> 0x0213
mem[X,0x8001155E] -> 0x0032
[1757] [M]: 0x8001155C (0x00320213) addi tp, tp, 3
x4 <- 0x00000003


mem[X,0x80011560] -> 0x006F
mem[X,0x80011562] -> 0x0040
[1758] [M]: 0x80011560 (0x0040006F) jal zero, 4


mem[X,0x80011564] -> 0xAA23
mem[X,0x80011566] -> 0x2840
[1759] [M]: 0x80011564 (0x2840AA23) sw tp, 660(ra)
mem[0x8003A3FC] <- 0x00000003


mem[X,0x80011568] -> 0x0513
mem[X,0x8001156A] -> 0x0050
[1760] [M]: 0x80011568 (0x00500513) addi a0, zero, 5
x10 <- 0x00000005


mem[X,0x8001156C] -> 0x55B7
mem[X,0x8001156E] -> 0xFFFF
[1761] [M]: 0x8001156C (0xFFFF55B7) lui a1, 1048565
x11 <- 0xFFFF5000


mem[X,0x80011570] -> 0x8593
mem[X,0x80011572] -> 0xAFD5
[1762] [M]: 0x80011570 (0xAFD58593) addi a1, a1, 2813
x11 <- 0xFFFF4AFD


mem[X,0x80011574] -> 0x0213
mem[X,0x80011576] -> 0x0000
[1763] [M]: 0x80011574 (0x00000213) addi tp, zero, 0
x4 <- 0x00000000


mem[X,0x80011578] -> 0x006F
mem[X,0x8001157A] -> 0x00C0
[1764] [M]: 0x80011578 (0x00C0006F) jal zero, 12


mem[X,0x80011584] -> 0x1063
mem[X,0x80011586] -> 0x10B5
[1765] [M]: 0x80011584 (0x10B51063) bne a0, a1, 256


mem[X,0x80011684] -> 0x0213
mem[X,0x80011686] -> 0x0032
[1766] [M]: 0x80011684 (0x00320213) addi tp, tp, 3
x4 <- 0x00000003


mem[X,0x80011688] -> 0x006F
mem[X,0x8001168A] -> 0x0040
[1767] [M]: 0x80011688 (0x0040006F) jal zero, 4


mem[X,0x8001168C] -> 0xAC23
mem[X,0x8001168E] -> 0x2840
[1768] [M]: 0x8001168C (0x2840AC23) sw tp, 664(ra)
mem[0x8003A400] <- 0x00000003


mem[X,0x80011690] -> 0x0513
mem[X,0x80011692] -> 0x0050
[1769] [M]: 0x80011690 (0x00500513) addi a0, zero, 5
x10 <- 0x00000005


mem[X,0x80011694] -> 0xB5B7
mem[X,0x80011696] -> 0x0000
[1770] [M]: 0x80011694 (0x0000B5B7) lui a1, 11
x11 <- 0x0000B000


mem[X,0x80011698] -> 0x8593
mem[X,0x8001169A] -> 0x5055
[1771] [M]: 0x80011698 (0x50558593) addi a1, a1, 1285
x11 <- 0x0000B505


mem[X,0x8001169C] -> 0x0213
mem[X,0x8001169E] -> 0x0000
[1772] [M]: 0x8001169C (0x00000213) addi tp, zero, 0
x4 <- 0x00000000


mem[X,0x800116A0] -> 0x006F
mem[X,0x800116A2] -> 0x00C0
[1773] [M]: 0x800116A0 (0x00C0006F) jal zero, 12


mem[X,0x800116AC] -> 0x1CE3
mem[X,0x800116AE] -> 0xFEB5
[1774] [M]: 0x800116AC (0xFEB51CE3) bne a0, a1, 8184


mem[X,0x800116A4] -> 0x0213
mem[X,0x800116A6] -> 0x0012
[1775] [M]: 0x800116A4 (0x00120213) addi tp, tp, 1
x4 <- 0x00000001


mem[X,0x800116A8] -> 0x006F
mem[X,0x800116AA] -> 0x0180
[1776] [M]: 0x800116A8 (0x0180006F) jal zero, 24


mem[X,0x800116C0] -> 0xAE23
mem[X,0x800116C2] -> 0x2840
[1777] [M]: 0x800116C0 (0x2840AE23) sw tp, 668(ra)
mem[0x8003A404] <- 0x00000001


mem[X,0x800116C4] -> 0x3537
mem[X,0x800116C6] -> 0x3333
[1778] [M]: 0x800116C4 (0x33333537) lui a0, 209715
x10 <- 0x33333000


mem[X,0x800116C8] -> 0x0513
mem[X,0x800116CA] -> 0x3335
[1779] [M]: 0x800116C8 (0x33350513) addi a0, a0, 819
x10 <- 0x33333333


mem[X,0x800116CC] -> 0x0593
mem[X,0x800116CE] -> 0x0030
[1780] [M]: 0x800116CC (0x00300593) addi a1, zero, 3
x11 <- 0x00000003


mem[X,0x800116D0] -> 0x0213
mem[X,0x800116D2] -> 0x0000
[1781] [M]: 0x800116D0 (0x00000213) addi tp, zero, 0
x4 <- 0x00000000


mem[X,0x800116D4] -> 0x006F
mem[X,0x800116D6] -> 0x00C0
[1782] [M]: 0x800116D4 (0x00C0006F) jal zero, 12


mem[X,0x800116E0] -> 0x1063
mem[X,0x800116E2] -> 0x40B5
[1783] [M]: 0x800116E0 (0x40B51063) bne a0, a1, 1024


mem[X,0x80011AE0] -> 0x0213
mem[X,0x80011AE2] -> 0x0032
[1784] [M]: 0x80011AE0 (0x00320213) addi tp, tp, 3
x4 <- 0x00000003


mem[X,0x80011AE4] -> 0x006F
mem[X,0x80011AE6] -> 0x0040
[1785] [M]: 0x80011AE4 (0x0040006F) jal zero, 4


mem[X,0x80011AE8] -> 0xA023
mem[X,0x80011AEA] -> 0x2A40
[1786] [M]: 0x80011AE8 (0x2A40A023) sw tp, 672(ra)
mem[0x8003A408] <- 0x00000003


mem[X,0x80011AEC] -> 0x3537
mem[X,0x80011AEE] -> 0x3333
[1787] [M]: 0x80011AEC (0x33333537) lui a0, 209715
x10 <- 0x33333000


mem[X,0x80011AF0] -> 0x0513
mem[X,0x80011AF2] -> 0x3335
[1788] [M]: 0x80011AF0 (0x33350513) addi a0, a0, 819
x10 <- 0x33333333


mem[X,0x80011AF4] -> 0x55B7
mem[X,0x80011AF6] -> 0x5555
[1789] [M]: 0x80011AF4 (0x555555B7) lui a1, 349525
x11 <- 0x55555000


mem[X,0x80011AF8] -> 0x8593
mem[X,0x80011AFA] -> 0x5555
[1790] [M]: 0x80011AF8 (0x55558593) addi a1, a1, 1365
x11 <- 0x55555555


mem[X,0x80011AFC] -> 0x0213
mem[X,0x80011AFE] -> 0x0000
[1791] [M]: 0x80011AFC (0x00000213) addi tp, zero, 0
x4 <- 0x00000000


mem[X,0x80011B00] -> 0x006F
mem[X,0x80011B02] -> 0x00C0
[1792] [M]: 0x80011B00 (0x00C0006F) jal zero, 12


mem[X,0x80011B0C] -> 0x1063
mem[X,0x80011B0E] -> 0x10B5
[1793] [M]: 0x80011B0C (0x10B51063) bne a0, a1, 256


mem[X,0x80011C0C] -> 0x0213
mem[X,0x80011C0E] -> 0x0032
[1794] [M]: 0x80011C0C (0x00320213) addi tp, tp, 3
x4 <- 0x00000003


mem[X,0x80011C10] -> 0x006F
mem[X,0x80011C12] -> 0x0040
[1795] [M]: 0x80011C10 (0x0040006F) jal zero, 4


mem[X,0x80011C14] -> 0xA223
mem[X,0x80011C16] -> 0x2A40
[1796] [M]: 0x80011C14 (0x2A40A223) sw tp, 676(ra)
mem[0x8003A40C] <- 0x00000003


mem[X,0x80011C18] -> 0x3537
mem[X,0x80011C1A] -> 0x3333
[1797] [M]: 0x80011C18 (0x33333537) lui a0, 209715
x10 <- 0x33333000


mem[X,0x80011C1C] -> 0x0513
mem[X,0x80011C1E] -> 0x3335
[1798] [M]: 0x80011C1C (0x33350513) addi a0, a0, 819
x10 <- 0x33333333


mem[X,0x80011C20] -> 0xB5B7
mem[X,0x80011C22] -> 0xAAAA
[1799] [M]: 0x80011C20 (0xAAAAB5B7) lui a1, 699051
x11 <- 0xAAAAB000


clint::tick mtime <- 0x0000000000000012
 clint timer pending at mtime 0x0000000000000012
htif::tick 0x0000000000000000
mem[X,0x80011C24] -> 0x8593
mem[X,0x80011C26] -> 0xAAA5
[1800] [M]: 0x80011C24 (0xAAA58593) addi a1, a1, 2730
x11 <- 0xAAAAAAAA


mem[X,0x80011C28] -> 0x0213
mem[X,0x80011C2A] -> 0x0000
[1801] [M]: 0x80011C28 (0x00000213) addi tp, zero, 0
x4 <- 0x00000000


mem[X,0x80011C2C] -> 0x006F
mem[X,0x80011C2E] -> 0x00C0
[1802] [M]: 0x80011C2C (0x00C0006F) jal zero, 12


mem[X,0x80011C38] -> 0x1063
mem[X,0x80011C3A] -> 0x04B5
[1803] [M]: 0x80011C38 (0x04B51063) bne a0, a1, 64


mem[X,0x80011C78] -> 0x0213
mem[X,0x80011C7A] -> 0x0032
[1804] [M]: 0x80011C78 (0x00320213) addi tp, tp, 3
x4 <- 0x00000003


mem[X,0x80011C7C] -> 0x006F
mem[X,0x80011C7E] -> 0x0040
[1805] [M]: 0x80011C7C (0x0040006F) jal zero, 4


mem[X,0x80011C80] -> 0xA423
mem[X,0x80011C82] -> 0x2A40
[1806] [M]: 0x80011C80 (0x2A40A423) sw tp, 680(ra)
mem[0x8003A410] <- 0x00000003


mem[X,0x80011C84] -> 0x3537
mem[X,0x80011C86] -> 0x3333
[1807] [M]: 0x80011C84 (0x33333537) lui a0, 209715
x10 <- 0x33333000


mem[X,0x80011C88] -> 0x0513
mem[X,0x80011C8A] -> 0x3335
[1808] [M]: 0x80011C88 (0x33350513) addi a0, a0, 819
x10 <- 0x33333333


mem[X,0x80011C8C] -> 0x0593
mem[X,0x80011C8E] -> 0x0050
[1809] [M]: 0x80011C8C (0x00500593) addi a1, zero, 5
x11 <- 0x00000005


mem[X,0x80011C90] -> 0x0213
mem[X,0x80011C92] -> 0x0000
[1810] [M]: 0x80011C90 (0x00000213) addi tp, zero, 0
x4 <- 0x00000000


mem[X,0x80011C94] -> 0x006F
mem[X,0x80011C96] -> 0x00C0
[1811] [M]: 0x80011C94 (0x00C0006F) jal zero, 12


mem[X,0x80011CA0] -> 0x1663
mem[X,0x80011CA2] -> 0x00B5
[1812] [M]: 0x80011CA0 (0x00B51663) bne a0, a1, 12


mem[X,0x80011CAC] -> 0x0213
mem[X,0x80011CAE] -> 0x0032
[1813] [M]: 0x80011CAC (0x00320213) addi tp, tp, 3
x4 <- 0x00000003


mem[X,0x80011CB0] -> 0x006F
mem[X,0x80011CB2] -> 0x0040
[1814] [M]: 0x80011CB0 (0x0040006F) jal zero, 4


mem[X,0x80011CB4] -> 0xA623
mem[X,0x80011CB6] -> 0x2A40
[1815] [M]: 0x80011CB4 (0x2A40A623) sw tp, 684(ra)
mem[0x8003A414] <- 0x00000003


mem[X,0x80011CB8] -> 0x3537
mem[X,0x80011CBA] -> 0x3333
[1816] [M]: 0x80011CB8 (0x33333537) lui a0, 209715
x10 <- 0x33333000


mem[X,0x80011CBC] -> 0x0513
mem[X,0x80011CBE] -> 0x3335
[1817] [M]: 0x80011CBC (0x33350513) addi a0, a0, 819
x10 <- 0x33333333


mem[X,0x80011CC0] -> 0x35B7
mem[X,0x80011CC2] -> 0x3333
[1818] [M]: 0x80011CC0 (0x333335B7) lui a1, 209715
x11 <- 0x33333000


mem[X,0x80011CC4] -> 0x8593
mem[X,0x80011CC6] -> 0x3335
[1819] [M]: 0x80011CC4 (0x33358593) addi a1, a1, 819
x11 <- 0x33333333


mem[X,0x80011CC8] -> 0x0213
mem[X,0x80011CCA] -> 0x0000
[1820] [M]: 0x80011CC8 (0x00000213) addi tp, zero, 0
x4 <- 0x00000000


mem[X,0x80011CCC] -> 0x006F
mem[X,0x80011CCE] -> 0x00C0
[1821] [M]: 0x80011CCC (0x00C0006F) jal zero, 12


mem[X,0x80011CD8] -> 0x1063
mem[X,0x80011CDA] -> 0x08B5
[1822] [M]: 0x80011CD8 (0x08B51063) bne a0, a1, 128


mem[X,0x80011CDC] -> 0x0213
mem[X,0x80011CDE] -> 0x0022
[1823] [M]: 0x80011CDC (0x00220213) addi tp, tp, 2
x4 <- 0x00000002


mem[X,0x80011CE0] -> 0x006F
mem[X,0x80011CE2] -> 0x0800
[1824] [M]: 0x80011CE0 (0x0800006F) jal zero, 128


mem[X,0x80011D60] -> 0xA823
mem[X,0x80011D62] -> 0x2A40
[1825] [M]: 0x80011D60 (0x2A40A823) sw tp, 688(ra)
mem[0x8003A418] <- 0x00000002


mem[X,0x80011D64] -> 0x3537
mem[X,0x80011D66] -> 0x3333
[1826] [M]: 0x80011D64 (0x33333537) lui a0, 209715
x10 <- 0x33333000


mem[X,0x80011D68] -> 0x0513
mem[X,0x80011D6A] -> 0x3335
[1827] [M]: 0x80011D68 (0x33350513) addi a0, a0, 819
x10 <- 0x33333333


mem[X,0x80011D6C] -> 0x65B7
mem[X,0x80011D6E] -> 0x6666
[1828] [M]: 0x80011D6C (0x666665B7) lui a1, 419430
x11 <- 0x66666000


mem[X,0x80011D70] -> 0x8593
mem[X,0x80011D72] -> 0x6665
[1829] [M]: 0x80011D70 (0x66658593) addi a1, a1, 1638
x11 <- 0x66666666


mem[X,0x80011D74] -> 0x0213
mem[X,0x80011D76] -> 0x0000
[1830] [M]: 0x80011D74 (0x00000213) addi tp, zero, 0
x4 <- 0x00000000


mem[X,0x80011D78] -> 0x006F
mem[X,0x80011D7A] -> 0x00C0
[1831] [M]: 0x80011D78 (0x00C0006F) jal zero, 12


mem[X,0x80011D84] -> 0x1063
mem[X,0x80011D86] -> 0x10B5
[1832] [M]: 0x80011D84 (0x10B51063) bne a0, a1, 256


mem[X,0x80011E84] -> 0x0213
mem[X,0x80011E86] -> 0x0032
[1833] [M]: 0x80011E84 (0x00320213) addi tp, tp, 3
x4 <- 0x00000003


mem[X,0x80011E88] -> 0x006F
mem[X,0x80011E8A] -> 0x0040
[1834] [M]: 0x80011E88 (0x0040006F) jal zero, 4


mem[X,0x80011E8C] -> 0xAA23
mem[X,0x80011E8E] -> 0x2A40
[1835] [M]: 0x80011E8C (0x2A40AA23) sw tp, 692(ra)
mem[0x8003A41C] <- 0x00000003


mem[X,0x80011E90] -> 0x3537
mem[X,0x80011E92] -> 0x3333
[1836] [M]: 0x80011E90 (0x33333537) lui a0, 209715
x10 <- 0x33333000


mem[X,0x80011E94] -> 0x0513
mem[X,0x80011E96] -> 0x3335
[1837] [M]: 0x80011E94 (0x33350513) addi a0, a0, 819
x10 <- 0x33333333


mem[X,0x80011E98] -> 0x55B7
mem[X,0x80011E9A] -> 0xFFFF
[1838] [M]: 0x80011E98 (0xFFFF55B7) lui a1, 1048565
x11 <- 0xFFFF5000


mem[X,0x80011E9C] -> 0x8593
mem[X,0x80011E9E] -> 0xAFC5
[1839] [M]: 0x80011E9C (0xAFC58593) addi a1, a1, 2812
x11 <- 0xFFFF4AFC


mem[X,0x80011EA0] -> 0x0213
mem[X,0x80011EA2] -> 0x0000
[1840] [M]: 0x80011EA0 (0x00000213) addi tp, zero, 0
x4 <- 0x00000000


mem[X,0x80011EA4] -> 0x006F
mem[X,0x80011EA6] -> 0x0180
[1841] [M]: 0x80011EA4 (0x0180006F) jal zero, 24


mem[X,0x80011EBC] -> 0x16E3
mem[X,0x80011EBE] -> 0xFEB5
[1842] [M]: 0x80011EBC (0xFEB516E3) bne a0, a1, 8172


mem[X,0x80011EA8] -> 0x0213
mem[X,0x80011EAA] -> 0x0012
[1843] [M]: 0x80011EA8 (0x00120213) addi tp, tp, 1
x4 <- 0x00000001


mem[X,0x80011EAC] -> 0x006F
mem[X,0x80011EAE] -> 0x0240
[1844] [M]: 0x80011EAC (0x0240006F) jal zero, 36


mem[X,0x80011ED0] -> 0xAC23
mem[X,0x80011ED2] -> 0x2A40
[1845] [M]: 0x80011ED0 (0x2A40AC23) sw tp, 696(ra)
mem[0x8003A420] <- 0x00000001


mem[X,0x80011ED4] -> 0x3537
mem[X,0x80011ED6] -> 0x3333
[1846] [M]: 0x80011ED4 (0x33333537) lui a0, 209715
x10 <- 0x33333000


mem[X,0x80011ED8] -> 0x0513
mem[X,0x80011EDA] -> 0x3335
[1847] [M]: 0x80011ED8 (0x33350513) addi a0, a0, 819
x10 <- 0x33333333


mem[X,0x80011EDC] -> 0xB5B7
mem[X,0x80011EDE] -> 0x0000
[1848] [M]: 0x80011EDC (0x0000B5B7) lui a1, 11
x11 <- 0x0000B000


mem[X,0x80011EE0] -> 0x8593
mem[X,0x80011EE2] -> 0x5045
[1849] [M]: 0x80011EE0 (0x50458593) addi a1, a1, 1284
x11 <- 0x0000B504


mem[X,0x80011EE4] -> 0x0213
mem[X,0x80011EE6] -> 0x0000
[1850] [M]: 0x80011EE4 (0x00000213) addi tp, zero, 0
x4 <- 0x00000000


mem[X,0x80011EE8] -> 0x006F
mem[X,0x80011EEA] -> 0x00C0
[1851] [M]: 0x80011EE8 (0x00C0006F) jal zero, 12


mem[X,0x80011EF4] -> 0x1663
mem[X,0x80011EF6] -> 0x00B5
[1852] [M]: 0x80011EF4 (0x00B51663) bne a0, a1, 12


mem[X,0x80011F00] -> 0x0213
mem[X,0x80011F02] -> 0x0032
[1853] [M]: 0x80011F00 (0x00320213) addi tp, tp, 3
x4 <- 0x00000003


mem[X,0x80011F04] -> 0x006F
mem[X,0x80011F06] -> 0x0040
[1854] [M]: 0x80011F04 (0x0040006F) jal zero, 4


mem[X,0x80011F08] -> 0xAE23
mem[X,0x80011F0A] -> 0x2A40
[1855] [M]: 0x80011F08 (0x2A40AE23) sw tp, 700(ra)
mem[0x8003A424] <- 0x00000003


mem[X,0x80011F0C] -> 0x3537
mem[X,0x80011F0E] -> 0x3333
[1856] [M]: 0x80011F0C (0x33333537) lui a0, 209715
x10 <- 0x33333000


mem[X,0x80011F10] -> 0x0513
mem[X,0x80011F12] -> 0x3335
[1857] [M]: 0x80011F10 (0x33350513) addi a0, a0, 819
x10 <- 0x33333333


mem[X,0x80011F14] -> 0x0593
mem[X,0x80011F16] -> 0x0020
[1858] [M]: 0x80011F14 (0x00200593) addi a1, zero, 2
x11 <- 0x00000002


mem[X,0x80011F18] -> 0x0213
mem[X,0x80011F1A] -> 0x0000
[1859] [M]: 0x80011F18 (0x00000213) addi tp, zero, 0
x4 <- 0x00000000


mem[X,0x80011F1C] -> 0x006F
mem[X,0x80011F1E] -> 0x0050
[1860] [M]: 0x80011F1C (0x0050006F) jal zero, 2052


mem[X,0x80012720] -> 0x10E3
mem[X,0x80012722] -> 0x80B5
[1861] [M]: 0x80012720 (0x80B510E3) bne a0, a1, 6144


mem[X,0x80011F20] -> 0x0213
mem[X,0x80011F22] -> 0x0012
[1862] [M]: 0x80011F20 (0x00120213) addi tp, tp, 1
x4 <- 0x00000001


mem[X,0x80011F24] -> 0x006F
mem[X,0x80011F26] -> 0x0110
[1863] [M]: 0x80011F24 (0x0110006F) jal zero, 2064


mem[X,0x80012734] -> 0xA023
mem[X,0x80012736] -> 0x2C40
[1864] [M]: 0x80012734 (0x2C40A023) sw tp, 704(ra)
mem[0x8003A428] <- 0x00000001


mem[X,0x80012738] -> 0x3537
mem[X,0x8001273A] -> 0x3333
[1865] [M]: 0x80012738 (0x33333537) lui a0, 209715
x10 <- 0x33333000


mem[X,0x8001273C] -> 0x0513
mem[X,0x8001273E] -> 0x3335
[1866] [M]: 0x8001273C (0x33350513) addi a0, a0, 819
x10 <- 0x33333333


mem[X,0x80012740] -> 0x55B7
mem[X,0x80012742] -> 0x5555
[1867] [M]: 0x80012740 (0x555555B7) lui a1, 349525
x11 <- 0x55555000


mem[X,0x80012744] -> 0x8593
mem[X,0x80012746] -> 0x5545
[1868] [M]: 0x80012744 (0x55458593) addi a1, a1, 1364
x11 <- 0x55555554


mem[X,0x80012748] -> 0x0213
mem[X,0x8001274A] -> 0x0000
[1869] [M]: 0x80012748 (0x00000213) addi tp, zero, 0
x4 <- 0x00000000


mem[X,0x8001274C] -> 0x006F
mem[X,0x8001274E] -> 0x00C0
[1870] [M]: 0x8001274C (0x00C0006F) jal zero, 12


mem[X,0x80012758] -> 0x1663
mem[X,0x8001275A] -> 0x00B5
[1871] [M]: 0x80012758 (0x00B51663) bne a0, a1, 12


mem[X,0x80012764] -> 0x0213
mem[X,0x80012766] -> 0x0032
[1872] [M]: 0x80012764 (0x00320213) addi tp, tp, 3
x4 <- 0x00000003


mem[X,0x80012768] -> 0x006F
mem[X,0x8001276A] -> 0x0040
[1873] [M]: 0x80012768 (0x0040006F) jal zero, 4


mem[X,0x8001276C] -> 0xA223
mem[X,0x8001276E] -> 0x2C40
[1874] [M]: 0x8001276C (0x2C40A223) sw tp, 708(ra)
mem[0x8003A42C] <- 0x00000003


mem[X,0x80012770] -> 0x3537
mem[X,0x80012772] -> 0x3333
[1875] [M]: 0x80012770 (0x33333537) lui a0, 209715
x10 <- 0x33333000


mem[X,0x80012774] -> 0x0513
mem[X,0x80012776] -> 0x3335
[1876] [M]: 0x80012774 (0x33350513) addi a0, a0, 819
x10 <- 0x33333333


mem[X,0x80012778] -> 0x0593
mem[X,0x8001277A] -> 0x0000
[1877] [M]: 0x80012778 (0x00000593) addi a1, zero, 0
x11 <- 0x00000000


mem[X,0x8001277C] -> 0x0213
mem[X,0x8001277E] -> 0x0000
[1878] [M]: 0x8001277C (0x00000213) addi tp, zero, 0
x4 <- 0x00000000


mem[X,0x80012780] -> 0x006F
mem[X,0x80012782] -> 0x00C0
[1879] [M]: 0x80012780 (0x00C0006F) jal zero, 12


mem[X,0x8001278C] -> 0x1863
mem[X,0x8001278E] -> 0x00B5
[1880] [M]: 0x8001278C (0x00B51863) bne a0, a1, 16


mem[X,0x8001279C] -> 0x0213
mem[X,0x8001279E] -> 0x0032
[1881] [M]: 0x8001279C (0x00320213) addi tp, tp, 3
x4 <- 0x00000003


mem[X,0x800127A0] -> 0x006F
mem[X,0x800127A2] -> 0x0040
[1882] [M]: 0x800127A0 (0x0040006F) jal zero, 4


mem[X,0x800127A4] -> 0xA423
mem[X,0x800127A6] -> 0x2C40
[1883] [M]: 0x800127A4 (0x2C40A423) sw tp, 712(ra)
mem[0x8003A430] <- 0x00000003


mem[X,0x800127A8] -> 0x3537
mem[X,0x800127AA] -> 0x3333
[1884] [M]: 0x800127A8 (0x33333537) lui a0, 209715
x10 <- 0x33333000


mem[X,0x800127AC] -> 0x0513
mem[X,0x800127AE] -> 0x3335
[1885] [M]: 0x800127AC (0x33350513) addi a0, a0, 819
x10 <- 0x33333333


mem[X,0x800127B0] -> 0x0593
mem[X,0x800127B2] -> 0x0040
[1886] [M]: 0x800127B0 (0x00400593) addi a1, zero, 4
x11 <- 0x00000004


mem[X,0x800127B4] -> 0x0213
mem[X,0x800127B6] -> 0x0000
[1887] [M]: 0x800127B4 (0x00000213) addi tp, zero, 0
x4 <- 0x00000000


mem[X,0x800127B8] -> 0x006F
mem[X,0x800127BA] -> 0x00C0
[1888] [M]: 0x800127B8 (0x00C0006F) jal zero, 12


mem[X,0x800127C4] -> 0x1063
mem[X,0x800127C6] -> 0x02B5
[1889] [M]: 0x800127C4 (0x02B51063) bne a0, a1, 32


mem[X,0x800127E4] -> 0x0213
mem[X,0x800127E6] -> 0x0032
[1890] [M]: 0x800127E4 (0x00320213) addi tp, tp, 3
x4 <- 0x00000003


mem[X,0x800127E8] -> 0x006F
mem[X,0x800127EA] -> 0x0040
[1891] [M]: 0x800127E8 (0x0040006F) jal zero, 4


mem[X,0x800127EC] -> 0xA623
mem[X,0x800127EE] -> 0x2C40
[1892] [M]: 0x800127EC (0x2C40A623) sw tp, 716(ra)
mem[0x8003A434] <- 0x00000003


mem[X,0x800127F0] -> 0x3537
mem[X,0x800127F2] -> 0x3333
[1893] [M]: 0x800127F0 (0x33333537) lui a0, 209715
x10 <- 0x33333000


mem[X,0x800127F4] -> 0x0513
mem[X,0x800127F6] -> 0x3335
[1894] [M]: 0x800127F4 (0x33350513) addi a0, a0, 819
x10 <- 0x33333333


mem[X,0x800127F8] -> 0x35B7
mem[X,0x800127FA] -> 0x3333
[1895] [M]: 0x800127F8 (0x333335B7) lui a1, 209715
x11 <- 0x33333000


mem[X,0x800127FC] -> 0x8593
mem[X,0x800127FE] -> 0x3325
[1896] [M]: 0x800127FC (0x33258593) addi a1, a1, 818
x11 <- 0x33333332


mem[X,0x80012800] -> 0x0213
mem[X,0x80012802] -> 0x0000
[1897] [M]: 0x80012800 (0x00000213) addi tp, zero, 0
x4 <- 0x00000000


mem[X,0x80012804] -> 0x006F
mem[X,0x80012806] -> 0x00C0
[1898] [M]: 0x80012804 (0x00C0006F) jal zero, 12


mem[X,0x80012810] -> 0x1663
mem[X,0x80012812] -> 0x00B5
[1899] [M]: 0x80012810 (0x00B51663) bne a0, a1, 12


clint::tick mtime <- 0x0000000000000013
 clint timer pending at mtime 0x0000000000000013
htif::tick 0x0000000000000000
mem[X,0x8001281C] -> 0x0213
mem[X,0x8001281E] -> 0x0032
[1900] [M]: 0x8001281C (0x00320213) addi tp, tp, 3
x4 <- 0x00000003


mem[X,0x80012820] -> 0x006F
mem[X,0x80012822] -> 0x0040
[1901] [M]: 0x80012820 (0x0040006F) jal zero, 4


mem[X,0x80012824] -> 0xA823
mem[X,0x80012826] -> 0x2C40
[1902] [M]: 0x80012824 (0x2C40A823) sw tp, 720(ra)
mem[0x8003A438] <- 0x00000003


mem[X,0x80012828] -> 0x3537
mem[X,0x8001282A] -> 0x3333
[1903] [M]: 0x80012828 (0x33333537) lui a0, 209715
x10 <- 0x33333000


mem[X,0x8001282C] -> 0x0513
mem[X,0x8001282E] -> 0x3335
[1904] [M]: 0x8001282C (0x33350513) addi a0, a0, 819
x10 <- 0x33333333


mem[X,0x80012830] -> 0x65B7
mem[X,0x80012832] -> 0x6666
[1905] [M]: 0x80012830 (0x666665B7) lui a1, 419430
x11 <- 0x66666000


mem[X,0x80012834] -> 0x8593
mem[X,0x80012836] -> 0x6655
[1906] [M]: 0x80012834 (0x66558593) addi a1, a1, 1637
x11 <- 0x66666665


mem[X,0x80012838] -> 0x0213
mem[X,0x8001283A] -> 0x0000
[1907] [M]: 0x80012838 (0x00000213) addi tp, zero, 0
x4 <- 0x00000000


mem[X,0x8001283C] -> 0x006F
mem[X,0x8001283E] -> 0x00C0
[1908] [M]: 0x8001283C (0x00C0006F) jal zero, 12


mem[X,0x80012848] -> 0x1863
mem[X,0x8001284A] -> 0x00B5
[1909] [M]: 0x80012848 (0x00B51863) bne a0, a1, 16


mem[X,0x80012858] -> 0x0213
mem[X,0x8001285A] -> 0x0032
[1910] [M]: 0x80012858 (0x00320213) addi tp, tp, 3
x4 <- 0x00000003


mem[X,0x8001285C] -> 0x006F
mem[X,0x8001285E] -> 0x0040
[1911] [M]: 0x8001285C (0x0040006F) jal zero, 4


mem[X,0x80012860] -> 0xAA23
mem[X,0x80012862] -> 0x2C40
[1912] [M]: 0x80012860 (0x2C40AA23) sw tp, 724(ra)
mem[0x8003A43C] <- 0x00000003


mem[X,0x80012864] -> 0x3537
mem[X,0x80012866] -> 0x3333
[1913] [M]: 0x80012864 (0x33333537) lui a0, 209715
x10 <- 0x33333000


mem[X,0x80012868] -> 0x0513
mem[X,0x8001286A] -> 0x3335
[1914] [M]: 0x80012868 (0x33350513) addi a0, a0, 819
x10 <- 0x33333333


mem[X,0x8001286C] -> 0xB5B7
mem[X,0x8001286E] -> 0x0000
[1915] [M]: 0x8001286C (0x0000B5B7) lui a1, 11
x11 <- 0x0000B000


mem[X,0x80012870] -> 0x8593
mem[X,0x80012872] -> 0x5035
[1916] [M]: 0x80012870 (0x50358593) addi a1, a1, 1283
x11 <- 0x0000B503


mem[X,0x80012874] -> 0x0213
mem[X,0x80012876] -> 0x0000
[1917] [M]: 0x80012874 (0x00000213) addi tp, zero, 0
x4 <- 0x00000000


mem[X,0x80012878] -> 0x006F
mem[X,0x8001287A] -> 0x00C0
[1918] [M]: 0x80012878 (0x00C0006F) jal zero, 12


mem[X,0x80012884] -> 0x1663
mem[X,0x80012886] -> 0x00B5
[1919] [M]: 0x80012884 (0x00B51663) bne a0, a1, 12


mem[X,0x80012890] -> 0x0213
mem[X,0x80012892] -> 0x0032
[1920] [M]: 0x80012890 (0x00320213) addi tp, tp, 3
x4 <- 0x00000003


mem[X,0x80012894] -> 0x006F
mem[X,0x80012896] -> 0x0040
[1921] [M]: 0x80012894 (0x0040006F) jal zero, 4


mem[X,0x80012898] -> 0xAC23
mem[X,0x8001289A] -> 0x2C40
[1922] [M]: 0x80012898 (0x2C40AC23) sw tp, 728(ra)
mem[0x8003A440] <- 0x00000003


mem[X,0x8001289C] -> 0x3537
mem[X,0x8001289E] -> 0x3333
[1923] [M]: 0x8001289C (0x33333537) lui a0, 209715
x10 <- 0x33333000


mem[X,0x800128A0] -> 0x0513
mem[X,0x800128A2] -> 0x3335
[1924] [M]: 0x800128A0 (0x33350513) addi a0, a0, 819
x10 <- 0x33333333


mem[X,0x800128A4] -> 0x55B7
mem[X,0x800128A6] -> 0x5555
[1925] [M]: 0x800128A4 (0x555555B7) lui a1, 349525
x11 <- 0x55555000


mem[X,0x800128A8] -> 0x8593
mem[X,0x800128AA] -> 0x5565
[1926] [M]: 0x800128A8 (0x55658593) addi a1, a1, 1366
x11 <- 0x55555556


mem[X,0x800128AC] -> 0x0213
mem[X,0x800128AE] -> 0x0000
[1927] [M]: 0x800128AC (0x00000213) addi tp, zero, 0
x4 <- 0x00000000


mem[X,0x800128B0] -> 0x006F
mem[X,0x800128B2] -> 0x00C0
[1928] [M]: 0x800128B0 (0x00C0006F) jal zero, 12


mem[X,0x800128BC] -> 0x1CE3
mem[X,0x800128BE] -> 0xFEB5
[1929] [M]: 0x800128BC (0xFEB51CE3) bne a0, a1, 8184


mem[X,0x800128B4] -> 0x0213
mem[X,0x800128B6] -> 0x0012
[1930] [M]: 0x800128B4 (0x00120213) addi tp, tp, 1
x4 <- 0x00000001


mem[X,0x800128B8] -> 0x006F
mem[X,0x800128BA] -> 0x0180
[1931] [M]: 0x800128B8 (0x0180006F) jal zero, 24


mem[X,0x800128D0] -> 0xAE23
mem[X,0x800128D2] -> 0x2C40
[1932] [M]: 0x800128D0 (0x2C40AE23) sw tp, 732(ra)
mem[0x8003A444] <- 0x00000001


mem[X,0x800128D4] -> 0x3537
mem[X,0x800128D6] -> 0x3333
[1933] [M]: 0x800128D4 (0x33333537) lui a0, 209715
x10 <- 0x33333000


mem[X,0x800128D8] -> 0x0513
mem[X,0x800128DA] -> 0x3335
[1934] [M]: 0x800128D8 (0x33350513) addi a0, a0, 819
x10 <- 0x33333333


mem[X,0x800128DC] -> 0xB5B7
mem[X,0x800128DE] -> 0xAAAA
[1935] [M]: 0x800128DC (0xAAAAB5B7) lui a1, 699051
x11 <- 0xAAAAB000


mem[X,0x800128E0] -> 0x8593
mem[X,0x800128E2] -> 0xAAB5
[1936] [M]: 0x800128E0 (0xAAB58593) addi a1, a1, 2731
x11 <- 0xAAAAAAAB


mem[X,0x800128E4] -> 0x0213
mem[X,0x800128E6] -> 0x0000
[1937] [M]: 0x800128E4 (0x00000213) addi tp, zero, 0
x4 <- 0x00000000


mem[X,0x800128E8] -> 0x006F
mem[X,0x800128EA] -> 0x00C0
[1938] [M]: 0x800128E8 (0x00C0006F) jal zero, 12


mem[X,0x800128F4] -> 0x1663
mem[X,0x800128F6] -> 0x00B5
[1939] [M]: 0x800128F4 (0x00B51663) bne a0, a1, 12


mem[X,0x80012900] -> 0x0213
mem[X,0x80012902] -> 0x0032
[1940] [M]: 0x80012900 (0x00320213) addi tp, tp, 3
x4 <- 0x00000003


mem[X,0x80012904] -> 0x006F
mem[X,0x80012906] -> 0x0040
[1941] [M]: 0x80012904 (0x0040006F) jal zero, 4


mem[X,0x80012908] -> 0xA023
mem[X,0x8001290A] -> 0x2E40
[1942] [M]: 0x80012908 (0x2E40A023) sw tp, 736(ra)
mem[0x8003A448] <- 0x00000003


mem[X,0x8001290C] -> 0x3537
mem[X,0x8001290E] -> 0x3333
[1943] [M]: 0x8001290C (0x33333537) lui a0, 209715
x10 <- 0x33333000


mem[X,0x80012910] -> 0x0513
mem[X,0x80012912] -> 0x3335
[1944] [M]: 0x80012910 (0x33350513) addi a0, a0, 819
x10 <- 0x33333333


mem[X,0x80012914] -> 0x0593
mem[X,0x80012916] -> 0x0060
[1945] [M]: 0x80012914 (0x00600593) addi a1, zero, 6
x11 <- 0x00000006


mem[X,0x80012918] -> 0x0213
mem[X,0x8001291A] -> 0x0000
[1946] [M]: 0x80012918 (0x00000213) addi tp, zero, 0
x4 <- 0x00000000


mem[X,0x8001291C] -> 0x006F
mem[X,0x8001291E] -> 0x0050
[1947] [M]: 0x8001291C (0x0050006F) jal zero, 2052


mem[X,0x80013120] -> 0x10E3
mem[X,0x80013122] -> 0x80B5
[1948] [M]: 0x80013120 (0x80B510E3) bne a0, a1, 6144


mem[X,0x80012920] -> 0x0213
mem[X,0x80012922] -> 0x0012
[1949] [M]: 0x80012920 (0x00120213) addi tp, tp, 1
x4 <- 0x00000001


mem[X,0x80012924] -> 0x006F
mem[X,0x80012926] -> 0x0110
[1950] [M]: 0x80012924 (0x0110006F) jal zero, 2064


mem[X,0x80013134] -> 0xA223
mem[X,0x80013136] -> 0x2E40
[1951] [M]: 0x80013134 (0x2E40A223) sw tp, 740(ra)
mem[0x8003A44C] <- 0x00000001


mem[X,0x80013138] -> 0x3537
mem[X,0x8001313A] -> 0x3333
[1952] [M]: 0x80013138 (0x33333537) lui a0, 209715
x10 <- 0x33333000


mem[X,0x8001313C] -> 0x0513
mem[X,0x8001313E] -> 0x3335
[1953] [M]: 0x8001313C (0x33350513) addi a0, a0, 819
x10 <- 0x33333333


mem[X,0x80013140] -> 0x35B7
mem[X,0x80013142] -> 0x3333
[1954] [M]: 0x80013140 (0x333335B7) lui a1, 209715
x11 <- 0x33333000


mem[X,0x80013144] -> 0x8593
mem[X,0x80013146] -> 0x3345
[1955] [M]: 0x80013144 (0x33458593) addi a1, a1, 820
x11 <- 0x33333334


mem[X,0x80013148] -> 0x0213
mem[X,0x8001314A] -> 0x0000
[1956] [M]: 0x80013148 (0x00000213) addi tp, zero, 0
x4 <- 0x00000000


mem[X,0x8001314C] -> 0x006F
mem[X,0x8001314E] -> 0x00C0
[1957] [M]: 0x8001314C (0x00C0006F) jal zero, 12


mem[X,0x80013158] -> 0x1063
mem[X,0x8001315A] -> 0x02B5
[1958] [M]: 0x80013158 (0x02B51063) bne a0, a1, 32


mem[X,0x80013178] -> 0x0213
mem[X,0x8001317A] -> 0x0032
[1959] [M]: 0x80013178 (0x00320213) addi tp, tp, 3
x4 <- 0x00000003


mem[X,0x8001317C] -> 0x006F
mem[X,0x8001317E] -> 0x0040
[1960] [M]: 0x8001317C (0x0040006F) jal zero, 4


mem[X,0x80013180] -> 0xA423
mem[X,0x80013182] -> 0x2E40
[1961] [M]: 0x80013180 (0x2E40A423) sw tp, 744(ra)
mem[0x8003A450] <- 0x00000003


mem[X,0x80013184] -> 0x3537
mem[X,0x80013186] -> 0x3333
[1962] [M]: 0x80013184 (0x33333537) lui a0, 209715
x10 <- 0x33333000


mem[X,0x80013188] -> 0x0513
mem[X,0x8001318A] -> 0x3335
[1963] [M]: 0x80013188 (0x33350513) addi a0, a0, 819
x10 <- 0x33333333


mem[X,0x8001318C] -> 0x65B7
mem[X,0x8001318E] -> 0x6666
[1964] [M]: 0x8001318C (0x666665B7) lui a1, 419430
x11 <- 0x66666000


mem[X,0x80013190] -> 0x8593
mem[X,0x80013192] -> 0x6675
[1965] [M]: 0x80013190 (0x66758593) addi a1, a1, 1639
x11 <- 0x66666667


mem[X,0x80013194] -> 0x0213
mem[X,0x80013196] -> 0x0000
[1966] [M]: 0x80013194 (0x00000213) addi tp, zero, 0
x4 <- 0x00000000


mem[X,0x80013198] -> 0x006F
mem[X,0x8001319A] -> 0x00C0
[1967] [M]: 0x80013198 (0x00C0006F) jal zero, 12


mem[X,0x800131A4] -> 0x1063
mem[X,0x800131A6] -> 0x02B5
[1968] [M]: 0x800131A4 (0x02B51063) bne a0, a1, 32


mem[X,0x800131C4] -> 0x0213
mem[X,0x800131C6] -> 0x0032
[1969] [M]: 0x800131C4 (0x00320213) addi tp, tp, 3
x4 <- 0x00000003


mem[X,0x800131C8] -> 0x006F
mem[X,0x800131CA] -> 0x0040
[1970] [M]: 0x800131C8 (0x0040006F) jal zero, 4


mem[X,0x800131CC] -> 0xA623
mem[X,0x800131CE] -> 0x2E40
[1971] [M]: 0x800131CC (0x2E40A623) sw tp, 748(ra)
mem[0x8003A454] <- 0x00000003


mem[X,0x800131D0] -> 0x3537
mem[X,0x800131D2] -> 0x3333
[1972] [M]: 0x800131D0 (0x33333537) lui a0, 209715
x10 <- 0x33333000


mem[X,0x800131D4] -> 0x0513
mem[X,0x800131D6] -> 0x3335
[1973] [M]: 0x800131D4 (0x33350513) addi a0, a0, 819
x10 <- 0x33333333


mem[X,0x800131D8] -> 0x55B7
mem[X,0x800131DA] -> 0xFFFF
[1974] [M]: 0x800131D8 (0xFFFF55B7) lui a1, 1048565
x11 <- 0xFFFF5000


mem[X,0x800131DC] -> 0x8593
mem[X,0x800131DE] -> 0xAFD5
[1975] [M]: 0x800131DC (0xAFD58593) addi a1, a1, 2813
x11 <- 0xFFFF4AFD


mem[X,0x800131E0] -> 0x0213
mem[X,0x800131E2] -> 0x0000
[1976] [M]: 0x800131E0 (0x00000213) addi tp, zero, 0
x4 <- 0x00000000


mem[X,0x800131E4] -> 0x006F
mem[X,0x800131E6] -> 0x0100
[1977] [M]: 0x800131E4 (0x0100006F) jal zero, 16


mem[X,0x800131F4] -> 0x1AE3
mem[X,0x800131F6] -> 0xFEB5
[1978] [M]: 0x800131F4 (0xFEB51AE3) bne a0, a1, 8180


mem[X,0x800131E8] -> 0x0213
mem[X,0x800131EA] -> 0x0012
[1979] [M]: 0x800131E8 (0x00120213) addi tp, tp, 1
x4 <- 0x00000001


mem[X,0x800131EC] -> 0x006F
mem[X,0x800131EE] -> 0x01C0
[1980] [M]: 0x800131EC (0x01C0006F) jal zero, 28


mem[X,0x80013208] -> 0xA823
mem[X,0x8001320A] -> 0x2E40
[1981] [M]: 0x80013208 (0x2E40A823) sw tp, 752(ra)
mem[0x8003A458] <- 0x00000001


mem[X,0x8001320C] -> 0x3537
mem[X,0x8001320E] -> 0x3333
[1982] [M]: 0x8001320C (0x33333537) lui a0, 209715
x10 <- 0x33333000


mem[X,0x80013210] -> 0x0513
mem[X,0x80013212] -> 0x3335
[1983] [M]: 0x80013210 (0x33350513) addi a0, a0, 819
x10 <- 0x33333333


mem[X,0x80013214] -> 0xB5B7
mem[X,0x80013216] -> 0x0000
[1984] [M]: 0x80013214 (0x0000B5B7) lui a1, 11
x11 <- 0x0000B000


mem[X,0x80013218] -> 0x8593
mem[X,0x8001321A] -> 0x5055
[1985] [M]: 0x80013218 (0x50558593) addi a1, a1, 1285
x11 <- 0x0000B505


mem[X,0x8001321C] -> 0x0213
mem[X,0x8001321E] -> 0x0000
[1986] [M]: 0x8001321C (0x00000213) addi tp, zero, 0
x4 <- 0x00000000


mem[X,0x80013220] -> 0x006F
mem[X,0x80013222] -> 0x00C0
[1987] [M]: 0x80013220 (0x00C0006F) jal zero, 12


mem[X,0x8001322C] -> 0x1063
mem[X,0x8001322E] -> 0x02B5
[1988] [M]: 0x8001322C (0x02B51063) bne a0, a1, 32


mem[X,0x8001324C] -> 0x0213
mem[X,0x8001324E] -> 0x0032
[1989] [M]: 0x8001324C (0x00320213) addi tp, tp, 3
x4 <- 0x00000003


mem[X,0x80013250] -> 0x006F
mem[X,0x80013252] -> 0x0040
[1990] [M]: 0x80013250 (0x0040006F) jal zero, 4


mem[X,0x80013254] -> 0xAA23
mem[X,0x80013256] -> 0x2E40
[1991] [M]: 0x80013254 (0x2E40AA23) sw tp, 756(ra)
mem[0x8003A45C] <- 0x00000003


mem[X,0x80013258] -> 0x6537
mem[X,0x8001325A] -> 0x6666
[1992] [M]: 0x80013258 (0x66666537) lui a0, 419430
x10 <- 0x66666000


mem[X,0x8001325C] -> 0x0513
mem[X,0x8001325E] -> 0x6665
[1993] [M]: 0x8001325C (0x66650513) addi a0, a0, 1638
x10 <- 0x66666666


mem[X,0x80013260] -> 0x0593
mem[X,0x80013262] -> 0x0030
[1994] [M]: 0x80013260 (0x00300593) addi a1, zero, 3
x11 <- 0x00000003


mem[X,0x80013264] -> 0x0213
mem[X,0x80013266] -> 0x0000
[1995] [M]: 0x80013264 (0x00000213) addi tp, zero, 0
x4 <- 0x00000000


mem[X,0x80013268] -> 0x006F
mem[X,0x8001326A] -> 0x0050
[1996] [M]: 0x80013268 (0x0050006F) jal zero, 2052


mem[X,0x80013A6C] -> 0x10E3
mem[X,0x80013A6E] -> 0x80B5
[1997] [M]: 0x80013A6C (0x80B510E3) bne a0, a1, 6144


mem[X,0x8001326C] -> 0x0213
mem[X,0x8001326E] -> 0x0012
[1998] [M]: 0x8001326C (0x00120213) addi tp, tp, 1
x4 <- 0x00000001


mem[X,0x80013270] -> 0x006F
mem[X,0x80013272] -> 0x0110
[1999] [M]: 0x80013270 (0x0110006F) jal zero, 2064


clint::tick mtime <- 0x0000000000000014
 clint timer pending at mtime 0x0000000000000014
htif::tick 0x0000000000000000
mem[X,0x80013A80] -> 0xAC23
mem[X,0x80013A82] -> 0x2E40
[2000] [M]: 0x80013A80 (0x2E40AC23) sw tp, 760(ra)
mem[0x8003A460] <- 0x00000001


mem[X,0x80013A84] -> 0x6537
mem[X,0x80013A86] -> 0x6666
[2001] [M]: 0x80013A84 (0x66666537) lui a0, 419430
x10 <- 0x66666000


mem[X,0x80013A88] -> 0x0513
mem[X,0x80013A8A] -> 0x6665
[2002] [M]: 0x80013A88 (0x66650513) addi a0, a0, 1638
x10 <- 0x66666666


mem[X,0x80013A8C] -> 0x55B7
mem[X,0x80013A8E] -> 0x5555
[2003] [M]: 0x80013A8C (0x555555B7) lui a1, 349525
x11 <- 0x55555000


mem[X,0x80013A90] -> 0x8593
mem[X,0x80013A92] -> 0x5555
[2004] [M]: 0x80013A90 (0x55558593) addi a1, a1, 1365
x11 <- 0x55555555


mem[X,0x80013A94] -> 0x0213
mem[X,0x80013A96] -> 0x0000
[2005] [M]: 0x80013A94 (0x00000213) addi tp, zero, 0
x4 <- 0x00000000


mem[X,0x80013A98] -> 0x006F
mem[X,0x80013A9A] -> 0x00C0
[2006] [M]: 0x80013A98 (0x00C0006F) jal zero, 12


mem[X,0x80013AA4] -> 0x1CE3
mem[X,0x80013AA6] -> 0xFEB5
[2007] [M]: 0x80013AA4 (0xFEB51CE3) bne a0, a1, 8184


mem[X,0x80013A9C] -> 0x0213
mem[X,0x80013A9E] -> 0x0012
[2008] [M]: 0x80013A9C (0x00120213) addi tp, tp, 1
x4 <- 0x00000001


mem[X,0x80013AA0] -> 0x006F
mem[X,0x80013AA2] -> 0x0180
[2009] [M]: 0x80013AA0 (0x0180006F) jal zero, 24


mem[X,0x80013AB8] -> 0xAE23
mem[X,0x80013ABA] -> 0x2E40
[2010] [M]: 0x80013AB8 (0x2E40AE23) sw tp, 764(ra)
mem[0x8003A464] <- 0x00000001


mem[X,0x80013ABC] -> 0x6537
mem[X,0x80013ABE] -> 0x6666
[2011] [M]: 0x80013ABC (0x66666537) lui a0, 419430
x10 <- 0x66666000


mem[X,0x80013AC0] -> 0x0513
mem[X,0x80013AC2] -> 0x6665
[2012] [M]: 0x80013AC0 (0x66650513) addi a0, a0, 1638
x10 <- 0x66666666


mem[X,0x80013AC4] -> 0xB5B7
mem[X,0x80013AC6] -> 0xAAAA
[2013] [M]: 0x80013AC4 (0xAAAAB5B7) lui a1, 699051
x11 <- 0xAAAAB000


mem[X,0x80013AC8] -> 0x8593
mem[X,0x80013ACA] -> 0xAAA5
[2014] [M]: 0x80013AC8 (0xAAA58593) addi a1, a1, 2730
x11 <- 0xAAAAAAAA


mem[X,0x80013ACC] -> 0x0213
mem[X,0x80013ACE] -> 0x0000
[2015] [M]: 0x80013ACC (0x00000213) addi tp, zero, 0
x4 <- 0x00000000


mem[X,0x80013AD0] -> 0x006F
mem[X,0x80013AD2] -> 0x00C0
[2016] [M]: 0x80013AD0 (0x00C0006F) jal zero, 12


mem[X,0x80013ADC] -> 0x1063
mem[X,0x80013ADE] -> 0x40B5
[2017] [M]: 0x80013ADC (0x40B51063) bne a0, a1, 1024


mem[X,0x80013EDC] -> 0x0213
mem[X,0x80013EDE] -> 0x0032
[2018] [M]: 0x80013EDC (0x00320213) addi tp, tp, 3
x4 <- 0x00000003


mem[X,0x80013EE0] -> 0x006F
mem[X,0x80013EE2] -> 0x0040
[2019] [M]: 0x80013EE0 (0x0040006F) jal zero, 4


mem[X,0x80013EE4] -> 0xA023
mem[X,0x80013EE6] -> 0x3040
[2020] [M]: 0x80013EE4 (0x3040A023) sw tp, 768(ra)
mem[0x8003A468] <- 0x00000003


mem[X,0x80013EE8] -> 0x6537
mem[X,0x80013EEA] -> 0x6666
[2021] [M]: 0x80013EE8 (0x66666537) lui a0, 419430
x10 <- 0x66666000


mem[X,0x80013EEC] -> 0x0513
mem[X,0x80013EEE] -> 0x6665
[2022] [M]: 0x80013EEC (0x66650513) addi a0, a0, 1638
x10 <- 0x66666666


mem[X,0x80013EF0] -> 0x0593
mem[X,0x80013EF2] -> 0x0050
[2023] [M]: 0x80013EF0 (0x00500593) addi a1, zero, 5
x11 <- 0x00000005


mem[X,0x80013EF4] -> 0x0213
mem[X,0x80013EF6] -> 0x0000
[2024] [M]: 0x80013EF4 (0x00000213) addi tp, zero, 0
x4 <- 0x00000000


mem[X,0x80013EF8] -> 0x006F
mem[X,0x80013EFA] -> 0x00C0
[2025] [M]: 0x80013EF8 (0x00C0006F) jal zero, 12


mem[X,0x80013F04] -> 0x1663
mem[X,0x80013F06] -> 0x00B5
[2026] [M]: 0x80013F04 (0x00B51663) bne a0, a1, 12


mem[X,0x80013F10] -> 0x0213
mem[X,0x80013F12] -> 0x0032
[2027] [M]: 0x80013F10 (0x00320213) addi tp, tp, 3
x4 <- 0x00000003


mem[X,0x80013F14] -> 0x006F
mem[X,0x80013F16] -> 0x0040
[2028] [M]: 0x80013F14 (0x0040006F) jal zero, 4


mem[X,0x80013F18] -> 0xA223
mem[X,0x80013F1A] -> 0x3040
[2029] [M]: 0x80013F18 (0x3040A223) sw tp, 772(ra)
mem[0x8003A46C] <- 0x00000003


mem[X,0x80013F1C] -> 0x6537
mem[X,0x80013F1E] -> 0x6666
[2030] [M]: 0x80013F1C (0x66666537) lui a0, 419430
x10 <- 0x66666000


mem[X,0x80013F20] -> 0x0513
mem[X,0x80013F22] -> 0x6665
[2031] [M]: 0x80013F20 (0x66650513) addi a0, a0, 1638
x10 <- 0x66666666


mem[X,0x80013F24] -> 0x35B7
mem[X,0x80013F26] -> 0x3333
[2032] [M]: 0x80013F24 (0x333335B7) lui a1, 209715
x11 <- 0x33333000


mem[X,0x80013F28] -> 0x8593
mem[X,0x80013F2A] -> 0x3335
[2033] [M]: 0x80013F28 (0x33358593) addi a1, a1, 819
x11 <- 0x33333333


mem[X,0x80013F2C] -> 0x0213
mem[X,0x80013F2E] -> 0x0000
[2034] [M]: 0x80013F2C (0x00000213) addi tp, zero, 0
x4 <- 0x00000000


mem[X,0x80013F30] -> 0x006F
mem[X,0x80013F32] -> 0x0140
[2035] [M]: 0x80013F30 (0x0140006F) jal zero, 20


mem[X,0x80013F44] -> 0x18E3
mem[X,0x80013F46] -> 0xFEB5
[2036] [M]: 0x80013F44 (0xFEB518E3) bne a0, a1, 8176


mem[X,0x80013F34] -> 0x0213
mem[X,0x80013F36] -> 0x0012
[2037] [M]: 0x80013F34 (0x00120213) addi tp, tp, 1
x4 <- 0x00000001


mem[X,0x80013F38] -> 0x006F
mem[X,0x80013F3A] -> 0x0200
[2038] [M]: 0x80013F38 (0x0200006F) jal zero, 32


mem[X,0x80013F58] -> 0xA423
mem[X,0x80013F5A] -> 0x3040
[2039] [M]: 0x80013F58 (0x3040A423) sw tp, 776(ra)
mem[0x8003A470] <- 0x00000001


mem[X,0x80013F5C] -> 0x6537
mem[X,0x80013F5E] -> 0x6666
[2040] [M]: 0x80013F5C (0x66666537) lui a0, 419430
x10 <- 0x66666000


mem[X,0x80013F60] -> 0x0513
mem[X,0x80013F62] -> 0x6665
[2041] [M]: 0x80013F60 (0x66650513) addi a0, a0, 1638
x10 <- 0x66666666


mem[X,0x80013F64] -> 0x65B7
mem[X,0x80013F66] -> 0x6666
[2042] [M]: 0x80013F64 (0x666665B7) lui a1, 419430
x11 <- 0x66666000


mem[X,0x80013F68] -> 0x8593
mem[X,0x80013F6A] -> 0x6665
[2043] [M]: 0x80013F68 (0x66658593) addi a1, a1, 1638
x11 <- 0x66666666


mem[X,0x80013F6C] -> 0x0213
mem[X,0x80013F6E] -> 0x0000
[2044] [M]: 0x80013F6C (0x00000213) addi tp, zero, 0
x4 <- 0x00000000


mem[X,0x80013F70] -> 0x006F
mem[X,0x80013F72] -> 0x00C0
[2045] [M]: 0x80013F70 (0x00C0006F) jal zero, 12


mem[X,0x80013F7C] -> 0x1CE3
mem[X,0x80013F7E] -> 0xFEB5
[2046] [M]: 0x80013F7C (0xFEB51CE3) bne a0, a1, 8184


mem[X,0x80013F80] -> 0x0213
mem[X,0x80013F82] -> 0x0022
[2047] [M]: 0x80013F80 (0x00220213) addi tp, tp, 2
x4 <- 0x00000002


mem[X,0x80013F84] -> 0x006F
mem[X,0x80013F86] -> 0x00C0
[2048] [M]: 0x80013F84 (0x00C0006F) jal zero, 12


mem[X,0x80013F90] -> 0xA623
mem[X,0x80013F92] -> 0x3040
[2049] [M]: 0x80013F90 (0x3040A623) sw tp, 780(ra)
mem[0x8003A474] <- 0x00000002


mem[X,0x80013F94] -> 0x6537
mem[X,0x80013F96] -> 0x6666
[2050] [M]: 0x80013F94 (0x66666537) lui a0, 419430
x10 <- 0x66666000


mem[X,0x80013F98] -> 0x0513
mem[X,0x80013F9A] -> 0x6665
[2051] [M]: 0x80013F98 (0x66650513) addi a0, a0, 1638
x10 <- 0x66666666


mem[X,0x80013F9C] -> 0x55B7
mem[X,0x80013F9E] -> 0xFFFF
[2052] [M]: 0x80013F9C (0xFFFF55B7) lui a1, 1048565
x11 <- 0xFFFF5000


mem[X,0x80013FA0] -> 0x8593
mem[X,0x80013FA2] -> 0xAFC5
[2053] [M]: 0x80013FA0 (0xAFC58593) addi a1, a1, 2812
x11 <- 0xFFFF4AFC


mem[X,0x80013FA4] -> 0x0213
mem[X,0x80013FA6] -> 0x0000
[2054] [M]: 0x80013FA4 (0x00000213) addi tp, zero, 0
x4 <- 0x00000000


mem[X,0x80013FA8] -> 0x006F
mem[X,0x80013FAA] -> 0x0050
[2055] [M]: 0x80013FA8 (0x0050006F) jal zero, 2052


mem[X,0x800147AC] -> 0x10E3
mem[X,0x800147AE] -> 0x80B5
[2056] [M]: 0x800147AC (0x80B510E3) bne a0, a1, 6144


mem[X,0x80013FAC] -> 0x0213
mem[X,0x80013FAE] -> 0x0012
[2057] [M]: 0x80013FAC (0x00120213) addi tp, tp, 1
x4 <- 0x00000001


mem[X,0x80013FB0] -> 0x006F
mem[X,0x80013FB2] -> 0x0110
[2058] [M]: 0x80013FB0 (0x0110006F) jal zero, 2064


mem[X,0x800147C0] -> 0xA823
mem[X,0x800147C2] -> 0x3040
[2059] [M]: 0x800147C0 (0x3040A823) sw tp, 784(ra)
mem[0x8003A478] <- 0x00000001


mem[X,0x800147C4] -> 0x6537
mem[X,0x800147C6] -> 0x6666
[2060] [M]: 0x800147C4 (0x66666537) lui a0, 419430
x10 <- 0x66666000


mem[X,0x800147C8] -> 0x0513
mem[X,0x800147CA] -> 0x6665
[2061] [M]: 0x800147C8 (0x66650513) addi a0, a0, 1638
x10 <- 0x66666666


mem[X,0x800147CC] -> 0xB5B7
mem[X,0x800147CE] -> 0x0000
[2062] [M]: 0x800147CC (0x0000B5B7) lui a1, 11
x11 <- 0x0000B000


mem[X,0x800147D0] -> 0x8593
mem[X,0x800147D2] -> 0x5045
[2063] [M]: 0x800147D0 (0x50458593) addi a1, a1, 1284
x11 <- 0x0000B504


mem[X,0x800147D4] -> 0x0213
mem[X,0x800147D6] -> 0x0000
[2064] [M]: 0x800147D4 (0x00000213) addi tp, zero, 0
x4 <- 0x00000000


mem[X,0x800147D8] -> 0x006F
mem[X,0x800147DA] -> 0x0180
[2065] [M]: 0x800147D8 (0x0180006F) jal zero, 24


mem[X,0x800147F0] -> 0x16E3
mem[X,0x800147F2] -> 0xFEB5
[2066] [M]: 0x800147F0 (0xFEB516E3) bne a0, a1, 8172


mem[X,0x800147DC] -> 0x0213
mem[X,0x800147DE] -> 0x0012
[2067] [M]: 0x800147DC (0x00120213) addi tp, tp, 1
x4 <- 0x00000001


mem[X,0x800147E0] -> 0x006F
mem[X,0x800147E2] -> 0x0240
[2068] [M]: 0x800147E0 (0x0240006F) jal zero, 36


mem[X,0x80014804] -> 0xAA23
mem[X,0x80014806] -> 0x3040
[2069] [M]: 0x80014804 (0x3040AA23) sw tp, 788(ra)
mem[0x8003A47C] <- 0x00000001


mem[X,0x80014808] -> 0x6537
mem[X,0x8001480A] -> 0x6666
[2070] [M]: 0x80014808 (0x66666537) lui a0, 419430
x10 <- 0x66666000


mem[X,0x8001480C] -> 0x0513
mem[X,0x8001480E] -> 0x6665
[2071] [M]: 0x8001480C (0x66650513) addi a0, a0, 1638
x10 <- 0x66666666


mem[X,0x80014810] -> 0x0593
mem[X,0x80014812] -> 0x0020
[2072] [M]: 0x80014810 (0x00200593) addi a1, zero, 2
x11 <- 0x00000002


mem[X,0x80014814] -> 0x0213
mem[X,0x80014816] -> 0x0000
[2073] [M]: 0x80014814 (0x00000213) addi tp, zero, 0
x4 <- 0x00000000


mem[X,0x80014818] -> 0x006F
mem[X,0x8001481A] -> 0x2B10
[2074] [M]: 0x80014818 (0x2B10006F) jal zero, 2736


mem[X,0x800152C8] -> 0x1A63
mem[X,0x800152CA] -> 0xD4B5
[2075] [M]: 0x800152C8 (0xD4B51A63) bne a0, a1, 5460


mem[X,0x8001481C] -> 0x0213
mem[X,0x8001481E] -> 0x0012
[2076] [M]: 0x8001481C (0x00120213) addi tp, tp, 1
x4 <- 0x00000001


mem[X,0x80014820] -> 0x006F
mem[X,0x80014822] -> 0x2BD0
[2077] [M]: 0x80014820 (0x2BD0006F) jal zero, 2748


mem[X,0x800152DC] -> 0xAC23
mem[X,0x800152DE] -> 0x3040
[2078] [M]: 0x800152DC (0x3040AC23) sw tp, 792(ra)
mem[0x8003A480] <- 0x00000001


mem[X,0x800152E0] -> 0x6537
mem[X,0x800152E2] -> 0x6666
[2079] [M]: 0x800152E0 (0x66666537) lui a0, 419430
x10 <- 0x66666000


mem[X,0x800152E4] -> 0x0513
mem[X,0x800152E6] -> 0x6665
[2080] [M]: 0x800152E4 (0x66650513) addi a0, a0, 1638
x10 <- 0x66666666


mem[X,0x800152E8] -> 0x55B7
mem[X,0x800152EA] -> 0x5555
[2081] [M]: 0x800152E8 (0x555555B7) lui a1, 349525
x11 <- 0x55555000


mem[X,0x800152EC] -> 0x8593
mem[X,0x800152EE] -> 0x5545
[2082] [M]: 0x800152EC (0x55458593) addi a1, a1, 1364
x11 <- 0x55555554


mem[X,0x800152F0] -> 0x0213
mem[X,0x800152F2] -> 0x0000
[2083] [M]: 0x800152F0 (0x00000213) addi tp, zero, 0
x4 <- 0x00000000


mem[X,0x800152F4] -> 0x006F
mem[X,0x800152F6] -> 0x00C0
[2084] [M]: 0x800152F4 (0x00C0006F) jal zero, 12


mem[X,0x80015300] -> 0x1663
mem[X,0x80015302] -> 0x00B5
[2085] [M]: 0x80015300 (0x00B51663) bne a0, a1, 12


mem[X,0x8001530C] -> 0x0213
mem[X,0x8001530E] -> 0x0032
[2086] [M]: 0x8001530C (0x00320213) addi tp, tp, 3
x4 <- 0x00000003


mem[X,0x80015310] -> 0x006F
mem[X,0x80015312] -> 0x0040
[2087] [M]: 0x80015310 (0x0040006F) jal zero, 4


mem[X,0x80015314] -> 0xAE23
mem[X,0x80015316] -> 0x3040
[2088] [M]: 0x80015314 (0x3040AE23) sw tp, 796(ra)
mem[0x8003A484] <- 0x00000003


mem[X,0x80015318] -> 0x6537
mem[X,0x8001531A] -> 0x6666
[2089] [M]: 0x80015318 (0x66666537) lui a0, 419430
x10 <- 0x66666000


mem[X,0x8001531C] -> 0x0513
mem[X,0x8001531E] -> 0x6665
[2090] [M]: 0x8001531C (0x66650513) addi a0, a0, 1638
x10 <- 0x66666666


mem[X,0x80015320] -> 0x0593
mem[X,0x80015322] -> 0x0000
[2091] [M]: 0x80015320 (0x00000593) addi a1, zero, 0
x11 <- 0x00000000


mem[X,0x80015324] -> 0x0213
mem[X,0x80015326] -> 0x0000
[2092] [M]: 0x80015324 (0x00000213) addi tp, zero, 0
x4 <- 0x00000000


mem[X,0x80015328] -> 0x006F
mem[X,0x8001532A] -> 0x00C0
[2093] [M]: 0x80015328 (0x00C0006F) jal zero, 12


mem[X,0x80015334] -> 0x1663
mem[X,0x80015336] -> 0x00B5
[2094] [M]: 0x80015334 (0x00B51663) bne a0, a1, 12


mem[X,0x80015340] -> 0x0213
mem[X,0x80015342] -> 0x0032
[2095] [M]: 0x80015340 (0x00320213) addi tp, tp, 3
x4 <- 0x00000003


mem[X,0x80015344] -> 0x006F
mem[X,0x80015346] -> 0x0040
[2096] [M]: 0x80015344 (0x0040006F) jal zero, 4


mem[X,0x80015348] -> 0xA023
mem[X,0x8001534A] -> 0x3240
[2097] [M]: 0x80015348 (0x3240A023) sw tp, 800(ra)
mem[0x8003A488] <- 0x00000003


mem[X,0x8001534C] -> 0x6537
mem[X,0x8001534E] -> 0x6666
[2098] [M]: 0x8001534C (0x66666537) lui a0, 419430
x10 <- 0x66666000


mem[X,0x80015350] -> 0x0513
mem[X,0x80015352] -> 0x6665
[2099] [M]: 0x80015350 (0x66650513) addi a0, a0, 1638
x10 <- 0x66666666


clint::tick mtime <- 0x0000000000000015
 clint timer pending at mtime 0x0000000000000015
htif::tick 0x0000000000000000
mem[X,0x80015354] -> 0x35B7
mem[X,0x80015356] -> 0x3333
[2100] [M]: 0x80015354 (0x333335B7) lui a1, 209715
x11 <- 0x33333000


mem[X,0x80015358] -> 0x8593
mem[X,0x8001535A] -> 0x3325
[2101] [M]: 0x80015358 (0x33258593) addi a1, a1, 818
x11 <- 0x33333332


mem[X,0x8001535C] -> 0x0213
mem[X,0x8001535E] -> 0x0000
[2102] [M]: 0x8001535C (0x00000213) addi tp, zero, 0
x4 <- 0x00000000


mem[X,0x80015360] -> 0x006F
mem[X,0x80015362] -> 0x00C0
[2103] [M]: 0x80015360 (0x00C0006F) jal zero, 12


mem[X,0x8001536C] -> 0x1CE3
mem[X,0x8001536E] -> 0xFEB5
[2104] [M]: 0x8001536C (0xFEB51CE3) bne a0, a1, 8184


mem[X,0x80015364] -> 0x0213
mem[X,0x80015366] -> 0x0012
[2105] [M]: 0x80015364 (0x00120213) addi tp, tp, 1
x4 <- 0x00000001


mem[X,0x80015368] -> 0x006F
mem[X,0x8001536A] -> 0x0180
[2106] [M]: 0x80015368 (0x0180006F) jal zero, 24


mem[X,0x80015380] -> 0xA223
mem[X,0x80015382] -> 0x3240
[2107] [M]: 0x80015380 (0x3240A223) sw tp, 804(ra)
mem[0x8003A48C] <- 0x00000001


mem[X,0x80015384] -> 0x6537
mem[X,0x80015386] -> 0x6666
[2108] [M]: 0x80015384 (0x66666537) lui a0, 419430
x10 <- 0x66666000


mem[X,0x80015388] -> 0x0513
mem[X,0x8001538A] -> 0x6665
[2109] [M]: 0x80015388 (0x66650513) addi a0, a0, 1638
x10 <- 0x66666666


mem[X,0x8001538C] -> 0x65B7
mem[X,0x8001538E] -> 0x6666
[2110] [M]: 0x8001538C (0x666665B7) lui a1, 419430
x11 <- 0x66666000


mem[X,0x80015390] -> 0x8593
mem[X,0x80015392] -> 0x6655
[2111] [M]: 0x80015390 (0x66558593) addi a1, a1, 1637
x11 <- 0x66666665


mem[X,0x80015394] -> 0x0213
mem[X,0x80015396] -> 0x0000
[2112] [M]: 0x80015394 (0x00000213) addi tp, zero, 0
x4 <- 0x00000000


mem[X,0x80015398] -> 0x006F
mem[X,0x8001539A] -> 0x00C0
[2113] [M]: 0x80015398 (0x00C0006F) jal zero, 12


mem[X,0x800153A4] -> 0x1663
mem[X,0x800153A6] -> 0x00B5
[2114] [M]: 0x800153A4 (0x00B51663) bne a0, a1, 12


mem[X,0x800153B0] -> 0x0213
mem[X,0x800153B2] -> 0x0032
[2115] [M]: 0x800153B0 (0x00320213) addi tp, tp, 3
x4 <- 0x00000003


mem[X,0x800153B4] -> 0x006F
mem[X,0x800153B6] -> 0x0040
[2116] [M]: 0x800153B4 (0x0040006F) jal zero, 4


mem[X,0x800153B8] -> 0xA423
mem[X,0x800153BA] -> 0x3240
[2117] [M]: 0x800153B8 (0x3240A423) sw tp, 808(ra)
mem[0x8003A490] <- 0x00000003


mem[X,0x800153BC] -> 0x6537
mem[X,0x800153BE] -> 0x6666
[2118] [M]: 0x800153BC (0x66666537) lui a0, 419430
x10 <- 0x66666000


mem[X,0x800153C0] -> 0x0513
mem[X,0x800153C2] -> 0x6665
[2119] [M]: 0x800153C0 (0x66650513) addi a0, a0, 1638
x10 <- 0x66666666


mem[X,0x800153C4] -> 0xB5B7
mem[X,0x800153C6] -> 0x0000
[2120] [M]: 0x800153C4 (0x0000B5B7) lui a1, 11
x11 <- 0x0000B000


mem[X,0x800153C8] -> 0x8593
mem[X,0x800153CA] -> 0x5035
[2121] [M]: 0x800153C8 (0x50358593) addi a1, a1, 1283
x11 <- 0x0000B503


mem[X,0x800153CC] -> 0x0213
mem[X,0x800153CE] -> 0x0000
[2122] [M]: 0x800153CC (0x00000213) addi tp, zero, 0
x4 <- 0x00000000


mem[X,0x800153D0] -> 0x006F
mem[X,0x800153D2] -> 0x00C0
[2123] [M]: 0x800153D0 (0x00C0006F) jal zero, 12


mem[X,0x800153DC] -> 0x1063
mem[X,0x800153DE] -> 0x08B5
[2124] [M]: 0x800153DC (0x08B51063) bne a0, a1, 128


mem[X,0x8001545C] -> 0x0213
mem[X,0x8001545E] -> 0x0032
[2125] [M]: 0x8001545C (0x00320213) addi tp, tp, 3
x4 <- 0x00000003


mem[X,0x80015460] -> 0x006F
mem[X,0x80015462] -> 0x0040
[2126] [M]: 0x80015460 (0x0040006F) jal zero, 4


mem[X,0x80015464] -> 0xA623
mem[X,0x80015466] -> 0x3240
[2127] [M]: 0x80015464 (0x3240A623) sw tp, 812(ra)
mem[0x8003A494] <- 0x00000003


mem[X,0x80015468] -> 0x6537
mem[X,0x8001546A] -> 0x6666
[2128] [M]: 0x80015468 (0x66666537) lui a0, 419430
x10 <- 0x66666000


mem[X,0x8001546C] -> 0x0513
mem[X,0x8001546E] -> 0x6665
[2129] [M]: 0x8001546C (0x66650513) addi a0, a0, 1638
x10 <- 0x66666666


mem[X,0x80015470] -> 0x55B7
mem[X,0x80015472] -> 0x5555
[2130] [M]: 0x80015470 (0x555555B7) lui a1, 349525
x11 <- 0x55555000


mem[X,0x80015474] -> 0x8593
mem[X,0x80015476] -> 0x5565
[2131] [M]: 0x80015474 (0x55658593) addi a1, a1, 1366
x11 <- 0x55555556


mem[X,0x80015478] -> 0x0213
mem[X,0x8001547A] -> 0x0000
[2132] [M]: 0x80015478 (0x00000213) addi tp, zero, 0
x4 <- 0x00000000


mem[X,0x8001547C] -> 0x006F
mem[X,0x8001547E] -> 0x00C0
[2133] [M]: 0x8001547C (0x00C0006F) jal zero, 12


mem[X,0x80015488] -> 0x1063
mem[X,0x8001548A] -> 0x02B5
[2134] [M]: 0x80015488 (0x02B51063) bne a0, a1, 32


mem[X,0x800154A8] -> 0x0213
mem[X,0x800154AA] -> 0x0032
[2135] [M]: 0x800154A8 (0x00320213) addi tp, tp, 3
x4 <- 0x00000003


mem[X,0x800154AC] -> 0x006F
mem[X,0x800154AE] -> 0x0040
[2136] [M]: 0x800154AC (0x0040006F) jal zero, 4


mem[X,0x800154B0] -> 0xA823
mem[X,0x800154B2] -> 0x3240
[2137] [M]: 0x800154B0 (0x3240A823) sw tp, 816(ra)
mem[0x8003A498] <- 0x00000003


mem[X,0x800154B4] -> 0x6537
mem[X,0x800154B6] -> 0x6666
[2138] [M]: 0x800154B4 (0x66666537) lui a0, 419430
x10 <- 0x66666000


mem[X,0x800154B8] -> 0x0513
mem[X,0x800154BA] -> 0x6665
[2139] [M]: 0x800154B8 (0x66650513) addi a0, a0, 1638
x10 <- 0x66666666


mem[X,0x800154BC] -> 0xB5B7
mem[X,0x800154BE] -> 0xAAAA
[2140] [M]: 0x800154BC (0xAAAAB5B7) lui a1, 699051
x11 <- 0xAAAAB000


mem[X,0x800154C0] -> 0x8593
mem[X,0x800154C2] -> 0xAAB5
[2141] [M]: 0x800154C0 (0xAAB58593) addi a1, a1, 2731
x11 <- 0xAAAAAAAB


mem[X,0x800154C4] -> 0x0213
mem[X,0x800154C6] -> 0x0000
[2142] [M]: 0x800154C4 (0x00000213) addi tp, zero, 0
x4 <- 0x00000000


mem[X,0x800154C8] -> 0x006F
mem[X,0x800154CA] -> 0x0050
[2143] [M]: 0x800154C8 (0x0050006F) jal zero, 2052


mem[X,0x80015CCC] -> 0x10E3
mem[X,0x80015CCE] -> 0x80B5
[2144] [M]: 0x80015CCC (0x80B510E3) bne a0, a1, 6144


mem[X,0x800154CC] -> 0x0213
mem[X,0x800154CE] -> 0x0012
[2145] [M]: 0x800154CC (0x00120213) addi tp, tp, 1
x4 <- 0x00000001


mem[X,0x800154D0] -> 0x006F
mem[X,0x800154D2] -> 0x0110
[2146] [M]: 0x800154D0 (0x0110006F) jal zero, 2064


mem[X,0x80015CE0] -> 0xAA23
mem[X,0x80015CE2] -> 0x3240
[2147] [M]: 0x80015CE0 (0x3240AA23) sw tp, 820(ra)
mem[0x8003A49C] <- 0x00000001


mem[X,0x80015CE4] -> 0x6537
mem[X,0x80015CE6] -> 0x6666
[2148] [M]: 0x80015CE4 (0x66666537) lui a0, 419430
x10 <- 0x66666000


mem[X,0x80015CE8] -> 0x0513
mem[X,0x80015CEA] -> 0x6665
[2149] [M]: 0x80015CE8 (0x66650513) addi a0, a0, 1638
x10 <- 0x66666666


mem[X,0x80015CEC] -> 0x0593
mem[X,0x80015CEE] -> 0x0060
[2150] [M]: 0x80015CEC (0x00600593) addi a1, zero, 6
x11 <- 0x00000006


mem[X,0x80015CF0] -> 0x0213
mem[X,0x80015CF2] -> 0x0000
[2151] [M]: 0x80015CF0 (0x00000213) addi tp, zero, 0
x4 <- 0x00000000


mem[X,0x80015CF4] -> 0x006F
mem[X,0x80015CF6] -> 0x00C0
[2152] [M]: 0x80015CF4 (0x00C0006F) jal zero, 12


mem[X,0x80015D00] -> 0x1663
mem[X,0x80015D02] -> 0x00B5
[2153] [M]: 0x80015D00 (0x00B51663) bne a0, a1, 12


mem[X,0x80015D0C] -> 0x0213
mem[X,0x80015D0E] -> 0x0032
[2154] [M]: 0x80015D0C (0x00320213) addi tp, tp, 3
x4 <- 0x00000003


mem[X,0x80015D10] -> 0x006F
mem[X,0x80015D12] -> 0x0040
[2155] [M]: 0x80015D10 (0x0040006F) jal zero, 4


mem[X,0x80015D14] -> 0xAC23
mem[X,0x80015D16] -> 0x3240
[2156] [M]: 0x80015D14 (0x3240AC23) sw tp, 824(ra)
mem[0x8003A4A0] <- 0x00000003


mem[X,0x80015D18] -> 0x6537
mem[X,0x80015D1A] -> 0x6666
[2157] [M]: 0x80015D18 (0x66666537) lui a0, 419430
x10 <- 0x66666000


mem[X,0x80015D1C] -> 0x0513
mem[X,0x80015D1E] -> 0x6665
[2158] [M]: 0x80015D1C (0x66650513) addi a0, a0, 1638
x10 <- 0x66666666


mem[X,0x80015D20] -> 0x35B7
mem[X,0x80015D22] -> 0x3333
[2159] [M]: 0x80015D20 (0x333335B7) lui a1, 209715
x11 <- 0x33333000


mem[X,0x80015D24] -> 0x8593
mem[X,0x80015D26] -> 0x3345
[2160] [M]: 0x80015D24 (0x33458593) addi a1, a1, 820
x11 <- 0x33333334


mem[X,0x80015D28] -> 0x0213
mem[X,0x80015D2A] -> 0x0000
[2161] [M]: 0x80015D28 (0x00000213) addi tp, zero, 0
x4 <- 0x00000000


mem[X,0x80015D2C] -> 0x006F
mem[X,0x80015D2E] -> 0x0140
[2162] [M]: 0x80015D2C (0x0140006F) jal zero, 20


mem[X,0x80015D40] -> 0x18E3
mem[X,0x80015D42] -> 0xFEB5
[2163] [M]: 0x80015D40 (0xFEB518E3) bne a0, a1, 8176


mem[X,0x80015D30] -> 0x0213
mem[X,0x80015D32] -> 0x0012
[2164] [M]: 0x80015D30 (0x00120213) addi tp, tp, 1
x4 <- 0x00000001


mem[X,0x80015D34] -> 0x006F
mem[X,0x80015D36] -> 0x0200
[2165] [M]: 0x80015D34 (0x0200006F) jal zero, 32


mem[X,0x80015D54] -> 0xAE23
mem[X,0x80015D56] -> 0x3240
[2166] [M]: 0x80015D54 (0x3240AE23) sw tp, 828(ra)
mem[0x8003A4A4] <- 0x00000001


mem[X,0x80015D58] -> 0x6537
mem[X,0x80015D5A] -> 0x6666
[2167] [M]: 0x80015D58 (0x66666537) lui a0, 419430
x10 <- 0x66666000


mem[X,0x80015D5C] -> 0x0513
mem[X,0x80015D5E] -> 0x6665
[2168] [M]: 0x80015D5C (0x66650513) addi a0, a0, 1638
x10 <- 0x66666666


mem[X,0x80015D60] -> 0x65B7
mem[X,0x80015D62] -> 0x6666
[2169] [M]: 0x80015D60 (0x666665B7) lui a1, 419430
x11 <- 0x66666000


mem[X,0x80015D64] -> 0x8593
mem[X,0x80015D66] -> 0x6675
[2170] [M]: 0x80015D64 (0x66758593) addi a1, a1, 1639
x11 <- 0x66666667


mem[X,0x80015D68] -> 0x0213
mem[X,0x80015D6A] -> 0x0000
[2171] [M]: 0x80015D68 (0x00000213) addi tp, zero, 0
x4 <- 0x00000000


mem[X,0x80015D6C] -> 0x006F
mem[X,0x80015D6E] -> 0x00C0
[2172] [M]: 0x80015D6C (0x00C0006F) jal zero, 12


mem[X,0x80015D78] -> 0x1063
mem[X,0x80015D7A] -> 0x40B5
[2173] [M]: 0x80015D78 (0x40B51063) bne a0, a1, 1024


mem[X,0x80016178] -> 0x0213
mem[X,0x8001617A] -> 0x0032
[2174] [M]: 0x80016178 (0x00320213) addi tp, tp, 3
x4 <- 0x00000003


mem[X,0x8001617C] -> 0x006F
mem[X,0x8001617E] -> 0x0040
[2175] [M]: 0x8001617C (0x0040006F) jal zero, 4


mem[X,0x80016180] -> 0xA023
mem[X,0x80016182] -> 0x3440
[2176] [M]: 0x80016180 (0x3440A023) sw tp, 832(ra)
mem[0x8003A4A8] <- 0x00000003


mem[X,0x80016184] -> 0x6537
mem[X,0x80016186] -> 0x6666
[2177] [M]: 0x80016184 (0x66666537) lui a0, 419430
x10 <- 0x66666000


mem[X,0x80016188] -> 0x0513
mem[X,0x8001618A] -> 0x6665
[2178] [M]: 0x80016188 (0x66650513) addi a0, a0, 1638
x10 <- 0x66666666


mem[X,0x8001618C] -> 0x55B7
mem[X,0x8001618E] -> 0xFFFF
[2179] [M]: 0x8001618C (0xFFFF55B7) lui a1, 1048565
x11 <- 0xFFFF5000


mem[X,0x80016190] -> 0x8593
mem[X,0x80016192] -> 0xAFD5
[2180] [M]: 0x80016190 (0xAFD58593) addi a1, a1, 2813
x11 <- 0xFFFF4AFD


mem[X,0x80016194] -> 0x0213
mem[X,0x80016196] -> 0x0000
[2181] [M]: 0x80016194 (0x00000213) addi tp, zero, 0
x4 <- 0x00000000


mem[X,0x80016198] -> 0x006F
mem[X,0x8001619A] -> 0x00C0
[2182] [M]: 0x80016198 (0x00C0006F) jal zero, 12


mem[X,0x800161A4] -> 0x1063
mem[X,0x800161A6] -> 0x04B5
[2183] [M]: 0x800161A4 (0x04B51063) bne a0, a1, 64


mem[X,0x800161E4] -> 0x0213
mem[X,0x800161E6] -> 0x0032
[2184] [M]: 0x800161E4 (0x00320213) addi tp, tp, 3
x4 <- 0x00000003


mem[X,0x800161E8] -> 0x006F
mem[X,0x800161EA] -> 0x0040
[2185] [M]: 0x800161E8 (0x0040006F) jal zero, 4


mem[X,0x800161EC] -> 0xA223
mem[X,0x800161EE] -> 0x3440
[2186] [M]: 0x800161EC (0x3440A223) sw tp, 836(ra)
mem[0x8003A4AC] <- 0x00000003


mem[X,0x800161F0] -> 0x6537
mem[X,0x800161F2] -> 0x6666
[2187] [M]: 0x800161F0 (0x66666537) lui a0, 419430
x10 <- 0x66666000


mem[X,0x800161F4] -> 0x0513
mem[X,0x800161F6] -> 0x6665
[2188] [M]: 0x800161F4 (0x66650513) addi a0, a0, 1638
x10 <- 0x66666666


mem[X,0x800161F8] -> 0xB5B7
mem[X,0x800161FA] -> 0x0000
[2189] [M]: 0x800161F8 (0x0000B5B7) lui a1, 11
x11 <- 0x0000B000


mem[X,0x800161FC] -> 0x8593
mem[X,0x800161FE] -> 0x5055
[2190] [M]: 0x800161FC (0x50558593) addi a1, a1, 1285
x11 <- 0x0000B505


mem[X,0x80016200] -> 0x0213
mem[X,0x80016202] -> 0x0000
[2191] [M]: 0x80016200 (0x00000213) addi tp, zero, 0
x4 <- 0x00000000


mem[X,0x80016204] -> 0x006F
mem[X,0x80016206] -> 0x00C0
[2192] [M]: 0x80016204 (0x00C0006F) jal zero, 12


mem[X,0x80016210] -> 0x1063
mem[X,0x80016212] -> 0x08B5
[2193] [M]: 0x80016210 (0x08B51063) bne a0, a1, 128


mem[X,0x80016290] -> 0x0213
mem[X,0x80016292] -> 0x0032
[2194] [M]: 0x80016290 (0x00320213) addi tp, tp, 3
x4 <- 0x00000003


mem[X,0x80016294] -> 0x006F
mem[X,0x80016296] -> 0x0040
[2195] [M]: 0x80016294 (0x0040006F) jal zero, 4


mem[X,0x80016298] -> 0xA423
mem[X,0x8001629A] -> 0x3440
[2196] [M]: 0x80016298 (0x3440A423) sw tp, 840(ra)
mem[0x8003A4B0] <- 0x00000003


mem[X,0x8001629C] -> 0x5537
mem[X,0x8001629E] -> 0xFFFF
[2197] [M]: 0x8001629C (0xFFFF5537) lui a0, 1048565
x10 <- 0xFFFF5000


mem[X,0x800162A0] -> 0x0513
mem[X,0x800162A2] -> 0xAFC5
[2198] [M]: 0x800162A0 (0xAFC50513) addi a0, a0, 2812
x10 <- 0xFFFF4AFC


mem[X,0x800162A4] -> 0x0593
mem[X,0x800162A6] -> 0x0030
[2199] [M]: 0x800162A4 (0x00300593) addi a1, zero, 3
x11 <- 0x00000003


clint::tick mtime <- 0x0000000000000016
 clint timer pending at mtime 0x0000000000000016
htif::tick 0x0000000000000000
mem[X,0x800162A8] -> 0x0213
mem[X,0x800162AA] -> 0x0000
[2200] [M]: 0x800162A8 (0x00000213) addi tp, zero, 0
x4 <- 0x00000000


mem[X,0x800162AC] -> 0x006F
mem[X,0x800162AE] -> 0x00C0
[2201] [M]: 0x800162AC (0x00C0006F) jal zero, 12


mem[X,0x800162B8] -> 0x1063
mem[X,0x800162BA] -> 0x40B5
[2202] [M]: 0x800162B8 (0x40B51063) bne a0, a1, 1024


mem[X,0x800166B8] -> 0x0213
mem[X,0x800166BA] -> 0x0032
[2203] [M]: 0x800166B8 (0x00320213) addi tp, tp, 3
x4 <- 0x00000003


mem[X,0x800166BC] -> 0x006F
mem[X,0x800166BE] -> 0x0040
[2204] [M]: 0x800166BC (0x0040006F) jal zero, 4


mem[X,0x800166C0] -> 0xA623
mem[X,0x800166C2] -> 0x3440
[2205] [M]: 0x800166C0 (0x3440A623) sw tp, 844(ra)
mem[0x8003A4B4] <- 0x00000003


mem[X,0x800166C4] -> 0x5537
mem[X,0x800166C6] -> 0xFFFF
[2206] [M]: 0x800166C4 (0xFFFF5537) lui a0, 1048565
x10 <- 0xFFFF5000


mem[X,0x800166C8] -> 0x0513
mem[X,0x800166CA] -> 0xAFC5
[2207] [M]: 0x800166C8 (0xAFC50513) addi a0, a0, 2812
x10 <- 0xFFFF4AFC


mem[X,0x800166CC] -> 0x55B7
mem[X,0x800166CE] -> 0x5555
[2208] [M]: 0x800166CC (0x555555B7) lui a1, 349525
x11 <- 0x55555000


mem[X,0x800166D0] -> 0x8593
mem[X,0x800166D2] -> 0x5555
[2209] [M]: 0x800166D0 (0x55558593) addi a1, a1, 1365
x11 <- 0x55555555


mem[X,0x800166D4] -> 0x0213
mem[X,0x800166D6] -> 0x0000
[2210] [M]: 0x800166D4 (0x00000213) addi tp, zero, 0
x4 <- 0x00000000


mem[X,0x800166D8] -> 0x006F
mem[X,0x800166DA] -> 0x00C0
[2211] [M]: 0x800166D8 (0x00C0006F) jal zero, 12


mem[X,0x800166E4] -> 0x1663
mem[X,0x800166E6] -> 0x00B5
[2212] [M]: 0x800166E4 (0x00B51663) bne a0, a1, 12


mem[X,0x800166F0] -> 0x0213
mem[X,0x800166F2] -> 0x0032
[2213] [M]: 0x800166F0 (0x00320213) addi tp, tp, 3
x4 <- 0x00000003


mem[X,0x800166F4] -> 0x006F
mem[X,0x800166F6] -> 0x0040
[2214] [M]: 0x800166F4 (0x0040006F) jal zero, 4


mem[X,0x800166F8] -> 0xA823
mem[X,0x800166FA] -> 0x3440
[2215] [M]: 0x800166F8 (0x3440A823) sw tp, 848(ra)
mem[0x8003A4B8] <- 0x00000003


mem[X,0x800166FC] -> 0x5537
mem[X,0x800166FE] -> 0xFFFF
[2216] [M]: 0x800166FC (0xFFFF5537) lui a0, 1048565
x10 <- 0xFFFF5000


mem[X,0x80016700] -> 0x0513
mem[X,0x80016702] -> 0xAFC5
[2217] [M]: 0x80016700 (0xAFC50513) addi a0, a0, 2812
x10 <- 0xFFFF4AFC


mem[X,0x80016704] -> 0xB5B7
mem[X,0x80016706] -> 0xAAAA
[2218] [M]: 0x80016704 (0xAAAAB5B7) lui a1, 699051
x11 <- 0xAAAAB000


mem[X,0x80016708] -> 0x8593
mem[X,0x8001670A] -> 0xAAA5
[2219] [M]: 0x80016708 (0xAAA58593) addi a1, a1, 2730
x11 <- 0xAAAAAAAA


mem[X,0x8001670C] -> 0x0213
mem[X,0x8001670E] -> 0x0000
[2220] [M]: 0x8001670C (0x00000213) addi tp, zero, 0
x4 <- 0x00000000


mem[X,0x80016710] -> 0x006F
mem[X,0x80016712] -> 0x00C0
[2221] [M]: 0x80016710 (0x00C0006F) jal zero, 12


mem[X,0x8001671C] -> 0x1063
mem[X,0x8001671E] -> 0x10B5
[2222] [M]: 0x8001671C (0x10B51063) bne a0, a1, 256


mem[X,0x8001681C] -> 0x0213
mem[X,0x8001681E] -> 0x0032
[2223] [M]: 0x8001681C (0x00320213) addi tp, tp, 3
x4 <- 0x00000003


mem[X,0x80016820] -> 0x006F
mem[X,0x80016822] -> 0x0040
[2224] [M]: 0x80016820 (0x0040006F) jal zero, 4


mem[X,0x80016824] -> 0xAA23
mem[X,0x80016826] -> 0x3440
[2225] [M]: 0x80016824 (0x3440AA23) sw tp, 852(ra)
mem[0x8003A4BC] <- 0x00000003


mem[X,0x80016828] -> 0x5537
mem[X,0x8001682A] -> 0xFFFF
[2226] [M]: 0x80016828 (0xFFFF5537) lui a0, 1048565
x10 <- 0xFFFF5000


mem[X,0x8001682C] -> 0x0513
mem[X,0x8001682E] -> 0xAFC5
[2227] [M]: 0x8001682C (0xAFC50513) addi a0, a0, 2812
x10 <- 0xFFFF4AFC


mem[X,0x80016830] -> 0x0593
mem[X,0x80016832] -> 0x0050
[2228] [M]: 0x80016830 (0x00500593) addi a1, zero, 5
x11 <- 0x00000005


mem[X,0x80016834] -> 0x0213
mem[X,0x80016836] -> 0x0000
[2229] [M]: 0x80016834 (0x00000213) addi tp, zero, 0
x4 <- 0x00000000


mem[X,0x80016838] -> 0x006F
mem[X,0x8001683A] -> 0x00C0
[2230] [M]: 0x80016838 (0x00C0006F) jal zero, 12


mem[X,0x80016844] -> 0x1663
mem[X,0x80016846] -> 0x00B5
[2231] [M]: 0x80016844 (0x00B51663) bne a0, a1, 12


mem[X,0x80016850] -> 0x0213
mem[X,0x80016852] -> 0x0032
[2232] [M]: 0x80016850 (0x00320213) addi tp, tp, 3
x4 <- 0x00000003


mem[X,0x80016854] -> 0x006F
mem[X,0x80016856] -> 0x0040
[2233] [M]: 0x80016854 (0x0040006F) jal zero, 4


mem[X,0x80016858] -> 0xAC23
mem[X,0x8001685A] -> 0x3440
[2234] [M]: 0x80016858 (0x3440AC23) sw tp, 856(ra)
mem[0x8003A4C0] <- 0x00000003


mem[X,0x8001685C] -> 0x5537
mem[X,0x8001685E] -> 0xFFFF
[2235] [M]: 0x8001685C (0xFFFF5537) lui a0, 1048565
x10 <- 0xFFFF5000


mem[X,0x80016860] -> 0x0513
mem[X,0x80016862] -> 0xAFC5
[2236] [M]: 0x80016860 (0xAFC50513) addi a0, a0, 2812
x10 <- 0xFFFF4AFC


mem[X,0x80016864] -> 0x35B7
mem[X,0x80016866] -> 0x3333
[2237] [M]: 0x80016864 (0x333335B7) lui a1, 209715
x11 <- 0x33333000


mem[X,0x80016868] -> 0x8593
mem[X,0x8001686A] -> 0x3335
[2238] [M]: 0x80016868 (0x33358593) addi a1, a1, 819
x11 <- 0x33333333


mem[X,0x8001686C] -> 0x0213
mem[X,0x8001686E] -> 0x0000
[2239] [M]: 0x8001686C (0x00000213) addi tp, zero, 0
x4 <- 0x00000000


mem[X,0x80016870] -> 0x006F
mem[X,0x80016872] -> 0x00C0
[2240] [M]: 0x80016870 (0x00C0006F) jal zero, 12


mem[X,0x8001687C] -> 0x1CE3
mem[X,0x8001687E] -> 0xFEB5
[2241] [M]: 0x8001687C (0xFEB51CE3) bne a0, a1, 8184


mem[X,0x80016874] -> 0x0213
mem[X,0x80016876] -> 0x0012
[2242] [M]: 0x80016874 (0x00120213) addi tp, tp, 1
x4 <- 0x00000001


mem[X,0x80016878] -> 0x006F
mem[X,0x8001687A] -> 0x0180
[2243] [M]: 0x80016878 (0x0180006F) jal zero, 24


mem[X,0x80016890] -> 0xAE23
mem[X,0x80016892] -> 0x3440
[2244] [M]: 0x80016890 (0x3440AE23) sw tp, 860(ra)
mem[0x8003A4C4] <- 0x00000001


mem[X,0x80016894] -> 0x5537
mem[X,0x80016896] -> 0xFFFF
[2245] [M]: 0x80016894 (0xFFFF5537) lui a0, 1048565
x10 <- 0xFFFF5000


mem[X,0x80016898] -> 0x0513
mem[X,0x8001689A] -> 0xAFC5
[2246] [M]: 0x80016898 (0xAFC50513) addi a0, a0, 2812
x10 <- 0xFFFF4AFC


mem[X,0x8001689C] -> 0x65B7
mem[X,0x8001689E] -> 0x6666
[2247] [M]: 0x8001689C (0x666665B7) lui a1, 419430
x11 <- 0x66666000


mem[X,0x800168A0] -> 0x8593
mem[X,0x800168A2] -> 0x6665
[2248] [M]: 0x800168A0 (0x66658593) addi a1, a1, 1638
x11 <- 0x66666666


mem[X,0x800168A4] -> 0x0213
mem[X,0x800168A6] -> 0x0000
[2249] [M]: 0x800168A4 (0x00000213) addi tp, zero, 0
x4 <- 0x00000000


mem[X,0x800168A8] -> 0x006F
mem[X,0x800168AA] -> 0x00C0
[2250] [M]: 0x800168A8 (0x00C0006F) jal zero, 12


mem[X,0x800168B4] -> 0x1063
mem[X,0x800168B6] -> 0x04B5
[2251] [M]: 0x800168B4 (0x04B51063) bne a0, a1, 64


mem[X,0x800168F4] -> 0x0213
mem[X,0x800168F6] -> 0x0032
[2252] [M]: 0x800168F4 (0x00320213) addi tp, tp, 3
x4 <- 0x00000003


mem[X,0x800168F8] -> 0x006F
mem[X,0x800168FA] -> 0x0040
[2253] [M]: 0x800168F8 (0x0040006F) jal zero, 4


mem[X,0x800168FC] -> 0xA023
mem[X,0x800168FE] -> 0x3640
[2254] [M]: 0x800168FC (0x3640A023) sw tp, 864(ra)
mem[0x8003A4C8] <- 0x00000003


mem[X,0x80016900] -> 0x5537
mem[X,0x80016902] -> 0xFFFF
[2255] [M]: 0x80016900 (0xFFFF5537) lui a0, 1048565
x10 <- 0xFFFF5000


mem[X,0x80016904] -> 0x0513
mem[X,0x80016906] -> 0xAFC5
[2256] [M]: 0x80016904 (0xAFC50513) addi a0, a0, 2812
x10 <- 0xFFFF4AFC


mem[X,0x80016908] -> 0xB5B7
mem[X,0x8001690A] -> 0x0000
[2257] [M]: 0x80016908 (0x0000B5B7) lui a1, 11
x11 <- 0x0000B000


mem[X,0x8001690C] -> 0x8593
mem[X,0x8001690E] -> 0x5045
[2258] [M]: 0x8001690C (0x50458593) addi a1, a1, 1284
x11 <- 0x0000B504


mem[X,0x80016910] -> 0x0213
mem[X,0x80016912] -> 0x0000
[2259] [M]: 0x80016910 (0x00000213) addi tp, zero, 0
x4 <- 0x00000000


mem[X,0x80016914] -> 0x006F
mem[X,0x80016916] -> 0x2B10
[2260] [M]: 0x80016914 (0x2B10006F) jal zero, 2736


mem[X,0x800173C4] -> 0x1A63
mem[X,0x800173C6] -> 0xD4B5
[2261] [M]: 0x800173C4 (0xD4B51A63) bne a0, a1, 5460


mem[X,0x80016918] -> 0x0213
mem[X,0x8001691A] -> 0x0012
[2262] [M]: 0x80016918 (0x00120213) addi tp, tp, 1
x4 <- 0x00000001


mem[X,0x8001691C] -> 0x006F
mem[X,0x8001691E] -> 0x2BD0
[2263] [M]: 0x8001691C (0x2BD0006F) jal zero, 2748


mem[X,0x800173D8] -> 0xA223
mem[X,0x800173DA] -> 0x3640
[2264] [M]: 0x800173D8 (0x3640A223) sw tp, 868(ra)
mem[0x8003A4CC] <- 0x00000001


mem[X,0x800173DC] -> 0x5537
mem[X,0x800173DE] -> 0xFFFF
[2265] [M]: 0x800173DC (0xFFFF5537) lui a0, 1048565
x10 <- 0xFFFF5000


mem[X,0x800173E0] -> 0x0513
mem[X,0x800173E2] -> 0xAFC5
[2266] [M]: 0x800173E0 (0xAFC50513) addi a0, a0, 2812
x10 <- 0xFFFF4AFC


mem[X,0x800173E4] -> 0x0593
mem[X,0x800173E6] -> 0x0020
[2267] [M]: 0x800173E4 (0x00200593) addi a1, zero, 2
x11 <- 0x00000002


mem[X,0x800173E8] -> 0x0213
mem[X,0x800173EA] -> 0x0000
[2268] [M]: 0x800173E8 (0x00000213) addi tp, zero, 0
x4 <- 0x00000000


mem[X,0x800173EC] -> 0x006F
mem[X,0x800173EE] -> 0x0100
[2269] [M]: 0x800173EC (0x0100006F) jal zero, 16


mem[X,0x800173FC] -> 0x1AE3
mem[X,0x800173FE] -> 0xFEB5
[2270] [M]: 0x800173FC (0xFEB51AE3) bne a0, a1, 8180


mem[X,0x800173F0] -> 0x0213
mem[X,0x800173F2] -> 0x0012
[2271] [M]: 0x800173F0 (0x00120213) addi tp, tp, 1
x4 <- 0x00000001


mem[X,0x800173F4] -> 0x006F
mem[X,0x800173F6] -> 0x01C0
[2272] [M]: 0x800173F4 (0x01C0006F) jal zero, 28


mem[X,0x80017410] -> 0xA423
mem[X,0x80017412] -> 0x3640
[2273] [M]: 0x80017410 (0x3640A423) sw tp, 872(ra)
mem[0x8003A4D0] <- 0x00000001


mem[X,0x80017414] -> 0x5537
mem[X,0x80017416] -> 0xFFFF
[2274] [M]: 0x80017414 (0xFFFF5537) lui a0, 1048565
x10 <- 0xFFFF5000


mem[X,0x80017418] -> 0x0513
mem[X,0x8001741A] -> 0xAFC5
[2275] [M]: 0x80017418 (0xAFC50513) addi a0, a0, 2812
x10 <- 0xFFFF4AFC


mem[X,0x8001741C] -> 0x55B7
mem[X,0x8001741E] -> 0x5555
[2276] [M]: 0x8001741C (0x555555B7) lui a1, 349525
x11 <- 0x55555000


mem[X,0x80017420] -> 0x8593
mem[X,0x80017422] -> 0x5545
[2277] [M]: 0x80017420 (0x55458593) addi a1, a1, 1364
x11 <- 0x55555554


mem[X,0x80017424] -> 0x0213
mem[X,0x80017426] -> 0x0000
[2278] [M]: 0x80017424 (0x00000213) addi tp, zero, 0
x4 <- 0x00000000


mem[X,0x80017428] -> 0x006F
mem[X,0x8001742A] -> 0x00C0
[2279] [M]: 0x80017428 (0x00C0006F) jal zero, 12


mem[X,0x80017434] -> 0x1063
mem[X,0x80017436] -> 0x02B5
[2280] [M]: 0x80017434 (0x02B51063) bne a0, a1, 32


mem[X,0x80017454] -> 0x0213
mem[X,0x80017456] -> 0x0032
[2281] [M]: 0x80017454 (0x00320213) addi tp, tp, 3
x4 <- 0x00000003


mem[X,0x80017458] -> 0x006F
mem[X,0x8001745A] -> 0x0040
[2282] [M]: 0x80017458 (0x0040006F) jal zero, 4


mem[X,0x8001745C] -> 0xA623
mem[X,0x8001745E] -> 0x3640
[2283] [M]: 0x8001745C (0x3640A623) sw tp, 876(ra)
mem[0x8003A4D4] <- 0x00000003


mem[X,0x80017460] -> 0x5537
mem[X,0x80017462] -> 0xFFFF
[2284] [M]: 0x80017460 (0xFFFF5537) lui a0, 1048565
x10 <- 0xFFFF5000


mem[X,0x80017464] -> 0x0513
mem[X,0x80017466] -> 0xAFC5
[2285] [M]: 0x80017464 (0xAFC50513) addi a0, a0, 2812
x10 <- 0xFFFF4AFC


mem[X,0x80017468] -> 0x0593
mem[X,0x8001746A] -> 0x0000
[2286] [M]: 0x80017468 (0x00000593) addi a1, zero, 0
x11 <- 0x00000000


mem[X,0x8001746C] -> 0x0213
mem[X,0x8001746E] -> 0x0000
[2287] [M]: 0x8001746C (0x00000213) addi tp, zero, 0
x4 <- 0x00000000


mem[X,0x80017470] -> 0x006F
mem[X,0x80017472] -> 0x00C0
[2288] [M]: 0x80017470 (0x00C0006F) jal zero, 12


mem[X,0x8001747C] -> 0x1063
mem[X,0x8001747E] -> 0x08B5
[2289] [M]: 0x8001747C (0x08B51063) bne a0, a1, 128


mem[X,0x800174FC] -> 0x0213
mem[X,0x800174FE] -> 0x0032
[2290] [M]: 0x800174FC (0x00320213) addi tp, tp, 3
x4 <- 0x00000003


mem[X,0x80017500] -> 0x006F
mem[X,0x80017502] -> 0x0040
[2291] [M]: 0x80017500 (0x0040006F) jal zero, 4


mem[X,0x80017504] -> 0xA823
mem[X,0x80017506] -> 0x3640
[2292] [M]: 0x80017504 (0x3640A823) sw tp, 880(ra)
mem[0x8003A4D8] <- 0x00000003


mem[X,0x80017508] -> 0x5537
mem[X,0x8001750A] -> 0xFFFF
[2293] [M]: 0x80017508 (0xFFFF5537) lui a0, 1048565
x10 <- 0xFFFF5000


mem[X,0x8001750C] -> 0x0513
mem[X,0x8001750E] -> 0xAFC5
[2294] [M]: 0x8001750C (0xAFC50513) addi a0, a0, 2812
x10 <- 0xFFFF4AFC


mem[X,0x80017510] -> 0x0593
mem[X,0x80017512] -> 0x0040
[2295] [M]: 0x80017510 (0x00400593) addi a1, zero, 4
x11 <- 0x00000004


mem[X,0x80017514] -> 0x0213
mem[X,0x80017516] -> 0x0000
[2296] [M]: 0x80017514 (0x00000213) addi tp, zero, 0
x4 <- 0x00000000


mem[X,0x80017518] -> 0x006F
mem[X,0x8001751A] -> 0x00C0
[2297] [M]: 0x80017518 (0x00C0006F) jal zero, 12


mem[X,0x80017524] -> 0x1663
mem[X,0x80017526] -> 0x00B5
[2298] [M]: 0x80017524 (0x00B51663) bne a0, a1, 12


mem[X,0x80017530] -> 0x0213
mem[X,0x80017532] -> 0x0032
[2299] [M]: 0x80017530 (0x00320213) addi tp, tp, 3
x4 <- 0x00000003


clint::tick mtime <- 0x0000000000000017
 clint timer pending at mtime 0x0000000000000017
htif::tick 0x0000000000000000
mem[X,0x80017534] -> 0x006F
mem[X,0x80017536] -> 0x0040
[2300] [M]: 0x80017534 (0x0040006F) jal zero, 4


mem[X,0x80017538] -> 0xAA23
mem[X,0x8001753A] -> 0x3640
[2301] [M]: 0x80017538 (0x3640AA23) sw tp, 884(ra)
mem[0x8003A4DC] <- 0x00000003


mem[X,0x8001753C] -> 0x5537
mem[X,0x8001753E] -> 0xFFFF
[2302] [M]: 0x8001753C (0xFFFF5537) lui a0, 1048565
x10 <- 0xFFFF5000


mem[X,0x80017540] -> 0x0513
mem[X,0x80017542] -> 0xAFC5
[2303] [M]: 0x80017540 (0xAFC50513) addi a0, a0, 2812
x10 <- 0xFFFF4AFC


mem[X,0x80017544] -> 0x35B7
mem[X,0x80017546] -> 0x3333
[2304] [M]: 0x80017544 (0x333335B7) lui a1, 209715
x11 <- 0x33333000


mem[X,0x80017548] -> 0x8593
mem[X,0x8001754A] -> 0x3325
[2305] [M]: 0x80017548 (0x33258593) addi a1, a1, 818
x11 <- 0x33333332


mem[X,0x8001754C] -> 0x0213
mem[X,0x8001754E] -> 0x0000
[2306] [M]: 0x8001754C (0x00000213) addi tp, zero, 0
x4 <- 0x00000000


mem[X,0x80017550] -> 0x006F
mem[X,0x80017552] -> 0x00C0
[2307] [M]: 0x80017550 (0x00C0006F) jal zero, 12


mem[X,0x8001755C] -> 0x1663
mem[X,0x8001755E] -> 0x00B5
[2308] [M]: 0x8001755C (0x00B51663) bne a0, a1, 12


mem[X,0x80017568] -> 0x0213
mem[X,0x8001756A] -> 0x0032
[2309] [M]: 0x80017568 (0x00320213) addi tp, tp, 3
x4 <- 0x00000003


mem[X,0x8001756C] -> 0x006F
mem[X,0x8001756E] -> 0x0040
[2310] [M]: 0x8001756C (0x0040006F) jal zero, 4


mem[X,0x80017570] -> 0xAC23
mem[X,0x80017572] -> 0x3640
[2311] [M]: 0x80017570 (0x3640AC23) sw tp, 888(ra)
mem[0x8003A4E0] <- 0x00000003


mem[X,0x80017574] -> 0x5537
mem[X,0x80017576] -> 0xFFFF
[2312] [M]: 0x80017574 (0xFFFF5537) lui a0, 1048565
x10 <- 0xFFFF5000


mem[X,0x80017578] -> 0x0513
mem[X,0x8001757A] -> 0xAFC5
[2313] [M]: 0x80017578 (0xAFC50513) addi a0, a0, 2812
x10 <- 0xFFFF4AFC


mem[X,0x8001757C] -> 0x65B7
mem[X,0x8001757E] -> 0x6666
[2314] [M]: 0x8001757C (0x666665B7) lui a1, 419430
x11 <- 0x66666000


mem[X,0x80017580] -> 0x8593
mem[X,0x80017582] -> 0x6655
[2315] [M]: 0x80017580 (0x66558593) addi a1, a1, 1637
x11 <- 0x66666665


mem[X,0x80017584] -> 0x0213
mem[X,0x80017586] -> 0x0000
[2316] [M]: 0x80017584 (0x00000213) addi tp, zero, 0
x4 <- 0x00000000


mem[X,0x80017588] -> 0x006F
mem[X,0x8001758A] -> 0x00C0
[2317] [M]: 0x80017588 (0x00C0006F) jal zero, 12


mem[X,0x80017594] -> 0x1CE3
mem[X,0x80017596] -> 0xFEB5
[2318] [M]: 0x80017594 (0xFEB51CE3) bne a0, a1, 8184


mem[X,0x8001758C] -> 0x0213
mem[X,0x8001758E] -> 0x0012
[2319] [M]: 0x8001758C (0x00120213) addi tp, tp, 1
x4 <- 0x00000001


mem[X,0x80017590] -> 0x006F
mem[X,0x80017592] -> 0x0180
[2320] [M]: 0x80017590 (0x0180006F) jal zero, 24


mem[X,0x800175A8] -> 0xAE23
mem[X,0x800175AA] -> 0x3640
[2321] [M]: 0x800175A8 (0x3640AE23) sw tp, 892(ra)
mem[0x8003A4E4] <- 0x00000001


mem[X,0x800175AC] -> 0x5537
mem[X,0x800175AE] -> 0xFFFF
[2322] [M]: 0x800175AC (0xFFFF5537) lui a0, 1048565
x10 <- 0xFFFF5000


mem[X,0x800175B0] -> 0x0513
mem[X,0x800175B2] -> 0xAFC5
[2323] [M]: 0x800175B0 (0xAFC50513) addi a0, a0, 2812
x10 <- 0xFFFF4AFC


mem[X,0x800175B4] -> 0xB5B7
mem[X,0x800175B6] -> 0x0000
[2324] [M]: 0x800175B4 (0x0000B5B7) lui a1, 11
x11 <- 0x0000B000


mem[X,0x800175B8] -> 0x8593
mem[X,0x800175BA] -> 0x5035
[2325] [M]: 0x800175B8 (0x50358593) addi a1, a1, 1283
x11 <- 0x0000B503


mem[X,0x800175BC] -> 0x0213
mem[X,0x800175BE] -> 0x0000
[2326] [M]: 0x800175BC (0x00000213) addi tp, zero, 0
x4 <- 0x00000000


mem[X,0x800175C0] -> 0x006F
mem[X,0x800175C2] -> 0x00C0
[2327] [M]: 0x800175C0 (0x00C0006F) jal zero, 12


mem[X,0x800175CC] -> 0x1063
mem[X,0x800175CE] -> 0x40B5
[2328] [M]: 0x800175CC (0x40B51063) bne a0, a1, 1024


mem[X,0x800179CC] -> 0x0213
mem[X,0x800179CE] -> 0x0032
[2329] [M]: 0x800179CC (0x00320213) addi tp, tp, 3
x4 <- 0x00000003


mem[X,0x800179D0] -> 0x006F
mem[X,0x800179D2] -> 0x0040
[2330] [M]: 0x800179D0 (0x0040006F) jal zero, 4


mem[X,0x800179D4] -> 0xA023
mem[X,0x800179D6] -> 0x3840
[2331] [M]: 0x800179D4 (0x3840A023) sw tp, 896(ra)
mem[0x8003A4E8] <- 0x00000003


mem[X,0x800179D8] -> 0x5537
mem[X,0x800179DA] -> 0xFFFF
[2332] [M]: 0x800179D8 (0xFFFF5537) lui a0, 1048565
x10 <- 0xFFFF5000


mem[X,0x800179DC] -> 0x0513
mem[X,0x800179DE] -> 0xAFC5
[2333] [M]: 0x800179DC (0xAFC50513) addi a0, a0, 2812
x10 <- 0xFFFF4AFC


mem[X,0x800179E0] -> 0x55B7
mem[X,0x800179E2] -> 0x5555
[2334] [M]: 0x800179E0 (0x555555B7) lui a1, 349525
x11 <- 0x55555000


mem[X,0x800179E4] -> 0x8593
mem[X,0x800179E6] -> 0x5565
[2335] [M]: 0x800179E4 (0x55658593) addi a1, a1, 1366
x11 <- 0x55555556


mem[X,0x800179E8] -> 0x0213
mem[X,0x800179EA] -> 0x0000
[2336] [M]: 0x800179E8 (0x00000213) addi tp, zero, 0
x4 <- 0x00000000


mem[X,0x800179EC] -> 0x006F
mem[X,0x800179EE] -> 0x00C0
[2337] [M]: 0x800179EC (0x00C0006F) jal zero, 12


mem[X,0x800179F8] -> 0x1663
mem[X,0x800179FA] -> 0x00B5
[2338] [M]: 0x800179F8 (0x00B51663) bne a0, a1, 12


mem[X,0x80017A04] -> 0x0213
mem[X,0x80017A06] -> 0x0032
[2339] [M]: 0x80017A04 (0x00320213) addi tp, tp, 3
x4 <- 0x00000003


mem[X,0x80017A08] -> 0x006F
mem[X,0x80017A0A] -> 0x0040
[2340] [M]: 0x80017A08 (0x0040006F) jal zero, 4


mem[X,0x80017A0C] -> 0xA223
mem[X,0x80017A0E] -> 0x3840
[2341] [M]: 0x80017A0C (0x3840A223) sw tp, 900(ra)
mem[0x8003A4EC] <- 0x00000003


mem[X,0x80017A10] -> 0x5537
mem[X,0x80017A12] -> 0xFFFF
[2342] [M]: 0x80017A10 (0xFFFF5537) lui a0, 1048565
x10 <- 0xFFFF5000


mem[X,0x80017A14] -> 0x0513
mem[X,0x80017A16] -> 0xAFC5
[2343] [M]: 0x80017A14 (0xAFC50513) addi a0, a0, 2812
x10 <- 0xFFFF4AFC


mem[X,0x80017A18] -> 0xB5B7
mem[X,0x80017A1A] -> 0xAAAA
[2344] [M]: 0x80017A18 (0xAAAAB5B7) lui a1, 699051
x11 <- 0xAAAAB000


mem[X,0x80017A1C] -> 0x8593
mem[X,0x80017A1E] -> 0xAAB5
[2345] [M]: 0x80017A1C (0xAAB58593) addi a1, a1, 2731
x11 <- 0xAAAAAAAB


mem[X,0x80017A20] -> 0x0213
mem[X,0x80017A22] -> 0x0000
[2346] [M]: 0x80017A20 (0x00000213) addi tp, zero, 0
x4 <- 0x00000000


mem[X,0x80017A24] -> 0x006F
mem[X,0x80017A26] -> 0x00C0
[2347] [M]: 0x80017A24 (0x00C0006F) jal zero, 12


mem[X,0x80017A30] -> 0x1063
mem[X,0x80017A32] -> 0x40B5
[2348] [M]: 0x80017A30 (0x40B51063) bne a0, a1, 1024


mem[X,0x80017E30] -> 0x0213
mem[X,0x80017E32] -> 0x0032
[2349] [M]: 0x80017E30 (0x00320213) addi tp, tp, 3
x4 <- 0x00000003


mem[X,0x80017E34] -> 0x006F
mem[X,0x80017E36] -> 0x0040
[2350] [M]: 0x80017E34 (0x0040006F) jal zero, 4


mem[X,0x80017E38] -> 0xA423
mem[X,0x80017E3A] -> 0x3840
[2351] [M]: 0x80017E38 (0x3840A423) sw tp, 904(ra)
mem[0x8003A4F0] <- 0x00000003


mem[X,0x80017E3C] -> 0x5537
mem[X,0x80017E3E] -> 0xFFFF
[2352] [M]: 0x80017E3C (0xFFFF5537) lui a0, 1048565
x10 <- 0xFFFF5000


mem[X,0x80017E40] -> 0x0513
mem[X,0x80017E42] -> 0xAFC5
[2353] [M]: 0x80017E40 (0xAFC50513) addi a0, a0, 2812
x10 <- 0xFFFF4AFC


mem[X,0x80017E44] -> 0x0593
mem[X,0x80017E46] -> 0x0060
[2354] [M]: 0x80017E44 (0x00600593) addi a1, zero, 6
x11 <- 0x00000006


mem[X,0x80017E48] -> 0x0213
mem[X,0x80017E4A] -> 0x0000
[2355] [M]: 0x80017E48 (0x00000213) addi tp, zero, 0
x4 <- 0x00000000


mem[X,0x80017E4C] -> 0x006F
mem[X,0x80017E4E] -> 0x00C0
[2356] [M]: 0x80017E4C (0x00C0006F) jal zero, 12


mem[X,0x80017E58] -> 0x1063
mem[X,0x80017E5A] -> 0x08B5
[2357] [M]: 0x80017E58 (0x08B51063) bne a0, a1, 128


mem[X,0x80017ED8] -> 0x0213
mem[X,0x80017EDA] -> 0x0032
[2358] [M]: 0x80017ED8 (0x00320213) addi tp, tp, 3
x4 <- 0x00000003


mem[X,0x80017EDC] -> 0x006F
mem[X,0x80017EDE] -> 0x0040
[2359] [M]: 0x80017EDC (0x0040006F) jal zero, 4


mem[X,0x80017EE0] -> 0xA623
mem[X,0x80017EE2] -> 0x3840
[2360] [M]: 0x80017EE0 (0x3840A623) sw tp, 908(ra)
mem[0x8003A4F4] <- 0x00000003


mem[X,0x80017EE4] -> 0x5537
mem[X,0x80017EE6] -> 0xFFFF
[2361] [M]: 0x80017EE4 (0xFFFF5537) lui a0, 1048565
x10 <- 0xFFFF5000


mem[X,0x80017EE8] -> 0x0513
mem[X,0x80017EEA] -> 0xAFC5
[2362] [M]: 0x80017EE8 (0xAFC50513) addi a0, a0, 2812
x10 <- 0xFFFF4AFC


mem[X,0x80017EEC] -> 0x35B7
mem[X,0x80017EEE] -> 0x3333
[2363] [M]: 0x80017EEC (0x333335B7) lui a1, 209715
x11 <- 0x33333000


mem[X,0x80017EF0] -> 0x8593
mem[X,0x80017EF2] -> 0x3345
[2364] [M]: 0x80017EF0 (0x33458593) addi a1, a1, 820
x11 <- 0x33333334


mem[X,0x80017EF4] -> 0x0213
mem[X,0x80017EF6] -> 0x0000
[2365] [M]: 0x80017EF4 (0x00000213) addi tp, zero, 0
x4 <- 0x00000000


mem[X,0x80017EF8] -> 0x006F
mem[X,0x80017EFA] -> 0x00C0
[2366] [M]: 0x80017EF8 (0x00C0006F) jal zero, 12


mem[X,0x80017F04] -> 0x1663
mem[X,0x80017F06] -> 0x00B5
[2367] [M]: 0x80017F04 (0x00B51663) bne a0, a1, 12


mem[X,0x80017F10] -> 0x0213
mem[X,0x80017F12] -> 0x0032
[2368] [M]: 0x80017F10 (0x00320213) addi tp, tp, 3
x4 <- 0x00000003


mem[X,0x80017F14] -> 0x006F
mem[X,0x80017F16] -> 0x0040
[2369] [M]: 0x80017F14 (0x0040006F) jal zero, 4


mem[X,0x80017F18] -> 0xA823
mem[X,0x80017F1A] -> 0x3840
[2370] [M]: 0x80017F18 (0x3840A823) sw tp, 912(ra)
mem[0x8003A4F8] <- 0x00000003


mem[X,0x80017F1C] -> 0x5537
mem[X,0x80017F1E] -> 0xFFFF
[2371] [M]: 0x80017F1C (0xFFFF5537) lui a0, 1048565
x10 <- 0xFFFF5000


mem[X,0x80017F20] -> 0x0513
mem[X,0x80017F22] -> 0xAFC5
[2372] [M]: 0x80017F20 (0xAFC50513) addi a0, a0, 2812
x10 <- 0xFFFF4AFC


mem[X,0x80017F24] -> 0x65B7
mem[X,0x80017F26] -> 0x6666
[2373] [M]: 0x80017F24 (0x666665B7) lui a1, 419430
x11 <- 0x66666000


mem[X,0x80017F28] -> 0x8593
mem[X,0x80017F2A] -> 0x6675
[2374] [M]: 0x80017F28 (0x66758593) addi a1, a1, 1639
x11 <- 0x66666667


mem[X,0x80017F2C] -> 0x0213
mem[X,0x80017F2E] -> 0x0000
[2375] [M]: 0x80017F2C (0x00000213) addi tp, zero, 0
x4 <- 0x00000000


mem[X,0x80017F30] -> 0x006F
mem[X,0x80017F32] -> 0x00C0
[2376] [M]: 0x80017F30 (0x00C0006F) jal zero, 12


mem[X,0x80017F3C] -> 0x1063
mem[X,0x80017F3E] -> 0x02B5
[2377] [M]: 0x80017F3C (0x02B51063) bne a0, a1, 32


mem[X,0x80017F5C] -> 0x0213
mem[X,0x80017F5E] -> 0x0032
[2378] [M]: 0x80017F5C (0x00320213) addi tp, tp, 3
x4 <- 0x00000003


mem[X,0x80017F60] -> 0x006F
mem[X,0x80017F62] -> 0x0040
[2379] [M]: 0x80017F60 (0x0040006F) jal zero, 4


mem[X,0x80017F64] -> 0xAA23
mem[X,0x80017F66] -> 0x3840
[2380] [M]: 0x80017F64 (0x3840AA23) sw tp, 916(ra)
mem[0x8003A4FC] <- 0x00000003


mem[X,0x80017F68] -> 0x5537
mem[X,0x80017F6A] -> 0xFFFF
[2381] [M]: 0x80017F68 (0xFFFF5537) lui a0, 1048565
x10 <- 0xFFFF5000


mem[X,0x80017F6C] -> 0x0513
mem[X,0x80017F6E] -> 0xAFC5
[2382] [M]: 0x80017F6C (0xAFC50513) addi a0, a0, 2812
x10 <- 0xFFFF4AFC


mem[X,0x80017F70] -> 0x55B7
mem[X,0x80017F72] -> 0xFFFF
[2383] [M]: 0x80017F70 (0xFFFF55B7) lui a1, 1048565
x11 <- 0xFFFF5000


mem[X,0x80017F74] -> 0x8593
mem[X,0x80017F76] -> 0xAFD5
[2384] [M]: 0x80017F74 (0xAFD58593) addi a1, a1, 2813
x11 <- 0xFFFF4AFD


mem[X,0x80017F78] -> 0x0213
mem[X,0x80017F7A] -> 0x0000
[2385] [M]: 0x80017F78 (0x00000213) addi tp, zero, 0
x4 <- 0x00000000


mem[X,0x80017F7C] -> 0x006F
mem[X,0x80017F7E] -> 0x0100
[2386] [M]: 0x80017F7C (0x0100006F) jal zero, 16


mem[X,0x80017F8C] -> 0x1AE3
mem[X,0x80017F8E] -> 0xFEB5
[2387] [M]: 0x80017F8C (0xFEB51AE3) bne a0, a1, 8180


mem[X,0x80017F80] -> 0x0213
mem[X,0x80017F82] -> 0x0012
[2388] [M]: 0x80017F80 (0x00120213) addi tp, tp, 1
x4 <- 0x00000001


mem[X,0x80017F84] -> 0x006F
mem[X,0x80017F86] -> 0x01C0
[2389] [M]: 0x80017F84 (0x01C0006F) jal zero, 28


mem[X,0x80017FA0] -> 0xAC23
mem[X,0x80017FA2] -> 0x3840
[2390] [M]: 0x80017FA0 (0x3840AC23) sw tp, 920(ra)
mem[0x8003A500] <- 0x00000001


mem[X,0x80017FA4] -> 0x5537
mem[X,0x80017FA6] -> 0xFFFF
[2391] [M]: 0x80017FA4 (0xFFFF5537) lui a0, 1048565
x10 <- 0xFFFF5000


mem[X,0x80017FA8] -> 0x0513
mem[X,0x80017FAA] -> 0xAFC5
[2392] [M]: 0x80017FA8 (0xAFC50513) addi a0, a0, 2812
x10 <- 0xFFFF4AFC


mem[X,0x80017FAC] -> 0xB5B7
mem[X,0x80017FAE] -> 0x0000
[2393] [M]: 0x80017FAC (0x0000B5B7) lui a1, 11
x11 <- 0x0000B000


mem[X,0x80017FB0] -> 0x8593
mem[X,0x80017FB2] -> 0x5055
[2394] [M]: 0x80017FB0 (0x50558593) addi a1, a1, 1285
x11 <- 0x0000B505


mem[X,0x80017FB4] -> 0x0213
mem[X,0x80017FB6] -> 0x0000
[2395] [M]: 0x80017FB4 (0x00000213) addi tp, zero, 0
x4 <- 0x00000000


mem[X,0x80017FB8] -> 0x006F
mem[X,0x80017FBA] -> 0x00C0
[2396] [M]: 0x80017FB8 (0x00C0006F) jal zero, 12


mem[X,0x80017FC4] -> 0x1063
mem[X,0x80017FC6] -> 0x02B5
[2397] [M]: 0x80017FC4 (0x02B51063) bne a0, a1, 32


mem[X,0x80017FE4] -> 0x0213
mem[X,0x80017FE6] -> 0x0032
[2398] [M]: 0x80017FE4 (0x00320213) addi tp, tp, 3
x4 <- 0x00000003


mem[X,0x80017FE8] -> 0x006F
mem[X,0x80017FEA] -> 0x0040
[2399] [M]: 0x80017FE8 (0x0040006F) jal zero, 4


clint::tick mtime <- 0x0000000000000018
 clint timer pending at mtime 0x0000000000000018
htif::tick 0x0000000000000000
mem[X,0x80017FEC] -> 0xAE23
mem[X,0x80017FEE] -> 0x3840
[2400] [M]: 0x80017FEC (0x3840AE23) sw tp, 924(ra)
mem[0x8003A504] <- 0x00000003


mem[X,0x80017FF0] -> 0xB537
mem[X,0x80017FF2] -> 0x0000
[2401] [M]: 0x80017FF0 (0x0000B537) lui a0, 11
x10 <- 0x0000B000


mem[X,0x80017FF4] -> 0x0513
mem[X,0x80017FF6] -> 0x5045
[2402] [M]: 0x80017FF4 (0x50450513) addi a0, a0, 1284
x10 <- 0x0000B504


mem[X,0x80017FF8] -> 0x0593
mem[X,0x80017FFA] -> 0x0030
[2403] [M]: 0x80017FF8 (0x00300593) addi a1, zero, 3
x11 <- 0x00000003


mem[X,0x80017FFC] -> 0x0213
mem[X,0x80017FFE] -> 0x0000
[2404] [M]: 0x80017FFC (0x00000213) addi tp, zero, 0
x4 <- 0x00000000


mem[X,0x80018000] -> 0x006F
mem[X,0x80018002] -> 0x00C0
[2405] [M]: 0x80018000 (0x00C0006F) jal zero, 12


mem[X,0x8001800C] -> 0x1063
mem[X,0x8001800E] -> 0x40B5
[2406] [M]: 0x8001800C (0x40B51063) bne a0, a1, 1024


mem[X,0x8001840C] -> 0x0213
mem[X,0x8001840E] -> 0x0032
[2407] [M]: 0x8001840C (0x00320213) addi tp, tp, 3
x4 <- 0x00000003


mem[X,0x80018410] -> 0x006F
mem[X,0x80018412] -> 0x0040
[2408] [M]: 0x80018410 (0x0040006F) jal zero, 4


mem[X,0x80018414] -> 0xA023
mem[X,0x80018416] -> 0x3A40
[2409] [M]: 0x80018414 (0x3A40A023) sw tp, 928(ra)
mem[0x8003A508] <- 0x00000003


mem[X,0x80018418] -> 0xB537
mem[X,0x8001841A] -> 0x0000
[2410] [M]: 0x80018418 (0x0000B537) lui a0, 11
x10 <- 0x0000B000


mem[X,0x8001841C] -> 0x0513
mem[X,0x8001841E] -> 0x5045
[2411] [M]: 0x8001841C (0x50450513) addi a0, a0, 1284
x10 <- 0x0000B504


mem[X,0x80018420] -> 0x55B7
mem[X,0x80018422] -> 0x5555
[2412] [M]: 0x80018420 (0x555555B7) lui a1, 349525
x11 <- 0x55555000


mem[X,0x80018424] -> 0x8593
mem[X,0x80018426] -> 0x5555
[2413] [M]: 0x80018424 (0x55558593) addi a1, a1, 1365
x11 <- 0x55555555


mem[X,0x80018428] -> 0x0213
mem[X,0x8001842A] -> 0x0000
[2414] [M]: 0x80018428 (0x00000213) addi tp, zero, 0
x4 <- 0x00000000


mem[X,0x8001842C] -> 0x006F
mem[X,0x8001842E] -> 0x00C0
[2415] [M]: 0x8001842C (0x00C0006F) jal zero, 12


mem[X,0x80018438] -> 0x1063
mem[X,0x8001843A] -> 0x04B5
[2416] [M]: 0x80018438 (0x04B51063) bne a0, a1, 64


mem[X,0x80018478] -> 0x0213
mem[X,0x8001847A] -> 0x0032
[2417] [M]: 0x80018478 (0x00320213) addi tp, tp, 3
x4 <- 0x00000003


mem[X,0x8001847C] -> 0x006F
mem[X,0x8001847E] -> 0x0040
[2418] [M]: 0x8001847C (0x0040006F) jal zero, 4


mem[X,0x80018480] -> 0xA223
mem[X,0x80018482] -> 0x3A40
[2419] [M]: 0x80018480 (0x3A40A223) sw tp, 932(ra)
mem[0x8003A50C] <- 0x00000003


mem[X,0x80018484] -> 0xB537
mem[X,0x80018486] -> 0x0000
[2420] [M]: 0x80018484 (0x0000B537) lui a0, 11
x10 <- 0x0000B000


mem[X,0x80018488] -> 0x0513
mem[X,0x8001848A] -> 0x5045
[2421] [M]: 0x80018488 (0x50450513) addi a0, a0, 1284
x10 <- 0x0000B504


mem[X,0x8001848C] -> 0xB5B7
mem[X,0x8001848E] -> 0xAAAA
[2422] [M]: 0x8001848C (0xAAAAB5B7) lui a1, 699051
x11 <- 0xAAAAB000


mem[X,0x80018490] -> 0x8593
mem[X,0x80018492] -> 0xAAA5
[2423] [M]: 0x80018490 (0xAAA58593) addi a1, a1, 2730
x11 <- 0xAAAAAAAA


mem[X,0x80018494] -> 0x0213
mem[X,0x80018496] -> 0x0000
[2424] [M]: 0x80018494 (0x00000213) addi tp, zero, 0
x4 <- 0x00000000


mem[X,0x80018498] -> 0x006F
mem[X,0x8001849A] -> 0x00C0
[2425] [M]: 0x80018498 (0x00C0006F) jal zero, 12


mem[X,0x800184A4] -> 0x1CE3
mem[X,0x800184A6] -> 0xFEB5
[2426] [M]: 0x800184A4 (0xFEB51CE3) bne a0, a1, 8184


mem[X,0x8001849C] -> 0x0213
mem[X,0x8001849E] -> 0x0012
[2427] [M]: 0x8001849C (0x00120213) addi tp, tp, 1
x4 <- 0x00000001


mem[X,0x800184A0] -> 0x006F
mem[X,0x800184A2] -> 0x0180
[2428] [M]: 0x800184A0 (0x0180006F) jal zero, 24


mem[X,0x800184B8] -> 0xA423
mem[X,0x800184BA] -> 0x3A40
[2429] [M]: 0x800184B8 (0x3A40A423) sw tp, 936(ra)
mem[0x8003A510] <- 0x00000001


mem[X,0x800184BC] -> 0xB537
mem[X,0x800184BE] -> 0x0000
[2430] [M]: 0x800184BC (0x0000B537) lui a0, 11
x10 <- 0x0000B000


mem[X,0x800184C0] -> 0x0513
mem[X,0x800184C2] -> 0x5045
[2431] [M]: 0x800184C0 (0x50450513) addi a0, a0, 1284
x10 <- 0x0000B504


mem[X,0x800184C4] -> 0x0593
mem[X,0x800184C6] -> 0x0050
[2432] [M]: 0x800184C4 (0x00500593) addi a1, zero, 5
x11 <- 0x00000005


mem[X,0x800184C8] -> 0x0213
mem[X,0x800184CA] -> 0x0000
[2433] [M]: 0x800184C8 (0x00000213) addi tp, zero, 0
x4 <- 0x00000000


mem[X,0x800184CC] -> 0x006F
mem[X,0x800184CE] -> 0x0050
[2434] [M]: 0x800184CC (0x0050006F) jal zero, 2052


mem[X,0x80018CD0] -> 0x10E3
mem[X,0x80018CD2] -> 0x80B5
[2435] [M]: 0x80018CD0 (0x80B510E3) bne a0, a1, 6144


mem[X,0x800184D0] -> 0x0213
mem[X,0x800184D2] -> 0x0012
[2436] [M]: 0x800184D0 (0x00120213) addi tp, tp, 1
x4 <- 0x00000001


mem[X,0x800184D4] -> 0x006F
mem[X,0x800184D6] -> 0x0110
[2437] [M]: 0x800184D4 (0x0110006F) jal zero, 2064


mem[X,0x80018CE4] -> 0xA623
mem[X,0x80018CE6] -> 0x3A40
[2438] [M]: 0x80018CE4 (0x3A40A623) sw tp, 940(ra)
mem[0x8003A514] <- 0x00000001


mem[X,0x80018CE8] -> 0xB537
mem[X,0x80018CEA] -> 0x0000
[2439] [M]: 0x80018CE8 (0x0000B537) lui a0, 11
x10 <- 0x0000B000


mem[X,0x80018CEC] -> 0x0513
mem[X,0x80018CEE] -> 0x5045
[2440] [M]: 0x80018CEC (0x50450513) addi a0, a0, 1284
x10 <- 0x0000B504


mem[X,0x80018CF0] -> 0x35B7
mem[X,0x80018CF2] -> 0x3333
[2441] [M]: 0x80018CF0 (0x333335B7) lui a1, 209715
x11 <- 0x33333000


mem[X,0x80018CF4] -> 0x8593
mem[X,0x80018CF6] -> 0x3335
[2442] [M]: 0x80018CF4 (0x33358593) addi a1, a1, 819
x11 <- 0x33333333


mem[X,0x80018CF8] -> 0x0213
mem[X,0x80018CFA] -> 0x0000
[2443] [M]: 0x80018CF8 (0x00000213) addi tp, zero, 0
x4 <- 0x00000000


mem[X,0x80018CFC] -> 0x006F
mem[X,0x80018CFE] -> 0x0050
[2444] [M]: 0x80018CFC (0x0050006F) jal zero, 2052


mem[X,0x80019500] -> 0x10E3
mem[X,0x80019502] -> 0x80B5
[2445] [M]: 0x80019500 (0x80B510E3) bne a0, a1, 6144


mem[X,0x80018D00] -> 0x0213
mem[X,0x80018D02] -> 0x0012
[2446] [M]: 0x80018D00 (0x00120213) addi tp, tp, 1
x4 <- 0x00000001


mem[X,0x80018D04] -> 0x006F
mem[X,0x80018D06] -> 0x0110
[2447] [M]: 0x80018D04 (0x0110006F) jal zero, 2064


mem[X,0x80019514] -> 0xA823
mem[X,0x80019516] -> 0x3A40
[2448] [M]: 0x80019514 (0x3A40A823) sw tp, 944(ra)
mem[0x8003A518] <- 0x00000001


mem[X,0x80019518] -> 0xB537
mem[X,0x8001951A] -> 0x0000
[2449] [M]: 0x80019518 (0x0000B537) lui a0, 11
x10 <- 0x0000B000


mem[X,0x8001951C] -> 0x0513
mem[X,0x8001951E] -> 0x5045
[2450] [M]: 0x8001951C (0x50450513) addi a0, a0, 1284
x10 <- 0x0000B504


mem[X,0x80019520] -> 0x65B7
mem[X,0x80019522] -> 0x6666
[2451] [M]: 0x80019520 (0x666665B7) lui a1, 419430
x11 <- 0x66666000


mem[X,0x80019524] -> 0x8593
mem[X,0x80019526] -> 0x6665
[2452] [M]: 0x80019524 (0x66658593) addi a1, a1, 1638
x11 <- 0x66666666


mem[X,0x80019528] -> 0x0213
mem[X,0x8001952A] -> 0x0000
[2453] [M]: 0x80019528 (0x00000213) addi tp, zero, 0
x4 <- 0x00000000


mem[X,0x8001952C] -> 0x006F
mem[X,0x8001952E] -> 0x00C0
[2454] [M]: 0x8001952C (0x00C0006F) jal zero, 12


mem[X,0x80019538] -> 0x1863
mem[X,0x8001953A] -> 0x00B5
[2455] [M]: 0x80019538 (0x00B51863) bne a0, a1, 16


mem[X,0x80019548] -> 0x0213
mem[X,0x8001954A] -> 0x0032
[2456] [M]: 0x80019548 (0x00320213) addi tp, tp, 3
x4 <- 0x00000003


mem[X,0x8001954C] -> 0x006F
mem[X,0x8001954E] -> 0x0040
[2457] [M]: 0x8001954C (0x0040006F) jal zero, 4


mem[X,0x80019550] -> 0xAA23
mem[X,0x80019552] -> 0x3A40
[2458] [M]: 0x80019550 (0x3A40AA23) sw tp, 948(ra)
mem[0x8003A51C] <- 0x00000003


mem[X,0x80019554] -> 0xB537
mem[X,0x80019556] -> 0x0000
[2459] [M]: 0x80019554 (0x0000B537) lui a0, 11
x10 <- 0x0000B000


mem[X,0x80019558] -> 0x0513
mem[X,0x8001955A] -> 0x5045
[2460] [M]: 0x80019558 (0x50450513) addi a0, a0, 1284
x10 <- 0x0000B504


mem[X,0x8001955C] -> 0x55B7
mem[X,0x8001955E] -> 0xFFFF
[2461] [M]: 0x8001955C (0xFFFF55B7) lui a1, 1048565
x11 <- 0xFFFF5000


mem[X,0x80019560] -> 0x8593
mem[X,0x80019562] -> 0xAFC5
[2462] [M]: 0x80019560 (0xAFC58593) addi a1, a1, 2812
x11 <- 0xFFFF4AFC


mem[X,0x80019564] -> 0x0213
mem[X,0x80019566] -> 0x0000
[2463] [M]: 0x80019564 (0x00000213) addi tp, zero, 0
x4 <- 0x00000000


mem[X,0x80019568] -> 0x006F
mem[X,0x8001956A] -> 0x0050
[2464] [M]: 0x80019568 (0x0050006F) jal zero, 2052


mem[X,0x80019D6C] -> 0x10E3
mem[X,0x80019D6E] -> 0x80B5
[2465] [M]: 0x80019D6C (0x80B510E3) bne a0, a1, 6144


mem[X,0x8001956C] -> 0x0213
mem[X,0x8001956E] -> 0x0012
[2466] [M]: 0x8001956C (0x00120213) addi tp, tp, 1
x4 <- 0x00000001


mem[X,0x80019570] -> 0x006F
mem[X,0x80019572] -> 0x0110
[2467] [M]: 0x80019570 (0x0110006F) jal zero, 2064


mem[X,0x80019D80] -> 0xAC23
mem[X,0x80019D82] -> 0x3A40
[2468] [M]: 0x80019D80 (0x3A40AC23) sw tp, 952(ra)
mem[0x8003A520] <- 0x00000001


mem[X,0x80019D84] -> 0xB537
mem[X,0x80019D86] -> 0x0000
[2469] [M]: 0x80019D84 (0x0000B537) lui a0, 11
x10 <- 0x0000B000


mem[X,0x80019D88] -> 0x0513
mem[X,0x80019D8A] -> 0x5045
[2470] [M]: 0x80019D88 (0x50450513) addi a0, a0, 1284
x10 <- 0x0000B504


mem[X,0x80019D8C] -> 0xB5B7
mem[X,0x80019D8E] -> 0x0000
[2471] [M]: 0x80019D8C (0x0000B5B7) lui a1, 11
x11 <- 0x0000B000


mem[X,0x80019D90] -> 0x8593
mem[X,0x80019D92] -> 0x5045
[2472] [M]: 0x80019D90 (0x50458593) addi a1, a1, 1284
x11 <- 0x0000B504


mem[X,0x80019D94] -> 0x0213
mem[X,0x80019D96] -> 0x0000
[2473] [M]: 0x80019D94 (0x00000213) addi tp, zero, 0
x4 <- 0x00000000


mem[X,0x80019D98] -> 0x006F
mem[X,0x80019D9A] -> 0x0180
[2474] [M]: 0x80019D98 (0x0180006F) jal zero, 24


mem[X,0x80019DB0] -> 0x16E3
mem[X,0x80019DB2] -> 0xFEB5
[2475] [M]: 0x80019DB0 (0xFEB516E3) bne a0, a1, 8172


mem[X,0x80019DB4] -> 0x0213
mem[X,0x80019DB6] -> 0x0022
[2476] [M]: 0x80019DB4 (0x00220213) addi tp, tp, 2
x4 <- 0x00000002


mem[X,0x80019DB8] -> 0x006F
mem[X,0x80019DBA] -> 0x00C0
[2477] [M]: 0x80019DB8 (0x00C0006F) jal zero, 12


mem[X,0x80019DC4] -> 0xAE23
mem[X,0x80019DC6] -> 0x3A40
[2478] [M]: 0x80019DC4 (0x3A40AE23) sw tp, 956(ra)
mem[0x8003A524] <- 0x00000002


mem[X,0x80019DC8] -> 0xB537
mem[X,0x80019DCA] -> 0x0000
[2479] [M]: 0x80019DC8 (0x0000B537) lui a0, 11
x10 <- 0x0000B000


mem[X,0x80019DCC] -> 0x0513
mem[X,0x80019DCE] -> 0x5045
[2480] [M]: 0x80019DCC (0x50450513) addi a0, a0, 1284
x10 <- 0x0000B504


mem[X,0x80019DD0] -> 0x0593
mem[X,0x80019DD2] -> 0x0020
[2481] [M]: 0x80019DD0 (0x00200593) addi a1, zero, 2
x11 <- 0x00000002


mem[X,0x80019DD4] -> 0x0213
mem[X,0x80019DD6] -> 0x0000
[2482] [M]: 0x80019DD4 (0x00000213) addi tp, zero, 0
x4 <- 0x00000000


mem[X,0x80019DD8] -> 0x006F
mem[X,0x80019DDA] -> 0x00C0
[2483] [M]: 0x80019DD8 (0x00C0006F) jal zero, 12


mem[X,0x80019DE4] -> 0x1063
mem[X,0x80019DE6] -> 0x40B5
[2484] [M]: 0x80019DE4 (0x40B51063) bne a0, a1, 1024


mem[X,0x8001A1E4] -> 0x0213
mem[X,0x8001A1E6] -> 0x0032
[2485] [M]: 0x8001A1E4 (0x00320213) addi tp, tp, 3
x4 <- 0x00000003


mem[X,0x8001A1E8] -> 0x006F
mem[X,0x8001A1EA] -> 0x0040
[2486] [M]: 0x8001A1E8 (0x0040006F) jal zero, 4


mem[X,0x8001A1EC] -> 0xA023
mem[X,0x8001A1EE] -> 0x3C40
[2487] [M]: 0x8001A1EC (0x3C40A023) sw tp, 960(ra)
mem[0x8003A528] <- 0x00000003


mem[X,0x8001A1F0] -> 0xB537
mem[X,0x8001A1F2] -> 0x0000
[2488] [M]: 0x8001A1F0 (0x0000B537) lui a0, 11
x10 <- 0x0000B000


mem[X,0x8001A1F4] -> 0x0513
mem[X,0x8001A1F6] -> 0x5045
[2489] [M]: 0x8001A1F4 (0x50450513) addi a0, a0, 1284
x10 <- 0x0000B504


mem[X,0x8001A1F8] -> 0x55B7
mem[X,0x8001A1FA] -> 0x5555
[2490] [M]: 0x8001A1F8 (0x555555B7) lui a1, 349525
x11 <- 0x55555000


mem[X,0x8001A1FC] -> 0x8593
mem[X,0x8001A1FE] -> 0x5545
[2491] [M]: 0x8001A1FC (0x55458593) addi a1, a1, 1364
x11 <- 0x55555554


mem[X,0x8001A200] -> 0x0213
mem[X,0x8001A202] -> 0x0000
[2492] [M]: 0x8001A200 (0x00000213) addi tp, zero, 0
x4 <- 0x00000000


mem[X,0x8001A204] -> 0x006F
mem[X,0x8001A206] -> 0x00C0
[2493] [M]: 0x8001A204 (0x00C0006F) jal zero, 12


mem[X,0x8001A210] -> 0x1063
mem[X,0x8001A212] -> 0x04B5
[2494] [M]: 0x8001A210 (0x04B51063) bne a0, a1, 64


mem[X,0x8001A250] -> 0x0213
mem[X,0x8001A252] -> 0x0032
[2495] [M]: 0x8001A250 (0x00320213) addi tp, tp, 3
x4 <- 0x00000003


mem[X,0x8001A254] -> 0x006F
mem[X,0x8001A256] -> 0x0040
[2496] [M]: 0x8001A254 (0x0040006F) jal zero, 4


mem[X,0x8001A258] -> 0xA223
mem[X,0x8001A25A] -> 0x3C40
[2497] [M]: 0x8001A258 (0x3C40A223) sw tp, 964(ra)
mem[0x8003A52C] <- 0x00000003


mem[X,0x8001A25C] -> 0xB537
mem[X,0x8001A25E] -> 0x0000
[2498] [M]: 0x8001A25C (0x0000B537) lui a0, 11
x10 <- 0x0000B000


mem[X,0x8001A260] -> 0x0513
mem[X,0x8001A262] -> 0x5045
[2499] [M]: 0x8001A260 (0x50450513) addi a0, a0, 1284
x10 <- 0x0000B504


clint::tick mtime <- 0x0000000000000019
 clint timer pending at mtime 0x0000000000000019
htif::tick 0x0000000000000000
mem[X,0x8001A264] -> 0x0593
mem[X,0x8001A266] -> 0x0000
[2500] [M]: 0x8001A264 (0x00000593) addi a1, zero, 0
x11 <- 0x00000000


mem[X,0x8001A268] -> 0x0213
mem[X,0x8001A26A] -> 0x0000
[2501] [M]: 0x8001A268 (0x00000213) addi tp, zero, 0
x4 <- 0x00000000


mem[X,0x8001A26C] -> 0x006F
mem[X,0x8001A26E] -> 0x00C0
[2502] [M]: 0x8001A26C (0x00C0006F) jal zero, 12


mem[X,0x8001A278] -> 0x1063
mem[X,0x8001A27A] -> 0x40B5
[2503] [M]: 0x8001A278 (0x40B51063) bne a0, a1, 1024


mem[X,0x8001A678] -> 0x0213
mem[X,0x8001A67A] -> 0x0032
[2504] [M]: 0x8001A678 (0x00320213) addi tp, tp, 3
x4 <- 0x00000003


mem[X,0x8001A67C] -> 0x006F
mem[X,0x8001A67E] -> 0x0040
[2505] [M]: 0x8001A67C (0x0040006F) jal zero, 4


mem[X,0x8001A680] -> 0xA423
mem[X,0x8001A682] -> 0x3C40
[2506] [M]: 0x8001A680 (0x3C40A423) sw tp, 968(ra)
mem[0x8003A530] <- 0x00000003


mem[X,0x8001A684] -> 0xB537
mem[X,0x8001A686] -> 0x0000
[2507] [M]: 0x8001A684 (0x0000B537) lui a0, 11
x10 <- 0x0000B000


mem[X,0x8001A688] -> 0x0513
mem[X,0x8001A68A] -> 0x5045
[2508] [M]: 0x8001A688 (0x50450513) addi a0, a0, 1284
x10 <- 0x0000B504


mem[X,0x8001A68C] -> 0x0593
mem[X,0x8001A68E] -> 0x0040
[2509] [M]: 0x8001A68C (0x00400593) addi a1, zero, 4
x11 <- 0x00000004


mem[X,0x8001A690] -> 0x0213
mem[X,0x8001A692] -> 0x0000
[2510] [M]: 0x8001A690 (0x00000213) addi tp, zero, 0
x4 <- 0x00000000


mem[X,0x8001A694] -> 0x006F
mem[X,0x8001A696] -> 0x00C0
[2511] [M]: 0x8001A694 (0x00C0006F) jal zero, 12


mem[X,0x8001A6A0] -> 0x1063
mem[X,0x8001A6A2] -> 0x08B5
[2512] [M]: 0x8001A6A0 (0x08B51063) bne a0, a1, 128


mem[X,0x8001A720] -> 0x0213
mem[X,0x8001A722] -> 0x0032
[2513] [M]: 0x8001A720 (0x00320213) addi tp, tp, 3
x4 <- 0x00000003


mem[X,0x8001A724] -> 0x006F
mem[X,0x8001A726] -> 0x0040
[2514] [M]: 0x8001A724 (0x0040006F) jal zero, 4


mem[X,0x8001A728] -> 0xA623
mem[X,0x8001A72A] -> 0x3C40
[2515] [M]: 0x8001A728 (0x3C40A623) sw tp, 972(ra)
mem[0x8003A534] <- 0x00000003


mem[X,0x8001A72C] -> 0xB537
mem[X,0x8001A72E] -> 0x0000
[2516] [M]: 0x8001A72C (0x0000B537) lui a0, 11
x10 <- 0x0000B000


mem[X,0x8001A730] -> 0x0513
mem[X,0x8001A732] -> 0x5045
[2517] [M]: 0x8001A730 (0x50450513) addi a0, a0, 1284
x10 <- 0x0000B504


mem[X,0x8001A734] -> 0x35B7
mem[X,0x8001A736] -> 0x3333
[2518] [M]: 0x8001A734 (0x333335B7) lui a1, 209715
x11 <- 0x33333000


mem[X,0x8001A738] -> 0x8593
mem[X,0x8001A73A] -> 0x3325
[2519] [M]: 0x8001A738 (0x33258593) addi a1, a1, 818
x11 <- 0x33333332


mem[X,0x8001A73C] -> 0x0213
mem[X,0x8001A73E] -> 0x0000
[2520] [M]: 0x8001A73C (0x00000213) addi tp, zero, 0
x4 <- 0x00000000


mem[X,0x8001A740] -> 0x006F
mem[X,0x8001A742] -> 0x00C0
[2521] [M]: 0x8001A740 (0x00C0006F) jal zero, 12


mem[X,0x8001A74C] -> 0x1663
mem[X,0x8001A74E] -> 0x00B5
[2522] [M]: 0x8001A74C (0x00B51663) bne a0, a1, 12


mem[X,0x8001A758] -> 0x0213
mem[X,0x8001A75A] -> 0x0032
[2523] [M]: 0x8001A758 (0x00320213) addi tp, tp, 3
x4 <- 0x00000003


mem[X,0x8001A75C] -> 0x006F
mem[X,0x8001A75E] -> 0x0040
[2524] [M]: 0x8001A75C (0x0040006F) jal zero, 4


mem[X,0x8001A760] -> 0xA823
mem[X,0x8001A762] -> 0x3C40
[2525] [M]: 0x8001A760 (0x3C40A823) sw tp, 976(ra)
mem[0x8003A538] <- 0x00000003


mem[X,0x8001A764] -> 0xB537
mem[X,0x8001A766] -> 0x0000
[2526] [M]: 0x8001A764 (0x0000B537) lui a0, 11
x10 <- 0x0000B000


mem[X,0x8001A768] -> 0x0513
mem[X,0x8001A76A] -> 0x5045
[2527] [M]: 0x8001A768 (0x50450513) addi a0, a0, 1284
x10 <- 0x0000B504


mem[X,0x8001A76C] -> 0x65B7
mem[X,0x8001A76E] -> 0x6666
[2528] [M]: 0x8001A76C (0x666665B7) lui a1, 419430
x11 <- 0x66666000


mem[X,0x8001A770] -> 0x8593
mem[X,0x8001A772] -> 0x6655
[2529] [M]: 0x8001A770 (0x66558593) addi a1, a1, 1637
x11 <- 0x66666665


mem[X,0x8001A774] -> 0x0213
mem[X,0x8001A776] -> 0x0000
[2530] [M]: 0x8001A774 (0x00000213) addi tp, zero, 0
x4 <- 0x00000000


mem[X,0x8001A778] -> 0x006F
mem[X,0x8001A77A] -> 0x00C0
[2531] [M]: 0x8001A778 (0x00C0006F) jal zero, 12


mem[X,0x8001A784] -> 0x1663
mem[X,0x8001A786] -> 0x00B5
[2532] [M]: 0x8001A784 (0x00B51663) bne a0, a1, 12


mem[X,0x8001A790] -> 0x0213
mem[X,0x8001A792] -> 0x0032
[2533] [M]: 0x8001A790 (0x00320213) addi tp, tp, 3
x4 <- 0x00000003


mem[X,0x8001A794] -> 0x006F
mem[X,0x8001A796] -> 0x0040
[2534] [M]: 0x8001A794 (0x0040006F) jal zero, 4


mem[X,0x8001A798] -> 0xAA23
mem[X,0x8001A79A] -> 0x3C40
[2535] [M]: 0x8001A798 (0x3C40AA23) sw tp, 980(ra)
mem[0x8003A53C] <- 0x00000003


mem[X,0x8001A79C] -> 0xB537
mem[X,0x8001A79E] -> 0x0000
[2536] [M]: 0x8001A79C (0x0000B537) lui a0, 11
x10 <- 0x0000B000


mem[X,0x8001A7A0] -> 0x0513
mem[X,0x8001A7A2] -> 0x5045
[2537] [M]: 0x8001A7A0 (0x50450513) addi a0, a0, 1284
x10 <- 0x0000B504


mem[X,0x8001A7A4] -> 0xB5B7
mem[X,0x8001A7A6] -> 0x0000
[2538] [M]: 0x8001A7A4 (0x0000B5B7) lui a1, 11
x11 <- 0x0000B000


mem[X,0x8001A7A8] -> 0x8593
mem[X,0x8001A7AA] -> 0x5035
[2539] [M]: 0x8001A7A8 (0x50358593) addi a1, a1, 1283
x11 <- 0x0000B503


mem[X,0x8001A7AC] -> 0x0213
mem[X,0x8001A7AE] -> 0x0000
[2540] [M]: 0x8001A7AC (0x00000213) addi tp, zero, 0
x4 <- 0x00000000


mem[X,0x8001A7B0] -> 0x006F
mem[X,0x8001A7B2] -> 0x00C0
[2541] [M]: 0x8001A7B0 (0x00C0006F) jal zero, 12


mem[X,0x8001A7BC] -> 0x1663
mem[X,0x8001A7BE] -> 0x00B5
[2542] [M]: 0x8001A7BC (0x00B51663) bne a0, a1, 12


mem[X,0x8001A7C8] -> 0x0213
mem[X,0x8001A7CA] -> 0x0032
[2543] [M]: 0x8001A7C8 (0x00320213) addi tp, tp, 3
x4 <- 0x00000003


mem[X,0x8001A7CC] -> 0x006F
mem[X,0x8001A7CE] -> 0x0040
[2544] [M]: 0x8001A7CC (0x0040006F) jal zero, 4


mem[X,0x8001A7D0] -> 0xAC23
mem[X,0x8001A7D2] -> 0x3C40
[2545] [M]: 0x8001A7D0 (0x3C40AC23) sw tp, 984(ra)
mem[0x8003A540] <- 0x00000003


mem[X,0x8001A7D4] -> 0xB537
mem[X,0x8001A7D6] -> 0x0000
[2546] [M]: 0x8001A7D4 (0x0000B537) lui a0, 11
x10 <- 0x0000B000


mem[X,0x8001A7D8] -> 0x0513
mem[X,0x8001A7DA] -> 0x5045
[2547] [M]: 0x8001A7D8 (0x50450513) addi a0, a0, 1284
x10 <- 0x0000B504


mem[X,0x8001A7DC] -> 0x55B7
mem[X,0x8001A7DE] -> 0x5555
[2548] [M]: 0x8001A7DC (0x555555B7) lui a1, 349525
x11 <- 0x55555000


mem[X,0x8001A7E0] -> 0x8593
mem[X,0x8001A7E2] -> 0x5565
[2549] [M]: 0x8001A7E0 (0x55658593) addi a1, a1, 1366
x11 <- 0x55555556


mem[X,0x8001A7E4] -> 0x0213
mem[X,0x8001A7E6] -> 0x0000
[2550] [M]: 0x8001A7E4 (0x00000213) addi tp, zero, 0
x4 <- 0x00000000


mem[X,0x8001A7E8] -> 0x006F
mem[X,0x8001A7EA] -> 0x00C0
[2551] [M]: 0x8001A7E8 (0x00C0006F) jal zero, 12


mem[X,0x8001A7F4] -> 0x1663
mem[X,0x8001A7F6] -> 0x00B5
[2552] [M]: 0x8001A7F4 (0x00B51663) bne a0, a1, 12


mem[X,0x8001A800] -> 0x0213
mem[X,0x8001A802] -> 0x0032
[2553] [M]: 0x8001A800 (0x00320213) addi tp, tp, 3
x4 <- 0x00000003


mem[X,0x8001A804] -> 0x006F
mem[X,0x8001A806] -> 0x0040
[2554] [M]: 0x8001A804 (0x0040006F) jal zero, 4


mem[X,0x8001A808] -> 0xAE23
mem[X,0x8001A80A] -> 0x3C40
[2555] [M]: 0x8001A808 (0x3C40AE23) sw tp, 988(ra)
mem[0x8003A544] <- 0x00000003


mem[X,0x8001A80C] -> 0xB537
mem[X,0x8001A80E] -> 0x0000
[2556] [M]: 0x8001A80C (0x0000B537) lui a0, 11
x10 <- 0x0000B000


mem[X,0x8001A810] -> 0x0513
mem[X,0x8001A812] -> 0x5045
[2557] [M]: 0x8001A810 (0x50450513) addi a0, a0, 1284
x10 <- 0x0000B504


mem[X,0x8001A814] -> 0xB5B7
mem[X,0x8001A816] -> 0xAAAA
[2558] [M]: 0x8001A814 (0xAAAAB5B7) lui a1, 699051
x11 <- 0xAAAAB000


mem[X,0x8001A818] -> 0x8593
mem[X,0x8001A81A] -> 0xAAB5
[2559] [M]: 0x8001A818 (0xAAB58593) addi a1, a1, 2731
x11 <- 0xAAAAAAAB


mem[X,0x8001A81C] -> 0x0213
mem[X,0x8001A81E] -> 0x0000
[2560] [M]: 0x8001A81C (0x00000213) addi tp, zero, 0
x4 <- 0x00000000


mem[X,0x8001A820] -> 0x006F
mem[X,0x8001A822] -> 0x00C0
[2561] [M]: 0x8001A820 (0x00C0006F) jal zero, 12


mem[X,0x8001A82C] -> 0x1CE3
mem[X,0x8001A82E] -> 0xFEB5
[2562] [M]: 0x8001A82C (0xFEB51CE3) bne a0, a1, 8184


mem[X,0x8001A824] -> 0x0213
mem[X,0x8001A826] -> 0x0012
[2563] [M]: 0x8001A824 (0x00120213) addi tp, tp, 1
x4 <- 0x00000001


mem[X,0x8001A828] -> 0x006F
mem[X,0x8001A82A] -> 0x0180
[2564] [M]: 0x8001A828 (0x0180006F) jal zero, 24


mem[X,0x8001A840] -> 0xA023
mem[X,0x8001A842] -> 0x3E40
[2565] [M]: 0x8001A840 (0x3E40A023) sw tp, 992(ra)
mem[0x8003A548] <- 0x00000001


mem[X,0x8001A844] -> 0xB537
mem[X,0x8001A846] -> 0x0000
[2566] [M]: 0x8001A844 (0x0000B537) lui a0, 11
x10 <- 0x0000B000


mem[X,0x8001A848] -> 0x0513
mem[X,0x8001A84A] -> 0x5045
[2567] [M]: 0x8001A848 (0x50450513) addi a0, a0, 1284
x10 <- 0x0000B504


mem[X,0x8001A84C] -> 0x0593
mem[X,0x8001A84E] -> 0x0060
[2568] [M]: 0x8001A84C (0x00600593) addi a1, zero, 6
x11 <- 0x00000006


mem[X,0x8001A850] -> 0x0213
mem[X,0x8001A852] -> 0x0000
[2569] [M]: 0x8001A850 (0x00000213) addi tp, zero, 0
x4 <- 0x00000000


mem[X,0x8001A854] -> 0x006F
mem[X,0x8001A856] -> 0x0180
[2570] [M]: 0x8001A854 (0x0180006F) jal zero, 24


mem[X,0x8001A86C] -> 0x16E3
mem[X,0x8001A86E] -> 0xFEB5
[2571] [M]: 0x8001A86C (0xFEB516E3) bne a0, a1, 8172


mem[X,0x8001A858] -> 0x0213
mem[X,0x8001A85A] -> 0x0012
[2572] [M]: 0x8001A858 (0x00120213) addi tp, tp, 1
x4 <- 0x00000001


mem[X,0x8001A85C] -> 0x006F
mem[X,0x8001A85E] -> 0x0240
[2573] [M]: 0x8001A85C (0x0240006F) jal zero, 36


mem[X,0x8001A880] -> 0xA223
mem[X,0x8001A882] -> 0x3E40
[2574] [M]: 0x8001A880 (0x3E40A223) sw tp, 996(ra)
mem[0x8003A54C] <- 0x00000001


mem[X,0x8001A884] -> 0xB537
mem[X,0x8001A886] -> 0x0000
[2575] [M]: 0x8001A884 (0x0000B537) lui a0, 11
x10 <- 0x0000B000


mem[X,0x8001A888] -> 0x0513
mem[X,0x8001A88A] -> 0x5045
[2576] [M]: 0x8001A888 (0x50450513) addi a0, a0, 1284
x10 <- 0x0000B504


mem[X,0x8001A88C] -> 0x35B7
mem[X,0x8001A88E] -> 0x3333
[2577] [M]: 0x8001A88C (0x333335B7) lui a1, 209715
x11 <- 0x33333000


mem[X,0x8001A890] -> 0x8593
mem[X,0x8001A892] -> 0x3345
[2578] [M]: 0x8001A890 (0x33458593) addi a1, a1, 820
x11 <- 0x33333334


mem[X,0x8001A894] -> 0x0213
mem[X,0x8001A896] -> 0x0000
[2579] [M]: 0x8001A894 (0x00000213) addi tp, zero, 0
x4 <- 0x00000000


mem[X,0x8001A898] -> 0x006F
mem[X,0x8001A89A] -> 0x00C0
[2580] [M]: 0x8001A898 (0x00C0006F) jal zero, 12


mem[X,0x8001A8A4] -> 0x1663
mem[X,0x8001A8A6] -> 0x00B5
[2581] [M]: 0x8001A8A4 (0x00B51663) bne a0, a1, 12


mem[X,0x8001A8B0] -> 0x0213
mem[X,0x8001A8B2] -> 0x0032
[2582] [M]: 0x8001A8B0 (0x00320213) addi tp, tp, 3
x4 <- 0x00000003


mem[X,0x8001A8B4] -> 0x006F
mem[X,0x8001A8B6] -> 0x0040
[2583] [M]: 0x8001A8B4 (0x0040006F) jal zero, 4


mem[X,0x8001A8B8] -> 0xA423
mem[X,0x8001A8BA] -> 0x3E40
[2584] [M]: 0x8001A8B8 (0x3E40A423) sw tp, 1000(ra)
mem[0x8003A550] <- 0x00000003


mem[X,0x8001A8BC] -> 0xB537
mem[X,0x8001A8BE] -> 0x0000
[2585] [M]: 0x8001A8BC (0x0000B537) lui a0, 11
x10 <- 0x0000B000


mem[X,0x8001A8C0] -> 0x0513
mem[X,0x8001A8C2] -> 0x5045
[2586] [M]: 0x8001A8C0 (0x50450513) addi a0, a0, 1284
x10 <- 0x0000B504


mem[X,0x8001A8C4] -> 0x65B7
mem[X,0x8001A8C6] -> 0x6666
[2587] [M]: 0x8001A8C4 (0x666665B7) lui a1, 419430
x11 <- 0x66666000


mem[X,0x8001A8C8] -> 0x8593
mem[X,0x8001A8CA] -> 0x6675
[2588] [M]: 0x8001A8C8 (0x66758593) addi a1, a1, 1639
x11 <- 0x66666667


mem[X,0x8001A8CC] -> 0x0213
mem[X,0x8001A8CE] -> 0x0000
[2589] [M]: 0x8001A8CC (0x00000213) addi tp, zero, 0
x4 <- 0x00000000


mem[X,0x8001A8D0] -> 0x006F
mem[X,0x8001A8D2] -> 0x2B10
[2590] [M]: 0x8001A8D0 (0x2B10006F) jal zero, 2736


mem[X,0x8001B380] -> 0x1A63
mem[X,0x8001B382] -> 0xD4B5
[2591] [M]: 0x8001B380 (0xD4B51A63) bne a0, a1, 5460


mem[X,0x8001A8D4] -> 0x0213
mem[X,0x8001A8D6] -> 0x0012
[2592] [M]: 0x8001A8D4 (0x00120213) addi tp, tp, 1
x4 <- 0x00000001


mem[X,0x8001A8D8] -> 0x006F
mem[X,0x8001A8DA] -> 0x2BD0
[2593] [M]: 0x8001A8D8 (0x2BD0006F) jal zero, 2748


mem[X,0x8001B394] -> 0xA623
mem[X,0x8001B396] -> 0x3E40
[2594] [M]: 0x8001B394 (0x3E40A623) sw tp, 1004(ra)
mem[0x8003A554] <- 0x00000001


mem[X,0x8001B398] -> 0xB537
mem[X,0x8001B39A] -> 0x0000
[2595] [M]: 0x8001B398 (0x0000B537) lui a0, 11
x10 <- 0x0000B000


mem[X,0x8001B39C] -> 0x0513
mem[X,0x8001B39E] -> 0x5045
[2596] [M]: 0x8001B39C (0x50450513) addi a0, a0, 1284
x10 <- 0x0000B504


mem[X,0x8001B3A0] -> 0x55B7
mem[X,0x8001B3A2] -> 0xFFFF
[2597] [M]: 0x8001B3A0 (0xFFFF55B7) lui a1, 1048565
x11 <- 0xFFFF5000


mem[X,0x8001B3A4] -> 0x8593
mem[X,0x8001B3A6] -> 0xAFD5
[2598] [M]: 0x8001B3A4 (0xAFD58593) addi a1, a1, 2813
x11 <- 0xFFFF4AFD


mem[X,0x8001B3A8] -> 0x0213
mem[X,0x8001B3AA] -> 0x0000
[2599] [M]: 0x8001B3A8 (0x00000213) addi tp, zero, 0
x4 <- 0x00000000


clint::tick mtime <- 0x000000000000001A
 clint timer pending at mtime 0x000000000000001A
htif::tick 0x0000000000000000
mem[X,0x8001B3AC] -> 0x006F
mem[X,0x8001B3AE] -> 0x00C0
[2600] [M]: 0x8001B3AC (0x00C0006F) jal zero, 12


mem[X,0x8001B3B8] -> 0x1663
mem[X,0x8001B3BA] -> 0x00B5
[2601] [M]: 0x8001B3B8 (0x00B51663) bne a0, a1, 12


mem[X,0x8001B3C4] -> 0x0213
mem[X,0x8001B3C6] -> 0x0032
[2602] [M]: 0x8001B3C4 (0x00320213) addi tp, tp, 3
x4 <- 0x00000003


mem[X,0x8001B3C8] -> 0x006F
mem[X,0x8001B3CA] -> 0x0040
[2603] [M]: 0x8001B3C8 (0x0040006F) jal zero, 4


mem[X,0x8001B3CC] -> 0xA823
mem[X,0x8001B3CE] -> 0x3E40
[2604] [M]: 0x8001B3CC (0x3E40A823) sw tp, 1008(ra)
mem[0x8003A558] <- 0x00000003


mem[X,0x8001B3D0] -> 0xB537
mem[X,0x8001B3D2] -> 0x0000
[2605] [M]: 0x8001B3D0 (0x0000B537) lui a0, 11
x10 <- 0x0000B000


mem[X,0x8001B3D4] -> 0x0513
mem[X,0x8001B3D6] -> 0x5045
[2606] [M]: 0x8001B3D4 (0x50450513) addi a0, a0, 1284
x10 <- 0x0000B504


mem[X,0x8001B3D8] -> 0xB5B7
mem[X,0x8001B3DA] -> 0x0000
[2607] [M]: 0x8001B3D8 (0x0000B5B7) lui a1, 11
x11 <- 0x0000B000


mem[X,0x8001B3DC] -> 0x8593
mem[X,0x8001B3DE] -> 0x5055
[2608] [M]: 0x8001B3DC (0x50558593) addi a1, a1, 1285
x11 <- 0x0000B505


mem[X,0x8001B3E0] -> 0x0213
mem[X,0x8001B3E2] -> 0x0000
[2609] [M]: 0x8001B3E0 (0x00000213) addi tp, zero, 0
x4 <- 0x00000000


mem[X,0x8001B3E4] -> 0x006F
mem[X,0x8001B3E6] -> 0x00C0
[2610] [M]: 0x8001B3E4 (0x00C0006F) jal zero, 12


mem[X,0x8001B3F0] -> 0x1663
mem[X,0x8001B3F2] -> 0x00B5
[2611] [M]: 0x8001B3F0 (0x00B51663) bne a0, a1, 12


mem[X,0x8001B3FC] -> 0x0213
mem[X,0x8001B3FE] -> 0x0032
[2612] [M]: 0x8001B3FC (0x00320213) addi tp, tp, 3
x4 <- 0x00000003


mem[X,0x8001B400] -> 0x006F
mem[X,0x8001B402] -> 0x0040
[2613] [M]: 0x8001B400 (0x0040006F) jal zero, 4


mem[X,0x8001B404] -> 0xAA23
mem[X,0x8001B406] -> 0x3E40
[2614] [M]: 0x8001B404 (0x3E40AA23) sw tp, 1012(ra)
mem[0x8003A55C] <- 0x00000003


mem[X,0x8001B408] -> 0x0513
mem[X,0x8001B40A] -> 0x0020
[2615] [M]: 0x8001B408 (0x00200513) addi a0, zero, 2
x10 <- 0x00000002


mem[X,0x8001B40C] -> 0x0593
mem[X,0x8001B40E] -> 0x0030
[2616] [M]: 0x8001B40C (0x00300593) addi a1, zero, 3
x11 <- 0x00000003


mem[X,0x8001B410] -> 0x0213
mem[X,0x8001B412] -> 0x0000
[2617] [M]: 0x8001B410 (0x00000213) addi tp, zero, 0
x4 <- 0x00000000


mem[X,0x8001B414] -> 0x006F
mem[X,0x8001B416] -> 0x00C0
[2618] [M]: 0x8001B414 (0x00C0006F) jal zero, 12


mem[X,0x8001B420] -> 0x1063
mem[X,0x8001B422] -> 0x04B5
[2619] [M]: 0x8001B420 (0x04B51063) bne a0, a1, 64


mem[X,0x8001B460] -> 0x0213
mem[X,0x8001B462] -> 0x0032
[2620] [M]: 0x8001B460 (0x00320213) addi tp, tp, 3
x4 <- 0x00000003


mem[X,0x8001B464] -> 0x006F
mem[X,0x8001B466] -> 0x0040
[2621] [M]: 0x8001B464 (0x0040006F) jal zero, 4


mem[X,0x8001B468] -> 0xAC23
mem[X,0x8001B46A] -> 0x3E40
[2622] [M]: 0x8001B468 (0x3E40AC23) sw tp, 1016(ra)
mem[0x8003A560] <- 0x00000003


mem[X,0x8001B46C] -> 0x0513
mem[X,0x8001B46E] -> 0x0020
[2623] [M]: 0x8001B46C (0x00200513) addi a0, zero, 2
x10 <- 0x00000002


mem[X,0x8001B470] -> 0x55B7
mem[X,0x8001B472] -> 0x5555
[2624] [M]: 0x8001B470 (0x555555B7) lui a1, 349525
x11 <- 0x55555000


mem[X,0x8001B474] -> 0x8593
mem[X,0x8001B476] -> 0x5555
[2625] [M]: 0x8001B474 (0x55558593) addi a1, a1, 1365
x11 <- 0x55555555


mem[X,0x8001B478] -> 0x0213
mem[X,0x8001B47A] -> 0x0000
[2626] [M]: 0x8001B478 (0x00000213) addi tp, zero, 0
x4 <- 0x00000000


mem[X,0x8001B47C] -> 0x006F
mem[X,0x8001B47E] -> 0x00C0
[2627] [M]: 0x8001B47C (0x00C0006F) jal zero, 12


mem[X,0x8001B488] -> 0x1063
mem[X,0x8001B48A] -> 0x04B5
[2628] [M]: 0x8001B488 (0x04B51063) bne a0, a1, 64


mem[X,0x8001B4C8] -> 0x0213
mem[X,0x8001B4CA] -> 0x0032
[2629] [M]: 0x8001B4C8 (0x00320213) addi tp, tp, 3
x4 <- 0x00000003


mem[X,0x8001B4CC] -> 0x006F
mem[X,0x8001B4CE] -> 0x0040
[2630] [M]: 0x8001B4CC (0x0040006F) jal zero, 4


mem[X,0x8001B4D0] -> 0xAE23
mem[X,0x8001B4D2] -> 0x3E40
[2631] [M]: 0x8001B4D0 (0x3E40AE23) sw tp, 1020(ra)
mem[0x8003A564] <- 0x00000003


mem[X,0x8001B4D4] -> 0x0513
mem[X,0x8001B4D6] -> 0x0020
[2632] [M]: 0x8001B4D4 (0x00200513) addi a0, zero, 2
x10 <- 0x00000002


mem[X,0x8001B4D8] -> 0xB5B7
mem[X,0x8001B4DA] -> 0xAAAA
[2633] [M]: 0x8001B4D8 (0xAAAAB5B7) lui a1, 699051
x11 <- 0xAAAAB000


mem[X,0x8001B4DC] -> 0x8593
mem[X,0x8001B4DE] -> 0xAAA5
[2634] [M]: 0x8001B4DC (0xAAA58593) addi a1, a1, 2730
x11 <- 0xAAAAAAAA


mem[X,0x8001B4E0] -> 0x0213
mem[X,0x8001B4E2] -> 0x0000
[2635] [M]: 0x8001B4E0 (0x00000213) addi tp, zero, 0
x4 <- 0x00000000


mem[X,0x8001B4E4] -> 0x006F
mem[X,0x8001B4E6] -> 0x0140
[2636] [M]: 0x8001B4E4 (0x0140006F) jal zero, 20


mem[X,0x8001B4F8] -> 0x18E3
mem[X,0x8001B4FA] -> 0xFEB5
[2637] [M]: 0x8001B4F8 (0xFEB518E3) bne a0, a1, 8176


mem[X,0x8001B4E8] -> 0x0213
mem[X,0x8001B4EA] -> 0x0012
[2638] [M]: 0x8001B4E8 (0x00120213) addi tp, tp, 1
x4 <- 0x00000001


mem[X,0x8001B4EC] -> 0x006F
mem[X,0x8001B4EE] -> 0x0200
[2639] [M]: 0x8001B4EC (0x0200006F) jal zero, 32


mem[X,0x8001B50C] -> 0xA023
mem[X,0x8001B50E] -> 0x4040
[2640] [M]: 0x8001B50C (0x4040A023) sw tp, 1024(ra)
mem[0x8003A568] <- 0x00000001


mem[X,0x8001B510] -> 0x0513
mem[X,0x8001B512] -> 0x0020
[2641] [M]: 0x8001B510 (0x00200513) addi a0, zero, 2
x10 <- 0x00000002


mem[X,0x8001B514] -> 0x0593
mem[X,0x8001B516] -> 0x0050
[2642] [M]: 0x8001B514 (0x00500593) addi a1, zero, 5
x11 <- 0x00000005


mem[X,0x8001B518] -> 0x0213
mem[X,0x8001B51A] -> 0x0000
[2643] [M]: 0x8001B518 (0x00000213) addi tp, zero, 0
x4 <- 0x00000000


mem[X,0x8001B51C] -> 0x006F
mem[X,0x8001B51E] -> 0x00C0
[2644] [M]: 0x8001B51C (0x00C0006F) jal zero, 12


mem[X,0x8001B528] -> 0x1863
mem[X,0x8001B52A] -> 0x00B5
[2645] [M]: 0x8001B528 (0x00B51863) bne a0, a1, 16


mem[X,0x8001B538] -> 0x0213
mem[X,0x8001B53A] -> 0x0032
[2646] [M]: 0x8001B538 (0x00320213) addi tp, tp, 3
x4 <- 0x00000003


mem[X,0x8001B53C] -> 0x006F
mem[X,0x8001B53E] -> 0x0040
[2647] [M]: 0x8001B53C (0x0040006F) jal zero, 4


mem[X,0x8001B540] -> 0xA223
mem[X,0x8001B542] -> 0x4040
[2648] [M]: 0x8001B540 (0x4040A223) sw tp, 1028(ra)
mem[0x8003A56C] <- 0x00000003


mem[X,0x8001B544] -> 0x0513
mem[X,0x8001B546] -> 0x0020
[2649] [M]: 0x8001B544 (0x00200513) addi a0, zero, 2
x10 <- 0x00000002


mem[X,0x8001B548] -> 0x35B7
mem[X,0x8001B54A] -> 0x3333
[2650] [M]: 0x8001B548 (0x333335B7) lui a1, 209715
x11 <- 0x33333000


mem[X,0x8001B54C] -> 0x8593
mem[X,0x8001B54E] -> 0x3335
[2651] [M]: 0x8001B54C (0x33358593) addi a1, a1, 819
x11 <- 0x33333333


mem[X,0x8001B550] -> 0x0213
mem[X,0x8001B552] -> 0x0000
[2652] [M]: 0x8001B550 (0x00000213) addi tp, zero, 0
x4 <- 0x00000000


mem[X,0x8001B554] -> 0x006F
mem[X,0x8001B556] -> 0x00C0
[2653] [M]: 0x8001B554 (0x00C0006F) jal zero, 12


mem[X,0x8001B560] -> 0x1063
mem[X,0x8001B562] -> 0x40B5
[2654] [M]: 0x8001B560 (0x40B51063) bne a0, a1, 1024


mem[X,0x8001B960] -> 0x0213
mem[X,0x8001B962] -> 0x0032
[2655] [M]: 0x8001B960 (0x00320213) addi tp, tp, 3
x4 <- 0x00000003


mem[X,0x8001B964] -> 0x006F
mem[X,0x8001B966] -> 0x0040
[2656] [M]: 0x8001B964 (0x0040006F) jal zero, 4


mem[X,0x8001B968] -> 0xA423
mem[X,0x8001B96A] -> 0x4040
[2657] [M]: 0x8001B968 (0x4040A423) sw tp, 1032(ra)
mem[0x8003A570] <- 0x00000003


mem[X,0x8001B96C] -> 0x0513
mem[X,0x8001B96E] -> 0x0020
[2658] [M]: 0x8001B96C (0x00200513) addi a0, zero, 2
x10 <- 0x00000002


mem[X,0x8001B970] -> 0x65B7
mem[X,0x8001B972] -> 0x6666
[2659] [M]: 0x8001B970 (0x666665B7) lui a1, 419430
x11 <- 0x66666000


mem[X,0x8001B974] -> 0x8593
mem[X,0x8001B976] -> 0x6665
[2660] [M]: 0x8001B974 (0x66658593) addi a1, a1, 1638
x11 <- 0x66666666


mem[X,0x8001B978] -> 0x0213
mem[X,0x8001B97A] -> 0x0000
[2661] [M]: 0x8001B978 (0x00000213) addi tp, zero, 0
x4 <- 0x00000000


mem[X,0x8001B97C] -> 0x006F
mem[X,0x8001B97E] -> 0x00C0
[2662] [M]: 0x8001B97C (0x00C0006F) jal zero, 12


mem[X,0x8001B988] -> 0x1063
mem[X,0x8001B98A] -> 0x10B5
[2663] [M]: 0x8001B988 (0x10B51063) bne a0, a1, 256


mem[X,0x8001BA88] -> 0x0213
mem[X,0x8001BA8A] -> 0x0032
[2664] [M]: 0x8001BA88 (0x00320213) addi tp, tp, 3
x4 <- 0x00000003


mem[X,0x8001BA8C] -> 0x006F
mem[X,0x8001BA8E] -> 0x0040
[2665] [M]: 0x8001BA8C (0x0040006F) jal zero, 4


mem[X,0x8001BA90] -> 0xA623
mem[X,0x8001BA92] -> 0x4040
[2666] [M]: 0x8001BA90 (0x4040A623) sw tp, 1036(ra)
mem[0x8003A574] <- 0x00000003


mem[X,0x8001BA94] -> 0x0513
mem[X,0x8001BA96] -> 0x0020
[2667] [M]: 0x8001BA94 (0x00200513) addi a0, zero, 2
x10 <- 0x00000002


mem[X,0x8001BA98] -> 0x55B7
mem[X,0x8001BA9A] -> 0xFFFF
[2668] [M]: 0x8001BA98 (0xFFFF55B7) lui a1, 1048565
x11 <- 0xFFFF5000


mem[X,0x8001BA9C] -> 0x8593
mem[X,0x8001BA9E] -> 0xAFC5
[2669] [M]: 0x8001BA9C (0xAFC58593) addi a1, a1, 2812
x11 <- 0xFFFF4AFC


mem[X,0x8001BAA0] -> 0x0213
mem[X,0x8001BAA2] -> 0x0000
[2670] [M]: 0x8001BAA0 (0x00000213) addi tp, zero, 0
x4 <- 0x00000000


mem[X,0x8001BAA4] -> 0x006F
mem[X,0x8001BAA6] -> 0x0180
[2671] [M]: 0x8001BAA4 (0x0180006F) jal zero, 24


mem[X,0x8001BABC] -> 0x16E3
mem[X,0x8001BABE] -> 0xFEB5
[2672] [M]: 0x8001BABC (0xFEB516E3) bne a0, a1, 8172


mem[X,0x8001BAA8] -> 0x0213
mem[X,0x8001BAAA] -> 0x0012
[2673] [M]: 0x8001BAA8 (0x00120213) addi tp, tp, 1
x4 <- 0x00000001


mem[X,0x8001BAAC] -> 0x006F
mem[X,0x8001BAAE] -> 0x0240
[2674] [M]: 0x8001BAAC (0x0240006F) jal zero, 36


mem[X,0x8001BAD0] -> 0xA823
mem[X,0x8001BAD2] -> 0x4040
[2675] [M]: 0x8001BAD0 (0x4040A823) sw tp, 1040(ra)
mem[0x8003A578] <- 0x00000001


mem[X,0x8001BAD4] -> 0x0513
mem[X,0x8001BAD6] -> 0x0020
[2676] [M]: 0x8001BAD4 (0x00200513) addi a0, zero, 2
x10 <- 0x00000002


mem[X,0x8001BAD8] -> 0xB5B7
mem[X,0x8001BADA] -> 0x0000
[2677] [M]: 0x8001BAD8 (0x0000B5B7) lui a1, 11
x11 <- 0x0000B000


mem[X,0x8001BADC] -> 0x8593
mem[X,0x8001BADE] -> 0x5045
[2678] [M]: 0x8001BADC (0x50458593) addi a1, a1, 1284
x11 <- 0x0000B504


mem[X,0x8001BAE0] -> 0x0213
mem[X,0x8001BAE2] -> 0x0000
[2679] [M]: 0x8001BAE0 (0x00000213) addi tp, zero, 0
x4 <- 0x00000000


mem[X,0x8001BAE4] -> 0x006F
mem[X,0x8001BAE6] -> 0x00C0
[2680] [M]: 0x8001BAE4 (0x00C0006F) jal zero, 12


mem[X,0x8001BAF0] -> 0x1063
mem[X,0x8001BAF2] -> 0x08B5
[2681] [M]: 0x8001BAF0 (0x08B51063) bne a0, a1, 128


mem[X,0x8001BB70] -> 0x0213
mem[X,0x8001BB72] -> 0x0032
[2682] [M]: 0x8001BB70 (0x00320213) addi tp, tp, 3
x4 <- 0x00000003


mem[X,0x8001BB74] -> 0x006F
mem[X,0x8001BB76] -> 0x0040
[2683] [M]: 0x8001BB74 (0x0040006F) jal zero, 4


mem[X,0x8001BB78] -> 0xAA23
mem[X,0x8001BB7A] -> 0x4040
[2684] [M]: 0x8001BB78 (0x4040AA23) sw tp, 1044(ra)
mem[0x8003A57C] <- 0x00000003


mem[X,0x8001BB7C] -> 0x0513
mem[X,0x8001BB7E] -> 0x0020
[2685] [M]: 0x8001BB7C (0x00200513) addi a0, zero, 2
x10 <- 0x00000002


mem[X,0x8001BB80] -> 0x0593
mem[X,0x8001BB82] -> 0x0020
[2686] [M]: 0x8001BB80 (0x00200593) addi a1, zero, 2
x11 <- 0x00000002


mem[X,0x8001BB84] -> 0x0213
mem[X,0x8001BB86] -> 0x0000
[2687] [M]: 0x8001BB84 (0x00000213) addi tp, zero, 0
x4 <- 0x00000000


mem[X,0x8001BB88] -> 0x006F
mem[X,0x8001BB8A] -> 0x00C0
[2688] [M]: 0x8001BB88 (0x00C0006F) jal zero, 12


mem[X,0x8001BB94] -> 0x1863
mem[X,0x8001BB96] -> 0x00B5
[2689] [M]: 0x8001BB94 (0x00B51863) bne a0, a1, 16


mem[X,0x8001BB98] -> 0x0213
mem[X,0x8001BB9A] -> 0x0022
[2690] [M]: 0x8001BB98 (0x00220213) addi tp, tp, 2
x4 <- 0x00000002


mem[X,0x8001BB9C] -> 0x006F
mem[X,0x8001BB9E] -> 0x0100
[2691] [M]: 0x8001BB9C (0x0100006F) jal zero, 16


mem[X,0x8001BBAC] -> 0xAC23
mem[X,0x8001BBAE] -> 0x4040
[2692] [M]: 0x8001BBAC (0x4040AC23) sw tp, 1048(ra)
mem[0x8003A580] <- 0x00000002


mem[X,0x8001BBB0] -> 0x0513
mem[X,0x8001BBB2] -> 0x0020
[2693] [M]: 0x8001BBB0 (0x00200513) addi a0, zero, 2
x10 <- 0x00000002


mem[X,0x8001BBB4] -> 0x55B7
mem[X,0x8001BBB6] -> 0x5555
[2694] [M]: 0x8001BBB4 (0x555555B7) lui a1, 349525
x11 <- 0x55555000


mem[X,0x8001BBB8] -> 0x8593
mem[X,0x8001BBBA] -> 0x5545
[2695] [M]: 0x8001BBB8 (0x55458593) addi a1, a1, 1364
x11 <- 0x55555554


mem[X,0x8001BBBC] -> 0x0213
mem[X,0x8001BBBE] -> 0x0000
[2696] [M]: 0x8001BBBC (0x00000213) addi tp, zero, 0
x4 <- 0x00000000


mem[X,0x8001BBC0] -> 0x006F
mem[X,0x8001BBC2] -> 0x00C0
[2697] [M]: 0x8001BBC0 (0x00C0006F) jal zero, 12


mem[X,0x8001BBCC] -> 0x1663
mem[X,0x8001BBCE] -> 0x00B5
[2698] [M]: 0x8001BBCC (0x00B51663) bne a0, a1, 12


mem[X,0x8001BBD8] -> 0x0213
mem[X,0x8001BBDA] -> 0x0032
[2699] [M]: 0x8001BBD8 (0x00320213) addi tp, tp, 3
x4 <- 0x00000003


clint::tick mtime <- 0x000000000000001B
 clint timer pending at mtime 0x000000000000001B
htif::tick 0x0000000000000000
mem[X,0x8001BBDC] -> 0x006F
mem[X,0x8001BBDE] -> 0x0040
[2700] [M]: 0x8001BBDC (0x0040006F) jal zero, 4


mem[X,0x8001BBE0] -> 0xAE23
mem[X,0x8001BBE2] -> 0x4040
[2701] [M]: 0x8001BBE0 (0x4040AE23) sw tp, 1052(ra)
mem[0x8003A584] <- 0x00000003


mem[X,0x8001BBE4] -> 0x0513
mem[X,0x8001BBE6] -> 0x0020
[2702] [M]: 0x8001BBE4 (0x00200513) addi a0, zero, 2
x10 <- 0x00000002


mem[X,0x8001BBE8] -> 0x0593
mem[X,0x8001BBEA] -> 0x0000
[2703] [M]: 0x8001BBE8 (0x00000593) addi a1, zero, 0
x11 <- 0x00000000


mem[X,0x8001BBEC] -> 0x0213
mem[X,0x8001BBEE] -> 0x0000
[2704] [M]: 0x8001BBEC (0x00000213) addi tp, zero, 0
x4 <- 0x00000000


mem[X,0x8001BBF0] -> 0x006F
mem[X,0x8001BBF2] -> 0x00C0
[2705] [M]: 0x8001BBF0 (0x00C0006F) jal zero, 12


mem[X,0x8001BBFC] -> 0x1063
mem[X,0x8001BBFE] -> 0x02B5
[2706] [M]: 0x8001BBFC (0x02B51063) bne a0, a1, 32


mem[X,0x8001BC1C] -> 0x0213
mem[X,0x8001BC1E] -> 0x0032
[2707] [M]: 0x8001BC1C (0x00320213) addi tp, tp, 3
x4 <- 0x00000003


mem[X,0x8001BC20] -> 0x006F
mem[X,0x8001BC22] -> 0x0040
[2708] [M]: 0x8001BC20 (0x0040006F) jal zero, 4


mem[X,0x8001BC24] -> 0xA023
mem[X,0x8001BC26] -> 0x4240
[2709] [M]: 0x8001BC24 (0x4240A023) sw tp, 1056(ra)
mem[0x8003A588] <- 0x00000003


mem[X,0x8001BC28] -> 0x0513
mem[X,0x8001BC2A] -> 0x0020
[2710] [M]: 0x8001BC28 (0x00200513) addi a0, zero, 2
x10 <- 0x00000002


mem[X,0x8001BC2C] -> 0x0593
mem[X,0x8001BC2E] -> 0x0040
[2711] [M]: 0x8001BC2C (0x00400593) addi a1, zero, 4
x11 <- 0x00000004


mem[X,0x8001BC30] -> 0x0213
mem[X,0x8001BC32] -> 0x0000
[2712] [M]: 0x8001BC30 (0x00000213) addi tp, zero, 0
x4 <- 0x00000000


mem[X,0x8001BC34] -> 0x006F
mem[X,0x8001BC36] -> 0x00C0
[2713] [M]: 0x8001BC34 (0x00C0006F) jal zero, 12


mem[X,0x8001BC40] -> 0x1663
mem[X,0x8001BC42] -> 0x00B5
[2714] [M]: 0x8001BC40 (0x00B51663) bne a0, a1, 12


mem[X,0x8001BC4C] -> 0x0213
mem[X,0x8001BC4E] -> 0x0032
[2715] [M]: 0x8001BC4C (0x00320213) addi tp, tp, 3
x4 <- 0x00000003


mem[X,0x8001BC50] -> 0x006F
mem[X,0x8001BC52] -> 0x0040
[2716] [M]: 0x8001BC50 (0x0040006F) jal zero, 4


mem[X,0x8001BC54] -> 0xA223
mem[X,0x8001BC56] -> 0x4240
[2717] [M]: 0x8001BC54 (0x4240A223) sw tp, 1060(ra)
mem[0x8003A58C] <- 0x00000003


mem[X,0x8001BC58] -> 0x0513
mem[X,0x8001BC5A] -> 0x0020
[2718] [M]: 0x8001BC58 (0x00200513) addi a0, zero, 2
x10 <- 0x00000002


mem[X,0x8001BC5C] -> 0x35B7
mem[X,0x8001BC5E] -> 0x3333
[2719] [M]: 0x8001BC5C (0x333335B7) lui a1, 209715
x11 <- 0x33333000


mem[X,0x8001BC60] -> 0x8593
mem[X,0x8001BC62] -> 0x3325
[2720] [M]: 0x8001BC60 (0x33258593) addi a1, a1, 818
x11 <- 0x33333332


mem[X,0x8001BC64] -> 0x0213
mem[X,0x8001BC66] -> 0x0000
[2721] [M]: 0x8001BC64 (0x00000213) addi tp, zero, 0
x4 <- 0x00000000


mem[X,0x8001BC68] -> 0x006F
mem[X,0x8001BC6A] -> 0x00C0
[2722] [M]: 0x8001BC68 (0x00C0006F) jal zero, 12


mem[X,0x8001BC74] -> 0x1063
mem[X,0x8001BC76] -> 0x02B5
[2723] [M]: 0x8001BC74 (0x02B51063) bne a0, a1, 32


mem[X,0x8001BC94] -> 0x0213
mem[X,0x8001BC96] -> 0x0032
[2724] [M]: 0x8001BC94 (0x00320213) addi tp, tp, 3
x4 <- 0x00000003


mem[X,0x8001BC98] -> 0x006F
mem[X,0x8001BC9A] -> 0x0040
[2725] [M]: 0x8001BC98 (0x0040006F) jal zero, 4


mem[X,0x8001BC9C] -> 0xA423
mem[X,0x8001BC9E] -> 0x4240
[2726] [M]: 0x8001BC9C (0x4240A423) sw tp, 1064(ra)
mem[0x8003A590] <- 0x00000003


mem[X,0x8001BCA0] -> 0x0513
mem[X,0x8001BCA2] -> 0x0020
[2727] [M]: 0x8001BCA0 (0x00200513) addi a0, zero, 2
x10 <- 0x00000002


mem[X,0x8001BCA4] -> 0x65B7
mem[X,0x8001BCA6] -> 0x6666
[2728] [M]: 0x8001BCA4 (0x666665B7) lui a1, 419430
x11 <- 0x66666000


mem[X,0x8001BCA8] -> 0x8593
mem[X,0x8001BCAA] -> 0x6655
[2729] [M]: 0x8001BCA8 (0x66558593) addi a1, a1, 1637
x11 <- 0x66666665


mem[X,0x8001BCAC] -> 0x0213
mem[X,0x8001BCAE] -> 0x0000
[2730] [M]: 0x8001BCAC (0x00000213) addi tp, zero, 0
x4 <- 0x00000000


mem[X,0x8001BCB0] -> 0x006F
mem[X,0x8001BCB2] -> 0x0180
[2731] [M]: 0x8001BCB0 (0x0180006F) jal zero, 24


mem[X,0x8001BCC8] -> 0x16E3
mem[X,0x8001BCCA] -> 0xFEB5
[2732] [M]: 0x8001BCC8 (0xFEB516E3) bne a0, a1, 8172


mem[X,0x8001BCB4] -> 0x0213
mem[X,0x8001BCB6] -> 0x0012
[2733] [M]: 0x8001BCB4 (0x00120213) addi tp, tp, 1
x4 <- 0x00000001


mem[X,0x8001BCB8] -> 0x006F
mem[X,0x8001BCBA] -> 0x0240
[2734] [M]: 0x8001BCB8 (0x0240006F) jal zero, 36


mem[X,0x8001BCDC] -> 0xA623
mem[X,0x8001BCDE] -> 0x4240
[2735] [M]: 0x8001BCDC (0x4240A623) sw tp, 1068(ra)
mem[0x8003A594] <- 0x00000001


mem[X,0x8001BCE0] -> 0x0513
mem[X,0x8001BCE2] -> 0x0020
[2736] [M]: 0x8001BCE0 (0x00200513) addi a0, zero, 2
x10 <- 0x00000002


mem[X,0x8001BCE4] -> 0xB5B7
mem[X,0x8001BCE6] -> 0x0000
[2737] [M]: 0x8001BCE4 (0x0000B5B7) lui a1, 11
x11 <- 0x0000B000


mem[X,0x8001BCE8] -> 0x8593
mem[X,0x8001BCEA] -> 0x5035
[2738] [M]: 0x8001BCE8 (0x50358593) addi a1, a1, 1283
x11 <- 0x0000B503


mem[X,0x8001BCEC] -> 0x0213
mem[X,0x8001BCEE] -> 0x0000
[2739] [M]: 0x8001BCEC (0x00000213) addi tp, zero, 0
x4 <- 0x00000000


mem[X,0x8001BCF0] -> 0x006F
mem[X,0x8001BCF2] -> 0x00C0
[2740] [M]: 0x8001BCF0 (0x00C0006F) jal zero, 12


mem[X,0x8001BCFC] -> 0x1863
mem[X,0x8001BCFE] -> 0x00B5
[2741] [M]: 0x8001BCFC (0x00B51863) bne a0, a1, 16


mem[X,0x8001BD0C] -> 0x0213
mem[X,0x8001BD0E] -> 0x0032
[2742] [M]: 0x8001BD0C (0x00320213) addi tp, tp, 3
x4 <- 0x00000003


mem[X,0x8001BD10] -> 0x006F
mem[X,0x8001BD12] -> 0x0040
[2743] [M]: 0x8001BD10 (0x0040006F) jal zero, 4


mem[X,0x8001BD14] -> 0xA823
mem[X,0x8001BD16] -> 0x4240
[2744] [M]: 0x8001BD14 (0x4240A823) sw tp, 1072(ra)
mem[0x8003A598] <- 0x00000003


mem[X,0x8001BD18] -> 0x0513
mem[X,0x8001BD1A] -> 0x0020
[2745] [M]: 0x8001BD18 (0x00200513) addi a0, zero, 2
x10 <- 0x00000002


mem[X,0x8001BD1C] -> 0x55B7
mem[X,0x8001BD1E] -> 0x5555
[2746] [M]: 0x8001BD1C (0x555555B7) lui a1, 349525
x11 <- 0x55555000


mem[X,0x8001BD20] -> 0x8593
mem[X,0x8001BD22] -> 0x5565
[2747] [M]: 0x8001BD20 (0x55658593) addi a1, a1, 1366
x11 <- 0x55555556


mem[X,0x8001BD24] -> 0x0213
mem[X,0x8001BD26] -> 0x0000
[2748] [M]: 0x8001BD24 (0x00000213) addi tp, zero, 0
x4 <- 0x00000000


mem[X,0x8001BD28] -> 0x006F
mem[X,0x8001BD2A] -> 0x0050
[2749] [M]: 0x8001BD28 (0x0050006F) jal zero, 2052


mem[X,0x8001C52C] -> 0x10E3
mem[X,0x8001C52E] -> 0x80B5
[2750] [M]: 0x8001C52C (0x80B510E3) bne a0, a1, 6144


mem[X,0x8001BD2C] -> 0x0213
mem[X,0x8001BD2E] -> 0x0012
[2751] [M]: 0x8001BD2C (0x00120213) addi tp, tp, 1
x4 <- 0x00000001


mem[X,0x8001BD30] -> 0x006F
mem[X,0x8001BD32] -> 0x0110
[2752] [M]: 0x8001BD30 (0x0110006F) jal zero, 2064


mem[X,0x8001C540] -> 0xAA23
mem[X,0x8001C542] -> 0x4240
[2753] [M]: 0x8001C540 (0x4240AA23) sw tp, 1076(ra)
mem[0x8003A59C] <- 0x00000001


mem[X,0x8001C544] -> 0x0513
mem[X,0x8001C546] -> 0x0020
[2754] [M]: 0x8001C544 (0x00200513) addi a0, zero, 2
x10 <- 0x00000002


mem[X,0x8001C548] -> 0xB5B7
mem[X,0x8001C54A] -> 0xAAAA
[2755] [M]: 0x8001C548 (0xAAAAB5B7) lui a1, 699051
x11 <- 0xAAAAB000


mem[X,0x8001C54C] -> 0x8593
mem[X,0x8001C54E] -> 0xAAB5
[2756] [M]: 0x8001C54C (0xAAB58593) addi a1, a1, 2731
x11 <- 0xAAAAAAAB


mem[X,0x8001C550] -> 0x0213
mem[X,0x8001C552] -> 0x0000
[2757] [M]: 0x8001C550 (0x00000213) addi tp, zero, 0
x4 <- 0x00000000


mem[X,0x8001C554] -> 0x006F
mem[X,0x8001C556] -> 0x0050
[2758] [M]: 0x8001C554 (0x0050006F) jal zero, 2052


mem[X,0x8001CD58] -> 0x10E3
mem[X,0x8001CD5A] -> 0x80B5
[2759] [M]: 0x8001CD58 (0x80B510E3) bne a0, a1, 6144


mem[X,0x8001C558] -> 0x0213
mem[X,0x8001C55A] -> 0x0012
[2760] [M]: 0x8001C558 (0x00120213) addi tp, tp, 1
x4 <- 0x00000001


mem[X,0x8001C55C] -> 0x006F
mem[X,0x8001C55E] -> 0x0110
[2761] [M]: 0x8001C55C (0x0110006F) jal zero, 2064


mem[X,0x8001CD6C] -> 0xAC23
mem[X,0x8001CD6E] -> 0x4240
[2762] [M]: 0x8001CD6C (0x4240AC23) sw tp, 1080(ra)
mem[0x8003A5A0] <- 0x00000001


mem[X,0x8001CD70] -> 0x0513
mem[X,0x8001CD72] -> 0x0020
[2763] [M]: 0x8001CD70 (0x00200513) addi a0, zero, 2
x10 <- 0x00000002


mem[X,0x8001CD74] -> 0x0593
mem[X,0x8001CD76] -> 0x0060
[2764] [M]: 0x8001CD74 (0x00600593) addi a1, zero, 6
x11 <- 0x00000006


mem[X,0x8001CD78] -> 0x0213
mem[X,0x8001CD7A] -> 0x0000
[2765] [M]: 0x8001CD78 (0x00000213) addi tp, zero, 0
x4 <- 0x00000000


mem[X,0x8001CD7C] -> 0x006F
mem[X,0x8001CD7E] -> 0x0180
[2766] [M]: 0x8001CD7C (0x0180006F) jal zero, 24


mem[X,0x8001CD94] -> 0x16E3
mem[X,0x8001CD96] -> 0xFEB5
[2767] [M]: 0x8001CD94 (0xFEB516E3) bne a0, a1, 8172


mem[X,0x8001CD80] -> 0x0213
mem[X,0x8001CD82] -> 0x0012
[2768] [M]: 0x8001CD80 (0x00120213) addi tp, tp, 1
x4 <- 0x00000001


mem[X,0x8001CD84] -> 0x006F
mem[X,0x8001CD86] -> 0x0240
[2769] [M]: 0x8001CD84 (0x0240006F) jal zero, 36


mem[X,0x8001CDA8] -> 0xAE23
mem[X,0x8001CDAA] -> 0x4240
[2770] [M]: 0x8001CDA8 (0x4240AE23) sw tp, 1084(ra)
mem[0x8003A5A4] <- 0x00000001


mem[X,0x8001CDAC] -> 0x0513
mem[X,0x8001CDAE] -> 0x0020
[2771] [M]: 0x8001CDAC (0x00200513) addi a0, zero, 2
x10 <- 0x00000002


mem[X,0x8001CDB0] -> 0x35B7
mem[X,0x8001CDB2] -> 0x3333
[2772] [M]: 0x8001CDB0 (0x333335B7) lui a1, 209715
x11 <- 0x33333000


mem[X,0x8001CDB4] -> 0x8593
mem[X,0x8001CDB6] -> 0x3345
[2773] [M]: 0x8001CDB4 (0x33458593) addi a1, a1, 820
x11 <- 0x33333334


mem[X,0x8001CDB8] -> 0x0213
mem[X,0x8001CDBA] -> 0x0000
[2774] [M]: 0x8001CDB8 (0x00000213) addi tp, zero, 0
x4 <- 0x00000000


mem[X,0x8001CDBC] -> 0x006F
mem[X,0x8001CDBE] -> 0x00C0
[2775] [M]: 0x8001CDBC (0x00C0006F) jal zero, 12


mem[X,0x8001CDC8] -> 0x1663
mem[X,0x8001CDCA] -> 0x00B5
[2776] [M]: 0x8001CDC8 (0x00B51663) bne a0, a1, 12


mem[X,0x8001CDD4] -> 0x0213
mem[X,0x8001CDD6] -> 0x0032
[2777] [M]: 0x8001CDD4 (0x00320213) addi tp, tp, 3
x4 <- 0x00000003


mem[X,0x8001CDD8] -> 0x006F
mem[X,0x8001CDDA] -> 0x0040
[2778] [M]: 0x8001CDD8 (0x0040006F) jal zero, 4


mem[X,0x8001CDDC] -> 0xA023
mem[X,0x8001CDDE] -> 0x4440
[2779] [M]: 0x8001CDDC (0x4440A023) sw tp, 1088(ra)
mem[0x8003A5A8] <- 0x00000003


mem[X,0x8001CDE0] -> 0x0513
mem[X,0x8001CDE2] -> 0x0020
[2780] [M]: 0x8001CDE0 (0x00200513) addi a0, zero, 2
x10 <- 0x00000002


mem[X,0x8001CDE4] -> 0x65B7
mem[X,0x8001CDE6] -> 0x6666
[2781] [M]: 0x8001CDE4 (0x666665B7) lui a1, 419430
x11 <- 0x66666000


mem[X,0x8001CDE8] -> 0x8593
mem[X,0x8001CDEA] -> 0x6675
[2782] [M]: 0x8001CDE8 (0x66758593) addi a1, a1, 1639
x11 <- 0x66666667


mem[X,0x8001CDEC] -> 0x0213
mem[X,0x8001CDEE] -> 0x0000
[2783] [M]: 0x8001CDEC (0x00000213) addi tp, zero, 0
x4 <- 0x00000000


mem[X,0x8001CDF0] -> 0x006F
mem[X,0x8001CDF2] -> 0x0100
[2784] [M]: 0x8001CDF0 (0x0100006F) jal zero, 16


mem[X,0x8001CE00] -> 0x1AE3
mem[X,0x8001CE02] -> 0xFEB5
[2785] [M]: 0x8001CE00 (0xFEB51AE3) bne a0, a1, 8180


mem[X,0x8001CDF4] -> 0x0213
mem[X,0x8001CDF6] -> 0x0012
[2786] [M]: 0x8001CDF4 (0x00120213) addi tp, tp, 1
x4 <- 0x00000001


mem[X,0x8001CDF8] -> 0x006F
mem[X,0x8001CDFA] -> 0x01C0
[2787] [M]: 0x8001CDF8 (0x01C0006F) jal zero, 28


mem[X,0x8001CE14] -> 0xA223
mem[X,0x8001CE16] -> 0x4440
[2788] [M]: 0x8001CE14 (0x4440A223) sw tp, 1092(ra)
mem[0x8003A5AC] <- 0x00000001


mem[X,0x8001CE18] -> 0x0513
mem[X,0x8001CE1A] -> 0x0020
[2789] [M]: 0x8001CE18 (0x00200513) addi a0, zero, 2
x10 <- 0x00000002


mem[X,0x8001CE1C] -> 0x55B7
mem[X,0x8001CE1E] -> 0xFFFF
[2790] [M]: 0x8001CE1C (0xFFFF55B7) lui a1, 1048565
x11 <- 0xFFFF5000


mem[X,0x8001CE20] -> 0x8593
mem[X,0x8001CE22] -> 0xAFD5
[2791] [M]: 0x8001CE20 (0xAFD58593) addi a1, a1, 2813
x11 <- 0xFFFF4AFD


mem[X,0x8001CE24] -> 0x0213
mem[X,0x8001CE26] -> 0x0000
[2792] [M]: 0x8001CE24 (0x00000213) addi tp, zero, 0
x4 <- 0x00000000


mem[X,0x8001CE28] -> 0x006F
mem[X,0x8001CE2A] -> 0x0140
[2793] [M]: 0x8001CE28 (0x0140006F) jal zero, 20


mem[X,0x8001CE3C] -> 0x18E3
mem[X,0x8001CE3E] -> 0xFEB5
[2794] [M]: 0x8001CE3C (0xFEB518E3) bne a0, a1, 8176


mem[X,0x8001CE2C] -> 0x0213
mem[X,0x8001CE2E] -> 0x0012
[2795] [M]: 0x8001CE2C (0x00120213) addi tp, tp, 1
x4 <- 0x00000001


mem[X,0x8001CE30] -> 0x006F
mem[X,0x8001CE32] -> 0x0200
[2796] [M]: 0x8001CE30 (0x0200006F) jal zero, 32


mem[X,0x8001CE50] -> 0xA423
mem[X,0x8001CE52] -> 0x4440
[2797] [M]: 0x8001CE50 (0x4440A423) sw tp, 1096(ra)
mem[0x8003A5B0] <- 0x00000001


mem[X,0x8001CE54] -> 0x0513
mem[X,0x8001CE56] -> 0x0020
[2798] [M]: 0x8001CE54 (0x00200513) addi a0, zero, 2
x10 <- 0x00000002


mem[X,0x8001CE58] -> 0xB5B7
mem[X,0x8001CE5A] -> 0x0000
[2799] [M]: 0x8001CE58 (0x0000B5B7) lui a1, 11
x11 <- 0x0000B000


clint::tick mtime <- 0x000000000000001C
 clint timer pending at mtime 0x000000000000001C
htif::tick 0x0000000000000000
mem[X,0x8001CE5C] -> 0x8593
mem[X,0x8001CE5E] -> 0x5055
[2800] [M]: 0x8001CE5C (0x50558593) addi a1, a1, 1285
x11 <- 0x0000B505


mem[X,0x8001CE60] -> 0x0213
mem[X,0x8001CE62] -> 0x0000
[2801] [M]: 0x8001CE60 (0x00000213) addi tp, zero, 0
x4 <- 0x00000000


mem[X,0x8001CE64] -> 0x006F
mem[X,0x8001CE66] -> 0x00C0
[2802] [M]: 0x8001CE64 (0x00C0006F) jal zero, 12


mem[X,0x8001CE70] -> 0x1063
mem[X,0x8001CE72] -> 0x40B5
[2803] [M]: 0x8001CE70 (0x40B51063) bne a0, a1, 1024


mem[X,0x8001D270] -> 0x0213
mem[X,0x8001D272] -> 0x0032
[2804] [M]: 0x8001D270 (0x00320213) addi tp, tp, 3
x4 <- 0x00000003


mem[X,0x8001D274] -> 0x006F
mem[X,0x8001D276] -> 0x0040
[2805] [M]: 0x8001D274 (0x0040006F) jal zero, 4


mem[X,0x8001D278] -> 0xA623
mem[X,0x8001D27A] -> 0x4440
[2806] [M]: 0x8001D278 (0x4440A623) sw tp, 1100(ra)
mem[0x8003A5B4] <- 0x00000003


mem[X,0x8001D27C] -> 0x5537
mem[X,0x8001D27E] -> 0x5555
[2807] [M]: 0x8001D27C (0x55555537) lui a0, 349525
x10 <- 0x55555000


mem[X,0x8001D280] -> 0x0513
mem[X,0x8001D282] -> 0x5545
[2808] [M]: 0x8001D280 (0x55450513) addi a0, a0, 1364
x10 <- 0x55555554


mem[X,0x8001D284] -> 0x0593
mem[X,0x8001D286] -> 0x0030
[2809] [M]: 0x8001D284 (0x00300593) addi a1, zero, 3
x11 <- 0x00000003


mem[X,0x8001D288] -> 0x0213
mem[X,0x8001D28A] -> 0x0000
[2810] [M]: 0x8001D288 (0x00000213) addi tp, zero, 0
x4 <- 0x00000000


mem[X,0x8001D28C] -> 0x006F
mem[X,0x8001D28E] -> 0x00C0
[2811] [M]: 0x8001D28C (0x00C0006F) jal zero, 12


mem[X,0x8001D298] -> 0x1CE3
mem[X,0x8001D29A] -> 0xFEB5
[2812] [M]: 0x8001D298 (0xFEB51CE3) bne a0, a1, 8184


mem[X,0x8001D290] -> 0x0213
mem[X,0x8001D292] -> 0x0012
[2813] [M]: 0x8001D290 (0x00120213) addi tp, tp, 1
x4 <- 0x00000001


mem[X,0x8001D294] -> 0x006F
mem[X,0x8001D296] -> 0x0180
[2814] [M]: 0x8001D294 (0x0180006F) jal zero, 24


mem[X,0x8001D2AC] -> 0xA823
mem[X,0x8001D2AE] -> 0x4440
[2815] [M]: 0x8001D2AC (0x4440A823) sw tp, 1104(ra)
mem[0x8003A5B8] <- 0x00000001


mem[X,0x8001D2B0] -> 0x5537
mem[X,0x8001D2B2] -> 0x5555
[2816] [M]: 0x8001D2B0 (0x55555537) lui a0, 349525
x10 <- 0x55555000


mem[X,0x8001D2B4] -> 0x0513
mem[X,0x8001D2B6] -> 0x5545
[2817] [M]: 0x8001D2B4 (0x55450513) addi a0, a0, 1364
x10 <- 0x55555554


mem[X,0x8001D2B8] -> 0x55B7
mem[X,0x8001D2BA] -> 0x5555
[2818] [M]: 0x8001D2B8 (0x555555B7) lui a1, 349525
x11 <- 0x55555000


mem[X,0x8001D2BC] -> 0x8593
mem[X,0x8001D2BE] -> 0x5555
[2819] [M]: 0x8001D2BC (0x55558593) addi a1, a1, 1365
x11 <- 0x55555555


mem[X,0x8001D2C0] -> 0x0213
mem[X,0x8001D2C2] -> 0x0000
[2820] [M]: 0x8001D2C0 (0x00000213) addi tp, zero, 0
x4 <- 0x00000000


mem[X,0x8001D2C4] -> 0x006F
mem[X,0x8001D2C6] -> 0x00C0
[2821] [M]: 0x8001D2C4 (0x00C0006F) jal zero, 12


mem[X,0x8001D2D0] -> 0x1CE3
mem[X,0x8001D2D2] -> 0xFEB5
[2822] [M]: 0x8001D2D0 (0xFEB51CE3) bne a0, a1, 8184


mem[X,0x8001D2C8] -> 0x0213
mem[X,0x8001D2CA] -> 0x0012
[2823] [M]: 0x8001D2C8 (0x00120213) addi tp, tp, 1
x4 <- 0x00000001


mem[X,0x8001D2CC] -> 0x006F
mem[X,0x8001D2CE] -> 0x0180
[2824] [M]: 0x8001D2CC (0x0180006F) jal zero, 24


mem[X,0x8001D2E4] -> 0xAA23
mem[X,0x8001D2E6] -> 0x4440
[2825] [M]: 0x8001D2E4 (0x4440AA23) sw tp, 1108(ra)
mem[0x8003A5BC] <- 0x00000001


mem[X,0x8001D2E8] -> 0x5537
mem[X,0x8001D2EA] -> 0x5555
[2826] [M]: 0x8001D2E8 (0x55555537) lui a0, 349525
x10 <- 0x55555000


mem[X,0x8001D2EC] -> 0x0513
mem[X,0x8001D2EE] -> 0x5545
[2827] [M]: 0x8001D2EC (0x55450513) addi a0, a0, 1364
x10 <- 0x55555554


mem[X,0x8001D2F0] -> 0xB5B7
mem[X,0x8001D2F2] -> 0xAAAA
[2828] [M]: 0x8001D2F0 (0xAAAAB5B7) lui a1, 699051
x11 <- 0xAAAAB000


mem[X,0x8001D2F4] -> 0x8593
mem[X,0x8001D2F6] -> 0xAAA5
[2829] [M]: 0x8001D2F4 (0xAAA58593) addi a1, a1, 2730
x11 <- 0xAAAAAAAA


mem[X,0x8001D2F8] -> 0x0213
mem[X,0x8001D2FA] -> 0x0000
[2830] [M]: 0x8001D2F8 (0x00000213) addi tp, zero, 0
x4 <- 0x00000000


mem[X,0x8001D2FC] -> 0x006F
mem[X,0x8001D2FE] -> 0x00C0
[2831] [M]: 0x8001D2FC (0x00C0006F) jal zero, 12


mem[X,0x8001D308] -> 0x1063
mem[X,0x8001D30A] -> 0x20B5
[2832] [M]: 0x8001D308 (0x20B51063) bne a0, a1, 512


mem[X,0x8001D508] -> 0x0213
mem[X,0x8001D50A] -> 0x0032
[2833] [M]: 0x8001D508 (0x00320213) addi tp, tp, 3
x4 <- 0x00000003


mem[X,0x8001D50C] -> 0x006F
mem[X,0x8001D50E] -> 0x0040
[2834] [M]: 0x8001D50C (0x0040006F) jal zero, 4


mem[X,0x8001D510] -> 0xAC23
mem[X,0x8001D512] -> 0x4440
[2835] [M]: 0x8001D510 (0x4440AC23) sw tp, 1112(ra)
mem[0x8003A5C0] <- 0x00000003


mem[X,0x8001D514] -> 0x5537
mem[X,0x8001D516] -> 0x5555
[2836] [M]: 0x8001D514 (0x55555537) lui a0, 349525
x10 <- 0x55555000


mem[X,0x8001D518] -> 0x0513
mem[X,0x8001D51A] -> 0x5545
[2837] [M]: 0x8001D518 (0x55450513) addi a0, a0, 1364
x10 <- 0x55555554


mem[X,0x8001D51C] -> 0x0593
mem[X,0x8001D51E] -> 0x0050
[2838] [M]: 0x8001D51C (0x00500593) addi a1, zero, 5
x11 <- 0x00000005


mem[X,0x8001D520] -> 0x0213
mem[X,0x8001D522] -> 0x0000
[2839] [M]: 0x8001D520 (0x00000213) addi tp, zero, 0
x4 <- 0x00000000


mem[X,0x8001D524] -> 0x006F
mem[X,0x8001D526] -> 0x00C0
[2840] [M]: 0x8001D524 (0x00C0006F) jal zero, 12


mem[X,0x8001D530] -> 0x1663
mem[X,0x8001D532] -> 0x00B5
[2841] [M]: 0x8001D530 (0x00B51663) bne a0, a1, 12


mem[X,0x8001D53C] -> 0x0213
mem[X,0x8001D53E] -> 0x0032
[2842] [M]: 0x8001D53C (0x00320213) addi tp, tp, 3
x4 <- 0x00000003


mem[X,0x8001D540] -> 0x006F
mem[X,0x8001D542] -> 0x0040
[2843] [M]: 0x8001D540 (0x0040006F) jal zero, 4


mem[X,0x8001D544] -> 0xAE23
mem[X,0x8001D546] -> 0x4440
[2844] [M]: 0x8001D544 (0x4440AE23) sw tp, 1116(ra)
mem[0x8003A5C4] <- 0x00000003


mem[X,0x8001D548] -> 0x5537
mem[X,0x8001D54A] -> 0x5555
[2845] [M]: 0x8001D548 (0x55555537) lui a0, 349525
x10 <- 0x55555000


mem[X,0x8001D54C] -> 0x0513
mem[X,0x8001D54E] -> 0x5545
[2846] [M]: 0x8001D54C (0x55450513) addi a0, a0, 1364
x10 <- 0x55555554


mem[X,0x8001D550] -> 0x35B7
mem[X,0x8001D552] -> 0x3333
[2847] [M]: 0x8001D550 (0x333335B7) lui a1, 209715
x11 <- 0x33333000


mem[X,0x8001D554] -> 0x8593
mem[X,0x8001D556] -> 0x3335
[2848] [M]: 0x8001D554 (0x33358593) addi a1, a1, 819
x11 <- 0x33333333


mem[X,0x8001D558] -> 0x0213
mem[X,0x8001D55A] -> 0x0000
[2849] [M]: 0x8001D558 (0x00000213) addi tp, zero, 0
x4 <- 0x00000000


mem[X,0x8001D55C] -> 0x006F
mem[X,0x8001D55E] -> 0x00C0
[2850] [M]: 0x8001D55C (0x00C0006F) jal zero, 12


mem[X,0x8001D568] -> 0x1063
mem[X,0x8001D56A] -> 0x04B5
[2851] [M]: 0x8001D568 (0x04B51063) bne a0, a1, 64


mem[X,0x8001D5A8] -> 0x0213
mem[X,0x8001D5AA] -> 0x0032
[2852] [M]: 0x8001D5A8 (0x00320213) addi tp, tp, 3
x4 <- 0x00000003


mem[X,0x8001D5AC] -> 0x006F
mem[X,0x8001D5AE] -> 0x0040
[2853] [M]: 0x8001D5AC (0x0040006F) jal zero, 4


mem[X,0x8001D5B0] -> 0xA023
mem[X,0x8001D5B2] -> 0x4640
[2854] [M]: 0x8001D5B0 (0x4640A023) sw tp, 1120(ra)
mem[0x8003A5C8] <- 0x00000003


mem[X,0x8001D5B4] -> 0x5537
mem[X,0x8001D5B6] -> 0x5555
[2855] [M]: 0x8001D5B4 (0x55555537) lui a0, 349525
x10 <- 0x55555000


mem[X,0x8001D5B8] -> 0x0513
mem[X,0x8001D5BA] -> 0x5545
[2856] [M]: 0x8001D5B8 (0x55450513) addi a0, a0, 1364
x10 <- 0x55555554


mem[X,0x8001D5BC] -> 0x65B7
mem[X,0x8001D5BE] -> 0x6666
[2857] [M]: 0x8001D5BC (0x666665B7) lui a1, 419430
x11 <- 0x66666000


mem[X,0x8001D5C0] -> 0x8593
mem[X,0x8001D5C2] -> 0x6665
[2858] [M]: 0x8001D5C0 (0x66658593) addi a1, a1, 1638
x11 <- 0x66666666


mem[X,0x8001D5C4] -> 0x0213
mem[X,0x8001D5C6] -> 0x0000
[2859] [M]: 0x8001D5C4 (0x00000213) addi tp, zero, 0
x4 <- 0x00000000


mem[X,0x8001D5C8] -> 0x006F
mem[X,0x8001D5CA] -> 0x2B10
[2860] [M]: 0x8001D5C8 (0x2B10006F) jal zero, 2736


mem[X,0x8001E078] -> 0x1A63
mem[X,0x8001E07A] -> 0xD4B5
[2861] [M]: 0x8001E078 (0xD4B51A63) bne a0, a1, 5460


mem[X,0x8001D5CC] -> 0x0213
mem[X,0x8001D5CE] -> 0x0012
[2862] [M]: 0x8001D5CC (0x00120213) addi tp, tp, 1
x4 <- 0x00000001


mem[X,0x8001D5D0] -> 0x006F
mem[X,0x8001D5D2] -> 0x2BD0
[2863] [M]: 0x8001D5D0 (0x2BD0006F) jal zero, 2748


mem[X,0x8001E08C] -> 0xA223
mem[X,0x8001E08E] -> 0x4640
[2864] [M]: 0x8001E08C (0x4640A223) sw tp, 1124(ra)
mem[0x8003A5CC] <- 0x00000001


mem[X,0x8001E090] -> 0x5537
mem[X,0x8001E092] -> 0x5555
[2865] [M]: 0x8001E090 (0x55555537) lui a0, 349525
x10 <- 0x55555000


mem[X,0x8001E094] -> 0x0513
mem[X,0x8001E096] -> 0x5545
[2866] [M]: 0x8001E094 (0x55450513) addi a0, a0, 1364
x10 <- 0x55555554


mem[X,0x8001E098] -> 0x55B7
mem[X,0x8001E09A] -> 0xFFFF
[2867] [M]: 0x8001E098 (0xFFFF55B7) lui a1, 1048565
x11 <- 0xFFFF5000


mem[X,0x8001E09C] -> 0x8593
mem[X,0x8001E09E] -> 0xAFC5
[2868] [M]: 0x8001E09C (0xAFC58593) addi a1, a1, 2812
x11 <- 0xFFFF4AFC


mem[X,0x8001E0A0] -> 0x0213
mem[X,0x8001E0A2] -> 0x0000
[2869] [M]: 0x8001E0A0 (0x00000213) addi tp, zero, 0
x4 <- 0x00000000


mem[X,0x8001E0A4] -> 0x006F
mem[X,0x8001E0A6] -> 0x00C0
[2870] [M]: 0x8001E0A4 (0x00C0006F) jal zero, 12


mem[X,0x8001E0B0] -> 0x1063
mem[X,0x8001E0B2] -> 0x04B5
[2871] [M]: 0x8001E0B0 (0x04B51063) bne a0, a1, 64


mem[X,0x8001E0F0] -> 0x0213
mem[X,0x8001E0F2] -> 0x0032
[2872] [M]: 0x8001E0F0 (0x00320213) addi tp, tp, 3
x4 <- 0x00000003


mem[X,0x8001E0F4] -> 0x006F
mem[X,0x8001E0F6] -> 0x0040
[2873] [M]: 0x8001E0F4 (0x0040006F) jal zero, 4


mem[X,0x8001E0F8] -> 0xA423
mem[X,0x8001E0FA] -> 0x4640
[2874] [M]: 0x8001E0F8 (0x4640A423) sw tp, 1128(ra)
mem[0x8003A5D0] <- 0x00000003


mem[X,0x8001E0FC] -> 0x5537
mem[X,0x8001E0FE] -> 0x5555
[2875] [M]: 0x8001E0FC (0x55555537) lui a0, 349525
x10 <- 0x55555000


mem[X,0x8001E100] -> 0x0513
mem[X,0x8001E102] -> 0x5545
[2876] [M]: 0x8001E100 (0x55450513) addi a0, a0, 1364
x10 <- 0x55555554


mem[X,0x8001E104] -> 0xB5B7
mem[X,0x8001E106] -> 0x0000
[2877] [M]: 0x8001E104 (0x0000B5B7) lui a1, 11
x11 <- 0x0000B000


mem[X,0x8001E108] -> 0x8593
mem[X,0x8001E10A] -> 0x5045
[2878] [M]: 0x8001E108 (0x50458593) addi a1, a1, 1284
x11 <- 0x0000B504


mem[X,0x8001E10C] -> 0x0213
mem[X,0x8001E10E] -> 0x0000
[2879] [M]: 0x8001E10C (0x00000213) addi tp, zero, 0
x4 <- 0x00000000


mem[X,0x8001E110] -> 0x006F
mem[X,0x8001E112] -> 0x00C0
[2880] [M]: 0x8001E110 (0x00C0006F) jal zero, 12


mem[X,0x8001E11C] -> 0x1663
mem[X,0x8001E11E] -> 0x00B5
[2881] [M]: 0x8001E11C (0x00B51663) bne a0, a1, 12


mem[X,0x8001E128] -> 0x0213
mem[X,0x8001E12A] -> 0x0032
[2882] [M]: 0x8001E128 (0x00320213) addi tp, tp, 3
x4 <- 0x00000003


mem[X,0x8001E12C] -> 0x006F
mem[X,0x8001E12E] -> 0x0040
[2883] [M]: 0x8001E12C (0x0040006F) jal zero, 4


mem[X,0x8001E130] -> 0xA623
mem[X,0x8001E132] -> 0x4640
[2884] [M]: 0x8001E130 (0x4640A623) sw tp, 1132(ra)
mem[0x8003A5D4] <- 0x00000003


mem[X,0x8001E134] -> 0x5537
mem[X,0x8001E136] -> 0x5555
[2885] [M]: 0x8001E134 (0x55555537) lui a0, 349525
x10 <- 0x55555000


mem[X,0x8001E138] -> 0x0513
mem[X,0x8001E13A] -> 0x5545
[2886] [M]: 0x8001E138 (0x55450513) addi a0, a0, 1364
x10 <- 0x55555554


mem[X,0x8001E13C] -> 0x0593
mem[X,0x8001E13E] -> 0x0020
[2887] [M]: 0x8001E13C (0x00200593) addi a1, zero, 2
x11 <- 0x00000002


mem[X,0x8001E140] -> 0x0213
mem[X,0x8001E142] -> 0x0000
[2888] [M]: 0x8001E140 (0x00000213) addi tp, zero, 0
x4 <- 0x00000000


mem[X,0x8001E144] -> 0x006F
mem[X,0x8001E146] -> 0x0050
[2889] [M]: 0x8001E144 (0x0050006F) jal zero, 2052


mem[X,0x8001E948] -> 0x10E3
mem[X,0x8001E94A] -> 0x80B5
[2890] [M]: 0x8001E948 (0x80B510E3) bne a0, a1, 6144


mem[X,0x8001E148] -> 0x0213
mem[X,0x8001E14A] -> 0x0012
[2891] [M]: 0x8001E148 (0x00120213) addi tp, tp, 1
x4 <- 0x00000001


mem[X,0x8001E14C] -> 0x006F
mem[X,0x8001E14E] -> 0x0110
[2892] [M]: 0x8001E14C (0x0110006F) jal zero, 2064


mem[X,0x8001E95C] -> 0xA823
mem[X,0x8001E95E] -> 0x4640
[2893] [M]: 0x8001E95C (0x4640A823) sw tp, 1136(ra)
mem[0x8003A5D8] <- 0x00000001


mem[X,0x8001E960] -> 0x5537
mem[X,0x8001E962] -> 0x5555
[2894] [M]: 0x8001E960 (0x55555537) lui a0, 349525
x10 <- 0x55555000


mem[X,0x8001E964] -> 0x0513
mem[X,0x8001E966] -> 0x5545
[2895] [M]: 0x8001E964 (0x55450513) addi a0, a0, 1364
x10 <- 0x55555554


mem[X,0x8001E968] -> 0x55B7
mem[X,0x8001E96A] -> 0x5555
[2896] [M]: 0x8001E968 (0x555555B7) lui a1, 349525
x11 <- 0x55555000


mem[X,0x8001E96C] -> 0x8593
mem[X,0x8001E96E] -> 0x5545
[2897] [M]: 0x8001E96C (0x55458593) addi a1, a1, 1364
x11 <- 0x55555554


mem[X,0x8001E970] -> 0x0213
mem[X,0x8001E972] -> 0x0000
[2898] [M]: 0x8001E970 (0x00000213) addi tp, zero, 0
x4 <- 0x00000000


mem[X,0x8001E974] -> 0x006F
mem[X,0x8001E976] -> 0x00C0
[2899] [M]: 0x8001E974 (0x00C0006F) jal zero, 12


clint::tick mtime <- 0x000000000000001D
 clint timer pending at mtime 0x000000000000001D
htif::tick 0x0000000000000000
mem[X,0x8001E980] -> 0x1063
mem[X,0x8001E982] -> 0x04B5
[2900] [M]: 0x8001E980 (0x04B51063) bne a0, a1, 64


mem[X,0x8001E984] -> 0x0213
mem[X,0x8001E986] -> 0x0022
[2901] [M]: 0x8001E984 (0x00220213) addi tp, tp, 2
x4 <- 0x00000002


mem[X,0x8001E988] -> 0x006F
mem[X,0x8001E98A] -> 0x0400
[2902] [M]: 0x8001E988 (0x0400006F) jal zero, 64


mem[X,0x8001E9C8] -> 0xAA23
mem[X,0x8001E9CA] -> 0x4640
[2903] [M]: 0x8001E9C8 (0x4640AA23) sw tp, 1140(ra)
mem[0x8003A5DC] <- 0x00000002


mem[X,0x8001E9CC] -> 0x5537
mem[X,0x8001E9CE] -> 0x5555
[2904] [M]: 0x8001E9CC (0x55555537) lui a0, 349525
x10 <- 0x55555000


mem[X,0x8001E9D0] -> 0x0513
mem[X,0x8001E9D2] -> 0x5545
[2905] [M]: 0x8001E9D0 (0x55450513) addi a0, a0, 1364
x10 <- 0x55555554


mem[X,0x8001E9D4] -> 0x0593
mem[X,0x8001E9D6] -> 0x0000
[2906] [M]: 0x8001E9D4 (0x00000593) addi a1, zero, 0
x11 <- 0x00000000


mem[X,0x8001E9D8] -> 0x0213
mem[X,0x8001E9DA] -> 0x0000
[2907] [M]: 0x8001E9D8 (0x00000213) addi tp, zero, 0
x4 <- 0x00000000


mem[X,0x8001E9DC] -> 0x006F
mem[X,0x8001E9DE] -> 0x0140
[2908] [M]: 0x8001E9DC (0x0140006F) jal zero, 20


mem[X,0x8001E9F0] -> 0x18E3
mem[X,0x8001E9F2] -> 0xFEB5
[2909] [M]: 0x8001E9F0 (0xFEB518E3) bne a0, a1, 8176


mem[X,0x8001E9E0] -> 0x0213
mem[X,0x8001E9E2] -> 0x0012
[2910] [M]: 0x8001E9E0 (0x00120213) addi tp, tp, 1
x4 <- 0x00000001


mem[X,0x8001E9E4] -> 0x006F
mem[X,0x8001E9E6] -> 0x0200
[2911] [M]: 0x8001E9E4 (0x0200006F) jal zero, 32


mem[X,0x8001EA04] -> 0xAC23
mem[X,0x8001EA06] -> 0x4640
[2912] [M]: 0x8001EA04 (0x4640AC23) sw tp, 1144(ra)
mem[0x8003A5E0] <- 0x00000001


mem[X,0x8001EA08] -> 0x5537
mem[X,0x8001EA0A] -> 0x5555
[2913] [M]: 0x8001EA08 (0x55555537) lui a0, 349525
x10 <- 0x55555000


mem[X,0x8001EA0C] -> 0x0513
mem[X,0x8001EA0E] -> 0x5545
[2914] [M]: 0x8001EA0C (0x55450513) addi a0, a0, 1364
x10 <- 0x55555554


mem[X,0x8001EA10] -> 0x0593
mem[X,0x8001EA12] -> 0x0040
[2915] [M]: 0x8001EA10 (0x00400593) addi a1, zero, 4
x11 <- 0x00000004


mem[X,0x8001EA14] -> 0x0213
mem[X,0x8001EA16] -> 0x0000
[2916] [M]: 0x8001EA14 (0x00000213) addi tp, zero, 0
x4 <- 0x00000000


mem[X,0x8001EA18] -> 0x006F
mem[X,0x8001EA1A] -> 0x0100
[2917] [M]: 0x8001EA18 (0x0100006F) jal zero, 16


mem[X,0x8001EA28] -> 0x1AE3
mem[X,0x8001EA2A] -> 0xFEB5
[2918] [M]: 0x8001EA28 (0xFEB51AE3) bne a0, a1, 8180


mem[X,0x8001EA1C] -> 0x0213
mem[X,0x8001EA1E] -> 0x0012
[2919] [M]: 0x8001EA1C (0x00120213) addi tp, tp, 1
x4 <- 0x00000001


mem[X,0x8001EA20] -> 0x006F
mem[X,0x8001EA22] -> 0x01C0
[2920] [M]: 0x8001EA20 (0x01C0006F) jal zero, 28


mem[X,0x8001EA3C] -> 0xAE23
mem[X,0x8001EA3E] -> 0x4640
[2921] [M]: 0x8001EA3C (0x4640AE23) sw tp, 1148(ra)
mem[0x8003A5E4] <- 0x00000001


mem[X,0x8001EA40] -> 0x5537
mem[X,0x8001EA42] -> 0x5555
[2922] [M]: 0x8001EA40 (0x55555537) lui a0, 349525
x10 <- 0x55555000


mem[X,0x8001EA44] -> 0x0513
mem[X,0x8001EA46] -> 0x5545
[2923] [M]: 0x8001EA44 (0x55450513) addi a0, a0, 1364
x10 <- 0x55555554


mem[X,0x8001EA48] -> 0x35B7
mem[X,0x8001EA4A] -> 0x3333
[2924] [M]: 0x8001EA48 (0x333335B7) lui a1, 209715
x11 <- 0x33333000


mem[X,0x8001EA4C] -> 0x8593
mem[X,0x8001EA4E] -> 0x3325
[2925] [M]: 0x8001EA4C (0x33258593) addi a1, a1, 818
x11 <- 0x33333332


mem[X,0x8001EA50] -> 0x0213
mem[X,0x8001EA52] -> 0x0000
[2926] [M]: 0x8001EA50 (0x00000213) addi tp, zero, 0
x4 <- 0x00000000


mem[X,0x8001EA54] -> 0x006F
mem[X,0x8001EA56] -> 0x00C0
[2927] [M]: 0x8001EA54 (0x00C0006F) jal zero, 12


mem[X,0x8001EA60] -> 0x1663
mem[X,0x8001EA62] -> 0x00B5
[2928] [M]: 0x8001EA60 (0x00B51663) bne a0, a1, 12


mem[X,0x8001EA6C] -> 0x0213
mem[X,0x8001EA6E] -> 0x0032
[2929] [M]: 0x8001EA6C (0x00320213) addi tp, tp, 3
x4 <- 0x00000003


mem[X,0x8001EA70] -> 0x006F
mem[X,0x8001EA72] -> 0x0040
[2930] [M]: 0x8001EA70 (0x0040006F) jal zero, 4


mem[X,0x8001EA74] -> 0xA023
mem[X,0x8001EA76] -> 0x4840
[2931] [M]: 0x8001EA74 (0x4840A023) sw tp, 1152(ra)
mem[0x8003A5E8] <- 0x00000003


mem[X,0x8001EA78] -> 0x5537
mem[X,0x8001EA7A] -> 0x5555
[2932] [M]: 0x8001EA78 (0x55555537) lui a0, 349525
x10 <- 0x55555000


mem[X,0x8001EA7C] -> 0x0513
mem[X,0x8001EA7E] -> 0x5545
[2933] [M]: 0x8001EA7C (0x55450513) addi a0, a0, 1364
x10 <- 0x55555554


mem[X,0x8001EA80] -> 0x65B7
mem[X,0x8001EA82] -> 0x6666
[2934] [M]: 0x8001EA80 (0x666665B7) lui a1, 419430
x11 <- 0x66666000


mem[X,0x8001EA84] -> 0x8593
mem[X,0x8001EA86] -> 0x6655
[2935] [M]: 0x8001EA84 (0x66558593) addi a1, a1, 1637
x11 <- 0x66666665


mem[X,0x8001EA88] -> 0x0213
mem[X,0x8001EA8A] -> 0x0000
[2936] [M]: 0x8001EA88 (0x00000213) addi tp, zero, 0
x4 <- 0x00000000


mem[X,0x8001EA8C] -> 0x006F
mem[X,0x8001EA8E] -> 0x00C0
[2937] [M]: 0x8001EA8C (0x00C0006F) jal zero, 12


mem[X,0x8001EA98] -> 0x1063
mem[X,0x8001EA9A] -> 0x10B5
[2938] [M]: 0x8001EA98 (0x10B51063) bne a0, a1, 256


mem[X,0x8001EB98] -> 0x0213
mem[X,0x8001EB9A] -> 0x0032
[2939] [M]: 0x8001EB98 (0x00320213) addi tp, tp, 3
x4 <- 0x00000003


mem[X,0x8001EB9C] -> 0x006F
mem[X,0x8001EB9E] -> 0x0040
[2940] [M]: 0x8001EB9C (0x0040006F) jal zero, 4


mem[X,0x8001EBA0] -> 0xA223
mem[X,0x8001EBA2] -> 0x4840
[2941] [M]: 0x8001EBA0 (0x4840A223) sw tp, 1156(ra)
mem[0x8003A5EC] <- 0x00000003


mem[X,0x8001EBA4] -> 0x5537
mem[X,0x8001EBA6] -> 0x5555
[2942] [M]: 0x8001EBA4 (0x55555537) lui a0, 349525
x10 <- 0x55555000


mem[X,0x8001EBA8] -> 0x0513
mem[X,0x8001EBAA] -> 0x5545
[2943] [M]: 0x8001EBA8 (0x55450513) addi a0, a0, 1364
x10 <- 0x55555554


mem[X,0x8001EBAC] -> 0xB5B7
mem[X,0x8001EBAE] -> 0x0000
[2944] [M]: 0x8001EBAC (0x0000B5B7) lui a1, 11
x11 <- 0x0000B000


mem[X,0x8001EBB0] -> 0x8593
mem[X,0x8001EBB2] -> 0x5035
[2945] [M]: 0x8001EBB0 (0x50358593) addi a1, a1, 1283
x11 <- 0x0000B503


mem[X,0x8001EBB4] -> 0x0213
mem[X,0x8001EBB6] -> 0x0000
[2946] [M]: 0x8001EBB4 (0x00000213) addi tp, zero, 0
x4 <- 0x00000000


mem[X,0x8001EBB8] -> 0x006F
mem[X,0x8001EBBA] -> 0x0050
[2947] [M]: 0x8001EBB8 (0x0050006F) jal zero, 2052


mem[X,0x8001F3BC] -> 0x10E3
mem[X,0x8001F3BE] -> 0x80B5
[2948] [M]: 0x8001F3BC (0x80B510E3) bne a0, a1, 6144


mem[X,0x8001EBBC] -> 0x0213
mem[X,0x8001EBBE] -> 0x0012
[2949] [M]: 0x8001EBBC (0x00120213) addi tp, tp, 1
x4 <- 0x00000001


mem[X,0x8001EBC0] -> 0x006F
mem[X,0x8001EBC2] -> 0x0110
[2950] [M]: 0x8001EBC0 (0x0110006F) jal zero, 2064


mem[X,0x8001F3D0] -> 0xA423
mem[X,0x8001F3D2] -> 0x4840
[2951] [M]: 0x8001F3D0 (0x4840A423) sw tp, 1160(ra)
mem[0x8003A5F0] <- 0x00000001


mem[X,0x8001F3D4] -> 0x5537
mem[X,0x8001F3D6] -> 0x5555
[2952] [M]: 0x8001F3D4 (0x55555537) lui a0, 349525
x10 <- 0x55555000


mem[X,0x8001F3D8] -> 0x0513
mem[X,0x8001F3DA] -> 0x5545
[2953] [M]: 0x8001F3D8 (0x55450513) addi a0, a0, 1364
x10 <- 0x55555554


mem[X,0x8001F3DC] -> 0x55B7
mem[X,0x8001F3DE] -> 0x5555
[2954] [M]: 0x8001F3DC (0x555555B7) lui a1, 349525
x11 <- 0x55555000


mem[X,0x8001F3E0] -> 0x8593
mem[X,0x8001F3E2] -> 0x5565
[2955] [M]: 0x8001F3E0 (0x55658593) addi a1, a1, 1366
x11 <- 0x55555556


mem[X,0x8001F3E4] -> 0x0213
mem[X,0x8001F3E6] -> 0x0000
[2956] [M]: 0x8001F3E4 (0x00000213) addi tp, zero, 0
x4 <- 0x00000000


mem[X,0x8001F3E8] -> 0x006F
mem[X,0x8001F3EA] -> 0x0140
[2957] [M]: 0x8001F3E8 (0x0140006F) jal zero, 20


mem[X,0x8001F3FC] -> 0x18E3
mem[X,0x8001F3FE] -> 0xFEB5
[2958] [M]: 0x8001F3FC (0xFEB518E3) bne a0, a1, 8176


mem[X,0x8001F3EC] -> 0x0213
mem[X,0x8001F3EE] -> 0x0012
[2959] [M]: 0x8001F3EC (0x00120213) addi tp, tp, 1
x4 <- 0x00000001


mem[X,0x8001F3F0] -> 0x006F
mem[X,0x8001F3F2] -> 0x0200
[2960] [M]: 0x8001F3F0 (0x0200006F) jal zero, 32


mem[X,0x8001F410] -> 0xA623
mem[X,0x8001F412] -> 0x4840
[2961] [M]: 0x8001F410 (0x4840A623) sw tp, 1164(ra)
mem[0x8003A5F4] <- 0x00000001


mem[X,0x8001F414] -> 0x5537
mem[X,0x8001F416] -> 0x5555
[2962] [M]: 0x8001F414 (0x55555537) lui a0, 349525
x10 <- 0x55555000


mem[X,0x8001F418] -> 0x0513
mem[X,0x8001F41A] -> 0x5545
[2963] [M]: 0x8001F418 (0x55450513) addi a0, a0, 1364
x10 <- 0x55555554


mem[X,0x8001F41C] -> 0xB5B7
mem[X,0x8001F41E] -> 0xAAAA
[2964] [M]: 0x8001F41C (0xAAAAB5B7) lui a1, 699051
x11 <- 0xAAAAB000


mem[X,0x8001F420] -> 0x8593
mem[X,0x8001F422] -> 0xAAB5
[2965] [M]: 0x8001F420 (0xAAB58593) addi a1, a1, 2731
x11 <- 0xAAAAAAAB


mem[X,0x8001F424] -> 0x0213
mem[X,0x8001F426] -> 0x0000
[2966] [M]: 0x8001F424 (0x00000213) addi tp, zero, 0
x4 <- 0x00000000


mem[X,0x8001F428] -> 0x006F
mem[X,0x8001F42A] -> 0x2B10
[2967] [M]: 0x8001F428 (0x2B10006F) jal zero, 2736


mem[X,0x8001FED8] -> 0x1A63
mem[X,0x8001FEDA] -> 0xD4B5
[2968] [M]: 0x8001FED8 (0xD4B51A63) bne a0, a1, 5460


mem[X,0x8001F42C] -> 0x0213
mem[X,0x8001F42E] -> 0x0012
[2969] [M]: 0x8001F42C (0x00120213) addi tp, tp, 1
x4 <- 0x00000001


mem[X,0x8001F430] -> 0x006F
mem[X,0x8001F432] -> 0x2BD0
[2970] [M]: 0x8001F430 (0x2BD0006F) jal zero, 2748


mem[X,0x8001FEEC] -> 0xA823
mem[X,0x8001FEEE] -> 0x4840
[2971] [M]: 0x8001FEEC (0x4840A823) sw tp, 1168(ra)
mem[0x8003A5F8] <- 0x00000001


mem[X,0x8001FEF0] -> 0x5537
mem[X,0x8001FEF2] -> 0x5555
[2972] [M]: 0x8001FEF0 (0x55555537) lui a0, 349525
x10 <- 0x55555000


mem[X,0x8001FEF4] -> 0x0513
mem[X,0x8001FEF6] -> 0x5545
[2973] [M]: 0x8001FEF4 (0x55450513) addi a0, a0, 1364
x10 <- 0x55555554


mem[X,0x8001FEF8] -> 0x0593
mem[X,0x8001FEFA] -> 0x0060
[2974] [M]: 0x8001FEF8 (0x00600593) addi a1, zero, 6
x11 <- 0x00000006


mem[X,0x8001FEFC] -> 0x0213
mem[X,0x8001FEFE] -> 0x0000
[2975] [M]: 0x8001FEFC (0x00000213) addi tp, zero, 0
x4 <- 0x00000000


mem[X,0x8001FF00] -> 0x006F
mem[X,0x8001FF02] -> 0x00C0
[2976] [M]: 0x8001FF00 (0x00C0006F) jal zero, 12


mem[X,0x8001FF0C] -> 0x1063
mem[X,0x8001FF0E] -> 0x04B5
[2977] [M]: 0x8001FF0C (0x04B51063) bne a0, a1, 64


mem[X,0x8001FF4C] -> 0x0213
mem[X,0x8001FF4E] -> 0x0032
[2978] [M]: 0x8001FF4C (0x00320213) addi tp, tp, 3
x4 <- 0x00000003


mem[X,0x8001FF50] -> 0x006F
mem[X,0x8001FF52] -> 0x0040
[2979] [M]: 0x8001FF50 (0x0040006F) jal zero, 4


mem[X,0x8001FF54] -> 0xAA23
mem[X,0x8001FF56] -> 0x4840
[2980] [M]: 0x8001FF54 (0x4840AA23) sw tp, 1172(ra)
mem[0x8003A5FC] <- 0x00000003


mem[X,0x8001FF58] -> 0x5537
mem[X,0x8001FF5A] -> 0x5555
[2981] [M]: 0x8001FF58 (0x55555537) lui a0, 349525
x10 <- 0x55555000


mem[X,0x8001FF5C] -> 0x0513
mem[X,0x8001FF5E] -> 0x5545
[2982] [M]: 0x8001FF5C (0x55450513) addi a0, a0, 1364
x10 <- 0x55555554


mem[X,0x8001FF60] -> 0x35B7
mem[X,0x8001FF62] -> 0x3333
[2983] [M]: 0x8001FF60 (0x333335B7) lui a1, 209715
x11 <- 0x33333000


mem[X,0x8001FF64] -> 0x8593
mem[X,0x8001FF66] -> 0x3345
[2984] [M]: 0x8001FF64 (0x33458593) addi a1, a1, 820
x11 <- 0x33333334


mem[X,0x8001FF68] -> 0x0213
mem[X,0x8001FF6A] -> 0x0000
[2985] [M]: 0x8001FF68 (0x00000213) addi tp, zero, 0
x4 <- 0x00000000


mem[X,0x8001FF6C] -> 0x006F
mem[X,0x8001FF6E] -> 0x00C0
[2986] [M]: 0x8001FF6C (0x00C0006F) jal zero, 12


mem[X,0x8001FF78] -> 0x1063
mem[X,0x8001FF7A] -> 0x20B5
[2987] [M]: 0x8001FF78 (0x20B51063) bne a0, a1, 512


mem[X,0x80020178] -> 0x0213
mem[X,0x8002017A] -> 0x0032
[2988] [M]: 0x80020178 (0x00320213) addi tp, tp, 3
x4 <- 0x00000003


mem[X,0x8002017C] -> 0x006F
mem[X,0x8002017E] -> 0x0040
[2989] [M]: 0x8002017C (0x0040006F) jal zero, 4


mem[X,0x80020180] -> 0xAC23
mem[X,0x80020182] -> 0x4840
[2990] [M]: 0x80020180 (0x4840AC23) sw tp, 1176(ra)
mem[0x8003A600] <- 0x00000003


mem[X,0x80020184] -> 0x5537
mem[X,0x80020186] -> 0x5555
[2991] [M]: 0x80020184 (0x55555537) lui a0, 349525
x10 <- 0x55555000


mem[X,0x80020188] -> 0x0513
mem[X,0x8002018A] -> 0x5545
[2992] [M]: 0x80020188 (0x55450513) addi a0, a0, 1364
x10 <- 0x55555554


mem[X,0x8002018C] -> 0x65B7
mem[X,0x8002018E] -> 0x6666
[2993] [M]: 0x8002018C (0x666665B7) lui a1, 419430
x11 <- 0x66666000


mem[X,0x80020190] -> 0x8593
mem[X,0x80020192] -> 0x6675
[2994] [M]: 0x80020190 (0x66758593) addi a1, a1, 1639
x11 <- 0x66666667


mem[X,0x80020194] -> 0x0213
mem[X,0x80020196] -> 0x0000
[2995] [M]: 0x80020194 (0x00000213) addi tp, zero, 0
x4 <- 0x00000000


mem[X,0x80020198] -> 0x006F
mem[X,0x8002019A] -> 0x00C0
[2996] [M]: 0x80020198 (0x00C0006F) jal zero, 12


mem[X,0x800201A4] -> 0x1063
mem[X,0x800201A6] -> 0x10B5
[2997] [M]: 0x800201A4 (0x10B51063) bne a0, a1, 256


mem[X,0x800202A4] -> 0x0213
mem[X,0x800202A6] -> 0x0032
[2998] [M]: 0x800202A4 (0x00320213) addi tp, tp, 3
x4 <- 0x00000003


mem[X,0x800202A8] -> 0x006F
mem[X,0x800202AA] -> 0x0040
[2999] [M]: 0x800202A8 (0x0040006F) jal zero, 4


clint::tick mtime <- 0x000000000000001E
 clint timer pending at mtime 0x000000000000001E
htif::tick 0x0000000000000000
mem[X,0x800202AC] -> 0xAE23
mem[X,0x800202AE] -> 0x4840
[3000] [M]: 0x800202AC (0x4840AE23) sw tp, 1180(ra)
mem[0x8003A604] <- 0x00000003


mem[X,0x800202B0] -> 0x5537
mem[X,0x800202B2] -> 0x5555
[3001] [M]: 0x800202B0 (0x55555537) lui a0, 349525
x10 <- 0x55555000


mem[X,0x800202B4] -> 0x0513
mem[X,0x800202B6] -> 0x5545
[3002] [M]: 0x800202B4 (0x55450513) addi a0, a0, 1364
x10 <- 0x55555554


mem[X,0x800202B8] -> 0x55B7
mem[X,0x800202BA] -> 0xFFFF
[3003] [M]: 0x800202B8 (0xFFFF55B7) lui a1, 1048565
x11 <- 0xFFFF5000


mem[X,0x800202BC] -> 0x8593
mem[X,0x800202BE] -> 0xAFD5
[3004] [M]: 0x800202BC (0xAFD58593) addi a1, a1, 2813
x11 <- 0xFFFF4AFD


mem[X,0x800202C0] -> 0x0213
mem[X,0x800202C2] -> 0x0000
[3005] [M]: 0x800202C0 (0x00000213) addi tp, zero, 0
x4 <- 0x00000000


mem[X,0x800202C4] -> 0x006F
mem[X,0x800202C6] -> 0x00C0
[3006] [M]: 0x800202C4 (0x00C0006F) jal zero, 12


mem[X,0x800202D0] -> 0x1663
mem[X,0x800202D2] -> 0x00B5
[3007] [M]: 0x800202D0 (0x00B51663) bne a0, a1, 12


mem[X,0x800202DC] -> 0x0213
mem[X,0x800202DE] -> 0x0032
[3008] [M]: 0x800202DC (0x00320213) addi tp, tp, 3
x4 <- 0x00000003


mem[X,0x800202E0] -> 0x006F
mem[X,0x800202E2] -> 0x0040
[3009] [M]: 0x800202E0 (0x0040006F) jal zero, 4


mem[X,0x800202E4] -> 0xA023
mem[X,0x800202E6] -> 0x4A40
[3010] [M]: 0x800202E4 (0x4A40A023) sw tp, 1184(ra)
mem[0x8003A608] <- 0x00000003


mem[X,0x800202E8] -> 0x5537
mem[X,0x800202EA] -> 0x5555
[3011] [M]: 0x800202E8 (0x55555537) lui a0, 349525
x10 <- 0x55555000


mem[X,0x800202EC] -> 0x0513
mem[X,0x800202EE] -> 0x5545
[3012] [M]: 0x800202EC (0x55450513) addi a0, a0, 1364
x10 <- 0x55555554


mem[X,0x800202F0] -> 0xB5B7
mem[X,0x800202F2] -> 0x0000
[3013] [M]: 0x800202F0 (0x0000B5B7) lui a1, 11
x11 <- 0x0000B000


mem[X,0x800202F4] -> 0x8593
mem[X,0x800202F6] -> 0x5055
[3014] [M]: 0x800202F4 (0x50558593) addi a1, a1, 1285
x11 <- 0x0000B505


mem[X,0x800202F8] -> 0x0213
mem[X,0x800202FA] -> 0x0000
[3015] [M]: 0x800202F8 (0x00000213) addi tp, zero, 0
x4 <- 0x00000000


mem[X,0x800202FC] -> 0x006F
mem[X,0x800202FE] -> 0x00C0
[3016] [M]: 0x800202FC (0x00C0006F) jal zero, 12


mem[X,0x80020308] -> 0x1CE3
mem[X,0x8002030A] -> 0xFEB5
[3017] [M]: 0x80020308 (0xFEB51CE3) bne a0, a1, 8184


mem[X,0x80020300] -> 0x0213
mem[X,0x80020302] -> 0x0012
[3018] [M]: 0x80020300 (0x00120213) addi tp, tp, 1
x4 <- 0x00000001


mem[X,0x80020304] -> 0x006F
mem[X,0x80020306] -> 0x0180
[3019] [M]: 0x80020304 (0x0180006F) jal zero, 24


mem[X,0x8002031C] -> 0xA223
mem[X,0x8002031E] -> 0x4A40
[3020] [M]: 0x8002031C (0x4A40A223) sw tp, 1188(ra)
mem[0x8003A60C] <- 0x00000001


mem[X,0x80020320] -> 0x0513
mem[X,0x80020322] -> 0x0000
[3021] [M]: 0x80020320 (0x00000513) addi a0, zero, 0
x10 <- 0x00000000


mem[X,0x80020324] -> 0x0593
mem[X,0x80020326] -> 0x0030
[3022] [M]: 0x80020324 (0x00300593) addi a1, zero, 3
x11 <- 0x00000003


mem[X,0x80020328] -> 0x0213
mem[X,0x8002032A] -> 0x0000
[3023] [M]: 0x80020328 (0x00000213) addi tp, zero, 0
x4 <- 0x00000000


mem[X,0x8002032C] -> 0x006F
mem[X,0x8002032E] -> 0x00C0
[3024] [M]: 0x8002032C (0x00C0006F) jal zero, 12


mem[X,0x80020338] -> 0x1663
mem[X,0x8002033A] -> 0x00B5
[3025] [M]: 0x80020338 (0x00B51663) bne a0, a1, 12


mem[X,0x80020344] -> 0x0213
mem[X,0x80020346] -> 0x0032
[3026] [M]: 0x80020344 (0x00320213) addi tp, tp, 3
x4 <- 0x00000003


mem[X,0x80020348] -> 0x006F
mem[X,0x8002034A] -> 0x0040
[3027] [M]: 0x80020348 (0x0040006F) jal zero, 4


mem[X,0x8002034C] -> 0xA423
mem[X,0x8002034E] -> 0x4A40
[3028] [M]: 0x8002034C (0x4A40A423) sw tp, 1192(ra)
mem[0x8003A610] <- 0x00000003


mem[X,0x80020350] -> 0x0513
mem[X,0x80020352] -> 0x0000
[3029] [M]: 0x80020350 (0x00000513) addi a0, zero, 0
x10 <- 0x00000000


mem[X,0x80020354] -> 0x55B7
mem[X,0x80020356] -> 0x5555
[3030] [M]: 0x80020354 (0x555555B7) lui a1, 349525
x11 <- 0x55555000


mem[X,0x80020358] -> 0x8593
mem[X,0x8002035A] -> 0x5555
[3031] [M]: 0x80020358 (0x55558593) addi a1, a1, 1365
x11 <- 0x55555555


mem[X,0x8002035C] -> 0x0213
mem[X,0x8002035E] -> 0x0000
[3032] [M]: 0x8002035C (0x00000213) addi tp, zero, 0
x4 <- 0x00000000


mem[X,0x80020360] -> 0x006F
mem[X,0x80020362] -> 0x00C0
[3033] [M]: 0x80020360 (0x00C0006F) jal zero, 12


mem[X,0x8002036C] -> 0x1663
mem[X,0x8002036E] -> 0x00B5
[3034] [M]: 0x8002036C (0x00B51663) bne a0, a1, 12


mem[X,0x80020378] -> 0x0213
mem[X,0x8002037A] -> 0x0032
[3035] [M]: 0x80020378 (0x00320213) addi tp, tp, 3
x4 <- 0x00000003


mem[X,0x8002037C] -> 0x006F
mem[X,0x8002037E] -> 0x0040
[3036] [M]: 0x8002037C (0x0040006F) jal zero, 4


mem[X,0x80020380] -> 0xA623
mem[X,0x80020382] -> 0x4A40
[3037] [M]: 0x80020380 (0x4A40A623) sw tp, 1196(ra)
mem[0x8003A614] <- 0x00000003


mem[X,0x80020384] -> 0x0513
mem[X,0x80020386] -> 0x0000
[3038] [M]: 0x80020384 (0x00000513) addi a0, zero, 0
x10 <- 0x00000000


mem[X,0x80020388] -> 0xB5B7
mem[X,0x8002038A] -> 0xAAAA
[3039] [M]: 0x80020388 (0xAAAAB5B7) lui a1, 699051
x11 <- 0xAAAAB000


mem[X,0x8002038C] -> 0x8593
mem[X,0x8002038E] -> 0xAAA5
[3040] [M]: 0x8002038C (0xAAA58593) addi a1, a1, 2730
x11 <- 0xAAAAAAAA


mem[X,0x80020390] -> 0x0213
mem[X,0x80020392] -> 0x0000
[3041] [M]: 0x80020390 (0x00000213) addi tp, zero, 0
x4 <- 0x00000000


mem[X,0x80020394] -> 0x006F
mem[X,0x80020396] -> 0x00C0
[3042] [M]: 0x80020394 (0x00C0006F) jal zero, 12


mem[X,0x800203A0] -> 0x1063
mem[X,0x800203A2] -> 0x40B5
[3043] [M]: 0x800203A0 (0x40B51063) bne a0, a1, 1024


mem[X,0x800207A0] -> 0x0213
mem[X,0x800207A2] -> 0x0032
[3044] [M]: 0x800207A0 (0x00320213) addi tp, tp, 3
x4 <- 0x00000003


mem[X,0x800207A4] -> 0x006F
mem[X,0x800207A6] -> 0x0040
[3045] [M]: 0x800207A4 (0x0040006F) jal zero, 4


mem[X,0x800207A8] -> 0xA823
mem[X,0x800207AA] -> 0x4A40
[3046] [M]: 0x800207A8 (0x4A40A823) sw tp, 1200(ra)
mem[0x8003A618] <- 0x00000003


mem[X,0x800207AC] -> 0x0513
mem[X,0x800207AE] -> 0x0000
[3047] [M]: 0x800207AC (0x00000513) addi a0, zero, 0
x10 <- 0x00000000


mem[X,0x800207B0] -> 0x0593
mem[X,0x800207B2] -> 0x0050
[3048] [M]: 0x800207B0 (0x00500593) addi a1, zero, 5
x11 <- 0x00000005


mem[X,0x800207B4] -> 0x0213
mem[X,0x800207B6] -> 0x0000
[3049] [M]: 0x800207B4 (0x00000213) addi tp, zero, 0
x4 <- 0x00000000


mem[X,0x800207B8] -> 0x006F
mem[X,0x800207BA] -> 0x00C0
[3050] [M]: 0x800207B8 (0x00C0006F) jal zero, 12


mem[X,0x800207C4] -> 0x1663
mem[X,0x800207C6] -> 0x00B5
[3051] [M]: 0x800207C4 (0x00B51663) bne a0, a1, 12


mem[X,0x800207D0] -> 0x0213
mem[X,0x800207D2] -> 0x0032
[3052] [M]: 0x800207D0 (0x00320213) addi tp, tp, 3
x4 <- 0x00000003


mem[X,0x800207D4] -> 0x006F
mem[X,0x800207D6] -> 0x0040
[3053] [M]: 0x800207D4 (0x0040006F) jal zero, 4


mem[X,0x800207D8] -> 0xAA23
mem[X,0x800207DA] -> 0x4A40
[3054] [M]: 0x800207D8 (0x4A40AA23) sw tp, 1204(ra)
mem[0x8003A61C] <- 0x00000003


mem[X,0x800207DC] -> 0x0513
mem[X,0x800207DE] -> 0x0000
[3055] [M]: 0x800207DC (0x00000513) addi a0, zero, 0
x10 <- 0x00000000


mem[X,0x800207E0] -> 0x35B7
mem[X,0x800207E2] -> 0x3333
[3056] [M]: 0x800207E0 (0x333335B7) lui a1, 209715
x11 <- 0x33333000


mem[X,0x800207E4] -> 0x8593
mem[X,0x800207E6] -> 0x3335
[3057] [M]: 0x800207E4 (0x33358593) addi a1, a1, 819
x11 <- 0x33333333


mem[X,0x800207E8] -> 0x0213
mem[X,0x800207EA] -> 0x0000
[3058] [M]: 0x800207E8 (0x00000213) addi tp, zero, 0
x4 <- 0x00000000


mem[X,0x800207EC] -> 0x006F
mem[X,0x800207EE] -> 0x00C0
[3059] [M]: 0x800207EC (0x00C0006F) jal zero, 12


mem[X,0x800207F8] -> 0x1063
mem[X,0x800207FA] -> 0x20B5
[3060] [M]: 0x800207F8 (0x20B51063) bne a0, a1, 512


mem[X,0x800209F8] -> 0x0213
mem[X,0x800209FA] -> 0x0032
[3061] [M]: 0x800209F8 (0x00320213) addi tp, tp, 3
x4 <- 0x00000003


mem[X,0x800209FC] -> 0x006F
mem[X,0x800209FE] -> 0x0040
[3062] [M]: 0x800209FC (0x0040006F) jal zero, 4


mem[X,0x80020A00] -> 0xAC23
mem[X,0x80020A02] -> 0x4A40
[3063] [M]: 0x80020A00 (0x4A40AC23) sw tp, 1208(ra)
mem[0x8003A620] <- 0x00000003


mem[X,0x80020A04] -> 0x0513
mem[X,0x80020A06] -> 0x0000
[3064] [M]: 0x80020A04 (0x00000513) addi a0, zero, 0
x10 <- 0x00000000


mem[X,0x80020A08] -> 0x65B7
mem[X,0x80020A0A] -> 0x6666
[3065] [M]: 0x80020A08 (0x666665B7) lui a1, 419430
x11 <- 0x66666000


mem[X,0x80020A0C] -> 0x8593
mem[X,0x80020A0E] -> 0x6665
[3066] [M]: 0x80020A0C (0x66658593) addi a1, a1, 1638
x11 <- 0x66666666


mem[X,0x80020A10] -> 0x0213
mem[X,0x80020A12] -> 0x0000
[3067] [M]: 0x80020A10 (0x00000213) addi tp, zero, 0
x4 <- 0x00000000


mem[X,0x80020A14] -> 0x006F
mem[X,0x80020A16] -> 0x0100
[3068] [M]: 0x80020A14 (0x0100006F) jal zero, 16


mem[X,0x80020A24] -> 0x1AE3
mem[X,0x80020A26] -> 0xFEB5
[3069] [M]: 0x80020A24 (0xFEB51AE3) bne a0, a1, 8180


mem[X,0x80020A18] -> 0x0213
mem[X,0x80020A1A] -> 0x0012
[3070] [M]: 0x80020A18 (0x00120213) addi tp, tp, 1
x4 <- 0x00000001


mem[X,0x80020A1C] -> 0x006F
mem[X,0x80020A1E] -> 0x01C0
[3071] [M]: 0x80020A1C (0x01C0006F) jal zero, 28


mem[X,0x80020A38] -> 0xAE23
mem[X,0x80020A3A] -> 0x4A40
[3072] [M]: 0x80020A38 (0x4A40AE23) sw tp, 1212(ra)
mem[0x8003A624] <- 0x00000001


mem[X,0x80020A3C] -> 0x0513
mem[X,0x80020A3E] -> 0x0000
[3073] [M]: 0x80020A3C (0x00000513) addi a0, zero, 0
x10 <- 0x00000000


mem[X,0x80020A40] -> 0x55B7
mem[X,0x80020A42] -> 0xFFFF
[3074] [M]: 0x80020A40 (0xFFFF55B7) lui a1, 1048565
x11 <- 0xFFFF5000


mem[X,0x80020A44] -> 0x8593
mem[X,0x80020A46] -> 0xAFC5
[3075] [M]: 0x80020A44 (0xAFC58593) addi a1, a1, 2812
x11 <- 0xFFFF4AFC


mem[X,0x80020A48] -> 0x0213
mem[X,0x80020A4A] -> 0x0000
[3076] [M]: 0x80020A48 (0x00000213) addi tp, zero, 0
x4 <- 0x00000000


mem[X,0x80020A4C] -> 0x006F
mem[X,0x80020A4E] -> 0x00C0
[3077] [M]: 0x80020A4C (0x00C0006F) jal zero, 12


mem[X,0x80020A58] -> 0x1063
mem[X,0x80020A5A] -> 0x10B5
[3078] [M]: 0x80020A58 (0x10B51063) bne a0, a1, 256


mem[X,0x80020B58] -> 0x0213
mem[X,0x80020B5A] -> 0x0032
[3079] [M]: 0x80020B58 (0x00320213) addi tp, tp, 3
x4 <- 0x00000003


mem[X,0x80020B5C] -> 0x006F
mem[X,0x80020B5E] -> 0x0040
[3080] [M]: 0x80020B5C (0x0040006F) jal zero, 4


mem[X,0x80020B60] -> 0xA023
mem[X,0x80020B62] -> 0x4C40
[3081] [M]: 0x80020B60 (0x4C40A023) sw tp, 1216(ra)
mem[0x8003A628] <- 0x00000003


mem[X,0x80020B64] -> 0x0513
mem[X,0x80020B66] -> 0x0000
[3082] [M]: 0x80020B64 (0x00000513) addi a0, zero, 0
x10 <- 0x00000000


mem[X,0x80020B68] -> 0xB5B7
mem[X,0x80020B6A] -> 0x0000
[3083] [M]: 0x80020B68 (0x0000B5B7) lui a1, 11
x11 <- 0x0000B000


mem[X,0x80020B6C] -> 0x8593
mem[X,0x80020B6E] -> 0x5045
[3084] [M]: 0x80020B6C (0x50458593) addi a1, a1, 1284
x11 <- 0x0000B504


mem[X,0x80020B70] -> 0x0213
mem[X,0x80020B72] -> 0x0000
[3085] [M]: 0x80020B70 (0x00000213) addi tp, zero, 0
x4 <- 0x00000000


mem[X,0x80020B74] -> 0x006F
mem[X,0x80020B76] -> 0x00C0
[3086] [M]: 0x80020B74 (0x00C0006F) jal zero, 12


mem[X,0x80020B80] -> 0x1CE3
mem[X,0x80020B82] -> 0xFEB5
[3087] [M]: 0x80020B80 (0xFEB51CE3) bne a0, a1, 8184


mem[X,0x80020B78] -> 0x0213
mem[X,0x80020B7A] -> 0x0012
[3088] [M]: 0x80020B78 (0x00120213) addi tp, tp, 1
x4 <- 0x00000001


mem[X,0x80020B7C] -> 0x006F
mem[X,0x80020B7E] -> 0x0180
[3089] [M]: 0x80020B7C (0x0180006F) jal zero, 24


mem[X,0x80020B94] -> 0xA223
mem[X,0x80020B96] -> 0x4C40
[3090] [M]: 0x80020B94 (0x4C40A223) sw tp, 1220(ra)
mem[0x8003A62C] <- 0x00000001


mem[X,0x80020B98] -> 0xB537
mem[X,0x80020B9A] -> 0xAAAA
[3091] [M]: 0x80020B98 (0xAAAAB537) lui a0, 699051
x10 <- 0xAAAAB000


mem[X,0x80020B9C] -> 0x0513
mem[X,0x80020B9E] -> 0xAAB5
[3092] [M]: 0x80020B9C (0xAAB50513) addi a0, a0, 2731
x10 <- 0xAAAAAAAB


mem[X,0x80020BA0] -> 0x35B7
mem[X,0x80020BA2] -> 0x3333
[3093] [M]: 0x80020BA0 (0x333335B7) lui a1, 209715
x11 <- 0x33333000


mem[X,0x80020BA4] -> 0x8593
mem[X,0x80020BA6] -> 0x3345
[3094] [M]: 0x80020BA4 (0x33458593) addi a1, a1, 820
x11 <- 0x33333334


mem[X,0x80020BA8] -> 0x0213
mem[X,0x80020BAA] -> 0x0000
[3095] [M]: 0x80020BA8 (0x00000213) addi tp, zero, 0
x4 <- 0x00000000


mem[X,0x80020BAC] -> 0x006F
mem[X,0x80020BAE] -> 0x00C0
[3096] [M]: 0x80020BAC (0x00C0006F) jal zero, 12


mem[X,0x80020BB8] -> 0x1CE3
mem[X,0x80020BBA] -> 0xFEB5
[3097] [M]: 0x80020BB8 (0xFEB51CE3) bne a0, a1, 8184


mem[X,0x80020BB0] -> 0x0213
mem[X,0x80020BB2] -> 0x0012
[3098] [M]: 0x80020BB0 (0x00120213) addi tp, tp, 1
x4 <- 0x00000001


mem[X,0x80020BB4] -> 0x006F
mem[X,0x80020BB6] -> 0x0180
[3099] [M]: 0x80020BB4 (0x0180006F) jal zero, 24


clint::tick mtime <- 0x000000000000001F
 clint timer pending at mtime 0x000000000000001F
htif::tick 0x0000000000000000
mem[X,0x80020BCC] -> 0xA423
mem[X,0x80020BCE] -> 0x4C40
[3100] [M]: 0x80020BCC (0x4C40A423) sw tp, 1224(ra)
mem[0x8003A630] <- 0x00000001


mem[X,0x80020BD0] -> 0xB537
mem[X,0x80020BD2] -> 0xAAAA
[3101] [M]: 0x80020BD0 (0xAAAAB537) lui a0, 699051
x10 <- 0xAAAAB000


mem[X,0x80020BD4] -> 0x0513
mem[X,0x80020BD6] -> 0xAAB5
[3102] [M]: 0x80020BD4 (0xAAB50513) addi a0, a0, 2731
x10 <- 0xAAAAAAAB


mem[X,0x80020BD8] -> 0x65B7
mem[X,0x80020BDA] -> 0x6666
[3103] [M]: 0x80020BD8 (0x666665B7) lui a1, 419430
x11 <- 0x66666000


mem[X,0x80020BDC] -> 0x8593
mem[X,0x80020BDE] -> 0x6675
[3104] [M]: 0x80020BDC (0x66758593) addi a1, a1, 1639
x11 <- 0x66666667


mem[X,0x80020BE0] -> 0x0213
mem[X,0x80020BE2] -> 0x0000
[3105] [M]: 0x80020BE0 (0x00000213) addi tp, zero, 0
x4 <- 0x00000000


mem[X,0x80020BE4] -> 0x006F
mem[X,0x80020BE6] -> 0x00C0
[3106] [M]: 0x80020BE4 (0x00C0006F) jal zero, 12


mem[X,0x80020BF0] -> 0x1063
mem[X,0x80020BF2] -> 0x20B5
[3107] [M]: 0x80020BF0 (0x20B51063) bne a0, a1, 512


mem[X,0x80020DF0] -> 0x0213
mem[X,0x80020DF2] -> 0x0032
[3108] [M]: 0x80020DF0 (0x00320213) addi tp, tp, 3
x4 <- 0x00000003


mem[X,0x80020DF4] -> 0x006F
mem[X,0x80020DF6] -> 0x0040
[3109] [M]: 0x80020DF4 (0x0040006F) jal zero, 4


mem[X,0x80020DF8] -> 0xA623
mem[X,0x80020DFA] -> 0x4C40
[3110] [M]: 0x80020DF8 (0x4C40A623) sw tp, 1228(ra)
mem[0x8003A634] <- 0x00000003


mem[X,0x80020DFC] -> 0xB537
mem[X,0x80020DFE] -> 0xAAAA
[3111] [M]: 0x80020DFC (0xAAAAB537) lui a0, 699051
x10 <- 0xAAAAB000


mem[X,0x80020E00] -> 0x0513
mem[X,0x80020E02] -> 0xAAB5
[3112] [M]: 0x80020E00 (0xAAB50513) addi a0, a0, 2731
x10 <- 0xAAAAAAAB


mem[X,0x80020E04] -> 0x55B7
mem[X,0x80020E06] -> 0xFFFF
[3113] [M]: 0x80020E04 (0xFFFF55B7) lui a1, 1048565
x11 <- 0xFFFF5000


mem[X,0x80020E08] -> 0x8593
mem[X,0x80020E0A] -> 0xAFD5
[3114] [M]: 0x80020E08 (0xAFD58593) addi a1, a1, 2813
x11 <- 0xFFFF4AFD


mem[X,0x80020E0C] -> 0x0213
mem[X,0x80020E0E] -> 0x0000
[3115] [M]: 0x80020E0C (0x00000213) addi tp, zero, 0
x4 <- 0x00000000


mem[X,0x80020E10] -> 0x006F
mem[X,0x80020E12] -> 0x00C0
[3116] [M]: 0x80020E10 (0x00C0006F) jal zero, 12


mem[X,0x80020E1C] -> 0x1063
mem[X,0x80020E1E] -> 0x02B5
[3117] [M]: 0x80020E1C (0x02B51063) bne a0, a1, 32


mem[X,0x80020E3C] -> 0x0213
mem[X,0x80020E3E] -> 0x0032
[3118] [M]: 0x80020E3C (0x00320213) addi tp, tp, 3
x4 <- 0x00000003


mem[X,0x80020E40] -> 0x006F
mem[X,0x80020E42] -> 0x0040
[3119] [M]: 0x80020E40 (0x0040006F) jal zero, 4


mem[X,0x80020E44] -> 0xA823
mem[X,0x80020E46] -> 0x4C40
[3120] [M]: 0x80020E44 (0x4C40A823) sw tp, 1232(ra)
mem[0x8003A638] <- 0x00000003


mem[X,0x80020E48] -> 0xB537
mem[X,0x80020E4A] -> 0xAAAA
[3121] [M]: 0x80020E48 (0xAAAAB537) lui a0, 699051
x10 <- 0xAAAAB000


mem[X,0x80020E4C] -> 0x0513
mem[X,0x80020E4E] -> 0xAAB5
[3122] [M]: 0x80020E4C (0xAAB50513) addi a0, a0, 2731
x10 <- 0xAAAAAAAB


mem[X,0x80020E50] -> 0xB5B7
mem[X,0x80020E52] -> 0x0000
[3123] [M]: 0x80020E50 (0x0000B5B7) lui a1, 11
x11 <- 0x0000B000


mem[X,0x80020E54] -> 0x8593
mem[X,0x80020E56] -> 0x5055
[3124] [M]: 0x80020E54 (0x50558593) addi a1, a1, 1285
x11 <- 0x0000B505


mem[X,0x80020E58] -> 0x0213
mem[X,0x80020E5A] -> 0x0000
[3125] [M]: 0x80020E58 (0x00000213) addi tp, zero, 0
x4 <- 0x00000000


mem[X,0x80020E5C] -> 0x006F
mem[X,0x80020E5E] -> 0x00C0
[3126] [M]: 0x80020E5C (0x00C0006F) jal zero, 12


mem[X,0x80020E68] -> 0x1063
mem[X,0x80020E6A] -> 0x20B5
[3127] [M]: 0x80020E68 (0x20B51063) bne a0, a1, 512


mem[X,0x80021068] -> 0x0213
mem[X,0x8002106A] -> 0x0032
[3128] [M]: 0x80021068 (0x00320213) addi tp, tp, 3
x4 <- 0x00000003


mem[X,0x8002106C] -> 0x006F
mem[X,0x8002106E] -> 0x0040
[3129] [M]: 0x8002106C (0x0040006F) jal zero, 4


mem[X,0x80021070] -> 0xAA23
mem[X,0x80021072] -> 0x4C40
[3130] [M]: 0x80021070 (0x4C40AA23) sw tp, 1236(ra)
mem[0x8003A63C] <- 0x00000003


mem[X,0x80021074] -> 0x0513
mem[X,0x80021076] -> 0x0060
[3131] [M]: 0x80021074 (0x00600513) addi a0, zero, 6
x10 <- 0x00000006


mem[X,0x80021078] -> 0x0593
mem[X,0x8002107A] -> 0x0030
[3132] [M]: 0x80021078 (0x00300593) addi a1, zero, 3
x11 <- 0x00000003


mem[X,0x8002107C] -> 0x0213
mem[X,0x8002107E] -> 0x0000
[3133] [M]: 0x8002107C (0x00000213) addi tp, zero, 0
x4 <- 0x00000000


mem[X,0x80021080] -> 0x006F
mem[X,0x80021082] -> 0x0140
[3134] [M]: 0x80021080 (0x0140006F) jal zero, 20


mem[X,0x80021094] -> 0x18E3
mem[X,0x80021096] -> 0xFEB5
[3135] [M]: 0x80021094 (0xFEB518E3) bne a0, a1, 8176


mem[X,0x80021084] -> 0x0213
mem[X,0x80021086] -> 0x0012
[3136] [M]: 0x80021084 (0x00120213) addi tp, tp, 1
x4 <- 0x00000001


mem[X,0x80021088] -> 0x006F
mem[X,0x8002108A] -> 0x0200
[3137] [M]: 0x80021088 (0x0200006F) jal zero, 32


mem[X,0x800210A8] -> 0xAC23
mem[X,0x800210AA] -> 0x4C40
[3138] [M]: 0x800210A8 (0x4C40AC23) sw tp, 1240(ra)
mem[0x8003A640] <- 0x00000001


mem[X,0x800210AC] -> 0x0513
mem[X,0x800210AE] -> 0x0060
[3139] [M]: 0x800210AC (0x00600513) addi a0, zero, 6
x10 <- 0x00000006


mem[X,0x800210B0] -> 0xB5B7
mem[X,0x800210B2] -> 0xAAAA
[3140] [M]: 0x800210B0 (0xAAAAB5B7) lui a1, 699051
x11 <- 0xAAAAB000


mem[X,0x800210B4] -> 0x8593
mem[X,0x800210B6] -> 0xAAA5
[3141] [M]: 0x800210B4 (0xAAA58593) addi a1, a1, 2730
x11 <- 0xAAAAAAAA


mem[X,0x800210B8] -> 0x0213
mem[X,0x800210BA] -> 0x0000
[3142] [M]: 0x800210B8 (0x00000213) addi tp, zero, 0
x4 <- 0x00000000


mem[X,0x800210BC] -> 0x006F
mem[X,0x800210BE] -> 0x00C0
[3143] [M]: 0x800210BC (0x00C0006F) jal zero, 12


mem[X,0x800210C8] -> 0x1063
mem[X,0x800210CA] -> 0x04B5
[3144] [M]: 0x800210C8 (0x04B51063) bne a0, a1, 64


mem[X,0x80021108] -> 0x0213
mem[X,0x8002110A] -> 0x0032
[3145] [M]: 0x80021108 (0x00320213) addi tp, tp, 3
x4 <- 0x00000003


mem[X,0x8002110C] -> 0x006F
mem[X,0x8002110E] -> 0x0040
[3146] [M]: 0x8002110C (0x0040006F) jal zero, 4


mem[X,0x80021110] -> 0xAE23
mem[X,0x80021112] -> 0x4C40
[3147] [M]: 0x80021110 (0x4C40AE23) sw tp, 1244(ra)
mem[0x8003A644] <- 0x00000003


mem[X,0x80021114] -> 0x0513
mem[X,0x80021116] -> 0x0060
[3148] [M]: 0x80021114 (0x00600513) addi a0, zero, 6
x10 <- 0x00000006


mem[X,0x80021118] -> 0x0593
mem[X,0x8002111A] -> 0x0050
[3149] [M]: 0x80021118 (0x00500593) addi a1, zero, 5
x11 <- 0x00000005


mem[X,0x8002111C] -> 0x0213
mem[X,0x8002111E] -> 0x0000
[3150] [M]: 0x8002111C (0x00000213) addi tp, zero, 0
x4 <- 0x00000000


mem[X,0x80021120] -> 0x006F
mem[X,0x80021122] -> 0x00C0
[3151] [M]: 0x80021120 (0x00C0006F) jal zero, 12


mem[X,0x8002112C] -> 0x1063
mem[X,0x8002112E] -> 0x10B5
[3152] [M]: 0x8002112C (0x10B51063) bne a0, a1, 256


mem[X,0x8002122C] -> 0x0213
mem[X,0x8002122E] -> 0x0032
[3153] [M]: 0x8002122C (0x00320213) addi tp, tp, 3
x4 <- 0x00000003


mem[X,0x80021230] -> 0x006F
mem[X,0x80021232] -> 0x0040
[3154] [M]: 0x80021230 (0x0040006F) jal zero, 4


mem[X,0x80021234] -> 0xA023
mem[X,0x80021236] -> 0x4E40
[3155] [M]: 0x80021234 (0x4E40A023) sw tp, 1248(ra)
mem[0x8003A648] <- 0x00000003


mem[X,0x80021238] -> 0x0513
mem[X,0x8002123A] -> 0x0060
[3156] [M]: 0x80021238 (0x00600513) addi a0, zero, 6
x10 <- 0x00000006


mem[X,0x8002123C] -> 0x35B7
mem[X,0x8002123E] -> 0x3333
[3157] [M]: 0x8002123C (0x333335B7) lui a1, 209715
x11 <- 0x33333000


mem[X,0x80021240] -> 0x8593
mem[X,0x80021242] -> 0x3335
[3158] [M]: 0x80021240 (0x33358593) addi a1, a1, 819
x11 <- 0x33333333


mem[X,0x80021244] -> 0x0213
mem[X,0x80021246] -> 0x0000
[3159] [M]: 0x80021244 (0x00000213) addi tp, zero, 0
x4 <- 0x00000000


mem[X,0x80021248] -> 0x006F
mem[X,0x8002124A] -> 0x0140
[3160] [M]: 0x80021248 (0x0140006F) jal zero, 20


mem[X,0x8002125C] -> 0x18E3
mem[X,0x8002125E] -> 0xFEB5
[3161] [M]: 0x8002125C (0xFEB518E3) bne a0, a1, 8176


mem[X,0x8002124C] -> 0x0213
mem[X,0x8002124E] -> 0x0012
[3162] [M]: 0x8002124C (0x00120213) addi tp, tp, 1
x4 <- 0x00000001


mem[X,0x80021250] -> 0x006F
mem[X,0x80021252] -> 0x0200
[3163] [M]: 0x80021250 (0x0200006F) jal zero, 32


mem[X,0x80021270] -> 0xA223
mem[X,0x80021272] -> 0x4E40
[3164] [M]: 0x80021270 (0x4E40A223) sw tp, 1252(ra)
mem[0x8003A64C] <- 0x00000001


mem[X,0x80021274] -> 0x0513
mem[X,0x80021276] -> 0x0060
[3165] [M]: 0x80021274 (0x00600513) addi a0, zero, 6
x10 <- 0x00000006


mem[X,0x80021278] -> 0x65B7
mem[X,0x8002127A] -> 0x6666
[3166] [M]: 0x80021278 (0x666665B7) lui a1, 419430
x11 <- 0x66666000


mem[X,0x8002127C] -> 0x8593
mem[X,0x8002127E] -> 0x6665
[3167] [M]: 0x8002127C (0x66658593) addi a1, a1, 1638
x11 <- 0x66666666


mem[X,0x80021280] -> 0x0213
mem[X,0x80021282] -> 0x0000
[3168] [M]: 0x80021280 (0x00000213) addi tp, zero, 0
x4 <- 0x00000000


mem[X,0x80021284] -> 0x006F
mem[X,0x80021286] -> 0x00C0
[3169] [M]: 0x80021284 (0x00C0006F) jal zero, 12


mem[X,0x80021290] -> 0x1063
mem[X,0x80021292] -> 0x04B5
[3170] [M]: 0x80021290 (0x04B51063) bne a0, a1, 64


mem[X,0x800212D0] -> 0x0213
mem[X,0x800212D2] -> 0x0032
[3171] [M]: 0x800212D0 (0x00320213) addi tp, tp, 3
x4 <- 0x00000003


mem[X,0x800212D4] -> 0x006F
mem[X,0x800212D6] -> 0x0040
[3172] [M]: 0x800212D4 (0x0040006F) jal zero, 4


mem[X,0x800212D8] -> 0xA423
mem[X,0x800212DA] -> 0x4E40
[3173] [M]: 0x800212D8 (0x4E40A423) sw tp, 1256(ra)
mem[0x8003A650] <- 0x00000003


mem[X,0x800212DC] -> 0x0513
mem[X,0x800212DE] -> 0x0060
[3174] [M]: 0x800212DC (0x00600513) addi a0, zero, 6
x10 <- 0x00000006


mem[X,0x800212E0] -> 0x55B7
mem[X,0x800212E2] -> 0xFFFF
[3175] [M]: 0x800212E0 (0xFFFF55B7) lui a1, 1048565
x11 <- 0xFFFF5000


mem[X,0x800212E4] -> 0x8593
mem[X,0x800212E6] -> 0xAFC5
[3176] [M]: 0x800212E4 (0xAFC58593) addi a1, a1, 2812
x11 <- 0xFFFF4AFC


mem[X,0x800212E8] -> 0x0213
mem[X,0x800212EA] -> 0x0000
[3177] [M]: 0x800212E8 (0x00000213) addi tp, zero, 0
x4 <- 0x00000000


mem[X,0x800212EC] -> 0x006F
mem[X,0x800212EE] -> 0x00C0
[3178] [M]: 0x800212EC (0x00C0006F) jal zero, 12


mem[X,0x800212F8] -> 0x1063
mem[X,0x800212FA] -> 0x40B5
[3179] [M]: 0x800212F8 (0x40B51063) bne a0, a1, 1024


mem[X,0x800216F8] -> 0x0213
mem[X,0x800216FA] -> 0x0032
[3180] [M]: 0x800216F8 (0x00320213) addi tp, tp, 3
x4 <- 0x00000003


mem[X,0x800216FC] -> 0x006F
mem[X,0x800216FE] -> 0x0040
[3181] [M]: 0x800216FC (0x0040006F) jal zero, 4


mem[X,0x80021700] -> 0xA623
mem[X,0x80021702] -> 0x4E40
[3182] [M]: 0x80021700 (0x4E40A623) sw tp, 1260(ra)
mem[0x8003A654] <- 0x00000003


mem[X,0x80021704] -> 0x0513
mem[X,0x80021706] -> 0x0060
[3183] [M]: 0x80021704 (0x00600513) addi a0, zero, 6
x10 <- 0x00000006


mem[X,0x80021708] -> 0xB5B7
mem[X,0x8002170A] -> 0x0000
[3184] [M]: 0x80021708 (0x0000B5B7) lui a1, 11
x11 <- 0x0000B000


mem[X,0x8002170C] -> 0x8593
mem[X,0x8002170E] -> 0x5045
[3185] [M]: 0x8002170C (0x50458593) addi a1, a1, 1284
x11 <- 0x0000B504


mem[X,0x80021710] -> 0x0213
mem[X,0x80021712] -> 0x0000
[3186] [M]: 0x80021710 (0x00000213) addi tp, zero, 0
x4 <- 0x00000000


mem[X,0x80021714] -> 0x006F
mem[X,0x80021716] -> 0x00C0
[3187] [M]: 0x80021714 (0x00C0006F) jal zero, 12


mem[X,0x80021720] -> 0x1CE3
mem[X,0x80021722] -> 0xFEB5
[3188] [M]: 0x80021720 (0xFEB51CE3) bne a0, a1, 8184


mem[X,0x80021718] -> 0x0213
mem[X,0x8002171A] -> 0x0012
[3189] [M]: 0x80021718 (0x00120213) addi tp, tp, 1
x4 <- 0x00000001


mem[X,0x8002171C] -> 0x006F
mem[X,0x8002171E] -> 0x0180
[3190] [M]: 0x8002171C (0x0180006F) jal zero, 24


mem[X,0x80021734] -> 0xA823
mem[X,0x80021736] -> 0x4E40
[3191] [M]: 0x80021734 (0x4E40A823) sw tp, 1264(ra)
mem[0x8003A658] <- 0x00000001


mem[X,0x80021738] -> 0x0513
mem[X,0x8002173A] -> 0x0060
[3192] [M]: 0x80021738 (0x00600513) addi a0, zero, 6
x10 <- 0x00000006


mem[X,0x8002173C] -> 0x0593
mem[X,0x8002173E] -> 0x0020
[3193] [M]: 0x8002173C (0x00200593) addi a1, zero, 2
x11 <- 0x00000002


mem[X,0x80021740] -> 0x0213
mem[X,0x80021742] -> 0x0000
[3194] [M]: 0x80021740 (0x00000213) addi tp, zero, 0
x4 <- 0x00000000


mem[X,0x80021744] -> 0x006F
mem[X,0x80021746] -> 0x00C0
[3195] [M]: 0x80021744 (0x00C0006F) jal zero, 12


mem[X,0x80021750] -> 0x1663
mem[X,0x80021752] -> 0x00B5
[3196] [M]: 0x80021750 (0x00B51663) bne a0, a1, 12


mem[X,0x8002175C] -> 0x0213
mem[X,0x8002175E] -> 0x0032
[3197] [M]: 0x8002175C (0x00320213) addi tp, tp, 3
x4 <- 0x00000003


mem[X,0x80021760] -> 0x006F
mem[X,0x80021762] -> 0x0040
[3198] [M]: 0x80021760 (0x0040006F) jal zero, 4


mem[X,0x80021764] -> 0xAA23
mem[X,0x80021766] -> 0x4E40
[3199] [M]: 0x80021764 (0x4E40AA23) sw tp, 1268(ra)
mem[0x8003A65C] <- 0x00000003


clint::tick mtime <- 0x0000000000000020
 clint timer pending at mtime 0x0000000000000020
htif::tick 0x0000000000000000
mem[X,0x80021768] -> 0x0513
mem[X,0x8002176A] -> 0x0060
[3200] [M]: 0x80021768 (0x00600513) addi a0, zero, 6
x10 <- 0x00000006


mem[X,0x8002176C] -> 0x55B7
mem[X,0x8002176E] -> 0x5555
[3201] [M]: 0x8002176C (0x555555B7) lui a1, 349525
x11 <- 0x55555000


mem[X,0x80021770] -> 0x8593
mem[X,0x80021772] -> 0x5545
[3202] [M]: 0x80021770 (0x55458593) addi a1, a1, 1364
x11 <- 0x55555554


mem[X,0x80021774] -> 0x0213
mem[X,0x80021776] -> 0x0000
[3203] [M]: 0x80021774 (0x00000213) addi tp, zero, 0
x4 <- 0x00000000


mem[X,0x80021778] -> 0x006F
mem[X,0x8002177A] -> 0x0140
[3204] [M]: 0x80021778 (0x0140006F) jal zero, 20


mem[X,0x8002178C] -> 0x18E3
mem[X,0x8002178E] -> 0xFEB5
[3205] [M]: 0x8002178C (0xFEB518E3) bne a0, a1, 8176


mem[X,0x8002177C] -> 0x0213
mem[X,0x8002177E] -> 0x0012
[3206] [M]: 0x8002177C (0x00120213) addi tp, tp, 1
x4 <- 0x00000001


mem[X,0x80021780] -> 0x006F
mem[X,0x80021782] -> 0x0200
[3207] [M]: 0x80021780 (0x0200006F) jal zero, 32


mem[X,0x800217A0] -> 0xAC23
mem[X,0x800217A2] -> 0x4E40
[3208] [M]: 0x800217A0 (0x4E40AC23) sw tp, 1272(ra)
mem[0x8003A660] <- 0x00000001


mem[X,0x800217A4] -> 0x0513
mem[X,0x800217A6] -> 0x0060
[3209] [M]: 0x800217A4 (0x00600513) addi a0, zero, 6
x10 <- 0x00000006


mem[X,0x800217A8] -> 0x0593
mem[X,0x800217AA] -> 0x0000
[3210] [M]: 0x800217A8 (0x00000593) addi a1, zero, 0
x11 <- 0x00000000


mem[X,0x800217AC] -> 0x0213
mem[X,0x800217AE] -> 0x0000
[3211] [M]: 0x800217AC (0x00000213) addi tp, zero, 0
x4 <- 0x00000000


mem[X,0x800217B0] -> 0x006F
mem[X,0x800217B2] -> 0x00C0
[3212] [M]: 0x800217B0 (0x00C0006F) jal zero, 12


mem[X,0x800217BC] -> 0x1063
mem[X,0x800217BE] -> 0x08B5
[3213] [M]: 0x800217BC (0x08B51063) bne a0, a1, 128


mem[X,0x8002183C] -> 0x0213
mem[X,0x8002183E] -> 0x0032
[3214] [M]: 0x8002183C (0x00320213) addi tp, tp, 3
x4 <- 0x00000003


mem[X,0x80021840] -> 0x006F
mem[X,0x80021842] -> 0x0040
[3215] [M]: 0x80021840 (0x0040006F) jal zero, 4


mem[X,0x80021844] -> 0xAE23
mem[X,0x80021846] -> 0x4E40
[3216] [M]: 0x80021844 (0x4E40AE23) sw tp, 1276(ra)
mem[0x8003A664] <- 0x00000003


mem[X,0x80021848] -> 0x0513
mem[X,0x8002184A] -> 0x0060
[3217] [M]: 0x80021848 (0x00600513) addi a0, zero, 6
x10 <- 0x00000006


mem[X,0x8002184C] -> 0x0593
mem[X,0x8002184E] -> 0x0040
[3218] [M]: 0x8002184C (0x00400593) addi a1, zero, 4
x11 <- 0x00000004


mem[X,0x80021850] -> 0x0213
mem[X,0x80021852] -> 0x0000
[3219] [M]: 0x80021850 (0x00000213) addi tp, zero, 0
x4 <- 0x00000000


mem[X,0x80021854] -> 0x006F
mem[X,0x80021856] -> 0x00C0
[3220] [M]: 0x80021854 (0x00C0006F) jal zero, 12


mem[X,0x80021860] -> 0x1063
mem[X,0x80021862] -> 0x08B5
[3221] [M]: 0x80021860 (0x08B51063) bne a0, a1, 128


mem[X,0x800218E0] -> 0x0213
mem[X,0x800218E2] -> 0x0032
[3222] [M]: 0x800218E0 (0x00320213) addi tp, tp, 3
x4 <- 0x00000003


mem[X,0x800218E4] -> 0x006F
mem[X,0x800218E6] -> 0x0040
[3223] [M]: 0x800218E4 (0x0040006F) jal zero, 4


mem[X,0x800218E8] -> 0xA023
mem[X,0x800218EA] -> 0x5040
[3224] [M]: 0x800218E8 (0x5040A023) sw tp, 1280(ra)
mem[0x8003A668] <- 0x00000003


mem[X,0x800218EC] -> 0x0513
mem[X,0x800218EE] -> 0x0060
[3225] [M]: 0x800218EC (0x00600513) addi a0, zero, 6
x10 <- 0x00000006


mem[X,0x800218F0] -> 0x35B7
mem[X,0x800218F2] -> 0x3333
[3226] [M]: 0x800218F0 (0x333335B7) lui a1, 209715
x11 <- 0x33333000


mem[X,0x800218F4] -> 0x8593
mem[X,0x800218F6] -> 0x3325
[3227] [M]: 0x800218F4 (0x33258593) addi a1, a1, 818
x11 <- 0x33333332


mem[X,0x800218F8] -> 0x0213
mem[X,0x800218FA] -> 0x0000
[3228] [M]: 0x800218F8 (0x00000213) addi tp, zero, 0
x4 <- 0x00000000


mem[X,0x800218FC] -> 0x006F
mem[X,0x800218FE] -> 0x0050
[3229] [M]: 0x800218FC (0x0050006F) jal zero, 2052


mem[X,0x80022100] -> 0x10E3
mem[X,0x80022102] -> 0x80B5
[3230] [M]: 0x80022100 (0x80B510E3) bne a0, a1, 6144


mem[X,0x80021900] -> 0x0213
mem[X,0x80021902] -> 0x0012
[3231] [M]: 0x80021900 (0x00120213) addi tp, tp, 1
x4 <- 0x00000001


mem[X,0x80021904] -> 0x006F
mem[X,0x80021906] -> 0x0110
[3232] [M]: 0x80021904 (0x0110006F) jal zero, 2064


mem[X,0x80022114] -> 0xA223
mem[X,0x80022116] -> 0x5040
[3233] [M]: 0x80022114 (0x5040A223) sw tp, 1284(ra)
mem[0x8003A66C] <- 0x00000001


mem[X,0x80022118] -> 0x0513
mem[X,0x8002211A] -> 0x0060
[3234] [M]: 0x80022118 (0x00600513) addi a0, zero, 6
x10 <- 0x00000006


mem[X,0x8002211C] -> 0x65B7
mem[X,0x8002211E] -> 0x6666
[3235] [M]: 0x8002211C (0x666665B7) lui a1, 419430
x11 <- 0x66666000


mem[X,0x80022120] -> 0x8593
mem[X,0x80022122] -> 0x6655
[3236] [M]: 0x80022120 (0x66558593) addi a1, a1, 1637
x11 <- 0x66666665


mem[X,0x80022124] -> 0x0213
mem[X,0x80022126] -> 0x0000
[3237] [M]: 0x80022124 (0x00000213) addi tp, zero, 0
x4 <- 0x00000000


mem[X,0x80022128] -> 0x006F
mem[X,0x8002212A] -> 0x00C0
[3238] [M]: 0x80022128 (0x00C0006F) jal zero, 12


mem[X,0x80022134] -> 0x1863
mem[X,0x80022136] -> 0x00B5
[3239] [M]: 0x80022134 (0x00B51863) bne a0, a1, 16


mem[X,0x80022144] -> 0x0213
mem[X,0x80022146] -> 0x0032
[3240] [M]: 0x80022144 (0x00320213) addi tp, tp, 3
x4 <- 0x00000003


mem[X,0x80022148] -> 0x006F
mem[X,0x8002214A] -> 0x0040
[3241] [M]: 0x80022148 (0x0040006F) jal zero, 4


mem[X,0x8002214C] -> 0xA423
mem[X,0x8002214E] -> 0x5040
[3242] [M]: 0x8002214C (0x5040A423) sw tp, 1288(ra)
mem[0x8003A670] <- 0x00000003


mem[X,0x80022150] -> 0x0513
mem[X,0x80022152] -> 0x0060
[3243] [M]: 0x80022150 (0x00600513) addi a0, zero, 6
x10 <- 0x00000006


mem[X,0x80022154] -> 0xB5B7
mem[X,0x80022156] -> 0x0000
[3244] [M]: 0x80022154 (0x0000B5B7) lui a1, 11
x11 <- 0x0000B000


mem[X,0x80022158] -> 0x8593
mem[X,0x8002215A] -> 0x5035
[3245] [M]: 0x80022158 (0x50358593) addi a1, a1, 1283
x11 <- 0x0000B503


mem[X,0x8002215C] -> 0x0213
mem[X,0x8002215E] -> 0x0000
[3246] [M]: 0x8002215C (0x00000213) addi tp, zero, 0
x4 <- 0x00000000


mem[X,0x80022160] -> 0x006F
mem[X,0x80022162] -> 0x00C0
[3247] [M]: 0x80022160 (0x00C0006F) jal zero, 12


mem[X,0x8002216C] -> 0x1063
mem[X,0x8002216E] -> 0x20B5
[3248] [M]: 0x8002216C (0x20B51063) bne a0, a1, 512


mem[X,0x8002236C] -> 0x0213
mem[X,0x8002236E] -> 0x0032
[3249] [M]: 0x8002236C (0x00320213) addi tp, tp, 3
x4 <- 0x00000003


mem[X,0x80022370] -> 0x006F
mem[X,0x80022372] -> 0x0040
[3250] [M]: 0x80022370 (0x0040006F) jal zero, 4


mem[X,0x80022374] -> 0xA623
mem[X,0x80022376] -> 0x5040
[3251] [M]: 0x80022374 (0x5040A623) sw tp, 1292(ra)
mem[0x8003A674] <- 0x00000003


mem[X,0x80022378] -> 0x0513
mem[X,0x8002237A] -> 0x0060
[3252] [M]: 0x80022378 (0x00600513) addi a0, zero, 6
x10 <- 0x00000006


mem[X,0x8002237C] -> 0x55B7
mem[X,0x8002237E] -> 0x5555
[3253] [M]: 0x8002237C (0x555555B7) lui a1, 349525
x11 <- 0x55555000


mem[X,0x80022380] -> 0x8593
mem[X,0x80022382] -> 0x5565
[3254] [M]: 0x80022380 (0x55658593) addi a1, a1, 1366
x11 <- 0x55555556


mem[X,0x80022384] -> 0x0213
mem[X,0x80022386] -> 0x0000
[3255] [M]: 0x80022384 (0x00000213) addi tp, zero, 0
x4 <- 0x00000000


mem[X,0x80022388] -> 0x006F
mem[X,0x8002238A] -> 0x0140
[3256] [M]: 0x80022388 (0x0140006F) jal zero, 20


mem[X,0x8002239C] -> 0x18E3
mem[X,0x8002239E] -> 0xFEB5
[3257] [M]: 0x8002239C (0xFEB518E3) bne a0, a1, 8176


mem[X,0x8002238C] -> 0x0213
mem[X,0x8002238E] -> 0x0012
[3258] [M]: 0x8002238C (0x00120213) addi tp, tp, 1
x4 <- 0x00000001


mem[X,0x80022390] -> 0x006F
mem[X,0x80022392] -> 0x0200
[3259] [M]: 0x80022390 (0x0200006F) jal zero, 32


mem[X,0x800223B0] -> 0xA823
mem[X,0x800223B2] -> 0x5040
[3260] [M]: 0x800223B0 (0x5040A823) sw tp, 1296(ra)
mem[0x8003A678] <- 0x00000001


mem[X,0x800223B4] -> 0x0513
mem[X,0x800223B6] -> 0x0060
[3261] [M]: 0x800223B4 (0x00600513) addi a0, zero, 6
x10 <- 0x00000006


mem[X,0x800223B8] -> 0xB5B7
mem[X,0x800223BA] -> 0xAAAA
[3262] [M]: 0x800223B8 (0xAAAAB5B7) lui a1, 699051
x11 <- 0xAAAAB000


mem[X,0x800223BC] -> 0x8593
mem[X,0x800223BE] -> 0xAAB5
[3263] [M]: 0x800223BC (0xAAB58593) addi a1, a1, 2731
x11 <- 0xAAAAAAAB


mem[X,0x800223C0] -> 0x0213
mem[X,0x800223C2] -> 0x0000
[3264] [M]: 0x800223C0 (0x00000213) addi tp, zero, 0
x4 <- 0x00000000


mem[X,0x800223C4] -> 0x006F
mem[X,0x800223C6] -> 0x00C0
[3265] [M]: 0x800223C4 (0x00C0006F) jal zero, 12


mem[X,0x800223D0] -> 0x1CE3
mem[X,0x800223D2] -> 0xFEB5
[3266] [M]: 0x800223D0 (0xFEB51CE3) bne a0, a1, 8184


mem[X,0x800223C8] -> 0x0213
mem[X,0x800223CA] -> 0x0012
[3267] [M]: 0x800223C8 (0x00120213) addi tp, tp, 1
x4 <- 0x00000001


mem[X,0x800223CC] -> 0x006F
mem[X,0x800223CE] -> 0x0180
[3268] [M]: 0x800223CC (0x0180006F) jal zero, 24


mem[X,0x800223E4] -> 0xAA23
mem[X,0x800223E6] -> 0x5040
[3269] [M]: 0x800223E4 (0x5040AA23) sw tp, 1300(ra)
mem[0x8003A67C] <- 0x00000001


mem[X,0x800223E8] -> 0x0513
mem[X,0x800223EA] -> 0x0060
[3270] [M]: 0x800223E8 (0x00600513) addi a0, zero, 6
x10 <- 0x00000006


mem[X,0x800223EC] -> 0x0593
mem[X,0x800223EE] -> 0x0060
[3271] [M]: 0x800223EC (0x00600593) addi a1, zero, 6
x11 <- 0x00000006


mem[X,0x800223F0] -> 0x0213
mem[X,0x800223F2] -> 0x0000
[3272] [M]: 0x800223F0 (0x00000213) addi tp, zero, 0
x4 <- 0x00000000


mem[X,0x800223F4] -> 0x006F
mem[X,0x800223F6] -> 0x00C0
[3273] [M]: 0x800223F4 (0x00C0006F) jal zero, 12


mem[X,0x80022400] -> 0x1063
mem[X,0x80022402] -> 0x10B5
[3274] [M]: 0x80022400 (0x10B51063) bne a0, a1, 256


mem[X,0x80022404] -> 0x0213
mem[X,0x80022406] -> 0x0022
[3275] [M]: 0x80022404 (0x00220213) addi tp, tp, 2
x4 <- 0x00000002


mem[X,0x80022408] -> 0x006F
mem[X,0x8002240A] -> 0x1000
[3276] [M]: 0x80022408 (0x1000006F) jal zero, 256


mem[X,0x80022508] -> 0xAC23
mem[X,0x8002250A] -> 0x5040
[3277] [M]: 0x80022508 (0x5040AC23) sw tp, 1304(ra)
mem[0x8003A680] <- 0x00000002


mem[X,0x8002250C] -> 0x0513
mem[X,0x8002250E] -> 0x0060
[3278] [M]: 0x8002250C (0x00600513) addi a0, zero, 6
x10 <- 0x00000006


mem[X,0x80022510] -> 0x35B7
mem[X,0x80022512] -> 0x3333
[3279] [M]: 0x80022510 (0x333335B7) lui a1, 209715
x11 <- 0x33333000


mem[X,0x80022514] -> 0x8593
mem[X,0x80022516] -> 0x3345
[3280] [M]: 0x80022514 (0x33458593) addi a1, a1, 820
x11 <- 0x33333334


mem[X,0x80022518] -> 0x0213
mem[X,0x8002251A] -> 0x0000
[3281] [M]: 0x80022518 (0x00000213) addi tp, zero, 0
x4 <- 0x00000000


mem[X,0x8002251C] -> 0x006F
mem[X,0x8002251E] -> 0x00C0
[3282] [M]: 0x8002251C (0x00C0006F) jal zero, 12


mem[X,0x80022528] -> 0x1663
mem[X,0x8002252A] -> 0x00B5
[3283] [M]: 0x80022528 (0x00B51663) bne a0, a1, 12


mem[X,0x80022534] -> 0x0213
mem[X,0x80022536] -> 0x0032
[3284] [M]: 0x80022534 (0x00320213) addi tp, tp, 3
x4 <- 0x00000003


mem[X,0x80022538] -> 0x006F
mem[X,0x8002253A] -> 0x0040
[3285] [M]: 0x80022538 (0x0040006F) jal zero, 4


mem[X,0x8002253C] -> 0xAE23
mem[X,0x8002253E] -> 0x5040
[3286] [M]: 0x8002253C (0x5040AE23) sw tp, 1308(ra)
mem[0x8003A684] <- 0x00000003


mem[X,0x80022540] -> 0x0513
mem[X,0x80022542] -> 0x0060
[3287] [M]: 0x80022540 (0x00600513) addi a0, zero, 6
x10 <- 0x00000006


mem[X,0x80022544] -> 0x65B7
mem[X,0x80022546] -> 0x6666
[3288] [M]: 0x80022544 (0x666665B7) lui a1, 419430
x11 <- 0x66666000


mem[X,0x80022548] -> 0x8593
mem[X,0x8002254A] -> 0x6675
[3289] [M]: 0x80022548 (0x66758593) addi a1, a1, 1639
x11 <- 0x66666667


mem[X,0x8002254C] -> 0x0213
mem[X,0x8002254E] -> 0x0000
[3290] [M]: 0x8002254C (0x00000213) addi tp, zero, 0
x4 <- 0x00000000


mem[X,0x80022550] -> 0x006F
mem[X,0x80022552] -> 0x00C0
[3291] [M]: 0x80022550 (0x00C0006F) jal zero, 12


mem[X,0x8002255C] -> 0x1CE3
mem[X,0x8002255E] -> 0xFEB5
[3292] [M]: 0x8002255C (0xFEB51CE3) bne a0, a1, 8184


mem[X,0x80022554] -> 0x0213
mem[X,0x80022556] -> 0x0012
[3293] [M]: 0x80022554 (0x00120213) addi tp, tp, 1
x4 <- 0x00000001


mem[X,0x80022558] -> 0x006F
mem[X,0x8002255A] -> 0x0180
[3294] [M]: 0x80022558 (0x0180006F) jal zero, 24


mem[X,0x80022570] -> 0xA023
mem[X,0x80022572] -> 0x5240
[3295] [M]: 0x80022570 (0x5240A023) sw tp, 1312(ra)
mem[0x8003A688] <- 0x00000001


mem[X,0x80022574] -> 0x0513
mem[X,0x80022576] -> 0x0060
[3296] [M]: 0x80022574 (0x00600513) addi a0, zero, 6
x10 <- 0x00000006


mem[X,0x80022578] -> 0x55B7
mem[X,0x8002257A] -> 0xFFFF
[3297] [M]: 0x80022578 (0xFFFF55B7) lui a1, 1048565
x11 <- 0xFFFF5000


mem[X,0x8002257C] -> 0x8593
mem[X,0x8002257E] -> 0xAFD5
[3298] [M]: 0x8002257C (0xAFD58593) addi a1, a1, 2813
x11 <- 0xFFFF4AFD


mem[X,0x80022580] -> 0x0213
mem[X,0x80022582] -> 0x0000
[3299] [M]: 0x80022580 (0x00000213) addi tp, zero, 0
x4 <- 0x00000000


clint::tick mtime <- 0x0000000000000021
 clint timer pending at mtime 0x0000000000000021
htif::tick 0x0000000000000000
mem[X,0x80022584] -> 0x006F
mem[X,0x80022586] -> 0x00C0
[3300] [M]: 0x80022584 (0x00C0006F) jal zero, 12


mem[X,0x80022590] -> 0x1663
mem[X,0x80022592] -> 0x00B5
[3301] [M]: 0x80022590 (0x00B51663) bne a0, a1, 12


mem[X,0x8002259C] -> 0x0213
mem[X,0x8002259E] -> 0x0032
[3302] [M]: 0x8002259C (0x00320213) addi tp, tp, 3
x4 <- 0x00000003


mem[X,0x800225A0] -> 0x006F
mem[X,0x800225A2] -> 0x0040
[3303] [M]: 0x800225A0 (0x0040006F) jal zero, 4


mem[X,0x800225A4] -> 0xA223
mem[X,0x800225A6] -> 0x5240
[3304] [M]: 0x800225A4 (0x5240A223) sw tp, 1316(ra)
mem[0x8003A68C] <- 0x00000003


mem[X,0x800225A8] -> 0x0513
mem[X,0x800225AA] -> 0x0060
[3305] [M]: 0x800225A8 (0x00600513) addi a0, zero, 6
x10 <- 0x00000006


mem[X,0x800225AC] -> 0xB5B7
mem[X,0x800225AE] -> 0x0000
[3306] [M]: 0x800225AC (0x0000B5B7) lui a1, 11
x11 <- 0x0000B000


mem[X,0x800225B0] -> 0x8593
mem[X,0x800225B2] -> 0x5055
[3307] [M]: 0x800225B0 (0x50558593) addi a1, a1, 1285
x11 <- 0x0000B505


mem[X,0x800225B4] -> 0x0213
mem[X,0x800225B6] -> 0x0000
[3308] [M]: 0x800225B4 (0x00000213) addi tp, zero, 0
x4 <- 0x00000000


mem[X,0x800225B8] -> 0x006F
mem[X,0x800225BA] -> 0x0140
[3309] [M]: 0x800225B8 (0x0140006F) jal zero, 20


mem[X,0x800225CC] -> 0x18E3
mem[X,0x800225CE] -> 0xFEB5
[3310] [M]: 0x800225CC (0xFEB518E3) bne a0, a1, 8176


mem[X,0x800225BC] -> 0x0213
mem[X,0x800225BE] -> 0x0012
[3311] [M]: 0x800225BC (0x00120213) addi tp, tp, 1
x4 <- 0x00000001


mem[X,0x800225C0] -> 0x006F
mem[X,0x800225C2] -> 0x0200
[3312] [M]: 0x800225C0 (0x0200006F) jal zero, 32


mem[X,0x800225E0] -> 0xA423
mem[X,0x800225E2] -> 0x5240
[3313] [M]: 0x800225E0 (0x5240A423) sw tp, 1320(ra)
mem[0x8003A690] <- 0x00000001


mem[X,0x800225E4] -> 0x3537
mem[X,0x800225E6] -> 0x3333
[3314] [M]: 0x800225E4 (0x33333537) lui a0, 209715
x10 <- 0x33333000


mem[X,0x800225E8] -> 0x0513
mem[X,0x800225EA] -> 0x3345
[3315] [M]: 0x800225E8 (0x33450513) addi a0, a0, 820
x10 <- 0x33333334


mem[X,0x800225EC] -> 0x0593
mem[X,0x800225EE] -> 0x0030
[3316] [M]: 0x800225EC (0x00300593) addi a1, zero, 3
x11 <- 0x00000003


mem[X,0x800225F0] -> 0x0213
mem[X,0x800225F2] -> 0x0000
[3317] [M]: 0x800225F0 (0x00000213) addi tp, zero, 0
x4 <- 0x00000000


mem[X,0x800225F4] -> 0x006F
mem[X,0x800225F6] -> 0x00C0
[3318] [M]: 0x800225F4 (0x00C0006F) jal zero, 12


mem[X,0x80022600] -> 0x1663
mem[X,0x80022602] -> 0x00B5
[3319] [M]: 0x80022600 (0x00B51663) bne a0, a1, 12


mem[X,0x8002260C] -> 0x0213
mem[X,0x8002260E] -> 0x0032
[3320] [M]: 0x8002260C (0x00320213) addi tp, tp, 3
x4 <- 0x00000003


mem[X,0x80022610] -> 0x006F
mem[X,0x80022612] -> 0x0040
[3321] [M]: 0x80022610 (0x0040006F) jal zero, 4


mem[X,0x80022614] -> 0xA623
mem[X,0x80022616] -> 0x5240
[3322] [M]: 0x80022614 (0x5240A623) sw tp, 1324(ra)
mem[0x8003A694] <- 0x00000003


mem[X,0x80022618] -> 0x3537
mem[X,0x8002261A] -> 0x3333
[3323] [M]: 0x80022618 (0x33333537) lui a0, 209715
x10 <- 0x33333000


mem[X,0x8002261C] -> 0x0513
mem[X,0x8002261E] -> 0x3345
[3324] [M]: 0x8002261C (0x33450513) addi a0, a0, 820
x10 <- 0x33333334


mem[X,0x80022620] -> 0x55B7
mem[X,0x80022622] -> 0x5555
[3325] [M]: 0x80022620 (0x555555B7) lui a1, 349525
x11 <- 0x55555000


mem[X,0x80022624] -> 0x8593
mem[X,0x80022626] -> 0x5555
[3326] [M]: 0x80022624 (0x55558593) addi a1, a1, 1365
x11 <- 0x55555555


mem[X,0x80022628] -> 0x0213
mem[X,0x8002262A] -> 0x0000
[3327] [M]: 0x80022628 (0x00000213) addi tp, zero, 0
x4 <- 0x00000000


mem[X,0x8002262C] -> 0x006F
mem[X,0x8002262E] -> 0x00C0
[3328] [M]: 0x8002262C (0x00C0006F) jal zero, 12


mem[X,0x80022638] -> 0x1CE3
mem[X,0x8002263A] -> 0xFEB5
[3329] [M]: 0x80022638 (0xFEB51CE3) bne a0, a1, 8184


mem[X,0x80022630] -> 0x0213
mem[X,0x80022632] -> 0x0012
[3330] [M]: 0x80022630 (0x00120213) addi tp, tp, 1
x4 <- 0x00000001


mem[X,0x80022634] -> 0x006F
mem[X,0x80022636] -> 0x0180
[3331] [M]: 0x80022634 (0x0180006F) jal zero, 24


mem[X,0x8002264C] -> 0xA823
mem[X,0x8002264E] -> 0x5240
[3332] [M]: 0x8002264C (0x5240A823) sw tp, 1328(ra)
mem[0x8003A698] <- 0x00000001


mem[X,0x80022650] -> 0x3537
mem[X,0x80022652] -> 0x3333
[3333] [M]: 0x80022650 (0x33333537) lui a0, 209715
x10 <- 0x33333000


mem[X,0x80022654] -> 0x0513
mem[X,0x80022656] -> 0x3345
[3334] [M]: 0x80022654 (0x33450513) addi a0, a0, 820
x10 <- 0x33333334


mem[X,0x80022658] -> 0xB5B7
mem[X,0x8002265A] -> 0xAAAA
[3335] [M]: 0x80022658 (0xAAAAB5B7) lui a1, 699051
x11 <- 0xAAAAB000


mem[X,0x8002265C] -> 0x8593
mem[X,0x8002265E] -> 0xAAA5
[3336] [M]: 0x8002265C (0xAAA58593) addi a1, a1, 2730
x11 <- 0xAAAAAAAA


mem[X,0x80022660] -> 0x0213
mem[X,0x80022662] -> 0x0000
[3337] [M]: 0x80022660 (0x00000213) addi tp, zero, 0
x4 <- 0x00000000


mem[X,0x80022664] -> 0x006F
mem[X,0x80022666] -> 0x0050
[3338] [M]: 0x80022664 (0x0050006F) jal zero, 2052


mem[X,0x80022E68] -> 0x10E3
mem[X,0x80022E6A] -> 0x80B5
[3339] [M]: 0x80022E68 (0x80B510E3) bne a0, a1, 6144


mem[X,0x80022668] -> 0x0213
mem[X,0x8002266A] -> 0x0012
[3340] [M]: 0x80022668 (0x00120213) addi tp, tp, 1
x4 <- 0x00000001


mem[X,0x8002266C] -> 0x006F
mem[X,0x8002266E] -> 0x0110
[3341] [M]: 0x8002266C (0x0110006F) jal zero, 2064


mem[X,0x80022E7C] -> 0xAA23
mem[X,0x80022E7E] -> 0x5240
[3342] [M]: 0x80022E7C (0x5240AA23) sw tp, 1332(ra)
mem[0x8003A69C] <- 0x00000001


mem[X,0x80022E80] -> 0x3537
mem[X,0x80022E82] -> 0x3333
[3343] [M]: 0x80022E80 (0x33333537) lui a0, 209715
x10 <- 0x33333000


mem[X,0x80022E84] -> 0x0513
mem[X,0x80022E86] -> 0x3345
[3344] [M]: 0x80022E84 (0x33450513) addi a0, a0, 820
x10 <- 0x33333334


mem[X,0x80022E88] -> 0x0593
mem[X,0x80022E8A] -> 0x0050
[3345] [M]: 0x80022E88 (0x00500593) addi a1, zero, 5
x11 <- 0x00000005


mem[X,0x80022E8C] -> 0x0213
mem[X,0x80022E8E] -> 0x0000
[3346] [M]: 0x80022E8C (0x00000213) addi tp, zero, 0
x4 <- 0x00000000


mem[X,0x80022E90] -> 0x006F
mem[X,0x80022E92] -> 0x00C0
[3347] [M]: 0x80022E90 (0x00C0006F) jal zero, 12


mem[X,0x80022E9C] -> 0x1663
mem[X,0x80022E9E] -> 0x00B5
[3348] [M]: 0x80022E9C (0x00B51663) bne a0, a1, 12


mem[X,0x80022EA8] -> 0x0213
mem[X,0x80022EAA] -> 0x0032
[3349] [M]: 0x80022EA8 (0x00320213) addi tp, tp, 3
x4 <- 0x00000003


mem[X,0x80022EAC] -> 0x006F
mem[X,0x80022EAE] -> 0x0040
[3350] [M]: 0x80022EAC (0x0040006F) jal zero, 4


mem[X,0x80022EB0] -> 0xAC23
mem[X,0x80022EB2] -> 0x5240
[3351] [M]: 0x80022EB0 (0x5240AC23) sw tp, 1336(ra)
mem[0x8003A6A0] <- 0x00000003


mem[X,0x80022EB4] -> 0x3537
mem[X,0x80022EB6] -> 0x3333
[3352] [M]: 0x80022EB4 (0x33333537) lui a0, 209715
x10 <- 0x33333000


mem[X,0x80022EB8] -> 0x0513
mem[X,0x80022EBA] -> 0x3345
[3353] [M]: 0x80022EB8 (0x33450513) addi a0, a0, 820
x10 <- 0x33333334


mem[X,0x80022EBC] -> 0x35B7
mem[X,0x80022EBE] -> 0x3333
[3354] [M]: 0x80022EBC (0x333335B7) lui a1, 209715
x11 <- 0x33333000


mem[X,0x80022EC0] -> 0x8593
mem[X,0x80022EC2] -> 0x3335
[3355] [M]: 0x80022EC0 (0x33358593) addi a1, a1, 819
x11 <- 0x33333333


mem[X,0x80022EC4] -> 0x0213
mem[X,0x80022EC6] -> 0x0000
[3356] [M]: 0x80022EC4 (0x00000213) addi tp, zero, 0
x4 <- 0x00000000


mem[X,0x80022EC8] -> 0x006F
mem[X,0x80022ECA] -> 0x00C0
[3357] [M]: 0x80022EC8 (0x00C0006F) jal zero, 12


mem[X,0x80022ED4] -> 0x1663
mem[X,0x80022ED6] -> 0x00B5
[3358] [M]: 0x80022ED4 (0x00B51663) bne a0, a1, 12


mem[X,0x80022EE0] -> 0x0213
mem[X,0x80022EE2] -> 0x0032
[3359] [M]: 0x80022EE0 (0x00320213) addi tp, tp, 3
x4 <- 0x00000003


mem[X,0x80022EE4] -> 0x006F
mem[X,0x80022EE6] -> 0x0040
[3360] [M]: 0x80022EE4 (0x0040006F) jal zero, 4


mem[X,0x80022EE8] -> 0xAE23
mem[X,0x80022EEA] -> 0x5240
[3361] [M]: 0x80022EE8 (0x5240AE23) sw tp, 1340(ra)
mem[0x8003A6A4] <- 0x00000003


mem[X,0x80022EEC] -> 0x3537
mem[X,0x80022EEE] -> 0x3333
[3362] [M]: 0x80022EEC (0x33333537) lui a0, 209715
x10 <- 0x33333000


mem[X,0x80022EF0] -> 0x0513
mem[X,0x80022EF2] -> 0x3345
[3363] [M]: 0x80022EF0 (0x33450513) addi a0, a0, 820
x10 <- 0x33333334


mem[X,0x80022EF4] -> 0x65B7
mem[X,0x80022EF6] -> 0x6666
[3364] [M]: 0x80022EF4 (0x666665B7) lui a1, 419430
x11 <- 0x66666000


mem[X,0x80022EF8] -> 0x8593
mem[X,0x80022EFA] -> 0x6665
[3365] [M]: 0x80022EF8 (0x66658593) addi a1, a1, 1638
x11 <- 0x66666666


mem[X,0x80022EFC] -> 0x0213
mem[X,0x80022EFE] -> 0x0000
[3366] [M]: 0x80022EFC (0x00000213) addi tp, zero, 0
x4 <- 0x00000000


mem[X,0x80022F00] -> 0x006F
mem[X,0x80022F02] -> 0x0180
[3367] [M]: 0x80022F00 (0x0180006F) jal zero, 24


mem[X,0x80022F18] -> 0x16E3
mem[X,0x80022F1A] -> 0xFEB5
[3368] [M]: 0x80022F18 (0xFEB516E3) bne a0, a1, 8172


mem[X,0x80022F04] -> 0x0213
mem[X,0x80022F06] -> 0x0012
[3369] [M]: 0x80022F04 (0x00120213) addi tp, tp, 1
x4 <- 0x00000001


mem[X,0x80022F08] -> 0x006F
mem[X,0x80022F0A] -> 0x0240
[3370] [M]: 0x80022F08 (0x0240006F) jal zero, 36


mem[X,0x80022F2C] -> 0xA023
mem[X,0x80022F2E] -> 0x5440
[3371] [M]: 0x80022F2C (0x5440A023) sw tp, 1344(ra)
mem[0x8003A6A8] <- 0x00000001


mem[X,0x80022F30] -> 0x3537
mem[X,0x80022F32] -> 0x3333
[3372] [M]: 0x80022F30 (0x33333537) lui a0, 209715
x10 <- 0x33333000


mem[X,0x80022F34] -> 0x0513
mem[X,0x80022F36] -> 0x3345
[3373] [M]: 0x80022F34 (0x33450513) addi a0, a0, 820
x10 <- 0x33333334


mem[X,0x80022F38] -> 0x55B7
mem[X,0x80022F3A] -> 0xFFFF
[3374] [M]: 0x80022F38 (0xFFFF55B7) lui a1, 1048565
x11 <- 0xFFFF5000


mem[X,0x80022F3C] -> 0x8593
mem[X,0x80022F3E] -> 0xAFC5
[3375] [M]: 0x80022F3C (0xAFC58593) addi a1, a1, 2812
x11 <- 0xFFFF4AFC


mem[X,0x80022F40] -> 0x0213
mem[X,0x80022F42] -> 0x0000
[3376] [M]: 0x80022F40 (0x00000213) addi tp, zero, 0
x4 <- 0x00000000


mem[X,0x80022F44] -> 0x006F
mem[X,0x80022F46] -> 0x0100
[3377] [M]: 0x80022F44 (0x0100006F) jal zero, 16


mem[X,0x80022F54] -> 0x1AE3
mem[X,0x80022F56] -> 0xFEB5
[3378] [M]: 0x80022F54 (0xFEB51AE3) bne a0, a1, 8180


mem[X,0x80022F48] -> 0x0213
mem[X,0x80022F4A] -> 0x0012
[3379] [M]: 0x80022F48 (0x00120213) addi tp, tp, 1
x4 <- 0x00000001


mem[X,0x80022F4C] -> 0x006F
mem[X,0x80022F4E] -> 0x01C0
[3380] [M]: 0x80022F4C (0x01C0006F) jal zero, 28


mem[X,0x80022F68] -> 0xA223
mem[X,0x80022F6A] -> 0x5440
[3381] [M]: 0x80022F68 (0x5440A223) sw tp, 1348(ra)
mem[0x8003A6AC] <- 0x00000001


mem[X,0x80022F6C] -> 0x3537
mem[X,0x80022F6E] -> 0x3333
[3382] [M]: 0x80022F6C (0x33333537) lui a0, 209715
x10 <- 0x33333000


mem[X,0x80022F70] -> 0x0513
mem[X,0x80022F72] -> 0x3345
[3383] [M]: 0x80022F70 (0x33450513) addi a0, a0, 820
x10 <- 0x33333334


mem[X,0x80022F74] -> 0xB5B7
mem[X,0x80022F76] -> 0x0000
[3384] [M]: 0x80022F74 (0x0000B5B7) lui a1, 11
x11 <- 0x0000B000


mem[X,0x80022F78] -> 0x8593
mem[X,0x80022F7A] -> 0x5045
[3385] [M]: 0x80022F78 (0x50458593) addi a1, a1, 1284
x11 <- 0x0000B504


mem[X,0x80022F7C] -> 0x0213
mem[X,0x80022F7E] -> 0x0000
[3386] [M]: 0x80022F7C (0x00000213) addi tp, zero, 0
x4 <- 0x00000000


mem[X,0x80022F80] -> 0x006F
mem[X,0x80022F82] -> 0x2B10
[3387] [M]: 0x80022F80 (0x2B10006F) jal zero, 2736


mem[X,0x80023A30] -> 0x1A63
mem[X,0x80023A32] -> 0xD4B5
[3388] [M]: 0x80023A30 (0xD4B51A63) bne a0, a1, 5460


mem[X,0x80022F84] -> 0x0213
mem[X,0x80022F86] -> 0x0012
[3389] [M]: 0x80022F84 (0x00120213) addi tp, tp, 1
x4 <- 0x00000001


mem[X,0x80022F88] -> 0x006F
mem[X,0x80022F8A] -> 0x2BD0
[3390] [M]: 0x80022F88 (0x2BD0006F) jal zero, 2748


mem[X,0x80023A44] -> 0xA423
mem[X,0x80023A46] -> 0x5440
[3391] [M]: 0x80023A44 (0x5440A423) sw tp, 1352(ra)
mem[0x8003A6B0] <- 0x00000001


mem[X,0x80023A48] -> 0x3537
mem[X,0x80023A4A] -> 0x3333
[3392] [M]: 0x80023A48 (0x33333537) lui a0, 209715
x10 <- 0x33333000


mem[X,0x80023A4C] -> 0x0513
mem[X,0x80023A4E] -> 0x3345
[3393] [M]: 0x80023A4C (0x33450513) addi a0, a0, 820
x10 <- 0x33333334


mem[X,0x80023A50] -> 0x0593
mem[X,0x80023A52] -> 0x0020
[3394] [M]: 0x80023A50 (0x00200593) addi a1, zero, 2
x11 <- 0x00000002


mem[X,0x80023A54] -> 0x0213
mem[X,0x80023A56] -> 0x0000
[3395] [M]: 0x80023A54 (0x00000213) addi tp, zero, 0
x4 <- 0x00000000


mem[X,0x80023A58] -> 0x006F
mem[X,0x80023A5A] -> 0x0050
[3396] [M]: 0x80023A58 (0x0050006F) jal zero, 2052


mem[X,0x8002425C] -> 0x10E3
mem[X,0x8002425E] -> 0x80B5
[3397] [M]: 0x8002425C (0x80B510E3) bne a0, a1, 6144


mem[X,0x80023A5C] -> 0x0213
mem[X,0x80023A5E] -> 0x0012
[3398] [M]: 0x80023A5C (0x00120213) addi tp, tp, 1
x4 <- 0x00000001


mem[X,0x80023A60] -> 0x006F
mem[X,0x80023A62] -> 0x0110
[3399] [M]: 0x80023A60 (0x0110006F) jal zero, 2064


clint::tick mtime <- 0x0000000000000022
 clint timer pending at mtime 0x0000000000000022
htif::tick 0x0000000000000000
mem[X,0x80024270] -> 0xA623
mem[X,0x80024272] -> 0x5440
[3400] [M]: 0x80024270 (0x5440A623) sw tp, 1356(ra)
mem[0x8003A6B4] <- 0x00000001


mem[X,0x80024274] -> 0x3537
mem[X,0x80024276] -> 0x3333
[3401] [M]: 0x80024274 (0x33333537) lui a0, 209715
x10 <- 0x33333000


mem[X,0x80024278] -> 0x0513
mem[X,0x8002427A] -> 0x3345
[3402] [M]: 0x80024278 (0x33450513) addi a0, a0, 820
x10 <- 0x33333334


mem[X,0x8002427C] -> 0x55B7
mem[X,0x8002427E] -> 0x5555
[3403] [M]: 0x8002427C (0x555555B7) lui a1, 349525
x11 <- 0x55555000


mem[X,0x80024280] -> 0x8593
mem[X,0x80024282] -> 0x5545
[3404] [M]: 0x80024280 (0x55458593) addi a1, a1, 1364
x11 <- 0x55555554


mem[X,0x80024284] -> 0x0213
mem[X,0x80024286] -> 0x0000
[3405] [M]: 0x80024284 (0x00000213) addi tp, zero, 0
x4 <- 0x00000000


mem[X,0x80024288] -> 0x006F
mem[X,0x8002428A] -> 0x00C0
[3406] [M]: 0x80024288 (0x00C0006F) jal zero, 12


mem[X,0x80024294] -> 0x1063
mem[X,0x80024296] -> 0x02B5
[3407] [M]: 0x80024294 (0x02B51063) bne a0, a1, 32


mem[X,0x800242B4] -> 0x0213
mem[X,0x800242B6] -> 0x0032
[3408] [M]: 0x800242B4 (0x00320213) addi tp, tp, 3
x4 <- 0x00000003


mem[X,0x800242B8] -> 0x006F
mem[X,0x800242BA] -> 0x0040
[3409] [M]: 0x800242B8 (0x0040006F) jal zero, 4


mem[X,0x800242BC] -> 0xA823
mem[X,0x800242BE] -> 0x5440
[3410] [M]: 0x800242BC (0x5440A823) sw tp, 1360(ra)
mem[0x8003A6B8] <- 0x00000003


mem[X,0x800242C0] -> 0x3537
mem[X,0x800242C2] -> 0x3333
[3411] [M]: 0x800242C0 (0x33333537) lui a0, 209715
x10 <- 0x33333000


mem[X,0x800242C4] -> 0x0513
mem[X,0x800242C6] -> 0x3345
[3412] [M]: 0x800242C4 (0x33450513) addi a0, a0, 820
x10 <- 0x33333334


mem[X,0x800242C8] -> 0x0593
mem[X,0x800242CA] -> 0x0000
[3413] [M]: 0x800242C8 (0x00000593) addi a1, zero, 0
x11 <- 0x00000000


mem[X,0x800242CC] -> 0x0213
mem[X,0x800242CE] -> 0x0000
[3414] [M]: 0x800242CC (0x00000213) addi tp, zero, 0
x4 <- 0x00000000


mem[X,0x800242D0] -> 0x006F
mem[X,0x800242D2] -> 0x00C0
[3415] [M]: 0x800242D0 (0x00C0006F) jal zero, 12


mem[X,0x800242DC] -> 0x1663
mem[X,0x800242DE] -> 0x00B5
[3416] [M]: 0x800242DC (0x00B51663) bne a0, a1, 12


mem[X,0x800242E8] -> 0x0213
mem[X,0x800242EA] -> 0x0032
[3417] [M]: 0x800242E8 (0x00320213) addi tp, tp, 3
x4 <- 0x00000003


mem[X,0x800242EC] -> 0x006F
mem[X,0x800242EE] -> 0x0040
[3418] [M]: 0x800242EC (0x0040006F) jal zero, 4


mem[X,0x800242F0] -> 0xAA23
mem[X,0x800242F2] -> 0x5440
[3419] [M]: 0x800242F0 (0x5440AA23) sw tp, 1364(ra)
mem[0x8003A6BC] <- 0x00000003


mem[X,0x800242F4] -> 0x3537
mem[X,0x800242F6] -> 0x3333
[3420] [M]: 0x800242F4 (0x33333537) lui a0, 209715
x10 <- 0x33333000


mem[X,0x800242F8] -> 0x0513
mem[X,0x800242FA] -> 0x3345
[3421] [M]: 0x800242F8 (0x33450513) addi a0, a0, 820
x10 <- 0x33333334


mem[X,0x800242FC] -> 0x0593
mem[X,0x800242FE] -> 0x0040
[3422] [M]: 0x800242FC (0x00400593) addi a1, zero, 4
x11 <- 0x00000004


mem[X,0x80024300] -> 0x0213
mem[X,0x80024302] -> 0x0000
[3423] [M]: 0x80024300 (0x00000213) addi tp, zero, 0
x4 <- 0x00000000


mem[X,0x80024304] -> 0x006F
mem[X,0x80024306] -> 0x0180
[3424] [M]: 0x80024304 (0x0180006F) jal zero, 24


mem[X,0x8002431C] -> 0x16E3
mem[X,0x8002431E] -> 0xFEB5
[3425] [M]: 0x8002431C (0xFEB516E3) bne a0, a1, 8172


mem[X,0x80024308] -> 0x0213
mem[X,0x8002430A] -> 0x0012
[3426] [M]: 0x80024308 (0x00120213) addi tp, tp, 1
x4 <- 0x00000001


mem[X,0x8002430C] -> 0x006F
mem[X,0x8002430E] -> 0x0240
[3427] [M]: 0x8002430C (0x0240006F) jal zero, 36


mem[X,0x80024330] -> 0xAC23
mem[X,0x80024332] -> 0x5440
[3428] [M]: 0x80024330 (0x5440AC23) sw tp, 1368(ra)
mem[0x8003A6C0] <- 0x00000001


mem[X,0x80024334] -> 0x3537
mem[X,0x80024336] -> 0x3333
[3429] [M]: 0x80024334 (0x33333537) lui a0, 209715
x10 <- 0x33333000


mem[X,0x80024338] -> 0x0513
mem[X,0x8002433A] -> 0x3345
[3430] [M]: 0x80024338 (0x33450513) addi a0, a0, 820
x10 <- 0x33333334


mem[X,0x8002433C] -> 0x35B7
mem[X,0x8002433E] -> 0x3333
[3431] [M]: 0x8002433C (0x333335B7) lui a1, 209715
x11 <- 0x33333000


mem[X,0x80024340] -> 0x8593
mem[X,0x80024342] -> 0x3325
[3432] [M]: 0x80024340 (0x33258593) addi a1, a1, 818
x11 <- 0x33333332


mem[X,0x80024344] -> 0x0213
mem[X,0x80024346] -> 0x0000
[3433] [M]: 0x80024344 (0x00000213) addi tp, zero, 0
x4 <- 0x00000000


mem[X,0x80024348] -> 0x006F
mem[X,0x8002434A] -> 0x0180
[3434] [M]: 0x80024348 (0x0180006F) jal zero, 24


mem[X,0x80024360] -> 0x16E3
mem[X,0x80024362] -> 0xFEB5
[3435] [M]: 0x80024360 (0xFEB516E3) bne a0, a1, 8172


mem[X,0x8002434C] -> 0x0213
mem[X,0x8002434E] -> 0x0012
[3436] [M]: 0x8002434C (0x00120213) addi tp, tp, 1
x4 <- 0x00000001


mem[X,0x80024350] -> 0x006F
mem[X,0x80024352] -> 0x0240
[3437] [M]: 0x80024350 (0x0240006F) jal zero, 36


mem[X,0x80024374] -> 0xAE23
mem[X,0x80024376] -> 0x5440
[3438] [M]: 0x80024374 (0x5440AE23) sw tp, 1372(ra)
mem[0x8003A6C4] <- 0x00000001


mem[X,0x80024378] -> 0x3537
mem[X,0x8002437A] -> 0x3333
[3439] [M]: 0x80024378 (0x33333537) lui a0, 209715
x10 <- 0x33333000


mem[X,0x8002437C] -> 0x0513
mem[X,0x8002437E] -> 0x3345
[3440] [M]: 0x8002437C (0x33450513) addi a0, a0, 820
x10 <- 0x33333334


mem[X,0x80024380] -> 0x65B7
mem[X,0x80024382] -> 0x6666
[3441] [M]: 0x80024380 (0x666665B7) lui a1, 419430
x11 <- 0x66666000


mem[X,0x80024384] -> 0x8593
mem[X,0x80024386] -> 0x6655
[3442] [M]: 0x80024384 (0x66558593) addi a1, a1, 1637
x11 <- 0x66666665


mem[X,0x80024388] -> 0x0213
mem[X,0x8002438A] -> 0x0000
[3443] [M]: 0x80024388 (0x00000213) addi tp, zero, 0
x4 <- 0x00000000


mem[X,0x8002438C] -> 0x006F
mem[X,0x8002438E] -> 0x00C0
[3444] [M]: 0x8002438C (0x00C0006F) jal zero, 12


mem[X,0x80024398] -> 0x1663
mem[X,0x8002439A] -> 0x00B5
[3445] [M]: 0x80024398 (0x00B51663) bne a0, a1, 12


mem[X,0x800243A4] -> 0x0213
mem[X,0x800243A6] -> 0x0032
[3446] [M]: 0x800243A4 (0x00320213) addi tp, tp, 3
x4 <- 0x00000003


mem[X,0x800243A8] -> 0x006F
mem[X,0x800243AA] -> 0x0040
[3447] [M]: 0x800243A8 (0x0040006F) jal zero, 4


mem[X,0x800243AC] -> 0xA023
mem[X,0x800243AE] -> 0x5640
[3448] [M]: 0x800243AC (0x5640A023) sw tp, 1376(ra)
mem[0x8003A6C8] <- 0x00000003


mem[X,0x800243B0] -> 0x3537
mem[X,0x800243B2] -> 0x3333
[3449] [M]: 0x800243B0 (0x33333537) lui a0, 209715
x10 <- 0x33333000


mem[X,0x800243B4] -> 0x0513
mem[X,0x800243B6] -> 0x3345
[3450] [M]: 0x800243B4 (0x33450513) addi a0, a0, 820
x10 <- 0x33333334


mem[X,0x800243B8] -> 0xB5B7
mem[X,0x800243BA] -> 0x0000
[3451] [M]: 0x800243B8 (0x0000B5B7) lui a1, 11
x11 <- 0x0000B000


mem[X,0x800243BC] -> 0x8593
mem[X,0x800243BE] -> 0x5035
[3452] [M]: 0x800243BC (0x50358593) addi a1, a1, 1283
x11 <- 0x0000B503


mem[X,0x800243C0] -> 0x0213
mem[X,0x800243C2] -> 0x0000
[3453] [M]: 0x800243C0 (0x00000213) addi tp, zero, 0
x4 <- 0x00000000


mem[X,0x800243C4] -> 0x006F
mem[X,0x800243C6] -> 0x00C0
[3454] [M]: 0x800243C4 (0x00C0006F) jal zero, 12


mem[X,0x800243D0] -> 0x1CE3
mem[X,0x800243D2] -> 0xFEB5
[3455] [M]: 0x800243D0 (0xFEB51CE3) bne a0, a1, 8184


mem[X,0x800243C8] -> 0x0213
mem[X,0x800243CA] -> 0x0012
[3456] [M]: 0x800243C8 (0x00120213) addi tp, tp, 1
x4 <- 0x00000001


mem[X,0x800243CC] -> 0x006F
mem[X,0x800243CE] -> 0x0180
[3457] [M]: 0x800243CC (0x0180006F) jal zero, 24


mem[X,0x800243E4] -> 0xA223
mem[X,0x800243E6] -> 0x5640
[3458] [M]: 0x800243E4 (0x5640A223) sw tp, 1380(ra)
mem[0x8003A6CC] <- 0x00000001


mem[X,0x800243E8] -> 0x3537
mem[X,0x800243EA] -> 0x3333
[3459] [M]: 0x800243E8 (0x33333537) lui a0, 209715
x10 <- 0x33333000


mem[X,0x800243EC] -> 0x0513
mem[X,0x800243EE] -> 0x3345
[3460] [M]: 0x800243EC (0x33450513) addi a0, a0, 820
x10 <- 0x33333334


mem[X,0x800243F0] -> 0x55B7
mem[X,0x800243F2] -> 0x5555
[3461] [M]: 0x800243F0 (0x555555B7) lui a1, 349525
x11 <- 0x55555000


mem[X,0x800243F4] -> 0x8593
mem[X,0x800243F6] -> 0x5565
[3462] [M]: 0x800243F4 (0x55658593) addi a1, a1, 1366
x11 <- 0x55555556


mem[X,0x800243F8] -> 0x0213
mem[X,0x800243FA] -> 0x0000
[3463] [M]: 0x800243F8 (0x00000213) addi tp, zero, 0
x4 <- 0x00000000


mem[X,0x800243FC] -> 0x006F
mem[X,0x800243FE] -> 0x00C0
[3464] [M]: 0x800243FC (0x00C0006F) jal zero, 12


mem[X,0x80024408] -> 0x1663
mem[X,0x8002440A] -> 0x00B5
[3465] [M]: 0x80024408 (0x00B51663) bne a0, a1, 12


mem[X,0x80024414] -> 0x0213
mem[X,0x80024416] -> 0x0032
[3466] [M]: 0x80024414 (0x00320213) addi tp, tp, 3
x4 <- 0x00000003


mem[X,0x80024418] -> 0x006F
mem[X,0x8002441A] -> 0x0040
[3467] [M]: 0x80024418 (0x0040006F) jal zero, 4


mem[X,0x8002441C] -> 0xA423
mem[X,0x8002441E] -> 0x5640
[3468] [M]: 0x8002441C (0x5640A423) sw tp, 1384(ra)
mem[0x8003A6D0] <- 0x00000003


mem[X,0x80024420] -> 0x3537
mem[X,0x80024422] -> 0x3333
[3469] [M]: 0x80024420 (0x33333537) lui a0, 209715
x10 <- 0x33333000


mem[X,0x80024424] -> 0x0513
mem[X,0x80024426] -> 0x3345
[3470] [M]: 0x80024424 (0x33450513) addi a0, a0, 820
x10 <- 0x33333334


mem[X,0x80024428] -> 0xB5B7
mem[X,0x8002442A] -> 0xAAAA
[3471] [M]: 0x80024428 (0xAAAAB5B7) lui a1, 699051
x11 <- 0xAAAAB000


mem[X,0x8002442C] -> 0x8593
mem[X,0x8002442E] -> 0xAAB5
[3472] [M]: 0x8002442C (0xAAB58593) addi a1, a1, 2731
x11 <- 0xAAAAAAAB


mem[X,0x80024430] -> 0x0213
mem[X,0x80024432] -> 0x0000
[3473] [M]: 0x80024430 (0x00000213) addi tp, zero, 0
x4 <- 0x00000000


mem[X,0x80024434] -> 0x006F
mem[X,0x80024436] -> 0x0100
[3474] [M]: 0x80024434 (0x0100006F) jal zero, 16


mem[X,0x80024444] -> 0x1AE3
mem[X,0x80024446] -> 0xFEB5
[3475] [M]: 0x80024444 (0xFEB51AE3) bne a0, a1, 8180


mem[X,0x80024438] -> 0x0213
mem[X,0x8002443A] -> 0x0012
[3476] [M]: 0x80024438 (0x00120213) addi tp, tp, 1
x4 <- 0x00000001


mem[X,0x8002443C] -> 0x006F
mem[X,0x8002443E] -> 0x01C0
[3477] [M]: 0x8002443C (0x01C0006F) jal zero, 28


mem[X,0x80024458] -> 0xA623
mem[X,0x8002445A] -> 0x5640
[3478] [M]: 0x80024458 (0x5640A623) sw tp, 1388(ra)
mem[0x8003A6D4] <- 0x00000001


mem[X,0x8002445C] -> 0x3537
mem[X,0x8002445E] -> 0x3333
[3479] [M]: 0x8002445C (0x33333537) lui a0, 209715
x10 <- 0x33333000


mem[X,0x80024460] -> 0x0513
mem[X,0x80024462] -> 0x3345
[3480] [M]: 0x80024460 (0x33450513) addi a0, a0, 820
x10 <- 0x33333334


mem[X,0x80024464] -> 0x0593
mem[X,0x80024466] -> 0x0060
[3481] [M]: 0x80024464 (0x00600593) addi a1, zero, 6
x11 <- 0x00000006


mem[X,0x80024468] -> 0x0213
mem[X,0x8002446A] -> 0x0000
[3482] [M]: 0x80024468 (0x00000213) addi tp, zero, 0
x4 <- 0x00000000


mem[X,0x8002446C] -> 0x006F
mem[X,0x8002446E] -> 0x00C0
[3483] [M]: 0x8002446C (0x00C0006F) jal zero, 12


mem[X,0x80024478] -> 0x1063
mem[X,0x8002447A] -> 0x02B5
[3484] [M]: 0x80024478 (0x02B51063) bne a0, a1, 32


mem[X,0x80024498] -> 0x0213
mem[X,0x8002449A] -> 0x0032
[3485] [M]: 0x80024498 (0x00320213) addi tp, tp, 3
x4 <- 0x00000003


mem[X,0x8002449C] -> 0x006F
mem[X,0x8002449E] -> 0x0040
[3486] [M]: 0x8002449C (0x0040006F) jal zero, 4


mem[X,0x800244A0] -> 0xA823
mem[X,0x800244A2] -> 0x5640
[3487] [M]: 0x800244A0 (0x5640A823) sw tp, 1392(ra)
mem[0x8003A6D8] <- 0x00000003


mem[X,0x800244A4] -> 0x3537
mem[X,0x800244A6] -> 0x3333
[3488] [M]: 0x800244A4 (0x33333537) lui a0, 209715
x10 <- 0x33333000


mem[X,0x800244A8] -> 0x0513
mem[X,0x800244AA] -> 0x3345
[3489] [M]: 0x800244A8 (0x33450513) addi a0, a0, 820
x10 <- 0x33333334


mem[X,0x800244AC] -> 0x35B7
mem[X,0x800244AE] -> 0x3333
[3490] [M]: 0x800244AC (0x333335B7) lui a1, 209715
x11 <- 0x33333000


mem[X,0x800244B0] -> 0x8593
mem[X,0x800244B2] -> 0x3345
[3491] [M]: 0x800244B0 (0x33458593) addi a1, a1, 820
x11 <- 0x33333334


mem[X,0x800244B4] -> 0x0213
mem[X,0x800244B6] -> 0x0000
[3492] [M]: 0x800244B4 (0x00000213) addi tp, zero, 0
x4 <- 0x00000000


mem[X,0x800244B8] -> 0x006F
mem[X,0x800244BA] -> 0x00C0
[3493] [M]: 0x800244B8 (0x00C0006F) jal zero, 12


mem[X,0x800244C4] -> 0x1663
mem[X,0x800244C6] -> 0x00B5
[3494] [M]: 0x800244C4 (0x00B51663) bne a0, a1, 12


mem[X,0x800244C8] -> 0x0213
mem[X,0x800244CA] -> 0x0022
[3495] [M]: 0x800244C8 (0x00220213) addi tp, tp, 2
x4 <- 0x00000002


mem[X,0x800244CC] -> 0x006F
mem[X,0x800244CE] -> 0x00C0
[3496] [M]: 0x800244CC (0x00C0006F) jal zero, 12


mem[X,0x800244D8] -> 0xAA23
mem[X,0x800244DA] -> 0x5640
[3497] [M]: 0x800244D8 (0x5640AA23) sw tp, 1396(ra)
mem[0x8003A6DC] <- 0x00000002


mem[X,0x800244DC] -> 0x3537
mem[X,0x800244DE] -> 0x3333
[3498] [M]: 0x800244DC (0x33333537) lui a0, 209715
x10 <- 0x33333000


mem[X,0x800244E0] -> 0x0513
mem[X,0x800244E2] -> 0x3345
[3499] [M]: 0x800244E0 (0x33450513) addi a0, a0, 820
x10 <- 0x33333334


clint::tick mtime <- 0x0000000000000023
 clint timer pending at mtime 0x0000000000000023
htif::tick 0x0000000000000000
mem[X,0x800244E4] -> 0x65B7
mem[X,0x800244E6] -> 0x6666
[3500] [M]: 0x800244E4 (0x666665B7) lui a1, 419430
x11 <- 0x66666000


mem[X,0x800244E8] -> 0x8593
mem[X,0x800244EA] -> 0x6675
[3501] [M]: 0x800244E8 (0x66758593) addi a1, a1, 1639
x11 <- 0x66666667


mem[X,0x800244EC] -> 0x0213
mem[X,0x800244EE] -> 0x0000
[3502] [M]: 0x800244EC (0x00000213) addi tp, zero, 0
x4 <- 0x00000000


mem[X,0x800244F0] -> 0x006F
mem[X,0x800244F2] -> 0x00C0
[3503] [M]: 0x800244F0 (0x00C0006F) jal zero, 12


mem[X,0x800244FC] -> 0x1663
mem[X,0x800244FE] -> 0x00B5
[3504] [M]: 0x800244FC (0x00B51663) bne a0, a1, 12


mem[X,0x80024508] -> 0x0213
mem[X,0x8002450A] -> 0x0032
[3505] [M]: 0x80024508 (0x00320213) addi tp, tp, 3
x4 <- 0x00000003


mem[X,0x8002450C] -> 0x006F
mem[X,0x8002450E] -> 0x0040
[3506] [M]: 0x8002450C (0x0040006F) jal zero, 4


mem[X,0x80024510] -> 0xAC23
mem[X,0x80024512] -> 0x5640
[3507] [M]: 0x80024510 (0x5640AC23) sw tp, 1400(ra)
mem[0x8003A6E0] <- 0x00000003


mem[X,0x80024514] -> 0x3537
mem[X,0x80024516] -> 0x3333
[3508] [M]: 0x80024514 (0x33333537) lui a0, 209715
x10 <- 0x33333000


mem[X,0x80024518] -> 0x0513
mem[X,0x8002451A] -> 0x3345
[3509] [M]: 0x80024518 (0x33450513) addi a0, a0, 820
x10 <- 0x33333334


mem[X,0x8002451C] -> 0x55B7
mem[X,0x8002451E] -> 0xFFFF
[3510] [M]: 0x8002451C (0xFFFF55B7) lui a1, 1048565
x11 <- 0xFFFF5000


mem[X,0x80024520] -> 0x8593
mem[X,0x80024522] -> 0xAFD5
[3511] [M]: 0x80024520 (0xAFD58593) addi a1, a1, 2813
x11 <- 0xFFFF4AFD


mem[X,0x80024524] -> 0x0213
mem[X,0x80024526] -> 0x0000
[3512] [M]: 0x80024524 (0x00000213) addi tp, zero, 0
x4 <- 0x00000000


mem[X,0x80024528] -> 0x006F
mem[X,0x8002452A] -> 0x00C0
[3513] [M]: 0x80024528 (0x00C0006F) jal zero, 12


mem[X,0x80024534] -> 0x1663
mem[X,0x80024536] -> 0x00B5
[3514] [M]: 0x80024534 (0x00B51663) bne a0, a1, 12


mem[X,0x80024540] -> 0x0213
mem[X,0x80024542] -> 0x0032
[3515] [M]: 0x80024540 (0x00320213) addi tp, tp, 3
x4 <- 0x00000003


mem[X,0x80024544] -> 0x006F
mem[X,0x80024546] -> 0x0040
[3516] [M]: 0x80024544 (0x0040006F) jal zero, 4


mem[X,0x80024548] -> 0xAE23
mem[X,0x8002454A] -> 0x5640
[3517] [M]: 0x80024548 (0x5640AE23) sw tp, 1404(ra)
mem[0x8003A6E4] <- 0x00000003


mem[X,0x8002454C] -> 0x3537
mem[X,0x8002454E] -> 0x3333
[3518] [M]: 0x8002454C (0x33333537) lui a0, 209715
x10 <- 0x33333000


mem[X,0x80024550] -> 0x0513
mem[X,0x80024552] -> 0x3345
[3519] [M]: 0x80024550 (0x33450513) addi a0, a0, 820
x10 <- 0x33333334


mem[X,0x80024554] -> 0xB5B7
mem[X,0x80024556] -> 0x0000
[3520] [M]: 0x80024554 (0x0000B5B7) lui a1, 11
x11 <- 0x0000B000


mem[X,0x80024558] -> 0x8593
mem[X,0x8002455A] -> 0x5055
[3521] [M]: 0x80024558 (0x50558593) addi a1, a1, 1285
x11 <- 0x0000B505


mem[X,0x8002455C] -> 0x0213
mem[X,0x8002455E] -> 0x0000
[3522] [M]: 0x8002455C (0x00000213) addi tp, zero, 0
x4 <- 0x00000000


mem[X,0x80024560] -> 0x006F
mem[X,0x80024562] -> 0x00C0
[3523] [M]: 0x80024560 (0x00C0006F) jal zero, 12


mem[X,0x8002456C] -> 0x1063
mem[X,0x8002456E] -> 0x02B5
[3524] [M]: 0x8002456C (0x02B51063) bne a0, a1, 32


mem[X,0x8002458C] -> 0x0213
mem[X,0x8002458E] -> 0x0032
[3525] [M]: 0x8002458C (0x00320213) addi tp, tp, 3
x4 <- 0x00000003


mem[X,0x80024590] -> 0x006F
mem[X,0x80024592] -> 0x0040
[3526] [M]: 0x80024590 (0x0040006F) jal zero, 4


mem[X,0x80024594] -> 0xA023
mem[X,0x80024596] -> 0x5840
[3527] [M]: 0x80024594 (0x5840A023) sw tp, 1408(ra)
mem[0x8003A6E8] <- 0x00000003


mem[X,0x80024598] -> 0x6537
mem[X,0x8002459A] -> 0x6666
[3528] [M]: 0x80024598 (0x66666537) lui a0, 419430
x10 <- 0x66666000


mem[X,0x8002459C] -> 0x0513
mem[X,0x8002459E] -> 0x6675
[3529] [M]: 0x8002459C (0x66750513) addi a0, a0, 1639
x10 <- 0x66666667


mem[X,0x800245A0] -> 0x0593
mem[X,0x800245A2] -> 0x0030
[3530] [M]: 0x800245A0 (0x00300593) addi a1, zero, 3
x11 <- 0x00000003


mem[X,0x800245A4] -> 0x0213
mem[X,0x800245A6] -> 0x0000
[3531] [M]: 0x800245A4 (0x00000213) addi tp, zero, 0
x4 <- 0x00000000


mem[X,0x800245A8] -> 0x006F
mem[X,0x800245AA] -> 0x00C0
[3532] [M]: 0x800245A8 (0x00C0006F) jal zero, 12


mem[X,0x800245B4] -> 0x1663
mem[X,0x800245B6] -> 0x00B5
[3533] [M]: 0x800245B4 (0x00B51663) bne a0, a1, 12


mem[X,0x800245C0] -> 0x0213
mem[X,0x800245C2] -> 0x0032
[3534] [M]: 0x800245C0 (0x00320213) addi tp, tp, 3
x4 <- 0x00000003


mem[X,0x800245C4] -> 0x006F
mem[X,0x800245C6] -> 0x0040
[3535] [M]: 0x800245C4 (0x0040006F) jal zero, 4


mem[X,0x800245C8] -> 0xA223
mem[X,0x800245CA] -> 0x5840
[3536] [M]: 0x800245C8 (0x5840A223) sw tp, 1412(ra)
mem[0x8003A6EC] <- 0x00000003


mem[X,0x800245CC] -> 0x6537
mem[X,0x800245CE] -> 0x6666
[3537] [M]: 0x800245CC (0x66666537) lui a0, 419430
x10 <- 0x66666000


mem[X,0x800245D0] -> 0x0513
mem[X,0x800245D2] -> 0x6675
[3538] [M]: 0x800245D0 (0x66750513) addi a0, a0, 1639
x10 <- 0x66666667


mem[X,0x800245D4] -> 0x55B7
mem[X,0x800245D6] -> 0x5555
[3539] [M]: 0x800245D4 (0x555555B7) lui a1, 349525
x11 <- 0x55555000


mem[X,0x800245D8] -> 0x8593
mem[X,0x800245DA] -> 0x5555
[3540] [M]: 0x800245D8 (0x55558593) addi a1, a1, 1365
x11 <- 0x55555555


mem[X,0x800245DC] -> 0x0213
mem[X,0x800245DE] -> 0x0000
[3541] [M]: 0x800245DC (0x00000213) addi tp, zero, 0
x4 <- 0x00000000


mem[X,0x800245E0] -> 0x006F
mem[X,0x800245E2] -> 0x00C0
[3542] [M]: 0x800245E0 (0x00C0006F) jal zero, 12


mem[X,0x800245EC] -> 0x1CE3
mem[X,0x800245EE] -> 0xFEB5
[3543] [M]: 0x800245EC (0xFEB51CE3) bne a0, a1, 8184


mem[X,0x800245E4] -> 0x0213
mem[X,0x800245E6] -> 0x0012
[3544] [M]: 0x800245E4 (0x00120213) addi tp, tp, 1
x4 <- 0x00000001


mem[X,0x800245E8] -> 0x006F
mem[X,0x800245EA] -> 0x0180
[3545] [M]: 0x800245E8 (0x0180006F) jal zero, 24


mem[X,0x80024600] -> 0xA423
mem[X,0x80024602] -> 0x5840
[3546] [M]: 0x80024600 (0x5840A423) sw tp, 1416(ra)
mem[0x8003A6F0] <- 0x00000001


mem[X,0x80024604] -> 0x6537
mem[X,0x80024606] -> 0x6666
[3547] [M]: 0x80024604 (0x66666537) lui a0, 419430
x10 <- 0x66666000


mem[X,0x80024608] -> 0x0513
mem[X,0x8002460A] -> 0x6675
[3548] [M]: 0x80024608 (0x66750513) addi a0, a0, 1639
x10 <- 0x66666667


mem[X,0x8002460C] -> 0xB5B7
mem[X,0x8002460E] -> 0xAAAA
[3549] [M]: 0x8002460C (0xAAAAB5B7) lui a1, 699051
x11 <- 0xAAAAB000


mem[X,0x80024610] -> 0x8593
mem[X,0x80024612] -> 0xAAA5
[3550] [M]: 0x80024610 (0xAAA58593) addi a1, a1, 2730
x11 <- 0xAAAAAAAA


mem[X,0x80024614] -> 0x0213
mem[X,0x80024616] -> 0x0000
[3551] [M]: 0x80024614 (0x00000213) addi tp, zero, 0
x4 <- 0x00000000


mem[X,0x80024618] -> 0x006F
mem[X,0x8002461A] -> 0x00C0
[3552] [M]: 0x80024618 (0x00C0006F) jal zero, 12


mem[X,0x80024624] -> 0x1063
mem[X,0x80024626] -> 0x20B5
[3553] [M]: 0x80024624 (0x20B51063) bne a0, a1, 512


mem[X,0x80024824] -> 0x0213
mem[X,0x80024826] -> 0x0032
[3554] [M]: 0x80024824 (0x00320213) addi tp, tp, 3
x4 <- 0x00000003


mem[X,0x80024828] -> 0x006F
mem[X,0x8002482A] -> 0x0040
[3555] [M]: 0x80024828 (0x0040006F) jal zero, 4


mem[X,0x8002482C] -> 0xA623
mem[X,0x8002482E] -> 0x5840
[3556] [M]: 0x8002482C (0x5840A623) sw tp, 1420(ra)
mem[0x8003A6F4] <- 0x00000003


mem[X,0x80024830] -> 0x6537
mem[X,0x80024832] -> 0x6666
[3557] [M]: 0x80024830 (0x66666537) lui a0, 419430
x10 <- 0x66666000


mem[X,0x80024834] -> 0x0513
mem[X,0x80024836] -> 0x6675
[3558] [M]: 0x80024834 (0x66750513) addi a0, a0, 1639
x10 <- 0x66666667


mem[X,0x80024838] -> 0x0593
mem[X,0x8002483A] -> 0x0050
[3559] [M]: 0x80024838 (0x00500593) addi a1, zero, 5
x11 <- 0x00000005


mem[X,0x8002483C] -> 0x0213
mem[X,0x8002483E] -> 0x0000
[3560] [M]: 0x8002483C (0x00000213) addi tp, zero, 0
x4 <- 0x00000000


mem[X,0x80024840] -> 0x006F
mem[X,0x80024842] -> 0x0140
[3561] [M]: 0x80024840 (0x0140006F) jal zero, 20


mem[X,0x80024854] -> 0x18E3
mem[X,0x80024856] -> 0xFEB5
[3562] [M]: 0x80024854 (0xFEB518E3) bne a0, a1, 8176


mem[X,0x80024844] -> 0x0213
mem[X,0x80024846] -> 0x0012
[3563] [M]: 0x80024844 (0x00120213) addi tp, tp, 1
x4 <- 0x00000001


mem[X,0x80024848] -> 0x006F
mem[X,0x8002484A] -> 0x0200
[3564] [M]: 0x80024848 (0x0200006F) jal zero, 32


mem[X,0x80024868] -> 0xA823
mem[X,0x8002486A] -> 0x5840
[3565] [M]: 0x80024868 (0x5840A823) sw tp, 1424(ra)
mem[0x8003A6F8] <- 0x00000001


mem[X,0x8002486C] -> 0x6537
mem[X,0x8002486E] -> 0x6666
[3566] [M]: 0x8002486C (0x66666537) lui a0, 419430
x10 <- 0x66666000


mem[X,0x80024870] -> 0x0513
mem[X,0x80024872] -> 0x6675
[3567] [M]: 0x80024870 (0x66750513) addi a0, a0, 1639
x10 <- 0x66666667


mem[X,0x80024874] -> 0x35B7
mem[X,0x80024876] -> 0x3333
[3568] [M]: 0x80024874 (0x333335B7) lui a1, 209715
x11 <- 0x33333000


mem[X,0x80024878] -> 0x8593
mem[X,0x8002487A] -> 0x3335
[3569] [M]: 0x80024878 (0x33358593) addi a1, a1, 819
x11 <- 0x33333333


mem[X,0x8002487C] -> 0x0213
mem[X,0x8002487E] -> 0x0000
[3570] [M]: 0x8002487C (0x00000213) addi tp, zero, 0
x4 <- 0x00000000


mem[X,0x80024880] -> 0x006F
mem[X,0x80024882] -> 0x00C0
[3571] [M]: 0x80024880 (0x00C0006F) jal zero, 12


mem[X,0x8002488C] -> 0x1663
mem[X,0x8002488E] -> 0x00B5
[3572] [M]: 0x8002488C (0x00B51663) bne a0, a1, 12


mem[X,0x80024898] -> 0x0213
mem[X,0x8002489A] -> 0x0032
[3573] [M]: 0x80024898 (0x00320213) addi tp, tp, 3
x4 <- 0x00000003


mem[X,0x8002489C] -> 0x006F
mem[X,0x8002489E] -> 0x0040
[3574] [M]: 0x8002489C (0x0040006F) jal zero, 4


mem[X,0x800248A0] -> 0xAA23
mem[X,0x800248A2] -> 0x5840
[3575] [M]: 0x800248A0 (0x5840AA23) sw tp, 1428(ra)
mem[0x8003A6FC] <- 0x00000003


mem[X,0x800248A4] -> 0x6537
mem[X,0x800248A6] -> 0x6666
[3576] [M]: 0x800248A4 (0x66666537) lui a0, 419430
x10 <- 0x66666000


mem[X,0x800248A8] -> 0x0513
mem[X,0x800248AA] -> 0x6675
[3577] [M]: 0x800248A8 (0x66750513) addi a0, a0, 1639
x10 <- 0x66666667


mem[X,0x800248AC] -> 0x65B7
mem[X,0x800248AE] -> 0x6666
[3578] [M]: 0x800248AC (0x666665B7) lui a1, 419430
x11 <- 0x66666000


mem[X,0x800248B0] -> 0x8593
mem[X,0x800248B2] -> 0x6665
[3579] [M]: 0x800248B0 (0x66658593) addi a1, a1, 1638
x11 <- 0x66666666


mem[X,0x800248B4] -> 0x0213
mem[X,0x800248B6] -> 0x0000
[3580] [M]: 0x800248B4 (0x00000213) addi tp, zero, 0
x4 <- 0x00000000


mem[X,0x800248B8] -> 0x006F
mem[X,0x800248BA] -> 0x0100
[3581] [M]: 0x800248B8 (0x0100006F) jal zero, 16


mem[X,0x800248C8] -> 0x1AE3
mem[X,0x800248CA] -> 0xFEB5
[3582] [M]: 0x800248C8 (0xFEB51AE3) bne a0, a1, 8180


mem[X,0x800248BC] -> 0x0213
mem[X,0x800248BE] -> 0x0012
[3583] [M]: 0x800248BC (0x00120213) addi tp, tp, 1
x4 <- 0x00000001


mem[X,0x800248C0] -> 0x006F
mem[X,0x800248C2] -> 0x01C0
[3584] [M]: 0x800248C0 (0x01C0006F) jal zero, 28


mem[X,0x800248DC] -> 0xAC23
mem[X,0x800248DE] -> 0x5840
[3585] [M]: 0x800248DC (0x5840AC23) sw tp, 1432(ra)
mem[0x8003A700] <- 0x00000001


mem[X,0x800248E0] -> 0x6537
mem[X,0x800248E2] -> 0x6666
[3586] [M]: 0x800248E0 (0x66666537) lui a0, 419430
x10 <- 0x66666000


mem[X,0x800248E4] -> 0x0513
mem[X,0x800248E6] -> 0x6675
[3587] [M]: 0x800248E4 (0x66750513) addi a0, a0, 1639
x10 <- 0x66666667


mem[X,0x800248E8] -> 0x55B7
mem[X,0x800248EA] -> 0xFFFF
[3588] [M]: 0x800248E8 (0xFFFF55B7) lui a1, 1048565
x11 <- 0xFFFF5000


mem[X,0x800248EC] -> 0x8593
mem[X,0x800248EE] -> 0xAFC5
[3589] [M]: 0x800248EC (0xAFC58593) addi a1, a1, 2812
x11 <- 0xFFFF4AFC


mem[X,0x800248F0] -> 0x0213
mem[X,0x800248F2] -> 0x0000
[3590] [M]: 0x800248F0 (0x00000213) addi tp, zero, 0
x4 <- 0x00000000


mem[X,0x800248F4] -> 0x006F
mem[X,0x800248F6] -> 0x0140
[3591] [M]: 0x800248F4 (0x0140006F) jal zero, 20


mem[X,0x80024908] -> 0x18E3
mem[X,0x8002490A] -> 0xFEB5
[3592] [M]: 0x80024908 (0xFEB518E3) bne a0, a1, 8176


mem[X,0x800248F8] -> 0x0213
mem[X,0x800248FA] -> 0x0012
[3593] [M]: 0x800248F8 (0x00120213) addi tp, tp, 1
x4 <- 0x00000001


mem[X,0x800248FC] -> 0x006F
mem[X,0x800248FE] -> 0x0200
[3594] [M]: 0x800248FC (0x0200006F) jal zero, 32


mem[X,0x8002491C] -> 0xAE23
mem[X,0x8002491E] -> 0x5840
[3595] [M]: 0x8002491C (0x5840AE23) sw tp, 1436(ra)
mem[0x8003A704] <- 0x00000001


mem[X,0x80024920] -> 0x6537
mem[X,0x80024922] -> 0x6666
[3596] [M]: 0x80024920 (0x66666537) lui a0, 419430
x10 <- 0x66666000


mem[X,0x80024924] -> 0x0513
mem[X,0x80024926] -> 0x6675
[3597] [M]: 0x80024924 (0x66750513) addi a0, a0, 1639
x10 <- 0x66666667


mem[X,0x80024928] -> 0xB5B7
mem[X,0x8002492A] -> 0x0000
[3598] [M]: 0x80024928 (0x0000B5B7) lui a1, 11
x11 <- 0x0000B000


mem[X,0x8002492C] -> 0x8593
mem[X,0x8002492E] -> 0x5045
[3599] [M]: 0x8002492C (0x50458593) addi a1, a1, 1284
x11 <- 0x0000B504


clint::tick mtime <- 0x0000000000000024
 clint timer pending at mtime 0x0000000000000024
htif::tick 0x0000000000000000
mem[X,0x80024930] -> 0x0213
mem[X,0x80024932] -> 0x0000
[3600] [M]: 0x80024930 (0x00000213) addi tp, zero, 0
x4 <- 0x00000000


mem[X,0x80024934] -> 0x006F
mem[X,0x80024936] -> 0x00C0
[3601] [M]: 0x80024934 (0x00C0006F) jal zero, 12


mem[X,0x80024940] -> 0x1663
mem[X,0x80024942] -> 0x00B5
[3602] [M]: 0x80024940 (0x00B51663) bne a0, a1, 12


mem[X,0x8002494C] -> 0x0213
mem[X,0x8002494E] -> 0x0032
[3603] [M]: 0x8002494C (0x00320213) addi tp, tp, 3
x4 <- 0x00000003


mem[X,0x80024950] -> 0x006F
mem[X,0x80024952] -> 0x0040
[3604] [M]: 0x80024950 (0x0040006F) jal zero, 4


mem[X,0x80024954] -> 0xA023
mem[X,0x80024956] -> 0x5A40
[3605] [M]: 0x80024954 (0x5A40A023) sw tp, 1440(ra)
mem[0x8003A708] <- 0x00000003


mem[X,0x80024958] -> 0x6537
mem[X,0x8002495A] -> 0x6666
[3606] [M]: 0x80024958 (0x66666537) lui a0, 419430
x10 <- 0x66666000


mem[X,0x8002495C] -> 0x0513
mem[X,0x8002495E] -> 0x6675
[3607] [M]: 0x8002495C (0x66750513) addi a0, a0, 1639
x10 <- 0x66666667


mem[X,0x80024960] -> 0x0593
mem[X,0x80024962] -> 0x0020
[3608] [M]: 0x80024960 (0x00200593) addi a1, zero, 2
x11 <- 0x00000002


mem[X,0x80024964] -> 0x0213
mem[X,0x80024966] -> 0x0000
[3609] [M]: 0x80024964 (0x00000213) addi tp, zero, 0
x4 <- 0x00000000


mem[X,0x80024968] -> 0x006F
mem[X,0x8002496A] -> 0x00C0
[3610] [M]: 0x80024968 (0x00C0006F) jal zero, 12


mem[X,0x80024974] -> 0x1863
mem[X,0x80024976] -> 0x00B5
[3611] [M]: 0x80024974 (0x00B51863) bne a0, a1, 16


mem[X,0x80024984] -> 0x0213
mem[X,0x80024986] -> 0x0032
[3612] [M]: 0x80024984 (0x00320213) addi tp, tp, 3
x4 <- 0x00000003


mem[X,0x80024988] -> 0x006F
mem[X,0x8002498A] -> 0x0040
[3613] [M]: 0x80024988 (0x0040006F) jal zero, 4


mem[X,0x8002498C] -> 0xA223
mem[X,0x8002498E] -> 0x5A40
[3614] [M]: 0x8002498C (0x5A40A223) sw tp, 1444(ra)
mem[0x8003A70C] <- 0x00000003


mem[X,0x80024990] -> 0x6537
mem[X,0x80024992] -> 0x6666
[3615] [M]: 0x80024990 (0x66666537) lui a0, 419430
x10 <- 0x66666000


mem[X,0x80024994] -> 0x0513
mem[X,0x80024996] -> 0x6675
[3616] [M]: 0x80024994 (0x66750513) addi a0, a0, 1639
x10 <- 0x66666667


mem[X,0x80024998] -> 0x55B7
mem[X,0x8002499A] -> 0x5555
[3617] [M]: 0x80024998 (0x555555B7) lui a1, 349525
x11 <- 0x55555000


mem[X,0x8002499C] -> 0x8593
mem[X,0x8002499E] -> 0x5545
[3618] [M]: 0x8002499C (0x55458593) addi a1, a1, 1364
x11 <- 0x55555554


mem[X,0x800249A0] -> 0x0213
mem[X,0x800249A2] -> 0x0000
[3619] [M]: 0x800249A0 (0x00000213) addi tp, zero, 0
x4 <- 0x00000000


mem[X,0x800249A4] -> 0x006F
mem[X,0x800249A6] -> 0x00C0
[3620] [M]: 0x800249A4 (0x00C0006F) jal zero, 12


mem[X,0x800249B0] -> 0x1CE3
mem[X,0x800249B2] -> 0xFEB5
[3621] [M]: 0x800249B0 (0xFEB51CE3) bne a0, a1, 8184


mem[X,0x800249A8] -> 0x0213
mem[X,0x800249AA] -> 0x0012
[3622] [M]: 0x800249A8 (0x00120213) addi tp, tp, 1
x4 <- 0x00000001


mem[X,0x800249AC] -> 0x006F
mem[X,0x800249AE] -> 0x0180
[3623] [M]: 0x800249AC (0x0180006F) jal zero, 24


mem[X,0x800249C4] -> 0xA423
mem[X,0x800249C6] -> 0x5A40
[3624] [M]: 0x800249C4 (0x5A40A423) sw tp, 1448(ra)
mem[0x8003A710] <- 0x00000001


mem[X,0x800249C8] -> 0x6537
mem[X,0x800249CA] -> 0x6666
[3625] [M]: 0x800249C8 (0x66666537) lui a0, 419430
x10 <- 0x66666000


mem[X,0x800249CC] -> 0x0513
mem[X,0x800249CE] -> 0x6675
[3626] [M]: 0x800249CC (0x66750513) addi a0, a0, 1639
x10 <- 0x66666667


mem[X,0x800249D0] -> 0x0593
mem[X,0x800249D2] -> 0x0000
[3627] [M]: 0x800249D0 (0x00000593) addi a1, zero, 0
x11 <- 0x00000000


mem[X,0x800249D4] -> 0x0213
mem[X,0x800249D6] -> 0x0000
[3628] [M]: 0x800249D4 (0x00000213) addi tp, zero, 0
x4 <- 0x00000000


mem[X,0x800249D8] -> 0x006F
mem[X,0x800249DA] -> 0x00C0
[3629] [M]: 0x800249D8 (0x00C0006F) jal zero, 12


mem[X,0x800249E4] -> 0x1663
mem[X,0x800249E6] -> 0x00B5
[3630] [M]: 0x800249E4 (0x00B51663) bne a0, a1, 12


mem[X,0x800249F0] -> 0x0213
mem[X,0x800249F2] -> 0x0032
[3631] [M]: 0x800249F0 (0x00320213) addi tp, tp, 3
x4 <- 0x00000003


mem[X,0x800249F4] -> 0x006F
mem[X,0x800249F6] -> 0x0040
[3632] [M]: 0x800249F4 (0x0040006F) jal zero, 4


mem[X,0x800249F8] -> 0xA623
mem[X,0x800249FA] -> 0x5A40
[3633] [M]: 0x800249F8 (0x5A40A623) sw tp, 1452(ra)
mem[0x8003A714] <- 0x00000003


mem[X,0x800249FC] -> 0x6537
mem[X,0x800249FE] -> 0x6666
[3634] [M]: 0x800249FC (0x66666537) lui a0, 419430
x10 <- 0x66666000


mem[X,0x80024A00] -> 0x0513
mem[X,0x80024A02] -> 0x6675
[3635] [M]: 0x80024A00 (0x66750513) addi a0, a0, 1639
x10 <- 0x66666667


mem[X,0x80024A04] -> 0x0593
mem[X,0x80024A06] -> 0x0040
[3636] [M]: 0x80024A04 (0x00400593) addi a1, zero, 4
x11 <- 0x00000004


mem[X,0x80024A08] -> 0x0213
mem[X,0x80024A0A] -> 0x0000
[3637] [M]: 0x80024A08 (0x00000213) addi tp, zero, 0
x4 <- 0x00000000


mem[X,0x80024A0C] -> 0x006F
mem[X,0x80024A0E] -> 0x00C0
[3638] [M]: 0x80024A0C (0x00C0006F) jal zero, 12


mem[X,0x80024A18] -> 0x1063
mem[X,0x80024A1A] -> 0x08B5
[3639] [M]: 0x80024A18 (0x08B51063) bne a0, a1, 128


mem[X,0x80024A98] -> 0x0213
mem[X,0x80024A9A] -> 0x0032
[3640] [M]: 0x80024A98 (0x00320213) addi tp, tp, 3
x4 <- 0x00000003


mem[X,0x80024A9C] -> 0x006F
mem[X,0x80024A9E] -> 0x0040
[3641] [M]: 0x80024A9C (0x0040006F) jal zero, 4


mem[X,0x80024AA0] -> 0xA823
mem[X,0x80024AA2] -> 0x5A40
[3642] [M]: 0x80024AA0 (0x5A40A823) sw tp, 1456(ra)
mem[0x8003A718] <- 0x00000003


mem[X,0x80024AA4] -> 0x6537
mem[X,0x80024AA6] -> 0x6666
[3643] [M]: 0x80024AA4 (0x66666537) lui a0, 419430
x10 <- 0x66666000


mem[X,0x80024AA8] -> 0x0513
mem[X,0x80024AAA] -> 0x6675
[3644] [M]: 0x80024AA8 (0x66750513) addi a0, a0, 1639
x10 <- 0x66666667


mem[X,0x80024AAC] -> 0x35B7
mem[X,0x80024AAE] -> 0x3333
[3645] [M]: 0x80024AAC (0x333335B7) lui a1, 209715
x11 <- 0x33333000


mem[X,0x80024AB0] -> 0x8593
mem[X,0x80024AB2] -> 0x3325
[3646] [M]: 0x80024AB0 (0x33258593) addi a1, a1, 818
x11 <- 0x33333332


mem[X,0x80024AB4] -> 0x0213
mem[X,0x80024AB6] -> 0x0000
[3647] [M]: 0x80024AB4 (0x00000213) addi tp, zero, 0
x4 <- 0x00000000


mem[X,0x80024AB8] -> 0x006F
mem[X,0x80024ABA] -> 0x00C0
[3648] [M]: 0x80024AB8 (0x00C0006F) jal zero, 12


mem[X,0x80024AC4] -> 0x1063
mem[X,0x80024AC6] -> 0x02B5
[3649] [M]: 0x80024AC4 (0x02B51063) bne a0, a1, 32


mem[X,0x80024AE4] -> 0x0213
mem[X,0x80024AE6] -> 0x0032
[3650] [M]: 0x80024AE4 (0x00320213) addi tp, tp, 3
x4 <- 0x00000003


mem[X,0x80024AE8] -> 0x006F
mem[X,0x80024AEA] -> 0x0040
[3651] [M]: 0x80024AE8 (0x0040006F) jal zero, 4


mem[X,0x80024AEC] -> 0xAA23
mem[X,0x80024AEE] -> 0x5A40
[3652] [M]: 0x80024AEC (0x5A40AA23) sw tp, 1460(ra)
mem[0x8003A71C] <- 0x00000003


mem[X,0x80024AF0] -> 0x6537
mem[X,0x80024AF2] -> 0x6666
[3653] [M]: 0x80024AF0 (0x66666537) lui a0, 419430
x10 <- 0x66666000


mem[X,0x80024AF4] -> 0x0513
mem[X,0x80024AF6] -> 0x6675
[3654] [M]: 0x80024AF4 (0x66750513) addi a0, a0, 1639
x10 <- 0x66666667


mem[X,0x80024AF8] -> 0x65B7
mem[X,0x80024AFA] -> 0x6666
[3655] [M]: 0x80024AF8 (0x666665B7) lui a1, 419430
x11 <- 0x66666000


mem[X,0x80024AFC] -> 0x8593
mem[X,0x80024AFE] -> 0x6655
[3656] [M]: 0x80024AFC (0x66558593) addi a1, a1, 1637
x11 <- 0x66666665


mem[X,0x80024B00] -> 0x0213
mem[X,0x80024B02] -> 0x0000
[3657] [M]: 0x80024B00 (0x00000213) addi tp, zero, 0
x4 <- 0x00000000


mem[X,0x80024B04] -> 0x006F
mem[X,0x80024B06] -> 0x0100
[3658] [M]: 0x80024B04 (0x0100006F) jal zero, 16


mem[X,0x80024B14] -> 0x1AE3
mem[X,0x80024B16] -> 0xFEB5
[3659] [M]: 0x80024B14 (0xFEB51AE3) bne a0, a1, 8180


mem[X,0x80024B08] -> 0x0213
mem[X,0x80024B0A] -> 0x0012
[3660] [M]: 0x80024B08 (0x00120213) addi tp, tp, 1
x4 <- 0x00000001


mem[X,0x80024B0C] -> 0x006F
mem[X,0x80024B0E] -> 0x01C0
[3661] [M]: 0x80024B0C (0x01C0006F) jal zero, 28


mem[X,0x80024B28] -> 0xAC23
mem[X,0x80024B2A] -> 0x5A40
[3662] [M]: 0x80024B28 (0x5A40AC23) sw tp, 1464(ra)
mem[0x8003A720] <- 0x00000001


mem[X,0x80024B2C] -> 0x6537
mem[X,0x80024B2E] -> 0x6666
[3663] [M]: 0x80024B2C (0x66666537) lui a0, 419430
x10 <- 0x66666000


mem[X,0x80024B30] -> 0x0513
mem[X,0x80024B32] -> 0x6675
[3664] [M]: 0x80024B30 (0x66750513) addi a0, a0, 1639
x10 <- 0x66666667


mem[X,0x80024B34] -> 0xB5B7
mem[X,0x80024B36] -> 0x0000
[3665] [M]: 0x80024B34 (0x0000B5B7) lui a1, 11
x11 <- 0x0000B000


mem[X,0x80024B38] -> 0x8593
mem[X,0x80024B3A] -> 0x5035
[3666] [M]: 0x80024B38 (0x50358593) addi a1, a1, 1283
x11 <- 0x0000B503


mem[X,0x80024B3C] -> 0x0213
mem[X,0x80024B3E] -> 0x0000
[3667] [M]: 0x80024B3C (0x00000213) addi tp, zero, 0
x4 <- 0x00000000


mem[X,0x80024B40] -> 0x006F
mem[X,0x80024B42] -> 0x00C0
[3668] [M]: 0x80024B40 (0x00C0006F) jal zero, 12


mem[X,0x80024B4C] -> 0x1663
mem[X,0x80024B4E] -> 0x00B5
[3669] [M]: 0x80024B4C (0x00B51663) bne a0, a1, 12


mem[X,0x80024B58] -> 0x0213
mem[X,0x80024B5A] -> 0x0032
[3670] [M]: 0x80024B58 (0x00320213) addi tp, tp, 3
x4 <- 0x00000003


mem[X,0x80024B5C] -> 0x006F
mem[X,0x80024B5E] -> 0x0040
[3671] [M]: 0x80024B5C (0x0040006F) jal zero, 4


mem[X,0x80024B60] -> 0xAE23
mem[X,0x80024B62] -> 0x5A40
[3672] [M]: 0x80024B60 (0x5A40AE23) sw tp, 1468(ra)
mem[0x8003A724] <- 0x00000003


mem[X,0x80024B64] -> 0x6537
mem[X,0x80024B66] -> 0x6666
[3673] [M]: 0x80024B64 (0x66666537) lui a0, 419430
x10 <- 0x66666000


mem[X,0x80024B68] -> 0x0513
mem[X,0x80024B6A] -> 0x6675
[3674] [M]: 0x80024B68 (0x66750513) addi a0, a0, 1639
x10 <- 0x66666667


mem[X,0x80024B6C] -> 0x55B7
mem[X,0x80024B6E] -> 0x5555
[3675] [M]: 0x80024B6C (0x555555B7) lui a1, 349525
x11 <- 0x55555000


mem[X,0x80024B70] -> 0x8593
mem[X,0x80024B72] -> 0x5565
[3676] [M]: 0x80024B70 (0x55658593) addi a1, a1, 1366
x11 <- 0x55555556


mem[X,0x80024B74] -> 0x0213
mem[X,0x80024B76] -> 0x0000
[3677] [M]: 0x80024B74 (0x00000213) addi tp, zero, 0
x4 <- 0x00000000


mem[X,0x80024B78] -> 0x006F
mem[X,0x80024B7A] -> 0x00C0
[3678] [M]: 0x80024B78 (0x00C0006F) jal zero, 12


mem[X,0x80024B84] -> 0x1663
mem[X,0x80024B86] -> 0x00B5
[3679] [M]: 0x80024B84 (0x00B51663) bne a0, a1, 12


mem[X,0x80024B90] -> 0x0213
mem[X,0x80024B92] -> 0x0032
[3680] [M]: 0x80024B90 (0x00320213) addi tp, tp, 3
x4 <- 0x00000003


mem[X,0x80024B94] -> 0x006F
mem[X,0x80024B96] -> 0x0040
[3681] [M]: 0x80024B94 (0x0040006F) jal zero, 4


mem[X,0x80024B98] -> 0xA023
mem[X,0x80024B9A] -> 0x5C40
[3682] [M]: 0x80024B98 (0x5C40A023) sw tp, 1472(ra)
mem[0x8003A728] <- 0x00000003


mem[X,0x80024B9C] -> 0x6537
mem[X,0x80024B9E] -> 0x6666
[3683] [M]: 0x80024B9C (0x66666537) lui a0, 419430
x10 <- 0x66666000


mem[X,0x80024BA0] -> 0x0513
mem[X,0x80024BA2] -> 0x6675
[3684] [M]: 0x80024BA0 (0x66750513) addi a0, a0, 1639
x10 <- 0x66666667


mem[X,0x80024BA4] -> 0xB5B7
mem[X,0x80024BA6] -> 0xAAAA
[3685] [M]: 0x80024BA4 (0xAAAAB5B7) lui a1, 699051
x11 <- 0xAAAAB000


mem[X,0x80024BA8] -> 0x8593
mem[X,0x80024BAA] -> 0xAAB5
[3686] [M]: 0x80024BA8 (0xAAB58593) addi a1, a1, 2731
x11 <- 0xAAAAAAAB


mem[X,0x80024BAC] -> 0x0213
mem[X,0x80024BAE] -> 0x0000
[3687] [M]: 0x80024BAC (0x00000213) addi tp, zero, 0
x4 <- 0x00000000


mem[X,0x80024BB0] -> 0x006F
mem[X,0x80024BB2] -> 0x00C0
[3688] [M]: 0x80024BB0 (0x00C0006F) jal zero, 12


mem[X,0x80024BBC] -> 0x1663
mem[X,0x80024BBE] -> 0x00B5
[3689] [M]: 0x80024BBC (0x00B51663) bne a0, a1, 12


mem[X,0x80024BC8] -> 0x0213
mem[X,0x80024BCA] -> 0x0032
[3690] [M]: 0x80024BC8 (0x00320213) addi tp, tp, 3
x4 <- 0x00000003


mem[X,0x80024BCC] -> 0x006F
mem[X,0x80024BCE] -> 0x0040
[3691] [M]: 0x80024BCC (0x0040006F) jal zero, 4


mem[X,0x80024BD0] -> 0xA223
mem[X,0x80024BD2] -> 0x5C40
[3692] [M]: 0x80024BD0 (0x5C40A223) sw tp, 1476(ra)
mem[0x8003A72C] <- 0x00000003


mem[X,0x80024BD4] -> 0x6537
mem[X,0x80024BD6] -> 0x6666
[3693] [M]: 0x80024BD4 (0x66666537) lui a0, 419430
x10 <- 0x66666000


mem[X,0x80024BD8] -> 0x0513
mem[X,0x80024BDA] -> 0x6675
[3694] [M]: 0x80024BD8 (0x66750513) addi a0, a0, 1639
x10 <- 0x66666667


mem[X,0x80024BDC] -> 0x0593
mem[X,0x80024BDE] -> 0x0060
[3695] [M]: 0x80024BDC (0x00600593) addi a1, zero, 6
x11 <- 0x00000006


mem[X,0x80024BE0] -> 0x0213
mem[X,0x80024BE2] -> 0x0000
[3696] [M]: 0x80024BE0 (0x00000213) addi tp, zero, 0
x4 <- 0x00000000


mem[X,0x80024BE4] -> 0x006F
mem[X,0x80024BE6] -> 0x0100
[3697] [M]: 0x80024BE4 (0x0100006F) jal zero, 16


mem[X,0x80024BF4] -> 0x1AE3
mem[X,0x80024BF6] -> 0xFEB5
[3698] [M]: 0x80024BF4 (0xFEB51AE3) bne a0, a1, 8180


mem[X,0x80024BE8] -> 0x0213
mem[X,0x80024BEA] -> 0x0012
[3699] [M]: 0x80024BE8 (0x00120213) addi tp, tp, 1
x4 <- 0x00000001


clint::tick mtime <- 0x0000000000000025
 clint timer pending at mtime 0x0000000000000025
htif::tick 0x0000000000000000
mem[X,0x80024BEC] -> 0x006F
mem[X,0x80024BEE] -> 0x01C0
[3700] [M]: 0x80024BEC (0x01C0006F) jal zero, 28


mem[X,0x80024C08] -> 0xA423
mem[X,0x80024C0A] -> 0x5C40
[3701] [M]: 0x80024C08 (0x5C40A423) sw tp, 1480(ra)
mem[0x8003A730] <- 0x00000001


mem[X,0x80024C0C] -> 0x6537
mem[X,0x80024C0E] -> 0x6666
[3702] [M]: 0x80024C0C (0x66666537) lui a0, 419430
x10 <- 0x66666000


mem[X,0x80024C10] -> 0x0513
mem[X,0x80024C12] -> 0x6675
[3703] [M]: 0x80024C10 (0x66750513) addi a0, a0, 1639
x10 <- 0x66666667


mem[X,0x80024C14] -> 0x35B7
mem[X,0x80024C16] -> 0x3333
[3704] [M]: 0x80024C14 (0x333335B7) lui a1, 209715
x11 <- 0x33333000


mem[X,0x80024C18] -> 0x8593
mem[X,0x80024C1A] -> 0x3345
[3705] [M]: 0x80024C18 (0x33458593) addi a1, a1, 820
x11 <- 0x33333334


mem[X,0x80024C1C] -> 0x0213
mem[X,0x80024C1E] -> 0x0000
[3706] [M]: 0x80024C1C (0x00000213) addi tp, zero, 0
x4 <- 0x00000000


mem[X,0x80024C20] -> 0x006F
mem[X,0x80024C22] -> 0x00C0
[3707] [M]: 0x80024C20 (0x00C0006F) jal zero, 12


mem[X,0x80024C2C] -> 0x1063
mem[X,0x80024C2E] -> 0x04B5
[3708] [M]: 0x80024C2C (0x04B51063) bne a0, a1, 64


mem[X,0x80024C6C] -> 0x0213
mem[X,0x80024C6E] -> 0x0032
[3709] [M]: 0x80024C6C (0x00320213) addi tp, tp, 3
x4 <- 0x00000003


mem[X,0x80024C70] -> 0x006F
mem[X,0x80024C72] -> 0x0040
[3710] [M]: 0x80024C70 (0x0040006F) jal zero, 4


mem[X,0x80024C74] -> 0xA623
mem[X,0x80024C76] -> 0x5C40
[3711] [M]: 0x80024C74 (0x5C40A623) sw tp, 1484(ra)
mem[0x8003A734] <- 0x00000003


mem[X,0x80024C78] -> 0x6537
mem[X,0x80024C7A] -> 0x6666
[3712] [M]: 0x80024C78 (0x66666537) lui a0, 419430
x10 <- 0x66666000


mem[X,0x80024C7C] -> 0x0513
mem[X,0x80024C7E] -> 0x6675
[3713] [M]: 0x80024C7C (0x66750513) addi a0, a0, 1639
x10 <- 0x66666667


mem[X,0x80024C80] -> 0x65B7
mem[X,0x80024C82] -> 0x6666
[3714] [M]: 0x80024C80 (0x666665B7) lui a1, 419430
x11 <- 0x66666000


mem[X,0x80024C84] -> 0x8593
mem[X,0x80024C86] -> 0x6675
[3715] [M]: 0x80024C84 (0x66758593) addi a1, a1, 1639
x11 <- 0x66666667


mem[X,0x80024C88] -> 0x0213
mem[X,0x80024C8A] -> 0x0000
[3716] [M]: 0x80024C88 (0x00000213) addi tp, zero, 0
x4 <- 0x00000000


mem[X,0x80024C8C] -> 0x006F
mem[X,0x80024C8E] -> 0x0050
[3717] [M]: 0x80024C8C (0x0050006F) jal zero, 2052


mem[X,0x80025490] -> 0x10E3
mem[X,0x80025492] -> 0x80B5
[3718] [M]: 0x80025490 (0x80B510E3) bne a0, a1, 6144


mem[X,0x80025494] -> 0x0213
mem[X,0x80025496] -> 0x0022
[3719] [M]: 0x80025494 (0x00220213) addi tp, tp, 2
x4 <- 0x00000002


mem[X,0x80025498] -> 0x006F
mem[X,0x8002549A] -> 0x00C0
[3720] [M]: 0x80025498 (0x00C0006F) jal zero, 12


mem[X,0x800254A4] -> 0xA823
mem[X,0x800254A6] -> 0x5C40
[3721] [M]: 0x800254A4 (0x5C40A823) sw tp, 1488(ra)
mem[0x8003A738] <- 0x00000002


mem[X,0x800254A8] -> 0x6537
mem[X,0x800254AA] -> 0x6666
[3722] [M]: 0x800254A8 (0x66666537) lui a0, 419430
x10 <- 0x66666000


mem[X,0x800254AC] -> 0x0513
mem[X,0x800254AE] -> 0x6675
[3723] [M]: 0x800254AC (0x66750513) addi a0, a0, 1639
x10 <- 0x66666667


mem[X,0x800254B0] -> 0x55B7
mem[X,0x800254B2] -> 0xFFFF
[3724] [M]: 0x800254B0 (0xFFFF55B7) lui a1, 1048565
x11 <- 0xFFFF5000


mem[X,0x800254B4] -> 0x8593
mem[X,0x800254B6] -> 0xAFD5
[3725] [M]: 0x800254B4 (0xAFD58593) addi a1, a1, 2813
x11 <- 0xFFFF4AFD


mem[X,0x800254B8] -> 0x0213
mem[X,0x800254BA] -> 0x0000
[3726] [M]: 0x800254B8 (0x00000213) addi tp, zero, 0
x4 <- 0x00000000


mem[X,0x800254BC] -> 0x006F
mem[X,0x800254BE] -> 0x00C0
[3727] [M]: 0x800254BC (0x00C0006F) jal zero, 12


mem[X,0x800254C8] -> 0x1CE3
mem[X,0x800254CA] -> 0xFEB5
[3728] [M]: 0x800254C8 (0xFEB51CE3) bne a0, a1, 8184


mem[X,0x800254C0] -> 0x0213
mem[X,0x800254C2] -> 0x0012
[3729] [M]: 0x800254C0 (0x00120213) addi tp, tp, 1
x4 <- 0x00000001


mem[X,0x800254C4] -> 0x006F
mem[X,0x800254C6] -> 0x0180
[3730] [M]: 0x800254C4 (0x0180006F) jal zero, 24


mem[X,0x800254DC] -> 0xAA23
mem[X,0x800254DE] -> 0x5C40
[3731] [M]: 0x800254DC (0x5C40AA23) sw tp, 1492(ra)
mem[0x8003A73C] <- 0x00000001


mem[X,0x800254E0] -> 0x6537
mem[X,0x800254E2] -> 0x6666
[3732] [M]: 0x800254E0 (0x66666537) lui a0, 419430
x10 <- 0x66666000


mem[X,0x800254E4] -> 0x0513
mem[X,0x800254E6] -> 0x6675
[3733] [M]: 0x800254E4 (0x66750513) addi a0, a0, 1639
x10 <- 0x66666667


mem[X,0x800254E8] -> 0xB5B7
mem[X,0x800254EA] -> 0x0000
[3734] [M]: 0x800254E8 (0x0000B5B7) lui a1, 11
x11 <- 0x0000B000


mem[X,0x800254EC] -> 0x8593
mem[X,0x800254EE] -> 0x5055
[3735] [M]: 0x800254EC (0x50558593) addi a1, a1, 1285
x11 <- 0x0000B505


mem[X,0x800254F0] -> 0x0213
mem[X,0x800254F2] -> 0x0000
[3736] [M]: 0x800254F0 (0x00000213) addi tp, zero, 0
x4 <- 0x00000000


mem[X,0x800254F4] -> 0x006F
mem[X,0x800254F6] -> 0x00C0
[3737] [M]: 0x800254F4 (0x00C0006F) jal zero, 12


mem[X,0x80025500] -> 0x1063
mem[X,0x80025502] -> 0x08B5
[3738] [M]: 0x80025500 (0x08B51063) bne a0, a1, 128


mem[X,0x80025580] -> 0x0213
mem[X,0x80025582] -> 0x0032
[3739] [M]: 0x80025580 (0x00320213) addi tp, tp, 3
x4 <- 0x00000003


mem[X,0x80025584] -> 0x006F
mem[X,0x80025586] -> 0x0040
[3740] [M]: 0x80025584 (0x0040006F) jal zero, 4


mem[X,0x80025588] -> 0xAC23
mem[X,0x8002558A] -> 0x5C40
[3741] [M]: 0x80025588 (0x5C40AC23) sw tp, 1496(ra)
mem[0x8003A740] <- 0x00000003


mem[X,0x8002558C] -> 0x5537
mem[X,0x8002558E] -> 0xFFFF
[3742] [M]: 0x8002558C (0xFFFF5537) lui a0, 1048565
x10 <- 0xFFFF5000


mem[X,0x80025590] -> 0x0513
mem[X,0x80025592] -> 0xAFD5
[3743] [M]: 0x80025590 (0xAFD50513) addi a0, a0, 2813
x10 <- 0xFFFF4AFD


mem[X,0x80025594] -> 0x0593
mem[X,0x80025596] -> 0x0030
[3744] [M]: 0x80025594 (0x00300593) addi a1, zero, 3
x11 <- 0x00000003


mem[X,0x80025598] -> 0x0213
mem[X,0x8002559A] -> 0x0000
[3745] [M]: 0x80025598 (0x00000213) addi tp, zero, 0
x4 <- 0x00000000


mem[X,0x8002559C] -> 0x006F
mem[X,0x8002559E] -> 0x00C0
[3746] [M]: 0x8002559C (0x00C0006F) jal zero, 12


mem[X,0x800255A8] -> 0x1663
mem[X,0x800255AA] -> 0x00B5
[3747] [M]: 0x800255A8 (0x00B51663) bne a0, a1, 12


mem[X,0x800255B4] -> 0x0213
mem[X,0x800255B6] -> 0x0032
[3748] [M]: 0x800255B4 (0x00320213) addi tp, tp, 3
x4 <- 0x00000003


mem[X,0x800255B8] -> 0x006F
mem[X,0x800255BA] -> 0x0040
[3749] [M]: 0x800255B8 (0x0040006F) jal zero, 4


mem[X,0x800255BC] -> 0xAE23
mem[X,0x800255BE] -> 0x5C40
[3750] [M]: 0x800255BC (0x5C40AE23) sw tp, 1500(ra)
mem[0x8003A744] <- 0x00000003


mem[X,0x800255C0] -> 0x5537
mem[X,0x800255C2] -> 0xFFFF
[3751] [M]: 0x800255C0 (0xFFFF5537) lui a0, 1048565
x10 <- 0xFFFF5000


mem[X,0x800255C4] -> 0x0513
mem[X,0x800255C6] -> 0xAFD5
[3752] [M]: 0x800255C4 (0xAFD50513) addi a0, a0, 2813
x10 <- 0xFFFF4AFD


mem[X,0x800255C8] -> 0x55B7
mem[X,0x800255CA] -> 0x5555
[3753] [M]: 0x800255C8 (0x555555B7) lui a1, 349525
x11 <- 0x55555000


mem[X,0x800255CC] -> 0x8593
mem[X,0x800255CE] -> 0x5555
[3754] [M]: 0x800255CC (0x55558593) addi a1, a1, 1365
x11 <- 0x55555555


mem[X,0x800255D0] -> 0x0213
mem[X,0x800255D2] -> 0x0000
[3755] [M]: 0x800255D0 (0x00000213) addi tp, zero, 0
x4 <- 0x00000000


mem[X,0x800255D4] -> 0x006F
mem[X,0x800255D6] -> 0x00C0
[3756] [M]: 0x800255D4 (0x00C0006F) jal zero, 12


mem[X,0x800255E0] -> 0x1063
mem[X,0x800255E2] -> 0x02B5
[3757] [M]: 0x800255E0 (0x02B51063) bne a0, a1, 32


mem[X,0x80025600] -> 0x0213
mem[X,0x80025602] -> 0x0032
[3758] [M]: 0x80025600 (0x00320213) addi tp, tp, 3
x4 <- 0x00000003


mem[X,0x80025604] -> 0x006F
mem[X,0x80025606] -> 0x0040
[3759] [M]: 0x80025604 (0x0040006F) jal zero, 4


mem[X,0x80025608] -> 0xA023
mem[X,0x8002560A] -> 0x5E40
[3760] [M]: 0x80025608 (0x5E40A023) sw tp, 1504(ra)
mem[0x8003A748] <- 0x00000003


mem[X,0x8002560C] -> 0x5537
mem[X,0x8002560E] -> 0xFFFF
[3761] [M]: 0x8002560C (0xFFFF5537) lui a0, 1048565
x10 <- 0xFFFF5000


mem[X,0x80025610] -> 0x0513
mem[X,0x80025612] -> 0xAFD5
[3762] [M]: 0x80025610 (0xAFD50513) addi a0, a0, 2813
x10 <- 0xFFFF4AFD


mem[X,0x80025614] -> 0xB5B7
mem[X,0x80025616] -> 0xAAAA
[3763] [M]: 0x80025614 (0xAAAAB5B7) lui a1, 699051
x11 <- 0xAAAAB000


mem[X,0x80025618] -> 0x8593
mem[X,0x8002561A] -> 0xAAA5
[3764] [M]: 0x80025618 (0xAAA58593) addi a1, a1, 2730
x11 <- 0xAAAAAAAA


mem[X,0x8002561C] -> 0x0213
mem[X,0x8002561E] -> 0x0000
[3765] [M]: 0x8002561C (0x00000213) addi tp, zero, 0
x4 <- 0x00000000


mem[X,0x80025620] -> 0x006F
mem[X,0x80025622] -> 0x0100
[3766] [M]: 0x80025620 (0x0100006F) jal zero, 16


mem[X,0x80025630] -> 0x1AE3
mem[X,0x80025632] -> 0xFEB5
[3767] [M]: 0x80025630 (0xFEB51AE3) bne a0, a1, 8180


mem[X,0x80025624] -> 0x0213
mem[X,0x80025626] -> 0x0012
[3768] [M]: 0x80025624 (0x00120213) addi tp, tp, 1
x4 <- 0x00000001


mem[X,0x80025628] -> 0x006F
mem[X,0x8002562A] -> 0x01C0
[3769] [M]: 0x80025628 (0x01C0006F) jal zero, 28


mem[X,0x80025644] -> 0xA223
mem[X,0x80025646] -> 0x5E40
[3770] [M]: 0x80025644 (0x5E40A223) sw tp, 1508(ra)
mem[0x8003A74C] <- 0x00000001


mem[X,0x80025648] -> 0x5537
mem[X,0x8002564A] -> 0xFFFF
[3771] [M]: 0x80025648 (0xFFFF5537) lui a0, 1048565
x10 <- 0xFFFF5000


mem[X,0x8002564C] -> 0x0513
mem[X,0x8002564E] -> 0xAFD5
[3772] [M]: 0x8002564C (0xAFD50513) addi a0, a0, 2813
x10 <- 0xFFFF4AFD


mem[X,0x80025650] -> 0x0593
mem[X,0x80025652] -> 0x0050
[3773] [M]: 0x80025650 (0x00500593) addi a1, zero, 5
x11 <- 0x00000005


mem[X,0x80025654] -> 0x0213
mem[X,0x80025656] -> 0x0000
[3774] [M]: 0x80025654 (0x00000213) addi tp, zero, 0
x4 <- 0x00000000


mem[X,0x80025658] -> 0x006F
mem[X,0x8002565A] -> 0x00C0
[3775] [M]: 0x80025658 (0x00C0006F) jal zero, 12


mem[X,0x80025664] -> 0x1663
mem[X,0x80025666] -> 0x00B5
[3776] [M]: 0x80025664 (0x00B51663) bne a0, a1, 12


mem[X,0x80025670] -> 0x0213
mem[X,0x80025672] -> 0x0032
[3777] [M]: 0x80025670 (0x00320213) addi tp, tp, 3
x4 <- 0x00000003


mem[X,0x80025674] -> 0x006F
mem[X,0x80025676] -> 0x0040
[3778] [M]: 0x80025674 (0x0040006F) jal zero, 4


mem[X,0x80025678] -> 0xA423
mem[X,0x8002567A] -> 0x5E40
[3779] [M]: 0x80025678 (0x5E40A423) sw tp, 1512(ra)
mem[0x8003A750] <- 0x00000003


mem[X,0x8002567C] -> 0x5537
mem[X,0x8002567E] -> 0xFFFF
[3780] [M]: 0x8002567C (0xFFFF5537) lui a0, 1048565
x10 <- 0xFFFF5000


mem[X,0x80025680] -> 0x0513
mem[X,0x80025682] -> 0xAFD5
[3781] [M]: 0x80025680 (0xAFD50513) addi a0, a0, 2813
x10 <- 0xFFFF4AFD


mem[X,0x80025684] -> 0x35B7
mem[X,0x80025686] -> 0x3333
[3782] [M]: 0x80025684 (0x333335B7) lui a1, 209715
x11 <- 0x33333000


mem[X,0x80025688] -> 0x8593
mem[X,0x8002568A] -> 0x3335
[3783] [M]: 0x80025688 (0x33358593) addi a1, a1, 819
x11 <- 0x33333333


mem[X,0x8002568C] -> 0x0213
mem[X,0x8002568E] -> 0x0000
[3784] [M]: 0x8002568C (0x00000213) addi tp, zero, 0
x4 <- 0x00000000


mem[X,0x80025690] -> 0x006F
mem[X,0x80025692] -> 0x00C0
[3785] [M]: 0x80025690 (0x00C0006F) jal zero, 12


mem[X,0x8002569C] -> 0x1663
mem[X,0x8002569E] -> 0x00B5
[3786] [M]: 0x8002569C (0x00B51663) bne a0, a1, 12


mem[X,0x800256A8] -> 0x0213
mem[X,0x800256AA] -> 0x0032
[3787] [M]: 0x800256A8 (0x00320213) addi tp, tp, 3
x4 <- 0x00000003


mem[X,0x800256AC] -> 0x006F
mem[X,0x800256AE] -> 0x0040
[3788] [M]: 0x800256AC (0x0040006F) jal zero, 4


mem[X,0x800256B0] -> 0xA623
mem[X,0x800256B2] -> 0x5E40
[3789] [M]: 0x800256B0 (0x5E40A623) sw tp, 1516(ra)
mem[0x8003A754] <- 0x00000003


mem[X,0x800256B4] -> 0x5537
mem[X,0x800256B6] -> 0xFFFF
[3790] [M]: 0x800256B4 (0xFFFF5537) lui a0, 1048565
x10 <- 0xFFFF5000


mem[X,0x800256B8] -> 0x0513
mem[X,0x800256BA] -> 0xAFD5
[3791] [M]: 0x800256B8 (0xAFD50513) addi a0, a0, 2813
x10 <- 0xFFFF4AFD


mem[X,0x800256BC] -> 0x65B7
mem[X,0x800256BE] -> 0x6666
[3792] [M]: 0x800256BC (0x666665B7) lui a1, 419430
x11 <- 0x66666000


mem[X,0x800256C0] -> 0x8593
mem[X,0x800256C2] -> 0x6665
[3793] [M]: 0x800256C0 (0x66658593) addi a1, a1, 1638
x11 <- 0x66666666


mem[X,0x800256C4] -> 0x0213
mem[X,0x800256C6] -> 0x0000
[3794] [M]: 0x800256C4 (0x00000213) addi tp, zero, 0
x4 <- 0x00000000


mem[X,0x800256C8] -> 0x006F
mem[X,0x800256CA] -> 0x00C0
[3795] [M]: 0x800256C8 (0x00C0006F) jal zero, 12


mem[X,0x800256D4] -> 0x1663
mem[X,0x800256D6] -> 0x00B5
[3796] [M]: 0x800256D4 (0x00B51663) bne a0, a1, 12


mem[X,0x800256E0] -> 0x0213
mem[X,0x800256E2] -> 0x0032
[3797] [M]: 0x800256E0 (0x00320213) addi tp, tp, 3
x4 <- 0x00000003


mem[X,0x800256E4] -> 0x006F
mem[X,0x800256E6] -> 0x0040
[3798] [M]: 0x800256E4 (0x0040006F) jal zero, 4


mem[X,0x800256E8] -> 0xA823
mem[X,0x800256EA] -> 0x5E40
[3799] [M]: 0x800256E8 (0x5E40A823) sw tp, 1520(ra)
mem[0x8003A758] <- 0x00000003


clint::tick mtime <- 0x0000000000000026
 clint timer pending at mtime 0x0000000000000026
htif::tick 0x0000000000000000
mem[X,0x800256EC] -> 0x5537
mem[X,0x800256EE] -> 0xFFFF
[3800] [M]: 0x800256EC (0xFFFF5537) lui a0, 1048565
x10 <- 0xFFFF5000


mem[X,0x800256F0] -> 0x0513
mem[X,0x800256F2] -> 0xAFD5
[3801] [M]: 0x800256F0 (0xAFD50513) addi a0, a0, 2813
x10 <- 0xFFFF4AFD


mem[X,0x800256F4] -> 0x55B7
mem[X,0x800256F6] -> 0xFFFF
[3802] [M]: 0x800256F4 (0xFFFF55B7) lui a1, 1048565
x11 <- 0xFFFF5000


mem[X,0x800256F8] -> 0x8593
mem[X,0x800256FA] -> 0xAFC5
[3803] [M]: 0x800256F8 (0xAFC58593) addi a1, a1, 2812
x11 <- 0xFFFF4AFC


mem[X,0x800256FC] -> 0x0213
mem[X,0x800256FE] -> 0x0000
[3804] [M]: 0x800256FC (0x00000213) addi tp, zero, 0
x4 <- 0x00000000


mem[X,0x80025700] -> 0x006F
mem[X,0x80025702] -> 0x0140
[3805] [M]: 0x80025700 (0x0140006F) jal zero, 20


mem[X,0x80025714] -> 0x18E3
mem[X,0x80025716] -> 0xFEB5
[3806] [M]: 0x80025714 (0xFEB518E3) bne a0, a1, 8176


mem[X,0x80025704] -> 0x0213
mem[X,0x80025706] -> 0x0012
[3807] [M]: 0x80025704 (0x00120213) addi tp, tp, 1
x4 <- 0x00000001


mem[X,0x80025708] -> 0x006F
mem[X,0x8002570A] -> 0x0200
[3808] [M]: 0x80025708 (0x0200006F) jal zero, 32


mem[X,0x80025728] -> 0xAA23
mem[X,0x8002572A] -> 0x5E40
[3809] [M]: 0x80025728 (0x5E40AA23) sw tp, 1524(ra)
mem[0x8003A75C] <- 0x00000001


mem[X,0x8002572C] -> 0x5537
mem[X,0x8002572E] -> 0xFFFF
[3810] [M]: 0x8002572C (0xFFFF5537) lui a0, 1048565
x10 <- 0xFFFF5000


mem[X,0x80025730] -> 0x0513
mem[X,0x80025732] -> 0xAFD5
[3811] [M]: 0x80025730 (0xAFD50513) addi a0, a0, 2813
x10 <- 0xFFFF4AFD


mem[X,0x80025734] -> 0xB5B7
mem[X,0x80025736] -> 0x0000
[3812] [M]: 0x80025734 (0x0000B5B7) lui a1, 11
x11 <- 0x0000B000


mem[X,0x80025738] -> 0x8593
mem[X,0x8002573A] -> 0x5045
[3813] [M]: 0x80025738 (0x50458593) addi a1, a1, 1284
x11 <- 0x0000B504


mem[X,0x8002573C] -> 0x0213
mem[X,0x8002573E] -> 0x0000
[3814] [M]: 0x8002573C (0x00000213) addi tp, zero, 0
x4 <- 0x00000000


mem[X,0x80025740] -> 0x006F
mem[X,0x80025742] -> 0x00C0
[3815] [M]: 0x80025740 (0x00C0006F) jal zero, 12


mem[X,0x8002574C] -> 0x1063
mem[X,0x8002574E] -> 0x40B5
[3816] [M]: 0x8002574C (0x40B51063) bne a0, a1, 1024


mem[X,0x80025B4C] -> 0x0213
mem[X,0x80025B4E] -> 0x0032
[3817] [M]: 0x80025B4C (0x00320213) addi tp, tp, 3
x4 <- 0x00000003


mem[X,0x80025B50] -> 0x006F
mem[X,0x80025B52] -> 0x0040
[3818] [M]: 0x80025B50 (0x0040006F) jal zero, 4


mem[X,0x80025B54] -> 0xAC23
mem[X,0x80025B56] -> 0x5E40
[3819] [M]: 0x80025B54 (0x5E40AC23) sw tp, 1528(ra)
mem[0x8003A760] <- 0x00000003


mem[X,0x80025B58] -> 0x5537
mem[X,0x80025B5A] -> 0xFFFF
[3820] [M]: 0x80025B58 (0xFFFF5537) lui a0, 1048565
x10 <- 0xFFFF5000


mem[X,0x80025B5C] -> 0x0513
mem[X,0x80025B5E] -> 0xAFD5
[3821] [M]: 0x80025B5C (0xAFD50513) addi a0, a0, 2813
x10 <- 0xFFFF4AFD


mem[X,0x80025B60] -> 0x0593
mem[X,0x80025B62] -> 0x0020
[3822] [M]: 0x80025B60 (0x00200593) addi a1, zero, 2
x11 <- 0x00000002


mem[X,0x80025B64] -> 0x0213
mem[X,0x80025B66] -> 0x0000
[3823] [M]: 0x80025B64 (0x00000213) addi tp, zero, 0
x4 <- 0x00000000


mem[X,0x80025B68] -> 0x006F
mem[X,0x80025B6A] -> 0x00C0
[3824] [M]: 0x80025B68 (0x00C0006F) jal zero, 12


mem[X,0x80025B74] -> 0x1063
mem[X,0x80025B76] -> 0x20B5
[3825] [M]: 0x80025B74 (0x20B51063) bne a0, a1, 512


mem[X,0x80025D74] -> 0x0213
mem[X,0x80025D76] -> 0x0032
[3826] [M]: 0x80025D74 (0x00320213) addi tp, tp, 3
x4 <- 0x00000003


mem[X,0x80025D78] -> 0x006F
mem[X,0x80025D7A] -> 0x0040
[3827] [M]: 0x80025D78 (0x0040006F) jal zero, 4


mem[X,0x80025D7C] -> 0xAE23
mem[X,0x80025D7E] -> 0x5E40
[3828] [M]: 0x80025D7C (0x5E40AE23) sw tp, 1532(ra)
mem[0x8003A764] <- 0x00000003


mem[X,0x80025D80] -> 0x5537
mem[X,0x80025D82] -> 0xFFFF
[3829] [M]: 0x80025D80 (0xFFFF5537) lui a0, 1048565
x10 <- 0xFFFF5000


mem[X,0x80025D84] -> 0x0513
mem[X,0x80025D86] -> 0xAFD5
[3830] [M]: 0x80025D84 (0xAFD50513) addi a0, a0, 2813
x10 <- 0xFFFF4AFD


mem[X,0x80025D88] -> 0x55B7
mem[X,0x80025D8A] -> 0x5555
[3831] [M]: 0x80025D88 (0x555555B7) lui a1, 349525
x11 <- 0x55555000


mem[X,0x80025D8C] -> 0x8593
mem[X,0x80025D8E] -> 0x5545
[3832] [M]: 0x80025D8C (0x55458593) addi a1, a1, 1364
x11 <- 0x55555554


mem[X,0x80025D90] -> 0x0213
mem[X,0x80025D92] -> 0x0000
[3833] [M]: 0x80025D90 (0x00000213) addi tp, zero, 0
x4 <- 0x00000000


mem[X,0x80025D94] -> 0x006F
mem[X,0x80025D96] -> 0x00C0
[3834] [M]: 0x80025D94 (0x00C0006F) jal zero, 12


mem[X,0x80025DA0] -> 0x1063
mem[X,0x80025DA2] -> 0x02B5
[3835] [M]: 0x80025DA0 (0x02B51063) bne a0, a1, 32


mem[X,0x80025DC0] -> 0x0213
mem[X,0x80025DC2] -> 0x0032
[3836] [M]: 0x80025DC0 (0x00320213) addi tp, tp, 3
x4 <- 0x00000003


mem[X,0x80025DC4] -> 0x006F
mem[X,0x80025DC6] -> 0x0040
[3837] [M]: 0x80025DC4 (0x0040006F) jal zero, 4


mem[X,0x80025DC8] -> 0xA023
mem[X,0x80025DCA] -> 0x6040
[3838] [M]: 0x80025DC8 (0x6040A023) sw tp, 1536(ra)
mem[0x8003A768] <- 0x00000003


mem[X,0x80025DCC] -> 0x5537
mem[X,0x80025DCE] -> 0xFFFF
[3839] [M]: 0x80025DCC (0xFFFF5537) lui a0, 1048565
x10 <- 0xFFFF5000


mem[X,0x80025DD0] -> 0x0513
mem[X,0x80025DD2] -> 0xAFD5
[3840] [M]: 0x80025DD0 (0xAFD50513) addi a0, a0, 2813
x10 <- 0xFFFF4AFD


mem[X,0x80025DD4] -> 0x0593
mem[X,0x80025DD6] -> 0x0000
[3841] [M]: 0x80025DD4 (0x00000593) addi a1, zero, 0
x11 <- 0x00000000


mem[X,0x80025DD8] -> 0x0213
mem[X,0x80025DDA] -> 0x0000
[3842] [M]: 0x80025DD8 (0x00000213) addi tp, zero, 0
x4 <- 0x00000000


mem[X,0x80025DDC] -> 0x006F
mem[X,0x80025DDE] -> 0x00C0
[3843] [M]: 0x80025DDC (0x00C0006F) jal zero, 12


mem[X,0x80025DE8] -> 0x1863
mem[X,0x80025DEA] -> 0x00B5
[3844] [M]: 0x80025DE8 (0x00B51863) bne a0, a1, 16


mem[X,0x80025DF8] -> 0x0213
mem[X,0x80025DFA] -> 0x0032
[3845] [M]: 0x80025DF8 (0x00320213) addi tp, tp, 3
x4 <- 0x00000003


mem[X,0x80025DFC] -> 0x006F
mem[X,0x80025DFE] -> 0x0040
[3846] [M]: 0x80025DFC (0x0040006F) jal zero, 4


mem[X,0x80025E00] -> 0xA223
mem[X,0x80025E02] -> 0x6040
[3847] [M]: 0x80025E00 (0x6040A223) sw tp, 1540(ra)
mem[0x8003A76C] <- 0x00000003


mem[X,0x80025E04] -> 0x5537
mem[X,0x80025E06] -> 0xFFFF
[3848] [M]: 0x80025E04 (0xFFFF5537) lui a0, 1048565
x10 <- 0xFFFF5000


mem[X,0x80025E08] -> 0x0513
mem[X,0x80025E0A] -> 0xAFD5
[3849] [M]: 0x80025E08 (0xAFD50513) addi a0, a0, 2813
x10 <- 0xFFFF4AFD


mem[X,0x80025E0C] -> 0x0593
mem[X,0x80025E0E] -> 0x0040
[3850] [M]: 0x80025E0C (0x00400593) addi a1, zero, 4
x11 <- 0x00000004


mem[X,0x80025E10] -> 0x0213
mem[X,0x80025E12] -> 0x0000
[3851] [M]: 0x80025E10 (0x00000213) addi tp, zero, 0
x4 <- 0x00000000


mem[X,0x80025E14] -> 0x006F
mem[X,0x80025E16] -> 0x00C0
[3852] [M]: 0x80025E14 (0x00C0006F) jal zero, 12


mem[X,0x80025E20] -> 0x1CE3
mem[X,0x80025E22] -> 0xFEB5
[3853] [M]: 0x80025E20 (0xFEB51CE3) bne a0, a1, 8184


mem[X,0x80025E18] -> 0x0213
mem[X,0x80025E1A] -> 0x0012
[3854] [M]: 0x80025E18 (0x00120213) addi tp, tp, 1
x4 <- 0x00000001


mem[X,0x80025E1C] -> 0x006F
mem[X,0x80025E1E] -> 0x0180
[3855] [M]: 0x80025E1C (0x0180006F) jal zero, 24


mem[X,0x80025E34] -> 0xA423
mem[X,0x80025E36] -> 0x6040
[3856] [M]: 0x80025E34 (0x6040A423) sw tp, 1544(ra)
mem[0x8003A770] <- 0x00000001


mem[X,0x80025E38] -> 0x5537
mem[X,0x80025E3A] -> 0xFFFF
[3857] [M]: 0x80025E38 (0xFFFF5537) lui a0, 1048565
x10 <- 0xFFFF5000


mem[X,0x80025E3C] -> 0x0513
mem[X,0x80025E3E] -> 0xAFD5
[3858] [M]: 0x80025E3C (0xAFD50513) addi a0, a0, 2813
x10 <- 0xFFFF4AFD


mem[X,0x80025E40] -> 0x35B7
mem[X,0x80025E42] -> 0x3333
[3859] [M]: 0x80025E40 (0x333335B7) lui a1, 209715
x11 <- 0x33333000


mem[X,0x80025E44] -> 0x8593
mem[X,0x80025E46] -> 0x3325
[3860] [M]: 0x80025E44 (0x33258593) addi a1, a1, 818
x11 <- 0x33333332


mem[X,0x80025E48] -> 0x0213
mem[X,0x80025E4A] -> 0x0000
[3861] [M]: 0x80025E48 (0x00000213) addi tp, zero, 0
x4 <- 0x00000000


mem[X,0x80025E4C] -> 0x006F
mem[X,0x80025E4E] -> 0x00C0
[3862] [M]: 0x80025E4C (0x00C0006F) jal zero, 12


mem[X,0x80025E58] -> 0x1CE3
mem[X,0x80025E5A] -> 0xFEB5
[3863] [M]: 0x80025E58 (0xFEB51CE3) bne a0, a1, 8184


mem[X,0x80025E50] -> 0x0213
mem[X,0x80025E52] -> 0x0012
[3864] [M]: 0x80025E50 (0x00120213) addi tp, tp, 1
x4 <- 0x00000001


mem[X,0x80025E54] -> 0x006F
mem[X,0x80025E56] -> 0x0180
[3865] [M]: 0x80025E54 (0x0180006F) jal zero, 24


mem[X,0x80025E6C] -> 0xA623
mem[X,0x80025E6E] -> 0x6040
[3866] [M]: 0x80025E6C (0x6040A623) sw tp, 1548(ra)
mem[0x8003A774] <- 0x00000001


mem[X,0x80025E70] -> 0x5537
mem[X,0x80025E72] -> 0xFFFF
[3867] [M]: 0x80025E70 (0xFFFF5537) lui a0, 1048565
x10 <- 0xFFFF5000


mem[X,0x80025E74] -> 0x0513
mem[X,0x80025E76] -> 0xAFD5
[3868] [M]: 0x80025E74 (0xAFD50513) addi a0, a0, 2813
x10 <- 0xFFFF4AFD


mem[X,0x80025E78] -> 0x65B7
mem[X,0x80025E7A] -> 0x6666
[3869] [M]: 0x80025E78 (0x666665B7) lui a1, 419430
x11 <- 0x66666000


mem[X,0x80025E7C] -> 0x8593
mem[X,0x80025E7E] -> 0x6655
[3870] [M]: 0x80025E7C (0x66558593) addi a1, a1, 1637
x11 <- 0x66666665


mem[X,0x80025E80] -> 0x0213
mem[X,0x80025E82] -> 0x0000
[3871] [M]: 0x80025E80 (0x00000213) addi tp, zero, 0
x4 <- 0x00000000


mem[X,0x80025E84] -> 0x006F
mem[X,0x80025E86] -> 0x00C0
[3872] [M]: 0x80025E84 (0x00C0006F) jal zero, 12


mem[X,0x80025E90] -> 0x1CE3
mem[X,0x80025E92] -> 0xFEB5
[3873] [M]: 0x80025E90 (0xFEB51CE3) bne a0, a1, 8184


mem[X,0x80025E88] -> 0x0213
mem[X,0x80025E8A] -> 0x0012
[3874] [M]: 0x80025E88 (0x00120213) addi tp, tp, 1
x4 <- 0x00000001


mem[X,0x80025E8C] -> 0x006F
mem[X,0x80025E8E] -> 0x0180
[3875] [M]: 0x80025E8C (0x0180006F) jal zero, 24


mem[X,0x80025EA4] -> 0xA823
mem[X,0x80025EA6] -> 0x6040
[3876] [M]: 0x80025EA4 (0x6040A823) sw tp, 1552(ra)
mem[0x8003A778] <- 0x00000001


mem[X,0x80025EA8] -> 0x5537
mem[X,0x80025EAA] -> 0xFFFF
[3877] [M]: 0x80025EA8 (0xFFFF5537) lui a0, 1048565
x10 <- 0xFFFF5000


mem[X,0x80025EAC] -> 0x0513
mem[X,0x80025EAE] -> 0xAFD5
[3878] [M]: 0x80025EAC (0xAFD50513) addi a0, a0, 2813
x10 <- 0xFFFF4AFD


mem[X,0x80025EB0] -> 0xB5B7
mem[X,0x80025EB2] -> 0x0000
[3879] [M]: 0x80025EB0 (0x0000B5B7) lui a1, 11
x11 <- 0x0000B000


mem[X,0x80025EB4] -> 0x8593
mem[X,0x80025EB6] -> 0x5035
[3880] [M]: 0x80025EB4 (0x50358593) addi a1, a1, 1283
x11 <- 0x0000B503


mem[X,0x80025EB8] -> 0x0213
mem[X,0x80025EBA] -> 0x0000
[3881] [M]: 0x80025EB8 (0x00000213) addi tp, zero, 0
x4 <- 0x00000000


mem[X,0x80025EBC] -> 0x006F
mem[X,0x80025EBE] -> 0x00C0
[3882] [M]: 0x80025EBC (0x00C0006F) jal zero, 12


mem[X,0x80025EC8] -> 0x1663
mem[X,0x80025ECA] -> 0x00B5
[3883] [M]: 0x80025EC8 (0x00B51663) bne a0, a1, 12


mem[X,0x80025ED4] -> 0x0213
mem[X,0x80025ED6] -> 0x0032
[3884] [M]: 0x80025ED4 (0x00320213) addi tp, tp, 3
x4 <- 0x00000003


mem[X,0x80025ED8] -> 0x006F
mem[X,0x80025EDA] -> 0x0040
[3885] [M]: 0x80025ED8 (0x0040006F) jal zero, 4


mem[X,0x80025EDC] -> 0xAA23
mem[X,0x80025EDE] -> 0x6040
[3886] [M]: 0x80025EDC (0x6040AA23) sw tp, 1556(ra)
mem[0x8003A77C] <- 0x00000003


mem[X,0x80025EE0] -> 0x5537
mem[X,0x80025EE2] -> 0xFFFF
[3887] [M]: 0x80025EE0 (0xFFFF5537) lui a0, 1048565
x10 <- 0xFFFF5000


mem[X,0x80025EE4] -> 0x0513
mem[X,0x80025EE6] -> 0xAFD5
[3888] [M]: 0x80025EE4 (0xAFD50513) addi a0, a0, 2813
x10 <- 0xFFFF4AFD


mem[X,0x80025EE8] -> 0x55B7
mem[X,0x80025EEA] -> 0x5555
[3889] [M]: 0x80025EE8 (0x555555B7) lui a1, 349525
x11 <- 0x55555000


mem[X,0x80025EEC] -> 0x8593
mem[X,0x80025EEE] -> 0x5565
[3890] [M]: 0x80025EEC (0x55658593) addi a1, a1, 1366
x11 <- 0x55555556


mem[X,0x80025EF0] -> 0x0213
mem[X,0x80025EF2] -> 0x0000
[3891] [M]: 0x80025EF0 (0x00000213) addi tp, zero, 0
x4 <- 0x00000000


mem[X,0x80025EF4] -> 0x006F
mem[X,0x80025EF6] -> 0x00C0
[3892] [M]: 0x80025EF4 (0x00C0006F) jal zero, 12


mem[X,0x80025F00] -> 0x1663
mem[X,0x80025F02] -> 0x00B5
[3893] [M]: 0x80025F00 (0x00B51663) bne a0, a1, 12


mem[X,0x80025F0C] -> 0x0213
mem[X,0x80025F0E] -> 0x0032
[3894] [M]: 0x80025F0C (0x00320213) addi tp, tp, 3
x4 <- 0x00000003


mem[X,0x80025F10] -> 0x006F
mem[X,0x80025F12] -> 0x0040
[3895] [M]: 0x80025F10 (0x0040006F) jal zero, 4


mem[X,0x80025F14] -> 0xAC23
mem[X,0x80025F16] -> 0x6040
[3896] [M]: 0x80025F14 (0x6040AC23) sw tp, 1560(ra)
mem[0x8003A780] <- 0x00000003


mem[X,0x80025F18] -> 0x5537
mem[X,0x80025F1A] -> 0xFFFF
[3897] [M]: 0x80025F18 (0xFFFF5537) lui a0, 1048565
x10 <- 0xFFFF5000


mem[X,0x80025F1C] -> 0x0513
mem[X,0x80025F1E] -> 0xAFD5
[3898] [M]: 0x80025F1C (0xAFD50513) addi a0, a0, 2813
x10 <- 0xFFFF4AFD


mem[X,0x80025F20] -> 0xB5B7
mem[X,0x80025F22] -> 0xAAAA
[3899] [M]: 0x80025F20 (0xAAAAB5B7) lui a1, 699051
x11 <- 0xAAAAB000


clint::tick mtime <- 0x0000000000000027
 clint timer pending at mtime 0x0000000000000027
htif::tick 0x0000000000000000
mem[X,0x80025F24] -> 0x8593
mem[X,0x80025F26] -> 0xAAB5
[3900] [M]: 0x80025F24 (0xAAB58593) addi a1, a1, 2731
x11 <- 0xAAAAAAAB


mem[X,0x80025F28] -> 0x0213
mem[X,0x80025F2A] -> 0x0000
[3901] [M]: 0x80025F28 (0x00000213) addi tp, zero, 0
x4 <- 0x00000000


mem[X,0x80025F2C] -> 0x006F
mem[X,0x80025F2E] -> 0x00C0
[3902] [M]: 0x80025F2C (0x00C0006F) jal zero, 12


mem[X,0x80025F38] -> 0x1063
mem[X,0x80025F3A] -> 0x40B5
[3903] [M]: 0x80025F38 (0x40B51063) bne a0, a1, 1024


mem[X,0x80026338] -> 0x0213
mem[X,0x8002633A] -> 0x0032
[3904] [M]: 0x80026338 (0x00320213) addi tp, tp, 3
x4 <- 0x00000003


mem[X,0x8002633C] -> 0x006F
mem[X,0x8002633E] -> 0x0040
[3905] [M]: 0x8002633C (0x0040006F) jal zero, 4


mem[X,0x80026340] -> 0xAE23
mem[X,0x80026342] -> 0x6040
[3906] [M]: 0x80026340 (0x6040AE23) sw tp, 1564(ra)
mem[0x8003A784] <- 0x00000003


mem[X,0x80026344] -> 0x5537
mem[X,0x80026346] -> 0xFFFF
[3907] [M]: 0x80026344 (0xFFFF5537) lui a0, 1048565
x10 <- 0xFFFF5000


mem[X,0x80026348] -> 0x0513
mem[X,0x8002634A] -> 0xAFD5
[3908] [M]: 0x80026348 (0xAFD50513) addi a0, a0, 2813
x10 <- 0xFFFF4AFD


mem[X,0x8002634C] -> 0x0593
mem[X,0x8002634E] -> 0x0060
[3909] [M]: 0x8002634C (0x00600593) addi a1, zero, 6
x11 <- 0x00000006


mem[X,0x80026350] -> 0x0213
mem[X,0x80026352] -> 0x0000
[3910] [M]: 0x80026350 (0x00000213) addi tp, zero, 0
x4 <- 0x00000000


mem[X,0x80026354] -> 0x006F
mem[X,0x80026356] -> 0x00C0
[3911] [M]: 0x80026354 (0x00C0006F) jal zero, 12


mem[X,0x80026360] -> 0x1063
mem[X,0x80026362] -> 0x04B5
[3912] [M]: 0x80026360 (0x04B51063) bne a0, a1, 64


mem[X,0x800263A0] -> 0x0213
mem[X,0x800263A2] -> 0x0032
[3913] [M]: 0x800263A0 (0x00320213) addi tp, tp, 3
x4 <- 0x00000003


mem[X,0x800263A4] -> 0x006F
mem[X,0x800263A6] -> 0x0040
[3914] [M]: 0x800263A4 (0x0040006F) jal zero, 4


mem[X,0x800263A8] -> 0xA023
mem[X,0x800263AA] -> 0x6240
[3915] [M]: 0x800263A8 (0x6240A023) sw tp, 1568(ra)
mem[0x8003A788] <- 0x00000003


mem[X,0x800263AC] -> 0x5537
mem[X,0x800263AE] -> 0xFFFF
[3916] [M]: 0x800263AC (0xFFFF5537) lui a0, 1048565
x10 <- 0xFFFF5000


mem[X,0x800263B0] -> 0x0513
mem[X,0x800263B2] -> 0xAFD5
[3917] [M]: 0x800263B0 (0xAFD50513) addi a0, a0, 2813
x10 <- 0xFFFF4AFD


mem[X,0x800263B4] -> 0x35B7
mem[X,0x800263B6] -> 0x3333
[3918] [M]: 0x800263B4 (0x333335B7) lui a1, 209715
x11 <- 0x33333000


mem[X,0x800263B8] -> 0x8593
mem[X,0x800263BA] -> 0x3345
[3919] [M]: 0x800263B8 (0x33458593) addi a1, a1, 820
x11 <- 0x33333334


mem[X,0x800263BC] -> 0x0213
mem[X,0x800263BE] -> 0x0000
[3920] [M]: 0x800263BC (0x00000213) addi tp, zero, 0
x4 <- 0x00000000


mem[X,0x800263C0] -> 0x006F
mem[X,0x800263C2] -> 0x00C0
[3921] [M]: 0x800263C0 (0x00C0006F) jal zero, 12


mem[X,0x800263CC] -> 0x1663
mem[X,0x800263CE] -> 0x00B5
[3922] [M]: 0x800263CC (0x00B51663) bne a0, a1, 12


mem[X,0x800263D8] -> 0x0213
mem[X,0x800263DA] -> 0x0032
[3923] [M]: 0x800263D8 (0x00320213) addi tp, tp, 3
x4 <- 0x00000003


mem[X,0x800263DC] -> 0x006F
mem[X,0x800263DE] -> 0x0040
[3924] [M]: 0x800263DC (0x0040006F) jal zero, 4


mem[X,0x800263E0] -> 0xA223
mem[X,0x800263E2] -> 0x6240
[3925] [M]: 0x800263E0 (0x6240A223) sw tp, 1572(ra)
mem[0x8003A78C] <- 0x00000003


mem[X,0x800263E4] -> 0x5537
mem[X,0x800263E6] -> 0xFFFF
[3926] [M]: 0x800263E4 (0xFFFF5537) lui a0, 1048565
x10 <- 0xFFFF5000


mem[X,0x800263E8] -> 0x0513
mem[X,0x800263EA] -> 0xAFD5
[3927] [M]: 0x800263E8 (0xAFD50513) addi a0, a0, 2813
x10 <- 0xFFFF4AFD


mem[X,0x800263EC] -> 0x65B7
mem[X,0x800263EE] -> 0x6666
[3928] [M]: 0x800263EC (0x666665B7) lui a1, 419430
x11 <- 0x66666000


mem[X,0x800263F0] -> 0x8593
mem[X,0x800263F2] -> 0x6675
[3929] [M]: 0x800263F0 (0x66758593) addi a1, a1, 1639
x11 <- 0x66666667


mem[X,0x800263F4] -> 0x0213
mem[X,0x800263F6] -> 0x0000
[3930] [M]: 0x800263F4 (0x00000213) addi tp, zero, 0
x4 <- 0x00000000


mem[X,0x800263F8] -> 0x006F
mem[X,0x800263FA] -> 0x0140
[3931] [M]: 0x800263F8 (0x0140006F) jal zero, 20


mem[X,0x8002640C] -> 0x18E3
mem[X,0x8002640E] -> 0xFEB5
[3932] [M]: 0x8002640C (0xFEB518E3) bne a0, a1, 8176


mem[X,0x800263FC] -> 0x0213
mem[X,0x800263FE] -> 0x0012
[3933] [M]: 0x800263FC (0x00120213) addi tp, tp, 1
x4 <- 0x00000001


mem[X,0x80026400] -> 0x006F
mem[X,0x80026402] -> 0x0200
[3934] [M]: 0x80026400 (0x0200006F) jal zero, 32


mem[X,0x80026420] -> 0xA423
mem[X,0x80026422] -> 0x6240
[3935] [M]: 0x80026420 (0x6240A423) sw tp, 1576(ra)
mem[0x8003A790] <- 0x00000001


mem[X,0x80026424] -> 0x5537
mem[X,0x80026426] -> 0xFFFF
[3936] [M]: 0x80026424 (0xFFFF5537) lui a0, 1048565
x10 <- 0xFFFF5000


mem[X,0x80026428] -> 0x0513
mem[X,0x8002642A] -> 0xAFD5
[3937] [M]: 0x80026428 (0xAFD50513) addi a0, a0, 2813
x10 <- 0xFFFF4AFD


mem[X,0x8002642C] -> 0x55B7
mem[X,0x8002642E] -> 0xFFFF
[3938] [M]: 0x8002642C (0xFFFF55B7) lui a1, 1048565
x11 <- 0xFFFF5000


mem[X,0x80026430] -> 0x8593
mem[X,0x80026432] -> 0xAFD5
[3939] [M]: 0x80026430 (0xAFD58593) addi a1, a1, 2813
x11 <- 0xFFFF4AFD


mem[X,0x80026434] -> 0x0213
mem[X,0x80026436] -> 0x0000
[3940] [M]: 0x80026434 (0x00000213) addi tp, zero, 0
x4 <- 0x00000000


mem[X,0x80026438] -> 0x006F
mem[X,0x8002643A] -> 0x00C0
[3941] [M]: 0x80026438 (0x00C0006F) jal zero, 12


mem[X,0x80026444] -> 0x1063
mem[X,0x80026446] -> 0x08B5
[3942] [M]: 0x80026444 (0x08B51063) bne a0, a1, 128


mem[X,0x80026448] -> 0x0213
mem[X,0x8002644A] -> 0x0022
[3943] [M]: 0x80026448 (0x00220213) addi tp, tp, 2
x4 <- 0x00000002


mem[X,0x8002644C] -> 0x006F
mem[X,0x8002644E] -> 0x0800
[3944] [M]: 0x8002644C (0x0800006F) jal zero, 128


mem[X,0x800264CC] -> 0xA623
mem[X,0x800264CE] -> 0x6240
[3945] [M]: 0x800264CC (0x6240A623) sw tp, 1580(ra)
mem[0x8003A794] <- 0x00000002


mem[X,0x800264D0] -> 0x5537
mem[X,0x800264D2] -> 0xFFFF
[3946] [M]: 0x800264D0 (0xFFFF5537) lui a0, 1048565
x10 <- 0xFFFF5000


mem[X,0x800264D4] -> 0x0513
mem[X,0x800264D6] -> 0xAFD5
[3947] [M]: 0x800264D4 (0xAFD50513) addi a0, a0, 2813
x10 <- 0xFFFF4AFD


mem[X,0x800264D8] -> 0xB5B7
mem[X,0x800264DA] -> 0x0000
[3948] [M]: 0x800264D8 (0x0000B5B7) lui a1, 11
x11 <- 0x0000B000


mem[X,0x800264DC] -> 0x8593
mem[X,0x800264DE] -> 0x5055
[3949] [M]: 0x800264DC (0x50558593) addi a1, a1, 1285
x11 <- 0x0000B505


mem[X,0x800264E0] -> 0x0213
mem[X,0x800264E2] -> 0x0000
[3950] [M]: 0x800264E0 (0x00000213) addi tp, zero, 0
x4 <- 0x00000000


mem[X,0x800264E4] -> 0x006F
mem[X,0x800264E6] -> 0x00C0
[3951] [M]: 0x800264E4 (0x00C0006F) jal zero, 12


mem[X,0x800264F0] -> 0x1CE3
mem[X,0x800264F2] -> 0xFEB5
[3952] [M]: 0x800264F0 (0xFEB51CE3) bne a0, a1, 8184


mem[X,0x800264E8] -> 0x0213
mem[X,0x800264EA] -> 0x0012
[3953] [M]: 0x800264E8 (0x00120213) addi tp, tp, 1
x4 <- 0x00000001


mem[X,0x800264EC] -> 0x006F
mem[X,0x800264EE] -> 0x0180
[3954] [M]: 0x800264EC (0x0180006F) jal zero, 24


mem[X,0x80026504] -> 0xA823
mem[X,0x80026506] -> 0x6240
[3955] [M]: 0x80026504 (0x6240A823) sw tp, 1584(ra)
mem[0x8003A798] <- 0x00000001


mem[X,0x80026508] -> 0xB537
mem[X,0x8002650A] -> 0x0000
[3956] [M]: 0x80026508 (0x0000B537) lui a0, 11
x10 <- 0x0000B000


mem[X,0x8002650C] -> 0x0513
mem[X,0x8002650E] -> 0x5055
[3957] [M]: 0x8002650C (0x50550513) addi a0, a0, 1285
x10 <- 0x0000B505


mem[X,0x80026510] -> 0x0593
mem[X,0x80026512] -> 0x0030
[3958] [M]: 0x80026510 (0x00300593) addi a1, zero, 3
x11 <- 0x00000003


mem[X,0x80026514] -> 0x0213
mem[X,0x80026516] -> 0x0000
[3959] [M]: 0x80026514 (0x00000213) addi tp, zero, 0
x4 <- 0x00000000


mem[X,0x80026518] -> 0x006F
mem[X,0x8002651A] -> 0x0100
[3960] [M]: 0x80026518 (0x0100006F) jal zero, 16


mem[X,0x80026528] -> 0x1AE3
mem[X,0x8002652A] -> 0xFEB5
[3961] [M]: 0x80026528 (0xFEB51AE3) bne a0, a1, 8180


mem[X,0x8002651C] -> 0x0213
mem[X,0x8002651E] -> 0x0012
[3962] [M]: 0x8002651C (0x00120213) addi tp, tp, 1
x4 <- 0x00000001


mem[X,0x80026520] -> 0x006F
mem[X,0x80026522] -> 0x01C0
[3963] [M]: 0x80026520 (0x01C0006F) jal zero, 28


mem[X,0x8002653C] -> 0xAA23
mem[X,0x8002653E] -> 0x6240
[3964] [M]: 0x8002653C (0x6240AA23) sw tp, 1588(ra)
mem[0x8003A79C] <- 0x00000001


mem[X,0x80026540] -> 0xB537
mem[X,0x80026542] -> 0x0000
[3965] [M]: 0x80026540 (0x0000B537) lui a0, 11
x10 <- 0x0000B000


mem[X,0x80026544] -> 0x0513
mem[X,0x80026546] -> 0x5055
[3966] [M]: 0x80026544 (0x50550513) addi a0, a0, 1285
x10 <- 0x0000B505


mem[X,0x80026548] -> 0x55B7
mem[X,0x8002654A] -> 0x5555
[3967] [M]: 0x80026548 (0x555555B7) lui a1, 349525
x11 <- 0x55555000


mem[X,0x8002654C] -> 0x8593
mem[X,0x8002654E] -> 0x5555
[3968] [M]: 0x8002654C (0x55558593) addi a1, a1, 1365
x11 <- 0x55555555


mem[X,0x80026550] -> 0x0213
mem[X,0x80026552] -> 0x0000
[3969] [M]: 0x80026550 (0x00000213) addi tp, zero, 0
x4 <- 0x00000000


mem[X,0x80026554] -> 0x006F
mem[X,0x80026556] -> 0x00C0
[3970] [M]: 0x80026554 (0x00C0006F) jal zero, 12


mem[X,0x80026560] -> 0x1863
mem[X,0x80026562] -> 0x00B5
[3971] [M]: 0x80026560 (0x00B51863) bne a0, a1, 16


mem[X,0x80026570] -> 0x0213
mem[X,0x80026572] -> 0x0032
[3972] [M]: 0x80026570 (0x00320213) addi tp, tp, 3
x4 <- 0x00000003


mem[X,0x80026574] -> 0x006F
mem[X,0x80026576] -> 0x0040
[3973] [M]: 0x80026574 (0x0040006F) jal zero, 4


mem[X,0x80026578] -> 0xAC23
mem[X,0x8002657A] -> 0x6240
[3974] [M]: 0x80026578 (0x6240AC23) sw tp, 1592(ra)
mem[0x8003A7A0] <- 0x00000003


mem[X,0x8002657C] -> 0xB537
mem[X,0x8002657E] -> 0x0000
[3975] [M]: 0x8002657C (0x0000B537) lui a0, 11
x10 <- 0x0000B000


mem[X,0x80026580] -> 0x0513
mem[X,0x80026582] -> 0x5055
[3976] [M]: 0x80026580 (0x50550513) addi a0, a0, 1285
x10 <- 0x0000B505


mem[X,0x80026584] -> 0xB5B7
mem[X,0x80026586] -> 0xAAAA
[3977] [M]: 0x80026584 (0xAAAAB5B7) lui a1, 699051
x11 <- 0xAAAAB000


mem[X,0x80026588] -> 0x8593
mem[X,0x8002658A] -> 0xAAA5
[3978] [M]: 0x80026588 (0xAAA58593) addi a1, a1, 2730
x11 <- 0xAAAAAAAA


mem[X,0x8002658C] -> 0x0213
mem[X,0x8002658E] -> 0x0000
[3979] [M]: 0x8002658C (0x00000213) addi tp, zero, 0
x4 <- 0x00000000


mem[X,0x80026590] -> 0x006F
mem[X,0x80026592] -> 0x00C0
[3980] [M]: 0x80026590 (0x00C0006F) jal zero, 12


mem[X,0x8002659C] -> 0x1063
mem[X,0x8002659E] -> 0x40B5
[3981] [M]: 0x8002659C (0x40B51063) bne a0, a1, 1024


mem[X,0x8002699C] -> 0x0213
mem[X,0x8002699E] -> 0x0032
[3982] [M]: 0x8002699C (0x00320213) addi tp, tp, 3
x4 <- 0x00000003


mem[X,0x800269A0] -> 0x006F
mem[X,0x800269A2] -> 0x0040
[3983] [M]: 0x800269A0 (0x0040006F) jal zero, 4


mem[X,0x800269A4] -> 0xAE23
mem[X,0x800269A6] -> 0x6240
[3984] [M]: 0x800269A4 (0x6240AE23) sw tp, 1596(ra)
mem[0x8003A7A4] <- 0x00000003


mem[X,0x800269A8] -> 0xB537
mem[X,0x800269AA] -> 0x0000
[3985] [M]: 0x800269A8 (0x0000B537) lui a0, 11
x10 <- 0x0000B000


mem[X,0x800269AC] -> 0x0513
mem[X,0x800269AE] -> 0x5055
[3986] [M]: 0x800269AC (0x50550513) addi a0, a0, 1285
x10 <- 0x0000B505


mem[X,0x800269B0] -> 0x0593
mem[X,0x800269B2] -> 0x0050
[3987] [M]: 0x800269B0 (0x00500593) addi a1, zero, 5
x11 <- 0x00000005


mem[X,0x800269B4] -> 0x0213
mem[X,0x800269B6] -> 0x0000
[3988] [M]: 0x800269B4 (0x00000213) addi tp, zero, 0
x4 <- 0x00000000


mem[X,0x800269B8] -> 0x006F
mem[X,0x800269BA] -> 0x0140
[3989] [M]: 0x800269B8 (0x0140006F) jal zero, 20


mem[X,0x800269CC] -> 0x18E3
mem[X,0x800269CE] -> 0xFEB5
[3990] [M]: 0x800269CC (0xFEB518E3) bne a0, a1, 8176


mem[X,0x800269BC] -> 0x0213
mem[X,0x800269BE] -> 0x0012
[3991] [M]: 0x800269BC (0x00120213) addi tp, tp, 1
x4 <- 0x00000001


mem[X,0x800269C0] -> 0x006F
mem[X,0x800269C2] -> 0x0200
[3992] [M]: 0x800269C0 (0x0200006F) jal zero, 32


mem[X,0x800269E0] -> 0xA023
mem[X,0x800269E2] -> 0x6440
[3993] [M]: 0x800269E0 (0x6440A023) sw tp, 1600(ra)
mem[0x8003A7A8] <- 0x00000001


mem[X,0x800269E4] -> 0xB537
mem[X,0x800269E6] -> 0x0000
[3994] [M]: 0x800269E4 (0x0000B537) lui a0, 11
x10 <- 0x0000B000


mem[X,0x800269E8] -> 0x0513
mem[X,0x800269EA] -> 0x5055
[3995] [M]: 0x800269E8 (0x50550513) addi a0, a0, 1285
x10 <- 0x0000B505


mem[X,0x800269EC] -> 0x35B7
mem[X,0x800269EE] -> 0x3333
[3996] [M]: 0x800269EC (0x333335B7) lui a1, 209715
x11 <- 0x33333000


mem[X,0x800269F0] -> 0x8593
mem[X,0x800269F2] -> 0x3335
[3997] [M]: 0x800269F0 (0x33358593) addi a1, a1, 819
x11 <- 0x33333333


mem[X,0x800269F4] -> 0x0213
mem[X,0x800269F6] -> 0x0000
[3998] [M]: 0x800269F4 (0x00000213) addi tp, zero, 0
x4 <- 0x00000000


mem[X,0x800269F8] -> 0x006F
mem[X,0x800269FA] -> 0x00C0
[3999] [M]: 0x800269F8 (0x00C0006F) jal zero, 12


clint::tick mtime <- 0x0000000000000028
 clint timer pending at mtime 0x0000000000000028
htif::tick 0x0000000000000000
mem[X,0x80026A04] -> 0x1063
mem[X,0x80026A06] -> 0x40B5
[4000] [M]: 0x80026A04 (0x40B51063) bne a0, a1, 1024


mem[X,0x80026E04] -> 0x0213
mem[X,0x80026E06] -> 0x0032
[4001] [M]: 0x80026E04 (0x00320213) addi tp, tp, 3
x4 <- 0x00000003


mem[X,0x80026E08] -> 0x006F
mem[X,0x80026E0A] -> 0x0040
[4002] [M]: 0x80026E08 (0x0040006F) jal zero, 4


mem[X,0x80026E0C] -> 0xA223
mem[X,0x80026E0E] -> 0x6440
[4003] [M]: 0x80026E0C (0x6440A223) sw tp, 1604(ra)
mem[0x8003A7AC] <- 0x00000003


mem[X,0x80026E10] -> 0xB537
mem[X,0x80026E12] -> 0x0000
[4004] [M]: 0x80026E10 (0x0000B537) lui a0, 11
x10 <- 0x0000B000


mem[X,0x80026E14] -> 0x0513
mem[X,0x80026E16] -> 0x5055
[4005] [M]: 0x80026E14 (0x50550513) addi a0, a0, 1285
x10 <- 0x0000B505


mem[X,0x80026E18] -> 0x65B7
mem[X,0x80026E1A] -> 0x6666
[4006] [M]: 0x80026E18 (0x666665B7) lui a1, 419430
x11 <- 0x66666000


mem[X,0x80026E1C] -> 0x8593
mem[X,0x80026E1E] -> 0x6665
[4007] [M]: 0x80026E1C (0x66658593) addi a1, a1, 1638
x11 <- 0x66666666


mem[X,0x80026E20] -> 0x0213
mem[X,0x80026E22] -> 0x0000
[4008] [M]: 0x80026E20 (0x00000213) addi tp, zero, 0
x4 <- 0x00000000


mem[X,0x80026E24] -> 0x006F
mem[X,0x80026E26] -> 0x00C0
[4009] [M]: 0x80026E24 (0x00C0006F) jal zero, 12


mem[X,0x80026E30] -> 0x1663
mem[X,0x80026E32] -> 0x00B5
[4010] [M]: 0x80026E30 (0x00B51663) bne a0, a1, 12


mem[X,0x80026E3C] -> 0x0213
mem[X,0x80026E3E] -> 0x0032
[4011] [M]: 0x80026E3C (0x00320213) addi tp, tp, 3
x4 <- 0x00000003


mem[X,0x80026E40] -> 0x006F
mem[X,0x80026E42] -> 0x0040
[4012] [M]: 0x80026E40 (0x0040006F) jal zero, 4


mem[X,0x80026E44] -> 0xA423
mem[X,0x80026E46] -> 0x6440
[4013] [M]: 0x80026E44 (0x6440A423) sw tp, 1608(ra)
mem[0x8003A7B0] <- 0x00000003


mem[X,0x80026E48] -> 0xB537
mem[X,0x80026E4A] -> 0x0000
[4014] [M]: 0x80026E48 (0x0000B537) lui a0, 11
x10 <- 0x0000B000


mem[X,0x80026E4C] -> 0x0513
mem[X,0x80026E4E] -> 0x5055
[4015] [M]: 0x80026E4C (0x50550513) addi a0, a0, 1285
x10 <- 0x0000B505


mem[X,0x80026E50] -> 0x55B7
mem[X,0x80026E52] -> 0xFFFF
[4016] [M]: 0x80026E50 (0xFFFF55B7) lui a1, 1048565
x11 <- 0xFFFF5000


mem[X,0x80026E54] -> 0x8593
mem[X,0x80026E56] -> 0xAFC5
[4017] [M]: 0x80026E54 (0xAFC58593) addi a1, a1, 2812
x11 <- 0xFFFF4AFC


mem[X,0x80026E58] -> 0x0213
mem[X,0x80026E5A] -> 0x0000
[4018] [M]: 0x80026E58 (0x00000213) addi tp, zero, 0
x4 <- 0x00000000


mem[X,0x80026E5C] -> 0x006F
mem[X,0x80026E5E] -> 0x00C0
[4019] [M]: 0x80026E5C (0x00C0006F) jal zero, 12


mem[X,0x80026E68] -> 0x1063
mem[X,0x80026E6A] -> 0x02B5
[4020] [M]: 0x80026E68 (0x02B51063) bne a0, a1, 32


mem[X,0x80026E88] -> 0x0213
mem[X,0x80026E8A] -> 0x0032
[4021] [M]: 0x80026E88 (0x00320213) addi tp, tp, 3
x4 <- 0x00000003


mem[X,0x80026E8C] -> 0x006F
mem[X,0x80026E8E] -> 0x0040
[4022] [M]: 0x80026E8C (0x0040006F) jal zero, 4


mem[X,0x80026E90] -> 0xA623
mem[X,0x80026E92] -> 0x6440
[4023] [M]: 0x80026E90 (0x6440A623) sw tp, 1612(ra)
mem[0x8003A7B4] <- 0x00000003


mem[X,0x80026E94] -> 0xB537
mem[X,0x80026E96] -> 0x0000
[4024] [M]: 0x80026E94 (0x0000B537) lui a0, 11
x10 <- 0x0000B000


mem[X,0x80026E98] -> 0x0513
mem[X,0x80026E9A] -> 0x5055
[4025] [M]: 0x80026E98 (0x50550513) addi a0, a0, 1285
x10 <- 0x0000B505


mem[X,0x80026E9C] -> 0xB5B7
mem[X,0x80026E9E] -> 0x0000
[4026] [M]: 0x80026E9C (0x0000B5B7) lui a1, 11
x11 <- 0x0000B000


mem[X,0x80026EA0] -> 0x8593
mem[X,0x80026EA2] -> 0x5045
[4027] [M]: 0x80026EA0 (0x50458593) addi a1, a1, 1284
x11 <- 0x0000B504


mem[X,0x80026EA4] -> 0x0213
mem[X,0x80026EA6] -> 0x0000
[4028] [M]: 0x80026EA4 (0x00000213) addi tp, zero, 0
x4 <- 0x00000000


mem[X,0x80026EA8] -> 0x006F
mem[X,0x80026EAA] -> 0x00C0
[4029] [M]: 0x80026EA8 (0x00C0006F) jal zero, 12


mem[X,0x80026EB4] -> 0x1063
mem[X,0x80026EB6] -> 0x20B5
[4030] [M]: 0x80026EB4 (0x20B51063) bne a0, a1, 512


mem[X,0x800270B4] -> 0x0213
mem[X,0x800270B6] -> 0x0032
[4031] [M]: 0x800270B4 (0x00320213) addi tp, tp, 3
x4 <- 0x00000003


mem[X,0x800270B8] -> 0x006F
mem[X,0x800270BA] -> 0x0040
[4032] [M]: 0x800270B8 (0x0040006F) jal zero, 4


mem[X,0x800270BC] -> 0xA823
mem[X,0x800270BE] -> 0x6440
[4033] [M]: 0x800270BC (0x6440A823) sw tp, 1616(ra)
mem[0x8003A7B8] <- 0x00000003


mem[X,0x800270C0] -> 0xB537
mem[X,0x800270C2] -> 0x0000
[4034] [M]: 0x800270C0 (0x0000B537) lui a0, 11
x10 <- 0x0000B000


mem[X,0x800270C4] -> 0x0513
mem[X,0x800270C6] -> 0x5055
[4035] [M]: 0x800270C4 (0x50550513) addi a0, a0, 1285
x10 <- 0x0000B505


mem[X,0x800270C8] -> 0x0593
mem[X,0x800270CA] -> 0x0020
[4036] [M]: 0x800270C8 (0x00200593) addi a1, zero, 2
x11 <- 0x00000002


mem[X,0x800270CC] -> 0x0213
mem[X,0x800270CE] -> 0x0000
[4037] [M]: 0x800270CC (0x00000213) addi tp, zero, 0
x4 <- 0x00000000


mem[X,0x800270D0] -> 0x006F
mem[X,0x800270D2] -> 0x00C0
[4038] [M]: 0x800270D0 (0x00C0006F) jal zero, 12


mem[X,0x800270DC] -> 0x1063
mem[X,0x800270DE] -> 0x20B5
[4039] [M]: 0x800270DC (0x20B51063) bne a0, a1, 512


mem[X,0x800272DC] -> 0x0213
mem[X,0x800272DE] -> 0x0032
[4040] [M]: 0x800272DC (0x00320213) addi tp, tp, 3
x4 <- 0x00000003


mem[X,0x800272E0] -> 0x006F
mem[X,0x800272E2] -> 0x0040
[4041] [M]: 0x800272E0 (0x0040006F) jal zero, 4


mem[X,0x800272E4] -> 0xAA23
mem[X,0x800272E6] -> 0x6440
[4042] [M]: 0x800272E4 (0x6440AA23) sw tp, 1620(ra)
mem[0x8003A7BC] <- 0x00000003


mem[X,0x800272E8] -> 0xB537
mem[X,0x800272EA] -> 0x0000
[4043] [M]: 0x800272E8 (0x0000B537) lui a0, 11
x10 <- 0x0000B000


mem[X,0x800272EC] -> 0x0513
mem[X,0x800272EE] -> 0x5055
[4044] [M]: 0x800272EC (0x50550513) addi a0, a0, 1285
x10 <- 0x0000B505


mem[X,0x800272F0] -> 0x55B7
mem[X,0x800272F2] -> 0x5555
[4045] [M]: 0x800272F0 (0x555555B7) lui a1, 349525
x11 <- 0x55555000


mem[X,0x800272F4] -> 0x8593
mem[X,0x800272F6] -> 0x5545
[4046] [M]: 0x800272F4 (0x55458593) addi a1, a1, 1364
x11 <- 0x55555554


mem[X,0x800272F8] -> 0x0213
mem[X,0x800272FA] -> 0x0000
[4047] [M]: 0x800272F8 (0x00000213) addi tp, zero, 0
x4 <- 0x00000000


mem[X,0x800272FC] -> 0x006F
mem[X,0x800272FE] -> 0x00C0
[4048] [M]: 0x800272FC (0x00C0006F) jal zero, 12


mem[X,0x80027308] -> 0x1863
mem[X,0x8002730A] -> 0x00B5
[4049] [M]: 0x80027308 (0x00B51863) bne a0, a1, 16


mem[X,0x80027318] -> 0x0213
mem[X,0x8002731A] -> 0x0032
[4050] [M]: 0x80027318 (0x00320213) addi tp, tp, 3
x4 <- 0x00000003


mem[X,0x8002731C] -> 0x006F
mem[X,0x8002731E] -> 0x0040
[4051] [M]: 0x8002731C (0x0040006F) jal zero, 4


mem[X,0x80027320] -> 0xAC23
mem[X,0x80027322] -> 0x6440
[4052] [M]: 0x80027320 (0x6440AC23) sw tp, 1624(ra)
mem[0x8003A7C0] <- 0x00000003


mem[X,0x80027324] -> 0xB537
mem[X,0x80027326] -> 0x0000
[4053] [M]: 0x80027324 (0x0000B537) lui a0, 11
x10 <- 0x0000B000


mem[X,0x80027328] -> 0x0513
mem[X,0x8002732A] -> 0x5055
[4054] [M]: 0x80027328 (0x50550513) addi a0, a0, 1285
x10 <- 0x0000B505


mem[X,0x8002732C] -> 0x0593
mem[X,0x8002732E] -> 0x0000
[4055] [M]: 0x8002732C (0x00000593) addi a1, zero, 0
x11 <- 0x00000000


mem[X,0x80027330] -> 0x0213
mem[X,0x80027332] -> 0x0000
[4056] [M]: 0x80027330 (0x00000213) addi tp, zero, 0
x4 <- 0x00000000


mem[X,0x80027334] -> 0x006F
mem[X,0x80027336] -> 0x0180
[4057] [M]: 0x80027334 (0x0180006F) jal zero, 24


mem[X,0x8002734C] -> 0x16E3
mem[X,0x8002734E] -> 0xFEB5
[4058] [M]: 0x8002734C (0xFEB516E3) bne a0, a1, 8172


mem[X,0x80027338] -> 0x0213
mem[X,0x8002733A] -> 0x0012
[4059] [M]: 0x80027338 (0x00120213) addi tp, tp, 1
x4 <- 0x00000001


mem[X,0x8002733C] -> 0x006F
mem[X,0x8002733E] -> 0x0240
[4060] [M]: 0x8002733C (0x0240006F) jal zero, 36


mem[X,0x80027360] -> 0xAE23
mem[X,0x80027362] -> 0x6440
[4061] [M]: 0x80027360 (0x6440AE23) sw tp, 1628(ra)
mem[0x8003A7C4] <- 0x00000001


mem[X,0x80027364] -> 0xB537
mem[X,0x80027366] -> 0x0000
[4062] [M]: 0x80027364 (0x0000B537) lui a0, 11
x10 <- 0x0000B000


mem[X,0x80027368] -> 0x0513
mem[X,0x8002736A] -> 0x5055
[4063] [M]: 0x80027368 (0x50550513) addi a0, a0, 1285
x10 <- 0x0000B505


mem[X,0x8002736C] -> 0x0593
mem[X,0x8002736E] -> 0x0040
[4064] [M]: 0x8002736C (0x00400593) addi a1, zero, 4
x11 <- 0x00000004


mem[X,0x80027370] -> 0x0213
mem[X,0x80027372] -> 0x0000
[4065] [M]: 0x80027370 (0x00000213) addi tp, zero, 0
x4 <- 0x00000000


mem[X,0x80027374] -> 0x006F
mem[X,0x80027376] -> 0x00C0
[4066] [M]: 0x80027374 (0x00C0006F) jal zero, 12


mem[X,0x80027380] -> 0x1063
mem[X,0x80027382] -> 0x08B5
[4067] [M]: 0x80027380 (0x08B51063) bne a0, a1, 128


mem[X,0x80027400] -> 0x0213
mem[X,0x80027402] -> 0x0032
[4068] [M]: 0x80027400 (0x00320213) addi tp, tp, 3
x4 <- 0x00000003


mem[X,0x80027404] -> 0x006F
mem[X,0x80027406] -> 0x0040
[4069] [M]: 0x80027404 (0x0040006F) jal zero, 4


mem[X,0x80027408] -> 0xA023
mem[X,0x8002740A] -> 0x6640
[4070] [M]: 0x80027408 (0x6640A023) sw tp, 1632(ra)
mem[0x8003A7C8] <- 0x00000003


mem[X,0x8002740C] -> 0xB537
mem[X,0x8002740E] -> 0x0000
[4071] [M]: 0x8002740C (0x0000B537) lui a0, 11
x10 <- 0x0000B000


mem[X,0x80027410] -> 0x0513
mem[X,0x80027412] -> 0x5055
[4072] [M]: 0x80027410 (0x50550513) addi a0, a0, 1285
x10 <- 0x0000B505


mem[X,0x80027414] -> 0x35B7
mem[X,0x80027416] -> 0x3333
[4073] [M]: 0x80027414 (0x333335B7) lui a1, 209715
x11 <- 0x33333000


mem[X,0x80027418] -> 0x8593
mem[X,0x8002741A] -> 0x3325
[4074] [M]: 0x80027418 (0x33258593) addi a1, a1, 818
x11 <- 0x33333332


mem[X,0x8002741C] -> 0x0213
mem[X,0x8002741E] -> 0x0000
[4075] [M]: 0x8002741C (0x00000213) addi tp, zero, 0
x4 <- 0x00000000


mem[X,0x80027420] -> 0x006F
mem[X,0x80027422] -> 0x00C0
[4076] [M]: 0x80027420 (0x00C0006F) jal zero, 12


mem[X,0x8002742C] -> 0x1CE3
mem[X,0x8002742E] -> 0xFEB5
[4077] [M]: 0x8002742C (0xFEB51CE3) bne a0, a1, 8184


mem[X,0x80027424] -> 0x0213
mem[X,0x80027426] -> 0x0012
[4078] [M]: 0x80027424 (0x00120213) addi tp, tp, 1
x4 <- 0x00000001


mem[X,0x80027428] -> 0x006F
mem[X,0x8002742A] -> 0x0180
[4079] [M]: 0x80027428 (0x0180006F) jal zero, 24


mem[X,0x80027440] -> 0xA223
mem[X,0x80027442] -> 0x6640
[4080] [M]: 0x80027440 (0x6640A223) sw tp, 1636(ra)
mem[0x8003A7CC] <- 0x00000001


mem[X,0x80027444] -> 0xB537
mem[X,0x80027446] -> 0x0000
[4081] [M]: 0x80027444 (0x0000B537) lui a0, 11
x10 <- 0x0000B000


mem[X,0x80027448] -> 0x0513
mem[X,0x8002744A] -> 0x5055
[4082] [M]: 0x80027448 (0x50550513) addi a0, a0, 1285
x10 <- 0x0000B505


mem[X,0x8002744C] -> 0x65B7
mem[X,0x8002744E] -> 0x6666
[4083] [M]: 0x8002744C (0x666665B7) lui a1, 419430
x11 <- 0x66666000


mem[X,0x80027450] -> 0x8593
mem[X,0x80027452] -> 0x6655
[4084] [M]: 0x80027450 (0x66558593) addi a1, a1, 1637
x11 <- 0x66666665


mem[X,0x80027454] -> 0x0213
mem[X,0x80027456] -> 0x0000
[4085] [M]: 0x80027454 (0x00000213) addi tp, zero, 0
x4 <- 0x00000000


mem[X,0x80027458] -> 0x006F
mem[X,0x8002745A] -> 0x00C0
[4086] [M]: 0x80027458 (0x00C0006F) jal zero, 12


mem[X,0x80027464] -> 0x1063
mem[X,0x80027466] -> 0x40B5
[4087] [M]: 0x80027464 (0x40B51063) bne a0, a1, 1024


mem[X,0x80027864] -> 0x0213
mem[X,0x80027866] -> 0x0032
[4088] [M]: 0x80027864 (0x00320213) addi tp, tp, 3
x4 <- 0x00000003


mem[X,0x80027868] -> 0x006F
mem[X,0x8002786A] -> 0x0040
[4089] [M]: 0x80027868 (0x0040006F) jal zero, 4


mem[X,0x8002786C] -> 0xA423
mem[X,0x8002786E] -> 0x6640
[4090] [M]: 0x8002786C (0x6640A423) sw tp, 1640(ra)
mem[0x8003A7D0] <- 0x00000003


mem[X,0x80027870] -> 0xB537
mem[X,0x80027872] -> 0x0000
[4091] [M]: 0x80027870 (0x0000B537) lui a0, 11
x10 <- 0x0000B000


mem[X,0x80027874] -> 0x0513
mem[X,0x80027876] -> 0x5055
[4092] [M]: 0x80027874 (0x50550513) addi a0, a0, 1285
x10 <- 0x0000B505


mem[X,0x80027878] -> 0xB5B7
mem[X,0x8002787A] -> 0x0000
[4093] [M]: 0x80027878 (0x0000B5B7) lui a1, 11
x11 <- 0x0000B000


mem[X,0x8002787C] -> 0x8593
mem[X,0x8002787E] -> 0x5035
[4094] [M]: 0x8002787C (0x50358593) addi a1, a1, 1283
x11 <- 0x0000B503


mem[X,0x80027880] -> 0x0213
mem[X,0x80027882] -> 0x0000
[4095] [M]: 0x80027880 (0x00000213) addi tp, zero, 0
x4 <- 0x00000000


mem[X,0x80027884] -> 0x006F
mem[X,0x80027886] -> 0x00C0
[4096] [M]: 0x80027884 (0x00C0006F) jal zero, 12


mem[X,0x80027890] -> 0x1063
mem[X,0x80027892] -> 0x04B5
[4097] [M]: 0x80027890 (0x04B51063) bne a0, a1, 64


mem[X,0x800278D0] -> 0x0213
mem[X,0x800278D2] -> 0x0032
[4098] [M]: 0x800278D0 (0x00320213) addi tp, tp, 3
x4 <- 0x00000003


mem[X,0x800278D4] -> 0x006F
mem[X,0x800278D6] -> 0x0040
[4099] [M]: 0x800278D4 (0x0040006F) jal zero, 4


clint::tick mtime <- 0x0000000000000029
 clint timer pending at mtime 0x0000000000000029
htif::tick 0x0000000000000000
mem[X,0x800278D8] -> 0xA623
mem[X,0x800278DA] -> 0x6640
[4100] [M]: 0x800278D8 (0x6640A623) sw tp, 1644(ra)
mem[0x8003A7D4] <- 0x00000003


mem[X,0x800278DC] -> 0xB537
mem[X,0x800278DE] -> 0x0000
[4101] [M]: 0x800278DC (0x0000B537) lui a0, 11
x10 <- 0x0000B000


mem[X,0x800278E0] -> 0x0513
mem[X,0x800278E2] -> 0x5055
[4102] [M]: 0x800278E0 (0x50550513) addi a0, a0, 1285
x10 <- 0x0000B505


mem[X,0x800278E4] -> 0x55B7
mem[X,0x800278E6] -> 0x5555
[4103] [M]: 0x800278E4 (0x555555B7) lui a1, 349525
x11 <- 0x55555000


mem[X,0x800278E8] -> 0x8593
mem[X,0x800278EA] -> 0x5565
[4104] [M]: 0x800278E8 (0x55658593) addi a1, a1, 1366
x11 <- 0x55555556


mem[X,0x800278EC] -> 0x0213
mem[X,0x800278EE] -> 0x0000
[4105] [M]: 0x800278EC (0x00000213) addi tp, zero, 0
x4 <- 0x00000000


mem[X,0x800278F0] -> 0x006F
mem[X,0x800278F2] -> 0x00C0
[4106] [M]: 0x800278F0 (0x00C0006F) jal zero, 12


mem[X,0x800278FC] -> 0x1063
mem[X,0x800278FE] -> 0x40B5
[4107] [M]: 0x800278FC (0x40B51063) bne a0, a1, 1024


mem[X,0x80027CFC] -> 0x0213
mem[X,0x80027CFE] -> 0x0032
[4108] [M]: 0x80027CFC (0x00320213) addi tp, tp, 3
x4 <- 0x00000003


mem[X,0x80027D00] -> 0x006F
mem[X,0x80027D02] -> 0x0040
[4109] [M]: 0x80027D00 (0x0040006F) jal zero, 4


mem[X,0x80027D04] -> 0xA823
mem[X,0x80027D06] -> 0x6640
[4110] [M]: 0x80027D04 (0x6640A823) sw tp, 1648(ra)
mem[0x8003A7D8] <- 0x00000003


mem[X,0x80027D08] -> 0xB537
mem[X,0x80027D0A] -> 0x0000
[4111] [M]: 0x80027D08 (0x0000B537) lui a0, 11
x10 <- 0x0000B000


mem[X,0x80027D0C] -> 0x0513
mem[X,0x80027D0E] -> 0x5055
[4112] [M]: 0x80027D0C (0x50550513) addi a0, a0, 1285
x10 <- 0x0000B505


mem[X,0x80027D10] -> 0xB5B7
mem[X,0x80027D12] -> 0xAAAA
[4113] [M]: 0x80027D10 (0xAAAAB5B7) lui a1, 699051
x11 <- 0xAAAAB000


mem[X,0x80027D14] -> 0x8593
mem[X,0x80027D16] -> 0xAAB5
[4114] [M]: 0x80027D14 (0xAAB58593) addi a1, a1, 2731
x11 <- 0xAAAAAAAB


mem[X,0x80027D18] -> 0x0213
mem[X,0x80027D1A] -> 0x0000
[4115] [M]: 0x80027D18 (0x00000213) addi tp, zero, 0
x4 <- 0x00000000


mem[X,0x80027D1C] -> 0x006F
mem[X,0x80027D1E] -> 0x00C0
[4116] [M]: 0x80027D1C (0x00C0006F) jal zero, 12


mem[X,0x80027D28] -> 0x1663
mem[X,0x80027D2A] -> 0x00B5
[4117] [M]: 0x80027D28 (0x00B51663) bne a0, a1, 12


mem[X,0x80027D34] -> 0x0213
mem[X,0x80027D36] -> 0x0032
[4118] [M]: 0x80027D34 (0x00320213) addi tp, tp, 3
x4 <- 0x00000003


mem[X,0x80027D38] -> 0x006F
mem[X,0x80027D3A] -> 0x0040
[4119] [M]: 0x80027D38 (0x0040006F) jal zero, 4


mem[X,0x80027D3C] -> 0xAA23
mem[X,0x80027D3E] -> 0x6640
[4120] [M]: 0x80027D3C (0x6640AA23) sw tp, 1652(ra)
mem[0x8003A7DC] <- 0x00000003


mem[X,0x80027D40] -> 0xB537
mem[X,0x80027D42] -> 0x0000
[4121] [M]: 0x80027D40 (0x0000B537) lui a0, 11
x10 <- 0x0000B000


mem[X,0x80027D44] -> 0x0513
mem[X,0x80027D46] -> 0x5055
[4122] [M]: 0x80027D44 (0x50550513) addi a0, a0, 1285
x10 <- 0x0000B505


mem[X,0x80027D48] -> 0x0593
mem[X,0x80027D4A] -> 0x0060
[4123] [M]: 0x80027D48 (0x00600593) addi a1, zero, 6
x11 <- 0x00000006


mem[X,0x80027D4C] -> 0x0213
mem[X,0x80027D4E] -> 0x0000
[4124] [M]: 0x80027D4C (0x00000213) addi tp, zero, 0
x4 <- 0x00000000


mem[X,0x80027D50] -> 0x006F
mem[X,0x80027D52] -> 0x00C0
[4125] [M]: 0x80027D50 (0x00C0006F) jal zero, 12


mem[X,0x80027D5C] -> 0x1663
mem[X,0x80027D5E] -> 0x00B5
[4126] [M]: 0x80027D5C (0x00B51663) bne a0, a1, 12


mem[X,0x80027D68] -> 0x0213
mem[X,0x80027D6A] -> 0x0032
[4127] [M]: 0x80027D68 (0x00320213) addi tp, tp, 3
x4 <- 0x00000003


mem[X,0x80027D6C] -> 0x006F
mem[X,0x80027D6E] -> 0x0040
[4128] [M]: 0x80027D6C (0x0040006F) jal zero, 4


mem[X,0x80027D70] -> 0xAC23
mem[X,0x80027D72] -> 0x6640
[4129] [M]: 0x80027D70 (0x6640AC23) sw tp, 1656(ra)
mem[0x8003A7E0] <- 0x00000003


mem[X,0x80027D74] -> 0xB537
mem[X,0x80027D76] -> 0x0000
[4130] [M]: 0x80027D74 (0x0000B537) lui a0, 11
x10 <- 0x0000B000


mem[X,0x80027D78] -> 0x0513
mem[X,0x80027D7A] -> 0x5055
[4131] [M]: 0x80027D78 (0x50550513) addi a0, a0, 1285
x10 <- 0x0000B505


mem[X,0x80027D7C] -> 0x35B7
mem[X,0x80027D7E] -> 0x3333
[4132] [M]: 0x80027D7C (0x333335B7) lui a1, 209715
x11 <- 0x33333000


mem[X,0x80027D80] -> 0x8593
mem[X,0x80027D82] -> 0x3345
[4133] [M]: 0x80027D80 (0x33458593) addi a1, a1, 820
x11 <- 0x33333334


mem[X,0x80027D84] -> 0x0213
mem[X,0x80027D86] -> 0x0000
[4134] [M]: 0x80027D84 (0x00000213) addi tp, zero, 0
x4 <- 0x00000000


mem[X,0x80027D88] -> 0x006F
mem[X,0x80027D8A] -> 0x0100
[4135] [M]: 0x80027D88 (0x0100006F) jal zero, 16


mem[X,0x80027D98] -> 0x1AE3
mem[X,0x80027D9A] -> 0xFEB5
[4136] [M]: 0x80027D98 (0xFEB51AE3) bne a0, a1, 8180


mem[X,0x80027D8C] -> 0x0213
mem[X,0x80027D8E] -> 0x0012
[4137] [M]: 0x80027D8C (0x00120213) addi tp, tp, 1
x4 <- 0x00000001


mem[X,0x80027D90] -> 0x006F
mem[X,0x80027D92] -> 0x01C0
[4138] [M]: 0x80027D90 (0x01C0006F) jal zero, 28


mem[X,0x80027DAC] -> 0xAE23
mem[X,0x80027DAE] -> 0x6640
[4139] [M]: 0x80027DAC (0x6640AE23) sw tp, 1660(ra)
mem[0x8003A7E4] <- 0x00000001


mem[X,0x80027DB0] -> 0xB537
mem[X,0x80027DB2] -> 0x0000
[4140] [M]: 0x80027DB0 (0x0000B537) lui a0, 11
x10 <- 0x0000B000


mem[X,0x80027DB4] -> 0x0513
mem[X,0x80027DB6] -> 0x5055
[4141] [M]: 0x80027DB4 (0x50550513) addi a0, a0, 1285
x10 <- 0x0000B505


mem[X,0x80027DB8] -> 0x65B7
mem[X,0x80027DBA] -> 0x6666
[4142] [M]: 0x80027DB8 (0x666665B7) lui a1, 419430
x11 <- 0x66666000


mem[X,0x80027DBC] -> 0x8593
mem[X,0x80027DBE] -> 0x6675
[4143] [M]: 0x80027DBC (0x66758593) addi a1, a1, 1639
x11 <- 0x66666667


mem[X,0x80027DC0] -> 0x0213
mem[X,0x80027DC2] -> 0x0000
[4144] [M]: 0x80027DC0 (0x00000213) addi tp, zero, 0
x4 <- 0x00000000


mem[X,0x80027DC4] -> 0x006F
mem[X,0x80027DC6] -> 0x00C0
[4145] [M]: 0x80027DC4 (0x00C0006F) jal zero, 12


mem[X,0x80027DD0] -> 0x1663
mem[X,0x80027DD2] -> 0x00B5
[4146] [M]: 0x80027DD0 (0x00B51663) bne a0, a1, 12


mem[X,0x80027DDC] -> 0x0213
mem[X,0x80027DDE] -> 0x0032
[4147] [M]: 0x80027DDC (0x00320213) addi tp, tp, 3
x4 <- 0x00000003


mem[X,0x80027DE0] -> 0x006F
mem[X,0x80027DE2] -> 0x0040
[4148] [M]: 0x80027DE0 (0x0040006F) jal zero, 4


mem[X,0x80027DE4] -> 0xA023
mem[X,0x80027DE6] -> 0x6840
[4149] [M]: 0x80027DE4 (0x6840A023) sw tp, 1664(ra)
mem[0x8003A7E8] <- 0x00000003


mem[X,0x80027DE8] -> 0xB537
mem[X,0x80027DEA] -> 0x0000
[4150] [M]: 0x80027DE8 (0x0000B537) lui a0, 11
x10 <- 0x0000B000


mem[X,0x80027DEC] -> 0x0513
mem[X,0x80027DEE] -> 0x5055
[4151] [M]: 0x80027DEC (0x50550513) addi a0, a0, 1285
x10 <- 0x0000B505


mem[X,0x80027DF0] -> 0x55B7
mem[X,0x80027DF2] -> 0xFFFF
[4152] [M]: 0x80027DF0 (0xFFFF55B7) lui a1, 1048565
x11 <- 0xFFFF5000


mem[X,0x80027DF4] -> 0x8593
mem[X,0x80027DF6] -> 0xAFD5
[4153] [M]: 0x80027DF4 (0xAFD58593) addi a1, a1, 2813
x11 <- 0xFFFF4AFD


mem[X,0x80027DF8] -> 0x0213
mem[X,0x80027DFA] -> 0x0000
[4154] [M]: 0x80027DF8 (0x00000213) addi tp, zero, 0
x4 <- 0x00000000


mem[X,0x80027DFC] -> 0x006F
mem[X,0x80027DFE] -> 0x0100
[4155] [M]: 0x80027DFC (0x0100006F) jal zero, 16


mem[X,0x80027E0C] -> 0x1AE3
mem[X,0x80027E0E] -> 0xFEB5
[4156] [M]: 0x80027E0C (0xFEB51AE3) bne a0, a1, 8180


mem[X,0x80027E00] -> 0x0213
mem[X,0x80027E02] -> 0x0012
[4157] [M]: 0x80027E00 (0x00120213) addi tp, tp, 1
x4 <- 0x00000001


mem[X,0x80027E04] -> 0x006F
mem[X,0x80027E06] -> 0x01C0
[4158] [M]: 0x80027E04 (0x01C0006F) jal zero, 28


mem[X,0x80027E20] -> 0xA223
mem[X,0x80027E22] -> 0x6840
[4159] [M]: 0x80027E20 (0x6840A223) sw tp, 1668(ra)
mem[0x8003A7EC] <- 0x00000001


mem[X,0x80027E24] -> 0xB537
mem[X,0x80027E26] -> 0x0000
[4160] [M]: 0x80027E24 (0x0000B537) lui a0, 11
x10 <- 0x0000B000


mem[X,0x80027E28] -> 0x0513
mem[X,0x80027E2A] -> 0x5055
[4161] [M]: 0x80027E28 (0x50550513) addi a0, a0, 1285
x10 <- 0x0000B505


mem[X,0x80027E2C] -> 0xB5B7
mem[X,0x80027E2E] -> 0x0000
[4162] [M]: 0x80027E2C (0x0000B5B7) lui a1, 11
x11 <- 0x0000B000


mem[X,0x80027E30] -> 0x8593
mem[X,0x80027E32] -> 0x5055
[4163] [M]: 0x80027E30 (0x50558593) addi a1, a1, 1285
x11 <- 0x0000B505


mem[X,0x80027E34] -> 0x0213
mem[X,0x80027E36] -> 0x0000
[4164] [M]: 0x80027E34 (0x00000213) addi tp, zero, 0
x4 <- 0x00000000


mem[X,0x80027E38] -> 0x006F
mem[X,0x80027E3A] -> 0x00C0
[4165] [M]: 0x80027E38 (0x00C0006F) jal zero, 12


mem[X,0x80027E44] -> 0x1063
mem[X,0x80027E46] -> 0x10B5
[4166] [M]: 0x80027E44 (0x10B51063) bne a0, a1, 256


mem[X,0x80027E48] -> 0x0213
mem[X,0x80027E4A] -> 0x0022
[4167] [M]: 0x80027E48 (0x00220213) addi tp, tp, 2
x4 <- 0x00000002


mem[X,0x80027E4C] -> 0x006F
mem[X,0x80027E4E] -> 0x1000
[4168] [M]: 0x80027E4C (0x1000006F) jal zero, 256


mem[X,0x80027F4C] -> 0xA423
mem[X,0x80027F4E] -> 0x6840
[4169] [M]: 0x80027F4C (0x6840A423) sw tp, 1672(ra)
mem[0x8003A7F0] <- 0x00000002


mem[X,0x80027F50] -> 0x0513
mem[X,0x80027F52] -> 0x0000
[4170] [M]: 0x80027F50 (0x00000513) addi a0, zero, 0
x10 <- 0x00000000


mem[X,0x80027F54] -> 0x0593
mem[X,0x80027F56] -> 0x0020
[4171] [M]: 0x80027F54 (0x00200593) addi a1, zero, 2
x11 <- 0x00000002


mem[X,0x80027F58] -> 0x0213
mem[X,0x80027F5A] -> 0x0000
[4172] [M]: 0x80027F58 (0x00000213) addi tp, zero, 0
x4 <- 0x00000000


mem[X,0x80027F5C] -> 0x006F
mem[X,0x80027F5E] -> 0x00C0
[4173] [M]: 0x80027F5C (0x00C0006F) jal zero, 12


mem[X,0x80027F68] -> 0x1663
mem[X,0x80027F6A] -> 0x00B5
[4174] [M]: 0x80027F68 (0x00B51663) bne a0, a1, 12


mem[X,0x80027F74] -> 0x0213
mem[X,0x80027F76] -> 0x0032
[4175] [M]: 0x80027F74 (0x00320213) addi tp, tp, 3
x4 <- 0x00000003


mem[X,0x80027F78] -> 0x006F
mem[X,0x80027F7A] -> 0x0040
[4176] [M]: 0x80027F78 (0x0040006F) jal zero, 4


mem[X,0x80027F7C] -> 0xA623
mem[X,0x80027F7E] -> 0x6840
[4177] [M]: 0x80027F7C (0x6840A623) sw tp, 1676(ra)
mem[0x8003A7F4] <- 0x00000003


mem[X,0x80027F80] -> 0x0513
mem[X,0x80027F82] -> 0x0000
[4178] [M]: 0x80027F80 (0x00000513) addi a0, zero, 0
x10 <- 0x00000000


mem[X,0x80027F84] -> 0x55B7
mem[X,0x80027F86] -> 0x5555
[4179] [M]: 0x80027F84 (0x555555B7) lui a1, 349525
x11 <- 0x55555000


mem[X,0x80027F88] -> 0x8593
mem[X,0x80027F8A] -> 0x5545
[4180] [M]: 0x80027F88 (0x55458593) addi a1, a1, 1364
x11 <- 0x55555554


mem[X,0x80027F8C] -> 0x0213
mem[X,0x80027F8E] -> 0x0000
[4181] [M]: 0x80027F8C (0x00000213) addi tp, zero, 0
x4 <- 0x00000000


mem[X,0x80027F90] -> 0x006F
mem[X,0x80027F92] -> 0x00C0
[4182] [M]: 0x80027F90 (0x00C0006F) jal zero, 12


mem[X,0x80027F9C] -> 0x1063
mem[X,0x80027F9E] -> 0x02B5
[4183] [M]: 0x80027F9C (0x02B51063) bne a0, a1, 32


mem[X,0x80027FBC] -> 0x0213
mem[X,0x80027FBE] -> 0x0032
[4184] [M]: 0x80027FBC (0x00320213) addi tp, tp, 3
x4 <- 0x00000003


mem[X,0x80027FC0] -> 0x006F
mem[X,0x80027FC2] -> 0x0040
[4185] [M]: 0x80027FC0 (0x0040006F) jal zero, 4


mem[X,0x80027FC4] -> 0xA823
mem[X,0x80027FC6] -> 0x6840
[4186] [M]: 0x80027FC4 (0x6840A823) sw tp, 1680(ra)
mem[0x8003A7F8] <- 0x00000003


mem[X,0x80027FC8] -> 0x0513
mem[X,0x80027FCA] -> 0x0000
[4187] [M]: 0x80027FC8 (0x00000513) addi a0, zero, 0
x10 <- 0x00000000


mem[X,0x80027FCC] -> 0x0593
mem[X,0x80027FCE] -> 0x0000
[4188] [M]: 0x80027FCC (0x00000593) addi a1, zero, 0
x11 <- 0x00000000


mem[X,0x80027FD0] -> 0x0213
mem[X,0x80027FD2] -> 0x0000
[4189] [M]: 0x80027FD0 (0x00000213) addi tp, zero, 0
x4 <- 0x00000000


mem[X,0x80027FD4] -> 0x006F
mem[X,0x80027FD6] -> 0x00C0
[4190] [M]: 0x80027FD4 (0x00C0006F) jal zero, 12


mem[X,0x80027FE0] -> 0x1063
mem[X,0x80027FE2] -> 0x10B5
[4191] [M]: 0x80027FE0 (0x10B51063) bne a0, a1, 256


mem[X,0x80027FE4] -> 0x0213
mem[X,0x80027FE6] -> 0x0022
[4192] [M]: 0x80027FE4 (0x00220213) addi tp, tp, 2
x4 <- 0x00000002


mem[X,0x80027FE8] -> 0x006F
mem[X,0x80027FEA] -> 0x1000
[4193] [M]: 0x80027FE8 (0x1000006F) jal zero, 256


mem[X,0x800280E8] -> 0xAA23
mem[X,0x800280EA] -> 0x6840
[4194] [M]: 0x800280E8 (0x6840AA23) sw tp, 1684(ra)
mem[0x8003A7FC] <- 0x00000002


mem[X,0x800280EC] -> 0x0513
mem[X,0x800280EE] -> 0x0000
[4195] [M]: 0x800280EC (0x00000513) addi a0, zero, 0
x10 <- 0x00000000


mem[X,0x800280F0] -> 0x0593
mem[X,0x800280F2] -> 0x0040
[4196] [M]: 0x800280F0 (0x00400593) addi a1, zero, 4
x11 <- 0x00000004


mem[X,0x800280F4] -> 0x0213
mem[X,0x800280F6] -> 0x0000
[4197] [M]: 0x800280F4 (0x00000213) addi tp, zero, 0
x4 <- 0x00000000


mem[X,0x800280F8] -> 0x006F
mem[X,0x800280FA] -> 0x00C0
[4198] [M]: 0x800280F8 (0x00C0006F) jal zero, 12


mem[X,0x80028104] -> 0x1CE3
mem[X,0x80028106] -> 0xFEB5
[4199] [M]: 0x80028104 (0xFEB51CE3) bne a0, a1, 8184


clint::tick mtime <- 0x000000000000002A
 clint timer pending at mtime 0x000000000000002A
htif::tick 0x0000000000000000
mem[X,0x800280FC] -> 0x0213
mem[X,0x800280FE] -> 0x0012
[4200] [M]: 0x800280FC (0x00120213) addi tp, tp, 1
x4 <- 0x00000001


mem[X,0x80028100] -> 0x006F
mem[X,0x80028102] -> 0x0180
[4201] [M]: 0x80028100 (0x0180006F) jal zero, 24


mem[X,0x80028118] -> 0xAC23
mem[X,0x8002811A] -> 0x6840
[4202] [M]: 0x80028118 (0x6840AC23) sw tp, 1688(ra)
mem[0x8003A800] <- 0x00000001


mem[X,0x8002811C] -> 0x0513
mem[X,0x8002811E] -> 0x0000
[4203] [M]: 0x8002811C (0x00000513) addi a0, zero, 0
x10 <- 0x00000000


mem[X,0x80028120] -> 0x35B7
mem[X,0x80028122] -> 0x3333
[4204] [M]: 0x80028120 (0x333335B7) lui a1, 209715
x11 <- 0x33333000


mem[X,0x80028124] -> 0x8593
mem[X,0x80028126] -> 0x3325
[4205] [M]: 0x80028124 (0x33258593) addi a1, a1, 818
x11 <- 0x33333332


mem[X,0x80028128] -> 0x0213
mem[X,0x8002812A] -> 0x0000
[4206] [M]: 0x80028128 (0x00000213) addi tp, zero, 0
x4 <- 0x00000000


mem[X,0x8002812C] -> 0x006F
mem[X,0x8002812E] -> 0x00C0
[4207] [M]: 0x8002812C (0x00C0006F) jal zero, 12


mem[X,0x80028138] -> 0x1663
mem[X,0x8002813A] -> 0x00B5
[4208] [M]: 0x80028138 (0x00B51663) bne a0, a1, 12


mem[X,0x80028144] -> 0x0213
mem[X,0x80028146] -> 0x0032
[4209] [M]: 0x80028144 (0x00320213) addi tp, tp, 3
x4 <- 0x00000003


mem[X,0x80028148] -> 0x006F
mem[X,0x8002814A] -> 0x0040
[4210] [M]: 0x80028148 (0x0040006F) jal zero, 4


mem[X,0x8002814C] -> 0xAE23
mem[X,0x8002814E] -> 0x6840
[4211] [M]: 0x8002814C (0x6840AE23) sw tp, 1692(ra)
mem[0x8003A804] <- 0x00000003


mem[X,0x80028150] -> 0x0513
mem[X,0x80028152] -> 0x0000
[4212] [M]: 0x80028150 (0x00000513) addi a0, zero, 0
x10 <- 0x00000000


mem[X,0x80028154] -> 0x65B7
mem[X,0x80028156] -> 0x6666
[4213] [M]: 0x80028154 (0x666665B7) lui a1, 419430
x11 <- 0x66666000


mem[X,0x80028158] -> 0x8593
mem[X,0x8002815A] -> 0x6655
[4214] [M]: 0x80028158 (0x66558593) addi a1, a1, 1637
x11 <- 0x66666665


mem[X,0x8002815C] -> 0x0213
mem[X,0x8002815E] -> 0x0000
[4215] [M]: 0x8002815C (0x00000213) addi tp, zero, 0
x4 <- 0x00000000


mem[X,0x80028160] -> 0x006F
mem[X,0x80028162] -> 0x00C0
[4216] [M]: 0x80028160 (0x00C0006F) jal zero, 12


mem[X,0x8002816C] -> 0x1CE3
mem[X,0x8002816E] -> 0xFEB5
[4217] [M]: 0x8002816C (0xFEB51CE3) bne a0, a1, 8184


mem[X,0x80028164] -> 0x0213
mem[X,0x80028166] -> 0x0012
[4218] [M]: 0x80028164 (0x00120213) addi tp, tp, 1
x4 <- 0x00000001


mem[X,0x80028168] -> 0x006F
mem[X,0x8002816A] -> 0x0180
[4219] [M]: 0x80028168 (0x0180006F) jal zero, 24


mem[X,0x80028180] -> 0xA023
mem[X,0x80028182] -> 0x6A40
[4220] [M]: 0x80028180 (0x6A40A023) sw tp, 1696(ra)
mem[0x8003A808] <- 0x00000001


mem[X,0x80028184] -> 0x0513
mem[X,0x80028186] -> 0x0000
[4221] [M]: 0x80028184 (0x00000513) addi a0, zero, 0
x10 <- 0x00000000


mem[X,0x80028188] -> 0xB5B7
mem[X,0x8002818A] -> 0x0000
[4222] [M]: 0x80028188 (0x0000B5B7) lui a1, 11
x11 <- 0x0000B000


mem[X,0x8002818C] -> 0x8593
mem[X,0x8002818E] -> 0x5035
[4223] [M]: 0x8002818C (0x50358593) addi a1, a1, 1283
x11 <- 0x0000B503


mem[X,0x80028190] -> 0x0213
mem[X,0x80028192] -> 0x0000
[4224] [M]: 0x80028190 (0x00000213) addi tp, zero, 0
x4 <- 0x00000000


mem[X,0x80028194] -> 0x006F
mem[X,0x80028196] -> 0x00C0
[4225] [M]: 0x80028194 (0x00C0006F) jal zero, 12


mem[X,0x800281A0] -> 0x1CE3
mem[X,0x800281A2] -> 0xFEB5
[4226] [M]: 0x800281A0 (0xFEB51CE3) bne a0, a1, 8184


mem[X,0x80028198] -> 0x0213
mem[X,0x8002819A] -> 0x0012
[4227] [M]: 0x80028198 (0x00120213) addi tp, tp, 1
x4 <- 0x00000001


mem[X,0x8002819C] -> 0x006F
mem[X,0x8002819E] -> 0x0180
[4228] [M]: 0x8002819C (0x0180006F) jal zero, 24


mem[X,0x800281B4] -> 0xA223
mem[X,0x800281B6] -> 0x6A40
[4229] [M]: 0x800281B4 (0x6A40A223) sw tp, 1700(ra)
mem[0x8003A80C] <- 0x00000001


mem[X,0x800281B8] -> 0x0513
mem[X,0x800281BA] -> 0x0000
[4230] [M]: 0x800281B8 (0x00000513) addi a0, zero, 0
x10 <- 0x00000000


mem[X,0x800281BC] -> 0x55B7
mem[X,0x800281BE] -> 0x5555
[4231] [M]: 0x800281BC (0x555555B7) lui a1, 349525
x11 <- 0x55555000


mem[X,0x800281C0] -> 0x8593
mem[X,0x800281C2] -> 0x5565
[4232] [M]: 0x800281C0 (0x55658593) addi a1, a1, 1366
x11 <- 0x55555556


mem[X,0x800281C4] -> 0x0213
mem[X,0x800281C6] -> 0x0000
[4233] [M]: 0x800281C4 (0x00000213) addi tp, zero, 0
x4 <- 0x00000000


mem[X,0x800281C8] -> 0x006F
mem[X,0x800281CA] -> 0x00C0
[4234] [M]: 0x800281C8 (0x00C0006F) jal zero, 12


mem[X,0x800281D4] -> 0x1CE3
mem[X,0x800281D6] -> 0xFEB5
[4235] [M]: 0x800281D4 (0xFEB51CE3) bne a0, a1, 8184


mem[X,0x800281CC] -> 0x0213
mem[X,0x800281CE] -> 0x0012
[4236] [M]: 0x800281CC (0x00120213) addi tp, tp, 1
x4 <- 0x00000001


mem[X,0x800281D0] -> 0x006F
mem[X,0x800281D2] -> 0x0180
[4237] [M]: 0x800281D0 (0x0180006F) jal zero, 24


mem[X,0x800281E8] -> 0xA423
mem[X,0x800281EA] -> 0x6A40
[4238] [M]: 0x800281E8 (0x6A40A423) sw tp, 1704(ra)
mem[0x8003A810] <- 0x00000001


mem[X,0x800281EC] -> 0x0513
mem[X,0x800281EE] -> 0x0000
[4239] [M]: 0x800281EC (0x00000513) addi a0, zero, 0
x10 <- 0x00000000


mem[X,0x800281F0] -> 0xB5B7
mem[X,0x800281F2] -> 0xAAAA
[4240] [M]: 0x800281F0 (0xAAAAB5B7) lui a1, 699051
x11 <- 0xAAAAB000


mem[X,0x800281F4] -> 0x8593
mem[X,0x800281F6] -> 0xAAB5
[4241] [M]: 0x800281F4 (0xAAB58593) addi a1, a1, 2731
x11 <- 0xAAAAAAAB


mem[X,0x800281F8] -> 0x0213
mem[X,0x800281FA] -> 0x0000
[4242] [M]: 0x800281F8 (0x00000213) addi tp, zero, 0
x4 <- 0x00000000


mem[X,0x800281FC] -> 0x006F
mem[X,0x800281FE] -> 0x00C0
[4243] [M]: 0x800281FC (0x00C0006F) jal zero, 12


mem[X,0x80028208] -> 0x1CE3
mem[X,0x8002820A] -> 0xFEB5
[4244] [M]: 0x80028208 (0xFEB51CE3) bne a0, a1, 8184


mem[X,0x80028200] -> 0x0213
mem[X,0x80028202] -> 0x0012
[4245] [M]: 0x80028200 (0x00120213) addi tp, tp, 1
x4 <- 0x00000001


mem[X,0x80028204] -> 0x006F
mem[X,0x80028206] -> 0x0180
[4246] [M]: 0x80028204 (0x0180006F) jal zero, 24


mem[X,0x8002821C] -> 0xA623
mem[X,0x8002821E] -> 0x6A40
[4247] [M]: 0x8002821C (0x6A40A623) sw tp, 1708(ra)
mem[0x8003A814] <- 0x00000001


mem[X,0x80028220] -> 0x0513
mem[X,0x80028222] -> 0x0000
[4248] [M]: 0x80028220 (0x00000513) addi a0, zero, 0
x10 <- 0x00000000


mem[X,0x80028224] -> 0x0593
mem[X,0x80028226] -> 0x0060
[4249] [M]: 0x80028224 (0x00600593) addi a1, zero, 6
x11 <- 0x00000006


mem[X,0x80028228] -> 0x0213
mem[X,0x8002822A] -> 0x0000
[4250] [M]: 0x80028228 (0x00000213) addi tp, zero, 0
x4 <- 0x00000000


mem[X,0x8002822C] -> 0x006F
mem[X,0x8002822E] -> 0x00C0
[4251] [M]: 0x8002822C (0x00C0006F) jal zero, 12


mem[X,0x80028238] -> 0x1663
mem[X,0x8002823A] -> 0x00B5
[4252] [M]: 0x80028238 (0x00B51663) bne a0, a1, 12


mem[X,0x80028244] -> 0x0213
mem[X,0x80028246] -> 0x0032
[4253] [M]: 0x80028244 (0x00320213) addi tp, tp, 3
x4 <- 0x00000003


mem[X,0x80028248] -> 0x006F
mem[X,0x8002824A] -> 0x0040
[4254] [M]: 0x80028248 (0x0040006F) jal zero, 4


mem[X,0x8002824C] -> 0xA823
mem[X,0x8002824E] -> 0x6A40
[4255] [M]: 0x8002824C (0x6A40A823) sw tp, 1712(ra)
mem[0x8003A818] <- 0x00000003


mem[X,0x80028250] -> 0x0513
mem[X,0x80028252] -> 0x0000
[4256] [M]: 0x80028250 (0x00000513) addi a0, zero, 0
x10 <- 0x00000000


mem[X,0x80028254] -> 0x35B7
mem[X,0x80028256] -> 0x3333
[4257] [M]: 0x80028254 (0x333335B7) lui a1, 209715
x11 <- 0x33333000


mem[X,0x80028258] -> 0x8593
mem[X,0x8002825A] -> 0x3345
[4258] [M]: 0x80028258 (0x33458593) addi a1, a1, 820
x11 <- 0x33333334


mem[X,0x8002825C] -> 0x0213
mem[X,0x8002825E] -> 0x0000
[4259] [M]: 0x8002825C (0x00000213) addi tp, zero, 0
x4 <- 0x00000000


mem[X,0x80028260] -> 0x006F
mem[X,0x80028262] -> 0x00C0
[4260] [M]: 0x80028260 (0x00C0006F) jal zero, 12


mem[X,0x8002826C] -> 0x1CE3
mem[X,0x8002826E] -> 0xFEB5
[4261] [M]: 0x8002826C (0xFEB51CE3) bne a0, a1, 8184


mem[X,0x80028264] -> 0x0213
mem[X,0x80028266] -> 0x0012
[4262] [M]: 0x80028264 (0x00120213) addi tp, tp, 1
x4 <- 0x00000001


mem[X,0x80028268] -> 0x006F
mem[X,0x8002826A] -> 0x0180
[4263] [M]: 0x80028268 (0x0180006F) jal zero, 24


mem[X,0x80028280] -> 0xAA23
mem[X,0x80028282] -> 0x6A40
[4264] [M]: 0x80028280 (0x6A40AA23) sw tp, 1716(ra)
mem[0x8003A81C] <- 0x00000001


mem[X,0x80028284] -> 0x0513
mem[X,0x80028286] -> 0x0000
[4265] [M]: 0x80028284 (0x00000513) addi a0, zero, 0
x10 <- 0x00000000


mem[X,0x80028288] -> 0x65B7
mem[X,0x8002828A] -> 0x6666
[4266] [M]: 0x80028288 (0x666665B7) lui a1, 419430
x11 <- 0x66666000


mem[X,0x8002828C] -> 0x8593
mem[X,0x8002828E] -> 0x6675
[4267] [M]: 0x8002828C (0x66758593) addi a1, a1, 1639
x11 <- 0x66666667


mem[X,0x80028290] -> 0x0213
mem[X,0x80028292] -> 0x0000
[4268] [M]: 0x80028290 (0x00000213) addi tp, zero, 0
x4 <- 0x00000000


mem[X,0x80028294] -> 0x006F
mem[X,0x80028296] -> 0x2B10
[4269] [M]: 0x80028294 (0x2B10006F) jal zero, 2736


mem[X,0x80028D44] -> 0x1A63
mem[X,0x80028D46] -> 0xD4B5
[4270] [M]: 0x80028D44 (0xD4B51A63) bne a0, a1, 5460


mem[X,0x80028298] -> 0x0213
mem[X,0x8002829A] -> 0x0012
[4271] [M]: 0x80028298 (0x00120213) addi tp, tp, 1
x4 <- 0x00000001


mem[X,0x8002829C] -> 0x006F
mem[X,0x8002829E] -> 0x2BD0
[4272] [M]: 0x8002829C (0x2BD0006F) jal zero, 2748


mem[X,0x80028D58] -> 0xAC23
mem[X,0x80028D5A] -> 0x6A40
[4273] [M]: 0x80028D58 (0x6A40AC23) sw tp, 1720(ra)
mem[0x8003A820] <- 0x00000001


mem[X,0x80028D5C] -> 0x0513
mem[X,0x80028D5E] -> 0x0000
[4274] [M]: 0x80028D5C (0x00000513) addi a0, zero, 0
x10 <- 0x00000000


mem[X,0x80028D60] -> 0x55B7
mem[X,0x80028D62] -> 0xFFFF
[4275] [M]: 0x80028D60 (0xFFFF55B7) lui a1, 1048565
x11 <- 0xFFFF5000


mem[X,0x80028D64] -> 0x8593
mem[X,0x80028D66] -> 0xAFD5
[4276] [M]: 0x80028D64 (0xAFD58593) addi a1, a1, 2813
x11 <- 0xFFFF4AFD


mem[X,0x80028D68] -> 0x0213
mem[X,0x80028D6A] -> 0x0000
[4277] [M]: 0x80028D68 (0x00000213) addi tp, zero, 0
x4 <- 0x00000000


mem[X,0x80028D6C] -> 0x006F
mem[X,0x80028D6E] -> 0x00C0
[4278] [M]: 0x80028D6C (0x00C0006F) jal zero, 12


mem[X,0x80028D78] -> 0x1063
mem[X,0x80028D7A] -> 0x02B5
[4279] [M]: 0x80028D78 (0x02B51063) bne a0, a1, 32


mem[X,0x80028D98] -> 0x0213
mem[X,0x80028D9A] -> 0x0032
[4280] [M]: 0x80028D98 (0x00320213) addi tp, tp, 3
x4 <- 0x00000003


mem[X,0x80028D9C] -> 0x006F
mem[X,0x80028D9E] -> 0x0040
[4281] [M]: 0x80028D9C (0x0040006F) jal zero, 4


mem[X,0x80028DA0] -> 0xAE23
mem[X,0x80028DA2] -> 0x6A40
[4282] [M]: 0x80028DA0 (0x6A40AE23) sw tp, 1724(ra)
mem[0x8003A824] <- 0x00000003


mem[X,0x80028DA4] -> 0x0513
mem[X,0x80028DA6] -> 0x0000
[4283] [M]: 0x80028DA4 (0x00000513) addi a0, zero, 0
x10 <- 0x00000000


mem[X,0x80028DA8] -> 0xB5B7
mem[X,0x80028DAA] -> 0x0000
[4284] [M]: 0x80028DA8 (0x0000B5B7) lui a1, 11
x11 <- 0x0000B000


mem[X,0x80028DAC] -> 0x8593
mem[X,0x80028DAE] -> 0x5055
[4285] [M]: 0x80028DAC (0x50558593) addi a1, a1, 1285
x11 <- 0x0000B505


mem[X,0x80028DB0] -> 0x0213
mem[X,0x80028DB2] -> 0x0000
[4286] [M]: 0x80028DB0 (0x00000213) addi tp, zero, 0
x4 <- 0x00000000


mem[X,0x80028DB4] -> 0x006F
mem[X,0x80028DB6] -> 0x0050
[4287] [M]: 0x80028DB4 (0x0050006F) jal zero, 2052


mem[X,0x800295B8] -> 0x10E3
mem[X,0x800295BA] -> 0x80B5
[4288] [M]: 0x800295B8 (0x80B510E3) bne a0, a1, 6144


mem[X,0x80028DB8] -> 0x0213
mem[X,0x80028DBA] -> 0x0012
[4289] [M]: 0x80028DB8 (0x00120213) addi tp, tp, 1
x4 <- 0x00000001


mem[X,0x80028DBC] -> 0x006F
mem[X,0x80028DBE] -> 0x0110
[4290] [M]: 0x80028DBC (0x0110006F) jal zero, 2064


mem[X,0x800295CC] -> 0xA023
mem[X,0x800295CE] -> 0x6C40
[4291] [M]: 0x800295CC (0x6C40A023) sw tp, 1728(ra)
mem[0x8003A828] <- 0x00000001


mem[X,0x800295D0] -> 0x0513
mem[X,0x800295D2] -> 0x0040
[4292] [M]: 0x800295D0 (0x00400513) addi a0, zero, 4
x10 <- 0x00000004


mem[X,0x800295D4] -> 0x0593
mem[X,0x800295D6] -> 0x0030
[4293] [M]: 0x800295D4 (0x00300593) addi a1, zero, 3
x11 <- 0x00000003


mem[X,0x800295D8] -> 0x0213
mem[X,0x800295DA] -> 0x0000
[4294] [M]: 0x800295D8 (0x00000213) addi tp, zero, 0
x4 <- 0x00000000


mem[X,0x800295DC] -> 0x006F
mem[X,0x800295DE] -> 0x00C0
[4295] [M]: 0x800295DC (0x00C0006F) jal zero, 12


mem[X,0x800295E8] -> 0x1063
mem[X,0x800295EA] -> 0x04B5
[4296] [M]: 0x800295E8 (0x04B51063) bne a0, a1, 64


mem[X,0x80029628] -> 0x0213
mem[X,0x8002962A] -> 0x0032
[4297] [M]: 0x80029628 (0x00320213) addi tp, tp, 3
x4 <- 0x00000003


mem[X,0x8002962C] -> 0x006F
mem[X,0x8002962E] -> 0x0040
[4298] [M]: 0x8002962C (0x0040006F) jal zero, 4


mem[X,0x80029630] -> 0xA223
mem[X,0x80029632] -> 0x6C40
[4299] [M]: 0x80029630 (0x6C40A223) sw tp, 1732(ra)
mem[0x8003A82C] <- 0x00000003


clint::tick mtime <- 0x000000000000002B
 clint timer pending at mtime 0x000000000000002B
htif::tick 0x0000000000000000
mem[X,0x80029634] -> 0x0513
mem[X,0x80029636] -> 0x0040
[4300] [M]: 0x80029634 (0x00400513) addi a0, zero, 4
x10 <- 0x00000004


mem[X,0x80029638] -> 0x55B7
mem[X,0x8002963A] -> 0x5555
[4301] [M]: 0x80029638 (0x555555B7) lui a1, 349525
x11 <- 0x55555000


mem[X,0x8002963C] -> 0x8593
mem[X,0x8002963E] -> 0x5555
[4302] [M]: 0x8002963C (0x55558593) addi a1, a1, 1365
x11 <- 0x55555555


mem[X,0x80029640] -> 0x0213
mem[X,0x80029642] -> 0x0000
[4303] [M]: 0x80029640 (0x00000213) addi tp, zero, 0
x4 <- 0x00000000


mem[X,0x80029644] -> 0x006F
mem[X,0x80029646] -> 0x00C0
[4304] [M]: 0x80029644 (0x00C0006F) jal zero, 12


mem[X,0x80029650] -> 0x1063
mem[X,0x80029652] -> 0x20B5
[4305] [M]: 0x80029650 (0x20B51063) bne a0, a1, 512


mem[X,0x80029850] -> 0x0213
mem[X,0x80029852] -> 0x0032
[4306] [M]: 0x80029850 (0x00320213) addi tp, tp, 3
x4 <- 0x00000003


mem[X,0x80029854] -> 0x006F
mem[X,0x80029856] -> 0x0040
[4307] [M]: 0x80029854 (0x0040006F) jal zero, 4


mem[X,0x80029858] -> 0xA423
mem[X,0x8002985A] -> 0x6C40
[4308] [M]: 0x80029858 (0x6C40A423) sw tp, 1736(ra)
mem[0x8003A830] <- 0x00000003


mem[X,0x8002985C] -> 0x0513
mem[X,0x8002985E] -> 0x0040
[4309] [M]: 0x8002985C (0x00400513) addi a0, zero, 4
x10 <- 0x00000004


mem[X,0x80029860] -> 0xB5B7
mem[X,0x80029862] -> 0xAAAA
[4310] [M]: 0x80029860 (0xAAAAB5B7) lui a1, 699051
x11 <- 0xAAAAB000


mem[X,0x80029864] -> 0x8593
mem[X,0x80029866] -> 0xAAA5
[4311] [M]: 0x80029864 (0xAAA58593) addi a1, a1, 2730
x11 <- 0xAAAAAAAA


mem[X,0x80029868] -> 0x0213
mem[X,0x8002986A] -> 0x0000
[4312] [M]: 0x80029868 (0x00000213) addi tp, zero, 0
x4 <- 0x00000000


mem[X,0x8002986C] -> 0x006F
mem[X,0x8002986E] -> 0x00C0
[4313] [M]: 0x8002986C (0x00C0006F) jal zero, 12


mem[X,0x80029878] -> 0x1063
mem[X,0x8002987A] -> 0x20B5
[4314] [M]: 0x80029878 (0x20B51063) bne a0, a1, 512


mem[X,0x80029A78] -> 0x0213
mem[X,0x80029A7A] -> 0x0032
[4315] [M]: 0x80029A78 (0x00320213) addi tp, tp, 3
x4 <- 0x00000003


mem[X,0x80029A7C] -> 0x006F
mem[X,0x80029A7E] -> 0x0040
[4316] [M]: 0x80029A7C (0x0040006F) jal zero, 4


mem[X,0x80029A80] -> 0xA623
mem[X,0x80029A82] -> 0x6C40
[4317] [M]: 0x80029A80 (0x6C40A623) sw tp, 1740(ra)
mem[0x8003A834] <- 0x00000003


mem[X,0x80029A84] -> 0x0513
mem[X,0x80029A86] -> 0x0040
[4318] [M]: 0x80029A84 (0x00400513) addi a0, zero, 4
x10 <- 0x00000004


mem[X,0x80029A88] -> 0x0593
mem[X,0x80029A8A] -> 0x0050
[4319] [M]: 0x80029A88 (0x00500593) addi a1, zero, 5
x11 <- 0x00000005


mem[X,0x80029A8C] -> 0x0213
mem[X,0x80029A8E] -> 0x0000
[4320] [M]: 0x80029A8C (0x00000213) addi tp, zero, 0
x4 <- 0x00000000


mem[X,0x80029A90] -> 0x006F
mem[X,0x80029A92] -> 0x00C0
[4321] [M]: 0x80029A90 (0x00C0006F) jal zero, 12


mem[X,0x80029A9C] -> 0x1063
mem[X,0x80029A9E] -> 0x02B5
[4322] [M]: 0x80029A9C (0x02B51063) bne a0, a1, 32


mem[X,0x80029ABC] -> 0x0213
mem[X,0x80029ABE] -> 0x0032
[4323] [M]: 0x80029ABC (0x00320213) addi tp, tp, 3
x4 <- 0x00000003


mem[X,0x80029AC0] -> 0x006F
mem[X,0x80029AC2] -> 0x0040
[4324] [M]: 0x80029AC0 (0x0040006F) jal zero, 4


mem[X,0x80029AC4] -> 0xA823
mem[X,0x80029AC6] -> 0x6C40
[4325] [M]: 0x80029AC4 (0x6C40A823) sw tp, 1744(ra)
mem[0x8003A838] <- 0x00000003


mem[X,0x80029AC8] -> 0x0513
mem[X,0x80029ACA] -> 0x0040
[4326] [M]: 0x80029AC8 (0x00400513) addi a0, zero, 4
x10 <- 0x00000004


mem[X,0x80029ACC] -> 0x35B7
mem[X,0x80029ACE] -> 0x3333
[4327] [M]: 0x80029ACC (0x333335B7) lui a1, 209715
x11 <- 0x33333000


mem[X,0x80029AD0] -> 0x8593
mem[X,0x80029AD2] -> 0x3335
[4328] [M]: 0x80029AD0 (0x33358593) addi a1, a1, 819
x11 <- 0x33333333


mem[X,0x80029AD4] -> 0x0213
mem[X,0x80029AD6] -> 0x0000
[4329] [M]: 0x80029AD4 (0x00000213) addi tp, zero, 0
x4 <- 0x00000000


mem[X,0x80029AD8] -> 0x006F
mem[X,0x80029ADA] -> 0x00C0
[4330] [M]: 0x80029AD8 (0x00C0006F) jal zero, 12


mem[X,0x80029AE4] -> 0x1CE3
mem[X,0x80029AE6] -> 0xFEB5
[4331] [M]: 0x80029AE4 (0xFEB51CE3) bne a0, a1, 8184


mem[X,0x80029ADC] -> 0x0213
mem[X,0x80029ADE] -> 0x0012
[4332] [M]: 0x80029ADC (0x00120213) addi tp, tp, 1
x4 <- 0x00000001


mem[X,0x80029AE0] -> 0x006F
mem[X,0x80029AE2] -> 0x0180
[4333] [M]: 0x80029AE0 (0x0180006F) jal zero, 24


mem[X,0x80029AF8] -> 0xAA23
mem[X,0x80029AFA] -> 0x6C40
[4334] [M]: 0x80029AF8 (0x6C40AA23) sw tp, 1748(ra)
mem[0x8003A83C] <- 0x00000001


mem[X,0x80029AFC] -> 0x0513
mem[X,0x80029AFE] -> 0x0040
[4335] [M]: 0x80029AFC (0x00400513) addi a0, zero, 4
x10 <- 0x00000004


mem[X,0x80029B00] -> 0x65B7
mem[X,0x80029B02] -> 0x6666
[4336] [M]: 0x80029B00 (0x666665B7) lui a1, 419430
x11 <- 0x66666000


mem[X,0x80029B04] -> 0x8593
mem[X,0x80029B06] -> 0x6665
[4337] [M]: 0x80029B04 (0x66658593) addi a1, a1, 1638
x11 <- 0x66666666


mem[X,0x80029B08] -> 0x0213
mem[X,0x80029B0A] -> 0x0000
[4338] [M]: 0x80029B08 (0x00000213) addi tp, zero, 0
x4 <- 0x00000000


mem[X,0x80029B0C] -> 0x006F
mem[X,0x80029B0E] -> 0x00C0
[4339] [M]: 0x80029B0C (0x00C0006F) jal zero, 12


mem[X,0x80029B18] -> 0x1663
mem[X,0x80029B1A] -> 0x00B5
[4340] [M]: 0x80029B18 (0x00B51663) bne a0, a1, 12


mem[X,0x80029B24] -> 0x0213
mem[X,0x80029B26] -> 0x0032
[4341] [M]: 0x80029B24 (0x00320213) addi tp, tp, 3
x4 <- 0x00000003


mem[X,0x80029B28] -> 0x006F
mem[X,0x80029B2A] -> 0x0040
[4342] [M]: 0x80029B28 (0x0040006F) jal zero, 4


mem[X,0x80029B2C] -> 0xAC23
mem[X,0x80029B2E] -> 0x6C40
[4343] [M]: 0x80029B2C (0x6C40AC23) sw tp, 1752(ra)
mem[0x8003A840] <- 0x00000003


mem[X,0x80029B30] -> 0x0513
mem[X,0x80029B32] -> 0x0040
[4344] [M]: 0x80029B30 (0x00400513) addi a0, zero, 4
x10 <- 0x00000004


mem[X,0x80029B34] -> 0x55B7
mem[X,0x80029B36] -> 0xFFFF
[4345] [M]: 0x80029B34 (0xFFFF55B7) lui a1, 1048565
x11 <- 0xFFFF5000


mem[X,0x80029B38] -> 0x8593
mem[X,0x80029B3A] -> 0xAFC5
[4346] [M]: 0x80029B38 (0xAFC58593) addi a1, a1, 2812
x11 <- 0xFFFF4AFC


mem[X,0x80029B3C] -> 0x0213
mem[X,0x80029B3E] -> 0x0000
[4347] [M]: 0x80029B3C (0x00000213) addi tp, zero, 0
x4 <- 0x00000000


mem[X,0x80029B40] -> 0x006F
mem[X,0x80029B42] -> 0x0180
[4348] [M]: 0x80029B40 (0x0180006F) jal zero, 24


mem[X,0x80029B58] -> 0x16E3
mem[X,0x80029B5A] -> 0xFEB5
[4349] [M]: 0x80029B58 (0xFEB516E3) bne a0, a1, 8172


mem[X,0x80029B44] -> 0x0213
mem[X,0x80029B46] -> 0x0012
[4350] [M]: 0x80029B44 (0x00120213) addi tp, tp, 1
x4 <- 0x00000001


mem[X,0x80029B48] -> 0x006F
mem[X,0x80029B4A] -> 0x0240
[4351] [M]: 0x80029B48 (0x0240006F) jal zero, 36


mem[X,0x80029B6C] -> 0xAE23
mem[X,0x80029B6E] -> 0x6C40
[4352] [M]: 0x80029B6C (0x6C40AE23) sw tp, 1756(ra)
mem[0x8003A844] <- 0x00000001


mem[X,0x80029B70] -> 0x0513
mem[X,0x80029B72] -> 0x0040
[4353] [M]: 0x80029B70 (0x00400513) addi a0, zero, 4
x10 <- 0x00000004


mem[X,0x80029B74] -> 0xB5B7
mem[X,0x80029B76] -> 0x0000
[4354] [M]: 0x80029B74 (0x0000B5B7) lui a1, 11
x11 <- 0x0000B000


mem[X,0x80029B78] -> 0x8593
mem[X,0x80029B7A] -> 0x5045
[4355] [M]: 0x80029B78 (0x50458593) addi a1, a1, 1284
x11 <- 0x0000B504


mem[X,0x80029B7C] -> 0x0213
mem[X,0x80029B7E] -> 0x0000
[4356] [M]: 0x80029B7C (0x00000213) addi tp, zero, 0
x4 <- 0x00000000


mem[X,0x80029B80] -> 0x006F
mem[X,0x80029B82] -> 0x00C0
[4357] [M]: 0x80029B80 (0x00C0006F) jal zero, 12


mem[X,0x80029B8C] -> 0x1063
mem[X,0x80029B8E] -> 0x02B5
[4358] [M]: 0x80029B8C (0x02B51063) bne a0, a1, 32


mem[X,0x80029BAC] -> 0x0213
mem[X,0x80029BAE] -> 0x0032
[4359] [M]: 0x80029BAC (0x00320213) addi tp, tp, 3
x4 <- 0x00000003


mem[X,0x80029BB0] -> 0x006F
mem[X,0x80029BB2] -> 0x0040
[4360] [M]: 0x80029BB0 (0x0040006F) jal zero, 4


mem[X,0x80029BB4] -> 0xA023
mem[X,0x80029BB6] -> 0x6E40
[4361] [M]: 0x80029BB4 (0x6E40A023) sw tp, 1760(ra)
mem[0x8003A848] <- 0x00000003


mem[X,0x80029BB8] -> 0x0513
mem[X,0x80029BBA] -> 0x0040
[4362] [M]: 0x80029BB8 (0x00400513) addi a0, zero, 4
x10 <- 0x00000004


mem[X,0x80029BBC] -> 0x0593
mem[X,0x80029BBE] -> 0x0020
[4363] [M]: 0x80029BBC (0x00200593) addi a1, zero, 2
x11 <- 0x00000002


mem[X,0x80029BC0] -> 0x0213
mem[X,0x80029BC2] -> 0x0000
[4364] [M]: 0x80029BC0 (0x00000213) addi tp, zero, 0
x4 <- 0x00000000


mem[X,0x80029BC4] -> 0x006F
mem[X,0x80029BC6] -> 0x2B10
[4365] [M]: 0x80029BC4 (0x2B10006F) jal zero, 2736


mem[X,0x8002A674] -> 0x1A63
mem[X,0x8002A676] -> 0xD4B5
[4366] [M]: 0x8002A674 (0xD4B51A63) bne a0, a1, 5460


mem[X,0x80029BC8] -> 0x0213
mem[X,0x80029BCA] -> 0x0012
[4367] [M]: 0x80029BC8 (0x00120213) addi tp, tp, 1
x4 <- 0x00000001


mem[X,0x80029BCC] -> 0x006F
mem[X,0x80029BCE] -> 0x2BD0
[4368] [M]: 0x80029BCC (0x2BD0006F) jal zero, 2748


mem[X,0x8002A688] -> 0xA223
mem[X,0x8002A68A] -> 0x6E40
[4369] [M]: 0x8002A688 (0x6E40A223) sw tp, 1764(ra)
mem[0x8003A84C] <- 0x00000001


mem[X,0x8002A68C] -> 0x0513
mem[X,0x8002A68E] -> 0x0040
[4370] [M]: 0x8002A68C (0x00400513) addi a0, zero, 4
x10 <- 0x00000004


mem[X,0x8002A690] -> 0x55B7
mem[X,0x8002A692] -> 0x5555
[4371] [M]: 0x8002A690 (0x555555B7) lui a1, 349525
x11 <- 0x55555000


mem[X,0x8002A694] -> 0x8593
mem[X,0x8002A696] -> 0x5545
[4372] [M]: 0x8002A694 (0x55458593) addi a1, a1, 1364
x11 <- 0x55555554


mem[X,0x8002A698] -> 0x0213
mem[X,0x8002A69A] -> 0x0000
[4373] [M]: 0x8002A698 (0x00000213) addi tp, zero, 0
x4 <- 0x00000000


mem[X,0x8002A69C] -> 0x006F
mem[X,0x8002A69E] -> 0x00C0
[4374] [M]: 0x8002A69C (0x00C0006F) jal zero, 12


mem[X,0x8002A6A8] -> 0x1663
mem[X,0x8002A6AA] -> 0x00B5
[4375] [M]: 0x8002A6A8 (0x00B51663) bne a0, a1, 12


mem[X,0x8002A6B4] -> 0x0213
mem[X,0x8002A6B6] -> 0x0032
[4376] [M]: 0x8002A6B4 (0x00320213) addi tp, tp, 3
x4 <- 0x00000003


mem[X,0x8002A6B8] -> 0x006F
mem[X,0x8002A6BA] -> 0x0040
[4377] [M]: 0x8002A6B8 (0x0040006F) jal zero, 4


mem[X,0x8002A6BC] -> 0xA423
mem[X,0x8002A6BE] -> 0x6E40
[4378] [M]: 0x8002A6BC (0x6E40A423) sw tp, 1768(ra)
mem[0x8003A850] <- 0x00000003


mem[X,0x8002A6C0] -> 0x0513
mem[X,0x8002A6C2] -> 0x0040
[4379] [M]: 0x8002A6C0 (0x00400513) addi a0, zero, 4
x10 <- 0x00000004


mem[X,0x8002A6C4] -> 0x0593
mem[X,0x8002A6C6] -> 0x0000
[4380] [M]: 0x8002A6C4 (0x00000593) addi a1, zero, 0
x11 <- 0x00000000


mem[X,0x8002A6C8] -> 0x0213
mem[X,0x8002A6CA] -> 0x0000
[4381] [M]: 0x8002A6C8 (0x00000213) addi tp, zero, 0
x4 <- 0x00000000


mem[X,0x8002A6CC] -> 0x006F
mem[X,0x8002A6CE] -> 0x00C0
[4382] [M]: 0x8002A6CC (0x00C0006F) jal zero, 12


mem[X,0x8002A6D8] -> 0x1CE3
mem[X,0x8002A6DA] -> 0xFEB5
[4383] [M]: 0x8002A6D8 (0xFEB51CE3) bne a0, a1, 8184


mem[X,0x8002A6D0] -> 0x0213
mem[X,0x8002A6D2] -> 0x0012
[4384] [M]: 0x8002A6D0 (0x00120213) addi tp, tp, 1
x4 <- 0x00000001


mem[X,0x8002A6D4] -> 0x006F
mem[X,0x8002A6D6] -> 0x0180
[4385] [M]: 0x8002A6D4 (0x0180006F) jal zero, 24


mem[X,0x8002A6EC] -> 0xA623
mem[X,0x8002A6EE] -> 0x6E40
[4386] [M]: 0x8002A6EC (0x6E40A623) sw tp, 1772(ra)
mem[0x8003A854] <- 0x00000001


mem[X,0x8002A6F0] -> 0x0513
mem[X,0x8002A6F2] -> 0x0040
[4387] [M]: 0x8002A6F0 (0x00400513) addi a0, zero, 4
x10 <- 0x00000004


mem[X,0x8002A6F4] -> 0x0593
mem[X,0x8002A6F6] -> 0x0040
[4388] [M]: 0x8002A6F4 (0x00400593) addi a1, zero, 4
x11 <- 0x00000004


mem[X,0x8002A6F8] -> 0x0213
mem[X,0x8002A6FA] -> 0x0000
[4389] [M]: 0x8002A6F8 (0x00000213) addi tp, zero, 0
x4 <- 0x00000000


mem[X,0x8002A6FC] -> 0x006F
mem[X,0x8002A6FE] -> 0x0140
[4390] [M]: 0x8002A6FC (0x0140006F) jal zero, 20


mem[X,0x8002A710] -> 0x18E3
mem[X,0x8002A712] -> 0xFEB5
[4391] [M]: 0x8002A710 (0xFEB518E3) bne a0, a1, 8176


mem[X,0x8002A714] -> 0x0213
mem[X,0x8002A716] -> 0x0022
[4392] [M]: 0x8002A714 (0x00220213) addi tp, tp, 2
x4 <- 0x00000002


mem[X,0x8002A718] -> 0x006F
mem[X,0x8002A71A] -> 0x00C0
[4393] [M]: 0x8002A718 (0x00C0006F) jal zero, 12


mem[X,0x8002A724] -> 0xA823
mem[X,0x8002A726] -> 0x6E40
[4394] [M]: 0x8002A724 (0x6E40A823) sw tp, 1776(ra)
mem[0x8003A858] <- 0x00000002


mem[X,0x8002A728] -> 0x0513
mem[X,0x8002A72A] -> 0x0040
[4395] [M]: 0x8002A728 (0x00400513) addi a0, zero, 4
x10 <- 0x00000004


mem[X,0x8002A72C] -> 0x35B7
mem[X,0x8002A72E] -> 0x3333
[4396] [M]: 0x8002A72C (0x333335B7) lui a1, 209715
x11 <- 0x33333000


mem[X,0x8002A730] -> 0x8593
mem[X,0x8002A732] -> 0x3325
[4397] [M]: 0x8002A730 (0x33258593) addi a1, a1, 818
x11 <- 0x33333332


mem[X,0x8002A734] -> 0x0213
mem[X,0x8002A736] -> 0x0000
[4398] [M]: 0x8002A734 (0x00000213) addi tp, zero, 0
x4 <- 0x00000000


mem[X,0x8002A738] -> 0x006F
mem[X,0x8002A73A] -> 0x0100
[4399] [M]: 0x8002A738 (0x0100006F) jal zero, 16


clint::tick mtime <- 0x000000000000002C
 clint timer pending at mtime 0x000000000000002C
htif::tick 0x0000000000000000
mem[X,0x8002A748] -> 0x1AE3
mem[X,0x8002A74A] -> 0xFEB5
[4400] [M]: 0x8002A748 (0xFEB51AE3) bne a0, a1, 8180


mem[X,0x8002A73C] -> 0x0213
mem[X,0x8002A73E] -> 0x0012
[4401] [M]: 0x8002A73C (0x00120213) addi tp, tp, 1
x4 <- 0x00000001


mem[X,0x8002A740] -> 0x006F
mem[X,0x8002A742] -> 0x01C0
[4402] [M]: 0x8002A740 (0x01C0006F) jal zero, 28


mem[X,0x8002A75C] -> 0xAA23
mem[X,0x8002A75E] -> 0x6E40
[4403] [M]: 0x8002A75C (0x6E40AA23) sw tp, 1780(ra)
mem[0x8003A85C] <- 0x00000001


mem[X,0x8002A760] -> 0x0513
mem[X,0x8002A762] -> 0x0040
[4404] [M]: 0x8002A760 (0x00400513) addi a0, zero, 4
x10 <- 0x00000004


mem[X,0x8002A764] -> 0x65B7
mem[X,0x8002A766] -> 0x6666
[4405] [M]: 0x8002A764 (0x666665B7) lui a1, 419430
x11 <- 0x66666000


mem[X,0x8002A768] -> 0x8593
mem[X,0x8002A76A] -> 0x6655
[4406] [M]: 0x8002A768 (0x66558593) addi a1, a1, 1637
x11 <- 0x66666665


mem[X,0x8002A76C] -> 0x0213
mem[X,0x8002A76E] -> 0x0000
[4407] [M]: 0x8002A76C (0x00000213) addi tp, zero, 0
x4 <- 0x00000000


mem[X,0x8002A770] -> 0x006F
mem[X,0x8002A772] -> 0x00C0
[4408] [M]: 0x8002A770 (0x00C0006F) jal zero, 12


mem[X,0x8002A77C] -> 0x1CE3
mem[X,0x8002A77E] -> 0xFEB5
[4409] [M]: 0x8002A77C (0xFEB51CE3) bne a0, a1, 8184


mem[X,0x8002A774] -> 0x0213
mem[X,0x8002A776] -> 0x0012
[4410] [M]: 0x8002A774 (0x00120213) addi tp, tp, 1
x4 <- 0x00000001


mem[X,0x8002A778] -> 0x006F
mem[X,0x8002A77A] -> 0x0180
[4411] [M]: 0x8002A778 (0x0180006F) jal zero, 24


mem[X,0x8002A790] -> 0xAC23
mem[X,0x8002A792] -> 0x6E40
[4412] [M]: 0x8002A790 (0x6E40AC23) sw tp, 1784(ra)
mem[0x8003A860] <- 0x00000001


mem[X,0x8002A794] -> 0x0513
mem[X,0x8002A796] -> 0x0040
[4413] [M]: 0x8002A794 (0x00400513) addi a0, zero, 4
x10 <- 0x00000004


mem[X,0x8002A798] -> 0xB5B7
mem[X,0x8002A79A] -> 0x0000
[4414] [M]: 0x8002A798 (0x0000B5B7) lui a1, 11
x11 <- 0x0000B000


mem[X,0x8002A79C] -> 0x8593
mem[X,0x8002A79E] -> 0x5035
[4415] [M]: 0x8002A79C (0x50358593) addi a1, a1, 1283
x11 <- 0x0000B503


mem[X,0x8002A7A0] -> 0x0213
mem[X,0x8002A7A2] -> 0x0000
[4416] [M]: 0x8002A7A0 (0x00000213) addi tp, zero, 0
x4 <- 0x00000000


mem[X,0x8002A7A4] -> 0x006F
mem[X,0x8002A7A6] -> 0x00C0
[4417] [M]: 0x8002A7A4 (0x00C0006F) jal zero, 12


mem[X,0x8002A7B0] -> 0x1063
mem[X,0x8002A7B2] -> 0x04B5
[4418] [M]: 0x8002A7B0 (0x04B51063) bne a0, a1, 64


mem[X,0x8002A7F0] -> 0x0213
mem[X,0x8002A7F2] -> 0x0032
[4419] [M]: 0x8002A7F0 (0x00320213) addi tp, tp, 3
x4 <- 0x00000003


mem[X,0x8002A7F4] -> 0x006F
mem[X,0x8002A7F6] -> 0x0040
[4420] [M]: 0x8002A7F4 (0x0040006F) jal zero, 4


mem[X,0x8002A7F8] -> 0xAE23
mem[X,0x8002A7FA] -> 0x6E40
[4421] [M]: 0x8002A7F8 (0x6E40AE23) sw tp, 1788(ra)
mem[0x8003A864] <- 0x00000003


mem[X,0x8002A7FC] -> 0x0513
mem[X,0x8002A7FE] -> 0x0040
[4422] [M]: 0x8002A7FC (0x00400513) addi a0, zero, 4
x10 <- 0x00000004


mem[X,0x8002A800] -> 0x55B7
mem[X,0x8002A802] -> 0x5555
[4423] [M]: 0x8002A800 (0x555555B7) lui a1, 349525
x11 <- 0x55555000


mem[X,0x8002A804] -> 0x8593
mem[X,0x8002A806] -> 0x5565
[4424] [M]: 0x8002A804 (0x55658593) addi a1, a1, 1366
x11 <- 0x55555556


mem[X,0x8002A808] -> 0x0213
mem[X,0x8002A80A] -> 0x0000
[4425] [M]: 0x8002A808 (0x00000213) addi tp, zero, 0
x4 <- 0x00000000


mem[X,0x8002A80C] -> 0x006F
mem[X,0x8002A80E] -> 0x00C0
[4426] [M]: 0x8002A80C (0x00C0006F) jal zero, 12


mem[X,0x8002A818] -> 0x1CE3
mem[X,0x8002A81A] -> 0xFEB5
[4427] [M]: 0x8002A818 (0xFEB51CE3) bne a0, a1, 8184


mem[X,0x8002A810] -> 0x0213
mem[X,0x8002A812] -> 0x0012
[4428] [M]: 0x8002A810 (0x00120213) addi tp, tp, 1
x4 <- 0x00000001


mem[X,0x8002A814] -> 0x006F
mem[X,0x8002A816] -> 0x0180
[4429] [M]: 0x8002A814 (0x0180006F) jal zero, 24


mem[X,0x8002A82C] -> 0xA023
mem[X,0x8002A82E] -> 0x7040
[4430] [M]: 0x8002A82C (0x7040A023) sw tp, 1792(ra)
mem[0x8003A868] <- 0x00000001


mem[X,0x8002A830] -> 0x0513
mem[X,0x8002A832] -> 0x0040
[4431] [M]: 0x8002A830 (0x00400513) addi a0, zero, 4
x10 <- 0x00000004


mem[X,0x8002A834] -> 0xB5B7
mem[X,0x8002A836] -> 0xAAAA
[4432] [M]: 0x8002A834 (0xAAAAB5B7) lui a1, 699051
x11 <- 0xAAAAB000


mem[X,0x8002A838] -> 0x8593
mem[X,0x8002A83A] -> 0xAAB5
[4433] [M]: 0x8002A838 (0xAAB58593) addi a1, a1, 2731
x11 <- 0xAAAAAAAB


mem[X,0x8002A83C] -> 0x0213
mem[X,0x8002A83E] -> 0x0000
[4434] [M]: 0x8002A83C (0x00000213) addi tp, zero, 0
x4 <- 0x00000000


mem[X,0x8002A840] -> 0x006F
mem[X,0x8002A842] -> 0x0100
[4435] [M]: 0x8002A840 (0x0100006F) jal zero, 16


mem[X,0x8002A850] -> 0x1AE3
mem[X,0x8002A852] -> 0xFEB5
[4436] [M]: 0x8002A850 (0xFEB51AE3) bne a0, a1, 8180


mem[X,0x8002A844] -> 0x0213
mem[X,0x8002A846] -> 0x0012
[4437] [M]: 0x8002A844 (0x00120213) addi tp, tp, 1
x4 <- 0x00000001


mem[X,0x8002A848] -> 0x006F
mem[X,0x8002A84A] -> 0x01C0
[4438] [M]: 0x8002A848 (0x01C0006F) jal zero, 28


mem[X,0x8002A864] -> 0xA223
mem[X,0x8002A866] -> 0x7040
[4439] [M]: 0x8002A864 (0x7040A223) sw tp, 1796(ra)
mem[0x8003A86C] <- 0x00000001


mem[X,0x8002A868] -> 0x0513
mem[X,0x8002A86A] -> 0x0040
[4440] [M]: 0x8002A868 (0x00400513) addi a0, zero, 4
x10 <- 0x00000004


mem[X,0x8002A86C] -> 0x0593
mem[X,0x8002A86E] -> 0x0060
[4441] [M]: 0x8002A86C (0x00600593) addi a1, zero, 6
x11 <- 0x00000006


mem[X,0x8002A870] -> 0x0213
mem[X,0x8002A872] -> 0x0000
[4442] [M]: 0x8002A870 (0x00000213) addi tp, zero, 0
x4 <- 0x00000000


mem[X,0x8002A874] -> 0x006F
mem[X,0x8002A876] -> 0x00C0
[4443] [M]: 0x8002A874 (0x00C0006F) jal zero, 12


mem[X,0x8002A880] -> 0x1663
mem[X,0x8002A882] -> 0x00B5
[4444] [M]: 0x8002A880 (0x00B51663) bne a0, a1, 12


mem[X,0x8002A88C] -> 0x0213
mem[X,0x8002A88E] -> 0x0032
[4445] [M]: 0x8002A88C (0x00320213) addi tp, tp, 3
x4 <- 0x00000003


mem[X,0x8002A890] -> 0x006F
mem[X,0x8002A892] -> 0x0040
[4446] [M]: 0x8002A890 (0x0040006F) jal zero, 4


mem[X,0x8002A894] -> 0xA423
mem[X,0x8002A896] -> 0x7040
[4447] [M]: 0x8002A894 (0x7040A423) sw tp, 1800(ra)
mem[0x8003A870] <- 0x00000003


mem[X,0x8002A898] -> 0x0513
mem[X,0x8002A89A] -> 0x0040
[4448] [M]: 0x8002A898 (0x00400513) addi a0, zero, 4
x10 <- 0x00000004


mem[X,0x8002A89C] -> 0x35B7
mem[X,0x8002A89E] -> 0x3333
[4449] [M]: 0x8002A89C (0x333335B7) lui a1, 209715
x11 <- 0x33333000


mem[X,0x8002A8A0] -> 0x8593
mem[X,0x8002A8A2] -> 0x3345
[4450] [M]: 0x8002A8A0 (0x33458593) addi a1, a1, 820
x11 <- 0x33333334


mem[X,0x8002A8A4] -> 0x0213
mem[X,0x8002A8A6] -> 0x0000
[4451] [M]: 0x8002A8A4 (0x00000213) addi tp, zero, 0
x4 <- 0x00000000


mem[X,0x8002A8A8] -> 0x006F
mem[X,0x8002A8AA] -> 0x00C0
[4452] [M]: 0x8002A8A8 (0x00C0006F) jal zero, 12


mem[X,0x8002A8B4] -> 0x1663
mem[X,0x8002A8B6] -> 0x00B5
[4453] [M]: 0x8002A8B4 (0x00B51663) bne a0, a1, 12


mem[X,0x8002A8C0] -> 0x0213
mem[X,0x8002A8C2] -> 0x0032
[4454] [M]: 0x8002A8C0 (0x00320213) addi tp, tp, 3
x4 <- 0x00000003


mem[X,0x8002A8C4] -> 0x006F
mem[X,0x8002A8C6] -> 0x0040
[4455] [M]: 0x8002A8C4 (0x0040006F) jal zero, 4


mem[X,0x8002A8C8] -> 0xA623
mem[X,0x8002A8CA] -> 0x7040
[4456] [M]: 0x8002A8C8 (0x7040A623) sw tp, 1804(ra)
mem[0x8003A874] <- 0x00000003


mem[X,0x8002A8CC] -> 0x0513
mem[X,0x8002A8CE] -> 0x0040
[4457] [M]: 0x8002A8CC (0x00400513) addi a0, zero, 4
x10 <- 0x00000004


mem[X,0x8002A8D0] -> 0x65B7
mem[X,0x8002A8D2] -> 0x6666
[4458] [M]: 0x8002A8D0 (0x666665B7) lui a1, 419430
x11 <- 0x66666000


mem[X,0x8002A8D4] -> 0x8593
mem[X,0x8002A8D6] -> 0x6675
[4459] [M]: 0x8002A8D4 (0x66758593) addi a1, a1, 1639
x11 <- 0x66666667


mem[X,0x8002A8D8] -> 0x0213
mem[X,0x8002A8DA] -> 0x0000
[4460] [M]: 0x8002A8D8 (0x00000213) addi tp, zero, 0
x4 <- 0x00000000


mem[X,0x8002A8DC] -> 0x006F
mem[X,0x8002A8DE] -> 0x00C0
[4461] [M]: 0x8002A8DC (0x00C0006F) jal zero, 12


mem[X,0x8002A8E8] -> 0x1063
mem[X,0x8002A8EA] -> 0x08B5
[4462] [M]: 0x8002A8E8 (0x08B51063) bne a0, a1, 128


mem[X,0x8002A968] -> 0x0213
mem[X,0x8002A96A] -> 0x0032
[4463] [M]: 0x8002A968 (0x00320213) addi tp, tp, 3
x4 <- 0x00000003


mem[X,0x8002A96C] -> 0x006F
mem[X,0x8002A96E] -> 0x0040
[4464] [M]: 0x8002A96C (0x0040006F) jal zero, 4


mem[X,0x8002A970] -> 0xA823
mem[X,0x8002A972] -> 0x7040
[4465] [M]: 0x8002A970 (0x7040A823) sw tp, 1808(ra)
mem[0x8003A878] <- 0x00000003


mem[X,0x8002A974] -> 0x0513
mem[X,0x8002A976] -> 0x0040
[4466] [M]: 0x8002A974 (0x00400513) addi a0, zero, 4
x10 <- 0x00000004


mem[X,0x8002A978] -> 0x55B7
mem[X,0x8002A97A] -> 0xFFFF
[4467] [M]: 0x8002A978 (0xFFFF55B7) lui a1, 1048565
x11 <- 0xFFFF5000


mem[X,0x8002A97C] -> 0x8593
mem[X,0x8002A97E] -> 0xAFD5
[4468] [M]: 0x8002A97C (0xAFD58593) addi a1, a1, 2813
x11 <- 0xFFFF4AFD


mem[X,0x8002A980] -> 0x0213
mem[X,0x8002A982] -> 0x0000
[4469] [M]: 0x8002A980 (0x00000213) addi tp, zero, 0
x4 <- 0x00000000


mem[X,0x8002A984] -> 0x006F
mem[X,0x8002A986] -> 0x0050
[4470] [M]: 0x8002A984 (0x0050006F) jal zero, 2052


mem[X,0x8002B188] -> 0x10E3
mem[X,0x8002B18A] -> 0x80B5
[4471] [M]: 0x8002B188 (0x80B510E3) bne a0, a1, 6144


mem[X,0x8002A988] -> 0x0213
mem[X,0x8002A98A] -> 0x0012
[4472] [M]: 0x8002A988 (0x00120213) addi tp, tp, 1
x4 <- 0x00000001


mem[X,0x8002A98C] -> 0x006F
mem[X,0x8002A98E] -> 0x0110
[4473] [M]: 0x8002A98C (0x0110006F) jal zero, 2064


mem[X,0x8002B19C] -> 0xAA23
mem[X,0x8002B19E] -> 0x7040
[4474] [M]: 0x8002B19C (0x7040AA23) sw tp, 1812(ra)
mem[0x8003A87C] <- 0x00000001


mem[X,0x8002B1A0] -> 0x0513
mem[X,0x8002B1A2] -> 0x0040
[4475] [M]: 0x8002B1A0 (0x00400513) addi a0, zero, 4
x10 <- 0x00000004


mem[X,0x8002B1A4] -> 0xB5B7
mem[X,0x8002B1A6] -> 0x0000
[4476] [M]: 0x8002B1A4 (0x0000B5B7) lui a1, 11
x11 <- 0x0000B000


mem[X,0x8002B1A8] -> 0x8593
mem[X,0x8002B1AA] -> 0x5055
[4477] [M]: 0x8002B1A8 (0x50558593) addi a1, a1, 1285
x11 <- 0x0000B505


mem[X,0x8002B1AC] -> 0x0213
mem[X,0x8002B1AE] -> 0x0000
[4478] [M]: 0x8002B1AC (0x00000213) addi tp, zero, 0
x4 <- 0x00000000


mem[X,0x8002B1B0] -> 0x006F
mem[X,0x8002B1B2] -> 0x0100
[4479] [M]: 0x8002B1B0 (0x0100006F) jal zero, 16


mem[X,0x8002B1C0] -> 0x1AE3
mem[X,0x8002B1C2] -> 0xFEB5
[4480] [M]: 0x8002B1C0 (0xFEB51AE3) bne a0, a1, 8180


mem[X,0x8002B1B4] -> 0x0213
mem[X,0x8002B1B6] -> 0x0012
[4481] [M]: 0x8002B1B4 (0x00120213) addi tp, tp, 1
x4 <- 0x00000001


mem[X,0x8002B1B8] -> 0x006F
mem[X,0x8002B1BA] -> 0x01C0
[4482] [M]: 0x8002B1B8 (0x01C0006F) jal zero, 28


mem[X,0x8002B1D4] -> 0xAC23
mem[X,0x8002B1D6] -> 0x7040
[4483] [M]: 0x8002B1D4 (0x7040AC23) sw tp, 1816(ra)
mem[0x8003A880] <- 0x00000001


mem[X,0x8002B1D8] -> 0x3537
mem[X,0x8002B1DA] -> 0x3333
[4484] [M]: 0x8002B1D8 (0x33333537) lui a0, 209715
x10 <- 0x33333000


mem[X,0x8002B1DC] -> 0x0513
mem[X,0x8002B1DE] -> 0x3325
[4485] [M]: 0x8002B1DC (0x33250513) addi a0, a0, 818
x10 <- 0x33333332


mem[X,0x8002B1E0] -> 0x0593
mem[X,0x8002B1E2] -> 0x0030
[4486] [M]: 0x8002B1E0 (0x00300593) addi a1, zero, 3
x11 <- 0x00000003


mem[X,0x8002B1E4] -> 0x0213
mem[X,0x8002B1E6] -> 0x0000
[4487] [M]: 0x8002B1E4 (0x00000213) addi tp, zero, 0
x4 <- 0x00000000


mem[X,0x8002B1E8] -> 0x006F
mem[X,0x8002B1EA] -> 0x00C0
[4488] [M]: 0x8002B1E8 (0x00C0006F) jal zero, 12


mem[X,0x8002B1F4] -> 0x1663
mem[X,0x8002B1F6] -> 0x00B5
[4489] [M]: 0x8002B1F4 (0x00B51663) bne a0, a1, 12


mem[X,0x8002B200] -> 0x0213
mem[X,0x8002B202] -> 0x0032
[4490] [M]: 0x8002B200 (0x00320213) addi tp, tp, 3
x4 <- 0x00000003


mem[X,0x8002B204] -> 0x006F
mem[X,0x8002B206] -> 0x0040
[4491] [M]: 0x8002B204 (0x0040006F) jal zero, 4


mem[X,0x8002B208] -> 0xAE23
mem[X,0x8002B20A] -> 0x7040
[4492] [M]: 0x8002B208 (0x7040AE23) sw tp, 1820(ra)
mem[0x8003A884] <- 0x00000003


mem[X,0x8002B20C] -> 0x3537
mem[X,0x8002B20E] -> 0x3333
[4493] [M]: 0x8002B20C (0x33333537) lui a0, 209715
x10 <- 0x33333000


mem[X,0x8002B210] -> 0x0513
mem[X,0x8002B212] -> 0x3325
[4494] [M]: 0x8002B210 (0x33250513) addi a0, a0, 818
x10 <- 0x33333332


mem[X,0x8002B214] -> 0x55B7
mem[X,0x8002B216] -> 0x5555
[4495] [M]: 0x8002B214 (0x555555B7) lui a1, 349525
x11 <- 0x55555000


mem[X,0x8002B218] -> 0x8593
mem[X,0x8002B21A] -> 0x5555
[4496] [M]: 0x8002B218 (0x55558593) addi a1, a1, 1365
x11 <- 0x55555555


mem[X,0x8002B21C] -> 0x0213
mem[X,0x8002B21E] -> 0x0000
[4497] [M]: 0x8002B21C (0x00000213) addi tp, zero, 0
x4 <- 0x00000000


mem[X,0x8002B220] -> 0x006F
mem[X,0x8002B222] -> 0x0050
[4498] [M]: 0x8002B220 (0x0050006F) jal zero, 2052


mem[X,0x8002BA24] -> 0x10E3
mem[X,0x8002BA26] -> 0x80B5
[4499] [M]: 0x8002BA24 (0x80B510E3) bne a0, a1, 6144


clint::tick mtime <- 0x000000000000002D
 clint timer pending at mtime 0x000000000000002D
htif::tick 0x0000000000000000
mem[X,0x8002B224] -> 0x0213
mem[X,0x8002B226] -> 0x0012
[4500] [M]: 0x8002B224 (0x00120213) addi tp, tp, 1
x4 <- 0x00000001


mem[X,0x8002B228] -> 0x006F
mem[X,0x8002B22A] -> 0x0110
[4501] [M]: 0x8002B228 (0x0110006F) jal zero, 2064


mem[X,0x8002BA38] -> 0xA023
mem[X,0x8002BA3A] -> 0x7240
[4502] [M]: 0x8002BA38 (0x7240A023) sw tp, 1824(ra)
mem[0x8003A888] <- 0x00000001


mem[X,0x8002BA3C] -> 0x3537
mem[X,0x8002BA3E] -> 0x3333
[4503] [M]: 0x8002BA3C (0x33333537) lui a0, 209715
x10 <- 0x33333000


mem[X,0x8002BA40] -> 0x0513
mem[X,0x8002BA42] -> 0x3325
[4504] [M]: 0x8002BA40 (0x33250513) addi a0, a0, 818
x10 <- 0x33333332


mem[X,0x8002BA44] -> 0xB5B7
mem[X,0x8002BA46] -> 0xAAAA
[4505] [M]: 0x8002BA44 (0xAAAAB5B7) lui a1, 699051
x11 <- 0xAAAAB000


mem[X,0x8002BA48] -> 0x8593
mem[X,0x8002BA4A] -> 0xAAA5
[4506] [M]: 0x8002BA48 (0xAAA58593) addi a1, a1, 2730
x11 <- 0xAAAAAAAA


mem[X,0x8002BA4C] -> 0x0213
mem[X,0x8002BA4E] -> 0x0000
[4507] [M]: 0x8002BA4C (0x00000213) addi tp, zero, 0
x4 <- 0x00000000


mem[X,0x8002BA50] -> 0x006F
mem[X,0x8002BA52] -> 0x00C0
[4508] [M]: 0x8002BA50 (0x00C0006F) jal zero, 12


mem[X,0x8002BA5C] -> 0x1663
mem[X,0x8002BA5E] -> 0x00B5
[4509] [M]: 0x8002BA5C (0x00B51663) bne a0, a1, 12


mem[X,0x8002BA68] -> 0x0213
mem[X,0x8002BA6A] -> 0x0032
[4510] [M]: 0x8002BA68 (0x00320213) addi tp, tp, 3
x4 <- 0x00000003


mem[X,0x8002BA6C] -> 0x006F
mem[X,0x8002BA6E] -> 0x0040
[4511] [M]: 0x8002BA6C (0x0040006F) jal zero, 4


mem[X,0x8002BA70] -> 0xA223
mem[X,0x8002BA72] -> 0x7240
[4512] [M]: 0x8002BA70 (0x7240A223) sw tp, 1828(ra)
mem[0x8003A88C] <- 0x00000003


mem[X,0x8002BA74] -> 0x3537
mem[X,0x8002BA76] -> 0x3333
[4513] [M]: 0x8002BA74 (0x33333537) lui a0, 209715
x10 <- 0x33333000


mem[X,0x8002BA78] -> 0x0513
mem[X,0x8002BA7A] -> 0x3325
[4514] [M]: 0x8002BA78 (0x33250513) addi a0, a0, 818
x10 <- 0x33333332


mem[X,0x8002BA7C] -> 0x0593
mem[X,0x8002BA7E] -> 0x0050
[4515] [M]: 0x8002BA7C (0x00500593) addi a1, zero, 5
x11 <- 0x00000005


mem[X,0x8002BA80] -> 0x0213
mem[X,0x8002BA82] -> 0x0000
[4516] [M]: 0x8002BA80 (0x00000213) addi tp, zero, 0
x4 <- 0x00000000


mem[X,0x8002BA84] -> 0x006F
mem[X,0x8002BA86] -> 0x0140
[4517] [M]: 0x8002BA84 (0x0140006F) jal zero, 20


mem[X,0x8002BA98] -> 0x18E3
mem[X,0x8002BA9A] -> 0xFEB5
[4518] [M]: 0x8002BA98 (0xFEB518E3) bne a0, a1, 8176


mem[X,0x8002BA88] -> 0x0213
mem[X,0x8002BA8A] -> 0x0012
[4519] [M]: 0x8002BA88 (0x00120213) addi tp, tp, 1
x4 <- 0x00000001


mem[X,0x8002BA8C] -> 0x006F
mem[X,0x8002BA8E] -> 0x0200
[4520] [M]: 0x8002BA8C (0x0200006F) jal zero, 32


mem[X,0x8002BAAC] -> 0xA423
mem[X,0x8002BAAE] -> 0x7240
[4521] [M]: 0x8002BAAC (0x7240A423) sw tp, 1832(ra)
mem[0x8003A890] <- 0x00000001


mem[X,0x8002BAB0] -> 0x3537
mem[X,0x8002BAB2] -> 0x3333
[4522] [M]: 0x8002BAB0 (0x33333537) lui a0, 209715
x10 <- 0x33333000


mem[X,0x8002BAB4] -> 0x0513
mem[X,0x8002BAB6] -> 0x3325
[4523] [M]: 0x8002BAB4 (0x33250513) addi a0, a0, 818
x10 <- 0x33333332


mem[X,0x8002BAB8] -> 0x35B7
mem[X,0x8002BABA] -> 0x3333
[4524] [M]: 0x8002BAB8 (0x333335B7) lui a1, 209715
x11 <- 0x33333000


mem[X,0x8002BABC] -> 0x8593
mem[X,0x8002BABE] -> 0x3335
[4525] [M]: 0x8002BABC (0x33358593) addi a1, a1, 819
x11 <- 0x33333333


mem[X,0x8002BAC0] -> 0x0213
mem[X,0x8002BAC2] -> 0x0000
[4526] [M]: 0x8002BAC0 (0x00000213) addi tp, zero, 0
x4 <- 0x00000000


mem[X,0x8002BAC4] -> 0x006F
mem[X,0x8002BAC6] -> 0x00C0
[4527] [M]: 0x8002BAC4 (0x00C0006F) jal zero, 12


mem[X,0x8002BAD0] -> 0x1063
mem[X,0x8002BAD2] -> 0x40B5
[4528] [M]: 0x8002BAD0 (0x40B51063) bne a0, a1, 1024


mem[X,0x8002BED0] -> 0x0213
mem[X,0x8002BED2] -> 0x0032
[4529] [M]: 0x8002BED0 (0x00320213) addi tp, tp, 3
x4 <- 0x00000003


mem[X,0x8002BED4] -> 0x006F
mem[X,0x8002BED6] -> 0x0040
[4530] [M]: 0x8002BED4 (0x0040006F) jal zero, 4


mem[X,0x8002BED8] -> 0xA623
mem[X,0x8002BEDA] -> 0x7240
[4531] [M]: 0x8002BED8 (0x7240A623) sw tp, 1836(ra)
mem[0x8003A894] <- 0x00000003


mem[X,0x8002BEDC] -> 0x3537
mem[X,0x8002BEDE] -> 0x3333
[4532] [M]: 0x8002BEDC (0x33333537) lui a0, 209715
x10 <- 0x33333000


mem[X,0x8002BEE0] -> 0x0513
mem[X,0x8002BEE2] -> 0x3325
[4533] [M]: 0x8002BEE0 (0x33250513) addi a0, a0, 818
x10 <- 0x33333332


mem[X,0x8002BEE4] -> 0x65B7
mem[X,0x8002BEE6] -> 0x6666
[4534] [M]: 0x8002BEE4 (0x666665B7) lui a1, 419430
x11 <- 0x66666000


mem[X,0x8002BEE8] -> 0x8593
mem[X,0x8002BEEA] -> 0x6665
[4535] [M]: 0x8002BEE8 (0x66658593) addi a1, a1, 1638
x11 <- 0x66666666


mem[X,0x8002BEEC] -> 0x0213
mem[X,0x8002BEEE] -> 0x0000
[4536] [M]: 0x8002BEEC (0x00000213) addi tp, zero, 0
x4 <- 0x00000000


mem[X,0x8002BEF0] -> 0x006F
mem[X,0x8002BEF2] -> 0x00C0
[4537] [M]: 0x8002BEF0 (0x00C0006F) jal zero, 12


mem[X,0x8002BEFC] -> 0x1663
mem[X,0x8002BEFE] -> 0x00B5
[4538] [M]: 0x8002BEFC (0x00B51663) bne a0, a1, 12


mem[X,0x8002BF08] -> 0x0213
mem[X,0x8002BF0A] -> 0x0032
[4539] [M]: 0x8002BF08 (0x00320213) addi tp, tp, 3
x4 <- 0x00000003


mem[X,0x8002BF0C] -> 0x006F
mem[X,0x8002BF0E] -> 0x0040
[4540] [M]: 0x8002BF0C (0x0040006F) jal zero, 4


mem[X,0x8002BF10] -> 0xA823
mem[X,0x8002BF12] -> 0x7240
[4541] [M]: 0x8002BF10 (0x7240A823) sw tp, 1840(ra)
mem[0x8003A898] <- 0x00000003


mem[X,0x8002BF14] -> 0x3537
mem[X,0x8002BF16] -> 0x3333
[4542] [M]: 0x8002BF14 (0x33333537) lui a0, 209715
x10 <- 0x33333000


mem[X,0x8002BF18] -> 0x0513
mem[X,0x8002BF1A] -> 0x3325
[4543] [M]: 0x8002BF18 (0x33250513) addi a0, a0, 818
x10 <- 0x33333332


mem[X,0x8002BF1C] -> 0x55B7
mem[X,0x8002BF1E] -> 0xFFFF
[4544] [M]: 0x8002BF1C (0xFFFF55B7) lui a1, 1048565
x11 <- 0xFFFF5000


mem[X,0x8002BF20] -> 0x8593
mem[X,0x8002BF22] -> 0xAFC5
[4545] [M]: 0x8002BF20 (0xAFC58593) addi a1, a1, 2812
x11 <- 0xFFFF4AFC


mem[X,0x8002BF24] -> 0x0213
mem[X,0x8002BF26] -> 0x0000
[4546] [M]: 0x8002BF24 (0x00000213) addi tp, zero, 0
x4 <- 0x00000000


mem[X,0x8002BF28] -> 0x006F
mem[X,0x8002BF2A] -> 0x0140
[4547] [M]: 0x8002BF28 (0x0140006F) jal zero, 20


mem[X,0x8002BF3C] -> 0x18E3
mem[X,0x8002BF3E] -> 0xFEB5
[4548] [M]: 0x8002BF3C (0xFEB518E3) bne a0, a1, 8176


mem[X,0x8002BF2C] -> 0x0213
mem[X,0x8002BF2E] -> 0x0012
[4549] [M]: 0x8002BF2C (0x00120213) addi tp, tp, 1
x4 <- 0x00000001


mem[X,0x8002BF30] -> 0x006F
mem[X,0x8002BF32] -> 0x0200
[4550] [M]: 0x8002BF30 (0x0200006F) jal zero, 32


mem[X,0x8002BF50] -> 0xAA23
mem[X,0x8002BF52] -> 0x7240
[4551] [M]: 0x8002BF50 (0x7240AA23) sw tp, 1844(ra)
mem[0x8003A89C] <- 0x00000001


mem[X,0x8002BF54] -> 0x3537
mem[X,0x8002BF56] -> 0x3333
[4552] [M]: 0x8002BF54 (0x33333537) lui a0, 209715
x10 <- 0x33333000


mem[X,0x8002BF58] -> 0x0513
mem[X,0x8002BF5A] -> 0x3325
[4553] [M]: 0x8002BF58 (0x33250513) addi a0, a0, 818
x10 <- 0x33333332


mem[X,0x8002BF5C] -> 0xB5B7
mem[X,0x8002BF5E] -> 0x0000
[4554] [M]: 0x8002BF5C (0x0000B5B7) lui a1, 11
x11 <- 0x0000B000


mem[X,0x8002BF60] -> 0x8593
mem[X,0x8002BF62] -> 0x5045
[4555] [M]: 0x8002BF60 (0x50458593) addi a1, a1, 1284
x11 <- 0x0000B504


mem[X,0x8002BF64] -> 0x0213
mem[X,0x8002BF66] -> 0x0000
[4556] [M]: 0x8002BF64 (0x00000213) addi tp, zero, 0
x4 <- 0x00000000


mem[X,0x8002BF68] -> 0x006F
mem[X,0x8002BF6A] -> 0x2B10
[4557] [M]: 0x8002BF68 (0x2B10006F) jal zero, 2736


mem[X,0x8002CA18] -> 0x1A63
mem[X,0x8002CA1A] -> 0xD4B5
[4558] [M]: 0x8002CA18 (0xD4B51A63) bne a0, a1, 5460


mem[X,0x8002BF6C] -> 0x0213
mem[X,0x8002BF6E] -> 0x0012
[4559] [M]: 0x8002BF6C (0x00120213) addi tp, tp, 1
x4 <- 0x00000001


mem[X,0x8002BF70] -> 0x006F
mem[X,0x8002BF72] -> 0x2BD0
[4560] [M]: 0x8002BF70 (0x2BD0006F) jal zero, 2748


mem[X,0x8002CA2C] -> 0xAC23
mem[X,0x8002CA2E] -> 0x7240
[4561] [M]: 0x8002CA2C (0x7240AC23) sw tp, 1848(ra)
mem[0x8003A8A0] <- 0x00000001


mem[X,0x8002CA30] -> 0x3537
mem[X,0x8002CA32] -> 0x3333
[4562] [M]: 0x8002CA30 (0x33333537) lui a0, 209715
x10 <- 0x33333000


mem[X,0x8002CA34] -> 0x0513
mem[X,0x8002CA36] -> 0x3325
[4563] [M]: 0x8002CA34 (0x33250513) addi a0, a0, 818
x10 <- 0x33333332


mem[X,0x8002CA38] -> 0x0593
mem[X,0x8002CA3A] -> 0x0020
[4564] [M]: 0x8002CA38 (0x00200593) addi a1, zero, 2
x11 <- 0x00000002


mem[X,0x8002CA3C] -> 0x0213
mem[X,0x8002CA3E] -> 0x0000
[4565] [M]: 0x8002CA3C (0x00000213) addi tp, zero, 0
x4 <- 0x00000000


mem[X,0x8002CA40] -> 0x006F
mem[X,0x8002CA42] -> 0x2B10
[4566] [M]: 0x8002CA40 (0x2B10006F) jal zero, 2736


mem[X,0x8002D4F0] -> 0x1A63
mem[X,0x8002D4F2] -> 0xD4B5
[4567] [M]: 0x8002D4F0 (0xD4B51A63) bne a0, a1, 5460


mem[X,0x8002CA44] -> 0x0213
mem[X,0x8002CA46] -> 0x0012
[4568] [M]: 0x8002CA44 (0x00120213) addi tp, tp, 1
x4 <- 0x00000001


mem[X,0x8002CA48] -> 0x006F
mem[X,0x8002CA4A] -> 0x2BD0
[4569] [M]: 0x8002CA48 (0x2BD0006F) jal zero, 2748


mem[X,0x8002D504] -> 0xAE23
mem[X,0x8002D506] -> 0x7240
[4570] [M]: 0x8002D504 (0x7240AE23) sw tp, 1852(ra)
mem[0x8003A8A4] <- 0x00000001


mem[X,0x8002D508] -> 0x3537
mem[X,0x8002D50A] -> 0x3333
[4571] [M]: 0x8002D508 (0x33333537) lui a0, 209715
x10 <- 0x33333000


mem[X,0x8002D50C] -> 0x0513
mem[X,0x8002D50E] -> 0x3325
[4572] [M]: 0x8002D50C (0x33250513) addi a0, a0, 818
x10 <- 0x33333332


mem[X,0x8002D510] -> 0x55B7
mem[X,0x8002D512] -> 0x5555
[4573] [M]: 0x8002D510 (0x555555B7) lui a1, 349525
x11 <- 0x55555000


mem[X,0x8002D514] -> 0x8593
mem[X,0x8002D516] -> 0x5545
[4574] [M]: 0x8002D514 (0x55458593) addi a1, a1, 1364
x11 <- 0x55555554


mem[X,0x8002D518] -> 0x0213
mem[X,0x8002D51A] -> 0x0000
[4575] [M]: 0x8002D518 (0x00000213) addi tp, zero, 0
x4 <- 0x00000000


mem[X,0x8002D51C] -> 0x006F
mem[X,0x8002D51E] -> 0x00C0
[4576] [M]: 0x8002D51C (0x00C0006F) jal zero, 12


mem[X,0x8002D528] -> 0x1663
mem[X,0x8002D52A] -> 0x00B5
[4577] [M]: 0x8002D528 (0x00B51663) bne a0, a1, 12


mem[X,0x8002D534] -> 0x0213
mem[X,0x8002D536] -> 0x0032
[4578] [M]: 0x8002D534 (0x00320213) addi tp, tp, 3
x4 <- 0x00000003


mem[X,0x8002D538] -> 0x006F
mem[X,0x8002D53A] -> 0x0040
[4579] [M]: 0x8002D538 (0x0040006F) jal zero, 4


mem[X,0x8002D53C] -> 0xA023
mem[X,0x8002D53E] -> 0x7440
[4580] [M]: 0x8002D53C (0x7440A023) sw tp, 1856(ra)
mem[0x8003A8A8] <- 0x00000003


mem[X,0x8002D540] -> 0x3537
mem[X,0x8002D542] -> 0x3333
[4581] [M]: 0x8002D540 (0x33333537) lui a0, 209715
x10 <- 0x33333000


mem[X,0x8002D544] -> 0x0513
mem[X,0x8002D546] -> 0x3325
[4582] [M]: 0x8002D544 (0x33250513) addi a0, a0, 818
x10 <- 0x33333332


mem[X,0x8002D548] -> 0x0593
mem[X,0x8002D54A] -> 0x0000
[4583] [M]: 0x8002D548 (0x00000593) addi a1, zero, 0
x11 <- 0x00000000


mem[X,0x8002D54C] -> 0x0213
mem[X,0x8002D54E] -> 0x0000
[4584] [M]: 0x8002D54C (0x00000213) addi tp, zero, 0
x4 <- 0x00000000


mem[X,0x8002D550] -> 0x006F
mem[X,0x8002D552] -> 0x00C0
[4585] [M]: 0x8002D550 (0x00C0006F) jal zero, 12


mem[X,0x8002D55C] -> 0x1063
mem[X,0x8002D55E] -> 0x20B5
[4586] [M]: 0x8002D55C (0x20B51063) bne a0, a1, 512


mem[X,0x8002D75C] -> 0x0213
mem[X,0x8002D75E] -> 0x0032
[4587] [M]: 0x8002D75C (0x00320213) addi tp, tp, 3
x4 <- 0x00000003


mem[X,0x8002D760] -> 0x006F
mem[X,0x8002D762] -> 0x0040
[4588] [M]: 0x8002D760 (0x0040006F) jal zero, 4


mem[X,0x8002D764] -> 0xA223
mem[X,0x8002D766] -> 0x7440
[4589] [M]: 0x8002D764 (0x7440A223) sw tp, 1860(ra)
mem[0x8003A8AC] <- 0x00000003


mem[X,0x8002D768] -> 0x3537
mem[X,0x8002D76A] -> 0x3333
[4590] [M]: 0x8002D768 (0x33333537) lui a0, 209715
x10 <- 0x33333000


mem[X,0x8002D76C] -> 0x0513
mem[X,0x8002D76E] -> 0x3325
[4591] [M]: 0x8002D76C (0x33250513) addi a0, a0, 818
x10 <- 0x33333332


mem[X,0x8002D770] -> 0x0593
mem[X,0x8002D772] -> 0x0040
[4592] [M]: 0x8002D770 (0x00400593) addi a1, zero, 4
x11 <- 0x00000004


mem[X,0x8002D774] -> 0x0213
mem[X,0x8002D776] -> 0x0000
[4593] [M]: 0x8002D774 (0x00000213) addi tp, zero, 0
x4 <- 0x00000000


mem[X,0x8002D778] -> 0x006F
mem[X,0x8002D77A] -> 0x00C0
[4594] [M]: 0x8002D778 (0x00C0006F) jal zero, 12


mem[X,0x8002D784] -> 0x1063
mem[X,0x8002D786] -> 0x04B5
[4595] [M]: 0x8002D784 (0x04B51063) bne a0, a1, 64


mem[X,0x8002D7C4] -> 0x0213
mem[X,0x8002D7C6] -> 0x0032
[4596] [M]: 0x8002D7C4 (0x00320213) addi tp, tp, 3
x4 <- 0x00000003


mem[X,0x8002D7C8] -> 0x006F
mem[X,0x8002D7CA] -> 0x0040
[4597] [M]: 0x8002D7C8 (0x0040006F) jal zero, 4


mem[X,0x8002D7CC] -> 0xA423
mem[X,0x8002D7CE] -> 0x7440
[4598] [M]: 0x8002D7CC (0x7440A423) sw tp, 1864(ra)
mem[0x8003A8B0] <- 0x00000003


mem[X,0x8002D7D0] -> 0x3537
mem[X,0x8002D7D2] -> 0x3333
[4599] [M]: 0x8002D7D0 (0x33333537) lui a0, 209715
x10 <- 0x33333000


clint::tick mtime <- 0x000000000000002E
 clint timer pending at mtime 0x000000000000002E
htif::tick 0x0000000000000000
mem[X,0x8002D7D4] -> 0x0513
mem[X,0x8002D7D6] -> 0x3325
[4600] [M]: 0x8002D7D4 (0x33250513) addi a0, a0, 818
x10 <- 0x33333332


mem[X,0x8002D7D8] -> 0x35B7
mem[X,0x8002D7DA] -> 0x3333
[4601] [M]: 0x8002D7D8 (0x333335B7) lui a1, 209715
x11 <- 0x33333000


mem[X,0x8002D7DC] -> 0x8593
mem[X,0x8002D7DE] -> 0x3325
[4602] [M]: 0x8002D7DC (0x33258593) addi a1, a1, 818
x11 <- 0x33333332


mem[X,0x8002D7E0] -> 0x0213
mem[X,0x8002D7E2] -> 0x0000
[4603] [M]: 0x8002D7E0 (0x00000213) addi tp, zero, 0
x4 <- 0x00000000


mem[X,0x8002D7E4] -> 0x006F
mem[X,0x8002D7E6] -> 0x00C0
[4604] [M]: 0x8002D7E4 (0x00C0006F) jal zero, 12


mem[X,0x8002D7F0] -> 0x1663
mem[X,0x8002D7F2] -> 0x00B5
[4605] [M]: 0x8002D7F0 (0x00B51663) bne a0, a1, 12


mem[X,0x8002D7F4] -> 0x0213
mem[X,0x8002D7F6] -> 0x0022
[4606] [M]: 0x8002D7F4 (0x00220213) addi tp, tp, 2
x4 <- 0x00000002


mem[X,0x8002D7F8] -> 0x006F
mem[X,0x8002D7FA] -> 0x00C0
[4607] [M]: 0x8002D7F8 (0x00C0006F) jal zero, 12


mem[X,0x8002D804] -> 0xA623
mem[X,0x8002D806] -> 0x7440
[4608] [M]: 0x8002D804 (0x7440A623) sw tp, 1868(ra)
mem[0x8003A8B4] <- 0x00000002


mem[X,0x8002D808] -> 0x3537
mem[X,0x8002D80A] -> 0x3333
[4609] [M]: 0x8002D808 (0x33333537) lui a0, 209715
x10 <- 0x33333000


mem[X,0x8002D80C] -> 0x0513
mem[X,0x8002D80E] -> 0x3325
[4610] [M]: 0x8002D80C (0x33250513) addi a0, a0, 818
x10 <- 0x33333332


mem[X,0x8002D810] -> 0x65B7
mem[X,0x8002D812] -> 0x6666
[4611] [M]: 0x8002D810 (0x666665B7) lui a1, 419430
x11 <- 0x66666000


mem[X,0x8002D814] -> 0x8593
mem[X,0x8002D816] -> 0x6655
[4612] [M]: 0x8002D814 (0x66558593) addi a1, a1, 1637
x11 <- 0x66666665


mem[X,0x8002D818] -> 0x0213
mem[X,0x8002D81A] -> 0x0000
[4613] [M]: 0x8002D818 (0x00000213) addi tp, zero, 0
x4 <- 0x00000000


mem[X,0x8002D81C] -> 0x006F
mem[X,0x8002D81E] -> 0x2B10
[4614] [M]: 0x8002D81C (0x2B10006F) jal zero, 2736


mem[X,0x8002E2CC] -> 0x1A63
mem[X,0x8002E2CE] -> 0xD4B5
[4615] [M]: 0x8002E2CC (0xD4B51A63) bne a0, a1, 5460


mem[X,0x8002D820] -> 0x0213
mem[X,0x8002D822] -> 0x0012
[4616] [M]: 0x8002D820 (0x00120213) addi tp, tp, 1
x4 <- 0x00000001


mem[X,0x8002D824] -> 0x006F
mem[X,0x8002D826] -> 0x2BD0
[4617] [M]: 0x8002D824 (0x2BD0006F) jal zero, 2748


mem[X,0x8002E2E0] -> 0xA823
mem[X,0x8002E2E2] -> 0x7440
[4618] [M]: 0x8002E2E0 (0x7440A823) sw tp, 1872(ra)
mem[0x8003A8B8] <- 0x00000001


mem[X,0x8002E2E4] -> 0x3537
mem[X,0x8002E2E6] -> 0x3333
[4619] [M]: 0x8002E2E4 (0x33333537) lui a0, 209715
x10 <- 0x33333000


mem[X,0x8002E2E8] -> 0x0513
mem[X,0x8002E2EA] -> 0x3325
[4620] [M]: 0x8002E2E8 (0x33250513) addi a0, a0, 818
x10 <- 0x33333332


mem[X,0x8002E2EC] -> 0xB5B7
mem[X,0x8002E2EE] -> 0x0000
[4621] [M]: 0x8002E2EC (0x0000B5B7) lui a1, 11
x11 <- 0x0000B000


mem[X,0x8002E2F0] -> 0x8593
mem[X,0x8002E2F2] -> 0x5035
[4622] [M]: 0x8002E2F0 (0x50358593) addi a1, a1, 1283
x11 <- 0x0000B503


mem[X,0x8002E2F4] -> 0x0213
mem[X,0x8002E2F6] -> 0x0000
[4623] [M]: 0x8002E2F4 (0x00000213) addi tp, zero, 0
x4 <- 0x00000000


mem[X,0x8002E2F8] -> 0x006F
mem[X,0x8002E2FA] -> 0x00C0
[4624] [M]: 0x8002E2F8 (0x00C0006F) jal zero, 12


mem[X,0x8002E304] -> 0x1663
mem[X,0x8002E306] -> 0x00B5
[4625] [M]: 0x8002E304 (0x00B51663) bne a0, a1, 12


mem[X,0x8002E310] -> 0x0213
mem[X,0x8002E312] -> 0x0032
[4626] [M]: 0x8002E310 (0x00320213) addi tp, tp, 3
x4 <- 0x00000003


mem[X,0x8002E314] -> 0x006F
mem[X,0x8002E316] -> 0x0040
[4627] [M]: 0x8002E314 (0x0040006F) jal zero, 4


mem[X,0x8002E318] -> 0xAA23
mem[X,0x8002E31A] -> 0x7440
[4628] [M]: 0x8002E318 (0x7440AA23) sw tp, 1876(ra)
mem[0x8003A8BC] <- 0x00000003


mem[X,0x8002E31C] -> 0x3537
mem[X,0x8002E31E] -> 0x3333
[4629] [M]: 0x8002E31C (0x33333537) lui a0, 209715
x10 <- 0x33333000


mem[X,0x8002E320] -> 0x0513
mem[X,0x8002E322] -> 0x3325
[4630] [M]: 0x8002E320 (0x33250513) addi a0, a0, 818
x10 <- 0x33333332


mem[X,0x8002E324] -> 0x55B7
mem[X,0x8002E326] -> 0x5555
[4631] [M]: 0x8002E324 (0x555555B7) lui a1, 349525
x11 <- 0x55555000


mem[X,0x8002E328] -> 0x8593
mem[X,0x8002E32A] -> 0x5565
[4632] [M]: 0x8002E328 (0x55658593) addi a1, a1, 1366
x11 <- 0x55555556


mem[X,0x8002E32C] -> 0x0213
mem[X,0x8002E32E] -> 0x0000
[4633] [M]: 0x8002E32C (0x00000213) addi tp, zero, 0
x4 <- 0x00000000


mem[X,0x8002E330] -> 0x006F
mem[X,0x8002E332] -> 0x00C0
[4634] [M]: 0x8002E330 (0x00C0006F) jal zero, 12


mem[X,0x8002E33C] -> 0x1063
mem[X,0x8002E33E] -> 0x40B5
[4635] [M]: 0x8002E33C (0x40B51063) bne a0, a1, 1024


mem[X,0x8002E73C] -> 0x0213
mem[X,0x8002E73E] -> 0x0032
[4636] [M]: 0x8002E73C (0x00320213) addi tp, tp, 3
x4 <- 0x00000003


mem[X,0x8002E740] -> 0x006F
mem[X,0x8002E742] -> 0x0040
[4637] [M]: 0x8002E740 (0x0040006F) jal zero, 4


mem[X,0x8002E744] -> 0xAC23
mem[X,0x8002E746] -> 0x7440
[4638] [M]: 0x8002E744 (0x7440AC23) sw tp, 1880(ra)
mem[0x8003A8C0] <- 0x00000003


mem[X,0x8002E748] -> 0x3537
mem[X,0x8002E74A] -> 0x3333
[4639] [M]: 0x8002E748 (0x33333537) lui a0, 209715
x10 <- 0x33333000


mem[X,0x8002E74C] -> 0x0513
mem[X,0x8002E74E] -> 0x3325
[4640] [M]: 0x8002E74C (0x33250513) addi a0, a0, 818
x10 <- 0x33333332


mem[X,0x8002E750] -> 0xB5B7
mem[X,0x8002E752] -> 0xAAAA
[4641] [M]: 0x8002E750 (0xAAAAB5B7) lui a1, 699051
x11 <- 0xAAAAB000


mem[X,0x8002E754] -> 0x8593
mem[X,0x8002E756] -> 0xAAB5
[4642] [M]: 0x8002E754 (0xAAB58593) addi a1, a1, 2731
x11 <- 0xAAAAAAAB


mem[X,0x8002E758] -> 0x0213
mem[X,0x8002E75A] -> 0x0000
[4643] [M]: 0x8002E758 (0x00000213) addi tp, zero, 0
x4 <- 0x00000000


mem[X,0x8002E75C] -> 0x006F
mem[X,0x8002E75E] -> 0x2B10
[4644] [M]: 0x8002E75C (0x2B10006F) jal zero, 2736


mem[X,0x8002F20C] -> 0x1A63
mem[X,0x8002F20E] -> 0xD4B5
[4645] [M]: 0x8002F20C (0xD4B51A63) bne a0, a1, 5460


mem[X,0x8002E760] -> 0x0213
mem[X,0x8002E762] -> 0x0012
[4646] [M]: 0x8002E760 (0x00120213) addi tp, tp, 1
x4 <- 0x00000001


mem[X,0x8002E764] -> 0x006F
mem[X,0x8002E766] -> 0x2BD0
[4647] [M]: 0x8002E764 (0x2BD0006F) jal zero, 2748


mem[X,0x8002F220] -> 0xAE23
mem[X,0x8002F222] -> 0x7440
[4648] [M]: 0x8002F220 (0x7440AE23) sw tp, 1884(ra)
mem[0x8003A8C4] <- 0x00000001


mem[X,0x8002F224] -> 0x3537
mem[X,0x8002F226] -> 0x3333
[4649] [M]: 0x8002F224 (0x33333537) lui a0, 209715
x10 <- 0x33333000


mem[X,0x8002F228] -> 0x0513
mem[X,0x8002F22A] -> 0x3325
[4650] [M]: 0x8002F228 (0x33250513) addi a0, a0, 818
x10 <- 0x33333332


mem[X,0x8002F22C] -> 0x0593
mem[X,0x8002F22E] -> 0x0060
[4651] [M]: 0x8002F22C (0x00600593) addi a1, zero, 6
x11 <- 0x00000006


mem[X,0x8002F230] -> 0x0213
mem[X,0x8002F232] -> 0x0000
[4652] [M]: 0x8002F230 (0x00000213) addi tp, zero, 0
x4 <- 0x00000000


mem[X,0x8002F234] -> 0x006F
mem[X,0x8002F236] -> 0x00C0
[4653] [M]: 0x8002F234 (0x00C0006F) jal zero, 12


mem[X,0x8002F240] -> 0x1863
mem[X,0x8002F242] -> 0x00B5
[4654] [M]: 0x8002F240 (0x00B51863) bne a0, a1, 16


mem[X,0x8002F250] -> 0x0213
mem[X,0x8002F252] -> 0x0032
[4655] [M]: 0x8002F250 (0x00320213) addi tp, tp, 3
x4 <- 0x00000003


mem[X,0x8002F254] -> 0x006F
mem[X,0x8002F256] -> 0x0040
[4656] [M]: 0x8002F254 (0x0040006F) jal zero, 4


mem[X,0x8002F258] -> 0xA023
mem[X,0x8002F25A] -> 0x7640
[4657] [M]: 0x8002F258 (0x7640A023) sw tp, 1888(ra)
mem[0x8003A8C8] <- 0x00000003


mem[X,0x8002F25C] -> 0x3537
mem[X,0x8002F25E] -> 0x3333
[4658] [M]: 0x8002F25C (0x33333537) lui a0, 209715
x10 <- 0x33333000


mem[X,0x8002F260] -> 0x0513
mem[X,0x8002F262] -> 0x3325
[4659] [M]: 0x8002F260 (0x33250513) addi a0, a0, 818
x10 <- 0x33333332


mem[X,0x8002F264] -> 0x35B7
mem[X,0x8002F266] -> 0x3333
[4660] [M]: 0x8002F264 (0x333335B7) lui a1, 209715
x11 <- 0x33333000


mem[X,0x8002F268] -> 0x8593
mem[X,0x8002F26A] -> 0x3345
[4661] [M]: 0x8002F268 (0x33458593) addi a1, a1, 820
x11 <- 0x33333334


mem[X,0x8002F26C] -> 0x0213
mem[X,0x8002F26E] -> 0x0000
[4662] [M]: 0x8002F26C (0x00000213) addi tp, zero, 0
x4 <- 0x00000000


mem[X,0x8002F270] -> 0x006F
mem[X,0x8002F272] -> 0x00C0
[4663] [M]: 0x8002F270 (0x00C0006F) jal zero, 12


mem[X,0x8002F27C] -> 0x1663
mem[X,0x8002F27E] -> 0x00B5
[4664] [M]: 0x8002F27C (0x00B51663) bne a0, a1, 12


mem[X,0x8002F288] -> 0x0213
mem[X,0x8002F28A] -> 0x0032
[4665] [M]: 0x8002F288 (0x00320213) addi tp, tp, 3
x4 <- 0x00000003


mem[X,0x8002F28C] -> 0x006F
mem[X,0x8002F28E] -> 0x0040
[4666] [M]: 0x8002F28C (0x0040006F) jal zero, 4


mem[X,0x8002F290] -> 0xA223
mem[X,0x8002F292] -> 0x7640
[4667] [M]: 0x8002F290 (0x7640A223) sw tp, 1892(ra)
mem[0x8003A8CC] <- 0x00000003


mem[X,0x8002F294] -> 0x3537
mem[X,0x8002F296] -> 0x3333
[4668] [M]: 0x8002F294 (0x33333537) lui a0, 209715
x10 <- 0x33333000


mem[X,0x8002F298] -> 0x0513
mem[X,0x8002F29A] -> 0x3325
[4669] [M]: 0x8002F298 (0x33250513) addi a0, a0, 818
x10 <- 0x33333332


mem[X,0x8002F29C] -> 0x65B7
mem[X,0x8002F29E] -> 0x6666
[4670] [M]: 0x8002F29C (0x666665B7) lui a1, 419430
x11 <- 0x66666000


mem[X,0x8002F2A0] -> 0x8593
mem[X,0x8002F2A2] -> 0x6675
[4671] [M]: 0x8002F2A0 (0x66758593) addi a1, a1, 1639
x11 <- 0x66666667


mem[X,0x8002F2A4] -> 0x0213
mem[X,0x8002F2A6] -> 0x0000
[4672] [M]: 0x8002F2A4 (0x00000213) addi tp, zero, 0
x4 <- 0x00000000


mem[X,0x8002F2A8] -> 0x006F
mem[X,0x8002F2AA] -> 0x00C0
[4673] [M]: 0x8002F2A8 (0x00C0006F) jal zero, 12


mem[X,0x8002F2B4] -> 0x1063
mem[X,0x8002F2B6] -> 0x20B5
[4674] [M]: 0x8002F2B4 (0x20B51063) bne a0, a1, 512


mem[X,0x8002F4B4] -> 0x0213
mem[X,0x8002F4B6] -> 0x0032
[4675] [M]: 0x8002F4B4 (0x00320213) addi tp, tp, 3
x4 <- 0x00000003


mem[X,0x8002F4B8] -> 0x006F
mem[X,0x8002F4BA] -> 0x0040
[4676] [M]: 0x8002F4B8 (0x0040006F) jal zero, 4


mem[X,0x8002F4BC] -> 0xA423
mem[X,0x8002F4BE] -> 0x7640
[4677] [M]: 0x8002F4BC (0x7640A423) sw tp, 1896(ra)
mem[0x8003A8D0] <- 0x00000003


mem[X,0x8002F4C0] -> 0x3537
mem[X,0x8002F4C2] -> 0x3333
[4678] [M]: 0x8002F4C0 (0x33333537) lui a0, 209715
x10 <- 0x33333000


mem[X,0x8002F4C4] -> 0x0513
mem[X,0x8002F4C6] -> 0x3325
[4679] [M]: 0x8002F4C4 (0x33250513) addi a0, a0, 818
x10 <- 0x33333332


mem[X,0x8002F4C8] -> 0x55B7
mem[X,0x8002F4CA] -> 0xFFFF
[4680] [M]: 0x8002F4C8 (0xFFFF55B7) lui a1, 1048565
x11 <- 0xFFFF5000


mem[X,0x8002F4CC] -> 0x8593
mem[X,0x8002F4CE] -> 0xAFD5
[4681] [M]: 0x8002F4CC (0xAFD58593) addi a1, a1, 2813
x11 <- 0xFFFF4AFD


mem[X,0x8002F4D0] -> 0x0213
mem[X,0x8002F4D2] -> 0x0000
[4682] [M]: 0x8002F4D0 (0x00000213) addi tp, zero, 0
x4 <- 0x00000000


mem[X,0x8002F4D4] -> 0x006F
mem[X,0x8002F4D6] -> 0x00C0
[4683] [M]: 0x8002F4D4 (0x00C0006F) jal zero, 12


mem[X,0x8002F4E0] -> 0x1663
mem[X,0x8002F4E2] -> 0x00B5
[4684] [M]: 0x8002F4E0 (0x00B51663) bne a0, a1, 12


mem[X,0x8002F4EC] -> 0x0213
mem[X,0x8002F4EE] -> 0x0032
[4685] [M]: 0x8002F4EC (0x00320213) addi tp, tp, 3
x4 <- 0x00000003


mem[X,0x8002F4F0] -> 0x006F
mem[X,0x8002F4F2] -> 0x0040
[4686] [M]: 0x8002F4F0 (0x0040006F) jal zero, 4


mem[X,0x8002F4F4] -> 0xA623
mem[X,0x8002F4F6] -> 0x7640
[4687] [M]: 0x8002F4F4 (0x7640A623) sw tp, 1900(ra)
mem[0x8003A8D4] <- 0x00000003


mem[X,0x8002F4F8] -> 0x3537
mem[X,0x8002F4FA] -> 0x3333
[4688] [M]: 0x8002F4F8 (0x33333537) lui a0, 209715
x10 <- 0x33333000


mem[X,0x8002F4FC] -> 0x0513
mem[X,0x8002F4FE] -> 0x3325
[4689] [M]: 0x8002F4FC (0x33250513) addi a0, a0, 818
x10 <- 0x33333332


mem[X,0x8002F500] -> 0xB5B7
mem[X,0x8002F502] -> 0x0000
[4690] [M]: 0x8002F500 (0x0000B5B7) lui a1, 11
x11 <- 0x0000B000


mem[X,0x8002F504] -> 0x8593
mem[X,0x8002F506] -> 0x5055
[4691] [M]: 0x8002F504 (0x50558593) addi a1, a1, 1285
x11 <- 0x0000B505


mem[X,0x8002F508] -> 0x0213
mem[X,0x8002F50A] -> 0x0000
[4692] [M]: 0x8002F508 (0x00000213) addi tp, zero, 0
x4 <- 0x00000000


mem[X,0x8002F50C] -> 0x006F
mem[X,0x8002F50E] -> 0x00C0
[4693] [M]: 0x8002F50C (0x00C0006F) jal zero, 12


mem[X,0x8002F518] -> 0x1063
mem[X,0x8002F51A] -> 0x40B5
[4694] [M]: 0x8002F518 (0x40B51063) bne a0, a1, 1024


mem[X,0x8002F918] -> 0x0213
mem[X,0x8002F91A] -> 0x0032
[4695] [M]: 0x8002F918 (0x00320213) addi tp, tp, 3
x4 <- 0x00000003


mem[X,0x8002F91C] -> 0x006F
mem[X,0x8002F91E] -> 0x0040
[4696] [M]: 0x8002F91C (0x0040006F) jal zero, 4


mem[X,0x8002F920] -> 0xA823
mem[X,0x8002F922] -> 0x7640
[4697] [M]: 0x8002F920 (0x7640A823) sw tp, 1904(ra)
mem[0x8003A8D8] <- 0x00000003


mem[X,0x8002F924] -> 0x6537
mem[X,0x8002F926] -> 0x6666
[4698] [M]: 0x8002F924 (0x66666537) lui a0, 419430
x10 <- 0x66666000


mem[X,0x8002F928] -> 0x0513
mem[X,0x8002F92A] -> 0x6655
[4699] [M]: 0x8002F928 (0x66550513) addi a0, a0, 1637
x10 <- 0x66666665


clint::tick mtime <- 0x000000000000002F
 clint timer pending at mtime 0x000000000000002F
htif::tick 0x0000000000000000
mem[X,0x8002F92C] -> 0x0593
mem[X,0x8002F92E] -> 0x0030
[4700] [M]: 0x8002F92C (0x00300593) addi a1, zero, 3
x11 <- 0x00000003


mem[X,0x8002F930] -> 0x0213
mem[X,0x8002F932] -> 0x0000
[4701] [M]: 0x8002F930 (0x00000213) addi tp, zero, 0
x4 <- 0x00000000


mem[X,0x8002F934] -> 0x006F
mem[X,0x8002F936] -> 0x00C0
[4702] [M]: 0x8002F934 (0x00C0006F) jal zero, 12


mem[X,0x8002F940] -> 0x1063
mem[X,0x8002F942] -> 0x40B5
[4703] [M]: 0x8002F940 (0x40B51063) bne a0, a1, 1024


mem[X,0x8002FD40] -> 0x0213
mem[X,0x8002FD42] -> 0x0032
[4704] [M]: 0x8002FD40 (0x00320213) addi tp, tp, 3
x4 <- 0x00000003


mem[X,0x8002FD44] -> 0x006F
mem[X,0x8002FD46] -> 0x0040
[4705] [M]: 0x8002FD44 (0x0040006F) jal zero, 4


mem[X,0x8002FD48] -> 0xAA23
mem[X,0x8002FD4A] -> 0x7640
[4706] [M]: 0x8002FD48 (0x7640AA23) sw tp, 1908(ra)
mem[0x8003A8DC] <- 0x00000003


mem[X,0x8002FD4C] -> 0x6537
mem[X,0x8002FD4E] -> 0x6666
[4707] [M]: 0x8002FD4C (0x66666537) lui a0, 419430
x10 <- 0x66666000


mem[X,0x8002FD50] -> 0x0513
mem[X,0x8002FD52] -> 0x6655
[4708] [M]: 0x8002FD50 (0x66550513) addi a0, a0, 1637
x10 <- 0x66666665


mem[X,0x8002FD54] -> 0x55B7
mem[X,0x8002FD56] -> 0x5555
[4709] [M]: 0x8002FD54 (0x555555B7) lui a1, 349525
x11 <- 0x55555000


mem[X,0x8002FD58] -> 0x8593
mem[X,0x8002FD5A] -> 0x5555
[4710] [M]: 0x8002FD58 (0x55558593) addi a1, a1, 1365
x11 <- 0x55555555


mem[X,0x8002FD5C] -> 0x0213
mem[X,0x8002FD5E] -> 0x0000
[4711] [M]: 0x8002FD5C (0x00000213) addi tp, zero, 0
x4 <- 0x00000000


mem[X,0x8002FD60] -> 0x006F
mem[X,0x8002FD62] -> 0x00C0
[4712] [M]: 0x8002FD60 (0x00C0006F) jal zero, 12


mem[X,0x8002FD6C] -> 0x1863
mem[X,0x8002FD6E] -> 0x00B5
[4713] [M]: 0x8002FD6C (0x00B51863) bne a0, a1, 16


mem[X,0x8002FD7C] -> 0x0213
mem[X,0x8002FD7E] -> 0x0032
[4714] [M]: 0x8002FD7C (0x00320213) addi tp, tp, 3
x4 <- 0x00000003


mem[X,0x8002FD80] -> 0x006F
mem[X,0x8002FD82] -> 0x0040
[4715] [M]: 0x8002FD80 (0x0040006F) jal zero, 4


mem[X,0x8002FD84] -> 0xAC23
mem[X,0x8002FD86] -> 0x7640
[4716] [M]: 0x8002FD84 (0x7640AC23) sw tp, 1912(ra)
mem[0x8003A8E0] <- 0x00000003


mem[X,0x8002FD88] -> 0x6537
mem[X,0x8002FD8A] -> 0x6666
[4717] [M]: 0x8002FD88 (0x66666537) lui a0, 419430
x10 <- 0x66666000


mem[X,0x8002FD8C] -> 0x0513
mem[X,0x8002FD8E] -> 0x6655
[4718] [M]: 0x8002FD8C (0x66550513) addi a0, a0, 1637
x10 <- 0x66666665


mem[X,0x8002FD90] -> 0xB5B7
mem[X,0x8002FD92] -> 0xAAAA
[4719] [M]: 0x8002FD90 (0xAAAAB5B7) lui a1, 699051
x11 <- 0xAAAAB000


mem[X,0x8002FD94] -> 0x8593
mem[X,0x8002FD96] -> 0xAAA5
[4720] [M]: 0x8002FD94 (0xAAA58593) addi a1, a1, 2730
x11 <- 0xAAAAAAAA


mem[X,0x8002FD98] -> 0x0213
mem[X,0x8002FD9A] -> 0x0000
[4721] [M]: 0x8002FD98 (0x00000213) addi tp, zero, 0
x4 <- 0x00000000


mem[X,0x8002FD9C] -> 0x006F
mem[X,0x8002FD9E] -> 0x00C0
[4722] [M]: 0x8002FD9C (0x00C0006F) jal zero, 12


mem[X,0x8002FDA8] -> 0x1663
mem[X,0x8002FDAA] -> 0x00B5
[4723] [M]: 0x8002FDA8 (0x00B51663) bne a0, a1, 12


mem[X,0x8002FDB4] -> 0x0213
mem[X,0x8002FDB6] -> 0x0032
[4724] [M]: 0x8002FDB4 (0x00320213) addi tp, tp, 3
x4 <- 0x00000003


mem[X,0x8002FDB8] -> 0x006F
mem[X,0x8002FDBA] -> 0x0040
[4725] [M]: 0x8002FDB8 (0x0040006F) jal zero, 4


mem[X,0x8002FDBC] -> 0xAE23
mem[X,0x8002FDBE] -> 0x7640
[4726] [M]: 0x8002FDBC (0x7640AE23) sw tp, 1916(ra)
mem[0x8003A8E4] <- 0x00000003


mem[X,0x8002FDC0] -> 0x6537
mem[X,0x8002FDC2] -> 0x6666
[4727] [M]: 0x8002FDC0 (0x66666537) lui a0, 419430
x10 <- 0x66666000


mem[X,0x8002FDC4] -> 0x0513
mem[X,0x8002FDC6] -> 0x6655
[4728] [M]: 0x8002FDC4 (0x66550513) addi a0, a0, 1637
x10 <- 0x66666665


mem[X,0x8002FDC8] -> 0x0593
mem[X,0x8002FDCA] -> 0x0050
[4729] [M]: 0x8002FDC8 (0x00500593) addi a1, zero, 5
x11 <- 0x00000005


mem[X,0x8002FDCC] -> 0x0213
mem[X,0x8002FDCE] -> 0x0000
[4730] [M]: 0x8002FDCC (0x00000213) addi tp, zero, 0
x4 <- 0x00000000


mem[X,0x8002FDD0] -> 0x006F
mem[X,0x8002FDD2] -> 0x00C0
[4731] [M]: 0x8002FDD0 (0x00C0006F) jal zero, 12


mem[X,0x8002FDDC] -> 0x1663
mem[X,0x8002FDDE] -> 0x00B5
[4732] [M]: 0x8002FDDC (0x00B51663) bne a0, a1, 12


mem[X,0x8002FDE8] -> 0x0213
mem[X,0x8002FDEA] -> 0x0032
[4733] [M]: 0x8002FDE8 (0x00320213) addi tp, tp, 3
x4 <- 0x00000003


mem[X,0x8002FDEC] -> 0x006F
mem[X,0x8002FDEE] -> 0x0040
[4734] [M]: 0x8002FDEC (0x0040006F) jal zero, 4


mem[X,0x8002FDF0] -> 0xA023
mem[X,0x8002FDF2] -> 0x7840
[4735] [M]: 0x8002FDF0 (0x7840A023) sw tp, 1920(ra)
mem[0x8003A8E8] <- 0x00000003


mem[X,0x8002FDF4] -> 0x6537
mem[X,0x8002FDF6] -> 0x6666
[4736] [M]: 0x8002FDF4 (0x66666537) lui a0, 419430
x10 <- 0x66666000


mem[X,0x8002FDF8] -> 0x0513
mem[X,0x8002FDFA] -> 0x6655
[4737] [M]: 0x8002FDF8 (0x66550513) addi a0, a0, 1637
x10 <- 0x66666665


mem[X,0x8002FDFC] -> 0x35B7
mem[X,0x8002FDFE] -> 0x3333
[4738] [M]: 0x8002FDFC (0x333335B7) lui a1, 209715
x11 <- 0x33333000


mem[X,0x8002FE00] -> 0x8593
mem[X,0x8002FE02] -> 0x3335
[4739] [M]: 0x8002FE00 (0x33358593) addi a1, a1, 819
x11 <- 0x33333333


mem[X,0x8002FE04] -> 0x0213
mem[X,0x8002FE06] -> 0x0000
[4740] [M]: 0x8002FE04 (0x00000213) addi tp, zero, 0
x4 <- 0x00000000


mem[X,0x8002FE08] -> 0x006F
mem[X,0x8002FE0A] -> 0x00C0
[4741] [M]: 0x8002FE08 (0x00C0006F) jal zero, 12


mem[X,0x8002FE14] -> 0x1663
mem[X,0x8002FE16] -> 0x00B5
[4742] [M]: 0x8002FE14 (0x00B51663) bne a0, a1, 12


mem[X,0x8002FE20] -> 0x0213
mem[X,0x8002FE22] -> 0x0032
[4743] [M]: 0x8002FE20 (0x00320213) addi tp, tp, 3
x4 <- 0x00000003


mem[X,0x8002FE24] -> 0x006F
mem[X,0x8002FE26] -> 0x0040
[4744] [M]: 0x8002FE24 (0x0040006F) jal zero, 4


mem[X,0x8002FE28] -> 0xA223
mem[X,0x8002FE2A] -> 0x7840
[4745] [M]: 0x8002FE28 (0x7840A223) sw tp, 1924(ra)
mem[0x8003A8EC] <- 0x00000003


mem[X,0x8002FE2C] -> 0x6537
mem[X,0x8002FE2E] -> 0x6666
[4746] [M]: 0x8002FE2C (0x66666537) lui a0, 419430
x10 <- 0x66666000


mem[X,0x8002FE30] -> 0x0513
mem[X,0x8002FE32] -> 0x6655
[4747] [M]: 0x8002FE30 (0x66550513) addi a0, a0, 1637
x10 <- 0x66666665


mem[X,0x8002FE34] -> 0x65B7
mem[X,0x8002FE36] -> 0x6666
[4748] [M]: 0x8002FE34 (0x666665B7) lui a1, 419430
x11 <- 0x66666000


mem[X,0x8002FE38] -> 0x8593
mem[X,0x8002FE3A] -> 0x6665
[4749] [M]: 0x8002FE38 (0x66658593) addi a1, a1, 1638
x11 <- 0x66666666


mem[X,0x8002FE3C] -> 0x0213
mem[X,0x8002FE3E] -> 0x0000
[4750] [M]: 0x8002FE3C (0x00000213) addi tp, zero, 0
x4 <- 0x00000000


mem[X,0x8002FE40] -> 0x006F
mem[X,0x8002FE42] -> 0x00C0
[4751] [M]: 0x8002FE40 (0x00C0006F) jal zero, 12


mem[X,0x8002FE4C] -> 0x1063
mem[X,0x8002FE4E] -> 0x10B5
[4752] [M]: 0x8002FE4C (0x10B51063) bne a0, a1, 256


mem[X,0x8002FF4C] -> 0x0213
mem[X,0x8002FF4E] -> 0x0032
[4753] [M]: 0x8002FF4C (0x00320213) addi tp, tp, 3
x4 <- 0x00000003


mem[X,0x8002FF50] -> 0x006F
mem[X,0x8002FF52] -> 0x0040
[4754] [M]: 0x8002FF50 (0x0040006F) jal zero, 4


mem[X,0x8002FF54] -> 0xA423
mem[X,0x8002FF56] -> 0x7840
[4755] [M]: 0x8002FF54 (0x7840A423) sw tp, 1928(ra)
mem[0x8003A8F0] <- 0x00000003


mem[X,0x8002FF58] -> 0x6537
mem[X,0x8002FF5A] -> 0x6666
[4756] [M]: 0x8002FF58 (0x66666537) lui a0, 419430
x10 <- 0x66666000


mem[X,0x8002FF5C] -> 0x0513
mem[X,0x8002FF5E] -> 0x6655
[4757] [M]: 0x8002FF5C (0x66550513) addi a0, a0, 1637
x10 <- 0x66666665


mem[X,0x8002FF60] -> 0x55B7
mem[X,0x8002FF62] -> 0xFFFF
[4758] [M]: 0x8002FF60 (0xFFFF55B7) lui a1, 1048565
x11 <- 0xFFFF5000


mem[X,0x8002FF64] -> 0x8593
mem[X,0x8002FF66] -> 0xAFC5
[4759] [M]: 0x8002FF64 (0xAFC58593) addi a1, a1, 2812
x11 <- 0xFFFF4AFC


mem[X,0x8002FF68] -> 0x0213
mem[X,0x8002FF6A] -> 0x0000
[4760] [M]: 0x8002FF68 (0x00000213) addi tp, zero, 0
x4 <- 0x00000000


mem[X,0x8002FF6C] -> 0x006F
mem[X,0x8002FF6E] -> 0x00C0
[4761] [M]: 0x8002FF6C (0x00C0006F) jal zero, 12


mem[X,0x8002FF78] -> 0x1063
mem[X,0x8002FF7A] -> 0x40B5
[4762] [M]: 0x8002FF78 (0x40B51063) bne a0, a1, 1024


mem[X,0x80030378] -> 0x0213
mem[X,0x8003037A] -> 0x0032
[4763] [M]: 0x80030378 (0x00320213) addi tp, tp, 3
x4 <- 0x00000003


mem[X,0x8003037C] -> 0x006F
mem[X,0x8003037E] -> 0x0040
[4764] [M]: 0x8003037C (0x0040006F) jal zero, 4


mem[X,0x80030380] -> 0xA623
mem[X,0x80030382] -> 0x7840
[4765] [M]: 0x80030380 (0x7840A623) sw tp, 1932(ra)
mem[0x8003A8F4] <- 0x00000003


mem[X,0x80030384] -> 0x6537
mem[X,0x80030386] -> 0x6666
[4766] [M]: 0x80030384 (0x66666537) lui a0, 419430
x10 <- 0x66666000


mem[X,0x80030388] -> 0x0513
mem[X,0x8003038A] -> 0x6655
[4767] [M]: 0x80030388 (0x66550513) addi a0, a0, 1637
x10 <- 0x66666665


mem[X,0x8003038C] -> 0xB5B7
mem[X,0x8003038E] -> 0x0000
[4768] [M]: 0x8003038C (0x0000B5B7) lui a1, 11
x11 <- 0x0000B000


mem[X,0x80030390] -> 0x8593
mem[X,0x80030392] -> 0x5045
[4769] [M]: 0x80030390 (0x50458593) addi a1, a1, 1284
x11 <- 0x0000B504


mem[X,0x80030394] -> 0x0213
mem[X,0x80030396] -> 0x0000
[4770] [M]: 0x80030394 (0x00000213) addi tp, zero, 0
x4 <- 0x00000000


mem[X,0x80030398] -> 0x006F
mem[X,0x8003039A] -> 0x00C0
[4771] [M]: 0x80030398 (0x00C0006F) jal zero, 12


mem[X,0x800303A4] -> 0x1663
mem[X,0x800303A6] -> 0x00B5
[4772] [M]: 0x800303A4 (0x00B51663) bne a0, a1, 12


mem[X,0x800303B0] -> 0x0213
mem[X,0x800303B2] -> 0x0032
[4773] [M]: 0x800303B0 (0x00320213) addi tp, tp, 3
x4 <- 0x00000003


mem[X,0x800303B4] -> 0x006F
mem[X,0x800303B6] -> 0x0040
[4774] [M]: 0x800303B4 (0x0040006F) jal zero, 4


mem[X,0x800303B8] -> 0xA823
mem[X,0x800303BA] -> 0x7840
[4775] [M]: 0x800303B8 (0x7840A823) sw tp, 1936(ra)
mem[0x8003A8F8] <- 0x00000003


mem[X,0x800303BC] -> 0x6537
mem[X,0x800303BE] -> 0x6666
[4776] [M]: 0x800303BC (0x66666537) lui a0, 419430
x10 <- 0x66666000


mem[X,0x800303C0] -> 0x0513
mem[X,0x800303C2] -> 0x6655
[4777] [M]: 0x800303C0 (0x66550513) addi a0, a0, 1637
x10 <- 0x66666665


mem[X,0x800303C4] -> 0x0593
mem[X,0x800303C6] -> 0x0020
[4778] [M]: 0x800303C4 (0x00200593) addi a1, zero, 2
x11 <- 0x00000002


mem[X,0x800303C8] -> 0x0213
mem[X,0x800303CA] -> 0x0000
[4779] [M]: 0x800303C8 (0x00000213) addi tp, zero, 0
x4 <- 0x00000000


mem[X,0x800303CC] -> 0x006F
mem[X,0x800303CE] -> 0x0050
[4780] [M]: 0x800303CC (0x0050006F) jal zero, 2052


mem[X,0x80030BD0] -> 0x10E3
mem[X,0x80030BD2] -> 0x80B5
[4781] [M]: 0x80030BD0 (0x80B510E3) bne a0, a1, 6144


mem[X,0x800303D0] -> 0x0213
mem[X,0x800303D2] -> 0x0012
[4782] [M]: 0x800303D0 (0x00120213) addi tp, tp, 1
x4 <- 0x00000001


mem[X,0x800303D4] -> 0x006F
mem[X,0x800303D6] -> 0x0110
[4783] [M]: 0x800303D4 (0x0110006F) jal zero, 2064


mem[X,0x80030BE4] -> 0xAA23
mem[X,0x80030BE6] -> 0x7840
[4784] [M]: 0x80030BE4 (0x7840AA23) sw tp, 1940(ra)
mem[0x8003A8FC] <- 0x00000001


mem[X,0x80030BE8] -> 0x6537
mem[X,0x80030BEA] -> 0x6666
[4785] [M]: 0x80030BE8 (0x66666537) lui a0, 419430
x10 <- 0x66666000


mem[X,0x80030BEC] -> 0x0513
mem[X,0x80030BEE] -> 0x6655
[4786] [M]: 0x80030BEC (0x66550513) addi a0, a0, 1637
x10 <- 0x66666665


mem[X,0x80030BF0] -> 0x55B7
mem[X,0x80030BF2] -> 0x5555
[4787] [M]: 0x80030BF0 (0x555555B7) lui a1, 349525
x11 <- 0x55555000


mem[X,0x80030BF4] -> 0x8593
mem[X,0x80030BF6] -> 0x5545
[4788] [M]: 0x80030BF4 (0x55458593) addi a1, a1, 1364
x11 <- 0x55555554


mem[X,0x80030BF8] -> 0x0213
mem[X,0x80030BFA] -> 0x0000
[4789] [M]: 0x80030BF8 (0x00000213) addi tp, zero, 0
x4 <- 0x00000000


mem[X,0x80030BFC] -> 0x006F
mem[X,0x80030BFE] -> 0x2B10
[4790] [M]: 0x80030BFC (0x2B10006F) jal zero, 2736


mem[X,0x800316AC] -> 0x1A63
mem[X,0x800316AE] -> 0xD4B5
[4791] [M]: 0x800316AC (0xD4B51A63) bne a0, a1, 5460


mem[X,0x80030C00] -> 0x0213
mem[X,0x80030C02] -> 0x0012
[4792] [M]: 0x80030C00 (0x00120213) addi tp, tp, 1
x4 <- 0x00000001


mem[X,0x80030C04] -> 0x006F
mem[X,0x80030C06] -> 0x2BD0
[4793] [M]: 0x80030C04 (0x2BD0006F) jal zero, 2748


mem[X,0x800316C0] -> 0xAC23
mem[X,0x800316C2] -> 0x7840
[4794] [M]: 0x800316C0 (0x7840AC23) sw tp, 1944(ra)
mem[0x8003A900] <- 0x00000001


mem[X,0x800316C4] -> 0x6537
mem[X,0x800316C6] -> 0x6666
[4795] [M]: 0x800316C4 (0x66666537) lui a0, 419430
x10 <- 0x66666000


mem[X,0x800316C8] -> 0x0513
mem[X,0x800316CA] -> 0x6655
[4796] [M]: 0x800316C8 (0x66550513) addi a0, a0, 1637
x10 <- 0x66666665


mem[X,0x800316CC] -> 0x0593
mem[X,0x800316CE] -> 0x0000
[4797] [M]: 0x800316CC (0x00000593) addi a1, zero, 0
x11 <- 0x00000000


mem[X,0x800316D0] -> 0x0213
mem[X,0x800316D2] -> 0x0000
[4798] [M]: 0x800316D0 (0x00000213) addi tp, zero, 0
x4 <- 0x00000000


mem[X,0x800316D4] -> 0x006F
mem[X,0x800316D6] -> 0x00C0
[4799] [M]: 0x800316D4 (0x00C0006F) jal zero, 12


clint::tick mtime <- 0x0000000000000030
 clint timer pending at mtime 0x0000000000000030
htif::tick 0x0000000000000000
mem[X,0x800316E0] -> 0x1663
mem[X,0x800316E2] -> 0x00B5
[4800] [M]: 0x800316E0 (0x00B51663) bne a0, a1, 12


mem[X,0x800316EC] -> 0x0213
mem[X,0x800316EE] -> 0x0032
[4801] [M]: 0x800316EC (0x00320213) addi tp, tp, 3
x4 <- 0x00000003


mem[X,0x800316F0] -> 0x006F
mem[X,0x800316F2] -> 0x0040
[4802] [M]: 0x800316F0 (0x0040006F) jal zero, 4


mem[X,0x800316F4] -> 0xAE23
mem[X,0x800316F6] -> 0x7840
[4803] [M]: 0x800316F4 (0x7840AE23) sw tp, 1948(ra)
mem[0x8003A904] <- 0x00000003


mem[X,0x800316F8] -> 0x6537
mem[X,0x800316FA] -> 0x6666
[4804] [M]: 0x800316F8 (0x66666537) lui a0, 419430
x10 <- 0x66666000


mem[X,0x800316FC] -> 0x0513
mem[X,0x800316FE] -> 0x6655
[4805] [M]: 0x800316FC (0x66550513) addi a0, a0, 1637
x10 <- 0x66666665


mem[X,0x80031700] -> 0x0593
mem[X,0x80031702] -> 0x0040
[4806] [M]: 0x80031700 (0x00400593) addi a1, zero, 4
x11 <- 0x00000004


mem[X,0x80031704] -> 0x0213
mem[X,0x80031706] -> 0x0000
[4807] [M]: 0x80031704 (0x00000213) addi tp, zero, 0
x4 <- 0x00000000


mem[X,0x80031708] -> 0x006F
mem[X,0x8003170A] -> 0x00C0
[4808] [M]: 0x80031708 (0x00C0006F) jal zero, 12


mem[X,0x80031714] -> 0x1CE3
mem[X,0x80031716] -> 0xFEB5
[4809] [M]: 0x80031714 (0xFEB51CE3) bne a0, a1, 8184


mem[X,0x8003170C] -> 0x0213
mem[X,0x8003170E] -> 0x0012
[4810] [M]: 0x8003170C (0x00120213) addi tp, tp, 1
x4 <- 0x00000001


mem[X,0x80031710] -> 0x006F
mem[X,0x80031712] -> 0x0180
[4811] [M]: 0x80031710 (0x0180006F) jal zero, 24


mem[X,0x80031728] -> 0xA023
mem[X,0x8003172A] -> 0x7A40
[4812] [M]: 0x80031728 (0x7A40A023) sw tp, 1952(ra)
mem[0x8003A908] <- 0x00000001


mem[X,0x8003172C] -> 0x6537
mem[X,0x8003172E] -> 0x6666
[4813] [M]: 0x8003172C (0x66666537) lui a0, 419430
x10 <- 0x66666000


mem[X,0x80031730] -> 0x0513
mem[X,0x80031732] -> 0x6655
[4814] [M]: 0x80031730 (0x66550513) addi a0, a0, 1637
x10 <- 0x66666665


mem[X,0x80031734] -> 0x35B7
mem[X,0x80031736] -> 0x3333
[4815] [M]: 0x80031734 (0x333335B7) lui a1, 209715
x11 <- 0x33333000


mem[X,0x80031738] -> 0x8593
mem[X,0x8003173A] -> 0x3325
[4816] [M]: 0x80031738 (0x33258593) addi a1, a1, 818
x11 <- 0x33333332


mem[X,0x8003173C] -> 0x0213
mem[X,0x8003173E] -> 0x0000
[4817] [M]: 0x8003173C (0x00000213) addi tp, zero, 0
x4 <- 0x00000000


mem[X,0x80031740] -> 0x006F
mem[X,0x80031742] -> 0x2B10
[4818] [M]: 0x80031740 (0x2B10006F) jal zero, 2736


mem[X,0x800321F0] -> 0x1A63
mem[X,0x800321F2] -> 0xD4B5
[4819] [M]: 0x800321F0 (0xD4B51A63) bne a0, a1, 5460


mem[X,0x80031744] -> 0x0213
mem[X,0x80031746] -> 0x0012
[4820] [M]: 0x80031744 (0x00120213) addi tp, tp, 1
x4 <- 0x00000001


mem[X,0x80031748] -> 0x006F
mem[X,0x8003174A] -> 0x2BD0
[4821] [M]: 0x80031748 (0x2BD0006F) jal zero, 2748


mem[X,0x80032204] -> 0xA223
mem[X,0x80032206] -> 0x7A40
[4822] [M]: 0x80032204 (0x7A40A223) sw tp, 1956(ra)
mem[0x8003A90C] <- 0x00000001


mem[X,0x80032208] -> 0x6537
mem[X,0x8003220A] -> 0x6666
[4823] [M]: 0x80032208 (0x66666537) lui a0, 419430
x10 <- 0x66666000


mem[X,0x8003220C] -> 0x0513
mem[X,0x8003220E] -> 0x6655
[4824] [M]: 0x8003220C (0x66550513) addi a0, a0, 1637
x10 <- 0x66666665


mem[X,0x80032210] -> 0x65B7
mem[X,0x80032212] -> 0x6666
[4825] [M]: 0x80032210 (0x666665B7) lui a1, 419430
x11 <- 0x66666000


mem[X,0x80032214] -> 0x8593
mem[X,0x80032216] -> 0x6655
[4826] [M]: 0x80032214 (0x66558593) addi a1, a1, 1637
x11 <- 0x66666665


mem[X,0x80032218] -> 0x0213
mem[X,0x8003221A] -> 0x0000
[4827] [M]: 0x80032218 (0x00000213) addi tp, zero, 0
x4 <- 0x00000000


mem[X,0x8003221C] -> 0x006F
mem[X,0x8003221E] -> 0x00C0
[4828] [M]: 0x8003221C (0x00C0006F) jal zero, 12


mem[X,0x80032228] -> 0x1063
mem[X,0x8003222A] -> 0x40B5
[4829] [M]: 0x80032228 (0x40B51063) bne a0, a1, 1024


mem[X,0x8003222C] -> 0x0213
mem[X,0x8003222E] -> 0x0022
[4830] [M]: 0x8003222C (0x00220213) addi tp, tp, 2
x4 <- 0x00000002


mem[X,0x80032230] -> 0x006F
mem[X,0x80032232] -> 0x4000
[4831] [M]: 0x80032230 (0x4000006F) jal zero, 1024


mem[X,0x80032630] -> 0xA423
mem[X,0x80032632] -> 0x7A40
[4832] [M]: 0x80032630 (0x7A40A423) sw tp, 1960(ra)
mem[0x8003A910] <- 0x00000002


mem[X,0x80032634] -> 0x6537
mem[X,0x80032636] -> 0x6666
[4833] [M]: 0x80032634 (0x66666537) lui a0, 419430
x10 <- 0x66666000


mem[X,0x80032638] -> 0x0513
mem[X,0x8003263A] -> 0x6655
[4834] [M]: 0x80032638 (0x66550513) addi a0, a0, 1637
x10 <- 0x66666665


mem[X,0x8003263C] -> 0xB5B7
mem[X,0x8003263E] -> 0x0000
[4835] [M]: 0x8003263C (0x0000B5B7) lui a1, 11
x11 <- 0x0000B000


mem[X,0x80032640] -> 0x8593
mem[X,0x80032642] -> 0x5035
[4836] [M]: 0x80032640 (0x50358593) addi a1, a1, 1283
x11 <- 0x0000B503


mem[X,0x80032644] -> 0x0213
mem[X,0x80032646] -> 0x0000
[4837] [M]: 0x80032644 (0x00000213) addi tp, zero, 0
x4 <- 0x00000000


mem[X,0x80032648] -> 0x006F
mem[X,0x8003264A] -> 0x0100
[4838] [M]: 0x80032648 (0x0100006F) jal zero, 16


mem[X,0x80032658] -> 0x1AE3
mem[X,0x8003265A] -> 0xFEB5
[4839] [M]: 0x80032658 (0xFEB51AE3) bne a0, a1, 8180


mem[X,0x8003264C] -> 0x0213
mem[X,0x8003264E] -> 0x0012
[4840] [M]: 0x8003264C (0x00120213) addi tp, tp, 1
x4 <- 0x00000001


mem[X,0x80032650] -> 0x006F
mem[X,0x80032652] -> 0x01C0
[4841] [M]: 0x80032650 (0x01C0006F) jal zero, 28


mem[X,0x8003266C] -> 0xA623
mem[X,0x8003266E] -> 0x7A40
[4842] [M]: 0x8003266C (0x7A40A623) sw tp, 1964(ra)
mem[0x8003A914] <- 0x00000001


mem[X,0x80032670] -> 0x6537
mem[X,0x80032672] -> 0x6666
[4843] [M]: 0x80032670 (0x66666537) lui a0, 419430
x10 <- 0x66666000


mem[X,0x80032674] -> 0x0513
mem[X,0x80032676] -> 0x6655
[4844] [M]: 0x80032674 (0x66550513) addi a0, a0, 1637
x10 <- 0x66666665


mem[X,0x80032678] -> 0x55B7
mem[X,0x8003267A] -> 0x5555
[4845] [M]: 0x80032678 (0x555555B7) lui a1, 349525
x11 <- 0x55555000


mem[X,0x8003267C] -> 0x8593
mem[X,0x8003267E] -> 0x5565
[4846] [M]: 0x8003267C (0x55658593) addi a1, a1, 1366
x11 <- 0x55555556


mem[X,0x80032680] -> 0x0213
mem[X,0x80032682] -> 0x0000
[4847] [M]: 0x80032680 (0x00000213) addi tp, zero, 0
x4 <- 0x00000000


mem[X,0x80032684] -> 0x006F
mem[X,0x80032686] -> 0x2B10
[4848] [M]: 0x80032684 (0x2B10006F) jal zero, 2736


mem[X,0x80033134] -> 0x1A63
mem[X,0x80033136] -> 0xD4B5
[4849] [M]: 0x80033134 (0xD4B51A63) bne a0, a1, 5460


mem[X,0x80032688] -> 0x0213
mem[X,0x8003268A] -> 0x0012
[4850] [M]: 0x80032688 (0x00120213) addi tp, tp, 1
x4 <- 0x00000001


mem[X,0x8003268C] -> 0x006F
mem[X,0x8003268E] -> 0x2BD0
[4851] [M]: 0x8003268C (0x2BD0006F) jal zero, 2748


mem[X,0x80033148] -> 0xA823
mem[X,0x8003314A] -> 0x7A40
[4852] [M]: 0x80033148 (0x7A40A823) sw tp, 1968(ra)
mem[0x8003A918] <- 0x00000001


mem[X,0x8003314C] -> 0x6537
mem[X,0x8003314E] -> 0x6666
[4853] [M]: 0x8003314C (0x66666537) lui a0, 419430
x10 <- 0x66666000


mem[X,0x80033150] -> 0x0513
mem[X,0x80033152] -> 0x6655
[4854] [M]: 0x80033150 (0x66550513) addi a0, a0, 1637
x10 <- 0x66666665


mem[X,0x80033154] -> 0xB5B7
mem[X,0x80033156] -> 0xAAAA
[4855] [M]: 0x80033154 (0xAAAAB5B7) lui a1, 699051
x11 <- 0xAAAAB000


mem[X,0x80033158] -> 0x8593
mem[X,0x8003315A] -> 0xAAB5
[4856] [M]: 0x80033158 (0xAAB58593) addi a1, a1, 2731
x11 <- 0xAAAAAAAB


mem[X,0x8003315C] -> 0x0213
mem[X,0x8003315E] -> 0x0000
[4857] [M]: 0x8003315C (0x00000213) addi tp, zero, 0
x4 <- 0x00000000


mem[X,0x80033160] -> 0x006F
mem[X,0x80033162] -> 0x00C0
[4858] [M]: 0x80033160 (0x00C0006F) jal zero, 12


mem[X,0x8003316C] -> 0x1063
mem[X,0x8003316E] -> 0x02B5
[4859] [M]: 0x8003316C (0x02B51063) bne a0, a1, 32


mem[X,0x8003318C] -> 0x0213
mem[X,0x8003318E] -> 0x0032
[4860] [M]: 0x8003318C (0x00320213) addi tp, tp, 3
x4 <- 0x00000003


mem[X,0x80033190] -> 0x006F
mem[X,0x80033192] -> 0x0040
[4861] [M]: 0x80033190 (0x0040006F) jal zero, 4


mem[X,0x80033194] -> 0xAA23
mem[X,0x80033196] -> 0x7A40
[4862] [M]: 0x80033194 (0x7A40AA23) sw tp, 1972(ra)
mem[0x8003A91C] <- 0x00000003


mem[X,0x80033198] -> 0x6537
mem[X,0x8003319A] -> 0x6666
[4863] [M]: 0x80033198 (0x66666537) lui a0, 419430
x10 <- 0x66666000


mem[X,0x8003319C] -> 0x0513
mem[X,0x8003319E] -> 0x6655
[4864] [M]: 0x8003319C (0x66550513) addi a0, a0, 1637
x10 <- 0x66666665


mem[X,0x800331A0] -> 0x0593
mem[X,0x800331A2] -> 0x0060
[4865] [M]: 0x800331A0 (0x00600593) addi a1, zero, 6
x11 <- 0x00000006


mem[X,0x800331A4] -> 0x0213
mem[X,0x800331A6] -> 0x0000
[4866] [M]: 0x800331A4 (0x00000213) addi tp, zero, 0
x4 <- 0x00000000


mem[X,0x800331A8] -> 0x006F
mem[X,0x800331AA] -> 0x00C0
[4867] [M]: 0x800331A8 (0x00C0006F) jal zero, 12


mem[X,0x800331B4] -> 0x1063
mem[X,0x800331B6] -> 0x10B5
[4868] [M]: 0x800331B4 (0x10B51063) bne a0, a1, 256


mem[X,0x800332B4] -> 0x0213
mem[X,0x800332B6] -> 0x0032
[4869] [M]: 0x800332B4 (0x00320213) addi tp, tp, 3
x4 <- 0x00000003


mem[X,0x800332B8] -> 0x006F
mem[X,0x800332BA] -> 0x0040
[4870] [M]: 0x800332B8 (0x0040006F) jal zero, 4


mem[X,0x800332BC] -> 0xAC23
mem[X,0x800332BE] -> 0x7A40
[4871] [M]: 0x800332BC (0x7A40AC23) sw tp, 1976(ra)
mem[0x8003A920] <- 0x00000003


mem[X,0x800332C0] -> 0x6537
mem[X,0x800332C2] -> 0x6666
[4872] [M]: 0x800332C0 (0x66666537) lui a0, 419430
x10 <- 0x66666000


mem[X,0x800332C4] -> 0x0513
mem[X,0x800332C6] -> 0x6655
[4873] [M]: 0x800332C4 (0x66550513) addi a0, a0, 1637
x10 <- 0x66666665


mem[X,0x800332C8] -> 0x35B7
mem[X,0x800332CA] -> 0x3333
[4874] [M]: 0x800332C8 (0x333335B7) lui a1, 209715
x11 <- 0x33333000


mem[X,0x800332CC] -> 0x8593
mem[X,0x800332CE] -> 0x3345
[4875] [M]: 0x800332CC (0x33458593) addi a1, a1, 820
x11 <- 0x33333334


mem[X,0x800332D0] -> 0x0213
mem[X,0x800332D2] -> 0x0000
[4876] [M]: 0x800332D0 (0x00000213) addi tp, zero, 0
x4 <- 0x00000000


mem[X,0x800332D4] -> 0x006F
mem[X,0x800332D6] -> 0x00C0
[4877] [M]: 0x800332D4 (0x00C0006F) jal zero, 12


mem[X,0x800332E0] -> 0x1063
mem[X,0x800332E2] -> 0x20B5
[4878] [M]: 0x800332E0 (0x20B51063) bne a0, a1, 512


mem[X,0x800334E0] -> 0x0213
mem[X,0x800334E2] -> 0x0032
[4879] [M]: 0x800334E0 (0x00320213) addi tp, tp, 3
x4 <- 0x00000003


mem[X,0x800334E4] -> 0x006F
mem[X,0x800334E6] -> 0x0040
[4880] [M]: 0x800334E4 (0x0040006F) jal zero, 4


mem[X,0x800334E8] -> 0xAE23
mem[X,0x800334EA] -> 0x7A40
[4881] [M]: 0x800334E8 (0x7A40AE23) sw tp, 1980(ra)
mem[0x8003A924] <- 0x00000003


mem[X,0x800334EC] -> 0x6537
mem[X,0x800334EE] -> 0x6666
[4882] [M]: 0x800334EC (0x66666537) lui a0, 419430
x10 <- 0x66666000


mem[X,0x800334F0] -> 0x0513
mem[X,0x800334F2] -> 0x6655
[4883] [M]: 0x800334F0 (0x66550513) addi a0, a0, 1637
x10 <- 0x66666665


mem[X,0x800334F4] -> 0x65B7
mem[X,0x800334F6] -> 0x6666
[4884] [M]: 0x800334F4 (0x666665B7) lui a1, 419430
x11 <- 0x66666000


mem[X,0x800334F8] -> 0x8593
mem[X,0x800334FA] -> 0x6675
[4885] [M]: 0x800334F8 (0x66758593) addi a1, a1, 1639
x11 <- 0x66666667


mem[X,0x800334FC] -> 0x0213
mem[X,0x800334FE] -> 0x0000
[4886] [M]: 0x800334FC (0x00000213) addi tp, zero, 0
x4 <- 0x00000000


mem[X,0x80033500] -> 0x006F
mem[X,0x80033502] -> 0x00C0
[4887] [M]: 0x80033500 (0x00C0006F) jal zero, 12


mem[X,0x8003350C] -> 0x1063
mem[X,0x8003350E] -> 0x04B5
[4888] [M]: 0x8003350C (0x04B51063) bne a0, a1, 64


mem[X,0x8003354C] -> 0x0213
mem[X,0x8003354E] -> 0x0032
[4889] [M]: 0x8003354C (0x00320213) addi tp, tp, 3
x4 <- 0x00000003


mem[X,0x80033550] -> 0x006F
mem[X,0x80033552] -> 0x0040
[4890] [M]: 0x80033550 (0x0040006F) jal zero, 4


mem[X,0x80033554] -> 0xA023
mem[X,0x80033556] -> 0x7C40
[4891] [M]: 0x80033554 (0x7C40A023) sw tp, 1984(ra)
mem[0x8003A928] <- 0x00000003


mem[X,0x80033558] -> 0x6537
mem[X,0x8003355A] -> 0x6666
[4892] [M]: 0x80033558 (0x66666537) lui a0, 419430
x10 <- 0x66666000


mem[X,0x8003355C] -> 0x0513
mem[X,0x8003355E] -> 0x6655
[4893] [M]: 0x8003355C (0x66550513) addi a0, a0, 1637
x10 <- 0x66666665


mem[X,0x80033560] -> 0x55B7
mem[X,0x80033562] -> 0xFFFF
[4894] [M]: 0x80033560 (0xFFFF55B7) lui a1, 1048565
x11 <- 0xFFFF5000


mem[X,0x80033564] -> 0x8593
mem[X,0x80033566] -> 0xAFD5
[4895] [M]: 0x80033564 (0xAFD58593) addi a1, a1, 2813
x11 <- 0xFFFF4AFD


mem[X,0x80033568] -> 0x0213
mem[X,0x8003356A] -> 0x0000
[4896] [M]: 0x80033568 (0x00000213) addi tp, zero, 0
x4 <- 0x00000000


mem[X,0x8003356C] -> 0x006F
mem[X,0x8003356E] -> 0x0180
[4897] [M]: 0x8003356C (0x0180006F) jal zero, 24


mem[X,0x80033584] -> 0x16E3
mem[X,0x80033586] -> 0xFEB5
[4898] [M]: 0x80033584 (0xFEB516E3) bne a0, a1, 8172


mem[X,0x80033570] -> 0x0213
mem[X,0x80033572] -> 0x0012
[4899] [M]: 0x80033570 (0x00120213) addi tp, tp, 1
x4 <- 0x00000001


clint::tick mtime <- 0x0000000000000031
 clint timer pending at mtime 0x0000000000000031
htif::tick 0x0000000000000000
mem[X,0x80033574] -> 0x006F
mem[X,0x80033576] -> 0x0240
[4900] [M]: 0x80033574 (0x0240006F) jal zero, 36


mem[X,0x80033598] -> 0xA223
mem[X,0x8003359A] -> 0x7C40
[4901] [M]: 0x80033598 (0x7C40A223) sw tp, 1988(ra)
mem[0x8003A92C] <- 0x00000001


mem[X,0x8003359C] -> 0x6537
mem[X,0x8003359E] -> 0x6666
[4902] [M]: 0x8003359C (0x66666537) lui a0, 419430
x10 <- 0x66666000


mem[X,0x800335A0] -> 0x0513
mem[X,0x800335A2] -> 0x6655
[4903] [M]: 0x800335A0 (0x66550513) addi a0, a0, 1637
x10 <- 0x66666665


mem[X,0x800335A4] -> 0xB5B7
mem[X,0x800335A6] -> 0x0000
[4904] [M]: 0x800335A4 (0x0000B5B7) lui a1, 11
x11 <- 0x0000B000


mem[X,0x800335A8] -> 0x8593
mem[X,0x800335AA] -> 0x5055
[4905] [M]: 0x800335A8 (0x50558593) addi a1, a1, 1285
x11 <- 0x0000B505


mem[X,0x800335AC] -> 0x0213
mem[X,0x800335AE] -> 0x0000
[4906] [M]: 0x800335AC (0x00000213) addi tp, zero, 0
x4 <- 0x00000000


mem[X,0x800335B0] -> 0x006F
mem[X,0x800335B2] -> 0x00C0
[4907] [M]: 0x800335B0 (0x00C0006F) jal zero, 12


mem[X,0x800335BC] -> 0x1063
mem[X,0x800335BE] -> 0x40B5
[4908] [M]: 0x800335BC (0x40B51063) bne a0, a1, 1024


mem[X,0x800339BC] -> 0x0213
mem[X,0x800339BE] -> 0x0032
[4909] [M]: 0x800339BC (0x00320213) addi tp, tp, 3
x4 <- 0x00000003


mem[X,0x800339C0] -> 0x006F
mem[X,0x800339C2] -> 0x0040
[4910] [M]: 0x800339C0 (0x0040006F) jal zero, 4


mem[X,0x800339C4] -> 0xA423
mem[X,0x800339C6] -> 0x7C40
[4911] [M]: 0x800339C4 (0x7C40A423) sw tp, 1992(ra)
mem[0x8003A930] <- 0x00000003


mem[X,0x800339C8] -> 0xB537
mem[X,0x800339CA] -> 0x0000
[4912] [M]: 0x800339C8 (0x0000B537) lui a0, 11
x10 <- 0x0000B000


mem[X,0x800339CC] -> 0x0513
mem[X,0x800339CE] -> 0x5035
[4913] [M]: 0x800339CC (0x50350513) addi a0, a0, 1283
x10 <- 0x0000B503


mem[X,0x800339D0] -> 0x0593
mem[X,0x800339D2] -> 0x0030
[4914] [M]: 0x800339D0 (0x00300593) addi a1, zero, 3
x11 <- 0x00000003


mem[X,0x800339D4] -> 0x0213
mem[X,0x800339D6] -> 0x0000
[4915] [M]: 0x800339D4 (0x00000213) addi tp, zero, 0
x4 <- 0x00000000


mem[X,0x800339D8] -> 0x006F
mem[X,0x800339DA] -> 0x0140
[4916] [M]: 0x800339D8 (0x0140006F) jal zero, 20


mem[X,0x800339EC] -> 0x18E3
mem[X,0x800339EE] -> 0xFEB5
[4917] [M]: 0x800339EC (0xFEB518E3) bne a0, a1, 8176


mem[X,0x800339DC] -> 0x0213
mem[X,0x800339DE] -> 0x0012
[4918] [M]: 0x800339DC (0x00120213) addi tp, tp, 1
x4 <- 0x00000001


mem[X,0x800339E0] -> 0x006F
mem[X,0x800339E2] -> 0x0200
[4919] [M]: 0x800339E0 (0x0200006F) jal zero, 32


mem[X,0x80033A00] -> 0xA623
mem[X,0x80033A02] -> 0x7C40
[4920] [M]: 0x80033A00 (0x7C40A623) sw tp, 1996(ra)
mem[0x8003A934] <- 0x00000001


mem[X,0x80033A04] -> 0xB537
mem[X,0x80033A06] -> 0x0000
[4921] [M]: 0x80033A04 (0x0000B537) lui a0, 11
x10 <- 0x0000B000


mem[X,0x80033A08] -> 0x0513
mem[X,0x80033A0A] -> 0x5035
[4922] [M]: 0x80033A08 (0x50350513) addi a0, a0, 1283
x10 <- 0x0000B503


mem[X,0x80033A0C] -> 0x55B7
mem[X,0x80033A0E] -> 0x5555
[4923] [M]: 0x80033A0C (0x555555B7) lui a1, 349525
x11 <- 0x55555000


mem[X,0x80033A10] -> 0x8593
mem[X,0x80033A12] -> 0x5555
[4924] [M]: 0x80033A10 (0x55558593) addi a1, a1, 1365
x11 <- 0x55555555


mem[X,0x80033A14] -> 0x0213
mem[X,0x80033A16] -> 0x0000
[4925] [M]: 0x80033A14 (0x00000213) addi tp, zero, 0
x4 <- 0x00000000


mem[X,0x80033A18] -> 0x006F
mem[X,0x80033A1A] -> 0x00C0
[4926] [M]: 0x80033A18 (0x00C0006F) jal zero, 12


mem[X,0x80033A24] -> 0x1063
mem[X,0x80033A26] -> 0x02B5
[4927] [M]: 0x80033A24 (0x02B51063) bne a0, a1, 32


mem[X,0x80033A44] -> 0x0213
mem[X,0x80033A46] -> 0x0032
[4928] [M]: 0x80033A44 (0x00320213) addi tp, tp, 3
x4 <- 0x00000003


mem[X,0x80033A48] -> 0x006F
mem[X,0x80033A4A] -> 0x0040
[4929] [M]: 0x80033A48 (0x0040006F) jal zero, 4


mem[X,0x80033A4C] -> 0xA823
mem[X,0x80033A4E] -> 0x7C40
[4930] [M]: 0x80033A4C (0x7C40A823) sw tp, 2000(ra)
mem[0x8003A938] <- 0x00000003


mem[X,0x80033A50] -> 0xB537
mem[X,0x80033A52] -> 0x0000
[4931] [M]: 0x80033A50 (0x0000B537) lui a0, 11
x10 <- 0x0000B000


mem[X,0x80033A54] -> 0x0513
mem[X,0x80033A56] -> 0x5035
[4932] [M]: 0x80033A54 (0x50350513) addi a0, a0, 1283
x10 <- 0x0000B503


mem[X,0x80033A58] -> 0xB5B7
mem[X,0x80033A5A] -> 0xAAAA
[4933] [M]: 0x80033A58 (0xAAAAB5B7) lui a1, 699051
x11 <- 0xAAAAB000


mem[X,0x80033A5C] -> 0x8593
mem[X,0x80033A5E] -> 0xAAA5
[4934] [M]: 0x80033A5C (0xAAA58593) addi a1, a1, 2730
x11 <- 0xAAAAAAAA


mem[X,0x80033A60] -> 0x0213
mem[X,0x80033A62] -> 0x0000
[4935] [M]: 0x80033A60 (0x00000213) addi tp, zero, 0
x4 <- 0x00000000


mem[X,0x80033A64] -> 0x006F
mem[X,0x80033A66] -> 0x00C0
[4936] [M]: 0x80033A64 (0x00C0006F) jal zero, 12


mem[X,0x80033A70] -> 0x1CE3
mem[X,0x80033A72] -> 0xFEB5
[4937] [M]: 0x80033A70 (0xFEB51CE3) bne a0, a1, 8184


mem[X,0x80033A68] -> 0x0213
mem[X,0x80033A6A] -> 0x0012
[4938] [M]: 0x80033A68 (0x00120213) addi tp, tp, 1
x4 <- 0x00000001


mem[X,0x80033A6C] -> 0x006F
mem[X,0x80033A6E] -> 0x0180
[4939] [M]: 0x80033A6C (0x0180006F) jal zero, 24


mem[X,0x80033A84] -> 0xAA23
mem[X,0x80033A86] -> 0x7C40
[4940] [M]: 0x80033A84 (0x7C40AA23) sw tp, 2004(ra)
mem[0x8003A93C] <- 0x00000001


mem[X,0x80033A88] -> 0xB537
mem[X,0x80033A8A] -> 0x0000
[4941] [M]: 0x80033A88 (0x0000B537) lui a0, 11
x10 <- 0x0000B000


mem[X,0x80033A8C] -> 0x0513
mem[X,0x80033A8E] -> 0x5035
[4942] [M]: 0x80033A8C (0x50350513) addi a0, a0, 1283
x10 <- 0x0000B503


mem[X,0x80033A90] -> 0x0593
mem[X,0x80033A92] -> 0x0050
[4943] [M]: 0x80033A90 (0x00500593) addi a1, zero, 5
x11 <- 0x00000005


mem[X,0x80033A94] -> 0x0213
mem[X,0x80033A96] -> 0x0000
[4944] [M]: 0x80033A94 (0x00000213) addi tp, zero, 0
x4 <- 0x00000000


mem[X,0x80033A98] -> 0x006F
mem[X,0x80033A9A] -> 0x00C0
[4945] [M]: 0x80033A98 (0x00C0006F) jal zero, 12


mem[X,0x80033AA4] -> 0x1CE3
mem[X,0x80033AA6] -> 0xFEB5
[4946] [M]: 0x80033AA4 (0xFEB51CE3) bne a0, a1, 8184


mem[X,0x80033A9C] -> 0x0213
mem[X,0x80033A9E] -> 0x0012
[4947] [M]: 0x80033A9C (0x00120213) addi tp, tp, 1
x4 <- 0x00000001


mem[X,0x80033AA0] -> 0x006F
mem[X,0x80033AA2] -> 0x0180
[4948] [M]: 0x80033AA0 (0x0180006F) jal zero, 24


mem[X,0x80033AB8] -> 0xAC23
mem[X,0x80033ABA] -> 0x7C40
[4949] [M]: 0x80033AB8 (0x7C40AC23) sw tp, 2008(ra)
mem[0x8003A940] <- 0x00000001


mem[X,0x80033ABC] -> 0xB537
mem[X,0x80033ABE] -> 0x0000
[4950] [M]: 0x80033ABC (0x0000B537) lui a0, 11
x10 <- 0x0000B000


mem[X,0x80033AC0] -> 0x0513
mem[X,0x80033AC2] -> 0x5035
[4951] [M]: 0x80033AC0 (0x50350513) addi a0, a0, 1283
x10 <- 0x0000B503


mem[X,0x80033AC4] -> 0x35B7
mem[X,0x80033AC6] -> 0x3333
[4952] [M]: 0x80033AC4 (0x333335B7) lui a1, 209715
x11 <- 0x33333000


mem[X,0x80033AC8] -> 0x8593
mem[X,0x80033ACA] -> 0x3335
[4953] [M]: 0x80033AC8 (0x33358593) addi a1, a1, 819
x11 <- 0x33333333


mem[X,0x80033ACC] -> 0x0213
mem[X,0x80033ACE] -> 0x0000
[4954] [M]: 0x80033ACC (0x00000213) addi tp, zero, 0
x4 <- 0x00000000


mem[X,0x80033AD0] -> 0x006F
mem[X,0x80033AD2] -> 0x00C0
[4955] [M]: 0x80033AD0 (0x00C0006F) jal zero, 12


mem[X,0x80033ADC] -> 0x1CE3
mem[X,0x80033ADE] -> 0xFEB5
[4956] [M]: 0x80033ADC (0xFEB51CE3) bne a0, a1, 8184


mem[X,0x80033AD4] -> 0x0213
mem[X,0x80033AD6] -> 0x0012
[4957] [M]: 0x80033AD4 (0x00120213) addi tp, tp, 1
x4 <- 0x00000001


mem[X,0x80033AD8] -> 0x006F
mem[X,0x80033ADA] -> 0x0180
[4958] [M]: 0x80033AD8 (0x0180006F) jal zero, 24


mem[X,0x80033AF0] -> 0xAE23
mem[X,0x80033AF2] -> 0x7C40
[4959] [M]: 0x80033AF0 (0x7C40AE23) sw tp, 2012(ra)
mem[0x8003A944] <- 0x00000001


mem[X,0x80033AF4] -> 0xB537
mem[X,0x80033AF6] -> 0x0000
[4960] [M]: 0x80033AF4 (0x0000B537) lui a0, 11
x10 <- 0x0000B000


mem[X,0x80033AF8] -> 0x0513
mem[X,0x80033AFA] -> 0x5035
[4961] [M]: 0x80033AF8 (0x50350513) addi a0, a0, 1283
x10 <- 0x0000B503


mem[X,0x80033AFC] -> 0x65B7
mem[X,0x80033AFE] -> 0x6666
[4962] [M]: 0x80033AFC (0x666665B7) lui a1, 419430
x11 <- 0x66666000


mem[X,0x80033B00] -> 0x8593
mem[X,0x80033B02] -> 0x6665
[4963] [M]: 0x80033B00 (0x66658593) addi a1, a1, 1638
x11 <- 0x66666666


mem[X,0x80033B04] -> 0x0213
mem[X,0x80033B06] -> 0x0000
[4964] [M]: 0x80033B04 (0x00000213) addi tp, zero, 0
x4 <- 0x00000000


mem[X,0x80033B08] -> 0x006F
mem[X,0x80033B0A] -> 0x00C0
[4965] [M]: 0x80033B08 (0x00C0006F) jal zero, 12


mem[X,0x80033B14] -> 0x1063
mem[X,0x80033B16] -> 0x08B5
[4966] [M]: 0x80033B14 (0x08B51063) bne a0, a1, 128


mem[X,0x80033B94] -> 0x0213
mem[X,0x80033B96] -> 0x0032
[4967] [M]: 0x80033B94 (0x00320213) addi tp, tp, 3
x4 <- 0x00000003


mem[X,0x80033B98] -> 0x006F
mem[X,0x80033B9A] -> 0x0040
[4968] [M]: 0x80033B98 (0x0040006F) jal zero, 4


mem[X,0x80033B9C] -> 0xA023
mem[X,0x80033B9E] -> 0x7E40
[4969] [M]: 0x80033B9C (0x7E40A023) sw tp, 2016(ra)
mem[0x8003A948] <- 0x00000003


mem[X,0x80033BA0] -> 0xB537
mem[X,0x80033BA2] -> 0x0000
[4970] [M]: 0x80033BA0 (0x0000B537) lui a0, 11
x10 <- 0x0000B000


mem[X,0x80033BA4] -> 0x0513
mem[X,0x80033BA6] -> 0x5035
[4971] [M]: 0x80033BA4 (0x50350513) addi a0, a0, 1283
x10 <- 0x0000B503


mem[X,0x80033BA8] -> 0x55B7
mem[X,0x80033BAA] -> 0xFFFF
[4972] [M]: 0x80033BA8 (0xFFFF55B7) lui a1, 1048565
x11 <- 0xFFFF5000


mem[X,0x80033BAC] -> 0x8593
mem[X,0x80033BAE] -> 0xAFC5
[4973] [M]: 0x80033BAC (0xAFC58593) addi a1, a1, 2812
x11 <- 0xFFFF4AFC


mem[X,0x80033BB0] -> 0x0213
mem[X,0x80033BB2] -> 0x0000
[4974] [M]: 0x80033BB0 (0x00000213) addi tp, zero, 0
x4 <- 0x00000000


mem[X,0x80033BB4] -> 0x006F
mem[X,0x80033BB6] -> 0x00C0
[4975] [M]: 0x80033BB4 (0x00C0006F) jal zero, 12


mem[X,0x80033BC0] -> 0x1CE3
mem[X,0x80033BC2] -> 0xFEB5
[4976] [M]: 0x80033BC0 (0xFEB51CE3) bne a0, a1, 8184


mem[X,0x80033BB8] -> 0x0213
mem[X,0x80033BBA] -> 0x0012
[4977] [M]: 0x80033BB8 (0x00120213) addi tp, tp, 1
x4 <- 0x00000001


mem[X,0x80033BBC] -> 0x006F
mem[X,0x80033BBE] -> 0x0180
[4978] [M]: 0x80033BBC (0x0180006F) jal zero, 24


mem[X,0x80033BD4] -> 0xA223
mem[X,0x80033BD6] -> 0x7E40
[4979] [M]: 0x80033BD4 (0x7E40A223) sw tp, 2020(ra)
mem[0x8003A94C] <- 0x00000001


mem[X,0x80033BD8] -> 0xB537
mem[X,0x80033BDA] -> 0x0000
[4980] [M]: 0x80033BD8 (0x0000B537) lui a0, 11
x10 <- 0x0000B000


mem[X,0x80033BDC] -> 0x0513
mem[X,0x80033BDE] -> 0x5035
[4981] [M]: 0x80033BDC (0x50350513) addi a0, a0, 1283
x10 <- 0x0000B503


mem[X,0x80033BE0] -> 0xB5B7
mem[X,0x80033BE2] -> 0x0000
[4982] [M]: 0x80033BE0 (0x0000B5B7) lui a1, 11
x11 <- 0x0000B000


mem[X,0x80033BE4] -> 0x8593
mem[X,0x80033BE6] -> 0x5045
[4983] [M]: 0x80033BE4 (0x50458593) addi a1, a1, 1284
x11 <- 0x0000B504


mem[X,0x80033BE8] -> 0x0213
mem[X,0x80033BEA] -> 0x0000
[4984] [M]: 0x80033BE8 (0x00000213) addi tp, zero, 0
x4 <- 0x00000000


mem[X,0x80033BEC] -> 0x006F
mem[X,0x80033BEE] -> 0x0100
[4985] [M]: 0x80033BEC (0x0100006F) jal zero, 16


mem[X,0x80033BFC] -> 0x1AE3
mem[X,0x80033BFE] -> 0xFEB5
[4986] [M]: 0x80033BFC (0xFEB51AE3) bne a0, a1, 8180


mem[X,0x80033BF0] -> 0x0213
mem[X,0x80033BF2] -> 0x0012
[4987] [M]: 0x80033BF0 (0x00120213) addi tp, tp, 1
x4 <- 0x00000001


mem[X,0x80033BF4] -> 0x006F
mem[X,0x80033BF6] -> 0x01C0
[4988] [M]: 0x80033BF4 (0x01C0006F) jal zero, 28


mem[X,0x80033C10] -> 0xA423
mem[X,0x80033C12] -> 0x7E40
[4989] [M]: 0x80033C10 (0x7E40A423) sw tp, 2024(ra)
mem[0x8003A950] <- 0x00000001


mem[X,0x80033C14] -> 0xB537
mem[X,0x80033C16] -> 0x0000
[4990] [M]: 0x80033C14 (0x0000B537) lui a0, 11
x10 <- 0x0000B000


mem[X,0x80033C18] -> 0x0513
mem[X,0x80033C1A] -> 0x5035
[4991] [M]: 0x80033C18 (0x50350513) addi a0, a0, 1283
x10 <- 0x0000B503


mem[X,0x80033C1C] -> 0x0593
mem[X,0x80033C1E] -> 0x0020
[4992] [M]: 0x80033C1C (0x00200593) addi a1, zero, 2
x11 <- 0x00000002


mem[X,0x80033C20] -> 0x0213
mem[X,0x80033C22] -> 0x0000
[4993] [M]: 0x80033C20 (0x00000213) addi tp, zero, 0
x4 <- 0x00000000


mem[X,0x80033C24] -> 0x006F
mem[X,0x80033C26] -> 0x00C0
[4994] [M]: 0x80033C24 (0x00C0006F) jal zero, 12


mem[X,0x80033C30] -> 0x1CE3
mem[X,0x80033C32] -> 0xFEB5
[4995] [M]: 0x80033C30 (0xFEB51CE3) bne a0, a1, 8184


mem[X,0x80033C28] -> 0x0213
mem[X,0x80033C2A] -> 0x0012
[4996] [M]: 0x80033C28 (0x00120213) addi tp, tp, 1
x4 <- 0x00000001


mem[X,0x80033C2C] -> 0x006F
mem[X,0x80033C2E] -> 0x0180
[4997] [M]: 0x80033C2C (0x0180006F) jal zero, 24


mem[X,0x80033C44] -> 0xA623
mem[X,0x80033C46] -> 0x7E40
[4998] [M]: 0x80033C44 (0x7E40A623) sw tp, 2028(ra)
mem[0x8003A954] <- 0x00000001


mem[X,0x80033C48] -> 0xB537
mem[X,0x80033C4A] -> 0x0000
[4999] [M]: 0x80033C48 (0x0000B537) lui a0, 11
x10 <- 0x0000B000


clint::tick mtime <- 0x0000000000000032
 clint timer pending at mtime 0x0000000000000032
htif::tick 0x0000000000000000
mem[X,0x80033C4C] -> 0x0513
mem[X,0x80033C4E] -> 0x5035
[5000] [M]: 0x80033C4C (0x50350513) addi a0, a0, 1283
x10 <- 0x0000B503


mem[X,0x80033C50] -> 0x55B7
mem[X,0x80033C52] -> 0x5555
[5001] [M]: 0x80033C50 (0x555555B7) lui a1, 349525
x11 <- 0x55555000


mem[X,0x80033C54] -> 0x8593
mem[X,0x80033C56] -> 0x5545
[5002] [M]: 0x80033C54 (0x55458593) addi a1, a1, 1364
x11 <- 0x55555554


mem[X,0x80033C58] -> 0x0213
mem[X,0x80033C5A] -> 0x0000
[5003] [M]: 0x80033C58 (0x00000213) addi tp, zero, 0
x4 <- 0x00000000


mem[X,0x80033C5C] -> 0x006F
mem[X,0x80033C5E] -> 0x00C0
[5004] [M]: 0x80033C5C (0x00C0006F) jal zero, 12


mem[X,0x80033C68] -> 0x1CE3
mem[X,0x80033C6A] -> 0xFEB5
[5005] [M]: 0x80033C68 (0xFEB51CE3) bne a0, a1, 8184


mem[X,0x80033C60] -> 0x0213
mem[X,0x80033C62] -> 0x0012
[5006] [M]: 0x80033C60 (0x00120213) addi tp, tp, 1
x4 <- 0x00000001


mem[X,0x80033C64] -> 0x006F
mem[X,0x80033C66] -> 0x0180
[5007] [M]: 0x80033C64 (0x0180006F) jal zero, 24


mem[X,0x80033C7C] -> 0xA823
mem[X,0x80033C7E] -> 0x7E40
[5008] [M]: 0x80033C7C (0x7E40A823) sw tp, 2032(ra)
mem[0x8003A958] <- 0x00000001


mem[X,0x80033C80] -> 0xB537
mem[X,0x80033C82] -> 0x0000
[5009] [M]: 0x80033C80 (0x0000B537) lui a0, 11
x10 <- 0x0000B000


mem[X,0x80033C84] -> 0x0513
mem[X,0x80033C86] -> 0x5035
[5010] [M]: 0x80033C84 (0x50350513) addi a0, a0, 1283
x10 <- 0x0000B503


mem[X,0x80033C88] -> 0x0593
mem[X,0x80033C8A] -> 0x0000
[5011] [M]: 0x80033C88 (0x00000593) addi a1, zero, 0
x11 <- 0x00000000


mem[X,0x80033C8C] -> 0x0213
mem[X,0x80033C8E] -> 0x0000
[5012] [M]: 0x80033C8C (0x00000213) addi tp, zero, 0
x4 <- 0x00000000


mem[X,0x80033C90] -> 0x006F
mem[X,0x80033C92] -> 0x2B10
[5013] [M]: 0x80033C90 (0x2B10006F) jal zero, 2736


mem[X,0x80034740] -> 0x1A63
mem[X,0x80034742] -> 0xD4B5
[5014] [M]: 0x80034740 (0xD4B51A63) bne a0, a1, 5460


mem[X,0x80033C94] -> 0x0213
mem[X,0x80033C96] -> 0x0012
[5015] [M]: 0x80033C94 (0x00120213) addi tp, tp, 1
x4 <- 0x00000001


mem[X,0x80033C98] -> 0x006F
mem[X,0x80033C9A] -> 0x2BD0
[5016] [M]: 0x80033C98 (0x2BD0006F) jal zero, 2748


mem[X,0x80034754] -> 0xAA23
mem[X,0x80034756] -> 0x7E40
[5017] [M]: 0x80034754 (0x7E40AA23) sw tp, 2036(ra)
mem[0x8003A95C] <- 0x00000001


mem[X,0x80034758] -> 0xB537
mem[X,0x8003475A] -> 0x0000
[5018] [M]: 0x80034758 (0x0000B537) lui a0, 11
x10 <- 0x0000B000


mem[X,0x8003475C] -> 0x0513
mem[X,0x8003475E] -> 0x5035
[5019] [M]: 0x8003475C (0x50350513) addi a0, a0, 1283
x10 <- 0x0000B503


mem[X,0x80034760] -> 0x0593
mem[X,0x80034762] -> 0x0040
[5020] [M]: 0x80034760 (0x00400593) addi a1, zero, 4
x11 <- 0x00000004


mem[X,0x80034764] -> 0x0213
mem[X,0x80034766] -> 0x0000
[5021] [M]: 0x80034764 (0x00000213) addi tp, zero, 0
x4 <- 0x00000000


mem[X,0x80034768] -> 0x006F
mem[X,0x8003476A] -> 0x0180
[5022] [M]: 0x80034768 (0x0180006F) jal zero, 24


mem[X,0x80034780] -> 0x16E3
mem[X,0x80034782] -> 0xFEB5
[5023] [M]: 0x80034780 (0xFEB516E3) bne a0, a1, 8172


mem[X,0x8003476C] -> 0x0213
mem[X,0x8003476E] -> 0x0012
[5024] [M]: 0x8003476C (0x00120213) addi tp, tp, 1
x4 <- 0x00000001


mem[X,0x80034770] -> 0x006F
mem[X,0x80034772] -> 0x0240
[5025] [M]: 0x80034770 (0x0240006F) jal zero, 36


mem[X,0x80034794] -> 0xAC23
mem[X,0x80034796] -> 0x7E40
[5026] [M]: 0x80034794 (0x7E40AC23) sw tp, 2040(ra)
mem[0x8003A960] <- 0x00000001


mem[X,0x80034798] -> 0xB537
mem[X,0x8003479A] -> 0x0000
[5027] [M]: 0x80034798 (0x0000B537) lui a0, 11
x10 <- 0x0000B000


mem[X,0x8003479C] -> 0x0513
mem[X,0x8003479E] -> 0x5035
[5028] [M]: 0x8003479C (0x50350513) addi a0, a0, 1283
x10 <- 0x0000B503


mem[X,0x800347A0] -> 0x35B7
mem[X,0x800347A2] -> 0x3333
[5029] [M]: 0x800347A0 (0x333335B7) lui a1, 209715
x11 <- 0x33333000


mem[X,0x800347A4] -> 0x8593
mem[X,0x800347A6] -> 0x3325
[5030] [M]: 0x800347A4 (0x33258593) addi a1, a1, 818
x11 <- 0x33333332


mem[X,0x800347A8] -> 0x0213
mem[X,0x800347AA] -> 0x0000
[5031] [M]: 0x800347A8 (0x00000213) addi tp, zero, 0
x4 <- 0x00000000


mem[X,0x800347AC] -> 0x006F
mem[X,0x800347AE] -> 0x00C0
[5032] [M]: 0x800347AC (0x00C0006F) jal zero, 12


mem[X,0x800347B8] -> 0x1063
mem[X,0x800347BA] -> 0x02B5
[5033] [M]: 0x800347B8 (0x02B51063) bne a0, a1, 32


mem[X,0x800347D8] -> 0x0213
mem[X,0x800347DA] -> 0x0032
[5034] [M]: 0x800347D8 (0x00320213) addi tp, tp, 3
x4 <- 0x00000003


mem[X,0x800347DC] -> 0x006F
mem[X,0x800347DE] -> 0x0040
[5035] [M]: 0x800347DC (0x0040006F) jal zero, 4


mem[X,0x800347E0] -> 0xAE23
mem[X,0x800347E2] -> 0x7E40
[5036] [M]: 0x800347E0 (0x7E40AE23) sw tp, 2044(ra)
mem[0x8003A964] <- 0x00000003


mem[X,0x800347E4] -> 0x0013
mem[X,0x800347E6] -> 0x0000
[5037] [M]: 0x800347E4 (0x00000013) addi zero, zero, 0


mem[X,0x800347E8] -> 0x0013
mem[X,0x800347EA] -> 0x0000
[5038] [M]: 0x800347E8 (0x00000013) addi zero, zero, 0


mem[X,0x800347EC] -> 0x0013
mem[X,0x800347EE] -> 0x0000
[5039] [M]: 0x800347EC (0x00000013) addi zero, zero, 0


mem[X,0x800347F0] -> 0x0013
mem[X,0x800347F2] -> 0x0000
[5040] [M]: 0x800347F0 (0x00000013) addi zero, zero, 0


mem[X,0x800347F4] -> 0x0013
mem[X,0x800347F6] -> 0x0000
[5041] [M]: 0x800347F4 (0x00000013) addi zero, zero, 0


mem[X,0x800347F8] -> 0x0013
mem[X,0x800347FA] -> 0x0000
[5042] [M]: 0x800347F8 (0x00000013) addi zero, zero, 0


mem[X,0x800347FC] -> 0x0013
mem[X,0x800347FE] -> 0x0000
[5043] [M]: 0x800347FC (0x00000013) addi zero, zero, 0


mem[X,0x80034800] -> 0x6097
mem[X,0x80034802] -> 0x0000
[5044] [M]: 0x80034800 (0x00006097) auipc ra, 6
x1 <- 0x8003A800


mem[X,0x80034804] -> 0x8093
mem[X,0x80034806] -> 0x1680
[5045] [M]: 0x80034804 (0x16808093) addi ra, ra, 360
x1 <- 0x8003A968


mem[X,0x80034808] -> 0x0013
mem[X,0x8003480A] -> 0x0000
[5046] [M]: 0x80034808 (0x00000013) addi zero, zero, 0


mem[X,0x8003480C] -> 0x0013
mem[X,0x8003480E] -> 0x0000
[5047] [M]: 0x8003480C (0x00000013) addi zero, zero, 0


mem[X,0x80034810] -> 0x0013
mem[X,0x80034812] -> 0x0000
[5048] [M]: 0x80034810 (0x00000013) addi zero, zero, 0


mem[X,0x80034814] -> 0x0013
mem[X,0x80034816] -> 0x0000
[5049] [M]: 0x80034814 (0x00000013) addi zero, zero, 0


mem[X,0x80034818] -> 0x0013
mem[X,0x8003481A] -> 0x0000
[5050] [M]: 0x80034818 (0x00000013) addi zero, zero, 0


mem[X,0x8003481C] -> 0x0013
mem[X,0x8003481E] -> 0x0000
[5051] [M]: 0x8003481C (0x00000013) addi zero, zero, 0


mem[X,0x80034820] -> 0xB537
mem[X,0x80034822] -> 0x0000
[5052] [M]: 0x80034820 (0x0000B537) lui a0, 11
x10 <- 0x0000B000


mem[X,0x80034824] -> 0x0513
mem[X,0x80034826] -> 0x5035
[5053] [M]: 0x80034824 (0x50350513) addi a0, a0, 1283
x10 <- 0x0000B503


mem[X,0x80034828] -> 0x65B7
mem[X,0x8003482A] -> 0x6666
[5054] [M]: 0x80034828 (0x666665B7) lui a1, 419430
x11 <- 0x66666000


mem[X,0x8003482C] -> 0x8593
mem[X,0x8003482E] -> 0x6655
[5055] [M]: 0x8003482C (0x66558593) addi a1, a1, 1637
x11 <- 0x66666665


mem[X,0x80034830] -> 0x0213
mem[X,0x80034832] -> 0x0000
[5056] [M]: 0x80034830 (0x00000213) addi tp, zero, 0
x4 <- 0x00000000


mem[X,0x80034834] -> 0x006F
mem[X,0x80034836] -> 0x00C0
[5057] [M]: 0x80034834 (0x00C0006F) jal zero, 12


mem[X,0x80034840] -> 0x1663
mem[X,0x80034842] -> 0x00B5
[5058] [M]: 0x80034840 (0x00B51663) bne a0, a1, 12


mem[X,0x8003484C] -> 0x0213
mem[X,0x8003484E] -> 0x0032
[5059] [M]: 0x8003484C (0x00320213) addi tp, tp, 3
x4 <- 0x00000003


mem[X,0x80034850] -> 0x006F
mem[X,0x80034852] -> 0x0040
[5060] [M]: 0x80034850 (0x0040006F) jal zero, 4


mem[X,0x80034854] -> 0xA023
mem[X,0x80034856] -> 0x0040
[5061] [M]: 0x80034854 (0x0040A023) sw tp, 0(ra)
mem[0x8003A968] <- 0x00000003


mem[X,0x80034858] -> 0xB537
mem[X,0x8003485A] -> 0x0000
[5062] [M]: 0x80034858 (0x0000B537) lui a0, 11
x10 <- 0x0000B000


mem[X,0x8003485C] -> 0x0513
mem[X,0x8003485E] -> 0x5035
[5063] [M]: 0x8003485C (0x50350513) addi a0, a0, 1283
x10 <- 0x0000B503


mem[X,0x80034860] -> 0xB5B7
mem[X,0x80034862] -> 0x0000
[5064] [M]: 0x80034860 (0x0000B5B7) lui a1, 11
x11 <- 0x0000B000


mem[X,0x80034864] -> 0x8593
mem[X,0x80034866] -> 0x5035
[5065] [M]: 0x80034864 (0x50358593) addi a1, a1, 1283
x11 <- 0x0000B503


mem[X,0x80034868] -> 0x0213
mem[X,0x8003486A] -> 0x0000
[5066] [M]: 0x80034868 (0x00000213) addi tp, zero, 0
x4 <- 0x00000000


mem[X,0x8003486C] -> 0x006F
mem[X,0x8003486E] -> 0x0100
[5067] [M]: 0x8003486C (0x0100006F) jal zero, 16


mem[X,0x8003487C] -> 0x1AE3
mem[X,0x8003487E] -> 0xFEB5
[5068] [M]: 0x8003487C (0xFEB51AE3) bne a0, a1, 8180


mem[X,0x80034880] -> 0x0213
mem[X,0x80034882] -> 0x0022
[5069] [M]: 0x80034880 (0x00220213) addi tp, tp, 2
x4 <- 0x00000002


mem[X,0x80034884] -> 0x006F
mem[X,0x80034886] -> 0x00C0
[5070] [M]: 0x80034884 (0x00C0006F) jal zero, 12


mem[X,0x80034890] -> 0xA223
mem[X,0x80034892] -> 0x0040
[5071] [M]: 0x80034890 (0x0040A223) sw tp, 4(ra)
mem[0x8003A96C] <- 0x00000002


mem[X,0x80034894] -> 0xB537
mem[X,0x80034896] -> 0x0000
[5072] [M]: 0x80034894 (0x0000B537) lui a0, 11
x10 <- 0x0000B000


mem[X,0x80034898] -> 0x0513
mem[X,0x8003489A] -> 0x5035
[5073] [M]: 0x80034898 (0x50350513) addi a0, a0, 1283
x10 <- 0x0000B503


mem[X,0x8003489C] -> 0x55B7
mem[X,0x8003489E] -> 0x5555
[5074] [M]: 0x8003489C (0x555555B7) lui a1, 349525
x11 <- 0x55555000


mem[X,0x800348A0] -> 0x8593
mem[X,0x800348A2] -> 0x5565
[5075] [M]: 0x800348A0 (0x55658593) addi a1, a1, 1366
x11 <- 0x55555556


mem[X,0x800348A4] -> 0x0213
mem[X,0x800348A6] -> 0x0000
[5076] [M]: 0x800348A4 (0x00000213) addi tp, zero, 0
x4 <- 0x00000000


mem[X,0x800348A8] -> 0x006F
mem[X,0x800348AA] -> 0x00C0
[5077] [M]: 0x800348A8 (0x00C0006F) jal zero, 12


mem[X,0x800348B4] -> 0x1063
mem[X,0x800348B6] -> 0x40B5
[5078] [M]: 0x800348B4 (0x40B51063) bne a0, a1, 1024


mem[X,0x80034CB4] -> 0x0213
mem[X,0x80034CB6] -> 0x0032
[5079] [M]: 0x80034CB4 (0x00320213) addi tp, tp, 3
x4 <- 0x00000003


mem[X,0x80034CB8] -> 0x006F
mem[X,0x80034CBA] -> 0x0040
[5080] [M]: 0x80034CB8 (0x0040006F) jal zero, 4


mem[X,0x80034CBC] -> 0xA423
mem[X,0x80034CBE] -> 0x0040
[5081] [M]: 0x80034CBC (0x0040A423) sw tp, 8(ra)
mem[0x8003A970] <- 0x00000003


mem[X,0x80034CC0] -> 0xB537
mem[X,0x80034CC2] -> 0x0000
[5082] [M]: 0x80034CC0 (0x0000B537) lui a0, 11
x10 <- 0x0000B000


mem[X,0x80034CC4] -> 0x0513
mem[X,0x80034CC6] -> 0x5035
[5083] [M]: 0x80034CC4 (0x50350513) addi a0, a0, 1283
x10 <- 0x0000B503


mem[X,0x80034CC8] -> 0xB5B7
mem[X,0x80034CCA] -> 0xAAAA
[5084] [M]: 0x80034CC8 (0xAAAAB5B7) lui a1, 699051
x11 <- 0xAAAAB000


mem[X,0x80034CCC] -> 0x8593
mem[X,0x80034CCE] -> 0xAAB5
[5085] [M]: 0x80034CCC (0xAAB58593) addi a1, a1, 2731
x11 <- 0xAAAAAAAB


mem[X,0x80034CD0] -> 0x0213
mem[X,0x80034CD2] -> 0x0000
[5086] [M]: 0x80034CD0 (0x00000213) addi tp, zero, 0
x4 <- 0x00000000


mem[X,0x80034CD4] -> 0x006F
mem[X,0x80034CD6] -> 0x00C0
[5087] [M]: 0x80034CD4 (0x00C0006F) jal zero, 12


mem[X,0x80034CE0] -> 0x1063
mem[X,0x80034CE2] -> 0x20B5
[5088] [M]: 0x80034CE0 (0x20B51063) bne a0, a1, 512


mem[X,0x80034EE0] -> 0x0213
mem[X,0x80034EE2] -> 0x0032
[5089] [M]: 0x80034EE0 (0x00320213) addi tp, tp, 3
x4 <- 0x00000003


mem[X,0x80034EE4] -> 0x006F
mem[X,0x80034EE6] -> 0x0040
[5090] [M]: 0x80034EE4 (0x0040006F) jal zero, 4


mem[X,0x80034EE8] -> 0xA623
mem[X,0x80034EEA] -> 0x0040
[5091] [M]: 0x80034EE8 (0x0040A623) sw tp, 12(ra)
mem[0x8003A974] <- 0x00000003


mem[X,0x80034EEC] -> 0xB537
mem[X,0x80034EEE] -> 0x0000
[5092] [M]: 0x80034EEC (0x0000B537) lui a0, 11
x10 <- 0x0000B000


mem[X,0x80034EF0] -> 0x0513
mem[X,0x80034EF2] -> 0x5035
[5093] [M]: 0x80034EF0 (0x50350513) addi a0, a0, 1283
x10 <- 0x0000B503


mem[X,0x80034EF4] -> 0x0593
mem[X,0x80034EF6] -> 0x0060
[5094] [M]: 0x80034EF4 (0x00600593) addi a1, zero, 6
x11 <- 0x00000006


mem[X,0x80034EF8] -> 0x0213
mem[X,0x80034EFA] -> 0x0000
[5095] [M]: 0x80034EF8 (0x00000213) addi tp, zero, 0
x4 <- 0x00000000


mem[X,0x80034EFC] -> 0x006F
mem[X,0x80034EFE] -> 0x00C0
[5096] [M]: 0x80034EFC (0x00C0006F) jal zero, 12


mem[X,0x80034F08] -> 0x1063
mem[X,0x80034F0A] -> 0x10B5
[5097] [M]: 0x80034F08 (0x10B51063) bne a0, a1, 256


mem[X,0x80035008] -> 0x0213
mem[X,0x8003500A] -> 0x0032
[5098] [M]: 0x80035008 (0x00320213) addi tp, tp, 3
x4 <- 0x00000003


mem[X,0x8003500C] -> 0x006F
mem[X,0x8003500E] -> 0x0040
[5099] [M]: 0x8003500C (0x0040006F) jal zero, 4


clint::tick mtime <- 0x0000000000000033
 clint timer pending at mtime 0x0000000000000033
htif::tick 0x0000000000000000
mem[X,0x80035010] -> 0xA823
mem[X,0x80035012] -> 0x0040
[5100] [M]: 0x80035010 (0x0040A823) sw tp, 16(ra)
mem[0x8003A978] <- 0x00000003


mem[X,0x80035014] -> 0xB537
mem[X,0x80035016] -> 0x0000
[5101] [M]: 0x80035014 (0x0000B537) lui a0, 11
x10 <- 0x0000B000


mem[X,0x80035018] -> 0x0513
mem[X,0x8003501A] -> 0x5035
[5102] [M]: 0x80035018 (0x50350513) addi a0, a0, 1283
x10 <- 0x0000B503


mem[X,0x8003501C] -> 0x35B7
mem[X,0x8003501E] -> 0x3333
[5103] [M]: 0x8003501C (0x333335B7) lui a1, 209715
x11 <- 0x33333000


mem[X,0x80035020] -> 0x8593
mem[X,0x80035022] -> 0x3345
[5104] [M]: 0x80035020 (0x33458593) addi a1, a1, 820
x11 <- 0x33333334


mem[X,0x80035024] -> 0x0213
mem[X,0x80035026] -> 0x0000
[5105] [M]: 0x80035024 (0x00000213) addi tp, zero, 0
x4 <- 0x00000000


mem[X,0x80035028] -> 0x006F
mem[X,0x8003502A] -> 0x00C0
[5106] [M]: 0x80035028 (0x00C0006F) jal zero, 12


mem[X,0x80035034] -> 0x1063
mem[X,0x80035036] -> 0x10B5
[5107] [M]: 0x80035034 (0x10B51063) bne a0, a1, 256


mem[X,0x80035134] -> 0x0213
mem[X,0x80035136] -> 0x0032
[5108] [M]: 0x80035134 (0x00320213) addi tp, tp, 3
x4 <- 0x00000003


mem[X,0x80035138] -> 0x006F
mem[X,0x8003513A] -> 0x0040
[5109] [M]: 0x80035138 (0x0040006F) jal zero, 4


mem[X,0x8003513C] -> 0xAA23
mem[X,0x8003513E] -> 0x0040
[5110] [M]: 0x8003513C (0x0040AA23) sw tp, 20(ra)
mem[0x8003A97C] <- 0x00000003


mem[X,0x80035140] -> 0xB537
mem[X,0x80035142] -> 0x0000
[5111] [M]: 0x80035140 (0x0000B537) lui a0, 11
x10 <- 0x0000B000


mem[X,0x80035144] -> 0x0513
mem[X,0x80035146] -> 0x5035
[5112] [M]: 0x80035144 (0x50350513) addi a0, a0, 1283
x10 <- 0x0000B503


mem[X,0x80035148] -> 0x65B7
mem[X,0x8003514A] -> 0x6666
[5113] [M]: 0x80035148 (0x666665B7) lui a1, 419430
x11 <- 0x66666000


mem[X,0x8003514C] -> 0x8593
mem[X,0x8003514E] -> 0x6675
[5114] [M]: 0x8003514C (0x66758593) addi a1, a1, 1639
x11 <- 0x66666667


mem[X,0x80035150] -> 0x0213
mem[X,0x80035152] -> 0x0000
[5115] [M]: 0x80035150 (0x00000213) addi tp, zero, 0
x4 <- 0x00000000


mem[X,0x80035154] -> 0x006F
mem[X,0x80035156] -> 0x00C0
[5116] [M]: 0x80035154 (0x00C0006F) jal zero, 12


mem[X,0x80035160] -> 0x1063
mem[X,0x80035162] -> 0x02B5
[5117] [M]: 0x80035160 (0x02B51063) bne a0, a1, 32


mem[X,0x80035180] -> 0x0213
mem[X,0x80035182] -> 0x0032
[5118] [M]: 0x80035180 (0x00320213) addi tp, tp, 3
x4 <- 0x00000003


mem[X,0x80035184] -> 0x006F
mem[X,0x80035186] -> 0x0040
[5119] [M]: 0x80035184 (0x0040006F) jal zero, 4


mem[X,0x80035188] -> 0xAC23
mem[X,0x8003518A] -> 0x0040
[5120] [M]: 0x80035188 (0x0040AC23) sw tp, 24(ra)
mem[0x8003A980] <- 0x00000003


mem[X,0x8003518C] -> 0xB537
mem[X,0x8003518E] -> 0x0000
[5121] [M]: 0x8003518C (0x0000B537) lui a0, 11
x10 <- 0x0000B000


mem[X,0x80035190] -> 0x0513
mem[X,0x80035192] -> 0x5035
[5122] [M]: 0x80035190 (0x50350513) addi a0, a0, 1283
x10 <- 0x0000B503


mem[X,0x80035194] -> 0x55B7
mem[X,0x80035196] -> 0xFFFF
[5123] [M]: 0x80035194 (0xFFFF55B7) lui a1, 1048565
x11 <- 0xFFFF5000


mem[X,0x80035198] -> 0x8593
mem[X,0x8003519A] -> 0xAFD5
[5124] [M]: 0x80035198 (0xAFD58593) addi a1, a1, 2813
x11 <- 0xFFFF4AFD


mem[X,0x8003519C] -> 0x0213
mem[X,0x8003519E] -> 0x0000
[5125] [M]: 0x8003519C (0x00000213) addi tp, zero, 0
x4 <- 0x00000000


mem[X,0x800351A0] -> 0x006F
mem[X,0x800351A2] -> 0x00C0
[5126] [M]: 0x800351A0 (0x00C0006F) jal zero, 12


mem[X,0x800351AC] -> 0x1663
mem[X,0x800351AE] -> 0x00B5
[5127] [M]: 0x800351AC (0x00B51663) bne a0, a1, 12


mem[X,0x800351B8] -> 0x0213
mem[X,0x800351BA] -> 0x0032
[5128] [M]: 0x800351B8 (0x00320213) addi tp, tp, 3
x4 <- 0x00000003


mem[X,0x800351BC] -> 0x006F
mem[X,0x800351BE] -> 0x0040
[5129] [M]: 0x800351BC (0x0040006F) jal zero, 4


mem[X,0x800351C0] -> 0xAE23
mem[X,0x800351C2] -> 0x0040
[5130] [M]: 0x800351C0 (0x0040AE23) sw tp, 28(ra)
mem[0x8003A984] <- 0x00000003


mem[X,0x800351C4] -> 0xB537
mem[X,0x800351C6] -> 0x0000
[5131] [M]: 0x800351C4 (0x0000B537) lui a0, 11
x10 <- 0x0000B000


mem[X,0x800351C8] -> 0x0513
mem[X,0x800351CA] -> 0x5035
[5132] [M]: 0x800351C8 (0x50350513) addi a0, a0, 1283
x10 <- 0x0000B503


mem[X,0x800351CC] -> 0xB5B7
mem[X,0x800351CE] -> 0x0000
[5133] [M]: 0x800351CC (0x0000B5B7) lui a1, 11
x11 <- 0x0000B000


mem[X,0x800351D0] -> 0x8593
mem[X,0x800351D2] -> 0x5055
[5134] [M]: 0x800351D0 (0x50558593) addi a1, a1, 1285
x11 <- 0x0000B505


mem[X,0x800351D4] -> 0x0213
mem[X,0x800351D6] -> 0x0000
[5135] [M]: 0x800351D4 (0x00000213) addi tp, zero, 0
x4 <- 0x00000000


mem[X,0x800351D8] -> 0x006F
mem[X,0x800351DA] -> 0x00C0
[5136] [M]: 0x800351D8 (0x00C0006F) jal zero, 12


mem[X,0x800351E4] -> 0x1663
mem[X,0x800351E6] -> 0x00B5
[5137] [M]: 0x800351E4 (0x00B51663) bne a0, a1, 12


mem[X,0x800351F0] -> 0x0213
mem[X,0x800351F2] -> 0x0032
[5138] [M]: 0x800351F0 (0x00320213) addi tp, tp, 3
x4 <- 0x00000003


mem[X,0x800351F4] -> 0x006F
mem[X,0x800351F6] -> 0x0040
[5139] [M]: 0x800351F4 (0x0040006F) jal zero, 4


mem[X,0x800351F8] -> 0xA023
mem[X,0x800351FA] -> 0x0240
[5140] [M]: 0x800351F8 (0x0240A023) sw tp, 32(ra)
mem[0x8003A988] <- 0x00000003


mem[X,0x800351FC] -> 0x5537
mem[X,0x800351FE] -> 0x5555
[5141] [M]: 0x800351FC (0x55555537) lui a0, 349525
x10 <- 0x55555000


mem[X,0x80035200] -> 0x0513
mem[X,0x80035202] -> 0x5565
[5142] [M]: 0x80035200 (0x55650513) addi a0, a0, 1366
x10 <- 0x55555556


mem[X,0x80035204] -> 0x0593
mem[X,0x80035206] -> 0x0030
[5143] [M]: 0x80035204 (0x00300593) addi a1, zero, 3
x11 <- 0x00000003


mem[X,0x80035208] -> 0x0213
mem[X,0x8003520A] -> 0x0000
[5144] [M]: 0x80035208 (0x00000213) addi tp, zero, 0
x4 <- 0x00000000


mem[X,0x8003520C] -> 0x006F
mem[X,0x8003520E] -> 0x00C0
[5145] [M]: 0x8003520C (0x00C0006F) jal zero, 12


mem[X,0x80035218] -> 0x1663
mem[X,0x8003521A] -> 0x00B5
[5146] [M]: 0x80035218 (0x00B51663) bne a0, a1, 12


mem[X,0x80035224] -> 0x0213
mem[X,0x80035226] -> 0x0032
[5147] [M]: 0x80035224 (0x00320213) addi tp, tp, 3
x4 <- 0x00000003


mem[X,0x80035228] -> 0x006F
mem[X,0x8003522A] -> 0x0040
[5148] [M]: 0x80035228 (0x0040006F) jal zero, 4


mem[X,0x8003522C] -> 0xA223
mem[X,0x8003522E] -> 0x0240
[5149] [M]: 0x8003522C (0x0240A223) sw tp, 36(ra)
mem[0x8003A98C] <- 0x00000003


mem[X,0x80035230] -> 0x5537
mem[X,0x80035232] -> 0x5555
[5150] [M]: 0x80035230 (0x55555537) lui a0, 349525
x10 <- 0x55555000


mem[X,0x80035234] -> 0x0513
mem[X,0x80035236] -> 0x5565
[5151] [M]: 0x80035234 (0x55650513) addi a0, a0, 1366
x10 <- 0x55555556


mem[X,0x80035238] -> 0x55B7
mem[X,0x8003523A] -> 0x5555
[5152] [M]: 0x80035238 (0x555555B7) lui a1, 349525
x11 <- 0x55555000


mem[X,0x8003523C] -> 0x8593
mem[X,0x8003523E] -> 0x5555
[5153] [M]: 0x8003523C (0x55558593) addi a1, a1, 1365
x11 <- 0x55555555


mem[X,0x80035240] -> 0x0213
mem[X,0x80035242] -> 0x0000
[5154] [M]: 0x80035240 (0x00000213) addi tp, zero, 0
x4 <- 0x00000000


mem[X,0x80035244] -> 0x006F
mem[X,0x80035246] -> 0x00C0
[5155] [M]: 0x80035244 (0x00C0006F) jal zero, 12


mem[X,0x80035250] -> 0x1063
mem[X,0x80035252] -> 0x20B5
[5156] [M]: 0x80035250 (0x20B51063) bne a0, a1, 512


mem[X,0x80035450] -> 0x0213
mem[X,0x80035452] -> 0x0032
[5157] [M]: 0x80035450 (0x00320213) addi tp, tp, 3
x4 <- 0x00000003


mem[X,0x80035454] -> 0x006F
mem[X,0x80035456] -> 0x0040
[5158] [M]: 0x80035454 (0x0040006F) jal zero, 4


mem[X,0x80035458] -> 0xA423
mem[X,0x8003545A] -> 0x0240
[5159] [M]: 0x80035458 (0x0240A423) sw tp, 40(ra)
mem[0x8003A990] <- 0x00000003


mem[X,0x8003545C] -> 0x5537
mem[X,0x8003545E] -> 0x5555
[5160] [M]: 0x8003545C (0x55555537) lui a0, 349525
x10 <- 0x55555000


mem[X,0x80035460] -> 0x0513
mem[X,0x80035462] -> 0x5565
[5161] [M]: 0x80035460 (0x55650513) addi a0, a0, 1366
x10 <- 0x55555556


mem[X,0x80035464] -> 0xB5B7
mem[X,0x80035466] -> 0xAAAA
[5162] [M]: 0x80035464 (0xAAAAB5B7) lui a1, 699051
x11 <- 0xAAAAB000


mem[X,0x80035468] -> 0x8593
mem[X,0x8003546A] -> 0xAAA5
[5163] [M]: 0x80035468 (0xAAA58593) addi a1, a1, 2730
x11 <- 0xAAAAAAAA


mem[X,0x8003546C] -> 0x0213
mem[X,0x8003546E] -> 0x0000
[5164] [M]: 0x8003546C (0x00000213) addi tp, zero, 0
x4 <- 0x00000000


mem[X,0x80035470] -> 0x006F
mem[X,0x80035472] -> 0x00C0
[5165] [M]: 0x80035470 (0x00C0006F) jal zero, 12


mem[X,0x8003547C] -> 0x1663
mem[X,0x8003547E] -> 0x00B5
[5166] [M]: 0x8003547C (0x00B51663) bne a0, a1, 12


mem[X,0x80035488] -> 0x0213
mem[X,0x8003548A] -> 0x0032
[5167] [M]: 0x80035488 (0x00320213) addi tp, tp, 3
x4 <- 0x00000003


mem[X,0x8003548C] -> 0x006F
mem[X,0x8003548E] -> 0x0040
[5168] [M]: 0x8003548C (0x0040006F) jal zero, 4


mem[X,0x80035490] -> 0xA623
mem[X,0x80035492] -> 0x0240
[5169] [M]: 0x80035490 (0x0240A623) sw tp, 44(ra)
mem[0x8003A994] <- 0x00000003


mem[X,0x80035494] -> 0x5537
mem[X,0x80035496] -> 0x5555
[5170] [M]: 0x80035494 (0x55555537) lui a0, 349525
x10 <- 0x55555000


mem[X,0x80035498] -> 0x0513
mem[X,0x8003549A] -> 0x5565
[5171] [M]: 0x80035498 (0x55650513) addi a0, a0, 1366
x10 <- 0x55555556


mem[X,0x8003549C] -> 0x0593
mem[X,0x8003549E] -> 0x0050
[5172] [M]: 0x8003549C (0x00500593) addi a1, zero, 5
x11 <- 0x00000005


mem[X,0x800354A0] -> 0x0213
mem[X,0x800354A2] -> 0x0000
[5173] [M]: 0x800354A0 (0x00000213) addi tp, zero, 0
x4 <- 0x00000000


mem[X,0x800354A4] -> 0x006F
mem[X,0x800354A6] -> 0x00C0
[5174] [M]: 0x800354A4 (0x00C0006F) jal zero, 12


mem[X,0x800354B0] -> 0x1063
mem[X,0x800354B2] -> 0x10B5
[5175] [M]: 0x800354B0 (0x10B51063) bne a0, a1, 256


mem[X,0x800355B0] -> 0x0213
mem[X,0x800355B2] -> 0x0032
[5176] [M]: 0x800355B0 (0x00320213) addi tp, tp, 3
x4 <- 0x00000003


mem[X,0x800355B4] -> 0x006F
mem[X,0x800355B6] -> 0x0040
[5177] [M]: 0x800355B4 (0x0040006F) jal zero, 4


mem[X,0x800355B8] -> 0xA823
mem[X,0x800355BA] -> 0x0240
[5178] [M]: 0x800355B8 (0x0240A823) sw tp, 48(ra)
mem[0x8003A998] <- 0x00000003


mem[X,0x800355BC] -> 0x5537
mem[X,0x800355BE] -> 0x5555
[5179] [M]: 0x800355BC (0x55555537) lui a0, 349525
x10 <- 0x55555000


mem[X,0x800355C0] -> 0x0513
mem[X,0x800355C2] -> 0x5565
[5180] [M]: 0x800355C0 (0x55650513) addi a0, a0, 1366
x10 <- 0x55555556


mem[X,0x800355C4] -> 0x35B7
mem[X,0x800355C6] -> 0x3333
[5181] [M]: 0x800355C4 (0x333335B7) lui a1, 209715
x11 <- 0x33333000


mem[X,0x800355C8] -> 0x8593
mem[X,0x800355CA] -> 0x3335
[5182] [M]: 0x800355C8 (0x33358593) addi a1, a1, 819
x11 <- 0x33333333


mem[X,0x800355CC] -> 0x0213
mem[X,0x800355CE] -> 0x0000
[5183] [M]: 0x800355CC (0x00000213) addi tp, zero, 0
x4 <- 0x00000000


mem[X,0x800355D0] -> 0x006F
mem[X,0x800355D2] -> 0x00C0
[5184] [M]: 0x800355D0 (0x00C0006F) jal zero, 12


mem[X,0x800355DC] -> 0x1063
mem[X,0x800355DE] -> 0x02B5
[5185] [M]: 0x800355DC (0x02B51063) bne a0, a1, 32


mem[X,0x800355FC] -> 0x0213
mem[X,0x800355FE] -> 0x0032
[5186] [M]: 0x800355FC (0x00320213) addi tp, tp, 3
x4 <- 0x00000003


mem[X,0x80035600] -> 0x006F
mem[X,0x80035602] -> 0x0040
[5187] [M]: 0x80035600 (0x0040006F) jal zero, 4


mem[X,0x80035604] -> 0xAA23
mem[X,0x80035606] -> 0x0240
[5188] [M]: 0x80035604 (0x0240AA23) sw tp, 52(ra)
mem[0x8003A99C] <- 0x00000003


mem[X,0x80035608] -> 0x5537
mem[X,0x8003560A] -> 0x5555
[5189] [M]: 0x80035608 (0x55555537) lui a0, 349525
x10 <- 0x55555000


mem[X,0x8003560C] -> 0x0513
mem[X,0x8003560E] -> 0x5565
[5190] [M]: 0x8003560C (0x55650513) addi a0, a0, 1366
x10 <- 0x55555556


mem[X,0x80035610] -> 0x65B7
mem[X,0x80035612] -> 0x6666
[5191] [M]: 0x80035610 (0x666665B7) lui a1, 419430
x11 <- 0x66666000


mem[X,0x80035614] -> 0x8593
mem[X,0x80035616] -> 0x6665
[5192] [M]: 0x80035614 (0x66658593) addi a1, a1, 1638
x11 <- 0x66666666


mem[X,0x80035618] -> 0x0213
mem[X,0x8003561A] -> 0x0000
[5193] [M]: 0x80035618 (0x00000213) addi tp, zero, 0
x4 <- 0x00000000


mem[X,0x8003561C] -> 0x006F
mem[X,0x8003561E] -> 0x00C0
[5194] [M]: 0x8003561C (0x00C0006F) jal zero, 12


mem[X,0x80035628] -> 0x1063
mem[X,0x8003562A] -> 0x02B5
[5195] [M]: 0x80035628 (0x02B51063) bne a0, a1, 32


mem[X,0x80035648] -> 0x0213
mem[X,0x8003564A] -> 0x0032
[5196] [M]: 0x80035648 (0x00320213) addi tp, tp, 3
x4 <- 0x00000003


mem[X,0x8003564C] -> 0x006F
mem[X,0x8003564E] -> 0x0040
[5197] [M]: 0x8003564C (0x0040006F) jal zero, 4


mem[X,0x80035650] -> 0xAC23
mem[X,0x80035652] -> 0x0240
[5198] [M]: 0x80035650 (0x0240AC23) sw tp, 56(ra)
mem[0x8003A9A0] <- 0x00000003


mem[X,0x80035654] -> 0x5537
mem[X,0x80035656] -> 0x5555
[5199] [M]: 0x80035654 (0x55555537) lui a0, 349525
x10 <- 0x55555000


clint::tick mtime <- 0x0000000000000034
 clint timer pending at mtime 0x0000000000000034
htif::tick 0x0000000000000000
mem[X,0x80035658] -> 0x0513
mem[X,0x8003565A] -> 0x5565
[5200] [M]: 0x80035658 (0x55650513) addi a0, a0, 1366
x10 <- 0x55555556


mem[X,0x8003565C] -> 0x55B7
mem[X,0x8003565E] -> 0xFFFF
[5201] [M]: 0x8003565C (0xFFFF55B7) lui a1, 1048565
x11 <- 0xFFFF5000


mem[X,0x80035660] -> 0x8593
mem[X,0x80035662] -> 0xAFC5
[5202] [M]: 0x80035660 (0xAFC58593) addi a1, a1, 2812
x11 <- 0xFFFF4AFC


mem[X,0x80035664] -> 0x0213
mem[X,0x80035666] -> 0x0000
[5203] [M]: 0x80035664 (0x00000213) addi tp, zero, 0
x4 <- 0x00000000


mem[X,0x80035668] -> 0x006F
mem[X,0x8003566A] -> 0x00C0
[5204] [M]: 0x80035668 (0x00C0006F) jal zero, 12


mem[X,0x80035674] -> 0x1663
mem[X,0x80035676] -> 0x00B5
[5205] [M]: 0x80035674 (0x00B51663) bne a0, a1, 12


mem[X,0x80035680] -> 0x0213
mem[X,0x80035682] -> 0x0032
[5206] [M]: 0x80035680 (0x00320213) addi tp, tp, 3
x4 <- 0x00000003


mem[X,0x80035684] -> 0x006F
mem[X,0x80035686] -> 0x0040
[5207] [M]: 0x80035684 (0x0040006F) jal zero, 4


mem[X,0x80035688] -> 0xAE23
mem[X,0x8003568A] -> 0x0240
[5208] [M]: 0x80035688 (0x0240AE23) sw tp, 60(ra)
mem[0x8003A9A4] <- 0x00000003


mem[X,0x8003568C] -> 0x5537
mem[X,0x8003568E] -> 0x5555
[5209] [M]: 0x8003568C (0x55555537) lui a0, 349525
x10 <- 0x55555000


mem[X,0x80035690] -> 0x0513
mem[X,0x80035692] -> 0x5565
[5210] [M]: 0x80035690 (0x55650513) addi a0, a0, 1366
x10 <- 0x55555556


mem[X,0x80035694] -> 0xB5B7
mem[X,0x80035696] -> 0x0000
[5211] [M]: 0x80035694 (0x0000B5B7) lui a1, 11
x11 <- 0x0000B000


mem[X,0x80035698] -> 0x8593
mem[X,0x8003569A] -> 0x5045
[5212] [M]: 0x80035698 (0x50458593) addi a1, a1, 1284
x11 <- 0x0000B504


mem[X,0x8003569C] -> 0x0213
mem[X,0x8003569E] -> 0x0000
[5213] [M]: 0x8003569C (0x00000213) addi tp, zero, 0
x4 <- 0x00000000


mem[X,0x800356A0] -> 0x006F
mem[X,0x800356A2] -> 0x00C0
[5214] [M]: 0x800356A0 (0x00C0006F) jal zero, 12


mem[X,0x800356AC] -> 0x1063
mem[X,0x800356AE] -> 0x04B5
[5215] [M]: 0x800356AC (0x04B51063) bne a0, a1, 64


mem[X,0x800356EC] -> 0x0213
mem[X,0x800356EE] -> 0x0032
[5216] [M]: 0x800356EC (0x00320213) addi tp, tp, 3
x4 <- 0x00000003


mem[X,0x800356F0] -> 0x006F
mem[X,0x800356F2] -> 0x0040
[5217] [M]: 0x800356F0 (0x0040006F) jal zero, 4


mem[X,0x800356F4] -> 0xA023
mem[X,0x800356F6] -> 0x0440
[5218] [M]: 0x800356F4 (0x0440A023) sw tp, 64(ra)
mem[0x8003A9A8] <- 0x00000003


mem[X,0x800356F8] -> 0x5537
mem[X,0x800356FA] -> 0x5555
[5219] [M]: 0x800356F8 (0x55555537) lui a0, 349525
x10 <- 0x55555000


mem[X,0x800356FC] -> 0x0513
mem[X,0x800356FE] -> 0x5565
[5220] [M]: 0x800356FC (0x55650513) addi a0, a0, 1366
x10 <- 0x55555556


mem[X,0x80035700] -> 0x0593
mem[X,0x80035702] -> 0x0020
[5221] [M]: 0x80035700 (0x00200593) addi a1, zero, 2
x11 <- 0x00000002


mem[X,0x80035704] -> 0x0213
mem[X,0x80035706] -> 0x0000
[5222] [M]: 0x80035704 (0x00000213) addi tp, zero, 0
x4 <- 0x00000000


mem[X,0x80035708] -> 0x006F
mem[X,0x8003570A] -> 0x00C0
[5223] [M]: 0x80035708 (0x00C0006F) jal zero, 12


mem[X,0x80035714] -> 0x1CE3
mem[X,0x80035716] -> 0xFEB5
[5224] [M]: 0x80035714 (0xFEB51CE3) bne a0, a1, 8184


mem[X,0x8003570C] -> 0x0213
mem[X,0x8003570E] -> 0x0012
[5225] [M]: 0x8003570C (0x00120213) addi tp, tp, 1
x4 <- 0x00000001


mem[X,0x80035710] -> 0x006F
mem[X,0x80035712] -> 0x0180
[5226] [M]: 0x80035710 (0x0180006F) jal zero, 24


mem[X,0x80035728] -> 0xA223
mem[X,0x8003572A] -> 0x0440
[5227] [M]: 0x80035728 (0x0440A223) sw tp, 68(ra)
mem[0x8003A9AC] <- 0x00000001


mem[X,0x8003572C] -> 0x5537
mem[X,0x8003572E] -> 0x5555
[5228] [M]: 0x8003572C (0x55555537) lui a0, 349525
x10 <- 0x55555000


mem[X,0x80035730] -> 0x0513
mem[X,0x80035732] -> 0x5565
[5229] [M]: 0x80035730 (0x55650513) addi a0, a0, 1366
x10 <- 0x55555556


mem[X,0x80035734] -> 0x55B7
mem[X,0x80035736] -> 0x5555
[5230] [M]: 0x80035734 (0x555555B7) lui a1, 349525
x11 <- 0x55555000


mem[X,0x80035738] -> 0x8593
mem[X,0x8003573A] -> 0x5545
[5231] [M]: 0x80035738 (0x55458593) addi a1, a1, 1364
x11 <- 0x55555554


mem[X,0x8003573C] -> 0x0213
mem[X,0x8003573E] -> 0x0000
[5232] [M]: 0x8003573C (0x00000213) addi tp, zero, 0
x4 <- 0x00000000


mem[X,0x80035740] -> 0x006F
mem[X,0x80035742] -> 0x00C0
[5233] [M]: 0x80035740 (0x00C0006F) jal zero, 12


mem[X,0x8003574C] -> 0x1663
mem[X,0x8003574E] -> 0x00B5
[5234] [M]: 0x8003574C (0x00B51663) bne a0, a1, 12


mem[X,0x80035758] -> 0x0213
mem[X,0x8003575A] -> 0x0032
[5235] [M]: 0x80035758 (0x00320213) addi tp, tp, 3
x4 <- 0x00000003


mem[X,0x8003575C] -> 0x006F
mem[X,0x8003575E] -> 0x0040
[5236] [M]: 0x8003575C (0x0040006F) jal zero, 4


mem[X,0x80035760] -> 0xA423
mem[X,0x80035762] -> 0x0440
[5237] [M]: 0x80035760 (0x0440A423) sw tp, 72(ra)
mem[0x8003A9B0] <- 0x00000003


mem[X,0x80035764] -> 0x5537
mem[X,0x80035766] -> 0x5555
[5238] [M]: 0x80035764 (0x55555537) lui a0, 349525
x10 <- 0x55555000


mem[X,0x80035768] -> 0x0513
mem[X,0x8003576A] -> 0x5565
[5239] [M]: 0x80035768 (0x55650513) addi a0, a0, 1366
x10 <- 0x55555556


mem[X,0x8003576C] -> 0x0593
mem[X,0x8003576E] -> 0x0000
[5240] [M]: 0x8003576C (0x00000593) addi a1, zero, 0
x11 <- 0x00000000


mem[X,0x80035770] -> 0x0213
mem[X,0x80035772] -> 0x0000
[5241] [M]: 0x80035770 (0x00000213) addi tp, zero, 0
x4 <- 0x00000000


mem[X,0x80035774] -> 0x006F
mem[X,0x80035776] -> 0x00C0
[5242] [M]: 0x80035774 (0x00C0006F) jal zero, 12


mem[X,0x80035780] -> 0x1663
mem[X,0x80035782] -> 0x00B5
[5243] [M]: 0x80035780 (0x00B51663) bne a0, a1, 12


mem[X,0x8003578C] -> 0x0213
mem[X,0x8003578E] -> 0x0032
[5244] [M]: 0x8003578C (0x00320213) addi tp, tp, 3
x4 <- 0x00000003


mem[X,0x80035790] -> 0x006F
mem[X,0x80035792] -> 0x0040
[5245] [M]: 0x80035790 (0x0040006F) jal zero, 4


mem[X,0x80035794] -> 0xA623
mem[X,0x80035796] -> 0x0440
[5246] [M]: 0x80035794 (0x0440A623) sw tp, 76(ra)
mem[0x8003A9B4] <- 0x00000003


mem[X,0x80035798] -> 0x5537
mem[X,0x8003579A] -> 0x5555
[5247] [M]: 0x80035798 (0x55555537) lui a0, 349525
x10 <- 0x55555000


mem[X,0x8003579C] -> 0x0513
mem[X,0x8003579E] -> 0x5565
[5248] [M]: 0x8003579C (0x55650513) addi a0, a0, 1366
x10 <- 0x55555556


mem[X,0x800357A0] -> 0x0593
mem[X,0x800357A2] -> 0x0040
[5249] [M]: 0x800357A0 (0x00400593) addi a1, zero, 4
x11 <- 0x00000004


mem[X,0x800357A4] -> 0x0213
mem[X,0x800357A6] -> 0x0000
[5250] [M]: 0x800357A4 (0x00000213) addi tp, zero, 0
x4 <- 0x00000000


mem[X,0x800357A8] -> 0x006F
mem[X,0x800357AA] -> 0x00C0
[5251] [M]: 0x800357A8 (0x00C0006F) jal zero, 12


mem[X,0x800357B4] -> 0x1063
mem[X,0x800357B6] -> 0x10B5
[5252] [M]: 0x800357B4 (0x10B51063) bne a0, a1, 256


mem[X,0x800358B4] -> 0x0213
mem[X,0x800358B6] -> 0x0032
[5253] [M]: 0x800358B4 (0x00320213) addi tp, tp, 3
x4 <- 0x00000003


mem[X,0x800358B8] -> 0x006F
mem[X,0x800358BA] -> 0x0040
[5254] [M]: 0x800358B8 (0x0040006F) jal zero, 4


mem[X,0x800358BC] -> 0xA823
mem[X,0x800358BE] -> 0x0440
[5255] [M]: 0x800358BC (0x0440A823) sw tp, 80(ra)
mem[0x8003A9B8] <- 0x00000003


mem[X,0x800358C0] -> 0x5537
mem[X,0x800358C2] -> 0x5555
[5256] [M]: 0x800358C0 (0x55555537) lui a0, 349525
x10 <- 0x55555000


mem[X,0x800358C4] -> 0x0513
mem[X,0x800358C6] -> 0x5565
[5257] [M]: 0x800358C4 (0x55650513) addi a0, a0, 1366
x10 <- 0x55555556


mem[X,0x800358C8] -> 0x35B7
mem[X,0x800358CA] -> 0x3333
[5258] [M]: 0x800358C8 (0x333335B7) lui a1, 209715
x11 <- 0x33333000


mem[X,0x800358CC] -> 0x8593
mem[X,0x800358CE] -> 0x3325
[5259] [M]: 0x800358CC (0x33258593) addi a1, a1, 818
x11 <- 0x33333332


mem[X,0x800358D0] -> 0x0213
mem[X,0x800358D2] -> 0x0000
[5260] [M]: 0x800358D0 (0x00000213) addi tp, zero, 0
x4 <- 0x00000000


mem[X,0x800358D4] -> 0x006F
mem[X,0x800358D6] -> 0x00C0
[5261] [M]: 0x800358D4 (0x00C0006F) jal zero, 12


mem[X,0x800358E0] -> 0x1CE3
mem[X,0x800358E2] -> 0xFEB5
[5262] [M]: 0x800358E0 (0xFEB51CE3) bne a0, a1, 8184


mem[X,0x800358D8] -> 0x0213
mem[X,0x800358DA] -> 0x0012
[5263] [M]: 0x800358D8 (0x00120213) addi tp, tp, 1
x4 <- 0x00000001


mem[X,0x800358DC] -> 0x006F
mem[X,0x800358DE] -> 0x0180
[5264] [M]: 0x800358DC (0x0180006F) jal zero, 24


mem[X,0x800358F4] -> 0xAA23
mem[X,0x800358F6] -> 0x0440
[5265] [M]: 0x800358F4 (0x0440AA23) sw tp, 84(ra)
mem[0x8003A9BC] <- 0x00000001


mem[X,0x800358F8] -> 0x5537
mem[X,0x800358FA] -> 0x5555
[5266] [M]: 0x800358F8 (0x55555537) lui a0, 349525
x10 <- 0x55555000


mem[X,0x800358FC] -> 0x0513
mem[X,0x800358FE] -> 0x5565
[5267] [M]: 0x800358FC (0x55650513) addi a0, a0, 1366
x10 <- 0x55555556


mem[X,0x80035900] -> 0x65B7
mem[X,0x80035902] -> 0x6666
[5268] [M]: 0x80035900 (0x666665B7) lui a1, 419430
x11 <- 0x66666000


mem[X,0x80035904] -> 0x8593
mem[X,0x80035906] -> 0x6655
[5269] [M]: 0x80035904 (0x66558593) addi a1, a1, 1637
x11 <- 0x66666665


mem[X,0x80035908] -> 0x0213
mem[X,0x8003590A] -> 0x0000
[5270] [M]: 0x80035908 (0x00000213) addi tp, zero, 0
x4 <- 0x00000000


mem[X,0x8003590C] -> 0x006F
mem[X,0x8003590E] -> 0x00C0
[5271] [M]: 0x8003590C (0x00C0006F) jal zero, 12


mem[X,0x80035918] -> 0x1063
mem[X,0x8003591A] -> 0x02B5
[5272] [M]: 0x80035918 (0x02B51063) bne a0, a1, 32


mem[X,0x80035938] -> 0x0213
mem[X,0x8003593A] -> 0x0032
[5273] [M]: 0x80035938 (0x00320213) addi tp, tp, 3
x4 <- 0x00000003


mem[X,0x8003593C] -> 0x006F
mem[X,0x8003593E] -> 0x0040
[5274] [M]: 0x8003593C (0x0040006F) jal zero, 4


mem[X,0x80035940] -> 0xAC23
mem[X,0x80035942] -> 0x0440
[5275] [M]: 0x80035940 (0x0440AC23) sw tp, 88(ra)
mem[0x8003A9C0] <- 0x00000003


mem[X,0x80035944] -> 0x5537
mem[X,0x80035946] -> 0x5555
[5276] [M]: 0x80035944 (0x55555537) lui a0, 349525
x10 <- 0x55555000


mem[X,0x80035948] -> 0x0513
mem[X,0x8003594A] -> 0x5565
[5277] [M]: 0x80035948 (0x55650513) addi a0, a0, 1366
x10 <- 0x55555556


mem[X,0x8003594C] -> 0xB5B7
mem[X,0x8003594E] -> 0x0000
[5278] [M]: 0x8003594C (0x0000B5B7) lui a1, 11
x11 <- 0x0000B000


mem[X,0x80035950] -> 0x8593
mem[X,0x80035952] -> 0x5035
[5279] [M]: 0x80035950 (0x50358593) addi a1, a1, 1283
x11 <- 0x0000B503


mem[X,0x80035954] -> 0x0213
mem[X,0x80035956] -> 0x0000
[5280] [M]: 0x80035954 (0x00000213) addi tp, zero, 0
x4 <- 0x00000000


mem[X,0x80035958] -> 0x006F
mem[X,0x8003595A] -> 0x00C0
[5281] [M]: 0x80035958 (0x00C0006F) jal zero, 12


mem[X,0x80035964] -> 0x1063
mem[X,0x80035966] -> 0x02B5
[5282] [M]: 0x80035964 (0x02B51063) bne a0, a1, 32


mem[X,0x80035984] -> 0x0213
mem[X,0x80035986] -> 0x0032
[5283] [M]: 0x80035984 (0x00320213) addi tp, tp, 3
x4 <- 0x00000003


mem[X,0x80035988] -> 0x006F
mem[X,0x8003598A] -> 0x0040
[5284] [M]: 0x80035988 (0x0040006F) jal zero, 4


mem[X,0x8003598C] -> 0xAE23
mem[X,0x8003598E] -> 0x0440
[5285] [M]: 0x8003598C (0x0440AE23) sw tp, 92(ra)
mem[0x8003A9C4] <- 0x00000003


mem[X,0x80035990] -> 0x5537
mem[X,0x80035992] -> 0x5555
[5286] [M]: 0x80035990 (0x55555537) lui a0, 349525
x10 <- 0x55555000


mem[X,0x80035994] -> 0x0513
mem[X,0x80035996] -> 0x5565
[5287] [M]: 0x80035994 (0x55650513) addi a0, a0, 1366
x10 <- 0x55555556


mem[X,0x80035998] -> 0x55B7
mem[X,0x8003599A] -> 0x5555
[5288] [M]: 0x80035998 (0x555555B7) lui a1, 349525
x11 <- 0x55555000


mem[X,0x8003599C] -> 0x8593
mem[X,0x8003599E] -> 0x5565
[5289] [M]: 0x8003599C (0x55658593) addi a1, a1, 1366
x11 <- 0x55555556


mem[X,0x800359A0] -> 0x0213
mem[X,0x800359A2] -> 0x0000
[5290] [M]: 0x800359A0 (0x00000213) addi tp, zero, 0
x4 <- 0x00000000


mem[X,0x800359A4] -> 0x006F
mem[X,0x800359A6] -> 0x00C0
[5291] [M]: 0x800359A4 (0x00C0006F) jal zero, 12


mem[X,0x800359B0] -> 0x1663
mem[X,0x800359B2] -> 0x00B5
[5292] [M]: 0x800359B0 (0x00B51663) bne a0, a1, 12


mem[X,0x800359B4] -> 0x0213
mem[X,0x800359B6] -> 0x0022
[5293] [M]: 0x800359B4 (0x00220213) addi tp, tp, 2
x4 <- 0x00000002


mem[X,0x800359B8] -> 0x006F
mem[X,0x800359BA] -> 0x00C0
[5294] [M]: 0x800359B8 (0x00C0006F) jal zero, 12


mem[X,0x800359C4] -> 0xA023
mem[X,0x800359C6] -> 0x0640
[5295] [M]: 0x800359C4 (0x0640A023) sw tp, 96(ra)
mem[0x8003A9C8] <- 0x00000002


mem[X,0x800359C8] -> 0x5537
mem[X,0x800359CA] -> 0x5555
[5296] [M]: 0x800359C8 (0x55555537) lui a0, 349525
x10 <- 0x55555000


mem[X,0x800359CC] -> 0x0513
mem[X,0x800359CE] -> 0x5565
[5297] [M]: 0x800359CC (0x55650513) addi a0, a0, 1366
x10 <- 0x55555556


mem[X,0x800359D0] -> 0xB5B7
mem[X,0x800359D2] -> 0xAAAA
[5298] [M]: 0x800359D0 (0xAAAAB5B7) lui a1, 699051
x11 <- 0xAAAAB000


mem[X,0x800359D4] -> 0x8593
mem[X,0x800359D6] -> 0xAAB5
[5299] [M]: 0x800359D4 (0xAAB58593) addi a1, a1, 2731
x11 <- 0xAAAAAAAB


clint::tick mtime <- 0x0000000000000035
 clint timer pending at mtime 0x0000000000000035
htif::tick 0x0000000000000000
mem[X,0x800359D8] -> 0x0213
mem[X,0x800359DA] -> 0x0000
[5300] [M]: 0x800359D8 (0x00000213) addi tp, zero, 0
x4 <- 0x00000000


mem[X,0x800359DC] -> 0x006F
mem[X,0x800359DE] -> 0x00C0
[5301] [M]: 0x800359DC (0x00C0006F) jal zero, 12


mem[X,0x800359E8] -> 0x1663
mem[X,0x800359EA] -> 0x00B5
[5302] [M]: 0x800359E8 (0x00B51663) bne a0, a1, 12


mem[X,0x800359F4] -> 0x0213
mem[X,0x800359F6] -> 0x0032
[5303] [M]: 0x800359F4 (0x00320213) addi tp, tp, 3
x4 <- 0x00000003


mem[X,0x800359F8] -> 0x006F
mem[X,0x800359FA] -> 0x0040
[5304] [M]: 0x800359F8 (0x0040006F) jal zero, 4


mem[X,0x800359FC] -> 0xA223
mem[X,0x800359FE] -> 0x0640
[5305] [M]: 0x800359FC (0x0640A223) sw tp, 100(ra)
mem[0x8003A9CC] <- 0x00000003


mem[X,0x80035A00] -> 0x5537
mem[X,0x80035A02] -> 0x5555
[5306] [M]: 0x80035A00 (0x55555537) lui a0, 349525
x10 <- 0x55555000


mem[X,0x80035A04] -> 0x0513
mem[X,0x80035A06] -> 0x5565
[5307] [M]: 0x80035A04 (0x55650513) addi a0, a0, 1366
x10 <- 0x55555556


mem[X,0x80035A08] -> 0x0593
mem[X,0x80035A0A] -> 0x0060
[5308] [M]: 0x80035A08 (0x00600593) addi a1, zero, 6
x11 <- 0x00000006


mem[X,0x80035A0C] -> 0x0213
mem[X,0x80035A0E] -> 0x0000
[5309] [M]: 0x80035A0C (0x00000213) addi tp, zero, 0
x4 <- 0x00000000


mem[X,0x80035A10] -> 0x006F
mem[X,0x80035A12] -> 0x00C0
[5310] [M]: 0x80035A10 (0x00C0006F) jal zero, 12


mem[X,0x80035A1C] -> 0x1063
mem[X,0x80035A1E] -> 0x20B5
[5311] [M]: 0x80035A1C (0x20B51063) bne a0, a1, 512


mem[X,0x80035C1C] -> 0x0213
mem[X,0x80035C1E] -> 0x0032
[5312] [M]: 0x80035C1C (0x00320213) addi tp, tp, 3
x4 <- 0x00000003


mem[X,0x80035C20] -> 0x006F
mem[X,0x80035C22] -> 0x0040
[5313] [M]: 0x80035C20 (0x0040006F) jal zero, 4


mem[X,0x80035C24] -> 0xA423
mem[X,0x80035C26] -> 0x0640
[5314] [M]: 0x80035C24 (0x0640A423) sw tp, 104(ra)
mem[0x8003A9D0] <- 0x00000003


mem[X,0x80035C28] -> 0x5537
mem[X,0x80035C2A] -> 0x5555
[5315] [M]: 0x80035C28 (0x55555537) lui a0, 349525
x10 <- 0x55555000


mem[X,0x80035C2C] -> 0x0513
mem[X,0x80035C2E] -> 0x5565
[5316] [M]: 0x80035C2C (0x55650513) addi a0, a0, 1366
x10 <- 0x55555556


mem[X,0x80035C30] -> 0x35B7
mem[X,0x80035C32] -> 0x3333
[5317] [M]: 0x80035C30 (0x333335B7) lui a1, 209715
x11 <- 0x33333000


mem[X,0x80035C34] -> 0x8593
mem[X,0x80035C36] -> 0x3345
[5318] [M]: 0x80035C34 (0x33458593) addi a1, a1, 820
x11 <- 0x33333334


mem[X,0x80035C38] -> 0x0213
mem[X,0x80035C3A] -> 0x0000
[5319] [M]: 0x80035C38 (0x00000213) addi tp, zero, 0
x4 <- 0x00000000


mem[X,0x80035C3C] -> 0x006F
mem[X,0x80035C3E] -> 0x0100
[5320] [M]: 0x80035C3C (0x0100006F) jal zero, 16


mem[X,0x80035C4C] -> 0x1AE3
mem[X,0x80035C4E] -> 0xFEB5
[5321] [M]: 0x80035C4C (0xFEB51AE3) bne a0, a1, 8180


mem[X,0x80035C40] -> 0x0213
mem[X,0x80035C42] -> 0x0012
[5322] [M]: 0x80035C40 (0x00120213) addi tp, tp, 1
x4 <- 0x00000001


mem[X,0x80035C44] -> 0x006F
mem[X,0x80035C46] -> 0x01C0
[5323] [M]: 0x80035C44 (0x01C0006F) jal zero, 28


mem[X,0x80035C60] -> 0xA623
mem[X,0x80035C62] -> 0x0640
[5324] [M]: 0x80035C60 (0x0640A623) sw tp, 108(ra)
mem[0x8003A9D4] <- 0x00000001


mem[X,0x80035C64] -> 0x5537
mem[X,0x80035C66] -> 0x5555
[5325] [M]: 0x80035C64 (0x55555537) lui a0, 349525
x10 <- 0x55555000


mem[X,0x80035C68] -> 0x0513
mem[X,0x80035C6A] -> 0x5565
[5326] [M]: 0x80035C68 (0x55650513) addi a0, a0, 1366
x10 <- 0x55555556


mem[X,0x80035C6C] -> 0x65B7
mem[X,0x80035C6E] -> 0x6666
[5327] [M]: 0x80035C6C (0x666665B7) lui a1, 419430
x11 <- 0x66666000


mem[X,0x80035C70] -> 0x8593
mem[X,0x80035C72] -> 0x6675
[5328] [M]: 0x80035C70 (0x66758593) addi a1, a1, 1639
x11 <- 0x66666667


mem[X,0x80035C74] -> 0x0213
mem[X,0x80035C76] -> 0x0000
[5329] [M]: 0x80035C74 (0x00000213) addi tp, zero, 0
x4 <- 0x00000000


mem[X,0x80035C78] -> 0x006F
mem[X,0x80035C7A] -> 0x00C0
[5330] [M]: 0x80035C78 (0x00C0006F) jal zero, 12


mem[X,0x80035C84] -> 0x1063
mem[X,0x80035C86] -> 0x20B5
[5331] [M]: 0x80035C84 (0x20B51063) bne a0, a1, 512


mem[X,0x80035E84] -> 0x0213
mem[X,0x80035E86] -> 0x0032
[5332] [M]: 0x80035E84 (0x00320213) addi tp, tp, 3
x4 <- 0x00000003


mem[X,0x80035E88] -> 0x006F
mem[X,0x80035E8A] -> 0x0040
[5333] [M]: 0x80035E88 (0x0040006F) jal zero, 4


mem[X,0x80035E8C] -> 0xA823
mem[X,0x80035E8E] -> 0x0640
[5334] [M]: 0x80035E8C (0x0640A823) sw tp, 112(ra)
mem[0x8003A9D8] <- 0x00000003


mem[X,0x80035E90] -> 0x5537
mem[X,0x80035E92] -> 0x5555
[5335] [M]: 0x80035E90 (0x55555537) lui a0, 349525
x10 <- 0x55555000


mem[X,0x80035E94] -> 0x0513
mem[X,0x80035E96] -> 0x5565
[5336] [M]: 0x80035E94 (0x55650513) addi a0, a0, 1366
x10 <- 0x55555556


mem[X,0x80035E98] -> 0x55B7
mem[X,0x80035E9A] -> 0xFFFF
[5337] [M]: 0x80035E98 (0xFFFF55B7) lui a1, 1048565
x11 <- 0xFFFF5000


mem[X,0x80035E9C] -> 0x8593
mem[X,0x80035E9E] -> 0xAFD5
[5338] [M]: 0x80035E9C (0xAFD58593) addi a1, a1, 2813
x11 <- 0xFFFF4AFD


mem[X,0x80035EA0] -> 0x0213
mem[X,0x80035EA2] -> 0x0000
[5339] [M]: 0x80035EA0 (0x00000213) addi tp, zero, 0
x4 <- 0x00000000


mem[X,0x80035EA4] -> 0x006F
mem[X,0x80035EA6] -> 0x0100
[5340] [M]: 0x80035EA4 (0x0100006F) jal zero, 16


mem[X,0x80035EB4] -> 0x1AE3
mem[X,0x80035EB6] -> 0xFEB5
[5341] [M]: 0x80035EB4 (0xFEB51AE3) bne a0, a1, 8180


mem[X,0x80035EA8] -> 0x0213
mem[X,0x80035EAA] -> 0x0012
[5342] [M]: 0x80035EA8 (0x00120213) addi tp, tp, 1
x4 <- 0x00000001


mem[X,0x80035EAC] -> 0x006F
mem[X,0x80035EAE] -> 0x01C0
[5343] [M]: 0x80035EAC (0x01C0006F) jal zero, 28


mem[X,0x80035EC8] -> 0xAA23
mem[X,0x80035ECA] -> 0x0640
[5344] [M]: 0x80035EC8 (0x0640AA23) sw tp, 116(ra)
mem[0x8003A9DC] <- 0x00000001


mem[X,0x80035ECC] -> 0x5537
mem[X,0x80035ECE] -> 0x5555
[5345] [M]: 0x80035ECC (0x55555537) lui a0, 349525
x10 <- 0x55555000


mem[X,0x80035ED0] -> 0x0513
mem[X,0x80035ED2] -> 0x5565
[5346] [M]: 0x80035ED0 (0x55650513) addi a0, a0, 1366
x10 <- 0x55555556


mem[X,0x80035ED4] -> 0xB5B7
mem[X,0x80035ED6] -> 0x0000
[5347] [M]: 0x80035ED4 (0x0000B5B7) lui a1, 11
x11 <- 0x0000B000


mem[X,0x80035ED8] -> 0x8593
mem[X,0x80035EDA] -> 0x5055
[5348] [M]: 0x80035ED8 (0x50558593) addi a1, a1, 1285
x11 <- 0x0000B505


mem[X,0x80035EDC] -> 0x0213
mem[X,0x80035EDE] -> 0x0000
[5349] [M]: 0x80035EDC (0x00000213) addi tp, zero, 0
x4 <- 0x00000000


mem[X,0x80035EE0] -> 0x006F
mem[X,0x80035EE2] -> 0x00C0
[5350] [M]: 0x80035EE0 (0x00C0006F) jal zero, 12


mem[X,0x80035EEC] -> 0x1863
mem[X,0x80035EEE] -> 0x00B5
[5351] [M]: 0x80035EEC (0x00B51863) bne a0, a1, 16


mem[X,0x80035EFC] -> 0x0213
mem[X,0x80035EFE] -> 0x0032
[5352] [M]: 0x80035EFC (0x00320213) addi tp, tp, 3
x4 <- 0x00000003


mem[X,0x80035F00] -> 0x006F
mem[X,0x80035F02] -> 0x0040
[5353] [M]: 0x80035F00 (0x0040006F) jal zero, 4


mem[X,0x80035F04] -> 0xAC23
mem[X,0x80035F06] -> 0x0640
[5354] [M]: 0x80035F04 (0x0640AC23) sw tp, 120(ra)
mem[0x8003A9E0] <- 0x00000003


mem[X,0x80035F08] -> 0xB537
mem[X,0x80035F0A] -> 0xAAAA
[5355] [M]: 0x80035F08 (0xAAAAB537) lui a0, 699051
x10 <- 0xAAAAB000


mem[X,0x80035F0C] -> 0x0513
mem[X,0x80035F0E] -> 0xAAB5
[5356] [M]: 0x80035F0C (0xAAB50513) addi a0, a0, 2731
x10 <- 0xAAAAAAAB


mem[X,0x80035F10] -> 0x0593
mem[X,0x80035F12] -> 0x0030
[5357] [M]: 0x80035F10 (0x00300593) addi a1, zero, 3
x11 <- 0x00000003


mem[X,0x80035F14] -> 0x0213
mem[X,0x80035F16] -> 0x0000
[5358] [M]: 0x80035F14 (0x00000213) addi tp, zero, 0
x4 <- 0x00000000


mem[X,0x80035F18] -> 0x006F
mem[X,0x80035F1A] -> 0x00C0
[5359] [M]: 0x80035F18 (0x00C0006F) jal zero, 12


mem[X,0x80035F24] -> 0x1063
mem[X,0x80035F26] -> 0x04B5
[5360] [M]: 0x80035F24 (0x04B51063) bne a0, a1, 64


mem[X,0x80035F64] -> 0x0213
mem[X,0x80035F66] -> 0x0032
[5361] [M]: 0x80035F64 (0x00320213) addi tp, tp, 3
x4 <- 0x00000003


mem[X,0x80035F68] -> 0x006F
mem[X,0x80035F6A] -> 0x0040
[5362] [M]: 0x80035F68 (0x0040006F) jal zero, 4


mem[X,0x80035F6C] -> 0xAE23
mem[X,0x80035F6E] -> 0x0640
[5363] [M]: 0x80035F6C (0x0640AE23) sw tp, 124(ra)
mem[0x8003A9E4] <- 0x00000003


mem[X,0x80035F70] -> 0xB537
mem[X,0x80035F72] -> 0xAAAA
[5364] [M]: 0x80035F70 (0xAAAAB537) lui a0, 699051
x10 <- 0xAAAAB000


mem[X,0x80035F74] -> 0x0513
mem[X,0x80035F76] -> 0xAAB5
[5365] [M]: 0x80035F74 (0xAAB50513) addi a0, a0, 2731
x10 <- 0xAAAAAAAB


mem[X,0x80035F78] -> 0x55B7
mem[X,0x80035F7A] -> 0x5555
[5366] [M]: 0x80035F78 (0x555555B7) lui a1, 349525
x11 <- 0x55555000


mem[X,0x80035F7C] -> 0x8593
mem[X,0x80035F7E] -> 0x5555
[5367] [M]: 0x80035F7C (0x55558593) addi a1, a1, 1365
x11 <- 0x55555555


mem[X,0x80035F80] -> 0x0213
mem[X,0x80035F82] -> 0x0000
[5368] [M]: 0x80035F80 (0x00000213) addi tp, zero, 0
x4 <- 0x00000000


mem[X,0x80035F84] -> 0x006F
mem[X,0x80035F86] -> 0x00C0
[5369] [M]: 0x80035F84 (0x00C0006F) jal zero, 12


mem[X,0x80035F90] -> 0x1CE3
mem[X,0x80035F92] -> 0xFEB5
[5370] [M]: 0x80035F90 (0xFEB51CE3) bne a0, a1, 8184


mem[X,0x80035F88] -> 0x0213
mem[X,0x80035F8A] -> 0x0012
[5371] [M]: 0x80035F88 (0x00120213) addi tp, tp, 1
x4 <- 0x00000001


mem[X,0x80035F8C] -> 0x006F
mem[X,0x80035F8E] -> 0x0180
[5372] [M]: 0x80035F8C (0x0180006F) jal zero, 24


mem[X,0x80035FA4] -> 0xA023
mem[X,0x80035FA6] -> 0x0840
[5373] [M]: 0x80035FA4 (0x0840A023) sw tp, 128(ra)
mem[0x8003A9E8] <- 0x00000001


mem[X,0x80035FA8] -> 0xB537
mem[X,0x80035FAA] -> 0xAAAA
[5374] [M]: 0x80035FA8 (0xAAAAB537) lui a0, 699051
x10 <- 0xAAAAB000


mem[X,0x80035FAC] -> 0x0513
mem[X,0x80035FAE] -> 0xAAB5
[5375] [M]: 0x80035FAC (0xAAB50513) addi a0, a0, 2731
x10 <- 0xAAAAAAAB


mem[X,0x80035FB0] -> 0xB5B7
mem[X,0x80035FB2] -> 0xAAAA
[5376] [M]: 0x80035FB0 (0xAAAAB5B7) lui a1, 699051
x11 <- 0xAAAAB000


mem[X,0x80035FB4] -> 0x8593
mem[X,0x80035FB6] -> 0xAAA5
[5377] [M]: 0x80035FB4 (0xAAA58593) addi a1, a1, 2730
x11 <- 0xAAAAAAAA


mem[X,0x80035FB8] -> 0x0213
mem[X,0x80035FBA] -> 0x0000
[5378] [M]: 0x80035FB8 (0x00000213) addi tp, zero, 0
x4 <- 0x00000000


mem[X,0x80035FBC] -> 0x006F
mem[X,0x80035FBE] -> 0x00C0
[5379] [M]: 0x80035FBC (0x00C0006F) jal zero, 12


mem[X,0x80035FC8] -> 0x1663
mem[X,0x80035FCA] -> 0x00B5
[5380] [M]: 0x80035FC8 (0x00B51663) bne a0, a1, 12


mem[X,0x80035FD4] -> 0x0213
mem[X,0x80035FD6] -> 0x0032
[5381] [M]: 0x80035FD4 (0x00320213) addi tp, tp, 3
x4 <- 0x00000003


mem[X,0x80035FD8] -> 0x006F
mem[X,0x80035FDA] -> 0x0040
[5382] [M]: 0x80035FD8 (0x0040006F) jal zero, 4


mem[X,0x80035FDC] -> 0xA223
mem[X,0x80035FDE] -> 0x0840
[5383] [M]: 0x80035FDC (0x0840A223) sw tp, 132(ra)
mem[0x8003A9EC] <- 0x00000003


mem[X,0x80035FE0] -> 0xB537
mem[X,0x80035FE2] -> 0xAAAA
[5384] [M]: 0x80035FE0 (0xAAAAB537) lui a0, 699051
x10 <- 0xAAAAB000


mem[X,0x80035FE4] -> 0x0513
mem[X,0x80035FE6] -> 0xAAB5
[5385] [M]: 0x80035FE4 (0xAAB50513) addi a0, a0, 2731
x10 <- 0xAAAAAAAB


mem[X,0x80035FE8] -> 0x0593
mem[X,0x80035FEA] -> 0x0050
[5386] [M]: 0x80035FE8 (0x00500593) addi a1, zero, 5
x11 <- 0x00000005


mem[X,0x80035FEC] -> 0x0213
mem[X,0x80035FEE] -> 0x0000
[5387] [M]: 0x80035FEC (0x00000213) addi tp, zero, 0
x4 <- 0x00000000


mem[X,0x80035FF0] -> 0x006F
mem[X,0x80035FF2] -> 0x00C0
[5388] [M]: 0x80035FF0 (0x00C0006F) jal zero, 12


mem[X,0x80035FFC] -> 0x1063
mem[X,0x80035FFE] -> 0x08B5
[5389] [M]: 0x80035FFC (0x08B51063) bne a0, a1, 128


mem[X,0x8003607C] -> 0x0213
mem[X,0x8003607E] -> 0x0032
[5390] [M]: 0x8003607C (0x00320213) addi tp, tp, 3
x4 <- 0x00000003


mem[X,0x80036080] -> 0x006F
mem[X,0x80036082] -> 0x0040
[5391] [M]: 0x80036080 (0x0040006F) jal zero, 4


mem[X,0x80036084] -> 0xA423
mem[X,0x80036086] -> 0x0840
[5392] [M]: 0x80036084 (0x0840A423) sw tp, 136(ra)
mem[0x8003A9F0] <- 0x00000003


mem[X,0x80036088] -> 0xB537
mem[X,0x8003608A] -> 0xAAAA
[5393] [M]: 0x80036088 (0xAAAAB537) lui a0, 699051
x10 <- 0xAAAAB000


mem[X,0x8003608C] -> 0x0513
mem[X,0x8003608E] -> 0xAAB5
[5394] [M]: 0x8003608C (0xAAB50513) addi a0, a0, 2731
x10 <- 0xAAAAAAAB


mem[X,0x80036090] -> 0x35B7
mem[X,0x80036092] -> 0x3333
[5395] [M]: 0x80036090 (0x333335B7) lui a1, 209715
x11 <- 0x33333000


mem[X,0x80036094] -> 0x8593
mem[X,0x80036096] -> 0x3335
[5396] [M]: 0x80036094 (0x33358593) addi a1, a1, 819
x11 <- 0x33333333


mem[X,0x80036098] -> 0x0213
mem[X,0x8003609A] -> 0x0000
[5397] [M]: 0x80036098 (0x00000213) addi tp, zero, 0
x4 <- 0x00000000


mem[X,0x8003609C] -> 0x006F
mem[X,0x8003609E] -> 0x00C0
[5398] [M]: 0x8003609C (0x00C0006F) jal zero, 12


mem[X,0x800360A8] -> 0x1063
mem[X,0x800360AA] -> 0x20B5
[5399] [M]: 0x800360A8 (0x20B51063) bne a0, a1, 512


clint::tick mtime <- 0x0000000000000036
 clint timer pending at mtime 0x0000000000000036
htif::tick 0x0000000000000000
mem[X,0x800362A8] -> 0x0213
mem[X,0x800362AA] -> 0x0032
[5400] [M]: 0x800362A8 (0x00320213) addi tp, tp, 3
x4 <- 0x00000003


mem[X,0x800362AC] -> 0x006F
mem[X,0x800362AE] -> 0x0040
[5401] [M]: 0x800362AC (0x0040006F) jal zero, 4


mem[X,0x800362B0] -> 0xA623
mem[X,0x800362B2] -> 0x0840
[5402] [M]: 0x800362B0 (0x0840A623) sw tp, 140(ra)
mem[0x8003A9F4] <- 0x00000003


mem[X,0x800362B4] -> 0xB537
mem[X,0x800362B6] -> 0xAAAA
[5403] [M]: 0x800362B4 (0xAAAAB537) lui a0, 699051
x10 <- 0xAAAAB000


mem[X,0x800362B8] -> 0x0513
mem[X,0x800362BA] -> 0xAAB5
[5404] [M]: 0x800362B8 (0xAAB50513) addi a0, a0, 2731
x10 <- 0xAAAAAAAB


mem[X,0x800362BC] -> 0x65B7
mem[X,0x800362BE] -> 0x6666
[5405] [M]: 0x800362BC (0x666665B7) lui a1, 419430
x11 <- 0x66666000


mem[X,0x800362C0] -> 0x8593
mem[X,0x800362C2] -> 0x6665
[5406] [M]: 0x800362C0 (0x66658593) addi a1, a1, 1638
x11 <- 0x66666666


mem[X,0x800362C4] -> 0x0213
mem[X,0x800362C6] -> 0x0000
[5407] [M]: 0x800362C4 (0x00000213) addi tp, zero, 0
x4 <- 0x00000000


mem[X,0x800362C8] -> 0x006F
mem[X,0x800362CA] -> 0x2B10
[5408] [M]: 0x800362C8 (0x2B10006F) jal zero, 2736


mem[X,0x80036D78] -> 0x1A63
mem[X,0x80036D7A] -> 0xD4B5
[5409] [M]: 0x80036D78 (0xD4B51A63) bne a0, a1, 5460


mem[X,0x800362CC] -> 0x0213
mem[X,0x800362CE] -> 0x0012
[5410] [M]: 0x800362CC (0x00120213) addi tp, tp, 1
x4 <- 0x00000001


mem[X,0x800362D0] -> 0x006F
mem[X,0x800362D2] -> 0x2BD0
[5411] [M]: 0x800362D0 (0x2BD0006F) jal zero, 2748


mem[X,0x80036D8C] -> 0xA823
mem[X,0x80036D8E] -> 0x0840
[5412] [M]: 0x80036D8C (0x0840A823) sw tp, 144(ra)
mem[0x8003A9F8] <- 0x00000001


mem[X,0x80036D90] -> 0xB537
mem[X,0x80036D92] -> 0xAAAA
[5413] [M]: 0x80036D90 (0xAAAAB537) lui a0, 699051
x10 <- 0xAAAAB000


mem[X,0x80036D94] -> 0x0513
mem[X,0x80036D96] -> 0xAAB5
[5414] [M]: 0x80036D94 (0xAAB50513) addi a0, a0, 2731
x10 <- 0xAAAAAAAB


mem[X,0x80036D98] -> 0x55B7
mem[X,0x80036D9A] -> 0xFFFF
[5415] [M]: 0x80036D98 (0xFFFF55B7) lui a1, 1048565
x11 <- 0xFFFF5000


mem[X,0x80036D9C] -> 0x8593
mem[X,0x80036D9E] -> 0xAFC5
[5416] [M]: 0x80036D9C (0xAFC58593) addi a1, a1, 2812
x11 <- 0xFFFF4AFC


mem[X,0x80036DA0] -> 0x0213
mem[X,0x80036DA2] -> 0x0000
[5417] [M]: 0x80036DA0 (0x00000213) addi tp, zero, 0
x4 <- 0x00000000


mem[X,0x80036DA4] -> 0x006F
mem[X,0x80036DA6] -> 0x00C0
[5418] [M]: 0x80036DA4 (0x00C0006F) jal zero, 12


mem[X,0x80036DB0] -> 0x1063
mem[X,0x80036DB2] -> 0x40B5
[5419] [M]: 0x80036DB0 (0x40B51063) bne a0, a1, 1024


mem[X,0x800371B0] -> 0x0213
mem[X,0x800371B2] -> 0x0032
[5420] [M]: 0x800371B0 (0x00320213) addi tp, tp, 3
x4 <- 0x00000003


mem[X,0x800371B4] -> 0x006F
mem[X,0x800371B6] -> 0x0040
[5421] [M]: 0x800371B4 (0x0040006F) jal zero, 4


mem[X,0x800371B8] -> 0xAA23
mem[X,0x800371BA] -> 0x0840
[5422] [M]: 0x800371B8 (0x0840AA23) sw tp, 148(ra)
mem[0x8003A9FC] <- 0x00000003


mem[X,0x800371BC] -> 0xB537
mem[X,0x800371BE] -> 0xAAAA
[5423] [M]: 0x800371BC (0xAAAAB537) lui a0, 699051
x10 <- 0xAAAAB000


mem[X,0x800371C0] -> 0x0513
mem[X,0x800371C2] -> 0xAAB5
[5424] [M]: 0x800371C0 (0xAAB50513) addi a0, a0, 2731
x10 <- 0xAAAAAAAB


mem[X,0x800371C4] -> 0xB5B7
mem[X,0x800371C6] -> 0x0000
[5425] [M]: 0x800371C4 (0x0000B5B7) lui a1, 11
x11 <- 0x0000B000


mem[X,0x800371C8] -> 0x8593
mem[X,0x800371CA] -> 0x5045
[5426] [M]: 0x800371C8 (0x50458593) addi a1, a1, 1284
x11 <- 0x0000B504


mem[X,0x800371CC] -> 0x0213
mem[X,0x800371CE] -> 0x0000
[5427] [M]: 0x800371CC (0x00000213) addi tp, zero, 0
x4 <- 0x00000000


mem[X,0x800371D0] -> 0x006F
mem[X,0x800371D2] -> 0x00C0
[5428] [M]: 0x800371D0 (0x00C0006F) jal zero, 12


mem[X,0x800371DC] -> 0x1063
mem[X,0x800371DE] -> 0x20B5
[5429] [M]: 0x800371DC (0x20B51063) bne a0, a1, 512


mem[X,0x800373DC] -> 0x0213
mem[X,0x800373DE] -> 0x0032
[5430] [M]: 0x800373DC (0x00320213) addi tp, tp, 3
x4 <- 0x00000003


mem[X,0x800373E0] -> 0x006F
mem[X,0x800373E2] -> 0x0040
[5431] [M]: 0x800373E0 (0x0040006F) jal zero, 4


mem[X,0x800373E4] -> 0xAC23
mem[X,0x800373E6] -> 0x0840
[5432] [M]: 0x800373E4 (0x0840AC23) sw tp, 152(ra)
mem[0x8003AA00] <- 0x00000003


mem[X,0x800373E8] -> 0xB537
mem[X,0x800373EA] -> 0xAAAA
[5433] [M]: 0x800373E8 (0xAAAAB537) lui a0, 699051
x10 <- 0xAAAAB000


mem[X,0x800373EC] -> 0x0513
mem[X,0x800373EE] -> 0xAAB5
[5434] [M]: 0x800373EC (0xAAB50513) addi a0, a0, 2731
x10 <- 0xAAAAAAAB


mem[X,0x800373F0] -> 0x0593
mem[X,0x800373F2] -> 0x0020
[5435] [M]: 0x800373F0 (0x00200593) addi a1, zero, 2
x11 <- 0x00000002


mem[X,0x800373F4] -> 0x0213
mem[X,0x800373F6] -> 0x0000
[5436] [M]: 0x800373F4 (0x00000213) addi tp, zero, 0
x4 <- 0x00000000


mem[X,0x800373F8] -> 0x006F
mem[X,0x800373FA] -> 0x0180
[5437] [M]: 0x800373F8 (0x0180006F) jal zero, 24


mem[X,0x80037410] -> 0x16E3
mem[X,0x80037412] -> 0xFEB5
[5438] [M]: 0x80037410 (0xFEB516E3) bne a0, a1, 8172


mem[X,0x800373FC] -> 0x0213
mem[X,0x800373FE] -> 0x0012
[5439] [M]: 0x800373FC (0x00120213) addi tp, tp, 1
x4 <- 0x00000001


mem[X,0x80037400] -> 0x006F
mem[X,0x80037402] -> 0x0240
[5440] [M]: 0x80037400 (0x0240006F) jal zero, 36


mem[X,0x80037424] -> 0xAE23
mem[X,0x80037426] -> 0x0840
[5441] [M]: 0x80037424 (0x0840AE23) sw tp, 156(ra)
mem[0x8003AA04] <- 0x00000001


mem[X,0x80037428] -> 0xB537
mem[X,0x8003742A] -> 0xAAAA
[5442] [M]: 0x80037428 (0xAAAAB537) lui a0, 699051
x10 <- 0xAAAAB000


mem[X,0x8003742C] -> 0x0513
mem[X,0x8003742E] -> 0xAAB5
[5443] [M]: 0x8003742C (0xAAB50513) addi a0, a0, 2731
x10 <- 0xAAAAAAAB


mem[X,0x80037430] -> 0x55B7
mem[X,0x80037432] -> 0x5555
[5444] [M]: 0x80037430 (0x555555B7) lui a1, 349525
x11 <- 0x55555000


mem[X,0x80037434] -> 0x8593
mem[X,0x80037436] -> 0x5545
[5445] [M]: 0x80037434 (0x55458593) addi a1, a1, 1364
x11 <- 0x55555554


mem[X,0x80037438] -> 0x0213
mem[X,0x8003743A] -> 0x0000
[5446] [M]: 0x80037438 (0x00000213) addi tp, zero, 0
x4 <- 0x00000000


mem[X,0x8003743C] -> 0x006F
mem[X,0x8003743E] -> 0x00C0
[5447] [M]: 0x8003743C (0x00C0006F) jal zero, 12


mem[X,0x80037448] -> 0x1CE3
mem[X,0x8003744A] -> 0xFEB5
[5448] [M]: 0x80037448 (0xFEB51CE3) bne a0, a1, 8184


mem[X,0x80037440] -> 0x0213
mem[X,0x80037442] -> 0x0012
[5449] [M]: 0x80037440 (0x00120213) addi tp, tp, 1
x4 <- 0x00000001


mem[X,0x80037444] -> 0x006F
mem[X,0x80037446] -> 0x0180
[5450] [M]: 0x80037444 (0x0180006F) jal zero, 24


mem[X,0x8003745C] -> 0xA023
mem[X,0x8003745E] -> 0x0A40
[5451] [M]: 0x8003745C (0x0A40A023) sw tp, 160(ra)
mem[0x8003AA08] <- 0x00000001


mem[X,0x80037460] -> 0xB537
mem[X,0x80037462] -> 0xAAAA
[5452] [M]: 0x80037460 (0xAAAAB537) lui a0, 699051
x10 <- 0xAAAAB000


mem[X,0x80037464] -> 0x0513
mem[X,0x80037466] -> 0xAAB5
[5453] [M]: 0x80037464 (0xAAB50513) addi a0, a0, 2731
x10 <- 0xAAAAAAAB


mem[X,0x80037468] -> 0x0593
mem[X,0x8003746A] -> 0x0000
[5454] [M]: 0x80037468 (0x00000593) addi a1, zero, 0
x11 <- 0x00000000


mem[X,0x8003746C] -> 0x0213
mem[X,0x8003746E] -> 0x0000
[5455] [M]: 0x8003746C (0x00000213) addi tp, zero, 0
x4 <- 0x00000000


mem[X,0x80037470] -> 0x006F
mem[X,0x80037472] -> 0x00C0
[5456] [M]: 0x80037470 (0x00C0006F) jal zero, 12


mem[X,0x8003747C] -> 0x1663
mem[X,0x8003747E] -> 0x00B5
[5457] [M]: 0x8003747C (0x00B51663) bne a0, a1, 12


mem[X,0x80037488] -> 0x0213
mem[X,0x8003748A] -> 0x0032
[5458] [M]: 0x80037488 (0x00320213) addi tp, tp, 3
x4 <- 0x00000003


mem[X,0x8003748C] -> 0x006F
mem[X,0x8003748E] -> 0x0040
[5459] [M]: 0x8003748C (0x0040006F) jal zero, 4


mem[X,0x80037490] -> 0xA223
mem[X,0x80037492] -> 0x0A40
[5460] [M]: 0x80037490 (0x0A40A223) sw tp, 164(ra)
mem[0x8003AA0C] <- 0x00000003


mem[X,0x80037494] -> 0xB537
mem[X,0x80037496] -> 0xAAAA
[5461] [M]: 0x80037494 (0xAAAAB537) lui a0, 699051
x10 <- 0xAAAAB000


mem[X,0x80037498] -> 0x0513
mem[X,0x8003749A] -> 0xAAB5
[5462] [M]: 0x80037498 (0xAAB50513) addi a0, a0, 2731
x10 <- 0xAAAAAAAB


mem[X,0x8003749C] -> 0x0593
mem[X,0x8003749E] -> 0x0040
[5463] [M]: 0x8003749C (0x00400593) addi a1, zero, 4
x11 <- 0x00000004


mem[X,0x800374A0] -> 0x0213
mem[X,0x800374A2] -> 0x0000
[5464] [M]: 0x800374A0 (0x00000213) addi tp, zero, 0
x4 <- 0x00000000


mem[X,0x800374A4] -> 0x006F
mem[X,0x800374A6] -> 0x00C0
[5465] [M]: 0x800374A4 (0x00C0006F) jal zero, 12


mem[X,0x800374B0] -> 0x1063
mem[X,0x800374B2] -> 0x02B5
[5466] [M]: 0x800374B0 (0x02B51063) bne a0, a1, 32


mem[X,0x800374D0] -> 0x0213
mem[X,0x800374D2] -> 0x0032
[5467] [M]: 0x800374D0 (0x00320213) addi tp, tp, 3
x4 <- 0x00000003


mem[X,0x800374D4] -> 0x006F
mem[X,0x800374D6] -> 0x0040
[5468] [M]: 0x800374D4 (0x0040006F) jal zero, 4


mem[X,0x800374D8] -> 0xA423
mem[X,0x800374DA] -> 0x0A40
[5469] [M]: 0x800374D8 (0x0A40A423) sw tp, 168(ra)
mem[0x8003AA10] <- 0x00000003


mem[X,0x800374DC] -> 0xB537
mem[X,0x800374DE] -> 0xAAAA
[5470] [M]: 0x800374DC (0xAAAAB537) lui a0, 699051
x10 <- 0xAAAAB000


mem[X,0x800374E0] -> 0x0513
mem[X,0x800374E2] -> 0xAAB5
[5471] [M]: 0x800374E0 (0xAAB50513) addi a0, a0, 2731
x10 <- 0xAAAAAAAB


mem[X,0x800374E4] -> 0x35B7
mem[X,0x800374E6] -> 0x3333
[5472] [M]: 0x800374E4 (0x333335B7) lui a1, 209715
x11 <- 0x33333000


mem[X,0x800374E8] -> 0x8593
mem[X,0x800374EA] -> 0x3325
[5473] [M]: 0x800374E8 (0x33258593) addi a1, a1, 818
x11 <- 0x33333332


mem[X,0x800374EC] -> 0x0213
mem[X,0x800374EE] -> 0x0000
[5474] [M]: 0x800374EC (0x00000213) addi tp, zero, 0
x4 <- 0x00000000


mem[X,0x800374F0] -> 0x006F
mem[X,0x800374F2] -> 0x00C0
[5475] [M]: 0x800374F0 (0x00C0006F) jal zero, 12


mem[X,0x800374FC] -> 0x1CE3
mem[X,0x800374FE] -> 0xFEB5
[5476] [M]: 0x800374FC (0xFEB51CE3) bne a0, a1, 8184


mem[X,0x800374F4] -> 0x0213
mem[X,0x800374F6] -> 0x0012
[5477] [M]: 0x800374F4 (0x00120213) addi tp, tp, 1
x4 <- 0x00000001


mem[X,0x800374F8] -> 0x006F
mem[X,0x800374FA] -> 0x0180
[5478] [M]: 0x800374F8 (0x0180006F) jal zero, 24


mem[X,0x80037510] -> 0xA623
mem[X,0x80037512] -> 0x0A40
[5479] [M]: 0x80037510 (0x0A40A623) sw tp, 172(ra)
mem[0x8003AA14] <- 0x00000001


mem[X,0x80037514] -> 0xB537
mem[X,0x80037516] -> 0xAAAA
[5480] [M]: 0x80037514 (0xAAAAB537) lui a0, 699051
x10 <- 0xAAAAB000


mem[X,0x80037518] -> 0x0513
mem[X,0x8003751A] -> 0xAAB5
[5481] [M]: 0x80037518 (0xAAB50513) addi a0, a0, 2731
x10 <- 0xAAAAAAAB


mem[X,0x8003751C] -> 0x65B7
mem[X,0x8003751E] -> 0x6666
[5482] [M]: 0x8003751C (0x666665B7) lui a1, 419430
x11 <- 0x66666000


mem[X,0x80037520] -> 0x8593
mem[X,0x80037522] -> 0x6655
[5483] [M]: 0x80037520 (0x66558593) addi a1, a1, 1637
x11 <- 0x66666665


mem[X,0x80037524] -> 0x0213
mem[X,0x80037526] -> 0x0000
[5484] [M]: 0x80037524 (0x00000213) addi tp, zero, 0
x4 <- 0x00000000


mem[X,0x80037528] -> 0x006F
mem[X,0x8003752A] -> 0x00C0
[5485] [M]: 0x80037528 (0x00C0006F) jal zero, 12


mem[X,0x80037534] -> 0x1863
mem[X,0x80037536] -> 0x00B5
[5486] [M]: 0x80037534 (0x00B51863) bne a0, a1, 16


mem[X,0x80037544] -> 0x0213
mem[X,0x80037546] -> 0x0032
[5487] [M]: 0x80037544 (0x00320213) addi tp, tp, 3
x4 <- 0x00000003


mem[X,0x80037548] -> 0x006F
mem[X,0x8003754A] -> 0x0040
[5488] [M]: 0x80037548 (0x0040006F) jal zero, 4


mem[X,0x8003754C] -> 0xA823
mem[X,0x8003754E] -> 0x0A40
[5489] [M]: 0x8003754C (0x0A40A823) sw tp, 176(ra)
mem[0x8003AA18] <- 0x00000003


mem[X,0x80037550] -> 0xB537
mem[X,0x80037552] -> 0xAAAA
[5490] [M]: 0x80037550 (0xAAAAB537) lui a0, 699051
x10 <- 0xAAAAB000


mem[X,0x80037554] -> 0x0513
mem[X,0x80037556] -> 0xAAB5
[5491] [M]: 0x80037554 (0xAAB50513) addi a0, a0, 2731
x10 <- 0xAAAAAAAB


mem[X,0x80037558] -> 0xB5B7
mem[X,0x8003755A] -> 0x0000
[5492] [M]: 0x80037558 (0x0000B5B7) lui a1, 11
x11 <- 0x0000B000


mem[X,0x8003755C] -> 0x8593
mem[X,0x8003755E] -> 0x5035
[5493] [M]: 0x8003755C (0x50358593) addi a1, a1, 1283
x11 <- 0x0000B503


mem[X,0x80037560] -> 0x0213
mem[X,0x80037562] -> 0x0000
[5494] [M]: 0x80037560 (0x00000213) addi tp, zero, 0
x4 <- 0x00000000


mem[X,0x80037564] -> 0x006F
mem[X,0x80037566] -> 0x00C0
[5495] [M]: 0x80037564 (0x00C0006F) jal zero, 12


mem[X,0x80037570] -> 0x1CE3
mem[X,0x80037572] -> 0xFEB5
[5496] [M]: 0x80037570 (0xFEB51CE3) bne a0, a1, 8184


mem[X,0x80037568] -> 0x0213
mem[X,0x8003756A] -> 0x0012
[5497] [M]: 0x80037568 (0x00120213) addi tp, tp, 1
x4 <- 0x00000001


mem[X,0x8003756C] -> 0x006F
mem[X,0x8003756E] -> 0x0180
[5498] [M]: 0x8003756C (0x0180006F) jal zero, 24


mem[X,0x80037584] -> 0xAA23
mem[X,0x80037586] -> 0x0A40
[5499] [M]: 0x80037584 (0x0A40AA23) sw tp, 180(ra)
mem[0x8003AA1C] <- 0x00000001


clint::tick mtime <- 0x0000000000000037
 clint timer pending at mtime 0x0000000000000037
htif::tick 0x0000000000000000
mem[X,0x80037588] -> 0xB537
mem[X,0x8003758A] -> 0xAAAA
[5500] [M]: 0x80037588 (0xAAAAB537) lui a0, 699051
x10 <- 0xAAAAB000


mem[X,0x8003758C] -> 0x0513
mem[X,0x8003758E] -> 0xAAB5
[5501] [M]: 0x8003758C (0xAAB50513) addi a0, a0, 2731
x10 <- 0xAAAAAAAB


mem[X,0x80037590] -> 0x55B7
mem[X,0x80037592] -> 0x5555
[5502] [M]: 0x80037590 (0x555555B7) lui a1, 349525
x11 <- 0x55555000


mem[X,0x80037594] -> 0x8593
mem[X,0x80037596] -> 0x5565
[5503] [M]: 0x80037594 (0x55658593) addi a1, a1, 1366
x11 <- 0x55555556


mem[X,0x80037598] -> 0x0213
mem[X,0x8003759A] -> 0x0000
[5504] [M]: 0x80037598 (0x00000213) addi tp, zero, 0
x4 <- 0x00000000


mem[X,0x8003759C] -> 0x006F
mem[X,0x8003759E] -> 0x00C0
[5505] [M]: 0x8003759C (0x00C0006F) jal zero, 12


mem[X,0x800375A8] -> 0x1663
mem[X,0x800375AA] -> 0x00B5
[5506] [M]: 0x800375A8 (0x00B51663) bne a0, a1, 12


mem[X,0x800375B4] -> 0x0213
mem[X,0x800375B6] -> 0x0032
[5507] [M]: 0x800375B4 (0x00320213) addi tp, tp, 3
x4 <- 0x00000003


mem[X,0x800375B8] -> 0x006F
mem[X,0x800375BA] -> 0x0040
[5508] [M]: 0x800375B8 (0x0040006F) jal zero, 4


mem[X,0x800375BC] -> 0xAC23
mem[X,0x800375BE] -> 0x0A40
[5509] [M]: 0x800375BC (0x0A40AC23) sw tp, 184(ra)
mem[0x8003AA20] <- 0x00000003


mem[X,0x800375C0] -> 0xB537
mem[X,0x800375C2] -> 0xAAAA
[5510] [M]: 0x800375C0 (0xAAAAB537) lui a0, 699051
x10 <- 0xAAAAB000


mem[X,0x800375C4] -> 0x0513
mem[X,0x800375C6] -> 0xAAB5
[5511] [M]: 0x800375C4 (0xAAB50513) addi a0, a0, 2731
x10 <- 0xAAAAAAAB


mem[X,0x800375C8] -> 0xB5B7
mem[X,0x800375CA] -> 0xAAAA
[5512] [M]: 0x800375C8 (0xAAAAB5B7) lui a1, 699051
x11 <- 0xAAAAB000


mem[X,0x800375CC] -> 0x8593
mem[X,0x800375CE] -> 0xAAB5
[5513] [M]: 0x800375CC (0xAAB58593) addi a1, a1, 2731
x11 <- 0xAAAAAAAB


mem[X,0x800375D0] -> 0x0213
mem[X,0x800375D2] -> 0x0000
[5514] [M]: 0x800375D0 (0x00000213) addi tp, zero, 0
x4 <- 0x00000000


mem[X,0x800375D4] -> 0x006F
mem[X,0x800375D6] -> 0x00C0
[5515] [M]: 0x800375D4 (0x00C0006F) jal zero, 12


mem[X,0x800375E0] -> 0x1CE3
mem[X,0x800375E2] -> 0xFEB5
[5516] [M]: 0x800375E0 (0xFEB51CE3) bne a0, a1, 8184


mem[X,0x800375E4] -> 0x0213
mem[X,0x800375E6] -> 0x0022
[5517] [M]: 0x800375E4 (0x00220213) addi tp, tp, 2
x4 <- 0x00000002


mem[X,0x800375E8] -> 0x006F
mem[X,0x800375EA] -> 0x00C0
[5518] [M]: 0x800375E8 (0x00C0006F) jal zero, 12


mem[X,0x800375F4] -> 0xAE23
mem[X,0x800375F6] -> 0x0A40
[5519] [M]: 0x800375F4 (0x0A40AE23) sw tp, 188(ra)
mem[0x8003AA24] <- 0x00000002


mem[X,0x800375F8] -> 0xB537
mem[X,0x800375FA] -> 0xAAAA
[5520] [M]: 0x800375F8 (0xAAAAB537) lui a0, 699051
x10 <- 0xAAAAB000


mem[X,0x800375FC] -> 0x0513
mem[X,0x800375FE] -> 0xAAB5
[5521] [M]: 0x800375FC (0xAAB50513) addi a0, a0, 2731
x10 <- 0xAAAAAAAB


mem[X,0x80037600] -> 0x0593
mem[X,0x80037602] -> 0x0060
[5522] [M]: 0x80037600 (0x00600593) addi a1, zero, 6
x11 <- 0x00000006


mem[X,0x80037604] -> 0x0213
mem[X,0x80037606] -> 0x0000
[5523] [M]: 0x80037604 (0x00000213) addi tp, zero, 0
x4 <- 0x00000000


mem[X,0x80037608] -> 0x006F
mem[X,0x8003760A] -> 0x00C0
[5524] [M]: 0x80037608 (0x00C0006F) jal zero, 12


mem[X,0x80037614] -> 0x1663
mem[X,0x80037616] -> 0x00B5
[5525] [M]: 0x80037614 (0x00B51663) bne a0, a1, 12


mem[X,0x80037620] -> 0x0213
mem[X,0x80037622] -> 0x0032
[5526] [M]: 0x80037620 (0x00320213) addi tp, tp, 3
x4 <- 0x00000003


mem[X,0x80037624] -> 0x006F
mem[X,0x80037626] -> 0x0040
[5527] [M]: 0x80037624 (0x0040006F) jal zero, 4


mem[X,0x80037628] -> 0xA023
mem[X,0x8003762A] -> 0x0C40
[5528] [M]: 0x80037628 (0x0C40A023) sw tp, 192(ra)
mem[0x8003AA28] <- 0x00000003


mem[X,0x8003762C] -> 0x5537
mem[X,0x8003762E] -> 0x5555
[5529] [M]: 0x8003762C (0x55555537) lui a0, 349525
x10 <- 0x55555000


mem[X,0x80037630] -> 0x0513
mem[X,0x80037632] -> 0x5545
[5530] [M]: 0x80037630 (0x55450513) addi a0, a0, 1364
x10 <- 0x55555554


mem[X,0x80037634] -> 0x05B7
mem[X,0x80037636] -> 0x0010
[5531] [M]: 0x80037634 (0x001005B7) lui a1, 256
x11 <- 0x00100000


mem[X,0x80037638] -> 0x0213
mem[X,0x8003763A] -> 0x0000
[5532] [M]: 0x80037638 (0x00000213) addi tp, zero, 0
x4 <- 0x00000000


mem[X,0x8003763C] -> 0x006F
mem[X,0x8003763E] -> 0x00C0
[5533] [M]: 0x8003763C (0x00C0006F) jal zero, 12


mem[X,0x80037648] -> 0x1063
mem[X,0x8003764A] -> 0x20B5
[5534] [M]: 0x80037648 (0x20B51063) bne a0, a1, 512


mem[X,0x80037848] -> 0x0213
mem[X,0x8003784A] -> 0x0032
[5535] [M]: 0x80037848 (0x00320213) addi tp, tp, 3
x4 <- 0x00000003


mem[X,0x8003784C] -> 0x006F
mem[X,0x8003784E] -> 0x0040
[5536] [M]: 0x8003784C (0x0040006F) jal zero, 4


mem[X,0x80037850] -> 0xA223
mem[X,0x80037852] -> 0x0C40
[5537] [M]: 0x80037850 (0x0C40A223) sw tp, 196(ra)
mem[0x8003AA2C] <- 0x00000003


mem[X,0x80037854] -> 0x0537
mem[X,0x80037856] -> 0x0400
[5538] [M]: 0x80037854 (0x04000537) lui a0, 16384
x10 <- 0x04000000


mem[X,0x80037858] -> 0x05B7
mem[X,0x8003785A] -> 0xC000
[5539] [M]: 0x80037858 (0xC00005B7) lui a1, 786432
x11 <- 0xC0000000


mem[X,0x8003785C] -> 0x8593
mem[X,0x8003785E] -> 0xFFF5
[5540] [M]: 0x8003785C (0xFFF58593) addi a1, a1, 4095
x11 <- 0xBFFFFFFF


mem[X,0x80037860] -> 0x0213
mem[X,0x80037862] -> 0x0000
[5541] [M]: 0x80037860 (0x00000213) addi tp, zero, 0
x4 <- 0x00000000


mem[X,0x80037864] -> 0x006F
mem[X,0x80037866] -> 0x00C0
[5542] [M]: 0x80037864 (0x00C0006F) jal zero, 12


mem[X,0x80037870] -> 0x1063
mem[X,0x80037872] -> 0x20B5
[5543] [M]: 0x80037870 (0x20B51063) bne a0, a1, 512


mem[X,0x80037A70] -> 0x0213
mem[X,0x80037A72] -> 0x0032
[5544] [M]: 0x80037A70 (0x00320213) addi tp, tp, 3
x4 <- 0x00000003


mem[X,0x80037A74] -> 0x006F
mem[X,0x80037A76] -> 0x0040
[5545] [M]: 0x80037A74 (0x0040006F) jal zero, 4


mem[X,0x80037A78] -> 0xA423
mem[X,0x80037A7A] -> 0x0C40
[5546] [M]: 0x80037A78 (0x0C40A423) sw tp, 200(ra)
mem[0x8003AA30] <- 0x00000003


mem[X,0x80037A7C] -> 0x006F
mem[X,0x80037A7E] -> 0x0200
[5547] [M]: 0x80037A7C (0x0200006F) jal zero, 32


mem[X,0x80037A9C] -> 0x0093
mem[X,0x80037A9E] -> 0x0010
[5548] [M]: 0x80037A9C (0x00100093) addi ra, zero, 1
x1 <- 0x00000001


mem[X,0x80037AA0] -> 0x0F17
mem[X,0x80037AA2] -> 0x0000
[5549] [M]: 0x80037AA0 (0x00000F17) auipc t5, 0
x30 <- 0x80037AA0


mem[X,0x80037AA4] -> 0x2023
mem[X,0x80037AA6] -> 0x561F
[5550] [M]: 0x80037AA4 (0x561F2023) sw ra, 1376(t5)
htif[0x80038000] <- 0x00000001


mem[X,0x80037AA8] -> 0xF06F
mem[X,0x80037AAA] -> 0xFF9F
[5551] [M]: 0x80037AA8 (0xFF9FF06F) jal zero, 2097144


mem[X,0x80037AA0] -> 0x0F17
mem[X,0x80037AA2] -> 0x0000
[5552] [M]: 0x80037AA0 (0x00000F17) auipc t5, 0
x30 <- 0x80037AA0


mem[X,0x80037AA4] -> 0x2023
mem[X,0x80037AA6] -> 0x561F
[5553] [M]: 0x80037AA4 (0x561F2023) sw ra, 1376(t5)
htif[0x80038000] <- 0x00000001


mem[X,0x80037AA8] -> 0xF06F
mem[X,0x80037AAA] -> 0xFF9F
[5554] [M]: 0x80037AA8 (0xFF9FF06F) jal zero, 2097144


mem[X,0x80037AA0] -> 0x0F17
mem[X,0x80037AA2] -> 0x0000
[5555] [M]: 0x80037AA0 (0x00000F17) auipc t5, 0
x30 <- 0x80037AA0


mem[X,0x80037AA4] -> 0x2023
mem[X,0x80037AA6] -> 0x561F
[5556] [M]: 0x80037AA4 (0x561F2023) sw ra, 1376(t5)
htif[0x80038000] <- 0x00000001
htif-syscall-proxy cmd: 0x000000000001

SUCCESS
