using /home/abdul_waheed/github_files/UET-Pcore-with-c-ext/verif/riscof_work/src/beq-01.S/ref/Reference-sail_c_simulator.signature for test-signature output.
[Sail] Allocating new block 0x80000000
tohost located at 0x80038000
[Sail] Allocating new block 0x0

Running file ref.elf.
ELF Entry @ 0x80000000
begin_signature: 0x8003a110
end_signature: 0x8003aa40
CSR mstatus <- 0x00000000 (input: 0x00000000)
mem[X,0x00001000] -> 0x0297
mem[X,0x00001002] -> 0x0000
[0] [M]: 0x00001000 (0x00000297) auipc t0, 0
x5 <- 0x00001000


mem[X,0x00001004] -> 0x8593
mem[X,0x00001006] -> 0x0202
[1] [M]: 0x00001004 (0x02028593) addi a1, t0, 32
x11 <- 0x00001020


mem[X,0x00001008] -> 0x2573
mem[X,0x0000100A] -> 0xF140
[2] [M]: 0x00001008 (0xF1402573) csrrs a0, mhartid, zero
CSR mhartid -> 0x00000000
x10 <- 0x00000000


mem[X,0x0000100C] -> 0xA283
mem[X,0x0000100E] -> 0x0182
[3] [M]: 0x0000100C (0x0182A283) lw t0, 24(t0)
mem[R,0x00001018] -> 0x80000000
x5 <- 0x80000000


mem[X,0x00001010] -> 0x8067
mem[X,0x00001012] -> 0x0002
[4] [M]: 0x00001010 (0x00028067) jalr zero, t0, 0


mem[X,0x80000000] -> 0xC0B7
mem[X,0x80000002] -> 0xFEED
[5] [M]: 0x80000000 (0xFEEDC0B7) lui ra, 1044188
x1 <- 0xFEEDC000


mem[X,0x80000004] -> 0x8093
mem[X,0x80000006] -> 0xEAD0
[6] [M]: 0x80000004 (0xEAD08093) addi ra, ra, 3757
x1 <- 0xFEEDBEAD


mem[X,0x80000008] -> 0xE137
mem[X,0x8000000A] -> 0xFF76
[7] [M]: 0x80000008 (0xFF76E137) lui sp, 1046382
x2 <- 0xFF76E000


mem[X,0x8000000C] -> 0x0113
mem[X,0x8000000E] -> 0xF561
[8] [M]: 0x8000000C (0xF5610113) addi sp, sp, 3926
x2 <- 0xFF76DF56


mem[X,0x80000010] -> 0x71B7
mem[X,0x80000012] -> 0x7FBB
[9] [M]: 0x80000010 (0x7FBB71B7) lui gp, 523191
x3 <- 0x7FBB7000


mem[X,0x80000014] -> 0x8193
mem[X,0x80000016] -> 0xFAB1
[10] [M]: 0x80000014 (0xFAB18193) addi gp, gp, 4011
x3 <- 0x7FBB6FAB


mem[X,0x80000018] -> 0xB237
mem[X,0x8000001A] -> 0xBFDD
[11] [M]: 0x80000018 (0xBFDDB237) lui tp, 785883
x4 <- 0xBFDDB000


mem[X,0x8000001C] -> 0x0213
mem[X,0x8000001E] -> 0x7D52
[12] [M]: 0x8000001C (0x7D520213) addi tp, tp, 2005
x4 <- 0xBFDDB7D5


mem[X,0x80000020] -> 0xE2B7
mem[X,0x80000022] -> 0xDFEE
[13] [M]: 0x80000020 (0xDFEEE2B7) lui t0, 917230
x5 <- 0xDFEEE000


mem[X,0x80000024] -> 0x8293
mem[X,0x80000026] -> 0xBEA2
[14] [M]: 0x80000024 (0xBEA28293) addi t0, t0, 3050
x5 <- 0xDFEEDBEA


mem[X,0x80000028] -> 0x7337
mem[X,0x8000002A] -> 0x6FF7
[15] [M]: 0x80000028 (0x6FF77337) lui t1, 458615
x6 <- 0x6FF77000


mem[X,0x8000002C] -> 0x0313
mem[X,0x8000002E] -> 0xDF53
[16] [M]: 0x8000002C (0xDF530313) addi t1, t1, 3573
x6 <- 0x6FF76DF5


mem[X,0x80000030] -> 0xB3B7
mem[X,0x80000032] -> 0xB7FB
[17] [M]: 0x80000030 (0xB7FBB3B7) lui t2, 753595
x7 <- 0xB7FBB000


mem[X,0x80000034] -> 0x8393
mem[X,0x80000036] -> 0x6FA3
[18] [M]: 0x80000034 (0x6FA38393) addi t2, t2, 1786
x7 <- 0xB7FBB6FA


mem[X,0x80000038] -> 0xE437
mem[X,0x8000003A] -> 0x5BFD
[19] [M]: 0x80000038 (0x5BFDE437) lui fp, 376798
x8 <- 0x5BFDE000


mem[X,0x8000003C] -> 0x0413
mem[X,0x8000003E] -> 0xB7D4
[20] [M]: 0x8000003C (0xB7D40413) addi fp, fp, 2941
x8 <- 0x5BFDDB7D


mem[X,0x80000040] -> 0xF4B7
mem[X,0x80000042] -> 0xADFE
[21] [M]: 0x80000040 (0xADFEF4B7) lui s1, 712687
x9 <- 0xADFEF000


mem[X,0x80000044] -> 0x8493
mem[X,0x80000046] -> 0xDBE4
[22] [M]: 0x80000044 (0xDBE48493) addi s1, s1, 3518
x9 <- 0xADFEEDBE


mem[X,0x80000048] -> 0x7537
mem[X,0x8000004A] -> 0x56FF
[23] [M]: 0x80000048 (0x56FF7537) lui a0, 356343
x10 <- 0x56FF7000


mem[X,0x8000004C] -> 0x0513
mem[X,0x8000004E] -> 0x6DF5
[24] [M]: 0x8000004C (0x6DF50513) addi a0, a0, 1759
x10 <- 0x56FF76DF


mem[X,0x80000050] -> 0xC5B7
mem[X,0x80000052] -> 0xAB7F
[25] [M]: 0x80000050 (0xAB7FC5B7) lui a1, 702460
x11 <- 0xAB7FC000


mem[X,0x80000054] -> 0x8593
mem[X,0x80000056] -> 0xB6F5
[26] [M]: 0x80000054 (0xB6F58593) addi a1, a1, 2927
x11 <- 0xAB7FBB6F


mem[X,0x80000058] -> 0xE637
mem[X,0x8000005A] -> 0xD5BF
[27] [M]: 0x80000058 (0xD5BFE637) lui a2, 875518
x12 <- 0xD5BFE000


mem[X,0x8000005C] -> 0x0613
mem[X,0x8000005E] -> 0xDB76
[28] [M]: 0x8000005C (0xDB760613) addi a2, a2, 3511
x12 <- 0xD5BFDDB7


mem[X,0x80000060] -> 0xF6B7
mem[X,0x80000062] -> 0xEADF
[29] [M]: 0x80000060 (0xEADFF6B7) lui a3, 962047
x13 <- 0xEADFF000


mem[X,0x80000064] -> 0x8693
mem[X,0x80000066] -> 0xEDB6
[30] [M]: 0x80000064 (0xEDB68693) addi a3, a3, 3803
x13 <- 0xEADFEEDB


mem[X,0x80000068] -> 0xF737
mem[X,0x8000006A] -> 0xF56F
[31] [M]: 0x80000068 (0xF56FF737) lui a4, 1005311
x14 <- 0xF56FF000


mem[X,0x8000006C] -> 0x0713
mem[X,0x8000006E] -> 0x76D7
[32] [M]: 0x8000006C (0x76D70713) addi a4, a4, 1901
x14 <- 0xF56FF76D


mem[X,0x80000070] -> 0x07B7
mem[X,0x80000072] -> 0xFAB8
[33] [M]: 0x80000070 (0xFAB807B7) lui a5, 1026944
x15 <- 0xFAB80000


mem[X,0x80000074] -> 0x8793
mem[X,0x80000076] -> 0xBB67
[34] [M]: 0x80000074 (0xBB678793) addi a5, a5, 2998
x15 <- 0xFAB7FBB6


mem[X,0x80000078] -> 0x0837
mem[X,0x8000007A] -> 0x7D5C
[35] [M]: 0x80000078 (0x7D5C0837) lui a6, 513472
x16 <- 0x7D5C0000


mem[X,0x8000007C] -> 0x0813
mem[X,0x8000007E] -> 0xDDB8
[36] [M]: 0x8000007C (0xDDB80813) addi a6, a6, 3547
x16 <- 0x7D5BFDDB


mem[X,0x80000080] -> 0x08B7
mem[X,0x80000082] -> 0xBEAE
[37] [M]: 0x80000080 (0xBEAE08B7) lui a7, 781024
x17 <- 0xBEAE0000


mem[X,0x80000084] -> 0x8893
mem[X,0x80000086] -> 0xEED8
[38] [M]: 0x80000084 (0xEED88893) addi a7, a7, 3821
x17 <- 0xBEADFEED


mem[X,0x80000088] -> 0x0937
mem[X,0x8000008A] -> 0xDF57
[39] [M]: 0x80000088 (0xDF570937) lui s2, 914800
x18 <- 0xDF570000


mem[X,0x8000008C] -> 0x0913
mem[X,0x8000008E] -> 0xF769
[40] [M]: 0x8000008C (0xF7690913) addi s2, s2, 3958
x18 <- 0xDF56FF76


mem[X,0x80000090] -> 0x89B7
mem[X,0x80000092] -> 0x6FAB
[41] [M]: 0x80000090 (0x6FAB89B7) lui s3, 457400
x19 <- 0x6FAB8000


mem[X,0x80000094] -> 0x8993
mem[X,0x80000096] -> 0xFBB9
[42] [M]: 0x80000094 (0xFBB98993) addi s3, s3, 4027
x19 <- 0x6FAB7FBB


mem[X,0x80000098] -> 0xCA37
mem[X,0x8000009A] -> 0xB7D5
[43] [M]: 0x80000098 (0xB7D5CA37) lui s4, 752988
x20 <- 0xB7D5C000


mem[X,0x8000009C] -> 0x0A13
mem[X,0x8000009E] -> 0xFDDA
[44] [M]: 0x8000009C (0xFDDA0A13) addi s4, s4, 4061
x20 <- 0xB7D5BFDD


mem[X,0x800000A0] -> 0xEAB7
mem[X,0x800000A2] -> 0xDBEA
[45] [M]: 0x800000A0 (0xDBEAEAB7) lui s5, 900782
x21 <- 0xDBEAE000


mem[X,0x800000A4] -> 0x8A93
mem[X,0x800000A6] -> 0xFEEA
[46] [M]: 0x800000A4 (0xFEEA8A93) addi s5, s5, 4078
x21 <- 0xDBEADFEE


mem[X,0x800000A8] -> 0x7B37
mem[X,0x800000AA] -> 0x6DF5
[47] [M]: 0x800000A8 (0x6DF57B37) lui s6, 450391
x22 <- 0x6DF57000


mem[X,0x800000AC] -> 0x0B13
mem[X,0x800000AE] -> 0xFF7B
[48] [M]: 0x800000AC (0xFF7B0B13) addi s6, s6, 4087
x22 <- 0x6DF56FF7


mem[X,0x800000B0] -> 0xBBB7
mem[X,0x800000B2] -> 0xB6FA
[49] [M]: 0x800000B0 (0xB6FABBB7) lui s7, 749483
x23 <- 0xB6FAB000


mem[X,0x800000B4] -> 0x8B93
mem[X,0x800000B6] -> 0x7FBB
[50] [M]: 0x800000B4 (0x7FBB8B93) addi s7, s7, 2043
x23 <- 0xB6FAB7FB


mem[X,0x800000B8] -> 0x6C37
mem[X,0x800000BA] -> 0xDB7D
[51] [M]: 0x800000B8 (0xDB7D6C37) lui s8, 899030
x24 <- 0xDB7D6000


mem[X,0x800000BC] -> 0x0C13
mem[X,0x800000BE] -> 0xBFDC
[52] [M]: 0x800000BC (0xBFDC0C13) addi s8, s8, 3069
x24 <- 0xDB7D5BFD


mem[X,0x800000C0] -> 0xBCB7
mem[X,0x800000C2] -> 0xEDBE
[53] [M]: 0x800000C0 (0xEDBEBCB7) lui s9, 973803
x25 <- 0xEDBEB000


mem[X,0x800000C4] -> 0x8C93
mem[X,0x800000C6] -> 0xDFEC
[54] [M]: 0x800000C4 (0xDFEC8C93) addi s9, s9, 3582
x25 <- 0xEDBEADFE


mem[X,0x800000C8] -> 0x5D37
mem[X,0x800000CA] -> 0x76DF
[55] [M]: 0x800000C8 (0x76DF5D37) lui s10, 486901
x26 <- 0x76DF5000


mem[X,0x800000CC] -> 0x0D13
mem[X,0x800000CE] -> 0x6FFD
[56] [M]: 0x800000CC (0x6FFD0D13) addi s10, s10, 1791
x26 <- 0x76DF56FF


mem[X,0x800000D0] -> 0xBDB7
mem[X,0x800000D2] -> 0xBB6F
[57] [M]: 0x800000D0 (0xBB6FBDB7) lui s11, 767739
x27 <- 0xBB6FB000


mem[X,0x800000D4] -> 0x8D93
mem[X,0x800000D6] -> 0xB7FD
[58] [M]: 0x800000D4 (0xB7FD8D93) addi s11, s11, 2943
x27 <- 0xBB6FAB7F


mem[X,0x800000D8] -> 0xDE37
mem[X,0x800000DA] -> 0xDDB7
[59] [M]: 0x800000D8 (0xDDB7DE37) lui t3, 908157
x28 <- 0xDDB7D000


mem[X,0x800000DC] -> 0x0E13
mem[X,0x800000DE] -> 0x5BFE
[60] [M]: 0x800000DC (0x5BFE0E13) addi t3, t3, 1471
x28 <- 0xDDB7D5BF


mem[X,0x800000E0] -> 0xFEB7
mem[X,0x800000E2] -> 0xEEDB
[61] [M]: 0x800000E0 (0xEEDBFEB7) lui t4, 978367
x29 <- 0xEEDBF000


mem[X,0x800000E4] -> 0x8E93
mem[X,0x800000E6] -> 0xADFE
[62] [M]: 0x800000E4 (0xADFE8E93) addi t4, t4, 2783
x29 <- 0xEEDBEADF


mem[X,0x800000E8] -> 0xFF37
mem[X,0x800000EA] -> 0xF76D
[63] [M]: 0x800000E8 (0xF76DFF37) lui t5, 1013471
x30 <- 0xF76DF000


mem[X,0x800000EC] -> 0x0F13
mem[X,0x800000EE] -> 0x56FF
[64] [M]: 0x800000EC (0x56FF0F13) addi t5, t5, 1391
x30 <- 0xF76DF56F


mem[X,0x800000F0] -> 0x0FB7
mem[X,0x800000F2] -> 0xFBB7
[65] [M]: 0x800000F0 (0xFBB70FB7) lui t6, 1031024
x31 <- 0xFBB70000


mem[X,0x800000F4] -> 0x8F93
mem[X,0x800000F6] -> 0xAB7F
[66] [M]: 0x800000F4 (0xAB7F8F93) addi t6, t6, 2743
x31 <- 0xFBB6FAB7


mem[X,0x800000F8] -> 0x0013
mem[X,0x800000FA] -> 0x0000
[67] [M]: 0x800000F8 (0x00000013) addi zero, zero, 0


mem[X,0x800000FC] -> 0x0013
mem[X,0x800000FE] -> 0x0000
[68] [M]: 0x800000FC (0x00000013) addi zero, zero, 0


mem[X,0x80000100] -> 0xA297
mem[X,0x80000102] -> 0x0003
[69] [M]: 0x80000100 (0x0003A297) auipc t0, 58
x5 <- 0x8003A100


mem[X,0x80000104] -> 0x8293
mem[X,0x80000106] -> 0x0142
[70] [M]: 0x80000104 (0x01428293) addi t0, t0, 20
x5 <- 0x8003A114


mem[X,0x80000108] -> 0x0013
mem[X,0x8000010A] -> 0x0000
[71] [M]: 0x80000108 (0x00000013) addi zero, zero, 0


mem[X,0x8000010C] -> 0x0013
mem[X,0x8000010E] -> 0x0000
[72] [M]: 0x8000010C (0x00000013) addi zero, zero, 0


mem[X,0x80000110] -> 0x0013
mem[X,0x80000112] -> 0x0000
[73] [M]: 0x80000110 (0x00000013) addi zero, zero, 0


mem[X,0x80000114] -> 0x0013
mem[X,0x80000116] -> 0x0000
[74] [M]: 0x80000114 (0x00000013) addi zero, zero, 0


mem[X,0x80000118] -> 0x0013
mem[X,0x8000011A] -> 0x0000
[75] [M]: 0x80000118 (0x00000013) addi zero, zero, 0


mem[X,0x8000011C] -> 0x0013
mem[X,0x8000011E] -> 0x0000
[76] [M]: 0x8000011C (0x00000013) addi zero, zero, 0


mem[X,0x80000120] -> 0x59B7
mem[X,0x80000122] -> 0x5555
[77] [M]: 0x80000120 (0x555559B7) lui s3, 349525
x19 <- 0x55555000


mem[X,0x80000124] -> 0x8993
mem[X,0x80000126] -> 0x5559
[78] [M]: 0x80000124 (0x55598993) addi s3, s3, 1365
x19 <- 0x55555555


mem[X,0x80000128] -> 0x59B7
mem[X,0x8000012A] -> 0x5555
[79] [M]: 0x80000128 (0x555559B7) lui s3, 349525
x19 <- 0x55555000


mem[X,0x8000012C] -> 0x8993
mem[X,0x8000012E] -> 0x5559
[80] [M]: 0x8000012C (0x55598993) addi s3, s3, 1365
x19 <- 0x55555555


mem[X,0x80000130] -> 0x0593
mem[X,0x80000132] -> 0x0000
[81] [M]: 0x80000130 (0x00000593) addi a1, zero, 0
x11 <- 0x00000000


mem[X,0x80000134] -> 0x006F
mem[X,0x80000136] -> 0x0050
[82] [M]: 0x80000134 (0x0050006F) jal zero, 2052


mem[X,0x80000938] -> 0x80E3
mem[X,0x8000093A] -> 0x8139
[83] [M]: 0x80000938 (0x813980E3) beq s3, s3, 6144


mem[X,0x80000138] -> 0x8593
mem[X,0x8000013A] -> 0x0015
[84] [M]: 0x80000138 (0x00158593) addi a1, a1, 1
x11 <- 0x00000001


mem[X,0x8000013C] -> 0x006F
mem[X,0x8000013E] -> 0x0110
[85] [M]: 0x8000013C (0x0110006F) jal zero, 2064


mem[X,0x8000094C] -> 0xA023
mem[X,0x8000094E] -> 0x00B2
[86] [M]: 0x8000094C (0x00B2A023) sw a1, 0(t0)
mem[0x8003A114] <- 0x00000001


mem[X,0x80000950] -> 0x0013
mem[X,0x80000952] -> 0x0000
[87] [M]: 0x80000950 (0x00000013) addi zero, zero, 0


mem[X,0x80000954] -> 0x5737
mem[X,0x80000956] -> 0xFFFF
[88] [M]: 0x80000954 (0xFFFF5737) lui a4, 1048565
x14 <- 0xFFFF5000


mem[X,0x80000958] -> 0x0713
mem[X,0x8000095A] -> 0xAFC7
[89] [M]: 0x80000958 (0xAFC70713) addi a4, a4, 2812
x14 <- 0xFFFF4AFC


mem[X,0x8000095C] -> 0x0593
mem[X,0x8000095E] -> 0x0000
[90] [M]: 0x8000095C (0x00000593) addi a1, zero, 0
x11 <- 0x00000000


mem[X,0x80000960] -> 0x006F
mem[X,0x80000962] -> 0x00C0
[91] [M]: 0x80000960 (0x00C0006F) jal zero, 12


mem[X,0x8000096C] -> 0x0063
mem[X,0x8000096E] -> 0x02E0
[92] [M]: 0x8000096C (0x02E00063) beq zero, a4, 32


mem[X,0x80000970] -> 0x8593
mem[X,0x80000972] -> 0x0025
[93] [M]: 0x80000970 (0x00258593) addi a1, a1, 2
x11 <- 0x00000002


mem[X,0x80000974] -> 0x006F
mem[X,0x80000976] -> 0x0200
[94] [M]: 0x80000974 (0x0200006F) jal zero, 32


mem[X,0x80000994] -> 0xA223
mem[X,0x80000996] -> 0x00B2
[95] [M]: 0x80000994 (0x00B2A223) sw a1, 4(t0)
mem[0x8003A118] <- 0x00000002


mem[X,0x80000998] -> 0x0C37
mem[X,0x8000099A] -> 0xFFFE
[96] [M]: 0x80000998 (0xFFFE0C37) lui s8, 1048544
x24 <- 0xFFFE0000


mem[X,0x8000099C] -> 0x0C13
mem[X,0x8000099E] -> 0xFFFC
[97] [M]: 0x8000099C (0xFFFC0C13) addi s8, s8, 4095
x24 <- 0xFFFDFFFF


mem[X,0x800009A0] -> 0x0113
mem[X,0x800009A2] -> 0xBFF0
[98] [M]: 0x800009A0 (0xBFF00113) addi sp, zero, 3071
x2 <- 0xFFFFFBFF


mem[X,0x800009A4] -> 0x0593
mem[X,0x800009A6] -> 0x0000
[99] [M]: 0x800009A4 (0x00000593) addi a1, zero, 0
x11 <- 0x00000000


clint::tick mtime <- 0x0000000000000001
 clint timer pending at mtime 0x0000000000000001
htif::tick 0x0000000000000000
mem[X,0x800009A8] -> 0x006F
mem[X,0x800009AA] -> 0x00C0
[100] [M]: 0x800009A8 (0x00C0006F) jal zero, 12


mem[X,0x800009B4] -> 0x0663
mem[X,0x800009B6] -> 0x002C
[101] [M]: 0x800009B4 (0x002C0663) beq s8, sp, 12


mem[X,0x800009B8] -> 0x8593
mem[X,0x800009BA] -> 0x0025
[102] [M]: 0x800009B8 (0x00258593) addi a1, a1, 2
x11 <- 0x00000002


mem[X,0x800009BC] -> 0x006F
mem[X,0x800009BE] -> 0x00C0
[103] [M]: 0x800009BC (0x00C0006F) jal zero, 12


mem[X,0x800009C8] -> 0xA423
mem[X,0x800009CA] -> 0x00B2
[104] [M]: 0x800009C8 (0x00B2A423) sw a1, 8(t0)
mem[0x8003A11C] <- 0x00000002


mem[X,0x800009CC] -> 0xF437
mem[X,0x800009CE] -> 0xFFFF
[105] [M]: 0x800009CC (0xFFFFF437) lui fp, 1048575
x8 <- 0xFFFFF000


mem[X,0x800009D0] -> 0x0413
mem[X,0x800009D2] -> 0xFFF4
[106] [M]: 0x800009D0 (0xFFF40413) addi fp, fp, 4095
x8 <- 0xFFFFEFFF


mem[X,0x800009D4] -> 0x0237
mem[X,0x800009D6] -> 0x0002
[107] [M]: 0x800009D4 (0x00020237) lui tp, 32
x4 <- 0x00020000


mem[X,0x800009D8] -> 0x0593
mem[X,0x800009DA] -> 0x0000
[108] [M]: 0x800009D8 (0x00000593) addi a1, zero, 0
x11 <- 0x00000000


mem[X,0x800009DC] -> 0x006F
mem[X,0x800009DE] -> 0x00C0
[109] [M]: 0x800009DC (0x00C0006F) jal zero, 12


mem[X,0x800009E8] -> 0x0663
mem[X,0x800009EA] -> 0x0044
[110] [M]: 0x800009E8 (0x00440663) beq fp, tp, 12


mem[X,0x800009EC] -> 0x8593
mem[X,0x800009EE] -> 0x0025
[111] [M]: 0x800009EC (0x00258593) addi a1, a1, 2
x11 <- 0x00000002


mem[X,0x800009F0] -> 0x006F
mem[X,0x800009F2] -> 0x00C0
[112] [M]: 0x800009F0 (0x00C0006F) jal zero, 12


mem[X,0x800009FC] -> 0xA623
mem[X,0x800009FE] -> 0x00B2
[113] [M]: 0x800009FC (0x00B2A623) sw a1, 12(t0)
mem[0x8003A120] <- 0x00000002


mem[X,0x80000A00] -> 0x0113
mem[X,0x80000A02] -> 0xDFF0
[114] [M]: 0x80000A00 (0xDFF00113) addi sp, zero, 3583
x2 <- 0xFFFFFDFF


mem[X,0x80000A04] -> 0x0F13
mem[X,0x80000A06] -> 0xDFF0
[115] [M]: 0x80000A04 (0xDFF00F13) addi t5, zero, 3583
x30 <- 0xFFFFFDFF


mem[X,0x80000A08] -> 0x0593
mem[X,0x80000A0A] -> 0x0000
[116] [M]: 0x80000A08 (0x00000593) addi a1, zero, 0
x11 <- 0x00000000


mem[X,0x80000A0C] -> 0x006F
mem[X,0x80000A0E] -> 0x00C0
[117] [M]: 0x80000A0C (0x00C0006F) jal zero, 12


mem[X,0x80000A18] -> 0x0063
mem[X,0x80000A1A] -> 0x11E1
[118] [M]: 0x80000A18 (0x11E10063) beq sp, t5, 256


mem[X,0x80000B18] -> 0x8593
mem[X,0x80000B1A] -> 0x0035
[119] [M]: 0x80000B18 (0x00358593) addi a1, a1, 3
x11 <- 0x00000003


mem[X,0x80000B1C] -> 0x006F
mem[X,0x80000B1E] -> 0x0040
[120] [M]: 0x80000B1C (0x0040006F) jal zero, 4


mem[X,0x80000B20] -> 0xA823
mem[X,0x80000B22] -> 0x00B2
[121] [M]: 0x80000B20 (0x00B2A823) sw a1, 16(t0)
mem[0x8003A124] <- 0x00000003


mem[X,0x80000B24] -> 0x0A13
mem[X,0x80000B26] -> 0x0800
[122] [M]: 0x80000B24 (0x08000A13) addi s4, zero, 128
x20 <- 0x00000080


mem[X,0x80000B28] -> 0x0C93
mem[X,0x80000B2A] -> 0x0800
[123] [M]: 0x80000B28 (0x08000C93) addi s9, zero, 128
x25 <- 0x00000080


mem[X,0x80000B2C] -> 0x0593
mem[X,0x80000B2E] -> 0x0000
[124] [M]: 0x80000B2C (0x00000593) addi a1, zero, 0
x11 <- 0x00000000


mem[X,0x80000B30] -> 0x006F
mem[X,0x80000B32] -> 0x0140
[125] [M]: 0x80000B30 (0x0140006F) jal zero, 20


mem[X,0x80000B44] -> 0x08E3
mem[X,0x80000B46] -> 0xFF9A
[126] [M]: 0x80000B44 (0xFF9A08E3) beq s4, s9, 8176


mem[X,0x80000B34] -> 0x8593
mem[X,0x80000B36] -> 0x0015
[127] [M]: 0x80000B34 (0x00158593) addi a1, a1, 1
x11 <- 0x00000001


mem[X,0x80000B38] -> 0x006F
mem[X,0x80000B3A] -> 0x0200
[128] [M]: 0x80000B38 (0x0200006F) jal zero, 32


mem[X,0x80000B58] -> 0xAA23
mem[X,0x80000B5A] -> 0x00B2
[129] [M]: 0x80000B58 (0x00B2AA23) sw a1, 20(t0)
mem[0x8003A128] <- 0x00000001


mem[X,0x80000B5C] -> 0x0D37
mem[X,0x80000B5E] -> 0xFFC0
[130] [M]: 0x80000B5C (0xFFC00D37) lui s10, 1047552
x26 <- 0xFFC00000


mem[X,0x80000B60] -> 0x0D13
mem[X,0x80000B62] -> 0xFFFD
[131] [M]: 0x80000B60 (0xFFFD0D13) addi s10, s10, 4095
x26 <- 0xFFBFFFFF


mem[X,0x80000B64] -> 0x27B7
mem[X,0x80000B66] -> 0x0000
[132] [M]: 0x80000B64 (0x000027B7) lui a5, 2
x15 <- 0x00002000


mem[X,0x80000B68] -> 0x0593
mem[X,0x80000B6A] -> 0x0000
[133] [M]: 0x80000B68 (0x00000593) addi a1, zero, 0
x11 <- 0x00000000


mem[X,0x80000B6C] -> 0x006F
mem[X,0x80000B6E] -> 0x0140
[134] [M]: 0x80000B6C (0x0140006F) jal zero, 20


mem[X,0x80000B80] -> 0x08E3
mem[X,0x80000B82] -> 0xFEFD
[135] [M]: 0x80000B80 (0xFEFD08E3) beq s10, a5, 8176


mem[X,0x80000B84] -> 0x8593
mem[X,0x80000B86] -> 0x0025
[136] [M]: 0x80000B84 (0x00258593) addi a1, a1, 2
x11 <- 0x00000002


mem[X,0x80000B88] -> 0x006F
mem[X,0x80000B8A] -> 0x00C0
[137] [M]: 0x80000B88 (0x00C0006F) jal zero, 12


mem[X,0x80000B94] -> 0xAC23
mem[X,0x80000B96] -> 0x00B2
[138] [M]: 0x80000B94 (0x00B2AC23) sw a1, 24(t0)
mem[0x8003A12C] <- 0x00000002


mem[X,0x80000B98] -> 0x0B13
mem[X,0x80000B9A] -> 0x0050
[139] [M]: 0x80000B98 (0x00500B13) addi s6, zero, 5
x22 <- 0x00000005


mem[X,0x80000B9C] -> 0x0493
mem[X,0x80000B9E] -> 0x0010
[140] [M]: 0x80000B9C (0x00100493) addi s1, zero, 1
x9 <- 0x00000001


mem[X,0x80000BA0] -> 0x0593
mem[X,0x80000BA2] -> 0x0000
[141] [M]: 0x80000BA0 (0x00000593) addi a1, zero, 0
x11 <- 0x00000000


mem[X,0x80000BA4] -> 0x006F
mem[X,0x80000BA6] -> 0x00C0
[142] [M]: 0x80000BA4 (0x00C0006F) jal zero, 12


mem[X,0x80000BB0] -> 0x0CE3
mem[X,0x80000BB2] -> 0xFE9B
[143] [M]: 0x80000BB0 (0xFE9B0CE3) beq s6, s1, 8184


mem[X,0x80000BB4] -> 0x8593
mem[X,0x80000BB6] -> 0x0025
[144] [M]: 0x80000BB4 (0x00258593) addi a1, a1, 2
x11 <- 0x00000002


mem[X,0x80000BB8] -> 0x006F
mem[X,0x80000BBA] -> 0x00C0
[145] [M]: 0x80000BB8 (0x00C0006F) jal zero, 12


mem[X,0x80000BC4] -> 0xAE23
mem[X,0x80000BC6] -> 0x00B2
[146] [M]: 0x80000BC4 (0x00B2AE23) sw a1, 28(t0)
mem[0x8003A130] <- 0x00000002


mem[X,0x80000BC8] -> 0x3AB7
mem[X,0x80000BCA] -> 0x3333
[147] [M]: 0x80000BC8 (0x33333AB7) lui s5, 209715
x21 <- 0x33333000


mem[X,0x80000BCC] -> 0x8A93
mem[X,0x80000BCE] -> 0x333A
[148] [M]: 0x80000BCC (0x333A8A93) addi s5, s5, 819
x21 <- 0x33333333


mem[X,0x80000BD0] -> 0x0513
mem[X,0x80000BD2] -> 0x0020
[149] [M]: 0x80000BD0 (0x00200513) addi a0, zero, 2
x10 <- 0x00000002


mem[X,0x80000BD4] -> 0x0593
mem[X,0x80000BD6] -> 0x0000
[150] [M]: 0x80000BD4 (0x00000593) addi a1, zero, 0
x11 <- 0x00000000


mem[X,0x80000BD8] -> 0x006F
mem[X,0x80000BDA] -> 0x00C0
[151] [M]: 0x80000BD8 (0x00C0006F) jal zero, 12


mem[X,0x80000BE4] -> 0x8063
mem[X,0x80000BE6] -> 0x04AA
[152] [M]: 0x80000BE4 (0x04AA8063) beq s5, a0, 64


mem[X,0x80000BE8] -> 0x8593
mem[X,0x80000BEA] -> 0x0025
[153] [M]: 0x80000BE8 (0x00258593) addi a1, a1, 2
x11 <- 0x00000002


mem[X,0x80000BEC] -> 0x006F
mem[X,0x80000BEE] -> 0x0400
[154] [M]: 0x80000BEC (0x0400006F) jal zero, 64


mem[X,0x80000C2C] -> 0xA023
mem[X,0x80000C2E] -> 0x02B2
[155] [M]: 0x80000C2C (0x02B2A023) sw a1, 32(t0)
mem[0x8003A134] <- 0x00000002


mem[X,0x80000C30] -> 0x0F13
mem[X,0x80000C32] -> 0x0060
[156] [M]: 0x80000C30 (0x00600F13) addi t5, zero, 6
x30 <- 0x00000006


mem[X,0x80000C34] -> 0x0B93
mem[X,0x80000C36] -> 0x0040
[157] [M]: 0x80000C34 (0x00400B93) addi s7, zero, 4
x23 <- 0x00000004


mem[X,0x80000C38] -> 0x0593
mem[X,0x80000C3A] -> 0x0000
[158] [M]: 0x80000C38 (0x00000593) addi a1, zero, 0
x11 <- 0x00000000


mem[X,0x80000C3C] -> 0x006F
mem[X,0x80000C3E] -> 0x00C0
[159] [M]: 0x80000C3C (0x00C0006F) jal zero, 12


mem[X,0x80000C48] -> 0x0063
mem[X,0x80000C4A] -> 0x057F
[160] [M]: 0x80000C48 (0x057F0063) beq t5, s7, 64


mem[X,0x80000C4C] -> 0x8593
mem[X,0x80000C4E] -> 0x0025
[161] [M]: 0x80000C4C (0x00258593) addi a1, a1, 2
x11 <- 0x00000002


mem[X,0x80000C50] -> 0x006F
mem[X,0x80000C52] -> 0x0400
[162] [M]: 0x80000C50 (0x0400006F) jal zero, 64


mem[X,0x80000C90] -> 0xA223
mem[X,0x80000C92] -> 0x02B2
[163] [M]: 0x80000C90 (0x02B2A223) sw a1, 36(t0)
mem[0x8003A138] <- 0x00000002


mem[X,0x80000C94] -> 0xF1B7
mem[X,0x80000C96] -> 0xFFFF
[164] [M]: 0x80000C94 (0xFFFFF1B7) lui gp, 1048575
x3 <- 0xFFFFF000


mem[X,0x80000C98] -> 0x8193
mem[X,0x80000C9A] -> 0xFFF1
[165] [M]: 0x80000C98 (0xFFF18193) addi gp, gp, 4095
x3 <- 0xFFFFEFFF


mem[X,0x80000C9C] -> 0x0893
mem[X,0x80000C9E] -> 0x0080
[166] [M]: 0x80000C9C (0x00800893) addi a7, zero, 8
x17 <- 0x00000008


mem[X,0x80000CA0] -> 0x0593
mem[X,0x80000CA2] -> 0x0000
[167] [M]: 0x80000CA0 (0x00000593) addi a1, zero, 0
x11 <- 0x00000000


mem[X,0x80000CA4] -> 0x006F
mem[X,0x80000CA6] -> 0x00C0
[168] [M]: 0x80000CA4 (0x00C0006F) jal zero, 12


mem[X,0x80000CB0] -> 0x8CE3
mem[X,0x80000CB2] -> 0xFF11
[169] [M]: 0x80000CB0 (0xFF118CE3) beq gp, a7, 8184


mem[X,0x80000CB4] -> 0x8593
mem[X,0x80000CB6] -> 0x0025
[170] [M]: 0x80000CB4 (0x00258593) addi a1, a1, 2
x11 <- 0x00000002


mem[X,0x80000CB8] -> 0x006F
mem[X,0x80000CBA] -> 0x00C0
[171] [M]: 0x80000CB8 (0x00C0006F) jal zero, 12


mem[X,0x80000CC4] -> 0xA423
mem[X,0x80000CC6] -> 0x02B2
[172] [M]: 0x80000CC4 (0x02B2A423) sw a1, 40(t0)
mem[0x8003A13C] <- 0x00000002


mem[X,0x80000CC8] -> 0x0E93
mem[X,0x80000CCA] -> 0x0060
[173] [M]: 0x80000CC8 (0x00600E93) addi t4, zero, 6
x29 <- 0x00000006


mem[X,0x80000CCC] -> 0x0E13
mem[X,0x80000CCE] -> 0x0100
[174] [M]: 0x80000CCC (0x01000E13) addi t3, zero, 16
x28 <- 0x00000010


mem[X,0x80000CD0] -> 0x0593
mem[X,0x80000CD2] -> 0x0000
[175] [M]: 0x80000CD0 (0x00000593) addi a1, zero, 0
x11 <- 0x00000000


mem[X,0x80000CD4] -> 0x006F
mem[X,0x80000CD6] -> 0x00C0
[176] [M]: 0x80000CD4 (0x00C0006F) jal zero, 12


mem[X,0x80000CE0] -> 0x8663
mem[X,0x80000CE2] -> 0x01CE
[177] [M]: 0x80000CE0 (0x01CE8663) beq t4, t3, 12


mem[X,0x80000CE4] -> 0x8593
mem[X,0x80000CE6] -> 0x0025
[178] [M]: 0x80000CE4 (0x00258593) addi a1, a1, 2
x11 <- 0x00000002


mem[X,0x80000CE8] -> 0x006F
mem[X,0x80000CEA] -> 0x00C0
[179] [M]: 0x80000CE8 (0x00C0006F) jal zero, 12


mem[X,0x80000CF4] -> 0xA623
mem[X,0x80000CF6] -> 0x02B2
[180] [M]: 0x80000CF4 (0x02B2A623) sw a1, 44(t0)
mem[0x8003A140] <- 0x00000002


mem[X,0x80000CF8] -> 0xE837
mem[X,0x80000CFA] -> 0xFFFF
[181] [M]: 0x80000CF8 (0xFFFFE837) lui a6, 1048574
x16 <- 0xFFFFE000


mem[X,0x80000CFC] -> 0x0813
mem[X,0x80000CFE] -> 0xFFF8
[182] [M]: 0x80000CFC (0xFFF80813) addi a6, a6, 4095
x16 <- 0xFFFFDFFF


mem[X,0x80000D00] -> 0x0913
mem[X,0x80000D02] -> 0x0200
[183] [M]: 0x80000D00 (0x02000913) addi s2, zero, 32
x18 <- 0x00000020


mem[X,0x80000D04] -> 0x0593
mem[X,0x80000D06] -> 0x0000
[184] [M]: 0x80000D04 (0x00000593) addi a1, zero, 0
x11 <- 0x00000000


mem[X,0x80000D08] -> 0x006F
mem[X,0x80000D0A] -> 0x0050
[185] [M]: 0x80000D08 (0x0050006F) jal zero, 2052


mem[X,0x8000150C] -> 0x00E3
mem[X,0x8000150E] -> 0x8128
[186] [M]: 0x8000150C (0x812800E3) beq a6, s2, 6144


mem[X,0x80001510] -> 0x8593
mem[X,0x80001512] -> 0x0025
[187] [M]: 0x80001510 (0x00258593) addi a1, a1, 2
x11 <- 0x00000002


mem[X,0x80001514] -> 0x006F
mem[X,0x80001516] -> 0x00C0
[188] [M]: 0x80001514 (0x00C0006F) jal zero, 12


mem[X,0x80001520] -> 0xA823
mem[X,0x80001522] -> 0x02B2
[189] [M]: 0x80001520 (0x02B2A823) sw a1, 48(t0)
mem[0x8003A144] <- 0x00000002


mem[X,0x80001524] -> 0x0793
mem[X,0x80001526] -> 0x2000
[190] [M]: 0x80001524 (0x20000793) addi a5, zero, 512
x15 <- 0x00000200


mem[X,0x80001528] -> 0x0C13
mem[X,0x8000152A] -> 0x0400
[191] [M]: 0x80001528 (0x04000C13) addi s8, zero, 64
x24 <- 0x00000040


mem[X,0x8000152C] -> 0x0593
mem[X,0x8000152E] -> 0x0000
[192] [M]: 0x8000152C (0x00000593) addi a1, zero, 0
x11 <- 0x00000000


mem[X,0x80001530] -> 0x006F
mem[X,0x80001532] -> 0x00C0
[193] [M]: 0x80001530 (0x00C0006F) jal zero, 12


mem[X,0x8000153C] -> 0x8063
mem[X,0x8000153E] -> 0x1187
[194] [M]: 0x8000153C (0x11878063) beq a5, s8, 256


mem[X,0x80001540] -> 0x8593
mem[X,0x80001542] -> 0x0025
[195] [M]: 0x80001540 (0x00258593) addi a1, a1, 2
x11 <- 0x00000002


mem[X,0x80001544] -> 0x006F
mem[X,0x80001546] -> 0x1000
[196] [M]: 0x80001544 (0x1000006F) jal zero, 256


mem[X,0x80001644] -> 0xAA23
mem[X,0x80001646] -> 0x02B2
[197] [M]: 0x80001644 (0x02B2AA23) sw a1, 52(t0)
mem[0x8003A148] <- 0x00000002


mem[X,0x80001648] -> 0x0893
mem[X,0x8000164A] -> 0x0000
[198] [M]: 0x80001648 (0x00000893) addi a7, zero, 0
x17 <- 0x00000000


mem[X,0x8000164C] -> 0x0313
mem[X,0x8000164E] -> 0x1000
[199] [M]: 0x8000164C (0x10000313) addi t1, zero, 256
x6 <- 0x00000100


clint::tick mtime <- 0x0000000000000002
 clint timer pending at mtime 0x0000000000000002
htif::tick 0x0000000000000000
mem[X,0x80001650] -> 0x0593
mem[X,0x80001652] -> 0x0000
[200] [M]: 0x80001650 (0x00000593) addi a1, zero, 0
x11 <- 0x00000000


mem[X,0x80001654] -> 0x006F
mem[X,0x80001656] -> 0x00C0
[201] [M]: 0x80001654 (0x00C0006F) jal zero, 12


mem[X,0x80001660] -> 0x8863
mem[X,0x80001662] -> 0x0068
[202] [M]: 0x80001660 (0x00688863) beq a7, t1, 16


mem[X,0x80001664] -> 0x8593
mem[X,0x80001666] -> 0x0025
[203] [M]: 0x80001664 (0x00258593) addi a1, a1, 2
x11 <- 0x00000002


mem[X,0x80001668] -> 0x006F
mem[X,0x8000166A] -> 0x0100
[204] [M]: 0x80001668 (0x0100006F) jal zero, 16


mem[X,0x80001678] -> 0xAC23
mem[X,0x8000167A] -> 0x02B2
[205] [M]: 0x80001678 (0x02B2AC23) sw a1, 56(t0)
mem[0x8003A14C] <- 0x00000002


mem[X,0x8000167C] -> 0x23B7
mem[X,0x8000167E] -> 0x0000
[206] [M]: 0x8000167C (0x000023B7) lui t2, 2
x7 <- 0x00002000


mem[X,0x80001680] -> 0x0613
mem[X,0x80001682] -> 0x2000
[207] [M]: 0x80001680 (0x20000613) addi a2, zero, 512
x12 <- 0x00000200


mem[X,0x80001684] -> 0x0593
mem[X,0x80001686] -> 0x0000
[208] [M]: 0x80001684 (0x00000593) addi a1, zero, 0
x11 <- 0x00000000


mem[X,0x80001688] -> 0x006F
mem[X,0x8000168A] -> 0x0180
[209] [M]: 0x80001688 (0x0180006F) jal zero, 24


mem[X,0x800016A0] -> 0x86E3
mem[X,0x800016A2] -> 0xFEC3
[210] [M]: 0x800016A0 (0xFEC386E3) beq t2, a2, 8172


mem[X,0x800016A4] -> 0x8593
mem[X,0x800016A6] -> 0x0025
[211] [M]: 0x800016A4 (0x00258593) addi a1, a1, 2
x11 <- 0x00000002


mem[X,0x800016A8] -> 0x006F
mem[X,0x800016AA] -> 0x00C0
[212] [M]: 0x800016A8 (0x00C0006F) jal zero, 12


mem[X,0x800016B4] -> 0xAE23
mem[X,0x800016B6] -> 0x02B2
[213] [M]: 0x800016B4 (0x02B2AE23) sw a1, 60(t0)
mem[0x8003A150] <- 0x00000002


mem[X,0x800016B8] -> 0x0C93
mem[X,0x800016BA] -> 0x0060
[214] [M]: 0x800016B8 (0x00600C93) addi s9, zero, 6
x25 <- 0x00000006


mem[X,0x800016BC] -> 0x0813
mem[X,0x800016BE] -> 0x4000
[215] [M]: 0x800016BC (0x40000813) addi a6, zero, 1024
x16 <- 0x00000400


mem[X,0x800016C0] -> 0x0593
mem[X,0x800016C2] -> 0x0000
[216] [M]: 0x800016C0 (0x00000593) addi a1, zero, 0
x11 <- 0x00000000


mem[X,0x800016C4] -> 0x006F
mem[X,0x800016C6] -> 0x00C0
[217] [M]: 0x800016C4 (0x00C0006F) jal zero, 12


mem[X,0x800016D0] -> 0x8063
mem[X,0x800016D2] -> 0x090C
[218] [M]: 0x800016D0 (0x090C8063) beq s9, a6, 128


mem[X,0x800016D4] -> 0x8593
mem[X,0x800016D6] -> 0x0025
[219] [M]: 0x800016D4 (0x00258593) addi a1, a1, 2
x11 <- 0x00000002


mem[X,0x800016D8] -> 0x006F
mem[X,0x800016DA] -> 0x0800
[220] [M]: 0x800016D8 (0x0800006F) jal zero, 128


mem[X,0x80001758] -> 0xA023
mem[X,0x8000175A] -> 0x04B2
[221] [M]: 0x80001758 (0x04B2A023) sw a1, 64(t0)
mem[0x8003A154] <- 0x00000002


mem[X,0x8000175C] -> 0x0E13
mem[X,0x8000175E] -> 0x0040
[222] [M]: 0x8000175C (0x00400E13) addi t3, zero, 4
x28 <- 0x00000004


mem[X,0x80001760] -> 0x10B7
mem[X,0x80001762] -> 0x0000
[223] [M]: 0x80001760 (0x000010B7) lui ra, 1
x1 <- 0x00001000


mem[X,0x80001764] -> 0x8093
mem[X,0x80001766] -> 0x8000
[224] [M]: 0x80001764 (0x80008093) addi ra, ra, 2048
x1 <- 0x00000800


mem[X,0x80001768] -> 0x0593
mem[X,0x8000176A] -> 0x0000
[225] [M]: 0x80001768 (0x00000593) addi a1, zero, 0
x11 <- 0x00000000


mem[X,0x8000176C] -> 0x006F
mem[X,0x8000176E] -> 0x0100
[226] [M]: 0x8000176C (0x0100006F) jal zero, 16


mem[X,0x8000177C] -> 0x0AE3
mem[X,0x8000177E] -> 0xFE1E
[227] [M]: 0x8000177C (0xFE1E0AE3) beq t3, ra, 8180


mem[X,0x80001780] -> 0x8593
mem[X,0x80001782] -> 0x0025
[228] [M]: 0x80001780 (0x00258593) addi a1, a1, 2
x11 <- 0x00000002


mem[X,0x80001784] -> 0x006F
mem[X,0x80001786] -> 0x00C0
[229] [M]: 0x80001784 (0x00C0006F) jal zero, 12


mem[X,0x80001790] -> 0xA223
mem[X,0x80001792] -> 0x04B2
[230] [M]: 0x80001790 (0x04B2A223) sw a1, 68(t0)
mem[0x8003A158] <- 0x00000002


mem[X,0x80001794] -> 0x00B7
mem[X,0x80001796] -> 0xF800
[231] [M]: 0x80001794 (0xF80000B7) lui ra, 1015808
x1 <- 0xF8000000


mem[X,0x80001798] -> 0x8093
mem[X,0x8000179A] -> 0xFFF0
[232] [M]: 0x80001798 (0xFFF08093) addi ra, ra, 4095
x1 <- 0xF7FFFFFF


mem[X,0x8000179C] -> 0x1FB7
mem[X,0x8000179E] -> 0x0000
[233] [M]: 0x8000179C (0x00001FB7) lui t6, 1
x31 <- 0x00001000


mem[X,0x800017A0] -> 0x0593
mem[X,0x800017A2] -> 0x0000
[234] [M]: 0x800017A0 (0x00000593) addi a1, zero, 0
x11 <- 0x00000000


mem[X,0x800017A4] -> 0x006F
mem[X,0x800017A6] -> 0x00C0
[235] [M]: 0x800017A4 (0x00C0006F) jal zero, 12


mem[X,0x800017B0] -> 0x8CE3
mem[X,0x800017B2] -> 0xFFF0
[236] [M]: 0x800017B0 (0xFFF08CE3) beq ra, t6, 8184


mem[X,0x800017B4] -> 0x8593
mem[X,0x800017B6] -> 0x0025
[237] [M]: 0x800017B4 (0x00258593) addi a1, a1, 2
x11 <- 0x00000002


mem[X,0x800017B8] -> 0x006F
mem[X,0x800017BA] -> 0x00C0
[238] [M]: 0x800017B8 (0x00C0006F) jal zero, 12


mem[X,0x800017C4] -> 0xA423
mem[X,0x800017C6] -> 0x04B2
[239] [M]: 0x800017C4 (0x04B2A423) sw a1, 72(t0)
mem[0x8003A15C] <- 0x00000002


mem[X,0x800017C8] -> 0x0213
mem[X,0x800017CA] -> 0xDFF0
[240] [M]: 0x800017C8 (0xDFF00213) addi tp, zero, 3583
x4 <- 0xFFFFFDFF


mem[X,0x800017CC] -> 0x4B37
mem[X,0x800017CE] -> 0x0000
[241] [M]: 0x800017CC (0x00004B37) lui s6, 4
x22 <- 0x00004000


mem[X,0x800017D0] -> 0x0113
mem[X,0x800017D2] -> 0x0000
[242] [M]: 0x800017D0 (0x00000113) addi sp, zero, 0
x2 <- 0x00000000


mem[X,0x800017D4] -> 0x006F
mem[X,0x800017D6] -> 0x00C0
[243] [M]: 0x800017D4 (0x00C0006F) jal zero, 12


mem[X,0x800017E0] -> 0x0CE3
mem[X,0x800017E2] -> 0xFF62
[244] [M]: 0x800017E0 (0xFF620CE3) beq tp, s6, 8184


mem[X,0x800017E4] -> 0x0113
mem[X,0x800017E6] -> 0x0021
[245] [M]: 0x800017E4 (0x00210113) addi sp, sp, 2
x2 <- 0x00000002


mem[X,0x800017E8] -> 0x006F
mem[X,0x800017EA] -> 0x00C0
[246] [M]: 0x800017E8 (0x00C0006F) jal zero, 12


mem[X,0x800017F4] -> 0xA623
mem[X,0x800017F6] -> 0x0422
[247] [M]: 0x800017F4 (0x0422A623) sw sp, 76(t0)
mem[0x8003A160] <- 0x00000002


mem[X,0x800017F8] -> 0x06B7
mem[X,0x800017FA] -> 0x0010
[248] [M]: 0x800017F8 (0x001006B7) lui a3, 256
x13 <- 0x00100000


mem[X,0x800017FC] -> 0x0013
mem[X,0x800017FE] -> 0x0000
[249] [M]: 0x800017FC (0x00000013) addi zero, zero, 0


mem[X,0x80001800] -> 0x0113
mem[X,0x80001802] -> 0x0000
[250] [M]: 0x80001800 (0x00000113) addi sp, zero, 0
x2 <- 0x00000000


mem[X,0x80001804] -> 0x006F
mem[X,0x80001806] -> 0x00C0
[251] [M]: 0x80001804 (0x00C0006F) jal zero, 12


mem[X,0x80001810] -> 0x8063
mem[X,0x80001812] -> 0x1006
[252] [M]: 0x80001810 (0x10068063) beq a3, zero, 256


mem[X,0x80001814] -> 0x0113
mem[X,0x80001816] -> 0x0021
[253] [M]: 0x80001814 (0x00210113) addi sp, sp, 2
x2 <- 0x00000002


mem[X,0x80001818] -> 0x006F
mem[X,0x8000181A] -> 0x1000
[254] [M]: 0x80001818 (0x1000006F) jal zero, 256


mem[X,0x80001918] -> 0xA823
mem[X,0x8000191A] -> 0x0422
[255] [M]: 0x80001918 (0x0422A823) sw sp, 80(t0)
mem[0x8003A164] <- 0x00000002


mem[X,0x8000191C] -> 0x0013
mem[X,0x8000191E] -> 0x0000
[256] [M]: 0x8000191C (0x00000013) addi zero, zero, 0


mem[X,0x80001920] -> 0x9097
mem[X,0x80001922] -> 0x0003
[257] [M]: 0x80001920 (0x00039097) auipc ra, 57
x1 <- 0x8003A920


mem[X,0x80001924] -> 0x8093
mem[X,0x80001926] -> 0x8480
[258] [M]: 0x80001924 (0x84808093) addi ra, ra, 2120
x1 <- 0x8003A168


mem[X,0x80001928] -> 0x0013
mem[X,0x8000192A] -> 0x0000
[259] [M]: 0x80001928 (0x00000013) addi zero, zero, 0


mem[X,0x8000192C] -> 0x0013
mem[X,0x8000192E] -> 0x0000
[260] [M]: 0x8000192C (0x00000013) addi zero, zero, 0


mem[X,0x80001930] -> 0x0013
mem[X,0x80001932] -> 0x0000
[261] [M]: 0x80001930 (0x00000013) addi zero, zero, 0


mem[X,0x80001934] -> 0x0013
mem[X,0x80001936] -> 0x0000
[262] [M]: 0x80001934 (0x00000013) addi zero, zero, 0


mem[X,0x80001938] -> 0x0013
mem[X,0x8000193A] -> 0x0000
[263] [M]: 0x80001938 (0x00000013) addi zero, zero, 0


mem[X,0x8000193C] -> 0x0013
mem[X,0x8000193E] -> 0x0000
[264] [M]: 0x8000193C (0x00000013) addi zero, zero, 0


mem[X,0x80001940] -> 0x0F93
mem[X,0x80001942] -> 0xFFF0
[265] [M]: 0x80001940 (0xFFF00F93) addi t6, zero, 4095
x31 <- 0xFFFFFFFF


mem[X,0x80001944] -> 0x0D37
mem[X,0x80001946] -> 0x0001
[266] [M]: 0x80001944 (0x00010D37) lui s10, 16
x26 <- 0x00010000


mem[X,0x80001948] -> 0x0113
mem[X,0x8000194A] -> 0x0000
[267] [M]: 0x80001948 (0x00000113) addi sp, zero, 0
x2 <- 0x00000000


mem[X,0x8000194C] -> 0x006F
mem[X,0x8000194E] -> 0x0180
[268] [M]: 0x8000194C (0x0180006F) jal zero, 24


mem[X,0x80001964] -> 0x86E3
mem[X,0x80001966] -> 0xFFAF
[269] [M]: 0x80001964 (0xFFAF86E3) beq t6, s10, 8172


mem[X,0x80001968] -> 0x0113
mem[X,0x8000196A] -> 0x0021
[270] [M]: 0x80001968 (0x00210113) addi sp, sp, 2
x2 <- 0x00000002


mem[X,0x8000196C] -> 0x006F
mem[X,0x8000196E] -> 0x00C0
[271] [M]: 0x8000196C (0x00C0006F) jal zero, 12


mem[X,0x80001978] -> 0xA023
mem[X,0x8000197A] -> 0x0020
[272] [M]: 0x80001978 (0x0020A023) sw sp, 0(ra)
mem[0x8003A168] <- 0x00000002


mem[X,0x8000197C] -> 0x02B7
mem[X,0x8000197E] -> 0x0400
[273] [M]: 0x8000197C (0x040002B7) lui t0, 16384
x5 <- 0x04000000


mem[X,0x80001980] -> 0x0DB7
mem[X,0x80001982] -> 0x0008
[274] [M]: 0x80001980 (0x00080DB7) lui s11, 128
x27 <- 0x00080000


mem[X,0x80001984] -> 0x0113
mem[X,0x80001986] -> 0x0000
[275] [M]: 0x80001984 (0x00000113) addi sp, zero, 0
x2 <- 0x00000000


mem[X,0x80001988] -> 0x006F
mem[X,0x8000198A] -> 0x00C0
[276] [M]: 0x80001988 (0x00C0006F) jal zero, 12


mem[X,0x80001994] -> 0x8CE3
mem[X,0x80001996] -> 0xFFB2
[277] [M]: 0x80001994 (0xFFB28CE3) beq t0, s11, 8184


mem[X,0x80001998] -> 0x0113
mem[X,0x8000199A] -> 0x0021
[278] [M]: 0x80001998 (0x00210113) addi sp, sp, 2
x2 <- 0x00000002


mem[X,0x8000199C] -> 0x006F
mem[X,0x8000199E] -> 0x00C0
[279] [M]: 0x8000199C (0x00C0006F) jal zero, 12


mem[X,0x800019A8] -> 0xA223
mem[X,0x800019AA] -> 0x0020
[280] [M]: 0x800019A8 (0x0020A223) sw sp, 4(ra)
mem[0x8003A16C] <- 0x00000002


mem[X,0x800019AC] -> 0xCBB7
mem[X,0x800019AE] -> 0xFFFF
[281] [M]: 0x800019AC (0xFFFFCBB7) lui s7, 1048572
x23 <- 0xFFFFC000


mem[X,0x800019B0] -> 0x8B93
mem[X,0x800019B2] -> 0xFFFB
[282] [M]: 0x800019B0 (0xFFFB8B93) addi s7, s7, 4095
x23 <- 0xFFFFBFFF


mem[X,0x800019B4] -> 0x0EB7
mem[X,0x800019B6] -> 0x0010
[283] [M]: 0x800019B4 (0x00100EB7) lui t4, 256
x29 <- 0x00100000


mem[X,0x800019B8] -> 0x0113
mem[X,0x800019BA] -> 0x0000
[284] [M]: 0x800019B8 (0x00000113) addi sp, zero, 0
x2 <- 0x00000000


mem[X,0x800019BC] -> 0x006F
mem[X,0x800019BE] -> 0x00C0
[285] [M]: 0x800019BC (0x00C0006F) jal zero, 12


mem[X,0x800019C8] -> 0x8663
mem[X,0x800019CA] -> 0x01DB
[286] [M]: 0x800019C8 (0x01DB8663) beq s7, t4, 12


mem[X,0x800019CC] -> 0x0113
mem[X,0x800019CE] -> 0x0021
[287] [M]: 0x800019CC (0x00210113) addi sp, sp, 2
x2 <- 0x00000002


mem[X,0x800019D0] -> 0x006F
mem[X,0x800019D2] -> 0x00C0
[288] [M]: 0x800019D0 (0x00C0006F) jal zero, 12


mem[X,0x800019DC] -> 0xA423
mem[X,0x800019DE] -> 0x0020
[289] [M]: 0x800019DC (0x0020A423) sw sp, 8(ra)
mem[0x8003A170] <- 0x00000002


mem[X,0x800019E0] -> 0x0737
mem[X,0x800019E2] -> 0xFF00
[290] [M]: 0x800019E0 (0xFF000737) lui a4, 1044480
x14 <- 0xFF000000


mem[X,0x800019E4] -> 0x0713
mem[X,0x800019E6] -> 0xFFF7
[291] [M]: 0x800019E4 (0xFFF70713) addi a4, a4, 4095
x14 <- 0xFEFFFFFF


mem[X,0x800019E8] -> 0x05B7
mem[X,0x800019EA] -> 0x0020
[292] [M]: 0x800019E8 (0x002005B7) lui a1, 512
x11 <- 0x00200000


mem[X,0x800019EC] -> 0x0113
mem[X,0x800019EE] -> 0x0000
[293] [M]: 0x800019EC (0x00000113) addi sp, zero, 0
x2 <- 0x00000000


mem[X,0x800019F0] -> 0x006F
mem[X,0x800019F2] -> 0x0100
[294] [M]: 0x800019F0 (0x0100006F) jal zero, 16


mem[X,0x80001A00] -> 0x0AE3
mem[X,0x80001A02] -> 0xFEB7
[295] [M]: 0x80001A00 (0xFEB70AE3) beq a4, a1, 8180


mem[X,0x80001A04] -> 0x0113
mem[X,0x80001A06] -> 0x0021
[296] [M]: 0x80001A04 (0x00210113) addi sp, sp, 2
x2 <- 0x00000002


mem[X,0x80001A08] -> 0x006F
mem[X,0x80001A0A] -> 0x00C0
[297] [M]: 0x80001A08 (0x00C0006F) jal zero, 12


mem[X,0x80001A14] -> 0xA623
mem[X,0x80001A16] -> 0x0020
[298] [M]: 0x80001A14 (0x0020A623) sw sp, 12(ra)
mem[0x8003A174] <- 0x00000002


mem[X,0x80001A18] -> 0xFDB7
mem[X,0x80001A1A] -> 0xFFFF
[299] [M]: 0x80001A18 (0xFFFFFDB7) lui s11, 1048575
x27 <- 0xFFFFF000


clint::tick mtime <- 0x0000000000000003
 clint timer pending at mtime 0x0000000000000003
htif::tick 0x0000000000000000
mem[X,0x80001A1C] -> 0x8D93
mem[X,0x80001A1E] -> 0x7FFD
[300] [M]: 0x80001A1C (0x7FFD8D93) addi s11, s11, 2047
x27 <- 0xFFFFF7FF


mem[X,0x80001A20] -> 0x03B7
mem[X,0x80001A22] -> 0x0040
[301] [M]: 0x80001A20 (0x004003B7) lui t2, 1024
x7 <- 0x00400000


mem[X,0x80001A24] -> 0x0113
mem[X,0x80001A26] -> 0x0000
[302] [M]: 0x80001A24 (0x00000113) addi sp, zero, 0
x2 <- 0x00000000


mem[X,0x80001A28] -> 0x006F
mem[X,0x80001A2A] -> 0x0140
[303] [M]: 0x80001A28 (0x0140006F) jal zero, 20


mem[X,0x80001A3C] -> 0x88E3
mem[X,0x80001A3E] -> 0xFE7D
[304] [M]: 0x80001A3C (0xFE7D88E3) beq s11, t2, 8176


mem[X,0x80001A40] -> 0x0113
mem[X,0x80001A42] -> 0x0021
[305] [M]: 0x80001A40 (0x00210113) addi sp, sp, 2
x2 <- 0x00000002


mem[X,0x80001A44] -> 0x006F
mem[X,0x80001A46] -> 0x00C0
[306] [M]: 0x80001A44 (0x00C0006F) jal zero, 12


mem[X,0x80001A50] -> 0xA823
mem[X,0x80001A52] -> 0x0020
[307] [M]: 0x80001A50 (0x0020A823) sw sp, 16(ra)
mem[0x8003A178] <- 0x00000002


mem[X,0x80001A54] -> 0x3537
mem[X,0x80001A56] -> 0x3333
[308] [M]: 0x80001A54 (0x33333537) lui a0, 209715
x10 <- 0x33333000


mem[X,0x80001A58] -> 0x0513
mem[X,0x80001A5A] -> 0x3335
[309] [M]: 0x80001A58 (0x33350513) addi a0, a0, 819
x10 <- 0x33333333


mem[X,0x80001A5C] -> 0x0437
mem[X,0x80001A5E] -> 0x0080
[310] [M]: 0x80001A5C (0x00800437) lui fp, 2048
x8 <- 0x00800000


mem[X,0x80001A60] -> 0x0113
mem[X,0x80001A62] -> 0x0000
[311] [M]: 0x80001A60 (0x00000113) addi sp, zero, 0
x2 <- 0x00000000


mem[X,0x80001A64] -> 0x006F
mem[X,0x80001A66] -> 0x00C0
[312] [M]: 0x80001A64 (0x00C0006F) jal zero, 12


mem[X,0x80001A70] -> 0x0063
mem[X,0x80001A72] -> 0x0885
[313] [M]: 0x80001A70 (0x08850063) beq a0, fp, 128


mem[X,0x80001A74] -> 0x0113
mem[X,0x80001A76] -> 0x0021
[314] [M]: 0x80001A74 (0x00210113) addi sp, sp, 2
x2 <- 0x00000002


mem[X,0x80001A78] -> 0x006F
mem[X,0x80001A7A] -> 0x0800
[315] [M]: 0x80001A78 (0x0800006F) jal zero, 128


mem[X,0x80001AF8] -> 0xAA23
mem[X,0x80001AFA] -> 0x0020
[316] [M]: 0x80001AF8 (0x0020AA23) sw sp, 20(ra)
mem[0x8003A17C] <- 0x00000002


mem[X,0x80001AFC] -> 0x0637
mem[X,0x80001AFE] -> 0xFFE0
[317] [M]: 0x80001AFC (0xFFE00637) lui a2, 1048064
x12 <- 0xFFE00000


mem[X,0x80001B00] -> 0x0613
mem[X,0x80001B02] -> 0xFFF6
[318] [M]: 0x80001B00 (0xFFF60613) addi a2, a2, 4095
x12 <- 0xFFDFFFFF


mem[X,0x80001B04] -> 0x0AB7
mem[X,0x80001B06] -> 0x0100
[319] [M]: 0x80001B04 (0x01000AB7) lui s5, 4096
x21 <- 0x01000000


mem[X,0x80001B08] -> 0x0113
mem[X,0x80001B0A] -> 0x0000
[320] [M]: 0x80001B08 (0x00000113) addi sp, zero, 0
x2 <- 0x00000000


mem[X,0x80001B0C] -> 0x006F
mem[X,0x80001B0E] -> 0x00C0
[321] [M]: 0x80001B0C (0x00C0006F) jal zero, 12


mem[X,0x80001B18] -> 0x0663
mem[X,0x80001B1A] -> 0x0156
[322] [M]: 0x80001B18 (0x01560663) beq a2, s5, 12


mem[X,0x80001B1C] -> 0x0113
mem[X,0x80001B1E] -> 0x0021
[323] [M]: 0x80001B1C (0x00210113) addi sp, sp, 2
x2 <- 0x00000002


mem[X,0x80001B20] -> 0x006F
mem[X,0x80001B22] -> 0x00C0
[324] [M]: 0x80001B20 (0x00C0006F) jal zero, 12


mem[X,0x80001B2C] -> 0xAC23
mem[X,0x80001B2E] -> 0x0020
[325] [M]: 0x80001B2C (0x0020AC23) sw sp, 24(ra)
mem[0x8003A180] <- 0x00000002


mem[X,0x80001B30] -> 0x0937
mem[X,0x80001B32] -> 0xFFFE
[326] [M]: 0x80001B30 (0xFFFE0937) lui s2, 1048544
x18 <- 0xFFFE0000


mem[X,0x80001B34] -> 0x0913
mem[X,0x80001B36] -> 0xFFF9
[327] [M]: 0x80001B34 (0xFFF90913) addi s2, s2, 4095
x18 <- 0xFFFDFFFF


mem[X,0x80001B38] -> 0x06B7
mem[X,0x80001B3A] -> 0x0200
[328] [M]: 0x80001B38 (0x020006B7) lui a3, 8192
x13 <- 0x02000000


mem[X,0x80001B3C] -> 0x0113
mem[X,0x80001B3E] -> 0x0000
[329] [M]: 0x80001B3C (0x00000113) addi sp, zero, 0
x2 <- 0x00000000


mem[X,0x80001B40] -> 0x006F
mem[X,0x80001B42] -> 0x00C0
[330] [M]: 0x80001B40 (0x00C0006F) jal zero, 12


mem[X,0x80001B4C] -> 0x0CE3
mem[X,0x80001B4E] -> 0xFED9
[331] [M]: 0x80001B4C (0xFED90CE3) beq s2, a3, 8184


mem[X,0x80001B50] -> 0x0113
mem[X,0x80001B52] -> 0x0021
[332] [M]: 0x80001B50 (0x00210113) addi sp, sp, 2
x2 <- 0x00000002


mem[X,0x80001B54] -> 0x006F
mem[X,0x80001B56] -> 0x00C0
[333] [M]: 0x80001B54 (0x00C0006F) jal zero, 12


mem[X,0x80001B60] -> 0xAE23
mem[X,0x80001B62] -> 0x0020
[334] [M]: 0x80001B60 (0x0020AE23) sw sp, 28(ra)
mem[0x8003A184] <- 0x00000002


mem[X,0x80001B64] -> 0x84B7
mem[X,0x80001B66] -> 0x0000
[335] [M]: 0x80001B64 (0x000084B7) lui s1, 8
x9 <- 0x00008000


mem[X,0x80001B68] -> 0x02B7
mem[X,0x80001B6A] -> 0x0400
[336] [M]: 0x80001B68 (0x040002B7) lui t0, 16384
x5 <- 0x04000000


mem[X,0x80001B6C] -> 0x0113
mem[X,0x80001B6E] -> 0x0000
[337] [M]: 0x80001B6C (0x00000113) addi sp, zero, 0
x2 <- 0x00000000


mem[X,0x80001B70] -> 0x006F
mem[X,0x80001B72] -> 0x00C0
[338] [M]: 0x80001B70 (0x00C0006F) jal zero, 12


mem[X,0x80001B7C] -> 0x8063
mem[X,0x80001B7E] -> 0x0254
[339] [M]: 0x80001B7C (0x02548063) beq s1, t0, 32


mem[X,0x80001B80] -> 0x0113
mem[X,0x80001B82] -> 0x0021
[340] [M]: 0x80001B80 (0x00210113) addi sp, sp, 2
x2 <- 0x00000002


mem[X,0x80001B84] -> 0x006F
mem[X,0x80001B86] -> 0x0200
[341] [M]: 0x80001B84 (0x0200006F) jal zero, 32


mem[X,0x80001BA4] -> 0xA023
mem[X,0x80001BA6] -> 0x0220
[342] [M]: 0x80001BA4 (0x0220A023) sw sp, 32(ra)
mem[0x8003A188] <- 0x00000002


mem[X,0x80001BA8] -> 0x0337
mem[X,0x80001BAA] -> 0x0100
[343] [M]: 0x80001BA8 (0x01000337) lui t1, 4096
x6 <- 0x01000000


mem[X,0x80001BAC] -> 0x01B7
mem[X,0x80001BAE] -> 0x0800
[344] [M]: 0x80001BAC (0x080001B7) lui gp, 32768
x3 <- 0x08000000


mem[X,0x80001BB0] -> 0x0113
mem[X,0x80001BB2] -> 0x0000
[345] [M]: 0x80001BB0 (0x00000113) addi sp, zero, 0
x2 <- 0x00000000


mem[X,0x80001BB4] -> 0x006F
mem[X,0x80001BB6] -> 0x00C0
[346] [M]: 0x80001BB4 (0x00C0006F) jal zero, 12


mem[X,0x80001BC0] -> 0x0863
mem[X,0x80001BC2] -> 0x0033
[347] [M]: 0x80001BC0 (0x00330863) beq t1, gp, 16


mem[X,0x80001BC4] -> 0x0113
mem[X,0x80001BC6] -> 0x0021
[348] [M]: 0x80001BC4 (0x00210113) addi sp, sp, 2
x2 <- 0x00000002


mem[X,0x80001BC8] -> 0x006F
mem[X,0x80001BCA] -> 0x0100
[349] [M]: 0x80001BC8 (0x0100006F) jal zero, 16


mem[X,0x80001BD8] -> 0xA223
mem[X,0x80001BDA] -> 0x0220
[350] [M]: 0x80001BD8 (0x0220A223) sw sp, 36(ra)
mem[0x8003A18C] <- 0x00000002


mem[X,0x80001BDC] -> 0x35B7
mem[X,0x80001BDE] -> 0x3333
[351] [M]: 0x80001BDC (0x333335B7) lui a1, 209715
x11 <- 0x33333000


mem[X,0x80001BE0] -> 0x8593
mem[X,0x80001BE2] -> 0x3335
[352] [M]: 0x80001BE0 (0x33358593) addi a1, a1, 819
x11 <- 0x33333333


mem[X,0x80001BE4] -> 0x0A37
mem[X,0x80001BE6] -> 0x1000
[353] [M]: 0x80001BE4 (0x10000A37) lui s4, 65536
x20 <- 0x10000000


mem[X,0x80001BE8] -> 0x0113
mem[X,0x80001BEA] -> 0x0000
[354] [M]: 0x80001BE8 (0x00000113) addi sp, zero, 0
x2 <- 0x00000000


mem[X,0x80001BEC] -> 0x006F
mem[X,0x80001BEE] -> 0x00C0
[355] [M]: 0x80001BEC (0x00C0006F) jal zero, 12


mem[X,0x80001BF8] -> 0x8663
mem[X,0x80001BFA] -> 0x0145
[356] [M]: 0x80001BF8 (0x01458663) beq a1, s4, 12


mem[X,0x80001BFC] -> 0x0113
mem[X,0x80001BFE] -> 0x0021
[357] [M]: 0x80001BFC (0x00210113) addi sp, sp, 2
x2 <- 0x00000002


mem[X,0x80001C00] -> 0x006F
mem[X,0x80001C02] -> 0x00C0
[358] [M]: 0x80001C00 (0x00C0006F) jal zero, 12


mem[X,0x80001C0C] -> 0xA423
mem[X,0x80001C0E] -> 0x0220
[359] [M]: 0x80001C0C (0x0220A423) sw sp, 40(ra)
mem[0x8003A190] <- 0x00000002


mem[X,0x80001C10] -> 0x0513
mem[X,0x80001C12] -> 0x0080
[360] [M]: 0x80001C10 (0x00800513) addi a0, zero, 8
x10 <- 0x00000008


mem[X,0x80001C14] -> 0x05B7
mem[X,0x80001C16] -> 0x2000
[361] [M]: 0x80001C14 (0x200005B7) lui a1, 131072
x11 <- 0x20000000


mem[X,0x80001C18] -> 0x0113
mem[X,0x80001C1A] -> 0x0000
[362] [M]: 0x80001C18 (0x00000113) addi sp, zero, 0
x2 <- 0x00000000


mem[X,0x80001C1C] -> 0x006F
mem[X,0x80001C1E] -> 0x00C0
[363] [M]: 0x80001C1C (0x00C0006F) jal zero, 12


mem[X,0x80001C28] -> 0x0663
mem[X,0x80001C2A] -> 0x00B5
[364] [M]: 0x80001C28 (0x00B50663) beq a0, a1, 12


mem[X,0x80001C2C] -> 0x0113
mem[X,0x80001C2E] -> 0x0021
[365] [M]: 0x80001C2C (0x00210113) addi sp, sp, 2
x2 <- 0x00000002


mem[X,0x80001C30] -> 0x006F
mem[X,0x80001C32] -> 0x00C0
[366] [M]: 0x80001C30 (0x00C0006F) jal zero, 12


mem[X,0x80001C3C] -> 0xA623
mem[X,0x80001C3E] -> 0x0220
[367] [M]: 0x80001C3C (0x0220A623) sw sp, 44(ra)
mem[0x8003A194] <- 0x00000002


mem[X,0x80001C40] -> 0x0513
mem[X,0x80001C42] -> 0xFF80
[368] [M]: 0x80001C40 (0xFF800513) addi a0, zero, 4088
x10 <- 0xFFFFFFF8


mem[X,0x80001C44] -> 0x05B7
mem[X,0x80001C46] -> 0x4000
[369] [M]: 0x80001C44 (0x400005B7) lui a1, 262144
x11 <- 0x40000000


mem[X,0x80001C48] -> 0x0113
mem[X,0x80001C4A] -> 0x0000
[370] [M]: 0x80001C48 (0x00000113) addi sp, zero, 0
x2 <- 0x00000000


mem[X,0x80001C4C] -> 0x006F
mem[X,0x80001C4E] -> 0x00C0
[371] [M]: 0x80001C4C (0x00C0006F) jal zero, 12


mem[X,0x80001C58] -> 0x0063
mem[X,0x80001C5A] -> 0x20B5
[372] [M]: 0x80001C58 (0x20B50063) beq a0, a1, 512


mem[X,0x80001C5C] -> 0x0113
mem[X,0x80001C5E] -> 0x0021
[373] [M]: 0x80001C5C (0x00210113) addi sp, sp, 2
x2 <- 0x00000002


mem[X,0x80001C60] -> 0x006F
mem[X,0x80001C62] -> 0x2000
[374] [M]: 0x80001C60 (0x2000006F) jal zero, 512


mem[X,0x80001E60] -> 0xA823
mem[X,0x80001E62] -> 0x0220
[375] [M]: 0x80001E60 (0x0220A823) sw sp, 48(ra)
mem[0x8003A198] <- 0x00000002


mem[X,0x80001E64] -> 0x0537
mem[X,0x80001E66] -> 0x4000
[376] [M]: 0x80001E64 (0x40000537) lui a0, 262144
x10 <- 0x40000000


mem[X,0x80001E68] -> 0x0513
mem[X,0x80001E6A] -> 0xFFF5
[377] [M]: 0x80001E68 (0xFFF50513) addi a0, a0, 4095
x10 <- 0x3FFFFFFF


mem[X,0x80001E6C] -> 0x05B7
mem[X,0x80001E6E] -> 0x8000
[378] [M]: 0x80001E6C (0x800005B7) lui a1, 524288
x11 <- 0x80000000


mem[X,0x80001E70] -> 0x0113
mem[X,0x80001E72] -> 0x0000
[379] [M]: 0x80001E70 (0x00000113) addi sp, zero, 0
x2 <- 0x00000000


mem[X,0x80001E74] -> 0x006F
mem[X,0x80001E76] -> 0x00C0
[380] [M]: 0x80001E74 (0x00C0006F) jal zero, 12


mem[X,0x80001E80] -> 0x0063
mem[X,0x80001E82] -> 0x08B5
[381] [M]: 0x80001E80 (0x08B50063) beq a0, a1, 128


mem[X,0x80001E84] -> 0x0113
mem[X,0x80001E86] -> 0x0021
[382] [M]: 0x80001E84 (0x00210113) addi sp, sp, 2
x2 <- 0x00000002


mem[X,0x80001E88] -> 0x006F
mem[X,0x80001E8A] -> 0x0800
[383] [M]: 0x80001E88 (0x0800006F) jal zero, 128


mem[X,0x80001F08] -> 0xAA23
mem[X,0x80001F0A] -> 0x0220
[384] [M]: 0x80001F08 (0x0220AA23) sw sp, 52(ra)
mem[0x8003A19C] <- 0x00000002


mem[X,0x80001F0C] -> 0x0513
mem[X,0x80001F0E] -> 0x0040
[385] [M]: 0x80001F0C (0x00400513) addi a0, zero, 4
x10 <- 0x00000004


mem[X,0x80001F10] -> 0x0593
mem[X,0x80001F12] -> 0xFFE0
[386] [M]: 0x80001F10 (0xFFE00593) addi a1, zero, 4094
x11 <- 0xFFFFFFFE


mem[X,0x80001F14] -> 0x0113
mem[X,0x80001F16] -> 0x0000
[387] [M]: 0x80001F14 (0x00000113) addi sp, zero, 0
x2 <- 0x00000000


mem[X,0x80001F18] -> 0x006F
mem[X,0x80001F1A] -> 0x00C0
[388] [M]: 0x80001F18 (0x00C0006F) jal zero, 12


mem[X,0x80001F24] -> 0x0663
mem[X,0x80001F26] -> 0x00B5
[389] [M]: 0x80001F24 (0x00B50663) beq a0, a1, 12


mem[X,0x80001F28] -> 0x0113
mem[X,0x80001F2A] -> 0x0021
[390] [M]: 0x80001F28 (0x00210113) addi sp, sp, 2
x2 <- 0x00000002


mem[X,0x80001F2C] -> 0x006F
mem[X,0x80001F2E] -> 0x00C0
[391] [M]: 0x80001F2C (0x00C0006F) jal zero, 12


mem[X,0x80001F38] -> 0xAC23
mem[X,0x80001F3A] -> 0x0220
[392] [M]: 0x80001F38 (0x0220AC23) sw sp, 56(ra)
mem[0x8003A1A0] <- 0x00000002


mem[X,0x80001F3C] -> 0x0537
mem[X,0x80001F3E] -> 0x0020
[393] [M]: 0x80001F3C (0x00200537) lui a0, 512
x10 <- 0x00200000


mem[X,0x80001F40] -> 0x0593
mem[X,0x80001F42] -> 0xFFD0
[394] [M]: 0x80001F40 (0xFFD00593) addi a1, zero, 4093
x11 <- 0xFFFFFFFD


mem[X,0x80001F44] -> 0x0113
mem[X,0x80001F46] -> 0x0000
[395] [M]: 0x80001F44 (0x00000113) addi sp, zero, 0
x2 <- 0x00000000


mem[X,0x80001F48] -> 0x006F
mem[X,0x80001F4A] -> 0x00C0
[396] [M]: 0x80001F48 (0x00C0006F) jal zero, 12


mem[X,0x80001F54] -> 0x0CE3
mem[X,0x80001F56] -> 0xFEB5
[397] [M]: 0x80001F54 (0xFEB50CE3) beq a0, a1, 8184


mem[X,0x80001F58] -> 0x0113
mem[X,0x80001F5A] -> 0x0021
[398] [M]: 0x80001F58 (0x00210113) addi sp, sp, 2
x2 <- 0x00000002


mem[X,0x80001F5C] -> 0x006F
mem[X,0x80001F5E] -> 0x00C0
[399] [M]: 0x80001F5C (0x00C0006F) jal zero, 12


clint::tick mtime <- 0x0000000000000004
 clint timer pending at mtime 0x0000000000000004
htif::tick 0x0000000000000000
mem[X,0x80001F68] -> 0xAE23
mem[X,0x80001F6A] -> 0x0220
[400] [M]: 0x80001F68 (0x0220AE23) sw sp, 60(ra)
mem[0x8003A1A4] <- 0x00000002


mem[X,0x80001F6C] -> 0x0513
mem[X,0x80001F6E] -> 0x0030
[401] [M]: 0x80001F6C (0x00300513) addi a0, zero, 3
x10 <- 0x00000003


mem[X,0x80001F70] -> 0x0593
mem[X,0x80001F72] -> 0xFFB0
[402] [M]: 0x80001F70 (0xFFB00593) addi a1, zero, 4091
x11 <- 0xFFFFFFFB


mem[X,0x80001F74] -> 0x0113
mem[X,0x80001F76] -> 0x0000
[403] [M]: 0x80001F74 (0x00000113) addi sp, zero, 0
x2 <- 0x00000000


mem[X,0x80001F78] -> 0x006F
mem[X,0x80001F7A] -> 0x00C0
[404] [M]: 0x80001F78 (0x00C0006F) jal zero, 12


mem[X,0x80001F84] -> 0x0663
mem[X,0x80001F86] -> 0x00B5
[405] [M]: 0x80001F84 (0x00B50663) beq a0, a1, 12


mem[X,0x80001F88] -> 0x0113
mem[X,0x80001F8A] -> 0x0021
[406] [M]: 0x80001F88 (0x00210113) addi sp, sp, 2
x2 <- 0x00000002


mem[X,0x80001F8C] -> 0x006F
mem[X,0x80001F8E] -> 0x00C0
[407] [M]: 0x80001F8C (0x00C0006F) jal zero, 12


mem[X,0x80001F98] -> 0xA023
mem[X,0x80001F9A] -> 0x0420
[408] [M]: 0x80001F98 (0x0420A023) sw sp, 64(ra)
mem[0x8003A1A8] <- 0x00000002


mem[X,0x80001F9C] -> 0xF537
mem[X,0x80001F9E] -> 0xFFFF
[409] [M]: 0x80001F9C (0xFFFFF537) lui a0, 1048575
x10 <- 0xFFFFF000


mem[X,0x80001FA0] -> 0x0513
mem[X,0x80001FA2] -> 0xFFF5
[410] [M]: 0x80001FA0 (0xFFF50513) addi a0, a0, 4095
x10 <- 0xFFFFEFFF


mem[X,0x80001FA4] -> 0x0593
mem[X,0x80001FA6] -> 0xFF70
[411] [M]: 0x80001FA4 (0xFF700593) addi a1, zero, 4087
x11 <- 0xFFFFFFF7


mem[X,0x80001FA8] -> 0x0113
mem[X,0x80001FAA] -> 0x0000
[412] [M]: 0x80001FA8 (0x00000113) addi sp, zero, 0
x2 <- 0x00000000


mem[X,0x80001FAC] -> 0x006F
mem[X,0x80001FAE] -> 0x00C0
[413] [M]: 0x80001FAC (0x00C0006F) jal zero, 12


mem[X,0x80001FB8] -> 0x0663
mem[X,0x80001FBA] -> 0x00B5
[414] [M]: 0x80001FB8 (0x00B50663) beq a0, a1, 12


mem[X,0x80001FBC] -> 0x0113
mem[X,0x80001FBE] -> 0x0021
[415] [M]: 0x80001FBC (0x00210113) addi sp, sp, 2
x2 <- 0x00000002


mem[X,0x80001FC0] -> 0x006F
mem[X,0x80001FC2] -> 0x00C0
[416] [M]: 0x80001FC0 (0x00C0006F) jal zero, 12


mem[X,0x80001FCC] -> 0xA223
mem[X,0x80001FCE] -> 0x0420
[417] [M]: 0x80001FCC (0x0420A223) sw sp, 68(ra)
mem[0x8003A1AC] <- 0x00000002


mem[X,0x80001FD0] -> 0x0537
mem[X,0x80001FD2] -> 0x0008
[418] [M]: 0x80001FD0 (0x00080537) lui a0, 128
x10 <- 0x00080000


mem[X,0x80001FD4] -> 0x0593
mem[X,0x80001FD6] -> 0xFEF0
[419] [M]: 0x80001FD4 (0xFEF00593) addi a1, zero, 4079
x11 <- 0xFFFFFFEF


mem[X,0x80001FD8] -> 0x0113
mem[X,0x80001FDA] -> 0x0000
[420] [M]: 0x80001FD8 (0x00000113) addi sp, zero, 0
x2 <- 0x00000000


mem[X,0x80001FDC] -> 0x006F
mem[X,0x80001FDE] -> 0x00C0
[421] [M]: 0x80001FDC (0x00C0006F) jal zero, 12


mem[X,0x80001FE8] -> 0x0663
mem[X,0x80001FEA] -> 0x00B5
[422] [M]: 0x80001FE8 (0x00B50663) beq a0, a1, 12


mem[X,0x80001FEC] -> 0x0113
mem[X,0x80001FEE] -> 0x0021
[423] [M]: 0x80001FEC (0x00210113) addi sp, sp, 2
x2 <- 0x00000002


mem[X,0x80001FF0] -> 0x006F
mem[X,0x80001FF2] -> 0x00C0
[424] [M]: 0x80001FF0 (0x00C0006F) jal zero, 12


mem[X,0x80001FFC] -> 0xA423
mem[X,0x80001FFE] -> 0x0420
[425] [M]: 0x80001FFC (0x0420A423) sw sp, 72(ra)
mem[0x8003A1B0] <- 0x00000002


mem[X,0x80002000] -> 0x0537
mem[X,0x80002002] -> 0xFFFE
[426] [M]: 0x80002000 (0xFFFE0537) lui a0, 1048544
x10 <- 0xFFFE0000


mem[X,0x80002004] -> 0x0513
mem[X,0x80002006] -> 0xFFF5
[427] [M]: 0x80002004 (0xFFF50513) addi a0, a0, 4095
x10 <- 0xFFFDFFFF


mem[X,0x80002008] -> 0x0593
mem[X,0x8000200A] -> 0xFDF0
[428] [M]: 0x80002008 (0xFDF00593) addi a1, zero, 4063
x11 <- 0xFFFFFFDF


mem[X,0x8000200C] -> 0x0113
mem[X,0x8000200E] -> 0x0000
[429] [M]: 0x8000200C (0x00000113) addi sp, zero, 0
x2 <- 0x00000000


mem[X,0x80002010] -> 0x006F
mem[X,0x80002012] -> 0x0100
[430] [M]: 0x80002010 (0x0100006F) jal zero, 16


mem[X,0x80002020] -> 0x0AE3
mem[X,0x80002022] -> 0xFEB5
[431] [M]: 0x80002020 (0xFEB50AE3) beq a0, a1, 8180


mem[X,0x80002024] -> 0x0113
mem[X,0x80002026] -> 0x0021
[432] [M]: 0x80002024 (0x00210113) addi sp, sp, 2
x2 <- 0x00000002


mem[X,0x80002028] -> 0x006F
mem[X,0x8000202A] -> 0x00C0
[433] [M]: 0x80002028 (0x00C0006F) jal zero, 12


mem[X,0x80002034] -> 0xA623
mem[X,0x80002036] -> 0x0420
[434] [M]: 0x80002034 (0x0420A623) sw sp, 76(ra)
mem[0x8003A1B4] <- 0x00000002


mem[X,0x80002038] -> 0xB537
mem[X,0x8000203A] -> 0xAAAA
[435] [M]: 0x80002038 (0xAAAAB537) lui a0, 699051
x10 <- 0xAAAAB000


mem[X,0x8000203C] -> 0x0513
mem[X,0x8000203E] -> 0xAAA5
[436] [M]: 0x8000203C (0xAAA50513) addi a0, a0, 2730
x10 <- 0xAAAAAAAA


mem[X,0x80002040] -> 0x0593
mem[X,0x80002042] -> 0xFBF0
[437] [M]: 0x80002040 (0xFBF00593) addi a1, zero, 4031
x11 <- 0xFFFFFFBF


mem[X,0x80002044] -> 0x0113
mem[X,0x80002046] -> 0x0000
[438] [M]: 0x80002044 (0x00000113) addi sp, zero, 0
x2 <- 0x00000000


mem[X,0x80002048] -> 0x006F
mem[X,0x8000204A] -> 0x0140
[439] [M]: 0x80002048 (0x0140006F) jal zero, 20


mem[X,0x8000205C] -> 0x08E3
mem[X,0x8000205E] -> 0xFEB5
[440] [M]: 0x8000205C (0xFEB508E3) beq a0, a1, 8176


mem[X,0x80002060] -> 0x0113
mem[X,0x80002062] -> 0x0021
[441] [M]: 0x80002060 (0x00210113) addi sp, sp, 2
x2 <- 0x00000002


mem[X,0x80002064] -> 0x006F
mem[X,0x80002066] -> 0x00C0
[442] [M]: 0x80002064 (0x00C0006F) jal zero, 12


mem[X,0x80002070] -> 0xA823
mem[X,0x80002072] -> 0x0420
[443] [M]: 0x80002070 (0x0420A823) sw sp, 80(ra)
mem[0x8003A1B8] <- 0x00000002


mem[X,0x80002074] -> 0x0537
mem[X,0x80002076] -> 0x0040
[444] [M]: 0x80002074 (0x00400537) lui a0, 1024
x10 <- 0x00400000


mem[X,0x80002078] -> 0x0593
mem[X,0x8000207A] -> 0xF7F0
[445] [M]: 0x80002078 (0xF7F00593) addi a1, zero, 3967
x11 <- 0xFFFFFF7F


mem[X,0x8000207C] -> 0x0113
mem[X,0x8000207E] -> 0x0000
[446] [M]: 0x8000207C (0x00000113) addi sp, zero, 0
x2 <- 0x00000000


mem[X,0x80002080] -> 0x006F
mem[X,0x80002082] -> 0x0100
[447] [M]: 0x80002080 (0x0100006F) jal zero, 16


mem[X,0x80002090] -> 0x0AE3
mem[X,0x80002092] -> 0xFEB5
[448] [M]: 0x80002090 (0xFEB50AE3) beq a0, a1, 8180


mem[X,0x80002094] -> 0x0113
mem[X,0x80002096] -> 0x0021
[449] [M]: 0x80002094 (0x00210113) addi sp, sp, 2
x2 <- 0x00000002


mem[X,0x80002098] -> 0x006F
mem[X,0x8000209A] -> 0x00C0
[450] [M]: 0x80002098 (0x00C0006F) jal zero, 12


mem[X,0x800020A4] -> 0xAA23
mem[X,0x800020A6] -> 0x0420
[451] [M]: 0x800020A4 (0x0420AA23) sw sp, 84(ra)
mem[0x8003A1BC] <- 0x00000002


mem[X,0x800020A8] -> 0xB537
mem[X,0x800020AA] -> 0x0000
[452] [M]: 0x800020A8 (0x0000B537) lui a0, 11
x10 <- 0x0000B000


mem[X,0x800020AC] -> 0x0513
mem[X,0x800020AE] -> 0x5045
[453] [M]: 0x800020AC (0x50450513) addi a0, a0, 1284
x10 <- 0x0000B504


mem[X,0x800020B0] -> 0x0593
mem[X,0x800020B2] -> 0xEFF0
[454] [M]: 0x800020B0 (0xEFF00593) addi a1, zero, 3839
x11 <- 0xFFFFFEFF


mem[X,0x800020B4] -> 0x0113
mem[X,0x800020B6] -> 0x0000
[455] [M]: 0x800020B4 (0x00000113) addi sp, zero, 0
x2 <- 0x00000000


mem[X,0x800020B8] -> 0x006F
mem[X,0x800020BA] -> 0x00C0
[456] [M]: 0x800020B8 (0x00C0006F) jal zero, 12


mem[X,0x800020C4] -> 0x0663
mem[X,0x800020C6] -> 0x00B5
[457] [M]: 0x800020C4 (0x00B50663) beq a0, a1, 12


mem[X,0x800020C8] -> 0x0113
mem[X,0x800020CA] -> 0x0021
[458] [M]: 0x800020C8 (0x00210113) addi sp, sp, 2
x2 <- 0x00000002


mem[X,0x800020CC] -> 0x006F
mem[X,0x800020CE] -> 0x00C0
[459] [M]: 0x800020CC (0x00C0006F) jal zero, 12


mem[X,0x800020D8] -> 0xAC23
mem[X,0x800020DA] -> 0x0420
[460] [M]: 0x800020D8 (0x0420AC23) sw sp, 88(ra)
mem[0x8003A1C0] <- 0x00000002


mem[X,0x800020DC] -> 0x0513
mem[X,0x800020DE] -> 0xEFF0
[461] [M]: 0x800020DC (0xEFF00513) addi a0, zero, 3839
x10 <- 0xFFFFFEFF


mem[X,0x800020E0] -> 0xF5B7
mem[X,0x800020E2] -> 0xFFFF
[462] [M]: 0x800020E0 (0xFFFFF5B7) lui a1, 1048575
x11 <- 0xFFFFF000


mem[X,0x800020E4] -> 0x8593
mem[X,0x800020E6] -> 0x7FF5
[463] [M]: 0x800020E4 (0x7FF58593) addi a1, a1, 2047
x11 <- 0xFFFFF7FF


mem[X,0x800020E8] -> 0x0113
mem[X,0x800020EA] -> 0x0000
[464] [M]: 0x800020E8 (0x00000113) addi sp, zero, 0
x2 <- 0x00000000


mem[X,0x800020EC] -> 0x006F
mem[X,0x800020EE] -> 0x0050
[465] [M]: 0x800020EC (0x0050006F) jal zero, 2052


mem[X,0x800028F0] -> 0x00E3
mem[X,0x800028F2] -> 0x80B5
[466] [M]: 0x800028F0 (0x80B500E3) beq a0, a1, 6144


mem[X,0x800028F4] -> 0x0113
mem[X,0x800028F6] -> 0x0021
[467] [M]: 0x800028F4 (0x00210113) addi sp, sp, 2
x2 <- 0x00000002


mem[X,0x800028F8] -> 0x006F
mem[X,0x800028FA] -> 0x00C0
[468] [M]: 0x800028F8 (0x00C0006F) jal zero, 12


mem[X,0x80002904] -> 0xAE23
mem[X,0x80002906] -> 0x0420
[469] [M]: 0x80002904 (0x0420AE23) sw sp, 92(ra)
mem[0x8003A1C4] <- 0x00000002


mem[X,0x80002908] -> 0x5537
mem[X,0x8000290A] -> 0xFFFF
[470] [M]: 0x80002908 (0xFFFF5537) lui a0, 1048565
x10 <- 0xFFFF5000


mem[X,0x8000290C] -> 0x0513
mem[X,0x8000290E] -> 0xAFC5
[471] [M]: 0x8000290C (0xAFC50513) addi a0, a0, 2812
x10 <- 0xFFFF4AFC


mem[X,0x80002910] -> 0xF5B7
mem[X,0x80002912] -> 0xFFFF
[472] [M]: 0x80002910 (0xFFFFF5B7) lui a1, 1048575
x11 <- 0xFFFFF000


mem[X,0x80002914] -> 0x8593
mem[X,0x80002916] -> 0xFFF5
[473] [M]: 0x80002914 (0xFFF58593) addi a1, a1, 4095
x11 <- 0xFFFFEFFF


mem[X,0x80002918] -> 0x0113
mem[X,0x8000291A] -> 0x0000
[474] [M]: 0x80002918 (0x00000113) addi sp, zero, 0
x2 <- 0x00000000


mem[X,0x8000291C] -> 0x006F
mem[X,0x8000291E] -> 0x0180
[475] [M]: 0x8000291C (0x0180006F) jal zero, 24


mem[X,0x80002934] -> 0x06E3
mem[X,0x80002936] -> 0xFEB5
[476] [M]: 0x80002934 (0xFEB506E3) beq a0, a1, 8172


mem[X,0x80002938] -> 0x0113
mem[X,0x8000293A] -> 0x0021
[477] [M]: 0x80002938 (0x00210113) addi sp, sp, 2
x2 <- 0x00000002


mem[X,0x8000293C] -> 0x006F
mem[X,0x8000293E] -> 0x00C0
[478] [M]: 0x8000293C (0x00C0006F) jal zero, 12


mem[X,0x80002948] -> 0xA023
mem[X,0x8000294A] -> 0x0620
[479] [M]: 0x80002948 (0x0620A023) sw sp, 96(ra)
mem[0x8003A1C8] <- 0x00000002


mem[X,0x8000294C] -> 0x0513
mem[X,0x8000294E] -> 0xFF60
[480] [M]: 0x8000294C (0xFF600513) addi a0, zero, 4086
x10 <- 0xFFFFFFF6


mem[X,0x80002950] -> 0xE5B7
mem[X,0x80002952] -> 0xFFFF
[481] [M]: 0x80002950 (0xFFFFE5B7) lui a1, 1048574
x11 <- 0xFFFFE000


mem[X,0x80002954] -> 0x8593
mem[X,0x80002956] -> 0xFFF5
[482] [M]: 0x80002954 (0xFFF58593) addi a1, a1, 4095
x11 <- 0xFFFFDFFF


mem[X,0x80002958] -> 0x0113
mem[X,0x8000295A] -> 0x0000
[483] [M]: 0x80002958 (0x00000113) addi sp, zero, 0
x2 <- 0x00000000


mem[X,0x8000295C] -> 0x006F
mem[X,0x8000295E] -> 0x2B10
[484] [M]: 0x8000295C (0x2B10006F) jal zero, 2736


mem[X,0x8000340C] -> 0x0A63
mem[X,0x8000340E] -> 0xD4B5
[485] [M]: 0x8000340C (0xD4B50A63) beq a0, a1, 5460


mem[X,0x80003410] -> 0x0113
mem[X,0x80003412] -> 0x0021
[486] [M]: 0x80003410 (0x00210113) addi sp, sp, 2
x2 <- 0x00000002


mem[X,0x80003414] -> 0x006F
mem[X,0x80003416] -> 0x00C0
[487] [M]: 0x80003414 (0x00C0006F) jal zero, 12


mem[X,0x80003420] -> 0xA223
mem[X,0x80003422] -> 0x0620
[488] [M]: 0x80003420 (0x0620A223) sw sp, 100(ra)
mem[0x8003A1CC] <- 0x00000002


mem[X,0x80003424] -> 0x1537
mem[X,0x80003426] -> 0x0000
[489] [M]: 0x80003424 (0x00001537) lui a0, 1
x10 <- 0x00001000


mem[X,0x80003428] -> 0x0513
mem[X,0x8000342A] -> 0x8005
[490] [M]: 0x80003428 (0x80050513) addi a0, a0, 2048
x10 <- 0x00000800


mem[X,0x8000342C] -> 0xC5B7
mem[X,0x8000342E] -> 0xFFFF
[491] [M]: 0x8000342C (0xFFFFC5B7) lui a1, 1048572
x11 <- 0xFFFFC000


mem[X,0x80003430] -> 0x8593
mem[X,0x80003432] -> 0xFFF5
[492] [M]: 0x80003430 (0xFFF58593) addi a1, a1, 4095
x11 <- 0xFFFFBFFF


mem[X,0x80003434] -> 0x0113
mem[X,0x80003436] -> 0x0000
[493] [M]: 0x80003434 (0x00000113) addi sp, zero, 0
x2 <- 0x00000000


mem[X,0x80003438] -> 0x006F
mem[X,0x8000343A] -> 0x0180
[494] [M]: 0x80003438 (0x0180006F) jal zero, 24


mem[X,0x80003450] -> 0x06E3
mem[X,0x80003452] -> 0xFEB5
[495] [M]: 0x80003450 (0xFEB506E3) beq a0, a1, 8172


mem[X,0x80003454] -> 0x0113
mem[X,0x80003456] -> 0x0021
[496] [M]: 0x80003454 (0x00210113) addi sp, sp, 2
x2 <- 0x00000002


mem[X,0x80003458] -> 0x006F
mem[X,0x8000345A] -> 0x00C0
[497] [M]: 0x80003458 (0x00C0006F) jal zero, 12


mem[X,0x80003464] -> 0xA423
mem[X,0x80003466] -> 0x0620
[498] [M]: 0x80003464 (0x0620A423) sw sp, 104(ra)
mem[0x8003A1D0] <- 0x00000002


mem[X,0x80003468] -> 0x0537
mem[X,0x8000346A] -> 0x8000
[499] [M]: 0x80003468 (0x80000537) lui a0, 524288
x10 <- 0x80000000


clint::tick mtime <- 0x0000000000000005
 clint timer pending at mtime 0x0000000000000005
htif::tick 0x0000000000000000
mem[X,0x8000346C] -> 0x85B7
mem[X,0x8000346E] -> 0xFFFF
[500] [M]: 0x8000346C (0xFFFF85B7) lui a1, 1048568
x11 <- 0xFFFF8000


mem[X,0x80003470] -> 0x8593
mem[X,0x80003472] -> 0xFFF5
[501] [M]: 0x80003470 (0xFFF58593) addi a1, a1, 4095
x11 <- 0xFFFF7FFF


mem[X,0x80003474] -> 0x0113
mem[X,0x80003476] -> 0x0000
[502] [M]: 0x80003474 (0x00000113) addi sp, zero, 0
x2 <- 0x00000000


mem[X,0x80003478] -> 0x006F
mem[X,0x8000347A] -> 0x00C0
[503] [M]: 0x80003478 (0x00C0006F) jal zero, 12


mem[X,0x80003484] -> 0x0863
mem[X,0x80003486] -> 0x00B5
[504] [M]: 0x80003484 (0x00B50863) beq a0, a1, 16


mem[X,0x80003488] -> 0x0113
mem[X,0x8000348A] -> 0x0021
[505] [M]: 0x80003488 (0x00210113) addi sp, sp, 2
x2 <- 0x00000002


mem[X,0x8000348C] -> 0x006F
mem[X,0x8000348E] -> 0x0100
[506] [M]: 0x8000348C (0x0100006F) jal zero, 16


mem[X,0x8000349C] -> 0xA623
mem[X,0x8000349E] -> 0x0620
[507] [M]: 0x8000349C (0x0620A623) sw sp, 108(ra)
mem[0x8003A1D4] <- 0x00000002


mem[X,0x800034A0] -> 0xF537
mem[X,0x800034A2] -> 0xFFFF
[508] [M]: 0x800034A0 (0xFFFFF537) lui a0, 1048575
x10 <- 0xFFFFF000


mem[X,0x800034A4] -> 0x0513
mem[X,0x800034A6] -> 0xFFF5
[509] [M]: 0x800034A4 (0xFFF50513) addi a0, a0, 4095
x10 <- 0xFFFFEFFF


mem[X,0x800034A8] -> 0x05B7
mem[X,0x800034AA] -> 0xFFFF
[510] [M]: 0x800034A8 (0xFFFF05B7) lui a1, 1048560
x11 <- 0xFFFF0000


mem[X,0x800034AC] -> 0x8593
mem[X,0x800034AE] -> 0xFFF5
[511] [M]: 0x800034AC (0xFFF58593) addi a1, a1, 4095
x11 <- 0xFFFEFFFF


mem[X,0x800034B0] -> 0x0113
mem[X,0x800034B2] -> 0x0000
[512] [M]: 0x800034B0 (0x00000113) addi sp, zero, 0
x2 <- 0x00000000


mem[X,0x800034B4] -> 0x006F
mem[X,0x800034B6] -> 0x0140
[513] [M]: 0x800034B4 (0x0140006F) jal zero, 20


mem[X,0x800034C8] -> 0x08E3
mem[X,0x800034CA] -> 0xFEB5
[514] [M]: 0x800034C8 (0xFEB508E3) beq a0, a1, 8176


mem[X,0x800034CC] -> 0x0113
mem[X,0x800034CE] -> 0x0021
[515] [M]: 0x800034CC (0x00210113) addi sp, sp, 2
x2 <- 0x00000002


mem[X,0x800034D0] -> 0x006F
mem[X,0x800034D2] -> 0x00C0
[516] [M]: 0x800034D0 (0x00C0006F) jal zero, 12


mem[X,0x800034DC] -> 0xA823
mem[X,0x800034DE] -> 0x0620
[517] [M]: 0x800034DC (0x0620A823) sw sp, 112(ra)
mem[0x8003A1D8] <- 0x00000002


mem[X,0x800034E0] -> 0x0513
mem[X,0x800034E2] -> 0x0000
[518] [M]: 0x800034E0 (0x00000513) addi a0, zero, 0
x10 <- 0x00000000


mem[X,0x800034E4] -> 0x05B7
mem[X,0x800034E6] -> 0xFFFE
[519] [M]: 0x800034E4 (0xFFFE05B7) lui a1, 1048544
x11 <- 0xFFFE0000


mem[X,0x800034E8] -> 0x8593
mem[X,0x800034EA] -> 0xFFF5
[520] [M]: 0x800034E8 (0xFFF58593) addi a1, a1, 4095
x11 <- 0xFFFDFFFF


mem[X,0x800034EC] -> 0x0113
mem[X,0x800034EE] -> 0x0000
[521] [M]: 0x800034EC (0x00000113) addi sp, zero, 0
x2 <- 0x00000000


mem[X,0x800034F0] -> 0x006F
mem[X,0x800034F2] -> 0x00C0
[522] [M]: 0x800034F0 (0x00C0006F) jal zero, 12


mem[X,0x800034FC] -> 0x0063
mem[X,0x800034FE] -> 0x04B5
[523] [M]: 0x800034FC (0x04B50063) beq a0, a1, 64


mem[X,0x80003500] -> 0x0113
mem[X,0x80003502] -> 0x0021
[524] [M]: 0x80003500 (0x00210113) addi sp, sp, 2
x2 <- 0x00000002


mem[X,0x80003504] -> 0x006F
mem[X,0x80003506] -> 0x0400
[525] [M]: 0x80003504 (0x0400006F) jal zero, 64


mem[X,0x80003544] -> 0xAA23
mem[X,0x80003546] -> 0x0620
[526] [M]: 0x80003544 (0x0620AA23) sw sp, 116(ra)
mem[0x8003A1DC] <- 0x00000002


mem[X,0x80003548] -> 0x0513
mem[X,0x8000354A] -> 0xFEF0
[527] [M]: 0x80003548 (0xFEF00513) addi a0, zero, 4079
x10 <- 0xFFFFFFEF


mem[X,0x8000354C] -> 0x05B7
mem[X,0x8000354E] -> 0xFFFC
[528] [M]: 0x8000354C (0xFFFC05B7) lui a1, 1048512
x11 <- 0xFFFC0000


mem[X,0x80003550] -> 0x8593
mem[X,0x80003552] -> 0xFFF5
[529] [M]: 0x80003550 (0xFFF58593) addi a1, a1, 4095
x11 <- 0xFFFBFFFF


mem[X,0x80003554] -> 0x0113
mem[X,0x80003556] -> 0x0000
[530] [M]: 0x80003554 (0x00000113) addi sp, zero, 0
x2 <- 0x00000000


mem[X,0x80003558] -> 0x006F
mem[X,0x8000355A] -> 0x00C0
[531] [M]: 0x80003558 (0x00C0006F) jal zero, 12


mem[X,0x80003564] -> 0x0063
mem[X,0x80003566] -> 0x08B5
[532] [M]: 0x80003564 (0x08B50063) beq a0, a1, 128


mem[X,0x80003568] -> 0x0113
mem[X,0x8000356A] -> 0x0021
[533] [M]: 0x80003568 (0x00210113) addi sp, sp, 2
x2 <- 0x00000002


mem[X,0x8000356C] -> 0x006F
mem[X,0x8000356E] -> 0x0800
[534] [M]: 0x8000356C (0x0800006F) jal zero, 128


mem[X,0x800035EC] -> 0xAC23
mem[X,0x800035EE] -> 0x0620
[535] [M]: 0x800035EC (0x0620AC23) sw sp, 120(ra)
mem[0x8003A1E0] <- 0x00000002


mem[X,0x800035F0] -> 0x0513
mem[X,0x800035F2] -> 0xDFF0
[536] [M]: 0x800035F0 (0xDFF00513) addi a0, zero, 3583
x10 <- 0xFFFFFDFF


mem[X,0x800035F4] -> 0x05B7
mem[X,0x800035F6] -> 0xFFF8
[537] [M]: 0x800035F4 (0xFFF805B7) lui a1, 1048448
x11 <- 0xFFF80000


mem[X,0x800035F8] -> 0x8593
mem[X,0x800035FA] -> 0xFFF5
[538] [M]: 0x800035F8 (0xFFF58593) addi a1, a1, 4095
x11 <- 0xFFF7FFFF


mem[X,0x800035FC] -> 0x0113
mem[X,0x800035FE] -> 0x0000
[539] [M]: 0x800035FC (0x00000113) addi sp, zero, 0
x2 <- 0x00000000


mem[X,0x80003600] -> 0x006F
mem[X,0x80003602] -> 0x0180
[540] [M]: 0x80003600 (0x0180006F) jal zero, 24


mem[X,0x80003618] -> 0x06E3
mem[X,0x8000361A] -> 0xFEB5
[541] [M]: 0x80003618 (0xFEB506E3) beq a0, a1, 8172


mem[X,0x8000361C] -> 0x0113
mem[X,0x8000361E] -> 0x0021
[542] [M]: 0x8000361C (0x00210113) addi sp, sp, 2
x2 <- 0x00000002


mem[X,0x80003620] -> 0x006F
mem[X,0x80003622] -> 0x00C0
[543] [M]: 0x80003620 (0x00C0006F) jal zero, 12


mem[X,0x8000362C] -> 0xAE23
mem[X,0x8000362E] -> 0x0620
[544] [M]: 0x8000362C (0x0620AE23) sw sp, 124(ra)
mem[0x8003A1E4] <- 0x00000002


mem[X,0x80003630] -> 0xF537
mem[X,0x80003632] -> 0xFFFF
[545] [M]: 0x80003630 (0xFFFFF537) lui a0, 1048575
x10 <- 0xFFFFF000


mem[X,0x80003634] -> 0x0513
mem[X,0x80003636] -> 0x7FF5
[546] [M]: 0x80003634 (0x7FF50513) addi a0, a0, 2047
x10 <- 0xFFFFF7FF


mem[X,0x80003638] -> 0x05B7
mem[X,0x8000363A] -> 0xFFF0
[547] [M]: 0x80003638 (0xFFF005B7) lui a1, 1048320
x11 <- 0xFFF00000


mem[X,0x8000363C] -> 0x8593
mem[X,0x8000363E] -> 0xFFF5
[548] [M]: 0x8000363C (0xFFF58593) addi a1, a1, 4095
x11 <- 0xFFEFFFFF


mem[X,0x80003640] -> 0x0113
mem[X,0x80003642] -> 0x0000
[549] [M]: 0x80003640 (0x00000113) addi sp, zero, 0
x2 <- 0x00000000


mem[X,0x80003644] -> 0x006F
mem[X,0x80003646] -> 0x2B10
[550] [M]: 0x80003644 (0x2B10006F) jal zero, 2736


mem[X,0x800040F4] -> 0x0A63
mem[X,0x800040F6] -> 0xD4B5
[551] [M]: 0x800040F4 (0xD4B50A63) beq a0, a1, 5460


mem[X,0x800040F8] -> 0x0113
mem[X,0x800040FA] -> 0x0021
[552] [M]: 0x800040F8 (0x00210113) addi sp, sp, 2
x2 <- 0x00000002


mem[X,0x800040FC] -> 0x006F
mem[X,0x800040FE] -> 0x00C0
[553] [M]: 0x800040FC (0x00C0006F) jal zero, 12


mem[X,0x80004108] -> 0xA023
mem[X,0x8000410A] -> 0x0820
[554] [M]: 0x80004108 (0x0820A023) sw sp, 128(ra)
mem[0x8003A1E8] <- 0x00000002


mem[X,0x8000410C] -> 0x6537
mem[X,0x8000410E] -> 0x6666
[555] [M]: 0x8000410C (0x66666537) lui a0, 419430
x10 <- 0x66666000


mem[X,0x80004110] -> 0x0513
mem[X,0x80004112] -> 0x6665
[556] [M]: 0x80004110 (0x66650513) addi a0, a0, 1638
x10 <- 0x66666666


mem[X,0x80004114] -> 0x05B7
mem[X,0x80004116] -> 0xFFE0
[557] [M]: 0x80004114 (0xFFE005B7) lui a1, 1048064
x11 <- 0xFFE00000


mem[X,0x80004118] -> 0x8593
mem[X,0x8000411A] -> 0xFFF5
[558] [M]: 0x80004118 (0xFFF58593) addi a1, a1, 4095
x11 <- 0xFFDFFFFF


mem[X,0x8000411C] -> 0x0113
mem[X,0x8000411E] -> 0x0000
[559] [M]: 0x8000411C (0x00000113) addi sp, zero, 0
x2 <- 0x00000000


mem[X,0x80004120] -> 0x006F
mem[X,0x80004122] -> 0x00C0
[560] [M]: 0x80004120 (0x00C0006F) jal zero, 12


mem[X,0x8000412C] -> 0x0663
mem[X,0x8000412E] -> 0x00B5
[561] [M]: 0x8000412C (0x00B50663) beq a0, a1, 12


mem[X,0x80004130] -> 0x0113
mem[X,0x80004132] -> 0x0021
[562] [M]: 0x80004130 (0x00210113) addi sp, sp, 2
x2 <- 0x00000002


mem[X,0x80004134] -> 0x006F
mem[X,0x80004136] -> 0x00C0
[563] [M]: 0x80004134 (0x00C0006F) jal zero, 12


mem[X,0x80004140] -> 0xA223
mem[X,0x80004142] -> 0x0820
[564] [M]: 0x80004140 (0x0820A223) sw sp, 132(ra)
mem[0x8003A1EC] <- 0x00000002


mem[X,0x80004144] -> 0xB537
mem[X,0x80004146] -> 0x0000
[565] [M]: 0x80004144 (0x0000B537) lui a0, 11
x10 <- 0x0000B000


mem[X,0x80004148] -> 0x0513
mem[X,0x8000414A] -> 0x5045
[566] [M]: 0x80004148 (0x50450513) addi a0, a0, 1284
x10 <- 0x0000B504


mem[X,0x8000414C] -> 0x05B7
mem[X,0x8000414E] -> 0xFFC0
[567] [M]: 0x8000414C (0xFFC005B7) lui a1, 1047552
x11 <- 0xFFC00000


mem[X,0x80004150] -> 0x8593
mem[X,0x80004152] -> 0xFFF5
[568] [M]: 0x80004150 (0xFFF58593) addi a1, a1, 4095
x11 <- 0xFFBFFFFF


mem[X,0x80004154] -> 0x0113
mem[X,0x80004156] -> 0x0000
[569] [M]: 0x80004154 (0x00000113) addi sp, zero, 0
x2 <- 0x00000000


mem[X,0x80004158] -> 0x006F
mem[X,0x8000415A] -> 0x00C0
[570] [M]: 0x80004158 (0x00C0006F) jal zero, 12


mem[X,0x80004164] -> 0x0863
mem[X,0x80004166] -> 0x00B5
[571] [M]: 0x80004164 (0x00B50863) beq a0, a1, 16


mem[X,0x80004168] -> 0x0113
mem[X,0x8000416A] -> 0x0021
[572] [M]: 0x80004168 (0x00210113) addi sp, sp, 2
x2 <- 0x00000002


mem[X,0x8000416C] -> 0x006F
mem[X,0x8000416E] -> 0x0100
[573] [M]: 0x8000416C (0x0100006F) jal zero, 16


mem[X,0x8000417C] -> 0xA423
mem[X,0x8000417E] -> 0x0820
[574] [M]: 0x8000417C (0x0820A423) sw sp, 136(ra)
mem[0x8003A1F0] <- 0x00000002


mem[X,0x80004180] -> 0x0513
mem[X,0x80004182] -> 0xFFE0
[575] [M]: 0x80004180 (0xFFE00513) addi a0, zero, 4094
x10 <- 0xFFFFFFFE


mem[X,0x80004184] -> 0x05B7
mem[X,0x80004186] -> 0xFF80
[576] [M]: 0x80004184 (0xFF8005B7) lui a1, 1046528
x11 <- 0xFF800000


mem[X,0x80004188] -> 0x8593
mem[X,0x8000418A] -> 0xFFF5
[577] [M]: 0x80004188 (0xFFF58593) addi a1, a1, 4095
x11 <- 0xFF7FFFFF


mem[X,0x8000418C] -> 0x0113
mem[X,0x8000418E] -> 0x0000
[578] [M]: 0x8000418C (0x00000113) addi sp, zero, 0
x2 <- 0x00000000


mem[X,0x80004190] -> 0x006F
mem[X,0x80004192] -> 0x00C0
[579] [M]: 0x80004190 (0x00C0006F) jal zero, 12


mem[X,0x8000419C] -> 0x0063
mem[X,0x8000419E] -> 0x08B5
[580] [M]: 0x8000419C (0x08B50063) beq a0, a1, 128


mem[X,0x800041A0] -> 0x0113
mem[X,0x800041A2] -> 0x0021
[581] [M]: 0x800041A0 (0x00210113) addi sp, sp, 2
x2 <- 0x00000002


mem[X,0x800041A4] -> 0x006F
mem[X,0x800041A6] -> 0x0800
[582] [M]: 0x800041A4 (0x0800006F) jal zero, 128


mem[X,0x80004224] -> 0xA623
mem[X,0x80004226] -> 0x0820
[583] [M]: 0x80004224 (0x0820A623) sw sp, 140(ra)
mem[0x8003A1F4] <- 0x00000002


mem[X,0x80004228] -> 0xB537
mem[X,0x8000422A] -> 0xAAAA
[584] [M]: 0x80004228 (0xAAAAB537) lui a0, 699051
x10 <- 0xAAAAB000


mem[X,0x8000422C] -> 0x0513
mem[X,0x8000422E] -> 0xAAA5
[585] [M]: 0x8000422C (0xAAA50513) addi a0, a0, 2730
x10 <- 0xAAAAAAAA


mem[X,0x80004230] -> 0x05B7
mem[X,0x80004232] -> 0xFF00
[586] [M]: 0x80004230 (0xFF0005B7) lui a1, 1044480
x11 <- 0xFF000000


mem[X,0x80004234] -> 0x8593
mem[X,0x80004236] -> 0xFFF5
[587] [M]: 0x80004234 (0xFFF58593) addi a1, a1, 4095
x11 <- 0xFEFFFFFF


mem[X,0x80004238] -> 0x0113
mem[X,0x8000423A] -> 0x0000
[588] [M]: 0x80004238 (0x00000113) addi sp, zero, 0
x2 <- 0x00000000


mem[X,0x8000423C] -> 0x006F
mem[X,0x8000423E] -> 0x0050
[589] [M]: 0x8000423C (0x0050006F) jal zero, 2052


mem[X,0x80004A40] -> 0x00E3
mem[X,0x80004A42] -> 0x80B5
[590] [M]: 0x80004A40 (0x80B500E3) beq a0, a1, 6144


mem[X,0x80004A44] -> 0x0113
mem[X,0x80004A46] -> 0x0021
[591] [M]: 0x80004A44 (0x00210113) addi sp, sp, 2
x2 <- 0x00000002


mem[X,0x80004A48] -> 0x006F
mem[X,0x80004A4A] -> 0x00C0
[592] [M]: 0x80004A48 (0x00C0006F) jal zero, 12


mem[X,0x80004A54] -> 0xA823
mem[X,0x80004A56] -> 0x0820
[593] [M]: 0x80004A54 (0x0820A823) sw sp, 144(ra)
mem[0x8003A1F8] <- 0x00000002


mem[X,0x80004A58] -> 0x0513
mem[X,0x80004A5A] -> 0x0090
[594] [M]: 0x80004A58 (0x00900513) addi a0, zero, 9
x10 <- 0x00000009


mem[X,0x80004A5C] -> 0x05B7
mem[X,0x80004A5E] -> 0xFE00
[595] [M]: 0x80004A5C (0xFE0005B7) lui a1, 1040384
x11 <- 0xFE000000


mem[X,0x80004A60] -> 0x8593
mem[X,0x80004A62] -> 0xFFF5
[596] [M]: 0x80004A60 (0xFFF58593) addi a1, a1, 4095
x11 <- 0xFDFFFFFF


mem[X,0x80004A64] -> 0x0113
mem[X,0x80004A66] -> 0x0000
[597] [M]: 0x80004A64 (0x00000113) addi sp, zero, 0
x2 <- 0x00000000


mem[X,0x80004A68] -> 0x006F
mem[X,0x80004A6A] -> 0x00C0
[598] [M]: 0x80004A68 (0x00C0006F) jal zero, 12


mem[X,0x80004A74] -> 0x0CE3
mem[X,0x80004A76] -> 0xFEB5
[599] [M]: 0x80004A74 (0xFEB50CE3) beq a0, a1, 8184


clint::tick mtime <- 0x0000000000000006
 clint timer pending at mtime 0x0000000000000006
htif::tick 0x0000000000000000
mem[X,0x80004A78] -> 0x0113
mem[X,0x80004A7A] -> 0x0021
[600] [M]: 0x80004A78 (0x00210113) addi sp, sp, 2
x2 <- 0x00000002


mem[X,0x80004A7C] -> 0x006F
mem[X,0x80004A7E] -> 0x00C0
[601] [M]: 0x80004A7C (0x00C0006F) jal zero, 12


mem[X,0x80004A88] -> 0xAA23
mem[X,0x80004A8A] -> 0x0820
[602] [M]: 0x80004A88 (0x0820AA23) sw sp, 148(ra)
mem[0x8003A1FC] <- 0x00000002


mem[X,0x80004A8C] -> 0x0513
mem[X,0x80004A8E] -> 0x4000
[603] [M]: 0x80004A8C (0x40000513) addi a0, zero, 1024
x10 <- 0x00000400


mem[X,0x80004A90] -> 0x05B7
mem[X,0x80004A92] -> 0xFC00
[604] [M]: 0x80004A90 (0xFC0005B7) lui a1, 1032192
x11 <- 0xFC000000


mem[X,0x80004A94] -> 0x8593
mem[X,0x80004A96] -> 0xFFF5
[605] [M]: 0x80004A94 (0xFFF58593) addi a1, a1, 4095
x11 <- 0xFBFFFFFF


mem[X,0x80004A98] -> 0x0113
mem[X,0x80004A9A] -> 0x0000
[606] [M]: 0x80004A98 (0x00000113) addi sp, zero, 0
x2 <- 0x00000000


mem[X,0x80004A9C] -> 0x006F
mem[X,0x80004A9E] -> 0x00C0
[607] [M]: 0x80004A9C (0x00C0006F) jal zero, 12


mem[X,0x80004AA8] -> 0x0663
mem[X,0x80004AAA] -> 0x00B5
[608] [M]: 0x80004AA8 (0x00B50663) beq a0, a1, 12


mem[X,0x80004AAC] -> 0x0113
mem[X,0x80004AAE] -> 0x0021
[609] [M]: 0x80004AAC (0x00210113) addi sp, sp, 2
x2 <- 0x00000002


mem[X,0x80004AB0] -> 0x006F
mem[X,0x80004AB2] -> 0x00C0
[610] [M]: 0x80004AB0 (0x00C0006F) jal zero, 12


mem[X,0x80004ABC] -> 0xAC23
mem[X,0x80004ABE] -> 0x0820
[611] [M]: 0x80004ABC (0x0820AC23) sw sp, 152(ra)
mem[0x8003A200] <- 0x00000002


mem[X,0x80004AC0] -> 0x0513
mem[X,0x80004AC2] -> 0xFFD0
[612] [M]: 0x80004AC0 (0xFFD00513) addi a0, zero, 4093
x10 <- 0xFFFFFFFD


mem[X,0x80004AC4] -> 0x05B7
mem[X,0x80004AC6] -> 0xF800
[613] [M]: 0x80004AC4 (0xF80005B7) lui a1, 1015808
x11 <- 0xF8000000


mem[X,0x80004AC8] -> 0x8593
mem[X,0x80004ACA] -> 0xFFF5
[614] [M]: 0x80004AC8 (0xFFF58593) addi a1, a1, 4095
x11 <- 0xF7FFFFFF


mem[X,0x80004ACC] -> 0x0113
mem[X,0x80004ACE] -> 0x0000
[615] [M]: 0x80004ACC (0x00000113) addi sp, zero, 0
x2 <- 0x00000000


mem[X,0x80004AD0] -> 0x006F
mem[X,0x80004AD2] -> 0x0050
[616] [M]: 0x80004AD0 (0x0050006F) jal zero, 2052


mem[X,0x800052D4] -> 0x00E3
mem[X,0x800052D6] -> 0x80B5
[617] [M]: 0x800052D4 (0x80B500E3) beq a0, a1, 6144


mem[X,0x800052D8] -> 0x0113
mem[X,0x800052DA] -> 0x0021
[618] [M]: 0x800052D8 (0x00210113) addi sp, sp, 2
x2 <- 0x00000002


mem[X,0x800052DC] -> 0x006F
mem[X,0x800052DE] -> 0x00C0
[619] [M]: 0x800052DC (0x00C0006F) jal zero, 12


mem[X,0x800052E8] -> 0xAE23
mem[X,0x800052EA] -> 0x0820
[620] [M]: 0x800052E8 (0x0820AE23) sw sp, 156(ra)
mem[0x8003A204] <- 0x00000002


mem[X,0x800052EC] -> 0x0513
mem[X,0x800052EE] -> 0xFFF0
[621] [M]: 0x800052EC (0xFFF00513) addi a0, zero, 4095
x10 <- 0xFFFFFFFF


mem[X,0x800052F0] -> 0x05B7
mem[X,0x800052F2] -> 0xF000
[622] [M]: 0x800052F0 (0xF00005B7) lui a1, 983040
x11 <- 0xF0000000


mem[X,0x800052F4] -> 0x8593
mem[X,0x800052F6] -> 0xFFF5
[623] [M]: 0x800052F4 (0xFFF58593) addi a1, a1, 4095
x11 <- 0xEFFFFFFF


mem[X,0x800052F8] -> 0x0113
mem[X,0x800052FA] -> 0x0000
[624] [M]: 0x800052F8 (0x00000113) addi sp, zero, 0
x2 <- 0x00000000


mem[X,0x800052FC] -> 0x006F
mem[X,0x800052FE] -> 0x0180
[625] [M]: 0x800052FC (0x0180006F) jal zero, 24


mem[X,0x80005314] -> 0x06E3
mem[X,0x80005316] -> 0xFEB5
[626] [M]: 0x80005314 (0xFEB506E3) beq a0, a1, 8172


mem[X,0x80005318] -> 0x0113
mem[X,0x8000531A] -> 0x0021
[627] [M]: 0x80005318 (0x00210113) addi sp, sp, 2
x2 <- 0x00000002


mem[X,0x8000531C] -> 0x006F
mem[X,0x8000531E] -> 0x00C0
[628] [M]: 0x8000531C (0x00C0006F) jal zero, 12


mem[X,0x80005328] -> 0xA023
mem[X,0x8000532A] -> 0x0A20
[629] [M]: 0x80005328 (0x0A20A023) sw sp, 160(ra)
mem[0x8003A208] <- 0x00000002


mem[X,0x8000532C] -> 0x2537
mem[X,0x8000532E] -> 0x0000
[630] [M]: 0x8000532C (0x00002537) lui a0, 2
x10 <- 0x00002000


mem[X,0x80005330] -> 0x05B7
mem[X,0x80005332] -> 0xE000
[631] [M]: 0x80005330 (0xE00005B7) lui a1, 917504
x11 <- 0xE0000000


mem[X,0x80005334] -> 0x8593
mem[X,0x80005336] -> 0xFFF5
[632] [M]: 0x80005334 (0xFFF58593) addi a1, a1, 4095
x11 <- 0xDFFFFFFF


mem[X,0x80005338] -> 0x0113
mem[X,0x8000533A] -> 0x0000
[633] [M]: 0x80005338 (0x00000113) addi sp, zero, 0
x2 <- 0x00000000


mem[X,0x8000533C] -> 0x006F
mem[X,0x8000533E] -> 0x00C0
[634] [M]: 0x8000533C (0x00C0006F) jal zero, 12


mem[X,0x80005348] -> 0x0063
mem[X,0x8000534A] -> 0x08B5
[635] [M]: 0x80005348 (0x08B50063) beq a0, a1, 128


mem[X,0x8000534C] -> 0x0113
mem[X,0x8000534E] -> 0x0021
[636] [M]: 0x8000534C (0x00210113) addi sp, sp, 2
x2 <- 0x00000002


mem[X,0x80005350] -> 0x006F
mem[X,0x80005352] -> 0x0800
[637] [M]: 0x80005350 (0x0800006F) jal zero, 128


mem[X,0x800053D0] -> 0xA223
mem[X,0x800053D2] -> 0x0A20
[638] [M]: 0x800053D0 (0x0A20A223) sw sp, 164(ra)
mem[0x8003A20C] <- 0x00000002


mem[X,0x800053D4] -> 0x0513
mem[X,0x800053D6] -> 0x0040
[639] [M]: 0x800053D4 (0x00400513) addi a0, zero, 4
x10 <- 0x00000004


mem[X,0x800053D8] -> 0x05B7
mem[X,0x800053DA] -> 0xC000
[640] [M]: 0x800053D8 (0xC00005B7) lui a1, 786432
x11 <- 0xC0000000


mem[X,0x800053DC] -> 0x8593
mem[X,0x800053DE] -> 0xFFF5
[641] [M]: 0x800053DC (0xFFF58593) addi a1, a1, 4095
x11 <- 0xBFFFFFFF


mem[X,0x800053E0] -> 0x0113
mem[X,0x800053E2] -> 0x0000
[642] [M]: 0x800053E0 (0x00000113) addi sp, zero, 0
x2 <- 0x00000000


mem[X,0x800053E4] -> 0x006F
mem[X,0x800053E6] -> 0x00C0
[643] [M]: 0x800053E4 (0x00C0006F) jal zero, 12


mem[X,0x800053F0] -> 0x0663
mem[X,0x800053F2] -> 0x00B5
[644] [M]: 0x800053F0 (0x00B50663) beq a0, a1, 12


mem[X,0x800053F4] -> 0x0113
mem[X,0x800053F6] -> 0x0021
[645] [M]: 0x800053F4 (0x00210113) addi sp, sp, 2
x2 <- 0x00000002


mem[X,0x800053F8] -> 0x006F
mem[X,0x800053FA] -> 0x00C0
[646] [M]: 0x800053F8 (0x00C0006F) jal zero, 12


mem[X,0x80005404] -> 0xA423
mem[X,0x80005406] -> 0x0A20
[647] [M]: 0x80005404 (0x0A20A423) sw sp, 168(ra)
mem[0x8003A210] <- 0x00000002


mem[X,0x80005408] -> 0x0537
mem[X,0x8000540A] -> 0xFE00
[648] [M]: 0x80005408 (0xFE000537) lui a0, 1040384
x10 <- 0xFE000000


mem[X,0x8000540C] -> 0x0513
mem[X,0x8000540E] -> 0xFFF5
[649] [M]: 0x8000540C (0xFFF50513) addi a0, a0, 4095
x10 <- 0xFDFFFFFF


mem[X,0x80005410] -> 0x05B7
mem[X,0x80005412] -> 0x8000
[650] [M]: 0x80005410 (0x800005B7) lui a1, 524288
x11 <- 0x80000000


mem[X,0x80005414] -> 0x8593
mem[X,0x80005416] -> 0xFFF5
[651] [M]: 0x80005414 (0xFFF58593) addi a1, a1, 4095
x11 <- 0x7FFFFFFF


mem[X,0x80005418] -> 0x0113
mem[X,0x8000541A] -> 0x0000
[652] [M]: 0x80005418 (0x00000113) addi sp, zero, 0
x2 <- 0x00000000


mem[X,0x8000541C] -> 0x006F
mem[X,0x8000541E] -> 0x00C0
[653] [M]: 0x8000541C (0x00C0006F) jal zero, 12


mem[X,0x80005428] -> 0x0663
mem[X,0x8000542A] -> 0x00B5
[654] [M]: 0x80005428 (0x00B50663) beq a0, a1, 12


mem[X,0x8000542C] -> 0x0113
mem[X,0x8000542E] -> 0x0021
[655] [M]: 0x8000542C (0x00210113) addi sp, sp, 2
x2 <- 0x00000002


mem[X,0x80005430] -> 0x006F
mem[X,0x80005432] -> 0x00C0
[656] [M]: 0x80005430 (0x00C0006F) jal zero, 12


mem[X,0x8000543C] -> 0xA623
mem[X,0x8000543E] -> 0x0A20
[657] [M]: 0x8000543C (0x0A20A623) sw sp, 172(ra)
mem[0x8003A214] <- 0x00000002


mem[X,0x80005440] -> 0x0537
mem[X,0x80005442] -> 0x0008
[658] [M]: 0x80005440 (0x00080537) lui a0, 128
x10 <- 0x00080000


mem[X,0x80005444] -> 0x55B7
mem[X,0x80005446] -> 0x5555
[659] [M]: 0x80005444 (0x555555B7) lui a1, 349525
x11 <- 0x55555000


mem[X,0x80005448] -> 0x8593
mem[X,0x8000544A] -> 0x5555
[660] [M]: 0x80005448 (0x55558593) addi a1, a1, 1365
x11 <- 0x55555555


mem[X,0x8000544C] -> 0x0113
mem[X,0x8000544E] -> 0x0000
[661] [M]: 0x8000544C (0x00000113) addi sp, zero, 0
x2 <- 0x00000000


mem[X,0x80005450] -> 0x006F
mem[X,0x80005452] -> 0x00C0
[662] [M]: 0x80005450 (0x00C0006F) jal zero, 12


mem[X,0x8000545C] -> 0x0063
mem[X,0x8000545E] -> 0x40B5
[663] [M]: 0x8000545C (0x40B50063) beq a0, a1, 1024


mem[X,0x80005460] -> 0x0113
mem[X,0x80005462] -> 0x0021
[664] [M]: 0x80005460 (0x00210113) addi sp, sp, 2
x2 <- 0x00000002


mem[X,0x80005464] -> 0x006F
mem[X,0x80005466] -> 0x4000
[665] [M]: 0x80005464 (0x4000006F) jal zero, 1024


mem[X,0x80005864] -> 0xA823
mem[X,0x80005866] -> 0x0A20
[666] [M]: 0x80005864 (0x0A20A823) sw sp, 176(ra)
mem[0x8003A218] <- 0x00000002


mem[X,0x80005868] -> 0xB537
mem[X,0x8000586A] -> 0x0000
[667] [M]: 0x80005868 (0x0000B537) lui a0, 11
x10 <- 0x0000B000


mem[X,0x8000586C] -> 0x0513
mem[X,0x8000586E] -> 0x5045
[668] [M]: 0x8000586C (0x50450513) addi a0, a0, 1284
x10 <- 0x0000B504


mem[X,0x80005870] -> 0xB5B7
mem[X,0x80005872] -> 0xAAAA
[669] [M]: 0x80005870 (0xAAAAB5B7) lui a1, 699051
x11 <- 0xAAAAB000


mem[X,0x80005874] -> 0x8593
mem[X,0x80005876] -> 0xAAA5
[670] [M]: 0x80005874 (0xAAA58593) addi a1, a1, 2730
x11 <- 0xAAAAAAAA


mem[X,0x80005878] -> 0x0113
mem[X,0x8000587A] -> 0x0000
[671] [M]: 0x80005878 (0x00000113) addi sp, zero, 0
x2 <- 0x00000000


mem[X,0x8000587C] -> 0x006F
mem[X,0x8000587E] -> 0x0100
[672] [M]: 0x8000587C (0x0100006F) jal zero, 16


mem[X,0x8000588C] -> 0x0AE3
mem[X,0x8000588E] -> 0xFEB5
[673] [M]: 0x8000588C (0xFEB50AE3) beq a0, a1, 8180


mem[X,0x80005890] -> 0x0113
mem[X,0x80005892] -> 0x0021
[674] [M]: 0x80005890 (0x00210113) addi sp, sp, 2
x2 <- 0x00000002


mem[X,0x80005894] -> 0x006F
mem[X,0x80005896] -> 0x00C0
[675] [M]: 0x80005894 (0x00C0006F) jal zero, 12


mem[X,0x800058A0] -> 0xAA23
mem[X,0x800058A2] -> 0x0A20
[676] [M]: 0x800058A0 (0x0A20AA23) sw sp, 180(ra)
mem[0x8003A21C] <- 0x00000002


mem[X,0x800058A4] -> 0x0513
mem[X,0x800058A6] -> 0x0010
[677] [M]: 0x800058A4 (0x00100513) addi a0, zero, 1
x10 <- 0x00000001


mem[X,0x800058A8] -> 0x05B7
mem[X,0x800058AA] -> 0x0008
[678] [M]: 0x800058A8 (0x000805B7) lui a1, 128
x11 <- 0x00080000


mem[X,0x800058AC] -> 0x0113
mem[X,0x800058AE] -> 0x0000
[679] [M]: 0x800058AC (0x00000113) addi sp, zero, 0
x2 <- 0x00000000


mem[X,0x800058B0] -> 0x006F
mem[X,0x800058B2] -> 0x00C0
[680] [M]: 0x800058B0 (0x00C0006F) jal zero, 12


mem[X,0x800058BC] -> 0x0063
mem[X,0x800058BE] -> 0x10B5
[681] [M]: 0x800058BC (0x10B50063) beq a0, a1, 256


mem[X,0x800058C0] -> 0x0113
mem[X,0x800058C2] -> 0x0021
[682] [M]: 0x800058C0 (0x00210113) addi sp, sp, 2
x2 <- 0x00000002


mem[X,0x800058C4] -> 0x006F
mem[X,0x800058C6] -> 0x1000
[683] [M]: 0x800058C4 (0x1000006F) jal zero, 256


mem[X,0x800059C4] -> 0xAC23
mem[X,0x800059C6] -> 0x0A20
[684] [M]: 0x800059C4 (0x0A20AC23) sw sp, 184(ra)
mem[0x8003A220] <- 0x00000002


mem[X,0x800059C8] -> 0x0513
mem[X,0x800059CA] -> 0x0020
[685] [M]: 0x800059C8 (0x00200513) addi a0, zero, 2
x10 <- 0x00000002


mem[X,0x800059CC] -> 0x0593
mem[X,0x800059CE] -> 0x0040
[686] [M]: 0x800059CC (0x00400593) addi a1, zero, 4
x11 <- 0x00000004


mem[X,0x800059D0] -> 0x0113
mem[X,0x800059D2] -> 0x0000
[687] [M]: 0x800059D0 (0x00000113) addi sp, zero, 0
x2 <- 0x00000000


mem[X,0x800059D4] -> 0x006F
mem[X,0x800059D6] -> 0x00C0
[688] [M]: 0x800059D4 (0x00C0006F) jal zero, 12


mem[X,0x800059E0] -> 0x0663
mem[X,0x800059E2] -> 0x00B5
[689] [M]: 0x800059E0 (0x00B50663) beq a0, a1, 12


mem[X,0x800059E4] -> 0x0113
mem[X,0x800059E6] -> 0x0021
[690] [M]: 0x800059E4 (0x00210113) addi sp, sp, 2
x2 <- 0x00000002


mem[X,0x800059E8] -> 0x006F
mem[X,0x800059EA] -> 0x00C0
[691] [M]: 0x800059E8 (0x00C0006F) jal zero, 12


mem[X,0x800059F4] -> 0xAE23
mem[X,0x800059F6] -> 0x0A20
[692] [M]: 0x800059F4 (0x0A20AE23) sw sp, 188(ra)
mem[0x8003A224] <- 0x00000002


mem[X,0x800059F8] -> 0x0513
mem[X,0x800059FA] -> 0x0100
[693] [M]: 0x800059F8 (0x01000513) addi a0, zero, 16
x10 <- 0x00000010


mem[X,0x800059FC] -> 0x0593
mem[X,0x800059FE] -> 0x0800
[694] [M]: 0x800059FC (0x08000593) addi a1, zero, 128
x11 <- 0x00000080


mem[X,0x80005A00] -> 0x0113
mem[X,0x80005A02] -> 0x0000
[695] [M]: 0x80005A00 (0x00000113) addi sp, zero, 0
x2 <- 0x00000000


mem[X,0x80005A04] -> 0x006F
mem[X,0x80005A06] -> 0x00C0
[696] [M]: 0x80005A04 (0x00C0006F) jal zero, 12


mem[X,0x80005A10] -> 0x0063
mem[X,0x80005A12] -> 0x08B5
[697] [M]: 0x80005A10 (0x08B50063) beq a0, a1, 128


mem[X,0x80005A14] -> 0x0113
mem[X,0x80005A16] -> 0x0021
[698] [M]: 0x80005A14 (0x00210113) addi sp, sp, 2
x2 <- 0x00000002


mem[X,0x80005A18] -> 0x006F
mem[X,0x80005A1A] -> 0x0800
[699] [M]: 0x80005A18 (0x0800006F) jal zero, 128


clint::tick mtime <- 0x0000000000000007
 clint timer pending at mtime 0x0000000000000007
htif::tick 0x0000000000000000
mem[X,0x80005A98] -> 0xA023
mem[X,0x80005A9A] -> 0x0C20
[700] [M]: 0x80005A98 (0x0C20A023) sw sp, 192(ra)
mem[0x8003A228] <- 0x00000002


mem[X,0x80005A9C] -> 0x0513
mem[X,0x80005A9E] -> 0x0200
[701] [M]: 0x80005A9C (0x02000513) addi a0, zero, 32
x10 <- 0x00000020


mem[X,0x80005AA0] -> 0x05B7
mem[X,0x80005AA2] -> 0x4000
[702] [M]: 0x80005AA0 (0x400005B7) lui a1, 262144
x11 <- 0x40000000


mem[X,0x80005AA4] -> 0x8593
mem[X,0x80005AA6] -> 0xFFF5
[703] [M]: 0x80005AA4 (0xFFF58593) addi a1, a1, 4095
x11 <- 0x3FFFFFFF


mem[X,0x80005AA8] -> 0x0113
mem[X,0x80005AAA] -> 0x0000
[704] [M]: 0x80005AA8 (0x00000113) addi sp, zero, 0
x2 <- 0x00000000


mem[X,0x80005AAC] -> 0x006F
mem[X,0x80005AAE] -> 0x00C0
[705] [M]: 0x80005AAC (0x00C0006F) jal zero, 12


mem[X,0x80005AB8] -> 0x0663
mem[X,0x80005ABA] -> 0x00B5
[706] [M]: 0x80005AB8 (0x00B50663) beq a0, a1, 12


mem[X,0x80005ABC] -> 0x0113
mem[X,0x80005ABE] -> 0x0021
[707] [M]: 0x80005ABC (0x00210113) addi sp, sp, 2
x2 <- 0x00000002


mem[X,0x80005AC0] -> 0x006F
mem[X,0x80005AC2] -> 0x00C0
[708] [M]: 0x80005AC0 (0x00C0006F) jal zero, 12


mem[X,0x80005ACC] -> 0xA223
mem[X,0x80005ACE] -> 0x0C20
[709] [M]: 0x80005ACC (0x0C20A223) sw sp, 196(ra)
mem[0x8003A22C] <- 0x00000002


mem[X,0x80005AD0] -> 0x0513
mem[X,0x80005AD2] -> 0x0400
[710] [M]: 0x80005AD0 (0x04000513) addi a0, zero, 64
x10 <- 0x00000040


mem[X,0x80005AD4] -> 0x0593
mem[X,0x80005AD6] -> 0x0010
[711] [M]: 0x80005AD4 (0x00100593) addi a1, zero, 1
x11 <- 0x00000001


mem[X,0x80005AD8] -> 0x0113
mem[X,0x80005ADA] -> 0x0000
[712] [M]: 0x80005AD8 (0x00000113) addi sp, zero, 0
x2 <- 0x00000000


mem[X,0x80005ADC] -> 0x006F
mem[X,0x80005ADE] -> 0x0180
[713] [M]: 0x80005ADC (0x0180006F) jal zero, 24


mem[X,0x80005AF4] -> 0x06E3
mem[X,0x80005AF6] -> 0xFEB5
[714] [M]: 0x80005AF4 (0xFEB506E3) beq a0, a1, 8172


mem[X,0x80005AF8] -> 0x0113
mem[X,0x80005AFA] -> 0x0021
[715] [M]: 0x80005AF8 (0x00210113) addi sp, sp, 2
x2 <- 0x00000002


mem[X,0x80005AFC] -> 0x006F
mem[X,0x80005AFE] -> 0x00C0
[716] [M]: 0x80005AFC (0x00C0006F) jal zero, 12


mem[X,0x80005B08] -> 0xA423
mem[X,0x80005B0A] -> 0x0C20
[717] [M]: 0x80005B08 (0x0C20A423) sw sp, 200(ra)
mem[0x8003A230] <- 0x00000002


mem[X,0x80005B0C] -> 0x0513
mem[X,0x80005B0E] -> 0x1000
[718] [M]: 0x80005B0C (0x10000513) addi a0, zero, 256
x10 <- 0x00000100


mem[X,0x80005B10] -> 0x35B7
mem[X,0x80005B12] -> 0x3333
[719] [M]: 0x80005B10 (0x333335B7) lui a1, 209715
x11 <- 0x33333000


mem[X,0x80005B14] -> 0x8593
mem[X,0x80005B16] -> 0x3325
[720] [M]: 0x80005B14 (0x33258593) addi a1, a1, 818
x11 <- 0x33333332


mem[X,0x80005B18] -> 0x0113
mem[X,0x80005B1A] -> 0x0000
[721] [M]: 0x80005B18 (0x00000113) addi sp, zero, 0
x2 <- 0x00000000


mem[X,0x80005B1C] -> 0x006F
mem[X,0x80005B1E] -> 0x00C0
[722] [M]: 0x80005B1C (0x00C0006F) jal zero, 12


mem[X,0x80005B28] -> 0x0663
mem[X,0x80005B2A] -> 0x00B5
[723] [M]: 0x80005B28 (0x00B50663) beq a0, a1, 12


mem[X,0x80005B2C] -> 0x0113
mem[X,0x80005B2E] -> 0x0021
[724] [M]: 0x80005B2C (0x00210113) addi sp, sp, 2
x2 <- 0x00000002


mem[X,0x80005B30] -> 0x006F
mem[X,0x80005B32] -> 0x00C0
[725] [M]: 0x80005B30 (0x00C0006F) jal zero, 12


mem[X,0x80005B3C] -> 0xA623
mem[X,0x80005B3E] -> 0x0C20
[726] [M]: 0x80005B3C (0x0C20A623) sw sp, 204(ra)
mem[0x8003A234] <- 0x00000002


mem[X,0x80005B40] -> 0x1537
mem[X,0x80005B42] -> 0x0000
[727] [M]: 0x80005B40 (0x00001537) lui a0, 1
x10 <- 0x00001000


mem[X,0x80005B44] -> 0x0593
mem[X,0x80005B46] -> 0x1000
[728] [M]: 0x80005B44 (0x10000593) addi a1, zero, 256
x11 <- 0x00000100


mem[X,0x80005B48] -> 0x0113
mem[X,0x80005B4A] -> 0x0000
[729] [M]: 0x80005B48 (0x00000113) addi sp, zero, 0
x2 <- 0x00000000


mem[X,0x80005B4C] -> 0x006F
mem[X,0x80005B4E] -> 0x2B10
[730] [M]: 0x80005B4C (0x2B10006F) jal zero, 2736


mem[X,0x800065FC] -> 0x0A63
mem[X,0x800065FE] -> 0xD4B5
[731] [M]: 0x800065FC (0xD4B50A63) beq a0, a1, 5460


mem[X,0x80006600] -> 0x0113
mem[X,0x80006602] -> 0x0021
[732] [M]: 0x80006600 (0x00210113) addi sp, sp, 2
x2 <- 0x00000002


mem[X,0x80006604] -> 0x006F
mem[X,0x80006606] -> 0x00C0
[733] [M]: 0x80006604 (0x00C0006F) jal zero, 12


mem[X,0x80006610] -> 0xA823
mem[X,0x80006612] -> 0x0C20
[734] [M]: 0x80006610 (0x0C20A823) sw sp, 208(ra)
mem[0x8003A238] <- 0x00000002


mem[X,0x80006614] -> 0x4537
mem[X,0x80006616] -> 0x0000
[735] [M]: 0x80006614 (0x00004537) lui a0, 4
x10 <- 0x00004000


mem[X,0x80006618] -> 0x0593
mem[X,0x8000661A] -> 0xFF60
[736] [M]: 0x80006618 (0xFF600593) addi a1, zero, 4086
x11 <- 0xFFFFFFF6


mem[X,0x8000661C] -> 0x0113
mem[X,0x8000661E] -> 0x0000
[737] [M]: 0x8000661C (0x00000113) addi sp, zero, 0
x2 <- 0x00000000


mem[X,0x80006620] -> 0x006F
mem[X,0x80006622] -> 0x00C0
[738] [M]: 0x80006620 (0x00C0006F) jal zero, 12


mem[X,0x8000662C] -> 0x0663
mem[X,0x8000662E] -> 0x00B5
[739] [M]: 0x8000662C (0x00B50663) beq a0, a1, 12


mem[X,0x80006630] -> 0x0113
mem[X,0x80006632] -> 0x0021
[740] [M]: 0x80006630 (0x00210113) addi sp, sp, 2
x2 <- 0x00000002


mem[X,0x80006634] -> 0x006F
mem[X,0x80006636] -> 0x00C0
[741] [M]: 0x80006634 (0x00C0006F) jal zero, 12


mem[X,0x80006640] -> 0xAA23
mem[X,0x80006642] -> 0x0C20
[742] [M]: 0x80006640 (0x0C20AA23) sw sp, 212(ra)
mem[0x8003A23C] <- 0x00000002


mem[X,0x80006644] -> 0x0537
mem[X,0x80006646] -> 0x0001
[743] [M]: 0x80006644 (0x00010537) lui a0, 16
x10 <- 0x00010000


mem[X,0x80006648] -> 0x0593
mem[X,0x8000664A] -> 0xFF80
[744] [M]: 0x80006648 (0xFF800593) addi a1, zero, 4088
x11 <- 0xFFFFFFF8


mem[X,0x8000664C] -> 0x0113
mem[X,0x8000664E] -> 0x0000
[745] [M]: 0x8000664C (0x00000113) addi sp, zero, 0
x2 <- 0x00000000


mem[X,0x80006650] -> 0x006F
mem[X,0x80006652] -> 0x00C0
[746] [M]: 0x80006650 (0x00C0006F) jal zero, 12


mem[X,0x8000665C] -> 0x0663
mem[X,0x8000665E] -> 0x00B5
[747] [M]: 0x8000665C (0x00B50663) beq a0, a1, 12


mem[X,0x80006660] -> 0x0113
mem[X,0x80006662] -> 0x0021
[748] [M]: 0x80006660 (0x00210113) addi sp, sp, 2
x2 <- 0x00000002


mem[X,0x80006664] -> 0x006F
mem[X,0x80006666] -> 0x00C0
[749] [M]: 0x80006664 (0x00C0006F) jal zero, 12


mem[X,0x80006670] -> 0xAC23
mem[X,0x80006672] -> 0x0C20
[750] [M]: 0x80006670 (0x0C20AC23) sw sp, 216(ra)
mem[0x8003A240] <- 0x00000002


mem[X,0x80006674] -> 0x0537
mem[X,0x80006676] -> 0x0002
[751] [M]: 0x80006674 (0x00020537) lui a0, 32
x10 <- 0x00020000


mem[X,0x80006678] -> 0x55B7
mem[X,0x8000667A] -> 0x5555
[752] [M]: 0x80006678 (0x555555B7) lui a1, 349525
x11 <- 0x55555000


mem[X,0x8000667C] -> 0x8593
mem[X,0x8000667E] -> 0x5555
[753] [M]: 0x8000667C (0x55558593) addi a1, a1, 1365
x11 <- 0x55555555


mem[X,0x80006680] -> 0x0113
mem[X,0x80006682] -> 0x0000
[754] [M]: 0x80006680 (0x00000113) addi sp, zero, 0
x2 <- 0x00000000


mem[X,0x80006684] -> 0x006F
mem[X,0x80006686] -> 0x0050
[755] [M]: 0x80006684 (0x0050006F) jal zero, 2052


mem[X,0x80006E88] -> 0x00E3
mem[X,0x80006E8A] -> 0x80B5
[756] [M]: 0x80006E88 (0x80B500E3) beq a0, a1, 6144


mem[X,0x80006E8C] -> 0x0113
mem[X,0x80006E8E] -> 0x0021
[757] [M]: 0x80006E8C (0x00210113) addi sp, sp, 2
x2 <- 0x00000002


mem[X,0x80006E90] -> 0x006F
mem[X,0x80006E92] -> 0x00C0
[758] [M]: 0x80006E90 (0x00C0006F) jal zero, 12


mem[X,0x80006E9C] -> 0xAE23
mem[X,0x80006E9E] -> 0x0C20
[759] [M]: 0x80006E9C (0x0C20AE23) sw sp, 220(ra)
mem[0x8003A244] <- 0x00000002


mem[X,0x80006EA0] -> 0x0537
mem[X,0x80006EA2] -> 0x0004
[760] [M]: 0x80006EA0 (0x00040537) lui a0, 64
x10 <- 0x00040000


mem[X,0x80006EA4] -> 0xF5B7
mem[X,0x80006EA6] -> 0xFFFF
[761] [M]: 0x80006EA4 (0xFFFFF5B7) lui a1, 1048575
x11 <- 0xFFFFF000


mem[X,0x80006EA8] -> 0x8593
mem[X,0x80006EAA] -> 0xFFF5
[762] [M]: 0x80006EA8 (0xFFF58593) addi a1, a1, 4095
x11 <- 0xFFFFEFFF


mem[X,0x80006EAC] -> 0x0113
mem[X,0x80006EAE] -> 0x0000
[763] [M]: 0x80006EAC (0x00000113) addi sp, zero, 0
x2 <- 0x00000000


mem[X,0x80006EB0] -> 0x006F
mem[X,0x80006EB2] -> 0x00C0
[764] [M]: 0x80006EB0 (0x00C0006F) jal zero, 12


mem[X,0x80006EBC] -> 0x0063
mem[X,0x80006EBE] -> 0x02B5
[765] [M]: 0x80006EBC (0x02B50063) beq a0, a1, 32


mem[X,0x80006EC0] -> 0x0113
mem[X,0x80006EC2] -> 0x0021
[766] [M]: 0x80006EC0 (0x00210113) addi sp, sp, 2
x2 <- 0x00000002


mem[X,0x80006EC4] -> 0x006F
mem[X,0x80006EC6] -> 0x0200
[767] [M]: 0x80006EC4 (0x0200006F) jal zero, 32


mem[X,0x80006EE4] -> 0xA023
mem[X,0x80006EE6] -> 0x0E20
[768] [M]: 0x80006EE4 (0x0E20A023) sw sp, 224(ra)
mem[0x8003A248] <- 0x00000002


mem[X,0x80006EE8] -> 0x0537
mem[X,0x80006EEA] -> 0x0080
[769] [M]: 0x80006EE8 (0x00800537) lui a0, 2048
x10 <- 0x00800000


mem[X,0x80006EEC] -> 0x05B7
mem[X,0x80006EEE] -> 0xFFC0
[770] [M]: 0x80006EEC (0xFFC005B7) lui a1, 1047552
x11 <- 0xFFC00000


mem[X,0x80006EF0] -> 0x8593
mem[X,0x80006EF2] -> 0xFFF5
[771] [M]: 0x80006EF0 (0xFFF58593) addi a1, a1, 4095
x11 <- 0xFFBFFFFF


mem[X,0x80006EF4] -> 0x0113
mem[X,0x80006EF6] -> 0x0000
[772] [M]: 0x80006EF4 (0x00000113) addi sp, zero, 0
x2 <- 0x00000000


mem[X,0x80006EF8] -> 0x006F
mem[X,0x80006EFA] -> 0x00C0
[773] [M]: 0x80006EF8 (0x00C0006F) jal zero, 12


mem[X,0x80006F04] -> 0x0063
mem[X,0x80006F06] -> 0x40B5
[774] [M]: 0x80006F04 (0x40B50063) beq a0, a1, 1024


mem[X,0x80006F08] -> 0x0113
mem[X,0x80006F0A] -> 0x0021
[775] [M]: 0x80006F08 (0x00210113) addi sp, sp, 2
x2 <- 0x00000002


mem[X,0x80006F0C] -> 0x006F
mem[X,0x80006F0E] -> 0x4000
[776] [M]: 0x80006F0C (0x4000006F) jal zero, 1024


mem[X,0x8000730C] -> 0xA223
mem[X,0x8000730E] -> 0x0E20
[777] [M]: 0x8000730C (0x0E20A223) sw sp, 228(ra)
mem[0x8003A24C] <- 0x00000002


mem[X,0x80007310] -> 0x0537
mem[X,0x80007312] -> 0x0200
[778] [M]: 0x80007310 (0x02000537) lui a0, 8192
x10 <- 0x02000000


mem[X,0x80007314] -> 0x0593
mem[X,0x80007316] -> 0xFBF0
[779] [M]: 0x80007314 (0xFBF00593) addi a1, zero, 4031
x11 <- 0xFFFFFFBF


mem[X,0x80007318] -> 0x0113
mem[X,0x8000731A] -> 0x0000
[780] [M]: 0x80007318 (0x00000113) addi sp, zero, 0
x2 <- 0x00000000


mem[X,0x8000731C] -> 0x006F
mem[X,0x8000731E] -> 0x00C0
[781] [M]: 0x8000731C (0x00C0006F) jal zero, 12


mem[X,0x80007328] -> 0x0063
mem[X,0x8000732A] -> 0x40B5
[782] [M]: 0x80007328 (0x40B50063) beq a0, a1, 1024


mem[X,0x8000732C] -> 0x0113
mem[X,0x8000732E] -> 0x0021
[783] [M]: 0x8000732C (0x00210113) addi sp, sp, 2
x2 <- 0x00000002


mem[X,0x80007330] -> 0x006F
mem[X,0x80007332] -> 0x4000
[784] [M]: 0x80007330 (0x4000006F) jal zero, 1024


mem[X,0x80007730] -> 0xA423
mem[X,0x80007732] -> 0x0E20
[785] [M]: 0x80007730 (0x0E20A423) sw sp, 232(ra)
mem[0x8003A250] <- 0x00000002


mem[X,0x80007734] -> 0x0537
mem[X,0x80007736] -> 0x0800
[786] [M]: 0x80007734 (0x08000537) lui a0, 32768
x10 <- 0x08000000


mem[X,0x80007738] -> 0x0593
mem[X,0x8000773A] -> 0x0030
[787] [M]: 0x80007738 (0x00300593) addi a1, zero, 3
x11 <- 0x00000003


mem[X,0x8000773C] -> 0x0113
mem[X,0x8000773E] -> 0x0000
[788] [M]: 0x8000773C (0x00000113) addi sp, zero, 0
x2 <- 0x00000000


mem[X,0x80007740] -> 0x006F
mem[X,0x80007742] -> 0x00C0
[789] [M]: 0x80007740 (0x00C0006F) jal zero, 12


mem[X,0x8000774C] -> 0x0663
mem[X,0x8000774E] -> 0x00B5
[790] [M]: 0x8000774C (0x00B50663) beq a0, a1, 12


mem[X,0x80007750] -> 0x0113
mem[X,0x80007752] -> 0x0021
[791] [M]: 0x80007750 (0x00210113) addi sp, sp, 2
x2 <- 0x00000002


mem[X,0x80007754] -> 0x006F
mem[X,0x80007756] -> 0x00C0
[792] [M]: 0x80007754 (0x00C0006F) jal zero, 12


mem[X,0x80007760] -> 0xA623
mem[X,0x80007762] -> 0x0E20
[793] [M]: 0x80007760 (0x0E20A623) sw sp, 236(ra)
mem[0x8003A254] <- 0x00000002


mem[X,0x80007764] -> 0x0537
mem[X,0x80007766] -> 0x1000
[794] [M]: 0x80007764 (0x10000537) lui a0, 65536
x10 <- 0x10000000


mem[X,0x80007768] -> 0x0593
mem[X,0x8000776A] -> 0x0080
[795] [M]: 0x80007768 (0x00800593) addi a1, zero, 8
x11 <- 0x00000008


mem[X,0x8000776C] -> 0x0113
mem[X,0x8000776E] -> 0x0000
[796] [M]: 0x8000776C (0x00000113) addi sp, zero, 0
x2 <- 0x00000000


mem[X,0x80007770] -> 0x006F
mem[X,0x80007772] -> 0x0180
[797] [M]: 0x80007770 (0x0180006F) jal zero, 24


mem[X,0x80007788] -> 0x06E3
mem[X,0x8000778A] -> 0xFEB5
[798] [M]: 0x80007788 (0xFEB506E3) beq a0, a1, 8172


mem[X,0x8000778C] -> 0x0113
mem[X,0x8000778E] -> 0x0021
[799] [M]: 0x8000778C (0x00210113) addi sp, sp, 2
x2 <- 0x00000002


clint::tick mtime <- 0x0000000000000008
 clint timer pending at mtime 0x0000000000000008
htif::tick 0x0000000000000000
mem[X,0x80007790] -> 0x006F
mem[X,0x80007792] -> 0x00C0
[800] [M]: 0x80007790 (0x00C0006F) jal zero, 12


mem[X,0x8000779C] -> 0xA823
mem[X,0x8000779E] -> 0x0E20
[801] [M]: 0x8000779C (0x0E20A823) sw sp, 240(ra)
mem[0x8003A258] <- 0x00000002


mem[X,0x800077A0] -> 0x0537
mem[X,0x800077A2] -> 0x4000
[802] [M]: 0x800077A0 (0x40000537) lui a0, 262144
x10 <- 0x40000000


mem[X,0x800077A4] -> 0x35B7
mem[X,0x800077A6] -> 0x3333
[803] [M]: 0x800077A4 (0x333335B7) lui a1, 209715
x11 <- 0x33333000


mem[X,0x800077A8] -> 0x8593
mem[X,0x800077AA] -> 0x3335
[804] [M]: 0x800077A8 (0x33358593) addi a1, a1, 819
x11 <- 0x33333333


mem[X,0x800077AC] -> 0x0113
mem[X,0x800077AE] -> 0x0000
[805] [M]: 0x800077AC (0x00000113) addi sp, zero, 0
x2 <- 0x00000000


mem[X,0x800077B0] -> 0x006F
mem[X,0x800077B2] -> 0x00C0
[806] [M]: 0x800077B0 (0x00C0006F) jal zero, 12


mem[X,0x800077BC] -> 0x0CE3
mem[X,0x800077BE] -> 0xFEB5
[807] [M]: 0x800077BC (0xFEB50CE3) beq a0, a1, 8184


mem[X,0x800077C0] -> 0x0113
mem[X,0x800077C2] -> 0x0021
[808] [M]: 0x800077C0 (0x00210113) addi sp, sp, 2
x2 <- 0x00000002


mem[X,0x800077C4] -> 0x006F
mem[X,0x800077C6] -> 0x00C0
[809] [M]: 0x800077C4 (0x00C0006F) jal zero, 12


mem[X,0x800077D0] -> 0xAA23
mem[X,0x800077D2] -> 0x0E20
[810] [M]: 0x800077D0 (0x0E20AA23) sw sp, 244(ra)
mem[0x8003A25C] <- 0x00000002


mem[X,0x800077D4] -> 0x0513
mem[X,0x800077D6] -> 0xFFB0
[811] [M]: 0x800077D4 (0xFFB00513) addi a0, zero, 4091
x10 <- 0xFFFFFFFB


mem[X,0x800077D8] -> 0x0593
mem[X,0x800077DA] -> 0xFF60
[812] [M]: 0x800077D8 (0xFF600593) addi a1, zero, 4086
x11 <- 0xFFFFFFF6


mem[X,0x800077DC] -> 0x0113
mem[X,0x800077DE] -> 0x0000
[813] [M]: 0x800077DC (0x00000113) addi sp, zero, 0
x2 <- 0x00000000


mem[X,0x800077E0] -> 0x006F
mem[X,0x800077E2] -> 0x0050
[814] [M]: 0x800077E0 (0x0050006F) jal zero, 2052


mem[X,0x80007FE4] -> 0x00E3
mem[X,0x80007FE6] -> 0x80B5
[815] [M]: 0x80007FE4 (0x80B500E3) beq a0, a1, 6144


mem[X,0x80007FE8] -> 0x0113
mem[X,0x80007FEA] -> 0x0021
[816] [M]: 0x80007FE8 (0x00210113) addi sp, sp, 2
x2 <- 0x00000002


mem[X,0x80007FEC] -> 0x006F
mem[X,0x80007FEE] -> 0x00C0
[817] [M]: 0x80007FEC (0x00C0006F) jal zero, 12


mem[X,0x80007FF8] -> 0xAC23
mem[X,0x80007FFA] -> 0x0E20
[818] [M]: 0x80007FF8 (0x0E20AC23) sw sp, 248(ra)
mem[0x8003A260] <- 0x00000002


mem[X,0x80007FFC] -> 0x0513
mem[X,0x80007FFE] -> 0xFF70
[819] [M]: 0x80007FFC (0xFF700513) addi a0, zero, 4087
x10 <- 0xFFFFFFF7


mem[X,0x80008000] -> 0x0593
mem[X,0x80008002] -> 0xBFF0
[820] [M]: 0x80008000 (0xBFF00593) addi a1, zero, 3071
x11 <- 0xFFFFFBFF


mem[X,0x80008004] -> 0x0113
mem[X,0x80008006] -> 0x0000
[821] [M]: 0x80008004 (0x00000113) addi sp, zero, 0
x2 <- 0x00000000


mem[X,0x80008008] -> 0x006F
mem[X,0x8000800A] -> 0x00C0
[822] [M]: 0x80008008 (0x00C0006F) jal zero, 12


mem[X,0x80008014] -> 0x0663
mem[X,0x80008016] -> 0x00B5
[823] [M]: 0x80008014 (0x00B50663) beq a0, a1, 12


mem[X,0x80008018] -> 0x0113
mem[X,0x8000801A] -> 0x0021
[824] [M]: 0x80008018 (0x00210113) addi sp, sp, 2
x2 <- 0x00000002


mem[X,0x8000801C] -> 0x006F
mem[X,0x8000801E] -> 0x00C0
[825] [M]: 0x8000801C (0x00C0006F) jal zero, 12


mem[X,0x80008028] -> 0xAE23
mem[X,0x8000802A] -> 0x0E20
[826] [M]: 0x80008028 (0x0E20AE23) sw sp, 252(ra)
mem[0x8003A264] <- 0x00000002


mem[X,0x8000802C] -> 0x0513
mem[X,0x8000802E] -> 0xFDF0
[827] [M]: 0x8000802C (0xFDF00513) addi a0, zero, 4063
x10 <- 0xFFFFFFDF


mem[X,0x80008030] -> 0xF5B7
mem[X,0x80008032] -> 0xFFFF
[828] [M]: 0x80008030 (0xFFFFF5B7) lui a1, 1048575
x11 <- 0xFFFFF000


mem[X,0x80008034] -> 0x8593
mem[X,0x80008036] -> 0x7FF5
[829] [M]: 0x80008034 (0x7FF58593) addi a1, a1, 2047
x11 <- 0xFFFFF7FF


mem[X,0x80008038] -> 0x0113
mem[X,0x8000803A] -> 0x0000
[830] [M]: 0x80008038 (0x00000113) addi sp, zero, 0
x2 <- 0x00000000


mem[X,0x8000803C] -> 0x006F
mem[X,0x8000803E] -> 0x00C0
[831] [M]: 0x8000803C (0x00C0006F) jal zero, 12


mem[X,0x80008048] -> 0x0663
mem[X,0x8000804A] -> 0x00B5
[832] [M]: 0x80008048 (0x00B50663) beq a0, a1, 12


mem[X,0x8000804C] -> 0x0113
mem[X,0x8000804E] -> 0x0021
[833] [M]: 0x8000804C (0x00210113) addi sp, sp, 2
x2 <- 0x00000002


mem[X,0x80008050] -> 0x006F
mem[X,0x80008052] -> 0x00C0
[834] [M]: 0x80008050 (0x00C0006F) jal zero, 12


mem[X,0x8000805C] -> 0xA023
mem[X,0x8000805E] -> 0x1020
[835] [M]: 0x8000805C (0x1020A023) sw sp, 256(ra)
mem[0x8003A268] <- 0x00000002


mem[X,0x80008060] -> 0x0513
mem[X,0x80008062] -> 0xFBF0
[836] [M]: 0x80008060 (0xFBF00513) addi a0, zero, 4031
x10 <- 0xFFFFFFBF


mem[X,0x80008064] -> 0x0593
mem[X,0x80008066] -> 0x4000
[837] [M]: 0x80008064 (0x40000593) addi a1, zero, 1024
x11 <- 0x00000400


mem[X,0x80008068] -> 0x0113
mem[X,0x8000806A] -> 0x0000
[838] [M]: 0x80008068 (0x00000113) addi sp, zero, 0
x2 <- 0x00000000


mem[X,0x8000806C] -> 0x006F
mem[X,0x8000806E] -> 0x0100
[839] [M]: 0x8000806C (0x0100006F) jal zero, 16


mem[X,0x8000807C] -> 0x0AE3
mem[X,0x8000807E] -> 0xFEB5
[840] [M]: 0x8000807C (0xFEB50AE3) beq a0, a1, 8180


mem[X,0x80008080] -> 0x0113
mem[X,0x80008082] -> 0x0021
[841] [M]: 0x80008080 (0x00210113) addi sp, sp, 2
x2 <- 0x00000002


mem[X,0x80008084] -> 0x006F
mem[X,0x80008086] -> 0x00C0
[842] [M]: 0x80008084 (0x00C0006F) jal zero, 12


mem[X,0x80008090] -> 0xA223
mem[X,0x80008092] -> 0x1020
[843] [M]: 0x80008090 (0x1020A223) sw sp, 260(ra)
mem[0x8003A26C] <- 0x00000002


mem[X,0x80008094] -> 0x0513
mem[X,0x80008096] -> 0xF7F0
[844] [M]: 0x80008094 (0xF7F00513) addi a0, zero, 3967
x10 <- 0xFFFFFF7F


mem[X,0x80008098] -> 0x55B7
mem[X,0x8000809A] -> 0x5555
[845] [M]: 0x80008098 (0x555555B7) lui a1, 349525
x11 <- 0x55555000


mem[X,0x8000809C] -> 0x8593
mem[X,0x8000809E] -> 0x5555
[846] [M]: 0x8000809C (0x55558593) addi a1, a1, 1365
x11 <- 0x55555555


mem[X,0x800080A0] -> 0x0113
mem[X,0x800080A2] -> 0x0000
[847] [M]: 0x800080A0 (0x00000113) addi sp, zero, 0
x2 <- 0x00000000


mem[X,0x800080A4] -> 0x006F
mem[X,0x800080A6] -> 0x00C0
[848] [M]: 0x800080A4 (0x00C0006F) jal zero, 12


mem[X,0x800080B0] -> 0x0063
mem[X,0x800080B2] -> 0x10B5
[849] [M]: 0x800080B0 (0x10B50063) beq a0, a1, 256


mem[X,0x800080B4] -> 0x0113
mem[X,0x800080B6] -> 0x0021
[850] [M]: 0x800080B4 (0x00210113) addi sp, sp, 2
x2 <- 0x00000002


mem[X,0x800080B8] -> 0x006F
mem[X,0x800080BA] -> 0x1000
[851] [M]: 0x800080B8 (0x1000006F) jal zero, 256


mem[X,0x800081B8] -> 0xA423
mem[X,0x800081BA] -> 0x1020
[852] [M]: 0x800081B8 (0x1020A423) sw sp, 264(ra)
mem[0x8003A270] <- 0x00000002


mem[X,0x800081BC] -> 0x0513
mem[X,0x800081BE] -> 0xBFF0
[853] [M]: 0x800081BC (0xBFF00513) addi a0, zero, 3071
x10 <- 0xFFFFFBFF


mem[X,0x800081C0] -> 0x0593
mem[X,0x800081C2] -> 0x0000
[854] [M]: 0x800081C0 (0x00000593) addi a1, zero, 0
x11 <- 0x00000000


mem[X,0x800081C4] -> 0x0113
mem[X,0x800081C6] -> 0x0000
[855] [M]: 0x800081C4 (0x00000113) addi sp, zero, 0
x2 <- 0x00000000


mem[X,0x800081C8] -> 0x006F
mem[X,0x800081CA] -> 0x00C0
[856] [M]: 0x800081C8 (0x00C0006F) jal zero, 12


mem[X,0x800081D4] -> 0x0CE3
mem[X,0x800081D6] -> 0xFEB5
[857] [M]: 0x800081D4 (0xFEB50CE3) beq a0, a1, 8184


mem[X,0x800081D8] -> 0x0113
mem[X,0x800081DA] -> 0x0021
[858] [M]: 0x800081D8 (0x00210113) addi sp, sp, 2
x2 <- 0x00000002


mem[X,0x800081DC] -> 0x006F
mem[X,0x800081DE] -> 0x00C0
[859] [M]: 0x800081DC (0x00C0006F) jal zero, 12


mem[X,0x800081E8] -> 0xA623
mem[X,0x800081EA] -> 0x1020
[860] [M]: 0x800081E8 (0x1020A623) sw sp, 268(ra)
mem[0x8003A274] <- 0x00000002


mem[X,0x800081EC] -> 0x8537
mem[X,0x800081EE] -> 0xFFFF
[861] [M]: 0x800081EC (0xFFFF8537) lui a0, 1048568
x10 <- 0xFFFF8000


mem[X,0x800081F0] -> 0x0513
mem[X,0x800081F2] -> 0xFFF5
[862] [M]: 0x800081F0 (0xFFF50513) addi a0, a0, 4095
x10 <- 0xFFFF7FFF


mem[X,0x800081F4] -> 0x0593
mem[X,0x800081F6] -> 0xFFC0
[863] [M]: 0x800081F4 (0xFFC00593) addi a1, zero, 4092
x11 <- 0xFFFFFFFC


mem[X,0x800081F8] -> 0x0113
mem[X,0x800081FA] -> 0x0000
[864] [M]: 0x800081F8 (0x00000113) addi sp, zero, 0
x2 <- 0x00000000


mem[X,0x800081FC] -> 0x006F
mem[X,0x800081FE] -> 0x0140
[865] [M]: 0x800081FC (0x0140006F) jal zero, 20


mem[X,0x80008210] -> 0x08E3
mem[X,0x80008212] -> 0xFEB5
[866] [M]: 0x80008210 (0xFEB508E3) beq a0, a1, 8176


mem[X,0x80008214] -> 0x0113
mem[X,0x80008216] -> 0x0021
[867] [M]: 0x80008214 (0x00210113) addi sp, sp, 2
x2 <- 0x00000002


mem[X,0x80008218] -> 0x006F
mem[X,0x8000821A] -> 0x00C0
[868] [M]: 0x80008218 (0x00C0006F) jal zero, 12


mem[X,0x80008224] -> 0xA823
mem[X,0x80008226] -> 0x1020
[869] [M]: 0x80008224 (0x1020A823) sw sp, 272(ra)
mem[0x8003A278] <- 0x00000002


mem[X,0x80008228] -> 0x0537
mem[X,0x8000822A] -> 0xFFFF
[870] [M]: 0x80008228 (0xFFFF0537) lui a0, 1048560
x10 <- 0xFFFF0000


mem[X,0x8000822C] -> 0x0513
mem[X,0x8000822E] -> 0xFFF5
[871] [M]: 0x8000822C (0xFFF50513) addi a0, a0, 4095
x10 <- 0xFFFEFFFF


mem[X,0x80008230] -> 0x0593
mem[X,0x80008232] -> 0x0020
[872] [M]: 0x80008230 (0x00200593) addi a1, zero, 2
x11 <- 0x00000002


mem[X,0x80008234] -> 0x0113
mem[X,0x80008236] -> 0x0000
[873] [M]: 0x80008234 (0x00000113) addi sp, zero, 0
x2 <- 0x00000000


mem[X,0x80008238] -> 0x006F
mem[X,0x8000823A] -> 0x0180
[874] [M]: 0x80008238 (0x0180006F) jal zero, 24


mem[X,0x80008250] -> 0x06E3
mem[X,0x80008252] -> 0xFEB5
[875] [M]: 0x80008250 (0xFEB506E3) beq a0, a1, 8172


mem[X,0x80008254] -> 0x0113
mem[X,0x80008256] -> 0x0021
[876] [M]: 0x80008254 (0x00210113) addi sp, sp, 2
x2 <- 0x00000002


mem[X,0x80008258] -> 0x006F
mem[X,0x8000825A] -> 0x00C0
[877] [M]: 0x80008258 (0x00C0006F) jal zero, 12


mem[X,0x80008264] -> 0xAA23
mem[X,0x80008266] -> 0x1020
[878] [M]: 0x80008264 (0x1020AA23) sw sp, 276(ra)
mem[0x8003A27C] <- 0x00000002


mem[X,0x80008268] -> 0x0537
mem[X,0x8000826A] -> 0xFFFC
[879] [M]: 0x80008268 (0xFFFC0537) lui a0, 1048512
x10 <- 0xFFFC0000


mem[X,0x8000826C] -> 0x0513
mem[X,0x8000826E] -> 0xFFF5
[880] [M]: 0x8000826C (0xFFF50513) addi a0, a0, 4095
x10 <- 0xFFFBFFFF


mem[X,0x80008270] -> 0x55B7
mem[X,0x80008272] -> 0x5555
[881] [M]: 0x80008270 (0x555555B7) lui a1, 349525
x11 <- 0x55555000


mem[X,0x80008274] -> 0x8593
mem[X,0x80008276] -> 0x5555
[882] [M]: 0x80008274 (0x55558593) addi a1, a1, 1365
x11 <- 0x55555555


mem[X,0x80008278] -> 0x0113
mem[X,0x8000827A] -> 0x0000
[883] [M]: 0x80008278 (0x00000113) addi sp, zero, 0
x2 <- 0x00000000


mem[X,0x8000827C] -> 0x006F
mem[X,0x8000827E] -> 0x00C0
[884] [M]: 0x8000827C (0x00C0006F) jal zero, 12


mem[X,0x80008288] -> 0x0663
mem[X,0x8000828A] -> 0x00B5
[885] [M]: 0x80008288 (0x00B50663) beq a0, a1, 12


mem[X,0x8000828C] -> 0x0113
mem[X,0x8000828E] -> 0x0021
[886] [M]: 0x8000828C (0x00210113) addi sp, sp, 2
x2 <- 0x00000002


mem[X,0x80008290] -> 0x006F
mem[X,0x80008292] -> 0x00C0
[887] [M]: 0x80008290 (0x00C0006F) jal zero, 12


mem[X,0x8000829C] -> 0xAC23
mem[X,0x8000829E] -> 0x1020
[888] [M]: 0x8000829C (0x1020AC23) sw sp, 280(ra)
mem[0x8003A280] <- 0x00000002


mem[X,0x800082A0] -> 0x0537
mem[X,0x800082A2] -> 0xFFF8
[889] [M]: 0x800082A0 (0xFFF80537) lui a0, 1048448
x10 <- 0xFFF80000


mem[X,0x800082A4] -> 0x0513
mem[X,0x800082A6] -> 0xFFF5
[890] [M]: 0x800082A4 (0xFFF50513) addi a0, a0, 4095
x10 <- 0xFFF7FFFF


mem[X,0x800082A8] -> 0x0593
mem[X,0x800082AA] -> 0xFBF0
[891] [M]: 0x800082A8 (0xFBF00593) addi a1, zero, 4031
x11 <- 0xFFFFFFBF


mem[X,0x800082AC] -> 0x0113
mem[X,0x800082AE] -> 0x0000
[892] [M]: 0x800082AC (0x00000113) addi sp, zero, 0
x2 <- 0x00000000


mem[X,0x800082B0] -> 0x006F
mem[X,0x800082B2] -> 0x00C0
[893] [M]: 0x800082B0 (0x00C0006F) jal zero, 12


mem[X,0x800082BC] -> 0x0063
mem[X,0x800082BE] -> 0x20B5
[894] [M]: 0x800082BC (0x20B50063) beq a0, a1, 512


mem[X,0x800082C0] -> 0x0113
mem[X,0x800082C2] -> 0x0021
[895] [M]: 0x800082C0 (0x00210113) addi sp, sp, 2
x2 <- 0x00000002


mem[X,0x800082C4] -> 0x006F
mem[X,0x800082C6] -> 0x2000
[896] [M]: 0x800082C4 (0x2000006F) jal zero, 512


mem[X,0x800084C4] -> 0xAE23
mem[X,0x800084C6] -> 0x1020
[897] [M]: 0x800084C4 (0x1020AE23) sw sp, 284(ra)
mem[0x8003A284] <- 0x00000002


mem[X,0x800084C8] -> 0x0537
mem[X,0x800084CA] -> 0xFFF0
[898] [M]: 0x800084C8 (0xFFF00537) lui a0, 1048320
x10 <- 0xFFF00000


mem[X,0x800084CC] -> 0x0513
mem[X,0x800084CE] -> 0xFFF5
[899] [M]: 0x800084CC (0xFFF50513) addi a0, a0, 4095
x10 <- 0xFFEFFFFF


clint::tick mtime <- 0x0000000000000009
 clint timer pending at mtime 0x0000000000000009
htif::tick 0x0000000000000000
mem[X,0x800084D0] -> 0x05B7
mem[X,0x800084D2] -> 0x0200
[900] [M]: 0x800084D0 (0x020005B7) lui a1, 8192
x11 <- 0x02000000


mem[X,0x800084D4] -> 0x0113
mem[X,0x800084D6] -> 0x0000
[901] [M]: 0x800084D4 (0x00000113) addi sp, zero, 0
x2 <- 0x00000000


mem[X,0x800084D8] -> 0x006F
mem[X,0x800084DA] -> 0x00C0
[902] [M]: 0x800084D8 (0x00C0006F) jal zero, 12


mem[X,0x800084E4] -> 0x0063
mem[X,0x800084E6] -> 0x08B5
[903] [M]: 0x800084E4 (0x08B50063) beq a0, a1, 128


mem[X,0x800084E8] -> 0x0113
mem[X,0x800084EA] -> 0x0021
[904] [M]: 0x800084E8 (0x00210113) addi sp, sp, 2
x2 <- 0x00000002


mem[X,0x800084EC] -> 0x006F
mem[X,0x800084EE] -> 0x0800
[905] [M]: 0x800084EC (0x0800006F) jal zero, 128


mem[X,0x8000856C] -> 0xA023
mem[X,0x8000856E] -> 0x1220
[906] [M]: 0x8000856C (0x1220A023) sw sp, 288(ra)
mem[0x8003A288] <- 0x00000002


mem[X,0x80008570] -> 0x0537
mem[X,0x80008572] -> 0xFF80
[907] [M]: 0x80008570 (0xFF800537) lui a0, 1046528
x10 <- 0xFF800000


mem[X,0x80008574] -> 0x0513
mem[X,0x80008576] -> 0xFFF5
[908] [M]: 0x80008574 (0xFFF50513) addi a0, a0, 4095
x10 <- 0xFF7FFFFF


mem[X,0x80008578] -> 0x05B7
mem[X,0x8000857A] -> 0x0002
[909] [M]: 0x80008578 (0x000205B7) lui a1, 32
x11 <- 0x00020000


mem[X,0x8000857C] -> 0x0113
mem[X,0x8000857E] -> 0x0000
[910] [M]: 0x8000857C (0x00000113) addi sp, zero, 0
x2 <- 0x00000000


mem[X,0x80008580] -> 0x006F
mem[X,0x80008582] -> 0x00C0
[911] [M]: 0x80008580 (0x00C0006F) jal zero, 12


mem[X,0x8000858C] -> 0x0063
mem[X,0x8000858E] -> 0x04B5
[912] [M]: 0x8000858C (0x04B50063) beq a0, a1, 64


mem[X,0x80008590] -> 0x0113
mem[X,0x80008592] -> 0x0021
[913] [M]: 0x80008590 (0x00210113) addi sp, sp, 2
x2 <- 0x00000002


mem[X,0x80008594] -> 0x006F
mem[X,0x80008596] -> 0x0400
[914] [M]: 0x80008594 (0x0400006F) jal zero, 64


mem[X,0x800085D4] -> 0xA223
mem[X,0x800085D6] -> 0x1220
[915] [M]: 0x800085D4 (0x1220A223) sw sp, 292(ra)
mem[0x8003A28C] <- 0x00000002


mem[X,0x800085D8] -> 0x0537
mem[X,0x800085DA] -> 0xFC00
[916] [M]: 0x800085D8 (0xFC000537) lui a0, 1032192
x10 <- 0xFC000000


mem[X,0x800085DC] -> 0x0513
mem[X,0x800085DE] -> 0xFFF5
[917] [M]: 0x800085DC (0xFFF50513) addi a0, a0, 4095
x10 <- 0xFBFFFFFF


mem[X,0x800085E0] -> 0xF5B7
mem[X,0x800085E2] -> 0xFFFF
[918] [M]: 0x800085E0 (0xFFFFF5B7) lui a1, 1048575
x11 <- 0xFFFFF000


mem[X,0x800085E4] -> 0x8593
mem[X,0x800085E6] -> 0x7FF5
[919] [M]: 0x800085E4 (0x7FF58593) addi a1, a1, 2047
x11 <- 0xFFFFF7FF


mem[X,0x800085E8] -> 0x0113
mem[X,0x800085EA] -> 0x0000
[920] [M]: 0x800085E8 (0x00000113) addi sp, zero, 0
x2 <- 0x00000000


mem[X,0x800085EC] -> 0x006F
mem[X,0x800085EE] -> 0x0140
[921] [M]: 0x800085EC (0x0140006F) jal zero, 20


mem[X,0x80008600] -> 0x08E3
mem[X,0x80008602] -> 0xFEB5
[922] [M]: 0x80008600 (0xFEB508E3) beq a0, a1, 8176


mem[X,0x80008604] -> 0x0113
mem[X,0x80008606] -> 0x0021
[923] [M]: 0x80008604 (0x00210113) addi sp, sp, 2
x2 <- 0x00000002


mem[X,0x80008608] -> 0x006F
mem[X,0x8000860A] -> 0x00C0
[924] [M]: 0x80008608 (0x00C0006F) jal zero, 12


mem[X,0x80008614] -> 0xA423
mem[X,0x80008616] -> 0x1220
[925] [M]: 0x80008614 (0x1220A423) sw sp, 296(ra)
mem[0x8003A290] <- 0x00000002


mem[X,0x80008618] -> 0x0537
mem[X,0x8000861A] -> 0xF000
[926] [M]: 0x80008618 (0xF0000537) lui a0, 983040
x10 <- 0xF0000000


mem[X,0x8000861C] -> 0x0513
mem[X,0x8000861E] -> 0xFFF5
[927] [M]: 0x8000861C (0xFFF50513) addi a0, a0, 4095
x10 <- 0xEFFFFFFF


mem[X,0x80008620] -> 0xF5B7
mem[X,0x80008622] -> 0xFFFF
[928] [M]: 0x80008620 (0xFFFFF5B7) lui a1, 1048575
x11 <- 0xFFFFF000


mem[X,0x80008624] -> 0x8593
mem[X,0x80008626] -> 0xFFF5
[929] [M]: 0x80008624 (0xFFF58593) addi a1, a1, 4095
x11 <- 0xFFFFEFFF


mem[X,0x80008628] -> 0x0113
mem[X,0x8000862A] -> 0x0000
[930] [M]: 0x80008628 (0x00000113) addi sp, zero, 0
x2 <- 0x00000000


mem[X,0x8000862C] -> 0x006F
mem[X,0x8000862E] -> 0x00C0
[931] [M]: 0x8000862C (0x00C0006F) jal zero, 12


mem[X,0x80008638] -> 0x0CE3
mem[X,0x8000863A] -> 0xFEB5
[932] [M]: 0x80008638 (0xFEB50CE3) beq a0, a1, 8184


mem[X,0x8000863C] -> 0x0113
mem[X,0x8000863E] -> 0x0021
[933] [M]: 0x8000863C (0x00210113) addi sp, sp, 2
x2 <- 0x00000002


mem[X,0x80008640] -> 0x006F
mem[X,0x80008642] -> 0x00C0
[934] [M]: 0x80008640 (0x00C0006F) jal zero, 12


mem[X,0x8000864C] -> 0xA623
mem[X,0x8000864E] -> 0x1220
[935] [M]: 0x8000864C (0x1220A623) sw sp, 300(ra)
mem[0x8003A294] <- 0x00000002


mem[X,0x80008650] -> 0x0537
mem[X,0x80008652] -> 0xE000
[936] [M]: 0x80008650 (0xE0000537) lui a0, 917504
x10 <- 0xE0000000


mem[X,0x80008654] -> 0x0513
mem[X,0x80008656] -> 0xFFF5
[937] [M]: 0x80008654 (0xFFF50513) addi a0, a0, 4095
x10 <- 0xDFFFFFFF


mem[X,0x80008658] -> 0x0593
mem[X,0x8000865A] -> 0xFDF0
[938] [M]: 0x80008658 (0xFDF00593) addi a1, zero, 4063
x11 <- 0xFFFFFFDF


mem[X,0x8000865C] -> 0x0113
mem[X,0x8000865E] -> 0x0000
[939] [M]: 0x8000865C (0x00000113) addi sp, zero, 0
x2 <- 0x00000000


mem[X,0x80008660] -> 0x006F
mem[X,0x80008662] -> 0x0100
[940] [M]: 0x80008660 (0x0100006F) jal zero, 16


mem[X,0x80008670] -> 0x0AE3
mem[X,0x80008672] -> 0xFEB5
[941] [M]: 0x80008670 (0xFEB50AE3) beq a0, a1, 8180


mem[X,0x80008674] -> 0x0113
mem[X,0x80008676] -> 0x0021
[942] [M]: 0x80008674 (0x00210113) addi sp, sp, 2
x2 <- 0x00000002


mem[X,0x80008678] -> 0x006F
mem[X,0x8000867A] -> 0x00C0
[943] [M]: 0x80008678 (0x00C0006F) jal zero, 12


mem[X,0x80008684] -> 0xA823
mem[X,0x80008686] -> 0x1220
[944] [M]: 0x80008684 (0x1220A823) sw sp, 304(ra)
mem[0x8003A298] <- 0x00000002


mem[X,0x80008688] -> 0x0537
mem[X,0x8000868A] -> 0xC000
[945] [M]: 0x80008688 (0xC0000537) lui a0, 786432
x10 <- 0xC0000000


mem[X,0x8000868C] -> 0x0513
mem[X,0x8000868E] -> 0xFFF5
[946] [M]: 0x8000868C (0xFFF50513) addi a0, a0, 4095
x10 <- 0xBFFFFFFF


mem[X,0x80008690] -> 0x0593
mem[X,0x80008692] -> 0xFF60
[947] [M]: 0x80008690 (0xFF600593) addi a1, zero, 4086
x11 <- 0xFFFFFFF6


mem[X,0x80008694] -> 0x0113
mem[X,0x80008696] -> 0x0000
[948] [M]: 0x80008694 (0x00000113) addi sp, zero, 0
x2 <- 0x00000000


mem[X,0x80008698] -> 0x006F
mem[X,0x8000869A] -> 0x00C0
[949] [M]: 0x80008698 (0x00C0006F) jal zero, 12


mem[X,0x800086A4] -> 0x0663
mem[X,0x800086A6] -> 0x00B5
[950] [M]: 0x800086A4 (0x00B50663) beq a0, a1, 12


mem[X,0x800086A8] -> 0x0113
mem[X,0x800086AA] -> 0x0021
[951] [M]: 0x800086A8 (0x00210113) addi sp, sp, 2
x2 <- 0x00000002


mem[X,0x800086AC] -> 0x006F
mem[X,0x800086AE] -> 0x00C0
[952] [M]: 0x800086AC (0x00C0006F) jal zero, 12


mem[X,0x800086B8] -> 0xAA23
mem[X,0x800086BA] -> 0x1220
[953] [M]: 0x800086B8 (0x1220AA23) sw sp, 308(ra)
mem[0x8003A29C] <- 0x00000002


mem[X,0x800086BC] -> 0x0537
mem[X,0x800086BE] -> 0x8000
[954] [M]: 0x800086BC (0x80000537) lui a0, 524288
x10 <- 0x80000000


mem[X,0x800086C0] -> 0x0513
mem[X,0x800086C2] -> 0xFFF5
[955] [M]: 0x800086C0 (0xFFF50513) addi a0, a0, 4095
x10 <- 0x7FFFFFFF


mem[X,0x800086C4] -> 0x05B7
mem[X,0x800086C6] -> 0xC000
[956] [M]: 0x800086C4 (0xC00005B7) lui a1, 786432
x11 <- 0xC0000000


mem[X,0x800086C8] -> 0x0113
mem[X,0x800086CA] -> 0x0000
[957] [M]: 0x800086C8 (0x00000113) addi sp, zero, 0
x2 <- 0x00000000


mem[X,0x800086CC] -> 0x006F
mem[X,0x800086CE] -> 0x0140
[958] [M]: 0x800086CC (0x0140006F) jal zero, 20


mem[X,0x800086E0] -> 0x08E3
mem[X,0x800086E2] -> 0xFEB5
[959] [M]: 0x800086E0 (0xFEB508E3) beq a0, a1, 8176


mem[X,0x800086E4] -> 0x0113
mem[X,0x800086E6] -> 0x0021
[960] [M]: 0x800086E4 (0x00210113) addi sp, sp, 2
x2 <- 0x00000002


mem[X,0x800086E8] -> 0x006F
mem[X,0x800086EA] -> 0x00C0
[961] [M]: 0x800086E8 (0x00C0006F) jal zero, 12


mem[X,0x800086F4] -> 0xAC23
mem[X,0x800086F6] -> 0x1220
[962] [M]: 0x800086F4 (0x1220AC23) sw sp, 312(ra)
mem[0x8003A2A0] <- 0x00000002


mem[X,0x800086F8] -> 0x0513
mem[X,0x800086FA] -> 0x0030
[963] [M]: 0x800086F8 (0x00300513) addi a0, zero, 3
x10 <- 0x00000003


mem[X,0x800086FC] -> 0x0593
mem[X,0x800086FE] -> 0x0030
[964] [M]: 0x800086FC (0x00300593) addi a1, zero, 3
x11 <- 0x00000003


mem[X,0x80008700] -> 0x0113
mem[X,0x80008702] -> 0x0000
[965] [M]: 0x80008700 (0x00000113) addi sp, zero, 0
x2 <- 0x00000000


mem[X,0x80008704] -> 0x006F
mem[X,0x80008706] -> 0x00C0
[966] [M]: 0x80008704 (0x00C0006F) jal zero, 12


mem[X,0x80008710] -> 0x0063
mem[X,0x80008712] -> 0x02B5
[967] [M]: 0x80008710 (0x02B50063) beq a0, a1, 32


mem[X,0x80008730] -> 0x0113
mem[X,0x80008732] -> 0x0031
[968] [M]: 0x80008730 (0x00310113) addi sp, sp, 3
x2 <- 0x00000003


mem[X,0x80008734] -> 0x006F
mem[X,0x80008736] -> 0x0040
[969] [M]: 0x80008734 (0x0040006F) jal zero, 4


mem[X,0x80008738] -> 0xAE23
mem[X,0x8000873A] -> 0x1220
[970] [M]: 0x80008738 (0x1220AE23) sw sp, 316(ra)
mem[0x8003A2A4] <- 0x00000003


mem[X,0x8000873C] -> 0x0513
mem[X,0x8000873E] -> 0x0030
[971] [M]: 0x8000873C (0x00300513) addi a0, zero, 3
x10 <- 0x00000003


mem[X,0x80008740] -> 0x55B7
mem[X,0x80008742] -> 0x5555
[972] [M]: 0x80008740 (0x555555B7) lui a1, 349525
x11 <- 0x55555000


mem[X,0x80008744] -> 0x8593
mem[X,0x80008746] -> 0x5555
[973] [M]: 0x80008744 (0x55558593) addi a1, a1, 1365
x11 <- 0x55555555


mem[X,0x80008748] -> 0x0113
mem[X,0x8000874A] -> 0x0000
[974] [M]: 0x80008748 (0x00000113) addi sp, zero, 0
x2 <- 0x00000000


mem[X,0x8000874C] -> 0x006F
mem[X,0x8000874E] -> 0x00C0
[975] [M]: 0x8000874C (0x00C0006F) jal zero, 12


mem[X,0x80008758] -> 0x0CE3
mem[X,0x8000875A] -> 0xFEB5
[976] [M]: 0x80008758 (0xFEB50CE3) beq a0, a1, 8184


mem[X,0x8000875C] -> 0x0113
mem[X,0x8000875E] -> 0x0021
[977] [M]: 0x8000875C (0x00210113) addi sp, sp, 2
x2 <- 0x00000002


mem[X,0x80008760] -> 0x006F
mem[X,0x80008762] -> 0x00C0
[978] [M]: 0x80008760 (0x00C0006F) jal zero, 12


mem[X,0x8000876C] -> 0xA023
mem[X,0x8000876E] -> 0x1420
[979] [M]: 0x8000876C (0x1420A023) sw sp, 320(ra)
mem[0x8003A2A8] <- 0x00000002


mem[X,0x80008770] -> 0x0513
mem[X,0x80008772] -> 0x0030
[980] [M]: 0x80008770 (0x00300513) addi a0, zero, 3
x10 <- 0x00000003


mem[X,0x80008774] -> 0xB5B7
mem[X,0x80008776] -> 0xAAAA
[981] [M]: 0x80008774 (0xAAAAB5B7) lui a1, 699051
x11 <- 0xAAAAB000


mem[X,0x80008778] -> 0x8593
mem[X,0x8000877A] -> 0xAAA5
[982] [M]: 0x80008778 (0xAAA58593) addi a1, a1, 2730
x11 <- 0xAAAAAAAA


mem[X,0x8000877C] -> 0x0113
mem[X,0x8000877E] -> 0x0000
[983] [M]: 0x8000877C (0x00000113) addi sp, zero, 0
x2 <- 0x00000000


mem[X,0x80008780] -> 0x006F
mem[X,0x80008782] -> 0x0100
[984] [M]: 0x80008780 (0x0100006F) jal zero, 16


mem[X,0x80008790] -> 0x0AE3
mem[X,0x80008792] -> 0xFEB5
[985] [M]: 0x80008790 (0xFEB50AE3) beq a0, a1, 8180


mem[X,0x80008794] -> 0x0113
mem[X,0x80008796] -> 0x0021
[986] [M]: 0x80008794 (0x00210113) addi sp, sp, 2
x2 <- 0x00000002


mem[X,0x80008798] -> 0x006F
mem[X,0x8000879A] -> 0x00C0
[987] [M]: 0x80008798 (0x00C0006F) jal zero, 12


mem[X,0x800087A4] -> 0xA223
mem[X,0x800087A6] -> 0x1420
[988] [M]: 0x800087A4 (0x1420A223) sw sp, 324(ra)
mem[0x8003A2AC] <- 0x00000002


mem[X,0x800087A8] -> 0x0513
mem[X,0x800087AA] -> 0x0030
[989] [M]: 0x800087A8 (0x00300513) addi a0, zero, 3
x10 <- 0x00000003


mem[X,0x800087AC] -> 0x0593
mem[X,0x800087AE] -> 0x0050
[990] [M]: 0x800087AC (0x00500593) addi a1, zero, 5
x11 <- 0x00000005


mem[X,0x800087B0] -> 0x0113
mem[X,0x800087B2] -> 0x0000
[991] [M]: 0x800087B0 (0x00000113) addi sp, zero, 0
x2 <- 0x00000000


mem[X,0x800087B4] -> 0x006F
mem[X,0x800087B6] -> 0x00C0
[992] [M]: 0x800087B4 (0x00C0006F) jal zero, 12


mem[X,0x800087C0] -> 0x0863
mem[X,0x800087C2] -> 0x00B5
[993] [M]: 0x800087C0 (0x00B50863) beq a0, a1, 16


mem[X,0x800087C4] -> 0x0113
mem[X,0x800087C6] -> 0x0021
[994] [M]: 0x800087C4 (0x00210113) addi sp, sp, 2
x2 <- 0x00000002


mem[X,0x800087C8] -> 0x006F
mem[X,0x800087CA] -> 0x0100
[995] [M]: 0x800087C8 (0x0100006F) jal zero, 16


mem[X,0x800087D8] -> 0xA423
mem[X,0x800087DA] -> 0x1420
[996] [M]: 0x800087D8 (0x1420A423) sw sp, 328(ra)
mem[0x8003A2B0] <- 0x00000002


mem[X,0x800087DC] -> 0x0513
mem[X,0x800087DE] -> 0x0030
[997] [M]: 0x800087DC (0x00300513) addi a0, zero, 3
x10 <- 0x00000003


mem[X,0x800087E0] -> 0x35B7
mem[X,0x800087E2] -> 0x3333
[998] [M]: 0x800087E0 (0x333335B7) lui a1, 209715
x11 <- 0x33333000


mem[X,0x800087E4] -> 0x8593
mem[X,0x800087E6] -> 0x3335
[999] [M]: 0x800087E4 (0x33358593) addi a1, a1, 819
x11 <- 0x33333333


clint::tick mtime <- 0x000000000000000A
 clint timer pending at mtime 0x000000000000000A
htif::tick 0x0000000000000000
mem[X,0x800087E8] -> 0x0113
mem[X,0x800087EA] -> 0x0000
[1000] [M]: 0x800087E8 (0x00000113) addi sp, zero, 0
x2 <- 0x00000000


mem[X,0x800087EC] -> 0x006F
mem[X,0x800087EE] -> 0x00C0
[1001] [M]: 0x800087EC (0x00C0006F) jal zero, 12


mem[X,0x800087F8] -> 0x0063
mem[X,0x800087FA] -> 0x04B5
[1002] [M]: 0x800087F8 (0x04B50063) beq a0, a1, 64


mem[X,0x800087FC] -> 0x0113
mem[X,0x800087FE] -> 0x0021
[1003] [M]: 0x800087FC (0x00210113) addi sp, sp, 2
x2 <- 0x00000002


mem[X,0x80008800] -> 0x006F
mem[X,0x80008802] -> 0x0400
[1004] [M]: 0x80008800 (0x0400006F) jal zero, 64


mem[X,0x80008840] -> 0xA623
mem[X,0x80008842] -> 0x1420
[1005] [M]: 0x80008840 (0x1420A623) sw sp, 332(ra)
mem[0x8003A2B4] <- 0x00000002


mem[X,0x80008844] -> 0x0513
mem[X,0x80008846] -> 0x0030
[1006] [M]: 0x80008844 (0x00300513) addi a0, zero, 3
x10 <- 0x00000003


mem[X,0x80008848] -> 0x65B7
mem[X,0x8000884A] -> 0x6666
[1007] [M]: 0x80008848 (0x666665B7) lui a1, 419430
x11 <- 0x66666000


mem[X,0x8000884C] -> 0x8593
mem[X,0x8000884E] -> 0x6665
[1008] [M]: 0x8000884C (0x66658593) addi a1, a1, 1638
x11 <- 0x66666666


mem[X,0x80008850] -> 0x0113
mem[X,0x80008852] -> 0x0000
[1009] [M]: 0x80008850 (0x00000113) addi sp, zero, 0
x2 <- 0x00000000


mem[X,0x80008854] -> 0x006F
mem[X,0x80008856] -> 0x0180
[1010] [M]: 0x80008854 (0x0180006F) jal zero, 24


mem[X,0x8000886C] -> 0x06E3
mem[X,0x8000886E] -> 0xFEB5
[1011] [M]: 0x8000886C (0xFEB506E3) beq a0, a1, 8172


mem[X,0x80008870] -> 0x0113
mem[X,0x80008872] -> 0x0021
[1012] [M]: 0x80008870 (0x00210113) addi sp, sp, 2
x2 <- 0x00000002


mem[X,0x80008874] -> 0x006F
mem[X,0x80008876] -> 0x00C0
[1013] [M]: 0x80008874 (0x00C0006F) jal zero, 12


mem[X,0x80008880] -> 0xA823
mem[X,0x80008882] -> 0x1420
[1014] [M]: 0x80008880 (0x1420A823) sw sp, 336(ra)
mem[0x8003A2B8] <- 0x00000002


mem[X,0x80008884] -> 0x0513
mem[X,0x80008886] -> 0x0030
[1015] [M]: 0x80008884 (0x00300513) addi a0, zero, 3
x10 <- 0x00000003


mem[X,0x80008888] -> 0x55B7
mem[X,0x8000888A] -> 0xFFFF
[1016] [M]: 0x80008888 (0xFFFF55B7) lui a1, 1048565
x11 <- 0xFFFF5000


mem[X,0x8000888C] -> 0x8593
mem[X,0x8000888E] -> 0xAFC5
[1017] [M]: 0x8000888C (0xAFC58593) addi a1, a1, 2812
x11 <- 0xFFFF4AFC


mem[X,0x80008890] -> 0x0113
mem[X,0x80008892] -> 0x0000
[1018] [M]: 0x80008890 (0x00000113) addi sp, zero, 0
x2 <- 0x00000000


mem[X,0x80008894] -> 0x006F
mem[X,0x80008896] -> 0x0140
[1019] [M]: 0x80008894 (0x0140006F) jal zero, 20


mem[X,0x800088A8] -> 0x08E3
mem[X,0x800088AA] -> 0xFEB5
[1020] [M]: 0x800088A8 (0xFEB508E3) beq a0, a1, 8176


mem[X,0x800088AC] -> 0x0113
mem[X,0x800088AE] -> 0x0021
[1021] [M]: 0x800088AC (0x00210113) addi sp, sp, 2
x2 <- 0x00000002


mem[X,0x800088B0] -> 0x006F
mem[X,0x800088B2] -> 0x00C0
[1022] [M]: 0x800088B0 (0x00C0006F) jal zero, 12


mem[X,0x800088BC] -> 0xAA23
mem[X,0x800088BE] -> 0x1420
[1023] [M]: 0x800088BC (0x1420AA23) sw sp, 340(ra)
mem[0x8003A2BC] <- 0x00000002


mem[X,0x800088C0] -> 0x0513
mem[X,0x800088C2] -> 0x0030
[1024] [M]: 0x800088C0 (0x00300513) addi a0, zero, 3
x10 <- 0x00000003


mem[X,0x800088C4] -> 0xB5B7
mem[X,0x800088C6] -> 0x0000
[1025] [M]: 0x800088C4 (0x0000B5B7) lui a1, 11
x11 <- 0x0000B000


mem[X,0x800088C8] -> 0x8593
mem[X,0x800088CA] -> 0x5045
[1026] [M]: 0x800088C8 (0x50458593) addi a1, a1, 1284
x11 <- 0x0000B504


mem[X,0x800088CC] -> 0x0113
mem[X,0x800088CE] -> 0x0000
[1027] [M]: 0x800088CC (0x00000113) addi sp, zero, 0
x2 <- 0x00000000


mem[X,0x800088D0] -> 0x006F
mem[X,0x800088D2] -> 0x00C0
[1028] [M]: 0x800088D0 (0x00C0006F) jal zero, 12


mem[X,0x800088DC] -> 0x0663
mem[X,0x800088DE] -> 0x00B5
[1029] [M]: 0x800088DC (0x00B50663) beq a0, a1, 12


mem[X,0x800088E0] -> 0x0113
mem[X,0x800088E2] -> 0x0021
[1030] [M]: 0x800088E0 (0x00210113) addi sp, sp, 2
x2 <- 0x00000002


mem[X,0x800088E4] -> 0x006F
mem[X,0x800088E6] -> 0x00C0
[1031] [M]: 0x800088E4 (0x00C0006F) jal zero, 12


mem[X,0x800088F0] -> 0xAC23
mem[X,0x800088F2] -> 0x1420
[1032] [M]: 0x800088F0 (0x1420AC23) sw sp, 344(ra)
mem[0x8003A2C0] <- 0x00000002


mem[X,0x800088F4] -> 0x0513
mem[X,0x800088F6] -> 0x0030
[1033] [M]: 0x800088F4 (0x00300513) addi a0, zero, 3
x10 <- 0x00000003


mem[X,0x800088F8] -> 0x0593
mem[X,0x800088FA] -> 0x0020
[1034] [M]: 0x800088F8 (0x00200593) addi a1, zero, 2
x11 <- 0x00000002


mem[X,0x800088FC] -> 0x0113
mem[X,0x800088FE] -> 0x0000
[1035] [M]: 0x800088FC (0x00000113) addi sp, zero, 0
x2 <- 0x00000000


mem[X,0x80008900] -> 0x006F
mem[X,0x80008902] -> 0x00C0
[1036] [M]: 0x80008900 (0x00C0006F) jal zero, 12


mem[X,0x8000890C] -> 0x0063
mem[X,0x8000890E] -> 0x04B5
[1037] [M]: 0x8000890C (0x04B50063) beq a0, a1, 64


mem[X,0x80008910] -> 0x0113
mem[X,0x80008912] -> 0x0021
[1038] [M]: 0x80008910 (0x00210113) addi sp, sp, 2
x2 <- 0x00000002


mem[X,0x80008914] -> 0x006F
mem[X,0x80008916] -> 0x0400
[1039] [M]: 0x80008914 (0x0400006F) jal zero, 64


mem[X,0x80008954] -> 0xAE23
mem[X,0x80008956] -> 0x1420
[1040] [M]: 0x80008954 (0x1420AE23) sw sp, 348(ra)
mem[0x8003A2C4] <- 0x00000002


mem[X,0x80008958] -> 0x0513
mem[X,0x8000895A] -> 0x0030
[1041] [M]: 0x80008958 (0x00300513) addi a0, zero, 3
x10 <- 0x00000003


mem[X,0x8000895C] -> 0x55B7
mem[X,0x8000895E] -> 0x5555
[1042] [M]: 0x8000895C (0x555555B7) lui a1, 349525
x11 <- 0x55555000


mem[X,0x80008960] -> 0x8593
mem[X,0x80008962] -> 0x5545
[1043] [M]: 0x80008960 (0x55458593) addi a1, a1, 1364
x11 <- 0x55555554


mem[X,0x80008964] -> 0x0113
mem[X,0x80008966] -> 0x0000
[1044] [M]: 0x80008964 (0x00000113) addi sp, zero, 0
x2 <- 0x00000000


mem[X,0x80008968] -> 0x006F
mem[X,0x8000896A] -> 0x00C0
[1045] [M]: 0x80008968 (0x00C0006F) jal zero, 12


mem[X,0x80008974] -> 0x0063
mem[X,0x80008976] -> 0x08B5
[1046] [M]: 0x80008974 (0x08B50063) beq a0, a1, 128


mem[X,0x80008978] -> 0x0113
mem[X,0x8000897A] -> 0x0021
[1047] [M]: 0x80008978 (0x00210113) addi sp, sp, 2
x2 <- 0x00000002


mem[X,0x8000897C] -> 0x006F
mem[X,0x8000897E] -> 0x0800
[1048] [M]: 0x8000897C (0x0800006F) jal zero, 128


mem[X,0x800089FC] -> 0xA023
mem[X,0x800089FE] -> 0x1620
[1049] [M]: 0x800089FC (0x1620A023) sw sp, 352(ra)
mem[0x8003A2C8] <- 0x00000002


mem[X,0x80008A00] -> 0x0513
mem[X,0x80008A02] -> 0x0030
[1050] [M]: 0x80008A00 (0x00300513) addi a0, zero, 3
x10 <- 0x00000003


mem[X,0x80008A04] -> 0x0593
mem[X,0x80008A06] -> 0x0000
[1051] [M]: 0x80008A04 (0x00000593) addi a1, zero, 0
x11 <- 0x00000000


mem[X,0x80008A08] -> 0x0113
mem[X,0x80008A0A] -> 0x0000
[1052] [M]: 0x80008A08 (0x00000113) addi sp, zero, 0
x2 <- 0x00000000


mem[X,0x80008A0C] -> 0x006F
mem[X,0x80008A0E] -> 0x00C0
[1053] [M]: 0x80008A0C (0x00C0006F) jal zero, 12


mem[X,0x80008A18] -> 0x0CE3
mem[X,0x80008A1A] -> 0xFEB5
[1054] [M]: 0x80008A18 (0xFEB50CE3) beq a0, a1, 8184


mem[X,0x80008A1C] -> 0x0113
mem[X,0x80008A1E] -> 0x0021
[1055] [M]: 0x80008A1C (0x00210113) addi sp, sp, 2
x2 <- 0x00000002


mem[X,0x80008A20] -> 0x006F
mem[X,0x80008A22] -> 0x00C0
[1056] [M]: 0x80008A20 (0x00C0006F) jal zero, 12


mem[X,0x80008A2C] -> 0xA223
mem[X,0x80008A2E] -> 0x1620
[1057] [M]: 0x80008A2C (0x1620A223) sw sp, 356(ra)
mem[0x8003A2CC] <- 0x00000002


mem[X,0x80008A30] -> 0x0513
mem[X,0x80008A32] -> 0x0030
[1058] [M]: 0x80008A30 (0x00300513) addi a0, zero, 3
x10 <- 0x00000003


mem[X,0x80008A34] -> 0x0593
mem[X,0x80008A36] -> 0x0040
[1059] [M]: 0x80008A34 (0x00400593) addi a1, zero, 4
x11 <- 0x00000004


mem[X,0x80008A38] -> 0x0113
mem[X,0x80008A3A] -> 0x0000
[1060] [M]: 0x80008A38 (0x00000113) addi sp, zero, 0
x2 <- 0x00000000


mem[X,0x80008A3C] -> 0x006F
mem[X,0x80008A3E] -> 0x0140
[1061] [M]: 0x80008A3C (0x0140006F) jal zero, 20


mem[X,0x80008A50] -> 0x08E3
mem[X,0x80008A52] -> 0xFEB5
[1062] [M]: 0x80008A50 (0xFEB508E3) beq a0, a1, 8176


mem[X,0x80008A54] -> 0x0113
mem[X,0x80008A56] -> 0x0021
[1063] [M]: 0x80008A54 (0x00210113) addi sp, sp, 2
x2 <- 0x00000002


mem[X,0x80008A58] -> 0x006F
mem[X,0x80008A5A] -> 0x00C0
[1064] [M]: 0x80008A58 (0x00C0006F) jal zero, 12


mem[X,0x80008A64] -> 0xA423
mem[X,0x80008A66] -> 0x1620
[1065] [M]: 0x80008A64 (0x1620A423) sw sp, 360(ra)
mem[0x8003A2D0] <- 0x00000002


mem[X,0x80008A68] -> 0x0513
mem[X,0x80008A6A] -> 0x0030
[1066] [M]: 0x80008A68 (0x00300513) addi a0, zero, 3
x10 <- 0x00000003


mem[X,0x80008A6C] -> 0x35B7
mem[X,0x80008A6E] -> 0x3333
[1067] [M]: 0x80008A6C (0x333335B7) lui a1, 209715
x11 <- 0x33333000


mem[X,0x80008A70] -> 0x8593
mem[X,0x80008A72] -> 0x3325
[1068] [M]: 0x80008A70 (0x33258593) addi a1, a1, 818
x11 <- 0x33333332


mem[X,0x80008A74] -> 0x0113
mem[X,0x80008A76] -> 0x0000
[1069] [M]: 0x80008A74 (0x00000113) addi sp, zero, 0
x2 <- 0x00000000


mem[X,0x80008A78] -> 0x006F
mem[X,0x80008A7A] -> 0x0180
[1070] [M]: 0x80008A78 (0x0180006F) jal zero, 24


mem[X,0x80008A90] -> 0x06E3
mem[X,0x80008A92] -> 0xFEB5
[1071] [M]: 0x80008A90 (0xFEB506E3) beq a0, a1, 8172


mem[X,0x80008A94] -> 0x0113
mem[X,0x80008A96] -> 0x0021
[1072] [M]: 0x80008A94 (0x00210113) addi sp, sp, 2
x2 <- 0x00000002


mem[X,0x80008A98] -> 0x006F
mem[X,0x80008A9A] -> 0x00C0
[1073] [M]: 0x80008A98 (0x00C0006F) jal zero, 12


mem[X,0x80008AA4] -> 0xA623
mem[X,0x80008AA6] -> 0x1620
[1074] [M]: 0x80008AA4 (0x1620A623) sw sp, 364(ra)
mem[0x8003A2D4] <- 0x00000002


mem[X,0x80008AA8] -> 0x0513
mem[X,0x80008AAA] -> 0x0030
[1075] [M]: 0x80008AA8 (0x00300513) addi a0, zero, 3
x10 <- 0x00000003


mem[X,0x80008AAC] -> 0x65B7
mem[X,0x80008AAE] -> 0x6666
[1076] [M]: 0x80008AAC (0x666665B7) lui a1, 419430
x11 <- 0x66666000


mem[X,0x80008AB0] -> 0x8593
mem[X,0x80008AB2] -> 0x6655
[1077] [M]: 0x80008AB0 (0x66558593) addi a1, a1, 1637
x11 <- 0x66666665


mem[X,0x80008AB4] -> 0x0113
mem[X,0x80008AB6] -> 0x0000
[1078] [M]: 0x80008AB4 (0x00000113) addi sp, zero, 0
x2 <- 0x00000000


mem[X,0x80008AB8] -> 0x006F
mem[X,0x80008ABA] -> 0x00C0
[1079] [M]: 0x80008AB8 (0x00C0006F) jal zero, 12


mem[X,0x80008AC4] -> 0x0CE3
mem[X,0x80008AC6] -> 0xFEB5
[1080] [M]: 0x80008AC4 (0xFEB50CE3) beq a0, a1, 8184


mem[X,0x80008AC8] -> 0x0113
mem[X,0x80008ACA] -> 0x0021
[1081] [M]: 0x80008AC8 (0x00210113) addi sp, sp, 2
x2 <- 0x00000002


mem[X,0x80008ACC] -> 0x006F
mem[X,0x80008ACE] -> 0x00C0
[1082] [M]: 0x80008ACC (0x00C0006F) jal zero, 12


mem[X,0x80008AD8] -> 0xA823
mem[X,0x80008ADA] -> 0x1620
[1083] [M]: 0x80008AD8 (0x1620A823) sw sp, 368(ra)
mem[0x8003A2D8] <- 0x00000002


mem[X,0x80008ADC] -> 0x0513
mem[X,0x80008ADE] -> 0x0030
[1084] [M]: 0x80008ADC (0x00300513) addi a0, zero, 3
x10 <- 0x00000003


mem[X,0x80008AE0] -> 0xB5B7
mem[X,0x80008AE2] -> 0x0000
[1085] [M]: 0x80008AE0 (0x0000B5B7) lui a1, 11
x11 <- 0x0000B000


mem[X,0x80008AE4] -> 0x8593
mem[X,0x80008AE6] -> 0x5035
[1086] [M]: 0x80008AE4 (0x50358593) addi a1, a1, 1283
x11 <- 0x0000B503


mem[X,0x80008AE8] -> 0x0113
mem[X,0x80008AEA] -> 0x0000
[1087] [M]: 0x80008AE8 (0x00000113) addi sp, zero, 0
x2 <- 0x00000000


mem[X,0x80008AEC] -> 0x006F
mem[X,0x80008AEE] -> 0x00C0
[1088] [M]: 0x80008AEC (0x00C0006F) jal zero, 12


mem[X,0x80008AF8] -> 0x0CE3
mem[X,0x80008AFA] -> 0xFEB5
[1089] [M]: 0x80008AF8 (0xFEB50CE3) beq a0, a1, 8184


mem[X,0x80008AFC] -> 0x0113
mem[X,0x80008AFE] -> 0x0021
[1090] [M]: 0x80008AFC (0x00210113) addi sp, sp, 2
x2 <- 0x00000002


mem[X,0x80008B00] -> 0x006F
mem[X,0x80008B02] -> 0x00C0
[1091] [M]: 0x80008B00 (0x00C0006F) jal zero, 12


mem[X,0x80008B0C] -> 0xAA23
mem[X,0x80008B0E] -> 0x1620
[1092] [M]: 0x80008B0C (0x1620AA23) sw sp, 372(ra)
mem[0x8003A2DC] <- 0x00000002


mem[X,0x80008B10] -> 0x0513
mem[X,0x80008B12] -> 0x0030
[1093] [M]: 0x80008B10 (0x00300513) addi a0, zero, 3
x10 <- 0x00000003


mem[X,0x80008B14] -> 0x55B7
mem[X,0x80008B16] -> 0x5555
[1094] [M]: 0x80008B14 (0x555555B7) lui a1, 349525
x11 <- 0x55555000


mem[X,0x80008B18] -> 0x8593
mem[X,0x80008B1A] -> 0x5565
[1095] [M]: 0x80008B18 (0x55658593) addi a1, a1, 1366
x11 <- 0x55555556


mem[X,0x80008B1C] -> 0x0113
mem[X,0x80008B1E] -> 0x0000
[1096] [M]: 0x80008B1C (0x00000113) addi sp, zero, 0
x2 <- 0x00000000


mem[X,0x80008B20] -> 0x006F
mem[X,0x80008B22] -> 0x00C0
[1097] [M]: 0x80008B20 (0x00C0006F) jal zero, 12


mem[X,0x80008B2C] -> 0x0663
mem[X,0x80008B2E] -> 0x00B5
[1098] [M]: 0x80008B2C (0x00B50663) beq a0, a1, 12


mem[X,0x80008B30] -> 0x0113
mem[X,0x80008B32] -> 0x0021
[1099] [M]: 0x80008B30 (0x00210113) addi sp, sp, 2
x2 <- 0x00000002


clint::tick mtime <- 0x000000000000000B
 clint timer pending at mtime 0x000000000000000B
htif::tick 0x0000000000000000
mem[X,0x80008B34] -> 0x006F
mem[X,0x80008B36] -> 0x00C0
[1100] [M]: 0x80008B34 (0x00C0006F) jal zero, 12


mem[X,0x80008B40] -> 0xAC23
mem[X,0x80008B42] -> 0x1620
[1101] [M]: 0x80008B40 (0x1620AC23) sw sp, 376(ra)
mem[0x8003A2E0] <- 0x00000002


mem[X,0x80008B44] -> 0x0513
mem[X,0x80008B46] -> 0x0030
[1102] [M]: 0x80008B44 (0x00300513) addi a0, zero, 3
x10 <- 0x00000003


mem[X,0x80008B48] -> 0xB5B7
mem[X,0x80008B4A] -> 0xAAAA
[1103] [M]: 0x80008B48 (0xAAAAB5B7) lui a1, 699051
x11 <- 0xAAAAB000


mem[X,0x80008B4C] -> 0x8593
mem[X,0x80008B4E] -> 0xAAB5
[1104] [M]: 0x80008B4C (0xAAB58593) addi a1, a1, 2731
x11 <- 0xAAAAAAAB


mem[X,0x80008B50] -> 0x0113
mem[X,0x80008B52] -> 0x0000
[1105] [M]: 0x80008B50 (0x00000113) addi sp, zero, 0
x2 <- 0x00000000


mem[X,0x80008B54] -> 0x006F
mem[X,0x80008B56] -> 0x0180
[1106] [M]: 0x80008B54 (0x0180006F) jal zero, 24


mem[X,0x80008B6C] -> 0x06E3
mem[X,0x80008B6E] -> 0xFEB5
[1107] [M]: 0x80008B6C (0xFEB506E3) beq a0, a1, 8172


mem[X,0x80008B70] -> 0x0113
mem[X,0x80008B72] -> 0x0021
[1108] [M]: 0x80008B70 (0x00210113) addi sp, sp, 2
x2 <- 0x00000002


mem[X,0x80008B74] -> 0x006F
mem[X,0x80008B76] -> 0x00C0
[1109] [M]: 0x80008B74 (0x00C0006F) jal zero, 12


mem[X,0x80008B80] -> 0xAE23
mem[X,0x80008B82] -> 0x1620
[1110] [M]: 0x80008B80 (0x1620AE23) sw sp, 380(ra)
mem[0x8003A2E4] <- 0x00000002


mem[X,0x80008B84] -> 0x0513
mem[X,0x80008B86] -> 0x0030
[1111] [M]: 0x80008B84 (0x00300513) addi a0, zero, 3
x10 <- 0x00000003


mem[X,0x80008B88] -> 0x0593
mem[X,0x80008B8A] -> 0x0060
[1112] [M]: 0x80008B88 (0x00600593) addi a1, zero, 6
x11 <- 0x00000006


mem[X,0x80008B8C] -> 0x0113
mem[X,0x80008B8E] -> 0x0000
[1113] [M]: 0x80008B8C (0x00000113) addi sp, zero, 0
x2 <- 0x00000000


mem[X,0x80008B90] -> 0x006F
mem[X,0x80008B92] -> 0x00C0
[1114] [M]: 0x80008B90 (0x00C0006F) jal zero, 12


mem[X,0x80008B9C] -> 0x0863
mem[X,0x80008B9E] -> 0x00B5
[1115] [M]: 0x80008B9C (0x00B50863) beq a0, a1, 16


mem[X,0x80008BA0] -> 0x0113
mem[X,0x80008BA2] -> 0x0021
[1116] [M]: 0x80008BA0 (0x00210113) addi sp, sp, 2
x2 <- 0x00000002


mem[X,0x80008BA4] -> 0x006F
mem[X,0x80008BA6] -> 0x0100
[1117] [M]: 0x80008BA4 (0x0100006F) jal zero, 16


mem[X,0x80008BB4] -> 0xA023
mem[X,0x80008BB6] -> 0x1820
[1118] [M]: 0x80008BB4 (0x1820A023) sw sp, 384(ra)
mem[0x8003A2E8] <- 0x00000002


mem[X,0x80008BB8] -> 0x0513
mem[X,0x80008BBA] -> 0x0030
[1119] [M]: 0x80008BB8 (0x00300513) addi a0, zero, 3
x10 <- 0x00000003


mem[X,0x80008BBC] -> 0x35B7
mem[X,0x80008BBE] -> 0x3333
[1120] [M]: 0x80008BBC (0x333335B7) lui a1, 209715
x11 <- 0x33333000


mem[X,0x80008BC0] -> 0x8593
mem[X,0x80008BC2] -> 0x3345
[1121] [M]: 0x80008BC0 (0x33458593) addi a1, a1, 820
x11 <- 0x33333334


mem[X,0x80008BC4] -> 0x0113
mem[X,0x80008BC6] -> 0x0000
[1122] [M]: 0x80008BC4 (0x00000113) addi sp, zero, 0
x2 <- 0x00000000


mem[X,0x80008BC8] -> 0x006F
mem[X,0x80008BCA] -> 0x00C0
[1123] [M]: 0x80008BC8 (0x00C0006F) jal zero, 12


mem[X,0x80008BD4] -> 0x0063
mem[X,0x80008BD6] -> 0x04B5
[1124] [M]: 0x80008BD4 (0x04B50063) beq a0, a1, 64


mem[X,0x80008BD8] -> 0x0113
mem[X,0x80008BDA] -> 0x0021
[1125] [M]: 0x80008BD8 (0x00210113) addi sp, sp, 2
x2 <- 0x00000002


mem[X,0x80008BDC] -> 0x006F
mem[X,0x80008BDE] -> 0x0400
[1126] [M]: 0x80008BDC (0x0400006F) jal zero, 64


mem[X,0x80008C1C] -> 0xA223
mem[X,0x80008C1E] -> 0x1820
[1127] [M]: 0x80008C1C (0x1820A223) sw sp, 388(ra)
mem[0x8003A2EC] <- 0x00000002


mem[X,0x80008C20] -> 0x0513
mem[X,0x80008C22] -> 0x0030
[1128] [M]: 0x80008C20 (0x00300513) addi a0, zero, 3
x10 <- 0x00000003


mem[X,0x80008C24] -> 0x65B7
mem[X,0x80008C26] -> 0x6666
[1129] [M]: 0x80008C24 (0x666665B7) lui a1, 419430
x11 <- 0x66666000


mem[X,0x80008C28] -> 0x8593
mem[X,0x80008C2A] -> 0x6675
[1130] [M]: 0x80008C28 (0x66758593) addi a1, a1, 1639
x11 <- 0x66666667


mem[X,0x80008C2C] -> 0x0113
mem[X,0x80008C2E] -> 0x0000
[1131] [M]: 0x80008C2C (0x00000113) addi sp, zero, 0
x2 <- 0x00000000


mem[X,0x80008C30] -> 0x006F
mem[X,0x80008C32] -> 0x00C0
[1132] [M]: 0x80008C30 (0x00C0006F) jal zero, 12


mem[X,0x80008C3C] -> 0x0063
mem[X,0x80008C3E] -> 0x40B5
[1133] [M]: 0x80008C3C (0x40B50063) beq a0, a1, 1024


mem[X,0x80008C40] -> 0x0113
mem[X,0x80008C42] -> 0x0021
[1134] [M]: 0x80008C40 (0x00210113) addi sp, sp, 2
x2 <- 0x00000002


mem[X,0x80008C44] -> 0x006F
mem[X,0x80008C46] -> 0x4000
[1135] [M]: 0x80008C44 (0x4000006F) jal zero, 1024


mem[X,0x80009044] -> 0xA423
mem[X,0x80009046] -> 0x1820
[1136] [M]: 0x80009044 (0x1820A423) sw sp, 392(ra)
mem[0x8003A2F0] <- 0x00000002


mem[X,0x80009048] -> 0x0513
mem[X,0x8000904A] -> 0x0030
[1137] [M]: 0x80009048 (0x00300513) addi a0, zero, 3
x10 <- 0x00000003


mem[X,0x8000904C] -> 0x55B7
mem[X,0x8000904E] -> 0xFFFF
[1138] [M]: 0x8000904C (0xFFFF55B7) lui a1, 1048565
x11 <- 0xFFFF5000


mem[X,0x80009050] -> 0x8593
mem[X,0x80009052] -> 0xAFD5
[1139] [M]: 0x80009050 (0xAFD58593) addi a1, a1, 2813
x11 <- 0xFFFF4AFD


mem[X,0x80009054] -> 0x0113
mem[X,0x80009056] -> 0x0000
[1140] [M]: 0x80009054 (0x00000113) addi sp, zero, 0
x2 <- 0x00000000


mem[X,0x80009058] -> 0x006F
mem[X,0x8000905A] -> 0x00C0
[1141] [M]: 0x80009058 (0x00C0006F) jal zero, 12


mem[X,0x80009064] -> 0x0663
mem[X,0x80009066] -> 0x00B5
[1142] [M]: 0x80009064 (0x00B50663) beq a0, a1, 12


mem[X,0x80009068] -> 0x0113
mem[X,0x8000906A] -> 0x0021
[1143] [M]: 0x80009068 (0x00210113) addi sp, sp, 2
x2 <- 0x00000002


mem[X,0x8000906C] -> 0x006F
mem[X,0x8000906E] -> 0x00C0
[1144] [M]: 0x8000906C (0x00C0006F) jal zero, 12


mem[X,0x80009078] -> 0xA623
mem[X,0x8000907A] -> 0x1820
[1145] [M]: 0x80009078 (0x1820A623) sw sp, 396(ra)
mem[0x8003A2F4] <- 0x00000002


mem[X,0x8000907C] -> 0x0513
mem[X,0x8000907E] -> 0x0030
[1146] [M]: 0x8000907C (0x00300513) addi a0, zero, 3
x10 <- 0x00000003


mem[X,0x80009080] -> 0xB5B7
mem[X,0x80009082] -> 0x0000
[1147] [M]: 0x80009080 (0x0000B5B7) lui a1, 11
x11 <- 0x0000B000


mem[X,0x80009084] -> 0x8593
mem[X,0x80009086] -> 0x5055
[1148] [M]: 0x80009084 (0x50558593) addi a1, a1, 1285
x11 <- 0x0000B505


mem[X,0x80009088] -> 0x0113
mem[X,0x8000908A] -> 0x0000
[1149] [M]: 0x80009088 (0x00000113) addi sp, zero, 0
x2 <- 0x00000000


mem[X,0x8000908C] -> 0x006F
mem[X,0x8000908E] -> 0x00C0
[1150] [M]: 0x8000908C (0x00C0006F) jal zero, 12


mem[X,0x80009098] -> 0x0663
mem[X,0x8000909A] -> 0x00B5
[1151] [M]: 0x80009098 (0x00B50663) beq a0, a1, 12


mem[X,0x8000909C] -> 0x0113
mem[X,0x8000909E] -> 0x0021
[1152] [M]: 0x8000909C (0x00210113) addi sp, sp, 2
x2 <- 0x00000002


mem[X,0x800090A0] -> 0x006F
mem[X,0x800090A2] -> 0x00C0
[1153] [M]: 0x800090A0 (0x00C0006F) jal zero, 12


mem[X,0x800090AC] -> 0xA823
mem[X,0x800090AE] -> 0x1820
[1154] [M]: 0x800090AC (0x1820A823) sw sp, 400(ra)
mem[0x8003A2F8] <- 0x00000002


mem[X,0x800090B0] -> 0x5537
mem[X,0x800090B2] -> 0x5555
[1155] [M]: 0x800090B0 (0x55555537) lui a0, 349525
x10 <- 0x55555000


mem[X,0x800090B4] -> 0x0513
mem[X,0x800090B6] -> 0x5555
[1156] [M]: 0x800090B4 (0x55550513) addi a0, a0, 1365
x10 <- 0x55555555


mem[X,0x800090B8] -> 0x0593
mem[X,0x800090BA] -> 0x0030
[1157] [M]: 0x800090B8 (0x00300593) addi a1, zero, 3
x11 <- 0x00000003


mem[X,0x800090BC] -> 0x0113
mem[X,0x800090BE] -> 0x0000
[1158] [M]: 0x800090BC (0x00000113) addi sp, zero, 0
x2 <- 0x00000000


mem[X,0x800090C0] -> 0x006F
mem[X,0x800090C2] -> 0x00C0
[1159] [M]: 0x800090C0 (0x00C0006F) jal zero, 12


mem[X,0x800090CC] -> 0x0663
mem[X,0x800090CE] -> 0x00B5
[1160] [M]: 0x800090CC (0x00B50663) beq a0, a1, 12


mem[X,0x800090D0] -> 0x0113
mem[X,0x800090D2] -> 0x0021
[1161] [M]: 0x800090D0 (0x00210113) addi sp, sp, 2
x2 <- 0x00000002


mem[X,0x800090D4] -> 0x006F
mem[X,0x800090D6] -> 0x00C0
[1162] [M]: 0x800090D4 (0x00C0006F) jal zero, 12


mem[X,0x800090E0] -> 0xAA23
mem[X,0x800090E2] -> 0x1820
[1163] [M]: 0x800090E0 (0x1820AA23) sw sp, 404(ra)
mem[0x8003A2FC] <- 0x00000002


mem[X,0x800090E4] -> 0x5537
mem[X,0x800090E6] -> 0x5555
[1164] [M]: 0x800090E4 (0x55555537) lui a0, 349525
x10 <- 0x55555000


mem[X,0x800090E8] -> 0x0513
mem[X,0x800090EA] -> 0x5555
[1165] [M]: 0x800090E8 (0x55550513) addi a0, a0, 1365
x10 <- 0x55555555


mem[X,0x800090EC] -> 0x55B7
mem[X,0x800090EE] -> 0x5555
[1166] [M]: 0x800090EC (0x555555B7) lui a1, 349525
x11 <- 0x55555000


mem[X,0x800090F0] -> 0x8593
mem[X,0x800090F2] -> 0x5555
[1167] [M]: 0x800090F0 (0x55558593) addi a1, a1, 1365
x11 <- 0x55555555


mem[X,0x800090F4] -> 0x0113
mem[X,0x800090F6] -> 0x0000
[1168] [M]: 0x800090F4 (0x00000113) addi sp, zero, 0
x2 <- 0x00000000


mem[X,0x800090F8] -> 0x006F
mem[X,0x800090FA] -> 0x00C0
[1169] [M]: 0x800090F8 (0x00C0006F) jal zero, 12


mem[X,0x80009104] -> 0x0063
mem[X,0x80009106] -> 0x40B5
[1170] [M]: 0x80009104 (0x40B50063) beq a0, a1, 1024


mem[X,0x80009504] -> 0x0113
mem[X,0x80009506] -> 0x0031
[1171] [M]: 0x80009504 (0x00310113) addi sp, sp, 3
x2 <- 0x00000003


mem[X,0x80009508] -> 0x006F
mem[X,0x8000950A] -> 0x0040
[1172] [M]: 0x80009508 (0x0040006F) jal zero, 4


mem[X,0x8000950C] -> 0xAC23
mem[X,0x8000950E] -> 0x1820
[1173] [M]: 0x8000950C (0x1820AC23) sw sp, 408(ra)
mem[0x8003A300] <- 0x00000003


mem[X,0x80009510] -> 0x5537
mem[X,0x80009512] -> 0x5555
[1174] [M]: 0x80009510 (0x55555537) lui a0, 349525
x10 <- 0x55555000


mem[X,0x80009514] -> 0x0513
mem[X,0x80009516] -> 0x5555
[1175] [M]: 0x80009514 (0x55550513) addi a0, a0, 1365
x10 <- 0x55555555


mem[X,0x80009518] -> 0xB5B7
mem[X,0x8000951A] -> 0xAAAA
[1176] [M]: 0x80009518 (0xAAAAB5B7) lui a1, 699051
x11 <- 0xAAAAB000


mem[X,0x8000951C] -> 0x8593
mem[X,0x8000951E] -> 0xAAA5
[1177] [M]: 0x8000951C (0xAAA58593) addi a1, a1, 2730
x11 <- 0xAAAAAAAA


mem[X,0x80009520] -> 0x0113
mem[X,0x80009522] -> 0x0000
[1178] [M]: 0x80009520 (0x00000113) addi sp, zero, 0
x2 <- 0x00000000


mem[X,0x80009524] -> 0x006F
mem[X,0x80009526] -> 0x00C0
[1179] [M]: 0x80009524 (0x00C0006F) jal zero, 12


mem[X,0x80009530] -> 0x0063
mem[X,0x80009532] -> 0x20B5
[1180] [M]: 0x80009530 (0x20B50063) beq a0, a1, 512


mem[X,0x80009534] -> 0x0113
mem[X,0x80009536] -> 0x0021
[1181] [M]: 0x80009534 (0x00210113) addi sp, sp, 2
x2 <- 0x00000002


mem[X,0x80009538] -> 0x006F
mem[X,0x8000953A] -> 0x2000
[1182] [M]: 0x80009538 (0x2000006F) jal zero, 512


mem[X,0x80009738] -> 0xAE23
mem[X,0x8000973A] -> 0x1820
[1183] [M]: 0x80009738 (0x1820AE23) sw sp, 412(ra)
mem[0x8003A304] <- 0x00000002


mem[X,0x8000973C] -> 0x5537
mem[X,0x8000973E] -> 0x5555
[1184] [M]: 0x8000973C (0x55555537) lui a0, 349525
x10 <- 0x55555000


mem[X,0x80009740] -> 0x0513
mem[X,0x80009742] -> 0x5555
[1185] [M]: 0x80009740 (0x55550513) addi a0, a0, 1365
x10 <- 0x55555555


mem[X,0x80009744] -> 0x0593
mem[X,0x80009746] -> 0x0050
[1186] [M]: 0x80009744 (0x00500593) addi a1, zero, 5
x11 <- 0x00000005


mem[X,0x80009748] -> 0x0113
mem[X,0x8000974A] -> 0x0000
[1187] [M]: 0x80009748 (0x00000113) addi sp, zero, 0
x2 <- 0x00000000


mem[X,0x8000974C] -> 0x006F
mem[X,0x8000974E] -> 0x0140
[1188] [M]: 0x8000974C (0x0140006F) jal zero, 20


mem[X,0x80009760] -> 0x08E3
mem[X,0x80009762] -> 0xFEB5
[1189] [M]: 0x80009760 (0xFEB508E3) beq a0, a1, 8176


mem[X,0x80009764] -> 0x0113
mem[X,0x80009766] -> 0x0021
[1190] [M]: 0x80009764 (0x00210113) addi sp, sp, 2
x2 <- 0x00000002


mem[X,0x80009768] -> 0x006F
mem[X,0x8000976A] -> 0x00C0
[1191] [M]: 0x80009768 (0x00C0006F) jal zero, 12


mem[X,0x80009774] -> 0xA023
mem[X,0x80009776] -> 0x1A20
[1192] [M]: 0x80009774 (0x1A20A023) sw sp, 416(ra)
mem[0x8003A308] <- 0x00000002


mem[X,0x80009778] -> 0x5537
mem[X,0x8000977A] -> 0x5555
[1193] [M]: 0x80009778 (0x55555537) lui a0, 349525
x10 <- 0x55555000


mem[X,0x8000977C] -> 0x0513
mem[X,0x8000977E] -> 0x5555
[1194] [M]: 0x8000977C (0x55550513) addi a0, a0, 1365
x10 <- 0x55555555


mem[X,0x80009780] -> 0x35B7
mem[X,0x80009782] -> 0x3333
[1195] [M]: 0x80009780 (0x333335B7) lui a1, 209715
x11 <- 0x33333000


mem[X,0x80009784] -> 0x8593
mem[X,0x80009786] -> 0x3335
[1196] [M]: 0x80009784 (0x33358593) addi a1, a1, 819
x11 <- 0x33333333


mem[X,0x80009788] -> 0x0113
mem[X,0x8000978A] -> 0x0000
[1197] [M]: 0x80009788 (0x00000113) addi sp, zero, 0
x2 <- 0x00000000


mem[X,0x8000978C] -> 0x006F
mem[X,0x8000978E] -> 0x00C0
[1198] [M]: 0x8000978C (0x00C0006F) jal zero, 12


mem[X,0x80009798] -> 0x0063
mem[X,0x8000979A] -> 0x10B5
[1199] [M]: 0x80009798 (0x10B50063) beq a0, a1, 256


clint::tick mtime <- 0x000000000000000C
 clint timer pending at mtime 0x000000000000000C
htif::tick 0x0000000000000000
mem[X,0x8000979C] -> 0x0113
mem[X,0x8000979E] -> 0x0021
[1200] [M]: 0x8000979C (0x00210113) addi sp, sp, 2
x2 <- 0x00000002


mem[X,0x800097A0] -> 0x006F
mem[X,0x800097A2] -> 0x1000
[1201] [M]: 0x800097A0 (0x1000006F) jal zero, 256


mem[X,0x800098A0] -> 0xA223
mem[X,0x800098A2] -> 0x1A20
[1202] [M]: 0x800098A0 (0x1A20A223) sw sp, 420(ra)
mem[0x8003A30C] <- 0x00000002


mem[X,0x800098A4] -> 0x5537
mem[X,0x800098A6] -> 0x5555
[1203] [M]: 0x800098A4 (0x55555537) lui a0, 349525
x10 <- 0x55555000


mem[X,0x800098A8] -> 0x0513
mem[X,0x800098AA] -> 0x5555
[1204] [M]: 0x800098A8 (0x55550513) addi a0, a0, 1365
x10 <- 0x55555555


mem[X,0x800098AC] -> 0x65B7
mem[X,0x800098AE] -> 0x6666
[1205] [M]: 0x800098AC (0x666665B7) lui a1, 419430
x11 <- 0x66666000


mem[X,0x800098B0] -> 0x8593
mem[X,0x800098B2] -> 0x6665
[1206] [M]: 0x800098B0 (0x66658593) addi a1, a1, 1638
x11 <- 0x66666666


mem[X,0x800098B4] -> 0x0113
mem[X,0x800098B6] -> 0x0000
[1207] [M]: 0x800098B4 (0x00000113) addi sp, zero, 0
x2 <- 0x00000000


mem[X,0x800098B8] -> 0x006F
mem[X,0x800098BA] -> 0x00C0
[1208] [M]: 0x800098B8 (0x00C0006F) jal zero, 12


mem[X,0x800098C4] -> 0x0063
mem[X,0x800098C6] -> 0x02B5
[1209] [M]: 0x800098C4 (0x02B50063) beq a0, a1, 32


mem[X,0x800098C8] -> 0x0113
mem[X,0x800098CA] -> 0x0021
[1210] [M]: 0x800098C8 (0x00210113) addi sp, sp, 2
x2 <- 0x00000002


mem[X,0x800098CC] -> 0x006F
mem[X,0x800098CE] -> 0x0200
[1211] [M]: 0x800098CC (0x0200006F) jal zero, 32


mem[X,0x800098EC] -> 0xA423
mem[X,0x800098EE] -> 0x1A20
[1212] [M]: 0x800098EC (0x1A20A423) sw sp, 424(ra)
mem[0x8003A310] <- 0x00000002


mem[X,0x800098F0] -> 0x5537
mem[X,0x800098F2] -> 0x5555
[1213] [M]: 0x800098F0 (0x55555537) lui a0, 349525
x10 <- 0x55555000


mem[X,0x800098F4] -> 0x0513
mem[X,0x800098F6] -> 0x5555
[1214] [M]: 0x800098F4 (0x55550513) addi a0, a0, 1365
x10 <- 0x55555555


mem[X,0x800098F8] -> 0x55B7
mem[X,0x800098FA] -> 0xFFFF
[1215] [M]: 0x800098F8 (0xFFFF55B7) lui a1, 1048565
x11 <- 0xFFFF5000


mem[X,0x800098FC] -> 0x8593
mem[X,0x800098FE] -> 0xAFC5
[1216] [M]: 0x800098FC (0xAFC58593) addi a1, a1, 2812
x11 <- 0xFFFF4AFC


mem[X,0x80009900] -> 0x0113
mem[X,0x80009902] -> 0x0000
[1217] [M]: 0x80009900 (0x00000113) addi sp, zero, 0
x2 <- 0x00000000


mem[X,0x80009904] -> 0x006F
mem[X,0x80009906] -> 0x0140
[1218] [M]: 0x80009904 (0x0140006F) jal zero, 20


mem[X,0x80009918] -> 0x08E3
mem[X,0x8000991A] -> 0xFEB5
[1219] [M]: 0x80009918 (0xFEB508E3) beq a0, a1, 8176


mem[X,0x8000991C] -> 0x0113
mem[X,0x8000991E] -> 0x0021
[1220] [M]: 0x8000991C (0x00210113) addi sp, sp, 2
x2 <- 0x00000002


mem[X,0x80009920] -> 0x006F
mem[X,0x80009922] -> 0x00C0
[1221] [M]: 0x80009920 (0x00C0006F) jal zero, 12


mem[X,0x8000992C] -> 0xA623
mem[X,0x8000992E] -> 0x1A20
[1222] [M]: 0x8000992C (0x1A20A623) sw sp, 428(ra)
mem[0x8003A314] <- 0x00000002


mem[X,0x80009930] -> 0x5537
mem[X,0x80009932] -> 0x5555
[1223] [M]: 0x80009930 (0x55555537) lui a0, 349525
x10 <- 0x55555000


mem[X,0x80009934] -> 0x0513
mem[X,0x80009936] -> 0x5555
[1224] [M]: 0x80009934 (0x55550513) addi a0, a0, 1365
x10 <- 0x55555555


mem[X,0x80009938] -> 0xB5B7
mem[X,0x8000993A] -> 0x0000
[1225] [M]: 0x80009938 (0x0000B5B7) lui a1, 11
x11 <- 0x0000B000


mem[X,0x8000993C] -> 0x8593
mem[X,0x8000993E] -> 0x5045
[1226] [M]: 0x8000993C (0x50458593) addi a1, a1, 1284
x11 <- 0x0000B504


mem[X,0x80009940] -> 0x0113
mem[X,0x80009942] -> 0x0000
[1227] [M]: 0x80009940 (0x00000113) addi sp, zero, 0
x2 <- 0x00000000


mem[X,0x80009944] -> 0x006F
mem[X,0x80009946] -> 0x00C0
[1228] [M]: 0x80009944 (0x00C0006F) jal zero, 12


mem[X,0x80009950] -> 0x0CE3
mem[X,0x80009952] -> 0xFEB5
[1229] [M]: 0x80009950 (0xFEB50CE3) beq a0, a1, 8184


mem[X,0x80009954] -> 0x0113
mem[X,0x80009956] -> 0x0021
[1230] [M]: 0x80009954 (0x00210113) addi sp, sp, 2
x2 <- 0x00000002


mem[X,0x80009958] -> 0x006F
mem[X,0x8000995A] -> 0x00C0
[1231] [M]: 0x80009958 (0x00C0006F) jal zero, 12


mem[X,0x80009964] -> 0xA823
mem[X,0x80009966] -> 0x1A20
[1232] [M]: 0x80009964 (0x1A20A823) sw sp, 432(ra)
mem[0x8003A318] <- 0x00000002


mem[X,0x80009968] -> 0x5537
mem[X,0x8000996A] -> 0x5555
[1233] [M]: 0x80009968 (0x55555537) lui a0, 349525
x10 <- 0x55555000


mem[X,0x8000996C] -> 0x0513
mem[X,0x8000996E] -> 0x5555
[1234] [M]: 0x8000996C (0x55550513) addi a0, a0, 1365
x10 <- 0x55555555


mem[X,0x80009970] -> 0x0593
mem[X,0x80009972] -> 0x0020
[1235] [M]: 0x80009970 (0x00200593) addi a1, zero, 2
x11 <- 0x00000002


mem[X,0x80009974] -> 0x0113
mem[X,0x80009976] -> 0x0000
[1236] [M]: 0x80009974 (0x00000113) addi sp, zero, 0
x2 <- 0x00000000


mem[X,0x80009978] -> 0x006F
mem[X,0x8000997A] -> 0x0180
[1237] [M]: 0x80009978 (0x0180006F) jal zero, 24


mem[X,0x80009990] -> 0x06E3
mem[X,0x80009992] -> 0xFEB5
[1238] [M]: 0x80009990 (0xFEB506E3) beq a0, a1, 8172


mem[X,0x80009994] -> 0x0113
mem[X,0x80009996] -> 0x0021
[1239] [M]: 0x80009994 (0x00210113) addi sp, sp, 2
x2 <- 0x00000002


mem[X,0x80009998] -> 0x006F
mem[X,0x8000999A] -> 0x00C0
[1240] [M]: 0x80009998 (0x00C0006F) jal zero, 12


mem[X,0x800099A4] -> 0xAA23
mem[X,0x800099A6] -> 0x1A20
[1241] [M]: 0x800099A4 (0x1A20AA23) sw sp, 436(ra)
mem[0x8003A31C] <- 0x00000002


mem[X,0x800099A8] -> 0x5537
mem[X,0x800099AA] -> 0x5555
[1242] [M]: 0x800099A8 (0x55555537) lui a0, 349525
x10 <- 0x55555000


mem[X,0x800099AC] -> 0x0513
mem[X,0x800099AE] -> 0x5555
[1243] [M]: 0x800099AC (0x55550513) addi a0, a0, 1365
x10 <- 0x55555555


mem[X,0x800099B0] -> 0x55B7
mem[X,0x800099B2] -> 0x5555
[1244] [M]: 0x800099B0 (0x555555B7) lui a1, 349525
x11 <- 0x55555000


mem[X,0x800099B4] -> 0x8593
mem[X,0x800099B6] -> 0x5545
[1245] [M]: 0x800099B4 (0x55458593) addi a1, a1, 1364
x11 <- 0x55555554


mem[X,0x800099B8] -> 0x0113
mem[X,0x800099BA] -> 0x0000
[1246] [M]: 0x800099B8 (0x00000113) addi sp, zero, 0
x2 <- 0x00000000


mem[X,0x800099BC] -> 0x006F
mem[X,0x800099BE] -> 0x00C0
[1247] [M]: 0x800099BC (0x00C0006F) jal zero, 12


mem[X,0x800099C8] -> 0x0063
mem[X,0x800099CA] -> 0x10B5
[1248] [M]: 0x800099C8 (0x10B50063) beq a0, a1, 256


mem[X,0x800099CC] -> 0x0113
mem[X,0x800099CE] -> 0x0021
[1249] [M]: 0x800099CC (0x00210113) addi sp, sp, 2
x2 <- 0x00000002


mem[X,0x800099D0] -> 0x006F
mem[X,0x800099D2] -> 0x1000
[1250] [M]: 0x800099D0 (0x1000006F) jal zero, 256


mem[X,0x80009AD0] -> 0xAC23
mem[X,0x80009AD2] -> 0x1A20
[1251] [M]: 0x80009AD0 (0x1A20AC23) sw sp, 440(ra)
mem[0x8003A320] <- 0x00000002


mem[X,0x80009AD4] -> 0x5537
mem[X,0x80009AD6] -> 0x5555
[1252] [M]: 0x80009AD4 (0x55555537) lui a0, 349525
x10 <- 0x55555000


mem[X,0x80009AD8] -> 0x0513
mem[X,0x80009ADA] -> 0x5555
[1253] [M]: 0x80009AD8 (0x55550513) addi a0, a0, 1365
x10 <- 0x55555555


mem[X,0x80009ADC] -> 0x0593
mem[X,0x80009ADE] -> 0x0000
[1254] [M]: 0x80009ADC (0x00000593) addi a1, zero, 0
x11 <- 0x00000000


mem[X,0x80009AE0] -> 0x0113
mem[X,0x80009AE2] -> 0x0000
[1255] [M]: 0x80009AE0 (0x00000113) addi sp, zero, 0
x2 <- 0x00000000


mem[X,0x80009AE4] -> 0x006F
mem[X,0x80009AE6] -> 0x00C0
[1256] [M]: 0x80009AE4 (0x00C0006F) jal zero, 12


mem[X,0x80009AF0] -> 0x0663
mem[X,0x80009AF2] -> 0x00B5
[1257] [M]: 0x80009AF0 (0x00B50663) beq a0, a1, 12


mem[X,0x80009AF4] -> 0x0113
mem[X,0x80009AF6] -> 0x0021
[1258] [M]: 0x80009AF4 (0x00210113) addi sp, sp, 2
x2 <- 0x00000002


mem[X,0x80009AF8] -> 0x006F
mem[X,0x80009AFA] -> 0x00C0
[1259] [M]: 0x80009AF8 (0x00C0006F) jal zero, 12


mem[X,0x80009B04] -> 0xAE23
mem[X,0x80009B06] -> 0x1A20
[1260] [M]: 0x80009B04 (0x1A20AE23) sw sp, 444(ra)
mem[0x8003A324] <- 0x00000002


mem[X,0x80009B08] -> 0x5537
mem[X,0x80009B0A] -> 0x5555
[1261] [M]: 0x80009B08 (0x55555537) lui a0, 349525
x10 <- 0x55555000


mem[X,0x80009B0C] -> 0x0513
mem[X,0x80009B0E] -> 0x5555
[1262] [M]: 0x80009B0C (0x55550513) addi a0, a0, 1365
x10 <- 0x55555555


mem[X,0x80009B10] -> 0x0593
mem[X,0x80009B12] -> 0x0040
[1263] [M]: 0x80009B10 (0x00400593) addi a1, zero, 4
x11 <- 0x00000004


mem[X,0x80009B14] -> 0x0113
mem[X,0x80009B16] -> 0x0000
[1264] [M]: 0x80009B14 (0x00000113) addi sp, zero, 0
x2 <- 0x00000000


mem[X,0x80009B18] -> 0x006F
mem[X,0x80009B1A] -> 0x0180
[1265] [M]: 0x80009B18 (0x0180006F) jal zero, 24


mem[X,0x80009B30] -> 0x06E3
mem[X,0x80009B32] -> 0xFEB5
[1266] [M]: 0x80009B30 (0xFEB506E3) beq a0, a1, 8172


mem[X,0x80009B34] -> 0x0113
mem[X,0x80009B36] -> 0x0021
[1267] [M]: 0x80009B34 (0x00210113) addi sp, sp, 2
x2 <- 0x00000002


mem[X,0x80009B38] -> 0x006F
mem[X,0x80009B3A] -> 0x00C0
[1268] [M]: 0x80009B38 (0x00C0006F) jal zero, 12


mem[X,0x80009B44] -> 0xA023
mem[X,0x80009B46] -> 0x1C20
[1269] [M]: 0x80009B44 (0x1C20A023) sw sp, 448(ra)
mem[0x8003A328] <- 0x00000002


mem[X,0x80009B48] -> 0x5537
mem[X,0x80009B4A] -> 0x5555
[1270] [M]: 0x80009B48 (0x55555537) lui a0, 349525
x10 <- 0x55555000


mem[X,0x80009B4C] -> 0x0513
mem[X,0x80009B4E] -> 0x5555
[1271] [M]: 0x80009B4C (0x55550513) addi a0, a0, 1365
x10 <- 0x55555555


mem[X,0x80009B50] -> 0x35B7
mem[X,0x80009B52] -> 0x3333
[1272] [M]: 0x80009B50 (0x333335B7) lui a1, 209715
x11 <- 0x33333000


mem[X,0x80009B54] -> 0x8593
mem[X,0x80009B56] -> 0x3325
[1273] [M]: 0x80009B54 (0x33258593) addi a1, a1, 818
x11 <- 0x33333332


mem[X,0x80009B58] -> 0x0113
mem[X,0x80009B5A] -> 0x0000
[1274] [M]: 0x80009B58 (0x00000113) addi sp, zero, 0
x2 <- 0x00000000


mem[X,0x80009B5C] -> 0x006F
mem[X,0x80009B5E] -> 0x2B10
[1275] [M]: 0x80009B5C (0x2B10006F) jal zero, 2736


mem[X,0x8000A60C] -> 0x0A63
mem[X,0x8000A60E] -> 0xD4B5
[1276] [M]: 0x8000A60C (0xD4B50A63) beq a0, a1, 5460


mem[X,0x8000A610] -> 0x0113
mem[X,0x8000A612] -> 0x0021
[1277] [M]: 0x8000A610 (0x00210113) addi sp, sp, 2
x2 <- 0x00000002


mem[X,0x8000A614] -> 0x006F
mem[X,0x8000A616] -> 0x00C0
[1278] [M]: 0x8000A614 (0x00C0006F) jal zero, 12


mem[X,0x8000A620] -> 0xA223
mem[X,0x8000A622] -> 0x1C20
[1279] [M]: 0x8000A620 (0x1C20A223) sw sp, 452(ra)
mem[0x8003A32C] <- 0x00000002


mem[X,0x8000A624] -> 0x5537
mem[X,0x8000A626] -> 0x5555
[1280] [M]: 0x8000A624 (0x55555537) lui a0, 349525
x10 <- 0x55555000


mem[X,0x8000A628] -> 0x0513
mem[X,0x8000A62A] -> 0x5555
[1281] [M]: 0x8000A628 (0x55550513) addi a0, a0, 1365
x10 <- 0x55555555


mem[X,0x8000A62C] -> 0x65B7
mem[X,0x8000A62E] -> 0x6666
[1282] [M]: 0x8000A62C (0x666665B7) lui a1, 419430
x11 <- 0x66666000


mem[X,0x8000A630] -> 0x8593
mem[X,0x8000A632] -> 0x6655
[1283] [M]: 0x8000A630 (0x66558593) addi a1, a1, 1637
x11 <- 0x66666665


mem[X,0x8000A634] -> 0x0113
mem[X,0x8000A636] -> 0x0000
[1284] [M]: 0x8000A634 (0x00000113) addi sp, zero, 0
x2 <- 0x00000000


mem[X,0x8000A638] -> 0x006F
mem[X,0x8000A63A] -> 0x2B10
[1285] [M]: 0x8000A638 (0x2B10006F) jal zero, 2736


mem[X,0x8000B0E8] -> 0x0A63
mem[X,0x8000B0EA] -> 0xD4B5
[1286] [M]: 0x8000B0E8 (0xD4B50A63) beq a0, a1, 5460


mem[X,0x8000B0EC] -> 0x0113
mem[X,0x8000B0EE] -> 0x0021
[1287] [M]: 0x8000B0EC (0x00210113) addi sp, sp, 2
x2 <- 0x00000002


mem[X,0x8000B0F0] -> 0x006F
mem[X,0x8000B0F2] -> 0x00C0
[1288] [M]: 0x8000B0F0 (0x00C0006F) jal zero, 12


mem[X,0x8000B0FC] -> 0xA423
mem[X,0x8000B0FE] -> 0x1C20
[1289] [M]: 0x8000B0FC (0x1C20A423) sw sp, 456(ra)
mem[0x8003A330] <- 0x00000002


mem[X,0x8000B100] -> 0x5537
mem[X,0x8000B102] -> 0x5555
[1290] [M]: 0x8000B100 (0x55555537) lui a0, 349525
x10 <- 0x55555000


mem[X,0x8000B104] -> 0x0513
mem[X,0x8000B106] -> 0x5555
[1291] [M]: 0x8000B104 (0x55550513) addi a0, a0, 1365
x10 <- 0x55555555


mem[X,0x8000B108] -> 0xB5B7
mem[X,0x8000B10A] -> 0x0000
[1292] [M]: 0x8000B108 (0x0000B5B7) lui a1, 11
x11 <- 0x0000B000


mem[X,0x8000B10C] -> 0x8593
mem[X,0x8000B10E] -> 0x5035
[1293] [M]: 0x8000B10C (0x50358593) addi a1, a1, 1283
x11 <- 0x0000B503


mem[X,0x8000B110] -> 0x0113
mem[X,0x8000B112] -> 0x0000
[1294] [M]: 0x8000B110 (0x00000113) addi sp, zero, 0
x2 <- 0x00000000


mem[X,0x8000B114] -> 0x006F
mem[X,0x8000B116] -> 0x00C0
[1295] [M]: 0x8000B114 (0x00C0006F) jal zero, 12


mem[X,0x8000B120] -> 0x0CE3
mem[X,0x8000B122] -> 0xFEB5
[1296] [M]: 0x8000B120 (0xFEB50CE3) beq a0, a1, 8184


mem[X,0x8000B124] -> 0x0113
mem[X,0x8000B126] -> 0x0021
[1297] [M]: 0x8000B124 (0x00210113) addi sp, sp, 2
x2 <- 0x00000002


mem[X,0x8000B128] -> 0x006F
mem[X,0x8000B12A] -> 0x00C0
[1298] [M]: 0x8000B128 (0x00C0006F) jal zero, 12


mem[X,0x8000B134] -> 0xA623
mem[X,0x8000B136] -> 0x1C20
[1299] [M]: 0x8000B134 (0x1C20A623) sw sp, 460(ra)
mem[0x8003A334] <- 0x00000002


clint::tick mtime <- 0x000000000000000D
 clint timer pending at mtime 0x000000000000000D
htif::tick 0x0000000000000000
mem[X,0x8000B138] -> 0x5537
mem[X,0x8000B13A] -> 0x5555
[1300] [M]: 0x8000B138 (0x55555537) lui a0, 349525
x10 <- 0x55555000


mem[X,0x8000B13C] -> 0x0513
mem[X,0x8000B13E] -> 0x5555
[1301] [M]: 0x8000B13C (0x55550513) addi a0, a0, 1365
x10 <- 0x55555555


mem[X,0x8000B140] -> 0x55B7
mem[X,0x8000B142] -> 0x5555
[1302] [M]: 0x8000B140 (0x555555B7) lui a1, 349525
x11 <- 0x55555000


mem[X,0x8000B144] -> 0x8593
mem[X,0x8000B146] -> 0x5565
[1303] [M]: 0x8000B144 (0x55658593) addi a1, a1, 1366
x11 <- 0x55555556


mem[X,0x8000B148] -> 0x0113
mem[X,0x8000B14A] -> 0x0000
[1304] [M]: 0x8000B148 (0x00000113) addi sp, zero, 0
x2 <- 0x00000000


mem[X,0x8000B14C] -> 0x006F
mem[X,0x8000B14E] -> 0x00C0
[1305] [M]: 0x8000B14C (0x00C0006F) jal zero, 12


mem[X,0x8000B158] -> 0x0063
mem[X,0x8000B15A] -> 0x10B5
[1306] [M]: 0x8000B158 (0x10B50063) beq a0, a1, 256


mem[X,0x8000B15C] -> 0x0113
mem[X,0x8000B15E] -> 0x0021
[1307] [M]: 0x8000B15C (0x00210113) addi sp, sp, 2
x2 <- 0x00000002


mem[X,0x8000B160] -> 0x006F
mem[X,0x8000B162] -> 0x1000
[1308] [M]: 0x8000B160 (0x1000006F) jal zero, 256


mem[X,0x8000B260] -> 0xA823
mem[X,0x8000B262] -> 0x1C20
[1309] [M]: 0x8000B260 (0x1C20A823) sw sp, 464(ra)
mem[0x8003A338] <- 0x00000002


mem[X,0x8000B264] -> 0x5537
mem[X,0x8000B266] -> 0x5555
[1310] [M]: 0x8000B264 (0x55555537) lui a0, 349525
x10 <- 0x55555000


mem[X,0x8000B268] -> 0x0513
mem[X,0x8000B26A] -> 0x5555
[1311] [M]: 0x8000B268 (0x55550513) addi a0, a0, 1365
x10 <- 0x55555555


mem[X,0x8000B26C] -> 0xB5B7
mem[X,0x8000B26E] -> 0xAAAA
[1312] [M]: 0x8000B26C (0xAAAAB5B7) lui a1, 699051
x11 <- 0xAAAAB000


mem[X,0x8000B270] -> 0x8593
mem[X,0x8000B272] -> 0xAAB5
[1313] [M]: 0x8000B270 (0xAAB58593) addi a1, a1, 2731
x11 <- 0xAAAAAAAB


mem[X,0x8000B274] -> 0x0113
mem[X,0x8000B276] -> 0x0000
[1314] [M]: 0x8000B274 (0x00000113) addi sp, zero, 0
x2 <- 0x00000000


mem[X,0x8000B278] -> 0x006F
mem[X,0x8000B27A] -> 0x00C0
[1315] [M]: 0x8000B278 (0x00C0006F) jal zero, 12


mem[X,0x8000B284] -> 0x0063
mem[X,0x8000B286] -> 0x02B5
[1316] [M]: 0x8000B284 (0x02B50063) beq a0, a1, 32


mem[X,0x8000B288] -> 0x0113
mem[X,0x8000B28A] -> 0x0021
[1317] [M]: 0x8000B288 (0x00210113) addi sp, sp, 2
x2 <- 0x00000002


mem[X,0x8000B28C] -> 0x006F
mem[X,0x8000B28E] -> 0x0200
[1318] [M]: 0x8000B28C (0x0200006F) jal zero, 32


mem[X,0x8000B2AC] -> 0xAA23
mem[X,0x8000B2AE] -> 0x1C20
[1319] [M]: 0x8000B2AC (0x1C20AA23) sw sp, 468(ra)
mem[0x8003A33C] <- 0x00000002


mem[X,0x8000B2B0] -> 0x5537
mem[X,0x8000B2B2] -> 0x5555
[1320] [M]: 0x8000B2B0 (0x55555537) lui a0, 349525
x10 <- 0x55555000


mem[X,0x8000B2B4] -> 0x0513
mem[X,0x8000B2B6] -> 0x5555
[1321] [M]: 0x8000B2B4 (0x55550513) addi a0, a0, 1365
x10 <- 0x55555555


mem[X,0x8000B2B8] -> 0x0593
mem[X,0x8000B2BA] -> 0x0060
[1322] [M]: 0x8000B2B8 (0x00600593) addi a1, zero, 6
x11 <- 0x00000006


mem[X,0x8000B2BC] -> 0x0113
mem[X,0x8000B2BE] -> 0x0000
[1323] [M]: 0x8000B2BC (0x00000113) addi sp, zero, 0
x2 <- 0x00000000


mem[X,0x8000B2C0] -> 0x006F
mem[X,0x8000B2C2] -> 0x00C0
[1324] [M]: 0x8000B2C0 (0x00C0006F) jal zero, 12


mem[X,0x8000B2CC] -> 0x0663
mem[X,0x8000B2CE] -> 0x00B5
[1325] [M]: 0x8000B2CC (0x00B50663) beq a0, a1, 12


mem[X,0x8000B2D0] -> 0x0113
mem[X,0x8000B2D2] -> 0x0021
[1326] [M]: 0x8000B2D0 (0x00210113) addi sp, sp, 2
x2 <- 0x00000002


mem[X,0x8000B2D4] -> 0x006F
mem[X,0x8000B2D6] -> 0x00C0
[1327] [M]: 0x8000B2D4 (0x00C0006F) jal zero, 12


mem[X,0x8000B2E0] -> 0xAC23
mem[X,0x8000B2E2] -> 0x1C20
[1328] [M]: 0x8000B2E0 (0x1C20AC23) sw sp, 472(ra)
mem[0x8003A340] <- 0x00000002


mem[X,0x8000B2E4] -> 0x5537
mem[X,0x8000B2E6] -> 0x5555
[1329] [M]: 0x8000B2E4 (0x55555537) lui a0, 349525
x10 <- 0x55555000


mem[X,0x8000B2E8] -> 0x0513
mem[X,0x8000B2EA] -> 0x5555
[1330] [M]: 0x8000B2E8 (0x55550513) addi a0, a0, 1365
x10 <- 0x55555555


mem[X,0x8000B2EC] -> 0x35B7
mem[X,0x8000B2EE] -> 0x3333
[1331] [M]: 0x8000B2EC (0x333335B7) lui a1, 209715
x11 <- 0x33333000


mem[X,0x8000B2F0] -> 0x8593
mem[X,0x8000B2F2] -> 0x3345
[1332] [M]: 0x8000B2F0 (0x33458593) addi a1, a1, 820
x11 <- 0x33333334


mem[X,0x8000B2F4] -> 0x0113
mem[X,0x8000B2F6] -> 0x0000
[1333] [M]: 0x8000B2F4 (0x00000113) addi sp, zero, 0
x2 <- 0x00000000


mem[X,0x8000B2F8] -> 0x006F
mem[X,0x8000B2FA] -> 0x00C0
[1334] [M]: 0x8000B2F8 (0x00C0006F) jal zero, 12


mem[X,0x8000B304] -> 0x0863
mem[X,0x8000B306] -> 0x00B5
[1335] [M]: 0x8000B304 (0x00B50863) beq a0, a1, 16


mem[X,0x8000B308] -> 0x0113
mem[X,0x8000B30A] -> 0x0021
[1336] [M]: 0x8000B308 (0x00210113) addi sp, sp, 2
x2 <- 0x00000002


mem[X,0x8000B30C] -> 0x006F
mem[X,0x8000B30E] -> 0x0100
[1337] [M]: 0x8000B30C (0x0100006F) jal zero, 16


mem[X,0x8000B31C] -> 0xAE23
mem[X,0x8000B31E] -> 0x1C20
[1338] [M]: 0x8000B31C (0x1C20AE23) sw sp, 476(ra)
mem[0x8003A344] <- 0x00000002


mem[X,0x8000B320] -> 0x5537
mem[X,0x8000B322] -> 0x5555
[1339] [M]: 0x8000B320 (0x55555537) lui a0, 349525
x10 <- 0x55555000


mem[X,0x8000B324] -> 0x0513
mem[X,0x8000B326] -> 0x5555
[1340] [M]: 0x8000B324 (0x55550513) addi a0, a0, 1365
x10 <- 0x55555555


mem[X,0x8000B328] -> 0x65B7
mem[X,0x8000B32A] -> 0x6666
[1341] [M]: 0x8000B328 (0x666665B7) lui a1, 419430
x11 <- 0x66666000


mem[X,0x8000B32C] -> 0x8593
mem[X,0x8000B32E] -> 0x6675
[1342] [M]: 0x8000B32C (0x66758593) addi a1, a1, 1639
x11 <- 0x66666667


mem[X,0x8000B330] -> 0x0113
mem[X,0x8000B332] -> 0x0000
[1343] [M]: 0x8000B330 (0x00000113) addi sp, zero, 0
x2 <- 0x00000000


mem[X,0x8000B334] -> 0x006F
mem[X,0x8000B336] -> 0x00C0
[1344] [M]: 0x8000B334 (0x00C0006F) jal zero, 12


mem[X,0x8000B340] -> 0x0063
mem[X,0x8000B342] -> 0x02B5
[1345] [M]: 0x8000B340 (0x02B50063) beq a0, a1, 32


mem[X,0x8000B344] -> 0x0113
mem[X,0x8000B346] -> 0x0021
[1346] [M]: 0x8000B344 (0x00210113) addi sp, sp, 2
x2 <- 0x00000002


mem[X,0x8000B348] -> 0x006F
mem[X,0x8000B34A] -> 0x0200
[1347] [M]: 0x8000B348 (0x0200006F) jal zero, 32


mem[X,0x8000B368] -> 0xA023
mem[X,0x8000B36A] -> 0x1E20
[1348] [M]: 0x8000B368 (0x1E20A023) sw sp, 480(ra)
mem[0x8003A348] <- 0x00000002


mem[X,0x8000B36C] -> 0x5537
mem[X,0x8000B36E] -> 0x5555
[1349] [M]: 0x8000B36C (0x55555537) lui a0, 349525
x10 <- 0x55555000


mem[X,0x8000B370] -> 0x0513
mem[X,0x8000B372] -> 0x5555
[1350] [M]: 0x8000B370 (0x55550513) addi a0, a0, 1365
x10 <- 0x55555555


mem[X,0x8000B374] -> 0x55B7
mem[X,0x8000B376] -> 0xFFFF
[1351] [M]: 0x8000B374 (0xFFFF55B7) lui a1, 1048565
x11 <- 0xFFFF5000


mem[X,0x8000B378] -> 0x8593
mem[X,0x8000B37A] -> 0xAFD5
[1352] [M]: 0x8000B378 (0xAFD58593) addi a1, a1, 2813
x11 <- 0xFFFF4AFD


mem[X,0x8000B37C] -> 0x0113
mem[X,0x8000B37E] -> 0x0000
[1353] [M]: 0x8000B37C (0x00000113) addi sp, zero, 0
x2 <- 0x00000000


mem[X,0x8000B380] -> 0x006F
mem[X,0x8000B382] -> 0x00C0
[1354] [M]: 0x8000B380 (0x00C0006F) jal zero, 12


mem[X,0x8000B38C] -> 0x0663
mem[X,0x8000B38E] -> 0x00B5
[1355] [M]: 0x8000B38C (0x00B50663) beq a0, a1, 12


mem[X,0x8000B390] -> 0x0113
mem[X,0x8000B392] -> 0x0021
[1356] [M]: 0x8000B390 (0x00210113) addi sp, sp, 2
x2 <- 0x00000002


mem[X,0x8000B394] -> 0x006F
mem[X,0x8000B396] -> 0x00C0
[1357] [M]: 0x8000B394 (0x00C0006F) jal zero, 12


mem[X,0x8000B3A0] -> 0xA223
mem[X,0x8000B3A2] -> 0x1E20
[1358] [M]: 0x8000B3A0 (0x1E20A223) sw sp, 484(ra)
mem[0x8003A34C] <- 0x00000002


mem[X,0x8000B3A4] -> 0x5537
mem[X,0x8000B3A6] -> 0x5555
[1359] [M]: 0x8000B3A4 (0x55555537) lui a0, 349525
x10 <- 0x55555000


mem[X,0x8000B3A8] -> 0x0513
mem[X,0x8000B3AA] -> 0x5555
[1360] [M]: 0x8000B3A8 (0x55550513) addi a0, a0, 1365
x10 <- 0x55555555


mem[X,0x8000B3AC] -> 0xB5B7
mem[X,0x8000B3AE] -> 0x0000
[1361] [M]: 0x8000B3AC (0x0000B5B7) lui a1, 11
x11 <- 0x0000B000


mem[X,0x8000B3B0] -> 0x8593
mem[X,0x8000B3B2] -> 0x5055
[1362] [M]: 0x8000B3B0 (0x50558593) addi a1, a1, 1285
x11 <- 0x0000B505


mem[X,0x8000B3B4] -> 0x0113
mem[X,0x8000B3B6] -> 0x0000
[1363] [M]: 0x8000B3B4 (0x00000113) addi sp, zero, 0
x2 <- 0x00000000


mem[X,0x8000B3B8] -> 0x006F
mem[X,0x8000B3BA] -> 0x0100
[1364] [M]: 0x8000B3B8 (0x0100006F) jal zero, 16


mem[X,0x8000B3C8] -> 0x0AE3
mem[X,0x8000B3CA] -> 0xFEB5
[1365] [M]: 0x8000B3C8 (0xFEB50AE3) beq a0, a1, 8180


mem[X,0x8000B3CC] -> 0x0113
mem[X,0x8000B3CE] -> 0x0021
[1366] [M]: 0x8000B3CC (0x00210113) addi sp, sp, 2
x2 <- 0x00000002


mem[X,0x8000B3D0] -> 0x006F
mem[X,0x8000B3D2] -> 0x00C0
[1367] [M]: 0x8000B3D0 (0x00C0006F) jal zero, 12


mem[X,0x8000B3DC] -> 0xA423
mem[X,0x8000B3DE] -> 0x1E20
[1368] [M]: 0x8000B3DC (0x1E20A423) sw sp, 488(ra)
mem[0x8003A350] <- 0x00000002


mem[X,0x8000B3E0] -> 0xB537
mem[X,0x8000B3E2] -> 0xAAAA
[1369] [M]: 0x8000B3E0 (0xAAAAB537) lui a0, 699051
x10 <- 0xAAAAB000


mem[X,0x8000B3E4] -> 0x0513
mem[X,0x8000B3E6] -> 0xAAA5
[1370] [M]: 0x8000B3E4 (0xAAA50513) addi a0, a0, 2730
x10 <- 0xAAAAAAAA


mem[X,0x8000B3E8] -> 0x0593
mem[X,0x8000B3EA] -> 0x0030
[1371] [M]: 0x8000B3E8 (0x00300593) addi a1, zero, 3
x11 <- 0x00000003


mem[X,0x8000B3EC] -> 0x0113
mem[X,0x8000B3EE] -> 0x0000
[1372] [M]: 0x8000B3EC (0x00000113) addi sp, zero, 0
x2 <- 0x00000000


mem[X,0x8000B3F0] -> 0x006F
mem[X,0x8000B3F2] -> 0x00C0
[1373] [M]: 0x8000B3F0 (0x00C0006F) jal zero, 12


mem[X,0x8000B3FC] -> 0x0CE3
mem[X,0x8000B3FE] -> 0xFEB5
[1374] [M]: 0x8000B3FC (0xFEB50CE3) beq a0, a1, 8184


mem[X,0x8000B400] -> 0x0113
mem[X,0x8000B402] -> 0x0021
[1375] [M]: 0x8000B400 (0x00210113) addi sp, sp, 2
x2 <- 0x00000002


mem[X,0x8000B404] -> 0x006F
mem[X,0x8000B406] -> 0x00C0
[1376] [M]: 0x8000B404 (0x00C0006F) jal zero, 12


mem[X,0x8000B410] -> 0xA623
mem[X,0x8000B412] -> 0x1E20
[1377] [M]: 0x8000B410 (0x1E20A623) sw sp, 492(ra)
mem[0x8003A354] <- 0x00000002


mem[X,0x8000B414] -> 0xB537
mem[X,0x8000B416] -> 0xAAAA
[1378] [M]: 0x8000B414 (0xAAAAB537) lui a0, 699051
x10 <- 0xAAAAB000


mem[X,0x8000B418] -> 0x0513
mem[X,0x8000B41A] -> 0xAAA5
[1379] [M]: 0x8000B418 (0xAAA50513) addi a0, a0, 2730
x10 <- 0xAAAAAAAA


mem[X,0x8000B41C] -> 0x55B7
mem[X,0x8000B41E] -> 0x5555
[1380] [M]: 0x8000B41C (0x555555B7) lui a1, 349525
x11 <- 0x55555000


mem[X,0x8000B420] -> 0x8593
mem[X,0x8000B422] -> 0x5555
[1381] [M]: 0x8000B420 (0x55558593) addi a1, a1, 1365
x11 <- 0x55555555


mem[X,0x8000B424] -> 0x0113
mem[X,0x8000B426] -> 0x0000
[1382] [M]: 0x8000B424 (0x00000113) addi sp, zero, 0
x2 <- 0x00000000


mem[X,0x8000B428] -> 0x006F
mem[X,0x8000B42A] -> 0x2B10
[1383] [M]: 0x8000B428 (0x2B10006F) jal zero, 2736


mem[X,0x8000BED8] -> 0x0A63
mem[X,0x8000BEDA] -> 0xD4B5
[1384] [M]: 0x8000BED8 (0xD4B50A63) beq a0, a1, 5460


mem[X,0x8000BEDC] -> 0x0113
mem[X,0x8000BEDE] -> 0x0021
[1385] [M]: 0x8000BEDC (0x00210113) addi sp, sp, 2
x2 <- 0x00000002


mem[X,0x8000BEE0] -> 0x006F
mem[X,0x8000BEE2] -> 0x00C0
[1386] [M]: 0x8000BEE0 (0x00C0006F) jal zero, 12


mem[X,0x8000BEEC] -> 0xA823
mem[X,0x8000BEEE] -> 0x1E20
[1387] [M]: 0x8000BEEC (0x1E20A823) sw sp, 496(ra)
mem[0x8003A358] <- 0x00000002


mem[X,0x8000BEF0] -> 0xB537
mem[X,0x8000BEF2] -> 0xAAAA
[1388] [M]: 0x8000BEF0 (0xAAAAB537) lui a0, 699051
x10 <- 0xAAAAB000


mem[X,0x8000BEF4] -> 0x0513
mem[X,0x8000BEF6] -> 0xAAA5
[1389] [M]: 0x8000BEF4 (0xAAA50513) addi a0, a0, 2730
x10 <- 0xAAAAAAAA


mem[X,0x8000BEF8] -> 0xB5B7
mem[X,0x8000BEFA] -> 0xAAAA
[1390] [M]: 0x8000BEF8 (0xAAAAB5B7) lui a1, 699051
x11 <- 0xAAAAB000


mem[X,0x8000BEFC] -> 0x8593
mem[X,0x8000BEFE] -> 0xAAA5
[1391] [M]: 0x8000BEFC (0xAAA58593) addi a1, a1, 2730
x11 <- 0xAAAAAAAA


mem[X,0x8000BF00] -> 0x0113
mem[X,0x8000BF02] -> 0x0000
[1392] [M]: 0x8000BF00 (0x00000113) addi sp, zero, 0
x2 <- 0x00000000


mem[X,0x8000BF04] -> 0x006F
mem[X,0x8000BF06] -> 0x00C0
[1393] [M]: 0x8000BF04 (0x00C0006F) jal zero, 12


mem[X,0x8000BF10] -> 0x0063
mem[X,0x8000BF12] -> 0x10B5
[1394] [M]: 0x8000BF10 (0x10B50063) beq a0, a1, 256


mem[X,0x8000C010] -> 0x0113
mem[X,0x8000C012] -> 0x0031
[1395] [M]: 0x8000C010 (0x00310113) addi sp, sp, 3
x2 <- 0x00000003


mem[X,0x8000C014] -> 0x006F
mem[X,0x8000C016] -> 0x0040
[1396] [M]: 0x8000C014 (0x0040006F) jal zero, 4


mem[X,0x8000C018] -> 0xAA23
mem[X,0x8000C01A] -> 0x1E20
[1397] [M]: 0x8000C018 (0x1E20AA23) sw sp, 500(ra)
mem[0x8003A35C] <- 0x00000003


mem[X,0x8000C01C] -> 0xB537
mem[X,0x8000C01E] -> 0xAAAA
[1398] [M]: 0x8000C01C (0xAAAAB537) lui a0, 699051
x10 <- 0xAAAAB000


mem[X,0x8000C020] -> 0x0513
mem[X,0x8000C022] -> 0xAAA5
[1399] [M]: 0x8000C020 (0xAAA50513) addi a0, a0, 2730
x10 <- 0xAAAAAAAA


clint::tick mtime <- 0x000000000000000E
 clint timer pending at mtime 0x000000000000000E
htif::tick 0x0000000000000000
mem[X,0x8000C024] -> 0x0593
mem[X,0x8000C026] -> 0x0050
[1400] [M]: 0x8000C024 (0x00500593) addi a1, zero, 5
x11 <- 0x00000005


mem[X,0x8000C028] -> 0x0113
mem[X,0x8000C02A] -> 0x0000
[1401] [M]: 0x8000C028 (0x00000113) addi sp, zero, 0
x2 <- 0x00000000


mem[X,0x8000C02C] -> 0x006F
mem[X,0x8000C02E] -> 0x00C0
[1402] [M]: 0x8000C02C (0x00C0006F) jal zero, 12


mem[X,0x8000C038] -> 0x0663
mem[X,0x8000C03A] -> 0x00B5
[1403] [M]: 0x8000C038 (0x00B50663) beq a0, a1, 12


mem[X,0x8000C03C] -> 0x0113
mem[X,0x8000C03E] -> 0x0021
[1404] [M]: 0x8000C03C (0x00210113) addi sp, sp, 2
x2 <- 0x00000002


mem[X,0x8000C040] -> 0x006F
mem[X,0x8000C042] -> 0x00C0
[1405] [M]: 0x8000C040 (0x00C0006F) jal zero, 12


mem[X,0x8000C04C] -> 0xAC23
mem[X,0x8000C04E] -> 0x1E20
[1406] [M]: 0x8000C04C (0x1E20AC23) sw sp, 504(ra)
mem[0x8003A360] <- 0x00000002


mem[X,0x8000C050] -> 0xB537
mem[X,0x8000C052] -> 0xAAAA
[1407] [M]: 0x8000C050 (0xAAAAB537) lui a0, 699051
x10 <- 0xAAAAB000


mem[X,0x8000C054] -> 0x0513
mem[X,0x8000C056] -> 0xAAA5
[1408] [M]: 0x8000C054 (0xAAA50513) addi a0, a0, 2730
x10 <- 0xAAAAAAAA


mem[X,0x8000C058] -> 0x35B7
mem[X,0x8000C05A] -> 0x3333
[1409] [M]: 0x8000C058 (0x333335B7) lui a1, 209715
x11 <- 0x33333000


mem[X,0x8000C05C] -> 0x8593
mem[X,0x8000C05E] -> 0x3335
[1410] [M]: 0x8000C05C (0x33358593) addi a1, a1, 819
x11 <- 0x33333333


mem[X,0x8000C060] -> 0x0113
mem[X,0x8000C062] -> 0x0000
[1411] [M]: 0x8000C060 (0x00000113) addi sp, zero, 0
x2 <- 0x00000000


mem[X,0x8000C064] -> 0x006F
mem[X,0x8000C066] -> 0x00C0
[1412] [M]: 0x8000C064 (0x00C0006F) jal zero, 12


mem[X,0x8000C070] -> 0x0063
mem[X,0x8000C072] -> 0x40B5
[1413] [M]: 0x8000C070 (0x40B50063) beq a0, a1, 1024


mem[X,0x8000C074] -> 0x0113
mem[X,0x8000C076] -> 0x0021
[1414] [M]: 0x8000C074 (0x00210113) addi sp, sp, 2
x2 <- 0x00000002


mem[X,0x8000C078] -> 0x006F
mem[X,0x8000C07A] -> 0x4000
[1415] [M]: 0x8000C078 (0x4000006F) jal zero, 1024


mem[X,0x8000C478] -> 0xAE23
mem[X,0x8000C47A] -> 0x1E20
[1416] [M]: 0x8000C478 (0x1E20AE23) sw sp, 508(ra)
mem[0x8003A364] <- 0x00000002


mem[X,0x8000C47C] -> 0xB537
mem[X,0x8000C47E] -> 0xAAAA
[1417] [M]: 0x8000C47C (0xAAAAB537) lui a0, 699051
x10 <- 0xAAAAB000


mem[X,0x8000C480] -> 0x0513
mem[X,0x8000C482] -> 0xAAA5
[1418] [M]: 0x8000C480 (0xAAA50513) addi a0, a0, 2730
x10 <- 0xAAAAAAAA


mem[X,0x8000C484] -> 0x65B7
mem[X,0x8000C486] -> 0x6666
[1419] [M]: 0x8000C484 (0x666665B7) lui a1, 419430
x11 <- 0x66666000


mem[X,0x8000C488] -> 0x8593
mem[X,0x8000C48A] -> 0x6665
[1420] [M]: 0x8000C488 (0x66658593) addi a1, a1, 1638
x11 <- 0x66666666


mem[X,0x8000C48C] -> 0x0113
mem[X,0x8000C48E] -> 0x0000
[1421] [M]: 0x8000C48C (0x00000113) addi sp, zero, 0
x2 <- 0x00000000


mem[X,0x8000C490] -> 0x006F
mem[X,0x8000C492] -> 0x00C0
[1422] [M]: 0x8000C490 (0x00C0006F) jal zero, 12


mem[X,0x8000C49C] -> 0x0063
mem[X,0x8000C49E] -> 0x08B5
[1423] [M]: 0x8000C49C (0x08B50063) beq a0, a1, 128


mem[X,0x8000C4A0] -> 0x0113
mem[X,0x8000C4A2] -> 0x0021
[1424] [M]: 0x8000C4A0 (0x00210113) addi sp, sp, 2
x2 <- 0x00000002


mem[X,0x8000C4A4] -> 0x006F
mem[X,0x8000C4A6] -> 0x0800
[1425] [M]: 0x8000C4A4 (0x0800006F) jal zero, 128


mem[X,0x8000C524] -> 0xA023
mem[X,0x8000C526] -> 0x2020
[1426] [M]: 0x8000C524 (0x2020A023) sw sp, 512(ra)
mem[0x8003A368] <- 0x00000002


mem[X,0x8000C528] -> 0xB537
mem[X,0x8000C52A] -> 0xAAAA
[1427] [M]: 0x8000C528 (0xAAAAB537) lui a0, 699051
x10 <- 0xAAAAB000


mem[X,0x8000C52C] -> 0x0513
mem[X,0x8000C52E] -> 0xAAA5
[1428] [M]: 0x8000C52C (0xAAA50513) addi a0, a0, 2730
x10 <- 0xAAAAAAAA


mem[X,0x8000C530] -> 0x55B7
mem[X,0x8000C532] -> 0xFFFF
[1429] [M]: 0x8000C530 (0xFFFF55B7) lui a1, 1048565
x11 <- 0xFFFF5000


mem[X,0x8000C534] -> 0x8593
mem[X,0x8000C536] -> 0xAFC5
[1430] [M]: 0x8000C534 (0xAFC58593) addi a1, a1, 2812
x11 <- 0xFFFF4AFC


mem[X,0x8000C538] -> 0x0113
mem[X,0x8000C53A] -> 0x0000
[1431] [M]: 0x8000C538 (0x00000113) addi sp, zero, 0
x2 <- 0x00000000


mem[X,0x8000C53C] -> 0x006F
mem[X,0x8000C53E] -> 0x00C0
[1432] [M]: 0x8000C53C (0x00C0006F) jal zero, 12


mem[X,0x8000C548] -> 0x0CE3
mem[X,0x8000C54A] -> 0xFEB5
[1433] [M]: 0x8000C548 (0xFEB50CE3) beq a0, a1, 8184


mem[X,0x8000C54C] -> 0x0113
mem[X,0x8000C54E] -> 0x0021
[1434] [M]: 0x8000C54C (0x00210113) addi sp, sp, 2
x2 <- 0x00000002


mem[X,0x8000C550] -> 0x006F
mem[X,0x8000C552] -> 0x00C0
[1435] [M]: 0x8000C550 (0x00C0006F) jal zero, 12


mem[X,0x8000C55C] -> 0xA223
mem[X,0x8000C55E] -> 0x2020
[1436] [M]: 0x8000C55C (0x2020A223) sw sp, 516(ra)
mem[0x8003A36C] <- 0x00000002


mem[X,0x8000C560] -> 0xB537
mem[X,0x8000C562] -> 0xAAAA
[1437] [M]: 0x8000C560 (0xAAAAB537) lui a0, 699051
x10 <- 0xAAAAB000


mem[X,0x8000C564] -> 0x0513
mem[X,0x8000C566] -> 0xAAA5
[1438] [M]: 0x8000C564 (0xAAA50513) addi a0, a0, 2730
x10 <- 0xAAAAAAAA


mem[X,0x8000C568] -> 0xB5B7
mem[X,0x8000C56A] -> 0x0000
[1439] [M]: 0x8000C568 (0x0000B5B7) lui a1, 11
x11 <- 0x0000B000


mem[X,0x8000C56C] -> 0x8593
mem[X,0x8000C56E] -> 0x5045
[1440] [M]: 0x8000C56C (0x50458593) addi a1, a1, 1284
x11 <- 0x0000B504


mem[X,0x8000C570] -> 0x0113
mem[X,0x8000C572] -> 0x0000
[1441] [M]: 0x8000C570 (0x00000113) addi sp, zero, 0
x2 <- 0x00000000


mem[X,0x8000C574] -> 0x006F
mem[X,0x8000C576] -> 0x00C0
[1442] [M]: 0x8000C574 (0x00C0006F) jal zero, 12


mem[X,0x8000C580] -> 0x0CE3
mem[X,0x8000C582] -> 0xFEB5
[1443] [M]: 0x8000C580 (0xFEB50CE3) beq a0, a1, 8184


mem[X,0x8000C584] -> 0x0113
mem[X,0x8000C586] -> 0x0021
[1444] [M]: 0x8000C584 (0x00210113) addi sp, sp, 2
x2 <- 0x00000002


mem[X,0x8000C588] -> 0x006F
mem[X,0x8000C58A] -> 0x00C0
[1445] [M]: 0x8000C588 (0x00C0006F) jal zero, 12


mem[X,0x8000C594] -> 0xA423
mem[X,0x8000C596] -> 0x2020
[1446] [M]: 0x8000C594 (0x2020A423) sw sp, 520(ra)
mem[0x8003A370] <- 0x00000002


mem[X,0x8000C598] -> 0xB537
mem[X,0x8000C59A] -> 0xAAAA
[1447] [M]: 0x8000C598 (0xAAAAB537) lui a0, 699051
x10 <- 0xAAAAB000


mem[X,0x8000C59C] -> 0x0513
mem[X,0x8000C59E] -> 0xAAA5
[1448] [M]: 0x8000C59C (0xAAA50513) addi a0, a0, 2730
x10 <- 0xAAAAAAAA


mem[X,0x8000C5A0] -> 0x0593
mem[X,0x8000C5A2] -> 0x0020
[1449] [M]: 0x8000C5A0 (0x00200593) addi a1, zero, 2
x11 <- 0x00000002


mem[X,0x8000C5A4] -> 0x0113
mem[X,0x8000C5A6] -> 0x0000
[1450] [M]: 0x8000C5A4 (0x00000113) addi sp, zero, 0
x2 <- 0x00000000


mem[X,0x8000C5A8] -> 0x006F
mem[X,0x8000C5AA] -> 0x00C0
[1451] [M]: 0x8000C5A8 (0x00C0006F) jal zero, 12


mem[X,0x8000C5B4] -> 0x0CE3
mem[X,0x8000C5B6] -> 0xFEB5
[1452] [M]: 0x8000C5B4 (0xFEB50CE3) beq a0, a1, 8184


mem[X,0x8000C5B8] -> 0x0113
mem[X,0x8000C5BA] -> 0x0021
[1453] [M]: 0x8000C5B8 (0x00210113) addi sp, sp, 2
x2 <- 0x00000002


mem[X,0x8000C5BC] -> 0x006F
mem[X,0x8000C5BE] -> 0x00C0
[1454] [M]: 0x8000C5BC (0x00C0006F) jal zero, 12


mem[X,0x8000C5C8] -> 0xA623
mem[X,0x8000C5CA] -> 0x2020
[1455] [M]: 0x8000C5C8 (0x2020A623) sw sp, 524(ra)
mem[0x8003A374] <- 0x00000002


mem[X,0x8000C5CC] -> 0xB537
mem[X,0x8000C5CE] -> 0xAAAA
[1456] [M]: 0x8000C5CC (0xAAAAB537) lui a0, 699051
x10 <- 0xAAAAB000


mem[X,0x8000C5D0] -> 0x0513
mem[X,0x8000C5D2] -> 0xAAA5
[1457] [M]: 0x8000C5D0 (0xAAA50513) addi a0, a0, 2730
x10 <- 0xAAAAAAAA


mem[X,0x8000C5D4] -> 0x55B7
mem[X,0x8000C5D6] -> 0x5555
[1458] [M]: 0x8000C5D4 (0x555555B7) lui a1, 349525
x11 <- 0x55555000


mem[X,0x8000C5D8] -> 0x8593
mem[X,0x8000C5DA] -> 0x5545
[1459] [M]: 0x8000C5D8 (0x55458593) addi a1, a1, 1364
x11 <- 0x55555554


mem[X,0x8000C5DC] -> 0x0113
mem[X,0x8000C5DE] -> 0x0000
[1460] [M]: 0x8000C5DC (0x00000113) addi sp, zero, 0
x2 <- 0x00000000


mem[X,0x8000C5E0] -> 0x006F
mem[X,0x8000C5E2] -> 0x00C0
[1461] [M]: 0x8000C5E0 (0x00C0006F) jal zero, 12


mem[X,0x8000C5EC] -> 0x0663
mem[X,0x8000C5EE] -> 0x00B5
[1462] [M]: 0x8000C5EC (0x00B50663) beq a0, a1, 12


mem[X,0x8000C5F0] -> 0x0113
mem[X,0x8000C5F2] -> 0x0021
[1463] [M]: 0x8000C5F0 (0x00210113) addi sp, sp, 2
x2 <- 0x00000002


mem[X,0x8000C5F4] -> 0x006F
mem[X,0x8000C5F6] -> 0x00C0
[1464] [M]: 0x8000C5F4 (0x00C0006F) jal zero, 12


mem[X,0x8000C600] -> 0xA823
mem[X,0x8000C602] -> 0x2020
[1465] [M]: 0x8000C600 (0x2020A823) sw sp, 528(ra)
mem[0x8003A378] <- 0x00000002


mem[X,0x8000C604] -> 0xB537
mem[X,0x8000C606] -> 0xAAAA
[1466] [M]: 0x8000C604 (0xAAAAB537) lui a0, 699051
x10 <- 0xAAAAB000


mem[X,0x8000C608] -> 0x0513
mem[X,0x8000C60A] -> 0xAAA5
[1467] [M]: 0x8000C608 (0xAAA50513) addi a0, a0, 2730
x10 <- 0xAAAAAAAA


mem[X,0x8000C60C] -> 0x0593
mem[X,0x8000C60E] -> 0x0000
[1468] [M]: 0x8000C60C (0x00000593) addi a1, zero, 0
x11 <- 0x00000000


mem[X,0x8000C610] -> 0x0113
mem[X,0x8000C612] -> 0x0000
[1469] [M]: 0x8000C610 (0x00000113) addi sp, zero, 0
x2 <- 0x00000000


mem[X,0x8000C614] -> 0x006F
mem[X,0x8000C616] -> 0x0100
[1470] [M]: 0x8000C614 (0x0100006F) jal zero, 16


mem[X,0x8000C624] -> 0x0AE3
mem[X,0x8000C626] -> 0xFEB5
[1471] [M]: 0x8000C624 (0xFEB50AE3) beq a0, a1, 8180


mem[X,0x8000C628] -> 0x0113
mem[X,0x8000C62A] -> 0x0021
[1472] [M]: 0x8000C628 (0x00210113) addi sp, sp, 2
x2 <- 0x00000002


mem[X,0x8000C62C] -> 0x006F
mem[X,0x8000C62E] -> 0x00C0
[1473] [M]: 0x8000C62C (0x00C0006F) jal zero, 12


mem[X,0x8000C638] -> 0xAA23
mem[X,0x8000C63A] -> 0x2020
[1474] [M]: 0x8000C638 (0x2020AA23) sw sp, 532(ra)
mem[0x8003A37C] <- 0x00000002


mem[X,0x8000C63C] -> 0xB537
mem[X,0x8000C63E] -> 0xAAAA
[1475] [M]: 0x8000C63C (0xAAAAB537) lui a0, 699051
x10 <- 0xAAAAB000


mem[X,0x8000C640] -> 0x0513
mem[X,0x8000C642] -> 0xAAA5
[1476] [M]: 0x8000C640 (0xAAA50513) addi a0, a0, 2730
x10 <- 0xAAAAAAAA


mem[X,0x8000C644] -> 0x0593
mem[X,0x8000C646] -> 0x0040
[1477] [M]: 0x8000C644 (0x00400593) addi a1, zero, 4
x11 <- 0x00000004


mem[X,0x8000C648] -> 0x0113
mem[X,0x8000C64A] -> 0x0000
[1478] [M]: 0x8000C648 (0x00000113) addi sp, zero, 0
x2 <- 0x00000000


mem[X,0x8000C64C] -> 0x006F
mem[X,0x8000C64E] -> 0x00C0
[1479] [M]: 0x8000C64C (0x00C0006F) jal zero, 12


mem[X,0x8000C658] -> 0x0663
mem[X,0x8000C65A] -> 0x00B5
[1480] [M]: 0x8000C658 (0x00B50663) beq a0, a1, 12


mem[X,0x8000C65C] -> 0x0113
mem[X,0x8000C65E] -> 0x0021
[1481] [M]: 0x8000C65C (0x00210113) addi sp, sp, 2
x2 <- 0x00000002


mem[X,0x8000C660] -> 0x006F
mem[X,0x8000C662] -> 0x00C0
[1482] [M]: 0x8000C660 (0x00C0006F) jal zero, 12


mem[X,0x8000C66C] -> 0xAC23
mem[X,0x8000C66E] -> 0x2020
[1483] [M]: 0x8000C66C (0x2020AC23) sw sp, 536(ra)
mem[0x8003A380] <- 0x00000002


mem[X,0x8000C670] -> 0xB537
mem[X,0x8000C672] -> 0xAAAA
[1484] [M]: 0x8000C670 (0xAAAAB537) lui a0, 699051
x10 <- 0xAAAAB000


mem[X,0x8000C674] -> 0x0513
mem[X,0x8000C676] -> 0xAAA5
[1485] [M]: 0x8000C674 (0xAAA50513) addi a0, a0, 2730
x10 <- 0xAAAAAAAA


mem[X,0x8000C678] -> 0x35B7
mem[X,0x8000C67A] -> 0x3333
[1486] [M]: 0x8000C678 (0x333335B7) lui a1, 209715
x11 <- 0x33333000


mem[X,0x8000C67C] -> 0x8593
mem[X,0x8000C67E] -> 0x3325
[1487] [M]: 0x8000C67C (0x33258593) addi a1, a1, 818
x11 <- 0x33333332


mem[X,0x8000C680] -> 0x0113
mem[X,0x8000C682] -> 0x0000
[1488] [M]: 0x8000C680 (0x00000113) addi sp, zero, 0
x2 <- 0x00000000


mem[X,0x8000C684] -> 0x006F
mem[X,0x8000C686] -> 0x00C0
[1489] [M]: 0x8000C684 (0x00C0006F) jal zero, 12


mem[X,0x8000C690] -> 0x0063
mem[X,0x8000C692] -> 0x20B5
[1490] [M]: 0x8000C690 (0x20B50063) beq a0, a1, 512


mem[X,0x8000C694] -> 0x0113
mem[X,0x8000C696] -> 0x0021
[1491] [M]: 0x8000C694 (0x00210113) addi sp, sp, 2
x2 <- 0x00000002


mem[X,0x8000C698] -> 0x006F
mem[X,0x8000C69A] -> 0x2000
[1492] [M]: 0x8000C698 (0x2000006F) jal zero, 512


mem[X,0x8000C898] -> 0xAE23
mem[X,0x8000C89A] -> 0x2020
[1493] [M]: 0x8000C898 (0x2020AE23) sw sp, 540(ra)
mem[0x8003A384] <- 0x00000002


mem[X,0x8000C89C] -> 0xB537
mem[X,0x8000C89E] -> 0xAAAA
[1494] [M]: 0x8000C89C (0xAAAAB537) lui a0, 699051
x10 <- 0xAAAAB000


mem[X,0x8000C8A0] -> 0x0513
mem[X,0x8000C8A2] -> 0xAAA5
[1495] [M]: 0x8000C8A0 (0xAAA50513) addi a0, a0, 2730
x10 <- 0xAAAAAAAA


mem[X,0x8000C8A4] -> 0x65B7
mem[X,0x8000C8A6] -> 0x6666
[1496] [M]: 0x8000C8A4 (0x666665B7) lui a1, 419430
x11 <- 0x66666000


mem[X,0x8000C8A8] -> 0x8593
mem[X,0x8000C8AA] -> 0x6655
[1497] [M]: 0x8000C8A8 (0x66558593) addi a1, a1, 1637
x11 <- 0x66666665


mem[X,0x8000C8AC] -> 0x0113
mem[X,0x8000C8AE] -> 0x0000
[1498] [M]: 0x8000C8AC (0x00000113) addi sp, zero, 0
x2 <- 0x00000000


mem[X,0x8000C8B0] -> 0x006F
mem[X,0x8000C8B2] -> 0x00C0
[1499] [M]: 0x8000C8B0 (0x00C0006F) jal zero, 12


clint::tick mtime <- 0x000000000000000F
 clint timer pending at mtime 0x000000000000000F
htif::tick 0x0000000000000000
mem[X,0x8000C8BC] -> 0x0663
mem[X,0x8000C8BE] -> 0x00B5
[1500] [M]: 0x8000C8BC (0x00B50663) beq a0, a1, 12


mem[X,0x8000C8C0] -> 0x0113
mem[X,0x8000C8C2] -> 0x0021
[1501] [M]: 0x8000C8C0 (0x00210113) addi sp, sp, 2
x2 <- 0x00000002


mem[X,0x8000C8C4] -> 0x006F
mem[X,0x8000C8C6] -> 0x00C0
[1502] [M]: 0x8000C8C4 (0x00C0006F) jal zero, 12


mem[X,0x8000C8D0] -> 0xA023
mem[X,0x8000C8D2] -> 0x2220
[1503] [M]: 0x8000C8D0 (0x2220A023) sw sp, 544(ra)
mem[0x8003A388] <- 0x00000002


mem[X,0x8000C8D4] -> 0xB537
mem[X,0x8000C8D6] -> 0xAAAA
[1504] [M]: 0x8000C8D4 (0xAAAAB537) lui a0, 699051
x10 <- 0xAAAAB000


mem[X,0x8000C8D8] -> 0x0513
mem[X,0x8000C8DA] -> 0xAAA5
[1505] [M]: 0x8000C8D8 (0xAAA50513) addi a0, a0, 2730
x10 <- 0xAAAAAAAA


mem[X,0x8000C8DC] -> 0xB5B7
mem[X,0x8000C8DE] -> 0x0000
[1506] [M]: 0x8000C8DC (0x0000B5B7) lui a1, 11
x11 <- 0x0000B000


mem[X,0x8000C8E0] -> 0x8593
mem[X,0x8000C8E2] -> 0x5035
[1507] [M]: 0x8000C8E0 (0x50358593) addi a1, a1, 1283
x11 <- 0x0000B503


mem[X,0x8000C8E4] -> 0x0113
mem[X,0x8000C8E6] -> 0x0000
[1508] [M]: 0x8000C8E4 (0x00000113) addi sp, zero, 0
x2 <- 0x00000000


mem[X,0x8000C8E8] -> 0x006F
mem[X,0x8000C8EA] -> 0x00C0
[1509] [M]: 0x8000C8E8 (0x00C0006F) jal zero, 12


mem[X,0x8000C8F4] -> 0x0063
mem[X,0x8000C8F6] -> 0x02B5
[1510] [M]: 0x8000C8F4 (0x02B50063) beq a0, a1, 32


mem[X,0x8000C8F8] -> 0x0113
mem[X,0x8000C8FA] -> 0x0021
[1511] [M]: 0x8000C8F8 (0x00210113) addi sp, sp, 2
x2 <- 0x00000002


mem[X,0x8000C8FC] -> 0x006F
mem[X,0x8000C8FE] -> 0x0200
[1512] [M]: 0x8000C8FC (0x0200006F) jal zero, 32


mem[X,0x8000C91C] -> 0xA223
mem[X,0x8000C91E] -> 0x2220
[1513] [M]: 0x8000C91C (0x2220A223) sw sp, 548(ra)
mem[0x8003A38C] <- 0x00000002


mem[X,0x8000C920] -> 0xB537
mem[X,0x8000C922] -> 0xAAAA
[1514] [M]: 0x8000C920 (0xAAAAB537) lui a0, 699051
x10 <- 0xAAAAB000


mem[X,0x8000C924] -> 0x0513
mem[X,0x8000C926] -> 0xAAA5
[1515] [M]: 0x8000C924 (0xAAA50513) addi a0, a0, 2730
x10 <- 0xAAAAAAAA


mem[X,0x8000C928] -> 0x55B7
mem[X,0x8000C92A] -> 0x5555
[1516] [M]: 0x8000C928 (0x555555B7) lui a1, 349525
x11 <- 0x55555000


mem[X,0x8000C92C] -> 0x8593
mem[X,0x8000C92E] -> 0x5565
[1517] [M]: 0x8000C92C (0x55658593) addi a1, a1, 1366
x11 <- 0x55555556


mem[X,0x8000C930] -> 0x0113
mem[X,0x8000C932] -> 0x0000
[1518] [M]: 0x8000C930 (0x00000113) addi sp, zero, 0
x2 <- 0x00000000


mem[X,0x8000C934] -> 0x006F
mem[X,0x8000C936] -> 0x0180
[1519] [M]: 0x8000C934 (0x0180006F) jal zero, 24


mem[X,0x8000C94C] -> 0x06E3
mem[X,0x8000C94E] -> 0xFEB5
[1520] [M]: 0x8000C94C (0xFEB506E3) beq a0, a1, 8172


mem[X,0x8000C950] -> 0x0113
mem[X,0x8000C952] -> 0x0021
[1521] [M]: 0x8000C950 (0x00210113) addi sp, sp, 2
x2 <- 0x00000002


mem[X,0x8000C954] -> 0x006F
mem[X,0x8000C956] -> 0x00C0
[1522] [M]: 0x8000C954 (0x00C0006F) jal zero, 12


mem[X,0x8000C960] -> 0xA423
mem[X,0x8000C962] -> 0x2220
[1523] [M]: 0x8000C960 (0x2220A423) sw sp, 552(ra)
mem[0x8003A390] <- 0x00000002


mem[X,0x8000C964] -> 0xB537
mem[X,0x8000C966] -> 0xAAAA
[1524] [M]: 0x8000C964 (0xAAAAB537) lui a0, 699051
x10 <- 0xAAAAB000


mem[X,0x8000C968] -> 0x0513
mem[X,0x8000C96A] -> 0xAAA5
[1525] [M]: 0x8000C968 (0xAAA50513) addi a0, a0, 2730
x10 <- 0xAAAAAAAA


mem[X,0x8000C96C] -> 0xB5B7
mem[X,0x8000C96E] -> 0xAAAA
[1526] [M]: 0x8000C96C (0xAAAAB5B7) lui a1, 699051
x11 <- 0xAAAAB000


mem[X,0x8000C970] -> 0x8593
mem[X,0x8000C972] -> 0xAAB5
[1527] [M]: 0x8000C970 (0xAAB58593) addi a1, a1, 2731
x11 <- 0xAAAAAAAB


mem[X,0x8000C974] -> 0x0113
mem[X,0x8000C976] -> 0x0000
[1528] [M]: 0x8000C974 (0x00000113) addi sp, zero, 0
x2 <- 0x00000000


mem[X,0x8000C978] -> 0x006F
mem[X,0x8000C97A] -> 0x00C0
[1529] [M]: 0x8000C978 (0x00C0006F) jal zero, 12


mem[X,0x8000C984] -> 0x0CE3
mem[X,0x8000C986] -> 0xFEB5
[1530] [M]: 0x8000C984 (0xFEB50CE3) beq a0, a1, 8184


mem[X,0x8000C988] -> 0x0113
mem[X,0x8000C98A] -> 0x0021
[1531] [M]: 0x8000C988 (0x00210113) addi sp, sp, 2
x2 <- 0x00000002


mem[X,0x8000C98C] -> 0x006F
mem[X,0x8000C98E] -> 0x00C0
[1532] [M]: 0x8000C98C (0x00C0006F) jal zero, 12


mem[X,0x8000C998] -> 0xA623
mem[X,0x8000C99A] -> 0x2220
[1533] [M]: 0x8000C998 (0x2220A623) sw sp, 556(ra)
mem[0x8003A394] <- 0x00000002


mem[X,0x8000C99C] -> 0xB537
mem[X,0x8000C99E] -> 0xAAAA
[1534] [M]: 0x8000C99C (0xAAAAB537) lui a0, 699051
x10 <- 0xAAAAB000


mem[X,0x8000C9A0] -> 0x0513
mem[X,0x8000C9A2] -> 0xAAA5
[1535] [M]: 0x8000C9A0 (0xAAA50513) addi a0, a0, 2730
x10 <- 0xAAAAAAAA


mem[X,0x8000C9A4] -> 0x0593
mem[X,0x8000C9A6] -> 0x0060
[1536] [M]: 0x8000C9A4 (0x00600593) addi a1, zero, 6
x11 <- 0x00000006


mem[X,0x8000C9A8] -> 0x0113
mem[X,0x8000C9AA] -> 0x0000
[1537] [M]: 0x8000C9A8 (0x00000113) addi sp, zero, 0
x2 <- 0x00000000


mem[X,0x8000C9AC] -> 0x006F
mem[X,0x8000C9AE] -> 0x00C0
[1538] [M]: 0x8000C9AC (0x00C0006F) jal zero, 12


mem[X,0x8000C9B8] -> 0x0663
mem[X,0x8000C9BA] -> 0x00B5
[1539] [M]: 0x8000C9B8 (0x00B50663) beq a0, a1, 12


mem[X,0x8000C9BC] -> 0x0113
mem[X,0x8000C9BE] -> 0x0021
[1540] [M]: 0x8000C9BC (0x00210113) addi sp, sp, 2
x2 <- 0x00000002


mem[X,0x8000C9C0] -> 0x006F
mem[X,0x8000C9C2] -> 0x00C0
[1541] [M]: 0x8000C9C0 (0x00C0006F) jal zero, 12


mem[X,0x8000C9CC] -> 0xA823
mem[X,0x8000C9CE] -> 0x2220
[1542] [M]: 0x8000C9CC (0x2220A823) sw sp, 560(ra)
mem[0x8003A398] <- 0x00000002


mem[X,0x8000C9D0] -> 0xB537
mem[X,0x8000C9D2] -> 0xAAAA
[1543] [M]: 0x8000C9D0 (0xAAAAB537) lui a0, 699051
x10 <- 0xAAAAB000


mem[X,0x8000C9D4] -> 0x0513
mem[X,0x8000C9D6] -> 0xAAA5
[1544] [M]: 0x8000C9D4 (0xAAA50513) addi a0, a0, 2730
x10 <- 0xAAAAAAAA


mem[X,0x8000C9D8] -> 0x35B7
mem[X,0x8000C9DA] -> 0x3333
[1545] [M]: 0x8000C9D8 (0x333335B7) lui a1, 209715
x11 <- 0x33333000


mem[X,0x8000C9DC] -> 0x8593
mem[X,0x8000C9DE] -> 0x3345
[1546] [M]: 0x8000C9DC (0x33458593) addi a1, a1, 820
x11 <- 0x33333334


mem[X,0x8000C9E0] -> 0x0113
mem[X,0x8000C9E2] -> 0x0000
[1547] [M]: 0x8000C9E0 (0x00000113) addi sp, zero, 0
x2 <- 0x00000000


mem[X,0x8000C9E4] -> 0x006F
mem[X,0x8000C9E6] -> 0x00C0
[1548] [M]: 0x8000C9E4 (0x00C0006F) jal zero, 12


mem[X,0x8000C9F0] -> 0x0CE3
mem[X,0x8000C9F2] -> 0xFEB5
[1549] [M]: 0x8000C9F0 (0xFEB50CE3) beq a0, a1, 8184


mem[X,0x8000C9F4] -> 0x0113
mem[X,0x8000C9F6] -> 0x0021
[1550] [M]: 0x8000C9F4 (0x00210113) addi sp, sp, 2
x2 <- 0x00000002


mem[X,0x8000C9F8] -> 0x006F
mem[X,0x8000C9FA] -> 0x00C0
[1551] [M]: 0x8000C9F8 (0x00C0006F) jal zero, 12


mem[X,0x8000CA04] -> 0xAA23
mem[X,0x8000CA06] -> 0x2220
[1552] [M]: 0x8000CA04 (0x2220AA23) sw sp, 564(ra)
mem[0x8003A39C] <- 0x00000002


mem[X,0x8000CA08] -> 0xB537
mem[X,0x8000CA0A] -> 0xAAAA
[1553] [M]: 0x8000CA08 (0xAAAAB537) lui a0, 699051
x10 <- 0xAAAAB000


mem[X,0x8000CA0C] -> 0x0513
mem[X,0x8000CA0E] -> 0xAAA5
[1554] [M]: 0x8000CA0C (0xAAA50513) addi a0, a0, 2730
x10 <- 0xAAAAAAAA


mem[X,0x8000CA10] -> 0x65B7
mem[X,0x8000CA12] -> 0x6666
[1555] [M]: 0x8000CA10 (0x666665B7) lui a1, 419430
x11 <- 0x66666000


mem[X,0x8000CA14] -> 0x8593
mem[X,0x8000CA16] -> 0x6675
[1556] [M]: 0x8000CA14 (0x66758593) addi a1, a1, 1639
x11 <- 0x66666667


mem[X,0x8000CA18] -> 0x0113
mem[X,0x8000CA1A] -> 0x0000
[1557] [M]: 0x8000CA18 (0x00000113) addi sp, zero, 0
x2 <- 0x00000000


mem[X,0x8000CA1C] -> 0x006F
mem[X,0x8000CA1E] -> 0x00C0
[1558] [M]: 0x8000CA1C (0x00C0006F) jal zero, 12


mem[X,0x8000CA28] -> 0x0063
mem[X,0x8000CA2A] -> 0x04B5
[1559] [M]: 0x8000CA28 (0x04B50063) beq a0, a1, 64


mem[X,0x8000CA2C] -> 0x0113
mem[X,0x8000CA2E] -> 0x0021
[1560] [M]: 0x8000CA2C (0x00210113) addi sp, sp, 2
x2 <- 0x00000002


mem[X,0x8000CA30] -> 0x006F
mem[X,0x8000CA32] -> 0x0400
[1561] [M]: 0x8000CA30 (0x0400006F) jal zero, 64


mem[X,0x8000CA70] -> 0xAC23
mem[X,0x8000CA72] -> 0x2220
[1562] [M]: 0x8000CA70 (0x2220AC23) sw sp, 568(ra)
mem[0x8003A3A0] <- 0x00000002


mem[X,0x8000CA74] -> 0xB537
mem[X,0x8000CA76] -> 0xAAAA
[1563] [M]: 0x8000CA74 (0xAAAAB537) lui a0, 699051
x10 <- 0xAAAAB000


mem[X,0x8000CA78] -> 0x0513
mem[X,0x8000CA7A] -> 0xAAA5
[1564] [M]: 0x8000CA78 (0xAAA50513) addi a0, a0, 2730
x10 <- 0xAAAAAAAA


mem[X,0x8000CA7C] -> 0x55B7
mem[X,0x8000CA7E] -> 0xFFFF
[1565] [M]: 0x8000CA7C (0xFFFF55B7) lui a1, 1048565
x11 <- 0xFFFF5000


mem[X,0x8000CA80] -> 0x8593
mem[X,0x8000CA82] -> 0xAFD5
[1566] [M]: 0x8000CA80 (0xAFD58593) addi a1, a1, 2813
x11 <- 0xFFFF4AFD


mem[X,0x8000CA84] -> 0x0113
mem[X,0x8000CA86] -> 0x0000
[1567] [M]: 0x8000CA84 (0x00000113) addi sp, zero, 0
x2 <- 0x00000000


mem[X,0x8000CA88] -> 0x006F
mem[X,0x8000CA8A] -> 0x00C0
[1568] [M]: 0x8000CA88 (0x00C0006F) jal zero, 12


mem[X,0x8000CA94] -> 0x0063
mem[X,0x8000CA96] -> 0x10B5
[1569] [M]: 0x8000CA94 (0x10B50063) beq a0, a1, 256


mem[X,0x8000CA98] -> 0x0113
mem[X,0x8000CA9A] -> 0x0021
[1570] [M]: 0x8000CA98 (0x00210113) addi sp, sp, 2
x2 <- 0x00000002


mem[X,0x8000CA9C] -> 0x006F
mem[X,0x8000CA9E] -> 0x1000
[1571] [M]: 0x8000CA9C (0x1000006F) jal zero, 256


mem[X,0x8000CB9C] -> 0xAE23
mem[X,0x8000CB9E] -> 0x2220
[1572] [M]: 0x8000CB9C (0x2220AE23) sw sp, 572(ra)
mem[0x8003A3A4] <- 0x00000002


mem[X,0x8000CBA0] -> 0xB537
mem[X,0x8000CBA2] -> 0xAAAA
[1573] [M]: 0x8000CBA0 (0xAAAAB537) lui a0, 699051
x10 <- 0xAAAAB000


mem[X,0x8000CBA4] -> 0x0513
mem[X,0x8000CBA6] -> 0xAAA5
[1574] [M]: 0x8000CBA4 (0xAAA50513) addi a0, a0, 2730
x10 <- 0xAAAAAAAA


mem[X,0x8000CBA8] -> 0xB5B7
mem[X,0x8000CBAA] -> 0x0000
[1575] [M]: 0x8000CBA8 (0x0000B5B7) lui a1, 11
x11 <- 0x0000B000


mem[X,0x8000CBAC] -> 0x8593
mem[X,0x8000CBAE] -> 0x5055
[1576] [M]: 0x8000CBAC (0x50558593) addi a1, a1, 1285
x11 <- 0x0000B505


mem[X,0x8000CBB0] -> 0x0113
mem[X,0x8000CBB2] -> 0x0000
[1577] [M]: 0x8000CBB0 (0x00000113) addi sp, zero, 0
x2 <- 0x00000000


mem[X,0x8000CBB4] -> 0x006F
mem[X,0x8000CBB6] -> 0x00C0
[1578] [M]: 0x8000CBB4 (0x00C0006F) jal zero, 12


mem[X,0x8000CBC0] -> 0x0663
mem[X,0x8000CBC2] -> 0x00B5
[1579] [M]: 0x8000CBC0 (0x00B50663) beq a0, a1, 12


mem[X,0x8000CBC4] -> 0x0113
mem[X,0x8000CBC6] -> 0x0021
[1580] [M]: 0x8000CBC4 (0x00210113) addi sp, sp, 2
x2 <- 0x00000002


mem[X,0x8000CBC8] -> 0x006F
mem[X,0x8000CBCA] -> 0x00C0
[1581] [M]: 0x8000CBC8 (0x00C0006F) jal zero, 12


mem[X,0x8000CBD4] -> 0xA023
mem[X,0x8000CBD6] -> 0x2420
[1582] [M]: 0x8000CBD4 (0x2420A023) sw sp, 576(ra)
mem[0x8003A3A8] <- 0x00000002


mem[X,0x8000CBD8] -> 0x0513
mem[X,0x8000CBDA] -> 0x0050
[1583] [M]: 0x8000CBD8 (0x00500513) addi a0, zero, 5
x10 <- 0x00000005


mem[X,0x8000CBDC] -> 0x0593
mem[X,0x8000CBDE] -> 0x0030
[1584] [M]: 0x8000CBDC (0x00300593) addi a1, zero, 3
x11 <- 0x00000003


mem[X,0x8000CBE0] -> 0x0113
mem[X,0x8000CBE2] -> 0x0000
[1585] [M]: 0x8000CBE0 (0x00000113) addi sp, zero, 0
x2 <- 0x00000000


mem[X,0x8000CBE4] -> 0x006F
mem[X,0x8000CBE6] -> 0x00C0
[1586] [M]: 0x8000CBE4 (0x00C0006F) jal zero, 12


mem[X,0x8000CBF0] -> 0x0663
mem[X,0x8000CBF2] -> 0x00B5
[1587] [M]: 0x8000CBF0 (0x00B50663) beq a0, a1, 12


mem[X,0x8000CBF4] -> 0x0113
mem[X,0x8000CBF6] -> 0x0021
[1588] [M]: 0x8000CBF4 (0x00210113) addi sp, sp, 2
x2 <- 0x00000002


mem[X,0x8000CBF8] -> 0x006F
mem[X,0x8000CBFA] -> 0x00C0
[1589] [M]: 0x8000CBF8 (0x00C0006F) jal zero, 12


mem[X,0x8000CC04] -> 0xA223
mem[X,0x8000CC06] -> 0x2420
[1590] [M]: 0x8000CC04 (0x2420A223) sw sp, 580(ra)
mem[0x8003A3AC] <- 0x00000002


mem[X,0x8000CC08] -> 0x0513
mem[X,0x8000CC0A] -> 0x0050
[1591] [M]: 0x8000CC08 (0x00500513) addi a0, zero, 5
x10 <- 0x00000005


mem[X,0x8000CC0C] -> 0x55B7
mem[X,0x8000CC0E] -> 0x5555
[1592] [M]: 0x8000CC0C (0x555555B7) lui a1, 349525
x11 <- 0x55555000


mem[X,0x8000CC10] -> 0x8593
mem[X,0x8000CC12] -> 0x5555
[1593] [M]: 0x8000CC10 (0x55558593) addi a1, a1, 1365
x11 <- 0x55555555


mem[X,0x8000CC14] -> 0x0113
mem[X,0x8000CC16] -> 0x0000
[1594] [M]: 0x8000CC14 (0x00000113) addi sp, zero, 0
x2 <- 0x00000000


mem[X,0x8000CC18] -> 0x006F
mem[X,0x8000CC1A] -> 0x0100
[1595] [M]: 0x8000CC18 (0x0100006F) jal zero, 16


mem[X,0x8000CC28] -> 0x0AE3
mem[X,0x8000CC2A] -> 0xFEB5
[1596] [M]: 0x8000CC28 (0xFEB50AE3) beq a0, a1, 8180


mem[X,0x8000CC2C] -> 0x0113
mem[X,0x8000CC2E] -> 0x0021
[1597] [M]: 0x8000CC2C (0x00210113) addi sp, sp, 2
x2 <- 0x00000002


mem[X,0x8000CC30] -> 0x006F
mem[X,0x8000CC32] -> 0x00C0
[1598] [M]: 0x8000CC30 (0x00C0006F) jal zero, 12


mem[X,0x8000CC3C] -> 0xA423
mem[X,0x8000CC3E] -> 0x2420
[1599] [M]: 0x8000CC3C (0x2420A423) sw sp, 584(ra)
mem[0x8003A3B0] <- 0x00000002


clint::tick mtime <- 0x0000000000000010
 clint timer pending at mtime 0x0000000000000010
htif::tick 0x0000000000000000
mem[X,0x8000CC40] -> 0x0513
mem[X,0x8000CC42] -> 0x0050
[1600] [M]: 0x8000CC40 (0x00500513) addi a0, zero, 5
x10 <- 0x00000005


mem[X,0x8000CC44] -> 0xB5B7
mem[X,0x8000CC46] -> 0xAAAA
[1601] [M]: 0x8000CC44 (0xAAAAB5B7) lui a1, 699051
x11 <- 0xAAAAB000


mem[X,0x8000CC48] -> 0x8593
mem[X,0x8000CC4A] -> 0xAAA5
[1602] [M]: 0x8000CC48 (0xAAA58593) addi a1, a1, 2730
x11 <- 0xAAAAAAAA


mem[X,0x8000CC4C] -> 0x0113
mem[X,0x8000CC4E] -> 0x0000
[1603] [M]: 0x8000CC4C (0x00000113) addi sp, zero, 0
x2 <- 0x00000000


mem[X,0x8000CC50] -> 0x006F
mem[X,0x8000CC52] -> 0x0140
[1604] [M]: 0x8000CC50 (0x0140006F) jal zero, 20


mem[X,0x8000CC64] -> 0x08E3
mem[X,0x8000CC66] -> 0xFEB5
[1605] [M]: 0x8000CC64 (0xFEB508E3) beq a0, a1, 8176


mem[X,0x8000CC68] -> 0x0113
mem[X,0x8000CC6A] -> 0x0021
[1606] [M]: 0x8000CC68 (0x00210113) addi sp, sp, 2
x2 <- 0x00000002


mem[X,0x8000CC6C] -> 0x006F
mem[X,0x8000CC6E] -> 0x00C0
[1607] [M]: 0x8000CC6C (0x00C0006F) jal zero, 12


mem[X,0x8000CC78] -> 0xA623
mem[X,0x8000CC7A] -> 0x2420
[1608] [M]: 0x8000CC78 (0x2420A623) sw sp, 588(ra)
mem[0x8003A3B4] <- 0x00000002


mem[X,0x8000CC7C] -> 0x0513
mem[X,0x8000CC7E] -> 0x0050
[1609] [M]: 0x8000CC7C (0x00500513) addi a0, zero, 5
x10 <- 0x00000005


mem[X,0x8000CC80] -> 0x0593
mem[X,0x8000CC82] -> 0x0050
[1610] [M]: 0x8000CC80 (0x00500593) addi a1, zero, 5
x11 <- 0x00000005


mem[X,0x8000CC84] -> 0x0113
mem[X,0x8000CC86] -> 0x0000
[1611] [M]: 0x8000CC84 (0x00000113) addi sp, zero, 0
x2 <- 0x00000000


mem[X,0x8000CC88] -> 0x006F
mem[X,0x8000CC8A] -> 0x2B10
[1612] [M]: 0x8000CC88 (0x2B10006F) jal zero, 2736


mem[X,0x8000D738] -> 0x0A63
mem[X,0x8000D73A] -> 0xD4B5
[1613] [M]: 0x8000D738 (0xD4B50A63) beq a0, a1, 5460


mem[X,0x8000CC8C] -> 0x0113
mem[X,0x8000CC8E] -> 0x0011
[1614] [M]: 0x8000CC8C (0x00110113) addi sp, sp, 1
x2 <- 0x00000001


mem[X,0x8000CC90] -> 0x006F
mem[X,0x8000CC92] -> 0x2BD0
[1615] [M]: 0x8000CC90 (0x2BD0006F) jal zero, 2748


mem[X,0x8000D74C] -> 0xA823
mem[X,0x8000D74E] -> 0x2420
[1616] [M]: 0x8000D74C (0x2420A823) sw sp, 592(ra)
mem[0x8003A3B8] <- 0x00000001


mem[X,0x8000D750] -> 0x0513
mem[X,0x8000D752] -> 0x0050
[1617] [M]: 0x8000D750 (0x00500513) addi a0, zero, 5
x10 <- 0x00000005


mem[X,0x8000D754] -> 0x35B7
mem[X,0x8000D756] -> 0x3333
[1618] [M]: 0x8000D754 (0x333335B7) lui a1, 209715
x11 <- 0x33333000


mem[X,0x8000D758] -> 0x8593
mem[X,0x8000D75A] -> 0x3335
[1619] [M]: 0x8000D758 (0x33358593) addi a1, a1, 819
x11 <- 0x33333333


mem[X,0x8000D75C] -> 0x0113
mem[X,0x8000D75E] -> 0x0000
[1620] [M]: 0x8000D75C (0x00000113) addi sp, zero, 0
x2 <- 0x00000000


mem[X,0x8000D760] -> 0x006F
mem[X,0x8000D762] -> 0x00C0
[1621] [M]: 0x8000D760 (0x00C0006F) jal zero, 12


mem[X,0x8000D76C] -> 0x0063
mem[X,0x8000D76E] -> 0x08B5
[1622] [M]: 0x8000D76C (0x08B50063) beq a0, a1, 128


mem[X,0x8000D770] -> 0x0113
mem[X,0x8000D772] -> 0x0021
[1623] [M]: 0x8000D770 (0x00210113) addi sp, sp, 2
x2 <- 0x00000002


mem[X,0x8000D774] -> 0x006F
mem[X,0x8000D776] -> 0x0800
[1624] [M]: 0x8000D774 (0x0800006F) jal zero, 128


mem[X,0x8000D7F4] -> 0xAA23
mem[X,0x8000D7F6] -> 0x2420
[1625] [M]: 0x8000D7F4 (0x2420AA23) sw sp, 596(ra)
mem[0x8003A3BC] <- 0x00000002


mem[X,0x8000D7F8] -> 0x0513
mem[X,0x8000D7FA] -> 0x0050
[1626] [M]: 0x8000D7F8 (0x00500513) addi a0, zero, 5
x10 <- 0x00000005


mem[X,0x8000D7FC] -> 0x65B7
mem[X,0x8000D7FE] -> 0x6666
[1627] [M]: 0x8000D7FC (0x666665B7) lui a1, 419430
x11 <- 0x66666000


mem[X,0x8000D800] -> 0x8593
mem[X,0x8000D802] -> 0x6665
[1628] [M]: 0x8000D800 (0x66658593) addi a1, a1, 1638
x11 <- 0x66666666


mem[X,0x8000D804] -> 0x0113
mem[X,0x8000D806] -> 0x0000
[1629] [M]: 0x8000D804 (0x00000113) addi sp, zero, 0
x2 <- 0x00000000


mem[X,0x8000D808] -> 0x006F
mem[X,0x8000D80A] -> 0x0100
[1630] [M]: 0x8000D808 (0x0100006F) jal zero, 16


mem[X,0x8000D818] -> 0x0AE3
mem[X,0x8000D81A] -> 0xFEB5
[1631] [M]: 0x8000D818 (0xFEB50AE3) beq a0, a1, 8180


mem[X,0x8000D81C] -> 0x0113
mem[X,0x8000D81E] -> 0x0021
[1632] [M]: 0x8000D81C (0x00210113) addi sp, sp, 2
x2 <- 0x00000002


mem[X,0x8000D820] -> 0x006F
mem[X,0x8000D822] -> 0x00C0
[1633] [M]: 0x8000D820 (0x00C0006F) jal zero, 12


mem[X,0x8000D82C] -> 0xAC23
mem[X,0x8000D82E] -> 0x2420
[1634] [M]: 0x8000D82C (0x2420AC23) sw sp, 600(ra)
mem[0x8003A3C0] <- 0x00000002


mem[X,0x8000D830] -> 0x0513
mem[X,0x8000D832] -> 0x0050
[1635] [M]: 0x8000D830 (0x00500513) addi a0, zero, 5
x10 <- 0x00000005


mem[X,0x8000D834] -> 0x55B7
mem[X,0x8000D836] -> 0xFFFF
[1636] [M]: 0x8000D834 (0xFFFF55B7) lui a1, 1048565
x11 <- 0xFFFF5000


mem[X,0x8000D838] -> 0x8593
mem[X,0x8000D83A] -> 0xAFC5
[1637] [M]: 0x8000D838 (0xAFC58593) addi a1, a1, 2812
x11 <- 0xFFFF4AFC


mem[X,0x8000D83C] -> 0x0113
mem[X,0x8000D83E] -> 0x0000
[1638] [M]: 0x8000D83C (0x00000113) addi sp, zero, 0
x2 <- 0x00000000


mem[X,0x8000D840] -> 0x006F
mem[X,0x8000D842] -> 0x00C0
[1639] [M]: 0x8000D840 (0x00C0006F) jal zero, 12


mem[X,0x8000D84C] -> 0x0663
mem[X,0x8000D84E] -> 0x00B5
[1640] [M]: 0x8000D84C (0x00B50663) beq a0, a1, 12


mem[X,0x8000D850] -> 0x0113
mem[X,0x8000D852] -> 0x0021
[1641] [M]: 0x8000D850 (0x00210113) addi sp, sp, 2
x2 <- 0x00000002


mem[X,0x8000D854] -> 0x006F
mem[X,0x8000D856] -> 0x00C0
[1642] [M]: 0x8000D854 (0x00C0006F) jal zero, 12


mem[X,0x8000D860] -> 0xAE23
mem[X,0x8000D862] -> 0x2420
[1643] [M]: 0x8000D860 (0x2420AE23) sw sp, 604(ra)
mem[0x8003A3C4] <- 0x00000002


mem[X,0x8000D864] -> 0x0513
mem[X,0x8000D866] -> 0x0050
[1644] [M]: 0x8000D864 (0x00500513) addi a0, zero, 5
x10 <- 0x00000005


mem[X,0x8000D868] -> 0xB5B7
mem[X,0x8000D86A] -> 0x0000
[1645] [M]: 0x8000D868 (0x0000B5B7) lui a1, 11
x11 <- 0x0000B000


mem[X,0x8000D86C] -> 0x8593
mem[X,0x8000D86E] -> 0x5045
[1646] [M]: 0x8000D86C (0x50458593) addi a1, a1, 1284
x11 <- 0x0000B504


mem[X,0x8000D870] -> 0x0113
mem[X,0x8000D872] -> 0x0000
[1647] [M]: 0x8000D870 (0x00000113) addi sp, zero, 0
x2 <- 0x00000000


mem[X,0x8000D874] -> 0x006F
mem[X,0x8000D876] -> 0x0140
[1648] [M]: 0x8000D874 (0x0140006F) jal zero, 20


mem[X,0x8000D888] -> 0x08E3
mem[X,0x8000D88A] -> 0xFEB5
[1649] [M]: 0x8000D888 (0xFEB508E3) beq a0, a1, 8176


mem[X,0x8000D88C] -> 0x0113
mem[X,0x8000D88E] -> 0x0021
[1650] [M]: 0x8000D88C (0x00210113) addi sp, sp, 2
x2 <- 0x00000002


mem[X,0x8000D890] -> 0x006F
mem[X,0x8000D892] -> 0x00C0
[1651] [M]: 0x8000D890 (0x00C0006F) jal zero, 12


mem[X,0x8000D89C] -> 0xA023
mem[X,0x8000D89E] -> 0x2620
[1652] [M]: 0x8000D89C (0x2620A023) sw sp, 608(ra)
mem[0x8003A3C8] <- 0x00000002


mem[X,0x8000D8A0] -> 0x0513
mem[X,0x8000D8A2] -> 0x0050
[1653] [M]: 0x8000D8A0 (0x00500513) addi a0, zero, 5
x10 <- 0x00000005


mem[X,0x8000D8A4] -> 0x0593
mem[X,0x8000D8A6] -> 0x0020
[1654] [M]: 0x8000D8A4 (0x00200593) addi a1, zero, 2
x11 <- 0x00000002


mem[X,0x8000D8A8] -> 0x0113
mem[X,0x8000D8AA] -> 0x0000
[1655] [M]: 0x8000D8A8 (0x00000113) addi sp, zero, 0
x2 <- 0x00000000


mem[X,0x8000D8AC] -> 0x006F
mem[X,0x8000D8AE] -> 0x00C0
[1656] [M]: 0x8000D8AC (0x00C0006F) jal zero, 12


mem[X,0x8000D8B8] -> 0x0663
mem[X,0x8000D8BA] -> 0x00B5
[1657] [M]: 0x8000D8B8 (0x00B50663) beq a0, a1, 12


mem[X,0x8000D8BC] -> 0x0113
mem[X,0x8000D8BE] -> 0x0021
[1658] [M]: 0x8000D8BC (0x00210113) addi sp, sp, 2
x2 <- 0x00000002


mem[X,0x8000D8C0] -> 0x006F
mem[X,0x8000D8C2] -> 0x00C0
[1659] [M]: 0x8000D8C0 (0x00C0006F) jal zero, 12


mem[X,0x8000D8CC] -> 0xA223
mem[X,0x8000D8CE] -> 0x2620
[1660] [M]: 0x8000D8CC (0x2620A223) sw sp, 612(ra)
mem[0x8003A3CC] <- 0x00000002


mem[X,0x8000D8D0] -> 0x0513
mem[X,0x8000D8D2] -> 0x0050
[1661] [M]: 0x8000D8D0 (0x00500513) addi a0, zero, 5
x10 <- 0x00000005


mem[X,0x8000D8D4] -> 0x55B7
mem[X,0x8000D8D6] -> 0x5555
[1662] [M]: 0x8000D8D4 (0x555555B7) lui a1, 349525
x11 <- 0x55555000


mem[X,0x8000D8D8] -> 0x8593
mem[X,0x8000D8DA] -> 0x5545
[1663] [M]: 0x8000D8D8 (0x55458593) addi a1, a1, 1364
x11 <- 0x55555554


mem[X,0x8000D8DC] -> 0x0113
mem[X,0x8000D8DE] -> 0x0000
[1664] [M]: 0x8000D8DC (0x00000113) addi sp, zero, 0
x2 <- 0x00000000


mem[X,0x8000D8E0] -> 0x006F
mem[X,0x8000D8E2] -> 0x00C0
[1665] [M]: 0x8000D8E0 (0x00C0006F) jal zero, 12


mem[X,0x8000D8EC] -> 0x0663
mem[X,0x8000D8EE] -> 0x00B5
[1666] [M]: 0x8000D8EC (0x00B50663) beq a0, a1, 12


mem[X,0x8000D8F0] -> 0x0113
mem[X,0x8000D8F2] -> 0x0021
[1667] [M]: 0x8000D8F0 (0x00210113) addi sp, sp, 2
x2 <- 0x00000002


mem[X,0x8000D8F4] -> 0x006F
mem[X,0x8000D8F6] -> 0x00C0
[1668] [M]: 0x8000D8F4 (0x00C0006F) jal zero, 12


mem[X,0x8000D900] -> 0xA423
mem[X,0x8000D902] -> 0x2620
[1669] [M]: 0x8000D900 (0x2620A423) sw sp, 616(ra)
mem[0x8003A3D0] <- 0x00000002


mem[X,0x8000D904] -> 0x0513
mem[X,0x8000D906] -> 0x0050
[1670] [M]: 0x8000D904 (0x00500513) addi a0, zero, 5
x10 <- 0x00000005


mem[X,0x8000D908] -> 0x0593
mem[X,0x8000D90A] -> 0x0000
[1671] [M]: 0x8000D908 (0x00000593) addi a1, zero, 0
x11 <- 0x00000000


mem[X,0x8000D90C] -> 0x0113
mem[X,0x8000D90E] -> 0x0000
[1672] [M]: 0x8000D90C (0x00000113) addi sp, zero, 0
x2 <- 0x00000000


mem[X,0x8000D910] -> 0x006F
mem[X,0x8000D912] -> 0x00C0
[1673] [M]: 0x8000D910 (0x00C0006F) jal zero, 12


mem[X,0x8000D91C] -> 0x0063
mem[X,0x8000D91E] -> 0x08B5
[1674] [M]: 0x8000D91C (0x08B50063) beq a0, a1, 128


mem[X,0x8000D920] -> 0x0113
mem[X,0x8000D922] -> 0x0021
[1675] [M]: 0x8000D920 (0x00210113) addi sp, sp, 2
x2 <- 0x00000002


mem[X,0x8000D924] -> 0x006F
mem[X,0x8000D926] -> 0x0800
[1676] [M]: 0x8000D924 (0x0800006F) jal zero, 128


mem[X,0x8000D9A4] -> 0xA623
mem[X,0x8000D9A6] -> 0x2620
[1677] [M]: 0x8000D9A4 (0x2620A623) sw sp, 620(ra)
mem[0x8003A3D4] <- 0x00000002


mem[X,0x8000D9A8] -> 0x0513
mem[X,0x8000D9AA] -> 0x0050
[1678] [M]: 0x8000D9A8 (0x00500513) addi a0, zero, 5
x10 <- 0x00000005


mem[X,0x8000D9AC] -> 0x0593
mem[X,0x8000D9AE] -> 0x0040
[1679] [M]: 0x8000D9AC (0x00400593) addi a1, zero, 4
x11 <- 0x00000004


mem[X,0x8000D9B0] -> 0x0113
mem[X,0x8000D9B2] -> 0x0000
[1680] [M]: 0x8000D9B0 (0x00000113) addi sp, zero, 0
x2 <- 0x00000000


mem[X,0x8000D9B4] -> 0x006F
mem[X,0x8000D9B6] -> 0x0140
[1681] [M]: 0x8000D9B4 (0x0140006F) jal zero, 20


mem[X,0x8000D9C8] -> 0x08E3
mem[X,0x8000D9CA] -> 0xFEB5
[1682] [M]: 0x8000D9C8 (0xFEB508E3) beq a0, a1, 8176


mem[X,0x8000D9CC] -> 0x0113
mem[X,0x8000D9CE] -> 0x0021
[1683] [M]: 0x8000D9CC (0x00210113) addi sp, sp, 2
x2 <- 0x00000002


mem[X,0x8000D9D0] -> 0x006F
mem[X,0x8000D9D2] -> 0x00C0
[1684] [M]: 0x8000D9D0 (0x00C0006F) jal zero, 12


mem[X,0x8000D9DC] -> 0xA823
mem[X,0x8000D9DE] -> 0x2620
[1685] [M]: 0x8000D9DC (0x2620A823) sw sp, 624(ra)
mem[0x8003A3D8] <- 0x00000002


mem[X,0x8000D9E0] -> 0x0513
mem[X,0x8000D9E2] -> 0x0050
[1686] [M]: 0x8000D9E0 (0x00500513) addi a0, zero, 5
x10 <- 0x00000005


mem[X,0x8000D9E4] -> 0x35B7
mem[X,0x8000D9E6] -> 0x3333
[1687] [M]: 0x8000D9E4 (0x333335B7) lui a1, 209715
x11 <- 0x33333000


mem[X,0x8000D9E8] -> 0x8593
mem[X,0x8000D9EA] -> 0x3325
[1688] [M]: 0x8000D9E8 (0x33258593) addi a1, a1, 818
x11 <- 0x33333332


mem[X,0x8000D9EC] -> 0x0113
mem[X,0x8000D9EE] -> 0x0000
[1689] [M]: 0x8000D9EC (0x00000113) addi sp, zero, 0
x2 <- 0x00000000


mem[X,0x8000D9F0] -> 0x006F
mem[X,0x8000D9F2] -> 0x00C0
[1690] [M]: 0x8000D9F0 (0x00C0006F) jal zero, 12


mem[X,0x8000D9FC] -> 0x0063
mem[X,0x8000D9FE] -> 0x40B5
[1691] [M]: 0x8000D9FC (0x40B50063) beq a0, a1, 1024


mem[X,0x8000DA00] -> 0x0113
mem[X,0x8000DA02] -> 0x0021
[1692] [M]: 0x8000DA00 (0x00210113) addi sp, sp, 2
x2 <- 0x00000002


mem[X,0x8000DA04] -> 0x006F
mem[X,0x8000DA06] -> 0x4000
[1693] [M]: 0x8000DA04 (0x4000006F) jal zero, 1024


mem[X,0x8000DE04] -> 0xAA23
mem[X,0x8000DE06] -> 0x2620
[1694] [M]: 0x8000DE04 (0x2620AA23) sw sp, 628(ra)
mem[0x8003A3DC] <- 0x00000002


mem[X,0x8000DE08] -> 0x0513
mem[X,0x8000DE0A] -> 0x0050
[1695] [M]: 0x8000DE08 (0x00500513) addi a0, zero, 5
x10 <- 0x00000005


mem[X,0x8000DE0C] -> 0x65B7
mem[X,0x8000DE0E] -> 0x6666
[1696] [M]: 0x8000DE0C (0x666665B7) lui a1, 419430
x11 <- 0x66666000


mem[X,0x8000DE10] -> 0x8593
mem[X,0x8000DE12] -> 0x6655
[1697] [M]: 0x8000DE10 (0x66558593) addi a1, a1, 1637
x11 <- 0x66666665


mem[X,0x8000DE14] -> 0x0113
mem[X,0x8000DE16] -> 0x0000
[1698] [M]: 0x8000DE14 (0x00000113) addi sp, zero, 0
x2 <- 0x00000000


mem[X,0x8000DE18] -> 0x006F
mem[X,0x8000DE1A] -> 0x00C0
[1699] [M]: 0x8000DE18 (0x00C0006F) jal zero, 12


clint::tick mtime <- 0x0000000000000011
 clint timer pending at mtime 0x0000000000000011
htif::tick 0x0000000000000000
mem[X,0x8000DE24] -> 0x0CE3
mem[X,0x8000DE26] -> 0xFEB5
[1700] [M]: 0x8000DE24 (0xFEB50CE3) beq a0, a1, 8184


mem[X,0x8000DE28] -> 0x0113
mem[X,0x8000DE2A] -> 0x0021
[1701] [M]: 0x8000DE28 (0x00210113) addi sp, sp, 2
x2 <- 0x00000002


mem[X,0x8000DE2C] -> 0x006F
mem[X,0x8000DE2E] -> 0x00C0
[1702] [M]: 0x8000DE2C (0x00C0006F) jal zero, 12


mem[X,0x8000DE38] -> 0xAC23
mem[X,0x8000DE3A] -> 0x2620
[1703] [M]: 0x8000DE38 (0x2620AC23) sw sp, 632(ra)
mem[0x8003A3E0] <- 0x00000002


mem[X,0x8000DE3C] -> 0x0513
mem[X,0x8000DE3E] -> 0x0050
[1704] [M]: 0x8000DE3C (0x00500513) addi a0, zero, 5
x10 <- 0x00000005


mem[X,0x8000DE40] -> 0xB5B7
mem[X,0x8000DE42] -> 0x0000
[1705] [M]: 0x8000DE40 (0x0000B5B7) lui a1, 11
x11 <- 0x0000B000


mem[X,0x8000DE44] -> 0x8593
mem[X,0x8000DE46] -> 0x5035
[1706] [M]: 0x8000DE44 (0x50358593) addi a1, a1, 1283
x11 <- 0x0000B503


mem[X,0x8000DE48] -> 0x0113
mem[X,0x8000DE4A] -> 0x0000
[1707] [M]: 0x8000DE48 (0x00000113) addi sp, zero, 0
x2 <- 0x00000000


mem[X,0x8000DE4C] -> 0x006F
mem[X,0x8000DE4E] -> 0x0180
[1708] [M]: 0x8000DE4C (0x0180006F) jal zero, 24


mem[X,0x8000DE64] -> 0x06E3
mem[X,0x8000DE66] -> 0xFEB5
[1709] [M]: 0x8000DE64 (0xFEB506E3) beq a0, a1, 8172


mem[X,0x8000DE68] -> 0x0113
mem[X,0x8000DE6A] -> 0x0021
[1710] [M]: 0x8000DE68 (0x00210113) addi sp, sp, 2
x2 <- 0x00000002


mem[X,0x8000DE6C] -> 0x006F
mem[X,0x8000DE6E] -> 0x00C0
[1711] [M]: 0x8000DE6C (0x00C0006F) jal zero, 12


mem[X,0x8000DE78] -> 0xAE23
mem[X,0x8000DE7A] -> 0x2620
[1712] [M]: 0x8000DE78 (0x2620AE23) sw sp, 636(ra)
mem[0x8003A3E4] <- 0x00000002


mem[X,0x8000DE7C] -> 0x0513
mem[X,0x8000DE7E] -> 0x0050
[1713] [M]: 0x8000DE7C (0x00500513) addi a0, zero, 5
x10 <- 0x00000005


mem[X,0x8000DE80] -> 0x55B7
mem[X,0x8000DE82] -> 0x5555
[1714] [M]: 0x8000DE80 (0x555555B7) lui a1, 349525
x11 <- 0x55555000


mem[X,0x8000DE84] -> 0x8593
mem[X,0x8000DE86] -> 0x5565
[1715] [M]: 0x8000DE84 (0x55658593) addi a1, a1, 1366
x11 <- 0x55555556


mem[X,0x8000DE88] -> 0x0113
mem[X,0x8000DE8A] -> 0x0000
[1716] [M]: 0x8000DE88 (0x00000113) addi sp, zero, 0
x2 <- 0x00000000


mem[X,0x8000DE8C] -> 0x006F
mem[X,0x8000DE8E] -> 0x00C0
[1717] [M]: 0x8000DE8C (0x00C0006F) jal zero, 12


mem[X,0x8000DE98] -> 0x0863
mem[X,0x8000DE9A] -> 0x00B5
[1718] [M]: 0x8000DE98 (0x00B50863) beq a0, a1, 16


mem[X,0x8000DE9C] -> 0x0113
mem[X,0x8000DE9E] -> 0x0021
[1719] [M]: 0x8000DE9C (0x00210113) addi sp, sp, 2
x2 <- 0x00000002


mem[X,0x8000DEA0] -> 0x006F
mem[X,0x8000DEA2] -> 0x0100
[1720] [M]: 0x8000DEA0 (0x0100006F) jal zero, 16


mem[X,0x8000DEB0] -> 0xA023
mem[X,0x8000DEB2] -> 0x2820
[1721] [M]: 0x8000DEB0 (0x2820A023) sw sp, 640(ra)
mem[0x8003A3E8] <- 0x00000002


mem[X,0x8000DEB4] -> 0x0513
mem[X,0x8000DEB6] -> 0x0050
[1722] [M]: 0x8000DEB4 (0x00500513) addi a0, zero, 5
x10 <- 0x00000005


mem[X,0x8000DEB8] -> 0xB5B7
mem[X,0x8000DEBA] -> 0xAAAA
[1723] [M]: 0x8000DEB8 (0xAAAAB5B7) lui a1, 699051
x11 <- 0xAAAAB000


mem[X,0x8000DEBC] -> 0x8593
mem[X,0x8000DEBE] -> 0xAAB5
[1724] [M]: 0x8000DEBC (0xAAB58593) addi a1, a1, 2731
x11 <- 0xAAAAAAAB


mem[X,0x8000DEC0] -> 0x0113
mem[X,0x8000DEC2] -> 0x0000
[1725] [M]: 0x8000DEC0 (0x00000113) addi sp, zero, 0
x2 <- 0x00000000


mem[X,0x8000DEC4] -> 0x006F
mem[X,0x8000DEC6] -> 0x00C0
[1726] [M]: 0x8000DEC4 (0x00C0006F) jal zero, 12


mem[X,0x8000DED0] -> 0x0863
mem[X,0x8000DED2] -> 0x00B5
[1727] [M]: 0x8000DED0 (0x00B50863) beq a0, a1, 16


mem[X,0x8000DED4] -> 0x0113
mem[X,0x8000DED6] -> 0x0021
[1728] [M]: 0x8000DED4 (0x00210113) addi sp, sp, 2
x2 <- 0x00000002


mem[X,0x8000DED8] -> 0x006F
mem[X,0x8000DEDA] -> 0x0100
[1729] [M]: 0x8000DED8 (0x0100006F) jal zero, 16


mem[X,0x8000DEE8] -> 0xA223
mem[X,0x8000DEEA] -> 0x2820
[1730] [M]: 0x8000DEE8 (0x2820A223) sw sp, 644(ra)
mem[0x8003A3EC] <- 0x00000002


mem[X,0x8000DEEC] -> 0x0513
mem[X,0x8000DEEE] -> 0x0050
[1731] [M]: 0x8000DEEC (0x00500513) addi a0, zero, 5
x10 <- 0x00000005


mem[X,0x8000DEF0] -> 0x0593
mem[X,0x8000DEF2] -> 0x0060
[1732] [M]: 0x8000DEF0 (0x00600593) addi a1, zero, 6
x11 <- 0x00000006


mem[X,0x8000DEF4] -> 0x0113
mem[X,0x8000DEF6] -> 0x0000
[1733] [M]: 0x8000DEF4 (0x00000113) addi sp, zero, 0
x2 <- 0x00000000


mem[X,0x8000DEF8] -> 0x006F
mem[X,0x8000DEFA] -> 0x0140
[1734] [M]: 0x8000DEF8 (0x0140006F) jal zero, 20


mem[X,0x8000DF0C] -> 0x08E3
mem[X,0x8000DF0E] -> 0xFEB5
[1735] [M]: 0x8000DF0C (0xFEB508E3) beq a0, a1, 8176


mem[X,0x8000DF10] -> 0x0113
mem[X,0x8000DF12] -> 0x0021
[1736] [M]: 0x8000DF10 (0x00210113) addi sp, sp, 2
x2 <- 0x00000002


mem[X,0x8000DF14] -> 0x006F
mem[X,0x8000DF16] -> 0x00C0
[1737] [M]: 0x8000DF14 (0x00C0006F) jal zero, 12


mem[X,0x8000DF20] -> 0xA423
mem[X,0x8000DF22] -> 0x2820
[1738] [M]: 0x8000DF20 (0x2820A423) sw sp, 648(ra)
mem[0x8003A3F0] <- 0x00000002


mem[X,0x8000DF24] -> 0x0513
mem[X,0x8000DF26] -> 0x0050
[1739] [M]: 0x8000DF24 (0x00500513) addi a0, zero, 5
x10 <- 0x00000005


mem[X,0x8000DF28] -> 0x35B7
mem[X,0x8000DF2A] -> 0x3333
[1740] [M]: 0x8000DF28 (0x333335B7) lui a1, 209715
x11 <- 0x33333000


mem[X,0x8000DF2C] -> 0x8593
mem[X,0x8000DF2E] -> 0x3345
[1741] [M]: 0x8000DF2C (0x33458593) addi a1, a1, 820
x11 <- 0x33333334


mem[X,0x8000DF30] -> 0x0113
mem[X,0x8000DF32] -> 0x0000
[1742] [M]: 0x8000DF30 (0x00000113) addi sp, zero, 0
x2 <- 0x00000000


mem[X,0x8000DF34] -> 0x006F
mem[X,0x8000DF36] -> 0x00C0
[1743] [M]: 0x8000DF34 (0x00C0006F) jal zero, 12


mem[X,0x8000DF40] -> 0x0663
mem[X,0x8000DF42] -> 0x00B5
[1744] [M]: 0x8000DF40 (0x00B50663) beq a0, a1, 12


mem[X,0x8000DF44] -> 0x0113
mem[X,0x8000DF46] -> 0x0021
[1745] [M]: 0x8000DF44 (0x00210113) addi sp, sp, 2
x2 <- 0x00000002


mem[X,0x8000DF48] -> 0x006F
mem[X,0x8000DF4A] -> 0x00C0
[1746] [M]: 0x8000DF48 (0x00C0006F) jal zero, 12


mem[X,0x8000DF54] -> 0xA623
mem[X,0x8000DF56] -> 0x2820
[1747] [M]: 0x8000DF54 (0x2820A623) sw sp, 652(ra)
mem[0x8003A3F4] <- 0x00000002


mem[X,0x8000DF58] -> 0x0513
mem[X,0x8000DF5A] -> 0x0050
[1748] [M]: 0x8000DF58 (0x00500513) addi a0, zero, 5
x10 <- 0x00000005


mem[X,0x8000DF5C] -> 0x65B7
mem[X,0x8000DF5E] -> 0x6666
[1749] [M]: 0x8000DF5C (0x666665B7) lui a1, 419430
x11 <- 0x66666000


mem[X,0x8000DF60] -> 0x8593
mem[X,0x8000DF62] -> 0x6675
[1750] [M]: 0x8000DF60 (0x66758593) addi a1, a1, 1639
x11 <- 0x66666667


mem[X,0x8000DF64] -> 0x0113
mem[X,0x8000DF66] -> 0x0000
[1751] [M]: 0x8000DF64 (0x00000113) addi sp, zero, 0
x2 <- 0x00000000


mem[X,0x8000DF68] -> 0x006F
mem[X,0x8000DF6A] -> 0x00C0
[1752] [M]: 0x8000DF68 (0x00C0006F) jal zero, 12


mem[X,0x8000DF74] -> 0x0863
mem[X,0x8000DF76] -> 0x00B5
[1753] [M]: 0x8000DF74 (0x00B50863) beq a0, a1, 16


mem[X,0x8000DF78] -> 0x0113
mem[X,0x8000DF7A] -> 0x0021
[1754] [M]: 0x8000DF78 (0x00210113) addi sp, sp, 2
x2 <- 0x00000002


mem[X,0x8000DF7C] -> 0x006F
mem[X,0x8000DF7E] -> 0x0100
[1755] [M]: 0x8000DF7C (0x0100006F) jal zero, 16


mem[X,0x8000DF8C] -> 0xA823
mem[X,0x8000DF8E] -> 0x2820
[1756] [M]: 0x8000DF8C (0x2820A823) sw sp, 656(ra)
mem[0x8003A3F8] <- 0x00000002


mem[X,0x8000DF90] -> 0x0513
mem[X,0x8000DF92] -> 0x0050
[1757] [M]: 0x8000DF90 (0x00500513) addi a0, zero, 5
x10 <- 0x00000005


mem[X,0x8000DF94] -> 0x55B7
mem[X,0x8000DF96] -> 0xFFFF
[1758] [M]: 0x8000DF94 (0xFFFF55B7) lui a1, 1048565
x11 <- 0xFFFF5000


mem[X,0x8000DF98] -> 0x8593
mem[X,0x8000DF9A] -> 0xAFD5
[1759] [M]: 0x8000DF98 (0xAFD58593) addi a1, a1, 2813
x11 <- 0xFFFF4AFD


mem[X,0x8000DF9C] -> 0x0113
mem[X,0x8000DF9E] -> 0x0000
[1760] [M]: 0x8000DF9C (0x00000113) addi sp, zero, 0
x2 <- 0x00000000


mem[X,0x8000DFA0] -> 0x006F
mem[X,0x8000DFA2] -> 0x00C0
[1761] [M]: 0x8000DFA0 (0x00C0006F) jal zero, 12


mem[X,0x8000DFAC] -> 0x0063
mem[X,0x8000DFAE] -> 0x40B5
[1762] [M]: 0x8000DFAC (0x40B50063) beq a0, a1, 1024


mem[X,0x8000DFB0] -> 0x0113
mem[X,0x8000DFB2] -> 0x0021
[1763] [M]: 0x8000DFB0 (0x00210113) addi sp, sp, 2
x2 <- 0x00000002


mem[X,0x8000DFB4] -> 0x006F
mem[X,0x8000DFB6] -> 0x4000
[1764] [M]: 0x8000DFB4 (0x4000006F) jal zero, 1024


mem[X,0x8000E3B4] -> 0xAA23
mem[X,0x8000E3B6] -> 0x2820
[1765] [M]: 0x8000E3B4 (0x2820AA23) sw sp, 660(ra)
mem[0x8003A3FC] <- 0x00000002


mem[X,0x8000E3B8] -> 0x0513
mem[X,0x8000E3BA] -> 0x0050
[1766] [M]: 0x8000E3B8 (0x00500513) addi a0, zero, 5
x10 <- 0x00000005


mem[X,0x8000E3BC] -> 0xB5B7
mem[X,0x8000E3BE] -> 0x0000
[1767] [M]: 0x8000E3BC (0x0000B5B7) lui a1, 11
x11 <- 0x0000B000


mem[X,0x8000E3C0] -> 0x8593
mem[X,0x8000E3C2] -> 0x5055
[1768] [M]: 0x8000E3C0 (0x50558593) addi a1, a1, 1285
x11 <- 0x0000B505


mem[X,0x8000E3C4] -> 0x0113
mem[X,0x8000E3C6] -> 0x0000
[1769] [M]: 0x8000E3C4 (0x00000113) addi sp, zero, 0
x2 <- 0x00000000


mem[X,0x8000E3C8] -> 0x006F
mem[X,0x8000E3CA] -> 0x00C0
[1770] [M]: 0x8000E3C8 (0x00C0006F) jal zero, 12


mem[X,0x8000E3D4] -> 0x0063
mem[X,0x8000E3D6] -> 0x20B5
[1771] [M]: 0x8000E3D4 (0x20B50063) beq a0, a1, 512


mem[X,0x8000E3D8] -> 0x0113
mem[X,0x8000E3DA] -> 0x0021
[1772] [M]: 0x8000E3D8 (0x00210113) addi sp, sp, 2
x2 <- 0x00000002


mem[X,0x8000E3DC] -> 0x006F
mem[X,0x8000E3DE] -> 0x2000
[1773] [M]: 0x8000E3DC (0x2000006F) jal zero, 512


mem[X,0x8000E5DC] -> 0xAC23
mem[X,0x8000E5DE] -> 0x2820
[1774] [M]: 0x8000E5DC (0x2820AC23) sw sp, 664(ra)
mem[0x8003A400] <- 0x00000002


mem[X,0x8000E5E0] -> 0x3537
mem[X,0x8000E5E2] -> 0x3333
[1775] [M]: 0x8000E5E0 (0x33333537) lui a0, 209715
x10 <- 0x33333000


mem[X,0x8000E5E4] -> 0x0513
mem[X,0x8000E5E6] -> 0x3335
[1776] [M]: 0x8000E5E4 (0x33350513) addi a0, a0, 819
x10 <- 0x33333333


mem[X,0x8000E5E8] -> 0x0593
mem[X,0x8000E5EA] -> 0x0030
[1777] [M]: 0x8000E5E8 (0x00300593) addi a1, zero, 3
x11 <- 0x00000003


mem[X,0x8000E5EC] -> 0x0113
mem[X,0x8000E5EE] -> 0x0000
[1778] [M]: 0x8000E5EC (0x00000113) addi sp, zero, 0
x2 <- 0x00000000


mem[X,0x8000E5F0] -> 0x006F
mem[X,0x8000E5F2] -> 0x0050
[1779] [M]: 0x8000E5F0 (0x0050006F) jal zero, 2052


mem[X,0x8000EDF4] -> 0x00E3
mem[X,0x8000EDF6] -> 0x80B5
[1780] [M]: 0x8000EDF4 (0x80B500E3) beq a0, a1, 6144


mem[X,0x8000EDF8] -> 0x0113
mem[X,0x8000EDFA] -> 0x0021
[1781] [M]: 0x8000EDF8 (0x00210113) addi sp, sp, 2
x2 <- 0x00000002


mem[X,0x8000EDFC] -> 0x006F
mem[X,0x8000EDFE] -> 0x00C0
[1782] [M]: 0x8000EDFC (0x00C0006F) jal zero, 12


mem[X,0x8000EE08] -> 0xAE23
mem[X,0x8000EE0A] -> 0x2820
[1783] [M]: 0x8000EE08 (0x2820AE23) sw sp, 668(ra)
mem[0x8003A404] <- 0x00000002


mem[X,0x8000EE0C] -> 0x3537
mem[X,0x8000EE0E] -> 0x3333
[1784] [M]: 0x8000EE0C (0x33333537) lui a0, 209715
x10 <- 0x33333000


mem[X,0x8000EE10] -> 0x0513
mem[X,0x8000EE12] -> 0x3335
[1785] [M]: 0x8000EE10 (0x33350513) addi a0, a0, 819
x10 <- 0x33333333


mem[X,0x8000EE14] -> 0x55B7
mem[X,0x8000EE16] -> 0x5555
[1786] [M]: 0x8000EE14 (0x555555B7) lui a1, 349525
x11 <- 0x55555000


mem[X,0x8000EE18] -> 0x8593
mem[X,0x8000EE1A] -> 0x5555
[1787] [M]: 0x8000EE18 (0x55558593) addi a1, a1, 1365
x11 <- 0x55555555


mem[X,0x8000EE1C] -> 0x0113
mem[X,0x8000EE1E] -> 0x0000
[1788] [M]: 0x8000EE1C (0x00000113) addi sp, zero, 0
x2 <- 0x00000000


mem[X,0x8000EE20] -> 0x006F
mem[X,0x8000EE22] -> 0x00C0
[1789] [M]: 0x8000EE20 (0x00C0006F) jal zero, 12


mem[X,0x8000EE2C] -> 0x0863
mem[X,0x8000EE2E] -> 0x00B5
[1790] [M]: 0x8000EE2C (0x00B50863) beq a0, a1, 16


mem[X,0x8000EE30] -> 0x0113
mem[X,0x8000EE32] -> 0x0021
[1791] [M]: 0x8000EE30 (0x00210113) addi sp, sp, 2
x2 <- 0x00000002


mem[X,0x8000EE34] -> 0x006F
mem[X,0x8000EE36] -> 0x0100
[1792] [M]: 0x8000EE34 (0x0100006F) jal zero, 16


mem[X,0x8000EE44] -> 0xA023
mem[X,0x8000EE46] -> 0x2A20
[1793] [M]: 0x8000EE44 (0x2A20A023) sw sp, 672(ra)
mem[0x8003A408] <- 0x00000002


mem[X,0x8000EE48] -> 0x3537
mem[X,0x8000EE4A] -> 0x3333
[1794] [M]: 0x8000EE48 (0x33333537) lui a0, 209715
x10 <- 0x33333000


mem[X,0x8000EE4C] -> 0x0513
mem[X,0x8000EE4E] -> 0x3335
[1795] [M]: 0x8000EE4C (0x33350513) addi a0, a0, 819
x10 <- 0x33333333


mem[X,0x8000EE50] -> 0xB5B7
mem[X,0x8000EE52] -> 0xAAAA
[1796] [M]: 0x8000EE50 (0xAAAAB5B7) lui a1, 699051
x11 <- 0xAAAAB000


mem[X,0x8000EE54] -> 0x8593
mem[X,0x8000EE56] -> 0xAAA5
[1797] [M]: 0x8000EE54 (0xAAA58593) addi a1, a1, 2730
x11 <- 0xAAAAAAAA


mem[X,0x8000EE58] -> 0x0113
mem[X,0x8000EE5A] -> 0x0000
[1798] [M]: 0x8000EE58 (0x00000113) addi sp, zero, 0
x2 <- 0x00000000


mem[X,0x8000EE5C] -> 0x006F
mem[X,0x8000EE5E] -> 0x00C0
[1799] [M]: 0x8000EE5C (0x00C0006F) jal zero, 12


clint::tick mtime <- 0x0000000000000012
 clint timer pending at mtime 0x0000000000000012
htif::tick 0x0000000000000000
mem[X,0x8000EE68] -> 0x0CE3
mem[X,0x8000EE6A] -> 0xFEB5
[1800] [M]: 0x8000EE68 (0xFEB50CE3) beq a0, a1, 8184


mem[X,0x8000EE6C] -> 0x0113
mem[X,0x8000EE6E] -> 0x0021
[1801] [M]: 0x8000EE6C (0x00210113) addi sp, sp, 2
x2 <- 0x00000002


mem[X,0x8000EE70] -> 0x006F
mem[X,0x8000EE72] -> 0x00C0
[1802] [M]: 0x8000EE70 (0x00C0006F) jal zero, 12


mem[X,0x8000EE7C] -> 0xA223
mem[X,0x8000EE7E] -> 0x2A20
[1803] [M]: 0x8000EE7C (0x2A20A223) sw sp, 676(ra)
mem[0x8003A40C] <- 0x00000002


mem[X,0x8000EE80] -> 0x3537
mem[X,0x8000EE82] -> 0x3333
[1804] [M]: 0x8000EE80 (0x33333537) lui a0, 209715
x10 <- 0x33333000


mem[X,0x8000EE84] -> 0x0513
mem[X,0x8000EE86] -> 0x3335
[1805] [M]: 0x8000EE84 (0x33350513) addi a0, a0, 819
x10 <- 0x33333333


mem[X,0x8000EE88] -> 0x0593
mem[X,0x8000EE8A] -> 0x0050
[1806] [M]: 0x8000EE88 (0x00500593) addi a1, zero, 5
x11 <- 0x00000005


mem[X,0x8000EE8C] -> 0x0113
mem[X,0x8000EE8E] -> 0x0000
[1807] [M]: 0x8000EE8C (0x00000113) addi sp, zero, 0
x2 <- 0x00000000


mem[X,0x8000EE90] -> 0x006F
mem[X,0x8000EE92] -> 0x00C0
[1808] [M]: 0x8000EE90 (0x00C0006F) jal zero, 12


mem[X,0x8000EE9C] -> 0x0CE3
mem[X,0x8000EE9E] -> 0xFEB5
[1809] [M]: 0x8000EE9C (0xFEB50CE3) beq a0, a1, 8184


mem[X,0x8000EEA0] -> 0x0113
mem[X,0x8000EEA2] -> 0x0021
[1810] [M]: 0x8000EEA0 (0x00210113) addi sp, sp, 2
x2 <- 0x00000002


mem[X,0x8000EEA4] -> 0x006F
mem[X,0x8000EEA6] -> 0x00C0
[1811] [M]: 0x8000EEA4 (0x00C0006F) jal zero, 12


mem[X,0x8000EEB0] -> 0xA423
mem[X,0x8000EEB2] -> 0x2A20
[1812] [M]: 0x8000EEB0 (0x2A20A423) sw sp, 680(ra)
mem[0x8003A410] <- 0x00000002


mem[X,0x8000EEB4] -> 0x3537
mem[X,0x8000EEB6] -> 0x3333
[1813] [M]: 0x8000EEB4 (0x33333537) lui a0, 209715
x10 <- 0x33333000


mem[X,0x8000EEB8] -> 0x0513
mem[X,0x8000EEBA] -> 0x3335
[1814] [M]: 0x8000EEB8 (0x33350513) addi a0, a0, 819
x10 <- 0x33333333


mem[X,0x8000EEBC] -> 0x35B7
mem[X,0x8000EEBE] -> 0x3333
[1815] [M]: 0x8000EEBC (0x333335B7) lui a1, 209715
x11 <- 0x33333000


mem[X,0x8000EEC0] -> 0x8593
mem[X,0x8000EEC2] -> 0x3335
[1816] [M]: 0x8000EEC0 (0x33358593) addi a1, a1, 819
x11 <- 0x33333333


mem[X,0x8000EEC4] -> 0x0113
mem[X,0x8000EEC6] -> 0x0000
[1817] [M]: 0x8000EEC4 (0x00000113) addi sp, zero, 0
x2 <- 0x00000000


mem[X,0x8000EEC8] -> 0x006F
mem[X,0x8000EECA] -> 0x00C0
[1818] [M]: 0x8000EEC8 (0x00C0006F) jal zero, 12


mem[X,0x8000EED4] -> 0x0863
mem[X,0x8000EED6] -> 0x00B5
[1819] [M]: 0x8000EED4 (0x00B50863) beq a0, a1, 16


mem[X,0x8000EEE4] -> 0x0113
mem[X,0x8000EEE6] -> 0x0031
[1820] [M]: 0x8000EEE4 (0x00310113) addi sp, sp, 3
x2 <- 0x00000003


mem[X,0x8000EEE8] -> 0x006F
mem[X,0x8000EEEA] -> 0x0040
[1821] [M]: 0x8000EEE8 (0x0040006F) jal zero, 4


mem[X,0x8000EEEC] -> 0xA623
mem[X,0x8000EEEE] -> 0x2A20
[1822] [M]: 0x8000EEEC (0x2A20A623) sw sp, 684(ra)
mem[0x8003A414] <- 0x00000003


mem[X,0x8000EEF0] -> 0x3537
mem[X,0x8000EEF2] -> 0x3333
[1823] [M]: 0x8000EEF0 (0x33333537) lui a0, 209715
x10 <- 0x33333000


mem[X,0x8000EEF4] -> 0x0513
mem[X,0x8000EEF6] -> 0x3335
[1824] [M]: 0x8000EEF4 (0x33350513) addi a0, a0, 819
x10 <- 0x33333333


mem[X,0x8000EEF8] -> 0x65B7
mem[X,0x8000EEFA] -> 0x6666
[1825] [M]: 0x8000EEF8 (0x666665B7) lui a1, 419430
x11 <- 0x66666000


mem[X,0x8000EEFC] -> 0x8593
mem[X,0x8000EEFE] -> 0x6665
[1826] [M]: 0x8000EEFC (0x66658593) addi a1, a1, 1638
x11 <- 0x66666666


mem[X,0x8000EF00] -> 0x0113
mem[X,0x8000EF02] -> 0x0000
[1827] [M]: 0x8000EF00 (0x00000113) addi sp, zero, 0
x2 <- 0x00000000


mem[X,0x8000EF04] -> 0x006F
mem[X,0x8000EF06] -> 0x00C0
[1828] [M]: 0x8000EF04 (0x00C0006F) jal zero, 12


mem[X,0x8000EF10] -> 0x0663
mem[X,0x8000EF12] -> 0x00B5
[1829] [M]: 0x8000EF10 (0x00B50663) beq a0, a1, 12


mem[X,0x8000EF14] -> 0x0113
mem[X,0x8000EF16] -> 0x0021
[1830] [M]: 0x8000EF14 (0x00210113) addi sp, sp, 2
x2 <- 0x00000002


mem[X,0x8000EF18] -> 0x006F
mem[X,0x8000EF1A] -> 0x00C0
[1831] [M]: 0x8000EF18 (0x00C0006F) jal zero, 12


mem[X,0x8000EF24] -> 0xA823
mem[X,0x8000EF26] -> 0x2A20
[1832] [M]: 0x8000EF24 (0x2A20A823) sw sp, 688(ra)
mem[0x8003A418] <- 0x00000002


mem[X,0x8000EF28] -> 0x3537
mem[X,0x8000EF2A] -> 0x3333
[1833] [M]: 0x8000EF28 (0x33333537) lui a0, 209715
x10 <- 0x33333000


mem[X,0x8000EF2C] -> 0x0513
mem[X,0x8000EF2E] -> 0x3335
[1834] [M]: 0x8000EF2C (0x33350513) addi a0, a0, 819
x10 <- 0x33333333


mem[X,0x8000EF30] -> 0x55B7
mem[X,0x8000EF32] -> 0xFFFF
[1835] [M]: 0x8000EF30 (0xFFFF55B7) lui a1, 1048565
x11 <- 0xFFFF5000


mem[X,0x8000EF34] -> 0x8593
mem[X,0x8000EF36] -> 0xAFC5
[1836] [M]: 0x8000EF34 (0xAFC58593) addi a1, a1, 2812
x11 <- 0xFFFF4AFC


mem[X,0x8000EF38] -> 0x0113
mem[X,0x8000EF3A] -> 0x0000
[1837] [M]: 0x8000EF38 (0x00000113) addi sp, zero, 0
x2 <- 0x00000000


mem[X,0x8000EF3C] -> 0x006F
mem[X,0x8000EF3E] -> 0x0180
[1838] [M]: 0x8000EF3C (0x0180006F) jal zero, 24


mem[X,0x8000EF54] -> 0x06E3
mem[X,0x8000EF56] -> 0xFEB5
[1839] [M]: 0x8000EF54 (0xFEB506E3) beq a0, a1, 8172


mem[X,0x8000EF58] -> 0x0113
mem[X,0x8000EF5A] -> 0x0021
[1840] [M]: 0x8000EF58 (0x00210113) addi sp, sp, 2
x2 <- 0x00000002


mem[X,0x8000EF5C] -> 0x006F
mem[X,0x8000EF5E] -> 0x00C0
[1841] [M]: 0x8000EF5C (0x00C0006F) jal zero, 12


mem[X,0x8000EF68] -> 0xAA23
mem[X,0x8000EF6A] -> 0x2A20
[1842] [M]: 0x8000EF68 (0x2A20AA23) sw sp, 692(ra)
mem[0x8003A41C] <- 0x00000002


mem[X,0x8000EF6C] -> 0x3537
mem[X,0x8000EF6E] -> 0x3333
[1843] [M]: 0x8000EF6C (0x33333537) lui a0, 209715
x10 <- 0x33333000


mem[X,0x8000EF70] -> 0x0513
mem[X,0x8000EF72] -> 0x3335
[1844] [M]: 0x8000EF70 (0x33350513) addi a0, a0, 819
x10 <- 0x33333333


mem[X,0x8000EF74] -> 0xB5B7
mem[X,0x8000EF76] -> 0x0000
[1845] [M]: 0x8000EF74 (0x0000B5B7) lui a1, 11
x11 <- 0x0000B000


mem[X,0x8000EF78] -> 0x8593
mem[X,0x8000EF7A] -> 0x5045
[1846] [M]: 0x8000EF78 (0x50458593) addi a1, a1, 1284
x11 <- 0x0000B504


mem[X,0x8000EF7C] -> 0x0113
mem[X,0x8000EF7E] -> 0x0000
[1847] [M]: 0x8000EF7C (0x00000113) addi sp, zero, 0
x2 <- 0x00000000


mem[X,0x8000EF80] -> 0x006F
mem[X,0x8000EF82] -> 0x00C0
[1848] [M]: 0x8000EF80 (0x00C0006F) jal zero, 12


mem[X,0x8000EF8C] -> 0x0063
mem[X,0x8000EF8E] -> 0x20B5
[1849] [M]: 0x8000EF8C (0x20B50063) beq a0, a1, 512


mem[X,0x8000EF90] -> 0x0113
mem[X,0x8000EF92] -> 0x0021
[1850] [M]: 0x8000EF90 (0x00210113) addi sp, sp, 2
x2 <- 0x00000002


mem[X,0x8000EF94] -> 0x006F
mem[X,0x8000EF96] -> 0x2000
[1851] [M]: 0x8000EF94 (0x2000006F) jal zero, 512


mem[X,0x8000F194] -> 0xAC23
mem[X,0x8000F196] -> 0x2A20
[1852] [M]: 0x8000F194 (0x2A20AC23) sw sp, 696(ra)
mem[0x8003A420] <- 0x00000002


mem[X,0x8000F198] -> 0x3537
mem[X,0x8000F19A] -> 0x3333
[1853] [M]: 0x8000F198 (0x33333537) lui a0, 209715
x10 <- 0x33333000


mem[X,0x8000F19C] -> 0x0513
mem[X,0x8000F19E] -> 0x3335
[1854] [M]: 0x8000F19C (0x33350513) addi a0, a0, 819
x10 <- 0x33333333


mem[X,0x8000F1A0] -> 0x55B7
mem[X,0x8000F1A2] -> 0x5555
[1855] [M]: 0x8000F1A0 (0x555555B7) lui a1, 349525
x11 <- 0x55555000


mem[X,0x8000F1A4] -> 0x8593
mem[X,0x8000F1A6] -> 0x5545
[1856] [M]: 0x8000F1A4 (0x55458593) addi a1, a1, 1364
x11 <- 0x55555554


mem[X,0x8000F1A8] -> 0x0113
mem[X,0x8000F1AA] -> 0x0000
[1857] [M]: 0x8000F1A8 (0x00000113) addi sp, zero, 0
x2 <- 0x00000000


mem[X,0x8000F1AC] -> 0x006F
mem[X,0x8000F1AE] -> 0x2B10
[1858] [M]: 0x8000F1AC (0x2B10006F) jal zero, 2736


mem[X,0x8000FC5C] -> 0x0A63
mem[X,0x8000FC5E] -> 0xD4B5
[1859] [M]: 0x8000FC5C (0xD4B50A63) beq a0, a1, 5460


mem[X,0x8000FC60] -> 0x0113
mem[X,0x8000FC62] -> 0x0021
[1860] [M]: 0x8000FC60 (0x00210113) addi sp, sp, 2
x2 <- 0x00000002


mem[X,0x8000FC64] -> 0x006F
mem[X,0x8000FC66] -> 0x00C0
[1861] [M]: 0x8000FC64 (0x00C0006F) jal zero, 12


mem[X,0x8000FC70] -> 0xAE23
mem[X,0x8000FC72] -> 0x2A20
[1862] [M]: 0x8000FC70 (0x2A20AE23) sw sp, 700(ra)
mem[0x8003A424] <- 0x00000002


mem[X,0x8000FC74] -> 0x3537
mem[X,0x8000FC76] -> 0x3333
[1863] [M]: 0x8000FC74 (0x33333537) lui a0, 209715
x10 <- 0x33333000


mem[X,0x8000FC78] -> 0x0513
mem[X,0x8000FC7A] -> 0x3335
[1864] [M]: 0x8000FC78 (0x33350513) addi a0, a0, 819
x10 <- 0x33333333


mem[X,0x8000FC7C] -> 0x0593
mem[X,0x8000FC7E] -> 0x0000
[1865] [M]: 0x8000FC7C (0x00000593) addi a1, zero, 0
x11 <- 0x00000000


mem[X,0x8000FC80] -> 0x0113
mem[X,0x8000FC82] -> 0x0000
[1866] [M]: 0x8000FC80 (0x00000113) addi sp, zero, 0
x2 <- 0x00000000


mem[X,0x8000FC84] -> 0x006F
mem[X,0x8000FC86] -> 0x00C0
[1867] [M]: 0x8000FC84 (0x00C0006F) jal zero, 12


mem[X,0x8000FC90] -> 0x0063
mem[X,0x8000FC92] -> 0x04B5
[1868] [M]: 0x8000FC90 (0x04B50063) beq a0, a1, 64


mem[X,0x8000FC94] -> 0x0113
mem[X,0x8000FC96] -> 0x0021
[1869] [M]: 0x8000FC94 (0x00210113) addi sp, sp, 2
x2 <- 0x00000002


mem[X,0x8000FC98] -> 0x006F
mem[X,0x8000FC9A] -> 0x0400
[1870] [M]: 0x8000FC98 (0x0400006F) jal zero, 64


mem[X,0x8000FCD8] -> 0xA023
mem[X,0x8000FCDA] -> 0x2C20
[1871] [M]: 0x8000FCD8 (0x2C20A023) sw sp, 704(ra)
mem[0x8003A428] <- 0x00000002


mem[X,0x8000FCDC] -> 0x3537
mem[X,0x8000FCDE] -> 0x3333
[1872] [M]: 0x8000FCDC (0x33333537) lui a0, 209715
x10 <- 0x33333000


mem[X,0x8000FCE0] -> 0x0513
mem[X,0x8000FCE2] -> 0x3335
[1873] [M]: 0x8000FCE0 (0x33350513) addi a0, a0, 819
x10 <- 0x33333333


mem[X,0x8000FCE4] -> 0x0593
mem[X,0x8000FCE6] -> 0x0040
[1874] [M]: 0x8000FCE4 (0x00400593) addi a1, zero, 4
x11 <- 0x00000004


mem[X,0x8000FCE8] -> 0x0113
mem[X,0x8000FCEA] -> 0x0000
[1875] [M]: 0x8000FCE8 (0x00000113) addi sp, zero, 0
x2 <- 0x00000000


mem[X,0x8000FCEC] -> 0x006F
mem[X,0x8000FCEE] -> 0x00C0
[1876] [M]: 0x8000FCEC (0x00C0006F) jal zero, 12


mem[X,0x8000FCF8] -> 0x0663
mem[X,0x8000FCFA] -> 0x00B5
[1877] [M]: 0x8000FCF8 (0x00B50663) beq a0, a1, 12


mem[X,0x8000FCFC] -> 0x0113
mem[X,0x8000FCFE] -> 0x0021
[1878] [M]: 0x8000FCFC (0x00210113) addi sp, sp, 2
x2 <- 0x00000002


mem[X,0x8000FD00] -> 0x006F
mem[X,0x8000FD02] -> 0x00C0
[1879] [M]: 0x8000FD00 (0x00C0006F) jal zero, 12


mem[X,0x8000FD0C] -> 0xA223
mem[X,0x8000FD0E] -> 0x2C20
[1880] [M]: 0x8000FD0C (0x2C20A223) sw sp, 708(ra)
mem[0x8003A42C] <- 0x00000002


mem[X,0x8000FD10] -> 0x3537
mem[X,0x8000FD12] -> 0x3333
[1881] [M]: 0x8000FD10 (0x33333537) lui a0, 209715
x10 <- 0x33333000


mem[X,0x8000FD14] -> 0x0513
mem[X,0x8000FD16] -> 0x3335
[1882] [M]: 0x8000FD14 (0x33350513) addi a0, a0, 819
x10 <- 0x33333333


mem[X,0x8000FD18] -> 0x35B7
mem[X,0x8000FD1A] -> 0x3333
[1883] [M]: 0x8000FD18 (0x333335B7) lui a1, 209715
x11 <- 0x33333000


mem[X,0x8000FD1C] -> 0x8593
mem[X,0x8000FD1E] -> 0x3325
[1884] [M]: 0x8000FD1C (0x33258593) addi a1, a1, 818
x11 <- 0x33333332


mem[X,0x8000FD20] -> 0x0113
mem[X,0x8000FD22] -> 0x0000
[1885] [M]: 0x8000FD20 (0x00000113) addi sp, zero, 0
x2 <- 0x00000000


mem[X,0x8000FD24] -> 0x006F
mem[X,0x8000FD26] -> 0x00C0
[1886] [M]: 0x8000FD24 (0x00C0006F) jal zero, 12


mem[X,0x8000FD30] -> 0x0663
mem[X,0x8000FD32] -> 0x00B5
[1887] [M]: 0x8000FD30 (0x00B50663) beq a0, a1, 12


mem[X,0x8000FD34] -> 0x0113
mem[X,0x8000FD36] -> 0x0021
[1888] [M]: 0x8000FD34 (0x00210113) addi sp, sp, 2
x2 <- 0x00000002


mem[X,0x8000FD38] -> 0x006F
mem[X,0x8000FD3A] -> 0x00C0
[1889] [M]: 0x8000FD38 (0x00C0006F) jal zero, 12


mem[X,0x8000FD44] -> 0xA423
mem[X,0x8000FD46] -> 0x2C20
[1890] [M]: 0x8000FD44 (0x2C20A423) sw sp, 712(ra)
mem[0x8003A430] <- 0x00000002


mem[X,0x8000FD48] -> 0x3537
mem[X,0x8000FD4A] -> 0x3333
[1891] [M]: 0x8000FD48 (0x33333537) lui a0, 209715
x10 <- 0x33333000


mem[X,0x8000FD4C] -> 0x0513
mem[X,0x8000FD4E] -> 0x3335
[1892] [M]: 0x8000FD4C (0x33350513) addi a0, a0, 819
x10 <- 0x33333333


mem[X,0x8000FD50] -> 0x65B7
mem[X,0x8000FD52] -> 0x6666
[1893] [M]: 0x8000FD50 (0x666665B7) lui a1, 419430
x11 <- 0x66666000


mem[X,0x8000FD54] -> 0x8593
mem[X,0x8000FD56] -> 0x6655
[1894] [M]: 0x8000FD54 (0x66558593) addi a1, a1, 1637
x11 <- 0x66666665


mem[X,0x8000FD58] -> 0x0113
mem[X,0x8000FD5A] -> 0x0000
[1895] [M]: 0x8000FD58 (0x00000113) addi sp, zero, 0
x2 <- 0x00000000


mem[X,0x8000FD5C] -> 0x006F
mem[X,0x8000FD5E] -> 0x0180
[1896] [M]: 0x8000FD5C (0x0180006F) jal zero, 24


mem[X,0x8000FD74] -> 0x06E3
mem[X,0x8000FD76] -> 0xFEB5
[1897] [M]: 0x8000FD74 (0xFEB506E3) beq a0, a1, 8172


mem[X,0x8000FD78] -> 0x0113
mem[X,0x8000FD7A] -> 0x0021
[1898] [M]: 0x8000FD78 (0x00210113) addi sp, sp, 2
x2 <- 0x00000002


mem[X,0x8000FD7C] -> 0x006F
mem[X,0x8000FD7E] -> 0x00C0
[1899] [M]: 0x8000FD7C (0x00C0006F) jal zero, 12


clint::tick mtime <- 0x0000000000000013
 clint timer pending at mtime 0x0000000000000013
htif::tick 0x0000000000000000
mem[X,0x8000FD88] -> 0xA623
mem[X,0x8000FD8A] -> 0x2C20
[1900] [M]: 0x8000FD88 (0x2C20A623) sw sp, 716(ra)
mem[0x8003A434] <- 0x00000002


mem[X,0x8000FD8C] -> 0x3537
mem[X,0x8000FD8E] -> 0x3333
[1901] [M]: 0x8000FD8C (0x33333537) lui a0, 209715
x10 <- 0x33333000


mem[X,0x8000FD90] -> 0x0513
mem[X,0x8000FD92] -> 0x3335
[1902] [M]: 0x8000FD90 (0x33350513) addi a0, a0, 819
x10 <- 0x33333333


mem[X,0x8000FD94] -> 0xB5B7
mem[X,0x8000FD96] -> 0x0000
[1903] [M]: 0x8000FD94 (0x0000B5B7) lui a1, 11
x11 <- 0x0000B000


mem[X,0x8000FD98] -> 0x8593
mem[X,0x8000FD9A] -> 0x5035
[1904] [M]: 0x8000FD98 (0x50358593) addi a1, a1, 1283
x11 <- 0x0000B503


mem[X,0x8000FD9C] -> 0x0113
mem[X,0x8000FD9E] -> 0x0000
[1905] [M]: 0x8000FD9C (0x00000113) addi sp, zero, 0
x2 <- 0x00000000


mem[X,0x8000FDA0] -> 0x006F
mem[X,0x8000FDA2] -> 0x00C0
[1906] [M]: 0x8000FDA0 (0x00C0006F) jal zero, 12


mem[X,0x8000FDAC] -> 0x0063
mem[X,0x8000FDAE] -> 0x40B5
[1907] [M]: 0x8000FDAC (0x40B50063) beq a0, a1, 1024


mem[X,0x8000FDB0] -> 0x0113
mem[X,0x8000FDB2] -> 0x0021
[1908] [M]: 0x8000FDB0 (0x00210113) addi sp, sp, 2
x2 <- 0x00000002


mem[X,0x8000FDB4] -> 0x006F
mem[X,0x8000FDB6] -> 0x4000
[1909] [M]: 0x8000FDB4 (0x4000006F) jal zero, 1024


mem[X,0x800101B4] -> 0xA823
mem[X,0x800101B6] -> 0x2C20
[1910] [M]: 0x800101B4 (0x2C20A823) sw sp, 720(ra)
mem[0x8003A438] <- 0x00000002


mem[X,0x800101B8] -> 0x3537
mem[X,0x800101BA] -> 0x3333
[1911] [M]: 0x800101B8 (0x33333537) lui a0, 209715
x10 <- 0x33333000


mem[X,0x800101BC] -> 0x0513
mem[X,0x800101BE] -> 0x3335
[1912] [M]: 0x800101BC (0x33350513) addi a0, a0, 819
x10 <- 0x33333333


mem[X,0x800101C0] -> 0x55B7
mem[X,0x800101C2] -> 0x5555
[1913] [M]: 0x800101C0 (0x555555B7) lui a1, 349525
x11 <- 0x55555000


mem[X,0x800101C4] -> 0x8593
mem[X,0x800101C6] -> 0x5565
[1914] [M]: 0x800101C4 (0x55658593) addi a1, a1, 1366
x11 <- 0x55555556


mem[X,0x800101C8] -> 0x0113
mem[X,0x800101CA] -> 0x0000
[1915] [M]: 0x800101C8 (0x00000113) addi sp, zero, 0
x2 <- 0x00000000


mem[X,0x800101CC] -> 0x006F
mem[X,0x800101CE] -> 0x0050
[1916] [M]: 0x800101CC (0x0050006F) jal zero, 2052


mem[X,0x800109D0] -> 0x00E3
mem[X,0x800109D2] -> 0x80B5
[1917] [M]: 0x800109D0 (0x80B500E3) beq a0, a1, 6144


mem[X,0x800109D4] -> 0x0113
mem[X,0x800109D6] -> 0x0021
[1918] [M]: 0x800109D4 (0x00210113) addi sp, sp, 2
x2 <- 0x00000002


mem[X,0x800109D8] -> 0x006F
mem[X,0x800109DA] -> 0x00C0
[1919] [M]: 0x800109D8 (0x00C0006F) jal zero, 12


mem[X,0x800109E4] -> 0xAA23
mem[X,0x800109E6] -> 0x2C20
[1920] [M]: 0x800109E4 (0x2C20AA23) sw sp, 724(ra)
mem[0x8003A43C] <- 0x00000002


mem[X,0x800109E8] -> 0x3537
mem[X,0x800109EA] -> 0x3333
[1921] [M]: 0x800109E8 (0x33333537) lui a0, 209715
x10 <- 0x33333000


mem[X,0x800109EC] -> 0x0513
mem[X,0x800109EE] -> 0x3335
[1922] [M]: 0x800109EC (0x33350513) addi a0, a0, 819
x10 <- 0x33333333


mem[X,0x800109F0] -> 0xB5B7
mem[X,0x800109F2] -> 0xAAAA
[1923] [M]: 0x800109F0 (0xAAAAB5B7) lui a1, 699051
x11 <- 0xAAAAB000


mem[X,0x800109F4] -> 0x8593
mem[X,0x800109F6] -> 0xAAB5
[1924] [M]: 0x800109F4 (0xAAB58593) addi a1, a1, 2731
x11 <- 0xAAAAAAAB


mem[X,0x800109F8] -> 0x0113
mem[X,0x800109FA] -> 0x0000
[1925] [M]: 0x800109F8 (0x00000113) addi sp, zero, 0
x2 <- 0x00000000


mem[X,0x800109FC] -> 0x006F
mem[X,0x800109FE] -> 0x00C0
[1926] [M]: 0x800109FC (0x00C0006F) jal zero, 12


mem[X,0x80010A08] -> 0x0063
mem[X,0x80010A0A] -> 0x10B5
[1927] [M]: 0x80010A08 (0x10B50063) beq a0, a1, 256


mem[X,0x80010A0C] -> 0x0113
mem[X,0x80010A0E] -> 0x0021
[1928] [M]: 0x80010A0C (0x00210113) addi sp, sp, 2
x2 <- 0x00000002


mem[X,0x80010A10] -> 0x006F
mem[X,0x80010A12] -> 0x1000
[1929] [M]: 0x80010A10 (0x1000006F) jal zero, 256


mem[X,0x80010B10] -> 0xAC23
mem[X,0x80010B12] -> 0x2C20
[1930] [M]: 0x80010B10 (0x2C20AC23) sw sp, 728(ra)
mem[0x8003A440] <- 0x00000002


mem[X,0x80010B14] -> 0x3537
mem[X,0x80010B16] -> 0x3333
[1931] [M]: 0x80010B14 (0x33333537) lui a0, 209715
x10 <- 0x33333000


mem[X,0x80010B18] -> 0x0513
mem[X,0x80010B1A] -> 0x3335
[1932] [M]: 0x80010B18 (0x33350513) addi a0, a0, 819
x10 <- 0x33333333


mem[X,0x80010B1C] -> 0x0593
mem[X,0x80010B1E] -> 0x0060
[1933] [M]: 0x80010B1C (0x00600593) addi a1, zero, 6
x11 <- 0x00000006


mem[X,0x80010B20] -> 0x0113
mem[X,0x80010B22] -> 0x0000
[1934] [M]: 0x80010B20 (0x00000113) addi sp, zero, 0
x2 <- 0x00000000


mem[X,0x80010B24] -> 0x006F
mem[X,0x80010B26] -> 0x00C0
[1935] [M]: 0x80010B24 (0x00C0006F) jal zero, 12


mem[X,0x80010B30] -> 0x0063
mem[X,0x80010B32] -> 0x20B5
[1936] [M]: 0x80010B30 (0x20B50063) beq a0, a1, 512


mem[X,0x80010B34] -> 0x0113
mem[X,0x80010B36] -> 0x0021
[1937] [M]: 0x80010B34 (0x00210113) addi sp, sp, 2
x2 <- 0x00000002


mem[X,0x80010B38] -> 0x006F
mem[X,0x80010B3A] -> 0x2000
[1938] [M]: 0x80010B38 (0x2000006F) jal zero, 512


mem[X,0x80010D38] -> 0xAE23
mem[X,0x80010D3A] -> 0x2C20
[1939] [M]: 0x80010D38 (0x2C20AE23) sw sp, 732(ra)
mem[0x8003A444] <- 0x00000002


mem[X,0x80010D3C] -> 0x3537
mem[X,0x80010D3E] -> 0x3333
[1940] [M]: 0x80010D3C (0x33333537) lui a0, 209715
x10 <- 0x33333000


mem[X,0x80010D40] -> 0x0513
mem[X,0x80010D42] -> 0x3335
[1941] [M]: 0x80010D40 (0x33350513) addi a0, a0, 819
x10 <- 0x33333333


mem[X,0x80010D44] -> 0x35B7
mem[X,0x80010D46] -> 0x3333
[1942] [M]: 0x80010D44 (0x333335B7) lui a1, 209715
x11 <- 0x33333000


mem[X,0x80010D48] -> 0x8593
mem[X,0x80010D4A] -> 0x3345
[1943] [M]: 0x80010D48 (0x33458593) addi a1, a1, 820
x11 <- 0x33333334


mem[X,0x80010D4C] -> 0x0113
mem[X,0x80010D4E] -> 0x0000
[1944] [M]: 0x80010D4C (0x00000113) addi sp, zero, 0
x2 <- 0x00000000


mem[X,0x80010D50] -> 0x006F
mem[X,0x80010D52] -> 0x00C0
[1945] [M]: 0x80010D50 (0x00C0006F) jal zero, 12


mem[X,0x80010D5C] -> 0x0063
mem[X,0x80010D5E] -> 0x20B5
[1946] [M]: 0x80010D5C (0x20B50063) beq a0, a1, 512


mem[X,0x80010D60] -> 0x0113
mem[X,0x80010D62] -> 0x0021
[1947] [M]: 0x80010D60 (0x00210113) addi sp, sp, 2
x2 <- 0x00000002


mem[X,0x80010D64] -> 0x006F
mem[X,0x80010D66] -> 0x2000
[1948] [M]: 0x80010D64 (0x2000006F) jal zero, 512


mem[X,0x80010F64] -> 0xA023
mem[X,0x80010F66] -> 0x2E20
[1949] [M]: 0x80010F64 (0x2E20A023) sw sp, 736(ra)
mem[0x8003A448] <- 0x00000002


mem[X,0x80010F68] -> 0x3537
mem[X,0x80010F6A] -> 0x3333
[1950] [M]: 0x80010F68 (0x33333537) lui a0, 209715
x10 <- 0x33333000


mem[X,0x80010F6C] -> 0x0513
mem[X,0x80010F6E] -> 0x3335
[1951] [M]: 0x80010F6C (0x33350513) addi a0, a0, 819
x10 <- 0x33333333


mem[X,0x80010F70] -> 0x65B7
mem[X,0x80010F72] -> 0x6666
[1952] [M]: 0x80010F70 (0x666665B7) lui a1, 419430
x11 <- 0x66666000


mem[X,0x80010F74] -> 0x8593
mem[X,0x80010F76] -> 0x6675
[1953] [M]: 0x80010F74 (0x66758593) addi a1, a1, 1639
x11 <- 0x66666667


mem[X,0x80010F78] -> 0x0113
mem[X,0x80010F7A] -> 0x0000
[1954] [M]: 0x80010F78 (0x00000113) addi sp, zero, 0
x2 <- 0x00000000


mem[X,0x80010F7C] -> 0x006F
mem[X,0x80010F7E] -> 0x00C0
[1955] [M]: 0x80010F7C (0x00C0006F) jal zero, 12


mem[X,0x80010F88] -> 0x0063
mem[X,0x80010F8A] -> 0x40B5
[1956] [M]: 0x80010F88 (0x40B50063) beq a0, a1, 1024


mem[X,0x80010F8C] -> 0x0113
mem[X,0x80010F8E] -> 0x0021
[1957] [M]: 0x80010F8C (0x00210113) addi sp, sp, 2
x2 <- 0x00000002


mem[X,0x80010F90] -> 0x006F
mem[X,0x80010F92] -> 0x4000
[1958] [M]: 0x80010F90 (0x4000006F) jal zero, 1024


mem[X,0x80011390] -> 0xA223
mem[X,0x80011392] -> 0x2E20
[1959] [M]: 0x80011390 (0x2E20A223) sw sp, 740(ra)
mem[0x8003A44C] <- 0x00000002


mem[X,0x80011394] -> 0x3537
mem[X,0x80011396] -> 0x3333
[1960] [M]: 0x80011394 (0x33333537) lui a0, 209715
x10 <- 0x33333000


mem[X,0x80011398] -> 0x0513
mem[X,0x8001139A] -> 0x3335
[1961] [M]: 0x80011398 (0x33350513) addi a0, a0, 819
x10 <- 0x33333333


mem[X,0x8001139C] -> 0x55B7
mem[X,0x8001139E] -> 0xFFFF
[1962] [M]: 0x8001139C (0xFFFF55B7) lui a1, 1048565
x11 <- 0xFFFF5000


mem[X,0x800113A0] -> 0x8593
mem[X,0x800113A2] -> 0xAFD5
[1963] [M]: 0x800113A0 (0xAFD58593) addi a1, a1, 2813
x11 <- 0xFFFF4AFD


mem[X,0x800113A4] -> 0x0113
mem[X,0x800113A6] -> 0x0000
[1964] [M]: 0x800113A4 (0x00000113) addi sp, zero, 0
x2 <- 0x00000000


mem[X,0x800113A8] -> 0x006F
mem[X,0x800113AA] -> 0x0140
[1965] [M]: 0x800113A8 (0x0140006F) jal zero, 20


mem[X,0x800113BC] -> 0x08E3
mem[X,0x800113BE] -> 0xFEB5
[1966] [M]: 0x800113BC (0xFEB508E3) beq a0, a1, 8176


mem[X,0x800113C0] -> 0x0113
mem[X,0x800113C2] -> 0x0021
[1967] [M]: 0x800113C0 (0x00210113) addi sp, sp, 2
x2 <- 0x00000002


mem[X,0x800113C4] -> 0x006F
mem[X,0x800113C6] -> 0x00C0
[1968] [M]: 0x800113C4 (0x00C0006F) jal zero, 12


mem[X,0x800113D0] -> 0xA423
mem[X,0x800113D2] -> 0x2E20
[1969] [M]: 0x800113D0 (0x2E20A423) sw sp, 744(ra)
mem[0x8003A450] <- 0x00000002


mem[X,0x800113D4] -> 0x3537
mem[X,0x800113D6] -> 0x3333
[1970] [M]: 0x800113D4 (0x33333537) lui a0, 209715
x10 <- 0x33333000


mem[X,0x800113D8] -> 0x0513
mem[X,0x800113DA] -> 0x3335
[1971] [M]: 0x800113D8 (0x33350513) addi a0, a0, 819
x10 <- 0x33333333


mem[X,0x800113DC] -> 0xB5B7
mem[X,0x800113DE] -> 0x0000
[1972] [M]: 0x800113DC (0x0000B5B7) lui a1, 11
x11 <- 0x0000B000


mem[X,0x800113E0] -> 0x8593
mem[X,0x800113E2] -> 0x5055
[1973] [M]: 0x800113E0 (0x50558593) addi a1, a1, 1285
x11 <- 0x0000B505


mem[X,0x800113E4] -> 0x0113
mem[X,0x800113E6] -> 0x0000
[1974] [M]: 0x800113E4 (0x00000113) addi sp, zero, 0
x2 <- 0x00000000


mem[X,0x800113E8] -> 0x006F
mem[X,0x800113EA] -> 0x0140
[1975] [M]: 0x800113E8 (0x0140006F) jal zero, 20


mem[X,0x800113FC] -> 0x08E3
mem[X,0x800113FE] -> 0xFEB5
[1976] [M]: 0x800113FC (0xFEB508E3) beq a0, a1, 8176


mem[X,0x80011400] -> 0x0113
mem[X,0x80011402] -> 0x0021
[1977] [M]: 0x80011400 (0x00210113) addi sp, sp, 2
x2 <- 0x00000002


mem[X,0x80011404] -> 0x006F
mem[X,0x80011406] -> 0x00C0
[1978] [M]: 0x80011404 (0x00C0006F) jal zero, 12


mem[X,0x80011410] -> 0xA623
mem[X,0x80011412] -> 0x2E20
[1979] [M]: 0x80011410 (0x2E20A623) sw sp, 748(ra)
mem[0x8003A454] <- 0x00000002


mem[X,0x80011414] -> 0x6537
mem[X,0x80011416] -> 0x6666
[1980] [M]: 0x80011414 (0x66666537) lui a0, 419430
x10 <- 0x66666000


mem[X,0x80011418] -> 0x0513
mem[X,0x8001141A] -> 0x6665
[1981] [M]: 0x80011418 (0x66650513) addi a0, a0, 1638
x10 <- 0x66666666


mem[X,0x8001141C] -> 0x0593
mem[X,0x8001141E] -> 0x0030
[1982] [M]: 0x8001141C (0x00300593) addi a1, zero, 3
x11 <- 0x00000003


mem[X,0x80011420] -> 0x0113
mem[X,0x80011422] -> 0x0000
[1983] [M]: 0x80011420 (0x00000113) addi sp, zero, 0
x2 <- 0x00000000


mem[X,0x80011424] -> 0x006F
mem[X,0x80011426] -> 0x00C0
[1984] [M]: 0x80011424 (0x00C0006F) jal zero, 12


mem[X,0x80011430] -> 0x0CE3
mem[X,0x80011432] -> 0xFEB5
[1985] [M]: 0x80011430 (0xFEB50CE3) beq a0, a1, 8184


mem[X,0x80011434] -> 0x0113
mem[X,0x80011436] -> 0x0021
[1986] [M]: 0x80011434 (0x00210113) addi sp, sp, 2
x2 <- 0x00000002


mem[X,0x80011438] -> 0x006F
mem[X,0x8001143A] -> 0x00C0
[1987] [M]: 0x80011438 (0x00C0006F) jal zero, 12


mem[X,0x80011444] -> 0xA823
mem[X,0x80011446] -> 0x2E20
[1988] [M]: 0x80011444 (0x2E20A823) sw sp, 752(ra)
mem[0x8003A458] <- 0x00000002


mem[X,0x80011448] -> 0x6537
mem[X,0x8001144A] -> 0x6666
[1989] [M]: 0x80011448 (0x66666537) lui a0, 419430
x10 <- 0x66666000


mem[X,0x8001144C] -> 0x0513
mem[X,0x8001144E] -> 0x6665
[1990] [M]: 0x8001144C (0x66650513) addi a0, a0, 1638
x10 <- 0x66666666


mem[X,0x80011450] -> 0x55B7
mem[X,0x80011452] -> 0x5555
[1991] [M]: 0x80011450 (0x555555B7) lui a1, 349525
x11 <- 0x55555000


mem[X,0x80011454] -> 0x8593
mem[X,0x80011456] -> 0x5555
[1992] [M]: 0x80011454 (0x55558593) addi a1, a1, 1365
x11 <- 0x55555555


mem[X,0x80011458] -> 0x0113
mem[X,0x8001145A] -> 0x0000
[1993] [M]: 0x80011458 (0x00000113) addi sp, zero, 0
x2 <- 0x00000000


mem[X,0x8001145C] -> 0x006F
mem[X,0x8001145E] -> 0x00C0
[1994] [M]: 0x8001145C (0x00C0006F) jal zero, 12


mem[X,0x80011468] -> 0x0CE3
mem[X,0x8001146A] -> 0xFEB5
[1995] [M]: 0x80011468 (0xFEB50CE3) beq a0, a1, 8184


mem[X,0x8001146C] -> 0x0113
mem[X,0x8001146E] -> 0x0021
[1996] [M]: 0x8001146C (0x00210113) addi sp, sp, 2
x2 <- 0x00000002


mem[X,0x80011470] -> 0x006F
mem[X,0x80011472] -> 0x00C0
[1997] [M]: 0x80011470 (0x00C0006F) jal zero, 12


mem[X,0x8001147C] -> 0xAA23
mem[X,0x8001147E] -> 0x2E20
[1998] [M]: 0x8001147C (0x2E20AA23) sw sp, 756(ra)
mem[0x8003A45C] <- 0x00000002


mem[X,0x80011480] -> 0x6537
mem[X,0x80011482] -> 0x6666
[1999] [M]: 0x80011480 (0x66666537) lui a0, 419430
x10 <- 0x66666000


clint::tick mtime <- 0x0000000000000014
 clint timer pending at mtime 0x0000000000000014
htif::tick 0x0000000000000000
mem[X,0x80011484] -> 0x0513
mem[X,0x80011486] -> 0x6665
[2000] [M]: 0x80011484 (0x66650513) addi a0, a0, 1638
x10 <- 0x66666666


mem[X,0x80011488] -> 0xB5B7
mem[X,0x8001148A] -> 0xAAAA
[2001] [M]: 0x80011488 (0xAAAAB5B7) lui a1, 699051
x11 <- 0xAAAAB000


mem[X,0x8001148C] -> 0x8593
mem[X,0x8001148E] -> 0xAAA5
[2002] [M]: 0x8001148C (0xAAA58593) addi a1, a1, 2730
x11 <- 0xAAAAAAAA


mem[X,0x80011490] -> 0x0113
mem[X,0x80011492] -> 0x0000
[2003] [M]: 0x80011490 (0x00000113) addi sp, zero, 0
x2 <- 0x00000000


mem[X,0x80011494] -> 0x006F
mem[X,0x80011496] -> 0x00C0
[2004] [M]: 0x80011494 (0x00C0006F) jal zero, 12


mem[X,0x800114A0] -> 0x0CE3
mem[X,0x800114A2] -> 0xFEB5
[2005] [M]: 0x800114A0 (0xFEB50CE3) beq a0, a1, 8184


mem[X,0x800114A4] -> 0x0113
mem[X,0x800114A6] -> 0x0021
[2006] [M]: 0x800114A4 (0x00210113) addi sp, sp, 2
x2 <- 0x00000002


mem[X,0x800114A8] -> 0x006F
mem[X,0x800114AA] -> 0x00C0
[2007] [M]: 0x800114A8 (0x00C0006F) jal zero, 12


mem[X,0x800114B4] -> 0xAC23
mem[X,0x800114B6] -> 0x2E20
[2008] [M]: 0x800114B4 (0x2E20AC23) sw sp, 760(ra)
mem[0x8003A460] <- 0x00000002


mem[X,0x800114B8] -> 0x6537
mem[X,0x800114BA] -> 0x6666
[2009] [M]: 0x800114B8 (0x66666537) lui a0, 419430
x10 <- 0x66666000


mem[X,0x800114BC] -> 0x0513
mem[X,0x800114BE] -> 0x6665
[2010] [M]: 0x800114BC (0x66650513) addi a0, a0, 1638
x10 <- 0x66666666


mem[X,0x800114C0] -> 0x0593
mem[X,0x800114C2] -> 0x0050
[2011] [M]: 0x800114C0 (0x00500593) addi a1, zero, 5
x11 <- 0x00000005


mem[X,0x800114C4] -> 0x0113
mem[X,0x800114C6] -> 0x0000
[2012] [M]: 0x800114C4 (0x00000113) addi sp, zero, 0
x2 <- 0x00000000


mem[X,0x800114C8] -> 0x006F
mem[X,0x800114CA] -> 0x0050
[2013] [M]: 0x800114C8 (0x0050006F) jal zero, 2052


mem[X,0x80011CCC] -> 0x00E3
mem[X,0x80011CCE] -> 0x80B5
[2014] [M]: 0x80011CCC (0x80B500E3) beq a0, a1, 6144


mem[X,0x80011CD0] -> 0x0113
mem[X,0x80011CD2] -> 0x0021
[2015] [M]: 0x80011CD0 (0x00210113) addi sp, sp, 2
x2 <- 0x00000002


mem[X,0x80011CD4] -> 0x006F
mem[X,0x80011CD6] -> 0x00C0
[2016] [M]: 0x80011CD4 (0x00C0006F) jal zero, 12


mem[X,0x80011CE0] -> 0xAE23
mem[X,0x80011CE2] -> 0x2E20
[2017] [M]: 0x80011CE0 (0x2E20AE23) sw sp, 764(ra)
mem[0x8003A464] <- 0x00000002


mem[X,0x80011CE4] -> 0x6537
mem[X,0x80011CE6] -> 0x6666
[2018] [M]: 0x80011CE4 (0x66666537) lui a0, 419430
x10 <- 0x66666000


mem[X,0x80011CE8] -> 0x0513
mem[X,0x80011CEA] -> 0x6665
[2019] [M]: 0x80011CE8 (0x66650513) addi a0, a0, 1638
x10 <- 0x66666666


mem[X,0x80011CEC] -> 0x35B7
mem[X,0x80011CEE] -> 0x3333
[2020] [M]: 0x80011CEC (0x333335B7) lui a1, 209715
x11 <- 0x33333000


mem[X,0x80011CF0] -> 0x8593
mem[X,0x80011CF2] -> 0x3335
[2021] [M]: 0x80011CF0 (0x33358593) addi a1, a1, 819
x11 <- 0x33333333


mem[X,0x80011CF4] -> 0x0113
mem[X,0x80011CF6] -> 0x0000
[2022] [M]: 0x80011CF4 (0x00000113) addi sp, zero, 0
x2 <- 0x00000000


mem[X,0x80011CF8] -> 0x006F
mem[X,0x80011CFA] -> 0x00C0
[2023] [M]: 0x80011CF8 (0x00C0006F) jal zero, 12


mem[X,0x80011D04] -> 0x0663
mem[X,0x80011D06] -> 0x00B5
[2024] [M]: 0x80011D04 (0x00B50663) beq a0, a1, 12


mem[X,0x80011D08] -> 0x0113
mem[X,0x80011D0A] -> 0x0021
[2025] [M]: 0x80011D08 (0x00210113) addi sp, sp, 2
x2 <- 0x00000002


mem[X,0x80011D0C] -> 0x006F
mem[X,0x80011D0E] -> 0x00C0
[2026] [M]: 0x80011D0C (0x00C0006F) jal zero, 12


mem[X,0x80011D18] -> 0xA023
mem[X,0x80011D1A] -> 0x3020
[2027] [M]: 0x80011D18 (0x3020A023) sw sp, 768(ra)
mem[0x8003A468] <- 0x00000002


mem[X,0x80011D1C] -> 0x6537
mem[X,0x80011D1E] -> 0x6666
[2028] [M]: 0x80011D1C (0x66666537) lui a0, 419430
x10 <- 0x66666000


mem[X,0x80011D20] -> 0x0513
mem[X,0x80011D22] -> 0x6665
[2029] [M]: 0x80011D20 (0x66650513) addi a0, a0, 1638
x10 <- 0x66666666


mem[X,0x80011D24] -> 0x65B7
mem[X,0x80011D26] -> 0x6666
[2030] [M]: 0x80011D24 (0x666665B7) lui a1, 419430
x11 <- 0x66666000


mem[X,0x80011D28] -> 0x8593
mem[X,0x80011D2A] -> 0x6665
[2031] [M]: 0x80011D28 (0x66658593) addi a1, a1, 1638
x11 <- 0x66666666


mem[X,0x80011D2C] -> 0x0113
mem[X,0x80011D2E] -> 0x0000
[2032] [M]: 0x80011D2C (0x00000113) addi sp, zero, 0
x2 <- 0x00000000


mem[X,0x80011D30] -> 0x006F
mem[X,0x80011D32] -> 0x0180
[2033] [M]: 0x80011D30 (0x0180006F) jal zero, 24


mem[X,0x80011D48] -> 0x06E3
mem[X,0x80011D4A] -> 0xFEB5
[2034] [M]: 0x80011D48 (0xFEB506E3) beq a0, a1, 8172


mem[X,0x80011D34] -> 0x0113
mem[X,0x80011D36] -> 0x0011
[2035] [M]: 0x80011D34 (0x00110113) addi sp, sp, 1
x2 <- 0x00000001


mem[X,0x80011D38] -> 0x006F
mem[X,0x80011D3A] -> 0x0240
[2036] [M]: 0x80011D38 (0x0240006F) jal zero, 36


mem[X,0x80011D5C] -> 0xA223
mem[X,0x80011D5E] -> 0x3020
[2037] [M]: 0x80011D5C (0x3020A223) sw sp, 772(ra)
mem[0x8003A46C] <- 0x00000001


mem[X,0x80011D60] -> 0x6537
mem[X,0x80011D62] -> 0x6666
[2038] [M]: 0x80011D60 (0x66666537) lui a0, 419430
x10 <- 0x66666000


mem[X,0x80011D64] -> 0x0513
mem[X,0x80011D66] -> 0x6665
[2039] [M]: 0x80011D64 (0x66650513) addi a0, a0, 1638
x10 <- 0x66666666


mem[X,0x80011D68] -> 0x55B7
mem[X,0x80011D6A] -> 0xFFFF
[2040] [M]: 0x80011D68 (0xFFFF55B7) lui a1, 1048565
x11 <- 0xFFFF5000


mem[X,0x80011D6C] -> 0x8593
mem[X,0x80011D6E] -> 0xAFC5
[2041] [M]: 0x80011D6C (0xAFC58593) addi a1, a1, 2812
x11 <- 0xFFFF4AFC


mem[X,0x80011D70] -> 0x0113
mem[X,0x80011D72] -> 0x0000
[2042] [M]: 0x80011D70 (0x00000113) addi sp, zero, 0
x2 <- 0x00000000


mem[X,0x80011D74] -> 0x006F
mem[X,0x80011D76] -> 0x00C0
[2043] [M]: 0x80011D74 (0x00C0006F) jal zero, 12


mem[X,0x80011D80] -> 0x0663
mem[X,0x80011D82] -> 0x00B5
[2044] [M]: 0x80011D80 (0x00B50663) beq a0, a1, 12


mem[X,0x80011D84] -> 0x0113
mem[X,0x80011D86] -> 0x0021
[2045] [M]: 0x80011D84 (0x00210113) addi sp, sp, 2
x2 <- 0x00000002


mem[X,0x80011D88] -> 0x006F
mem[X,0x80011D8A] -> 0x00C0
[2046] [M]: 0x80011D88 (0x00C0006F) jal zero, 12


mem[X,0x80011D94] -> 0xA423
mem[X,0x80011D96] -> 0x3020
[2047] [M]: 0x80011D94 (0x3020A423) sw sp, 776(ra)
mem[0x8003A470] <- 0x00000002


mem[X,0x80011D98] -> 0x6537
mem[X,0x80011D9A] -> 0x6666
[2048] [M]: 0x80011D98 (0x66666537) lui a0, 419430
x10 <- 0x66666000


mem[X,0x80011D9C] -> 0x0513
mem[X,0x80011D9E] -> 0x6665
[2049] [M]: 0x80011D9C (0x66650513) addi a0, a0, 1638
x10 <- 0x66666666


mem[X,0x80011DA0] -> 0xB5B7
mem[X,0x80011DA2] -> 0x0000
[2050] [M]: 0x80011DA0 (0x0000B5B7) lui a1, 11
x11 <- 0x0000B000


mem[X,0x80011DA4] -> 0x8593
mem[X,0x80011DA6] -> 0x5045
[2051] [M]: 0x80011DA4 (0x50458593) addi a1, a1, 1284
x11 <- 0x0000B504


mem[X,0x80011DA8] -> 0x0113
mem[X,0x80011DAA] -> 0x0000
[2052] [M]: 0x80011DA8 (0x00000113) addi sp, zero, 0
x2 <- 0x00000000


mem[X,0x80011DAC] -> 0x006F
mem[X,0x80011DAE] -> 0x00C0
[2053] [M]: 0x80011DAC (0x00C0006F) jal zero, 12


mem[X,0x80011DB8] -> 0x0CE3
mem[X,0x80011DBA] -> 0xFEB5
[2054] [M]: 0x80011DB8 (0xFEB50CE3) beq a0, a1, 8184


mem[X,0x80011DBC] -> 0x0113
mem[X,0x80011DBE] -> 0x0021
[2055] [M]: 0x80011DBC (0x00210113) addi sp, sp, 2
x2 <- 0x00000002


mem[X,0x80011DC0] -> 0x006F
mem[X,0x80011DC2] -> 0x00C0
[2056] [M]: 0x80011DC0 (0x00C0006F) jal zero, 12


mem[X,0x80011DCC] -> 0xA623
mem[X,0x80011DCE] -> 0x3020
[2057] [M]: 0x80011DCC (0x3020A623) sw sp, 780(ra)
mem[0x8003A474] <- 0x00000002


mem[X,0x80011DD0] -> 0x6537
mem[X,0x80011DD2] -> 0x6666
[2058] [M]: 0x80011DD0 (0x66666537) lui a0, 419430
x10 <- 0x66666000


mem[X,0x80011DD4] -> 0x0513
mem[X,0x80011DD6] -> 0x6665
[2059] [M]: 0x80011DD4 (0x66650513) addi a0, a0, 1638
x10 <- 0x66666666


mem[X,0x80011DD8] -> 0x0593
mem[X,0x80011DDA] -> 0x0020
[2060] [M]: 0x80011DD8 (0x00200593) addi a1, zero, 2
x11 <- 0x00000002


mem[X,0x80011DDC] -> 0x0113
mem[X,0x80011DDE] -> 0x0000
[2061] [M]: 0x80011DDC (0x00000113) addi sp, zero, 0
x2 <- 0x00000000


mem[X,0x80011DE0] -> 0x006F
mem[X,0x80011DE2] -> 0x0100
[2062] [M]: 0x80011DE0 (0x0100006F) jal zero, 16


mem[X,0x80011DF0] -> 0x0AE3
mem[X,0x80011DF2] -> 0xFEB5
[2063] [M]: 0x80011DF0 (0xFEB50AE3) beq a0, a1, 8180


mem[X,0x80011DF4] -> 0x0113
mem[X,0x80011DF6] -> 0x0021
[2064] [M]: 0x80011DF4 (0x00210113) addi sp, sp, 2
x2 <- 0x00000002


mem[X,0x80011DF8] -> 0x006F
mem[X,0x80011DFA] -> 0x00C0
[2065] [M]: 0x80011DF8 (0x00C0006F) jal zero, 12


mem[X,0x80011E04] -> 0xA823
mem[X,0x80011E06] -> 0x3020
[2066] [M]: 0x80011E04 (0x3020A823) sw sp, 784(ra)
mem[0x8003A478] <- 0x00000002


mem[X,0x80011E08] -> 0x6537
mem[X,0x80011E0A] -> 0x6666
[2067] [M]: 0x80011E08 (0x66666537) lui a0, 419430
x10 <- 0x66666000


mem[X,0x80011E0C] -> 0x0513
mem[X,0x80011E0E] -> 0x6665
[2068] [M]: 0x80011E0C (0x66650513) addi a0, a0, 1638
x10 <- 0x66666666


mem[X,0x80011E10] -> 0x55B7
mem[X,0x80011E12] -> 0x5555
[2069] [M]: 0x80011E10 (0x555555B7) lui a1, 349525
x11 <- 0x55555000


mem[X,0x80011E14] -> 0x8593
mem[X,0x80011E16] -> 0x5545
[2070] [M]: 0x80011E14 (0x55458593) addi a1, a1, 1364
x11 <- 0x55555554


mem[X,0x80011E18] -> 0x0113
mem[X,0x80011E1A] -> 0x0000
[2071] [M]: 0x80011E18 (0x00000113) addi sp, zero, 0
x2 <- 0x00000000


mem[X,0x80011E1C] -> 0x006F
mem[X,0x80011E1E] -> 0x00C0
[2072] [M]: 0x80011E1C (0x00C0006F) jal zero, 12


mem[X,0x80011E28] -> 0x0CE3
mem[X,0x80011E2A] -> 0xFEB5
[2073] [M]: 0x80011E28 (0xFEB50CE3) beq a0, a1, 8184


mem[X,0x80011E2C] -> 0x0113
mem[X,0x80011E2E] -> 0x0021
[2074] [M]: 0x80011E2C (0x00210113) addi sp, sp, 2
x2 <- 0x00000002


mem[X,0x80011E30] -> 0x006F
mem[X,0x80011E32] -> 0x00C0
[2075] [M]: 0x80011E30 (0x00C0006F) jal zero, 12


mem[X,0x80011E3C] -> 0xAA23
mem[X,0x80011E3E] -> 0x3020
[2076] [M]: 0x80011E3C (0x3020AA23) sw sp, 788(ra)
mem[0x8003A47C] <- 0x00000002


mem[X,0x80011E40] -> 0x6537
mem[X,0x80011E42] -> 0x6666
[2077] [M]: 0x80011E40 (0x66666537) lui a0, 419430
x10 <- 0x66666000


mem[X,0x80011E44] -> 0x0513
mem[X,0x80011E46] -> 0x6665
[2078] [M]: 0x80011E44 (0x66650513) addi a0, a0, 1638
x10 <- 0x66666666


mem[X,0x80011E48] -> 0x0593
mem[X,0x80011E4A] -> 0x0000
[2079] [M]: 0x80011E48 (0x00000593) addi a1, zero, 0
x11 <- 0x00000000


mem[X,0x80011E4C] -> 0x0113
mem[X,0x80011E4E] -> 0x0000
[2080] [M]: 0x80011E4C (0x00000113) addi sp, zero, 0
x2 <- 0x00000000


mem[X,0x80011E50] -> 0x006F
mem[X,0x80011E52] -> 0x00C0
[2081] [M]: 0x80011E50 (0x00C0006F) jal zero, 12


mem[X,0x80011E5C] -> 0x0663
mem[X,0x80011E5E] -> 0x00B5
[2082] [M]: 0x80011E5C (0x00B50663) beq a0, a1, 12


mem[X,0x80011E60] -> 0x0113
mem[X,0x80011E62] -> 0x0021
[2083] [M]: 0x80011E60 (0x00210113) addi sp, sp, 2
x2 <- 0x00000002


mem[X,0x80011E64] -> 0x006F
mem[X,0x80011E66] -> 0x00C0
[2084] [M]: 0x80011E64 (0x00C0006F) jal zero, 12


mem[X,0x80011E70] -> 0xAC23
mem[X,0x80011E72] -> 0x3020
[2085] [M]: 0x80011E70 (0x3020AC23) sw sp, 792(ra)
mem[0x8003A480] <- 0x00000002


mem[X,0x80011E74] -> 0x6537
mem[X,0x80011E76] -> 0x6666
[2086] [M]: 0x80011E74 (0x66666537) lui a0, 419430
x10 <- 0x66666000


mem[X,0x80011E78] -> 0x0513
mem[X,0x80011E7A] -> 0x6665
[2087] [M]: 0x80011E78 (0x66650513) addi a0, a0, 1638
x10 <- 0x66666666


mem[X,0x80011E7C] -> 0x0593
mem[X,0x80011E7E] -> 0x0040
[2088] [M]: 0x80011E7C (0x00400593) addi a1, zero, 4
x11 <- 0x00000004


mem[X,0x80011E80] -> 0x0113
mem[X,0x80011E82] -> 0x0000
[2089] [M]: 0x80011E80 (0x00000113) addi sp, zero, 0
x2 <- 0x00000000


mem[X,0x80011E84] -> 0x006F
mem[X,0x80011E86] -> 0x00C0
[2090] [M]: 0x80011E84 (0x00C0006F) jal zero, 12


mem[X,0x80011E90] -> 0x0063
mem[X,0x80011E92] -> 0x02B5
[2091] [M]: 0x80011E90 (0x02B50063) beq a0, a1, 32


mem[X,0x80011E94] -> 0x0113
mem[X,0x80011E96] -> 0x0021
[2092] [M]: 0x80011E94 (0x00210113) addi sp, sp, 2
x2 <- 0x00000002


mem[X,0x80011E98] -> 0x006F
mem[X,0x80011E9A] -> 0x0200
[2093] [M]: 0x80011E98 (0x0200006F) jal zero, 32


mem[X,0x80011EB8] -> 0xAE23
mem[X,0x80011EBA] -> 0x3020
[2094] [M]: 0x80011EB8 (0x3020AE23) sw sp, 796(ra)
mem[0x8003A484] <- 0x00000002


mem[X,0x80011EBC] -> 0x6537
mem[X,0x80011EBE] -> 0x6666
[2095] [M]: 0x80011EBC (0x66666537) lui a0, 419430
x10 <- 0x66666000


mem[X,0x80011EC0] -> 0x0513
mem[X,0x80011EC2] -> 0x6665
[2096] [M]: 0x80011EC0 (0x66650513) addi a0, a0, 1638
x10 <- 0x66666666


mem[X,0x80011EC4] -> 0x35B7
mem[X,0x80011EC6] -> 0x3333
[2097] [M]: 0x80011EC4 (0x333335B7) lui a1, 209715
x11 <- 0x33333000


mem[X,0x80011EC8] -> 0x8593
mem[X,0x80011ECA] -> 0x3325
[2098] [M]: 0x80011EC8 (0x33258593) addi a1, a1, 818
x11 <- 0x33333332


mem[X,0x80011ECC] -> 0x0113
mem[X,0x80011ECE] -> 0x0000
[2099] [M]: 0x80011ECC (0x00000113) addi sp, zero, 0
x2 <- 0x00000000


clint::tick mtime <- 0x0000000000000015
 clint timer pending at mtime 0x0000000000000015
htif::tick 0x0000000000000000
mem[X,0x80011ED0] -> 0x006F
mem[X,0x80011ED2] -> 0x00C0
[2100] [M]: 0x80011ED0 (0x00C0006F) jal zero, 12


mem[X,0x80011EDC] -> 0x0063
mem[X,0x80011EDE] -> 0x20B5
[2101] [M]: 0x80011EDC (0x20B50063) beq a0, a1, 512


mem[X,0x80011EE0] -> 0x0113
mem[X,0x80011EE2] -> 0x0021
[2102] [M]: 0x80011EE0 (0x00210113) addi sp, sp, 2
x2 <- 0x00000002


mem[X,0x80011EE4] -> 0x006F
mem[X,0x80011EE6] -> 0x2000
[2103] [M]: 0x80011EE4 (0x2000006F) jal zero, 512


mem[X,0x800120E4] -> 0xA023
mem[X,0x800120E6] -> 0x3220
[2104] [M]: 0x800120E4 (0x3220A023) sw sp, 800(ra)
mem[0x8003A488] <- 0x00000002


mem[X,0x800120E8] -> 0x6537
mem[X,0x800120EA] -> 0x6666
[2105] [M]: 0x800120E8 (0x66666537) lui a0, 419430
x10 <- 0x66666000


mem[X,0x800120EC] -> 0x0513
mem[X,0x800120EE] -> 0x6665
[2106] [M]: 0x800120EC (0x66650513) addi a0, a0, 1638
x10 <- 0x66666666


mem[X,0x800120F0] -> 0x65B7
mem[X,0x800120F2] -> 0x6666
[2107] [M]: 0x800120F0 (0x666665B7) lui a1, 419430
x11 <- 0x66666000


mem[X,0x800120F4] -> 0x8593
mem[X,0x800120F6] -> 0x6655
[2108] [M]: 0x800120F4 (0x66558593) addi a1, a1, 1637
x11 <- 0x66666665


mem[X,0x800120F8] -> 0x0113
mem[X,0x800120FA] -> 0x0000
[2109] [M]: 0x800120F8 (0x00000113) addi sp, zero, 0
x2 <- 0x00000000


mem[X,0x800120FC] -> 0x006F
mem[X,0x800120FE] -> 0x00C0
[2110] [M]: 0x800120FC (0x00C0006F) jal zero, 12


mem[X,0x80012108] -> 0x0663
mem[X,0x8001210A] -> 0x00B5
[2111] [M]: 0x80012108 (0x00B50663) beq a0, a1, 12


mem[X,0x8001210C] -> 0x0113
mem[X,0x8001210E] -> 0x0021
[2112] [M]: 0x8001210C (0x00210113) addi sp, sp, 2
x2 <- 0x00000002


mem[X,0x80012110] -> 0x006F
mem[X,0x80012112] -> 0x00C0
[2113] [M]: 0x80012110 (0x00C0006F) jal zero, 12


mem[X,0x8001211C] -> 0xA223
mem[X,0x8001211E] -> 0x3220
[2114] [M]: 0x8001211C (0x3220A223) sw sp, 804(ra)
mem[0x8003A48C] <- 0x00000002


mem[X,0x80012120] -> 0x6537
mem[X,0x80012122] -> 0x6666
[2115] [M]: 0x80012120 (0x66666537) lui a0, 419430
x10 <- 0x66666000


mem[X,0x80012124] -> 0x0513
mem[X,0x80012126] -> 0x6665
[2116] [M]: 0x80012124 (0x66650513) addi a0, a0, 1638
x10 <- 0x66666666


mem[X,0x80012128] -> 0xB5B7
mem[X,0x8001212A] -> 0x0000
[2117] [M]: 0x80012128 (0x0000B5B7) lui a1, 11
x11 <- 0x0000B000


mem[X,0x8001212C] -> 0x8593
mem[X,0x8001212E] -> 0x5035
[2118] [M]: 0x8001212C (0x50358593) addi a1, a1, 1283
x11 <- 0x0000B503


mem[X,0x80012130] -> 0x0113
mem[X,0x80012132] -> 0x0000
[2119] [M]: 0x80012130 (0x00000113) addi sp, zero, 0
x2 <- 0x00000000


mem[X,0x80012134] -> 0x006F
mem[X,0x80012136] -> 0x00C0
[2120] [M]: 0x80012134 (0x00C0006F) jal zero, 12


mem[X,0x80012140] -> 0x0663
mem[X,0x80012142] -> 0x00B5
[2121] [M]: 0x80012140 (0x00B50663) beq a0, a1, 12


mem[X,0x80012144] -> 0x0113
mem[X,0x80012146] -> 0x0021
[2122] [M]: 0x80012144 (0x00210113) addi sp, sp, 2
x2 <- 0x00000002


mem[X,0x80012148] -> 0x006F
mem[X,0x8001214A] -> 0x00C0
[2123] [M]: 0x80012148 (0x00C0006F) jal zero, 12


mem[X,0x80012154] -> 0xA423
mem[X,0x80012156] -> 0x3220
[2124] [M]: 0x80012154 (0x3220A423) sw sp, 808(ra)
mem[0x8003A490] <- 0x00000002


mem[X,0x80012158] -> 0x6537
mem[X,0x8001215A] -> 0x6666
[2125] [M]: 0x80012158 (0x66666537) lui a0, 419430
x10 <- 0x66666000


mem[X,0x8001215C] -> 0x0513
mem[X,0x8001215E] -> 0x6665
[2126] [M]: 0x8001215C (0x66650513) addi a0, a0, 1638
x10 <- 0x66666666


mem[X,0x80012160] -> 0x55B7
mem[X,0x80012162] -> 0x5555
[2127] [M]: 0x80012160 (0x555555B7) lui a1, 349525
x11 <- 0x55555000


mem[X,0x80012164] -> 0x8593
mem[X,0x80012166] -> 0x5565
[2128] [M]: 0x80012164 (0x55658593) addi a1, a1, 1366
x11 <- 0x55555556


mem[X,0x80012168] -> 0x0113
mem[X,0x8001216A] -> 0x0000
[2129] [M]: 0x80012168 (0x00000113) addi sp, zero, 0
x2 <- 0x00000000


mem[X,0x8001216C] -> 0x006F
mem[X,0x8001216E] -> 0x2B10
[2130] [M]: 0x8001216C (0x2B10006F) jal zero, 2736


mem[X,0x80012C1C] -> 0x0A63
mem[X,0x80012C1E] -> 0xD4B5
[2131] [M]: 0x80012C1C (0xD4B50A63) beq a0, a1, 5460


mem[X,0x80012C20] -> 0x0113
mem[X,0x80012C22] -> 0x0021
[2132] [M]: 0x80012C20 (0x00210113) addi sp, sp, 2
x2 <- 0x00000002


mem[X,0x80012C24] -> 0x006F
mem[X,0x80012C26] -> 0x00C0
[2133] [M]: 0x80012C24 (0x00C0006F) jal zero, 12


mem[X,0x80012C30] -> 0xA623
mem[X,0x80012C32] -> 0x3220
[2134] [M]: 0x80012C30 (0x3220A623) sw sp, 812(ra)
mem[0x8003A494] <- 0x00000002


mem[X,0x80012C34] -> 0x6537
mem[X,0x80012C36] -> 0x6666
[2135] [M]: 0x80012C34 (0x66666537) lui a0, 419430
x10 <- 0x66666000


mem[X,0x80012C38] -> 0x0513
mem[X,0x80012C3A] -> 0x6665
[2136] [M]: 0x80012C38 (0x66650513) addi a0, a0, 1638
x10 <- 0x66666666


mem[X,0x80012C3C] -> 0xB5B7
mem[X,0x80012C3E] -> 0xAAAA
[2137] [M]: 0x80012C3C (0xAAAAB5B7) lui a1, 699051
x11 <- 0xAAAAB000


mem[X,0x80012C40] -> 0x8593
mem[X,0x80012C42] -> 0xAAB5
[2138] [M]: 0x80012C40 (0xAAB58593) addi a1, a1, 2731
x11 <- 0xAAAAAAAB


mem[X,0x80012C44] -> 0x0113
mem[X,0x80012C46] -> 0x0000
[2139] [M]: 0x80012C44 (0x00000113) addi sp, zero, 0
x2 <- 0x00000000


mem[X,0x80012C48] -> 0x006F
mem[X,0x80012C4A] -> 0x00C0
[2140] [M]: 0x80012C48 (0x00C0006F) jal zero, 12


mem[X,0x80012C54] -> 0x0663
mem[X,0x80012C56] -> 0x00B5
[2141] [M]: 0x80012C54 (0x00B50663) beq a0, a1, 12


mem[X,0x80012C58] -> 0x0113
mem[X,0x80012C5A] -> 0x0021
[2142] [M]: 0x80012C58 (0x00210113) addi sp, sp, 2
x2 <- 0x00000002


mem[X,0x80012C5C] -> 0x006F
mem[X,0x80012C5E] -> 0x00C0
[2143] [M]: 0x80012C5C (0x00C0006F) jal zero, 12


mem[X,0x80012C68] -> 0xA823
mem[X,0x80012C6A] -> 0x3220
[2144] [M]: 0x80012C68 (0x3220A823) sw sp, 816(ra)
mem[0x8003A498] <- 0x00000002


mem[X,0x80012C6C] -> 0x6537
mem[X,0x80012C6E] -> 0x6666
[2145] [M]: 0x80012C6C (0x66666537) lui a0, 419430
x10 <- 0x66666000


mem[X,0x80012C70] -> 0x0513
mem[X,0x80012C72] -> 0x6665
[2146] [M]: 0x80012C70 (0x66650513) addi a0, a0, 1638
x10 <- 0x66666666


mem[X,0x80012C74] -> 0x0593
mem[X,0x80012C76] -> 0x0060
[2147] [M]: 0x80012C74 (0x00600593) addi a1, zero, 6
x11 <- 0x00000006


mem[X,0x80012C78] -> 0x0113
mem[X,0x80012C7A] -> 0x0000
[2148] [M]: 0x80012C78 (0x00000113) addi sp, zero, 0
x2 <- 0x00000000


mem[X,0x80012C7C] -> 0x006F
mem[X,0x80012C7E] -> 0x0140
[2149] [M]: 0x80012C7C (0x0140006F) jal zero, 20


mem[X,0x80012C90] -> 0x08E3
mem[X,0x80012C92] -> 0xFEB5
[2150] [M]: 0x80012C90 (0xFEB508E3) beq a0, a1, 8176


mem[X,0x80012C94] -> 0x0113
mem[X,0x80012C96] -> 0x0021
[2151] [M]: 0x80012C94 (0x00210113) addi sp, sp, 2
x2 <- 0x00000002


mem[X,0x80012C98] -> 0x006F
mem[X,0x80012C9A] -> 0x00C0
[2152] [M]: 0x80012C98 (0x00C0006F) jal zero, 12


mem[X,0x80012CA4] -> 0xAA23
mem[X,0x80012CA6] -> 0x3220
[2153] [M]: 0x80012CA4 (0x3220AA23) sw sp, 820(ra)
mem[0x8003A49C] <- 0x00000002


mem[X,0x80012CA8] -> 0x6537
mem[X,0x80012CAA] -> 0x6666
[2154] [M]: 0x80012CA8 (0x66666537) lui a0, 419430
x10 <- 0x66666000


mem[X,0x80012CAC] -> 0x0513
mem[X,0x80012CAE] -> 0x6665
[2155] [M]: 0x80012CAC (0x66650513) addi a0, a0, 1638
x10 <- 0x66666666


mem[X,0x80012CB0] -> 0x35B7
mem[X,0x80012CB2] -> 0x3333
[2156] [M]: 0x80012CB0 (0x333335B7) lui a1, 209715
x11 <- 0x33333000


mem[X,0x80012CB4] -> 0x8593
mem[X,0x80012CB6] -> 0x3345
[2157] [M]: 0x80012CB4 (0x33458593) addi a1, a1, 820
x11 <- 0x33333334


mem[X,0x80012CB8] -> 0x0113
mem[X,0x80012CBA] -> 0x0000
[2158] [M]: 0x80012CB8 (0x00000113) addi sp, zero, 0
x2 <- 0x00000000


mem[X,0x80012CBC] -> 0x006F
mem[X,0x80012CBE] -> 0x00C0
[2159] [M]: 0x80012CBC (0x00C0006F) jal zero, 12


mem[X,0x80012CC8] -> 0x0063
mem[X,0x80012CCA] -> 0x40B5
[2160] [M]: 0x80012CC8 (0x40B50063) beq a0, a1, 1024


mem[X,0x80012CCC] -> 0x0113
mem[X,0x80012CCE] -> 0x0021
[2161] [M]: 0x80012CCC (0x00210113) addi sp, sp, 2
x2 <- 0x00000002


mem[X,0x80012CD0] -> 0x006F
mem[X,0x80012CD2] -> 0x4000
[2162] [M]: 0x80012CD0 (0x4000006F) jal zero, 1024


mem[X,0x800130D0] -> 0xAC23
mem[X,0x800130D2] -> 0x3220
[2163] [M]: 0x800130D0 (0x3220AC23) sw sp, 824(ra)
mem[0x8003A4A0] <- 0x00000002


mem[X,0x800130D4] -> 0x6537
mem[X,0x800130D6] -> 0x6666
[2164] [M]: 0x800130D4 (0x66666537) lui a0, 419430
x10 <- 0x66666000


mem[X,0x800130D8] -> 0x0513
mem[X,0x800130DA] -> 0x6665
[2165] [M]: 0x800130D8 (0x66650513) addi a0, a0, 1638
x10 <- 0x66666666


mem[X,0x800130DC] -> 0x65B7
mem[X,0x800130DE] -> 0x6666
[2166] [M]: 0x800130DC (0x666665B7) lui a1, 419430
x11 <- 0x66666000


mem[X,0x800130E0] -> 0x8593
mem[X,0x800130E2] -> 0x6675
[2167] [M]: 0x800130E0 (0x66758593) addi a1, a1, 1639
x11 <- 0x66666667


mem[X,0x800130E4] -> 0x0113
mem[X,0x800130E6] -> 0x0000
[2168] [M]: 0x800130E4 (0x00000113) addi sp, zero, 0
x2 <- 0x00000000


mem[X,0x800130E8] -> 0x006F
mem[X,0x800130EA] -> 0x00C0
[2169] [M]: 0x800130E8 (0x00C0006F) jal zero, 12


mem[X,0x800130F4] -> 0x0063
mem[X,0x800130F6] -> 0x10B5
[2170] [M]: 0x800130F4 (0x10B50063) beq a0, a1, 256


mem[X,0x800130F8] -> 0x0113
mem[X,0x800130FA] -> 0x0021
[2171] [M]: 0x800130F8 (0x00210113) addi sp, sp, 2
x2 <- 0x00000002


mem[X,0x800130FC] -> 0x006F
mem[X,0x800130FE] -> 0x1000
[2172] [M]: 0x800130FC (0x1000006F) jal zero, 256


mem[X,0x800131FC] -> 0xAE23
mem[X,0x800131FE] -> 0x3220
[2173] [M]: 0x800131FC (0x3220AE23) sw sp, 828(ra)
mem[0x8003A4A4] <- 0x00000002


mem[X,0x80013200] -> 0x6537
mem[X,0x80013202] -> 0x6666
[2174] [M]: 0x80013200 (0x66666537) lui a0, 419430
x10 <- 0x66666000


mem[X,0x80013204] -> 0x0513
mem[X,0x80013206] -> 0x6665
[2175] [M]: 0x80013204 (0x66650513) addi a0, a0, 1638
x10 <- 0x66666666


mem[X,0x80013208] -> 0x55B7
mem[X,0x8001320A] -> 0xFFFF
[2176] [M]: 0x80013208 (0xFFFF55B7) lui a1, 1048565
x11 <- 0xFFFF5000


mem[X,0x8001320C] -> 0x8593
mem[X,0x8001320E] -> 0xAFD5
[2177] [M]: 0x8001320C (0xAFD58593) addi a1, a1, 2813
x11 <- 0xFFFF4AFD


mem[X,0x80013210] -> 0x0113
mem[X,0x80013212] -> 0x0000
[2178] [M]: 0x80013210 (0x00000113) addi sp, zero, 0
x2 <- 0x00000000


mem[X,0x80013214] -> 0x006F
mem[X,0x80013216] -> 0x00C0
[2179] [M]: 0x80013214 (0x00C0006F) jal zero, 12


mem[X,0x80013220] -> 0x0063
mem[X,0x80013222] -> 0x02B5
[2180] [M]: 0x80013220 (0x02B50063) beq a0, a1, 32


mem[X,0x80013224] -> 0x0113
mem[X,0x80013226] -> 0x0021
[2181] [M]: 0x80013224 (0x00210113) addi sp, sp, 2
x2 <- 0x00000002


mem[X,0x80013228] -> 0x006F
mem[X,0x8001322A] -> 0x0200
[2182] [M]: 0x80013228 (0x0200006F) jal zero, 32


mem[X,0x80013248] -> 0xA023
mem[X,0x8001324A] -> 0x3420
[2183] [M]: 0x80013248 (0x3420A023) sw sp, 832(ra)
mem[0x8003A4A8] <- 0x00000002


mem[X,0x8001324C] -> 0x6537
mem[X,0x8001324E] -> 0x6666
[2184] [M]: 0x8001324C (0x66666537) lui a0, 419430
x10 <- 0x66666000


mem[X,0x80013250] -> 0x0513
mem[X,0x80013252] -> 0x6665
[2185] [M]: 0x80013250 (0x66650513) addi a0, a0, 1638
x10 <- 0x66666666


mem[X,0x80013254] -> 0xB5B7
mem[X,0x80013256] -> 0x0000
[2186] [M]: 0x80013254 (0x0000B5B7) lui a1, 11
x11 <- 0x0000B000


mem[X,0x80013258] -> 0x8593
mem[X,0x8001325A] -> 0x5055
[2187] [M]: 0x80013258 (0x50558593) addi a1, a1, 1285
x11 <- 0x0000B505


mem[X,0x8001325C] -> 0x0113
mem[X,0x8001325E] -> 0x0000
[2188] [M]: 0x8001325C (0x00000113) addi sp, zero, 0
x2 <- 0x00000000


mem[X,0x80013260] -> 0x006F
mem[X,0x80013262] -> 0x00C0
[2189] [M]: 0x80013260 (0x00C0006F) jal zero, 12


mem[X,0x8001326C] -> 0x0063
mem[X,0x8001326E] -> 0x40B5
[2190] [M]: 0x8001326C (0x40B50063) beq a0, a1, 1024


mem[X,0x80013270] -> 0x0113
mem[X,0x80013272] -> 0x0021
[2191] [M]: 0x80013270 (0x00210113) addi sp, sp, 2
x2 <- 0x00000002


mem[X,0x80013274] -> 0x006F
mem[X,0x80013276] -> 0x4000
[2192] [M]: 0x80013274 (0x4000006F) jal zero, 1024


mem[X,0x80013674] -> 0xA223
mem[X,0x80013676] -> 0x3420
[2193] [M]: 0x80013674 (0x3420A223) sw sp, 836(ra)
mem[0x8003A4AC] <- 0x00000002


mem[X,0x80013678] -> 0x5537
mem[X,0x8001367A] -> 0xFFFF
[2194] [M]: 0x80013678 (0xFFFF5537) lui a0, 1048565
x10 <- 0xFFFF5000


mem[X,0x8001367C] -> 0x0513
mem[X,0x8001367E] -> 0xAFC5
[2195] [M]: 0x8001367C (0xAFC50513) addi a0, a0, 2812
x10 <- 0xFFFF4AFC


mem[X,0x80013680] -> 0x0593
mem[X,0x80013682] -> 0x0030
[2196] [M]: 0x80013680 (0x00300593) addi a1, zero, 3
x11 <- 0x00000003


mem[X,0x80013684] -> 0x0113
mem[X,0x80013686] -> 0x0000
[2197] [M]: 0x80013684 (0x00000113) addi sp, zero, 0
x2 <- 0x00000000


mem[X,0x80013688] -> 0x006F
mem[X,0x8001368A] -> 0x00C0
[2198] [M]: 0x80013688 (0x00C0006F) jal zero, 12


mem[X,0x80013694] -> 0x0663
mem[X,0x80013696] -> 0x00B5
[2199] [M]: 0x80013694 (0x00B50663) beq a0, a1, 12


clint::tick mtime <- 0x0000000000000016
 clint timer pending at mtime 0x0000000000000016
htif::tick 0x0000000000000000
mem[X,0x80013698] -> 0x0113
mem[X,0x8001369A] -> 0x0021
[2200] [M]: 0x80013698 (0x00210113) addi sp, sp, 2
x2 <- 0x00000002


mem[X,0x8001369C] -> 0x006F
mem[X,0x8001369E] -> 0x00C0
[2201] [M]: 0x8001369C (0x00C0006F) jal zero, 12


mem[X,0x800136A8] -> 0xA423
mem[X,0x800136AA] -> 0x3420
[2202] [M]: 0x800136A8 (0x3420A423) sw sp, 840(ra)
mem[0x8003A4B0] <- 0x00000002


mem[X,0x800136AC] -> 0x5537
mem[X,0x800136AE] -> 0xFFFF
[2203] [M]: 0x800136AC (0xFFFF5537) lui a0, 1048565
x10 <- 0xFFFF5000


mem[X,0x800136B0] -> 0x0513
mem[X,0x800136B2] -> 0xAFC5
[2204] [M]: 0x800136B0 (0xAFC50513) addi a0, a0, 2812
x10 <- 0xFFFF4AFC


mem[X,0x800136B4] -> 0x55B7
mem[X,0x800136B6] -> 0x5555
[2205] [M]: 0x800136B4 (0x555555B7) lui a1, 349525
x11 <- 0x55555000


mem[X,0x800136B8] -> 0x8593
mem[X,0x800136BA] -> 0x5555
[2206] [M]: 0x800136B8 (0x55558593) addi a1, a1, 1365
x11 <- 0x55555555


mem[X,0x800136BC] -> 0x0113
mem[X,0x800136BE] -> 0x0000
[2207] [M]: 0x800136BC (0x00000113) addi sp, zero, 0
x2 <- 0x00000000


mem[X,0x800136C0] -> 0x006F
mem[X,0x800136C2] -> 0x2B10
[2208] [M]: 0x800136C0 (0x2B10006F) jal zero, 2736


mem[X,0x80014170] -> 0x0A63
mem[X,0x80014172] -> 0xD4B5
[2209] [M]: 0x80014170 (0xD4B50A63) beq a0, a1, 5460


mem[X,0x80014174] -> 0x0113
mem[X,0x80014176] -> 0x0021
[2210] [M]: 0x80014174 (0x00210113) addi sp, sp, 2
x2 <- 0x00000002


mem[X,0x80014178] -> 0x006F
mem[X,0x8001417A] -> 0x00C0
[2211] [M]: 0x80014178 (0x00C0006F) jal zero, 12


mem[X,0x80014184] -> 0xA623
mem[X,0x80014186] -> 0x3420
[2212] [M]: 0x80014184 (0x3420A623) sw sp, 844(ra)
mem[0x8003A4B4] <- 0x00000002


mem[X,0x80014188] -> 0x5537
mem[X,0x8001418A] -> 0xFFFF
[2213] [M]: 0x80014188 (0xFFFF5537) lui a0, 1048565
x10 <- 0xFFFF5000


mem[X,0x8001418C] -> 0x0513
mem[X,0x8001418E] -> 0xAFC5
[2214] [M]: 0x8001418C (0xAFC50513) addi a0, a0, 2812
x10 <- 0xFFFF4AFC


mem[X,0x80014190] -> 0xB5B7
mem[X,0x80014192] -> 0xAAAA
[2215] [M]: 0x80014190 (0xAAAAB5B7) lui a1, 699051
x11 <- 0xAAAAB000


mem[X,0x80014194] -> 0x8593
mem[X,0x80014196] -> 0xAAA5
[2216] [M]: 0x80014194 (0xAAA58593) addi a1, a1, 2730
x11 <- 0xAAAAAAAA


mem[X,0x80014198] -> 0x0113
mem[X,0x8001419A] -> 0x0000
[2217] [M]: 0x80014198 (0x00000113) addi sp, zero, 0
x2 <- 0x00000000


mem[X,0x8001419C] -> 0x006F
mem[X,0x8001419E] -> 0x00C0
[2218] [M]: 0x8001419C (0x00C0006F) jal zero, 12


mem[X,0x800141A8] -> 0x0063
mem[X,0x800141AA] -> 0x20B5
[2219] [M]: 0x800141A8 (0x20B50063) beq a0, a1, 512


mem[X,0x800141AC] -> 0x0113
mem[X,0x800141AE] -> 0x0021
[2220] [M]: 0x800141AC (0x00210113) addi sp, sp, 2
x2 <- 0x00000002


mem[X,0x800141B0] -> 0x006F
mem[X,0x800141B2] -> 0x2000
[2221] [M]: 0x800141B0 (0x2000006F) jal zero, 512


mem[X,0x800143B0] -> 0xA823
mem[X,0x800143B2] -> 0x3420
[2222] [M]: 0x800143B0 (0x3420A823) sw sp, 848(ra)
mem[0x8003A4B8] <- 0x00000002


mem[X,0x800143B4] -> 0x5537
mem[X,0x800143B6] -> 0xFFFF
[2223] [M]: 0x800143B4 (0xFFFF5537) lui a0, 1048565
x10 <- 0xFFFF5000


mem[X,0x800143B8] -> 0x0513
mem[X,0x800143BA] -> 0xAFC5
[2224] [M]: 0x800143B8 (0xAFC50513) addi a0, a0, 2812
x10 <- 0xFFFF4AFC


mem[X,0x800143BC] -> 0x0593
mem[X,0x800143BE] -> 0x0050
[2225] [M]: 0x800143BC (0x00500593) addi a1, zero, 5
x11 <- 0x00000005


mem[X,0x800143C0] -> 0x0113
mem[X,0x800143C2] -> 0x0000
[2226] [M]: 0x800143C0 (0x00000113) addi sp, zero, 0
x2 <- 0x00000000


mem[X,0x800143C4] -> 0x006F
mem[X,0x800143C6] -> 0x0100
[2227] [M]: 0x800143C4 (0x0100006F) jal zero, 16


mem[X,0x800143D4] -> 0x0AE3
mem[X,0x800143D6] -> 0xFEB5
[2228] [M]: 0x800143D4 (0xFEB50AE3) beq a0, a1, 8180


mem[X,0x800143D8] -> 0x0113
mem[X,0x800143DA] -> 0x0021
[2229] [M]: 0x800143D8 (0x00210113) addi sp, sp, 2
x2 <- 0x00000002


mem[X,0x800143DC] -> 0x006F
mem[X,0x800143DE] -> 0x00C0
[2230] [M]: 0x800143DC (0x00C0006F) jal zero, 12


mem[X,0x800143E8] -> 0xAA23
mem[X,0x800143EA] -> 0x3420
[2231] [M]: 0x800143E8 (0x3420AA23) sw sp, 852(ra)
mem[0x8003A4BC] <- 0x00000002


mem[X,0x800143EC] -> 0x5537
mem[X,0x800143EE] -> 0xFFFF
[2232] [M]: 0x800143EC (0xFFFF5537) lui a0, 1048565
x10 <- 0xFFFF5000


mem[X,0x800143F0] -> 0x0513
mem[X,0x800143F2] -> 0xAFC5
[2233] [M]: 0x800143F0 (0xAFC50513) addi a0, a0, 2812
x10 <- 0xFFFF4AFC


mem[X,0x800143F4] -> 0x35B7
mem[X,0x800143F6] -> 0x3333
[2234] [M]: 0x800143F4 (0x333335B7) lui a1, 209715
x11 <- 0x33333000


mem[X,0x800143F8] -> 0x8593
mem[X,0x800143FA] -> 0x3335
[2235] [M]: 0x800143F8 (0x33358593) addi a1, a1, 819
x11 <- 0x33333333


mem[X,0x800143FC] -> 0x0113
mem[X,0x800143FE] -> 0x0000
[2236] [M]: 0x800143FC (0x00000113) addi sp, zero, 0
x2 <- 0x00000000


mem[X,0x80014400] -> 0x006F
mem[X,0x80014402] -> 0x0180
[2237] [M]: 0x80014400 (0x0180006F) jal zero, 24


mem[X,0x80014418] -> 0x06E3
mem[X,0x8001441A] -> 0xFEB5
[2238] [M]: 0x80014418 (0xFEB506E3) beq a0, a1, 8172


mem[X,0x8001441C] -> 0x0113
mem[X,0x8001441E] -> 0x0021
[2239] [M]: 0x8001441C (0x00210113) addi sp, sp, 2
x2 <- 0x00000002


mem[X,0x80014420] -> 0x006F
mem[X,0x80014422] -> 0x00C0
[2240] [M]: 0x80014420 (0x00C0006F) jal zero, 12


mem[X,0x8001442C] -> 0xAC23
mem[X,0x8001442E] -> 0x3420
[2241] [M]: 0x8001442C (0x3420AC23) sw sp, 856(ra)
mem[0x8003A4C0] <- 0x00000002


mem[X,0x80014430] -> 0x5537
mem[X,0x80014432] -> 0xFFFF
[2242] [M]: 0x80014430 (0xFFFF5537) lui a0, 1048565
x10 <- 0xFFFF5000


mem[X,0x80014434] -> 0x0513
mem[X,0x80014436] -> 0xAFC5
[2243] [M]: 0x80014434 (0xAFC50513) addi a0, a0, 2812
x10 <- 0xFFFF4AFC


mem[X,0x80014438] -> 0x65B7
mem[X,0x8001443A] -> 0x6666
[2244] [M]: 0x80014438 (0x666665B7) lui a1, 419430
x11 <- 0x66666000


mem[X,0x8001443C] -> 0x8593
mem[X,0x8001443E] -> 0x6665
[2245] [M]: 0x8001443C (0x66658593) addi a1, a1, 1638
x11 <- 0x66666666


mem[X,0x80014440] -> 0x0113
mem[X,0x80014442] -> 0x0000
[2246] [M]: 0x80014440 (0x00000113) addi sp, zero, 0
x2 <- 0x00000000


mem[X,0x80014444] -> 0x006F
mem[X,0x80014446] -> 0x00C0
[2247] [M]: 0x80014444 (0x00C0006F) jal zero, 12


mem[X,0x80014450] -> 0x0663
mem[X,0x80014452] -> 0x00B5
[2248] [M]: 0x80014450 (0x00B50663) beq a0, a1, 12


mem[X,0x80014454] -> 0x0113
mem[X,0x80014456] -> 0x0021
[2249] [M]: 0x80014454 (0x00210113) addi sp, sp, 2
x2 <- 0x00000002


mem[X,0x80014458] -> 0x006F
mem[X,0x8001445A] -> 0x00C0
[2250] [M]: 0x80014458 (0x00C0006F) jal zero, 12


mem[X,0x80014464] -> 0xAE23
mem[X,0x80014466] -> 0x3420
[2251] [M]: 0x80014464 (0x3420AE23) sw sp, 860(ra)
mem[0x8003A4C4] <- 0x00000002


mem[X,0x80014468] -> 0x5537
mem[X,0x8001446A] -> 0xFFFF
[2252] [M]: 0x80014468 (0xFFFF5537) lui a0, 1048565
x10 <- 0xFFFF5000


mem[X,0x8001446C] -> 0x0513
mem[X,0x8001446E] -> 0xAFC5
[2253] [M]: 0x8001446C (0xAFC50513) addi a0, a0, 2812
x10 <- 0xFFFF4AFC


mem[X,0x80014470] -> 0x55B7
mem[X,0x80014472] -> 0xFFFF
[2254] [M]: 0x80014470 (0xFFFF55B7) lui a1, 1048565
x11 <- 0xFFFF5000


mem[X,0x80014474] -> 0x8593
mem[X,0x80014476] -> 0xAFC5
[2255] [M]: 0x80014474 (0xAFC58593) addi a1, a1, 2812
x11 <- 0xFFFF4AFC


mem[X,0x80014478] -> 0x0113
mem[X,0x8001447A] -> 0x0000
[2256] [M]: 0x80014478 (0x00000113) addi sp, zero, 0
x2 <- 0x00000000


mem[X,0x8001447C] -> 0x006F
mem[X,0x8001447E] -> 0x00C0
[2257] [M]: 0x8001447C (0x00C0006F) jal zero, 12


mem[X,0x80014488] -> 0x0663
mem[X,0x8001448A] -> 0x00B5
[2258] [M]: 0x80014488 (0x00B50663) beq a0, a1, 12


mem[X,0x80014494] -> 0x0113
mem[X,0x80014496] -> 0x0031
[2259] [M]: 0x80014494 (0x00310113) addi sp, sp, 3
x2 <- 0x00000003


mem[X,0x80014498] -> 0x006F
mem[X,0x8001449A] -> 0x0040
[2260] [M]: 0x80014498 (0x0040006F) jal zero, 4


mem[X,0x8001449C] -> 0xA023
mem[X,0x8001449E] -> 0x3620
[2261] [M]: 0x8001449C (0x3620A023) sw sp, 864(ra)
mem[0x8003A4C8] <- 0x00000003


mem[X,0x800144A0] -> 0x5537
mem[X,0x800144A2] -> 0xFFFF
[2262] [M]: 0x800144A0 (0xFFFF5537) lui a0, 1048565
x10 <- 0xFFFF5000


mem[X,0x800144A4] -> 0x0513
mem[X,0x800144A6] -> 0xAFC5
[2263] [M]: 0x800144A4 (0xAFC50513) addi a0, a0, 2812
x10 <- 0xFFFF4AFC


mem[X,0x800144A8] -> 0xB5B7
mem[X,0x800144AA] -> 0x0000
[2264] [M]: 0x800144A8 (0x0000B5B7) lui a1, 11
x11 <- 0x0000B000


mem[X,0x800144AC] -> 0x8593
mem[X,0x800144AE] -> 0x5045
[2265] [M]: 0x800144AC (0x50458593) addi a1, a1, 1284
x11 <- 0x0000B504


mem[X,0x800144B0] -> 0x0113
mem[X,0x800144B2] -> 0x0000
[2266] [M]: 0x800144B0 (0x00000113) addi sp, zero, 0
x2 <- 0x00000000


mem[X,0x800144B4] -> 0x006F
mem[X,0x800144B6] -> 0x00C0
[2267] [M]: 0x800144B4 (0x00C0006F) jal zero, 12


mem[X,0x800144C0] -> 0x0CE3
mem[X,0x800144C2] -> 0xFEB5
[2268] [M]: 0x800144C0 (0xFEB50CE3) beq a0, a1, 8184


mem[X,0x800144C4] -> 0x0113
mem[X,0x800144C6] -> 0x0021
[2269] [M]: 0x800144C4 (0x00210113) addi sp, sp, 2
x2 <- 0x00000002


mem[X,0x800144C8] -> 0x006F
mem[X,0x800144CA] -> 0x00C0
[2270] [M]: 0x800144C8 (0x00C0006F) jal zero, 12


mem[X,0x800144D4] -> 0xA223
mem[X,0x800144D6] -> 0x3620
[2271] [M]: 0x800144D4 (0x3620A223) sw sp, 868(ra)
mem[0x8003A4CC] <- 0x00000002


mem[X,0x800144D8] -> 0x5537
mem[X,0x800144DA] -> 0xFFFF
[2272] [M]: 0x800144D8 (0xFFFF5537) lui a0, 1048565
x10 <- 0xFFFF5000


mem[X,0x800144DC] -> 0x0513
mem[X,0x800144DE] -> 0xAFC5
[2273] [M]: 0x800144DC (0xAFC50513) addi a0, a0, 2812
x10 <- 0xFFFF4AFC


mem[X,0x800144E0] -> 0x0593
mem[X,0x800144E2] -> 0x0020
[2274] [M]: 0x800144E0 (0x00200593) addi a1, zero, 2
x11 <- 0x00000002


mem[X,0x800144E4] -> 0x0113
mem[X,0x800144E6] -> 0x0000
[2275] [M]: 0x800144E4 (0x00000113) addi sp, zero, 0
x2 <- 0x00000000


mem[X,0x800144E8] -> 0x006F
mem[X,0x800144EA] -> 0x00C0
[2276] [M]: 0x800144E8 (0x00C0006F) jal zero, 12


mem[X,0x800144F4] -> 0x0063
mem[X,0x800144F6] -> 0x04B5
[2277] [M]: 0x800144F4 (0x04B50063) beq a0, a1, 64


mem[X,0x800144F8] -> 0x0113
mem[X,0x800144FA] -> 0x0021
[2278] [M]: 0x800144F8 (0x00210113) addi sp, sp, 2
x2 <- 0x00000002


mem[X,0x800144FC] -> 0x006F
mem[X,0x800144FE] -> 0x0400
[2279] [M]: 0x800144FC (0x0400006F) jal zero, 64


mem[X,0x8001453C] -> 0xA423
mem[X,0x8001453E] -> 0x3620
[2280] [M]: 0x8001453C (0x3620A423) sw sp, 872(ra)
mem[0x8003A4D0] <- 0x00000002


mem[X,0x80014540] -> 0x5537
mem[X,0x80014542] -> 0xFFFF
[2281] [M]: 0x80014540 (0xFFFF5537) lui a0, 1048565
x10 <- 0xFFFF5000


mem[X,0x80014544] -> 0x0513
mem[X,0x80014546] -> 0xAFC5
[2282] [M]: 0x80014544 (0xAFC50513) addi a0, a0, 2812
x10 <- 0xFFFF4AFC


mem[X,0x80014548] -> 0x55B7
mem[X,0x8001454A] -> 0x5555
[2283] [M]: 0x80014548 (0x555555B7) lui a1, 349525
x11 <- 0x55555000


mem[X,0x8001454C] -> 0x8593
mem[X,0x8001454E] -> 0x5545
[2284] [M]: 0x8001454C (0x55458593) addi a1, a1, 1364
x11 <- 0x55555554


mem[X,0x80014550] -> 0x0113
mem[X,0x80014552] -> 0x0000
[2285] [M]: 0x80014550 (0x00000113) addi sp, zero, 0
x2 <- 0x00000000


mem[X,0x80014554] -> 0x006F
mem[X,0x80014556] -> 0x00C0
[2286] [M]: 0x80014554 (0x00C0006F) jal zero, 12


mem[X,0x80014560] -> 0x0063
mem[X,0x80014562] -> 0x08B5
[2287] [M]: 0x80014560 (0x08B50063) beq a0, a1, 128


mem[X,0x80014564] -> 0x0113
mem[X,0x80014566] -> 0x0021
[2288] [M]: 0x80014564 (0x00210113) addi sp, sp, 2
x2 <- 0x00000002


mem[X,0x80014568] -> 0x006F
mem[X,0x8001456A] -> 0x0800
[2289] [M]: 0x80014568 (0x0800006F) jal zero, 128


mem[X,0x800145E8] -> 0xA623
mem[X,0x800145EA] -> 0x3620
[2290] [M]: 0x800145E8 (0x3620A623) sw sp, 876(ra)
mem[0x8003A4D4] <- 0x00000002


mem[X,0x800145EC] -> 0x5537
mem[X,0x800145EE] -> 0xFFFF
[2291] [M]: 0x800145EC (0xFFFF5537) lui a0, 1048565
x10 <- 0xFFFF5000


mem[X,0x800145F0] -> 0x0513
mem[X,0x800145F2] -> 0xAFC5
[2292] [M]: 0x800145F0 (0xAFC50513) addi a0, a0, 2812
x10 <- 0xFFFF4AFC


mem[X,0x800145F4] -> 0x0593
mem[X,0x800145F6] -> 0x0000
[2293] [M]: 0x800145F4 (0x00000593) addi a1, zero, 0
x11 <- 0x00000000


mem[X,0x800145F8] -> 0x0113
mem[X,0x800145FA] -> 0x0000
[2294] [M]: 0x800145F8 (0x00000113) addi sp, zero, 0
x2 <- 0x00000000


mem[X,0x800145FC] -> 0x006F
mem[X,0x800145FE] -> 0x0050
[2295] [M]: 0x800145FC (0x0050006F) jal zero, 2052


mem[X,0x80014E00] -> 0x00E3
mem[X,0x80014E02] -> 0x80B5
[2296] [M]: 0x80014E00 (0x80B500E3) beq a0, a1, 6144


mem[X,0x80014E04] -> 0x0113
mem[X,0x80014E06] -> 0x0021
[2297] [M]: 0x80014E04 (0x00210113) addi sp, sp, 2
x2 <- 0x00000002


mem[X,0x80014E08] -> 0x006F
mem[X,0x80014E0A] -> 0x00C0
[2298] [M]: 0x80014E08 (0x00C0006F) jal zero, 12


mem[X,0x80014E14] -> 0xA823
mem[X,0x80014E16] -> 0x3620
[2299] [M]: 0x80014E14 (0x3620A823) sw sp, 880(ra)
mem[0x8003A4D8] <- 0x00000002


clint::tick mtime <- 0x0000000000000017
 clint timer pending at mtime 0x0000000000000017
htif::tick 0x0000000000000000
mem[X,0x80014E18] -> 0x5537
mem[X,0x80014E1A] -> 0xFFFF
[2300] [M]: 0x80014E18 (0xFFFF5537) lui a0, 1048565
x10 <- 0xFFFF5000


mem[X,0x80014E1C] -> 0x0513
mem[X,0x80014E1E] -> 0xAFC5
[2301] [M]: 0x80014E1C (0xAFC50513) addi a0, a0, 2812
x10 <- 0xFFFF4AFC


mem[X,0x80014E20] -> 0x0593
mem[X,0x80014E22] -> 0x0040
[2302] [M]: 0x80014E20 (0x00400593) addi a1, zero, 4
x11 <- 0x00000004


mem[X,0x80014E24] -> 0x0113
mem[X,0x80014E26] -> 0x0000
[2303] [M]: 0x80014E24 (0x00000113) addi sp, zero, 0
x2 <- 0x00000000


mem[X,0x80014E28] -> 0x006F
mem[X,0x80014E2A] -> 0x0140
[2304] [M]: 0x80014E28 (0x0140006F) jal zero, 20


mem[X,0x80014E3C] -> 0x08E3
mem[X,0x80014E3E] -> 0xFEB5
[2305] [M]: 0x80014E3C (0xFEB508E3) beq a0, a1, 8176


mem[X,0x80014E40] -> 0x0113
mem[X,0x80014E42] -> 0x0021
[2306] [M]: 0x80014E40 (0x00210113) addi sp, sp, 2
x2 <- 0x00000002


mem[X,0x80014E44] -> 0x006F
mem[X,0x80014E46] -> 0x00C0
[2307] [M]: 0x80014E44 (0x00C0006F) jal zero, 12


mem[X,0x80014E50] -> 0xAA23
mem[X,0x80014E52] -> 0x3620
[2308] [M]: 0x80014E50 (0x3620AA23) sw sp, 884(ra)
mem[0x8003A4DC] <- 0x00000002


mem[X,0x80014E54] -> 0x5537
mem[X,0x80014E56] -> 0xFFFF
[2309] [M]: 0x80014E54 (0xFFFF5537) lui a0, 1048565
x10 <- 0xFFFF5000


mem[X,0x80014E58] -> 0x0513
mem[X,0x80014E5A] -> 0xAFC5
[2310] [M]: 0x80014E58 (0xAFC50513) addi a0, a0, 2812
x10 <- 0xFFFF4AFC


mem[X,0x80014E5C] -> 0x35B7
mem[X,0x80014E5E] -> 0x3333
[2311] [M]: 0x80014E5C (0x333335B7) lui a1, 209715
x11 <- 0x33333000


mem[X,0x80014E60] -> 0x8593
mem[X,0x80014E62] -> 0x3325
[2312] [M]: 0x80014E60 (0x33258593) addi a1, a1, 818
x11 <- 0x33333332


mem[X,0x80014E64] -> 0x0113
mem[X,0x80014E66] -> 0x0000
[2313] [M]: 0x80014E64 (0x00000113) addi sp, zero, 0
x2 <- 0x00000000


mem[X,0x80014E68] -> 0x006F
mem[X,0x80014E6A] -> 0x00C0
[2314] [M]: 0x80014E68 (0x00C0006F) jal zero, 12


mem[X,0x80014E74] -> 0x0CE3
mem[X,0x80014E76] -> 0xFEB5
[2315] [M]: 0x80014E74 (0xFEB50CE3) beq a0, a1, 8184


mem[X,0x80014E78] -> 0x0113
mem[X,0x80014E7A] -> 0x0021
[2316] [M]: 0x80014E78 (0x00210113) addi sp, sp, 2
x2 <- 0x00000002


mem[X,0x80014E7C] -> 0x006F
mem[X,0x80014E7E] -> 0x00C0
[2317] [M]: 0x80014E7C (0x00C0006F) jal zero, 12


mem[X,0x80014E88] -> 0xAC23
mem[X,0x80014E8A] -> 0x3620
[2318] [M]: 0x80014E88 (0x3620AC23) sw sp, 888(ra)
mem[0x8003A4E0] <- 0x00000002


mem[X,0x80014E8C] -> 0x5537
mem[X,0x80014E8E] -> 0xFFFF
[2319] [M]: 0x80014E8C (0xFFFF5537) lui a0, 1048565
x10 <- 0xFFFF5000


mem[X,0x80014E90] -> 0x0513
mem[X,0x80014E92] -> 0xAFC5
[2320] [M]: 0x80014E90 (0xAFC50513) addi a0, a0, 2812
x10 <- 0xFFFF4AFC


mem[X,0x80014E94] -> 0x65B7
mem[X,0x80014E96] -> 0x6666
[2321] [M]: 0x80014E94 (0x666665B7) lui a1, 419430
x11 <- 0x66666000


mem[X,0x80014E98] -> 0x8593
mem[X,0x80014E9A] -> 0x6655
[2322] [M]: 0x80014E98 (0x66558593) addi a1, a1, 1637
x11 <- 0x66666665


mem[X,0x80014E9C] -> 0x0113
mem[X,0x80014E9E] -> 0x0000
[2323] [M]: 0x80014E9C (0x00000113) addi sp, zero, 0
x2 <- 0x00000000


mem[X,0x80014EA0] -> 0x006F
mem[X,0x80014EA2] -> 0x00C0
[2324] [M]: 0x80014EA0 (0x00C0006F) jal zero, 12


mem[X,0x80014EAC] -> 0x0063
mem[X,0x80014EAE] -> 0x10B5
[2325] [M]: 0x80014EAC (0x10B50063) beq a0, a1, 256


mem[X,0x80014EB0] -> 0x0113
mem[X,0x80014EB2] -> 0x0021
[2326] [M]: 0x80014EB0 (0x00210113) addi sp, sp, 2
x2 <- 0x00000002


mem[X,0x80014EB4] -> 0x006F
mem[X,0x80014EB6] -> 0x1000
[2327] [M]: 0x80014EB4 (0x1000006F) jal zero, 256


mem[X,0x80014FB4] -> 0xAE23
mem[X,0x80014FB6] -> 0x3620
[2328] [M]: 0x80014FB4 (0x3620AE23) sw sp, 892(ra)
mem[0x8003A4E4] <- 0x00000002


mem[X,0x80014FB8] -> 0x5537
mem[X,0x80014FBA] -> 0xFFFF
[2329] [M]: 0x80014FB8 (0xFFFF5537) lui a0, 1048565
x10 <- 0xFFFF5000


mem[X,0x80014FBC] -> 0x0513
mem[X,0x80014FBE] -> 0xAFC5
[2330] [M]: 0x80014FBC (0xAFC50513) addi a0, a0, 2812
x10 <- 0xFFFF4AFC


mem[X,0x80014FC0] -> 0xB5B7
mem[X,0x80014FC2] -> 0x0000
[2331] [M]: 0x80014FC0 (0x0000B5B7) lui a1, 11
x11 <- 0x0000B000


mem[X,0x80014FC4] -> 0x8593
mem[X,0x80014FC6] -> 0x5035
[2332] [M]: 0x80014FC4 (0x50358593) addi a1, a1, 1283
x11 <- 0x0000B503


mem[X,0x80014FC8] -> 0x0113
mem[X,0x80014FCA] -> 0x0000
[2333] [M]: 0x80014FC8 (0x00000113) addi sp, zero, 0
x2 <- 0x00000000


mem[X,0x80014FCC] -> 0x006F
mem[X,0x80014FCE] -> 0x00C0
[2334] [M]: 0x80014FCC (0x00C0006F) jal zero, 12


mem[X,0x80014FD8] -> 0x0663
mem[X,0x80014FDA] -> 0x00B5
[2335] [M]: 0x80014FD8 (0x00B50663) beq a0, a1, 12


mem[X,0x80014FDC] -> 0x0113
mem[X,0x80014FDE] -> 0x0021
[2336] [M]: 0x80014FDC (0x00210113) addi sp, sp, 2
x2 <- 0x00000002


mem[X,0x80014FE0] -> 0x006F
mem[X,0x80014FE2] -> 0x00C0
[2337] [M]: 0x80014FE0 (0x00C0006F) jal zero, 12


mem[X,0x80014FEC] -> 0xA023
mem[X,0x80014FEE] -> 0x3820
[2338] [M]: 0x80014FEC (0x3820A023) sw sp, 896(ra)
mem[0x8003A4E8] <- 0x00000002


mem[X,0x80014FF0] -> 0x5537
mem[X,0x80014FF2] -> 0xFFFF
[2339] [M]: 0x80014FF0 (0xFFFF5537) lui a0, 1048565
x10 <- 0xFFFF5000


mem[X,0x80014FF4] -> 0x0513
mem[X,0x80014FF6] -> 0xAFC5
[2340] [M]: 0x80014FF4 (0xAFC50513) addi a0, a0, 2812
x10 <- 0xFFFF4AFC


mem[X,0x80014FF8] -> 0x55B7
mem[X,0x80014FFA] -> 0x5555
[2341] [M]: 0x80014FF8 (0x555555B7) lui a1, 349525
x11 <- 0x55555000


mem[X,0x80014FFC] -> 0x8593
mem[X,0x80014FFE] -> 0x5565
[2342] [M]: 0x80014FFC (0x55658593) addi a1, a1, 1366
x11 <- 0x55555556


mem[X,0x80015000] -> 0x0113
mem[X,0x80015002] -> 0x0000
[2343] [M]: 0x80015000 (0x00000113) addi sp, zero, 0
x2 <- 0x00000000


mem[X,0x80015004] -> 0x006F
mem[X,0x80015006] -> 0x00C0
[2344] [M]: 0x80015004 (0x00C0006F) jal zero, 12


mem[X,0x80015010] -> 0x0663
mem[X,0x80015012] -> 0x00B5
[2345] [M]: 0x80015010 (0x00B50663) beq a0, a1, 12


mem[X,0x80015014] -> 0x0113
mem[X,0x80015016] -> 0x0021
[2346] [M]: 0x80015014 (0x00210113) addi sp, sp, 2
x2 <- 0x00000002


mem[X,0x80015018] -> 0x006F
mem[X,0x8001501A] -> 0x00C0
[2347] [M]: 0x80015018 (0x00C0006F) jal zero, 12


mem[X,0x80015024] -> 0xA223
mem[X,0x80015026] -> 0x3820
[2348] [M]: 0x80015024 (0x3820A223) sw sp, 900(ra)
mem[0x8003A4EC] <- 0x00000002


mem[X,0x80015028] -> 0x5537
mem[X,0x8001502A] -> 0xFFFF
[2349] [M]: 0x80015028 (0xFFFF5537) lui a0, 1048565
x10 <- 0xFFFF5000


mem[X,0x8001502C] -> 0x0513
mem[X,0x8001502E] -> 0xAFC5
[2350] [M]: 0x8001502C (0xAFC50513) addi a0, a0, 2812
x10 <- 0xFFFF4AFC


mem[X,0x80015030] -> 0xB5B7
mem[X,0x80015032] -> 0xAAAA
[2351] [M]: 0x80015030 (0xAAAAB5B7) lui a1, 699051
x11 <- 0xAAAAB000


mem[X,0x80015034] -> 0x8593
mem[X,0x80015036] -> 0xAAB5
[2352] [M]: 0x80015034 (0xAAB58593) addi a1, a1, 2731
x11 <- 0xAAAAAAAB


mem[X,0x80015038] -> 0x0113
mem[X,0x8001503A] -> 0x0000
[2353] [M]: 0x80015038 (0x00000113) addi sp, zero, 0
x2 <- 0x00000000


mem[X,0x8001503C] -> 0x006F
mem[X,0x8001503E] -> 0x00C0
[2354] [M]: 0x8001503C (0x00C0006F) jal zero, 12


mem[X,0x80015048] -> 0x0CE3
mem[X,0x8001504A] -> 0xFEB5
[2355] [M]: 0x80015048 (0xFEB50CE3) beq a0, a1, 8184


mem[X,0x8001504C] -> 0x0113
mem[X,0x8001504E] -> 0x0021
[2356] [M]: 0x8001504C (0x00210113) addi sp, sp, 2
x2 <- 0x00000002


mem[X,0x80015050] -> 0x006F
mem[X,0x80015052] -> 0x00C0
[2357] [M]: 0x80015050 (0x00C0006F) jal zero, 12


mem[X,0x8001505C] -> 0xA423
mem[X,0x8001505E] -> 0x3820
[2358] [M]: 0x8001505C (0x3820A423) sw sp, 904(ra)
mem[0x8003A4F0] <- 0x00000002


mem[X,0x80015060] -> 0x5537
mem[X,0x80015062] -> 0xFFFF
[2359] [M]: 0x80015060 (0xFFFF5537) lui a0, 1048565
x10 <- 0xFFFF5000


mem[X,0x80015064] -> 0x0513
mem[X,0x80015066] -> 0xAFC5
[2360] [M]: 0x80015064 (0xAFC50513) addi a0, a0, 2812
x10 <- 0xFFFF4AFC


mem[X,0x80015068] -> 0x0593
mem[X,0x8001506A] -> 0x0060
[2361] [M]: 0x80015068 (0x00600593) addi a1, zero, 6
x11 <- 0x00000006


mem[X,0x8001506C] -> 0x0113
mem[X,0x8001506E] -> 0x0000
[2362] [M]: 0x8001506C (0x00000113) addi sp, zero, 0
x2 <- 0x00000000


mem[X,0x80015070] -> 0x006F
mem[X,0x80015072] -> 0x00C0
[2363] [M]: 0x80015070 (0x00C0006F) jal zero, 12


mem[X,0x8001507C] -> 0x0863
mem[X,0x8001507E] -> 0x00B5
[2364] [M]: 0x8001507C (0x00B50863) beq a0, a1, 16


mem[X,0x80015080] -> 0x0113
mem[X,0x80015082] -> 0x0021
[2365] [M]: 0x80015080 (0x00210113) addi sp, sp, 2
x2 <- 0x00000002


mem[X,0x80015084] -> 0x006F
mem[X,0x80015086] -> 0x0100
[2366] [M]: 0x80015084 (0x0100006F) jal zero, 16


mem[X,0x80015094] -> 0xA623
mem[X,0x80015096] -> 0x3820
[2367] [M]: 0x80015094 (0x3820A623) sw sp, 908(ra)
mem[0x8003A4F4] <- 0x00000002


mem[X,0x80015098] -> 0x5537
mem[X,0x8001509A] -> 0xFFFF
[2368] [M]: 0x80015098 (0xFFFF5537) lui a0, 1048565
x10 <- 0xFFFF5000


mem[X,0x8001509C] -> 0x0513
mem[X,0x8001509E] -> 0xAFC5
[2369] [M]: 0x8001509C (0xAFC50513) addi a0, a0, 2812
x10 <- 0xFFFF4AFC


mem[X,0x800150A0] -> 0x35B7
mem[X,0x800150A2] -> 0x3333
[2370] [M]: 0x800150A0 (0x333335B7) lui a1, 209715
x11 <- 0x33333000


mem[X,0x800150A4] -> 0x8593
mem[X,0x800150A6] -> 0x3345
[2371] [M]: 0x800150A4 (0x33458593) addi a1, a1, 820
x11 <- 0x33333334


mem[X,0x800150A8] -> 0x0113
mem[X,0x800150AA] -> 0x0000
[2372] [M]: 0x800150A8 (0x00000113) addi sp, zero, 0
x2 <- 0x00000000


mem[X,0x800150AC] -> 0x006F
mem[X,0x800150AE] -> 0x00C0
[2373] [M]: 0x800150AC (0x00C0006F) jal zero, 12


mem[X,0x800150B8] -> 0x0663
mem[X,0x800150BA] -> 0x00B5
[2374] [M]: 0x800150B8 (0x00B50663) beq a0, a1, 12


mem[X,0x800150BC] -> 0x0113
mem[X,0x800150BE] -> 0x0021
[2375] [M]: 0x800150BC (0x00210113) addi sp, sp, 2
x2 <- 0x00000002


mem[X,0x800150C0] -> 0x006F
mem[X,0x800150C2] -> 0x00C0
[2376] [M]: 0x800150C0 (0x00C0006F) jal zero, 12


mem[X,0x800150CC] -> 0xA823
mem[X,0x800150CE] -> 0x3820
[2377] [M]: 0x800150CC (0x3820A823) sw sp, 912(ra)
mem[0x8003A4F8] <- 0x00000002


mem[X,0x800150D0] -> 0x5537
mem[X,0x800150D2] -> 0xFFFF
[2378] [M]: 0x800150D0 (0xFFFF5537) lui a0, 1048565
x10 <- 0xFFFF5000


mem[X,0x800150D4] -> 0x0513
mem[X,0x800150D6] -> 0xAFC5
[2379] [M]: 0x800150D4 (0xAFC50513) addi a0, a0, 2812
x10 <- 0xFFFF4AFC


mem[X,0x800150D8] -> 0x65B7
mem[X,0x800150DA] -> 0x6666
[2380] [M]: 0x800150D8 (0x666665B7) lui a1, 419430
x11 <- 0x66666000


mem[X,0x800150DC] -> 0x8593
mem[X,0x800150DE] -> 0x6675
[2381] [M]: 0x800150DC (0x66758593) addi a1, a1, 1639
x11 <- 0x66666667


mem[X,0x800150E0] -> 0x0113
mem[X,0x800150E2] -> 0x0000
[2382] [M]: 0x800150E0 (0x00000113) addi sp, zero, 0
x2 <- 0x00000000


mem[X,0x800150E4] -> 0x006F
mem[X,0x800150E6] -> 0x00C0
[2383] [M]: 0x800150E4 (0x00C0006F) jal zero, 12


mem[X,0x800150F0] -> 0x0663
mem[X,0x800150F2] -> 0x00B5
[2384] [M]: 0x800150F0 (0x00B50663) beq a0, a1, 12


mem[X,0x800150F4] -> 0x0113
mem[X,0x800150F6] -> 0x0021
[2385] [M]: 0x800150F4 (0x00210113) addi sp, sp, 2
x2 <- 0x00000002


mem[X,0x800150F8] -> 0x006F
mem[X,0x800150FA] -> 0x00C0
[2386] [M]: 0x800150F8 (0x00C0006F) jal zero, 12


mem[X,0x80015104] -> 0xAA23
mem[X,0x80015106] -> 0x3820
[2387] [M]: 0x80015104 (0x3820AA23) sw sp, 916(ra)
mem[0x8003A4FC] <- 0x00000002


mem[X,0x80015108] -> 0x5537
mem[X,0x8001510A] -> 0xFFFF
[2388] [M]: 0x80015108 (0xFFFF5537) lui a0, 1048565
x10 <- 0xFFFF5000


mem[X,0x8001510C] -> 0x0513
mem[X,0x8001510E] -> 0xAFC5
[2389] [M]: 0x8001510C (0xAFC50513) addi a0, a0, 2812
x10 <- 0xFFFF4AFC


mem[X,0x80015110] -> 0x55B7
mem[X,0x80015112] -> 0xFFFF
[2390] [M]: 0x80015110 (0xFFFF55B7) lui a1, 1048565
x11 <- 0xFFFF5000


mem[X,0x80015114] -> 0x8593
mem[X,0x80015116] -> 0xAFD5
[2391] [M]: 0x80015114 (0xAFD58593) addi a1, a1, 2813
x11 <- 0xFFFF4AFD


mem[X,0x80015118] -> 0x0113
mem[X,0x8001511A] -> 0x0000
[2392] [M]: 0x80015118 (0x00000113) addi sp, zero, 0
x2 <- 0x00000000


mem[X,0x8001511C] -> 0x006F
mem[X,0x8001511E] -> 0x0180
[2393] [M]: 0x8001511C (0x0180006F) jal zero, 24


mem[X,0x80015134] -> 0x06E3
mem[X,0x80015136] -> 0xFEB5
[2394] [M]: 0x80015134 (0xFEB506E3) beq a0, a1, 8172


mem[X,0x80015138] -> 0x0113
mem[X,0x8001513A] -> 0x0021
[2395] [M]: 0x80015138 (0x00210113) addi sp, sp, 2
x2 <- 0x00000002


mem[X,0x8001513C] -> 0x006F
mem[X,0x8001513E] -> 0x00C0
[2396] [M]: 0x8001513C (0x00C0006F) jal zero, 12


mem[X,0x80015148] -> 0xAC23
mem[X,0x8001514A] -> 0x3820
[2397] [M]: 0x80015148 (0x3820AC23) sw sp, 920(ra)
mem[0x8003A500] <- 0x00000002


mem[X,0x8001514C] -> 0x5537
mem[X,0x8001514E] -> 0xFFFF
[2398] [M]: 0x8001514C (0xFFFF5537) lui a0, 1048565
x10 <- 0xFFFF5000


mem[X,0x80015150] -> 0x0513
mem[X,0x80015152] -> 0xAFC5
[2399] [M]: 0x80015150 (0xAFC50513) addi a0, a0, 2812
x10 <- 0xFFFF4AFC


clint::tick mtime <- 0x0000000000000018
 clint timer pending at mtime 0x0000000000000018
htif::tick 0x0000000000000000
mem[X,0x80015154] -> 0xB5B7
mem[X,0x80015156] -> 0x0000
[2400] [M]: 0x80015154 (0x0000B5B7) lui a1, 11
x11 <- 0x0000B000


mem[X,0x80015158] -> 0x8593
mem[X,0x8001515A] -> 0x5055
[2401] [M]: 0x80015158 (0x50558593) addi a1, a1, 1285
x11 <- 0x0000B505


mem[X,0x8001515C] -> 0x0113
mem[X,0x8001515E] -> 0x0000
[2402] [M]: 0x8001515C (0x00000113) addi sp, zero, 0
x2 <- 0x00000000


mem[X,0x80015160] -> 0x006F
mem[X,0x80015162] -> 0x00C0
[2403] [M]: 0x80015160 (0x00C0006F) jal zero, 12


mem[X,0x8001516C] -> 0x0063
mem[X,0x8001516E] -> 0x40B5
[2404] [M]: 0x8001516C (0x40B50063) beq a0, a1, 1024


mem[X,0x80015170] -> 0x0113
mem[X,0x80015172] -> 0x0021
[2405] [M]: 0x80015170 (0x00210113) addi sp, sp, 2
x2 <- 0x00000002


mem[X,0x80015174] -> 0x006F
mem[X,0x80015176] -> 0x4000
[2406] [M]: 0x80015174 (0x4000006F) jal zero, 1024


mem[X,0x80015574] -> 0xAE23
mem[X,0x80015576] -> 0x3820
[2407] [M]: 0x80015574 (0x3820AE23) sw sp, 924(ra)
mem[0x8003A504] <- 0x00000002


mem[X,0x80015578] -> 0xB537
mem[X,0x8001557A] -> 0x0000
[2408] [M]: 0x80015578 (0x0000B537) lui a0, 11
x10 <- 0x0000B000


mem[X,0x8001557C] -> 0x0513
mem[X,0x8001557E] -> 0x5045
[2409] [M]: 0x8001557C (0x50450513) addi a0, a0, 1284
x10 <- 0x0000B504


mem[X,0x80015580] -> 0x0593
mem[X,0x80015582] -> 0x0030
[2410] [M]: 0x80015580 (0x00300593) addi a1, zero, 3
x11 <- 0x00000003


mem[X,0x80015584] -> 0x0113
mem[X,0x80015586] -> 0x0000
[2411] [M]: 0x80015584 (0x00000113) addi sp, zero, 0
x2 <- 0x00000000


mem[X,0x80015588] -> 0x006F
mem[X,0x8001558A] -> 0x00C0
[2412] [M]: 0x80015588 (0x00C0006F) jal zero, 12


mem[X,0x80015594] -> 0x0063
mem[X,0x80015596] -> 0x20B5
[2413] [M]: 0x80015594 (0x20B50063) beq a0, a1, 512


mem[X,0x80015598] -> 0x0113
mem[X,0x8001559A] -> 0x0021
[2414] [M]: 0x80015598 (0x00210113) addi sp, sp, 2
x2 <- 0x00000002


mem[X,0x8001559C] -> 0x006F
mem[X,0x8001559E] -> 0x2000
[2415] [M]: 0x8001559C (0x2000006F) jal zero, 512


mem[X,0x8001579C] -> 0xA023
mem[X,0x8001579E] -> 0x3A20
[2416] [M]: 0x8001579C (0x3A20A023) sw sp, 928(ra)
mem[0x8003A508] <- 0x00000002


mem[X,0x800157A0] -> 0xB537
mem[X,0x800157A2] -> 0x0000
[2417] [M]: 0x800157A0 (0x0000B537) lui a0, 11
x10 <- 0x0000B000


mem[X,0x800157A4] -> 0x0513
mem[X,0x800157A6] -> 0x5045
[2418] [M]: 0x800157A4 (0x50450513) addi a0, a0, 1284
x10 <- 0x0000B504


mem[X,0x800157A8] -> 0x55B7
mem[X,0x800157AA] -> 0x5555
[2419] [M]: 0x800157A8 (0x555555B7) lui a1, 349525
x11 <- 0x55555000


mem[X,0x800157AC] -> 0x8593
mem[X,0x800157AE] -> 0x5555
[2420] [M]: 0x800157AC (0x55558593) addi a1, a1, 1365
x11 <- 0x55555555


mem[X,0x800157B0] -> 0x0113
mem[X,0x800157B2] -> 0x0000
[2421] [M]: 0x800157B0 (0x00000113) addi sp, zero, 0
x2 <- 0x00000000


mem[X,0x800157B4] -> 0x006F
mem[X,0x800157B6] -> 0x00C0
[2422] [M]: 0x800157B4 (0x00C0006F) jal zero, 12


mem[X,0x800157C0] -> 0x0063
mem[X,0x800157C2] -> 0x02B5
[2423] [M]: 0x800157C0 (0x02B50063) beq a0, a1, 32


mem[X,0x800157C4] -> 0x0113
mem[X,0x800157C6] -> 0x0021
[2424] [M]: 0x800157C4 (0x00210113) addi sp, sp, 2
x2 <- 0x00000002


mem[X,0x800157C8] -> 0x006F
mem[X,0x800157CA] -> 0x0200
[2425] [M]: 0x800157C8 (0x0200006F) jal zero, 32


mem[X,0x800157E8] -> 0xA223
mem[X,0x800157EA] -> 0x3A20
[2426] [M]: 0x800157E8 (0x3A20A223) sw sp, 932(ra)
mem[0x8003A50C] <- 0x00000002


mem[X,0x800157EC] -> 0xB537
mem[X,0x800157EE] -> 0x0000
[2427] [M]: 0x800157EC (0x0000B537) lui a0, 11
x10 <- 0x0000B000


mem[X,0x800157F0] -> 0x0513
mem[X,0x800157F2] -> 0x5045
[2428] [M]: 0x800157F0 (0x50450513) addi a0, a0, 1284
x10 <- 0x0000B504


mem[X,0x800157F4] -> 0x0593
mem[X,0x800157F6] -> 0x0050
[2429] [M]: 0x800157F4 (0x00500593) addi a1, zero, 5
x11 <- 0x00000005


mem[X,0x800157F8] -> 0x0113
mem[X,0x800157FA] -> 0x0000
[2430] [M]: 0x800157F8 (0x00000113) addi sp, zero, 0
x2 <- 0x00000000


mem[X,0x800157FC] -> 0x006F
mem[X,0x800157FE] -> 0x00C0
[2431] [M]: 0x800157FC (0x00C0006F) jal zero, 12


mem[X,0x80015808] -> 0x0663
mem[X,0x8001580A] -> 0x00B5
[2432] [M]: 0x80015808 (0x00B50663) beq a0, a1, 12


mem[X,0x8001580C] -> 0x0113
mem[X,0x8001580E] -> 0x0021
[2433] [M]: 0x8001580C (0x00210113) addi sp, sp, 2
x2 <- 0x00000002


mem[X,0x80015810] -> 0x006F
mem[X,0x80015812] -> 0x00C0
[2434] [M]: 0x80015810 (0x00C0006F) jal zero, 12


mem[X,0x8001581C] -> 0xA423
mem[X,0x8001581E] -> 0x3A20
[2435] [M]: 0x8001581C (0x3A20A423) sw sp, 936(ra)
mem[0x8003A510] <- 0x00000002


mem[X,0x80015820] -> 0xB537
mem[X,0x80015822] -> 0x0000
[2436] [M]: 0x80015820 (0x0000B537) lui a0, 11
x10 <- 0x0000B000


mem[X,0x80015824] -> 0x0513
mem[X,0x80015826] -> 0x5045
[2437] [M]: 0x80015824 (0x50450513) addi a0, a0, 1284
x10 <- 0x0000B504


mem[X,0x80015828] -> 0x35B7
mem[X,0x8001582A] -> 0x3333
[2438] [M]: 0x80015828 (0x333335B7) lui a1, 209715
x11 <- 0x33333000


mem[X,0x8001582C] -> 0x8593
mem[X,0x8001582E] -> 0x3335
[2439] [M]: 0x8001582C (0x33358593) addi a1, a1, 819
x11 <- 0x33333333


mem[X,0x80015830] -> 0x0113
mem[X,0x80015832] -> 0x0000
[2440] [M]: 0x80015830 (0x00000113) addi sp, zero, 0
x2 <- 0x00000000


mem[X,0x80015834] -> 0x006F
mem[X,0x80015836] -> 0x0180
[2441] [M]: 0x80015834 (0x0180006F) jal zero, 24


mem[X,0x8001584C] -> 0x06E3
mem[X,0x8001584E] -> 0xFEB5
[2442] [M]: 0x8001584C (0xFEB506E3) beq a0, a1, 8172


mem[X,0x80015850] -> 0x0113
mem[X,0x80015852] -> 0x0021
[2443] [M]: 0x80015850 (0x00210113) addi sp, sp, 2
x2 <- 0x00000002


mem[X,0x80015854] -> 0x006F
mem[X,0x80015856] -> 0x00C0
[2444] [M]: 0x80015854 (0x00C0006F) jal zero, 12


mem[X,0x80015860] -> 0xA623
mem[X,0x80015862] -> 0x3A20
[2445] [M]: 0x80015860 (0x3A20A623) sw sp, 940(ra)
mem[0x8003A514] <- 0x00000002


mem[X,0x80015864] -> 0xB537
mem[X,0x80015866] -> 0x0000
[2446] [M]: 0x80015864 (0x0000B537) lui a0, 11
x10 <- 0x0000B000


mem[X,0x80015868] -> 0x0513
mem[X,0x8001586A] -> 0x5045
[2447] [M]: 0x80015868 (0x50450513) addi a0, a0, 1284
x10 <- 0x0000B504


mem[X,0x8001586C] -> 0x65B7
mem[X,0x8001586E] -> 0x6666
[2448] [M]: 0x8001586C (0x666665B7) lui a1, 419430
x11 <- 0x66666000


mem[X,0x80015870] -> 0x8593
mem[X,0x80015872] -> 0x6665
[2449] [M]: 0x80015870 (0x66658593) addi a1, a1, 1638
x11 <- 0x66666666


mem[X,0x80015874] -> 0x0113
mem[X,0x80015876] -> 0x0000
[2450] [M]: 0x80015874 (0x00000113) addi sp, zero, 0
x2 <- 0x00000000


mem[X,0x80015878] -> 0x006F
mem[X,0x8001587A] -> 0x00C0
[2451] [M]: 0x80015878 (0x00C0006F) jal zero, 12


mem[X,0x80015884] -> 0x0063
mem[X,0x80015886] -> 0x10B5
[2452] [M]: 0x80015884 (0x10B50063) beq a0, a1, 256


mem[X,0x80015888] -> 0x0113
mem[X,0x8001588A] -> 0x0021
[2453] [M]: 0x80015888 (0x00210113) addi sp, sp, 2
x2 <- 0x00000002


mem[X,0x8001588C] -> 0x006F
mem[X,0x8001588E] -> 0x1000
[2454] [M]: 0x8001588C (0x1000006F) jal zero, 256


mem[X,0x8001598C] -> 0xA823
mem[X,0x8001598E] -> 0x3A20
[2455] [M]: 0x8001598C (0x3A20A823) sw sp, 944(ra)
mem[0x8003A518] <- 0x00000002


mem[X,0x80015990] -> 0xB537
mem[X,0x80015992] -> 0x0000
[2456] [M]: 0x80015990 (0x0000B537) lui a0, 11
x10 <- 0x0000B000


mem[X,0x80015994] -> 0x0513
mem[X,0x80015996] -> 0x5045
[2457] [M]: 0x80015994 (0x50450513) addi a0, a0, 1284
x10 <- 0x0000B504


mem[X,0x80015998] -> 0x55B7
mem[X,0x8001599A] -> 0xFFFF
[2458] [M]: 0x80015998 (0xFFFF55B7) lui a1, 1048565
x11 <- 0xFFFF5000


mem[X,0x8001599C] -> 0x8593
mem[X,0x8001599E] -> 0xAFC5
[2459] [M]: 0x8001599C (0xAFC58593) addi a1, a1, 2812
x11 <- 0xFFFF4AFC


mem[X,0x800159A0] -> 0x0113
mem[X,0x800159A2] -> 0x0000
[2460] [M]: 0x800159A0 (0x00000113) addi sp, zero, 0
x2 <- 0x00000000


mem[X,0x800159A4] -> 0x006F
mem[X,0x800159A6] -> 0x2B10
[2461] [M]: 0x800159A4 (0x2B10006F) jal zero, 2736


mem[X,0x80016454] -> 0x0A63
mem[X,0x80016456] -> 0xD4B5
[2462] [M]: 0x80016454 (0xD4B50A63) beq a0, a1, 5460


mem[X,0x80016458] -> 0x0113
mem[X,0x8001645A] -> 0x0021
[2463] [M]: 0x80016458 (0x00210113) addi sp, sp, 2
x2 <- 0x00000002


mem[X,0x8001645C] -> 0x006F
mem[X,0x8001645E] -> 0x00C0
[2464] [M]: 0x8001645C (0x00C0006F) jal zero, 12


mem[X,0x80016468] -> 0xAA23
mem[X,0x8001646A] -> 0x3A20
[2465] [M]: 0x80016468 (0x3A20AA23) sw sp, 948(ra)
mem[0x8003A51C] <- 0x00000002


mem[X,0x8001646C] -> 0xB537
mem[X,0x8001646E] -> 0x0000
[2466] [M]: 0x8001646C (0x0000B537) lui a0, 11
x10 <- 0x0000B000


mem[X,0x80016470] -> 0x0513
mem[X,0x80016472] -> 0x5045
[2467] [M]: 0x80016470 (0x50450513) addi a0, a0, 1284
x10 <- 0x0000B504


mem[X,0x80016474] -> 0xB5B7
mem[X,0x80016476] -> 0x0000
[2468] [M]: 0x80016474 (0x0000B5B7) lui a1, 11
x11 <- 0x0000B000


mem[X,0x80016478] -> 0x8593
mem[X,0x8001647A] -> 0x5045
[2469] [M]: 0x80016478 (0x50458593) addi a1, a1, 1284
x11 <- 0x0000B504


mem[X,0x8001647C] -> 0x0113
mem[X,0x8001647E] -> 0x0000
[2470] [M]: 0x8001647C (0x00000113) addi sp, zero, 0
x2 <- 0x00000000


mem[X,0x80016480] -> 0x006F
mem[X,0x80016482] -> 0x00C0
[2471] [M]: 0x80016480 (0x00C0006F) jal zero, 12


mem[X,0x8001648C] -> 0x0663
mem[X,0x8001648E] -> 0x00B5
[2472] [M]: 0x8001648C (0x00B50663) beq a0, a1, 12


mem[X,0x80016498] -> 0x0113
mem[X,0x8001649A] -> 0x0031
[2473] [M]: 0x80016498 (0x00310113) addi sp, sp, 3
x2 <- 0x00000003


mem[X,0x8001649C] -> 0x006F
mem[X,0x8001649E] -> 0x0040
[2474] [M]: 0x8001649C (0x0040006F) jal zero, 4


mem[X,0x800164A0] -> 0xAC23
mem[X,0x800164A2] -> 0x3A20
[2475] [M]: 0x800164A0 (0x3A20AC23) sw sp, 952(ra)
mem[0x8003A520] <- 0x00000003


mem[X,0x800164A4] -> 0xB537
mem[X,0x800164A6] -> 0x0000
[2476] [M]: 0x800164A4 (0x0000B537) lui a0, 11
x10 <- 0x0000B000


mem[X,0x800164A8] -> 0x0513
mem[X,0x800164AA] -> 0x5045
[2477] [M]: 0x800164A8 (0x50450513) addi a0, a0, 1284
x10 <- 0x0000B504


mem[X,0x800164AC] -> 0x0593
mem[X,0x800164AE] -> 0x0020
[2478] [M]: 0x800164AC (0x00200593) addi a1, zero, 2
x11 <- 0x00000002


mem[X,0x800164B0] -> 0x0113
mem[X,0x800164B2] -> 0x0000
[2479] [M]: 0x800164B0 (0x00000113) addi sp, zero, 0
x2 <- 0x00000000


mem[X,0x800164B4] -> 0x006F
mem[X,0x800164B6] -> 0x00C0
[2480] [M]: 0x800164B4 (0x00C0006F) jal zero, 12


mem[X,0x800164C0] -> 0x0663
mem[X,0x800164C2] -> 0x00B5
[2481] [M]: 0x800164C0 (0x00B50663) beq a0, a1, 12


mem[X,0x800164C4] -> 0x0113
mem[X,0x800164C6] -> 0x0021
[2482] [M]: 0x800164C4 (0x00210113) addi sp, sp, 2
x2 <- 0x00000002


mem[X,0x800164C8] -> 0x006F
mem[X,0x800164CA] -> 0x00C0
[2483] [M]: 0x800164C8 (0x00C0006F) jal zero, 12


mem[X,0x800164D4] -> 0xAE23
mem[X,0x800164D6] -> 0x3A20
[2484] [M]: 0x800164D4 (0x3A20AE23) sw sp, 956(ra)
mem[0x8003A524] <- 0x00000002


mem[X,0x800164D8] -> 0xB537
mem[X,0x800164DA] -> 0x0000
[2485] [M]: 0x800164D8 (0x0000B537) lui a0, 11
x10 <- 0x0000B000


mem[X,0x800164DC] -> 0x0513
mem[X,0x800164DE] -> 0x5045
[2486] [M]: 0x800164DC (0x50450513) addi a0, a0, 1284
x10 <- 0x0000B504


mem[X,0x800164E0] -> 0x55B7
mem[X,0x800164E2] -> 0x5555
[2487] [M]: 0x800164E0 (0x555555B7) lui a1, 349525
x11 <- 0x55555000


mem[X,0x800164E4] -> 0x8593
mem[X,0x800164E6] -> 0x5545
[2488] [M]: 0x800164E4 (0x55458593) addi a1, a1, 1364
x11 <- 0x55555554


mem[X,0x800164E8] -> 0x0113
mem[X,0x800164EA] -> 0x0000
[2489] [M]: 0x800164E8 (0x00000113) addi sp, zero, 0
x2 <- 0x00000000


mem[X,0x800164EC] -> 0x006F
mem[X,0x800164EE] -> 0x00C0
[2490] [M]: 0x800164EC (0x00C0006F) jal zero, 12


mem[X,0x800164F8] -> 0x0CE3
mem[X,0x800164FA] -> 0xFEB5
[2491] [M]: 0x800164F8 (0xFEB50CE3) beq a0, a1, 8184


mem[X,0x800164FC] -> 0x0113
mem[X,0x800164FE] -> 0x0021
[2492] [M]: 0x800164FC (0x00210113) addi sp, sp, 2
x2 <- 0x00000002


mem[X,0x80016500] -> 0x006F
mem[X,0x80016502] -> 0x00C0
[2493] [M]: 0x80016500 (0x00C0006F) jal zero, 12


mem[X,0x8001650C] -> 0xA023
mem[X,0x8001650E] -> 0x3C20
[2494] [M]: 0x8001650C (0x3C20A023) sw sp, 960(ra)
mem[0x8003A528] <- 0x00000002


mem[X,0x80016510] -> 0xB537
mem[X,0x80016512] -> 0x0000
[2495] [M]: 0x80016510 (0x0000B537) lui a0, 11
x10 <- 0x0000B000


mem[X,0x80016514] -> 0x0513
mem[X,0x80016516] -> 0x5045
[2496] [M]: 0x80016514 (0x50450513) addi a0, a0, 1284
x10 <- 0x0000B504


mem[X,0x80016518] -> 0x0593
mem[X,0x8001651A] -> 0x0000
[2497] [M]: 0x80016518 (0x00000593) addi a1, zero, 0
x11 <- 0x00000000


mem[X,0x8001651C] -> 0x0113
mem[X,0x8001651E] -> 0x0000
[2498] [M]: 0x8001651C (0x00000113) addi sp, zero, 0
x2 <- 0x00000000


mem[X,0x80016520] -> 0x006F
mem[X,0x80016522] -> 0x00C0
[2499] [M]: 0x80016520 (0x00C0006F) jal zero, 12


clint::tick mtime <- 0x0000000000000019
 clint timer pending at mtime 0x0000000000000019
htif::tick 0x0000000000000000
mem[X,0x8001652C] -> 0x0CE3
mem[X,0x8001652E] -> 0xFEB5
[2500] [M]: 0x8001652C (0xFEB50CE3) beq a0, a1, 8184


mem[X,0x80016530] -> 0x0113
mem[X,0x80016532] -> 0x0021
[2501] [M]: 0x80016530 (0x00210113) addi sp, sp, 2
x2 <- 0x00000002


mem[X,0x80016534] -> 0x006F
mem[X,0x80016536] -> 0x00C0
[2502] [M]: 0x80016534 (0x00C0006F) jal zero, 12


mem[X,0x80016540] -> 0xA223
mem[X,0x80016542] -> 0x3C20
[2503] [M]: 0x80016540 (0x3C20A223) sw sp, 964(ra)
mem[0x8003A52C] <- 0x00000002


mem[X,0x80016544] -> 0xB537
mem[X,0x80016546] -> 0x0000
[2504] [M]: 0x80016544 (0x0000B537) lui a0, 11
x10 <- 0x0000B000


mem[X,0x80016548] -> 0x0513
mem[X,0x8001654A] -> 0x5045
[2505] [M]: 0x80016548 (0x50450513) addi a0, a0, 1284
x10 <- 0x0000B504


mem[X,0x8001654C] -> 0x0593
mem[X,0x8001654E] -> 0x0040
[2506] [M]: 0x8001654C (0x00400593) addi a1, zero, 4
x11 <- 0x00000004


mem[X,0x80016550] -> 0x0113
mem[X,0x80016552] -> 0x0000
[2507] [M]: 0x80016550 (0x00000113) addi sp, zero, 0
x2 <- 0x00000000


mem[X,0x80016554] -> 0x006F
mem[X,0x80016556] -> 0x00C0
[2508] [M]: 0x80016554 (0x00C0006F) jal zero, 12


mem[X,0x80016560] -> 0x0663
mem[X,0x80016562] -> 0x00B5
[2509] [M]: 0x80016560 (0x00B50663) beq a0, a1, 12


mem[X,0x80016564] -> 0x0113
mem[X,0x80016566] -> 0x0021
[2510] [M]: 0x80016564 (0x00210113) addi sp, sp, 2
x2 <- 0x00000002


mem[X,0x80016568] -> 0x006F
mem[X,0x8001656A] -> 0x00C0
[2511] [M]: 0x80016568 (0x00C0006F) jal zero, 12


mem[X,0x80016574] -> 0xA423
mem[X,0x80016576] -> 0x3C20
[2512] [M]: 0x80016574 (0x3C20A423) sw sp, 968(ra)
mem[0x8003A530] <- 0x00000002


mem[X,0x80016578] -> 0xB537
mem[X,0x8001657A] -> 0x0000
[2513] [M]: 0x80016578 (0x0000B537) lui a0, 11
x10 <- 0x0000B000


mem[X,0x8001657C] -> 0x0513
mem[X,0x8001657E] -> 0x5045
[2514] [M]: 0x8001657C (0x50450513) addi a0, a0, 1284
x10 <- 0x0000B504


mem[X,0x80016580] -> 0x35B7
mem[X,0x80016582] -> 0x3333
[2515] [M]: 0x80016580 (0x333335B7) lui a1, 209715
x11 <- 0x33333000


mem[X,0x80016584] -> 0x8593
mem[X,0x80016586] -> 0x3325
[2516] [M]: 0x80016584 (0x33258593) addi a1, a1, 818
x11 <- 0x33333332


mem[X,0x80016588] -> 0x0113
mem[X,0x8001658A] -> 0x0000
[2517] [M]: 0x80016588 (0x00000113) addi sp, zero, 0
x2 <- 0x00000000


mem[X,0x8001658C] -> 0x006F
mem[X,0x8001658E] -> 0x0100
[2518] [M]: 0x8001658C (0x0100006F) jal zero, 16


mem[X,0x8001659C] -> 0x0AE3
mem[X,0x8001659E] -> 0xFEB5
[2519] [M]: 0x8001659C (0xFEB50AE3) beq a0, a1, 8180


mem[X,0x800165A0] -> 0x0113
mem[X,0x800165A2] -> 0x0021
[2520] [M]: 0x800165A0 (0x00210113) addi sp, sp, 2
x2 <- 0x00000002


mem[X,0x800165A4] -> 0x006F
mem[X,0x800165A6] -> 0x00C0
[2521] [M]: 0x800165A4 (0x00C0006F) jal zero, 12


mem[X,0x800165B0] -> 0xA623
mem[X,0x800165B2] -> 0x3C20
[2522] [M]: 0x800165B0 (0x3C20A623) sw sp, 972(ra)
mem[0x8003A534] <- 0x00000002


mem[X,0x800165B4] -> 0xB537
mem[X,0x800165B6] -> 0x0000
[2523] [M]: 0x800165B4 (0x0000B537) lui a0, 11
x10 <- 0x0000B000


mem[X,0x800165B8] -> 0x0513
mem[X,0x800165BA] -> 0x5045
[2524] [M]: 0x800165B8 (0x50450513) addi a0, a0, 1284
x10 <- 0x0000B504


mem[X,0x800165BC] -> 0x65B7
mem[X,0x800165BE] -> 0x6666
[2525] [M]: 0x800165BC (0x666665B7) lui a1, 419430
x11 <- 0x66666000


mem[X,0x800165C0] -> 0x8593
mem[X,0x800165C2] -> 0x6655
[2526] [M]: 0x800165C0 (0x66558593) addi a1, a1, 1637
x11 <- 0x66666665


mem[X,0x800165C4] -> 0x0113
mem[X,0x800165C6] -> 0x0000
[2527] [M]: 0x800165C4 (0x00000113) addi sp, zero, 0
x2 <- 0x00000000


mem[X,0x800165C8] -> 0x006F
mem[X,0x800165CA] -> 0x00C0
[2528] [M]: 0x800165C8 (0x00C0006F) jal zero, 12


mem[X,0x800165D4] -> 0x0863
mem[X,0x800165D6] -> 0x00B5
[2529] [M]: 0x800165D4 (0x00B50863) beq a0, a1, 16


mem[X,0x800165D8] -> 0x0113
mem[X,0x800165DA] -> 0x0021
[2530] [M]: 0x800165D8 (0x00210113) addi sp, sp, 2
x2 <- 0x00000002


mem[X,0x800165DC] -> 0x006F
mem[X,0x800165DE] -> 0x0100
[2531] [M]: 0x800165DC (0x0100006F) jal zero, 16


mem[X,0x800165EC] -> 0xA823
mem[X,0x800165EE] -> 0x3C20
[2532] [M]: 0x800165EC (0x3C20A823) sw sp, 976(ra)
mem[0x8003A538] <- 0x00000002


mem[X,0x800165F0] -> 0xB537
mem[X,0x800165F2] -> 0x0000
[2533] [M]: 0x800165F0 (0x0000B537) lui a0, 11
x10 <- 0x0000B000


mem[X,0x800165F4] -> 0x0513
mem[X,0x800165F6] -> 0x5045
[2534] [M]: 0x800165F4 (0x50450513) addi a0, a0, 1284
x10 <- 0x0000B504


mem[X,0x800165F8] -> 0xB5B7
mem[X,0x800165FA] -> 0x0000
[2535] [M]: 0x800165F8 (0x0000B5B7) lui a1, 11
x11 <- 0x0000B000


mem[X,0x800165FC] -> 0x8593
mem[X,0x800165FE] -> 0x5035
[2536] [M]: 0x800165FC (0x50358593) addi a1, a1, 1283
x11 <- 0x0000B503


mem[X,0x80016600] -> 0x0113
mem[X,0x80016602] -> 0x0000
[2537] [M]: 0x80016600 (0x00000113) addi sp, zero, 0
x2 <- 0x00000000


mem[X,0x80016604] -> 0x006F
mem[X,0x80016606] -> 0x0140
[2538] [M]: 0x80016604 (0x0140006F) jal zero, 20


mem[X,0x80016618] -> 0x08E3
mem[X,0x8001661A] -> 0xFEB5
[2539] [M]: 0x80016618 (0xFEB508E3) beq a0, a1, 8176


mem[X,0x8001661C] -> 0x0113
mem[X,0x8001661E] -> 0x0021
[2540] [M]: 0x8001661C (0x00210113) addi sp, sp, 2
x2 <- 0x00000002


mem[X,0x80016620] -> 0x006F
mem[X,0x80016622] -> 0x00C0
[2541] [M]: 0x80016620 (0x00C0006F) jal zero, 12


mem[X,0x8001662C] -> 0xAA23
mem[X,0x8001662E] -> 0x3C20
[2542] [M]: 0x8001662C (0x3C20AA23) sw sp, 980(ra)
mem[0x8003A53C] <- 0x00000002


mem[X,0x80016630] -> 0xB537
mem[X,0x80016632] -> 0x0000
[2543] [M]: 0x80016630 (0x0000B537) lui a0, 11
x10 <- 0x0000B000


mem[X,0x80016634] -> 0x0513
mem[X,0x80016636] -> 0x5045
[2544] [M]: 0x80016634 (0x50450513) addi a0, a0, 1284
x10 <- 0x0000B504


mem[X,0x80016638] -> 0x55B7
mem[X,0x8001663A] -> 0x5555
[2545] [M]: 0x80016638 (0x555555B7) lui a1, 349525
x11 <- 0x55555000


mem[X,0x8001663C] -> 0x8593
mem[X,0x8001663E] -> 0x5565
[2546] [M]: 0x8001663C (0x55658593) addi a1, a1, 1366
x11 <- 0x55555556


mem[X,0x80016640] -> 0x0113
mem[X,0x80016642] -> 0x0000
[2547] [M]: 0x80016640 (0x00000113) addi sp, zero, 0
x2 <- 0x00000000


mem[X,0x80016644] -> 0x006F
mem[X,0x80016646] -> 0x00C0
[2548] [M]: 0x80016644 (0x00C0006F) jal zero, 12


mem[X,0x80016650] -> 0x0663
mem[X,0x80016652] -> 0x00B5
[2549] [M]: 0x80016650 (0x00B50663) beq a0, a1, 12


mem[X,0x80016654] -> 0x0113
mem[X,0x80016656] -> 0x0021
[2550] [M]: 0x80016654 (0x00210113) addi sp, sp, 2
x2 <- 0x00000002


mem[X,0x80016658] -> 0x006F
mem[X,0x8001665A] -> 0x00C0
[2551] [M]: 0x80016658 (0x00C0006F) jal zero, 12


mem[X,0x80016664] -> 0xAC23
mem[X,0x80016666] -> 0x3C20
[2552] [M]: 0x80016664 (0x3C20AC23) sw sp, 984(ra)
mem[0x8003A540] <- 0x00000002


mem[X,0x80016668] -> 0xB537
mem[X,0x8001666A] -> 0x0000
[2553] [M]: 0x80016668 (0x0000B537) lui a0, 11
x10 <- 0x0000B000


mem[X,0x8001666C] -> 0x0513
mem[X,0x8001666E] -> 0x5045
[2554] [M]: 0x8001666C (0x50450513) addi a0, a0, 1284
x10 <- 0x0000B504


mem[X,0x80016670] -> 0xB5B7
mem[X,0x80016672] -> 0xAAAA
[2555] [M]: 0x80016670 (0xAAAAB5B7) lui a1, 699051
x11 <- 0xAAAAB000


mem[X,0x80016674] -> 0x8593
mem[X,0x80016676] -> 0xAAB5
[2556] [M]: 0x80016674 (0xAAB58593) addi a1, a1, 2731
x11 <- 0xAAAAAAAB


mem[X,0x80016678] -> 0x0113
mem[X,0x8001667A] -> 0x0000
[2557] [M]: 0x80016678 (0x00000113) addi sp, zero, 0
x2 <- 0x00000000


mem[X,0x8001667C] -> 0x006F
mem[X,0x8001667E] -> 0x00C0
[2558] [M]: 0x8001667C (0x00C0006F) jal zero, 12


mem[X,0x80016688] -> 0x0063
mem[X,0x8001668A] -> 0x02B5
[2559] [M]: 0x80016688 (0x02B50063) beq a0, a1, 32


mem[X,0x8001668C] -> 0x0113
mem[X,0x8001668E] -> 0x0021
[2560] [M]: 0x8001668C (0x00210113) addi sp, sp, 2
x2 <- 0x00000002


mem[X,0x80016690] -> 0x006F
mem[X,0x80016692] -> 0x0200
[2561] [M]: 0x80016690 (0x0200006F) jal zero, 32


mem[X,0x800166B0] -> 0xAE23
mem[X,0x800166B2] -> 0x3C20
[2562] [M]: 0x800166B0 (0x3C20AE23) sw sp, 988(ra)
mem[0x8003A544] <- 0x00000002


mem[X,0x800166B4] -> 0xB537
mem[X,0x800166B6] -> 0x0000
[2563] [M]: 0x800166B4 (0x0000B537) lui a0, 11
x10 <- 0x0000B000


mem[X,0x800166B8] -> 0x0513
mem[X,0x800166BA] -> 0x5045
[2564] [M]: 0x800166B8 (0x50450513) addi a0, a0, 1284
x10 <- 0x0000B504


mem[X,0x800166BC] -> 0x0593
mem[X,0x800166BE] -> 0x0060
[2565] [M]: 0x800166BC (0x00600593) addi a1, zero, 6
x11 <- 0x00000006


mem[X,0x800166C0] -> 0x0113
mem[X,0x800166C2] -> 0x0000
[2566] [M]: 0x800166C0 (0x00000113) addi sp, zero, 0
x2 <- 0x00000000


mem[X,0x800166C4] -> 0x006F
mem[X,0x800166C6] -> 0x00C0
[2567] [M]: 0x800166C4 (0x00C0006F) jal zero, 12


mem[X,0x800166D0] -> 0x0063
mem[X,0x800166D2] -> 0x40B5
[2568] [M]: 0x800166D0 (0x40B50063) beq a0, a1, 1024


mem[X,0x800166D4] -> 0x0113
mem[X,0x800166D6] -> 0x0021
[2569] [M]: 0x800166D4 (0x00210113) addi sp, sp, 2
x2 <- 0x00000002


mem[X,0x800166D8] -> 0x006F
mem[X,0x800166DA] -> 0x4000
[2570] [M]: 0x800166D8 (0x4000006F) jal zero, 1024


mem[X,0x80016AD8] -> 0xA023
mem[X,0x80016ADA] -> 0x3E20
[2571] [M]: 0x80016AD8 (0x3E20A023) sw sp, 992(ra)
mem[0x8003A548] <- 0x00000002


mem[X,0x80016ADC] -> 0xB537
mem[X,0x80016ADE] -> 0x0000
[2572] [M]: 0x80016ADC (0x0000B537) lui a0, 11
x10 <- 0x0000B000


mem[X,0x80016AE0] -> 0x0513
mem[X,0x80016AE2] -> 0x5045
[2573] [M]: 0x80016AE0 (0x50450513) addi a0, a0, 1284
x10 <- 0x0000B504


mem[X,0x80016AE4] -> 0x35B7
mem[X,0x80016AE6] -> 0x3333
[2574] [M]: 0x80016AE4 (0x333335B7) lui a1, 209715
x11 <- 0x33333000


mem[X,0x80016AE8] -> 0x8593
mem[X,0x80016AEA] -> 0x3345
[2575] [M]: 0x80016AE8 (0x33458593) addi a1, a1, 820
x11 <- 0x33333334


mem[X,0x80016AEC] -> 0x0113
mem[X,0x80016AEE] -> 0x0000
[2576] [M]: 0x80016AEC (0x00000113) addi sp, zero, 0
x2 <- 0x00000000


mem[X,0x80016AF0] -> 0x006F
mem[X,0x80016AF2] -> 0x00C0
[2577] [M]: 0x80016AF0 (0x00C0006F) jal zero, 12


mem[X,0x80016AFC] -> 0x0063
mem[X,0x80016AFE] -> 0x10B5
[2578] [M]: 0x80016AFC (0x10B50063) beq a0, a1, 256


mem[X,0x80016B00] -> 0x0113
mem[X,0x80016B02] -> 0x0021
[2579] [M]: 0x80016B00 (0x00210113) addi sp, sp, 2
x2 <- 0x00000002


mem[X,0x80016B04] -> 0x006F
mem[X,0x80016B06] -> 0x1000
[2580] [M]: 0x80016B04 (0x1000006F) jal zero, 256


mem[X,0x80016C04] -> 0xA223
mem[X,0x80016C06] -> 0x3E20
[2581] [M]: 0x80016C04 (0x3E20A223) sw sp, 996(ra)
mem[0x8003A54C] <- 0x00000002


mem[X,0x80016C08] -> 0xB537
mem[X,0x80016C0A] -> 0x0000
[2582] [M]: 0x80016C08 (0x0000B537) lui a0, 11
x10 <- 0x0000B000


mem[X,0x80016C0C] -> 0x0513
mem[X,0x80016C0E] -> 0x5045
[2583] [M]: 0x80016C0C (0x50450513) addi a0, a0, 1284
x10 <- 0x0000B504


mem[X,0x80016C10] -> 0x65B7
mem[X,0x80016C12] -> 0x6666
[2584] [M]: 0x80016C10 (0x666665B7) lui a1, 419430
x11 <- 0x66666000


mem[X,0x80016C14] -> 0x8593
mem[X,0x80016C16] -> 0x6675
[2585] [M]: 0x80016C14 (0x66758593) addi a1, a1, 1639
x11 <- 0x66666667


mem[X,0x80016C18] -> 0x0113
mem[X,0x80016C1A] -> 0x0000
[2586] [M]: 0x80016C18 (0x00000113) addi sp, zero, 0
x2 <- 0x00000000


mem[X,0x80016C1C] -> 0x006F
mem[X,0x80016C1E] -> 0x00C0
[2587] [M]: 0x80016C1C (0x00C0006F) jal zero, 12


mem[X,0x80016C28] -> 0x0863
mem[X,0x80016C2A] -> 0x00B5
[2588] [M]: 0x80016C28 (0x00B50863) beq a0, a1, 16


mem[X,0x80016C2C] -> 0x0113
mem[X,0x80016C2E] -> 0x0021
[2589] [M]: 0x80016C2C (0x00210113) addi sp, sp, 2
x2 <- 0x00000002


mem[X,0x80016C30] -> 0x006F
mem[X,0x80016C32] -> 0x0100
[2590] [M]: 0x80016C30 (0x0100006F) jal zero, 16


mem[X,0x80016C40] -> 0xA423
mem[X,0x80016C42] -> 0x3E20
[2591] [M]: 0x80016C40 (0x3E20A423) sw sp, 1000(ra)
mem[0x8003A550] <- 0x00000002


mem[X,0x80016C44] -> 0xB537
mem[X,0x80016C46] -> 0x0000
[2592] [M]: 0x80016C44 (0x0000B537) lui a0, 11
x10 <- 0x0000B000


mem[X,0x80016C48] -> 0x0513
mem[X,0x80016C4A] -> 0x5045
[2593] [M]: 0x80016C48 (0x50450513) addi a0, a0, 1284
x10 <- 0x0000B504


mem[X,0x80016C4C] -> 0x55B7
mem[X,0x80016C4E] -> 0xFFFF
[2594] [M]: 0x80016C4C (0xFFFF55B7) lui a1, 1048565
x11 <- 0xFFFF5000


mem[X,0x80016C50] -> 0x8593
mem[X,0x80016C52] -> 0xAFD5
[2595] [M]: 0x80016C50 (0xAFD58593) addi a1, a1, 2813
x11 <- 0xFFFF4AFD


mem[X,0x80016C54] -> 0x0113
mem[X,0x80016C56] -> 0x0000
[2596] [M]: 0x80016C54 (0x00000113) addi sp, zero, 0
x2 <- 0x00000000


mem[X,0x80016C58] -> 0x006F
mem[X,0x80016C5A] -> 0x00C0
[2597] [M]: 0x80016C58 (0x00C0006F) jal zero, 12


mem[X,0x80016C64] -> 0x0663
mem[X,0x80016C66] -> 0x00B5
[2598] [M]: 0x80016C64 (0x00B50663) beq a0, a1, 12


mem[X,0x80016C68] -> 0x0113
mem[X,0x80016C6A] -> 0x0021
[2599] [M]: 0x80016C68 (0x00210113) addi sp, sp, 2
x2 <- 0x00000002


clint::tick mtime <- 0x000000000000001A
 clint timer pending at mtime 0x000000000000001A
htif::tick 0x0000000000000000
mem[X,0x80016C6C] -> 0x006F
mem[X,0x80016C6E] -> 0x00C0
[2600] [M]: 0x80016C6C (0x00C0006F) jal zero, 12


mem[X,0x80016C78] -> 0xA623
mem[X,0x80016C7A] -> 0x3E20
[2601] [M]: 0x80016C78 (0x3E20A623) sw sp, 1004(ra)
mem[0x8003A554] <- 0x00000002


mem[X,0x80016C7C] -> 0xB537
mem[X,0x80016C7E] -> 0x0000
[2602] [M]: 0x80016C7C (0x0000B537) lui a0, 11
x10 <- 0x0000B000


mem[X,0x80016C80] -> 0x0513
mem[X,0x80016C82] -> 0x5045
[2603] [M]: 0x80016C80 (0x50450513) addi a0, a0, 1284
x10 <- 0x0000B504


mem[X,0x80016C84] -> 0xB5B7
mem[X,0x80016C86] -> 0x0000
[2604] [M]: 0x80016C84 (0x0000B5B7) lui a1, 11
x11 <- 0x0000B000


mem[X,0x80016C88] -> 0x8593
mem[X,0x80016C8A] -> 0x5055
[2605] [M]: 0x80016C88 (0x50558593) addi a1, a1, 1285
x11 <- 0x0000B505


mem[X,0x80016C8C] -> 0x0113
mem[X,0x80016C8E] -> 0x0000
[2606] [M]: 0x80016C8C (0x00000113) addi sp, zero, 0
x2 <- 0x00000000


mem[X,0x80016C90] -> 0x006F
mem[X,0x80016C92] -> 0x00C0
[2607] [M]: 0x80016C90 (0x00C0006F) jal zero, 12


mem[X,0x80016C9C] -> 0x0663
mem[X,0x80016C9E] -> 0x00B5
[2608] [M]: 0x80016C9C (0x00B50663) beq a0, a1, 12


mem[X,0x80016CA0] -> 0x0113
mem[X,0x80016CA2] -> 0x0021
[2609] [M]: 0x80016CA0 (0x00210113) addi sp, sp, 2
x2 <- 0x00000002


mem[X,0x80016CA4] -> 0x006F
mem[X,0x80016CA6] -> 0x00C0
[2610] [M]: 0x80016CA4 (0x00C0006F) jal zero, 12


mem[X,0x80016CB0] -> 0xA823
mem[X,0x80016CB2] -> 0x3E20
[2611] [M]: 0x80016CB0 (0x3E20A823) sw sp, 1008(ra)
mem[0x8003A558] <- 0x00000002


mem[X,0x80016CB4] -> 0x0513
mem[X,0x80016CB6] -> 0x0020
[2612] [M]: 0x80016CB4 (0x00200513) addi a0, zero, 2
x10 <- 0x00000002


mem[X,0x80016CB8] -> 0x0593
mem[X,0x80016CBA] -> 0x0030
[2613] [M]: 0x80016CB8 (0x00300593) addi a1, zero, 3
x11 <- 0x00000003


mem[X,0x80016CBC] -> 0x0113
mem[X,0x80016CBE] -> 0x0000
[2614] [M]: 0x80016CBC (0x00000113) addi sp, zero, 0
x2 <- 0x00000000


mem[X,0x80016CC0] -> 0x006F
mem[X,0x80016CC2] -> 0x00C0
[2615] [M]: 0x80016CC0 (0x00C0006F) jal zero, 12


mem[X,0x80016CCC] -> 0x0063
mem[X,0x80016CCE] -> 0x08B5
[2616] [M]: 0x80016CCC (0x08B50063) beq a0, a1, 128


mem[X,0x80016CD0] -> 0x0113
mem[X,0x80016CD2] -> 0x0021
[2617] [M]: 0x80016CD0 (0x00210113) addi sp, sp, 2
x2 <- 0x00000002


mem[X,0x80016CD4] -> 0x006F
mem[X,0x80016CD6] -> 0x0800
[2618] [M]: 0x80016CD4 (0x0800006F) jal zero, 128


mem[X,0x80016D54] -> 0xAA23
mem[X,0x80016D56] -> 0x3E20
[2619] [M]: 0x80016D54 (0x3E20AA23) sw sp, 1012(ra)
mem[0x8003A55C] <- 0x00000002


mem[X,0x80016D58] -> 0x0513
mem[X,0x80016D5A] -> 0x0020
[2620] [M]: 0x80016D58 (0x00200513) addi a0, zero, 2
x10 <- 0x00000002


mem[X,0x80016D5C] -> 0x55B7
mem[X,0x80016D5E] -> 0x5555
[2621] [M]: 0x80016D5C (0x555555B7) lui a1, 349525
x11 <- 0x55555000


mem[X,0x80016D60] -> 0x8593
mem[X,0x80016D62] -> 0x5555
[2622] [M]: 0x80016D60 (0x55558593) addi a1, a1, 1365
x11 <- 0x55555555


mem[X,0x80016D64] -> 0x0113
mem[X,0x80016D66] -> 0x0000
[2623] [M]: 0x80016D64 (0x00000113) addi sp, zero, 0
x2 <- 0x00000000


mem[X,0x80016D68] -> 0x006F
mem[X,0x80016D6A] -> 0x00C0
[2624] [M]: 0x80016D68 (0x00C0006F) jal zero, 12


mem[X,0x80016D74] -> 0x0063
mem[X,0x80016D76] -> 0x04B5
[2625] [M]: 0x80016D74 (0x04B50063) beq a0, a1, 64


mem[X,0x80016D78] -> 0x0113
mem[X,0x80016D7A] -> 0x0021
[2626] [M]: 0x80016D78 (0x00210113) addi sp, sp, 2
x2 <- 0x00000002


mem[X,0x80016D7C] -> 0x006F
mem[X,0x80016D7E] -> 0x0400
[2627] [M]: 0x80016D7C (0x0400006F) jal zero, 64


mem[X,0x80016DBC] -> 0xAC23
mem[X,0x80016DBE] -> 0x3E20
[2628] [M]: 0x80016DBC (0x3E20AC23) sw sp, 1016(ra)
mem[0x8003A560] <- 0x00000002


mem[X,0x80016DC0] -> 0x0513
mem[X,0x80016DC2] -> 0x0020
[2629] [M]: 0x80016DC0 (0x00200513) addi a0, zero, 2
x10 <- 0x00000002


mem[X,0x80016DC4] -> 0xB5B7
mem[X,0x80016DC6] -> 0xAAAA
[2630] [M]: 0x80016DC4 (0xAAAAB5B7) lui a1, 699051
x11 <- 0xAAAAB000


mem[X,0x80016DC8] -> 0x8593
mem[X,0x80016DCA] -> 0xAAA5
[2631] [M]: 0x80016DC8 (0xAAA58593) addi a1, a1, 2730
x11 <- 0xAAAAAAAA


mem[X,0x80016DCC] -> 0x0113
mem[X,0x80016DCE] -> 0x0000
[2632] [M]: 0x80016DCC (0x00000113) addi sp, zero, 0
x2 <- 0x00000000


mem[X,0x80016DD0] -> 0x006F
mem[X,0x80016DD2] -> 0x0050
[2633] [M]: 0x80016DD0 (0x0050006F) jal zero, 2052


mem[X,0x800175D4] -> 0x00E3
mem[X,0x800175D6] -> 0x80B5
[2634] [M]: 0x800175D4 (0x80B500E3) beq a0, a1, 6144


mem[X,0x800175D8] -> 0x0113
mem[X,0x800175DA] -> 0x0021
[2635] [M]: 0x800175D8 (0x00210113) addi sp, sp, 2
x2 <- 0x00000002


mem[X,0x800175DC] -> 0x006F
mem[X,0x800175DE] -> 0x00C0
[2636] [M]: 0x800175DC (0x00C0006F) jal zero, 12


mem[X,0x800175E8] -> 0xAE23
mem[X,0x800175EA] -> 0x3E20
[2637] [M]: 0x800175E8 (0x3E20AE23) sw sp, 1020(ra)
mem[0x8003A564] <- 0x00000002


mem[X,0x800175EC] -> 0x0513
mem[X,0x800175EE] -> 0x0020
[2638] [M]: 0x800175EC (0x00200513) addi a0, zero, 2
x10 <- 0x00000002


mem[X,0x800175F0] -> 0x0593
mem[X,0x800175F2] -> 0x0050
[2639] [M]: 0x800175F0 (0x00500593) addi a1, zero, 5
x11 <- 0x00000005


mem[X,0x800175F4] -> 0x0113
mem[X,0x800175F6] -> 0x0000
[2640] [M]: 0x800175F4 (0x00000113) addi sp, zero, 0
x2 <- 0x00000000


mem[X,0x800175F8] -> 0x006F
mem[X,0x800175FA] -> 0x0050
[2641] [M]: 0x800175F8 (0x0050006F) jal zero, 2052


mem[X,0x80017DFC] -> 0x00E3
mem[X,0x80017DFE] -> 0x80B5
[2642] [M]: 0x80017DFC (0x80B500E3) beq a0, a1, 6144


mem[X,0x80017E00] -> 0x0113
mem[X,0x80017E02] -> 0x0021
[2643] [M]: 0x80017E00 (0x00210113) addi sp, sp, 2
x2 <- 0x00000002


mem[X,0x80017E04] -> 0x006F
mem[X,0x80017E06] -> 0x00C0
[2644] [M]: 0x80017E04 (0x00C0006F) jal zero, 12


mem[X,0x80017E10] -> 0xA023
mem[X,0x80017E12] -> 0x4020
[2645] [M]: 0x80017E10 (0x4020A023) sw sp, 1024(ra)
mem[0x8003A568] <- 0x00000002


mem[X,0x80017E14] -> 0x0513
mem[X,0x80017E16] -> 0x0020
[2646] [M]: 0x80017E14 (0x00200513) addi a0, zero, 2
x10 <- 0x00000002


mem[X,0x80017E18] -> 0x35B7
mem[X,0x80017E1A] -> 0x3333
[2647] [M]: 0x80017E18 (0x333335B7) lui a1, 209715
x11 <- 0x33333000


mem[X,0x80017E1C] -> 0x8593
mem[X,0x80017E1E] -> 0x3335
[2648] [M]: 0x80017E1C (0x33358593) addi a1, a1, 819
x11 <- 0x33333333


mem[X,0x80017E20] -> 0x0113
mem[X,0x80017E22] -> 0x0000
[2649] [M]: 0x80017E20 (0x00000113) addi sp, zero, 0
x2 <- 0x00000000


mem[X,0x80017E24] -> 0x006F
mem[X,0x80017E26] -> 0x0180
[2650] [M]: 0x80017E24 (0x0180006F) jal zero, 24


mem[X,0x80017E3C] -> 0x06E3
mem[X,0x80017E3E] -> 0xFEB5
[2651] [M]: 0x80017E3C (0xFEB506E3) beq a0, a1, 8172


mem[X,0x80017E40] -> 0x0113
mem[X,0x80017E42] -> 0x0021
[2652] [M]: 0x80017E40 (0x00210113) addi sp, sp, 2
x2 <- 0x00000002


mem[X,0x80017E44] -> 0x006F
mem[X,0x80017E46] -> 0x00C0
[2653] [M]: 0x80017E44 (0x00C0006F) jal zero, 12


mem[X,0x80017E50] -> 0xA223
mem[X,0x80017E52] -> 0x4020
[2654] [M]: 0x80017E50 (0x4020A223) sw sp, 1028(ra)
mem[0x8003A56C] <- 0x00000002


mem[X,0x80017E54] -> 0x0513
mem[X,0x80017E56] -> 0x0020
[2655] [M]: 0x80017E54 (0x00200513) addi a0, zero, 2
x10 <- 0x00000002


mem[X,0x80017E58] -> 0x65B7
mem[X,0x80017E5A] -> 0x6666
[2656] [M]: 0x80017E58 (0x666665B7) lui a1, 419430
x11 <- 0x66666000


mem[X,0x80017E5C] -> 0x8593
mem[X,0x80017E5E] -> 0x6665
[2657] [M]: 0x80017E5C (0x66658593) addi a1, a1, 1638
x11 <- 0x66666666


mem[X,0x80017E60] -> 0x0113
mem[X,0x80017E62] -> 0x0000
[2658] [M]: 0x80017E60 (0x00000113) addi sp, zero, 0
x2 <- 0x00000000


mem[X,0x80017E64] -> 0x006F
mem[X,0x80017E66] -> 0x0050
[2659] [M]: 0x80017E64 (0x0050006F) jal zero, 2052


mem[X,0x80018668] -> 0x00E3
mem[X,0x8001866A] -> 0x80B5
[2660] [M]: 0x80018668 (0x80B500E3) beq a0, a1, 6144


mem[X,0x8001866C] -> 0x0113
mem[X,0x8001866E] -> 0x0021
[2661] [M]: 0x8001866C (0x00210113) addi sp, sp, 2
x2 <- 0x00000002


mem[X,0x80018670] -> 0x006F
mem[X,0x80018672] -> 0x00C0
[2662] [M]: 0x80018670 (0x00C0006F) jal zero, 12


mem[X,0x8001867C] -> 0xA423
mem[X,0x8001867E] -> 0x4020
[2663] [M]: 0x8001867C (0x4020A423) sw sp, 1032(ra)
mem[0x8003A570] <- 0x00000002


mem[X,0x80018680] -> 0x0513
mem[X,0x80018682] -> 0x0020
[2664] [M]: 0x80018680 (0x00200513) addi a0, zero, 2
x10 <- 0x00000002


mem[X,0x80018684] -> 0x55B7
mem[X,0x80018686] -> 0xFFFF
[2665] [M]: 0x80018684 (0xFFFF55B7) lui a1, 1048565
x11 <- 0xFFFF5000


mem[X,0x80018688] -> 0x8593
mem[X,0x8001868A] -> 0xAFC5
[2666] [M]: 0x80018688 (0xAFC58593) addi a1, a1, 2812
x11 <- 0xFFFF4AFC


mem[X,0x8001868C] -> 0x0113
mem[X,0x8001868E] -> 0x0000
[2667] [M]: 0x8001868C (0x00000113) addi sp, zero, 0
x2 <- 0x00000000


mem[X,0x80018690] -> 0x006F
mem[X,0x80018692] -> 0x00C0
[2668] [M]: 0x80018690 (0x00C0006F) jal zero, 12


mem[X,0x8001869C] -> 0x0663
mem[X,0x8001869E] -> 0x00B5
[2669] [M]: 0x8001869C (0x00B50663) beq a0, a1, 12


mem[X,0x800186A0] -> 0x0113
mem[X,0x800186A2] -> 0x0021
[2670] [M]: 0x800186A0 (0x00210113) addi sp, sp, 2
x2 <- 0x00000002


mem[X,0x800186A4] -> 0x006F
mem[X,0x800186A6] -> 0x00C0
[2671] [M]: 0x800186A4 (0x00C0006F) jal zero, 12


mem[X,0x800186B0] -> 0xA623
mem[X,0x800186B2] -> 0x4020
[2672] [M]: 0x800186B0 (0x4020A623) sw sp, 1036(ra)
mem[0x8003A574] <- 0x00000002


mem[X,0x800186B4] -> 0x0513
mem[X,0x800186B6] -> 0x0020
[2673] [M]: 0x800186B4 (0x00200513) addi a0, zero, 2
x10 <- 0x00000002


mem[X,0x800186B8] -> 0xB5B7
mem[X,0x800186BA] -> 0x0000
[2674] [M]: 0x800186B8 (0x0000B5B7) lui a1, 11
x11 <- 0x0000B000


mem[X,0x800186BC] -> 0x8593
mem[X,0x800186BE] -> 0x5045
[2675] [M]: 0x800186BC (0x50458593) addi a1, a1, 1284
x11 <- 0x0000B504


mem[X,0x800186C0] -> 0x0113
mem[X,0x800186C2] -> 0x0000
[2676] [M]: 0x800186C0 (0x00000113) addi sp, zero, 0
x2 <- 0x00000000


mem[X,0x800186C4] -> 0x006F
mem[X,0x800186C6] -> 0x2B10
[2677] [M]: 0x800186C4 (0x2B10006F) jal zero, 2736


mem[X,0x80019174] -> 0x0A63
mem[X,0x80019176] -> 0xD4B5
[2678] [M]: 0x80019174 (0xD4B50A63) beq a0, a1, 5460


mem[X,0x80019178] -> 0x0113
mem[X,0x8001917A] -> 0x0021
[2679] [M]: 0x80019178 (0x00210113) addi sp, sp, 2
x2 <- 0x00000002


mem[X,0x8001917C] -> 0x006F
mem[X,0x8001917E] -> 0x00C0
[2680] [M]: 0x8001917C (0x00C0006F) jal zero, 12


mem[X,0x80019188] -> 0xA823
mem[X,0x8001918A] -> 0x4020
[2681] [M]: 0x80019188 (0x4020A823) sw sp, 1040(ra)
mem[0x8003A578] <- 0x00000002


mem[X,0x8001918C] -> 0x0513
mem[X,0x8001918E] -> 0x0020
[2682] [M]: 0x8001918C (0x00200513) addi a0, zero, 2
x10 <- 0x00000002


mem[X,0x80019190] -> 0x0593
mem[X,0x80019192] -> 0x0020
[2683] [M]: 0x80019190 (0x00200593) addi a1, zero, 2
x11 <- 0x00000002


mem[X,0x80019194] -> 0x0113
mem[X,0x80019196] -> 0x0000
[2684] [M]: 0x80019194 (0x00000113) addi sp, zero, 0
x2 <- 0x00000000


mem[X,0x80019198] -> 0x006F
mem[X,0x8001919A] -> 0x00C0
[2685] [M]: 0x80019198 (0x00C0006F) jal zero, 12


mem[X,0x800191A4] -> 0x0663
mem[X,0x800191A6] -> 0x00B5
[2686] [M]: 0x800191A4 (0x00B50663) beq a0, a1, 12


mem[X,0x800191B0] -> 0x0113
mem[X,0x800191B2] -> 0x0031
[2687] [M]: 0x800191B0 (0x00310113) addi sp, sp, 3
x2 <- 0x00000003


mem[X,0x800191B4] -> 0x006F
mem[X,0x800191B6] -> 0x0040
[2688] [M]: 0x800191B4 (0x0040006F) jal zero, 4


mem[X,0x800191B8] -> 0xAA23
mem[X,0x800191BA] -> 0x4020
[2689] [M]: 0x800191B8 (0x4020AA23) sw sp, 1044(ra)
mem[0x8003A57C] <- 0x00000003


mem[X,0x800191BC] -> 0x0513
mem[X,0x800191BE] -> 0x0020
[2690] [M]: 0x800191BC (0x00200513) addi a0, zero, 2
x10 <- 0x00000002


mem[X,0x800191C0] -> 0x55B7
mem[X,0x800191C2] -> 0x5555
[2691] [M]: 0x800191C0 (0x555555B7) lui a1, 349525
x11 <- 0x55555000


mem[X,0x800191C4] -> 0x8593
mem[X,0x800191C6] -> 0x5545
[2692] [M]: 0x800191C4 (0x55458593) addi a1, a1, 1364
x11 <- 0x55555554


mem[X,0x800191C8] -> 0x0113
mem[X,0x800191CA] -> 0x0000
[2693] [M]: 0x800191C8 (0x00000113) addi sp, zero, 0
x2 <- 0x00000000


mem[X,0x800191CC] -> 0x006F
mem[X,0x800191CE] -> 0x00C0
[2694] [M]: 0x800191CC (0x00C0006F) jal zero, 12


mem[X,0x800191D8] -> 0x0663
mem[X,0x800191DA] -> 0x00B5
[2695] [M]: 0x800191D8 (0x00B50663) beq a0, a1, 12


mem[X,0x800191DC] -> 0x0113
mem[X,0x800191DE] -> 0x0021
[2696] [M]: 0x800191DC (0x00210113) addi sp, sp, 2
x2 <- 0x00000002


mem[X,0x800191E0] -> 0x006F
mem[X,0x800191E2] -> 0x00C0
[2697] [M]: 0x800191E0 (0x00C0006F) jal zero, 12


mem[X,0x800191EC] -> 0xAC23
mem[X,0x800191EE] -> 0x4020
[2698] [M]: 0x800191EC (0x4020AC23) sw sp, 1048(ra)
mem[0x8003A580] <- 0x00000002


mem[X,0x800191F0] -> 0x0513
mem[X,0x800191F2] -> 0x0020
[2699] [M]: 0x800191F0 (0x00200513) addi a0, zero, 2
x10 <- 0x00000002


clint::tick mtime <- 0x000000000000001B
 clint timer pending at mtime 0x000000000000001B
htif::tick 0x0000000000000000
mem[X,0x800191F4] -> 0x0593
mem[X,0x800191F6] -> 0x0000
[2700] [M]: 0x800191F4 (0x00000593) addi a1, zero, 0
x11 <- 0x00000000


mem[X,0x800191F8] -> 0x0113
mem[X,0x800191FA] -> 0x0000
[2701] [M]: 0x800191F8 (0x00000113) addi sp, zero, 0
x2 <- 0x00000000


mem[X,0x800191FC] -> 0x006F
mem[X,0x800191FE] -> 0x00C0
[2702] [M]: 0x800191FC (0x00C0006F) jal zero, 12


mem[X,0x80019208] -> 0x0063
mem[X,0x8001920A] -> 0x10B5
[2703] [M]: 0x80019208 (0x10B50063) beq a0, a1, 256


mem[X,0x8001920C] -> 0x0113
mem[X,0x8001920E] -> 0x0021
[2704] [M]: 0x8001920C (0x00210113) addi sp, sp, 2
x2 <- 0x00000002


mem[X,0x80019210] -> 0x006F
mem[X,0x80019212] -> 0x1000
[2705] [M]: 0x80019210 (0x1000006F) jal zero, 256


mem[X,0x80019310] -> 0xAE23
mem[X,0x80019312] -> 0x4020
[2706] [M]: 0x80019310 (0x4020AE23) sw sp, 1052(ra)
mem[0x8003A584] <- 0x00000002


mem[X,0x80019314] -> 0x0513
mem[X,0x80019316] -> 0x0020
[2707] [M]: 0x80019314 (0x00200513) addi a0, zero, 2
x10 <- 0x00000002


mem[X,0x80019318] -> 0x35B7
mem[X,0x8001931A] -> 0x3333
[2708] [M]: 0x80019318 (0x333335B7) lui a1, 209715
x11 <- 0x33333000


mem[X,0x8001931C] -> 0x8593
mem[X,0x8001931E] -> 0x3325
[2709] [M]: 0x8001931C (0x33258593) addi a1, a1, 818
x11 <- 0x33333332


mem[X,0x80019320] -> 0x0113
mem[X,0x80019322] -> 0x0000
[2710] [M]: 0x80019320 (0x00000113) addi sp, zero, 0
x2 <- 0x00000000


mem[X,0x80019324] -> 0x006F
mem[X,0x80019326] -> 0x00C0
[2711] [M]: 0x80019324 (0x00C0006F) jal zero, 12


mem[X,0x80019330] -> 0x0663
mem[X,0x80019332] -> 0x00B5
[2712] [M]: 0x80019330 (0x00B50663) beq a0, a1, 12


mem[X,0x80019334] -> 0x0113
mem[X,0x80019336] -> 0x0021
[2713] [M]: 0x80019334 (0x00210113) addi sp, sp, 2
x2 <- 0x00000002


mem[X,0x80019338] -> 0x006F
mem[X,0x8001933A] -> 0x00C0
[2714] [M]: 0x80019338 (0x00C0006F) jal zero, 12


mem[X,0x80019344] -> 0xA023
mem[X,0x80019346] -> 0x4220
[2715] [M]: 0x80019344 (0x4220A023) sw sp, 1056(ra)
mem[0x8003A588] <- 0x00000002


mem[X,0x80019348] -> 0x0513
mem[X,0x8001934A] -> 0x0020
[2716] [M]: 0x80019348 (0x00200513) addi a0, zero, 2
x10 <- 0x00000002


mem[X,0x8001934C] -> 0x65B7
mem[X,0x8001934E] -> 0x6666
[2717] [M]: 0x8001934C (0x666665B7) lui a1, 419430
x11 <- 0x66666000


mem[X,0x80019350] -> 0x8593
mem[X,0x80019352] -> 0x6655
[2718] [M]: 0x80019350 (0x66558593) addi a1, a1, 1637
x11 <- 0x66666665


mem[X,0x80019354] -> 0x0113
mem[X,0x80019356] -> 0x0000
[2719] [M]: 0x80019354 (0x00000113) addi sp, zero, 0
x2 <- 0x00000000


mem[X,0x80019358] -> 0x006F
mem[X,0x8001935A] -> 0x0140
[2720] [M]: 0x80019358 (0x0140006F) jal zero, 20


mem[X,0x8001936C] -> 0x08E3
mem[X,0x8001936E] -> 0xFEB5
[2721] [M]: 0x8001936C (0xFEB508E3) beq a0, a1, 8176


mem[X,0x80019370] -> 0x0113
mem[X,0x80019372] -> 0x0021
[2722] [M]: 0x80019370 (0x00210113) addi sp, sp, 2
x2 <- 0x00000002


mem[X,0x80019374] -> 0x006F
mem[X,0x80019376] -> 0x00C0
[2723] [M]: 0x80019374 (0x00C0006F) jal zero, 12


mem[X,0x80019380] -> 0xA223
mem[X,0x80019382] -> 0x4220
[2724] [M]: 0x80019380 (0x4220A223) sw sp, 1060(ra)
mem[0x8003A58C] <- 0x00000002


mem[X,0x80019384] -> 0x0513
mem[X,0x80019386] -> 0x0020
[2725] [M]: 0x80019384 (0x00200513) addi a0, zero, 2
x10 <- 0x00000002


mem[X,0x80019388] -> 0xB5B7
mem[X,0x8001938A] -> 0x0000
[2726] [M]: 0x80019388 (0x0000B5B7) lui a1, 11
x11 <- 0x0000B000


mem[X,0x8001938C] -> 0x8593
mem[X,0x8001938E] -> 0x5035
[2727] [M]: 0x8001938C (0x50358593) addi a1, a1, 1283
x11 <- 0x0000B503


mem[X,0x80019390] -> 0x0113
mem[X,0x80019392] -> 0x0000
[2728] [M]: 0x80019390 (0x00000113) addi sp, zero, 0
x2 <- 0x00000000


mem[X,0x80019394] -> 0x006F
mem[X,0x80019396] -> 0x00C0
[2729] [M]: 0x80019394 (0x00C0006F) jal zero, 12


mem[X,0x800193A0] -> 0x0063
mem[X,0x800193A2] -> 0x02B5
[2730] [M]: 0x800193A0 (0x02B50063) beq a0, a1, 32


mem[X,0x800193A4] -> 0x0113
mem[X,0x800193A6] -> 0x0021
[2731] [M]: 0x800193A4 (0x00210113) addi sp, sp, 2
x2 <- 0x00000002


mem[X,0x800193A8] -> 0x006F
mem[X,0x800193AA] -> 0x0200
[2732] [M]: 0x800193A8 (0x0200006F) jal zero, 32


mem[X,0x800193C8] -> 0xA423
mem[X,0x800193CA] -> 0x4220
[2733] [M]: 0x800193C8 (0x4220A423) sw sp, 1064(ra)
mem[0x8003A590] <- 0x00000002


mem[X,0x800193CC] -> 0x0513
mem[X,0x800193CE] -> 0x0020
[2734] [M]: 0x800193CC (0x00200513) addi a0, zero, 2
x10 <- 0x00000002


mem[X,0x800193D0] -> 0x55B7
mem[X,0x800193D2] -> 0x5555
[2735] [M]: 0x800193D0 (0x555555B7) lui a1, 349525
x11 <- 0x55555000


mem[X,0x800193D4] -> 0x8593
mem[X,0x800193D6] -> 0x5565
[2736] [M]: 0x800193D4 (0x55658593) addi a1, a1, 1366
x11 <- 0x55555556


mem[X,0x800193D8] -> 0x0113
mem[X,0x800193DA] -> 0x0000
[2737] [M]: 0x800193D8 (0x00000113) addi sp, zero, 0
x2 <- 0x00000000


mem[X,0x800193DC] -> 0x006F
mem[X,0x800193DE] -> 0x00C0
[2738] [M]: 0x800193DC (0x00C0006F) jal zero, 12


mem[X,0x800193E8] -> 0x0063
mem[X,0x800193EA] -> 0x04B5
[2739] [M]: 0x800193E8 (0x04B50063) beq a0, a1, 64


mem[X,0x800193EC] -> 0x0113
mem[X,0x800193EE] -> 0x0021
[2740] [M]: 0x800193EC (0x00210113) addi sp, sp, 2
x2 <- 0x00000002


mem[X,0x800193F0] -> 0x006F
mem[X,0x800193F2] -> 0x0400
[2741] [M]: 0x800193F0 (0x0400006F) jal zero, 64


mem[X,0x80019430] -> 0xA623
mem[X,0x80019432] -> 0x4220
[2742] [M]: 0x80019430 (0x4220A623) sw sp, 1068(ra)
mem[0x8003A594] <- 0x00000002


mem[X,0x80019434] -> 0x0513
mem[X,0x80019436] -> 0x0020
[2743] [M]: 0x80019434 (0x00200513) addi a0, zero, 2
x10 <- 0x00000002


mem[X,0x80019438] -> 0xB5B7
mem[X,0x8001943A] -> 0xAAAA
[2744] [M]: 0x80019438 (0xAAAAB5B7) lui a1, 699051
x11 <- 0xAAAAB000


mem[X,0x8001943C] -> 0x8593
mem[X,0x8001943E] -> 0xAAB5
[2745] [M]: 0x8001943C (0xAAB58593) addi a1, a1, 2731
x11 <- 0xAAAAAAAB


mem[X,0x80019440] -> 0x0113
mem[X,0x80019442] -> 0x0000
[2746] [M]: 0x80019440 (0x00000113) addi sp, zero, 0
x2 <- 0x00000000


mem[X,0x80019444] -> 0x006F
mem[X,0x80019446] -> 0x00C0
[2747] [M]: 0x80019444 (0x00C0006F) jal zero, 12


mem[X,0x80019450] -> 0x0063
mem[X,0x80019452] -> 0x20B5
[2748] [M]: 0x80019450 (0x20B50063) beq a0, a1, 512


mem[X,0x80019454] -> 0x0113
mem[X,0x80019456] -> 0x0021
[2749] [M]: 0x80019454 (0x00210113) addi sp, sp, 2
x2 <- 0x00000002


mem[X,0x80019458] -> 0x006F
mem[X,0x8001945A] -> 0x2000
[2750] [M]: 0x80019458 (0x2000006F) jal zero, 512


mem[X,0x80019658] -> 0xA823
mem[X,0x8001965A] -> 0x4220
[2751] [M]: 0x80019658 (0x4220A823) sw sp, 1072(ra)
mem[0x8003A598] <- 0x00000002


mem[X,0x8001965C] -> 0x0513
mem[X,0x8001965E] -> 0x0020
[2752] [M]: 0x8001965C (0x00200513) addi a0, zero, 2
x10 <- 0x00000002


mem[X,0x80019660] -> 0x0593
mem[X,0x80019662] -> 0x0060
[2753] [M]: 0x80019660 (0x00600593) addi a1, zero, 6
x11 <- 0x00000006


mem[X,0x80019664] -> 0x0113
mem[X,0x80019666] -> 0x0000
[2754] [M]: 0x80019664 (0x00000113) addi sp, zero, 0
x2 <- 0x00000000


mem[X,0x80019668] -> 0x006F
mem[X,0x8001966A] -> 0x00C0
[2755] [M]: 0x80019668 (0x00C0006F) jal zero, 12


mem[X,0x80019674] -> 0x0063
mem[X,0x80019676] -> 0x04B5
[2756] [M]: 0x80019674 (0x04B50063) beq a0, a1, 64


mem[X,0x80019678] -> 0x0113
mem[X,0x8001967A] -> 0x0021
[2757] [M]: 0x80019678 (0x00210113) addi sp, sp, 2
x2 <- 0x00000002


mem[X,0x8001967C] -> 0x006F
mem[X,0x8001967E] -> 0x0400
[2758] [M]: 0x8001967C (0x0400006F) jal zero, 64


mem[X,0x800196BC] -> 0xAA23
mem[X,0x800196BE] -> 0x4220
[2759] [M]: 0x800196BC (0x4220AA23) sw sp, 1076(ra)
mem[0x8003A59C] <- 0x00000002


mem[X,0x800196C0] -> 0x0513
mem[X,0x800196C2] -> 0x0020
[2760] [M]: 0x800196C0 (0x00200513) addi a0, zero, 2
x10 <- 0x00000002


mem[X,0x800196C4] -> 0x35B7
mem[X,0x800196C6] -> 0x3333
[2761] [M]: 0x800196C4 (0x333335B7) lui a1, 209715
x11 <- 0x33333000


mem[X,0x800196C8] -> 0x8593
mem[X,0x800196CA] -> 0x3345
[2762] [M]: 0x800196C8 (0x33458593) addi a1, a1, 820
x11 <- 0x33333334


mem[X,0x800196CC] -> 0x0113
mem[X,0x800196CE] -> 0x0000
[2763] [M]: 0x800196CC (0x00000113) addi sp, zero, 0
x2 <- 0x00000000


mem[X,0x800196D0] -> 0x006F
mem[X,0x800196D2] -> 0x0050
[2764] [M]: 0x800196D0 (0x0050006F) jal zero, 2052


mem[X,0x80019ED4] -> 0x00E3
mem[X,0x80019ED6] -> 0x80B5
[2765] [M]: 0x80019ED4 (0x80B500E3) beq a0, a1, 6144


mem[X,0x80019ED8] -> 0x0113
mem[X,0x80019EDA] -> 0x0021
[2766] [M]: 0x80019ED8 (0x00210113) addi sp, sp, 2
x2 <- 0x00000002


mem[X,0x80019EDC] -> 0x006F
mem[X,0x80019EDE] -> 0x00C0
[2767] [M]: 0x80019EDC (0x00C0006F) jal zero, 12


mem[X,0x80019EE8] -> 0xAC23
mem[X,0x80019EEA] -> 0x4220
[2768] [M]: 0x80019EE8 (0x4220AC23) sw sp, 1080(ra)
mem[0x8003A5A0] <- 0x00000002


mem[X,0x80019EEC] -> 0x0513
mem[X,0x80019EEE] -> 0x0020
[2769] [M]: 0x80019EEC (0x00200513) addi a0, zero, 2
x10 <- 0x00000002


mem[X,0x80019EF0] -> 0x65B7
mem[X,0x80019EF2] -> 0x6666
[2770] [M]: 0x80019EF0 (0x666665B7) lui a1, 419430
x11 <- 0x66666000


mem[X,0x80019EF4] -> 0x8593
mem[X,0x80019EF6] -> 0x6675
[2771] [M]: 0x80019EF4 (0x66758593) addi a1, a1, 1639
x11 <- 0x66666667


mem[X,0x80019EF8] -> 0x0113
mem[X,0x80019EFA] -> 0x0000
[2772] [M]: 0x80019EF8 (0x00000113) addi sp, zero, 0
x2 <- 0x00000000


mem[X,0x80019EFC] -> 0x006F
mem[X,0x80019EFE] -> 0x00C0
[2773] [M]: 0x80019EFC (0x00C0006F) jal zero, 12


mem[X,0x80019F08] -> 0x0CE3
mem[X,0x80019F0A] -> 0xFEB5
[2774] [M]: 0x80019F08 (0xFEB50CE3) beq a0, a1, 8184


mem[X,0x80019F0C] -> 0x0113
mem[X,0x80019F0E] -> 0x0021
[2775] [M]: 0x80019F0C (0x00210113) addi sp, sp, 2
x2 <- 0x00000002


mem[X,0x80019F10] -> 0x006F
mem[X,0x80019F12] -> 0x00C0
[2776] [M]: 0x80019F10 (0x00C0006F) jal zero, 12


mem[X,0x80019F1C] -> 0xAE23
mem[X,0x80019F1E] -> 0x4220
[2777] [M]: 0x80019F1C (0x4220AE23) sw sp, 1084(ra)
mem[0x8003A5A4] <- 0x00000002


mem[X,0x80019F20] -> 0x0513
mem[X,0x80019F22] -> 0x0020
[2778] [M]: 0x80019F20 (0x00200513) addi a0, zero, 2
x10 <- 0x00000002


mem[X,0x80019F24] -> 0x55B7
mem[X,0x80019F26] -> 0xFFFF
[2779] [M]: 0x80019F24 (0xFFFF55B7) lui a1, 1048565
x11 <- 0xFFFF5000


mem[X,0x80019F28] -> 0x8593
mem[X,0x80019F2A] -> 0xAFD5
[2780] [M]: 0x80019F28 (0xAFD58593) addi a1, a1, 2813
x11 <- 0xFFFF4AFD


mem[X,0x80019F2C] -> 0x0113
mem[X,0x80019F2E] -> 0x0000
[2781] [M]: 0x80019F2C (0x00000113) addi sp, zero, 0
x2 <- 0x00000000


mem[X,0x80019F30] -> 0x006F
mem[X,0x80019F32] -> 0x00C0
[2782] [M]: 0x80019F30 (0x00C0006F) jal zero, 12


mem[X,0x80019F3C] -> 0x0663
mem[X,0x80019F3E] -> 0x00B5
[2783] [M]: 0x80019F3C (0x00B50663) beq a0, a1, 12


mem[X,0x80019F40] -> 0x0113
mem[X,0x80019F42] -> 0x0021
[2784] [M]: 0x80019F40 (0x00210113) addi sp, sp, 2
x2 <- 0x00000002


mem[X,0x80019F44] -> 0x006F
mem[X,0x80019F46] -> 0x00C0
[2785] [M]: 0x80019F44 (0x00C0006F) jal zero, 12


mem[X,0x80019F50] -> 0xA023
mem[X,0x80019F52] -> 0x4420
[2786] [M]: 0x80019F50 (0x4420A023) sw sp, 1088(ra)
mem[0x8003A5A8] <- 0x00000002


mem[X,0x80019F54] -> 0x0513
mem[X,0x80019F56] -> 0x0020
[2787] [M]: 0x80019F54 (0x00200513) addi a0, zero, 2
x10 <- 0x00000002


mem[X,0x80019F58] -> 0xB5B7
mem[X,0x80019F5A] -> 0x0000
[2788] [M]: 0x80019F58 (0x0000B5B7) lui a1, 11
x11 <- 0x0000B000


mem[X,0x80019F5C] -> 0x8593
mem[X,0x80019F5E] -> 0x5055
[2789] [M]: 0x80019F5C (0x50558593) addi a1, a1, 1285
x11 <- 0x0000B505


mem[X,0x80019F60] -> 0x0113
mem[X,0x80019F62] -> 0x0000
[2790] [M]: 0x80019F60 (0x00000113) addi sp, zero, 0
x2 <- 0x00000000


mem[X,0x80019F64] -> 0x006F
mem[X,0x80019F66] -> 0x00C0
[2791] [M]: 0x80019F64 (0x00C0006F) jal zero, 12


mem[X,0x80019F70] -> 0x0663
mem[X,0x80019F72] -> 0x00B5
[2792] [M]: 0x80019F70 (0x00B50663) beq a0, a1, 12


mem[X,0x80019F74] -> 0x0113
mem[X,0x80019F76] -> 0x0021
[2793] [M]: 0x80019F74 (0x00210113) addi sp, sp, 2
x2 <- 0x00000002


mem[X,0x80019F78] -> 0x006F
mem[X,0x80019F7A] -> 0x00C0
[2794] [M]: 0x80019F78 (0x00C0006F) jal zero, 12


mem[X,0x80019F84] -> 0xA223
mem[X,0x80019F86] -> 0x4420
[2795] [M]: 0x80019F84 (0x4420A223) sw sp, 1092(ra)
mem[0x8003A5AC] <- 0x00000002


mem[X,0x80019F88] -> 0x5537
mem[X,0x80019F8A] -> 0x5555
[2796] [M]: 0x80019F88 (0x55555537) lui a0, 349525
x10 <- 0x55555000


mem[X,0x80019F8C] -> 0x0513
mem[X,0x80019F8E] -> 0x5545
[2797] [M]: 0x80019F8C (0x55450513) addi a0, a0, 1364
x10 <- 0x55555554


mem[X,0x80019F90] -> 0x0593
mem[X,0x80019F92] -> 0x0030
[2798] [M]: 0x80019F90 (0x00300593) addi a1, zero, 3
x11 <- 0x00000003


mem[X,0x80019F94] -> 0x0113
mem[X,0x80019F96] -> 0x0000
[2799] [M]: 0x80019F94 (0x00000113) addi sp, zero, 0
x2 <- 0x00000000


clint::tick mtime <- 0x000000000000001C
 clint timer pending at mtime 0x000000000000001C
htif::tick 0x0000000000000000
mem[X,0x80019F98] -> 0x006F
mem[X,0x80019F9A] -> 0x00C0
[2800] [M]: 0x80019F98 (0x00C0006F) jal zero, 12


mem[X,0x80019FA4] -> 0x0CE3
mem[X,0x80019FA6] -> 0xFEB5
[2801] [M]: 0x80019FA4 (0xFEB50CE3) beq a0, a1, 8184


mem[X,0x80019FA8] -> 0x0113
mem[X,0x80019FAA] -> 0x0021
[2802] [M]: 0x80019FA8 (0x00210113) addi sp, sp, 2
x2 <- 0x00000002


mem[X,0x80019FAC] -> 0x006F
mem[X,0x80019FAE] -> 0x00C0
[2803] [M]: 0x80019FAC (0x00C0006F) jal zero, 12


mem[X,0x80019FB8] -> 0xA423
mem[X,0x80019FBA] -> 0x4420
[2804] [M]: 0x80019FB8 (0x4420A423) sw sp, 1096(ra)
mem[0x8003A5B0] <- 0x00000002


mem[X,0x80019FBC] -> 0x5537
mem[X,0x80019FBE] -> 0x5555
[2805] [M]: 0x80019FBC (0x55555537) lui a0, 349525
x10 <- 0x55555000


mem[X,0x80019FC0] -> 0x0513
mem[X,0x80019FC2] -> 0x5545
[2806] [M]: 0x80019FC0 (0x55450513) addi a0, a0, 1364
x10 <- 0x55555554


mem[X,0x80019FC4] -> 0x55B7
mem[X,0x80019FC6] -> 0x5555
[2807] [M]: 0x80019FC4 (0x555555B7) lui a1, 349525
x11 <- 0x55555000


mem[X,0x80019FC8] -> 0x8593
mem[X,0x80019FCA] -> 0x5555
[2808] [M]: 0x80019FC8 (0x55558593) addi a1, a1, 1365
x11 <- 0x55555555


mem[X,0x80019FCC] -> 0x0113
mem[X,0x80019FCE] -> 0x0000
[2809] [M]: 0x80019FCC (0x00000113) addi sp, zero, 0
x2 <- 0x00000000


mem[X,0x80019FD0] -> 0x006F
mem[X,0x80019FD2] -> 0x00C0
[2810] [M]: 0x80019FD0 (0x00C0006F) jal zero, 12


mem[X,0x80019FDC] -> 0x0CE3
mem[X,0x80019FDE] -> 0xFEB5
[2811] [M]: 0x80019FDC (0xFEB50CE3) beq a0, a1, 8184


mem[X,0x80019FE0] -> 0x0113
mem[X,0x80019FE2] -> 0x0021
[2812] [M]: 0x80019FE0 (0x00210113) addi sp, sp, 2
x2 <- 0x00000002


mem[X,0x80019FE4] -> 0x006F
mem[X,0x80019FE6] -> 0x00C0
[2813] [M]: 0x80019FE4 (0x00C0006F) jal zero, 12


mem[X,0x80019FF0] -> 0xA623
mem[X,0x80019FF2] -> 0x4420
[2814] [M]: 0x80019FF0 (0x4420A623) sw sp, 1100(ra)
mem[0x8003A5B4] <- 0x00000002


mem[X,0x80019FF4] -> 0x5537
mem[X,0x80019FF6] -> 0x5555
[2815] [M]: 0x80019FF4 (0x55555537) lui a0, 349525
x10 <- 0x55555000


mem[X,0x80019FF8] -> 0x0513
mem[X,0x80019FFA] -> 0x5545
[2816] [M]: 0x80019FF8 (0x55450513) addi a0, a0, 1364
x10 <- 0x55555554


mem[X,0x80019FFC] -> 0xB5B7
mem[X,0x80019FFE] -> 0xAAAA
[2817] [M]: 0x80019FFC (0xAAAAB5B7) lui a1, 699051
x11 <- 0xAAAAB000


mem[X,0x8001A000] -> 0x8593
mem[X,0x8001A002] -> 0xAAA5
[2818] [M]: 0x8001A000 (0xAAA58593) addi a1, a1, 2730
x11 <- 0xAAAAAAAA


mem[X,0x8001A004] -> 0x0113
mem[X,0x8001A006] -> 0x0000
[2819] [M]: 0x8001A004 (0x00000113) addi sp, zero, 0
x2 <- 0x00000000


mem[X,0x8001A008] -> 0x006F
mem[X,0x8001A00A] -> 0x00C0
[2820] [M]: 0x8001A008 (0x00C0006F) jal zero, 12


mem[X,0x8001A014] -> 0x0663
mem[X,0x8001A016] -> 0x00B5
[2821] [M]: 0x8001A014 (0x00B50663) beq a0, a1, 12


mem[X,0x8001A018] -> 0x0113
mem[X,0x8001A01A] -> 0x0021
[2822] [M]: 0x8001A018 (0x00210113) addi sp, sp, 2
x2 <- 0x00000002


mem[X,0x8001A01C] -> 0x006F
mem[X,0x8001A01E] -> 0x00C0
[2823] [M]: 0x8001A01C (0x00C0006F) jal zero, 12


mem[X,0x8001A028] -> 0xA823
mem[X,0x8001A02A] -> 0x4420
[2824] [M]: 0x8001A028 (0x4420A823) sw sp, 1104(ra)
mem[0x8003A5B8] <- 0x00000002


mem[X,0x8001A02C] -> 0x5537
mem[X,0x8001A02E] -> 0x5555
[2825] [M]: 0x8001A02C (0x55555537) lui a0, 349525
x10 <- 0x55555000


mem[X,0x8001A030] -> 0x0513
mem[X,0x8001A032] -> 0x5545
[2826] [M]: 0x8001A030 (0x55450513) addi a0, a0, 1364
x10 <- 0x55555554


mem[X,0x8001A034] -> 0x0593
mem[X,0x8001A036] -> 0x0050
[2827] [M]: 0x8001A034 (0x00500593) addi a1, zero, 5
x11 <- 0x00000005


mem[X,0x8001A038] -> 0x0113
mem[X,0x8001A03A] -> 0x0000
[2828] [M]: 0x8001A038 (0x00000113) addi sp, zero, 0
x2 <- 0x00000000


mem[X,0x8001A03C] -> 0x006F
mem[X,0x8001A03E] -> 0x00C0
[2829] [M]: 0x8001A03C (0x00C0006F) jal zero, 12


mem[X,0x8001A048] -> 0x0663
mem[X,0x8001A04A] -> 0x00B5
[2830] [M]: 0x8001A048 (0x00B50663) beq a0, a1, 12


mem[X,0x8001A04C] -> 0x0113
mem[X,0x8001A04E] -> 0x0021
[2831] [M]: 0x8001A04C (0x00210113) addi sp, sp, 2
x2 <- 0x00000002


mem[X,0x8001A050] -> 0x006F
mem[X,0x8001A052] -> 0x00C0
[2832] [M]: 0x8001A050 (0x00C0006F) jal zero, 12


mem[X,0x8001A05C] -> 0xAA23
mem[X,0x8001A05E] -> 0x4420
[2833] [M]: 0x8001A05C (0x4420AA23) sw sp, 1108(ra)
mem[0x8003A5BC] <- 0x00000002


mem[X,0x8001A060] -> 0x5537
mem[X,0x8001A062] -> 0x5555
[2834] [M]: 0x8001A060 (0x55555537) lui a0, 349525
x10 <- 0x55555000


mem[X,0x8001A064] -> 0x0513
mem[X,0x8001A066] -> 0x5545
[2835] [M]: 0x8001A064 (0x55450513) addi a0, a0, 1364
x10 <- 0x55555554


mem[X,0x8001A068] -> 0x35B7
mem[X,0x8001A06A] -> 0x3333
[2836] [M]: 0x8001A068 (0x333335B7) lui a1, 209715
x11 <- 0x33333000


mem[X,0x8001A06C] -> 0x8593
mem[X,0x8001A06E] -> 0x3335
[2837] [M]: 0x8001A06C (0x33358593) addi a1, a1, 819
x11 <- 0x33333333


mem[X,0x8001A070] -> 0x0113
mem[X,0x8001A072] -> 0x0000
[2838] [M]: 0x8001A070 (0x00000113) addi sp, zero, 0
x2 <- 0x00000000


mem[X,0x8001A074] -> 0x006F
mem[X,0x8001A076] -> 0x00C0
[2839] [M]: 0x8001A074 (0x00C0006F) jal zero, 12


mem[X,0x8001A080] -> 0x0CE3
mem[X,0x8001A082] -> 0xFEB5
[2840] [M]: 0x8001A080 (0xFEB50CE3) beq a0, a1, 8184


mem[X,0x8001A084] -> 0x0113
mem[X,0x8001A086] -> 0x0021
[2841] [M]: 0x8001A084 (0x00210113) addi sp, sp, 2
x2 <- 0x00000002


mem[X,0x8001A088] -> 0x006F
mem[X,0x8001A08A] -> 0x00C0
[2842] [M]: 0x8001A088 (0x00C0006F) jal zero, 12


mem[X,0x8001A094] -> 0xAC23
mem[X,0x8001A096] -> 0x4420
[2843] [M]: 0x8001A094 (0x4420AC23) sw sp, 1112(ra)
mem[0x8003A5C0] <- 0x00000002


mem[X,0x8001A098] -> 0x5537
mem[X,0x8001A09A] -> 0x5555
[2844] [M]: 0x8001A098 (0x55555537) lui a0, 349525
x10 <- 0x55555000


mem[X,0x8001A09C] -> 0x0513
mem[X,0x8001A09E] -> 0x5545
[2845] [M]: 0x8001A09C (0x55450513) addi a0, a0, 1364
x10 <- 0x55555554


mem[X,0x8001A0A0] -> 0x65B7
mem[X,0x8001A0A2] -> 0x6666
[2846] [M]: 0x8001A0A0 (0x666665B7) lui a1, 419430
x11 <- 0x66666000


mem[X,0x8001A0A4] -> 0x8593
mem[X,0x8001A0A6] -> 0x6665
[2847] [M]: 0x8001A0A4 (0x66658593) addi a1, a1, 1638
x11 <- 0x66666666


mem[X,0x8001A0A8] -> 0x0113
mem[X,0x8001A0AA] -> 0x0000
[2848] [M]: 0x8001A0A8 (0x00000113) addi sp, zero, 0
x2 <- 0x00000000


mem[X,0x8001A0AC] -> 0x006F
mem[X,0x8001A0AE] -> 0x00C0
[2849] [M]: 0x8001A0AC (0x00C0006F) jal zero, 12


mem[X,0x8001A0B8] -> 0x0CE3
mem[X,0x8001A0BA] -> 0xFEB5
[2850] [M]: 0x8001A0B8 (0xFEB50CE3) beq a0, a1, 8184


mem[X,0x8001A0BC] -> 0x0113
mem[X,0x8001A0BE] -> 0x0021
[2851] [M]: 0x8001A0BC (0x00210113) addi sp, sp, 2
x2 <- 0x00000002


mem[X,0x8001A0C0] -> 0x006F
mem[X,0x8001A0C2] -> 0x00C0
[2852] [M]: 0x8001A0C0 (0x00C0006F) jal zero, 12


mem[X,0x8001A0CC] -> 0xAE23
mem[X,0x8001A0CE] -> 0x4420
[2853] [M]: 0x8001A0CC (0x4420AE23) sw sp, 1116(ra)
mem[0x8003A5C4] <- 0x00000002


mem[X,0x8001A0D0] -> 0x5537
mem[X,0x8001A0D2] -> 0x5555
[2854] [M]: 0x8001A0D0 (0x55555537) lui a0, 349525
x10 <- 0x55555000


mem[X,0x8001A0D4] -> 0x0513
mem[X,0x8001A0D6] -> 0x5545
[2855] [M]: 0x8001A0D4 (0x55450513) addi a0, a0, 1364
x10 <- 0x55555554


mem[X,0x8001A0D8] -> 0x55B7
mem[X,0x8001A0DA] -> 0xFFFF
[2856] [M]: 0x8001A0D8 (0xFFFF55B7) lui a1, 1048565
x11 <- 0xFFFF5000


mem[X,0x8001A0DC] -> 0x8593
mem[X,0x8001A0DE] -> 0xAFC5
[2857] [M]: 0x8001A0DC (0xAFC58593) addi a1, a1, 2812
x11 <- 0xFFFF4AFC


mem[X,0x8001A0E0] -> 0x0113
mem[X,0x8001A0E2] -> 0x0000
[2858] [M]: 0x8001A0E0 (0x00000113) addi sp, zero, 0
x2 <- 0x00000000


mem[X,0x8001A0E4] -> 0x006F
mem[X,0x8001A0E6] -> 0x0050
[2859] [M]: 0x8001A0E4 (0x0050006F) jal zero, 2052


mem[X,0x8001A8E8] -> 0x00E3
mem[X,0x8001A8EA] -> 0x80B5
[2860] [M]: 0x8001A8E8 (0x80B500E3) beq a0, a1, 6144


mem[X,0x8001A8EC] -> 0x0113
mem[X,0x8001A8EE] -> 0x0021
[2861] [M]: 0x8001A8EC (0x00210113) addi sp, sp, 2
x2 <- 0x00000002


mem[X,0x8001A8F0] -> 0x006F
mem[X,0x8001A8F2] -> 0x00C0
[2862] [M]: 0x8001A8F0 (0x00C0006F) jal zero, 12


mem[X,0x8001A8FC] -> 0xA023
mem[X,0x8001A8FE] -> 0x4620
[2863] [M]: 0x8001A8FC (0x4620A023) sw sp, 1120(ra)
mem[0x8003A5C8] <- 0x00000002


mem[X,0x8001A900] -> 0x5537
mem[X,0x8001A902] -> 0x5555
[2864] [M]: 0x8001A900 (0x55555537) lui a0, 349525
x10 <- 0x55555000


mem[X,0x8001A904] -> 0x0513
mem[X,0x8001A906] -> 0x5545
[2865] [M]: 0x8001A904 (0x55450513) addi a0, a0, 1364
x10 <- 0x55555554


mem[X,0x8001A908] -> 0xB5B7
mem[X,0x8001A90A] -> 0x0000
[2866] [M]: 0x8001A908 (0x0000B5B7) lui a1, 11
x11 <- 0x0000B000


mem[X,0x8001A90C] -> 0x8593
mem[X,0x8001A90E] -> 0x5045
[2867] [M]: 0x8001A90C (0x50458593) addi a1, a1, 1284
x11 <- 0x0000B504


mem[X,0x8001A910] -> 0x0113
mem[X,0x8001A912] -> 0x0000
[2868] [M]: 0x8001A910 (0x00000113) addi sp, zero, 0
x2 <- 0x00000000


mem[X,0x8001A914] -> 0x006F
mem[X,0x8001A916] -> 0x00C0
[2869] [M]: 0x8001A914 (0x00C0006F) jal zero, 12


mem[X,0x8001A920] -> 0x0063
mem[X,0x8001A922] -> 0x10B5
[2870] [M]: 0x8001A920 (0x10B50063) beq a0, a1, 256


mem[X,0x8001A924] -> 0x0113
mem[X,0x8001A926] -> 0x0021
[2871] [M]: 0x8001A924 (0x00210113) addi sp, sp, 2
x2 <- 0x00000002


mem[X,0x8001A928] -> 0x006F
mem[X,0x8001A92A] -> 0x1000
[2872] [M]: 0x8001A928 (0x1000006F) jal zero, 256


mem[X,0x8001AA28] -> 0xA223
mem[X,0x8001AA2A] -> 0x4620
[2873] [M]: 0x8001AA28 (0x4620A223) sw sp, 1124(ra)
mem[0x8003A5CC] <- 0x00000002


mem[X,0x8001AA2C] -> 0x5537
mem[X,0x8001AA2E] -> 0x5555
[2874] [M]: 0x8001AA2C (0x55555537) lui a0, 349525
x10 <- 0x55555000


mem[X,0x8001AA30] -> 0x0513
mem[X,0x8001AA32] -> 0x5545
[2875] [M]: 0x8001AA30 (0x55450513) addi a0, a0, 1364
x10 <- 0x55555554


mem[X,0x8001AA34] -> 0x0593
mem[X,0x8001AA36] -> 0x0020
[2876] [M]: 0x8001AA34 (0x00200593) addi a1, zero, 2
x11 <- 0x00000002


mem[X,0x8001AA38] -> 0x0113
mem[X,0x8001AA3A] -> 0x0000
[2877] [M]: 0x8001AA38 (0x00000113) addi sp, zero, 0
x2 <- 0x00000000


mem[X,0x8001AA3C] -> 0x006F
mem[X,0x8001AA3E] -> 0x00C0
[2878] [M]: 0x8001AA3C (0x00C0006F) jal zero, 12


mem[X,0x8001AA48] -> 0x0063
mem[X,0x8001AA4A] -> 0x08B5
[2879] [M]: 0x8001AA48 (0x08B50063) beq a0, a1, 128


mem[X,0x8001AA4C] -> 0x0113
mem[X,0x8001AA4E] -> 0x0021
[2880] [M]: 0x8001AA4C (0x00210113) addi sp, sp, 2
x2 <- 0x00000002


mem[X,0x8001AA50] -> 0x006F
mem[X,0x8001AA52] -> 0x0800
[2881] [M]: 0x8001AA50 (0x0800006F) jal zero, 128


mem[X,0x8001AAD0] -> 0xA423
mem[X,0x8001AAD2] -> 0x4620
[2882] [M]: 0x8001AAD0 (0x4620A423) sw sp, 1128(ra)
mem[0x8003A5D0] <- 0x00000002


mem[X,0x8001AAD4] -> 0x5537
mem[X,0x8001AAD6] -> 0x5555
[2883] [M]: 0x8001AAD4 (0x55555537) lui a0, 349525
x10 <- 0x55555000


mem[X,0x8001AAD8] -> 0x0513
mem[X,0x8001AADA] -> 0x5545
[2884] [M]: 0x8001AAD8 (0x55450513) addi a0, a0, 1364
x10 <- 0x55555554


mem[X,0x8001AADC] -> 0x55B7
mem[X,0x8001AADE] -> 0x5555
[2885] [M]: 0x8001AADC (0x555555B7) lui a1, 349525
x11 <- 0x55555000


mem[X,0x8001AAE0] -> 0x8593
mem[X,0x8001AAE2] -> 0x5545
[2886] [M]: 0x8001AAE0 (0x55458593) addi a1, a1, 1364
x11 <- 0x55555554


mem[X,0x8001AAE4] -> 0x0113
mem[X,0x8001AAE6] -> 0x0000
[2887] [M]: 0x8001AAE4 (0x00000113) addi sp, zero, 0
x2 <- 0x00000000


mem[X,0x8001AAE8] -> 0x006F
mem[X,0x8001AAEA] -> 0x00C0
[2888] [M]: 0x8001AAE8 (0x00C0006F) jal zero, 12


mem[X,0x8001AAF4] -> 0x0063
mem[X,0x8001AAF6] -> 0x08B5
[2889] [M]: 0x8001AAF4 (0x08B50063) beq a0, a1, 128


mem[X,0x8001AB74] -> 0x0113
mem[X,0x8001AB76] -> 0x0031
[2890] [M]: 0x8001AB74 (0x00310113) addi sp, sp, 3
x2 <- 0x00000003


mem[X,0x8001AB78] -> 0x006F
mem[X,0x8001AB7A] -> 0x0040
[2891] [M]: 0x8001AB78 (0x0040006F) jal zero, 4


mem[X,0x8001AB7C] -> 0xA623
mem[X,0x8001AB7E] -> 0x4620
[2892] [M]: 0x8001AB7C (0x4620A623) sw sp, 1132(ra)
mem[0x8003A5D4] <- 0x00000003


mem[X,0x8001AB80] -> 0x5537
mem[X,0x8001AB82] -> 0x5555
[2893] [M]: 0x8001AB80 (0x55555537) lui a0, 349525
x10 <- 0x55555000


mem[X,0x8001AB84] -> 0x0513
mem[X,0x8001AB86] -> 0x5545
[2894] [M]: 0x8001AB84 (0x55450513) addi a0, a0, 1364
x10 <- 0x55555554


mem[X,0x8001AB88] -> 0x0593
mem[X,0x8001AB8A] -> 0x0000
[2895] [M]: 0x8001AB88 (0x00000593) addi a1, zero, 0
x11 <- 0x00000000


mem[X,0x8001AB8C] -> 0x0113
mem[X,0x8001AB8E] -> 0x0000
[2896] [M]: 0x8001AB8C (0x00000113) addi sp, zero, 0
x2 <- 0x00000000


mem[X,0x8001AB90] -> 0x006F
mem[X,0x8001AB92] -> 0x00C0
[2897] [M]: 0x8001AB90 (0x00C0006F) jal zero, 12


mem[X,0x8001AB9C] -> 0x0663
mem[X,0x8001AB9E] -> 0x00B5
[2898] [M]: 0x8001AB9C (0x00B50663) beq a0, a1, 12


mem[X,0x8001ABA0] -> 0x0113
mem[X,0x8001ABA2] -> 0x0021
[2899] [M]: 0x8001ABA0 (0x00210113) addi sp, sp, 2
x2 <- 0x00000002


clint::tick mtime <- 0x000000000000001D
 clint timer pending at mtime 0x000000000000001D
htif::tick 0x0000000000000000
mem[X,0x8001ABA4] -> 0x006F
mem[X,0x8001ABA6] -> 0x00C0
[2900] [M]: 0x8001ABA4 (0x00C0006F) jal zero, 12


mem[X,0x8001ABB0] -> 0xA823
mem[X,0x8001ABB2] -> 0x4620
[2901] [M]: 0x8001ABB0 (0x4620A823) sw sp, 1136(ra)
mem[0x8003A5D8] <- 0x00000002


mem[X,0x8001ABB4] -> 0x5537
mem[X,0x8001ABB6] -> 0x5555
[2902] [M]: 0x8001ABB4 (0x55555537) lui a0, 349525
x10 <- 0x55555000


mem[X,0x8001ABB8] -> 0x0513
mem[X,0x8001ABBA] -> 0x5545
[2903] [M]: 0x8001ABB8 (0x55450513) addi a0, a0, 1364
x10 <- 0x55555554


mem[X,0x8001ABBC] -> 0x0593
mem[X,0x8001ABBE] -> 0x0040
[2904] [M]: 0x8001ABBC (0x00400593) addi a1, zero, 4
x11 <- 0x00000004


mem[X,0x8001ABC0] -> 0x0113
mem[X,0x8001ABC2] -> 0x0000
[2905] [M]: 0x8001ABC0 (0x00000113) addi sp, zero, 0
x2 <- 0x00000000


mem[X,0x8001ABC4] -> 0x006F
mem[X,0x8001ABC6] -> 0x0140
[2906] [M]: 0x8001ABC4 (0x0140006F) jal zero, 20


mem[X,0x8001ABD8] -> 0x08E3
mem[X,0x8001ABDA] -> 0xFEB5
[2907] [M]: 0x8001ABD8 (0xFEB508E3) beq a0, a1, 8176


mem[X,0x8001ABDC] -> 0x0113
mem[X,0x8001ABDE] -> 0x0021
[2908] [M]: 0x8001ABDC (0x00210113) addi sp, sp, 2
x2 <- 0x00000002


mem[X,0x8001ABE0] -> 0x006F
mem[X,0x8001ABE2] -> 0x00C0
[2909] [M]: 0x8001ABE0 (0x00C0006F) jal zero, 12


mem[X,0x8001ABEC] -> 0xAA23
mem[X,0x8001ABEE] -> 0x4620
[2910] [M]: 0x8001ABEC (0x4620AA23) sw sp, 1140(ra)
mem[0x8003A5DC] <- 0x00000002


mem[X,0x8001ABF0] -> 0x5537
mem[X,0x8001ABF2] -> 0x5555
[2911] [M]: 0x8001ABF0 (0x55555537) lui a0, 349525
x10 <- 0x55555000


mem[X,0x8001ABF4] -> 0x0513
mem[X,0x8001ABF6] -> 0x5545
[2912] [M]: 0x8001ABF4 (0x55450513) addi a0, a0, 1364
x10 <- 0x55555554


mem[X,0x8001ABF8] -> 0x35B7
mem[X,0x8001ABFA] -> 0x3333
[2913] [M]: 0x8001ABF8 (0x333335B7) lui a1, 209715
x11 <- 0x33333000


mem[X,0x8001ABFC] -> 0x8593
mem[X,0x8001ABFE] -> 0x3325
[2914] [M]: 0x8001ABFC (0x33258593) addi a1, a1, 818
x11 <- 0x33333332


mem[X,0x8001AC00] -> 0x0113
mem[X,0x8001AC02] -> 0x0000
[2915] [M]: 0x8001AC00 (0x00000113) addi sp, zero, 0
x2 <- 0x00000000


mem[X,0x8001AC04] -> 0x006F
mem[X,0x8001AC06] -> 0x00C0
[2916] [M]: 0x8001AC04 (0x00C0006F) jal zero, 12


mem[X,0x8001AC10] -> 0x0663
mem[X,0x8001AC12] -> 0x00B5
[2917] [M]: 0x8001AC10 (0x00B50663) beq a0, a1, 12


mem[X,0x8001AC14] -> 0x0113
mem[X,0x8001AC16] -> 0x0021
[2918] [M]: 0x8001AC14 (0x00210113) addi sp, sp, 2
x2 <- 0x00000002


mem[X,0x8001AC18] -> 0x006F
mem[X,0x8001AC1A] -> 0x00C0
[2919] [M]: 0x8001AC18 (0x00C0006F) jal zero, 12


mem[X,0x8001AC24] -> 0xAC23
mem[X,0x8001AC26] -> 0x4620
[2920] [M]: 0x8001AC24 (0x4620AC23) sw sp, 1144(ra)
mem[0x8003A5E0] <- 0x00000002


mem[X,0x8001AC28] -> 0x5537
mem[X,0x8001AC2A] -> 0x5555
[2921] [M]: 0x8001AC28 (0x55555537) lui a0, 349525
x10 <- 0x55555000


mem[X,0x8001AC2C] -> 0x0513
mem[X,0x8001AC2E] -> 0x5545
[2922] [M]: 0x8001AC2C (0x55450513) addi a0, a0, 1364
x10 <- 0x55555554


mem[X,0x8001AC30] -> 0x65B7
mem[X,0x8001AC32] -> 0x6666
[2923] [M]: 0x8001AC30 (0x666665B7) lui a1, 419430
x11 <- 0x66666000


mem[X,0x8001AC34] -> 0x8593
mem[X,0x8001AC36] -> 0x6655
[2924] [M]: 0x8001AC34 (0x66558593) addi a1, a1, 1637
x11 <- 0x66666665


mem[X,0x8001AC38] -> 0x0113
mem[X,0x8001AC3A] -> 0x0000
[2925] [M]: 0x8001AC38 (0x00000113) addi sp, zero, 0
x2 <- 0x00000000


mem[X,0x8001AC3C] -> 0x006F
mem[X,0x8001AC3E] -> 0x00C0
[2926] [M]: 0x8001AC3C (0x00C0006F) jal zero, 12


mem[X,0x8001AC48] -> 0x0063
mem[X,0x8001AC4A] -> 0x02B5
[2927] [M]: 0x8001AC48 (0x02B50063) beq a0, a1, 32


mem[X,0x8001AC4C] -> 0x0113
mem[X,0x8001AC4E] -> 0x0021
[2928] [M]: 0x8001AC4C (0x00210113) addi sp, sp, 2
x2 <- 0x00000002


mem[X,0x8001AC50] -> 0x006F
mem[X,0x8001AC52] -> 0x0200
[2929] [M]: 0x8001AC50 (0x0200006F) jal zero, 32


mem[X,0x8001AC70] -> 0xAE23
mem[X,0x8001AC72] -> 0x4620
[2930] [M]: 0x8001AC70 (0x4620AE23) sw sp, 1148(ra)
mem[0x8003A5E4] <- 0x00000002


mem[X,0x8001AC74] -> 0x5537
mem[X,0x8001AC76] -> 0x5555
[2931] [M]: 0x8001AC74 (0x55555537) lui a0, 349525
x10 <- 0x55555000


mem[X,0x8001AC78] -> 0x0513
mem[X,0x8001AC7A] -> 0x5545
[2932] [M]: 0x8001AC78 (0x55450513) addi a0, a0, 1364
x10 <- 0x55555554


mem[X,0x8001AC7C] -> 0xB5B7
mem[X,0x8001AC7E] -> 0x0000
[2933] [M]: 0x8001AC7C (0x0000B5B7) lui a1, 11
x11 <- 0x0000B000


mem[X,0x8001AC80] -> 0x8593
mem[X,0x8001AC82] -> 0x5035
[2934] [M]: 0x8001AC80 (0x50358593) addi a1, a1, 1283
x11 <- 0x0000B503


mem[X,0x8001AC84] -> 0x0113
mem[X,0x8001AC86] -> 0x0000
[2935] [M]: 0x8001AC84 (0x00000113) addi sp, zero, 0
x2 <- 0x00000000


mem[X,0x8001AC88] -> 0x006F
mem[X,0x8001AC8A] -> 0x00C0
[2936] [M]: 0x8001AC88 (0x00C0006F) jal zero, 12


mem[X,0x8001AC94] -> 0x0CE3
mem[X,0x8001AC96] -> 0xFEB5
[2937] [M]: 0x8001AC94 (0xFEB50CE3) beq a0, a1, 8184


mem[X,0x8001AC98] -> 0x0113
mem[X,0x8001AC9A] -> 0x0021
[2938] [M]: 0x8001AC98 (0x00210113) addi sp, sp, 2
x2 <- 0x00000002


mem[X,0x8001AC9C] -> 0x006F
mem[X,0x8001AC9E] -> 0x00C0
[2939] [M]: 0x8001AC9C (0x00C0006F) jal zero, 12


mem[X,0x8001ACA8] -> 0xA023
mem[X,0x8001ACAA] -> 0x4820
[2940] [M]: 0x8001ACA8 (0x4820A023) sw sp, 1152(ra)
mem[0x8003A5E8] <- 0x00000002


mem[X,0x8001ACAC] -> 0x5537
mem[X,0x8001ACAE] -> 0x5555
[2941] [M]: 0x8001ACAC (0x55555537) lui a0, 349525
x10 <- 0x55555000


mem[X,0x8001ACB0] -> 0x0513
mem[X,0x8001ACB2] -> 0x5545
[2942] [M]: 0x8001ACB0 (0x55450513) addi a0, a0, 1364
x10 <- 0x55555554


mem[X,0x8001ACB4] -> 0x55B7
mem[X,0x8001ACB6] -> 0x5555
[2943] [M]: 0x8001ACB4 (0x555555B7) lui a1, 349525
x11 <- 0x55555000


mem[X,0x8001ACB8] -> 0x8593
mem[X,0x8001ACBA] -> 0x5565
[2944] [M]: 0x8001ACB8 (0x55658593) addi a1, a1, 1366
x11 <- 0x55555556


mem[X,0x8001ACBC] -> 0x0113
mem[X,0x8001ACBE] -> 0x0000
[2945] [M]: 0x8001ACBC (0x00000113) addi sp, zero, 0
x2 <- 0x00000000


mem[X,0x8001ACC0] -> 0x006F
mem[X,0x8001ACC2] -> 0x00C0
[2946] [M]: 0x8001ACC0 (0x00C0006F) jal zero, 12


mem[X,0x8001ACCC] -> 0x0CE3
mem[X,0x8001ACCE] -> 0xFEB5
[2947] [M]: 0x8001ACCC (0xFEB50CE3) beq a0, a1, 8184


mem[X,0x8001ACD0] -> 0x0113
mem[X,0x8001ACD2] -> 0x0021
[2948] [M]: 0x8001ACD0 (0x00210113) addi sp, sp, 2
x2 <- 0x00000002


mem[X,0x8001ACD4] -> 0x006F
mem[X,0x8001ACD6] -> 0x00C0
[2949] [M]: 0x8001ACD4 (0x00C0006F) jal zero, 12


mem[X,0x8001ACE0] -> 0xA223
mem[X,0x8001ACE2] -> 0x4820
[2950] [M]: 0x8001ACE0 (0x4820A223) sw sp, 1156(ra)
mem[0x8003A5EC] <- 0x00000002


mem[X,0x8001ACE4] -> 0x5537
mem[X,0x8001ACE6] -> 0x5555
[2951] [M]: 0x8001ACE4 (0x55555537) lui a0, 349525
x10 <- 0x55555000


mem[X,0x8001ACE8] -> 0x0513
mem[X,0x8001ACEA] -> 0x5545
[2952] [M]: 0x8001ACE8 (0x55450513) addi a0, a0, 1364
x10 <- 0x55555554


mem[X,0x8001ACEC] -> 0xB5B7
mem[X,0x8001ACEE] -> 0xAAAA
[2953] [M]: 0x8001ACEC (0xAAAAB5B7) lui a1, 699051
x11 <- 0xAAAAB000


mem[X,0x8001ACF0] -> 0x8593
mem[X,0x8001ACF2] -> 0xAAB5
[2954] [M]: 0x8001ACF0 (0xAAB58593) addi a1, a1, 2731
x11 <- 0xAAAAAAAB


mem[X,0x8001ACF4] -> 0x0113
mem[X,0x8001ACF6] -> 0x0000
[2955] [M]: 0x8001ACF4 (0x00000113) addi sp, zero, 0
x2 <- 0x00000000


mem[X,0x8001ACF8] -> 0x006F
mem[X,0x8001ACFA] -> 0x00C0
[2956] [M]: 0x8001ACF8 (0x00C0006F) jal zero, 12


mem[X,0x8001AD04] -> 0x0063
mem[X,0x8001AD06] -> 0x10B5
[2957] [M]: 0x8001AD04 (0x10B50063) beq a0, a1, 256


mem[X,0x8001AD08] -> 0x0113
mem[X,0x8001AD0A] -> 0x0021
[2958] [M]: 0x8001AD08 (0x00210113) addi sp, sp, 2
x2 <- 0x00000002


mem[X,0x8001AD0C] -> 0x006F
mem[X,0x8001AD0E] -> 0x1000
[2959] [M]: 0x8001AD0C (0x1000006F) jal zero, 256


mem[X,0x8001AE0C] -> 0xA423
mem[X,0x8001AE0E] -> 0x4820
[2960] [M]: 0x8001AE0C (0x4820A423) sw sp, 1160(ra)
mem[0x8003A5F0] <- 0x00000002


mem[X,0x8001AE10] -> 0x5537
mem[X,0x8001AE12] -> 0x5555
[2961] [M]: 0x8001AE10 (0x55555537) lui a0, 349525
x10 <- 0x55555000


mem[X,0x8001AE14] -> 0x0513
mem[X,0x8001AE16] -> 0x5545
[2962] [M]: 0x8001AE14 (0x55450513) addi a0, a0, 1364
x10 <- 0x55555554


mem[X,0x8001AE18] -> 0x0593
mem[X,0x8001AE1A] -> 0x0060
[2963] [M]: 0x8001AE18 (0x00600593) addi a1, zero, 6
x11 <- 0x00000006


mem[X,0x8001AE1C] -> 0x0113
mem[X,0x8001AE1E] -> 0x0000
[2964] [M]: 0x8001AE1C (0x00000113) addi sp, zero, 0
x2 <- 0x00000000


mem[X,0x8001AE20] -> 0x006F
mem[X,0x8001AE22] -> 0x00C0
[2965] [M]: 0x8001AE20 (0x00C0006F) jal zero, 12


mem[X,0x8001AE2C] -> 0x0063
mem[X,0x8001AE2E] -> 0x20B5
[2966] [M]: 0x8001AE2C (0x20B50063) beq a0, a1, 512


mem[X,0x8001AE30] -> 0x0113
mem[X,0x8001AE32] -> 0x0021
[2967] [M]: 0x8001AE30 (0x00210113) addi sp, sp, 2
x2 <- 0x00000002


mem[X,0x8001AE34] -> 0x006F
mem[X,0x8001AE36] -> 0x2000
[2968] [M]: 0x8001AE34 (0x2000006F) jal zero, 512


mem[X,0x8001B034] -> 0xA623
mem[X,0x8001B036] -> 0x4820
[2969] [M]: 0x8001B034 (0x4820A623) sw sp, 1164(ra)
mem[0x8003A5F4] <- 0x00000002


mem[X,0x8001B038] -> 0x5537
mem[X,0x8001B03A] -> 0x5555
[2970] [M]: 0x8001B038 (0x55555537) lui a0, 349525
x10 <- 0x55555000


mem[X,0x8001B03C] -> 0x0513
mem[X,0x8001B03E] -> 0x5545
[2971] [M]: 0x8001B03C (0x55450513) addi a0, a0, 1364
x10 <- 0x55555554


mem[X,0x8001B040] -> 0x35B7
mem[X,0x8001B042] -> 0x3333
[2972] [M]: 0x8001B040 (0x333335B7) lui a1, 209715
x11 <- 0x33333000


mem[X,0x8001B044] -> 0x8593
mem[X,0x8001B046] -> 0x3345
[2973] [M]: 0x8001B044 (0x33458593) addi a1, a1, 820
x11 <- 0x33333334


mem[X,0x8001B048] -> 0x0113
mem[X,0x8001B04A] -> 0x0000
[2974] [M]: 0x8001B048 (0x00000113) addi sp, zero, 0
x2 <- 0x00000000


mem[X,0x8001B04C] -> 0x006F
mem[X,0x8001B04E] -> 0x00C0
[2975] [M]: 0x8001B04C (0x00C0006F) jal zero, 12


mem[X,0x8001B058] -> 0x0063
mem[X,0x8001B05A] -> 0x40B5
[2976] [M]: 0x8001B058 (0x40B50063) beq a0, a1, 1024


mem[X,0x8001B05C] -> 0x0113
mem[X,0x8001B05E] -> 0x0021
[2977] [M]: 0x8001B05C (0x00210113) addi sp, sp, 2
x2 <- 0x00000002


mem[X,0x8001B060] -> 0x006F
mem[X,0x8001B062] -> 0x4000
[2978] [M]: 0x8001B060 (0x4000006F) jal zero, 1024


mem[X,0x8001B460] -> 0xA823
mem[X,0x8001B462] -> 0x4820
[2979] [M]: 0x8001B460 (0x4820A823) sw sp, 1168(ra)
mem[0x8003A5F8] <- 0x00000002


mem[X,0x8001B464] -> 0x5537
mem[X,0x8001B466] -> 0x5555
[2980] [M]: 0x8001B464 (0x55555537) lui a0, 349525
x10 <- 0x55555000


mem[X,0x8001B468] -> 0x0513
mem[X,0x8001B46A] -> 0x5545
[2981] [M]: 0x8001B468 (0x55450513) addi a0, a0, 1364
x10 <- 0x55555554


mem[X,0x8001B46C] -> 0x65B7
mem[X,0x8001B46E] -> 0x6666
[2982] [M]: 0x8001B46C (0x666665B7) lui a1, 419430
x11 <- 0x66666000


mem[X,0x8001B470] -> 0x8593
mem[X,0x8001B472] -> 0x6675
[2983] [M]: 0x8001B470 (0x66758593) addi a1, a1, 1639
x11 <- 0x66666667


mem[X,0x8001B474] -> 0x0113
mem[X,0x8001B476] -> 0x0000
[2984] [M]: 0x8001B474 (0x00000113) addi sp, zero, 0
x2 <- 0x00000000


mem[X,0x8001B478] -> 0x006F
mem[X,0x8001B47A] -> 0x00C0
[2985] [M]: 0x8001B478 (0x00C0006F) jal zero, 12


mem[X,0x8001B484] -> 0x0CE3
mem[X,0x8001B486] -> 0xFEB5
[2986] [M]: 0x8001B484 (0xFEB50CE3) beq a0, a1, 8184


mem[X,0x8001B488] -> 0x0113
mem[X,0x8001B48A] -> 0x0021
[2987] [M]: 0x8001B488 (0x00210113) addi sp, sp, 2
x2 <- 0x00000002


mem[X,0x8001B48C] -> 0x006F
mem[X,0x8001B48E] -> 0x00C0
[2988] [M]: 0x8001B48C (0x00C0006F) jal zero, 12


mem[X,0x8001B498] -> 0xAA23
mem[X,0x8001B49A] -> 0x4820
[2989] [M]: 0x8001B498 (0x4820AA23) sw sp, 1172(ra)
mem[0x8003A5FC] <- 0x00000002


mem[X,0x8001B49C] -> 0x5537
mem[X,0x8001B49E] -> 0x5555
[2990] [M]: 0x8001B49C (0x55555537) lui a0, 349525
x10 <- 0x55555000


mem[X,0x8001B4A0] -> 0x0513
mem[X,0x8001B4A2] -> 0x5545
[2991] [M]: 0x8001B4A0 (0x55450513) addi a0, a0, 1364
x10 <- 0x55555554


mem[X,0x8001B4A4] -> 0x55B7
mem[X,0x8001B4A6] -> 0xFFFF
[2992] [M]: 0x8001B4A4 (0xFFFF55B7) lui a1, 1048565
x11 <- 0xFFFF5000


mem[X,0x8001B4A8] -> 0x8593
mem[X,0x8001B4AA] -> 0xAFD5
[2993] [M]: 0x8001B4A8 (0xAFD58593) addi a1, a1, 2813
x11 <- 0xFFFF4AFD


mem[X,0x8001B4AC] -> 0x0113
mem[X,0x8001B4AE] -> 0x0000
[2994] [M]: 0x8001B4AC (0x00000113) addi sp, zero, 0
x2 <- 0x00000000


mem[X,0x8001B4B0] -> 0x006F
mem[X,0x8001B4B2] -> 0x00C0
[2995] [M]: 0x8001B4B0 (0x00C0006F) jal zero, 12


mem[X,0x8001B4BC] -> 0x0CE3
mem[X,0x8001B4BE] -> 0xFEB5
[2996] [M]: 0x8001B4BC (0xFEB50CE3) beq a0, a1, 8184


mem[X,0x8001B4C0] -> 0x0113
mem[X,0x8001B4C2] -> 0x0021
[2997] [M]: 0x8001B4C0 (0x00210113) addi sp, sp, 2
x2 <- 0x00000002


mem[X,0x8001B4C4] -> 0x006F
mem[X,0x8001B4C6] -> 0x00C0
[2998] [M]: 0x8001B4C4 (0x00C0006F) jal zero, 12


mem[X,0x8001B4D0] -> 0xAC23
mem[X,0x8001B4D2] -> 0x4820
[2999] [M]: 0x8001B4D0 (0x4820AC23) sw sp, 1176(ra)
mem[0x8003A600] <- 0x00000002


clint::tick mtime <- 0x000000000000001E
 clint timer pending at mtime 0x000000000000001E
htif::tick 0x0000000000000000
mem[X,0x8001B4D4] -> 0x5537
mem[X,0x8001B4D6] -> 0x5555
[3000] [M]: 0x8001B4D4 (0x55555537) lui a0, 349525
x10 <- 0x55555000


mem[X,0x8001B4D8] -> 0x0513
mem[X,0x8001B4DA] -> 0x5545
[3001] [M]: 0x8001B4D8 (0x55450513) addi a0, a0, 1364
x10 <- 0x55555554


mem[X,0x8001B4DC] -> 0xB5B7
mem[X,0x8001B4DE] -> 0x0000
[3002] [M]: 0x8001B4DC (0x0000B5B7) lui a1, 11
x11 <- 0x0000B000


mem[X,0x8001B4E0] -> 0x8593
mem[X,0x8001B4E2] -> 0x5055
[3003] [M]: 0x8001B4E0 (0x50558593) addi a1, a1, 1285
x11 <- 0x0000B505


mem[X,0x8001B4E4] -> 0x0113
mem[X,0x8001B4E6] -> 0x0000
[3004] [M]: 0x8001B4E4 (0x00000113) addi sp, zero, 0
x2 <- 0x00000000


mem[X,0x8001B4E8] -> 0x006F
mem[X,0x8001B4EA] -> 0x00C0
[3005] [M]: 0x8001B4E8 (0x00C0006F) jal zero, 12


mem[X,0x8001B4F4] -> 0x0063
mem[X,0x8001B4F6] -> 0x04B5
[3006] [M]: 0x8001B4F4 (0x04B50063) beq a0, a1, 64


mem[X,0x8001B4F8] -> 0x0113
mem[X,0x8001B4FA] -> 0x0021
[3007] [M]: 0x8001B4F8 (0x00210113) addi sp, sp, 2
x2 <- 0x00000002


mem[X,0x8001B4FC] -> 0x006F
mem[X,0x8001B4FE] -> 0x0400
[3008] [M]: 0x8001B4FC (0x0400006F) jal zero, 64


mem[X,0x8001B53C] -> 0xAE23
mem[X,0x8001B53E] -> 0x4820
[3009] [M]: 0x8001B53C (0x4820AE23) sw sp, 1180(ra)
mem[0x8003A604] <- 0x00000002


mem[X,0x8001B540] -> 0x0513
mem[X,0x8001B542] -> 0x0000
[3010] [M]: 0x8001B540 (0x00000513) addi a0, zero, 0
x10 <- 0x00000000


mem[X,0x8001B544] -> 0x0593
mem[X,0x8001B546] -> 0x0030
[3011] [M]: 0x8001B544 (0x00300593) addi a1, zero, 3
x11 <- 0x00000003


mem[X,0x8001B548] -> 0x0113
mem[X,0x8001B54A] -> 0x0000
[3012] [M]: 0x8001B548 (0x00000113) addi sp, zero, 0
x2 <- 0x00000000


mem[X,0x8001B54C] -> 0x006F
mem[X,0x8001B54E] -> 0x00C0
[3013] [M]: 0x8001B54C (0x00C0006F) jal zero, 12


mem[X,0x8001B558] -> 0x0663
mem[X,0x8001B55A] -> 0x00B5
[3014] [M]: 0x8001B558 (0x00B50663) beq a0, a1, 12


mem[X,0x8001B55C] -> 0x0113
mem[X,0x8001B55E] -> 0x0021
[3015] [M]: 0x8001B55C (0x00210113) addi sp, sp, 2
x2 <- 0x00000002


mem[X,0x8001B560] -> 0x006F
mem[X,0x8001B562] -> 0x00C0
[3016] [M]: 0x8001B560 (0x00C0006F) jal zero, 12


mem[X,0x8001B56C] -> 0xA023
mem[X,0x8001B56E] -> 0x4A20
[3017] [M]: 0x8001B56C (0x4A20A023) sw sp, 1184(ra)
mem[0x8003A608] <- 0x00000002


mem[X,0x8001B570] -> 0x0513
mem[X,0x8001B572] -> 0x0000
[3018] [M]: 0x8001B570 (0x00000513) addi a0, zero, 0
x10 <- 0x00000000


mem[X,0x8001B574] -> 0x55B7
mem[X,0x8001B576] -> 0x5555
[3019] [M]: 0x8001B574 (0x555555B7) lui a1, 349525
x11 <- 0x55555000


mem[X,0x8001B578] -> 0x8593
mem[X,0x8001B57A] -> 0x5555
[3020] [M]: 0x8001B578 (0x55558593) addi a1, a1, 1365
x11 <- 0x55555555


mem[X,0x8001B57C] -> 0x0113
mem[X,0x8001B57E] -> 0x0000
[3021] [M]: 0x8001B57C (0x00000113) addi sp, zero, 0
x2 <- 0x00000000


mem[X,0x8001B580] -> 0x006F
mem[X,0x8001B582] -> 0x00C0
[3022] [M]: 0x8001B580 (0x00C0006F) jal zero, 12


mem[X,0x8001B58C] -> 0x0663
mem[X,0x8001B58E] -> 0x00B5
[3023] [M]: 0x8001B58C (0x00B50663) beq a0, a1, 12


mem[X,0x8001B590] -> 0x0113
mem[X,0x8001B592] -> 0x0021
[3024] [M]: 0x8001B590 (0x00210113) addi sp, sp, 2
x2 <- 0x00000002


mem[X,0x8001B594] -> 0x006F
mem[X,0x8001B596] -> 0x00C0
[3025] [M]: 0x8001B594 (0x00C0006F) jal zero, 12


mem[X,0x8001B5A0] -> 0xA223
mem[X,0x8001B5A2] -> 0x4A20
[3026] [M]: 0x8001B5A0 (0x4A20A223) sw sp, 1188(ra)
mem[0x8003A60C] <- 0x00000002


mem[X,0x8001B5A4] -> 0x0513
mem[X,0x8001B5A6] -> 0x0000
[3027] [M]: 0x8001B5A4 (0x00000513) addi a0, zero, 0
x10 <- 0x00000000


mem[X,0x8001B5A8] -> 0xB5B7
mem[X,0x8001B5AA] -> 0xAAAA
[3028] [M]: 0x8001B5A8 (0xAAAAB5B7) lui a1, 699051
x11 <- 0xAAAAB000


mem[X,0x8001B5AC] -> 0x8593
mem[X,0x8001B5AE] -> 0xAAA5
[3029] [M]: 0x8001B5AC (0xAAA58593) addi a1, a1, 2730
x11 <- 0xAAAAAAAA


mem[X,0x8001B5B0] -> 0x0113
mem[X,0x8001B5B2] -> 0x0000
[3030] [M]: 0x8001B5B0 (0x00000113) addi sp, zero, 0
x2 <- 0x00000000


mem[X,0x8001B5B4] -> 0x006F
mem[X,0x8001B5B6] -> 0x00C0
[3031] [M]: 0x8001B5B4 (0x00C0006F) jal zero, 12


mem[X,0x8001B5C0] -> 0x0063
mem[X,0x8001B5C2] -> 0x40B5
[3032] [M]: 0x8001B5C0 (0x40B50063) beq a0, a1, 1024


mem[X,0x8001B5C4] -> 0x0113
mem[X,0x8001B5C6] -> 0x0021
[3033] [M]: 0x8001B5C4 (0x00210113) addi sp, sp, 2
x2 <- 0x00000002


mem[X,0x8001B5C8] -> 0x006F
mem[X,0x8001B5CA] -> 0x4000
[3034] [M]: 0x8001B5C8 (0x4000006F) jal zero, 1024


mem[X,0x8001B9C8] -> 0xA423
mem[X,0x8001B9CA] -> 0x4A20
[3035] [M]: 0x8001B9C8 (0x4A20A423) sw sp, 1192(ra)
mem[0x8003A610] <- 0x00000002


mem[X,0x8001B9CC] -> 0x0513
mem[X,0x8001B9CE] -> 0x0000
[3036] [M]: 0x8001B9CC (0x00000513) addi a0, zero, 0
x10 <- 0x00000000


mem[X,0x8001B9D0] -> 0x0593
mem[X,0x8001B9D2] -> 0x0050
[3037] [M]: 0x8001B9D0 (0x00500593) addi a1, zero, 5
x11 <- 0x00000005


mem[X,0x8001B9D4] -> 0x0113
mem[X,0x8001B9D6] -> 0x0000
[3038] [M]: 0x8001B9D4 (0x00000113) addi sp, zero, 0
x2 <- 0x00000000


mem[X,0x8001B9D8] -> 0x006F
mem[X,0x8001B9DA] -> 0x00C0
[3039] [M]: 0x8001B9D8 (0x00C0006F) jal zero, 12


mem[X,0x8001B9E4] -> 0x0063
mem[X,0x8001B9E6] -> 0x04B5
[3040] [M]: 0x8001B9E4 (0x04B50063) beq a0, a1, 64


mem[X,0x8001B9E8] -> 0x0113
mem[X,0x8001B9EA] -> 0x0021
[3041] [M]: 0x8001B9E8 (0x00210113) addi sp, sp, 2
x2 <- 0x00000002


mem[X,0x8001B9EC] -> 0x006F
mem[X,0x8001B9EE] -> 0x0400
[3042] [M]: 0x8001B9EC (0x0400006F) jal zero, 64


mem[X,0x8001BA2C] -> 0xA623
mem[X,0x8001BA2E] -> 0x4A20
[3043] [M]: 0x8001BA2C (0x4A20A623) sw sp, 1196(ra)
mem[0x8003A614] <- 0x00000002


mem[X,0x8001BA30] -> 0x0513
mem[X,0x8001BA32] -> 0x0000
[3044] [M]: 0x8001BA30 (0x00000513) addi a0, zero, 0
x10 <- 0x00000000


mem[X,0x8001BA34] -> 0x35B7
mem[X,0x8001BA36] -> 0x3333
[3045] [M]: 0x8001BA34 (0x333335B7) lui a1, 209715
x11 <- 0x33333000


mem[X,0x8001BA38] -> 0x8593
mem[X,0x8001BA3A] -> 0x3335
[3046] [M]: 0x8001BA38 (0x33358593) addi a1, a1, 819
x11 <- 0x33333333


mem[X,0x8001BA3C] -> 0x0113
mem[X,0x8001BA3E] -> 0x0000
[3047] [M]: 0x8001BA3C (0x00000113) addi sp, zero, 0
x2 <- 0x00000000


mem[X,0x8001BA40] -> 0x006F
mem[X,0x8001BA42] -> 0x00C0
[3048] [M]: 0x8001BA40 (0x00C0006F) jal zero, 12


mem[X,0x8001BA4C] -> 0x0063
mem[X,0x8001BA4E] -> 0x04B5
[3049] [M]: 0x8001BA4C (0x04B50063) beq a0, a1, 64


mem[X,0x8001BA50] -> 0x0113
mem[X,0x8001BA52] -> 0x0021
[3050] [M]: 0x8001BA50 (0x00210113) addi sp, sp, 2
x2 <- 0x00000002


mem[X,0x8001BA54] -> 0x006F
mem[X,0x8001BA56] -> 0x0400
[3051] [M]: 0x8001BA54 (0x0400006F) jal zero, 64


mem[X,0x8001BA94] -> 0xA823
mem[X,0x8001BA96] -> 0x4A20
[3052] [M]: 0x8001BA94 (0x4A20A823) sw sp, 1200(ra)
mem[0x8003A618] <- 0x00000002


mem[X,0x8001BA98] -> 0x0513
mem[X,0x8001BA9A] -> 0x0000
[3053] [M]: 0x8001BA98 (0x00000513) addi a0, zero, 0
x10 <- 0x00000000


mem[X,0x8001BA9C] -> 0x65B7
mem[X,0x8001BA9E] -> 0x6666
[3054] [M]: 0x8001BA9C (0x666665B7) lui a1, 419430
x11 <- 0x66666000


mem[X,0x8001BAA0] -> 0x8593
mem[X,0x8001BAA2] -> 0x6665
[3055] [M]: 0x8001BAA0 (0x66658593) addi a1, a1, 1638
x11 <- 0x66666666


mem[X,0x8001BAA4] -> 0x0113
mem[X,0x8001BAA6] -> 0x0000
[3056] [M]: 0x8001BAA4 (0x00000113) addi sp, zero, 0
x2 <- 0x00000000


mem[X,0x8001BAA8] -> 0x006F
mem[X,0x8001BAAA] -> 0x00C0
[3057] [M]: 0x8001BAA8 (0x00C0006F) jal zero, 12


mem[X,0x8001BAB4] -> 0x0CE3
mem[X,0x8001BAB6] -> 0xFEB5
[3058] [M]: 0x8001BAB4 (0xFEB50CE3) beq a0, a1, 8184


mem[X,0x8001BAB8] -> 0x0113
mem[X,0x8001BABA] -> 0x0021
[3059] [M]: 0x8001BAB8 (0x00210113) addi sp, sp, 2
x2 <- 0x00000002


mem[X,0x8001BABC] -> 0x006F
mem[X,0x8001BABE] -> 0x00C0
[3060] [M]: 0x8001BABC (0x00C0006F) jal zero, 12


mem[X,0x8001BAC8] -> 0xAA23
mem[X,0x8001BACA] -> 0x4A20
[3061] [M]: 0x8001BAC8 (0x4A20AA23) sw sp, 1204(ra)
mem[0x8003A61C] <- 0x00000002


mem[X,0x8001BACC] -> 0x0513
mem[X,0x8001BACE] -> 0x0000
[3062] [M]: 0x8001BACC (0x00000513) addi a0, zero, 0
x10 <- 0x00000000


mem[X,0x8001BAD0] -> 0x55B7
mem[X,0x8001BAD2] -> 0xFFFF
[3063] [M]: 0x8001BAD0 (0xFFFF55B7) lui a1, 1048565
x11 <- 0xFFFF5000


mem[X,0x8001BAD4] -> 0x8593
mem[X,0x8001BAD6] -> 0xAFC5
[3064] [M]: 0x8001BAD4 (0xAFC58593) addi a1, a1, 2812
x11 <- 0xFFFF4AFC


mem[X,0x8001BAD8] -> 0x0113
mem[X,0x8001BADA] -> 0x0000
[3065] [M]: 0x8001BAD8 (0x00000113) addi sp, zero, 0
x2 <- 0x00000000


mem[X,0x8001BADC] -> 0x006F
mem[X,0x8001BADE] -> 0x00C0
[3066] [M]: 0x8001BADC (0x00C0006F) jal zero, 12


mem[X,0x8001BAE8] -> 0x0663
mem[X,0x8001BAEA] -> 0x00B5
[3067] [M]: 0x8001BAE8 (0x00B50663) beq a0, a1, 12


mem[X,0x8001BAEC] -> 0x0113
mem[X,0x8001BAEE] -> 0x0021
[3068] [M]: 0x8001BAEC (0x00210113) addi sp, sp, 2
x2 <- 0x00000002


mem[X,0x8001BAF0] -> 0x006F
mem[X,0x8001BAF2] -> 0x00C0
[3069] [M]: 0x8001BAF0 (0x00C0006F) jal zero, 12


mem[X,0x8001BAFC] -> 0xAC23
mem[X,0x8001BAFE] -> 0x4A20
[3070] [M]: 0x8001BAFC (0x4A20AC23) sw sp, 1208(ra)
mem[0x8003A620] <- 0x00000002


mem[X,0x8001BB00] -> 0x0513
mem[X,0x8001BB02] -> 0x0000
[3071] [M]: 0x8001BB00 (0x00000513) addi a0, zero, 0
x10 <- 0x00000000


mem[X,0x8001BB04] -> 0xB5B7
mem[X,0x8001BB06] -> 0x0000
[3072] [M]: 0x8001BB04 (0x0000B5B7) lui a1, 11
x11 <- 0x0000B000


mem[X,0x8001BB08] -> 0x8593
mem[X,0x8001BB0A] -> 0x5045
[3073] [M]: 0x8001BB08 (0x50458593) addi a1, a1, 1284
x11 <- 0x0000B504


mem[X,0x8001BB0C] -> 0x0113
mem[X,0x8001BB0E] -> 0x0000
[3074] [M]: 0x8001BB0C (0x00000113) addi sp, zero, 0
x2 <- 0x00000000


mem[X,0x8001BB10] -> 0x006F
mem[X,0x8001BB12] -> 0x0100
[3075] [M]: 0x8001BB10 (0x0100006F) jal zero, 16


mem[X,0x8001BB20] -> 0x0AE3
mem[X,0x8001BB22] -> 0xFEB5
[3076] [M]: 0x8001BB20 (0xFEB50AE3) beq a0, a1, 8180


mem[X,0x8001BB24] -> 0x0113
mem[X,0x8001BB26] -> 0x0021
[3077] [M]: 0x8001BB24 (0x00210113) addi sp, sp, 2
x2 <- 0x00000002


mem[X,0x8001BB28] -> 0x006F
mem[X,0x8001BB2A] -> 0x00C0
[3078] [M]: 0x8001BB28 (0x00C0006F) jal zero, 12


mem[X,0x8001BB34] -> 0xAE23
mem[X,0x8001BB36] -> 0x4A20
[3079] [M]: 0x8001BB34 (0x4A20AE23) sw sp, 1212(ra)
mem[0x8003A624] <- 0x00000002


mem[X,0x8001BB38] -> 0xB537
mem[X,0x8001BB3A] -> 0xAAAA
[3080] [M]: 0x8001BB38 (0xAAAAB537) lui a0, 699051
x10 <- 0xAAAAB000


mem[X,0x8001BB3C] -> 0x0513
mem[X,0x8001BB3E] -> 0xAAB5
[3081] [M]: 0x8001BB3C (0xAAB50513) addi a0, a0, 2731
x10 <- 0xAAAAAAAB


mem[X,0x8001BB40] -> 0x35B7
mem[X,0x8001BB42] -> 0x3333
[3082] [M]: 0x8001BB40 (0x333335B7) lui a1, 209715
x11 <- 0x33333000


mem[X,0x8001BB44] -> 0x8593
mem[X,0x8001BB46] -> 0x3345
[3083] [M]: 0x8001BB44 (0x33458593) addi a1, a1, 820
x11 <- 0x33333334


mem[X,0x8001BB48] -> 0x0113
mem[X,0x8001BB4A] -> 0x0000
[3084] [M]: 0x8001BB48 (0x00000113) addi sp, zero, 0
x2 <- 0x00000000


mem[X,0x8001BB4C] -> 0x006F
mem[X,0x8001BB4E] -> 0x2B10
[3085] [M]: 0x8001BB4C (0x2B10006F) jal zero, 2736


mem[X,0x8001C5FC] -> 0x0A63
mem[X,0x8001C5FE] -> 0xD4B5
[3086] [M]: 0x8001C5FC (0xD4B50A63) beq a0, a1, 5460


mem[X,0x8001C600] -> 0x0113
mem[X,0x8001C602] -> 0x0021
[3087] [M]: 0x8001C600 (0x00210113) addi sp, sp, 2
x2 <- 0x00000002


mem[X,0x8001C604] -> 0x006F
mem[X,0x8001C606] -> 0x00C0
[3088] [M]: 0x8001C604 (0x00C0006F) jal zero, 12


mem[X,0x8001C610] -> 0xA023
mem[X,0x8001C612] -> 0x4C20
[3089] [M]: 0x8001C610 (0x4C20A023) sw sp, 1216(ra)
mem[0x8003A628] <- 0x00000002


mem[X,0x8001C614] -> 0xB537
mem[X,0x8001C616] -> 0xAAAA
[3090] [M]: 0x8001C614 (0xAAAAB537) lui a0, 699051
x10 <- 0xAAAAB000


mem[X,0x8001C618] -> 0x0513
mem[X,0x8001C61A] -> 0xAAB5
[3091] [M]: 0x8001C618 (0xAAB50513) addi a0, a0, 2731
x10 <- 0xAAAAAAAB


mem[X,0x8001C61C] -> 0x65B7
mem[X,0x8001C61E] -> 0x6666
[3092] [M]: 0x8001C61C (0x666665B7) lui a1, 419430
x11 <- 0x66666000


mem[X,0x8001C620] -> 0x8593
mem[X,0x8001C622] -> 0x6675
[3093] [M]: 0x8001C620 (0x66758593) addi a1, a1, 1639
x11 <- 0x66666667


mem[X,0x8001C624] -> 0x0113
mem[X,0x8001C626] -> 0x0000
[3094] [M]: 0x8001C624 (0x00000113) addi sp, zero, 0
x2 <- 0x00000000


mem[X,0x8001C628] -> 0x006F
mem[X,0x8001C62A] -> 0x00C0
[3095] [M]: 0x8001C628 (0x00C0006F) jal zero, 12


mem[X,0x8001C634] -> 0x0663
mem[X,0x8001C636] -> 0x00B5
[3096] [M]: 0x8001C634 (0x00B50663) beq a0, a1, 12


mem[X,0x8001C638] -> 0x0113
mem[X,0x8001C63A] -> 0x0021
[3097] [M]: 0x8001C638 (0x00210113) addi sp, sp, 2
x2 <- 0x00000002


mem[X,0x8001C63C] -> 0x006F
mem[X,0x8001C63E] -> 0x00C0
[3098] [M]: 0x8001C63C (0x00C0006F) jal zero, 12


mem[X,0x8001C648] -> 0xA223
mem[X,0x8001C64A] -> 0x4C20
[3099] [M]: 0x8001C648 (0x4C20A223) sw sp, 1220(ra)
mem[0x8003A62C] <- 0x00000002


clint::tick mtime <- 0x000000000000001F
 clint timer pending at mtime 0x000000000000001F
htif::tick 0x0000000000000000
mem[X,0x8001C64C] -> 0xB537
mem[X,0x8001C64E] -> 0xAAAA
[3100] [M]: 0x8001C64C (0xAAAAB537) lui a0, 699051
x10 <- 0xAAAAB000


mem[X,0x8001C650] -> 0x0513
mem[X,0x8001C652] -> 0xAAB5
[3101] [M]: 0x8001C650 (0xAAB50513) addi a0, a0, 2731
x10 <- 0xAAAAAAAB


mem[X,0x8001C654] -> 0x55B7
mem[X,0x8001C656] -> 0xFFFF
[3102] [M]: 0x8001C654 (0xFFFF55B7) lui a1, 1048565
x11 <- 0xFFFF5000


mem[X,0x8001C658] -> 0x8593
mem[X,0x8001C65A] -> 0xAFD5
[3103] [M]: 0x8001C658 (0xAFD58593) addi a1, a1, 2813
x11 <- 0xFFFF4AFD


mem[X,0x8001C65C] -> 0x0113
mem[X,0x8001C65E] -> 0x0000
[3104] [M]: 0x8001C65C (0x00000113) addi sp, zero, 0
x2 <- 0x00000000


mem[X,0x8001C660] -> 0x006F
mem[X,0x8001C662] -> 0x00C0
[3105] [M]: 0x8001C660 (0x00C0006F) jal zero, 12


mem[X,0x8001C66C] -> 0x0063
mem[X,0x8001C66E] -> 0x20B5
[3106] [M]: 0x8001C66C (0x20B50063) beq a0, a1, 512


mem[X,0x8001C670] -> 0x0113
mem[X,0x8001C672] -> 0x0021
[3107] [M]: 0x8001C670 (0x00210113) addi sp, sp, 2
x2 <- 0x00000002


mem[X,0x8001C674] -> 0x006F
mem[X,0x8001C676] -> 0x2000
[3108] [M]: 0x8001C674 (0x2000006F) jal zero, 512


mem[X,0x8001C874] -> 0xA423
mem[X,0x8001C876] -> 0x4C20
[3109] [M]: 0x8001C874 (0x4C20A423) sw sp, 1224(ra)
mem[0x8003A630] <- 0x00000002


mem[X,0x8001C878] -> 0xB537
mem[X,0x8001C87A] -> 0xAAAA
[3110] [M]: 0x8001C878 (0xAAAAB537) lui a0, 699051
x10 <- 0xAAAAB000


mem[X,0x8001C87C] -> 0x0513
mem[X,0x8001C87E] -> 0xAAB5
[3111] [M]: 0x8001C87C (0xAAB50513) addi a0, a0, 2731
x10 <- 0xAAAAAAAB


mem[X,0x8001C880] -> 0xB5B7
mem[X,0x8001C882] -> 0x0000
[3112] [M]: 0x8001C880 (0x0000B5B7) lui a1, 11
x11 <- 0x0000B000


mem[X,0x8001C884] -> 0x8593
mem[X,0x8001C886] -> 0x5055
[3113] [M]: 0x8001C884 (0x50558593) addi a1, a1, 1285
x11 <- 0x0000B505


mem[X,0x8001C888] -> 0x0113
mem[X,0x8001C88A] -> 0x0000
[3114] [M]: 0x8001C888 (0x00000113) addi sp, zero, 0
x2 <- 0x00000000


mem[X,0x8001C88C] -> 0x006F
mem[X,0x8001C88E] -> 0x00C0
[3115] [M]: 0x8001C88C (0x00C0006F) jal zero, 12


mem[X,0x8001C898] -> 0x0063
mem[X,0x8001C89A] -> 0x20B5
[3116] [M]: 0x8001C898 (0x20B50063) beq a0, a1, 512


mem[X,0x8001C89C] -> 0x0113
mem[X,0x8001C89E] -> 0x0021
[3117] [M]: 0x8001C89C (0x00210113) addi sp, sp, 2
x2 <- 0x00000002


mem[X,0x8001C8A0] -> 0x006F
mem[X,0x8001C8A2] -> 0x2000
[3118] [M]: 0x8001C8A0 (0x2000006F) jal zero, 512


mem[X,0x8001CAA0] -> 0xA623
mem[X,0x8001CAA2] -> 0x4C20
[3119] [M]: 0x8001CAA0 (0x4C20A623) sw sp, 1228(ra)
mem[0x8003A634] <- 0x00000002


mem[X,0x8001CAA4] -> 0x0513
mem[X,0x8001CAA6] -> 0x0060
[3120] [M]: 0x8001CAA4 (0x00600513) addi a0, zero, 6
x10 <- 0x00000006


mem[X,0x8001CAA8] -> 0x0593
mem[X,0x8001CAAA] -> 0x0030
[3121] [M]: 0x8001CAA8 (0x00300593) addi a1, zero, 3
x11 <- 0x00000003


mem[X,0x8001CAAC] -> 0x0113
mem[X,0x8001CAAE] -> 0x0000
[3122] [M]: 0x8001CAAC (0x00000113) addi sp, zero, 0
x2 <- 0x00000000


mem[X,0x8001CAB0] -> 0x006F
mem[X,0x8001CAB2] -> 0x00C0
[3123] [M]: 0x8001CAB0 (0x00C0006F) jal zero, 12


mem[X,0x8001CABC] -> 0x0063
mem[X,0x8001CABE] -> 0x40B5
[3124] [M]: 0x8001CABC (0x40B50063) beq a0, a1, 1024


mem[X,0x8001CAC0] -> 0x0113
mem[X,0x8001CAC2] -> 0x0021
[3125] [M]: 0x8001CAC0 (0x00210113) addi sp, sp, 2
x2 <- 0x00000002


mem[X,0x8001CAC4] -> 0x006F
mem[X,0x8001CAC6] -> 0x4000
[3126] [M]: 0x8001CAC4 (0x4000006F) jal zero, 1024


mem[X,0x8001CEC4] -> 0xA823
mem[X,0x8001CEC6] -> 0x4C20
[3127] [M]: 0x8001CEC4 (0x4C20A823) sw sp, 1232(ra)
mem[0x8003A638] <- 0x00000002


mem[X,0x8001CEC8] -> 0x0513
mem[X,0x8001CECA] -> 0x0060
[3128] [M]: 0x8001CEC8 (0x00600513) addi a0, zero, 6
x10 <- 0x00000006


mem[X,0x8001CECC] -> 0x55B7
mem[X,0x8001CECE] -> 0x5555
[3129] [M]: 0x8001CECC (0x555555B7) lui a1, 349525
x11 <- 0x55555000


mem[X,0x8001CED0] -> 0x8593
mem[X,0x8001CED2] -> 0x5555
[3130] [M]: 0x8001CED0 (0x55558593) addi a1, a1, 1365
x11 <- 0x55555555


mem[X,0x8001CED4] -> 0x0113
mem[X,0x8001CED6] -> 0x0000
[3131] [M]: 0x8001CED4 (0x00000113) addi sp, zero, 0
x2 <- 0x00000000


mem[X,0x8001CED8] -> 0x006F
mem[X,0x8001CEDA] -> 0x2B10
[3132] [M]: 0x8001CED8 (0x2B10006F) jal zero, 2736


mem[X,0x8001D988] -> 0x0A63
mem[X,0x8001D98A] -> 0xD4B5
[3133] [M]: 0x8001D988 (0xD4B50A63) beq a0, a1, 5460


mem[X,0x8001D98C] -> 0x0113
mem[X,0x8001D98E] -> 0x0021
[3134] [M]: 0x8001D98C (0x00210113) addi sp, sp, 2
x2 <- 0x00000002


mem[X,0x8001D990] -> 0x006F
mem[X,0x8001D992] -> 0x00C0
[3135] [M]: 0x8001D990 (0x00C0006F) jal zero, 12


mem[X,0x8001D99C] -> 0xAA23
mem[X,0x8001D99E] -> 0x4C20
[3136] [M]: 0x8001D99C (0x4C20AA23) sw sp, 1236(ra)
mem[0x8003A63C] <- 0x00000002


mem[X,0x8001D9A0] -> 0x0513
mem[X,0x8001D9A2] -> 0x0060
[3137] [M]: 0x8001D9A0 (0x00600513) addi a0, zero, 6
x10 <- 0x00000006


mem[X,0x8001D9A4] -> 0xB5B7
mem[X,0x8001D9A6] -> 0xAAAA
[3138] [M]: 0x8001D9A4 (0xAAAAB5B7) lui a1, 699051
x11 <- 0xAAAAB000


mem[X,0x8001D9A8] -> 0x8593
mem[X,0x8001D9AA] -> 0xAAA5
[3139] [M]: 0x8001D9A8 (0xAAA58593) addi a1, a1, 2730
x11 <- 0xAAAAAAAA


mem[X,0x8001D9AC] -> 0x0113
mem[X,0x8001D9AE] -> 0x0000
[3140] [M]: 0x8001D9AC (0x00000113) addi sp, zero, 0
x2 <- 0x00000000


mem[X,0x8001D9B0] -> 0x006F
mem[X,0x8001D9B2] -> 0x0100
[3141] [M]: 0x8001D9B0 (0x0100006F) jal zero, 16


mem[X,0x8001D9C0] -> 0x0AE3
mem[X,0x8001D9C2] -> 0xFEB5
[3142] [M]: 0x8001D9C0 (0xFEB50AE3) beq a0, a1, 8180


mem[X,0x8001D9C4] -> 0x0113
mem[X,0x8001D9C6] -> 0x0021
[3143] [M]: 0x8001D9C4 (0x00210113) addi sp, sp, 2
x2 <- 0x00000002


mem[X,0x8001D9C8] -> 0x006F
mem[X,0x8001D9CA] -> 0x00C0
[3144] [M]: 0x8001D9C8 (0x00C0006F) jal zero, 12


mem[X,0x8001D9D4] -> 0xAC23
mem[X,0x8001D9D6] -> 0x4C20
[3145] [M]: 0x8001D9D4 (0x4C20AC23) sw sp, 1240(ra)
mem[0x8003A640] <- 0x00000002


mem[X,0x8001D9D8] -> 0x0513
mem[X,0x8001D9DA] -> 0x0060
[3146] [M]: 0x8001D9D8 (0x00600513) addi a0, zero, 6
x10 <- 0x00000006


mem[X,0x8001D9DC] -> 0x0593
mem[X,0x8001D9DE] -> 0x0050
[3147] [M]: 0x8001D9DC (0x00500593) addi a1, zero, 5
x11 <- 0x00000005


mem[X,0x8001D9E0] -> 0x0113
mem[X,0x8001D9E2] -> 0x0000
[3148] [M]: 0x8001D9E0 (0x00000113) addi sp, zero, 0
x2 <- 0x00000000


mem[X,0x8001D9E4] -> 0x006F
mem[X,0x8001D9E6] -> 0x0050
[3149] [M]: 0x8001D9E4 (0x0050006F) jal zero, 2052


mem[X,0x8001E1E8] -> 0x00E3
mem[X,0x8001E1EA] -> 0x80B5
[3150] [M]: 0x8001E1E8 (0x80B500E3) beq a0, a1, 6144


mem[X,0x8001E1EC] -> 0x0113
mem[X,0x8001E1EE] -> 0x0021
[3151] [M]: 0x8001E1EC (0x00210113) addi sp, sp, 2
x2 <- 0x00000002


mem[X,0x8001E1F0] -> 0x006F
mem[X,0x8001E1F2] -> 0x00C0
[3152] [M]: 0x8001E1F0 (0x00C0006F) jal zero, 12


mem[X,0x8001E1FC] -> 0xAE23
mem[X,0x8001E1FE] -> 0x4C20
[3153] [M]: 0x8001E1FC (0x4C20AE23) sw sp, 1244(ra)
mem[0x8003A644] <- 0x00000002


mem[X,0x8001E200] -> 0x0513
mem[X,0x8001E202] -> 0x0060
[3154] [M]: 0x8001E200 (0x00600513) addi a0, zero, 6
x10 <- 0x00000006


mem[X,0x8001E204] -> 0x35B7
mem[X,0x8001E206] -> 0x3333
[3155] [M]: 0x8001E204 (0x333335B7) lui a1, 209715
x11 <- 0x33333000


mem[X,0x8001E208] -> 0x8593
mem[X,0x8001E20A] -> 0x3335
[3156] [M]: 0x8001E208 (0x33358593) addi a1, a1, 819
x11 <- 0x33333333


mem[X,0x8001E20C] -> 0x0113
mem[X,0x8001E20E] -> 0x0000
[3157] [M]: 0x8001E20C (0x00000113) addi sp, zero, 0
x2 <- 0x00000000


mem[X,0x8001E210] -> 0x006F
mem[X,0x8001E212] -> 0x00C0
[3158] [M]: 0x8001E210 (0x00C0006F) jal zero, 12


mem[X,0x8001E21C] -> 0x0663
mem[X,0x8001E21E] -> 0x00B5
[3159] [M]: 0x8001E21C (0x00B50663) beq a0, a1, 12


mem[X,0x8001E220] -> 0x0113
mem[X,0x8001E222] -> 0x0021
[3160] [M]: 0x8001E220 (0x00210113) addi sp, sp, 2
x2 <- 0x00000002


mem[X,0x8001E224] -> 0x006F
mem[X,0x8001E226] -> 0x00C0
[3161] [M]: 0x8001E224 (0x00C0006F) jal zero, 12


mem[X,0x8001E230] -> 0xA023
mem[X,0x8001E232] -> 0x4E20
[3162] [M]: 0x8001E230 (0x4E20A023) sw sp, 1248(ra)
mem[0x8003A648] <- 0x00000002


mem[X,0x8001E234] -> 0x0513
mem[X,0x8001E236] -> 0x0060
[3163] [M]: 0x8001E234 (0x00600513) addi a0, zero, 6
x10 <- 0x00000006


mem[X,0x8001E238] -> 0x65B7
mem[X,0x8001E23A] -> 0x6666
[3164] [M]: 0x8001E238 (0x666665B7) lui a1, 419430
x11 <- 0x66666000


mem[X,0x8001E23C] -> 0x8593
mem[X,0x8001E23E] -> 0x6665
[3165] [M]: 0x8001E23C (0x66658593) addi a1, a1, 1638
x11 <- 0x66666666


mem[X,0x8001E240] -> 0x0113
mem[X,0x8001E242] -> 0x0000
[3166] [M]: 0x8001E240 (0x00000113) addi sp, zero, 0
x2 <- 0x00000000


mem[X,0x8001E244] -> 0x006F
mem[X,0x8001E246] -> 0x0050
[3167] [M]: 0x8001E244 (0x0050006F) jal zero, 2052


mem[X,0x8001EA48] -> 0x00E3
mem[X,0x8001EA4A] -> 0x80B5
[3168] [M]: 0x8001EA48 (0x80B500E3) beq a0, a1, 6144


mem[X,0x8001EA4C] -> 0x0113
mem[X,0x8001EA4E] -> 0x0021
[3169] [M]: 0x8001EA4C (0x00210113) addi sp, sp, 2
x2 <- 0x00000002


mem[X,0x8001EA50] -> 0x006F
mem[X,0x8001EA52] -> 0x00C0
[3170] [M]: 0x8001EA50 (0x00C0006F) jal zero, 12


mem[X,0x8001EA5C] -> 0xA223
mem[X,0x8001EA5E] -> 0x4E20
[3171] [M]: 0x8001EA5C (0x4E20A223) sw sp, 1252(ra)
mem[0x8003A64C] <- 0x00000002


mem[X,0x8001EA60] -> 0x0513
mem[X,0x8001EA62] -> 0x0060
[3172] [M]: 0x8001EA60 (0x00600513) addi a0, zero, 6
x10 <- 0x00000006


mem[X,0x8001EA64] -> 0x55B7
mem[X,0x8001EA66] -> 0xFFFF
[3173] [M]: 0x8001EA64 (0xFFFF55B7) lui a1, 1048565
x11 <- 0xFFFF5000


mem[X,0x8001EA68] -> 0x8593
mem[X,0x8001EA6A] -> 0xAFC5
[3174] [M]: 0x8001EA68 (0xAFC58593) addi a1, a1, 2812
x11 <- 0xFFFF4AFC


mem[X,0x8001EA6C] -> 0x0113
mem[X,0x8001EA6E] -> 0x0000
[3175] [M]: 0x8001EA6C (0x00000113) addi sp, zero, 0
x2 <- 0x00000000


mem[X,0x8001EA70] -> 0x006F
mem[X,0x8001EA72] -> 0x00C0
[3176] [M]: 0x8001EA70 (0x00C0006F) jal zero, 12


mem[X,0x8001EA7C] -> 0x0063
mem[X,0x8001EA7E] -> 0x08B5
[3177] [M]: 0x8001EA7C (0x08B50063) beq a0, a1, 128


mem[X,0x8001EA80] -> 0x0113
mem[X,0x8001EA82] -> 0x0021
[3178] [M]: 0x8001EA80 (0x00210113) addi sp, sp, 2
x2 <- 0x00000002


mem[X,0x8001EA84] -> 0x006F
mem[X,0x8001EA86] -> 0x0800
[3179] [M]: 0x8001EA84 (0x0800006F) jal zero, 128


mem[X,0x8001EB04] -> 0xA423
mem[X,0x8001EB06] -> 0x4E20
[3180] [M]: 0x8001EB04 (0x4E20A423) sw sp, 1256(ra)
mem[0x8003A650] <- 0x00000002


mem[X,0x8001EB08] -> 0x0513
mem[X,0x8001EB0A] -> 0x0060
[3181] [M]: 0x8001EB08 (0x00600513) addi a0, zero, 6
x10 <- 0x00000006


mem[X,0x8001EB0C] -> 0xB5B7
mem[X,0x8001EB0E] -> 0x0000
[3182] [M]: 0x8001EB0C (0x0000B5B7) lui a1, 11
x11 <- 0x0000B000


mem[X,0x8001EB10] -> 0x8593
mem[X,0x8001EB12] -> 0x5045
[3183] [M]: 0x8001EB10 (0x50458593) addi a1, a1, 1284
x11 <- 0x0000B504


mem[X,0x8001EB14] -> 0x0113
mem[X,0x8001EB16] -> 0x0000
[3184] [M]: 0x8001EB14 (0x00000113) addi sp, zero, 0
x2 <- 0x00000000


mem[X,0x8001EB18] -> 0x006F
mem[X,0x8001EB1A] -> 0x00C0
[3185] [M]: 0x8001EB18 (0x00C0006F) jal zero, 12


mem[X,0x8001EB24] -> 0x0063
mem[X,0x8001EB26] -> 0x04B5
[3186] [M]: 0x8001EB24 (0x04B50063) beq a0, a1, 64


mem[X,0x8001EB28] -> 0x0113
mem[X,0x8001EB2A] -> 0x0021
[3187] [M]: 0x8001EB28 (0x00210113) addi sp, sp, 2
x2 <- 0x00000002


mem[X,0x8001EB2C] -> 0x006F
mem[X,0x8001EB2E] -> 0x0400
[3188] [M]: 0x8001EB2C (0x0400006F) jal zero, 64


mem[X,0x8001EB6C] -> 0xA623
mem[X,0x8001EB6E] -> 0x4E20
[3189] [M]: 0x8001EB6C (0x4E20A623) sw sp, 1260(ra)
mem[0x8003A654] <- 0x00000002


mem[X,0x8001EB70] -> 0x0513
mem[X,0x8001EB72] -> 0x0060
[3190] [M]: 0x8001EB70 (0x00600513) addi a0, zero, 6
x10 <- 0x00000006


mem[X,0x8001EB74] -> 0x0593
mem[X,0x8001EB76] -> 0x0020
[3191] [M]: 0x8001EB74 (0x00200593) addi a1, zero, 2
x11 <- 0x00000002


mem[X,0x8001EB78] -> 0x0113
mem[X,0x8001EB7A] -> 0x0000
[3192] [M]: 0x8001EB78 (0x00000113) addi sp, zero, 0
x2 <- 0x00000000


mem[X,0x8001EB7C] -> 0x006F
mem[X,0x8001EB7E] -> 0x00C0
[3193] [M]: 0x8001EB7C (0x00C0006F) jal zero, 12


mem[X,0x8001EB88] -> 0x0663
mem[X,0x8001EB8A] -> 0x00B5
[3194] [M]: 0x8001EB88 (0x00B50663) beq a0, a1, 12


mem[X,0x8001EB8C] -> 0x0113
mem[X,0x8001EB8E] -> 0x0021
[3195] [M]: 0x8001EB8C (0x00210113) addi sp, sp, 2
x2 <- 0x00000002


mem[X,0x8001EB90] -> 0x006F
mem[X,0x8001EB92] -> 0x00C0
[3196] [M]: 0x8001EB90 (0x00C0006F) jal zero, 12


mem[X,0x8001EB9C] -> 0xA823
mem[X,0x8001EB9E] -> 0x4E20
[3197] [M]: 0x8001EB9C (0x4E20A823) sw sp, 1264(ra)
mem[0x8003A658] <- 0x00000002


mem[X,0x8001EBA0] -> 0x0513
mem[X,0x8001EBA2] -> 0x0060
[3198] [M]: 0x8001EBA0 (0x00600513) addi a0, zero, 6
x10 <- 0x00000006


mem[X,0x8001EBA4] -> 0x55B7
mem[X,0x8001EBA6] -> 0x5555
[3199] [M]: 0x8001EBA4 (0x555555B7) lui a1, 349525
x11 <- 0x55555000


clint::tick mtime <- 0x0000000000000020
 clint timer pending at mtime 0x0000000000000020
htif::tick 0x0000000000000000
mem[X,0x8001EBA8] -> 0x8593
mem[X,0x8001EBAA] -> 0x5545
[3200] [M]: 0x8001EBA8 (0x55458593) addi a1, a1, 1364
x11 <- 0x55555554


mem[X,0x8001EBAC] -> 0x0113
mem[X,0x8001EBAE] -> 0x0000
[3201] [M]: 0x8001EBAC (0x00000113) addi sp, zero, 0
x2 <- 0x00000000


mem[X,0x8001EBB0] -> 0x006F
mem[X,0x8001EBB2] -> 0x00C0
[3202] [M]: 0x8001EBB0 (0x00C0006F) jal zero, 12


mem[X,0x8001EBBC] -> 0x0063
mem[X,0x8001EBBE] -> 0x20B5
[3203] [M]: 0x8001EBBC (0x20B50063) beq a0, a1, 512


mem[X,0x8001EBC0] -> 0x0113
mem[X,0x8001EBC2] -> 0x0021
[3204] [M]: 0x8001EBC0 (0x00210113) addi sp, sp, 2
x2 <- 0x00000002


mem[X,0x8001EBC4] -> 0x006F
mem[X,0x8001EBC6] -> 0x2000
[3205] [M]: 0x8001EBC4 (0x2000006F) jal zero, 512


mem[X,0x8001EDC4] -> 0xAA23
mem[X,0x8001EDC6] -> 0x4E20
[3206] [M]: 0x8001EDC4 (0x4E20AA23) sw sp, 1268(ra)
mem[0x8003A65C] <- 0x00000002


mem[X,0x8001EDC8] -> 0x0513
mem[X,0x8001EDCA] -> 0x0060
[3207] [M]: 0x8001EDC8 (0x00600513) addi a0, zero, 6
x10 <- 0x00000006


mem[X,0x8001EDCC] -> 0x0593
mem[X,0x8001EDCE] -> 0x0000
[3208] [M]: 0x8001EDCC (0x00000593) addi a1, zero, 0
x11 <- 0x00000000


mem[X,0x8001EDD0] -> 0x0113
mem[X,0x8001EDD2] -> 0x0000
[3209] [M]: 0x8001EDD0 (0x00000113) addi sp, zero, 0
x2 <- 0x00000000


mem[X,0x8001EDD4] -> 0x006F
mem[X,0x8001EDD6] -> 0x0100
[3210] [M]: 0x8001EDD4 (0x0100006F) jal zero, 16


mem[X,0x8001EDE4] -> 0x0AE3
mem[X,0x8001EDE6] -> 0xFEB5
[3211] [M]: 0x8001EDE4 (0xFEB50AE3) beq a0, a1, 8180


mem[X,0x8001EDE8] -> 0x0113
mem[X,0x8001EDEA] -> 0x0021
[3212] [M]: 0x8001EDE8 (0x00210113) addi sp, sp, 2
x2 <- 0x00000002


mem[X,0x8001EDEC] -> 0x006F
mem[X,0x8001EDEE] -> 0x00C0
[3213] [M]: 0x8001EDEC (0x00C0006F) jal zero, 12


mem[X,0x8001EDF8] -> 0xAC23
mem[X,0x8001EDFA] -> 0x4E20
[3214] [M]: 0x8001EDF8 (0x4E20AC23) sw sp, 1272(ra)
mem[0x8003A660] <- 0x00000002


mem[X,0x8001EDFC] -> 0x0513
mem[X,0x8001EDFE] -> 0x0060
[3215] [M]: 0x8001EDFC (0x00600513) addi a0, zero, 6
x10 <- 0x00000006


mem[X,0x8001EE00] -> 0x35B7
mem[X,0x8001EE02] -> 0x3333
[3216] [M]: 0x8001EE00 (0x333335B7) lui a1, 209715
x11 <- 0x33333000


mem[X,0x8001EE04] -> 0x8593
mem[X,0x8001EE06] -> 0x3325
[3217] [M]: 0x8001EE04 (0x33258593) addi a1, a1, 818
x11 <- 0x33333332


mem[X,0x8001EE08] -> 0x0113
mem[X,0x8001EE0A] -> 0x0000
[3218] [M]: 0x8001EE08 (0x00000113) addi sp, zero, 0
x2 <- 0x00000000


mem[X,0x8001EE0C] -> 0x006F
mem[X,0x8001EE0E] -> 0x0180
[3219] [M]: 0x8001EE0C (0x0180006F) jal zero, 24


mem[X,0x8001EE24] -> 0x06E3
mem[X,0x8001EE26] -> 0xFEB5
[3220] [M]: 0x8001EE24 (0xFEB506E3) beq a0, a1, 8172


mem[X,0x8001EE28] -> 0x0113
mem[X,0x8001EE2A] -> 0x0021
[3221] [M]: 0x8001EE28 (0x00210113) addi sp, sp, 2
x2 <- 0x00000002


mem[X,0x8001EE2C] -> 0x006F
mem[X,0x8001EE2E] -> 0x00C0
[3222] [M]: 0x8001EE2C (0x00C0006F) jal zero, 12


mem[X,0x8001EE38] -> 0xAE23
mem[X,0x8001EE3A] -> 0x4E20
[3223] [M]: 0x8001EE38 (0x4E20AE23) sw sp, 1276(ra)
mem[0x8003A664] <- 0x00000002


mem[X,0x8001EE3C] -> 0x0513
mem[X,0x8001EE3E] -> 0x0060
[3224] [M]: 0x8001EE3C (0x00600513) addi a0, zero, 6
x10 <- 0x00000006


mem[X,0x8001EE40] -> 0x65B7
mem[X,0x8001EE42] -> 0x6666
[3225] [M]: 0x8001EE40 (0x666665B7) lui a1, 419430
x11 <- 0x66666000


mem[X,0x8001EE44] -> 0x8593
mem[X,0x8001EE46] -> 0x6655
[3226] [M]: 0x8001EE44 (0x66558593) addi a1, a1, 1637
x11 <- 0x66666665


mem[X,0x8001EE48] -> 0x0113
mem[X,0x8001EE4A] -> 0x0000
[3227] [M]: 0x8001EE48 (0x00000113) addi sp, zero, 0
x2 <- 0x00000000


mem[X,0x8001EE4C] -> 0x006F
mem[X,0x8001EE4E] -> 0x00C0
[3228] [M]: 0x8001EE4C (0x00C0006F) jal zero, 12


mem[X,0x8001EE58] -> 0x0663
mem[X,0x8001EE5A] -> 0x00B5
[3229] [M]: 0x8001EE58 (0x00B50663) beq a0, a1, 12


mem[X,0x8001EE5C] -> 0x0113
mem[X,0x8001EE5E] -> 0x0021
[3230] [M]: 0x8001EE5C (0x00210113) addi sp, sp, 2
x2 <- 0x00000002


mem[X,0x8001EE60] -> 0x006F
mem[X,0x8001EE62] -> 0x00C0
[3231] [M]: 0x8001EE60 (0x00C0006F) jal zero, 12


mem[X,0x8001EE6C] -> 0xA023
mem[X,0x8001EE6E] -> 0x5020
[3232] [M]: 0x8001EE6C (0x5020A023) sw sp, 1280(ra)
mem[0x8003A668] <- 0x00000002


mem[X,0x8001EE70] -> 0x0513
mem[X,0x8001EE72] -> 0x0060
[3233] [M]: 0x8001EE70 (0x00600513) addi a0, zero, 6
x10 <- 0x00000006


mem[X,0x8001EE74] -> 0xB5B7
mem[X,0x8001EE76] -> 0x0000
[3234] [M]: 0x8001EE74 (0x0000B5B7) lui a1, 11
x11 <- 0x0000B000


mem[X,0x8001EE78] -> 0x8593
mem[X,0x8001EE7A] -> 0x5035
[3235] [M]: 0x8001EE78 (0x50358593) addi a1, a1, 1283
x11 <- 0x0000B503


mem[X,0x8001EE7C] -> 0x0113
mem[X,0x8001EE7E] -> 0x0000
[3236] [M]: 0x8001EE7C (0x00000113) addi sp, zero, 0
x2 <- 0x00000000


mem[X,0x8001EE80] -> 0x006F
mem[X,0x8001EE82] -> 0x00C0
[3237] [M]: 0x8001EE80 (0x00C0006F) jal zero, 12


mem[X,0x8001EE8C] -> 0x0063
mem[X,0x8001EE8E] -> 0x20B5
[3238] [M]: 0x8001EE8C (0x20B50063) beq a0, a1, 512


mem[X,0x8001EE90] -> 0x0113
mem[X,0x8001EE92] -> 0x0021
[3239] [M]: 0x8001EE90 (0x00210113) addi sp, sp, 2
x2 <- 0x00000002


mem[X,0x8001EE94] -> 0x006F
mem[X,0x8001EE96] -> 0x2000
[3240] [M]: 0x8001EE94 (0x2000006F) jal zero, 512


mem[X,0x8001F094] -> 0xA223
mem[X,0x8001F096] -> 0x5020
[3241] [M]: 0x8001F094 (0x5020A223) sw sp, 1284(ra)
mem[0x8003A66C] <- 0x00000002


mem[X,0x8001F098] -> 0x0513
mem[X,0x8001F09A] -> 0x0060
[3242] [M]: 0x8001F098 (0x00600513) addi a0, zero, 6
x10 <- 0x00000006


mem[X,0x8001F09C] -> 0x55B7
mem[X,0x8001F09E] -> 0x5555
[3243] [M]: 0x8001F09C (0x555555B7) lui a1, 349525
x11 <- 0x55555000


mem[X,0x8001F0A0] -> 0x8593
mem[X,0x8001F0A2] -> 0x5565
[3244] [M]: 0x8001F0A0 (0x55658593) addi a1, a1, 1366
x11 <- 0x55555556


mem[X,0x8001F0A4] -> 0x0113
mem[X,0x8001F0A6] -> 0x0000
[3245] [M]: 0x8001F0A4 (0x00000113) addi sp, zero, 0
x2 <- 0x00000000


mem[X,0x8001F0A8] -> 0x006F
mem[X,0x8001F0AA] -> 0x0100
[3246] [M]: 0x8001F0A8 (0x0100006F) jal zero, 16


mem[X,0x8001F0B8] -> 0x0AE3
mem[X,0x8001F0BA] -> 0xFEB5
[3247] [M]: 0x8001F0B8 (0xFEB50AE3) beq a0, a1, 8180


mem[X,0x8001F0BC] -> 0x0113
mem[X,0x8001F0BE] -> 0x0021
[3248] [M]: 0x8001F0BC (0x00210113) addi sp, sp, 2
x2 <- 0x00000002


mem[X,0x8001F0C0] -> 0x006F
mem[X,0x8001F0C2] -> 0x00C0
[3249] [M]: 0x8001F0C0 (0x00C0006F) jal zero, 12


mem[X,0x8001F0CC] -> 0xA423
mem[X,0x8001F0CE] -> 0x5020
[3250] [M]: 0x8001F0CC (0x5020A423) sw sp, 1288(ra)
mem[0x8003A670] <- 0x00000002


mem[X,0x8001F0D0] -> 0x0513
mem[X,0x8001F0D2] -> 0x0060
[3251] [M]: 0x8001F0D0 (0x00600513) addi a0, zero, 6
x10 <- 0x00000006


mem[X,0x8001F0D4] -> 0xB5B7
mem[X,0x8001F0D6] -> 0xAAAA
[3252] [M]: 0x8001F0D4 (0xAAAAB5B7) lui a1, 699051
x11 <- 0xAAAAB000


mem[X,0x8001F0D8] -> 0x8593
mem[X,0x8001F0DA] -> 0xAAB5
[3253] [M]: 0x8001F0D8 (0xAAB58593) addi a1, a1, 2731
x11 <- 0xAAAAAAAB


mem[X,0x8001F0DC] -> 0x0113
mem[X,0x8001F0DE] -> 0x0000
[3254] [M]: 0x8001F0DC (0x00000113) addi sp, zero, 0
x2 <- 0x00000000


mem[X,0x8001F0E0] -> 0x006F
mem[X,0x8001F0E2] -> 0x00C0
[3255] [M]: 0x8001F0E0 (0x00C0006F) jal zero, 12


mem[X,0x8001F0EC] -> 0x0663
mem[X,0x8001F0EE] -> 0x00B5
[3256] [M]: 0x8001F0EC (0x00B50663) beq a0, a1, 12


mem[X,0x8001F0F0] -> 0x0113
mem[X,0x8001F0F2] -> 0x0021
[3257] [M]: 0x8001F0F0 (0x00210113) addi sp, sp, 2
x2 <- 0x00000002


mem[X,0x8001F0F4] -> 0x006F
mem[X,0x8001F0F6] -> 0x00C0
[3258] [M]: 0x8001F0F4 (0x00C0006F) jal zero, 12


mem[X,0x8001F100] -> 0xA623
mem[X,0x8001F102] -> 0x5020
[3259] [M]: 0x8001F100 (0x5020A623) sw sp, 1292(ra)
mem[0x8003A674] <- 0x00000002


mem[X,0x8001F104] -> 0x0513
mem[X,0x8001F106] -> 0x0060
[3260] [M]: 0x8001F104 (0x00600513) addi a0, zero, 6
x10 <- 0x00000006


mem[X,0x8001F108] -> 0x0593
mem[X,0x8001F10A] -> 0x0060
[3261] [M]: 0x8001F108 (0x00600593) addi a1, zero, 6
x11 <- 0x00000006


mem[X,0x8001F10C] -> 0x0113
mem[X,0x8001F10E] -> 0x0000
[3262] [M]: 0x8001F10C (0x00000113) addi sp, zero, 0
x2 <- 0x00000000


mem[X,0x8001F110] -> 0x006F
mem[X,0x8001F112] -> 0x00C0
[3263] [M]: 0x8001F110 (0x00C0006F) jal zero, 12


mem[X,0x8001F11C] -> 0x0863
mem[X,0x8001F11E] -> 0x00B5
[3264] [M]: 0x8001F11C (0x00B50863) beq a0, a1, 16


mem[X,0x8001F12C] -> 0x0113
mem[X,0x8001F12E] -> 0x0031
[3265] [M]: 0x8001F12C (0x00310113) addi sp, sp, 3
x2 <- 0x00000003


mem[X,0x8001F130] -> 0x006F
mem[X,0x8001F132] -> 0x0040
[3266] [M]: 0x8001F130 (0x0040006F) jal zero, 4


mem[X,0x8001F134] -> 0xA823
mem[X,0x8001F136] -> 0x5020
[3267] [M]: 0x8001F134 (0x5020A823) sw sp, 1296(ra)
mem[0x8003A678] <- 0x00000003


mem[X,0x8001F138] -> 0x0513
mem[X,0x8001F13A] -> 0x0060
[3268] [M]: 0x8001F138 (0x00600513) addi a0, zero, 6
x10 <- 0x00000006


mem[X,0x8001F13C] -> 0x35B7
mem[X,0x8001F13E] -> 0x3333
[3269] [M]: 0x8001F13C (0x333335B7) lui a1, 209715
x11 <- 0x33333000


mem[X,0x8001F140] -> 0x8593
mem[X,0x8001F142] -> 0x3345
[3270] [M]: 0x8001F140 (0x33458593) addi a1, a1, 820
x11 <- 0x33333334


mem[X,0x8001F144] -> 0x0113
mem[X,0x8001F146] -> 0x0000
[3271] [M]: 0x8001F144 (0x00000113) addi sp, zero, 0
x2 <- 0x00000000


mem[X,0x8001F148] -> 0x006F
mem[X,0x8001F14A] -> 0x00C0
[3272] [M]: 0x8001F148 (0x00C0006F) jal zero, 12


mem[X,0x8001F154] -> 0x0063
mem[X,0x8001F156] -> 0x02B5
[3273] [M]: 0x8001F154 (0x02B50063) beq a0, a1, 32


mem[X,0x8001F158] -> 0x0113
mem[X,0x8001F15A] -> 0x0021
[3274] [M]: 0x8001F158 (0x00210113) addi sp, sp, 2
x2 <- 0x00000002


mem[X,0x8001F15C] -> 0x006F
mem[X,0x8001F15E] -> 0x0200
[3275] [M]: 0x8001F15C (0x0200006F) jal zero, 32


mem[X,0x8001F17C] -> 0xAA23
mem[X,0x8001F17E] -> 0x5020
[3276] [M]: 0x8001F17C (0x5020AA23) sw sp, 1300(ra)
mem[0x8003A67C] <- 0x00000002


mem[X,0x8001F180] -> 0x0513
mem[X,0x8001F182] -> 0x0060
[3277] [M]: 0x8001F180 (0x00600513) addi a0, zero, 6
x10 <- 0x00000006


mem[X,0x8001F184] -> 0x65B7
mem[X,0x8001F186] -> 0x6666
[3278] [M]: 0x8001F184 (0x666665B7) lui a1, 419430
x11 <- 0x66666000


mem[X,0x8001F188] -> 0x8593
mem[X,0x8001F18A] -> 0x6675
[3279] [M]: 0x8001F188 (0x66758593) addi a1, a1, 1639
x11 <- 0x66666667


mem[X,0x8001F18C] -> 0x0113
mem[X,0x8001F18E] -> 0x0000
[3280] [M]: 0x8001F18C (0x00000113) addi sp, zero, 0
x2 <- 0x00000000


mem[X,0x8001F190] -> 0x006F
mem[X,0x8001F192] -> 0x00C0
[3281] [M]: 0x8001F190 (0x00C0006F) jal zero, 12


mem[X,0x8001F19C] -> 0x0063
mem[X,0x8001F19E] -> 0x04B5
[3282] [M]: 0x8001F19C (0x04B50063) beq a0, a1, 64


mem[X,0x8001F1A0] -> 0x0113
mem[X,0x8001F1A2] -> 0x0021
[3283] [M]: 0x8001F1A0 (0x00210113) addi sp, sp, 2
x2 <- 0x00000002


mem[X,0x8001F1A4] -> 0x006F
mem[X,0x8001F1A6] -> 0x0400
[3284] [M]: 0x8001F1A4 (0x0400006F) jal zero, 64


mem[X,0x8001F1E4] -> 0xAC23
mem[X,0x8001F1E6] -> 0x5020
[3285] [M]: 0x8001F1E4 (0x5020AC23) sw sp, 1304(ra)
mem[0x8003A680] <- 0x00000002


mem[X,0x8001F1E8] -> 0x0513
mem[X,0x8001F1EA] -> 0x0060
[3286] [M]: 0x8001F1E8 (0x00600513) addi a0, zero, 6
x10 <- 0x00000006


mem[X,0x8001F1EC] -> 0x55B7
mem[X,0x8001F1EE] -> 0xFFFF
[3287] [M]: 0x8001F1EC (0xFFFF55B7) lui a1, 1048565
x11 <- 0xFFFF5000


mem[X,0x8001F1F0] -> 0x8593
mem[X,0x8001F1F2] -> 0xAFD5
[3288] [M]: 0x8001F1F0 (0xAFD58593) addi a1, a1, 2813
x11 <- 0xFFFF4AFD


mem[X,0x8001F1F4] -> 0x0113
mem[X,0x8001F1F6] -> 0x0000
[3289] [M]: 0x8001F1F4 (0x00000113) addi sp, zero, 0
x2 <- 0x00000000


mem[X,0x8001F1F8] -> 0x006F
mem[X,0x8001F1FA] -> 0x00C0
[3290] [M]: 0x8001F1F8 (0x00C0006F) jal zero, 12


mem[X,0x8001F204] -> 0x0CE3
mem[X,0x8001F206] -> 0xFEB5
[3291] [M]: 0x8001F204 (0xFEB50CE3) beq a0, a1, 8184


mem[X,0x8001F208] -> 0x0113
mem[X,0x8001F20A] -> 0x0021
[3292] [M]: 0x8001F208 (0x00210113) addi sp, sp, 2
x2 <- 0x00000002


mem[X,0x8001F20C] -> 0x006F
mem[X,0x8001F20E] -> 0x00C0
[3293] [M]: 0x8001F20C (0x00C0006F) jal zero, 12


mem[X,0x8001F218] -> 0xAE23
mem[X,0x8001F21A] -> 0x5020
[3294] [M]: 0x8001F218 (0x5020AE23) sw sp, 1308(ra)
mem[0x8003A684] <- 0x00000002


mem[X,0x8001F21C] -> 0x0513
mem[X,0x8001F21E] -> 0x0060
[3295] [M]: 0x8001F21C (0x00600513) addi a0, zero, 6
x10 <- 0x00000006


mem[X,0x8001F220] -> 0xB5B7
mem[X,0x8001F222] -> 0x0000
[3296] [M]: 0x8001F220 (0x0000B5B7) lui a1, 11
x11 <- 0x0000B000


mem[X,0x8001F224] -> 0x8593
mem[X,0x8001F226] -> 0x5055
[3297] [M]: 0x8001F224 (0x50558593) addi a1, a1, 1285
x11 <- 0x0000B505


mem[X,0x8001F228] -> 0x0113
mem[X,0x8001F22A] -> 0x0000
[3298] [M]: 0x8001F228 (0x00000113) addi sp, zero, 0
x2 <- 0x00000000


mem[X,0x8001F22C] -> 0x006F
mem[X,0x8001F22E] -> 0x00C0
[3299] [M]: 0x8001F22C (0x00C0006F) jal zero, 12


clint::tick mtime <- 0x0000000000000021
 clint timer pending at mtime 0x0000000000000021
htif::tick 0x0000000000000000
mem[X,0x8001F238] -> 0x0663
mem[X,0x8001F23A] -> 0x00B5
[3300] [M]: 0x8001F238 (0x00B50663) beq a0, a1, 12


mem[X,0x8001F23C] -> 0x0113
mem[X,0x8001F23E] -> 0x0021
[3301] [M]: 0x8001F23C (0x00210113) addi sp, sp, 2
x2 <- 0x00000002


mem[X,0x8001F240] -> 0x006F
mem[X,0x8001F242] -> 0x00C0
[3302] [M]: 0x8001F240 (0x00C0006F) jal zero, 12


mem[X,0x8001F24C] -> 0xA023
mem[X,0x8001F24E] -> 0x5220
[3303] [M]: 0x8001F24C (0x5220A023) sw sp, 1312(ra)
mem[0x8003A688] <- 0x00000002


mem[X,0x8001F250] -> 0x3537
mem[X,0x8001F252] -> 0x3333
[3304] [M]: 0x8001F250 (0x33333537) lui a0, 209715
x10 <- 0x33333000


mem[X,0x8001F254] -> 0x0513
mem[X,0x8001F256] -> 0x3345
[3305] [M]: 0x8001F254 (0x33450513) addi a0, a0, 820
x10 <- 0x33333334


mem[X,0x8001F258] -> 0x0593
mem[X,0x8001F25A] -> 0x0030
[3306] [M]: 0x8001F258 (0x00300593) addi a1, zero, 3
x11 <- 0x00000003


mem[X,0x8001F25C] -> 0x0113
mem[X,0x8001F25E] -> 0x0000
[3307] [M]: 0x8001F25C (0x00000113) addi sp, zero, 0
x2 <- 0x00000000


mem[X,0x8001F260] -> 0x006F
mem[X,0x8001F262] -> 0x00C0
[3308] [M]: 0x8001F260 (0x00C0006F) jal zero, 12


mem[X,0x8001F26C] -> 0x0663
mem[X,0x8001F26E] -> 0x00B5
[3309] [M]: 0x8001F26C (0x00B50663) beq a0, a1, 12


mem[X,0x8001F270] -> 0x0113
mem[X,0x8001F272] -> 0x0021
[3310] [M]: 0x8001F270 (0x00210113) addi sp, sp, 2
x2 <- 0x00000002


mem[X,0x8001F274] -> 0x006F
mem[X,0x8001F276] -> 0x00C0
[3311] [M]: 0x8001F274 (0x00C0006F) jal zero, 12


mem[X,0x8001F280] -> 0xA223
mem[X,0x8001F282] -> 0x5220
[3312] [M]: 0x8001F280 (0x5220A223) sw sp, 1316(ra)
mem[0x8003A68C] <- 0x00000002


mem[X,0x8001F284] -> 0x3537
mem[X,0x8001F286] -> 0x3333
[3313] [M]: 0x8001F284 (0x33333537) lui a0, 209715
x10 <- 0x33333000


mem[X,0x8001F288] -> 0x0513
mem[X,0x8001F28A] -> 0x3345
[3314] [M]: 0x8001F288 (0x33450513) addi a0, a0, 820
x10 <- 0x33333334


mem[X,0x8001F28C] -> 0x55B7
mem[X,0x8001F28E] -> 0x5555
[3315] [M]: 0x8001F28C (0x555555B7) lui a1, 349525
x11 <- 0x55555000


mem[X,0x8001F290] -> 0x8593
mem[X,0x8001F292] -> 0x5555
[3316] [M]: 0x8001F290 (0x55558593) addi a1, a1, 1365
x11 <- 0x55555555


mem[X,0x8001F294] -> 0x0113
mem[X,0x8001F296] -> 0x0000
[3317] [M]: 0x8001F294 (0x00000113) addi sp, zero, 0
x2 <- 0x00000000


mem[X,0x8001F298] -> 0x006F
mem[X,0x8001F29A] -> 0x0050
[3318] [M]: 0x8001F298 (0x0050006F) jal zero, 2052


mem[X,0x8001FA9C] -> 0x00E3
mem[X,0x8001FA9E] -> 0x80B5
[3319] [M]: 0x8001FA9C (0x80B500E3) beq a0, a1, 6144


mem[X,0x8001FAA0] -> 0x0113
mem[X,0x8001FAA2] -> 0x0021
[3320] [M]: 0x8001FAA0 (0x00210113) addi sp, sp, 2
x2 <- 0x00000002


mem[X,0x8001FAA4] -> 0x006F
mem[X,0x8001FAA6] -> 0x00C0
[3321] [M]: 0x8001FAA4 (0x00C0006F) jal zero, 12


mem[X,0x8001FAB0] -> 0xA423
mem[X,0x8001FAB2] -> 0x5220
[3322] [M]: 0x8001FAB0 (0x5220A423) sw sp, 1320(ra)
mem[0x8003A690] <- 0x00000002


mem[X,0x8001FAB4] -> 0x3537
mem[X,0x8001FAB6] -> 0x3333
[3323] [M]: 0x8001FAB4 (0x33333537) lui a0, 209715
x10 <- 0x33333000


mem[X,0x8001FAB8] -> 0x0513
mem[X,0x8001FABA] -> 0x3345
[3324] [M]: 0x8001FAB8 (0x33450513) addi a0, a0, 820
x10 <- 0x33333334


mem[X,0x8001FABC] -> 0xB5B7
mem[X,0x8001FABE] -> 0xAAAA
[3325] [M]: 0x8001FABC (0xAAAAB5B7) lui a1, 699051
x11 <- 0xAAAAB000


mem[X,0x8001FAC0] -> 0x8593
mem[X,0x8001FAC2] -> 0xAAA5
[3326] [M]: 0x8001FAC0 (0xAAA58593) addi a1, a1, 2730
x11 <- 0xAAAAAAAA


mem[X,0x8001FAC4] -> 0x0113
mem[X,0x8001FAC6] -> 0x0000
[3327] [M]: 0x8001FAC4 (0x00000113) addi sp, zero, 0
x2 <- 0x00000000


mem[X,0x8001FAC8] -> 0x006F
mem[X,0x8001FACA] -> 0x00C0
[3328] [M]: 0x8001FAC8 (0x00C0006F) jal zero, 12


mem[X,0x8001FAD4] -> 0x0CE3
mem[X,0x8001FAD6] -> 0xFEB5
[3329] [M]: 0x8001FAD4 (0xFEB50CE3) beq a0, a1, 8184


mem[X,0x8001FAD8] -> 0x0113
mem[X,0x8001FADA] -> 0x0021
[3330] [M]: 0x8001FAD8 (0x00210113) addi sp, sp, 2
x2 <- 0x00000002


mem[X,0x8001FADC] -> 0x006F
mem[X,0x8001FADE] -> 0x00C0
[3331] [M]: 0x8001FADC (0x00C0006F) jal zero, 12


mem[X,0x8001FAE8] -> 0xA623
mem[X,0x8001FAEA] -> 0x5220
[3332] [M]: 0x8001FAE8 (0x5220A623) sw sp, 1324(ra)
mem[0x8003A694] <- 0x00000002


mem[X,0x8001FAEC] -> 0x3537
mem[X,0x8001FAEE] -> 0x3333
[3333] [M]: 0x8001FAEC (0x33333537) lui a0, 209715
x10 <- 0x33333000


mem[X,0x8001FAF0] -> 0x0513
mem[X,0x8001FAF2] -> 0x3345
[3334] [M]: 0x8001FAF0 (0x33450513) addi a0, a0, 820
x10 <- 0x33333334


mem[X,0x8001FAF4] -> 0x0593
mem[X,0x8001FAF6] -> 0x0050
[3335] [M]: 0x8001FAF4 (0x00500593) addi a1, zero, 5
x11 <- 0x00000005


mem[X,0x8001FAF8] -> 0x0113
mem[X,0x8001FAFA] -> 0x0000
[3336] [M]: 0x8001FAF8 (0x00000113) addi sp, zero, 0
x2 <- 0x00000000


mem[X,0x8001FAFC] -> 0x006F
mem[X,0x8001FAFE] -> 0x00C0
[3337] [M]: 0x8001FAFC (0x00C0006F) jal zero, 12


mem[X,0x8001FB08] -> 0x0CE3
mem[X,0x8001FB0A] -> 0xFEB5
[3338] [M]: 0x8001FB08 (0xFEB50CE3) beq a0, a1, 8184


mem[X,0x8001FB0C] -> 0x0113
mem[X,0x8001FB0E] -> 0x0021
[3339] [M]: 0x8001FB0C (0x00210113) addi sp, sp, 2
x2 <- 0x00000002


mem[X,0x8001FB10] -> 0x006F
mem[X,0x8001FB12] -> 0x00C0
[3340] [M]: 0x8001FB10 (0x00C0006F) jal zero, 12


mem[X,0x8001FB1C] -> 0xA823
mem[X,0x8001FB1E] -> 0x5220
[3341] [M]: 0x8001FB1C (0x5220A823) sw sp, 1328(ra)
mem[0x8003A698] <- 0x00000002


mem[X,0x8001FB20] -> 0x3537
mem[X,0x8001FB22] -> 0x3333
[3342] [M]: 0x8001FB20 (0x33333537) lui a0, 209715
x10 <- 0x33333000


mem[X,0x8001FB24] -> 0x0513
mem[X,0x8001FB26] -> 0x3345
[3343] [M]: 0x8001FB24 (0x33450513) addi a0, a0, 820
x10 <- 0x33333334


mem[X,0x8001FB28] -> 0x35B7
mem[X,0x8001FB2A] -> 0x3333
[3344] [M]: 0x8001FB28 (0x333335B7) lui a1, 209715
x11 <- 0x33333000


mem[X,0x8001FB2C] -> 0x8593
mem[X,0x8001FB2E] -> 0x3335
[3345] [M]: 0x8001FB2C (0x33358593) addi a1, a1, 819
x11 <- 0x33333333


mem[X,0x8001FB30] -> 0x0113
mem[X,0x8001FB32] -> 0x0000
[3346] [M]: 0x8001FB30 (0x00000113) addi sp, zero, 0
x2 <- 0x00000000


mem[X,0x8001FB34] -> 0x006F
mem[X,0x8001FB36] -> 0x00C0
[3347] [M]: 0x8001FB34 (0x00C0006F) jal zero, 12


mem[X,0x8001FB40] -> 0x0063
mem[X,0x8001FB42] -> 0x02B5
[3348] [M]: 0x8001FB40 (0x02B50063) beq a0, a1, 32


mem[X,0x8001FB44] -> 0x0113
mem[X,0x8001FB46] -> 0x0021
[3349] [M]: 0x8001FB44 (0x00210113) addi sp, sp, 2
x2 <- 0x00000002


mem[X,0x8001FB48] -> 0x006F
mem[X,0x8001FB4A] -> 0x0200
[3350] [M]: 0x8001FB48 (0x0200006F) jal zero, 32


mem[X,0x8001FB68] -> 0xAA23
mem[X,0x8001FB6A] -> 0x5220
[3351] [M]: 0x8001FB68 (0x5220AA23) sw sp, 1332(ra)
mem[0x8003A69C] <- 0x00000002


mem[X,0x8001FB6C] -> 0x3537
mem[X,0x8001FB6E] -> 0x3333
[3352] [M]: 0x8001FB6C (0x33333537) lui a0, 209715
x10 <- 0x33333000


mem[X,0x8001FB70] -> 0x0513
mem[X,0x8001FB72] -> 0x3345
[3353] [M]: 0x8001FB70 (0x33450513) addi a0, a0, 820
x10 <- 0x33333334


mem[X,0x8001FB74] -> 0x65B7
mem[X,0x8001FB76] -> 0x6666
[3354] [M]: 0x8001FB74 (0x666665B7) lui a1, 419430
x11 <- 0x66666000


mem[X,0x8001FB78] -> 0x8593
mem[X,0x8001FB7A] -> 0x6665
[3355] [M]: 0x8001FB78 (0x66658593) addi a1, a1, 1638
x11 <- 0x66666666


mem[X,0x8001FB7C] -> 0x0113
mem[X,0x8001FB7E] -> 0x0000
[3356] [M]: 0x8001FB7C (0x00000113) addi sp, zero, 0
x2 <- 0x00000000


mem[X,0x8001FB80] -> 0x006F
mem[X,0x8001FB82] -> 0x00C0
[3357] [M]: 0x8001FB80 (0x00C0006F) jal zero, 12


mem[X,0x8001FB8C] -> 0x0063
mem[X,0x8001FB8E] -> 0x20B5
[3358] [M]: 0x8001FB8C (0x20B50063) beq a0, a1, 512


mem[X,0x8001FB90] -> 0x0113
mem[X,0x8001FB92] -> 0x0021
[3359] [M]: 0x8001FB90 (0x00210113) addi sp, sp, 2
x2 <- 0x00000002


mem[X,0x8001FB94] -> 0x006F
mem[X,0x8001FB96] -> 0x2000
[3360] [M]: 0x8001FB94 (0x2000006F) jal zero, 512


mem[X,0x8001FD94] -> 0xAC23
mem[X,0x8001FD96] -> 0x5220
[3361] [M]: 0x8001FD94 (0x5220AC23) sw sp, 1336(ra)
mem[0x8003A6A0] <- 0x00000002


mem[X,0x8001FD98] -> 0x3537
mem[X,0x8001FD9A] -> 0x3333
[3362] [M]: 0x8001FD98 (0x33333537) lui a0, 209715
x10 <- 0x33333000


mem[X,0x8001FD9C] -> 0x0513
mem[X,0x8001FD9E] -> 0x3345
[3363] [M]: 0x8001FD9C (0x33450513) addi a0, a0, 820
x10 <- 0x33333334


mem[X,0x8001FDA0] -> 0x55B7
mem[X,0x8001FDA2] -> 0xFFFF
[3364] [M]: 0x8001FDA0 (0xFFFF55B7) lui a1, 1048565
x11 <- 0xFFFF5000


mem[X,0x8001FDA4] -> 0x8593
mem[X,0x8001FDA6] -> 0xAFC5
[3365] [M]: 0x8001FDA4 (0xAFC58593) addi a1, a1, 2812
x11 <- 0xFFFF4AFC


mem[X,0x8001FDA8] -> 0x0113
mem[X,0x8001FDAA] -> 0x0000
[3366] [M]: 0x8001FDA8 (0x00000113) addi sp, zero, 0
x2 <- 0x00000000


mem[X,0x8001FDAC] -> 0x006F
mem[X,0x8001FDAE] -> 0x0140
[3367] [M]: 0x8001FDAC (0x0140006F) jal zero, 20


mem[X,0x8001FDC0] -> 0x08E3
mem[X,0x8001FDC2] -> 0xFEB5
[3368] [M]: 0x8001FDC0 (0xFEB508E3) beq a0, a1, 8176


mem[X,0x8001FDC4] -> 0x0113
mem[X,0x8001FDC6] -> 0x0021
[3369] [M]: 0x8001FDC4 (0x00210113) addi sp, sp, 2
x2 <- 0x00000002


mem[X,0x8001FDC8] -> 0x006F
mem[X,0x8001FDCA] -> 0x00C0
[3370] [M]: 0x8001FDC8 (0x00C0006F) jal zero, 12


mem[X,0x8001FDD4] -> 0xAE23
mem[X,0x8001FDD6] -> 0x5220
[3371] [M]: 0x8001FDD4 (0x5220AE23) sw sp, 1340(ra)
mem[0x8003A6A4] <- 0x00000002


mem[X,0x8001FDD8] -> 0x3537
mem[X,0x8001FDDA] -> 0x3333
[3372] [M]: 0x8001FDD8 (0x33333537) lui a0, 209715
x10 <- 0x33333000


mem[X,0x8001FDDC] -> 0x0513
mem[X,0x8001FDDE] -> 0x3345
[3373] [M]: 0x8001FDDC (0x33450513) addi a0, a0, 820
x10 <- 0x33333334


mem[X,0x8001FDE0] -> 0xB5B7
mem[X,0x8001FDE2] -> 0x0000
[3374] [M]: 0x8001FDE0 (0x0000B5B7) lui a1, 11
x11 <- 0x0000B000


mem[X,0x8001FDE4] -> 0x8593
mem[X,0x8001FDE6] -> 0x5045
[3375] [M]: 0x8001FDE4 (0x50458593) addi a1, a1, 1284
x11 <- 0x0000B504


mem[X,0x8001FDE8] -> 0x0113
mem[X,0x8001FDEA] -> 0x0000
[3376] [M]: 0x8001FDE8 (0x00000113) addi sp, zero, 0
x2 <- 0x00000000


mem[X,0x8001FDEC] -> 0x006F
mem[X,0x8001FDEE] -> 0x00C0
[3377] [M]: 0x8001FDEC (0x00C0006F) jal zero, 12


mem[X,0x8001FDF8] -> 0x0CE3
mem[X,0x8001FDFA] -> 0xFEB5
[3378] [M]: 0x8001FDF8 (0xFEB50CE3) beq a0, a1, 8184


mem[X,0x8001FDFC] -> 0x0113
mem[X,0x8001FDFE] -> 0x0021
[3379] [M]: 0x8001FDFC (0x00210113) addi sp, sp, 2
x2 <- 0x00000002


mem[X,0x8001FE00] -> 0x006F
mem[X,0x8001FE02] -> 0x00C0
[3380] [M]: 0x8001FE00 (0x00C0006F) jal zero, 12


mem[X,0x8001FE0C] -> 0xA023
mem[X,0x8001FE0E] -> 0x5420
[3381] [M]: 0x8001FE0C (0x5420A023) sw sp, 1344(ra)
mem[0x8003A6A8] <- 0x00000002


mem[X,0x8001FE10] -> 0x3537
mem[X,0x8001FE12] -> 0x3333
[3382] [M]: 0x8001FE10 (0x33333537) lui a0, 209715
x10 <- 0x33333000


mem[X,0x8001FE14] -> 0x0513
mem[X,0x8001FE16] -> 0x3345
[3383] [M]: 0x8001FE14 (0x33450513) addi a0, a0, 820
x10 <- 0x33333334


mem[X,0x8001FE18] -> 0x0593
mem[X,0x8001FE1A] -> 0x0020
[3384] [M]: 0x8001FE18 (0x00200593) addi a1, zero, 2
x11 <- 0x00000002


mem[X,0x8001FE1C] -> 0x0113
mem[X,0x8001FE1E] -> 0x0000
[3385] [M]: 0x8001FE1C (0x00000113) addi sp, zero, 0
x2 <- 0x00000000


mem[X,0x8001FE20] -> 0x006F
mem[X,0x8001FE22] -> 0x00C0
[3386] [M]: 0x8001FE20 (0x00C0006F) jal zero, 12


mem[X,0x8001FE2C] -> 0x0CE3
mem[X,0x8001FE2E] -> 0xFEB5
[3387] [M]: 0x8001FE2C (0xFEB50CE3) beq a0, a1, 8184


mem[X,0x8001FE30] -> 0x0113
mem[X,0x8001FE32] -> 0x0021
[3388] [M]: 0x8001FE30 (0x00210113) addi sp, sp, 2
x2 <- 0x00000002


mem[X,0x8001FE34] -> 0x006F
mem[X,0x8001FE36] -> 0x00C0
[3389] [M]: 0x8001FE34 (0x00C0006F) jal zero, 12


mem[X,0x8001FE40] -> 0xA223
mem[X,0x8001FE42] -> 0x5420
[3390] [M]: 0x8001FE40 (0x5420A223) sw sp, 1348(ra)
mem[0x8003A6AC] <- 0x00000002


mem[X,0x8001FE44] -> 0x3537
mem[X,0x8001FE46] -> 0x3333
[3391] [M]: 0x8001FE44 (0x33333537) lui a0, 209715
x10 <- 0x33333000


mem[X,0x8001FE48] -> 0x0513
mem[X,0x8001FE4A] -> 0x3345
[3392] [M]: 0x8001FE48 (0x33450513) addi a0, a0, 820
x10 <- 0x33333334


mem[X,0x8001FE4C] -> 0x55B7
mem[X,0x8001FE4E] -> 0x5555
[3393] [M]: 0x8001FE4C (0x555555B7) lui a1, 349525
x11 <- 0x55555000


mem[X,0x8001FE50] -> 0x8593
mem[X,0x8001FE52] -> 0x5545
[3394] [M]: 0x8001FE50 (0x55458593) addi a1, a1, 1364
x11 <- 0x55555554


mem[X,0x8001FE54] -> 0x0113
mem[X,0x8001FE56] -> 0x0000
[3395] [M]: 0x8001FE54 (0x00000113) addi sp, zero, 0
x2 <- 0x00000000


mem[X,0x8001FE58] -> 0x006F
mem[X,0x8001FE5A] -> 0x00C0
[3396] [M]: 0x8001FE58 (0x00C0006F) jal zero, 12


mem[X,0x8001FE64] -> 0x0CE3
mem[X,0x8001FE66] -> 0xFEB5
[3397] [M]: 0x8001FE64 (0xFEB50CE3) beq a0, a1, 8184


mem[X,0x8001FE68] -> 0x0113
mem[X,0x8001FE6A] -> 0x0021
[3398] [M]: 0x8001FE68 (0x00210113) addi sp, sp, 2
x2 <- 0x00000002


mem[X,0x8001FE6C] -> 0x006F
mem[X,0x8001FE6E] -> 0x00C0
[3399] [M]: 0x8001FE6C (0x00C0006F) jal zero, 12


clint::tick mtime <- 0x0000000000000022
 clint timer pending at mtime 0x0000000000000022
htif::tick 0x0000000000000000
mem[X,0x8001FE78] -> 0xA423
mem[X,0x8001FE7A] -> 0x5420
[3400] [M]: 0x8001FE78 (0x5420A423) sw sp, 1352(ra)
mem[0x8003A6B0] <- 0x00000002


mem[X,0x8001FE7C] -> 0x3537
mem[X,0x8001FE7E] -> 0x3333
[3401] [M]: 0x8001FE7C (0x33333537) lui a0, 209715
x10 <- 0x33333000


mem[X,0x8001FE80] -> 0x0513
mem[X,0x8001FE82] -> 0x3345
[3402] [M]: 0x8001FE80 (0x33450513) addi a0, a0, 820
x10 <- 0x33333334


mem[X,0x8001FE84] -> 0x0593
mem[X,0x8001FE86] -> 0x0000
[3403] [M]: 0x8001FE84 (0x00000593) addi a1, zero, 0
x11 <- 0x00000000


mem[X,0x8001FE88] -> 0x0113
mem[X,0x8001FE8A] -> 0x0000
[3404] [M]: 0x8001FE88 (0x00000113) addi sp, zero, 0
x2 <- 0x00000000


mem[X,0x8001FE8C] -> 0x006F
mem[X,0x8001FE8E] -> 0x00C0
[3405] [M]: 0x8001FE8C (0x00C0006F) jal zero, 12


mem[X,0x8001FE98] -> 0x0063
mem[X,0x8001FE9A] -> 0x02B5
[3406] [M]: 0x8001FE98 (0x02B50063) beq a0, a1, 32


mem[X,0x8001FE9C] -> 0x0113
mem[X,0x8001FE9E] -> 0x0021
[3407] [M]: 0x8001FE9C (0x00210113) addi sp, sp, 2
x2 <- 0x00000002


mem[X,0x8001FEA0] -> 0x006F
mem[X,0x8001FEA2] -> 0x0200
[3408] [M]: 0x8001FEA0 (0x0200006F) jal zero, 32


mem[X,0x8001FEC0] -> 0xA623
mem[X,0x8001FEC2] -> 0x5420
[3409] [M]: 0x8001FEC0 (0x5420A623) sw sp, 1356(ra)
mem[0x8003A6B4] <- 0x00000002


mem[X,0x8001FEC4] -> 0x3537
mem[X,0x8001FEC6] -> 0x3333
[3410] [M]: 0x8001FEC4 (0x33333537) lui a0, 209715
x10 <- 0x33333000


mem[X,0x8001FEC8] -> 0x0513
mem[X,0x8001FECA] -> 0x3345
[3411] [M]: 0x8001FEC8 (0x33450513) addi a0, a0, 820
x10 <- 0x33333334


mem[X,0x8001FECC] -> 0x0593
mem[X,0x8001FECE] -> 0x0040
[3412] [M]: 0x8001FECC (0x00400593) addi a1, zero, 4
x11 <- 0x00000004


mem[X,0x8001FED0] -> 0x0113
mem[X,0x8001FED2] -> 0x0000
[3413] [M]: 0x8001FED0 (0x00000113) addi sp, zero, 0
x2 <- 0x00000000


mem[X,0x8001FED4] -> 0x006F
mem[X,0x8001FED6] -> 0x00C0
[3414] [M]: 0x8001FED4 (0x00C0006F) jal zero, 12


mem[X,0x8001FEE0] -> 0x0663
mem[X,0x8001FEE2] -> 0x00B5
[3415] [M]: 0x8001FEE0 (0x00B50663) beq a0, a1, 12


mem[X,0x8001FEE4] -> 0x0113
mem[X,0x8001FEE6] -> 0x0021
[3416] [M]: 0x8001FEE4 (0x00210113) addi sp, sp, 2
x2 <- 0x00000002


mem[X,0x8001FEE8] -> 0x006F
mem[X,0x8001FEEA] -> 0x00C0
[3417] [M]: 0x8001FEE8 (0x00C0006F) jal zero, 12


mem[X,0x8001FEF4] -> 0xA823
mem[X,0x8001FEF6] -> 0x5420
[3418] [M]: 0x8001FEF4 (0x5420A823) sw sp, 1360(ra)
mem[0x8003A6B8] <- 0x00000002


mem[X,0x8001FEF8] -> 0x3537
mem[X,0x8001FEFA] -> 0x3333
[3419] [M]: 0x8001FEF8 (0x33333537) lui a0, 209715
x10 <- 0x33333000


mem[X,0x8001FEFC] -> 0x0513
mem[X,0x8001FEFE] -> 0x3345
[3420] [M]: 0x8001FEFC (0x33450513) addi a0, a0, 820
x10 <- 0x33333334


mem[X,0x8001FF00] -> 0x35B7
mem[X,0x8001FF02] -> 0x3333
[3421] [M]: 0x8001FF00 (0x333335B7) lui a1, 209715
x11 <- 0x33333000


mem[X,0x8001FF04] -> 0x8593
mem[X,0x8001FF06] -> 0x3325
[3422] [M]: 0x8001FF04 (0x33258593) addi a1, a1, 818
x11 <- 0x33333332


mem[X,0x8001FF08] -> 0x0113
mem[X,0x8001FF0A] -> 0x0000
[3423] [M]: 0x8001FF08 (0x00000113) addi sp, zero, 0
x2 <- 0x00000000


mem[X,0x8001FF0C] -> 0x006F
mem[X,0x8001FF0E] -> 0x00C0
[3424] [M]: 0x8001FF0C (0x00C0006F) jal zero, 12


mem[X,0x8001FF18] -> 0x0663
mem[X,0x8001FF1A] -> 0x00B5
[3425] [M]: 0x8001FF18 (0x00B50663) beq a0, a1, 12


mem[X,0x8001FF1C] -> 0x0113
mem[X,0x8001FF1E] -> 0x0021
[3426] [M]: 0x8001FF1C (0x00210113) addi sp, sp, 2
x2 <- 0x00000002


mem[X,0x8001FF20] -> 0x006F
mem[X,0x8001FF22] -> 0x00C0
[3427] [M]: 0x8001FF20 (0x00C0006F) jal zero, 12


mem[X,0x8001FF2C] -> 0xAA23
mem[X,0x8001FF2E] -> 0x5420
[3428] [M]: 0x8001FF2C (0x5420AA23) sw sp, 1364(ra)
mem[0x8003A6BC] <- 0x00000002


mem[X,0x8001FF30] -> 0x3537
mem[X,0x8001FF32] -> 0x3333
[3429] [M]: 0x8001FF30 (0x33333537) lui a0, 209715
x10 <- 0x33333000


mem[X,0x8001FF34] -> 0x0513
mem[X,0x8001FF36] -> 0x3345
[3430] [M]: 0x8001FF34 (0x33450513) addi a0, a0, 820
x10 <- 0x33333334


mem[X,0x8001FF38] -> 0x65B7
mem[X,0x8001FF3A] -> 0x6666
[3431] [M]: 0x8001FF38 (0x666665B7) lui a1, 419430
x11 <- 0x66666000


mem[X,0x8001FF3C] -> 0x8593
mem[X,0x8001FF3E] -> 0x6655
[3432] [M]: 0x8001FF3C (0x66558593) addi a1, a1, 1637
x11 <- 0x66666665


mem[X,0x8001FF40] -> 0x0113
mem[X,0x8001FF42] -> 0x0000
[3433] [M]: 0x8001FF40 (0x00000113) addi sp, zero, 0
x2 <- 0x00000000


mem[X,0x8001FF44] -> 0x006F
mem[X,0x8001FF46] -> 0x00C0
[3434] [M]: 0x8001FF44 (0x00C0006F) jal zero, 12


mem[X,0x8001FF50] -> 0x0CE3
mem[X,0x8001FF52] -> 0xFEB5
[3435] [M]: 0x8001FF50 (0xFEB50CE3) beq a0, a1, 8184


mem[X,0x8001FF54] -> 0x0113
mem[X,0x8001FF56] -> 0x0021
[3436] [M]: 0x8001FF54 (0x00210113) addi sp, sp, 2
x2 <- 0x00000002


mem[X,0x8001FF58] -> 0x006F
mem[X,0x8001FF5A] -> 0x00C0
[3437] [M]: 0x8001FF58 (0x00C0006F) jal zero, 12


mem[X,0x8001FF64] -> 0xAC23
mem[X,0x8001FF66] -> 0x5420
[3438] [M]: 0x8001FF64 (0x5420AC23) sw sp, 1368(ra)
mem[0x8003A6C0] <- 0x00000002


mem[X,0x8001FF68] -> 0x3537
mem[X,0x8001FF6A] -> 0x3333
[3439] [M]: 0x8001FF68 (0x33333537) lui a0, 209715
x10 <- 0x33333000


mem[X,0x8001FF6C] -> 0x0513
mem[X,0x8001FF6E] -> 0x3345
[3440] [M]: 0x8001FF6C (0x33450513) addi a0, a0, 820
x10 <- 0x33333334


mem[X,0x8001FF70] -> 0xB5B7
mem[X,0x8001FF72] -> 0x0000
[3441] [M]: 0x8001FF70 (0x0000B5B7) lui a1, 11
x11 <- 0x0000B000


mem[X,0x8001FF74] -> 0x8593
mem[X,0x8001FF76] -> 0x5035
[3442] [M]: 0x8001FF74 (0x50358593) addi a1, a1, 1283
x11 <- 0x0000B503


mem[X,0x8001FF78] -> 0x0113
mem[X,0x8001FF7A] -> 0x0000
[3443] [M]: 0x8001FF78 (0x00000113) addi sp, zero, 0
x2 <- 0x00000000


mem[X,0x8001FF7C] -> 0x006F
mem[X,0x8001FF7E] -> 0x00C0
[3444] [M]: 0x8001FF7C (0x00C0006F) jal zero, 12


mem[X,0x8001FF88] -> 0x0CE3
mem[X,0x8001FF8A] -> 0xFEB5
[3445] [M]: 0x8001FF88 (0xFEB50CE3) beq a0, a1, 8184


mem[X,0x8001FF8C] -> 0x0113
mem[X,0x8001FF8E] -> 0x0021
[3446] [M]: 0x8001FF8C (0x00210113) addi sp, sp, 2
x2 <- 0x00000002


mem[X,0x8001FF90] -> 0x006F
mem[X,0x8001FF92] -> 0x00C0
[3447] [M]: 0x8001FF90 (0x00C0006F) jal zero, 12


mem[X,0x8001FF9C] -> 0xAE23
mem[X,0x8001FF9E] -> 0x5420
[3448] [M]: 0x8001FF9C (0x5420AE23) sw sp, 1372(ra)
mem[0x8003A6C4] <- 0x00000002


mem[X,0x8001FFA0] -> 0x3537
mem[X,0x8001FFA2] -> 0x3333
[3449] [M]: 0x8001FFA0 (0x33333537) lui a0, 209715
x10 <- 0x33333000


mem[X,0x8001FFA4] -> 0x0513
mem[X,0x8001FFA6] -> 0x3345
[3450] [M]: 0x8001FFA4 (0x33450513) addi a0, a0, 820
x10 <- 0x33333334


mem[X,0x8001FFA8] -> 0x55B7
mem[X,0x8001FFAA] -> 0x5555
[3451] [M]: 0x8001FFA8 (0x555555B7) lui a1, 349525
x11 <- 0x55555000


mem[X,0x8001FFAC] -> 0x8593
mem[X,0x8001FFAE] -> 0x5565
[3452] [M]: 0x8001FFAC (0x55658593) addi a1, a1, 1366
x11 <- 0x55555556


mem[X,0x8001FFB0] -> 0x0113
mem[X,0x8001FFB2] -> 0x0000
[3453] [M]: 0x8001FFB0 (0x00000113) addi sp, zero, 0
x2 <- 0x00000000


mem[X,0x8001FFB4] -> 0x006F
mem[X,0x8001FFB6] -> 0x00C0
[3454] [M]: 0x8001FFB4 (0x00C0006F) jal zero, 12


mem[X,0x8001FFC0] -> 0x0663
mem[X,0x8001FFC2] -> 0x00B5
[3455] [M]: 0x8001FFC0 (0x00B50663) beq a0, a1, 12


mem[X,0x8001FFC4] -> 0x0113
mem[X,0x8001FFC6] -> 0x0021
[3456] [M]: 0x8001FFC4 (0x00210113) addi sp, sp, 2
x2 <- 0x00000002


mem[X,0x8001FFC8] -> 0x006F
mem[X,0x8001FFCA] -> 0x00C0
[3457] [M]: 0x8001FFC8 (0x00C0006F) jal zero, 12


mem[X,0x8001FFD4] -> 0xA023
mem[X,0x8001FFD6] -> 0x5620
[3458] [M]: 0x8001FFD4 (0x5620A023) sw sp, 1376(ra)
mem[0x8003A6C8] <- 0x00000002


mem[X,0x8001FFD8] -> 0x3537
mem[X,0x8001FFDA] -> 0x3333
[3459] [M]: 0x8001FFD8 (0x33333537) lui a0, 209715
x10 <- 0x33333000


mem[X,0x8001FFDC] -> 0x0513
mem[X,0x8001FFDE] -> 0x3345
[3460] [M]: 0x8001FFDC (0x33450513) addi a0, a0, 820
x10 <- 0x33333334


mem[X,0x8001FFE0] -> 0xB5B7
mem[X,0x8001FFE2] -> 0xAAAA
[3461] [M]: 0x8001FFE0 (0xAAAAB5B7) lui a1, 699051
x11 <- 0xAAAAB000


mem[X,0x8001FFE4] -> 0x8593
mem[X,0x8001FFE6] -> 0xAAB5
[3462] [M]: 0x8001FFE4 (0xAAB58593) addi a1, a1, 2731
x11 <- 0xAAAAAAAB


mem[X,0x8001FFE8] -> 0x0113
mem[X,0x8001FFEA] -> 0x0000
[3463] [M]: 0x8001FFE8 (0x00000113) addi sp, zero, 0
x2 <- 0x00000000


mem[X,0x8001FFEC] -> 0x006F
mem[X,0x8001FFEE] -> 0x00C0
[3464] [M]: 0x8001FFEC (0x00C0006F) jal zero, 12


mem[X,0x8001FFF8] -> 0x0663
mem[X,0x8001FFFA] -> 0x00B5
[3465] [M]: 0x8001FFF8 (0x00B50663) beq a0, a1, 12


mem[X,0x8001FFFC] -> 0x0113
mem[X,0x8001FFFE] -> 0x0021
[3466] [M]: 0x8001FFFC (0x00210113) addi sp, sp, 2
x2 <- 0x00000002


mem[X,0x80020000] -> 0x006F
mem[X,0x80020002] -> 0x00C0
[3467] [M]: 0x80020000 (0x00C0006F) jal zero, 12


mem[X,0x8002000C] -> 0xA223
mem[X,0x8002000E] -> 0x5620
[3468] [M]: 0x8002000C (0x5620A223) sw sp, 1380(ra)
mem[0x8003A6CC] <- 0x00000002


mem[X,0x80020010] -> 0x3537
mem[X,0x80020012] -> 0x3333
[3469] [M]: 0x80020010 (0x33333537) lui a0, 209715
x10 <- 0x33333000


mem[X,0x80020014] -> 0x0513
mem[X,0x80020016] -> 0x3345
[3470] [M]: 0x80020014 (0x33450513) addi a0, a0, 820
x10 <- 0x33333334


mem[X,0x80020018] -> 0x0593
mem[X,0x8002001A] -> 0x0060
[3471] [M]: 0x80020018 (0x00600593) addi a1, zero, 6
x11 <- 0x00000006


mem[X,0x8002001C] -> 0x0113
mem[X,0x8002001E] -> 0x0000
[3472] [M]: 0x8002001C (0x00000113) addi sp, zero, 0
x2 <- 0x00000000


mem[X,0x80020020] -> 0x006F
mem[X,0x80020022] -> 0x00C0
[3473] [M]: 0x80020020 (0x00C0006F) jal zero, 12


mem[X,0x8002002C] -> 0x0CE3
mem[X,0x8002002E] -> 0xFEB5
[3474] [M]: 0x8002002C (0xFEB50CE3) beq a0, a1, 8184


mem[X,0x80020030] -> 0x0113
mem[X,0x80020032] -> 0x0021
[3475] [M]: 0x80020030 (0x00210113) addi sp, sp, 2
x2 <- 0x00000002


mem[X,0x80020034] -> 0x006F
mem[X,0x80020036] -> 0x00C0
[3476] [M]: 0x80020034 (0x00C0006F) jal zero, 12


mem[X,0x80020040] -> 0xA423
mem[X,0x80020042] -> 0x5620
[3477] [M]: 0x80020040 (0x5620A423) sw sp, 1384(ra)
mem[0x8003A6D0] <- 0x00000002


mem[X,0x80020044] -> 0x3537
mem[X,0x80020046] -> 0x3333
[3478] [M]: 0x80020044 (0x33333537) lui a0, 209715
x10 <- 0x33333000


mem[X,0x80020048] -> 0x0513
mem[X,0x8002004A] -> 0x3345
[3479] [M]: 0x80020048 (0x33450513) addi a0, a0, 820
x10 <- 0x33333334


mem[X,0x8002004C] -> 0x35B7
mem[X,0x8002004E] -> 0x3333
[3480] [M]: 0x8002004C (0x333335B7) lui a1, 209715
x11 <- 0x33333000


mem[X,0x80020050] -> 0x8593
mem[X,0x80020052] -> 0x3345
[3481] [M]: 0x80020050 (0x33458593) addi a1, a1, 820
x11 <- 0x33333334


mem[X,0x80020054] -> 0x0113
mem[X,0x80020056] -> 0x0000
[3482] [M]: 0x80020054 (0x00000113) addi sp, zero, 0
x2 <- 0x00000000


mem[X,0x80020058] -> 0x006F
mem[X,0x8002005A] -> 0x00C0
[3483] [M]: 0x80020058 (0x00C0006F) jal zero, 12


mem[X,0x80020064] -> 0x0663
mem[X,0x80020066] -> 0x00B5
[3484] [M]: 0x80020064 (0x00B50663) beq a0, a1, 12


mem[X,0x80020070] -> 0x0113
mem[X,0x80020072] -> 0x0031
[3485] [M]: 0x80020070 (0x00310113) addi sp, sp, 3
x2 <- 0x00000003


mem[X,0x80020074] -> 0x006F
mem[X,0x80020076] -> 0x0040
[3486] [M]: 0x80020074 (0x0040006F) jal zero, 4


mem[X,0x80020078] -> 0xA623
mem[X,0x8002007A] -> 0x5620
[3487] [M]: 0x80020078 (0x5620A623) sw sp, 1388(ra)
mem[0x8003A6D4] <- 0x00000003


mem[X,0x8002007C] -> 0x3537
mem[X,0x8002007E] -> 0x3333
[3488] [M]: 0x8002007C (0x33333537) lui a0, 209715
x10 <- 0x33333000


mem[X,0x80020080] -> 0x0513
mem[X,0x80020082] -> 0x3345
[3489] [M]: 0x80020080 (0x33450513) addi a0, a0, 820
x10 <- 0x33333334


mem[X,0x80020084] -> 0x65B7
mem[X,0x80020086] -> 0x6666
[3490] [M]: 0x80020084 (0x666665B7) lui a1, 419430
x11 <- 0x66666000


mem[X,0x80020088] -> 0x8593
mem[X,0x8002008A] -> 0x6675
[3491] [M]: 0x80020088 (0x66758593) addi a1, a1, 1639
x11 <- 0x66666667


mem[X,0x8002008C] -> 0x0113
mem[X,0x8002008E] -> 0x0000
[3492] [M]: 0x8002008C (0x00000113) addi sp, zero, 0
x2 <- 0x00000000


mem[X,0x80020090] -> 0x006F
mem[X,0x80020092] -> 0x0140
[3493] [M]: 0x80020090 (0x0140006F) jal zero, 20


mem[X,0x800200A4] -> 0x08E3
mem[X,0x800200A6] -> 0xFEB5
[3494] [M]: 0x800200A4 (0xFEB508E3) beq a0, a1, 8176


mem[X,0x800200A8] -> 0x0113
mem[X,0x800200AA] -> 0x0021
[3495] [M]: 0x800200A8 (0x00210113) addi sp, sp, 2
x2 <- 0x00000002


mem[X,0x800200AC] -> 0x006F
mem[X,0x800200AE] -> 0x00C0
[3496] [M]: 0x800200AC (0x00C0006F) jal zero, 12


mem[X,0x800200B8] -> 0xA823
mem[X,0x800200BA] -> 0x5620
[3497] [M]: 0x800200B8 (0x5620A823) sw sp, 1392(ra)
mem[0x8003A6D8] <- 0x00000002


mem[X,0x800200BC] -> 0x3537
mem[X,0x800200BE] -> 0x3333
[3498] [M]: 0x800200BC (0x33333537) lui a0, 209715
x10 <- 0x33333000


mem[X,0x800200C0] -> 0x0513
mem[X,0x800200C2] -> 0x3345
[3499] [M]: 0x800200C0 (0x33450513) addi a0, a0, 820
x10 <- 0x33333334


clint::tick mtime <- 0x0000000000000023
 clint timer pending at mtime 0x0000000000000023
htif::tick 0x0000000000000000
mem[X,0x800200C4] -> 0x55B7
mem[X,0x800200C6] -> 0xFFFF
[3500] [M]: 0x800200C4 (0xFFFF55B7) lui a1, 1048565
x11 <- 0xFFFF5000


mem[X,0x800200C8] -> 0x8593
mem[X,0x800200CA] -> 0xAFD5
[3501] [M]: 0x800200C8 (0xAFD58593) addi a1, a1, 2813
x11 <- 0xFFFF4AFD


mem[X,0x800200CC] -> 0x0113
mem[X,0x800200CE] -> 0x0000
[3502] [M]: 0x800200CC (0x00000113) addi sp, zero, 0
x2 <- 0x00000000


mem[X,0x800200D0] -> 0x006F
mem[X,0x800200D2] -> 0x00C0
[3503] [M]: 0x800200D0 (0x00C0006F) jal zero, 12


mem[X,0x800200DC] -> 0x0063
mem[X,0x800200DE] -> 0x40B5
[3504] [M]: 0x800200DC (0x40B50063) beq a0, a1, 1024


mem[X,0x800200E0] -> 0x0113
mem[X,0x800200E2] -> 0x0021
[3505] [M]: 0x800200E0 (0x00210113) addi sp, sp, 2
x2 <- 0x00000002


mem[X,0x800200E4] -> 0x006F
mem[X,0x800200E6] -> 0x4000
[3506] [M]: 0x800200E4 (0x4000006F) jal zero, 1024


mem[X,0x800204E4] -> 0xAA23
mem[X,0x800204E6] -> 0x5620
[3507] [M]: 0x800204E4 (0x5620AA23) sw sp, 1396(ra)
mem[0x8003A6DC] <- 0x00000002


mem[X,0x800204E8] -> 0x3537
mem[X,0x800204EA] -> 0x3333
[3508] [M]: 0x800204E8 (0x33333537) lui a0, 209715
x10 <- 0x33333000


mem[X,0x800204EC] -> 0x0513
mem[X,0x800204EE] -> 0x3345
[3509] [M]: 0x800204EC (0x33450513) addi a0, a0, 820
x10 <- 0x33333334


mem[X,0x800204F0] -> 0xB5B7
mem[X,0x800204F2] -> 0x0000
[3510] [M]: 0x800204F0 (0x0000B5B7) lui a1, 11
x11 <- 0x0000B000


mem[X,0x800204F4] -> 0x8593
mem[X,0x800204F6] -> 0x5055
[3511] [M]: 0x800204F4 (0x50558593) addi a1, a1, 1285
x11 <- 0x0000B505


mem[X,0x800204F8] -> 0x0113
mem[X,0x800204FA] -> 0x0000
[3512] [M]: 0x800204F8 (0x00000113) addi sp, zero, 0
x2 <- 0x00000000


mem[X,0x800204FC] -> 0x006F
mem[X,0x800204FE] -> 0x0050
[3513] [M]: 0x800204FC (0x0050006F) jal zero, 2052


mem[X,0x80020D00] -> 0x00E3
mem[X,0x80020D02] -> 0x80B5
[3514] [M]: 0x80020D00 (0x80B500E3) beq a0, a1, 6144


mem[X,0x80020D04] -> 0x0113
mem[X,0x80020D06] -> 0x0021
[3515] [M]: 0x80020D04 (0x00210113) addi sp, sp, 2
x2 <- 0x00000002


mem[X,0x80020D08] -> 0x006F
mem[X,0x80020D0A] -> 0x00C0
[3516] [M]: 0x80020D08 (0x00C0006F) jal zero, 12


mem[X,0x80020D14] -> 0xAC23
mem[X,0x80020D16] -> 0x5620
[3517] [M]: 0x80020D14 (0x5620AC23) sw sp, 1400(ra)
mem[0x8003A6E0] <- 0x00000002


mem[X,0x80020D18] -> 0x6537
mem[X,0x80020D1A] -> 0x6666
[3518] [M]: 0x80020D18 (0x66666537) lui a0, 419430
x10 <- 0x66666000


mem[X,0x80020D1C] -> 0x0513
mem[X,0x80020D1E] -> 0x6675
[3519] [M]: 0x80020D1C (0x66750513) addi a0, a0, 1639
x10 <- 0x66666667


mem[X,0x80020D20] -> 0x0593
mem[X,0x80020D22] -> 0x0030
[3520] [M]: 0x80020D20 (0x00300593) addi a1, zero, 3
x11 <- 0x00000003


mem[X,0x80020D24] -> 0x0113
mem[X,0x80020D26] -> 0x0000
[3521] [M]: 0x80020D24 (0x00000113) addi sp, zero, 0
x2 <- 0x00000000


mem[X,0x80020D28] -> 0x006F
mem[X,0x80020D2A] -> 0x00C0
[3522] [M]: 0x80020D28 (0x00C0006F) jal zero, 12


mem[X,0x80020D34] -> 0x0063
mem[X,0x80020D36] -> 0x20B5
[3523] [M]: 0x80020D34 (0x20B50063) beq a0, a1, 512


mem[X,0x80020D38] -> 0x0113
mem[X,0x80020D3A] -> 0x0021
[3524] [M]: 0x80020D38 (0x00210113) addi sp, sp, 2
x2 <- 0x00000002


mem[X,0x80020D3C] -> 0x006F
mem[X,0x80020D3E] -> 0x2000
[3525] [M]: 0x80020D3C (0x2000006F) jal zero, 512


mem[X,0x80020F3C] -> 0xAE23
mem[X,0x80020F3E] -> 0x5620
[3526] [M]: 0x80020F3C (0x5620AE23) sw sp, 1404(ra)
mem[0x8003A6E4] <- 0x00000002


mem[X,0x80020F40] -> 0x6537
mem[X,0x80020F42] -> 0x6666
[3527] [M]: 0x80020F40 (0x66666537) lui a0, 419430
x10 <- 0x66666000


mem[X,0x80020F44] -> 0x0513
mem[X,0x80020F46] -> 0x6675
[3528] [M]: 0x80020F44 (0x66750513) addi a0, a0, 1639
x10 <- 0x66666667


mem[X,0x80020F48] -> 0x55B7
mem[X,0x80020F4A] -> 0x5555
[3529] [M]: 0x80020F48 (0x555555B7) lui a1, 349525
x11 <- 0x55555000


mem[X,0x80020F4C] -> 0x8593
mem[X,0x80020F4E] -> 0x5555
[3530] [M]: 0x80020F4C (0x55558593) addi a1, a1, 1365
x11 <- 0x55555555


mem[X,0x80020F50] -> 0x0113
mem[X,0x80020F52] -> 0x0000
[3531] [M]: 0x80020F50 (0x00000113) addi sp, zero, 0
x2 <- 0x00000000


mem[X,0x80020F54] -> 0x006F
mem[X,0x80020F56] -> 0x00C0
[3532] [M]: 0x80020F54 (0x00C0006F) jal zero, 12


mem[X,0x80020F60] -> 0x0CE3
mem[X,0x80020F62] -> 0xFEB5
[3533] [M]: 0x80020F60 (0xFEB50CE3) beq a0, a1, 8184


mem[X,0x80020F64] -> 0x0113
mem[X,0x80020F66] -> 0x0021
[3534] [M]: 0x80020F64 (0x00210113) addi sp, sp, 2
x2 <- 0x00000002


mem[X,0x80020F68] -> 0x006F
mem[X,0x80020F6A] -> 0x00C0
[3535] [M]: 0x80020F68 (0x00C0006F) jal zero, 12


mem[X,0x80020F74] -> 0xA023
mem[X,0x80020F76] -> 0x5820
[3536] [M]: 0x80020F74 (0x5820A023) sw sp, 1408(ra)
mem[0x8003A6E8] <- 0x00000002


mem[X,0x80020F78] -> 0x6537
mem[X,0x80020F7A] -> 0x6666
[3537] [M]: 0x80020F78 (0x66666537) lui a0, 419430
x10 <- 0x66666000


mem[X,0x80020F7C] -> 0x0513
mem[X,0x80020F7E] -> 0x6675
[3538] [M]: 0x80020F7C (0x66750513) addi a0, a0, 1639
x10 <- 0x66666667


mem[X,0x80020F80] -> 0xB5B7
mem[X,0x80020F82] -> 0xAAAA
[3539] [M]: 0x80020F80 (0xAAAAB5B7) lui a1, 699051
x11 <- 0xAAAAB000


mem[X,0x80020F84] -> 0x8593
mem[X,0x80020F86] -> 0xAAA5
[3540] [M]: 0x80020F84 (0xAAA58593) addi a1, a1, 2730
x11 <- 0xAAAAAAAA


mem[X,0x80020F88] -> 0x0113
mem[X,0x80020F8A] -> 0x0000
[3541] [M]: 0x80020F88 (0x00000113) addi sp, zero, 0
x2 <- 0x00000000


mem[X,0x80020F8C] -> 0x006F
mem[X,0x80020F8E] -> 0x00C0
[3542] [M]: 0x80020F8C (0x00C0006F) jal zero, 12


mem[X,0x80020F98] -> 0x0CE3
mem[X,0x80020F9A] -> 0xFEB5
[3543] [M]: 0x80020F98 (0xFEB50CE3) beq a0, a1, 8184


mem[X,0x80020F9C] -> 0x0113
mem[X,0x80020F9E] -> 0x0021
[3544] [M]: 0x80020F9C (0x00210113) addi sp, sp, 2
x2 <- 0x00000002


mem[X,0x80020FA0] -> 0x006F
mem[X,0x80020FA2] -> 0x00C0
[3545] [M]: 0x80020FA0 (0x00C0006F) jal zero, 12


mem[X,0x80020FAC] -> 0xA223
mem[X,0x80020FAE] -> 0x5820
[3546] [M]: 0x80020FAC (0x5820A223) sw sp, 1412(ra)
mem[0x8003A6EC] <- 0x00000002


mem[X,0x80020FB0] -> 0x6537
mem[X,0x80020FB2] -> 0x6666
[3547] [M]: 0x80020FB0 (0x66666537) lui a0, 419430
x10 <- 0x66666000


mem[X,0x80020FB4] -> 0x0513
mem[X,0x80020FB6] -> 0x6675
[3548] [M]: 0x80020FB4 (0x66750513) addi a0, a0, 1639
x10 <- 0x66666667


mem[X,0x80020FB8] -> 0x0593
mem[X,0x80020FBA] -> 0x0050
[3549] [M]: 0x80020FB8 (0x00500593) addi a1, zero, 5
x11 <- 0x00000005


mem[X,0x80020FBC] -> 0x0113
mem[X,0x80020FBE] -> 0x0000
[3550] [M]: 0x80020FBC (0x00000113) addi sp, zero, 0
x2 <- 0x00000000


mem[X,0x80020FC0] -> 0x006F
mem[X,0x80020FC2] -> 0x00C0
[3551] [M]: 0x80020FC0 (0x00C0006F) jal zero, 12


mem[X,0x80020FCC] -> 0x0663
mem[X,0x80020FCE] -> 0x00B5
[3552] [M]: 0x80020FCC (0x00B50663) beq a0, a1, 12


mem[X,0x80020FD0] -> 0x0113
mem[X,0x80020FD2] -> 0x0021
[3553] [M]: 0x80020FD0 (0x00210113) addi sp, sp, 2
x2 <- 0x00000002


mem[X,0x80020FD4] -> 0x006F
mem[X,0x80020FD6] -> 0x00C0
[3554] [M]: 0x80020FD4 (0x00C0006F) jal zero, 12


mem[X,0x80020FE0] -> 0xA423
mem[X,0x80020FE2] -> 0x5820
[3555] [M]: 0x80020FE0 (0x5820A423) sw sp, 1416(ra)
mem[0x8003A6F0] <- 0x00000002


mem[X,0x80020FE4] -> 0x6537
mem[X,0x80020FE6] -> 0x6666
[3556] [M]: 0x80020FE4 (0x66666537) lui a0, 419430
x10 <- 0x66666000


mem[X,0x80020FE8] -> 0x0513
mem[X,0x80020FEA] -> 0x6675
[3557] [M]: 0x80020FE8 (0x66750513) addi a0, a0, 1639
x10 <- 0x66666667


mem[X,0x80020FEC] -> 0x35B7
mem[X,0x80020FEE] -> 0x3333
[3558] [M]: 0x80020FEC (0x333335B7) lui a1, 209715
x11 <- 0x33333000


mem[X,0x80020FF0] -> 0x8593
mem[X,0x80020FF2] -> 0x3335
[3559] [M]: 0x80020FF0 (0x33358593) addi a1, a1, 819
x11 <- 0x33333333


mem[X,0x80020FF4] -> 0x0113
mem[X,0x80020FF6] -> 0x0000
[3560] [M]: 0x80020FF4 (0x00000113) addi sp, zero, 0
x2 <- 0x00000000


mem[X,0x80020FF8] -> 0x006F
mem[X,0x80020FFA] -> 0x0100
[3561] [M]: 0x80020FF8 (0x0100006F) jal zero, 16


mem[X,0x80021008] -> 0x0AE3
mem[X,0x8002100A] -> 0xFEB5
[3562] [M]: 0x80021008 (0xFEB50AE3) beq a0, a1, 8180


mem[X,0x8002100C] -> 0x0113
mem[X,0x8002100E] -> 0x0021
[3563] [M]: 0x8002100C (0x00210113) addi sp, sp, 2
x2 <- 0x00000002


mem[X,0x80021010] -> 0x006F
mem[X,0x80021012] -> 0x00C0
[3564] [M]: 0x80021010 (0x00C0006F) jal zero, 12


mem[X,0x8002101C] -> 0xA623
mem[X,0x8002101E] -> 0x5820
[3565] [M]: 0x8002101C (0x5820A623) sw sp, 1420(ra)
mem[0x8003A6F4] <- 0x00000002


mem[X,0x80021020] -> 0x6537
mem[X,0x80021022] -> 0x6666
[3566] [M]: 0x80021020 (0x66666537) lui a0, 419430
x10 <- 0x66666000


mem[X,0x80021024] -> 0x0513
mem[X,0x80021026] -> 0x6675
[3567] [M]: 0x80021024 (0x66750513) addi a0, a0, 1639
x10 <- 0x66666667


mem[X,0x80021028] -> 0x65B7
mem[X,0x8002102A] -> 0x6666
[3568] [M]: 0x80021028 (0x666665B7) lui a1, 419430
x11 <- 0x66666000


mem[X,0x8002102C] -> 0x8593
mem[X,0x8002102E] -> 0x6665
[3569] [M]: 0x8002102C (0x66658593) addi a1, a1, 1638
x11 <- 0x66666666


mem[X,0x80021030] -> 0x0113
mem[X,0x80021032] -> 0x0000
[3570] [M]: 0x80021030 (0x00000113) addi sp, zero, 0
x2 <- 0x00000000


mem[X,0x80021034] -> 0x006F
mem[X,0x80021036] -> 0x0100
[3571] [M]: 0x80021034 (0x0100006F) jal zero, 16


mem[X,0x80021044] -> 0x0AE3
mem[X,0x80021046] -> 0xFEB5
[3572] [M]: 0x80021044 (0xFEB50AE3) beq a0, a1, 8180


mem[X,0x80021048] -> 0x0113
mem[X,0x8002104A] -> 0x0021
[3573] [M]: 0x80021048 (0x00210113) addi sp, sp, 2
x2 <- 0x00000002


mem[X,0x8002104C] -> 0x006F
mem[X,0x8002104E] -> 0x00C0
[3574] [M]: 0x8002104C (0x00C0006F) jal zero, 12


mem[X,0x80021058] -> 0xA823
mem[X,0x8002105A] -> 0x5820
[3575] [M]: 0x80021058 (0x5820A823) sw sp, 1424(ra)
mem[0x8003A6F8] <- 0x00000002


mem[X,0x8002105C] -> 0x6537
mem[X,0x8002105E] -> 0x6666
[3576] [M]: 0x8002105C (0x66666537) lui a0, 419430
x10 <- 0x66666000


mem[X,0x80021060] -> 0x0513
mem[X,0x80021062] -> 0x6675
[3577] [M]: 0x80021060 (0x66750513) addi a0, a0, 1639
x10 <- 0x66666667


mem[X,0x80021064] -> 0x55B7
mem[X,0x80021066] -> 0xFFFF
[3578] [M]: 0x80021064 (0xFFFF55B7) lui a1, 1048565
x11 <- 0xFFFF5000


mem[X,0x80021068] -> 0x8593
mem[X,0x8002106A] -> 0xAFC5
[3579] [M]: 0x80021068 (0xAFC58593) addi a1, a1, 2812
x11 <- 0xFFFF4AFC


mem[X,0x8002106C] -> 0x0113
mem[X,0x8002106E] -> 0x0000
[3580] [M]: 0x8002106C (0x00000113) addi sp, zero, 0
x2 <- 0x00000000


mem[X,0x80021070] -> 0x006F
mem[X,0x80021072] -> 0x00C0
[3581] [M]: 0x80021070 (0x00C0006F) jal zero, 12


mem[X,0x8002107C] -> 0x0663
mem[X,0x8002107E] -> 0x00B5
[3582] [M]: 0x8002107C (0x00B50663) beq a0, a1, 12


mem[X,0x80021080] -> 0x0113
mem[X,0x80021082] -> 0x0021
[3583] [M]: 0x80021080 (0x00210113) addi sp, sp, 2
x2 <- 0x00000002


mem[X,0x80021084] -> 0x006F
mem[X,0x80021086] -> 0x00C0
[3584] [M]: 0x80021084 (0x00C0006F) jal zero, 12


mem[X,0x80021090] -> 0xAA23
mem[X,0x80021092] -> 0x5820
[3585] [M]: 0x80021090 (0x5820AA23) sw sp, 1428(ra)
mem[0x8003A6FC] <- 0x00000002


mem[X,0x80021094] -> 0x6537
mem[X,0x80021096] -> 0x6666
[3586] [M]: 0x80021094 (0x66666537) lui a0, 419430
x10 <- 0x66666000


mem[X,0x80021098] -> 0x0513
mem[X,0x8002109A] -> 0x6675
[3587] [M]: 0x80021098 (0x66750513) addi a0, a0, 1639
x10 <- 0x66666667


mem[X,0x8002109C] -> 0xB5B7
mem[X,0x8002109E] -> 0x0000
[3588] [M]: 0x8002109C (0x0000B5B7) lui a1, 11
x11 <- 0x0000B000


mem[X,0x800210A0] -> 0x8593
mem[X,0x800210A2] -> 0x5045
[3589] [M]: 0x800210A0 (0x50458593) addi a1, a1, 1284
x11 <- 0x0000B504


mem[X,0x800210A4] -> 0x0113
mem[X,0x800210A6] -> 0x0000
[3590] [M]: 0x800210A4 (0x00000113) addi sp, zero, 0
x2 <- 0x00000000


mem[X,0x800210A8] -> 0x006F
mem[X,0x800210AA] -> 0x00C0
[3591] [M]: 0x800210A8 (0x00C0006F) jal zero, 12


mem[X,0x800210B4] -> 0x0063
mem[X,0x800210B6] -> 0x10B5
[3592] [M]: 0x800210B4 (0x10B50063) beq a0, a1, 256


mem[X,0x800210B8] -> 0x0113
mem[X,0x800210BA] -> 0x0021
[3593] [M]: 0x800210B8 (0x00210113) addi sp, sp, 2
x2 <- 0x00000002


mem[X,0x800210BC] -> 0x006F
mem[X,0x800210BE] -> 0x1000
[3594] [M]: 0x800210BC (0x1000006F) jal zero, 256


mem[X,0x800211BC] -> 0xAC23
mem[X,0x800211BE] -> 0x5820
[3595] [M]: 0x800211BC (0x5820AC23) sw sp, 1432(ra)
mem[0x8003A700] <- 0x00000002


mem[X,0x800211C0] -> 0x6537
mem[X,0x800211C2] -> 0x6666
[3596] [M]: 0x800211C0 (0x66666537) lui a0, 419430
x10 <- 0x66666000


mem[X,0x800211C4] -> 0x0513
mem[X,0x800211C6] -> 0x6675
[3597] [M]: 0x800211C4 (0x66750513) addi a0, a0, 1639
x10 <- 0x66666667


mem[X,0x800211C8] -> 0x0593
mem[X,0x800211CA] -> 0x0020
[3598] [M]: 0x800211C8 (0x00200593) addi a1, zero, 2
x11 <- 0x00000002


mem[X,0x800211CC] -> 0x0113
mem[X,0x800211CE] -> 0x0000
[3599] [M]: 0x800211CC (0x00000113) addi sp, zero, 0
x2 <- 0x00000000


clint::tick mtime <- 0x0000000000000024
 clint timer pending at mtime 0x0000000000000024
htif::tick 0x0000000000000000
mem[X,0x800211D0] -> 0x006F
mem[X,0x800211D2] -> 0x00C0
[3600] [M]: 0x800211D0 (0x00C0006F) jal zero, 12


mem[X,0x800211DC] -> 0x0063
mem[X,0x800211DE] -> 0x08B5
[3601] [M]: 0x800211DC (0x08B50063) beq a0, a1, 128


mem[X,0x800211E0] -> 0x0113
mem[X,0x800211E2] -> 0x0021
[3602] [M]: 0x800211E0 (0x00210113) addi sp, sp, 2
x2 <- 0x00000002


mem[X,0x800211E4] -> 0x006F
mem[X,0x800211E6] -> 0x0800
[3603] [M]: 0x800211E4 (0x0800006F) jal zero, 128


mem[X,0x80021264] -> 0xAE23
mem[X,0x80021266] -> 0x5820
[3604] [M]: 0x80021264 (0x5820AE23) sw sp, 1436(ra)
mem[0x8003A704] <- 0x00000002


mem[X,0x80021268] -> 0x6537
mem[X,0x8002126A] -> 0x6666
[3605] [M]: 0x80021268 (0x66666537) lui a0, 419430
x10 <- 0x66666000


mem[X,0x8002126C] -> 0x0513
mem[X,0x8002126E] -> 0x6675
[3606] [M]: 0x8002126C (0x66750513) addi a0, a0, 1639
x10 <- 0x66666667


mem[X,0x80021270] -> 0x55B7
mem[X,0x80021272] -> 0x5555
[3607] [M]: 0x80021270 (0x555555B7) lui a1, 349525
x11 <- 0x55555000


mem[X,0x80021274] -> 0x8593
mem[X,0x80021276] -> 0x5545
[3608] [M]: 0x80021274 (0x55458593) addi a1, a1, 1364
x11 <- 0x55555554


mem[X,0x80021278] -> 0x0113
mem[X,0x8002127A] -> 0x0000
[3609] [M]: 0x80021278 (0x00000113) addi sp, zero, 0
x2 <- 0x00000000


mem[X,0x8002127C] -> 0x006F
mem[X,0x8002127E] -> 0x00C0
[3610] [M]: 0x8002127C (0x00C0006F) jal zero, 12


mem[X,0x80021288] -> 0x0663
mem[X,0x8002128A] -> 0x00B5
[3611] [M]: 0x80021288 (0x00B50663) beq a0, a1, 12


mem[X,0x8002128C] -> 0x0113
mem[X,0x8002128E] -> 0x0021
[3612] [M]: 0x8002128C (0x00210113) addi sp, sp, 2
x2 <- 0x00000002


mem[X,0x80021290] -> 0x006F
mem[X,0x80021292] -> 0x00C0
[3613] [M]: 0x80021290 (0x00C0006F) jal zero, 12


mem[X,0x8002129C] -> 0xA023
mem[X,0x8002129E] -> 0x5A20
[3614] [M]: 0x8002129C (0x5A20A023) sw sp, 1440(ra)
mem[0x8003A708] <- 0x00000002


mem[X,0x800212A0] -> 0x6537
mem[X,0x800212A2] -> 0x6666
[3615] [M]: 0x800212A0 (0x66666537) lui a0, 419430
x10 <- 0x66666000


mem[X,0x800212A4] -> 0x0513
mem[X,0x800212A6] -> 0x6675
[3616] [M]: 0x800212A4 (0x66750513) addi a0, a0, 1639
x10 <- 0x66666667


mem[X,0x800212A8] -> 0x0593
mem[X,0x800212AA] -> 0x0000
[3617] [M]: 0x800212A8 (0x00000593) addi a1, zero, 0
x11 <- 0x00000000


mem[X,0x800212AC] -> 0x0113
mem[X,0x800212AE] -> 0x0000
[3618] [M]: 0x800212AC (0x00000113) addi sp, zero, 0
x2 <- 0x00000000


mem[X,0x800212B0] -> 0x006F
mem[X,0x800212B2] -> 0x00C0
[3619] [M]: 0x800212B0 (0x00C0006F) jal zero, 12


mem[X,0x800212BC] -> 0x0063
mem[X,0x800212BE] -> 0x02B5
[3620] [M]: 0x800212BC (0x02B50063) beq a0, a1, 32


mem[X,0x800212C0] -> 0x0113
mem[X,0x800212C2] -> 0x0021
[3621] [M]: 0x800212C0 (0x00210113) addi sp, sp, 2
x2 <- 0x00000002


mem[X,0x800212C4] -> 0x006F
mem[X,0x800212C6] -> 0x0200
[3622] [M]: 0x800212C4 (0x0200006F) jal zero, 32


mem[X,0x800212E4] -> 0xA223
mem[X,0x800212E6] -> 0x5A20
[3623] [M]: 0x800212E4 (0x5A20A223) sw sp, 1444(ra)
mem[0x8003A70C] <- 0x00000002


mem[X,0x800212E8] -> 0x6537
mem[X,0x800212EA] -> 0x6666
[3624] [M]: 0x800212E8 (0x66666537) lui a0, 419430
x10 <- 0x66666000


mem[X,0x800212EC] -> 0x0513
mem[X,0x800212EE] -> 0x6675
[3625] [M]: 0x800212EC (0x66750513) addi a0, a0, 1639
x10 <- 0x66666667


mem[X,0x800212F0] -> 0x0593
mem[X,0x800212F2] -> 0x0040
[3626] [M]: 0x800212F0 (0x00400593) addi a1, zero, 4
x11 <- 0x00000004


mem[X,0x800212F4] -> 0x0113
mem[X,0x800212F6] -> 0x0000
[3627] [M]: 0x800212F4 (0x00000113) addi sp, zero, 0
x2 <- 0x00000000


mem[X,0x800212F8] -> 0x006F
mem[X,0x800212FA] -> 0x0050
[3628] [M]: 0x800212F8 (0x0050006F) jal zero, 2052


mem[X,0x80021AFC] -> 0x00E3
mem[X,0x80021AFE] -> 0x80B5
[3629] [M]: 0x80021AFC (0x80B500E3) beq a0, a1, 6144


mem[X,0x80021B00] -> 0x0113
mem[X,0x80021B02] -> 0x0021
[3630] [M]: 0x80021B00 (0x00210113) addi sp, sp, 2
x2 <- 0x00000002


mem[X,0x80021B04] -> 0x006F
mem[X,0x80021B06] -> 0x00C0
[3631] [M]: 0x80021B04 (0x00C0006F) jal zero, 12


mem[X,0x80021B10] -> 0xA423
mem[X,0x80021B12] -> 0x5A20
[3632] [M]: 0x80021B10 (0x5A20A423) sw sp, 1448(ra)
mem[0x8003A710] <- 0x00000002


mem[X,0x80021B14] -> 0x6537
mem[X,0x80021B16] -> 0x6666
[3633] [M]: 0x80021B14 (0x66666537) lui a0, 419430
x10 <- 0x66666000


mem[X,0x80021B18] -> 0x0513
mem[X,0x80021B1A] -> 0x6675
[3634] [M]: 0x80021B18 (0x66750513) addi a0, a0, 1639
x10 <- 0x66666667


mem[X,0x80021B1C] -> 0x35B7
mem[X,0x80021B1E] -> 0x3333
[3635] [M]: 0x80021B1C (0x333335B7) lui a1, 209715
x11 <- 0x33333000


mem[X,0x80021B20] -> 0x8593
mem[X,0x80021B22] -> 0x3325
[3636] [M]: 0x80021B20 (0x33258593) addi a1, a1, 818
x11 <- 0x33333332


mem[X,0x80021B24] -> 0x0113
mem[X,0x80021B26] -> 0x0000
[3637] [M]: 0x80021B24 (0x00000113) addi sp, zero, 0
x2 <- 0x00000000


mem[X,0x80021B28] -> 0x006F
mem[X,0x80021B2A] -> 0x00C0
[3638] [M]: 0x80021B28 (0x00C0006F) jal zero, 12


mem[X,0x80021B34] -> 0x0CE3
mem[X,0x80021B36] -> 0xFEB5
[3639] [M]: 0x80021B34 (0xFEB50CE3) beq a0, a1, 8184


mem[X,0x80021B38] -> 0x0113
mem[X,0x80021B3A] -> 0x0021
[3640] [M]: 0x80021B38 (0x00210113) addi sp, sp, 2
x2 <- 0x00000002


mem[X,0x80021B3C] -> 0x006F
mem[X,0x80021B3E] -> 0x00C0
[3641] [M]: 0x80021B3C (0x00C0006F) jal zero, 12


mem[X,0x80021B48] -> 0xA623
mem[X,0x80021B4A] -> 0x5A20
[3642] [M]: 0x80021B48 (0x5A20A623) sw sp, 1452(ra)
mem[0x8003A714] <- 0x00000002


mem[X,0x80021B4C] -> 0x6537
mem[X,0x80021B4E] -> 0x6666
[3643] [M]: 0x80021B4C (0x66666537) lui a0, 419430
x10 <- 0x66666000


mem[X,0x80021B50] -> 0x0513
mem[X,0x80021B52] -> 0x6675
[3644] [M]: 0x80021B50 (0x66750513) addi a0, a0, 1639
x10 <- 0x66666667


mem[X,0x80021B54] -> 0x65B7
mem[X,0x80021B56] -> 0x6666
[3645] [M]: 0x80021B54 (0x666665B7) lui a1, 419430
x11 <- 0x66666000


mem[X,0x80021B58] -> 0x8593
mem[X,0x80021B5A] -> 0x6655
[3646] [M]: 0x80021B58 (0x66558593) addi a1, a1, 1637
x11 <- 0x66666665


mem[X,0x80021B5C] -> 0x0113
mem[X,0x80021B5E] -> 0x0000
[3647] [M]: 0x80021B5C (0x00000113) addi sp, zero, 0
x2 <- 0x00000000


mem[X,0x80021B60] -> 0x006F
mem[X,0x80021B62] -> 0x00C0
[3648] [M]: 0x80021B60 (0x00C0006F) jal zero, 12


mem[X,0x80021B6C] -> 0x0063
mem[X,0x80021B6E] -> 0x40B5
[3649] [M]: 0x80021B6C (0x40B50063) beq a0, a1, 1024


mem[X,0x80021B70] -> 0x0113
mem[X,0x80021B72] -> 0x0021
[3650] [M]: 0x80021B70 (0x00210113) addi sp, sp, 2
x2 <- 0x00000002


mem[X,0x80021B74] -> 0x006F
mem[X,0x80021B76] -> 0x4000
[3651] [M]: 0x80021B74 (0x4000006F) jal zero, 1024


mem[X,0x80021F74] -> 0xA823
mem[X,0x80021F76] -> 0x5A20
[3652] [M]: 0x80021F74 (0x5A20A823) sw sp, 1456(ra)
mem[0x8003A718] <- 0x00000002


mem[X,0x80021F78] -> 0x6537
mem[X,0x80021F7A] -> 0x6666
[3653] [M]: 0x80021F78 (0x66666537) lui a0, 419430
x10 <- 0x66666000


mem[X,0x80021F7C] -> 0x0513
mem[X,0x80021F7E] -> 0x6675
[3654] [M]: 0x80021F7C (0x66750513) addi a0, a0, 1639
x10 <- 0x66666667


mem[X,0x80021F80] -> 0xB5B7
mem[X,0x80021F82] -> 0x0000
[3655] [M]: 0x80021F80 (0x0000B5B7) lui a1, 11
x11 <- 0x0000B000


mem[X,0x80021F84] -> 0x8593
mem[X,0x80021F86] -> 0x5035
[3656] [M]: 0x80021F84 (0x50358593) addi a1, a1, 1283
x11 <- 0x0000B503


mem[X,0x80021F88] -> 0x0113
mem[X,0x80021F8A] -> 0x0000
[3657] [M]: 0x80021F88 (0x00000113) addi sp, zero, 0
x2 <- 0x00000000


mem[X,0x80021F8C] -> 0x006F
mem[X,0x80021F8E] -> 0x00C0
[3658] [M]: 0x80021F8C (0x00C0006F) jal zero, 12


mem[X,0x80021F98] -> 0x0CE3
mem[X,0x80021F9A] -> 0xFEB5
[3659] [M]: 0x80021F98 (0xFEB50CE3) beq a0, a1, 8184


mem[X,0x80021F9C] -> 0x0113
mem[X,0x80021F9E] -> 0x0021
[3660] [M]: 0x80021F9C (0x00210113) addi sp, sp, 2
x2 <- 0x00000002


mem[X,0x80021FA0] -> 0x006F
mem[X,0x80021FA2] -> 0x00C0
[3661] [M]: 0x80021FA0 (0x00C0006F) jal zero, 12


mem[X,0x80021FAC] -> 0xAA23
mem[X,0x80021FAE] -> 0x5A20
[3662] [M]: 0x80021FAC (0x5A20AA23) sw sp, 1460(ra)
mem[0x8003A71C] <- 0x00000002


mem[X,0x80021FB0] -> 0x6537
mem[X,0x80021FB2] -> 0x6666
[3663] [M]: 0x80021FB0 (0x66666537) lui a0, 419430
x10 <- 0x66666000


mem[X,0x80021FB4] -> 0x0513
mem[X,0x80021FB6] -> 0x6675
[3664] [M]: 0x80021FB4 (0x66750513) addi a0, a0, 1639
x10 <- 0x66666667


mem[X,0x80021FB8] -> 0x55B7
mem[X,0x80021FBA] -> 0x5555
[3665] [M]: 0x80021FB8 (0x555555B7) lui a1, 349525
x11 <- 0x55555000


mem[X,0x80021FBC] -> 0x8593
mem[X,0x80021FBE] -> 0x5565
[3666] [M]: 0x80021FBC (0x55658593) addi a1, a1, 1366
x11 <- 0x55555556


mem[X,0x80021FC0] -> 0x0113
mem[X,0x80021FC2] -> 0x0000
[3667] [M]: 0x80021FC0 (0x00000113) addi sp, zero, 0
x2 <- 0x00000000


mem[X,0x80021FC4] -> 0x006F
mem[X,0x80021FC6] -> 0x00C0
[3668] [M]: 0x80021FC4 (0x00C0006F) jal zero, 12


mem[X,0x80021FD0] -> 0x0063
mem[X,0x80021FD2] -> 0x10B5
[3669] [M]: 0x80021FD0 (0x10B50063) beq a0, a1, 256


mem[X,0x80021FD4] -> 0x0113
mem[X,0x80021FD6] -> 0x0021
[3670] [M]: 0x80021FD4 (0x00210113) addi sp, sp, 2
x2 <- 0x00000002


mem[X,0x80021FD8] -> 0x006F
mem[X,0x80021FDA] -> 0x1000
[3671] [M]: 0x80021FD8 (0x1000006F) jal zero, 256


mem[X,0x800220D8] -> 0xAC23
mem[X,0x800220DA] -> 0x5A20
[3672] [M]: 0x800220D8 (0x5A20AC23) sw sp, 1464(ra)
mem[0x8003A720] <- 0x00000002


mem[X,0x800220DC] -> 0x6537
mem[X,0x800220DE] -> 0x6666
[3673] [M]: 0x800220DC (0x66666537) lui a0, 419430
x10 <- 0x66666000


mem[X,0x800220E0] -> 0x0513
mem[X,0x800220E2] -> 0x6675
[3674] [M]: 0x800220E0 (0x66750513) addi a0, a0, 1639
x10 <- 0x66666667


mem[X,0x800220E4] -> 0xB5B7
mem[X,0x800220E6] -> 0xAAAA
[3675] [M]: 0x800220E4 (0xAAAAB5B7) lui a1, 699051
x11 <- 0xAAAAB000


mem[X,0x800220E8] -> 0x8593
mem[X,0x800220EA] -> 0xAAB5
[3676] [M]: 0x800220E8 (0xAAB58593) addi a1, a1, 2731
x11 <- 0xAAAAAAAB


mem[X,0x800220EC] -> 0x0113
mem[X,0x800220EE] -> 0x0000
[3677] [M]: 0x800220EC (0x00000113) addi sp, zero, 0
x2 <- 0x00000000


mem[X,0x800220F0] -> 0x006F
mem[X,0x800220F2] -> 0x00C0
[3678] [M]: 0x800220F0 (0x00C0006F) jal zero, 12


mem[X,0x800220FC] -> 0x0063
mem[X,0x800220FE] -> 0x20B5
[3679] [M]: 0x800220FC (0x20B50063) beq a0, a1, 512


mem[X,0x80022100] -> 0x0113
mem[X,0x80022102] -> 0x0021
[3680] [M]: 0x80022100 (0x00210113) addi sp, sp, 2
x2 <- 0x00000002


mem[X,0x80022104] -> 0x006F
mem[X,0x80022106] -> 0x2000
[3681] [M]: 0x80022104 (0x2000006F) jal zero, 512


mem[X,0x80022304] -> 0xAE23
mem[X,0x80022306] -> 0x5A20
[3682] [M]: 0x80022304 (0x5A20AE23) sw sp, 1468(ra)
mem[0x8003A724] <- 0x00000002


mem[X,0x80022308] -> 0x6537
mem[X,0x8002230A] -> 0x6666
[3683] [M]: 0x80022308 (0x66666537) lui a0, 419430
x10 <- 0x66666000


mem[X,0x8002230C] -> 0x0513
mem[X,0x8002230E] -> 0x6675
[3684] [M]: 0x8002230C (0x66750513) addi a0, a0, 1639
x10 <- 0x66666667


mem[X,0x80022310] -> 0x0593
mem[X,0x80022312] -> 0x0060
[3685] [M]: 0x80022310 (0x00600593) addi a1, zero, 6
x11 <- 0x00000006


mem[X,0x80022314] -> 0x0113
mem[X,0x80022316] -> 0x0000
[3686] [M]: 0x80022314 (0x00000113) addi sp, zero, 0
x2 <- 0x00000000


mem[X,0x80022318] -> 0x006F
mem[X,0x8002231A] -> 0x00C0
[3687] [M]: 0x80022318 (0x00C0006F) jal zero, 12


mem[X,0x80022324] -> 0x0663
mem[X,0x80022326] -> 0x00B5
[3688] [M]: 0x80022324 (0x00B50663) beq a0, a1, 12


mem[X,0x80022328] -> 0x0113
mem[X,0x8002232A] -> 0x0021
[3689] [M]: 0x80022328 (0x00210113) addi sp, sp, 2
x2 <- 0x00000002


mem[X,0x8002232C] -> 0x006F
mem[X,0x8002232E] -> 0x00C0
[3690] [M]: 0x8002232C (0x00C0006F) jal zero, 12


mem[X,0x80022338] -> 0xA023
mem[X,0x8002233A] -> 0x5C20
[3691] [M]: 0x80022338 (0x5C20A023) sw sp, 1472(ra)
mem[0x8003A728] <- 0x00000002


mem[X,0x8002233C] -> 0x6537
mem[X,0x8002233E] -> 0x6666
[3692] [M]: 0x8002233C (0x66666537) lui a0, 419430
x10 <- 0x66666000


mem[X,0x80022340] -> 0x0513
mem[X,0x80022342] -> 0x6675
[3693] [M]: 0x80022340 (0x66750513) addi a0, a0, 1639
x10 <- 0x66666667


mem[X,0x80022344] -> 0x35B7
mem[X,0x80022346] -> 0x3333
[3694] [M]: 0x80022344 (0x333335B7) lui a1, 209715
x11 <- 0x33333000


mem[X,0x80022348] -> 0x8593
mem[X,0x8002234A] -> 0x3345
[3695] [M]: 0x80022348 (0x33458593) addi a1, a1, 820
x11 <- 0x33333334


mem[X,0x8002234C] -> 0x0113
mem[X,0x8002234E] -> 0x0000
[3696] [M]: 0x8002234C (0x00000113) addi sp, zero, 0
x2 <- 0x00000000


mem[X,0x80022350] -> 0x006F
mem[X,0x80022352] -> 0x00C0
[3697] [M]: 0x80022350 (0x00C0006F) jal zero, 12


mem[X,0x8002235C] -> 0x0063
mem[X,0x8002235E] -> 0x02B5
[3698] [M]: 0x8002235C (0x02B50063) beq a0, a1, 32


mem[X,0x80022360] -> 0x0113
mem[X,0x80022362] -> 0x0021
[3699] [M]: 0x80022360 (0x00210113) addi sp, sp, 2
x2 <- 0x00000002


clint::tick mtime <- 0x0000000000000025
 clint timer pending at mtime 0x0000000000000025
htif::tick 0x0000000000000000
mem[X,0x80022364] -> 0x006F
mem[X,0x80022366] -> 0x0200
[3700] [M]: 0x80022364 (0x0200006F) jal zero, 32


mem[X,0x80022384] -> 0xA223
mem[X,0x80022386] -> 0x5C20
[3701] [M]: 0x80022384 (0x5C20A223) sw sp, 1476(ra)
mem[0x8003A72C] <- 0x00000002


mem[X,0x80022388] -> 0x6537
mem[X,0x8002238A] -> 0x6666
[3702] [M]: 0x80022388 (0x66666537) lui a0, 419430
x10 <- 0x66666000


mem[X,0x8002238C] -> 0x0513
mem[X,0x8002238E] -> 0x6675
[3703] [M]: 0x8002238C (0x66750513) addi a0, a0, 1639
x10 <- 0x66666667


mem[X,0x80022390] -> 0x65B7
mem[X,0x80022392] -> 0x6666
[3704] [M]: 0x80022390 (0x666665B7) lui a1, 419430
x11 <- 0x66666000


mem[X,0x80022394] -> 0x8593
mem[X,0x80022396] -> 0x6675
[3705] [M]: 0x80022394 (0x66758593) addi a1, a1, 1639
x11 <- 0x66666667


mem[X,0x80022398] -> 0x0113
mem[X,0x8002239A] -> 0x0000
[3706] [M]: 0x80022398 (0x00000113) addi sp, zero, 0
x2 <- 0x00000000


mem[X,0x8002239C] -> 0x006F
mem[X,0x8002239E] -> 0x00C0
[3707] [M]: 0x8002239C (0x00C0006F) jal zero, 12


mem[X,0x800223A8] -> 0x0CE3
mem[X,0x800223AA] -> 0xFEB5
[3708] [M]: 0x800223A8 (0xFEB50CE3) beq a0, a1, 8184


mem[X,0x800223A0] -> 0x0113
mem[X,0x800223A2] -> 0x0011
[3709] [M]: 0x800223A0 (0x00110113) addi sp, sp, 1
x2 <- 0x00000001


mem[X,0x800223A4] -> 0x006F
mem[X,0x800223A6] -> 0x0180
[3710] [M]: 0x800223A4 (0x0180006F) jal zero, 24


mem[X,0x800223BC] -> 0xA423
mem[X,0x800223BE] -> 0x5C20
[3711] [M]: 0x800223BC (0x5C20A423) sw sp, 1480(ra)
mem[0x8003A730] <- 0x00000001


mem[X,0x800223C0] -> 0x6537
mem[X,0x800223C2] -> 0x6666
[3712] [M]: 0x800223C0 (0x66666537) lui a0, 419430
x10 <- 0x66666000


mem[X,0x800223C4] -> 0x0513
mem[X,0x800223C6] -> 0x6675
[3713] [M]: 0x800223C4 (0x66750513) addi a0, a0, 1639
x10 <- 0x66666667


mem[X,0x800223C8] -> 0x55B7
mem[X,0x800223CA] -> 0xFFFF
[3714] [M]: 0x800223C8 (0xFFFF55B7) lui a1, 1048565
x11 <- 0xFFFF5000


mem[X,0x800223CC] -> 0x8593
mem[X,0x800223CE] -> 0xAFD5
[3715] [M]: 0x800223CC (0xAFD58593) addi a1, a1, 2813
x11 <- 0xFFFF4AFD


mem[X,0x800223D0] -> 0x0113
mem[X,0x800223D2] -> 0x0000
[3716] [M]: 0x800223D0 (0x00000113) addi sp, zero, 0
x2 <- 0x00000000


mem[X,0x800223D4] -> 0x006F
mem[X,0x800223D6] -> 0x0140
[3717] [M]: 0x800223D4 (0x0140006F) jal zero, 20


mem[X,0x800223E8] -> 0x08E3
mem[X,0x800223EA] -> 0xFEB5
[3718] [M]: 0x800223E8 (0xFEB508E3) beq a0, a1, 8176


mem[X,0x800223EC] -> 0x0113
mem[X,0x800223EE] -> 0x0021
[3719] [M]: 0x800223EC (0x00210113) addi sp, sp, 2
x2 <- 0x00000002


mem[X,0x800223F0] -> 0x006F
mem[X,0x800223F2] -> 0x00C0
[3720] [M]: 0x800223F0 (0x00C0006F) jal zero, 12


mem[X,0x800223FC] -> 0xA623
mem[X,0x800223FE] -> 0x5C20
[3721] [M]: 0x800223FC (0x5C20A623) sw sp, 1484(ra)
mem[0x8003A734] <- 0x00000002


mem[X,0x80022400] -> 0x6537
mem[X,0x80022402] -> 0x6666
[3722] [M]: 0x80022400 (0x66666537) lui a0, 419430
x10 <- 0x66666000


mem[X,0x80022404] -> 0x0513
mem[X,0x80022406] -> 0x6675
[3723] [M]: 0x80022404 (0x66750513) addi a0, a0, 1639
x10 <- 0x66666667


mem[X,0x80022408] -> 0xB5B7
mem[X,0x8002240A] -> 0x0000
[3724] [M]: 0x80022408 (0x0000B5B7) lui a1, 11
x11 <- 0x0000B000


mem[X,0x8002240C] -> 0x8593
mem[X,0x8002240E] -> 0x5055
[3725] [M]: 0x8002240C (0x50558593) addi a1, a1, 1285
x11 <- 0x0000B505


mem[X,0x80022410] -> 0x0113
mem[X,0x80022412] -> 0x0000
[3726] [M]: 0x80022410 (0x00000113) addi sp, zero, 0
x2 <- 0x00000000


mem[X,0x80022414] -> 0x006F
mem[X,0x80022416] -> 0x00C0
[3727] [M]: 0x80022414 (0x00C0006F) jal zero, 12


mem[X,0x80022420] -> 0x0663
mem[X,0x80022422] -> 0x00B5
[3728] [M]: 0x80022420 (0x00B50663) beq a0, a1, 12


mem[X,0x80022424] -> 0x0113
mem[X,0x80022426] -> 0x0021
[3729] [M]: 0x80022424 (0x00210113) addi sp, sp, 2
x2 <- 0x00000002


mem[X,0x80022428] -> 0x006F
mem[X,0x8002242A] -> 0x00C0
[3730] [M]: 0x80022428 (0x00C0006F) jal zero, 12


mem[X,0x80022434] -> 0xA823
mem[X,0x80022436] -> 0x5C20
[3731] [M]: 0x80022434 (0x5C20A823) sw sp, 1488(ra)
mem[0x8003A738] <- 0x00000002


mem[X,0x80022438] -> 0x5537
mem[X,0x8002243A] -> 0xFFFF
[3732] [M]: 0x80022438 (0xFFFF5537) lui a0, 1048565
x10 <- 0xFFFF5000


mem[X,0x8002243C] -> 0x0513
mem[X,0x8002243E] -> 0xAFD5
[3733] [M]: 0x8002243C (0xAFD50513) addi a0, a0, 2813
x10 <- 0xFFFF4AFD


mem[X,0x80022440] -> 0x0593
mem[X,0x80022442] -> 0x0030
[3734] [M]: 0x80022440 (0x00300593) addi a1, zero, 3
x11 <- 0x00000003


mem[X,0x80022444] -> 0x0113
mem[X,0x80022446] -> 0x0000
[3735] [M]: 0x80022444 (0x00000113) addi sp, zero, 0
x2 <- 0x00000000


mem[X,0x80022448] -> 0x006F
mem[X,0x8002244A] -> 0x00C0
[3736] [M]: 0x80022448 (0x00C0006F) jal zero, 12


mem[X,0x80022454] -> 0x0663
mem[X,0x80022456] -> 0x00B5
[3737] [M]: 0x80022454 (0x00B50663) beq a0, a1, 12


mem[X,0x80022458] -> 0x0113
mem[X,0x8002245A] -> 0x0021
[3738] [M]: 0x80022458 (0x00210113) addi sp, sp, 2
x2 <- 0x00000002


mem[X,0x8002245C] -> 0x006F
mem[X,0x8002245E] -> 0x00C0
[3739] [M]: 0x8002245C (0x00C0006F) jal zero, 12


mem[X,0x80022468] -> 0xAA23
mem[X,0x8002246A] -> 0x5C20
[3740] [M]: 0x80022468 (0x5C20AA23) sw sp, 1492(ra)
mem[0x8003A73C] <- 0x00000002


mem[X,0x8002246C] -> 0x5537
mem[X,0x8002246E] -> 0xFFFF
[3741] [M]: 0x8002246C (0xFFFF5537) lui a0, 1048565
x10 <- 0xFFFF5000


mem[X,0x80022470] -> 0x0513
mem[X,0x80022472] -> 0xAFD5
[3742] [M]: 0x80022470 (0xAFD50513) addi a0, a0, 2813
x10 <- 0xFFFF4AFD


mem[X,0x80022474] -> 0x55B7
mem[X,0x80022476] -> 0x5555
[3743] [M]: 0x80022474 (0x555555B7) lui a1, 349525
x11 <- 0x55555000


mem[X,0x80022478] -> 0x8593
mem[X,0x8002247A] -> 0x5555
[3744] [M]: 0x80022478 (0x55558593) addi a1, a1, 1365
x11 <- 0x55555555


mem[X,0x8002247C] -> 0x0113
mem[X,0x8002247E] -> 0x0000
[3745] [M]: 0x8002247C (0x00000113) addi sp, zero, 0
x2 <- 0x00000000


mem[X,0x80022480] -> 0x006F
mem[X,0x80022482] -> 0x00C0
[3746] [M]: 0x80022480 (0x00C0006F) jal zero, 12


mem[X,0x8002248C] -> 0x0063
mem[X,0x8002248E] -> 0x02B5
[3747] [M]: 0x8002248C (0x02B50063) beq a0, a1, 32


mem[X,0x80022490] -> 0x0113
mem[X,0x80022492] -> 0x0021
[3748] [M]: 0x80022490 (0x00210113) addi sp, sp, 2
x2 <- 0x00000002


mem[X,0x80022494] -> 0x006F
mem[X,0x80022496] -> 0x0200
[3749] [M]: 0x80022494 (0x0200006F) jal zero, 32


mem[X,0x800224B4] -> 0xAC23
mem[X,0x800224B6] -> 0x5C20
[3750] [M]: 0x800224B4 (0x5C20AC23) sw sp, 1496(ra)
mem[0x8003A740] <- 0x00000002


mem[X,0x800224B8] -> 0x5537
mem[X,0x800224BA] -> 0xFFFF
[3751] [M]: 0x800224B8 (0xFFFF5537) lui a0, 1048565
x10 <- 0xFFFF5000


mem[X,0x800224BC] -> 0x0513
mem[X,0x800224BE] -> 0xAFD5
[3752] [M]: 0x800224BC (0xAFD50513) addi a0, a0, 2813
x10 <- 0xFFFF4AFD


mem[X,0x800224C0] -> 0xB5B7
mem[X,0x800224C2] -> 0xAAAA
[3753] [M]: 0x800224C0 (0xAAAAB5B7) lui a1, 699051
x11 <- 0xAAAAB000


mem[X,0x800224C4] -> 0x8593
mem[X,0x800224C6] -> 0xAAA5
[3754] [M]: 0x800224C4 (0xAAA58593) addi a1, a1, 2730
x11 <- 0xAAAAAAAA


mem[X,0x800224C8] -> 0x0113
mem[X,0x800224CA] -> 0x0000
[3755] [M]: 0x800224C8 (0x00000113) addi sp, zero, 0
x2 <- 0x00000000


mem[X,0x800224CC] -> 0x006F
mem[X,0x800224CE] -> 0x00C0
[3756] [M]: 0x800224CC (0x00C0006F) jal zero, 12


mem[X,0x800224D8] -> 0x0663
mem[X,0x800224DA] -> 0x00B5
[3757] [M]: 0x800224D8 (0x00B50663) beq a0, a1, 12


mem[X,0x800224DC] -> 0x0113
mem[X,0x800224DE] -> 0x0021
[3758] [M]: 0x800224DC (0x00210113) addi sp, sp, 2
x2 <- 0x00000002


mem[X,0x800224E0] -> 0x006F
mem[X,0x800224E2] -> 0x00C0
[3759] [M]: 0x800224E0 (0x00C0006F) jal zero, 12


mem[X,0x800224EC] -> 0xAE23
mem[X,0x800224EE] -> 0x5C20
[3760] [M]: 0x800224EC (0x5C20AE23) sw sp, 1500(ra)
mem[0x8003A744] <- 0x00000002


mem[X,0x800224F0] -> 0x5537
mem[X,0x800224F2] -> 0xFFFF
[3761] [M]: 0x800224F0 (0xFFFF5537) lui a0, 1048565
x10 <- 0xFFFF5000


mem[X,0x800224F4] -> 0x0513
mem[X,0x800224F6] -> 0xAFD5
[3762] [M]: 0x800224F4 (0xAFD50513) addi a0, a0, 2813
x10 <- 0xFFFF4AFD


mem[X,0x800224F8] -> 0x0593
mem[X,0x800224FA] -> 0x0050
[3763] [M]: 0x800224F8 (0x00500593) addi a1, zero, 5
x11 <- 0x00000005


mem[X,0x800224FC] -> 0x0113
mem[X,0x800224FE] -> 0x0000
[3764] [M]: 0x800224FC (0x00000113) addi sp, zero, 0
x2 <- 0x00000000


mem[X,0x80022500] -> 0x006F
mem[X,0x80022502] -> 0x0100
[3765] [M]: 0x80022500 (0x0100006F) jal zero, 16


mem[X,0x80022510] -> 0x0AE3
mem[X,0x80022512] -> 0xFEB5
[3766] [M]: 0x80022510 (0xFEB50AE3) beq a0, a1, 8180


mem[X,0x80022514] -> 0x0113
mem[X,0x80022516] -> 0x0021
[3767] [M]: 0x80022514 (0x00210113) addi sp, sp, 2
x2 <- 0x00000002


mem[X,0x80022518] -> 0x006F
mem[X,0x8002251A] -> 0x00C0
[3768] [M]: 0x80022518 (0x00C0006F) jal zero, 12


mem[X,0x80022524] -> 0xA023
mem[X,0x80022526] -> 0x5E20
[3769] [M]: 0x80022524 (0x5E20A023) sw sp, 1504(ra)
mem[0x8003A748] <- 0x00000002


mem[X,0x80022528] -> 0x5537
mem[X,0x8002252A] -> 0xFFFF
[3770] [M]: 0x80022528 (0xFFFF5537) lui a0, 1048565
x10 <- 0xFFFF5000


mem[X,0x8002252C] -> 0x0513
mem[X,0x8002252E] -> 0xAFD5
[3771] [M]: 0x8002252C (0xAFD50513) addi a0, a0, 2813
x10 <- 0xFFFF4AFD


mem[X,0x80022530] -> 0x35B7
mem[X,0x80022532] -> 0x3333
[3772] [M]: 0x80022530 (0x333335B7) lui a1, 209715
x11 <- 0x33333000


mem[X,0x80022534] -> 0x8593
mem[X,0x80022536] -> 0x3335
[3773] [M]: 0x80022534 (0x33358593) addi a1, a1, 819
x11 <- 0x33333333


mem[X,0x80022538] -> 0x0113
mem[X,0x8002253A] -> 0x0000
[3774] [M]: 0x80022538 (0x00000113) addi sp, zero, 0
x2 <- 0x00000000


mem[X,0x8002253C] -> 0x006F
mem[X,0x8002253E] -> 0x00C0
[3775] [M]: 0x8002253C (0x00C0006F) jal zero, 12


mem[X,0x80022548] -> 0x0063
mem[X,0x8002254A] -> 0x04B5
[3776] [M]: 0x80022548 (0x04B50063) beq a0, a1, 64


mem[X,0x8002254C] -> 0x0113
mem[X,0x8002254E] -> 0x0021
[3777] [M]: 0x8002254C (0x00210113) addi sp, sp, 2
x2 <- 0x00000002


mem[X,0x80022550] -> 0x006F
mem[X,0x80022552] -> 0x0400
[3778] [M]: 0x80022550 (0x0400006F) jal zero, 64


mem[X,0x80022590] -> 0xA223
mem[X,0x80022592] -> 0x5E20
[3779] [M]: 0x80022590 (0x5E20A223) sw sp, 1508(ra)
mem[0x8003A74C] <- 0x00000002


mem[X,0x80022594] -> 0x5537
mem[X,0x80022596] -> 0xFFFF
[3780] [M]: 0x80022594 (0xFFFF5537) lui a0, 1048565
x10 <- 0xFFFF5000


mem[X,0x80022598] -> 0x0513
mem[X,0x8002259A] -> 0xAFD5
[3781] [M]: 0x80022598 (0xAFD50513) addi a0, a0, 2813
x10 <- 0xFFFF4AFD


mem[X,0x8002259C] -> 0x65B7
mem[X,0x8002259E] -> 0x6666
[3782] [M]: 0x8002259C (0x666665B7) lui a1, 419430
x11 <- 0x66666000


mem[X,0x800225A0] -> 0x8593
mem[X,0x800225A2] -> 0x6665
[3783] [M]: 0x800225A0 (0x66658593) addi a1, a1, 1638
x11 <- 0x66666666


mem[X,0x800225A4] -> 0x0113
mem[X,0x800225A6] -> 0x0000
[3784] [M]: 0x800225A4 (0x00000113) addi sp, zero, 0
x2 <- 0x00000000


mem[X,0x800225A8] -> 0x006F
mem[X,0x800225AA] -> 0x0100
[3785] [M]: 0x800225A8 (0x0100006F) jal zero, 16


mem[X,0x800225B8] -> 0x0AE3
mem[X,0x800225BA] -> 0xFEB5
[3786] [M]: 0x800225B8 (0xFEB50AE3) beq a0, a1, 8180


mem[X,0x800225BC] -> 0x0113
mem[X,0x800225BE] -> 0x0021
[3787] [M]: 0x800225BC (0x00210113) addi sp, sp, 2
x2 <- 0x00000002


mem[X,0x800225C0] -> 0x006F
mem[X,0x800225C2] -> 0x00C0
[3788] [M]: 0x800225C0 (0x00C0006F) jal zero, 12


mem[X,0x800225CC] -> 0xA423
mem[X,0x800225CE] -> 0x5E20
[3789] [M]: 0x800225CC (0x5E20A423) sw sp, 1512(ra)
mem[0x8003A750] <- 0x00000002


mem[X,0x800225D0] -> 0x5537
mem[X,0x800225D2] -> 0xFFFF
[3790] [M]: 0x800225D0 (0xFFFF5537) lui a0, 1048565
x10 <- 0xFFFF5000


mem[X,0x800225D4] -> 0x0513
mem[X,0x800225D6] -> 0xAFD5
[3791] [M]: 0x800225D4 (0xAFD50513) addi a0, a0, 2813
x10 <- 0xFFFF4AFD


mem[X,0x800225D8] -> 0x55B7
mem[X,0x800225DA] -> 0xFFFF
[3792] [M]: 0x800225D8 (0xFFFF55B7) lui a1, 1048565
x11 <- 0xFFFF5000


mem[X,0x800225DC] -> 0x8593
mem[X,0x800225DE] -> 0xAFC5
[3793] [M]: 0x800225DC (0xAFC58593) addi a1, a1, 2812
x11 <- 0xFFFF4AFC


mem[X,0x800225E0] -> 0x0113
mem[X,0x800225E2] -> 0x0000
[3794] [M]: 0x800225E0 (0x00000113) addi sp, zero, 0
x2 <- 0x00000000


mem[X,0x800225E4] -> 0x006F
mem[X,0x800225E6] -> 0x00C0
[3795] [M]: 0x800225E4 (0x00C0006F) jal zero, 12


mem[X,0x800225F0] -> 0x0663
mem[X,0x800225F2] -> 0x00B5
[3796] [M]: 0x800225F0 (0x00B50663) beq a0, a1, 12


mem[X,0x800225F4] -> 0x0113
mem[X,0x800225F6] -> 0x0021
[3797] [M]: 0x800225F4 (0x00210113) addi sp, sp, 2
x2 <- 0x00000002


mem[X,0x800225F8] -> 0x006F
mem[X,0x800225FA] -> 0x00C0
[3798] [M]: 0x800225F8 (0x00C0006F) jal zero, 12


mem[X,0x80022604] -> 0xA623
mem[X,0x80022606] -> 0x5E20
[3799] [M]: 0x80022604 (0x5E20A623) sw sp, 1516(ra)
mem[0x8003A754] <- 0x00000002


clint::tick mtime <- 0x0000000000000026
 clint timer pending at mtime 0x0000000000000026
htif::tick 0x0000000000000000
mem[X,0x80022608] -> 0x5537
mem[X,0x8002260A] -> 0xFFFF
[3800] [M]: 0x80022608 (0xFFFF5537) lui a0, 1048565
x10 <- 0xFFFF5000


mem[X,0x8002260C] -> 0x0513
mem[X,0x8002260E] -> 0xAFD5
[3801] [M]: 0x8002260C (0xAFD50513) addi a0, a0, 2813
x10 <- 0xFFFF4AFD


mem[X,0x80022610] -> 0xB5B7
mem[X,0x80022612] -> 0x0000
[3802] [M]: 0x80022610 (0x0000B5B7) lui a1, 11
x11 <- 0x0000B000


mem[X,0x80022614] -> 0x8593
mem[X,0x80022616] -> 0x5045
[3803] [M]: 0x80022614 (0x50458593) addi a1, a1, 1284
x11 <- 0x0000B504


mem[X,0x80022618] -> 0x0113
mem[X,0x8002261A] -> 0x0000
[3804] [M]: 0x80022618 (0x00000113) addi sp, zero, 0
x2 <- 0x00000000


mem[X,0x8002261C] -> 0x006F
mem[X,0x8002261E] -> 0x00C0
[3805] [M]: 0x8002261C (0x00C0006F) jal zero, 12


mem[X,0x80022628] -> 0x0CE3
mem[X,0x8002262A] -> 0xFEB5
[3806] [M]: 0x80022628 (0xFEB50CE3) beq a0, a1, 8184


mem[X,0x8002262C] -> 0x0113
mem[X,0x8002262E] -> 0x0021
[3807] [M]: 0x8002262C (0x00210113) addi sp, sp, 2
x2 <- 0x00000002


mem[X,0x80022630] -> 0x006F
mem[X,0x80022632] -> 0x00C0
[3808] [M]: 0x80022630 (0x00C0006F) jal zero, 12


mem[X,0x8002263C] -> 0xA823
mem[X,0x8002263E] -> 0x5E20
[3809] [M]: 0x8002263C (0x5E20A823) sw sp, 1520(ra)
mem[0x8003A758] <- 0x00000002


mem[X,0x80022640] -> 0x5537
mem[X,0x80022642] -> 0xFFFF
[3810] [M]: 0x80022640 (0xFFFF5537) lui a0, 1048565
x10 <- 0xFFFF5000


mem[X,0x80022644] -> 0x0513
mem[X,0x80022646] -> 0xAFD5
[3811] [M]: 0x80022644 (0xAFD50513) addi a0, a0, 2813
x10 <- 0xFFFF4AFD


mem[X,0x80022648] -> 0x0593
mem[X,0x8002264A] -> 0x0020
[3812] [M]: 0x80022648 (0x00200593) addi a1, zero, 2
x11 <- 0x00000002


mem[X,0x8002264C] -> 0x0113
mem[X,0x8002264E] -> 0x0000
[3813] [M]: 0x8002264C (0x00000113) addi sp, zero, 0
x2 <- 0x00000000


mem[X,0x80022650] -> 0x006F
mem[X,0x80022652] -> 0x00C0
[3814] [M]: 0x80022650 (0x00C0006F) jal zero, 12


mem[X,0x8002265C] -> 0x0063
mem[X,0x8002265E] -> 0x04B5
[3815] [M]: 0x8002265C (0x04B50063) beq a0, a1, 64


mem[X,0x80022660] -> 0x0113
mem[X,0x80022662] -> 0x0021
[3816] [M]: 0x80022660 (0x00210113) addi sp, sp, 2
x2 <- 0x00000002


mem[X,0x80022664] -> 0x006F
mem[X,0x80022666] -> 0x0400
[3817] [M]: 0x80022664 (0x0400006F) jal zero, 64


mem[X,0x800226A4] -> 0xAA23
mem[X,0x800226A6] -> 0x5E20
[3818] [M]: 0x800226A4 (0x5E20AA23) sw sp, 1524(ra)
mem[0x8003A75C] <- 0x00000002


mem[X,0x800226A8] -> 0x5537
mem[X,0x800226AA] -> 0xFFFF
[3819] [M]: 0x800226A8 (0xFFFF5537) lui a0, 1048565
x10 <- 0xFFFF5000


mem[X,0x800226AC] -> 0x0513
mem[X,0x800226AE] -> 0xAFD5
[3820] [M]: 0x800226AC (0xAFD50513) addi a0, a0, 2813
x10 <- 0xFFFF4AFD


mem[X,0x800226B0] -> 0x55B7
mem[X,0x800226B2] -> 0x5555
[3821] [M]: 0x800226B0 (0x555555B7) lui a1, 349525
x11 <- 0x55555000


mem[X,0x800226B4] -> 0x8593
mem[X,0x800226B6] -> 0x5545
[3822] [M]: 0x800226B4 (0x55458593) addi a1, a1, 1364
x11 <- 0x55555554


mem[X,0x800226B8] -> 0x0113
mem[X,0x800226BA] -> 0x0000
[3823] [M]: 0x800226B8 (0x00000113) addi sp, zero, 0
x2 <- 0x00000000


mem[X,0x800226BC] -> 0x006F
mem[X,0x800226BE] -> 0x00C0
[3824] [M]: 0x800226BC (0x00C0006F) jal zero, 12


mem[X,0x800226C8] -> 0x0663
mem[X,0x800226CA] -> 0x00B5
[3825] [M]: 0x800226C8 (0x00B50663) beq a0, a1, 12


mem[X,0x800226CC] -> 0x0113
mem[X,0x800226CE] -> 0x0021
[3826] [M]: 0x800226CC (0x00210113) addi sp, sp, 2
x2 <- 0x00000002


mem[X,0x800226D0] -> 0x006F
mem[X,0x800226D2] -> 0x00C0
[3827] [M]: 0x800226D0 (0x00C0006F) jal zero, 12


mem[X,0x800226DC] -> 0xAC23
mem[X,0x800226DE] -> 0x5E20
[3828] [M]: 0x800226DC (0x5E20AC23) sw sp, 1528(ra)
mem[0x8003A760] <- 0x00000002


mem[X,0x800226E0] -> 0x5537
mem[X,0x800226E2] -> 0xFFFF
[3829] [M]: 0x800226E0 (0xFFFF5537) lui a0, 1048565
x10 <- 0xFFFF5000


mem[X,0x800226E4] -> 0x0513
mem[X,0x800226E6] -> 0xAFD5
[3830] [M]: 0x800226E4 (0xAFD50513) addi a0, a0, 2813
x10 <- 0xFFFF4AFD


mem[X,0x800226E8] -> 0x0593
mem[X,0x800226EA] -> 0x0000
[3831] [M]: 0x800226E8 (0x00000593) addi a1, zero, 0
x11 <- 0x00000000


mem[X,0x800226EC] -> 0x0113
mem[X,0x800226EE] -> 0x0000
[3832] [M]: 0x800226EC (0x00000113) addi sp, zero, 0
x2 <- 0x00000000


mem[X,0x800226F0] -> 0x006F
mem[X,0x800226F2] -> 0x00C0
[3833] [M]: 0x800226F0 (0x00C0006F) jal zero, 12


mem[X,0x800226FC] -> 0x0663
mem[X,0x800226FE] -> 0x00B5
[3834] [M]: 0x800226FC (0x00B50663) beq a0, a1, 12


mem[X,0x80022700] -> 0x0113
mem[X,0x80022702] -> 0x0021
[3835] [M]: 0x80022700 (0x00210113) addi sp, sp, 2
x2 <- 0x00000002


mem[X,0x80022704] -> 0x006F
mem[X,0x80022706] -> 0x00C0
[3836] [M]: 0x80022704 (0x00C0006F) jal zero, 12


mem[X,0x80022710] -> 0xAE23
mem[X,0x80022712] -> 0x5E20
[3837] [M]: 0x80022710 (0x5E20AE23) sw sp, 1532(ra)
mem[0x8003A764] <- 0x00000002


mem[X,0x80022714] -> 0x5537
mem[X,0x80022716] -> 0xFFFF
[3838] [M]: 0x80022714 (0xFFFF5537) lui a0, 1048565
x10 <- 0xFFFF5000


mem[X,0x80022718] -> 0x0513
mem[X,0x8002271A] -> 0xAFD5
[3839] [M]: 0x80022718 (0xAFD50513) addi a0, a0, 2813
x10 <- 0xFFFF4AFD


mem[X,0x8002271C] -> 0x0593
mem[X,0x8002271E] -> 0x0040
[3840] [M]: 0x8002271C (0x00400593) addi a1, zero, 4
x11 <- 0x00000004


mem[X,0x80022720] -> 0x0113
mem[X,0x80022722] -> 0x0000
[3841] [M]: 0x80022720 (0x00000113) addi sp, zero, 0
x2 <- 0x00000000


mem[X,0x80022724] -> 0x006F
mem[X,0x80022726] -> 0x00C0
[3842] [M]: 0x80022724 (0x00C0006F) jal zero, 12


mem[X,0x80022730] -> 0x0063
mem[X,0x80022732] -> 0x04B5
[3843] [M]: 0x80022730 (0x04B50063) beq a0, a1, 64


mem[X,0x80022734] -> 0x0113
mem[X,0x80022736] -> 0x0021
[3844] [M]: 0x80022734 (0x00210113) addi sp, sp, 2
x2 <- 0x00000002


mem[X,0x80022738] -> 0x006F
mem[X,0x8002273A] -> 0x0400
[3845] [M]: 0x80022738 (0x0400006F) jal zero, 64


mem[X,0x80022778] -> 0xA023
mem[X,0x8002277A] -> 0x6020
[3846] [M]: 0x80022778 (0x6020A023) sw sp, 1536(ra)
mem[0x8003A768] <- 0x00000002


mem[X,0x8002277C] -> 0x5537
mem[X,0x8002277E] -> 0xFFFF
[3847] [M]: 0x8002277C (0xFFFF5537) lui a0, 1048565
x10 <- 0xFFFF5000


mem[X,0x80022780] -> 0x0513
mem[X,0x80022782] -> 0xAFD5
[3848] [M]: 0x80022780 (0xAFD50513) addi a0, a0, 2813
x10 <- 0xFFFF4AFD


mem[X,0x80022784] -> 0x35B7
mem[X,0x80022786] -> 0x3333
[3849] [M]: 0x80022784 (0x333335B7) lui a1, 209715
x11 <- 0x33333000


mem[X,0x80022788] -> 0x8593
mem[X,0x8002278A] -> 0x3325
[3850] [M]: 0x80022788 (0x33258593) addi a1, a1, 818
x11 <- 0x33333332


mem[X,0x8002278C] -> 0x0113
mem[X,0x8002278E] -> 0x0000
[3851] [M]: 0x8002278C (0x00000113) addi sp, zero, 0
x2 <- 0x00000000


mem[X,0x80022790] -> 0x006F
mem[X,0x80022792] -> 0x00C0
[3852] [M]: 0x80022790 (0x00C0006F) jal zero, 12


mem[X,0x8002279C] -> 0x0063
mem[X,0x8002279E] -> 0x40B5
[3853] [M]: 0x8002279C (0x40B50063) beq a0, a1, 1024


mem[X,0x800227A0] -> 0x0113
mem[X,0x800227A2] -> 0x0021
[3854] [M]: 0x800227A0 (0x00210113) addi sp, sp, 2
x2 <- 0x00000002


mem[X,0x800227A4] -> 0x006F
mem[X,0x800227A6] -> 0x4000
[3855] [M]: 0x800227A4 (0x4000006F) jal zero, 1024


mem[X,0x80022BA4] -> 0xA223
mem[X,0x80022BA6] -> 0x6020
[3856] [M]: 0x80022BA4 (0x6020A223) sw sp, 1540(ra)
mem[0x8003A76C] <- 0x00000002


mem[X,0x80022BA8] -> 0x5537
mem[X,0x80022BAA] -> 0xFFFF
[3857] [M]: 0x80022BA8 (0xFFFF5537) lui a0, 1048565
x10 <- 0xFFFF5000


mem[X,0x80022BAC] -> 0x0513
mem[X,0x80022BAE] -> 0xAFD5
[3858] [M]: 0x80022BAC (0xAFD50513) addi a0, a0, 2813
x10 <- 0xFFFF4AFD


mem[X,0x80022BB0] -> 0x65B7
mem[X,0x80022BB2] -> 0x6666
[3859] [M]: 0x80022BB0 (0x666665B7) lui a1, 419430
x11 <- 0x66666000


mem[X,0x80022BB4] -> 0x8593
mem[X,0x80022BB6] -> 0x6655
[3860] [M]: 0x80022BB4 (0x66558593) addi a1, a1, 1637
x11 <- 0x66666665


mem[X,0x80022BB8] -> 0x0113
mem[X,0x80022BBA] -> 0x0000
[3861] [M]: 0x80022BB8 (0x00000113) addi sp, zero, 0
x2 <- 0x00000000


mem[X,0x80022BBC] -> 0x006F
mem[X,0x80022BBE] -> 0x00C0
[3862] [M]: 0x80022BBC (0x00C0006F) jal zero, 12


mem[X,0x80022BC8] -> 0x0063
mem[X,0x80022BCA] -> 0x40B5
[3863] [M]: 0x80022BC8 (0x40B50063) beq a0, a1, 1024


mem[X,0x80022BCC] -> 0x0113
mem[X,0x80022BCE] -> 0x0021
[3864] [M]: 0x80022BCC (0x00210113) addi sp, sp, 2
x2 <- 0x00000002


mem[X,0x80022BD0] -> 0x006F
mem[X,0x80022BD2] -> 0x4000
[3865] [M]: 0x80022BD0 (0x4000006F) jal zero, 1024


mem[X,0x80022FD0] -> 0xA423
mem[X,0x80022FD2] -> 0x6020
[3866] [M]: 0x80022FD0 (0x6020A423) sw sp, 1544(ra)
mem[0x8003A770] <- 0x00000002


mem[X,0x80022FD4] -> 0x5537
mem[X,0x80022FD6] -> 0xFFFF
[3867] [M]: 0x80022FD4 (0xFFFF5537) lui a0, 1048565
x10 <- 0xFFFF5000


mem[X,0x80022FD8] -> 0x0513
mem[X,0x80022FDA] -> 0xAFD5
[3868] [M]: 0x80022FD8 (0xAFD50513) addi a0, a0, 2813
x10 <- 0xFFFF4AFD


mem[X,0x80022FDC] -> 0xB5B7
mem[X,0x80022FDE] -> 0x0000
[3869] [M]: 0x80022FDC (0x0000B5B7) lui a1, 11
x11 <- 0x0000B000


mem[X,0x80022FE0] -> 0x8593
mem[X,0x80022FE2] -> 0x5035
[3870] [M]: 0x80022FE0 (0x50358593) addi a1, a1, 1283
x11 <- 0x0000B503


mem[X,0x80022FE4] -> 0x0113
mem[X,0x80022FE6] -> 0x0000
[3871] [M]: 0x80022FE4 (0x00000113) addi sp, zero, 0
x2 <- 0x00000000


mem[X,0x80022FE8] -> 0x006F
mem[X,0x80022FEA] -> 0x00C0
[3872] [M]: 0x80022FE8 (0x00C0006F) jal zero, 12


mem[X,0x80022FF4] -> 0x0663
mem[X,0x80022FF6] -> 0x00B5
[3873] [M]: 0x80022FF4 (0x00B50663) beq a0, a1, 12


mem[X,0x80022FF8] -> 0x0113
mem[X,0x80022FFA] -> 0x0021
[3874] [M]: 0x80022FF8 (0x00210113) addi sp, sp, 2
x2 <- 0x00000002


mem[X,0x80022FFC] -> 0x006F
mem[X,0x80022FFE] -> 0x00C0
[3875] [M]: 0x80022FFC (0x00C0006F) jal zero, 12


mem[X,0x80023008] -> 0xA623
mem[X,0x8002300A] -> 0x6020
[3876] [M]: 0x80023008 (0x6020A623) sw sp, 1548(ra)
mem[0x8003A774] <- 0x00000002


mem[X,0x8002300C] -> 0x5537
mem[X,0x8002300E] -> 0xFFFF
[3877] [M]: 0x8002300C (0xFFFF5537) lui a0, 1048565
x10 <- 0xFFFF5000


mem[X,0x80023010] -> 0x0513
mem[X,0x80023012] -> 0xAFD5
[3878] [M]: 0x80023010 (0xAFD50513) addi a0, a0, 2813
x10 <- 0xFFFF4AFD


mem[X,0x80023014] -> 0x55B7
mem[X,0x80023016] -> 0x5555
[3879] [M]: 0x80023014 (0x555555B7) lui a1, 349525
x11 <- 0x55555000


mem[X,0x80023018] -> 0x8593
mem[X,0x8002301A] -> 0x5565
[3880] [M]: 0x80023018 (0x55658593) addi a1, a1, 1366
x11 <- 0x55555556


mem[X,0x8002301C] -> 0x0113
mem[X,0x8002301E] -> 0x0000
[3881] [M]: 0x8002301C (0x00000113) addi sp, zero, 0
x2 <- 0x00000000


mem[X,0x80023020] -> 0x006F
mem[X,0x80023022] -> 0x00C0
[3882] [M]: 0x80023020 (0x00C0006F) jal zero, 12


mem[X,0x8002302C] -> 0x0CE3
mem[X,0x8002302E] -> 0xFEB5
[3883] [M]: 0x8002302C (0xFEB50CE3) beq a0, a1, 8184


mem[X,0x80023030] -> 0x0113
mem[X,0x80023032] -> 0x0021
[3884] [M]: 0x80023030 (0x00210113) addi sp, sp, 2
x2 <- 0x00000002


mem[X,0x80023034] -> 0x006F
mem[X,0x80023036] -> 0x00C0
[3885] [M]: 0x80023034 (0x00C0006F) jal zero, 12


mem[X,0x80023040] -> 0xA823
mem[X,0x80023042] -> 0x6020
[3886] [M]: 0x80023040 (0x6020A823) sw sp, 1552(ra)
mem[0x8003A778] <- 0x00000002


mem[X,0x80023044] -> 0x5537
mem[X,0x80023046] -> 0xFFFF
[3887] [M]: 0x80023044 (0xFFFF5537) lui a0, 1048565
x10 <- 0xFFFF5000


mem[X,0x80023048] -> 0x0513
mem[X,0x8002304A] -> 0xAFD5
[3888] [M]: 0x80023048 (0xAFD50513) addi a0, a0, 2813
x10 <- 0xFFFF4AFD


mem[X,0x8002304C] -> 0xB5B7
mem[X,0x8002304E] -> 0xAAAA
[3889] [M]: 0x8002304C (0xAAAAB5B7) lui a1, 699051
x11 <- 0xAAAAB000


mem[X,0x80023050] -> 0x8593
mem[X,0x80023052] -> 0xAAB5
[3890] [M]: 0x80023050 (0xAAB58593) addi a1, a1, 2731
x11 <- 0xAAAAAAAB


mem[X,0x80023054] -> 0x0113
mem[X,0x80023056] -> 0x0000
[3891] [M]: 0x80023054 (0x00000113) addi sp, zero, 0
x2 <- 0x00000000


mem[X,0x80023058] -> 0x006F
mem[X,0x8002305A] -> 0x00C0
[3892] [M]: 0x80023058 (0x00C0006F) jal zero, 12


mem[X,0x80023064] -> 0x0663
mem[X,0x80023066] -> 0x00B5
[3893] [M]: 0x80023064 (0x00B50663) beq a0, a1, 12


mem[X,0x80023068] -> 0x0113
mem[X,0x8002306A] -> 0x0021
[3894] [M]: 0x80023068 (0x00210113) addi sp, sp, 2
x2 <- 0x00000002


mem[X,0x8002306C] -> 0x006F
mem[X,0x8002306E] -> 0x00C0
[3895] [M]: 0x8002306C (0x00C0006F) jal zero, 12


mem[X,0x80023078] -> 0xAA23
mem[X,0x8002307A] -> 0x6020
[3896] [M]: 0x80023078 (0x6020AA23) sw sp, 1556(ra)
mem[0x8003A77C] <- 0x00000002


mem[X,0x8002307C] -> 0x5537
mem[X,0x8002307E] -> 0xFFFF
[3897] [M]: 0x8002307C (0xFFFF5537) lui a0, 1048565
x10 <- 0xFFFF5000


mem[X,0x80023080] -> 0x0513
mem[X,0x80023082] -> 0xAFD5
[3898] [M]: 0x80023080 (0xAFD50513) addi a0, a0, 2813
x10 <- 0xFFFF4AFD


mem[X,0x80023084] -> 0x0593
mem[X,0x80023086] -> 0x0060
[3899] [M]: 0x80023084 (0x00600593) addi a1, zero, 6
x11 <- 0x00000006


clint::tick mtime <- 0x0000000000000027
 clint timer pending at mtime 0x0000000000000027
htif::tick 0x0000000000000000
mem[X,0x80023088] -> 0x0113
mem[X,0x8002308A] -> 0x0000
[3900] [M]: 0x80023088 (0x00000113) addi sp, zero, 0
x2 <- 0x00000000


mem[X,0x8002308C] -> 0x006F
mem[X,0x8002308E] -> 0x0100
[3901] [M]: 0x8002308C (0x0100006F) jal zero, 16


mem[X,0x8002309C] -> 0x0AE3
mem[X,0x8002309E] -> 0xFEB5
[3902] [M]: 0x8002309C (0xFEB50AE3) beq a0, a1, 8180


mem[X,0x800230A0] -> 0x0113
mem[X,0x800230A2] -> 0x0021
[3903] [M]: 0x800230A0 (0x00210113) addi sp, sp, 2
x2 <- 0x00000002


mem[X,0x800230A4] -> 0x006F
mem[X,0x800230A6] -> 0x00C0
[3904] [M]: 0x800230A4 (0x00C0006F) jal zero, 12


mem[X,0x800230B0] -> 0xAC23
mem[X,0x800230B2] -> 0x6020
[3905] [M]: 0x800230B0 (0x6020AC23) sw sp, 1560(ra)
mem[0x8003A780] <- 0x00000002


mem[X,0x800230B4] -> 0x5537
mem[X,0x800230B6] -> 0xFFFF
[3906] [M]: 0x800230B4 (0xFFFF5537) lui a0, 1048565
x10 <- 0xFFFF5000


mem[X,0x800230B8] -> 0x0513
mem[X,0x800230BA] -> 0xAFD5
[3907] [M]: 0x800230B8 (0xAFD50513) addi a0, a0, 2813
x10 <- 0xFFFF4AFD


mem[X,0x800230BC] -> 0x35B7
mem[X,0x800230BE] -> 0x3333
[3908] [M]: 0x800230BC (0x333335B7) lui a1, 209715
x11 <- 0x33333000


mem[X,0x800230C0] -> 0x8593
mem[X,0x800230C2] -> 0x3345
[3909] [M]: 0x800230C0 (0x33458593) addi a1, a1, 820
x11 <- 0x33333334


mem[X,0x800230C4] -> 0x0113
mem[X,0x800230C6] -> 0x0000
[3910] [M]: 0x800230C4 (0x00000113) addi sp, zero, 0
x2 <- 0x00000000


mem[X,0x800230C8] -> 0x006F
mem[X,0x800230CA] -> 0x00C0
[3911] [M]: 0x800230C8 (0x00C0006F) jal zero, 12


mem[X,0x800230D4] -> 0x0063
mem[X,0x800230D6] -> 0x08B5
[3912] [M]: 0x800230D4 (0x08B50063) beq a0, a1, 128


mem[X,0x800230D8] -> 0x0113
mem[X,0x800230DA] -> 0x0021
[3913] [M]: 0x800230D8 (0x00210113) addi sp, sp, 2
x2 <- 0x00000002


mem[X,0x800230DC] -> 0x006F
mem[X,0x800230DE] -> 0x0800
[3914] [M]: 0x800230DC (0x0800006F) jal zero, 128


mem[X,0x8002315C] -> 0xAE23
mem[X,0x8002315E] -> 0x6020
[3915] [M]: 0x8002315C (0x6020AE23) sw sp, 1564(ra)
mem[0x8003A784] <- 0x00000002


mem[X,0x80023160] -> 0x5537
mem[X,0x80023162] -> 0xFFFF
[3916] [M]: 0x80023160 (0xFFFF5537) lui a0, 1048565
x10 <- 0xFFFF5000


mem[X,0x80023164] -> 0x0513
mem[X,0x80023166] -> 0xAFD5
[3917] [M]: 0x80023164 (0xAFD50513) addi a0, a0, 2813
x10 <- 0xFFFF4AFD


mem[X,0x80023168] -> 0x65B7
mem[X,0x8002316A] -> 0x6666
[3918] [M]: 0x80023168 (0x666665B7) lui a1, 419430
x11 <- 0x66666000


mem[X,0x8002316C] -> 0x8593
mem[X,0x8002316E] -> 0x6675
[3919] [M]: 0x8002316C (0x66758593) addi a1, a1, 1639
x11 <- 0x66666667


mem[X,0x80023170] -> 0x0113
mem[X,0x80023172] -> 0x0000
[3920] [M]: 0x80023170 (0x00000113) addi sp, zero, 0
x2 <- 0x00000000


mem[X,0x80023174] -> 0x006F
mem[X,0x80023176] -> 0x00C0
[3921] [M]: 0x80023174 (0x00C0006F) jal zero, 12


mem[X,0x80023180] -> 0x0063
mem[X,0x80023182] -> 0x08B5
[3922] [M]: 0x80023180 (0x08B50063) beq a0, a1, 128


mem[X,0x80023184] -> 0x0113
mem[X,0x80023186] -> 0x0021
[3923] [M]: 0x80023184 (0x00210113) addi sp, sp, 2
x2 <- 0x00000002


mem[X,0x80023188] -> 0x006F
mem[X,0x8002318A] -> 0x0800
[3924] [M]: 0x80023188 (0x0800006F) jal zero, 128


mem[X,0x80023208] -> 0xA023
mem[X,0x8002320A] -> 0x6220
[3925] [M]: 0x80023208 (0x6220A023) sw sp, 1568(ra)
mem[0x8003A788] <- 0x00000002


mem[X,0x8002320C] -> 0x5537
mem[X,0x8002320E] -> 0xFFFF
[3926] [M]: 0x8002320C (0xFFFF5537) lui a0, 1048565
x10 <- 0xFFFF5000


mem[X,0x80023210] -> 0x0513
mem[X,0x80023212] -> 0xAFD5
[3927] [M]: 0x80023210 (0xAFD50513) addi a0, a0, 2813
x10 <- 0xFFFF4AFD


mem[X,0x80023214] -> 0x55B7
mem[X,0x80023216] -> 0xFFFF
[3928] [M]: 0x80023214 (0xFFFF55B7) lui a1, 1048565
x11 <- 0xFFFF5000


mem[X,0x80023218] -> 0x8593
mem[X,0x8002321A] -> 0xAFD5
[3929] [M]: 0x80023218 (0xAFD58593) addi a1, a1, 2813
x11 <- 0xFFFF4AFD


mem[X,0x8002321C] -> 0x0113
mem[X,0x8002321E] -> 0x0000
[3930] [M]: 0x8002321C (0x00000113) addi sp, zero, 0
x2 <- 0x00000000


mem[X,0x80023220] -> 0x006F
mem[X,0x80023222] -> 0x0180
[3931] [M]: 0x80023220 (0x0180006F) jal zero, 24


mem[X,0x80023238] -> 0x06E3
mem[X,0x8002323A] -> 0xFEB5
[3932] [M]: 0x80023238 (0xFEB506E3) beq a0, a1, 8172


mem[X,0x80023224] -> 0x0113
mem[X,0x80023226] -> 0x0011
[3933] [M]: 0x80023224 (0x00110113) addi sp, sp, 1
x2 <- 0x00000001


mem[X,0x80023228] -> 0x006F
mem[X,0x8002322A] -> 0x0240
[3934] [M]: 0x80023228 (0x0240006F) jal zero, 36


mem[X,0x8002324C] -> 0xA223
mem[X,0x8002324E] -> 0x6220
[3935] [M]: 0x8002324C (0x6220A223) sw sp, 1572(ra)
mem[0x8003A78C] <- 0x00000001


mem[X,0x80023250] -> 0x5537
mem[X,0x80023252] -> 0xFFFF
[3936] [M]: 0x80023250 (0xFFFF5537) lui a0, 1048565
x10 <- 0xFFFF5000


mem[X,0x80023254] -> 0x0513
mem[X,0x80023256] -> 0xAFD5
[3937] [M]: 0x80023254 (0xAFD50513) addi a0, a0, 2813
x10 <- 0xFFFF4AFD


mem[X,0x80023258] -> 0xB5B7
mem[X,0x8002325A] -> 0x0000
[3938] [M]: 0x80023258 (0x0000B5B7) lui a1, 11
x11 <- 0x0000B000


mem[X,0x8002325C] -> 0x8593
mem[X,0x8002325E] -> 0x5055
[3939] [M]: 0x8002325C (0x50558593) addi a1, a1, 1285
x11 <- 0x0000B505


mem[X,0x80023260] -> 0x0113
mem[X,0x80023262] -> 0x0000
[3940] [M]: 0x80023260 (0x00000113) addi sp, zero, 0
x2 <- 0x00000000


mem[X,0x80023264] -> 0x006F
mem[X,0x80023266] -> 0x00C0
[3941] [M]: 0x80023264 (0x00C0006F) jal zero, 12


mem[X,0x80023270] -> 0x0063
mem[X,0x80023272] -> 0x10B5
[3942] [M]: 0x80023270 (0x10B50063) beq a0, a1, 256


mem[X,0x80023274] -> 0x0113
mem[X,0x80023276] -> 0x0021
[3943] [M]: 0x80023274 (0x00210113) addi sp, sp, 2
x2 <- 0x00000002


mem[X,0x80023278] -> 0x006F
mem[X,0x8002327A] -> 0x1000
[3944] [M]: 0x80023278 (0x1000006F) jal zero, 256


mem[X,0x80023378] -> 0xA423
mem[X,0x8002337A] -> 0x6220
[3945] [M]: 0x80023378 (0x6220A423) sw sp, 1576(ra)
mem[0x8003A790] <- 0x00000002


mem[X,0x8002337C] -> 0xB537
mem[X,0x8002337E] -> 0x0000
[3946] [M]: 0x8002337C (0x0000B537) lui a0, 11
x10 <- 0x0000B000


mem[X,0x80023380] -> 0x0513
mem[X,0x80023382] -> 0x5055
[3947] [M]: 0x80023380 (0x50550513) addi a0, a0, 1285
x10 <- 0x0000B505


mem[X,0x80023384] -> 0x0593
mem[X,0x80023386] -> 0x0030
[3948] [M]: 0x80023384 (0x00300593) addi a1, zero, 3
x11 <- 0x00000003


mem[X,0x80023388] -> 0x0113
mem[X,0x8002338A] -> 0x0000
[3949] [M]: 0x80023388 (0x00000113) addi sp, zero, 0
x2 <- 0x00000000


mem[X,0x8002338C] -> 0x006F
mem[X,0x8002338E] -> 0x0140
[3950] [M]: 0x8002338C (0x0140006F) jal zero, 20


mem[X,0x800233A0] -> 0x08E3
mem[X,0x800233A2] -> 0xFEB5
[3951] [M]: 0x800233A0 (0xFEB508E3) beq a0, a1, 8176


mem[X,0x800233A4] -> 0x0113
mem[X,0x800233A6] -> 0x0021
[3952] [M]: 0x800233A4 (0x00210113) addi sp, sp, 2
x2 <- 0x00000002


mem[X,0x800233A8] -> 0x006F
mem[X,0x800233AA] -> 0x00C0
[3953] [M]: 0x800233A8 (0x00C0006F) jal zero, 12


mem[X,0x800233B4] -> 0xA623
mem[X,0x800233B6] -> 0x6220
[3954] [M]: 0x800233B4 (0x6220A623) sw sp, 1580(ra)
mem[0x8003A794] <- 0x00000002


mem[X,0x800233B8] -> 0xB537
mem[X,0x800233BA] -> 0x0000
[3955] [M]: 0x800233B8 (0x0000B537) lui a0, 11
x10 <- 0x0000B000


mem[X,0x800233BC] -> 0x0513
mem[X,0x800233BE] -> 0x5055
[3956] [M]: 0x800233BC (0x50550513) addi a0, a0, 1285
x10 <- 0x0000B505


mem[X,0x800233C0] -> 0x55B7
mem[X,0x800233C2] -> 0x5555
[3957] [M]: 0x800233C0 (0x555555B7) lui a1, 349525
x11 <- 0x55555000


mem[X,0x800233C4] -> 0x8593
mem[X,0x800233C6] -> 0x5555
[3958] [M]: 0x800233C4 (0x55558593) addi a1, a1, 1365
x11 <- 0x55555555


mem[X,0x800233C8] -> 0x0113
mem[X,0x800233CA] -> 0x0000
[3959] [M]: 0x800233C8 (0x00000113) addi sp, zero, 0
x2 <- 0x00000000


mem[X,0x800233CC] -> 0x006F
mem[X,0x800233CE] -> 0x00C0
[3960] [M]: 0x800233CC (0x00C0006F) jal zero, 12


mem[X,0x800233D8] -> 0x0CE3
mem[X,0x800233DA] -> 0xFEB5
[3961] [M]: 0x800233D8 (0xFEB50CE3) beq a0, a1, 8184


mem[X,0x800233DC] -> 0x0113
mem[X,0x800233DE] -> 0x0021
[3962] [M]: 0x800233DC (0x00210113) addi sp, sp, 2
x2 <- 0x00000002


mem[X,0x800233E0] -> 0x006F
mem[X,0x800233E2] -> 0x00C0
[3963] [M]: 0x800233E0 (0x00C0006F) jal zero, 12


mem[X,0x800233EC] -> 0xA823
mem[X,0x800233EE] -> 0x6220
[3964] [M]: 0x800233EC (0x6220A823) sw sp, 1584(ra)
mem[0x8003A798] <- 0x00000002


mem[X,0x800233F0] -> 0xB537
mem[X,0x800233F2] -> 0x0000
[3965] [M]: 0x800233F0 (0x0000B537) lui a0, 11
x10 <- 0x0000B000


mem[X,0x800233F4] -> 0x0513
mem[X,0x800233F6] -> 0x5055
[3966] [M]: 0x800233F4 (0x50550513) addi a0, a0, 1285
x10 <- 0x0000B505


mem[X,0x800233F8] -> 0xB5B7
mem[X,0x800233FA] -> 0xAAAA
[3967] [M]: 0x800233F8 (0xAAAAB5B7) lui a1, 699051
x11 <- 0xAAAAB000


mem[X,0x800233FC] -> 0x8593
mem[X,0x800233FE] -> 0xAAA5
[3968] [M]: 0x800233FC (0xAAA58593) addi a1, a1, 2730
x11 <- 0xAAAAAAAA


mem[X,0x80023400] -> 0x0113
mem[X,0x80023402] -> 0x0000
[3969] [M]: 0x80023400 (0x00000113) addi sp, zero, 0
x2 <- 0x00000000


mem[X,0x80023404] -> 0x006F
mem[X,0x80023406] -> 0x2B10
[3970] [M]: 0x80023404 (0x2B10006F) jal zero, 2736


mem[X,0x80023EB4] -> 0x0A63
mem[X,0x80023EB6] -> 0xD4B5
[3971] [M]: 0x80023EB4 (0xD4B50A63) beq a0, a1, 5460


mem[X,0x80023EB8] -> 0x0113
mem[X,0x80023EBA] -> 0x0021
[3972] [M]: 0x80023EB8 (0x00210113) addi sp, sp, 2
x2 <- 0x00000002


mem[X,0x80023EBC] -> 0x006F
mem[X,0x80023EBE] -> 0x00C0
[3973] [M]: 0x80023EBC (0x00C0006F) jal zero, 12


mem[X,0x80023EC8] -> 0xAA23
mem[X,0x80023ECA] -> 0x6220
[3974] [M]: 0x80023EC8 (0x6220AA23) sw sp, 1588(ra)
mem[0x8003A79C] <- 0x00000002


mem[X,0x80023ECC] -> 0xB537
mem[X,0x80023ECE] -> 0x0000
[3975] [M]: 0x80023ECC (0x0000B537) lui a0, 11
x10 <- 0x0000B000


mem[X,0x80023ED0] -> 0x0513
mem[X,0x80023ED2] -> 0x5055
[3976] [M]: 0x80023ED0 (0x50550513) addi a0, a0, 1285
x10 <- 0x0000B505


mem[X,0x80023ED4] -> 0x0593
mem[X,0x80023ED6] -> 0x0050
[3977] [M]: 0x80023ED4 (0x00500593) addi a1, zero, 5
x11 <- 0x00000005


mem[X,0x80023ED8] -> 0x0113
mem[X,0x80023EDA] -> 0x0000
[3978] [M]: 0x80023ED8 (0x00000113) addi sp, zero, 0
x2 <- 0x00000000


mem[X,0x80023EDC] -> 0x006F
mem[X,0x80023EDE] -> 0x00C0
[3979] [M]: 0x80023EDC (0x00C0006F) jal zero, 12


mem[X,0x80023EE8] -> 0x0063
mem[X,0x80023EEA] -> 0x08B5
[3980] [M]: 0x80023EE8 (0x08B50063) beq a0, a1, 128


mem[X,0x80023EEC] -> 0x0113
mem[X,0x80023EEE] -> 0x0021
[3981] [M]: 0x80023EEC (0x00210113) addi sp, sp, 2
x2 <- 0x00000002


mem[X,0x80023EF0] -> 0x006F
mem[X,0x80023EF2] -> 0x0800
[3982] [M]: 0x80023EF0 (0x0800006F) jal zero, 128


mem[X,0x80023F70] -> 0xAC23
mem[X,0x80023F72] -> 0x6220
[3983] [M]: 0x80023F70 (0x6220AC23) sw sp, 1592(ra)
mem[0x8003A7A0] <- 0x00000002


mem[X,0x80023F74] -> 0xB537
mem[X,0x80023F76] -> 0x0000
[3984] [M]: 0x80023F74 (0x0000B537) lui a0, 11
x10 <- 0x0000B000


mem[X,0x80023F78] -> 0x0513
mem[X,0x80023F7A] -> 0x5055
[3985] [M]: 0x80023F78 (0x50550513) addi a0, a0, 1285
x10 <- 0x0000B505


mem[X,0x80023F7C] -> 0x35B7
mem[X,0x80023F7E] -> 0x3333
[3986] [M]: 0x80023F7C (0x333335B7) lui a1, 209715
x11 <- 0x33333000


mem[X,0x80023F80] -> 0x8593
mem[X,0x80023F82] -> 0x3335
[3987] [M]: 0x80023F80 (0x33358593) addi a1, a1, 819
x11 <- 0x33333333


mem[X,0x80023F84] -> 0x0113
mem[X,0x80023F86] -> 0x0000
[3988] [M]: 0x80023F84 (0x00000113) addi sp, zero, 0
x2 <- 0x00000000


mem[X,0x80023F88] -> 0x006F
mem[X,0x80023F8A] -> 0x00C0
[3989] [M]: 0x80023F88 (0x00C0006F) jal zero, 12


mem[X,0x80023F94] -> 0x0CE3
mem[X,0x80023F96] -> 0xFEB5
[3990] [M]: 0x80023F94 (0xFEB50CE3) beq a0, a1, 8184


mem[X,0x80023F98] -> 0x0113
mem[X,0x80023F9A] -> 0x0021
[3991] [M]: 0x80023F98 (0x00210113) addi sp, sp, 2
x2 <- 0x00000002


mem[X,0x80023F9C] -> 0x006F
mem[X,0x80023F9E] -> 0x00C0
[3992] [M]: 0x80023F9C (0x00C0006F) jal zero, 12


mem[X,0x80023FA8] -> 0xAE23
mem[X,0x80023FAA] -> 0x6220
[3993] [M]: 0x80023FA8 (0x6220AE23) sw sp, 1596(ra)
mem[0x8003A7A4] <- 0x00000002


mem[X,0x80023FAC] -> 0xB537
mem[X,0x80023FAE] -> 0x0000
[3994] [M]: 0x80023FAC (0x0000B537) lui a0, 11
x10 <- 0x0000B000


mem[X,0x80023FB0] -> 0x0513
mem[X,0x80023FB2] -> 0x5055
[3995] [M]: 0x80023FB0 (0x50550513) addi a0, a0, 1285
x10 <- 0x0000B505


mem[X,0x80023FB4] -> 0x65B7
mem[X,0x80023FB6] -> 0x6666
[3996] [M]: 0x80023FB4 (0x666665B7) lui a1, 419430
x11 <- 0x66666000


mem[X,0x80023FB8] -> 0x8593
mem[X,0x80023FBA] -> 0x6665
[3997] [M]: 0x80023FB8 (0x66658593) addi a1, a1, 1638
x11 <- 0x66666666


mem[X,0x80023FBC] -> 0x0113
mem[X,0x80023FBE] -> 0x0000
[3998] [M]: 0x80023FBC (0x00000113) addi sp, zero, 0
x2 <- 0x00000000


mem[X,0x80023FC0] -> 0x006F
mem[X,0x80023FC2] -> 0x00C0
[3999] [M]: 0x80023FC0 (0x00C0006F) jal zero, 12


clint::tick mtime <- 0x0000000000000028
 clint timer pending at mtime 0x0000000000000028
htif::tick 0x0000000000000000
mem[X,0x80023FCC] -> 0x0063
mem[X,0x80023FCE] -> 0x40B5
[4000] [M]: 0x80023FCC (0x40B50063) beq a0, a1, 1024


mem[X,0x80023FD0] -> 0x0113
mem[X,0x80023FD2] -> 0x0021
[4001] [M]: 0x80023FD0 (0x00210113) addi sp, sp, 2
x2 <- 0x00000002


mem[X,0x80023FD4] -> 0x006F
mem[X,0x80023FD6] -> 0x4000
[4002] [M]: 0x80023FD4 (0x4000006F) jal zero, 1024


mem[X,0x800243D4] -> 0xA023
mem[X,0x800243D6] -> 0x6420
[4003] [M]: 0x800243D4 (0x6420A023) sw sp, 1600(ra)
mem[0x8003A7A8] <- 0x00000002


mem[X,0x800243D8] -> 0xB537
mem[X,0x800243DA] -> 0x0000
[4004] [M]: 0x800243D8 (0x0000B537) lui a0, 11
x10 <- 0x0000B000


mem[X,0x800243DC] -> 0x0513
mem[X,0x800243DE] -> 0x5055
[4005] [M]: 0x800243DC (0x50550513) addi a0, a0, 1285
x10 <- 0x0000B505


mem[X,0x800243E0] -> 0x55B7
mem[X,0x800243E2] -> 0xFFFF
[4006] [M]: 0x800243E0 (0xFFFF55B7) lui a1, 1048565
x11 <- 0xFFFF5000


mem[X,0x800243E4] -> 0x8593
mem[X,0x800243E6] -> 0xAFC5
[4007] [M]: 0x800243E4 (0xAFC58593) addi a1, a1, 2812
x11 <- 0xFFFF4AFC


mem[X,0x800243E8] -> 0x0113
mem[X,0x800243EA] -> 0x0000
[4008] [M]: 0x800243E8 (0x00000113) addi sp, zero, 0
x2 <- 0x00000000


mem[X,0x800243EC] -> 0x006F
mem[X,0x800243EE] -> 0x00C0
[4009] [M]: 0x800243EC (0x00C0006F) jal zero, 12


mem[X,0x800243F8] -> 0x0863
mem[X,0x800243FA] -> 0x00B5
[4010] [M]: 0x800243F8 (0x00B50863) beq a0, a1, 16


mem[X,0x800243FC] -> 0x0113
mem[X,0x800243FE] -> 0x0021
[4011] [M]: 0x800243FC (0x00210113) addi sp, sp, 2
x2 <- 0x00000002


mem[X,0x80024400] -> 0x006F
mem[X,0x80024402] -> 0x0100
[4012] [M]: 0x80024400 (0x0100006F) jal zero, 16


mem[X,0x80024410] -> 0xA223
mem[X,0x80024412] -> 0x6420
[4013] [M]: 0x80024410 (0x6420A223) sw sp, 1604(ra)
mem[0x8003A7AC] <- 0x00000002


mem[X,0x80024414] -> 0xB537
mem[X,0x80024416] -> 0x0000
[4014] [M]: 0x80024414 (0x0000B537) lui a0, 11
x10 <- 0x0000B000


mem[X,0x80024418] -> 0x0513
mem[X,0x8002441A] -> 0x5055
[4015] [M]: 0x80024418 (0x50550513) addi a0, a0, 1285
x10 <- 0x0000B505


mem[X,0x8002441C] -> 0xB5B7
mem[X,0x8002441E] -> 0x0000
[4016] [M]: 0x8002441C (0x0000B5B7) lui a1, 11
x11 <- 0x0000B000


mem[X,0x80024420] -> 0x8593
mem[X,0x80024422] -> 0x5045
[4017] [M]: 0x80024420 (0x50458593) addi a1, a1, 1284
x11 <- 0x0000B504


mem[X,0x80024424] -> 0x0113
mem[X,0x80024426] -> 0x0000
[4018] [M]: 0x80024424 (0x00000113) addi sp, zero, 0
x2 <- 0x00000000


mem[X,0x80024428] -> 0x006F
mem[X,0x8002442A] -> 0x0180
[4019] [M]: 0x80024428 (0x0180006F) jal zero, 24


mem[X,0x80024440] -> 0x06E3
mem[X,0x80024442] -> 0xFEB5
[4020] [M]: 0x80024440 (0xFEB506E3) beq a0, a1, 8172


mem[X,0x80024444] -> 0x0113
mem[X,0x80024446] -> 0x0021
[4021] [M]: 0x80024444 (0x00210113) addi sp, sp, 2
x2 <- 0x00000002


mem[X,0x80024448] -> 0x006F
mem[X,0x8002444A] -> 0x00C0
[4022] [M]: 0x80024448 (0x00C0006F) jal zero, 12


mem[X,0x80024454] -> 0xA423
mem[X,0x80024456] -> 0x6420
[4023] [M]: 0x80024454 (0x6420A423) sw sp, 1608(ra)
mem[0x8003A7B0] <- 0x00000002


mem[X,0x80024458] -> 0xB537
mem[X,0x8002445A] -> 0x0000
[4024] [M]: 0x80024458 (0x0000B537) lui a0, 11
x10 <- 0x0000B000


mem[X,0x8002445C] -> 0x0513
mem[X,0x8002445E] -> 0x5055
[4025] [M]: 0x8002445C (0x50550513) addi a0, a0, 1285
x10 <- 0x0000B505


mem[X,0x80024460] -> 0x0593
mem[X,0x80024462] -> 0x0020
[4026] [M]: 0x80024460 (0x00200593) addi a1, zero, 2
x11 <- 0x00000002


mem[X,0x80024464] -> 0x0113
mem[X,0x80024466] -> 0x0000
[4027] [M]: 0x80024464 (0x00000113) addi sp, zero, 0
x2 <- 0x00000000


mem[X,0x80024468] -> 0x006F
mem[X,0x8002446A] -> 0x00C0
[4028] [M]: 0x80024468 (0x00C0006F) jal zero, 12


mem[X,0x80024474] -> 0x0CE3
mem[X,0x80024476] -> 0xFEB5
[4029] [M]: 0x80024474 (0xFEB50CE3) beq a0, a1, 8184


mem[X,0x80024478] -> 0x0113
mem[X,0x8002447A] -> 0x0021
[4030] [M]: 0x80024478 (0x00210113) addi sp, sp, 2
x2 <- 0x00000002


mem[X,0x8002447C] -> 0x006F
mem[X,0x8002447E] -> 0x00C0
[4031] [M]: 0x8002447C (0x00C0006F) jal zero, 12


mem[X,0x80024488] -> 0xA623
mem[X,0x8002448A] -> 0x6420
[4032] [M]: 0x80024488 (0x6420A623) sw sp, 1612(ra)
mem[0x8003A7B4] <- 0x00000002


mem[X,0x8002448C] -> 0xB537
mem[X,0x8002448E] -> 0x0000
[4033] [M]: 0x8002448C (0x0000B537) lui a0, 11
x10 <- 0x0000B000


mem[X,0x80024490] -> 0x0513
mem[X,0x80024492] -> 0x5055
[4034] [M]: 0x80024490 (0x50550513) addi a0, a0, 1285
x10 <- 0x0000B505


mem[X,0x80024494] -> 0x55B7
mem[X,0x80024496] -> 0x5555
[4035] [M]: 0x80024494 (0x555555B7) lui a1, 349525
x11 <- 0x55555000


mem[X,0x80024498] -> 0x8593
mem[X,0x8002449A] -> 0x5545
[4036] [M]: 0x80024498 (0x55458593) addi a1, a1, 1364
x11 <- 0x55555554


mem[X,0x8002449C] -> 0x0113
mem[X,0x8002449E] -> 0x0000
[4037] [M]: 0x8002449C (0x00000113) addi sp, zero, 0
x2 <- 0x00000000


mem[X,0x800244A0] -> 0x006F
mem[X,0x800244A2] -> 0x00C0
[4038] [M]: 0x800244A0 (0x00C0006F) jal zero, 12


mem[X,0x800244AC] -> 0x0663
mem[X,0x800244AE] -> 0x00B5
[4039] [M]: 0x800244AC (0x00B50663) beq a0, a1, 12


mem[X,0x800244B0] -> 0x0113
mem[X,0x800244B2] -> 0x0021
[4040] [M]: 0x800244B0 (0x00210113) addi sp, sp, 2
x2 <- 0x00000002


mem[X,0x800244B4] -> 0x006F
mem[X,0x800244B6] -> 0x00C0
[4041] [M]: 0x800244B4 (0x00C0006F) jal zero, 12


mem[X,0x800244C0] -> 0xA823
mem[X,0x800244C2] -> 0x6420
[4042] [M]: 0x800244C0 (0x6420A823) sw sp, 1616(ra)
mem[0x8003A7B8] <- 0x00000002


mem[X,0x800244C4] -> 0xB537
mem[X,0x800244C6] -> 0x0000
[4043] [M]: 0x800244C4 (0x0000B537) lui a0, 11
x10 <- 0x0000B000


mem[X,0x800244C8] -> 0x0513
mem[X,0x800244CA] -> 0x5055
[4044] [M]: 0x800244C8 (0x50550513) addi a0, a0, 1285
x10 <- 0x0000B505


mem[X,0x800244CC] -> 0x0593
mem[X,0x800244CE] -> 0x0000
[4045] [M]: 0x800244CC (0x00000593) addi a1, zero, 0
x11 <- 0x00000000


mem[X,0x800244D0] -> 0x0113
mem[X,0x800244D2] -> 0x0000
[4046] [M]: 0x800244D0 (0x00000113) addi sp, zero, 0
x2 <- 0x00000000


mem[X,0x800244D4] -> 0x006F
mem[X,0x800244D6] -> 0x00C0
[4047] [M]: 0x800244D4 (0x00C0006F) jal zero, 12


mem[X,0x800244E0] -> 0x0663
mem[X,0x800244E2] -> 0x00B5
[4048] [M]: 0x800244E0 (0x00B50663) beq a0, a1, 12


mem[X,0x800244E4] -> 0x0113
mem[X,0x800244E6] -> 0x0021
[4049] [M]: 0x800244E4 (0x00210113) addi sp, sp, 2
x2 <- 0x00000002


mem[X,0x800244E8] -> 0x006F
mem[X,0x800244EA] -> 0x00C0
[4050] [M]: 0x800244E8 (0x00C0006F) jal zero, 12


mem[X,0x800244F4] -> 0xAA23
mem[X,0x800244F6] -> 0x6420
[4051] [M]: 0x800244F4 (0x6420AA23) sw sp, 1620(ra)
mem[0x8003A7BC] <- 0x00000002


mem[X,0x800244F8] -> 0xB537
mem[X,0x800244FA] -> 0x0000
[4052] [M]: 0x800244F8 (0x0000B537) lui a0, 11
x10 <- 0x0000B000


mem[X,0x800244FC] -> 0x0513
mem[X,0x800244FE] -> 0x5055
[4053] [M]: 0x800244FC (0x50550513) addi a0, a0, 1285
x10 <- 0x0000B505


mem[X,0x80024500] -> 0x0593
mem[X,0x80024502] -> 0x0040
[4054] [M]: 0x80024500 (0x00400593) addi a1, zero, 4
x11 <- 0x00000004


mem[X,0x80024504] -> 0x0113
mem[X,0x80024506] -> 0x0000
[4055] [M]: 0x80024504 (0x00000113) addi sp, zero, 0
x2 <- 0x00000000


mem[X,0x80024508] -> 0x006F
mem[X,0x8002450A] -> 0x00C0
[4056] [M]: 0x80024508 (0x00C0006F) jal zero, 12


mem[X,0x80024514] -> 0x0663
mem[X,0x80024516] -> 0x00B5
[4057] [M]: 0x80024514 (0x00B50663) beq a0, a1, 12


mem[X,0x80024518] -> 0x0113
mem[X,0x8002451A] -> 0x0021
[4058] [M]: 0x80024518 (0x00210113) addi sp, sp, 2
x2 <- 0x00000002


mem[X,0x8002451C] -> 0x006F
mem[X,0x8002451E] -> 0x00C0
[4059] [M]: 0x8002451C (0x00C0006F) jal zero, 12


mem[X,0x80024528] -> 0xAC23
mem[X,0x8002452A] -> 0x6420
[4060] [M]: 0x80024528 (0x6420AC23) sw sp, 1624(ra)
mem[0x8003A7C0] <- 0x00000002


mem[X,0x8002452C] -> 0xB537
mem[X,0x8002452E] -> 0x0000
[4061] [M]: 0x8002452C (0x0000B537) lui a0, 11
x10 <- 0x0000B000


mem[X,0x80024530] -> 0x0513
mem[X,0x80024532] -> 0x5055
[4062] [M]: 0x80024530 (0x50550513) addi a0, a0, 1285
x10 <- 0x0000B505


mem[X,0x80024534] -> 0x35B7
mem[X,0x80024536] -> 0x3333
[4063] [M]: 0x80024534 (0x333335B7) lui a1, 209715
x11 <- 0x33333000


mem[X,0x80024538] -> 0x8593
mem[X,0x8002453A] -> 0x3325
[4064] [M]: 0x80024538 (0x33258593) addi a1, a1, 818
x11 <- 0x33333332


mem[X,0x8002453C] -> 0x0113
mem[X,0x8002453E] -> 0x0000
[4065] [M]: 0x8002453C (0x00000113) addi sp, zero, 0
x2 <- 0x00000000


mem[X,0x80024540] -> 0x006F
mem[X,0x80024542] -> 0x0140
[4066] [M]: 0x80024540 (0x0140006F) jal zero, 20


mem[X,0x80024554] -> 0x08E3
mem[X,0x80024556] -> 0xFEB5
[4067] [M]: 0x80024554 (0xFEB508E3) beq a0, a1, 8176


mem[X,0x80024558] -> 0x0113
mem[X,0x8002455A] -> 0x0021
[4068] [M]: 0x80024558 (0x00210113) addi sp, sp, 2
x2 <- 0x00000002


mem[X,0x8002455C] -> 0x006F
mem[X,0x8002455E] -> 0x00C0
[4069] [M]: 0x8002455C (0x00C0006F) jal zero, 12


mem[X,0x80024568] -> 0xAE23
mem[X,0x8002456A] -> 0x6420
[4070] [M]: 0x80024568 (0x6420AE23) sw sp, 1628(ra)
mem[0x8003A7C4] <- 0x00000002


mem[X,0x8002456C] -> 0xB537
mem[X,0x8002456E] -> 0x0000
[4071] [M]: 0x8002456C (0x0000B537) lui a0, 11
x10 <- 0x0000B000


mem[X,0x80024570] -> 0x0513
mem[X,0x80024572] -> 0x5055
[4072] [M]: 0x80024570 (0x50550513) addi a0, a0, 1285
x10 <- 0x0000B505


mem[X,0x80024574] -> 0x65B7
mem[X,0x80024576] -> 0x6666
[4073] [M]: 0x80024574 (0x666665B7) lui a1, 419430
x11 <- 0x66666000


mem[X,0x80024578] -> 0x8593
mem[X,0x8002457A] -> 0x6655
[4074] [M]: 0x80024578 (0x66558593) addi a1, a1, 1637
x11 <- 0x66666665


mem[X,0x8002457C] -> 0x0113
mem[X,0x8002457E] -> 0x0000
[4075] [M]: 0x8002457C (0x00000113) addi sp, zero, 0
x2 <- 0x00000000


mem[X,0x80024580] -> 0x006F
mem[X,0x80024582] -> 0x2B10
[4076] [M]: 0x80024580 (0x2B10006F) jal zero, 2736


mem[X,0x80025030] -> 0x0A63
mem[X,0x80025032] -> 0xD4B5
[4077] [M]: 0x80025030 (0xD4B50A63) beq a0, a1, 5460


mem[X,0x80025034] -> 0x0113
mem[X,0x80025036] -> 0x0021
[4078] [M]: 0x80025034 (0x00210113) addi sp, sp, 2
x2 <- 0x00000002


mem[X,0x80025038] -> 0x006F
mem[X,0x8002503A] -> 0x00C0
[4079] [M]: 0x80025038 (0x00C0006F) jal zero, 12


mem[X,0x80025044] -> 0xA023
mem[X,0x80025046] -> 0x6620
[4080] [M]: 0x80025044 (0x6620A023) sw sp, 1632(ra)
mem[0x8003A7C8] <- 0x00000002


mem[X,0x80025048] -> 0xB537
mem[X,0x8002504A] -> 0x0000
[4081] [M]: 0x80025048 (0x0000B537) lui a0, 11
x10 <- 0x0000B000


mem[X,0x8002504C] -> 0x0513
mem[X,0x8002504E] -> 0x5055
[4082] [M]: 0x8002504C (0x50550513) addi a0, a0, 1285
x10 <- 0x0000B505


mem[X,0x80025050] -> 0xB5B7
mem[X,0x80025052] -> 0x0000
[4083] [M]: 0x80025050 (0x0000B5B7) lui a1, 11
x11 <- 0x0000B000


mem[X,0x80025054] -> 0x8593
mem[X,0x80025056] -> 0x5035
[4084] [M]: 0x80025054 (0x50358593) addi a1, a1, 1283
x11 <- 0x0000B503


mem[X,0x80025058] -> 0x0113
mem[X,0x8002505A] -> 0x0000
[4085] [M]: 0x80025058 (0x00000113) addi sp, zero, 0
x2 <- 0x00000000


mem[X,0x8002505C] -> 0x006F
mem[X,0x8002505E] -> 0x00C0
[4086] [M]: 0x8002505C (0x00C0006F) jal zero, 12


mem[X,0x80025068] -> 0x0663
mem[X,0x8002506A] -> 0x00B5
[4087] [M]: 0x80025068 (0x00B50663) beq a0, a1, 12


mem[X,0x8002506C] -> 0x0113
mem[X,0x8002506E] -> 0x0021
[4088] [M]: 0x8002506C (0x00210113) addi sp, sp, 2
x2 <- 0x00000002


mem[X,0x80025070] -> 0x006F
mem[X,0x80025072] -> 0x00C0
[4089] [M]: 0x80025070 (0x00C0006F) jal zero, 12


mem[X,0x8002507C] -> 0xA223
mem[X,0x8002507E] -> 0x6620
[4090] [M]: 0x8002507C (0x6620A223) sw sp, 1636(ra)
mem[0x8003A7CC] <- 0x00000002


mem[X,0x80025080] -> 0xB537
mem[X,0x80025082] -> 0x0000
[4091] [M]: 0x80025080 (0x0000B537) lui a0, 11
x10 <- 0x0000B000


mem[X,0x80025084] -> 0x0513
mem[X,0x80025086] -> 0x5055
[4092] [M]: 0x80025084 (0x50550513) addi a0, a0, 1285
x10 <- 0x0000B505


mem[X,0x80025088] -> 0x55B7
mem[X,0x8002508A] -> 0x5555
[4093] [M]: 0x80025088 (0x555555B7) lui a1, 349525
x11 <- 0x55555000


mem[X,0x8002508C] -> 0x8593
mem[X,0x8002508E] -> 0x5565
[4094] [M]: 0x8002508C (0x55658593) addi a1, a1, 1366
x11 <- 0x55555556


mem[X,0x80025090] -> 0x0113
mem[X,0x80025092] -> 0x0000
[4095] [M]: 0x80025090 (0x00000113) addi sp, zero, 0
x2 <- 0x00000000


mem[X,0x80025094] -> 0x006F
mem[X,0x80025096] -> 0x00C0
[4096] [M]: 0x80025094 (0x00C0006F) jal zero, 12


mem[X,0x800250A0] -> 0x0063
mem[X,0x800250A2] -> 0x20B5
[4097] [M]: 0x800250A0 (0x20B50063) beq a0, a1, 512


mem[X,0x800250A4] -> 0x0113
mem[X,0x800250A6] -> 0x0021
[4098] [M]: 0x800250A4 (0x00210113) addi sp, sp, 2
x2 <- 0x00000002


mem[X,0x800250A8] -> 0x006F
mem[X,0x800250AA] -> 0x2000
[4099] [M]: 0x800250A8 (0x2000006F) jal zero, 512


clint::tick mtime <- 0x0000000000000029
 clint timer pending at mtime 0x0000000000000029
htif::tick 0x0000000000000000
mem[X,0x800252A8] -> 0xA423
mem[X,0x800252AA] -> 0x6620
[4100] [M]: 0x800252A8 (0x6620A423) sw sp, 1640(ra)
mem[0x8003A7D0] <- 0x00000002


mem[X,0x800252AC] -> 0xB537
mem[X,0x800252AE] -> 0x0000
[4101] [M]: 0x800252AC (0x0000B537) lui a0, 11
x10 <- 0x0000B000


mem[X,0x800252B0] -> 0x0513
mem[X,0x800252B2] -> 0x5055
[4102] [M]: 0x800252B0 (0x50550513) addi a0, a0, 1285
x10 <- 0x0000B505


mem[X,0x800252B4] -> 0xB5B7
mem[X,0x800252B6] -> 0xAAAA
[4103] [M]: 0x800252B4 (0xAAAAB5B7) lui a1, 699051
x11 <- 0xAAAAB000


mem[X,0x800252B8] -> 0x8593
mem[X,0x800252BA] -> 0xAAB5
[4104] [M]: 0x800252B8 (0xAAB58593) addi a1, a1, 2731
x11 <- 0xAAAAAAAB


mem[X,0x800252BC] -> 0x0113
mem[X,0x800252BE] -> 0x0000
[4105] [M]: 0x800252BC (0x00000113) addi sp, zero, 0
x2 <- 0x00000000


mem[X,0x800252C0] -> 0x006F
mem[X,0x800252C2] -> 0x00C0
[4106] [M]: 0x800252C0 (0x00C0006F) jal zero, 12


mem[X,0x800252CC] -> 0x0863
mem[X,0x800252CE] -> 0x00B5
[4107] [M]: 0x800252CC (0x00B50863) beq a0, a1, 16


mem[X,0x800252D0] -> 0x0113
mem[X,0x800252D2] -> 0x0021
[4108] [M]: 0x800252D0 (0x00210113) addi sp, sp, 2
x2 <- 0x00000002


mem[X,0x800252D4] -> 0x006F
mem[X,0x800252D6] -> 0x0100
[4109] [M]: 0x800252D4 (0x0100006F) jal zero, 16


mem[X,0x800252E4] -> 0xA623
mem[X,0x800252E6] -> 0x6620
[4110] [M]: 0x800252E4 (0x6620A623) sw sp, 1644(ra)
mem[0x8003A7D4] <- 0x00000002


mem[X,0x800252E8] -> 0xB537
mem[X,0x800252EA] -> 0x0000
[4111] [M]: 0x800252E8 (0x0000B537) lui a0, 11
x10 <- 0x0000B000


mem[X,0x800252EC] -> 0x0513
mem[X,0x800252EE] -> 0x5055
[4112] [M]: 0x800252EC (0x50550513) addi a0, a0, 1285
x10 <- 0x0000B505


mem[X,0x800252F0] -> 0x0593
mem[X,0x800252F2] -> 0x0060
[4113] [M]: 0x800252F0 (0x00600593) addi a1, zero, 6
x11 <- 0x00000006


mem[X,0x800252F4] -> 0x0113
mem[X,0x800252F6] -> 0x0000
[4114] [M]: 0x800252F4 (0x00000113) addi sp, zero, 0
x2 <- 0x00000000


mem[X,0x800252F8] -> 0x006F
mem[X,0x800252FA] -> 0x00C0
[4115] [M]: 0x800252F8 (0x00C0006F) jal zero, 12


mem[X,0x80025304] -> 0x0663
mem[X,0x80025306] -> 0x00B5
[4116] [M]: 0x80025304 (0x00B50663) beq a0, a1, 12


mem[X,0x80025308] -> 0x0113
mem[X,0x8002530A] -> 0x0021
[4117] [M]: 0x80025308 (0x00210113) addi sp, sp, 2
x2 <- 0x00000002


mem[X,0x8002530C] -> 0x006F
mem[X,0x8002530E] -> 0x00C0
[4118] [M]: 0x8002530C (0x00C0006F) jal zero, 12


mem[X,0x80025318] -> 0xA823
mem[X,0x8002531A] -> 0x6620
[4119] [M]: 0x80025318 (0x6620A823) sw sp, 1648(ra)
mem[0x8003A7D8] <- 0x00000002


mem[X,0x8002531C] -> 0xB537
mem[X,0x8002531E] -> 0x0000
[4120] [M]: 0x8002531C (0x0000B537) lui a0, 11
x10 <- 0x0000B000


mem[X,0x80025320] -> 0x0513
mem[X,0x80025322] -> 0x5055
[4121] [M]: 0x80025320 (0x50550513) addi a0, a0, 1285
x10 <- 0x0000B505


mem[X,0x80025324] -> 0x35B7
mem[X,0x80025326] -> 0x3333
[4122] [M]: 0x80025324 (0x333335B7) lui a1, 209715
x11 <- 0x33333000


mem[X,0x80025328] -> 0x8593
mem[X,0x8002532A] -> 0x3345
[4123] [M]: 0x80025328 (0x33458593) addi a1, a1, 820
x11 <- 0x33333334


mem[X,0x8002532C] -> 0x0113
mem[X,0x8002532E] -> 0x0000
[4124] [M]: 0x8002532C (0x00000113) addi sp, zero, 0
x2 <- 0x00000000


mem[X,0x80025330] -> 0x006F
mem[X,0x80025332] -> 0x00C0
[4125] [M]: 0x80025330 (0x00C0006F) jal zero, 12


mem[X,0x8002533C] -> 0x0663
mem[X,0x8002533E] -> 0x00B5
[4126] [M]: 0x8002533C (0x00B50663) beq a0, a1, 12


mem[X,0x80025340] -> 0x0113
mem[X,0x80025342] -> 0x0021
[4127] [M]: 0x80025340 (0x00210113) addi sp, sp, 2
x2 <- 0x00000002


mem[X,0x80025344] -> 0x006F
mem[X,0x80025346] -> 0x00C0
[4128] [M]: 0x80025344 (0x00C0006F) jal zero, 12


mem[X,0x80025350] -> 0xAA23
mem[X,0x80025352] -> 0x6620
[4129] [M]: 0x80025350 (0x6620AA23) sw sp, 1652(ra)
mem[0x8003A7DC] <- 0x00000002


mem[X,0x80025354] -> 0xB537
mem[X,0x80025356] -> 0x0000
[4130] [M]: 0x80025354 (0x0000B537) lui a0, 11
x10 <- 0x0000B000


mem[X,0x80025358] -> 0x0513
mem[X,0x8002535A] -> 0x5055
[4131] [M]: 0x80025358 (0x50550513) addi a0, a0, 1285
x10 <- 0x0000B505


mem[X,0x8002535C] -> 0x65B7
mem[X,0x8002535E] -> 0x6666
[4132] [M]: 0x8002535C (0x666665B7) lui a1, 419430
x11 <- 0x66666000


mem[X,0x80025360] -> 0x8593
mem[X,0x80025362] -> 0x6675
[4133] [M]: 0x80025360 (0x66758593) addi a1, a1, 1639
x11 <- 0x66666667


mem[X,0x80025364] -> 0x0113
mem[X,0x80025366] -> 0x0000
[4134] [M]: 0x80025364 (0x00000113) addi sp, zero, 0
x2 <- 0x00000000


mem[X,0x80025368] -> 0x006F
mem[X,0x8002536A] -> 0x00C0
[4135] [M]: 0x80025368 (0x00C0006F) jal zero, 12


mem[X,0x80025374] -> 0x0663
mem[X,0x80025376] -> 0x00B5
[4136] [M]: 0x80025374 (0x00B50663) beq a0, a1, 12


mem[X,0x80025378] -> 0x0113
mem[X,0x8002537A] -> 0x0021
[4137] [M]: 0x80025378 (0x00210113) addi sp, sp, 2
x2 <- 0x00000002


mem[X,0x8002537C] -> 0x006F
mem[X,0x8002537E] -> 0x00C0
[4138] [M]: 0x8002537C (0x00C0006F) jal zero, 12


mem[X,0x80025388] -> 0xAC23
mem[X,0x8002538A] -> 0x6620
[4139] [M]: 0x80025388 (0x6620AC23) sw sp, 1656(ra)
mem[0x8003A7E0] <- 0x00000002


mem[X,0x8002538C] -> 0xB537
mem[X,0x8002538E] -> 0x0000
[4140] [M]: 0x8002538C (0x0000B537) lui a0, 11
x10 <- 0x0000B000


mem[X,0x80025390] -> 0x0513
mem[X,0x80025392] -> 0x5055
[4141] [M]: 0x80025390 (0x50550513) addi a0, a0, 1285
x10 <- 0x0000B505


mem[X,0x80025394] -> 0x55B7
mem[X,0x80025396] -> 0xFFFF
[4142] [M]: 0x80025394 (0xFFFF55B7) lui a1, 1048565
x11 <- 0xFFFF5000


mem[X,0x80025398] -> 0x8593
mem[X,0x8002539A] -> 0xAFD5
[4143] [M]: 0x80025398 (0xAFD58593) addi a1, a1, 2813
x11 <- 0xFFFF4AFD


mem[X,0x8002539C] -> 0x0113
mem[X,0x8002539E] -> 0x0000
[4144] [M]: 0x8002539C (0x00000113) addi sp, zero, 0
x2 <- 0x00000000


mem[X,0x800253A0] -> 0x006F
mem[X,0x800253A2] -> 0x00C0
[4145] [M]: 0x800253A0 (0x00C0006F) jal zero, 12


mem[X,0x800253AC] -> 0x0063
mem[X,0x800253AE] -> 0x10B5
[4146] [M]: 0x800253AC (0x10B50063) beq a0, a1, 256


mem[X,0x800253B0] -> 0x0113
mem[X,0x800253B2] -> 0x0021
[4147] [M]: 0x800253B0 (0x00210113) addi sp, sp, 2
x2 <- 0x00000002


mem[X,0x800253B4] -> 0x006F
mem[X,0x800253B6] -> 0x1000
[4148] [M]: 0x800253B4 (0x1000006F) jal zero, 256


mem[X,0x800254B4] -> 0xAE23
mem[X,0x800254B6] -> 0x6620
[4149] [M]: 0x800254B4 (0x6620AE23) sw sp, 1660(ra)
mem[0x8003A7E4] <- 0x00000002


mem[X,0x800254B8] -> 0xB537
mem[X,0x800254BA] -> 0x0000
[4150] [M]: 0x800254B8 (0x0000B537) lui a0, 11
x10 <- 0x0000B000


mem[X,0x800254BC] -> 0x0513
mem[X,0x800254BE] -> 0x5055
[4151] [M]: 0x800254BC (0x50550513) addi a0, a0, 1285
x10 <- 0x0000B505


mem[X,0x800254C0] -> 0xB5B7
mem[X,0x800254C2] -> 0x0000
[4152] [M]: 0x800254C0 (0x0000B5B7) lui a1, 11
x11 <- 0x0000B000


mem[X,0x800254C4] -> 0x8593
mem[X,0x800254C6] -> 0x5055
[4153] [M]: 0x800254C4 (0x50558593) addi a1, a1, 1285
x11 <- 0x0000B505


mem[X,0x800254C8] -> 0x0113
mem[X,0x800254CA] -> 0x0000
[4154] [M]: 0x800254C8 (0x00000113) addi sp, zero, 0
x2 <- 0x00000000


mem[X,0x800254CC] -> 0x006F
mem[X,0x800254CE] -> 0x00C0
[4155] [M]: 0x800254CC (0x00C0006F) jal zero, 12


mem[X,0x800254D8] -> 0x0663
mem[X,0x800254DA] -> 0x00B5
[4156] [M]: 0x800254D8 (0x00B50663) beq a0, a1, 12


mem[X,0x800254E4] -> 0x0113
mem[X,0x800254E6] -> 0x0031
[4157] [M]: 0x800254E4 (0x00310113) addi sp, sp, 3
x2 <- 0x00000003


mem[X,0x800254E8] -> 0x006F
mem[X,0x800254EA] -> 0x0040
[4158] [M]: 0x800254E8 (0x0040006F) jal zero, 4


mem[X,0x800254EC] -> 0xA023
mem[X,0x800254EE] -> 0x6820
[4159] [M]: 0x800254EC (0x6820A023) sw sp, 1664(ra)
mem[0x8003A7E8] <- 0x00000003


mem[X,0x800254F0] -> 0x0513
mem[X,0x800254F2] -> 0x0000
[4160] [M]: 0x800254F0 (0x00000513) addi a0, zero, 0
x10 <- 0x00000000


mem[X,0x800254F4] -> 0x0593
mem[X,0x800254F6] -> 0x0020
[4161] [M]: 0x800254F4 (0x00200593) addi a1, zero, 2
x11 <- 0x00000002


mem[X,0x800254F8] -> 0x0113
mem[X,0x800254FA] -> 0x0000
[4162] [M]: 0x800254F8 (0x00000113) addi sp, zero, 0
x2 <- 0x00000000


mem[X,0x800254FC] -> 0x006F
mem[X,0x800254FE] -> 0x00C0
[4163] [M]: 0x800254FC (0x00C0006F) jal zero, 12


mem[X,0x80025508] -> 0x0063
mem[X,0x8002550A] -> 0x40B5
[4164] [M]: 0x80025508 (0x40B50063) beq a0, a1, 1024


mem[X,0x8002550C] -> 0x0113
mem[X,0x8002550E] -> 0x0021
[4165] [M]: 0x8002550C (0x00210113) addi sp, sp, 2
x2 <- 0x00000002


mem[X,0x80025510] -> 0x006F
mem[X,0x80025512] -> 0x4000
[4166] [M]: 0x80025510 (0x4000006F) jal zero, 1024


mem[X,0x80025910] -> 0xA223
mem[X,0x80025912] -> 0x6820
[4167] [M]: 0x80025910 (0x6820A223) sw sp, 1668(ra)
mem[0x8003A7EC] <- 0x00000002


mem[X,0x80025914] -> 0x0513
mem[X,0x80025916] -> 0x0000
[4168] [M]: 0x80025914 (0x00000513) addi a0, zero, 0
x10 <- 0x00000000


mem[X,0x80025918] -> 0x55B7
mem[X,0x8002591A] -> 0x5555
[4169] [M]: 0x80025918 (0x555555B7) lui a1, 349525
x11 <- 0x55555000


mem[X,0x8002591C] -> 0x8593
mem[X,0x8002591E] -> 0x5545
[4170] [M]: 0x8002591C (0x55458593) addi a1, a1, 1364
x11 <- 0x55555554


mem[X,0x80025920] -> 0x0113
mem[X,0x80025922] -> 0x0000
[4171] [M]: 0x80025920 (0x00000113) addi sp, zero, 0
x2 <- 0x00000000


mem[X,0x80025924] -> 0x006F
mem[X,0x80025926] -> 0x00C0
[4172] [M]: 0x80025924 (0x00C0006F) jal zero, 12


mem[X,0x80025930] -> 0x0663
mem[X,0x80025932] -> 0x00B5
[4173] [M]: 0x80025930 (0x00B50663) beq a0, a1, 12


mem[X,0x80025934] -> 0x0113
mem[X,0x80025936] -> 0x0021
[4174] [M]: 0x80025934 (0x00210113) addi sp, sp, 2
x2 <- 0x00000002


mem[X,0x80025938] -> 0x006F
mem[X,0x8002593A] -> 0x00C0
[4175] [M]: 0x80025938 (0x00C0006F) jal zero, 12


mem[X,0x80025944] -> 0xA423
mem[X,0x80025946] -> 0x6820
[4176] [M]: 0x80025944 (0x6820A423) sw sp, 1672(ra)
mem[0x8003A7F0] <- 0x00000002


mem[X,0x80025948] -> 0x0513
mem[X,0x8002594A] -> 0x0000
[4177] [M]: 0x80025948 (0x00000513) addi a0, zero, 0
x10 <- 0x00000000


mem[X,0x8002594C] -> 0x0593
mem[X,0x8002594E] -> 0x0000
[4178] [M]: 0x8002594C (0x00000593) addi a1, zero, 0
x11 <- 0x00000000


mem[X,0x80025950] -> 0x0113
mem[X,0x80025952] -> 0x0000
[4179] [M]: 0x80025950 (0x00000113) addi sp, zero, 0
x2 <- 0x00000000


mem[X,0x80025954] -> 0x006F
mem[X,0x80025956] -> 0x00C0
[4180] [M]: 0x80025954 (0x00C0006F) jal zero, 12


mem[X,0x80025960] -> 0x0063
mem[X,0x80025962] -> 0x40B5
[4181] [M]: 0x80025960 (0x40B50063) beq a0, a1, 1024


mem[X,0x80025D60] -> 0x0113
mem[X,0x80025D62] -> 0x0031
[4182] [M]: 0x80025D60 (0x00310113) addi sp, sp, 3
x2 <- 0x00000003


mem[X,0x80025D64] -> 0x006F
mem[X,0x80025D66] -> 0x0040
[4183] [M]: 0x80025D64 (0x0040006F) jal zero, 4


mem[X,0x80025D68] -> 0xA623
mem[X,0x80025D6A] -> 0x6820
[4184] [M]: 0x80025D68 (0x6820A623) sw sp, 1676(ra)
mem[0x8003A7F4] <- 0x00000003


mem[X,0x80025D6C] -> 0x0513
mem[X,0x80025D6E] -> 0x0000
[4185] [M]: 0x80025D6C (0x00000513) addi a0, zero, 0
x10 <- 0x00000000


mem[X,0x80025D70] -> 0x0593
mem[X,0x80025D72] -> 0x0040
[4186] [M]: 0x80025D70 (0x00400593) addi a1, zero, 4
x11 <- 0x00000004


mem[X,0x80025D74] -> 0x0113
mem[X,0x80025D76] -> 0x0000
[4187] [M]: 0x80025D74 (0x00000113) addi sp, zero, 0
x2 <- 0x00000000


mem[X,0x80025D78] -> 0x006F
mem[X,0x80025D7A] -> 0x2B10
[4188] [M]: 0x80025D78 (0x2B10006F) jal zero, 2736


mem[X,0x80026828] -> 0x0A63
mem[X,0x8002682A] -> 0xD4B5
[4189] [M]: 0x80026828 (0xD4B50A63) beq a0, a1, 5460


mem[X,0x8002682C] -> 0x0113
mem[X,0x8002682E] -> 0x0021
[4190] [M]: 0x8002682C (0x00210113) addi sp, sp, 2
x2 <- 0x00000002


mem[X,0x80026830] -> 0x006F
mem[X,0x80026832] -> 0x00C0
[4191] [M]: 0x80026830 (0x00C0006F) jal zero, 12


mem[X,0x8002683C] -> 0xA823
mem[X,0x8002683E] -> 0x6820
[4192] [M]: 0x8002683C (0x6820A823) sw sp, 1680(ra)
mem[0x8003A7F8] <- 0x00000002


mem[X,0x80026840] -> 0x0513
mem[X,0x80026842] -> 0x0000
[4193] [M]: 0x80026840 (0x00000513) addi a0, zero, 0
x10 <- 0x00000000


mem[X,0x80026844] -> 0x35B7
mem[X,0x80026846] -> 0x3333
[4194] [M]: 0x80026844 (0x333335B7) lui a1, 209715
x11 <- 0x33333000


mem[X,0x80026848] -> 0x8593
mem[X,0x8002684A] -> 0x3325
[4195] [M]: 0x80026848 (0x33258593) addi a1, a1, 818
x11 <- 0x33333332


mem[X,0x8002684C] -> 0x0113
mem[X,0x8002684E] -> 0x0000
[4196] [M]: 0x8002684C (0x00000113) addi sp, zero, 0
x2 <- 0x00000000


mem[X,0x80026850] -> 0x006F
mem[X,0x80026852] -> 0x00C0
[4197] [M]: 0x80026850 (0x00C0006F) jal zero, 12


mem[X,0x8002685C] -> 0x0CE3
mem[X,0x8002685E] -> 0xFEB5
[4198] [M]: 0x8002685C (0xFEB50CE3) beq a0, a1, 8184


mem[X,0x80026860] -> 0x0113
mem[X,0x80026862] -> 0x0021
[4199] [M]: 0x80026860 (0x00210113) addi sp, sp, 2
x2 <- 0x00000002


clint::tick mtime <- 0x000000000000002A
 clint timer pending at mtime 0x000000000000002A
htif::tick 0x0000000000000000
mem[X,0x80026864] -> 0x006F
mem[X,0x80026866] -> 0x00C0
[4200] [M]: 0x80026864 (0x00C0006F) jal zero, 12


mem[X,0x80026870] -> 0xAA23
mem[X,0x80026872] -> 0x6820
[4201] [M]: 0x80026870 (0x6820AA23) sw sp, 1684(ra)
mem[0x8003A7FC] <- 0x00000002


mem[X,0x80026874] -> 0x0513
mem[X,0x80026876] -> 0x0000
[4202] [M]: 0x80026874 (0x00000513) addi a0, zero, 0
x10 <- 0x00000000


mem[X,0x80026878] -> 0x65B7
mem[X,0x8002687A] -> 0x6666
[4203] [M]: 0x80026878 (0x666665B7) lui a1, 419430
x11 <- 0x66666000


mem[X,0x8002687C] -> 0x8593
mem[X,0x8002687E] -> 0x6655
[4204] [M]: 0x8002687C (0x66558593) addi a1, a1, 1637
x11 <- 0x66666665


mem[X,0x80026880] -> 0x0113
mem[X,0x80026882] -> 0x0000
[4205] [M]: 0x80026880 (0x00000113) addi sp, zero, 0
x2 <- 0x00000000


mem[X,0x80026884] -> 0x006F
mem[X,0x80026886] -> 0x00C0
[4206] [M]: 0x80026884 (0x00C0006F) jal zero, 12


mem[X,0x80026890] -> 0x0863
mem[X,0x80026892] -> 0x00B5
[4207] [M]: 0x80026890 (0x00B50863) beq a0, a1, 16


mem[X,0x80026894] -> 0x0113
mem[X,0x80026896] -> 0x0021
[4208] [M]: 0x80026894 (0x00210113) addi sp, sp, 2
x2 <- 0x00000002


mem[X,0x80026898] -> 0x006F
mem[X,0x8002689A] -> 0x0100
[4209] [M]: 0x80026898 (0x0100006F) jal zero, 16


mem[X,0x800268A8] -> 0xAC23
mem[X,0x800268AA] -> 0x6820
[4210] [M]: 0x800268A8 (0x6820AC23) sw sp, 1688(ra)
mem[0x8003A800] <- 0x00000002


mem[X,0x800268AC] -> 0x0513
mem[X,0x800268AE] -> 0x0000
[4211] [M]: 0x800268AC (0x00000513) addi a0, zero, 0
x10 <- 0x00000000


mem[X,0x800268B0] -> 0xB5B7
mem[X,0x800268B2] -> 0x0000
[4212] [M]: 0x800268B0 (0x0000B5B7) lui a1, 11
x11 <- 0x0000B000


mem[X,0x800268B4] -> 0x8593
mem[X,0x800268B6] -> 0x5035
[4213] [M]: 0x800268B4 (0x50358593) addi a1, a1, 1283
x11 <- 0x0000B503


mem[X,0x800268B8] -> 0x0113
mem[X,0x800268BA] -> 0x0000
[4214] [M]: 0x800268B8 (0x00000113) addi sp, zero, 0
x2 <- 0x00000000


mem[X,0x800268BC] -> 0x006F
mem[X,0x800268BE] -> 0x00C0
[4215] [M]: 0x800268BC (0x00C0006F) jal zero, 12


mem[X,0x800268C8] -> 0x0663
mem[X,0x800268CA] -> 0x00B5
[4216] [M]: 0x800268C8 (0x00B50663) beq a0, a1, 12


mem[X,0x800268CC] -> 0x0113
mem[X,0x800268CE] -> 0x0021
[4217] [M]: 0x800268CC (0x00210113) addi sp, sp, 2
x2 <- 0x00000002


mem[X,0x800268D0] -> 0x006F
mem[X,0x800268D2] -> 0x00C0
[4218] [M]: 0x800268D0 (0x00C0006F) jal zero, 12


mem[X,0x800268DC] -> 0xAE23
mem[X,0x800268DE] -> 0x6820
[4219] [M]: 0x800268DC (0x6820AE23) sw sp, 1692(ra)
mem[0x8003A804] <- 0x00000002


mem[X,0x800268E0] -> 0x0513
mem[X,0x800268E2] -> 0x0000
[4220] [M]: 0x800268E0 (0x00000513) addi a0, zero, 0
x10 <- 0x00000000


mem[X,0x800268E4] -> 0x55B7
mem[X,0x800268E6] -> 0x5555
[4221] [M]: 0x800268E4 (0x555555B7) lui a1, 349525
x11 <- 0x55555000


mem[X,0x800268E8] -> 0x8593
mem[X,0x800268EA] -> 0x5565
[4222] [M]: 0x800268E8 (0x55658593) addi a1, a1, 1366
x11 <- 0x55555556


mem[X,0x800268EC] -> 0x0113
mem[X,0x800268EE] -> 0x0000
[4223] [M]: 0x800268EC (0x00000113) addi sp, zero, 0
x2 <- 0x00000000


mem[X,0x800268F0] -> 0x006F
mem[X,0x800268F2] -> 0x00C0
[4224] [M]: 0x800268F0 (0x00C0006F) jal zero, 12


mem[X,0x800268FC] -> 0x0063
mem[X,0x800268FE] -> 0x40B5
[4225] [M]: 0x800268FC (0x40B50063) beq a0, a1, 1024


mem[X,0x80026900] -> 0x0113
mem[X,0x80026902] -> 0x0021
[4226] [M]: 0x80026900 (0x00210113) addi sp, sp, 2
x2 <- 0x00000002


mem[X,0x80026904] -> 0x006F
mem[X,0x80026906] -> 0x4000
[4227] [M]: 0x80026904 (0x4000006F) jal zero, 1024


mem[X,0x80026D04] -> 0xA023
mem[X,0x80026D06] -> 0x6A20
[4228] [M]: 0x80026D04 (0x6A20A023) sw sp, 1696(ra)
mem[0x8003A808] <- 0x00000002


mem[X,0x80026D08] -> 0x0513
mem[X,0x80026D0A] -> 0x0000
[4229] [M]: 0x80026D08 (0x00000513) addi a0, zero, 0
x10 <- 0x00000000


mem[X,0x80026D0C] -> 0xB5B7
mem[X,0x80026D0E] -> 0xAAAA
[4230] [M]: 0x80026D0C (0xAAAAB5B7) lui a1, 699051
x11 <- 0xAAAAB000


mem[X,0x80026D10] -> 0x8593
mem[X,0x80026D12] -> 0xAAB5
[4231] [M]: 0x80026D10 (0xAAB58593) addi a1, a1, 2731
x11 <- 0xAAAAAAAB


mem[X,0x80026D14] -> 0x0113
mem[X,0x80026D16] -> 0x0000
[4232] [M]: 0x80026D14 (0x00000113) addi sp, zero, 0
x2 <- 0x00000000


mem[X,0x80026D18] -> 0x006F
mem[X,0x80026D1A] -> 0x00C0
[4233] [M]: 0x80026D18 (0x00C0006F) jal zero, 12


mem[X,0x80026D24] -> 0x0CE3
mem[X,0x80026D26] -> 0xFEB5
[4234] [M]: 0x80026D24 (0xFEB50CE3) beq a0, a1, 8184


mem[X,0x80026D28] -> 0x0113
mem[X,0x80026D2A] -> 0x0021
[4235] [M]: 0x80026D28 (0x00210113) addi sp, sp, 2
x2 <- 0x00000002


mem[X,0x80026D2C] -> 0x006F
mem[X,0x80026D2E] -> 0x00C0
[4236] [M]: 0x80026D2C (0x00C0006F) jal zero, 12


mem[X,0x80026D38] -> 0xA223
mem[X,0x80026D3A] -> 0x6A20
[4237] [M]: 0x80026D38 (0x6A20A223) sw sp, 1700(ra)
mem[0x8003A80C] <- 0x00000002


mem[X,0x80026D3C] -> 0x0513
mem[X,0x80026D3E] -> 0x0000
[4238] [M]: 0x80026D3C (0x00000513) addi a0, zero, 0
x10 <- 0x00000000


mem[X,0x80026D40] -> 0x0593
mem[X,0x80026D42] -> 0x0060
[4239] [M]: 0x80026D40 (0x00600593) addi a1, zero, 6
x11 <- 0x00000006


mem[X,0x80026D44] -> 0x0113
mem[X,0x80026D46] -> 0x0000
[4240] [M]: 0x80026D44 (0x00000113) addi sp, zero, 0
x2 <- 0x00000000


mem[X,0x80026D48] -> 0x006F
mem[X,0x80026D4A] -> 0x00C0
[4241] [M]: 0x80026D48 (0x00C0006F) jal zero, 12


mem[X,0x80026D54] -> 0x0863
mem[X,0x80026D56] -> 0x00B5
[4242] [M]: 0x80026D54 (0x00B50863) beq a0, a1, 16


mem[X,0x80026D58] -> 0x0113
mem[X,0x80026D5A] -> 0x0021
[4243] [M]: 0x80026D58 (0x00210113) addi sp, sp, 2
x2 <- 0x00000002


mem[X,0x80026D5C] -> 0x006F
mem[X,0x80026D5E] -> 0x0100
[4244] [M]: 0x80026D5C (0x0100006F) jal zero, 16


mem[X,0x80026D6C] -> 0xA423
mem[X,0x80026D6E] -> 0x6A20
[4245] [M]: 0x80026D6C (0x6A20A423) sw sp, 1704(ra)
mem[0x8003A810] <- 0x00000002


mem[X,0x80026D70] -> 0x0513
mem[X,0x80026D72] -> 0x0000
[4246] [M]: 0x80026D70 (0x00000513) addi a0, zero, 0
x10 <- 0x00000000


mem[X,0x80026D74] -> 0x35B7
mem[X,0x80026D76] -> 0x3333
[4247] [M]: 0x80026D74 (0x333335B7) lui a1, 209715
x11 <- 0x33333000


mem[X,0x80026D78] -> 0x8593
mem[X,0x80026D7A] -> 0x3345
[4248] [M]: 0x80026D78 (0x33458593) addi a1, a1, 820
x11 <- 0x33333334


mem[X,0x80026D7C] -> 0x0113
mem[X,0x80026D7E] -> 0x0000
[4249] [M]: 0x80026D7C (0x00000113) addi sp, zero, 0
x2 <- 0x00000000


mem[X,0x80026D80] -> 0x006F
mem[X,0x80026D82] -> 0x0050
[4250] [M]: 0x80026D80 (0x0050006F) jal zero, 2052


mem[X,0x80027584] -> 0x00E3
mem[X,0x80027586] -> 0x80B5
[4251] [M]: 0x80027584 (0x80B500E3) beq a0, a1, 6144


mem[X,0x80027588] -> 0x0113
mem[X,0x8002758A] -> 0x0021
[4252] [M]: 0x80027588 (0x00210113) addi sp, sp, 2
x2 <- 0x00000002


mem[X,0x8002758C] -> 0x006F
mem[X,0x8002758E] -> 0x00C0
[4253] [M]: 0x8002758C (0x00C0006F) jal zero, 12


mem[X,0x80027598] -> 0xA623
mem[X,0x8002759A] -> 0x6A20
[4254] [M]: 0x80027598 (0x6A20A623) sw sp, 1708(ra)
mem[0x8003A814] <- 0x00000002


mem[X,0x8002759C] -> 0x0513
mem[X,0x8002759E] -> 0x0000
[4255] [M]: 0x8002759C (0x00000513) addi a0, zero, 0
x10 <- 0x00000000


mem[X,0x800275A0] -> 0x65B7
mem[X,0x800275A2] -> 0x6666
[4256] [M]: 0x800275A0 (0x666665B7) lui a1, 419430
x11 <- 0x66666000


mem[X,0x800275A4] -> 0x8593
mem[X,0x800275A6] -> 0x6675
[4257] [M]: 0x800275A4 (0x66758593) addi a1, a1, 1639
x11 <- 0x66666667


mem[X,0x800275A8] -> 0x0113
mem[X,0x800275AA] -> 0x0000
[4258] [M]: 0x800275A8 (0x00000113) addi sp, zero, 0
x2 <- 0x00000000


mem[X,0x800275AC] -> 0x006F
mem[X,0x800275AE] -> 0x0140
[4259] [M]: 0x800275AC (0x0140006F) jal zero, 20


mem[X,0x800275C0] -> 0x08E3
mem[X,0x800275C2] -> 0xFEB5
[4260] [M]: 0x800275C0 (0xFEB508E3) beq a0, a1, 8176


mem[X,0x800275C4] -> 0x0113
mem[X,0x800275C6] -> 0x0021
[4261] [M]: 0x800275C4 (0x00210113) addi sp, sp, 2
x2 <- 0x00000002


mem[X,0x800275C8] -> 0x006F
mem[X,0x800275CA] -> 0x00C0
[4262] [M]: 0x800275C8 (0x00C0006F) jal zero, 12


mem[X,0x800275D4] -> 0xA823
mem[X,0x800275D6] -> 0x6A20
[4263] [M]: 0x800275D4 (0x6A20A823) sw sp, 1712(ra)
mem[0x8003A818] <- 0x00000002


mem[X,0x800275D8] -> 0x0513
mem[X,0x800275DA] -> 0x0000
[4264] [M]: 0x800275D8 (0x00000513) addi a0, zero, 0
x10 <- 0x00000000


mem[X,0x800275DC] -> 0x55B7
mem[X,0x800275DE] -> 0xFFFF
[4265] [M]: 0x800275DC (0xFFFF55B7) lui a1, 1048565
x11 <- 0xFFFF5000


mem[X,0x800275E0] -> 0x8593
mem[X,0x800275E2] -> 0xAFD5
[4266] [M]: 0x800275E0 (0xAFD58593) addi a1, a1, 2813
x11 <- 0xFFFF4AFD


mem[X,0x800275E4] -> 0x0113
mem[X,0x800275E6] -> 0x0000
[4267] [M]: 0x800275E4 (0x00000113) addi sp, zero, 0
x2 <- 0x00000000


mem[X,0x800275E8] -> 0x006F
mem[X,0x800275EA] -> 0x00C0
[4268] [M]: 0x800275E8 (0x00C0006F) jal zero, 12


mem[X,0x800275F4] -> 0x0063
mem[X,0x800275F6] -> 0x40B5
[4269] [M]: 0x800275F4 (0x40B50063) beq a0, a1, 1024


mem[X,0x800275F8] -> 0x0113
mem[X,0x800275FA] -> 0x0021
[4270] [M]: 0x800275F8 (0x00210113) addi sp, sp, 2
x2 <- 0x00000002


mem[X,0x800275FC] -> 0x006F
mem[X,0x800275FE] -> 0x4000
[4271] [M]: 0x800275FC (0x4000006F) jal zero, 1024


mem[X,0x800279FC] -> 0xAA23
mem[X,0x800279FE] -> 0x6A20
[4272] [M]: 0x800279FC (0x6A20AA23) sw sp, 1716(ra)
mem[0x8003A81C] <- 0x00000002


mem[X,0x80027A00] -> 0x0513
mem[X,0x80027A02] -> 0x0000
[4273] [M]: 0x80027A00 (0x00000513) addi a0, zero, 0
x10 <- 0x00000000


mem[X,0x80027A04] -> 0xB5B7
mem[X,0x80027A06] -> 0x0000
[4274] [M]: 0x80027A04 (0x0000B5B7) lui a1, 11
x11 <- 0x0000B000


mem[X,0x80027A08] -> 0x8593
mem[X,0x80027A0A] -> 0x5055
[4275] [M]: 0x80027A08 (0x50558593) addi a1, a1, 1285
x11 <- 0x0000B505


mem[X,0x80027A0C] -> 0x0113
mem[X,0x80027A0E] -> 0x0000
[4276] [M]: 0x80027A0C (0x00000113) addi sp, zero, 0
x2 <- 0x00000000


mem[X,0x80027A10] -> 0x006F
mem[X,0x80027A12] -> 0x00C0
[4277] [M]: 0x80027A10 (0x00C0006F) jal zero, 12


mem[X,0x80027A1C] -> 0x0CE3
mem[X,0x80027A1E] -> 0xFEB5
[4278] [M]: 0x80027A1C (0xFEB50CE3) beq a0, a1, 8184


mem[X,0x80027A20] -> 0x0113
mem[X,0x80027A22] -> 0x0021
[4279] [M]: 0x80027A20 (0x00210113) addi sp, sp, 2
x2 <- 0x00000002


mem[X,0x80027A24] -> 0x006F
mem[X,0x80027A26] -> 0x00C0
[4280] [M]: 0x80027A24 (0x00C0006F) jal zero, 12


mem[X,0x80027A30] -> 0xAC23
mem[X,0x80027A32] -> 0x6A20
[4281] [M]: 0x80027A30 (0x6A20AC23) sw sp, 1720(ra)
mem[0x8003A820] <- 0x00000002


mem[X,0x80027A34] -> 0x0513
mem[X,0x80027A36] -> 0x0040
[4282] [M]: 0x80027A34 (0x00400513) addi a0, zero, 4
x10 <- 0x00000004


mem[X,0x80027A38] -> 0x0593
mem[X,0x80027A3A] -> 0x0030
[4283] [M]: 0x80027A38 (0x00300593) addi a1, zero, 3
x11 <- 0x00000003


mem[X,0x80027A3C] -> 0x0113
mem[X,0x80027A3E] -> 0x0000
[4284] [M]: 0x80027A3C (0x00000113) addi sp, zero, 0
x2 <- 0x00000000


mem[X,0x80027A40] -> 0x006F
mem[X,0x80027A42] -> 0x0140
[4285] [M]: 0x80027A40 (0x0140006F) jal zero, 20


mem[X,0x80027A54] -> 0x08E3
mem[X,0x80027A56] -> 0xFEB5
[4286] [M]: 0x80027A54 (0xFEB508E3) beq a0, a1, 8176


mem[X,0x80027A58] -> 0x0113
mem[X,0x80027A5A] -> 0x0021
[4287] [M]: 0x80027A58 (0x00210113) addi sp, sp, 2
x2 <- 0x00000002


mem[X,0x80027A5C] -> 0x006F
mem[X,0x80027A5E] -> 0x00C0
[4288] [M]: 0x80027A5C (0x00C0006F) jal zero, 12


mem[X,0x80027A68] -> 0xAE23
mem[X,0x80027A6A] -> 0x6A20
[4289] [M]: 0x80027A68 (0x6A20AE23) sw sp, 1724(ra)
mem[0x8003A824] <- 0x00000002


mem[X,0x80027A6C] -> 0x0513
mem[X,0x80027A6E] -> 0x0040
[4290] [M]: 0x80027A6C (0x00400513) addi a0, zero, 4
x10 <- 0x00000004


mem[X,0x80027A70] -> 0x55B7
mem[X,0x80027A72] -> 0x5555
[4291] [M]: 0x80027A70 (0x555555B7) lui a1, 349525
x11 <- 0x55555000


mem[X,0x80027A74] -> 0x8593
mem[X,0x80027A76] -> 0x5555
[4292] [M]: 0x80027A74 (0x55558593) addi a1, a1, 1365
x11 <- 0x55555555


mem[X,0x80027A78] -> 0x0113
mem[X,0x80027A7A] -> 0x0000
[4293] [M]: 0x80027A78 (0x00000113) addi sp, zero, 0
x2 <- 0x00000000


mem[X,0x80027A7C] -> 0x006F
mem[X,0x80027A7E] -> 0x0050
[4294] [M]: 0x80027A7C (0x0050006F) jal zero, 2052


mem[X,0x80028280] -> 0x00E3
mem[X,0x80028282] -> 0x80B5
[4295] [M]: 0x80028280 (0x80B500E3) beq a0, a1, 6144


mem[X,0x80028284] -> 0x0113
mem[X,0x80028286] -> 0x0021
[4296] [M]: 0x80028284 (0x00210113) addi sp, sp, 2
x2 <- 0x00000002


mem[X,0x80028288] -> 0x006F
mem[X,0x8002828A] -> 0x00C0
[4297] [M]: 0x80028288 (0x00C0006F) jal zero, 12


mem[X,0x80028294] -> 0xA023
mem[X,0x80028296] -> 0x6C20
[4298] [M]: 0x80028294 (0x6C20A023) sw sp, 1728(ra)
mem[0x8003A828] <- 0x00000002


mem[X,0x80028298] -> 0x0513
mem[X,0x8002829A] -> 0x0040
[4299] [M]: 0x80028298 (0x00400513) addi a0, zero, 4
x10 <- 0x00000004


clint::tick mtime <- 0x000000000000002B
 clint timer pending at mtime 0x000000000000002B
htif::tick 0x0000000000000000
mem[X,0x8002829C] -> 0xB5B7
mem[X,0x8002829E] -> 0xAAAA
[4300] [M]: 0x8002829C (0xAAAAB5B7) lui a1, 699051
x11 <- 0xAAAAB000


mem[X,0x800282A0] -> 0x8593
mem[X,0x800282A2] -> 0xAAA5
[4301] [M]: 0x800282A0 (0xAAA58593) addi a1, a1, 2730
x11 <- 0xAAAAAAAA


mem[X,0x800282A4] -> 0x0113
mem[X,0x800282A6] -> 0x0000
[4302] [M]: 0x800282A4 (0x00000113) addi sp, zero, 0
x2 <- 0x00000000


mem[X,0x800282A8] -> 0x006F
mem[X,0x800282AA] -> 0x00C0
[4303] [M]: 0x800282A8 (0x00C0006F) jal zero, 12


mem[X,0x800282B4] -> 0x0063
mem[X,0x800282B6] -> 0x08B5
[4304] [M]: 0x800282B4 (0x08B50063) beq a0, a1, 128


mem[X,0x800282B8] -> 0x0113
mem[X,0x800282BA] -> 0x0021
[4305] [M]: 0x800282B8 (0x00210113) addi sp, sp, 2
x2 <- 0x00000002


mem[X,0x800282BC] -> 0x006F
mem[X,0x800282BE] -> 0x0800
[4306] [M]: 0x800282BC (0x0800006F) jal zero, 128


mem[X,0x8002833C] -> 0xA223
mem[X,0x8002833E] -> 0x6C20
[4307] [M]: 0x8002833C (0x6C20A223) sw sp, 1732(ra)
mem[0x8003A82C] <- 0x00000002


mem[X,0x80028340] -> 0x0513
mem[X,0x80028342] -> 0x0040
[4308] [M]: 0x80028340 (0x00400513) addi a0, zero, 4
x10 <- 0x00000004


mem[X,0x80028344] -> 0x0593
mem[X,0x80028346] -> 0x0050
[4309] [M]: 0x80028344 (0x00500593) addi a1, zero, 5
x11 <- 0x00000005


mem[X,0x80028348] -> 0x0113
mem[X,0x8002834A] -> 0x0000
[4310] [M]: 0x80028348 (0x00000113) addi sp, zero, 0
x2 <- 0x00000000


mem[X,0x8002834C] -> 0x006F
mem[X,0x8002834E] -> 0x00C0
[4311] [M]: 0x8002834C (0x00C0006F) jal zero, 12


mem[X,0x80028358] -> 0x0063
mem[X,0x8002835A] -> 0x04B5
[4312] [M]: 0x80028358 (0x04B50063) beq a0, a1, 64


mem[X,0x8002835C] -> 0x0113
mem[X,0x8002835E] -> 0x0021
[4313] [M]: 0x8002835C (0x00210113) addi sp, sp, 2
x2 <- 0x00000002


mem[X,0x80028360] -> 0x006F
mem[X,0x80028362] -> 0x0400
[4314] [M]: 0x80028360 (0x0400006F) jal zero, 64


mem[X,0x800283A0] -> 0xA423
mem[X,0x800283A2] -> 0x6C20
[4315] [M]: 0x800283A0 (0x6C20A423) sw sp, 1736(ra)
mem[0x8003A830] <- 0x00000002


mem[X,0x800283A4] -> 0x0513
mem[X,0x800283A6] -> 0x0040
[4316] [M]: 0x800283A4 (0x00400513) addi a0, zero, 4
x10 <- 0x00000004


mem[X,0x800283A8] -> 0x35B7
mem[X,0x800283AA] -> 0x3333
[4317] [M]: 0x800283A8 (0x333335B7) lui a1, 209715
x11 <- 0x33333000


mem[X,0x800283AC] -> 0x8593
mem[X,0x800283AE] -> 0x3335
[4318] [M]: 0x800283AC (0x33358593) addi a1, a1, 819
x11 <- 0x33333333


mem[X,0x800283B0] -> 0x0113
mem[X,0x800283B2] -> 0x0000
[4319] [M]: 0x800283B0 (0x00000113) addi sp, zero, 0
x2 <- 0x00000000


mem[X,0x800283B4] -> 0x006F
mem[X,0x800283B6] -> 0x00C0
[4320] [M]: 0x800283B4 (0x00C0006F) jal zero, 12


mem[X,0x800283C0] -> 0x0063
mem[X,0x800283C2] -> 0x20B5
[4321] [M]: 0x800283C0 (0x20B50063) beq a0, a1, 512


mem[X,0x800283C4] -> 0x0113
mem[X,0x800283C6] -> 0x0021
[4322] [M]: 0x800283C4 (0x00210113) addi sp, sp, 2
x2 <- 0x00000002


mem[X,0x800283C8] -> 0x006F
mem[X,0x800283CA] -> 0x2000
[4323] [M]: 0x800283C8 (0x2000006F) jal zero, 512


mem[X,0x800285C8] -> 0xA623
mem[X,0x800285CA] -> 0x6C20
[4324] [M]: 0x800285C8 (0x6C20A623) sw sp, 1740(ra)
mem[0x8003A834] <- 0x00000002


mem[X,0x800285CC] -> 0x0513
mem[X,0x800285CE] -> 0x0040
[4325] [M]: 0x800285CC (0x00400513) addi a0, zero, 4
x10 <- 0x00000004


mem[X,0x800285D0] -> 0x65B7
mem[X,0x800285D2] -> 0x6666
[4326] [M]: 0x800285D0 (0x666665B7) lui a1, 419430
x11 <- 0x66666000


mem[X,0x800285D4] -> 0x8593
mem[X,0x800285D6] -> 0x6665
[4327] [M]: 0x800285D4 (0x66658593) addi a1, a1, 1638
x11 <- 0x66666666


mem[X,0x800285D8] -> 0x0113
mem[X,0x800285DA] -> 0x0000
[4328] [M]: 0x800285D8 (0x00000113) addi sp, zero, 0
x2 <- 0x00000000


mem[X,0x800285DC] -> 0x006F
mem[X,0x800285DE] -> 0x00C0
[4329] [M]: 0x800285DC (0x00C0006F) jal zero, 12


mem[X,0x800285E8] -> 0x0663
mem[X,0x800285EA] -> 0x00B5
[4330] [M]: 0x800285E8 (0x00B50663) beq a0, a1, 12


mem[X,0x800285EC] -> 0x0113
mem[X,0x800285EE] -> 0x0021
[4331] [M]: 0x800285EC (0x00210113) addi sp, sp, 2
x2 <- 0x00000002


mem[X,0x800285F0] -> 0x006F
mem[X,0x800285F2] -> 0x00C0
[4332] [M]: 0x800285F0 (0x00C0006F) jal zero, 12


mem[X,0x800285FC] -> 0xA823
mem[X,0x800285FE] -> 0x6C20
[4333] [M]: 0x800285FC (0x6C20A823) sw sp, 1744(ra)
mem[0x8003A838] <- 0x00000002


mem[X,0x80028600] -> 0x0513
mem[X,0x80028602] -> 0x0040
[4334] [M]: 0x80028600 (0x00400513) addi a0, zero, 4
x10 <- 0x00000004


mem[X,0x80028604] -> 0x55B7
mem[X,0x80028606] -> 0xFFFF
[4335] [M]: 0x80028604 (0xFFFF55B7) lui a1, 1048565
x11 <- 0xFFFF5000


mem[X,0x80028608] -> 0x8593
mem[X,0x8002860A] -> 0xAFC5
[4336] [M]: 0x80028608 (0xAFC58593) addi a1, a1, 2812
x11 <- 0xFFFF4AFC


mem[X,0x8002860C] -> 0x0113
mem[X,0x8002860E] -> 0x0000
[4337] [M]: 0x8002860C (0x00000113) addi sp, zero, 0
x2 <- 0x00000000


mem[X,0x80028610] -> 0x006F
mem[X,0x80028612] -> 0x00C0
[4338] [M]: 0x80028610 (0x00C0006F) jal zero, 12


mem[X,0x8002861C] -> 0x0063
mem[X,0x8002861E] -> 0x20B5
[4339] [M]: 0x8002861C (0x20B50063) beq a0, a1, 512


mem[X,0x80028620] -> 0x0113
mem[X,0x80028622] -> 0x0021
[4340] [M]: 0x80028620 (0x00210113) addi sp, sp, 2
x2 <- 0x00000002


mem[X,0x80028624] -> 0x006F
mem[X,0x80028626] -> 0x2000
[4341] [M]: 0x80028624 (0x2000006F) jal zero, 512


mem[X,0x80028824] -> 0xAA23
mem[X,0x80028826] -> 0x6C20
[4342] [M]: 0x80028824 (0x6C20AA23) sw sp, 1748(ra)
mem[0x8003A83C] <- 0x00000002


mem[X,0x80028828] -> 0x0513
mem[X,0x8002882A] -> 0x0040
[4343] [M]: 0x80028828 (0x00400513) addi a0, zero, 4
x10 <- 0x00000004


mem[X,0x8002882C] -> 0xB5B7
mem[X,0x8002882E] -> 0x0000
[4344] [M]: 0x8002882C (0x0000B5B7) lui a1, 11
x11 <- 0x0000B000


mem[X,0x80028830] -> 0x8593
mem[X,0x80028832] -> 0x5045
[4345] [M]: 0x80028830 (0x50458593) addi a1, a1, 1284
x11 <- 0x0000B504


mem[X,0x80028834] -> 0x0113
mem[X,0x80028836] -> 0x0000
[4346] [M]: 0x80028834 (0x00000113) addi sp, zero, 0
x2 <- 0x00000000


mem[X,0x80028838] -> 0x006F
mem[X,0x8002883A] -> 0x0180
[4347] [M]: 0x80028838 (0x0180006F) jal zero, 24


mem[X,0x80028850] -> 0x06E3
mem[X,0x80028852] -> 0xFEB5
[4348] [M]: 0x80028850 (0xFEB506E3) beq a0, a1, 8172


mem[X,0x80028854] -> 0x0113
mem[X,0x80028856] -> 0x0021
[4349] [M]: 0x80028854 (0x00210113) addi sp, sp, 2
x2 <- 0x00000002


mem[X,0x80028858] -> 0x006F
mem[X,0x8002885A] -> 0x00C0
[4350] [M]: 0x80028858 (0x00C0006F) jal zero, 12


mem[X,0x80028864] -> 0xAC23
mem[X,0x80028866] -> 0x6C20
[4351] [M]: 0x80028864 (0x6C20AC23) sw sp, 1752(ra)
mem[0x8003A840] <- 0x00000002


mem[X,0x80028868] -> 0x0513
mem[X,0x8002886A] -> 0x0040
[4352] [M]: 0x80028868 (0x00400513) addi a0, zero, 4
x10 <- 0x00000004


mem[X,0x8002886C] -> 0x0593
mem[X,0x8002886E] -> 0x0020
[4353] [M]: 0x8002886C (0x00200593) addi a1, zero, 2
x11 <- 0x00000002


mem[X,0x80028870] -> 0x0113
mem[X,0x80028872] -> 0x0000
[4354] [M]: 0x80028870 (0x00000113) addi sp, zero, 0
x2 <- 0x00000000


mem[X,0x80028874] -> 0x006F
mem[X,0x80028876] -> 0x0140
[4355] [M]: 0x80028874 (0x0140006F) jal zero, 20


mem[X,0x80028888] -> 0x08E3
mem[X,0x8002888A] -> 0xFEB5
[4356] [M]: 0x80028888 (0xFEB508E3) beq a0, a1, 8176


mem[X,0x8002888C] -> 0x0113
mem[X,0x8002888E] -> 0x0021
[4357] [M]: 0x8002888C (0x00210113) addi sp, sp, 2
x2 <- 0x00000002


mem[X,0x80028890] -> 0x006F
mem[X,0x80028892] -> 0x00C0
[4358] [M]: 0x80028890 (0x00C0006F) jal zero, 12


mem[X,0x8002889C] -> 0xAE23
mem[X,0x8002889E] -> 0x6C20
[4359] [M]: 0x8002889C (0x6C20AE23) sw sp, 1756(ra)
mem[0x8003A844] <- 0x00000002


mem[X,0x800288A0] -> 0x0513
mem[X,0x800288A2] -> 0x0040
[4360] [M]: 0x800288A0 (0x00400513) addi a0, zero, 4
x10 <- 0x00000004


mem[X,0x800288A4] -> 0x55B7
mem[X,0x800288A6] -> 0x5555
[4361] [M]: 0x800288A4 (0x555555B7) lui a1, 349525
x11 <- 0x55555000


mem[X,0x800288A8] -> 0x8593
mem[X,0x800288AA] -> 0x5545
[4362] [M]: 0x800288A8 (0x55458593) addi a1, a1, 1364
x11 <- 0x55555554


mem[X,0x800288AC] -> 0x0113
mem[X,0x800288AE] -> 0x0000
[4363] [M]: 0x800288AC (0x00000113) addi sp, zero, 0
x2 <- 0x00000000


mem[X,0x800288B0] -> 0x006F
mem[X,0x800288B2] -> 0x00C0
[4364] [M]: 0x800288B0 (0x00C0006F) jal zero, 12


mem[X,0x800288BC] -> 0x0CE3
mem[X,0x800288BE] -> 0xFEB5
[4365] [M]: 0x800288BC (0xFEB50CE3) beq a0, a1, 8184


mem[X,0x800288C0] -> 0x0113
mem[X,0x800288C2] -> 0x0021
[4366] [M]: 0x800288C0 (0x00210113) addi sp, sp, 2
x2 <- 0x00000002


mem[X,0x800288C4] -> 0x006F
mem[X,0x800288C6] -> 0x00C0
[4367] [M]: 0x800288C4 (0x00C0006F) jal zero, 12


mem[X,0x800288D0] -> 0xA023
mem[X,0x800288D2] -> 0x6E20
[4368] [M]: 0x800288D0 (0x6E20A023) sw sp, 1760(ra)
mem[0x8003A848] <- 0x00000002


mem[X,0x800288D4] -> 0x0513
mem[X,0x800288D6] -> 0x0040
[4369] [M]: 0x800288D4 (0x00400513) addi a0, zero, 4
x10 <- 0x00000004


mem[X,0x800288D8] -> 0x0593
mem[X,0x800288DA] -> 0x0000
[4370] [M]: 0x800288D8 (0x00000593) addi a1, zero, 0
x11 <- 0x00000000


mem[X,0x800288DC] -> 0x0113
mem[X,0x800288DE] -> 0x0000
[4371] [M]: 0x800288DC (0x00000113) addi sp, zero, 0
x2 <- 0x00000000


mem[X,0x800288E0] -> 0x006F
mem[X,0x800288E2] -> 0x00C0
[4372] [M]: 0x800288E0 (0x00C0006F) jal zero, 12


mem[X,0x800288EC] -> 0x0063
mem[X,0x800288EE] -> 0x04B5
[4373] [M]: 0x800288EC (0x04B50063) beq a0, a1, 64


mem[X,0x800288F0] -> 0x0113
mem[X,0x800288F2] -> 0x0021
[4374] [M]: 0x800288F0 (0x00210113) addi sp, sp, 2
x2 <- 0x00000002


mem[X,0x800288F4] -> 0x006F
mem[X,0x800288F6] -> 0x0400
[4375] [M]: 0x800288F4 (0x0400006F) jal zero, 64


mem[X,0x80028934] -> 0xA223
mem[X,0x80028936] -> 0x6E20
[4376] [M]: 0x80028934 (0x6E20A223) sw sp, 1764(ra)
mem[0x8003A84C] <- 0x00000002


mem[X,0x80028938] -> 0x0513
mem[X,0x8002893A] -> 0x0040
[4377] [M]: 0x80028938 (0x00400513) addi a0, zero, 4
x10 <- 0x00000004


mem[X,0x8002893C] -> 0x0593
mem[X,0x8002893E] -> 0x0040
[4378] [M]: 0x8002893C (0x00400593) addi a1, zero, 4
x11 <- 0x00000004


mem[X,0x80028940] -> 0x0113
mem[X,0x80028942] -> 0x0000
[4379] [M]: 0x80028940 (0x00000113) addi sp, zero, 0
x2 <- 0x00000000


mem[X,0x80028944] -> 0x006F
mem[X,0x80028946] -> 0x0050
[4380] [M]: 0x80028944 (0x0050006F) jal zero, 2052


mem[X,0x80029148] -> 0x00E3
mem[X,0x8002914A] -> 0x80B5
[4381] [M]: 0x80029148 (0x80B500E3) beq a0, a1, 6144


mem[X,0x80028948] -> 0x0113
mem[X,0x8002894A] -> 0x0011
[4382] [M]: 0x80028948 (0x00110113) addi sp, sp, 1
x2 <- 0x00000001


mem[X,0x8002894C] -> 0x006F
mem[X,0x8002894E] -> 0x0110
[4383] [M]: 0x8002894C (0x0110006F) jal zero, 2064


mem[X,0x8002915C] -> 0xA423
mem[X,0x8002915E] -> 0x6E20
[4384] [M]: 0x8002915C (0x6E20A423) sw sp, 1768(ra)
mem[0x8003A850] <- 0x00000001


mem[X,0x80029160] -> 0x0513
mem[X,0x80029162] -> 0x0040
[4385] [M]: 0x80029160 (0x00400513) addi a0, zero, 4
x10 <- 0x00000004


mem[X,0x80029164] -> 0x35B7
mem[X,0x80029166] -> 0x3333
[4386] [M]: 0x80029164 (0x333335B7) lui a1, 209715
x11 <- 0x33333000


mem[X,0x80029168] -> 0x8593
mem[X,0x8002916A] -> 0x3325
[4387] [M]: 0x80029168 (0x33258593) addi a1, a1, 818
x11 <- 0x33333332


mem[X,0x8002916C] -> 0x0113
mem[X,0x8002916E] -> 0x0000
[4388] [M]: 0x8002916C (0x00000113) addi sp, zero, 0
x2 <- 0x00000000


mem[X,0x80029170] -> 0x006F
mem[X,0x80029172] -> 0x0050
[4389] [M]: 0x80029170 (0x0050006F) jal zero, 2052


mem[X,0x80029974] -> 0x00E3
mem[X,0x80029976] -> 0x80B5
[4390] [M]: 0x80029974 (0x80B500E3) beq a0, a1, 6144


mem[X,0x80029978] -> 0x0113
mem[X,0x8002997A] -> 0x0021
[4391] [M]: 0x80029978 (0x00210113) addi sp, sp, 2
x2 <- 0x00000002


mem[X,0x8002997C] -> 0x006F
mem[X,0x8002997E] -> 0x00C0
[4392] [M]: 0x8002997C (0x00C0006F) jal zero, 12


mem[X,0x80029988] -> 0xA623
mem[X,0x8002998A] -> 0x6E20
[4393] [M]: 0x80029988 (0x6E20A623) sw sp, 1772(ra)
mem[0x8003A854] <- 0x00000002


mem[X,0x8002998C] -> 0x0513
mem[X,0x8002998E] -> 0x0040
[4394] [M]: 0x8002998C (0x00400513) addi a0, zero, 4
x10 <- 0x00000004


mem[X,0x80029990] -> 0x65B7
mem[X,0x80029992] -> 0x6666
[4395] [M]: 0x80029990 (0x666665B7) lui a1, 419430
x11 <- 0x66666000


mem[X,0x80029994] -> 0x8593
mem[X,0x80029996] -> 0x6655
[4396] [M]: 0x80029994 (0x66558593) addi a1, a1, 1637
x11 <- 0x66666665


mem[X,0x80029998] -> 0x0113
mem[X,0x8002999A] -> 0x0000
[4397] [M]: 0x80029998 (0x00000113) addi sp, zero, 0
x2 <- 0x00000000


mem[X,0x8002999C] -> 0x006F
mem[X,0x8002999E] -> 0x0050
[4398] [M]: 0x8002999C (0x0050006F) jal zero, 2052


mem[X,0x8002A1A0] -> 0x00E3
mem[X,0x8002A1A2] -> 0x80B5
[4399] [M]: 0x8002A1A0 (0x80B500E3) beq a0, a1, 6144


clint::tick mtime <- 0x000000000000002C
 clint timer pending at mtime 0x000000000000002C
htif::tick 0x0000000000000000
mem[X,0x8002A1A4] -> 0x0113
mem[X,0x8002A1A6] -> 0x0021
[4400] [M]: 0x8002A1A4 (0x00210113) addi sp, sp, 2
x2 <- 0x00000002


mem[X,0x8002A1A8] -> 0x006F
mem[X,0x8002A1AA] -> 0x00C0
[4401] [M]: 0x8002A1A8 (0x00C0006F) jal zero, 12


mem[X,0x8002A1B4] -> 0xA823
mem[X,0x8002A1B6] -> 0x6E20
[4402] [M]: 0x8002A1B4 (0x6E20A823) sw sp, 1776(ra)
mem[0x8003A858] <- 0x00000002


mem[X,0x8002A1B8] -> 0x0513
mem[X,0x8002A1BA] -> 0x0040
[4403] [M]: 0x8002A1B8 (0x00400513) addi a0, zero, 4
x10 <- 0x00000004


mem[X,0x8002A1BC] -> 0xB5B7
mem[X,0x8002A1BE] -> 0x0000
[4404] [M]: 0x8002A1BC (0x0000B5B7) lui a1, 11
x11 <- 0x0000B000


mem[X,0x8002A1C0] -> 0x8593
mem[X,0x8002A1C2] -> 0x5035
[4405] [M]: 0x8002A1C0 (0x50358593) addi a1, a1, 1283
x11 <- 0x0000B503


mem[X,0x8002A1C4] -> 0x0113
mem[X,0x8002A1C6] -> 0x0000
[4406] [M]: 0x8002A1C4 (0x00000113) addi sp, zero, 0
x2 <- 0x00000000


mem[X,0x8002A1C8] -> 0x006F
mem[X,0x8002A1CA] -> 0x00C0
[4407] [M]: 0x8002A1C8 (0x00C0006F) jal zero, 12


mem[X,0x8002A1D4] -> 0x0CE3
mem[X,0x8002A1D6] -> 0xFEB5
[4408] [M]: 0x8002A1D4 (0xFEB50CE3) beq a0, a1, 8184


mem[X,0x8002A1D8] -> 0x0113
mem[X,0x8002A1DA] -> 0x0021
[4409] [M]: 0x8002A1D8 (0x00210113) addi sp, sp, 2
x2 <- 0x00000002


mem[X,0x8002A1DC] -> 0x006F
mem[X,0x8002A1DE] -> 0x00C0
[4410] [M]: 0x8002A1DC (0x00C0006F) jal zero, 12


mem[X,0x8002A1E8] -> 0xAA23
mem[X,0x8002A1EA] -> 0x6E20
[4411] [M]: 0x8002A1E8 (0x6E20AA23) sw sp, 1780(ra)
mem[0x8003A85C] <- 0x00000002


mem[X,0x8002A1EC] -> 0x0513
mem[X,0x8002A1EE] -> 0x0040
[4412] [M]: 0x8002A1EC (0x00400513) addi a0, zero, 4
x10 <- 0x00000004


mem[X,0x8002A1F0] -> 0x55B7
mem[X,0x8002A1F2] -> 0x5555
[4413] [M]: 0x8002A1F0 (0x555555B7) lui a1, 349525
x11 <- 0x55555000


mem[X,0x8002A1F4] -> 0x8593
mem[X,0x8002A1F6] -> 0x5565
[4414] [M]: 0x8002A1F4 (0x55658593) addi a1, a1, 1366
x11 <- 0x55555556


mem[X,0x8002A1F8] -> 0x0113
mem[X,0x8002A1FA] -> 0x0000
[4415] [M]: 0x8002A1F8 (0x00000113) addi sp, zero, 0
x2 <- 0x00000000


mem[X,0x8002A1FC] -> 0x006F
mem[X,0x8002A1FE] -> 0x00C0
[4416] [M]: 0x8002A1FC (0x00C0006F) jal zero, 12


mem[X,0x8002A208] -> 0x0663
mem[X,0x8002A20A] -> 0x00B5
[4417] [M]: 0x8002A208 (0x00B50663) beq a0, a1, 12


mem[X,0x8002A20C] -> 0x0113
mem[X,0x8002A20E] -> 0x0021
[4418] [M]: 0x8002A20C (0x00210113) addi sp, sp, 2
x2 <- 0x00000002


mem[X,0x8002A210] -> 0x006F
mem[X,0x8002A212] -> 0x00C0
[4419] [M]: 0x8002A210 (0x00C0006F) jal zero, 12


mem[X,0x8002A21C] -> 0xAC23
mem[X,0x8002A21E] -> 0x6E20
[4420] [M]: 0x8002A21C (0x6E20AC23) sw sp, 1784(ra)
mem[0x8003A860] <- 0x00000002


mem[X,0x8002A220] -> 0x0513
mem[X,0x8002A222] -> 0x0040
[4421] [M]: 0x8002A220 (0x00400513) addi a0, zero, 4
x10 <- 0x00000004


mem[X,0x8002A224] -> 0xB5B7
mem[X,0x8002A226] -> 0xAAAA
[4422] [M]: 0x8002A224 (0xAAAAB5B7) lui a1, 699051
x11 <- 0xAAAAB000


mem[X,0x8002A228] -> 0x8593
mem[X,0x8002A22A] -> 0xAAB5
[4423] [M]: 0x8002A228 (0xAAB58593) addi a1, a1, 2731
x11 <- 0xAAAAAAAB


mem[X,0x8002A22C] -> 0x0113
mem[X,0x8002A22E] -> 0x0000
[4424] [M]: 0x8002A22C (0x00000113) addi sp, zero, 0
x2 <- 0x00000000


mem[X,0x8002A230] -> 0x006F
mem[X,0x8002A232] -> 0x0100
[4425] [M]: 0x8002A230 (0x0100006F) jal zero, 16


mem[X,0x8002A240] -> 0x0AE3
mem[X,0x8002A242] -> 0xFEB5
[4426] [M]: 0x8002A240 (0xFEB50AE3) beq a0, a1, 8180


mem[X,0x8002A244] -> 0x0113
mem[X,0x8002A246] -> 0x0021
[4427] [M]: 0x8002A244 (0x00210113) addi sp, sp, 2
x2 <- 0x00000002


mem[X,0x8002A248] -> 0x006F
mem[X,0x8002A24A] -> 0x00C0
[4428] [M]: 0x8002A248 (0x00C0006F) jal zero, 12


mem[X,0x8002A254] -> 0xAE23
mem[X,0x8002A256] -> 0x6E20
[4429] [M]: 0x8002A254 (0x6E20AE23) sw sp, 1788(ra)
mem[0x8003A864] <- 0x00000002


mem[X,0x8002A258] -> 0x0513
mem[X,0x8002A25A] -> 0x0040
[4430] [M]: 0x8002A258 (0x00400513) addi a0, zero, 4
x10 <- 0x00000004


mem[X,0x8002A25C] -> 0x0593
mem[X,0x8002A25E] -> 0x0060
[4431] [M]: 0x8002A25C (0x00600593) addi a1, zero, 6
x11 <- 0x00000006


mem[X,0x8002A260] -> 0x0113
mem[X,0x8002A262] -> 0x0000
[4432] [M]: 0x8002A260 (0x00000113) addi sp, zero, 0
x2 <- 0x00000000


mem[X,0x8002A264] -> 0x006F
mem[X,0x8002A266] -> 0x00C0
[4433] [M]: 0x8002A264 (0x00C0006F) jal zero, 12


mem[X,0x8002A270] -> 0x0863
mem[X,0x8002A272] -> 0x00B5
[4434] [M]: 0x8002A270 (0x00B50863) beq a0, a1, 16


mem[X,0x8002A274] -> 0x0113
mem[X,0x8002A276] -> 0x0021
[4435] [M]: 0x8002A274 (0x00210113) addi sp, sp, 2
x2 <- 0x00000002


mem[X,0x8002A278] -> 0x006F
mem[X,0x8002A27A] -> 0x0100
[4436] [M]: 0x8002A278 (0x0100006F) jal zero, 16


mem[X,0x8002A288] -> 0xA023
mem[X,0x8002A28A] -> 0x7020
[4437] [M]: 0x8002A288 (0x7020A023) sw sp, 1792(ra)
mem[0x8003A868] <- 0x00000002


mem[X,0x8002A28C] -> 0x0513
mem[X,0x8002A28E] -> 0x0040
[4438] [M]: 0x8002A28C (0x00400513) addi a0, zero, 4
x10 <- 0x00000004


mem[X,0x8002A290] -> 0x35B7
mem[X,0x8002A292] -> 0x3333
[4439] [M]: 0x8002A290 (0x333335B7) lui a1, 209715
x11 <- 0x33333000


mem[X,0x8002A294] -> 0x8593
mem[X,0x8002A296] -> 0x3345
[4440] [M]: 0x8002A294 (0x33458593) addi a1, a1, 820
x11 <- 0x33333334


mem[X,0x8002A298] -> 0x0113
mem[X,0x8002A29A] -> 0x0000
[4441] [M]: 0x8002A298 (0x00000113) addi sp, zero, 0
x2 <- 0x00000000


mem[X,0x8002A29C] -> 0x006F
mem[X,0x8002A29E] -> 0x2B10
[4442] [M]: 0x8002A29C (0x2B10006F) jal zero, 2736


mem[X,0x8002AD4C] -> 0x0A63
mem[X,0x8002AD4E] -> 0xD4B5
[4443] [M]: 0x8002AD4C (0xD4B50A63) beq a0, a1, 5460


mem[X,0x8002AD50] -> 0x0113
mem[X,0x8002AD52] -> 0x0021
[4444] [M]: 0x8002AD50 (0x00210113) addi sp, sp, 2
x2 <- 0x00000002


mem[X,0x8002AD54] -> 0x006F
mem[X,0x8002AD56] -> 0x00C0
[4445] [M]: 0x8002AD54 (0x00C0006F) jal zero, 12


mem[X,0x8002AD60] -> 0xA223
mem[X,0x8002AD62] -> 0x7020
[4446] [M]: 0x8002AD60 (0x7020A223) sw sp, 1796(ra)
mem[0x8003A86C] <- 0x00000002


mem[X,0x8002AD64] -> 0x0513
mem[X,0x8002AD66] -> 0x0040
[4447] [M]: 0x8002AD64 (0x00400513) addi a0, zero, 4
x10 <- 0x00000004


mem[X,0x8002AD68] -> 0x65B7
mem[X,0x8002AD6A] -> 0x6666
[4448] [M]: 0x8002AD68 (0x666665B7) lui a1, 419430
x11 <- 0x66666000


mem[X,0x8002AD6C] -> 0x8593
mem[X,0x8002AD6E] -> 0x6675
[4449] [M]: 0x8002AD6C (0x66758593) addi a1, a1, 1639
x11 <- 0x66666667


mem[X,0x8002AD70] -> 0x0113
mem[X,0x8002AD72] -> 0x0000
[4450] [M]: 0x8002AD70 (0x00000113) addi sp, zero, 0
x2 <- 0x00000000


mem[X,0x8002AD74] -> 0x006F
mem[X,0x8002AD76] -> 0x00C0
[4451] [M]: 0x8002AD74 (0x00C0006F) jal zero, 12


mem[X,0x8002AD80] -> 0x0CE3
mem[X,0x8002AD82] -> 0xFEB5
[4452] [M]: 0x8002AD80 (0xFEB50CE3) beq a0, a1, 8184


mem[X,0x8002AD84] -> 0x0113
mem[X,0x8002AD86] -> 0x0021
[4453] [M]: 0x8002AD84 (0x00210113) addi sp, sp, 2
x2 <- 0x00000002


mem[X,0x8002AD88] -> 0x006F
mem[X,0x8002AD8A] -> 0x00C0
[4454] [M]: 0x8002AD88 (0x00C0006F) jal zero, 12


mem[X,0x8002AD94] -> 0xA423
mem[X,0x8002AD96] -> 0x7020
[4455] [M]: 0x8002AD94 (0x7020A423) sw sp, 1800(ra)
mem[0x8003A870] <- 0x00000002


mem[X,0x8002AD98] -> 0x0513
mem[X,0x8002AD9A] -> 0x0040
[4456] [M]: 0x8002AD98 (0x00400513) addi a0, zero, 4
x10 <- 0x00000004


mem[X,0x8002AD9C] -> 0x55B7
mem[X,0x8002AD9E] -> 0xFFFF
[4457] [M]: 0x8002AD9C (0xFFFF55B7) lui a1, 1048565
x11 <- 0xFFFF5000


mem[X,0x8002ADA0] -> 0x8593
mem[X,0x8002ADA2] -> 0xAFD5
[4458] [M]: 0x8002ADA0 (0xAFD58593) addi a1, a1, 2813
x11 <- 0xFFFF4AFD


mem[X,0x8002ADA4] -> 0x0113
mem[X,0x8002ADA6] -> 0x0000
[4459] [M]: 0x8002ADA4 (0x00000113) addi sp, zero, 0
x2 <- 0x00000000


mem[X,0x8002ADA8] -> 0x006F
mem[X,0x8002ADAA] -> 0x00C0
[4460] [M]: 0x8002ADA8 (0x00C0006F) jal zero, 12


mem[X,0x8002ADB4] -> 0x0863
mem[X,0x8002ADB6] -> 0x00B5
[4461] [M]: 0x8002ADB4 (0x00B50863) beq a0, a1, 16


mem[X,0x8002ADB8] -> 0x0113
mem[X,0x8002ADBA] -> 0x0021
[4462] [M]: 0x8002ADB8 (0x00210113) addi sp, sp, 2
x2 <- 0x00000002


mem[X,0x8002ADBC] -> 0x006F
mem[X,0x8002ADBE] -> 0x0100
[4463] [M]: 0x8002ADBC (0x0100006F) jal zero, 16


mem[X,0x8002ADCC] -> 0xA623
mem[X,0x8002ADCE] -> 0x7020
[4464] [M]: 0x8002ADCC (0x7020A623) sw sp, 1804(ra)
mem[0x8003A874] <- 0x00000002


mem[X,0x8002ADD0] -> 0x0513
mem[X,0x8002ADD2] -> 0x0040
[4465] [M]: 0x8002ADD0 (0x00400513) addi a0, zero, 4
x10 <- 0x00000004


mem[X,0x8002ADD4] -> 0xB5B7
mem[X,0x8002ADD6] -> 0x0000
[4466] [M]: 0x8002ADD4 (0x0000B5B7) lui a1, 11
x11 <- 0x0000B000


mem[X,0x8002ADD8] -> 0x8593
mem[X,0x8002ADDA] -> 0x5055
[4467] [M]: 0x8002ADD8 (0x50558593) addi a1, a1, 1285
x11 <- 0x0000B505


mem[X,0x8002ADDC] -> 0x0113
mem[X,0x8002ADDE] -> 0x0000
[4468] [M]: 0x8002ADDC (0x00000113) addi sp, zero, 0
x2 <- 0x00000000


mem[X,0x8002ADE0] -> 0x006F
mem[X,0x8002ADE2] -> 0x00C0
[4469] [M]: 0x8002ADE0 (0x00C0006F) jal zero, 12


mem[X,0x8002ADEC] -> 0x0063
mem[X,0x8002ADEE] -> 0x20B5
[4470] [M]: 0x8002ADEC (0x20B50063) beq a0, a1, 512


mem[X,0x8002ADF0] -> 0x0113
mem[X,0x8002ADF2] -> 0x0021
[4471] [M]: 0x8002ADF0 (0x00210113) addi sp, sp, 2
x2 <- 0x00000002


mem[X,0x8002ADF4] -> 0x006F
mem[X,0x8002ADF6] -> 0x2000
[4472] [M]: 0x8002ADF4 (0x2000006F) jal zero, 512


mem[X,0x8002AFF4] -> 0xA823
mem[X,0x8002AFF6] -> 0x7020
[4473] [M]: 0x8002AFF4 (0x7020A823) sw sp, 1808(ra)
mem[0x8003A878] <- 0x00000002


mem[X,0x8002AFF8] -> 0x3537
mem[X,0x8002AFFA] -> 0x3333
[4474] [M]: 0x8002AFF8 (0x33333537) lui a0, 209715
x10 <- 0x33333000


mem[X,0x8002AFFC] -> 0x0513
mem[X,0x8002AFFE] -> 0x3325
[4475] [M]: 0x8002AFFC (0x33250513) addi a0, a0, 818
x10 <- 0x33333332


mem[X,0x8002B000] -> 0x0593
mem[X,0x8002B002] -> 0x0030
[4476] [M]: 0x8002B000 (0x00300593) addi a1, zero, 3
x11 <- 0x00000003


mem[X,0x8002B004] -> 0x0113
mem[X,0x8002B006] -> 0x0000
[4477] [M]: 0x8002B004 (0x00000113) addi sp, zero, 0
x2 <- 0x00000000


mem[X,0x8002B008] -> 0x006F
mem[X,0x8002B00A] -> 0x00C0
[4478] [M]: 0x8002B008 (0x00C0006F) jal zero, 12


mem[X,0x8002B014] -> 0x0063
mem[X,0x8002B016] -> 0x20B5
[4479] [M]: 0x8002B014 (0x20B50063) beq a0, a1, 512


mem[X,0x8002B018] -> 0x0113
mem[X,0x8002B01A] -> 0x0021
[4480] [M]: 0x8002B018 (0x00210113) addi sp, sp, 2
x2 <- 0x00000002


mem[X,0x8002B01C] -> 0x006F
mem[X,0x8002B01E] -> 0x2000
[4481] [M]: 0x8002B01C (0x2000006F) jal zero, 512


mem[X,0x8002B21C] -> 0xAA23
mem[X,0x8002B21E] -> 0x7020
[4482] [M]: 0x8002B21C (0x7020AA23) sw sp, 1812(ra)
mem[0x8003A87C] <- 0x00000002


mem[X,0x8002B220] -> 0x3537
mem[X,0x8002B222] -> 0x3333
[4483] [M]: 0x8002B220 (0x33333537) lui a0, 209715
x10 <- 0x33333000


mem[X,0x8002B224] -> 0x0513
mem[X,0x8002B226] -> 0x3325
[4484] [M]: 0x8002B224 (0x33250513) addi a0, a0, 818
x10 <- 0x33333332


mem[X,0x8002B228] -> 0x55B7
mem[X,0x8002B22A] -> 0x5555
[4485] [M]: 0x8002B228 (0x555555B7) lui a1, 349525
x11 <- 0x55555000


mem[X,0x8002B22C] -> 0x8593
mem[X,0x8002B22E] -> 0x5555
[4486] [M]: 0x8002B22C (0x55558593) addi a1, a1, 1365
x11 <- 0x55555555


mem[X,0x8002B230] -> 0x0113
mem[X,0x8002B232] -> 0x0000
[4487] [M]: 0x8002B230 (0x00000113) addi sp, zero, 0
x2 <- 0x00000000


mem[X,0x8002B234] -> 0x006F
mem[X,0x8002B236] -> 0x00C0
[4488] [M]: 0x8002B234 (0x00C0006F) jal zero, 12


mem[X,0x8002B240] -> 0x0663
mem[X,0x8002B242] -> 0x00B5
[4489] [M]: 0x8002B240 (0x00B50663) beq a0, a1, 12


mem[X,0x8002B244] -> 0x0113
mem[X,0x8002B246] -> 0x0021
[4490] [M]: 0x8002B244 (0x00210113) addi sp, sp, 2
x2 <- 0x00000002


mem[X,0x8002B248] -> 0x006F
mem[X,0x8002B24A] -> 0x00C0
[4491] [M]: 0x8002B248 (0x00C0006F) jal zero, 12


mem[X,0x8002B254] -> 0xAC23
mem[X,0x8002B256] -> 0x7020
[4492] [M]: 0x8002B254 (0x7020AC23) sw sp, 1816(ra)
mem[0x8003A880] <- 0x00000002


mem[X,0x8002B258] -> 0x3537
mem[X,0x8002B25A] -> 0x3333
[4493] [M]: 0x8002B258 (0x33333537) lui a0, 209715
x10 <- 0x33333000


mem[X,0x8002B25C] -> 0x0513
mem[X,0x8002B25E] -> 0x3325
[4494] [M]: 0x8002B25C (0x33250513) addi a0, a0, 818
x10 <- 0x33333332


mem[X,0x8002B260] -> 0xB5B7
mem[X,0x8002B262] -> 0xAAAA
[4495] [M]: 0x8002B260 (0xAAAAB5B7) lui a1, 699051
x11 <- 0xAAAAB000


mem[X,0x8002B264] -> 0x8593
mem[X,0x8002B266] -> 0xAAA5
[4496] [M]: 0x8002B264 (0xAAA58593) addi a1, a1, 2730
x11 <- 0xAAAAAAAA


mem[X,0x8002B268] -> 0x0113
mem[X,0x8002B26A] -> 0x0000
[4497] [M]: 0x8002B268 (0x00000113) addi sp, zero, 0
x2 <- 0x00000000


mem[X,0x8002B26C] -> 0x006F
mem[X,0x8002B26E] -> 0x2B10
[4498] [M]: 0x8002B26C (0x2B10006F) jal zero, 2736


mem[X,0x8002BD1C] -> 0x0A63
mem[X,0x8002BD1E] -> 0xD4B5
[4499] [M]: 0x8002BD1C (0xD4B50A63) beq a0, a1, 5460


clint::tick mtime <- 0x000000000000002D
 clint timer pending at mtime 0x000000000000002D
htif::tick 0x0000000000000000
mem[X,0x8002BD20] -> 0x0113
mem[X,0x8002BD22] -> 0x0021
[4500] [M]: 0x8002BD20 (0x00210113) addi sp, sp, 2
x2 <- 0x00000002


mem[X,0x8002BD24] -> 0x006F
mem[X,0x8002BD26] -> 0x00C0
[4501] [M]: 0x8002BD24 (0x00C0006F) jal zero, 12


mem[X,0x8002BD30] -> 0xAE23
mem[X,0x8002BD32] -> 0x7020
[4502] [M]: 0x8002BD30 (0x7020AE23) sw sp, 1820(ra)
mem[0x8003A884] <- 0x00000002


mem[X,0x8002BD34] -> 0x3537
mem[X,0x8002BD36] -> 0x3333
[4503] [M]: 0x8002BD34 (0x33333537) lui a0, 209715
x10 <- 0x33333000


mem[X,0x8002BD38] -> 0x0513
mem[X,0x8002BD3A] -> 0x3325
[4504] [M]: 0x8002BD38 (0x33250513) addi a0, a0, 818
x10 <- 0x33333332


mem[X,0x8002BD3C] -> 0x0593
mem[X,0x8002BD3E] -> 0x0050
[4505] [M]: 0x8002BD3C (0x00500593) addi a1, zero, 5
x11 <- 0x00000005


mem[X,0x8002BD40] -> 0x0113
mem[X,0x8002BD42] -> 0x0000
[4506] [M]: 0x8002BD40 (0x00000113) addi sp, zero, 0
x2 <- 0x00000000


mem[X,0x8002BD44] -> 0x006F
mem[X,0x8002BD46] -> 0x0140
[4507] [M]: 0x8002BD44 (0x0140006F) jal zero, 20


mem[X,0x8002BD58] -> 0x08E3
mem[X,0x8002BD5A] -> 0xFEB5
[4508] [M]: 0x8002BD58 (0xFEB508E3) beq a0, a1, 8176


mem[X,0x8002BD5C] -> 0x0113
mem[X,0x8002BD5E] -> 0x0021
[4509] [M]: 0x8002BD5C (0x00210113) addi sp, sp, 2
x2 <- 0x00000002


mem[X,0x8002BD60] -> 0x006F
mem[X,0x8002BD62] -> 0x00C0
[4510] [M]: 0x8002BD60 (0x00C0006F) jal zero, 12


mem[X,0x8002BD6C] -> 0xA023
mem[X,0x8002BD6E] -> 0x7220
[4511] [M]: 0x8002BD6C (0x7220A023) sw sp, 1824(ra)
mem[0x8003A888] <- 0x00000002


mem[X,0x8002BD70] -> 0x3537
mem[X,0x8002BD72] -> 0x3333
[4512] [M]: 0x8002BD70 (0x33333537) lui a0, 209715
x10 <- 0x33333000


mem[X,0x8002BD74] -> 0x0513
mem[X,0x8002BD76] -> 0x3325
[4513] [M]: 0x8002BD74 (0x33250513) addi a0, a0, 818
x10 <- 0x33333332


mem[X,0x8002BD78] -> 0x35B7
mem[X,0x8002BD7A] -> 0x3333
[4514] [M]: 0x8002BD78 (0x333335B7) lui a1, 209715
x11 <- 0x33333000


mem[X,0x8002BD7C] -> 0x8593
mem[X,0x8002BD7E] -> 0x3335
[4515] [M]: 0x8002BD7C (0x33358593) addi a1, a1, 819
x11 <- 0x33333333


mem[X,0x8002BD80] -> 0x0113
mem[X,0x8002BD82] -> 0x0000
[4516] [M]: 0x8002BD80 (0x00000113) addi sp, zero, 0
x2 <- 0x00000000


mem[X,0x8002BD84] -> 0x006F
mem[X,0x8002BD86] -> 0x00C0
[4517] [M]: 0x8002BD84 (0x00C0006F) jal zero, 12


mem[X,0x8002BD90] -> 0x0063
mem[X,0x8002BD92] -> 0x04B5
[4518] [M]: 0x8002BD90 (0x04B50063) beq a0, a1, 64


mem[X,0x8002BD94] -> 0x0113
mem[X,0x8002BD96] -> 0x0021
[4519] [M]: 0x8002BD94 (0x00210113) addi sp, sp, 2
x2 <- 0x00000002


mem[X,0x8002BD98] -> 0x006F
mem[X,0x8002BD9A] -> 0x0400
[4520] [M]: 0x8002BD98 (0x0400006F) jal zero, 64


mem[X,0x8002BDD8] -> 0xA223
mem[X,0x8002BDDA] -> 0x7220
[4521] [M]: 0x8002BDD8 (0x7220A223) sw sp, 1828(ra)
mem[0x8003A88C] <- 0x00000002


mem[X,0x8002BDDC] -> 0x3537
mem[X,0x8002BDDE] -> 0x3333
[4522] [M]: 0x8002BDDC (0x33333537) lui a0, 209715
x10 <- 0x33333000


mem[X,0x8002BDE0] -> 0x0513
mem[X,0x8002BDE2] -> 0x3325
[4523] [M]: 0x8002BDE0 (0x33250513) addi a0, a0, 818
x10 <- 0x33333332


mem[X,0x8002BDE4] -> 0x65B7
mem[X,0x8002BDE6] -> 0x6666
[4524] [M]: 0x8002BDE4 (0x666665B7) lui a1, 419430
x11 <- 0x66666000


mem[X,0x8002BDE8] -> 0x8593
mem[X,0x8002BDEA] -> 0x6665
[4525] [M]: 0x8002BDE8 (0x66658593) addi a1, a1, 1638
x11 <- 0x66666666


mem[X,0x8002BDEC] -> 0x0113
mem[X,0x8002BDEE] -> 0x0000
[4526] [M]: 0x8002BDEC (0x00000113) addi sp, zero, 0
x2 <- 0x00000000


mem[X,0x8002BDF0] -> 0x006F
mem[X,0x8002BDF2] -> 0x00C0
[4527] [M]: 0x8002BDF0 (0x00C0006F) jal zero, 12


mem[X,0x8002BDFC] -> 0x0663
mem[X,0x8002BDFE] -> 0x00B5
[4528] [M]: 0x8002BDFC (0x00B50663) beq a0, a1, 12


mem[X,0x8002BE00] -> 0x0113
mem[X,0x8002BE02] -> 0x0021
[4529] [M]: 0x8002BE00 (0x00210113) addi sp, sp, 2
x2 <- 0x00000002


mem[X,0x8002BE04] -> 0x006F
mem[X,0x8002BE06] -> 0x00C0
[4530] [M]: 0x8002BE04 (0x00C0006F) jal zero, 12


mem[X,0x8002BE10] -> 0xA423
mem[X,0x8002BE12] -> 0x7220
[4531] [M]: 0x8002BE10 (0x7220A423) sw sp, 1832(ra)
mem[0x8003A890] <- 0x00000002


mem[X,0x8002BE14] -> 0x3537
mem[X,0x8002BE16] -> 0x3333
[4532] [M]: 0x8002BE14 (0x33333537) lui a0, 209715
x10 <- 0x33333000


mem[X,0x8002BE18] -> 0x0513
mem[X,0x8002BE1A] -> 0x3325
[4533] [M]: 0x8002BE18 (0x33250513) addi a0, a0, 818
x10 <- 0x33333332


mem[X,0x8002BE1C] -> 0x55B7
mem[X,0x8002BE1E] -> 0xFFFF
[4534] [M]: 0x8002BE1C (0xFFFF55B7) lui a1, 1048565
x11 <- 0xFFFF5000


mem[X,0x8002BE20] -> 0x8593
mem[X,0x8002BE22] -> 0xAFC5
[4535] [M]: 0x8002BE20 (0xAFC58593) addi a1, a1, 2812
x11 <- 0xFFFF4AFC


mem[X,0x8002BE24] -> 0x0113
mem[X,0x8002BE26] -> 0x0000
[4536] [M]: 0x8002BE24 (0x00000113) addi sp, zero, 0
x2 <- 0x00000000


mem[X,0x8002BE28] -> 0x006F
mem[X,0x8002BE2A] -> 0x00C0
[4537] [M]: 0x8002BE28 (0x00C0006F) jal zero, 12


mem[X,0x8002BE34] -> 0x0063
mem[X,0x8002BE36] -> 0x20B5
[4538] [M]: 0x8002BE34 (0x20B50063) beq a0, a1, 512


mem[X,0x8002BE38] -> 0x0113
mem[X,0x8002BE3A] -> 0x0021
[4539] [M]: 0x8002BE38 (0x00210113) addi sp, sp, 2
x2 <- 0x00000002


mem[X,0x8002BE3C] -> 0x006F
mem[X,0x8002BE3E] -> 0x2000
[4540] [M]: 0x8002BE3C (0x2000006F) jal zero, 512


mem[X,0x8002C03C] -> 0xA623
mem[X,0x8002C03E] -> 0x7220
[4541] [M]: 0x8002C03C (0x7220A623) sw sp, 1836(ra)
mem[0x8003A894] <- 0x00000002


mem[X,0x8002C040] -> 0x3537
mem[X,0x8002C042] -> 0x3333
[4542] [M]: 0x8002C040 (0x33333537) lui a0, 209715
x10 <- 0x33333000


mem[X,0x8002C044] -> 0x0513
mem[X,0x8002C046] -> 0x3325
[4543] [M]: 0x8002C044 (0x33250513) addi a0, a0, 818
x10 <- 0x33333332


mem[X,0x8002C048] -> 0xB5B7
mem[X,0x8002C04A] -> 0x0000
[4544] [M]: 0x8002C048 (0x0000B5B7) lui a1, 11
x11 <- 0x0000B000


mem[X,0x8002C04C] -> 0x8593
mem[X,0x8002C04E] -> 0x5045
[4545] [M]: 0x8002C04C (0x50458593) addi a1, a1, 1284
x11 <- 0x0000B504


mem[X,0x8002C050] -> 0x0113
mem[X,0x8002C052] -> 0x0000
[4546] [M]: 0x8002C050 (0x00000113) addi sp, zero, 0
x2 <- 0x00000000


mem[X,0x8002C054] -> 0x006F
mem[X,0x8002C056] -> 0x00C0
[4547] [M]: 0x8002C054 (0x00C0006F) jal zero, 12


mem[X,0x8002C060] -> 0x0063
mem[X,0x8002C062] -> 0x04B5
[4548] [M]: 0x8002C060 (0x04B50063) beq a0, a1, 64


mem[X,0x8002C064] -> 0x0113
mem[X,0x8002C066] -> 0x0021
[4549] [M]: 0x8002C064 (0x00210113) addi sp, sp, 2
x2 <- 0x00000002


mem[X,0x8002C068] -> 0x006F
mem[X,0x8002C06A] -> 0x0400
[4550] [M]: 0x8002C068 (0x0400006F) jal zero, 64


mem[X,0x8002C0A8] -> 0xA823
mem[X,0x8002C0AA] -> 0x7220
[4551] [M]: 0x8002C0A8 (0x7220A823) sw sp, 1840(ra)
mem[0x8003A898] <- 0x00000002


mem[X,0x8002C0AC] -> 0x3537
mem[X,0x8002C0AE] -> 0x3333
[4552] [M]: 0x8002C0AC (0x33333537) lui a0, 209715
x10 <- 0x33333000


mem[X,0x8002C0B0] -> 0x0513
mem[X,0x8002C0B2] -> 0x3325
[4553] [M]: 0x8002C0B0 (0x33250513) addi a0, a0, 818
x10 <- 0x33333332


mem[X,0x8002C0B4] -> 0x0593
mem[X,0x8002C0B6] -> 0x0020
[4554] [M]: 0x8002C0B4 (0x00200593) addi a1, zero, 2
x11 <- 0x00000002


mem[X,0x8002C0B8] -> 0x0113
mem[X,0x8002C0BA] -> 0x0000
[4555] [M]: 0x8002C0B8 (0x00000113) addi sp, zero, 0
x2 <- 0x00000000


mem[X,0x8002C0BC] -> 0x006F
mem[X,0x8002C0BE] -> 0x00C0
[4556] [M]: 0x8002C0BC (0x00C0006F) jal zero, 12


mem[X,0x8002C0C8] -> 0x0863
mem[X,0x8002C0CA] -> 0x00B5
[4557] [M]: 0x8002C0C8 (0x00B50863) beq a0, a1, 16


mem[X,0x8002C0CC] -> 0x0113
mem[X,0x8002C0CE] -> 0x0021
[4558] [M]: 0x8002C0CC (0x00210113) addi sp, sp, 2
x2 <- 0x00000002


mem[X,0x8002C0D0] -> 0x006F
mem[X,0x8002C0D2] -> 0x0100
[4559] [M]: 0x8002C0D0 (0x0100006F) jal zero, 16


mem[X,0x8002C0E0] -> 0xAA23
mem[X,0x8002C0E2] -> 0x7220
[4560] [M]: 0x8002C0E0 (0x7220AA23) sw sp, 1844(ra)
mem[0x8003A89C] <- 0x00000002


mem[X,0x8002C0E4] -> 0x3537
mem[X,0x8002C0E6] -> 0x3333
[4561] [M]: 0x8002C0E4 (0x33333537) lui a0, 209715
x10 <- 0x33333000


mem[X,0x8002C0E8] -> 0x0513
mem[X,0x8002C0EA] -> 0x3325
[4562] [M]: 0x8002C0E8 (0x33250513) addi a0, a0, 818
x10 <- 0x33333332


mem[X,0x8002C0EC] -> 0x55B7
mem[X,0x8002C0EE] -> 0x5555
[4563] [M]: 0x8002C0EC (0x555555B7) lui a1, 349525
x11 <- 0x55555000


mem[X,0x8002C0F0] -> 0x8593
mem[X,0x8002C0F2] -> 0x5545
[4564] [M]: 0x8002C0F0 (0x55458593) addi a1, a1, 1364
x11 <- 0x55555554


mem[X,0x8002C0F4] -> 0x0113
mem[X,0x8002C0F6] -> 0x0000
[4565] [M]: 0x8002C0F4 (0x00000113) addi sp, zero, 0
x2 <- 0x00000000


mem[X,0x8002C0F8] -> 0x006F
mem[X,0x8002C0FA] -> 0x2B10
[4566] [M]: 0x8002C0F8 (0x2B10006F) jal zero, 2736


mem[X,0x8002CBA8] -> 0x0A63
mem[X,0x8002CBAA] -> 0xD4B5
[4567] [M]: 0x8002CBA8 (0xD4B50A63) beq a0, a1, 5460


mem[X,0x8002CBAC] -> 0x0113
mem[X,0x8002CBAE] -> 0x0021
[4568] [M]: 0x8002CBAC (0x00210113) addi sp, sp, 2
x2 <- 0x00000002


mem[X,0x8002CBB0] -> 0x006F
mem[X,0x8002CBB2] -> 0x00C0
[4569] [M]: 0x8002CBB0 (0x00C0006F) jal zero, 12


mem[X,0x8002CBBC] -> 0xAC23
mem[X,0x8002CBBE] -> 0x7220
[4570] [M]: 0x8002CBBC (0x7220AC23) sw sp, 1848(ra)
mem[0x8003A8A0] <- 0x00000002


mem[X,0x8002CBC0] -> 0x3537
mem[X,0x8002CBC2] -> 0x3333
[4571] [M]: 0x8002CBC0 (0x33333537) lui a0, 209715
x10 <- 0x33333000


mem[X,0x8002CBC4] -> 0x0513
mem[X,0x8002CBC6] -> 0x3325
[4572] [M]: 0x8002CBC4 (0x33250513) addi a0, a0, 818
x10 <- 0x33333332


mem[X,0x8002CBC8] -> 0x0593
mem[X,0x8002CBCA] -> 0x0000
[4573] [M]: 0x8002CBC8 (0x00000593) addi a1, zero, 0
x11 <- 0x00000000


mem[X,0x8002CBCC] -> 0x0113
mem[X,0x8002CBCE] -> 0x0000
[4574] [M]: 0x8002CBCC (0x00000113) addi sp, zero, 0
x2 <- 0x00000000


mem[X,0x8002CBD0] -> 0x006F
mem[X,0x8002CBD2] -> 0x0140
[4575] [M]: 0x8002CBD0 (0x0140006F) jal zero, 20


mem[X,0x8002CBE4] -> 0x08E3
mem[X,0x8002CBE6] -> 0xFEB5
[4576] [M]: 0x8002CBE4 (0xFEB508E3) beq a0, a1, 8176


mem[X,0x8002CBE8] -> 0x0113
mem[X,0x8002CBEA] -> 0x0021
[4577] [M]: 0x8002CBE8 (0x00210113) addi sp, sp, 2
x2 <- 0x00000002


mem[X,0x8002CBEC] -> 0x006F
mem[X,0x8002CBEE] -> 0x00C0
[4578] [M]: 0x8002CBEC (0x00C0006F) jal zero, 12


mem[X,0x8002CBF8] -> 0xAE23
mem[X,0x8002CBFA] -> 0x7220
[4579] [M]: 0x8002CBF8 (0x7220AE23) sw sp, 1852(ra)
mem[0x8003A8A4] <- 0x00000002


mem[X,0x8002CBFC] -> 0x3537
mem[X,0x8002CBFE] -> 0x3333
[4580] [M]: 0x8002CBFC (0x33333537) lui a0, 209715
x10 <- 0x33333000


mem[X,0x8002CC00] -> 0x0513
mem[X,0x8002CC02] -> 0x3325
[4581] [M]: 0x8002CC00 (0x33250513) addi a0, a0, 818
x10 <- 0x33333332


mem[X,0x8002CC04] -> 0x0593
mem[X,0x8002CC06] -> 0x0040
[4582] [M]: 0x8002CC04 (0x00400593) addi a1, zero, 4
x11 <- 0x00000004


mem[X,0x8002CC08] -> 0x0113
mem[X,0x8002CC0A] -> 0x0000
[4583] [M]: 0x8002CC08 (0x00000113) addi sp, zero, 0
x2 <- 0x00000000


mem[X,0x8002CC0C] -> 0x006F
mem[X,0x8002CC0E] -> 0x2B10
[4584] [M]: 0x8002CC0C (0x2B10006F) jal zero, 2736


mem[X,0x8002D6BC] -> 0x0A63
mem[X,0x8002D6BE] -> 0xD4B5
[4585] [M]: 0x8002D6BC (0xD4B50A63) beq a0, a1, 5460


mem[X,0x8002D6C0] -> 0x0113
mem[X,0x8002D6C2] -> 0x0021
[4586] [M]: 0x8002D6C0 (0x00210113) addi sp, sp, 2
x2 <- 0x00000002


mem[X,0x8002D6C4] -> 0x006F
mem[X,0x8002D6C6] -> 0x00C0
[4587] [M]: 0x8002D6C4 (0x00C0006F) jal zero, 12


mem[X,0x8002D6D0] -> 0xA023
mem[X,0x8002D6D2] -> 0x7420
[4588] [M]: 0x8002D6D0 (0x7420A023) sw sp, 1856(ra)
mem[0x8003A8A8] <- 0x00000002


mem[X,0x8002D6D4] -> 0x3537
mem[X,0x8002D6D6] -> 0x3333
[4589] [M]: 0x8002D6D4 (0x33333537) lui a0, 209715
x10 <- 0x33333000


mem[X,0x8002D6D8] -> 0x0513
mem[X,0x8002D6DA] -> 0x3325
[4590] [M]: 0x8002D6D8 (0x33250513) addi a0, a0, 818
x10 <- 0x33333332


mem[X,0x8002D6DC] -> 0x35B7
mem[X,0x8002D6DE] -> 0x3333
[4591] [M]: 0x8002D6DC (0x333335B7) lui a1, 209715
x11 <- 0x33333000


mem[X,0x8002D6E0] -> 0x8593
mem[X,0x8002D6E2] -> 0x3325
[4592] [M]: 0x8002D6E0 (0x33258593) addi a1, a1, 818
x11 <- 0x33333332


mem[X,0x8002D6E4] -> 0x0113
mem[X,0x8002D6E6] -> 0x0000
[4593] [M]: 0x8002D6E4 (0x00000113) addi sp, zero, 0
x2 <- 0x00000000


mem[X,0x8002D6E8] -> 0x006F
mem[X,0x8002D6EA] -> 0x00C0
[4594] [M]: 0x8002D6E8 (0x00C0006F) jal zero, 12


mem[X,0x8002D6F4] -> 0x0663
mem[X,0x8002D6F6] -> 0x00B5
[4595] [M]: 0x8002D6F4 (0x00B50663) beq a0, a1, 12


mem[X,0x8002D700] -> 0x0113
mem[X,0x8002D702] -> 0x0031
[4596] [M]: 0x8002D700 (0x00310113) addi sp, sp, 3
x2 <- 0x00000003


mem[X,0x8002D704] -> 0x006F
mem[X,0x8002D706] -> 0x0040
[4597] [M]: 0x8002D704 (0x0040006F) jal zero, 4


mem[X,0x8002D708] -> 0xA223
mem[X,0x8002D70A] -> 0x7420
[4598] [M]: 0x8002D708 (0x7420A223) sw sp, 1860(ra)
mem[0x8003A8AC] <- 0x00000003


mem[X,0x8002D70C] -> 0x3537
mem[X,0x8002D70E] -> 0x3333
[4599] [M]: 0x8002D70C (0x33333537) lui a0, 209715
x10 <- 0x33333000


clint::tick mtime <- 0x000000000000002E
 clint timer pending at mtime 0x000000000000002E
htif::tick 0x0000000000000000
mem[X,0x8002D710] -> 0x0513
mem[X,0x8002D712] -> 0x3325
[4600] [M]: 0x8002D710 (0x33250513) addi a0, a0, 818
x10 <- 0x33333332


mem[X,0x8002D714] -> 0x65B7
mem[X,0x8002D716] -> 0x6666
[4601] [M]: 0x8002D714 (0x666665B7) lui a1, 419430
x11 <- 0x66666000


mem[X,0x8002D718] -> 0x8593
mem[X,0x8002D71A] -> 0x6655
[4602] [M]: 0x8002D718 (0x66558593) addi a1, a1, 1637
x11 <- 0x66666665


mem[X,0x8002D71C] -> 0x0113
mem[X,0x8002D71E] -> 0x0000
[4603] [M]: 0x8002D71C (0x00000113) addi sp, zero, 0
x2 <- 0x00000000


mem[X,0x8002D720] -> 0x006F
mem[X,0x8002D722] -> 0x00C0
[4604] [M]: 0x8002D720 (0x00C0006F) jal zero, 12


mem[X,0x8002D72C] -> 0x0063
mem[X,0x8002D72E] -> 0x20B5
[4605] [M]: 0x8002D72C (0x20B50063) beq a0, a1, 512


mem[X,0x8002D730] -> 0x0113
mem[X,0x8002D732] -> 0x0021
[4606] [M]: 0x8002D730 (0x00210113) addi sp, sp, 2
x2 <- 0x00000002


mem[X,0x8002D734] -> 0x006F
mem[X,0x8002D736] -> 0x2000
[4607] [M]: 0x8002D734 (0x2000006F) jal zero, 512


mem[X,0x8002D934] -> 0xA423
mem[X,0x8002D936] -> 0x7420
[4608] [M]: 0x8002D934 (0x7420A423) sw sp, 1864(ra)
mem[0x8003A8B0] <- 0x00000002


mem[X,0x8002D938] -> 0x3537
mem[X,0x8002D93A] -> 0x3333
[4609] [M]: 0x8002D938 (0x33333537) lui a0, 209715
x10 <- 0x33333000


mem[X,0x8002D93C] -> 0x0513
mem[X,0x8002D93E] -> 0x3325
[4610] [M]: 0x8002D93C (0x33250513) addi a0, a0, 818
x10 <- 0x33333332


mem[X,0x8002D940] -> 0xB5B7
mem[X,0x8002D942] -> 0x0000
[4611] [M]: 0x8002D940 (0x0000B5B7) lui a1, 11
x11 <- 0x0000B000


mem[X,0x8002D944] -> 0x8593
mem[X,0x8002D946] -> 0x5035
[4612] [M]: 0x8002D944 (0x50358593) addi a1, a1, 1283
x11 <- 0x0000B503


mem[X,0x8002D948] -> 0x0113
mem[X,0x8002D94A] -> 0x0000
[4613] [M]: 0x8002D948 (0x00000113) addi sp, zero, 0
x2 <- 0x00000000


mem[X,0x8002D94C] -> 0x006F
mem[X,0x8002D94E] -> 0x00C0
[4614] [M]: 0x8002D94C (0x00C0006F) jal zero, 12


mem[X,0x8002D958] -> 0x0CE3
mem[X,0x8002D95A] -> 0xFEB5
[4615] [M]: 0x8002D958 (0xFEB50CE3) beq a0, a1, 8184


mem[X,0x8002D95C] -> 0x0113
mem[X,0x8002D95E] -> 0x0021
[4616] [M]: 0x8002D95C (0x00210113) addi sp, sp, 2
x2 <- 0x00000002


mem[X,0x8002D960] -> 0x006F
mem[X,0x8002D962] -> 0x00C0
[4617] [M]: 0x8002D960 (0x00C0006F) jal zero, 12


mem[X,0x8002D96C] -> 0xA623
mem[X,0x8002D96E] -> 0x7420
[4618] [M]: 0x8002D96C (0x7420A623) sw sp, 1868(ra)
mem[0x8003A8B4] <- 0x00000002


mem[X,0x8002D970] -> 0x3537
mem[X,0x8002D972] -> 0x3333
[4619] [M]: 0x8002D970 (0x33333537) lui a0, 209715
x10 <- 0x33333000


mem[X,0x8002D974] -> 0x0513
mem[X,0x8002D976] -> 0x3325
[4620] [M]: 0x8002D974 (0x33250513) addi a0, a0, 818
x10 <- 0x33333332


mem[X,0x8002D978] -> 0x55B7
mem[X,0x8002D97A] -> 0x5555
[4621] [M]: 0x8002D978 (0x555555B7) lui a1, 349525
x11 <- 0x55555000


mem[X,0x8002D97C] -> 0x8593
mem[X,0x8002D97E] -> 0x5565
[4622] [M]: 0x8002D97C (0x55658593) addi a1, a1, 1366
x11 <- 0x55555556


mem[X,0x8002D980] -> 0x0113
mem[X,0x8002D982] -> 0x0000
[4623] [M]: 0x8002D980 (0x00000113) addi sp, zero, 0
x2 <- 0x00000000


mem[X,0x8002D984] -> 0x006F
mem[X,0x8002D986] -> 0x00C0
[4624] [M]: 0x8002D984 (0x00C0006F) jal zero, 12


mem[X,0x8002D990] -> 0x0863
mem[X,0x8002D992] -> 0x00B5
[4625] [M]: 0x8002D990 (0x00B50863) beq a0, a1, 16


mem[X,0x8002D994] -> 0x0113
mem[X,0x8002D996] -> 0x0021
[4626] [M]: 0x8002D994 (0x00210113) addi sp, sp, 2
x2 <- 0x00000002


mem[X,0x8002D998] -> 0x006F
mem[X,0x8002D99A] -> 0x0100
[4627] [M]: 0x8002D998 (0x0100006F) jal zero, 16


mem[X,0x8002D9A8] -> 0xA823
mem[X,0x8002D9AA] -> 0x7420
[4628] [M]: 0x8002D9A8 (0x7420A823) sw sp, 1872(ra)
mem[0x8003A8B8] <- 0x00000002


mem[X,0x8002D9AC] -> 0x3537
mem[X,0x8002D9AE] -> 0x3333
[4629] [M]: 0x8002D9AC (0x33333537) lui a0, 209715
x10 <- 0x33333000


mem[X,0x8002D9B0] -> 0x0513
mem[X,0x8002D9B2] -> 0x3325
[4630] [M]: 0x8002D9B0 (0x33250513) addi a0, a0, 818
x10 <- 0x33333332


mem[X,0x8002D9B4] -> 0xB5B7
mem[X,0x8002D9B6] -> 0xAAAA
[4631] [M]: 0x8002D9B4 (0xAAAAB5B7) lui a1, 699051
x11 <- 0xAAAAB000


mem[X,0x8002D9B8] -> 0x8593
mem[X,0x8002D9BA] -> 0xAAB5
[4632] [M]: 0x8002D9B8 (0xAAB58593) addi a1, a1, 2731
x11 <- 0xAAAAAAAB


mem[X,0x8002D9BC] -> 0x0113
mem[X,0x8002D9BE] -> 0x0000
[4633] [M]: 0x8002D9BC (0x00000113) addi sp, zero, 0
x2 <- 0x00000000


mem[X,0x8002D9C0] -> 0x006F
mem[X,0x8002D9C2] -> 0x00C0
[4634] [M]: 0x8002D9C0 (0x00C0006F) jal zero, 12


mem[X,0x8002D9CC] -> 0x0663
mem[X,0x8002D9CE] -> 0x00B5
[4635] [M]: 0x8002D9CC (0x00B50663) beq a0, a1, 12


mem[X,0x8002D9D0] -> 0x0113
mem[X,0x8002D9D2] -> 0x0021
[4636] [M]: 0x8002D9D0 (0x00210113) addi sp, sp, 2
x2 <- 0x00000002


mem[X,0x8002D9D4] -> 0x006F
mem[X,0x8002D9D6] -> 0x00C0
[4637] [M]: 0x8002D9D4 (0x00C0006F) jal zero, 12


mem[X,0x8002D9E0] -> 0xAA23
mem[X,0x8002D9E2] -> 0x7420
[4638] [M]: 0x8002D9E0 (0x7420AA23) sw sp, 1876(ra)
mem[0x8003A8BC] <- 0x00000002


mem[X,0x8002D9E4] -> 0x3537
mem[X,0x8002D9E6] -> 0x3333
[4639] [M]: 0x8002D9E4 (0x33333537) lui a0, 209715
x10 <- 0x33333000


mem[X,0x8002D9E8] -> 0x0513
mem[X,0x8002D9EA] -> 0x3325
[4640] [M]: 0x8002D9E8 (0x33250513) addi a0, a0, 818
x10 <- 0x33333332


mem[X,0x8002D9EC] -> 0x0593
mem[X,0x8002D9EE] -> 0x0060
[4641] [M]: 0x8002D9EC (0x00600593) addi a1, zero, 6
x11 <- 0x00000006


mem[X,0x8002D9F0] -> 0x0113
mem[X,0x8002D9F2] -> 0x0000
[4642] [M]: 0x8002D9F0 (0x00000113) addi sp, zero, 0
x2 <- 0x00000000


mem[X,0x8002D9F4] -> 0x006F
mem[X,0x8002D9F6] -> 0x00C0
[4643] [M]: 0x8002D9F4 (0x00C0006F) jal zero, 12


mem[X,0x8002DA00] -> 0x0063
mem[X,0x8002DA02] -> 0x10B5
[4644] [M]: 0x8002DA00 (0x10B50063) beq a0, a1, 256


mem[X,0x8002DA04] -> 0x0113
mem[X,0x8002DA06] -> 0x0021
[4645] [M]: 0x8002DA04 (0x00210113) addi sp, sp, 2
x2 <- 0x00000002


mem[X,0x8002DA08] -> 0x006F
mem[X,0x8002DA0A] -> 0x1000
[4646] [M]: 0x8002DA08 (0x1000006F) jal zero, 256


mem[X,0x8002DB08] -> 0xAC23
mem[X,0x8002DB0A] -> 0x7420
[4647] [M]: 0x8002DB08 (0x7420AC23) sw sp, 1880(ra)
mem[0x8003A8C0] <- 0x00000002


mem[X,0x8002DB0C] -> 0x3537
mem[X,0x8002DB0E] -> 0x3333
[4648] [M]: 0x8002DB0C (0x33333537) lui a0, 209715
x10 <- 0x33333000


mem[X,0x8002DB10] -> 0x0513
mem[X,0x8002DB12] -> 0x3325
[4649] [M]: 0x8002DB10 (0x33250513) addi a0, a0, 818
x10 <- 0x33333332


mem[X,0x8002DB14] -> 0x35B7
mem[X,0x8002DB16] -> 0x3333
[4650] [M]: 0x8002DB14 (0x333335B7) lui a1, 209715
x11 <- 0x33333000


mem[X,0x8002DB18] -> 0x8593
mem[X,0x8002DB1A] -> 0x3345
[4651] [M]: 0x8002DB18 (0x33458593) addi a1, a1, 820
x11 <- 0x33333334


mem[X,0x8002DB1C] -> 0x0113
mem[X,0x8002DB1E] -> 0x0000
[4652] [M]: 0x8002DB1C (0x00000113) addi sp, zero, 0
x2 <- 0x00000000


mem[X,0x8002DB20] -> 0x006F
mem[X,0x8002DB22] -> 0x00C0
[4653] [M]: 0x8002DB20 (0x00C0006F) jal zero, 12


mem[X,0x8002DB2C] -> 0x0063
mem[X,0x8002DB2E] -> 0x20B5
[4654] [M]: 0x8002DB2C (0x20B50063) beq a0, a1, 512


mem[X,0x8002DB30] -> 0x0113
mem[X,0x8002DB32] -> 0x0021
[4655] [M]: 0x8002DB30 (0x00210113) addi sp, sp, 2
x2 <- 0x00000002


mem[X,0x8002DB34] -> 0x006F
mem[X,0x8002DB36] -> 0x2000
[4656] [M]: 0x8002DB34 (0x2000006F) jal zero, 512


mem[X,0x8002DD34] -> 0xAE23
mem[X,0x8002DD36] -> 0x7420
[4657] [M]: 0x8002DD34 (0x7420AE23) sw sp, 1884(ra)
mem[0x8003A8C4] <- 0x00000002


mem[X,0x8002DD38] -> 0x3537
mem[X,0x8002DD3A] -> 0x3333
[4658] [M]: 0x8002DD38 (0x33333537) lui a0, 209715
x10 <- 0x33333000


mem[X,0x8002DD3C] -> 0x0513
mem[X,0x8002DD3E] -> 0x3325
[4659] [M]: 0x8002DD3C (0x33250513) addi a0, a0, 818
x10 <- 0x33333332


mem[X,0x8002DD40] -> 0x65B7
mem[X,0x8002DD42] -> 0x6666
[4660] [M]: 0x8002DD40 (0x666665B7) lui a1, 419430
x11 <- 0x66666000


mem[X,0x8002DD44] -> 0x8593
mem[X,0x8002DD46] -> 0x6675
[4661] [M]: 0x8002DD44 (0x66758593) addi a1, a1, 1639
x11 <- 0x66666667


mem[X,0x8002DD48] -> 0x0113
mem[X,0x8002DD4A] -> 0x0000
[4662] [M]: 0x8002DD48 (0x00000113) addi sp, zero, 0
x2 <- 0x00000000


mem[X,0x8002DD4C] -> 0x006F
mem[X,0x8002DD4E] -> 0x00C0
[4663] [M]: 0x8002DD4C (0x00C0006F) jal zero, 12


mem[X,0x8002DD58] -> 0x0863
mem[X,0x8002DD5A] -> 0x00B5
[4664] [M]: 0x8002DD58 (0x00B50863) beq a0, a1, 16


mem[X,0x8002DD5C] -> 0x0113
mem[X,0x8002DD5E] -> 0x0021
[4665] [M]: 0x8002DD5C (0x00210113) addi sp, sp, 2
x2 <- 0x00000002


mem[X,0x8002DD60] -> 0x006F
mem[X,0x8002DD62] -> 0x0100
[4666] [M]: 0x8002DD60 (0x0100006F) jal zero, 16


mem[X,0x8002DD70] -> 0xA023
mem[X,0x8002DD72] -> 0x7620
[4667] [M]: 0x8002DD70 (0x7620A023) sw sp, 1888(ra)
mem[0x8003A8C8] <- 0x00000002


mem[X,0x8002DD74] -> 0x3537
mem[X,0x8002DD76] -> 0x3333
[4668] [M]: 0x8002DD74 (0x33333537) lui a0, 209715
x10 <- 0x33333000


mem[X,0x8002DD78] -> 0x0513
mem[X,0x8002DD7A] -> 0x3325
[4669] [M]: 0x8002DD78 (0x33250513) addi a0, a0, 818
x10 <- 0x33333332


mem[X,0x8002DD7C] -> 0x55B7
mem[X,0x8002DD7E] -> 0xFFFF
[4670] [M]: 0x8002DD7C (0xFFFF55B7) lui a1, 1048565
x11 <- 0xFFFF5000


mem[X,0x8002DD80] -> 0x8593
mem[X,0x8002DD82] -> 0xAFD5
[4671] [M]: 0x8002DD80 (0xAFD58593) addi a1, a1, 2813
x11 <- 0xFFFF4AFD


mem[X,0x8002DD84] -> 0x0113
mem[X,0x8002DD86] -> 0x0000
[4672] [M]: 0x8002DD84 (0x00000113) addi sp, zero, 0
x2 <- 0x00000000


mem[X,0x8002DD88] -> 0x006F
mem[X,0x8002DD8A] -> 0x0140
[4673] [M]: 0x8002DD88 (0x0140006F) jal zero, 20


mem[X,0x8002DD9C] -> 0x08E3
mem[X,0x8002DD9E] -> 0xFEB5
[4674] [M]: 0x8002DD9C (0xFEB508E3) beq a0, a1, 8176


mem[X,0x8002DDA0] -> 0x0113
mem[X,0x8002DDA2] -> 0x0021
[4675] [M]: 0x8002DDA0 (0x00210113) addi sp, sp, 2
x2 <- 0x00000002


mem[X,0x8002DDA4] -> 0x006F
mem[X,0x8002DDA6] -> 0x00C0
[4676] [M]: 0x8002DDA4 (0x00C0006F) jal zero, 12


mem[X,0x8002DDB0] -> 0xA223
mem[X,0x8002DDB2] -> 0x7620
[4677] [M]: 0x8002DDB0 (0x7620A223) sw sp, 1892(ra)
mem[0x8003A8CC] <- 0x00000002


mem[X,0x8002DDB4] -> 0x3537
mem[X,0x8002DDB6] -> 0x3333
[4678] [M]: 0x8002DDB4 (0x33333537) lui a0, 209715
x10 <- 0x33333000


mem[X,0x8002DDB8] -> 0x0513
mem[X,0x8002DDBA] -> 0x3325
[4679] [M]: 0x8002DDB8 (0x33250513) addi a0, a0, 818
x10 <- 0x33333332


mem[X,0x8002DDBC] -> 0xB5B7
mem[X,0x8002DDBE] -> 0x0000
[4680] [M]: 0x8002DDBC (0x0000B5B7) lui a1, 11
x11 <- 0x0000B000


mem[X,0x8002DDC0] -> 0x8593
mem[X,0x8002DDC2] -> 0x5055
[4681] [M]: 0x8002DDC0 (0x50558593) addi a1, a1, 1285
x11 <- 0x0000B505


mem[X,0x8002DDC4] -> 0x0113
mem[X,0x8002DDC6] -> 0x0000
[4682] [M]: 0x8002DDC4 (0x00000113) addi sp, zero, 0
x2 <- 0x00000000


mem[X,0x8002DDC8] -> 0x006F
mem[X,0x8002DDCA] -> 0x0140
[4683] [M]: 0x8002DDC8 (0x0140006F) jal zero, 20


mem[X,0x8002DDDC] -> 0x08E3
mem[X,0x8002DDDE] -> 0xFEB5
[4684] [M]: 0x8002DDDC (0xFEB508E3) beq a0, a1, 8176


mem[X,0x8002DDE0] -> 0x0113
mem[X,0x8002DDE2] -> 0x0021
[4685] [M]: 0x8002DDE0 (0x00210113) addi sp, sp, 2
x2 <- 0x00000002


mem[X,0x8002DDE4] -> 0x006F
mem[X,0x8002DDE6] -> 0x00C0
[4686] [M]: 0x8002DDE4 (0x00C0006F) jal zero, 12


mem[X,0x8002DDF0] -> 0xA423
mem[X,0x8002DDF2] -> 0x7620
[4687] [M]: 0x8002DDF0 (0x7620A423) sw sp, 1896(ra)
mem[0x8003A8D0] <- 0x00000002


mem[X,0x8002DDF4] -> 0x6537
mem[X,0x8002DDF6] -> 0x6666
[4688] [M]: 0x8002DDF4 (0x66666537) lui a0, 419430
x10 <- 0x66666000


mem[X,0x8002DDF8] -> 0x0513
mem[X,0x8002DDFA] -> 0x6655
[4689] [M]: 0x8002DDF8 (0x66550513) addi a0, a0, 1637
x10 <- 0x66666665


mem[X,0x8002DDFC] -> 0x0593
mem[X,0x8002DDFE] -> 0x0030
[4690] [M]: 0x8002DDFC (0x00300593) addi a1, zero, 3
x11 <- 0x00000003


mem[X,0x8002DE00] -> 0x0113
mem[X,0x8002DE02] -> 0x0000
[4691] [M]: 0x8002DE00 (0x00000113) addi sp, zero, 0
x2 <- 0x00000000


mem[X,0x8002DE04] -> 0x006F
mem[X,0x8002DE06] -> 0x00C0
[4692] [M]: 0x8002DE04 (0x00C0006F) jal zero, 12


mem[X,0x8002DE10] -> 0x0663
mem[X,0x8002DE12] -> 0x00B5
[4693] [M]: 0x8002DE10 (0x00B50663) beq a0, a1, 12


mem[X,0x8002DE14] -> 0x0113
mem[X,0x8002DE16] -> 0x0021
[4694] [M]: 0x8002DE14 (0x00210113) addi sp, sp, 2
x2 <- 0x00000002


mem[X,0x8002DE18] -> 0x006F
mem[X,0x8002DE1A] -> 0x00C0
[4695] [M]: 0x8002DE18 (0x00C0006F) jal zero, 12


mem[X,0x8002DE24] -> 0xA623
mem[X,0x8002DE26] -> 0x7620
[4696] [M]: 0x8002DE24 (0x7620A623) sw sp, 1900(ra)
mem[0x8003A8D4] <- 0x00000002


mem[X,0x8002DE28] -> 0x6537
mem[X,0x8002DE2A] -> 0x6666
[4697] [M]: 0x8002DE28 (0x66666537) lui a0, 419430
x10 <- 0x66666000


mem[X,0x8002DE2C] -> 0x0513
mem[X,0x8002DE2E] -> 0x6655
[4698] [M]: 0x8002DE2C (0x66550513) addi a0, a0, 1637
x10 <- 0x66666665


mem[X,0x8002DE30] -> 0x55B7
mem[X,0x8002DE32] -> 0x5555
[4699] [M]: 0x8002DE30 (0x555555B7) lui a1, 349525
x11 <- 0x55555000


clint::tick mtime <- 0x000000000000002F
 clint timer pending at mtime 0x000000000000002F
htif::tick 0x0000000000000000
mem[X,0x8002DE34] -> 0x8593
mem[X,0x8002DE36] -> 0x5555
[4700] [M]: 0x8002DE34 (0x55558593) addi a1, a1, 1365
x11 <- 0x55555555


mem[X,0x8002DE38] -> 0x0113
mem[X,0x8002DE3A] -> 0x0000
[4701] [M]: 0x8002DE38 (0x00000113) addi sp, zero, 0
x2 <- 0x00000000


mem[X,0x8002DE3C] -> 0x006F
mem[X,0x8002DE3E] -> 0x00C0
[4702] [M]: 0x8002DE3C (0x00C0006F) jal zero, 12


mem[X,0x8002DE48] -> 0x0663
mem[X,0x8002DE4A] -> 0x00B5
[4703] [M]: 0x8002DE48 (0x00B50663) beq a0, a1, 12


mem[X,0x8002DE4C] -> 0x0113
mem[X,0x8002DE4E] -> 0x0021
[4704] [M]: 0x8002DE4C (0x00210113) addi sp, sp, 2
x2 <- 0x00000002


mem[X,0x8002DE50] -> 0x006F
mem[X,0x8002DE52] -> 0x00C0
[4705] [M]: 0x8002DE50 (0x00C0006F) jal zero, 12


mem[X,0x8002DE5C] -> 0xA823
mem[X,0x8002DE5E] -> 0x7620
[4706] [M]: 0x8002DE5C (0x7620A823) sw sp, 1904(ra)
mem[0x8003A8D8] <- 0x00000002


mem[X,0x8002DE60] -> 0x6537
mem[X,0x8002DE62] -> 0x6666
[4707] [M]: 0x8002DE60 (0x66666537) lui a0, 419430
x10 <- 0x66666000


mem[X,0x8002DE64] -> 0x0513
mem[X,0x8002DE66] -> 0x6655
[4708] [M]: 0x8002DE64 (0x66550513) addi a0, a0, 1637
x10 <- 0x66666665


mem[X,0x8002DE68] -> 0xB5B7
mem[X,0x8002DE6A] -> 0xAAAA
[4709] [M]: 0x8002DE68 (0xAAAAB5B7) lui a1, 699051
x11 <- 0xAAAAB000


mem[X,0x8002DE6C] -> 0x8593
mem[X,0x8002DE6E] -> 0xAAA5
[4710] [M]: 0x8002DE6C (0xAAA58593) addi a1, a1, 2730
x11 <- 0xAAAAAAAA


mem[X,0x8002DE70] -> 0x0113
mem[X,0x8002DE72] -> 0x0000
[4711] [M]: 0x8002DE70 (0x00000113) addi sp, zero, 0
x2 <- 0x00000000


mem[X,0x8002DE74] -> 0x006F
mem[X,0x8002DE76] -> 0x00C0
[4712] [M]: 0x8002DE74 (0x00C0006F) jal zero, 12


mem[X,0x8002DE80] -> 0x0063
mem[X,0x8002DE82] -> 0x08B5
[4713] [M]: 0x8002DE80 (0x08B50063) beq a0, a1, 128


mem[X,0x8002DE84] -> 0x0113
mem[X,0x8002DE86] -> 0x0021
[4714] [M]: 0x8002DE84 (0x00210113) addi sp, sp, 2
x2 <- 0x00000002


mem[X,0x8002DE88] -> 0x006F
mem[X,0x8002DE8A] -> 0x0800
[4715] [M]: 0x8002DE88 (0x0800006F) jal zero, 128


mem[X,0x8002DF08] -> 0xAA23
mem[X,0x8002DF0A] -> 0x7620
[4716] [M]: 0x8002DF08 (0x7620AA23) sw sp, 1908(ra)
mem[0x8003A8DC] <- 0x00000002


mem[X,0x8002DF0C] -> 0x6537
mem[X,0x8002DF0E] -> 0x6666
[4717] [M]: 0x8002DF0C (0x66666537) lui a0, 419430
x10 <- 0x66666000


mem[X,0x8002DF10] -> 0x0513
mem[X,0x8002DF12] -> 0x6655
[4718] [M]: 0x8002DF10 (0x66550513) addi a0, a0, 1637
x10 <- 0x66666665


mem[X,0x8002DF14] -> 0x0593
mem[X,0x8002DF16] -> 0x0050
[4719] [M]: 0x8002DF14 (0x00500593) addi a1, zero, 5
x11 <- 0x00000005


mem[X,0x8002DF18] -> 0x0113
mem[X,0x8002DF1A] -> 0x0000
[4720] [M]: 0x8002DF18 (0x00000113) addi sp, zero, 0
x2 <- 0x00000000


mem[X,0x8002DF1C] -> 0x006F
mem[X,0x8002DF1E] -> 0x00C0
[4721] [M]: 0x8002DF1C (0x00C0006F) jal zero, 12


mem[X,0x8002DF28] -> 0x0CE3
mem[X,0x8002DF2A] -> 0xFEB5
[4722] [M]: 0x8002DF28 (0xFEB50CE3) beq a0, a1, 8184


mem[X,0x8002DF2C] -> 0x0113
mem[X,0x8002DF2E] -> 0x0021
[4723] [M]: 0x8002DF2C (0x00210113) addi sp, sp, 2
x2 <- 0x00000002


mem[X,0x8002DF30] -> 0x006F
mem[X,0x8002DF32] -> 0x00C0
[4724] [M]: 0x8002DF30 (0x00C0006F) jal zero, 12


mem[X,0x8002DF3C] -> 0xAC23
mem[X,0x8002DF3E] -> 0x7620
[4725] [M]: 0x8002DF3C (0x7620AC23) sw sp, 1912(ra)
mem[0x8003A8E0] <- 0x00000002


mem[X,0x8002DF40] -> 0x6537
mem[X,0x8002DF42] -> 0x6666
[4726] [M]: 0x8002DF40 (0x66666537) lui a0, 419430
x10 <- 0x66666000


mem[X,0x8002DF44] -> 0x0513
mem[X,0x8002DF46] -> 0x6655
[4727] [M]: 0x8002DF44 (0x66550513) addi a0, a0, 1637
x10 <- 0x66666665


mem[X,0x8002DF48] -> 0x35B7
mem[X,0x8002DF4A] -> 0x3333
[4728] [M]: 0x8002DF48 (0x333335B7) lui a1, 209715
x11 <- 0x33333000


mem[X,0x8002DF4C] -> 0x8593
mem[X,0x8002DF4E] -> 0x3335
[4729] [M]: 0x8002DF4C (0x33358593) addi a1, a1, 819
x11 <- 0x33333333


mem[X,0x8002DF50] -> 0x0113
mem[X,0x8002DF52] -> 0x0000
[4730] [M]: 0x8002DF50 (0x00000113) addi sp, zero, 0
x2 <- 0x00000000


mem[X,0x8002DF54] -> 0x006F
mem[X,0x8002DF56] -> 0x00C0
[4731] [M]: 0x8002DF54 (0x00C0006F) jal zero, 12


mem[X,0x8002DF60] -> 0x0CE3
mem[X,0x8002DF62] -> 0xFEB5
[4732] [M]: 0x8002DF60 (0xFEB50CE3) beq a0, a1, 8184


mem[X,0x8002DF64] -> 0x0113
mem[X,0x8002DF66] -> 0x0021
[4733] [M]: 0x8002DF64 (0x00210113) addi sp, sp, 2
x2 <- 0x00000002


mem[X,0x8002DF68] -> 0x006F
mem[X,0x8002DF6A] -> 0x00C0
[4734] [M]: 0x8002DF68 (0x00C0006F) jal zero, 12


mem[X,0x8002DF74] -> 0xAE23
mem[X,0x8002DF76] -> 0x7620
[4735] [M]: 0x8002DF74 (0x7620AE23) sw sp, 1916(ra)
mem[0x8003A8E4] <- 0x00000002


mem[X,0x8002DF78] -> 0x6537
mem[X,0x8002DF7A] -> 0x6666
[4736] [M]: 0x8002DF78 (0x66666537) lui a0, 419430
x10 <- 0x66666000


mem[X,0x8002DF7C] -> 0x0513
mem[X,0x8002DF7E] -> 0x6655
[4737] [M]: 0x8002DF7C (0x66550513) addi a0, a0, 1637
x10 <- 0x66666665


mem[X,0x8002DF80] -> 0x65B7
mem[X,0x8002DF82] -> 0x6666
[4738] [M]: 0x8002DF80 (0x666665B7) lui a1, 419430
x11 <- 0x66666000


mem[X,0x8002DF84] -> 0x8593
mem[X,0x8002DF86] -> 0x6665
[4739] [M]: 0x8002DF84 (0x66658593) addi a1, a1, 1638
x11 <- 0x66666666


mem[X,0x8002DF88] -> 0x0113
mem[X,0x8002DF8A] -> 0x0000
[4740] [M]: 0x8002DF88 (0x00000113) addi sp, zero, 0
x2 <- 0x00000000


mem[X,0x8002DF8C] -> 0x006F
mem[X,0x8002DF8E] -> 0x0180
[4741] [M]: 0x8002DF8C (0x0180006F) jal zero, 24


mem[X,0x8002DFA4] -> 0x06E3
mem[X,0x8002DFA6] -> 0xFEB5
[4742] [M]: 0x8002DFA4 (0xFEB506E3) beq a0, a1, 8172


mem[X,0x8002DFA8] -> 0x0113
mem[X,0x8002DFAA] -> 0x0021
[4743] [M]: 0x8002DFA8 (0x00210113) addi sp, sp, 2
x2 <- 0x00000002


mem[X,0x8002DFAC] -> 0x006F
mem[X,0x8002DFAE] -> 0x00C0
[4744] [M]: 0x8002DFAC (0x00C0006F) jal zero, 12


mem[X,0x8002DFB8] -> 0xA023
mem[X,0x8002DFBA] -> 0x7820
[4745] [M]: 0x8002DFB8 (0x7820A023) sw sp, 1920(ra)
mem[0x8003A8E8] <- 0x00000002


mem[X,0x8002DFBC] -> 0x6537
mem[X,0x8002DFBE] -> 0x6666
[4746] [M]: 0x8002DFBC (0x66666537) lui a0, 419430
x10 <- 0x66666000


mem[X,0x8002DFC0] -> 0x0513
mem[X,0x8002DFC2] -> 0x6655
[4747] [M]: 0x8002DFC0 (0x66550513) addi a0, a0, 1637
x10 <- 0x66666665


mem[X,0x8002DFC4] -> 0x55B7
mem[X,0x8002DFC6] -> 0xFFFF
[4748] [M]: 0x8002DFC4 (0xFFFF55B7) lui a1, 1048565
x11 <- 0xFFFF5000


mem[X,0x8002DFC8] -> 0x8593
mem[X,0x8002DFCA] -> 0xAFC5
[4749] [M]: 0x8002DFC8 (0xAFC58593) addi a1, a1, 2812
x11 <- 0xFFFF4AFC


mem[X,0x8002DFCC] -> 0x0113
mem[X,0x8002DFCE] -> 0x0000
[4750] [M]: 0x8002DFCC (0x00000113) addi sp, zero, 0
x2 <- 0x00000000


mem[X,0x8002DFD0] -> 0x006F
mem[X,0x8002DFD2] -> 0x00C0
[4751] [M]: 0x8002DFD0 (0x00C0006F) jal zero, 12


mem[X,0x8002DFDC] -> 0x0063
mem[X,0x8002DFDE] -> 0x08B5
[4752] [M]: 0x8002DFDC (0x08B50063) beq a0, a1, 128


mem[X,0x8002DFE0] -> 0x0113
mem[X,0x8002DFE2] -> 0x0021
[4753] [M]: 0x8002DFE0 (0x00210113) addi sp, sp, 2
x2 <- 0x00000002


mem[X,0x8002DFE4] -> 0x006F
mem[X,0x8002DFE6] -> 0x0800
[4754] [M]: 0x8002DFE4 (0x0800006F) jal zero, 128


mem[X,0x8002E064] -> 0xA223
mem[X,0x8002E066] -> 0x7820
[4755] [M]: 0x8002E064 (0x7820A223) sw sp, 1924(ra)
mem[0x8003A8EC] <- 0x00000002


mem[X,0x8002E068] -> 0x6537
mem[X,0x8002E06A] -> 0x6666
[4756] [M]: 0x8002E068 (0x66666537) lui a0, 419430
x10 <- 0x66666000


mem[X,0x8002E06C] -> 0x0513
mem[X,0x8002E06E] -> 0x6655
[4757] [M]: 0x8002E06C (0x66550513) addi a0, a0, 1637
x10 <- 0x66666665


mem[X,0x8002E070] -> 0xB5B7
mem[X,0x8002E072] -> 0x0000
[4758] [M]: 0x8002E070 (0x0000B5B7) lui a1, 11
x11 <- 0x0000B000


mem[X,0x8002E074] -> 0x8593
mem[X,0x8002E076] -> 0x5045
[4759] [M]: 0x8002E074 (0x50458593) addi a1, a1, 1284
x11 <- 0x0000B504


mem[X,0x8002E078] -> 0x0113
mem[X,0x8002E07A] -> 0x0000
[4760] [M]: 0x8002E078 (0x00000113) addi sp, zero, 0
x2 <- 0x00000000


mem[X,0x8002E07C] -> 0x006F
mem[X,0x8002E07E] -> 0x0050
[4761] [M]: 0x8002E07C (0x0050006F) jal zero, 2052


mem[X,0x8002E880] -> 0x00E3
mem[X,0x8002E882] -> 0x80B5
[4762] [M]: 0x8002E880 (0x80B500E3) beq a0, a1, 6144


mem[X,0x8002E884] -> 0x0113
mem[X,0x8002E886] -> 0x0021
[4763] [M]: 0x8002E884 (0x00210113) addi sp, sp, 2
x2 <- 0x00000002


mem[X,0x8002E888] -> 0x006F
mem[X,0x8002E88A] -> 0x00C0
[4764] [M]: 0x8002E888 (0x00C0006F) jal zero, 12


mem[X,0x8002E894] -> 0xA423
mem[X,0x8002E896] -> 0x7820
[4765] [M]: 0x8002E894 (0x7820A423) sw sp, 1928(ra)
mem[0x8003A8F0] <- 0x00000002


mem[X,0x8002E898] -> 0x6537
mem[X,0x8002E89A] -> 0x6666
[4766] [M]: 0x8002E898 (0x66666537) lui a0, 419430
x10 <- 0x66666000


mem[X,0x8002E89C] -> 0x0513
mem[X,0x8002E89E] -> 0x6655
[4767] [M]: 0x8002E89C (0x66550513) addi a0, a0, 1637
x10 <- 0x66666665


mem[X,0x8002E8A0] -> 0x0593
mem[X,0x8002E8A2] -> 0x0020
[4768] [M]: 0x8002E8A0 (0x00200593) addi a1, zero, 2
x11 <- 0x00000002


mem[X,0x8002E8A4] -> 0x0113
mem[X,0x8002E8A6] -> 0x0000
[4769] [M]: 0x8002E8A4 (0x00000113) addi sp, zero, 0
x2 <- 0x00000000


mem[X,0x8002E8A8] -> 0x006F
mem[X,0x8002E8AA] -> 0x00C0
[4770] [M]: 0x8002E8A8 (0x00C0006F) jal zero, 12


mem[X,0x8002E8B4] -> 0x0063
mem[X,0x8002E8B6] -> 0x10B5
[4771] [M]: 0x8002E8B4 (0x10B50063) beq a0, a1, 256


mem[X,0x8002E8B8] -> 0x0113
mem[X,0x8002E8BA] -> 0x0021
[4772] [M]: 0x8002E8B8 (0x00210113) addi sp, sp, 2
x2 <- 0x00000002


mem[X,0x8002E8BC] -> 0x006F
mem[X,0x8002E8BE] -> 0x1000
[4773] [M]: 0x8002E8BC (0x1000006F) jal zero, 256


mem[X,0x8002E9BC] -> 0xA623
mem[X,0x8002E9BE] -> 0x7820
[4774] [M]: 0x8002E9BC (0x7820A623) sw sp, 1932(ra)
mem[0x8003A8F4] <- 0x00000002


mem[X,0x8002E9C0] -> 0x6537
mem[X,0x8002E9C2] -> 0x6666
[4775] [M]: 0x8002E9C0 (0x66666537) lui a0, 419430
x10 <- 0x66666000


mem[X,0x8002E9C4] -> 0x0513
mem[X,0x8002E9C6] -> 0x6655
[4776] [M]: 0x8002E9C4 (0x66550513) addi a0, a0, 1637
x10 <- 0x66666665


mem[X,0x8002E9C8] -> 0x55B7
mem[X,0x8002E9CA] -> 0x5555
[4777] [M]: 0x8002E9C8 (0x555555B7) lui a1, 349525
x11 <- 0x55555000


mem[X,0x8002E9CC] -> 0x8593
mem[X,0x8002E9CE] -> 0x5545
[4778] [M]: 0x8002E9CC (0x55458593) addi a1, a1, 1364
x11 <- 0x55555554


mem[X,0x8002E9D0] -> 0x0113
mem[X,0x8002E9D2] -> 0x0000
[4779] [M]: 0x8002E9D0 (0x00000113) addi sp, zero, 0
x2 <- 0x00000000


mem[X,0x8002E9D4] -> 0x006F
mem[X,0x8002E9D6] -> 0x0050
[4780] [M]: 0x8002E9D4 (0x0050006F) jal zero, 2052


mem[X,0x8002F1D8] -> 0x00E3
mem[X,0x8002F1DA] -> 0x80B5
[4781] [M]: 0x8002F1D8 (0x80B500E3) beq a0, a1, 6144


mem[X,0x8002F1DC] -> 0x0113
mem[X,0x8002F1DE] -> 0x0021
[4782] [M]: 0x8002F1DC (0x00210113) addi sp, sp, 2
x2 <- 0x00000002


mem[X,0x8002F1E0] -> 0x006F
mem[X,0x8002F1E2] -> 0x00C0
[4783] [M]: 0x8002F1E0 (0x00C0006F) jal zero, 12


mem[X,0x8002F1EC] -> 0xA823
mem[X,0x8002F1EE] -> 0x7820
[4784] [M]: 0x8002F1EC (0x7820A823) sw sp, 1936(ra)
mem[0x8003A8F8] <- 0x00000002


mem[X,0x8002F1F0] -> 0x6537
mem[X,0x8002F1F2] -> 0x6666
[4785] [M]: 0x8002F1F0 (0x66666537) lui a0, 419430
x10 <- 0x66666000


mem[X,0x8002F1F4] -> 0x0513
mem[X,0x8002F1F6] -> 0x6655
[4786] [M]: 0x8002F1F4 (0x66550513) addi a0, a0, 1637
x10 <- 0x66666665


mem[X,0x8002F1F8] -> 0x0593
mem[X,0x8002F1FA] -> 0x0000
[4787] [M]: 0x8002F1F8 (0x00000593) addi a1, zero, 0
x11 <- 0x00000000


mem[X,0x8002F1FC] -> 0x0113
mem[X,0x8002F1FE] -> 0x0000
[4788] [M]: 0x8002F1FC (0x00000113) addi sp, zero, 0
x2 <- 0x00000000


mem[X,0x8002F200] -> 0x006F
mem[X,0x8002F202] -> 0x00C0
[4789] [M]: 0x8002F200 (0x00C0006F) jal zero, 12


mem[X,0x8002F20C] -> 0x0063
mem[X,0x8002F20E] -> 0x04B5
[4790] [M]: 0x8002F20C (0x04B50063) beq a0, a1, 64


mem[X,0x8002F210] -> 0x0113
mem[X,0x8002F212] -> 0x0021
[4791] [M]: 0x8002F210 (0x00210113) addi sp, sp, 2
x2 <- 0x00000002


mem[X,0x8002F214] -> 0x006F
mem[X,0x8002F216] -> 0x0400
[4792] [M]: 0x8002F214 (0x0400006F) jal zero, 64


mem[X,0x8002F254] -> 0xAA23
mem[X,0x8002F256] -> 0x7820
[4793] [M]: 0x8002F254 (0x7820AA23) sw sp, 1940(ra)
mem[0x8003A8FC] <- 0x00000002


mem[X,0x8002F258] -> 0x6537
mem[X,0x8002F25A] -> 0x6666
[4794] [M]: 0x8002F258 (0x66666537) lui a0, 419430
x10 <- 0x66666000


mem[X,0x8002F25C] -> 0x0513
mem[X,0x8002F25E] -> 0x6655
[4795] [M]: 0x8002F25C (0x66550513) addi a0, a0, 1637
x10 <- 0x66666665


mem[X,0x8002F260] -> 0x0593
mem[X,0x8002F262] -> 0x0040
[4796] [M]: 0x8002F260 (0x00400593) addi a1, zero, 4
x11 <- 0x00000004


mem[X,0x8002F264] -> 0x0113
mem[X,0x8002F266] -> 0x0000
[4797] [M]: 0x8002F264 (0x00000113) addi sp, zero, 0
x2 <- 0x00000000


mem[X,0x8002F268] -> 0x006F
mem[X,0x8002F26A] -> 0x0140
[4798] [M]: 0x8002F268 (0x0140006F) jal zero, 20


mem[X,0x8002F27C] -> 0x08E3
mem[X,0x8002F27E] -> 0xFEB5
[4799] [M]: 0x8002F27C (0xFEB508E3) beq a0, a1, 8176


clint::tick mtime <- 0x0000000000000030
 clint timer pending at mtime 0x0000000000000030
htif::tick 0x0000000000000000
mem[X,0x8002F280] -> 0x0113
mem[X,0x8002F282] -> 0x0021
[4800] [M]: 0x8002F280 (0x00210113) addi sp, sp, 2
x2 <- 0x00000002


mem[X,0x8002F284] -> 0x006F
mem[X,0x8002F286] -> 0x00C0
[4801] [M]: 0x8002F284 (0x00C0006F) jal zero, 12


mem[X,0x8002F290] -> 0xAC23
mem[X,0x8002F292] -> 0x7820
[4802] [M]: 0x8002F290 (0x7820AC23) sw sp, 1944(ra)
mem[0x8003A900] <- 0x00000002


mem[X,0x8002F294] -> 0x6537
mem[X,0x8002F296] -> 0x6666
[4803] [M]: 0x8002F294 (0x66666537) lui a0, 419430
x10 <- 0x66666000


mem[X,0x8002F298] -> 0x0513
mem[X,0x8002F29A] -> 0x6655
[4804] [M]: 0x8002F298 (0x66550513) addi a0, a0, 1637
x10 <- 0x66666665


mem[X,0x8002F29C] -> 0x35B7
mem[X,0x8002F29E] -> 0x3333
[4805] [M]: 0x8002F29C (0x333335B7) lui a1, 209715
x11 <- 0x33333000


mem[X,0x8002F2A0] -> 0x8593
mem[X,0x8002F2A2] -> 0x3325
[4806] [M]: 0x8002F2A0 (0x33258593) addi a1, a1, 818
x11 <- 0x33333332


mem[X,0x8002F2A4] -> 0x0113
mem[X,0x8002F2A6] -> 0x0000
[4807] [M]: 0x8002F2A4 (0x00000113) addi sp, zero, 0
x2 <- 0x00000000


mem[X,0x8002F2A8] -> 0x006F
mem[X,0x8002F2AA] -> 0x00C0
[4808] [M]: 0x8002F2A8 (0x00C0006F) jal zero, 12


mem[X,0x8002F2B4] -> 0x0063
mem[X,0x8002F2B6] -> 0x02B5
[4809] [M]: 0x8002F2B4 (0x02B50063) beq a0, a1, 32


mem[X,0x8002F2B8] -> 0x0113
mem[X,0x8002F2BA] -> 0x0021
[4810] [M]: 0x8002F2B8 (0x00210113) addi sp, sp, 2
x2 <- 0x00000002


mem[X,0x8002F2BC] -> 0x006F
mem[X,0x8002F2BE] -> 0x0200
[4811] [M]: 0x8002F2BC (0x0200006F) jal zero, 32


mem[X,0x8002F2DC] -> 0xAE23
mem[X,0x8002F2DE] -> 0x7820
[4812] [M]: 0x8002F2DC (0x7820AE23) sw sp, 1948(ra)
mem[0x8003A904] <- 0x00000002


mem[X,0x8002F2E0] -> 0x6537
mem[X,0x8002F2E2] -> 0x6666
[4813] [M]: 0x8002F2E0 (0x66666537) lui a0, 419430
x10 <- 0x66666000


mem[X,0x8002F2E4] -> 0x0513
mem[X,0x8002F2E6] -> 0x6655
[4814] [M]: 0x8002F2E4 (0x66550513) addi a0, a0, 1637
x10 <- 0x66666665


mem[X,0x8002F2E8] -> 0x65B7
mem[X,0x8002F2EA] -> 0x6666
[4815] [M]: 0x8002F2E8 (0x666665B7) lui a1, 419430
x11 <- 0x66666000


mem[X,0x8002F2EC] -> 0x8593
mem[X,0x8002F2EE] -> 0x6655
[4816] [M]: 0x8002F2EC (0x66558593) addi a1, a1, 1637
x11 <- 0x66666665


mem[X,0x8002F2F0] -> 0x0113
mem[X,0x8002F2F2] -> 0x0000
[4817] [M]: 0x8002F2F0 (0x00000113) addi sp, zero, 0
x2 <- 0x00000000


mem[X,0x8002F2F4] -> 0x006F
mem[X,0x8002F2F6] -> 0x0050
[4818] [M]: 0x8002F2F4 (0x0050006F) jal zero, 2052


mem[X,0x8002FAF8] -> 0x00E3
mem[X,0x8002FAFA] -> 0x80B5
[4819] [M]: 0x8002FAF8 (0x80B500E3) beq a0, a1, 6144


mem[X,0x8002F2F8] -> 0x0113
mem[X,0x8002F2FA] -> 0x0011
[4820] [M]: 0x8002F2F8 (0x00110113) addi sp, sp, 1
x2 <- 0x00000001


mem[X,0x8002F2FC] -> 0x006F
mem[X,0x8002F2FE] -> 0x0110
[4821] [M]: 0x8002F2FC (0x0110006F) jal zero, 2064


mem[X,0x8002FB0C] -> 0xA023
mem[X,0x8002FB0E] -> 0x7A20
[4822] [M]: 0x8002FB0C (0x7A20A023) sw sp, 1952(ra)
mem[0x8003A908] <- 0x00000001


mem[X,0x8002FB10] -> 0x6537
mem[X,0x8002FB12] -> 0x6666
[4823] [M]: 0x8002FB10 (0x66666537) lui a0, 419430
x10 <- 0x66666000


mem[X,0x8002FB14] -> 0x0513
mem[X,0x8002FB16] -> 0x6655
[4824] [M]: 0x8002FB14 (0x66550513) addi a0, a0, 1637
x10 <- 0x66666665


mem[X,0x8002FB18] -> 0xB5B7
mem[X,0x8002FB1A] -> 0x0000
[4825] [M]: 0x8002FB18 (0x0000B5B7) lui a1, 11
x11 <- 0x0000B000


mem[X,0x8002FB1C] -> 0x8593
mem[X,0x8002FB1E] -> 0x5035
[4826] [M]: 0x8002FB1C (0x50358593) addi a1, a1, 1283
x11 <- 0x0000B503


mem[X,0x8002FB20] -> 0x0113
mem[X,0x8002FB22] -> 0x0000
[4827] [M]: 0x8002FB20 (0x00000113) addi sp, zero, 0
x2 <- 0x00000000


mem[X,0x8002FB24] -> 0x006F
mem[X,0x8002FB26] -> 0x00C0
[4828] [M]: 0x8002FB24 (0x00C0006F) jal zero, 12


mem[X,0x8002FB30] -> 0x0663
mem[X,0x8002FB32] -> 0x00B5
[4829] [M]: 0x8002FB30 (0x00B50663) beq a0, a1, 12


mem[X,0x8002FB34] -> 0x0113
mem[X,0x8002FB36] -> 0x0021
[4830] [M]: 0x8002FB34 (0x00210113) addi sp, sp, 2
x2 <- 0x00000002


mem[X,0x8002FB38] -> 0x006F
mem[X,0x8002FB3A] -> 0x00C0
[4831] [M]: 0x8002FB38 (0x00C0006F) jal zero, 12


mem[X,0x8002FB44] -> 0xA223
mem[X,0x8002FB46] -> 0x7A20
[4832] [M]: 0x8002FB44 (0x7A20A223) sw sp, 1956(ra)
mem[0x8003A90C] <- 0x00000002


mem[X,0x8002FB48] -> 0x6537
mem[X,0x8002FB4A] -> 0x6666
[4833] [M]: 0x8002FB48 (0x66666537) lui a0, 419430
x10 <- 0x66666000


mem[X,0x8002FB4C] -> 0x0513
mem[X,0x8002FB4E] -> 0x6655
[4834] [M]: 0x8002FB4C (0x66550513) addi a0, a0, 1637
x10 <- 0x66666665


mem[X,0x8002FB50] -> 0x55B7
mem[X,0x8002FB52] -> 0x5555
[4835] [M]: 0x8002FB50 (0x555555B7) lui a1, 349525
x11 <- 0x55555000


mem[X,0x8002FB54] -> 0x8593
mem[X,0x8002FB56] -> 0x5565
[4836] [M]: 0x8002FB54 (0x55658593) addi a1, a1, 1366
x11 <- 0x55555556


mem[X,0x8002FB58] -> 0x0113
mem[X,0x8002FB5A] -> 0x0000
[4837] [M]: 0x8002FB58 (0x00000113) addi sp, zero, 0
x2 <- 0x00000000


mem[X,0x8002FB5C] -> 0x006F
mem[X,0x8002FB5E] -> 0x00C0
[4838] [M]: 0x8002FB5C (0x00C0006F) jal zero, 12


mem[X,0x8002FB68] -> 0x0063
mem[X,0x8002FB6A] -> 0x08B5
[4839] [M]: 0x8002FB68 (0x08B50063) beq a0, a1, 128


mem[X,0x8002FB6C] -> 0x0113
mem[X,0x8002FB6E] -> 0x0021
[4840] [M]: 0x8002FB6C (0x00210113) addi sp, sp, 2
x2 <- 0x00000002


mem[X,0x8002FB70] -> 0x006F
mem[X,0x8002FB72] -> 0x0800
[4841] [M]: 0x8002FB70 (0x0800006F) jal zero, 128


mem[X,0x8002FBF0] -> 0xA423
mem[X,0x8002FBF2] -> 0x7A20
[4842] [M]: 0x8002FBF0 (0x7A20A423) sw sp, 1960(ra)
mem[0x8003A910] <- 0x00000002


mem[X,0x8002FBF4] -> 0x6537
mem[X,0x8002FBF6] -> 0x6666
[4843] [M]: 0x8002FBF4 (0x66666537) lui a0, 419430
x10 <- 0x66666000


mem[X,0x8002FBF8] -> 0x0513
mem[X,0x8002FBFA] -> 0x6655
[4844] [M]: 0x8002FBF8 (0x66550513) addi a0, a0, 1637
x10 <- 0x66666665


mem[X,0x8002FBFC] -> 0xB5B7
mem[X,0x8002FBFE] -> 0xAAAA
[4845] [M]: 0x8002FBFC (0xAAAAB5B7) lui a1, 699051
x11 <- 0xAAAAB000


mem[X,0x8002FC00] -> 0x8593
mem[X,0x8002FC02] -> 0xAAB5
[4846] [M]: 0x8002FC00 (0xAAB58593) addi a1, a1, 2731
x11 <- 0xAAAAAAAB


mem[X,0x8002FC04] -> 0x0113
mem[X,0x8002FC06] -> 0x0000
[4847] [M]: 0x8002FC04 (0x00000113) addi sp, zero, 0
x2 <- 0x00000000


mem[X,0x8002FC08] -> 0x006F
mem[X,0x8002FC0A] -> 0x00C0
[4848] [M]: 0x8002FC08 (0x00C0006F) jal zero, 12


mem[X,0x8002FC14] -> 0x0663
mem[X,0x8002FC16] -> 0x00B5
[4849] [M]: 0x8002FC14 (0x00B50663) beq a0, a1, 12


mem[X,0x8002FC18] -> 0x0113
mem[X,0x8002FC1A] -> 0x0021
[4850] [M]: 0x8002FC18 (0x00210113) addi sp, sp, 2
x2 <- 0x00000002


mem[X,0x8002FC1C] -> 0x006F
mem[X,0x8002FC1E] -> 0x00C0
[4851] [M]: 0x8002FC1C (0x00C0006F) jal zero, 12


mem[X,0x8002FC28] -> 0xA623
mem[X,0x8002FC2A] -> 0x7A20
[4852] [M]: 0x8002FC28 (0x7A20A623) sw sp, 1964(ra)
mem[0x8003A914] <- 0x00000002


mem[X,0x8002FC2C] -> 0x6537
mem[X,0x8002FC2E] -> 0x6666
[4853] [M]: 0x8002FC2C (0x66666537) lui a0, 419430
x10 <- 0x66666000


mem[X,0x8002FC30] -> 0x0513
mem[X,0x8002FC32] -> 0x6655
[4854] [M]: 0x8002FC30 (0x66550513) addi a0, a0, 1637
x10 <- 0x66666665


mem[X,0x8002FC34] -> 0x0593
mem[X,0x8002FC36] -> 0x0060
[4855] [M]: 0x8002FC34 (0x00600593) addi a1, zero, 6
x11 <- 0x00000006


mem[X,0x8002FC38] -> 0x0113
mem[X,0x8002FC3A] -> 0x0000
[4856] [M]: 0x8002FC38 (0x00000113) addi sp, zero, 0
x2 <- 0x00000000


mem[X,0x8002FC3C] -> 0x006F
mem[X,0x8002FC3E] -> 0x00C0
[4857] [M]: 0x8002FC3C (0x00C0006F) jal zero, 12


mem[X,0x8002FC48] -> 0x0CE3
mem[X,0x8002FC4A] -> 0xFEB5
[4858] [M]: 0x8002FC48 (0xFEB50CE3) beq a0, a1, 8184


mem[X,0x8002FC4C] -> 0x0113
mem[X,0x8002FC4E] -> 0x0021
[4859] [M]: 0x8002FC4C (0x00210113) addi sp, sp, 2
x2 <- 0x00000002


mem[X,0x8002FC50] -> 0x006F
mem[X,0x8002FC52] -> 0x00C0
[4860] [M]: 0x8002FC50 (0x00C0006F) jal zero, 12


mem[X,0x8002FC5C] -> 0xA823
mem[X,0x8002FC5E] -> 0x7A20
[4861] [M]: 0x8002FC5C (0x7A20A823) sw sp, 1968(ra)
mem[0x8003A918] <- 0x00000002


mem[X,0x8002FC60] -> 0x6537
mem[X,0x8002FC62] -> 0x6666
[4862] [M]: 0x8002FC60 (0x66666537) lui a0, 419430
x10 <- 0x66666000


mem[X,0x8002FC64] -> 0x0513
mem[X,0x8002FC66] -> 0x6655
[4863] [M]: 0x8002FC64 (0x66550513) addi a0, a0, 1637
x10 <- 0x66666665


mem[X,0x8002FC68] -> 0x35B7
mem[X,0x8002FC6A] -> 0x3333
[4864] [M]: 0x8002FC68 (0x333335B7) lui a1, 209715
x11 <- 0x33333000


mem[X,0x8002FC6C] -> 0x8593
mem[X,0x8002FC6E] -> 0x3345
[4865] [M]: 0x8002FC6C (0x33458593) addi a1, a1, 820
x11 <- 0x33333334


mem[X,0x8002FC70] -> 0x0113
mem[X,0x8002FC72] -> 0x0000
[4866] [M]: 0x8002FC70 (0x00000113) addi sp, zero, 0
x2 <- 0x00000000


mem[X,0x8002FC74] -> 0x006F
mem[X,0x8002FC76] -> 0x00C0
[4867] [M]: 0x8002FC74 (0x00C0006F) jal zero, 12


mem[X,0x8002FC80] -> 0x0663
mem[X,0x8002FC82] -> 0x00B5
[4868] [M]: 0x8002FC80 (0x00B50663) beq a0, a1, 12


mem[X,0x8002FC84] -> 0x0113
mem[X,0x8002FC86] -> 0x0021
[4869] [M]: 0x8002FC84 (0x00210113) addi sp, sp, 2
x2 <- 0x00000002


mem[X,0x8002FC88] -> 0x006F
mem[X,0x8002FC8A] -> 0x00C0
[4870] [M]: 0x8002FC88 (0x00C0006F) jal zero, 12


mem[X,0x8002FC94] -> 0xAA23
mem[X,0x8002FC96] -> 0x7A20
[4871] [M]: 0x8002FC94 (0x7A20AA23) sw sp, 1972(ra)
mem[0x8003A91C] <- 0x00000002


mem[X,0x8002FC98] -> 0x6537
mem[X,0x8002FC9A] -> 0x6666
[4872] [M]: 0x8002FC98 (0x66666537) lui a0, 419430
x10 <- 0x66666000


mem[X,0x8002FC9C] -> 0x0513
mem[X,0x8002FC9E] -> 0x6655
[4873] [M]: 0x8002FC9C (0x66550513) addi a0, a0, 1637
x10 <- 0x66666665


mem[X,0x8002FCA0] -> 0x65B7
mem[X,0x8002FCA2] -> 0x6666
[4874] [M]: 0x8002FCA0 (0x666665B7) lui a1, 419430
x11 <- 0x66666000


mem[X,0x8002FCA4] -> 0x8593
mem[X,0x8002FCA6] -> 0x6675
[4875] [M]: 0x8002FCA4 (0x66758593) addi a1, a1, 1639
x11 <- 0x66666667


mem[X,0x8002FCA8] -> 0x0113
mem[X,0x8002FCAA] -> 0x0000
[4876] [M]: 0x8002FCA8 (0x00000113) addi sp, zero, 0
x2 <- 0x00000000


mem[X,0x8002FCAC] -> 0x006F
mem[X,0x8002FCAE] -> 0x0050
[4877] [M]: 0x8002FCAC (0x0050006F) jal zero, 2052


mem[X,0x800304B0] -> 0x00E3
mem[X,0x800304B2] -> 0x80B5
[4878] [M]: 0x800304B0 (0x80B500E3) beq a0, a1, 6144


mem[X,0x800304B4] -> 0x0113
mem[X,0x800304B6] -> 0x0021
[4879] [M]: 0x800304B4 (0x00210113) addi sp, sp, 2
x2 <- 0x00000002


mem[X,0x800304B8] -> 0x006F
mem[X,0x800304BA] -> 0x00C0
[4880] [M]: 0x800304B8 (0x00C0006F) jal zero, 12


mem[X,0x800304C4] -> 0xAC23
mem[X,0x800304C6] -> 0x7A20
[4881] [M]: 0x800304C4 (0x7A20AC23) sw sp, 1976(ra)
mem[0x8003A920] <- 0x00000002


mem[X,0x800304C8] -> 0x6537
mem[X,0x800304CA] -> 0x6666
[4882] [M]: 0x800304C8 (0x66666537) lui a0, 419430
x10 <- 0x66666000


mem[X,0x800304CC] -> 0x0513
mem[X,0x800304CE] -> 0x6655
[4883] [M]: 0x800304CC (0x66550513) addi a0, a0, 1637
x10 <- 0x66666665


mem[X,0x800304D0] -> 0x55B7
mem[X,0x800304D2] -> 0xFFFF
[4884] [M]: 0x800304D0 (0xFFFF55B7) lui a1, 1048565
x11 <- 0xFFFF5000


mem[X,0x800304D4] -> 0x8593
mem[X,0x800304D6] -> 0xAFD5
[4885] [M]: 0x800304D4 (0xAFD58593) addi a1, a1, 2813
x11 <- 0xFFFF4AFD


mem[X,0x800304D8] -> 0x0113
mem[X,0x800304DA] -> 0x0000
[4886] [M]: 0x800304D8 (0x00000113) addi sp, zero, 0
x2 <- 0x00000000


mem[X,0x800304DC] -> 0x006F
mem[X,0x800304DE] -> 0x00C0
[4887] [M]: 0x800304DC (0x00C0006F) jal zero, 12


mem[X,0x800304E8] -> 0x0CE3
mem[X,0x800304EA] -> 0xFEB5
[4888] [M]: 0x800304E8 (0xFEB50CE3) beq a0, a1, 8184


mem[X,0x800304EC] -> 0x0113
mem[X,0x800304EE] -> 0x0021
[4889] [M]: 0x800304EC (0x00210113) addi sp, sp, 2
x2 <- 0x00000002


mem[X,0x800304F0] -> 0x006F
mem[X,0x800304F2] -> 0x00C0
[4890] [M]: 0x800304F0 (0x00C0006F) jal zero, 12


mem[X,0x800304FC] -> 0xAE23
mem[X,0x800304FE] -> 0x7A20
[4891] [M]: 0x800304FC (0x7A20AE23) sw sp, 1980(ra)
mem[0x8003A924] <- 0x00000002


mem[X,0x80030500] -> 0x6537
mem[X,0x80030502] -> 0x6666
[4892] [M]: 0x80030500 (0x66666537) lui a0, 419430
x10 <- 0x66666000


mem[X,0x80030504] -> 0x0513
mem[X,0x80030506] -> 0x6655
[4893] [M]: 0x80030504 (0x66550513) addi a0, a0, 1637
x10 <- 0x66666665


mem[X,0x80030508] -> 0xB5B7
mem[X,0x8003050A] -> 0x0000
[4894] [M]: 0x80030508 (0x0000B5B7) lui a1, 11
x11 <- 0x0000B000


mem[X,0x8003050C] -> 0x8593
mem[X,0x8003050E] -> 0x5055
[4895] [M]: 0x8003050C (0x50558593) addi a1, a1, 1285
x11 <- 0x0000B505


mem[X,0x80030510] -> 0x0113
mem[X,0x80030512] -> 0x0000
[4896] [M]: 0x80030510 (0x00000113) addi sp, zero, 0
x2 <- 0x00000000


mem[X,0x80030514] -> 0x006F
mem[X,0x80030516] -> 0x00C0
[4897] [M]: 0x80030514 (0x00C0006F) jal zero, 12


mem[X,0x80030520] -> 0x0063
mem[X,0x80030522] -> 0x20B5
[4898] [M]: 0x80030520 (0x20B50063) beq a0, a1, 512


mem[X,0x80030524] -> 0x0113
mem[X,0x80030526] -> 0x0021
[4899] [M]: 0x80030524 (0x00210113) addi sp, sp, 2
x2 <- 0x00000002


clint::tick mtime <- 0x0000000000000031
 clint timer pending at mtime 0x0000000000000031
htif::tick 0x0000000000000000
mem[X,0x80030528] -> 0x006F
mem[X,0x8003052A] -> 0x2000
[4900] [M]: 0x80030528 (0x2000006F) jal zero, 512


mem[X,0x80030728] -> 0xA023
mem[X,0x8003072A] -> 0x7C20
[4901] [M]: 0x80030728 (0x7C20A023) sw sp, 1984(ra)
mem[0x8003A928] <- 0x00000002


mem[X,0x8003072C] -> 0xB537
mem[X,0x8003072E] -> 0x0000
[4902] [M]: 0x8003072C (0x0000B537) lui a0, 11
x10 <- 0x0000B000


mem[X,0x80030730] -> 0x0513
mem[X,0x80030732] -> 0x5035
[4903] [M]: 0x80030730 (0x50350513) addi a0, a0, 1283
x10 <- 0x0000B503


mem[X,0x80030734] -> 0x0593
mem[X,0x80030736] -> 0x0030
[4904] [M]: 0x80030734 (0x00300593) addi a1, zero, 3
x11 <- 0x00000003


mem[X,0x80030738] -> 0x0113
mem[X,0x8003073A] -> 0x0000
[4905] [M]: 0x80030738 (0x00000113) addi sp, zero, 0
x2 <- 0x00000000


mem[X,0x8003073C] -> 0x006F
mem[X,0x8003073E] -> 0x0180
[4906] [M]: 0x8003073C (0x0180006F) jal zero, 24


mem[X,0x80030754] -> 0x06E3
mem[X,0x80030756] -> 0xFEB5
[4907] [M]: 0x80030754 (0xFEB506E3) beq a0, a1, 8172


mem[X,0x80030758] -> 0x0113
mem[X,0x8003075A] -> 0x0021
[4908] [M]: 0x80030758 (0x00210113) addi sp, sp, 2
x2 <- 0x00000002


mem[X,0x8003075C] -> 0x006F
mem[X,0x8003075E] -> 0x00C0
[4909] [M]: 0x8003075C (0x00C0006F) jal zero, 12


mem[X,0x80030768] -> 0xA223
mem[X,0x8003076A] -> 0x7C20
[4910] [M]: 0x80030768 (0x7C20A223) sw sp, 1988(ra)
mem[0x8003A92C] <- 0x00000002


mem[X,0x8003076C] -> 0xB537
mem[X,0x8003076E] -> 0x0000
[4911] [M]: 0x8003076C (0x0000B537) lui a0, 11
x10 <- 0x0000B000


mem[X,0x80030770] -> 0x0513
mem[X,0x80030772] -> 0x5035
[4912] [M]: 0x80030770 (0x50350513) addi a0, a0, 1283
x10 <- 0x0000B503


mem[X,0x80030774] -> 0x55B7
mem[X,0x80030776] -> 0x5555
[4913] [M]: 0x80030774 (0x555555B7) lui a1, 349525
x11 <- 0x55555000


mem[X,0x80030778] -> 0x8593
mem[X,0x8003077A] -> 0x5555
[4914] [M]: 0x80030778 (0x55558593) addi a1, a1, 1365
x11 <- 0x55555555


mem[X,0x8003077C] -> 0x0113
mem[X,0x8003077E] -> 0x0000
[4915] [M]: 0x8003077C (0x00000113) addi sp, zero, 0
x2 <- 0x00000000


mem[X,0x80030780] -> 0x006F
mem[X,0x80030782] -> 0x0100
[4916] [M]: 0x80030780 (0x0100006F) jal zero, 16


mem[X,0x80030790] -> 0x0AE3
mem[X,0x80030792] -> 0xFEB5
[4917] [M]: 0x80030790 (0xFEB50AE3) beq a0, a1, 8180


mem[X,0x80030794] -> 0x0113
mem[X,0x80030796] -> 0x0021
[4918] [M]: 0x80030794 (0x00210113) addi sp, sp, 2
x2 <- 0x00000002


mem[X,0x80030798] -> 0x006F
mem[X,0x8003079A] -> 0x00C0
[4919] [M]: 0x80030798 (0x00C0006F) jal zero, 12


mem[X,0x800307A4] -> 0xA423
mem[X,0x800307A6] -> 0x7C20
[4920] [M]: 0x800307A4 (0x7C20A423) sw sp, 1992(ra)
mem[0x8003A930] <- 0x00000002


mem[X,0x800307A8] -> 0xB537
mem[X,0x800307AA] -> 0x0000
[4921] [M]: 0x800307A8 (0x0000B537) lui a0, 11
x10 <- 0x0000B000


mem[X,0x800307AC] -> 0x0513
mem[X,0x800307AE] -> 0x5035
[4922] [M]: 0x800307AC (0x50350513) addi a0, a0, 1283
x10 <- 0x0000B503


mem[X,0x800307B0] -> 0xB5B7
mem[X,0x800307B2] -> 0xAAAA
[4923] [M]: 0x800307B0 (0xAAAAB5B7) lui a1, 699051
x11 <- 0xAAAAB000


mem[X,0x800307B4] -> 0x8593
mem[X,0x800307B6] -> 0xAAA5
[4924] [M]: 0x800307B4 (0xAAA58593) addi a1, a1, 2730
x11 <- 0xAAAAAAAA


mem[X,0x800307B8] -> 0x0113
mem[X,0x800307BA] -> 0x0000
[4925] [M]: 0x800307B8 (0x00000113) addi sp, zero, 0
x2 <- 0x00000000


mem[X,0x800307BC] -> 0x006F
mem[X,0x800307BE] -> 0x00C0
[4926] [M]: 0x800307BC (0x00C0006F) jal zero, 12


mem[X,0x800307C8] -> 0x0CE3
mem[X,0x800307CA] -> 0xFEB5
[4927] [M]: 0x800307C8 (0xFEB50CE3) beq a0, a1, 8184


mem[X,0x800307CC] -> 0x0113
mem[X,0x800307CE] -> 0x0021
[4928] [M]: 0x800307CC (0x00210113) addi sp, sp, 2
x2 <- 0x00000002


mem[X,0x800307D0] -> 0x006F
mem[X,0x800307D2] -> 0x00C0
[4929] [M]: 0x800307D0 (0x00C0006F) jal zero, 12


mem[X,0x800307DC] -> 0xA623
mem[X,0x800307DE] -> 0x7C20
[4930] [M]: 0x800307DC (0x7C20A623) sw sp, 1996(ra)
mem[0x8003A934] <- 0x00000002


mem[X,0x800307E0] -> 0xB537
mem[X,0x800307E2] -> 0x0000
[4931] [M]: 0x800307E0 (0x0000B537) lui a0, 11
x10 <- 0x0000B000


mem[X,0x800307E4] -> 0x0513
mem[X,0x800307E6] -> 0x5035
[4932] [M]: 0x800307E4 (0x50350513) addi a0, a0, 1283
x10 <- 0x0000B503


mem[X,0x800307E8] -> 0x0593
mem[X,0x800307EA] -> 0x0050
[4933] [M]: 0x800307E8 (0x00500593) addi a1, zero, 5
x11 <- 0x00000005


mem[X,0x800307EC] -> 0x0113
mem[X,0x800307EE] -> 0x0000
[4934] [M]: 0x800307EC (0x00000113) addi sp, zero, 0
x2 <- 0x00000000


mem[X,0x800307F0] -> 0x006F
mem[X,0x800307F2] -> 0x00C0
[4935] [M]: 0x800307F0 (0x00C0006F) jal zero, 12


mem[X,0x800307FC] -> 0x0063
mem[X,0x800307FE] -> 0x04B5
[4936] [M]: 0x800307FC (0x04B50063) beq a0, a1, 64


mem[X,0x80030800] -> 0x0113
mem[X,0x80030802] -> 0x0021
[4937] [M]: 0x80030800 (0x00210113) addi sp, sp, 2
x2 <- 0x00000002


mem[X,0x80030804] -> 0x006F
mem[X,0x80030806] -> 0x0400
[4938] [M]: 0x80030804 (0x0400006F) jal zero, 64


mem[X,0x80030844] -> 0xA823
mem[X,0x80030846] -> 0x7C20
[4939] [M]: 0x80030844 (0x7C20A823) sw sp, 2000(ra)
mem[0x8003A938] <- 0x00000002


mem[X,0x80030848] -> 0xB537
mem[X,0x8003084A] -> 0x0000
[4940] [M]: 0x80030848 (0x0000B537) lui a0, 11
x10 <- 0x0000B000


mem[X,0x8003084C] -> 0x0513
mem[X,0x8003084E] -> 0x5035
[4941] [M]: 0x8003084C (0x50350513) addi a0, a0, 1283
x10 <- 0x0000B503


mem[X,0x80030850] -> 0x35B7
mem[X,0x80030852] -> 0x3333
[4942] [M]: 0x80030850 (0x333335B7) lui a1, 209715
x11 <- 0x33333000


mem[X,0x80030854] -> 0x8593
mem[X,0x80030856] -> 0x3335
[4943] [M]: 0x80030854 (0x33358593) addi a1, a1, 819
x11 <- 0x33333333


mem[X,0x80030858] -> 0x0113
mem[X,0x8003085A] -> 0x0000
[4944] [M]: 0x80030858 (0x00000113) addi sp, zero, 0
x2 <- 0x00000000


mem[X,0x8003085C] -> 0x006F
mem[X,0x8003085E] -> 0x00C0
[4945] [M]: 0x8003085C (0x00C0006F) jal zero, 12


mem[X,0x80030868] -> 0x0063
mem[X,0x8003086A] -> 0x10B5
[4946] [M]: 0x80030868 (0x10B50063) beq a0, a1, 256


mem[X,0x8003086C] -> 0x0113
mem[X,0x8003086E] -> 0x0021
[4947] [M]: 0x8003086C (0x00210113) addi sp, sp, 2
x2 <- 0x00000002


mem[X,0x80030870] -> 0x006F
mem[X,0x80030872] -> 0x1000
[4948] [M]: 0x80030870 (0x1000006F) jal zero, 256


mem[X,0x80030970] -> 0xAA23
mem[X,0x80030972] -> 0x7C20
[4949] [M]: 0x80030970 (0x7C20AA23) sw sp, 2004(ra)
mem[0x8003A93C] <- 0x00000002


mem[X,0x80030974] -> 0xB537
mem[X,0x80030976] -> 0x0000
[4950] [M]: 0x80030974 (0x0000B537) lui a0, 11
x10 <- 0x0000B000


mem[X,0x80030978] -> 0x0513
mem[X,0x8003097A] -> 0x5035
[4951] [M]: 0x80030978 (0x50350513) addi a0, a0, 1283
x10 <- 0x0000B503


mem[X,0x8003097C] -> 0x65B7
mem[X,0x8003097E] -> 0x6666
[4952] [M]: 0x8003097C (0x666665B7) lui a1, 419430
x11 <- 0x66666000


mem[X,0x80030980] -> 0x8593
mem[X,0x80030982] -> 0x6665
[4953] [M]: 0x80030980 (0x66658593) addi a1, a1, 1638
x11 <- 0x66666666


mem[X,0x80030984] -> 0x0113
mem[X,0x80030986] -> 0x0000
[4954] [M]: 0x80030984 (0x00000113) addi sp, zero, 0
x2 <- 0x00000000


mem[X,0x80030988] -> 0x006F
mem[X,0x8003098A] -> 0x00C0
[4955] [M]: 0x80030988 (0x00C0006F) jal zero, 12


mem[X,0x80030994] -> 0x0CE3
mem[X,0x80030996] -> 0xFEB5
[4956] [M]: 0x80030994 (0xFEB50CE3) beq a0, a1, 8184


mem[X,0x80030998] -> 0x0113
mem[X,0x8003099A] -> 0x0021
[4957] [M]: 0x80030998 (0x00210113) addi sp, sp, 2
x2 <- 0x00000002


mem[X,0x8003099C] -> 0x006F
mem[X,0x8003099E] -> 0x00C0
[4958] [M]: 0x8003099C (0x00C0006F) jal zero, 12


mem[X,0x800309A8] -> 0xAC23
mem[X,0x800309AA] -> 0x7C20
[4959] [M]: 0x800309A8 (0x7C20AC23) sw sp, 2008(ra)
mem[0x8003A940] <- 0x00000002


mem[X,0x800309AC] -> 0xB537
mem[X,0x800309AE] -> 0x0000
[4960] [M]: 0x800309AC (0x0000B537) lui a0, 11
x10 <- 0x0000B000


mem[X,0x800309B0] -> 0x0513
mem[X,0x800309B2] -> 0x5035
[4961] [M]: 0x800309B0 (0x50350513) addi a0, a0, 1283
x10 <- 0x0000B503


mem[X,0x800309B4] -> 0x55B7
mem[X,0x800309B6] -> 0xFFFF
[4962] [M]: 0x800309B4 (0xFFFF55B7) lui a1, 1048565
x11 <- 0xFFFF5000


mem[X,0x800309B8] -> 0x8593
mem[X,0x800309BA] -> 0xAFC5
[4963] [M]: 0x800309B8 (0xAFC58593) addi a1, a1, 2812
x11 <- 0xFFFF4AFC


mem[X,0x800309BC] -> 0x0113
mem[X,0x800309BE] -> 0x0000
[4964] [M]: 0x800309BC (0x00000113) addi sp, zero, 0
x2 <- 0x00000000


mem[X,0x800309C0] -> 0x006F
mem[X,0x800309C2] -> 0x00C0
[4965] [M]: 0x800309C0 (0x00C0006F) jal zero, 12


mem[X,0x800309CC] -> 0x0663
mem[X,0x800309CE] -> 0x00B5
[4966] [M]: 0x800309CC (0x00B50663) beq a0, a1, 12


mem[X,0x800309D0] -> 0x0113
mem[X,0x800309D2] -> 0x0021
[4967] [M]: 0x800309D0 (0x00210113) addi sp, sp, 2
x2 <- 0x00000002


mem[X,0x800309D4] -> 0x006F
mem[X,0x800309D6] -> 0x00C0
[4968] [M]: 0x800309D4 (0x00C0006F) jal zero, 12


mem[X,0x800309E0] -> 0xAE23
mem[X,0x800309E2] -> 0x7C20
[4969] [M]: 0x800309E0 (0x7C20AE23) sw sp, 2012(ra)
mem[0x8003A944] <- 0x00000002


mem[X,0x800309E4] -> 0xB537
mem[X,0x800309E6] -> 0x0000
[4970] [M]: 0x800309E4 (0x0000B537) lui a0, 11
x10 <- 0x0000B000


mem[X,0x800309E8] -> 0x0513
mem[X,0x800309EA] -> 0x5035
[4971] [M]: 0x800309E8 (0x50350513) addi a0, a0, 1283
x10 <- 0x0000B503


mem[X,0x800309EC] -> 0xB5B7
mem[X,0x800309EE] -> 0x0000
[4972] [M]: 0x800309EC (0x0000B5B7) lui a1, 11
x11 <- 0x0000B000


mem[X,0x800309F0] -> 0x8593
mem[X,0x800309F2] -> 0x5045
[4973] [M]: 0x800309F0 (0x50458593) addi a1, a1, 1284
x11 <- 0x0000B504


mem[X,0x800309F4] -> 0x0113
mem[X,0x800309F6] -> 0x0000
[4974] [M]: 0x800309F4 (0x00000113) addi sp, zero, 0
x2 <- 0x00000000


mem[X,0x800309F8] -> 0x006F
mem[X,0x800309FA] -> 0x0050
[4975] [M]: 0x800309F8 (0x0050006F) jal zero, 2052


mem[X,0x800311FC] -> 0x00E3
mem[X,0x800311FE] -> 0x80B5
[4976] [M]: 0x800311FC (0x80B500E3) beq a0, a1, 6144


mem[X,0x80031200] -> 0x0113
mem[X,0x80031202] -> 0x0021
[4977] [M]: 0x80031200 (0x00210113) addi sp, sp, 2
x2 <- 0x00000002


mem[X,0x80031204] -> 0x006F
mem[X,0x80031206] -> 0x00C0
[4978] [M]: 0x80031204 (0x00C0006F) jal zero, 12


mem[X,0x80031210] -> 0xA023
mem[X,0x80031212] -> 0x7E20
[4979] [M]: 0x80031210 (0x7E20A023) sw sp, 2016(ra)
mem[0x8003A948] <- 0x00000002


mem[X,0x80031214] -> 0xB537
mem[X,0x80031216] -> 0x0000
[4980] [M]: 0x80031214 (0x0000B537) lui a0, 11
x10 <- 0x0000B000


mem[X,0x80031218] -> 0x0513
mem[X,0x8003121A] -> 0x5035
[4981] [M]: 0x80031218 (0x50350513) addi a0, a0, 1283
x10 <- 0x0000B503


mem[X,0x8003121C] -> 0x0593
mem[X,0x8003121E] -> 0x0020
[4982] [M]: 0x8003121C (0x00200593) addi a1, zero, 2
x11 <- 0x00000002


mem[X,0x80031220] -> 0x0113
mem[X,0x80031222] -> 0x0000
[4983] [M]: 0x80031220 (0x00000113) addi sp, zero, 0
x2 <- 0x00000000


mem[X,0x80031224] -> 0x006F
mem[X,0x80031226] -> 0x00C0
[4984] [M]: 0x80031224 (0x00C0006F) jal zero, 12


mem[X,0x80031230] -> 0x0663
mem[X,0x80031232] -> 0x00B5
[4985] [M]: 0x80031230 (0x00B50663) beq a0, a1, 12


mem[X,0x80031234] -> 0x0113
mem[X,0x80031236] -> 0x0021
[4986] [M]: 0x80031234 (0x00210113) addi sp, sp, 2
x2 <- 0x00000002


mem[X,0x80031238] -> 0x006F
mem[X,0x8003123A] -> 0x00C0
[4987] [M]: 0x80031238 (0x00C0006F) jal zero, 12


mem[X,0x80031244] -> 0xA223
mem[X,0x80031246] -> 0x7E20
[4988] [M]: 0x80031244 (0x7E20A223) sw sp, 2020(ra)
mem[0x8003A94C] <- 0x00000002


mem[X,0x80031248] -> 0xB537
mem[X,0x8003124A] -> 0x0000
[4989] [M]: 0x80031248 (0x0000B537) lui a0, 11
x10 <- 0x0000B000


mem[X,0x8003124C] -> 0x0513
mem[X,0x8003124E] -> 0x5035
[4990] [M]: 0x8003124C (0x50350513) addi a0, a0, 1283
x10 <- 0x0000B503


mem[X,0x80031250] -> 0x55B7
mem[X,0x80031252] -> 0x5555
[4991] [M]: 0x80031250 (0x555555B7) lui a1, 349525
x11 <- 0x55555000


mem[X,0x80031254] -> 0x8593
mem[X,0x80031256] -> 0x5545
[4992] [M]: 0x80031254 (0x55458593) addi a1, a1, 1364
x11 <- 0x55555554


mem[X,0x80031258] -> 0x0113
mem[X,0x8003125A] -> 0x0000
[4993] [M]: 0x80031258 (0x00000113) addi sp, zero, 0
x2 <- 0x00000000


mem[X,0x8003125C] -> 0x006F
mem[X,0x8003125E] -> 0x00C0
[4994] [M]: 0x8003125C (0x00C0006F) jal zero, 12


mem[X,0x80031268] -> 0x0663
mem[X,0x8003126A] -> 0x00B5
[4995] [M]: 0x80031268 (0x00B50663) beq a0, a1, 12


mem[X,0x8003126C] -> 0x0113
mem[X,0x8003126E] -> 0x0021
[4996] [M]: 0x8003126C (0x00210113) addi sp, sp, 2
x2 <- 0x00000002


mem[X,0x80031270] -> 0x006F
mem[X,0x80031272] -> 0x00C0
[4997] [M]: 0x80031270 (0x00C0006F) jal zero, 12


mem[X,0x8003127C] -> 0xA423
mem[X,0x8003127E] -> 0x7E20
[4998] [M]: 0x8003127C (0x7E20A423) sw sp, 2024(ra)
mem[0x8003A950] <- 0x00000002


mem[X,0x80031280] -> 0xB537
mem[X,0x80031282] -> 0x0000
[4999] [M]: 0x80031280 (0x0000B537) lui a0, 11
x10 <- 0x0000B000


clint::tick mtime <- 0x0000000000000032
 clint timer pending at mtime 0x0000000000000032
htif::tick 0x0000000000000000
mem[X,0x80031284] -> 0x0513
mem[X,0x80031286] -> 0x5035
[5000] [M]: 0x80031284 (0x50350513) addi a0, a0, 1283
x10 <- 0x0000B503


mem[X,0x80031288] -> 0x0593
mem[X,0x8003128A] -> 0x0000
[5001] [M]: 0x80031288 (0x00000593) addi a1, zero, 0
x11 <- 0x00000000


mem[X,0x8003128C] -> 0x0113
mem[X,0x8003128E] -> 0x0000
[5002] [M]: 0x8003128C (0x00000113) addi sp, zero, 0
x2 <- 0x00000000


mem[X,0x80031290] -> 0x006F
mem[X,0x80031292] -> 0x0180
[5003] [M]: 0x80031290 (0x0180006F) jal zero, 24


mem[X,0x800312A8] -> 0x06E3
mem[X,0x800312AA] -> 0xFEB5
[5004] [M]: 0x800312A8 (0xFEB506E3) beq a0, a1, 8172


mem[X,0x800312AC] -> 0x0113
mem[X,0x800312AE] -> 0x0021
[5005] [M]: 0x800312AC (0x00210113) addi sp, sp, 2
x2 <- 0x00000002


mem[X,0x800312B0] -> 0x006F
mem[X,0x800312B2] -> 0x00C0
[5006] [M]: 0x800312B0 (0x00C0006F) jal zero, 12


mem[X,0x800312BC] -> 0xA623
mem[X,0x800312BE] -> 0x7E20
[5007] [M]: 0x800312BC (0x7E20A623) sw sp, 2028(ra)
mem[0x8003A954] <- 0x00000002


mem[X,0x800312C0] -> 0xB537
mem[X,0x800312C2] -> 0x0000
[5008] [M]: 0x800312C0 (0x0000B537) lui a0, 11
x10 <- 0x0000B000


mem[X,0x800312C4] -> 0x0513
mem[X,0x800312C6] -> 0x5035
[5009] [M]: 0x800312C4 (0x50350513) addi a0, a0, 1283
x10 <- 0x0000B503


mem[X,0x800312C8] -> 0x0593
mem[X,0x800312CA] -> 0x0040
[5010] [M]: 0x800312C8 (0x00400593) addi a1, zero, 4
x11 <- 0x00000004


mem[X,0x800312CC] -> 0x0113
mem[X,0x800312CE] -> 0x0000
[5011] [M]: 0x800312CC (0x00000113) addi sp, zero, 0
x2 <- 0x00000000


mem[X,0x800312D0] -> 0x006F
mem[X,0x800312D2] -> 0x00C0
[5012] [M]: 0x800312D0 (0x00C0006F) jal zero, 12


mem[X,0x800312DC] -> 0x0063
mem[X,0x800312DE] -> 0x10B5
[5013] [M]: 0x800312DC (0x10B50063) beq a0, a1, 256


mem[X,0x800312E0] -> 0x0113
mem[X,0x800312E2] -> 0x0021
[5014] [M]: 0x800312E0 (0x00210113) addi sp, sp, 2
x2 <- 0x00000002


mem[X,0x800312E4] -> 0x006F
mem[X,0x800312E6] -> 0x1000
[5015] [M]: 0x800312E4 (0x1000006F) jal zero, 256


mem[X,0x800313E4] -> 0xA823
mem[X,0x800313E6] -> 0x7E20
[5016] [M]: 0x800313E4 (0x7E20A823) sw sp, 2032(ra)
mem[0x8003A958] <- 0x00000002


mem[X,0x800313E8] -> 0xB537
mem[X,0x800313EA] -> 0x0000
[5017] [M]: 0x800313E8 (0x0000B537) lui a0, 11
x10 <- 0x0000B000


mem[X,0x800313EC] -> 0x0513
mem[X,0x800313EE] -> 0x5035
[5018] [M]: 0x800313EC (0x50350513) addi a0, a0, 1283
x10 <- 0x0000B503


mem[X,0x800313F0] -> 0x35B7
mem[X,0x800313F2] -> 0x3333
[5019] [M]: 0x800313F0 (0x333335B7) lui a1, 209715
x11 <- 0x33333000


mem[X,0x800313F4] -> 0x8593
mem[X,0x800313F6] -> 0x3325
[5020] [M]: 0x800313F4 (0x33258593) addi a1, a1, 818
x11 <- 0x33333332


mem[X,0x800313F8] -> 0x0113
mem[X,0x800313FA] -> 0x0000
[5021] [M]: 0x800313F8 (0x00000113) addi sp, zero, 0
x2 <- 0x00000000


mem[X,0x800313FC] -> 0x006F
mem[X,0x800313FE] -> 0x00C0
[5022] [M]: 0x800313FC (0x00C0006F) jal zero, 12


mem[X,0x80031408] -> 0x0CE3
mem[X,0x8003140A] -> 0xFEB5
[5023] [M]: 0x80031408 (0xFEB50CE3) beq a0, a1, 8184


mem[X,0x8003140C] -> 0x0113
mem[X,0x8003140E] -> 0x0021
[5024] [M]: 0x8003140C (0x00210113) addi sp, sp, 2
x2 <- 0x00000002


mem[X,0x80031410] -> 0x006F
mem[X,0x80031412] -> 0x00C0
[5025] [M]: 0x80031410 (0x00C0006F) jal zero, 12


mem[X,0x8003141C] -> 0xAA23
mem[X,0x8003141E] -> 0x7E20
[5026] [M]: 0x8003141C (0x7E20AA23) sw sp, 2036(ra)
mem[0x8003A95C] <- 0x00000002


mem[X,0x80031420] -> 0xB537
mem[X,0x80031422] -> 0x0000
[5027] [M]: 0x80031420 (0x0000B537) lui a0, 11
x10 <- 0x0000B000


mem[X,0x80031424] -> 0x0513
mem[X,0x80031426] -> 0x5035
[5028] [M]: 0x80031424 (0x50350513) addi a0, a0, 1283
x10 <- 0x0000B503


mem[X,0x80031428] -> 0x65B7
mem[X,0x8003142A] -> 0x6666
[5029] [M]: 0x80031428 (0x666665B7) lui a1, 419430
x11 <- 0x66666000


mem[X,0x8003142C] -> 0x8593
mem[X,0x8003142E] -> 0x6655
[5030] [M]: 0x8003142C (0x66558593) addi a1, a1, 1637
x11 <- 0x66666665


mem[X,0x80031430] -> 0x0113
mem[X,0x80031432] -> 0x0000
[5031] [M]: 0x80031430 (0x00000113) addi sp, zero, 0
x2 <- 0x00000000


mem[X,0x80031434] -> 0x006F
mem[X,0x80031436] -> 0x00C0
[5032] [M]: 0x80031434 (0x00C0006F) jal zero, 12


mem[X,0x80031440] -> 0x0663
mem[X,0x80031442] -> 0x00B5
[5033] [M]: 0x80031440 (0x00B50663) beq a0, a1, 12


mem[X,0x80031444] -> 0x0113
mem[X,0x80031446] -> 0x0021
[5034] [M]: 0x80031444 (0x00210113) addi sp, sp, 2
x2 <- 0x00000002


mem[X,0x80031448] -> 0x006F
mem[X,0x8003144A] -> 0x00C0
[5035] [M]: 0x80031448 (0x00C0006F) jal zero, 12


mem[X,0x80031454] -> 0xAC23
mem[X,0x80031456] -> 0x7E20
[5036] [M]: 0x80031454 (0x7E20AC23) sw sp, 2040(ra)
mem[0x8003A960] <- 0x00000002


mem[X,0x80031458] -> 0xB537
mem[X,0x8003145A] -> 0x0000
[5037] [M]: 0x80031458 (0x0000B537) lui a0, 11
x10 <- 0x0000B000


mem[X,0x8003145C] -> 0x0513
mem[X,0x8003145E] -> 0x5035
[5038] [M]: 0x8003145C (0x50350513) addi a0, a0, 1283
x10 <- 0x0000B503


mem[X,0x80031460] -> 0xB5B7
mem[X,0x80031462] -> 0x0000
[5039] [M]: 0x80031460 (0x0000B5B7) lui a1, 11
x11 <- 0x0000B000


mem[X,0x80031464] -> 0x8593
mem[X,0x80031466] -> 0x5035
[5040] [M]: 0x80031464 (0x50358593) addi a1, a1, 1283
x11 <- 0x0000B503


mem[X,0x80031468] -> 0x0113
mem[X,0x8003146A] -> 0x0000
[5041] [M]: 0x80031468 (0x00000113) addi sp, zero, 0
x2 <- 0x00000000


mem[X,0x8003146C] -> 0x006F
mem[X,0x8003146E] -> 0x00C0
[5042] [M]: 0x8003146C (0x00C0006F) jal zero, 12


mem[X,0x80031478] -> 0x0CE3
mem[X,0x8003147A] -> 0xFEB5
[5043] [M]: 0x80031478 (0xFEB50CE3) beq a0, a1, 8184


mem[X,0x80031470] -> 0x0113
mem[X,0x80031472] -> 0x0011
[5044] [M]: 0x80031470 (0x00110113) addi sp, sp, 1
x2 <- 0x00000001


mem[X,0x80031474] -> 0x006F
mem[X,0x80031476] -> 0x0180
[5045] [M]: 0x80031474 (0x0180006F) jal zero, 24


mem[X,0x8003148C] -> 0xAE23
mem[X,0x8003148E] -> 0x7E20
[5046] [M]: 0x8003148C (0x7E20AE23) sw sp, 2044(ra)
mem[0x8003A964] <- 0x00000001


mem[X,0x80031490] -> 0x0013
mem[X,0x80031492] -> 0x0000
[5047] [M]: 0x80031490 (0x00000013) addi zero, zero, 0


mem[X,0x80031494] -> 0x0013
mem[X,0x80031496] -> 0x0000
[5048] [M]: 0x80031494 (0x00000013) addi zero, zero, 0


mem[X,0x80031498] -> 0x0013
mem[X,0x8003149A] -> 0x0000
[5049] [M]: 0x80031498 (0x00000013) addi zero, zero, 0


mem[X,0x8003149C] -> 0x0013
mem[X,0x8003149E] -> 0x0000
[5050] [M]: 0x8003149C (0x00000013) addi zero, zero, 0


mem[X,0x800314A0] -> 0x9097
mem[X,0x800314A2] -> 0x0000
[5051] [M]: 0x800314A0 (0x00009097) auipc ra, 9
x1 <- 0x8003A4A0


mem[X,0x800314A4] -> 0x8093
mem[X,0x800314A6] -> 0x4C80
[5052] [M]: 0x800314A4 (0x4C808093) addi ra, ra, 1224
x1 <- 0x8003A968


mem[X,0x800314A8] -> 0x0013
mem[X,0x800314AA] -> 0x0000
[5053] [M]: 0x800314A8 (0x00000013) addi zero, zero, 0


mem[X,0x800314AC] -> 0x0013
mem[X,0x800314AE] -> 0x0000
[5054] [M]: 0x800314AC (0x00000013) addi zero, zero, 0


mem[X,0x800314B0] -> 0x0013
mem[X,0x800314B2] -> 0x0000
[5055] [M]: 0x800314B0 (0x00000013) addi zero, zero, 0


mem[X,0x800314B4] -> 0x0013
mem[X,0x800314B6] -> 0x0000
[5056] [M]: 0x800314B4 (0x00000013) addi zero, zero, 0


mem[X,0x800314B8] -> 0x0013
mem[X,0x800314BA] -> 0x0000
[5057] [M]: 0x800314B8 (0x00000013) addi zero, zero, 0


mem[X,0x800314BC] -> 0x0013
mem[X,0x800314BE] -> 0x0000
[5058] [M]: 0x800314BC (0x00000013) addi zero, zero, 0


mem[X,0x800314C0] -> 0xB537
mem[X,0x800314C2] -> 0x0000
[5059] [M]: 0x800314C0 (0x0000B537) lui a0, 11
x10 <- 0x0000B000


mem[X,0x800314C4] -> 0x0513
mem[X,0x800314C6] -> 0x5035
[5060] [M]: 0x800314C4 (0x50350513) addi a0, a0, 1283
x10 <- 0x0000B503


mem[X,0x800314C8] -> 0x55B7
mem[X,0x800314CA] -> 0x5555
[5061] [M]: 0x800314C8 (0x555555B7) lui a1, 349525
x11 <- 0x55555000


mem[X,0x800314CC] -> 0x8593
mem[X,0x800314CE] -> 0x5565
[5062] [M]: 0x800314CC (0x55658593) addi a1, a1, 1366
x11 <- 0x55555556


mem[X,0x800314D0] -> 0x0113
mem[X,0x800314D2] -> 0x0000
[5063] [M]: 0x800314D0 (0x00000113) addi sp, zero, 0
x2 <- 0x00000000


mem[X,0x800314D4] -> 0x006F
mem[X,0x800314D6] -> 0x00C0
[5064] [M]: 0x800314D4 (0x00C0006F) jal zero, 12


mem[X,0x800314E0] -> 0x0CE3
mem[X,0x800314E2] -> 0xFEB5
[5065] [M]: 0x800314E0 (0xFEB50CE3) beq a0, a1, 8184


mem[X,0x800314E4] -> 0x0113
mem[X,0x800314E6] -> 0x0021
[5066] [M]: 0x800314E4 (0x00210113) addi sp, sp, 2
x2 <- 0x00000002


mem[X,0x800314E8] -> 0x006F
mem[X,0x800314EA] -> 0x00C0
[5067] [M]: 0x800314E8 (0x00C0006F) jal zero, 12


mem[X,0x800314F4] -> 0xA023
mem[X,0x800314F6] -> 0x0020
[5068] [M]: 0x800314F4 (0x0020A023) sw sp, 0(ra)
mem[0x8003A968] <- 0x00000002


mem[X,0x800314F8] -> 0xB537
mem[X,0x800314FA] -> 0x0000
[5069] [M]: 0x800314F8 (0x0000B537) lui a0, 11
x10 <- 0x0000B000


mem[X,0x800314FC] -> 0x0513
mem[X,0x800314FE] -> 0x5035
[5070] [M]: 0x800314FC (0x50350513) addi a0, a0, 1283
x10 <- 0x0000B503


mem[X,0x80031500] -> 0xB5B7
mem[X,0x80031502] -> 0xAAAA
[5071] [M]: 0x80031500 (0xAAAAB5B7) lui a1, 699051
x11 <- 0xAAAAB000


mem[X,0x80031504] -> 0x8593
mem[X,0x80031506] -> 0xAAB5
[5072] [M]: 0x80031504 (0xAAB58593) addi a1, a1, 2731
x11 <- 0xAAAAAAAB


mem[X,0x80031508] -> 0x0113
mem[X,0x8003150A] -> 0x0000
[5073] [M]: 0x80031508 (0x00000113) addi sp, zero, 0
x2 <- 0x00000000


mem[X,0x8003150C] -> 0x006F
mem[X,0x8003150E] -> 0x00C0
[5074] [M]: 0x8003150C (0x00C0006F) jal zero, 12


mem[X,0x80031518] -> 0x0663
mem[X,0x8003151A] -> 0x00B5
[5075] [M]: 0x80031518 (0x00B50663) beq a0, a1, 12


mem[X,0x8003151C] -> 0x0113
mem[X,0x8003151E] -> 0x0021
[5076] [M]: 0x8003151C (0x00210113) addi sp, sp, 2
x2 <- 0x00000002


mem[X,0x80031520] -> 0x006F
mem[X,0x80031522] -> 0x00C0
[5077] [M]: 0x80031520 (0x00C0006F) jal zero, 12


mem[X,0x8003152C] -> 0xA223
mem[X,0x8003152E] -> 0x0020
[5078] [M]: 0x8003152C (0x0020A223) sw sp, 4(ra)
mem[0x8003A96C] <- 0x00000002


mem[X,0x80031530] -> 0xB537
mem[X,0x80031532] -> 0x0000
[5079] [M]: 0x80031530 (0x0000B537) lui a0, 11
x10 <- 0x0000B000


mem[X,0x80031534] -> 0x0513
mem[X,0x80031536] -> 0x5035
[5080] [M]: 0x80031534 (0x50350513) addi a0, a0, 1283
x10 <- 0x0000B503


mem[X,0x80031538] -> 0x0593
mem[X,0x8003153A] -> 0x0060
[5081] [M]: 0x80031538 (0x00600593) addi a1, zero, 6
x11 <- 0x00000006


mem[X,0x8003153C] -> 0x0113
mem[X,0x8003153E] -> 0x0000
[5082] [M]: 0x8003153C (0x00000113) addi sp, zero, 0
x2 <- 0x00000000


mem[X,0x80031540] -> 0x006F
mem[X,0x80031542] -> 0x0140
[5083] [M]: 0x80031540 (0x0140006F) jal zero, 20


mem[X,0x80031554] -> 0x08E3
mem[X,0x80031556] -> 0xFEB5
[5084] [M]: 0x80031554 (0xFEB508E3) beq a0, a1, 8176


mem[X,0x80031558] -> 0x0113
mem[X,0x8003155A] -> 0x0021
[5085] [M]: 0x80031558 (0x00210113) addi sp, sp, 2
x2 <- 0x00000002


mem[X,0x8003155C] -> 0x006F
mem[X,0x8003155E] -> 0x00C0
[5086] [M]: 0x8003155C (0x00C0006F) jal zero, 12


mem[X,0x80031568] -> 0xA423
mem[X,0x8003156A] -> 0x0020
[5087] [M]: 0x80031568 (0x0020A423) sw sp, 8(ra)
mem[0x8003A970] <- 0x00000002


mem[X,0x8003156C] -> 0xB537
mem[X,0x8003156E] -> 0x0000
[5088] [M]: 0x8003156C (0x0000B537) lui a0, 11
x10 <- 0x0000B000


mem[X,0x80031570] -> 0x0513
mem[X,0x80031572] -> 0x5035
[5089] [M]: 0x80031570 (0x50350513) addi a0, a0, 1283
x10 <- 0x0000B503


mem[X,0x80031574] -> 0x35B7
mem[X,0x80031576] -> 0x3333
[5090] [M]: 0x80031574 (0x333335B7) lui a1, 209715
x11 <- 0x33333000


mem[X,0x80031578] -> 0x8593
mem[X,0x8003157A] -> 0x3345
[5091] [M]: 0x80031578 (0x33458593) addi a1, a1, 820
x11 <- 0x33333334


mem[X,0x8003157C] -> 0x0113
mem[X,0x8003157E] -> 0x0000
[5092] [M]: 0x8003157C (0x00000113) addi sp, zero, 0
x2 <- 0x00000000


mem[X,0x80031580] -> 0x006F
mem[X,0x80031582] -> 0x00C0
[5093] [M]: 0x80031580 (0x00C0006F) jal zero, 12


mem[X,0x8003158C] -> 0x0063
mem[X,0x8003158E] -> 0x04B5
[5094] [M]: 0x8003158C (0x04B50063) beq a0, a1, 64


mem[X,0x80031590] -> 0x0113
mem[X,0x80031592] -> 0x0021
[5095] [M]: 0x80031590 (0x00210113) addi sp, sp, 2
x2 <- 0x00000002


mem[X,0x80031594] -> 0x006F
mem[X,0x80031596] -> 0x0400
[5096] [M]: 0x80031594 (0x0400006F) jal zero, 64


mem[X,0x800315D4] -> 0xA623
mem[X,0x800315D6] -> 0x0020
[5097] [M]: 0x800315D4 (0x0020A623) sw sp, 12(ra)
mem[0x8003A974] <- 0x00000002


mem[X,0x800315D8] -> 0xB537
mem[X,0x800315DA] -> 0x0000
[5098] [M]: 0x800315D8 (0x0000B537) lui a0, 11
x10 <- 0x0000B000


mem[X,0x800315DC] -> 0x0513
mem[X,0x800315DE] -> 0x5035
[5099] [M]: 0x800315DC (0x50350513) addi a0, a0, 1283
x10 <- 0x0000B503


clint::tick mtime <- 0x0000000000000033
 clint timer pending at mtime 0x0000000000000033
htif::tick 0x0000000000000000
mem[X,0x800315E0] -> 0x65B7
mem[X,0x800315E2] -> 0x6666
[5100] [M]: 0x800315E0 (0x666665B7) lui a1, 419430
x11 <- 0x66666000


mem[X,0x800315E4] -> 0x8593
mem[X,0x800315E6] -> 0x6675
[5101] [M]: 0x800315E4 (0x66758593) addi a1, a1, 1639
x11 <- 0x66666667


mem[X,0x800315E8] -> 0x0113
mem[X,0x800315EA] -> 0x0000
[5102] [M]: 0x800315E8 (0x00000113) addi sp, zero, 0
x2 <- 0x00000000


mem[X,0x800315EC] -> 0x006F
mem[X,0x800315EE] -> 0x00C0
[5103] [M]: 0x800315EC (0x00C0006F) jal zero, 12


mem[X,0x800315F8] -> 0x0663
mem[X,0x800315FA] -> 0x00B5
[5104] [M]: 0x800315F8 (0x00B50663) beq a0, a1, 12


mem[X,0x800315FC] -> 0x0113
mem[X,0x800315FE] -> 0x0021
[5105] [M]: 0x800315FC (0x00210113) addi sp, sp, 2
x2 <- 0x00000002


mem[X,0x80031600] -> 0x006F
mem[X,0x80031602] -> 0x00C0
[5106] [M]: 0x80031600 (0x00C0006F) jal zero, 12


mem[X,0x8003160C] -> 0xA823
mem[X,0x8003160E] -> 0x0020
[5107] [M]: 0x8003160C (0x0020A823) sw sp, 16(ra)
mem[0x8003A978] <- 0x00000002


mem[X,0x80031610] -> 0xB537
mem[X,0x80031612] -> 0x0000
[5108] [M]: 0x80031610 (0x0000B537) lui a0, 11
x10 <- 0x0000B000


mem[X,0x80031614] -> 0x0513
mem[X,0x80031616] -> 0x5035
[5109] [M]: 0x80031614 (0x50350513) addi a0, a0, 1283
x10 <- 0x0000B503


mem[X,0x80031618] -> 0x55B7
mem[X,0x8003161A] -> 0xFFFF
[5110] [M]: 0x80031618 (0xFFFF55B7) lui a1, 1048565
x11 <- 0xFFFF5000


mem[X,0x8003161C] -> 0x8593
mem[X,0x8003161E] -> 0xAFD5
[5111] [M]: 0x8003161C (0xAFD58593) addi a1, a1, 2813
x11 <- 0xFFFF4AFD


mem[X,0x80031620] -> 0x0113
mem[X,0x80031622] -> 0x0000
[5112] [M]: 0x80031620 (0x00000113) addi sp, zero, 0
x2 <- 0x00000000


mem[X,0x80031624] -> 0x006F
mem[X,0x80031626] -> 0x00C0
[5113] [M]: 0x80031624 (0x00C0006F) jal zero, 12


mem[X,0x80031630] -> 0x0063
mem[X,0x80031632] -> 0x10B5
[5114] [M]: 0x80031630 (0x10B50063) beq a0, a1, 256


mem[X,0x80031634] -> 0x0113
mem[X,0x80031636] -> 0x0021
[5115] [M]: 0x80031634 (0x00210113) addi sp, sp, 2
x2 <- 0x00000002


mem[X,0x80031638] -> 0x006F
mem[X,0x8003163A] -> 0x1000
[5116] [M]: 0x80031638 (0x1000006F) jal zero, 256


mem[X,0x80031738] -> 0xAA23
mem[X,0x8003173A] -> 0x0020
[5117] [M]: 0x80031738 (0x0020AA23) sw sp, 20(ra)
mem[0x8003A97C] <- 0x00000002


mem[X,0x8003173C] -> 0xB537
mem[X,0x8003173E] -> 0x0000
[5118] [M]: 0x8003173C (0x0000B537) lui a0, 11
x10 <- 0x0000B000


mem[X,0x80031740] -> 0x0513
mem[X,0x80031742] -> 0x5035
[5119] [M]: 0x80031740 (0x50350513) addi a0, a0, 1283
x10 <- 0x0000B503


mem[X,0x80031744] -> 0xB5B7
mem[X,0x80031746] -> 0x0000
[5120] [M]: 0x80031744 (0x0000B5B7) lui a1, 11
x11 <- 0x0000B000


mem[X,0x80031748] -> 0x8593
mem[X,0x8003174A] -> 0x5055
[5121] [M]: 0x80031748 (0x50558593) addi a1, a1, 1285
x11 <- 0x0000B505


mem[X,0x8003174C] -> 0x0113
mem[X,0x8003174E] -> 0x0000
[5122] [M]: 0x8003174C (0x00000113) addi sp, zero, 0
x2 <- 0x00000000


mem[X,0x80031750] -> 0x006F
mem[X,0x80031752] -> 0x00C0
[5123] [M]: 0x80031750 (0x00C0006F) jal zero, 12


mem[X,0x8003175C] -> 0x0CE3
mem[X,0x8003175E] -> 0xFEB5
[5124] [M]: 0x8003175C (0xFEB50CE3) beq a0, a1, 8184


mem[X,0x80031760] -> 0x0113
mem[X,0x80031762] -> 0x0021
[5125] [M]: 0x80031760 (0x00210113) addi sp, sp, 2
x2 <- 0x00000002


mem[X,0x80031764] -> 0x006F
mem[X,0x80031766] -> 0x00C0
[5126] [M]: 0x80031764 (0x00C0006F) jal zero, 12


mem[X,0x80031770] -> 0xAC23
mem[X,0x80031772] -> 0x0020
[5127] [M]: 0x80031770 (0x0020AC23) sw sp, 24(ra)
mem[0x8003A980] <- 0x00000002


mem[X,0x80031774] -> 0x5537
mem[X,0x80031776] -> 0x5555
[5128] [M]: 0x80031774 (0x55555537) lui a0, 349525
x10 <- 0x55555000


mem[X,0x80031778] -> 0x0513
mem[X,0x8003177A] -> 0x5565
[5129] [M]: 0x80031778 (0x55650513) addi a0, a0, 1366
x10 <- 0x55555556


mem[X,0x8003177C] -> 0x0593
mem[X,0x8003177E] -> 0x0030
[5130] [M]: 0x8003177C (0x00300593) addi a1, zero, 3
x11 <- 0x00000003


mem[X,0x80031780] -> 0x0113
mem[X,0x80031782] -> 0x0000
[5131] [M]: 0x80031780 (0x00000113) addi sp, zero, 0
x2 <- 0x00000000


mem[X,0x80031784] -> 0x006F
mem[X,0x80031786] -> 0x00C0
[5132] [M]: 0x80031784 (0x00C0006F) jal zero, 12


mem[X,0x80031790] -> 0x0CE3
mem[X,0x80031792] -> 0xFEB5
[5133] [M]: 0x80031790 (0xFEB50CE3) beq a0, a1, 8184


mem[X,0x80031794] -> 0x0113
mem[X,0x80031796] -> 0x0021
[5134] [M]: 0x80031794 (0x00210113) addi sp, sp, 2
x2 <- 0x00000002


mem[X,0x80031798] -> 0x006F
mem[X,0x8003179A] -> 0x00C0
[5135] [M]: 0x80031798 (0x00C0006F) jal zero, 12


mem[X,0x800317A4] -> 0xAE23
mem[X,0x800317A6] -> 0x0020
[5136] [M]: 0x800317A4 (0x0020AE23) sw sp, 28(ra)
mem[0x8003A984] <- 0x00000002


mem[X,0x800317A8] -> 0x5537
mem[X,0x800317AA] -> 0x5555
[5137] [M]: 0x800317A8 (0x55555537) lui a0, 349525
x10 <- 0x55555000


mem[X,0x800317AC] -> 0x0513
mem[X,0x800317AE] -> 0x5565
[5138] [M]: 0x800317AC (0x55650513) addi a0, a0, 1366
x10 <- 0x55555556


mem[X,0x800317B0] -> 0x55B7
mem[X,0x800317B2] -> 0x5555
[5139] [M]: 0x800317B0 (0x555555B7) lui a1, 349525
x11 <- 0x55555000


mem[X,0x800317B4] -> 0x8593
mem[X,0x800317B6] -> 0x5555
[5140] [M]: 0x800317B4 (0x55558593) addi a1, a1, 1365
x11 <- 0x55555555


mem[X,0x800317B8] -> 0x0113
mem[X,0x800317BA] -> 0x0000
[5141] [M]: 0x800317B8 (0x00000113) addi sp, zero, 0
x2 <- 0x00000000


mem[X,0x800317BC] -> 0x006F
mem[X,0x800317BE] -> 0x00C0
[5142] [M]: 0x800317BC (0x00C0006F) jal zero, 12


mem[X,0x800317C8] -> 0x0663
mem[X,0x800317CA] -> 0x00B5
[5143] [M]: 0x800317C8 (0x00B50663) beq a0, a1, 12


mem[X,0x800317CC] -> 0x0113
mem[X,0x800317CE] -> 0x0021
[5144] [M]: 0x800317CC (0x00210113) addi sp, sp, 2
x2 <- 0x00000002


mem[X,0x800317D0] -> 0x006F
mem[X,0x800317D2] -> 0x00C0
[5145] [M]: 0x800317D0 (0x00C0006F) jal zero, 12


mem[X,0x800317DC] -> 0xA023
mem[X,0x800317DE] -> 0x0220
[5146] [M]: 0x800317DC (0x0220A023) sw sp, 32(ra)
mem[0x8003A988] <- 0x00000002


mem[X,0x800317E0] -> 0x5537
mem[X,0x800317E2] -> 0x5555
[5147] [M]: 0x800317E0 (0x55555537) lui a0, 349525
x10 <- 0x55555000


mem[X,0x800317E4] -> 0x0513
mem[X,0x800317E6] -> 0x5565
[5148] [M]: 0x800317E4 (0x55650513) addi a0, a0, 1366
x10 <- 0x55555556


mem[X,0x800317E8] -> 0xB5B7
mem[X,0x800317EA] -> 0xAAAA
[5149] [M]: 0x800317E8 (0xAAAAB5B7) lui a1, 699051
x11 <- 0xAAAAB000


mem[X,0x800317EC] -> 0x8593
mem[X,0x800317EE] -> 0xAAA5
[5150] [M]: 0x800317EC (0xAAA58593) addi a1, a1, 2730
x11 <- 0xAAAAAAAA


mem[X,0x800317F0] -> 0x0113
mem[X,0x800317F2] -> 0x0000
[5151] [M]: 0x800317F0 (0x00000113) addi sp, zero, 0
x2 <- 0x00000000


mem[X,0x800317F4] -> 0x006F
mem[X,0x800317F6] -> 0x00C0
[5152] [M]: 0x800317F4 (0x00C0006F) jal zero, 12


mem[X,0x80031800] -> 0x0CE3
mem[X,0x80031802] -> 0xFEB5
[5153] [M]: 0x80031800 (0xFEB50CE3) beq a0, a1, 8184


mem[X,0x80031804] -> 0x0113
mem[X,0x80031806] -> 0x0021
[5154] [M]: 0x80031804 (0x00210113) addi sp, sp, 2
x2 <- 0x00000002


mem[X,0x80031808] -> 0x006F
mem[X,0x8003180A] -> 0x00C0
[5155] [M]: 0x80031808 (0x00C0006F) jal zero, 12


mem[X,0x80031814] -> 0xA223
mem[X,0x80031816] -> 0x0220
[5156] [M]: 0x80031814 (0x0220A223) sw sp, 36(ra)
mem[0x8003A98C] <- 0x00000002


mem[X,0x80031818] -> 0x5537
mem[X,0x8003181A] -> 0x5555
[5157] [M]: 0x80031818 (0x55555537) lui a0, 349525
x10 <- 0x55555000


mem[X,0x8003181C] -> 0x0513
mem[X,0x8003181E] -> 0x5565
[5158] [M]: 0x8003181C (0x55650513) addi a0, a0, 1366
x10 <- 0x55555556


mem[X,0x80031820] -> 0x0593
mem[X,0x80031822] -> 0x0050
[5159] [M]: 0x80031820 (0x00500593) addi a1, zero, 5
x11 <- 0x00000005


mem[X,0x80031824] -> 0x0113
mem[X,0x80031826] -> 0x0000
[5160] [M]: 0x80031824 (0x00000113) addi sp, zero, 0
x2 <- 0x00000000


mem[X,0x80031828] -> 0x006F
mem[X,0x8003182A] -> 0x0100
[5161] [M]: 0x80031828 (0x0100006F) jal zero, 16


mem[X,0x80031838] -> 0x0AE3
mem[X,0x8003183A] -> 0xFEB5
[5162] [M]: 0x80031838 (0xFEB50AE3) beq a0, a1, 8180


mem[X,0x8003183C] -> 0x0113
mem[X,0x8003183E] -> 0x0021
[5163] [M]: 0x8003183C (0x00210113) addi sp, sp, 2
x2 <- 0x00000002


mem[X,0x80031840] -> 0x006F
mem[X,0x80031842] -> 0x00C0
[5164] [M]: 0x80031840 (0x00C0006F) jal zero, 12


mem[X,0x8003184C] -> 0xA423
mem[X,0x8003184E] -> 0x0220
[5165] [M]: 0x8003184C (0x0220A423) sw sp, 40(ra)
mem[0x8003A990] <- 0x00000002


mem[X,0x80031850] -> 0x5537
mem[X,0x80031852] -> 0x5555
[5166] [M]: 0x80031850 (0x55555537) lui a0, 349525
x10 <- 0x55555000


mem[X,0x80031854] -> 0x0513
mem[X,0x80031856] -> 0x5565
[5167] [M]: 0x80031854 (0x55650513) addi a0, a0, 1366
x10 <- 0x55555556


mem[X,0x80031858] -> 0x35B7
mem[X,0x8003185A] -> 0x3333
[5168] [M]: 0x80031858 (0x333335B7) lui a1, 209715
x11 <- 0x33333000


mem[X,0x8003185C] -> 0x8593
mem[X,0x8003185E] -> 0x3335
[5169] [M]: 0x8003185C (0x33358593) addi a1, a1, 819
x11 <- 0x33333333


mem[X,0x80031860] -> 0x0113
mem[X,0x80031862] -> 0x0000
[5170] [M]: 0x80031860 (0x00000113) addi sp, zero, 0
x2 <- 0x00000000


mem[X,0x80031864] -> 0x006F
mem[X,0x80031866] -> 0x2B10
[5171] [M]: 0x80031864 (0x2B10006F) jal zero, 2736


mem[X,0x80032314] -> 0x0A63
mem[X,0x80032316] -> 0xD4B5
[5172] [M]: 0x80032314 (0xD4B50A63) beq a0, a1, 5460


mem[X,0x80032318] -> 0x0113
mem[X,0x8003231A] -> 0x0021
[5173] [M]: 0x80032318 (0x00210113) addi sp, sp, 2
x2 <- 0x00000002


mem[X,0x8003231C] -> 0x006F
mem[X,0x8003231E] -> 0x00C0
[5174] [M]: 0x8003231C (0x00C0006F) jal zero, 12


mem[X,0x80032328] -> 0xA623
mem[X,0x8003232A] -> 0x0220
[5175] [M]: 0x80032328 (0x0220A623) sw sp, 44(ra)
mem[0x8003A994] <- 0x00000002


mem[X,0x8003232C] -> 0x5537
mem[X,0x8003232E] -> 0x5555
[5176] [M]: 0x8003232C (0x55555537) lui a0, 349525
x10 <- 0x55555000


mem[X,0x80032330] -> 0x0513
mem[X,0x80032332] -> 0x5565
[5177] [M]: 0x80032330 (0x55650513) addi a0, a0, 1366
x10 <- 0x55555556


mem[X,0x80032334] -> 0x65B7
mem[X,0x80032336] -> 0x6666
[5178] [M]: 0x80032334 (0x666665B7) lui a1, 419430
x11 <- 0x66666000


mem[X,0x80032338] -> 0x8593
mem[X,0x8003233A] -> 0x6665
[5179] [M]: 0x80032338 (0x66658593) addi a1, a1, 1638
x11 <- 0x66666666


mem[X,0x8003233C] -> 0x0113
mem[X,0x8003233E] -> 0x0000
[5180] [M]: 0x8003233C (0x00000113) addi sp, zero, 0
x2 <- 0x00000000


mem[X,0x80032340] -> 0x006F
mem[X,0x80032342] -> 0x0050
[5181] [M]: 0x80032340 (0x0050006F) jal zero, 2052


mem[X,0x80032B44] -> 0x00E3
mem[X,0x80032B46] -> 0x80B5
[5182] [M]: 0x80032B44 (0x80B500E3) beq a0, a1, 6144


mem[X,0x80032B48] -> 0x0113
mem[X,0x80032B4A] -> 0x0021
[5183] [M]: 0x80032B48 (0x00210113) addi sp, sp, 2
x2 <- 0x00000002


mem[X,0x80032B4C] -> 0x006F
mem[X,0x80032B4E] -> 0x00C0
[5184] [M]: 0x80032B4C (0x00C0006F) jal zero, 12


mem[X,0x80032B58] -> 0xA823
mem[X,0x80032B5A] -> 0x0220
[5185] [M]: 0x80032B58 (0x0220A823) sw sp, 48(ra)
mem[0x8003A998] <- 0x00000002


mem[X,0x80032B5C] -> 0x5537
mem[X,0x80032B5E] -> 0x5555
[5186] [M]: 0x80032B5C (0x55555537) lui a0, 349525
x10 <- 0x55555000


mem[X,0x80032B60] -> 0x0513
mem[X,0x80032B62] -> 0x5565
[5187] [M]: 0x80032B60 (0x55650513) addi a0, a0, 1366
x10 <- 0x55555556


mem[X,0x80032B64] -> 0x55B7
mem[X,0x80032B66] -> 0xFFFF
[5188] [M]: 0x80032B64 (0xFFFF55B7) lui a1, 1048565
x11 <- 0xFFFF5000


mem[X,0x80032B68] -> 0x8593
mem[X,0x80032B6A] -> 0xAFC5
[5189] [M]: 0x80032B68 (0xAFC58593) addi a1, a1, 2812
x11 <- 0xFFFF4AFC


mem[X,0x80032B6C] -> 0x0113
mem[X,0x80032B6E] -> 0x0000
[5190] [M]: 0x80032B6C (0x00000113) addi sp, zero, 0
x2 <- 0x00000000


mem[X,0x80032B70] -> 0x006F
mem[X,0x80032B72] -> 0x00C0
[5191] [M]: 0x80032B70 (0x00C0006F) jal zero, 12


mem[X,0x80032B7C] -> 0x0663
mem[X,0x80032B7E] -> 0x00B5
[5192] [M]: 0x80032B7C (0x00B50663) beq a0, a1, 12


mem[X,0x80032B80] -> 0x0113
mem[X,0x80032B82] -> 0x0021
[5193] [M]: 0x80032B80 (0x00210113) addi sp, sp, 2
x2 <- 0x00000002


mem[X,0x80032B84] -> 0x006F
mem[X,0x80032B86] -> 0x00C0
[5194] [M]: 0x80032B84 (0x00C0006F) jal zero, 12


mem[X,0x80032B90] -> 0xAA23
mem[X,0x80032B92] -> 0x0220
[5195] [M]: 0x80032B90 (0x0220AA23) sw sp, 52(ra)
mem[0x8003A99C] <- 0x00000002


mem[X,0x80032B94] -> 0x5537
mem[X,0x80032B96] -> 0x5555
[5196] [M]: 0x80032B94 (0x55555537) lui a0, 349525
x10 <- 0x55555000


mem[X,0x80032B98] -> 0x0513
mem[X,0x80032B9A] -> 0x5565
[5197] [M]: 0x80032B98 (0x55650513) addi a0, a0, 1366
x10 <- 0x55555556


mem[X,0x80032B9C] -> 0xB5B7
mem[X,0x80032B9E] -> 0x0000
[5198] [M]: 0x80032B9C (0x0000B5B7) lui a1, 11
x11 <- 0x0000B000


mem[X,0x80032BA0] -> 0x8593
mem[X,0x80032BA2] -> 0x5045
[5199] [M]: 0x80032BA0 (0x50458593) addi a1, a1, 1284
x11 <- 0x0000B504


clint::tick mtime <- 0x0000000000000034
 clint timer pending at mtime 0x0000000000000034
htif::tick 0x0000000000000000
mem[X,0x80032BA4] -> 0x0113
mem[X,0x80032BA6] -> 0x0000
[5200] [M]: 0x80032BA4 (0x00000113) addi sp, zero, 0
x2 <- 0x00000000


mem[X,0x80032BA8] -> 0x006F
mem[X,0x80032BAA] -> 0x00C0
[5201] [M]: 0x80032BA8 (0x00C0006F) jal zero, 12


mem[X,0x80032BB4] -> 0x0063
mem[X,0x80032BB6] -> 0x10B5
[5202] [M]: 0x80032BB4 (0x10B50063) beq a0, a1, 256


mem[X,0x80032BB8] -> 0x0113
mem[X,0x80032BBA] -> 0x0021
[5203] [M]: 0x80032BB8 (0x00210113) addi sp, sp, 2
x2 <- 0x00000002


mem[X,0x80032BBC] -> 0x006F
mem[X,0x80032BBE] -> 0x1000
[5204] [M]: 0x80032BBC (0x1000006F) jal zero, 256


mem[X,0x80032CBC] -> 0xAC23
mem[X,0x80032CBE] -> 0x0220
[5205] [M]: 0x80032CBC (0x0220AC23) sw sp, 56(ra)
mem[0x8003A9A0] <- 0x00000002


mem[X,0x80032CC0] -> 0x5537
mem[X,0x80032CC2] -> 0x5555
[5206] [M]: 0x80032CC0 (0x55555537) lui a0, 349525
x10 <- 0x55555000


mem[X,0x80032CC4] -> 0x0513
mem[X,0x80032CC6] -> 0x5565
[5207] [M]: 0x80032CC4 (0x55650513) addi a0, a0, 1366
x10 <- 0x55555556


mem[X,0x80032CC8] -> 0x0593
mem[X,0x80032CCA] -> 0x0020
[5208] [M]: 0x80032CC8 (0x00200593) addi a1, zero, 2
x11 <- 0x00000002


mem[X,0x80032CCC] -> 0x0113
mem[X,0x80032CCE] -> 0x0000
[5209] [M]: 0x80032CCC (0x00000113) addi sp, zero, 0
x2 <- 0x00000000


mem[X,0x80032CD0] -> 0x006F
mem[X,0x80032CD2] -> 0x00C0
[5210] [M]: 0x80032CD0 (0x00C0006F) jal zero, 12


mem[X,0x80032CDC] -> 0x0663
mem[X,0x80032CDE] -> 0x00B5
[5211] [M]: 0x80032CDC (0x00B50663) beq a0, a1, 12


mem[X,0x80032CE0] -> 0x0113
mem[X,0x80032CE2] -> 0x0021
[5212] [M]: 0x80032CE0 (0x00210113) addi sp, sp, 2
x2 <- 0x00000002


mem[X,0x80032CE4] -> 0x006F
mem[X,0x80032CE6] -> 0x00C0
[5213] [M]: 0x80032CE4 (0x00C0006F) jal zero, 12


mem[X,0x80032CF0] -> 0xAE23
mem[X,0x80032CF2] -> 0x0220
[5214] [M]: 0x80032CF0 (0x0220AE23) sw sp, 60(ra)
mem[0x8003A9A4] <- 0x00000002


mem[X,0x80032CF4] -> 0x5537
mem[X,0x80032CF6] -> 0x5555
[5215] [M]: 0x80032CF4 (0x55555537) lui a0, 349525
x10 <- 0x55555000


mem[X,0x80032CF8] -> 0x0513
mem[X,0x80032CFA] -> 0x5565
[5216] [M]: 0x80032CF8 (0x55650513) addi a0, a0, 1366
x10 <- 0x55555556


mem[X,0x80032CFC] -> 0x55B7
mem[X,0x80032CFE] -> 0x5555
[5217] [M]: 0x80032CFC (0x555555B7) lui a1, 349525
x11 <- 0x55555000


mem[X,0x80032D00] -> 0x8593
mem[X,0x80032D02] -> 0x5545
[5218] [M]: 0x80032D00 (0x55458593) addi a1, a1, 1364
x11 <- 0x55555554


mem[X,0x80032D04] -> 0x0113
mem[X,0x80032D06] -> 0x0000
[5219] [M]: 0x80032D04 (0x00000113) addi sp, zero, 0
x2 <- 0x00000000


mem[X,0x80032D08] -> 0x006F
mem[X,0x80032D0A] -> 0x00C0
[5220] [M]: 0x80032D08 (0x00C0006F) jal zero, 12


mem[X,0x80032D14] -> 0x0663
mem[X,0x80032D16] -> 0x00B5
[5221] [M]: 0x80032D14 (0x00B50663) beq a0, a1, 12


mem[X,0x80032D18] -> 0x0113
mem[X,0x80032D1A] -> 0x0021
[5222] [M]: 0x80032D18 (0x00210113) addi sp, sp, 2
x2 <- 0x00000002


mem[X,0x80032D1C] -> 0x006F
mem[X,0x80032D1E] -> 0x00C0
[5223] [M]: 0x80032D1C (0x00C0006F) jal zero, 12


mem[X,0x80032D28] -> 0xA023
mem[X,0x80032D2A] -> 0x0420
[5224] [M]: 0x80032D28 (0x0420A023) sw sp, 64(ra)
mem[0x8003A9A8] <- 0x00000002


mem[X,0x80032D2C] -> 0x5537
mem[X,0x80032D2E] -> 0x5555
[5225] [M]: 0x80032D2C (0x55555537) lui a0, 349525
x10 <- 0x55555000


mem[X,0x80032D30] -> 0x0513
mem[X,0x80032D32] -> 0x5565
[5226] [M]: 0x80032D30 (0x55650513) addi a0, a0, 1366
x10 <- 0x55555556


mem[X,0x80032D34] -> 0x0593
mem[X,0x80032D36] -> 0x0000
[5227] [M]: 0x80032D34 (0x00000593) addi a1, zero, 0
x11 <- 0x00000000


mem[X,0x80032D38] -> 0x0113
mem[X,0x80032D3A] -> 0x0000
[5228] [M]: 0x80032D38 (0x00000113) addi sp, zero, 0
x2 <- 0x00000000


mem[X,0x80032D3C] -> 0x006F
mem[X,0x80032D3E] -> 0x0180
[5229] [M]: 0x80032D3C (0x0180006F) jal zero, 24


mem[X,0x80032D54] -> 0x06E3
mem[X,0x80032D56] -> 0xFEB5
[5230] [M]: 0x80032D54 (0xFEB506E3) beq a0, a1, 8172


mem[X,0x80032D58] -> 0x0113
mem[X,0x80032D5A] -> 0x0021
[5231] [M]: 0x80032D58 (0x00210113) addi sp, sp, 2
x2 <- 0x00000002


mem[X,0x80032D5C] -> 0x006F
mem[X,0x80032D5E] -> 0x00C0
[5232] [M]: 0x80032D5C (0x00C0006F) jal zero, 12


mem[X,0x80032D68] -> 0xA223
mem[X,0x80032D6A] -> 0x0420
[5233] [M]: 0x80032D68 (0x0420A223) sw sp, 68(ra)
mem[0x8003A9AC] <- 0x00000002


mem[X,0x80032D6C] -> 0x5537
mem[X,0x80032D6E] -> 0x5555
[5234] [M]: 0x80032D6C (0x55555537) lui a0, 349525
x10 <- 0x55555000


mem[X,0x80032D70] -> 0x0513
mem[X,0x80032D72] -> 0x5565
[5235] [M]: 0x80032D70 (0x55650513) addi a0, a0, 1366
x10 <- 0x55555556


mem[X,0x80032D74] -> 0x0593
mem[X,0x80032D76] -> 0x0040
[5236] [M]: 0x80032D74 (0x00400593) addi a1, zero, 4
x11 <- 0x00000004


mem[X,0x80032D78] -> 0x0113
mem[X,0x80032D7A] -> 0x0000
[5237] [M]: 0x80032D78 (0x00000113) addi sp, zero, 0
x2 <- 0x00000000


mem[X,0x80032D7C] -> 0x006F
mem[X,0x80032D7E] -> 0x0100
[5238] [M]: 0x80032D7C (0x0100006F) jal zero, 16


mem[X,0x80032D8C] -> 0x0AE3
mem[X,0x80032D8E] -> 0xFEB5
[5239] [M]: 0x80032D8C (0xFEB50AE3) beq a0, a1, 8180


mem[X,0x80032D90] -> 0x0113
mem[X,0x80032D92] -> 0x0021
[5240] [M]: 0x80032D90 (0x00210113) addi sp, sp, 2
x2 <- 0x00000002


mem[X,0x80032D94] -> 0x006F
mem[X,0x80032D96] -> 0x00C0
[5241] [M]: 0x80032D94 (0x00C0006F) jal zero, 12


mem[X,0x80032DA0] -> 0xA423
mem[X,0x80032DA2] -> 0x0420
[5242] [M]: 0x80032DA0 (0x0420A423) sw sp, 72(ra)
mem[0x8003A9B0] <- 0x00000002


mem[X,0x80032DA4] -> 0x5537
mem[X,0x80032DA6] -> 0x5555
[5243] [M]: 0x80032DA4 (0x55555537) lui a0, 349525
x10 <- 0x55555000


mem[X,0x80032DA8] -> 0x0513
mem[X,0x80032DAA] -> 0x5565
[5244] [M]: 0x80032DA8 (0x55650513) addi a0, a0, 1366
x10 <- 0x55555556


mem[X,0x80032DAC] -> 0x35B7
mem[X,0x80032DAE] -> 0x3333
[5245] [M]: 0x80032DAC (0x333335B7) lui a1, 209715
x11 <- 0x33333000


mem[X,0x80032DB0] -> 0x8593
mem[X,0x80032DB2] -> 0x3325
[5246] [M]: 0x80032DB0 (0x33258593) addi a1, a1, 818
x11 <- 0x33333332


mem[X,0x80032DB4] -> 0x0113
mem[X,0x80032DB6] -> 0x0000
[5247] [M]: 0x80032DB4 (0x00000113) addi sp, zero, 0
x2 <- 0x00000000


mem[X,0x80032DB8] -> 0x006F
mem[X,0x80032DBA] -> 0x0140
[5248] [M]: 0x80032DB8 (0x0140006F) jal zero, 20


mem[X,0x80032DCC] -> 0x08E3
mem[X,0x80032DCE] -> 0xFEB5
[5249] [M]: 0x80032DCC (0xFEB508E3) beq a0, a1, 8176


mem[X,0x80032DD0] -> 0x0113
mem[X,0x80032DD2] -> 0x0021
[5250] [M]: 0x80032DD0 (0x00210113) addi sp, sp, 2
x2 <- 0x00000002


mem[X,0x80032DD4] -> 0x006F
mem[X,0x80032DD6] -> 0x00C0
[5251] [M]: 0x80032DD4 (0x00C0006F) jal zero, 12


mem[X,0x80032DE0] -> 0xA623
mem[X,0x80032DE2] -> 0x0420
[5252] [M]: 0x80032DE0 (0x0420A623) sw sp, 76(ra)
mem[0x8003A9B4] <- 0x00000002


mem[X,0x80032DE4] -> 0x5537
mem[X,0x80032DE6] -> 0x5555
[5253] [M]: 0x80032DE4 (0x55555537) lui a0, 349525
x10 <- 0x55555000


mem[X,0x80032DE8] -> 0x0513
mem[X,0x80032DEA] -> 0x5565
[5254] [M]: 0x80032DE8 (0x55650513) addi a0, a0, 1366
x10 <- 0x55555556


mem[X,0x80032DEC] -> 0x65B7
mem[X,0x80032DEE] -> 0x6666
[5255] [M]: 0x80032DEC (0x666665B7) lui a1, 419430
x11 <- 0x66666000


mem[X,0x80032DF0] -> 0x8593
mem[X,0x80032DF2] -> 0x6655
[5256] [M]: 0x80032DF0 (0x66558593) addi a1, a1, 1637
x11 <- 0x66666665


mem[X,0x80032DF4] -> 0x0113
mem[X,0x80032DF6] -> 0x0000
[5257] [M]: 0x80032DF4 (0x00000113) addi sp, zero, 0
x2 <- 0x00000000


mem[X,0x80032DF8] -> 0x006F
mem[X,0x80032DFA] -> 0x00C0
[5258] [M]: 0x80032DF8 (0x00C0006F) jal zero, 12


mem[X,0x80032E04] -> 0x0663
mem[X,0x80032E06] -> 0x00B5
[5259] [M]: 0x80032E04 (0x00B50663) beq a0, a1, 12


mem[X,0x80032E08] -> 0x0113
mem[X,0x80032E0A] -> 0x0021
[5260] [M]: 0x80032E08 (0x00210113) addi sp, sp, 2
x2 <- 0x00000002


mem[X,0x80032E0C] -> 0x006F
mem[X,0x80032E0E] -> 0x00C0
[5261] [M]: 0x80032E0C (0x00C0006F) jal zero, 12


mem[X,0x80032E18] -> 0xA823
mem[X,0x80032E1A] -> 0x0420
[5262] [M]: 0x80032E18 (0x0420A823) sw sp, 80(ra)
mem[0x8003A9B8] <- 0x00000002


mem[X,0x80032E1C] -> 0x5537
mem[X,0x80032E1E] -> 0x5555
[5263] [M]: 0x80032E1C (0x55555537) lui a0, 349525
x10 <- 0x55555000


mem[X,0x80032E20] -> 0x0513
mem[X,0x80032E22] -> 0x5565
[5264] [M]: 0x80032E20 (0x55650513) addi a0, a0, 1366
x10 <- 0x55555556


mem[X,0x80032E24] -> 0xB5B7
mem[X,0x80032E26] -> 0x0000
[5265] [M]: 0x80032E24 (0x0000B5B7) lui a1, 11
x11 <- 0x0000B000


mem[X,0x80032E28] -> 0x8593
mem[X,0x80032E2A] -> 0x5035
[5266] [M]: 0x80032E28 (0x50358593) addi a1, a1, 1283
x11 <- 0x0000B503


mem[X,0x80032E2C] -> 0x0113
mem[X,0x80032E2E] -> 0x0000
[5267] [M]: 0x80032E2C (0x00000113) addi sp, zero, 0
x2 <- 0x00000000


mem[X,0x80032E30] -> 0x006F
mem[X,0x80032E32] -> 0x0100
[5268] [M]: 0x80032E30 (0x0100006F) jal zero, 16


mem[X,0x80032E40] -> 0x0AE3
mem[X,0x80032E42] -> 0xFEB5
[5269] [M]: 0x80032E40 (0xFEB50AE3) beq a0, a1, 8180


mem[X,0x80032E44] -> 0x0113
mem[X,0x80032E46] -> 0x0021
[5270] [M]: 0x80032E44 (0x00210113) addi sp, sp, 2
x2 <- 0x00000002


mem[X,0x80032E48] -> 0x006F
mem[X,0x80032E4A] -> 0x00C0
[5271] [M]: 0x80032E48 (0x00C0006F) jal zero, 12


mem[X,0x80032E54] -> 0xAA23
mem[X,0x80032E56] -> 0x0420
[5272] [M]: 0x80032E54 (0x0420AA23) sw sp, 84(ra)
mem[0x8003A9BC] <- 0x00000002


mem[X,0x80032E58] -> 0x5537
mem[X,0x80032E5A] -> 0x5555
[5273] [M]: 0x80032E58 (0x55555537) lui a0, 349525
x10 <- 0x55555000


mem[X,0x80032E5C] -> 0x0513
mem[X,0x80032E5E] -> 0x5565
[5274] [M]: 0x80032E5C (0x55650513) addi a0, a0, 1366
x10 <- 0x55555556


mem[X,0x80032E60] -> 0x55B7
mem[X,0x80032E62] -> 0x5555
[5275] [M]: 0x80032E60 (0x555555B7) lui a1, 349525
x11 <- 0x55555000


mem[X,0x80032E64] -> 0x8593
mem[X,0x80032E66] -> 0x5565
[5276] [M]: 0x80032E64 (0x55658593) addi a1, a1, 1366
x11 <- 0x55555556


mem[X,0x80032E68] -> 0x0113
mem[X,0x80032E6A] -> 0x0000
[5277] [M]: 0x80032E68 (0x00000113) addi sp, zero, 0
x2 <- 0x00000000


mem[X,0x80032E6C] -> 0x006F
mem[X,0x80032E6E] -> 0x2B10
[5278] [M]: 0x80032E6C (0x2B10006F) jal zero, 2736


mem[X,0x8003391C] -> 0x0A63
mem[X,0x8003391E] -> 0xD4B5
[5279] [M]: 0x8003391C (0xD4B50A63) beq a0, a1, 5460


mem[X,0x80032E70] -> 0x0113
mem[X,0x80032E72] -> 0x0011
[5280] [M]: 0x80032E70 (0x00110113) addi sp, sp, 1
x2 <- 0x00000001


mem[X,0x80032E74] -> 0x006F
mem[X,0x80032E76] -> 0x2BD0
[5281] [M]: 0x80032E74 (0x2BD0006F) jal zero, 2748


mem[X,0x80033930] -> 0xAC23
mem[X,0x80033932] -> 0x0420
[5282] [M]: 0x80033930 (0x0420AC23) sw sp, 88(ra)
mem[0x8003A9C0] <- 0x00000001


mem[X,0x80033934] -> 0x5537
mem[X,0x80033936] -> 0x5555
[5283] [M]: 0x80033934 (0x55555537) lui a0, 349525
x10 <- 0x55555000


mem[X,0x80033938] -> 0x0513
mem[X,0x8003393A] -> 0x5565
[5284] [M]: 0x80033938 (0x55650513) addi a0, a0, 1366
x10 <- 0x55555556


mem[X,0x8003393C] -> 0xB5B7
mem[X,0x8003393E] -> 0xAAAA
[5285] [M]: 0x8003393C (0xAAAAB5B7) lui a1, 699051
x11 <- 0xAAAAB000


mem[X,0x80033940] -> 0x8593
mem[X,0x80033942] -> 0xAAB5
[5286] [M]: 0x80033940 (0xAAB58593) addi a1, a1, 2731
x11 <- 0xAAAAAAAB


mem[X,0x80033944] -> 0x0113
mem[X,0x80033946] -> 0x0000
[5287] [M]: 0x80033944 (0x00000113) addi sp, zero, 0
x2 <- 0x00000000


mem[X,0x80033948] -> 0x006F
mem[X,0x8003394A] -> 0x00C0
[5288] [M]: 0x80033948 (0x00C0006F) jal zero, 12


mem[X,0x80033954] -> 0x0CE3
mem[X,0x80033956] -> 0xFEB5
[5289] [M]: 0x80033954 (0xFEB50CE3) beq a0, a1, 8184


mem[X,0x80033958] -> 0x0113
mem[X,0x8003395A] -> 0x0021
[5290] [M]: 0x80033958 (0x00210113) addi sp, sp, 2
x2 <- 0x00000002


mem[X,0x8003395C] -> 0x006F
mem[X,0x8003395E] -> 0x00C0
[5291] [M]: 0x8003395C (0x00C0006F) jal zero, 12


mem[X,0x80033968] -> 0xAE23
mem[X,0x8003396A] -> 0x0420
[5292] [M]: 0x80033968 (0x0420AE23) sw sp, 92(ra)
mem[0x8003A9C4] <- 0x00000002


mem[X,0x8003396C] -> 0x5537
mem[X,0x8003396E] -> 0x5555
[5293] [M]: 0x8003396C (0x55555537) lui a0, 349525
x10 <- 0x55555000


mem[X,0x80033970] -> 0x0513
mem[X,0x80033972] -> 0x5565
[5294] [M]: 0x80033970 (0x55650513) addi a0, a0, 1366
x10 <- 0x55555556


mem[X,0x80033974] -> 0x0593
mem[X,0x80033976] -> 0x0060
[5295] [M]: 0x80033974 (0x00600593) addi a1, zero, 6
x11 <- 0x00000006


mem[X,0x80033978] -> 0x0113
mem[X,0x8003397A] -> 0x0000
[5296] [M]: 0x80033978 (0x00000113) addi sp, zero, 0
x2 <- 0x00000000


mem[X,0x8003397C] -> 0x006F
mem[X,0x8003397E] -> 0x00C0
[5297] [M]: 0x8003397C (0x00C0006F) jal zero, 12


mem[X,0x80033988] -> 0x0063
mem[X,0x8003398A] -> 0x40B5
[5298] [M]: 0x80033988 (0x40B50063) beq a0, a1, 1024


mem[X,0x8003398C] -> 0x0113
mem[X,0x8003398E] -> 0x0021
[5299] [M]: 0x8003398C (0x00210113) addi sp, sp, 2
x2 <- 0x00000002


clint::tick mtime <- 0x0000000000000035
 clint timer pending at mtime 0x0000000000000035
htif::tick 0x0000000000000000
mem[X,0x80033990] -> 0x006F
mem[X,0x80033992] -> 0x4000
[5300] [M]: 0x80033990 (0x4000006F) jal zero, 1024


mem[X,0x80033D90] -> 0xA023
mem[X,0x80033D92] -> 0x0620
[5301] [M]: 0x80033D90 (0x0620A023) sw sp, 96(ra)
mem[0x8003A9C8] <- 0x00000002


mem[X,0x80033D94] -> 0x5537
mem[X,0x80033D96] -> 0x5555
[5302] [M]: 0x80033D94 (0x55555537) lui a0, 349525
x10 <- 0x55555000


mem[X,0x80033D98] -> 0x0513
mem[X,0x80033D9A] -> 0x5565
[5303] [M]: 0x80033D98 (0x55650513) addi a0, a0, 1366
x10 <- 0x55555556


mem[X,0x80033D9C] -> 0x35B7
mem[X,0x80033D9E] -> 0x3333
[5304] [M]: 0x80033D9C (0x333335B7) lui a1, 209715
x11 <- 0x33333000


mem[X,0x80033DA0] -> 0x8593
mem[X,0x80033DA2] -> 0x3345
[5305] [M]: 0x80033DA0 (0x33458593) addi a1, a1, 820
x11 <- 0x33333334


mem[X,0x80033DA4] -> 0x0113
mem[X,0x80033DA6] -> 0x0000
[5306] [M]: 0x80033DA4 (0x00000113) addi sp, zero, 0
x2 <- 0x00000000


mem[X,0x80033DA8] -> 0x006F
mem[X,0x80033DAA] -> 0x0050
[5307] [M]: 0x80033DA8 (0x0050006F) jal zero, 2052


mem[X,0x800345AC] -> 0x00E3
mem[X,0x800345AE] -> 0x80B5
[5308] [M]: 0x800345AC (0x80B500E3) beq a0, a1, 6144


mem[X,0x800345B0] -> 0x0113
mem[X,0x800345B2] -> 0x0021
[5309] [M]: 0x800345B0 (0x00210113) addi sp, sp, 2
x2 <- 0x00000002


mem[X,0x800345B4] -> 0x006F
mem[X,0x800345B6] -> 0x00C0
[5310] [M]: 0x800345B4 (0x00C0006F) jal zero, 12


mem[X,0x800345C0] -> 0xA223
mem[X,0x800345C2] -> 0x0620
[5311] [M]: 0x800345C0 (0x0620A223) sw sp, 100(ra)
mem[0x8003A9CC] <- 0x00000002


mem[X,0x800345C4] -> 0x5537
mem[X,0x800345C6] -> 0x5555
[5312] [M]: 0x800345C4 (0x55555537) lui a0, 349525
x10 <- 0x55555000


mem[X,0x800345C8] -> 0x0513
mem[X,0x800345CA] -> 0x5565
[5313] [M]: 0x800345C8 (0x55650513) addi a0, a0, 1366
x10 <- 0x55555556


mem[X,0x800345CC] -> 0x65B7
mem[X,0x800345CE] -> 0x6666
[5314] [M]: 0x800345CC (0x666665B7) lui a1, 419430
x11 <- 0x66666000


mem[X,0x800345D0] -> 0x8593
mem[X,0x800345D2] -> 0x6675
[5315] [M]: 0x800345D0 (0x66758593) addi a1, a1, 1639
x11 <- 0x66666667


mem[X,0x800345D4] -> 0x0113
mem[X,0x800345D6] -> 0x0000
[5316] [M]: 0x800345D4 (0x00000113) addi sp, zero, 0
x2 <- 0x00000000


mem[X,0x800345D8] -> 0x006F
mem[X,0x800345DA] -> 0x2B10
[5317] [M]: 0x800345D8 (0x2B10006F) jal zero, 2736


mem[X,0x80035088] -> 0x0A63
mem[X,0x8003508A] -> 0xD4B5
[5318] [M]: 0x80035088 (0xD4B50A63) beq a0, a1, 5460


mem[X,0x8003508C] -> 0x0113
mem[X,0x8003508E] -> 0x0021
[5319] [M]: 0x8003508C (0x00210113) addi sp, sp, 2
x2 <- 0x00000002


mem[X,0x80035090] -> 0x006F
mem[X,0x80035092] -> 0x00C0
[5320] [M]: 0x80035090 (0x00C0006F) jal zero, 12


mem[X,0x8003509C] -> 0xA423
mem[X,0x8003509E] -> 0x0620
[5321] [M]: 0x8003509C (0x0620A423) sw sp, 104(ra)
mem[0x8003A9D0] <- 0x00000002


mem[X,0x800350A0] -> 0x5537
mem[X,0x800350A2] -> 0x5555
[5322] [M]: 0x800350A0 (0x55555537) lui a0, 349525
x10 <- 0x55555000


mem[X,0x800350A4] -> 0x0513
mem[X,0x800350A6] -> 0x5565
[5323] [M]: 0x800350A4 (0x55650513) addi a0, a0, 1366
x10 <- 0x55555556


mem[X,0x800350A8] -> 0x55B7
mem[X,0x800350AA] -> 0xFFFF
[5324] [M]: 0x800350A8 (0xFFFF55B7) lui a1, 1048565
x11 <- 0xFFFF5000


mem[X,0x800350AC] -> 0x8593
mem[X,0x800350AE] -> 0xAFD5
[5325] [M]: 0x800350AC (0xAFD58593) addi a1, a1, 2813
x11 <- 0xFFFF4AFD


mem[X,0x800350B0] -> 0x0113
mem[X,0x800350B2] -> 0x0000
[5326] [M]: 0x800350B0 (0x00000113) addi sp, zero, 0
x2 <- 0x00000000


mem[X,0x800350B4] -> 0x006F
mem[X,0x800350B6] -> 0x00C0
[5327] [M]: 0x800350B4 (0x00C0006F) jal zero, 12


mem[X,0x800350C0] -> 0x0063
mem[X,0x800350C2] -> 0x20B5
[5328] [M]: 0x800350C0 (0x20B50063) beq a0, a1, 512


mem[X,0x800350C4] -> 0x0113
mem[X,0x800350C6] -> 0x0021
[5329] [M]: 0x800350C4 (0x00210113) addi sp, sp, 2
x2 <- 0x00000002


mem[X,0x800350C8] -> 0x006F
mem[X,0x800350CA] -> 0x2000
[5330] [M]: 0x800350C8 (0x2000006F) jal zero, 512


mem[X,0x800352C8] -> 0xA623
mem[X,0x800352CA] -> 0x0620
[5331] [M]: 0x800352C8 (0x0620A623) sw sp, 108(ra)
mem[0x8003A9D4] <- 0x00000002


mem[X,0x800352CC] -> 0x5537
mem[X,0x800352CE] -> 0x5555
[5332] [M]: 0x800352CC (0x55555537) lui a0, 349525
x10 <- 0x55555000


mem[X,0x800352D0] -> 0x0513
mem[X,0x800352D2] -> 0x5565
[5333] [M]: 0x800352D0 (0x55650513) addi a0, a0, 1366
x10 <- 0x55555556


mem[X,0x800352D4] -> 0xB5B7
mem[X,0x800352D6] -> 0x0000
[5334] [M]: 0x800352D4 (0x0000B5B7) lui a1, 11
x11 <- 0x0000B000


mem[X,0x800352D8] -> 0x8593
mem[X,0x800352DA] -> 0x5055
[5335] [M]: 0x800352D8 (0x50558593) addi a1, a1, 1285
x11 <- 0x0000B505


mem[X,0x800352DC] -> 0x0113
mem[X,0x800352DE] -> 0x0000
[5336] [M]: 0x800352DC (0x00000113) addi sp, zero, 0
x2 <- 0x00000000


mem[X,0x800352E0] -> 0x006F
mem[X,0x800352E2] -> 0x00C0
[5337] [M]: 0x800352E0 (0x00C0006F) jal zero, 12


mem[X,0x800352EC] -> 0x0063
mem[X,0x800352EE] -> 0x02B5
[5338] [M]: 0x800352EC (0x02B50063) beq a0, a1, 32


mem[X,0x800352F0] -> 0x0113
mem[X,0x800352F2] -> 0x0021
[5339] [M]: 0x800352F0 (0x00210113) addi sp, sp, 2
x2 <- 0x00000002


mem[X,0x800352F4] -> 0x006F
mem[X,0x800352F6] -> 0x0200
[5340] [M]: 0x800352F4 (0x0200006F) jal zero, 32


mem[X,0x80035314] -> 0xA823
mem[X,0x80035316] -> 0x0620
[5341] [M]: 0x80035314 (0x0620A823) sw sp, 112(ra)
mem[0x8003A9D8] <- 0x00000002


mem[X,0x80035318] -> 0xB537
mem[X,0x8003531A] -> 0xAAAA
[5342] [M]: 0x80035318 (0xAAAAB537) lui a0, 699051
x10 <- 0xAAAAB000


mem[X,0x8003531C] -> 0x0513
mem[X,0x8003531E] -> 0xAAB5
[5343] [M]: 0x8003531C (0xAAB50513) addi a0, a0, 2731
x10 <- 0xAAAAAAAB


mem[X,0x80035320] -> 0x0593
mem[X,0x80035322] -> 0x0030
[5344] [M]: 0x80035320 (0x00300593) addi a1, zero, 3
x11 <- 0x00000003


mem[X,0x80035324] -> 0x0113
mem[X,0x80035326] -> 0x0000
[5345] [M]: 0x80035324 (0x00000113) addi sp, zero, 0
x2 <- 0x00000000


mem[X,0x80035328] -> 0x006F
mem[X,0x8003532A] -> 0x00C0
[5346] [M]: 0x80035328 (0x00C0006F) jal zero, 12


mem[X,0x80035334] -> 0x0663
mem[X,0x80035336] -> 0x00B5
[5347] [M]: 0x80035334 (0x00B50663) beq a0, a1, 12


mem[X,0x80035338] -> 0x0113
mem[X,0x8003533A] -> 0x0021
[5348] [M]: 0x80035338 (0x00210113) addi sp, sp, 2
x2 <- 0x00000002


mem[X,0x8003533C] -> 0x006F
mem[X,0x8003533E] -> 0x00C0
[5349] [M]: 0x8003533C (0x00C0006F) jal zero, 12


mem[X,0x80035348] -> 0xAA23
mem[X,0x8003534A] -> 0x0620
[5350] [M]: 0x80035348 (0x0620AA23) sw sp, 116(ra)
mem[0x8003A9DC] <- 0x00000002


mem[X,0x8003534C] -> 0xB537
mem[X,0x8003534E] -> 0xAAAA
[5351] [M]: 0x8003534C (0xAAAAB537) lui a0, 699051
x10 <- 0xAAAAB000


mem[X,0x80035350] -> 0x0513
mem[X,0x80035352] -> 0xAAB5
[5352] [M]: 0x80035350 (0xAAB50513) addi a0, a0, 2731
x10 <- 0xAAAAAAAB


mem[X,0x80035354] -> 0x55B7
mem[X,0x80035356] -> 0x5555
[5353] [M]: 0x80035354 (0x555555B7) lui a1, 349525
x11 <- 0x55555000


mem[X,0x80035358] -> 0x8593
mem[X,0x8003535A] -> 0x5555
[5354] [M]: 0x80035358 (0x55558593) addi a1, a1, 1365
x11 <- 0x55555555


mem[X,0x8003535C] -> 0x0113
mem[X,0x8003535E] -> 0x0000
[5355] [M]: 0x8003535C (0x00000113) addi sp, zero, 0
x2 <- 0x00000000


mem[X,0x80035360] -> 0x006F
mem[X,0x80035362] -> 0x0180
[5356] [M]: 0x80035360 (0x0180006F) jal zero, 24


mem[X,0x80035378] -> 0x06E3
mem[X,0x8003537A] -> 0xFEB5
[5357] [M]: 0x80035378 (0xFEB506E3) beq a0, a1, 8172


mem[X,0x8003537C] -> 0x0113
mem[X,0x8003537E] -> 0x0021
[5358] [M]: 0x8003537C (0x00210113) addi sp, sp, 2
x2 <- 0x00000002


mem[X,0x80035380] -> 0x006F
mem[X,0x80035382] -> 0x00C0
[5359] [M]: 0x80035380 (0x00C0006F) jal zero, 12


mem[X,0x8003538C] -> 0xAC23
mem[X,0x8003538E] -> 0x0620
[5360] [M]: 0x8003538C (0x0620AC23) sw sp, 120(ra)
mem[0x8003A9E0] <- 0x00000002


mem[X,0x80035390] -> 0xB537
mem[X,0x80035392] -> 0xAAAA
[5361] [M]: 0x80035390 (0xAAAAB537) lui a0, 699051
x10 <- 0xAAAAB000


mem[X,0x80035394] -> 0x0513
mem[X,0x80035396] -> 0xAAB5
[5362] [M]: 0x80035394 (0xAAB50513) addi a0, a0, 2731
x10 <- 0xAAAAAAAB


mem[X,0x80035398] -> 0xB5B7
mem[X,0x8003539A] -> 0xAAAA
[5363] [M]: 0x80035398 (0xAAAAB5B7) lui a1, 699051
x11 <- 0xAAAAB000


mem[X,0x8003539C] -> 0x8593
mem[X,0x8003539E] -> 0xAAA5
[5364] [M]: 0x8003539C (0xAAA58593) addi a1, a1, 2730
x11 <- 0xAAAAAAAA


mem[X,0x800353A0] -> 0x0113
mem[X,0x800353A2] -> 0x0000
[5365] [M]: 0x800353A0 (0x00000113) addi sp, zero, 0
x2 <- 0x00000000


mem[X,0x800353A4] -> 0x006F
mem[X,0x800353A6] -> 0x00C0
[5366] [M]: 0x800353A4 (0x00C0006F) jal zero, 12


mem[X,0x800353B0] -> 0x0063
mem[X,0x800353B2] -> 0x02B5
[5367] [M]: 0x800353B0 (0x02B50063) beq a0, a1, 32


mem[X,0x800353B4] -> 0x0113
mem[X,0x800353B6] -> 0x0021
[5368] [M]: 0x800353B4 (0x00210113) addi sp, sp, 2
x2 <- 0x00000002


mem[X,0x800353B8] -> 0x006F
mem[X,0x800353BA] -> 0x0200
[5369] [M]: 0x800353B8 (0x0200006F) jal zero, 32


mem[X,0x800353D8] -> 0xAE23
mem[X,0x800353DA] -> 0x0620
[5370] [M]: 0x800353D8 (0x0620AE23) sw sp, 124(ra)
mem[0x8003A9E4] <- 0x00000002


mem[X,0x800353DC] -> 0xB537
mem[X,0x800353DE] -> 0xAAAA
[5371] [M]: 0x800353DC (0xAAAAB537) lui a0, 699051
x10 <- 0xAAAAB000


mem[X,0x800353E0] -> 0x0513
mem[X,0x800353E2] -> 0xAAB5
[5372] [M]: 0x800353E0 (0xAAB50513) addi a0, a0, 2731
x10 <- 0xAAAAAAAB


mem[X,0x800353E4] -> 0x0593
mem[X,0x800353E6] -> 0x0050
[5373] [M]: 0x800353E4 (0x00500593) addi a1, zero, 5
x11 <- 0x00000005


mem[X,0x800353E8] -> 0x0113
mem[X,0x800353EA] -> 0x0000
[5374] [M]: 0x800353E8 (0x00000113) addi sp, zero, 0
x2 <- 0x00000000


mem[X,0x800353EC] -> 0x006F
mem[X,0x800353EE] -> 0x00C0
[5375] [M]: 0x800353EC (0x00C0006F) jal zero, 12


mem[X,0x800353F8] -> 0x0063
mem[X,0x800353FA] -> 0x20B5
[5376] [M]: 0x800353F8 (0x20B50063) beq a0, a1, 512


mem[X,0x800353FC] -> 0x0113
mem[X,0x800353FE] -> 0x0021
[5377] [M]: 0x800353FC (0x00210113) addi sp, sp, 2
x2 <- 0x00000002


mem[X,0x80035400] -> 0x006F
mem[X,0x80035402] -> 0x2000
[5378] [M]: 0x80035400 (0x2000006F) jal zero, 512


mem[X,0x80035600] -> 0xA023
mem[X,0x80035602] -> 0x0820
[5379] [M]: 0x80035600 (0x0820A023) sw sp, 128(ra)
mem[0x8003A9E8] <- 0x00000002


mem[X,0x80035604] -> 0xB537
mem[X,0x80035606] -> 0xAAAA
[5380] [M]: 0x80035604 (0xAAAAB537) lui a0, 699051
x10 <- 0xAAAAB000


mem[X,0x80035608] -> 0x0513
mem[X,0x8003560A] -> 0xAAB5
[5381] [M]: 0x80035608 (0xAAB50513) addi a0, a0, 2731
x10 <- 0xAAAAAAAB


mem[X,0x8003560C] -> 0x35B7
mem[X,0x8003560E] -> 0x3333
[5382] [M]: 0x8003560C (0x333335B7) lui a1, 209715
x11 <- 0x33333000


mem[X,0x80035610] -> 0x8593
mem[X,0x80035612] -> 0x3335
[5383] [M]: 0x80035610 (0x33358593) addi a1, a1, 819
x11 <- 0x33333333


mem[X,0x80035614] -> 0x0113
mem[X,0x80035616] -> 0x0000
[5384] [M]: 0x80035614 (0x00000113) addi sp, zero, 0
x2 <- 0x00000000


mem[X,0x80035618] -> 0x006F
mem[X,0x8003561A] -> 0x00C0
[5385] [M]: 0x80035618 (0x00C0006F) jal zero, 12


mem[X,0x80035624] -> 0x0063
mem[X,0x80035626] -> 0x04B5
[5386] [M]: 0x80035624 (0x04B50063) beq a0, a1, 64


mem[X,0x80035628] -> 0x0113
mem[X,0x8003562A] -> 0x0021
[5387] [M]: 0x80035628 (0x00210113) addi sp, sp, 2
x2 <- 0x00000002


mem[X,0x8003562C] -> 0x006F
mem[X,0x8003562E] -> 0x0400
[5388] [M]: 0x8003562C (0x0400006F) jal zero, 64


mem[X,0x8003566C] -> 0xA223
mem[X,0x8003566E] -> 0x0820
[5389] [M]: 0x8003566C (0x0820A223) sw sp, 132(ra)
mem[0x8003A9EC] <- 0x00000002


mem[X,0x80035670] -> 0xB537
mem[X,0x80035672] -> 0xAAAA
[5390] [M]: 0x80035670 (0xAAAAB537) lui a0, 699051
x10 <- 0xAAAAB000


mem[X,0x80035674] -> 0x0513
mem[X,0x80035676] -> 0xAAB5
[5391] [M]: 0x80035674 (0xAAB50513) addi a0, a0, 2731
x10 <- 0xAAAAAAAB


mem[X,0x80035678] -> 0x65B7
mem[X,0x8003567A] -> 0x6666
[5392] [M]: 0x80035678 (0x666665B7) lui a1, 419430
x11 <- 0x66666000


mem[X,0x8003567C] -> 0x8593
mem[X,0x8003567E] -> 0x6665
[5393] [M]: 0x8003567C (0x66658593) addi a1, a1, 1638
x11 <- 0x66666666


mem[X,0x80035680] -> 0x0113
mem[X,0x80035682] -> 0x0000
[5394] [M]: 0x80035680 (0x00000113) addi sp, zero, 0
x2 <- 0x00000000


mem[X,0x80035684] -> 0x006F
mem[X,0x80035686] -> 0x00C0
[5395] [M]: 0x80035684 (0x00C0006F) jal zero, 12


mem[X,0x80035690] -> 0x0663
mem[X,0x80035692] -> 0x00B5
[5396] [M]: 0x80035690 (0x00B50663) beq a0, a1, 12


mem[X,0x80035694] -> 0x0113
mem[X,0x80035696] -> 0x0021
[5397] [M]: 0x80035694 (0x00210113) addi sp, sp, 2
x2 <- 0x00000002


mem[X,0x80035698] -> 0x006F
mem[X,0x8003569A] -> 0x00C0
[5398] [M]: 0x80035698 (0x00C0006F) jal zero, 12


mem[X,0x800356A4] -> 0xA423
mem[X,0x800356A6] -> 0x0820
[5399] [M]: 0x800356A4 (0x0820A423) sw sp, 136(ra)
mem[0x8003A9F0] <- 0x00000002


clint::tick mtime <- 0x0000000000000036
 clint timer pending at mtime 0x0000000000000036
htif::tick 0x0000000000000000
mem[X,0x800356A8] -> 0xB537
mem[X,0x800356AA] -> 0xAAAA
[5400] [M]: 0x800356A8 (0xAAAAB537) lui a0, 699051
x10 <- 0xAAAAB000


mem[X,0x800356AC] -> 0x0513
mem[X,0x800356AE] -> 0xAAB5
[5401] [M]: 0x800356AC (0xAAB50513) addi a0, a0, 2731
x10 <- 0xAAAAAAAB


mem[X,0x800356B0] -> 0x55B7
mem[X,0x800356B2] -> 0xFFFF
[5402] [M]: 0x800356B0 (0xFFFF55B7) lui a1, 1048565
x11 <- 0xFFFF5000


mem[X,0x800356B4] -> 0x8593
mem[X,0x800356B6] -> 0xAFC5
[5403] [M]: 0x800356B4 (0xAFC58593) addi a1, a1, 2812
x11 <- 0xFFFF4AFC


mem[X,0x800356B8] -> 0x0113
mem[X,0x800356BA] -> 0x0000
[5404] [M]: 0x800356B8 (0x00000113) addi sp, zero, 0
x2 <- 0x00000000


mem[X,0x800356BC] -> 0x006F
mem[X,0x800356BE] -> 0x00C0
[5405] [M]: 0x800356BC (0x00C0006F) jal zero, 12


mem[X,0x800356C8] -> 0x0663
mem[X,0x800356CA] -> 0x00B5
[5406] [M]: 0x800356C8 (0x00B50663) beq a0, a1, 12


mem[X,0x800356CC] -> 0x0113
mem[X,0x800356CE] -> 0x0021
[5407] [M]: 0x800356CC (0x00210113) addi sp, sp, 2
x2 <- 0x00000002


mem[X,0x800356D0] -> 0x006F
mem[X,0x800356D2] -> 0x00C0
[5408] [M]: 0x800356D0 (0x00C0006F) jal zero, 12


mem[X,0x800356DC] -> 0xA623
mem[X,0x800356DE] -> 0x0820
[5409] [M]: 0x800356DC (0x0820A623) sw sp, 140(ra)
mem[0x8003A9F4] <- 0x00000002


mem[X,0x800356E0] -> 0xB537
mem[X,0x800356E2] -> 0xAAAA
[5410] [M]: 0x800356E0 (0xAAAAB537) lui a0, 699051
x10 <- 0xAAAAB000


mem[X,0x800356E4] -> 0x0513
mem[X,0x800356E6] -> 0xAAB5
[5411] [M]: 0x800356E4 (0xAAB50513) addi a0, a0, 2731
x10 <- 0xAAAAAAAB


mem[X,0x800356E8] -> 0xB5B7
mem[X,0x800356EA] -> 0x0000
[5412] [M]: 0x800356E8 (0x0000B5B7) lui a1, 11
x11 <- 0x0000B000


mem[X,0x800356EC] -> 0x8593
mem[X,0x800356EE] -> 0x5045
[5413] [M]: 0x800356EC (0x50458593) addi a1, a1, 1284
x11 <- 0x0000B504


mem[X,0x800356F0] -> 0x0113
mem[X,0x800356F2] -> 0x0000
[5414] [M]: 0x800356F0 (0x00000113) addi sp, zero, 0
x2 <- 0x00000000


mem[X,0x800356F4] -> 0x006F
mem[X,0x800356F6] -> 0x00C0
[5415] [M]: 0x800356F4 (0x00C0006F) jal zero, 12


mem[X,0x80035700] -> 0x0063
mem[X,0x80035702] -> 0x10B5
[5416] [M]: 0x80035700 (0x10B50063) beq a0, a1, 256


mem[X,0x80035704] -> 0x0113
mem[X,0x80035706] -> 0x0021
[5417] [M]: 0x80035704 (0x00210113) addi sp, sp, 2
x2 <- 0x00000002


mem[X,0x80035708] -> 0x006F
mem[X,0x8003570A] -> 0x1000
[5418] [M]: 0x80035708 (0x1000006F) jal zero, 256


mem[X,0x80035808] -> 0xA823
mem[X,0x8003580A] -> 0x0820
[5419] [M]: 0x80035808 (0x0820A823) sw sp, 144(ra)
mem[0x8003A9F8] <- 0x00000002


mem[X,0x8003580C] -> 0xB537
mem[X,0x8003580E] -> 0xAAAA
[5420] [M]: 0x8003580C (0xAAAAB537) lui a0, 699051
x10 <- 0xAAAAB000


mem[X,0x80035810] -> 0x0513
mem[X,0x80035812] -> 0xAAB5
[5421] [M]: 0x80035810 (0xAAB50513) addi a0, a0, 2731
x10 <- 0xAAAAAAAB


mem[X,0x80035814] -> 0x0593
mem[X,0x80035816] -> 0x0020
[5422] [M]: 0x80035814 (0x00200593) addi a1, zero, 2
x11 <- 0x00000002


mem[X,0x80035818] -> 0x0113
mem[X,0x8003581A] -> 0x0000
[5423] [M]: 0x80035818 (0x00000113) addi sp, zero, 0
x2 <- 0x00000000


mem[X,0x8003581C] -> 0x006F
mem[X,0x8003581E] -> 0x00C0
[5424] [M]: 0x8003581C (0x00C0006F) jal zero, 12


mem[X,0x80035828] -> 0x0CE3
mem[X,0x8003582A] -> 0xFEB5
[5425] [M]: 0x80035828 (0xFEB50CE3) beq a0, a1, 8184


mem[X,0x8003582C] -> 0x0113
mem[X,0x8003582E] -> 0x0021
[5426] [M]: 0x8003582C (0x00210113) addi sp, sp, 2
x2 <- 0x00000002


mem[X,0x80035830] -> 0x006F
mem[X,0x80035832] -> 0x00C0
[5427] [M]: 0x80035830 (0x00C0006F) jal zero, 12


mem[X,0x8003583C] -> 0xAA23
mem[X,0x8003583E] -> 0x0820
[5428] [M]: 0x8003583C (0x0820AA23) sw sp, 148(ra)
mem[0x8003A9FC] <- 0x00000002


mem[X,0x80035840] -> 0xB537
mem[X,0x80035842] -> 0xAAAA
[5429] [M]: 0x80035840 (0xAAAAB537) lui a0, 699051
x10 <- 0xAAAAB000


mem[X,0x80035844] -> 0x0513
mem[X,0x80035846] -> 0xAAB5
[5430] [M]: 0x80035844 (0xAAB50513) addi a0, a0, 2731
x10 <- 0xAAAAAAAB


mem[X,0x80035848] -> 0x55B7
mem[X,0x8003584A] -> 0x5555
[5431] [M]: 0x80035848 (0x555555B7) lui a1, 349525
x11 <- 0x55555000


mem[X,0x8003584C] -> 0x8593
mem[X,0x8003584E] -> 0x5545
[5432] [M]: 0x8003584C (0x55458593) addi a1, a1, 1364
x11 <- 0x55555554


mem[X,0x80035850] -> 0x0113
mem[X,0x80035852] -> 0x0000
[5433] [M]: 0x80035850 (0x00000113) addi sp, zero, 0
x2 <- 0x00000000


mem[X,0x80035854] -> 0x006F
mem[X,0x80035856] -> 0x00C0
[5434] [M]: 0x80035854 (0x00C0006F) jal zero, 12


mem[X,0x80035860] -> 0x0063
mem[X,0x80035862] -> 0x20B5
[5435] [M]: 0x80035860 (0x20B50063) beq a0, a1, 512


mem[X,0x80035864] -> 0x0113
mem[X,0x80035866] -> 0x0021
[5436] [M]: 0x80035864 (0x00210113) addi sp, sp, 2
x2 <- 0x00000002


mem[X,0x80035868] -> 0x006F
mem[X,0x8003586A] -> 0x2000
[5437] [M]: 0x80035868 (0x2000006F) jal zero, 512


mem[X,0x80035A68] -> 0xAC23
mem[X,0x80035A6A] -> 0x0820
[5438] [M]: 0x80035A68 (0x0820AC23) sw sp, 152(ra)
mem[0x8003AA00] <- 0x00000002


mem[X,0x80035A6C] -> 0xB537
mem[X,0x80035A6E] -> 0xAAAA
[5439] [M]: 0x80035A6C (0xAAAAB537) lui a0, 699051
x10 <- 0xAAAAB000


mem[X,0x80035A70] -> 0x0513
mem[X,0x80035A72] -> 0xAAB5
[5440] [M]: 0x80035A70 (0xAAB50513) addi a0, a0, 2731
x10 <- 0xAAAAAAAB


mem[X,0x80035A74] -> 0x0593
mem[X,0x80035A76] -> 0x0000
[5441] [M]: 0x80035A74 (0x00000593) addi a1, zero, 0
x11 <- 0x00000000


mem[X,0x80035A78] -> 0x0113
mem[X,0x80035A7A] -> 0x0000
[5442] [M]: 0x80035A78 (0x00000113) addi sp, zero, 0
x2 <- 0x00000000


mem[X,0x80035A7C] -> 0x006F
mem[X,0x80035A7E] -> 0x00C0
[5443] [M]: 0x80035A7C (0x00C0006F) jal zero, 12


mem[X,0x80035A88] -> 0x0CE3
mem[X,0x80035A8A] -> 0xFEB5
[5444] [M]: 0x80035A88 (0xFEB50CE3) beq a0, a1, 8184


mem[X,0x80035A8C] -> 0x0113
mem[X,0x80035A8E] -> 0x0021
[5445] [M]: 0x80035A8C (0x00210113) addi sp, sp, 2
x2 <- 0x00000002


mem[X,0x80035A90] -> 0x006F
mem[X,0x80035A92] -> 0x00C0
[5446] [M]: 0x80035A90 (0x00C0006F) jal zero, 12


mem[X,0x80035A9C] -> 0xAE23
mem[X,0x80035A9E] -> 0x0820
[5447] [M]: 0x80035A9C (0x0820AE23) sw sp, 156(ra)
mem[0x8003AA04] <- 0x00000002


mem[X,0x80035AA0] -> 0xB537
mem[X,0x80035AA2] -> 0xAAAA
[5448] [M]: 0x80035AA0 (0xAAAAB537) lui a0, 699051
x10 <- 0xAAAAB000


mem[X,0x80035AA4] -> 0x0513
mem[X,0x80035AA6] -> 0xAAB5
[5449] [M]: 0x80035AA4 (0xAAB50513) addi a0, a0, 2731
x10 <- 0xAAAAAAAB


mem[X,0x80035AA8] -> 0x0593
mem[X,0x80035AAA] -> 0x0040
[5450] [M]: 0x80035AA8 (0x00400593) addi a1, zero, 4
x11 <- 0x00000004


mem[X,0x80035AAC] -> 0x0113
mem[X,0x80035AAE] -> 0x0000
[5451] [M]: 0x80035AAC (0x00000113) addi sp, zero, 0
x2 <- 0x00000000


mem[X,0x80035AB0] -> 0x006F
mem[X,0x80035AB2] -> 0x00C0
[5452] [M]: 0x80035AB0 (0x00C0006F) jal zero, 12


mem[X,0x80035ABC] -> 0x0663
mem[X,0x80035ABE] -> 0x00B5
[5453] [M]: 0x80035ABC (0x00B50663) beq a0, a1, 12


mem[X,0x80035AC0] -> 0x0113
mem[X,0x80035AC2] -> 0x0021
[5454] [M]: 0x80035AC0 (0x00210113) addi sp, sp, 2
x2 <- 0x00000002


mem[X,0x80035AC4] -> 0x006F
mem[X,0x80035AC6] -> 0x00C0
[5455] [M]: 0x80035AC4 (0x00C0006F) jal zero, 12


mem[X,0x80035AD0] -> 0xA023
mem[X,0x80035AD2] -> 0x0A20
[5456] [M]: 0x80035AD0 (0x0A20A023) sw sp, 160(ra)
mem[0x8003AA08] <- 0x00000002


mem[X,0x80035AD4] -> 0xB537
mem[X,0x80035AD6] -> 0xAAAA
[5457] [M]: 0x80035AD4 (0xAAAAB537) lui a0, 699051
x10 <- 0xAAAAB000


mem[X,0x80035AD8] -> 0x0513
mem[X,0x80035ADA] -> 0xAAB5
[5458] [M]: 0x80035AD8 (0xAAB50513) addi a0, a0, 2731
x10 <- 0xAAAAAAAB


mem[X,0x80035ADC] -> 0x35B7
mem[X,0x80035ADE] -> 0x3333
[5459] [M]: 0x80035ADC (0x333335B7) lui a1, 209715
x11 <- 0x33333000


mem[X,0x80035AE0] -> 0x8593
mem[X,0x80035AE2] -> 0x3325
[5460] [M]: 0x80035AE0 (0x33258593) addi a1, a1, 818
x11 <- 0x33333332


mem[X,0x80035AE4] -> 0x0113
mem[X,0x80035AE6] -> 0x0000
[5461] [M]: 0x80035AE4 (0x00000113) addi sp, zero, 0
x2 <- 0x00000000


mem[X,0x80035AE8] -> 0x006F
mem[X,0x80035AEA] -> 0x00C0
[5462] [M]: 0x80035AE8 (0x00C0006F) jal zero, 12


mem[X,0x80035AF4] -> 0x0063
mem[X,0x80035AF6] -> 0x40B5
[5463] [M]: 0x80035AF4 (0x40B50063) beq a0, a1, 1024


mem[X,0x80035AF8] -> 0x0113
mem[X,0x80035AFA] -> 0x0021
[5464] [M]: 0x80035AF8 (0x00210113) addi sp, sp, 2
x2 <- 0x00000002


mem[X,0x80035AFC] -> 0x006F
mem[X,0x80035AFE] -> 0x4000
[5465] [M]: 0x80035AFC (0x4000006F) jal zero, 1024


mem[X,0x80035EFC] -> 0xA223
mem[X,0x80035EFE] -> 0x0A20
[5466] [M]: 0x80035EFC (0x0A20A223) sw sp, 164(ra)
mem[0x8003AA0C] <- 0x00000002


mem[X,0x80035F00] -> 0xB537
mem[X,0x80035F02] -> 0xAAAA
[5467] [M]: 0x80035F00 (0xAAAAB537) lui a0, 699051
x10 <- 0xAAAAB000


mem[X,0x80035F04] -> 0x0513
mem[X,0x80035F06] -> 0xAAB5
[5468] [M]: 0x80035F04 (0xAAB50513) addi a0, a0, 2731
x10 <- 0xAAAAAAAB


mem[X,0x80035F08] -> 0x65B7
mem[X,0x80035F0A] -> 0x6666
[5469] [M]: 0x80035F08 (0x666665B7) lui a1, 419430
x11 <- 0x66666000


mem[X,0x80035F0C] -> 0x8593
mem[X,0x80035F0E] -> 0x6655
[5470] [M]: 0x80035F0C (0x66558593) addi a1, a1, 1637
x11 <- 0x66666665


mem[X,0x80035F10] -> 0x0113
mem[X,0x80035F12] -> 0x0000
[5471] [M]: 0x80035F10 (0x00000113) addi sp, zero, 0
x2 <- 0x00000000


mem[X,0x80035F14] -> 0x006F
mem[X,0x80035F16] -> 0x00C0
[5472] [M]: 0x80035F14 (0x00C0006F) jal zero, 12


mem[X,0x80035F20] -> 0x0063
mem[X,0x80035F22] -> 0x04B5
[5473] [M]: 0x80035F20 (0x04B50063) beq a0, a1, 64


mem[X,0x80035F24] -> 0x0113
mem[X,0x80035F26] -> 0x0021
[5474] [M]: 0x80035F24 (0x00210113) addi sp, sp, 2
x2 <- 0x00000002


mem[X,0x80035F28] -> 0x006F
mem[X,0x80035F2A] -> 0x0400
[5475] [M]: 0x80035F28 (0x0400006F) jal zero, 64


mem[X,0x80035F68] -> 0xA423
mem[X,0x80035F6A] -> 0x0A20
[5476] [M]: 0x80035F68 (0x0A20A423) sw sp, 168(ra)
mem[0x8003AA10] <- 0x00000002


mem[X,0x80035F6C] -> 0xB537
mem[X,0x80035F6E] -> 0xAAAA
[5477] [M]: 0x80035F6C (0xAAAAB537) lui a0, 699051
x10 <- 0xAAAAB000


mem[X,0x80035F70] -> 0x0513
mem[X,0x80035F72] -> 0xAAB5
[5478] [M]: 0x80035F70 (0xAAB50513) addi a0, a0, 2731
x10 <- 0xAAAAAAAB


mem[X,0x80035F74] -> 0xB5B7
mem[X,0x80035F76] -> 0x0000
[5479] [M]: 0x80035F74 (0x0000B5B7) lui a1, 11
x11 <- 0x0000B000


mem[X,0x80035F78] -> 0x8593
mem[X,0x80035F7A] -> 0x5035
[5480] [M]: 0x80035F78 (0x50358593) addi a1, a1, 1283
x11 <- 0x0000B503


mem[X,0x80035F7C] -> 0x0113
mem[X,0x80035F7E] -> 0x0000
[5481] [M]: 0x80035F7C (0x00000113) addi sp, zero, 0
x2 <- 0x00000000


mem[X,0x80035F80] -> 0x006F
mem[X,0x80035F82] -> 0x00C0
[5482] [M]: 0x80035F80 (0x00C0006F) jal zero, 12


mem[X,0x80035F8C] -> 0x0863
mem[X,0x80035F8E] -> 0x00B5
[5483] [M]: 0x80035F8C (0x00B50863) beq a0, a1, 16


mem[X,0x80035F90] -> 0x0113
mem[X,0x80035F92] -> 0x0021
[5484] [M]: 0x80035F90 (0x00210113) addi sp, sp, 2
x2 <- 0x00000002


mem[X,0x80035F94] -> 0x006F
mem[X,0x80035F96] -> 0x0100
[5485] [M]: 0x80035F94 (0x0100006F) jal zero, 16


mem[X,0x80035FA4] -> 0xA623
mem[X,0x80035FA6] -> 0x0A20
[5486] [M]: 0x80035FA4 (0x0A20A623) sw sp, 172(ra)
mem[0x8003AA14] <- 0x00000002


mem[X,0x80035FA8] -> 0xB537
mem[X,0x80035FAA] -> 0xAAAA
[5487] [M]: 0x80035FA8 (0xAAAAB537) lui a0, 699051
x10 <- 0xAAAAB000


mem[X,0x80035FAC] -> 0x0513
mem[X,0x80035FAE] -> 0xAAB5
[5488] [M]: 0x80035FAC (0xAAB50513) addi a0, a0, 2731
x10 <- 0xAAAAAAAB


mem[X,0x80035FB0] -> 0x55B7
mem[X,0x80035FB2] -> 0x5555
[5489] [M]: 0x80035FB0 (0x555555B7) lui a1, 349525
x11 <- 0x55555000


mem[X,0x80035FB4] -> 0x8593
mem[X,0x80035FB6] -> 0x5565
[5490] [M]: 0x80035FB4 (0x55658593) addi a1, a1, 1366
x11 <- 0x55555556


mem[X,0x80035FB8] -> 0x0113
mem[X,0x80035FBA] -> 0x0000
[5491] [M]: 0x80035FB8 (0x00000113) addi sp, zero, 0
x2 <- 0x00000000


mem[X,0x80035FBC] -> 0x006F
mem[X,0x80035FBE] -> 0x0050
[5492] [M]: 0x80035FBC (0x0050006F) jal zero, 2052


mem[X,0x800367C0] -> 0x00E3
mem[X,0x800367C2] -> 0x80B5
[5493] [M]: 0x800367C0 (0x80B500E3) beq a0, a1, 6144


mem[X,0x800367C4] -> 0x0113
mem[X,0x800367C6] -> 0x0021
[5494] [M]: 0x800367C4 (0x00210113) addi sp, sp, 2
x2 <- 0x00000002


mem[X,0x800367C8] -> 0x006F
mem[X,0x800367CA] -> 0x00C0
[5495] [M]: 0x800367C8 (0x00C0006F) jal zero, 12


mem[X,0x800367D4] -> 0xA823
mem[X,0x800367D6] -> 0x0A20
[5496] [M]: 0x800367D4 (0x0A20A823) sw sp, 176(ra)
mem[0x8003AA18] <- 0x00000002


mem[X,0x800367D8] -> 0xB537
mem[X,0x800367DA] -> 0xAAAA
[5497] [M]: 0x800367D8 (0xAAAAB537) lui a0, 699051
x10 <- 0xAAAAB000


mem[X,0x800367DC] -> 0x0513
mem[X,0x800367DE] -> 0xAAB5
[5498] [M]: 0x800367DC (0xAAB50513) addi a0, a0, 2731
x10 <- 0xAAAAAAAB


mem[X,0x800367E0] -> 0xB5B7
mem[X,0x800367E2] -> 0xAAAA
[5499] [M]: 0x800367E0 (0xAAAAB5B7) lui a1, 699051
x11 <- 0xAAAAB000


clint::tick mtime <- 0x0000000000000037
 clint timer pending at mtime 0x0000000000000037
htif::tick 0x0000000000000000
mem[X,0x800367E4] -> 0x8593
mem[X,0x800367E6] -> 0xAAB5
[5500] [M]: 0x800367E4 (0xAAB58593) addi a1, a1, 2731
x11 <- 0xAAAAAAAB


mem[X,0x800367E8] -> 0x0113
mem[X,0x800367EA] -> 0x0000
[5501] [M]: 0x800367E8 (0x00000113) addi sp, zero, 0
x2 <- 0x00000000


mem[X,0x800367EC] -> 0x006F
mem[X,0x800367EE] -> 0x00C0
[5502] [M]: 0x800367EC (0x00C0006F) jal zero, 12


mem[X,0x800367F8] -> 0x0063
mem[X,0x800367FA] -> 0x04B5
[5503] [M]: 0x800367F8 (0x04B50063) beq a0, a1, 64


mem[X,0x80036838] -> 0x0113
mem[X,0x8003683A] -> 0x0031
[5504] [M]: 0x80036838 (0x00310113) addi sp, sp, 3
x2 <- 0x00000003


mem[X,0x8003683C] -> 0x006F
mem[X,0x8003683E] -> 0x0040
[5505] [M]: 0x8003683C (0x0040006F) jal zero, 4


mem[X,0x80036840] -> 0xAA23
mem[X,0x80036842] -> 0x0A20
[5506] [M]: 0x80036840 (0x0A20AA23) sw sp, 180(ra)
mem[0x8003AA1C] <- 0x00000003


mem[X,0x80036844] -> 0xB537
mem[X,0x80036846] -> 0xAAAA
[5507] [M]: 0x80036844 (0xAAAAB537) lui a0, 699051
x10 <- 0xAAAAB000


mem[X,0x80036848] -> 0x0513
mem[X,0x8003684A] -> 0xAAB5
[5508] [M]: 0x80036848 (0xAAB50513) addi a0, a0, 2731
x10 <- 0xAAAAAAAB


mem[X,0x8003684C] -> 0x0593
mem[X,0x8003684E] -> 0x0060
[5509] [M]: 0x8003684C (0x00600593) addi a1, zero, 6
x11 <- 0x00000006


mem[X,0x80036850] -> 0x0113
mem[X,0x80036852] -> 0x0000
[5510] [M]: 0x80036850 (0x00000113) addi sp, zero, 0
x2 <- 0x00000000


mem[X,0x80036854] -> 0x006F
mem[X,0x80036856] -> 0x00C0
[5511] [M]: 0x80036854 (0x00C0006F) jal zero, 12


mem[X,0x80036860] -> 0x0063
mem[X,0x80036862] -> 0x04B5
[5512] [M]: 0x80036860 (0x04B50063) beq a0, a1, 64


mem[X,0x80036864] -> 0x0113
mem[X,0x80036866] -> 0x0021
[5513] [M]: 0x80036864 (0x00210113) addi sp, sp, 2
x2 <- 0x00000002


mem[X,0x80036868] -> 0x006F
mem[X,0x8003686A] -> 0x0400
[5514] [M]: 0x80036868 (0x0400006F) jal zero, 64


mem[X,0x800368A8] -> 0xAC23
mem[X,0x800368AA] -> 0x0A20
[5515] [M]: 0x800368A8 (0x0A20AC23) sw sp, 184(ra)
mem[0x8003AA20] <- 0x00000002


mem[X,0x800368AC] -> 0x5537
mem[X,0x800368AE] -> 0x5555
[5516] [M]: 0x800368AC (0x55555537) lui a0, 349525
x10 <- 0x55555000


mem[X,0x800368B0] -> 0x0513
mem[X,0x800368B2] -> 0x5555
[5517] [M]: 0x800368B0 (0x55550513) addi a0, a0, 1365
x10 <- 0x55555555


mem[X,0x800368B4] -> 0x05B7
mem[X,0x800368B6] -> 0x0004
[5518] [M]: 0x800368B4 (0x000405B7) lui a1, 64
x11 <- 0x00040000


mem[X,0x800368B8] -> 0x0113
mem[X,0x800368BA] -> 0x0000
[5519] [M]: 0x800368B8 (0x00000113) addi sp, zero, 0
x2 <- 0x00000000


mem[X,0x800368BC] -> 0x006F
mem[X,0x800368BE] -> 0x0050
[5520] [M]: 0x800368BC (0x0050006F) jal zero, 2052


mem[X,0x800370C0] -> 0x00E3
mem[X,0x800370C2] -> 0x80B5
[5521] [M]: 0x800370C0 (0x80B500E3) beq a0, a1, 6144


mem[X,0x800370C4] -> 0x0113
mem[X,0x800370C6] -> 0x0021
[5522] [M]: 0x800370C4 (0x00210113) addi sp, sp, 2
x2 <- 0x00000002


mem[X,0x800370C8] -> 0x006F
mem[X,0x800370CA] -> 0x00C0
[5523] [M]: 0x800370C8 (0x00C0006F) jal zero, 12


mem[X,0x800370D4] -> 0xAE23
mem[X,0x800370D6] -> 0x0A20
[5524] [M]: 0x800370D4 (0x0A20AE23) sw sp, 188(ra)
mem[0x8003AA24] <- 0x00000002


mem[X,0x800370D8] -> 0x0537
mem[X,0x800370DA] -> 0x2000
[5525] [M]: 0x800370D8 (0x20000537) lui a0, 131072
x10 <- 0x20000000


mem[X,0x800370DC] -> 0x55B7
mem[X,0x800370DE] -> 0xFFFF
[5526] [M]: 0x800370DC (0xFFFF55B7) lui a1, 1048565
x11 <- 0xFFFF5000


mem[X,0x800370E0] -> 0x8593
mem[X,0x800370E2] -> 0xAFC5
[5527] [M]: 0x800370E0 (0xAFC58593) addi a1, a1, 2812
x11 <- 0xFFFF4AFC


mem[X,0x800370E4] -> 0x0113
mem[X,0x800370E6] -> 0x0000
[5528] [M]: 0x800370E4 (0x00000113) addi sp, zero, 0
x2 <- 0x00000000


mem[X,0x800370E8] -> 0x006F
mem[X,0x800370EA] -> 0x00C0
[5529] [M]: 0x800370E8 (0x00C0006F) jal zero, 12


mem[X,0x800370F4] -> 0x0063
mem[X,0x800370F6] -> 0x02B5
[5530] [M]: 0x800370F4 (0x02B50063) beq a0, a1, 32


mem[X,0x800370F8] -> 0x0113
mem[X,0x800370FA] -> 0x0021
[5531] [M]: 0x800370F8 (0x00210113) addi sp, sp, 2
x2 <- 0x00000002


mem[X,0x800370FC] -> 0x006F
mem[X,0x800370FE] -> 0x0200
[5532] [M]: 0x800370FC (0x0200006F) jal zero, 32


mem[X,0x8003711C] -> 0xA023
mem[X,0x8003711E] -> 0x0C20
[5533] [M]: 0x8003711C (0x0C20A023) sw sp, 192(ra)
mem[0x8003AA28] <- 0x00000002


mem[X,0x80037120] -> 0x0537
mem[X,0x80037122] -> 0x0010
[5534] [M]: 0x80037120 (0x00100537) lui a0, 256
x10 <- 0x00100000


mem[X,0x80037124] -> 0x85B7
mem[X,0x80037126] -> 0x0000
[5535] [M]: 0x80037124 (0x000085B7) lui a1, 8
x11 <- 0x00008000


mem[X,0x80037128] -> 0x0113
mem[X,0x8003712A] -> 0x0000
[5536] [M]: 0x80037128 (0x00000113) addi sp, zero, 0
x2 <- 0x00000000


mem[X,0x8003712C] -> 0x006F
mem[X,0x8003712E] -> 0x00C0
[5537] [M]: 0x8003712C (0x00C0006F) jal zero, 12


mem[X,0x80037138] -> 0x0063
mem[X,0x8003713A] -> 0x10B5
[5538] [M]: 0x80037138 (0x10B50063) beq a0, a1, 256


mem[X,0x8003713C] -> 0x0113
mem[X,0x8003713E] -> 0x0021
[5539] [M]: 0x8003713C (0x00210113) addi sp, sp, 2
x2 <- 0x00000002


mem[X,0x80037140] -> 0x006F
mem[X,0x80037142] -> 0x1000
[5540] [M]: 0x80037140 (0x1000006F) jal zero, 256


mem[X,0x80037240] -> 0xA223
mem[X,0x80037242] -> 0x0C20
[5541] [M]: 0x80037240 (0x0C20A223) sw sp, 196(ra)
mem[0x8003AA2C] <- 0x00000002


mem[X,0x80037244] -> 0x006F
mem[X,0x80037246] -> 0x0200
[5542] [M]: 0x80037244 (0x0200006F) jal zero, 32


mem[X,0x80037264] -> 0x0093
mem[X,0x80037266] -> 0x0010
[5543] [M]: 0x80037264 (0x00100093) addi ra, zero, 1
x1 <- 0x00000001


mem[X,0x80037268] -> 0x1F17
mem[X,0x8003726A] -> 0x0000
[5544] [M]: 0x80037268 (0x00001F17) auipc t5, 1
x30 <- 0x80038268


mem[X,0x8003726C] -> 0x2C23
mem[X,0x8003726E] -> 0xD81F
[5545] [M]: 0x8003726C (0xD81F2C23) sw ra, 3480(t5)
htif[0x80038000] <- 0x00000001


mem[X,0x80037270] -> 0xF06F
mem[X,0x80037272] -> 0xFF9F
[5546] [M]: 0x80037270 (0xFF9FF06F) jal zero, 2097144


mem[X,0x80037268] -> 0x1F17
mem[X,0x8003726A] -> 0x0000
[5547] [M]: 0x80037268 (0x00001F17) auipc t5, 1
x30 <- 0x80038268


mem[X,0x8003726C] -> 0x2C23
mem[X,0x8003726E] -> 0xD81F
[5548] [M]: 0x8003726C (0xD81F2C23) sw ra, 3480(t5)
htif[0x80038000] <- 0x00000001


mem[X,0x80037270] -> 0xF06F
mem[X,0x80037272] -> 0xFF9F
[5549] [M]: 0x80037270 (0xFF9FF06F) jal zero, 2097144


mem[X,0x80037268] -> 0x1F17
mem[X,0x8003726A] -> 0x0000
[5550] [M]: 0x80037268 (0x00001F17) auipc t5, 1
x30 <- 0x80038268


mem[X,0x8003726C] -> 0x2C23
mem[X,0x8003726E] -> 0xD81F
[5551] [M]: 0x8003726C (0xD81F2C23) sw ra, 3480(t5)
htif[0x80038000] <- 0x00000001
htif-syscall-proxy cmd: 0x000000000001

SUCCESS
