using /home/abdul_waheed/github_files/UET-Pcore-with-c-ext/verif/riscof_work/src/srai-01.S/ref/Reference-sail_c_simulator.signature for test-signature output.
[Sail] Allocating new block 0x80000000
tohost located at 0x80001000
[Sail] Allocating new block 0x0

Running file ref.elf.
ELF Entry @ 0x80000000
begin_signature: 0x80003110
end_signature: 0x80003280
CSR mstatus <- 0x00000000 (input: 0x00000000)
mem[X,0x00001000] -> 0x0297
mem[X,0x00001002] -> 0x0000
[0] [M]: 0x00001000 (0x00000297) auipc t0, 0
x5 <- 0x00001000


mem[X,0x00001004] -> 0x8593
mem[X,0x00001006] -> 0x0202
[1] [M]: 0x00001004 (0x02028593) addi a1, t0, 32
x11 <- 0x00001020


mem[X,0x00001008] -> 0x2573
mem[X,0x0000100A] -> 0xF140
[2] [M]: 0x00001008 (0xF1402573) csrrs a0, mhartid, zero
CSR mhartid -> 0x00000000
x10 <- 0x00000000


mem[X,0x0000100C] -> 0xA283
mem[X,0x0000100E] -> 0x0182
[3] [M]: 0x0000100C (0x0182A283) lw t0, 24(t0)
mem[R,0x00001018] -> 0x80000000
x5 <- 0x80000000


mem[X,0x00001010] -> 0x8067
mem[X,0x00001012] -> 0x0002
[4] [M]: 0x00001010 (0x00028067) jalr zero, t0, 0


mem[X,0x80000000] -> 0xC0B7
mem[X,0x80000002] -> 0xFEED
[5] [M]: 0x80000000 (0xFEEDC0B7) lui ra, 1044188
x1 <- 0xFEEDC000


mem[X,0x80000004] -> 0x8093
mem[X,0x80000006] -> 0xEAD0
[6] [M]: 0x80000004 (0xEAD08093) addi ra, ra, 3757
x1 <- 0xFEEDBEAD


mem[X,0x80000008] -> 0xE137
mem[X,0x8000000A] -> 0xFF76
[7] [M]: 0x80000008 (0xFF76E137) lui sp, 1046382
x2 <- 0xFF76E000


mem[X,0x8000000C] -> 0x0113
mem[X,0x8000000E] -> 0xF561
[8] [M]: 0x8000000C (0xF5610113) addi sp, sp, 3926
x2 <- 0xFF76DF56


mem[X,0x80000010] -> 0x71B7
mem[X,0x80000012] -> 0x7FBB
[9] [M]: 0x80000010 (0x7FBB71B7) lui gp, 523191
x3 <- 0x7FBB7000


mem[X,0x80000014] -> 0x8193
mem[X,0x80000016] -> 0xFAB1
[10] [M]: 0x80000014 (0xFAB18193) addi gp, gp, 4011
x3 <- 0x7FBB6FAB


mem[X,0x80000018] -> 0xB237
mem[X,0x8000001A] -> 0xBFDD
[11] [M]: 0x80000018 (0xBFDDB237) lui tp, 785883
x4 <- 0xBFDDB000


mem[X,0x8000001C] -> 0x0213
mem[X,0x8000001E] -> 0x7D52
[12] [M]: 0x8000001C (0x7D520213) addi tp, tp, 2005
x4 <- 0xBFDDB7D5


mem[X,0x80000020] -> 0xE2B7
mem[X,0x80000022] -> 0xDFEE
[13] [M]: 0x80000020 (0xDFEEE2B7) lui t0, 917230
x5 <- 0xDFEEE000


mem[X,0x80000024] -> 0x8293
mem[X,0x80000026] -> 0xBEA2
[14] [M]: 0x80000024 (0xBEA28293) addi t0, t0, 3050
x5 <- 0xDFEEDBEA


mem[X,0x80000028] -> 0x7337
mem[X,0x8000002A] -> 0x6FF7
[15] [M]: 0x80000028 (0x6FF77337) lui t1, 458615
x6 <- 0x6FF77000


mem[X,0x8000002C] -> 0x0313
mem[X,0x8000002E] -> 0xDF53
[16] [M]: 0x8000002C (0xDF530313) addi t1, t1, 3573
x6 <- 0x6FF76DF5


mem[X,0x80000030] -> 0xB3B7
mem[X,0x80000032] -> 0xB7FB
[17] [M]: 0x80000030 (0xB7FBB3B7) lui t2, 753595
x7 <- 0xB7FBB000


mem[X,0x80000034] -> 0x8393
mem[X,0x80000036] -> 0x6FA3
[18] [M]: 0x80000034 (0x6FA38393) addi t2, t2, 1786
x7 <- 0xB7FBB6FA


mem[X,0x80000038] -> 0xE437
mem[X,0x8000003A] -> 0x5BFD
[19] [M]: 0x80000038 (0x5BFDE437) lui fp, 376798
x8 <- 0x5BFDE000


mem[X,0x8000003C] -> 0x0413
mem[X,0x8000003E] -> 0xB7D4
[20] [M]: 0x8000003C (0xB7D40413) addi fp, fp, 2941
x8 <- 0x5BFDDB7D


mem[X,0x80000040] -> 0xF4B7
mem[X,0x80000042] -> 0xADFE
[21] [M]: 0x80000040 (0xADFEF4B7) lui s1, 712687
x9 <- 0xADFEF000


mem[X,0x80000044] -> 0x8493
mem[X,0x80000046] -> 0xDBE4
[22] [M]: 0x80000044 (0xDBE48493) addi s1, s1, 3518
x9 <- 0xADFEEDBE


mem[X,0x80000048] -> 0x7537
mem[X,0x8000004A] -> 0x56FF
[23] [M]: 0x80000048 (0x56FF7537) lui a0, 356343
x10 <- 0x56FF7000


mem[X,0x8000004C] -> 0x0513
mem[X,0x8000004E] -> 0x6DF5
[24] [M]: 0x8000004C (0x6DF50513) addi a0, a0, 1759
x10 <- 0x56FF76DF


mem[X,0x80000050] -> 0xC5B7
mem[X,0x80000052] -> 0xAB7F
[25] [M]: 0x80000050 (0xAB7FC5B7) lui a1, 702460
x11 <- 0xAB7FC000


mem[X,0x80000054] -> 0x8593
mem[X,0x80000056] -> 0xB6F5
[26] [M]: 0x80000054 (0xB6F58593) addi a1, a1, 2927
x11 <- 0xAB7FBB6F


mem[X,0x80000058] -> 0xE637
mem[X,0x8000005A] -> 0xD5BF
[27] [M]: 0x80000058 (0xD5BFE637) lui a2, 875518
x12 <- 0xD5BFE000


mem[X,0x8000005C] -> 0x0613
mem[X,0x8000005E] -> 0xDB76
[28] [M]: 0x8000005C (0xDB760613) addi a2, a2, 3511
x12 <- 0xD5BFDDB7


mem[X,0x80000060] -> 0xF6B7
mem[X,0x80000062] -> 0xEADF
[29] [M]: 0x80000060 (0xEADFF6B7) lui a3, 962047
x13 <- 0xEADFF000


mem[X,0x80000064] -> 0x8693
mem[X,0x80000066] -> 0xEDB6
[30] [M]: 0x80000064 (0xEDB68693) addi a3, a3, 3803
x13 <- 0xEADFEEDB


mem[X,0x80000068] -> 0xF737
mem[X,0x8000006A] -> 0xF56F
[31] [M]: 0x80000068 (0xF56FF737) lui a4, 1005311
x14 <- 0xF56FF000


mem[X,0x8000006C] -> 0x0713
mem[X,0x8000006E] -> 0x76D7
[32] [M]: 0x8000006C (0x76D70713) addi a4, a4, 1901
x14 <- 0xF56FF76D


mem[X,0x80000070] -> 0x07B7
mem[X,0x80000072] -> 0xFAB8
[33] [M]: 0x80000070 (0xFAB807B7) lui a5, 1026944
x15 <- 0xFAB80000


mem[X,0x80000074] -> 0x8793
mem[X,0x80000076] -> 0xBB67
[34] [M]: 0x80000074 (0xBB678793) addi a5, a5, 2998
x15 <- 0xFAB7FBB6


mem[X,0x80000078] -> 0x0837
mem[X,0x8000007A] -> 0x7D5C
[35] [M]: 0x80000078 (0x7D5C0837) lui a6, 513472
x16 <- 0x7D5C0000


mem[X,0x8000007C] -> 0x0813
mem[X,0x8000007E] -> 0xDDB8
[36] [M]: 0x8000007C (0xDDB80813) addi a6, a6, 3547
x16 <- 0x7D5BFDDB


mem[X,0x80000080] -> 0x08B7
mem[X,0x80000082] -> 0xBEAE
[37] [M]: 0x80000080 (0xBEAE08B7) lui a7, 781024
x17 <- 0xBEAE0000


mem[X,0x80000084] -> 0x8893
mem[X,0x80000086] -> 0xEED8
[38] [M]: 0x80000084 (0xEED88893) addi a7, a7, 3821
x17 <- 0xBEADFEED


mem[X,0x80000088] -> 0x0937
mem[X,0x8000008A] -> 0xDF57
[39] [M]: 0x80000088 (0xDF570937) lui s2, 914800
x18 <- 0xDF570000


mem[X,0x8000008C] -> 0x0913
mem[X,0x8000008E] -> 0xF769
[40] [M]: 0x8000008C (0xF7690913) addi s2, s2, 3958
x18 <- 0xDF56FF76


mem[X,0x80000090] -> 0x89B7
mem[X,0x80000092] -> 0x6FAB
[41] [M]: 0x80000090 (0x6FAB89B7) lui s3, 457400
x19 <- 0x6FAB8000


mem[X,0x80000094] -> 0x8993
mem[X,0x80000096] -> 0xFBB9
[42] [M]: 0x80000094 (0xFBB98993) addi s3, s3, 4027
x19 <- 0x6FAB7FBB


mem[X,0x80000098] -> 0xCA37
mem[X,0x8000009A] -> 0xB7D5
[43] [M]: 0x80000098 (0xB7D5CA37) lui s4, 752988
x20 <- 0xB7D5C000


mem[X,0x8000009C] -> 0x0A13
mem[X,0x8000009E] -> 0xFDDA
[44] [M]: 0x8000009C (0xFDDA0A13) addi s4, s4, 4061
x20 <- 0xB7D5BFDD


mem[X,0x800000A0] -> 0xEAB7
mem[X,0x800000A2] -> 0xDBEA
[45] [M]: 0x800000A0 (0xDBEAEAB7) lui s5, 900782
x21 <- 0xDBEAE000


mem[X,0x800000A4] -> 0x8A93
mem[X,0x800000A6] -> 0xFEEA
[46] [M]: 0x800000A4 (0xFEEA8A93) addi s5, s5, 4078
x21 <- 0xDBEADFEE


mem[X,0x800000A8] -> 0x7B37
mem[X,0x800000AA] -> 0x6DF5
[47] [M]: 0x800000A8 (0x6DF57B37) lui s6, 450391
x22 <- 0x6DF57000


mem[X,0x800000AC] -> 0x0B13
mem[X,0x800000AE] -> 0xFF7B
[48] [M]: 0x800000AC (0xFF7B0B13) addi s6, s6, 4087
x22 <- 0x6DF56FF7


mem[X,0x800000B0] -> 0xBBB7
mem[X,0x800000B2] -> 0xB6FA
[49] [M]: 0x800000B0 (0xB6FABBB7) lui s7, 749483
x23 <- 0xB6FAB000


mem[X,0x800000B4] -> 0x8B93
mem[X,0x800000B6] -> 0x7FBB
[50] [M]: 0x800000B4 (0x7FBB8B93) addi s7, s7, 2043
x23 <- 0xB6FAB7FB


mem[X,0x800000B8] -> 0x6C37
mem[X,0x800000BA] -> 0xDB7D
[51] [M]: 0x800000B8 (0xDB7D6C37) lui s8, 899030
x24 <- 0xDB7D6000


mem[X,0x800000BC] -> 0x0C13
mem[X,0x800000BE] -> 0xBFDC
[52] [M]: 0x800000BC (0xBFDC0C13) addi s8, s8, 3069
x24 <- 0xDB7D5BFD


mem[X,0x800000C0] -> 0xBCB7
mem[X,0x800000C2] -> 0xEDBE
[53] [M]: 0x800000C0 (0xEDBEBCB7) lui s9, 973803
x25 <- 0xEDBEB000


mem[X,0x800000C4] -> 0x8C93
mem[X,0x800000C6] -> 0xDFEC
[54] [M]: 0x800000C4 (0xDFEC8C93) addi s9, s9, 3582
x25 <- 0xEDBEADFE


mem[X,0x800000C8] -> 0x5D37
mem[X,0x800000CA] -> 0x76DF
[55] [M]: 0x800000C8 (0x76DF5D37) lui s10, 486901
x26 <- 0x76DF5000


mem[X,0x800000CC] -> 0x0D13
mem[X,0x800000CE] -> 0x6FFD
[56] [M]: 0x800000CC (0x6FFD0D13) addi s10, s10, 1791
x26 <- 0x76DF56FF


mem[X,0x800000D0] -> 0xBDB7
mem[X,0x800000D2] -> 0xBB6F
[57] [M]: 0x800000D0 (0xBB6FBDB7) lui s11, 767739
x27 <- 0xBB6FB000


mem[X,0x800000D4] -> 0x8D93
mem[X,0x800000D6] -> 0xB7FD
[58] [M]: 0x800000D4 (0xB7FD8D93) addi s11, s11, 2943
x27 <- 0xBB6FAB7F


mem[X,0x800000D8] -> 0xDE37
mem[X,0x800000DA] -> 0xDDB7
[59] [M]: 0x800000D8 (0xDDB7DE37) lui t3, 908157
x28 <- 0xDDB7D000


mem[X,0x800000DC] -> 0x0E13
mem[X,0x800000DE] -> 0x5BFE
[60] [M]: 0x800000DC (0x5BFE0E13) addi t3, t3, 1471
x28 <- 0xDDB7D5BF


mem[X,0x800000E0] -> 0xFEB7
mem[X,0x800000E2] -> 0xEEDB
[61] [M]: 0x800000E0 (0xEEDBFEB7) lui t4, 978367
x29 <- 0xEEDBF000


mem[X,0x800000E4] -> 0x8E93
mem[X,0x800000E6] -> 0xADFE
[62] [M]: 0x800000E4 (0xADFE8E93) addi t4, t4, 2783
x29 <- 0xEEDBEADF


mem[X,0x800000E8] -> 0xFF37
mem[X,0x800000EA] -> 0xF76D
[63] [M]: 0x800000E8 (0xF76DFF37) lui t5, 1013471
x30 <- 0xF76DF000


mem[X,0x800000EC] -> 0x0F13
mem[X,0x800000EE] -> 0x56FF
[64] [M]: 0x800000EC (0x56FF0F13) addi t5, t5, 1391
x30 <- 0xF76DF56F


mem[X,0x800000F0] -> 0x0FB7
mem[X,0x800000F2] -> 0xFBB7
[65] [M]: 0x800000F0 (0xFBB70FB7) lui t6, 1031024
x31 <- 0xFBB70000


mem[X,0x800000F4] -> 0x8F93
mem[X,0x800000F6] -> 0xAB7F
[66] [M]: 0x800000F4 (0xAB7F8F93) addi t6, t6, 2743
x31 <- 0xFBB6FAB7


mem[X,0x800000F8] -> 0x0013
mem[X,0x800000FA] -> 0x0000
[67] [M]: 0x800000F8 (0x00000013) addi zero, zero, 0


mem[X,0x800000FC] -> 0x0013
mem[X,0x800000FE] -> 0x0000
[68] [M]: 0x800000FC (0x00000013) addi zero, zero, 0


mem[X,0x80000100] -> 0x3217
mem[X,0x80000102] -> 0x0000
[69] [M]: 0x80000100 (0x00003217) auipc tp, 3
x4 <- 0x80003100


mem[X,0x80000104] -> 0x0213
mem[X,0x80000106] -> 0x0142
[70] [M]: 0x80000104 (0x01420213) addi tp, tp, 20
x4 <- 0x80003114


mem[X,0x80000108] -> 0x0013
mem[X,0x8000010A] -> 0x0000
[71] [M]: 0x80000108 (0x00000013) addi zero, zero, 0


mem[X,0x8000010C] -> 0x0013
mem[X,0x8000010E] -> 0x0000
[72] [M]: 0x8000010C (0x00000013) addi zero, zero, 0


mem[X,0x80000110] -> 0x0013
mem[X,0x80000112] -> 0x0000
[73] [M]: 0x80000110 (0x00000013) addi zero, zero, 0


mem[X,0x80000114] -> 0x0013
mem[X,0x80000116] -> 0x0000
[74] [M]: 0x80000114 (0x00000013) addi zero, zero, 0


mem[X,0x80000118] -> 0x0013
mem[X,0x8000011A] -> 0x0000
[75] [M]: 0x80000118 (0x00000013) addi zero, zero, 0


mem[X,0x8000011C] -> 0x0013
mem[X,0x8000011E] -> 0x0000
[76] [M]: 0x8000011C (0x00000013) addi zero, zero, 0


mem[X,0x80000120] -> 0x0F93
mem[X,0x80000122] -> 0xFF70
[77] [M]: 0x80000120 (0xFF700F93) addi t6, zero, 4087
x31 <- 0xFFFFFFF7


mem[X,0x80000124] -> 0xDC93
mem[X,0x80000126] -> 0x409F
[78] [M]: 0x80000124 (0x409FDC93) srai s9, t6, 9
x25 <- 0xFFFFFFFF


mem[X,0x80000128] -> 0x2023
mem[X,0x8000012A] -> 0x0192
[79] [M]: 0x80000128 (0x01922023) sw s9, 0(tp)
mem[0x80003114] <- 0xFFFFFFFF


mem[X,0x8000012C] -> 0x0513
mem[X,0x8000012E] -> 0x0050
[80] [M]: 0x8000012C (0x00500513) addi a0, zero, 5
x10 <- 0x00000005


mem[X,0x80000130] -> 0x5513
mem[X,0x80000132] -> 0x4015
[81] [M]: 0x80000130 (0x40155513) srai a0, a0, 1
x10 <- 0x00000002


mem[X,0x80000134] -> 0x2223
mem[X,0x80000136] -> 0x00A2
[82] [M]: 0x80000134 (0x00A22223) sw a0, 4(tp)
mem[0x80003118] <- 0x00000002


mem[X,0x80000138] -> 0x0437
mem[X,0x8000013A] -> 0xFF00
[83] [M]: 0x80000138 (0xFF000437) lui fp, 1044480
x8 <- 0xFF000000


mem[X,0x8000013C] -> 0x0413
mem[X,0x8000013E] -> 0xFFF4
[84] [M]: 0x8000013C (0xFFF40413) addi fp, fp, 4095
x8 <- 0xFEFFFFFF


mem[X,0x80000140] -> 0x5E13
mem[X,0x80000142] -> 0x4004
[85] [M]: 0x80000140 (0x40045E13) srai t3, fp, 0
x28 <- 0xFEFFFFFF


mem[X,0x80000144] -> 0x2423
mem[X,0x80000146] -> 0x01C2
[86] [M]: 0x80000144 (0x01C22423) sw t3, 8(tp)
mem[0x8000311C] <- 0xFEFFFFFF


mem[X,0x80000148] -> 0x08B7
mem[X,0x8000014A] -> 0x0010
[87] [M]: 0x80000148 (0x001008B7) lui a7, 256
x17 <- 0x00100000


mem[X,0x8000014C] -> 0xD293
mem[X,0x8000014E] -> 0x4008
[88] [M]: 0x8000014C (0x4008D293) srai t0, a7, 0
x5 <- 0x00100000


mem[X,0x80000150] -> 0x2623
mem[X,0x80000152] -> 0x0052
[89] [M]: 0x80000150 (0x00522623) sw t0, 12(tp)
mem[0x80003120] <- 0x00100000


mem[X,0x80000154] -> 0x0BB7
mem[X,0x80000156] -> 0xFFFE
[90] [M]: 0x80000154 (0xFFFE0BB7) lui s7, 1048544
x23 <- 0xFFFE0000


mem[X,0x80000158] -> 0x8B93
mem[X,0x8000015A] -> 0xFFFB
[91] [M]: 0x80000158 (0xFFFB8B93) addi s7, s7, 4095
x23 <- 0xFFFDFFFF


mem[X,0x8000015C] -> 0xDD93
mem[X,0x8000015E] -> 0x41FB
[92] [M]: 0x8000015C (0x41FBDD93) srai s11, s7, 31
x27 <- 0xFFFFFFFF


mem[X,0x80000160] -> 0x2823
mem[X,0x80000162] -> 0x01B2
[93] [M]: 0x80000160 (0x01B22823) sw s11, 16(tp)
mem[0x80003124] <- 0xFFFFFFFF


mem[X,0x80000164] -> 0x0693
mem[X,0x80000166] -> 0x0010
[94] [M]: 0x80000164 (0x00100693) addi a3, zero, 1
x13 <- 0x00000001


mem[X,0x80000168] -> 0xDA13
mem[X,0x8000016A] -> 0x41F6
[95] [M]: 0x80000168 (0x41F6DA13) srai s4, a3, 31
x20 <- 0x00000000


mem[X,0x8000016C] -> 0x2A23
mem[X,0x8000016E] -> 0x0142
[96] [M]: 0x8000016C (0x01422A23) sw s4, 20(tp)
mem[0x80003128] <- 0x00000000


mem[X,0x80000170] -> 0x0B13
mem[X,0x80000172] -> 0x0040
[97] [M]: 0x80000170 (0x00400B13) addi s6, zero, 4
x22 <- 0x00000004


mem[X,0x80000174] -> 0x5593
mem[X,0x80000176] -> 0x404B
[98] [M]: 0x80000174 (0x404B5593) srai a1, s6, 4
x11 <- 0x00000000


mem[X,0x80000178] -> 0x2C23
mem[X,0x8000017A] -> 0x00B2
[99] [M]: 0x80000178 (0x00B22C23) sw a1, 24(tp)
mem[0x8000312C] <- 0x00000000


clint::tick mtime <- 0x0000000000000001
 clint timer pending at mtime 0x0000000000000001
htif::tick 0x0000000000000000
mem[X,0x8000017C] -> 0x03B7
mem[X,0x8000017E] -> 0x8000
[100] [M]: 0x8000017C (0x800003B7) lui t2, 524288
x7 <- 0x80000000


mem[X,0x80000180] -> 0xDF13
mem[X,0x80000182] -> 0x4003
[101] [M]: 0x80000180 (0x4003DF13) srai t5, t2, 0
x30 <- 0x80000000


mem[X,0x80000184] -> 0x2E23
mem[X,0x80000186] -> 0x01E2
[102] [M]: 0x80000184 (0x01E22E23) sw t5, 28(tp)
mem[0x80003130] <- 0x80000000


mem[X,0x80000188] -> 0x0913
mem[X,0x8000018A] -> 0x0000
[103] [M]: 0x80000188 (0x00000913) addi s2, zero, 0
x18 <- 0x00000000


mem[X,0x8000018C] -> 0x5713
mem[X,0x8000018E] -> 0x40E9
[104] [M]: 0x8000018C (0x40E95713) srai a4, s2, 14
x14 <- 0x00000000


mem[X,0x80000190] -> 0x2023
mem[X,0x80000192] -> 0x02E2
[105] [M]: 0x80000190 (0x02E22023) sw a4, 32(tp)
mem[0x80003134] <- 0x00000000


mem[X,0x80000194] -> 0x01B7
mem[X,0x80000196] -> 0x8000
[106] [M]: 0x80000194 (0x800001B7) lui gp, 524288
x3 <- 0x80000000


mem[X,0x80000198] -> 0x8193
mem[X,0x8000019A] -> 0xFFF1
[107] [M]: 0x80000198 (0xFFF18193) addi gp, gp, 4095
x3 <- 0x7FFFFFFF


mem[X,0x8000019C] -> 0xD993
mem[X,0x8000019E] -> 0x41F1
[108] [M]: 0x8000019C (0x41F1D993) srai s3, gp, 31
x19 <- 0x00000000


mem[X,0x800001A0] -> 0x2223
mem[X,0x800001A2] -> 0x0332
[109] [M]: 0x800001A0 (0x03322223) sw s3, 36(tp)
mem[0x80003138] <- 0x00000000


mem[X,0x800001A4] -> 0x0C93
mem[X,0x800001A6] -> 0x0020
[110] [M]: 0x800001A4 (0x00200C93) addi s9, zero, 2
x25 <- 0x00000002


mem[X,0x800001A8] -> 0xDE93
mem[X,0x800001AA] -> 0x411C
[111] [M]: 0x800001A8 (0x411CDE93) srai t4, s9, 17
x29 <- 0x00000000


mem[X,0x800001AC] -> 0x2423
mem[X,0x800001AE] -> 0x03D2
[112] [M]: 0x800001AC (0x03D22423) sw t4, 40(tp)
mem[0x8000313C] <- 0x00000000


mem[X,0x800001B0] -> 0x0F13
mem[X,0x800001B2] -> 0x0080
[113] [M]: 0x800001B0 (0x00800F13) addi t5, zero, 8
x30 <- 0x00000008


mem[X,0x800001B4] -> 0x5193
mem[X,0x800001B6] -> 0x411F
[114] [M]: 0x800001B4 (0x411F5193) srai gp, t5, 17
x3 <- 0x00000000


mem[X,0x800001B8] -> 0x2623
mem[X,0x800001BA] -> 0x0232
[115] [M]: 0x800001B8 (0x02322623) sw gp, 44(tp)
mem[0x80003140] <- 0x00000000


mem[X,0x800001BC] -> 0x0113
mem[X,0x800001BE] -> 0x0100
[116] [M]: 0x800001BC (0x01000113) addi sp, zero, 16
x2 <- 0x00000010


mem[X,0x800001C0] -> 0x5B13
mem[X,0x800001C2] -> 0x4121
[117] [M]: 0x800001C0 (0x41215B13) srai s6, sp, 18
x22 <- 0x00000000


mem[X,0x800001C4] -> 0x2823
mem[X,0x800001C6] -> 0x0362
[118] [M]: 0x800001C4 (0x03622823) sw s6, 48(tp)
mem[0x80003144] <- 0x00000000


mem[X,0x800001C8] -> 0x0613
mem[X,0x800001CA] -> 0x0200
[119] [M]: 0x800001C8 (0x02000613) addi a2, zero, 32
x12 <- 0x00000020


mem[X,0x800001CC] -> 0x5113
mem[X,0x800001CE] -> 0x40D6
[120] [M]: 0x800001CC (0x40D65113) srai sp, a2, 13
x2 <- 0x00000000


mem[X,0x800001D0] -> 0x2A23
mem[X,0x800001D2] -> 0x0222
[121] [M]: 0x800001D0 (0x02222A23) sw sp, 52(tp)
mem[0x80003148] <- 0x00000000


mem[X,0x800001D4] -> 0x0093
mem[X,0x800001D6] -> 0x0400
[122] [M]: 0x800001D4 (0x04000093) addi ra, zero, 64
x1 <- 0x00000040


mem[X,0x800001D8] -> 0xD613
mem[X,0x800001DA] -> 0x4170
[123] [M]: 0x800001D8 (0x4170D613) srai a2, ra, 23
x12 <- 0x00000000


mem[X,0x800001DC] -> 0x2C23
mem[X,0x800001DE] -> 0x02C2
[124] [M]: 0x800001DC (0x02C22C23) sw a2, 56(tp)
mem[0x8000314C] <- 0x00000000


mem[X,0x800001E0] -> 0x0A13
mem[X,0x800001E2] -> 0x0800
[125] [M]: 0x800001E0 (0x08000A13) addi s4, zero, 128
x20 <- 0x00000080


mem[X,0x800001E4] -> 0x5C13
mem[X,0x800001E6] -> 0x409A
[126] [M]: 0x800001E4 (0x409A5C13) srai s8, s4, 9
x24 <- 0x00000000


mem[X,0x800001E8] -> 0x2E23
mem[X,0x800001EA] -> 0x0382
[127] [M]: 0x800001E8 (0x03822E23) sw s8, 60(tp)
mem[0x80003150] <- 0x00000000


mem[X,0x800001EC] -> 0x0593
mem[X,0x800001EE] -> 0x1000
[128] [M]: 0x800001EC (0x10000593) addi a1, zero, 256
x11 <- 0x00000100


mem[X,0x800001F0] -> 0xD013
mem[X,0x800001F2] -> 0x4105
[129] [M]: 0x800001F0 (0x4105D013) srai zero, a1, 16


mem[X,0x800001F4] -> 0x2023
mem[X,0x800001F6] -> 0x0402
[130] [M]: 0x800001F4 (0x04022023) sw zero, 64(tp)
mem[0x80003154] <- 0x00000000


mem[X,0x800001F8] -> 0x0D13
mem[X,0x800001FA] -> 0x2000
[131] [M]: 0x800001F8 (0x20000D13) addi s10, zero, 512
x26 <- 0x00000200


mem[X,0x800001FC] -> 0x5413
mem[X,0x800001FE] -> 0x409D
[132] [M]: 0x800001FC (0x409D5413) srai fp, s10, 9
x8 <- 0x00000001


mem[X,0x80000200] -> 0x2223
mem[X,0x80000202] -> 0x0482
[133] [M]: 0x80000200 (0x04822223) sw fp, 68(tp)
mem[0x80003158] <- 0x00000001


mem[X,0x80000204] -> 0x0493
mem[X,0x80000206] -> 0x4000
[134] [M]: 0x80000204 (0x40000493) addi s1, zero, 1024
x9 <- 0x00000400


mem[X,0x80000208] -> 0xD893
mem[X,0x8000020A] -> 0x4114
[135] [M]: 0x80000208 (0x4114D893) srai a7, s1, 17
x17 <- 0x00000000


mem[X,0x8000020C] -> 0x2423
mem[X,0x8000020E] -> 0x0512
[136] [M]: 0x8000020C (0x05122423) sw a7, 72(tp)
mem[0x8000315C] <- 0x00000000


mem[X,0x80000210] -> 0x1837
mem[X,0x80000212] -> 0x0000
[137] [M]: 0x80000210 (0x00001837) lui a6, 1
x16 <- 0x00001000


mem[X,0x80000214] -> 0x0813
mem[X,0x80000216] -> 0x8008
[138] [M]: 0x80000214 (0x80080813) addi a6, a6, 2048
x16 <- 0x00000800


mem[X,0x80000218] -> 0x5B93
mem[X,0x8000021A] -> 0x41B8
[139] [M]: 0x80000218 (0x41B85B93) srai s7, a6, 27
x23 <- 0x00000000


mem[X,0x8000021C] -> 0x2623
mem[X,0x8000021E] -> 0x0572
[140] [M]: 0x8000021C (0x05722623) sw s7, 76(tp)
mem[0x80003160] <- 0x00000000


mem[X,0x80000220] -> 0x1737
mem[X,0x80000222] -> 0x0000
[141] [M]: 0x80000220 (0x00001737) lui a4, 1
x14 <- 0x00001000


mem[X,0x80000224] -> 0x5693
mem[X,0x80000226] -> 0x4057
[142] [M]: 0x80000224 (0x40575693) srai a3, a4, 5
x13 <- 0x00000080


mem[X,0x80000228] -> 0x2823
mem[X,0x8000022A] -> 0x04D2
[143] [M]: 0x80000228 (0x04D22823) sw a3, 80(tp)
mem[0x80003164] <- 0x00000080


mem[X,0x8000022C] -> 0x2AB7
mem[X,0x8000022E] -> 0x0000
[144] [M]: 0x8000022C (0x00002AB7) lui s5, 2
x21 <- 0x00002000


mem[X,0x80000230] -> 0xD393
mem[X,0x80000232] -> 0x401A
[145] [M]: 0x80000230 (0x401AD393) srai t2, s5, 1
x7 <- 0x00001000


mem[X,0x80000234] -> 0x2A23
mem[X,0x80000236] -> 0x0472
[146] [M]: 0x80000234 (0x04722A23) sw t2, 84(tp)
mem[0x80003168] <- 0x00001000


mem[X,0x80000238] -> 0x0013
mem[X,0x8000023A] -> 0x0000
[147] [M]: 0x80000238 (0x00000013) addi zero, zero, 0


mem[X,0x8000023C] -> 0x0013
mem[X,0x8000023E] -> 0x0000
[148] [M]: 0x8000023C (0x00000013) addi zero, zero, 0


mem[X,0x80000240] -> 0x3117
mem[X,0x80000242] -> 0x0000
[149] [M]: 0x80000240 (0x00003117) auipc sp, 3
x2 <- 0x80003240


mem[X,0x80000244] -> 0x0113
mem[X,0x80000246] -> 0xF2C1
[150] [M]: 0x80000244 (0xF2C10113) addi sp, sp, 3884
x2 <- 0x8000316C


mem[X,0x80000248] -> 0x0013
mem[X,0x8000024A] -> 0x0000
[151] [M]: 0x80000248 (0x00000013) addi zero, zero, 0


mem[X,0x8000024C] -> 0x0013
mem[X,0x8000024E] -> 0x0000
[152] [M]: 0x8000024C (0x00000013) addi zero, zero, 0


mem[X,0x80000250] -> 0x0013
mem[X,0x80000252] -> 0x0000
[153] [M]: 0x80000250 (0x00000013) addi zero, zero, 0


mem[X,0x80000254] -> 0x0013
mem[X,0x80000256] -> 0x0000
[154] [M]: 0x80000254 (0x00000013) addi zero, zero, 0


mem[X,0x80000258] -> 0x0013
mem[X,0x8000025A] -> 0x0000
[155] [M]: 0x80000258 (0x00000013) addi zero, zero, 0


mem[X,0x8000025C] -> 0x0013
mem[X,0x8000025E] -> 0x0000
[156] [M]: 0x8000025C (0x00000013) addi zero, zero, 0


mem[X,0x80000260] -> 0x42B7
mem[X,0x80000262] -> 0x0000
[157] [M]: 0x80000260 (0x000042B7) lui t0, 4
x5 <- 0x00004000


mem[X,0x80000264] -> 0xD913
mem[X,0x80000266] -> 0x4052
[158] [M]: 0x80000264 (0x4052D913) srai s2, t0, 5
x18 <- 0x00000200


mem[X,0x80000268] -> 0x2023
mem[X,0x8000026A] -> 0x0121
[159] [M]: 0x80000268 (0x01212023) sw s2, 0(sp)
mem[0x8000316C] <- 0x00000200


mem[X,0x8000026C] -> 0x0013
mem[X,0x8000026E] -> 0x0000
[160] [M]: 0x8000026C (0x00000013) addi zero, zero, 0


mem[X,0x80000270] -> 0x5D13
mem[X,0x80000272] -> 0x4110
[161] [M]: 0x80000270 (0x41105D13) srai s10, zero, 17
x26 <- 0x00000000


mem[X,0x80000274] -> 0x2223
mem[X,0x80000276] -> 0x01A1
[162] [M]: 0x80000274 (0x01A12223) sw s10, 4(sp)
mem[0x80003170] <- 0x00000000


mem[X,0x80000278] -> 0x0C37
mem[X,0x8000027A] -> 0x0001
[163] [M]: 0x80000278 (0x00010C37) lui s8, 16
x24 <- 0x00010000


mem[X,0x8000027C] -> 0x5213
mem[X,0x8000027E] -> 0x40DC
[164] [M]: 0x8000027C (0x40DC5213) srai tp, s8, 13
x4 <- 0x00000008


mem[X,0x80000280] -> 0x2423
mem[X,0x80000282] -> 0x0041
[165] [M]: 0x80000280 (0x00412423) sw tp, 8(sp)
mem[0x80003174] <- 0x00000008


mem[X,0x80000284] -> 0x07B7
mem[X,0x80000286] -> 0x0002
[166] [M]: 0x80000284 (0x000207B7) lui a5, 32
x15 <- 0x00020000


mem[X,0x80000288] -> 0xD493
mem[X,0x8000028A] -> 0x4127
[167] [M]: 0x80000288 (0x4127D493) srai s1, a5, 18
x9 <- 0x00000000


mem[X,0x8000028C] -> 0x2623
mem[X,0x8000028E] -> 0x0091
[168] [M]: 0x8000028C (0x00912623) sw s1, 12(sp)
mem[0x80003178] <- 0x00000000


mem[X,0x80000290] -> 0x09B7
mem[X,0x80000292] -> 0x0004
[169] [M]: 0x80000290 (0x000409B7) lui s3, 64
x19 <- 0x00040000


mem[X,0x80000294] -> 0xD313
mem[X,0x80000296] -> 0x41F9
[170] [M]: 0x80000294 (0x41F9D313) srai t1, s3, 31
x6 <- 0x00000000


mem[X,0x80000298] -> 0x2823
mem[X,0x8000029A] -> 0x0061
[171] [M]: 0x80000298 (0x00612823) sw t1, 16(sp)
mem[0x8000317C] <- 0x00000000


mem[X,0x8000029C] -> 0x0E37
mem[X,0x8000029E] -> 0x0008
[172] [M]: 0x8000029C (0x00080E37) lui t3, 128
x28 <- 0x00080000


mem[X,0x800002A0] -> 0x5A93
mem[X,0x800002A2] -> 0x415E
[173] [M]: 0x800002A0 (0x415E5A93) srai s5, t3, 21
x21 <- 0x00000000


mem[X,0x800002A4] -> 0x2A23
mem[X,0x800002A6] -> 0x0151
[174] [M]: 0x800002A4 (0x01512A23) sw s5, 20(sp)
mem[0x80003180] <- 0x00000000


mem[X,0x800002A8] -> 0x0DB7
mem[X,0x800002AA] -> 0x0020
[175] [M]: 0x800002A8 (0x00200DB7) lui s11, 512
x27 <- 0x00200000


mem[X,0x800002AC] -> 0xDF93
mem[X,0x800002AE] -> 0x417D
[176] [M]: 0x800002AC (0x417DDF93) srai t6, s11, 23
x31 <- 0x00000000


mem[X,0x800002B0] -> 0x2C23
mem[X,0x800002B2] -> 0x01F1
[177] [M]: 0x800002B0 (0x01F12C23) sw t6, 24(sp)
mem[0x80003184] <- 0x00000000


mem[X,0x800002B4] -> 0x0337
mem[X,0x800002B6] -> 0x0040
[178] [M]: 0x800002B4 (0x00400337) lui t1, 1024
x6 <- 0x00400000


mem[X,0x800002B8] -> 0x5093
mem[X,0x800002BA] -> 0x4123
[179] [M]: 0x800002B8 (0x41235093) srai ra, t1, 18
x1 <- 0x00000010


mem[X,0x800002BC] -> 0x2E23
mem[X,0x800002BE] -> 0x0011
[180] [M]: 0x800002BC (0x00112E23) sw ra, 28(sp)
mem[0x80003188] <- 0x00000010


mem[X,0x800002C0] -> 0x0237
mem[X,0x800002C2] -> 0x0080
[181] [M]: 0x800002C0 (0x00800237) lui tp, 2048
x4 <- 0x00800000


mem[X,0x800002C4] -> 0x5793
mem[X,0x800002C6] -> 0x40B2
[182] [M]: 0x800002C4 (0x40B25793) srai a5, tp, 11
x15 <- 0x00001000


mem[X,0x800002C8] -> 0x2023
mem[X,0x800002CA] -> 0x02F1
[183] [M]: 0x800002C8 (0x02F12023) sw a5, 32(sp)
mem[0x8000318C] <- 0x00001000


mem[X,0x800002CC] -> 0x0EB7
mem[X,0x800002CE] -> 0x0100
[184] [M]: 0x800002CC (0x01000EB7) lui t4, 4096
x29 <- 0x01000000


mem[X,0x800002D0] -> 0xD813
mem[X,0x800002D2] -> 0x41FE
[185] [M]: 0x800002D0 (0x41FED813) srai a6, t4, 31
x16 <- 0x00000000


mem[X,0x800002D4] -> 0x2223
mem[X,0x800002D6] -> 0x0301
[186] [M]: 0x800002D4 (0x03012223) sw a6, 36(sp)
mem[0x80003190] <- 0x00000000


mem[X,0x800002D8] -> 0x0537
mem[X,0x800002DA] -> 0x0200
[187] [M]: 0x800002D8 (0x02000537) lui a0, 8192
x10 <- 0x02000000


mem[X,0x800002DC] -> 0x5593
mem[X,0x800002DE] -> 0x4005
[188] [M]: 0x800002DC (0x40055593) srai a1, a0, 0
x11 <- 0x02000000


mem[X,0x800002E0] -> 0x2423
mem[X,0x800002E2] -> 0x02B1
[189] [M]: 0x800002E0 (0x02B12423) sw a1, 40(sp)
mem[0x80003194] <- 0x02000000


mem[X,0x800002E4] -> 0x0537
mem[X,0x800002E6] -> 0x0400
[190] [M]: 0x800002E4 (0x04000537) lui a0, 16384
x10 <- 0x04000000


mem[X,0x800002E8] -> 0x5593
mem[X,0x800002EA] -> 0x4065
[191] [M]: 0x800002E8 (0x40655593) srai a1, a0, 6
x11 <- 0x00100000


mem[X,0x800002EC] -> 0x2623
mem[X,0x800002EE] -> 0x02B1
[192] [M]: 0x800002EC (0x02B12623) sw a1, 44(sp)
mem[0x80003198] <- 0x00100000


mem[X,0x800002F0] -> 0x0537
mem[X,0x800002F2] -> 0x0800
[193] [M]: 0x800002F0 (0x08000537) lui a0, 32768
x10 <- 0x08000000


mem[X,0x800002F4] -> 0x5593
mem[X,0x800002F6] -> 0x4075
[194] [M]: 0x800002F4 (0x40755593) srai a1, a0, 7
x11 <- 0x00100000


mem[X,0x800002F8] -> 0x2823
mem[X,0x800002FA] -> 0x02B1
[195] [M]: 0x800002F8 (0x02B12823) sw a1, 48(sp)
mem[0x8000319C] <- 0x00100000


mem[X,0x800002FC] -> 0x0537
mem[X,0x800002FE] -> 0x1000
[196] [M]: 0x800002FC (0x10000537) lui a0, 65536
x10 <- 0x10000000


mem[X,0x80000300] -> 0x5593
mem[X,0x80000302] -> 0x4005
[197] [M]: 0x80000300 (0x40055593) srai a1, a0, 0
x11 <- 0x10000000


mem[X,0x80000304] -> 0x2A23
mem[X,0x80000306] -> 0x02B1
[198] [M]: 0x80000304 (0x02B12A23) sw a1, 52(sp)
mem[0x800031A0] <- 0x10000000


mem[X,0x80000308] -> 0x0537
mem[X,0x8000030A] -> 0x2000
[199] [M]: 0x80000308 (0x20000537) lui a0, 131072
x10 <- 0x20000000


clint::tick mtime <- 0x0000000000000002
 clint timer pending at mtime 0x0000000000000002
htif::tick 0x0000000000000000
mem[X,0x8000030C] -> 0x5593
mem[X,0x8000030E] -> 0x40C5
[200] [M]: 0x8000030C (0x40C55593) srai a1, a0, 12
x11 <- 0x00020000


mem[X,0x80000310] -> 0x2C23
mem[X,0x80000312] -> 0x02B1
[201] [M]: 0x80000310 (0x02B12C23) sw a1, 56(sp)
mem[0x800031A4] <- 0x00020000


mem[X,0x80000314] -> 0x0537
mem[X,0x80000316] -> 0x4000
[202] [M]: 0x80000314 (0x40000537) lui a0, 262144
x10 <- 0x40000000


mem[X,0x80000318] -> 0x5593
mem[X,0x8000031A] -> 0x4085
[203] [M]: 0x80000318 (0x40855593) srai a1, a0, 8
x11 <- 0x00400000


mem[X,0x8000031C] -> 0x2E23
mem[X,0x8000031E] -> 0x02B1
[204] [M]: 0x8000031C (0x02B12E23) sw a1, 60(sp)
mem[0x800031A8] <- 0x00400000


mem[X,0x80000320] -> 0x0513
mem[X,0x80000322] -> 0xFFE0
[205] [M]: 0x80000320 (0xFFE00513) addi a0, zero, 4094
x10 <- 0xFFFFFFFE


mem[X,0x80000324] -> 0x5593
mem[X,0x80000326] -> 0x4015
[206] [M]: 0x80000324 (0x40155593) srai a1, a0, 1
x11 <- 0xFFFFFFFF


mem[X,0x80000328] -> 0x2023
mem[X,0x8000032A] -> 0x04B1
[207] [M]: 0x80000328 (0x04B12023) sw a1, 64(sp)
mem[0x800031AC] <- 0xFFFFFFFF


mem[X,0x8000032C] -> 0x0513
mem[X,0x8000032E] -> 0xFFD0
[208] [M]: 0x8000032C (0xFFD00513) addi a0, zero, 4093
x10 <- 0xFFFFFFFD


mem[X,0x80000330] -> 0x5593
mem[X,0x80000332] -> 0x4105
[209] [M]: 0x80000330 (0x41055593) srai a1, a0, 16
x11 <- 0xFFFFFFFF


mem[X,0x80000334] -> 0x2223
mem[X,0x80000336] -> 0x04B1
[210] [M]: 0x80000334 (0x04B12223) sw a1, 68(sp)
mem[0x800031B0] <- 0xFFFFFFFF


mem[X,0x80000338] -> 0x0513
mem[X,0x8000033A] -> 0xFFB0
[211] [M]: 0x80000338 (0xFFB00513) addi a0, zero, 4091
x10 <- 0xFFFFFFFB


mem[X,0x8000033C] -> 0x5593
mem[X,0x8000033E] -> 0x4125
[212] [M]: 0x8000033C (0x41255593) srai a1, a0, 18
x11 <- 0xFFFFFFFF


mem[X,0x80000340] -> 0x2423
mem[X,0x80000342] -> 0x04B1
[213] [M]: 0x80000340 (0x04B12423) sw a1, 72(sp)
mem[0x800031B4] <- 0xFFFFFFFF


mem[X,0x80000344] -> 0x0513
mem[X,0x80000346] -> 0xFEF0
[214] [M]: 0x80000344 (0xFEF00513) addi a0, zero, 4079
x10 <- 0xFFFFFFEF


mem[X,0x80000348] -> 0x5593
mem[X,0x8000034A] -> 0x4005
[215] [M]: 0x80000348 (0x40055593) srai a1, a0, 0
x11 <- 0xFFFFFFEF


mem[X,0x8000034C] -> 0x2623
mem[X,0x8000034E] -> 0x04B1
[216] [M]: 0x8000034C (0x04B12623) sw a1, 76(sp)
mem[0x800031B8] <- 0xFFFFFFEF


mem[X,0x80000350] -> 0x0513
mem[X,0x80000352] -> 0xFDF0
[217] [M]: 0x80000350 (0xFDF00513) addi a0, zero, 4063
x10 <- 0xFFFFFFDF


mem[X,0x80000354] -> 0x5593
mem[X,0x80000356] -> 0x4085
[218] [M]: 0x80000354 (0x40855593) srai a1, a0, 8
x11 <- 0xFFFFFFFF


mem[X,0x80000358] -> 0x2823
mem[X,0x8000035A] -> 0x04B1
[219] [M]: 0x80000358 (0x04B12823) sw a1, 80(sp)
mem[0x800031BC] <- 0xFFFFFFFF


mem[X,0x8000035C] -> 0x0513
mem[X,0x8000035E] -> 0xFBF0
[220] [M]: 0x8000035C (0xFBF00513) addi a0, zero, 4031
x10 <- 0xFFFFFFBF


mem[X,0x80000360] -> 0x5593
mem[X,0x80000362] -> 0x4045
[221] [M]: 0x80000360 (0x40455593) srai a1, a0, 4
x11 <- 0xFFFFFFFB


mem[X,0x80000364] -> 0x2A23
mem[X,0x80000366] -> 0x04B1
[222] [M]: 0x80000364 (0x04B12A23) sw a1, 84(sp)
mem[0x800031C0] <- 0xFFFFFFFB


mem[X,0x80000368] -> 0x0513
mem[X,0x8000036A] -> 0xF7F0
[223] [M]: 0x80000368 (0xF7F00513) addi a0, zero, 3967
x10 <- 0xFFFFFF7F


mem[X,0x8000036C] -> 0x5593
mem[X,0x8000036E] -> 0x40F5
[224] [M]: 0x8000036C (0x40F55593) srai a1, a0, 15
x11 <- 0xFFFFFFFF


mem[X,0x80000370] -> 0x2C23
mem[X,0x80000372] -> 0x04B1
[225] [M]: 0x80000370 (0x04B12C23) sw a1, 88(sp)
mem[0x800031C4] <- 0xFFFFFFFF


mem[X,0x80000374] -> 0x0513
mem[X,0x80000376] -> 0xEFF0
[226] [M]: 0x80000374 (0xEFF00513) addi a0, zero, 3839
x10 <- 0xFFFFFEFF


mem[X,0x80000378] -> 0x5593
mem[X,0x8000037A] -> 0x40B5
[227] [M]: 0x80000378 (0x40B55593) srai a1, a0, 11
x11 <- 0xFFFFFFFF


mem[X,0x8000037C] -> 0x2E23
mem[X,0x8000037E] -> 0x04B1
[228] [M]: 0x8000037C (0x04B12E23) sw a1, 92(sp)
mem[0x800031C8] <- 0xFFFFFFFF


mem[X,0x80000380] -> 0x0513
mem[X,0x80000382] -> 0xDFF0
[229] [M]: 0x80000380 (0xDFF00513) addi a0, zero, 3583
x10 <- 0xFFFFFDFF


mem[X,0x80000384] -> 0x5593
mem[X,0x80000386] -> 0x40D5
[230] [M]: 0x80000384 (0x40D55593) srai a1, a0, 13
x11 <- 0xFFFFFFFF


mem[X,0x80000388] -> 0x2023
mem[X,0x8000038A] -> 0x06B1
[231] [M]: 0x80000388 (0x06B12023) sw a1, 96(sp)
mem[0x800031CC] <- 0xFFFFFFFF


mem[X,0x8000038C] -> 0x0513
mem[X,0x8000038E] -> 0xBFF0
[232] [M]: 0x8000038C (0xBFF00513) addi a0, zero, 3071
x10 <- 0xFFFFFBFF


mem[X,0x80000390] -> 0x5593
mem[X,0x80000392] -> 0x41E5
[233] [M]: 0x80000390 (0x41E55593) srai a1, a0, 30
x11 <- 0xFFFFFFFF


mem[X,0x80000394] -> 0x2223
mem[X,0x80000396] -> 0x06B1
[234] [M]: 0x80000394 (0x06B12223) sw a1, 100(sp)
mem[0x800031D0] <- 0xFFFFFFFF


mem[X,0x80000398] -> 0xF537
mem[X,0x8000039A] -> 0xFFFF
[235] [M]: 0x80000398 (0xFFFFF537) lui a0, 1048575
x10 <- 0xFFFFF000


mem[X,0x8000039C] -> 0x0513
mem[X,0x8000039E] -> 0x7FF5
[236] [M]: 0x8000039C (0x7FF50513) addi a0, a0, 2047
x10 <- 0xFFFFF7FF


mem[X,0x800003A0] -> 0x5593
mem[X,0x800003A2] -> 0x40D5
[237] [M]: 0x800003A0 (0x40D55593) srai a1, a0, 13
x11 <- 0xFFFFFFFF


mem[X,0x800003A4] -> 0x2423
mem[X,0x800003A6] -> 0x06B1
[238] [M]: 0x800003A4 (0x06B12423) sw a1, 104(sp)
mem[0x800031D4] <- 0xFFFFFFFF


mem[X,0x800003A8] -> 0xF537
mem[X,0x800003AA] -> 0xFFFF
[239] [M]: 0x800003A8 (0xFFFFF537) lui a0, 1048575
x10 <- 0xFFFFF000


mem[X,0x800003AC] -> 0x0513
mem[X,0x800003AE] -> 0xFFF5
[240] [M]: 0x800003AC (0xFFF50513) addi a0, a0, 4095
x10 <- 0xFFFFEFFF


mem[X,0x800003B0] -> 0x5593
mem[X,0x800003B2] -> 0x40F5
[241] [M]: 0x800003B0 (0x40F55593) srai a1, a0, 15
x11 <- 0xFFFFFFFF


mem[X,0x800003B4] -> 0x2623
mem[X,0x800003B6] -> 0x06B1
[242] [M]: 0x800003B4 (0x06B12623) sw a1, 108(sp)
mem[0x800031D8] <- 0xFFFFFFFF


mem[X,0x800003B8] -> 0xE537
mem[X,0x800003BA] -> 0xFFFF
[243] [M]: 0x800003B8 (0xFFFFE537) lui a0, 1048574
x10 <- 0xFFFFE000


mem[X,0x800003BC] -> 0x0513
mem[X,0x800003BE] -> 0xFFF5
[244] [M]: 0x800003BC (0xFFF50513) addi a0, a0, 4095
x10 <- 0xFFFFDFFF


mem[X,0x800003C0] -> 0x5593
mem[X,0x800003C2] -> 0x41D5
[245] [M]: 0x800003C0 (0x41D55593) srai a1, a0, 29
x11 <- 0xFFFFFFFF


mem[X,0x800003C4] -> 0x2823
mem[X,0x800003C6] -> 0x06B1
[246] [M]: 0x800003C4 (0x06B12823) sw a1, 112(sp)
mem[0x800031DC] <- 0xFFFFFFFF


mem[X,0x800003C8] -> 0xC537
mem[X,0x800003CA] -> 0xFFFF
[247] [M]: 0x800003C8 (0xFFFFC537) lui a0, 1048572
x10 <- 0xFFFFC000


mem[X,0x800003CC] -> 0x0513
mem[X,0x800003CE] -> 0xFFF5
[248] [M]: 0x800003CC (0xFFF50513) addi a0, a0, 4095
x10 <- 0xFFFFBFFF


mem[X,0x800003D0] -> 0x5593
mem[X,0x800003D2] -> 0x4035
[249] [M]: 0x800003D0 (0x40355593) srai a1, a0, 3
x11 <- 0xFFFFF7FF


mem[X,0x800003D4] -> 0x2A23
mem[X,0x800003D6] -> 0x06B1
[250] [M]: 0x800003D4 (0x06B12A23) sw a1, 116(sp)
mem[0x800031E0] <- 0xFFFFF7FF


mem[X,0x800003D8] -> 0x8537
mem[X,0x800003DA] -> 0xFFFF
[251] [M]: 0x800003D8 (0xFFFF8537) lui a0, 1048568
x10 <- 0xFFFF8000


mem[X,0x800003DC] -> 0x0513
mem[X,0x800003DE] -> 0xFFF5
[252] [M]: 0x800003DC (0xFFF50513) addi a0, a0, 4095
x10 <- 0xFFFF7FFF


mem[X,0x800003E0] -> 0x5593
mem[X,0x800003E2] -> 0x4005
[253] [M]: 0x800003E0 (0x40055593) srai a1, a0, 0
x11 <- 0xFFFF7FFF


mem[X,0x800003E4] -> 0x2C23
mem[X,0x800003E6] -> 0x06B1
[254] [M]: 0x800003E4 (0x06B12C23) sw a1, 120(sp)
mem[0x800031E4] <- 0xFFFF7FFF


mem[X,0x800003E8] -> 0x0537
mem[X,0x800003EA] -> 0xFFFF
[255] [M]: 0x800003E8 (0xFFFF0537) lui a0, 1048560
x10 <- 0xFFFF0000


mem[X,0x800003EC] -> 0x0513
mem[X,0x800003EE] -> 0xFFF5
[256] [M]: 0x800003EC (0xFFF50513) addi a0, a0, 4095
x10 <- 0xFFFEFFFF


mem[X,0x800003F0] -> 0x5593
mem[X,0x800003F2] -> 0x40D5
[257] [M]: 0x800003F0 (0x40D55593) srai a1, a0, 13
x11 <- 0xFFFFFFF7


mem[X,0x800003F4] -> 0x2E23
mem[X,0x800003F6] -> 0x06B1
[258] [M]: 0x800003F4 (0x06B12E23) sw a1, 124(sp)
mem[0x800031E8] <- 0xFFFFFFF7


mem[X,0x800003F8] -> 0x0537
mem[X,0x800003FA] -> 0xFFFC
[259] [M]: 0x800003F8 (0xFFFC0537) lui a0, 1048512
x10 <- 0xFFFC0000


mem[X,0x800003FC] -> 0x0513
mem[X,0x800003FE] -> 0xFFF5
[260] [M]: 0x800003FC (0xFFF50513) addi a0, a0, 4095
x10 <- 0xFFFBFFFF


mem[X,0x80000400] -> 0x5593
mem[X,0x80000402] -> 0x4115
[261] [M]: 0x80000400 (0x41155593) srai a1, a0, 17
x11 <- 0xFFFFFFFD


mem[X,0x80000404] -> 0x2023
mem[X,0x80000406] -> 0x08B1
[262] [M]: 0x80000404 (0x08B12023) sw a1, 128(sp)
mem[0x800031EC] <- 0xFFFFFFFD


mem[X,0x80000408] -> 0x0537
mem[X,0x8000040A] -> 0xFFF8
[263] [M]: 0x80000408 (0xFFF80537) lui a0, 1048448
x10 <- 0xFFF80000


mem[X,0x8000040C] -> 0x0513
mem[X,0x8000040E] -> 0xFFF5
[264] [M]: 0x8000040C (0xFFF50513) addi a0, a0, 4095
x10 <- 0xFFF7FFFF


mem[X,0x80000410] -> 0x5593
mem[X,0x80000412] -> 0x4095
[265] [M]: 0x80000410 (0x40955593) srai a1, a0, 9
x11 <- 0xFFFFFBFF


mem[X,0x80000414] -> 0x2223
mem[X,0x80000416] -> 0x08B1
[266] [M]: 0x80000414 (0x08B12223) sw a1, 132(sp)
mem[0x800031F0] <- 0xFFFFFBFF


mem[X,0x80000418] -> 0x0537
mem[X,0x8000041A] -> 0xFFF0
[267] [M]: 0x80000418 (0xFFF00537) lui a0, 1048320
x10 <- 0xFFF00000


mem[X,0x8000041C] -> 0x0513
mem[X,0x8000041E] -> 0xFFF5
[268] [M]: 0x8000041C (0xFFF50513) addi a0, a0, 4095
x10 <- 0xFFEFFFFF


mem[X,0x80000420] -> 0x5593
mem[X,0x80000422] -> 0x4015
[269] [M]: 0x80000420 (0x40155593) srai a1, a0, 1
x11 <- 0xFFF7FFFF


mem[X,0x80000424] -> 0x2423
mem[X,0x80000426] -> 0x08B1
[270] [M]: 0x80000424 (0x08B12423) sw a1, 136(sp)
mem[0x800031F4] <- 0xFFF7FFFF


mem[X,0x80000428] -> 0x0537
mem[X,0x8000042A] -> 0xFFE0
[271] [M]: 0x80000428 (0xFFE00537) lui a0, 1048064
x10 <- 0xFFE00000


mem[X,0x8000042C] -> 0x0513
mem[X,0x8000042E] -> 0xFFF5
[272] [M]: 0x8000042C (0xFFF50513) addi a0, a0, 4095
x10 <- 0xFFDFFFFF


mem[X,0x80000430] -> 0x5593
mem[X,0x80000432] -> 0x4115
[273] [M]: 0x80000430 (0x41155593) srai a1, a0, 17
x11 <- 0xFFFFFFEF


mem[X,0x80000434] -> 0x2623
mem[X,0x80000436] -> 0x08B1
[274] [M]: 0x80000434 (0x08B12623) sw a1, 140(sp)
mem[0x800031F8] <- 0xFFFFFFEF


mem[X,0x80000438] -> 0x0537
mem[X,0x8000043A] -> 0xFFC0
[275] [M]: 0x80000438 (0xFFC00537) lui a0, 1047552
x10 <- 0xFFC00000


mem[X,0x8000043C] -> 0x0513
mem[X,0x8000043E] -> 0xFFF5
[276] [M]: 0x8000043C (0xFFF50513) addi a0, a0, 4095
x10 <- 0xFFBFFFFF


mem[X,0x80000440] -> 0x5593
mem[X,0x80000442] -> 0x4115
[277] [M]: 0x80000440 (0x41155593) srai a1, a0, 17
x11 <- 0xFFFFFFDF


mem[X,0x80000444] -> 0x2823
mem[X,0x80000446] -> 0x08B1
[278] [M]: 0x80000444 (0x08B12823) sw a1, 144(sp)
mem[0x800031FC] <- 0xFFFFFFDF


mem[X,0x80000448] -> 0x0537
mem[X,0x8000044A] -> 0xFF80
[279] [M]: 0x80000448 (0xFF800537) lui a0, 1046528
x10 <- 0xFF800000


mem[X,0x8000044C] -> 0x0513
mem[X,0x8000044E] -> 0xFFF5
[280] [M]: 0x8000044C (0xFFF50513) addi a0, a0, 4095
x10 <- 0xFF7FFFFF


mem[X,0x80000450] -> 0x5593
mem[X,0x80000452] -> 0x40E5
[281] [M]: 0x80000450 (0x40E55593) srai a1, a0, 14
x11 <- 0xFFFFFDFF


mem[X,0x80000454] -> 0x2A23
mem[X,0x80000456] -> 0x08B1
[282] [M]: 0x80000454 (0x08B12A23) sw a1, 148(sp)
mem[0x80003200] <- 0xFFFFFDFF


mem[X,0x80000458] -> 0x0537
mem[X,0x8000045A] -> 0xFE00
[283] [M]: 0x80000458 (0xFE000537) lui a0, 1040384
x10 <- 0xFE000000


mem[X,0x8000045C] -> 0x0513
mem[X,0x8000045E] -> 0xFFF5
[284] [M]: 0x8000045C (0xFFF50513) addi a0, a0, 4095
x10 <- 0xFDFFFFFF


mem[X,0x80000460] -> 0x5593
mem[X,0x80000462] -> 0x4045
[285] [M]: 0x80000460 (0x40455593) srai a1, a0, 4
x11 <- 0xFFDFFFFF


mem[X,0x80000464] -> 0x2C23
mem[X,0x80000466] -> 0x08B1
[286] [M]: 0x80000464 (0x08B12C23) sw a1, 152(sp)
mem[0x80003204] <- 0xFFDFFFFF


mem[X,0x80000468] -> 0x0537
mem[X,0x8000046A] -> 0xFC00
[287] [M]: 0x80000468 (0xFC000537) lui a0, 1032192
x10 <- 0xFC000000


mem[X,0x8000046C] -> 0x0513
mem[X,0x8000046E] -> 0xFFF5
[288] [M]: 0x8000046C (0xFFF50513) addi a0, a0, 4095
x10 <- 0xFBFFFFFF


mem[X,0x80000470] -> 0x5593
mem[X,0x80000472] -> 0x4125
[289] [M]: 0x80000470 (0x41255593) srai a1, a0, 18
x11 <- 0xFFFFFEFF


mem[X,0x80000474] -> 0x2E23
mem[X,0x80000476] -> 0x08B1
[290] [M]: 0x80000474 (0x08B12E23) sw a1, 156(sp)
mem[0x80003208] <- 0xFFFFFEFF


mem[X,0x80000478] -> 0x0537
mem[X,0x8000047A] -> 0xF800
[291] [M]: 0x80000478 (0xF8000537) lui a0, 1015808
x10 <- 0xF8000000


mem[X,0x8000047C] -> 0x0513
mem[X,0x8000047E] -> 0xFFF5
[292] [M]: 0x8000047C (0xFFF50513) addi a0, a0, 4095
x10 <- 0xF7FFFFFF


mem[X,0x80000480] -> 0x5593
mem[X,0x80000482] -> 0x40D5
[293] [M]: 0x80000480 (0x40D55593) srai a1, a0, 13
x11 <- 0xFFFFBFFF


mem[X,0x80000484] -> 0x2023
mem[X,0x80000486] -> 0x0AB1
[294] [M]: 0x80000484 (0x0AB12023) sw a1, 160(sp)
mem[0x8000320C] <- 0xFFFFBFFF


mem[X,0x80000488] -> 0x0537
mem[X,0x8000048A] -> 0xF000
[295] [M]: 0x80000488 (0xF0000537) lui a0, 983040
x10 <- 0xF0000000


mem[X,0x8000048C] -> 0x0513
mem[X,0x8000048E] -> 0xFFF5
[296] [M]: 0x8000048C (0xFFF50513) addi a0, a0, 4095
x10 <- 0xEFFFFFFF


mem[X,0x80000490] -> 0x5593
mem[X,0x80000492] -> 0x4035
[297] [M]: 0x80000490 (0x40355593) srai a1, a0, 3
x11 <- 0xFDFFFFFF


mem[X,0x80000494] -> 0x2223
mem[X,0x80000496] -> 0x0AB1
[298] [M]: 0x80000494 (0x0AB12223) sw a1, 164(sp)
mem[0x80003210] <- 0xFDFFFFFF


mem[X,0x80000498] -> 0x0537
mem[X,0x8000049A] -> 0xE000
[299] [M]: 0x80000498 (0xE0000537) lui a0, 917504
x10 <- 0xE0000000


clint::tick mtime <- 0x0000000000000003
 clint timer pending at mtime 0x0000000000000003
htif::tick 0x0000000000000000
mem[X,0x8000049C] -> 0x0513
mem[X,0x8000049E] -> 0xFFF5
[300] [M]: 0x8000049C (0xFFF50513) addi a0, a0, 4095
x10 <- 0xDFFFFFFF


mem[X,0x800004A0] -> 0x5593
mem[X,0x800004A2] -> 0x4075
[301] [M]: 0x800004A0 (0x40755593) srai a1, a0, 7
x11 <- 0xFFBFFFFF


mem[X,0x800004A4] -> 0x2423
mem[X,0x800004A6] -> 0x0AB1
[302] [M]: 0x800004A4 (0x0AB12423) sw a1, 168(sp)
mem[0x80003214] <- 0xFFBFFFFF


mem[X,0x800004A8] -> 0x0537
mem[X,0x800004AA] -> 0xC000
[303] [M]: 0x800004A8 (0xC0000537) lui a0, 786432
x10 <- 0xC0000000


mem[X,0x800004AC] -> 0x0513
mem[X,0x800004AE] -> 0xFFF5
[304] [M]: 0x800004AC (0xFFF50513) addi a0, a0, 4095
x10 <- 0xBFFFFFFF


mem[X,0x800004B0] -> 0x5593
mem[X,0x800004B2] -> 0x4135
[305] [M]: 0x800004B0 (0x41355593) srai a1, a0, 19
x11 <- 0xFFFFF7FF


mem[X,0x800004B4] -> 0x2623
mem[X,0x800004B6] -> 0x0AB1
[306] [M]: 0x800004B4 (0x0AB12623) sw a1, 172(sp)
mem[0x80003218] <- 0xFFFFF7FF


mem[X,0x800004B8] -> 0x5537
mem[X,0x800004BA] -> 0x5555
[307] [M]: 0x800004B8 (0x55555537) lui a0, 349525
x10 <- 0x55555000


mem[X,0x800004BC] -> 0x0513
mem[X,0x800004BE] -> 0x5555
[308] [M]: 0x800004BC (0x55550513) addi a0, a0, 1365
x10 <- 0x55555555


mem[X,0x800004C0] -> 0x5593
mem[X,0x800004C2] -> 0x4155
[309] [M]: 0x800004C0 (0x41555593) srai a1, a0, 21
x11 <- 0x000002AA


mem[X,0x800004C4] -> 0x2823
mem[X,0x800004C6] -> 0x0AB1
[310] [M]: 0x800004C4 (0x0AB12823) sw a1, 176(sp)
mem[0x8000321C] <- 0x000002AA


mem[X,0x800004C8] -> 0xB537
mem[X,0x800004CA] -> 0xAAAA
[311] [M]: 0x800004C8 (0xAAAAB537) lui a0, 699051
x10 <- 0xAAAAB000


mem[X,0x800004CC] -> 0x0513
mem[X,0x800004CE] -> 0xAAA5
[312] [M]: 0x800004CC (0xAAA50513) addi a0, a0, 2730
x10 <- 0xAAAAAAAA


mem[X,0x800004D0] -> 0x5593
mem[X,0x800004D2] -> 0x40F5
[313] [M]: 0x800004D0 (0x40F55593) srai a1, a0, 15
x11 <- 0xFFFF5555


mem[X,0x800004D4] -> 0x2A23
mem[X,0x800004D6] -> 0x0AB1
[314] [M]: 0x800004D4 (0x0AB12A23) sw a1, 180(sp)
mem[0x80003220] <- 0xFFFF5555


mem[X,0x800004D8] -> 0x0513
mem[X,0x800004DA] -> 0x0030
[315] [M]: 0x800004D8 (0x00300513) addi a0, zero, 3
x10 <- 0x00000003


mem[X,0x800004DC] -> 0x5593
mem[X,0x800004DE] -> 0x40A5
[316] [M]: 0x800004DC (0x40A55593) srai a1, a0, 10
x11 <- 0x00000000


mem[X,0x800004E0] -> 0x2C23
mem[X,0x800004E2] -> 0x0AB1
[317] [M]: 0x800004E0 (0x0AB12C23) sw a1, 184(sp)
mem[0x80003224] <- 0x00000000


mem[X,0x800004E4] -> 0x3537
mem[X,0x800004E6] -> 0x3333
[318] [M]: 0x800004E4 (0x33333537) lui a0, 209715
x10 <- 0x33333000


mem[X,0x800004E8] -> 0x0513
mem[X,0x800004EA] -> 0x3335
[319] [M]: 0x800004E8 (0x33350513) addi a0, a0, 819
x10 <- 0x33333333


mem[X,0x800004EC] -> 0x5593
mem[X,0x800004EE] -> 0x4005
[320] [M]: 0x800004EC (0x40055593) srai a1, a0, 0
x11 <- 0x33333333


mem[X,0x800004F0] -> 0x2E23
mem[X,0x800004F2] -> 0x0AB1
[321] [M]: 0x800004F0 (0x0AB12E23) sw a1, 188(sp)
mem[0x80003228] <- 0x33333333


mem[X,0x800004F4] -> 0x6537
mem[X,0x800004F6] -> 0x6666
[322] [M]: 0x800004F4 (0x66666537) lui a0, 419430
x10 <- 0x66666000


mem[X,0x800004F8] -> 0x0513
mem[X,0x800004FA] -> 0x6675
[323] [M]: 0x800004F8 (0x66750513) addi a0, a0, 1639
x10 <- 0x66666667


mem[X,0x800004FC] -> 0x5593
mem[X,0x800004FE] -> 0x40A5
[324] [M]: 0x800004FC (0x40A55593) srai a1, a0, 10
x11 <- 0x00199999


mem[X,0x80000500] -> 0x2023
mem[X,0x80000502] -> 0x0CB1
[325] [M]: 0x80000500 (0x0CB12023) sw a1, 192(sp)
mem[0x8000322C] <- 0x00199999


mem[X,0x80000504] -> 0x5537
mem[X,0x80000506] -> 0xFFFF
[326] [M]: 0x80000504 (0xFFFF5537) lui a0, 1048565
x10 <- 0xFFFF5000


mem[X,0x80000508] -> 0x0513
mem[X,0x8000050A] -> 0xAFD5
[327] [M]: 0x80000508 (0xAFD50513) addi a0, a0, 2813
x10 <- 0xFFFF4AFD


mem[X,0x8000050C] -> 0x5593
mem[X,0x8000050E] -> 0x4015
[328] [M]: 0x8000050C (0x40155593) srai a1, a0, 1
x11 <- 0xFFFFA57E


mem[X,0x80000510] -> 0x2223
mem[X,0x80000512] -> 0x0CB1
[329] [M]: 0x80000510 (0x0CB12223) sw a1, 196(sp)
mem[0x80003230] <- 0xFFFFA57E


mem[X,0x80000514] -> 0xB537
mem[X,0x80000516] -> 0x0000
[330] [M]: 0x80000514 (0x0000B537) lui a0, 11
x10 <- 0x0000B000


mem[X,0x80000518] -> 0x0513
mem[X,0x8000051A] -> 0x5055
[331] [M]: 0x80000518 (0x50550513) addi a0, a0, 1285
x10 <- 0x0000B505


mem[X,0x8000051C] -> 0x5593
mem[X,0x8000051E] -> 0x4005
[332] [M]: 0x8000051C (0x40055593) srai a1, a0, 0
x11 <- 0x0000B505


mem[X,0x80000520] -> 0x2423
mem[X,0x80000522] -> 0x0CB1
[333] [M]: 0x80000520 (0x0CB12423) sw a1, 200(sp)
mem[0x80003234] <- 0x0000B505


mem[X,0x80000524] -> 0x5537
mem[X,0x80000526] -> 0x5555
[334] [M]: 0x80000524 (0x55555537) lui a0, 349525
x10 <- 0x55555000


mem[X,0x80000528] -> 0x0513
mem[X,0x8000052A] -> 0x5555
[335] [M]: 0x80000528 (0x55550513) addi a0, a0, 1365
x10 <- 0x55555555


mem[X,0x8000052C] -> 0x5593
mem[X,0x8000052E] -> 0x4025
[336] [M]: 0x8000052C (0x40255593) srai a1, a0, 2
x11 <- 0x15555555


mem[X,0x80000530] -> 0x2623
mem[X,0x80000532] -> 0x0CB1
[337] [M]: 0x80000530 (0x0CB12623) sw a1, 204(sp)
mem[0x80003238] <- 0x15555555


mem[X,0x80000534] -> 0x6537
mem[X,0x80000536] -> 0x6666
[338] [M]: 0x80000534 (0x66666537) lui a0, 419430
x10 <- 0x66666000


mem[X,0x80000538] -> 0x0513
mem[X,0x8000053A] -> 0x6665
[339] [M]: 0x80000538 (0x66650513) addi a0, a0, 1638
x10 <- 0x66666666


mem[X,0x8000053C] -> 0x5593
mem[X,0x8000053E] -> 0x41B5
[340] [M]: 0x8000053C (0x41B55593) srai a1, a0, 27
x11 <- 0x0000000C


mem[X,0x80000540] -> 0x2823
mem[X,0x80000542] -> 0x0CB1
[341] [M]: 0x80000540 (0x0CB12823) sw a1, 208(sp)
mem[0x8000323C] <- 0x0000000C


mem[X,0x80000544] -> 0x5537
mem[X,0x80000546] -> 0xFFFF
[342] [M]: 0x80000544 (0xFFFF5537) lui a0, 1048565
x10 <- 0xFFFF5000


mem[X,0x80000548] -> 0x0513
mem[X,0x8000054A] -> 0xAFC5
[343] [M]: 0x80000548 (0xAFC50513) addi a0, a0, 2812
x10 <- 0xFFFF4AFC


mem[X,0x8000054C] -> 0x5593
mem[X,0x8000054E] -> 0x40C5
[344] [M]: 0x8000054C (0x40C55593) srai a1, a0, 12
x11 <- 0xFFFFFFF4


mem[X,0x80000550] -> 0x2A23
mem[X,0x80000552] -> 0x0CB1
[345] [M]: 0x80000550 (0x0CB12A23) sw a1, 212(sp)
mem[0x80003240] <- 0xFFFFFFF4


mem[X,0x80000554] -> 0xB537
mem[X,0x80000556] -> 0x0000
[346] [M]: 0x80000554 (0x0000B537) lui a0, 11
x10 <- 0x0000B000


mem[X,0x80000558] -> 0x0513
mem[X,0x8000055A] -> 0x5045
[347] [M]: 0x80000558 (0x50450513) addi a0, a0, 1284
x10 <- 0x0000B504


mem[X,0x8000055C] -> 0x5593
mem[X,0x8000055E] -> 0x4005
[348] [M]: 0x8000055C (0x40055593) srai a1, a0, 0
x11 <- 0x0000B504


mem[X,0x80000560] -> 0x2C23
mem[X,0x80000562] -> 0x0CB1
[349] [M]: 0x80000560 (0x0CB12C23) sw a1, 216(sp)
mem[0x80003244] <- 0x0000B504


mem[X,0x80000564] -> 0x5537
mem[X,0x80000566] -> 0x5555
[350] [M]: 0x80000564 (0x55555537) lui a0, 349525
x10 <- 0x55555000


mem[X,0x80000568] -> 0x0513
mem[X,0x8000056A] -> 0x5545
[351] [M]: 0x80000568 (0x55450513) addi a0, a0, 1364
x10 <- 0x55555554


mem[X,0x8000056C] -> 0x5593
mem[X,0x8000056E] -> 0x4065
[352] [M]: 0x8000056C (0x40655593) srai a1, a0, 6
x11 <- 0x01555555


mem[X,0x80000570] -> 0x2E23
mem[X,0x80000572] -> 0x0CB1
[353] [M]: 0x80000570 (0x0CB12E23) sw a1, 220(sp)
mem[0x80003248] <- 0x01555555


mem[X,0x80000574] -> 0x3537
mem[X,0x80000576] -> 0x3333
[354] [M]: 0x80000574 (0x33333537) lui a0, 209715
x10 <- 0x33333000


mem[X,0x80000578] -> 0x0513
mem[X,0x8000057A] -> 0x3325
[355] [M]: 0x80000578 (0x33250513) addi a0, a0, 818
x10 <- 0x33333332


mem[X,0x8000057C] -> 0x5593
mem[X,0x8000057E] -> 0x41E5
[356] [M]: 0x8000057C (0x41E55593) srai a1, a0, 30
x11 <- 0x00000000


mem[X,0x80000580] -> 0x2023
mem[X,0x80000582] -> 0x0EB1
[357] [M]: 0x80000580 (0x0EB12023) sw a1, 224(sp)
mem[0x8000324C] <- 0x00000000


mem[X,0x80000584] -> 0x6537
mem[X,0x80000586] -> 0x6666
[358] [M]: 0x80000584 (0x66666537) lui a0, 419430
x10 <- 0x66666000


mem[X,0x80000588] -> 0x0513
mem[X,0x8000058A] -> 0x6655
[359] [M]: 0x80000588 (0x66550513) addi a0, a0, 1637
x10 <- 0x66666665


mem[X,0x8000058C] -> 0x5593
mem[X,0x8000058E] -> 0x41F5
[360] [M]: 0x8000058C (0x41F55593) srai a1, a0, 31
x11 <- 0x00000000


mem[X,0x80000590] -> 0x2223
mem[X,0x80000592] -> 0x0EB1
[361] [M]: 0x80000590 (0x0EB12223) sw a1, 228(sp)
mem[0x80003250] <- 0x00000000


mem[X,0x80000594] -> 0xB537
mem[X,0x80000596] -> 0x0000
[362] [M]: 0x80000594 (0x0000B537) lui a0, 11
x10 <- 0x0000B000


mem[X,0x80000598] -> 0x0513
mem[X,0x8000059A] -> 0x5035
[363] [M]: 0x80000598 (0x50350513) addi a0, a0, 1283
x10 <- 0x0000B503


mem[X,0x8000059C] -> 0x5593
mem[X,0x8000059E] -> 0x4175
[364] [M]: 0x8000059C (0x41755593) srai a1, a0, 23
x11 <- 0x00000000


mem[X,0x800005A0] -> 0x2423
mem[X,0x800005A2] -> 0x0EB1
[365] [M]: 0x800005A0 (0x0EB12423) sw a1, 232(sp)
mem[0x80003254] <- 0x00000000


mem[X,0x800005A4] -> 0x5537
mem[X,0x800005A6] -> 0x5555
[366] [M]: 0x800005A4 (0x55555537) lui a0, 349525
x10 <- 0x55555000


mem[X,0x800005A8] -> 0x0513
mem[X,0x800005AA] -> 0x5565
[367] [M]: 0x800005A8 (0x55650513) addi a0, a0, 1366
x10 <- 0x55555556


mem[X,0x800005AC] -> 0x5593
mem[X,0x800005AE] -> 0x41B5
[368] [M]: 0x800005AC (0x41B55593) srai a1, a0, 27
x11 <- 0x0000000A


mem[X,0x800005B0] -> 0x2623
mem[X,0x800005B2] -> 0x0EB1
[369] [M]: 0x800005B0 (0x0EB12623) sw a1, 236(sp)
mem[0x80003258] <- 0x0000000A


mem[X,0x800005B4] -> 0xB537
mem[X,0x800005B6] -> 0xAAAA
[370] [M]: 0x800005B4 (0xAAAAB537) lui a0, 699051
x10 <- 0xAAAAB000


mem[X,0x800005B8] -> 0x0513
mem[X,0x800005BA] -> 0xAAB5
[371] [M]: 0x800005B8 (0xAAB50513) addi a0, a0, 2731
x10 <- 0xAAAAAAAB


mem[X,0x800005BC] -> 0x5593
mem[X,0x800005BE] -> 0x40A5
[372] [M]: 0x800005BC (0x40A55593) srai a1, a0, 10
x11 <- 0xFFEAAAAA


mem[X,0x800005C0] -> 0x2823
mem[X,0x800005C2] -> 0x0EB1
[373] [M]: 0x800005C0 (0x0EB12823) sw a1, 240(sp)
mem[0x8000325C] <- 0xFFEAAAAA


mem[X,0x800005C4] -> 0x0513
mem[X,0x800005C6] -> 0x0060
[374] [M]: 0x800005C4 (0x00600513) addi a0, zero, 6
x10 <- 0x00000006


mem[X,0x800005C8] -> 0x5593
mem[X,0x800005CA] -> 0x4065
[375] [M]: 0x800005C8 (0x40655593) srai a1, a0, 6
x11 <- 0x00000000


mem[X,0x800005CC] -> 0x2A23
mem[X,0x800005CE] -> 0x0EB1
[376] [M]: 0x800005CC (0x0EB12A23) sw a1, 244(sp)
mem[0x80003260] <- 0x00000000


mem[X,0x800005D0] -> 0x3537
mem[X,0x800005D2] -> 0x3333
[377] [M]: 0x800005D0 (0x33333537) lui a0, 209715
x10 <- 0x33333000


mem[X,0x800005D4] -> 0x0513
mem[X,0x800005D6] -> 0x3345
[378] [M]: 0x800005D4 (0x33450513) addi a0, a0, 820
x10 <- 0x33333334


mem[X,0x800005D8] -> 0x5593
mem[X,0x800005DA] -> 0x40C5
[379] [M]: 0x800005D8 (0x40C55593) srai a1, a0, 12
x11 <- 0x00033333


mem[X,0x800005DC] -> 0x2C23
mem[X,0x800005DE] -> 0x0EB1
[380] [M]: 0x800005DC (0x0EB12C23) sw a1, 248(sp)
mem[0x80003264] <- 0x00033333


mem[X,0x800005E0] -> 0x0513
mem[X,0x800005E2] -> 0x1000
[381] [M]: 0x800005E0 (0x10000513) addi a0, zero, 256
x10 <- 0x00000100


mem[X,0x800005E4] -> 0x5593
mem[X,0x800005E6] -> 0x4105
[382] [M]: 0x800005E4 (0x41055593) srai a1, a0, 16
x11 <- 0x00000000


mem[X,0x800005E8] -> 0x2E23
mem[X,0x800005EA] -> 0x0EB1
[383] [M]: 0x800005E8 (0x0EB12E23) sw a1, 252(sp)
mem[0x80003268] <- 0x00000000


mem[X,0x800005EC] -> 0x8537
mem[X,0x800005EE] -> 0x0000
[384] [M]: 0x800005EC (0x00008537) lui a0, 8
x10 <- 0x00008000


mem[X,0x800005F0] -> 0x5593
mem[X,0x800005F2] -> 0x4115
[385] [M]: 0x800005F0 (0x41155593) srai a1, a0, 17
x11 <- 0x00000000


mem[X,0x800005F4] -> 0x2023
mem[X,0x800005F6] -> 0x10B1
[386] [M]: 0x800005F4 (0x10B12023) sw a1, 256(sp)
mem[0x8000326C] <- 0x00000000


mem[X,0x800005F8] -> 0x006F
mem[X,0x800005FA] -> 0x0200
[387] [M]: 0x800005F8 (0x0200006F) jal zero, 32


mem[X,0x80000618] -> 0x0093
mem[X,0x8000061A] -> 0x0010
[388] [M]: 0x80000618 (0x00100093) addi ra, zero, 1
x1 <- 0x00000001


mem[X,0x8000061C] -> 0x1F17
mem[X,0x8000061E] -> 0x0000
[389] [M]: 0x8000061C (0x00001F17) auipc t5, 1
x30 <- 0x8000161C


mem[X,0x80000620] -> 0x2223
mem[X,0x80000622] -> 0x9E1F
[390] [M]: 0x80000620 (0x9E1F2223) sw ra, 2532(t5)
htif[0x80001000] <- 0x00000001


mem[X,0x80000624] -> 0xF06F
mem[X,0x80000626] -> 0xFF9F
[391] [M]: 0x80000624 (0xFF9FF06F) jal zero, 2097144


mem[X,0x8000061C] -> 0x1F17
mem[X,0x8000061E] -> 0x0000
[392] [M]: 0x8000061C (0x00001F17) auipc t5, 1
x30 <- 0x8000161C


mem[X,0x80000620] -> 0x2223
mem[X,0x80000622] -> 0x9E1F
[393] [M]: 0x80000620 (0x9E1F2223) sw ra, 2532(t5)
htif[0x80001000] <- 0x00000001


mem[X,0x80000624] -> 0xF06F
mem[X,0x80000626] -> 0xFF9F
[394] [M]: 0x80000624 (0xFF9FF06F) jal zero, 2097144


mem[X,0x8000061C] -> 0x1F17
mem[X,0x8000061E] -> 0x0000
[395] [M]: 0x8000061C (0x00001F17) auipc t5, 1
x30 <- 0x8000161C


mem[X,0x80000620] -> 0x2223
mem[X,0x80000622] -> 0x9E1F
[396] [M]: 0x80000620 (0x9E1F2223) sw ra, 2532(t5)
htif[0x80001000] <- 0x00000001
htif-syscall-proxy cmd: 0x000000000001

SUCCESS
