using /home/abdul_waheed/github_files/UET-Pcore-with-c-ext/verif/riscof_work/src/bgeu-01.S/ref/Reference-sail_c_simulator.signature for test-signature output.
[Sail] Allocating new block 0x80000000
tohost located at 0x80049000
[Sail] Allocating new block 0x0

Running file ref.elf.
ELF Entry @ 0x80000000
begin_signature: 0x8004b110
end_signature: 0x8004bc70
CSR mstatus <- 0x00000000 (input: 0x00000000)
mem[X,0x00001000] -> 0x0297
mem[X,0x00001002] -> 0x0000
[0] [M]: 0x00001000 (0x00000297) auipc t0, 0
x5 <- 0x00001000


mem[X,0x00001004] -> 0x8593
mem[X,0x00001006] -> 0x0202
[1] [M]: 0x00001004 (0x02028593) addi a1, t0, 32
x11 <- 0x00001020


mem[X,0x00001008] -> 0x2573
mem[X,0x0000100A] -> 0xF140
[2] [M]: 0x00001008 (0xF1402573) csrrs a0, mhartid, zero
CSR mhartid -> 0x00000000
x10 <- 0x00000000


mem[X,0x0000100C] -> 0xA283
mem[X,0x0000100E] -> 0x0182
[3] [M]: 0x0000100C (0x0182A283) lw t0, 24(t0)
mem[R,0x00001018] -> 0x80000000
x5 <- 0x80000000


mem[X,0x00001010] -> 0x8067
mem[X,0x00001012] -> 0x0002
[4] [M]: 0x00001010 (0x00028067) jalr zero, t0, 0


mem[X,0x80000000] -> 0xC0B7
mem[X,0x80000002] -> 0xFEED
[5] [M]: 0x80000000 (0xFEEDC0B7) lui ra, 1044188
x1 <- 0xFEEDC000


mem[X,0x80000004] -> 0x8093
mem[X,0x80000006] -> 0xEAD0
[6] [M]: 0x80000004 (0xEAD08093) addi ra, ra, 3757
x1 <- 0xFEEDBEAD


mem[X,0x80000008] -> 0xE137
mem[X,0x8000000A] -> 0xFF76
[7] [M]: 0x80000008 (0xFF76E137) lui sp, 1046382
x2 <- 0xFF76E000


mem[X,0x8000000C] -> 0x0113
mem[X,0x8000000E] -> 0xF561
[8] [M]: 0x8000000C (0xF5610113) addi sp, sp, 3926
x2 <- 0xFF76DF56


mem[X,0x80000010] -> 0x71B7
mem[X,0x80000012] -> 0x7FBB
[9] [M]: 0x80000010 (0x7FBB71B7) lui gp, 523191
x3 <- 0x7FBB7000


mem[X,0x80000014] -> 0x8193
mem[X,0x80000016] -> 0xFAB1
[10] [M]: 0x80000014 (0xFAB18193) addi gp, gp, 4011
x3 <- 0x7FBB6FAB


mem[X,0x80000018] -> 0xB237
mem[X,0x8000001A] -> 0xBFDD
[11] [M]: 0x80000018 (0xBFDDB237) lui tp, 785883
x4 <- 0xBFDDB000


mem[X,0x8000001C] -> 0x0213
mem[X,0x8000001E] -> 0x7D52
[12] [M]: 0x8000001C (0x7D520213) addi tp, tp, 2005
x4 <- 0xBFDDB7D5


mem[X,0x80000020] -> 0xE2B7
mem[X,0x80000022] -> 0xDFEE
[13] [M]: 0x80000020 (0xDFEEE2B7) lui t0, 917230
x5 <- 0xDFEEE000


mem[X,0x80000024] -> 0x8293
mem[X,0x80000026] -> 0xBEA2
[14] [M]: 0x80000024 (0xBEA28293) addi t0, t0, 3050
x5 <- 0xDFEEDBEA


mem[X,0x80000028] -> 0x7337
mem[X,0x8000002A] -> 0x6FF7
[15] [M]: 0x80000028 (0x6FF77337) lui t1, 458615
x6 <- 0x6FF77000


mem[X,0x8000002C] -> 0x0313
mem[X,0x8000002E] -> 0xDF53
[16] [M]: 0x8000002C (0xDF530313) addi t1, t1, 3573
x6 <- 0x6FF76DF5


mem[X,0x80000030] -> 0xB3B7
mem[X,0x80000032] -> 0xB7FB
[17] [M]: 0x80000030 (0xB7FBB3B7) lui t2, 753595
x7 <- 0xB7FBB000


mem[X,0x80000034] -> 0x8393
mem[X,0x80000036] -> 0x6FA3
[18] [M]: 0x80000034 (0x6FA38393) addi t2, t2, 1786
x7 <- 0xB7FBB6FA


mem[X,0x80000038] -> 0xE437
mem[X,0x8000003A] -> 0x5BFD
[19] [M]: 0x80000038 (0x5BFDE437) lui fp, 376798
x8 <- 0x5BFDE000


mem[X,0x8000003C] -> 0x0413
mem[X,0x8000003E] -> 0xB7D4
[20] [M]: 0x8000003C (0xB7D40413) addi fp, fp, 2941
x8 <- 0x5BFDDB7D


mem[X,0x80000040] -> 0xF4B7
mem[X,0x80000042] -> 0xADFE
[21] [M]: 0x80000040 (0xADFEF4B7) lui s1, 712687
x9 <- 0xADFEF000


mem[X,0x80000044] -> 0x8493
mem[X,0x80000046] -> 0xDBE4
[22] [M]: 0x80000044 (0xDBE48493) addi s1, s1, 3518
x9 <- 0xADFEEDBE


mem[X,0x80000048] -> 0x7537
mem[X,0x8000004A] -> 0x56FF
[23] [M]: 0x80000048 (0x56FF7537) lui a0, 356343
x10 <- 0x56FF7000


mem[X,0x8000004C] -> 0x0513
mem[X,0x8000004E] -> 0x6DF5
[24] [M]: 0x8000004C (0x6DF50513) addi a0, a0, 1759
x10 <- 0x56FF76DF


mem[X,0x80000050] -> 0xC5B7
mem[X,0x80000052] -> 0xAB7F
[25] [M]: 0x80000050 (0xAB7FC5B7) lui a1, 702460
x11 <- 0xAB7FC000


mem[X,0x80000054] -> 0x8593
mem[X,0x80000056] -> 0xB6F5
[26] [M]: 0x80000054 (0xB6F58593) addi a1, a1, 2927
x11 <- 0xAB7FBB6F


mem[X,0x80000058] -> 0xE637
mem[X,0x8000005A] -> 0xD5BF
[27] [M]: 0x80000058 (0xD5BFE637) lui a2, 875518
x12 <- 0xD5BFE000


mem[X,0x8000005C] -> 0x0613
mem[X,0x8000005E] -> 0xDB76
[28] [M]: 0x8000005C (0xDB760613) addi a2, a2, 3511
x12 <- 0xD5BFDDB7


mem[X,0x80000060] -> 0xF6B7
mem[X,0x80000062] -> 0xEADF
[29] [M]: 0x80000060 (0xEADFF6B7) lui a3, 962047
x13 <- 0xEADFF000


mem[X,0x80000064] -> 0x8693
mem[X,0x80000066] -> 0xEDB6
[30] [M]: 0x80000064 (0xEDB68693) addi a3, a3, 3803
x13 <- 0xEADFEEDB


mem[X,0x80000068] -> 0xF737
mem[X,0x8000006A] -> 0xF56F
[31] [M]: 0x80000068 (0xF56FF737) lui a4, 1005311
x14 <- 0xF56FF000


mem[X,0x8000006C] -> 0x0713
mem[X,0x8000006E] -> 0x76D7
[32] [M]: 0x8000006C (0x76D70713) addi a4, a4, 1901
x14 <- 0xF56FF76D


mem[X,0x80000070] -> 0x07B7
mem[X,0x80000072] -> 0xFAB8
[33] [M]: 0x80000070 (0xFAB807B7) lui a5, 1026944
x15 <- 0xFAB80000


mem[X,0x80000074] -> 0x8793
mem[X,0x80000076] -> 0xBB67
[34] [M]: 0x80000074 (0xBB678793) addi a5, a5, 2998
x15 <- 0xFAB7FBB6


mem[X,0x80000078] -> 0x0837
mem[X,0x8000007A] -> 0x7D5C
[35] [M]: 0x80000078 (0x7D5C0837) lui a6, 513472
x16 <- 0x7D5C0000


mem[X,0x8000007C] -> 0x0813
mem[X,0x8000007E] -> 0xDDB8
[36] [M]: 0x8000007C (0xDDB80813) addi a6, a6, 3547
x16 <- 0x7D5BFDDB


mem[X,0x80000080] -> 0x08B7
mem[X,0x80000082] -> 0xBEAE
[37] [M]: 0x80000080 (0xBEAE08B7) lui a7, 781024
x17 <- 0xBEAE0000


mem[X,0x80000084] -> 0x8893
mem[X,0x80000086] -> 0xEED8
[38] [M]: 0x80000084 (0xEED88893) addi a7, a7, 3821
x17 <- 0xBEADFEED


mem[X,0x80000088] -> 0x0937
mem[X,0x8000008A] -> 0xDF57
[39] [M]: 0x80000088 (0xDF570937) lui s2, 914800
x18 <- 0xDF570000


mem[X,0x8000008C] -> 0x0913
mem[X,0x8000008E] -> 0xF769
[40] [M]: 0x8000008C (0xF7690913) addi s2, s2, 3958
x18 <- 0xDF56FF76


mem[X,0x80000090] -> 0x89B7
mem[X,0x80000092] -> 0x6FAB
[41] [M]: 0x80000090 (0x6FAB89B7) lui s3, 457400
x19 <- 0x6FAB8000


mem[X,0x80000094] -> 0x8993
mem[X,0x80000096] -> 0xFBB9
[42] [M]: 0x80000094 (0xFBB98993) addi s3, s3, 4027
x19 <- 0x6FAB7FBB


mem[X,0x80000098] -> 0xCA37
mem[X,0x8000009A] -> 0xB7D5
[43] [M]: 0x80000098 (0xB7D5CA37) lui s4, 752988
x20 <- 0xB7D5C000


mem[X,0x8000009C] -> 0x0A13
mem[X,0x8000009E] -> 0xFDDA
[44] [M]: 0x8000009C (0xFDDA0A13) addi s4, s4, 4061
x20 <- 0xB7D5BFDD


mem[X,0x800000A0] -> 0xEAB7
mem[X,0x800000A2] -> 0xDBEA
[45] [M]: 0x800000A0 (0xDBEAEAB7) lui s5, 900782
x21 <- 0xDBEAE000


mem[X,0x800000A4] -> 0x8A93
mem[X,0x800000A6] -> 0xFEEA
[46] [M]: 0x800000A4 (0xFEEA8A93) addi s5, s5, 4078
x21 <- 0xDBEADFEE


mem[X,0x800000A8] -> 0x7B37
mem[X,0x800000AA] -> 0x6DF5
[47] [M]: 0x800000A8 (0x6DF57B37) lui s6, 450391
x22 <- 0x6DF57000


mem[X,0x800000AC] -> 0x0B13
mem[X,0x800000AE] -> 0xFF7B
[48] [M]: 0x800000AC (0xFF7B0B13) addi s6, s6, 4087
x22 <- 0x6DF56FF7


mem[X,0x800000B0] -> 0xBBB7
mem[X,0x800000B2] -> 0xB6FA
[49] [M]: 0x800000B0 (0xB6FABBB7) lui s7, 749483
x23 <- 0xB6FAB000


mem[X,0x800000B4] -> 0x8B93
mem[X,0x800000B6] -> 0x7FBB
[50] [M]: 0x800000B4 (0x7FBB8B93) addi s7, s7, 2043
x23 <- 0xB6FAB7FB


mem[X,0x800000B8] -> 0x6C37
mem[X,0x800000BA] -> 0xDB7D
[51] [M]: 0x800000B8 (0xDB7D6C37) lui s8, 899030
x24 <- 0xDB7D6000


mem[X,0x800000BC] -> 0x0C13
mem[X,0x800000BE] -> 0xBFDC
[52] [M]: 0x800000BC (0xBFDC0C13) addi s8, s8, 3069
x24 <- 0xDB7D5BFD


mem[X,0x800000C0] -> 0xBCB7
mem[X,0x800000C2] -> 0xEDBE
[53] [M]: 0x800000C0 (0xEDBEBCB7) lui s9, 973803
x25 <- 0xEDBEB000


mem[X,0x800000C4] -> 0x8C93
mem[X,0x800000C6] -> 0xDFEC
[54] [M]: 0x800000C4 (0xDFEC8C93) addi s9, s9, 3582
x25 <- 0xEDBEADFE


mem[X,0x800000C8] -> 0x5D37
mem[X,0x800000CA] -> 0x76DF
[55] [M]: 0x800000C8 (0x76DF5D37) lui s10, 486901
x26 <- 0x76DF5000


mem[X,0x800000CC] -> 0x0D13
mem[X,0x800000CE] -> 0x6FFD
[56] [M]: 0x800000CC (0x6FFD0D13) addi s10, s10, 1791
x26 <- 0x76DF56FF


mem[X,0x800000D0] -> 0xBDB7
mem[X,0x800000D2] -> 0xBB6F
[57] [M]: 0x800000D0 (0xBB6FBDB7) lui s11, 767739
x27 <- 0xBB6FB000


mem[X,0x800000D4] -> 0x8D93
mem[X,0x800000D6] -> 0xB7FD
[58] [M]: 0x800000D4 (0xB7FD8D93) addi s11, s11, 2943
x27 <- 0xBB6FAB7F


mem[X,0x800000D8] -> 0xDE37
mem[X,0x800000DA] -> 0xDDB7
[59] [M]: 0x800000D8 (0xDDB7DE37) lui t3, 908157
x28 <- 0xDDB7D000


mem[X,0x800000DC] -> 0x0E13
mem[X,0x800000DE] -> 0x5BFE
[60] [M]: 0x800000DC (0x5BFE0E13) addi t3, t3, 1471
x28 <- 0xDDB7D5BF


mem[X,0x800000E0] -> 0xFEB7
mem[X,0x800000E2] -> 0xEEDB
[61] [M]: 0x800000E0 (0xEEDBFEB7) lui t4, 978367
x29 <- 0xEEDBF000


mem[X,0x800000E4] -> 0x8E93
mem[X,0x800000E6] -> 0xADFE
[62] [M]: 0x800000E4 (0xADFE8E93) addi t4, t4, 2783
x29 <- 0xEEDBEADF


mem[X,0x800000E8] -> 0xFF37
mem[X,0x800000EA] -> 0xF76D
[63] [M]: 0x800000E8 (0xF76DFF37) lui t5, 1013471
x30 <- 0xF76DF000


mem[X,0x800000EC] -> 0x0F13
mem[X,0x800000EE] -> 0x56FF
[64] [M]: 0x800000EC (0x56FF0F13) addi t5, t5, 1391
x30 <- 0xF76DF56F


mem[X,0x800000F0] -> 0x0FB7
mem[X,0x800000F2] -> 0xFBB7
[65] [M]: 0x800000F0 (0xFBB70FB7) lui t6, 1031024
x31 <- 0xFBB70000


mem[X,0x800000F4] -> 0x8F93
mem[X,0x800000F6] -> 0xAB7F
[66] [M]: 0x800000F4 (0xAB7F8F93) addi t6, t6, 2743
x31 <- 0xFBB6FAB7


mem[X,0x800000F8] -> 0x0013
mem[X,0x800000FA] -> 0x0000
[67] [M]: 0x800000F8 (0x00000013) addi zero, zero, 0


mem[X,0x800000FC] -> 0x0013
mem[X,0x800000FE] -> 0x0000
[68] [M]: 0x800000FC (0x00000013) addi zero, zero, 0


mem[X,0x80000100] -> 0xB497
mem[X,0x80000102] -> 0x0004
[69] [M]: 0x80000100 (0x0004B497) auipc s1, 75
x9 <- 0x8004B100


mem[X,0x80000104] -> 0x8493
mem[X,0x80000106] -> 0x0144
[70] [M]: 0x80000104 (0x01448493) addi s1, s1, 20
x9 <- 0x8004B114


mem[X,0x80000108] -> 0x0013
mem[X,0x8000010A] -> 0x0000
[71] [M]: 0x80000108 (0x00000013) addi zero, zero, 0


mem[X,0x8000010C] -> 0x0013
mem[X,0x8000010E] -> 0x0000
[72] [M]: 0x8000010C (0x00000013) addi zero, zero, 0


mem[X,0x80000110] -> 0x0013
mem[X,0x80000112] -> 0x0000
[73] [M]: 0x80000110 (0x00000013) addi zero, zero, 0


mem[X,0x80000114] -> 0x0013
mem[X,0x80000116] -> 0x0000
[74] [M]: 0x80000114 (0x00000013) addi zero, zero, 0


mem[X,0x80000118] -> 0x0013
mem[X,0x8000011A] -> 0x0000
[75] [M]: 0x80000118 (0x00000013) addi zero, zero, 0


mem[X,0x8000011C] -> 0x0013
mem[X,0x8000011E] -> 0x0000
[76] [M]: 0x8000011C (0x00000013) addi zero, zero, 0


mem[X,0x80000120] -> 0x0113
mem[X,0x80000122] -> 0x0080
[77] [M]: 0x80000120 (0x00800113) addi sp, zero, 8
x2 <- 0x00000008


mem[X,0x80000124] -> 0x0113
mem[X,0x80000126] -> 0x0080
[78] [M]: 0x80000124 (0x00800113) addi sp, zero, 8
x2 <- 0x00000008


mem[X,0x80000128] -> 0x0293
mem[X,0x8000012A] -> 0x0000
[79] [M]: 0x80000128 (0x00000293) addi t0, zero, 0
x5 <- 0x00000000


mem[X,0x8000012C] -> 0x006F
mem[X,0x8000012E] -> 0x00C0
[80] [M]: 0x8000012C (0x00C0006F) jal zero, 12


mem[X,0x80000138] -> 0x7CE3
mem[X,0x8000013A] -> 0xFE21
[81] [M]: 0x80000138 (0xFE217CE3) bgeu sp, sp, 8184


mem[X,0x80000130] -> 0x8293
mem[X,0x80000132] -> 0x0012
[82] [M]: 0x80000130 (0x00128293) addi t0, t0, 1
x5 <- 0x00000001


mem[X,0x80000134] -> 0x006F
mem[X,0x80000136] -> 0x0180
[83] [M]: 0x80000134 (0x0180006F) jal zero, 24


mem[X,0x8000014C] -> 0xA023
mem[X,0x8000014E] -> 0x0054
[84] [M]: 0x8000014C (0x0054A023) sw t0, 0(s1)
mem[0x8004B114] <- 0x00000001


mem[X,0x80000150] -> 0x0F93
mem[X,0x80000152] -> 0xFBF0
[85] [M]: 0x80000150 (0xFBF00F93) addi t6, zero, 4031
x31 <- 0xFFFFFFBF


mem[X,0x80000154] -> 0x0193
mem[X,0x80000156] -> 0xFBF0
[86] [M]: 0x80000154 (0xFBF00193) addi gp, zero, 4031
x3 <- 0xFFFFFFBF


mem[X,0x80000158] -> 0x0293
mem[X,0x8000015A] -> 0x0000
[87] [M]: 0x80000158 (0x00000293) addi t0, zero, 0
x5 <- 0x00000000


mem[X,0x8000015C] -> 0x006F
mem[X,0x8000015E] -> 0x00C0
[88] [M]: 0x8000015C (0x00C0006F) jal zero, 12


mem[X,0x80000168] -> 0xF063
mem[X,0x8000016A] -> 0x203F
[89] [M]: 0x80000168 (0x203FF063) bgeu t6, gp, 512


mem[X,0x80000368] -> 0x8293
mem[X,0x8000036A] -> 0x0032
[90] [M]: 0x80000368 (0x00328293) addi t0, t0, 3
x5 <- 0x00000003


mem[X,0x8000036C] -> 0x006F
mem[X,0x8000036E] -> 0x0040
[91] [M]: 0x8000036C (0x0040006F) jal zero, 4


mem[X,0x80000370] -> 0xA223
mem[X,0x80000372] -> 0x0054
[92] [M]: 0x80000370 (0x0054A223) sw t0, 4(s1)
mem[0x8004B118] <- 0x00000003


mem[X,0x80000374] -> 0x0AB7
mem[X,0x80000376] -> 0x0001
[93] [M]: 0x80000374 (0x00010AB7) lui s5, 16
x21 <- 0x00010000


mem[X,0x80000378] -> 0x8A93
mem[X,0x8000037A] -> 0xFFFA
[94] [M]: 0x80000378 (0xFFFA8A93) addi s5, s5, 4095
x21 <- 0x0000FFFF


mem[X,0x8000037C] -> 0x0CB7
mem[X,0x8000037E] -> 0x0001
[95] [M]: 0x8000037C (0x00010CB7) lui s9, 16
x25 <- 0x00010000


mem[X,0x80000380] -> 0x8C93
mem[X,0x80000382] -> 0xFFFC
[96] [M]: 0x80000380 (0xFFFC8C93) addi s9, s9, 4095
x25 <- 0x0000FFFF


mem[X,0x80000384] -> 0x0293
mem[X,0x80000386] -> 0x0000
[97] [M]: 0x80000384 (0x00000293) addi t0, zero, 0
x5 <- 0x00000000


mem[X,0x80000388] -> 0x006F
mem[X,0x8000038A] -> 0x00C0
[98] [M]: 0x80000388 (0x00C0006F) jal zero, 12


mem[X,0x80000394] -> 0xFCE3
mem[X,0x80000396] -> 0xFF9A
[99] [M]: 0x80000394 (0xFF9AFCE3) bgeu s5, s9, 8184


clint::tick mtime <- 0x0000000000000001
 clint timer pending at mtime 0x0000000000000001
htif::tick 0x0000000000000000
mem[X,0x8000038C] -> 0x8293
mem[X,0x8000038E] -> 0x0012
[100] [M]: 0x8000038C (0x00128293) addi t0, t0, 1
x5 <- 0x00000001


mem[X,0x80000390] -> 0x006F
mem[X,0x80000392] -> 0x0180
[101] [M]: 0x80000390 (0x0180006F) jal zero, 24


mem[X,0x800003A8] -> 0xA423
mem[X,0x800003AA] -> 0x0054
[102] [M]: 0x800003A8 (0x0054A423) sw t0, 8(s1)
mem[0x8004B11C] <- 0x00000001


mem[X,0x800003AC] -> 0x0DB7
mem[X,0x800003AE] -> 0xFFFC
[103] [M]: 0x800003AC (0xFFFC0DB7) lui s11, 1048512
x27 <- 0xFFFC0000


mem[X,0x800003B0] -> 0x8D93
mem[X,0x800003B2] -> 0xFFFD
[104] [M]: 0x800003B0 (0xFFFD8D93) addi s11, s11, 4095
x27 <- 0xFFFBFFFF


mem[X,0x800003B4] -> 0x06B7
mem[X,0x800003B6] -> 0xFFF0
[105] [M]: 0x800003B4 (0xFFF006B7) lui a3, 1048320
x13 <- 0xFFF00000


mem[X,0x800003B8] -> 0x8693
mem[X,0x800003BA] -> 0xFFF6
[106] [M]: 0x800003B8 (0xFFF68693) addi a3, a3, 4095
x13 <- 0xFFEFFFFF


mem[X,0x800003BC] -> 0x0293
mem[X,0x800003BE] -> 0x0000
[107] [M]: 0x800003BC (0x00000293) addi t0, zero, 0
x5 <- 0x00000000


mem[X,0x800003C0] -> 0x006F
mem[X,0x800003C2] -> 0x00C0
[108] [M]: 0x800003C0 (0x00C0006F) jal zero, 12


mem[X,0x800003CC] -> 0xF663
mem[X,0x800003CE] -> 0x00DD
[109] [M]: 0x800003CC (0x00DDF663) bgeu s11, a3, 12


mem[X,0x800003D8] -> 0x8293
mem[X,0x800003DA] -> 0x0032
[110] [M]: 0x800003D8 (0x00328293) addi t0, t0, 3
x5 <- 0x00000003


mem[X,0x800003DC] -> 0x006F
mem[X,0x800003DE] -> 0x0040
[111] [M]: 0x800003DC (0x0040006F) jal zero, 4


mem[X,0x800003E0] -> 0xA623
mem[X,0x800003E2] -> 0x0054
[112] [M]: 0x800003E0 (0x0054A623) sw t0, 12(s1)
mem[0x8004B120] <- 0x00000003


mem[X,0x800003E4] -> 0xB737
mem[X,0x800003E6] -> 0xAAAA
[113] [M]: 0x800003E4 (0xAAAAB737) lui a4, 699051
x14 <- 0xAAAAB000


mem[X,0x800003E8] -> 0x0713
mem[X,0x800003EA] -> 0xAAB7
[114] [M]: 0x800003E8 (0xAAB70713) addi a4, a4, 2731
x14 <- 0xAAAAAAAB


mem[X,0x800003EC] -> 0x0E93
mem[X,0x800003EE] -> 0x0040
[115] [M]: 0x800003EC (0x00400E93) addi t4, zero, 4
x29 <- 0x00000004


mem[X,0x800003F0] -> 0x0293
mem[X,0x800003F2] -> 0x0000
[116] [M]: 0x800003F0 (0x00000293) addi t0, zero, 0
x5 <- 0x00000000


mem[X,0x800003F4] -> 0x006F
mem[X,0x800003F6] -> 0x0100
[117] [M]: 0x800003F4 (0x0100006F) jal zero, 16


mem[X,0x80000404] -> 0x7AE3
mem[X,0x80000406] -> 0xFFD7
[118] [M]: 0x80000404 (0xFFD77AE3) bgeu a4, t4, 8180


mem[X,0x800003F8] -> 0x8293
mem[X,0x800003FA] -> 0x0012
[119] [M]: 0x800003F8 (0x00128293) addi t0, t0, 1
x5 <- 0x00000001


mem[X,0x800003FC] -> 0x006F
mem[X,0x800003FE] -> 0x01C0
[120] [M]: 0x800003FC (0x01C0006F) jal zero, 28


mem[X,0x80000418] -> 0xA823
mem[X,0x8000041A] -> 0x0054
[121] [M]: 0x80000418 (0x0054A823) sw t0, 16(s1)
mem[0x8004B124] <- 0x00000001


mem[X,0x8000041C] -> 0x0393
mem[X,0x8000041E] -> 0x0070
[122] [M]: 0x8000041C (0x00700393) addi t2, zero, 7
x7 <- 0x00000007


mem[X,0x80000420] -> 0xB837
mem[X,0x80000422] -> 0x0000
[123] [M]: 0x80000420 (0x0000B837) lui a6, 11
x16 <- 0x0000B000


mem[X,0x80000424] -> 0x0813
mem[X,0x80000426] -> 0x5048
[124] [M]: 0x80000424 (0x50480813) addi a6, a6, 1284
x16 <- 0x0000B504


mem[X,0x80000428] -> 0x0293
mem[X,0x8000042A] -> 0x0000
[125] [M]: 0x80000428 (0x00000293) addi t0, zero, 0
x5 <- 0x00000000


mem[X,0x8000042C] -> 0x006F
mem[X,0x8000042E] -> 0x00C0
[126] [M]: 0x8000042C (0x00C0006F) jal zero, 12


mem[X,0x80000438] -> 0xF063
mem[X,0x8000043A] -> 0x4103
[127] [M]: 0x80000438 (0x4103F063) bgeu t2, a6, 1024


mem[X,0x8000043C] -> 0x8293
mem[X,0x8000043E] -> 0x0022
[128] [M]: 0x8000043C (0x00228293) addi t0, t0, 2
x5 <- 0x00000002


mem[X,0x80000440] -> 0x006F
mem[X,0x80000442] -> 0x4000
[129] [M]: 0x80000440 (0x4000006F) jal zero, 1024


mem[X,0x80000840] -> 0xAA23
mem[X,0x80000842] -> 0x0054
[130] [M]: 0x80000840 (0x0054AA23) sw t0, 20(s1)
mem[0x8004B128] <- 0x00000002


mem[X,0x80000844] -> 0xB5B7
mem[X,0x80000846] -> 0xAAAA
[131] [M]: 0x80000844 (0xAAAAB5B7) lui a1, 699051
x11 <- 0xAAAAB000


mem[X,0x80000848] -> 0x8593
mem[X,0x8000084A] -> 0xAA95
[132] [M]: 0x80000848 (0xAA958593) addi a1, a1, 2729
x11 <- 0xAAAAAAA9


mem[X,0x8000084C] -> 0x0993
mem[X,0x8000084E] -> 0x0010
[133] [M]: 0x8000084C (0x00100993) addi s3, zero, 1
x19 <- 0x00000001


mem[X,0x80000850] -> 0x0293
mem[X,0x80000852] -> 0x0000
[134] [M]: 0x80000850 (0x00000293) addi t0, zero, 0
x5 <- 0x00000000


mem[X,0x80000854] -> 0x006F
mem[X,0x80000856] -> 0x00C0
[135] [M]: 0x80000854 (0x00C0006F) jal zero, 12


mem[X,0x80000860] -> 0xF063
mem[X,0x80000862] -> 0x0535
[136] [M]: 0x80000860 (0x0535F063) bgeu a1, s3, 64


mem[X,0x800008A0] -> 0x8293
mem[X,0x800008A2] -> 0x0032
[137] [M]: 0x800008A0 (0x00328293) addi t0, t0, 3
x5 <- 0x00000003


mem[X,0x800008A4] -> 0x006F
mem[X,0x800008A6] -> 0x0040
[138] [M]: 0x800008A4 (0x0040006F) jal zero, 4


mem[X,0x800008A8] -> 0xAC23
mem[X,0x800008AA] -> 0x0054
[139] [M]: 0x800008A8 (0x0054AC23) sw t0, 24(s1)
mem[0x8004B12C] <- 0x00000003


mem[X,0x800008AC] -> 0xB537
mem[X,0x800008AE] -> 0xAAAA
[140] [M]: 0x800008AC (0xAAAAB537) lui a0, 699051
x10 <- 0xAAAAB000


mem[X,0x800008B0] -> 0x0513
mem[X,0x800008B2] -> 0xAAA5
[141] [M]: 0x800008B0 (0xAAA50513) addi a0, a0, 2730
x10 <- 0xAAAAAAAA


mem[X,0x800008B4] -> 0x0A93
mem[X,0x800008B6] -> 0x0020
[142] [M]: 0x800008B4 (0x00200A93) addi s5, zero, 2
x21 <- 0x00000002


mem[X,0x800008B8] -> 0x0293
mem[X,0x800008BA] -> 0x0000
[143] [M]: 0x800008B8 (0x00000293) addi t0, zero, 0
x5 <- 0x00000000


mem[X,0x800008BC] -> 0x006F
mem[X,0x800008BE] -> 0x00C0
[144] [M]: 0x800008BC (0x00C0006F) jal zero, 12


mem[X,0x800008C8] -> 0x7063
mem[X,0x800008CA] -> 0x0555
[145] [M]: 0x800008C8 (0x05557063) bgeu a0, s5, 64


mem[X,0x80000908] -> 0x8293
mem[X,0x8000090A] -> 0x0032
[146] [M]: 0x80000908 (0x00328293) addi t0, t0, 3
x5 <- 0x00000003


mem[X,0x8000090C] -> 0x006F
mem[X,0x8000090E] -> 0x0040
[147] [M]: 0x8000090C (0x0040006F) jal zero, 4


mem[X,0x80000910] -> 0xAE23
mem[X,0x80000912] -> 0x0054
[148] [M]: 0x80000910 (0x0054AE23) sw t0, 28(s1)
mem[0x8004B130] <- 0x00000003


mem[X,0x80000914] -> 0x0013
mem[X,0x80000916] -> 0x0000
[149] [M]: 0x80000914 (0x00000013) addi zero, zero, 0


mem[X,0x80000918] -> 0x0A13
mem[X,0x8000091A] -> 0x0080
[150] [M]: 0x80000918 (0x00800A13) addi s4, zero, 8
x20 <- 0x00000008


mem[X,0x8000091C] -> 0x0293
mem[X,0x8000091E] -> 0x0000
[151] [M]: 0x8000091C (0x00000293) addi t0, zero, 0
x5 <- 0x00000000


mem[X,0x80000920] -> 0x006F
mem[X,0x80000922] -> 0x0050
[152] [M]: 0x80000920 (0x0050006F) jal zero, 2052


mem[X,0x80001124] -> 0x70E3
mem[X,0x80001126] -> 0x8140
[153] [M]: 0x80001124 (0x814070E3) bgeu zero, s4, 6144


mem[X,0x80001128] -> 0x8293
mem[X,0x8000112A] -> 0x0022
[154] [M]: 0x80001128 (0x00228293) addi t0, t0, 2
x5 <- 0x00000002


mem[X,0x8000112C] -> 0x006F
mem[X,0x8000112E] -> 0x00C0
[155] [M]: 0x8000112C (0x00C0006F) jal zero, 12


mem[X,0x80001138] -> 0xA023
mem[X,0x8000113A] -> 0x0254
[156] [M]: 0x80001138 (0x0254A023) sw t0, 32(s1)
mem[0x8004B134] <- 0x00000002


mem[X,0x8000113C] -> 0x01B7
mem[X,0x8000113E] -> 0x0001
[157] [M]: 0x8000113C (0x000101B7) lui gp, 16
x3 <- 0x00010000


mem[X,0x80001140] -> 0x8193
mem[X,0x80001142] -> 0xFFF1
[158] [M]: 0x80001140 (0xFFF18193) addi gp, gp, 4095
x3 <- 0x0000FFFF


mem[X,0x80001144] -> 0x0D93
mem[X,0x80001146] -> 0x0100
[159] [M]: 0x80001144 (0x01000D93) addi s11, zero, 16
x27 <- 0x00000010


mem[X,0x80001148] -> 0x0293
mem[X,0x8000114A] -> 0x0000
[160] [M]: 0x80001148 (0x00000293) addi t0, zero, 0
x5 <- 0x00000000


mem[X,0x8000114C] -> 0x006F
mem[X,0x8000114E] -> 0x00C0
[161] [M]: 0x8000114C (0x00C0006F) jal zero, 12


mem[X,0x80001158] -> 0xFCE3
mem[X,0x8000115A] -> 0xFFB1
[162] [M]: 0x80001158 (0xFFB1FCE3) bgeu gp, s11, 8184


mem[X,0x80001150] -> 0x8293
mem[X,0x80001152] -> 0x0012
[163] [M]: 0x80001150 (0x00128293) addi t0, t0, 1
x5 <- 0x00000001


mem[X,0x80001154] -> 0x006F
mem[X,0x80001156] -> 0x0180
[164] [M]: 0x80001154 (0x0180006F) jal zero, 24


mem[X,0x8000116C] -> 0xA223
mem[X,0x8000116E] -> 0x0254
[165] [M]: 0x8000116C (0x0254A223) sw t0, 36(s1)
mem[0x8004B138] <- 0x00000001


mem[X,0x80001170] -> 0x0C93
mem[X,0x80001172] -> 0x0060
[166] [M]: 0x80001170 (0x00600C93) addi s9, zero, 6
x25 <- 0x00000006


mem[X,0x80001174] -> 0x0E13
mem[X,0x80001176] -> 0x0200
[167] [M]: 0x80001174 (0x02000E13) addi t3, zero, 32
x28 <- 0x00000020


mem[X,0x80001178] -> 0x0293
mem[X,0x8000117A] -> 0x0000
[168] [M]: 0x80001178 (0x00000293) addi t0, zero, 0
x5 <- 0x00000000


mem[X,0x8000117C] -> 0x006F
mem[X,0x8000117E] -> 0x0140
[169] [M]: 0x8000117C (0x0140006F) jal zero, 20


mem[X,0x80001190] -> 0xF8E3
mem[X,0x80001192] -> 0xFFCC
[170] [M]: 0x80001190 (0xFFCCF8E3) bgeu s9, t3, 8176


mem[X,0x80001194] -> 0x8293
mem[X,0x80001196] -> 0x0022
[171] [M]: 0x80001194 (0x00228293) addi t0, t0, 2
x5 <- 0x00000002


mem[X,0x80001198] -> 0x006F
mem[X,0x8000119A] -> 0x00C0
[172] [M]: 0x80001198 (0x00C0006F) jal zero, 12


mem[X,0x800011A4] -> 0xA423
mem[X,0x800011A6] -> 0x0254
[173] [M]: 0x800011A4 (0x0254A423) sw t0, 40(s1)
mem[0x8004B13C] <- 0x00000002


mem[X,0x800011A8] -> 0xFF37
mem[X,0x800011AA] -> 0xFFFF
[174] [M]: 0x800011A8 (0xFFFFFF37) lui t5, 1048575
x30 <- 0xFFFFF000


mem[X,0x800011AC] -> 0x0F13
mem[X,0x800011AE] -> 0x7FFF
[175] [M]: 0x800011AC (0x7FFF0F13) addi t5, t5, 2047
x30 <- 0xFFFFF7FF


mem[X,0x800011B0] -> 0x0013
mem[X,0x800011B2] -> 0x0000
[176] [M]: 0x800011B0 (0x00000013) addi zero, zero, 0


mem[X,0x800011B4] -> 0x0293
mem[X,0x800011B6] -> 0x0000
[177] [M]: 0x800011B4 (0x00000293) addi t0, zero, 0
x5 <- 0x00000000


mem[X,0x800011B8] -> 0x006F
mem[X,0x800011BA] -> 0x0140
[178] [M]: 0x800011B8 (0x0140006F) jal zero, 20


mem[X,0x800011CC] -> 0x78E3
mem[X,0x800011CE] -> 0xFE0F
[179] [M]: 0x800011CC (0xFE0F78E3) bgeu t5, zero, 8176


mem[X,0x800011BC] -> 0x8293
mem[X,0x800011BE] -> 0x0012
[180] [M]: 0x800011BC (0x00128293) addi t0, t0, 1
x5 <- 0x00000001


mem[X,0x800011C0] -> 0x006F
mem[X,0x800011C2] -> 0x0200
[181] [M]: 0x800011C0 (0x0200006F) jal zero, 32


mem[X,0x800011E0] -> 0xA623
mem[X,0x800011E2] -> 0x0254
[182] [M]: 0x800011E0 (0x0254A623) sw t0, 44(s1)
mem[0x8004B140] <- 0x00000001


mem[X,0x800011E4] -> 0x0E93
mem[X,0x800011E6] -> 0x00D0
[183] [M]: 0x800011E4 (0x00D00E93) addi t4, zero, 13
x29 <- 0x0000000D


mem[X,0x800011E8] -> 0x0B93
mem[X,0x800011EA] -> 0x0800
[184] [M]: 0x800011E8 (0x08000B93) addi s7, zero, 128
x23 <- 0x00000080


mem[X,0x800011EC] -> 0x0293
mem[X,0x800011EE] -> 0x0000
[185] [M]: 0x800011EC (0x00000293) addi t0, zero, 0
x5 <- 0x00000000


mem[X,0x800011F0] -> 0x006F
mem[X,0x800011F2] -> 0x00C0
[186] [M]: 0x800011F0 (0x00C0006F) jal zero, 12


mem[X,0x800011FC] -> 0xF063
mem[X,0x800011FE] -> 0x217E
[187] [M]: 0x800011FC (0x217EF063) bgeu t4, s7, 512


mem[X,0x80001200] -> 0x8293
mem[X,0x80001202] -> 0x0022
[188] [M]: 0x80001200 (0x00228293) addi t0, t0, 2
x5 <- 0x00000002


mem[X,0x80001204] -> 0x006F
mem[X,0x80001206] -> 0x2000
[189] [M]: 0x80001204 (0x2000006F) jal zero, 512


mem[X,0x80001404] -> 0xA823
mem[X,0x80001406] -> 0x0254
[190] [M]: 0x80001404 (0x0254A823) sw t0, 48(s1)
mem[0x8004B144] <- 0x00000002


mem[X,0x80001408] -> 0x0613
mem[X,0x8000140A] -> 0xF7F0
[191] [M]: 0x80001408 (0xF7F00613) addi a2, zero, 3967
x12 <- 0xFFFFFF7F


mem[X,0x8000140C] -> 0x0413
mem[X,0x8000140E] -> 0x1000
[192] [M]: 0x8000140C (0x10000413) addi fp, zero, 256
x8 <- 0x00000100


mem[X,0x80001410] -> 0x0293
mem[X,0x80001412] -> 0x0000
[193] [M]: 0x80001410 (0x00000293) addi t0, zero, 0
x5 <- 0x00000000


mem[X,0x80001414] -> 0x006F
mem[X,0x80001416] -> 0x00C0
[194] [M]: 0x80001414 (0x00C0006F) jal zero, 12


mem[X,0x80001420] -> 0x7063
mem[X,0x80001422] -> 0x2086
[195] [M]: 0x80001420 (0x20867063) bgeu a2, fp, 512


mem[X,0x80001620] -> 0x8293
mem[X,0x80001622] -> 0x0032
[196] [M]: 0x80001620 (0x00328293) addi t0, t0, 3
x5 <- 0x00000003


mem[X,0x80001624] -> 0x006F
mem[X,0x80001626] -> 0x0040
[197] [M]: 0x80001624 (0x0040006F) jal zero, 4


mem[X,0x80001628] -> 0xAA23
mem[X,0x8000162A] -> 0x0254
[198] [M]: 0x80001628 (0x0254AA23) sw t0, 52(s1)
mem[0x8004B148] <- 0x00000003


mem[X,0x8000162C] -> 0xBB37
mem[X,0x8000162E] -> 0x0000
[199] [M]: 0x8000162C (0x0000BB37) lui s6, 11
x22 <- 0x0000B000


clint::tick mtime <- 0x0000000000000002
 clint timer pending at mtime 0x0000000000000002
htif::tick 0x0000000000000000
mem[X,0x80001630] -> 0x0B13
mem[X,0x80001632] -> 0x504B
[200] [M]: 0x80001630 (0x504B0B13) addi s6, s6, 1284
x22 <- 0x0000B504


mem[X,0x80001634] -> 0x0393
mem[X,0x80001636] -> 0x2000
[201] [M]: 0x80001634 (0x20000393) addi t2, zero, 512
x7 <- 0x00000200


mem[X,0x80001638] -> 0x0293
mem[X,0x8000163A] -> 0x0000
[202] [M]: 0x80001638 (0x00000293) addi t0, zero, 0
x5 <- 0x00000000


mem[X,0x8000163C] -> 0x006F
mem[X,0x8000163E] -> 0x00C0
[203] [M]: 0x8000163C (0x00C0006F) jal zero, 12


mem[X,0x80001648] -> 0x7663
mem[X,0x8000164A] -> 0x007B
[204] [M]: 0x80001648 (0x007B7663) bgeu s6, t2, 12


mem[X,0x80001654] -> 0x8293
mem[X,0x80001656] -> 0x0032
[205] [M]: 0x80001654 (0x00328293) addi t0, t0, 3
x5 <- 0x00000003


mem[X,0x80001658] -> 0x006F
mem[X,0x8000165A] -> 0x0040
[206] [M]: 0x80001658 (0x0040006F) jal zero, 4


mem[X,0x8000165C] -> 0xAC23
mem[X,0x8000165E] -> 0x0254
[207] [M]: 0x8000165C (0x0254AC23) sw t0, 56(s1)
mem[0x8004B14C] <- 0x00000003


mem[X,0x80001660] -> 0x4C37
mem[X,0x80001662] -> 0x0000
[208] [M]: 0x80001660 (0x00004C37) lui s8, 4
x24 <- 0x00004000


mem[X,0x80001664] -> 0x0D13
mem[X,0x80001666] -> 0x4000
[209] [M]: 0x80001664 (0x40000D13) addi s10, zero, 1024
x26 <- 0x00000400


mem[X,0x80001668] -> 0x0293
mem[X,0x8000166A] -> 0x0000
[210] [M]: 0x80001668 (0x00000293) addi t0, zero, 0
x5 <- 0x00000000


mem[X,0x8000166C] -> 0x006F
mem[X,0x8000166E] -> 0x00C0
[211] [M]: 0x8000166C (0x00C0006F) jal zero, 12


mem[X,0x80001678] -> 0x7063
mem[X,0x8000167A] -> 0x05AC
[212] [M]: 0x80001678 (0x05AC7063) bgeu s8, s10, 64


mem[X,0x800016B8] -> 0x8293
mem[X,0x800016BA] -> 0x0032
[213] [M]: 0x800016B8 (0x00328293) addi t0, t0, 3
x5 <- 0x00000003


mem[X,0x800016BC] -> 0x006F
mem[X,0x800016BE] -> 0x0040
[214] [M]: 0x800016BC (0x0040006F) jal zero, 4


mem[X,0x800016C0] -> 0xAE23
mem[X,0x800016C2] -> 0x0254
[215] [M]: 0x800016C0 (0x0254AE23) sw t0, 60(s1)
mem[0x8004B150] <- 0x00000003


mem[X,0x800016C4] -> 0x0337
mem[X,0x800016C6] -> 0x0008
[216] [M]: 0x800016C4 (0x00080337) lui t1, 128
x6 <- 0x00080000


mem[X,0x800016C8] -> 0x1B37
mem[X,0x800016CA] -> 0x0000
[217] [M]: 0x800016C8 (0x00001B37) lui s6, 1
x22 <- 0x00001000


mem[X,0x800016CC] -> 0x0B13
mem[X,0x800016CE] -> 0x800B
[218] [M]: 0x800016CC (0x800B0B13) addi s6, s6, 2048
x22 <- 0x00000800


mem[X,0x800016D0] -> 0x0293
mem[X,0x800016D2] -> 0x0000
[219] [M]: 0x800016D0 (0x00000293) addi t0, zero, 0
x5 <- 0x00000000


mem[X,0x800016D4] -> 0x006F
mem[X,0x800016D6] -> 0x00C0
[220] [M]: 0x800016D4 (0x00C0006F) jal zero, 12


mem[X,0x800016E0] -> 0x7063
mem[X,0x800016E2] -> 0x0563
[221] [M]: 0x800016E0 (0x05637063) bgeu t1, s6, 64


mem[X,0x80001720] -> 0x8293
mem[X,0x80001722] -> 0x0032
[222] [M]: 0x80001720 (0x00328293) addi t0, t0, 3
x5 <- 0x00000003


mem[X,0x80001724] -> 0x006F
mem[X,0x80001726] -> 0x0040
[223] [M]: 0x80001724 (0x0040006F) jal zero, 4


mem[X,0x80001728] -> 0xA023
mem[X,0x8000172A] -> 0x0454
[224] [M]: 0x80001728 (0x0454A023) sw t0, 64(s1)
mem[0x8004B154] <- 0x00000003


mem[X,0x8000172C] -> 0x0213
mem[X,0x8000172E] -> 0x0080
[225] [M]: 0x8000172C (0x00800213) addi tp, zero, 8
x4 <- 0x00000008


mem[X,0x80001730] -> 0x1937
mem[X,0x80001732] -> 0x0000
[226] [M]: 0x80001730 (0x00001937) lui s2, 1
x18 <- 0x00001000


mem[X,0x80001734] -> 0x0293
mem[X,0x80001736] -> 0x0000
[227] [M]: 0x80001734 (0x00000293) addi t0, zero, 0
x5 <- 0x00000000


mem[X,0x80001738] -> 0x006F
mem[X,0x8000173A] -> 0x00C0
[228] [M]: 0x80001738 (0x00C0006F) jal zero, 12


mem[X,0x80001744] -> 0x7CE3
mem[X,0x80001746] -> 0xFF22
[229] [M]: 0x80001744 (0xFF227CE3) bgeu tp, s2, 8184


mem[X,0x80001748] -> 0x8293
mem[X,0x8000174A] -> 0x0022
[230] [M]: 0x80001748 (0x00228293) addi t0, t0, 2
x5 <- 0x00000002


mem[X,0x8000174C] -> 0x006F
mem[X,0x8000174E] -> 0x00C0
[231] [M]: 0x8000174C (0x00C0006F) jal zero, 12


mem[X,0x80001758] -> 0xA223
mem[X,0x8000175A] -> 0x0454
[232] [M]: 0x80001758 (0x0454A223) sw t0, 68(s1)
mem[0x8004B158] <- 0x00000002


mem[X,0x8000175C] -> 0xB0B7
mem[X,0x8000175E] -> 0x0000
[233] [M]: 0x8000175C (0x0000B0B7) lui ra, 11
x1 <- 0x0000B000


mem[X,0x80001760] -> 0x8093
mem[X,0x80001762] -> 0x5050
[234] [M]: 0x80001760 (0x50508093) addi ra, ra, 1285
x1 <- 0x0000B505


mem[X,0x80001764] -> 0x2F37
mem[X,0x80001766] -> 0x0000
[235] [M]: 0x80001764 (0x00002F37) lui t5, 2
x30 <- 0x00002000


mem[X,0x80001768] -> 0x0293
mem[X,0x8000176A] -> 0x0000
[236] [M]: 0x80001768 (0x00000293) addi t0, zero, 0
x5 <- 0x00000000


mem[X,0x8000176C] -> 0x006F
mem[X,0x8000176E] -> 0x00C0
[237] [M]: 0x8000176C (0x00C0006F) jal zero, 12


mem[X,0x80001778] -> 0xFCE3
mem[X,0x8000177A] -> 0xFFE0
[238] [M]: 0x80001778 (0xFFE0FCE3) bgeu ra, t5, 8184


mem[X,0x80001770] -> 0x8293
mem[X,0x80001772] -> 0x0012
[239] [M]: 0x80001770 (0x00128293) addi t0, t0, 1
x5 <- 0x00000001


mem[X,0x80001774] -> 0x006F
mem[X,0x80001776] -> 0x0180
[240] [M]: 0x80001774 (0x0180006F) jal zero, 24


mem[X,0x8000178C] -> 0xA423
mem[X,0x8000178E] -> 0x0454
[241] [M]: 0x8000178C (0x0454A423) sw t0, 72(s1)
mem[0x8004B15C] <- 0x00000001


mem[X,0x80001790] -> 0xB2B7
mem[X,0x80001792] -> 0xAAAA
[242] [M]: 0x80001790 (0xAAAAB2B7) lui t0, 699051
x5 <- 0xAAAAB000


mem[X,0x80001794] -> 0x8293
mem[X,0x80001796] -> 0xAAA2
[243] [M]: 0x80001794 (0xAAA28293) addi t0, t0, 2730
x5 <- 0xAAAAAAAA


mem[X,0x80001798] -> 0x4637
mem[X,0x8000179A] -> 0x0000
[244] [M]: 0x80001798 (0x00004637) lui a2, 4
x12 <- 0x00004000


mem[X,0x8000179C] -> 0x0193
mem[X,0x8000179E] -> 0x0000
[245] [M]: 0x8000179C (0x00000193) addi gp, zero, 0
x3 <- 0x00000000


mem[X,0x800017A0] -> 0x006F
mem[X,0x800017A2] -> 0x0100
[246] [M]: 0x800017A0 (0x0100006F) jal zero, 16


mem[X,0x800017B0] -> 0xFAE3
mem[X,0x800017B2] -> 0xFEC2
[247] [M]: 0x800017B0 (0xFEC2FAE3) bgeu t0, a2, 8180


mem[X,0x800017A4] -> 0x8193
mem[X,0x800017A6] -> 0x0011
[248] [M]: 0x800017A4 (0x00118193) addi gp, gp, 1
x3 <- 0x00000001


mem[X,0x800017A8] -> 0x006F
mem[X,0x800017AA] -> 0x01C0
[249] [M]: 0x800017A8 (0x01C0006F) jal zero, 28


mem[X,0x800017C4] -> 0xA623
mem[X,0x800017C6] -> 0x0434
[250] [M]: 0x800017C4 (0x0434A623) sw gp, 76(s1)
mem[0x8004B160] <- 0x00000001


mem[X,0x800017C8] -> 0x0013
mem[X,0x800017CA] -> 0x0000
[251] [M]: 0x800017C8 (0x00000013) addi zero, zero, 0


mem[X,0x800017CC] -> 0x0013
mem[X,0x800017CE] -> 0x0000
[252] [M]: 0x800017CC (0x00000013) addi zero, zero, 0


mem[X,0x800017D0] -> 0x0013
mem[X,0x800017D2] -> 0x0000
[253] [M]: 0x800017D0 (0x00000013) addi zero, zero, 0


mem[X,0x800017D4] -> 0x0013
mem[X,0x800017D6] -> 0x0000
[254] [M]: 0x800017D4 (0x00000013) addi zero, zero, 0


mem[X,0x800017D8] -> 0x0013
mem[X,0x800017DA] -> 0x0000
[255] [M]: 0x800017D8 (0x00000013) addi zero, zero, 0


mem[X,0x800017DC] -> 0x0013
mem[X,0x800017DE] -> 0x0000
[256] [M]: 0x800017DC (0x00000013) addi zero, zero, 0


mem[X,0x800017E0] -> 0xA117
mem[X,0x800017E2] -> 0x0004
[257] [M]: 0x800017E0 (0x0004A117) auipc sp, 74
x2 <- 0x8004B7E0


mem[X,0x800017E4] -> 0x0113
mem[X,0x800017E6] -> 0x9841
[258] [M]: 0x800017E4 (0x98410113) addi sp, sp, 2436
x2 <- 0x8004B164


mem[X,0x800017E8] -> 0x0013
mem[X,0x800017EA] -> 0x0000
[259] [M]: 0x800017E8 (0x00000013) addi zero, zero, 0


mem[X,0x800017EC] -> 0x0013
mem[X,0x800017EE] -> 0x0000
[260] [M]: 0x800017EC (0x00000013) addi zero, zero, 0


mem[X,0x800017F0] -> 0x0013
mem[X,0x800017F2] -> 0x0000
[261] [M]: 0x800017F0 (0x00000013) addi zero, zero, 0


mem[X,0x800017F4] -> 0x0013
mem[X,0x800017F6] -> 0x0000
[262] [M]: 0x800017F4 (0x00000013) addi zero, zero, 0


mem[X,0x800017F8] -> 0x0013
mem[X,0x800017FA] -> 0x0000
[263] [M]: 0x800017F8 (0x00000013) addi zero, zero, 0


mem[X,0x800017FC] -> 0x0013
mem[X,0x800017FE] -> 0x0000
[264] [M]: 0x800017FC (0x00000013) addi zero, zero, 0


mem[X,0x80001800] -> 0x0837
mem[X,0x80001802] -> 0x0200
[265] [M]: 0x80001800 (0x02000837) lui a6, 8192
x16 <- 0x02000000


mem[X,0x80001804] -> 0x80B7
mem[X,0x80001806] -> 0x0000
[266] [M]: 0x80001804 (0x000080B7) lui ra, 8
x1 <- 0x00008000


mem[X,0x80001808] -> 0x0193
mem[X,0x8000180A] -> 0x0000
[267] [M]: 0x80001808 (0x00000193) addi gp, zero, 0
x3 <- 0x00000000


mem[X,0x8000180C] -> 0x006F
mem[X,0x8000180E] -> 0x00C0
[268] [M]: 0x8000180C (0x00C0006F) jal zero, 12


mem[X,0x80001818] -> 0x7CE3
mem[X,0x8000181A] -> 0xFE18
[269] [M]: 0x80001818 (0xFE187CE3) bgeu a6, ra, 8184


mem[X,0x80001810] -> 0x8193
mem[X,0x80001812] -> 0x0011
[270] [M]: 0x80001810 (0x00118193) addi gp, gp, 1
x3 <- 0x00000001


mem[X,0x80001814] -> 0x006F
mem[X,0x80001816] -> 0x0180
[271] [M]: 0x80001814 (0x0180006F) jal zero, 24


mem[X,0x8000182C] -> 0x2023
mem[X,0x8000182E] -> 0x0031
[272] [M]: 0x8000182C (0x00312023) sw gp, 0(sp)
mem[0x8004B164] <- 0x00000001


mem[X,0x80001830] -> 0xFD37
mem[X,0x80001832] -> 0xFFFF
[273] [M]: 0x80001830 (0xFFFFFD37) lui s10, 1048575
x26 <- 0xFFFFF000


mem[X,0x80001834] -> 0x0D13
mem[X,0x80001836] -> 0x7FFD
[274] [M]: 0x80001834 (0x7FFD0D13) addi s10, s10, 2047
x26 <- 0xFFFFF7FF


mem[X,0x80001838] -> 0x0FB7
mem[X,0x8000183A] -> 0x0001
[275] [M]: 0x80001838 (0x00010FB7) lui t6, 16
x31 <- 0x00010000


mem[X,0x8000183C] -> 0x0193
mem[X,0x8000183E] -> 0x0000
[276] [M]: 0x8000183C (0x00000193) addi gp, zero, 0
x3 <- 0x00000000


mem[X,0x80001840] -> 0x006F
mem[X,0x80001842] -> 0x00C0
[277] [M]: 0x80001840 (0x00C0006F) jal zero, 12


mem[X,0x8000184C] -> 0x7663
mem[X,0x8000184E] -> 0x01FD
[278] [M]: 0x8000184C (0x01FD7663) bgeu s10, t6, 12


mem[X,0x80001858] -> 0x8193
mem[X,0x8000185A] -> 0x0031
[279] [M]: 0x80001858 (0x00318193) addi gp, gp, 3
x3 <- 0x00000003


mem[X,0x8000185C] -> 0x006F
mem[X,0x8000185E] -> 0x0040
[280] [M]: 0x8000185C (0x0040006F) jal zero, 4


mem[X,0x80001860] -> 0x2223
mem[X,0x80001862] -> 0x0031
[281] [M]: 0x80001860 (0x00312223) sw gp, 4(sp)
mem[0x8004B168] <- 0x00000003


mem[X,0x80001864] -> 0x0E37
mem[X,0x80001866] -> 0xC000
[282] [M]: 0x80001864 (0xC0000E37) lui t3, 786432
x28 <- 0xC0000000


mem[X,0x80001868] -> 0x0E13
mem[X,0x8000186A] -> 0xFFFE
[283] [M]: 0x80001868 (0xFFFE0E13) addi t3, t3, 4095
x28 <- 0xBFFFFFFF


mem[X,0x8000186C] -> 0x0537
mem[X,0x8000186E] -> 0x0002
[284] [M]: 0x8000186C (0x00020537) lui a0, 32
x10 <- 0x00020000


mem[X,0x80001870] -> 0x0193
mem[X,0x80001872] -> 0x0000
[285] [M]: 0x80001870 (0x00000193) addi gp, zero, 0
x3 <- 0x00000000


mem[X,0x80001874] -> 0x006F
mem[X,0x80001876] -> 0x0100
[286] [M]: 0x80001874 (0x0100006F) jal zero, 16


mem[X,0x80001884] -> 0x7AE3
mem[X,0x80001886] -> 0xFEAE
[287] [M]: 0x80001884 (0xFEAE7AE3) bgeu t3, a0, 8180


mem[X,0x80001878] -> 0x8193
mem[X,0x8000187A] -> 0x0011
[288] [M]: 0x80001878 (0x00118193) addi gp, gp, 1
x3 <- 0x00000001


mem[X,0x8000187C] -> 0x006F
mem[X,0x8000187E] -> 0x01C0
[289] [M]: 0x8000187C (0x01C0006F) jal zero, 28


mem[X,0x80001898] -> 0x2423
mem[X,0x8000189A] -> 0x0031
[290] [M]: 0x80001898 (0x00312423) sw gp, 8(sp)
mem[0x8004B16C] <- 0x00000001


mem[X,0x8000189C] -> 0x04B7
mem[X,0x8000189E] -> 0xFE00
[291] [M]: 0x8000189C (0xFE0004B7) lui s1, 1040384
x9 <- 0xFE000000


mem[X,0x800018A0] -> 0x8493
mem[X,0x800018A2] -> 0xFFF4
[292] [M]: 0x800018A0 (0xFFF48493) addi s1, s1, 4095
x9 <- 0xFDFFFFFF


mem[X,0x800018A4] -> 0x0C37
mem[X,0x800018A6] -> 0x0004
[293] [M]: 0x800018A4 (0x00040C37) lui s8, 64
x24 <- 0x00040000


mem[X,0x800018A8] -> 0x0193
mem[X,0x800018AA] -> 0x0000
[294] [M]: 0x800018A8 (0x00000193) addi gp, zero, 0
x3 <- 0x00000000


mem[X,0x800018AC] -> 0x006F
mem[X,0x800018AE] -> 0x00C0
[295] [M]: 0x800018AC (0x00C0006F) jal zero, 12


mem[X,0x800018B8] -> 0xF063
mem[X,0x800018BA] -> 0x2184
[296] [M]: 0x800018B8 (0x2184F063) bgeu s1, s8, 512


mem[X,0x80001AB8] -> 0x8193
mem[X,0x80001ABA] -> 0x0031
[297] [M]: 0x80001AB8 (0x00318193) addi gp, gp, 3
x3 <- 0x00000003


mem[X,0x80001ABC] -> 0x006F
mem[X,0x80001ABE] -> 0x0040
[298] [M]: 0x80001ABC (0x0040006F) jal zero, 4


mem[X,0x80001AC0] -> 0x2623
mem[X,0x80001AC2] -> 0x0031
[299] [M]: 0x80001AC0 (0x00312623) sw gp, 12(sp)
mem[0x8004B170] <- 0x00000003


clint::tick mtime <- 0x0000000000000003
 clint timer pending at mtime 0x0000000000000003
htif::tick 0x0000000000000000
mem[X,0x80001AC4] -> 0x0793
mem[X,0x80001AC6] -> 0x0000
[300] [M]: 0x80001AC4 (0x00000793) addi a5, zero, 0
x15 <- 0x00000000


mem[X,0x80001AC8] -> 0x02B7
mem[X,0x80001ACA] -> 0x0008
[301] [M]: 0x80001AC8 (0x000802B7) lui t0, 128
x5 <- 0x00080000


mem[X,0x80001ACC] -> 0x0193
mem[X,0x80001ACE] -> 0x0000
[302] [M]: 0x80001ACC (0x00000193) addi gp, zero, 0
x3 <- 0x00000000


mem[X,0x80001AD0] -> 0x006F
mem[X,0x80001AD2] -> 0x0050
[303] [M]: 0x80001AD0 (0x0050006F) jal zero, 2052


mem[X,0x800022D4] -> 0xF0E3
mem[X,0x800022D6] -> 0x8057
[304] [M]: 0x800022D4 (0x8057F0E3) bgeu a5, t0, 6144


mem[X,0x800022D8] -> 0x8193
mem[X,0x800022DA] -> 0x0021
[305] [M]: 0x800022D8 (0x00218193) addi gp, gp, 2
x3 <- 0x00000002


mem[X,0x800022DC] -> 0x006F
mem[X,0x800022DE] -> 0x00C0
[306] [M]: 0x800022DC (0x00C0006F) jal zero, 12


mem[X,0x800022E8] -> 0x2823
mem[X,0x800022EA] -> 0x0031
[307] [M]: 0x800022E8 (0x00312823) sw gp, 16(sp)
mem[0x8004B174] <- 0x00000002


mem[X,0x800022EC] -> 0x5937
mem[X,0x800022EE] -> 0x5555
[308] [M]: 0x800022EC (0x55555937) lui s2, 349525
x18 <- 0x55555000


mem[X,0x800022F0] -> 0x0913
mem[X,0x800022F2] -> 0x5569
[309] [M]: 0x800022F0 (0x55690913) addi s2, s2, 1366
x18 <- 0x55555556


mem[X,0x800022F4] -> 0x0737
mem[X,0x800022F6] -> 0x0010
[310] [M]: 0x800022F4 (0x00100737) lui a4, 256
x14 <- 0x00100000


mem[X,0x800022F8] -> 0x0193
mem[X,0x800022FA] -> 0x0000
[311] [M]: 0x800022F8 (0x00000193) addi gp, zero, 0
x3 <- 0x00000000


mem[X,0x800022FC] -> 0x006F
mem[X,0x800022FE] -> 0x00C0
[312] [M]: 0x800022FC (0x00C0006F) jal zero, 12


mem[X,0x80002308] -> 0x7063
mem[X,0x8000230A] -> 0x02E9
[313] [M]: 0x80002308 (0x02E97063) bgeu s2, a4, 32


mem[X,0x80002328] -> 0x8193
mem[X,0x8000232A] -> 0x0031
[314] [M]: 0x80002328 (0x00318193) addi gp, gp, 3
x3 <- 0x00000003


mem[X,0x8000232C] -> 0x006F
mem[X,0x8000232E] -> 0x0040
[315] [M]: 0x8000232C (0x0040006F) jal zero, 4


mem[X,0x80002330] -> 0x2A23
mem[X,0x80002332] -> 0x0031
[316] [M]: 0x80002330 (0x00312A23) sw gp, 20(sp)
mem[0x8004B178] <- 0x00000003


mem[X,0x80002334] -> 0x0893
mem[X,0x80002336] -> 0x0010
[317] [M]: 0x80002334 (0x00100893) addi a7, zero, 1
x17 <- 0x00000001


mem[X,0x80002338] -> 0x07B7
mem[X,0x8000233A] -> 0x0020
[318] [M]: 0x80002338 (0x002007B7) lui a5, 512
x15 <- 0x00200000


mem[X,0x8000233C] -> 0x0193
mem[X,0x8000233E] -> 0x0000
[319] [M]: 0x8000233C (0x00000193) addi gp, zero, 0
x3 <- 0x00000000


mem[X,0x80002340] -> 0x006F
mem[X,0x80002342] -> 0x00C0
[320] [M]: 0x80002340 (0x00C0006F) jal zero, 12


mem[X,0x8000234C] -> 0xF063
mem[X,0x8000234E] -> 0x04F8
[321] [M]: 0x8000234C (0x04F8F063) bgeu a7, a5, 64


mem[X,0x80002350] -> 0x8193
mem[X,0x80002352] -> 0x0021
[322] [M]: 0x80002350 (0x00218193) addi gp, gp, 2
x3 <- 0x00000002


mem[X,0x80002354] -> 0x006F
mem[X,0x80002356] -> 0x0400
[323] [M]: 0x80002354 (0x0400006F) jal zero, 64


mem[X,0x80002394] -> 0x2C23
mem[X,0x80002396] -> 0x0031
[324] [M]: 0x80002394 (0x00312C23) sw gp, 24(sp)
mem[0x8004B17C] <- 0x00000002


mem[X,0x80002398] -> 0xFA37
mem[X,0x8000239A] -> 0xFFFF
[325] [M]: 0x80002398 (0xFFFFFA37) lui s4, 1048575
x20 <- 0xFFFFF000


mem[X,0x8000239C] -> 0x0A13
mem[X,0x8000239E] -> 0x7FFA
[326] [M]: 0x8000239C (0x7FFA0A13) addi s4, s4, 2047
x20 <- 0xFFFFF7FF


mem[X,0x800023A0] -> 0x08B7
mem[X,0x800023A2] -> 0x0040
[327] [M]: 0x800023A0 (0x004008B7) lui a7, 1024
x17 <- 0x00400000


mem[X,0x800023A4] -> 0x0193
mem[X,0x800023A6] -> 0x0000
[328] [M]: 0x800023A4 (0x00000193) addi gp, zero, 0
x3 <- 0x00000000


mem[X,0x800023A8] -> 0x006F
mem[X,0x800023AA] -> 0x0050
[329] [M]: 0x800023A8 (0x0050006F) jal zero, 2052


mem[X,0x80002BAC] -> 0x70E3
mem[X,0x80002BAE] -> 0x811A
[330] [M]: 0x80002BAC (0x811A70E3) bgeu s4, a7, 6144


mem[X,0x800023AC] -> 0x8193
mem[X,0x800023AE] -> 0x0011
[331] [M]: 0x800023AC (0x00118193) addi gp, gp, 1
x3 <- 0x00000001


mem[X,0x800023B0] -> 0x006F
mem[X,0x800023B2] -> 0x0110
[332] [M]: 0x800023B0 (0x0110006F) jal zero, 2064


mem[X,0x80002BC0] -> 0x2E23
mem[X,0x80002BC2] -> 0x0031
[333] [M]: 0x80002BC0 (0x00312E23) sw gp, 28(sp)
mem[0x8004B180] <- 0x00000001


mem[X,0x80002BC4] -> 0x4BB7
mem[X,0x80002BC6] -> 0x0000
[334] [M]: 0x80002BC4 (0x00004BB7) lui s7, 4
x23 <- 0x00004000


mem[X,0x80002BC8] -> 0x05B7
mem[X,0x80002BCA] -> 0x0080
[335] [M]: 0x80002BC8 (0x008005B7) lui a1, 2048
x11 <- 0x00800000


mem[X,0x80002BCC] -> 0x0193
mem[X,0x80002BCE] -> 0x0000
[336] [M]: 0x80002BCC (0x00000193) addi gp, zero, 0
x3 <- 0x00000000


mem[X,0x80002BD0] -> 0x006F
mem[X,0x80002BD2] -> 0x00C0
[337] [M]: 0x80002BD0 (0x00C0006F) jal zero, 12


mem[X,0x80002BDC] -> 0xF063
mem[X,0x80002BDE] -> 0x20BB
[338] [M]: 0x80002BDC (0x20BBF063) bgeu s7, a1, 512


mem[X,0x80002BE0] -> 0x8193
mem[X,0x80002BE2] -> 0x0021
[339] [M]: 0x80002BE0 (0x00218193) addi gp, gp, 2
x3 <- 0x00000002


mem[X,0x80002BE4] -> 0x006F
mem[X,0x80002BE6] -> 0x2000
[340] [M]: 0x80002BE4 (0x2000006F) jal zero, 512


mem[X,0x80002DE4] -> 0x2023
mem[X,0x80002DE6] -> 0x0231
[341] [M]: 0x80002DE4 (0x02312023) sw gp, 32(sp)
mem[0x8004B184] <- 0x00000002


mem[X,0x80002DE8] -> 0x0693
mem[X,0x80002DEA] -> 0xBFF0
[342] [M]: 0x80002DE8 (0xBFF00693) addi a3, zero, 3071
x13 <- 0xFFFFFBFF


mem[X,0x80002DEC] -> 0x0237
mem[X,0x80002DEE] -> 0x0100
[343] [M]: 0x80002DEC (0x01000237) lui tp, 4096
x4 <- 0x01000000


mem[X,0x80002DF0] -> 0x0193
mem[X,0x80002DF2] -> 0x0000
[344] [M]: 0x80002DF0 (0x00000193) addi gp, zero, 0
x3 <- 0x00000000


mem[X,0x80002DF4] -> 0x006F
mem[X,0x80002DF6] -> 0x00C0
[345] [M]: 0x80002DF4 (0x00C0006F) jal zero, 12


mem[X,0x80002E00] -> 0xF663
mem[X,0x80002E02] -> 0x0046
[346] [M]: 0x80002E00 (0x0046F663) bgeu a3, tp, 12


mem[X,0x80002E0C] -> 0x8193
mem[X,0x80002E0E] -> 0x0031
[347] [M]: 0x80002E0C (0x00318193) addi gp, gp, 3
x3 <- 0x00000003


mem[X,0x80002E10] -> 0x006F
mem[X,0x80002E12] -> 0x0040
[348] [M]: 0x80002E10 (0x0040006F) jal zero, 4


mem[X,0x80002E14] -> 0x2223
mem[X,0x80002E16] -> 0x0231
[349] [M]: 0x80002E14 (0x02312223) sw gp, 36(sp)
mem[0x8004B188] <- 0x00000003


mem[X,0x80002E18] -> 0x0993
mem[X,0x80002E1A] -> 0x0800
[350] [M]: 0x80002E18 (0x08000993) addi s3, zero, 128
x19 <- 0x00000080


mem[X,0x80002E1C] -> 0x0337
mem[X,0x80002E1E] -> 0x0200
[351] [M]: 0x80002E1C (0x02000337) lui t1, 8192
x6 <- 0x02000000


mem[X,0x80002E20] -> 0x0193
mem[X,0x80002E22] -> 0x0000
[352] [M]: 0x80002E20 (0x00000193) addi gp, zero, 0
x3 <- 0x00000000


mem[X,0x80002E24] -> 0x006F
mem[X,0x80002E26] -> 0x0050
[353] [M]: 0x80002E24 (0x0050006F) jal zero, 2052


mem[X,0x80003628] -> 0xF0E3
mem[X,0x8000362A] -> 0x8069
[354] [M]: 0x80003628 (0x8069F0E3) bgeu s3, t1, 6144


mem[X,0x8000362C] -> 0x8193
mem[X,0x8000362E] -> 0x0021
[355] [M]: 0x8000362C (0x00218193) addi gp, gp, 2
x3 <- 0x00000002


mem[X,0x80003630] -> 0x006F
mem[X,0x80003632] -> 0x00C0
[356] [M]: 0x80003630 (0x00C0006F) jal zero, 12


mem[X,0x8000363C] -> 0x2423
mem[X,0x8000363E] -> 0x0231
[357] [M]: 0x8000363C (0x02312423) sw gp, 40(sp)
mem[0x8004B18C] <- 0x00000002


mem[X,0x80003640] -> 0x0413
mem[X,0x80003642] -> 0x0030
[358] [M]: 0x80003640 (0x00300413) addi fp, zero, 3
x8 <- 0x00000003


mem[X,0x80003644] -> 0x04B7
mem[X,0x80003646] -> 0x0400
[359] [M]: 0x80003644 (0x040004B7) lui s1, 16384
x9 <- 0x04000000


mem[X,0x80003648] -> 0x0193
mem[X,0x8000364A] -> 0x0000
[360] [M]: 0x80003648 (0x00000193) addi gp, zero, 0
x3 <- 0x00000000


mem[X,0x8000364C] -> 0x006F
mem[X,0x8000364E] -> 0x00C0
[361] [M]: 0x8000364C (0x00C0006F) jal zero, 12


mem[X,0x80003658] -> 0x7CE3
mem[X,0x8000365A] -> 0xFE94
[362] [M]: 0x80003658 (0xFE947CE3) bgeu fp, s1, 8184


mem[X,0x8000365C] -> 0x8193
mem[X,0x8000365E] -> 0x0021
[363] [M]: 0x8000365C (0x00218193) addi gp, gp, 2
x3 <- 0x00000002


mem[X,0x80003660] -> 0x006F
mem[X,0x80003662] -> 0x00C0
[364] [M]: 0x80003660 (0x00C0006F) jal zero, 12


mem[X,0x8000366C] -> 0x2623
mem[X,0x8000366E] -> 0x0231
[365] [M]: 0x8000366C (0x02312623) sw gp, 44(sp)
mem[0x8004B190] <- 0x00000002


mem[X,0x80003670] -> 0x8537
mem[X,0x80003672] -> 0xFFFF
[366] [M]: 0x80003670 (0xFFFF8537) lui a0, 1048568
x10 <- 0xFFFF8000


mem[X,0x80003674] -> 0x0513
mem[X,0x80003676] -> 0xFFF5
[367] [M]: 0x80003674 (0xFFF50513) addi a0, a0, 4095
x10 <- 0xFFFF7FFF


mem[X,0x80003678] -> 0x05B7
mem[X,0x8000367A] -> 0x0800
[368] [M]: 0x80003678 (0x080005B7) lui a1, 32768
x11 <- 0x08000000


mem[X,0x8000367C] -> 0x0193
mem[X,0x8000367E] -> 0x0000
[369] [M]: 0x8000367C (0x00000193) addi gp, zero, 0
x3 <- 0x00000000


mem[X,0x80003680] -> 0x006F
mem[X,0x80003682] -> 0x00C0
[370] [M]: 0x80003680 (0x00C0006F) jal zero, 12


mem[X,0x8000368C] -> 0x7CE3
mem[X,0x8000368E] -> 0xFEB5
[371] [M]: 0x8000368C (0xFEB57CE3) bgeu a0, a1, 8184


mem[X,0x80003684] -> 0x8193
mem[X,0x80003686] -> 0x0011
[372] [M]: 0x80003684 (0x00118193) addi gp, gp, 1
x3 <- 0x00000001


mem[X,0x80003688] -> 0x006F
mem[X,0x8000368A] -> 0x0180
[373] [M]: 0x80003688 (0x0180006F) jal zero, 24


mem[X,0x800036A0] -> 0x2823
mem[X,0x800036A2] -> 0x0231
[374] [M]: 0x800036A0 (0x02312823) sw gp, 48(sp)
mem[0x8004B194] <- 0x00000001


mem[X,0x800036A4] -> 0x5537
mem[X,0x800036A6] -> 0x5555
[375] [M]: 0x800036A4 (0x55555537) lui a0, 349525
x10 <- 0x55555000


mem[X,0x800036A8] -> 0x0513
mem[X,0x800036AA] -> 0x5565
[376] [M]: 0x800036A8 (0x55650513) addi a0, a0, 1366
x10 <- 0x55555556


mem[X,0x800036AC] -> 0x05B7
mem[X,0x800036AE] -> 0x1000
[377] [M]: 0x800036AC (0x100005B7) lui a1, 65536
x11 <- 0x10000000


mem[X,0x800036B0] -> 0x0193
mem[X,0x800036B2] -> 0x0000
[378] [M]: 0x800036B0 (0x00000193) addi gp, zero, 0
x3 <- 0x00000000


mem[X,0x800036B4] -> 0x006F
mem[X,0x800036B6] -> 0x00C0
[379] [M]: 0x800036B4 (0x00C0006F) jal zero, 12


mem[X,0x800036C0] -> 0x7063
mem[X,0x800036C2] -> 0x04B5
[380] [M]: 0x800036C0 (0x04B57063) bgeu a0, a1, 64


mem[X,0x80003700] -> 0x8193
mem[X,0x80003702] -> 0x0031
[381] [M]: 0x80003700 (0x00318193) addi gp, gp, 3
x3 <- 0x00000003


mem[X,0x80003704] -> 0x006F
mem[X,0x80003706] -> 0x0040
[382] [M]: 0x80003704 (0x0040006F) jal zero, 4


mem[X,0x80003708] -> 0x2A23
mem[X,0x8000370A] -> 0x0231
[383] [M]: 0x80003708 (0x02312A23) sw gp, 52(sp)
mem[0x8004B198] <- 0x00000003


mem[X,0x8000370C] -> 0x0537
mem[X,0x8000370E] -> 0xE000
[384] [M]: 0x8000370C (0xE0000537) lui a0, 917504
x10 <- 0xE0000000


mem[X,0x80003710] -> 0x0513
mem[X,0x80003712] -> 0xFFF5
[385] [M]: 0x80003710 (0xFFF50513) addi a0, a0, 4095
x10 <- 0xDFFFFFFF


mem[X,0x80003714] -> 0x05B7
mem[X,0x80003716] -> 0x2000
[386] [M]: 0x80003714 (0x200005B7) lui a1, 131072
x11 <- 0x20000000


mem[X,0x80003718] -> 0x0193
mem[X,0x8000371A] -> 0x0000
[387] [M]: 0x80003718 (0x00000193) addi gp, zero, 0
x3 <- 0x00000000


mem[X,0x8000371C] -> 0x006F
mem[X,0x8000371E] -> 0x00C0
[388] [M]: 0x8000371C (0x00C0006F) jal zero, 12


mem[X,0x80003728] -> 0x7CE3
mem[X,0x8000372A] -> 0xFEB5
[389] [M]: 0x80003728 (0xFEB57CE3) bgeu a0, a1, 8184


mem[X,0x80003720] -> 0x8193
mem[X,0x80003722] -> 0x0011
[390] [M]: 0x80003720 (0x00118193) addi gp, gp, 1
x3 <- 0x00000001


mem[X,0x80003724] -> 0x006F
mem[X,0x80003726] -> 0x0180
[391] [M]: 0x80003724 (0x0180006F) jal zero, 24


mem[X,0x8000373C] -> 0x2C23
mem[X,0x8000373E] -> 0x0231
[392] [M]: 0x8000373C (0x02312C23) sw gp, 56(sp)
mem[0x8004B19C] <- 0x00000001


mem[X,0x80003740] -> 0x5537
mem[X,0x80003742] -> 0x5555
[393] [M]: 0x80003740 (0x55555537) lui a0, 349525
x10 <- 0x55555000


mem[X,0x80003744] -> 0x0513
mem[X,0x80003746] -> 0x5545
[394] [M]: 0x80003744 (0x55450513) addi a0, a0, 1364
x10 <- 0x55555554


mem[X,0x80003748] -> 0x05B7
mem[X,0x8000374A] -> 0x4000
[395] [M]: 0x80003748 (0x400005B7) lui a1, 262144
x11 <- 0x40000000


mem[X,0x8000374C] -> 0x0193
mem[X,0x8000374E] -> 0x0000
[396] [M]: 0x8000374C (0x00000193) addi gp, zero, 0
x3 <- 0x00000000


mem[X,0x80003750] -> 0x006F
mem[X,0x80003752] -> 0x00C0
[397] [M]: 0x80003750 (0x00C0006F) jal zero, 12


mem[X,0x8000375C] -> 0x7CE3
mem[X,0x8000375E] -> 0xFEB5
[398] [M]: 0x8000375C (0xFEB57CE3) bgeu a0, a1, 8184


mem[X,0x80003754] -> 0x8193
mem[X,0x80003756] -> 0x0011
[399] [M]: 0x80003754 (0x00118193) addi gp, gp, 1
x3 <- 0x00000001


clint::tick mtime <- 0x0000000000000004
 clint timer pending at mtime 0x0000000000000004
htif::tick 0x0000000000000000
mem[X,0x80003758] -> 0x006F
mem[X,0x8000375A] -> 0x0180
[400] [M]: 0x80003758 (0x0180006F) jal zero, 24


mem[X,0x80003770] -> 0x2E23
mem[X,0x80003772] -> 0x0231
[401] [M]: 0x80003770 (0x02312E23) sw gp, 60(sp)
mem[0x8004B1A0] <- 0x00000001


mem[X,0x80003774] -> 0xB537
mem[X,0x80003776] -> 0x0000
[402] [M]: 0x80003774 (0x0000B537) lui a0, 11
x10 <- 0x0000B000


mem[X,0x80003778] -> 0x0513
mem[X,0x8000377A] -> 0x5035
[403] [M]: 0x80003778 (0x50350513) addi a0, a0, 1283
x10 <- 0x0000B503


mem[X,0x8000377C] -> 0x05B7
mem[X,0x8000377E] -> 0x8000
[404] [M]: 0x8000377C (0x800005B7) lui a1, 524288
x11 <- 0x80000000


mem[X,0x80003780] -> 0x0193
mem[X,0x80003782] -> 0x0000
[405] [M]: 0x80003780 (0x00000193) addi gp, zero, 0
x3 <- 0x00000000


mem[X,0x80003784] -> 0x006F
mem[X,0x80003786] -> 0x00C0
[406] [M]: 0x80003784 (0x00C0006F) jal zero, 12


mem[X,0x80003790] -> 0x7063
mem[X,0x80003792] -> 0x20B5
[407] [M]: 0x80003790 (0x20B57063) bgeu a0, a1, 512


mem[X,0x80003794] -> 0x8193
mem[X,0x80003796] -> 0x0021
[408] [M]: 0x80003794 (0x00218193) addi gp, gp, 2
x3 <- 0x00000002


mem[X,0x80003798] -> 0x006F
mem[X,0x8000379A] -> 0x2000
[409] [M]: 0x80003798 (0x2000006F) jal zero, 512


mem[X,0x80003998] -> 0x2023
mem[X,0x8000399A] -> 0x0431
[410] [M]: 0x80003998 (0x04312023) sw gp, 64(sp)
mem[0x8004B1A4] <- 0x00000002


mem[X,0x8000399C] -> 0x0537
mem[X,0x8000399E] -> 0x0080
[411] [M]: 0x8000399C (0x00800537) lui a0, 2048
x10 <- 0x00800000


mem[X,0x800039A0] -> 0x0593
mem[X,0x800039A2] -> 0xFFE0
[412] [M]: 0x800039A0 (0xFFE00593) addi a1, zero, 4094
x11 <- 0xFFFFFFFE


mem[X,0x800039A4] -> 0x0193
mem[X,0x800039A6] -> 0x0000
[413] [M]: 0x800039A4 (0x00000193) addi gp, zero, 0
x3 <- 0x00000000


mem[X,0x800039A8] -> 0x006F
mem[X,0x800039AA] -> 0x00C0
[414] [M]: 0x800039A8 (0x00C0006F) jal zero, 12


mem[X,0x800039B4] -> 0x7663
mem[X,0x800039B6] -> 0x00B5
[415] [M]: 0x800039B4 (0x00B57663) bgeu a0, a1, 12


mem[X,0x800039B8] -> 0x8193
mem[X,0x800039BA] -> 0x0021
[416] [M]: 0x800039B8 (0x00218193) addi gp, gp, 2
x3 <- 0x00000002


mem[X,0x800039BC] -> 0x006F
mem[X,0x800039BE] -> 0x00C0
[417] [M]: 0x800039BC (0x00C0006F) jal zero, 12


mem[X,0x800039C8] -> 0x2223
mem[X,0x800039CA] -> 0x0431
[418] [M]: 0x800039C8 (0x04312223) sw gp, 68(sp)
mem[0x8004B1A8] <- 0x00000002


mem[X,0x800039CC] -> 0xF537
mem[X,0x800039CE] -> 0xFFFF
[419] [M]: 0x800039CC (0xFFFFF537) lui a0, 1048575
x10 <- 0xFFFFF000


mem[X,0x800039D0] -> 0x0513
mem[X,0x800039D2] -> 0x7FF5
[420] [M]: 0x800039D0 (0x7FF50513) addi a0, a0, 2047
x10 <- 0xFFFFF7FF


mem[X,0x800039D4] -> 0x0593
mem[X,0x800039D6] -> 0xFFD0
[421] [M]: 0x800039D4 (0xFFD00593) addi a1, zero, 4093
x11 <- 0xFFFFFFFD


mem[X,0x800039D8] -> 0x0193
mem[X,0x800039DA] -> 0x0000
[422] [M]: 0x800039D8 (0x00000193) addi gp, zero, 0
x3 <- 0x00000000


mem[X,0x800039DC] -> 0x006F
mem[X,0x800039DE] -> 0x00C0
[423] [M]: 0x800039DC (0x00C0006F) jal zero, 12


mem[X,0x800039E8] -> 0x7663
mem[X,0x800039EA] -> 0x00B5
[424] [M]: 0x800039E8 (0x00B57663) bgeu a0, a1, 12


mem[X,0x800039EC] -> 0x8193
mem[X,0x800039EE] -> 0x0021
[425] [M]: 0x800039EC (0x00218193) addi gp, gp, 2
x3 <- 0x00000002


mem[X,0x800039F0] -> 0x006F
mem[X,0x800039F2] -> 0x00C0
[426] [M]: 0x800039F0 (0x00C0006F) jal zero, 12


mem[X,0x800039FC] -> 0x2423
mem[X,0x800039FE] -> 0x0431
[427] [M]: 0x800039FC (0x04312423) sw gp, 72(sp)
mem[0x8004B1AC] <- 0x00000002


mem[X,0x80003A00] -> 0x0513
mem[X,0x80003A02] -> 0x0060
[428] [M]: 0x80003A00 (0x00600513) addi a0, zero, 6
x10 <- 0x00000006


mem[X,0x80003A04] -> 0x0593
mem[X,0x80003A06] -> 0xFFB0
[429] [M]: 0x80003A04 (0xFFB00593) addi a1, zero, 4091
x11 <- 0xFFFFFFFB


mem[X,0x80003A08] -> 0x0193
mem[X,0x80003A0A] -> 0x0000
[430] [M]: 0x80003A08 (0x00000193) addi gp, zero, 0
x3 <- 0x00000000


mem[X,0x80003A0C] -> 0x006F
mem[X,0x80003A0E] -> 0x00C0
[431] [M]: 0x80003A0C (0x00C0006F) jal zero, 12


mem[X,0x80003A18] -> 0x7CE3
mem[X,0x80003A1A] -> 0xFEB5
[432] [M]: 0x80003A18 (0xFEB57CE3) bgeu a0, a1, 8184


mem[X,0x80003A1C] -> 0x8193
mem[X,0x80003A1E] -> 0x0021
[433] [M]: 0x80003A1C (0x00218193) addi gp, gp, 2
x3 <- 0x00000002


mem[X,0x80003A20] -> 0x006F
mem[X,0x80003A22] -> 0x00C0
[434] [M]: 0x80003A20 (0x00C0006F) jal zero, 12


mem[X,0x80003A2C] -> 0x2623
mem[X,0x80003A2E] -> 0x0431
[435] [M]: 0x80003A2C (0x04312623) sw gp, 76(sp)
mem[0x8004B1B0] <- 0x00000002


mem[X,0x80003A30] -> 0x0537
mem[X,0x80003A32] -> 0x0800
[436] [M]: 0x80003A30 (0x08000537) lui a0, 32768
x10 <- 0x08000000


mem[X,0x80003A34] -> 0x0593
mem[X,0x80003A36] -> 0xFF70
[437] [M]: 0x80003A34 (0xFF700593) addi a1, zero, 4087
x11 <- 0xFFFFFFF7


mem[X,0x80003A38] -> 0x0193
mem[X,0x80003A3A] -> 0x0000
[438] [M]: 0x80003A38 (0x00000193) addi gp, zero, 0
x3 <- 0x00000000


mem[X,0x80003A3C] -> 0x006F
mem[X,0x80003A3E] -> 0x00C0
[439] [M]: 0x80003A3C (0x00C0006F) jal zero, 12


mem[X,0x80003A48] -> 0x7663
mem[X,0x80003A4A] -> 0x00B5
[440] [M]: 0x80003A48 (0x00B57663) bgeu a0, a1, 12


mem[X,0x80003A4C] -> 0x8193
mem[X,0x80003A4E] -> 0x0021
[441] [M]: 0x80003A4C (0x00218193) addi gp, gp, 2
x3 <- 0x00000002


mem[X,0x80003A50] -> 0x006F
mem[X,0x80003A52] -> 0x00C0
[442] [M]: 0x80003A50 (0x00C0006F) jal zero, 12


mem[X,0x80003A5C] -> 0x2823
mem[X,0x80003A5E] -> 0x0431
[443] [M]: 0x80003A5C (0x04312823) sw gp, 80(sp)
mem[0x8004B1B4] <- 0x00000002


mem[X,0x80003A60] -> 0xB537
mem[X,0x80003A62] -> 0xAAAA
[444] [M]: 0x80003A60 (0xAAAAB537) lui a0, 699051
x10 <- 0xAAAAB000


mem[X,0x80003A64] -> 0x0513
mem[X,0x80003A66] -> 0xAA95
[445] [M]: 0x80003A64 (0xAA950513) addi a0, a0, 2729
x10 <- 0xAAAAAAA9


mem[X,0x80003A68] -> 0x0593
mem[X,0x80003A6A] -> 0xFEF0
[446] [M]: 0x80003A68 (0xFEF00593) addi a1, zero, 4079
x11 <- 0xFFFFFFEF


mem[X,0x80003A6C] -> 0x0193
mem[X,0x80003A6E] -> 0x0000
[447] [M]: 0x80003A6C (0x00000193) addi gp, zero, 0
x3 <- 0x00000000


mem[X,0x80003A70] -> 0x006F
mem[X,0x80003A72] -> 0x00C0
[448] [M]: 0x80003A70 (0x00C0006F) jal zero, 12


mem[X,0x80003A7C] -> 0x7063
mem[X,0x80003A7E] -> 0x04B5
[449] [M]: 0x80003A7C (0x04B57063) bgeu a0, a1, 64


mem[X,0x80003A80] -> 0x8193
mem[X,0x80003A82] -> 0x0021
[450] [M]: 0x80003A80 (0x00218193) addi gp, gp, 2
x3 <- 0x00000002


mem[X,0x80003A84] -> 0x006F
mem[X,0x80003A86] -> 0x0400
[451] [M]: 0x80003A84 (0x0400006F) jal zero, 64


mem[X,0x80003AC4] -> 0x2A23
mem[X,0x80003AC6] -> 0x0431
[452] [M]: 0x80003AC4 (0x04312A23) sw gp, 84(sp)
mem[0x8004B1B8] <- 0x00000002


mem[X,0x80003AC8] -> 0x0513
mem[X,0x80003ACA] -> 0x0030
[453] [M]: 0x80003AC8 (0x00300513) addi a0, zero, 3
x10 <- 0x00000003


mem[X,0x80003ACC] -> 0x0593
mem[X,0x80003ACE] -> 0xFDF0
[454] [M]: 0x80003ACC (0xFDF00593) addi a1, zero, 4063
x11 <- 0xFFFFFFDF


mem[X,0x80003AD0] -> 0x0193
mem[X,0x80003AD2] -> 0x0000
[455] [M]: 0x80003AD0 (0x00000193) addi gp, zero, 0
x3 <- 0x00000000


mem[X,0x80003AD4] -> 0x006F
mem[X,0x80003AD6] -> 0x00C0
[456] [M]: 0x80003AD4 (0x00C0006F) jal zero, 12


mem[X,0x80003AE0] -> 0x7663
mem[X,0x80003AE2] -> 0x00B5
[457] [M]: 0x80003AE0 (0x00B57663) bgeu a0, a1, 12


mem[X,0x80003AE4] -> 0x8193
mem[X,0x80003AE6] -> 0x0021
[458] [M]: 0x80003AE4 (0x00218193) addi gp, gp, 2
x3 <- 0x00000002


mem[X,0x80003AE8] -> 0x006F
mem[X,0x80003AEA] -> 0x00C0
[459] [M]: 0x80003AE8 (0x00C0006F) jal zero, 12


mem[X,0x80003AF4] -> 0x2C23
mem[X,0x80003AF6] -> 0x0431
[460] [M]: 0x80003AF4 (0x04312C23) sw gp, 88(sp)
mem[0x8004B1BC] <- 0x00000002


mem[X,0x80003AF8] -> 0x0513
mem[X,0x80003AFA] -> 0x0120
[461] [M]: 0x80003AF8 (0x01200513) addi a0, zero, 18
x10 <- 0x00000012


mem[X,0x80003AFC] -> 0x0593
mem[X,0x80003AFE] -> 0xF7F0
[462] [M]: 0x80003AFC (0xF7F00593) addi a1, zero, 3967
x11 <- 0xFFFFFF7F


mem[X,0x80003B00] -> 0x0193
mem[X,0x80003B02] -> 0x0000
[463] [M]: 0x80003B00 (0x00000193) addi gp, zero, 0
x3 <- 0x00000000


mem[X,0x80003B04] -> 0x006F
mem[X,0x80003B06] -> 0x00C0
[464] [M]: 0x80003B04 (0x00C0006F) jal zero, 12


mem[X,0x80003B10] -> 0x7063
mem[X,0x80003B12] -> 0x10B5
[465] [M]: 0x80003B10 (0x10B57063) bgeu a0, a1, 256


mem[X,0x80003B14] -> 0x8193
mem[X,0x80003B16] -> 0x0021
[466] [M]: 0x80003B14 (0x00218193) addi gp, gp, 2
x3 <- 0x00000002


mem[X,0x80003B18] -> 0x006F
mem[X,0x80003B1A] -> 0x1000
[467] [M]: 0x80003B18 (0x1000006F) jal zero, 256


mem[X,0x80003C18] -> 0x2E23
mem[X,0x80003C1A] -> 0x0431
[468] [M]: 0x80003C18 (0x04312E23) sw gp, 92(sp)
mem[0x8004B1C0] <- 0x00000002


mem[X,0x80003C1C] -> 0x0513
mem[X,0x80003C1E] -> 0x0060
[469] [M]: 0x80003C1C (0x00600513) addi a0, zero, 6
x10 <- 0x00000006


mem[X,0x80003C20] -> 0x0593
mem[X,0x80003C22] -> 0xEFF0
[470] [M]: 0x80003C20 (0xEFF00593) addi a1, zero, 3839
x11 <- 0xFFFFFEFF


mem[X,0x80003C24] -> 0x0193
mem[X,0x80003C26] -> 0x0000
[471] [M]: 0x80003C24 (0x00000193) addi gp, zero, 0
x3 <- 0x00000000


mem[X,0x80003C28] -> 0x006F
mem[X,0x80003C2A] -> 0x0100
[472] [M]: 0x80003C28 (0x0100006F) jal zero, 16


mem[X,0x80003C38] -> 0x7AE3
mem[X,0x80003C3A] -> 0xFEB5
[473] [M]: 0x80003C38 (0xFEB57AE3) bgeu a0, a1, 8180


mem[X,0x80003C3C] -> 0x8193
mem[X,0x80003C3E] -> 0x0021
[474] [M]: 0x80003C3C (0x00218193) addi gp, gp, 2
x3 <- 0x00000002


mem[X,0x80003C40] -> 0x006F
mem[X,0x80003C42] -> 0x00C0
[475] [M]: 0x80003C40 (0x00C0006F) jal zero, 12


mem[X,0x80003C4C] -> 0x2023
mem[X,0x80003C4E] -> 0x0631
[476] [M]: 0x80003C4C (0x06312023) sw gp, 96(sp)
mem[0x8004B1C4] <- 0x00000002


mem[X,0x80003C50] -> 0x0537
mem[X,0x80003C52] -> 0x0400
[477] [M]: 0x80003C50 (0x04000537) lui a0, 16384
x10 <- 0x04000000


mem[X,0x80003C54] -> 0x0593
mem[X,0x80003C56] -> 0xDFF0
[478] [M]: 0x80003C54 (0xDFF00593) addi a1, zero, 3583
x11 <- 0xFFFFFDFF


mem[X,0x80003C58] -> 0x0193
mem[X,0x80003C5A] -> 0x0000
[479] [M]: 0x80003C58 (0x00000193) addi gp, zero, 0
x3 <- 0x00000000


mem[X,0x80003C5C] -> 0x006F
mem[X,0x80003C5E] -> 0x00C0
[480] [M]: 0x80003C5C (0x00C0006F) jal zero, 12


mem[X,0x80003C68] -> 0x7CE3
mem[X,0x80003C6A] -> 0xFEB5
[481] [M]: 0x80003C68 (0xFEB57CE3) bgeu a0, a1, 8184


mem[X,0x80003C6C] -> 0x8193
mem[X,0x80003C6E] -> 0x0021
[482] [M]: 0x80003C6C (0x00218193) addi gp, gp, 2
x3 <- 0x00000002


mem[X,0x80003C70] -> 0x006F
mem[X,0x80003C72] -> 0x00C0
[483] [M]: 0x80003C70 (0x00C0006F) jal zero, 12


mem[X,0x80003C7C] -> 0x2223
mem[X,0x80003C7E] -> 0x0631
[484] [M]: 0x80003C7C (0x06312223) sw gp, 100(sp)
mem[0x8004B1C8] <- 0x00000002


mem[X,0x80003C80] -> 0x0513
mem[X,0x80003C82] -> 0x0060
[485] [M]: 0x80003C80 (0x00600513) addi a0, zero, 6
x10 <- 0x00000006


mem[X,0x80003C84] -> 0xF5B7
mem[X,0x80003C86] -> 0xFFFF
[486] [M]: 0x80003C84 (0xFFFFF5B7) lui a1, 1048575
x11 <- 0xFFFFF000


mem[X,0x80003C88] -> 0x8593
mem[X,0x80003C8A] -> 0x7FF5
[487] [M]: 0x80003C88 (0x7FF58593) addi a1, a1, 2047
x11 <- 0xFFFFF7FF


mem[X,0x80003C8C] -> 0x0193
mem[X,0x80003C8E] -> 0x0000
[488] [M]: 0x80003C8C (0x00000193) addi gp, zero, 0
x3 <- 0x00000000


mem[X,0x80003C90] -> 0x006F
mem[X,0x80003C92] -> 0x00C0
[489] [M]: 0x80003C90 (0x00C0006F) jal zero, 12


mem[X,0x80003C9C] -> 0x7663
mem[X,0x80003C9E] -> 0x00B5
[490] [M]: 0x80003C9C (0x00B57663) bgeu a0, a1, 12


mem[X,0x80003CA0] -> 0x8193
mem[X,0x80003CA2] -> 0x0021
[491] [M]: 0x80003CA0 (0x00218193) addi gp, gp, 2
x3 <- 0x00000002


mem[X,0x80003CA4] -> 0x006F
mem[X,0x80003CA6] -> 0x00C0
[492] [M]: 0x80003CA4 (0x00C0006F) jal zero, 12


mem[X,0x80003CB0] -> 0x2423
mem[X,0x80003CB2] -> 0x0631
[493] [M]: 0x80003CB0 (0x06312423) sw gp, 104(sp)
mem[0x8004B1CC] <- 0x00000002


mem[X,0x80003CB4] -> 0x0537
mem[X,0x80003CB6] -> 0xC000
[494] [M]: 0x80003CB4 (0xC0000537) lui a0, 786432
x10 <- 0xC0000000


mem[X,0x80003CB8] -> 0x0513
mem[X,0x80003CBA] -> 0xFFF5
[495] [M]: 0x80003CB8 (0xFFF50513) addi a0, a0, 4095
x10 <- 0xBFFFFFFF


mem[X,0x80003CBC] -> 0xF5B7
mem[X,0x80003CBE] -> 0xFFFF
[496] [M]: 0x80003CBC (0xFFFFF5B7) lui a1, 1048575
x11 <- 0xFFFFF000


mem[X,0x80003CC0] -> 0x8593
mem[X,0x80003CC2] -> 0xFFF5
[497] [M]: 0x80003CC0 (0xFFF58593) addi a1, a1, 4095
x11 <- 0xFFFFEFFF


mem[X,0x80003CC4] -> 0x0193
mem[X,0x80003CC6] -> 0x0000
[498] [M]: 0x80003CC4 (0x00000193) addi gp, zero, 0
x3 <- 0x00000000


mem[X,0x80003CC8] -> 0x006F
mem[X,0x80003CCA] -> 0x00C0
[499] [M]: 0x80003CC8 (0x00C0006F) jal zero, 12


clint::tick mtime <- 0x0000000000000005
 clint timer pending at mtime 0x0000000000000005
htif::tick 0x0000000000000000
mem[X,0x80003CD4] -> 0x7663
mem[X,0x80003CD6] -> 0x00B5
[500] [M]: 0x80003CD4 (0x00B57663) bgeu a0, a1, 12


mem[X,0x80003CD8] -> 0x8193
mem[X,0x80003CDA] -> 0x0021
[501] [M]: 0x80003CD8 (0x00218193) addi gp, gp, 2
x3 <- 0x00000002


mem[X,0x80003CDC] -> 0x006F
mem[X,0x80003CDE] -> 0x00C0
[502] [M]: 0x80003CDC (0x00C0006F) jal zero, 12


mem[X,0x80003CE8] -> 0x2623
mem[X,0x80003CEA] -> 0x0631
[503] [M]: 0x80003CE8 (0x06312623) sw gp, 108(sp)
mem[0x8004B1D0] <- 0x00000002


mem[X,0x80003CEC] -> 0x0513
mem[X,0x80003CEE] -> 0xDFF0
[504] [M]: 0x80003CEC (0xDFF00513) addi a0, zero, 3583
x10 <- 0xFFFFFDFF


mem[X,0x80003CF0] -> 0xE5B7
mem[X,0x80003CF2] -> 0xFFFF
[505] [M]: 0x80003CF0 (0xFFFFE5B7) lui a1, 1048574
x11 <- 0xFFFFE000


mem[X,0x80003CF4] -> 0x8593
mem[X,0x80003CF6] -> 0xFFF5
[506] [M]: 0x80003CF4 (0xFFF58593) addi a1, a1, 4095
x11 <- 0xFFFFDFFF


mem[X,0x80003CF8] -> 0x0193
mem[X,0x80003CFA] -> 0x0000
[507] [M]: 0x80003CF8 (0x00000193) addi gp, zero, 0
x3 <- 0x00000000


mem[X,0x80003CFC] -> 0x006F
mem[X,0x80003CFE] -> 0x00C0
[508] [M]: 0x80003CFC (0x00C0006F) jal zero, 12


mem[X,0x80003D08] -> 0x7063
mem[X,0x80003D0A] -> 0x20B5
[509] [M]: 0x80003D08 (0x20B57063) bgeu a0, a1, 512


mem[X,0x80003F08] -> 0x8193
mem[X,0x80003F0A] -> 0x0031
[510] [M]: 0x80003F08 (0x00318193) addi gp, gp, 3
x3 <- 0x00000003


mem[X,0x80003F0C] -> 0x006F
mem[X,0x80003F0E] -> 0x0040
[511] [M]: 0x80003F0C (0x0040006F) jal zero, 4


mem[X,0x80003F10] -> 0x2823
mem[X,0x80003F12] -> 0x0631
[512] [M]: 0x80003F10 (0x06312823) sw gp, 112(sp)
mem[0x8004B1D4] <- 0x00000003


mem[X,0x80003F14] -> 0x0513
mem[X,0x80003F16] -> 0x0080
[513] [M]: 0x80003F14 (0x00800513) addi a0, zero, 8
x10 <- 0x00000008


mem[X,0x80003F18] -> 0xC5B7
mem[X,0x80003F1A] -> 0xFFFF
[514] [M]: 0x80003F18 (0xFFFFC5B7) lui a1, 1048572
x11 <- 0xFFFFC000


mem[X,0x80003F1C] -> 0x8593
mem[X,0x80003F1E] -> 0xFFF5
[515] [M]: 0x80003F1C (0xFFF58593) addi a1, a1, 4095
x11 <- 0xFFFFBFFF


mem[X,0x80003F20] -> 0x0193
mem[X,0x80003F22] -> 0x0000
[516] [M]: 0x80003F20 (0x00000193) addi gp, zero, 0
x3 <- 0x00000000


mem[X,0x80003F24] -> 0x006F
mem[X,0x80003F26] -> 0x00C0
[517] [M]: 0x80003F24 (0x00C0006F) jal zero, 12


mem[X,0x80003F30] -> 0x7863
mem[X,0x80003F32] -> 0x00B5
[518] [M]: 0x80003F30 (0x00B57863) bgeu a0, a1, 16


mem[X,0x80003F34] -> 0x8193
mem[X,0x80003F36] -> 0x0021
[519] [M]: 0x80003F34 (0x00218193) addi gp, gp, 2
x3 <- 0x00000002


mem[X,0x80003F38] -> 0x006F
mem[X,0x80003F3A] -> 0x0100
[520] [M]: 0x80003F38 (0x0100006F) jal zero, 16


mem[X,0x80003F48] -> 0x2A23
mem[X,0x80003F4A] -> 0x0631
[521] [M]: 0x80003F48 (0x06312A23) sw gp, 116(sp)
mem[0x8004B1D8] <- 0x00000002


mem[X,0x80003F4C] -> 0x0513
mem[X,0x80003F4E] -> 0xEFF0
[522] [M]: 0x80003F4C (0xEFF00513) addi a0, zero, 3839
x10 <- 0xFFFFFEFF


mem[X,0x80003F50] -> 0x85B7
mem[X,0x80003F52] -> 0xFFFF
[523] [M]: 0x80003F50 (0xFFFF85B7) lui a1, 1048568
x11 <- 0xFFFF8000


mem[X,0x80003F54] -> 0x8593
mem[X,0x80003F56] -> 0xFFF5
[524] [M]: 0x80003F54 (0xFFF58593) addi a1, a1, 4095
x11 <- 0xFFFF7FFF


mem[X,0x80003F58] -> 0x0193
mem[X,0x80003F5A] -> 0x0000
[525] [M]: 0x80003F58 (0x00000193) addi gp, zero, 0
x3 <- 0x00000000


mem[X,0x80003F5C] -> 0x006F
mem[X,0x80003F5E] -> 0x00C0
[526] [M]: 0x80003F5C (0x00C0006F) jal zero, 12


mem[X,0x80003F68] -> 0x7063
mem[X,0x80003F6A] -> 0x02B5
[527] [M]: 0x80003F68 (0x02B57063) bgeu a0, a1, 32


mem[X,0x80003F88] -> 0x8193
mem[X,0x80003F8A] -> 0x0031
[528] [M]: 0x80003F88 (0x00318193) addi gp, gp, 3
x3 <- 0x00000003


mem[X,0x80003F8C] -> 0x006F
mem[X,0x80003F8E] -> 0x0040
[529] [M]: 0x80003F8C (0x0040006F) jal zero, 4


mem[X,0x80003F90] -> 0x2C23
mem[X,0x80003F92] -> 0x0631
[530] [M]: 0x80003F90 (0x06312C23) sw gp, 120(sp)
mem[0x8004B1DC] <- 0x00000003


mem[X,0x80003F94] -> 0x0513
mem[X,0x80003F96] -> 0x0020
[531] [M]: 0x80003F94 (0x00200513) addi a0, zero, 2
x10 <- 0x00000002


mem[X,0x80003F98] -> 0x05B7
mem[X,0x80003F9A] -> 0xFFFF
[532] [M]: 0x80003F98 (0xFFFF05B7) lui a1, 1048560
x11 <- 0xFFFF0000


mem[X,0x80003F9C] -> 0x8593
mem[X,0x80003F9E] -> 0xFFF5
[533] [M]: 0x80003F9C (0xFFF58593) addi a1, a1, 4095
x11 <- 0xFFFEFFFF


mem[X,0x80003FA0] -> 0x0193
mem[X,0x80003FA2] -> 0x0000
[534] [M]: 0x80003FA0 (0x00000193) addi gp, zero, 0
x3 <- 0x00000000


mem[X,0x80003FA4] -> 0x006F
mem[X,0x80003FA6] -> 0x00C0
[535] [M]: 0x80003FA4 (0x00C0006F) jal zero, 12


mem[X,0x80003FB0] -> 0x7063
mem[X,0x80003FB2] -> 0x40B5
[536] [M]: 0x80003FB0 (0x40B57063) bgeu a0, a1, 1024


mem[X,0x80003FB4] -> 0x8193
mem[X,0x80003FB6] -> 0x0021
[537] [M]: 0x80003FB4 (0x00218193) addi gp, gp, 2
x3 <- 0x00000002


mem[X,0x80003FB8] -> 0x006F
mem[X,0x80003FBA] -> 0x4000
[538] [M]: 0x80003FB8 (0x4000006F) jal zero, 1024


mem[X,0x800043B8] -> 0x2E23
mem[X,0x800043BA] -> 0x0631
[539] [M]: 0x800043B8 (0x06312E23) sw gp, 124(sp)
mem[0x8004B1E0] <- 0x00000002


mem[X,0x800043BC] -> 0xE537
mem[X,0x800043BE] -> 0xFFFF
[540] [M]: 0x800043BC (0xFFFFE537) lui a0, 1048574
x10 <- 0xFFFFE000


mem[X,0x800043C0] -> 0x0513
mem[X,0x800043C2] -> 0xFFF5
[541] [M]: 0x800043C0 (0xFFF50513) addi a0, a0, 4095
x10 <- 0xFFFFDFFF


mem[X,0x800043C4] -> 0x05B7
mem[X,0x800043C6] -> 0xFFFE
[542] [M]: 0x800043C4 (0xFFFE05B7) lui a1, 1048544
x11 <- 0xFFFE0000


mem[X,0x800043C8] -> 0x8593
mem[X,0x800043CA] -> 0xFFF5
[543] [M]: 0x800043C8 (0xFFF58593) addi a1, a1, 4095
x11 <- 0xFFFDFFFF


mem[X,0x800043CC] -> 0x0193
mem[X,0x800043CE] -> 0x0000
[544] [M]: 0x800043CC (0x00000193) addi gp, zero, 0
x3 <- 0x00000000


mem[X,0x800043D0] -> 0x006F
mem[X,0x800043D2] -> 0x2B10
[545] [M]: 0x800043D0 (0x2B10006F) jal zero, 2736


mem[X,0x80004E80] -> 0x7A63
mem[X,0x80004E82] -> 0xD4B5
[546] [M]: 0x80004E80 (0xD4B57A63) bgeu a0, a1, 5460


mem[X,0x800043D4] -> 0x8193
mem[X,0x800043D6] -> 0x0011
[547] [M]: 0x800043D4 (0x00118193) addi gp, gp, 1
x3 <- 0x00000001


mem[X,0x800043D8] -> 0x006F
mem[X,0x800043DA] -> 0x2BD0
[548] [M]: 0x800043D8 (0x2BD0006F) jal zero, 2748


mem[X,0x80004E94] -> 0x2023
mem[X,0x80004E96] -> 0x0831
[549] [M]: 0x80004E94 (0x08312023) sw gp, 128(sp)
mem[0x8004B1E4] <- 0x00000001


mem[X,0x80004E98] -> 0x0537
mem[X,0x80004E9A] -> 0x0200
[550] [M]: 0x80004E98 (0x02000537) lui a0, 8192
x10 <- 0x02000000


mem[X,0x80004E9C] -> 0x05B7
mem[X,0x80004E9E] -> 0xFFFC
[551] [M]: 0x80004E9C (0xFFFC05B7) lui a1, 1048512
x11 <- 0xFFFC0000


mem[X,0x80004EA0] -> 0x8593
mem[X,0x80004EA2] -> 0xFFF5
[552] [M]: 0x80004EA0 (0xFFF58593) addi a1, a1, 4095
x11 <- 0xFFFBFFFF


mem[X,0x80004EA4] -> 0x0193
mem[X,0x80004EA6] -> 0x0000
[553] [M]: 0x80004EA4 (0x00000193) addi gp, zero, 0
x3 <- 0x00000000


mem[X,0x80004EA8] -> 0x006F
mem[X,0x80004EAA] -> 0x2B10
[554] [M]: 0x80004EA8 (0x2B10006F) jal zero, 2736


mem[X,0x80005958] -> 0x7A63
mem[X,0x8000595A] -> 0xD4B5
[555] [M]: 0x80005958 (0xD4B57A63) bgeu a0, a1, 5460


mem[X,0x8000595C] -> 0x8193
mem[X,0x8000595E] -> 0x0021
[556] [M]: 0x8000595C (0x00218193) addi gp, gp, 2
x3 <- 0x00000002


mem[X,0x80005960] -> 0x006F
mem[X,0x80005962] -> 0x00C0
[557] [M]: 0x80005960 (0x00C0006F) jal zero, 12


mem[X,0x8000596C] -> 0x2223
mem[X,0x8000596E] -> 0x0831
[558] [M]: 0x8000596C (0x08312223) sw gp, 132(sp)
mem[0x8004B1E8] <- 0x00000002


mem[X,0x80005970] -> 0x0537
mem[X,0x80005972] -> 0xFFFC
[559] [M]: 0x80005970 (0xFFFC0537) lui a0, 1048512
x10 <- 0xFFFC0000


mem[X,0x80005974] -> 0x0513
mem[X,0x80005976] -> 0xFFF5
[560] [M]: 0x80005974 (0xFFF50513) addi a0, a0, 4095
x10 <- 0xFFFBFFFF


mem[X,0x80005978] -> 0x05B7
mem[X,0x8000597A] -> 0xFFF8
[561] [M]: 0x80005978 (0xFFF805B7) lui a1, 1048448
x11 <- 0xFFF80000


mem[X,0x8000597C] -> 0x8593
mem[X,0x8000597E] -> 0xFFF5
[562] [M]: 0x8000597C (0xFFF58593) addi a1, a1, 4095
x11 <- 0xFFF7FFFF


mem[X,0x80005980] -> 0x0193
mem[X,0x80005982] -> 0x0000
[563] [M]: 0x80005980 (0x00000193) addi gp, zero, 0
x3 <- 0x00000000


mem[X,0x80005984] -> 0x006F
mem[X,0x80005986] -> 0x2B10
[564] [M]: 0x80005984 (0x2B10006F) jal zero, 2736


mem[X,0x80006434] -> 0x7A63
mem[X,0x80006436] -> 0xD4B5
[565] [M]: 0x80006434 (0xD4B57A63) bgeu a0, a1, 5460


mem[X,0x80005988] -> 0x8193
mem[X,0x8000598A] -> 0x0011
[566] [M]: 0x80005988 (0x00118193) addi gp, gp, 1
x3 <- 0x00000001


mem[X,0x8000598C] -> 0x006F
mem[X,0x8000598E] -> 0x2BD0
[567] [M]: 0x8000598C (0x2BD0006F) jal zero, 2748


mem[X,0x80006448] -> 0x2423
mem[X,0x8000644A] -> 0x0831
[568] [M]: 0x80006448 (0x08312423) sw gp, 136(sp)
mem[0x8004B1EC] <- 0x00000001


mem[X,0x8000644C] -> 0x0537
mem[X,0x8000644E] -> 0x0400
[569] [M]: 0x8000644C (0x04000537) lui a0, 16384
x10 <- 0x04000000


mem[X,0x80006450] -> 0x05B7
mem[X,0x80006452] -> 0xFFE0
[570] [M]: 0x80006450 (0xFFE005B7) lui a1, 1048064
x11 <- 0xFFE00000


mem[X,0x80006454] -> 0x8593
mem[X,0x80006456] -> 0xFFF5
[571] [M]: 0x80006454 (0xFFF58593) addi a1, a1, 4095
x11 <- 0xFFDFFFFF


mem[X,0x80006458] -> 0x0193
mem[X,0x8000645A] -> 0x0000
[572] [M]: 0x80006458 (0x00000193) addi gp, zero, 0
x3 <- 0x00000000


mem[X,0x8000645C] -> 0x006F
mem[X,0x8000645E] -> 0x00C0
[573] [M]: 0x8000645C (0x00C0006F) jal zero, 12


mem[X,0x80006468] -> 0x7063
mem[X,0x8000646A] -> 0x08B5
[574] [M]: 0x80006468 (0x08B57063) bgeu a0, a1, 128


mem[X,0x8000646C] -> 0x8193
mem[X,0x8000646E] -> 0x0021
[575] [M]: 0x8000646C (0x00218193) addi gp, gp, 2
x3 <- 0x00000002


mem[X,0x80006470] -> 0x006F
mem[X,0x80006472] -> 0x0800
[576] [M]: 0x80006470 (0x0800006F) jal zero, 128


mem[X,0x800064F0] -> 0x2623
mem[X,0x800064F2] -> 0x0831
[577] [M]: 0x800064F0 (0x08312623) sw gp, 140(sp)
mem[0x8004B1F0] <- 0x00000002


mem[X,0x800064F4] -> 0xE537
mem[X,0x800064F6] -> 0xFFFF
[578] [M]: 0x800064F4 (0xFFFFE537) lui a0, 1048574
x10 <- 0xFFFFE000


mem[X,0x800064F8] -> 0x0513
mem[X,0x800064FA] -> 0xFFF5
[579] [M]: 0x800064F8 (0xFFF50513) addi a0, a0, 4095
x10 <- 0xFFFFDFFF


mem[X,0x800064FC] -> 0x05B7
mem[X,0x800064FE] -> 0xFFC0
[580] [M]: 0x800064FC (0xFFC005B7) lui a1, 1047552
x11 <- 0xFFC00000


mem[X,0x80006500] -> 0x8593
mem[X,0x80006502] -> 0xFFF5
[581] [M]: 0x80006500 (0xFFF58593) addi a1, a1, 4095
x11 <- 0xFFBFFFFF


mem[X,0x80006504] -> 0x0193
mem[X,0x80006506] -> 0x0000
[582] [M]: 0x80006504 (0x00000193) addi gp, zero, 0
x3 <- 0x00000000


mem[X,0x80006508] -> 0x006F
mem[X,0x8000650A] -> 0x0180
[583] [M]: 0x80006508 (0x0180006F) jal zero, 24


mem[X,0x80006520] -> 0x76E3
mem[X,0x80006522] -> 0xFEB5
[584] [M]: 0x80006520 (0xFEB576E3) bgeu a0, a1, 8172


mem[X,0x8000650C] -> 0x8193
mem[X,0x8000650E] -> 0x0011
[585] [M]: 0x8000650C (0x00118193) addi gp, gp, 1
x3 <- 0x00000001


mem[X,0x80006510] -> 0x006F
mem[X,0x80006512] -> 0x0240
[586] [M]: 0x80006510 (0x0240006F) jal zero, 36


mem[X,0x80006534] -> 0x2823
mem[X,0x80006536] -> 0x0831
[587] [M]: 0x80006534 (0x08312823) sw gp, 144(sp)
mem[0x8004B1F4] <- 0x00000001


mem[X,0x80006538] -> 0x0537
mem[X,0x8000653A] -> 0x0100
[588] [M]: 0x80006538 (0x01000537) lui a0, 4096
x10 <- 0x01000000


mem[X,0x8000653C] -> 0x05B7
mem[X,0x8000653E] -> 0xFF80
[589] [M]: 0x8000653C (0xFF8005B7) lui a1, 1046528
x11 <- 0xFF800000


mem[X,0x80006540] -> 0x8593
mem[X,0x80006542] -> 0xFFF5
[590] [M]: 0x80006540 (0xFFF58593) addi a1, a1, 4095
x11 <- 0xFF7FFFFF


mem[X,0x80006544] -> 0x0193
mem[X,0x80006546] -> 0x0000
[591] [M]: 0x80006544 (0x00000193) addi gp, zero, 0
x3 <- 0x00000000


mem[X,0x80006548] -> 0x006F
mem[X,0x8000654A] -> 0x00C0
[592] [M]: 0x80006548 (0x00C0006F) jal zero, 12


mem[X,0x80006554] -> 0x7CE3
mem[X,0x80006556] -> 0xFEB5
[593] [M]: 0x80006554 (0xFEB57CE3) bgeu a0, a1, 8184


mem[X,0x80006558] -> 0x8193
mem[X,0x8000655A] -> 0x0021
[594] [M]: 0x80006558 (0x00218193) addi gp, gp, 2
x3 <- 0x00000002


mem[X,0x8000655C] -> 0x006F
mem[X,0x8000655E] -> 0x00C0
[595] [M]: 0x8000655C (0x00C0006F) jal zero, 12


mem[X,0x80006568] -> 0x2A23
mem[X,0x8000656A] -> 0x0831
[596] [M]: 0x80006568 (0x08312A23) sw gp, 148(sp)
mem[0x8004B1F8] <- 0x00000002


mem[X,0x8000656C] -> 0xF537
mem[X,0x8000656E] -> 0xFFFF
[597] [M]: 0x8000656C (0xFFFFF537) lui a0, 1048575
x10 <- 0xFFFFF000


mem[X,0x80006570] -> 0x0513
mem[X,0x80006572] -> 0xFFF5
[598] [M]: 0x80006570 (0xFFF50513) addi a0, a0, 4095
x10 <- 0xFFFFEFFF


mem[X,0x80006574] -> 0x05B7
mem[X,0x80006576] -> 0xFF00
[599] [M]: 0x80006574 (0xFF0005B7) lui a1, 1044480
x11 <- 0xFF000000


clint::tick mtime <- 0x0000000000000006
 clint timer pending at mtime 0x0000000000000006
htif::tick 0x0000000000000000
mem[X,0x80006578] -> 0x8593
mem[X,0x8000657A] -> 0xFFF5
[600] [M]: 0x80006578 (0xFFF58593) addi a1, a1, 4095
x11 <- 0xFEFFFFFF


mem[X,0x8000657C] -> 0x0193
mem[X,0x8000657E] -> 0x0000
[601] [M]: 0x8000657C (0x00000193) addi gp, zero, 0
x3 <- 0x00000000


mem[X,0x80006580] -> 0x006F
mem[X,0x80006582] -> 0x0140
[602] [M]: 0x80006580 (0x0140006F) jal zero, 20


mem[X,0x80006594] -> 0x78E3
mem[X,0x80006596] -> 0xFEB5
[603] [M]: 0x80006594 (0xFEB578E3) bgeu a0, a1, 8176


mem[X,0x80006584] -> 0x8193
mem[X,0x80006586] -> 0x0011
[604] [M]: 0x80006584 (0x00118193) addi gp, gp, 1
x3 <- 0x00000001


mem[X,0x80006588] -> 0x006F
mem[X,0x8000658A] -> 0x0200
[605] [M]: 0x80006588 (0x0200006F) jal zero, 32


mem[X,0x800065A8] -> 0x2C23
mem[X,0x800065AA] -> 0x0831
[606] [M]: 0x800065A8 (0x08312C23) sw gp, 152(sp)
mem[0x8004B1FC] <- 0x00000001


mem[X,0x800065AC] -> 0xB537
mem[X,0x800065AE] -> 0x0000
[607] [M]: 0x800065AC (0x0000B537) lui a0, 11
x10 <- 0x0000B000


mem[X,0x800065B0] -> 0x0513
mem[X,0x800065B2] -> 0x5035
[608] [M]: 0x800065B0 (0x50350513) addi a0, a0, 1283
x10 <- 0x0000B503


mem[X,0x800065B4] -> 0x05B7
mem[X,0x800065B6] -> 0xFE00
[609] [M]: 0x800065B4 (0xFE0005B7) lui a1, 1040384
x11 <- 0xFE000000


mem[X,0x800065B8] -> 0x8593
mem[X,0x800065BA] -> 0xFFF5
[610] [M]: 0x800065B8 (0xFFF58593) addi a1, a1, 4095
x11 <- 0xFDFFFFFF


mem[X,0x800065BC] -> 0x0193
mem[X,0x800065BE] -> 0x0000
[611] [M]: 0x800065BC (0x00000193) addi gp, zero, 0
x3 <- 0x00000000


mem[X,0x800065C0] -> 0x006F
mem[X,0x800065C2] -> 0x00C0
[612] [M]: 0x800065C0 (0x00C0006F) jal zero, 12


mem[X,0x800065CC] -> 0x7663
mem[X,0x800065CE] -> 0x00B5
[613] [M]: 0x800065CC (0x00B57663) bgeu a0, a1, 12


mem[X,0x800065D0] -> 0x8193
mem[X,0x800065D2] -> 0x0021
[614] [M]: 0x800065D0 (0x00218193) addi gp, gp, 2
x3 <- 0x00000002


mem[X,0x800065D4] -> 0x006F
mem[X,0x800065D6] -> 0x00C0
[615] [M]: 0x800065D4 (0x00C0006F) jal zero, 12


mem[X,0x800065E0] -> 0x2E23
mem[X,0x800065E2] -> 0x0831
[616] [M]: 0x800065E0 (0x08312E23) sw gp, 156(sp)
mem[0x8004B200] <- 0x00000002


mem[X,0x800065E4] -> 0x5537
mem[X,0x800065E6] -> 0x5555
[617] [M]: 0x800065E4 (0x55555537) lui a0, 349525
x10 <- 0x55555000


mem[X,0x800065E8] -> 0x0513
mem[X,0x800065EA] -> 0x5555
[618] [M]: 0x800065E8 (0x55550513) addi a0, a0, 1365
x10 <- 0x55555555


mem[X,0x800065EC] -> 0x05B7
mem[X,0x800065EE] -> 0xFC00
[619] [M]: 0x800065EC (0xFC0005B7) lui a1, 1032192
x11 <- 0xFC000000


mem[X,0x800065F0] -> 0x8593
mem[X,0x800065F2] -> 0xFFF5
[620] [M]: 0x800065F0 (0xFFF58593) addi a1, a1, 4095
x11 <- 0xFBFFFFFF


mem[X,0x800065F4] -> 0x0193
mem[X,0x800065F6] -> 0x0000
[621] [M]: 0x800065F4 (0x00000193) addi gp, zero, 0
x3 <- 0x00000000


mem[X,0x800065F8] -> 0x006F
mem[X,0x800065FA] -> 0x00C0
[622] [M]: 0x800065F8 (0x00C0006F) jal zero, 12


mem[X,0x80006604] -> 0x7063
mem[X,0x80006606] -> 0x20B5
[623] [M]: 0x80006604 (0x20B57063) bgeu a0, a1, 512


mem[X,0x80006608] -> 0x8193
mem[X,0x8000660A] -> 0x0021
[624] [M]: 0x80006608 (0x00218193) addi gp, gp, 2
x3 <- 0x00000002


mem[X,0x8000660C] -> 0x006F
mem[X,0x8000660E] -> 0x2000
[625] [M]: 0x8000660C (0x2000006F) jal zero, 512


mem[X,0x8000680C] -> 0x2023
mem[X,0x8000680E] -> 0x0A31
[626] [M]: 0x8000680C (0x0A312023) sw gp, 160(sp)
mem[0x8004B204] <- 0x00000002


mem[X,0x80006810] -> 0xC537
mem[X,0x80006812] -> 0xFFFF
[627] [M]: 0x80006810 (0xFFFFC537) lui a0, 1048572
x10 <- 0xFFFFC000


mem[X,0x80006814] -> 0x0513
mem[X,0x80006816] -> 0xFFF5
[628] [M]: 0x80006814 (0xFFF50513) addi a0, a0, 4095
x10 <- 0xFFFFBFFF


mem[X,0x80006818] -> 0x05B7
mem[X,0x8000681A] -> 0xF800
[629] [M]: 0x80006818 (0xF80005B7) lui a1, 1015808
x11 <- 0xF8000000


mem[X,0x8000681C] -> 0x8593
mem[X,0x8000681E] -> 0xFFF5
[630] [M]: 0x8000681C (0xFFF58593) addi a1, a1, 4095
x11 <- 0xF7FFFFFF


mem[X,0x80006820] -> 0x0193
mem[X,0x80006822] -> 0x0000
[631] [M]: 0x80006820 (0x00000193) addi gp, zero, 0
x3 <- 0x00000000


mem[X,0x80006824] -> 0x006F
mem[X,0x80006826] -> 0x00C0
[632] [M]: 0x80006824 (0x00C0006F) jal zero, 12


mem[X,0x80006830] -> 0x7063
mem[X,0x80006832] -> 0x10B5
[633] [M]: 0x80006830 (0x10B57063) bgeu a0, a1, 256


mem[X,0x80006930] -> 0x8193
mem[X,0x80006932] -> 0x0031
[634] [M]: 0x80006930 (0x00318193) addi gp, gp, 3
x3 <- 0x00000003


mem[X,0x80006934] -> 0x006F
mem[X,0x80006936] -> 0x0040
[635] [M]: 0x80006934 (0x0040006F) jal zero, 4


mem[X,0x80006938] -> 0x2223
mem[X,0x8000693A] -> 0x0A31
[636] [M]: 0x80006938 (0x0A312223) sw gp, 164(sp)
mem[0x8004B208] <- 0x00000003


mem[X,0x8000693C] -> 0x4537
mem[X,0x8000693E] -> 0x0000
[637] [M]: 0x8000693C (0x00004537) lui a0, 4
x10 <- 0x00004000


mem[X,0x80006940] -> 0x05B7
mem[X,0x80006942] -> 0xF000
[638] [M]: 0x80006940 (0xF00005B7) lui a1, 983040
x11 <- 0xF0000000


mem[X,0x80006944] -> 0x8593
mem[X,0x80006946] -> 0xFFF5
[639] [M]: 0x80006944 (0xFFF58593) addi a1, a1, 4095
x11 <- 0xEFFFFFFF


mem[X,0x80006948] -> 0x0193
mem[X,0x8000694A] -> 0x0000
[640] [M]: 0x80006948 (0x00000193) addi gp, zero, 0
x3 <- 0x00000000


mem[X,0x8000694C] -> 0x006F
mem[X,0x8000694E] -> 0x00C0
[641] [M]: 0x8000694C (0x00C0006F) jal zero, 12


mem[X,0x80006958] -> 0x7663
mem[X,0x8000695A] -> 0x00B5
[642] [M]: 0x80006958 (0x00B57663) bgeu a0, a1, 12


mem[X,0x8000695C] -> 0x8193
mem[X,0x8000695E] -> 0x0021
[643] [M]: 0x8000695C (0x00218193) addi gp, gp, 2
x3 <- 0x00000002


mem[X,0x80006960] -> 0x006F
mem[X,0x80006962] -> 0x00C0
[644] [M]: 0x80006960 (0x00C0006F) jal zero, 12


mem[X,0x8000696C] -> 0x2423
mem[X,0x8000696E] -> 0x0A31
[645] [M]: 0x8000696C (0x0A312423) sw gp, 168(sp)
mem[0x8004B20C] <- 0x00000002


mem[X,0x80006970] -> 0x0513
mem[X,0x80006972] -> 0x0040
[646] [M]: 0x80006970 (0x00400513) addi a0, zero, 4
x10 <- 0x00000004


mem[X,0x80006974] -> 0x05B7
mem[X,0x80006976] -> 0xE000
[647] [M]: 0x80006974 (0xE00005B7) lui a1, 917504
x11 <- 0xE0000000


mem[X,0x80006978] -> 0x8593
mem[X,0x8000697A] -> 0xFFF5
[648] [M]: 0x80006978 (0xFFF58593) addi a1, a1, 4095
x11 <- 0xDFFFFFFF


mem[X,0x8000697C] -> 0x0193
mem[X,0x8000697E] -> 0x0000
[649] [M]: 0x8000697C (0x00000193) addi gp, zero, 0
x3 <- 0x00000000


mem[X,0x80006980] -> 0x006F
mem[X,0x80006982] -> 0x00C0
[650] [M]: 0x80006980 (0x00C0006F) jal zero, 12


mem[X,0x8000698C] -> 0x7CE3
mem[X,0x8000698E] -> 0xFEB5
[651] [M]: 0x8000698C (0xFEB57CE3) bgeu a0, a1, 8184


mem[X,0x80006990] -> 0x8193
mem[X,0x80006992] -> 0x0021
[652] [M]: 0x80006990 (0x00218193) addi gp, gp, 2
x3 <- 0x00000002


mem[X,0x80006994] -> 0x006F
mem[X,0x80006996] -> 0x00C0
[653] [M]: 0x80006994 (0x00C0006F) jal zero, 12


mem[X,0x800069A0] -> 0x2623
mem[X,0x800069A2] -> 0x0A31
[654] [M]: 0x800069A0 (0x0A312623) sw gp, 172(sp)
mem[0x8004B210] <- 0x00000002


mem[X,0x800069A4] -> 0x0513
mem[X,0x800069A6] -> 0x0050
[655] [M]: 0x800069A4 (0x00500513) addi a0, zero, 5
x10 <- 0x00000005


mem[X,0x800069A8] -> 0x05B7
mem[X,0x800069AA] -> 0xC000
[656] [M]: 0x800069A8 (0xC00005B7) lui a1, 786432
x11 <- 0xC0000000


mem[X,0x800069AC] -> 0x8593
mem[X,0x800069AE] -> 0xFFF5
[657] [M]: 0x800069AC (0xFFF58593) addi a1, a1, 4095
x11 <- 0xBFFFFFFF


mem[X,0x800069B0] -> 0x0193
mem[X,0x800069B2] -> 0x0000
[658] [M]: 0x800069B0 (0x00000193) addi gp, zero, 0
x3 <- 0x00000000


mem[X,0x800069B4] -> 0x006F
mem[X,0x800069B6] -> 0x00C0
[659] [M]: 0x800069B4 (0x00C0006F) jal zero, 12


mem[X,0x800069C0] -> 0x7063
mem[X,0x800069C2] -> 0x04B5
[660] [M]: 0x800069C0 (0x04B57063) bgeu a0, a1, 64


mem[X,0x800069C4] -> 0x8193
mem[X,0x800069C6] -> 0x0021
[661] [M]: 0x800069C4 (0x00218193) addi gp, gp, 2
x3 <- 0x00000002


mem[X,0x800069C8] -> 0x006F
mem[X,0x800069CA] -> 0x0400
[662] [M]: 0x800069C8 (0x0400006F) jal zero, 64


mem[X,0x80006A08] -> 0x2823
mem[X,0x80006A0A] -> 0x0A31
[663] [M]: 0x80006A08 (0x0A312823) sw gp, 176(sp)
mem[0x8004B214] <- 0x00000002


mem[X,0x80006A0C] -> 0x0537
mem[X,0x80006A0E] -> 0x0800
[664] [M]: 0x80006A0C (0x08000537) lui a0, 32768
x10 <- 0x08000000


mem[X,0x80006A10] -> 0x05B7
mem[X,0x80006A12] -> 0x8000
[665] [M]: 0x80006A10 (0x800005B7) lui a1, 524288
x11 <- 0x80000000


mem[X,0x80006A14] -> 0x8593
mem[X,0x80006A16] -> 0xFFF5
[666] [M]: 0x80006A14 (0xFFF58593) addi a1, a1, 4095
x11 <- 0x7FFFFFFF


mem[X,0x80006A18] -> 0x0193
mem[X,0x80006A1A] -> 0x0000
[667] [M]: 0x80006A18 (0x00000193) addi gp, zero, 0
x3 <- 0x00000000


mem[X,0x80006A1C] -> 0x006F
mem[X,0x80006A1E] -> 0x00C0
[668] [M]: 0x80006A1C (0x00C0006F) jal zero, 12


mem[X,0x80006A28] -> 0x7CE3
mem[X,0x80006A2A] -> 0xFEB5
[669] [M]: 0x80006A28 (0xFEB57CE3) bgeu a0, a1, 8184


mem[X,0x80006A2C] -> 0x8193
mem[X,0x80006A2E] -> 0x0021
[670] [M]: 0x80006A2C (0x00218193) addi gp, gp, 2
x3 <- 0x00000002


mem[X,0x80006A30] -> 0x006F
mem[X,0x80006A32] -> 0x00C0
[671] [M]: 0x80006A30 (0x00C0006F) jal zero, 12


mem[X,0x80006A3C] -> 0x2A23
mem[X,0x80006A3E] -> 0x0A31
[672] [M]: 0x80006A3C (0x0A312A23) sw gp, 180(sp)
mem[0x8004B218] <- 0x00000002


mem[X,0x80006A40] -> 0x0537
mem[X,0x80006A42] -> 0x0020
[673] [M]: 0x80006A40 (0x00200537) lui a0, 512
x10 <- 0x00200000


mem[X,0x80006A44] -> 0x55B7
mem[X,0x80006A46] -> 0x5555
[674] [M]: 0x80006A44 (0x555555B7) lui a1, 349525
x11 <- 0x55555000


mem[X,0x80006A48] -> 0x8593
mem[X,0x80006A4A] -> 0x5555
[675] [M]: 0x80006A48 (0x55558593) addi a1, a1, 1365
x11 <- 0x55555555


mem[X,0x80006A4C] -> 0x0193
mem[X,0x80006A4E] -> 0x0000
[676] [M]: 0x80006A4C (0x00000193) addi gp, zero, 0
x3 <- 0x00000000


mem[X,0x80006A50] -> 0x006F
mem[X,0x80006A52] -> 0x00C0
[677] [M]: 0x80006A50 (0x00C0006F) jal zero, 12


mem[X,0x80006A5C] -> 0x7663
mem[X,0x80006A5E] -> 0x00B5
[678] [M]: 0x80006A5C (0x00B57663) bgeu a0, a1, 12


mem[X,0x80006A60] -> 0x8193
mem[X,0x80006A62] -> 0x0021
[679] [M]: 0x80006A60 (0x00218193) addi gp, gp, 2
x3 <- 0x00000002


mem[X,0x80006A64] -> 0x006F
mem[X,0x80006A66] -> 0x00C0
[680] [M]: 0x80006A64 (0x00C0006F) jal zero, 12


mem[X,0x80006A70] -> 0x2C23
mem[X,0x80006A72] -> 0x0A31
[681] [M]: 0x80006A70 (0x0A312C23) sw gp, 184(sp)
mem[0x8004B21C] <- 0x00000002


mem[X,0x80006A74] -> 0x0513
mem[X,0x80006A76] -> 0xBFF0
[682] [M]: 0x80006A74 (0xBFF00513) addi a0, zero, 3071
x10 <- 0xFFFFFBFF


mem[X,0x80006A78] -> 0xB5B7
mem[X,0x80006A7A] -> 0xAAAA
[683] [M]: 0x80006A78 (0xAAAAB5B7) lui a1, 699051
x11 <- 0xAAAAB000


mem[X,0x80006A7C] -> 0x8593
mem[X,0x80006A7E] -> 0xAAA5
[684] [M]: 0x80006A7C (0xAAA58593) addi a1, a1, 2730
x11 <- 0xAAAAAAAA


mem[X,0x80006A80] -> 0x0193
mem[X,0x80006A82] -> 0x0000
[685] [M]: 0x80006A80 (0x00000193) addi gp, zero, 0
x3 <- 0x00000000


mem[X,0x80006A84] -> 0x006F
mem[X,0x80006A86] -> 0x00C0
[686] [M]: 0x80006A84 (0x00C0006F) jal zero, 12


mem[X,0x80006A90] -> 0x7663
mem[X,0x80006A92] -> 0x00B5
[687] [M]: 0x80006A90 (0x00B57663) bgeu a0, a1, 12


mem[X,0x80006A9C] -> 0x8193
mem[X,0x80006A9E] -> 0x0031
[688] [M]: 0x80006A9C (0x00318193) addi gp, gp, 3
x3 <- 0x00000003


mem[X,0x80006AA0] -> 0x006F
mem[X,0x80006AA2] -> 0x0040
[689] [M]: 0x80006AA0 (0x0040006F) jal zero, 4


mem[X,0x80006AA4] -> 0x2E23
mem[X,0x80006AA6] -> 0x0A31
[690] [M]: 0x80006AA4 (0x0A312E23) sw gp, 188(sp)
mem[0x8004B220] <- 0x00000003


mem[X,0x80006AA8] -> 0x0513
mem[X,0x80006AAA] -> 0x0100
[691] [M]: 0x80006AA8 (0x01000513) addi a0, zero, 16
x10 <- 0x00000010


mem[X,0x80006AAC] -> 0x0593
mem[X,0x80006AAE] -> 0x0200
[692] [M]: 0x80006AAC (0x02000593) addi a1, zero, 32
x11 <- 0x00000020


mem[X,0x80006AB0] -> 0x0193
mem[X,0x80006AB2] -> 0x0000
[693] [M]: 0x80006AB0 (0x00000193) addi gp, zero, 0
x3 <- 0x00000000


mem[X,0x80006AB4] -> 0x006F
mem[X,0x80006AB6] -> 0x00C0
[694] [M]: 0x80006AB4 (0x00C0006F) jal zero, 12


mem[X,0x80006AC0] -> 0x7063
mem[X,0x80006AC2] -> 0x04B5
[695] [M]: 0x80006AC0 (0x04B57063) bgeu a0, a1, 64


mem[X,0x80006AC4] -> 0x8193
mem[X,0x80006AC6] -> 0x0021
[696] [M]: 0x80006AC4 (0x00218193) addi gp, gp, 2
x3 <- 0x00000002


mem[X,0x80006AC8] -> 0x006F
mem[X,0x80006ACA] -> 0x0400
[697] [M]: 0x80006AC8 (0x0400006F) jal zero, 64


mem[X,0x80006B08] -> 0x2023
mem[X,0x80006B0A] -> 0x0C31
[698] [M]: 0x80006B08 (0x0C312023) sw gp, 192(sp)
mem[0x8004B224] <- 0x00000002


mem[X,0x80006B0C] -> 0x0513
mem[X,0x80006B0E] -> 0x0200
[699] [M]: 0x80006B0C (0x02000513) addi a0, zero, 32
x10 <- 0x00000020


clint::tick mtime <- 0x0000000000000007
 clint timer pending at mtime 0x0000000000000007
htif::tick 0x0000000000000000
mem[X,0x80006B10] -> 0x0593
mem[X,0x80006B12] -> 0xEFF0
[700] [M]: 0x80006B10 (0xEFF00593) addi a1, zero, 3839
x11 <- 0xFFFFFEFF


mem[X,0x80006B14] -> 0x0193
mem[X,0x80006B16] -> 0x0000
[701] [M]: 0x80006B14 (0x00000193) addi gp, zero, 0
x3 <- 0x00000000


mem[X,0x80006B18] -> 0x006F
mem[X,0x80006B1A] -> 0x2B10
[702] [M]: 0x80006B18 (0x2B10006F) jal zero, 2736


mem[X,0x800075C8] -> 0x7A63
mem[X,0x800075CA] -> 0xD4B5
[703] [M]: 0x800075C8 (0xD4B57A63) bgeu a0, a1, 5460


mem[X,0x800075CC] -> 0x8193
mem[X,0x800075CE] -> 0x0021
[704] [M]: 0x800075CC (0x00218193) addi gp, gp, 2
x3 <- 0x00000002


mem[X,0x800075D0] -> 0x006F
mem[X,0x800075D2] -> 0x00C0
[705] [M]: 0x800075D0 (0x00C0006F) jal zero, 12


mem[X,0x800075DC] -> 0x2223
mem[X,0x800075DE] -> 0x0C31
[706] [M]: 0x800075DC (0x0C312223) sw gp, 196(sp)
mem[0x8004B228] <- 0x00000002


mem[X,0x800075E0] -> 0x0513
mem[X,0x800075E2] -> 0x0400
[707] [M]: 0x800075E0 (0x04000513) addi a0, zero, 64
x10 <- 0x00000040


mem[X,0x800075E4] -> 0x05B7
mem[X,0x800075E6] -> 0xF800
[708] [M]: 0x800075E4 (0xF80005B7) lui a1, 1015808
x11 <- 0xF8000000


mem[X,0x800075E8] -> 0x8593
mem[X,0x800075EA] -> 0xFFF5
[709] [M]: 0x800075E8 (0xFFF58593) addi a1, a1, 4095
x11 <- 0xF7FFFFFF


mem[X,0x800075EC] -> 0x0193
mem[X,0x800075EE] -> 0x0000
[710] [M]: 0x800075EC (0x00000193) addi gp, zero, 0
x3 <- 0x00000000


mem[X,0x800075F0] -> 0x006F
mem[X,0x800075F2] -> 0x00C0
[711] [M]: 0x800075F0 (0x00C0006F) jal zero, 12


mem[X,0x800075FC] -> 0x7663
mem[X,0x800075FE] -> 0x00B5
[712] [M]: 0x800075FC (0x00B57663) bgeu a0, a1, 12


mem[X,0x80007600] -> 0x8193
mem[X,0x80007602] -> 0x0021
[713] [M]: 0x80007600 (0x00218193) addi gp, gp, 2
x3 <- 0x00000002


mem[X,0x80007604] -> 0x006F
mem[X,0x80007606] -> 0x00C0
[714] [M]: 0x80007604 (0x00C0006F) jal zero, 12


mem[X,0x80007610] -> 0x2423
mem[X,0x80007612] -> 0x0C31
[715] [M]: 0x80007610 (0x0C312423) sw gp, 200(sp)
mem[0x8004B22C] <- 0x00000002


mem[X,0x80007614] -> 0x0513
mem[X,0x80007616] -> 0x1000
[716] [M]: 0x80007614 (0x10000513) addi a0, zero, 256
x10 <- 0x00000100


mem[X,0x80007618] -> 0x0593
mem[X,0x8000761A] -> 0xFF70
[717] [M]: 0x80007618 (0xFF700593) addi a1, zero, 4087
x11 <- 0xFFFFFFF7


mem[X,0x8000761C] -> 0x0193
mem[X,0x8000761E] -> 0x0000
[718] [M]: 0x8000761C (0x00000193) addi gp, zero, 0
x3 <- 0x00000000


mem[X,0x80007620] -> 0x006F
mem[X,0x80007622] -> 0x00C0
[719] [M]: 0x80007620 (0x00C0006F) jal zero, 12


mem[X,0x8000762C] -> 0x7063
mem[X,0x8000762E] -> 0x40B5
[720] [M]: 0x8000762C (0x40B57063) bgeu a0, a1, 1024


mem[X,0x80007630] -> 0x8193
mem[X,0x80007632] -> 0x0021
[721] [M]: 0x80007630 (0x00218193) addi gp, gp, 2
x3 <- 0x00000002


mem[X,0x80007634] -> 0x006F
mem[X,0x80007636] -> 0x4000
[722] [M]: 0x80007634 (0x4000006F) jal zero, 1024


mem[X,0x80007A34] -> 0x2623
mem[X,0x80007A36] -> 0x0C31
[723] [M]: 0x80007A34 (0x0C312623) sw gp, 204(sp)
mem[0x8004B230] <- 0x00000002


mem[X,0x80007A38] -> 0x0513
mem[X,0x80007A3A] -> 0x2000
[724] [M]: 0x80007A38 (0x20000513) addi a0, zero, 512
x10 <- 0x00000200


mem[X,0x80007A3C] -> 0x05B7
mem[X,0x80007A3E] -> 0x0040
[725] [M]: 0x80007A3C (0x004005B7) lui a1, 1024
x11 <- 0x00400000


mem[X,0x80007A40] -> 0x0193
mem[X,0x80007A42] -> 0x0000
[726] [M]: 0x80007A40 (0x00000193) addi gp, zero, 0
x3 <- 0x00000000


mem[X,0x80007A44] -> 0x006F
mem[X,0x80007A46] -> 0x00C0
[727] [M]: 0x80007A44 (0x00C0006F) jal zero, 12


mem[X,0x80007A50] -> 0x7063
mem[X,0x80007A52] -> 0x10B5
[728] [M]: 0x80007A50 (0x10B57063) bgeu a0, a1, 256


mem[X,0x80007A54] -> 0x8193
mem[X,0x80007A56] -> 0x0021
[729] [M]: 0x80007A54 (0x00218193) addi gp, gp, 2
x3 <- 0x00000002


mem[X,0x80007A58] -> 0x006F
mem[X,0x80007A5A] -> 0x1000
[730] [M]: 0x80007A58 (0x1000006F) jal zero, 256


mem[X,0x80007B58] -> 0x2823
mem[X,0x80007B5A] -> 0x0C31
[731] [M]: 0x80007B58 (0x0C312823) sw gp, 208(sp)
mem[0x8004B234] <- 0x00000002


mem[X,0x80007B5C] -> 0x0513
mem[X,0x80007B5E] -> 0x4000
[732] [M]: 0x80007B5C (0x40000513) addi a0, zero, 1024
x10 <- 0x00000400


mem[X,0x80007B60] -> 0xC5B7
mem[X,0x80007B62] -> 0xFFFF
[733] [M]: 0x80007B60 (0xFFFFC5B7) lui a1, 1048572
x11 <- 0xFFFFC000


mem[X,0x80007B64] -> 0x8593
mem[X,0x80007B66] -> 0xFFF5
[734] [M]: 0x80007B64 (0xFFF58593) addi a1, a1, 4095
x11 <- 0xFFFFBFFF


mem[X,0x80007B68] -> 0x0193
mem[X,0x80007B6A] -> 0x0000
[735] [M]: 0x80007B68 (0x00000193) addi gp, zero, 0
x3 <- 0x00000000


mem[X,0x80007B6C] -> 0x006F
mem[X,0x80007B6E] -> 0x00C0
[736] [M]: 0x80007B6C (0x00C0006F) jal zero, 12


mem[X,0x80007B78] -> 0x7CE3
mem[X,0x80007B7A] -> 0xFEB5
[737] [M]: 0x80007B78 (0xFEB57CE3) bgeu a0, a1, 8184


mem[X,0x80007B7C] -> 0x8193
mem[X,0x80007B7E] -> 0x0021
[738] [M]: 0x80007B7C (0x00218193) addi gp, gp, 2
x3 <- 0x00000002


mem[X,0x80007B80] -> 0x006F
mem[X,0x80007B82] -> 0x00C0
[739] [M]: 0x80007B80 (0x00C0006F) jal zero, 12


mem[X,0x80007B8C] -> 0x2A23
mem[X,0x80007B8E] -> 0x0C31
[740] [M]: 0x80007B8C (0x0C312A23) sw gp, 212(sp)
mem[0x8004B238] <- 0x00000002


mem[X,0x80007B90] -> 0x1537
mem[X,0x80007B92] -> 0x0000
[741] [M]: 0x80007B90 (0x00001537) lui a0, 1
x10 <- 0x00001000


mem[X,0x80007B94] -> 0x0513
mem[X,0x80007B96] -> 0x8005
[742] [M]: 0x80007B94 (0x80050513) addi a0, a0, 2048
x10 <- 0x00000800


mem[X,0x80007B98] -> 0xB5B7
mem[X,0x80007B9A] -> 0xAAAA
[743] [M]: 0x80007B98 (0xAAAAB5B7) lui a1, 699051
x11 <- 0xAAAAB000


mem[X,0x80007B9C] -> 0x8593
mem[X,0x80007B9E] -> 0xAAA5
[744] [M]: 0x80007B9C (0xAAA58593) addi a1, a1, 2730
x11 <- 0xAAAAAAAA


mem[X,0x80007BA0] -> 0x0193
mem[X,0x80007BA2] -> 0x0000
[745] [M]: 0x80007BA0 (0x00000193) addi gp, zero, 0
x3 <- 0x00000000


mem[X,0x80007BA4] -> 0x006F
mem[X,0x80007BA6] -> 0x00C0
[746] [M]: 0x80007BA4 (0x00C0006F) jal zero, 12


mem[X,0x80007BB0] -> 0x7063
mem[X,0x80007BB2] -> 0x40B5
[747] [M]: 0x80007BB0 (0x40B57063) bgeu a0, a1, 1024


mem[X,0x80007BB4] -> 0x8193
mem[X,0x80007BB6] -> 0x0021
[748] [M]: 0x80007BB4 (0x00218193) addi gp, gp, 2
x3 <- 0x00000002


mem[X,0x80007BB8] -> 0x006F
mem[X,0x80007BBA] -> 0x4000
[749] [M]: 0x80007BB8 (0x4000006F) jal zero, 1024


mem[X,0x80007FB8] -> 0x2C23
mem[X,0x80007FBA] -> 0x0C31
[750] [M]: 0x80007FB8 (0x0C312C23) sw gp, 216(sp)
mem[0x8004B23C] <- 0x00000002


mem[X,0x80007FBC] -> 0x1537
mem[X,0x80007FBE] -> 0x0000
[751] [M]: 0x80007FBC (0x00001537) lui a0, 1
x10 <- 0x00001000


mem[X,0x80007FC0] -> 0x15B7
mem[X,0x80007FC2] -> 0x0000
[752] [M]: 0x80007FC0 (0x000015B7) lui a1, 1
x11 <- 0x00001000


mem[X,0x80007FC4] -> 0x0193
mem[X,0x80007FC6] -> 0x0000
[753] [M]: 0x80007FC4 (0x00000193) addi gp, zero, 0
x3 <- 0x00000000


mem[X,0x80007FC8] -> 0x006F
mem[X,0x80007FCA] -> 0x00C0
[754] [M]: 0x80007FC8 (0x00C0006F) jal zero, 12


mem[X,0x80007FD4] -> 0x7663
mem[X,0x80007FD6] -> 0x00B5
[755] [M]: 0x80007FD4 (0x00B57663) bgeu a0, a1, 12


mem[X,0x80007FE0] -> 0x8193
mem[X,0x80007FE2] -> 0x0031
[756] [M]: 0x80007FE0 (0x00318193) addi gp, gp, 3
x3 <- 0x00000003


mem[X,0x80007FE4] -> 0x006F
mem[X,0x80007FE6] -> 0x0040
[757] [M]: 0x80007FE4 (0x0040006F) jal zero, 4


mem[X,0x80007FE8] -> 0x2E23
mem[X,0x80007FEA] -> 0x0C31
[758] [M]: 0x80007FE8 (0x0C312E23) sw gp, 220(sp)
mem[0x8004B240] <- 0x00000003


mem[X,0x80007FEC] -> 0x2537
mem[X,0x80007FEE] -> 0x0000
[759] [M]: 0x80007FEC (0x00002537) lui a0, 2
x10 <- 0x00002000


mem[X,0x80007FF0] -> 0x0593
mem[X,0x80007FF2] -> 0x0010
[760] [M]: 0x80007FF0 (0x00100593) addi a1, zero, 1
x11 <- 0x00000001


mem[X,0x80007FF4] -> 0x0193
mem[X,0x80007FF6] -> 0x0000
[761] [M]: 0x80007FF4 (0x00000193) addi gp, zero, 0
x3 <- 0x00000000


mem[X,0x80007FF8] -> 0x006F
mem[X,0x80007FFA] -> 0x2B10
[762] [M]: 0x80007FF8 (0x2B10006F) jal zero, 2736


mem[X,0x80008AA8] -> 0x7A63
mem[X,0x80008AAA] -> 0xD4B5
[763] [M]: 0x80008AA8 (0xD4B57A63) bgeu a0, a1, 5460


mem[X,0x80007FFC] -> 0x8193
mem[X,0x80007FFE] -> 0x0011
[764] [M]: 0x80007FFC (0x00118193) addi gp, gp, 1
x3 <- 0x00000001


mem[X,0x80008000] -> 0x006F
mem[X,0x80008002] -> 0x2BD0
[765] [M]: 0x80008000 (0x2BD0006F) jal zero, 2748


mem[X,0x80008ABC] -> 0x2023
mem[X,0x80008ABE] -> 0x0E31
[766] [M]: 0x80008ABC (0x0E312023) sw gp, 224(sp)
mem[0x8004B244] <- 0x00000001


mem[X,0x80008AC0] -> 0x8537
mem[X,0x80008AC2] -> 0x0000
[767] [M]: 0x80008AC0 (0x00008537) lui a0, 8
x10 <- 0x00008000


mem[X,0x80008AC4] -> 0xF5B7
mem[X,0x80008AC6] -> 0xFFFF
[768] [M]: 0x80008AC4 (0xFFFFF5B7) lui a1, 1048575
x11 <- 0xFFFFF000


mem[X,0x80008AC8] -> 0x8593
mem[X,0x80008ACA] -> 0x7FF5
[769] [M]: 0x80008AC8 (0x7FF58593) addi a1, a1, 2047
x11 <- 0xFFFFF7FF


mem[X,0x80008ACC] -> 0x0193
mem[X,0x80008ACE] -> 0x0000
[770] [M]: 0x80008ACC (0x00000193) addi gp, zero, 0
x3 <- 0x00000000


mem[X,0x80008AD0] -> 0x006F
mem[X,0x80008AD2] -> 0x0100
[771] [M]: 0x80008AD0 (0x0100006F) jal zero, 16


mem[X,0x80008AE0] -> 0x7AE3
mem[X,0x80008AE2] -> 0xFEB5
[772] [M]: 0x80008AE0 (0xFEB57AE3) bgeu a0, a1, 8180


mem[X,0x80008AE4] -> 0x8193
mem[X,0x80008AE6] -> 0x0021
[773] [M]: 0x80008AE4 (0x00218193) addi gp, gp, 2
x3 <- 0x00000002


mem[X,0x80008AE8] -> 0x006F
mem[X,0x80008AEA] -> 0x00C0
[774] [M]: 0x80008AE8 (0x00C0006F) jal zero, 12


mem[X,0x80008AF4] -> 0x2223
mem[X,0x80008AF6] -> 0x0E31
[775] [M]: 0x80008AF4 (0x0E312223) sw gp, 228(sp)
mem[0x8004B248] <- 0x00000002


mem[X,0x80008AF8] -> 0x0537
mem[X,0x80008AFA] -> 0x0001
[776] [M]: 0x80008AF8 (0x00010537) lui a0, 16
x10 <- 0x00010000


mem[X,0x80008AFC] -> 0x55B7
mem[X,0x80008AFE] -> 0x5555
[777] [M]: 0x80008AFC (0x555555B7) lui a1, 349525
x11 <- 0x55555000


mem[X,0x80008B00] -> 0x8593
mem[X,0x80008B02] -> 0x5555
[778] [M]: 0x80008B00 (0x55558593) addi a1, a1, 1365
x11 <- 0x55555555


mem[X,0x80008B04] -> 0x0193
mem[X,0x80008B06] -> 0x0000
[779] [M]: 0x80008B04 (0x00000193) addi gp, zero, 0
x3 <- 0x00000000


mem[X,0x80008B08] -> 0x006F
mem[X,0x80008B0A] -> 0x00C0
[780] [M]: 0x80008B08 (0x00C0006F) jal zero, 12


mem[X,0x80008B14] -> 0x7663
mem[X,0x80008B16] -> 0x00B5
[781] [M]: 0x80008B14 (0x00B57663) bgeu a0, a1, 12


mem[X,0x80008B18] -> 0x8193
mem[X,0x80008B1A] -> 0x0021
[782] [M]: 0x80008B18 (0x00218193) addi gp, gp, 2
x3 <- 0x00000002


mem[X,0x80008B1C] -> 0x006F
mem[X,0x80008B1E] -> 0x00C0
[783] [M]: 0x80008B1C (0x00C0006F) jal zero, 12


mem[X,0x80008B28] -> 0x2423
mem[X,0x80008B2A] -> 0x0E31
[784] [M]: 0x80008B28 (0x0E312423) sw gp, 232(sp)
mem[0x8004B24C] <- 0x00000002


mem[X,0x80008B2C] -> 0x0537
mem[X,0x80008B2E] -> 0x0002
[785] [M]: 0x80008B2C (0x00020537) lui a0, 32
x10 <- 0x00020000


mem[X,0x80008B30] -> 0x05B7
mem[X,0x80008B32] -> 0x0002
[786] [M]: 0x80008B30 (0x000205B7) lui a1, 32
x11 <- 0x00020000


mem[X,0x80008B34] -> 0x0193
mem[X,0x80008B36] -> 0x0000
[787] [M]: 0x80008B34 (0x00000193) addi gp, zero, 0
x3 <- 0x00000000


mem[X,0x80008B38] -> 0x006F
mem[X,0x80008B3A] -> 0x00C0
[788] [M]: 0x80008B38 (0x00C0006F) jal zero, 12


mem[X,0x80008B44] -> 0x7663
mem[X,0x80008B46] -> 0x00B5
[789] [M]: 0x80008B44 (0x00B57663) bgeu a0, a1, 12


mem[X,0x80008B50] -> 0x8193
mem[X,0x80008B52] -> 0x0031
[790] [M]: 0x80008B50 (0x00318193) addi gp, gp, 3
x3 <- 0x00000003


mem[X,0x80008B54] -> 0x006F
mem[X,0x80008B56] -> 0x0040
[791] [M]: 0x80008B54 (0x0040006F) jal zero, 4


mem[X,0x80008B58] -> 0x2623
mem[X,0x80008B5A] -> 0x0E31
[792] [M]: 0x80008B58 (0x0E312623) sw gp, 236(sp)
mem[0x8004B250] <- 0x00000003


mem[X,0x80008B5C] -> 0x0537
mem[X,0x80008B5E] -> 0x0004
[793] [M]: 0x80008B5C (0x00040537) lui a0, 64
x10 <- 0x00040000


mem[X,0x80008B60] -> 0x05B7
mem[X,0x80008B62] -> 0x0800
[794] [M]: 0x80008B60 (0x080005B7) lui a1, 32768
x11 <- 0x08000000


mem[X,0x80008B64] -> 0x0193
mem[X,0x80008B66] -> 0x0000
[795] [M]: 0x80008B64 (0x00000193) addi gp, zero, 0
x3 <- 0x00000000


mem[X,0x80008B68] -> 0x006F
mem[X,0x80008B6A] -> 0x00C0
[796] [M]: 0x80008B68 (0x00C0006F) jal zero, 12


mem[X,0x80008B74] -> 0x7863
mem[X,0x80008B76] -> 0x00B5
[797] [M]: 0x80008B74 (0x00B57863) bgeu a0, a1, 16


mem[X,0x80008B78] -> 0x8193
mem[X,0x80008B7A] -> 0x0021
[798] [M]: 0x80008B78 (0x00218193) addi gp, gp, 2
x3 <- 0x00000002


mem[X,0x80008B7C] -> 0x006F
mem[X,0x80008B7E] -> 0x0100
[799] [M]: 0x80008B7C (0x0100006F) jal zero, 16


clint::tick mtime <- 0x0000000000000008
 clint timer pending at mtime 0x0000000000000008
htif::tick 0x0000000000000000
mem[X,0x80008B8C] -> 0x2823
mem[X,0x80008B8E] -> 0x0E31
[800] [M]: 0x80008B8C (0x0E312823) sw gp, 240(sp)
mem[0x8004B254] <- 0x00000002


mem[X,0x80008B90] -> 0x0537
mem[X,0x80008B92] -> 0x0010
[801] [M]: 0x80008B90 (0x00100537) lui a0, 256
x10 <- 0x00100000


mem[X,0x80008B94] -> 0x0593
mem[X,0x80008B96] -> 0x0090
[802] [M]: 0x80008B94 (0x00900593) addi a1, zero, 9
x11 <- 0x00000009


mem[X,0x80008B98] -> 0x0193
mem[X,0x80008B9A] -> 0x0000
[803] [M]: 0x80008B98 (0x00000193) addi gp, zero, 0
x3 <- 0x00000000


mem[X,0x80008B9C] -> 0x006F
mem[X,0x80008B9E] -> 0x00C0
[804] [M]: 0x80008B9C (0x00C0006F) jal zero, 12


mem[X,0x80008BA8] -> 0x7863
mem[X,0x80008BAA] -> 0x00B5
[805] [M]: 0x80008BA8 (0x00B57863) bgeu a0, a1, 16


mem[X,0x80008BB8] -> 0x8193
mem[X,0x80008BBA] -> 0x0031
[806] [M]: 0x80008BB8 (0x00318193) addi gp, gp, 3
x3 <- 0x00000003


mem[X,0x80008BBC] -> 0x006F
mem[X,0x80008BBE] -> 0x0040
[807] [M]: 0x80008BBC (0x0040006F) jal zero, 4


mem[X,0x80008BC0] -> 0x2A23
mem[X,0x80008BC2] -> 0x0E31
[808] [M]: 0x80008BC0 (0x0E312A23) sw gp, 244(sp)
mem[0x8004B258] <- 0x00000003


mem[X,0x80008BC4] -> 0x0537
mem[X,0x80008BC6] -> 0x0040
[809] [M]: 0x80008BC4 (0x00400537) lui a0, 1024
x10 <- 0x00400000


mem[X,0x80008BC8] -> 0x85B7
mem[X,0x80008BCA] -> 0x0000
[810] [M]: 0x80008BC8 (0x000085B7) lui a1, 8
x11 <- 0x00008000


mem[X,0x80008BCC] -> 0x0193
mem[X,0x80008BCE] -> 0x0000
[811] [M]: 0x80008BCC (0x00000193) addi gp, zero, 0
x3 <- 0x00000000


mem[X,0x80008BD0] -> 0x006F
mem[X,0x80008BD2] -> 0x00C0
[812] [M]: 0x80008BD0 (0x00C0006F) jal zero, 12


mem[X,0x80008BDC] -> 0x7063
mem[X,0x80008BDE] -> 0x10B5
[813] [M]: 0x80008BDC (0x10B57063) bgeu a0, a1, 256


mem[X,0x80008CDC] -> 0x8193
mem[X,0x80008CDE] -> 0x0031
[814] [M]: 0x80008CDC (0x00318193) addi gp, gp, 3
x3 <- 0x00000003


mem[X,0x80008CE0] -> 0x006F
mem[X,0x80008CE2] -> 0x0040
[815] [M]: 0x80008CE0 (0x0040006F) jal zero, 4


mem[X,0x80008CE4] -> 0x2C23
mem[X,0x80008CE6] -> 0x0E31
[816] [M]: 0x80008CE4 (0x0E312C23) sw gp, 248(sp)
mem[0x8004B25C] <- 0x00000003


mem[X,0x80008CE8] -> 0x0537
mem[X,0x80008CEA] -> 0x1000
[817] [M]: 0x80008CE8 (0x10000537) lui a0, 65536
x10 <- 0x10000000


mem[X,0x80008CEC] -> 0x55B7
mem[X,0x80008CEE] -> 0x5555
[818] [M]: 0x80008CEC (0x555555B7) lui a1, 349525
x11 <- 0x55555000


mem[X,0x80008CF0] -> 0x8593
mem[X,0x80008CF2] -> 0x5555
[819] [M]: 0x80008CF0 (0x55558593) addi a1, a1, 1365
x11 <- 0x55555555


mem[X,0x80008CF4] -> 0x0193
mem[X,0x80008CF6] -> 0x0000
[820] [M]: 0x80008CF4 (0x00000193) addi gp, zero, 0
x3 <- 0x00000000


mem[X,0x80008CF8] -> 0x006F
mem[X,0x80008CFA] -> 0x00C0
[821] [M]: 0x80008CF8 (0x00C0006F) jal zero, 12


mem[X,0x80008D04] -> 0x7CE3
mem[X,0x80008D06] -> 0xFEB5
[822] [M]: 0x80008D04 (0xFEB57CE3) bgeu a0, a1, 8184


mem[X,0x80008D08] -> 0x8193
mem[X,0x80008D0A] -> 0x0021
[823] [M]: 0x80008D08 (0x00218193) addi gp, gp, 2
x3 <- 0x00000002


mem[X,0x80008D0C] -> 0x006F
mem[X,0x80008D0E] -> 0x00C0
[824] [M]: 0x80008D0C (0x00C0006F) jal zero, 12


mem[X,0x80008D18] -> 0x2E23
mem[X,0x80008D1A] -> 0x0E31
[825] [M]: 0x80008D18 (0x0E312E23) sw gp, 252(sp)
mem[0x8004B260] <- 0x00000002


mem[X,0x80008D1C] -> 0x0537
mem[X,0x80008D1E] -> 0x2000
[826] [M]: 0x80008D1C (0x20000537) lui a0, 131072
x10 <- 0x20000000


mem[X,0x80008D20] -> 0x0593
mem[X,0x80008D22] -> 0x0800
[827] [M]: 0x80008D20 (0x08000593) addi a1, zero, 128
x11 <- 0x00000080


mem[X,0x80008D24] -> 0x0193
mem[X,0x80008D26] -> 0x0000
[828] [M]: 0x80008D24 (0x00000193) addi gp, zero, 0
x3 <- 0x00000000


mem[X,0x80008D28] -> 0x006F
mem[X,0x80008D2A] -> 0x2B10
[829] [M]: 0x80008D28 (0x2B10006F) jal zero, 2736


mem[X,0x800097D8] -> 0x7A63
mem[X,0x800097DA] -> 0xD4B5
[830] [M]: 0x800097D8 (0xD4B57A63) bgeu a0, a1, 5460


mem[X,0x80008D2C] -> 0x8193
mem[X,0x80008D2E] -> 0x0011
[831] [M]: 0x80008D2C (0x00118193) addi gp, gp, 1
x3 <- 0x00000001


mem[X,0x80008D30] -> 0x006F
mem[X,0x80008D32] -> 0x2BD0
[832] [M]: 0x80008D30 (0x2BD0006F) jal zero, 2748


mem[X,0x800097EC] -> 0x2023
mem[X,0x800097EE] -> 0x1031
[833] [M]: 0x800097EC (0x10312023) sw gp, 256(sp)
mem[0x8004B264] <- 0x00000001


mem[X,0x800097F0] -> 0x0537
mem[X,0x800097F2] -> 0x4000
[834] [M]: 0x800097F0 (0x40000537) lui a0, 262144
x10 <- 0x40000000


mem[X,0x800097F4] -> 0x0593
mem[X,0x800097F6] -> 0xFBF0
[835] [M]: 0x800097F4 (0xFBF00593) addi a1, zero, 4031
x11 <- 0xFFFFFFBF


mem[X,0x800097F8] -> 0x0193
mem[X,0x800097FA] -> 0x0000
[836] [M]: 0x800097F8 (0x00000193) addi gp, zero, 0
x3 <- 0x00000000


mem[X,0x800097FC] -> 0x006F
mem[X,0x800097FE] -> 0x0180
[837] [M]: 0x800097FC (0x0180006F) jal zero, 24


mem[X,0x80009814] -> 0x76E3
mem[X,0x80009816] -> 0xFEB5
[838] [M]: 0x80009814 (0xFEB576E3) bgeu a0, a1, 8172


mem[X,0x80009818] -> 0x8193
mem[X,0x8000981A] -> 0x0021
[839] [M]: 0x80009818 (0x00218193) addi gp, gp, 2
x3 <- 0x00000002


mem[X,0x8000981C] -> 0x006F
mem[X,0x8000981E] -> 0x00C0
[840] [M]: 0x8000981C (0x00C0006F) jal zero, 12


mem[X,0x80009828] -> 0x2223
mem[X,0x8000982A] -> 0x1031
[841] [M]: 0x80009828 (0x10312223) sw gp, 260(sp)
mem[0x8004B268] <- 0x00000002


mem[X,0x8000982C] -> 0x0537
mem[X,0x8000982E] -> 0x8000
[842] [M]: 0x8000982C (0x80000537) lui a0, 524288
x10 <- 0x80000000


mem[X,0x80009830] -> 0x05B7
mem[X,0x80009832] -> 0x0400
[843] [M]: 0x80009830 (0x040005B7) lui a1, 16384
x11 <- 0x04000000


mem[X,0x80009834] -> 0x0193
mem[X,0x80009836] -> 0x0000
[844] [M]: 0x80009834 (0x00000193) addi gp, zero, 0
x3 <- 0x00000000


mem[X,0x80009838] -> 0x006F
mem[X,0x8000983A] -> 0x00C0
[845] [M]: 0x80009838 (0x00C0006F) jal zero, 12


mem[X,0x80009844] -> 0x7063
mem[X,0x80009846] -> 0x10B5
[846] [M]: 0x80009844 (0x10B57063) bgeu a0, a1, 256


mem[X,0x80009944] -> 0x8193
mem[X,0x80009946] -> 0x0031
[847] [M]: 0x80009944 (0x00318193) addi gp, gp, 3
x3 <- 0x00000003


mem[X,0x80009948] -> 0x006F
mem[X,0x8000994A] -> 0x0040
[848] [M]: 0x80009948 (0x0040006F) jal zero, 4


mem[X,0x8000994C] -> 0x2423
mem[X,0x8000994E] -> 0x1031
[849] [M]: 0x8000994C (0x10312423) sw gp, 264(sp)
mem[0x8004B26C] <- 0x00000003


mem[X,0x80009950] -> 0x0513
mem[X,0x80009952] -> 0xFFD0
[850] [M]: 0x80009950 (0xFFD00513) addi a0, zero, 4093
x10 <- 0xFFFFFFFD


mem[X,0x80009954] -> 0x0593
mem[X,0x80009956] -> 0xFFD0
[851] [M]: 0x80009954 (0xFFD00593) addi a1, zero, 4093
x11 <- 0xFFFFFFFD


mem[X,0x80009958] -> 0x0193
mem[X,0x8000995A] -> 0x0000
[852] [M]: 0x80009958 (0x00000193) addi gp, zero, 0
x3 <- 0x00000000


mem[X,0x8000995C] -> 0x006F
mem[X,0x8000995E] -> 0x00C0
[853] [M]: 0x8000995C (0x00C0006F) jal zero, 12


mem[X,0x80009968] -> 0x7063
mem[X,0x8000996A] -> 0x04B5
[854] [M]: 0x80009968 (0x04B57063) bgeu a0, a1, 64


mem[X,0x800099A8] -> 0x8193
mem[X,0x800099AA] -> 0x0031
[855] [M]: 0x800099A8 (0x00318193) addi gp, gp, 3
x3 <- 0x00000003


mem[X,0x800099AC] -> 0x006F
mem[X,0x800099AE] -> 0x0040
[856] [M]: 0x800099AC (0x0040006F) jal zero, 4


mem[X,0x800099B0] -> 0x2623
mem[X,0x800099B2] -> 0x1031
[857] [M]: 0x800099B0 (0x10312623) sw gp, 268(sp)
mem[0x8004B270] <- 0x00000003


mem[X,0x800099B4] -> 0x0513
mem[X,0x800099B6] -> 0xFFB0
[858] [M]: 0x800099B4 (0xFFB00513) addi a0, zero, 4091
x10 <- 0xFFFFFFFB


mem[X,0x800099B8] -> 0x0593
mem[X,0x800099BA] -> 0x0400
[859] [M]: 0x800099B8 (0x04000593) addi a1, zero, 64
x11 <- 0x00000040


mem[X,0x800099BC] -> 0x0193
mem[X,0x800099BE] -> 0x0000
[860] [M]: 0x800099BC (0x00000193) addi gp, zero, 0
x3 <- 0x00000000


mem[X,0x800099C0] -> 0x006F
mem[X,0x800099C2] -> 0x00C0
[861] [M]: 0x800099C0 (0x00C0006F) jal zero, 12


mem[X,0x800099CC] -> 0x7063
mem[X,0x800099CE] -> 0x04B5
[862] [M]: 0x800099CC (0x04B57063) bgeu a0, a1, 64


mem[X,0x80009A0C] -> 0x8193
mem[X,0x80009A0E] -> 0x0031
[863] [M]: 0x80009A0C (0x00318193) addi gp, gp, 3
x3 <- 0x00000003


mem[X,0x80009A10] -> 0x006F
mem[X,0x80009A12] -> 0x0040
[864] [M]: 0x80009A10 (0x0040006F) jal zero, 4


mem[X,0x80009A14] -> 0x2823
mem[X,0x80009A16] -> 0x1031
[865] [M]: 0x80009A14 (0x10312823) sw gp, 272(sp)
mem[0x8004B274] <- 0x00000003


mem[X,0x80009A18] -> 0x0513
mem[X,0x80009A1A] -> 0xFF70
[866] [M]: 0x80009A18 (0xFF700513) addi a0, zero, 4087
x10 <- 0xFFFFFFF7


mem[X,0x80009A1C] -> 0xB5B7
mem[X,0x80009A1E] -> 0xAAAA
[867] [M]: 0x80009A1C (0xAAAAB5B7) lui a1, 699051
x11 <- 0xAAAAB000


mem[X,0x80009A20] -> 0x8593
mem[X,0x80009A22] -> 0xAAA5
[868] [M]: 0x80009A20 (0xAAA58593) addi a1, a1, 2730
x11 <- 0xAAAAAAAA


mem[X,0x80009A24] -> 0x0193
mem[X,0x80009A26] -> 0x0000
[869] [M]: 0x80009A24 (0x00000193) addi gp, zero, 0
x3 <- 0x00000000


mem[X,0x80009A28] -> 0x006F
mem[X,0x80009A2A] -> 0x0100
[870] [M]: 0x80009A28 (0x0100006F) jal zero, 16


mem[X,0x80009A38] -> 0x7AE3
mem[X,0x80009A3A] -> 0xFEB5
[871] [M]: 0x80009A38 (0xFEB57AE3) bgeu a0, a1, 8180


mem[X,0x80009A2C] -> 0x8193
mem[X,0x80009A2E] -> 0x0011
[872] [M]: 0x80009A2C (0x00118193) addi gp, gp, 1
x3 <- 0x00000001


mem[X,0x80009A30] -> 0x006F
mem[X,0x80009A32] -> 0x01C0
[873] [M]: 0x80009A30 (0x01C0006F) jal zero, 28


mem[X,0x80009A4C] -> 0x2A23
mem[X,0x80009A4E] -> 0x1031
[874] [M]: 0x80009A4C (0x10312A23) sw gp, 276(sp)
mem[0x8004B278] <- 0x00000001


mem[X,0x80009A50] -> 0x0513
mem[X,0x80009A52] -> 0xFEF0
[875] [M]: 0x80009A50 (0xFEF00513) addi a0, zero, 4079
x10 <- 0xFFFFFFEF


mem[X,0x80009A54] -> 0x0593
mem[X,0x80009A56] -> 0x0000
[876] [M]: 0x80009A54 (0x00000593) addi a1, zero, 0
x11 <- 0x00000000


mem[X,0x80009A58] -> 0x0193
mem[X,0x80009A5A] -> 0x0000
[877] [M]: 0x80009A58 (0x00000193) addi gp, zero, 0
x3 <- 0x00000000


mem[X,0x80009A5C] -> 0x006F
mem[X,0x80009A5E] -> 0x00C0
[878] [M]: 0x80009A5C (0x00C0006F) jal zero, 12


mem[X,0x80009A68] -> 0x7063
mem[X,0x80009A6A] -> 0x20B5
[879] [M]: 0x80009A68 (0x20B57063) bgeu a0, a1, 512


mem[X,0x80009C68] -> 0x8193
mem[X,0x80009C6A] -> 0x0031
[880] [M]: 0x80009C68 (0x00318193) addi gp, gp, 3
x3 <- 0x00000003


mem[X,0x80009C6C] -> 0x006F
mem[X,0x80009C6E] -> 0x0040
[881] [M]: 0x80009C6C (0x0040006F) jal zero, 4


mem[X,0x80009C70] -> 0x2C23
mem[X,0x80009C72] -> 0x1031
[882] [M]: 0x80009C70 (0x10312C23) sw gp, 280(sp)
mem[0x8004B27C] <- 0x00000003


mem[X,0x80009C74] -> 0x0513
mem[X,0x80009C76] -> 0xFDF0
[883] [M]: 0x80009C74 (0xFDF00513) addi a0, zero, 4063
x10 <- 0xFFFFFFDF


mem[X,0x80009C78] -> 0x0593
mem[X,0x80009C7A] -> 0x0010
[884] [M]: 0x80009C78 (0x00100593) addi a1, zero, 1
x11 <- 0x00000001


mem[X,0x80009C7C] -> 0x0193
mem[X,0x80009C7E] -> 0x0000
[885] [M]: 0x80009C7C (0x00000193) addi gp, zero, 0
x3 <- 0x00000000


mem[X,0x80009C80] -> 0x006F
mem[X,0x80009C82] -> 0x0100
[886] [M]: 0x80009C80 (0x0100006F) jal zero, 16


mem[X,0x80009C90] -> 0x7AE3
mem[X,0x80009C92] -> 0xFEB5
[887] [M]: 0x80009C90 (0xFEB57AE3) bgeu a0, a1, 8180


mem[X,0x80009C84] -> 0x8193
mem[X,0x80009C86] -> 0x0011
[888] [M]: 0x80009C84 (0x00118193) addi gp, gp, 1
x3 <- 0x00000001


mem[X,0x80009C88] -> 0x006F
mem[X,0x80009C8A] -> 0x01C0
[889] [M]: 0x80009C88 (0x01C0006F) jal zero, 28


mem[X,0x80009CA4] -> 0x2E23
mem[X,0x80009CA6] -> 0x1031
[890] [M]: 0x80009CA4 (0x10312E23) sw gp, 284(sp)
mem[0x8004B280] <- 0x00000001


mem[X,0x80009CA8] -> 0x0537
mem[X,0x80009CAA] -> 0xFFFF
[891] [M]: 0x80009CA8 (0xFFFF0537) lui a0, 1048560
x10 <- 0xFFFF0000


mem[X,0x80009CAC] -> 0x0513
mem[X,0x80009CAE] -> 0xFFF5
[892] [M]: 0x80009CAC (0xFFF50513) addi a0, a0, 4095
x10 <- 0xFFFEFFFF


mem[X,0x80009CB0] -> 0xC5B7
mem[X,0x80009CB2] -> 0xFFFF
[893] [M]: 0x80009CB0 (0xFFFFC5B7) lui a1, 1048572
x11 <- 0xFFFFC000


mem[X,0x80009CB4] -> 0x8593
mem[X,0x80009CB6] -> 0xFFF5
[894] [M]: 0x80009CB4 (0xFFF58593) addi a1, a1, 4095
x11 <- 0xFFFFBFFF


mem[X,0x80009CB8] -> 0x0193
mem[X,0x80009CBA] -> 0x0000
[895] [M]: 0x80009CB8 (0x00000193) addi gp, zero, 0
x3 <- 0x00000000


mem[X,0x80009CBC] -> 0x006F
mem[X,0x80009CBE] -> 0x00C0
[896] [M]: 0x80009CBC (0x00C0006F) jal zero, 12


mem[X,0x80009CC8] -> 0x7863
mem[X,0x80009CCA] -> 0x00B5
[897] [M]: 0x80009CC8 (0x00B57863) bgeu a0, a1, 16


mem[X,0x80009CCC] -> 0x8193
mem[X,0x80009CCE] -> 0x0021
[898] [M]: 0x80009CCC (0x00218193) addi gp, gp, 2
x3 <- 0x00000002


mem[X,0x80009CD0] -> 0x006F
mem[X,0x80009CD2] -> 0x0100
[899] [M]: 0x80009CD0 (0x0100006F) jal zero, 16


clint::tick mtime <- 0x0000000000000009
 clint timer pending at mtime 0x0000000000000009
htif::tick 0x0000000000000000
mem[X,0x80009CE0] -> 0x2023
mem[X,0x80009CE2] -> 0x1231
[900] [M]: 0x80009CE0 (0x12312023) sw gp, 288(sp)
mem[0x8004B284] <- 0x00000002


mem[X,0x80009CE4] -> 0x0537
mem[X,0x80009CE6] -> 0xFFFE
[901] [M]: 0x80009CE4 (0xFFFE0537) lui a0, 1048544
x10 <- 0xFFFE0000


mem[X,0x80009CE8] -> 0x0513
mem[X,0x80009CEA] -> 0xFFF5
[902] [M]: 0x80009CE8 (0xFFF50513) addi a0, a0, 4095
x10 <- 0xFFFDFFFF


mem[X,0x80009CEC] -> 0x05B7
mem[X,0x80009CEE] -> 0x0001
[903] [M]: 0x80009CEC (0x000105B7) lui a1, 16
x11 <- 0x00010000


mem[X,0x80009CF0] -> 0x8593
mem[X,0x80009CF2] -> 0xFFE5
[904] [M]: 0x80009CF0 (0xFFE58593) addi a1, a1, 4094
x11 <- 0x0000FFFE


mem[X,0x80009CF4] -> 0x0193
mem[X,0x80009CF6] -> 0x0000
[905] [M]: 0x80009CF4 (0x00000193) addi gp, zero, 0
x3 <- 0x00000000


mem[X,0x80009CF8] -> 0x006F
mem[X,0x80009CFA] -> 0x00C0
[906] [M]: 0x80009CF8 (0x00C0006F) jal zero, 12


mem[X,0x80009D04] -> 0x7063
mem[X,0x80009D06] -> 0x10B5
[907] [M]: 0x80009D04 (0x10B57063) bgeu a0, a1, 256


mem[X,0x80009E04] -> 0x8193
mem[X,0x80009E06] -> 0x0031
[908] [M]: 0x80009E04 (0x00318193) addi gp, gp, 3
x3 <- 0x00000003


mem[X,0x80009E08] -> 0x006F
mem[X,0x80009E0A] -> 0x0040
[909] [M]: 0x80009E08 (0x0040006F) jal zero, 4


mem[X,0x80009E0C] -> 0x2223
mem[X,0x80009E0E] -> 0x1231
[910] [M]: 0x80009E0C (0x12312223) sw gp, 292(sp)
mem[0x8004B288] <- 0x00000003


mem[X,0x80009E10] -> 0x0537
mem[X,0x80009E12] -> 0xFFF8
[911] [M]: 0x80009E10 (0xFFF80537) lui a0, 1048448
x10 <- 0xFFF80000


mem[X,0x80009E14] -> 0x0513
mem[X,0x80009E16] -> 0xFFF5
[912] [M]: 0x80009E14 (0xFFF50513) addi a0, a0, 4095
x10 <- 0xFFF7FFFF


mem[X,0x80009E18] -> 0x05B7
mem[X,0x80009E1A] -> 0xFFFC
[913] [M]: 0x80009E18 (0xFFFC05B7) lui a1, 1048512
x11 <- 0xFFFC0000


mem[X,0x80009E1C] -> 0x8593
mem[X,0x80009E1E] -> 0xFFF5
[914] [M]: 0x80009E1C (0xFFF58593) addi a1, a1, 4095
x11 <- 0xFFFBFFFF


mem[X,0x80009E20] -> 0x0193
mem[X,0x80009E22] -> 0x0000
[915] [M]: 0x80009E20 (0x00000193) addi gp, zero, 0
x3 <- 0x00000000


mem[X,0x80009E24] -> 0x006F
mem[X,0x80009E26] -> 0x2B10
[916] [M]: 0x80009E24 (0x2B10006F) jal zero, 2736


mem[X,0x8000A8D4] -> 0x7A63
mem[X,0x8000A8D6] -> 0xD4B5
[917] [M]: 0x8000A8D4 (0xD4B57A63) bgeu a0, a1, 5460


mem[X,0x8000A8D8] -> 0x8193
mem[X,0x8000A8DA] -> 0x0021
[918] [M]: 0x8000A8D8 (0x00218193) addi gp, gp, 2
x3 <- 0x00000002


mem[X,0x8000A8DC] -> 0x006F
mem[X,0x8000A8DE] -> 0x00C0
[919] [M]: 0x8000A8DC (0x00C0006F) jal zero, 12


mem[X,0x8000A8E8] -> 0x2423
mem[X,0x8000A8EA] -> 0x1231
[920] [M]: 0x8000A8E8 (0x12312423) sw gp, 296(sp)
mem[0x8004B28C] <- 0x00000002


mem[X,0x8000A8EC] -> 0x0537
mem[X,0x8000A8EE] -> 0xFFF0
[921] [M]: 0x8000A8EC (0xFFF00537) lui a0, 1048320
x10 <- 0xFFF00000


mem[X,0x8000A8F0] -> 0x0513
mem[X,0x8000A8F2] -> 0xFFF5
[922] [M]: 0x8000A8F0 (0xFFF50513) addi a0, a0, 4095
x10 <- 0xFFEFFFFF


mem[X,0x8000A8F4] -> 0x0593
mem[X,0x8000A8F6] -> 0x0020
[923] [M]: 0x8000A8F4 (0x00200593) addi a1, zero, 2
x11 <- 0x00000002


mem[X,0x8000A8F8] -> 0x0193
mem[X,0x8000A8FA] -> 0x0000
[924] [M]: 0x8000A8F8 (0x00000193) addi gp, zero, 0
x3 <- 0x00000000


mem[X,0x8000A8FC] -> 0x006F
mem[X,0x8000A8FE] -> 0x00C0
[925] [M]: 0x8000A8FC (0x00C0006F) jal zero, 12


mem[X,0x8000A908] -> 0x7663
mem[X,0x8000A90A] -> 0x00B5
[926] [M]: 0x8000A908 (0x00B57663) bgeu a0, a1, 12


mem[X,0x8000A914] -> 0x8193
mem[X,0x8000A916] -> 0x0031
[927] [M]: 0x8000A914 (0x00318193) addi gp, gp, 3
x3 <- 0x00000003


mem[X,0x8000A918] -> 0x006F
mem[X,0x8000A91A] -> 0x0040
[928] [M]: 0x8000A918 (0x0040006F) jal zero, 4


mem[X,0x8000A91C] -> 0x2623
mem[X,0x8000A91E] -> 0x1231
[929] [M]: 0x8000A91C (0x12312623) sw gp, 300(sp)
mem[0x8004B290] <- 0x00000003


mem[X,0x8000A920] -> 0x0537
mem[X,0x8000A922] -> 0xFFE0
[930] [M]: 0x8000A920 (0xFFE00537) lui a0, 1048064
x10 <- 0xFFE00000


mem[X,0x8000A924] -> 0x0513
mem[X,0x8000A926] -> 0xFFF5
[931] [M]: 0x8000A924 (0xFFF50513) addi a0, a0, 4095
x10 <- 0xFFDFFFFF


mem[X,0x8000A928] -> 0x05B7
mem[X,0x8000A92A] -> 0xFFFE
[932] [M]: 0x8000A928 (0xFFFE05B7) lui a1, 1048544
x11 <- 0xFFFE0000


mem[X,0x8000A92C] -> 0x8593
mem[X,0x8000A92E] -> 0xFFF5
[933] [M]: 0x8000A92C (0xFFF58593) addi a1, a1, 4095
x11 <- 0xFFFDFFFF


mem[X,0x8000A930] -> 0x0193
mem[X,0x8000A932] -> 0x0000
[934] [M]: 0x8000A930 (0x00000193) addi gp, zero, 0
x3 <- 0x00000000


mem[X,0x8000A934] -> 0x006F
mem[X,0x8000A936] -> 0x00C0
[935] [M]: 0x8000A934 (0x00C0006F) jal zero, 12


mem[X,0x8000A940] -> 0x7663
mem[X,0x8000A942] -> 0x00B5
[936] [M]: 0x8000A940 (0x00B57663) bgeu a0, a1, 12


mem[X,0x8000A944] -> 0x8193
mem[X,0x8000A946] -> 0x0021
[937] [M]: 0x8000A944 (0x00218193) addi gp, gp, 2
x3 <- 0x00000002


mem[X,0x8000A948] -> 0x006F
mem[X,0x8000A94A] -> 0x00C0
[938] [M]: 0x8000A948 (0x00C0006F) jal zero, 12


mem[X,0x8000A954] -> 0x2823
mem[X,0x8000A956] -> 0x1231
[939] [M]: 0x8000A954 (0x12312823) sw gp, 304(sp)
mem[0x8004B294] <- 0x00000002


mem[X,0x8000A958] -> 0x0537
mem[X,0x8000A95A] -> 0xFFC0
[940] [M]: 0x8000A958 (0xFFC00537) lui a0, 1047552
x10 <- 0xFFC00000


mem[X,0x8000A95C] -> 0x0513
mem[X,0x8000A95E] -> 0xFFF5
[941] [M]: 0x8000A95C (0xFFF50513) addi a0, a0, 4095
x10 <- 0xFFBFFFFF


mem[X,0x8000A960] -> 0x0593
mem[X,0x8000A962] -> 0x00A0
[942] [M]: 0x8000A960 (0x00A00593) addi a1, zero, 10
x11 <- 0x0000000A


mem[X,0x8000A964] -> 0x0193
mem[X,0x8000A966] -> 0x0000
[943] [M]: 0x8000A964 (0x00000193) addi gp, zero, 0
x3 <- 0x00000000


mem[X,0x8000A968] -> 0x006F
mem[X,0x8000A96A] -> 0x00C0
[944] [M]: 0x8000A968 (0x00C0006F) jal zero, 12


mem[X,0x8000A974] -> 0x7063
mem[X,0x8000A976] -> 0x20B5
[945] [M]: 0x8000A974 (0x20B57063) bgeu a0, a1, 512


mem[X,0x8000AB74] -> 0x8193
mem[X,0x8000AB76] -> 0x0031
[946] [M]: 0x8000AB74 (0x00318193) addi gp, gp, 3
x3 <- 0x00000003


mem[X,0x8000AB78] -> 0x006F
mem[X,0x8000AB7A] -> 0x0040
[947] [M]: 0x8000AB78 (0x0040006F) jal zero, 4


mem[X,0x8000AB7C] -> 0x2A23
mem[X,0x8000AB7E] -> 0x1231
[948] [M]: 0x8000AB7C (0x12312A23) sw gp, 308(sp)
mem[0x8004B298] <- 0x00000003


mem[X,0x8000AB80] -> 0x0537
mem[X,0x8000AB82] -> 0xFF80
[949] [M]: 0x8000AB80 (0xFF800537) lui a0, 1046528
x10 <- 0xFF800000


mem[X,0x8000AB84] -> 0x0513
mem[X,0x8000AB86] -> 0xFFF5
[950] [M]: 0x8000AB84 (0xFFF50513) addi a0, a0, 4095
x10 <- 0xFF7FFFFF


mem[X,0x8000AB88] -> 0x0593
mem[X,0x8000AB8A] -> 0xFEF0
[951] [M]: 0x8000AB88 (0xFEF00593) addi a1, zero, 4079
x11 <- 0xFFFFFFEF


mem[X,0x8000AB8C] -> 0x0193
mem[X,0x8000AB8E] -> 0x0000
[952] [M]: 0x8000AB8C (0x00000193) addi gp, zero, 0
x3 <- 0x00000000


mem[X,0x8000AB90] -> 0x006F
mem[X,0x8000AB92] -> 0x0180
[953] [M]: 0x8000AB90 (0x0180006F) jal zero, 24


mem[X,0x8000ABA8] -> 0x76E3
mem[X,0x8000ABAA] -> 0xFEB5
[954] [M]: 0x8000ABA8 (0xFEB576E3) bgeu a0, a1, 8172


mem[X,0x8000ABAC] -> 0x8193
mem[X,0x8000ABAE] -> 0x0021
[955] [M]: 0x8000ABAC (0x00218193) addi gp, gp, 2
x3 <- 0x00000002


mem[X,0x8000ABB0] -> 0x006F
mem[X,0x8000ABB2] -> 0x00C0
[956] [M]: 0x8000ABB0 (0x00C0006F) jal zero, 12


mem[X,0x8000ABBC] -> 0x2C23
mem[X,0x8000ABBE] -> 0x1231
[957] [M]: 0x8000ABBC (0x12312C23) sw gp, 312(sp)
mem[0x8004B29C] <- 0x00000002


mem[X,0x8000ABC0] -> 0x0537
mem[X,0x8000ABC2] -> 0xFF00
[958] [M]: 0x8000ABC0 (0xFF000537) lui a0, 1044480
x10 <- 0xFF000000


mem[X,0x8000ABC4] -> 0x0513
mem[X,0x8000ABC6] -> 0xFFF5
[959] [M]: 0x8000ABC4 (0xFFF50513) addi a0, a0, 4095
x10 <- 0xFEFFFFFF


mem[X,0x8000ABC8] -> 0x0593
mem[X,0x8000ABCA] -> 0x1000
[960] [M]: 0x8000ABC8 (0x10000593) addi a1, zero, 256
x11 <- 0x00000100


mem[X,0x8000ABCC] -> 0x0193
mem[X,0x8000ABCE] -> 0x0000
[961] [M]: 0x8000ABCC (0x00000193) addi gp, zero, 0
x3 <- 0x00000000


mem[X,0x8000ABD0] -> 0x006F
mem[X,0x8000ABD2] -> 0x00C0
[962] [M]: 0x8000ABD0 (0x00C0006F) jal zero, 12


mem[X,0x8000ABDC] -> 0x7663
mem[X,0x8000ABDE] -> 0x00B5
[963] [M]: 0x8000ABDC (0x00B57663) bgeu a0, a1, 12


mem[X,0x8000ABE8] -> 0x8193
mem[X,0x8000ABEA] -> 0x0031
[964] [M]: 0x8000ABE8 (0x00318193) addi gp, gp, 3
x3 <- 0x00000003


mem[X,0x8000ABEC] -> 0x006F
mem[X,0x8000ABEE] -> 0x0040
[965] [M]: 0x8000ABEC (0x0040006F) jal zero, 4


mem[X,0x8000ABF0] -> 0x2E23
mem[X,0x8000ABF2] -> 0x1231
[966] [M]: 0x8000ABF0 (0x12312E23) sw gp, 316(sp)
mem[0x8004B2A0] <- 0x00000003


mem[X,0x8000ABF4] -> 0x0537
mem[X,0x8000ABF6] -> 0xFC00
[967] [M]: 0x8000ABF4 (0xFC000537) lui a0, 1032192
x10 <- 0xFC000000


mem[X,0x8000ABF8] -> 0x0513
mem[X,0x8000ABFA] -> 0xFFF5
[968] [M]: 0x8000ABF8 (0xFFF50513) addi a0, a0, 4095
x10 <- 0xFBFFFFFF


mem[X,0x8000ABFC] -> 0x05B7
mem[X,0x8000ABFE] -> 0x0001
[969] [M]: 0x8000ABFC (0x000105B7) lui a1, 16
x11 <- 0x00010000


mem[X,0x8000AC00] -> 0x8593
mem[X,0x8000AC02] -> 0xFFF5
[970] [M]: 0x8000AC00 (0xFFF58593) addi a1, a1, 4095
x11 <- 0x0000FFFF


mem[X,0x8000AC04] -> 0x0193
mem[X,0x8000AC06] -> 0x0000
[971] [M]: 0x8000AC04 (0x00000193) addi gp, zero, 0
x3 <- 0x00000000


mem[X,0x8000AC08] -> 0x006F
mem[X,0x8000AC0A] -> 0x00C0
[972] [M]: 0x8000AC08 (0x00C0006F) jal zero, 12


mem[X,0x8000AC14] -> 0x7663
mem[X,0x8000AC16] -> 0x00B5
[973] [M]: 0x8000AC14 (0x00B57663) bgeu a0, a1, 12


mem[X,0x8000AC20] -> 0x8193
mem[X,0x8000AC22] -> 0x0031
[974] [M]: 0x8000AC20 (0x00318193) addi gp, gp, 3
x3 <- 0x00000003


mem[X,0x8000AC24] -> 0x006F
mem[X,0x8000AC26] -> 0x0040
[975] [M]: 0x8000AC24 (0x0040006F) jal zero, 4


mem[X,0x8000AC28] -> 0x2023
mem[X,0x8000AC2A] -> 0x1431
[976] [M]: 0x8000AC28 (0x14312023) sw gp, 320(sp)
mem[0x8004B2A4] <- 0x00000003


mem[X,0x8000AC2C] -> 0x0537
mem[X,0x8000AC2E] -> 0xF800
[977] [M]: 0x8000AC2C (0xF8000537) lui a0, 1015808
x10 <- 0xF8000000


mem[X,0x8000AC30] -> 0x0513
mem[X,0x8000AC32] -> 0xFFF5
[978] [M]: 0x8000AC30 (0xFFF50513) addi a0, a0, 4095
x10 <- 0xF7FFFFFF


mem[X,0x8000AC34] -> 0xB5B7
mem[X,0x8000AC36] -> 0xAAAA
[979] [M]: 0x8000AC34 (0xAAAAB5B7) lui a1, 699051
x11 <- 0xAAAAB000


mem[X,0x8000AC38] -> 0x8593
mem[X,0x8000AC3A] -> 0xAAA5
[980] [M]: 0x8000AC38 (0xAAA58593) addi a1, a1, 2730
x11 <- 0xAAAAAAAA


mem[X,0x8000AC3C] -> 0x0193
mem[X,0x8000AC3E] -> 0x0000
[981] [M]: 0x8000AC3C (0x00000193) addi gp, zero, 0
x3 <- 0x00000000


mem[X,0x8000AC40] -> 0x006F
mem[X,0x8000AC42] -> 0x00C0
[982] [M]: 0x8000AC40 (0x00C0006F) jal zero, 12


mem[X,0x8000AC4C] -> 0x7CE3
mem[X,0x8000AC4E] -> 0xFEB5
[983] [M]: 0x8000AC4C (0xFEB57CE3) bgeu a0, a1, 8184


mem[X,0x8000AC44] -> 0x8193
mem[X,0x8000AC46] -> 0x0011
[984] [M]: 0x8000AC44 (0x00118193) addi gp, gp, 1
x3 <- 0x00000001


mem[X,0x8000AC48] -> 0x006F
mem[X,0x8000AC4A] -> 0x0180
[985] [M]: 0x8000AC48 (0x0180006F) jal zero, 24


mem[X,0x8000AC60] -> 0x2223
mem[X,0x8000AC62] -> 0x1431
[986] [M]: 0x8000AC60 (0x14312223) sw gp, 324(sp)
mem[0x8004B2A8] <- 0x00000001


mem[X,0x8000AC64] -> 0x0537
mem[X,0x8000AC66] -> 0xF000
[987] [M]: 0x8000AC64 (0xF0000537) lui a0, 983040
x10 <- 0xF0000000


mem[X,0x8000AC68] -> 0x0513
mem[X,0x8000AC6A] -> 0xFFF5
[988] [M]: 0x8000AC68 (0xFFF50513) addi a0, a0, 4095
x10 <- 0xEFFFFFFF


mem[X,0x8000AC6C] -> 0x0593
mem[X,0x8000AC6E] -> 0x0120
[989] [M]: 0x8000AC6C (0x01200593) addi a1, zero, 18
x11 <- 0x00000012


mem[X,0x8000AC70] -> 0x0193
mem[X,0x8000AC72] -> 0x0000
[990] [M]: 0x8000AC70 (0x00000193) addi gp, zero, 0
x3 <- 0x00000000


mem[X,0x8000AC74] -> 0x006F
mem[X,0x8000AC76] -> 0x0180
[991] [M]: 0x8000AC74 (0x0180006F) jal zero, 24


mem[X,0x8000AC8C] -> 0x76E3
mem[X,0x8000AC8E] -> 0xFEB5
[992] [M]: 0x8000AC8C (0xFEB576E3) bgeu a0, a1, 8172


mem[X,0x8000AC78] -> 0x8193
mem[X,0x8000AC7A] -> 0x0011
[993] [M]: 0x8000AC78 (0x00118193) addi gp, gp, 1
x3 <- 0x00000001


mem[X,0x8000AC7C] -> 0x006F
mem[X,0x8000AC7E] -> 0x0240
[994] [M]: 0x8000AC7C (0x0240006F) jal zero, 36


mem[X,0x8000ACA0] -> 0x2423
mem[X,0x8000ACA2] -> 0x1431
[995] [M]: 0x8000ACA0 (0x14312423) sw gp, 328(sp)
mem[0x8004B2AC] <- 0x00000001


mem[X,0x8000ACA4] -> 0x0537
mem[X,0x8000ACA6] -> 0x8000
[996] [M]: 0x8000ACA4 (0x80000537) lui a0, 524288
x10 <- 0x80000000


mem[X,0x8000ACA8] -> 0x0513
mem[X,0x8000ACAA] -> 0xFFF5
[997] [M]: 0x8000ACA8 (0xFFF50513) addi a0, a0, 4095
x10 <- 0x7FFFFFFF


mem[X,0x8000ACAC] -> 0x0593
mem[X,0x8000ACAE] -> 0x0060
[998] [M]: 0x8000ACAC (0x00600593) addi a1, zero, 6
x11 <- 0x00000006


mem[X,0x8000ACB0] -> 0x0193
mem[X,0x8000ACB2] -> 0x0000
[999] [M]: 0x8000ACB0 (0x00000193) addi gp, zero, 0
x3 <- 0x00000000


clint::tick mtime <- 0x000000000000000A
 clint timer pending at mtime 0x000000000000000A
htif::tick 0x0000000000000000
mem[X,0x8000ACB4] -> 0x006F
mem[X,0x8000ACB6] -> 0x00C0
[1000] [M]: 0x8000ACB4 (0x00C0006F) jal zero, 12


mem[X,0x8000ACC0] -> 0x7063
mem[X,0x8000ACC2] -> 0x10B5
[1001] [M]: 0x8000ACC0 (0x10B57063) bgeu a0, a1, 256


mem[X,0x8000ADC0] -> 0x8193
mem[X,0x8000ADC2] -> 0x0031
[1002] [M]: 0x8000ADC0 (0x00318193) addi gp, gp, 3
x3 <- 0x00000003


mem[X,0x8000ADC4] -> 0x006F
mem[X,0x8000ADC6] -> 0x0040
[1003] [M]: 0x8000ADC4 (0x0040006F) jal zero, 4


mem[X,0x8000ADC8] -> 0x2623
mem[X,0x8000ADCA] -> 0x1431
[1004] [M]: 0x8000ADC8 (0x14312623) sw gp, 332(sp)
mem[0x8004B2B0] <- 0x00000003


mem[X,0x8000ADCC] -> 0x0513
mem[X,0x8000ADCE] -> 0x0030
[1005] [M]: 0x8000ADCC (0x00300513) addi a0, zero, 3
x10 <- 0x00000003


mem[X,0x8000ADD0] -> 0x0593
mem[X,0x8000ADD2] -> 0x0030
[1006] [M]: 0x8000ADD0 (0x00300593) addi a1, zero, 3
x11 <- 0x00000003


mem[X,0x8000ADD4] -> 0x0193
mem[X,0x8000ADD6] -> 0x0000
[1007] [M]: 0x8000ADD4 (0x00000193) addi gp, zero, 0
x3 <- 0x00000000


mem[X,0x8000ADD8] -> 0x006F
mem[X,0x8000ADDA] -> 0x00C0
[1008] [M]: 0x8000ADD8 (0x00C0006F) jal zero, 12


mem[X,0x8000ADE4] -> 0x7CE3
mem[X,0x8000ADE6] -> 0xFEB5
[1009] [M]: 0x8000ADE4 (0xFEB57CE3) bgeu a0, a1, 8184


mem[X,0x8000ADDC] -> 0x8193
mem[X,0x8000ADDE] -> 0x0011
[1010] [M]: 0x8000ADDC (0x00118193) addi gp, gp, 1
x3 <- 0x00000001


mem[X,0x8000ADE0] -> 0x006F
mem[X,0x8000ADE2] -> 0x0180
[1011] [M]: 0x8000ADE0 (0x0180006F) jal zero, 24


mem[X,0x8000ADF8] -> 0x2823
mem[X,0x8000ADFA] -> 0x1431
[1012] [M]: 0x8000ADF8 (0x14312823) sw gp, 336(sp)
mem[0x8004B2B4] <- 0x00000001


mem[X,0x8000ADFC] -> 0x0513
mem[X,0x8000ADFE] -> 0x0030
[1013] [M]: 0x8000ADFC (0x00300513) addi a0, zero, 3
x10 <- 0x00000003


mem[X,0x8000AE00] -> 0x55B7
mem[X,0x8000AE02] -> 0x5555
[1014] [M]: 0x8000AE00 (0x555555B7) lui a1, 349525
x11 <- 0x55555000


mem[X,0x8000AE04] -> 0x8593
mem[X,0x8000AE06] -> 0x5555
[1015] [M]: 0x8000AE04 (0x55558593) addi a1, a1, 1365
x11 <- 0x55555555


mem[X,0x8000AE08] -> 0x0193
mem[X,0x8000AE0A] -> 0x0000
[1016] [M]: 0x8000AE08 (0x00000193) addi gp, zero, 0
x3 <- 0x00000000


mem[X,0x8000AE0C] -> 0x006F
mem[X,0x8000AE0E] -> 0x0180
[1017] [M]: 0x8000AE0C (0x0180006F) jal zero, 24


mem[X,0x8000AE24] -> 0x76E3
mem[X,0x8000AE26] -> 0xFEB5
[1018] [M]: 0x8000AE24 (0xFEB576E3) bgeu a0, a1, 8172


mem[X,0x8000AE28] -> 0x8193
mem[X,0x8000AE2A] -> 0x0021
[1019] [M]: 0x8000AE28 (0x00218193) addi gp, gp, 2
x3 <- 0x00000002


mem[X,0x8000AE2C] -> 0x006F
mem[X,0x8000AE2E] -> 0x00C0
[1020] [M]: 0x8000AE2C (0x00C0006F) jal zero, 12


mem[X,0x8000AE38] -> 0x2A23
mem[X,0x8000AE3A] -> 0x1431
[1021] [M]: 0x8000AE38 (0x14312A23) sw gp, 340(sp)
mem[0x8004B2B8] <- 0x00000002


mem[X,0x8000AE3C] -> 0x0513
mem[X,0x8000AE3E] -> 0x0030
[1022] [M]: 0x8000AE3C (0x00300513) addi a0, zero, 3
x10 <- 0x00000003


mem[X,0x8000AE40] -> 0xB5B7
mem[X,0x8000AE42] -> 0xAAAA
[1023] [M]: 0x8000AE40 (0xAAAAB5B7) lui a1, 699051
x11 <- 0xAAAAB000


mem[X,0x8000AE44] -> 0x8593
mem[X,0x8000AE46] -> 0xAAA5
[1024] [M]: 0x8000AE44 (0xAAA58593) addi a1, a1, 2730
x11 <- 0xAAAAAAAA


mem[X,0x8000AE48] -> 0x0193
mem[X,0x8000AE4A] -> 0x0000
[1025] [M]: 0x8000AE48 (0x00000193) addi gp, zero, 0
x3 <- 0x00000000


mem[X,0x8000AE4C] -> 0x006F
mem[X,0x8000AE4E] -> 0x2B10
[1026] [M]: 0x8000AE4C (0x2B10006F) jal zero, 2736


mem[X,0x8000B8FC] -> 0x7A63
mem[X,0x8000B8FE] -> 0xD4B5
[1027] [M]: 0x8000B8FC (0xD4B57A63) bgeu a0, a1, 5460


mem[X,0x8000B900] -> 0x8193
mem[X,0x8000B902] -> 0x0021
[1028] [M]: 0x8000B900 (0x00218193) addi gp, gp, 2
x3 <- 0x00000002


mem[X,0x8000B904] -> 0x006F
mem[X,0x8000B906] -> 0x00C0
[1029] [M]: 0x8000B904 (0x00C0006F) jal zero, 12


mem[X,0x8000B910] -> 0x2C23
mem[X,0x8000B912] -> 0x1431
[1030] [M]: 0x8000B910 (0x14312C23) sw gp, 344(sp)
mem[0x8004B2BC] <- 0x00000002


mem[X,0x8000B914] -> 0x0513
mem[X,0x8000B916] -> 0x0030
[1031] [M]: 0x8000B914 (0x00300513) addi a0, zero, 3
x10 <- 0x00000003


mem[X,0x8000B918] -> 0x0593
mem[X,0x8000B91A] -> 0x0050
[1032] [M]: 0x8000B918 (0x00500593) addi a1, zero, 5
x11 <- 0x00000005


mem[X,0x8000B91C] -> 0x0193
mem[X,0x8000B91E] -> 0x0000
[1033] [M]: 0x8000B91C (0x00000193) addi gp, zero, 0
x3 <- 0x00000000


mem[X,0x8000B920] -> 0x006F
mem[X,0x8000B922] -> 0x00C0
[1034] [M]: 0x8000B920 (0x00C0006F) jal zero, 12


mem[X,0x8000B92C] -> 0x7CE3
mem[X,0x8000B92E] -> 0xFEB5
[1035] [M]: 0x8000B92C (0xFEB57CE3) bgeu a0, a1, 8184


mem[X,0x8000B930] -> 0x8193
mem[X,0x8000B932] -> 0x0021
[1036] [M]: 0x8000B930 (0x00218193) addi gp, gp, 2
x3 <- 0x00000002


mem[X,0x8000B934] -> 0x006F
mem[X,0x8000B936] -> 0x00C0
[1037] [M]: 0x8000B934 (0x00C0006F) jal zero, 12


mem[X,0x8000B940] -> 0x2E23
mem[X,0x8000B942] -> 0x1431
[1038] [M]: 0x8000B940 (0x14312E23) sw gp, 348(sp)
mem[0x8004B2C0] <- 0x00000002


mem[X,0x8000B944] -> 0x0513
mem[X,0x8000B946] -> 0x0030
[1039] [M]: 0x8000B944 (0x00300513) addi a0, zero, 3
x10 <- 0x00000003


mem[X,0x8000B948] -> 0x35B7
mem[X,0x8000B94A] -> 0x3333
[1040] [M]: 0x8000B948 (0x333335B7) lui a1, 209715
x11 <- 0x33333000


mem[X,0x8000B94C] -> 0x8593
mem[X,0x8000B94E] -> 0x3335
[1041] [M]: 0x8000B94C (0x33358593) addi a1, a1, 819
x11 <- 0x33333333


mem[X,0x8000B950] -> 0x0193
mem[X,0x8000B952] -> 0x0000
[1042] [M]: 0x8000B950 (0x00000193) addi gp, zero, 0
x3 <- 0x00000000


mem[X,0x8000B954] -> 0x006F
mem[X,0x8000B956] -> 0x00C0
[1043] [M]: 0x8000B954 (0x00C0006F) jal zero, 12


mem[X,0x8000B960] -> 0x7CE3
mem[X,0x8000B962] -> 0xFEB5
[1044] [M]: 0x8000B960 (0xFEB57CE3) bgeu a0, a1, 8184


mem[X,0x8000B964] -> 0x8193
mem[X,0x8000B966] -> 0x0021
[1045] [M]: 0x8000B964 (0x00218193) addi gp, gp, 2
x3 <- 0x00000002


mem[X,0x8000B968] -> 0x006F
mem[X,0x8000B96A] -> 0x00C0
[1046] [M]: 0x8000B968 (0x00C0006F) jal zero, 12


mem[X,0x8000B974] -> 0x2023
mem[X,0x8000B976] -> 0x1631
[1047] [M]: 0x8000B974 (0x16312023) sw gp, 352(sp)
mem[0x8004B2C4] <- 0x00000002


mem[X,0x8000B978] -> 0x0513
mem[X,0x8000B97A] -> 0x0030
[1048] [M]: 0x8000B978 (0x00300513) addi a0, zero, 3
x10 <- 0x00000003


mem[X,0x8000B97C] -> 0x65B7
mem[X,0x8000B97E] -> 0x6666
[1049] [M]: 0x8000B97C (0x666665B7) lui a1, 419430
x11 <- 0x66666000


mem[X,0x8000B980] -> 0x8593
mem[X,0x8000B982] -> 0x6665
[1050] [M]: 0x8000B980 (0x66658593) addi a1, a1, 1638
x11 <- 0x66666666


mem[X,0x8000B984] -> 0x0193
mem[X,0x8000B986] -> 0x0000
[1051] [M]: 0x8000B984 (0x00000193) addi gp, zero, 0
x3 <- 0x00000000


mem[X,0x8000B988] -> 0x006F
mem[X,0x8000B98A] -> 0x00C0
[1052] [M]: 0x8000B988 (0x00C0006F) jal zero, 12


mem[X,0x8000B994] -> 0x7663
mem[X,0x8000B996] -> 0x00B5
[1053] [M]: 0x8000B994 (0x00B57663) bgeu a0, a1, 12


mem[X,0x8000B998] -> 0x8193
mem[X,0x8000B99A] -> 0x0021
[1054] [M]: 0x8000B998 (0x00218193) addi gp, gp, 2
x3 <- 0x00000002


mem[X,0x8000B99C] -> 0x006F
mem[X,0x8000B99E] -> 0x00C0
[1055] [M]: 0x8000B99C (0x00C0006F) jal zero, 12


mem[X,0x8000B9A8] -> 0x2223
mem[X,0x8000B9AA] -> 0x1631
[1056] [M]: 0x8000B9A8 (0x16312223) sw gp, 356(sp)
mem[0x8004B2C8] <- 0x00000002


mem[X,0x8000B9AC] -> 0x0513
mem[X,0x8000B9AE] -> 0x0030
[1057] [M]: 0x8000B9AC (0x00300513) addi a0, zero, 3
x10 <- 0x00000003


mem[X,0x8000B9B0] -> 0xB5B7
mem[X,0x8000B9B2] -> 0x0000
[1058] [M]: 0x8000B9B0 (0x0000B5B7) lui a1, 11
x11 <- 0x0000B000


mem[X,0x8000B9B4] -> 0x8593
mem[X,0x8000B9B6] -> 0x5045
[1059] [M]: 0x8000B9B4 (0x50458593) addi a1, a1, 1284
x11 <- 0x0000B504


mem[X,0x8000B9B8] -> 0x0193
mem[X,0x8000B9BA] -> 0x0000
[1060] [M]: 0x8000B9B8 (0x00000193) addi gp, zero, 0
x3 <- 0x00000000


mem[X,0x8000B9BC] -> 0x006F
mem[X,0x8000B9BE] -> 0x00C0
[1061] [M]: 0x8000B9BC (0x00C0006F) jal zero, 12


mem[X,0x8000B9C8] -> 0x7063
mem[X,0x8000B9CA] -> 0x20B5
[1062] [M]: 0x8000B9C8 (0x20B57063) bgeu a0, a1, 512


mem[X,0x8000B9CC] -> 0x8193
mem[X,0x8000B9CE] -> 0x0021
[1063] [M]: 0x8000B9CC (0x00218193) addi gp, gp, 2
x3 <- 0x00000002


mem[X,0x8000B9D0] -> 0x006F
mem[X,0x8000B9D2] -> 0x2000
[1064] [M]: 0x8000B9D0 (0x2000006F) jal zero, 512


mem[X,0x8000BBD0] -> 0x2423
mem[X,0x8000BBD2] -> 0x1631
[1065] [M]: 0x8000BBD0 (0x16312423) sw gp, 360(sp)
mem[0x8004B2CC] <- 0x00000002


mem[X,0x8000BBD4] -> 0x0513
mem[X,0x8000BBD6] -> 0x0030
[1066] [M]: 0x8000BBD4 (0x00300513) addi a0, zero, 3
x10 <- 0x00000003


mem[X,0x8000BBD8] -> 0x0593
mem[X,0x8000BBDA] -> 0x0000
[1067] [M]: 0x8000BBD8 (0x00000593) addi a1, zero, 0
x11 <- 0x00000000


mem[X,0x8000BBDC] -> 0x0193
mem[X,0x8000BBDE] -> 0x0000
[1068] [M]: 0x8000BBDC (0x00000193) addi gp, zero, 0
x3 <- 0x00000000


mem[X,0x8000BBE0] -> 0x006F
mem[X,0x8000BBE2] -> 0x00C0
[1069] [M]: 0x8000BBE0 (0x00C0006F) jal zero, 12


mem[X,0x8000BBEC] -> 0x7663
mem[X,0x8000BBEE] -> 0x00B5
[1070] [M]: 0x8000BBEC (0x00B57663) bgeu a0, a1, 12


mem[X,0x8000BBF8] -> 0x8193
mem[X,0x8000BBFA] -> 0x0031
[1071] [M]: 0x8000BBF8 (0x00318193) addi gp, gp, 3
x3 <- 0x00000003


mem[X,0x8000BBFC] -> 0x006F
mem[X,0x8000BBFE] -> 0x0040
[1072] [M]: 0x8000BBFC (0x0040006F) jal zero, 4


mem[X,0x8000BC00] -> 0x2623
mem[X,0x8000BC02] -> 0x1631
[1073] [M]: 0x8000BC00 (0x16312623) sw gp, 364(sp)
mem[0x8004B2D0] <- 0x00000003


mem[X,0x8000BC04] -> 0x0513
mem[X,0x8000BC06] -> 0x0030
[1074] [M]: 0x8000BC04 (0x00300513) addi a0, zero, 3
x10 <- 0x00000003


mem[X,0x8000BC08] -> 0x05B7
mem[X,0x8000BC0A] -> 0x0001
[1075] [M]: 0x8000BC08 (0x000105B7) lui a1, 16
x11 <- 0x00010000


mem[X,0x8000BC0C] -> 0x8593
mem[X,0x8000BC0E] -> 0xFFF5
[1076] [M]: 0x8000BC0C (0xFFF58593) addi a1, a1, 4095
x11 <- 0x0000FFFF


mem[X,0x8000BC10] -> 0x0193
mem[X,0x8000BC12] -> 0x0000
[1077] [M]: 0x8000BC10 (0x00000193) addi gp, zero, 0
x3 <- 0x00000000


mem[X,0x8000BC14] -> 0x006F
mem[X,0x8000BC16] -> 0x00C0
[1078] [M]: 0x8000BC14 (0x00C0006F) jal zero, 12


mem[X,0x8000BC20] -> 0x7663
mem[X,0x8000BC22] -> 0x00B5
[1079] [M]: 0x8000BC20 (0x00B57663) bgeu a0, a1, 12


mem[X,0x8000BC24] -> 0x8193
mem[X,0x8000BC26] -> 0x0021
[1080] [M]: 0x8000BC24 (0x00218193) addi gp, gp, 2
x3 <- 0x00000002


mem[X,0x8000BC28] -> 0x006F
mem[X,0x8000BC2A] -> 0x00C0
[1081] [M]: 0x8000BC28 (0x00C0006F) jal zero, 12


mem[X,0x8000BC34] -> 0x2823
mem[X,0x8000BC36] -> 0x1631
[1082] [M]: 0x8000BC34 (0x16312823) sw gp, 368(sp)
mem[0x8004B2D4] <- 0x00000002


mem[X,0x8000BC38] -> 0x0513
mem[X,0x8000BC3A] -> 0x0030
[1083] [M]: 0x8000BC38 (0x00300513) addi a0, zero, 3
x10 <- 0x00000003


mem[X,0x8000BC3C] -> 0x0593
mem[X,0x8000BC3E] -> 0x0020
[1084] [M]: 0x8000BC3C (0x00200593) addi a1, zero, 2
x11 <- 0x00000002


mem[X,0x8000BC40] -> 0x0193
mem[X,0x8000BC42] -> 0x0000
[1085] [M]: 0x8000BC40 (0x00000193) addi gp, zero, 0
x3 <- 0x00000000


mem[X,0x8000BC44] -> 0x006F
mem[X,0x8000BC46] -> 0x00C0
[1086] [M]: 0x8000BC44 (0x00C0006F) jal zero, 12


mem[X,0x8000BC50] -> 0x7063
mem[X,0x8000BC52] -> 0x04B5
[1087] [M]: 0x8000BC50 (0x04B57063) bgeu a0, a1, 64


mem[X,0x8000BC90] -> 0x8193
mem[X,0x8000BC92] -> 0x0031
[1088] [M]: 0x8000BC90 (0x00318193) addi gp, gp, 3
x3 <- 0x00000003


mem[X,0x8000BC94] -> 0x006F
mem[X,0x8000BC96] -> 0x0040
[1089] [M]: 0x8000BC94 (0x0040006F) jal zero, 4


mem[X,0x8000BC98] -> 0x2A23
mem[X,0x8000BC9A] -> 0x1631
[1090] [M]: 0x8000BC98 (0x16312A23) sw gp, 372(sp)
mem[0x8004B2D8] <- 0x00000003


mem[X,0x8000BC9C] -> 0x0513
mem[X,0x8000BC9E] -> 0x0030
[1091] [M]: 0x8000BC9C (0x00300513) addi a0, zero, 3
x10 <- 0x00000003


mem[X,0x8000BCA0] -> 0x55B7
mem[X,0x8000BCA2] -> 0x5555
[1092] [M]: 0x8000BCA0 (0x555555B7) lui a1, 349525
x11 <- 0x55555000


mem[X,0x8000BCA4] -> 0x8593
mem[X,0x8000BCA6] -> 0x5545
[1093] [M]: 0x8000BCA4 (0x55458593) addi a1, a1, 1364
x11 <- 0x55555554


mem[X,0x8000BCA8] -> 0x0193
mem[X,0x8000BCAA] -> 0x0000
[1094] [M]: 0x8000BCA8 (0x00000193) addi gp, zero, 0
x3 <- 0x00000000


mem[X,0x8000BCAC] -> 0x006F
mem[X,0x8000BCAE] -> 0x00C0
[1095] [M]: 0x8000BCAC (0x00C0006F) jal zero, 12


mem[X,0x8000BCB8] -> 0x7063
mem[X,0x8000BCBA] -> 0x10B5
[1096] [M]: 0x8000BCB8 (0x10B57063) bgeu a0, a1, 256


mem[X,0x8000BCBC] -> 0x8193
mem[X,0x8000BCBE] -> 0x0021
[1097] [M]: 0x8000BCBC (0x00218193) addi gp, gp, 2
x3 <- 0x00000002


mem[X,0x8000BCC0] -> 0x006F
mem[X,0x8000BCC2] -> 0x1000
[1098] [M]: 0x8000BCC0 (0x1000006F) jal zero, 256


mem[X,0x8000BDC0] -> 0x2C23
mem[X,0x8000BDC2] -> 0x1631
[1099] [M]: 0x8000BDC0 (0x16312C23) sw gp, 376(sp)
mem[0x8004B2DC] <- 0x00000002


clint::tick mtime <- 0x000000000000000B
 clint timer pending at mtime 0x000000000000000B
htif::tick 0x0000000000000000
mem[X,0x8000BDC4] -> 0x0513
mem[X,0x8000BDC6] -> 0x0030
[1100] [M]: 0x8000BDC4 (0x00300513) addi a0, zero, 3
x10 <- 0x00000003


mem[X,0x8000BDC8] -> 0xB5B7
mem[X,0x8000BDCA] -> 0xAAAA
[1101] [M]: 0x8000BDC8 (0xAAAAB5B7) lui a1, 699051
x11 <- 0xAAAAB000


mem[X,0x8000BDCC] -> 0x8593
mem[X,0x8000BDCE] -> 0xAA95
[1102] [M]: 0x8000BDCC (0xAA958593) addi a1, a1, 2729
x11 <- 0xAAAAAAA9


mem[X,0x8000BDD0] -> 0x0193
mem[X,0x8000BDD2] -> 0x0000
[1103] [M]: 0x8000BDD0 (0x00000193) addi gp, zero, 0
x3 <- 0x00000000


mem[X,0x8000BDD4] -> 0x006F
mem[X,0x8000BDD6] -> 0x00C0
[1104] [M]: 0x8000BDD4 (0x00C0006F) jal zero, 12


mem[X,0x8000BDE0] -> 0x7863
mem[X,0x8000BDE2] -> 0x00B5
[1105] [M]: 0x8000BDE0 (0x00B57863) bgeu a0, a1, 16


mem[X,0x8000BDE4] -> 0x8193
mem[X,0x8000BDE6] -> 0x0021
[1106] [M]: 0x8000BDE4 (0x00218193) addi gp, gp, 2
x3 <- 0x00000002


mem[X,0x8000BDE8] -> 0x006F
mem[X,0x8000BDEA] -> 0x0100
[1107] [M]: 0x8000BDE8 (0x0100006F) jal zero, 16


mem[X,0x8000BDF8] -> 0x2E23
mem[X,0x8000BDFA] -> 0x1631
[1108] [M]: 0x8000BDF8 (0x16312E23) sw gp, 380(sp)
mem[0x8004B2E0] <- 0x00000002


mem[X,0x8000BDFC] -> 0x0513
mem[X,0x8000BDFE] -> 0x0030
[1109] [M]: 0x8000BDFC (0x00300513) addi a0, zero, 3
x10 <- 0x00000003


mem[X,0x8000BE00] -> 0x0593
mem[X,0x8000BE02] -> 0x0040
[1110] [M]: 0x8000BE00 (0x00400593) addi a1, zero, 4
x11 <- 0x00000004


mem[X,0x8000BE04] -> 0x0193
mem[X,0x8000BE06] -> 0x0000
[1111] [M]: 0x8000BE04 (0x00000193) addi gp, zero, 0
x3 <- 0x00000000


mem[X,0x8000BE08] -> 0x006F
mem[X,0x8000BE0A] -> 0x00C0
[1112] [M]: 0x8000BE08 (0x00C0006F) jal zero, 12


mem[X,0x8000BE14] -> 0x7863
mem[X,0x8000BE16] -> 0x00B5
[1113] [M]: 0x8000BE14 (0x00B57863) bgeu a0, a1, 16


mem[X,0x8000BE18] -> 0x8193
mem[X,0x8000BE1A] -> 0x0021
[1114] [M]: 0x8000BE18 (0x00218193) addi gp, gp, 2
x3 <- 0x00000002


mem[X,0x8000BE1C] -> 0x006F
mem[X,0x8000BE1E] -> 0x0100
[1115] [M]: 0x8000BE1C (0x0100006F) jal zero, 16


mem[X,0x8000BE2C] -> 0x2023
mem[X,0x8000BE2E] -> 0x1831
[1116] [M]: 0x8000BE2C (0x18312023) sw gp, 384(sp)
mem[0x8004B2E4] <- 0x00000002


mem[X,0x8000BE30] -> 0x0513
mem[X,0x8000BE32] -> 0x0030
[1117] [M]: 0x8000BE30 (0x00300513) addi a0, zero, 3
x10 <- 0x00000003


mem[X,0x8000BE34] -> 0x35B7
mem[X,0x8000BE36] -> 0x3333
[1118] [M]: 0x8000BE34 (0x333335B7) lui a1, 209715
x11 <- 0x33333000


mem[X,0x8000BE38] -> 0x8593
mem[X,0x8000BE3A] -> 0x3325
[1119] [M]: 0x8000BE38 (0x33258593) addi a1, a1, 818
x11 <- 0x33333332


mem[X,0x8000BE3C] -> 0x0193
mem[X,0x8000BE3E] -> 0x0000
[1120] [M]: 0x8000BE3C (0x00000193) addi gp, zero, 0
x3 <- 0x00000000


mem[X,0x8000BE40] -> 0x006F
mem[X,0x8000BE42] -> 0x00C0
[1121] [M]: 0x8000BE40 (0x00C0006F) jal zero, 12


mem[X,0x8000BE4C] -> 0x7663
mem[X,0x8000BE4E] -> 0x00B5
[1122] [M]: 0x8000BE4C (0x00B57663) bgeu a0, a1, 12


mem[X,0x8000BE50] -> 0x8193
mem[X,0x8000BE52] -> 0x0021
[1123] [M]: 0x8000BE50 (0x00218193) addi gp, gp, 2
x3 <- 0x00000002


mem[X,0x8000BE54] -> 0x006F
mem[X,0x8000BE56] -> 0x00C0
[1124] [M]: 0x8000BE54 (0x00C0006F) jal zero, 12


mem[X,0x8000BE60] -> 0x2223
mem[X,0x8000BE62] -> 0x1831
[1125] [M]: 0x8000BE60 (0x18312223) sw gp, 388(sp)
mem[0x8004B2E8] <- 0x00000002


mem[X,0x8000BE64] -> 0x0513
mem[X,0x8000BE66] -> 0x0030
[1126] [M]: 0x8000BE64 (0x00300513) addi a0, zero, 3
x10 <- 0x00000003


mem[X,0x8000BE68] -> 0x65B7
mem[X,0x8000BE6A] -> 0x6666
[1127] [M]: 0x8000BE68 (0x666665B7) lui a1, 419430
x11 <- 0x66666000


mem[X,0x8000BE6C] -> 0x8593
mem[X,0x8000BE6E] -> 0x6655
[1128] [M]: 0x8000BE6C (0x66558593) addi a1, a1, 1637
x11 <- 0x66666665


mem[X,0x8000BE70] -> 0x0193
mem[X,0x8000BE72] -> 0x0000
[1129] [M]: 0x8000BE70 (0x00000193) addi gp, zero, 0
x3 <- 0x00000000


mem[X,0x8000BE74] -> 0x006F
mem[X,0x8000BE76] -> 0x00C0
[1130] [M]: 0x8000BE74 (0x00C0006F) jal zero, 12


mem[X,0x8000BE80] -> 0x7063
mem[X,0x8000BE82] -> 0x10B5
[1131] [M]: 0x8000BE80 (0x10B57063) bgeu a0, a1, 256


mem[X,0x8000BE84] -> 0x8193
mem[X,0x8000BE86] -> 0x0021
[1132] [M]: 0x8000BE84 (0x00218193) addi gp, gp, 2
x3 <- 0x00000002


mem[X,0x8000BE88] -> 0x006F
mem[X,0x8000BE8A] -> 0x1000
[1133] [M]: 0x8000BE88 (0x1000006F) jal zero, 256


mem[X,0x8000BF88] -> 0x2423
mem[X,0x8000BF8A] -> 0x1831
[1134] [M]: 0x8000BF88 (0x18312423) sw gp, 392(sp)
mem[0x8004B2EC] <- 0x00000002


mem[X,0x8000BF8C] -> 0x0513
mem[X,0x8000BF8E] -> 0x0030
[1135] [M]: 0x8000BF8C (0x00300513) addi a0, zero, 3
x10 <- 0x00000003


mem[X,0x8000BF90] -> 0xB5B7
mem[X,0x8000BF92] -> 0x0000
[1136] [M]: 0x8000BF90 (0x0000B5B7) lui a1, 11
x11 <- 0x0000B000


mem[X,0x8000BF94] -> 0x8593
mem[X,0x8000BF96] -> 0x5035
[1137] [M]: 0x8000BF94 (0x50358593) addi a1, a1, 1283
x11 <- 0x0000B503


mem[X,0x8000BF98] -> 0x0193
mem[X,0x8000BF9A] -> 0x0000
[1138] [M]: 0x8000BF98 (0x00000193) addi gp, zero, 0
x3 <- 0x00000000


mem[X,0x8000BF9C] -> 0x006F
mem[X,0x8000BF9E] -> 0x0180
[1139] [M]: 0x8000BF9C (0x0180006F) jal zero, 24


mem[X,0x8000BFB4] -> 0x76E3
mem[X,0x8000BFB6] -> 0xFEB5
[1140] [M]: 0x8000BFB4 (0xFEB576E3) bgeu a0, a1, 8172


mem[X,0x8000BFB8] -> 0x8193
mem[X,0x8000BFBA] -> 0x0021
[1141] [M]: 0x8000BFB8 (0x00218193) addi gp, gp, 2
x3 <- 0x00000002


mem[X,0x8000BFBC] -> 0x006F
mem[X,0x8000BFBE] -> 0x00C0
[1142] [M]: 0x8000BFBC (0x00C0006F) jal zero, 12


mem[X,0x8000BFC8] -> 0x2623
mem[X,0x8000BFCA] -> 0x1831
[1143] [M]: 0x8000BFC8 (0x18312623) sw gp, 396(sp)
mem[0x8004B2F0] <- 0x00000002


mem[X,0x8000BFCC] -> 0x0513
mem[X,0x8000BFCE] -> 0x0030
[1144] [M]: 0x8000BFCC (0x00300513) addi a0, zero, 3
x10 <- 0x00000003


mem[X,0x8000BFD0] -> 0x05B7
mem[X,0x8000BFD2] -> 0x0001
[1145] [M]: 0x8000BFD0 (0x000105B7) lui a1, 16
x11 <- 0x00010000


mem[X,0x8000BFD4] -> 0x8593
mem[X,0x8000BFD6] -> 0xFFE5
[1146] [M]: 0x8000BFD4 (0xFFE58593) addi a1, a1, 4094
x11 <- 0x0000FFFE


mem[X,0x8000BFD8] -> 0x0193
mem[X,0x8000BFDA] -> 0x0000
[1147] [M]: 0x8000BFD8 (0x00000193) addi gp, zero, 0
x3 <- 0x00000000


mem[X,0x8000BFDC] -> 0x006F
mem[X,0x8000BFDE] -> 0x00C0
[1148] [M]: 0x8000BFDC (0x00C0006F) jal zero, 12


mem[X,0x8000BFE8] -> 0x7CE3
mem[X,0x8000BFEA] -> 0xFEB5
[1149] [M]: 0x8000BFE8 (0xFEB57CE3) bgeu a0, a1, 8184


mem[X,0x8000BFEC] -> 0x8193
mem[X,0x8000BFEE] -> 0x0021
[1150] [M]: 0x8000BFEC (0x00218193) addi gp, gp, 2
x3 <- 0x00000002


mem[X,0x8000BFF0] -> 0x006F
mem[X,0x8000BFF2] -> 0x00C0
[1151] [M]: 0x8000BFF0 (0x00C0006F) jal zero, 12


mem[X,0x8000BFFC] -> 0x2823
mem[X,0x8000BFFE] -> 0x1831
[1152] [M]: 0x8000BFFC (0x18312823) sw gp, 400(sp)
mem[0x8004B2F4] <- 0x00000002


mem[X,0x8000C000] -> 0x0513
mem[X,0x8000C002] -> 0x0030
[1153] [M]: 0x8000C000 (0x00300513) addi a0, zero, 3
x10 <- 0x00000003


mem[X,0x8000C004] -> 0x55B7
mem[X,0x8000C006] -> 0x5555
[1154] [M]: 0x8000C004 (0x555555B7) lui a1, 349525
x11 <- 0x55555000


mem[X,0x8000C008] -> 0x8593
mem[X,0x8000C00A] -> 0x5565
[1155] [M]: 0x8000C008 (0x55658593) addi a1, a1, 1366
x11 <- 0x55555556


mem[X,0x8000C00C] -> 0x0193
mem[X,0x8000C00E] -> 0x0000
[1156] [M]: 0x8000C00C (0x00000193) addi gp, zero, 0
x3 <- 0x00000000


mem[X,0x8000C010] -> 0x006F
mem[X,0x8000C012] -> 0x0100
[1157] [M]: 0x8000C010 (0x0100006F) jal zero, 16


mem[X,0x8000C020] -> 0x7AE3
mem[X,0x8000C022] -> 0xFEB5
[1158] [M]: 0x8000C020 (0xFEB57AE3) bgeu a0, a1, 8180


mem[X,0x8000C024] -> 0x8193
mem[X,0x8000C026] -> 0x0021
[1159] [M]: 0x8000C024 (0x00218193) addi gp, gp, 2
x3 <- 0x00000002


mem[X,0x8000C028] -> 0x006F
mem[X,0x8000C02A] -> 0x00C0
[1160] [M]: 0x8000C028 (0x00C0006F) jal zero, 12


mem[X,0x8000C034] -> 0x2A23
mem[X,0x8000C036] -> 0x1831
[1161] [M]: 0x8000C034 (0x18312A23) sw gp, 404(sp)
mem[0x8004B2F8] <- 0x00000002


mem[X,0x8000C038] -> 0x0513
mem[X,0x8000C03A] -> 0x0030
[1162] [M]: 0x8000C038 (0x00300513) addi a0, zero, 3
x10 <- 0x00000003


mem[X,0x8000C03C] -> 0xB5B7
mem[X,0x8000C03E] -> 0xAAAA
[1163] [M]: 0x8000C03C (0xAAAAB5B7) lui a1, 699051
x11 <- 0xAAAAB000


mem[X,0x8000C040] -> 0x8593
mem[X,0x8000C042] -> 0xAAB5
[1164] [M]: 0x8000C040 (0xAAB58593) addi a1, a1, 2731
x11 <- 0xAAAAAAAB


mem[X,0x8000C044] -> 0x0193
mem[X,0x8000C046] -> 0x0000
[1165] [M]: 0x8000C044 (0x00000193) addi gp, zero, 0
x3 <- 0x00000000


mem[X,0x8000C048] -> 0x006F
mem[X,0x8000C04A] -> 0x00C0
[1166] [M]: 0x8000C048 (0x00C0006F) jal zero, 12


mem[X,0x8000C054] -> 0x7663
mem[X,0x8000C056] -> 0x00B5
[1167] [M]: 0x8000C054 (0x00B57663) bgeu a0, a1, 12


mem[X,0x8000C058] -> 0x8193
mem[X,0x8000C05A] -> 0x0021
[1168] [M]: 0x8000C058 (0x00218193) addi gp, gp, 2
x3 <- 0x00000002


mem[X,0x8000C05C] -> 0x006F
mem[X,0x8000C05E] -> 0x00C0
[1169] [M]: 0x8000C05C (0x00C0006F) jal zero, 12


mem[X,0x8000C068] -> 0x2C23
mem[X,0x8000C06A] -> 0x1831
[1170] [M]: 0x8000C068 (0x18312C23) sw gp, 408(sp)
mem[0x8004B2FC] <- 0x00000002


mem[X,0x8000C06C] -> 0x0513
mem[X,0x8000C06E] -> 0x0030
[1171] [M]: 0x8000C06C (0x00300513) addi a0, zero, 3
x10 <- 0x00000003


mem[X,0x8000C070] -> 0x0593
mem[X,0x8000C072] -> 0x0060
[1172] [M]: 0x8000C070 (0x00600593) addi a1, zero, 6
x11 <- 0x00000006


mem[X,0x8000C074] -> 0x0193
mem[X,0x8000C076] -> 0x0000
[1173] [M]: 0x8000C074 (0x00000193) addi gp, zero, 0
x3 <- 0x00000000


mem[X,0x8000C078] -> 0x006F
mem[X,0x8000C07A] -> 0x0050
[1174] [M]: 0x8000C078 (0x0050006F) jal zero, 2052


mem[X,0x8000C87C] -> 0x70E3
mem[X,0x8000C87E] -> 0x80B5
[1175] [M]: 0x8000C87C (0x80B570E3) bgeu a0, a1, 6144


mem[X,0x8000C880] -> 0x8193
mem[X,0x8000C882] -> 0x0021
[1176] [M]: 0x8000C880 (0x00218193) addi gp, gp, 2
x3 <- 0x00000002


mem[X,0x8000C884] -> 0x006F
mem[X,0x8000C886] -> 0x00C0
[1177] [M]: 0x8000C884 (0x00C0006F) jal zero, 12


mem[X,0x8000C890] -> 0x2E23
mem[X,0x8000C892] -> 0x1831
[1178] [M]: 0x8000C890 (0x18312E23) sw gp, 412(sp)
mem[0x8004B300] <- 0x00000002


mem[X,0x8000C894] -> 0x0513
mem[X,0x8000C896] -> 0x0030
[1179] [M]: 0x8000C894 (0x00300513) addi a0, zero, 3
x10 <- 0x00000003


mem[X,0x8000C898] -> 0x35B7
mem[X,0x8000C89A] -> 0x3333
[1180] [M]: 0x8000C898 (0x333335B7) lui a1, 209715
x11 <- 0x33333000


mem[X,0x8000C89C] -> 0x8593
mem[X,0x8000C89E] -> 0x3345
[1181] [M]: 0x8000C89C (0x33458593) addi a1, a1, 820
x11 <- 0x33333334


mem[X,0x8000C8A0] -> 0x0193
mem[X,0x8000C8A2] -> 0x0000
[1182] [M]: 0x8000C8A0 (0x00000193) addi gp, zero, 0
x3 <- 0x00000000


mem[X,0x8000C8A4] -> 0x006F
mem[X,0x8000C8A6] -> 0x0180
[1183] [M]: 0x8000C8A4 (0x0180006F) jal zero, 24


mem[X,0x8000C8BC] -> 0x76E3
mem[X,0x8000C8BE] -> 0xFEB5
[1184] [M]: 0x8000C8BC (0xFEB576E3) bgeu a0, a1, 8172


mem[X,0x8000C8C0] -> 0x8193
mem[X,0x8000C8C2] -> 0x0021
[1185] [M]: 0x8000C8C0 (0x00218193) addi gp, gp, 2
x3 <- 0x00000002


mem[X,0x8000C8C4] -> 0x006F
mem[X,0x8000C8C6] -> 0x00C0
[1186] [M]: 0x8000C8C4 (0x00C0006F) jal zero, 12


mem[X,0x8000C8D0] -> 0x2023
mem[X,0x8000C8D2] -> 0x1A31
[1187] [M]: 0x8000C8D0 (0x1A312023) sw gp, 416(sp)
mem[0x8004B304] <- 0x00000002


mem[X,0x8000C8D4] -> 0x0513
mem[X,0x8000C8D6] -> 0x0030
[1188] [M]: 0x8000C8D4 (0x00300513) addi a0, zero, 3
x10 <- 0x00000003


mem[X,0x8000C8D8] -> 0x65B7
mem[X,0x8000C8DA] -> 0x6666
[1189] [M]: 0x8000C8D8 (0x666665B7) lui a1, 419430
x11 <- 0x66666000


mem[X,0x8000C8DC] -> 0x8593
mem[X,0x8000C8DE] -> 0x6675
[1190] [M]: 0x8000C8DC (0x66758593) addi a1, a1, 1639
x11 <- 0x66666667


mem[X,0x8000C8E0] -> 0x0193
mem[X,0x8000C8E2] -> 0x0000
[1191] [M]: 0x8000C8E0 (0x00000193) addi gp, zero, 0
x3 <- 0x00000000


mem[X,0x8000C8E4] -> 0x006F
mem[X,0x8000C8E6] -> 0x00C0
[1192] [M]: 0x8000C8E4 (0x00C0006F) jal zero, 12


mem[X,0x8000C8F0] -> 0x7063
mem[X,0x8000C8F2] -> 0x04B5
[1193] [M]: 0x8000C8F0 (0x04B57063) bgeu a0, a1, 64


mem[X,0x8000C8F4] -> 0x8193
mem[X,0x8000C8F6] -> 0x0021
[1194] [M]: 0x8000C8F4 (0x00218193) addi gp, gp, 2
x3 <- 0x00000002


mem[X,0x8000C8F8] -> 0x006F
mem[X,0x8000C8FA] -> 0x0400
[1195] [M]: 0x8000C8F8 (0x0400006F) jal zero, 64


mem[X,0x8000C938] -> 0x2223
mem[X,0x8000C93A] -> 0x1A31
[1196] [M]: 0x8000C938 (0x1A312223) sw gp, 420(sp)
mem[0x8004B308] <- 0x00000002


mem[X,0x8000C93C] -> 0x0513
mem[X,0x8000C93E] -> 0x0030
[1197] [M]: 0x8000C93C (0x00300513) addi a0, zero, 3
x10 <- 0x00000003


mem[X,0x8000C940] -> 0xB5B7
mem[X,0x8000C942] -> 0x0000
[1198] [M]: 0x8000C940 (0x0000B5B7) lui a1, 11
x11 <- 0x0000B000


mem[X,0x8000C944] -> 0x8593
mem[X,0x8000C946] -> 0x5055
[1199] [M]: 0x8000C944 (0x50558593) addi a1, a1, 1285
x11 <- 0x0000B505


clint::tick mtime <- 0x000000000000000C
 clint timer pending at mtime 0x000000000000000C
htif::tick 0x0000000000000000
mem[X,0x8000C948] -> 0x0193
mem[X,0x8000C94A] -> 0x0000
[1200] [M]: 0x8000C948 (0x00000193) addi gp, zero, 0
x3 <- 0x00000000


mem[X,0x8000C94C] -> 0x006F
mem[X,0x8000C94E] -> 0x00C0
[1201] [M]: 0x8000C94C (0x00C0006F) jal zero, 12


mem[X,0x8000C958] -> 0x7063
mem[X,0x8000C95A] -> 0x40B5
[1202] [M]: 0x8000C958 (0x40B57063) bgeu a0, a1, 1024


mem[X,0x8000C95C] -> 0x8193
mem[X,0x8000C95E] -> 0x0021
[1203] [M]: 0x8000C95C (0x00218193) addi gp, gp, 2
x3 <- 0x00000002


mem[X,0x8000C960] -> 0x006F
mem[X,0x8000C962] -> 0x4000
[1204] [M]: 0x8000C960 (0x4000006F) jal zero, 1024


mem[X,0x8000CD60] -> 0x2423
mem[X,0x8000CD62] -> 0x1A31
[1205] [M]: 0x8000CD60 (0x1A312423) sw gp, 424(sp)
mem[0x8004B30C] <- 0x00000002


mem[X,0x8000CD64] -> 0x0513
mem[X,0x8000CD66] -> 0x0030
[1206] [M]: 0x8000CD64 (0x00300513) addi a0, zero, 3
x10 <- 0x00000003


mem[X,0x8000CD68] -> 0x0593
mem[X,0x8000CD6A] -> 0x0010
[1207] [M]: 0x8000CD68 (0x00100593) addi a1, zero, 1
x11 <- 0x00000001


mem[X,0x8000CD6C] -> 0x0193
mem[X,0x8000CD6E] -> 0x0000
[1208] [M]: 0x8000CD6C (0x00000193) addi gp, zero, 0
x3 <- 0x00000000


mem[X,0x8000CD70] -> 0x006F
mem[X,0x8000CD72] -> 0x0100
[1209] [M]: 0x8000CD70 (0x0100006F) jal zero, 16


mem[X,0x8000CD80] -> 0x7AE3
mem[X,0x8000CD82] -> 0xFEB5
[1210] [M]: 0x8000CD80 (0xFEB57AE3) bgeu a0, a1, 8180


mem[X,0x8000CD74] -> 0x8193
mem[X,0x8000CD76] -> 0x0011
[1211] [M]: 0x8000CD74 (0x00118193) addi gp, gp, 1
x3 <- 0x00000001


mem[X,0x8000CD78] -> 0x006F
mem[X,0x8000CD7A] -> 0x01C0
[1212] [M]: 0x8000CD78 (0x01C0006F) jal zero, 28


mem[X,0x8000CD94] -> 0x2623
mem[X,0x8000CD96] -> 0x1A31
[1213] [M]: 0x8000CD94 (0x1A312623) sw gp, 428(sp)
mem[0x8004B310] <- 0x00000001


mem[X,0x8000CD98] -> 0x0513
mem[X,0x8000CD9A] -> 0x0030
[1214] [M]: 0x8000CD98 (0x00300513) addi a0, zero, 3
x10 <- 0x00000003


mem[X,0x8000CD9C] -> 0x05B7
mem[X,0x8000CD9E] -> 0x0001
[1215] [M]: 0x8000CD9C (0x000105B7) lui a1, 16
x11 <- 0x00010000


mem[X,0x8000CDA0] -> 0x0193
mem[X,0x8000CDA2] -> 0x0000
[1216] [M]: 0x8000CDA0 (0x00000193) addi gp, zero, 0
x3 <- 0x00000000


mem[X,0x8000CDA4] -> 0x006F
mem[X,0x8000CDA6] -> 0x0140
[1217] [M]: 0x8000CDA4 (0x0140006F) jal zero, 20


mem[X,0x8000CDB8] -> 0x78E3
mem[X,0x8000CDBA] -> 0xFEB5
[1218] [M]: 0x8000CDB8 (0xFEB578E3) bgeu a0, a1, 8176


mem[X,0x8000CDBC] -> 0x8193
mem[X,0x8000CDBE] -> 0x0021
[1219] [M]: 0x8000CDBC (0x00218193) addi gp, gp, 2
x3 <- 0x00000002


mem[X,0x8000CDC0] -> 0x006F
mem[X,0x8000CDC2] -> 0x00C0
[1220] [M]: 0x8000CDC0 (0x00C0006F) jal zero, 12


mem[X,0x8000CDCC] -> 0x2823
mem[X,0x8000CDCE] -> 0x1A31
[1221] [M]: 0x8000CDCC (0x1A312823) sw gp, 432(sp)
mem[0x8004B314] <- 0x00000002


mem[X,0x8000CDD0] -> 0x5537
mem[X,0x8000CDD2] -> 0x5555
[1222] [M]: 0x8000CDD0 (0x55555537) lui a0, 349525
x10 <- 0x55555000


mem[X,0x8000CDD4] -> 0x0513
mem[X,0x8000CDD6] -> 0x5555
[1223] [M]: 0x8000CDD4 (0x55550513) addi a0, a0, 1365
x10 <- 0x55555555


mem[X,0x8000CDD8] -> 0x0593
mem[X,0x8000CDDA] -> 0x0030
[1224] [M]: 0x8000CDD8 (0x00300593) addi a1, zero, 3
x11 <- 0x00000003


mem[X,0x8000CDDC] -> 0x0193
mem[X,0x8000CDDE] -> 0x0000
[1225] [M]: 0x8000CDDC (0x00000193) addi gp, zero, 0
x3 <- 0x00000000


mem[X,0x8000CDE0] -> 0x006F
mem[X,0x8000CDE2] -> 0x00C0
[1226] [M]: 0x8000CDE0 (0x00C0006F) jal zero, 12


mem[X,0x8000CDEC] -> 0x7863
mem[X,0x8000CDEE] -> 0x00B5
[1227] [M]: 0x8000CDEC (0x00B57863) bgeu a0, a1, 16


mem[X,0x8000CDFC] -> 0x8193
mem[X,0x8000CDFE] -> 0x0031
[1228] [M]: 0x8000CDFC (0x00318193) addi gp, gp, 3
x3 <- 0x00000003


mem[X,0x8000CE00] -> 0x006F
mem[X,0x8000CE02] -> 0x0040
[1229] [M]: 0x8000CE00 (0x0040006F) jal zero, 4


mem[X,0x8000CE04] -> 0x2A23
mem[X,0x8000CE06] -> 0x1A31
[1230] [M]: 0x8000CE04 (0x1A312A23) sw gp, 436(sp)
mem[0x8004B318] <- 0x00000003


mem[X,0x8000CE08] -> 0x5537
mem[X,0x8000CE0A] -> 0x5555
[1231] [M]: 0x8000CE08 (0x55555537) lui a0, 349525
x10 <- 0x55555000


mem[X,0x8000CE0C] -> 0x0513
mem[X,0x8000CE0E] -> 0x5555
[1232] [M]: 0x8000CE0C (0x55550513) addi a0, a0, 1365
x10 <- 0x55555555


mem[X,0x8000CE10] -> 0x55B7
mem[X,0x8000CE12] -> 0x5555
[1233] [M]: 0x8000CE10 (0x555555B7) lui a1, 349525
x11 <- 0x55555000


mem[X,0x8000CE14] -> 0x8593
mem[X,0x8000CE16] -> 0x5555
[1234] [M]: 0x8000CE14 (0x55558593) addi a1, a1, 1365
x11 <- 0x55555555


mem[X,0x8000CE18] -> 0x0193
mem[X,0x8000CE1A] -> 0x0000
[1235] [M]: 0x8000CE18 (0x00000193) addi gp, zero, 0
x3 <- 0x00000000


mem[X,0x8000CE1C] -> 0x006F
mem[X,0x8000CE1E] -> 0x00C0
[1236] [M]: 0x8000CE1C (0x00C0006F) jal zero, 12


mem[X,0x8000CE28] -> 0x7663
mem[X,0x8000CE2A] -> 0x00B5
[1237] [M]: 0x8000CE28 (0x00B57663) bgeu a0, a1, 12


mem[X,0x8000CE34] -> 0x8193
mem[X,0x8000CE36] -> 0x0031
[1238] [M]: 0x8000CE34 (0x00318193) addi gp, gp, 3
x3 <- 0x00000003


mem[X,0x8000CE38] -> 0x006F
mem[X,0x8000CE3A] -> 0x0040
[1239] [M]: 0x8000CE38 (0x0040006F) jal zero, 4


mem[X,0x8000CE3C] -> 0x2C23
mem[X,0x8000CE3E] -> 0x1A31
[1240] [M]: 0x8000CE3C (0x1A312C23) sw gp, 440(sp)
mem[0x8004B31C] <- 0x00000003


mem[X,0x8000CE40] -> 0x5537
mem[X,0x8000CE42] -> 0x5555
[1241] [M]: 0x8000CE40 (0x55555537) lui a0, 349525
x10 <- 0x55555000


mem[X,0x8000CE44] -> 0x0513
mem[X,0x8000CE46] -> 0x5555
[1242] [M]: 0x8000CE44 (0x55550513) addi a0, a0, 1365
x10 <- 0x55555555


mem[X,0x8000CE48] -> 0xB5B7
mem[X,0x8000CE4A] -> 0xAAAA
[1243] [M]: 0x8000CE48 (0xAAAAB5B7) lui a1, 699051
x11 <- 0xAAAAB000


mem[X,0x8000CE4C] -> 0x8593
mem[X,0x8000CE4E] -> 0xAAA5
[1244] [M]: 0x8000CE4C (0xAAA58593) addi a1, a1, 2730
x11 <- 0xAAAAAAAA


mem[X,0x8000CE50] -> 0x0193
mem[X,0x8000CE52] -> 0x0000
[1245] [M]: 0x8000CE50 (0x00000193) addi gp, zero, 0
x3 <- 0x00000000


mem[X,0x8000CE54] -> 0x006F
mem[X,0x8000CE56] -> 0x0050
[1246] [M]: 0x8000CE54 (0x0050006F) jal zero, 2052


mem[X,0x8000D658] -> 0x70E3
mem[X,0x8000D65A] -> 0x80B5
[1247] [M]: 0x8000D658 (0x80B570E3) bgeu a0, a1, 6144


mem[X,0x8000D65C] -> 0x8193
mem[X,0x8000D65E] -> 0x0021
[1248] [M]: 0x8000D65C (0x00218193) addi gp, gp, 2
x3 <- 0x00000002


mem[X,0x8000D660] -> 0x006F
mem[X,0x8000D662] -> 0x00C0
[1249] [M]: 0x8000D660 (0x00C0006F) jal zero, 12


mem[X,0x8000D66C] -> 0x2E23
mem[X,0x8000D66E] -> 0x1A31
[1250] [M]: 0x8000D66C (0x1A312E23) sw gp, 444(sp)
mem[0x8004B320] <- 0x00000002


mem[X,0x8000D670] -> 0x5537
mem[X,0x8000D672] -> 0x5555
[1251] [M]: 0x8000D670 (0x55555537) lui a0, 349525
x10 <- 0x55555000


mem[X,0x8000D674] -> 0x0513
mem[X,0x8000D676] -> 0x5555
[1252] [M]: 0x8000D674 (0x55550513) addi a0, a0, 1365
x10 <- 0x55555555


mem[X,0x8000D678] -> 0x0593
mem[X,0x8000D67A] -> 0x0050
[1253] [M]: 0x8000D678 (0x00500593) addi a1, zero, 5
x11 <- 0x00000005


mem[X,0x8000D67C] -> 0x0193
mem[X,0x8000D67E] -> 0x0000
[1254] [M]: 0x8000D67C (0x00000193) addi gp, zero, 0
x3 <- 0x00000000


mem[X,0x8000D680] -> 0x006F
mem[X,0x8000D682] -> 0x0140
[1255] [M]: 0x8000D680 (0x0140006F) jal zero, 20


mem[X,0x8000D694] -> 0x78E3
mem[X,0x8000D696] -> 0xFEB5
[1256] [M]: 0x8000D694 (0xFEB578E3) bgeu a0, a1, 8176


mem[X,0x8000D684] -> 0x8193
mem[X,0x8000D686] -> 0x0011
[1257] [M]: 0x8000D684 (0x00118193) addi gp, gp, 1
x3 <- 0x00000001


mem[X,0x8000D688] -> 0x006F
mem[X,0x8000D68A] -> 0x0200
[1258] [M]: 0x8000D688 (0x0200006F) jal zero, 32


mem[X,0x8000D6A8] -> 0x2023
mem[X,0x8000D6AA] -> 0x1C31
[1259] [M]: 0x8000D6A8 (0x1C312023) sw gp, 448(sp)
mem[0x8004B324] <- 0x00000001


mem[X,0x8000D6AC] -> 0x5537
mem[X,0x8000D6AE] -> 0x5555
[1260] [M]: 0x8000D6AC (0x55555537) lui a0, 349525
x10 <- 0x55555000


mem[X,0x8000D6B0] -> 0x0513
mem[X,0x8000D6B2] -> 0x5555
[1261] [M]: 0x8000D6B0 (0x55550513) addi a0, a0, 1365
x10 <- 0x55555555


mem[X,0x8000D6B4] -> 0x35B7
mem[X,0x8000D6B6] -> 0x3333
[1262] [M]: 0x8000D6B4 (0x333335B7) lui a1, 209715
x11 <- 0x33333000


mem[X,0x8000D6B8] -> 0x8593
mem[X,0x8000D6BA] -> 0x3335
[1263] [M]: 0x8000D6B8 (0x33358593) addi a1, a1, 819
x11 <- 0x33333333


mem[X,0x8000D6BC] -> 0x0193
mem[X,0x8000D6BE] -> 0x0000
[1264] [M]: 0x8000D6BC (0x00000193) addi gp, zero, 0
x3 <- 0x00000000


mem[X,0x8000D6C0] -> 0x006F
mem[X,0x8000D6C2] -> 0x00C0
[1265] [M]: 0x8000D6C0 (0x00C0006F) jal zero, 12


mem[X,0x8000D6CC] -> 0x7CE3
mem[X,0x8000D6CE] -> 0xFEB5
[1266] [M]: 0x8000D6CC (0xFEB57CE3) bgeu a0, a1, 8184


mem[X,0x8000D6C4] -> 0x8193
mem[X,0x8000D6C6] -> 0x0011
[1267] [M]: 0x8000D6C4 (0x00118193) addi gp, gp, 1
x3 <- 0x00000001


mem[X,0x8000D6C8] -> 0x006F
mem[X,0x8000D6CA] -> 0x0180
[1268] [M]: 0x8000D6C8 (0x0180006F) jal zero, 24


mem[X,0x8000D6E0] -> 0x2223
mem[X,0x8000D6E2] -> 0x1C31
[1269] [M]: 0x8000D6E0 (0x1C312223) sw gp, 452(sp)
mem[0x8004B328] <- 0x00000001


mem[X,0x8000D6E4] -> 0x5537
mem[X,0x8000D6E6] -> 0x5555
[1270] [M]: 0x8000D6E4 (0x55555537) lui a0, 349525
x10 <- 0x55555000


mem[X,0x8000D6E8] -> 0x0513
mem[X,0x8000D6EA] -> 0x5555
[1271] [M]: 0x8000D6E8 (0x55550513) addi a0, a0, 1365
x10 <- 0x55555555


mem[X,0x8000D6EC] -> 0x65B7
mem[X,0x8000D6EE] -> 0x6666
[1272] [M]: 0x8000D6EC (0x666665B7) lui a1, 419430
x11 <- 0x66666000


mem[X,0x8000D6F0] -> 0x8593
mem[X,0x8000D6F2] -> 0x6665
[1273] [M]: 0x8000D6F0 (0x66658593) addi a1, a1, 1638
x11 <- 0x66666666


mem[X,0x8000D6F4] -> 0x0193
mem[X,0x8000D6F6] -> 0x0000
[1274] [M]: 0x8000D6F4 (0x00000193) addi gp, zero, 0
x3 <- 0x00000000


mem[X,0x8000D6F8] -> 0x006F
mem[X,0x8000D6FA] -> 0x00C0
[1275] [M]: 0x8000D6F8 (0x00C0006F) jal zero, 12


mem[X,0x8000D704] -> 0x7063
mem[X,0x8000D706] -> 0x02B5
[1276] [M]: 0x8000D704 (0x02B57063) bgeu a0, a1, 32


mem[X,0x8000D708] -> 0x8193
mem[X,0x8000D70A] -> 0x0021
[1277] [M]: 0x8000D708 (0x00218193) addi gp, gp, 2
x3 <- 0x00000002


mem[X,0x8000D70C] -> 0x006F
mem[X,0x8000D70E] -> 0x0200
[1278] [M]: 0x8000D70C (0x0200006F) jal zero, 32


mem[X,0x8000D72C] -> 0x2423
mem[X,0x8000D72E] -> 0x1C31
[1279] [M]: 0x8000D72C (0x1C312423) sw gp, 456(sp)
mem[0x8004B32C] <- 0x00000002


mem[X,0x8000D730] -> 0x5537
mem[X,0x8000D732] -> 0x5555
[1280] [M]: 0x8000D730 (0x55555537) lui a0, 349525
x10 <- 0x55555000


mem[X,0x8000D734] -> 0x0513
mem[X,0x8000D736] -> 0x5555
[1281] [M]: 0x8000D734 (0x55550513) addi a0, a0, 1365
x10 <- 0x55555555


mem[X,0x8000D738] -> 0xB5B7
mem[X,0x8000D73A] -> 0x0000
[1282] [M]: 0x8000D738 (0x0000B5B7) lui a1, 11
x11 <- 0x0000B000


mem[X,0x8000D73C] -> 0x8593
mem[X,0x8000D73E] -> 0x5045
[1283] [M]: 0x8000D73C (0x50458593) addi a1, a1, 1284
x11 <- 0x0000B504


mem[X,0x8000D740] -> 0x0193
mem[X,0x8000D742] -> 0x0000
[1284] [M]: 0x8000D740 (0x00000193) addi gp, zero, 0
x3 <- 0x00000000


mem[X,0x8000D744] -> 0x006F
mem[X,0x8000D746] -> 0x00C0
[1285] [M]: 0x8000D744 (0x00C0006F) jal zero, 12


mem[X,0x8000D750] -> 0x7CE3
mem[X,0x8000D752] -> 0xFEB5
[1286] [M]: 0x8000D750 (0xFEB57CE3) bgeu a0, a1, 8184


mem[X,0x8000D748] -> 0x8193
mem[X,0x8000D74A] -> 0x0011
[1287] [M]: 0x8000D748 (0x00118193) addi gp, gp, 1
x3 <- 0x00000001


mem[X,0x8000D74C] -> 0x006F
mem[X,0x8000D74E] -> 0x0180
[1288] [M]: 0x8000D74C (0x0180006F) jal zero, 24


mem[X,0x8000D764] -> 0x2623
mem[X,0x8000D766] -> 0x1C31
[1289] [M]: 0x8000D764 (0x1C312623) sw gp, 460(sp)
mem[0x8004B330] <- 0x00000001


mem[X,0x8000D768] -> 0x5537
mem[X,0x8000D76A] -> 0x5555
[1290] [M]: 0x8000D768 (0x55555537) lui a0, 349525
x10 <- 0x55555000


mem[X,0x8000D76C] -> 0x0513
mem[X,0x8000D76E] -> 0x5555
[1291] [M]: 0x8000D76C (0x55550513) addi a0, a0, 1365
x10 <- 0x55555555


mem[X,0x8000D770] -> 0x0593
mem[X,0x8000D772] -> 0x0000
[1292] [M]: 0x8000D770 (0x00000593) addi a1, zero, 0
x11 <- 0x00000000


mem[X,0x8000D774] -> 0x0193
mem[X,0x8000D776] -> 0x0000
[1293] [M]: 0x8000D774 (0x00000193) addi gp, zero, 0
x3 <- 0x00000000


mem[X,0x8000D778] -> 0x006F
mem[X,0x8000D77A] -> 0x00C0
[1294] [M]: 0x8000D778 (0x00C0006F) jal zero, 12


mem[X,0x8000D784] -> 0x7CE3
mem[X,0x8000D786] -> 0xFEB5
[1295] [M]: 0x8000D784 (0xFEB57CE3) bgeu a0, a1, 8184


mem[X,0x8000D77C] -> 0x8193
mem[X,0x8000D77E] -> 0x0011
[1296] [M]: 0x8000D77C (0x00118193) addi gp, gp, 1
x3 <- 0x00000001


mem[X,0x8000D780] -> 0x006F
mem[X,0x8000D782] -> 0x0180
[1297] [M]: 0x8000D780 (0x0180006F) jal zero, 24


mem[X,0x8000D798] -> 0x2823
mem[X,0x8000D79A] -> 0x1C31
[1298] [M]: 0x8000D798 (0x1C312823) sw gp, 464(sp)
mem[0x8004B334] <- 0x00000001


mem[X,0x8000D79C] -> 0x5537
mem[X,0x8000D79E] -> 0x5555
[1299] [M]: 0x8000D79C (0x55555537) lui a0, 349525
x10 <- 0x55555000


clint::tick mtime <- 0x000000000000000D
 clint timer pending at mtime 0x000000000000000D
htif::tick 0x0000000000000000
mem[X,0x8000D7A0] -> 0x0513
mem[X,0x8000D7A2] -> 0x5555
[1300] [M]: 0x8000D7A0 (0x55550513) addi a0, a0, 1365
x10 <- 0x55555555


mem[X,0x8000D7A4] -> 0x05B7
mem[X,0x8000D7A6] -> 0x0001
[1301] [M]: 0x8000D7A4 (0x000105B7) lui a1, 16
x11 <- 0x00010000


mem[X,0x8000D7A8] -> 0x8593
mem[X,0x8000D7AA] -> 0xFFF5
[1302] [M]: 0x8000D7A8 (0xFFF58593) addi a1, a1, 4095
x11 <- 0x0000FFFF


mem[X,0x8000D7AC] -> 0x0193
mem[X,0x8000D7AE] -> 0x0000
[1303] [M]: 0x8000D7AC (0x00000193) addi gp, zero, 0
x3 <- 0x00000000


mem[X,0x8000D7B0] -> 0x006F
mem[X,0x8000D7B2] -> 0x00C0
[1304] [M]: 0x8000D7B0 (0x00C0006F) jal zero, 12


mem[X,0x8000D7BC] -> 0x7063
mem[X,0x8000D7BE] -> 0x04B5
[1305] [M]: 0x8000D7BC (0x04B57063) bgeu a0, a1, 64


mem[X,0x8000D7FC] -> 0x8193
mem[X,0x8000D7FE] -> 0x0031
[1306] [M]: 0x8000D7FC (0x00318193) addi gp, gp, 3
x3 <- 0x00000003


mem[X,0x8000D800] -> 0x006F
mem[X,0x8000D802] -> 0x0040
[1307] [M]: 0x8000D800 (0x0040006F) jal zero, 4


mem[X,0x8000D804] -> 0x2A23
mem[X,0x8000D806] -> 0x1C31
[1308] [M]: 0x8000D804 (0x1C312A23) sw gp, 468(sp)
mem[0x8004B338] <- 0x00000003


mem[X,0x8000D808] -> 0x5537
mem[X,0x8000D80A] -> 0x5555
[1309] [M]: 0x8000D808 (0x55555537) lui a0, 349525
x10 <- 0x55555000


mem[X,0x8000D80C] -> 0x0513
mem[X,0x8000D80E] -> 0x5555
[1310] [M]: 0x8000D80C (0x55550513) addi a0, a0, 1365
x10 <- 0x55555555


mem[X,0x8000D810] -> 0x0593
mem[X,0x8000D812] -> 0x0020
[1311] [M]: 0x8000D810 (0x00200593) addi a1, zero, 2
x11 <- 0x00000002


mem[X,0x8000D814] -> 0x0193
mem[X,0x8000D816] -> 0x0000
[1312] [M]: 0x8000D814 (0x00000193) addi gp, zero, 0
x3 <- 0x00000000


mem[X,0x8000D818] -> 0x006F
mem[X,0x8000D81A] -> 0x00C0
[1313] [M]: 0x8000D818 (0x00C0006F) jal zero, 12


mem[X,0x8000D824] -> 0x7663
mem[X,0x8000D826] -> 0x00B5
[1314] [M]: 0x8000D824 (0x00B57663) bgeu a0, a1, 12


mem[X,0x8000D830] -> 0x8193
mem[X,0x8000D832] -> 0x0031
[1315] [M]: 0x8000D830 (0x00318193) addi gp, gp, 3
x3 <- 0x00000003


mem[X,0x8000D834] -> 0x006F
mem[X,0x8000D836] -> 0x0040
[1316] [M]: 0x8000D834 (0x0040006F) jal zero, 4


mem[X,0x8000D838] -> 0x2C23
mem[X,0x8000D83A] -> 0x1C31
[1317] [M]: 0x8000D838 (0x1C312C23) sw gp, 472(sp)
mem[0x8004B33C] <- 0x00000003


mem[X,0x8000D83C] -> 0x5537
mem[X,0x8000D83E] -> 0x5555
[1318] [M]: 0x8000D83C (0x55555537) lui a0, 349525
x10 <- 0x55555000


mem[X,0x8000D840] -> 0x0513
mem[X,0x8000D842] -> 0x5555
[1319] [M]: 0x8000D840 (0x55550513) addi a0, a0, 1365
x10 <- 0x55555555


mem[X,0x8000D844] -> 0x55B7
mem[X,0x8000D846] -> 0x5555
[1320] [M]: 0x8000D844 (0x555555B7) lui a1, 349525
x11 <- 0x55555000


mem[X,0x8000D848] -> 0x8593
mem[X,0x8000D84A] -> 0x5545
[1321] [M]: 0x8000D848 (0x55458593) addi a1, a1, 1364
x11 <- 0x55555554


mem[X,0x8000D84C] -> 0x0193
mem[X,0x8000D84E] -> 0x0000
[1322] [M]: 0x8000D84C (0x00000193) addi gp, zero, 0
x3 <- 0x00000000


mem[X,0x8000D850] -> 0x006F
mem[X,0x8000D852] -> 0x00C0
[1323] [M]: 0x8000D850 (0x00C0006F) jal zero, 12


mem[X,0x8000D85C] -> 0x7CE3
mem[X,0x8000D85E] -> 0xFEB5
[1324] [M]: 0x8000D85C (0xFEB57CE3) bgeu a0, a1, 8184


mem[X,0x8000D854] -> 0x8193
mem[X,0x8000D856] -> 0x0011
[1325] [M]: 0x8000D854 (0x00118193) addi gp, gp, 1
x3 <- 0x00000001


mem[X,0x8000D858] -> 0x006F
mem[X,0x8000D85A] -> 0x0180
[1326] [M]: 0x8000D858 (0x0180006F) jal zero, 24


mem[X,0x8000D870] -> 0x2E23
mem[X,0x8000D872] -> 0x1C31
[1327] [M]: 0x8000D870 (0x1C312E23) sw gp, 476(sp)
mem[0x8004B340] <- 0x00000001


mem[X,0x8000D874] -> 0x5537
mem[X,0x8000D876] -> 0x5555
[1328] [M]: 0x8000D874 (0x55555537) lui a0, 349525
x10 <- 0x55555000


mem[X,0x8000D878] -> 0x0513
mem[X,0x8000D87A] -> 0x5555
[1329] [M]: 0x8000D878 (0x55550513) addi a0, a0, 1365
x10 <- 0x55555555


mem[X,0x8000D87C] -> 0xB5B7
mem[X,0x8000D87E] -> 0xAAAA
[1330] [M]: 0x8000D87C (0xAAAAB5B7) lui a1, 699051
x11 <- 0xAAAAB000


mem[X,0x8000D880] -> 0x8593
mem[X,0x8000D882] -> 0xAA95
[1331] [M]: 0x8000D880 (0xAA958593) addi a1, a1, 2729
x11 <- 0xAAAAAAA9


mem[X,0x8000D884] -> 0x0193
mem[X,0x8000D886] -> 0x0000
[1332] [M]: 0x8000D884 (0x00000193) addi gp, zero, 0
x3 <- 0x00000000


mem[X,0x8000D888] -> 0x006F
mem[X,0x8000D88A] -> 0x00C0
[1333] [M]: 0x8000D888 (0x00C0006F) jal zero, 12


mem[X,0x8000D894] -> 0x7663
mem[X,0x8000D896] -> 0x00B5
[1334] [M]: 0x8000D894 (0x00B57663) bgeu a0, a1, 12


mem[X,0x8000D898] -> 0x8193
mem[X,0x8000D89A] -> 0x0021
[1335] [M]: 0x8000D898 (0x00218193) addi gp, gp, 2
x3 <- 0x00000002


mem[X,0x8000D89C] -> 0x006F
mem[X,0x8000D89E] -> 0x00C0
[1336] [M]: 0x8000D89C (0x00C0006F) jal zero, 12


mem[X,0x8000D8A8] -> 0x2023
mem[X,0x8000D8AA] -> 0x1E31
[1337] [M]: 0x8000D8A8 (0x1E312023) sw gp, 480(sp)
mem[0x8004B344] <- 0x00000002


mem[X,0x8000D8AC] -> 0x5537
mem[X,0x8000D8AE] -> 0x5555
[1338] [M]: 0x8000D8AC (0x55555537) lui a0, 349525
x10 <- 0x55555000


mem[X,0x8000D8B0] -> 0x0513
mem[X,0x8000D8B2] -> 0x5555
[1339] [M]: 0x8000D8B0 (0x55550513) addi a0, a0, 1365
x10 <- 0x55555555


mem[X,0x8000D8B4] -> 0x0593
mem[X,0x8000D8B6] -> 0x0040
[1340] [M]: 0x8000D8B4 (0x00400593) addi a1, zero, 4
x11 <- 0x00000004


mem[X,0x8000D8B8] -> 0x0193
mem[X,0x8000D8BA] -> 0x0000
[1341] [M]: 0x8000D8B8 (0x00000193) addi gp, zero, 0
x3 <- 0x00000000


mem[X,0x8000D8BC] -> 0x006F
mem[X,0x8000D8BE] -> 0x00C0
[1342] [M]: 0x8000D8BC (0x00C0006F) jal zero, 12


mem[X,0x8000D8C8] -> 0x7063
mem[X,0x8000D8CA] -> 0x02B5
[1343] [M]: 0x8000D8C8 (0x02B57063) bgeu a0, a1, 32


mem[X,0x8000D8E8] -> 0x8193
mem[X,0x8000D8EA] -> 0x0031
[1344] [M]: 0x8000D8E8 (0x00318193) addi gp, gp, 3
x3 <- 0x00000003


mem[X,0x8000D8EC] -> 0x006F
mem[X,0x8000D8EE] -> 0x0040
[1345] [M]: 0x8000D8EC (0x0040006F) jal zero, 4


mem[X,0x8000D8F0] -> 0x2223
mem[X,0x8000D8F2] -> 0x1E31
[1346] [M]: 0x8000D8F0 (0x1E312223) sw gp, 484(sp)
mem[0x8004B348] <- 0x00000003


mem[X,0x8000D8F4] -> 0x5537
mem[X,0x8000D8F6] -> 0x5555
[1347] [M]: 0x8000D8F4 (0x55555537) lui a0, 349525
x10 <- 0x55555000


mem[X,0x8000D8F8] -> 0x0513
mem[X,0x8000D8FA] -> 0x5555
[1348] [M]: 0x8000D8F8 (0x55550513) addi a0, a0, 1365
x10 <- 0x55555555


mem[X,0x8000D8FC] -> 0x35B7
mem[X,0x8000D8FE] -> 0x3333
[1349] [M]: 0x8000D8FC (0x333335B7) lui a1, 209715
x11 <- 0x33333000


mem[X,0x8000D900] -> 0x8593
mem[X,0x8000D902] -> 0x3325
[1350] [M]: 0x8000D900 (0x33258593) addi a1, a1, 818
x11 <- 0x33333332


mem[X,0x8000D904] -> 0x0193
mem[X,0x8000D906] -> 0x0000
[1351] [M]: 0x8000D904 (0x00000193) addi gp, zero, 0
x3 <- 0x00000000


mem[X,0x8000D908] -> 0x006F
mem[X,0x8000D90A] -> 0x00C0
[1352] [M]: 0x8000D908 (0x00C0006F) jal zero, 12


mem[X,0x8000D914] -> 0x7863
mem[X,0x8000D916] -> 0x00B5
[1353] [M]: 0x8000D914 (0x00B57863) bgeu a0, a1, 16


mem[X,0x8000D924] -> 0x8193
mem[X,0x8000D926] -> 0x0031
[1354] [M]: 0x8000D924 (0x00318193) addi gp, gp, 3
x3 <- 0x00000003


mem[X,0x8000D928] -> 0x006F
mem[X,0x8000D92A] -> 0x0040
[1355] [M]: 0x8000D928 (0x0040006F) jal zero, 4


mem[X,0x8000D92C] -> 0x2423
mem[X,0x8000D92E] -> 0x1E31
[1356] [M]: 0x8000D92C (0x1E312423) sw gp, 488(sp)
mem[0x8004B34C] <- 0x00000003


mem[X,0x8000D930] -> 0x5537
mem[X,0x8000D932] -> 0x5555
[1357] [M]: 0x8000D930 (0x55555537) lui a0, 349525
x10 <- 0x55555000


mem[X,0x8000D934] -> 0x0513
mem[X,0x8000D936] -> 0x5555
[1358] [M]: 0x8000D934 (0x55550513) addi a0, a0, 1365
x10 <- 0x55555555


mem[X,0x8000D938] -> 0x65B7
mem[X,0x8000D93A] -> 0x6666
[1359] [M]: 0x8000D938 (0x666665B7) lui a1, 419430
x11 <- 0x66666000


mem[X,0x8000D93C] -> 0x8593
mem[X,0x8000D93E] -> 0x6655
[1360] [M]: 0x8000D93C (0x66558593) addi a1, a1, 1637
x11 <- 0x66666665


mem[X,0x8000D940] -> 0x0193
mem[X,0x8000D942] -> 0x0000
[1361] [M]: 0x8000D940 (0x00000193) addi gp, zero, 0
x3 <- 0x00000000


mem[X,0x8000D944] -> 0x006F
mem[X,0x8000D946] -> 0x00C0
[1362] [M]: 0x8000D944 (0x00C0006F) jal zero, 12


mem[X,0x8000D950] -> 0x7863
mem[X,0x8000D952] -> 0x00B5
[1363] [M]: 0x8000D950 (0x00B57863) bgeu a0, a1, 16


mem[X,0x8000D954] -> 0x8193
mem[X,0x8000D956] -> 0x0021
[1364] [M]: 0x8000D954 (0x00218193) addi gp, gp, 2
x3 <- 0x00000002


mem[X,0x8000D958] -> 0x006F
mem[X,0x8000D95A] -> 0x0100
[1365] [M]: 0x8000D958 (0x0100006F) jal zero, 16


mem[X,0x8000D968] -> 0x2623
mem[X,0x8000D96A] -> 0x1E31
[1366] [M]: 0x8000D968 (0x1E312623) sw gp, 492(sp)
mem[0x8004B350] <- 0x00000002


mem[X,0x8000D96C] -> 0x5537
mem[X,0x8000D96E] -> 0x5555
[1367] [M]: 0x8000D96C (0x55555537) lui a0, 349525
x10 <- 0x55555000


mem[X,0x8000D970] -> 0x0513
mem[X,0x8000D972] -> 0x5555
[1368] [M]: 0x8000D970 (0x55550513) addi a0, a0, 1365
x10 <- 0x55555555


mem[X,0x8000D974] -> 0xB5B7
mem[X,0x8000D976] -> 0x0000
[1369] [M]: 0x8000D974 (0x0000B5B7) lui a1, 11
x11 <- 0x0000B000


mem[X,0x8000D978] -> 0x8593
mem[X,0x8000D97A] -> 0x5035
[1370] [M]: 0x8000D978 (0x50358593) addi a1, a1, 1283
x11 <- 0x0000B503


mem[X,0x8000D97C] -> 0x0193
mem[X,0x8000D97E] -> 0x0000
[1371] [M]: 0x8000D97C (0x00000193) addi gp, zero, 0
x3 <- 0x00000000


mem[X,0x8000D980] -> 0x006F
mem[X,0x8000D982] -> 0x00C0
[1372] [M]: 0x8000D980 (0x00C0006F) jal zero, 12


mem[X,0x8000D98C] -> 0x7663
mem[X,0x8000D98E] -> 0x00B5
[1373] [M]: 0x8000D98C (0x00B57663) bgeu a0, a1, 12


mem[X,0x8000D998] -> 0x8193
mem[X,0x8000D99A] -> 0x0031
[1374] [M]: 0x8000D998 (0x00318193) addi gp, gp, 3
x3 <- 0x00000003


mem[X,0x8000D99C] -> 0x006F
mem[X,0x8000D99E] -> 0x0040
[1375] [M]: 0x8000D99C (0x0040006F) jal zero, 4


mem[X,0x8000D9A0] -> 0x2823
mem[X,0x8000D9A2] -> 0x1E31
[1376] [M]: 0x8000D9A0 (0x1E312823) sw gp, 496(sp)
mem[0x8004B354] <- 0x00000003


mem[X,0x8000D9A4] -> 0x5537
mem[X,0x8000D9A6] -> 0x5555
[1377] [M]: 0x8000D9A4 (0x55555537) lui a0, 349525
x10 <- 0x55555000


mem[X,0x8000D9A8] -> 0x0513
mem[X,0x8000D9AA] -> 0x5555
[1378] [M]: 0x8000D9A8 (0x55550513) addi a0, a0, 1365
x10 <- 0x55555555


mem[X,0x8000D9AC] -> 0x05B7
mem[X,0x8000D9AE] -> 0x0001
[1379] [M]: 0x8000D9AC (0x000105B7) lui a1, 16
x11 <- 0x00010000


mem[X,0x8000D9B0] -> 0x8593
mem[X,0x8000D9B2] -> 0xFFE5
[1380] [M]: 0x8000D9B0 (0xFFE58593) addi a1, a1, 4094
x11 <- 0x0000FFFE


mem[X,0x8000D9B4] -> 0x0193
mem[X,0x8000D9B6] -> 0x0000
[1381] [M]: 0x8000D9B4 (0x00000193) addi gp, zero, 0
x3 <- 0x00000000


mem[X,0x8000D9B8] -> 0x006F
mem[X,0x8000D9BA] -> 0x00C0
[1382] [M]: 0x8000D9B8 (0x00C0006F) jal zero, 12


mem[X,0x8000D9C4] -> 0x7663
mem[X,0x8000D9C6] -> 0x00B5
[1383] [M]: 0x8000D9C4 (0x00B57663) bgeu a0, a1, 12


mem[X,0x8000D9D0] -> 0x8193
mem[X,0x8000D9D2] -> 0x0031
[1384] [M]: 0x8000D9D0 (0x00318193) addi gp, gp, 3
x3 <- 0x00000003


mem[X,0x8000D9D4] -> 0x006F
mem[X,0x8000D9D6] -> 0x0040
[1385] [M]: 0x8000D9D4 (0x0040006F) jal zero, 4


mem[X,0x8000D9D8] -> 0x2A23
mem[X,0x8000D9DA] -> 0x1E31
[1386] [M]: 0x8000D9D8 (0x1E312A23) sw gp, 500(sp)
mem[0x8004B358] <- 0x00000003


mem[X,0x8000D9DC] -> 0x5537
mem[X,0x8000D9DE] -> 0x5555
[1387] [M]: 0x8000D9DC (0x55555537) lui a0, 349525
x10 <- 0x55555000


mem[X,0x8000D9E0] -> 0x0513
mem[X,0x8000D9E2] -> 0x5555
[1388] [M]: 0x8000D9E0 (0x55550513) addi a0, a0, 1365
x10 <- 0x55555555


mem[X,0x8000D9E4] -> 0x55B7
mem[X,0x8000D9E6] -> 0x5555
[1389] [M]: 0x8000D9E4 (0x555555B7) lui a1, 349525
x11 <- 0x55555000


mem[X,0x8000D9E8] -> 0x8593
mem[X,0x8000D9EA] -> 0x5565
[1390] [M]: 0x8000D9E8 (0x55658593) addi a1, a1, 1366
x11 <- 0x55555556


mem[X,0x8000D9EC] -> 0x0193
mem[X,0x8000D9EE] -> 0x0000
[1391] [M]: 0x8000D9EC (0x00000193) addi gp, zero, 0
x3 <- 0x00000000


mem[X,0x8000D9F0] -> 0x006F
mem[X,0x8000D9F2] -> 0x00C0
[1392] [M]: 0x8000D9F0 (0x00C0006F) jal zero, 12


mem[X,0x8000D9FC] -> 0x7663
mem[X,0x8000D9FE] -> 0x00B5
[1393] [M]: 0x8000D9FC (0x00B57663) bgeu a0, a1, 12


mem[X,0x8000DA00] -> 0x8193
mem[X,0x8000DA02] -> 0x0021
[1394] [M]: 0x8000DA00 (0x00218193) addi gp, gp, 2
x3 <- 0x00000002


mem[X,0x8000DA04] -> 0x006F
mem[X,0x8000DA06] -> 0x00C0
[1395] [M]: 0x8000DA04 (0x00C0006F) jal zero, 12


mem[X,0x8000DA10] -> 0x2C23
mem[X,0x8000DA12] -> 0x1E31
[1396] [M]: 0x8000DA10 (0x1E312C23) sw gp, 504(sp)
mem[0x8004B35C] <- 0x00000002


mem[X,0x8000DA14] -> 0x5537
mem[X,0x8000DA16] -> 0x5555
[1397] [M]: 0x8000DA14 (0x55555537) lui a0, 349525
x10 <- 0x55555000


mem[X,0x8000DA18] -> 0x0513
mem[X,0x8000DA1A] -> 0x5555
[1398] [M]: 0x8000DA18 (0x55550513) addi a0, a0, 1365
x10 <- 0x55555555


mem[X,0x8000DA1C] -> 0xB5B7
mem[X,0x8000DA1E] -> 0xAAAA
[1399] [M]: 0x8000DA1C (0xAAAAB5B7) lui a1, 699051
x11 <- 0xAAAAB000


clint::tick mtime <- 0x000000000000000E
 clint timer pending at mtime 0x000000000000000E
htif::tick 0x0000000000000000
mem[X,0x8000DA20] -> 0x8593
mem[X,0x8000DA22] -> 0xAAB5
[1400] [M]: 0x8000DA20 (0xAAB58593) addi a1, a1, 2731
x11 <- 0xAAAAAAAB


mem[X,0x8000DA24] -> 0x0193
mem[X,0x8000DA26] -> 0x0000
[1401] [M]: 0x8000DA24 (0x00000193) addi gp, zero, 0
x3 <- 0x00000000


mem[X,0x8000DA28] -> 0x006F
mem[X,0x8000DA2A] -> 0x0050
[1402] [M]: 0x8000DA28 (0x0050006F) jal zero, 2052


mem[X,0x8000E22C] -> 0x70E3
mem[X,0x8000E22E] -> 0x80B5
[1403] [M]: 0x8000E22C (0x80B570E3) bgeu a0, a1, 6144


mem[X,0x8000E230] -> 0x8193
mem[X,0x8000E232] -> 0x0021
[1404] [M]: 0x8000E230 (0x00218193) addi gp, gp, 2
x3 <- 0x00000002


mem[X,0x8000E234] -> 0x006F
mem[X,0x8000E236] -> 0x00C0
[1405] [M]: 0x8000E234 (0x00C0006F) jal zero, 12


mem[X,0x8000E240] -> 0x2E23
mem[X,0x8000E242] -> 0x1E31
[1406] [M]: 0x8000E240 (0x1E312E23) sw gp, 508(sp)
mem[0x8004B360] <- 0x00000002


mem[X,0x8000E244] -> 0x5537
mem[X,0x8000E246] -> 0x5555
[1407] [M]: 0x8000E244 (0x55555537) lui a0, 349525
x10 <- 0x55555000


mem[X,0x8000E248] -> 0x0513
mem[X,0x8000E24A] -> 0x5555
[1408] [M]: 0x8000E248 (0x55550513) addi a0, a0, 1365
x10 <- 0x55555555


mem[X,0x8000E24C] -> 0x0593
mem[X,0x8000E24E] -> 0x0060
[1409] [M]: 0x8000E24C (0x00600593) addi a1, zero, 6
x11 <- 0x00000006


mem[X,0x8000E250] -> 0x0193
mem[X,0x8000E252] -> 0x0000
[1410] [M]: 0x8000E250 (0x00000193) addi gp, zero, 0
x3 <- 0x00000000


mem[X,0x8000E254] -> 0x006F
mem[X,0x8000E256] -> 0x00C0
[1411] [M]: 0x8000E254 (0x00C0006F) jal zero, 12


mem[X,0x8000E260] -> 0x7063
mem[X,0x8000E262] -> 0x40B5
[1412] [M]: 0x8000E260 (0x40B57063) bgeu a0, a1, 1024


mem[X,0x8000E660] -> 0x8193
mem[X,0x8000E662] -> 0x0031
[1413] [M]: 0x8000E660 (0x00318193) addi gp, gp, 3
x3 <- 0x00000003


mem[X,0x8000E664] -> 0x006F
mem[X,0x8000E666] -> 0x0040
[1414] [M]: 0x8000E664 (0x0040006F) jal zero, 4


mem[X,0x8000E668] -> 0x2023
mem[X,0x8000E66A] -> 0x2031
[1415] [M]: 0x8000E668 (0x20312023) sw gp, 512(sp)
mem[0x8004B364] <- 0x00000003


mem[X,0x8000E66C] -> 0x5537
mem[X,0x8000E66E] -> 0x5555
[1416] [M]: 0x8000E66C (0x55555537) lui a0, 349525
x10 <- 0x55555000


mem[X,0x8000E670] -> 0x0513
mem[X,0x8000E672] -> 0x5555
[1417] [M]: 0x8000E670 (0x55550513) addi a0, a0, 1365
x10 <- 0x55555555


mem[X,0x8000E674] -> 0x35B7
mem[X,0x8000E676] -> 0x3333
[1418] [M]: 0x8000E674 (0x333335B7) lui a1, 209715
x11 <- 0x33333000


mem[X,0x8000E678] -> 0x8593
mem[X,0x8000E67A] -> 0x3345
[1419] [M]: 0x8000E678 (0x33458593) addi a1, a1, 820
x11 <- 0x33333334


mem[X,0x8000E67C] -> 0x0193
mem[X,0x8000E67E] -> 0x0000
[1420] [M]: 0x8000E67C (0x00000193) addi gp, zero, 0
x3 <- 0x00000000


mem[X,0x8000E680] -> 0x006F
mem[X,0x8000E682] -> 0x00C0
[1421] [M]: 0x8000E680 (0x00C0006F) jal zero, 12


mem[X,0x8000E68C] -> 0x7063
mem[X,0x8000E68E] -> 0x04B5
[1422] [M]: 0x8000E68C (0x04B57063) bgeu a0, a1, 64


mem[X,0x8000E6CC] -> 0x8193
mem[X,0x8000E6CE] -> 0x0031
[1423] [M]: 0x8000E6CC (0x00318193) addi gp, gp, 3
x3 <- 0x00000003


mem[X,0x8000E6D0] -> 0x006F
mem[X,0x8000E6D2] -> 0x0040
[1424] [M]: 0x8000E6D0 (0x0040006F) jal zero, 4


mem[X,0x8000E6D4] -> 0x2223
mem[X,0x8000E6D6] -> 0x2031
[1425] [M]: 0x8000E6D4 (0x20312223) sw gp, 516(sp)
mem[0x8004B368] <- 0x00000003


mem[X,0x8000E6D8] -> 0x5537
mem[X,0x8000E6DA] -> 0x5555
[1426] [M]: 0x8000E6D8 (0x55555537) lui a0, 349525
x10 <- 0x55555000


mem[X,0x8000E6DC] -> 0x0513
mem[X,0x8000E6DE] -> 0x5555
[1427] [M]: 0x8000E6DC (0x55550513) addi a0, a0, 1365
x10 <- 0x55555555


mem[X,0x8000E6E0] -> 0x65B7
mem[X,0x8000E6E2] -> 0x6666
[1428] [M]: 0x8000E6E0 (0x666665B7) lui a1, 419430
x11 <- 0x66666000


mem[X,0x8000E6E4] -> 0x8593
mem[X,0x8000E6E6] -> 0x6675
[1429] [M]: 0x8000E6E4 (0x66758593) addi a1, a1, 1639
x11 <- 0x66666667


mem[X,0x8000E6E8] -> 0x0193
mem[X,0x8000E6EA] -> 0x0000
[1430] [M]: 0x8000E6E8 (0x00000193) addi gp, zero, 0
x3 <- 0x00000000


mem[X,0x8000E6EC] -> 0x006F
mem[X,0x8000E6EE] -> 0x00C0
[1431] [M]: 0x8000E6EC (0x00C0006F) jal zero, 12


mem[X,0x8000E6F8] -> 0x7063
mem[X,0x8000E6FA] -> 0x02B5
[1432] [M]: 0x8000E6F8 (0x02B57063) bgeu a0, a1, 32


mem[X,0x8000E6FC] -> 0x8193
mem[X,0x8000E6FE] -> 0x0021
[1433] [M]: 0x8000E6FC (0x00218193) addi gp, gp, 2
x3 <- 0x00000002


mem[X,0x8000E700] -> 0x006F
mem[X,0x8000E702] -> 0x0200
[1434] [M]: 0x8000E700 (0x0200006F) jal zero, 32


mem[X,0x8000E720] -> 0x2423
mem[X,0x8000E722] -> 0x2031
[1435] [M]: 0x8000E720 (0x20312423) sw gp, 520(sp)
mem[0x8004B36C] <- 0x00000002


mem[X,0x8000E724] -> 0x5537
mem[X,0x8000E726] -> 0x5555
[1436] [M]: 0x8000E724 (0x55555537) lui a0, 349525
x10 <- 0x55555000


mem[X,0x8000E728] -> 0x0513
mem[X,0x8000E72A] -> 0x5555
[1437] [M]: 0x8000E728 (0x55550513) addi a0, a0, 1365
x10 <- 0x55555555


mem[X,0x8000E72C] -> 0xB5B7
mem[X,0x8000E72E] -> 0x0000
[1438] [M]: 0x8000E72C (0x0000B5B7) lui a1, 11
x11 <- 0x0000B000


mem[X,0x8000E730] -> 0x8593
mem[X,0x8000E732] -> 0x5055
[1439] [M]: 0x8000E730 (0x50558593) addi a1, a1, 1285
x11 <- 0x0000B505


mem[X,0x8000E734] -> 0x0193
mem[X,0x8000E736] -> 0x0000
[1440] [M]: 0x8000E734 (0x00000193) addi gp, zero, 0
x3 <- 0x00000000


mem[X,0x8000E738] -> 0x006F
mem[X,0x8000E73A] -> 0x2B10
[1441] [M]: 0x8000E738 (0x2B10006F) jal zero, 2736


mem[X,0x8000F1E8] -> 0x7A63
mem[X,0x8000F1EA] -> 0xD4B5
[1442] [M]: 0x8000F1E8 (0xD4B57A63) bgeu a0, a1, 5460


mem[X,0x8000E73C] -> 0x8193
mem[X,0x8000E73E] -> 0x0011
[1443] [M]: 0x8000E73C (0x00118193) addi gp, gp, 1
x3 <- 0x00000001


mem[X,0x8000E740] -> 0x006F
mem[X,0x8000E742] -> 0x2BD0
[1444] [M]: 0x8000E740 (0x2BD0006F) jal zero, 2748


mem[X,0x8000F1FC] -> 0x2623
mem[X,0x8000F1FE] -> 0x2031
[1445] [M]: 0x8000F1FC (0x20312623) sw gp, 524(sp)
mem[0x8004B370] <- 0x00000001


mem[X,0x8000F200] -> 0x5537
mem[X,0x8000F202] -> 0x5555
[1446] [M]: 0x8000F200 (0x55555537) lui a0, 349525
x10 <- 0x55555000


mem[X,0x8000F204] -> 0x0513
mem[X,0x8000F206] -> 0x5555
[1447] [M]: 0x8000F204 (0x55550513) addi a0, a0, 1365
x10 <- 0x55555555


mem[X,0x8000F208] -> 0x0593
mem[X,0x8000F20A] -> 0x0010
[1448] [M]: 0x8000F208 (0x00100593) addi a1, zero, 1
x11 <- 0x00000001


mem[X,0x8000F20C] -> 0x0193
mem[X,0x8000F20E] -> 0x0000
[1449] [M]: 0x8000F20C (0x00000193) addi gp, zero, 0
x3 <- 0x00000000


mem[X,0x8000F210] -> 0x006F
mem[X,0x8000F212] -> 0x00C0
[1450] [M]: 0x8000F210 (0x00C0006F) jal zero, 12


mem[X,0x8000F21C] -> 0x7063
mem[X,0x8000F21E] -> 0x20B5
[1451] [M]: 0x8000F21C (0x20B57063) bgeu a0, a1, 512


mem[X,0x8000F41C] -> 0x8193
mem[X,0x8000F41E] -> 0x0031
[1452] [M]: 0x8000F41C (0x00318193) addi gp, gp, 3
x3 <- 0x00000003


mem[X,0x8000F420] -> 0x006F
mem[X,0x8000F422] -> 0x0040
[1453] [M]: 0x8000F420 (0x0040006F) jal zero, 4


mem[X,0x8000F424] -> 0x2823
mem[X,0x8000F426] -> 0x2031
[1454] [M]: 0x8000F424 (0x20312823) sw gp, 528(sp)
mem[0x8004B374] <- 0x00000003


mem[X,0x8000F428] -> 0x5537
mem[X,0x8000F42A] -> 0x5555
[1455] [M]: 0x8000F428 (0x55555537) lui a0, 349525
x10 <- 0x55555000


mem[X,0x8000F42C] -> 0x0513
mem[X,0x8000F42E] -> 0x5555
[1456] [M]: 0x8000F42C (0x55550513) addi a0, a0, 1365
x10 <- 0x55555555


mem[X,0x8000F430] -> 0x05B7
mem[X,0x8000F432] -> 0x0001
[1457] [M]: 0x8000F430 (0x000105B7) lui a1, 16
x11 <- 0x00010000


mem[X,0x8000F434] -> 0x0193
mem[X,0x8000F436] -> 0x0000
[1458] [M]: 0x8000F434 (0x00000193) addi gp, zero, 0
x3 <- 0x00000000


mem[X,0x8000F438] -> 0x006F
mem[X,0x8000F43A] -> 0x0100
[1459] [M]: 0x8000F438 (0x0100006F) jal zero, 16


mem[X,0x8000F448] -> 0x7AE3
mem[X,0x8000F44A] -> 0xFEB5
[1460] [M]: 0x8000F448 (0xFEB57AE3) bgeu a0, a1, 8180


mem[X,0x8000F43C] -> 0x8193
mem[X,0x8000F43E] -> 0x0011
[1461] [M]: 0x8000F43C (0x00118193) addi gp, gp, 1
x3 <- 0x00000001


mem[X,0x8000F440] -> 0x006F
mem[X,0x8000F442] -> 0x01C0
[1462] [M]: 0x8000F440 (0x01C0006F) jal zero, 28


mem[X,0x8000F45C] -> 0x2A23
mem[X,0x8000F45E] -> 0x2031
[1463] [M]: 0x8000F45C (0x20312A23) sw gp, 532(sp)
mem[0x8004B378] <- 0x00000001


mem[X,0x8000F460] -> 0xB537
mem[X,0x8000F462] -> 0xAAAA
[1464] [M]: 0x8000F460 (0xAAAAB537) lui a0, 699051
x10 <- 0xAAAAB000


mem[X,0x8000F464] -> 0x0513
mem[X,0x8000F466] -> 0xAAA5
[1465] [M]: 0x8000F464 (0xAAA50513) addi a0, a0, 2730
x10 <- 0xAAAAAAAA


mem[X,0x8000F468] -> 0x0593
mem[X,0x8000F46A] -> 0x0030
[1466] [M]: 0x8000F468 (0x00300593) addi a1, zero, 3
x11 <- 0x00000003


mem[X,0x8000F46C] -> 0x0193
mem[X,0x8000F46E] -> 0x0000
[1467] [M]: 0x8000F46C (0x00000193) addi gp, zero, 0
x3 <- 0x00000000


mem[X,0x8000F470] -> 0x006F
mem[X,0x8000F472] -> 0x0140
[1468] [M]: 0x8000F470 (0x0140006F) jal zero, 20


mem[X,0x8000F484] -> 0x78E3
mem[X,0x8000F486] -> 0xFEB5
[1469] [M]: 0x8000F484 (0xFEB578E3) bgeu a0, a1, 8176


mem[X,0x8000F474] -> 0x8193
mem[X,0x8000F476] -> 0x0011
[1470] [M]: 0x8000F474 (0x00118193) addi gp, gp, 1
x3 <- 0x00000001


mem[X,0x8000F478] -> 0x006F
mem[X,0x8000F47A] -> 0x0200
[1471] [M]: 0x8000F478 (0x0200006F) jal zero, 32


mem[X,0x8000F498] -> 0x2C23
mem[X,0x8000F49A] -> 0x2031
[1472] [M]: 0x8000F498 (0x20312C23) sw gp, 536(sp)
mem[0x8004B37C] <- 0x00000001


mem[X,0x8000F49C] -> 0xB537
mem[X,0x8000F49E] -> 0xAAAA
[1473] [M]: 0x8000F49C (0xAAAAB537) lui a0, 699051
x10 <- 0xAAAAB000


mem[X,0x8000F4A0] -> 0x0513
mem[X,0x8000F4A2] -> 0xAAA5
[1474] [M]: 0x8000F4A0 (0xAAA50513) addi a0, a0, 2730
x10 <- 0xAAAAAAAA


mem[X,0x8000F4A4] -> 0x55B7
mem[X,0x8000F4A6] -> 0x5555
[1475] [M]: 0x8000F4A4 (0x555555B7) lui a1, 349525
x11 <- 0x55555000


mem[X,0x8000F4A8] -> 0x8593
mem[X,0x8000F4AA] -> 0x5555
[1476] [M]: 0x8000F4A8 (0x55558593) addi a1, a1, 1365
x11 <- 0x55555555


mem[X,0x8000F4AC] -> 0x0193
mem[X,0x8000F4AE] -> 0x0000
[1477] [M]: 0x8000F4AC (0x00000193) addi gp, zero, 0
x3 <- 0x00000000


mem[X,0x8000F4B0] -> 0x006F
mem[X,0x8000F4B2] -> 0x00C0
[1478] [M]: 0x8000F4B0 (0x00C0006F) jal zero, 12


mem[X,0x8000F4BC] -> 0x7CE3
mem[X,0x8000F4BE] -> 0xFEB5
[1479] [M]: 0x8000F4BC (0xFEB57CE3) bgeu a0, a1, 8184


mem[X,0x8000F4B4] -> 0x8193
mem[X,0x8000F4B6] -> 0x0011
[1480] [M]: 0x8000F4B4 (0x00118193) addi gp, gp, 1
x3 <- 0x00000001


mem[X,0x8000F4B8] -> 0x006F
mem[X,0x8000F4BA] -> 0x0180
[1481] [M]: 0x8000F4B8 (0x0180006F) jal zero, 24


mem[X,0x8000F4D0] -> 0x2E23
mem[X,0x8000F4D2] -> 0x2031
[1482] [M]: 0x8000F4D0 (0x20312E23) sw gp, 540(sp)
mem[0x8004B380] <- 0x00000001


mem[X,0x8000F4D4] -> 0xB537
mem[X,0x8000F4D6] -> 0xAAAA
[1483] [M]: 0x8000F4D4 (0xAAAAB537) lui a0, 699051
x10 <- 0xAAAAB000


mem[X,0x8000F4D8] -> 0x0513
mem[X,0x8000F4DA] -> 0xAAA5
[1484] [M]: 0x8000F4D8 (0xAAA50513) addi a0, a0, 2730
x10 <- 0xAAAAAAAA


mem[X,0x8000F4DC] -> 0xB5B7
mem[X,0x8000F4DE] -> 0xAAAA
[1485] [M]: 0x8000F4DC (0xAAAAB5B7) lui a1, 699051
x11 <- 0xAAAAB000


mem[X,0x8000F4E0] -> 0x8593
mem[X,0x8000F4E2] -> 0xAAA5
[1486] [M]: 0x8000F4E0 (0xAAA58593) addi a1, a1, 2730
x11 <- 0xAAAAAAAA


mem[X,0x8000F4E4] -> 0x0193
mem[X,0x8000F4E6] -> 0x0000
[1487] [M]: 0x8000F4E4 (0x00000193) addi gp, zero, 0
x3 <- 0x00000000


mem[X,0x8000F4E8] -> 0x006F
mem[X,0x8000F4EA] -> 0x00C0
[1488] [M]: 0x8000F4E8 (0x00C0006F) jal zero, 12


mem[X,0x8000F4F4] -> 0x7663
mem[X,0x8000F4F6] -> 0x00B5
[1489] [M]: 0x8000F4F4 (0x00B57663) bgeu a0, a1, 12


mem[X,0x8000F500] -> 0x8193
mem[X,0x8000F502] -> 0x0031
[1490] [M]: 0x8000F500 (0x00318193) addi gp, gp, 3
x3 <- 0x00000003


mem[X,0x8000F504] -> 0x006F
mem[X,0x8000F506] -> 0x0040
[1491] [M]: 0x8000F504 (0x0040006F) jal zero, 4


mem[X,0x8000F508] -> 0x2023
mem[X,0x8000F50A] -> 0x2231
[1492] [M]: 0x8000F508 (0x22312023) sw gp, 544(sp)
mem[0x8004B384] <- 0x00000003


mem[X,0x8000F50C] -> 0xB537
mem[X,0x8000F50E] -> 0xAAAA
[1493] [M]: 0x8000F50C (0xAAAAB537) lui a0, 699051
x10 <- 0xAAAAB000


mem[X,0x8000F510] -> 0x0513
mem[X,0x8000F512] -> 0xAAA5
[1494] [M]: 0x8000F510 (0xAAA50513) addi a0, a0, 2730
x10 <- 0xAAAAAAAA


mem[X,0x8000F514] -> 0x0593
mem[X,0x8000F516] -> 0x0050
[1495] [M]: 0x8000F514 (0x00500593) addi a1, zero, 5
x11 <- 0x00000005


mem[X,0x8000F518] -> 0x0193
mem[X,0x8000F51A] -> 0x0000
[1496] [M]: 0x8000F518 (0x00000193) addi gp, zero, 0
x3 <- 0x00000000


mem[X,0x8000F51C] -> 0x006F
mem[X,0x8000F51E] -> 0x2B10
[1497] [M]: 0x8000F51C (0x2B10006F) jal zero, 2736


mem[X,0x8000FFCC] -> 0x7A63
mem[X,0x8000FFCE] -> 0xD4B5
[1498] [M]: 0x8000FFCC (0xD4B57A63) bgeu a0, a1, 5460


mem[X,0x8000F520] -> 0x8193
mem[X,0x8000F522] -> 0x0011
[1499] [M]: 0x8000F520 (0x00118193) addi gp, gp, 1
x3 <- 0x00000001


clint::tick mtime <- 0x000000000000000F
 clint timer pending at mtime 0x000000000000000F
htif::tick 0x0000000000000000
mem[X,0x8000F524] -> 0x006F
mem[X,0x8000F526] -> 0x2BD0
[1500] [M]: 0x8000F524 (0x2BD0006F) jal zero, 2748


mem[X,0x8000FFE0] -> 0x2223
mem[X,0x8000FFE2] -> 0x2231
[1501] [M]: 0x8000FFE0 (0x22312223) sw gp, 548(sp)
mem[0x8004B388] <- 0x00000001


mem[X,0x8000FFE4] -> 0xB537
mem[X,0x8000FFE6] -> 0xAAAA
[1502] [M]: 0x8000FFE4 (0xAAAAB537) lui a0, 699051
x10 <- 0xAAAAB000


mem[X,0x8000FFE8] -> 0x0513
mem[X,0x8000FFEA] -> 0xAAA5
[1503] [M]: 0x8000FFE8 (0xAAA50513) addi a0, a0, 2730
x10 <- 0xAAAAAAAA


mem[X,0x8000FFEC] -> 0x35B7
mem[X,0x8000FFEE] -> 0x3333
[1504] [M]: 0x8000FFEC (0x333335B7) lui a1, 209715
x11 <- 0x33333000


mem[X,0x8000FFF0] -> 0x8593
mem[X,0x8000FFF2] -> 0x3335
[1505] [M]: 0x8000FFF0 (0x33358593) addi a1, a1, 819
x11 <- 0x33333333


mem[X,0x8000FFF4] -> 0x0193
mem[X,0x8000FFF6] -> 0x0000
[1506] [M]: 0x8000FFF4 (0x00000193) addi gp, zero, 0
x3 <- 0x00000000


mem[X,0x8000FFF8] -> 0x006F
mem[X,0x8000FFFA] -> 0x00C0
[1507] [M]: 0x8000FFF8 (0x00C0006F) jal zero, 12


mem[X,0x80010004] -> 0x7063
mem[X,0x80010006] -> 0x20B5
[1508] [M]: 0x80010004 (0x20B57063) bgeu a0, a1, 512


mem[X,0x80010204] -> 0x8193
mem[X,0x80010206] -> 0x0031
[1509] [M]: 0x80010204 (0x00318193) addi gp, gp, 3
x3 <- 0x00000003


mem[X,0x80010208] -> 0x006F
mem[X,0x8001020A] -> 0x0040
[1510] [M]: 0x80010208 (0x0040006F) jal zero, 4


mem[X,0x8001020C] -> 0x2423
mem[X,0x8001020E] -> 0x2231
[1511] [M]: 0x8001020C (0x22312423) sw gp, 552(sp)
mem[0x8004B38C] <- 0x00000003


mem[X,0x80010210] -> 0xB537
mem[X,0x80010212] -> 0xAAAA
[1512] [M]: 0x80010210 (0xAAAAB537) lui a0, 699051
x10 <- 0xAAAAB000


mem[X,0x80010214] -> 0x0513
mem[X,0x80010216] -> 0xAAA5
[1513] [M]: 0x80010214 (0xAAA50513) addi a0, a0, 2730
x10 <- 0xAAAAAAAA


mem[X,0x80010218] -> 0x65B7
mem[X,0x8001021A] -> 0x6666
[1514] [M]: 0x80010218 (0x666665B7) lui a1, 419430
x11 <- 0x66666000


mem[X,0x8001021C] -> 0x8593
mem[X,0x8001021E] -> 0x6665
[1515] [M]: 0x8001021C (0x66658593) addi a1, a1, 1638
x11 <- 0x66666666


mem[X,0x80010220] -> 0x0193
mem[X,0x80010222] -> 0x0000
[1516] [M]: 0x80010220 (0x00000193) addi gp, zero, 0
x3 <- 0x00000000


mem[X,0x80010224] -> 0x006F
mem[X,0x80010226] -> 0x00C0
[1517] [M]: 0x80010224 (0x00C0006F) jal zero, 12


mem[X,0x80010230] -> 0x7063
mem[X,0x80010232] -> 0x40B5
[1518] [M]: 0x80010230 (0x40B57063) bgeu a0, a1, 1024


mem[X,0x80010630] -> 0x8193
mem[X,0x80010632] -> 0x0031
[1519] [M]: 0x80010630 (0x00318193) addi gp, gp, 3
x3 <- 0x00000003


mem[X,0x80010634] -> 0x006F
mem[X,0x80010636] -> 0x0040
[1520] [M]: 0x80010634 (0x0040006F) jal zero, 4


mem[X,0x80010638] -> 0x2623
mem[X,0x8001063A] -> 0x2231
[1521] [M]: 0x80010638 (0x22312623) sw gp, 556(sp)
mem[0x8004B390] <- 0x00000003


mem[X,0x8001063C] -> 0xB537
mem[X,0x8001063E] -> 0xAAAA
[1522] [M]: 0x8001063C (0xAAAAB537) lui a0, 699051
x10 <- 0xAAAAB000


mem[X,0x80010640] -> 0x0513
mem[X,0x80010642] -> 0xAAA5
[1523] [M]: 0x80010640 (0xAAA50513) addi a0, a0, 2730
x10 <- 0xAAAAAAAA


mem[X,0x80010644] -> 0xB5B7
mem[X,0x80010646] -> 0x0000
[1524] [M]: 0x80010644 (0x0000B5B7) lui a1, 11
x11 <- 0x0000B000


mem[X,0x80010648] -> 0x8593
mem[X,0x8001064A] -> 0x5045
[1525] [M]: 0x80010648 (0x50458593) addi a1, a1, 1284
x11 <- 0x0000B504


mem[X,0x8001064C] -> 0x0193
mem[X,0x8001064E] -> 0x0000
[1526] [M]: 0x8001064C (0x00000193) addi gp, zero, 0
x3 <- 0x00000000


mem[X,0x80010650] -> 0x006F
mem[X,0x80010652] -> 0x00C0
[1527] [M]: 0x80010650 (0x00C0006F) jal zero, 12


mem[X,0x8001065C] -> 0x7063
mem[X,0x8001065E] -> 0x20B5
[1528] [M]: 0x8001065C (0x20B57063) bgeu a0, a1, 512


mem[X,0x8001085C] -> 0x8193
mem[X,0x8001085E] -> 0x0031
[1529] [M]: 0x8001085C (0x00318193) addi gp, gp, 3
x3 <- 0x00000003


mem[X,0x80010860] -> 0x006F
mem[X,0x80010862] -> 0x0040
[1530] [M]: 0x80010860 (0x0040006F) jal zero, 4


mem[X,0x80010864] -> 0x2823
mem[X,0x80010866] -> 0x2231
[1531] [M]: 0x80010864 (0x22312823) sw gp, 560(sp)
mem[0x8004B394] <- 0x00000003


mem[X,0x80010868] -> 0xB537
mem[X,0x8001086A] -> 0xAAAA
[1532] [M]: 0x80010868 (0xAAAAB537) lui a0, 699051
x10 <- 0xAAAAB000


mem[X,0x8001086C] -> 0x0513
mem[X,0x8001086E] -> 0xAAA5
[1533] [M]: 0x8001086C (0xAAA50513) addi a0, a0, 2730
x10 <- 0xAAAAAAAA


mem[X,0x80010870] -> 0x0593
mem[X,0x80010872] -> 0x0000
[1534] [M]: 0x80010870 (0x00000593) addi a1, zero, 0
x11 <- 0x00000000


mem[X,0x80010874] -> 0x0193
mem[X,0x80010876] -> 0x0000
[1535] [M]: 0x80010874 (0x00000193) addi gp, zero, 0
x3 <- 0x00000000


mem[X,0x80010878] -> 0x006F
mem[X,0x8001087A] -> 0x00C0
[1536] [M]: 0x80010878 (0x00C0006F) jal zero, 12


mem[X,0x80010884] -> 0x7063
mem[X,0x80010886] -> 0x10B5
[1537] [M]: 0x80010884 (0x10B57063) bgeu a0, a1, 256


mem[X,0x80010984] -> 0x8193
mem[X,0x80010986] -> 0x0031
[1538] [M]: 0x80010984 (0x00318193) addi gp, gp, 3
x3 <- 0x00000003


mem[X,0x80010988] -> 0x006F
mem[X,0x8001098A] -> 0x0040
[1539] [M]: 0x80010988 (0x0040006F) jal zero, 4


mem[X,0x8001098C] -> 0x2A23
mem[X,0x8001098E] -> 0x2231
[1540] [M]: 0x8001098C (0x22312A23) sw gp, 564(sp)
mem[0x8004B398] <- 0x00000003


mem[X,0x80010990] -> 0xB537
mem[X,0x80010992] -> 0xAAAA
[1541] [M]: 0x80010990 (0xAAAAB537) lui a0, 699051
x10 <- 0xAAAAB000


mem[X,0x80010994] -> 0x0513
mem[X,0x80010996] -> 0xAAA5
[1542] [M]: 0x80010994 (0xAAA50513) addi a0, a0, 2730
x10 <- 0xAAAAAAAA


mem[X,0x80010998] -> 0x05B7
mem[X,0x8001099A] -> 0x0001
[1543] [M]: 0x80010998 (0x000105B7) lui a1, 16
x11 <- 0x00010000


mem[X,0x8001099C] -> 0x8593
mem[X,0x8001099E] -> 0xFFF5
[1544] [M]: 0x8001099C (0xFFF58593) addi a1, a1, 4095
x11 <- 0x0000FFFF


mem[X,0x800109A0] -> 0x0193
mem[X,0x800109A2] -> 0x0000
[1545] [M]: 0x800109A0 (0x00000193) addi gp, zero, 0
x3 <- 0x00000000


mem[X,0x800109A4] -> 0x006F
mem[X,0x800109A6] -> 0x00C0
[1546] [M]: 0x800109A4 (0x00C0006F) jal zero, 12


mem[X,0x800109B0] -> 0x7863
mem[X,0x800109B2] -> 0x00B5
[1547] [M]: 0x800109B0 (0x00B57863) bgeu a0, a1, 16


mem[X,0x800109C0] -> 0x8193
mem[X,0x800109C2] -> 0x0031
[1548] [M]: 0x800109C0 (0x00318193) addi gp, gp, 3
x3 <- 0x00000003


mem[X,0x800109C4] -> 0x006F
mem[X,0x800109C6] -> 0x0040
[1549] [M]: 0x800109C4 (0x0040006F) jal zero, 4


mem[X,0x800109C8] -> 0x2C23
mem[X,0x800109CA] -> 0x2231
[1550] [M]: 0x800109C8 (0x22312C23) sw gp, 568(sp)
mem[0x8004B39C] <- 0x00000003


mem[X,0x800109CC] -> 0xB537
mem[X,0x800109CE] -> 0xAAAA
[1551] [M]: 0x800109CC (0xAAAAB537) lui a0, 699051
x10 <- 0xAAAAB000


mem[X,0x800109D0] -> 0x0513
mem[X,0x800109D2] -> 0xAAA5
[1552] [M]: 0x800109D0 (0xAAA50513) addi a0, a0, 2730
x10 <- 0xAAAAAAAA


mem[X,0x800109D4] -> 0x55B7
mem[X,0x800109D6] -> 0x5555
[1553] [M]: 0x800109D4 (0x555555B7) lui a1, 349525
x11 <- 0x55555000


mem[X,0x800109D8] -> 0x8593
mem[X,0x800109DA] -> 0x5545
[1554] [M]: 0x800109D8 (0x55458593) addi a1, a1, 1364
x11 <- 0x55555554


mem[X,0x800109DC] -> 0x0193
mem[X,0x800109DE] -> 0x0000
[1555] [M]: 0x800109DC (0x00000193) addi gp, zero, 0
x3 <- 0x00000000


mem[X,0x800109E0] -> 0x006F
mem[X,0x800109E2] -> 0x00C0
[1556] [M]: 0x800109E0 (0x00C0006F) jal zero, 12


mem[X,0x800109EC] -> 0x7CE3
mem[X,0x800109EE] -> 0xFEB5
[1557] [M]: 0x800109EC (0xFEB57CE3) bgeu a0, a1, 8184


mem[X,0x800109E4] -> 0x8193
mem[X,0x800109E6] -> 0x0011
[1558] [M]: 0x800109E4 (0x00118193) addi gp, gp, 1
x3 <- 0x00000001


mem[X,0x800109E8] -> 0x006F
mem[X,0x800109EA] -> 0x0180
[1559] [M]: 0x800109E8 (0x0180006F) jal zero, 24


mem[X,0x80010A00] -> 0x2E23
mem[X,0x80010A02] -> 0x2231
[1560] [M]: 0x80010A00 (0x22312E23) sw gp, 572(sp)
mem[0x8004B3A0] <- 0x00000001


mem[X,0x80010A04] -> 0xB537
mem[X,0x80010A06] -> 0xAAAA
[1561] [M]: 0x80010A04 (0xAAAAB537) lui a0, 699051
x10 <- 0xAAAAB000


mem[X,0x80010A08] -> 0x0513
mem[X,0x80010A0A] -> 0xAAA5
[1562] [M]: 0x80010A08 (0xAAA50513) addi a0, a0, 2730
x10 <- 0xAAAAAAAA


mem[X,0x80010A0C] -> 0xB5B7
mem[X,0x80010A0E] -> 0xAAAA
[1563] [M]: 0x80010A0C (0xAAAAB5B7) lui a1, 699051
x11 <- 0xAAAAB000


mem[X,0x80010A10] -> 0x8593
mem[X,0x80010A12] -> 0xAA95
[1564] [M]: 0x80010A10 (0xAA958593) addi a1, a1, 2729
x11 <- 0xAAAAAAA9


mem[X,0x80010A14] -> 0x0193
mem[X,0x80010A16] -> 0x0000
[1565] [M]: 0x80010A14 (0x00000193) addi gp, zero, 0
x3 <- 0x00000000


mem[X,0x80010A18] -> 0x006F
mem[X,0x80010A1A] -> 0x0050
[1566] [M]: 0x80010A18 (0x0050006F) jal zero, 2052


mem[X,0x8001121C] -> 0x70E3
mem[X,0x8001121E] -> 0x80B5
[1567] [M]: 0x8001121C (0x80B570E3) bgeu a0, a1, 6144


mem[X,0x80010A1C] -> 0x8193
mem[X,0x80010A1E] -> 0x0011
[1568] [M]: 0x80010A1C (0x00118193) addi gp, gp, 1
x3 <- 0x00000001


mem[X,0x80010A20] -> 0x006F
mem[X,0x80010A22] -> 0x0110
[1569] [M]: 0x80010A20 (0x0110006F) jal zero, 2064


mem[X,0x80011230] -> 0x2023
mem[X,0x80011232] -> 0x2431
[1570] [M]: 0x80011230 (0x24312023) sw gp, 576(sp)
mem[0x8004B3A4] <- 0x00000001


mem[X,0x80011234] -> 0xB537
mem[X,0x80011236] -> 0xAAAA
[1571] [M]: 0x80011234 (0xAAAAB537) lui a0, 699051
x10 <- 0xAAAAB000


mem[X,0x80011238] -> 0x0513
mem[X,0x8001123A] -> 0xAAA5
[1572] [M]: 0x80011238 (0xAAA50513) addi a0, a0, 2730
x10 <- 0xAAAAAAAA


mem[X,0x8001123C] -> 0x0593
mem[X,0x8001123E] -> 0x0040
[1573] [M]: 0x8001123C (0x00400593) addi a1, zero, 4
x11 <- 0x00000004


mem[X,0x80011240] -> 0x0193
mem[X,0x80011242] -> 0x0000
[1574] [M]: 0x80011240 (0x00000193) addi gp, zero, 0
x3 <- 0x00000000


mem[X,0x80011244] -> 0x006F
mem[X,0x80011246] -> 0x00C0
[1575] [M]: 0x80011244 (0x00C0006F) jal zero, 12


mem[X,0x80011250] -> 0x7663
mem[X,0x80011252] -> 0x00B5
[1576] [M]: 0x80011250 (0x00B57663) bgeu a0, a1, 12


mem[X,0x8001125C] -> 0x8193
mem[X,0x8001125E] -> 0x0031
[1577] [M]: 0x8001125C (0x00318193) addi gp, gp, 3
x3 <- 0x00000003


mem[X,0x80011260] -> 0x006F
mem[X,0x80011262] -> 0x0040
[1578] [M]: 0x80011260 (0x0040006F) jal zero, 4


mem[X,0x80011264] -> 0x2223
mem[X,0x80011266] -> 0x2431
[1579] [M]: 0x80011264 (0x24312223) sw gp, 580(sp)
mem[0x8004B3A8] <- 0x00000003


mem[X,0x80011268] -> 0xB537
mem[X,0x8001126A] -> 0xAAAA
[1580] [M]: 0x80011268 (0xAAAAB537) lui a0, 699051
x10 <- 0xAAAAB000


mem[X,0x8001126C] -> 0x0513
mem[X,0x8001126E] -> 0xAAA5
[1581] [M]: 0x8001126C (0xAAA50513) addi a0, a0, 2730
x10 <- 0xAAAAAAAA


mem[X,0x80011270] -> 0x35B7
mem[X,0x80011272] -> 0x3333
[1582] [M]: 0x80011270 (0x333335B7) lui a1, 209715
x11 <- 0x33333000


mem[X,0x80011274] -> 0x8593
mem[X,0x80011276] -> 0x3325
[1583] [M]: 0x80011274 (0x33258593) addi a1, a1, 818
x11 <- 0x33333332


mem[X,0x80011278] -> 0x0193
mem[X,0x8001127A] -> 0x0000
[1584] [M]: 0x80011278 (0x00000193) addi gp, zero, 0
x3 <- 0x00000000


mem[X,0x8001127C] -> 0x006F
mem[X,0x8001127E] -> 0x2B10
[1585] [M]: 0x8001127C (0x2B10006F) jal zero, 2736


mem[X,0x80011D2C] -> 0x7A63
mem[X,0x80011D2E] -> 0xD4B5
[1586] [M]: 0x80011D2C (0xD4B57A63) bgeu a0, a1, 5460


mem[X,0x80011280] -> 0x8193
mem[X,0x80011282] -> 0x0011
[1587] [M]: 0x80011280 (0x00118193) addi gp, gp, 1
x3 <- 0x00000001


mem[X,0x80011284] -> 0x006F
mem[X,0x80011286] -> 0x2BD0
[1588] [M]: 0x80011284 (0x2BD0006F) jal zero, 2748


mem[X,0x80011D40] -> 0x2423
mem[X,0x80011D42] -> 0x2431
[1589] [M]: 0x80011D40 (0x24312423) sw gp, 584(sp)
mem[0x8004B3AC] <- 0x00000001


mem[X,0x80011D44] -> 0xB537
mem[X,0x80011D46] -> 0xAAAA
[1590] [M]: 0x80011D44 (0xAAAAB537) lui a0, 699051
x10 <- 0xAAAAB000


mem[X,0x80011D48] -> 0x0513
mem[X,0x80011D4A] -> 0xAAA5
[1591] [M]: 0x80011D48 (0xAAA50513) addi a0, a0, 2730
x10 <- 0xAAAAAAAA


mem[X,0x80011D4C] -> 0x65B7
mem[X,0x80011D4E] -> 0x6666
[1592] [M]: 0x80011D4C (0x666665B7) lui a1, 419430
x11 <- 0x66666000


mem[X,0x80011D50] -> 0x8593
mem[X,0x80011D52] -> 0x6655
[1593] [M]: 0x80011D50 (0x66558593) addi a1, a1, 1637
x11 <- 0x66666665


mem[X,0x80011D54] -> 0x0193
mem[X,0x80011D56] -> 0x0000
[1594] [M]: 0x80011D54 (0x00000193) addi gp, zero, 0
x3 <- 0x00000000


mem[X,0x80011D58] -> 0x006F
mem[X,0x80011D5A] -> 0x00C0
[1595] [M]: 0x80011D58 (0x00C0006F) jal zero, 12


mem[X,0x80011D64] -> 0x7063
mem[X,0x80011D66] -> 0x02B5
[1596] [M]: 0x80011D64 (0x02B57063) bgeu a0, a1, 32


mem[X,0x80011D84] -> 0x8193
mem[X,0x80011D86] -> 0x0031
[1597] [M]: 0x80011D84 (0x00318193) addi gp, gp, 3
x3 <- 0x00000003


mem[X,0x80011D88] -> 0x006F
mem[X,0x80011D8A] -> 0x0040
[1598] [M]: 0x80011D88 (0x0040006F) jal zero, 4


mem[X,0x80011D8C] -> 0x2623
mem[X,0x80011D8E] -> 0x2431
[1599] [M]: 0x80011D8C (0x24312623) sw gp, 588(sp)
mem[0x8004B3B0] <- 0x00000003


clint::tick mtime <- 0x0000000000000010
 clint timer pending at mtime 0x0000000000000010
htif::tick 0x0000000000000000
mem[X,0x80011D90] -> 0xB537
mem[X,0x80011D92] -> 0xAAAA
[1600] [M]: 0x80011D90 (0xAAAAB537) lui a0, 699051
x10 <- 0xAAAAB000


mem[X,0x80011D94] -> 0x0513
mem[X,0x80011D96] -> 0xAAA5
[1601] [M]: 0x80011D94 (0xAAA50513) addi a0, a0, 2730
x10 <- 0xAAAAAAAA


mem[X,0x80011D98] -> 0xB5B7
mem[X,0x80011D9A] -> 0x0000
[1602] [M]: 0x80011D98 (0x0000B5B7) lui a1, 11
x11 <- 0x0000B000


mem[X,0x80011D9C] -> 0x8593
mem[X,0x80011D9E] -> 0x5035
[1603] [M]: 0x80011D9C (0x50358593) addi a1, a1, 1283
x11 <- 0x0000B503


mem[X,0x80011DA0] -> 0x0193
mem[X,0x80011DA2] -> 0x0000
[1604] [M]: 0x80011DA0 (0x00000193) addi gp, zero, 0
x3 <- 0x00000000


mem[X,0x80011DA4] -> 0x006F
mem[X,0x80011DA6] -> 0x2B10
[1605] [M]: 0x80011DA4 (0x2B10006F) jal zero, 2736


mem[X,0x80012854] -> 0x7A63
mem[X,0x80012856] -> 0xD4B5
[1606] [M]: 0x80012854 (0xD4B57A63) bgeu a0, a1, 5460


mem[X,0x80011DA8] -> 0x8193
mem[X,0x80011DAA] -> 0x0011
[1607] [M]: 0x80011DA8 (0x00118193) addi gp, gp, 1
x3 <- 0x00000001


mem[X,0x80011DAC] -> 0x006F
mem[X,0x80011DAE] -> 0x2BD0
[1608] [M]: 0x80011DAC (0x2BD0006F) jal zero, 2748


mem[X,0x80012868] -> 0x2823
mem[X,0x8001286A] -> 0x2431
[1609] [M]: 0x80012868 (0x24312823) sw gp, 592(sp)
mem[0x8004B3B4] <- 0x00000001


mem[X,0x8001286C] -> 0xB537
mem[X,0x8001286E] -> 0xAAAA
[1610] [M]: 0x8001286C (0xAAAAB537) lui a0, 699051
x10 <- 0xAAAAB000


mem[X,0x80012870] -> 0x0513
mem[X,0x80012872] -> 0xAAA5
[1611] [M]: 0x80012870 (0xAAA50513) addi a0, a0, 2730
x10 <- 0xAAAAAAAA


mem[X,0x80012874] -> 0x05B7
mem[X,0x80012876] -> 0x0001
[1612] [M]: 0x80012874 (0x000105B7) lui a1, 16
x11 <- 0x00010000


mem[X,0x80012878] -> 0x8593
mem[X,0x8001287A] -> 0xFFE5
[1613] [M]: 0x80012878 (0xFFE58593) addi a1, a1, 4094
x11 <- 0x0000FFFE


mem[X,0x8001287C] -> 0x0193
mem[X,0x8001287E] -> 0x0000
[1614] [M]: 0x8001287C (0x00000193) addi gp, zero, 0
x3 <- 0x00000000


mem[X,0x80012880] -> 0x006F
mem[X,0x80012882] -> 0x00C0
[1615] [M]: 0x80012880 (0x00C0006F) jal zero, 12


mem[X,0x8001288C] -> 0x7063
mem[X,0x8001288E] -> 0x04B5
[1616] [M]: 0x8001288C (0x04B57063) bgeu a0, a1, 64


mem[X,0x800128CC] -> 0x8193
mem[X,0x800128CE] -> 0x0031
[1617] [M]: 0x800128CC (0x00318193) addi gp, gp, 3
x3 <- 0x00000003


mem[X,0x800128D0] -> 0x006F
mem[X,0x800128D2] -> 0x0040
[1618] [M]: 0x800128D0 (0x0040006F) jal zero, 4


mem[X,0x800128D4] -> 0x2A23
mem[X,0x800128D6] -> 0x2431
[1619] [M]: 0x800128D4 (0x24312A23) sw gp, 596(sp)
mem[0x8004B3B8] <- 0x00000003


mem[X,0x800128D8] -> 0xB537
mem[X,0x800128DA] -> 0xAAAA
[1620] [M]: 0x800128D8 (0xAAAAB537) lui a0, 699051
x10 <- 0xAAAAB000


mem[X,0x800128DC] -> 0x0513
mem[X,0x800128DE] -> 0xAAA5
[1621] [M]: 0x800128DC (0xAAA50513) addi a0, a0, 2730
x10 <- 0xAAAAAAAA


mem[X,0x800128E0] -> 0x55B7
mem[X,0x800128E2] -> 0x5555
[1622] [M]: 0x800128E0 (0x555555B7) lui a1, 349525
x11 <- 0x55555000


mem[X,0x800128E4] -> 0x8593
mem[X,0x800128E6] -> 0x5565
[1623] [M]: 0x800128E4 (0x55658593) addi a1, a1, 1366
x11 <- 0x55555556


mem[X,0x800128E8] -> 0x0193
mem[X,0x800128EA] -> 0x0000
[1624] [M]: 0x800128E8 (0x00000193) addi gp, zero, 0
x3 <- 0x00000000


mem[X,0x800128EC] -> 0x006F
mem[X,0x800128EE] -> 0x2B10
[1625] [M]: 0x800128EC (0x2B10006F) jal zero, 2736


mem[X,0x8001339C] -> 0x7A63
mem[X,0x8001339E] -> 0xD4B5
[1626] [M]: 0x8001339C (0xD4B57A63) bgeu a0, a1, 5460


mem[X,0x800128F0] -> 0x8193
mem[X,0x800128F2] -> 0x0011
[1627] [M]: 0x800128F0 (0x00118193) addi gp, gp, 1
x3 <- 0x00000001


mem[X,0x800128F4] -> 0x006F
mem[X,0x800128F6] -> 0x2BD0
[1628] [M]: 0x800128F4 (0x2BD0006F) jal zero, 2748


mem[X,0x800133B0] -> 0x2C23
mem[X,0x800133B2] -> 0x2431
[1629] [M]: 0x800133B0 (0x24312C23) sw gp, 600(sp)
mem[0x8004B3BC] <- 0x00000001


mem[X,0x800133B4] -> 0xB537
mem[X,0x800133B6] -> 0xAAAA
[1630] [M]: 0x800133B4 (0xAAAAB537) lui a0, 699051
x10 <- 0xAAAAB000


mem[X,0x800133B8] -> 0x0513
mem[X,0x800133BA] -> 0xAAA5
[1631] [M]: 0x800133B8 (0xAAA50513) addi a0, a0, 2730
x10 <- 0xAAAAAAAA


mem[X,0x800133BC] -> 0xB5B7
mem[X,0x800133BE] -> 0xAAAA
[1632] [M]: 0x800133BC (0xAAAAB5B7) lui a1, 699051
x11 <- 0xAAAAB000


mem[X,0x800133C0] -> 0x8593
mem[X,0x800133C2] -> 0xAAB5
[1633] [M]: 0x800133C0 (0xAAB58593) addi a1, a1, 2731
x11 <- 0xAAAAAAAB


mem[X,0x800133C4] -> 0x0193
mem[X,0x800133C6] -> 0x0000
[1634] [M]: 0x800133C4 (0x00000193) addi gp, zero, 0
x3 <- 0x00000000


mem[X,0x800133C8] -> 0x006F
mem[X,0x800133CA] -> 0x00C0
[1635] [M]: 0x800133C8 (0x00C0006F) jal zero, 12


mem[X,0x800133D4] -> 0x7063
mem[X,0x800133D6] -> 0x20B5
[1636] [M]: 0x800133D4 (0x20B57063) bgeu a0, a1, 512


mem[X,0x800133D8] -> 0x8193
mem[X,0x800133DA] -> 0x0021
[1637] [M]: 0x800133D8 (0x00218193) addi gp, gp, 2
x3 <- 0x00000002


mem[X,0x800133DC] -> 0x006F
mem[X,0x800133DE] -> 0x2000
[1638] [M]: 0x800133DC (0x2000006F) jal zero, 512


mem[X,0x800135DC] -> 0x2E23
mem[X,0x800135DE] -> 0x2431
[1639] [M]: 0x800135DC (0x24312E23) sw gp, 604(sp)
mem[0x8004B3C0] <- 0x00000002


mem[X,0x800135E0] -> 0xB537
mem[X,0x800135E2] -> 0xAAAA
[1640] [M]: 0x800135E0 (0xAAAAB537) lui a0, 699051
x10 <- 0xAAAAB000


mem[X,0x800135E4] -> 0x0513
mem[X,0x800135E6] -> 0xAAA5
[1641] [M]: 0x800135E4 (0xAAA50513) addi a0, a0, 2730
x10 <- 0xAAAAAAAA


mem[X,0x800135E8] -> 0x0593
mem[X,0x800135EA] -> 0x0060
[1642] [M]: 0x800135E8 (0x00600593) addi a1, zero, 6
x11 <- 0x00000006


mem[X,0x800135EC] -> 0x0193
mem[X,0x800135EE] -> 0x0000
[1643] [M]: 0x800135EC (0x00000193) addi gp, zero, 0
x3 <- 0x00000000


mem[X,0x800135F0] -> 0x006F
mem[X,0x800135F2] -> 0x00C0
[1644] [M]: 0x800135F0 (0x00C0006F) jal zero, 12


mem[X,0x800135FC] -> 0x7063
mem[X,0x800135FE] -> 0x08B5
[1645] [M]: 0x800135FC (0x08B57063) bgeu a0, a1, 128


mem[X,0x8001367C] -> 0x8193
mem[X,0x8001367E] -> 0x0031
[1646] [M]: 0x8001367C (0x00318193) addi gp, gp, 3
x3 <- 0x00000003


mem[X,0x80013680] -> 0x006F
mem[X,0x80013682] -> 0x0040
[1647] [M]: 0x80013680 (0x0040006F) jal zero, 4


mem[X,0x80013684] -> 0x2023
mem[X,0x80013686] -> 0x2631
[1648] [M]: 0x80013684 (0x26312023) sw gp, 608(sp)
mem[0x8004B3C4] <- 0x00000003


mem[X,0x80013688] -> 0xB537
mem[X,0x8001368A] -> 0xAAAA
[1649] [M]: 0x80013688 (0xAAAAB537) lui a0, 699051
x10 <- 0xAAAAB000


mem[X,0x8001368C] -> 0x0513
mem[X,0x8001368E] -> 0xAAA5
[1650] [M]: 0x8001368C (0xAAA50513) addi a0, a0, 2730
x10 <- 0xAAAAAAAA


mem[X,0x80013690] -> 0x35B7
mem[X,0x80013692] -> 0x3333
[1651] [M]: 0x80013690 (0x333335B7) lui a1, 209715
x11 <- 0x33333000


mem[X,0x80013694] -> 0x8593
mem[X,0x80013696] -> 0x3345
[1652] [M]: 0x80013694 (0x33458593) addi a1, a1, 820
x11 <- 0x33333334


mem[X,0x80013698] -> 0x0193
mem[X,0x8001369A] -> 0x0000
[1653] [M]: 0x80013698 (0x00000193) addi gp, zero, 0
x3 <- 0x00000000


mem[X,0x8001369C] -> 0x006F
mem[X,0x8001369E] -> 0x0180
[1654] [M]: 0x8001369C (0x0180006F) jal zero, 24


mem[X,0x800136B4] -> 0x76E3
mem[X,0x800136B6] -> 0xFEB5
[1655] [M]: 0x800136B4 (0xFEB576E3) bgeu a0, a1, 8172


mem[X,0x800136A0] -> 0x8193
mem[X,0x800136A2] -> 0x0011
[1656] [M]: 0x800136A0 (0x00118193) addi gp, gp, 1
x3 <- 0x00000001


mem[X,0x800136A4] -> 0x006F
mem[X,0x800136A6] -> 0x0240
[1657] [M]: 0x800136A4 (0x0240006F) jal zero, 36


mem[X,0x800136C8] -> 0x2223
mem[X,0x800136CA] -> 0x2631
[1658] [M]: 0x800136C8 (0x26312223) sw gp, 612(sp)
mem[0x8004B3C8] <- 0x00000001


mem[X,0x800136CC] -> 0xB537
mem[X,0x800136CE] -> 0xAAAA
[1659] [M]: 0x800136CC (0xAAAAB537) lui a0, 699051
x10 <- 0xAAAAB000


mem[X,0x800136D0] -> 0x0513
mem[X,0x800136D2] -> 0xAAA5
[1660] [M]: 0x800136D0 (0xAAA50513) addi a0, a0, 2730
x10 <- 0xAAAAAAAA


mem[X,0x800136D4] -> 0x65B7
mem[X,0x800136D6] -> 0x6666
[1661] [M]: 0x800136D4 (0x666665B7) lui a1, 419430
x11 <- 0x66666000


mem[X,0x800136D8] -> 0x8593
mem[X,0x800136DA] -> 0x6675
[1662] [M]: 0x800136D8 (0x66758593) addi a1, a1, 1639
x11 <- 0x66666667


mem[X,0x800136DC] -> 0x0193
mem[X,0x800136DE] -> 0x0000
[1663] [M]: 0x800136DC (0x00000193) addi gp, zero, 0
x3 <- 0x00000000


mem[X,0x800136E0] -> 0x006F
mem[X,0x800136E2] -> 0x00C0
[1664] [M]: 0x800136E0 (0x00C0006F) jal zero, 12


mem[X,0x800136EC] -> 0x7663
mem[X,0x800136EE] -> 0x00B5
[1665] [M]: 0x800136EC (0x00B57663) bgeu a0, a1, 12


mem[X,0x800136F8] -> 0x8193
mem[X,0x800136FA] -> 0x0031
[1666] [M]: 0x800136F8 (0x00318193) addi gp, gp, 3
x3 <- 0x00000003


mem[X,0x800136FC] -> 0x006F
mem[X,0x800136FE] -> 0x0040
[1667] [M]: 0x800136FC (0x0040006F) jal zero, 4


mem[X,0x80013700] -> 0x2423
mem[X,0x80013702] -> 0x2631
[1668] [M]: 0x80013700 (0x26312423) sw gp, 616(sp)
mem[0x8004B3CC] <- 0x00000003


mem[X,0x80013704] -> 0xB537
mem[X,0x80013706] -> 0xAAAA
[1669] [M]: 0x80013704 (0xAAAAB537) lui a0, 699051
x10 <- 0xAAAAB000


mem[X,0x80013708] -> 0x0513
mem[X,0x8001370A] -> 0xAAA5
[1670] [M]: 0x80013708 (0xAAA50513) addi a0, a0, 2730
x10 <- 0xAAAAAAAA


mem[X,0x8001370C] -> 0xB5B7
mem[X,0x8001370E] -> 0x0000
[1671] [M]: 0x8001370C (0x0000B5B7) lui a1, 11
x11 <- 0x0000B000


mem[X,0x80013710] -> 0x8593
mem[X,0x80013712] -> 0x5055
[1672] [M]: 0x80013710 (0x50558593) addi a1, a1, 1285
x11 <- 0x0000B505


mem[X,0x80013714] -> 0x0193
mem[X,0x80013716] -> 0x0000
[1673] [M]: 0x80013714 (0x00000193) addi gp, zero, 0
x3 <- 0x00000000


mem[X,0x80013718] -> 0x006F
mem[X,0x8001371A] -> 0x00C0
[1674] [M]: 0x80013718 (0x00C0006F) jal zero, 12


mem[X,0x80013724] -> 0x7063
mem[X,0x80013726] -> 0x20B5
[1675] [M]: 0x80013724 (0x20B57063) bgeu a0, a1, 512


mem[X,0x80013924] -> 0x8193
mem[X,0x80013926] -> 0x0031
[1676] [M]: 0x80013924 (0x00318193) addi gp, gp, 3
x3 <- 0x00000003


mem[X,0x80013928] -> 0x006F
mem[X,0x8001392A] -> 0x0040
[1677] [M]: 0x80013928 (0x0040006F) jal zero, 4


mem[X,0x8001392C] -> 0x2623
mem[X,0x8001392E] -> 0x2631
[1678] [M]: 0x8001392C (0x26312623) sw gp, 620(sp)
mem[0x8004B3D0] <- 0x00000003


mem[X,0x80013930] -> 0xB537
mem[X,0x80013932] -> 0xAAAA
[1679] [M]: 0x80013930 (0xAAAAB537) lui a0, 699051
x10 <- 0xAAAAB000


mem[X,0x80013934] -> 0x0513
mem[X,0x80013936] -> 0xAAA5
[1680] [M]: 0x80013934 (0xAAA50513) addi a0, a0, 2730
x10 <- 0xAAAAAAAA


mem[X,0x80013938] -> 0x0593
mem[X,0x8001393A] -> 0x0010
[1681] [M]: 0x80013938 (0x00100593) addi a1, zero, 1
x11 <- 0x00000001


mem[X,0x8001393C] -> 0x0193
mem[X,0x8001393E] -> 0x0000
[1682] [M]: 0x8001393C (0x00000193) addi gp, zero, 0
x3 <- 0x00000000


mem[X,0x80013940] -> 0x006F
mem[X,0x80013942] -> 0x00C0
[1683] [M]: 0x80013940 (0x00C0006F) jal zero, 12


mem[X,0x8001394C] -> 0x7663
mem[X,0x8001394E] -> 0x00B5
[1684] [M]: 0x8001394C (0x00B57663) bgeu a0, a1, 12


mem[X,0x80013958] -> 0x8193
mem[X,0x8001395A] -> 0x0031
[1685] [M]: 0x80013958 (0x00318193) addi gp, gp, 3
x3 <- 0x00000003


mem[X,0x8001395C] -> 0x006F
mem[X,0x8001395E] -> 0x0040
[1686] [M]: 0x8001395C (0x0040006F) jal zero, 4


mem[X,0x80013960] -> 0x2823
mem[X,0x80013962] -> 0x2631
[1687] [M]: 0x80013960 (0x26312823) sw gp, 624(sp)
mem[0x8004B3D4] <- 0x00000003


mem[X,0x80013964] -> 0xB537
mem[X,0x80013966] -> 0xAAAA
[1688] [M]: 0x80013964 (0xAAAAB537) lui a0, 699051
x10 <- 0xAAAAB000


mem[X,0x80013968] -> 0x0513
mem[X,0x8001396A] -> 0xAAA5
[1689] [M]: 0x80013968 (0xAAA50513) addi a0, a0, 2730
x10 <- 0xAAAAAAAA


mem[X,0x8001396C] -> 0x05B7
mem[X,0x8001396E] -> 0x0001
[1690] [M]: 0x8001396C (0x000105B7) lui a1, 16
x11 <- 0x00010000


mem[X,0x80013970] -> 0x0193
mem[X,0x80013972] -> 0x0000
[1691] [M]: 0x80013970 (0x00000193) addi gp, zero, 0
x3 <- 0x00000000


mem[X,0x80013974] -> 0x006F
mem[X,0x80013976] -> 0x00C0
[1692] [M]: 0x80013974 (0x00C0006F) jal zero, 12


mem[X,0x80013980] -> 0x7063
mem[X,0x80013982] -> 0x02B5
[1693] [M]: 0x80013980 (0x02B57063) bgeu a0, a1, 32


mem[X,0x800139A0] -> 0x8193
mem[X,0x800139A2] -> 0x0031
[1694] [M]: 0x800139A0 (0x00318193) addi gp, gp, 3
x3 <- 0x00000003


mem[X,0x800139A4] -> 0x006F
mem[X,0x800139A6] -> 0x0040
[1695] [M]: 0x800139A4 (0x0040006F) jal zero, 4


mem[X,0x800139A8] -> 0x2A23
mem[X,0x800139AA] -> 0x2631
[1696] [M]: 0x800139A8 (0x26312A23) sw gp, 628(sp)
mem[0x8004B3D8] <- 0x00000003


mem[X,0x800139AC] -> 0x0513
mem[X,0x800139AE] -> 0x0050
[1697] [M]: 0x800139AC (0x00500513) addi a0, zero, 5
x10 <- 0x00000005


mem[X,0x800139B0] -> 0x0593
mem[X,0x800139B2] -> 0x0030
[1698] [M]: 0x800139B0 (0x00300593) addi a1, zero, 3
x11 <- 0x00000003


mem[X,0x800139B4] -> 0x0193
mem[X,0x800139B6] -> 0x0000
[1699] [M]: 0x800139B4 (0x00000193) addi gp, zero, 0
x3 <- 0x00000000


clint::tick mtime <- 0x0000000000000011
 clint timer pending at mtime 0x0000000000000011
htif::tick 0x0000000000000000
mem[X,0x800139B8] -> 0x006F
mem[X,0x800139BA] -> 0x00C0
[1700] [M]: 0x800139B8 (0x00C0006F) jal zero, 12


mem[X,0x800139C4] -> 0x7663
mem[X,0x800139C6] -> 0x00B5
[1701] [M]: 0x800139C4 (0x00B57663) bgeu a0, a1, 12


mem[X,0x800139D0] -> 0x8193
mem[X,0x800139D2] -> 0x0031
[1702] [M]: 0x800139D0 (0x00318193) addi gp, gp, 3
x3 <- 0x00000003


mem[X,0x800139D4] -> 0x006F
mem[X,0x800139D6] -> 0x0040
[1703] [M]: 0x800139D4 (0x0040006F) jal zero, 4


mem[X,0x800139D8] -> 0x2C23
mem[X,0x800139DA] -> 0x2631
[1704] [M]: 0x800139D8 (0x26312C23) sw gp, 632(sp)
mem[0x8004B3DC] <- 0x00000003


mem[X,0x800139DC] -> 0x0513
mem[X,0x800139DE] -> 0x0050
[1705] [M]: 0x800139DC (0x00500513) addi a0, zero, 5
x10 <- 0x00000005


mem[X,0x800139E0] -> 0x55B7
mem[X,0x800139E2] -> 0x5555
[1706] [M]: 0x800139E0 (0x555555B7) lui a1, 349525
x11 <- 0x55555000


mem[X,0x800139E4] -> 0x8593
mem[X,0x800139E6] -> 0x5555
[1707] [M]: 0x800139E4 (0x55558593) addi a1, a1, 1365
x11 <- 0x55555555


mem[X,0x800139E8] -> 0x0193
mem[X,0x800139EA] -> 0x0000
[1708] [M]: 0x800139E8 (0x00000193) addi gp, zero, 0
x3 <- 0x00000000


mem[X,0x800139EC] -> 0x006F
mem[X,0x800139EE] -> 0x00C0
[1709] [M]: 0x800139EC (0x00C0006F) jal zero, 12


mem[X,0x800139F8] -> 0x7063
mem[X,0x800139FA] -> 0x10B5
[1710] [M]: 0x800139F8 (0x10B57063) bgeu a0, a1, 256


mem[X,0x800139FC] -> 0x8193
mem[X,0x800139FE] -> 0x0021
[1711] [M]: 0x800139FC (0x00218193) addi gp, gp, 2
x3 <- 0x00000002


mem[X,0x80013A00] -> 0x006F
mem[X,0x80013A02] -> 0x1000
[1712] [M]: 0x80013A00 (0x1000006F) jal zero, 256


mem[X,0x80013B00] -> 0x2E23
mem[X,0x80013B02] -> 0x2631
[1713] [M]: 0x80013B00 (0x26312E23) sw gp, 636(sp)
mem[0x8004B3E0] <- 0x00000002


mem[X,0x80013B04] -> 0x0513
mem[X,0x80013B06] -> 0x0050
[1714] [M]: 0x80013B04 (0x00500513) addi a0, zero, 5
x10 <- 0x00000005


mem[X,0x80013B08] -> 0xB5B7
mem[X,0x80013B0A] -> 0xAAAA
[1715] [M]: 0x80013B08 (0xAAAAB5B7) lui a1, 699051
x11 <- 0xAAAAB000


mem[X,0x80013B0C] -> 0x8593
mem[X,0x80013B0E] -> 0xAAA5
[1716] [M]: 0x80013B0C (0xAAA58593) addi a1, a1, 2730
x11 <- 0xAAAAAAAA


mem[X,0x80013B10] -> 0x0193
mem[X,0x80013B12] -> 0x0000
[1717] [M]: 0x80013B10 (0x00000193) addi gp, zero, 0
x3 <- 0x00000000


mem[X,0x80013B14] -> 0x006F
mem[X,0x80013B16] -> 0x00C0
[1718] [M]: 0x80013B14 (0x00C0006F) jal zero, 12


mem[X,0x80013B20] -> 0x7663
mem[X,0x80013B22] -> 0x00B5
[1719] [M]: 0x80013B20 (0x00B57663) bgeu a0, a1, 12


mem[X,0x80013B24] -> 0x8193
mem[X,0x80013B26] -> 0x0021
[1720] [M]: 0x80013B24 (0x00218193) addi gp, gp, 2
x3 <- 0x00000002


mem[X,0x80013B28] -> 0x006F
mem[X,0x80013B2A] -> 0x00C0
[1721] [M]: 0x80013B28 (0x00C0006F) jal zero, 12


mem[X,0x80013B34] -> 0x2023
mem[X,0x80013B36] -> 0x2831
[1722] [M]: 0x80013B34 (0x28312023) sw gp, 640(sp)
mem[0x8004B3E4] <- 0x00000002


mem[X,0x80013B38] -> 0x0513
mem[X,0x80013B3A] -> 0x0050
[1723] [M]: 0x80013B38 (0x00500513) addi a0, zero, 5
x10 <- 0x00000005


mem[X,0x80013B3C] -> 0x0593
mem[X,0x80013B3E] -> 0x0050
[1724] [M]: 0x80013B3C (0x00500593) addi a1, zero, 5
x11 <- 0x00000005


mem[X,0x80013B40] -> 0x0193
mem[X,0x80013B42] -> 0x0000
[1725] [M]: 0x80013B40 (0x00000193) addi gp, zero, 0
x3 <- 0x00000000


mem[X,0x80013B44] -> 0x006F
mem[X,0x80013B46] -> 0x00C0
[1726] [M]: 0x80013B44 (0x00C0006F) jal zero, 12


mem[X,0x80013B50] -> 0x7663
mem[X,0x80013B52] -> 0x00B5
[1727] [M]: 0x80013B50 (0x00B57663) bgeu a0, a1, 12


mem[X,0x80013B5C] -> 0x8193
mem[X,0x80013B5E] -> 0x0031
[1728] [M]: 0x80013B5C (0x00318193) addi gp, gp, 3
x3 <- 0x00000003


mem[X,0x80013B60] -> 0x006F
mem[X,0x80013B62] -> 0x0040
[1729] [M]: 0x80013B60 (0x0040006F) jal zero, 4


mem[X,0x80013B64] -> 0x2223
mem[X,0x80013B66] -> 0x2831
[1730] [M]: 0x80013B64 (0x28312223) sw gp, 644(sp)
mem[0x8004B3E8] <- 0x00000003


mem[X,0x80013B68] -> 0x0513
mem[X,0x80013B6A] -> 0x0050
[1731] [M]: 0x80013B68 (0x00500513) addi a0, zero, 5
x10 <- 0x00000005


mem[X,0x80013B6C] -> 0x35B7
mem[X,0x80013B6E] -> 0x3333
[1732] [M]: 0x80013B6C (0x333335B7) lui a1, 209715
x11 <- 0x33333000


mem[X,0x80013B70] -> 0x8593
mem[X,0x80013B72] -> 0x3335
[1733] [M]: 0x80013B70 (0x33358593) addi a1, a1, 819
x11 <- 0x33333333


mem[X,0x80013B74] -> 0x0193
mem[X,0x80013B76] -> 0x0000
[1734] [M]: 0x80013B74 (0x00000193) addi gp, zero, 0
x3 <- 0x00000000


mem[X,0x80013B78] -> 0x006F
mem[X,0x80013B7A] -> 0x00C0
[1735] [M]: 0x80013B78 (0x00C0006F) jal zero, 12


mem[X,0x80013B84] -> 0x7063
mem[X,0x80013B86] -> 0x10B5
[1736] [M]: 0x80013B84 (0x10B57063) bgeu a0, a1, 256


mem[X,0x80013B88] -> 0x8193
mem[X,0x80013B8A] -> 0x0021
[1737] [M]: 0x80013B88 (0x00218193) addi gp, gp, 2
x3 <- 0x00000002


mem[X,0x80013B8C] -> 0x006F
mem[X,0x80013B8E] -> 0x1000
[1738] [M]: 0x80013B8C (0x1000006F) jal zero, 256


mem[X,0x80013C8C] -> 0x2423
mem[X,0x80013C8E] -> 0x2831
[1739] [M]: 0x80013C8C (0x28312423) sw gp, 648(sp)
mem[0x8004B3EC] <- 0x00000002


mem[X,0x80013C90] -> 0x0513
mem[X,0x80013C92] -> 0x0050
[1740] [M]: 0x80013C90 (0x00500513) addi a0, zero, 5
x10 <- 0x00000005


mem[X,0x80013C94] -> 0x65B7
mem[X,0x80013C96] -> 0x6666
[1741] [M]: 0x80013C94 (0x666665B7) lui a1, 419430
x11 <- 0x66666000


mem[X,0x80013C98] -> 0x8593
mem[X,0x80013C9A] -> 0x6665
[1742] [M]: 0x80013C98 (0x66658593) addi a1, a1, 1638
x11 <- 0x66666666


mem[X,0x80013C9C] -> 0x0193
mem[X,0x80013C9E] -> 0x0000
[1743] [M]: 0x80013C9C (0x00000193) addi gp, zero, 0
x3 <- 0x00000000


mem[X,0x80013CA0] -> 0x006F
mem[X,0x80013CA2] -> 0x0140
[1744] [M]: 0x80013CA0 (0x0140006F) jal zero, 20


mem[X,0x80013CB4] -> 0x78E3
mem[X,0x80013CB6] -> 0xFEB5
[1745] [M]: 0x80013CB4 (0xFEB578E3) bgeu a0, a1, 8176


mem[X,0x80013CB8] -> 0x8193
mem[X,0x80013CBA] -> 0x0021
[1746] [M]: 0x80013CB8 (0x00218193) addi gp, gp, 2
x3 <- 0x00000002


mem[X,0x80013CBC] -> 0x006F
mem[X,0x80013CBE] -> 0x00C0
[1747] [M]: 0x80013CBC (0x00C0006F) jal zero, 12


mem[X,0x80013CC8] -> 0x2623
mem[X,0x80013CCA] -> 0x2831
[1748] [M]: 0x80013CC8 (0x28312623) sw gp, 652(sp)
mem[0x8004B3F0] <- 0x00000002


mem[X,0x80013CCC] -> 0x0513
mem[X,0x80013CCE] -> 0x0050
[1749] [M]: 0x80013CCC (0x00500513) addi a0, zero, 5
x10 <- 0x00000005


mem[X,0x80013CD0] -> 0xB5B7
mem[X,0x80013CD2] -> 0x0000
[1750] [M]: 0x80013CD0 (0x0000B5B7) lui a1, 11
x11 <- 0x0000B000


mem[X,0x80013CD4] -> 0x8593
mem[X,0x80013CD6] -> 0x5045
[1751] [M]: 0x80013CD4 (0x50458593) addi a1, a1, 1284
x11 <- 0x0000B504


mem[X,0x80013CD8] -> 0x0193
mem[X,0x80013CDA] -> 0x0000
[1752] [M]: 0x80013CD8 (0x00000193) addi gp, zero, 0
x3 <- 0x00000000


mem[X,0x80013CDC] -> 0x006F
mem[X,0x80013CDE] -> 0x00C0
[1753] [M]: 0x80013CDC (0x00C0006F) jal zero, 12


mem[X,0x80013CE8] -> 0x7863
mem[X,0x80013CEA] -> 0x00B5
[1754] [M]: 0x80013CE8 (0x00B57863) bgeu a0, a1, 16


mem[X,0x80013CEC] -> 0x8193
mem[X,0x80013CEE] -> 0x0021
[1755] [M]: 0x80013CEC (0x00218193) addi gp, gp, 2
x3 <- 0x00000002


mem[X,0x80013CF0] -> 0x006F
mem[X,0x80013CF2] -> 0x0100
[1756] [M]: 0x80013CF0 (0x0100006F) jal zero, 16


mem[X,0x80013D00] -> 0x2823
mem[X,0x80013D02] -> 0x2831
[1757] [M]: 0x80013D00 (0x28312823) sw gp, 656(sp)
mem[0x8004B3F4] <- 0x00000002


mem[X,0x80013D04] -> 0x0513
mem[X,0x80013D06] -> 0x0050
[1758] [M]: 0x80013D04 (0x00500513) addi a0, zero, 5
x10 <- 0x00000005


mem[X,0x80013D08] -> 0x0593
mem[X,0x80013D0A] -> 0x0000
[1759] [M]: 0x80013D08 (0x00000593) addi a1, zero, 0
x11 <- 0x00000000


mem[X,0x80013D0C] -> 0x0193
mem[X,0x80013D0E] -> 0x0000
[1760] [M]: 0x80013D0C (0x00000193) addi gp, zero, 0
x3 <- 0x00000000


mem[X,0x80013D10] -> 0x006F
mem[X,0x80013D12] -> 0x00C0
[1761] [M]: 0x80013D10 (0x00C0006F) jal zero, 12


mem[X,0x80013D1C] -> 0x7CE3
mem[X,0x80013D1E] -> 0xFEB5
[1762] [M]: 0x80013D1C (0xFEB57CE3) bgeu a0, a1, 8184


mem[X,0x80013D14] -> 0x8193
mem[X,0x80013D16] -> 0x0011
[1763] [M]: 0x80013D14 (0x00118193) addi gp, gp, 1
x3 <- 0x00000001


mem[X,0x80013D18] -> 0x006F
mem[X,0x80013D1A] -> 0x0180
[1764] [M]: 0x80013D18 (0x0180006F) jal zero, 24


mem[X,0x80013D30] -> 0x2A23
mem[X,0x80013D32] -> 0x2831
[1765] [M]: 0x80013D30 (0x28312A23) sw gp, 660(sp)
mem[0x8004B3F8] <- 0x00000001


mem[X,0x80013D34] -> 0x0513
mem[X,0x80013D36] -> 0x0050
[1766] [M]: 0x80013D34 (0x00500513) addi a0, zero, 5
x10 <- 0x00000005


mem[X,0x80013D38] -> 0x05B7
mem[X,0x80013D3A] -> 0x0001
[1767] [M]: 0x80013D38 (0x000105B7) lui a1, 16
x11 <- 0x00010000


mem[X,0x80013D3C] -> 0x8593
mem[X,0x80013D3E] -> 0xFFF5
[1768] [M]: 0x80013D3C (0xFFF58593) addi a1, a1, 4095
x11 <- 0x0000FFFF


mem[X,0x80013D40] -> 0x0193
mem[X,0x80013D42] -> 0x0000
[1769] [M]: 0x80013D40 (0x00000193) addi gp, zero, 0
x3 <- 0x00000000


mem[X,0x80013D44] -> 0x006F
mem[X,0x80013D46] -> 0x2B10
[1770] [M]: 0x80013D44 (0x2B10006F) jal zero, 2736


mem[X,0x800147F4] -> 0x7A63
mem[X,0x800147F6] -> 0xD4B5
[1771] [M]: 0x800147F4 (0xD4B57A63) bgeu a0, a1, 5460


mem[X,0x800147F8] -> 0x8193
mem[X,0x800147FA] -> 0x0021
[1772] [M]: 0x800147F8 (0x00218193) addi gp, gp, 2
x3 <- 0x00000002


mem[X,0x800147FC] -> 0x006F
mem[X,0x800147FE] -> 0x00C0
[1773] [M]: 0x800147FC (0x00C0006F) jal zero, 12


mem[X,0x80014808] -> 0x2C23
mem[X,0x8001480A] -> 0x2831
[1774] [M]: 0x80014808 (0x28312C23) sw gp, 664(sp)
mem[0x8004B3FC] <- 0x00000002


mem[X,0x8001480C] -> 0x0513
mem[X,0x8001480E] -> 0x0050
[1775] [M]: 0x8001480C (0x00500513) addi a0, zero, 5
x10 <- 0x00000005


mem[X,0x80014810] -> 0x0593
mem[X,0x80014812] -> 0x0020
[1776] [M]: 0x80014810 (0x00200593) addi a1, zero, 2
x11 <- 0x00000002


mem[X,0x80014814] -> 0x0193
mem[X,0x80014816] -> 0x0000
[1777] [M]: 0x80014814 (0x00000193) addi gp, zero, 0
x3 <- 0x00000000


mem[X,0x80014818] -> 0x006F
mem[X,0x8001481A] -> 0x00C0
[1778] [M]: 0x80014818 (0x00C0006F) jal zero, 12


mem[X,0x80014824] -> 0x7063
mem[X,0x80014826] -> 0x08B5
[1779] [M]: 0x80014824 (0x08B57063) bgeu a0, a1, 128


mem[X,0x800148A4] -> 0x8193
mem[X,0x800148A6] -> 0x0031
[1780] [M]: 0x800148A4 (0x00318193) addi gp, gp, 3
x3 <- 0x00000003


mem[X,0x800148A8] -> 0x006F
mem[X,0x800148AA] -> 0x0040
[1781] [M]: 0x800148A8 (0x0040006F) jal zero, 4


mem[X,0x800148AC] -> 0x2E23
mem[X,0x800148AE] -> 0x2831
[1782] [M]: 0x800148AC (0x28312E23) sw gp, 668(sp)
mem[0x8004B400] <- 0x00000003


mem[X,0x800148B0] -> 0x0513
mem[X,0x800148B2] -> 0x0050
[1783] [M]: 0x800148B0 (0x00500513) addi a0, zero, 5
x10 <- 0x00000005


mem[X,0x800148B4] -> 0x55B7
mem[X,0x800148B6] -> 0x5555
[1784] [M]: 0x800148B4 (0x555555B7) lui a1, 349525
x11 <- 0x55555000


mem[X,0x800148B8] -> 0x8593
mem[X,0x800148BA] -> 0x5545
[1785] [M]: 0x800148B8 (0x55458593) addi a1, a1, 1364
x11 <- 0x55555554


mem[X,0x800148BC] -> 0x0193
mem[X,0x800148BE] -> 0x0000
[1786] [M]: 0x800148BC (0x00000193) addi gp, zero, 0
x3 <- 0x00000000


mem[X,0x800148C0] -> 0x006F
mem[X,0x800148C2] -> 0x2B10
[1787] [M]: 0x800148C0 (0x2B10006F) jal zero, 2736


mem[X,0x80015370] -> 0x7A63
mem[X,0x80015372] -> 0xD4B5
[1788] [M]: 0x80015370 (0xD4B57A63) bgeu a0, a1, 5460


mem[X,0x80015374] -> 0x8193
mem[X,0x80015376] -> 0x0021
[1789] [M]: 0x80015374 (0x00218193) addi gp, gp, 2
x3 <- 0x00000002


mem[X,0x80015378] -> 0x006F
mem[X,0x8001537A] -> 0x00C0
[1790] [M]: 0x80015378 (0x00C0006F) jal zero, 12


mem[X,0x80015384] -> 0x2023
mem[X,0x80015386] -> 0x2A31
[1791] [M]: 0x80015384 (0x2A312023) sw gp, 672(sp)
mem[0x8004B404] <- 0x00000002


mem[X,0x80015388] -> 0x0513
mem[X,0x8001538A] -> 0x0050
[1792] [M]: 0x80015388 (0x00500513) addi a0, zero, 5
x10 <- 0x00000005


mem[X,0x8001538C] -> 0xB5B7
mem[X,0x8001538E] -> 0xAAAA
[1793] [M]: 0x8001538C (0xAAAAB5B7) lui a1, 699051
x11 <- 0xAAAAB000


mem[X,0x80015390] -> 0x8593
mem[X,0x80015392] -> 0xAA95
[1794] [M]: 0x80015390 (0xAA958593) addi a1, a1, 2729
x11 <- 0xAAAAAAA9


mem[X,0x80015394] -> 0x0193
mem[X,0x80015396] -> 0x0000
[1795] [M]: 0x80015394 (0x00000193) addi gp, zero, 0
x3 <- 0x00000000


mem[X,0x80015398] -> 0x006F
mem[X,0x8001539A] -> 0x0100
[1796] [M]: 0x80015398 (0x0100006F) jal zero, 16


mem[X,0x800153A8] -> 0x7AE3
mem[X,0x800153AA] -> 0xFEB5
[1797] [M]: 0x800153A8 (0xFEB57AE3) bgeu a0, a1, 8180


mem[X,0x800153AC] -> 0x8193
mem[X,0x800153AE] -> 0x0021
[1798] [M]: 0x800153AC (0x00218193) addi gp, gp, 2
x3 <- 0x00000002


mem[X,0x800153B0] -> 0x006F
mem[X,0x800153B2] -> 0x00C0
[1799] [M]: 0x800153B0 (0x00C0006F) jal zero, 12


clint::tick mtime <- 0x0000000000000012
 clint timer pending at mtime 0x0000000000000012
htif::tick 0x0000000000000000
mem[X,0x800153BC] -> 0x2223
mem[X,0x800153BE] -> 0x2A31
[1800] [M]: 0x800153BC (0x2A312223) sw gp, 676(sp)
mem[0x8004B408] <- 0x00000002


mem[X,0x800153C0] -> 0x0513
mem[X,0x800153C2] -> 0x0050
[1801] [M]: 0x800153C0 (0x00500513) addi a0, zero, 5
x10 <- 0x00000005


mem[X,0x800153C4] -> 0x0593
mem[X,0x800153C6] -> 0x0040
[1802] [M]: 0x800153C4 (0x00400593) addi a1, zero, 4
x11 <- 0x00000004


mem[X,0x800153C8] -> 0x0193
mem[X,0x800153CA] -> 0x0000
[1803] [M]: 0x800153C8 (0x00000193) addi gp, zero, 0
x3 <- 0x00000000


mem[X,0x800153CC] -> 0x006F
mem[X,0x800153CE] -> 0x00C0
[1804] [M]: 0x800153CC (0x00C0006F) jal zero, 12


mem[X,0x800153D8] -> 0x7CE3
mem[X,0x800153DA] -> 0xFEB5
[1805] [M]: 0x800153D8 (0xFEB57CE3) bgeu a0, a1, 8184


mem[X,0x800153D0] -> 0x8193
mem[X,0x800153D2] -> 0x0011
[1806] [M]: 0x800153D0 (0x00118193) addi gp, gp, 1
x3 <- 0x00000001


mem[X,0x800153D4] -> 0x006F
mem[X,0x800153D6] -> 0x0180
[1807] [M]: 0x800153D4 (0x0180006F) jal zero, 24


mem[X,0x800153EC] -> 0x2423
mem[X,0x800153EE] -> 0x2A31
[1808] [M]: 0x800153EC (0x2A312423) sw gp, 680(sp)
mem[0x8004B40C] <- 0x00000001


mem[X,0x800153F0] -> 0x0513
mem[X,0x800153F2] -> 0x0050
[1809] [M]: 0x800153F0 (0x00500513) addi a0, zero, 5
x10 <- 0x00000005


mem[X,0x800153F4] -> 0x35B7
mem[X,0x800153F6] -> 0x3333
[1810] [M]: 0x800153F4 (0x333335B7) lui a1, 209715
x11 <- 0x33333000


mem[X,0x800153F8] -> 0x8593
mem[X,0x800153FA] -> 0x3325
[1811] [M]: 0x800153F8 (0x33258593) addi a1, a1, 818
x11 <- 0x33333332


mem[X,0x800153FC] -> 0x0193
mem[X,0x800153FE] -> 0x0000
[1812] [M]: 0x800153FC (0x00000193) addi gp, zero, 0
x3 <- 0x00000000


mem[X,0x80015400] -> 0x006F
mem[X,0x80015402] -> 0x00C0
[1813] [M]: 0x80015400 (0x00C0006F) jal zero, 12


mem[X,0x8001540C] -> 0x7663
mem[X,0x8001540E] -> 0x00B5
[1814] [M]: 0x8001540C (0x00B57663) bgeu a0, a1, 12


mem[X,0x80015410] -> 0x8193
mem[X,0x80015412] -> 0x0021
[1815] [M]: 0x80015410 (0x00218193) addi gp, gp, 2
x3 <- 0x00000002


mem[X,0x80015414] -> 0x006F
mem[X,0x80015416] -> 0x00C0
[1816] [M]: 0x80015414 (0x00C0006F) jal zero, 12


mem[X,0x80015420] -> 0x2623
mem[X,0x80015422] -> 0x2A31
[1817] [M]: 0x80015420 (0x2A312623) sw gp, 684(sp)
mem[0x8004B410] <- 0x00000002


mem[X,0x80015424] -> 0x0513
mem[X,0x80015426] -> 0x0050
[1818] [M]: 0x80015424 (0x00500513) addi a0, zero, 5
x10 <- 0x00000005


mem[X,0x80015428] -> 0x65B7
mem[X,0x8001542A] -> 0x6666
[1819] [M]: 0x80015428 (0x666665B7) lui a1, 419430
x11 <- 0x66666000


mem[X,0x8001542C] -> 0x8593
mem[X,0x8001542E] -> 0x6655
[1820] [M]: 0x8001542C (0x66558593) addi a1, a1, 1637
x11 <- 0x66666665


mem[X,0x80015430] -> 0x0193
mem[X,0x80015432] -> 0x0000
[1821] [M]: 0x80015430 (0x00000193) addi gp, zero, 0
x3 <- 0x00000000


mem[X,0x80015434] -> 0x006F
mem[X,0x80015436] -> 0x00C0
[1822] [M]: 0x80015434 (0x00C0006F) jal zero, 12


mem[X,0x80015440] -> 0x7063
mem[X,0x80015442] -> 0x40B5
[1823] [M]: 0x80015440 (0x40B57063) bgeu a0, a1, 1024


mem[X,0x80015444] -> 0x8193
mem[X,0x80015446] -> 0x0021
[1824] [M]: 0x80015444 (0x00218193) addi gp, gp, 2
x3 <- 0x00000002


mem[X,0x80015448] -> 0x006F
mem[X,0x8001544A] -> 0x4000
[1825] [M]: 0x80015448 (0x4000006F) jal zero, 1024


mem[X,0x80015848] -> 0x2823
mem[X,0x8001584A] -> 0x2A31
[1826] [M]: 0x80015848 (0x2A312823) sw gp, 688(sp)
mem[0x8004B414] <- 0x00000002


mem[X,0x8001584C] -> 0x0513
mem[X,0x8001584E] -> 0x0050
[1827] [M]: 0x8001584C (0x00500513) addi a0, zero, 5
x10 <- 0x00000005


mem[X,0x80015850] -> 0xB5B7
mem[X,0x80015852] -> 0x0000
[1828] [M]: 0x80015850 (0x0000B5B7) lui a1, 11
x11 <- 0x0000B000


mem[X,0x80015854] -> 0x8593
mem[X,0x80015856] -> 0x5035
[1829] [M]: 0x80015854 (0x50358593) addi a1, a1, 1283
x11 <- 0x0000B503


mem[X,0x80015858] -> 0x0193
mem[X,0x8001585A] -> 0x0000
[1830] [M]: 0x80015858 (0x00000193) addi gp, zero, 0
x3 <- 0x00000000


mem[X,0x8001585C] -> 0x006F
mem[X,0x8001585E] -> 0x00C0
[1831] [M]: 0x8001585C (0x00C0006F) jal zero, 12


mem[X,0x80015868] -> 0x7063
mem[X,0x8001586A] -> 0x08B5
[1832] [M]: 0x80015868 (0x08B57063) bgeu a0, a1, 128


mem[X,0x8001586C] -> 0x8193
mem[X,0x8001586E] -> 0x0021
[1833] [M]: 0x8001586C (0x00218193) addi gp, gp, 2
x3 <- 0x00000002


mem[X,0x80015870] -> 0x006F
mem[X,0x80015872] -> 0x0800
[1834] [M]: 0x80015870 (0x0800006F) jal zero, 128


mem[X,0x800158F0] -> 0x2A23
mem[X,0x800158F2] -> 0x2A31
[1835] [M]: 0x800158F0 (0x2A312A23) sw gp, 692(sp)
mem[0x8004B418] <- 0x00000002


mem[X,0x800158F4] -> 0x0513
mem[X,0x800158F6] -> 0x0050
[1836] [M]: 0x800158F4 (0x00500513) addi a0, zero, 5
x10 <- 0x00000005


mem[X,0x800158F8] -> 0x05B7
mem[X,0x800158FA] -> 0x0001
[1837] [M]: 0x800158F8 (0x000105B7) lui a1, 16
x11 <- 0x00010000


mem[X,0x800158FC] -> 0x8593
mem[X,0x800158FE] -> 0xFFE5
[1838] [M]: 0x800158FC (0xFFE58593) addi a1, a1, 4094
x11 <- 0x0000FFFE


mem[X,0x80015900] -> 0x0193
mem[X,0x80015902] -> 0x0000
[1839] [M]: 0x80015900 (0x00000193) addi gp, zero, 0
x3 <- 0x00000000


mem[X,0x80015904] -> 0x006F
mem[X,0x80015906] -> 0x00C0
[1840] [M]: 0x80015904 (0x00C0006F) jal zero, 12


mem[X,0x80015910] -> 0x7CE3
mem[X,0x80015912] -> 0xFEB5
[1841] [M]: 0x80015910 (0xFEB57CE3) bgeu a0, a1, 8184


mem[X,0x80015914] -> 0x8193
mem[X,0x80015916] -> 0x0021
[1842] [M]: 0x80015914 (0x00218193) addi gp, gp, 2
x3 <- 0x00000002


mem[X,0x80015918] -> 0x006F
mem[X,0x8001591A] -> 0x00C0
[1843] [M]: 0x80015918 (0x00C0006F) jal zero, 12


mem[X,0x80015924] -> 0x2C23
mem[X,0x80015926] -> 0x2A31
[1844] [M]: 0x80015924 (0x2A312C23) sw gp, 696(sp)
mem[0x8004B41C] <- 0x00000002


mem[X,0x80015928] -> 0x0513
mem[X,0x8001592A] -> 0x0050
[1845] [M]: 0x80015928 (0x00500513) addi a0, zero, 5
x10 <- 0x00000005


mem[X,0x8001592C] -> 0x55B7
mem[X,0x8001592E] -> 0x5555
[1846] [M]: 0x8001592C (0x555555B7) lui a1, 349525
x11 <- 0x55555000


mem[X,0x80015930] -> 0x8593
mem[X,0x80015932] -> 0x5565
[1847] [M]: 0x80015930 (0x55658593) addi a1, a1, 1366
x11 <- 0x55555556


mem[X,0x80015934] -> 0x0193
mem[X,0x80015936] -> 0x0000
[1848] [M]: 0x80015934 (0x00000193) addi gp, zero, 0
x3 <- 0x00000000


mem[X,0x80015938] -> 0x006F
mem[X,0x8001593A] -> 0x00C0
[1849] [M]: 0x80015938 (0x00C0006F) jal zero, 12


mem[X,0x80015944] -> 0x7063
mem[X,0x80015946] -> 0x40B5
[1850] [M]: 0x80015944 (0x40B57063) bgeu a0, a1, 1024


mem[X,0x80015948] -> 0x8193
mem[X,0x8001594A] -> 0x0021
[1851] [M]: 0x80015948 (0x00218193) addi gp, gp, 2
x3 <- 0x00000002


mem[X,0x8001594C] -> 0x006F
mem[X,0x8001594E] -> 0x4000
[1852] [M]: 0x8001594C (0x4000006F) jal zero, 1024


mem[X,0x80015D4C] -> 0x2E23
mem[X,0x80015D4E] -> 0x2A31
[1853] [M]: 0x80015D4C (0x2A312E23) sw gp, 700(sp)
mem[0x8004B420] <- 0x00000002


mem[X,0x80015D50] -> 0x0513
mem[X,0x80015D52] -> 0x0050
[1854] [M]: 0x80015D50 (0x00500513) addi a0, zero, 5
x10 <- 0x00000005


mem[X,0x80015D54] -> 0xB5B7
mem[X,0x80015D56] -> 0xAAAA
[1855] [M]: 0x80015D54 (0xAAAAB5B7) lui a1, 699051
x11 <- 0xAAAAB000


mem[X,0x80015D58] -> 0x8593
mem[X,0x80015D5A] -> 0xAAB5
[1856] [M]: 0x80015D58 (0xAAB58593) addi a1, a1, 2731
x11 <- 0xAAAAAAAB


mem[X,0x80015D5C] -> 0x0193
mem[X,0x80015D5E] -> 0x0000
[1857] [M]: 0x80015D5C (0x00000193) addi gp, zero, 0
x3 <- 0x00000000


mem[X,0x80015D60] -> 0x006F
mem[X,0x80015D62] -> 0x00C0
[1858] [M]: 0x80015D60 (0x00C0006F) jal zero, 12


mem[X,0x80015D6C] -> 0x7663
mem[X,0x80015D6E] -> 0x00B5
[1859] [M]: 0x80015D6C (0x00B57663) bgeu a0, a1, 12


mem[X,0x80015D70] -> 0x8193
mem[X,0x80015D72] -> 0x0021
[1860] [M]: 0x80015D70 (0x00218193) addi gp, gp, 2
x3 <- 0x00000002


mem[X,0x80015D74] -> 0x006F
mem[X,0x80015D76] -> 0x00C0
[1861] [M]: 0x80015D74 (0x00C0006F) jal zero, 12


mem[X,0x80015D80] -> 0x2023
mem[X,0x80015D82] -> 0x2C31
[1862] [M]: 0x80015D80 (0x2C312023) sw gp, 704(sp)
mem[0x8004B424] <- 0x00000002


mem[X,0x80015D84] -> 0x0513
mem[X,0x80015D86] -> 0x0050
[1863] [M]: 0x80015D84 (0x00500513) addi a0, zero, 5
x10 <- 0x00000005


mem[X,0x80015D88] -> 0x0593
mem[X,0x80015D8A] -> 0x0060
[1864] [M]: 0x80015D88 (0x00600593) addi a1, zero, 6
x11 <- 0x00000006


mem[X,0x80015D8C] -> 0x0193
mem[X,0x80015D8E] -> 0x0000
[1865] [M]: 0x80015D8C (0x00000193) addi gp, zero, 0
x3 <- 0x00000000


mem[X,0x80015D90] -> 0x006F
mem[X,0x80015D92] -> 0x00C0
[1866] [M]: 0x80015D90 (0x00C0006F) jal zero, 12


mem[X,0x80015D9C] -> 0x7663
mem[X,0x80015D9E] -> 0x00B5
[1867] [M]: 0x80015D9C (0x00B57663) bgeu a0, a1, 12


mem[X,0x80015DA0] -> 0x8193
mem[X,0x80015DA2] -> 0x0021
[1868] [M]: 0x80015DA0 (0x00218193) addi gp, gp, 2
x3 <- 0x00000002


mem[X,0x80015DA4] -> 0x006F
mem[X,0x80015DA6] -> 0x00C0
[1869] [M]: 0x80015DA4 (0x00C0006F) jal zero, 12


mem[X,0x80015DB0] -> 0x2223
mem[X,0x80015DB2] -> 0x2C31
[1870] [M]: 0x80015DB0 (0x2C312223) sw gp, 708(sp)
mem[0x8004B428] <- 0x00000002


mem[X,0x80015DB4] -> 0x0513
mem[X,0x80015DB6] -> 0x0050
[1871] [M]: 0x80015DB4 (0x00500513) addi a0, zero, 5
x10 <- 0x00000005


mem[X,0x80015DB8] -> 0x35B7
mem[X,0x80015DBA] -> 0x3333
[1872] [M]: 0x80015DB8 (0x333335B7) lui a1, 209715
x11 <- 0x33333000


mem[X,0x80015DBC] -> 0x8593
mem[X,0x80015DBE] -> 0x3345
[1873] [M]: 0x80015DBC (0x33458593) addi a1, a1, 820
x11 <- 0x33333334


mem[X,0x80015DC0] -> 0x0193
mem[X,0x80015DC2] -> 0x0000
[1874] [M]: 0x80015DC0 (0x00000193) addi gp, zero, 0
x3 <- 0x00000000


mem[X,0x80015DC4] -> 0x006F
mem[X,0x80015DC6] -> 0x00C0
[1875] [M]: 0x80015DC4 (0x00C0006F) jal zero, 12


mem[X,0x80015DD0] -> 0x7663
mem[X,0x80015DD2] -> 0x00B5
[1876] [M]: 0x80015DD0 (0x00B57663) bgeu a0, a1, 12


mem[X,0x80015DD4] -> 0x8193
mem[X,0x80015DD6] -> 0x0021
[1877] [M]: 0x80015DD4 (0x00218193) addi gp, gp, 2
x3 <- 0x00000002


mem[X,0x80015DD8] -> 0x006F
mem[X,0x80015DDA] -> 0x00C0
[1878] [M]: 0x80015DD8 (0x00C0006F) jal zero, 12


mem[X,0x80015DE4] -> 0x2423
mem[X,0x80015DE6] -> 0x2C31
[1879] [M]: 0x80015DE4 (0x2C312423) sw gp, 712(sp)
mem[0x8004B42C] <- 0x00000002


mem[X,0x80015DE8] -> 0x0513
mem[X,0x80015DEA] -> 0x0050
[1880] [M]: 0x80015DE8 (0x00500513) addi a0, zero, 5
x10 <- 0x00000005


mem[X,0x80015DEC] -> 0x65B7
mem[X,0x80015DEE] -> 0x6666
[1881] [M]: 0x80015DEC (0x666665B7) lui a1, 419430
x11 <- 0x66666000


mem[X,0x80015DF0] -> 0x8593
mem[X,0x80015DF2] -> 0x6675
[1882] [M]: 0x80015DF0 (0x66758593) addi a1, a1, 1639
x11 <- 0x66666667


mem[X,0x80015DF4] -> 0x0193
mem[X,0x80015DF6] -> 0x0000
[1883] [M]: 0x80015DF4 (0x00000193) addi gp, zero, 0
x3 <- 0x00000000


mem[X,0x80015DF8] -> 0x006F
mem[X,0x80015DFA] -> 0x00C0
[1884] [M]: 0x80015DF8 (0x00C0006F) jal zero, 12


mem[X,0x80015E04] -> 0x7063
mem[X,0x80015E06] -> 0x04B5
[1885] [M]: 0x80015E04 (0x04B57063) bgeu a0, a1, 64


mem[X,0x80015E08] -> 0x8193
mem[X,0x80015E0A] -> 0x0021
[1886] [M]: 0x80015E08 (0x00218193) addi gp, gp, 2
x3 <- 0x00000002


mem[X,0x80015E0C] -> 0x006F
mem[X,0x80015E0E] -> 0x0400
[1887] [M]: 0x80015E0C (0x0400006F) jal zero, 64


mem[X,0x80015E4C] -> 0x2623
mem[X,0x80015E4E] -> 0x2C31
[1888] [M]: 0x80015E4C (0x2C312623) sw gp, 716(sp)
mem[0x8004B430] <- 0x00000002


mem[X,0x80015E50] -> 0x0513
mem[X,0x80015E52] -> 0x0050
[1889] [M]: 0x80015E50 (0x00500513) addi a0, zero, 5
x10 <- 0x00000005


mem[X,0x80015E54] -> 0xB5B7
mem[X,0x80015E56] -> 0x0000
[1890] [M]: 0x80015E54 (0x0000B5B7) lui a1, 11
x11 <- 0x0000B000


mem[X,0x80015E58] -> 0x8593
mem[X,0x80015E5A] -> 0x5055
[1891] [M]: 0x80015E58 (0x50558593) addi a1, a1, 1285
x11 <- 0x0000B505


mem[X,0x80015E5C] -> 0x0193
mem[X,0x80015E5E] -> 0x0000
[1892] [M]: 0x80015E5C (0x00000193) addi gp, zero, 0
x3 <- 0x00000000


mem[X,0x80015E60] -> 0x006F
mem[X,0x80015E62] -> 0x00C0
[1893] [M]: 0x80015E60 (0x00C0006F) jal zero, 12


mem[X,0x80015E6C] -> 0x7063
mem[X,0x80015E6E] -> 0x02B5
[1894] [M]: 0x80015E6C (0x02B57063) bgeu a0, a1, 32


mem[X,0x80015E70] -> 0x8193
mem[X,0x80015E72] -> 0x0021
[1895] [M]: 0x80015E70 (0x00218193) addi gp, gp, 2
x3 <- 0x00000002


mem[X,0x80015E74] -> 0x006F
mem[X,0x80015E76] -> 0x0200
[1896] [M]: 0x80015E74 (0x0200006F) jal zero, 32


mem[X,0x80015E94] -> 0x2823
mem[X,0x80015E96] -> 0x2C31
[1897] [M]: 0x80015E94 (0x2C312823) sw gp, 720(sp)
mem[0x8004B434] <- 0x00000002


mem[X,0x80015E98] -> 0x0513
mem[X,0x80015E9A] -> 0x0050
[1898] [M]: 0x80015E98 (0x00500513) addi a0, zero, 5
x10 <- 0x00000005


mem[X,0x80015E9C] -> 0x0593
mem[X,0x80015E9E] -> 0x0010
[1899] [M]: 0x80015E9C (0x00100593) addi a1, zero, 1
x11 <- 0x00000001


clint::tick mtime <- 0x0000000000000013
 clint timer pending at mtime 0x0000000000000013
htif::tick 0x0000000000000000
mem[X,0x80015EA0] -> 0x0193
mem[X,0x80015EA2] -> 0x0000
[1900] [M]: 0x80015EA0 (0x00000193) addi gp, zero, 0
x3 <- 0x00000000


mem[X,0x80015EA4] -> 0x006F
mem[X,0x80015EA6] -> 0x00C0
[1901] [M]: 0x80015EA4 (0x00C0006F) jal zero, 12


mem[X,0x80015EB0] -> 0x7063
mem[X,0x80015EB2] -> 0x10B5
[1902] [M]: 0x80015EB0 (0x10B57063) bgeu a0, a1, 256


mem[X,0x80015FB0] -> 0x8193
mem[X,0x80015FB2] -> 0x0031
[1903] [M]: 0x80015FB0 (0x00318193) addi gp, gp, 3
x3 <- 0x00000003


mem[X,0x80015FB4] -> 0x006F
mem[X,0x80015FB6] -> 0x0040
[1904] [M]: 0x80015FB4 (0x0040006F) jal zero, 4


mem[X,0x80015FB8] -> 0x2A23
mem[X,0x80015FBA] -> 0x2C31
[1905] [M]: 0x80015FB8 (0x2C312A23) sw gp, 724(sp)
mem[0x8004B438] <- 0x00000003


mem[X,0x80015FBC] -> 0x0513
mem[X,0x80015FBE] -> 0x0050
[1906] [M]: 0x80015FBC (0x00500513) addi a0, zero, 5
x10 <- 0x00000005


mem[X,0x80015FC0] -> 0x05B7
mem[X,0x80015FC2] -> 0x0001
[1907] [M]: 0x80015FC0 (0x000105B7) lui a1, 16
x11 <- 0x00010000


mem[X,0x80015FC4] -> 0x0193
mem[X,0x80015FC6] -> 0x0000
[1908] [M]: 0x80015FC4 (0x00000193) addi gp, zero, 0
x3 <- 0x00000000


mem[X,0x80015FC8] -> 0x006F
mem[X,0x80015FCA] -> 0x00C0
[1909] [M]: 0x80015FC8 (0x00C0006F) jal zero, 12


mem[X,0x80015FD4] -> 0x7063
mem[X,0x80015FD6] -> 0x08B5
[1910] [M]: 0x80015FD4 (0x08B57063) bgeu a0, a1, 128


mem[X,0x80015FD8] -> 0x8193
mem[X,0x80015FDA] -> 0x0021
[1911] [M]: 0x80015FD8 (0x00218193) addi gp, gp, 2
x3 <- 0x00000002


mem[X,0x80015FDC] -> 0x006F
mem[X,0x80015FDE] -> 0x0800
[1912] [M]: 0x80015FDC (0x0800006F) jal zero, 128


mem[X,0x8001605C] -> 0x2C23
mem[X,0x8001605E] -> 0x2C31
[1913] [M]: 0x8001605C (0x2C312C23) sw gp, 728(sp)
mem[0x8004B43C] <- 0x00000002


mem[X,0x80016060] -> 0x3537
mem[X,0x80016062] -> 0x3333
[1914] [M]: 0x80016060 (0x33333537) lui a0, 209715
x10 <- 0x33333000


mem[X,0x80016064] -> 0x0513
mem[X,0x80016066] -> 0x3335
[1915] [M]: 0x80016064 (0x33350513) addi a0, a0, 819
x10 <- 0x33333333


mem[X,0x80016068] -> 0x0593
mem[X,0x8001606A] -> 0x0030
[1916] [M]: 0x80016068 (0x00300593) addi a1, zero, 3
x11 <- 0x00000003


mem[X,0x8001606C] -> 0x0193
mem[X,0x8001606E] -> 0x0000
[1917] [M]: 0x8001606C (0x00000193) addi gp, zero, 0
x3 <- 0x00000000


mem[X,0x80016070] -> 0x006F
mem[X,0x80016072] -> 0x0050
[1918] [M]: 0x80016070 (0x0050006F) jal zero, 2052


mem[X,0x80016874] -> 0x70E3
mem[X,0x80016876] -> 0x80B5
[1919] [M]: 0x80016874 (0x80B570E3) bgeu a0, a1, 6144


mem[X,0x80016074] -> 0x8193
mem[X,0x80016076] -> 0x0011
[1920] [M]: 0x80016074 (0x00118193) addi gp, gp, 1
x3 <- 0x00000001


mem[X,0x80016078] -> 0x006F
mem[X,0x8001607A] -> 0x0110
[1921] [M]: 0x80016078 (0x0110006F) jal zero, 2064


mem[X,0x80016888] -> 0x2E23
mem[X,0x8001688A] -> 0x2C31
[1922] [M]: 0x80016888 (0x2C312E23) sw gp, 732(sp)
mem[0x8004B440] <- 0x00000001


mem[X,0x8001688C] -> 0x3537
mem[X,0x8001688E] -> 0x3333
[1923] [M]: 0x8001688C (0x33333537) lui a0, 209715
x10 <- 0x33333000


mem[X,0x80016890] -> 0x0513
mem[X,0x80016892] -> 0x3335
[1924] [M]: 0x80016890 (0x33350513) addi a0, a0, 819
x10 <- 0x33333333


mem[X,0x80016894] -> 0x55B7
mem[X,0x80016896] -> 0x5555
[1925] [M]: 0x80016894 (0x555555B7) lui a1, 349525
x11 <- 0x55555000


mem[X,0x80016898] -> 0x8593
mem[X,0x8001689A] -> 0x5555
[1926] [M]: 0x80016898 (0x55558593) addi a1, a1, 1365
x11 <- 0x55555555


mem[X,0x8001689C] -> 0x0193
mem[X,0x8001689E] -> 0x0000
[1927] [M]: 0x8001689C (0x00000193) addi gp, zero, 0
x3 <- 0x00000000


mem[X,0x800168A0] -> 0x006F
mem[X,0x800168A2] -> 0x00C0
[1928] [M]: 0x800168A0 (0x00C0006F) jal zero, 12


mem[X,0x800168AC] -> 0x7063
mem[X,0x800168AE] -> 0x10B5
[1929] [M]: 0x800168AC (0x10B57063) bgeu a0, a1, 256


mem[X,0x800168B0] -> 0x8193
mem[X,0x800168B2] -> 0x0021
[1930] [M]: 0x800168B0 (0x00218193) addi gp, gp, 2
x3 <- 0x00000002


mem[X,0x800168B4] -> 0x006F
mem[X,0x800168B6] -> 0x1000
[1931] [M]: 0x800168B4 (0x1000006F) jal zero, 256


mem[X,0x800169B4] -> 0x2023
mem[X,0x800169B6] -> 0x2E31
[1932] [M]: 0x800169B4 (0x2E312023) sw gp, 736(sp)
mem[0x8004B444] <- 0x00000002


mem[X,0x800169B8] -> 0x3537
mem[X,0x800169BA] -> 0x3333
[1933] [M]: 0x800169B8 (0x33333537) lui a0, 209715
x10 <- 0x33333000


mem[X,0x800169BC] -> 0x0513
mem[X,0x800169BE] -> 0x3335
[1934] [M]: 0x800169BC (0x33350513) addi a0, a0, 819
x10 <- 0x33333333


mem[X,0x800169C0] -> 0xB5B7
mem[X,0x800169C2] -> 0xAAAA
[1935] [M]: 0x800169C0 (0xAAAAB5B7) lui a1, 699051
x11 <- 0xAAAAB000


mem[X,0x800169C4] -> 0x8593
mem[X,0x800169C6] -> 0xAAA5
[1936] [M]: 0x800169C4 (0xAAA58593) addi a1, a1, 2730
x11 <- 0xAAAAAAAA


mem[X,0x800169C8] -> 0x0193
mem[X,0x800169CA] -> 0x0000
[1937] [M]: 0x800169C8 (0x00000193) addi gp, zero, 0
x3 <- 0x00000000


mem[X,0x800169CC] -> 0x006F
mem[X,0x800169CE] -> 0x00C0
[1938] [M]: 0x800169CC (0x00C0006F) jal zero, 12


mem[X,0x800169D8] -> 0x7663
mem[X,0x800169DA] -> 0x00B5
[1939] [M]: 0x800169D8 (0x00B57663) bgeu a0, a1, 12


mem[X,0x800169DC] -> 0x8193
mem[X,0x800169DE] -> 0x0021
[1940] [M]: 0x800169DC (0x00218193) addi gp, gp, 2
x3 <- 0x00000002


mem[X,0x800169E0] -> 0x006F
mem[X,0x800169E2] -> 0x00C0
[1941] [M]: 0x800169E0 (0x00C0006F) jal zero, 12


mem[X,0x800169EC] -> 0x2223
mem[X,0x800169EE] -> 0x2E31
[1942] [M]: 0x800169EC (0x2E312223) sw gp, 740(sp)
mem[0x8004B448] <- 0x00000002


mem[X,0x800169F0] -> 0x3537
mem[X,0x800169F2] -> 0x3333
[1943] [M]: 0x800169F0 (0x33333537) lui a0, 209715
x10 <- 0x33333000


mem[X,0x800169F4] -> 0x0513
mem[X,0x800169F6] -> 0x3335
[1944] [M]: 0x800169F4 (0x33350513) addi a0, a0, 819
x10 <- 0x33333333


mem[X,0x800169F8] -> 0x0593
mem[X,0x800169FA] -> 0x0050
[1945] [M]: 0x800169F8 (0x00500593) addi a1, zero, 5
x11 <- 0x00000005


mem[X,0x800169FC] -> 0x0193
mem[X,0x800169FE] -> 0x0000
[1946] [M]: 0x800169FC (0x00000193) addi gp, zero, 0
x3 <- 0x00000000


mem[X,0x80016A00] -> 0x006F
mem[X,0x80016A02] -> 0x00C0
[1947] [M]: 0x80016A00 (0x00C0006F) jal zero, 12


mem[X,0x80016A0C] -> 0x7063
mem[X,0x80016A0E] -> 0x10B5
[1948] [M]: 0x80016A0C (0x10B57063) bgeu a0, a1, 256


mem[X,0x80016B0C] -> 0x8193
mem[X,0x80016B0E] -> 0x0031
[1949] [M]: 0x80016B0C (0x00318193) addi gp, gp, 3
x3 <- 0x00000003


mem[X,0x80016B10] -> 0x006F
mem[X,0x80016B12] -> 0x0040
[1950] [M]: 0x80016B10 (0x0040006F) jal zero, 4


mem[X,0x80016B14] -> 0x2423
mem[X,0x80016B16] -> 0x2E31
[1951] [M]: 0x80016B14 (0x2E312423) sw gp, 744(sp)
mem[0x8004B44C] <- 0x00000003


mem[X,0x80016B18] -> 0x3537
mem[X,0x80016B1A] -> 0x3333
[1952] [M]: 0x80016B18 (0x33333537) lui a0, 209715
x10 <- 0x33333000


mem[X,0x80016B1C] -> 0x0513
mem[X,0x80016B1E] -> 0x3335
[1953] [M]: 0x80016B1C (0x33350513) addi a0, a0, 819
x10 <- 0x33333333


mem[X,0x80016B20] -> 0x35B7
mem[X,0x80016B22] -> 0x3333
[1954] [M]: 0x80016B20 (0x333335B7) lui a1, 209715
x11 <- 0x33333000


mem[X,0x80016B24] -> 0x8593
mem[X,0x80016B26] -> 0x3335
[1955] [M]: 0x80016B24 (0x33358593) addi a1, a1, 819
x11 <- 0x33333333


mem[X,0x80016B28] -> 0x0193
mem[X,0x80016B2A] -> 0x0000
[1956] [M]: 0x80016B28 (0x00000193) addi gp, zero, 0
x3 <- 0x00000000


mem[X,0x80016B2C] -> 0x006F
mem[X,0x80016B2E] -> 0x00C0
[1957] [M]: 0x80016B2C (0x00C0006F) jal zero, 12


mem[X,0x80016B38] -> 0x7663
mem[X,0x80016B3A] -> 0x00B5
[1958] [M]: 0x80016B38 (0x00B57663) bgeu a0, a1, 12


mem[X,0x80016B44] -> 0x8193
mem[X,0x80016B46] -> 0x0031
[1959] [M]: 0x80016B44 (0x00318193) addi gp, gp, 3
x3 <- 0x00000003


mem[X,0x80016B48] -> 0x006F
mem[X,0x80016B4A] -> 0x0040
[1960] [M]: 0x80016B48 (0x0040006F) jal zero, 4


mem[X,0x80016B4C] -> 0x2623
mem[X,0x80016B4E] -> 0x2E31
[1961] [M]: 0x80016B4C (0x2E312623) sw gp, 748(sp)
mem[0x8004B450] <- 0x00000003


mem[X,0x80016B50] -> 0x3537
mem[X,0x80016B52] -> 0x3333
[1962] [M]: 0x80016B50 (0x33333537) lui a0, 209715
x10 <- 0x33333000


mem[X,0x80016B54] -> 0x0513
mem[X,0x80016B56] -> 0x3335
[1963] [M]: 0x80016B54 (0x33350513) addi a0, a0, 819
x10 <- 0x33333333


mem[X,0x80016B58] -> 0x65B7
mem[X,0x80016B5A] -> 0x6666
[1964] [M]: 0x80016B58 (0x666665B7) lui a1, 419430
x11 <- 0x66666000


mem[X,0x80016B5C] -> 0x8593
mem[X,0x80016B5E] -> 0x6665
[1965] [M]: 0x80016B5C (0x66658593) addi a1, a1, 1638
x11 <- 0x66666666


mem[X,0x80016B60] -> 0x0193
mem[X,0x80016B62] -> 0x0000
[1966] [M]: 0x80016B60 (0x00000193) addi gp, zero, 0
x3 <- 0x00000000


mem[X,0x80016B64] -> 0x006F
mem[X,0x80016B66] -> 0x00C0
[1967] [M]: 0x80016B64 (0x00C0006F) jal zero, 12


mem[X,0x80016B70] -> 0x7063
mem[X,0x80016B72] -> 0x02B5
[1968] [M]: 0x80016B70 (0x02B57063) bgeu a0, a1, 32


mem[X,0x80016B74] -> 0x8193
mem[X,0x80016B76] -> 0x0021
[1969] [M]: 0x80016B74 (0x00218193) addi gp, gp, 2
x3 <- 0x00000002


mem[X,0x80016B78] -> 0x006F
mem[X,0x80016B7A] -> 0x0200
[1970] [M]: 0x80016B78 (0x0200006F) jal zero, 32


mem[X,0x80016B98] -> 0x2823
mem[X,0x80016B9A] -> 0x2E31
[1971] [M]: 0x80016B98 (0x2E312823) sw gp, 752(sp)
mem[0x8004B454] <- 0x00000002


mem[X,0x80016B9C] -> 0x3537
mem[X,0x80016B9E] -> 0x3333
[1972] [M]: 0x80016B9C (0x33333537) lui a0, 209715
x10 <- 0x33333000


mem[X,0x80016BA0] -> 0x0513
mem[X,0x80016BA2] -> 0x3335
[1973] [M]: 0x80016BA0 (0x33350513) addi a0, a0, 819
x10 <- 0x33333333


mem[X,0x80016BA4] -> 0xB5B7
mem[X,0x80016BA6] -> 0x0000
[1974] [M]: 0x80016BA4 (0x0000B5B7) lui a1, 11
x11 <- 0x0000B000


mem[X,0x80016BA8] -> 0x8593
mem[X,0x80016BAA] -> 0x5045
[1975] [M]: 0x80016BA8 (0x50458593) addi a1, a1, 1284
x11 <- 0x0000B504


mem[X,0x80016BAC] -> 0x0193
mem[X,0x80016BAE] -> 0x0000
[1976] [M]: 0x80016BAC (0x00000193) addi gp, zero, 0
x3 <- 0x00000000


mem[X,0x80016BB0] -> 0x006F
mem[X,0x80016BB2] -> 0x00C0
[1977] [M]: 0x80016BB0 (0x00C0006F) jal zero, 12


mem[X,0x80016BBC] -> 0x7063
mem[X,0x80016BBE] -> 0x10B5
[1978] [M]: 0x80016BBC (0x10B57063) bgeu a0, a1, 256


mem[X,0x80016CBC] -> 0x8193
mem[X,0x80016CBE] -> 0x0031
[1979] [M]: 0x80016CBC (0x00318193) addi gp, gp, 3
x3 <- 0x00000003


mem[X,0x80016CC0] -> 0x006F
mem[X,0x80016CC2] -> 0x0040
[1980] [M]: 0x80016CC0 (0x0040006F) jal zero, 4


mem[X,0x80016CC4] -> 0x2A23
mem[X,0x80016CC6] -> 0x2E31
[1981] [M]: 0x80016CC4 (0x2E312A23) sw gp, 756(sp)
mem[0x8004B458] <- 0x00000003


mem[X,0x80016CC8] -> 0x3537
mem[X,0x80016CCA] -> 0x3333
[1982] [M]: 0x80016CC8 (0x33333537) lui a0, 209715
x10 <- 0x33333000


mem[X,0x80016CCC] -> 0x0513
mem[X,0x80016CCE] -> 0x3335
[1983] [M]: 0x80016CCC (0x33350513) addi a0, a0, 819
x10 <- 0x33333333


mem[X,0x80016CD0] -> 0x0593
mem[X,0x80016CD2] -> 0x0000
[1984] [M]: 0x80016CD0 (0x00000593) addi a1, zero, 0
x11 <- 0x00000000


mem[X,0x80016CD4] -> 0x0193
mem[X,0x80016CD6] -> 0x0000
[1985] [M]: 0x80016CD4 (0x00000193) addi gp, zero, 0
x3 <- 0x00000000


mem[X,0x80016CD8] -> 0x006F
mem[X,0x80016CDA] -> 0x00C0
[1986] [M]: 0x80016CD8 (0x00C0006F) jal zero, 12


mem[X,0x80016CE4] -> 0x7063
mem[X,0x80016CE6] -> 0x40B5
[1987] [M]: 0x80016CE4 (0x40B57063) bgeu a0, a1, 1024


mem[X,0x800170E4] -> 0x8193
mem[X,0x800170E6] -> 0x0031
[1988] [M]: 0x800170E4 (0x00318193) addi gp, gp, 3
x3 <- 0x00000003


mem[X,0x800170E8] -> 0x006F
mem[X,0x800170EA] -> 0x0040
[1989] [M]: 0x800170E8 (0x0040006F) jal zero, 4


mem[X,0x800170EC] -> 0x2C23
mem[X,0x800170EE] -> 0x2E31
[1990] [M]: 0x800170EC (0x2E312C23) sw gp, 760(sp)
mem[0x8004B45C] <- 0x00000003


mem[X,0x800170F0] -> 0x3537
mem[X,0x800170F2] -> 0x3333
[1991] [M]: 0x800170F0 (0x33333537) lui a0, 209715
x10 <- 0x33333000


mem[X,0x800170F4] -> 0x0513
mem[X,0x800170F6] -> 0x3335
[1992] [M]: 0x800170F4 (0x33350513) addi a0, a0, 819
x10 <- 0x33333333


mem[X,0x800170F8] -> 0x05B7
mem[X,0x800170FA] -> 0x0001
[1993] [M]: 0x800170F8 (0x000105B7) lui a1, 16
x11 <- 0x00010000


mem[X,0x800170FC] -> 0x8593
mem[X,0x800170FE] -> 0xFFF5
[1994] [M]: 0x800170FC (0xFFF58593) addi a1, a1, 4095
x11 <- 0x0000FFFF


mem[X,0x80017100] -> 0x0193
mem[X,0x80017102] -> 0x0000
[1995] [M]: 0x80017100 (0x00000193) addi gp, zero, 0
x3 <- 0x00000000


mem[X,0x80017104] -> 0x006F
mem[X,0x80017106] -> 0x0050
[1996] [M]: 0x80017104 (0x0050006F) jal zero, 2052


mem[X,0x80017908] -> 0x70E3
mem[X,0x8001790A] -> 0x80B5
[1997] [M]: 0x80017908 (0x80B570E3) bgeu a0, a1, 6144


mem[X,0x80017108] -> 0x8193
mem[X,0x8001710A] -> 0x0011
[1998] [M]: 0x80017108 (0x00118193) addi gp, gp, 1
x3 <- 0x00000001


mem[X,0x8001710C] -> 0x006F
mem[X,0x8001710E] -> 0x0110
[1999] [M]: 0x8001710C (0x0110006F) jal zero, 2064


clint::tick mtime <- 0x0000000000000014
 clint timer pending at mtime 0x0000000000000014
htif::tick 0x0000000000000000
mem[X,0x8001791C] -> 0x2E23
mem[X,0x8001791E] -> 0x2E31
[2000] [M]: 0x8001791C (0x2E312E23) sw gp, 764(sp)
mem[0x8004B460] <- 0x00000001


mem[X,0x80017920] -> 0x3537
mem[X,0x80017922] -> 0x3333
[2001] [M]: 0x80017920 (0x33333537) lui a0, 209715
x10 <- 0x33333000


mem[X,0x80017924] -> 0x0513
mem[X,0x80017926] -> 0x3335
[2002] [M]: 0x80017924 (0x33350513) addi a0, a0, 819
x10 <- 0x33333333


mem[X,0x80017928] -> 0x0593
mem[X,0x8001792A] -> 0x0020
[2003] [M]: 0x80017928 (0x00200593) addi a1, zero, 2
x11 <- 0x00000002


mem[X,0x8001792C] -> 0x0193
mem[X,0x8001792E] -> 0x0000
[2004] [M]: 0x8001792C (0x00000193) addi gp, zero, 0
x3 <- 0x00000000


mem[X,0x80017930] -> 0x006F
mem[X,0x80017932] -> 0x00C0
[2005] [M]: 0x80017930 (0x00C0006F) jal zero, 12


mem[X,0x8001793C] -> 0x7863
mem[X,0x8001793E] -> 0x00B5
[2006] [M]: 0x8001793C (0x00B57863) bgeu a0, a1, 16


mem[X,0x8001794C] -> 0x8193
mem[X,0x8001794E] -> 0x0031
[2007] [M]: 0x8001794C (0x00318193) addi gp, gp, 3
x3 <- 0x00000003


mem[X,0x80017950] -> 0x006F
mem[X,0x80017952] -> 0x0040
[2008] [M]: 0x80017950 (0x0040006F) jal zero, 4


mem[X,0x80017954] -> 0x2023
mem[X,0x80017956] -> 0x3031
[2009] [M]: 0x80017954 (0x30312023) sw gp, 768(sp)
mem[0x8004B464] <- 0x00000003


mem[X,0x80017958] -> 0x3537
mem[X,0x8001795A] -> 0x3333
[2010] [M]: 0x80017958 (0x33333537) lui a0, 209715
x10 <- 0x33333000


mem[X,0x8001795C] -> 0x0513
mem[X,0x8001795E] -> 0x3335
[2011] [M]: 0x8001795C (0x33350513) addi a0, a0, 819
x10 <- 0x33333333


mem[X,0x80017960] -> 0x55B7
mem[X,0x80017962] -> 0x5555
[2012] [M]: 0x80017960 (0x555555B7) lui a1, 349525
x11 <- 0x55555000


mem[X,0x80017964] -> 0x8593
mem[X,0x80017966] -> 0x5545
[2013] [M]: 0x80017964 (0x55458593) addi a1, a1, 1364
x11 <- 0x55555554


mem[X,0x80017968] -> 0x0193
mem[X,0x8001796A] -> 0x0000
[2014] [M]: 0x80017968 (0x00000193) addi gp, zero, 0
x3 <- 0x00000000


mem[X,0x8001796C] -> 0x006F
mem[X,0x8001796E] -> 0x00C0
[2015] [M]: 0x8001796C (0x00C0006F) jal zero, 12


mem[X,0x80017978] -> 0x7663
mem[X,0x8001797A] -> 0x00B5
[2016] [M]: 0x80017978 (0x00B57663) bgeu a0, a1, 12


mem[X,0x8001797C] -> 0x8193
mem[X,0x8001797E] -> 0x0021
[2017] [M]: 0x8001797C (0x00218193) addi gp, gp, 2
x3 <- 0x00000002


mem[X,0x80017980] -> 0x006F
mem[X,0x80017982] -> 0x00C0
[2018] [M]: 0x80017980 (0x00C0006F) jal zero, 12


mem[X,0x8001798C] -> 0x2223
mem[X,0x8001798E] -> 0x3031
[2019] [M]: 0x8001798C (0x30312223) sw gp, 772(sp)
mem[0x8004B468] <- 0x00000002


mem[X,0x80017990] -> 0x3537
mem[X,0x80017992] -> 0x3333
[2020] [M]: 0x80017990 (0x33333537) lui a0, 209715
x10 <- 0x33333000


mem[X,0x80017994] -> 0x0513
mem[X,0x80017996] -> 0x3335
[2021] [M]: 0x80017994 (0x33350513) addi a0, a0, 819
x10 <- 0x33333333


mem[X,0x80017998] -> 0xB5B7
mem[X,0x8001799A] -> 0xAAAA
[2022] [M]: 0x80017998 (0xAAAAB5B7) lui a1, 699051
x11 <- 0xAAAAB000


mem[X,0x8001799C] -> 0x8593
mem[X,0x8001799E] -> 0xAA95
[2023] [M]: 0x8001799C (0xAA958593) addi a1, a1, 2729
x11 <- 0xAAAAAAA9


mem[X,0x800179A0] -> 0x0193
mem[X,0x800179A2] -> 0x0000
[2024] [M]: 0x800179A0 (0x00000193) addi gp, zero, 0
x3 <- 0x00000000


mem[X,0x800179A4] -> 0x006F
mem[X,0x800179A6] -> 0x00C0
[2025] [M]: 0x800179A4 (0x00C0006F) jal zero, 12


mem[X,0x800179B0] -> 0x7063
mem[X,0x800179B2] -> 0x40B5
[2026] [M]: 0x800179B0 (0x40B57063) bgeu a0, a1, 1024


mem[X,0x800179B4] -> 0x8193
mem[X,0x800179B6] -> 0x0021
[2027] [M]: 0x800179B4 (0x00218193) addi gp, gp, 2
x3 <- 0x00000002


mem[X,0x800179B8] -> 0x006F
mem[X,0x800179BA] -> 0x4000
[2028] [M]: 0x800179B8 (0x4000006F) jal zero, 1024


mem[X,0x80017DB8] -> 0x2423
mem[X,0x80017DBA] -> 0x3031
[2029] [M]: 0x80017DB8 (0x30312423) sw gp, 776(sp)
mem[0x8004B46C] <- 0x00000002


mem[X,0x80017DBC] -> 0x3537
mem[X,0x80017DBE] -> 0x3333
[2030] [M]: 0x80017DBC (0x33333537) lui a0, 209715
x10 <- 0x33333000


mem[X,0x80017DC0] -> 0x0513
mem[X,0x80017DC2] -> 0x3335
[2031] [M]: 0x80017DC0 (0x33350513) addi a0, a0, 819
x10 <- 0x33333333


mem[X,0x80017DC4] -> 0x0593
mem[X,0x80017DC6] -> 0x0040
[2032] [M]: 0x80017DC4 (0x00400593) addi a1, zero, 4
x11 <- 0x00000004


mem[X,0x80017DC8] -> 0x0193
mem[X,0x80017DCA] -> 0x0000
[2033] [M]: 0x80017DC8 (0x00000193) addi gp, zero, 0
x3 <- 0x00000000


mem[X,0x80017DCC] -> 0x006F
mem[X,0x80017DCE] -> 0x00C0
[2034] [M]: 0x80017DCC (0x00C0006F) jal zero, 12


mem[X,0x80017DD8] -> 0x7CE3
mem[X,0x80017DDA] -> 0xFEB5
[2035] [M]: 0x80017DD8 (0xFEB57CE3) bgeu a0, a1, 8184


mem[X,0x80017DD0] -> 0x8193
mem[X,0x80017DD2] -> 0x0011
[2036] [M]: 0x80017DD0 (0x00118193) addi gp, gp, 1
x3 <- 0x00000001


mem[X,0x80017DD4] -> 0x006F
mem[X,0x80017DD6] -> 0x0180
[2037] [M]: 0x80017DD4 (0x0180006F) jal zero, 24


mem[X,0x80017DEC] -> 0x2623
mem[X,0x80017DEE] -> 0x3031
[2038] [M]: 0x80017DEC (0x30312623) sw gp, 780(sp)
mem[0x8004B470] <- 0x00000001


mem[X,0x80017DF0] -> 0x3537
mem[X,0x80017DF2] -> 0x3333
[2039] [M]: 0x80017DF0 (0x33333537) lui a0, 209715
x10 <- 0x33333000


mem[X,0x80017DF4] -> 0x0513
mem[X,0x80017DF6] -> 0x3335
[2040] [M]: 0x80017DF4 (0x33350513) addi a0, a0, 819
x10 <- 0x33333333


mem[X,0x80017DF8] -> 0x35B7
mem[X,0x80017DFA] -> 0x3333
[2041] [M]: 0x80017DF8 (0x333335B7) lui a1, 209715
x11 <- 0x33333000


mem[X,0x80017DFC] -> 0x8593
mem[X,0x80017DFE] -> 0x3325
[2042] [M]: 0x80017DFC (0x33258593) addi a1, a1, 818
x11 <- 0x33333332


mem[X,0x80017E00] -> 0x0193
mem[X,0x80017E02] -> 0x0000
[2043] [M]: 0x80017E00 (0x00000193) addi gp, zero, 0
x3 <- 0x00000000


mem[X,0x80017E04] -> 0x006F
mem[X,0x80017E06] -> 0x00C0
[2044] [M]: 0x80017E04 (0x00C0006F) jal zero, 12


mem[X,0x80017E10] -> 0x7663
mem[X,0x80017E12] -> 0x00B5
[2045] [M]: 0x80017E10 (0x00B57663) bgeu a0, a1, 12


mem[X,0x80017E1C] -> 0x8193
mem[X,0x80017E1E] -> 0x0031
[2046] [M]: 0x80017E1C (0x00318193) addi gp, gp, 3
x3 <- 0x00000003


mem[X,0x80017E20] -> 0x006F
mem[X,0x80017E22] -> 0x0040
[2047] [M]: 0x80017E20 (0x0040006F) jal zero, 4


mem[X,0x80017E24] -> 0x2823
mem[X,0x80017E26] -> 0x3031
[2048] [M]: 0x80017E24 (0x30312823) sw gp, 784(sp)
mem[0x8004B474] <- 0x00000003


mem[X,0x80017E28] -> 0x3537
mem[X,0x80017E2A] -> 0x3333
[2049] [M]: 0x80017E28 (0x33333537) lui a0, 209715
x10 <- 0x33333000


mem[X,0x80017E2C] -> 0x0513
mem[X,0x80017E2E] -> 0x3335
[2050] [M]: 0x80017E2C (0x33350513) addi a0, a0, 819
x10 <- 0x33333333


mem[X,0x80017E30] -> 0x65B7
mem[X,0x80017E32] -> 0x6666
[2051] [M]: 0x80017E30 (0x666665B7) lui a1, 419430
x11 <- 0x66666000


mem[X,0x80017E34] -> 0x8593
mem[X,0x80017E36] -> 0x6655
[2052] [M]: 0x80017E34 (0x66558593) addi a1, a1, 1637
x11 <- 0x66666665


mem[X,0x80017E38] -> 0x0193
mem[X,0x80017E3A] -> 0x0000
[2053] [M]: 0x80017E38 (0x00000193) addi gp, zero, 0
x3 <- 0x00000000


mem[X,0x80017E3C] -> 0x006F
mem[X,0x80017E3E] -> 0x2B10
[2054] [M]: 0x80017E3C (0x2B10006F) jal zero, 2736


mem[X,0x800188EC] -> 0x7A63
mem[X,0x800188EE] -> 0xD4B5
[2055] [M]: 0x800188EC (0xD4B57A63) bgeu a0, a1, 5460


mem[X,0x800188F0] -> 0x8193
mem[X,0x800188F2] -> 0x0021
[2056] [M]: 0x800188F0 (0x00218193) addi gp, gp, 2
x3 <- 0x00000002


mem[X,0x800188F4] -> 0x006F
mem[X,0x800188F6] -> 0x00C0
[2057] [M]: 0x800188F4 (0x00C0006F) jal zero, 12


mem[X,0x80018900] -> 0x2A23
mem[X,0x80018902] -> 0x3031
[2058] [M]: 0x80018900 (0x30312A23) sw gp, 788(sp)
mem[0x8004B478] <- 0x00000002


mem[X,0x80018904] -> 0x3537
mem[X,0x80018906] -> 0x3333
[2059] [M]: 0x80018904 (0x33333537) lui a0, 209715
x10 <- 0x33333000


mem[X,0x80018908] -> 0x0513
mem[X,0x8001890A] -> 0x3335
[2060] [M]: 0x80018908 (0x33350513) addi a0, a0, 819
x10 <- 0x33333333


mem[X,0x8001890C] -> 0xB5B7
mem[X,0x8001890E] -> 0x0000
[2061] [M]: 0x8001890C (0x0000B5B7) lui a1, 11
x11 <- 0x0000B000


mem[X,0x80018910] -> 0x8593
mem[X,0x80018912] -> 0x5035
[2062] [M]: 0x80018910 (0x50358593) addi a1, a1, 1283
x11 <- 0x0000B503


mem[X,0x80018914] -> 0x0193
mem[X,0x80018916] -> 0x0000
[2063] [M]: 0x80018914 (0x00000193) addi gp, zero, 0
x3 <- 0x00000000


mem[X,0x80018918] -> 0x006F
mem[X,0x8001891A] -> 0x00C0
[2064] [M]: 0x80018918 (0x00C0006F) jal zero, 12


mem[X,0x80018924] -> 0x7663
mem[X,0x80018926] -> 0x00B5
[2065] [M]: 0x80018924 (0x00B57663) bgeu a0, a1, 12


mem[X,0x80018930] -> 0x8193
mem[X,0x80018932] -> 0x0031
[2066] [M]: 0x80018930 (0x00318193) addi gp, gp, 3
x3 <- 0x00000003


mem[X,0x80018934] -> 0x006F
mem[X,0x80018936] -> 0x0040
[2067] [M]: 0x80018934 (0x0040006F) jal zero, 4


mem[X,0x80018938] -> 0x2C23
mem[X,0x8001893A] -> 0x3031
[2068] [M]: 0x80018938 (0x30312C23) sw gp, 792(sp)
mem[0x8004B47C] <- 0x00000003


mem[X,0x8001893C] -> 0x3537
mem[X,0x8001893E] -> 0x3333
[2069] [M]: 0x8001893C (0x33333537) lui a0, 209715
x10 <- 0x33333000


mem[X,0x80018940] -> 0x0513
mem[X,0x80018942] -> 0x3335
[2070] [M]: 0x80018940 (0x33350513) addi a0, a0, 819
x10 <- 0x33333333


mem[X,0x80018944] -> 0x05B7
mem[X,0x80018946] -> 0x0001
[2071] [M]: 0x80018944 (0x000105B7) lui a1, 16
x11 <- 0x00010000


mem[X,0x80018948] -> 0x8593
mem[X,0x8001894A] -> 0xFFE5
[2072] [M]: 0x80018948 (0xFFE58593) addi a1, a1, 4094
x11 <- 0x0000FFFE


mem[X,0x8001894C] -> 0x0193
mem[X,0x8001894E] -> 0x0000
[2073] [M]: 0x8001894C (0x00000193) addi gp, zero, 0
x3 <- 0x00000000


mem[X,0x80018950] -> 0x006F
mem[X,0x80018952] -> 0x00C0
[2074] [M]: 0x80018950 (0x00C0006F) jal zero, 12


mem[X,0x8001895C] -> 0x7663
mem[X,0x8001895E] -> 0x00B5
[2075] [M]: 0x8001895C (0x00B57663) bgeu a0, a1, 12


mem[X,0x80018968] -> 0x8193
mem[X,0x8001896A] -> 0x0031
[2076] [M]: 0x80018968 (0x00318193) addi gp, gp, 3
x3 <- 0x00000003


mem[X,0x8001896C] -> 0x006F
mem[X,0x8001896E] -> 0x0040
[2077] [M]: 0x8001896C (0x0040006F) jal zero, 4


mem[X,0x80018970] -> 0x2E23
mem[X,0x80018972] -> 0x3031
[2078] [M]: 0x80018970 (0x30312E23) sw gp, 796(sp)
mem[0x8004B480] <- 0x00000003


mem[X,0x80018974] -> 0x3537
mem[X,0x80018976] -> 0x3333
[2079] [M]: 0x80018974 (0x33333537) lui a0, 209715
x10 <- 0x33333000


mem[X,0x80018978] -> 0x0513
mem[X,0x8001897A] -> 0x3335
[2080] [M]: 0x80018978 (0x33350513) addi a0, a0, 819
x10 <- 0x33333333


mem[X,0x8001897C] -> 0x55B7
mem[X,0x8001897E] -> 0x5555
[2081] [M]: 0x8001897C (0x555555B7) lui a1, 349525
x11 <- 0x55555000


mem[X,0x80018980] -> 0x8593
mem[X,0x80018982] -> 0x5565
[2082] [M]: 0x80018980 (0x55658593) addi a1, a1, 1366
x11 <- 0x55555556


mem[X,0x80018984] -> 0x0193
mem[X,0x80018986] -> 0x0000
[2083] [M]: 0x80018984 (0x00000193) addi gp, zero, 0
x3 <- 0x00000000


mem[X,0x80018988] -> 0x006F
mem[X,0x8001898A] -> 0x00C0
[2084] [M]: 0x80018988 (0x00C0006F) jal zero, 12


mem[X,0x80018994] -> 0x7063
mem[X,0x80018996] -> 0x02B5
[2085] [M]: 0x80018994 (0x02B57063) bgeu a0, a1, 32


mem[X,0x80018998] -> 0x8193
mem[X,0x8001899A] -> 0x0021
[2086] [M]: 0x80018998 (0x00218193) addi gp, gp, 2
x3 <- 0x00000002


mem[X,0x8001899C] -> 0x006F
mem[X,0x8001899E] -> 0x0200
[2087] [M]: 0x8001899C (0x0200006F) jal zero, 32


mem[X,0x800189BC] -> 0x2023
mem[X,0x800189BE] -> 0x3231
[2088] [M]: 0x800189BC (0x32312023) sw gp, 800(sp)
mem[0x8004B484] <- 0x00000002


mem[X,0x800189C0] -> 0x3537
mem[X,0x800189C2] -> 0x3333
[2089] [M]: 0x800189C0 (0x33333537) lui a0, 209715
x10 <- 0x33333000


mem[X,0x800189C4] -> 0x0513
mem[X,0x800189C6] -> 0x3335
[2090] [M]: 0x800189C4 (0x33350513) addi a0, a0, 819
x10 <- 0x33333333


mem[X,0x800189C8] -> 0xB5B7
mem[X,0x800189CA] -> 0xAAAA
[2091] [M]: 0x800189C8 (0xAAAAB5B7) lui a1, 699051
x11 <- 0xAAAAB000


mem[X,0x800189CC] -> 0x8593
mem[X,0x800189CE] -> 0xAAB5
[2092] [M]: 0x800189CC (0xAAB58593) addi a1, a1, 2731
x11 <- 0xAAAAAAAB


mem[X,0x800189D0] -> 0x0193
mem[X,0x800189D2] -> 0x0000
[2093] [M]: 0x800189D0 (0x00000193) addi gp, zero, 0
x3 <- 0x00000000


mem[X,0x800189D4] -> 0x006F
mem[X,0x800189D6] -> 0x0050
[2094] [M]: 0x800189D4 (0x0050006F) jal zero, 2052


mem[X,0x800191D8] -> 0x70E3
mem[X,0x800191DA] -> 0x80B5
[2095] [M]: 0x800191D8 (0x80B570E3) bgeu a0, a1, 6144


mem[X,0x800191DC] -> 0x8193
mem[X,0x800191DE] -> 0x0021
[2096] [M]: 0x800191DC (0x00218193) addi gp, gp, 2
x3 <- 0x00000002


mem[X,0x800191E0] -> 0x006F
mem[X,0x800191E2] -> 0x00C0
[2097] [M]: 0x800191E0 (0x00C0006F) jal zero, 12


mem[X,0x800191EC] -> 0x2223
mem[X,0x800191EE] -> 0x3231
[2098] [M]: 0x800191EC (0x32312223) sw gp, 804(sp)
mem[0x8004B488] <- 0x00000002


mem[X,0x800191F0] -> 0x3537
mem[X,0x800191F2] -> 0x3333
[2099] [M]: 0x800191F0 (0x33333537) lui a0, 209715
x10 <- 0x33333000


clint::tick mtime <- 0x0000000000000015
 clint timer pending at mtime 0x0000000000000015
htif::tick 0x0000000000000000
mem[X,0x800191F4] -> 0x0513
mem[X,0x800191F6] -> 0x3335
[2100] [M]: 0x800191F4 (0x33350513) addi a0, a0, 819
x10 <- 0x33333333


mem[X,0x800191F8] -> 0x0593
mem[X,0x800191FA] -> 0x0060
[2101] [M]: 0x800191F8 (0x00600593) addi a1, zero, 6
x11 <- 0x00000006


mem[X,0x800191FC] -> 0x0193
mem[X,0x800191FE] -> 0x0000
[2102] [M]: 0x800191FC (0x00000193) addi gp, zero, 0
x3 <- 0x00000000


mem[X,0x80019200] -> 0x006F
mem[X,0x80019202] -> 0x00C0
[2103] [M]: 0x80019200 (0x00C0006F) jal zero, 12


mem[X,0x8001920C] -> 0x7663
mem[X,0x8001920E] -> 0x00B5
[2104] [M]: 0x8001920C (0x00B57663) bgeu a0, a1, 12


mem[X,0x80019218] -> 0x8193
mem[X,0x8001921A] -> 0x0031
[2105] [M]: 0x80019218 (0x00318193) addi gp, gp, 3
x3 <- 0x00000003


mem[X,0x8001921C] -> 0x006F
mem[X,0x8001921E] -> 0x0040
[2106] [M]: 0x8001921C (0x0040006F) jal zero, 4


mem[X,0x80019220] -> 0x2423
mem[X,0x80019222] -> 0x3231
[2107] [M]: 0x80019220 (0x32312423) sw gp, 808(sp)
mem[0x8004B48C] <- 0x00000003


mem[X,0x80019224] -> 0x3537
mem[X,0x80019226] -> 0x3333
[2108] [M]: 0x80019224 (0x33333537) lui a0, 209715
x10 <- 0x33333000


mem[X,0x80019228] -> 0x0513
mem[X,0x8001922A] -> 0x3335
[2109] [M]: 0x80019228 (0x33350513) addi a0, a0, 819
x10 <- 0x33333333


mem[X,0x8001922C] -> 0x35B7
mem[X,0x8001922E] -> 0x3333
[2110] [M]: 0x8001922C (0x333335B7) lui a1, 209715
x11 <- 0x33333000


mem[X,0x80019230] -> 0x8593
mem[X,0x80019232] -> 0x3345
[2111] [M]: 0x80019230 (0x33458593) addi a1, a1, 820
x11 <- 0x33333334


mem[X,0x80019234] -> 0x0193
mem[X,0x80019236] -> 0x0000
[2112] [M]: 0x80019234 (0x00000193) addi gp, zero, 0
x3 <- 0x00000000


mem[X,0x80019238] -> 0x006F
mem[X,0x8001923A] -> 0x00C0
[2113] [M]: 0x80019238 (0x00C0006F) jal zero, 12


mem[X,0x80019244] -> 0x7863
mem[X,0x80019246] -> 0x00B5
[2114] [M]: 0x80019244 (0x00B57863) bgeu a0, a1, 16


mem[X,0x80019248] -> 0x8193
mem[X,0x8001924A] -> 0x0021
[2115] [M]: 0x80019248 (0x00218193) addi gp, gp, 2
x3 <- 0x00000002


mem[X,0x8001924C] -> 0x006F
mem[X,0x8001924E] -> 0x0100
[2116] [M]: 0x8001924C (0x0100006F) jal zero, 16


mem[X,0x8001925C] -> 0x2623
mem[X,0x8001925E] -> 0x3231
[2117] [M]: 0x8001925C (0x32312623) sw gp, 812(sp)
mem[0x8004B490] <- 0x00000002


mem[X,0x80019260] -> 0x3537
mem[X,0x80019262] -> 0x3333
[2118] [M]: 0x80019260 (0x33333537) lui a0, 209715
x10 <- 0x33333000


mem[X,0x80019264] -> 0x0513
mem[X,0x80019266] -> 0x3335
[2119] [M]: 0x80019264 (0x33350513) addi a0, a0, 819
x10 <- 0x33333333


mem[X,0x80019268] -> 0x65B7
mem[X,0x8001926A] -> 0x6666
[2120] [M]: 0x80019268 (0x666665B7) lui a1, 419430
x11 <- 0x66666000


mem[X,0x8001926C] -> 0x8593
mem[X,0x8001926E] -> 0x6675
[2121] [M]: 0x8001926C (0x66758593) addi a1, a1, 1639
x11 <- 0x66666667


mem[X,0x80019270] -> 0x0193
mem[X,0x80019272] -> 0x0000
[2122] [M]: 0x80019270 (0x00000193) addi gp, zero, 0
x3 <- 0x00000000


mem[X,0x80019274] -> 0x006F
mem[X,0x80019276] -> 0x00C0
[2123] [M]: 0x80019274 (0x00C0006F) jal zero, 12


mem[X,0x80019280] -> 0x7063
mem[X,0x80019282] -> 0x04B5
[2124] [M]: 0x80019280 (0x04B57063) bgeu a0, a1, 64


mem[X,0x80019284] -> 0x8193
mem[X,0x80019286] -> 0x0021
[2125] [M]: 0x80019284 (0x00218193) addi gp, gp, 2
x3 <- 0x00000002


mem[X,0x80019288] -> 0x006F
mem[X,0x8001928A] -> 0x0400
[2126] [M]: 0x80019288 (0x0400006F) jal zero, 64


mem[X,0x800192C8] -> 0x2823
mem[X,0x800192CA] -> 0x3231
[2127] [M]: 0x800192C8 (0x32312823) sw gp, 816(sp)
mem[0x8004B494] <- 0x00000002


mem[X,0x800192CC] -> 0x3537
mem[X,0x800192CE] -> 0x3333
[2128] [M]: 0x800192CC (0x33333537) lui a0, 209715
x10 <- 0x33333000


mem[X,0x800192D0] -> 0x0513
mem[X,0x800192D2] -> 0x3335
[2129] [M]: 0x800192D0 (0x33350513) addi a0, a0, 819
x10 <- 0x33333333


mem[X,0x800192D4] -> 0xB5B7
mem[X,0x800192D6] -> 0x0000
[2130] [M]: 0x800192D4 (0x0000B5B7) lui a1, 11
x11 <- 0x0000B000


mem[X,0x800192D8] -> 0x8593
mem[X,0x800192DA] -> 0x5055
[2131] [M]: 0x800192D8 (0x50558593) addi a1, a1, 1285
x11 <- 0x0000B505


mem[X,0x800192DC] -> 0x0193
mem[X,0x800192DE] -> 0x0000
[2132] [M]: 0x800192DC (0x00000193) addi gp, zero, 0
x3 <- 0x00000000


mem[X,0x800192E0] -> 0x006F
mem[X,0x800192E2] -> 0x00C0
[2133] [M]: 0x800192E0 (0x00C0006F) jal zero, 12


mem[X,0x800192EC] -> 0x7063
mem[X,0x800192EE] -> 0x04B5
[2134] [M]: 0x800192EC (0x04B57063) bgeu a0, a1, 64


mem[X,0x8001932C] -> 0x8193
mem[X,0x8001932E] -> 0x0031
[2135] [M]: 0x8001932C (0x00318193) addi gp, gp, 3
x3 <- 0x00000003


mem[X,0x80019330] -> 0x006F
mem[X,0x80019332] -> 0x0040
[2136] [M]: 0x80019330 (0x0040006F) jal zero, 4


mem[X,0x80019334] -> 0x2A23
mem[X,0x80019336] -> 0x3231
[2137] [M]: 0x80019334 (0x32312A23) sw gp, 820(sp)
mem[0x8004B498] <- 0x00000003


mem[X,0x80019338] -> 0x3537
mem[X,0x8001933A] -> 0x3333
[2138] [M]: 0x80019338 (0x33333537) lui a0, 209715
x10 <- 0x33333000


mem[X,0x8001933C] -> 0x0513
mem[X,0x8001933E] -> 0x3335
[2139] [M]: 0x8001933C (0x33350513) addi a0, a0, 819
x10 <- 0x33333333


mem[X,0x80019340] -> 0x0593
mem[X,0x80019342] -> 0x0010
[2140] [M]: 0x80019340 (0x00100593) addi a1, zero, 1
x11 <- 0x00000001


mem[X,0x80019344] -> 0x0193
mem[X,0x80019346] -> 0x0000
[2141] [M]: 0x80019344 (0x00000193) addi gp, zero, 0
x3 <- 0x00000000


mem[X,0x80019348] -> 0x006F
mem[X,0x8001934A] -> 0x00C0
[2142] [M]: 0x80019348 (0x00C0006F) jal zero, 12


mem[X,0x80019354] -> 0x7863
mem[X,0x80019356] -> 0x00B5
[2143] [M]: 0x80019354 (0x00B57863) bgeu a0, a1, 16


mem[X,0x80019364] -> 0x8193
mem[X,0x80019366] -> 0x0031
[2144] [M]: 0x80019364 (0x00318193) addi gp, gp, 3
x3 <- 0x00000003


mem[X,0x80019368] -> 0x006F
mem[X,0x8001936A] -> 0x0040
[2145] [M]: 0x80019368 (0x0040006F) jal zero, 4


mem[X,0x8001936C] -> 0x2C23
mem[X,0x8001936E] -> 0x3231
[2146] [M]: 0x8001936C (0x32312C23) sw gp, 824(sp)
mem[0x8004B49C] <- 0x00000003


mem[X,0x80019370] -> 0x3537
mem[X,0x80019372] -> 0x3333
[2147] [M]: 0x80019370 (0x33333537) lui a0, 209715
x10 <- 0x33333000


mem[X,0x80019374] -> 0x0513
mem[X,0x80019376] -> 0x3335
[2148] [M]: 0x80019374 (0x33350513) addi a0, a0, 819
x10 <- 0x33333333


mem[X,0x80019378] -> 0x05B7
mem[X,0x8001937A] -> 0x0001
[2149] [M]: 0x80019378 (0x000105B7) lui a1, 16
x11 <- 0x00010000


mem[X,0x8001937C] -> 0x0193
mem[X,0x8001937E] -> 0x0000
[2150] [M]: 0x8001937C (0x00000193) addi gp, zero, 0
x3 <- 0x00000000


mem[X,0x80019380] -> 0x006F
mem[X,0x80019382] -> 0x0100
[2151] [M]: 0x80019380 (0x0100006F) jal zero, 16


mem[X,0x80019390] -> 0x7AE3
mem[X,0x80019392] -> 0xFEB5
[2152] [M]: 0x80019390 (0xFEB57AE3) bgeu a0, a1, 8180


mem[X,0x80019384] -> 0x8193
mem[X,0x80019386] -> 0x0011
[2153] [M]: 0x80019384 (0x00118193) addi gp, gp, 1
x3 <- 0x00000001


mem[X,0x80019388] -> 0x006F
mem[X,0x8001938A] -> 0x01C0
[2154] [M]: 0x80019388 (0x01C0006F) jal zero, 28


mem[X,0x800193A4] -> 0x2E23
mem[X,0x800193A6] -> 0x3231
[2155] [M]: 0x800193A4 (0x32312E23) sw gp, 828(sp)
mem[0x8004B4A0] <- 0x00000001


mem[X,0x800193A8] -> 0x6537
mem[X,0x800193AA] -> 0x6666
[2156] [M]: 0x800193A8 (0x66666537) lui a0, 419430
x10 <- 0x66666000


mem[X,0x800193AC] -> 0x0513
mem[X,0x800193AE] -> 0x6665
[2157] [M]: 0x800193AC (0x66650513) addi a0, a0, 1638
x10 <- 0x66666666


mem[X,0x800193B0] -> 0x0593
mem[X,0x800193B2] -> 0x0030
[2158] [M]: 0x800193B0 (0x00300593) addi a1, zero, 3
x11 <- 0x00000003


mem[X,0x800193B4] -> 0x0193
mem[X,0x800193B6] -> 0x0000
[2159] [M]: 0x800193B4 (0x00000193) addi gp, zero, 0
x3 <- 0x00000000


mem[X,0x800193B8] -> 0x006F
mem[X,0x800193BA] -> 0x0100
[2160] [M]: 0x800193B8 (0x0100006F) jal zero, 16


mem[X,0x800193C8] -> 0x7AE3
mem[X,0x800193CA] -> 0xFEB5
[2161] [M]: 0x800193C8 (0xFEB57AE3) bgeu a0, a1, 8180


mem[X,0x800193BC] -> 0x8193
mem[X,0x800193BE] -> 0x0011
[2162] [M]: 0x800193BC (0x00118193) addi gp, gp, 1
x3 <- 0x00000001


mem[X,0x800193C0] -> 0x006F
mem[X,0x800193C2] -> 0x01C0
[2163] [M]: 0x800193C0 (0x01C0006F) jal zero, 28


mem[X,0x800193DC] -> 0x2023
mem[X,0x800193DE] -> 0x3431
[2164] [M]: 0x800193DC (0x34312023) sw gp, 832(sp)
mem[0x8004B4A4] <- 0x00000001


mem[X,0x800193E0] -> 0x6537
mem[X,0x800193E2] -> 0x6666
[2165] [M]: 0x800193E0 (0x66666537) lui a0, 419430
x10 <- 0x66666000


mem[X,0x800193E4] -> 0x0513
mem[X,0x800193E6] -> 0x6665
[2166] [M]: 0x800193E4 (0x66650513) addi a0, a0, 1638
x10 <- 0x66666666


mem[X,0x800193E8] -> 0x55B7
mem[X,0x800193EA] -> 0x5555
[2167] [M]: 0x800193E8 (0x555555B7) lui a1, 349525
x11 <- 0x55555000


mem[X,0x800193EC] -> 0x8593
mem[X,0x800193EE] -> 0x5555
[2168] [M]: 0x800193EC (0x55558593) addi a1, a1, 1365
x11 <- 0x55555555


mem[X,0x800193F0] -> 0x0193
mem[X,0x800193F2] -> 0x0000
[2169] [M]: 0x800193F0 (0x00000193) addi gp, zero, 0
x3 <- 0x00000000


mem[X,0x800193F4] -> 0x006F
mem[X,0x800193F6] -> 0x00C0
[2170] [M]: 0x800193F4 (0x00C0006F) jal zero, 12


mem[X,0x80019400] -> 0x7663
mem[X,0x80019402] -> 0x00B5
[2171] [M]: 0x80019400 (0x00B57663) bgeu a0, a1, 12


mem[X,0x8001940C] -> 0x8193
mem[X,0x8001940E] -> 0x0031
[2172] [M]: 0x8001940C (0x00318193) addi gp, gp, 3
x3 <- 0x00000003


mem[X,0x80019410] -> 0x006F
mem[X,0x80019412] -> 0x0040
[2173] [M]: 0x80019410 (0x0040006F) jal zero, 4


mem[X,0x80019414] -> 0x2223
mem[X,0x80019416] -> 0x3431
[2174] [M]: 0x80019414 (0x34312223) sw gp, 836(sp)
mem[0x8004B4A8] <- 0x00000003


mem[X,0x80019418] -> 0x6537
mem[X,0x8001941A] -> 0x6666
[2175] [M]: 0x80019418 (0x66666537) lui a0, 419430
x10 <- 0x66666000


mem[X,0x8001941C] -> 0x0513
mem[X,0x8001941E] -> 0x6665
[2176] [M]: 0x8001941C (0x66650513) addi a0, a0, 1638
x10 <- 0x66666666


mem[X,0x80019420] -> 0xB5B7
mem[X,0x80019422] -> 0xAAAA
[2177] [M]: 0x80019420 (0xAAAAB5B7) lui a1, 699051
x11 <- 0xAAAAB000


mem[X,0x80019424] -> 0x8593
mem[X,0x80019426] -> 0xAAA5
[2178] [M]: 0x80019424 (0xAAA58593) addi a1, a1, 2730
x11 <- 0xAAAAAAAA


mem[X,0x80019428] -> 0x0193
mem[X,0x8001942A] -> 0x0000
[2179] [M]: 0x80019428 (0x00000193) addi gp, zero, 0
x3 <- 0x00000000


mem[X,0x8001942C] -> 0x006F
mem[X,0x8001942E] -> 0x00C0
[2180] [M]: 0x8001942C (0x00C0006F) jal zero, 12


mem[X,0x80019438] -> 0x7663
mem[X,0x8001943A] -> 0x00B5
[2181] [M]: 0x80019438 (0x00B57663) bgeu a0, a1, 12


mem[X,0x8001943C] -> 0x8193
mem[X,0x8001943E] -> 0x0021
[2182] [M]: 0x8001943C (0x00218193) addi gp, gp, 2
x3 <- 0x00000002


mem[X,0x80019440] -> 0x006F
mem[X,0x80019442] -> 0x00C0
[2183] [M]: 0x80019440 (0x00C0006F) jal zero, 12


mem[X,0x8001944C] -> 0x2423
mem[X,0x8001944E] -> 0x3431
[2184] [M]: 0x8001944C (0x34312423) sw gp, 840(sp)
mem[0x8004B4AC] <- 0x00000002


mem[X,0x80019450] -> 0x6537
mem[X,0x80019452] -> 0x6666
[2185] [M]: 0x80019450 (0x66666537) lui a0, 419430
x10 <- 0x66666000


mem[X,0x80019454] -> 0x0513
mem[X,0x80019456] -> 0x6665
[2186] [M]: 0x80019454 (0x66650513) addi a0, a0, 1638
x10 <- 0x66666666


mem[X,0x80019458] -> 0x0593
mem[X,0x8001945A] -> 0x0050
[2187] [M]: 0x80019458 (0x00500593) addi a1, zero, 5
x11 <- 0x00000005


mem[X,0x8001945C] -> 0x0193
mem[X,0x8001945E] -> 0x0000
[2188] [M]: 0x8001945C (0x00000193) addi gp, zero, 0
x3 <- 0x00000000


mem[X,0x80019460] -> 0x006F
mem[X,0x80019462] -> 0x00C0
[2189] [M]: 0x80019460 (0x00C0006F) jal zero, 12


mem[X,0x8001946C] -> 0x7863
mem[X,0x8001946E] -> 0x00B5
[2190] [M]: 0x8001946C (0x00B57863) bgeu a0, a1, 16


mem[X,0x8001947C] -> 0x8193
mem[X,0x8001947E] -> 0x0031
[2191] [M]: 0x8001947C (0x00318193) addi gp, gp, 3
x3 <- 0x00000003


mem[X,0x80019480] -> 0x006F
mem[X,0x80019482] -> 0x0040
[2192] [M]: 0x80019480 (0x0040006F) jal zero, 4


mem[X,0x80019484] -> 0x2623
mem[X,0x80019486] -> 0x3431
[2193] [M]: 0x80019484 (0x34312623) sw gp, 844(sp)
mem[0x8004B4B0] <- 0x00000003


mem[X,0x80019488] -> 0x6537
mem[X,0x8001948A] -> 0x6666
[2194] [M]: 0x80019488 (0x66666537) lui a0, 419430
x10 <- 0x66666000


mem[X,0x8001948C] -> 0x0513
mem[X,0x8001948E] -> 0x6665
[2195] [M]: 0x8001948C (0x66650513) addi a0, a0, 1638
x10 <- 0x66666666


mem[X,0x80019490] -> 0x35B7
mem[X,0x80019492] -> 0x3333
[2196] [M]: 0x80019490 (0x333335B7) lui a1, 209715
x11 <- 0x33333000


mem[X,0x80019494] -> 0x8593
mem[X,0x80019496] -> 0x3335
[2197] [M]: 0x80019494 (0x33358593) addi a1, a1, 819
x11 <- 0x33333333


mem[X,0x80019498] -> 0x0193
mem[X,0x8001949A] -> 0x0000
[2198] [M]: 0x80019498 (0x00000193) addi gp, zero, 0
x3 <- 0x00000000


mem[X,0x8001949C] -> 0x006F
mem[X,0x8001949E] -> 0x00C0
[2199] [M]: 0x8001949C (0x00C0006F) jal zero, 12


clint::tick mtime <- 0x0000000000000016
 clint timer pending at mtime 0x0000000000000016
htif::tick 0x0000000000000000
mem[X,0x800194A8] -> 0x7063
mem[X,0x800194AA] -> 0x04B5
[2200] [M]: 0x800194A8 (0x04B57063) bgeu a0, a1, 64


mem[X,0x800194E8] -> 0x8193
mem[X,0x800194EA] -> 0x0031
[2201] [M]: 0x800194E8 (0x00318193) addi gp, gp, 3
x3 <- 0x00000003


mem[X,0x800194EC] -> 0x006F
mem[X,0x800194EE] -> 0x0040
[2202] [M]: 0x800194EC (0x0040006F) jal zero, 4


mem[X,0x800194F0] -> 0x2823
mem[X,0x800194F2] -> 0x3431
[2203] [M]: 0x800194F0 (0x34312823) sw gp, 848(sp)
mem[0x8004B4B4] <- 0x00000003


mem[X,0x800194F4] -> 0x6537
mem[X,0x800194F6] -> 0x6666
[2204] [M]: 0x800194F4 (0x66666537) lui a0, 419430
x10 <- 0x66666000


mem[X,0x800194F8] -> 0x0513
mem[X,0x800194FA] -> 0x6665
[2205] [M]: 0x800194F8 (0x66650513) addi a0, a0, 1638
x10 <- 0x66666666


mem[X,0x800194FC] -> 0x65B7
mem[X,0x800194FE] -> 0x6666
[2206] [M]: 0x800194FC (0x666665B7) lui a1, 419430
x11 <- 0x66666000


mem[X,0x80019500] -> 0x8593
mem[X,0x80019502] -> 0x6665
[2207] [M]: 0x80019500 (0x66658593) addi a1, a1, 1638
x11 <- 0x66666666


mem[X,0x80019504] -> 0x0193
mem[X,0x80019506] -> 0x0000
[2208] [M]: 0x80019504 (0x00000193) addi gp, zero, 0
x3 <- 0x00000000


mem[X,0x80019508] -> 0x006F
mem[X,0x8001950A] -> 0x0140
[2209] [M]: 0x80019508 (0x0140006F) jal zero, 20


mem[X,0x8001951C] -> 0x78E3
mem[X,0x8001951E] -> 0xFEB5
[2210] [M]: 0x8001951C (0xFEB578E3) bgeu a0, a1, 8176


mem[X,0x8001950C] -> 0x8193
mem[X,0x8001950E] -> 0x0011
[2211] [M]: 0x8001950C (0x00118193) addi gp, gp, 1
x3 <- 0x00000001


mem[X,0x80019510] -> 0x006F
mem[X,0x80019512] -> 0x0200
[2212] [M]: 0x80019510 (0x0200006F) jal zero, 32


mem[X,0x80019530] -> 0x2A23
mem[X,0x80019532] -> 0x3431
[2213] [M]: 0x80019530 (0x34312A23) sw gp, 852(sp)
mem[0x8004B4B8] <- 0x00000001


mem[X,0x80019534] -> 0x6537
mem[X,0x80019536] -> 0x6666
[2214] [M]: 0x80019534 (0x66666537) lui a0, 419430
x10 <- 0x66666000


mem[X,0x80019538] -> 0x0513
mem[X,0x8001953A] -> 0x6665
[2215] [M]: 0x80019538 (0x66650513) addi a0, a0, 1638
x10 <- 0x66666666


mem[X,0x8001953C] -> 0xB5B7
mem[X,0x8001953E] -> 0x0000
[2216] [M]: 0x8001953C (0x0000B5B7) lui a1, 11
x11 <- 0x0000B000


mem[X,0x80019540] -> 0x8593
mem[X,0x80019542] -> 0x5045
[2217] [M]: 0x80019540 (0x50458593) addi a1, a1, 1284
x11 <- 0x0000B504


mem[X,0x80019544] -> 0x0193
mem[X,0x80019546] -> 0x0000
[2218] [M]: 0x80019544 (0x00000193) addi gp, zero, 0
x3 <- 0x00000000


mem[X,0x80019548] -> 0x006F
mem[X,0x8001954A] -> 0x2B10
[2219] [M]: 0x80019548 (0x2B10006F) jal zero, 2736


mem[X,0x80019FF8] -> 0x7A63
mem[X,0x80019FFA] -> 0xD4B5
[2220] [M]: 0x80019FF8 (0xD4B57A63) bgeu a0, a1, 5460


mem[X,0x8001954C] -> 0x8193
mem[X,0x8001954E] -> 0x0011
[2221] [M]: 0x8001954C (0x00118193) addi gp, gp, 1
x3 <- 0x00000001


mem[X,0x80019550] -> 0x006F
mem[X,0x80019552] -> 0x2BD0
[2222] [M]: 0x80019550 (0x2BD0006F) jal zero, 2748


mem[X,0x8001A00C] -> 0x2C23
mem[X,0x8001A00E] -> 0x3431
[2223] [M]: 0x8001A00C (0x34312C23) sw gp, 856(sp)
mem[0x8004B4BC] <- 0x00000001


mem[X,0x8001A010] -> 0x6537
mem[X,0x8001A012] -> 0x6666
[2224] [M]: 0x8001A010 (0x66666537) lui a0, 419430
x10 <- 0x66666000


mem[X,0x8001A014] -> 0x0513
mem[X,0x8001A016] -> 0x6665
[2225] [M]: 0x8001A014 (0x66650513) addi a0, a0, 1638
x10 <- 0x66666666


mem[X,0x8001A018] -> 0x0593
mem[X,0x8001A01A] -> 0x0000
[2226] [M]: 0x8001A018 (0x00000593) addi a1, zero, 0
x11 <- 0x00000000


mem[X,0x8001A01C] -> 0x0193
mem[X,0x8001A01E] -> 0x0000
[2227] [M]: 0x8001A01C (0x00000193) addi gp, zero, 0
x3 <- 0x00000000


mem[X,0x8001A020] -> 0x006F
mem[X,0x8001A022] -> 0x00C0
[2228] [M]: 0x8001A020 (0x00C0006F) jal zero, 12


mem[X,0x8001A02C] -> 0x7663
mem[X,0x8001A02E] -> 0x00B5
[2229] [M]: 0x8001A02C (0x00B57663) bgeu a0, a1, 12


mem[X,0x8001A038] -> 0x8193
mem[X,0x8001A03A] -> 0x0031
[2230] [M]: 0x8001A038 (0x00318193) addi gp, gp, 3
x3 <- 0x00000003


mem[X,0x8001A03C] -> 0x006F
mem[X,0x8001A03E] -> 0x0040
[2231] [M]: 0x8001A03C (0x0040006F) jal zero, 4


mem[X,0x8001A040] -> 0x2E23
mem[X,0x8001A042] -> 0x3431
[2232] [M]: 0x8001A040 (0x34312E23) sw gp, 860(sp)
mem[0x8004B4C0] <- 0x00000003


mem[X,0x8001A044] -> 0x6537
mem[X,0x8001A046] -> 0x6666
[2233] [M]: 0x8001A044 (0x66666537) lui a0, 419430
x10 <- 0x66666000


mem[X,0x8001A048] -> 0x0513
mem[X,0x8001A04A] -> 0x6665
[2234] [M]: 0x8001A048 (0x66650513) addi a0, a0, 1638
x10 <- 0x66666666


mem[X,0x8001A04C] -> 0x05B7
mem[X,0x8001A04E] -> 0x0001
[2235] [M]: 0x8001A04C (0x000105B7) lui a1, 16
x11 <- 0x00010000


mem[X,0x8001A050] -> 0x8593
mem[X,0x8001A052] -> 0xFFF5
[2236] [M]: 0x8001A050 (0xFFF58593) addi a1, a1, 4095
x11 <- 0x0000FFFF


mem[X,0x8001A054] -> 0x0193
mem[X,0x8001A056] -> 0x0000
[2237] [M]: 0x8001A054 (0x00000193) addi gp, zero, 0
x3 <- 0x00000000


mem[X,0x8001A058] -> 0x006F
mem[X,0x8001A05A] -> 0x00C0
[2238] [M]: 0x8001A058 (0x00C0006F) jal zero, 12


mem[X,0x8001A064] -> 0x7663
mem[X,0x8001A066] -> 0x00B5
[2239] [M]: 0x8001A064 (0x00B57663) bgeu a0, a1, 12


mem[X,0x8001A070] -> 0x8193
mem[X,0x8001A072] -> 0x0031
[2240] [M]: 0x8001A070 (0x00318193) addi gp, gp, 3
x3 <- 0x00000003


mem[X,0x8001A074] -> 0x006F
mem[X,0x8001A076] -> 0x0040
[2241] [M]: 0x8001A074 (0x0040006F) jal zero, 4


mem[X,0x8001A078] -> 0x2023
mem[X,0x8001A07A] -> 0x3631
[2242] [M]: 0x8001A078 (0x36312023) sw gp, 864(sp)
mem[0x8004B4C4] <- 0x00000003


mem[X,0x8001A07C] -> 0x6537
mem[X,0x8001A07E] -> 0x6666
[2243] [M]: 0x8001A07C (0x66666537) lui a0, 419430
x10 <- 0x66666000


mem[X,0x8001A080] -> 0x0513
mem[X,0x8001A082] -> 0x6665
[2244] [M]: 0x8001A080 (0x66650513) addi a0, a0, 1638
x10 <- 0x66666666


mem[X,0x8001A084] -> 0x0593
mem[X,0x8001A086] -> 0x0020
[2245] [M]: 0x8001A084 (0x00200593) addi a1, zero, 2
x11 <- 0x00000002


mem[X,0x8001A088] -> 0x0193
mem[X,0x8001A08A] -> 0x0000
[2246] [M]: 0x8001A088 (0x00000193) addi gp, zero, 0
x3 <- 0x00000000


mem[X,0x8001A08C] -> 0x006F
mem[X,0x8001A08E] -> 0x0140
[2247] [M]: 0x8001A08C (0x0140006F) jal zero, 20


mem[X,0x8001A0A0] -> 0x78E3
mem[X,0x8001A0A2] -> 0xFEB5
[2248] [M]: 0x8001A0A0 (0xFEB578E3) bgeu a0, a1, 8176


mem[X,0x8001A090] -> 0x8193
mem[X,0x8001A092] -> 0x0011
[2249] [M]: 0x8001A090 (0x00118193) addi gp, gp, 1
x3 <- 0x00000001


mem[X,0x8001A094] -> 0x006F
mem[X,0x8001A096] -> 0x0200
[2250] [M]: 0x8001A094 (0x0200006F) jal zero, 32


mem[X,0x8001A0B4] -> 0x2223
mem[X,0x8001A0B6] -> 0x3631
[2251] [M]: 0x8001A0B4 (0x36312223) sw gp, 868(sp)
mem[0x8004B4C8] <- 0x00000001


mem[X,0x8001A0B8] -> 0x6537
mem[X,0x8001A0BA] -> 0x6666
[2252] [M]: 0x8001A0B8 (0x66666537) lui a0, 419430
x10 <- 0x66666000


mem[X,0x8001A0BC] -> 0x0513
mem[X,0x8001A0BE] -> 0x6665
[2253] [M]: 0x8001A0BC (0x66650513) addi a0, a0, 1638
x10 <- 0x66666666


mem[X,0x8001A0C0] -> 0x55B7
mem[X,0x8001A0C2] -> 0x5555
[2254] [M]: 0x8001A0C0 (0x555555B7) lui a1, 349525
x11 <- 0x55555000


mem[X,0x8001A0C4] -> 0x8593
mem[X,0x8001A0C6] -> 0x5545
[2255] [M]: 0x8001A0C4 (0x55458593) addi a1, a1, 1364
x11 <- 0x55555554


mem[X,0x8001A0C8] -> 0x0193
mem[X,0x8001A0CA] -> 0x0000
[2256] [M]: 0x8001A0C8 (0x00000193) addi gp, zero, 0
x3 <- 0x00000000


mem[X,0x8001A0CC] -> 0x006F
mem[X,0x8001A0CE] -> 0x00C0
[2257] [M]: 0x8001A0CC (0x00C0006F) jal zero, 12


mem[X,0x8001A0D8] -> 0x7CE3
mem[X,0x8001A0DA] -> 0xFEB5
[2258] [M]: 0x8001A0D8 (0xFEB57CE3) bgeu a0, a1, 8184


mem[X,0x8001A0D0] -> 0x8193
mem[X,0x8001A0D2] -> 0x0011
[2259] [M]: 0x8001A0D0 (0x00118193) addi gp, gp, 1
x3 <- 0x00000001


mem[X,0x8001A0D4] -> 0x006F
mem[X,0x8001A0D6] -> 0x0180
[2260] [M]: 0x8001A0D4 (0x0180006F) jal zero, 24


mem[X,0x8001A0EC] -> 0x2423
mem[X,0x8001A0EE] -> 0x3631
[2261] [M]: 0x8001A0EC (0x36312423) sw gp, 872(sp)
mem[0x8004B4CC] <- 0x00000001


mem[X,0x8001A0F0] -> 0x6537
mem[X,0x8001A0F2] -> 0x6666
[2262] [M]: 0x8001A0F0 (0x66666537) lui a0, 419430
x10 <- 0x66666000


mem[X,0x8001A0F4] -> 0x0513
mem[X,0x8001A0F6] -> 0x6665
[2263] [M]: 0x8001A0F4 (0x66650513) addi a0, a0, 1638
x10 <- 0x66666666


mem[X,0x8001A0F8] -> 0xB5B7
mem[X,0x8001A0FA] -> 0xAAAA
[2264] [M]: 0x8001A0F8 (0xAAAAB5B7) lui a1, 699051
x11 <- 0xAAAAB000


mem[X,0x8001A0FC] -> 0x8593
mem[X,0x8001A0FE] -> 0xAA95
[2265] [M]: 0x8001A0FC (0xAA958593) addi a1, a1, 2729
x11 <- 0xAAAAAAA9


mem[X,0x8001A100] -> 0x0193
mem[X,0x8001A102] -> 0x0000
[2266] [M]: 0x8001A100 (0x00000193) addi gp, zero, 0
x3 <- 0x00000000


mem[X,0x8001A104] -> 0x006F
mem[X,0x8001A106] -> 0x00C0
[2267] [M]: 0x8001A104 (0x00C0006F) jal zero, 12


mem[X,0x8001A110] -> 0x7063
mem[X,0x8001A112] -> 0x40B5
[2268] [M]: 0x8001A110 (0x40B57063) bgeu a0, a1, 1024


mem[X,0x8001A114] -> 0x8193
mem[X,0x8001A116] -> 0x0021
[2269] [M]: 0x8001A114 (0x00218193) addi gp, gp, 2
x3 <- 0x00000002


mem[X,0x8001A118] -> 0x006F
mem[X,0x8001A11A] -> 0x4000
[2270] [M]: 0x8001A118 (0x4000006F) jal zero, 1024


mem[X,0x8001A518] -> 0x2623
mem[X,0x8001A51A] -> 0x3631
[2271] [M]: 0x8001A518 (0x36312623) sw gp, 876(sp)
mem[0x8004B4D0] <- 0x00000002


mem[X,0x8001A51C] -> 0x6537
mem[X,0x8001A51E] -> 0x6666
[2272] [M]: 0x8001A51C (0x66666537) lui a0, 419430
x10 <- 0x66666000


mem[X,0x8001A520] -> 0x0513
mem[X,0x8001A522] -> 0x6665
[2273] [M]: 0x8001A520 (0x66650513) addi a0, a0, 1638
x10 <- 0x66666666


mem[X,0x8001A524] -> 0x0593
mem[X,0x8001A526] -> 0x0040
[2274] [M]: 0x8001A524 (0x00400593) addi a1, zero, 4
x11 <- 0x00000004


mem[X,0x8001A528] -> 0x0193
mem[X,0x8001A52A] -> 0x0000
[2275] [M]: 0x8001A528 (0x00000193) addi gp, zero, 0
x3 <- 0x00000000


mem[X,0x8001A52C] -> 0x006F
mem[X,0x8001A52E] -> 0x0140
[2276] [M]: 0x8001A52C (0x0140006F) jal zero, 20


mem[X,0x8001A540] -> 0x78E3
mem[X,0x8001A542] -> 0xFEB5
[2277] [M]: 0x8001A540 (0xFEB578E3) bgeu a0, a1, 8176


mem[X,0x8001A530] -> 0x8193
mem[X,0x8001A532] -> 0x0011
[2278] [M]: 0x8001A530 (0x00118193) addi gp, gp, 1
x3 <- 0x00000001


mem[X,0x8001A534] -> 0x006F
mem[X,0x8001A536] -> 0x0200
[2279] [M]: 0x8001A534 (0x0200006F) jal zero, 32


mem[X,0x8001A554] -> 0x2823
mem[X,0x8001A556] -> 0x3631
[2280] [M]: 0x8001A554 (0x36312823) sw gp, 880(sp)
mem[0x8004B4D4] <- 0x00000001


mem[X,0x8001A558] -> 0x6537
mem[X,0x8001A55A] -> 0x6666
[2281] [M]: 0x8001A558 (0x66666537) lui a0, 419430
x10 <- 0x66666000


mem[X,0x8001A55C] -> 0x0513
mem[X,0x8001A55E] -> 0x6665
[2282] [M]: 0x8001A55C (0x66650513) addi a0, a0, 1638
x10 <- 0x66666666


mem[X,0x8001A560] -> 0x35B7
mem[X,0x8001A562] -> 0x3333
[2283] [M]: 0x8001A560 (0x333335B7) lui a1, 209715
x11 <- 0x33333000


mem[X,0x8001A564] -> 0x8593
mem[X,0x8001A566] -> 0x3325
[2284] [M]: 0x8001A564 (0x33258593) addi a1, a1, 818
x11 <- 0x33333332


mem[X,0x8001A568] -> 0x0193
mem[X,0x8001A56A] -> 0x0000
[2285] [M]: 0x8001A568 (0x00000193) addi gp, zero, 0
x3 <- 0x00000000


mem[X,0x8001A56C] -> 0x006F
mem[X,0x8001A56E] -> 0x00C0
[2286] [M]: 0x8001A56C (0x00C0006F) jal zero, 12


mem[X,0x8001A578] -> 0x7663
mem[X,0x8001A57A] -> 0x00B5
[2287] [M]: 0x8001A578 (0x00B57663) bgeu a0, a1, 12


mem[X,0x8001A584] -> 0x8193
mem[X,0x8001A586] -> 0x0031
[2288] [M]: 0x8001A584 (0x00318193) addi gp, gp, 3
x3 <- 0x00000003


mem[X,0x8001A588] -> 0x006F
mem[X,0x8001A58A] -> 0x0040
[2289] [M]: 0x8001A588 (0x0040006F) jal zero, 4


mem[X,0x8001A58C] -> 0x2A23
mem[X,0x8001A58E] -> 0x3631
[2290] [M]: 0x8001A58C (0x36312A23) sw gp, 884(sp)
mem[0x8004B4D8] <- 0x00000003


mem[X,0x8001A590] -> 0x6537
mem[X,0x8001A592] -> 0x6666
[2291] [M]: 0x8001A590 (0x66666537) lui a0, 419430
x10 <- 0x66666000


mem[X,0x8001A594] -> 0x0513
mem[X,0x8001A596] -> 0x6665
[2292] [M]: 0x8001A594 (0x66650513) addi a0, a0, 1638
x10 <- 0x66666666


mem[X,0x8001A598] -> 0x65B7
mem[X,0x8001A59A] -> 0x6666
[2293] [M]: 0x8001A598 (0x666665B7) lui a1, 419430
x11 <- 0x66666000


mem[X,0x8001A59C] -> 0x8593
mem[X,0x8001A59E] -> 0x6655
[2294] [M]: 0x8001A59C (0x66558593) addi a1, a1, 1637
x11 <- 0x66666665


mem[X,0x8001A5A0] -> 0x0193
mem[X,0x8001A5A2] -> 0x0000
[2295] [M]: 0x8001A5A0 (0x00000193) addi gp, zero, 0
x3 <- 0x00000000


mem[X,0x8001A5A4] -> 0x006F
mem[X,0x8001A5A6] -> 0x00C0
[2296] [M]: 0x8001A5A4 (0x00C0006F) jal zero, 12


mem[X,0x8001A5B0] -> 0x7663
mem[X,0x8001A5B2] -> 0x00B5
[2297] [M]: 0x8001A5B0 (0x00B57663) bgeu a0, a1, 12


mem[X,0x8001A5BC] -> 0x8193
mem[X,0x8001A5BE] -> 0x0031
[2298] [M]: 0x8001A5BC (0x00318193) addi gp, gp, 3
x3 <- 0x00000003


mem[X,0x8001A5C0] -> 0x006F
mem[X,0x8001A5C2] -> 0x0040
[2299] [M]: 0x8001A5C0 (0x0040006F) jal zero, 4


clint::tick mtime <- 0x0000000000000017
 clint timer pending at mtime 0x0000000000000017
htif::tick 0x0000000000000000
mem[X,0x8001A5C4] -> 0x2C23
mem[X,0x8001A5C6] -> 0x3631
[2300] [M]: 0x8001A5C4 (0x36312C23) sw gp, 888(sp)
mem[0x8004B4DC] <- 0x00000003


mem[X,0x8001A5C8] -> 0x6537
mem[X,0x8001A5CA] -> 0x6666
[2301] [M]: 0x8001A5C8 (0x66666537) lui a0, 419430
x10 <- 0x66666000


mem[X,0x8001A5CC] -> 0x0513
mem[X,0x8001A5CE] -> 0x6665
[2302] [M]: 0x8001A5CC (0x66650513) addi a0, a0, 1638
x10 <- 0x66666666


mem[X,0x8001A5D0] -> 0xB5B7
mem[X,0x8001A5D2] -> 0x0000
[2303] [M]: 0x8001A5D0 (0x0000B5B7) lui a1, 11
x11 <- 0x0000B000


mem[X,0x8001A5D4] -> 0x8593
mem[X,0x8001A5D6] -> 0x5035
[2304] [M]: 0x8001A5D4 (0x50358593) addi a1, a1, 1283
x11 <- 0x0000B503


mem[X,0x8001A5D8] -> 0x0193
mem[X,0x8001A5DA] -> 0x0000
[2305] [M]: 0x8001A5D8 (0x00000193) addi gp, zero, 0
x3 <- 0x00000000


mem[X,0x8001A5DC] -> 0x006F
mem[X,0x8001A5DE] -> 0x00C0
[2306] [M]: 0x8001A5DC (0x00C0006F) jal zero, 12


mem[X,0x8001A5E8] -> 0x7063
mem[X,0x8001A5EA] -> 0x20B5
[2307] [M]: 0x8001A5E8 (0x20B57063) bgeu a0, a1, 512


mem[X,0x8001A7E8] -> 0x8193
mem[X,0x8001A7EA] -> 0x0031
[2308] [M]: 0x8001A7E8 (0x00318193) addi gp, gp, 3
x3 <- 0x00000003


mem[X,0x8001A7EC] -> 0x006F
mem[X,0x8001A7EE] -> 0x0040
[2309] [M]: 0x8001A7EC (0x0040006F) jal zero, 4


mem[X,0x8001A7F0] -> 0x2E23
mem[X,0x8001A7F2] -> 0x3631
[2310] [M]: 0x8001A7F0 (0x36312E23) sw gp, 892(sp)
mem[0x8004B4E0] <- 0x00000003


mem[X,0x8001A7F4] -> 0x6537
mem[X,0x8001A7F6] -> 0x6666
[2311] [M]: 0x8001A7F4 (0x66666537) lui a0, 419430
x10 <- 0x66666000


mem[X,0x8001A7F8] -> 0x0513
mem[X,0x8001A7FA] -> 0x6665
[2312] [M]: 0x8001A7F8 (0x66650513) addi a0, a0, 1638
x10 <- 0x66666666


mem[X,0x8001A7FC] -> 0x05B7
mem[X,0x8001A7FE] -> 0x0001
[2313] [M]: 0x8001A7FC (0x000105B7) lui a1, 16
x11 <- 0x00010000


mem[X,0x8001A800] -> 0x8593
mem[X,0x8001A802] -> 0xFFE5
[2314] [M]: 0x8001A800 (0xFFE58593) addi a1, a1, 4094
x11 <- 0x0000FFFE


mem[X,0x8001A804] -> 0x0193
mem[X,0x8001A806] -> 0x0000
[2315] [M]: 0x8001A804 (0x00000193) addi gp, zero, 0
x3 <- 0x00000000


mem[X,0x8001A808] -> 0x006F
mem[X,0x8001A80A] -> 0x00C0
[2316] [M]: 0x8001A808 (0x00C0006F) jal zero, 12


mem[X,0x8001A814] -> 0x7663
mem[X,0x8001A816] -> 0x00B5
[2317] [M]: 0x8001A814 (0x00B57663) bgeu a0, a1, 12


mem[X,0x8001A820] -> 0x8193
mem[X,0x8001A822] -> 0x0031
[2318] [M]: 0x8001A820 (0x00318193) addi gp, gp, 3
x3 <- 0x00000003


mem[X,0x8001A824] -> 0x006F
mem[X,0x8001A826] -> 0x0040
[2319] [M]: 0x8001A824 (0x0040006F) jal zero, 4


mem[X,0x8001A828] -> 0x2023
mem[X,0x8001A82A] -> 0x3831
[2320] [M]: 0x8001A828 (0x38312023) sw gp, 896(sp)
mem[0x8004B4E4] <- 0x00000003


mem[X,0x8001A82C] -> 0x6537
mem[X,0x8001A82E] -> 0x6666
[2321] [M]: 0x8001A82C (0x66666537) lui a0, 419430
x10 <- 0x66666000


mem[X,0x8001A830] -> 0x0513
mem[X,0x8001A832] -> 0x6665
[2322] [M]: 0x8001A830 (0x66650513) addi a0, a0, 1638
x10 <- 0x66666666


mem[X,0x8001A834] -> 0x55B7
mem[X,0x8001A836] -> 0x5555
[2323] [M]: 0x8001A834 (0x555555B7) lui a1, 349525
x11 <- 0x55555000


mem[X,0x8001A838] -> 0x8593
mem[X,0x8001A83A] -> 0x5565
[2324] [M]: 0x8001A838 (0x55658593) addi a1, a1, 1366
x11 <- 0x55555556


mem[X,0x8001A83C] -> 0x0193
mem[X,0x8001A83E] -> 0x0000
[2325] [M]: 0x8001A83C (0x00000193) addi gp, zero, 0
x3 <- 0x00000000


mem[X,0x8001A840] -> 0x006F
mem[X,0x8001A842] -> 0x0050
[2326] [M]: 0x8001A840 (0x0050006F) jal zero, 2052


mem[X,0x8001B044] -> 0x70E3
mem[X,0x8001B046] -> 0x80B5
[2327] [M]: 0x8001B044 (0x80B570E3) bgeu a0, a1, 6144


mem[X,0x8001A844] -> 0x8193
mem[X,0x8001A846] -> 0x0011
[2328] [M]: 0x8001A844 (0x00118193) addi gp, gp, 1
x3 <- 0x00000001


mem[X,0x8001A848] -> 0x006F
mem[X,0x8001A84A] -> 0x0110
[2329] [M]: 0x8001A848 (0x0110006F) jal zero, 2064


mem[X,0x8001B058] -> 0x2223
mem[X,0x8001B05A] -> 0x3831
[2330] [M]: 0x8001B058 (0x38312223) sw gp, 900(sp)
mem[0x8004B4E8] <- 0x00000001


mem[X,0x8001B05C] -> 0x6537
mem[X,0x8001B05E] -> 0x6666
[2331] [M]: 0x8001B05C (0x66666537) lui a0, 419430
x10 <- 0x66666000


mem[X,0x8001B060] -> 0x0513
mem[X,0x8001B062] -> 0x6665
[2332] [M]: 0x8001B060 (0x66650513) addi a0, a0, 1638
x10 <- 0x66666666


mem[X,0x8001B064] -> 0xB5B7
mem[X,0x8001B066] -> 0xAAAA
[2333] [M]: 0x8001B064 (0xAAAAB5B7) lui a1, 699051
x11 <- 0xAAAAB000


mem[X,0x8001B068] -> 0x8593
mem[X,0x8001B06A] -> 0xAAB5
[2334] [M]: 0x8001B068 (0xAAB58593) addi a1, a1, 2731
x11 <- 0xAAAAAAAB


mem[X,0x8001B06C] -> 0x0193
mem[X,0x8001B06E] -> 0x0000
[2335] [M]: 0x8001B06C (0x00000193) addi gp, zero, 0
x3 <- 0x00000000


mem[X,0x8001B070] -> 0x006F
mem[X,0x8001B072] -> 0x00C0
[2336] [M]: 0x8001B070 (0x00C0006F) jal zero, 12


mem[X,0x8001B07C] -> 0x7663
mem[X,0x8001B07E] -> 0x00B5
[2337] [M]: 0x8001B07C (0x00B57663) bgeu a0, a1, 12


mem[X,0x8001B080] -> 0x8193
mem[X,0x8001B082] -> 0x0021
[2338] [M]: 0x8001B080 (0x00218193) addi gp, gp, 2
x3 <- 0x00000002


mem[X,0x8001B084] -> 0x006F
mem[X,0x8001B086] -> 0x00C0
[2339] [M]: 0x8001B084 (0x00C0006F) jal zero, 12


mem[X,0x8001B090] -> 0x2423
mem[X,0x8001B092] -> 0x3831
[2340] [M]: 0x8001B090 (0x38312423) sw gp, 904(sp)
mem[0x8004B4EC] <- 0x00000002


mem[X,0x8001B094] -> 0x6537
mem[X,0x8001B096] -> 0x6666
[2341] [M]: 0x8001B094 (0x66666537) lui a0, 419430
x10 <- 0x66666000


mem[X,0x8001B098] -> 0x0513
mem[X,0x8001B09A] -> 0x6665
[2342] [M]: 0x8001B098 (0x66650513) addi a0, a0, 1638
x10 <- 0x66666666


mem[X,0x8001B09C] -> 0x0593
mem[X,0x8001B09E] -> 0x0060
[2343] [M]: 0x8001B09C (0x00600593) addi a1, zero, 6
x11 <- 0x00000006


mem[X,0x8001B0A0] -> 0x0193
mem[X,0x8001B0A2] -> 0x0000
[2344] [M]: 0x8001B0A0 (0x00000193) addi gp, zero, 0
x3 <- 0x00000000


mem[X,0x8001B0A4] -> 0x006F
mem[X,0x8001B0A6] -> 0x00C0
[2345] [M]: 0x8001B0A4 (0x00C0006F) jal zero, 12


mem[X,0x8001B0B0] -> 0x7063
mem[X,0x8001B0B2] -> 0x20B5
[2346] [M]: 0x8001B0B0 (0x20B57063) bgeu a0, a1, 512


mem[X,0x8001B2B0] -> 0x8193
mem[X,0x8001B2B2] -> 0x0031
[2347] [M]: 0x8001B2B0 (0x00318193) addi gp, gp, 3
x3 <- 0x00000003


mem[X,0x8001B2B4] -> 0x006F
mem[X,0x8001B2B6] -> 0x0040
[2348] [M]: 0x8001B2B4 (0x0040006F) jal zero, 4


mem[X,0x8001B2B8] -> 0x2623
mem[X,0x8001B2BA] -> 0x3831
[2349] [M]: 0x8001B2B8 (0x38312623) sw gp, 908(sp)
mem[0x8004B4F0] <- 0x00000003


mem[X,0x8001B2BC] -> 0x6537
mem[X,0x8001B2BE] -> 0x6666
[2350] [M]: 0x8001B2BC (0x66666537) lui a0, 419430
x10 <- 0x66666000


mem[X,0x8001B2C0] -> 0x0513
mem[X,0x8001B2C2] -> 0x6665
[2351] [M]: 0x8001B2C0 (0x66650513) addi a0, a0, 1638
x10 <- 0x66666666


mem[X,0x8001B2C4] -> 0x35B7
mem[X,0x8001B2C6] -> 0x3333
[2352] [M]: 0x8001B2C4 (0x333335B7) lui a1, 209715
x11 <- 0x33333000


mem[X,0x8001B2C8] -> 0x8593
mem[X,0x8001B2CA] -> 0x3345
[2353] [M]: 0x8001B2C8 (0x33458593) addi a1, a1, 820
x11 <- 0x33333334


mem[X,0x8001B2CC] -> 0x0193
mem[X,0x8001B2CE] -> 0x0000
[2354] [M]: 0x8001B2CC (0x00000193) addi gp, zero, 0
x3 <- 0x00000000


mem[X,0x8001B2D0] -> 0x006F
mem[X,0x8001B2D2] -> 0x00C0
[2355] [M]: 0x8001B2D0 (0x00C0006F) jal zero, 12


mem[X,0x8001B2DC] -> 0x7CE3
mem[X,0x8001B2DE] -> 0xFEB5
[2356] [M]: 0x8001B2DC (0xFEB57CE3) bgeu a0, a1, 8184


mem[X,0x8001B2D4] -> 0x8193
mem[X,0x8001B2D6] -> 0x0011
[2357] [M]: 0x8001B2D4 (0x00118193) addi gp, gp, 1
x3 <- 0x00000001


mem[X,0x8001B2D8] -> 0x006F
mem[X,0x8001B2DA] -> 0x0180
[2358] [M]: 0x8001B2D8 (0x0180006F) jal zero, 24


mem[X,0x8001B2F0] -> 0x2823
mem[X,0x8001B2F2] -> 0x3831
[2359] [M]: 0x8001B2F0 (0x38312823) sw gp, 912(sp)
mem[0x8004B4F4] <- 0x00000001


mem[X,0x8001B2F4] -> 0x6537
mem[X,0x8001B2F6] -> 0x6666
[2360] [M]: 0x8001B2F4 (0x66666537) lui a0, 419430
x10 <- 0x66666000


mem[X,0x8001B2F8] -> 0x0513
mem[X,0x8001B2FA] -> 0x6665
[2361] [M]: 0x8001B2F8 (0x66650513) addi a0, a0, 1638
x10 <- 0x66666666


mem[X,0x8001B2FC] -> 0x65B7
mem[X,0x8001B2FE] -> 0x6666
[2362] [M]: 0x8001B2FC (0x666665B7) lui a1, 419430
x11 <- 0x66666000


mem[X,0x8001B300] -> 0x8593
mem[X,0x8001B302] -> 0x6675
[2363] [M]: 0x8001B300 (0x66758593) addi a1, a1, 1639
x11 <- 0x66666667


mem[X,0x8001B304] -> 0x0193
mem[X,0x8001B306] -> 0x0000
[2364] [M]: 0x8001B304 (0x00000193) addi gp, zero, 0
x3 <- 0x00000000


mem[X,0x8001B308] -> 0x006F
mem[X,0x8001B30A] -> 0x00C0
[2365] [M]: 0x8001B308 (0x00C0006F) jal zero, 12


mem[X,0x8001B314] -> 0x7863
mem[X,0x8001B316] -> 0x00B5
[2366] [M]: 0x8001B314 (0x00B57863) bgeu a0, a1, 16


mem[X,0x8001B318] -> 0x8193
mem[X,0x8001B31A] -> 0x0021
[2367] [M]: 0x8001B318 (0x00218193) addi gp, gp, 2
x3 <- 0x00000002


mem[X,0x8001B31C] -> 0x006F
mem[X,0x8001B31E] -> 0x0100
[2368] [M]: 0x8001B31C (0x0100006F) jal zero, 16


mem[X,0x8001B32C] -> 0x2A23
mem[X,0x8001B32E] -> 0x3831
[2369] [M]: 0x8001B32C (0x38312A23) sw gp, 916(sp)
mem[0x8004B4F8] <- 0x00000002


mem[X,0x8001B330] -> 0x6537
mem[X,0x8001B332] -> 0x6666
[2370] [M]: 0x8001B330 (0x66666537) lui a0, 419430
x10 <- 0x66666000


mem[X,0x8001B334] -> 0x0513
mem[X,0x8001B336] -> 0x6665
[2371] [M]: 0x8001B334 (0x66650513) addi a0, a0, 1638
x10 <- 0x66666666


mem[X,0x8001B338] -> 0xB5B7
mem[X,0x8001B33A] -> 0x0000
[2372] [M]: 0x8001B338 (0x0000B5B7) lui a1, 11
x11 <- 0x0000B000


mem[X,0x8001B33C] -> 0x8593
mem[X,0x8001B33E] -> 0x5055
[2373] [M]: 0x8001B33C (0x50558593) addi a1, a1, 1285
x11 <- 0x0000B505


mem[X,0x8001B340] -> 0x0193
mem[X,0x8001B342] -> 0x0000
[2374] [M]: 0x8001B340 (0x00000193) addi gp, zero, 0
x3 <- 0x00000000


mem[X,0x8001B344] -> 0x006F
mem[X,0x8001B346] -> 0x0180
[2375] [M]: 0x8001B344 (0x0180006F) jal zero, 24


mem[X,0x8001B35C] -> 0x76E3
mem[X,0x8001B35E] -> 0xFEB5
[2376] [M]: 0x8001B35C (0xFEB576E3) bgeu a0, a1, 8172


mem[X,0x8001B348] -> 0x8193
mem[X,0x8001B34A] -> 0x0011
[2377] [M]: 0x8001B348 (0x00118193) addi gp, gp, 1
x3 <- 0x00000001


mem[X,0x8001B34C] -> 0x006F
mem[X,0x8001B34E] -> 0x0240
[2378] [M]: 0x8001B34C (0x0240006F) jal zero, 36


mem[X,0x8001B370] -> 0x2C23
mem[X,0x8001B372] -> 0x3831
[2379] [M]: 0x8001B370 (0x38312C23) sw gp, 920(sp)
mem[0x8004B4FC] <- 0x00000001


mem[X,0x8001B374] -> 0x6537
mem[X,0x8001B376] -> 0x6666
[2380] [M]: 0x8001B374 (0x66666537) lui a0, 419430
x10 <- 0x66666000


mem[X,0x8001B378] -> 0x0513
mem[X,0x8001B37A] -> 0x6665
[2381] [M]: 0x8001B378 (0x66650513) addi a0, a0, 1638
x10 <- 0x66666666


mem[X,0x8001B37C] -> 0x0593
mem[X,0x8001B37E] -> 0x0010
[2382] [M]: 0x8001B37C (0x00100593) addi a1, zero, 1
x11 <- 0x00000001


mem[X,0x8001B380] -> 0x0193
mem[X,0x8001B382] -> 0x0000
[2383] [M]: 0x8001B380 (0x00000193) addi gp, zero, 0
x3 <- 0x00000000


mem[X,0x8001B384] -> 0x006F
mem[X,0x8001B386] -> 0x0140
[2384] [M]: 0x8001B384 (0x0140006F) jal zero, 20


mem[X,0x8001B398] -> 0x78E3
mem[X,0x8001B39A] -> 0xFEB5
[2385] [M]: 0x8001B398 (0xFEB578E3) bgeu a0, a1, 8176


mem[X,0x8001B388] -> 0x8193
mem[X,0x8001B38A] -> 0x0011
[2386] [M]: 0x8001B388 (0x00118193) addi gp, gp, 1
x3 <- 0x00000001


mem[X,0x8001B38C] -> 0x006F
mem[X,0x8001B38E] -> 0x0200
[2387] [M]: 0x8001B38C (0x0200006F) jal zero, 32


mem[X,0x8001B3AC] -> 0x2E23
mem[X,0x8001B3AE] -> 0x3831
[2388] [M]: 0x8001B3AC (0x38312E23) sw gp, 924(sp)
mem[0x8004B500] <- 0x00000001


mem[X,0x8001B3B0] -> 0x6537
mem[X,0x8001B3B2] -> 0x6666
[2389] [M]: 0x8001B3B0 (0x66666537) lui a0, 419430
x10 <- 0x66666000


mem[X,0x8001B3B4] -> 0x0513
mem[X,0x8001B3B6] -> 0x6665
[2390] [M]: 0x8001B3B4 (0x66650513) addi a0, a0, 1638
x10 <- 0x66666666


mem[X,0x8001B3B8] -> 0x05B7
mem[X,0x8001B3BA] -> 0x0001
[2391] [M]: 0x8001B3B8 (0x000105B7) lui a1, 16
x11 <- 0x00010000


mem[X,0x8001B3BC] -> 0x0193
mem[X,0x8001B3BE] -> 0x0000
[2392] [M]: 0x8001B3BC (0x00000193) addi gp, zero, 0
x3 <- 0x00000000


mem[X,0x8001B3C0] -> 0x006F
mem[X,0x8001B3C2] -> 0x00C0
[2393] [M]: 0x8001B3C0 (0x00C0006F) jal zero, 12


mem[X,0x8001B3CC] -> 0x7063
mem[X,0x8001B3CE] -> 0x10B5
[2394] [M]: 0x8001B3CC (0x10B57063) bgeu a0, a1, 256


mem[X,0x8001B4CC] -> 0x8193
mem[X,0x8001B4CE] -> 0x0031
[2395] [M]: 0x8001B4CC (0x00318193) addi gp, gp, 3
x3 <- 0x00000003


mem[X,0x8001B4D0] -> 0x006F
mem[X,0x8001B4D2] -> 0x0040
[2396] [M]: 0x8001B4D0 (0x0040006F) jal zero, 4


mem[X,0x8001B4D4] -> 0x2023
mem[X,0x8001B4D6] -> 0x3A31
[2397] [M]: 0x8001B4D4 (0x3A312023) sw gp, 928(sp)
mem[0x8004B504] <- 0x00000003


mem[X,0x8001B4D8] -> 0xB537
mem[X,0x8001B4DA] -> 0x0000
[2398] [M]: 0x8001B4D8 (0x0000B537) lui a0, 11
x10 <- 0x0000B000


mem[X,0x8001B4DC] -> 0x0513
mem[X,0x8001B4DE] -> 0x5045
[2399] [M]: 0x8001B4DC (0x50450513) addi a0, a0, 1284
x10 <- 0x0000B504


clint::tick mtime <- 0x0000000000000018
 clint timer pending at mtime 0x0000000000000018
htif::tick 0x0000000000000000
mem[X,0x8001B4E0] -> 0x0593
mem[X,0x8001B4E2] -> 0x0030
[2400] [M]: 0x8001B4E0 (0x00300593) addi a1, zero, 3
x11 <- 0x00000003


mem[X,0x8001B4E4] -> 0x0193
mem[X,0x8001B4E6] -> 0x0000
[2401] [M]: 0x8001B4E4 (0x00000193) addi gp, zero, 0
x3 <- 0x00000000


mem[X,0x8001B4E8] -> 0x006F
mem[X,0x8001B4EA] -> 0x00C0
[2402] [M]: 0x8001B4E8 (0x00C0006F) jal zero, 12


mem[X,0x8001B4F4] -> 0x7663
mem[X,0x8001B4F6] -> 0x00B5
[2403] [M]: 0x8001B4F4 (0x00B57663) bgeu a0, a1, 12


mem[X,0x8001B500] -> 0x8193
mem[X,0x8001B502] -> 0x0031
[2404] [M]: 0x8001B500 (0x00318193) addi gp, gp, 3
x3 <- 0x00000003


mem[X,0x8001B504] -> 0x006F
mem[X,0x8001B506] -> 0x0040
[2405] [M]: 0x8001B504 (0x0040006F) jal zero, 4


mem[X,0x8001B508] -> 0x2223
mem[X,0x8001B50A] -> 0x3A31
[2406] [M]: 0x8001B508 (0x3A312223) sw gp, 932(sp)
mem[0x8004B508] <- 0x00000003


mem[X,0x8001B50C] -> 0xB537
mem[X,0x8001B50E] -> 0x0000
[2407] [M]: 0x8001B50C (0x0000B537) lui a0, 11
x10 <- 0x0000B000


mem[X,0x8001B510] -> 0x0513
mem[X,0x8001B512] -> 0x5045
[2408] [M]: 0x8001B510 (0x50450513) addi a0, a0, 1284
x10 <- 0x0000B504


mem[X,0x8001B514] -> 0x55B7
mem[X,0x8001B516] -> 0x5555
[2409] [M]: 0x8001B514 (0x555555B7) lui a1, 349525
x11 <- 0x55555000


mem[X,0x8001B518] -> 0x8593
mem[X,0x8001B51A] -> 0x5555
[2410] [M]: 0x8001B518 (0x55558593) addi a1, a1, 1365
x11 <- 0x55555555


mem[X,0x8001B51C] -> 0x0193
mem[X,0x8001B51E] -> 0x0000
[2411] [M]: 0x8001B51C (0x00000193) addi gp, zero, 0
x3 <- 0x00000000


mem[X,0x8001B520] -> 0x006F
mem[X,0x8001B522] -> 0x00C0
[2412] [M]: 0x8001B520 (0x00C0006F) jal zero, 12


mem[X,0x8001B52C] -> 0x7063
mem[X,0x8001B52E] -> 0x04B5
[2413] [M]: 0x8001B52C (0x04B57063) bgeu a0, a1, 64


mem[X,0x8001B530] -> 0x8193
mem[X,0x8001B532] -> 0x0021
[2414] [M]: 0x8001B530 (0x00218193) addi gp, gp, 2
x3 <- 0x00000002


mem[X,0x8001B534] -> 0x006F
mem[X,0x8001B536] -> 0x0400
[2415] [M]: 0x8001B534 (0x0400006F) jal zero, 64


mem[X,0x8001B574] -> 0x2423
mem[X,0x8001B576] -> 0x3A31
[2416] [M]: 0x8001B574 (0x3A312423) sw gp, 936(sp)
mem[0x8004B50C] <- 0x00000002


mem[X,0x8001B578] -> 0xB537
mem[X,0x8001B57A] -> 0x0000
[2417] [M]: 0x8001B578 (0x0000B537) lui a0, 11
x10 <- 0x0000B000


mem[X,0x8001B57C] -> 0x0513
mem[X,0x8001B57E] -> 0x5045
[2418] [M]: 0x8001B57C (0x50450513) addi a0, a0, 1284
x10 <- 0x0000B504


mem[X,0x8001B580] -> 0xB5B7
mem[X,0x8001B582] -> 0xAAAA
[2419] [M]: 0x8001B580 (0xAAAAB5B7) lui a1, 699051
x11 <- 0xAAAAB000


mem[X,0x8001B584] -> 0x8593
mem[X,0x8001B586] -> 0xAAA5
[2420] [M]: 0x8001B584 (0xAAA58593) addi a1, a1, 2730
x11 <- 0xAAAAAAAA


mem[X,0x8001B588] -> 0x0193
mem[X,0x8001B58A] -> 0x0000
[2421] [M]: 0x8001B588 (0x00000193) addi gp, zero, 0
x3 <- 0x00000000


mem[X,0x8001B58C] -> 0x006F
mem[X,0x8001B58E] -> 0x00C0
[2422] [M]: 0x8001B58C (0x00C0006F) jal zero, 12


mem[X,0x8001B598] -> 0x7663
mem[X,0x8001B59A] -> 0x00B5
[2423] [M]: 0x8001B598 (0x00B57663) bgeu a0, a1, 12


mem[X,0x8001B59C] -> 0x8193
mem[X,0x8001B59E] -> 0x0021
[2424] [M]: 0x8001B59C (0x00218193) addi gp, gp, 2
x3 <- 0x00000002


mem[X,0x8001B5A0] -> 0x006F
mem[X,0x8001B5A2] -> 0x00C0
[2425] [M]: 0x8001B5A0 (0x00C0006F) jal zero, 12


mem[X,0x8001B5AC] -> 0x2623
mem[X,0x8001B5AE] -> 0x3A31
[2426] [M]: 0x8001B5AC (0x3A312623) sw gp, 940(sp)
mem[0x8004B510] <- 0x00000002


mem[X,0x8001B5B0] -> 0xB537
mem[X,0x8001B5B2] -> 0x0000
[2427] [M]: 0x8001B5B0 (0x0000B537) lui a0, 11
x10 <- 0x0000B000


mem[X,0x8001B5B4] -> 0x0513
mem[X,0x8001B5B6] -> 0x5045
[2428] [M]: 0x8001B5B4 (0x50450513) addi a0, a0, 1284
x10 <- 0x0000B504


mem[X,0x8001B5B8] -> 0x0593
mem[X,0x8001B5BA] -> 0x0050
[2429] [M]: 0x8001B5B8 (0x00500593) addi a1, zero, 5
x11 <- 0x00000005


mem[X,0x8001B5BC] -> 0x0193
mem[X,0x8001B5BE] -> 0x0000
[2430] [M]: 0x8001B5BC (0x00000193) addi gp, zero, 0
x3 <- 0x00000000


mem[X,0x8001B5C0] -> 0x006F
mem[X,0x8001B5C2] -> 0x00C0
[2431] [M]: 0x8001B5C0 (0x00C0006F) jal zero, 12


mem[X,0x8001B5CC] -> 0x7063
mem[X,0x8001B5CE] -> 0x02B5
[2432] [M]: 0x8001B5CC (0x02B57063) bgeu a0, a1, 32


mem[X,0x8001B5EC] -> 0x8193
mem[X,0x8001B5EE] -> 0x0031
[2433] [M]: 0x8001B5EC (0x00318193) addi gp, gp, 3
x3 <- 0x00000003


mem[X,0x8001B5F0] -> 0x006F
mem[X,0x8001B5F2] -> 0x0040
[2434] [M]: 0x8001B5F0 (0x0040006F) jal zero, 4


mem[X,0x8001B5F4] -> 0x2823
mem[X,0x8001B5F6] -> 0x3A31
[2435] [M]: 0x8001B5F4 (0x3A312823) sw gp, 944(sp)
mem[0x8004B514] <- 0x00000003


mem[X,0x8001B5F8] -> 0xB537
mem[X,0x8001B5FA] -> 0x0000
[2436] [M]: 0x8001B5F8 (0x0000B537) lui a0, 11
x10 <- 0x0000B000


mem[X,0x8001B5FC] -> 0x0513
mem[X,0x8001B5FE] -> 0x5045
[2437] [M]: 0x8001B5FC (0x50450513) addi a0, a0, 1284
x10 <- 0x0000B504


mem[X,0x8001B600] -> 0x35B7
mem[X,0x8001B602] -> 0x3333
[2438] [M]: 0x8001B600 (0x333335B7) lui a1, 209715
x11 <- 0x33333000


mem[X,0x8001B604] -> 0x8593
mem[X,0x8001B606] -> 0x3335
[2439] [M]: 0x8001B604 (0x33358593) addi a1, a1, 819
x11 <- 0x33333333


mem[X,0x8001B608] -> 0x0193
mem[X,0x8001B60A] -> 0x0000
[2440] [M]: 0x8001B608 (0x00000193) addi gp, zero, 0
x3 <- 0x00000000


mem[X,0x8001B60C] -> 0x006F
mem[X,0x8001B60E] -> 0x00C0
[2441] [M]: 0x8001B60C (0x00C0006F) jal zero, 12


mem[X,0x8001B618] -> 0x7063
mem[X,0x8001B61A] -> 0x20B5
[2442] [M]: 0x8001B618 (0x20B57063) bgeu a0, a1, 512


mem[X,0x8001B61C] -> 0x8193
mem[X,0x8001B61E] -> 0x0021
[2443] [M]: 0x8001B61C (0x00218193) addi gp, gp, 2
x3 <- 0x00000002


mem[X,0x8001B620] -> 0x006F
mem[X,0x8001B622] -> 0x2000
[2444] [M]: 0x8001B620 (0x2000006F) jal zero, 512


mem[X,0x8001B820] -> 0x2A23
mem[X,0x8001B822] -> 0x3A31
[2445] [M]: 0x8001B820 (0x3A312A23) sw gp, 948(sp)
mem[0x8004B518] <- 0x00000002


mem[X,0x8001B824] -> 0xB537
mem[X,0x8001B826] -> 0x0000
[2446] [M]: 0x8001B824 (0x0000B537) lui a0, 11
x10 <- 0x0000B000


mem[X,0x8001B828] -> 0x0513
mem[X,0x8001B82A] -> 0x5045
[2447] [M]: 0x8001B828 (0x50450513) addi a0, a0, 1284
x10 <- 0x0000B504


mem[X,0x8001B82C] -> 0x65B7
mem[X,0x8001B82E] -> 0x6666
[2448] [M]: 0x8001B82C (0x666665B7) lui a1, 419430
x11 <- 0x66666000


mem[X,0x8001B830] -> 0x8593
mem[X,0x8001B832] -> 0x6665
[2449] [M]: 0x8001B830 (0x66658593) addi a1, a1, 1638
x11 <- 0x66666666


mem[X,0x8001B834] -> 0x0193
mem[X,0x8001B836] -> 0x0000
[2450] [M]: 0x8001B834 (0x00000193) addi gp, zero, 0
x3 <- 0x00000000


mem[X,0x8001B838] -> 0x006F
mem[X,0x8001B83A] -> 0x00C0
[2451] [M]: 0x8001B838 (0x00C0006F) jal zero, 12


mem[X,0x8001B844] -> 0x7663
mem[X,0x8001B846] -> 0x00B5
[2452] [M]: 0x8001B844 (0x00B57663) bgeu a0, a1, 12


mem[X,0x8001B848] -> 0x8193
mem[X,0x8001B84A] -> 0x0021
[2453] [M]: 0x8001B848 (0x00218193) addi gp, gp, 2
x3 <- 0x00000002


mem[X,0x8001B84C] -> 0x006F
mem[X,0x8001B84E] -> 0x00C0
[2454] [M]: 0x8001B84C (0x00C0006F) jal zero, 12


mem[X,0x8001B858] -> 0x2C23
mem[X,0x8001B85A] -> 0x3A31
[2455] [M]: 0x8001B858 (0x3A312C23) sw gp, 952(sp)
mem[0x8004B51C] <- 0x00000002


mem[X,0x8001B85C] -> 0xB537
mem[X,0x8001B85E] -> 0x0000
[2456] [M]: 0x8001B85C (0x0000B537) lui a0, 11
x10 <- 0x0000B000


mem[X,0x8001B860] -> 0x0513
mem[X,0x8001B862] -> 0x5045
[2457] [M]: 0x8001B860 (0x50450513) addi a0, a0, 1284
x10 <- 0x0000B504


mem[X,0x8001B864] -> 0xB5B7
mem[X,0x8001B866] -> 0x0000
[2458] [M]: 0x8001B864 (0x0000B5B7) lui a1, 11
x11 <- 0x0000B000


mem[X,0x8001B868] -> 0x8593
mem[X,0x8001B86A] -> 0x5045
[2459] [M]: 0x8001B868 (0x50458593) addi a1, a1, 1284
x11 <- 0x0000B504


mem[X,0x8001B86C] -> 0x0193
mem[X,0x8001B86E] -> 0x0000
[2460] [M]: 0x8001B86C (0x00000193) addi gp, zero, 0
x3 <- 0x00000000


mem[X,0x8001B870] -> 0x006F
mem[X,0x8001B872] -> 0x00C0
[2461] [M]: 0x8001B870 (0x00C0006F) jal zero, 12


mem[X,0x8001B87C] -> 0x7663
mem[X,0x8001B87E] -> 0x00B5
[2462] [M]: 0x8001B87C (0x00B57663) bgeu a0, a1, 12


mem[X,0x8001B888] -> 0x8193
mem[X,0x8001B88A] -> 0x0031
[2463] [M]: 0x8001B888 (0x00318193) addi gp, gp, 3
x3 <- 0x00000003


mem[X,0x8001B88C] -> 0x006F
mem[X,0x8001B88E] -> 0x0040
[2464] [M]: 0x8001B88C (0x0040006F) jal zero, 4


mem[X,0x8001B890] -> 0x2E23
mem[X,0x8001B892] -> 0x3A31
[2465] [M]: 0x8001B890 (0x3A312E23) sw gp, 956(sp)
mem[0x8004B520] <- 0x00000003


mem[X,0x8001B894] -> 0xB537
mem[X,0x8001B896] -> 0x0000
[2466] [M]: 0x8001B894 (0x0000B537) lui a0, 11
x10 <- 0x0000B000


mem[X,0x8001B898] -> 0x0513
mem[X,0x8001B89A] -> 0x5045
[2467] [M]: 0x8001B898 (0x50450513) addi a0, a0, 1284
x10 <- 0x0000B504


mem[X,0x8001B89C] -> 0x0593
mem[X,0x8001B89E] -> 0x0000
[2468] [M]: 0x8001B89C (0x00000593) addi a1, zero, 0
x11 <- 0x00000000


mem[X,0x8001B8A0] -> 0x0193
mem[X,0x8001B8A2] -> 0x0000
[2469] [M]: 0x8001B8A0 (0x00000193) addi gp, zero, 0
x3 <- 0x00000000


mem[X,0x8001B8A4] -> 0x006F
mem[X,0x8001B8A6] -> 0x00C0
[2470] [M]: 0x8001B8A4 (0x00C0006F) jal zero, 12


mem[X,0x8001B8B0] -> 0x7CE3
mem[X,0x8001B8B2] -> 0xFEB5
[2471] [M]: 0x8001B8B0 (0xFEB57CE3) bgeu a0, a1, 8184


mem[X,0x8001B8A8] -> 0x8193
mem[X,0x8001B8AA] -> 0x0011
[2472] [M]: 0x8001B8A8 (0x00118193) addi gp, gp, 1
x3 <- 0x00000001


mem[X,0x8001B8AC] -> 0x006F
mem[X,0x8001B8AE] -> 0x0180
[2473] [M]: 0x8001B8AC (0x0180006F) jal zero, 24


mem[X,0x8001B8C4] -> 0x2023
mem[X,0x8001B8C6] -> 0x3C31
[2474] [M]: 0x8001B8C4 (0x3C312023) sw gp, 960(sp)
mem[0x8004B524] <- 0x00000001


mem[X,0x8001B8C8] -> 0xB537
mem[X,0x8001B8CA] -> 0x0000
[2475] [M]: 0x8001B8C8 (0x0000B537) lui a0, 11
x10 <- 0x0000B000


mem[X,0x8001B8CC] -> 0x0513
mem[X,0x8001B8CE] -> 0x5045
[2476] [M]: 0x8001B8CC (0x50450513) addi a0, a0, 1284
x10 <- 0x0000B504


mem[X,0x8001B8D0] -> 0x05B7
mem[X,0x8001B8D2] -> 0x0001
[2477] [M]: 0x8001B8D0 (0x000105B7) lui a1, 16
x11 <- 0x00010000


mem[X,0x8001B8D4] -> 0x8593
mem[X,0x8001B8D6] -> 0xFFF5
[2478] [M]: 0x8001B8D4 (0xFFF58593) addi a1, a1, 4095
x11 <- 0x0000FFFF


mem[X,0x8001B8D8] -> 0x0193
mem[X,0x8001B8DA] -> 0x0000
[2479] [M]: 0x8001B8D8 (0x00000193) addi gp, zero, 0
x3 <- 0x00000000


mem[X,0x8001B8DC] -> 0x006F
mem[X,0x8001B8DE] -> 0x00C0
[2480] [M]: 0x8001B8DC (0x00C0006F) jal zero, 12


mem[X,0x8001B8E8] -> 0x7063
mem[X,0x8001B8EA] -> 0x02B5
[2481] [M]: 0x8001B8E8 (0x02B57063) bgeu a0, a1, 32


mem[X,0x8001B8EC] -> 0x8193
mem[X,0x8001B8EE] -> 0x0021
[2482] [M]: 0x8001B8EC (0x00218193) addi gp, gp, 2
x3 <- 0x00000002


mem[X,0x8001B8F0] -> 0x006F
mem[X,0x8001B8F2] -> 0x0200
[2483] [M]: 0x8001B8F0 (0x0200006F) jal zero, 32


mem[X,0x8001B910] -> 0x2223
mem[X,0x8001B912] -> 0x3C31
[2484] [M]: 0x8001B910 (0x3C312223) sw gp, 964(sp)
mem[0x8004B528] <- 0x00000002


mem[X,0x8001B914] -> 0xB537
mem[X,0x8001B916] -> 0x0000
[2485] [M]: 0x8001B914 (0x0000B537) lui a0, 11
x10 <- 0x0000B000


mem[X,0x8001B918] -> 0x0513
mem[X,0x8001B91A] -> 0x5045
[2486] [M]: 0x8001B918 (0x50450513) addi a0, a0, 1284
x10 <- 0x0000B504


mem[X,0x8001B91C] -> 0x0593
mem[X,0x8001B91E] -> 0x0020
[2487] [M]: 0x8001B91C (0x00200593) addi a1, zero, 2
x11 <- 0x00000002


mem[X,0x8001B920] -> 0x0193
mem[X,0x8001B922] -> 0x0000
[2488] [M]: 0x8001B920 (0x00000193) addi gp, zero, 0
x3 <- 0x00000000


mem[X,0x8001B924] -> 0x006F
mem[X,0x8001B926] -> 0x00C0
[2489] [M]: 0x8001B924 (0x00C0006F) jal zero, 12


mem[X,0x8001B930] -> 0x7663
mem[X,0x8001B932] -> 0x00B5
[2490] [M]: 0x8001B930 (0x00B57663) bgeu a0, a1, 12


mem[X,0x8001B93C] -> 0x8193
mem[X,0x8001B93E] -> 0x0031
[2491] [M]: 0x8001B93C (0x00318193) addi gp, gp, 3
x3 <- 0x00000003


mem[X,0x8001B940] -> 0x006F
mem[X,0x8001B942] -> 0x0040
[2492] [M]: 0x8001B940 (0x0040006F) jal zero, 4


mem[X,0x8001B944] -> 0x2423
mem[X,0x8001B946] -> 0x3C31
[2493] [M]: 0x8001B944 (0x3C312423) sw gp, 968(sp)
mem[0x8004B52C] <- 0x00000003


mem[X,0x8001B948] -> 0xB537
mem[X,0x8001B94A] -> 0x0000
[2494] [M]: 0x8001B948 (0x0000B537) lui a0, 11
x10 <- 0x0000B000


mem[X,0x8001B94C] -> 0x0513
mem[X,0x8001B94E] -> 0x5045
[2495] [M]: 0x8001B94C (0x50450513) addi a0, a0, 1284
x10 <- 0x0000B504


mem[X,0x8001B950] -> 0x55B7
mem[X,0x8001B952] -> 0x5555
[2496] [M]: 0x8001B950 (0x555555B7) lui a1, 349525
x11 <- 0x55555000


mem[X,0x8001B954] -> 0x8593
mem[X,0x8001B956] -> 0x5545
[2497] [M]: 0x8001B954 (0x55458593) addi a1, a1, 1364
x11 <- 0x55555554


mem[X,0x8001B958] -> 0x0193
mem[X,0x8001B95A] -> 0x0000
[2498] [M]: 0x8001B958 (0x00000193) addi gp, zero, 0
x3 <- 0x00000000


mem[X,0x8001B95C] -> 0x006F
mem[X,0x8001B95E] -> 0x00C0
[2499] [M]: 0x8001B95C (0x00C0006F) jal zero, 12


clint::tick mtime <- 0x0000000000000019
 clint timer pending at mtime 0x0000000000000019
htif::tick 0x0000000000000000
mem[X,0x8001B968] -> 0x7063
mem[X,0x8001B96A] -> 0x40B5
[2500] [M]: 0x8001B968 (0x40B57063) bgeu a0, a1, 1024


mem[X,0x8001B96C] -> 0x8193
mem[X,0x8001B96E] -> 0x0021
[2501] [M]: 0x8001B96C (0x00218193) addi gp, gp, 2
x3 <- 0x00000002


mem[X,0x8001B970] -> 0x006F
mem[X,0x8001B972] -> 0x4000
[2502] [M]: 0x8001B970 (0x4000006F) jal zero, 1024


mem[X,0x8001BD70] -> 0x2623
mem[X,0x8001BD72] -> 0x3C31
[2503] [M]: 0x8001BD70 (0x3C312623) sw gp, 972(sp)
mem[0x8004B530] <- 0x00000002


mem[X,0x8001BD74] -> 0xB537
mem[X,0x8001BD76] -> 0x0000
[2504] [M]: 0x8001BD74 (0x0000B537) lui a0, 11
x10 <- 0x0000B000


mem[X,0x8001BD78] -> 0x0513
mem[X,0x8001BD7A] -> 0x5045
[2505] [M]: 0x8001BD78 (0x50450513) addi a0, a0, 1284
x10 <- 0x0000B504


mem[X,0x8001BD7C] -> 0xB5B7
mem[X,0x8001BD7E] -> 0xAAAA
[2506] [M]: 0x8001BD7C (0xAAAAB5B7) lui a1, 699051
x11 <- 0xAAAAB000


mem[X,0x8001BD80] -> 0x8593
mem[X,0x8001BD82] -> 0xAA95
[2507] [M]: 0x8001BD80 (0xAA958593) addi a1, a1, 2729
x11 <- 0xAAAAAAA9


mem[X,0x8001BD84] -> 0x0193
mem[X,0x8001BD86] -> 0x0000
[2508] [M]: 0x8001BD84 (0x00000193) addi gp, zero, 0
x3 <- 0x00000000


mem[X,0x8001BD88] -> 0x006F
mem[X,0x8001BD8A] -> 0x00C0
[2509] [M]: 0x8001BD88 (0x00C0006F) jal zero, 12


mem[X,0x8001BD94] -> 0x7063
mem[X,0x8001BD96] -> 0x40B5
[2510] [M]: 0x8001BD94 (0x40B57063) bgeu a0, a1, 1024


mem[X,0x8001BD98] -> 0x8193
mem[X,0x8001BD9A] -> 0x0021
[2511] [M]: 0x8001BD98 (0x00218193) addi gp, gp, 2
x3 <- 0x00000002


mem[X,0x8001BD9C] -> 0x006F
mem[X,0x8001BD9E] -> 0x4000
[2512] [M]: 0x8001BD9C (0x4000006F) jal zero, 1024


mem[X,0x8001C19C] -> 0x2823
mem[X,0x8001C19E] -> 0x3C31
[2513] [M]: 0x8001C19C (0x3C312823) sw gp, 976(sp)
mem[0x8004B534] <- 0x00000002


mem[X,0x8001C1A0] -> 0xB537
mem[X,0x8001C1A2] -> 0x0000
[2514] [M]: 0x8001C1A0 (0x0000B537) lui a0, 11
x10 <- 0x0000B000


mem[X,0x8001C1A4] -> 0x0513
mem[X,0x8001C1A6] -> 0x5045
[2515] [M]: 0x8001C1A4 (0x50450513) addi a0, a0, 1284
x10 <- 0x0000B504


mem[X,0x8001C1A8] -> 0x0593
mem[X,0x8001C1AA] -> 0x0040
[2516] [M]: 0x8001C1A8 (0x00400593) addi a1, zero, 4
x11 <- 0x00000004


mem[X,0x8001C1AC] -> 0x0193
mem[X,0x8001C1AE] -> 0x0000
[2517] [M]: 0x8001C1AC (0x00000193) addi gp, zero, 0
x3 <- 0x00000000


mem[X,0x8001C1B0] -> 0x006F
mem[X,0x8001C1B2] -> 0x00C0
[2518] [M]: 0x8001C1B0 (0x00C0006F) jal zero, 12


mem[X,0x8001C1BC] -> 0x7CE3
mem[X,0x8001C1BE] -> 0xFEB5
[2519] [M]: 0x8001C1BC (0xFEB57CE3) bgeu a0, a1, 8184


mem[X,0x8001C1B4] -> 0x8193
mem[X,0x8001C1B6] -> 0x0011
[2520] [M]: 0x8001C1B4 (0x00118193) addi gp, gp, 1
x3 <- 0x00000001


mem[X,0x8001C1B8] -> 0x006F
mem[X,0x8001C1BA] -> 0x0180
[2521] [M]: 0x8001C1B8 (0x0180006F) jal zero, 24


mem[X,0x8001C1D0] -> 0x2A23
mem[X,0x8001C1D2] -> 0x3C31
[2522] [M]: 0x8001C1D0 (0x3C312A23) sw gp, 980(sp)
mem[0x8004B538] <- 0x00000001


mem[X,0x8001C1D4] -> 0xB537
mem[X,0x8001C1D6] -> 0x0000
[2523] [M]: 0x8001C1D4 (0x0000B537) lui a0, 11
x10 <- 0x0000B000


mem[X,0x8001C1D8] -> 0x0513
mem[X,0x8001C1DA] -> 0x5045
[2524] [M]: 0x8001C1D8 (0x50450513) addi a0, a0, 1284
x10 <- 0x0000B504


mem[X,0x8001C1DC] -> 0x35B7
mem[X,0x8001C1DE] -> 0x3333
[2525] [M]: 0x8001C1DC (0x333335B7) lui a1, 209715
x11 <- 0x33333000


mem[X,0x8001C1E0] -> 0x8593
mem[X,0x8001C1E2] -> 0x3325
[2526] [M]: 0x8001C1E0 (0x33258593) addi a1, a1, 818
x11 <- 0x33333332


mem[X,0x8001C1E4] -> 0x0193
mem[X,0x8001C1E6] -> 0x0000
[2527] [M]: 0x8001C1E4 (0x00000193) addi gp, zero, 0
x3 <- 0x00000000


mem[X,0x8001C1E8] -> 0x006F
mem[X,0x8001C1EA] -> 0x2B10
[2528] [M]: 0x8001C1E8 (0x2B10006F) jal zero, 2736


mem[X,0x8001CC98] -> 0x7A63
mem[X,0x8001CC9A] -> 0xD4B5
[2529] [M]: 0x8001CC98 (0xD4B57A63) bgeu a0, a1, 5460


mem[X,0x8001CC9C] -> 0x8193
mem[X,0x8001CC9E] -> 0x0021
[2530] [M]: 0x8001CC9C (0x00218193) addi gp, gp, 2
x3 <- 0x00000002


mem[X,0x8001CCA0] -> 0x006F
mem[X,0x8001CCA2] -> 0x00C0
[2531] [M]: 0x8001CCA0 (0x00C0006F) jal zero, 12


mem[X,0x8001CCAC] -> 0x2C23
mem[X,0x8001CCAE] -> 0x3C31
[2532] [M]: 0x8001CCAC (0x3C312C23) sw gp, 984(sp)
mem[0x8004B53C] <- 0x00000002


mem[X,0x8001CCB0] -> 0xB537
mem[X,0x8001CCB2] -> 0x0000
[2533] [M]: 0x8001CCB0 (0x0000B537) lui a0, 11
x10 <- 0x0000B000


mem[X,0x8001CCB4] -> 0x0513
mem[X,0x8001CCB6] -> 0x5045
[2534] [M]: 0x8001CCB4 (0x50450513) addi a0, a0, 1284
x10 <- 0x0000B504


mem[X,0x8001CCB8] -> 0x65B7
mem[X,0x8001CCBA] -> 0x6666
[2535] [M]: 0x8001CCB8 (0x666665B7) lui a1, 419430
x11 <- 0x66666000


mem[X,0x8001CCBC] -> 0x8593
mem[X,0x8001CCBE] -> 0x6655
[2536] [M]: 0x8001CCBC (0x66558593) addi a1, a1, 1637
x11 <- 0x66666665


mem[X,0x8001CCC0] -> 0x0193
mem[X,0x8001CCC2] -> 0x0000
[2537] [M]: 0x8001CCC0 (0x00000193) addi gp, zero, 0
x3 <- 0x00000000


mem[X,0x8001CCC4] -> 0x006F
mem[X,0x8001CCC6] -> 0x0100
[2538] [M]: 0x8001CCC4 (0x0100006F) jal zero, 16


mem[X,0x8001CCD4] -> 0x7AE3
mem[X,0x8001CCD6] -> 0xFEB5
[2539] [M]: 0x8001CCD4 (0xFEB57AE3) bgeu a0, a1, 8180


mem[X,0x8001CCD8] -> 0x8193
mem[X,0x8001CCDA] -> 0x0021
[2540] [M]: 0x8001CCD8 (0x00218193) addi gp, gp, 2
x3 <- 0x00000002


mem[X,0x8001CCDC] -> 0x006F
mem[X,0x8001CCDE] -> 0x00C0
[2541] [M]: 0x8001CCDC (0x00C0006F) jal zero, 12


mem[X,0x8001CCE8] -> 0x2E23
mem[X,0x8001CCEA] -> 0x3C31
[2542] [M]: 0x8001CCE8 (0x3C312E23) sw gp, 988(sp)
mem[0x8004B540] <- 0x00000002


mem[X,0x8001CCEC] -> 0xB537
mem[X,0x8001CCEE] -> 0x0000
[2543] [M]: 0x8001CCEC (0x0000B537) lui a0, 11
x10 <- 0x0000B000


mem[X,0x8001CCF0] -> 0x0513
mem[X,0x8001CCF2] -> 0x5045
[2544] [M]: 0x8001CCF0 (0x50450513) addi a0, a0, 1284
x10 <- 0x0000B504


mem[X,0x8001CCF4] -> 0xB5B7
mem[X,0x8001CCF6] -> 0x0000
[2545] [M]: 0x8001CCF4 (0x0000B5B7) lui a1, 11
x11 <- 0x0000B000


mem[X,0x8001CCF8] -> 0x8593
mem[X,0x8001CCFA] -> 0x5035
[2546] [M]: 0x8001CCF8 (0x50358593) addi a1, a1, 1283
x11 <- 0x0000B503


mem[X,0x8001CCFC] -> 0x0193
mem[X,0x8001CCFE] -> 0x0000
[2547] [M]: 0x8001CCFC (0x00000193) addi gp, zero, 0
x3 <- 0x00000000


mem[X,0x8001CD00] -> 0x006F
mem[X,0x8001CD02] -> 0x00C0
[2548] [M]: 0x8001CD00 (0x00C0006F) jal zero, 12


mem[X,0x8001CD0C] -> 0x7CE3
mem[X,0x8001CD0E] -> 0xFEB5
[2549] [M]: 0x8001CD0C (0xFEB57CE3) bgeu a0, a1, 8184


mem[X,0x8001CD04] -> 0x8193
mem[X,0x8001CD06] -> 0x0011
[2550] [M]: 0x8001CD04 (0x00118193) addi gp, gp, 1
x3 <- 0x00000001


mem[X,0x8001CD08] -> 0x006F
mem[X,0x8001CD0A] -> 0x0180
[2551] [M]: 0x8001CD08 (0x0180006F) jal zero, 24


mem[X,0x8001CD20] -> 0x2023
mem[X,0x8001CD22] -> 0x3E31
[2552] [M]: 0x8001CD20 (0x3E312023) sw gp, 992(sp)
mem[0x8004B544] <- 0x00000001


mem[X,0x8001CD24] -> 0xB537
mem[X,0x8001CD26] -> 0x0000
[2553] [M]: 0x8001CD24 (0x0000B537) lui a0, 11
x10 <- 0x0000B000


mem[X,0x8001CD28] -> 0x0513
mem[X,0x8001CD2A] -> 0x5045
[2554] [M]: 0x8001CD28 (0x50450513) addi a0, a0, 1284
x10 <- 0x0000B504


mem[X,0x8001CD2C] -> 0x05B7
mem[X,0x8001CD2E] -> 0x0001
[2555] [M]: 0x8001CD2C (0x000105B7) lui a1, 16
x11 <- 0x00010000


mem[X,0x8001CD30] -> 0x8593
mem[X,0x8001CD32] -> 0xFFE5
[2556] [M]: 0x8001CD30 (0xFFE58593) addi a1, a1, 4094
x11 <- 0x0000FFFE


mem[X,0x8001CD34] -> 0x0193
mem[X,0x8001CD36] -> 0x0000
[2557] [M]: 0x8001CD34 (0x00000193) addi gp, zero, 0
x3 <- 0x00000000


mem[X,0x8001CD38] -> 0x006F
mem[X,0x8001CD3A] -> 0x00C0
[2558] [M]: 0x8001CD38 (0x00C0006F) jal zero, 12


mem[X,0x8001CD44] -> 0x7663
mem[X,0x8001CD46] -> 0x00B5
[2559] [M]: 0x8001CD44 (0x00B57663) bgeu a0, a1, 12


mem[X,0x8001CD48] -> 0x8193
mem[X,0x8001CD4A] -> 0x0021
[2560] [M]: 0x8001CD48 (0x00218193) addi gp, gp, 2
x3 <- 0x00000002


mem[X,0x8001CD4C] -> 0x006F
mem[X,0x8001CD4E] -> 0x00C0
[2561] [M]: 0x8001CD4C (0x00C0006F) jal zero, 12


mem[X,0x8001CD58] -> 0x2223
mem[X,0x8001CD5A] -> 0x3E31
[2562] [M]: 0x8001CD58 (0x3E312223) sw gp, 996(sp)
mem[0x8004B548] <- 0x00000002


mem[X,0x8001CD5C] -> 0xB537
mem[X,0x8001CD5E] -> 0x0000
[2563] [M]: 0x8001CD5C (0x0000B537) lui a0, 11
x10 <- 0x0000B000


mem[X,0x8001CD60] -> 0x0513
mem[X,0x8001CD62] -> 0x5045
[2564] [M]: 0x8001CD60 (0x50450513) addi a0, a0, 1284
x10 <- 0x0000B504


mem[X,0x8001CD64] -> 0x55B7
mem[X,0x8001CD66] -> 0x5555
[2565] [M]: 0x8001CD64 (0x555555B7) lui a1, 349525
x11 <- 0x55555000


mem[X,0x8001CD68] -> 0x8593
mem[X,0x8001CD6A] -> 0x5565
[2566] [M]: 0x8001CD68 (0x55658593) addi a1, a1, 1366
x11 <- 0x55555556


mem[X,0x8001CD6C] -> 0x0193
mem[X,0x8001CD6E] -> 0x0000
[2567] [M]: 0x8001CD6C (0x00000193) addi gp, zero, 0
x3 <- 0x00000000


mem[X,0x8001CD70] -> 0x006F
mem[X,0x8001CD72] -> 0x00C0
[2568] [M]: 0x8001CD70 (0x00C0006F) jal zero, 12


mem[X,0x8001CD7C] -> 0x7063
mem[X,0x8001CD7E] -> 0x08B5
[2569] [M]: 0x8001CD7C (0x08B57063) bgeu a0, a1, 128


mem[X,0x8001CD80] -> 0x8193
mem[X,0x8001CD82] -> 0x0021
[2570] [M]: 0x8001CD80 (0x00218193) addi gp, gp, 2
x3 <- 0x00000002


mem[X,0x8001CD84] -> 0x006F
mem[X,0x8001CD86] -> 0x0800
[2571] [M]: 0x8001CD84 (0x0800006F) jal zero, 128


mem[X,0x8001CE04] -> 0x2423
mem[X,0x8001CE06] -> 0x3E31
[2572] [M]: 0x8001CE04 (0x3E312423) sw gp, 1000(sp)
mem[0x8004B54C] <- 0x00000002


mem[X,0x8001CE08] -> 0xB537
mem[X,0x8001CE0A] -> 0x0000
[2573] [M]: 0x8001CE08 (0x0000B537) lui a0, 11
x10 <- 0x0000B000


mem[X,0x8001CE0C] -> 0x0513
mem[X,0x8001CE0E] -> 0x5045
[2574] [M]: 0x8001CE0C (0x50450513) addi a0, a0, 1284
x10 <- 0x0000B504


mem[X,0x8001CE10] -> 0xB5B7
mem[X,0x8001CE12] -> 0xAAAA
[2575] [M]: 0x8001CE10 (0xAAAAB5B7) lui a1, 699051
x11 <- 0xAAAAB000


mem[X,0x8001CE14] -> 0x8593
mem[X,0x8001CE16] -> 0xAAB5
[2576] [M]: 0x8001CE14 (0xAAB58593) addi a1, a1, 2731
x11 <- 0xAAAAAAAB


mem[X,0x8001CE18] -> 0x0193
mem[X,0x8001CE1A] -> 0x0000
[2577] [M]: 0x8001CE18 (0x00000193) addi gp, zero, 0
x3 <- 0x00000000


mem[X,0x8001CE1C] -> 0x006F
mem[X,0x8001CE1E] -> 0x0100
[2578] [M]: 0x8001CE1C (0x0100006F) jal zero, 16


mem[X,0x8001CE2C] -> 0x7AE3
mem[X,0x8001CE2E] -> 0xFEB5
[2579] [M]: 0x8001CE2C (0xFEB57AE3) bgeu a0, a1, 8180


mem[X,0x8001CE30] -> 0x8193
mem[X,0x8001CE32] -> 0x0021
[2580] [M]: 0x8001CE30 (0x00218193) addi gp, gp, 2
x3 <- 0x00000002


mem[X,0x8001CE34] -> 0x006F
mem[X,0x8001CE36] -> 0x00C0
[2581] [M]: 0x8001CE34 (0x00C0006F) jal zero, 12


mem[X,0x8001CE40] -> 0x2623
mem[X,0x8001CE42] -> 0x3E31
[2582] [M]: 0x8001CE40 (0x3E312623) sw gp, 1004(sp)
mem[0x8004B550] <- 0x00000002


mem[X,0x8001CE44] -> 0xB537
mem[X,0x8001CE46] -> 0x0000
[2583] [M]: 0x8001CE44 (0x0000B537) lui a0, 11
x10 <- 0x0000B000


mem[X,0x8001CE48] -> 0x0513
mem[X,0x8001CE4A] -> 0x5045
[2584] [M]: 0x8001CE48 (0x50450513) addi a0, a0, 1284
x10 <- 0x0000B504


mem[X,0x8001CE4C] -> 0x0593
mem[X,0x8001CE4E] -> 0x0060
[2585] [M]: 0x8001CE4C (0x00600593) addi a1, zero, 6
x11 <- 0x00000006


mem[X,0x8001CE50] -> 0x0193
mem[X,0x8001CE52] -> 0x0000
[2586] [M]: 0x8001CE50 (0x00000193) addi gp, zero, 0
x3 <- 0x00000000


mem[X,0x8001CE54] -> 0x006F
mem[X,0x8001CE56] -> 0x0140
[2587] [M]: 0x8001CE54 (0x0140006F) jal zero, 20


mem[X,0x8001CE68] -> 0x78E3
mem[X,0x8001CE6A] -> 0xFEB5
[2588] [M]: 0x8001CE68 (0xFEB578E3) bgeu a0, a1, 8176


mem[X,0x8001CE58] -> 0x8193
mem[X,0x8001CE5A] -> 0x0011
[2589] [M]: 0x8001CE58 (0x00118193) addi gp, gp, 1
x3 <- 0x00000001


mem[X,0x8001CE5C] -> 0x006F
mem[X,0x8001CE5E] -> 0x0200
[2590] [M]: 0x8001CE5C (0x0200006F) jal zero, 32


mem[X,0x8001CE7C] -> 0x2823
mem[X,0x8001CE7E] -> 0x3E31
[2591] [M]: 0x8001CE7C (0x3E312823) sw gp, 1008(sp)
mem[0x8004B554] <- 0x00000001


mem[X,0x8001CE80] -> 0xB537
mem[X,0x8001CE82] -> 0x0000
[2592] [M]: 0x8001CE80 (0x0000B537) lui a0, 11
x10 <- 0x0000B000


mem[X,0x8001CE84] -> 0x0513
mem[X,0x8001CE86] -> 0x5045
[2593] [M]: 0x8001CE84 (0x50450513) addi a0, a0, 1284
x10 <- 0x0000B504


mem[X,0x8001CE88] -> 0x35B7
mem[X,0x8001CE8A] -> 0x3333
[2594] [M]: 0x8001CE88 (0x333335B7) lui a1, 209715
x11 <- 0x33333000


mem[X,0x8001CE8C] -> 0x8593
mem[X,0x8001CE8E] -> 0x3345
[2595] [M]: 0x8001CE8C (0x33458593) addi a1, a1, 820
x11 <- 0x33333334


mem[X,0x8001CE90] -> 0x0193
mem[X,0x8001CE92] -> 0x0000
[2596] [M]: 0x8001CE90 (0x00000193) addi gp, zero, 0
x3 <- 0x00000000


mem[X,0x8001CE94] -> 0x006F
mem[X,0x8001CE96] -> 0x00C0
[2597] [M]: 0x8001CE94 (0x00C0006F) jal zero, 12


mem[X,0x8001CEA0] -> 0x7CE3
mem[X,0x8001CEA2] -> 0xFEB5
[2598] [M]: 0x8001CEA0 (0xFEB57CE3) bgeu a0, a1, 8184


mem[X,0x8001CEA4] -> 0x8193
mem[X,0x8001CEA6] -> 0x0021
[2599] [M]: 0x8001CEA4 (0x00218193) addi gp, gp, 2
x3 <- 0x00000002


clint::tick mtime <- 0x000000000000001A
 clint timer pending at mtime 0x000000000000001A
htif::tick 0x0000000000000000
mem[X,0x8001CEA8] -> 0x006F
mem[X,0x8001CEAA] -> 0x00C0
[2600] [M]: 0x8001CEA8 (0x00C0006F) jal zero, 12


mem[X,0x8001CEB4] -> 0x2A23
mem[X,0x8001CEB6] -> 0x3E31
[2601] [M]: 0x8001CEB4 (0x3E312A23) sw gp, 1012(sp)
mem[0x8004B558] <- 0x00000002


mem[X,0x8001CEB8] -> 0xB537
mem[X,0x8001CEBA] -> 0x0000
[2602] [M]: 0x8001CEB8 (0x0000B537) lui a0, 11
x10 <- 0x0000B000


mem[X,0x8001CEBC] -> 0x0513
mem[X,0x8001CEBE] -> 0x5045
[2603] [M]: 0x8001CEBC (0x50450513) addi a0, a0, 1284
x10 <- 0x0000B504


mem[X,0x8001CEC0] -> 0x65B7
mem[X,0x8001CEC2] -> 0x6666
[2604] [M]: 0x8001CEC0 (0x666665B7) lui a1, 419430
x11 <- 0x66666000


mem[X,0x8001CEC4] -> 0x8593
mem[X,0x8001CEC6] -> 0x6675
[2605] [M]: 0x8001CEC4 (0x66758593) addi a1, a1, 1639
x11 <- 0x66666667


mem[X,0x8001CEC8] -> 0x0193
mem[X,0x8001CECA] -> 0x0000
[2606] [M]: 0x8001CEC8 (0x00000193) addi gp, zero, 0
x3 <- 0x00000000


mem[X,0x8001CECC] -> 0x006F
mem[X,0x8001CECE] -> 0x00C0
[2607] [M]: 0x8001CECC (0x00C0006F) jal zero, 12


mem[X,0x8001CED8] -> 0x7CE3
mem[X,0x8001CEDA] -> 0xFEB5
[2608] [M]: 0x8001CED8 (0xFEB57CE3) bgeu a0, a1, 8184


mem[X,0x8001CEDC] -> 0x8193
mem[X,0x8001CEDE] -> 0x0021
[2609] [M]: 0x8001CEDC (0x00218193) addi gp, gp, 2
x3 <- 0x00000002


mem[X,0x8001CEE0] -> 0x006F
mem[X,0x8001CEE2] -> 0x00C0
[2610] [M]: 0x8001CEE0 (0x00C0006F) jal zero, 12


mem[X,0x8001CEEC] -> 0x2C23
mem[X,0x8001CEEE] -> 0x3E31
[2611] [M]: 0x8001CEEC (0x3E312C23) sw gp, 1016(sp)
mem[0x8004B55C] <- 0x00000002


mem[X,0x8001CEF0] -> 0xB537
mem[X,0x8001CEF2] -> 0x0000
[2612] [M]: 0x8001CEF0 (0x0000B537) lui a0, 11
x10 <- 0x0000B000


mem[X,0x8001CEF4] -> 0x0513
mem[X,0x8001CEF6] -> 0x5045
[2613] [M]: 0x8001CEF4 (0x50450513) addi a0, a0, 1284
x10 <- 0x0000B504


mem[X,0x8001CEF8] -> 0xB5B7
mem[X,0x8001CEFA] -> 0x0000
[2614] [M]: 0x8001CEF8 (0x0000B5B7) lui a1, 11
x11 <- 0x0000B000


mem[X,0x8001CEFC] -> 0x8593
mem[X,0x8001CEFE] -> 0x5055
[2615] [M]: 0x8001CEFC (0x50558593) addi a1, a1, 1285
x11 <- 0x0000B505


mem[X,0x8001CF00] -> 0x0193
mem[X,0x8001CF02] -> 0x0000
[2616] [M]: 0x8001CF00 (0x00000193) addi gp, zero, 0
x3 <- 0x00000000


mem[X,0x8001CF04] -> 0x006F
mem[X,0x8001CF06] -> 0x00C0
[2617] [M]: 0x8001CF04 (0x00C0006F) jal zero, 12


mem[X,0x8001CF10] -> 0x7663
mem[X,0x8001CF12] -> 0x00B5
[2618] [M]: 0x8001CF10 (0x00B57663) bgeu a0, a1, 12


mem[X,0x8001CF14] -> 0x8193
mem[X,0x8001CF16] -> 0x0021
[2619] [M]: 0x8001CF14 (0x00218193) addi gp, gp, 2
x3 <- 0x00000002


mem[X,0x8001CF18] -> 0x006F
mem[X,0x8001CF1A] -> 0x00C0
[2620] [M]: 0x8001CF18 (0x00C0006F) jal zero, 12


mem[X,0x8001CF24] -> 0x2E23
mem[X,0x8001CF26] -> 0x3E31
[2621] [M]: 0x8001CF24 (0x3E312E23) sw gp, 1020(sp)
mem[0x8004B560] <- 0x00000002


mem[X,0x8001CF28] -> 0xB537
mem[X,0x8001CF2A] -> 0x0000
[2622] [M]: 0x8001CF28 (0x0000B537) lui a0, 11
x10 <- 0x0000B000


mem[X,0x8001CF2C] -> 0x0513
mem[X,0x8001CF2E] -> 0x5045
[2623] [M]: 0x8001CF2C (0x50450513) addi a0, a0, 1284
x10 <- 0x0000B504


mem[X,0x8001CF30] -> 0x0593
mem[X,0x8001CF32] -> 0x0010
[2624] [M]: 0x8001CF30 (0x00100593) addi a1, zero, 1
x11 <- 0x00000001


mem[X,0x8001CF34] -> 0x0193
mem[X,0x8001CF36] -> 0x0000
[2625] [M]: 0x8001CF34 (0x00000193) addi gp, zero, 0
x3 <- 0x00000000


mem[X,0x8001CF38] -> 0x006F
mem[X,0x8001CF3A] -> 0x00C0
[2626] [M]: 0x8001CF38 (0x00C0006F) jal zero, 12


mem[X,0x8001CF44] -> 0x7863
mem[X,0x8001CF46] -> 0x00B5
[2627] [M]: 0x8001CF44 (0x00B57863) bgeu a0, a1, 16


mem[X,0x8001CF54] -> 0x8193
mem[X,0x8001CF56] -> 0x0031
[2628] [M]: 0x8001CF54 (0x00318193) addi gp, gp, 3
x3 <- 0x00000003


mem[X,0x8001CF58] -> 0x006F
mem[X,0x8001CF5A] -> 0x0040
[2629] [M]: 0x8001CF58 (0x0040006F) jal zero, 4


mem[X,0x8001CF5C] -> 0x2023
mem[X,0x8001CF5E] -> 0x4031
[2630] [M]: 0x8001CF5C (0x40312023) sw gp, 1024(sp)
mem[0x8004B564] <- 0x00000003


mem[X,0x8001CF60] -> 0xB537
mem[X,0x8001CF62] -> 0x0000
[2631] [M]: 0x8001CF60 (0x0000B537) lui a0, 11
x10 <- 0x0000B000


mem[X,0x8001CF64] -> 0x0513
mem[X,0x8001CF66] -> 0x5045
[2632] [M]: 0x8001CF64 (0x50450513) addi a0, a0, 1284
x10 <- 0x0000B504


mem[X,0x8001CF68] -> 0x05B7
mem[X,0x8001CF6A] -> 0x0001
[2633] [M]: 0x8001CF68 (0x000105B7) lui a1, 16
x11 <- 0x00010000


mem[X,0x8001CF6C] -> 0x0193
mem[X,0x8001CF6E] -> 0x0000
[2634] [M]: 0x8001CF6C (0x00000193) addi gp, zero, 0
x3 <- 0x00000000


mem[X,0x8001CF70] -> 0x006F
mem[X,0x8001CF72] -> 0x00C0
[2635] [M]: 0x8001CF70 (0x00C0006F) jal zero, 12


mem[X,0x8001CF7C] -> 0x7CE3
mem[X,0x8001CF7E] -> 0xFEB5
[2636] [M]: 0x8001CF7C (0xFEB57CE3) bgeu a0, a1, 8184


mem[X,0x8001CF80] -> 0x8193
mem[X,0x8001CF82] -> 0x0021
[2637] [M]: 0x8001CF80 (0x00218193) addi gp, gp, 2
x3 <- 0x00000002


mem[X,0x8001CF84] -> 0x006F
mem[X,0x8001CF86] -> 0x00C0
[2638] [M]: 0x8001CF84 (0x00C0006F) jal zero, 12


mem[X,0x8001CF90] -> 0x2223
mem[X,0x8001CF92] -> 0x4031
[2639] [M]: 0x8001CF90 (0x40312223) sw gp, 1028(sp)
mem[0x8004B568] <- 0x00000002


mem[X,0x8001CF94] -> 0x0513
mem[X,0x8001CF96] -> 0x0000
[2640] [M]: 0x8001CF94 (0x00000513) addi a0, zero, 0
x10 <- 0x00000000


mem[X,0x8001CF98] -> 0x0593
mem[X,0x8001CF9A] -> 0x0030
[2641] [M]: 0x8001CF98 (0x00300593) addi a1, zero, 3
x11 <- 0x00000003


mem[X,0x8001CF9C] -> 0x0193
mem[X,0x8001CF9E] -> 0x0000
[2642] [M]: 0x8001CF9C (0x00000193) addi gp, zero, 0
x3 <- 0x00000000


mem[X,0x8001CFA0] -> 0x006F
mem[X,0x8001CFA2] -> 0x00C0
[2643] [M]: 0x8001CFA0 (0x00C0006F) jal zero, 12


mem[X,0x8001CFAC] -> 0x7CE3
mem[X,0x8001CFAE] -> 0xFEB5
[2644] [M]: 0x8001CFAC (0xFEB57CE3) bgeu a0, a1, 8184


mem[X,0x8001CFB0] -> 0x8193
mem[X,0x8001CFB2] -> 0x0021
[2645] [M]: 0x8001CFB0 (0x00218193) addi gp, gp, 2
x3 <- 0x00000002


mem[X,0x8001CFB4] -> 0x006F
mem[X,0x8001CFB6] -> 0x00C0
[2646] [M]: 0x8001CFB4 (0x00C0006F) jal zero, 12


mem[X,0x8001CFC0] -> 0x2423
mem[X,0x8001CFC2] -> 0x4031
[2647] [M]: 0x8001CFC0 (0x40312423) sw gp, 1032(sp)
mem[0x8004B56C] <- 0x00000002


mem[X,0x8001CFC4] -> 0x0513
mem[X,0x8001CFC6] -> 0x0000
[2648] [M]: 0x8001CFC4 (0x00000513) addi a0, zero, 0
x10 <- 0x00000000


mem[X,0x8001CFC8] -> 0x55B7
mem[X,0x8001CFCA] -> 0x5555
[2649] [M]: 0x8001CFC8 (0x555555B7) lui a1, 349525
x11 <- 0x55555000


mem[X,0x8001CFCC] -> 0x8593
mem[X,0x8001CFCE] -> 0x5555
[2650] [M]: 0x8001CFCC (0x55558593) addi a1, a1, 1365
x11 <- 0x55555555


mem[X,0x8001CFD0] -> 0x0193
mem[X,0x8001CFD2] -> 0x0000
[2651] [M]: 0x8001CFD0 (0x00000193) addi gp, zero, 0
x3 <- 0x00000000


mem[X,0x8001CFD4] -> 0x006F
mem[X,0x8001CFD6] -> 0x0180
[2652] [M]: 0x8001CFD4 (0x0180006F) jal zero, 24


mem[X,0x8001CFEC] -> 0x76E3
mem[X,0x8001CFEE] -> 0xFEB5
[2653] [M]: 0x8001CFEC (0xFEB576E3) bgeu a0, a1, 8172


mem[X,0x8001CFF0] -> 0x8193
mem[X,0x8001CFF2] -> 0x0021
[2654] [M]: 0x8001CFF0 (0x00218193) addi gp, gp, 2
x3 <- 0x00000002


mem[X,0x8001CFF4] -> 0x006F
mem[X,0x8001CFF6] -> 0x00C0
[2655] [M]: 0x8001CFF4 (0x00C0006F) jal zero, 12


mem[X,0x8001D000] -> 0x2623
mem[X,0x8001D002] -> 0x4031
[2656] [M]: 0x8001D000 (0x40312623) sw gp, 1036(sp)
mem[0x8004B570] <- 0x00000002


mem[X,0x8001D004] -> 0x0513
mem[X,0x8001D006] -> 0x0000
[2657] [M]: 0x8001D004 (0x00000513) addi a0, zero, 0
x10 <- 0x00000000


mem[X,0x8001D008] -> 0xB5B7
mem[X,0x8001D00A] -> 0xAAAA
[2658] [M]: 0x8001D008 (0xAAAAB5B7) lui a1, 699051
x11 <- 0xAAAAB000


mem[X,0x8001D00C] -> 0x8593
mem[X,0x8001D00E] -> 0xAAA5
[2659] [M]: 0x8001D00C (0xAAA58593) addi a1, a1, 2730
x11 <- 0xAAAAAAAA


mem[X,0x8001D010] -> 0x0193
mem[X,0x8001D012] -> 0x0000
[2660] [M]: 0x8001D010 (0x00000193) addi gp, zero, 0
x3 <- 0x00000000


mem[X,0x8001D014] -> 0x006F
mem[X,0x8001D016] -> 0x00C0
[2661] [M]: 0x8001D014 (0x00C0006F) jal zero, 12


mem[X,0x8001D020] -> 0x7663
mem[X,0x8001D022] -> 0x00B5
[2662] [M]: 0x8001D020 (0x00B57663) bgeu a0, a1, 12


mem[X,0x8001D024] -> 0x8193
mem[X,0x8001D026] -> 0x0021
[2663] [M]: 0x8001D024 (0x00218193) addi gp, gp, 2
x3 <- 0x00000002


mem[X,0x8001D028] -> 0x006F
mem[X,0x8001D02A] -> 0x00C0
[2664] [M]: 0x8001D028 (0x00C0006F) jal zero, 12


mem[X,0x8001D034] -> 0x2823
mem[X,0x8001D036] -> 0x4031
[2665] [M]: 0x8001D034 (0x40312823) sw gp, 1040(sp)
mem[0x8004B574] <- 0x00000002


mem[X,0x8001D038] -> 0x0513
mem[X,0x8001D03A] -> 0x0000
[2666] [M]: 0x8001D038 (0x00000513) addi a0, zero, 0
x10 <- 0x00000000


mem[X,0x8001D03C] -> 0x0593
mem[X,0x8001D03E] -> 0x0050
[2667] [M]: 0x8001D03C (0x00500593) addi a1, zero, 5
x11 <- 0x00000005


mem[X,0x8001D040] -> 0x0193
mem[X,0x8001D042] -> 0x0000
[2668] [M]: 0x8001D040 (0x00000193) addi gp, zero, 0
x3 <- 0x00000000


mem[X,0x8001D044] -> 0x006F
mem[X,0x8001D046] -> 0x00C0
[2669] [M]: 0x8001D044 (0x00C0006F) jal zero, 12


mem[X,0x8001D050] -> 0x7663
mem[X,0x8001D052] -> 0x00B5
[2670] [M]: 0x8001D050 (0x00B57663) bgeu a0, a1, 12


mem[X,0x8001D054] -> 0x8193
mem[X,0x8001D056] -> 0x0021
[2671] [M]: 0x8001D054 (0x00218193) addi gp, gp, 2
x3 <- 0x00000002


mem[X,0x8001D058] -> 0x006F
mem[X,0x8001D05A] -> 0x00C0
[2672] [M]: 0x8001D058 (0x00C0006F) jal zero, 12


mem[X,0x8001D064] -> 0x2A23
mem[X,0x8001D066] -> 0x4031
[2673] [M]: 0x8001D064 (0x40312A23) sw gp, 1044(sp)
mem[0x8004B578] <- 0x00000002


mem[X,0x8001D068] -> 0x0513
mem[X,0x8001D06A] -> 0x0000
[2674] [M]: 0x8001D068 (0x00000513) addi a0, zero, 0
x10 <- 0x00000000


mem[X,0x8001D06C] -> 0x35B7
mem[X,0x8001D06E] -> 0x3333
[2675] [M]: 0x8001D06C (0x333335B7) lui a1, 209715
x11 <- 0x33333000


mem[X,0x8001D070] -> 0x8593
mem[X,0x8001D072] -> 0x3335
[2676] [M]: 0x8001D070 (0x33358593) addi a1, a1, 819
x11 <- 0x33333333


mem[X,0x8001D074] -> 0x0193
mem[X,0x8001D076] -> 0x0000
[2677] [M]: 0x8001D074 (0x00000193) addi gp, zero, 0
x3 <- 0x00000000


mem[X,0x8001D078] -> 0x006F
mem[X,0x8001D07A] -> 0x0180
[2678] [M]: 0x8001D078 (0x0180006F) jal zero, 24


mem[X,0x8001D090] -> 0x76E3
mem[X,0x8001D092] -> 0xFEB5
[2679] [M]: 0x8001D090 (0xFEB576E3) bgeu a0, a1, 8172


mem[X,0x8001D094] -> 0x8193
mem[X,0x8001D096] -> 0x0021
[2680] [M]: 0x8001D094 (0x00218193) addi gp, gp, 2
x3 <- 0x00000002


mem[X,0x8001D098] -> 0x006F
mem[X,0x8001D09A] -> 0x00C0
[2681] [M]: 0x8001D098 (0x00C0006F) jal zero, 12


mem[X,0x8001D0A4] -> 0x2C23
mem[X,0x8001D0A6] -> 0x4031
[2682] [M]: 0x8001D0A4 (0x40312C23) sw gp, 1048(sp)
mem[0x8004B57C] <- 0x00000002


mem[X,0x8001D0A8] -> 0x0513
mem[X,0x8001D0AA] -> 0x0000
[2683] [M]: 0x8001D0A8 (0x00000513) addi a0, zero, 0
x10 <- 0x00000000


mem[X,0x8001D0AC] -> 0x65B7
mem[X,0x8001D0AE] -> 0x6666
[2684] [M]: 0x8001D0AC (0x666665B7) lui a1, 419430
x11 <- 0x66666000


mem[X,0x8001D0B0] -> 0x8593
mem[X,0x8001D0B2] -> 0x6665
[2685] [M]: 0x8001D0B0 (0x66658593) addi a1, a1, 1638
x11 <- 0x66666666


mem[X,0x8001D0B4] -> 0x0193
mem[X,0x8001D0B6] -> 0x0000
[2686] [M]: 0x8001D0B4 (0x00000193) addi gp, zero, 0
x3 <- 0x00000000


mem[X,0x8001D0B8] -> 0x006F
mem[X,0x8001D0BA] -> 0x2B10
[2687] [M]: 0x8001D0B8 (0x2B10006F) jal zero, 2736


mem[X,0x8001DB68] -> 0x7A63
mem[X,0x8001DB6A] -> 0xD4B5
[2688] [M]: 0x8001DB68 (0xD4B57A63) bgeu a0, a1, 5460


mem[X,0x8001DB6C] -> 0x8193
mem[X,0x8001DB6E] -> 0x0021
[2689] [M]: 0x8001DB6C (0x00218193) addi gp, gp, 2
x3 <- 0x00000002


mem[X,0x8001DB70] -> 0x006F
mem[X,0x8001DB72] -> 0x00C0
[2690] [M]: 0x8001DB70 (0x00C0006F) jal zero, 12


mem[X,0x8001DB7C] -> 0x2E23
mem[X,0x8001DB7E] -> 0x4031
[2691] [M]: 0x8001DB7C (0x40312E23) sw gp, 1052(sp)
mem[0x8004B580] <- 0x00000002


mem[X,0x8001DB80] -> 0x0513
mem[X,0x8001DB82] -> 0x0000
[2692] [M]: 0x8001DB80 (0x00000513) addi a0, zero, 0
x10 <- 0x00000000


mem[X,0x8001DB84] -> 0xB5B7
mem[X,0x8001DB86] -> 0x0000
[2693] [M]: 0x8001DB84 (0x0000B5B7) lui a1, 11
x11 <- 0x0000B000


mem[X,0x8001DB88] -> 0x8593
mem[X,0x8001DB8A] -> 0x5045
[2694] [M]: 0x8001DB88 (0x50458593) addi a1, a1, 1284
x11 <- 0x0000B504


mem[X,0x8001DB8C] -> 0x0193
mem[X,0x8001DB8E] -> 0x0000
[2695] [M]: 0x8001DB8C (0x00000193) addi gp, zero, 0
x3 <- 0x00000000


mem[X,0x8001DB90] -> 0x006F
mem[X,0x8001DB92] -> 0x00C0
[2696] [M]: 0x8001DB90 (0x00C0006F) jal zero, 12


mem[X,0x8001DB9C] -> 0x7663
mem[X,0x8001DB9E] -> 0x00B5
[2697] [M]: 0x8001DB9C (0x00B57663) bgeu a0, a1, 12


mem[X,0x8001DBA0] -> 0x8193
mem[X,0x8001DBA2] -> 0x0021
[2698] [M]: 0x8001DBA0 (0x00218193) addi gp, gp, 2
x3 <- 0x00000002


mem[X,0x8001DBA4] -> 0x006F
mem[X,0x8001DBA6] -> 0x00C0
[2699] [M]: 0x8001DBA4 (0x00C0006F) jal zero, 12


clint::tick mtime <- 0x000000000000001B
 clint timer pending at mtime 0x000000000000001B
htif::tick 0x0000000000000000
mem[X,0x8001DBB0] -> 0x2023
mem[X,0x8001DBB2] -> 0x4231
[2700] [M]: 0x8001DBB0 (0x42312023) sw gp, 1056(sp)
mem[0x8004B584] <- 0x00000002


mem[X,0x8001DBB4] -> 0x0513
mem[X,0x8001DBB6] -> 0x0000
[2701] [M]: 0x8001DBB4 (0x00000513) addi a0, zero, 0
x10 <- 0x00000000


mem[X,0x8001DBB8] -> 0x0593
mem[X,0x8001DBBA] -> 0x0000
[2702] [M]: 0x8001DBB8 (0x00000593) addi a1, zero, 0
x11 <- 0x00000000


mem[X,0x8001DBBC] -> 0x0193
mem[X,0x8001DBBE] -> 0x0000
[2703] [M]: 0x8001DBBC (0x00000193) addi gp, zero, 0
x3 <- 0x00000000


mem[X,0x8001DBC0] -> 0x006F
mem[X,0x8001DBC2] -> 0x00C0
[2704] [M]: 0x8001DBC0 (0x00C0006F) jal zero, 12


mem[X,0x8001DBCC] -> 0x7063
mem[X,0x8001DBCE] -> 0x08B5
[2705] [M]: 0x8001DBCC (0x08B57063) bgeu a0, a1, 128


mem[X,0x8001DC4C] -> 0x8193
mem[X,0x8001DC4E] -> 0x0031
[2706] [M]: 0x8001DC4C (0x00318193) addi gp, gp, 3
x3 <- 0x00000003


mem[X,0x8001DC50] -> 0x006F
mem[X,0x8001DC52] -> 0x0040
[2707] [M]: 0x8001DC50 (0x0040006F) jal zero, 4


mem[X,0x8001DC54] -> 0x2223
mem[X,0x8001DC56] -> 0x4231
[2708] [M]: 0x8001DC54 (0x42312223) sw gp, 1060(sp)
mem[0x8004B588] <- 0x00000003


mem[X,0x8001DC58] -> 0x0513
mem[X,0x8001DC5A] -> 0x0000
[2709] [M]: 0x8001DC58 (0x00000513) addi a0, zero, 0
x10 <- 0x00000000


mem[X,0x8001DC5C] -> 0x05B7
mem[X,0x8001DC5E] -> 0x0001
[2710] [M]: 0x8001DC5C (0x000105B7) lui a1, 16
x11 <- 0x00010000


mem[X,0x8001DC60] -> 0x8593
mem[X,0x8001DC62] -> 0xFFF5
[2711] [M]: 0x8001DC60 (0xFFF58593) addi a1, a1, 4095
x11 <- 0x0000FFFF


mem[X,0x8001DC64] -> 0x0193
mem[X,0x8001DC66] -> 0x0000
[2712] [M]: 0x8001DC64 (0x00000193) addi gp, zero, 0
x3 <- 0x00000000


mem[X,0x8001DC68] -> 0x006F
mem[X,0x8001DC6A] -> 0x00C0
[2713] [M]: 0x8001DC68 (0x00C0006F) jal zero, 12


mem[X,0x8001DC74] -> 0x7CE3
mem[X,0x8001DC76] -> 0xFEB5
[2714] [M]: 0x8001DC74 (0xFEB57CE3) bgeu a0, a1, 8184


mem[X,0x8001DC78] -> 0x8193
mem[X,0x8001DC7A] -> 0x0021
[2715] [M]: 0x8001DC78 (0x00218193) addi gp, gp, 2
x3 <- 0x00000002


mem[X,0x8001DC7C] -> 0x006F
mem[X,0x8001DC7E] -> 0x00C0
[2716] [M]: 0x8001DC7C (0x00C0006F) jal zero, 12


mem[X,0x8001DC88] -> 0x2423
mem[X,0x8001DC8A] -> 0x4231
[2717] [M]: 0x8001DC88 (0x42312423) sw gp, 1064(sp)
mem[0x8004B58C] <- 0x00000002


mem[X,0x8001DC8C] -> 0x0513
mem[X,0x8001DC8E] -> 0x0000
[2718] [M]: 0x8001DC8C (0x00000513) addi a0, zero, 0
x10 <- 0x00000000


mem[X,0x8001DC90] -> 0x0593
mem[X,0x8001DC92] -> 0x0020
[2719] [M]: 0x8001DC90 (0x00200593) addi a1, zero, 2
x11 <- 0x00000002


mem[X,0x8001DC94] -> 0x0193
mem[X,0x8001DC96] -> 0x0000
[2720] [M]: 0x8001DC94 (0x00000193) addi gp, zero, 0
x3 <- 0x00000000


mem[X,0x8001DC98] -> 0x006F
mem[X,0x8001DC9A] -> 0x0140
[2721] [M]: 0x8001DC98 (0x0140006F) jal zero, 20


mem[X,0x8001DCAC] -> 0x78E3
mem[X,0x8001DCAE] -> 0xFEB5
[2722] [M]: 0x8001DCAC (0xFEB578E3) bgeu a0, a1, 8176


mem[X,0x8001DCB0] -> 0x8193
mem[X,0x8001DCB2] -> 0x0021
[2723] [M]: 0x8001DCB0 (0x00218193) addi gp, gp, 2
x3 <- 0x00000002


mem[X,0x8001DCB4] -> 0x006F
mem[X,0x8001DCB6] -> 0x00C0
[2724] [M]: 0x8001DCB4 (0x00C0006F) jal zero, 12


mem[X,0x8001DCC0] -> 0x2623
mem[X,0x8001DCC2] -> 0x4231
[2725] [M]: 0x8001DCC0 (0x42312623) sw gp, 1068(sp)
mem[0x8004B590] <- 0x00000002


mem[X,0x8001DCC4] -> 0x0513
mem[X,0x8001DCC6] -> 0x0000
[2726] [M]: 0x8001DCC4 (0x00000513) addi a0, zero, 0
x10 <- 0x00000000


mem[X,0x8001DCC8] -> 0x55B7
mem[X,0x8001DCCA] -> 0x5555
[2727] [M]: 0x8001DCC8 (0x555555B7) lui a1, 349525
x11 <- 0x55555000


mem[X,0x8001DCCC] -> 0x8593
mem[X,0x8001DCCE] -> 0x5545
[2728] [M]: 0x8001DCCC (0x55458593) addi a1, a1, 1364
x11 <- 0x55555554


mem[X,0x8001DCD0] -> 0x0193
mem[X,0x8001DCD2] -> 0x0000
[2729] [M]: 0x8001DCD0 (0x00000193) addi gp, zero, 0
x3 <- 0x00000000


mem[X,0x8001DCD4] -> 0x006F
mem[X,0x8001DCD6] -> 0x00C0
[2730] [M]: 0x8001DCD4 (0x00C0006F) jal zero, 12


mem[X,0x8001DCE0] -> 0x7063
mem[X,0x8001DCE2] -> 0x10B5
[2731] [M]: 0x8001DCE0 (0x10B57063) bgeu a0, a1, 256


mem[X,0x8001DCE4] -> 0x8193
mem[X,0x8001DCE6] -> 0x0021
[2732] [M]: 0x8001DCE4 (0x00218193) addi gp, gp, 2
x3 <- 0x00000002


mem[X,0x8001DCE8] -> 0x006F
mem[X,0x8001DCEA] -> 0x1000
[2733] [M]: 0x8001DCE8 (0x1000006F) jal zero, 256


mem[X,0x8001DDE8] -> 0x2823
mem[X,0x8001DDEA] -> 0x4231
[2734] [M]: 0x8001DDE8 (0x42312823) sw gp, 1072(sp)
mem[0x8004B594] <- 0x00000002


mem[X,0x8001DDEC] -> 0x0513
mem[X,0x8001DDEE] -> 0x0000
[2735] [M]: 0x8001DDEC (0x00000513) addi a0, zero, 0
x10 <- 0x00000000


mem[X,0x8001DDF0] -> 0xB5B7
mem[X,0x8001DDF2] -> 0xAAAA
[2736] [M]: 0x8001DDF0 (0xAAAAB5B7) lui a1, 699051
x11 <- 0xAAAAB000


mem[X,0x8001DDF4] -> 0x8593
mem[X,0x8001DDF6] -> 0xAA95
[2737] [M]: 0x8001DDF4 (0xAA958593) addi a1, a1, 2729
x11 <- 0xAAAAAAA9


mem[X,0x8001DDF8] -> 0x0193
mem[X,0x8001DDFA] -> 0x0000
[2738] [M]: 0x8001DDF8 (0x00000193) addi gp, zero, 0
x3 <- 0x00000000


mem[X,0x8001DDFC] -> 0x006F
mem[X,0x8001DDFE] -> 0x00C0
[2739] [M]: 0x8001DDFC (0x00C0006F) jal zero, 12


mem[X,0x8001DE08] -> 0x7663
mem[X,0x8001DE0A] -> 0x00B5
[2740] [M]: 0x8001DE08 (0x00B57663) bgeu a0, a1, 12


mem[X,0x8001DE0C] -> 0x8193
mem[X,0x8001DE0E] -> 0x0021
[2741] [M]: 0x8001DE0C (0x00218193) addi gp, gp, 2
x3 <- 0x00000002


mem[X,0x8001DE10] -> 0x006F
mem[X,0x8001DE12] -> 0x00C0
[2742] [M]: 0x8001DE10 (0x00C0006F) jal zero, 12


mem[X,0x8001DE1C] -> 0x2A23
mem[X,0x8001DE1E] -> 0x4231
[2743] [M]: 0x8001DE1C (0x42312A23) sw gp, 1076(sp)
mem[0x8004B598] <- 0x00000002


mem[X,0x8001DE20] -> 0x0513
mem[X,0x8001DE22] -> 0x0000
[2744] [M]: 0x8001DE20 (0x00000513) addi a0, zero, 0
x10 <- 0x00000000


mem[X,0x8001DE24] -> 0x0593
mem[X,0x8001DE26] -> 0x0040
[2745] [M]: 0x8001DE24 (0x00400593) addi a1, zero, 4
x11 <- 0x00000004


mem[X,0x8001DE28] -> 0x0193
mem[X,0x8001DE2A] -> 0x0000
[2746] [M]: 0x8001DE28 (0x00000193) addi gp, zero, 0
x3 <- 0x00000000


mem[X,0x8001DE2C] -> 0x006F
mem[X,0x8001DE2E] -> 0x00C0
[2747] [M]: 0x8001DE2C (0x00C0006F) jal zero, 12


mem[X,0x8001DE38] -> 0x7063
mem[X,0x8001DE3A] -> 0x02B5
[2748] [M]: 0x8001DE38 (0x02B57063) bgeu a0, a1, 32


mem[X,0x8001DE3C] -> 0x8193
mem[X,0x8001DE3E] -> 0x0021
[2749] [M]: 0x8001DE3C (0x00218193) addi gp, gp, 2
x3 <- 0x00000002


mem[X,0x8001DE40] -> 0x006F
mem[X,0x8001DE42] -> 0x0200
[2750] [M]: 0x8001DE40 (0x0200006F) jal zero, 32


mem[X,0x8001DE60] -> 0x2C23
mem[X,0x8001DE62] -> 0x4231
[2751] [M]: 0x8001DE60 (0x42312C23) sw gp, 1080(sp)
mem[0x8004B59C] <- 0x00000002


mem[X,0x8001DE64] -> 0x0513
mem[X,0x8001DE66] -> 0x0000
[2752] [M]: 0x8001DE64 (0x00000513) addi a0, zero, 0
x10 <- 0x00000000


mem[X,0x8001DE68] -> 0x35B7
mem[X,0x8001DE6A] -> 0x3333
[2753] [M]: 0x8001DE68 (0x333335B7) lui a1, 209715
x11 <- 0x33333000


mem[X,0x8001DE6C] -> 0x8593
mem[X,0x8001DE6E] -> 0x3325
[2754] [M]: 0x8001DE6C (0x33258593) addi a1, a1, 818
x11 <- 0x33333332


mem[X,0x8001DE70] -> 0x0193
mem[X,0x8001DE72] -> 0x0000
[2755] [M]: 0x8001DE70 (0x00000193) addi gp, zero, 0
x3 <- 0x00000000


mem[X,0x8001DE74] -> 0x006F
mem[X,0x8001DE76] -> 0x0050
[2756] [M]: 0x8001DE74 (0x0050006F) jal zero, 2052


mem[X,0x8001E678] -> 0x70E3
mem[X,0x8001E67A] -> 0x80B5
[2757] [M]: 0x8001E678 (0x80B570E3) bgeu a0, a1, 6144


mem[X,0x8001E67C] -> 0x8193
mem[X,0x8001E67E] -> 0x0021
[2758] [M]: 0x8001E67C (0x00218193) addi gp, gp, 2
x3 <- 0x00000002


mem[X,0x8001E680] -> 0x006F
mem[X,0x8001E682] -> 0x00C0
[2759] [M]: 0x8001E680 (0x00C0006F) jal zero, 12


mem[X,0x8001E68C] -> 0x2E23
mem[X,0x8001E68E] -> 0x4231
[2760] [M]: 0x8001E68C (0x42312E23) sw gp, 1084(sp)
mem[0x8004B5A0] <- 0x00000002


mem[X,0x8001E690] -> 0x0513
mem[X,0x8001E692] -> 0x0000
[2761] [M]: 0x8001E690 (0x00000513) addi a0, zero, 0
x10 <- 0x00000000


mem[X,0x8001E694] -> 0x65B7
mem[X,0x8001E696] -> 0x6666
[2762] [M]: 0x8001E694 (0x666665B7) lui a1, 419430
x11 <- 0x66666000


mem[X,0x8001E698] -> 0x8593
mem[X,0x8001E69A] -> 0x6655
[2763] [M]: 0x8001E698 (0x66558593) addi a1, a1, 1637
x11 <- 0x66666665


mem[X,0x8001E69C] -> 0x0193
mem[X,0x8001E69E] -> 0x0000
[2764] [M]: 0x8001E69C (0x00000193) addi gp, zero, 0
x3 <- 0x00000000


mem[X,0x8001E6A0] -> 0x006F
mem[X,0x8001E6A2] -> 0x00C0
[2765] [M]: 0x8001E6A0 (0x00C0006F) jal zero, 12


mem[X,0x8001E6AC] -> 0x7063
mem[X,0x8001E6AE] -> 0x08B5
[2766] [M]: 0x8001E6AC (0x08B57063) bgeu a0, a1, 128


mem[X,0x8001E6B0] -> 0x8193
mem[X,0x8001E6B2] -> 0x0021
[2767] [M]: 0x8001E6B0 (0x00218193) addi gp, gp, 2
x3 <- 0x00000002


mem[X,0x8001E6B4] -> 0x006F
mem[X,0x8001E6B6] -> 0x0800
[2768] [M]: 0x8001E6B4 (0x0800006F) jal zero, 128


mem[X,0x8001E734] -> 0x2023
mem[X,0x8001E736] -> 0x4431
[2769] [M]: 0x8001E734 (0x44312023) sw gp, 1088(sp)
mem[0x8004B5A4] <- 0x00000002


mem[X,0x8001E738] -> 0x0513
mem[X,0x8001E73A] -> 0x0000
[2770] [M]: 0x8001E738 (0x00000513) addi a0, zero, 0
x10 <- 0x00000000


mem[X,0x8001E73C] -> 0xB5B7
mem[X,0x8001E73E] -> 0x0000
[2771] [M]: 0x8001E73C (0x0000B5B7) lui a1, 11
x11 <- 0x0000B000


mem[X,0x8001E740] -> 0x8593
mem[X,0x8001E742] -> 0x5035
[2772] [M]: 0x8001E740 (0x50358593) addi a1, a1, 1283
x11 <- 0x0000B503


mem[X,0x8001E744] -> 0x0193
mem[X,0x8001E746] -> 0x0000
[2773] [M]: 0x8001E744 (0x00000193) addi gp, zero, 0
x3 <- 0x00000000


mem[X,0x8001E748] -> 0x006F
mem[X,0x8001E74A] -> 0x00C0
[2774] [M]: 0x8001E748 (0x00C0006F) jal zero, 12


mem[X,0x8001E754] -> 0x7863
mem[X,0x8001E756] -> 0x00B5
[2775] [M]: 0x8001E754 (0x00B57863) bgeu a0, a1, 16


mem[X,0x8001E758] -> 0x8193
mem[X,0x8001E75A] -> 0x0021
[2776] [M]: 0x8001E758 (0x00218193) addi gp, gp, 2
x3 <- 0x00000002


mem[X,0x8001E75C] -> 0x006F
mem[X,0x8001E75E] -> 0x0100
[2777] [M]: 0x8001E75C (0x0100006F) jal zero, 16


mem[X,0x8001E76C] -> 0x2223
mem[X,0x8001E76E] -> 0x4431
[2778] [M]: 0x8001E76C (0x44312223) sw gp, 1092(sp)
mem[0x8004B5A8] <- 0x00000002


mem[X,0x8001E770] -> 0x0513
mem[X,0x8001E772] -> 0x0000
[2779] [M]: 0x8001E770 (0x00000513) addi a0, zero, 0
x10 <- 0x00000000


mem[X,0x8001E774] -> 0x05B7
mem[X,0x8001E776] -> 0x0001
[2780] [M]: 0x8001E774 (0x000105B7) lui a1, 16
x11 <- 0x00010000


mem[X,0x8001E778] -> 0x8593
mem[X,0x8001E77A] -> 0xFFE5
[2781] [M]: 0x8001E778 (0xFFE58593) addi a1, a1, 4094
x11 <- 0x0000FFFE


mem[X,0x8001E77C] -> 0x0193
mem[X,0x8001E77E] -> 0x0000
[2782] [M]: 0x8001E77C (0x00000193) addi gp, zero, 0
x3 <- 0x00000000


mem[X,0x8001E780] -> 0x006F
mem[X,0x8001E782] -> 0x0180
[2783] [M]: 0x8001E780 (0x0180006F) jal zero, 24


mem[X,0x8001E798] -> 0x76E3
mem[X,0x8001E79A] -> 0xFEB5
[2784] [M]: 0x8001E798 (0xFEB576E3) bgeu a0, a1, 8172


mem[X,0x8001E79C] -> 0x8193
mem[X,0x8001E79E] -> 0x0021
[2785] [M]: 0x8001E79C (0x00218193) addi gp, gp, 2
x3 <- 0x00000002


mem[X,0x8001E7A0] -> 0x006F
mem[X,0x8001E7A2] -> 0x00C0
[2786] [M]: 0x8001E7A0 (0x00C0006F) jal zero, 12


mem[X,0x8001E7AC] -> 0x2423
mem[X,0x8001E7AE] -> 0x4431
[2787] [M]: 0x8001E7AC (0x44312423) sw gp, 1096(sp)
mem[0x8004B5AC] <- 0x00000002


mem[X,0x8001E7B0] -> 0x0513
mem[X,0x8001E7B2] -> 0x0000
[2788] [M]: 0x8001E7B0 (0x00000513) addi a0, zero, 0
x10 <- 0x00000000


mem[X,0x8001E7B4] -> 0x55B7
mem[X,0x8001E7B6] -> 0x5555
[2789] [M]: 0x8001E7B4 (0x555555B7) lui a1, 349525
x11 <- 0x55555000


mem[X,0x8001E7B8] -> 0x8593
mem[X,0x8001E7BA] -> 0x5565
[2790] [M]: 0x8001E7B8 (0x55658593) addi a1, a1, 1366
x11 <- 0x55555556


mem[X,0x8001E7BC] -> 0x0193
mem[X,0x8001E7BE] -> 0x0000
[2791] [M]: 0x8001E7BC (0x00000193) addi gp, zero, 0
x3 <- 0x00000000


mem[X,0x8001E7C0] -> 0x006F
mem[X,0x8001E7C2] -> 0x00C0
[2792] [M]: 0x8001E7C0 (0x00C0006F) jal zero, 12


mem[X,0x8001E7CC] -> 0x7063
mem[X,0x8001E7CE] -> 0x08B5
[2793] [M]: 0x8001E7CC (0x08B57063) bgeu a0, a1, 128


mem[X,0x8001E7D0] -> 0x8193
mem[X,0x8001E7D2] -> 0x0021
[2794] [M]: 0x8001E7D0 (0x00218193) addi gp, gp, 2
x3 <- 0x00000002


mem[X,0x8001E7D4] -> 0x006F
mem[X,0x8001E7D6] -> 0x0800
[2795] [M]: 0x8001E7D4 (0x0800006F) jal zero, 128


mem[X,0x8001E854] -> 0x2623
mem[X,0x8001E856] -> 0x4431
[2796] [M]: 0x8001E854 (0x44312623) sw gp, 1100(sp)
mem[0x8004B5B0] <- 0x00000002


mem[X,0x8001E858] -> 0x0513
mem[X,0x8001E85A] -> 0x0000
[2797] [M]: 0x8001E858 (0x00000513) addi a0, zero, 0
x10 <- 0x00000000


mem[X,0x8001E85C] -> 0xB5B7
mem[X,0x8001E85E] -> 0xAAAA
[2798] [M]: 0x8001E85C (0xAAAAB5B7) lui a1, 699051
x11 <- 0xAAAAB000


mem[X,0x8001E860] -> 0x8593
mem[X,0x8001E862] -> 0xAAB5
[2799] [M]: 0x8001E860 (0xAAB58593) addi a1, a1, 2731
x11 <- 0xAAAAAAAB


clint::tick mtime <- 0x000000000000001C
 clint timer pending at mtime 0x000000000000001C
htif::tick 0x0000000000000000
mem[X,0x8001E864] -> 0x0193
mem[X,0x8001E866] -> 0x0000
[2800] [M]: 0x8001E864 (0x00000193) addi gp, zero, 0
x3 <- 0x00000000


mem[X,0x8001E868] -> 0x006F
mem[X,0x8001E86A] -> 0x00C0
[2801] [M]: 0x8001E868 (0x00C0006F) jal zero, 12


mem[X,0x8001E874] -> 0x7CE3
mem[X,0x8001E876] -> 0xFEB5
[2802] [M]: 0x8001E874 (0xFEB57CE3) bgeu a0, a1, 8184


mem[X,0x8001E878] -> 0x8193
mem[X,0x8001E87A] -> 0x0021
[2803] [M]: 0x8001E878 (0x00218193) addi gp, gp, 2
x3 <- 0x00000002


mem[X,0x8001E87C] -> 0x006F
mem[X,0x8001E87E] -> 0x00C0
[2804] [M]: 0x8001E87C (0x00C0006F) jal zero, 12


mem[X,0x8001E888] -> 0x2823
mem[X,0x8001E88A] -> 0x4431
[2805] [M]: 0x8001E888 (0x44312823) sw gp, 1104(sp)
mem[0x8004B5B4] <- 0x00000002


mem[X,0x8001E88C] -> 0x0513
mem[X,0x8001E88E] -> 0x0000
[2806] [M]: 0x8001E88C (0x00000513) addi a0, zero, 0
x10 <- 0x00000000


mem[X,0x8001E890] -> 0x0593
mem[X,0x8001E892] -> 0x0060
[2807] [M]: 0x8001E890 (0x00600593) addi a1, zero, 6
x11 <- 0x00000006


mem[X,0x8001E894] -> 0x0193
mem[X,0x8001E896] -> 0x0000
[2808] [M]: 0x8001E894 (0x00000193) addi gp, zero, 0
x3 <- 0x00000000


mem[X,0x8001E898] -> 0x006F
mem[X,0x8001E89A] -> 0x00C0
[2809] [M]: 0x8001E898 (0x00C0006F) jal zero, 12


mem[X,0x8001E8A4] -> 0x7663
mem[X,0x8001E8A6] -> 0x00B5
[2810] [M]: 0x8001E8A4 (0x00B57663) bgeu a0, a1, 12


mem[X,0x8001E8A8] -> 0x8193
mem[X,0x8001E8AA] -> 0x0021
[2811] [M]: 0x8001E8A8 (0x00218193) addi gp, gp, 2
x3 <- 0x00000002


mem[X,0x8001E8AC] -> 0x006F
mem[X,0x8001E8AE] -> 0x00C0
[2812] [M]: 0x8001E8AC (0x00C0006F) jal zero, 12


mem[X,0x8001E8B8] -> 0x2A23
mem[X,0x8001E8BA] -> 0x4431
[2813] [M]: 0x8001E8B8 (0x44312A23) sw gp, 1108(sp)
mem[0x8004B5B8] <- 0x00000002


mem[X,0x8001E8BC] -> 0x0513
mem[X,0x8001E8BE] -> 0x0000
[2814] [M]: 0x8001E8BC (0x00000513) addi a0, zero, 0
x10 <- 0x00000000


mem[X,0x8001E8C0] -> 0x35B7
mem[X,0x8001E8C2] -> 0x3333
[2815] [M]: 0x8001E8C0 (0x333335B7) lui a1, 209715
x11 <- 0x33333000


mem[X,0x8001E8C4] -> 0x8593
mem[X,0x8001E8C6] -> 0x3345
[2816] [M]: 0x8001E8C4 (0x33458593) addi a1, a1, 820
x11 <- 0x33333334


mem[X,0x8001E8C8] -> 0x0193
mem[X,0x8001E8CA] -> 0x0000
[2817] [M]: 0x8001E8C8 (0x00000193) addi gp, zero, 0
x3 <- 0x00000000


mem[X,0x8001E8CC] -> 0x006F
mem[X,0x8001E8CE] -> 0x2B10
[2818] [M]: 0x8001E8CC (0x2B10006F) jal zero, 2736


mem[X,0x8001F37C] -> 0x7A63
mem[X,0x8001F37E] -> 0xD4B5
[2819] [M]: 0x8001F37C (0xD4B57A63) bgeu a0, a1, 5460


mem[X,0x8001F380] -> 0x8193
mem[X,0x8001F382] -> 0x0021
[2820] [M]: 0x8001F380 (0x00218193) addi gp, gp, 2
x3 <- 0x00000002


mem[X,0x8001F384] -> 0x006F
mem[X,0x8001F386] -> 0x00C0
[2821] [M]: 0x8001F384 (0x00C0006F) jal zero, 12


mem[X,0x8001F390] -> 0x2C23
mem[X,0x8001F392] -> 0x4431
[2822] [M]: 0x8001F390 (0x44312C23) sw gp, 1112(sp)
mem[0x8004B5BC] <- 0x00000002


mem[X,0x8001F394] -> 0x0513
mem[X,0x8001F396] -> 0x0000
[2823] [M]: 0x8001F394 (0x00000513) addi a0, zero, 0
x10 <- 0x00000000


mem[X,0x8001F398] -> 0x65B7
mem[X,0x8001F39A] -> 0x6666
[2824] [M]: 0x8001F398 (0x666665B7) lui a1, 419430
x11 <- 0x66666000


mem[X,0x8001F39C] -> 0x8593
mem[X,0x8001F39E] -> 0x6675
[2825] [M]: 0x8001F39C (0x66758593) addi a1, a1, 1639
x11 <- 0x66666667


mem[X,0x8001F3A0] -> 0x0193
mem[X,0x8001F3A2] -> 0x0000
[2826] [M]: 0x8001F3A0 (0x00000193) addi gp, zero, 0
x3 <- 0x00000000


mem[X,0x8001F3A4] -> 0x006F
mem[X,0x8001F3A6] -> 0x00C0
[2827] [M]: 0x8001F3A4 (0x00C0006F) jal zero, 12


mem[X,0x8001F3B0] -> 0x7CE3
mem[X,0x8001F3B2] -> 0xFEB5
[2828] [M]: 0x8001F3B0 (0xFEB57CE3) bgeu a0, a1, 8184


mem[X,0x8001F3B4] -> 0x8193
mem[X,0x8001F3B6] -> 0x0021
[2829] [M]: 0x8001F3B4 (0x00218193) addi gp, gp, 2
x3 <- 0x00000002


mem[X,0x8001F3B8] -> 0x006F
mem[X,0x8001F3BA] -> 0x00C0
[2830] [M]: 0x8001F3B8 (0x00C0006F) jal zero, 12


mem[X,0x8001F3C4] -> 0x2E23
mem[X,0x8001F3C6] -> 0x4431
[2831] [M]: 0x8001F3C4 (0x44312E23) sw gp, 1116(sp)
mem[0x8004B5C0] <- 0x00000002


mem[X,0x8001F3C8] -> 0x0513
mem[X,0x8001F3CA] -> 0x0000
[2832] [M]: 0x8001F3C8 (0x00000513) addi a0, zero, 0
x10 <- 0x00000000


mem[X,0x8001F3CC] -> 0xB5B7
mem[X,0x8001F3CE] -> 0x0000
[2833] [M]: 0x8001F3CC (0x0000B5B7) lui a1, 11
x11 <- 0x0000B000


mem[X,0x8001F3D0] -> 0x8593
mem[X,0x8001F3D2] -> 0x5055
[2834] [M]: 0x8001F3D0 (0x50558593) addi a1, a1, 1285
x11 <- 0x0000B505


mem[X,0x8001F3D4] -> 0x0193
mem[X,0x8001F3D6] -> 0x0000
[2835] [M]: 0x8001F3D4 (0x00000193) addi gp, zero, 0
x3 <- 0x00000000


mem[X,0x8001F3D8] -> 0x006F
mem[X,0x8001F3DA] -> 0x0100
[2836] [M]: 0x8001F3D8 (0x0100006F) jal zero, 16


mem[X,0x8001F3E8] -> 0x7AE3
mem[X,0x8001F3EA] -> 0xFEB5
[2837] [M]: 0x8001F3E8 (0xFEB57AE3) bgeu a0, a1, 8180


mem[X,0x8001F3EC] -> 0x8193
mem[X,0x8001F3EE] -> 0x0021
[2838] [M]: 0x8001F3EC (0x00218193) addi gp, gp, 2
x3 <- 0x00000002


mem[X,0x8001F3F0] -> 0x006F
mem[X,0x8001F3F2] -> 0x00C0
[2839] [M]: 0x8001F3F0 (0x00C0006F) jal zero, 12


mem[X,0x8001F3FC] -> 0x2023
mem[X,0x8001F3FE] -> 0x4631
[2840] [M]: 0x8001F3FC (0x46312023) sw gp, 1120(sp)
mem[0x8004B5C4] <- 0x00000002


mem[X,0x8001F400] -> 0x0513
mem[X,0x8001F402] -> 0x0000
[2841] [M]: 0x8001F400 (0x00000513) addi a0, zero, 0
x10 <- 0x00000000


mem[X,0x8001F404] -> 0x0593
mem[X,0x8001F406] -> 0x0010
[2842] [M]: 0x8001F404 (0x00100593) addi a1, zero, 1
x11 <- 0x00000001


mem[X,0x8001F408] -> 0x0193
mem[X,0x8001F40A] -> 0x0000
[2843] [M]: 0x8001F408 (0x00000193) addi gp, zero, 0
x3 <- 0x00000000


mem[X,0x8001F40C] -> 0x006F
mem[X,0x8001F40E] -> 0x0050
[2844] [M]: 0x8001F40C (0x0050006F) jal zero, 2052


mem[X,0x8001FC10] -> 0x70E3
mem[X,0x8001FC12] -> 0x80B5
[2845] [M]: 0x8001FC10 (0x80B570E3) bgeu a0, a1, 6144


mem[X,0x8001FC14] -> 0x8193
mem[X,0x8001FC16] -> 0x0021
[2846] [M]: 0x8001FC14 (0x00218193) addi gp, gp, 2
x3 <- 0x00000002


mem[X,0x8001FC18] -> 0x006F
mem[X,0x8001FC1A] -> 0x00C0
[2847] [M]: 0x8001FC18 (0x00C0006F) jal zero, 12


mem[X,0x8001FC24] -> 0x2223
mem[X,0x8001FC26] -> 0x4631
[2848] [M]: 0x8001FC24 (0x46312223) sw gp, 1124(sp)
mem[0x8004B5C8] <- 0x00000002


mem[X,0x8001FC28] -> 0x0513
mem[X,0x8001FC2A] -> 0x0000
[2849] [M]: 0x8001FC28 (0x00000513) addi a0, zero, 0
x10 <- 0x00000000


mem[X,0x8001FC2C] -> 0x05B7
mem[X,0x8001FC2E] -> 0x0001
[2850] [M]: 0x8001FC2C (0x000105B7) lui a1, 16
x11 <- 0x00010000


mem[X,0x8001FC30] -> 0x0193
mem[X,0x8001FC32] -> 0x0000
[2851] [M]: 0x8001FC30 (0x00000193) addi gp, zero, 0
x3 <- 0x00000000


mem[X,0x8001FC34] -> 0x006F
mem[X,0x8001FC36] -> 0x00C0
[2852] [M]: 0x8001FC34 (0x00C0006F) jal zero, 12


mem[X,0x8001FC40] -> 0x7663
mem[X,0x8001FC42] -> 0x00B5
[2853] [M]: 0x8001FC40 (0x00B57663) bgeu a0, a1, 12


mem[X,0x8001FC44] -> 0x8193
mem[X,0x8001FC46] -> 0x0021
[2854] [M]: 0x8001FC44 (0x00218193) addi gp, gp, 2
x3 <- 0x00000002


mem[X,0x8001FC48] -> 0x006F
mem[X,0x8001FC4A] -> 0x00C0
[2855] [M]: 0x8001FC48 (0x00C0006F) jal zero, 12


mem[X,0x8001FC54] -> 0x2423
mem[X,0x8001FC56] -> 0x4631
[2856] [M]: 0x8001FC54 (0x46312423) sw gp, 1128(sp)
mem[0x8004B5CC] <- 0x00000002


mem[X,0x8001FC58] -> 0x0537
mem[X,0x8001FC5A] -> 0x0001
[2857] [M]: 0x8001FC58 (0x00010537) lui a0, 16
x10 <- 0x00010000


mem[X,0x8001FC5C] -> 0x0513
mem[X,0x8001FC5E] -> 0xFFF5
[2858] [M]: 0x8001FC5C (0xFFF50513) addi a0, a0, 4095
x10 <- 0x0000FFFF


mem[X,0x8001FC60] -> 0x0593
mem[X,0x8001FC62] -> 0x0030
[2859] [M]: 0x8001FC60 (0x00300593) addi a1, zero, 3
x11 <- 0x00000003


mem[X,0x8001FC64] -> 0x0193
mem[X,0x8001FC66] -> 0x0000
[2860] [M]: 0x8001FC64 (0x00000193) addi gp, zero, 0
x3 <- 0x00000000


mem[X,0x8001FC68] -> 0x006F
mem[X,0x8001FC6A] -> 0x00C0
[2861] [M]: 0x8001FC68 (0x00C0006F) jal zero, 12


mem[X,0x8001FC74] -> 0x7663
mem[X,0x8001FC76] -> 0x00B5
[2862] [M]: 0x8001FC74 (0x00B57663) bgeu a0, a1, 12


mem[X,0x8001FC80] -> 0x8193
mem[X,0x8001FC82] -> 0x0031
[2863] [M]: 0x8001FC80 (0x00318193) addi gp, gp, 3
x3 <- 0x00000003


mem[X,0x8001FC84] -> 0x006F
mem[X,0x8001FC86] -> 0x0040
[2864] [M]: 0x8001FC84 (0x0040006F) jal zero, 4


mem[X,0x8001FC88] -> 0x2623
mem[X,0x8001FC8A] -> 0x4631
[2865] [M]: 0x8001FC88 (0x46312623) sw gp, 1132(sp)
mem[0x8004B5D0] <- 0x00000003


mem[X,0x8001FC8C] -> 0x0537
mem[X,0x8001FC8E] -> 0x0001
[2866] [M]: 0x8001FC8C (0x00010537) lui a0, 16
x10 <- 0x00010000


mem[X,0x8001FC90] -> 0x0513
mem[X,0x8001FC92] -> 0xFFF5
[2867] [M]: 0x8001FC90 (0xFFF50513) addi a0, a0, 4095
x10 <- 0x0000FFFF


mem[X,0x8001FC94] -> 0x55B7
mem[X,0x8001FC96] -> 0x5555
[2868] [M]: 0x8001FC94 (0x555555B7) lui a1, 349525
x11 <- 0x55555000


mem[X,0x8001FC98] -> 0x8593
mem[X,0x8001FC9A] -> 0x5555
[2869] [M]: 0x8001FC98 (0x55558593) addi a1, a1, 1365
x11 <- 0x55555555


mem[X,0x8001FC9C] -> 0x0193
mem[X,0x8001FC9E] -> 0x0000
[2870] [M]: 0x8001FC9C (0x00000193) addi gp, zero, 0
x3 <- 0x00000000


mem[X,0x8001FCA0] -> 0x006F
mem[X,0x8001FCA2] -> 0x00C0
[2871] [M]: 0x8001FCA0 (0x00C0006F) jal zero, 12


mem[X,0x8001FCAC] -> 0x7063
mem[X,0x8001FCAE] -> 0x04B5
[2872] [M]: 0x8001FCAC (0x04B57063) bgeu a0, a1, 64


mem[X,0x8001FCB0] -> 0x8193
mem[X,0x8001FCB2] -> 0x0021
[2873] [M]: 0x8001FCB0 (0x00218193) addi gp, gp, 2
x3 <- 0x00000002


mem[X,0x8001FCB4] -> 0x006F
mem[X,0x8001FCB6] -> 0x0400
[2874] [M]: 0x8001FCB4 (0x0400006F) jal zero, 64


mem[X,0x8001FCF4] -> 0x2823
mem[X,0x8001FCF6] -> 0x4631
[2875] [M]: 0x8001FCF4 (0x46312823) sw gp, 1136(sp)
mem[0x8004B5D4] <- 0x00000002


mem[X,0x8001FCF8] -> 0x0537
mem[X,0x8001FCFA] -> 0x0001
[2876] [M]: 0x8001FCF8 (0x00010537) lui a0, 16
x10 <- 0x00010000


mem[X,0x8001FCFC] -> 0x0513
mem[X,0x8001FCFE] -> 0xFFF5
[2877] [M]: 0x8001FCFC (0xFFF50513) addi a0, a0, 4095
x10 <- 0x0000FFFF


mem[X,0x8001FD00] -> 0xB5B7
mem[X,0x8001FD02] -> 0xAAAA
[2878] [M]: 0x8001FD00 (0xAAAAB5B7) lui a1, 699051
x11 <- 0xAAAAB000


mem[X,0x8001FD04] -> 0x8593
mem[X,0x8001FD06] -> 0xAAA5
[2879] [M]: 0x8001FD04 (0xAAA58593) addi a1, a1, 2730
x11 <- 0xAAAAAAAA


mem[X,0x8001FD08] -> 0x0193
mem[X,0x8001FD0A] -> 0x0000
[2880] [M]: 0x8001FD08 (0x00000193) addi gp, zero, 0
x3 <- 0x00000000


mem[X,0x8001FD0C] -> 0x006F
mem[X,0x8001FD0E] -> 0x00C0
[2881] [M]: 0x8001FD0C (0x00C0006F) jal zero, 12


mem[X,0x8001FD18] -> 0x7CE3
mem[X,0x8001FD1A] -> 0xFEB5
[2882] [M]: 0x8001FD18 (0xFEB57CE3) bgeu a0, a1, 8184


mem[X,0x8001FD1C] -> 0x8193
mem[X,0x8001FD1E] -> 0x0021
[2883] [M]: 0x8001FD1C (0x00218193) addi gp, gp, 2
x3 <- 0x00000002


mem[X,0x8001FD20] -> 0x006F
mem[X,0x8001FD22] -> 0x00C0
[2884] [M]: 0x8001FD20 (0x00C0006F) jal zero, 12


mem[X,0x8001FD2C] -> 0x2A23
mem[X,0x8001FD2E] -> 0x4631
[2885] [M]: 0x8001FD2C (0x46312A23) sw gp, 1140(sp)
mem[0x8004B5D8] <- 0x00000002


mem[X,0x8001FD30] -> 0x0537
mem[X,0x8001FD32] -> 0x0001
[2886] [M]: 0x8001FD30 (0x00010537) lui a0, 16
x10 <- 0x00010000


mem[X,0x8001FD34] -> 0x0513
mem[X,0x8001FD36] -> 0xFFF5
[2887] [M]: 0x8001FD34 (0xFFF50513) addi a0, a0, 4095
x10 <- 0x0000FFFF


mem[X,0x8001FD38] -> 0x0593
mem[X,0x8001FD3A] -> 0x0050
[2888] [M]: 0x8001FD38 (0x00500593) addi a1, zero, 5
x11 <- 0x00000005


mem[X,0x8001FD3C] -> 0x0193
mem[X,0x8001FD3E] -> 0x0000
[2889] [M]: 0x8001FD3C (0x00000193) addi gp, zero, 0
x3 <- 0x00000000


mem[X,0x8001FD40] -> 0x006F
mem[X,0x8001FD42] -> 0x0100
[2890] [M]: 0x8001FD40 (0x0100006F) jal zero, 16


mem[X,0x8001FD50] -> 0x7AE3
mem[X,0x8001FD52] -> 0xFEB5
[2891] [M]: 0x8001FD50 (0xFEB57AE3) bgeu a0, a1, 8180


mem[X,0x8001FD44] -> 0x8193
mem[X,0x8001FD46] -> 0x0011
[2892] [M]: 0x8001FD44 (0x00118193) addi gp, gp, 1
x3 <- 0x00000001


mem[X,0x8001FD48] -> 0x006F
mem[X,0x8001FD4A] -> 0x01C0
[2893] [M]: 0x8001FD48 (0x01C0006F) jal zero, 28


mem[X,0x8001FD64] -> 0x2C23
mem[X,0x8001FD66] -> 0x4631
[2894] [M]: 0x8001FD64 (0x46312C23) sw gp, 1144(sp)
mem[0x8004B5DC] <- 0x00000001


mem[X,0x8001FD68] -> 0x0537
mem[X,0x8001FD6A] -> 0x0001
[2895] [M]: 0x8001FD68 (0x00010537) lui a0, 16
x10 <- 0x00010000


mem[X,0x8001FD6C] -> 0x0513
mem[X,0x8001FD6E] -> 0xFFF5
[2896] [M]: 0x8001FD6C (0xFFF50513) addi a0, a0, 4095
x10 <- 0x0000FFFF


mem[X,0x8001FD70] -> 0x35B7
mem[X,0x8001FD72] -> 0x3333
[2897] [M]: 0x8001FD70 (0x333335B7) lui a1, 209715
x11 <- 0x33333000


mem[X,0x8001FD74] -> 0x8593
mem[X,0x8001FD76] -> 0x3335
[2898] [M]: 0x8001FD74 (0x33358593) addi a1, a1, 819
x11 <- 0x33333333


mem[X,0x8001FD78] -> 0x0193
mem[X,0x8001FD7A] -> 0x0000
[2899] [M]: 0x8001FD78 (0x00000193) addi gp, zero, 0
x3 <- 0x00000000


clint::tick mtime <- 0x000000000000001D
 clint timer pending at mtime 0x000000000000001D
htif::tick 0x0000000000000000
mem[X,0x8001FD7C] -> 0x006F
mem[X,0x8001FD7E] -> 0x0100
[2900] [M]: 0x8001FD7C (0x0100006F) jal zero, 16


mem[X,0x8001FD8C] -> 0x7AE3
mem[X,0x8001FD8E] -> 0xFEB5
[2901] [M]: 0x8001FD8C (0xFEB57AE3) bgeu a0, a1, 8180


mem[X,0x8001FD90] -> 0x8193
mem[X,0x8001FD92] -> 0x0021
[2902] [M]: 0x8001FD90 (0x00218193) addi gp, gp, 2
x3 <- 0x00000002


mem[X,0x8001FD94] -> 0x006F
mem[X,0x8001FD96] -> 0x00C0
[2903] [M]: 0x8001FD94 (0x00C0006F) jal zero, 12


mem[X,0x8001FDA0] -> 0x2E23
mem[X,0x8001FDA2] -> 0x4631
[2904] [M]: 0x8001FDA0 (0x46312E23) sw gp, 1148(sp)
mem[0x8004B5E0] <- 0x00000002


mem[X,0x8001FDA4] -> 0x0537
mem[X,0x8001FDA6] -> 0x0001
[2905] [M]: 0x8001FDA4 (0x00010537) lui a0, 16
x10 <- 0x00010000


mem[X,0x8001FDA8] -> 0x0513
mem[X,0x8001FDAA] -> 0xFFF5
[2906] [M]: 0x8001FDA8 (0xFFF50513) addi a0, a0, 4095
x10 <- 0x0000FFFF


mem[X,0x8001FDAC] -> 0x65B7
mem[X,0x8001FDAE] -> 0x6666
[2907] [M]: 0x8001FDAC (0x666665B7) lui a1, 419430
x11 <- 0x66666000


mem[X,0x8001FDB0] -> 0x8593
mem[X,0x8001FDB2] -> 0x6665
[2908] [M]: 0x8001FDB0 (0x66658593) addi a1, a1, 1638
x11 <- 0x66666666


mem[X,0x8001FDB4] -> 0x0193
mem[X,0x8001FDB6] -> 0x0000
[2909] [M]: 0x8001FDB4 (0x00000193) addi gp, zero, 0
x3 <- 0x00000000


mem[X,0x8001FDB8] -> 0x006F
mem[X,0x8001FDBA] -> 0x00C0
[2910] [M]: 0x8001FDB8 (0x00C0006F) jal zero, 12


mem[X,0x8001FDC4] -> 0x7063
mem[X,0x8001FDC6] -> 0x04B5
[2911] [M]: 0x8001FDC4 (0x04B57063) bgeu a0, a1, 64


mem[X,0x8001FDC8] -> 0x8193
mem[X,0x8001FDCA] -> 0x0021
[2912] [M]: 0x8001FDC8 (0x00218193) addi gp, gp, 2
x3 <- 0x00000002


mem[X,0x8001FDCC] -> 0x006F
mem[X,0x8001FDCE] -> 0x0400
[2913] [M]: 0x8001FDCC (0x0400006F) jal zero, 64


mem[X,0x8001FE0C] -> 0x2023
mem[X,0x8001FE0E] -> 0x4831
[2914] [M]: 0x8001FE0C (0x48312023) sw gp, 1152(sp)
mem[0x8004B5E4] <- 0x00000002


mem[X,0x8001FE10] -> 0x0537
mem[X,0x8001FE12] -> 0x0001
[2915] [M]: 0x8001FE10 (0x00010537) lui a0, 16
x10 <- 0x00010000


mem[X,0x8001FE14] -> 0x0513
mem[X,0x8001FE16] -> 0xFFF5
[2916] [M]: 0x8001FE14 (0xFFF50513) addi a0, a0, 4095
x10 <- 0x0000FFFF


mem[X,0x8001FE18] -> 0xB5B7
mem[X,0x8001FE1A] -> 0x0000
[2917] [M]: 0x8001FE18 (0x0000B5B7) lui a1, 11
x11 <- 0x0000B000


mem[X,0x8001FE1C] -> 0x8593
mem[X,0x8001FE1E] -> 0x5045
[2918] [M]: 0x8001FE1C (0x50458593) addi a1, a1, 1284
x11 <- 0x0000B504


mem[X,0x8001FE20] -> 0x0193
mem[X,0x8001FE22] -> 0x0000
[2919] [M]: 0x8001FE20 (0x00000193) addi gp, zero, 0
x3 <- 0x00000000


mem[X,0x8001FE24] -> 0x006F
mem[X,0x8001FE26] -> 0x00C0
[2920] [M]: 0x8001FE24 (0x00C0006F) jal zero, 12


mem[X,0x8001FE30] -> 0x7063
mem[X,0x8001FE32] -> 0x40B5
[2921] [M]: 0x8001FE30 (0x40B57063) bgeu a0, a1, 1024


mem[X,0x80020230] -> 0x8193
mem[X,0x80020232] -> 0x0031
[2922] [M]: 0x80020230 (0x00318193) addi gp, gp, 3
x3 <- 0x00000003


mem[X,0x80020234] -> 0x006F
mem[X,0x80020236] -> 0x0040
[2923] [M]: 0x80020234 (0x0040006F) jal zero, 4


mem[X,0x80020238] -> 0x2223
mem[X,0x8002023A] -> 0x4831
[2924] [M]: 0x80020238 (0x48312223) sw gp, 1156(sp)
mem[0x8004B5E8] <- 0x00000003


mem[X,0x8002023C] -> 0x0537
mem[X,0x8002023E] -> 0x0001
[2925] [M]: 0x8002023C (0x00010537) lui a0, 16
x10 <- 0x00010000


mem[X,0x80020240] -> 0x0513
mem[X,0x80020242] -> 0xFFF5
[2926] [M]: 0x80020240 (0xFFF50513) addi a0, a0, 4095
x10 <- 0x0000FFFF


mem[X,0x80020244] -> 0x0593
mem[X,0x80020246] -> 0x0000
[2927] [M]: 0x80020244 (0x00000593) addi a1, zero, 0
x11 <- 0x00000000


mem[X,0x80020248] -> 0x0193
mem[X,0x8002024A] -> 0x0000
[2928] [M]: 0x80020248 (0x00000193) addi gp, zero, 0
x3 <- 0x00000000


mem[X,0x8002024C] -> 0x006F
mem[X,0x8002024E] -> 0x2B10
[2929] [M]: 0x8002024C (0x2B10006F) jal zero, 2736


mem[X,0x80020CFC] -> 0x7A63
mem[X,0x80020CFE] -> 0xD4B5
[2930] [M]: 0x80020CFC (0xD4B57A63) bgeu a0, a1, 5460


mem[X,0x80020250] -> 0x8193
mem[X,0x80020252] -> 0x0011
[2931] [M]: 0x80020250 (0x00118193) addi gp, gp, 1
x3 <- 0x00000001


mem[X,0x80020254] -> 0x006F
mem[X,0x80020256] -> 0x2BD0
[2932] [M]: 0x80020254 (0x2BD0006F) jal zero, 2748


mem[X,0x80020D10] -> 0x2423
mem[X,0x80020D12] -> 0x4831
[2933] [M]: 0x80020D10 (0x48312423) sw gp, 1160(sp)
mem[0x8004B5EC] <- 0x00000001


mem[X,0x80020D14] -> 0x0537
mem[X,0x80020D16] -> 0x0001
[2934] [M]: 0x80020D14 (0x00010537) lui a0, 16
x10 <- 0x00010000


mem[X,0x80020D18] -> 0x0513
mem[X,0x80020D1A] -> 0xFFF5
[2935] [M]: 0x80020D18 (0xFFF50513) addi a0, a0, 4095
x10 <- 0x0000FFFF


mem[X,0x80020D1C] -> 0x0593
mem[X,0x80020D1E] -> 0x0020
[2936] [M]: 0x80020D1C (0x00200593) addi a1, zero, 2
x11 <- 0x00000002


mem[X,0x80020D20] -> 0x0193
mem[X,0x80020D22] -> 0x0000
[2937] [M]: 0x80020D20 (0x00000193) addi gp, zero, 0
x3 <- 0x00000000


mem[X,0x80020D24] -> 0x006F
mem[X,0x80020D26] -> 0x00C0
[2938] [M]: 0x80020D24 (0x00C0006F) jal zero, 12


mem[X,0x80020D30] -> 0x7063
mem[X,0x80020D32] -> 0x40B5
[2939] [M]: 0x80020D30 (0x40B57063) bgeu a0, a1, 1024


mem[X,0x80021130] -> 0x8193
mem[X,0x80021132] -> 0x0031
[2940] [M]: 0x80021130 (0x00318193) addi gp, gp, 3
x3 <- 0x00000003


mem[X,0x80021134] -> 0x006F
mem[X,0x80021136] -> 0x0040
[2941] [M]: 0x80021134 (0x0040006F) jal zero, 4


mem[X,0x80021138] -> 0x2623
mem[X,0x8002113A] -> 0x4831
[2942] [M]: 0x80021138 (0x48312623) sw gp, 1164(sp)
mem[0x8004B5F0] <- 0x00000003


mem[X,0x8002113C] -> 0x0537
mem[X,0x8002113E] -> 0x0001
[2943] [M]: 0x8002113C (0x00010537) lui a0, 16
x10 <- 0x00010000


mem[X,0x80021140] -> 0x0513
mem[X,0x80021142] -> 0xFFF5
[2944] [M]: 0x80021140 (0xFFF50513) addi a0, a0, 4095
x10 <- 0x0000FFFF


mem[X,0x80021144] -> 0x55B7
mem[X,0x80021146] -> 0x5555
[2945] [M]: 0x80021144 (0x555555B7) lui a1, 349525
x11 <- 0x55555000


mem[X,0x80021148] -> 0x8593
mem[X,0x8002114A] -> 0x5545
[2946] [M]: 0x80021148 (0x55458593) addi a1, a1, 1364
x11 <- 0x55555554


mem[X,0x8002114C] -> 0x0193
mem[X,0x8002114E] -> 0x0000
[2947] [M]: 0x8002114C (0x00000193) addi gp, zero, 0
x3 <- 0x00000000


mem[X,0x80021150] -> 0x006F
mem[X,0x80021152] -> 0x00C0
[2948] [M]: 0x80021150 (0x00C0006F) jal zero, 12


mem[X,0x8002115C] -> 0x7CE3
mem[X,0x8002115E] -> 0xFEB5
[2949] [M]: 0x8002115C (0xFEB57CE3) bgeu a0, a1, 8184


mem[X,0x80021160] -> 0x8193
mem[X,0x80021162] -> 0x0021
[2950] [M]: 0x80021160 (0x00218193) addi gp, gp, 2
x3 <- 0x00000002


mem[X,0x80021164] -> 0x006F
mem[X,0x80021166] -> 0x00C0
[2951] [M]: 0x80021164 (0x00C0006F) jal zero, 12


mem[X,0x80021170] -> 0x2823
mem[X,0x80021172] -> 0x4831
[2952] [M]: 0x80021170 (0x48312823) sw gp, 1168(sp)
mem[0x8004B5F4] <- 0x00000002


mem[X,0x80021174] -> 0x0537
mem[X,0x80021176] -> 0x0001
[2953] [M]: 0x80021174 (0x00010537) lui a0, 16
x10 <- 0x00010000


mem[X,0x80021178] -> 0x0513
mem[X,0x8002117A] -> 0xFFF5
[2954] [M]: 0x80021178 (0xFFF50513) addi a0, a0, 4095
x10 <- 0x0000FFFF


mem[X,0x8002117C] -> 0xB5B7
mem[X,0x8002117E] -> 0xAAAA
[2955] [M]: 0x8002117C (0xAAAAB5B7) lui a1, 699051
x11 <- 0xAAAAB000


mem[X,0x80021180] -> 0x8593
mem[X,0x80021182] -> 0xAA95
[2956] [M]: 0x80021180 (0xAA958593) addi a1, a1, 2729
x11 <- 0xAAAAAAA9


mem[X,0x80021184] -> 0x0193
mem[X,0x80021186] -> 0x0000
[2957] [M]: 0x80021184 (0x00000193) addi gp, zero, 0
x3 <- 0x00000000


mem[X,0x80021188] -> 0x006F
mem[X,0x8002118A] -> 0x00C0
[2958] [M]: 0x80021188 (0x00C0006F) jal zero, 12


mem[X,0x80021194] -> 0x7063
mem[X,0x80021196] -> 0x10B5
[2959] [M]: 0x80021194 (0x10B57063) bgeu a0, a1, 256


mem[X,0x80021198] -> 0x8193
mem[X,0x8002119A] -> 0x0021
[2960] [M]: 0x80021198 (0x00218193) addi gp, gp, 2
x3 <- 0x00000002


mem[X,0x8002119C] -> 0x006F
mem[X,0x8002119E] -> 0x1000
[2961] [M]: 0x8002119C (0x1000006F) jal zero, 256


mem[X,0x8002129C] -> 0x2A23
mem[X,0x8002129E] -> 0x4831
[2962] [M]: 0x8002129C (0x48312A23) sw gp, 1172(sp)
mem[0x8004B5F8] <- 0x00000002


mem[X,0x800212A0] -> 0x0537
mem[X,0x800212A2] -> 0x0001
[2963] [M]: 0x800212A0 (0x00010537) lui a0, 16
x10 <- 0x00010000


mem[X,0x800212A4] -> 0x0513
mem[X,0x800212A6] -> 0xFFF5
[2964] [M]: 0x800212A4 (0xFFF50513) addi a0, a0, 4095
x10 <- 0x0000FFFF


mem[X,0x800212A8] -> 0x0593
mem[X,0x800212AA] -> 0x0040
[2965] [M]: 0x800212A8 (0x00400593) addi a1, zero, 4
x11 <- 0x00000004


mem[X,0x800212AC] -> 0x0193
mem[X,0x800212AE] -> 0x0000
[2966] [M]: 0x800212AC (0x00000193) addi gp, zero, 0
x3 <- 0x00000000


mem[X,0x800212B0] -> 0x006F
mem[X,0x800212B2] -> 0x0050
[2967] [M]: 0x800212B0 (0x0050006F) jal zero, 2052


mem[X,0x80021AB4] -> 0x70E3
mem[X,0x80021AB6] -> 0x80B5
[2968] [M]: 0x80021AB4 (0x80B570E3) bgeu a0, a1, 6144


mem[X,0x800212B4] -> 0x8193
mem[X,0x800212B6] -> 0x0011
[2969] [M]: 0x800212B4 (0x00118193) addi gp, gp, 1
x3 <- 0x00000001


mem[X,0x800212B8] -> 0x006F
mem[X,0x800212BA] -> 0x0110
[2970] [M]: 0x800212B8 (0x0110006F) jal zero, 2064


mem[X,0x80021AC8] -> 0x2C23
mem[X,0x80021ACA] -> 0x4831
[2971] [M]: 0x80021AC8 (0x48312C23) sw gp, 1176(sp)
mem[0x8004B5FC] <- 0x00000001


mem[X,0x80021ACC] -> 0x0537
mem[X,0x80021ACE] -> 0x0001
[2972] [M]: 0x80021ACC (0x00010537) lui a0, 16
x10 <- 0x00010000


mem[X,0x80021AD0] -> 0x0513
mem[X,0x80021AD2] -> 0xFFF5
[2973] [M]: 0x80021AD0 (0xFFF50513) addi a0, a0, 4095
x10 <- 0x0000FFFF


mem[X,0x80021AD4] -> 0x35B7
mem[X,0x80021AD6] -> 0x3333
[2974] [M]: 0x80021AD4 (0x333335B7) lui a1, 209715
x11 <- 0x33333000


mem[X,0x80021AD8] -> 0x8593
mem[X,0x80021ADA] -> 0x3325
[2975] [M]: 0x80021AD8 (0x33258593) addi a1, a1, 818
x11 <- 0x33333332


mem[X,0x80021ADC] -> 0x0193
mem[X,0x80021ADE] -> 0x0000
[2976] [M]: 0x80021ADC (0x00000193) addi gp, zero, 0
x3 <- 0x00000000


mem[X,0x80021AE0] -> 0x006F
mem[X,0x80021AE2] -> 0x2B10
[2977] [M]: 0x80021AE0 (0x2B10006F) jal zero, 2736


mem[X,0x80022590] -> 0x7A63
mem[X,0x80022592] -> 0xD4B5
[2978] [M]: 0x80022590 (0xD4B57A63) bgeu a0, a1, 5460


mem[X,0x80022594] -> 0x8193
mem[X,0x80022596] -> 0x0021
[2979] [M]: 0x80022594 (0x00218193) addi gp, gp, 2
x3 <- 0x00000002


mem[X,0x80022598] -> 0x006F
mem[X,0x8002259A] -> 0x00C0
[2980] [M]: 0x80022598 (0x00C0006F) jal zero, 12


mem[X,0x800225A4] -> 0x2E23
mem[X,0x800225A6] -> 0x4831
[2981] [M]: 0x800225A4 (0x48312E23) sw gp, 1180(sp)
mem[0x8004B600] <- 0x00000002


mem[X,0x800225A8] -> 0x0537
mem[X,0x800225AA] -> 0x0001
[2982] [M]: 0x800225A8 (0x00010537) lui a0, 16
x10 <- 0x00010000


mem[X,0x800225AC] -> 0x0513
mem[X,0x800225AE] -> 0xFFF5
[2983] [M]: 0x800225AC (0xFFF50513) addi a0, a0, 4095
x10 <- 0x0000FFFF


mem[X,0x800225B0] -> 0x65B7
mem[X,0x800225B2] -> 0x6666
[2984] [M]: 0x800225B0 (0x666665B7) lui a1, 419430
x11 <- 0x66666000


mem[X,0x800225B4] -> 0x8593
mem[X,0x800225B6] -> 0x6655
[2985] [M]: 0x800225B4 (0x66558593) addi a1, a1, 1637
x11 <- 0x66666665


mem[X,0x800225B8] -> 0x0193
mem[X,0x800225BA] -> 0x0000
[2986] [M]: 0x800225B8 (0x00000193) addi gp, zero, 0
x3 <- 0x00000000


mem[X,0x800225BC] -> 0x006F
mem[X,0x800225BE] -> 0x00C0
[2987] [M]: 0x800225BC (0x00C0006F) jal zero, 12


mem[X,0x800225C8] -> 0x7CE3
mem[X,0x800225CA] -> 0xFEB5
[2988] [M]: 0x800225C8 (0xFEB57CE3) bgeu a0, a1, 8184


mem[X,0x800225CC] -> 0x8193
mem[X,0x800225CE] -> 0x0021
[2989] [M]: 0x800225CC (0x00218193) addi gp, gp, 2
x3 <- 0x00000002


mem[X,0x800225D0] -> 0x006F
mem[X,0x800225D2] -> 0x00C0
[2990] [M]: 0x800225D0 (0x00C0006F) jal zero, 12


mem[X,0x800225DC] -> 0x2023
mem[X,0x800225DE] -> 0x4A31
[2991] [M]: 0x800225DC (0x4A312023) sw gp, 1184(sp)
mem[0x8004B604] <- 0x00000002


mem[X,0x800225E0] -> 0x0537
mem[X,0x800225E2] -> 0x0001
[2992] [M]: 0x800225E0 (0x00010537) lui a0, 16
x10 <- 0x00010000


mem[X,0x800225E4] -> 0x0513
mem[X,0x800225E6] -> 0xFFF5
[2993] [M]: 0x800225E4 (0xFFF50513) addi a0, a0, 4095
x10 <- 0x0000FFFF


mem[X,0x800225E8] -> 0xB5B7
mem[X,0x800225EA] -> 0x0000
[2994] [M]: 0x800225E8 (0x0000B5B7) lui a1, 11
x11 <- 0x0000B000


mem[X,0x800225EC] -> 0x8593
mem[X,0x800225EE] -> 0x5035
[2995] [M]: 0x800225EC (0x50358593) addi a1, a1, 1283
x11 <- 0x0000B503


mem[X,0x800225F0] -> 0x0193
mem[X,0x800225F2] -> 0x0000
[2996] [M]: 0x800225F0 (0x00000193) addi gp, zero, 0
x3 <- 0x00000000


mem[X,0x800225F4] -> 0x006F
mem[X,0x800225F6] -> 0x2B10
[2997] [M]: 0x800225F4 (0x2B10006F) jal zero, 2736


mem[X,0x800230A4] -> 0x7A63
mem[X,0x800230A6] -> 0xD4B5
[2998] [M]: 0x800230A4 (0xD4B57A63) bgeu a0, a1, 5460


mem[X,0x800225F8] -> 0x8193
mem[X,0x800225FA] -> 0x0011
[2999] [M]: 0x800225F8 (0x00118193) addi gp, gp, 1
x3 <- 0x00000001


clint::tick mtime <- 0x000000000000001E
 clint timer pending at mtime 0x000000000000001E
htif::tick 0x0000000000000000
mem[X,0x800225FC] -> 0x006F
mem[X,0x800225FE] -> 0x2BD0
[3000] [M]: 0x800225FC (0x2BD0006F) jal zero, 2748


mem[X,0x800230B8] -> 0x2223
mem[X,0x800230BA] -> 0x4A31
[3001] [M]: 0x800230B8 (0x4A312223) sw gp, 1188(sp)
mem[0x8004B608] <- 0x00000001


mem[X,0x800230BC] -> 0x0537
mem[X,0x800230BE] -> 0x0001
[3002] [M]: 0x800230BC (0x00010537) lui a0, 16
x10 <- 0x00010000


mem[X,0x800230C0] -> 0x0513
mem[X,0x800230C2] -> 0xFFF5
[3003] [M]: 0x800230C0 (0xFFF50513) addi a0, a0, 4095
x10 <- 0x0000FFFF


mem[X,0x800230C4] -> 0x05B7
mem[X,0x800230C6] -> 0x0001
[3004] [M]: 0x800230C4 (0x000105B7) lui a1, 16
x11 <- 0x00010000


mem[X,0x800230C8] -> 0x8593
mem[X,0x800230CA] -> 0xFFE5
[3005] [M]: 0x800230C8 (0xFFE58593) addi a1, a1, 4094
x11 <- 0x0000FFFE


mem[X,0x800230CC] -> 0x0193
mem[X,0x800230CE] -> 0x0000
[3006] [M]: 0x800230CC (0x00000193) addi gp, zero, 0
x3 <- 0x00000000


mem[X,0x800230D0] -> 0x006F
mem[X,0x800230D2] -> 0x00C0
[3007] [M]: 0x800230D0 (0x00C0006F) jal zero, 12


mem[X,0x800230DC] -> 0x7063
mem[X,0x800230DE] -> 0x08B5
[3008] [M]: 0x800230DC (0x08B57063) bgeu a0, a1, 128


mem[X,0x8002315C] -> 0x8193
mem[X,0x8002315E] -> 0x0031
[3009] [M]: 0x8002315C (0x00318193) addi gp, gp, 3
x3 <- 0x00000003


mem[X,0x80023160] -> 0x006F
mem[X,0x80023162] -> 0x0040
[3010] [M]: 0x80023160 (0x0040006F) jal zero, 4


mem[X,0x80023164] -> 0x2423
mem[X,0x80023166] -> 0x4A31
[3011] [M]: 0x80023164 (0x4A312423) sw gp, 1192(sp)
mem[0x8004B60C] <- 0x00000003


mem[X,0x80023168] -> 0x0537
mem[X,0x8002316A] -> 0x0001
[3012] [M]: 0x80023168 (0x00010537) lui a0, 16
x10 <- 0x00010000


mem[X,0x8002316C] -> 0x0513
mem[X,0x8002316E] -> 0xFFF5
[3013] [M]: 0x8002316C (0xFFF50513) addi a0, a0, 4095
x10 <- 0x0000FFFF


mem[X,0x80023170] -> 0x55B7
mem[X,0x80023172] -> 0x5555
[3014] [M]: 0x80023170 (0x555555B7) lui a1, 349525
x11 <- 0x55555000


mem[X,0x80023174] -> 0x8593
mem[X,0x80023176] -> 0x5565
[3015] [M]: 0x80023174 (0x55658593) addi a1, a1, 1366
x11 <- 0x55555556


mem[X,0x80023178] -> 0x0193
mem[X,0x8002317A] -> 0x0000
[3016] [M]: 0x80023178 (0x00000193) addi gp, zero, 0
x3 <- 0x00000000


mem[X,0x8002317C] -> 0x006F
mem[X,0x8002317E] -> 0x00C0
[3017] [M]: 0x8002317C (0x00C0006F) jal zero, 12


mem[X,0x80023188] -> 0x7063
mem[X,0x8002318A] -> 0x20B5
[3018] [M]: 0x80023188 (0x20B57063) bgeu a0, a1, 512


mem[X,0x8002318C] -> 0x8193
mem[X,0x8002318E] -> 0x0021
[3019] [M]: 0x8002318C (0x00218193) addi gp, gp, 2
x3 <- 0x00000002


mem[X,0x80023190] -> 0x006F
mem[X,0x80023192] -> 0x2000
[3020] [M]: 0x80023190 (0x2000006F) jal zero, 512


mem[X,0x80023390] -> 0x2623
mem[X,0x80023392] -> 0x4A31
[3021] [M]: 0x80023390 (0x4A312623) sw gp, 1196(sp)
mem[0x8004B610] <- 0x00000002


mem[X,0x80023394] -> 0x0537
mem[X,0x80023396] -> 0x0001
[3022] [M]: 0x80023394 (0x00010537) lui a0, 16
x10 <- 0x00010000


mem[X,0x80023398] -> 0x0513
mem[X,0x8002339A] -> 0xFFF5
[3023] [M]: 0x80023398 (0xFFF50513) addi a0, a0, 4095
x10 <- 0x0000FFFF


mem[X,0x8002339C] -> 0xB5B7
mem[X,0x8002339E] -> 0xAAAA
[3024] [M]: 0x8002339C (0xAAAAB5B7) lui a1, 699051
x11 <- 0xAAAAB000


mem[X,0x800233A0] -> 0x8593
mem[X,0x800233A2] -> 0xAAB5
[3025] [M]: 0x800233A0 (0xAAB58593) addi a1, a1, 2731
x11 <- 0xAAAAAAAB


mem[X,0x800233A4] -> 0x0193
mem[X,0x800233A6] -> 0x0000
[3026] [M]: 0x800233A4 (0x00000193) addi gp, zero, 0
x3 <- 0x00000000


mem[X,0x800233A8] -> 0x006F
mem[X,0x800233AA] -> 0x00C0
[3027] [M]: 0x800233A8 (0x00C0006F) jal zero, 12


mem[X,0x800233B4] -> 0x7CE3
mem[X,0x800233B6] -> 0xFEB5
[3028] [M]: 0x800233B4 (0xFEB57CE3) bgeu a0, a1, 8184


mem[X,0x800233B8] -> 0x8193
mem[X,0x800233BA] -> 0x0021
[3029] [M]: 0x800233B8 (0x00218193) addi gp, gp, 2
x3 <- 0x00000002


mem[X,0x800233BC] -> 0x006F
mem[X,0x800233BE] -> 0x00C0
[3030] [M]: 0x800233BC (0x00C0006F) jal zero, 12


mem[X,0x800233C8] -> 0x2823
mem[X,0x800233CA] -> 0x4A31
[3031] [M]: 0x800233C8 (0x4A312823) sw gp, 1200(sp)
mem[0x8004B614] <- 0x00000002


mem[X,0x800233CC] -> 0x0537
mem[X,0x800233CE] -> 0x0001
[3032] [M]: 0x800233CC (0x00010537) lui a0, 16
x10 <- 0x00010000


mem[X,0x800233D0] -> 0x0513
mem[X,0x800233D2] -> 0xFFF5
[3033] [M]: 0x800233D0 (0xFFF50513) addi a0, a0, 4095
x10 <- 0x0000FFFF


mem[X,0x800233D4] -> 0x0593
mem[X,0x800233D6] -> 0x0060
[3034] [M]: 0x800233D4 (0x00600593) addi a1, zero, 6
x11 <- 0x00000006


mem[X,0x800233D8] -> 0x0193
mem[X,0x800233DA] -> 0x0000
[3035] [M]: 0x800233D8 (0x00000193) addi gp, zero, 0
x3 <- 0x00000000


mem[X,0x800233DC] -> 0x006F
mem[X,0x800233DE] -> 0x00C0
[3036] [M]: 0x800233DC (0x00C0006F) jal zero, 12


mem[X,0x800233E8] -> 0x7063
mem[X,0x800233EA] -> 0x20B5
[3037] [M]: 0x800233E8 (0x20B57063) bgeu a0, a1, 512


mem[X,0x800235E8] -> 0x8193
mem[X,0x800235EA] -> 0x0031
[3038] [M]: 0x800235E8 (0x00318193) addi gp, gp, 3
x3 <- 0x00000003


mem[X,0x800235EC] -> 0x006F
mem[X,0x800235EE] -> 0x0040
[3039] [M]: 0x800235EC (0x0040006F) jal zero, 4


mem[X,0x800235F0] -> 0x2A23
mem[X,0x800235F2] -> 0x4A31
[3040] [M]: 0x800235F0 (0x4A312A23) sw gp, 1204(sp)
mem[0x8004B618] <- 0x00000003


mem[X,0x800235F4] -> 0x0537
mem[X,0x800235F6] -> 0x0001
[3041] [M]: 0x800235F4 (0x00010537) lui a0, 16
x10 <- 0x00010000


mem[X,0x800235F8] -> 0x0513
mem[X,0x800235FA] -> 0xFFF5
[3042] [M]: 0x800235F8 (0xFFF50513) addi a0, a0, 4095
x10 <- 0x0000FFFF


mem[X,0x800235FC] -> 0x35B7
mem[X,0x800235FE] -> 0x3333
[3043] [M]: 0x800235FC (0x333335B7) lui a1, 209715
x11 <- 0x33333000


mem[X,0x80023600] -> 0x8593
mem[X,0x80023602] -> 0x3345
[3044] [M]: 0x80023600 (0x33458593) addi a1, a1, 820
x11 <- 0x33333334


mem[X,0x80023604] -> 0x0193
mem[X,0x80023606] -> 0x0000
[3045] [M]: 0x80023604 (0x00000193) addi gp, zero, 0
x3 <- 0x00000000


mem[X,0x80023608] -> 0x006F
mem[X,0x8002360A] -> 0x00C0
[3046] [M]: 0x80023608 (0x00C0006F) jal zero, 12


mem[X,0x80023614] -> 0x7663
mem[X,0x80023616] -> 0x00B5
[3047] [M]: 0x80023614 (0x00B57663) bgeu a0, a1, 12


mem[X,0x80023618] -> 0x8193
mem[X,0x8002361A] -> 0x0021
[3048] [M]: 0x80023618 (0x00218193) addi gp, gp, 2
x3 <- 0x00000002


mem[X,0x8002361C] -> 0x006F
mem[X,0x8002361E] -> 0x00C0
[3049] [M]: 0x8002361C (0x00C0006F) jal zero, 12


mem[X,0x80023628] -> 0x2C23
mem[X,0x8002362A] -> 0x4A31
[3050] [M]: 0x80023628 (0x4A312C23) sw gp, 1208(sp)
mem[0x8004B61C] <- 0x00000002


mem[X,0x8002362C] -> 0x0537
mem[X,0x8002362E] -> 0x0001
[3051] [M]: 0x8002362C (0x00010537) lui a0, 16
x10 <- 0x00010000


mem[X,0x80023630] -> 0x0513
mem[X,0x80023632] -> 0xFFF5
[3052] [M]: 0x80023630 (0xFFF50513) addi a0, a0, 4095
x10 <- 0x0000FFFF


mem[X,0x80023634] -> 0x65B7
mem[X,0x80023636] -> 0x6666
[3053] [M]: 0x80023634 (0x666665B7) lui a1, 419430
x11 <- 0x66666000


mem[X,0x80023638] -> 0x8593
mem[X,0x8002363A] -> 0x6675
[3054] [M]: 0x80023638 (0x66758593) addi a1, a1, 1639
x11 <- 0x66666667


mem[X,0x8002363C] -> 0x0193
mem[X,0x8002363E] -> 0x0000
[3055] [M]: 0x8002363C (0x00000193) addi gp, zero, 0
x3 <- 0x00000000


mem[X,0x80023640] -> 0x006F
mem[X,0x80023642] -> 0x00C0
[3056] [M]: 0x80023640 (0x00C0006F) jal zero, 12


mem[X,0x8002364C] -> 0x7663
mem[X,0x8002364E] -> 0x00B5
[3057] [M]: 0x8002364C (0x00B57663) bgeu a0, a1, 12


mem[X,0x80023650] -> 0x8193
mem[X,0x80023652] -> 0x0021
[3058] [M]: 0x80023650 (0x00218193) addi gp, gp, 2
x3 <- 0x00000002


mem[X,0x80023654] -> 0x006F
mem[X,0x80023656] -> 0x00C0
[3059] [M]: 0x80023654 (0x00C0006F) jal zero, 12


mem[X,0x80023660] -> 0x2E23
mem[X,0x80023662] -> 0x4A31
[3060] [M]: 0x80023660 (0x4A312E23) sw gp, 1212(sp)
mem[0x8004B620] <- 0x00000002


mem[X,0x80023664] -> 0x0537
mem[X,0x80023666] -> 0x0001
[3061] [M]: 0x80023664 (0x00010537) lui a0, 16
x10 <- 0x00010000


mem[X,0x80023668] -> 0x0513
mem[X,0x8002366A] -> 0xFFF5
[3062] [M]: 0x80023668 (0xFFF50513) addi a0, a0, 4095
x10 <- 0x0000FFFF


mem[X,0x8002366C] -> 0xB5B7
mem[X,0x8002366E] -> 0x0000
[3063] [M]: 0x8002366C (0x0000B5B7) lui a1, 11
x11 <- 0x0000B000


mem[X,0x80023670] -> 0x8593
mem[X,0x80023672] -> 0x5055
[3064] [M]: 0x80023670 (0x50558593) addi a1, a1, 1285
x11 <- 0x0000B505


mem[X,0x80023674] -> 0x0193
mem[X,0x80023676] -> 0x0000
[3065] [M]: 0x80023674 (0x00000193) addi gp, zero, 0
x3 <- 0x00000000


mem[X,0x80023678] -> 0x006F
mem[X,0x8002367A] -> 0x0140
[3066] [M]: 0x80023678 (0x0140006F) jal zero, 20


mem[X,0x8002368C] -> 0x78E3
mem[X,0x8002368E] -> 0xFEB5
[3067] [M]: 0x8002368C (0xFEB578E3) bgeu a0, a1, 8176


mem[X,0x8002367C] -> 0x8193
mem[X,0x8002367E] -> 0x0011
[3068] [M]: 0x8002367C (0x00118193) addi gp, gp, 1
x3 <- 0x00000001


mem[X,0x80023680] -> 0x006F
mem[X,0x80023682] -> 0x0200
[3069] [M]: 0x80023680 (0x0200006F) jal zero, 32


mem[X,0x800236A0] -> 0x2023
mem[X,0x800236A2] -> 0x4C31
[3070] [M]: 0x800236A0 (0x4C312023) sw gp, 1216(sp)
mem[0x8004B624] <- 0x00000001


mem[X,0x800236A4] -> 0x0537
mem[X,0x800236A6] -> 0x0001
[3071] [M]: 0x800236A4 (0x00010537) lui a0, 16
x10 <- 0x00010000


mem[X,0x800236A8] -> 0x0513
mem[X,0x800236AA] -> 0xFFF5
[3072] [M]: 0x800236A8 (0xFFF50513) addi a0, a0, 4095
x10 <- 0x0000FFFF


mem[X,0x800236AC] -> 0x0593
mem[X,0x800236AE] -> 0x0010
[3073] [M]: 0x800236AC (0x00100593) addi a1, zero, 1
x11 <- 0x00000001


mem[X,0x800236B0] -> 0x0193
mem[X,0x800236B2] -> 0x0000
[3074] [M]: 0x800236B0 (0x00000193) addi gp, zero, 0
x3 <- 0x00000000


mem[X,0x800236B4] -> 0x006F
mem[X,0x800236B6] -> 0x0140
[3075] [M]: 0x800236B4 (0x0140006F) jal zero, 20


mem[X,0x800236C8] -> 0x78E3
mem[X,0x800236CA] -> 0xFEB5
[3076] [M]: 0x800236C8 (0xFEB578E3) bgeu a0, a1, 8176


mem[X,0x800236B8] -> 0x8193
mem[X,0x800236BA] -> 0x0011
[3077] [M]: 0x800236B8 (0x00118193) addi gp, gp, 1
x3 <- 0x00000001


mem[X,0x800236BC] -> 0x006F
mem[X,0x800236BE] -> 0x0200
[3078] [M]: 0x800236BC (0x0200006F) jal zero, 32


mem[X,0x800236DC] -> 0x2223
mem[X,0x800236DE] -> 0x4C31
[3079] [M]: 0x800236DC (0x4C312223) sw gp, 1220(sp)
mem[0x8004B628] <- 0x00000001


mem[X,0x800236E0] -> 0x0537
mem[X,0x800236E2] -> 0x0001
[3080] [M]: 0x800236E0 (0x00010537) lui a0, 16
x10 <- 0x00010000


mem[X,0x800236E4] -> 0x0513
mem[X,0x800236E6] -> 0xFFF5
[3081] [M]: 0x800236E4 (0xFFF50513) addi a0, a0, 4095
x10 <- 0x0000FFFF


mem[X,0x800236E8] -> 0x05B7
mem[X,0x800236EA] -> 0x0001
[3082] [M]: 0x800236E8 (0x000105B7) lui a1, 16
x11 <- 0x00010000


mem[X,0x800236EC] -> 0x0193
mem[X,0x800236EE] -> 0x0000
[3083] [M]: 0x800236EC (0x00000193) addi gp, zero, 0
x3 <- 0x00000000


mem[X,0x800236F0] -> 0x006F
mem[X,0x800236F2] -> 0x00C0
[3084] [M]: 0x800236F0 (0x00C0006F) jal zero, 12


mem[X,0x800236FC] -> 0x7663
mem[X,0x800236FE] -> 0x00B5
[3085] [M]: 0x800236FC (0x00B57663) bgeu a0, a1, 12


mem[X,0x80023700] -> 0x8193
mem[X,0x80023702] -> 0x0021
[3086] [M]: 0x80023700 (0x00218193) addi gp, gp, 2
x3 <- 0x00000002


mem[X,0x80023704] -> 0x006F
mem[X,0x80023706] -> 0x00C0
[3087] [M]: 0x80023704 (0x00C0006F) jal zero, 12


mem[X,0x80023710] -> 0x2423
mem[X,0x80023712] -> 0x4C31
[3088] [M]: 0x80023710 (0x4C312423) sw gp, 1224(sp)
mem[0x8004B62C] <- 0x00000002


mem[X,0x80023714] -> 0x0513
mem[X,0x80023716] -> 0x0020
[3089] [M]: 0x80023714 (0x00200513) addi a0, zero, 2
x10 <- 0x00000002


mem[X,0x80023718] -> 0x0593
mem[X,0x8002371A] -> 0x0030
[3090] [M]: 0x80023718 (0x00300593) addi a1, zero, 3
x11 <- 0x00000003


mem[X,0x8002371C] -> 0x0193
mem[X,0x8002371E] -> 0x0000
[3091] [M]: 0x8002371C (0x00000193) addi gp, zero, 0
x3 <- 0x00000000


mem[X,0x80023720] -> 0x006F
mem[X,0x80023722] -> 0x00C0
[3092] [M]: 0x80023720 (0x00C0006F) jal zero, 12


mem[X,0x8002372C] -> 0x7663
mem[X,0x8002372E] -> 0x00B5
[3093] [M]: 0x8002372C (0x00B57663) bgeu a0, a1, 12


mem[X,0x80023730] -> 0x8193
mem[X,0x80023732] -> 0x0021
[3094] [M]: 0x80023730 (0x00218193) addi gp, gp, 2
x3 <- 0x00000002


mem[X,0x80023734] -> 0x006F
mem[X,0x80023736] -> 0x00C0
[3095] [M]: 0x80023734 (0x00C0006F) jal zero, 12


mem[X,0x80023740] -> 0x2623
mem[X,0x80023742] -> 0x4C31
[3096] [M]: 0x80023740 (0x4C312623) sw gp, 1228(sp)
mem[0x8004B630] <- 0x00000002


mem[X,0x80023744] -> 0x0513
mem[X,0x80023746] -> 0x0020
[3097] [M]: 0x80023744 (0x00200513) addi a0, zero, 2
x10 <- 0x00000002


mem[X,0x80023748] -> 0x55B7
mem[X,0x8002374A] -> 0x5555
[3098] [M]: 0x80023748 (0x555555B7) lui a1, 349525
x11 <- 0x55555000


mem[X,0x8002374C] -> 0x8593
mem[X,0x8002374E] -> 0x5555
[3099] [M]: 0x8002374C (0x55558593) addi a1, a1, 1365
x11 <- 0x55555555


clint::tick mtime <- 0x000000000000001F
 clint timer pending at mtime 0x000000000000001F
htif::tick 0x0000000000000000
mem[X,0x80023750] -> 0x0193
mem[X,0x80023752] -> 0x0000
[3100] [M]: 0x80023750 (0x00000193) addi gp, zero, 0
x3 <- 0x00000000


mem[X,0x80023754] -> 0x006F
mem[X,0x80023756] -> 0x0140
[3101] [M]: 0x80023754 (0x0140006F) jal zero, 20


mem[X,0x80023768] -> 0x78E3
mem[X,0x8002376A] -> 0xFEB5
[3102] [M]: 0x80023768 (0xFEB578E3) bgeu a0, a1, 8176


mem[X,0x8002376C] -> 0x8193
mem[X,0x8002376E] -> 0x0021
[3103] [M]: 0x8002376C (0x00218193) addi gp, gp, 2
x3 <- 0x00000002


mem[X,0x80023770] -> 0x006F
mem[X,0x80023772] -> 0x00C0
[3104] [M]: 0x80023770 (0x00C0006F) jal zero, 12


mem[X,0x8002377C] -> 0x2823
mem[X,0x8002377E] -> 0x4C31
[3105] [M]: 0x8002377C (0x4C312823) sw gp, 1232(sp)
mem[0x8004B634] <- 0x00000002


mem[X,0x80023780] -> 0x0513
mem[X,0x80023782] -> 0x0020
[3106] [M]: 0x80023780 (0x00200513) addi a0, zero, 2
x10 <- 0x00000002


mem[X,0x80023784] -> 0xB5B7
mem[X,0x80023786] -> 0xAAAA
[3107] [M]: 0x80023784 (0xAAAAB5B7) lui a1, 699051
x11 <- 0xAAAAB000


mem[X,0x80023788] -> 0x8593
mem[X,0x8002378A] -> 0xAAA5
[3108] [M]: 0x80023788 (0xAAA58593) addi a1, a1, 2730
x11 <- 0xAAAAAAAA


mem[X,0x8002378C] -> 0x0193
mem[X,0x8002378E] -> 0x0000
[3109] [M]: 0x8002378C (0x00000193) addi gp, zero, 0
x3 <- 0x00000000


mem[X,0x80023790] -> 0x006F
mem[X,0x80023792] -> 0x0050
[3110] [M]: 0x80023790 (0x0050006F) jal zero, 2052


mem[X,0x80023F94] -> 0x70E3
mem[X,0x80023F96] -> 0x80B5
[3111] [M]: 0x80023F94 (0x80B570E3) bgeu a0, a1, 6144


mem[X,0x80023F98] -> 0x8193
mem[X,0x80023F9A] -> 0x0021
[3112] [M]: 0x80023F98 (0x00218193) addi gp, gp, 2
x3 <- 0x00000002


mem[X,0x80023F9C] -> 0x006F
mem[X,0x80023F9E] -> 0x00C0
[3113] [M]: 0x80023F9C (0x00C0006F) jal zero, 12


mem[X,0x80023FA8] -> 0x2A23
mem[X,0x80023FAA] -> 0x4C31
[3114] [M]: 0x80023FA8 (0x4C312A23) sw gp, 1236(sp)
mem[0x8004B638] <- 0x00000002


mem[X,0x80023FAC] -> 0x0513
mem[X,0x80023FAE] -> 0x0020
[3115] [M]: 0x80023FAC (0x00200513) addi a0, zero, 2
x10 <- 0x00000002


mem[X,0x80023FB0] -> 0x0593
mem[X,0x80023FB2] -> 0x0050
[3116] [M]: 0x80023FB0 (0x00500593) addi a1, zero, 5
x11 <- 0x00000005


mem[X,0x80023FB4] -> 0x0193
mem[X,0x80023FB6] -> 0x0000
[3117] [M]: 0x80023FB4 (0x00000193) addi gp, zero, 0
x3 <- 0x00000000


mem[X,0x80023FB8] -> 0x006F
mem[X,0x80023FBA] -> 0x00C0
[3118] [M]: 0x80023FB8 (0x00C0006F) jal zero, 12


mem[X,0x80023FC4] -> 0x7863
mem[X,0x80023FC6] -> 0x00B5
[3119] [M]: 0x80023FC4 (0x00B57863) bgeu a0, a1, 16


mem[X,0x80023FC8] -> 0x8193
mem[X,0x80023FCA] -> 0x0021
[3120] [M]: 0x80023FC8 (0x00218193) addi gp, gp, 2
x3 <- 0x00000002


mem[X,0x80023FCC] -> 0x006F
mem[X,0x80023FCE] -> 0x0100
[3121] [M]: 0x80023FCC (0x0100006F) jal zero, 16


mem[X,0x80023FDC] -> 0x2C23
mem[X,0x80023FDE] -> 0x4C31
[3122] [M]: 0x80023FDC (0x4C312C23) sw gp, 1240(sp)
mem[0x8004B63C] <- 0x00000002


mem[X,0x80023FE0] -> 0x0513
mem[X,0x80023FE2] -> 0x0020
[3123] [M]: 0x80023FE0 (0x00200513) addi a0, zero, 2
x10 <- 0x00000002


mem[X,0x80023FE4] -> 0x35B7
mem[X,0x80023FE6] -> 0x3333
[3124] [M]: 0x80023FE4 (0x333335B7) lui a1, 209715
x11 <- 0x33333000


mem[X,0x80023FE8] -> 0x8593
mem[X,0x80023FEA] -> 0x3335
[3125] [M]: 0x80023FE8 (0x33358593) addi a1, a1, 819
x11 <- 0x33333333


mem[X,0x80023FEC] -> 0x0193
mem[X,0x80023FEE] -> 0x0000
[3126] [M]: 0x80023FEC (0x00000193) addi gp, zero, 0
x3 <- 0x00000000


mem[X,0x80023FF0] -> 0x006F
mem[X,0x80023FF2] -> 0x2B10
[3127] [M]: 0x80023FF0 (0x2B10006F) jal zero, 2736


mem[X,0x80024AA0] -> 0x7A63
mem[X,0x80024AA2] -> 0xD4B5
[3128] [M]: 0x80024AA0 (0xD4B57A63) bgeu a0, a1, 5460


mem[X,0x80024AA4] -> 0x8193
mem[X,0x80024AA6] -> 0x0021
[3129] [M]: 0x80024AA4 (0x00218193) addi gp, gp, 2
x3 <- 0x00000002


mem[X,0x80024AA8] -> 0x006F
mem[X,0x80024AAA] -> 0x00C0
[3130] [M]: 0x80024AA8 (0x00C0006F) jal zero, 12


mem[X,0x80024AB4] -> 0x2E23
mem[X,0x80024AB6] -> 0x4C31
[3131] [M]: 0x80024AB4 (0x4C312E23) sw gp, 1244(sp)
mem[0x8004B640] <- 0x00000002


mem[X,0x80024AB8] -> 0x0513
mem[X,0x80024ABA] -> 0x0020
[3132] [M]: 0x80024AB8 (0x00200513) addi a0, zero, 2
x10 <- 0x00000002


mem[X,0x80024ABC] -> 0x65B7
mem[X,0x80024ABE] -> 0x6666
[3133] [M]: 0x80024ABC (0x666665B7) lui a1, 419430
x11 <- 0x66666000


mem[X,0x80024AC0] -> 0x8593
mem[X,0x80024AC2] -> 0x6665
[3134] [M]: 0x80024AC0 (0x66658593) addi a1, a1, 1638
x11 <- 0x66666666


mem[X,0x80024AC4] -> 0x0193
mem[X,0x80024AC6] -> 0x0000
[3135] [M]: 0x80024AC4 (0x00000193) addi gp, zero, 0
x3 <- 0x00000000


mem[X,0x80024AC8] -> 0x006F
mem[X,0x80024ACA] -> 0x0140
[3136] [M]: 0x80024AC8 (0x0140006F) jal zero, 20


mem[X,0x80024ADC] -> 0x78E3
mem[X,0x80024ADE] -> 0xFEB5
[3137] [M]: 0x80024ADC (0xFEB578E3) bgeu a0, a1, 8176


mem[X,0x80024AE0] -> 0x8193
mem[X,0x80024AE2] -> 0x0021
[3138] [M]: 0x80024AE0 (0x00218193) addi gp, gp, 2
x3 <- 0x00000002


mem[X,0x80024AE4] -> 0x006F
mem[X,0x80024AE6] -> 0x00C0
[3139] [M]: 0x80024AE4 (0x00C0006F) jal zero, 12


mem[X,0x80024AF0] -> 0x2023
mem[X,0x80024AF2] -> 0x4E31
[3140] [M]: 0x80024AF0 (0x4E312023) sw gp, 1248(sp)
mem[0x8004B644] <- 0x00000002


mem[X,0x80024AF4] -> 0x0513
mem[X,0x80024AF6] -> 0x0020
[3141] [M]: 0x80024AF4 (0x00200513) addi a0, zero, 2
x10 <- 0x00000002


mem[X,0x80024AF8] -> 0xB5B7
mem[X,0x80024AFA] -> 0x0000
[3142] [M]: 0x80024AF8 (0x0000B5B7) lui a1, 11
x11 <- 0x0000B000


mem[X,0x80024AFC] -> 0x8593
mem[X,0x80024AFE] -> 0x5045
[3143] [M]: 0x80024AFC (0x50458593) addi a1, a1, 1284
x11 <- 0x0000B504


mem[X,0x80024B00] -> 0x0193
mem[X,0x80024B02] -> 0x0000
[3144] [M]: 0x80024B00 (0x00000193) addi gp, zero, 0
x3 <- 0x00000000


mem[X,0x80024B04] -> 0x006F
mem[X,0x80024B06] -> 0x0050
[3145] [M]: 0x80024B04 (0x0050006F) jal zero, 2052


mem[X,0x80025308] -> 0x70E3
mem[X,0x8002530A] -> 0x80B5
[3146] [M]: 0x80025308 (0x80B570E3) bgeu a0, a1, 6144


mem[X,0x8002530C] -> 0x8193
mem[X,0x8002530E] -> 0x0021
[3147] [M]: 0x8002530C (0x00218193) addi gp, gp, 2
x3 <- 0x00000002


mem[X,0x80025310] -> 0x006F
mem[X,0x80025312] -> 0x00C0
[3148] [M]: 0x80025310 (0x00C0006F) jal zero, 12


mem[X,0x8002531C] -> 0x2223
mem[X,0x8002531E] -> 0x4E31
[3149] [M]: 0x8002531C (0x4E312223) sw gp, 1252(sp)
mem[0x8004B648] <- 0x00000002


mem[X,0x80025320] -> 0x0513
mem[X,0x80025322] -> 0x0020
[3150] [M]: 0x80025320 (0x00200513) addi a0, zero, 2
x10 <- 0x00000002


mem[X,0x80025324] -> 0x0593
mem[X,0x80025326] -> 0x0000
[3151] [M]: 0x80025324 (0x00000593) addi a1, zero, 0
x11 <- 0x00000000


mem[X,0x80025328] -> 0x0193
mem[X,0x8002532A] -> 0x0000
[3152] [M]: 0x80025328 (0x00000193) addi gp, zero, 0
x3 <- 0x00000000


mem[X,0x8002532C] -> 0x006F
mem[X,0x8002532E] -> 0x00C0
[3153] [M]: 0x8002532C (0x00C0006F) jal zero, 12


mem[X,0x80025338] -> 0x7663
mem[X,0x8002533A] -> 0x00B5
[3154] [M]: 0x80025338 (0x00B57663) bgeu a0, a1, 12


mem[X,0x80025344] -> 0x8193
mem[X,0x80025346] -> 0x0031
[3155] [M]: 0x80025344 (0x00318193) addi gp, gp, 3
x3 <- 0x00000003


mem[X,0x80025348] -> 0x006F
mem[X,0x8002534A] -> 0x0040
[3156] [M]: 0x80025348 (0x0040006F) jal zero, 4


mem[X,0x8002534C] -> 0x2423
mem[X,0x8002534E] -> 0x4E31
[3157] [M]: 0x8002534C (0x4E312423) sw gp, 1256(sp)
mem[0x8004B64C] <- 0x00000003


mem[X,0x80025350] -> 0x0513
mem[X,0x80025352] -> 0x0020
[3158] [M]: 0x80025350 (0x00200513) addi a0, zero, 2
x10 <- 0x00000002


mem[X,0x80025354] -> 0x05B7
mem[X,0x80025356] -> 0x0001
[3159] [M]: 0x80025354 (0x000105B7) lui a1, 16
x11 <- 0x00010000


mem[X,0x80025358] -> 0x8593
mem[X,0x8002535A] -> 0xFFF5
[3160] [M]: 0x80025358 (0xFFF58593) addi a1, a1, 4095
x11 <- 0x0000FFFF


mem[X,0x8002535C] -> 0x0193
mem[X,0x8002535E] -> 0x0000
[3161] [M]: 0x8002535C (0x00000193) addi gp, zero, 0
x3 <- 0x00000000


mem[X,0x80025360] -> 0x006F
mem[X,0x80025362] -> 0x00C0
[3162] [M]: 0x80025360 (0x00C0006F) jal zero, 12


mem[X,0x8002536C] -> 0x7663
mem[X,0x8002536E] -> 0x00B5
[3163] [M]: 0x8002536C (0x00B57663) bgeu a0, a1, 12


mem[X,0x80025370] -> 0x8193
mem[X,0x80025372] -> 0x0021
[3164] [M]: 0x80025370 (0x00218193) addi gp, gp, 2
x3 <- 0x00000002


mem[X,0x80025374] -> 0x006F
mem[X,0x80025376] -> 0x00C0
[3165] [M]: 0x80025374 (0x00C0006F) jal zero, 12


mem[X,0x80025380] -> 0x2623
mem[X,0x80025382] -> 0x4E31
[3166] [M]: 0x80025380 (0x4E312623) sw gp, 1260(sp)
mem[0x8004B650] <- 0x00000002


mem[X,0x80025384] -> 0x0513
mem[X,0x80025386] -> 0x0020
[3167] [M]: 0x80025384 (0x00200513) addi a0, zero, 2
x10 <- 0x00000002


mem[X,0x80025388] -> 0x0593
mem[X,0x8002538A] -> 0x0020
[3168] [M]: 0x80025388 (0x00200593) addi a1, zero, 2
x11 <- 0x00000002


mem[X,0x8002538C] -> 0x0193
mem[X,0x8002538E] -> 0x0000
[3169] [M]: 0x8002538C (0x00000193) addi gp, zero, 0
x3 <- 0x00000000


mem[X,0x80025390] -> 0x006F
mem[X,0x80025392] -> 0x0050
[3170] [M]: 0x80025390 (0x0050006F) jal zero, 2052


mem[X,0x80025B94] -> 0x70E3
mem[X,0x80025B96] -> 0x80B5
[3171] [M]: 0x80025B94 (0x80B570E3) bgeu a0, a1, 6144


mem[X,0x80025394] -> 0x8193
mem[X,0x80025396] -> 0x0011
[3172] [M]: 0x80025394 (0x00118193) addi gp, gp, 1
x3 <- 0x00000001


mem[X,0x80025398] -> 0x006F
mem[X,0x8002539A] -> 0x0110
[3173] [M]: 0x80025398 (0x0110006F) jal zero, 2064


mem[X,0x80025BA8] -> 0x2823
mem[X,0x80025BAA] -> 0x4E31
[3174] [M]: 0x80025BA8 (0x4E312823) sw gp, 1264(sp)
mem[0x8004B654] <- 0x00000001


mem[X,0x80025BAC] -> 0x0513
mem[X,0x80025BAE] -> 0x0020
[3175] [M]: 0x80025BAC (0x00200513) addi a0, zero, 2
x10 <- 0x00000002


mem[X,0x80025BB0] -> 0x55B7
mem[X,0x80025BB2] -> 0x5555
[3176] [M]: 0x80025BB0 (0x555555B7) lui a1, 349525
x11 <- 0x55555000


mem[X,0x80025BB4] -> 0x8593
mem[X,0x80025BB6] -> 0x5545
[3177] [M]: 0x80025BB4 (0x55458593) addi a1, a1, 1364
x11 <- 0x55555554


mem[X,0x80025BB8] -> 0x0193
mem[X,0x80025BBA] -> 0x0000
[3178] [M]: 0x80025BB8 (0x00000193) addi gp, zero, 0
x3 <- 0x00000000


mem[X,0x80025BBC] -> 0x006F
mem[X,0x80025BBE] -> 0x00C0
[3179] [M]: 0x80025BBC (0x00C0006F) jal zero, 12


mem[X,0x80025BC8] -> 0x7063
mem[X,0x80025BCA] -> 0x08B5
[3180] [M]: 0x80025BC8 (0x08B57063) bgeu a0, a1, 128


mem[X,0x80025BCC] -> 0x8193
mem[X,0x80025BCE] -> 0x0021
[3181] [M]: 0x80025BCC (0x00218193) addi gp, gp, 2
x3 <- 0x00000002


mem[X,0x80025BD0] -> 0x006F
mem[X,0x80025BD2] -> 0x0800
[3182] [M]: 0x80025BD0 (0x0800006F) jal zero, 128


mem[X,0x80025C50] -> 0x2A23
mem[X,0x80025C52] -> 0x4E31
[3183] [M]: 0x80025C50 (0x4E312A23) sw gp, 1268(sp)
mem[0x8004B658] <- 0x00000002


mem[X,0x80025C54] -> 0x0513
mem[X,0x80025C56] -> 0x0020
[3184] [M]: 0x80025C54 (0x00200513) addi a0, zero, 2
x10 <- 0x00000002


mem[X,0x80025C58] -> 0xB5B7
mem[X,0x80025C5A] -> 0xAAAA
[3185] [M]: 0x80025C58 (0xAAAAB5B7) lui a1, 699051
x11 <- 0xAAAAB000


mem[X,0x80025C5C] -> 0x8593
mem[X,0x80025C5E] -> 0xAA95
[3186] [M]: 0x80025C5C (0xAA958593) addi a1, a1, 2729
x11 <- 0xAAAAAAA9


mem[X,0x80025C60] -> 0x0193
mem[X,0x80025C62] -> 0x0000
[3187] [M]: 0x80025C60 (0x00000193) addi gp, zero, 0
x3 <- 0x00000000


mem[X,0x80025C64] -> 0x006F
mem[X,0x80025C66] -> 0x00C0
[3188] [M]: 0x80025C64 (0x00C0006F) jal zero, 12


mem[X,0x80025C70] -> 0x7063
mem[X,0x80025C72] -> 0x20B5
[3189] [M]: 0x80025C70 (0x20B57063) bgeu a0, a1, 512


mem[X,0x80025C74] -> 0x8193
mem[X,0x80025C76] -> 0x0021
[3190] [M]: 0x80025C74 (0x00218193) addi gp, gp, 2
x3 <- 0x00000002


mem[X,0x80025C78] -> 0x006F
mem[X,0x80025C7A] -> 0x2000
[3191] [M]: 0x80025C78 (0x2000006F) jal zero, 512


mem[X,0x80025E78] -> 0x2C23
mem[X,0x80025E7A] -> 0x4E31
[3192] [M]: 0x80025E78 (0x4E312C23) sw gp, 1272(sp)
mem[0x8004B65C] <- 0x00000002


mem[X,0x80025E7C] -> 0x0513
mem[X,0x80025E7E] -> 0x0020
[3193] [M]: 0x80025E7C (0x00200513) addi a0, zero, 2
x10 <- 0x00000002


mem[X,0x80025E80] -> 0x0593
mem[X,0x80025E82] -> 0x0040
[3194] [M]: 0x80025E80 (0x00400593) addi a1, zero, 4
x11 <- 0x00000004


mem[X,0x80025E84] -> 0x0193
mem[X,0x80025E86] -> 0x0000
[3195] [M]: 0x80025E84 (0x00000193) addi gp, zero, 0
x3 <- 0x00000000


mem[X,0x80025E88] -> 0x006F
mem[X,0x80025E8A] -> 0x00C0
[3196] [M]: 0x80025E88 (0x00C0006F) jal zero, 12


mem[X,0x80025E94] -> 0x7063
mem[X,0x80025E96] -> 0x04B5
[3197] [M]: 0x80025E94 (0x04B57063) bgeu a0, a1, 64


mem[X,0x80025E98] -> 0x8193
mem[X,0x80025E9A] -> 0x0021
[3198] [M]: 0x80025E98 (0x00218193) addi gp, gp, 2
x3 <- 0x00000002


mem[X,0x80025E9C] -> 0x006F
mem[X,0x80025E9E] -> 0x0400
[3199] [M]: 0x80025E9C (0x0400006F) jal zero, 64


clint::tick mtime <- 0x0000000000000020
 clint timer pending at mtime 0x0000000000000020
htif::tick 0x0000000000000000
mem[X,0x80025EDC] -> 0x2E23
mem[X,0x80025EDE] -> 0x4E31
[3200] [M]: 0x80025EDC (0x4E312E23) sw gp, 1276(sp)
mem[0x8004B660] <- 0x00000002


mem[X,0x80025EE0] -> 0x0513
mem[X,0x80025EE2] -> 0x0020
[3201] [M]: 0x80025EE0 (0x00200513) addi a0, zero, 2
x10 <- 0x00000002


mem[X,0x80025EE4] -> 0x35B7
mem[X,0x80025EE6] -> 0x3333
[3202] [M]: 0x80025EE4 (0x333335B7) lui a1, 209715
x11 <- 0x33333000


mem[X,0x80025EE8] -> 0x8593
mem[X,0x80025EEA] -> 0x3325
[3203] [M]: 0x80025EE8 (0x33258593) addi a1, a1, 818
x11 <- 0x33333332


mem[X,0x80025EEC] -> 0x0193
mem[X,0x80025EEE] -> 0x0000
[3204] [M]: 0x80025EEC (0x00000193) addi gp, zero, 0
x3 <- 0x00000000


mem[X,0x80025EF0] -> 0x006F
mem[X,0x80025EF2] -> 0x00C0
[3205] [M]: 0x80025EF0 (0x00C0006F) jal zero, 12


mem[X,0x80025EFC] -> 0x7663
mem[X,0x80025EFE] -> 0x00B5
[3206] [M]: 0x80025EFC (0x00B57663) bgeu a0, a1, 12


mem[X,0x80025F00] -> 0x8193
mem[X,0x80025F02] -> 0x0021
[3207] [M]: 0x80025F00 (0x00218193) addi gp, gp, 2
x3 <- 0x00000002


mem[X,0x80025F04] -> 0x006F
mem[X,0x80025F06] -> 0x00C0
[3208] [M]: 0x80025F04 (0x00C0006F) jal zero, 12


mem[X,0x80025F10] -> 0x2023
mem[X,0x80025F12] -> 0x5031
[3209] [M]: 0x80025F10 (0x50312023) sw gp, 1280(sp)
mem[0x8004B664] <- 0x00000002


mem[X,0x80025F14] -> 0x0513
mem[X,0x80025F16] -> 0x0020
[3210] [M]: 0x80025F14 (0x00200513) addi a0, zero, 2
x10 <- 0x00000002


mem[X,0x80025F18] -> 0x65B7
mem[X,0x80025F1A] -> 0x6666
[3211] [M]: 0x80025F18 (0x666665B7) lui a1, 419430
x11 <- 0x66666000


mem[X,0x80025F1C] -> 0x8593
mem[X,0x80025F1E] -> 0x6655
[3212] [M]: 0x80025F1C (0x66558593) addi a1, a1, 1637
x11 <- 0x66666665


mem[X,0x80025F20] -> 0x0193
mem[X,0x80025F22] -> 0x0000
[3213] [M]: 0x80025F20 (0x00000193) addi gp, zero, 0
x3 <- 0x00000000


mem[X,0x80025F24] -> 0x006F
mem[X,0x80025F26] -> 0x00C0
[3214] [M]: 0x80025F24 (0x00C0006F) jal zero, 12


mem[X,0x80025F30] -> 0x7063
mem[X,0x80025F32] -> 0x04B5
[3215] [M]: 0x80025F30 (0x04B57063) bgeu a0, a1, 64


mem[X,0x80025F34] -> 0x8193
mem[X,0x80025F36] -> 0x0021
[3216] [M]: 0x80025F34 (0x00218193) addi gp, gp, 2
x3 <- 0x00000002


mem[X,0x80025F38] -> 0x006F
mem[X,0x80025F3A] -> 0x0400
[3217] [M]: 0x80025F38 (0x0400006F) jal zero, 64


mem[X,0x80025F78] -> 0x2223
mem[X,0x80025F7A] -> 0x5031
[3218] [M]: 0x80025F78 (0x50312223) sw gp, 1284(sp)
mem[0x8004B668] <- 0x00000002


mem[X,0x80025F7C] -> 0x0513
mem[X,0x80025F7E] -> 0x0020
[3219] [M]: 0x80025F7C (0x00200513) addi a0, zero, 2
x10 <- 0x00000002


mem[X,0x80025F80] -> 0xB5B7
mem[X,0x80025F82] -> 0x0000
[3220] [M]: 0x80025F80 (0x0000B5B7) lui a1, 11
x11 <- 0x0000B000


mem[X,0x80025F84] -> 0x8593
mem[X,0x80025F86] -> 0x5035
[3221] [M]: 0x80025F84 (0x50358593) addi a1, a1, 1283
x11 <- 0x0000B503


mem[X,0x80025F88] -> 0x0193
mem[X,0x80025F8A] -> 0x0000
[3222] [M]: 0x80025F88 (0x00000193) addi gp, zero, 0
x3 <- 0x00000000


mem[X,0x80025F8C] -> 0x006F
mem[X,0x80025F8E] -> 0x00C0
[3223] [M]: 0x80025F8C (0x00C0006F) jal zero, 12


mem[X,0x80025F98] -> 0x7663
mem[X,0x80025F9A] -> 0x00B5
[3224] [M]: 0x80025F98 (0x00B57663) bgeu a0, a1, 12


mem[X,0x80025F9C] -> 0x8193
mem[X,0x80025F9E] -> 0x0021
[3225] [M]: 0x80025F9C (0x00218193) addi gp, gp, 2
x3 <- 0x00000002


mem[X,0x80025FA0] -> 0x006F
mem[X,0x80025FA2] -> 0x00C0
[3226] [M]: 0x80025FA0 (0x00C0006F) jal zero, 12


mem[X,0x80025FAC] -> 0x2423
mem[X,0x80025FAE] -> 0x5031
[3227] [M]: 0x80025FAC (0x50312423) sw gp, 1288(sp)
mem[0x8004B66C] <- 0x00000002


mem[X,0x80025FB0] -> 0x0513
mem[X,0x80025FB2] -> 0x0020
[3228] [M]: 0x80025FB0 (0x00200513) addi a0, zero, 2
x10 <- 0x00000002


mem[X,0x80025FB4] -> 0x05B7
mem[X,0x80025FB6] -> 0x0001
[3229] [M]: 0x80025FB4 (0x000105B7) lui a1, 16
x11 <- 0x00010000


mem[X,0x80025FB8] -> 0x8593
mem[X,0x80025FBA] -> 0xFFE5
[3230] [M]: 0x80025FB8 (0xFFE58593) addi a1, a1, 4094
x11 <- 0x0000FFFE


mem[X,0x80025FBC] -> 0x0193
mem[X,0x80025FBE] -> 0x0000
[3231] [M]: 0x80025FBC (0x00000193) addi gp, zero, 0
x3 <- 0x00000000


mem[X,0x80025FC0] -> 0x006F
mem[X,0x80025FC2] -> 0x00C0
[3232] [M]: 0x80025FC0 (0x00C0006F) jal zero, 12


mem[X,0x80025FCC] -> 0x7063
mem[X,0x80025FCE] -> 0x08B5
[3233] [M]: 0x80025FCC (0x08B57063) bgeu a0, a1, 128


mem[X,0x80025FD0] -> 0x8193
mem[X,0x80025FD2] -> 0x0021
[3234] [M]: 0x80025FD0 (0x00218193) addi gp, gp, 2
x3 <- 0x00000002


mem[X,0x80025FD4] -> 0x006F
mem[X,0x80025FD6] -> 0x0800
[3235] [M]: 0x80025FD4 (0x0800006F) jal zero, 128


mem[X,0x80026054] -> 0x2623
mem[X,0x80026056] -> 0x5031
[3236] [M]: 0x80026054 (0x50312623) sw gp, 1292(sp)
mem[0x8004B670] <- 0x00000002


mem[X,0x80026058] -> 0x0513
mem[X,0x8002605A] -> 0x0020
[3237] [M]: 0x80026058 (0x00200513) addi a0, zero, 2
x10 <- 0x00000002


mem[X,0x8002605C] -> 0x55B7
mem[X,0x8002605E] -> 0x5555
[3238] [M]: 0x8002605C (0x555555B7) lui a1, 349525
x11 <- 0x55555000


mem[X,0x80026060] -> 0x8593
mem[X,0x80026062] -> 0x5565
[3239] [M]: 0x80026060 (0x55658593) addi a1, a1, 1366
x11 <- 0x55555556


mem[X,0x80026064] -> 0x0193
mem[X,0x80026066] -> 0x0000
[3240] [M]: 0x80026064 (0x00000193) addi gp, zero, 0
x3 <- 0x00000000


mem[X,0x80026068] -> 0x006F
mem[X,0x8002606A] -> 0x0050
[3241] [M]: 0x80026068 (0x0050006F) jal zero, 2052


mem[X,0x8002686C] -> 0x70E3
mem[X,0x8002686E] -> 0x80B5
[3242] [M]: 0x8002686C (0x80B570E3) bgeu a0, a1, 6144


mem[X,0x80026870] -> 0x8193
mem[X,0x80026872] -> 0x0021
[3243] [M]: 0x80026870 (0x00218193) addi gp, gp, 2
x3 <- 0x00000002


mem[X,0x80026874] -> 0x006F
mem[X,0x80026876] -> 0x00C0
[3244] [M]: 0x80026874 (0x00C0006F) jal zero, 12


mem[X,0x80026880] -> 0x2823
mem[X,0x80026882] -> 0x5031
[3245] [M]: 0x80026880 (0x50312823) sw gp, 1296(sp)
mem[0x8004B674] <- 0x00000002


mem[X,0x80026884] -> 0x0513
mem[X,0x80026886] -> 0x0020
[3246] [M]: 0x80026884 (0x00200513) addi a0, zero, 2
x10 <- 0x00000002


mem[X,0x80026888] -> 0xB5B7
mem[X,0x8002688A] -> 0xAAAA
[3247] [M]: 0x80026888 (0xAAAAB5B7) lui a1, 699051
x11 <- 0xAAAAB000


mem[X,0x8002688C] -> 0x8593
mem[X,0x8002688E] -> 0xAAB5
[3248] [M]: 0x8002688C (0xAAB58593) addi a1, a1, 2731
x11 <- 0xAAAAAAAB


mem[X,0x80026890] -> 0x0193
mem[X,0x80026892] -> 0x0000
[3249] [M]: 0x80026890 (0x00000193) addi gp, zero, 0
x3 <- 0x00000000


mem[X,0x80026894] -> 0x006F
mem[X,0x80026896] -> 0x00C0
[3250] [M]: 0x80026894 (0x00C0006F) jal zero, 12


mem[X,0x800268A0] -> 0x7CE3
mem[X,0x800268A2] -> 0xFEB5
[3251] [M]: 0x800268A0 (0xFEB57CE3) bgeu a0, a1, 8184


mem[X,0x800268A4] -> 0x8193
mem[X,0x800268A6] -> 0x0021
[3252] [M]: 0x800268A4 (0x00218193) addi gp, gp, 2
x3 <- 0x00000002


mem[X,0x800268A8] -> 0x006F
mem[X,0x800268AA] -> 0x00C0
[3253] [M]: 0x800268A8 (0x00C0006F) jal zero, 12


mem[X,0x800268B4] -> 0x2A23
mem[X,0x800268B6] -> 0x5031
[3254] [M]: 0x800268B4 (0x50312A23) sw gp, 1300(sp)
mem[0x8004B678] <- 0x00000002


mem[X,0x800268B8] -> 0x0513
mem[X,0x800268BA] -> 0x0020
[3255] [M]: 0x800268B8 (0x00200513) addi a0, zero, 2
x10 <- 0x00000002


mem[X,0x800268BC] -> 0x0593
mem[X,0x800268BE] -> 0x0060
[3256] [M]: 0x800268BC (0x00600593) addi a1, zero, 6
x11 <- 0x00000006


mem[X,0x800268C0] -> 0x0193
mem[X,0x800268C2] -> 0x0000
[3257] [M]: 0x800268C0 (0x00000193) addi gp, zero, 0
x3 <- 0x00000000


mem[X,0x800268C4] -> 0x006F
mem[X,0x800268C6] -> 0x00C0
[3258] [M]: 0x800268C4 (0x00C0006F) jal zero, 12


mem[X,0x800268D0] -> 0x7CE3
mem[X,0x800268D2] -> 0xFEB5
[3259] [M]: 0x800268D0 (0xFEB57CE3) bgeu a0, a1, 8184


mem[X,0x800268D4] -> 0x8193
mem[X,0x800268D6] -> 0x0021
[3260] [M]: 0x800268D4 (0x00218193) addi gp, gp, 2
x3 <- 0x00000002


mem[X,0x800268D8] -> 0x006F
mem[X,0x800268DA] -> 0x00C0
[3261] [M]: 0x800268D8 (0x00C0006F) jal zero, 12


mem[X,0x800268E4] -> 0x2C23
mem[X,0x800268E6] -> 0x5031
[3262] [M]: 0x800268E4 (0x50312C23) sw gp, 1304(sp)
mem[0x8004B67C] <- 0x00000002


mem[X,0x800268E8] -> 0x0513
mem[X,0x800268EA] -> 0x0020
[3263] [M]: 0x800268E8 (0x00200513) addi a0, zero, 2
x10 <- 0x00000002


mem[X,0x800268EC] -> 0x35B7
mem[X,0x800268EE] -> 0x3333
[3264] [M]: 0x800268EC (0x333335B7) lui a1, 209715
x11 <- 0x33333000


mem[X,0x800268F0] -> 0x8593
mem[X,0x800268F2] -> 0x3345
[3265] [M]: 0x800268F0 (0x33458593) addi a1, a1, 820
x11 <- 0x33333334


mem[X,0x800268F4] -> 0x0193
mem[X,0x800268F6] -> 0x0000
[3266] [M]: 0x800268F4 (0x00000193) addi gp, zero, 0
x3 <- 0x00000000


mem[X,0x800268F8] -> 0x006F
mem[X,0x800268FA] -> 0x00C0
[3267] [M]: 0x800268F8 (0x00C0006F) jal zero, 12


mem[X,0x80026904] -> 0x7663
mem[X,0x80026906] -> 0x00B5
[3268] [M]: 0x80026904 (0x00B57663) bgeu a0, a1, 12


mem[X,0x80026908] -> 0x8193
mem[X,0x8002690A] -> 0x0021
[3269] [M]: 0x80026908 (0x00218193) addi gp, gp, 2
x3 <- 0x00000002


mem[X,0x8002690C] -> 0x006F
mem[X,0x8002690E] -> 0x00C0
[3270] [M]: 0x8002690C (0x00C0006F) jal zero, 12


mem[X,0x80026918] -> 0x2E23
mem[X,0x8002691A] -> 0x5031
[3271] [M]: 0x80026918 (0x50312E23) sw gp, 1308(sp)
mem[0x8004B680] <- 0x00000002


mem[X,0x8002691C] -> 0x0513
mem[X,0x8002691E] -> 0x0020
[3272] [M]: 0x8002691C (0x00200513) addi a0, zero, 2
x10 <- 0x00000002


mem[X,0x80026920] -> 0x65B7
mem[X,0x80026922] -> 0x6666
[3273] [M]: 0x80026920 (0x666665B7) lui a1, 419430
x11 <- 0x66666000


mem[X,0x80026924] -> 0x8593
mem[X,0x80026926] -> 0x6675
[3274] [M]: 0x80026924 (0x66758593) addi a1, a1, 1639
x11 <- 0x66666667


mem[X,0x80026928] -> 0x0193
mem[X,0x8002692A] -> 0x0000
[3275] [M]: 0x80026928 (0x00000193) addi gp, zero, 0
x3 <- 0x00000000


mem[X,0x8002692C] -> 0x006F
mem[X,0x8002692E] -> 0x0140
[3276] [M]: 0x8002692C (0x0140006F) jal zero, 20


mem[X,0x80026940] -> 0x78E3
mem[X,0x80026942] -> 0xFEB5
[3277] [M]: 0x80026940 (0xFEB578E3) bgeu a0, a1, 8176


mem[X,0x80026944] -> 0x8193
mem[X,0x80026946] -> 0x0021
[3278] [M]: 0x80026944 (0x00218193) addi gp, gp, 2
x3 <- 0x00000002


mem[X,0x80026948] -> 0x006F
mem[X,0x8002694A] -> 0x00C0
[3279] [M]: 0x80026948 (0x00C0006F) jal zero, 12


mem[X,0x80026954] -> 0x2023
mem[X,0x80026956] -> 0x5231
[3280] [M]: 0x80026954 (0x52312023) sw gp, 1312(sp)
mem[0x8004B684] <- 0x00000002


mem[X,0x80026958] -> 0x0513
mem[X,0x8002695A] -> 0x0020
[3281] [M]: 0x80026958 (0x00200513) addi a0, zero, 2
x10 <- 0x00000002


mem[X,0x8002695C] -> 0xB5B7
mem[X,0x8002695E] -> 0x0000
[3282] [M]: 0x8002695C (0x0000B5B7) lui a1, 11
x11 <- 0x0000B000


mem[X,0x80026960] -> 0x8593
mem[X,0x80026962] -> 0x5055
[3283] [M]: 0x80026960 (0x50558593) addi a1, a1, 1285
x11 <- 0x0000B505


mem[X,0x80026964] -> 0x0193
mem[X,0x80026966] -> 0x0000
[3284] [M]: 0x80026964 (0x00000193) addi gp, zero, 0
x3 <- 0x00000000


mem[X,0x80026968] -> 0x006F
mem[X,0x8002696A] -> 0x0140
[3285] [M]: 0x80026968 (0x0140006F) jal zero, 20


mem[X,0x8002697C] -> 0x78E3
mem[X,0x8002697E] -> 0xFEB5
[3286] [M]: 0x8002697C (0xFEB578E3) bgeu a0, a1, 8176


mem[X,0x80026980] -> 0x8193
mem[X,0x80026982] -> 0x0021
[3287] [M]: 0x80026980 (0x00218193) addi gp, gp, 2
x3 <- 0x00000002


mem[X,0x80026984] -> 0x006F
mem[X,0x80026986] -> 0x00C0
[3288] [M]: 0x80026984 (0x00C0006F) jal zero, 12


mem[X,0x80026990] -> 0x2223
mem[X,0x80026992] -> 0x5231
[3289] [M]: 0x80026990 (0x52312223) sw gp, 1316(sp)
mem[0x8004B688] <- 0x00000002


mem[X,0x80026994] -> 0x0513
mem[X,0x80026996] -> 0x0020
[3290] [M]: 0x80026994 (0x00200513) addi a0, zero, 2
x10 <- 0x00000002


mem[X,0x80026998] -> 0x0593
mem[X,0x8002699A] -> 0x0010
[3291] [M]: 0x80026998 (0x00100593) addi a1, zero, 1
x11 <- 0x00000001


mem[X,0x8002699C] -> 0x0193
mem[X,0x8002699E] -> 0x0000
[3292] [M]: 0x8002699C (0x00000193) addi gp, zero, 0
x3 <- 0x00000000


mem[X,0x800269A0] -> 0x006F
mem[X,0x800269A2] -> 0x00C0
[3293] [M]: 0x800269A0 (0x00C0006F) jal zero, 12


mem[X,0x800269AC] -> 0x7863
mem[X,0x800269AE] -> 0x00B5
[3294] [M]: 0x800269AC (0x00B57863) bgeu a0, a1, 16


mem[X,0x800269BC] -> 0x8193
mem[X,0x800269BE] -> 0x0031
[3295] [M]: 0x800269BC (0x00318193) addi gp, gp, 3
x3 <- 0x00000003


mem[X,0x800269C0] -> 0x006F
mem[X,0x800269C2] -> 0x0040
[3296] [M]: 0x800269C0 (0x0040006F) jal zero, 4


mem[X,0x800269C4] -> 0x2423
mem[X,0x800269C6] -> 0x5231
[3297] [M]: 0x800269C4 (0x52312423) sw gp, 1320(sp)
mem[0x8004B68C] <- 0x00000003


mem[X,0x800269C8] -> 0x0513
mem[X,0x800269CA] -> 0x0020
[3298] [M]: 0x800269C8 (0x00200513) addi a0, zero, 2
x10 <- 0x00000002


mem[X,0x800269CC] -> 0x05B7
mem[X,0x800269CE] -> 0x0001
[3299] [M]: 0x800269CC (0x000105B7) lui a1, 16
x11 <- 0x00010000


clint::tick mtime <- 0x0000000000000021
 clint timer pending at mtime 0x0000000000000021
htif::tick 0x0000000000000000
mem[X,0x800269D0] -> 0x0193
mem[X,0x800269D2] -> 0x0000
[3300] [M]: 0x800269D0 (0x00000193) addi gp, zero, 0
x3 <- 0x00000000


mem[X,0x800269D4] -> 0x006F
mem[X,0x800269D6] -> 0x00C0
[3301] [M]: 0x800269D4 (0x00C0006F) jal zero, 12


mem[X,0x800269E0] -> 0x7063
mem[X,0x800269E2] -> 0x10B5
[3302] [M]: 0x800269E0 (0x10B57063) bgeu a0, a1, 256


mem[X,0x800269E4] -> 0x8193
mem[X,0x800269E6] -> 0x0021
[3303] [M]: 0x800269E4 (0x00218193) addi gp, gp, 2
x3 <- 0x00000002


mem[X,0x800269E8] -> 0x006F
mem[X,0x800269EA] -> 0x1000
[3304] [M]: 0x800269E8 (0x1000006F) jal zero, 256


mem[X,0x80026AE8] -> 0x2623
mem[X,0x80026AEA] -> 0x5231
[3305] [M]: 0x80026AE8 (0x52312623) sw gp, 1324(sp)
mem[0x8004B690] <- 0x00000002


mem[X,0x80026AEC] -> 0x5537
mem[X,0x80026AEE] -> 0x5555
[3306] [M]: 0x80026AEC (0x55555537) lui a0, 349525
x10 <- 0x55555000


mem[X,0x80026AF0] -> 0x0513
mem[X,0x80026AF2] -> 0x5545
[3307] [M]: 0x80026AF0 (0x55450513) addi a0, a0, 1364
x10 <- 0x55555554


mem[X,0x80026AF4] -> 0x0593
mem[X,0x80026AF6] -> 0x0030
[3308] [M]: 0x80026AF4 (0x00300593) addi a1, zero, 3
x11 <- 0x00000003


mem[X,0x80026AF8] -> 0x0193
mem[X,0x80026AFA] -> 0x0000
[3309] [M]: 0x80026AF8 (0x00000193) addi gp, zero, 0
x3 <- 0x00000000


mem[X,0x80026AFC] -> 0x006F
mem[X,0x80026AFE] -> 0x00C0
[3310] [M]: 0x80026AFC (0x00C0006F) jal zero, 12


mem[X,0x80026B08] -> 0x7863
mem[X,0x80026B0A] -> 0x00B5
[3311] [M]: 0x80026B08 (0x00B57863) bgeu a0, a1, 16


mem[X,0x80026B18] -> 0x8193
mem[X,0x80026B1A] -> 0x0031
[3312] [M]: 0x80026B18 (0x00318193) addi gp, gp, 3
x3 <- 0x00000003


mem[X,0x80026B1C] -> 0x006F
mem[X,0x80026B1E] -> 0x0040
[3313] [M]: 0x80026B1C (0x0040006F) jal zero, 4


mem[X,0x80026B20] -> 0x2823
mem[X,0x80026B22] -> 0x5231
[3314] [M]: 0x80026B20 (0x52312823) sw gp, 1328(sp)
mem[0x8004B694] <- 0x00000003


mem[X,0x80026B24] -> 0x5537
mem[X,0x80026B26] -> 0x5555
[3315] [M]: 0x80026B24 (0x55555537) lui a0, 349525
x10 <- 0x55555000


mem[X,0x80026B28] -> 0x0513
mem[X,0x80026B2A] -> 0x5545
[3316] [M]: 0x80026B28 (0x55450513) addi a0, a0, 1364
x10 <- 0x55555554


mem[X,0x80026B2C] -> 0x55B7
mem[X,0x80026B2E] -> 0x5555
[3317] [M]: 0x80026B2C (0x555555B7) lui a1, 349525
x11 <- 0x55555000


mem[X,0x80026B30] -> 0x8593
mem[X,0x80026B32] -> 0x5555
[3318] [M]: 0x80026B30 (0x55558593) addi a1, a1, 1365
x11 <- 0x55555555


mem[X,0x80026B34] -> 0x0193
mem[X,0x80026B36] -> 0x0000
[3319] [M]: 0x80026B34 (0x00000193) addi gp, zero, 0
x3 <- 0x00000000


mem[X,0x80026B38] -> 0x006F
mem[X,0x80026B3A] -> 0x00C0
[3320] [M]: 0x80026B38 (0x00C0006F) jal zero, 12


mem[X,0x80026B44] -> 0x7063
mem[X,0x80026B46] -> 0x02B5
[3321] [M]: 0x80026B44 (0x02B57063) bgeu a0, a1, 32


mem[X,0x80026B48] -> 0x8193
mem[X,0x80026B4A] -> 0x0021
[3322] [M]: 0x80026B48 (0x00218193) addi gp, gp, 2
x3 <- 0x00000002


mem[X,0x80026B4C] -> 0x006F
mem[X,0x80026B4E] -> 0x0200
[3323] [M]: 0x80026B4C (0x0200006F) jal zero, 32


mem[X,0x80026B6C] -> 0x2A23
mem[X,0x80026B6E] -> 0x5231
[3324] [M]: 0x80026B6C (0x52312A23) sw gp, 1332(sp)
mem[0x8004B698] <- 0x00000002


mem[X,0x80026B70] -> 0x5537
mem[X,0x80026B72] -> 0x5555
[3325] [M]: 0x80026B70 (0x55555537) lui a0, 349525
x10 <- 0x55555000


mem[X,0x80026B74] -> 0x0513
mem[X,0x80026B76] -> 0x5545
[3326] [M]: 0x80026B74 (0x55450513) addi a0, a0, 1364
x10 <- 0x55555554


mem[X,0x80026B78] -> 0xB5B7
mem[X,0x80026B7A] -> 0xAAAA
[3327] [M]: 0x80026B78 (0xAAAAB5B7) lui a1, 699051
x11 <- 0xAAAAB000


mem[X,0x80026B7C] -> 0x8593
mem[X,0x80026B7E] -> 0xAAA5
[3328] [M]: 0x80026B7C (0xAAA58593) addi a1, a1, 2730
x11 <- 0xAAAAAAAA


mem[X,0x80026B80] -> 0x0193
mem[X,0x80026B82] -> 0x0000
[3329] [M]: 0x80026B80 (0x00000193) addi gp, zero, 0
x3 <- 0x00000000


mem[X,0x80026B84] -> 0x006F
mem[X,0x80026B86] -> 0x00C0
[3330] [M]: 0x80026B84 (0x00C0006F) jal zero, 12


mem[X,0x80026B90] -> 0x7663
mem[X,0x80026B92] -> 0x00B5
[3331] [M]: 0x80026B90 (0x00B57663) bgeu a0, a1, 12


mem[X,0x80026B94] -> 0x8193
mem[X,0x80026B96] -> 0x0021
[3332] [M]: 0x80026B94 (0x00218193) addi gp, gp, 2
x3 <- 0x00000002


mem[X,0x80026B98] -> 0x006F
mem[X,0x80026B9A] -> 0x00C0
[3333] [M]: 0x80026B98 (0x00C0006F) jal zero, 12


mem[X,0x80026BA4] -> 0x2C23
mem[X,0x80026BA6] -> 0x5231
[3334] [M]: 0x80026BA4 (0x52312C23) sw gp, 1336(sp)
mem[0x8004B69C] <- 0x00000002


mem[X,0x80026BA8] -> 0x5537
mem[X,0x80026BAA] -> 0x5555
[3335] [M]: 0x80026BA8 (0x55555537) lui a0, 349525
x10 <- 0x55555000


mem[X,0x80026BAC] -> 0x0513
mem[X,0x80026BAE] -> 0x5545
[3336] [M]: 0x80026BAC (0x55450513) addi a0, a0, 1364
x10 <- 0x55555554


mem[X,0x80026BB0] -> 0x0593
mem[X,0x80026BB2] -> 0x0050
[3337] [M]: 0x80026BB0 (0x00500593) addi a1, zero, 5
x11 <- 0x00000005


mem[X,0x80026BB4] -> 0x0193
mem[X,0x80026BB6] -> 0x0000
[3338] [M]: 0x80026BB4 (0x00000193) addi gp, zero, 0
x3 <- 0x00000000


mem[X,0x80026BB8] -> 0x006F
mem[X,0x80026BBA] -> 0x0180
[3339] [M]: 0x80026BB8 (0x0180006F) jal zero, 24


mem[X,0x80026BD0] -> 0x76E3
mem[X,0x80026BD2] -> 0xFEB5
[3340] [M]: 0x80026BD0 (0xFEB576E3) bgeu a0, a1, 8172


mem[X,0x80026BBC] -> 0x8193
mem[X,0x80026BBE] -> 0x0011
[3341] [M]: 0x80026BBC (0x00118193) addi gp, gp, 1
x3 <- 0x00000001


mem[X,0x80026BC0] -> 0x006F
mem[X,0x80026BC2] -> 0x0240
[3342] [M]: 0x80026BC0 (0x0240006F) jal zero, 36


mem[X,0x80026BE4] -> 0x2E23
mem[X,0x80026BE6] -> 0x5231
[3343] [M]: 0x80026BE4 (0x52312E23) sw gp, 1340(sp)
mem[0x8004B6A0] <- 0x00000001


mem[X,0x80026BE8] -> 0x5537
mem[X,0x80026BEA] -> 0x5555
[3344] [M]: 0x80026BE8 (0x55555537) lui a0, 349525
x10 <- 0x55555000


mem[X,0x80026BEC] -> 0x0513
mem[X,0x80026BEE] -> 0x5545
[3345] [M]: 0x80026BEC (0x55450513) addi a0, a0, 1364
x10 <- 0x55555554


mem[X,0x80026BF0] -> 0x35B7
mem[X,0x80026BF2] -> 0x3333
[3346] [M]: 0x80026BF0 (0x333335B7) lui a1, 209715
x11 <- 0x33333000


mem[X,0x80026BF4] -> 0x8593
mem[X,0x80026BF6] -> 0x3335
[3347] [M]: 0x80026BF4 (0x33358593) addi a1, a1, 819
x11 <- 0x33333333


mem[X,0x80026BF8] -> 0x0193
mem[X,0x80026BFA] -> 0x0000
[3348] [M]: 0x80026BF8 (0x00000193) addi gp, zero, 0
x3 <- 0x00000000


mem[X,0x80026BFC] -> 0x006F
mem[X,0x80026BFE] -> 0x00C0
[3349] [M]: 0x80026BFC (0x00C0006F) jal zero, 12


mem[X,0x80026C08] -> 0x7663
mem[X,0x80026C0A] -> 0x00B5
[3350] [M]: 0x80026C08 (0x00B57663) bgeu a0, a1, 12


mem[X,0x80026C14] -> 0x8193
mem[X,0x80026C16] -> 0x0031
[3351] [M]: 0x80026C14 (0x00318193) addi gp, gp, 3
x3 <- 0x00000003


mem[X,0x80026C18] -> 0x006F
mem[X,0x80026C1A] -> 0x0040
[3352] [M]: 0x80026C18 (0x0040006F) jal zero, 4


mem[X,0x80026C1C] -> 0x2023
mem[X,0x80026C1E] -> 0x5431
[3353] [M]: 0x80026C1C (0x54312023) sw gp, 1344(sp)
mem[0x8004B6A4] <- 0x00000003


mem[X,0x80026C20] -> 0x5537
mem[X,0x80026C22] -> 0x5555
[3354] [M]: 0x80026C20 (0x55555537) lui a0, 349525
x10 <- 0x55555000


mem[X,0x80026C24] -> 0x0513
mem[X,0x80026C26] -> 0x5545
[3355] [M]: 0x80026C24 (0x55450513) addi a0, a0, 1364
x10 <- 0x55555554


mem[X,0x80026C28] -> 0x65B7
mem[X,0x80026C2A] -> 0x6666
[3356] [M]: 0x80026C28 (0x666665B7) lui a1, 419430
x11 <- 0x66666000


mem[X,0x80026C2C] -> 0x8593
mem[X,0x80026C2E] -> 0x6665
[3357] [M]: 0x80026C2C (0x66658593) addi a1, a1, 1638
x11 <- 0x66666666


mem[X,0x80026C30] -> 0x0193
mem[X,0x80026C32] -> 0x0000
[3358] [M]: 0x80026C30 (0x00000193) addi gp, zero, 0
x3 <- 0x00000000


mem[X,0x80026C34] -> 0x006F
mem[X,0x80026C36] -> 0x00C0
[3359] [M]: 0x80026C34 (0x00C0006F) jal zero, 12


mem[X,0x80026C40] -> 0x7063
mem[X,0x80026C42] -> 0x10B5
[3360] [M]: 0x80026C40 (0x10B57063) bgeu a0, a1, 256


mem[X,0x80026C44] -> 0x8193
mem[X,0x80026C46] -> 0x0021
[3361] [M]: 0x80026C44 (0x00218193) addi gp, gp, 2
x3 <- 0x00000002


mem[X,0x80026C48] -> 0x006F
mem[X,0x80026C4A] -> 0x1000
[3362] [M]: 0x80026C48 (0x1000006F) jal zero, 256


mem[X,0x80026D48] -> 0x2223
mem[X,0x80026D4A] -> 0x5431
[3363] [M]: 0x80026D48 (0x54312223) sw gp, 1348(sp)
mem[0x8004B6A8] <- 0x00000002


mem[X,0x80026D4C] -> 0x5537
mem[X,0x80026D4E] -> 0x5555
[3364] [M]: 0x80026D4C (0x55555537) lui a0, 349525
x10 <- 0x55555000


mem[X,0x80026D50] -> 0x0513
mem[X,0x80026D52] -> 0x5545
[3365] [M]: 0x80026D50 (0x55450513) addi a0, a0, 1364
x10 <- 0x55555554


mem[X,0x80026D54] -> 0xB5B7
mem[X,0x80026D56] -> 0x0000
[3366] [M]: 0x80026D54 (0x0000B5B7) lui a1, 11
x11 <- 0x0000B000


mem[X,0x80026D58] -> 0x8593
mem[X,0x80026D5A] -> 0x5045
[3367] [M]: 0x80026D58 (0x50458593) addi a1, a1, 1284
x11 <- 0x0000B504


mem[X,0x80026D5C] -> 0x0193
mem[X,0x80026D5E] -> 0x0000
[3368] [M]: 0x80026D5C (0x00000193) addi gp, zero, 0
x3 <- 0x00000000


mem[X,0x80026D60] -> 0x006F
mem[X,0x80026D62] -> 0x00C0
[3369] [M]: 0x80026D60 (0x00C0006F) jal zero, 12


mem[X,0x80026D6C] -> 0x7063
mem[X,0x80026D6E] -> 0x02B5
[3370] [M]: 0x80026D6C (0x02B57063) bgeu a0, a1, 32


mem[X,0x80026D8C] -> 0x8193
mem[X,0x80026D8E] -> 0x0031
[3371] [M]: 0x80026D8C (0x00318193) addi gp, gp, 3
x3 <- 0x00000003


mem[X,0x80026D90] -> 0x006F
mem[X,0x80026D92] -> 0x0040
[3372] [M]: 0x80026D90 (0x0040006F) jal zero, 4


mem[X,0x80026D94] -> 0x2423
mem[X,0x80026D96] -> 0x5431
[3373] [M]: 0x80026D94 (0x54312423) sw gp, 1352(sp)
mem[0x8004B6AC] <- 0x00000003


mem[X,0x80026D98] -> 0x5537
mem[X,0x80026D9A] -> 0x5555
[3374] [M]: 0x80026D98 (0x55555537) lui a0, 349525
x10 <- 0x55555000


mem[X,0x80026D9C] -> 0x0513
mem[X,0x80026D9E] -> 0x5545
[3375] [M]: 0x80026D9C (0x55450513) addi a0, a0, 1364
x10 <- 0x55555554


mem[X,0x80026DA0] -> 0x0593
mem[X,0x80026DA2] -> 0x0000
[3376] [M]: 0x80026DA0 (0x00000593) addi a1, zero, 0
x11 <- 0x00000000


mem[X,0x80026DA4] -> 0x0193
mem[X,0x80026DA6] -> 0x0000
[3377] [M]: 0x80026DA4 (0x00000193) addi gp, zero, 0
x3 <- 0x00000000


mem[X,0x80026DA8] -> 0x006F
mem[X,0x80026DAA] -> 0x00C0
[3378] [M]: 0x80026DA8 (0x00C0006F) jal zero, 12


mem[X,0x80026DB4] -> 0x7063
mem[X,0x80026DB6] -> 0x40B5
[3379] [M]: 0x80026DB4 (0x40B57063) bgeu a0, a1, 1024


mem[X,0x800271B4] -> 0x8193
mem[X,0x800271B6] -> 0x0031
[3380] [M]: 0x800271B4 (0x00318193) addi gp, gp, 3
x3 <- 0x00000003


mem[X,0x800271B8] -> 0x006F
mem[X,0x800271BA] -> 0x0040
[3381] [M]: 0x800271B8 (0x0040006F) jal zero, 4


mem[X,0x800271BC] -> 0x2623
mem[X,0x800271BE] -> 0x5431
[3382] [M]: 0x800271BC (0x54312623) sw gp, 1356(sp)
mem[0x8004B6B0] <- 0x00000003


mem[X,0x800271C0] -> 0x5537
mem[X,0x800271C2] -> 0x5555
[3383] [M]: 0x800271C0 (0x55555537) lui a0, 349525
x10 <- 0x55555000


mem[X,0x800271C4] -> 0x0513
mem[X,0x800271C6] -> 0x5545
[3384] [M]: 0x800271C4 (0x55450513) addi a0, a0, 1364
x10 <- 0x55555554


mem[X,0x800271C8] -> 0x05B7
mem[X,0x800271CA] -> 0x0001
[3385] [M]: 0x800271C8 (0x000105B7) lui a1, 16
x11 <- 0x00010000


mem[X,0x800271CC] -> 0x8593
mem[X,0x800271CE] -> 0xFFF5
[3386] [M]: 0x800271CC (0xFFF58593) addi a1, a1, 4095
x11 <- 0x0000FFFF


mem[X,0x800271D0] -> 0x0193
mem[X,0x800271D2] -> 0x0000
[3387] [M]: 0x800271D0 (0x00000193) addi gp, zero, 0
x3 <- 0x00000000


mem[X,0x800271D4] -> 0x006F
mem[X,0x800271D6] -> 0x00C0
[3388] [M]: 0x800271D4 (0x00C0006F) jal zero, 12


mem[X,0x800271E0] -> 0x7663
mem[X,0x800271E2] -> 0x00B5
[3389] [M]: 0x800271E0 (0x00B57663) bgeu a0, a1, 12


mem[X,0x800271EC] -> 0x8193
mem[X,0x800271EE] -> 0x0031
[3390] [M]: 0x800271EC (0x00318193) addi gp, gp, 3
x3 <- 0x00000003


mem[X,0x800271F0] -> 0x006F
mem[X,0x800271F2] -> 0x0040
[3391] [M]: 0x800271F0 (0x0040006F) jal zero, 4


mem[X,0x800271F4] -> 0x2823
mem[X,0x800271F6] -> 0x5431
[3392] [M]: 0x800271F4 (0x54312823) sw gp, 1360(sp)
mem[0x8004B6B4] <- 0x00000003


mem[X,0x800271F8] -> 0x5537
mem[X,0x800271FA] -> 0x5555
[3393] [M]: 0x800271F8 (0x55555537) lui a0, 349525
x10 <- 0x55555000


mem[X,0x800271FC] -> 0x0513
mem[X,0x800271FE] -> 0x5545
[3394] [M]: 0x800271FC (0x55450513) addi a0, a0, 1364
x10 <- 0x55555554


mem[X,0x80027200] -> 0x0593
mem[X,0x80027202] -> 0x0020
[3395] [M]: 0x80027200 (0x00200593) addi a1, zero, 2
x11 <- 0x00000002


mem[X,0x80027204] -> 0x0193
mem[X,0x80027206] -> 0x0000
[3396] [M]: 0x80027204 (0x00000193) addi gp, zero, 0
x3 <- 0x00000000


mem[X,0x80027208] -> 0x006F
mem[X,0x8002720A] -> 0x00C0
[3397] [M]: 0x80027208 (0x00C0006F) jal zero, 12


mem[X,0x80027214] -> 0x7063
mem[X,0x80027216] -> 0x02B5
[3398] [M]: 0x80027214 (0x02B57063) bgeu a0, a1, 32


mem[X,0x80027234] -> 0x8193
mem[X,0x80027236] -> 0x0031
[3399] [M]: 0x80027234 (0x00318193) addi gp, gp, 3
x3 <- 0x00000003


clint::tick mtime <- 0x0000000000000022
 clint timer pending at mtime 0x0000000000000022
htif::tick 0x0000000000000000
mem[X,0x80027238] -> 0x006F
mem[X,0x8002723A] -> 0x0040
[3400] [M]: 0x80027238 (0x0040006F) jal zero, 4


mem[X,0x8002723C] -> 0x2A23
mem[X,0x8002723E] -> 0x5431
[3401] [M]: 0x8002723C (0x54312A23) sw gp, 1364(sp)
mem[0x8004B6B8] <- 0x00000003


mem[X,0x80027240] -> 0x5537
mem[X,0x80027242] -> 0x5555
[3402] [M]: 0x80027240 (0x55555537) lui a0, 349525
x10 <- 0x55555000


mem[X,0x80027244] -> 0x0513
mem[X,0x80027246] -> 0x5545
[3403] [M]: 0x80027244 (0x55450513) addi a0, a0, 1364
x10 <- 0x55555554


mem[X,0x80027248] -> 0x55B7
mem[X,0x8002724A] -> 0x5555
[3404] [M]: 0x80027248 (0x555555B7) lui a1, 349525
x11 <- 0x55555000


mem[X,0x8002724C] -> 0x8593
mem[X,0x8002724E] -> 0x5545
[3405] [M]: 0x8002724C (0x55458593) addi a1, a1, 1364
x11 <- 0x55555554


mem[X,0x80027250] -> 0x0193
mem[X,0x80027252] -> 0x0000
[3406] [M]: 0x80027250 (0x00000193) addi gp, zero, 0
x3 <- 0x00000000


mem[X,0x80027254] -> 0x006F
mem[X,0x80027256] -> 0x00C0
[3407] [M]: 0x80027254 (0x00C0006F) jal zero, 12


mem[X,0x80027260] -> 0x7663
mem[X,0x80027262] -> 0x00B5
[3408] [M]: 0x80027260 (0x00B57663) bgeu a0, a1, 12


mem[X,0x8002726C] -> 0x8193
mem[X,0x8002726E] -> 0x0031
[3409] [M]: 0x8002726C (0x00318193) addi gp, gp, 3
x3 <- 0x00000003


mem[X,0x80027270] -> 0x006F
mem[X,0x80027272] -> 0x0040
[3410] [M]: 0x80027270 (0x0040006F) jal zero, 4


mem[X,0x80027274] -> 0x2C23
mem[X,0x80027276] -> 0x5431
[3411] [M]: 0x80027274 (0x54312C23) sw gp, 1368(sp)
mem[0x8004B6BC] <- 0x00000003


mem[X,0x80027278] -> 0x5537
mem[X,0x8002727A] -> 0x5555
[3412] [M]: 0x80027278 (0x55555537) lui a0, 349525
x10 <- 0x55555000


mem[X,0x8002727C] -> 0x0513
mem[X,0x8002727E] -> 0x5545
[3413] [M]: 0x8002727C (0x55450513) addi a0, a0, 1364
x10 <- 0x55555554


mem[X,0x80027280] -> 0xB5B7
mem[X,0x80027282] -> 0xAAAA
[3414] [M]: 0x80027280 (0xAAAAB5B7) lui a1, 699051
x11 <- 0xAAAAB000


mem[X,0x80027284] -> 0x8593
mem[X,0x80027286] -> 0xAA95
[3415] [M]: 0x80027284 (0xAA958593) addi a1, a1, 2729
x11 <- 0xAAAAAAA9


mem[X,0x80027288] -> 0x0193
mem[X,0x8002728A] -> 0x0000
[3416] [M]: 0x80027288 (0x00000193) addi gp, zero, 0
x3 <- 0x00000000


mem[X,0x8002728C] -> 0x006F
mem[X,0x8002728E] -> 0x0140
[3417] [M]: 0x8002728C (0x0140006F) jal zero, 20


mem[X,0x800272A0] -> 0x78E3
mem[X,0x800272A2] -> 0xFEB5
[3418] [M]: 0x800272A0 (0xFEB578E3) bgeu a0, a1, 8176


mem[X,0x800272A4] -> 0x8193
mem[X,0x800272A6] -> 0x0021
[3419] [M]: 0x800272A4 (0x00218193) addi gp, gp, 2
x3 <- 0x00000002


mem[X,0x800272A8] -> 0x006F
mem[X,0x800272AA] -> 0x00C0
[3420] [M]: 0x800272A8 (0x00C0006F) jal zero, 12


mem[X,0x800272B4] -> 0x2E23
mem[X,0x800272B6] -> 0x5431
[3421] [M]: 0x800272B4 (0x54312E23) sw gp, 1372(sp)
mem[0x8004B6C0] <- 0x00000002


mem[X,0x800272B8] -> 0x5537
mem[X,0x800272BA] -> 0x5555
[3422] [M]: 0x800272B8 (0x55555537) lui a0, 349525
x10 <- 0x55555000


mem[X,0x800272BC] -> 0x0513
mem[X,0x800272BE] -> 0x5545
[3423] [M]: 0x800272BC (0x55450513) addi a0, a0, 1364
x10 <- 0x55555554


mem[X,0x800272C0] -> 0x0593
mem[X,0x800272C2] -> 0x0040
[3424] [M]: 0x800272C0 (0x00400593) addi a1, zero, 4
x11 <- 0x00000004


mem[X,0x800272C4] -> 0x0193
mem[X,0x800272C6] -> 0x0000
[3425] [M]: 0x800272C4 (0x00000193) addi gp, zero, 0
x3 <- 0x00000000


mem[X,0x800272C8] -> 0x006F
mem[X,0x800272CA] -> 0x00C0
[3426] [M]: 0x800272C8 (0x00C0006F) jal zero, 12


mem[X,0x800272D4] -> 0x7063
mem[X,0x800272D6] -> 0x40B5
[3427] [M]: 0x800272D4 (0x40B57063) bgeu a0, a1, 1024


mem[X,0x800276D4] -> 0x8193
mem[X,0x800276D6] -> 0x0031
[3428] [M]: 0x800276D4 (0x00318193) addi gp, gp, 3
x3 <- 0x00000003


mem[X,0x800276D8] -> 0x006F
mem[X,0x800276DA] -> 0x0040
[3429] [M]: 0x800276D8 (0x0040006F) jal zero, 4


mem[X,0x800276DC] -> 0x2023
mem[X,0x800276DE] -> 0x5631
[3430] [M]: 0x800276DC (0x56312023) sw gp, 1376(sp)
mem[0x8004B6C4] <- 0x00000003


mem[X,0x800276E0] -> 0x5537
mem[X,0x800276E2] -> 0x5555
[3431] [M]: 0x800276E0 (0x55555537) lui a0, 349525
x10 <- 0x55555000


mem[X,0x800276E4] -> 0x0513
mem[X,0x800276E6] -> 0x5545
[3432] [M]: 0x800276E4 (0x55450513) addi a0, a0, 1364
x10 <- 0x55555554


mem[X,0x800276E8] -> 0x35B7
mem[X,0x800276EA] -> 0x3333
[3433] [M]: 0x800276E8 (0x333335B7) lui a1, 209715
x11 <- 0x33333000


mem[X,0x800276EC] -> 0x8593
mem[X,0x800276EE] -> 0x3325
[3434] [M]: 0x800276EC (0x33258593) addi a1, a1, 818
x11 <- 0x33333332


mem[X,0x800276F0] -> 0x0193
mem[X,0x800276F2] -> 0x0000
[3435] [M]: 0x800276F0 (0x00000193) addi gp, zero, 0
x3 <- 0x00000000


mem[X,0x800276F4] -> 0x006F
mem[X,0x800276F6] -> 0x0050
[3436] [M]: 0x800276F4 (0x0050006F) jal zero, 2052


mem[X,0x80027EF8] -> 0x70E3
mem[X,0x80027EFA] -> 0x80B5
[3437] [M]: 0x80027EF8 (0x80B570E3) bgeu a0, a1, 6144


mem[X,0x800276F8] -> 0x8193
mem[X,0x800276FA] -> 0x0011
[3438] [M]: 0x800276F8 (0x00118193) addi gp, gp, 1
x3 <- 0x00000001


mem[X,0x800276FC] -> 0x006F
mem[X,0x800276FE] -> 0x0110
[3439] [M]: 0x800276FC (0x0110006F) jal zero, 2064


mem[X,0x80027F0C] -> 0x2223
mem[X,0x80027F0E] -> 0x5631
[3440] [M]: 0x80027F0C (0x56312223) sw gp, 1380(sp)
mem[0x8004B6C8] <- 0x00000001


mem[X,0x80027F10] -> 0x5537
mem[X,0x80027F12] -> 0x5555
[3441] [M]: 0x80027F10 (0x55555537) lui a0, 349525
x10 <- 0x55555000


mem[X,0x80027F14] -> 0x0513
mem[X,0x80027F16] -> 0x5545
[3442] [M]: 0x80027F14 (0x55450513) addi a0, a0, 1364
x10 <- 0x55555554


mem[X,0x80027F18] -> 0x65B7
mem[X,0x80027F1A] -> 0x6666
[3443] [M]: 0x80027F18 (0x666665B7) lui a1, 419430
x11 <- 0x66666000


mem[X,0x80027F1C] -> 0x8593
mem[X,0x80027F1E] -> 0x6655
[3444] [M]: 0x80027F1C (0x66558593) addi a1, a1, 1637
x11 <- 0x66666665


mem[X,0x80027F20] -> 0x0193
mem[X,0x80027F22] -> 0x0000
[3445] [M]: 0x80027F20 (0x00000193) addi gp, zero, 0
x3 <- 0x00000000


mem[X,0x80027F24] -> 0x006F
mem[X,0x80027F26] -> 0x00C0
[3446] [M]: 0x80027F24 (0x00C0006F) jal zero, 12


mem[X,0x80027F30] -> 0x7CE3
mem[X,0x80027F32] -> 0xFEB5
[3447] [M]: 0x80027F30 (0xFEB57CE3) bgeu a0, a1, 8184


mem[X,0x80027F34] -> 0x8193
mem[X,0x80027F36] -> 0x0021
[3448] [M]: 0x80027F34 (0x00218193) addi gp, gp, 2
x3 <- 0x00000002


mem[X,0x80027F38] -> 0x006F
mem[X,0x80027F3A] -> 0x00C0
[3449] [M]: 0x80027F38 (0x00C0006F) jal zero, 12


mem[X,0x80027F44] -> 0x2423
mem[X,0x80027F46] -> 0x5631
[3450] [M]: 0x80027F44 (0x56312423) sw gp, 1384(sp)
mem[0x8004B6CC] <- 0x00000002


mem[X,0x80027F48] -> 0x5537
mem[X,0x80027F4A] -> 0x5555
[3451] [M]: 0x80027F48 (0x55555537) lui a0, 349525
x10 <- 0x55555000


mem[X,0x80027F4C] -> 0x0513
mem[X,0x80027F4E] -> 0x5545
[3452] [M]: 0x80027F4C (0x55450513) addi a0, a0, 1364
x10 <- 0x55555554


mem[X,0x80027F50] -> 0xB5B7
mem[X,0x80027F52] -> 0x0000
[3453] [M]: 0x80027F50 (0x0000B5B7) lui a1, 11
x11 <- 0x0000B000


mem[X,0x80027F54] -> 0x8593
mem[X,0x80027F56] -> 0x5035
[3454] [M]: 0x80027F54 (0x50358593) addi a1, a1, 1283
x11 <- 0x0000B503


mem[X,0x80027F58] -> 0x0193
mem[X,0x80027F5A] -> 0x0000
[3455] [M]: 0x80027F58 (0x00000193) addi gp, zero, 0
x3 <- 0x00000000


mem[X,0x80027F5C] -> 0x006F
mem[X,0x80027F5E] -> 0x00C0
[3456] [M]: 0x80027F5C (0x00C0006F) jal zero, 12


mem[X,0x80027F68] -> 0x7063
mem[X,0x80027F6A] -> 0x02B5
[3457] [M]: 0x80027F68 (0x02B57063) bgeu a0, a1, 32


mem[X,0x80027F88] -> 0x8193
mem[X,0x80027F8A] -> 0x0031
[3458] [M]: 0x80027F88 (0x00318193) addi gp, gp, 3
x3 <- 0x00000003


mem[X,0x80027F8C] -> 0x006F
mem[X,0x80027F8E] -> 0x0040
[3459] [M]: 0x80027F8C (0x0040006F) jal zero, 4


mem[X,0x80027F90] -> 0x2623
mem[X,0x80027F92] -> 0x5631
[3460] [M]: 0x80027F90 (0x56312623) sw gp, 1388(sp)
mem[0x8004B6D0] <- 0x00000003


mem[X,0x80027F94] -> 0x5537
mem[X,0x80027F96] -> 0x5555
[3461] [M]: 0x80027F94 (0x55555537) lui a0, 349525
x10 <- 0x55555000


mem[X,0x80027F98] -> 0x0513
mem[X,0x80027F9A] -> 0x5545
[3462] [M]: 0x80027F98 (0x55450513) addi a0, a0, 1364
x10 <- 0x55555554


mem[X,0x80027F9C] -> 0x05B7
mem[X,0x80027F9E] -> 0x0001
[3463] [M]: 0x80027F9C (0x000105B7) lui a1, 16
x11 <- 0x00010000


mem[X,0x80027FA0] -> 0x8593
mem[X,0x80027FA2] -> 0xFFE5
[3464] [M]: 0x80027FA0 (0xFFE58593) addi a1, a1, 4094
x11 <- 0x0000FFFE


mem[X,0x80027FA4] -> 0x0193
mem[X,0x80027FA6] -> 0x0000
[3465] [M]: 0x80027FA4 (0x00000193) addi gp, zero, 0
x3 <- 0x00000000


mem[X,0x80027FA8] -> 0x006F
mem[X,0x80027FAA] -> 0x00C0
[3466] [M]: 0x80027FA8 (0x00C0006F) jal zero, 12


mem[X,0x80027FB4] -> 0x7063
mem[X,0x80027FB6] -> 0x04B5
[3467] [M]: 0x80027FB4 (0x04B57063) bgeu a0, a1, 64


mem[X,0x80027FF4] -> 0x8193
mem[X,0x80027FF6] -> 0x0031
[3468] [M]: 0x80027FF4 (0x00318193) addi gp, gp, 3
x3 <- 0x00000003


mem[X,0x80027FF8] -> 0x006F
mem[X,0x80027FFA] -> 0x0040
[3469] [M]: 0x80027FF8 (0x0040006F) jal zero, 4


mem[X,0x80027FFC] -> 0x2823
mem[X,0x80027FFE] -> 0x5631
[3470] [M]: 0x80027FFC (0x56312823) sw gp, 1392(sp)
mem[0x8004B6D4] <- 0x00000003


mem[X,0x80028000] -> 0x5537
mem[X,0x80028002] -> 0x5555
[3471] [M]: 0x80028000 (0x55555537) lui a0, 349525
x10 <- 0x55555000


mem[X,0x80028004] -> 0x0513
mem[X,0x80028006] -> 0x5545
[3472] [M]: 0x80028004 (0x55450513) addi a0, a0, 1364
x10 <- 0x55555554


mem[X,0x80028008] -> 0x55B7
mem[X,0x8002800A] -> 0x5555
[3473] [M]: 0x80028008 (0x555555B7) lui a1, 349525
x11 <- 0x55555000


mem[X,0x8002800C] -> 0x8593
mem[X,0x8002800E] -> 0x5565
[3474] [M]: 0x8002800C (0x55658593) addi a1, a1, 1366
x11 <- 0x55555556


mem[X,0x80028010] -> 0x0193
mem[X,0x80028012] -> 0x0000
[3475] [M]: 0x80028010 (0x00000193) addi gp, zero, 0
x3 <- 0x00000000


mem[X,0x80028014] -> 0x006F
mem[X,0x80028016] -> 0x00C0
[3476] [M]: 0x80028014 (0x00C0006F) jal zero, 12


mem[X,0x80028020] -> 0x7063
mem[X,0x80028022] -> 0x40B5
[3477] [M]: 0x80028020 (0x40B57063) bgeu a0, a1, 1024


mem[X,0x80028024] -> 0x8193
mem[X,0x80028026] -> 0x0021
[3478] [M]: 0x80028024 (0x00218193) addi gp, gp, 2
x3 <- 0x00000002


mem[X,0x80028028] -> 0x006F
mem[X,0x8002802A] -> 0x4000
[3479] [M]: 0x80028028 (0x4000006F) jal zero, 1024


mem[X,0x80028428] -> 0x2A23
mem[X,0x8002842A] -> 0x5631
[3480] [M]: 0x80028428 (0x56312A23) sw gp, 1396(sp)
mem[0x8004B6D8] <- 0x00000002


mem[X,0x8002842C] -> 0x5537
mem[X,0x8002842E] -> 0x5555
[3481] [M]: 0x8002842C (0x55555537) lui a0, 349525
x10 <- 0x55555000


mem[X,0x80028430] -> 0x0513
mem[X,0x80028432] -> 0x5545
[3482] [M]: 0x80028430 (0x55450513) addi a0, a0, 1364
x10 <- 0x55555554


mem[X,0x80028434] -> 0xB5B7
mem[X,0x80028436] -> 0xAAAA
[3483] [M]: 0x80028434 (0xAAAAB5B7) lui a1, 699051
x11 <- 0xAAAAB000


mem[X,0x80028438] -> 0x8593
mem[X,0x8002843A] -> 0xAAB5
[3484] [M]: 0x80028438 (0xAAB58593) addi a1, a1, 2731
x11 <- 0xAAAAAAAB


mem[X,0x8002843C] -> 0x0193
mem[X,0x8002843E] -> 0x0000
[3485] [M]: 0x8002843C (0x00000193) addi gp, zero, 0
x3 <- 0x00000000


mem[X,0x80028440] -> 0x006F
mem[X,0x80028442] -> 0x00C0
[3486] [M]: 0x80028440 (0x00C0006F) jal zero, 12


mem[X,0x8002844C] -> 0x7063
mem[X,0x8002844E] -> 0x20B5
[3487] [M]: 0x8002844C (0x20B57063) bgeu a0, a1, 512


mem[X,0x80028450] -> 0x8193
mem[X,0x80028452] -> 0x0021
[3488] [M]: 0x80028450 (0x00218193) addi gp, gp, 2
x3 <- 0x00000002


mem[X,0x80028454] -> 0x006F
mem[X,0x80028456] -> 0x2000
[3489] [M]: 0x80028454 (0x2000006F) jal zero, 512


mem[X,0x80028654] -> 0x2C23
mem[X,0x80028656] -> 0x5631
[3490] [M]: 0x80028654 (0x56312C23) sw gp, 1400(sp)
mem[0x8004B6DC] <- 0x00000002


mem[X,0x80028658] -> 0x5537
mem[X,0x8002865A] -> 0x5555
[3491] [M]: 0x80028658 (0x55555537) lui a0, 349525
x10 <- 0x55555000


mem[X,0x8002865C] -> 0x0513
mem[X,0x8002865E] -> 0x5545
[3492] [M]: 0x8002865C (0x55450513) addi a0, a0, 1364
x10 <- 0x55555554


mem[X,0x80028660] -> 0x0593
mem[X,0x80028662] -> 0x0060
[3493] [M]: 0x80028660 (0x00600593) addi a1, zero, 6
x11 <- 0x00000006


mem[X,0x80028664] -> 0x0193
mem[X,0x80028666] -> 0x0000
[3494] [M]: 0x80028664 (0x00000193) addi gp, zero, 0
x3 <- 0x00000000


mem[X,0x80028668] -> 0x006F
mem[X,0x8002866A] -> 0x0140
[3495] [M]: 0x80028668 (0x0140006F) jal zero, 20


mem[X,0x8002867C] -> 0x78E3
mem[X,0x8002867E] -> 0xFEB5
[3496] [M]: 0x8002867C (0xFEB578E3) bgeu a0, a1, 8176


mem[X,0x8002866C] -> 0x8193
mem[X,0x8002866E] -> 0x0011
[3497] [M]: 0x8002866C (0x00118193) addi gp, gp, 1
x3 <- 0x00000001


mem[X,0x80028670] -> 0x006F
mem[X,0x80028672] -> 0x0200
[3498] [M]: 0x80028670 (0x0200006F) jal zero, 32


mem[X,0x80028690] -> 0x2E23
mem[X,0x80028692] -> 0x5631
[3499] [M]: 0x80028690 (0x56312E23) sw gp, 1404(sp)
mem[0x8004B6E0] <- 0x00000001


clint::tick mtime <- 0x0000000000000023
 clint timer pending at mtime 0x0000000000000023
htif::tick 0x0000000000000000
mem[X,0x80028694] -> 0x5537
mem[X,0x80028696] -> 0x5555
[3500] [M]: 0x80028694 (0x55555537) lui a0, 349525
x10 <- 0x55555000


mem[X,0x80028698] -> 0x0513
mem[X,0x8002869A] -> 0x5545
[3501] [M]: 0x80028698 (0x55450513) addi a0, a0, 1364
x10 <- 0x55555554


mem[X,0x8002869C] -> 0x35B7
mem[X,0x8002869E] -> 0x3333
[3502] [M]: 0x8002869C (0x333335B7) lui a1, 209715
x11 <- 0x33333000


mem[X,0x800286A0] -> 0x8593
mem[X,0x800286A2] -> 0x3345
[3503] [M]: 0x800286A0 (0x33458593) addi a1, a1, 820
x11 <- 0x33333334


mem[X,0x800286A4] -> 0x0193
mem[X,0x800286A6] -> 0x0000
[3504] [M]: 0x800286A4 (0x00000193) addi gp, zero, 0
x3 <- 0x00000000


mem[X,0x800286A8] -> 0x006F
mem[X,0x800286AA] -> 0x00C0
[3505] [M]: 0x800286A8 (0x00C0006F) jal zero, 12


mem[X,0x800286B4] -> 0x7663
mem[X,0x800286B6] -> 0x00B5
[3506] [M]: 0x800286B4 (0x00B57663) bgeu a0, a1, 12


mem[X,0x800286C0] -> 0x8193
mem[X,0x800286C2] -> 0x0031
[3507] [M]: 0x800286C0 (0x00318193) addi gp, gp, 3
x3 <- 0x00000003


mem[X,0x800286C4] -> 0x006F
mem[X,0x800286C6] -> 0x0040
[3508] [M]: 0x800286C4 (0x0040006F) jal zero, 4


mem[X,0x800286C8] -> 0x2023
mem[X,0x800286CA] -> 0x5831
[3509] [M]: 0x800286C8 (0x58312023) sw gp, 1408(sp)
mem[0x8004B6E4] <- 0x00000003


mem[X,0x800286CC] -> 0x5537
mem[X,0x800286CE] -> 0x5555
[3510] [M]: 0x800286CC (0x55555537) lui a0, 349525
x10 <- 0x55555000


mem[X,0x800286D0] -> 0x0513
mem[X,0x800286D2] -> 0x5545
[3511] [M]: 0x800286D0 (0x55450513) addi a0, a0, 1364
x10 <- 0x55555554


mem[X,0x800286D4] -> 0x65B7
mem[X,0x800286D6] -> 0x6666
[3512] [M]: 0x800286D4 (0x666665B7) lui a1, 419430
x11 <- 0x66666000


mem[X,0x800286D8] -> 0x8593
mem[X,0x800286DA] -> 0x6675
[3513] [M]: 0x800286D8 (0x66758593) addi a1, a1, 1639
x11 <- 0x66666667


mem[X,0x800286DC] -> 0x0193
mem[X,0x800286DE] -> 0x0000
[3514] [M]: 0x800286DC (0x00000193) addi gp, zero, 0
x3 <- 0x00000000


mem[X,0x800286E0] -> 0x006F
mem[X,0x800286E2] -> 0x00C0
[3515] [M]: 0x800286E0 (0x00C0006F) jal zero, 12


mem[X,0x800286EC] -> 0x7663
mem[X,0x800286EE] -> 0x00B5
[3516] [M]: 0x800286EC (0x00B57663) bgeu a0, a1, 12


mem[X,0x800286F0] -> 0x8193
mem[X,0x800286F2] -> 0x0021
[3517] [M]: 0x800286F0 (0x00218193) addi gp, gp, 2
x3 <- 0x00000002


mem[X,0x800286F4] -> 0x006F
mem[X,0x800286F6] -> 0x00C0
[3518] [M]: 0x800286F4 (0x00C0006F) jal zero, 12


mem[X,0x80028700] -> 0x2223
mem[X,0x80028702] -> 0x5831
[3519] [M]: 0x80028700 (0x58312223) sw gp, 1412(sp)
mem[0x8004B6E8] <- 0x00000002


mem[X,0x80028704] -> 0x5537
mem[X,0x80028706] -> 0x5555
[3520] [M]: 0x80028704 (0x55555537) lui a0, 349525
x10 <- 0x55555000


mem[X,0x80028708] -> 0x0513
mem[X,0x8002870A] -> 0x5545
[3521] [M]: 0x80028708 (0x55450513) addi a0, a0, 1364
x10 <- 0x55555554


mem[X,0x8002870C] -> 0xB5B7
mem[X,0x8002870E] -> 0x0000
[3522] [M]: 0x8002870C (0x0000B5B7) lui a1, 11
x11 <- 0x0000B000


mem[X,0x80028710] -> 0x8593
mem[X,0x80028712] -> 0x5055
[3523] [M]: 0x80028710 (0x50558593) addi a1, a1, 1285
x11 <- 0x0000B505


mem[X,0x80028714] -> 0x0193
mem[X,0x80028716] -> 0x0000
[3524] [M]: 0x80028714 (0x00000193) addi gp, zero, 0
x3 <- 0x00000000


mem[X,0x80028718] -> 0x006F
mem[X,0x8002871A] -> 0x00C0
[3525] [M]: 0x80028718 (0x00C0006F) jal zero, 12


mem[X,0x80028724] -> 0x7063
mem[X,0x80028726] -> 0x08B5
[3526] [M]: 0x80028724 (0x08B57063) bgeu a0, a1, 128


mem[X,0x800287A4] -> 0x8193
mem[X,0x800287A6] -> 0x0031
[3527] [M]: 0x800287A4 (0x00318193) addi gp, gp, 3
x3 <- 0x00000003


mem[X,0x800287A8] -> 0x006F
mem[X,0x800287AA] -> 0x0040
[3528] [M]: 0x800287A8 (0x0040006F) jal zero, 4


mem[X,0x800287AC] -> 0x2423
mem[X,0x800287AE] -> 0x5831
[3529] [M]: 0x800287AC (0x58312423) sw gp, 1416(sp)
mem[0x8004B6EC] <- 0x00000003


mem[X,0x800287B0] -> 0x5537
mem[X,0x800287B2] -> 0x5555
[3530] [M]: 0x800287B0 (0x55555537) lui a0, 349525
x10 <- 0x55555000


mem[X,0x800287B4] -> 0x0513
mem[X,0x800287B6] -> 0x5545
[3531] [M]: 0x800287B4 (0x55450513) addi a0, a0, 1364
x10 <- 0x55555554


mem[X,0x800287B8] -> 0x0593
mem[X,0x800287BA] -> 0x0010
[3532] [M]: 0x800287B8 (0x00100593) addi a1, zero, 1
x11 <- 0x00000001


mem[X,0x800287BC] -> 0x0193
mem[X,0x800287BE] -> 0x0000
[3533] [M]: 0x800287BC (0x00000193) addi gp, zero, 0
x3 <- 0x00000000


mem[X,0x800287C0] -> 0x006F
mem[X,0x800287C2] -> 0x00C0
[3534] [M]: 0x800287C0 (0x00C0006F) jal zero, 12


mem[X,0x800287CC] -> 0x7663
mem[X,0x800287CE] -> 0x00B5
[3535] [M]: 0x800287CC (0x00B57663) bgeu a0, a1, 12


mem[X,0x800287D8] -> 0x8193
mem[X,0x800287DA] -> 0x0031
[3536] [M]: 0x800287D8 (0x00318193) addi gp, gp, 3
x3 <- 0x00000003


mem[X,0x800287DC] -> 0x006F
mem[X,0x800287DE] -> 0x0040
[3537] [M]: 0x800287DC (0x0040006F) jal zero, 4


mem[X,0x800287E0] -> 0x2623
mem[X,0x800287E2] -> 0x5831
[3538] [M]: 0x800287E0 (0x58312623) sw gp, 1420(sp)
mem[0x8004B6F0] <- 0x00000003


mem[X,0x800287E4] -> 0x5537
mem[X,0x800287E6] -> 0x5555
[3539] [M]: 0x800287E4 (0x55555537) lui a0, 349525
x10 <- 0x55555000


mem[X,0x800287E8] -> 0x0513
mem[X,0x800287EA] -> 0x5545
[3540] [M]: 0x800287E8 (0x55450513) addi a0, a0, 1364
x10 <- 0x55555554


mem[X,0x800287EC] -> 0x05B7
mem[X,0x800287EE] -> 0x0001
[3541] [M]: 0x800287EC (0x000105B7) lui a1, 16
x11 <- 0x00010000


mem[X,0x800287F0] -> 0x0193
mem[X,0x800287F2] -> 0x0000
[3542] [M]: 0x800287F0 (0x00000193) addi gp, zero, 0
x3 <- 0x00000000


mem[X,0x800287F4] -> 0x006F
mem[X,0x800287F6] -> 0x0140
[3543] [M]: 0x800287F4 (0x0140006F) jal zero, 20


mem[X,0x80028808] -> 0x78E3
mem[X,0x8002880A] -> 0xFEB5
[3544] [M]: 0x80028808 (0xFEB578E3) bgeu a0, a1, 8176


mem[X,0x800287F8] -> 0x8193
mem[X,0x800287FA] -> 0x0011
[3545] [M]: 0x800287F8 (0x00118193) addi gp, gp, 1
x3 <- 0x00000001


mem[X,0x800287FC] -> 0x006F
mem[X,0x800287FE] -> 0x0200
[3546] [M]: 0x800287FC (0x0200006F) jal zero, 32


mem[X,0x8002881C] -> 0x2823
mem[X,0x8002881E] -> 0x5831
[3547] [M]: 0x8002881C (0x58312823) sw gp, 1424(sp)
mem[0x8004B6F4] <- 0x00000001


mem[X,0x80028820] -> 0xB537
mem[X,0x80028822] -> 0xAAAA
[3548] [M]: 0x80028820 (0xAAAAB537) lui a0, 699051
x10 <- 0xAAAAB000


mem[X,0x80028824] -> 0x0513
mem[X,0x80028826] -> 0xAA95
[3549] [M]: 0x80028824 (0xAA950513) addi a0, a0, 2729
x10 <- 0xAAAAAAA9


mem[X,0x80028828] -> 0x0593
mem[X,0x8002882A] -> 0x0030
[3550] [M]: 0x80028828 (0x00300593) addi a1, zero, 3
x11 <- 0x00000003


mem[X,0x8002882C] -> 0x0193
mem[X,0x8002882E] -> 0x0000
[3551] [M]: 0x8002882C (0x00000193) addi gp, zero, 0
x3 <- 0x00000000


mem[X,0x80028830] -> 0x006F
mem[X,0x80028832] -> 0x0180
[3552] [M]: 0x80028830 (0x0180006F) jal zero, 24


mem[X,0x80028848] -> 0x76E3
mem[X,0x8002884A] -> 0xFEB5
[3553] [M]: 0x80028848 (0xFEB576E3) bgeu a0, a1, 8172


mem[X,0x80028834] -> 0x8193
mem[X,0x80028836] -> 0x0011
[3554] [M]: 0x80028834 (0x00118193) addi gp, gp, 1
x3 <- 0x00000001


mem[X,0x80028838] -> 0x006F
mem[X,0x8002883A] -> 0x0240
[3555] [M]: 0x80028838 (0x0240006F) jal zero, 36


mem[X,0x8002885C] -> 0x2A23
mem[X,0x8002885E] -> 0x5831
[3556] [M]: 0x8002885C (0x58312A23) sw gp, 1428(sp)
mem[0x8004B6F8] <- 0x00000001


mem[X,0x80028860] -> 0xB537
mem[X,0x80028862] -> 0xAAAA
[3557] [M]: 0x80028860 (0xAAAAB537) lui a0, 699051
x10 <- 0xAAAAB000


mem[X,0x80028864] -> 0x0513
mem[X,0x80028866] -> 0xAA95
[3558] [M]: 0x80028864 (0xAA950513) addi a0, a0, 2729
x10 <- 0xAAAAAAA9


mem[X,0x80028868] -> 0x55B7
mem[X,0x8002886A] -> 0x5555
[3559] [M]: 0x80028868 (0x555555B7) lui a1, 349525
x11 <- 0x55555000


mem[X,0x8002886C] -> 0x8593
mem[X,0x8002886E] -> 0x5555
[3560] [M]: 0x8002886C (0x55558593) addi a1, a1, 1365
x11 <- 0x55555555


mem[X,0x80028870] -> 0x0193
mem[X,0x80028872] -> 0x0000
[3561] [M]: 0x80028870 (0x00000193) addi gp, zero, 0
x3 <- 0x00000000


mem[X,0x80028874] -> 0x006F
mem[X,0x80028876] -> 0x00C0
[3562] [M]: 0x80028874 (0x00C0006F) jal zero, 12


mem[X,0x80028880] -> 0x7863
mem[X,0x80028882] -> 0x00B5
[3563] [M]: 0x80028880 (0x00B57863) bgeu a0, a1, 16


mem[X,0x80028890] -> 0x8193
mem[X,0x80028892] -> 0x0031
[3564] [M]: 0x80028890 (0x00318193) addi gp, gp, 3
x3 <- 0x00000003


mem[X,0x80028894] -> 0x006F
mem[X,0x80028896] -> 0x0040
[3565] [M]: 0x80028894 (0x0040006F) jal zero, 4


mem[X,0x80028898] -> 0x2C23
mem[X,0x8002889A] -> 0x5831
[3566] [M]: 0x80028898 (0x58312C23) sw gp, 1432(sp)
mem[0x8004B6FC] <- 0x00000003


mem[X,0x8002889C] -> 0xB537
mem[X,0x8002889E] -> 0xAAAA
[3567] [M]: 0x8002889C (0xAAAAB537) lui a0, 699051
x10 <- 0xAAAAB000


mem[X,0x800288A0] -> 0x0513
mem[X,0x800288A2] -> 0xAA95
[3568] [M]: 0x800288A0 (0xAA950513) addi a0, a0, 2729
x10 <- 0xAAAAAAA9


mem[X,0x800288A4] -> 0xB5B7
mem[X,0x800288A6] -> 0xAAAA
[3569] [M]: 0x800288A4 (0xAAAAB5B7) lui a1, 699051
x11 <- 0xAAAAB000


mem[X,0x800288A8] -> 0x8593
mem[X,0x800288AA] -> 0xAAA5
[3570] [M]: 0x800288A8 (0xAAA58593) addi a1, a1, 2730
x11 <- 0xAAAAAAAA


mem[X,0x800288AC] -> 0x0193
mem[X,0x800288AE] -> 0x0000
[3571] [M]: 0x800288AC (0x00000193) addi gp, zero, 0
x3 <- 0x00000000


mem[X,0x800288B0] -> 0x006F
mem[X,0x800288B2] -> 0x0140
[3572] [M]: 0x800288B0 (0x0140006F) jal zero, 20


mem[X,0x800288C4] -> 0x78E3
mem[X,0x800288C6] -> 0xFEB5
[3573] [M]: 0x800288C4 (0xFEB578E3) bgeu a0, a1, 8176


mem[X,0x800288C8] -> 0x8193
mem[X,0x800288CA] -> 0x0021
[3574] [M]: 0x800288C8 (0x00218193) addi gp, gp, 2
x3 <- 0x00000002


mem[X,0x800288CC] -> 0x006F
mem[X,0x800288CE] -> 0x00C0
[3575] [M]: 0x800288CC (0x00C0006F) jal zero, 12


mem[X,0x800288D8] -> 0x2E23
mem[X,0x800288DA] -> 0x5831
[3576] [M]: 0x800288D8 (0x58312E23) sw gp, 1436(sp)
mem[0x8004B700] <- 0x00000002


mem[X,0x800288DC] -> 0xB537
mem[X,0x800288DE] -> 0xAAAA
[3577] [M]: 0x800288DC (0xAAAAB537) lui a0, 699051
x10 <- 0xAAAAB000


mem[X,0x800288E0] -> 0x0513
mem[X,0x800288E2] -> 0xAA95
[3578] [M]: 0x800288E0 (0xAA950513) addi a0, a0, 2729
x10 <- 0xAAAAAAA9


mem[X,0x800288E4] -> 0x0593
mem[X,0x800288E6] -> 0x0050
[3579] [M]: 0x800288E4 (0x00500593) addi a1, zero, 5
x11 <- 0x00000005


mem[X,0x800288E8] -> 0x0193
mem[X,0x800288EA] -> 0x0000
[3580] [M]: 0x800288E8 (0x00000193) addi gp, zero, 0
x3 <- 0x00000000


mem[X,0x800288EC] -> 0x006F
mem[X,0x800288EE] -> 0x00C0
[3581] [M]: 0x800288EC (0x00C0006F) jal zero, 12


mem[X,0x800288F8] -> 0x7CE3
mem[X,0x800288FA] -> 0xFEB5
[3582] [M]: 0x800288F8 (0xFEB57CE3) bgeu a0, a1, 8184


mem[X,0x800288F0] -> 0x8193
mem[X,0x800288F2] -> 0x0011
[3583] [M]: 0x800288F0 (0x00118193) addi gp, gp, 1
x3 <- 0x00000001


mem[X,0x800288F4] -> 0x006F
mem[X,0x800288F6] -> 0x0180
[3584] [M]: 0x800288F4 (0x0180006F) jal zero, 24


mem[X,0x8002890C] -> 0x2023
mem[X,0x8002890E] -> 0x5A31
[3585] [M]: 0x8002890C (0x5A312023) sw gp, 1440(sp)
mem[0x8004B704] <- 0x00000001


mem[X,0x80028910] -> 0xB537
mem[X,0x80028912] -> 0xAAAA
[3586] [M]: 0x80028910 (0xAAAAB537) lui a0, 699051
x10 <- 0xAAAAB000


mem[X,0x80028914] -> 0x0513
mem[X,0x80028916] -> 0xAA95
[3587] [M]: 0x80028914 (0xAA950513) addi a0, a0, 2729
x10 <- 0xAAAAAAA9


mem[X,0x80028918] -> 0x35B7
mem[X,0x8002891A] -> 0x3333
[3588] [M]: 0x80028918 (0x333335B7) lui a1, 209715
x11 <- 0x33333000


mem[X,0x8002891C] -> 0x8593
mem[X,0x8002891E] -> 0x3335
[3589] [M]: 0x8002891C (0x33358593) addi a1, a1, 819
x11 <- 0x33333333


mem[X,0x80028920] -> 0x0193
mem[X,0x80028922] -> 0x0000
[3590] [M]: 0x80028920 (0x00000193) addi gp, zero, 0
x3 <- 0x00000000


mem[X,0x80028924] -> 0x006F
mem[X,0x80028926] -> 0x00C0
[3591] [M]: 0x80028924 (0x00C0006F) jal zero, 12


mem[X,0x80028930] -> 0x7063
mem[X,0x80028932] -> 0x20B5
[3592] [M]: 0x80028930 (0x20B57063) bgeu a0, a1, 512


mem[X,0x80028B30] -> 0x8193
mem[X,0x80028B32] -> 0x0031
[3593] [M]: 0x80028B30 (0x00318193) addi gp, gp, 3
x3 <- 0x00000003


mem[X,0x80028B34] -> 0x006F
mem[X,0x80028B36] -> 0x0040
[3594] [M]: 0x80028B34 (0x0040006F) jal zero, 4


mem[X,0x80028B38] -> 0x2223
mem[X,0x80028B3A] -> 0x5A31
[3595] [M]: 0x80028B38 (0x5A312223) sw gp, 1444(sp)
mem[0x8004B708] <- 0x00000003


mem[X,0x80028B3C] -> 0xB537
mem[X,0x80028B3E] -> 0xAAAA
[3596] [M]: 0x80028B3C (0xAAAAB537) lui a0, 699051
x10 <- 0xAAAAB000


mem[X,0x80028B40] -> 0x0513
mem[X,0x80028B42] -> 0xAA95
[3597] [M]: 0x80028B40 (0xAA950513) addi a0, a0, 2729
x10 <- 0xAAAAAAA9


mem[X,0x80028B44] -> 0x65B7
mem[X,0x80028B46] -> 0x6666
[3598] [M]: 0x80028B44 (0x666665B7) lui a1, 419430
x11 <- 0x66666000


mem[X,0x80028B48] -> 0x8593
mem[X,0x80028B4A] -> 0x6665
[3599] [M]: 0x80028B48 (0x66658593) addi a1, a1, 1638
x11 <- 0x66666666


clint::tick mtime <- 0x0000000000000024
 clint timer pending at mtime 0x0000000000000024
htif::tick 0x0000000000000000
mem[X,0x80028B4C] -> 0x0193
mem[X,0x80028B4E] -> 0x0000
[3600] [M]: 0x80028B4C (0x00000193) addi gp, zero, 0
x3 <- 0x00000000


mem[X,0x80028B50] -> 0x006F
mem[X,0x80028B52] -> 0x00C0
[3601] [M]: 0x80028B50 (0x00C0006F) jal zero, 12


mem[X,0x80028B5C] -> 0x7663
mem[X,0x80028B5E] -> 0x00B5
[3602] [M]: 0x80028B5C (0x00B57663) bgeu a0, a1, 12


mem[X,0x80028B68] -> 0x8193
mem[X,0x80028B6A] -> 0x0031
[3603] [M]: 0x80028B68 (0x00318193) addi gp, gp, 3
x3 <- 0x00000003


mem[X,0x80028B6C] -> 0x006F
mem[X,0x80028B6E] -> 0x0040
[3604] [M]: 0x80028B6C (0x0040006F) jal zero, 4


mem[X,0x80028B70] -> 0x2423
mem[X,0x80028B72] -> 0x5A31
[3605] [M]: 0x80028B70 (0x5A312423) sw gp, 1448(sp)
mem[0x8004B70C] <- 0x00000003


mem[X,0x80028B74] -> 0xB537
mem[X,0x80028B76] -> 0xAAAA
[3606] [M]: 0x80028B74 (0xAAAAB537) lui a0, 699051
x10 <- 0xAAAAB000


mem[X,0x80028B78] -> 0x0513
mem[X,0x80028B7A] -> 0xAA95
[3607] [M]: 0x80028B78 (0xAA950513) addi a0, a0, 2729
x10 <- 0xAAAAAAA9


mem[X,0x80028B7C] -> 0xB5B7
mem[X,0x80028B7E] -> 0x0000
[3608] [M]: 0x80028B7C (0x0000B5B7) lui a1, 11
x11 <- 0x0000B000


mem[X,0x80028B80] -> 0x8593
mem[X,0x80028B82] -> 0x5045
[3609] [M]: 0x80028B80 (0x50458593) addi a1, a1, 1284
x11 <- 0x0000B504


mem[X,0x80028B84] -> 0x0193
mem[X,0x80028B86] -> 0x0000
[3610] [M]: 0x80028B84 (0x00000193) addi gp, zero, 0
x3 <- 0x00000000


mem[X,0x80028B88] -> 0x006F
mem[X,0x80028B8A] -> 0x00C0
[3611] [M]: 0x80028B88 (0x00C0006F) jal zero, 12


mem[X,0x80028B94] -> 0x7063
mem[X,0x80028B96] -> 0x40B5
[3612] [M]: 0x80028B94 (0x40B57063) bgeu a0, a1, 1024


mem[X,0x80028F94] -> 0x8193
mem[X,0x80028F96] -> 0x0031
[3613] [M]: 0x80028F94 (0x00318193) addi gp, gp, 3
x3 <- 0x00000003


mem[X,0x80028F98] -> 0x006F
mem[X,0x80028F9A] -> 0x0040
[3614] [M]: 0x80028F98 (0x0040006F) jal zero, 4


mem[X,0x80028F9C] -> 0x2623
mem[X,0x80028F9E] -> 0x5A31
[3615] [M]: 0x80028F9C (0x5A312623) sw gp, 1452(sp)
mem[0x8004B710] <- 0x00000003


mem[X,0x80028FA0] -> 0xB537
mem[X,0x80028FA2] -> 0xAAAA
[3616] [M]: 0x80028FA0 (0xAAAAB537) lui a0, 699051
x10 <- 0xAAAAB000


mem[X,0x80028FA4] -> 0x0513
mem[X,0x80028FA6] -> 0xAA95
[3617] [M]: 0x80028FA4 (0xAA950513) addi a0, a0, 2729
x10 <- 0xAAAAAAA9


mem[X,0x80028FA8] -> 0x0593
mem[X,0x80028FAA] -> 0x0000
[3618] [M]: 0x80028FA8 (0x00000593) addi a1, zero, 0
x11 <- 0x00000000


mem[X,0x80028FAC] -> 0x0193
mem[X,0x80028FAE] -> 0x0000
[3619] [M]: 0x80028FAC (0x00000193) addi gp, zero, 0
x3 <- 0x00000000


mem[X,0x80028FB0] -> 0x006F
mem[X,0x80028FB2] -> 0x0100
[3620] [M]: 0x80028FB0 (0x0100006F) jal zero, 16


mem[X,0x80028FC0] -> 0x7AE3
mem[X,0x80028FC2] -> 0xFEB5
[3621] [M]: 0x80028FC0 (0xFEB57AE3) bgeu a0, a1, 8180


mem[X,0x80028FB4] -> 0x8193
mem[X,0x80028FB6] -> 0x0011
[3622] [M]: 0x80028FB4 (0x00118193) addi gp, gp, 1
x3 <- 0x00000001


mem[X,0x80028FB8] -> 0x006F
mem[X,0x80028FBA] -> 0x01C0
[3623] [M]: 0x80028FB8 (0x01C0006F) jal zero, 28


mem[X,0x80028FD4] -> 0x2823
mem[X,0x80028FD6] -> 0x5A31
[3624] [M]: 0x80028FD4 (0x5A312823) sw gp, 1456(sp)
mem[0x8004B714] <- 0x00000001


mem[X,0x80028FD8] -> 0xB537
mem[X,0x80028FDA] -> 0xAAAA
[3625] [M]: 0x80028FD8 (0xAAAAB537) lui a0, 699051
x10 <- 0xAAAAB000


mem[X,0x80028FDC] -> 0x0513
mem[X,0x80028FDE] -> 0xAA95
[3626] [M]: 0x80028FDC (0xAA950513) addi a0, a0, 2729
x10 <- 0xAAAAAAA9


mem[X,0x80028FE0] -> 0x05B7
mem[X,0x80028FE2] -> 0x0001
[3627] [M]: 0x80028FE0 (0x000105B7) lui a1, 16
x11 <- 0x00010000


mem[X,0x80028FE4] -> 0x8593
mem[X,0x80028FE6] -> 0xFFF5
[3628] [M]: 0x80028FE4 (0xFFF58593) addi a1, a1, 4095
x11 <- 0x0000FFFF


mem[X,0x80028FE8] -> 0x0193
mem[X,0x80028FEA] -> 0x0000
[3629] [M]: 0x80028FE8 (0x00000193) addi gp, zero, 0
x3 <- 0x00000000


mem[X,0x80028FEC] -> 0x006F
mem[X,0x80028FEE] -> 0x00C0
[3630] [M]: 0x80028FEC (0x00C0006F) jal zero, 12


mem[X,0x80028FF8] -> 0x7663
mem[X,0x80028FFA] -> 0x00B5
[3631] [M]: 0x80028FF8 (0x00B57663) bgeu a0, a1, 12


mem[X,0x80029004] -> 0x8193
mem[X,0x80029006] -> 0x0031
[3632] [M]: 0x80029004 (0x00318193) addi gp, gp, 3
x3 <- 0x00000003


mem[X,0x80029008] -> 0x006F
mem[X,0x8002900A] -> 0x0040
[3633] [M]: 0x80029008 (0x0040006F) jal zero, 4


mem[X,0x8002900C] -> 0x2A23
mem[X,0x8002900E] -> 0x5A31
[3634] [M]: 0x8002900C (0x5A312A23) sw gp, 1460(sp)
mem[0x8004B718] <- 0x00000003


mem[X,0x80029010] -> 0xB537
mem[X,0x80029012] -> 0xAAAA
[3635] [M]: 0x80029010 (0xAAAAB537) lui a0, 699051
x10 <- 0xAAAAB000


mem[X,0x80029014] -> 0x0513
mem[X,0x80029016] -> 0xAA95
[3636] [M]: 0x80029014 (0xAA950513) addi a0, a0, 2729
x10 <- 0xAAAAAAA9


mem[X,0x80029018] -> 0x0593
mem[X,0x8002901A] -> 0x0020
[3637] [M]: 0x80029018 (0x00200593) addi a1, zero, 2
x11 <- 0x00000002


mem[X,0x8002901C] -> 0x0193
mem[X,0x8002901E] -> 0x0000
[3638] [M]: 0x8002901C (0x00000193) addi gp, zero, 0
x3 <- 0x00000000


mem[X,0x80029020] -> 0x006F
mem[X,0x80029022] -> 0x2B10
[3639] [M]: 0x80029020 (0x2B10006F) jal zero, 2736


mem[X,0x80029AD0] -> 0x7A63
mem[X,0x80029AD2] -> 0xD4B5
[3640] [M]: 0x80029AD0 (0xD4B57A63) bgeu a0, a1, 5460


mem[X,0x80029024] -> 0x8193
mem[X,0x80029026] -> 0x0011
[3641] [M]: 0x80029024 (0x00118193) addi gp, gp, 1
x3 <- 0x00000001


mem[X,0x80029028] -> 0x006F
mem[X,0x8002902A] -> 0x2BD0
[3642] [M]: 0x80029028 (0x2BD0006F) jal zero, 2748


mem[X,0x80029AE4] -> 0x2C23
mem[X,0x80029AE6] -> 0x5A31
[3643] [M]: 0x80029AE4 (0x5A312C23) sw gp, 1464(sp)
mem[0x8004B71C] <- 0x00000001


mem[X,0x80029AE8] -> 0xB537
mem[X,0x80029AEA] -> 0xAAAA
[3644] [M]: 0x80029AE8 (0xAAAAB537) lui a0, 699051
x10 <- 0xAAAAB000


mem[X,0x80029AEC] -> 0x0513
mem[X,0x80029AEE] -> 0xAA95
[3645] [M]: 0x80029AEC (0xAA950513) addi a0, a0, 2729
x10 <- 0xAAAAAAA9


mem[X,0x80029AF0] -> 0x55B7
mem[X,0x80029AF2] -> 0x5555
[3646] [M]: 0x80029AF0 (0x555555B7) lui a1, 349525
x11 <- 0x55555000


mem[X,0x80029AF4] -> 0x8593
mem[X,0x80029AF6] -> 0x5545
[3647] [M]: 0x80029AF4 (0x55458593) addi a1, a1, 1364
x11 <- 0x55555554


mem[X,0x80029AF8] -> 0x0193
mem[X,0x80029AFA] -> 0x0000
[3648] [M]: 0x80029AF8 (0x00000193) addi gp, zero, 0
x3 <- 0x00000000


mem[X,0x80029AFC] -> 0x006F
mem[X,0x80029AFE] -> 0x00C0
[3649] [M]: 0x80029AFC (0x00C0006F) jal zero, 12


mem[X,0x80029B08] -> 0x7663
mem[X,0x80029B0A] -> 0x00B5
[3650] [M]: 0x80029B08 (0x00B57663) bgeu a0, a1, 12


mem[X,0x80029B14] -> 0x8193
mem[X,0x80029B16] -> 0x0031
[3651] [M]: 0x80029B14 (0x00318193) addi gp, gp, 3
x3 <- 0x00000003


mem[X,0x80029B18] -> 0x006F
mem[X,0x80029B1A] -> 0x0040
[3652] [M]: 0x80029B18 (0x0040006F) jal zero, 4


mem[X,0x80029B1C] -> 0x2E23
mem[X,0x80029B1E] -> 0x5A31
[3653] [M]: 0x80029B1C (0x5A312E23) sw gp, 1468(sp)
mem[0x8004B720] <- 0x00000003


mem[X,0x80029B20] -> 0xB537
mem[X,0x80029B22] -> 0xAAAA
[3654] [M]: 0x80029B20 (0xAAAAB537) lui a0, 699051
x10 <- 0xAAAAB000


mem[X,0x80029B24] -> 0x0513
mem[X,0x80029B26] -> 0xAA95
[3655] [M]: 0x80029B24 (0xAA950513) addi a0, a0, 2729
x10 <- 0xAAAAAAA9


mem[X,0x80029B28] -> 0xB5B7
mem[X,0x80029B2A] -> 0xAAAA
[3656] [M]: 0x80029B28 (0xAAAAB5B7) lui a1, 699051
x11 <- 0xAAAAB000


mem[X,0x80029B2C] -> 0x8593
mem[X,0x80029B2E] -> 0xAA95
[3657] [M]: 0x80029B2C (0xAA958593) addi a1, a1, 2729
x11 <- 0xAAAAAAA9


mem[X,0x80029B30] -> 0x0193
mem[X,0x80029B32] -> 0x0000
[3658] [M]: 0x80029B30 (0x00000193) addi gp, zero, 0
x3 <- 0x00000000


mem[X,0x80029B34] -> 0x006F
mem[X,0x80029B36] -> 0x00C0
[3659] [M]: 0x80029B34 (0x00C0006F) jal zero, 12


mem[X,0x80029B40] -> 0x7CE3
mem[X,0x80029B42] -> 0xFEB5
[3660] [M]: 0x80029B40 (0xFEB57CE3) bgeu a0, a1, 8184


mem[X,0x80029B38] -> 0x8193
mem[X,0x80029B3A] -> 0x0011
[3661] [M]: 0x80029B38 (0x00118193) addi gp, gp, 1
x3 <- 0x00000001


mem[X,0x80029B3C] -> 0x006F
mem[X,0x80029B3E] -> 0x0180
[3662] [M]: 0x80029B3C (0x0180006F) jal zero, 24


mem[X,0x80029B54] -> 0x2023
mem[X,0x80029B56] -> 0x5C31
[3663] [M]: 0x80029B54 (0x5C312023) sw gp, 1472(sp)
mem[0x8004B724] <- 0x00000001


mem[X,0x80029B58] -> 0xB537
mem[X,0x80029B5A] -> 0xAAAA
[3664] [M]: 0x80029B58 (0xAAAAB537) lui a0, 699051
x10 <- 0xAAAAB000


mem[X,0x80029B5C] -> 0x0513
mem[X,0x80029B5E] -> 0xAA95
[3665] [M]: 0x80029B5C (0xAA950513) addi a0, a0, 2729
x10 <- 0xAAAAAAA9


mem[X,0x80029B60] -> 0x0593
mem[X,0x80029B62] -> 0x0040
[3666] [M]: 0x80029B60 (0x00400593) addi a1, zero, 4
x11 <- 0x00000004


mem[X,0x80029B64] -> 0x0193
mem[X,0x80029B66] -> 0x0000
[3667] [M]: 0x80029B64 (0x00000193) addi gp, zero, 0
x3 <- 0x00000000


mem[X,0x80029B68] -> 0x006F
mem[X,0x80029B6A] -> 0x00C0
[3668] [M]: 0x80029B68 (0x00C0006F) jal zero, 12


mem[X,0x80029B74] -> 0x7063
mem[X,0x80029B76] -> 0x20B5
[3669] [M]: 0x80029B74 (0x20B57063) bgeu a0, a1, 512


mem[X,0x80029D74] -> 0x8193
mem[X,0x80029D76] -> 0x0031
[3670] [M]: 0x80029D74 (0x00318193) addi gp, gp, 3
x3 <- 0x00000003


mem[X,0x80029D78] -> 0x006F
mem[X,0x80029D7A] -> 0x0040
[3671] [M]: 0x80029D78 (0x0040006F) jal zero, 4


mem[X,0x80029D7C] -> 0x2223
mem[X,0x80029D7E] -> 0x5C31
[3672] [M]: 0x80029D7C (0x5C312223) sw gp, 1476(sp)
mem[0x8004B728] <- 0x00000003


mem[X,0x80029D80] -> 0xB537
mem[X,0x80029D82] -> 0xAAAA
[3673] [M]: 0x80029D80 (0xAAAAB537) lui a0, 699051
x10 <- 0xAAAAB000


mem[X,0x80029D84] -> 0x0513
mem[X,0x80029D86] -> 0xAA95
[3674] [M]: 0x80029D84 (0xAA950513) addi a0, a0, 2729
x10 <- 0xAAAAAAA9


mem[X,0x80029D88] -> 0x35B7
mem[X,0x80029D8A] -> 0x3333
[3675] [M]: 0x80029D88 (0x333335B7) lui a1, 209715
x11 <- 0x33333000


mem[X,0x80029D8C] -> 0x8593
mem[X,0x80029D8E] -> 0x3325
[3676] [M]: 0x80029D8C (0x33258593) addi a1, a1, 818
x11 <- 0x33333332


mem[X,0x80029D90] -> 0x0193
mem[X,0x80029D92] -> 0x0000
[3677] [M]: 0x80029D90 (0x00000193) addi gp, zero, 0
x3 <- 0x00000000


mem[X,0x80029D94] -> 0x006F
mem[X,0x80029D96] -> 0x00C0
[3678] [M]: 0x80029D94 (0x00C0006F) jal zero, 12


mem[X,0x80029DA0] -> 0x7063
mem[X,0x80029DA2] -> 0x04B5
[3679] [M]: 0x80029DA0 (0x04B57063) bgeu a0, a1, 64


mem[X,0x80029DE0] -> 0x8193
mem[X,0x80029DE2] -> 0x0031
[3680] [M]: 0x80029DE0 (0x00318193) addi gp, gp, 3
x3 <- 0x00000003


mem[X,0x80029DE4] -> 0x006F
mem[X,0x80029DE6] -> 0x0040
[3681] [M]: 0x80029DE4 (0x0040006F) jal zero, 4


mem[X,0x80029DE8] -> 0x2423
mem[X,0x80029DEA] -> 0x5C31
[3682] [M]: 0x80029DE8 (0x5C312423) sw gp, 1480(sp)
mem[0x8004B72C] <- 0x00000003


mem[X,0x80029DEC] -> 0xB537
mem[X,0x80029DEE] -> 0xAAAA
[3683] [M]: 0x80029DEC (0xAAAAB537) lui a0, 699051
x10 <- 0xAAAAB000


mem[X,0x80029DF0] -> 0x0513
mem[X,0x80029DF2] -> 0xAA95
[3684] [M]: 0x80029DF0 (0xAA950513) addi a0, a0, 2729
x10 <- 0xAAAAAAA9


mem[X,0x80029DF4] -> 0x65B7
mem[X,0x80029DF6] -> 0x6666
[3685] [M]: 0x80029DF4 (0x666665B7) lui a1, 419430
x11 <- 0x66666000


mem[X,0x80029DF8] -> 0x8593
mem[X,0x80029DFA] -> 0x6655
[3686] [M]: 0x80029DF8 (0x66558593) addi a1, a1, 1637
x11 <- 0x66666665


mem[X,0x80029DFC] -> 0x0193
mem[X,0x80029DFE] -> 0x0000
[3687] [M]: 0x80029DFC (0x00000193) addi gp, zero, 0
x3 <- 0x00000000


mem[X,0x80029E00] -> 0x006F
mem[X,0x80029E02] -> 0x2B10
[3688] [M]: 0x80029E00 (0x2B10006F) jal zero, 2736


mem[X,0x8002A8B0] -> 0x7A63
mem[X,0x8002A8B2] -> 0xD4B5
[3689] [M]: 0x8002A8B0 (0xD4B57A63) bgeu a0, a1, 5460


mem[X,0x80029E04] -> 0x8193
mem[X,0x80029E06] -> 0x0011
[3690] [M]: 0x80029E04 (0x00118193) addi gp, gp, 1
x3 <- 0x00000001


mem[X,0x80029E08] -> 0x006F
mem[X,0x80029E0A] -> 0x2BD0
[3691] [M]: 0x80029E08 (0x2BD0006F) jal zero, 2748


mem[X,0x8002A8C4] -> 0x2623
mem[X,0x8002A8C6] -> 0x5C31
[3692] [M]: 0x8002A8C4 (0x5C312623) sw gp, 1484(sp)
mem[0x8004B730] <- 0x00000001


mem[X,0x8002A8C8] -> 0xB537
mem[X,0x8002A8CA] -> 0xAAAA
[3693] [M]: 0x8002A8C8 (0xAAAAB537) lui a0, 699051
x10 <- 0xAAAAB000


mem[X,0x8002A8CC] -> 0x0513
mem[X,0x8002A8CE] -> 0xAA95
[3694] [M]: 0x8002A8CC (0xAA950513) addi a0, a0, 2729
x10 <- 0xAAAAAAA9


mem[X,0x8002A8D0] -> 0xB5B7
mem[X,0x8002A8D2] -> 0x0000
[3695] [M]: 0x8002A8D0 (0x0000B5B7) lui a1, 11
x11 <- 0x0000B000


mem[X,0x8002A8D4] -> 0x8593
mem[X,0x8002A8D6] -> 0x5035
[3696] [M]: 0x8002A8D4 (0x50358593) addi a1, a1, 1283
x11 <- 0x0000B503


mem[X,0x8002A8D8] -> 0x0193
mem[X,0x8002A8DA] -> 0x0000
[3697] [M]: 0x8002A8D8 (0x00000193) addi gp, zero, 0
x3 <- 0x00000000


mem[X,0x8002A8DC] -> 0x006F
mem[X,0x8002A8DE] -> 0x00C0
[3698] [M]: 0x8002A8DC (0x00C0006F) jal zero, 12


mem[X,0x8002A8E8] -> 0x7063
mem[X,0x8002A8EA] -> 0x08B5
[3699] [M]: 0x8002A8E8 (0x08B57063) bgeu a0, a1, 128


clint::tick mtime <- 0x0000000000000025
 clint timer pending at mtime 0x0000000000000025
htif::tick 0x0000000000000000
mem[X,0x8002A968] -> 0x8193
mem[X,0x8002A96A] -> 0x0031
[3700] [M]: 0x8002A968 (0x00318193) addi gp, gp, 3
x3 <- 0x00000003


mem[X,0x8002A96C] -> 0x006F
mem[X,0x8002A96E] -> 0x0040
[3701] [M]: 0x8002A96C (0x0040006F) jal zero, 4


mem[X,0x8002A970] -> 0x2823
mem[X,0x8002A972] -> 0x5C31
[3702] [M]: 0x8002A970 (0x5C312823) sw gp, 1488(sp)
mem[0x8004B734] <- 0x00000003


mem[X,0x8002A974] -> 0xB537
mem[X,0x8002A976] -> 0xAAAA
[3703] [M]: 0x8002A974 (0xAAAAB537) lui a0, 699051
x10 <- 0xAAAAB000


mem[X,0x8002A978] -> 0x0513
mem[X,0x8002A97A] -> 0xAA95
[3704] [M]: 0x8002A978 (0xAA950513) addi a0, a0, 2729
x10 <- 0xAAAAAAA9


mem[X,0x8002A97C] -> 0x05B7
mem[X,0x8002A97E] -> 0x0001
[3705] [M]: 0x8002A97C (0x000105B7) lui a1, 16
x11 <- 0x00010000


mem[X,0x8002A980] -> 0x8593
mem[X,0x8002A982] -> 0xFFE5
[3706] [M]: 0x8002A980 (0xFFE58593) addi a1, a1, 4094
x11 <- 0x0000FFFE


mem[X,0x8002A984] -> 0x0193
mem[X,0x8002A986] -> 0x0000
[3707] [M]: 0x8002A984 (0x00000193) addi gp, zero, 0
x3 <- 0x00000000


mem[X,0x8002A988] -> 0x006F
mem[X,0x8002A98A] -> 0x00C0
[3708] [M]: 0x8002A988 (0x00C0006F) jal zero, 12


mem[X,0x8002A994] -> 0x7063
mem[X,0x8002A996] -> 0x02B5
[3709] [M]: 0x8002A994 (0x02B57063) bgeu a0, a1, 32


mem[X,0x8002A9B4] -> 0x8193
mem[X,0x8002A9B6] -> 0x0031
[3710] [M]: 0x8002A9B4 (0x00318193) addi gp, gp, 3
x3 <- 0x00000003


mem[X,0x8002A9B8] -> 0x006F
mem[X,0x8002A9BA] -> 0x0040
[3711] [M]: 0x8002A9B8 (0x0040006F) jal zero, 4


mem[X,0x8002A9BC] -> 0x2A23
mem[X,0x8002A9BE] -> 0x5C31
[3712] [M]: 0x8002A9BC (0x5C312A23) sw gp, 1492(sp)
mem[0x8004B738] <- 0x00000003


mem[X,0x8002A9C0] -> 0xB537
mem[X,0x8002A9C2] -> 0xAAAA
[3713] [M]: 0x8002A9C0 (0xAAAAB537) lui a0, 699051
x10 <- 0xAAAAB000


mem[X,0x8002A9C4] -> 0x0513
mem[X,0x8002A9C6] -> 0xAA95
[3714] [M]: 0x8002A9C4 (0xAA950513) addi a0, a0, 2729
x10 <- 0xAAAAAAA9


mem[X,0x8002A9C8] -> 0x55B7
mem[X,0x8002A9CA] -> 0x5555
[3715] [M]: 0x8002A9C8 (0x555555B7) lui a1, 349525
x11 <- 0x55555000


mem[X,0x8002A9CC] -> 0x8593
mem[X,0x8002A9CE] -> 0x5565
[3716] [M]: 0x8002A9CC (0x55658593) addi a1, a1, 1366
x11 <- 0x55555556


mem[X,0x8002A9D0] -> 0x0193
mem[X,0x8002A9D2] -> 0x0000
[3717] [M]: 0x8002A9D0 (0x00000193) addi gp, zero, 0
x3 <- 0x00000000


mem[X,0x8002A9D4] -> 0x006F
mem[X,0x8002A9D6] -> 0x00C0
[3718] [M]: 0x8002A9D4 (0x00C0006F) jal zero, 12


mem[X,0x8002A9E0] -> 0x7063
mem[X,0x8002A9E2] -> 0x02B5
[3719] [M]: 0x8002A9E0 (0x02B57063) bgeu a0, a1, 32


mem[X,0x8002AA00] -> 0x8193
mem[X,0x8002AA02] -> 0x0031
[3720] [M]: 0x8002AA00 (0x00318193) addi gp, gp, 3
x3 <- 0x00000003


mem[X,0x8002AA04] -> 0x006F
mem[X,0x8002AA06] -> 0x0040
[3721] [M]: 0x8002AA04 (0x0040006F) jal zero, 4


mem[X,0x8002AA08] -> 0x2C23
mem[X,0x8002AA0A] -> 0x5C31
[3722] [M]: 0x8002AA08 (0x5C312C23) sw gp, 1496(sp)
mem[0x8004B73C] <- 0x00000003


mem[X,0x8002AA0C] -> 0xB537
mem[X,0x8002AA0E] -> 0xAAAA
[3723] [M]: 0x8002AA0C (0xAAAAB537) lui a0, 699051
x10 <- 0xAAAAB000


mem[X,0x8002AA10] -> 0x0513
mem[X,0x8002AA12] -> 0xAA95
[3724] [M]: 0x8002AA10 (0xAA950513) addi a0, a0, 2729
x10 <- 0xAAAAAAA9


mem[X,0x8002AA14] -> 0xB5B7
mem[X,0x8002AA16] -> 0xAAAA
[3725] [M]: 0x8002AA14 (0xAAAAB5B7) lui a1, 699051
x11 <- 0xAAAAB000


mem[X,0x8002AA18] -> 0x8593
mem[X,0x8002AA1A] -> 0xAAB5
[3726] [M]: 0x8002AA18 (0xAAB58593) addi a1, a1, 2731
x11 <- 0xAAAAAAAB


mem[X,0x8002AA1C] -> 0x0193
mem[X,0x8002AA1E] -> 0x0000
[3727] [M]: 0x8002AA1C (0x00000193) addi gp, zero, 0
x3 <- 0x00000000


mem[X,0x8002AA20] -> 0x006F
mem[X,0x8002AA22] -> 0x00C0
[3728] [M]: 0x8002AA20 (0x00C0006F) jal zero, 12


mem[X,0x8002AA2C] -> 0x7863
mem[X,0x8002AA2E] -> 0x00B5
[3729] [M]: 0x8002AA2C (0x00B57863) bgeu a0, a1, 16


mem[X,0x8002AA30] -> 0x8193
mem[X,0x8002AA32] -> 0x0021
[3730] [M]: 0x8002AA30 (0x00218193) addi gp, gp, 2
x3 <- 0x00000002


mem[X,0x8002AA34] -> 0x006F
mem[X,0x8002AA36] -> 0x0100
[3731] [M]: 0x8002AA34 (0x0100006F) jal zero, 16


mem[X,0x8002AA44] -> 0x2E23
mem[X,0x8002AA46] -> 0x5C31
[3732] [M]: 0x8002AA44 (0x5C312E23) sw gp, 1500(sp)
mem[0x8004B740] <- 0x00000002


mem[X,0x8002AA48] -> 0xB537
mem[X,0x8002AA4A] -> 0xAAAA
[3733] [M]: 0x8002AA48 (0xAAAAB537) lui a0, 699051
x10 <- 0xAAAAB000


mem[X,0x8002AA4C] -> 0x0513
mem[X,0x8002AA4E] -> 0xAA95
[3734] [M]: 0x8002AA4C (0xAA950513) addi a0, a0, 2729
x10 <- 0xAAAAAAA9


mem[X,0x8002AA50] -> 0x0593
mem[X,0x8002AA52] -> 0x0060
[3735] [M]: 0x8002AA50 (0x00600593) addi a1, zero, 6
x11 <- 0x00000006


mem[X,0x8002AA54] -> 0x0193
mem[X,0x8002AA56] -> 0x0000
[3736] [M]: 0x8002AA54 (0x00000193) addi gp, zero, 0
x3 <- 0x00000000


mem[X,0x8002AA58] -> 0x006F
mem[X,0x8002AA5A] -> 0x0100
[3737] [M]: 0x8002AA58 (0x0100006F) jal zero, 16


mem[X,0x8002AA68] -> 0x7AE3
mem[X,0x8002AA6A] -> 0xFEB5
[3738] [M]: 0x8002AA68 (0xFEB57AE3) bgeu a0, a1, 8180


mem[X,0x8002AA5C] -> 0x8193
mem[X,0x8002AA5E] -> 0x0011
[3739] [M]: 0x8002AA5C (0x00118193) addi gp, gp, 1
x3 <- 0x00000001


mem[X,0x8002AA60] -> 0x006F
mem[X,0x8002AA62] -> 0x01C0
[3740] [M]: 0x8002AA60 (0x01C0006F) jal zero, 28


mem[X,0x8002AA7C] -> 0x2023
mem[X,0x8002AA7E] -> 0x5E31
[3741] [M]: 0x8002AA7C (0x5E312023) sw gp, 1504(sp)
mem[0x8004B744] <- 0x00000001


mem[X,0x8002AA80] -> 0xB537
mem[X,0x8002AA82] -> 0xAAAA
[3742] [M]: 0x8002AA80 (0xAAAAB537) lui a0, 699051
x10 <- 0xAAAAB000


mem[X,0x8002AA84] -> 0x0513
mem[X,0x8002AA86] -> 0xAA95
[3743] [M]: 0x8002AA84 (0xAA950513) addi a0, a0, 2729
x10 <- 0xAAAAAAA9


mem[X,0x8002AA88] -> 0x35B7
mem[X,0x8002AA8A] -> 0x3333
[3744] [M]: 0x8002AA88 (0x333335B7) lui a1, 209715
x11 <- 0x33333000


mem[X,0x8002AA8C] -> 0x8593
mem[X,0x8002AA8E] -> 0x3345
[3745] [M]: 0x8002AA8C (0x33458593) addi a1, a1, 820
x11 <- 0x33333334


mem[X,0x8002AA90] -> 0x0193
mem[X,0x8002AA92] -> 0x0000
[3746] [M]: 0x8002AA90 (0x00000193) addi gp, zero, 0
x3 <- 0x00000000


mem[X,0x8002AA94] -> 0x006F
mem[X,0x8002AA96] -> 0x00C0
[3747] [M]: 0x8002AA94 (0x00C0006F) jal zero, 12


mem[X,0x8002AAA0] -> 0x7063
mem[X,0x8002AAA2] -> 0x02B5
[3748] [M]: 0x8002AAA0 (0x02B57063) bgeu a0, a1, 32


mem[X,0x8002AAC0] -> 0x8193
mem[X,0x8002AAC2] -> 0x0031
[3749] [M]: 0x8002AAC0 (0x00318193) addi gp, gp, 3
x3 <- 0x00000003


mem[X,0x8002AAC4] -> 0x006F
mem[X,0x8002AAC6] -> 0x0040
[3750] [M]: 0x8002AAC4 (0x0040006F) jal zero, 4


mem[X,0x8002AAC8] -> 0x2223
mem[X,0x8002AACA] -> 0x5E31
[3751] [M]: 0x8002AAC8 (0x5E312223) sw gp, 1508(sp)
mem[0x8004B748] <- 0x00000003


mem[X,0x8002AACC] -> 0xB537
mem[X,0x8002AACE] -> 0xAAAA
[3752] [M]: 0x8002AACC (0xAAAAB537) lui a0, 699051
x10 <- 0xAAAAB000


mem[X,0x8002AAD0] -> 0x0513
mem[X,0x8002AAD2] -> 0xAA95
[3753] [M]: 0x8002AAD0 (0xAA950513) addi a0, a0, 2729
x10 <- 0xAAAAAAA9


mem[X,0x8002AAD4] -> 0x65B7
mem[X,0x8002AAD6] -> 0x6666
[3754] [M]: 0x8002AAD4 (0x666665B7) lui a1, 419430
x11 <- 0x66666000


mem[X,0x8002AAD8] -> 0x8593
mem[X,0x8002AADA] -> 0x6675
[3755] [M]: 0x8002AAD8 (0x66758593) addi a1, a1, 1639
x11 <- 0x66666667


mem[X,0x8002AADC] -> 0x0193
mem[X,0x8002AADE] -> 0x0000
[3756] [M]: 0x8002AADC (0x00000193) addi gp, zero, 0
x3 <- 0x00000000


mem[X,0x8002AAE0] -> 0x006F
mem[X,0x8002AAE2] -> 0x00C0
[3757] [M]: 0x8002AAE0 (0x00C0006F) jal zero, 12


mem[X,0x8002AAEC] -> 0x7063
mem[X,0x8002AAEE] -> 0x40B5
[3758] [M]: 0x8002AAEC (0x40B57063) bgeu a0, a1, 1024


mem[X,0x8002AEEC] -> 0x8193
mem[X,0x8002AEEE] -> 0x0031
[3759] [M]: 0x8002AEEC (0x00318193) addi gp, gp, 3
x3 <- 0x00000003


mem[X,0x8002AEF0] -> 0x006F
mem[X,0x8002AEF2] -> 0x0040
[3760] [M]: 0x8002AEF0 (0x0040006F) jal zero, 4


mem[X,0x8002AEF4] -> 0x2423
mem[X,0x8002AEF6] -> 0x5E31
[3761] [M]: 0x8002AEF4 (0x5E312423) sw gp, 1512(sp)
mem[0x8004B74C] <- 0x00000003


mem[X,0x8002AEF8] -> 0xB537
mem[X,0x8002AEFA] -> 0xAAAA
[3762] [M]: 0x8002AEF8 (0xAAAAB537) lui a0, 699051
x10 <- 0xAAAAB000


mem[X,0x8002AEFC] -> 0x0513
mem[X,0x8002AEFE] -> 0xAA95
[3763] [M]: 0x8002AEFC (0xAA950513) addi a0, a0, 2729
x10 <- 0xAAAAAAA9


mem[X,0x8002AF00] -> 0xB5B7
mem[X,0x8002AF02] -> 0x0000
[3764] [M]: 0x8002AF00 (0x0000B5B7) lui a1, 11
x11 <- 0x0000B000


mem[X,0x8002AF04] -> 0x8593
mem[X,0x8002AF06] -> 0x5055
[3765] [M]: 0x8002AF04 (0x50558593) addi a1, a1, 1285
x11 <- 0x0000B505


mem[X,0x8002AF08] -> 0x0193
mem[X,0x8002AF0A] -> 0x0000
[3766] [M]: 0x8002AF08 (0x00000193) addi gp, zero, 0
x3 <- 0x00000000


mem[X,0x8002AF0C] -> 0x006F
mem[X,0x8002AF0E] -> 0x00C0
[3767] [M]: 0x8002AF0C (0x00C0006F) jal zero, 12


mem[X,0x8002AF18] -> 0x7063
mem[X,0x8002AF1A] -> 0x40B5
[3768] [M]: 0x8002AF18 (0x40B57063) bgeu a0, a1, 1024


mem[X,0x8002B318] -> 0x8193
mem[X,0x8002B31A] -> 0x0031
[3769] [M]: 0x8002B318 (0x00318193) addi gp, gp, 3
x3 <- 0x00000003


mem[X,0x8002B31C] -> 0x006F
mem[X,0x8002B31E] -> 0x0040
[3770] [M]: 0x8002B31C (0x0040006F) jal zero, 4


mem[X,0x8002B320] -> 0x2623
mem[X,0x8002B322] -> 0x5E31
[3771] [M]: 0x8002B320 (0x5E312623) sw gp, 1516(sp)
mem[0x8004B750] <- 0x00000003


mem[X,0x8002B324] -> 0xB537
mem[X,0x8002B326] -> 0xAAAA
[3772] [M]: 0x8002B324 (0xAAAAB537) lui a0, 699051
x10 <- 0xAAAAB000


mem[X,0x8002B328] -> 0x0513
mem[X,0x8002B32A] -> 0xAA95
[3773] [M]: 0x8002B328 (0xAA950513) addi a0, a0, 2729
x10 <- 0xAAAAAAA9


mem[X,0x8002B32C] -> 0x05B7
mem[X,0x8002B32E] -> 0x0001
[3774] [M]: 0x8002B32C (0x000105B7) lui a1, 16
x11 <- 0x00010000


mem[X,0x8002B330] -> 0x0193
mem[X,0x8002B332] -> 0x0000
[3775] [M]: 0x8002B330 (0x00000193) addi gp, zero, 0
x3 <- 0x00000000


mem[X,0x8002B334] -> 0x006F
mem[X,0x8002B336] -> 0x2B10
[3776] [M]: 0x8002B334 (0x2B10006F) jal zero, 2736


mem[X,0x8002BDE4] -> 0x7A63
mem[X,0x8002BDE6] -> 0xD4B5
[3777] [M]: 0x8002BDE4 (0xD4B57A63) bgeu a0, a1, 5460


mem[X,0x8002B338] -> 0x8193
mem[X,0x8002B33A] -> 0x0011
[3778] [M]: 0x8002B338 (0x00118193) addi gp, gp, 1
x3 <- 0x00000001


mem[X,0x8002B33C] -> 0x006F
mem[X,0x8002B33E] -> 0x2BD0
[3779] [M]: 0x8002B33C (0x2BD0006F) jal zero, 2748


mem[X,0x8002BDF8] -> 0x2823
mem[X,0x8002BDFA] -> 0x5E31
[3780] [M]: 0x8002BDF8 (0x5E312823) sw gp, 1520(sp)
mem[0x8004B754] <- 0x00000001


mem[X,0x8002BDFC] -> 0x0513
mem[X,0x8002BDFE] -> 0x0040
[3781] [M]: 0x8002BDFC (0x00400513) addi a0, zero, 4
x10 <- 0x00000004


mem[X,0x8002BE00] -> 0x0593
mem[X,0x8002BE02] -> 0x0030
[3782] [M]: 0x8002BE00 (0x00300593) addi a1, zero, 3
x11 <- 0x00000003


mem[X,0x8002BE04] -> 0x0193
mem[X,0x8002BE06] -> 0x0000
[3783] [M]: 0x8002BE04 (0x00000193) addi gp, zero, 0
x3 <- 0x00000000


mem[X,0x8002BE08] -> 0x006F
mem[X,0x8002BE0A] -> 0x00C0
[3784] [M]: 0x8002BE08 (0x00C0006F) jal zero, 12


mem[X,0x8002BE14] -> 0x7CE3
mem[X,0x8002BE16] -> 0xFEB5
[3785] [M]: 0x8002BE14 (0xFEB57CE3) bgeu a0, a1, 8184


mem[X,0x8002BE0C] -> 0x8193
mem[X,0x8002BE0E] -> 0x0011
[3786] [M]: 0x8002BE0C (0x00118193) addi gp, gp, 1
x3 <- 0x00000001


mem[X,0x8002BE10] -> 0x006F
mem[X,0x8002BE12] -> 0x0180
[3787] [M]: 0x8002BE10 (0x0180006F) jal zero, 24


mem[X,0x8002BE28] -> 0x2A23
mem[X,0x8002BE2A] -> 0x5E31
[3788] [M]: 0x8002BE28 (0x5E312A23) sw gp, 1524(sp)
mem[0x8004B758] <- 0x00000001


mem[X,0x8002BE2C] -> 0x0513
mem[X,0x8002BE2E] -> 0x0040
[3789] [M]: 0x8002BE2C (0x00400513) addi a0, zero, 4
x10 <- 0x00000004


mem[X,0x8002BE30] -> 0x55B7
mem[X,0x8002BE32] -> 0x5555
[3790] [M]: 0x8002BE30 (0x555555B7) lui a1, 349525
x11 <- 0x55555000


mem[X,0x8002BE34] -> 0x8593
mem[X,0x8002BE36] -> 0x5555
[3791] [M]: 0x8002BE34 (0x55558593) addi a1, a1, 1365
x11 <- 0x55555555


mem[X,0x8002BE38] -> 0x0193
mem[X,0x8002BE3A] -> 0x0000
[3792] [M]: 0x8002BE38 (0x00000193) addi gp, zero, 0
x3 <- 0x00000000


mem[X,0x8002BE3C] -> 0x006F
mem[X,0x8002BE3E] -> 0x00C0
[3793] [M]: 0x8002BE3C (0x00C0006F) jal zero, 12


mem[X,0x8002BE48] -> 0x7663
mem[X,0x8002BE4A] -> 0x00B5
[3794] [M]: 0x8002BE48 (0x00B57663) bgeu a0, a1, 12


mem[X,0x8002BE4C] -> 0x8193
mem[X,0x8002BE4E] -> 0x0021
[3795] [M]: 0x8002BE4C (0x00218193) addi gp, gp, 2
x3 <- 0x00000002


mem[X,0x8002BE50] -> 0x006F
mem[X,0x8002BE52] -> 0x00C0
[3796] [M]: 0x8002BE50 (0x00C0006F) jal zero, 12


mem[X,0x8002BE5C] -> 0x2C23
mem[X,0x8002BE5E] -> 0x5E31
[3797] [M]: 0x8002BE5C (0x5E312C23) sw gp, 1528(sp)
mem[0x8004B75C] <- 0x00000002


mem[X,0x8002BE60] -> 0x0513
mem[X,0x8002BE62] -> 0x0040
[3798] [M]: 0x8002BE60 (0x00400513) addi a0, zero, 4
x10 <- 0x00000004


mem[X,0x8002BE64] -> 0xB5B7
mem[X,0x8002BE66] -> 0xAAAA
[3799] [M]: 0x8002BE64 (0xAAAAB5B7) lui a1, 699051
x11 <- 0xAAAAB000


clint::tick mtime <- 0x0000000000000026
 clint timer pending at mtime 0x0000000000000026
htif::tick 0x0000000000000000
mem[X,0x8002BE68] -> 0x8593
mem[X,0x8002BE6A] -> 0xAAA5
[3800] [M]: 0x8002BE68 (0xAAA58593) addi a1, a1, 2730
x11 <- 0xAAAAAAAA


mem[X,0x8002BE6C] -> 0x0193
mem[X,0x8002BE6E] -> 0x0000
[3801] [M]: 0x8002BE6C (0x00000193) addi gp, zero, 0
x3 <- 0x00000000


mem[X,0x8002BE70] -> 0x006F
mem[X,0x8002BE72] -> 0x00C0
[3802] [M]: 0x8002BE70 (0x00C0006F) jal zero, 12


mem[X,0x8002BE7C] -> 0x7063
mem[X,0x8002BE7E] -> 0x08B5
[3803] [M]: 0x8002BE7C (0x08B57063) bgeu a0, a1, 128


mem[X,0x8002BE80] -> 0x8193
mem[X,0x8002BE82] -> 0x0021
[3804] [M]: 0x8002BE80 (0x00218193) addi gp, gp, 2
x3 <- 0x00000002


mem[X,0x8002BE84] -> 0x006F
mem[X,0x8002BE86] -> 0x0800
[3805] [M]: 0x8002BE84 (0x0800006F) jal zero, 128


mem[X,0x8002BF04] -> 0x2E23
mem[X,0x8002BF06] -> 0x5E31
[3806] [M]: 0x8002BF04 (0x5E312E23) sw gp, 1532(sp)
mem[0x8004B760] <- 0x00000002


mem[X,0x8002BF08] -> 0x0513
mem[X,0x8002BF0A] -> 0x0040
[3807] [M]: 0x8002BF08 (0x00400513) addi a0, zero, 4
x10 <- 0x00000004


mem[X,0x8002BF0C] -> 0x0593
mem[X,0x8002BF0E] -> 0x0050
[3808] [M]: 0x8002BF0C (0x00500593) addi a1, zero, 5
x11 <- 0x00000005


mem[X,0x8002BF10] -> 0x0193
mem[X,0x8002BF12] -> 0x0000
[3809] [M]: 0x8002BF10 (0x00000193) addi gp, zero, 0
x3 <- 0x00000000


mem[X,0x8002BF14] -> 0x006F
mem[X,0x8002BF16] -> 0x0050
[3810] [M]: 0x8002BF14 (0x0050006F) jal zero, 2052


mem[X,0x8002C718] -> 0x70E3
mem[X,0x8002C71A] -> 0x80B5
[3811] [M]: 0x8002C718 (0x80B570E3) bgeu a0, a1, 6144


mem[X,0x8002C71C] -> 0x8193
mem[X,0x8002C71E] -> 0x0021
[3812] [M]: 0x8002C71C (0x00218193) addi gp, gp, 2
x3 <- 0x00000002


mem[X,0x8002C720] -> 0x006F
mem[X,0x8002C722] -> 0x00C0
[3813] [M]: 0x8002C720 (0x00C0006F) jal zero, 12


mem[X,0x8002C72C] -> 0x2023
mem[X,0x8002C72E] -> 0x6031
[3814] [M]: 0x8002C72C (0x60312023) sw gp, 1536(sp)
mem[0x8004B764] <- 0x00000002


mem[X,0x8002C730] -> 0x0513
mem[X,0x8002C732] -> 0x0040
[3815] [M]: 0x8002C730 (0x00400513) addi a0, zero, 4
x10 <- 0x00000004


mem[X,0x8002C734] -> 0x35B7
mem[X,0x8002C736] -> 0x3333
[3816] [M]: 0x8002C734 (0x333335B7) lui a1, 209715
x11 <- 0x33333000


mem[X,0x8002C738] -> 0x8593
mem[X,0x8002C73A] -> 0x3335
[3817] [M]: 0x8002C738 (0x33358593) addi a1, a1, 819
x11 <- 0x33333333


mem[X,0x8002C73C] -> 0x0193
mem[X,0x8002C73E] -> 0x0000
[3818] [M]: 0x8002C73C (0x00000193) addi gp, zero, 0
x3 <- 0x00000000


mem[X,0x8002C740] -> 0x006F
mem[X,0x8002C742] -> 0x00C0
[3819] [M]: 0x8002C740 (0x00C0006F) jal zero, 12


mem[X,0x8002C74C] -> 0x7063
mem[X,0x8002C74E] -> 0x10B5
[3820] [M]: 0x8002C74C (0x10B57063) bgeu a0, a1, 256


mem[X,0x8002C750] -> 0x8193
mem[X,0x8002C752] -> 0x0021
[3821] [M]: 0x8002C750 (0x00218193) addi gp, gp, 2
x3 <- 0x00000002


mem[X,0x8002C754] -> 0x006F
mem[X,0x8002C756] -> 0x1000
[3822] [M]: 0x8002C754 (0x1000006F) jal zero, 256


mem[X,0x8002C854] -> 0x2223
mem[X,0x8002C856] -> 0x6031
[3823] [M]: 0x8002C854 (0x60312223) sw gp, 1540(sp)
mem[0x8004B768] <- 0x00000002


mem[X,0x8002C858] -> 0x0513
mem[X,0x8002C85A] -> 0x0040
[3824] [M]: 0x8002C858 (0x00400513) addi a0, zero, 4
x10 <- 0x00000004


mem[X,0x8002C85C] -> 0x65B7
mem[X,0x8002C85E] -> 0x6666
[3825] [M]: 0x8002C85C (0x666665B7) lui a1, 419430
x11 <- 0x66666000


mem[X,0x8002C860] -> 0x8593
mem[X,0x8002C862] -> 0x6665
[3826] [M]: 0x8002C860 (0x66658593) addi a1, a1, 1638
x11 <- 0x66666666


mem[X,0x8002C864] -> 0x0193
mem[X,0x8002C866] -> 0x0000
[3827] [M]: 0x8002C864 (0x00000193) addi gp, zero, 0
x3 <- 0x00000000


mem[X,0x8002C868] -> 0x006F
mem[X,0x8002C86A] -> 0x00C0
[3828] [M]: 0x8002C868 (0x00C0006F) jal zero, 12


mem[X,0x8002C874] -> 0x7063
mem[X,0x8002C876] -> 0x20B5
[3829] [M]: 0x8002C874 (0x20B57063) bgeu a0, a1, 512


mem[X,0x8002C878] -> 0x8193
mem[X,0x8002C87A] -> 0x0021
[3830] [M]: 0x8002C878 (0x00218193) addi gp, gp, 2
x3 <- 0x00000002


mem[X,0x8002C87C] -> 0x006F
mem[X,0x8002C87E] -> 0x2000
[3831] [M]: 0x8002C87C (0x2000006F) jal zero, 512


mem[X,0x8002CA7C] -> 0x2423
mem[X,0x8002CA7E] -> 0x6031
[3832] [M]: 0x8002CA7C (0x60312423) sw gp, 1544(sp)
mem[0x8004B76C] <- 0x00000002


mem[X,0x8002CA80] -> 0x0513
mem[X,0x8002CA82] -> 0x0040
[3833] [M]: 0x8002CA80 (0x00400513) addi a0, zero, 4
x10 <- 0x00000004


mem[X,0x8002CA84] -> 0xB5B7
mem[X,0x8002CA86] -> 0x0000
[3834] [M]: 0x8002CA84 (0x0000B5B7) lui a1, 11
x11 <- 0x0000B000


mem[X,0x8002CA88] -> 0x8593
mem[X,0x8002CA8A] -> 0x5045
[3835] [M]: 0x8002CA88 (0x50458593) addi a1, a1, 1284
x11 <- 0x0000B504


mem[X,0x8002CA8C] -> 0x0193
mem[X,0x8002CA8E] -> 0x0000
[3836] [M]: 0x8002CA8C (0x00000193) addi gp, zero, 0
x3 <- 0x00000000


mem[X,0x8002CA90] -> 0x006F
mem[X,0x8002CA92] -> 0x00C0
[3837] [M]: 0x8002CA90 (0x00C0006F) jal zero, 12


mem[X,0x8002CA9C] -> 0x7CE3
mem[X,0x8002CA9E] -> 0xFEB5
[3838] [M]: 0x8002CA9C (0xFEB57CE3) bgeu a0, a1, 8184


mem[X,0x8002CAA0] -> 0x8193
mem[X,0x8002CAA2] -> 0x0021
[3839] [M]: 0x8002CAA0 (0x00218193) addi gp, gp, 2
x3 <- 0x00000002


mem[X,0x8002CAA4] -> 0x006F
mem[X,0x8002CAA6] -> 0x00C0
[3840] [M]: 0x8002CAA4 (0x00C0006F) jal zero, 12


mem[X,0x8002CAB0] -> 0x2623
mem[X,0x8002CAB2] -> 0x6031
[3841] [M]: 0x8002CAB0 (0x60312623) sw gp, 1548(sp)
mem[0x8004B770] <- 0x00000002


mem[X,0x8002CAB4] -> 0x0513
mem[X,0x8002CAB6] -> 0x0040
[3842] [M]: 0x8002CAB4 (0x00400513) addi a0, zero, 4
x10 <- 0x00000004


mem[X,0x8002CAB8] -> 0x0593
mem[X,0x8002CABA] -> 0x0000
[3843] [M]: 0x8002CAB8 (0x00000593) addi a1, zero, 0
x11 <- 0x00000000


mem[X,0x8002CABC] -> 0x0193
mem[X,0x8002CABE] -> 0x0000
[3844] [M]: 0x8002CABC (0x00000193) addi gp, zero, 0
x3 <- 0x00000000


mem[X,0x8002CAC0] -> 0x006F
mem[X,0x8002CAC2] -> 0x00C0
[3845] [M]: 0x8002CAC0 (0x00C0006F) jal zero, 12


mem[X,0x8002CACC] -> 0x7063
mem[X,0x8002CACE] -> 0x20B5
[3846] [M]: 0x8002CACC (0x20B57063) bgeu a0, a1, 512


mem[X,0x8002CCCC] -> 0x8193
mem[X,0x8002CCCE] -> 0x0031
[3847] [M]: 0x8002CCCC (0x00318193) addi gp, gp, 3
x3 <- 0x00000003


mem[X,0x8002CCD0] -> 0x006F
mem[X,0x8002CCD2] -> 0x0040
[3848] [M]: 0x8002CCD0 (0x0040006F) jal zero, 4


mem[X,0x8002CCD4] -> 0x2823
mem[X,0x8002CCD6] -> 0x6031
[3849] [M]: 0x8002CCD4 (0x60312823) sw gp, 1552(sp)
mem[0x8004B774] <- 0x00000003


mem[X,0x8002CCD8] -> 0x0513
mem[X,0x8002CCDA] -> 0x0040
[3850] [M]: 0x8002CCD8 (0x00400513) addi a0, zero, 4
x10 <- 0x00000004


mem[X,0x8002CCDC] -> 0x05B7
mem[X,0x8002CCDE] -> 0x0001
[3851] [M]: 0x8002CCDC (0x000105B7) lui a1, 16
x11 <- 0x00010000


mem[X,0x8002CCE0] -> 0x8593
mem[X,0x8002CCE2] -> 0xFFF5
[3852] [M]: 0x8002CCE0 (0xFFF58593) addi a1, a1, 4095
x11 <- 0x0000FFFF


mem[X,0x8002CCE4] -> 0x0193
mem[X,0x8002CCE6] -> 0x0000
[3853] [M]: 0x8002CCE4 (0x00000193) addi gp, zero, 0
x3 <- 0x00000000


mem[X,0x8002CCE8] -> 0x006F
mem[X,0x8002CCEA] -> 0x00C0
[3854] [M]: 0x8002CCE8 (0x00C0006F) jal zero, 12


mem[X,0x8002CCF4] -> 0x7063
mem[X,0x8002CCF6] -> 0x02B5
[3855] [M]: 0x8002CCF4 (0x02B57063) bgeu a0, a1, 32


mem[X,0x8002CCF8] -> 0x8193
mem[X,0x8002CCFA] -> 0x0021
[3856] [M]: 0x8002CCF8 (0x00218193) addi gp, gp, 2
x3 <- 0x00000002


mem[X,0x8002CCFC] -> 0x006F
mem[X,0x8002CCFE] -> 0x0200
[3857] [M]: 0x8002CCFC (0x0200006F) jal zero, 32


mem[X,0x8002CD1C] -> 0x2A23
mem[X,0x8002CD1E] -> 0x6031
[3858] [M]: 0x8002CD1C (0x60312A23) sw gp, 1556(sp)
mem[0x8004B778] <- 0x00000002


mem[X,0x8002CD20] -> 0x0513
mem[X,0x8002CD22] -> 0x0040
[3859] [M]: 0x8002CD20 (0x00400513) addi a0, zero, 4
x10 <- 0x00000004


mem[X,0x8002CD24] -> 0x0593
mem[X,0x8002CD26] -> 0x0020
[3860] [M]: 0x8002CD24 (0x00200593) addi a1, zero, 2
x11 <- 0x00000002


mem[X,0x8002CD28] -> 0x0193
mem[X,0x8002CD2A] -> 0x0000
[3861] [M]: 0x8002CD28 (0x00000193) addi gp, zero, 0
x3 <- 0x00000000


mem[X,0x8002CD2C] -> 0x006F
mem[X,0x8002CD2E] -> 0x00C0
[3862] [M]: 0x8002CD2C (0x00C0006F) jal zero, 12


mem[X,0x8002CD38] -> 0x7663
mem[X,0x8002CD3A] -> 0x00B5
[3863] [M]: 0x8002CD38 (0x00B57663) bgeu a0, a1, 12


mem[X,0x8002CD44] -> 0x8193
mem[X,0x8002CD46] -> 0x0031
[3864] [M]: 0x8002CD44 (0x00318193) addi gp, gp, 3
x3 <- 0x00000003


mem[X,0x8002CD48] -> 0x006F
mem[X,0x8002CD4A] -> 0x0040
[3865] [M]: 0x8002CD48 (0x0040006F) jal zero, 4


mem[X,0x8002CD4C] -> 0x2C23
mem[X,0x8002CD4E] -> 0x6031
[3866] [M]: 0x8002CD4C (0x60312C23) sw gp, 1560(sp)
mem[0x8004B77C] <- 0x00000003


mem[X,0x8002CD50] -> 0x0513
mem[X,0x8002CD52] -> 0x0040
[3867] [M]: 0x8002CD50 (0x00400513) addi a0, zero, 4
x10 <- 0x00000004


mem[X,0x8002CD54] -> 0x55B7
mem[X,0x8002CD56] -> 0x5555
[3868] [M]: 0x8002CD54 (0x555555B7) lui a1, 349525
x11 <- 0x55555000


mem[X,0x8002CD58] -> 0x8593
mem[X,0x8002CD5A] -> 0x5545
[3869] [M]: 0x8002CD58 (0x55458593) addi a1, a1, 1364
x11 <- 0x55555554


mem[X,0x8002CD5C] -> 0x0193
mem[X,0x8002CD5E] -> 0x0000
[3870] [M]: 0x8002CD5C (0x00000193) addi gp, zero, 0
x3 <- 0x00000000


mem[X,0x8002CD60] -> 0x006F
mem[X,0x8002CD62] -> 0x00C0
[3871] [M]: 0x8002CD60 (0x00C0006F) jal zero, 12


mem[X,0x8002CD6C] -> 0x7663
mem[X,0x8002CD6E] -> 0x00B5
[3872] [M]: 0x8002CD6C (0x00B57663) bgeu a0, a1, 12


mem[X,0x8002CD70] -> 0x8193
mem[X,0x8002CD72] -> 0x0021
[3873] [M]: 0x8002CD70 (0x00218193) addi gp, gp, 2
x3 <- 0x00000002


mem[X,0x8002CD74] -> 0x006F
mem[X,0x8002CD76] -> 0x00C0
[3874] [M]: 0x8002CD74 (0x00C0006F) jal zero, 12


mem[X,0x8002CD80] -> 0x2E23
mem[X,0x8002CD82] -> 0x6031
[3875] [M]: 0x8002CD80 (0x60312E23) sw gp, 1564(sp)
mem[0x8004B780] <- 0x00000002


mem[X,0x8002CD84] -> 0x0513
mem[X,0x8002CD86] -> 0x0040
[3876] [M]: 0x8002CD84 (0x00400513) addi a0, zero, 4
x10 <- 0x00000004


mem[X,0x8002CD88] -> 0xB5B7
mem[X,0x8002CD8A] -> 0xAAAA
[3877] [M]: 0x8002CD88 (0xAAAAB5B7) lui a1, 699051
x11 <- 0xAAAAB000


mem[X,0x8002CD8C] -> 0x8593
mem[X,0x8002CD8E] -> 0xAA95
[3878] [M]: 0x8002CD8C (0xAA958593) addi a1, a1, 2729
x11 <- 0xAAAAAAA9


mem[X,0x8002CD90] -> 0x0193
mem[X,0x8002CD92] -> 0x0000
[3879] [M]: 0x8002CD90 (0x00000193) addi gp, zero, 0
x3 <- 0x00000000


mem[X,0x8002CD94] -> 0x006F
mem[X,0x8002CD96] -> 0x00C0
[3880] [M]: 0x8002CD94 (0x00C0006F) jal zero, 12


mem[X,0x8002CDA0] -> 0x7063
mem[X,0x8002CDA2] -> 0x08B5
[3881] [M]: 0x8002CDA0 (0x08B57063) bgeu a0, a1, 128


mem[X,0x8002CDA4] -> 0x8193
mem[X,0x8002CDA6] -> 0x0021
[3882] [M]: 0x8002CDA4 (0x00218193) addi gp, gp, 2
x3 <- 0x00000002


mem[X,0x8002CDA8] -> 0x006F
mem[X,0x8002CDAA] -> 0x0800
[3883] [M]: 0x8002CDA8 (0x0800006F) jal zero, 128


mem[X,0x8002CE28] -> 0x2023
mem[X,0x8002CE2A] -> 0x6231
[3884] [M]: 0x8002CE28 (0x62312023) sw gp, 1568(sp)
mem[0x8004B784] <- 0x00000002


mem[X,0x8002CE2C] -> 0x0513
mem[X,0x8002CE2E] -> 0x0040
[3885] [M]: 0x8002CE2C (0x00400513) addi a0, zero, 4
x10 <- 0x00000004


mem[X,0x8002CE30] -> 0x0593
mem[X,0x8002CE32] -> 0x0040
[3886] [M]: 0x8002CE30 (0x00400593) addi a1, zero, 4
x11 <- 0x00000004


mem[X,0x8002CE34] -> 0x0193
mem[X,0x8002CE36] -> 0x0000
[3887] [M]: 0x8002CE34 (0x00000193) addi gp, zero, 0
x3 <- 0x00000000


mem[X,0x8002CE38] -> 0x006F
mem[X,0x8002CE3A] -> 0x2B10
[3888] [M]: 0x8002CE38 (0x2B10006F) jal zero, 2736


mem[X,0x8002D8E8] -> 0x7A63
mem[X,0x8002D8EA] -> 0xD4B5
[3889] [M]: 0x8002D8E8 (0xD4B57A63) bgeu a0, a1, 5460


mem[X,0x8002CE3C] -> 0x8193
mem[X,0x8002CE3E] -> 0x0011
[3890] [M]: 0x8002CE3C (0x00118193) addi gp, gp, 1
x3 <- 0x00000001


mem[X,0x8002CE40] -> 0x006F
mem[X,0x8002CE42] -> 0x2BD0
[3891] [M]: 0x8002CE40 (0x2BD0006F) jal zero, 2748


mem[X,0x8002D8FC] -> 0x2223
mem[X,0x8002D8FE] -> 0x6231
[3892] [M]: 0x8002D8FC (0x62312223) sw gp, 1572(sp)
mem[0x8004B788] <- 0x00000001


mem[X,0x8002D900] -> 0x0513
mem[X,0x8002D902] -> 0x0040
[3893] [M]: 0x8002D900 (0x00400513) addi a0, zero, 4
x10 <- 0x00000004


mem[X,0x8002D904] -> 0x35B7
mem[X,0x8002D906] -> 0x3333
[3894] [M]: 0x8002D904 (0x333335B7) lui a1, 209715
x11 <- 0x33333000


mem[X,0x8002D908] -> 0x8593
mem[X,0x8002D90A] -> 0x3325
[3895] [M]: 0x8002D908 (0x33258593) addi a1, a1, 818
x11 <- 0x33333332


mem[X,0x8002D90C] -> 0x0193
mem[X,0x8002D90E] -> 0x0000
[3896] [M]: 0x8002D90C (0x00000193) addi gp, zero, 0
x3 <- 0x00000000


mem[X,0x8002D910] -> 0x006F
mem[X,0x8002D912] -> 0x00C0
[3897] [M]: 0x8002D910 (0x00C0006F) jal zero, 12


mem[X,0x8002D91C] -> 0x7663
mem[X,0x8002D91E] -> 0x00B5
[3898] [M]: 0x8002D91C (0x00B57663) bgeu a0, a1, 12


mem[X,0x8002D920] -> 0x8193
mem[X,0x8002D922] -> 0x0021
[3899] [M]: 0x8002D920 (0x00218193) addi gp, gp, 2
x3 <- 0x00000002


clint::tick mtime <- 0x0000000000000027
 clint timer pending at mtime 0x0000000000000027
htif::tick 0x0000000000000000
mem[X,0x8002D924] -> 0x006F
mem[X,0x8002D926] -> 0x00C0
[3900] [M]: 0x8002D924 (0x00C0006F) jal zero, 12


mem[X,0x8002D930] -> 0x2423
mem[X,0x8002D932] -> 0x6231
[3901] [M]: 0x8002D930 (0x62312423) sw gp, 1576(sp)
mem[0x8004B78C] <- 0x00000002


mem[X,0x8002D934] -> 0x0513
mem[X,0x8002D936] -> 0x0040
[3902] [M]: 0x8002D934 (0x00400513) addi a0, zero, 4
x10 <- 0x00000004


mem[X,0x8002D938] -> 0x65B7
mem[X,0x8002D93A] -> 0x6666
[3903] [M]: 0x8002D938 (0x666665B7) lui a1, 419430
x11 <- 0x66666000


mem[X,0x8002D93C] -> 0x8593
mem[X,0x8002D93E] -> 0x6655
[3904] [M]: 0x8002D93C (0x66558593) addi a1, a1, 1637
x11 <- 0x66666665


mem[X,0x8002D940] -> 0x0193
mem[X,0x8002D942] -> 0x0000
[3905] [M]: 0x8002D940 (0x00000193) addi gp, zero, 0
x3 <- 0x00000000


mem[X,0x8002D944] -> 0x006F
mem[X,0x8002D946] -> 0x00C0
[3906] [M]: 0x8002D944 (0x00C0006F) jal zero, 12


mem[X,0x8002D950] -> 0x7663
mem[X,0x8002D952] -> 0x00B5
[3907] [M]: 0x8002D950 (0x00B57663) bgeu a0, a1, 12


mem[X,0x8002D954] -> 0x8193
mem[X,0x8002D956] -> 0x0021
[3908] [M]: 0x8002D954 (0x00218193) addi gp, gp, 2
x3 <- 0x00000002


mem[X,0x8002D958] -> 0x006F
mem[X,0x8002D95A] -> 0x00C0
[3909] [M]: 0x8002D958 (0x00C0006F) jal zero, 12


mem[X,0x8002D964] -> 0x2623
mem[X,0x8002D966] -> 0x6231
[3910] [M]: 0x8002D964 (0x62312623) sw gp, 1580(sp)
mem[0x8004B790] <- 0x00000002


mem[X,0x8002D968] -> 0x0513
mem[X,0x8002D96A] -> 0x0040
[3911] [M]: 0x8002D968 (0x00400513) addi a0, zero, 4
x10 <- 0x00000004


mem[X,0x8002D96C] -> 0xB5B7
mem[X,0x8002D96E] -> 0x0000
[3912] [M]: 0x8002D96C (0x0000B5B7) lui a1, 11
x11 <- 0x0000B000


mem[X,0x8002D970] -> 0x8593
mem[X,0x8002D972] -> 0x5035
[3913] [M]: 0x8002D970 (0x50358593) addi a1, a1, 1283
x11 <- 0x0000B503


mem[X,0x8002D974] -> 0x0193
mem[X,0x8002D976] -> 0x0000
[3914] [M]: 0x8002D974 (0x00000193) addi gp, zero, 0
x3 <- 0x00000000


mem[X,0x8002D978] -> 0x006F
mem[X,0x8002D97A] -> 0x0180
[3915] [M]: 0x8002D978 (0x0180006F) jal zero, 24


mem[X,0x8002D990] -> 0x76E3
mem[X,0x8002D992] -> 0xFEB5
[3916] [M]: 0x8002D990 (0xFEB576E3) bgeu a0, a1, 8172


mem[X,0x8002D994] -> 0x8193
mem[X,0x8002D996] -> 0x0021
[3917] [M]: 0x8002D994 (0x00218193) addi gp, gp, 2
x3 <- 0x00000002


mem[X,0x8002D998] -> 0x006F
mem[X,0x8002D99A] -> 0x00C0
[3918] [M]: 0x8002D998 (0x00C0006F) jal zero, 12


mem[X,0x8002D9A4] -> 0x2823
mem[X,0x8002D9A6] -> 0x6231
[3919] [M]: 0x8002D9A4 (0x62312823) sw gp, 1584(sp)
mem[0x8004B794] <- 0x00000002


mem[X,0x8002D9A8] -> 0x0513
mem[X,0x8002D9AA] -> 0x0040
[3920] [M]: 0x8002D9A8 (0x00400513) addi a0, zero, 4
x10 <- 0x00000004


mem[X,0x8002D9AC] -> 0x05B7
mem[X,0x8002D9AE] -> 0x0001
[3921] [M]: 0x8002D9AC (0x000105B7) lui a1, 16
x11 <- 0x00010000


mem[X,0x8002D9B0] -> 0x8593
mem[X,0x8002D9B2] -> 0xFFE5
[3922] [M]: 0x8002D9B0 (0xFFE58593) addi a1, a1, 4094
x11 <- 0x0000FFFE


mem[X,0x8002D9B4] -> 0x0193
mem[X,0x8002D9B6] -> 0x0000
[3923] [M]: 0x8002D9B4 (0x00000193) addi gp, zero, 0
x3 <- 0x00000000


mem[X,0x8002D9B8] -> 0x006F
mem[X,0x8002D9BA] -> 0x00C0
[3924] [M]: 0x8002D9B8 (0x00C0006F) jal zero, 12


mem[X,0x8002D9C4] -> 0x7063
mem[X,0x8002D9C6] -> 0x20B5
[3925] [M]: 0x8002D9C4 (0x20B57063) bgeu a0, a1, 512


mem[X,0x8002D9C8] -> 0x8193
mem[X,0x8002D9CA] -> 0x0021
[3926] [M]: 0x8002D9C8 (0x00218193) addi gp, gp, 2
x3 <- 0x00000002


mem[X,0x8002D9CC] -> 0x006F
mem[X,0x8002D9CE] -> 0x2000
[3927] [M]: 0x8002D9CC (0x2000006F) jal zero, 512


mem[X,0x8002DBCC] -> 0x2A23
mem[X,0x8002DBCE] -> 0x6231
[3928] [M]: 0x8002DBCC (0x62312A23) sw gp, 1588(sp)
mem[0x8004B798] <- 0x00000002


mem[X,0x8002DBD0] -> 0x0513
mem[X,0x8002DBD2] -> 0x0040
[3929] [M]: 0x8002DBD0 (0x00400513) addi a0, zero, 4
x10 <- 0x00000004


mem[X,0x8002DBD4] -> 0x55B7
mem[X,0x8002DBD6] -> 0x5555
[3930] [M]: 0x8002DBD4 (0x555555B7) lui a1, 349525
x11 <- 0x55555000


mem[X,0x8002DBD8] -> 0x8593
mem[X,0x8002DBDA] -> 0x5565
[3931] [M]: 0x8002DBD8 (0x55658593) addi a1, a1, 1366
x11 <- 0x55555556


mem[X,0x8002DBDC] -> 0x0193
mem[X,0x8002DBDE] -> 0x0000
[3932] [M]: 0x8002DBDC (0x00000193) addi gp, zero, 0
x3 <- 0x00000000


mem[X,0x8002DBE0] -> 0x006F
mem[X,0x8002DBE2] -> 0x00C0
[3933] [M]: 0x8002DBE0 (0x00C0006F) jal zero, 12


mem[X,0x8002DBEC] -> 0x7CE3
mem[X,0x8002DBEE] -> 0xFEB5
[3934] [M]: 0x8002DBEC (0xFEB57CE3) bgeu a0, a1, 8184


mem[X,0x8002DBF0] -> 0x8193
mem[X,0x8002DBF2] -> 0x0021
[3935] [M]: 0x8002DBF0 (0x00218193) addi gp, gp, 2
x3 <- 0x00000002


mem[X,0x8002DBF4] -> 0x006F
mem[X,0x8002DBF6] -> 0x00C0
[3936] [M]: 0x8002DBF4 (0x00C0006F) jal zero, 12


mem[X,0x8002DC00] -> 0x2C23
mem[X,0x8002DC02] -> 0x6231
[3937] [M]: 0x8002DC00 (0x62312C23) sw gp, 1592(sp)
mem[0x8004B79C] <- 0x00000002


mem[X,0x8002DC04] -> 0x0513
mem[X,0x8002DC06] -> 0x0040
[3938] [M]: 0x8002DC04 (0x00400513) addi a0, zero, 4
x10 <- 0x00000004


mem[X,0x8002DC08] -> 0xB5B7
mem[X,0x8002DC0A] -> 0xAAAA
[3939] [M]: 0x8002DC08 (0xAAAAB5B7) lui a1, 699051
x11 <- 0xAAAAB000


mem[X,0x8002DC0C] -> 0x8593
mem[X,0x8002DC0E] -> 0xAAB5
[3940] [M]: 0x8002DC0C (0xAAB58593) addi a1, a1, 2731
x11 <- 0xAAAAAAAB


mem[X,0x8002DC10] -> 0x0193
mem[X,0x8002DC12] -> 0x0000
[3941] [M]: 0x8002DC10 (0x00000193) addi gp, zero, 0
x3 <- 0x00000000


mem[X,0x8002DC14] -> 0x006F
mem[X,0x8002DC16] -> 0x00C0
[3942] [M]: 0x8002DC14 (0x00C0006F) jal zero, 12


mem[X,0x8002DC20] -> 0x7863
mem[X,0x8002DC22] -> 0x00B5
[3943] [M]: 0x8002DC20 (0x00B57863) bgeu a0, a1, 16


mem[X,0x8002DC24] -> 0x8193
mem[X,0x8002DC26] -> 0x0021
[3944] [M]: 0x8002DC24 (0x00218193) addi gp, gp, 2
x3 <- 0x00000002


mem[X,0x8002DC28] -> 0x006F
mem[X,0x8002DC2A] -> 0x0100
[3945] [M]: 0x8002DC28 (0x0100006F) jal zero, 16


mem[X,0x8002DC38] -> 0x2E23
mem[X,0x8002DC3A] -> 0x6231
[3946] [M]: 0x8002DC38 (0x62312E23) sw gp, 1596(sp)
mem[0x8004B7A0] <- 0x00000002


mem[X,0x8002DC3C] -> 0x0513
mem[X,0x8002DC3E] -> 0x0040
[3947] [M]: 0x8002DC3C (0x00400513) addi a0, zero, 4
x10 <- 0x00000004


mem[X,0x8002DC40] -> 0x0593
mem[X,0x8002DC42] -> 0x0060
[3948] [M]: 0x8002DC40 (0x00600593) addi a1, zero, 6
x11 <- 0x00000006


mem[X,0x8002DC44] -> 0x0193
mem[X,0x8002DC46] -> 0x0000
[3949] [M]: 0x8002DC44 (0x00000193) addi gp, zero, 0
x3 <- 0x00000000


mem[X,0x8002DC48] -> 0x006F
mem[X,0x8002DC4A] -> 0x00C0
[3950] [M]: 0x8002DC48 (0x00C0006F) jal zero, 12


mem[X,0x8002DC54] -> 0x7663
mem[X,0x8002DC56] -> 0x00B5
[3951] [M]: 0x8002DC54 (0x00B57663) bgeu a0, a1, 12


mem[X,0x8002DC58] -> 0x8193
mem[X,0x8002DC5A] -> 0x0021
[3952] [M]: 0x8002DC58 (0x00218193) addi gp, gp, 2
x3 <- 0x00000002


mem[X,0x8002DC5C] -> 0x006F
mem[X,0x8002DC5E] -> 0x00C0
[3953] [M]: 0x8002DC5C (0x00C0006F) jal zero, 12


mem[X,0x8002DC68] -> 0x2023
mem[X,0x8002DC6A] -> 0x6431
[3954] [M]: 0x8002DC68 (0x64312023) sw gp, 1600(sp)
mem[0x8004B7A4] <- 0x00000002


mem[X,0x8002DC6C] -> 0x0513
mem[X,0x8002DC6E] -> 0x0040
[3955] [M]: 0x8002DC6C (0x00400513) addi a0, zero, 4
x10 <- 0x00000004


mem[X,0x8002DC70] -> 0x35B7
mem[X,0x8002DC72] -> 0x3333
[3956] [M]: 0x8002DC70 (0x333335B7) lui a1, 209715
x11 <- 0x33333000


mem[X,0x8002DC74] -> 0x8593
mem[X,0x8002DC76] -> 0x3345
[3957] [M]: 0x8002DC74 (0x33458593) addi a1, a1, 820
x11 <- 0x33333334


mem[X,0x8002DC78] -> 0x0193
mem[X,0x8002DC7A] -> 0x0000
[3958] [M]: 0x8002DC78 (0x00000193) addi gp, zero, 0
x3 <- 0x00000000


mem[X,0x8002DC7C] -> 0x006F
mem[X,0x8002DC7E] -> 0x0100
[3959] [M]: 0x8002DC7C (0x0100006F) jal zero, 16


mem[X,0x8002DC8C] -> 0x7AE3
mem[X,0x8002DC8E] -> 0xFEB5
[3960] [M]: 0x8002DC8C (0xFEB57AE3) bgeu a0, a1, 8180


mem[X,0x8002DC90] -> 0x8193
mem[X,0x8002DC92] -> 0x0021
[3961] [M]: 0x8002DC90 (0x00218193) addi gp, gp, 2
x3 <- 0x00000002


mem[X,0x8002DC94] -> 0x006F
mem[X,0x8002DC96] -> 0x00C0
[3962] [M]: 0x8002DC94 (0x00C0006F) jal zero, 12


mem[X,0x8002DCA0] -> 0x2223
mem[X,0x8002DCA2] -> 0x6431
[3963] [M]: 0x8002DCA0 (0x64312223) sw gp, 1604(sp)
mem[0x8004B7A8] <- 0x00000002


mem[X,0x8002DCA4] -> 0x0513
mem[X,0x8002DCA6] -> 0x0040
[3964] [M]: 0x8002DCA4 (0x00400513) addi a0, zero, 4
x10 <- 0x00000004


mem[X,0x8002DCA8] -> 0x65B7
mem[X,0x8002DCAA] -> 0x6666
[3965] [M]: 0x8002DCA8 (0x666665B7) lui a1, 419430
x11 <- 0x66666000


mem[X,0x8002DCAC] -> 0x8593
mem[X,0x8002DCAE] -> 0x6675
[3966] [M]: 0x8002DCAC (0x66758593) addi a1, a1, 1639
x11 <- 0x66666667


mem[X,0x8002DCB0] -> 0x0193
mem[X,0x8002DCB2] -> 0x0000
[3967] [M]: 0x8002DCB0 (0x00000193) addi gp, zero, 0
x3 <- 0x00000000


mem[X,0x8002DCB4] -> 0x006F
mem[X,0x8002DCB6] -> 0x00C0
[3968] [M]: 0x8002DCB4 (0x00C0006F) jal zero, 12


mem[X,0x8002DCC0] -> 0x7063
mem[X,0x8002DCC2] -> 0x20B5
[3969] [M]: 0x8002DCC0 (0x20B57063) bgeu a0, a1, 512


mem[X,0x8002DCC4] -> 0x8193
mem[X,0x8002DCC6] -> 0x0021
[3970] [M]: 0x8002DCC4 (0x00218193) addi gp, gp, 2
x3 <- 0x00000002


mem[X,0x8002DCC8] -> 0x006F
mem[X,0x8002DCCA] -> 0x2000
[3971] [M]: 0x8002DCC8 (0x2000006F) jal zero, 512


mem[X,0x8002DEC8] -> 0x2423
mem[X,0x8002DECA] -> 0x6431
[3972] [M]: 0x8002DEC8 (0x64312423) sw gp, 1608(sp)
mem[0x8004B7AC] <- 0x00000002


mem[X,0x8002DECC] -> 0x0513
mem[X,0x8002DECE] -> 0x0040
[3973] [M]: 0x8002DECC (0x00400513) addi a0, zero, 4
x10 <- 0x00000004


mem[X,0x8002DED0] -> 0xB5B7
mem[X,0x8002DED2] -> 0x0000
[3974] [M]: 0x8002DED0 (0x0000B5B7) lui a1, 11
x11 <- 0x0000B000


mem[X,0x8002DED4] -> 0x8593
mem[X,0x8002DED6] -> 0x5055
[3975] [M]: 0x8002DED4 (0x50558593) addi a1, a1, 1285
x11 <- 0x0000B505


mem[X,0x8002DED8] -> 0x0193
mem[X,0x8002DEDA] -> 0x0000
[3976] [M]: 0x8002DED8 (0x00000193) addi gp, zero, 0
x3 <- 0x00000000


mem[X,0x8002DEDC] -> 0x006F
mem[X,0x8002DEDE] -> 0x00C0
[3977] [M]: 0x8002DEDC (0x00C0006F) jal zero, 12


mem[X,0x8002DEE8] -> 0x7663
mem[X,0x8002DEEA] -> 0x00B5
[3978] [M]: 0x8002DEE8 (0x00B57663) bgeu a0, a1, 12


mem[X,0x8002DEEC] -> 0x8193
mem[X,0x8002DEEE] -> 0x0021
[3979] [M]: 0x8002DEEC (0x00218193) addi gp, gp, 2
x3 <- 0x00000002


mem[X,0x8002DEF0] -> 0x006F
mem[X,0x8002DEF2] -> 0x00C0
[3980] [M]: 0x8002DEF0 (0x00C0006F) jal zero, 12


mem[X,0x8002DEFC] -> 0x2623
mem[X,0x8002DEFE] -> 0x6431
[3981] [M]: 0x8002DEFC (0x64312623) sw gp, 1612(sp)
mem[0x8004B7B0] <- 0x00000002


mem[X,0x8002DF00] -> 0x0513
mem[X,0x8002DF02] -> 0x0040
[3982] [M]: 0x8002DF00 (0x00400513) addi a0, zero, 4
x10 <- 0x00000004


mem[X,0x8002DF04] -> 0x0593
mem[X,0x8002DF06] -> 0x0010
[3983] [M]: 0x8002DF04 (0x00100593) addi a1, zero, 1
x11 <- 0x00000001


mem[X,0x8002DF08] -> 0x0193
mem[X,0x8002DF0A] -> 0x0000
[3984] [M]: 0x8002DF08 (0x00000193) addi gp, zero, 0
x3 <- 0x00000000


mem[X,0x8002DF0C] -> 0x006F
mem[X,0x8002DF0E] -> 0x0100
[3985] [M]: 0x8002DF0C (0x0100006F) jal zero, 16


mem[X,0x8002DF1C] -> 0x7AE3
mem[X,0x8002DF1E] -> 0xFEB5
[3986] [M]: 0x8002DF1C (0xFEB57AE3) bgeu a0, a1, 8180


mem[X,0x8002DF10] -> 0x8193
mem[X,0x8002DF12] -> 0x0011
[3987] [M]: 0x8002DF10 (0x00118193) addi gp, gp, 1
x3 <- 0x00000001


mem[X,0x8002DF14] -> 0x006F
mem[X,0x8002DF16] -> 0x01C0
[3988] [M]: 0x8002DF14 (0x01C0006F) jal zero, 28


mem[X,0x8002DF30] -> 0x2823
mem[X,0x8002DF32] -> 0x6431
[3989] [M]: 0x8002DF30 (0x64312823) sw gp, 1616(sp)
mem[0x8004B7B4] <- 0x00000001


mem[X,0x8002DF34] -> 0x0513
mem[X,0x8002DF36] -> 0x0040
[3990] [M]: 0x8002DF34 (0x00400513) addi a0, zero, 4
x10 <- 0x00000004


mem[X,0x8002DF38] -> 0x05B7
mem[X,0x8002DF3A] -> 0x0001
[3991] [M]: 0x8002DF38 (0x000105B7) lui a1, 16
x11 <- 0x00010000


mem[X,0x8002DF3C] -> 0x0193
mem[X,0x8002DF3E] -> 0x0000
[3992] [M]: 0x8002DF3C (0x00000193) addi gp, zero, 0
x3 <- 0x00000000


mem[X,0x8002DF40] -> 0x006F
mem[X,0x8002DF42] -> 0x00C0
[3993] [M]: 0x8002DF40 (0x00C0006F) jal zero, 12


mem[X,0x8002DF4C] -> 0x7063
mem[X,0x8002DF4E] -> 0x20B5
[3994] [M]: 0x8002DF4C (0x20B57063) bgeu a0, a1, 512


mem[X,0x8002DF50] -> 0x8193
mem[X,0x8002DF52] -> 0x0021
[3995] [M]: 0x8002DF50 (0x00218193) addi gp, gp, 2
x3 <- 0x00000002


mem[X,0x8002DF54] -> 0x006F
mem[X,0x8002DF56] -> 0x2000
[3996] [M]: 0x8002DF54 (0x2000006F) jal zero, 512


mem[X,0x8002E154] -> 0x2A23
mem[X,0x8002E156] -> 0x6431
[3997] [M]: 0x8002E154 (0x64312A23) sw gp, 1620(sp)
mem[0x8004B7B8] <- 0x00000002


mem[X,0x8002E158] -> 0x3537
mem[X,0x8002E15A] -> 0x3333
[3998] [M]: 0x8002E158 (0x33333537) lui a0, 209715
x10 <- 0x33333000


mem[X,0x8002E15C] -> 0x0513
mem[X,0x8002E15E] -> 0x3325
[3999] [M]: 0x8002E15C (0x33250513) addi a0, a0, 818
x10 <- 0x33333332


clint::tick mtime <- 0x0000000000000028
 clint timer pending at mtime 0x0000000000000028
htif::tick 0x0000000000000000
mem[X,0x8002E160] -> 0x0593
mem[X,0x8002E162] -> 0x0030
[4000] [M]: 0x8002E160 (0x00300593) addi a1, zero, 3
x11 <- 0x00000003


mem[X,0x8002E164] -> 0x0193
mem[X,0x8002E166] -> 0x0000
[4001] [M]: 0x8002E164 (0x00000193) addi gp, zero, 0
x3 <- 0x00000000


mem[X,0x8002E168] -> 0x006F
mem[X,0x8002E16A] -> 0x00C0
[4002] [M]: 0x8002E168 (0x00C0006F) jal zero, 12


mem[X,0x8002E174] -> 0x7CE3
mem[X,0x8002E176] -> 0xFEB5
[4003] [M]: 0x8002E174 (0xFEB57CE3) bgeu a0, a1, 8184


mem[X,0x8002E16C] -> 0x8193
mem[X,0x8002E16E] -> 0x0011
[4004] [M]: 0x8002E16C (0x00118193) addi gp, gp, 1
x3 <- 0x00000001


mem[X,0x8002E170] -> 0x006F
mem[X,0x8002E172] -> 0x0180
[4005] [M]: 0x8002E170 (0x0180006F) jal zero, 24


mem[X,0x8002E188] -> 0x2C23
mem[X,0x8002E18A] -> 0x6431
[4006] [M]: 0x8002E188 (0x64312C23) sw gp, 1624(sp)
mem[0x8004B7BC] <- 0x00000001


mem[X,0x8002E18C] -> 0x3537
mem[X,0x8002E18E] -> 0x3333
[4007] [M]: 0x8002E18C (0x33333537) lui a0, 209715
x10 <- 0x33333000


mem[X,0x8002E190] -> 0x0513
mem[X,0x8002E192] -> 0x3325
[4008] [M]: 0x8002E190 (0x33250513) addi a0, a0, 818
x10 <- 0x33333332


mem[X,0x8002E194] -> 0x55B7
mem[X,0x8002E196] -> 0x5555
[4009] [M]: 0x8002E194 (0x555555B7) lui a1, 349525
x11 <- 0x55555000


mem[X,0x8002E198] -> 0x8593
mem[X,0x8002E19A] -> 0x5555
[4010] [M]: 0x8002E198 (0x55558593) addi a1, a1, 1365
x11 <- 0x55555555


mem[X,0x8002E19C] -> 0x0193
mem[X,0x8002E19E] -> 0x0000
[4011] [M]: 0x8002E19C (0x00000193) addi gp, zero, 0
x3 <- 0x00000000


mem[X,0x8002E1A0] -> 0x006F
mem[X,0x8002E1A2] -> 0x0100
[4012] [M]: 0x8002E1A0 (0x0100006F) jal zero, 16


mem[X,0x8002E1B0] -> 0x7AE3
mem[X,0x8002E1B2] -> 0xFEB5
[4013] [M]: 0x8002E1B0 (0xFEB57AE3) bgeu a0, a1, 8180


mem[X,0x8002E1B4] -> 0x8193
mem[X,0x8002E1B6] -> 0x0021
[4014] [M]: 0x8002E1B4 (0x00218193) addi gp, gp, 2
x3 <- 0x00000002


mem[X,0x8002E1B8] -> 0x006F
mem[X,0x8002E1BA] -> 0x00C0
[4015] [M]: 0x8002E1B8 (0x00C0006F) jal zero, 12


mem[X,0x8002E1C4] -> 0x2E23
mem[X,0x8002E1C6] -> 0x6431
[4016] [M]: 0x8002E1C4 (0x64312E23) sw gp, 1628(sp)
mem[0x8004B7C0] <- 0x00000002


mem[X,0x8002E1C8] -> 0x3537
mem[X,0x8002E1CA] -> 0x3333
[4017] [M]: 0x8002E1C8 (0x33333537) lui a0, 209715
x10 <- 0x33333000


mem[X,0x8002E1CC] -> 0x0513
mem[X,0x8002E1CE] -> 0x3325
[4018] [M]: 0x8002E1CC (0x33250513) addi a0, a0, 818
x10 <- 0x33333332


mem[X,0x8002E1D0] -> 0xB5B7
mem[X,0x8002E1D2] -> 0xAAAA
[4019] [M]: 0x8002E1D0 (0xAAAAB5B7) lui a1, 699051
x11 <- 0xAAAAB000


mem[X,0x8002E1D4] -> 0x8593
mem[X,0x8002E1D6] -> 0xAAA5
[4020] [M]: 0x8002E1D4 (0xAAA58593) addi a1, a1, 2730
x11 <- 0xAAAAAAAA


mem[X,0x8002E1D8] -> 0x0193
mem[X,0x8002E1DA] -> 0x0000
[4021] [M]: 0x8002E1D8 (0x00000193) addi gp, zero, 0
x3 <- 0x00000000


mem[X,0x8002E1DC] -> 0x006F
mem[X,0x8002E1DE] -> 0x00C0
[4022] [M]: 0x8002E1DC (0x00C0006F) jal zero, 12


mem[X,0x8002E1E8] -> 0x7663
mem[X,0x8002E1EA] -> 0x00B5
[4023] [M]: 0x8002E1E8 (0x00B57663) bgeu a0, a1, 12


mem[X,0x8002E1EC] -> 0x8193
mem[X,0x8002E1EE] -> 0x0021
[4024] [M]: 0x8002E1EC (0x00218193) addi gp, gp, 2
x3 <- 0x00000002


mem[X,0x8002E1F0] -> 0x006F
mem[X,0x8002E1F2] -> 0x00C0
[4025] [M]: 0x8002E1F0 (0x00C0006F) jal zero, 12


mem[X,0x8002E1FC] -> 0x2023
mem[X,0x8002E1FE] -> 0x6631
[4026] [M]: 0x8002E1FC (0x66312023) sw gp, 1632(sp)
mem[0x8004B7C4] <- 0x00000002


mem[X,0x8002E200] -> 0x3537
mem[X,0x8002E202] -> 0x3333
[4027] [M]: 0x8002E200 (0x33333537) lui a0, 209715
x10 <- 0x33333000


mem[X,0x8002E204] -> 0x0513
mem[X,0x8002E206] -> 0x3325
[4028] [M]: 0x8002E204 (0x33250513) addi a0, a0, 818
x10 <- 0x33333332


mem[X,0x8002E208] -> 0x0593
mem[X,0x8002E20A] -> 0x0050
[4029] [M]: 0x8002E208 (0x00500593) addi a1, zero, 5
x11 <- 0x00000005


mem[X,0x8002E20C] -> 0x0193
mem[X,0x8002E20E] -> 0x0000
[4030] [M]: 0x8002E20C (0x00000193) addi gp, zero, 0
x3 <- 0x00000000


mem[X,0x8002E210] -> 0x006F
mem[X,0x8002E212] -> 0x0140
[4031] [M]: 0x8002E210 (0x0140006F) jal zero, 20


mem[X,0x8002E224] -> 0x78E3
mem[X,0x8002E226] -> 0xFEB5
[4032] [M]: 0x8002E224 (0xFEB578E3) bgeu a0, a1, 8176


mem[X,0x8002E214] -> 0x8193
mem[X,0x8002E216] -> 0x0011
[4033] [M]: 0x8002E214 (0x00118193) addi gp, gp, 1
x3 <- 0x00000001


mem[X,0x8002E218] -> 0x006F
mem[X,0x8002E21A] -> 0x0200
[4034] [M]: 0x8002E218 (0x0200006F) jal zero, 32


mem[X,0x8002E238] -> 0x2223
mem[X,0x8002E23A] -> 0x6631
[4035] [M]: 0x8002E238 (0x66312223) sw gp, 1636(sp)
mem[0x8004B7C8] <- 0x00000001


mem[X,0x8002E23C] -> 0x3537
mem[X,0x8002E23E] -> 0x3333
[4036] [M]: 0x8002E23C (0x33333537) lui a0, 209715
x10 <- 0x33333000


mem[X,0x8002E240] -> 0x0513
mem[X,0x8002E242] -> 0x3325
[4037] [M]: 0x8002E240 (0x33250513) addi a0, a0, 818
x10 <- 0x33333332


mem[X,0x8002E244] -> 0x35B7
mem[X,0x8002E246] -> 0x3333
[4038] [M]: 0x8002E244 (0x333335B7) lui a1, 209715
x11 <- 0x33333000


mem[X,0x8002E248] -> 0x8593
mem[X,0x8002E24A] -> 0x3335
[4039] [M]: 0x8002E248 (0x33358593) addi a1, a1, 819
x11 <- 0x33333333


mem[X,0x8002E24C] -> 0x0193
mem[X,0x8002E24E] -> 0x0000
[4040] [M]: 0x8002E24C (0x00000193) addi gp, zero, 0
x3 <- 0x00000000


mem[X,0x8002E250] -> 0x006F
mem[X,0x8002E252] -> 0x0100
[4041] [M]: 0x8002E250 (0x0100006F) jal zero, 16


mem[X,0x8002E260] -> 0x7AE3
mem[X,0x8002E262] -> 0xFEB5
[4042] [M]: 0x8002E260 (0xFEB57AE3) bgeu a0, a1, 8180


mem[X,0x8002E264] -> 0x8193
mem[X,0x8002E266] -> 0x0021
[4043] [M]: 0x8002E264 (0x00218193) addi gp, gp, 2
x3 <- 0x00000002


mem[X,0x8002E268] -> 0x006F
mem[X,0x8002E26A] -> 0x00C0
[4044] [M]: 0x8002E268 (0x00C0006F) jal zero, 12


mem[X,0x8002E274] -> 0x2423
mem[X,0x8002E276] -> 0x6631
[4045] [M]: 0x8002E274 (0x66312423) sw gp, 1640(sp)
mem[0x8004B7CC] <- 0x00000002


mem[X,0x8002E278] -> 0x3537
mem[X,0x8002E27A] -> 0x3333
[4046] [M]: 0x8002E278 (0x33333537) lui a0, 209715
x10 <- 0x33333000


mem[X,0x8002E27C] -> 0x0513
mem[X,0x8002E27E] -> 0x3325
[4047] [M]: 0x8002E27C (0x33250513) addi a0, a0, 818
x10 <- 0x33333332


mem[X,0x8002E280] -> 0x65B7
mem[X,0x8002E282] -> 0x6666
[4048] [M]: 0x8002E280 (0x666665B7) lui a1, 419430
x11 <- 0x66666000


mem[X,0x8002E284] -> 0x8593
mem[X,0x8002E286] -> 0x6665
[4049] [M]: 0x8002E284 (0x66658593) addi a1, a1, 1638
x11 <- 0x66666666


mem[X,0x8002E288] -> 0x0193
mem[X,0x8002E28A] -> 0x0000
[4050] [M]: 0x8002E288 (0x00000193) addi gp, zero, 0
x3 <- 0x00000000


mem[X,0x8002E28C] -> 0x006F
mem[X,0x8002E28E] -> 0x00C0
[4051] [M]: 0x8002E28C (0x00C0006F) jal zero, 12


mem[X,0x8002E298] -> 0x7663
mem[X,0x8002E29A] -> 0x00B5
[4052] [M]: 0x8002E298 (0x00B57663) bgeu a0, a1, 12


mem[X,0x8002E29C] -> 0x8193
mem[X,0x8002E29E] -> 0x0021
[4053] [M]: 0x8002E29C (0x00218193) addi gp, gp, 2
x3 <- 0x00000002


mem[X,0x8002E2A0] -> 0x006F
mem[X,0x8002E2A2] -> 0x00C0
[4054] [M]: 0x8002E2A0 (0x00C0006F) jal zero, 12


mem[X,0x8002E2AC] -> 0x2623
mem[X,0x8002E2AE] -> 0x6631
[4055] [M]: 0x8002E2AC (0x66312623) sw gp, 1644(sp)
mem[0x8004B7D0] <- 0x00000002


mem[X,0x8002E2B0] -> 0x3537
mem[X,0x8002E2B2] -> 0x3333
[4056] [M]: 0x8002E2B0 (0x33333537) lui a0, 209715
x10 <- 0x33333000


mem[X,0x8002E2B4] -> 0x0513
mem[X,0x8002E2B6] -> 0x3325
[4057] [M]: 0x8002E2B4 (0x33250513) addi a0, a0, 818
x10 <- 0x33333332


mem[X,0x8002E2B8] -> 0xB5B7
mem[X,0x8002E2BA] -> 0x0000
[4058] [M]: 0x8002E2B8 (0x0000B5B7) lui a1, 11
x11 <- 0x0000B000


mem[X,0x8002E2BC] -> 0x8593
mem[X,0x8002E2BE] -> 0x5045
[4059] [M]: 0x8002E2BC (0x50458593) addi a1, a1, 1284
x11 <- 0x0000B504


mem[X,0x8002E2C0] -> 0x0193
mem[X,0x8002E2C2] -> 0x0000
[4060] [M]: 0x8002E2C0 (0x00000193) addi gp, zero, 0
x3 <- 0x00000000


mem[X,0x8002E2C4] -> 0x006F
mem[X,0x8002E2C6] -> 0x00C0
[4061] [M]: 0x8002E2C4 (0x00C0006F) jal zero, 12


mem[X,0x8002E2D0] -> 0x7063
mem[X,0x8002E2D2] -> 0x04B5
[4062] [M]: 0x8002E2D0 (0x04B57063) bgeu a0, a1, 64


mem[X,0x8002E310] -> 0x8193
mem[X,0x8002E312] -> 0x0031
[4063] [M]: 0x8002E310 (0x00318193) addi gp, gp, 3
x3 <- 0x00000003


mem[X,0x8002E314] -> 0x006F
mem[X,0x8002E316] -> 0x0040
[4064] [M]: 0x8002E314 (0x0040006F) jal zero, 4


mem[X,0x8002E318] -> 0x2823
mem[X,0x8002E31A] -> 0x6631
[4065] [M]: 0x8002E318 (0x66312823) sw gp, 1648(sp)
mem[0x8004B7D4] <- 0x00000003


mem[X,0x8002E31C] -> 0x3537
mem[X,0x8002E31E] -> 0x3333
[4066] [M]: 0x8002E31C (0x33333537) lui a0, 209715
x10 <- 0x33333000


mem[X,0x8002E320] -> 0x0513
mem[X,0x8002E322] -> 0x3325
[4067] [M]: 0x8002E320 (0x33250513) addi a0, a0, 818
x10 <- 0x33333332


mem[X,0x8002E324] -> 0x0593
mem[X,0x8002E326] -> 0x0000
[4068] [M]: 0x8002E324 (0x00000593) addi a1, zero, 0
x11 <- 0x00000000


mem[X,0x8002E328] -> 0x0193
mem[X,0x8002E32A] -> 0x0000
[4069] [M]: 0x8002E328 (0x00000193) addi gp, zero, 0
x3 <- 0x00000000


mem[X,0x8002E32C] -> 0x006F
mem[X,0x8002E32E] -> 0x00C0
[4070] [M]: 0x8002E32C (0x00C0006F) jal zero, 12


mem[X,0x8002E338] -> 0x7CE3
mem[X,0x8002E33A] -> 0xFEB5
[4071] [M]: 0x8002E338 (0xFEB57CE3) bgeu a0, a1, 8184


mem[X,0x8002E330] -> 0x8193
mem[X,0x8002E332] -> 0x0011
[4072] [M]: 0x8002E330 (0x00118193) addi gp, gp, 1
x3 <- 0x00000001


mem[X,0x8002E334] -> 0x006F
mem[X,0x8002E336] -> 0x0180
[4073] [M]: 0x8002E334 (0x0180006F) jal zero, 24


mem[X,0x8002E34C] -> 0x2A23
mem[X,0x8002E34E] -> 0x6631
[4074] [M]: 0x8002E34C (0x66312A23) sw gp, 1652(sp)
mem[0x8004B7D8] <- 0x00000001


mem[X,0x8002E350] -> 0x3537
mem[X,0x8002E352] -> 0x3333
[4075] [M]: 0x8002E350 (0x33333537) lui a0, 209715
x10 <- 0x33333000


mem[X,0x8002E354] -> 0x0513
mem[X,0x8002E356] -> 0x3325
[4076] [M]: 0x8002E354 (0x33250513) addi a0, a0, 818
x10 <- 0x33333332


mem[X,0x8002E358] -> 0x05B7
mem[X,0x8002E35A] -> 0x0001
[4077] [M]: 0x8002E358 (0x000105B7) lui a1, 16
x11 <- 0x00010000


mem[X,0x8002E35C] -> 0x8593
mem[X,0x8002E35E] -> 0xFFF5
[4078] [M]: 0x8002E35C (0xFFF58593) addi a1, a1, 4095
x11 <- 0x0000FFFF


mem[X,0x8002E360] -> 0x0193
mem[X,0x8002E362] -> 0x0000
[4079] [M]: 0x8002E360 (0x00000193) addi gp, zero, 0
x3 <- 0x00000000


mem[X,0x8002E364] -> 0x006F
mem[X,0x8002E366] -> 0x00C0
[4080] [M]: 0x8002E364 (0x00C0006F) jal zero, 12


mem[X,0x8002E370] -> 0x7663
mem[X,0x8002E372] -> 0x00B5
[4081] [M]: 0x8002E370 (0x00B57663) bgeu a0, a1, 12


mem[X,0x8002E37C] -> 0x8193
mem[X,0x8002E37E] -> 0x0031
[4082] [M]: 0x8002E37C (0x00318193) addi gp, gp, 3
x3 <- 0x00000003


mem[X,0x8002E380] -> 0x006F
mem[X,0x8002E382] -> 0x0040
[4083] [M]: 0x8002E380 (0x0040006F) jal zero, 4


mem[X,0x8002E384] -> 0x2C23
mem[X,0x8002E386] -> 0x6631
[4084] [M]: 0x8002E384 (0x66312C23) sw gp, 1656(sp)
mem[0x8004B7DC] <- 0x00000003


mem[X,0x8002E388] -> 0x3537
mem[X,0x8002E38A] -> 0x3333
[4085] [M]: 0x8002E388 (0x33333537) lui a0, 209715
x10 <- 0x33333000


mem[X,0x8002E38C] -> 0x0513
mem[X,0x8002E38E] -> 0x3325
[4086] [M]: 0x8002E38C (0x33250513) addi a0, a0, 818
x10 <- 0x33333332


mem[X,0x8002E390] -> 0x0593
mem[X,0x8002E392] -> 0x0020
[4087] [M]: 0x8002E390 (0x00200593) addi a1, zero, 2
x11 <- 0x00000002


mem[X,0x8002E394] -> 0x0193
mem[X,0x8002E396] -> 0x0000
[4088] [M]: 0x8002E394 (0x00000193) addi gp, zero, 0
x3 <- 0x00000000


mem[X,0x8002E398] -> 0x006F
mem[X,0x8002E39A] -> 0x0050
[4089] [M]: 0x8002E398 (0x0050006F) jal zero, 2052


mem[X,0x8002EB9C] -> 0x70E3
mem[X,0x8002EB9E] -> 0x80B5
[4090] [M]: 0x8002EB9C (0x80B570E3) bgeu a0, a1, 6144


mem[X,0x8002E39C] -> 0x8193
mem[X,0x8002E39E] -> 0x0011
[4091] [M]: 0x8002E39C (0x00118193) addi gp, gp, 1
x3 <- 0x00000001


mem[X,0x8002E3A0] -> 0x006F
mem[X,0x8002E3A2] -> 0x0110
[4092] [M]: 0x8002E3A0 (0x0110006F) jal zero, 2064


mem[X,0x8002EBB0] -> 0x2E23
mem[X,0x8002EBB2] -> 0x6631
[4093] [M]: 0x8002EBB0 (0x66312E23) sw gp, 1660(sp)
mem[0x8004B7E0] <- 0x00000001


mem[X,0x8002EBB4] -> 0x3537
mem[X,0x8002EBB6] -> 0x3333
[4094] [M]: 0x8002EBB4 (0x33333537) lui a0, 209715
x10 <- 0x33333000


mem[X,0x8002EBB8] -> 0x0513
mem[X,0x8002EBBA] -> 0x3325
[4095] [M]: 0x8002EBB8 (0x33250513) addi a0, a0, 818
x10 <- 0x33333332


mem[X,0x8002EBBC] -> 0x55B7
mem[X,0x8002EBBE] -> 0x5555
[4096] [M]: 0x8002EBBC (0x555555B7) lui a1, 349525
x11 <- 0x55555000


mem[X,0x8002EBC0] -> 0x8593
mem[X,0x8002EBC2] -> 0x5545
[4097] [M]: 0x8002EBC0 (0x55458593) addi a1, a1, 1364
x11 <- 0x55555554


mem[X,0x8002EBC4] -> 0x0193
mem[X,0x8002EBC6] -> 0x0000
[4098] [M]: 0x8002EBC4 (0x00000193) addi gp, zero, 0
x3 <- 0x00000000


mem[X,0x8002EBC8] -> 0x006F
mem[X,0x8002EBCA] -> 0x00C0
[4099] [M]: 0x8002EBC8 (0x00C0006F) jal zero, 12


clint::tick mtime <- 0x0000000000000029
 clint timer pending at mtime 0x0000000000000029
htif::tick 0x0000000000000000
mem[X,0x8002EBD4] -> 0x7CE3
mem[X,0x8002EBD6] -> 0xFEB5
[4100] [M]: 0x8002EBD4 (0xFEB57CE3) bgeu a0, a1, 8184


mem[X,0x8002EBD8] -> 0x8193
mem[X,0x8002EBDA] -> 0x0021
[4101] [M]: 0x8002EBD8 (0x00218193) addi gp, gp, 2
x3 <- 0x00000002


mem[X,0x8002EBDC] -> 0x006F
mem[X,0x8002EBDE] -> 0x00C0
[4102] [M]: 0x8002EBDC (0x00C0006F) jal zero, 12


mem[X,0x8002EBE8] -> 0x2023
mem[X,0x8002EBEA] -> 0x6831
[4103] [M]: 0x8002EBE8 (0x68312023) sw gp, 1664(sp)
mem[0x8004B7E4] <- 0x00000002


mem[X,0x8002EBEC] -> 0x3537
mem[X,0x8002EBEE] -> 0x3333
[4104] [M]: 0x8002EBEC (0x33333537) lui a0, 209715
x10 <- 0x33333000


mem[X,0x8002EBF0] -> 0x0513
mem[X,0x8002EBF2] -> 0x3325
[4105] [M]: 0x8002EBF0 (0x33250513) addi a0, a0, 818
x10 <- 0x33333332


mem[X,0x8002EBF4] -> 0xB5B7
mem[X,0x8002EBF6] -> 0xAAAA
[4106] [M]: 0x8002EBF4 (0xAAAAB5B7) lui a1, 699051
x11 <- 0xAAAAB000


mem[X,0x8002EBF8] -> 0x8593
mem[X,0x8002EBFA] -> 0xAA95
[4107] [M]: 0x8002EBF8 (0xAA958593) addi a1, a1, 2729
x11 <- 0xAAAAAAA9


mem[X,0x8002EBFC] -> 0x0193
mem[X,0x8002EBFE] -> 0x0000
[4108] [M]: 0x8002EBFC (0x00000193) addi gp, zero, 0
x3 <- 0x00000000


mem[X,0x8002EC00] -> 0x006F
mem[X,0x8002EC02] -> 0x00C0
[4109] [M]: 0x8002EC00 (0x00C0006F) jal zero, 12


mem[X,0x8002EC0C] -> 0x7CE3
mem[X,0x8002EC0E] -> 0xFEB5
[4110] [M]: 0x8002EC0C (0xFEB57CE3) bgeu a0, a1, 8184


mem[X,0x8002EC10] -> 0x8193
mem[X,0x8002EC12] -> 0x0021
[4111] [M]: 0x8002EC10 (0x00218193) addi gp, gp, 2
x3 <- 0x00000002


mem[X,0x8002EC14] -> 0x006F
mem[X,0x8002EC16] -> 0x00C0
[4112] [M]: 0x8002EC14 (0x00C0006F) jal zero, 12


mem[X,0x8002EC20] -> 0x2223
mem[X,0x8002EC22] -> 0x6831
[4113] [M]: 0x8002EC20 (0x68312223) sw gp, 1668(sp)
mem[0x8004B7E8] <- 0x00000002


mem[X,0x8002EC24] -> 0x3537
mem[X,0x8002EC26] -> 0x3333
[4114] [M]: 0x8002EC24 (0x33333537) lui a0, 209715
x10 <- 0x33333000


mem[X,0x8002EC28] -> 0x0513
mem[X,0x8002EC2A] -> 0x3325
[4115] [M]: 0x8002EC28 (0x33250513) addi a0, a0, 818
x10 <- 0x33333332


mem[X,0x8002EC2C] -> 0x0593
mem[X,0x8002EC2E] -> 0x0040
[4116] [M]: 0x8002EC2C (0x00400593) addi a1, zero, 4
x11 <- 0x00000004


mem[X,0x8002EC30] -> 0x0193
mem[X,0x8002EC32] -> 0x0000
[4117] [M]: 0x8002EC30 (0x00000193) addi gp, zero, 0
x3 <- 0x00000000


mem[X,0x8002EC34] -> 0x006F
mem[X,0x8002EC36] -> 0x00C0
[4118] [M]: 0x8002EC34 (0x00C0006F) jal zero, 12


mem[X,0x8002EC40] -> 0x7CE3
mem[X,0x8002EC42] -> 0xFEB5
[4119] [M]: 0x8002EC40 (0xFEB57CE3) bgeu a0, a1, 8184


mem[X,0x8002EC38] -> 0x8193
mem[X,0x8002EC3A] -> 0x0011
[4120] [M]: 0x8002EC38 (0x00118193) addi gp, gp, 1
x3 <- 0x00000001


mem[X,0x8002EC3C] -> 0x006F
mem[X,0x8002EC3E] -> 0x0180
[4121] [M]: 0x8002EC3C (0x0180006F) jal zero, 24


mem[X,0x8002EC54] -> 0x2423
mem[X,0x8002EC56] -> 0x6831
[4122] [M]: 0x8002EC54 (0x68312423) sw gp, 1672(sp)
mem[0x8004B7EC] <- 0x00000001


mem[X,0x8002EC58] -> 0x3537
mem[X,0x8002EC5A] -> 0x3333
[4123] [M]: 0x8002EC58 (0x33333537) lui a0, 209715
x10 <- 0x33333000


mem[X,0x8002EC5C] -> 0x0513
mem[X,0x8002EC5E] -> 0x3325
[4124] [M]: 0x8002EC5C (0x33250513) addi a0, a0, 818
x10 <- 0x33333332


mem[X,0x8002EC60] -> 0x35B7
mem[X,0x8002EC62] -> 0x3333
[4125] [M]: 0x8002EC60 (0x333335B7) lui a1, 209715
x11 <- 0x33333000


mem[X,0x8002EC64] -> 0x8593
mem[X,0x8002EC66] -> 0x3325
[4126] [M]: 0x8002EC64 (0x33258593) addi a1, a1, 818
x11 <- 0x33333332


mem[X,0x8002EC68] -> 0x0193
mem[X,0x8002EC6A] -> 0x0000
[4127] [M]: 0x8002EC68 (0x00000193) addi gp, zero, 0
x3 <- 0x00000000


mem[X,0x8002EC6C] -> 0x006F
mem[X,0x8002EC6E] -> 0x00C0
[4128] [M]: 0x8002EC6C (0x00C0006F) jal zero, 12


mem[X,0x8002EC78] -> 0x7663
mem[X,0x8002EC7A] -> 0x00B5
[4129] [M]: 0x8002EC78 (0x00B57663) bgeu a0, a1, 12


mem[X,0x8002EC84] -> 0x8193
mem[X,0x8002EC86] -> 0x0031
[4130] [M]: 0x8002EC84 (0x00318193) addi gp, gp, 3
x3 <- 0x00000003


mem[X,0x8002EC88] -> 0x006F
mem[X,0x8002EC8A] -> 0x0040
[4131] [M]: 0x8002EC88 (0x0040006F) jal zero, 4


mem[X,0x8002EC8C] -> 0x2623
mem[X,0x8002EC8E] -> 0x6831
[4132] [M]: 0x8002EC8C (0x68312623) sw gp, 1676(sp)
mem[0x8004B7F0] <- 0x00000003


mem[X,0x8002EC90] -> 0x3537
mem[X,0x8002EC92] -> 0x3333
[4133] [M]: 0x8002EC90 (0x33333537) lui a0, 209715
x10 <- 0x33333000


mem[X,0x8002EC94] -> 0x0513
mem[X,0x8002EC96] -> 0x3325
[4134] [M]: 0x8002EC94 (0x33250513) addi a0, a0, 818
x10 <- 0x33333332


mem[X,0x8002EC98] -> 0x65B7
mem[X,0x8002EC9A] -> 0x6666
[4135] [M]: 0x8002EC98 (0x666665B7) lui a1, 419430
x11 <- 0x66666000


mem[X,0x8002EC9C] -> 0x8593
mem[X,0x8002EC9E] -> 0x6655
[4136] [M]: 0x8002EC9C (0x66558593) addi a1, a1, 1637
x11 <- 0x66666665


mem[X,0x8002ECA0] -> 0x0193
mem[X,0x8002ECA2] -> 0x0000
[4137] [M]: 0x8002ECA0 (0x00000193) addi gp, zero, 0
x3 <- 0x00000000


mem[X,0x8002ECA4] -> 0x006F
mem[X,0x8002ECA6] -> 0x00C0
[4138] [M]: 0x8002ECA4 (0x00C0006F) jal zero, 12


mem[X,0x8002ECB0] -> 0x7CE3
mem[X,0x8002ECB2] -> 0xFEB5
[4139] [M]: 0x8002ECB0 (0xFEB57CE3) bgeu a0, a1, 8184


mem[X,0x8002ECB4] -> 0x8193
mem[X,0x8002ECB6] -> 0x0021
[4140] [M]: 0x8002ECB4 (0x00218193) addi gp, gp, 2
x3 <- 0x00000002


mem[X,0x8002ECB8] -> 0x006F
mem[X,0x8002ECBA] -> 0x00C0
[4141] [M]: 0x8002ECB8 (0x00C0006F) jal zero, 12


mem[X,0x8002ECC4] -> 0x2823
mem[X,0x8002ECC6] -> 0x6831
[4142] [M]: 0x8002ECC4 (0x68312823) sw gp, 1680(sp)
mem[0x8004B7F4] <- 0x00000002


mem[X,0x8002ECC8] -> 0x3537
mem[X,0x8002ECCA] -> 0x3333
[4143] [M]: 0x8002ECC8 (0x33333537) lui a0, 209715
x10 <- 0x33333000


mem[X,0x8002ECCC] -> 0x0513
mem[X,0x8002ECCE] -> 0x3325
[4144] [M]: 0x8002ECCC (0x33250513) addi a0, a0, 818
x10 <- 0x33333332


mem[X,0x8002ECD0] -> 0xB5B7
mem[X,0x8002ECD2] -> 0x0000
[4145] [M]: 0x8002ECD0 (0x0000B5B7) lui a1, 11
x11 <- 0x0000B000


mem[X,0x8002ECD4] -> 0x8593
mem[X,0x8002ECD6] -> 0x5035
[4146] [M]: 0x8002ECD4 (0x50358593) addi a1, a1, 1283
x11 <- 0x0000B503


mem[X,0x8002ECD8] -> 0x0193
mem[X,0x8002ECDA] -> 0x0000
[4147] [M]: 0x8002ECD8 (0x00000193) addi gp, zero, 0
x3 <- 0x00000000


mem[X,0x8002ECDC] -> 0x006F
mem[X,0x8002ECDE] -> 0x00C0
[4148] [M]: 0x8002ECDC (0x00C0006F) jal zero, 12


mem[X,0x8002ECE8] -> 0x7063
mem[X,0x8002ECEA] -> 0x40B5
[4149] [M]: 0x8002ECE8 (0x40B57063) bgeu a0, a1, 1024


mem[X,0x8002F0E8] -> 0x8193
mem[X,0x8002F0EA] -> 0x0031
[4150] [M]: 0x8002F0E8 (0x00318193) addi gp, gp, 3
x3 <- 0x00000003


mem[X,0x8002F0EC] -> 0x006F
mem[X,0x8002F0EE] -> 0x0040
[4151] [M]: 0x8002F0EC (0x0040006F) jal zero, 4


mem[X,0x8002F0F0] -> 0x2A23
mem[X,0x8002F0F2] -> 0x6831
[4152] [M]: 0x8002F0F0 (0x68312A23) sw gp, 1684(sp)
mem[0x8004B7F8] <- 0x00000003


mem[X,0x8002F0F4] -> 0x3537
mem[X,0x8002F0F6] -> 0x3333
[4153] [M]: 0x8002F0F4 (0x33333537) lui a0, 209715
x10 <- 0x33333000


mem[X,0x8002F0F8] -> 0x0513
mem[X,0x8002F0FA] -> 0x3325
[4154] [M]: 0x8002F0F8 (0x33250513) addi a0, a0, 818
x10 <- 0x33333332


mem[X,0x8002F0FC] -> 0x05B7
mem[X,0x8002F0FE] -> 0x0001
[4155] [M]: 0x8002F0FC (0x000105B7) lui a1, 16
x11 <- 0x00010000


mem[X,0x8002F100] -> 0x8593
mem[X,0x8002F102] -> 0xFFE5
[4156] [M]: 0x8002F100 (0xFFE58593) addi a1, a1, 4094
x11 <- 0x0000FFFE


mem[X,0x8002F104] -> 0x0193
mem[X,0x8002F106] -> 0x0000
[4157] [M]: 0x8002F104 (0x00000193) addi gp, zero, 0
x3 <- 0x00000000


mem[X,0x8002F108] -> 0x006F
mem[X,0x8002F10A] -> 0x00C0
[4158] [M]: 0x8002F108 (0x00C0006F) jal zero, 12


mem[X,0x8002F114] -> 0x7063
mem[X,0x8002F116] -> 0x04B5
[4159] [M]: 0x8002F114 (0x04B57063) bgeu a0, a1, 64


mem[X,0x8002F154] -> 0x8193
mem[X,0x8002F156] -> 0x0031
[4160] [M]: 0x8002F154 (0x00318193) addi gp, gp, 3
x3 <- 0x00000003


mem[X,0x8002F158] -> 0x006F
mem[X,0x8002F15A] -> 0x0040
[4161] [M]: 0x8002F158 (0x0040006F) jal zero, 4


mem[X,0x8002F15C] -> 0x2C23
mem[X,0x8002F15E] -> 0x6831
[4162] [M]: 0x8002F15C (0x68312C23) sw gp, 1688(sp)
mem[0x8004B7FC] <- 0x00000003


mem[X,0x8002F160] -> 0x3537
mem[X,0x8002F162] -> 0x3333
[4163] [M]: 0x8002F160 (0x33333537) lui a0, 209715
x10 <- 0x33333000


mem[X,0x8002F164] -> 0x0513
mem[X,0x8002F166] -> 0x3325
[4164] [M]: 0x8002F164 (0x33250513) addi a0, a0, 818
x10 <- 0x33333332


mem[X,0x8002F168] -> 0x55B7
mem[X,0x8002F16A] -> 0x5555
[4165] [M]: 0x8002F168 (0x555555B7) lui a1, 349525
x11 <- 0x55555000


mem[X,0x8002F16C] -> 0x8593
mem[X,0x8002F16E] -> 0x5565
[4166] [M]: 0x8002F16C (0x55658593) addi a1, a1, 1366
x11 <- 0x55555556


mem[X,0x8002F170] -> 0x0193
mem[X,0x8002F172] -> 0x0000
[4167] [M]: 0x8002F170 (0x00000193) addi gp, zero, 0
x3 <- 0x00000000


mem[X,0x8002F174] -> 0x006F
mem[X,0x8002F176] -> 0x0050
[4168] [M]: 0x8002F174 (0x0050006F) jal zero, 2052


mem[X,0x8002F978] -> 0x70E3
mem[X,0x8002F97A] -> 0x80B5
[4169] [M]: 0x8002F978 (0x80B570E3) bgeu a0, a1, 6144


mem[X,0x8002F97C] -> 0x8193
mem[X,0x8002F97E] -> 0x0021
[4170] [M]: 0x8002F97C (0x00218193) addi gp, gp, 2
x3 <- 0x00000002


mem[X,0x8002F980] -> 0x006F
mem[X,0x8002F982] -> 0x00C0
[4171] [M]: 0x8002F980 (0x00C0006F) jal zero, 12


mem[X,0x8002F98C] -> 0x2E23
mem[X,0x8002F98E] -> 0x6831
[4172] [M]: 0x8002F98C (0x68312E23) sw gp, 1692(sp)
mem[0x8004B800] <- 0x00000002


mem[X,0x8002F990] -> 0x3537
mem[X,0x8002F992] -> 0x3333
[4173] [M]: 0x8002F990 (0x33333537) lui a0, 209715
x10 <- 0x33333000


mem[X,0x8002F994] -> 0x0513
mem[X,0x8002F996] -> 0x3325
[4174] [M]: 0x8002F994 (0x33250513) addi a0, a0, 818
x10 <- 0x33333332


mem[X,0x8002F998] -> 0xB5B7
mem[X,0x8002F99A] -> 0xAAAA
[4175] [M]: 0x8002F998 (0xAAAAB5B7) lui a1, 699051
x11 <- 0xAAAAB000


mem[X,0x8002F99C] -> 0x8593
mem[X,0x8002F99E] -> 0xAAB5
[4176] [M]: 0x8002F99C (0xAAB58593) addi a1, a1, 2731
x11 <- 0xAAAAAAAB


mem[X,0x8002F9A0] -> 0x0193
mem[X,0x8002F9A2] -> 0x0000
[4177] [M]: 0x8002F9A0 (0x00000193) addi gp, zero, 0
x3 <- 0x00000000


mem[X,0x8002F9A4] -> 0x006F
mem[X,0x8002F9A6] -> 0x00C0
[4178] [M]: 0x8002F9A4 (0x00C0006F) jal zero, 12


mem[X,0x8002F9B0] -> 0x7663
mem[X,0x8002F9B2] -> 0x00B5
[4179] [M]: 0x8002F9B0 (0x00B57663) bgeu a0, a1, 12


mem[X,0x8002F9B4] -> 0x8193
mem[X,0x8002F9B6] -> 0x0021
[4180] [M]: 0x8002F9B4 (0x00218193) addi gp, gp, 2
x3 <- 0x00000002


mem[X,0x8002F9B8] -> 0x006F
mem[X,0x8002F9BA] -> 0x00C0
[4181] [M]: 0x8002F9B8 (0x00C0006F) jal zero, 12


mem[X,0x8002F9C4] -> 0x2023
mem[X,0x8002F9C6] -> 0x6A31
[4182] [M]: 0x8002F9C4 (0x6A312023) sw gp, 1696(sp)
mem[0x8004B804] <- 0x00000002


mem[X,0x8002F9C8] -> 0x3537
mem[X,0x8002F9CA] -> 0x3333
[4183] [M]: 0x8002F9C8 (0x33333537) lui a0, 209715
x10 <- 0x33333000


mem[X,0x8002F9CC] -> 0x0513
mem[X,0x8002F9CE] -> 0x3325
[4184] [M]: 0x8002F9CC (0x33250513) addi a0, a0, 818
x10 <- 0x33333332


mem[X,0x8002F9D0] -> 0x0593
mem[X,0x8002F9D2] -> 0x0060
[4185] [M]: 0x8002F9D0 (0x00600593) addi a1, zero, 6
x11 <- 0x00000006


mem[X,0x8002F9D4] -> 0x0193
mem[X,0x8002F9D6] -> 0x0000
[4186] [M]: 0x8002F9D4 (0x00000193) addi gp, zero, 0
x3 <- 0x00000000


mem[X,0x8002F9D8] -> 0x006F
mem[X,0x8002F9DA] -> 0x00C0
[4187] [M]: 0x8002F9D8 (0x00C0006F) jal zero, 12


mem[X,0x8002F9E4] -> 0x7CE3
mem[X,0x8002F9E6] -> 0xFEB5
[4188] [M]: 0x8002F9E4 (0xFEB57CE3) bgeu a0, a1, 8184


mem[X,0x8002F9DC] -> 0x8193
mem[X,0x8002F9DE] -> 0x0011
[4189] [M]: 0x8002F9DC (0x00118193) addi gp, gp, 1
x3 <- 0x00000001


mem[X,0x8002F9E0] -> 0x006F
mem[X,0x8002F9E2] -> 0x0180
[4190] [M]: 0x8002F9E0 (0x0180006F) jal zero, 24


mem[X,0x8002F9F8] -> 0x2223
mem[X,0x8002F9FA] -> 0x6A31
[4191] [M]: 0x8002F9F8 (0x6A312223) sw gp, 1700(sp)
mem[0x8004B808] <- 0x00000001


mem[X,0x8002F9FC] -> 0x3537
mem[X,0x8002F9FE] -> 0x3333
[4192] [M]: 0x8002F9FC (0x33333537) lui a0, 209715
x10 <- 0x33333000


mem[X,0x8002FA00] -> 0x0513
mem[X,0x8002FA02] -> 0x3325
[4193] [M]: 0x8002FA00 (0x33250513) addi a0, a0, 818
x10 <- 0x33333332


mem[X,0x8002FA04] -> 0x35B7
mem[X,0x8002FA06] -> 0x3333
[4194] [M]: 0x8002FA04 (0x333335B7) lui a1, 209715
x11 <- 0x33333000


mem[X,0x8002FA08] -> 0x8593
mem[X,0x8002FA0A] -> 0x3345
[4195] [M]: 0x8002FA08 (0x33458593) addi a1, a1, 820
x11 <- 0x33333334


mem[X,0x8002FA0C] -> 0x0193
mem[X,0x8002FA0E] -> 0x0000
[4196] [M]: 0x8002FA0C (0x00000193) addi gp, zero, 0
x3 <- 0x00000000


mem[X,0x8002FA10] -> 0x006F
mem[X,0x8002FA12] -> 0x00C0
[4197] [M]: 0x8002FA10 (0x00C0006F) jal zero, 12


mem[X,0x8002FA1C] -> 0x7063
mem[X,0x8002FA1E] -> 0x02B5
[4198] [M]: 0x8002FA1C (0x02B57063) bgeu a0, a1, 32


mem[X,0x8002FA20] -> 0x8193
mem[X,0x8002FA22] -> 0x0021
[4199] [M]: 0x8002FA20 (0x00218193) addi gp, gp, 2
x3 <- 0x00000002


clint::tick mtime <- 0x000000000000002A
 clint timer pending at mtime 0x000000000000002A
htif::tick 0x0000000000000000
mem[X,0x8002FA24] -> 0x006F
mem[X,0x8002FA26] -> 0x0200
[4200] [M]: 0x8002FA24 (0x0200006F) jal zero, 32


mem[X,0x8002FA44] -> 0x2423
mem[X,0x8002FA46] -> 0x6A31
[4201] [M]: 0x8002FA44 (0x6A312423) sw gp, 1704(sp)
mem[0x8004B80C] <- 0x00000002


mem[X,0x8002FA48] -> 0x3537
mem[X,0x8002FA4A] -> 0x3333
[4202] [M]: 0x8002FA48 (0x33333537) lui a0, 209715
x10 <- 0x33333000


mem[X,0x8002FA4C] -> 0x0513
mem[X,0x8002FA4E] -> 0x3325
[4203] [M]: 0x8002FA4C (0x33250513) addi a0, a0, 818
x10 <- 0x33333332


mem[X,0x8002FA50] -> 0x65B7
mem[X,0x8002FA52] -> 0x6666
[4204] [M]: 0x8002FA50 (0x666665B7) lui a1, 419430
x11 <- 0x66666000


mem[X,0x8002FA54] -> 0x8593
mem[X,0x8002FA56] -> 0x6675
[4205] [M]: 0x8002FA54 (0x66758593) addi a1, a1, 1639
x11 <- 0x66666667


mem[X,0x8002FA58] -> 0x0193
mem[X,0x8002FA5A] -> 0x0000
[4206] [M]: 0x8002FA58 (0x00000193) addi gp, zero, 0
x3 <- 0x00000000


mem[X,0x8002FA5C] -> 0x006F
mem[X,0x8002FA5E] -> 0x00C0
[4207] [M]: 0x8002FA5C (0x00C0006F) jal zero, 12


mem[X,0x8002FA68] -> 0x7663
mem[X,0x8002FA6A] -> 0x00B5
[4208] [M]: 0x8002FA68 (0x00B57663) bgeu a0, a1, 12


mem[X,0x8002FA6C] -> 0x8193
mem[X,0x8002FA6E] -> 0x0021
[4209] [M]: 0x8002FA6C (0x00218193) addi gp, gp, 2
x3 <- 0x00000002


mem[X,0x8002FA70] -> 0x006F
mem[X,0x8002FA72] -> 0x00C0
[4210] [M]: 0x8002FA70 (0x00C0006F) jal zero, 12


mem[X,0x8002FA7C] -> 0x2623
mem[X,0x8002FA7E] -> 0x6A31
[4211] [M]: 0x8002FA7C (0x6A312623) sw gp, 1708(sp)
mem[0x8004B810] <- 0x00000002


mem[X,0x8002FA80] -> 0x3537
mem[X,0x8002FA82] -> 0x3333
[4212] [M]: 0x8002FA80 (0x33333537) lui a0, 209715
x10 <- 0x33333000


mem[X,0x8002FA84] -> 0x0513
mem[X,0x8002FA86] -> 0x3325
[4213] [M]: 0x8002FA84 (0x33250513) addi a0, a0, 818
x10 <- 0x33333332


mem[X,0x8002FA88] -> 0xB5B7
mem[X,0x8002FA8A] -> 0x0000
[4214] [M]: 0x8002FA88 (0x0000B5B7) lui a1, 11
x11 <- 0x0000B000


mem[X,0x8002FA8C] -> 0x8593
mem[X,0x8002FA8E] -> 0x5055
[4215] [M]: 0x8002FA8C (0x50558593) addi a1, a1, 1285
x11 <- 0x0000B505


mem[X,0x8002FA90] -> 0x0193
mem[X,0x8002FA92] -> 0x0000
[4216] [M]: 0x8002FA90 (0x00000193) addi gp, zero, 0
x3 <- 0x00000000


mem[X,0x8002FA94] -> 0x006F
mem[X,0x8002FA96] -> 0x00C0
[4217] [M]: 0x8002FA94 (0x00C0006F) jal zero, 12


mem[X,0x8002FAA0] -> 0x7063
mem[X,0x8002FAA2] -> 0x02B5
[4218] [M]: 0x8002FAA0 (0x02B57063) bgeu a0, a1, 32


mem[X,0x8002FAC0] -> 0x8193
mem[X,0x8002FAC2] -> 0x0031
[4219] [M]: 0x8002FAC0 (0x00318193) addi gp, gp, 3
x3 <- 0x00000003


mem[X,0x8002FAC4] -> 0x006F
mem[X,0x8002FAC6] -> 0x0040
[4220] [M]: 0x8002FAC4 (0x0040006F) jal zero, 4


mem[X,0x8002FAC8] -> 0x2823
mem[X,0x8002FACA] -> 0x6A31
[4221] [M]: 0x8002FAC8 (0x6A312823) sw gp, 1712(sp)
mem[0x8004B814] <- 0x00000003


mem[X,0x8002FACC] -> 0x3537
mem[X,0x8002FACE] -> 0x3333
[4222] [M]: 0x8002FACC (0x33333537) lui a0, 209715
x10 <- 0x33333000


mem[X,0x8002FAD0] -> 0x0513
mem[X,0x8002FAD2] -> 0x3325
[4223] [M]: 0x8002FAD0 (0x33250513) addi a0, a0, 818
x10 <- 0x33333332


mem[X,0x8002FAD4] -> 0x0593
mem[X,0x8002FAD6] -> 0x0010
[4224] [M]: 0x8002FAD4 (0x00100593) addi a1, zero, 1
x11 <- 0x00000001


mem[X,0x8002FAD8] -> 0x0193
mem[X,0x8002FADA] -> 0x0000
[4225] [M]: 0x8002FAD8 (0x00000193) addi gp, zero, 0
x3 <- 0x00000000


mem[X,0x8002FADC] -> 0x006F
mem[X,0x8002FADE] -> 0x00C0
[4226] [M]: 0x8002FADC (0x00C0006F) jal zero, 12


mem[X,0x8002FAE8] -> 0x7063
mem[X,0x8002FAEA] -> 0x10B5
[4227] [M]: 0x8002FAE8 (0x10B57063) bgeu a0, a1, 256


mem[X,0x8002FBE8] -> 0x8193
mem[X,0x8002FBEA] -> 0x0031
[4228] [M]: 0x8002FBE8 (0x00318193) addi gp, gp, 3
x3 <- 0x00000003


mem[X,0x8002FBEC] -> 0x006F
mem[X,0x8002FBEE] -> 0x0040
[4229] [M]: 0x8002FBEC (0x0040006F) jal zero, 4


mem[X,0x8002FBF0] -> 0x2A23
mem[X,0x8002FBF2] -> 0x6A31
[4230] [M]: 0x8002FBF0 (0x6A312A23) sw gp, 1716(sp)
mem[0x8004B818] <- 0x00000003


mem[X,0x8002FBF4] -> 0x3537
mem[X,0x8002FBF6] -> 0x3333
[4231] [M]: 0x8002FBF4 (0x33333537) lui a0, 209715
x10 <- 0x33333000


mem[X,0x8002FBF8] -> 0x0513
mem[X,0x8002FBFA] -> 0x3325
[4232] [M]: 0x8002FBF8 (0x33250513) addi a0, a0, 818
x10 <- 0x33333332


mem[X,0x8002FBFC] -> 0x05B7
mem[X,0x8002FBFE] -> 0x0001
[4233] [M]: 0x8002FBFC (0x000105B7) lui a1, 16
x11 <- 0x00010000


mem[X,0x8002FC00] -> 0x0193
mem[X,0x8002FC02] -> 0x0000
[4234] [M]: 0x8002FC00 (0x00000193) addi gp, zero, 0
x3 <- 0x00000000


mem[X,0x8002FC04] -> 0x006F
mem[X,0x8002FC06] -> 0x2B10
[4235] [M]: 0x8002FC04 (0x2B10006F) jal zero, 2736


mem[X,0x800306B4] -> 0x7A63
mem[X,0x800306B6] -> 0xD4B5
[4236] [M]: 0x800306B4 (0xD4B57A63) bgeu a0, a1, 5460


mem[X,0x8002FC08] -> 0x8193
mem[X,0x8002FC0A] -> 0x0011
[4237] [M]: 0x8002FC08 (0x00118193) addi gp, gp, 1
x3 <- 0x00000001


mem[X,0x8002FC0C] -> 0x006F
mem[X,0x8002FC0E] -> 0x2BD0
[4238] [M]: 0x8002FC0C (0x2BD0006F) jal zero, 2748


mem[X,0x800306C8] -> 0x2C23
mem[X,0x800306CA] -> 0x6A31
[4239] [M]: 0x800306C8 (0x6A312C23) sw gp, 1720(sp)
mem[0x8004B81C] <- 0x00000001


mem[X,0x800306CC] -> 0x6537
mem[X,0x800306CE] -> 0x6666
[4240] [M]: 0x800306CC (0x66666537) lui a0, 419430
x10 <- 0x66666000


mem[X,0x800306D0] -> 0x0513
mem[X,0x800306D2] -> 0x6655
[4241] [M]: 0x800306D0 (0x66550513) addi a0, a0, 1637
x10 <- 0x66666665


mem[X,0x800306D4] -> 0x0593
mem[X,0x800306D6] -> 0x0030
[4242] [M]: 0x800306D4 (0x00300593) addi a1, zero, 3
x11 <- 0x00000003


mem[X,0x800306D8] -> 0x0193
mem[X,0x800306DA] -> 0x0000
[4243] [M]: 0x800306D8 (0x00000193) addi gp, zero, 0
x3 <- 0x00000000


mem[X,0x800306DC] -> 0x006F
mem[X,0x800306DE] -> 0x00C0
[4244] [M]: 0x800306DC (0x00C0006F) jal zero, 12


mem[X,0x800306E8] -> 0x7063
mem[X,0x800306EA] -> 0x40B5
[4245] [M]: 0x800306E8 (0x40B57063) bgeu a0, a1, 1024


mem[X,0x80030AE8] -> 0x8193
mem[X,0x80030AEA] -> 0x0031
[4246] [M]: 0x80030AE8 (0x00318193) addi gp, gp, 3
x3 <- 0x00000003


mem[X,0x80030AEC] -> 0x006F
mem[X,0x80030AEE] -> 0x0040
[4247] [M]: 0x80030AEC (0x0040006F) jal zero, 4


mem[X,0x80030AF0] -> 0x2E23
mem[X,0x80030AF2] -> 0x6A31
[4248] [M]: 0x80030AF0 (0x6A312E23) sw gp, 1724(sp)
mem[0x8004B820] <- 0x00000003


mem[X,0x80030AF4] -> 0x6537
mem[X,0x80030AF6] -> 0x6666
[4249] [M]: 0x80030AF4 (0x66666537) lui a0, 419430
x10 <- 0x66666000


mem[X,0x80030AF8] -> 0x0513
mem[X,0x80030AFA] -> 0x6655
[4250] [M]: 0x80030AF8 (0x66550513) addi a0, a0, 1637
x10 <- 0x66666665


mem[X,0x80030AFC] -> 0x55B7
mem[X,0x80030AFE] -> 0x5555
[4251] [M]: 0x80030AFC (0x555555B7) lui a1, 349525
x11 <- 0x55555000


mem[X,0x80030B00] -> 0x8593
mem[X,0x80030B02] -> 0x5555
[4252] [M]: 0x80030B00 (0x55558593) addi a1, a1, 1365
x11 <- 0x55555555


mem[X,0x80030B04] -> 0x0193
mem[X,0x80030B06] -> 0x0000
[4253] [M]: 0x80030B04 (0x00000193) addi gp, zero, 0
x3 <- 0x00000000


mem[X,0x80030B08] -> 0x006F
mem[X,0x80030B0A] -> 0x00C0
[4254] [M]: 0x80030B08 (0x00C0006F) jal zero, 12


mem[X,0x80030B14] -> 0x7CE3
mem[X,0x80030B16] -> 0xFEB5
[4255] [M]: 0x80030B14 (0xFEB57CE3) bgeu a0, a1, 8184


mem[X,0x80030B0C] -> 0x8193
mem[X,0x80030B0E] -> 0x0011
[4256] [M]: 0x80030B0C (0x00118193) addi gp, gp, 1
x3 <- 0x00000001


mem[X,0x80030B10] -> 0x006F
mem[X,0x80030B12] -> 0x0180
[4257] [M]: 0x80030B10 (0x0180006F) jal zero, 24


mem[X,0x80030B28] -> 0x2023
mem[X,0x80030B2A] -> 0x6C31
[4258] [M]: 0x80030B28 (0x6C312023) sw gp, 1728(sp)
mem[0x8004B824] <- 0x00000001


mem[X,0x80030B2C] -> 0x6537
mem[X,0x80030B2E] -> 0x6666
[4259] [M]: 0x80030B2C (0x66666537) lui a0, 419430
x10 <- 0x66666000


mem[X,0x80030B30] -> 0x0513
mem[X,0x80030B32] -> 0x6655
[4260] [M]: 0x80030B30 (0x66550513) addi a0, a0, 1637
x10 <- 0x66666665


mem[X,0x80030B34] -> 0xB5B7
mem[X,0x80030B36] -> 0xAAAA
[4261] [M]: 0x80030B34 (0xAAAAB5B7) lui a1, 699051
x11 <- 0xAAAAB000


mem[X,0x80030B38] -> 0x8593
mem[X,0x80030B3A] -> 0xAAA5
[4262] [M]: 0x80030B38 (0xAAA58593) addi a1, a1, 2730
x11 <- 0xAAAAAAAA


mem[X,0x80030B3C] -> 0x0193
mem[X,0x80030B3E] -> 0x0000
[4263] [M]: 0x80030B3C (0x00000193) addi gp, zero, 0
x3 <- 0x00000000


mem[X,0x80030B40] -> 0x006F
mem[X,0x80030B42] -> 0x2B10
[4264] [M]: 0x80030B40 (0x2B10006F) jal zero, 2736


mem[X,0x800315F0] -> 0x7A63
mem[X,0x800315F2] -> 0xD4B5
[4265] [M]: 0x800315F0 (0xD4B57A63) bgeu a0, a1, 5460


mem[X,0x800315F4] -> 0x8193
mem[X,0x800315F6] -> 0x0021
[4266] [M]: 0x800315F4 (0x00218193) addi gp, gp, 2
x3 <- 0x00000002


mem[X,0x800315F8] -> 0x006F
mem[X,0x800315FA] -> 0x00C0
[4267] [M]: 0x800315F8 (0x00C0006F) jal zero, 12


mem[X,0x80031604] -> 0x2223
mem[X,0x80031606] -> 0x6C31
[4268] [M]: 0x80031604 (0x6C312223) sw gp, 1732(sp)
mem[0x8004B828] <- 0x00000002


mem[X,0x80031608] -> 0x6537
mem[X,0x8003160A] -> 0x6666
[4269] [M]: 0x80031608 (0x66666537) lui a0, 419430
x10 <- 0x66666000


mem[X,0x8003160C] -> 0x0513
mem[X,0x8003160E] -> 0x6655
[4270] [M]: 0x8003160C (0x66550513) addi a0, a0, 1637
x10 <- 0x66666665


mem[X,0x80031610] -> 0x0593
mem[X,0x80031612] -> 0x0050
[4271] [M]: 0x80031610 (0x00500593) addi a1, zero, 5
x11 <- 0x00000005


mem[X,0x80031614] -> 0x0193
mem[X,0x80031616] -> 0x0000
[4272] [M]: 0x80031614 (0x00000193) addi gp, zero, 0
x3 <- 0x00000000


mem[X,0x80031618] -> 0x006F
mem[X,0x8003161A] -> 0x0100
[4273] [M]: 0x80031618 (0x0100006F) jal zero, 16


mem[X,0x80031628] -> 0x7AE3
mem[X,0x8003162A] -> 0xFEB5
[4274] [M]: 0x80031628 (0xFEB57AE3) bgeu a0, a1, 8180


mem[X,0x8003161C] -> 0x8193
mem[X,0x8003161E] -> 0x0011
[4275] [M]: 0x8003161C (0x00118193) addi gp, gp, 1
x3 <- 0x00000001


mem[X,0x80031620] -> 0x006F
mem[X,0x80031622] -> 0x01C0
[4276] [M]: 0x80031620 (0x01C0006F) jal zero, 28


mem[X,0x8003163C] -> 0x2423
mem[X,0x8003163E] -> 0x6C31
[4277] [M]: 0x8003163C (0x6C312423) sw gp, 1736(sp)
mem[0x8004B82C] <- 0x00000001


mem[X,0x80031640] -> 0x6537
mem[X,0x80031642] -> 0x6666
[4278] [M]: 0x80031640 (0x66666537) lui a0, 419430
x10 <- 0x66666000


mem[X,0x80031644] -> 0x0513
mem[X,0x80031646] -> 0x6655
[4279] [M]: 0x80031644 (0x66550513) addi a0, a0, 1637
x10 <- 0x66666665


mem[X,0x80031648] -> 0x35B7
mem[X,0x8003164A] -> 0x3333
[4280] [M]: 0x80031648 (0x333335B7) lui a1, 209715
x11 <- 0x33333000


mem[X,0x8003164C] -> 0x8593
mem[X,0x8003164E] -> 0x3335
[4281] [M]: 0x8003164C (0x33358593) addi a1, a1, 819
x11 <- 0x33333333


mem[X,0x80031650] -> 0x0193
mem[X,0x80031652] -> 0x0000
[4282] [M]: 0x80031650 (0x00000193) addi gp, zero, 0
x3 <- 0x00000000


mem[X,0x80031654] -> 0x006F
mem[X,0x80031656] -> 0x00C0
[4283] [M]: 0x80031654 (0x00C0006F) jal zero, 12


mem[X,0x80031660] -> 0x7063
mem[X,0x80031662] -> 0x20B5
[4284] [M]: 0x80031660 (0x20B57063) bgeu a0, a1, 512


mem[X,0x80031860] -> 0x8193
mem[X,0x80031862] -> 0x0031
[4285] [M]: 0x80031860 (0x00318193) addi gp, gp, 3
x3 <- 0x00000003


mem[X,0x80031864] -> 0x006F
mem[X,0x80031866] -> 0x0040
[4286] [M]: 0x80031864 (0x0040006F) jal zero, 4


mem[X,0x80031868] -> 0x2623
mem[X,0x8003186A] -> 0x6C31
[4287] [M]: 0x80031868 (0x6C312623) sw gp, 1740(sp)
mem[0x8004B830] <- 0x00000003


mem[X,0x8003186C] -> 0x6537
mem[X,0x8003186E] -> 0x6666
[4288] [M]: 0x8003186C (0x66666537) lui a0, 419430
x10 <- 0x66666000


mem[X,0x80031870] -> 0x0513
mem[X,0x80031872] -> 0x6655
[4289] [M]: 0x80031870 (0x66550513) addi a0, a0, 1637
x10 <- 0x66666665


mem[X,0x80031874] -> 0x65B7
mem[X,0x80031876] -> 0x6666
[4290] [M]: 0x80031874 (0x666665B7) lui a1, 419430
x11 <- 0x66666000


mem[X,0x80031878] -> 0x8593
mem[X,0x8003187A] -> 0x6665
[4291] [M]: 0x80031878 (0x66658593) addi a1, a1, 1638
x11 <- 0x66666666


mem[X,0x8003187C] -> 0x0193
mem[X,0x8003187E] -> 0x0000
[4292] [M]: 0x8003187C (0x00000193) addi gp, zero, 0
x3 <- 0x00000000


mem[X,0x80031880] -> 0x006F
mem[X,0x80031882] -> 0x2B10
[4293] [M]: 0x80031880 (0x2B10006F) jal zero, 2736


mem[X,0x80032330] -> 0x7A63
mem[X,0x80032332] -> 0xD4B5
[4294] [M]: 0x80032330 (0xD4B57A63) bgeu a0, a1, 5460


mem[X,0x80032334] -> 0x8193
mem[X,0x80032336] -> 0x0021
[4295] [M]: 0x80032334 (0x00218193) addi gp, gp, 2
x3 <- 0x00000002


mem[X,0x80032338] -> 0x006F
mem[X,0x8003233A] -> 0x00C0
[4296] [M]: 0x80032338 (0x00C0006F) jal zero, 12


mem[X,0x80032344] -> 0x2823
mem[X,0x80032346] -> 0x6C31
[4297] [M]: 0x80032344 (0x6C312823) sw gp, 1744(sp)
mem[0x8004B834] <- 0x00000002


mem[X,0x80032348] -> 0x6537
mem[X,0x8003234A] -> 0x6666
[4298] [M]: 0x80032348 (0x66666537) lui a0, 419430
x10 <- 0x66666000


mem[X,0x8003234C] -> 0x0513
mem[X,0x8003234E] -> 0x6655
[4299] [M]: 0x8003234C (0x66550513) addi a0, a0, 1637
x10 <- 0x66666665


clint::tick mtime <- 0x000000000000002B
 clint timer pending at mtime 0x000000000000002B
htif::tick 0x0000000000000000
mem[X,0x80032350] -> 0xB5B7
mem[X,0x80032352] -> 0x0000
[4300] [M]: 0x80032350 (0x0000B5B7) lui a1, 11
x11 <- 0x0000B000


mem[X,0x80032354] -> 0x8593
mem[X,0x80032356] -> 0x5045
[4301] [M]: 0x80032354 (0x50458593) addi a1, a1, 1284
x11 <- 0x0000B504


mem[X,0x80032358] -> 0x0193
mem[X,0x8003235A] -> 0x0000
[4302] [M]: 0x80032358 (0x00000193) addi gp, zero, 0
x3 <- 0x00000000


mem[X,0x8003235C] -> 0x006F
mem[X,0x8003235E] -> 0x00C0
[4303] [M]: 0x8003235C (0x00C0006F) jal zero, 12


mem[X,0x80032368] -> 0x7CE3
mem[X,0x8003236A] -> 0xFEB5
[4304] [M]: 0x80032368 (0xFEB57CE3) bgeu a0, a1, 8184


mem[X,0x80032360] -> 0x8193
mem[X,0x80032362] -> 0x0011
[4305] [M]: 0x80032360 (0x00118193) addi gp, gp, 1
x3 <- 0x00000001


mem[X,0x80032364] -> 0x006F
mem[X,0x80032366] -> 0x0180
[4306] [M]: 0x80032364 (0x0180006F) jal zero, 24


mem[X,0x8003237C] -> 0x2A23
mem[X,0x8003237E] -> 0x6C31
[4307] [M]: 0x8003237C (0x6C312A23) sw gp, 1748(sp)
mem[0x8004B838] <- 0x00000001


mem[X,0x80032380] -> 0x6537
mem[X,0x80032382] -> 0x6666
[4308] [M]: 0x80032380 (0x66666537) lui a0, 419430
x10 <- 0x66666000


mem[X,0x80032384] -> 0x0513
mem[X,0x80032386] -> 0x6655
[4309] [M]: 0x80032384 (0x66550513) addi a0, a0, 1637
x10 <- 0x66666665


mem[X,0x80032388] -> 0x0593
mem[X,0x8003238A] -> 0x0000
[4310] [M]: 0x80032388 (0x00000593) addi a1, zero, 0
x11 <- 0x00000000


mem[X,0x8003238C] -> 0x0193
mem[X,0x8003238E] -> 0x0000
[4311] [M]: 0x8003238C (0x00000193) addi gp, zero, 0
x3 <- 0x00000000


mem[X,0x80032390] -> 0x006F
mem[X,0x80032392] -> 0x0050
[4312] [M]: 0x80032390 (0x0050006F) jal zero, 2052


mem[X,0x80032B94] -> 0x70E3
mem[X,0x80032B96] -> 0x80B5
[4313] [M]: 0x80032B94 (0x80B570E3) bgeu a0, a1, 6144


mem[X,0x80032394] -> 0x8193
mem[X,0x80032396] -> 0x0011
[4314] [M]: 0x80032394 (0x00118193) addi gp, gp, 1
x3 <- 0x00000001


mem[X,0x80032398] -> 0x006F
mem[X,0x8003239A] -> 0x0110
[4315] [M]: 0x80032398 (0x0110006F) jal zero, 2064


mem[X,0x80032BA8] -> 0x2C23
mem[X,0x80032BAA] -> 0x6C31
[4316] [M]: 0x80032BA8 (0x6C312C23) sw gp, 1752(sp)
mem[0x8004B83C] <- 0x00000001


mem[X,0x80032BAC] -> 0x6537
mem[X,0x80032BAE] -> 0x6666
[4317] [M]: 0x80032BAC (0x66666537) lui a0, 419430
x10 <- 0x66666000


mem[X,0x80032BB0] -> 0x0513
mem[X,0x80032BB2] -> 0x6655
[4318] [M]: 0x80032BB0 (0x66550513) addi a0, a0, 1637
x10 <- 0x66666665


mem[X,0x80032BB4] -> 0x05B7
mem[X,0x80032BB6] -> 0x0001
[4319] [M]: 0x80032BB4 (0x000105B7) lui a1, 16
x11 <- 0x00010000


mem[X,0x80032BB8] -> 0x8593
mem[X,0x80032BBA] -> 0xFFF5
[4320] [M]: 0x80032BB8 (0xFFF58593) addi a1, a1, 4095
x11 <- 0x0000FFFF


mem[X,0x80032BBC] -> 0x0193
mem[X,0x80032BBE] -> 0x0000
[4321] [M]: 0x80032BBC (0x00000193) addi gp, zero, 0
x3 <- 0x00000000


mem[X,0x80032BC0] -> 0x006F
mem[X,0x80032BC2] -> 0x2B10
[4322] [M]: 0x80032BC0 (0x2B10006F) jal zero, 2736


mem[X,0x80033670] -> 0x7A63
mem[X,0x80033672] -> 0xD4B5
[4323] [M]: 0x80033670 (0xD4B57A63) bgeu a0, a1, 5460


mem[X,0x80032BC4] -> 0x8193
mem[X,0x80032BC6] -> 0x0011
[4324] [M]: 0x80032BC4 (0x00118193) addi gp, gp, 1
x3 <- 0x00000001


mem[X,0x80032BC8] -> 0x006F
mem[X,0x80032BCA] -> 0x2BD0
[4325] [M]: 0x80032BC8 (0x2BD0006F) jal zero, 2748


mem[X,0x80033684] -> 0x2E23
mem[X,0x80033686] -> 0x6C31
[4326] [M]: 0x80033684 (0x6C312E23) sw gp, 1756(sp)
mem[0x8004B840] <- 0x00000001


mem[X,0x80033688] -> 0x6537
mem[X,0x8003368A] -> 0x6666
[4327] [M]: 0x80033688 (0x66666537) lui a0, 419430
x10 <- 0x66666000


mem[X,0x8003368C] -> 0x0513
mem[X,0x8003368E] -> 0x6655
[4328] [M]: 0x8003368C (0x66550513) addi a0, a0, 1637
x10 <- 0x66666665


mem[X,0x80033690] -> 0x0593
mem[X,0x80033692] -> 0x0020
[4329] [M]: 0x80033690 (0x00200593) addi a1, zero, 2
x11 <- 0x00000002


mem[X,0x80033694] -> 0x0193
mem[X,0x80033696] -> 0x0000
[4330] [M]: 0x80033694 (0x00000193) addi gp, zero, 0
x3 <- 0x00000000


mem[X,0x80033698] -> 0x006F
mem[X,0x8003369A] -> 0x2B10
[4331] [M]: 0x80033698 (0x2B10006F) jal zero, 2736


mem[X,0x80034148] -> 0x7A63
mem[X,0x8003414A] -> 0xD4B5
[4332] [M]: 0x80034148 (0xD4B57A63) bgeu a0, a1, 5460


mem[X,0x8003369C] -> 0x8193
mem[X,0x8003369E] -> 0x0011
[4333] [M]: 0x8003369C (0x00118193) addi gp, gp, 1
x3 <- 0x00000001


mem[X,0x800336A0] -> 0x006F
mem[X,0x800336A2] -> 0x2BD0
[4334] [M]: 0x800336A0 (0x2BD0006F) jal zero, 2748


mem[X,0x8003415C] -> 0x2023
mem[X,0x8003415E] -> 0x6E31
[4335] [M]: 0x8003415C (0x6E312023) sw gp, 1760(sp)
mem[0x8004B844] <- 0x00000001


mem[X,0x80034160] -> 0x6537
mem[X,0x80034162] -> 0x6666
[4336] [M]: 0x80034160 (0x66666537) lui a0, 419430
x10 <- 0x66666000


mem[X,0x80034164] -> 0x0513
mem[X,0x80034166] -> 0x6655
[4337] [M]: 0x80034164 (0x66550513) addi a0, a0, 1637
x10 <- 0x66666665


mem[X,0x80034168] -> 0x55B7
mem[X,0x8003416A] -> 0x5555
[4338] [M]: 0x80034168 (0x555555B7) lui a1, 349525
x11 <- 0x55555000


mem[X,0x8003416C] -> 0x8593
mem[X,0x8003416E] -> 0x5545
[4339] [M]: 0x8003416C (0x55458593) addi a1, a1, 1364
x11 <- 0x55555554


mem[X,0x80034170] -> 0x0193
mem[X,0x80034172] -> 0x0000
[4340] [M]: 0x80034170 (0x00000193) addi gp, zero, 0
x3 <- 0x00000000


mem[X,0x80034174] -> 0x006F
mem[X,0x80034176] -> 0x00C0
[4341] [M]: 0x80034174 (0x00C0006F) jal zero, 12


mem[X,0x80034180] -> 0x7CE3
mem[X,0x80034182] -> 0xFEB5
[4342] [M]: 0x80034180 (0xFEB57CE3) bgeu a0, a1, 8184


mem[X,0x80034178] -> 0x8193
mem[X,0x8003417A] -> 0x0011
[4343] [M]: 0x80034178 (0x00118193) addi gp, gp, 1
x3 <- 0x00000001


mem[X,0x8003417C] -> 0x006F
mem[X,0x8003417E] -> 0x0180
[4344] [M]: 0x8003417C (0x0180006F) jal zero, 24


mem[X,0x80034194] -> 0x2223
mem[X,0x80034196] -> 0x6E31
[4345] [M]: 0x80034194 (0x6E312223) sw gp, 1764(sp)
mem[0x8004B848] <- 0x00000001


mem[X,0x80034198] -> 0x6537
mem[X,0x8003419A] -> 0x6666
[4346] [M]: 0x80034198 (0x66666537) lui a0, 419430
x10 <- 0x66666000


mem[X,0x8003419C] -> 0x0513
mem[X,0x8003419E] -> 0x6655
[4347] [M]: 0x8003419C (0x66550513) addi a0, a0, 1637
x10 <- 0x66666665


mem[X,0x800341A0] -> 0xB5B7
mem[X,0x800341A2] -> 0xAAAA
[4348] [M]: 0x800341A0 (0xAAAAB5B7) lui a1, 699051
x11 <- 0xAAAAB000


mem[X,0x800341A4] -> 0x8593
mem[X,0x800341A6] -> 0xAA95
[4349] [M]: 0x800341A4 (0xAA958593) addi a1, a1, 2729
x11 <- 0xAAAAAAA9


mem[X,0x800341A8] -> 0x0193
mem[X,0x800341AA] -> 0x0000
[4350] [M]: 0x800341A8 (0x00000193) addi gp, zero, 0
x3 <- 0x00000000


mem[X,0x800341AC] -> 0x006F
mem[X,0x800341AE] -> 0x00C0
[4351] [M]: 0x800341AC (0x00C0006F) jal zero, 12


mem[X,0x800341B8] -> 0x7CE3
mem[X,0x800341BA] -> 0xFEB5
[4352] [M]: 0x800341B8 (0xFEB57CE3) bgeu a0, a1, 8184


mem[X,0x800341BC] -> 0x8193
mem[X,0x800341BE] -> 0x0021
[4353] [M]: 0x800341BC (0x00218193) addi gp, gp, 2
x3 <- 0x00000002


mem[X,0x800341C0] -> 0x006F
mem[X,0x800341C2] -> 0x00C0
[4354] [M]: 0x800341C0 (0x00C0006F) jal zero, 12


mem[X,0x800341CC] -> 0x2423
mem[X,0x800341CE] -> 0x6E31
[4355] [M]: 0x800341CC (0x6E312423) sw gp, 1768(sp)
mem[0x8004B84C] <- 0x00000002


mem[X,0x800341D0] -> 0x6537
mem[X,0x800341D2] -> 0x6666
[4356] [M]: 0x800341D0 (0x66666537) lui a0, 419430
x10 <- 0x66666000


mem[X,0x800341D4] -> 0x0513
mem[X,0x800341D6] -> 0x6655
[4357] [M]: 0x800341D4 (0x66550513) addi a0, a0, 1637
x10 <- 0x66666665


mem[X,0x800341D8] -> 0x0593
mem[X,0x800341DA] -> 0x0040
[4358] [M]: 0x800341D8 (0x00400593) addi a1, zero, 4
x11 <- 0x00000004


mem[X,0x800341DC] -> 0x0193
mem[X,0x800341DE] -> 0x0000
[4359] [M]: 0x800341DC (0x00000193) addi gp, zero, 0
x3 <- 0x00000000


mem[X,0x800341E0] -> 0x006F
mem[X,0x800341E2] -> 0x00C0
[4360] [M]: 0x800341E0 (0x00C0006F) jal zero, 12


mem[X,0x800341EC] -> 0x7663
mem[X,0x800341EE] -> 0x00B5
[4361] [M]: 0x800341EC (0x00B57663) bgeu a0, a1, 12


mem[X,0x800341F8] -> 0x8193
mem[X,0x800341FA] -> 0x0031
[4362] [M]: 0x800341F8 (0x00318193) addi gp, gp, 3
x3 <- 0x00000003


mem[X,0x800341FC] -> 0x006F
mem[X,0x800341FE] -> 0x0040
[4363] [M]: 0x800341FC (0x0040006F) jal zero, 4


mem[X,0x80034200] -> 0x2623
mem[X,0x80034202] -> 0x6E31
[4364] [M]: 0x80034200 (0x6E312623) sw gp, 1772(sp)
mem[0x8004B850] <- 0x00000003


mem[X,0x80034204] -> 0x6537
mem[X,0x80034206] -> 0x6666
[4365] [M]: 0x80034204 (0x66666537) lui a0, 419430
x10 <- 0x66666000


mem[X,0x80034208] -> 0x0513
mem[X,0x8003420A] -> 0x6655
[4366] [M]: 0x80034208 (0x66550513) addi a0, a0, 1637
x10 <- 0x66666665


mem[X,0x8003420C] -> 0x35B7
mem[X,0x8003420E] -> 0x3333
[4367] [M]: 0x8003420C (0x333335B7) lui a1, 209715
x11 <- 0x33333000


mem[X,0x80034210] -> 0x8593
mem[X,0x80034212] -> 0x3325
[4368] [M]: 0x80034210 (0x33258593) addi a1, a1, 818
x11 <- 0x33333332


mem[X,0x80034214] -> 0x0193
mem[X,0x80034216] -> 0x0000
[4369] [M]: 0x80034214 (0x00000193) addi gp, zero, 0
x3 <- 0x00000000


mem[X,0x80034218] -> 0x006F
mem[X,0x8003421A] -> 0x00C0
[4370] [M]: 0x80034218 (0x00C0006F) jal zero, 12


mem[X,0x80034224] -> 0x7063
mem[X,0x80034226] -> 0x20B5
[4371] [M]: 0x80034224 (0x20B57063) bgeu a0, a1, 512


mem[X,0x80034424] -> 0x8193
mem[X,0x80034426] -> 0x0031
[4372] [M]: 0x80034424 (0x00318193) addi gp, gp, 3
x3 <- 0x00000003


mem[X,0x80034428] -> 0x006F
mem[X,0x8003442A] -> 0x0040
[4373] [M]: 0x80034428 (0x0040006F) jal zero, 4


mem[X,0x8003442C] -> 0x2823
mem[X,0x8003442E] -> 0x6E31
[4374] [M]: 0x8003442C (0x6E312823) sw gp, 1776(sp)
mem[0x8004B854] <- 0x00000003


mem[X,0x80034430] -> 0x6537
mem[X,0x80034432] -> 0x6666
[4375] [M]: 0x80034430 (0x66666537) lui a0, 419430
x10 <- 0x66666000


mem[X,0x80034434] -> 0x0513
mem[X,0x80034436] -> 0x6655
[4376] [M]: 0x80034434 (0x66550513) addi a0, a0, 1637
x10 <- 0x66666665


mem[X,0x80034438] -> 0x65B7
mem[X,0x8003443A] -> 0x6666
[4377] [M]: 0x80034438 (0x666665B7) lui a1, 419430
x11 <- 0x66666000


mem[X,0x8003443C] -> 0x8593
mem[X,0x8003443E] -> 0x6655
[4378] [M]: 0x8003443C (0x66558593) addi a1, a1, 1637
x11 <- 0x66666665


mem[X,0x80034440] -> 0x0193
mem[X,0x80034442] -> 0x0000
[4379] [M]: 0x80034440 (0x00000193) addi gp, zero, 0
x3 <- 0x00000000


mem[X,0x80034444] -> 0x006F
mem[X,0x80034446] -> 0x00C0
[4380] [M]: 0x80034444 (0x00C0006F) jal zero, 12


mem[X,0x80034450] -> 0x7663
mem[X,0x80034452] -> 0x00B5
[4381] [M]: 0x80034450 (0x00B57663) bgeu a0, a1, 12


mem[X,0x8003445C] -> 0x8193
mem[X,0x8003445E] -> 0x0031
[4382] [M]: 0x8003445C (0x00318193) addi gp, gp, 3
x3 <- 0x00000003


mem[X,0x80034460] -> 0x006F
mem[X,0x80034462] -> 0x0040
[4383] [M]: 0x80034460 (0x0040006F) jal zero, 4


mem[X,0x80034464] -> 0x2A23
mem[X,0x80034466] -> 0x6E31
[4384] [M]: 0x80034464 (0x6E312A23) sw gp, 1780(sp)
mem[0x8004B858] <- 0x00000003


mem[X,0x80034468] -> 0x6537
mem[X,0x8003446A] -> 0x6666
[4385] [M]: 0x80034468 (0x66666537) lui a0, 419430
x10 <- 0x66666000


mem[X,0x8003446C] -> 0x0513
mem[X,0x8003446E] -> 0x6655
[4386] [M]: 0x8003446C (0x66550513) addi a0, a0, 1637
x10 <- 0x66666665


mem[X,0x80034470] -> 0xB5B7
mem[X,0x80034472] -> 0x0000
[4387] [M]: 0x80034470 (0x0000B5B7) lui a1, 11
x11 <- 0x0000B000


mem[X,0x80034474] -> 0x8593
mem[X,0x80034476] -> 0x5035
[4388] [M]: 0x80034474 (0x50358593) addi a1, a1, 1283
x11 <- 0x0000B503


mem[X,0x80034478] -> 0x0193
mem[X,0x8003447A] -> 0x0000
[4389] [M]: 0x80034478 (0x00000193) addi gp, zero, 0
x3 <- 0x00000000


mem[X,0x8003447C] -> 0x006F
mem[X,0x8003447E] -> 0x00C0
[4390] [M]: 0x8003447C (0x00C0006F) jal zero, 12


mem[X,0x80034488] -> 0x7663
mem[X,0x8003448A] -> 0x00B5
[4391] [M]: 0x80034488 (0x00B57663) bgeu a0, a1, 12


mem[X,0x80034494] -> 0x8193
mem[X,0x80034496] -> 0x0031
[4392] [M]: 0x80034494 (0x00318193) addi gp, gp, 3
x3 <- 0x00000003


mem[X,0x80034498] -> 0x006F
mem[X,0x8003449A] -> 0x0040
[4393] [M]: 0x80034498 (0x0040006F) jal zero, 4


mem[X,0x8003449C] -> 0x2C23
mem[X,0x8003449E] -> 0x6E31
[4394] [M]: 0x8003449C (0x6E312C23) sw gp, 1784(sp)
mem[0x8004B85C] <- 0x00000003


mem[X,0x800344A0] -> 0x6537
mem[X,0x800344A2] -> 0x6666
[4395] [M]: 0x800344A0 (0x66666537) lui a0, 419430
x10 <- 0x66666000


mem[X,0x800344A4] -> 0x0513
mem[X,0x800344A6] -> 0x6655
[4396] [M]: 0x800344A4 (0x66550513) addi a0, a0, 1637
x10 <- 0x66666665


mem[X,0x800344A8] -> 0x05B7
mem[X,0x800344AA] -> 0x0001
[4397] [M]: 0x800344A8 (0x000105B7) lui a1, 16
x11 <- 0x00010000


mem[X,0x800344AC] -> 0x8593
mem[X,0x800344AE] -> 0xFFE5
[4398] [M]: 0x800344AC (0xFFE58593) addi a1, a1, 4094
x11 <- 0x0000FFFE


mem[X,0x800344B0] -> 0x0193
mem[X,0x800344B2] -> 0x0000
[4399] [M]: 0x800344B0 (0x00000193) addi gp, zero, 0
x3 <- 0x00000000


clint::tick mtime <- 0x000000000000002C
 clint timer pending at mtime 0x000000000000002C
htif::tick 0x0000000000000000
mem[X,0x800344B4] -> 0x006F
mem[X,0x800344B6] -> 0x00C0
[4400] [M]: 0x800344B4 (0x00C0006F) jal zero, 12


mem[X,0x800344C0] -> 0x7063
mem[X,0x800344C2] -> 0x40B5
[4401] [M]: 0x800344C0 (0x40B57063) bgeu a0, a1, 1024


mem[X,0x800348C0] -> 0x8193
mem[X,0x800348C2] -> 0x0031
[4402] [M]: 0x800348C0 (0x00318193) addi gp, gp, 3
x3 <- 0x00000003


mem[X,0x800348C4] -> 0x006F
mem[X,0x800348C6] -> 0x0040
[4403] [M]: 0x800348C4 (0x0040006F) jal zero, 4


mem[X,0x800348C8] -> 0x2E23
mem[X,0x800348CA] -> 0x6E31
[4404] [M]: 0x800348C8 (0x6E312E23) sw gp, 1788(sp)
mem[0x8004B860] <- 0x00000003


mem[X,0x800348CC] -> 0x6537
mem[X,0x800348CE] -> 0x6666
[4405] [M]: 0x800348CC (0x66666537) lui a0, 419430
x10 <- 0x66666000


mem[X,0x800348D0] -> 0x0513
mem[X,0x800348D2] -> 0x6655
[4406] [M]: 0x800348D0 (0x66550513) addi a0, a0, 1637
x10 <- 0x66666665


mem[X,0x800348D4] -> 0x55B7
mem[X,0x800348D6] -> 0x5555
[4407] [M]: 0x800348D4 (0x555555B7) lui a1, 349525
x11 <- 0x55555000


mem[X,0x800348D8] -> 0x8593
mem[X,0x800348DA] -> 0x5565
[4408] [M]: 0x800348D8 (0x55658593) addi a1, a1, 1366
x11 <- 0x55555556


mem[X,0x800348DC] -> 0x0193
mem[X,0x800348DE] -> 0x0000
[4409] [M]: 0x800348DC (0x00000193) addi gp, zero, 0
x3 <- 0x00000000


mem[X,0x800348E0] -> 0x006F
mem[X,0x800348E2] -> 0x0050
[4410] [M]: 0x800348E0 (0x0050006F) jal zero, 2052


mem[X,0x800350E4] -> 0x70E3
mem[X,0x800350E6] -> 0x80B5
[4411] [M]: 0x800350E4 (0x80B570E3) bgeu a0, a1, 6144


mem[X,0x800348E4] -> 0x8193
mem[X,0x800348E6] -> 0x0011
[4412] [M]: 0x800348E4 (0x00118193) addi gp, gp, 1
x3 <- 0x00000001


mem[X,0x800348E8] -> 0x006F
mem[X,0x800348EA] -> 0x0110
[4413] [M]: 0x800348E8 (0x0110006F) jal zero, 2064


mem[X,0x800350F8] -> 0x2023
mem[X,0x800350FA] -> 0x7031
[4414] [M]: 0x800350F8 (0x70312023) sw gp, 1792(sp)
mem[0x8004B864] <- 0x00000001


mem[X,0x800350FC] -> 0x6537
mem[X,0x800350FE] -> 0x6666
[4415] [M]: 0x800350FC (0x66666537) lui a0, 419430
x10 <- 0x66666000


mem[X,0x80035100] -> 0x0513
mem[X,0x80035102] -> 0x6655
[4416] [M]: 0x80035100 (0x66550513) addi a0, a0, 1637
x10 <- 0x66666665


mem[X,0x80035104] -> 0x0593
mem[X,0x80035106] -> 0x0010
[4417] [M]: 0x80035104 (0x00100593) addi a1, zero, 1
x11 <- 0x00000001


mem[X,0x80035108] -> 0x0193
mem[X,0x8003510A] -> 0x0000
[4418] [M]: 0x80035108 (0x00000193) addi gp, zero, 0
x3 <- 0x00000000


mem[X,0x8003510C] -> 0x006F
mem[X,0x8003510E] -> 0x00C0
[4419] [M]: 0x8003510C (0x00C0006F) jal zero, 12


mem[X,0x80035118] -> 0x7663
mem[X,0x8003511A] -> 0x00B5
[4420] [M]: 0x80035118 (0x00B57663) bgeu a0, a1, 12


mem[X,0x80035124] -> 0x8193
mem[X,0x80035126] -> 0x0031
[4421] [M]: 0x80035124 (0x00318193) addi gp, gp, 3
x3 <- 0x00000003


mem[X,0x80035128] -> 0x006F
mem[X,0x8003512A] -> 0x0040
[4422] [M]: 0x80035128 (0x0040006F) jal zero, 4


mem[X,0x8003512C] -> 0x2223
mem[X,0x8003512E] -> 0x7031
[4423] [M]: 0x8003512C (0x70312223) sw gp, 1796(sp)
mem[0x8004B868] <- 0x00000003


mem[X,0x80035130] -> 0x6537
mem[X,0x80035132] -> 0x6666
[4424] [M]: 0x80035130 (0x66666537) lui a0, 419430
x10 <- 0x66666000


mem[X,0x80035134] -> 0x0513
mem[X,0x80035136] -> 0x6655
[4425] [M]: 0x80035134 (0x66550513) addi a0, a0, 1637
x10 <- 0x66666665


mem[X,0x80035138] -> 0x05B7
mem[X,0x8003513A] -> 0x0001
[4426] [M]: 0x80035138 (0x000105B7) lui a1, 16
x11 <- 0x00010000


mem[X,0x8003513C] -> 0x0193
mem[X,0x8003513E] -> 0x0000
[4427] [M]: 0x8003513C (0x00000193) addi gp, zero, 0
x3 <- 0x00000000


mem[X,0x80035140] -> 0x006F
mem[X,0x80035142] -> 0x00C0
[4428] [M]: 0x80035140 (0x00C0006F) jal zero, 12


mem[X,0x8003514C] -> 0x7663
mem[X,0x8003514E] -> 0x00B5
[4429] [M]: 0x8003514C (0x00B57663) bgeu a0, a1, 12


mem[X,0x80035158] -> 0x8193
mem[X,0x8003515A] -> 0x0031
[4430] [M]: 0x80035158 (0x00318193) addi gp, gp, 3
x3 <- 0x00000003


mem[X,0x8003515C] -> 0x006F
mem[X,0x8003515E] -> 0x0040
[4431] [M]: 0x8003515C (0x0040006F) jal zero, 4


mem[X,0x80035160] -> 0x2423
mem[X,0x80035162] -> 0x7031
[4432] [M]: 0x80035160 (0x70312423) sw gp, 1800(sp)
mem[0x8004B86C] <- 0x00000003


mem[X,0x80035164] -> 0xB537
mem[X,0x80035166] -> 0x0000
[4433] [M]: 0x80035164 (0x0000B537) lui a0, 11
x10 <- 0x0000B000


mem[X,0x80035168] -> 0x0513
mem[X,0x8003516A] -> 0x5035
[4434] [M]: 0x80035168 (0x50350513) addi a0, a0, 1283
x10 <- 0x0000B503


mem[X,0x8003516C] -> 0x0593
mem[X,0x8003516E] -> 0x0030
[4435] [M]: 0x8003516C (0x00300593) addi a1, zero, 3
x11 <- 0x00000003


mem[X,0x80035170] -> 0x0193
mem[X,0x80035172] -> 0x0000
[4436] [M]: 0x80035170 (0x00000193) addi gp, zero, 0
x3 <- 0x00000000


mem[X,0x80035174] -> 0x006F
mem[X,0x80035176] -> 0x00C0
[4437] [M]: 0x80035174 (0x00C0006F) jal zero, 12


mem[X,0x80035180] -> 0x7063
mem[X,0x80035182] -> 0x20B5
[4438] [M]: 0x80035180 (0x20B57063) bgeu a0, a1, 512


mem[X,0x80035380] -> 0x8193
mem[X,0x80035382] -> 0x0031
[4439] [M]: 0x80035380 (0x00318193) addi gp, gp, 3
x3 <- 0x00000003


mem[X,0x80035384] -> 0x006F
mem[X,0x80035386] -> 0x0040
[4440] [M]: 0x80035384 (0x0040006F) jal zero, 4


mem[X,0x80035388] -> 0x2623
mem[X,0x8003538A] -> 0x7031
[4441] [M]: 0x80035388 (0x70312623) sw gp, 1804(sp)
mem[0x8004B870] <- 0x00000003


mem[X,0x8003538C] -> 0xB537
mem[X,0x8003538E] -> 0x0000
[4442] [M]: 0x8003538C (0x0000B537) lui a0, 11
x10 <- 0x0000B000


mem[X,0x80035390] -> 0x0513
mem[X,0x80035392] -> 0x5035
[4443] [M]: 0x80035390 (0x50350513) addi a0, a0, 1283
x10 <- 0x0000B503


mem[X,0x80035394] -> 0x55B7
mem[X,0x80035396] -> 0x5555
[4444] [M]: 0x80035394 (0x555555B7) lui a1, 349525
x11 <- 0x55555000


mem[X,0x80035398] -> 0x8593
mem[X,0x8003539A] -> 0x5555
[4445] [M]: 0x80035398 (0x55558593) addi a1, a1, 1365
x11 <- 0x55555555


mem[X,0x8003539C] -> 0x0193
mem[X,0x8003539E] -> 0x0000
[4446] [M]: 0x8003539C (0x00000193) addi gp, zero, 0
x3 <- 0x00000000


mem[X,0x800353A0] -> 0x006F
mem[X,0x800353A2] -> 0x00C0
[4447] [M]: 0x800353A0 (0x00C0006F) jal zero, 12


mem[X,0x800353AC] -> 0x7063
mem[X,0x800353AE] -> 0x08B5
[4448] [M]: 0x800353AC (0x08B57063) bgeu a0, a1, 128


mem[X,0x800353B0] -> 0x8193
mem[X,0x800353B2] -> 0x0021
[4449] [M]: 0x800353B0 (0x00218193) addi gp, gp, 2
x3 <- 0x00000002


mem[X,0x800353B4] -> 0x006F
mem[X,0x800353B6] -> 0x0800
[4450] [M]: 0x800353B4 (0x0800006F) jal zero, 128


mem[X,0x80035434] -> 0x2823
mem[X,0x80035436] -> 0x7031
[4451] [M]: 0x80035434 (0x70312823) sw gp, 1808(sp)
mem[0x8004B874] <- 0x00000002


mem[X,0x80035438] -> 0xB537
mem[X,0x8003543A] -> 0x0000
[4452] [M]: 0x80035438 (0x0000B537) lui a0, 11
x10 <- 0x0000B000


mem[X,0x8003543C] -> 0x0513
mem[X,0x8003543E] -> 0x5035
[4453] [M]: 0x8003543C (0x50350513) addi a0, a0, 1283
x10 <- 0x0000B503


mem[X,0x80035440] -> 0xB5B7
mem[X,0x80035442] -> 0xAAAA
[4454] [M]: 0x80035440 (0xAAAAB5B7) lui a1, 699051
x11 <- 0xAAAAB000


mem[X,0x80035444] -> 0x8593
mem[X,0x80035446] -> 0xAAA5
[4455] [M]: 0x80035444 (0xAAA58593) addi a1, a1, 2730
x11 <- 0xAAAAAAAA


mem[X,0x80035448] -> 0x0193
mem[X,0x8003544A] -> 0x0000
[4456] [M]: 0x80035448 (0x00000193) addi gp, zero, 0
x3 <- 0x00000000


mem[X,0x8003544C] -> 0x006F
mem[X,0x8003544E] -> 0x00C0
[4457] [M]: 0x8003544C (0x00C0006F) jal zero, 12


mem[X,0x80035458] -> 0x7863
mem[X,0x8003545A] -> 0x00B5
[4458] [M]: 0x80035458 (0x00B57863) bgeu a0, a1, 16


mem[X,0x8003545C] -> 0x8193
mem[X,0x8003545E] -> 0x0021
[4459] [M]: 0x8003545C (0x00218193) addi gp, gp, 2
x3 <- 0x00000002


mem[X,0x80035460] -> 0x006F
mem[X,0x80035462] -> 0x0100
[4460] [M]: 0x80035460 (0x0100006F) jal zero, 16


mem[X,0x80035470] -> 0x2A23
mem[X,0x80035472] -> 0x7031
[4461] [M]: 0x80035470 (0x70312A23) sw gp, 1812(sp)
mem[0x8004B878] <- 0x00000002


mem[X,0x80035474] -> 0xB537
mem[X,0x80035476] -> 0x0000
[4462] [M]: 0x80035474 (0x0000B537) lui a0, 11
x10 <- 0x0000B000


mem[X,0x80035478] -> 0x0513
mem[X,0x8003547A] -> 0x5035
[4463] [M]: 0x80035478 (0x50350513) addi a0, a0, 1283
x10 <- 0x0000B503


mem[X,0x8003547C] -> 0x0593
mem[X,0x8003547E] -> 0x0050
[4464] [M]: 0x8003547C (0x00500593) addi a1, zero, 5
x11 <- 0x00000005


mem[X,0x80035480] -> 0x0193
mem[X,0x80035482] -> 0x0000
[4465] [M]: 0x80035480 (0x00000193) addi gp, zero, 0
x3 <- 0x00000000


mem[X,0x80035484] -> 0x006F
mem[X,0x80035486] -> 0x00C0
[4466] [M]: 0x80035484 (0x00C0006F) jal zero, 12


mem[X,0x80035490] -> 0x7663
mem[X,0x80035492] -> 0x00B5
[4467] [M]: 0x80035490 (0x00B57663) bgeu a0, a1, 12


mem[X,0x8003549C] -> 0x8193
mem[X,0x8003549E] -> 0x0031
[4468] [M]: 0x8003549C (0x00318193) addi gp, gp, 3
x3 <- 0x00000003


mem[X,0x800354A0] -> 0x006F
mem[X,0x800354A2] -> 0x0040
[4469] [M]: 0x800354A0 (0x0040006F) jal zero, 4


mem[X,0x800354A4] -> 0x2C23
mem[X,0x800354A6] -> 0x7031
[4470] [M]: 0x800354A4 (0x70312C23) sw gp, 1816(sp)
mem[0x8004B87C] <- 0x00000003


mem[X,0x800354A8] -> 0xB537
mem[X,0x800354AA] -> 0x0000
[4471] [M]: 0x800354A8 (0x0000B537) lui a0, 11
x10 <- 0x0000B000


mem[X,0x800354AC] -> 0x0513
mem[X,0x800354AE] -> 0x5035
[4472] [M]: 0x800354AC (0x50350513) addi a0, a0, 1283
x10 <- 0x0000B503


mem[X,0x800354B0] -> 0x35B7
mem[X,0x800354B2] -> 0x3333
[4473] [M]: 0x800354B0 (0x333335B7) lui a1, 209715
x11 <- 0x33333000


mem[X,0x800354B4] -> 0x8593
mem[X,0x800354B6] -> 0x3335
[4474] [M]: 0x800354B4 (0x33358593) addi a1, a1, 819
x11 <- 0x33333333


mem[X,0x800354B8] -> 0x0193
mem[X,0x800354BA] -> 0x0000
[4475] [M]: 0x800354B8 (0x00000193) addi gp, zero, 0
x3 <- 0x00000000


mem[X,0x800354BC] -> 0x006F
mem[X,0x800354BE] -> 0x2B10
[4476] [M]: 0x800354BC (0x2B10006F) jal zero, 2736


mem[X,0x80035F6C] -> 0x7A63
mem[X,0x80035F6E] -> 0xD4B5
[4477] [M]: 0x80035F6C (0xD4B57A63) bgeu a0, a1, 5460


mem[X,0x80035F70] -> 0x8193
mem[X,0x80035F72] -> 0x0021
[4478] [M]: 0x80035F70 (0x00218193) addi gp, gp, 2
x3 <- 0x00000002


mem[X,0x80035F74] -> 0x006F
mem[X,0x80035F76] -> 0x00C0
[4479] [M]: 0x80035F74 (0x00C0006F) jal zero, 12


mem[X,0x80035F80] -> 0x2E23
mem[X,0x80035F82] -> 0x7031
[4480] [M]: 0x80035F80 (0x70312E23) sw gp, 1820(sp)
mem[0x8004B880] <- 0x00000002


mem[X,0x80035F84] -> 0xB537
mem[X,0x80035F86] -> 0x0000
[4481] [M]: 0x80035F84 (0x0000B537) lui a0, 11
x10 <- 0x0000B000


mem[X,0x80035F88] -> 0x0513
mem[X,0x80035F8A] -> 0x5035
[4482] [M]: 0x80035F88 (0x50350513) addi a0, a0, 1283
x10 <- 0x0000B503


mem[X,0x80035F8C] -> 0x65B7
mem[X,0x80035F8E] -> 0x6666
[4483] [M]: 0x80035F8C (0x666665B7) lui a1, 419430
x11 <- 0x66666000


mem[X,0x80035F90] -> 0x8593
mem[X,0x80035F92] -> 0x6665
[4484] [M]: 0x80035F90 (0x66658593) addi a1, a1, 1638
x11 <- 0x66666666


mem[X,0x80035F94] -> 0x0193
mem[X,0x80035F96] -> 0x0000
[4485] [M]: 0x80035F94 (0x00000193) addi gp, zero, 0
x3 <- 0x00000000


mem[X,0x80035F98] -> 0x006F
mem[X,0x80035F9A] -> 0x00C0
[4486] [M]: 0x80035F98 (0x00C0006F) jal zero, 12


mem[X,0x80035FA4] -> 0x7063
mem[X,0x80035FA6] -> 0x20B5
[4487] [M]: 0x80035FA4 (0x20B57063) bgeu a0, a1, 512


mem[X,0x80035FA8] -> 0x8193
mem[X,0x80035FAA] -> 0x0021
[4488] [M]: 0x80035FA8 (0x00218193) addi gp, gp, 2
x3 <- 0x00000002


mem[X,0x80035FAC] -> 0x006F
mem[X,0x80035FAE] -> 0x2000
[4489] [M]: 0x80035FAC (0x2000006F) jal zero, 512


mem[X,0x800361AC] -> 0x2023
mem[X,0x800361AE] -> 0x7231
[4490] [M]: 0x800361AC (0x72312023) sw gp, 1824(sp)
mem[0x8004B884] <- 0x00000002


mem[X,0x800361B0] -> 0xB537
mem[X,0x800361B2] -> 0x0000
[4491] [M]: 0x800361B0 (0x0000B537) lui a0, 11
x10 <- 0x0000B000


mem[X,0x800361B4] -> 0x0513
mem[X,0x800361B6] -> 0x5035
[4492] [M]: 0x800361B4 (0x50350513) addi a0, a0, 1283
x10 <- 0x0000B503


mem[X,0x800361B8] -> 0xB5B7
mem[X,0x800361BA] -> 0x0000
[4493] [M]: 0x800361B8 (0x0000B5B7) lui a1, 11
x11 <- 0x0000B000


mem[X,0x800361BC] -> 0x8593
mem[X,0x800361BE] -> 0x5045
[4494] [M]: 0x800361BC (0x50458593) addi a1, a1, 1284
x11 <- 0x0000B504


mem[X,0x800361C0] -> 0x0193
mem[X,0x800361C2] -> 0x0000
[4495] [M]: 0x800361C0 (0x00000193) addi gp, zero, 0
x3 <- 0x00000000


mem[X,0x800361C4] -> 0x006F
mem[X,0x800361C6] -> 0x00C0
[4496] [M]: 0x800361C4 (0x00C0006F) jal zero, 12


mem[X,0x800361D0] -> 0x7663
mem[X,0x800361D2] -> 0x00B5
[4497] [M]: 0x800361D0 (0x00B57663) bgeu a0, a1, 12


mem[X,0x800361D4] -> 0x8193
mem[X,0x800361D6] -> 0x0021
[4498] [M]: 0x800361D4 (0x00218193) addi gp, gp, 2
x3 <- 0x00000002


mem[X,0x800361D8] -> 0x006F
mem[X,0x800361DA] -> 0x00C0
[4499] [M]: 0x800361D8 (0x00C0006F) jal zero, 12


clint::tick mtime <- 0x000000000000002D
 clint timer pending at mtime 0x000000000000002D
htif::tick 0x0000000000000000
mem[X,0x800361E4] -> 0x2223
mem[X,0x800361E6] -> 0x7231
[4500] [M]: 0x800361E4 (0x72312223) sw gp, 1828(sp)
mem[0x8004B888] <- 0x00000002


mem[X,0x800361E8] -> 0xB537
mem[X,0x800361EA] -> 0x0000
[4501] [M]: 0x800361E8 (0x0000B537) lui a0, 11
x10 <- 0x0000B000


mem[X,0x800361EC] -> 0x0513
mem[X,0x800361EE] -> 0x5035
[4502] [M]: 0x800361EC (0x50350513) addi a0, a0, 1283
x10 <- 0x0000B503


mem[X,0x800361F0] -> 0x0593
mem[X,0x800361F2] -> 0x0000
[4503] [M]: 0x800361F0 (0x00000593) addi a1, zero, 0
x11 <- 0x00000000


mem[X,0x800361F4] -> 0x0193
mem[X,0x800361F6] -> 0x0000
[4504] [M]: 0x800361F4 (0x00000193) addi gp, zero, 0
x3 <- 0x00000000


mem[X,0x800361F8] -> 0x006F
mem[X,0x800361FA] -> 0x00C0
[4505] [M]: 0x800361F8 (0x00C0006F) jal zero, 12


mem[X,0x80036204] -> 0x7CE3
mem[X,0x80036206] -> 0xFEB5
[4506] [M]: 0x80036204 (0xFEB57CE3) bgeu a0, a1, 8184


mem[X,0x800361FC] -> 0x8193
mem[X,0x800361FE] -> 0x0011
[4507] [M]: 0x800361FC (0x00118193) addi gp, gp, 1
x3 <- 0x00000001


mem[X,0x80036200] -> 0x006F
mem[X,0x80036202] -> 0x0180
[4508] [M]: 0x80036200 (0x0180006F) jal zero, 24


mem[X,0x80036218] -> 0x2423
mem[X,0x8003621A] -> 0x7231
[4509] [M]: 0x80036218 (0x72312423) sw gp, 1832(sp)
mem[0x8004B88C] <- 0x00000001


mem[X,0x8003621C] -> 0xB537
mem[X,0x8003621E] -> 0x0000
[4510] [M]: 0x8003621C (0x0000B537) lui a0, 11
x10 <- 0x0000B000


mem[X,0x80036220] -> 0x0513
mem[X,0x80036222] -> 0x5035
[4511] [M]: 0x80036220 (0x50350513) addi a0, a0, 1283
x10 <- 0x0000B503


mem[X,0x80036224] -> 0x05B7
mem[X,0x80036226] -> 0x0001
[4512] [M]: 0x80036224 (0x000105B7) lui a1, 16
x11 <- 0x00010000


mem[X,0x80036228] -> 0x8593
mem[X,0x8003622A] -> 0xFFF5
[4513] [M]: 0x80036228 (0xFFF58593) addi a1, a1, 4095
x11 <- 0x0000FFFF


mem[X,0x8003622C] -> 0x0193
mem[X,0x8003622E] -> 0x0000
[4514] [M]: 0x8003622C (0x00000193) addi gp, zero, 0
x3 <- 0x00000000


mem[X,0x80036230] -> 0x006F
mem[X,0x80036232] -> 0x00C0
[4515] [M]: 0x80036230 (0x00C0006F) jal zero, 12


mem[X,0x8003623C] -> 0x7063
mem[X,0x8003623E] -> 0x08B5
[4516] [M]: 0x8003623C (0x08B57063) bgeu a0, a1, 128


mem[X,0x80036240] -> 0x8193
mem[X,0x80036242] -> 0x0021
[4517] [M]: 0x80036240 (0x00218193) addi gp, gp, 2
x3 <- 0x00000002


mem[X,0x80036244] -> 0x006F
mem[X,0x80036246] -> 0x0800
[4518] [M]: 0x80036244 (0x0800006F) jal zero, 128


mem[X,0x800362C4] -> 0x2623
mem[X,0x800362C6] -> 0x7231
[4519] [M]: 0x800362C4 (0x72312623) sw gp, 1836(sp)
mem[0x8004B890] <- 0x00000002


mem[X,0x800362C8] -> 0xB537
mem[X,0x800362CA] -> 0x0000
[4520] [M]: 0x800362C8 (0x0000B537) lui a0, 11
x10 <- 0x0000B000


mem[X,0x800362CC] -> 0x0513
mem[X,0x800362CE] -> 0x5035
[4521] [M]: 0x800362CC (0x50350513) addi a0, a0, 1283
x10 <- 0x0000B503


mem[X,0x800362D0] -> 0x0593
mem[X,0x800362D2] -> 0x0020
[4522] [M]: 0x800362D0 (0x00200593) addi a1, zero, 2
x11 <- 0x00000002


mem[X,0x800362D4] -> 0x0193
mem[X,0x800362D6] -> 0x0000
[4523] [M]: 0x800362D4 (0x00000193) addi gp, zero, 0
x3 <- 0x00000000


mem[X,0x800362D8] -> 0x006F
mem[X,0x800362DA] -> 0x00C0
[4524] [M]: 0x800362D8 (0x00C0006F) jal zero, 12


mem[X,0x800362E4] -> 0x7663
mem[X,0x800362E6] -> 0x00B5
[4525] [M]: 0x800362E4 (0x00B57663) bgeu a0, a1, 12


mem[X,0x800362F0] -> 0x8193
mem[X,0x800362F2] -> 0x0031
[4526] [M]: 0x800362F0 (0x00318193) addi gp, gp, 3
x3 <- 0x00000003


mem[X,0x800362F4] -> 0x006F
mem[X,0x800362F6] -> 0x0040
[4527] [M]: 0x800362F4 (0x0040006F) jal zero, 4


mem[X,0x800362F8] -> 0x2823
mem[X,0x800362FA] -> 0x7231
[4528] [M]: 0x800362F8 (0x72312823) sw gp, 1840(sp)
mem[0x8004B894] <- 0x00000003


mem[X,0x800362FC] -> 0xB537
mem[X,0x800362FE] -> 0x0000
[4529] [M]: 0x800362FC (0x0000B537) lui a0, 11
x10 <- 0x0000B000


mem[X,0x80036300] -> 0x0513
mem[X,0x80036302] -> 0x5035
[4530] [M]: 0x80036300 (0x50350513) addi a0, a0, 1283
x10 <- 0x0000B503


mem[X,0x80036304] -> 0x55B7
mem[X,0x80036306] -> 0x5555
[4531] [M]: 0x80036304 (0x555555B7) lui a1, 349525
x11 <- 0x55555000


mem[X,0x80036308] -> 0x8593
mem[X,0x8003630A] -> 0x5545
[4532] [M]: 0x80036308 (0x55458593) addi a1, a1, 1364
x11 <- 0x55555554


mem[X,0x8003630C] -> 0x0193
mem[X,0x8003630E] -> 0x0000
[4533] [M]: 0x8003630C (0x00000193) addi gp, zero, 0
x3 <- 0x00000000


mem[X,0x80036310] -> 0x006F
mem[X,0x80036312] -> 0x00C0
[4534] [M]: 0x80036310 (0x00C0006F) jal zero, 12


mem[X,0x8003631C] -> 0x7063
mem[X,0x8003631E] -> 0x10B5
[4535] [M]: 0x8003631C (0x10B57063) bgeu a0, a1, 256


mem[X,0x80036320] -> 0x8193
mem[X,0x80036322] -> 0x0021
[4536] [M]: 0x80036320 (0x00218193) addi gp, gp, 2
x3 <- 0x00000002


mem[X,0x80036324] -> 0x006F
mem[X,0x80036326] -> 0x1000
[4537] [M]: 0x80036324 (0x1000006F) jal zero, 256


mem[X,0x80036424] -> 0x2A23
mem[X,0x80036426] -> 0x7231
[4538] [M]: 0x80036424 (0x72312A23) sw gp, 1844(sp)
mem[0x8004B898] <- 0x00000002


mem[X,0x80036428] -> 0xB537
mem[X,0x8003642A] -> 0x0000
[4539] [M]: 0x80036428 (0x0000B537) lui a0, 11
x10 <- 0x0000B000


mem[X,0x8003642C] -> 0x0513
mem[X,0x8003642E] -> 0x5035
[4540] [M]: 0x8003642C (0x50350513) addi a0, a0, 1283
x10 <- 0x0000B503


mem[X,0x80036430] -> 0xB5B7
mem[X,0x80036432] -> 0xAAAA
[4541] [M]: 0x80036430 (0xAAAAB5B7) lui a1, 699051
x11 <- 0xAAAAB000


mem[X,0x80036434] -> 0x8593
mem[X,0x80036436] -> 0xAA95
[4542] [M]: 0x80036434 (0xAA958593) addi a1, a1, 2729
x11 <- 0xAAAAAAA9


mem[X,0x80036438] -> 0x0193
mem[X,0x8003643A] -> 0x0000
[4543] [M]: 0x80036438 (0x00000193) addi gp, zero, 0
x3 <- 0x00000000


mem[X,0x8003643C] -> 0x006F
mem[X,0x8003643E] -> 0x00C0
[4544] [M]: 0x8003643C (0x00C0006F) jal zero, 12


mem[X,0x80036448] -> 0x7063
mem[X,0x8003644A] -> 0x40B5
[4545] [M]: 0x80036448 (0x40B57063) bgeu a0, a1, 1024


mem[X,0x8003644C] -> 0x8193
mem[X,0x8003644E] -> 0x0021
[4546] [M]: 0x8003644C (0x00218193) addi gp, gp, 2
x3 <- 0x00000002


mem[X,0x80036450] -> 0x006F
mem[X,0x80036452] -> 0x4000
[4547] [M]: 0x80036450 (0x4000006F) jal zero, 1024


mem[X,0x80036850] -> 0x2C23
mem[X,0x80036852] -> 0x7231
[4548] [M]: 0x80036850 (0x72312C23) sw gp, 1848(sp)
mem[0x8004B89C] <- 0x00000002


mem[X,0x80036854] -> 0xB537
mem[X,0x80036856] -> 0x0000
[4549] [M]: 0x80036854 (0x0000B537) lui a0, 11
x10 <- 0x0000B000


mem[X,0x80036858] -> 0x0513
mem[X,0x8003685A] -> 0x5035
[4550] [M]: 0x80036858 (0x50350513) addi a0, a0, 1283
x10 <- 0x0000B503


mem[X,0x8003685C] -> 0x0593
mem[X,0x8003685E] -> 0x0040
[4551] [M]: 0x8003685C (0x00400593) addi a1, zero, 4
x11 <- 0x00000004


mem[X,0x80036860] -> 0x0193
mem[X,0x80036862] -> 0x0000
[4552] [M]: 0x80036860 (0x00000193) addi gp, zero, 0
x3 <- 0x00000000


mem[X,0x80036864] -> 0x006F
mem[X,0x80036866] -> 0x00C0
[4553] [M]: 0x80036864 (0x00C0006F) jal zero, 12


mem[X,0x80036870] -> 0x7063
mem[X,0x80036872] -> 0x10B5
[4554] [M]: 0x80036870 (0x10B57063) bgeu a0, a1, 256


mem[X,0x80036970] -> 0x8193
mem[X,0x80036972] -> 0x0031
[4555] [M]: 0x80036970 (0x00318193) addi gp, gp, 3
x3 <- 0x00000003


mem[X,0x80036974] -> 0x006F
mem[X,0x80036976] -> 0x0040
[4556] [M]: 0x80036974 (0x0040006F) jal zero, 4


mem[X,0x80036978] -> 0x2E23
mem[X,0x8003697A] -> 0x7231
[4557] [M]: 0x80036978 (0x72312E23) sw gp, 1852(sp)
mem[0x8004B8A0] <- 0x00000003


mem[X,0x8003697C] -> 0xB537
mem[X,0x8003697E] -> 0x0000
[4558] [M]: 0x8003697C (0x0000B537) lui a0, 11
x10 <- 0x0000B000


mem[X,0x80036980] -> 0x0513
mem[X,0x80036982] -> 0x5035
[4559] [M]: 0x80036980 (0x50350513) addi a0, a0, 1283
x10 <- 0x0000B503


mem[X,0x80036984] -> 0x35B7
mem[X,0x80036986] -> 0x3333
[4560] [M]: 0x80036984 (0x333335B7) lui a1, 209715
x11 <- 0x33333000


mem[X,0x80036988] -> 0x8593
mem[X,0x8003698A] -> 0x3325
[4561] [M]: 0x80036988 (0x33258593) addi a1, a1, 818
x11 <- 0x33333332


mem[X,0x8003698C] -> 0x0193
mem[X,0x8003698E] -> 0x0000
[4562] [M]: 0x8003698C (0x00000193) addi gp, zero, 0
x3 <- 0x00000000


mem[X,0x80036990] -> 0x006F
mem[X,0x80036992] -> 0x00C0
[4563] [M]: 0x80036990 (0x00C0006F) jal zero, 12


mem[X,0x8003699C] -> 0x7063
mem[X,0x8003699E] -> 0x04B5
[4564] [M]: 0x8003699C (0x04B57063) bgeu a0, a1, 64


mem[X,0x800369A0] -> 0x8193
mem[X,0x800369A2] -> 0x0021
[4565] [M]: 0x800369A0 (0x00218193) addi gp, gp, 2
x3 <- 0x00000002


mem[X,0x800369A4] -> 0x006F
mem[X,0x800369A6] -> 0x0400
[4566] [M]: 0x800369A4 (0x0400006F) jal zero, 64


mem[X,0x800369E4] -> 0x2023
mem[X,0x800369E6] -> 0x7431
[4567] [M]: 0x800369E4 (0x74312023) sw gp, 1856(sp)
mem[0x8004B8A4] <- 0x00000002


mem[X,0x800369E8] -> 0xB537
mem[X,0x800369EA] -> 0x0000
[4568] [M]: 0x800369E8 (0x0000B537) lui a0, 11
x10 <- 0x0000B000


mem[X,0x800369EC] -> 0x0513
mem[X,0x800369EE] -> 0x5035
[4569] [M]: 0x800369EC (0x50350513) addi a0, a0, 1283
x10 <- 0x0000B503


mem[X,0x800369F0] -> 0x65B7
mem[X,0x800369F2] -> 0x6666
[4570] [M]: 0x800369F0 (0x666665B7) lui a1, 419430
x11 <- 0x66666000


mem[X,0x800369F4] -> 0x8593
mem[X,0x800369F6] -> 0x6655
[4571] [M]: 0x800369F4 (0x66558593) addi a1, a1, 1637
x11 <- 0x66666665


mem[X,0x800369F8] -> 0x0193
mem[X,0x800369FA] -> 0x0000
[4572] [M]: 0x800369F8 (0x00000193) addi gp, zero, 0
x3 <- 0x00000000


mem[X,0x800369FC] -> 0x006F
mem[X,0x800369FE] -> 0x00C0
[4573] [M]: 0x800369FC (0x00C0006F) jal zero, 12


mem[X,0x80036A08] -> 0x7CE3
mem[X,0x80036A0A] -> 0xFEB5
[4574] [M]: 0x80036A08 (0xFEB57CE3) bgeu a0, a1, 8184


mem[X,0x80036A0C] -> 0x8193
mem[X,0x80036A0E] -> 0x0021
[4575] [M]: 0x80036A0C (0x00218193) addi gp, gp, 2
x3 <- 0x00000002


mem[X,0x80036A10] -> 0x006F
mem[X,0x80036A12] -> 0x00C0
[4576] [M]: 0x80036A10 (0x00C0006F) jal zero, 12


mem[X,0x80036A1C] -> 0x2223
mem[X,0x80036A1E] -> 0x7431
[4577] [M]: 0x80036A1C (0x74312223) sw gp, 1860(sp)
mem[0x8004B8A8] <- 0x00000002


mem[X,0x80036A20] -> 0xB537
mem[X,0x80036A22] -> 0x0000
[4578] [M]: 0x80036A20 (0x0000B537) lui a0, 11
x10 <- 0x0000B000


mem[X,0x80036A24] -> 0x0513
mem[X,0x80036A26] -> 0x5035
[4579] [M]: 0x80036A24 (0x50350513) addi a0, a0, 1283
x10 <- 0x0000B503


mem[X,0x80036A28] -> 0xB5B7
mem[X,0x80036A2A] -> 0x0000
[4580] [M]: 0x80036A28 (0x0000B5B7) lui a1, 11
x11 <- 0x0000B000


mem[X,0x80036A2C] -> 0x8593
mem[X,0x80036A2E] -> 0x5035
[4581] [M]: 0x80036A2C (0x50358593) addi a1, a1, 1283
x11 <- 0x0000B503


mem[X,0x80036A30] -> 0x0193
mem[X,0x80036A32] -> 0x0000
[4582] [M]: 0x80036A30 (0x00000193) addi gp, zero, 0
x3 <- 0x00000000


mem[X,0x80036A34] -> 0x006F
mem[X,0x80036A36] -> 0x00C0
[4583] [M]: 0x80036A34 (0x00C0006F) jal zero, 12


mem[X,0x80036A40] -> 0x7663
mem[X,0x80036A42] -> 0x00B5
[4584] [M]: 0x80036A40 (0x00B57663) bgeu a0, a1, 12


mem[X,0x80036A4C] -> 0x8193
mem[X,0x80036A4E] -> 0x0031
[4585] [M]: 0x80036A4C (0x00318193) addi gp, gp, 3
x3 <- 0x00000003


mem[X,0x80036A50] -> 0x006F
mem[X,0x80036A52] -> 0x0040
[4586] [M]: 0x80036A50 (0x0040006F) jal zero, 4


mem[X,0x80036A54] -> 0x2423
mem[X,0x80036A56] -> 0x7431
[4587] [M]: 0x80036A54 (0x74312423) sw gp, 1864(sp)
mem[0x8004B8AC] <- 0x00000003


mem[X,0x80036A58] -> 0xB537
mem[X,0x80036A5A] -> 0x0000
[4588] [M]: 0x80036A58 (0x0000B537) lui a0, 11
x10 <- 0x0000B000


mem[X,0x80036A5C] -> 0x0513
mem[X,0x80036A5E] -> 0x5035
[4589] [M]: 0x80036A5C (0x50350513) addi a0, a0, 1283
x10 <- 0x0000B503


mem[X,0x80036A60] -> 0x05B7
mem[X,0x80036A62] -> 0x0001
[4590] [M]: 0x80036A60 (0x000105B7) lui a1, 16
x11 <- 0x00010000


mem[X,0x80036A64] -> 0x8593
mem[X,0x80036A66] -> 0xFFE5
[4591] [M]: 0x80036A64 (0xFFE58593) addi a1, a1, 4094
x11 <- 0x0000FFFE


mem[X,0x80036A68] -> 0x0193
mem[X,0x80036A6A] -> 0x0000
[4592] [M]: 0x80036A68 (0x00000193) addi gp, zero, 0
x3 <- 0x00000000


mem[X,0x80036A6C] -> 0x006F
mem[X,0x80036A6E] -> 0x00C0
[4593] [M]: 0x80036A6C (0x00C0006F) jal zero, 12


mem[X,0x80036A78] -> 0x7CE3
mem[X,0x80036A7A] -> 0xFEB5
[4594] [M]: 0x80036A78 (0xFEB57CE3) bgeu a0, a1, 8184


mem[X,0x80036A7C] -> 0x8193
mem[X,0x80036A7E] -> 0x0021
[4595] [M]: 0x80036A7C (0x00218193) addi gp, gp, 2
x3 <- 0x00000002


mem[X,0x80036A80] -> 0x006F
mem[X,0x80036A82] -> 0x00C0
[4596] [M]: 0x80036A80 (0x00C0006F) jal zero, 12


mem[X,0x80036A8C] -> 0x2623
mem[X,0x80036A8E] -> 0x7431
[4597] [M]: 0x80036A8C (0x74312623) sw gp, 1868(sp)
mem[0x8004B8B0] <- 0x00000002


mem[X,0x80036A90] -> 0xB537
mem[X,0x80036A92] -> 0x0000
[4598] [M]: 0x80036A90 (0x0000B537) lui a0, 11
x10 <- 0x0000B000


mem[X,0x80036A94] -> 0x0513
mem[X,0x80036A96] -> 0x5035
[4599] [M]: 0x80036A94 (0x50350513) addi a0, a0, 1283
x10 <- 0x0000B503


clint::tick mtime <- 0x000000000000002E
 clint timer pending at mtime 0x000000000000002E
htif::tick 0x0000000000000000
mem[X,0x80036A98] -> 0x55B7
mem[X,0x80036A9A] -> 0x5555
[4600] [M]: 0x80036A98 (0x555555B7) lui a1, 349525
x11 <- 0x55555000


mem[X,0x80036A9C] -> 0x8593
mem[X,0x80036A9E] -> 0x5565
[4601] [M]: 0x80036A9C (0x55658593) addi a1, a1, 1366
x11 <- 0x55555556


mem[X,0x80036AA0] -> 0x0193
mem[X,0x80036AA2] -> 0x0000
[4602] [M]: 0x80036AA0 (0x00000193) addi gp, zero, 0
x3 <- 0x00000000


mem[X,0x80036AA4] -> 0x006F
mem[X,0x80036AA6] -> 0x00C0
[4603] [M]: 0x80036AA4 (0x00C0006F) jal zero, 12


mem[X,0x80036AB0] -> 0x7663
mem[X,0x80036AB2] -> 0x00B5
[4604] [M]: 0x80036AB0 (0x00B57663) bgeu a0, a1, 12


mem[X,0x80036AB4] -> 0x8193
mem[X,0x80036AB6] -> 0x0021
[4605] [M]: 0x80036AB4 (0x00218193) addi gp, gp, 2
x3 <- 0x00000002


mem[X,0x80036AB8] -> 0x006F
mem[X,0x80036ABA] -> 0x00C0
[4606] [M]: 0x80036AB8 (0x00C0006F) jal zero, 12


mem[X,0x80036AC4] -> 0x2823
mem[X,0x80036AC6] -> 0x7431
[4607] [M]: 0x80036AC4 (0x74312823) sw gp, 1872(sp)
mem[0x8004B8B4] <- 0x00000002


mem[X,0x80036AC8] -> 0xB537
mem[X,0x80036ACA] -> 0x0000
[4608] [M]: 0x80036AC8 (0x0000B537) lui a0, 11
x10 <- 0x0000B000


mem[X,0x80036ACC] -> 0x0513
mem[X,0x80036ACE] -> 0x5035
[4609] [M]: 0x80036ACC (0x50350513) addi a0, a0, 1283
x10 <- 0x0000B503


mem[X,0x80036AD0] -> 0xB5B7
mem[X,0x80036AD2] -> 0xAAAA
[4610] [M]: 0x80036AD0 (0xAAAAB5B7) lui a1, 699051
x11 <- 0xAAAAB000


mem[X,0x80036AD4] -> 0x8593
mem[X,0x80036AD6] -> 0xAAB5
[4611] [M]: 0x80036AD4 (0xAAB58593) addi a1, a1, 2731
x11 <- 0xAAAAAAAB


mem[X,0x80036AD8] -> 0x0193
mem[X,0x80036ADA] -> 0x0000
[4612] [M]: 0x80036AD8 (0x00000193) addi gp, zero, 0
x3 <- 0x00000000


mem[X,0x80036ADC] -> 0x006F
mem[X,0x80036ADE] -> 0x00C0
[4613] [M]: 0x80036ADC (0x00C0006F) jal zero, 12


mem[X,0x80036AE8] -> 0x7663
mem[X,0x80036AEA] -> 0x00B5
[4614] [M]: 0x80036AE8 (0x00B57663) bgeu a0, a1, 12


mem[X,0x80036AEC] -> 0x8193
mem[X,0x80036AEE] -> 0x0021
[4615] [M]: 0x80036AEC (0x00218193) addi gp, gp, 2
x3 <- 0x00000002


mem[X,0x80036AF0] -> 0x006F
mem[X,0x80036AF2] -> 0x00C0
[4616] [M]: 0x80036AF0 (0x00C0006F) jal zero, 12


mem[X,0x80036AFC] -> 0x2A23
mem[X,0x80036AFE] -> 0x7431
[4617] [M]: 0x80036AFC (0x74312A23) sw gp, 1876(sp)
mem[0x8004B8B8] <- 0x00000002


mem[X,0x80036B00] -> 0xB537
mem[X,0x80036B02] -> 0x0000
[4618] [M]: 0x80036B00 (0x0000B537) lui a0, 11
x10 <- 0x0000B000


mem[X,0x80036B04] -> 0x0513
mem[X,0x80036B06] -> 0x5035
[4619] [M]: 0x80036B04 (0x50350513) addi a0, a0, 1283
x10 <- 0x0000B503


mem[X,0x80036B08] -> 0x0593
mem[X,0x80036B0A] -> 0x0060
[4620] [M]: 0x80036B08 (0x00600593) addi a1, zero, 6
x11 <- 0x00000006


mem[X,0x80036B0C] -> 0x0193
mem[X,0x80036B0E] -> 0x0000
[4621] [M]: 0x80036B0C (0x00000193) addi gp, zero, 0
x3 <- 0x00000000


mem[X,0x80036B10] -> 0x006F
mem[X,0x80036B12] -> 0x00C0
[4622] [M]: 0x80036B10 (0x00C0006F) jal zero, 12


mem[X,0x80036B1C] -> 0x7CE3
mem[X,0x80036B1E] -> 0xFEB5
[4623] [M]: 0x80036B1C (0xFEB57CE3) bgeu a0, a1, 8184


mem[X,0x80036B14] -> 0x8193
mem[X,0x80036B16] -> 0x0011
[4624] [M]: 0x80036B14 (0x00118193) addi gp, gp, 1
x3 <- 0x00000001


mem[X,0x80036B18] -> 0x006F
mem[X,0x80036B1A] -> 0x0180
[4625] [M]: 0x80036B18 (0x0180006F) jal zero, 24


mem[X,0x80036B30] -> 0x2C23
mem[X,0x80036B32] -> 0x7431
[4626] [M]: 0x80036B30 (0x74312C23) sw gp, 1880(sp)
mem[0x8004B8BC] <- 0x00000001


mem[X,0x80036B34] -> 0xB537
mem[X,0x80036B36] -> 0x0000
[4627] [M]: 0x80036B34 (0x0000B537) lui a0, 11
x10 <- 0x0000B000


mem[X,0x80036B38] -> 0x0513
mem[X,0x80036B3A] -> 0x5035
[4628] [M]: 0x80036B38 (0x50350513) addi a0, a0, 1283
x10 <- 0x0000B503


mem[X,0x80036B3C] -> 0x35B7
mem[X,0x80036B3E] -> 0x3333
[4629] [M]: 0x80036B3C (0x333335B7) lui a1, 209715
x11 <- 0x33333000


mem[X,0x80036B40] -> 0x8593
mem[X,0x80036B42] -> 0x3345
[4630] [M]: 0x80036B40 (0x33458593) addi a1, a1, 820
x11 <- 0x33333334


mem[X,0x80036B44] -> 0x0193
mem[X,0x80036B46] -> 0x0000
[4631] [M]: 0x80036B44 (0x00000193) addi gp, zero, 0
x3 <- 0x00000000


mem[X,0x80036B48] -> 0x006F
mem[X,0x80036B4A] -> 0x00C0
[4632] [M]: 0x80036B48 (0x00C0006F) jal zero, 12


mem[X,0x80036B54] -> 0x7063
mem[X,0x80036B56] -> 0x04B5
[4633] [M]: 0x80036B54 (0x04B57063) bgeu a0, a1, 64


mem[X,0x80036B58] -> 0x8193
mem[X,0x80036B5A] -> 0x0021
[4634] [M]: 0x80036B58 (0x00218193) addi gp, gp, 2
x3 <- 0x00000002


mem[X,0x80036B5C] -> 0x006F
mem[X,0x80036B5E] -> 0x0400
[4635] [M]: 0x80036B5C (0x0400006F) jal zero, 64


mem[X,0x80036B9C] -> 0x2E23
mem[X,0x80036B9E] -> 0x7431
[4636] [M]: 0x80036B9C (0x74312E23) sw gp, 1884(sp)
mem[0x8004B8C0] <- 0x00000002


mem[X,0x80036BA0] -> 0xB537
mem[X,0x80036BA2] -> 0x0000
[4637] [M]: 0x80036BA0 (0x0000B537) lui a0, 11
x10 <- 0x0000B000


mem[X,0x80036BA4] -> 0x0513
mem[X,0x80036BA6] -> 0x5035
[4638] [M]: 0x80036BA4 (0x50350513) addi a0, a0, 1283
x10 <- 0x0000B503


mem[X,0x80036BA8] -> 0x65B7
mem[X,0x80036BAA] -> 0x6666
[4639] [M]: 0x80036BA8 (0x666665B7) lui a1, 419430
x11 <- 0x66666000


mem[X,0x80036BAC] -> 0x8593
mem[X,0x80036BAE] -> 0x6675
[4640] [M]: 0x80036BAC (0x66758593) addi a1, a1, 1639
x11 <- 0x66666667


mem[X,0x80036BB0] -> 0x0193
mem[X,0x80036BB2] -> 0x0000
[4641] [M]: 0x80036BB0 (0x00000193) addi gp, zero, 0
x3 <- 0x00000000


mem[X,0x80036BB4] -> 0x006F
mem[X,0x80036BB6] -> 0x00C0
[4642] [M]: 0x80036BB4 (0x00C0006F) jal zero, 12


mem[X,0x80036BC0] -> 0x7063
mem[X,0x80036BC2] -> 0x08B5
[4643] [M]: 0x80036BC0 (0x08B57063) bgeu a0, a1, 128


mem[X,0x80036BC4] -> 0x8193
mem[X,0x80036BC6] -> 0x0021
[4644] [M]: 0x80036BC4 (0x00218193) addi gp, gp, 2
x3 <- 0x00000002


mem[X,0x80036BC8] -> 0x006F
mem[X,0x80036BCA] -> 0x0800
[4645] [M]: 0x80036BC8 (0x0800006F) jal zero, 128


mem[X,0x80036C48] -> 0x2023
mem[X,0x80036C4A] -> 0x7631
[4646] [M]: 0x80036C48 (0x76312023) sw gp, 1888(sp)
mem[0x8004B8C4] <- 0x00000002


mem[X,0x80036C4C] -> 0xB537
mem[X,0x80036C4E] -> 0x0000
[4647] [M]: 0x80036C4C (0x0000B537) lui a0, 11
x10 <- 0x0000B000


mem[X,0x80036C50] -> 0x0513
mem[X,0x80036C52] -> 0x5035
[4648] [M]: 0x80036C50 (0x50350513) addi a0, a0, 1283
x10 <- 0x0000B503


mem[X,0x80036C54] -> 0xB5B7
mem[X,0x80036C56] -> 0x0000
[4649] [M]: 0x80036C54 (0x0000B5B7) lui a1, 11
x11 <- 0x0000B000


mem[X,0x80036C58] -> 0x8593
mem[X,0x80036C5A] -> 0x5055
[4650] [M]: 0x80036C58 (0x50558593) addi a1, a1, 1285
x11 <- 0x0000B505


mem[X,0x80036C5C] -> 0x0193
mem[X,0x80036C5E] -> 0x0000
[4651] [M]: 0x80036C5C (0x00000193) addi gp, zero, 0
x3 <- 0x00000000


mem[X,0x80036C60] -> 0x006F
mem[X,0x80036C62] -> 0x00C0
[4652] [M]: 0x80036C60 (0x00C0006F) jal zero, 12


mem[X,0x80036C6C] -> 0x7663
mem[X,0x80036C6E] -> 0x00B5
[4653] [M]: 0x80036C6C (0x00B57663) bgeu a0, a1, 12


mem[X,0x80036C70] -> 0x8193
mem[X,0x80036C72] -> 0x0021
[4654] [M]: 0x80036C70 (0x00218193) addi gp, gp, 2
x3 <- 0x00000002


mem[X,0x80036C74] -> 0x006F
mem[X,0x80036C76] -> 0x00C0
[4655] [M]: 0x80036C74 (0x00C0006F) jal zero, 12


mem[X,0x80036C80] -> 0x2223
mem[X,0x80036C82] -> 0x7631
[4656] [M]: 0x80036C80 (0x76312223) sw gp, 1892(sp)
mem[0x8004B8C8] <- 0x00000002


mem[X,0x80036C84] -> 0xB537
mem[X,0x80036C86] -> 0x0000
[4657] [M]: 0x80036C84 (0x0000B537) lui a0, 11
x10 <- 0x0000B000


mem[X,0x80036C88] -> 0x0513
mem[X,0x80036C8A] -> 0x5035
[4658] [M]: 0x80036C88 (0x50350513) addi a0, a0, 1283
x10 <- 0x0000B503


mem[X,0x80036C8C] -> 0x0593
mem[X,0x80036C8E] -> 0x0010
[4659] [M]: 0x80036C8C (0x00100593) addi a1, zero, 1
x11 <- 0x00000001


mem[X,0x80036C90] -> 0x0193
mem[X,0x80036C92] -> 0x0000
[4660] [M]: 0x80036C90 (0x00000193) addi gp, zero, 0
x3 <- 0x00000000


mem[X,0x80036C94] -> 0x006F
mem[X,0x80036C96] -> 0x0140
[4661] [M]: 0x80036C94 (0x0140006F) jal zero, 20


mem[X,0x80036CA8] -> 0x78E3
mem[X,0x80036CAA] -> 0xFEB5
[4662] [M]: 0x80036CA8 (0xFEB578E3) bgeu a0, a1, 8176


mem[X,0x80036C98] -> 0x8193
mem[X,0x80036C9A] -> 0x0011
[4663] [M]: 0x80036C98 (0x00118193) addi gp, gp, 1
x3 <- 0x00000001


mem[X,0x80036C9C] -> 0x006F
mem[X,0x80036C9E] -> 0x0200
[4664] [M]: 0x80036C9C (0x0200006F) jal zero, 32


mem[X,0x80036CBC] -> 0x2423
mem[X,0x80036CBE] -> 0x7631
[4665] [M]: 0x80036CBC (0x76312423) sw gp, 1896(sp)
mem[0x8004B8CC] <- 0x00000001


mem[X,0x80036CC0] -> 0xB537
mem[X,0x80036CC2] -> 0x0000
[4666] [M]: 0x80036CC0 (0x0000B537) lui a0, 11
x10 <- 0x0000B000


mem[X,0x80036CC4] -> 0x0513
mem[X,0x80036CC6] -> 0x5035
[4667] [M]: 0x80036CC4 (0x50350513) addi a0, a0, 1283
x10 <- 0x0000B503


mem[X,0x80036CC8] -> 0x05B7
mem[X,0x80036CCA] -> 0x0001
[4668] [M]: 0x80036CC8 (0x000105B7) lui a1, 16
x11 <- 0x00010000


mem[X,0x80036CCC] -> 0x0193
mem[X,0x80036CCE] -> 0x0000
[4669] [M]: 0x80036CCC (0x00000193) addi gp, zero, 0
x3 <- 0x00000000


mem[X,0x80036CD0] -> 0x006F
mem[X,0x80036CD2] -> 0x00C0
[4670] [M]: 0x80036CD0 (0x00C0006F) jal zero, 12


mem[X,0x80036CDC] -> 0x7CE3
mem[X,0x80036CDE] -> 0xFEB5
[4671] [M]: 0x80036CDC (0xFEB57CE3) bgeu a0, a1, 8184


mem[X,0x80036CE0] -> 0x8193
mem[X,0x80036CE2] -> 0x0021
[4672] [M]: 0x80036CE0 (0x00218193) addi gp, gp, 2
x3 <- 0x00000002


mem[X,0x80036CE4] -> 0x006F
mem[X,0x80036CE6] -> 0x00C0
[4673] [M]: 0x80036CE4 (0x00C0006F) jal zero, 12


mem[X,0x80036CF0] -> 0x2623
mem[X,0x80036CF2] -> 0x7631
[4674] [M]: 0x80036CF0 (0x76312623) sw gp, 1900(sp)
mem[0x8004B8D0] <- 0x00000002


mem[X,0x80036CF4] -> 0x0537
mem[X,0x80036CF6] -> 0x0001
[4675] [M]: 0x80036CF4 (0x00010537) lui a0, 16
x10 <- 0x00010000


mem[X,0x80036CF8] -> 0x0513
mem[X,0x80036CFA] -> 0xFFE5
[4676] [M]: 0x80036CF8 (0xFFE50513) addi a0, a0, 4094
x10 <- 0x0000FFFE


mem[X,0x80036CFC] -> 0x0593
mem[X,0x80036CFE] -> 0x0030
[4677] [M]: 0x80036CFC (0x00300593) addi a1, zero, 3
x11 <- 0x00000003


mem[X,0x80036D00] -> 0x0193
mem[X,0x80036D02] -> 0x0000
[4678] [M]: 0x80036D00 (0x00000193) addi gp, zero, 0
x3 <- 0x00000000


mem[X,0x80036D04] -> 0x006F
mem[X,0x80036D06] -> 0x00C0
[4679] [M]: 0x80036D04 (0x00C0006F) jal zero, 12


mem[X,0x80036D10] -> 0x7CE3
mem[X,0x80036D12] -> 0xFEB5
[4680] [M]: 0x80036D10 (0xFEB57CE3) bgeu a0, a1, 8184


mem[X,0x80036D08] -> 0x8193
mem[X,0x80036D0A] -> 0x0011
[4681] [M]: 0x80036D08 (0x00118193) addi gp, gp, 1
x3 <- 0x00000001


mem[X,0x80036D0C] -> 0x006F
mem[X,0x80036D0E] -> 0x0180
[4682] [M]: 0x80036D0C (0x0180006F) jal zero, 24


mem[X,0x80036D24] -> 0x2823
mem[X,0x80036D26] -> 0x7631
[4683] [M]: 0x80036D24 (0x76312823) sw gp, 1904(sp)
mem[0x8004B8D4] <- 0x00000001


mem[X,0x80036D28] -> 0x0537
mem[X,0x80036D2A] -> 0x0001
[4684] [M]: 0x80036D28 (0x00010537) lui a0, 16
x10 <- 0x00010000


mem[X,0x80036D2C] -> 0x0513
mem[X,0x80036D2E] -> 0xFFE5
[4685] [M]: 0x80036D2C (0xFFE50513) addi a0, a0, 4094
x10 <- 0x0000FFFE


mem[X,0x80036D30] -> 0x55B7
mem[X,0x80036D32] -> 0x5555
[4686] [M]: 0x80036D30 (0x555555B7) lui a1, 349525
x11 <- 0x55555000


mem[X,0x80036D34] -> 0x8593
mem[X,0x80036D36] -> 0x5555
[4687] [M]: 0x80036D34 (0x55558593) addi a1, a1, 1365
x11 <- 0x55555555


mem[X,0x80036D38] -> 0x0193
mem[X,0x80036D3A] -> 0x0000
[4688] [M]: 0x80036D38 (0x00000193) addi gp, zero, 0
x3 <- 0x00000000


mem[X,0x80036D3C] -> 0x006F
mem[X,0x80036D3E] -> 0x00C0
[4689] [M]: 0x80036D3C (0x00C0006F) jal zero, 12


mem[X,0x80036D48] -> 0x7863
mem[X,0x80036D4A] -> 0x00B5
[4690] [M]: 0x80036D48 (0x00B57863) bgeu a0, a1, 16


mem[X,0x80036D4C] -> 0x8193
mem[X,0x80036D4E] -> 0x0021
[4691] [M]: 0x80036D4C (0x00218193) addi gp, gp, 2
x3 <- 0x00000002


mem[X,0x80036D50] -> 0x006F
mem[X,0x80036D52] -> 0x0100
[4692] [M]: 0x80036D50 (0x0100006F) jal zero, 16


mem[X,0x80036D60] -> 0x2A23
mem[X,0x80036D62] -> 0x7631
[4693] [M]: 0x80036D60 (0x76312A23) sw gp, 1908(sp)
mem[0x8004B8D8] <- 0x00000002


mem[X,0x80036D64] -> 0x0537
mem[X,0x80036D66] -> 0x0001
[4694] [M]: 0x80036D64 (0x00010537) lui a0, 16
x10 <- 0x00010000


mem[X,0x80036D68] -> 0x0513
mem[X,0x80036D6A] -> 0xFFE5
[4695] [M]: 0x80036D68 (0xFFE50513) addi a0, a0, 4094
x10 <- 0x0000FFFE


mem[X,0x80036D6C] -> 0xB5B7
mem[X,0x80036D6E] -> 0xAAAA
[4696] [M]: 0x80036D6C (0xAAAAB5B7) lui a1, 699051
x11 <- 0xAAAAB000


mem[X,0x80036D70] -> 0x8593
mem[X,0x80036D72] -> 0xAAA5
[4697] [M]: 0x80036D70 (0xAAA58593) addi a1, a1, 2730
x11 <- 0xAAAAAAAA


mem[X,0x80036D74] -> 0x0193
mem[X,0x80036D76] -> 0x0000
[4698] [M]: 0x80036D74 (0x00000193) addi gp, zero, 0
x3 <- 0x00000000


mem[X,0x80036D78] -> 0x006F
mem[X,0x80036D7A] -> 0x00C0
[4699] [M]: 0x80036D78 (0x00C0006F) jal zero, 12


clint::tick mtime <- 0x000000000000002F
 clint timer pending at mtime 0x000000000000002F
htif::tick 0x0000000000000000
mem[X,0x80036D84] -> 0x7863
mem[X,0x80036D86] -> 0x00B5
[4700] [M]: 0x80036D84 (0x00B57863) bgeu a0, a1, 16


mem[X,0x80036D88] -> 0x8193
mem[X,0x80036D8A] -> 0x0021
[4701] [M]: 0x80036D88 (0x00218193) addi gp, gp, 2
x3 <- 0x00000002


mem[X,0x80036D8C] -> 0x006F
mem[X,0x80036D8E] -> 0x0100
[4702] [M]: 0x80036D8C (0x0100006F) jal zero, 16


mem[X,0x80036D9C] -> 0x2C23
mem[X,0x80036D9E] -> 0x7631
[4703] [M]: 0x80036D9C (0x76312C23) sw gp, 1912(sp)
mem[0x8004B8DC] <- 0x00000002


mem[X,0x80036DA0] -> 0x0537
mem[X,0x80036DA2] -> 0x0001
[4704] [M]: 0x80036DA0 (0x00010537) lui a0, 16
x10 <- 0x00010000


mem[X,0x80036DA4] -> 0x0513
mem[X,0x80036DA6] -> 0xFFE5
[4705] [M]: 0x80036DA4 (0xFFE50513) addi a0, a0, 4094
x10 <- 0x0000FFFE


mem[X,0x80036DA8] -> 0x0593
mem[X,0x80036DAA] -> 0x0050
[4706] [M]: 0x80036DA8 (0x00500593) addi a1, zero, 5
x11 <- 0x00000005


mem[X,0x80036DAC] -> 0x0193
mem[X,0x80036DAE] -> 0x0000
[4707] [M]: 0x80036DAC (0x00000193) addi gp, zero, 0
x3 <- 0x00000000


mem[X,0x80036DB0] -> 0x006F
mem[X,0x80036DB2] -> 0x00C0
[4708] [M]: 0x80036DB0 (0x00C0006F) jal zero, 12


mem[X,0x80036DBC] -> 0x7663
mem[X,0x80036DBE] -> 0x00B5
[4709] [M]: 0x80036DBC (0x00B57663) bgeu a0, a1, 12


mem[X,0x80036DC8] -> 0x8193
mem[X,0x80036DCA] -> 0x0031
[4710] [M]: 0x80036DC8 (0x00318193) addi gp, gp, 3
x3 <- 0x00000003


mem[X,0x80036DCC] -> 0x006F
mem[X,0x80036DCE] -> 0x0040
[4711] [M]: 0x80036DCC (0x0040006F) jal zero, 4


mem[X,0x80036DD0] -> 0x2E23
mem[X,0x80036DD2] -> 0x7631
[4712] [M]: 0x80036DD0 (0x76312E23) sw gp, 1916(sp)
mem[0x8004B8E0] <- 0x00000003


mem[X,0x80036DD4] -> 0x0537
mem[X,0x80036DD6] -> 0x0001
[4713] [M]: 0x80036DD4 (0x00010537) lui a0, 16
x10 <- 0x00010000


mem[X,0x80036DD8] -> 0x0513
mem[X,0x80036DDA] -> 0xFFE5
[4714] [M]: 0x80036DD8 (0xFFE50513) addi a0, a0, 4094
x10 <- 0x0000FFFE


mem[X,0x80036DDC] -> 0x35B7
mem[X,0x80036DDE] -> 0x3333
[4715] [M]: 0x80036DDC (0x333335B7) lui a1, 209715
x11 <- 0x33333000


mem[X,0x80036DE0] -> 0x8593
mem[X,0x80036DE2] -> 0x3335
[4716] [M]: 0x80036DE0 (0x33358593) addi a1, a1, 819
x11 <- 0x33333333


mem[X,0x80036DE4] -> 0x0193
mem[X,0x80036DE6] -> 0x0000
[4717] [M]: 0x80036DE4 (0x00000193) addi gp, zero, 0
x3 <- 0x00000000


mem[X,0x80036DE8] -> 0x006F
mem[X,0x80036DEA] -> 0x00C0
[4718] [M]: 0x80036DE8 (0x00C0006F) jal zero, 12


mem[X,0x80036DF4] -> 0x7CE3
mem[X,0x80036DF6] -> 0xFEB5
[4719] [M]: 0x80036DF4 (0xFEB57CE3) bgeu a0, a1, 8184


mem[X,0x80036DF8] -> 0x8193
mem[X,0x80036DFA] -> 0x0021
[4720] [M]: 0x80036DF8 (0x00218193) addi gp, gp, 2
x3 <- 0x00000002


mem[X,0x80036DFC] -> 0x006F
mem[X,0x80036DFE] -> 0x00C0
[4721] [M]: 0x80036DFC (0x00C0006F) jal zero, 12


mem[X,0x80036E08] -> 0x2023
mem[X,0x80036E0A] -> 0x7831
[4722] [M]: 0x80036E08 (0x78312023) sw gp, 1920(sp)
mem[0x8004B8E4] <- 0x00000002


mem[X,0x80036E0C] -> 0x0537
mem[X,0x80036E0E] -> 0x0001
[4723] [M]: 0x80036E0C (0x00010537) lui a0, 16
x10 <- 0x00010000


mem[X,0x80036E10] -> 0x0513
mem[X,0x80036E12] -> 0xFFE5
[4724] [M]: 0x80036E10 (0xFFE50513) addi a0, a0, 4094
x10 <- 0x0000FFFE


mem[X,0x80036E14] -> 0x65B7
mem[X,0x80036E16] -> 0x6666
[4725] [M]: 0x80036E14 (0x666665B7) lui a1, 419430
x11 <- 0x66666000


mem[X,0x80036E18] -> 0x8593
mem[X,0x80036E1A] -> 0x6665
[4726] [M]: 0x80036E18 (0x66658593) addi a1, a1, 1638
x11 <- 0x66666666


mem[X,0x80036E1C] -> 0x0193
mem[X,0x80036E1E] -> 0x0000
[4727] [M]: 0x80036E1C (0x00000193) addi gp, zero, 0
x3 <- 0x00000000


mem[X,0x80036E20] -> 0x006F
mem[X,0x80036E22] -> 0x00C0
[4728] [M]: 0x80036E20 (0x00C0006F) jal zero, 12


mem[X,0x80036E2C] -> 0x7CE3
mem[X,0x80036E2E] -> 0xFEB5
[4729] [M]: 0x80036E2C (0xFEB57CE3) bgeu a0, a1, 8184


mem[X,0x80036E30] -> 0x8193
mem[X,0x80036E32] -> 0x0021
[4730] [M]: 0x80036E30 (0x00218193) addi gp, gp, 2
x3 <- 0x00000002


mem[X,0x80036E34] -> 0x006F
mem[X,0x80036E36] -> 0x00C0
[4731] [M]: 0x80036E34 (0x00C0006F) jal zero, 12


mem[X,0x80036E40] -> 0x2223
mem[X,0x80036E42] -> 0x7831
[4732] [M]: 0x80036E40 (0x78312223) sw gp, 1924(sp)
mem[0x8004B8E8] <- 0x00000002


mem[X,0x80036E44] -> 0x0537
mem[X,0x80036E46] -> 0x0001
[4733] [M]: 0x80036E44 (0x00010537) lui a0, 16
x10 <- 0x00010000


mem[X,0x80036E48] -> 0x0513
mem[X,0x80036E4A] -> 0xFFE5
[4734] [M]: 0x80036E48 (0xFFE50513) addi a0, a0, 4094
x10 <- 0x0000FFFE


mem[X,0x80036E4C] -> 0xB5B7
mem[X,0x80036E4E] -> 0x0000
[4735] [M]: 0x80036E4C (0x0000B5B7) lui a1, 11
x11 <- 0x0000B000


mem[X,0x80036E50] -> 0x8593
mem[X,0x80036E52] -> 0x5045
[4736] [M]: 0x80036E50 (0x50458593) addi a1, a1, 1284
x11 <- 0x0000B504


mem[X,0x80036E54] -> 0x0193
mem[X,0x80036E56] -> 0x0000
[4737] [M]: 0x80036E54 (0x00000193) addi gp, zero, 0
x3 <- 0x00000000


mem[X,0x80036E58] -> 0x006F
mem[X,0x80036E5A] -> 0x00C0
[4738] [M]: 0x80036E58 (0x00C0006F) jal zero, 12


mem[X,0x80036E64] -> 0x7063
mem[X,0x80036E66] -> 0x10B5
[4739] [M]: 0x80036E64 (0x10B57063) bgeu a0, a1, 256


mem[X,0x80036F64] -> 0x8193
mem[X,0x80036F66] -> 0x0031
[4740] [M]: 0x80036F64 (0x00318193) addi gp, gp, 3
x3 <- 0x00000003


mem[X,0x80036F68] -> 0x006F
mem[X,0x80036F6A] -> 0x0040
[4741] [M]: 0x80036F68 (0x0040006F) jal zero, 4


mem[X,0x80036F6C] -> 0x2423
mem[X,0x80036F6E] -> 0x7831
[4742] [M]: 0x80036F6C (0x78312423) sw gp, 1928(sp)
mem[0x8004B8EC] <- 0x00000003


mem[X,0x80036F70] -> 0x0537
mem[X,0x80036F72] -> 0x0001
[4743] [M]: 0x80036F70 (0x00010537) lui a0, 16
x10 <- 0x00010000


mem[X,0x80036F74] -> 0x0513
mem[X,0x80036F76] -> 0xFFE5
[4744] [M]: 0x80036F74 (0xFFE50513) addi a0, a0, 4094
x10 <- 0x0000FFFE


mem[X,0x80036F78] -> 0x0593
mem[X,0x80036F7A] -> 0x0000
[4745] [M]: 0x80036F78 (0x00000593) addi a1, zero, 0
x11 <- 0x00000000


mem[X,0x80036F7C] -> 0x0193
mem[X,0x80036F7E] -> 0x0000
[4746] [M]: 0x80036F7C (0x00000193) addi gp, zero, 0
x3 <- 0x00000000


mem[X,0x80036F80] -> 0x006F
mem[X,0x80036F82] -> 0x00C0
[4747] [M]: 0x80036F80 (0x00C0006F) jal zero, 12


mem[X,0x80036F8C] -> 0x7063
mem[X,0x80036F8E] -> 0x10B5
[4748] [M]: 0x80036F8C (0x10B57063) bgeu a0, a1, 256


mem[X,0x8003708C] -> 0x8193
mem[X,0x8003708E] -> 0x0031
[4749] [M]: 0x8003708C (0x00318193) addi gp, gp, 3
x3 <- 0x00000003


mem[X,0x80037090] -> 0x006F
mem[X,0x80037092] -> 0x0040
[4750] [M]: 0x80037090 (0x0040006F) jal zero, 4


mem[X,0x80037094] -> 0x2623
mem[X,0x80037096] -> 0x7831
[4751] [M]: 0x80037094 (0x78312623) sw gp, 1932(sp)
mem[0x8004B8F0] <- 0x00000003


mem[X,0x80037098] -> 0x0537
mem[X,0x8003709A] -> 0x0001
[4752] [M]: 0x80037098 (0x00010537) lui a0, 16
x10 <- 0x00010000


mem[X,0x8003709C] -> 0x0513
mem[X,0x8003709E] -> 0xFFE5
[4753] [M]: 0x8003709C (0xFFE50513) addi a0, a0, 4094
x10 <- 0x0000FFFE


mem[X,0x800370A0] -> 0x05B7
mem[X,0x800370A2] -> 0x0001
[4754] [M]: 0x800370A0 (0x000105B7) lui a1, 16
x11 <- 0x00010000


mem[X,0x800370A4] -> 0x8593
mem[X,0x800370A6] -> 0xFFF5
[4755] [M]: 0x800370A4 (0xFFF58593) addi a1, a1, 4095
x11 <- 0x0000FFFF


mem[X,0x800370A8] -> 0x0193
mem[X,0x800370AA] -> 0x0000
[4756] [M]: 0x800370A8 (0x00000193) addi gp, zero, 0
x3 <- 0x00000000


mem[X,0x800370AC] -> 0x006F
mem[X,0x800370AE] -> 0x00C0
[4757] [M]: 0x800370AC (0x00C0006F) jal zero, 12


mem[X,0x800370B8] -> 0x7663
mem[X,0x800370BA] -> 0x00B5
[4758] [M]: 0x800370B8 (0x00B57663) bgeu a0, a1, 12


mem[X,0x800370BC] -> 0x8193
mem[X,0x800370BE] -> 0x0021
[4759] [M]: 0x800370BC (0x00218193) addi gp, gp, 2
x3 <- 0x00000002


mem[X,0x800370C0] -> 0x006F
mem[X,0x800370C2] -> 0x00C0
[4760] [M]: 0x800370C0 (0x00C0006F) jal zero, 12


mem[X,0x800370CC] -> 0x2823
mem[X,0x800370CE] -> 0x7831
[4761] [M]: 0x800370CC (0x78312823) sw gp, 1936(sp)
mem[0x8004B8F4] <- 0x00000002


mem[X,0x800370D0] -> 0x0537
mem[X,0x800370D2] -> 0x0001
[4762] [M]: 0x800370D0 (0x00010537) lui a0, 16
x10 <- 0x00010000


mem[X,0x800370D4] -> 0x0513
mem[X,0x800370D6] -> 0xFFE5
[4763] [M]: 0x800370D4 (0xFFE50513) addi a0, a0, 4094
x10 <- 0x0000FFFE


mem[X,0x800370D8] -> 0x0593
mem[X,0x800370DA] -> 0x0020
[4764] [M]: 0x800370D8 (0x00200593) addi a1, zero, 2
x11 <- 0x00000002


mem[X,0x800370DC] -> 0x0193
mem[X,0x800370DE] -> 0x0000
[4765] [M]: 0x800370DC (0x00000193) addi gp, zero, 0
x3 <- 0x00000000


mem[X,0x800370E0] -> 0x006F
mem[X,0x800370E2] -> 0x0180
[4766] [M]: 0x800370E0 (0x0180006F) jal zero, 24


mem[X,0x800370F8] -> 0x76E3
mem[X,0x800370FA] -> 0xFEB5
[4767] [M]: 0x800370F8 (0xFEB576E3) bgeu a0, a1, 8172


mem[X,0x800370E4] -> 0x8193
mem[X,0x800370E6] -> 0x0011
[4768] [M]: 0x800370E4 (0x00118193) addi gp, gp, 1
x3 <- 0x00000001


mem[X,0x800370E8] -> 0x006F
mem[X,0x800370EA] -> 0x0240
[4769] [M]: 0x800370E8 (0x0240006F) jal zero, 36


mem[X,0x8003710C] -> 0x2A23
mem[X,0x8003710E] -> 0x7831
[4770] [M]: 0x8003710C (0x78312A23) sw gp, 1940(sp)
mem[0x8004B8F8] <- 0x00000001


mem[X,0x80037110] -> 0x0537
mem[X,0x80037112] -> 0x0001
[4771] [M]: 0x80037110 (0x00010537) lui a0, 16
x10 <- 0x00010000


mem[X,0x80037114] -> 0x0513
mem[X,0x80037116] -> 0xFFE5
[4772] [M]: 0x80037114 (0xFFE50513) addi a0, a0, 4094
x10 <- 0x0000FFFE


mem[X,0x80037118] -> 0x55B7
mem[X,0x8003711A] -> 0x5555
[4773] [M]: 0x80037118 (0x555555B7) lui a1, 349525
x11 <- 0x55555000


mem[X,0x8003711C] -> 0x8593
mem[X,0x8003711E] -> 0x5545
[4774] [M]: 0x8003711C (0x55458593) addi a1, a1, 1364
x11 <- 0x55555554


mem[X,0x80037120] -> 0x0193
mem[X,0x80037122] -> 0x0000
[4775] [M]: 0x80037120 (0x00000193) addi gp, zero, 0
x3 <- 0x00000000


mem[X,0x80037124] -> 0x006F
mem[X,0x80037126] -> 0x00C0
[4776] [M]: 0x80037124 (0x00C0006F) jal zero, 12


mem[X,0x80037130] -> 0x7CE3
mem[X,0x80037132] -> 0xFEB5
[4777] [M]: 0x80037130 (0xFEB57CE3) bgeu a0, a1, 8184


mem[X,0x80037134] -> 0x8193
mem[X,0x80037136] -> 0x0021
[4778] [M]: 0x80037134 (0x00218193) addi gp, gp, 2
x3 <- 0x00000002


mem[X,0x80037138] -> 0x006F
mem[X,0x8003713A] -> 0x00C0
[4779] [M]: 0x80037138 (0x00C0006F) jal zero, 12


mem[X,0x80037144] -> 0x2C23
mem[X,0x80037146] -> 0x7831
[4780] [M]: 0x80037144 (0x78312C23) sw gp, 1944(sp)
mem[0x8004B8FC] <- 0x00000002


mem[X,0x80037148] -> 0x0537
mem[X,0x8003714A] -> 0x0001
[4781] [M]: 0x80037148 (0x00010537) lui a0, 16
x10 <- 0x00010000


mem[X,0x8003714C] -> 0x0513
mem[X,0x8003714E] -> 0xFFE5
[4782] [M]: 0x8003714C (0xFFE50513) addi a0, a0, 4094
x10 <- 0x0000FFFE


mem[X,0x80037150] -> 0xB5B7
mem[X,0x80037152] -> 0xAAAA
[4783] [M]: 0x80037150 (0xAAAAB5B7) lui a1, 699051
x11 <- 0xAAAAB000


mem[X,0x80037154] -> 0x8593
mem[X,0x80037156] -> 0xAA95
[4784] [M]: 0x80037154 (0xAA958593) addi a1, a1, 2729
x11 <- 0xAAAAAAA9


mem[X,0x80037158] -> 0x0193
mem[X,0x8003715A] -> 0x0000
[4785] [M]: 0x80037158 (0x00000193) addi gp, zero, 0
x3 <- 0x00000000


mem[X,0x8003715C] -> 0x006F
mem[X,0x8003715E] -> 0x00C0
[4786] [M]: 0x8003715C (0x00C0006F) jal zero, 12


mem[X,0x80037168] -> 0x7063
mem[X,0x8003716A] -> 0x08B5
[4787] [M]: 0x80037168 (0x08B57063) bgeu a0, a1, 128


mem[X,0x8003716C] -> 0x8193
mem[X,0x8003716E] -> 0x0021
[4788] [M]: 0x8003716C (0x00218193) addi gp, gp, 2
x3 <- 0x00000002


mem[X,0x80037170] -> 0x006F
mem[X,0x80037172] -> 0x0800
[4789] [M]: 0x80037170 (0x0800006F) jal zero, 128


mem[X,0x800371F0] -> 0x2E23
mem[X,0x800371F2] -> 0x7831
[4790] [M]: 0x800371F0 (0x78312E23) sw gp, 1948(sp)
mem[0x8004B900] <- 0x00000002


mem[X,0x800371F4] -> 0x0537
mem[X,0x800371F6] -> 0x0001
[4791] [M]: 0x800371F4 (0x00010537) lui a0, 16
x10 <- 0x00010000


mem[X,0x800371F8] -> 0x0513
mem[X,0x800371FA] -> 0xFFE5
[4792] [M]: 0x800371F8 (0xFFE50513) addi a0, a0, 4094
x10 <- 0x0000FFFE


mem[X,0x800371FC] -> 0x0593
mem[X,0x800371FE] -> 0x0040
[4793] [M]: 0x800371FC (0x00400593) addi a1, zero, 4
x11 <- 0x00000004


mem[X,0x80037200] -> 0x0193
mem[X,0x80037202] -> 0x0000
[4794] [M]: 0x80037200 (0x00000193) addi gp, zero, 0
x3 <- 0x00000000


mem[X,0x80037204] -> 0x006F
mem[X,0x80037206] -> 0x00C0
[4795] [M]: 0x80037204 (0x00C0006F) jal zero, 12


mem[X,0x80037210] -> 0x7063
mem[X,0x80037212] -> 0x08B5
[4796] [M]: 0x80037210 (0x08B57063) bgeu a0, a1, 128


mem[X,0x80037290] -> 0x8193
mem[X,0x80037292] -> 0x0031
[4797] [M]: 0x80037290 (0x00318193) addi gp, gp, 3
x3 <- 0x00000003


mem[X,0x80037294] -> 0x006F
mem[X,0x80037296] -> 0x0040
[4798] [M]: 0x80037294 (0x0040006F) jal zero, 4


mem[X,0x80037298] -> 0x2023
mem[X,0x8003729A] -> 0x7A31
[4799] [M]: 0x80037298 (0x7A312023) sw gp, 1952(sp)
mem[0x8004B904] <- 0x00000003


clint::tick mtime <- 0x0000000000000030
 clint timer pending at mtime 0x0000000000000030
htif::tick 0x0000000000000000
mem[X,0x8003729C] -> 0x0537
mem[X,0x8003729E] -> 0x0001
[4800] [M]: 0x8003729C (0x00010537) lui a0, 16
x10 <- 0x00010000


mem[X,0x800372A0] -> 0x0513
mem[X,0x800372A2] -> 0xFFE5
[4801] [M]: 0x800372A0 (0xFFE50513) addi a0, a0, 4094
x10 <- 0x0000FFFE


mem[X,0x800372A4] -> 0x35B7
mem[X,0x800372A6] -> 0x3333
[4802] [M]: 0x800372A4 (0x333335B7) lui a1, 209715
x11 <- 0x33333000


mem[X,0x800372A8] -> 0x8593
mem[X,0x800372AA] -> 0x3325
[4803] [M]: 0x800372A8 (0x33258593) addi a1, a1, 818
x11 <- 0x33333332


mem[X,0x800372AC] -> 0x0193
mem[X,0x800372AE] -> 0x0000
[4804] [M]: 0x800372AC (0x00000193) addi gp, zero, 0
x3 <- 0x00000000


mem[X,0x800372B0] -> 0x006F
mem[X,0x800372B2] -> 0x00C0
[4805] [M]: 0x800372B0 (0x00C0006F) jal zero, 12


mem[X,0x800372BC] -> 0x7CE3
mem[X,0x800372BE] -> 0xFEB5
[4806] [M]: 0x800372BC (0xFEB57CE3) bgeu a0, a1, 8184


mem[X,0x800372C0] -> 0x8193
mem[X,0x800372C2] -> 0x0021
[4807] [M]: 0x800372C0 (0x00218193) addi gp, gp, 2
x3 <- 0x00000002


mem[X,0x800372C4] -> 0x006F
mem[X,0x800372C6] -> 0x00C0
[4808] [M]: 0x800372C4 (0x00C0006F) jal zero, 12


mem[X,0x800372D0] -> 0x2223
mem[X,0x800372D2] -> 0x7A31
[4809] [M]: 0x800372D0 (0x7A312223) sw gp, 1956(sp)
mem[0x8004B908] <- 0x00000002


mem[X,0x800372D4] -> 0x0537
mem[X,0x800372D6] -> 0x0001
[4810] [M]: 0x800372D4 (0x00010537) lui a0, 16
x10 <- 0x00010000


mem[X,0x800372D8] -> 0x0513
mem[X,0x800372DA] -> 0xFFE5
[4811] [M]: 0x800372D8 (0xFFE50513) addi a0, a0, 4094
x10 <- 0x0000FFFE


mem[X,0x800372DC] -> 0x65B7
mem[X,0x800372DE] -> 0x6666
[4812] [M]: 0x800372DC (0x666665B7) lui a1, 419430
x11 <- 0x66666000


mem[X,0x800372E0] -> 0x8593
mem[X,0x800372E2] -> 0x6655
[4813] [M]: 0x800372E0 (0x66558593) addi a1, a1, 1637
x11 <- 0x66666665


mem[X,0x800372E4] -> 0x0193
mem[X,0x800372E6] -> 0x0000
[4814] [M]: 0x800372E4 (0x00000193) addi gp, zero, 0
x3 <- 0x00000000


mem[X,0x800372E8] -> 0x006F
mem[X,0x800372EA] -> 0x0140
[4815] [M]: 0x800372E8 (0x0140006F) jal zero, 20


mem[X,0x800372FC] -> 0x78E3
mem[X,0x800372FE] -> 0xFEB5
[4816] [M]: 0x800372FC (0xFEB578E3) bgeu a0, a1, 8176


mem[X,0x80037300] -> 0x8193
mem[X,0x80037302] -> 0x0021
[4817] [M]: 0x80037300 (0x00218193) addi gp, gp, 2
x3 <- 0x00000002


mem[X,0x80037304] -> 0x006F
mem[X,0x80037306] -> 0x00C0
[4818] [M]: 0x80037304 (0x00C0006F) jal zero, 12


mem[X,0x80037310] -> 0x2423
mem[X,0x80037312] -> 0x7A31
[4819] [M]: 0x80037310 (0x7A312423) sw gp, 1960(sp)
mem[0x8004B90C] <- 0x00000002


mem[X,0x80037314] -> 0x0537
mem[X,0x80037316] -> 0x0001
[4820] [M]: 0x80037314 (0x00010537) lui a0, 16
x10 <- 0x00010000


mem[X,0x80037318] -> 0x0513
mem[X,0x8003731A] -> 0xFFE5
[4821] [M]: 0x80037318 (0xFFE50513) addi a0, a0, 4094
x10 <- 0x0000FFFE


mem[X,0x8003731C] -> 0xB5B7
mem[X,0x8003731E] -> 0x0000
[4822] [M]: 0x8003731C (0x0000B5B7) lui a1, 11
x11 <- 0x0000B000


mem[X,0x80037320] -> 0x8593
mem[X,0x80037322] -> 0x5035
[4823] [M]: 0x80037320 (0x50358593) addi a1, a1, 1283
x11 <- 0x0000B503


mem[X,0x80037324] -> 0x0193
mem[X,0x80037326] -> 0x0000
[4824] [M]: 0x80037324 (0x00000193) addi gp, zero, 0
x3 <- 0x00000000


mem[X,0x80037328] -> 0x006F
mem[X,0x8003732A] -> 0x00C0
[4825] [M]: 0x80037328 (0x00C0006F) jal zero, 12


mem[X,0x80037334] -> 0x7063
mem[X,0x80037336] -> 0x02B5
[4826] [M]: 0x80037334 (0x02B57063) bgeu a0, a1, 32


mem[X,0x80037354] -> 0x8193
mem[X,0x80037356] -> 0x0031
[4827] [M]: 0x80037354 (0x00318193) addi gp, gp, 3
x3 <- 0x00000003


mem[X,0x80037358] -> 0x006F
mem[X,0x8003735A] -> 0x0040
[4828] [M]: 0x80037358 (0x0040006F) jal zero, 4


mem[X,0x8003735C] -> 0x2623
mem[X,0x8003735E] -> 0x7A31
[4829] [M]: 0x8003735C (0x7A312623) sw gp, 1964(sp)
mem[0x8004B910] <- 0x00000003


mem[X,0x80037360] -> 0x0537
mem[X,0x80037362] -> 0x0001
[4830] [M]: 0x80037360 (0x00010537) lui a0, 16
x10 <- 0x00010000


mem[X,0x80037364] -> 0x0513
mem[X,0x80037366] -> 0xFFE5
[4831] [M]: 0x80037364 (0xFFE50513) addi a0, a0, 4094
x10 <- 0x0000FFFE


mem[X,0x80037368] -> 0x05B7
mem[X,0x8003736A] -> 0x0001
[4832] [M]: 0x80037368 (0x000105B7) lui a1, 16
x11 <- 0x00010000


mem[X,0x8003736C] -> 0x8593
mem[X,0x8003736E] -> 0xFFE5
[4833] [M]: 0x8003736C (0xFFE58593) addi a1, a1, 4094
x11 <- 0x0000FFFE


mem[X,0x80037370] -> 0x0193
mem[X,0x80037372] -> 0x0000
[4834] [M]: 0x80037370 (0x00000193) addi gp, zero, 0
x3 <- 0x00000000


mem[X,0x80037374] -> 0x006F
mem[X,0x80037376] -> 0x00C0
[4835] [M]: 0x80037374 (0x00C0006F) jal zero, 12


mem[X,0x80037380] -> 0x7063
mem[X,0x80037382] -> 0x40B5
[4836] [M]: 0x80037380 (0x40B57063) bgeu a0, a1, 1024


mem[X,0x80037780] -> 0x8193
mem[X,0x80037782] -> 0x0031
[4837] [M]: 0x80037780 (0x00318193) addi gp, gp, 3
x3 <- 0x00000003


mem[X,0x80037784] -> 0x006F
mem[X,0x80037786] -> 0x0040
[4838] [M]: 0x80037784 (0x0040006F) jal zero, 4


mem[X,0x80037788] -> 0x2823
mem[X,0x8003778A] -> 0x7A31
[4839] [M]: 0x80037788 (0x7A312823) sw gp, 1968(sp)
mem[0x8004B914] <- 0x00000003


mem[X,0x8003778C] -> 0x0537
mem[X,0x8003778E] -> 0x0001
[4840] [M]: 0x8003778C (0x00010537) lui a0, 16
x10 <- 0x00010000


mem[X,0x80037790] -> 0x0513
mem[X,0x80037792] -> 0xFFE5
[4841] [M]: 0x80037790 (0xFFE50513) addi a0, a0, 4094
x10 <- 0x0000FFFE


mem[X,0x80037794] -> 0x55B7
mem[X,0x80037796] -> 0x5555
[4842] [M]: 0x80037794 (0x555555B7) lui a1, 349525
x11 <- 0x55555000


mem[X,0x80037798] -> 0x8593
mem[X,0x8003779A] -> 0x5565
[4843] [M]: 0x80037798 (0x55658593) addi a1, a1, 1366
x11 <- 0x55555556


mem[X,0x8003779C] -> 0x0193
mem[X,0x8003779E] -> 0x0000
[4844] [M]: 0x8003779C (0x00000193) addi gp, zero, 0
x3 <- 0x00000000


mem[X,0x800377A0] -> 0x006F
mem[X,0x800377A2] -> 0x00C0
[4845] [M]: 0x800377A0 (0x00C0006F) jal zero, 12


mem[X,0x800377AC] -> 0x7CE3
mem[X,0x800377AE] -> 0xFEB5
[4846] [M]: 0x800377AC (0xFEB57CE3) bgeu a0, a1, 8184


mem[X,0x800377B0] -> 0x8193
mem[X,0x800377B2] -> 0x0021
[4847] [M]: 0x800377B0 (0x00218193) addi gp, gp, 2
x3 <- 0x00000002


mem[X,0x800377B4] -> 0x006F
mem[X,0x800377B6] -> 0x00C0
[4848] [M]: 0x800377B4 (0x00C0006F) jal zero, 12


mem[X,0x800377C0] -> 0x2A23
mem[X,0x800377C2] -> 0x7A31
[4849] [M]: 0x800377C0 (0x7A312A23) sw gp, 1972(sp)
mem[0x8004B918] <- 0x00000002


mem[X,0x800377C4] -> 0x0537
mem[X,0x800377C6] -> 0x0001
[4850] [M]: 0x800377C4 (0x00010537) lui a0, 16
x10 <- 0x00010000


mem[X,0x800377C8] -> 0x0513
mem[X,0x800377CA] -> 0xFFE5
[4851] [M]: 0x800377C8 (0xFFE50513) addi a0, a0, 4094
x10 <- 0x0000FFFE


mem[X,0x800377CC] -> 0xB5B7
mem[X,0x800377CE] -> 0xAAAA
[4852] [M]: 0x800377CC (0xAAAAB5B7) lui a1, 699051
x11 <- 0xAAAAB000


mem[X,0x800377D0] -> 0x8593
mem[X,0x800377D2] -> 0xAAB5
[4853] [M]: 0x800377D0 (0xAAB58593) addi a1, a1, 2731
x11 <- 0xAAAAAAAB


mem[X,0x800377D4] -> 0x0193
mem[X,0x800377D6] -> 0x0000
[4854] [M]: 0x800377D4 (0x00000193) addi gp, zero, 0
x3 <- 0x00000000


mem[X,0x800377D8] -> 0x006F
mem[X,0x800377DA] -> 0x00C0
[4855] [M]: 0x800377D8 (0x00C0006F) jal zero, 12


mem[X,0x800377E4] -> 0x7063
mem[X,0x800377E6] -> 0x08B5
[4856] [M]: 0x800377E4 (0x08B57063) bgeu a0, a1, 128


mem[X,0x800377E8] -> 0x8193
mem[X,0x800377EA] -> 0x0021
[4857] [M]: 0x800377E8 (0x00218193) addi gp, gp, 2
x3 <- 0x00000002


mem[X,0x800377EC] -> 0x006F
mem[X,0x800377EE] -> 0x0800
[4858] [M]: 0x800377EC (0x0800006F) jal zero, 128


mem[X,0x8003786C] -> 0x2C23
mem[X,0x8003786E] -> 0x7A31
[4859] [M]: 0x8003786C (0x7A312C23) sw gp, 1976(sp)
mem[0x8004B91C] <- 0x00000002


mem[X,0x80037870] -> 0x0537
mem[X,0x80037872] -> 0x0001
[4860] [M]: 0x80037870 (0x00010537) lui a0, 16
x10 <- 0x00010000


mem[X,0x80037874] -> 0x0513
mem[X,0x80037876] -> 0xFFE5
[4861] [M]: 0x80037874 (0xFFE50513) addi a0, a0, 4094
x10 <- 0x0000FFFE


mem[X,0x80037878] -> 0x0593
mem[X,0x8003787A] -> 0x0060
[4862] [M]: 0x80037878 (0x00600593) addi a1, zero, 6
x11 <- 0x00000006


mem[X,0x8003787C] -> 0x0193
mem[X,0x8003787E] -> 0x0000
[4863] [M]: 0x8003787C (0x00000193) addi gp, zero, 0
x3 <- 0x00000000


mem[X,0x80037880] -> 0x006F
mem[X,0x80037882] -> 0x00C0
[4864] [M]: 0x80037880 (0x00C0006F) jal zero, 12


mem[X,0x8003788C] -> 0x7CE3
mem[X,0x8003788E] -> 0xFEB5
[4865] [M]: 0x8003788C (0xFEB57CE3) bgeu a0, a1, 8184


mem[X,0x80037884] -> 0x8193
mem[X,0x80037886] -> 0x0011
[4866] [M]: 0x80037884 (0x00118193) addi gp, gp, 1
x3 <- 0x00000001


mem[X,0x80037888] -> 0x006F
mem[X,0x8003788A] -> 0x0180
[4867] [M]: 0x80037888 (0x0180006F) jal zero, 24


mem[X,0x800378A0] -> 0x2E23
mem[X,0x800378A2] -> 0x7A31
[4868] [M]: 0x800378A0 (0x7A312E23) sw gp, 1980(sp)
mem[0x8004B920] <- 0x00000001


mem[X,0x800378A4] -> 0x0537
mem[X,0x800378A6] -> 0x0001
[4869] [M]: 0x800378A4 (0x00010537) lui a0, 16
x10 <- 0x00010000


mem[X,0x800378A8] -> 0x0513
mem[X,0x800378AA] -> 0xFFE5
[4870] [M]: 0x800378A8 (0xFFE50513) addi a0, a0, 4094
x10 <- 0x0000FFFE


mem[X,0x800378AC] -> 0x35B7
mem[X,0x800378AE] -> 0x3333
[4871] [M]: 0x800378AC (0x333335B7) lui a1, 209715
x11 <- 0x33333000


mem[X,0x800378B0] -> 0x8593
mem[X,0x800378B2] -> 0x3345
[4872] [M]: 0x800378B0 (0x33458593) addi a1, a1, 820
x11 <- 0x33333334


mem[X,0x800378B4] -> 0x0193
mem[X,0x800378B6] -> 0x0000
[4873] [M]: 0x800378B4 (0x00000193) addi gp, zero, 0
x3 <- 0x00000000


mem[X,0x800378B8] -> 0x006F
mem[X,0x800378BA] -> 0x00C0
[4874] [M]: 0x800378B8 (0x00C0006F) jal zero, 12


mem[X,0x800378C4] -> 0x7063
mem[X,0x800378C6] -> 0x10B5
[4875] [M]: 0x800378C4 (0x10B57063) bgeu a0, a1, 256


mem[X,0x800378C8] -> 0x8193
mem[X,0x800378CA] -> 0x0021
[4876] [M]: 0x800378C8 (0x00218193) addi gp, gp, 2
x3 <- 0x00000002


mem[X,0x800378CC] -> 0x006F
mem[X,0x800378CE] -> 0x1000
[4877] [M]: 0x800378CC (0x1000006F) jal zero, 256


mem[X,0x800379CC] -> 0x2023
mem[X,0x800379CE] -> 0x7C31
[4878] [M]: 0x800379CC (0x7C312023) sw gp, 1984(sp)
mem[0x8004B924] <- 0x00000002


mem[X,0x800379D0] -> 0x0537
mem[X,0x800379D2] -> 0x0001
[4879] [M]: 0x800379D0 (0x00010537) lui a0, 16
x10 <- 0x00010000


mem[X,0x800379D4] -> 0x0513
mem[X,0x800379D6] -> 0xFFE5
[4880] [M]: 0x800379D4 (0xFFE50513) addi a0, a0, 4094
x10 <- 0x0000FFFE


mem[X,0x800379D8] -> 0x65B7
mem[X,0x800379DA] -> 0x6666
[4881] [M]: 0x800379D8 (0x666665B7) lui a1, 419430
x11 <- 0x66666000


mem[X,0x800379DC] -> 0x8593
mem[X,0x800379DE] -> 0x6675
[4882] [M]: 0x800379DC (0x66758593) addi a1, a1, 1639
x11 <- 0x66666667


mem[X,0x800379E0] -> 0x0193
mem[X,0x800379E2] -> 0x0000
[4883] [M]: 0x800379E0 (0x00000193) addi gp, zero, 0
x3 <- 0x00000000


mem[X,0x800379E4] -> 0x006F
mem[X,0x800379E6] -> 0x00C0
[4884] [M]: 0x800379E4 (0x00C0006F) jal zero, 12


mem[X,0x800379F0] -> 0x7CE3
mem[X,0x800379F2] -> 0xFEB5
[4885] [M]: 0x800379F0 (0xFEB57CE3) bgeu a0, a1, 8184


mem[X,0x800379F4] -> 0x8193
mem[X,0x800379F6] -> 0x0021
[4886] [M]: 0x800379F4 (0x00218193) addi gp, gp, 2
x3 <- 0x00000002


mem[X,0x800379F8] -> 0x006F
mem[X,0x800379FA] -> 0x00C0
[4887] [M]: 0x800379F8 (0x00C0006F) jal zero, 12


mem[X,0x80037A04] -> 0x2223
mem[X,0x80037A06] -> 0x7C31
[4888] [M]: 0x80037A04 (0x7C312223) sw gp, 1988(sp)
mem[0x8004B928] <- 0x00000002


mem[X,0x80037A08] -> 0x0537
mem[X,0x80037A0A] -> 0x0001
[4889] [M]: 0x80037A08 (0x00010537) lui a0, 16
x10 <- 0x00010000


mem[X,0x80037A0C] -> 0x0513
mem[X,0x80037A0E] -> 0xFFE5
[4890] [M]: 0x80037A0C (0xFFE50513) addi a0, a0, 4094
x10 <- 0x0000FFFE


mem[X,0x80037A10] -> 0xB5B7
mem[X,0x80037A12] -> 0x0000
[4891] [M]: 0x80037A10 (0x0000B5B7) lui a1, 11
x11 <- 0x0000B000


mem[X,0x80037A14] -> 0x8593
mem[X,0x80037A16] -> 0x5055
[4892] [M]: 0x80037A14 (0x50558593) addi a1, a1, 1285
x11 <- 0x0000B505


mem[X,0x80037A18] -> 0x0193
mem[X,0x80037A1A] -> 0x0000
[4893] [M]: 0x80037A18 (0x00000193) addi gp, zero, 0
x3 <- 0x00000000


mem[X,0x80037A1C] -> 0x006F
mem[X,0x80037A1E] -> 0x00C0
[4894] [M]: 0x80037A1C (0x00C0006F) jal zero, 12


mem[X,0x80037A28] -> 0x7CE3
mem[X,0x80037A2A] -> 0xFEB5
[4895] [M]: 0x80037A28 (0xFEB57CE3) bgeu a0, a1, 8184


mem[X,0x80037A20] -> 0x8193
mem[X,0x80037A22] -> 0x0011
[4896] [M]: 0x80037A20 (0x00118193) addi gp, gp, 1
x3 <- 0x00000001


mem[X,0x80037A24] -> 0x006F
mem[X,0x80037A26] -> 0x0180
[4897] [M]: 0x80037A24 (0x0180006F) jal zero, 24


mem[X,0x80037A3C] -> 0x2423
mem[X,0x80037A3E] -> 0x7C31
[4898] [M]: 0x80037A3C (0x7C312423) sw gp, 1992(sp)
mem[0x8004B92C] <- 0x00000001


mem[X,0x80037A40] -> 0x0537
mem[X,0x80037A42] -> 0x0001
[4899] [M]: 0x80037A40 (0x00010537) lui a0, 16
x10 <- 0x00010000


clint::tick mtime <- 0x0000000000000031
 clint timer pending at mtime 0x0000000000000031
htif::tick 0x0000000000000000
mem[X,0x80037A44] -> 0x0513
mem[X,0x80037A46] -> 0xFFE5
[4900] [M]: 0x80037A44 (0xFFE50513) addi a0, a0, 4094
x10 <- 0x0000FFFE


mem[X,0x80037A48] -> 0x0593
mem[X,0x80037A4A] -> 0x0010
[4901] [M]: 0x80037A48 (0x00100593) addi a1, zero, 1
x11 <- 0x00000001


mem[X,0x80037A4C] -> 0x0193
mem[X,0x80037A4E] -> 0x0000
[4902] [M]: 0x80037A4C (0x00000193) addi gp, zero, 0
x3 <- 0x00000000


mem[X,0x80037A50] -> 0x006F
mem[X,0x80037A52] -> 0x00C0
[4903] [M]: 0x80037A50 (0x00C0006F) jal zero, 12


mem[X,0x80037A5C] -> 0x7063
mem[X,0x80037A5E] -> 0x04B5
[4904] [M]: 0x80037A5C (0x04B57063) bgeu a0, a1, 64


mem[X,0x80037A9C] -> 0x8193
mem[X,0x80037A9E] -> 0x0031
[4905] [M]: 0x80037A9C (0x00318193) addi gp, gp, 3
x3 <- 0x00000003


mem[X,0x80037AA0] -> 0x006F
mem[X,0x80037AA2] -> 0x0040
[4906] [M]: 0x80037AA0 (0x0040006F) jal zero, 4


mem[X,0x80037AA4] -> 0x2623
mem[X,0x80037AA6] -> 0x7C31
[4907] [M]: 0x80037AA4 (0x7C312623) sw gp, 1996(sp)
mem[0x8004B930] <- 0x00000003


mem[X,0x80037AA8] -> 0x0537
mem[X,0x80037AAA] -> 0x0001
[4908] [M]: 0x80037AA8 (0x00010537) lui a0, 16
x10 <- 0x00010000


mem[X,0x80037AAC] -> 0x0513
mem[X,0x80037AAE] -> 0xFFE5
[4909] [M]: 0x80037AAC (0xFFE50513) addi a0, a0, 4094
x10 <- 0x0000FFFE


mem[X,0x80037AB0] -> 0x05B7
mem[X,0x80037AB2] -> 0x0001
[4910] [M]: 0x80037AB0 (0x000105B7) lui a1, 16
x11 <- 0x00010000


mem[X,0x80037AB4] -> 0x0193
mem[X,0x80037AB6] -> 0x0000
[4911] [M]: 0x80037AB4 (0x00000193) addi gp, zero, 0
x3 <- 0x00000000


mem[X,0x80037AB8] -> 0x006F
mem[X,0x80037ABA] -> 0x00C0
[4912] [M]: 0x80037AB8 (0x00C0006F) jal zero, 12


mem[X,0x80037AC4] -> 0x7063
mem[X,0x80037AC6] -> 0x02B5
[4913] [M]: 0x80037AC4 (0x02B57063) bgeu a0, a1, 32


mem[X,0x80037AC8] -> 0x8193
mem[X,0x80037ACA] -> 0x0021
[4914] [M]: 0x80037AC8 (0x00218193) addi gp, gp, 2
x3 <- 0x00000002


mem[X,0x80037ACC] -> 0x006F
mem[X,0x80037ACE] -> 0x0200
[4915] [M]: 0x80037ACC (0x0200006F) jal zero, 32


mem[X,0x80037AEC] -> 0x2823
mem[X,0x80037AEE] -> 0x7C31
[4916] [M]: 0x80037AEC (0x7C312823) sw gp, 2000(sp)
mem[0x8004B934] <- 0x00000002


mem[X,0x80037AF0] -> 0x5537
mem[X,0x80037AF2] -> 0x5555
[4917] [M]: 0x80037AF0 (0x55555537) lui a0, 349525
x10 <- 0x55555000


mem[X,0x80037AF4] -> 0x0513
mem[X,0x80037AF6] -> 0x5565
[4918] [M]: 0x80037AF4 (0x55650513) addi a0, a0, 1366
x10 <- 0x55555556


mem[X,0x80037AF8] -> 0x0593
mem[X,0x80037AFA] -> 0x0030
[4919] [M]: 0x80037AF8 (0x00300593) addi a1, zero, 3
x11 <- 0x00000003


mem[X,0x80037AFC] -> 0x0193
mem[X,0x80037AFE] -> 0x0000
[4920] [M]: 0x80037AFC (0x00000193) addi gp, zero, 0
x3 <- 0x00000000


mem[X,0x80037B00] -> 0x006F
mem[X,0x80037B02] -> 0x00C0
[4921] [M]: 0x80037B00 (0x00C0006F) jal zero, 12


mem[X,0x80037B0C] -> 0x7663
mem[X,0x80037B0E] -> 0x00B5
[4922] [M]: 0x80037B0C (0x00B57663) bgeu a0, a1, 12


mem[X,0x80037B18] -> 0x8193
mem[X,0x80037B1A] -> 0x0031
[4923] [M]: 0x80037B18 (0x00318193) addi gp, gp, 3
x3 <- 0x00000003


mem[X,0x80037B1C] -> 0x006F
mem[X,0x80037B1E] -> 0x0040
[4924] [M]: 0x80037B1C (0x0040006F) jal zero, 4


mem[X,0x80037B20] -> 0x2A23
mem[X,0x80037B22] -> 0x7C31
[4925] [M]: 0x80037B20 (0x7C312A23) sw gp, 2004(sp)
mem[0x8004B938] <- 0x00000003


mem[X,0x80037B24] -> 0x5537
mem[X,0x80037B26] -> 0x5555
[4926] [M]: 0x80037B24 (0x55555537) lui a0, 349525
x10 <- 0x55555000


mem[X,0x80037B28] -> 0x0513
mem[X,0x80037B2A] -> 0x5565
[4927] [M]: 0x80037B28 (0x55650513) addi a0, a0, 1366
x10 <- 0x55555556


mem[X,0x80037B2C] -> 0x55B7
mem[X,0x80037B2E] -> 0x5555
[4928] [M]: 0x80037B2C (0x555555B7) lui a1, 349525
x11 <- 0x55555000


mem[X,0x80037B30] -> 0x8593
mem[X,0x80037B32] -> 0x5555
[4929] [M]: 0x80037B30 (0x55558593) addi a1, a1, 1365
x11 <- 0x55555555


mem[X,0x80037B34] -> 0x0193
mem[X,0x80037B36] -> 0x0000
[4930] [M]: 0x80037B34 (0x00000193) addi gp, zero, 0
x3 <- 0x00000000


mem[X,0x80037B38] -> 0x006F
mem[X,0x80037B3A] -> 0x00C0
[4931] [M]: 0x80037B38 (0x00C0006F) jal zero, 12


mem[X,0x80037B44] -> 0x7063
mem[X,0x80037B46] -> 0x10B5
[4932] [M]: 0x80037B44 (0x10B57063) bgeu a0, a1, 256


mem[X,0x80037C44] -> 0x8193
mem[X,0x80037C46] -> 0x0031
[4933] [M]: 0x80037C44 (0x00318193) addi gp, gp, 3
x3 <- 0x00000003


mem[X,0x80037C48] -> 0x006F
mem[X,0x80037C4A] -> 0x0040
[4934] [M]: 0x80037C48 (0x0040006F) jal zero, 4


mem[X,0x80037C4C] -> 0x2C23
mem[X,0x80037C4E] -> 0x7C31
[4935] [M]: 0x80037C4C (0x7C312C23) sw gp, 2008(sp)
mem[0x8004B93C] <- 0x00000003


mem[X,0x80037C50] -> 0x5537
mem[X,0x80037C52] -> 0x5555
[4936] [M]: 0x80037C50 (0x55555537) lui a0, 349525
x10 <- 0x55555000


mem[X,0x80037C54] -> 0x0513
mem[X,0x80037C56] -> 0x5565
[4937] [M]: 0x80037C54 (0x55650513) addi a0, a0, 1366
x10 <- 0x55555556


mem[X,0x80037C58] -> 0xB5B7
mem[X,0x80037C5A] -> 0xAAAA
[4938] [M]: 0x80037C58 (0xAAAAB5B7) lui a1, 699051
x11 <- 0xAAAAB000


mem[X,0x80037C5C] -> 0x8593
mem[X,0x80037C5E] -> 0xAAA5
[4939] [M]: 0x80037C5C (0xAAA58593) addi a1, a1, 2730
x11 <- 0xAAAAAAAA


mem[X,0x80037C60] -> 0x0193
mem[X,0x80037C62] -> 0x0000
[4940] [M]: 0x80037C60 (0x00000193) addi gp, zero, 0
x3 <- 0x00000000


mem[X,0x80037C64] -> 0x006F
mem[X,0x80037C66] -> 0x00C0
[4941] [M]: 0x80037C64 (0x00C0006F) jal zero, 12


mem[X,0x80037C70] -> 0x7663
mem[X,0x80037C72] -> 0x00B5
[4942] [M]: 0x80037C70 (0x00B57663) bgeu a0, a1, 12


mem[X,0x80037C74] -> 0x8193
mem[X,0x80037C76] -> 0x0021
[4943] [M]: 0x80037C74 (0x00218193) addi gp, gp, 2
x3 <- 0x00000002


mem[X,0x80037C78] -> 0x006F
mem[X,0x80037C7A] -> 0x00C0
[4944] [M]: 0x80037C78 (0x00C0006F) jal zero, 12


mem[X,0x80037C84] -> 0x2E23
mem[X,0x80037C86] -> 0x7C31
[4945] [M]: 0x80037C84 (0x7C312E23) sw gp, 2012(sp)
mem[0x8004B940] <- 0x00000002


mem[X,0x80037C88] -> 0x5537
mem[X,0x80037C8A] -> 0x5555
[4946] [M]: 0x80037C88 (0x55555537) lui a0, 349525
x10 <- 0x55555000


mem[X,0x80037C8C] -> 0x0513
mem[X,0x80037C8E] -> 0x5565
[4947] [M]: 0x80037C8C (0x55650513) addi a0, a0, 1366
x10 <- 0x55555556


mem[X,0x80037C90] -> 0x0593
mem[X,0x80037C92] -> 0x0050
[4948] [M]: 0x80037C90 (0x00500593) addi a1, zero, 5
x11 <- 0x00000005


mem[X,0x80037C94] -> 0x0193
mem[X,0x80037C96] -> 0x0000
[4949] [M]: 0x80037C94 (0x00000193) addi gp, zero, 0
x3 <- 0x00000000


mem[X,0x80037C98] -> 0x006F
mem[X,0x80037C9A] -> 0x00C0
[4950] [M]: 0x80037C98 (0x00C0006F) jal zero, 12


mem[X,0x80037CA4] -> 0x7CE3
mem[X,0x80037CA6] -> 0xFEB5
[4951] [M]: 0x80037CA4 (0xFEB57CE3) bgeu a0, a1, 8184


mem[X,0x80037C9C] -> 0x8193
mem[X,0x80037C9E] -> 0x0011
[4952] [M]: 0x80037C9C (0x00118193) addi gp, gp, 1
x3 <- 0x00000001


mem[X,0x80037CA0] -> 0x006F
mem[X,0x80037CA2] -> 0x0180
[4953] [M]: 0x80037CA0 (0x0180006F) jal zero, 24


mem[X,0x80037CB8] -> 0x2023
mem[X,0x80037CBA] -> 0x7E31
[4954] [M]: 0x80037CB8 (0x7E312023) sw gp, 2016(sp)
mem[0x8004B944] <- 0x00000001


mem[X,0x80037CBC] -> 0x5537
mem[X,0x80037CBE] -> 0x5555
[4955] [M]: 0x80037CBC (0x55555537) lui a0, 349525
x10 <- 0x55555000


mem[X,0x80037CC0] -> 0x0513
mem[X,0x80037CC2] -> 0x5565
[4956] [M]: 0x80037CC0 (0x55650513) addi a0, a0, 1366
x10 <- 0x55555556


mem[X,0x80037CC4] -> 0x35B7
mem[X,0x80037CC6] -> 0x3333
[4957] [M]: 0x80037CC4 (0x333335B7) lui a1, 209715
x11 <- 0x33333000


mem[X,0x80037CC8] -> 0x8593
mem[X,0x80037CCA] -> 0x3335
[4958] [M]: 0x80037CC8 (0x33358593) addi a1, a1, 819
x11 <- 0x33333333


mem[X,0x80037CCC] -> 0x0193
mem[X,0x80037CCE] -> 0x0000
[4959] [M]: 0x80037CCC (0x00000193) addi gp, zero, 0
x3 <- 0x00000000


mem[X,0x80037CD0] -> 0x006F
mem[X,0x80037CD2] -> 0x00C0
[4960] [M]: 0x80037CD0 (0x00C0006F) jal zero, 12


mem[X,0x80037CDC] -> 0x7063
mem[X,0x80037CDE] -> 0x02B5
[4961] [M]: 0x80037CDC (0x02B57063) bgeu a0, a1, 32


mem[X,0x80037CFC] -> 0x8193
mem[X,0x80037CFE] -> 0x0031
[4962] [M]: 0x80037CFC (0x00318193) addi gp, gp, 3
x3 <- 0x00000003


mem[X,0x80037D00] -> 0x006F
mem[X,0x80037D02] -> 0x0040
[4963] [M]: 0x80037D00 (0x0040006F) jal zero, 4


mem[X,0x80037D04] -> 0x2223
mem[X,0x80037D06] -> 0x7E31
[4964] [M]: 0x80037D04 (0x7E312223) sw gp, 2020(sp)
mem[0x8004B948] <- 0x00000003


mem[X,0x80037D08] -> 0x5537
mem[X,0x80037D0A] -> 0x5555
[4965] [M]: 0x80037D08 (0x55555537) lui a0, 349525
x10 <- 0x55555000


mem[X,0x80037D0C] -> 0x0513
mem[X,0x80037D0E] -> 0x5565
[4966] [M]: 0x80037D0C (0x55650513) addi a0, a0, 1366
x10 <- 0x55555556


mem[X,0x80037D10] -> 0x65B7
mem[X,0x80037D12] -> 0x6666
[4967] [M]: 0x80037D10 (0x666665B7) lui a1, 419430
x11 <- 0x66666000


mem[X,0x80037D14] -> 0x8593
mem[X,0x80037D16] -> 0x6665
[4968] [M]: 0x80037D14 (0x66658593) addi a1, a1, 1638
x11 <- 0x66666666


mem[X,0x80037D18] -> 0x0193
mem[X,0x80037D1A] -> 0x0000
[4969] [M]: 0x80037D18 (0x00000193) addi gp, zero, 0
x3 <- 0x00000000


mem[X,0x80037D1C] -> 0x006F
mem[X,0x80037D1E] -> 0x00C0
[4970] [M]: 0x80037D1C (0x00C0006F) jal zero, 12


mem[X,0x80037D28] -> 0x7663
mem[X,0x80037D2A] -> 0x00B5
[4971] [M]: 0x80037D28 (0x00B57663) bgeu a0, a1, 12


mem[X,0x80037D2C] -> 0x8193
mem[X,0x80037D2E] -> 0x0021
[4972] [M]: 0x80037D2C (0x00218193) addi gp, gp, 2
x3 <- 0x00000002


mem[X,0x80037D30] -> 0x006F
mem[X,0x80037D32] -> 0x00C0
[4973] [M]: 0x80037D30 (0x00C0006F) jal zero, 12


mem[X,0x80037D3C] -> 0x2423
mem[X,0x80037D3E] -> 0x7E31
[4974] [M]: 0x80037D3C (0x7E312423) sw gp, 2024(sp)
mem[0x8004B94C] <- 0x00000002


mem[X,0x80037D40] -> 0x5537
mem[X,0x80037D42] -> 0x5555
[4975] [M]: 0x80037D40 (0x55555537) lui a0, 349525
x10 <- 0x55555000


mem[X,0x80037D44] -> 0x0513
mem[X,0x80037D46] -> 0x5565
[4976] [M]: 0x80037D44 (0x55650513) addi a0, a0, 1366
x10 <- 0x55555556


mem[X,0x80037D48] -> 0xB5B7
mem[X,0x80037D4A] -> 0x0000
[4977] [M]: 0x80037D48 (0x0000B5B7) lui a1, 11
x11 <- 0x0000B000


mem[X,0x80037D4C] -> 0x8593
mem[X,0x80037D4E] -> 0x5045
[4978] [M]: 0x80037D4C (0x50458593) addi a1, a1, 1284
x11 <- 0x0000B504


mem[X,0x80037D50] -> 0x0193
mem[X,0x80037D52] -> 0x0000
[4979] [M]: 0x80037D50 (0x00000193) addi gp, zero, 0
x3 <- 0x00000000


mem[X,0x80037D54] -> 0x006F
mem[X,0x80037D56] -> 0x0100
[4980] [M]: 0x80037D54 (0x0100006F) jal zero, 16


mem[X,0x80037D64] -> 0x7AE3
mem[X,0x80037D66] -> 0xFEB5
[4981] [M]: 0x80037D64 (0xFEB57AE3) bgeu a0, a1, 8180


mem[X,0x80037D58] -> 0x8193
mem[X,0x80037D5A] -> 0x0011
[4982] [M]: 0x80037D58 (0x00118193) addi gp, gp, 1
x3 <- 0x00000001


mem[X,0x80037D5C] -> 0x006F
mem[X,0x80037D5E] -> 0x01C0
[4983] [M]: 0x80037D5C (0x01C0006F) jal zero, 28


mem[X,0x80037D78] -> 0x2623
mem[X,0x80037D7A] -> 0x7E31
[4984] [M]: 0x80037D78 (0x7E312623) sw gp, 2028(sp)
mem[0x8004B950] <- 0x00000001


mem[X,0x80037D7C] -> 0x5537
mem[X,0x80037D7E] -> 0x5555
[4985] [M]: 0x80037D7C (0x55555537) lui a0, 349525
x10 <- 0x55555000


mem[X,0x80037D80] -> 0x0513
mem[X,0x80037D82] -> 0x5565
[4986] [M]: 0x80037D80 (0x55650513) addi a0, a0, 1366
x10 <- 0x55555556


mem[X,0x80037D84] -> 0x0593
mem[X,0x80037D86] -> 0x0000
[4987] [M]: 0x80037D84 (0x00000593) addi a1, zero, 0
x11 <- 0x00000000


mem[X,0x80037D88] -> 0x0193
mem[X,0x80037D8A] -> 0x0000
[4988] [M]: 0x80037D88 (0x00000193) addi gp, zero, 0
x3 <- 0x00000000


mem[X,0x80037D8C] -> 0x006F
mem[X,0x80037D8E] -> 0x00C0
[4989] [M]: 0x80037D8C (0x00C0006F) jal zero, 12


mem[X,0x80037D98] -> 0x7063
mem[X,0x80037D9A] -> 0x20B5
[4990] [M]: 0x80037D98 (0x20B57063) bgeu a0, a1, 512


mem[X,0x80037F98] -> 0x8193
mem[X,0x80037F9A] -> 0x0031
[4991] [M]: 0x80037F98 (0x00318193) addi gp, gp, 3
x3 <- 0x00000003


mem[X,0x80037F9C] -> 0x006F
mem[X,0x80037F9E] -> 0x0040
[4992] [M]: 0x80037F9C (0x0040006F) jal zero, 4


mem[X,0x80037FA0] -> 0x2823
mem[X,0x80037FA2] -> 0x7E31
[4993] [M]: 0x80037FA0 (0x7E312823) sw gp, 2032(sp)
mem[0x8004B954] <- 0x00000003


mem[X,0x80037FA4] -> 0x5537
mem[X,0x80037FA6] -> 0x5555
[4994] [M]: 0x80037FA4 (0x55555537) lui a0, 349525
x10 <- 0x55555000


mem[X,0x80037FA8] -> 0x0513
mem[X,0x80037FAA] -> 0x5565
[4995] [M]: 0x80037FA8 (0x55650513) addi a0, a0, 1366
x10 <- 0x55555556


mem[X,0x80037FAC] -> 0x05B7
mem[X,0x80037FAE] -> 0x0001
[4996] [M]: 0x80037FAC (0x000105B7) lui a1, 16
x11 <- 0x00010000


mem[X,0x80037FB0] -> 0x8593
mem[X,0x80037FB2] -> 0xFFF5
[4997] [M]: 0x80037FB0 (0xFFF58593) addi a1, a1, 4095
x11 <- 0x0000FFFF


mem[X,0x80037FB4] -> 0x0193
mem[X,0x80037FB6] -> 0x0000
[4998] [M]: 0x80037FB4 (0x00000193) addi gp, zero, 0
x3 <- 0x00000000


mem[X,0x80037FB8] -> 0x006F
mem[X,0x80037FBA] -> 0x0180
[4999] [M]: 0x80037FB8 (0x0180006F) jal zero, 24


clint::tick mtime <- 0x0000000000000032
 clint timer pending at mtime 0x0000000000000032
htif::tick 0x0000000000000000
mem[X,0x80037FD0] -> 0x76E3
mem[X,0x80037FD2] -> 0xFEB5
[5000] [M]: 0x80037FD0 (0xFEB576E3) bgeu a0, a1, 8172


mem[X,0x80037FBC] -> 0x8193
mem[X,0x80037FBE] -> 0x0011
[5001] [M]: 0x80037FBC (0x00118193) addi gp, gp, 1
x3 <- 0x00000001


mem[X,0x80037FC0] -> 0x006F
mem[X,0x80037FC2] -> 0x0240
[5002] [M]: 0x80037FC0 (0x0240006F) jal zero, 36


mem[X,0x80037FE4] -> 0x2A23
mem[X,0x80037FE6] -> 0x7E31
[5003] [M]: 0x80037FE4 (0x7E312A23) sw gp, 2036(sp)
mem[0x8004B958] <- 0x00000001


mem[X,0x80037FE8] -> 0x5537
mem[X,0x80037FEA] -> 0x5555
[5004] [M]: 0x80037FE8 (0x55555537) lui a0, 349525
x10 <- 0x55555000


mem[X,0x80037FEC] -> 0x0513
mem[X,0x80037FEE] -> 0x5565
[5005] [M]: 0x80037FEC (0x55650513) addi a0, a0, 1366
x10 <- 0x55555556


mem[X,0x80037FF0] -> 0x0593
mem[X,0x80037FF2] -> 0x0020
[5006] [M]: 0x80037FF0 (0x00200593) addi a1, zero, 2
x11 <- 0x00000002


mem[X,0x80037FF4] -> 0x0193
mem[X,0x80037FF6] -> 0x0000
[5007] [M]: 0x80037FF4 (0x00000193) addi gp, zero, 0
x3 <- 0x00000000


mem[X,0x80037FF8] -> 0x006F
mem[X,0x80037FFA] -> 0x00C0
[5008] [M]: 0x80037FF8 (0x00C0006F) jal zero, 12


mem[X,0x80038004] -> 0x7063
mem[X,0x80038006] -> 0x04B5
[5009] [M]: 0x80038004 (0x04B57063) bgeu a0, a1, 64


mem[X,0x80038044] -> 0x8193
mem[X,0x80038046] -> 0x0031
[5010] [M]: 0x80038044 (0x00318193) addi gp, gp, 3
x3 <- 0x00000003


mem[X,0x80038048] -> 0x006F
mem[X,0x8003804A] -> 0x0040
[5011] [M]: 0x80038048 (0x0040006F) jal zero, 4


mem[X,0x8003804C] -> 0x2C23
mem[X,0x8003804E] -> 0x7E31
[5012] [M]: 0x8003804C (0x7E312C23) sw gp, 2040(sp)
mem[0x8004B95C] <- 0x00000003


mem[X,0x80038050] -> 0x5537
mem[X,0x80038052] -> 0x5555
[5013] [M]: 0x80038050 (0x55555537) lui a0, 349525
x10 <- 0x55555000


mem[X,0x80038054] -> 0x0513
mem[X,0x80038056] -> 0x5565
[5014] [M]: 0x80038054 (0x55650513) addi a0, a0, 1366
x10 <- 0x55555556


mem[X,0x80038058] -> 0x55B7
mem[X,0x8003805A] -> 0x5555
[5015] [M]: 0x80038058 (0x555555B7) lui a1, 349525
x11 <- 0x55555000


mem[X,0x8003805C] -> 0x8593
mem[X,0x8003805E] -> 0x5545
[5016] [M]: 0x8003805C (0x55458593) addi a1, a1, 1364
x11 <- 0x55555554


mem[X,0x80038060] -> 0x0193
mem[X,0x80038062] -> 0x0000
[5017] [M]: 0x80038060 (0x00000193) addi gp, zero, 0
x3 <- 0x00000000


mem[X,0x80038064] -> 0x006F
mem[X,0x80038066] -> 0x00C0
[5018] [M]: 0x80038064 (0x00C0006F) jal zero, 12


mem[X,0x80038070] -> 0x7063
mem[X,0x80038072] -> 0x02B5
[5019] [M]: 0x80038070 (0x02B57063) bgeu a0, a1, 32


mem[X,0x80038090] -> 0x8193
mem[X,0x80038092] -> 0x0031
[5020] [M]: 0x80038090 (0x00318193) addi gp, gp, 3
x3 <- 0x00000003


mem[X,0x80038094] -> 0x006F
mem[X,0x80038096] -> 0x0040
[5021] [M]: 0x80038094 (0x0040006F) jal zero, 4


mem[X,0x80038098] -> 0x2E23
mem[X,0x8003809A] -> 0x7E31
[5022] [M]: 0x80038098 (0x7E312E23) sw gp, 2044(sp)
mem[0x8004B960] <- 0x00000003


mem[X,0x8003809C] -> 0x0013
mem[X,0x8003809E] -> 0x0000
[5023] [M]: 0x8003809C (0x00000013) addi zero, zero, 0


mem[X,0x800380A0] -> 0x4117
mem[X,0x800380A2] -> 0x0001
[5024] [M]: 0x800380A0 (0x00014117) auipc sp, 20
x2 <- 0x8004C0A0


mem[X,0x800380A4] -> 0x0113
mem[X,0x800380A6] -> 0x8C41
[5025] [M]: 0x800380A4 (0x8C410113) addi sp, sp, 2244
x2 <- 0x8004B964


mem[X,0x800380A8] -> 0x0013
mem[X,0x800380AA] -> 0x0000
[5026] [M]: 0x800380A8 (0x00000013) addi zero, zero, 0


mem[X,0x800380AC] -> 0x0013
mem[X,0x800380AE] -> 0x0000
[5027] [M]: 0x800380AC (0x00000013) addi zero, zero, 0


mem[X,0x800380B0] -> 0x0013
mem[X,0x800380B2] -> 0x0000
[5028] [M]: 0x800380B0 (0x00000013) addi zero, zero, 0


mem[X,0x800380B4] -> 0x0013
mem[X,0x800380B6] -> 0x0000
[5029] [M]: 0x800380B4 (0x00000013) addi zero, zero, 0


mem[X,0x800380B8] -> 0x0013
mem[X,0x800380BA] -> 0x0000
[5030] [M]: 0x800380B8 (0x00000013) addi zero, zero, 0


mem[X,0x800380BC] -> 0x0013
mem[X,0x800380BE] -> 0x0000
[5031] [M]: 0x800380BC (0x00000013) addi zero, zero, 0


mem[X,0x800380C0] -> 0x5537
mem[X,0x800380C2] -> 0x5555
[5032] [M]: 0x800380C0 (0x55555537) lui a0, 349525
x10 <- 0x55555000


mem[X,0x800380C4] -> 0x0513
mem[X,0x800380C6] -> 0x5565
[5033] [M]: 0x800380C4 (0x55650513) addi a0, a0, 1366
x10 <- 0x55555556


mem[X,0x800380C8] -> 0xB5B7
mem[X,0x800380CA] -> 0xAAAA
[5034] [M]: 0x800380C8 (0xAAAAB5B7) lui a1, 699051
x11 <- 0xAAAAB000


mem[X,0x800380CC] -> 0x8593
mem[X,0x800380CE] -> 0xAA95
[5035] [M]: 0x800380CC (0xAA958593) addi a1, a1, 2729
x11 <- 0xAAAAAAA9


mem[X,0x800380D0] -> 0x0193
mem[X,0x800380D2] -> 0x0000
[5036] [M]: 0x800380D0 (0x00000193) addi gp, zero, 0
x3 <- 0x00000000


mem[X,0x800380D4] -> 0x006F
mem[X,0x800380D6] -> 0x00C0
[5037] [M]: 0x800380D4 (0x00C0006F) jal zero, 12


mem[X,0x800380E0] -> 0x7063
mem[X,0x800380E2] -> 0x04B5
[5038] [M]: 0x800380E0 (0x04B57063) bgeu a0, a1, 64


mem[X,0x800380E4] -> 0x8193
mem[X,0x800380E6] -> 0x0021
[5039] [M]: 0x800380E4 (0x00218193) addi gp, gp, 2
x3 <- 0x00000002


mem[X,0x800380E8] -> 0x006F
mem[X,0x800380EA] -> 0x0400
[5040] [M]: 0x800380E8 (0x0400006F) jal zero, 64


mem[X,0x80038128] -> 0x2023
mem[X,0x8003812A] -> 0x0031
[5041] [M]: 0x80038128 (0x00312023) sw gp, 0(sp)
mem[0x8004B964] <- 0x00000002


mem[X,0x8003812C] -> 0x5537
mem[X,0x8003812E] -> 0x5555
[5042] [M]: 0x8003812C (0x55555537) lui a0, 349525
x10 <- 0x55555000


mem[X,0x80038130] -> 0x0513
mem[X,0x80038132] -> 0x5565
[5043] [M]: 0x80038130 (0x55650513) addi a0, a0, 1366
x10 <- 0x55555556


mem[X,0x80038134] -> 0x0593
mem[X,0x80038136] -> 0x0040
[5044] [M]: 0x80038134 (0x00400593) addi a1, zero, 4
x11 <- 0x00000004


mem[X,0x80038138] -> 0x0193
mem[X,0x8003813A] -> 0x0000
[5045] [M]: 0x80038138 (0x00000193) addi gp, zero, 0
x3 <- 0x00000000


mem[X,0x8003813C] -> 0x006F
mem[X,0x8003813E] -> 0x0180
[5046] [M]: 0x8003813C (0x0180006F) jal zero, 24


mem[X,0x80038154] -> 0x76E3
mem[X,0x80038156] -> 0xFEB5
[5047] [M]: 0x80038154 (0xFEB576E3) bgeu a0, a1, 8172


mem[X,0x80038140] -> 0x8193
mem[X,0x80038142] -> 0x0011
[5048] [M]: 0x80038140 (0x00118193) addi gp, gp, 1
x3 <- 0x00000001


mem[X,0x80038144] -> 0x006F
mem[X,0x80038146] -> 0x0240
[5049] [M]: 0x80038144 (0x0240006F) jal zero, 36


mem[X,0x80038168] -> 0x2223
mem[X,0x8003816A] -> 0x0031
[5050] [M]: 0x80038168 (0x00312223) sw gp, 4(sp)
mem[0x8004B968] <- 0x00000001


mem[X,0x8003816C] -> 0x5537
mem[X,0x8003816E] -> 0x5555
[5051] [M]: 0x8003816C (0x55555537) lui a0, 349525
x10 <- 0x55555000


mem[X,0x80038170] -> 0x0513
mem[X,0x80038172] -> 0x5565
[5052] [M]: 0x80038170 (0x55650513) addi a0, a0, 1366
x10 <- 0x55555556


mem[X,0x80038174] -> 0x35B7
mem[X,0x80038176] -> 0x3333
[5053] [M]: 0x80038174 (0x333335B7) lui a1, 209715
x11 <- 0x33333000


mem[X,0x80038178] -> 0x8593
mem[X,0x8003817A] -> 0x3325
[5054] [M]: 0x80038178 (0x33258593) addi a1, a1, 818
x11 <- 0x33333332


mem[X,0x8003817C] -> 0x0193
mem[X,0x8003817E] -> 0x0000
[5055] [M]: 0x8003817C (0x00000193) addi gp, zero, 0
x3 <- 0x00000000


mem[X,0x80038180] -> 0x006F
mem[X,0x80038182] -> 0x00C0
[5056] [M]: 0x80038180 (0x00C0006F) jal zero, 12


mem[X,0x8003818C] -> 0x7063
mem[X,0x8003818E] -> 0x08B5
[5057] [M]: 0x8003818C (0x08B57063) bgeu a0, a1, 128


mem[X,0x8003820C] -> 0x8193
mem[X,0x8003820E] -> 0x0031
[5058] [M]: 0x8003820C (0x00318193) addi gp, gp, 3
x3 <- 0x00000003


mem[X,0x80038210] -> 0x006F
mem[X,0x80038212] -> 0x0040
[5059] [M]: 0x80038210 (0x0040006F) jal zero, 4


mem[X,0x80038214] -> 0x2423
mem[X,0x80038216] -> 0x0031
[5060] [M]: 0x80038214 (0x00312423) sw gp, 8(sp)
mem[0x8004B96C] <- 0x00000003


mem[X,0x80038218] -> 0x5537
mem[X,0x8003821A] -> 0x5555
[5061] [M]: 0x80038218 (0x55555537) lui a0, 349525
x10 <- 0x55555000


mem[X,0x8003821C] -> 0x0513
mem[X,0x8003821E] -> 0x5565
[5062] [M]: 0x8003821C (0x55650513) addi a0, a0, 1366
x10 <- 0x55555556


mem[X,0x80038220] -> 0x65B7
mem[X,0x80038222] -> 0x6666
[5063] [M]: 0x80038220 (0x666665B7) lui a1, 419430
x11 <- 0x66666000


mem[X,0x80038224] -> 0x8593
mem[X,0x80038226] -> 0x6655
[5064] [M]: 0x80038224 (0x66558593) addi a1, a1, 1637
x11 <- 0x66666665


mem[X,0x80038228] -> 0x0193
mem[X,0x8003822A] -> 0x0000
[5065] [M]: 0x80038228 (0x00000193) addi gp, zero, 0
x3 <- 0x00000000


mem[X,0x8003822C] -> 0x006F
mem[X,0x8003822E] -> 0x00C0
[5066] [M]: 0x8003822C (0x00C0006F) jal zero, 12


mem[X,0x80038238] -> 0x7063
mem[X,0x8003823A] -> 0x20B5
[5067] [M]: 0x80038238 (0x20B57063) bgeu a0, a1, 512


mem[X,0x8003823C] -> 0x8193
mem[X,0x8003823E] -> 0x0021
[5068] [M]: 0x8003823C (0x00218193) addi gp, gp, 2
x3 <- 0x00000002


mem[X,0x80038240] -> 0x006F
mem[X,0x80038242] -> 0x2000
[5069] [M]: 0x80038240 (0x2000006F) jal zero, 512


mem[X,0x80038440] -> 0x2623
mem[X,0x80038442] -> 0x0031
[5070] [M]: 0x80038440 (0x00312623) sw gp, 12(sp)
mem[0x8004B970] <- 0x00000002


mem[X,0x80038444] -> 0x5537
mem[X,0x80038446] -> 0x5555
[5071] [M]: 0x80038444 (0x55555537) lui a0, 349525
x10 <- 0x55555000


mem[X,0x80038448] -> 0x0513
mem[X,0x8003844A] -> 0x5565
[5072] [M]: 0x80038448 (0x55650513) addi a0, a0, 1366
x10 <- 0x55555556


mem[X,0x8003844C] -> 0xB5B7
mem[X,0x8003844E] -> 0x0000
[5073] [M]: 0x8003844C (0x0000B5B7) lui a1, 11
x11 <- 0x0000B000


mem[X,0x80038450] -> 0x8593
mem[X,0x80038452] -> 0x5035
[5074] [M]: 0x80038450 (0x50358593) addi a1, a1, 1283
x11 <- 0x0000B503


mem[X,0x80038454] -> 0x0193
mem[X,0x80038456] -> 0x0000
[5075] [M]: 0x80038454 (0x00000193) addi gp, zero, 0
x3 <- 0x00000000


mem[X,0x80038458] -> 0x006F
mem[X,0x8003845A] -> 0x0140
[5076] [M]: 0x80038458 (0x0140006F) jal zero, 20


mem[X,0x8003846C] -> 0x78E3
mem[X,0x8003846E] -> 0xFEB5
[5077] [M]: 0x8003846C (0xFEB578E3) bgeu a0, a1, 8176


mem[X,0x8003845C] -> 0x8193
mem[X,0x8003845E] -> 0x0011
[5078] [M]: 0x8003845C (0x00118193) addi gp, gp, 1
x3 <- 0x00000001


mem[X,0x80038460] -> 0x006F
mem[X,0x80038462] -> 0x0200
[5079] [M]: 0x80038460 (0x0200006F) jal zero, 32


mem[X,0x80038480] -> 0x2823
mem[X,0x80038482] -> 0x0031
[5080] [M]: 0x80038480 (0x00312823) sw gp, 16(sp)
mem[0x8004B974] <- 0x00000001


mem[X,0x80038484] -> 0x5537
mem[X,0x80038486] -> 0x5555
[5081] [M]: 0x80038484 (0x55555537) lui a0, 349525
x10 <- 0x55555000


mem[X,0x80038488] -> 0x0513
mem[X,0x8003848A] -> 0x5565
[5082] [M]: 0x80038488 (0x55650513) addi a0, a0, 1366
x10 <- 0x55555556


mem[X,0x8003848C] -> 0x05B7
mem[X,0x8003848E] -> 0x0001
[5083] [M]: 0x8003848C (0x000105B7) lui a1, 16
x11 <- 0x00010000


mem[X,0x80038490] -> 0x8593
mem[X,0x80038492] -> 0xFFE5
[5084] [M]: 0x80038490 (0xFFE58593) addi a1, a1, 4094
x11 <- 0x0000FFFE


mem[X,0x80038494] -> 0x0193
mem[X,0x80038496] -> 0x0000
[5085] [M]: 0x80038494 (0x00000193) addi gp, zero, 0
x3 <- 0x00000000


mem[X,0x80038498] -> 0x006F
mem[X,0x8003849A] -> 0x00C0
[5086] [M]: 0x80038498 (0x00C0006F) jal zero, 12


mem[X,0x800384A4] -> 0x7863
mem[X,0x800384A6] -> 0x00B5
[5087] [M]: 0x800384A4 (0x00B57863) bgeu a0, a1, 16


mem[X,0x800384B4] -> 0x8193
mem[X,0x800384B6] -> 0x0031
[5088] [M]: 0x800384B4 (0x00318193) addi gp, gp, 3
x3 <- 0x00000003


mem[X,0x800384B8] -> 0x006F
mem[X,0x800384BA] -> 0x0040
[5089] [M]: 0x800384B8 (0x0040006F) jal zero, 4


mem[X,0x800384BC] -> 0x2A23
mem[X,0x800384BE] -> 0x0031
[5090] [M]: 0x800384BC (0x00312A23) sw gp, 20(sp)
mem[0x8004B978] <- 0x00000003


mem[X,0x800384C0] -> 0x5537
mem[X,0x800384C2] -> 0x5555
[5091] [M]: 0x800384C0 (0x55555537) lui a0, 349525
x10 <- 0x55555000


mem[X,0x800384C4] -> 0x0513
mem[X,0x800384C6] -> 0x5565
[5092] [M]: 0x800384C4 (0x55650513) addi a0, a0, 1366
x10 <- 0x55555556


mem[X,0x800384C8] -> 0x55B7
mem[X,0x800384CA] -> 0x5555
[5093] [M]: 0x800384C8 (0x555555B7) lui a1, 349525
x11 <- 0x55555000


mem[X,0x800384CC] -> 0x8593
mem[X,0x800384CE] -> 0x5565
[5094] [M]: 0x800384CC (0x55658593) addi a1, a1, 1366
x11 <- 0x55555556


mem[X,0x800384D0] -> 0x0193
mem[X,0x800384D2] -> 0x0000
[5095] [M]: 0x800384D0 (0x00000193) addi gp, zero, 0
x3 <- 0x00000000


mem[X,0x800384D4] -> 0x006F
mem[X,0x800384D6] -> 0x00C0
[5096] [M]: 0x800384D4 (0x00C0006F) jal zero, 12


mem[X,0x800384E0] -> 0x7663
mem[X,0x800384E2] -> 0x00B5
[5097] [M]: 0x800384E0 (0x00B57663) bgeu a0, a1, 12


mem[X,0x800384EC] -> 0x8193
mem[X,0x800384EE] -> 0x0031
[5098] [M]: 0x800384EC (0x00318193) addi gp, gp, 3
x3 <- 0x00000003


mem[X,0x800384F0] -> 0x006F
mem[X,0x800384F2] -> 0x0040
[5099] [M]: 0x800384F0 (0x0040006F) jal zero, 4


clint::tick mtime <- 0x0000000000000033
 clint timer pending at mtime 0x0000000000000033
htif::tick 0x0000000000000000
mem[X,0x800384F4] -> 0x2C23
mem[X,0x800384F6] -> 0x0031
[5100] [M]: 0x800384F4 (0x00312C23) sw gp, 24(sp)
mem[0x8004B97C] <- 0x00000003


mem[X,0x800384F8] -> 0x5537
mem[X,0x800384FA] -> 0x5555
[5101] [M]: 0x800384F8 (0x55555537) lui a0, 349525
x10 <- 0x55555000


mem[X,0x800384FC] -> 0x0513
mem[X,0x800384FE] -> 0x5565
[5102] [M]: 0x800384FC (0x55650513) addi a0, a0, 1366
x10 <- 0x55555556


mem[X,0x80038500] -> 0xB5B7
mem[X,0x80038502] -> 0xAAAA
[5103] [M]: 0x80038500 (0xAAAAB5B7) lui a1, 699051
x11 <- 0xAAAAB000


mem[X,0x80038504] -> 0x8593
mem[X,0x80038506] -> 0xAAB5
[5104] [M]: 0x80038504 (0xAAB58593) addi a1, a1, 2731
x11 <- 0xAAAAAAAB


mem[X,0x80038508] -> 0x0193
mem[X,0x8003850A] -> 0x0000
[5105] [M]: 0x80038508 (0x00000193) addi gp, zero, 0
x3 <- 0x00000000


mem[X,0x8003850C] -> 0x006F
mem[X,0x8003850E] -> 0x2B10
[5106] [M]: 0x8003850C (0x2B10006F) jal zero, 2736


mem[X,0x80038FBC] -> 0x7A63
mem[X,0x80038FBE] -> 0xD4B5
[5107] [M]: 0x80038FBC (0xD4B57A63) bgeu a0, a1, 5460


mem[X,0x80038FC0] -> 0x8193
mem[X,0x80038FC2] -> 0x0021
[5108] [M]: 0x80038FC0 (0x00218193) addi gp, gp, 2
x3 <- 0x00000002


mem[X,0x80038FC4] -> 0x006F
mem[X,0x80038FC6] -> 0x00C0
[5109] [M]: 0x80038FC4 (0x00C0006F) jal zero, 12


mem[X,0x80038FD0] -> 0x2E23
mem[X,0x80038FD2] -> 0x0031
[5110] [M]: 0x80038FD0 (0x00312E23) sw gp, 28(sp)
mem[0x8004B980] <- 0x00000002


mem[X,0x80038FD4] -> 0x5537
mem[X,0x80038FD6] -> 0x5555
[5111] [M]: 0x80038FD4 (0x55555537) lui a0, 349525
x10 <- 0x55555000


mem[X,0x80038FD8] -> 0x0513
mem[X,0x80038FDA] -> 0x5565
[5112] [M]: 0x80038FD8 (0x55650513) addi a0, a0, 1366
x10 <- 0x55555556


mem[X,0x80038FDC] -> 0x0593
mem[X,0x80038FDE] -> 0x0060
[5113] [M]: 0x80038FDC (0x00600593) addi a1, zero, 6
x11 <- 0x00000006


mem[X,0x80038FE0] -> 0x0193
mem[X,0x80038FE2] -> 0x0000
[5114] [M]: 0x80038FE0 (0x00000193) addi gp, zero, 0
x3 <- 0x00000000


mem[X,0x80038FE4] -> 0x006F
mem[X,0x80038FE6] -> 0x0100
[5115] [M]: 0x80038FE4 (0x0100006F) jal zero, 16


mem[X,0x80038FF4] -> 0x7AE3
mem[X,0x80038FF6] -> 0xFEB5
[5116] [M]: 0x80038FF4 (0xFEB57AE3) bgeu a0, a1, 8180


mem[X,0x80038FE8] -> 0x8193
mem[X,0x80038FEA] -> 0x0011
[5117] [M]: 0x80038FE8 (0x00118193) addi gp, gp, 1
x3 <- 0x00000001


mem[X,0x80038FEC] -> 0x006F
mem[X,0x80038FEE] -> 0x01C0
[5118] [M]: 0x80038FEC (0x01C0006F) jal zero, 28


mem[X,0x80039008] -> 0x2023
mem[X,0x8003900A] -> 0x0231
[5119] [M]: 0x80039008 (0x02312023) sw gp, 32(sp)
mem[0x8004B984] <- 0x00000001


mem[X,0x8003900C] -> 0x5537
mem[X,0x8003900E] -> 0x5555
[5120] [M]: 0x8003900C (0x55555537) lui a0, 349525
x10 <- 0x55555000


mem[X,0x80039010] -> 0x0513
mem[X,0x80039012] -> 0x5565
[5121] [M]: 0x80039010 (0x55650513) addi a0, a0, 1366
x10 <- 0x55555556


mem[X,0x80039014] -> 0x35B7
mem[X,0x80039016] -> 0x3333
[5122] [M]: 0x80039014 (0x333335B7) lui a1, 209715
x11 <- 0x33333000


mem[X,0x80039018] -> 0x8593
mem[X,0x8003901A] -> 0x3345
[5123] [M]: 0x80039018 (0x33458593) addi a1, a1, 820
x11 <- 0x33333334


mem[X,0x8003901C] -> 0x0193
mem[X,0x8003901E] -> 0x0000
[5124] [M]: 0x8003901C (0x00000193) addi gp, zero, 0
x3 <- 0x00000000


mem[X,0x80039020] -> 0x006F
mem[X,0x80039022] -> 0x00C0
[5125] [M]: 0x80039020 (0x00C0006F) jal zero, 12


mem[X,0x8003902C] -> 0x7063
mem[X,0x8003902E] -> 0x20B5
[5126] [M]: 0x8003902C (0x20B57063) bgeu a0, a1, 512


mem[X,0x8003922C] -> 0x8193
mem[X,0x8003922E] -> 0x0031
[5127] [M]: 0x8003922C (0x00318193) addi gp, gp, 3
x3 <- 0x00000003


mem[X,0x80039230] -> 0x006F
mem[X,0x80039232] -> 0x0040
[5128] [M]: 0x80039230 (0x0040006F) jal zero, 4


mem[X,0x80039234] -> 0x2223
mem[X,0x80039236] -> 0x0231
[5129] [M]: 0x80039234 (0x02312223) sw gp, 36(sp)
mem[0x8004B988] <- 0x00000003


mem[X,0x80039238] -> 0x5537
mem[X,0x8003923A] -> 0x5555
[5130] [M]: 0x80039238 (0x55555537) lui a0, 349525
x10 <- 0x55555000


mem[X,0x8003923C] -> 0x0513
mem[X,0x8003923E] -> 0x5565
[5131] [M]: 0x8003923C (0x55650513) addi a0, a0, 1366
x10 <- 0x55555556


mem[X,0x80039240] -> 0x65B7
mem[X,0x80039242] -> 0x6666
[5132] [M]: 0x80039240 (0x666665B7) lui a1, 419430
x11 <- 0x66666000


mem[X,0x80039244] -> 0x8593
mem[X,0x80039246] -> 0x6675
[5133] [M]: 0x80039244 (0x66758593) addi a1, a1, 1639
x11 <- 0x66666667


mem[X,0x80039248] -> 0x0193
mem[X,0x8003924A] -> 0x0000
[5134] [M]: 0x80039248 (0x00000193) addi gp, zero, 0
x3 <- 0x00000000


mem[X,0x8003924C] -> 0x006F
mem[X,0x8003924E] -> 0x00C0
[5135] [M]: 0x8003924C (0x00C0006F) jal zero, 12


mem[X,0x80039258] -> 0x7663
mem[X,0x8003925A] -> 0x00B5
[5136] [M]: 0x80039258 (0x00B57663) bgeu a0, a1, 12


mem[X,0x8003925C] -> 0x8193
mem[X,0x8003925E] -> 0x0021
[5137] [M]: 0x8003925C (0x00218193) addi gp, gp, 2
x3 <- 0x00000002


mem[X,0x80039260] -> 0x006F
mem[X,0x80039262] -> 0x00C0
[5138] [M]: 0x80039260 (0x00C0006F) jal zero, 12


mem[X,0x8003926C] -> 0x2423
mem[X,0x8003926E] -> 0x0231
[5139] [M]: 0x8003926C (0x02312423) sw gp, 40(sp)
mem[0x8004B98C] <- 0x00000002


mem[X,0x80039270] -> 0x5537
mem[X,0x80039272] -> 0x5555
[5140] [M]: 0x80039270 (0x55555537) lui a0, 349525
x10 <- 0x55555000


mem[X,0x80039274] -> 0x0513
mem[X,0x80039276] -> 0x5565
[5141] [M]: 0x80039274 (0x55650513) addi a0, a0, 1366
x10 <- 0x55555556


mem[X,0x80039278] -> 0xB5B7
mem[X,0x8003927A] -> 0x0000
[5142] [M]: 0x80039278 (0x0000B5B7) lui a1, 11
x11 <- 0x0000B000


mem[X,0x8003927C] -> 0x8593
mem[X,0x8003927E] -> 0x5055
[5143] [M]: 0x8003927C (0x50558593) addi a1, a1, 1285
x11 <- 0x0000B505


mem[X,0x80039280] -> 0x0193
mem[X,0x80039282] -> 0x0000
[5144] [M]: 0x80039280 (0x00000193) addi gp, zero, 0
x3 <- 0x00000000


mem[X,0x80039284] -> 0x006F
mem[X,0x80039286] -> 0x00C0
[5145] [M]: 0x80039284 (0x00C0006F) jal zero, 12


mem[X,0x80039290] -> 0x7CE3
mem[X,0x80039292] -> 0xFEB5
[5146] [M]: 0x80039290 (0xFEB57CE3) bgeu a0, a1, 8184


mem[X,0x80039288] -> 0x8193
mem[X,0x8003928A] -> 0x0011
[5147] [M]: 0x80039288 (0x00118193) addi gp, gp, 1
x3 <- 0x00000001


mem[X,0x8003928C] -> 0x006F
mem[X,0x8003928E] -> 0x0180
[5148] [M]: 0x8003928C (0x0180006F) jal zero, 24


mem[X,0x800392A4] -> 0x2623
mem[X,0x800392A6] -> 0x0231
[5149] [M]: 0x800392A4 (0x02312623) sw gp, 44(sp)
mem[0x8004B990] <- 0x00000001


mem[X,0x800392A8] -> 0x5537
mem[X,0x800392AA] -> 0x5555
[5150] [M]: 0x800392A8 (0x55555537) lui a0, 349525
x10 <- 0x55555000


mem[X,0x800392AC] -> 0x0513
mem[X,0x800392AE] -> 0x5565
[5151] [M]: 0x800392AC (0x55650513) addi a0, a0, 1366
x10 <- 0x55555556


mem[X,0x800392B0] -> 0x0593
mem[X,0x800392B2] -> 0x0010
[5152] [M]: 0x800392B0 (0x00100593) addi a1, zero, 1
x11 <- 0x00000001


mem[X,0x800392B4] -> 0x0193
mem[X,0x800392B6] -> 0x0000
[5153] [M]: 0x800392B4 (0x00000193) addi gp, zero, 0
x3 <- 0x00000000


mem[X,0x800392B8] -> 0x006F
mem[X,0x800392BA] -> 0x00C0
[5154] [M]: 0x800392B8 (0x00C0006F) jal zero, 12


mem[X,0x800392C4] -> 0x7CE3
mem[X,0x800392C6] -> 0xFEB5
[5155] [M]: 0x800392C4 (0xFEB57CE3) bgeu a0, a1, 8184


mem[X,0x800392BC] -> 0x8193
mem[X,0x800392BE] -> 0x0011
[5156] [M]: 0x800392BC (0x00118193) addi gp, gp, 1
x3 <- 0x00000001


mem[X,0x800392C0] -> 0x006F
mem[X,0x800392C2] -> 0x0180
[5157] [M]: 0x800392C0 (0x0180006F) jal zero, 24


mem[X,0x800392D8] -> 0x2823
mem[X,0x800392DA] -> 0x0231
[5158] [M]: 0x800392D8 (0x02312823) sw gp, 48(sp)
mem[0x8004B994] <- 0x00000001


mem[X,0x800392DC] -> 0x5537
mem[X,0x800392DE] -> 0x5555
[5159] [M]: 0x800392DC (0x55555537) lui a0, 349525
x10 <- 0x55555000


mem[X,0x800392E0] -> 0x0513
mem[X,0x800392E2] -> 0x5565
[5160] [M]: 0x800392E0 (0x55650513) addi a0, a0, 1366
x10 <- 0x55555556


mem[X,0x800392E4] -> 0x05B7
mem[X,0x800392E6] -> 0x0001
[5161] [M]: 0x800392E4 (0x000105B7) lui a1, 16
x11 <- 0x00010000


mem[X,0x800392E8] -> 0x0193
mem[X,0x800392EA] -> 0x0000
[5162] [M]: 0x800392E8 (0x00000193) addi gp, zero, 0
x3 <- 0x00000000


mem[X,0x800392EC] -> 0x006F
mem[X,0x800392EE] -> 0x00C0
[5163] [M]: 0x800392EC (0x00C0006F) jal zero, 12


mem[X,0x800392F8] -> 0x7063
mem[X,0x800392FA] -> 0x02B5
[5164] [M]: 0x800392F8 (0x02B57063) bgeu a0, a1, 32


mem[X,0x80039318] -> 0x8193
mem[X,0x8003931A] -> 0x0031
[5165] [M]: 0x80039318 (0x00318193) addi gp, gp, 3
x3 <- 0x00000003


mem[X,0x8003931C] -> 0x006F
mem[X,0x8003931E] -> 0x0040
[5166] [M]: 0x8003931C (0x0040006F) jal zero, 4


mem[X,0x80039320] -> 0x2A23
mem[X,0x80039322] -> 0x0231
[5167] [M]: 0x80039320 (0x02312A23) sw gp, 52(sp)
mem[0x8004B998] <- 0x00000003


mem[X,0x80039324] -> 0xB537
mem[X,0x80039326] -> 0xAAAA
[5168] [M]: 0x80039324 (0xAAAAB537) lui a0, 699051
x10 <- 0xAAAAB000


mem[X,0x80039328] -> 0x0513
mem[X,0x8003932A] -> 0xAAB5
[5169] [M]: 0x80039328 (0xAAB50513) addi a0, a0, 2731
x10 <- 0xAAAAAAAB


mem[X,0x8003932C] -> 0x0593
mem[X,0x8003932E] -> 0x0030
[5170] [M]: 0x8003932C (0x00300593) addi a1, zero, 3
x11 <- 0x00000003


mem[X,0x80039330] -> 0x0193
mem[X,0x80039332] -> 0x0000
[5171] [M]: 0x80039330 (0x00000193) addi gp, zero, 0
x3 <- 0x00000000


mem[X,0x80039334] -> 0x006F
mem[X,0x80039336] -> 0x00C0
[5172] [M]: 0x80039334 (0x00C0006F) jal zero, 12


mem[X,0x80039340] -> 0x7063
mem[X,0x80039342] -> 0x08B5
[5173] [M]: 0x80039340 (0x08B57063) bgeu a0, a1, 128


mem[X,0x800393C0] -> 0x8193
mem[X,0x800393C2] -> 0x0031
[5174] [M]: 0x800393C0 (0x00318193) addi gp, gp, 3
x3 <- 0x00000003


mem[X,0x800393C4] -> 0x006F
mem[X,0x800393C6] -> 0x0040
[5175] [M]: 0x800393C4 (0x0040006F) jal zero, 4


mem[X,0x800393C8] -> 0x2C23
mem[X,0x800393CA] -> 0x0231
[5176] [M]: 0x800393C8 (0x02312C23) sw gp, 56(sp)
mem[0x8004B99C] <- 0x00000003


mem[X,0x800393CC] -> 0xB537
mem[X,0x800393CE] -> 0xAAAA
[5177] [M]: 0x800393CC (0xAAAAB537) lui a0, 699051
x10 <- 0xAAAAB000


mem[X,0x800393D0] -> 0x0513
mem[X,0x800393D2] -> 0xAAB5
[5178] [M]: 0x800393D0 (0xAAB50513) addi a0, a0, 2731
x10 <- 0xAAAAAAAB


mem[X,0x800393D4] -> 0x55B7
mem[X,0x800393D6] -> 0x5555
[5179] [M]: 0x800393D4 (0x555555B7) lui a1, 349525
x11 <- 0x55555000


mem[X,0x800393D8] -> 0x8593
mem[X,0x800393DA] -> 0x5555
[5180] [M]: 0x800393D8 (0x55558593) addi a1, a1, 1365
x11 <- 0x55555555


mem[X,0x800393DC] -> 0x0193
mem[X,0x800393DE] -> 0x0000
[5181] [M]: 0x800393DC (0x00000193) addi gp, zero, 0
x3 <- 0x00000000


mem[X,0x800393E0] -> 0x006F
mem[X,0x800393E2] -> 0x00C0
[5182] [M]: 0x800393E0 (0x00C0006F) jal zero, 12


mem[X,0x800393EC] -> 0x7063
mem[X,0x800393EE] -> 0x10B5
[5183] [M]: 0x800393EC (0x10B57063) bgeu a0, a1, 256


mem[X,0x800394EC] -> 0x8193
mem[X,0x800394EE] -> 0x0031
[5184] [M]: 0x800394EC (0x00318193) addi gp, gp, 3
x3 <- 0x00000003


mem[X,0x800394F0] -> 0x006F
mem[X,0x800394F2] -> 0x0040
[5185] [M]: 0x800394F0 (0x0040006F) jal zero, 4


mem[X,0x800394F4] -> 0x2E23
mem[X,0x800394F6] -> 0x0231
[5186] [M]: 0x800394F4 (0x02312E23) sw gp, 60(sp)
mem[0x8004B9A0] <- 0x00000003


mem[X,0x800394F8] -> 0xB537
mem[X,0x800394FA] -> 0xAAAA
[5187] [M]: 0x800394F8 (0xAAAAB537) lui a0, 699051
x10 <- 0xAAAAB000


mem[X,0x800394FC] -> 0x0513
mem[X,0x800394FE] -> 0xAAB5
[5188] [M]: 0x800394FC (0xAAB50513) addi a0, a0, 2731
x10 <- 0xAAAAAAAB


mem[X,0x80039500] -> 0xB5B7
mem[X,0x80039502] -> 0xAAAA
[5189] [M]: 0x80039500 (0xAAAAB5B7) lui a1, 699051
x11 <- 0xAAAAB000


mem[X,0x80039504] -> 0x8593
mem[X,0x80039506] -> 0xAAA5
[5190] [M]: 0x80039504 (0xAAA58593) addi a1, a1, 2730
x11 <- 0xAAAAAAAA


mem[X,0x80039508] -> 0x0193
mem[X,0x8003950A] -> 0x0000
[5191] [M]: 0x80039508 (0x00000193) addi gp, zero, 0
x3 <- 0x00000000


mem[X,0x8003950C] -> 0x006F
mem[X,0x8003950E] -> 0x00C0
[5192] [M]: 0x8003950C (0x00C0006F) jal zero, 12


mem[X,0x80039518] -> 0x7663
mem[X,0x8003951A] -> 0x00B5
[5193] [M]: 0x80039518 (0x00B57663) bgeu a0, a1, 12


mem[X,0x80039524] -> 0x8193
mem[X,0x80039526] -> 0x0031
[5194] [M]: 0x80039524 (0x00318193) addi gp, gp, 3
x3 <- 0x00000003


mem[X,0x80039528] -> 0x006F
mem[X,0x8003952A] -> 0x0040
[5195] [M]: 0x80039528 (0x0040006F) jal zero, 4


mem[X,0x8003952C] -> 0x2023
mem[X,0x8003952E] -> 0x0431
[5196] [M]: 0x8003952C (0x04312023) sw gp, 64(sp)
mem[0x8004B9A4] <- 0x00000003


mem[X,0x80039530] -> 0xB537
mem[X,0x80039532] -> 0xAAAA
[5197] [M]: 0x80039530 (0xAAAAB537) lui a0, 699051
x10 <- 0xAAAAB000


mem[X,0x80039534] -> 0x0513
mem[X,0x80039536] -> 0xAAB5
[5198] [M]: 0x80039534 (0xAAB50513) addi a0, a0, 2731
x10 <- 0xAAAAAAAB


mem[X,0x80039538] -> 0x0593
mem[X,0x8003953A] -> 0x0050
[5199] [M]: 0x80039538 (0x00500593) addi a1, zero, 5
x11 <- 0x00000005


clint::tick mtime <- 0x0000000000000034
 clint timer pending at mtime 0x0000000000000034
htif::tick 0x0000000000000000
mem[X,0x8003953C] -> 0x0193
mem[X,0x8003953E] -> 0x0000
[5200] [M]: 0x8003953C (0x00000193) addi gp, zero, 0
x3 <- 0x00000000


mem[X,0x80039540] -> 0x006F
mem[X,0x80039542] -> 0x00C0
[5201] [M]: 0x80039540 (0x00C0006F) jal zero, 12


mem[X,0x8003954C] -> 0x7063
mem[X,0x8003954E] -> 0x04B5
[5202] [M]: 0x8003954C (0x04B57063) bgeu a0, a1, 64


mem[X,0x8003958C] -> 0x8193
mem[X,0x8003958E] -> 0x0031
[5203] [M]: 0x8003958C (0x00318193) addi gp, gp, 3
x3 <- 0x00000003


mem[X,0x80039590] -> 0x006F
mem[X,0x80039592] -> 0x0040
[5204] [M]: 0x80039590 (0x0040006F) jal zero, 4


mem[X,0x80039594] -> 0x2223
mem[X,0x80039596] -> 0x0431
[5205] [M]: 0x80039594 (0x04312223) sw gp, 68(sp)
mem[0x8004B9A8] <- 0x00000003


mem[X,0x80039598] -> 0xB537
mem[X,0x8003959A] -> 0xAAAA
[5206] [M]: 0x80039598 (0xAAAAB537) lui a0, 699051
x10 <- 0xAAAAB000


mem[X,0x8003959C] -> 0x0513
mem[X,0x8003959E] -> 0xAAB5
[5207] [M]: 0x8003959C (0xAAB50513) addi a0, a0, 2731
x10 <- 0xAAAAAAAB


mem[X,0x800395A0] -> 0x35B7
mem[X,0x800395A2] -> 0x3333
[5208] [M]: 0x800395A0 (0x333335B7) lui a1, 209715
x11 <- 0x33333000


mem[X,0x800395A4] -> 0x8593
mem[X,0x800395A6] -> 0x3335
[5209] [M]: 0x800395A4 (0x33358593) addi a1, a1, 819
x11 <- 0x33333333


mem[X,0x800395A8] -> 0x0193
mem[X,0x800395AA] -> 0x0000
[5210] [M]: 0x800395A8 (0x00000193) addi gp, zero, 0
x3 <- 0x00000000


mem[X,0x800395AC] -> 0x006F
mem[X,0x800395AE] -> 0x00C0
[5211] [M]: 0x800395AC (0x00C0006F) jal zero, 12


mem[X,0x800395B8] -> 0x7063
mem[X,0x800395BA] -> 0x04B5
[5212] [M]: 0x800395B8 (0x04B57063) bgeu a0, a1, 64


mem[X,0x800395F8] -> 0x8193
mem[X,0x800395FA] -> 0x0031
[5213] [M]: 0x800395F8 (0x00318193) addi gp, gp, 3
x3 <- 0x00000003


mem[X,0x800395FC] -> 0x006F
mem[X,0x800395FE] -> 0x0040
[5214] [M]: 0x800395FC (0x0040006F) jal zero, 4


mem[X,0x80039600] -> 0x2423
mem[X,0x80039602] -> 0x0431
[5215] [M]: 0x80039600 (0x04312423) sw gp, 72(sp)
mem[0x8004B9AC] <- 0x00000003


mem[X,0x80039604] -> 0xB537
mem[X,0x80039606] -> 0xAAAA
[5216] [M]: 0x80039604 (0xAAAAB537) lui a0, 699051
x10 <- 0xAAAAB000


mem[X,0x80039608] -> 0x0513
mem[X,0x8003960A] -> 0xAAB5
[5217] [M]: 0x80039608 (0xAAB50513) addi a0, a0, 2731
x10 <- 0xAAAAAAAB


mem[X,0x8003960C] -> 0x65B7
mem[X,0x8003960E] -> 0x6666
[5218] [M]: 0x8003960C (0x666665B7) lui a1, 419430
x11 <- 0x66666000


mem[X,0x80039610] -> 0x8593
mem[X,0x80039612] -> 0x6665
[5219] [M]: 0x80039610 (0x66658593) addi a1, a1, 1638
x11 <- 0x66666666


mem[X,0x80039614] -> 0x0193
mem[X,0x80039616] -> 0x0000
[5220] [M]: 0x80039614 (0x00000193) addi gp, zero, 0
x3 <- 0x00000000


mem[X,0x80039618] -> 0x006F
mem[X,0x8003961A] -> 0x00C0
[5221] [M]: 0x80039618 (0x00C0006F) jal zero, 12


mem[X,0x80039624] -> 0x7663
mem[X,0x80039626] -> 0x00B5
[5222] [M]: 0x80039624 (0x00B57663) bgeu a0, a1, 12


mem[X,0x80039630] -> 0x8193
mem[X,0x80039632] -> 0x0031
[5223] [M]: 0x80039630 (0x00318193) addi gp, gp, 3
x3 <- 0x00000003


mem[X,0x80039634] -> 0x006F
mem[X,0x80039636] -> 0x0040
[5224] [M]: 0x80039634 (0x0040006F) jal zero, 4


mem[X,0x80039638] -> 0x2623
mem[X,0x8003963A] -> 0x0431
[5225] [M]: 0x80039638 (0x04312623) sw gp, 76(sp)
mem[0x8004B9B0] <- 0x00000003


mem[X,0x8003963C] -> 0xB537
mem[X,0x8003963E] -> 0xAAAA
[5226] [M]: 0x8003963C (0xAAAAB537) lui a0, 699051
x10 <- 0xAAAAB000


mem[X,0x80039640] -> 0x0513
mem[X,0x80039642] -> 0xAAB5
[5227] [M]: 0x80039640 (0xAAB50513) addi a0, a0, 2731
x10 <- 0xAAAAAAAB


mem[X,0x80039644] -> 0xB5B7
mem[X,0x80039646] -> 0x0000
[5228] [M]: 0x80039644 (0x0000B5B7) lui a1, 11
x11 <- 0x0000B000


mem[X,0x80039648] -> 0x8593
mem[X,0x8003964A] -> 0x5045
[5229] [M]: 0x80039648 (0x50458593) addi a1, a1, 1284
x11 <- 0x0000B504


mem[X,0x8003964C] -> 0x0193
mem[X,0x8003964E] -> 0x0000
[5230] [M]: 0x8003964C (0x00000193) addi gp, zero, 0
x3 <- 0x00000000


mem[X,0x80039650] -> 0x006F
mem[X,0x80039652] -> 0x00C0
[5231] [M]: 0x80039650 (0x00C0006F) jal zero, 12


mem[X,0x8003965C] -> 0x7063
mem[X,0x8003965E] -> 0x20B5
[5232] [M]: 0x8003965C (0x20B57063) bgeu a0, a1, 512


mem[X,0x8003985C] -> 0x8193
mem[X,0x8003985E] -> 0x0031
[5233] [M]: 0x8003985C (0x00318193) addi gp, gp, 3
x3 <- 0x00000003


mem[X,0x80039860] -> 0x006F
mem[X,0x80039862] -> 0x0040
[5234] [M]: 0x80039860 (0x0040006F) jal zero, 4


mem[X,0x80039864] -> 0x2823
mem[X,0x80039866] -> 0x0431
[5235] [M]: 0x80039864 (0x04312823) sw gp, 80(sp)
mem[0x8004B9B4] <- 0x00000003


mem[X,0x80039868] -> 0xB537
mem[X,0x8003986A] -> 0xAAAA
[5236] [M]: 0x80039868 (0xAAAAB537) lui a0, 699051
x10 <- 0xAAAAB000


mem[X,0x8003986C] -> 0x0513
mem[X,0x8003986E] -> 0xAAB5
[5237] [M]: 0x8003986C (0xAAB50513) addi a0, a0, 2731
x10 <- 0xAAAAAAAB


mem[X,0x80039870] -> 0x0593
mem[X,0x80039872] -> 0x0000
[5238] [M]: 0x80039870 (0x00000593) addi a1, zero, 0
x11 <- 0x00000000


mem[X,0x80039874] -> 0x0193
mem[X,0x80039876] -> 0x0000
[5239] [M]: 0x80039874 (0x00000193) addi gp, zero, 0
x3 <- 0x00000000


mem[X,0x80039878] -> 0x006F
mem[X,0x8003987A] -> 0x0050
[5240] [M]: 0x80039878 (0x0050006F) jal zero, 2052


mem[X,0x8003A07C] -> 0x70E3
mem[X,0x8003A07E] -> 0x80B5
[5241] [M]: 0x8003A07C (0x80B570E3) bgeu a0, a1, 6144


mem[X,0x8003987C] -> 0x8193
mem[X,0x8003987E] -> 0x0011
[5242] [M]: 0x8003987C (0x00118193) addi gp, gp, 1
x3 <- 0x00000001


mem[X,0x80039880] -> 0x006F
mem[X,0x80039882] -> 0x0110
[5243] [M]: 0x80039880 (0x0110006F) jal zero, 2064


mem[X,0x8003A090] -> 0x2A23
mem[X,0x8003A092] -> 0x0431
[5244] [M]: 0x8003A090 (0x04312A23) sw gp, 84(sp)
mem[0x8004B9B8] <- 0x00000001


mem[X,0x8003A094] -> 0xB537
mem[X,0x8003A096] -> 0xAAAA
[5245] [M]: 0x8003A094 (0xAAAAB537) lui a0, 699051
x10 <- 0xAAAAB000


mem[X,0x8003A098] -> 0x0513
mem[X,0x8003A09A] -> 0xAAB5
[5246] [M]: 0x8003A098 (0xAAB50513) addi a0, a0, 2731
x10 <- 0xAAAAAAAB


mem[X,0x8003A09C] -> 0x05B7
mem[X,0x8003A09E] -> 0x0001
[5247] [M]: 0x8003A09C (0x000105B7) lui a1, 16
x11 <- 0x00010000


mem[X,0x8003A0A0] -> 0x8593
mem[X,0x8003A0A2] -> 0xFFF5
[5248] [M]: 0x8003A0A0 (0xFFF58593) addi a1, a1, 4095
x11 <- 0x0000FFFF


mem[X,0x8003A0A4] -> 0x0193
mem[X,0x8003A0A6] -> 0x0000
[5249] [M]: 0x8003A0A4 (0x00000193) addi gp, zero, 0
x3 <- 0x00000000


mem[X,0x8003A0A8] -> 0x006F
mem[X,0x8003A0AA] -> 0x00C0
[5250] [M]: 0x8003A0A8 (0x00C0006F) jal zero, 12


mem[X,0x8003A0B4] -> 0x7CE3
mem[X,0x8003A0B6] -> 0xFEB5
[5251] [M]: 0x8003A0B4 (0xFEB57CE3) bgeu a0, a1, 8184


mem[X,0x8003A0AC] -> 0x8193
mem[X,0x8003A0AE] -> 0x0011
[5252] [M]: 0x8003A0AC (0x00118193) addi gp, gp, 1
x3 <- 0x00000001


mem[X,0x8003A0B0] -> 0x006F
mem[X,0x8003A0B2] -> 0x0180
[5253] [M]: 0x8003A0B0 (0x0180006F) jal zero, 24


mem[X,0x8003A0C8] -> 0x2C23
mem[X,0x8003A0CA] -> 0x0431
[5254] [M]: 0x8003A0C8 (0x04312C23) sw gp, 88(sp)
mem[0x8004B9BC] <- 0x00000001


mem[X,0x8003A0CC] -> 0xB537
mem[X,0x8003A0CE] -> 0xAAAA
[5255] [M]: 0x8003A0CC (0xAAAAB537) lui a0, 699051
x10 <- 0xAAAAB000


mem[X,0x8003A0D0] -> 0x0513
mem[X,0x8003A0D2] -> 0xAAB5
[5256] [M]: 0x8003A0D0 (0xAAB50513) addi a0, a0, 2731
x10 <- 0xAAAAAAAB


mem[X,0x8003A0D4] -> 0x0593
mem[X,0x8003A0D6] -> 0x0020
[5257] [M]: 0x8003A0D4 (0x00200593) addi a1, zero, 2
x11 <- 0x00000002


mem[X,0x8003A0D8] -> 0x0193
mem[X,0x8003A0DA] -> 0x0000
[5258] [M]: 0x8003A0D8 (0x00000193) addi gp, zero, 0
x3 <- 0x00000000


mem[X,0x8003A0DC] -> 0x006F
mem[X,0x8003A0DE] -> 0x00C0
[5259] [M]: 0x8003A0DC (0x00C0006F) jal zero, 12


mem[X,0x8003A0E8] -> 0x7063
mem[X,0x8003A0EA] -> 0x40B5
[5260] [M]: 0x8003A0E8 (0x40B57063) bgeu a0, a1, 1024


mem[X,0x8003A4E8] -> 0x8193
mem[X,0x8003A4EA] -> 0x0031
[5261] [M]: 0x8003A4E8 (0x00318193) addi gp, gp, 3
x3 <- 0x00000003


mem[X,0x8003A4EC] -> 0x006F
mem[X,0x8003A4EE] -> 0x0040
[5262] [M]: 0x8003A4EC (0x0040006F) jal zero, 4


mem[X,0x8003A4F0] -> 0x2E23
mem[X,0x8003A4F2] -> 0x0431
[5263] [M]: 0x8003A4F0 (0x04312E23) sw gp, 92(sp)
mem[0x8004B9C0] <- 0x00000003


mem[X,0x8003A4F4] -> 0xB537
mem[X,0x8003A4F6] -> 0xAAAA
[5264] [M]: 0x8003A4F4 (0xAAAAB537) lui a0, 699051
x10 <- 0xAAAAB000


mem[X,0x8003A4F8] -> 0x0513
mem[X,0x8003A4FA] -> 0xAAB5
[5265] [M]: 0x8003A4F8 (0xAAB50513) addi a0, a0, 2731
x10 <- 0xAAAAAAAB


mem[X,0x8003A4FC] -> 0x55B7
mem[X,0x8003A4FE] -> 0x5555
[5266] [M]: 0x8003A4FC (0x555555B7) lui a1, 349525
x11 <- 0x55555000


mem[X,0x8003A500] -> 0x8593
mem[X,0x8003A502] -> 0x5545
[5267] [M]: 0x8003A500 (0x55458593) addi a1, a1, 1364
x11 <- 0x55555554


mem[X,0x8003A504] -> 0x0193
mem[X,0x8003A506] -> 0x0000
[5268] [M]: 0x8003A504 (0x00000193) addi gp, zero, 0
x3 <- 0x00000000


mem[X,0x8003A508] -> 0x006F
mem[X,0x8003A50A] -> 0x00C0
[5269] [M]: 0x8003A508 (0x00C0006F) jal zero, 12


mem[X,0x8003A514] -> 0x7CE3
mem[X,0x8003A516] -> 0xFEB5
[5270] [M]: 0x8003A514 (0xFEB57CE3) bgeu a0, a1, 8184


mem[X,0x8003A50C] -> 0x8193
mem[X,0x8003A50E] -> 0x0011
[5271] [M]: 0x8003A50C (0x00118193) addi gp, gp, 1
x3 <- 0x00000001


mem[X,0x8003A510] -> 0x006F
mem[X,0x8003A512] -> 0x0180
[5272] [M]: 0x8003A510 (0x0180006F) jal zero, 24


mem[X,0x8003A528] -> 0x2023
mem[X,0x8003A52A] -> 0x0631
[5273] [M]: 0x8003A528 (0x06312023) sw gp, 96(sp)
mem[0x8004B9C4] <- 0x00000001


mem[X,0x8003A52C] -> 0xB537
mem[X,0x8003A52E] -> 0xAAAA
[5274] [M]: 0x8003A52C (0xAAAAB537) lui a0, 699051
x10 <- 0xAAAAB000


mem[X,0x8003A530] -> 0x0513
mem[X,0x8003A532] -> 0xAAB5
[5275] [M]: 0x8003A530 (0xAAB50513) addi a0, a0, 2731
x10 <- 0xAAAAAAAB


mem[X,0x8003A534] -> 0xB5B7
mem[X,0x8003A536] -> 0xAAAA
[5276] [M]: 0x8003A534 (0xAAAAB5B7) lui a1, 699051
x11 <- 0xAAAAB000


mem[X,0x8003A538] -> 0x8593
mem[X,0x8003A53A] -> 0xAA95
[5277] [M]: 0x8003A538 (0xAA958593) addi a1, a1, 2729
x11 <- 0xAAAAAAA9


mem[X,0x8003A53C] -> 0x0193
mem[X,0x8003A53E] -> 0x0000
[5278] [M]: 0x8003A53C (0x00000193) addi gp, zero, 0
x3 <- 0x00000000


mem[X,0x8003A540] -> 0x006F
mem[X,0x8003A542] -> 0x00C0
[5279] [M]: 0x8003A540 (0x00C0006F) jal zero, 12


mem[X,0x8003A54C] -> 0x7063
mem[X,0x8003A54E] -> 0x08B5
[5280] [M]: 0x8003A54C (0x08B57063) bgeu a0, a1, 128


mem[X,0x8003A5CC] -> 0x8193
mem[X,0x8003A5CE] -> 0x0031
[5281] [M]: 0x8003A5CC (0x00318193) addi gp, gp, 3
x3 <- 0x00000003


mem[X,0x8003A5D0] -> 0x006F
mem[X,0x8003A5D2] -> 0x0040
[5282] [M]: 0x8003A5D0 (0x0040006F) jal zero, 4


mem[X,0x8003A5D4] -> 0x2223
mem[X,0x8003A5D6] -> 0x0631
[5283] [M]: 0x8003A5D4 (0x06312223) sw gp, 100(sp)
mem[0x8004B9C8] <- 0x00000003


mem[X,0x8003A5D8] -> 0xB537
mem[X,0x8003A5DA] -> 0xAAAA
[5284] [M]: 0x8003A5D8 (0xAAAAB537) lui a0, 699051
x10 <- 0xAAAAB000


mem[X,0x8003A5DC] -> 0x0513
mem[X,0x8003A5DE] -> 0xAAB5
[5285] [M]: 0x8003A5DC (0xAAB50513) addi a0, a0, 2731
x10 <- 0xAAAAAAAB


mem[X,0x8003A5E0] -> 0x35B7
mem[X,0x8003A5E2] -> 0x3333
[5286] [M]: 0x8003A5E0 (0x333335B7) lui a1, 209715
x11 <- 0x33333000


mem[X,0x8003A5E4] -> 0x8593
mem[X,0x8003A5E6] -> 0x3325
[5287] [M]: 0x8003A5E4 (0x33258593) addi a1, a1, 818
x11 <- 0x33333332


mem[X,0x8003A5E8] -> 0x0193
mem[X,0x8003A5EA] -> 0x0000
[5288] [M]: 0x8003A5E8 (0x00000193) addi gp, zero, 0
x3 <- 0x00000000


mem[X,0x8003A5EC] -> 0x006F
mem[X,0x8003A5EE] -> 0x00C0
[5289] [M]: 0x8003A5EC (0x00C0006F) jal zero, 12


mem[X,0x8003A5F8] -> 0x7663
mem[X,0x8003A5FA] -> 0x00B5
[5290] [M]: 0x8003A5F8 (0x00B57663) bgeu a0, a1, 12


mem[X,0x8003A604] -> 0x8193
mem[X,0x8003A606] -> 0x0031
[5291] [M]: 0x8003A604 (0x00318193) addi gp, gp, 3
x3 <- 0x00000003


mem[X,0x8003A608] -> 0x006F
mem[X,0x8003A60A] -> 0x0040
[5292] [M]: 0x8003A608 (0x0040006F) jal zero, 4


mem[X,0x8003A60C] -> 0x2423
mem[X,0x8003A60E] -> 0x0631
[5293] [M]: 0x8003A60C (0x06312423) sw gp, 104(sp)
mem[0x8004B9CC] <- 0x00000003


mem[X,0x8003A610] -> 0xB537
mem[X,0x8003A612] -> 0xAAAA
[5294] [M]: 0x8003A610 (0xAAAAB537) lui a0, 699051
x10 <- 0xAAAAB000


mem[X,0x8003A614] -> 0x0513
mem[X,0x8003A616] -> 0xAAB5
[5295] [M]: 0x8003A614 (0xAAB50513) addi a0, a0, 2731
x10 <- 0xAAAAAAAB


mem[X,0x8003A618] -> 0x65B7
mem[X,0x8003A61A] -> 0x6666
[5296] [M]: 0x8003A618 (0x666665B7) lui a1, 419430
x11 <- 0x66666000


mem[X,0x8003A61C] -> 0x8593
mem[X,0x8003A61E] -> 0x6655
[5297] [M]: 0x8003A61C (0x66558593) addi a1, a1, 1637
x11 <- 0x66666665


mem[X,0x8003A620] -> 0x0193
mem[X,0x8003A622] -> 0x0000
[5298] [M]: 0x8003A620 (0x00000193) addi gp, zero, 0
x3 <- 0x00000000


mem[X,0x8003A624] -> 0x006F
mem[X,0x8003A626] -> 0x00C0
[5299] [M]: 0x8003A624 (0x00C0006F) jal zero, 12


clint::tick mtime <- 0x0000000000000035
 clint timer pending at mtime 0x0000000000000035
htif::tick 0x0000000000000000
mem[X,0x8003A630] -> 0x7063
mem[X,0x8003A632] -> 0x08B5
[5300] [M]: 0x8003A630 (0x08B57063) bgeu a0, a1, 128


mem[X,0x8003A6B0] -> 0x8193
mem[X,0x8003A6B2] -> 0x0031
[5301] [M]: 0x8003A6B0 (0x00318193) addi gp, gp, 3
x3 <- 0x00000003


mem[X,0x8003A6B4] -> 0x006F
mem[X,0x8003A6B6] -> 0x0040
[5302] [M]: 0x8003A6B4 (0x0040006F) jal zero, 4


mem[X,0x8003A6B8] -> 0x2623
mem[X,0x8003A6BA] -> 0x0631
[5303] [M]: 0x8003A6B8 (0x06312623) sw gp, 108(sp)
mem[0x8004B9D0] <- 0x00000003


mem[X,0x8003A6BC] -> 0xB537
mem[X,0x8003A6BE] -> 0xAAAA
[5304] [M]: 0x8003A6BC (0xAAAAB537) lui a0, 699051
x10 <- 0xAAAAB000


mem[X,0x8003A6C0] -> 0x0513
mem[X,0x8003A6C2] -> 0xAAB5
[5305] [M]: 0x8003A6C0 (0xAAB50513) addi a0, a0, 2731
x10 <- 0xAAAAAAAB


mem[X,0x8003A6C4] -> 0xB5B7
mem[X,0x8003A6C6] -> 0x0000
[5306] [M]: 0x8003A6C4 (0x0000B5B7) lui a1, 11
x11 <- 0x0000B000


mem[X,0x8003A6C8] -> 0x8593
mem[X,0x8003A6CA] -> 0x5035
[5307] [M]: 0x8003A6C8 (0x50358593) addi a1, a1, 1283
x11 <- 0x0000B503


mem[X,0x8003A6CC] -> 0x0193
mem[X,0x8003A6CE] -> 0x0000
[5308] [M]: 0x8003A6CC (0x00000193) addi gp, zero, 0
x3 <- 0x00000000


mem[X,0x8003A6D0] -> 0x006F
mem[X,0x8003A6D2] -> 0x0100
[5309] [M]: 0x8003A6D0 (0x0100006F) jal zero, 16


mem[X,0x8003A6E0] -> 0x7AE3
mem[X,0x8003A6E2] -> 0xFEB5
[5310] [M]: 0x8003A6E0 (0xFEB57AE3) bgeu a0, a1, 8180


mem[X,0x8003A6D4] -> 0x8193
mem[X,0x8003A6D6] -> 0x0011
[5311] [M]: 0x8003A6D4 (0x00118193) addi gp, gp, 1
x3 <- 0x00000001


mem[X,0x8003A6D8] -> 0x006F
mem[X,0x8003A6DA] -> 0x01C0
[5312] [M]: 0x8003A6D8 (0x01C0006F) jal zero, 28


mem[X,0x8003A6F4] -> 0x2823
mem[X,0x8003A6F6] -> 0x0631
[5313] [M]: 0x8003A6F4 (0x06312823) sw gp, 112(sp)
mem[0x8004B9D4] <- 0x00000001


mem[X,0x8003A6F8] -> 0xB537
mem[X,0x8003A6FA] -> 0xAAAA
[5314] [M]: 0x8003A6F8 (0xAAAAB537) lui a0, 699051
x10 <- 0xAAAAB000


mem[X,0x8003A6FC] -> 0x0513
mem[X,0x8003A6FE] -> 0xAAB5
[5315] [M]: 0x8003A6FC (0xAAB50513) addi a0, a0, 2731
x10 <- 0xAAAAAAAB


mem[X,0x8003A700] -> 0x05B7
mem[X,0x8003A702] -> 0x0001
[5316] [M]: 0x8003A700 (0x000105B7) lui a1, 16
x11 <- 0x00010000


mem[X,0x8003A704] -> 0x8593
mem[X,0x8003A706] -> 0xFFE5
[5317] [M]: 0x8003A704 (0xFFE58593) addi a1, a1, 4094
x11 <- 0x0000FFFE


mem[X,0x8003A708] -> 0x0193
mem[X,0x8003A70A] -> 0x0000
[5318] [M]: 0x8003A708 (0x00000193) addi gp, zero, 0
x3 <- 0x00000000


mem[X,0x8003A70C] -> 0x006F
mem[X,0x8003A70E] -> 0x00C0
[5319] [M]: 0x8003A70C (0x00C0006F) jal zero, 12


mem[X,0x8003A718] -> 0x7CE3
mem[X,0x8003A71A] -> 0xFEB5
[5320] [M]: 0x8003A718 (0xFEB57CE3) bgeu a0, a1, 8184


mem[X,0x8003A710] -> 0x8193
mem[X,0x8003A712] -> 0x0011
[5321] [M]: 0x8003A710 (0x00118193) addi gp, gp, 1
x3 <- 0x00000001


mem[X,0x8003A714] -> 0x006F
mem[X,0x8003A716] -> 0x0180
[5322] [M]: 0x8003A714 (0x0180006F) jal zero, 24


mem[X,0x8003A72C] -> 0x2A23
mem[X,0x8003A72E] -> 0x0631
[5323] [M]: 0x8003A72C (0x06312A23) sw gp, 116(sp)
mem[0x8004B9D8] <- 0x00000001


mem[X,0x8003A730] -> 0xB537
mem[X,0x8003A732] -> 0xAAAA
[5324] [M]: 0x8003A730 (0xAAAAB537) lui a0, 699051
x10 <- 0xAAAAB000


mem[X,0x8003A734] -> 0x0513
mem[X,0x8003A736] -> 0xAAB5
[5325] [M]: 0x8003A734 (0xAAB50513) addi a0, a0, 2731
x10 <- 0xAAAAAAAB


mem[X,0x8003A738] -> 0x55B7
mem[X,0x8003A73A] -> 0x5555
[5326] [M]: 0x8003A738 (0x555555B7) lui a1, 349525
x11 <- 0x55555000


mem[X,0x8003A73C] -> 0x8593
mem[X,0x8003A73E] -> 0x5565
[5327] [M]: 0x8003A73C (0x55658593) addi a1, a1, 1366
x11 <- 0x55555556


mem[X,0x8003A740] -> 0x0193
mem[X,0x8003A742] -> 0x0000
[5328] [M]: 0x8003A740 (0x00000193) addi gp, zero, 0
x3 <- 0x00000000


mem[X,0x8003A744] -> 0x006F
mem[X,0x8003A746] -> 0x0180
[5329] [M]: 0x8003A744 (0x0180006F) jal zero, 24


mem[X,0x8003A75C] -> 0x76E3
mem[X,0x8003A75E] -> 0xFEB5
[5330] [M]: 0x8003A75C (0xFEB576E3) bgeu a0, a1, 8172


mem[X,0x8003A748] -> 0x8193
mem[X,0x8003A74A] -> 0x0011
[5331] [M]: 0x8003A748 (0x00118193) addi gp, gp, 1
x3 <- 0x00000001


mem[X,0x8003A74C] -> 0x006F
mem[X,0x8003A74E] -> 0x0240
[5332] [M]: 0x8003A74C (0x0240006F) jal zero, 36


mem[X,0x8003A770] -> 0x2C23
mem[X,0x8003A772] -> 0x0631
[5333] [M]: 0x8003A770 (0x06312C23) sw gp, 120(sp)
mem[0x8004B9DC] <- 0x00000001


mem[X,0x8003A774] -> 0xB537
mem[X,0x8003A776] -> 0xAAAA
[5334] [M]: 0x8003A774 (0xAAAAB537) lui a0, 699051
x10 <- 0xAAAAB000


mem[X,0x8003A778] -> 0x0513
mem[X,0x8003A77A] -> 0xAAB5
[5335] [M]: 0x8003A778 (0xAAB50513) addi a0, a0, 2731
x10 <- 0xAAAAAAAB


mem[X,0x8003A77C] -> 0xB5B7
mem[X,0x8003A77E] -> 0xAAAA
[5336] [M]: 0x8003A77C (0xAAAAB5B7) lui a1, 699051
x11 <- 0xAAAAB000


mem[X,0x8003A780] -> 0x8593
mem[X,0x8003A782] -> 0xAAB5
[5337] [M]: 0x8003A780 (0xAAB58593) addi a1, a1, 2731
x11 <- 0xAAAAAAAB


mem[X,0x8003A784] -> 0x0193
mem[X,0x8003A786] -> 0x0000
[5338] [M]: 0x8003A784 (0x00000193) addi gp, zero, 0
x3 <- 0x00000000


mem[X,0x8003A788] -> 0x006F
mem[X,0x8003A78A] -> 0x00C0
[5339] [M]: 0x8003A788 (0x00C0006F) jal zero, 12


mem[X,0x8003A794] -> 0x7063
mem[X,0x8003A796] -> 0x10B5
[5340] [M]: 0x8003A794 (0x10B57063) bgeu a0, a1, 256


mem[X,0x8003A894] -> 0x8193
mem[X,0x8003A896] -> 0x0031
[5341] [M]: 0x8003A894 (0x00318193) addi gp, gp, 3
x3 <- 0x00000003


mem[X,0x8003A898] -> 0x006F
mem[X,0x8003A89A] -> 0x0040
[5342] [M]: 0x8003A898 (0x0040006F) jal zero, 4


mem[X,0x8003A89C] -> 0x2E23
mem[X,0x8003A89E] -> 0x0631
[5343] [M]: 0x8003A89C (0x06312E23) sw gp, 124(sp)
mem[0x8004B9E0] <- 0x00000003


mem[X,0x8003A8A0] -> 0xB537
mem[X,0x8003A8A2] -> 0xAAAA
[5344] [M]: 0x8003A8A0 (0xAAAAB537) lui a0, 699051
x10 <- 0xAAAAB000


mem[X,0x8003A8A4] -> 0x0513
mem[X,0x8003A8A6] -> 0xAAB5
[5345] [M]: 0x8003A8A4 (0xAAB50513) addi a0, a0, 2731
x10 <- 0xAAAAAAAB


mem[X,0x8003A8A8] -> 0x0593
mem[X,0x8003A8AA] -> 0x0060
[5346] [M]: 0x8003A8A8 (0x00600593) addi a1, zero, 6
x11 <- 0x00000006


mem[X,0x8003A8AC] -> 0x0193
mem[X,0x8003A8AE] -> 0x0000
[5347] [M]: 0x8003A8AC (0x00000193) addi gp, zero, 0
x3 <- 0x00000000


mem[X,0x8003A8B0] -> 0x006F
mem[X,0x8003A8B2] -> 0x0180
[5348] [M]: 0x8003A8B0 (0x0180006F) jal zero, 24


mem[X,0x8003A8C8] -> 0x76E3
mem[X,0x8003A8CA] -> 0xFEB5
[5349] [M]: 0x8003A8C8 (0xFEB576E3) bgeu a0, a1, 8172


mem[X,0x8003A8B4] -> 0x8193
mem[X,0x8003A8B6] -> 0x0011
[5350] [M]: 0x8003A8B4 (0x00118193) addi gp, gp, 1
x3 <- 0x00000001


mem[X,0x8003A8B8] -> 0x006F
mem[X,0x8003A8BA] -> 0x0240
[5351] [M]: 0x8003A8B8 (0x0240006F) jal zero, 36


mem[X,0x8003A8DC] -> 0x2023
mem[X,0x8003A8DE] -> 0x0831
[5352] [M]: 0x8003A8DC (0x08312023) sw gp, 128(sp)
mem[0x8004B9E4] <- 0x00000001


mem[X,0x8003A8E0] -> 0xB537
mem[X,0x8003A8E2] -> 0xAAAA
[5353] [M]: 0x8003A8E0 (0xAAAAB537) lui a0, 699051
x10 <- 0xAAAAB000


mem[X,0x8003A8E4] -> 0x0513
mem[X,0x8003A8E6] -> 0xAAB5
[5354] [M]: 0x8003A8E4 (0xAAB50513) addi a0, a0, 2731
x10 <- 0xAAAAAAAB


mem[X,0x8003A8E8] -> 0x35B7
mem[X,0x8003A8EA] -> 0x3333
[5355] [M]: 0x8003A8E8 (0x333335B7) lui a1, 209715
x11 <- 0x33333000


mem[X,0x8003A8EC] -> 0x8593
mem[X,0x8003A8EE] -> 0x3345
[5356] [M]: 0x8003A8EC (0x33458593) addi a1, a1, 820
x11 <- 0x33333334


mem[X,0x8003A8F0] -> 0x0193
mem[X,0x8003A8F2] -> 0x0000
[5357] [M]: 0x8003A8F0 (0x00000193) addi gp, zero, 0
x3 <- 0x00000000


mem[X,0x8003A8F4] -> 0x006F
mem[X,0x8003A8F6] -> 0x00C0
[5358] [M]: 0x8003A8F4 (0x00C0006F) jal zero, 12


mem[X,0x8003A900] -> 0x7063
mem[X,0x8003A902] -> 0x40B5
[5359] [M]: 0x8003A900 (0x40B57063) bgeu a0, a1, 1024


mem[X,0x8003AD00] -> 0x8193
mem[X,0x8003AD02] -> 0x0031
[5360] [M]: 0x8003AD00 (0x00318193) addi gp, gp, 3
x3 <- 0x00000003


mem[X,0x8003AD04] -> 0x006F
mem[X,0x8003AD06] -> 0x0040
[5361] [M]: 0x8003AD04 (0x0040006F) jal zero, 4


mem[X,0x8003AD08] -> 0x2223
mem[X,0x8003AD0A] -> 0x0831
[5362] [M]: 0x8003AD08 (0x08312223) sw gp, 132(sp)
mem[0x8004B9E8] <- 0x00000003


mem[X,0x8003AD0C] -> 0xB537
mem[X,0x8003AD0E] -> 0xAAAA
[5363] [M]: 0x8003AD0C (0xAAAAB537) lui a0, 699051
x10 <- 0xAAAAB000


mem[X,0x8003AD10] -> 0x0513
mem[X,0x8003AD12] -> 0xAAB5
[5364] [M]: 0x8003AD10 (0xAAB50513) addi a0, a0, 2731
x10 <- 0xAAAAAAAB


mem[X,0x8003AD14] -> 0x65B7
mem[X,0x8003AD16] -> 0x6666
[5365] [M]: 0x8003AD14 (0x666665B7) lui a1, 419430
x11 <- 0x66666000


mem[X,0x8003AD18] -> 0x8593
mem[X,0x8003AD1A] -> 0x6675
[5366] [M]: 0x8003AD18 (0x66758593) addi a1, a1, 1639
x11 <- 0x66666667


mem[X,0x8003AD1C] -> 0x0193
mem[X,0x8003AD1E] -> 0x0000
[5367] [M]: 0x8003AD1C (0x00000193) addi gp, zero, 0
x3 <- 0x00000000


mem[X,0x8003AD20] -> 0x006F
mem[X,0x8003AD22] -> 0x00C0
[5368] [M]: 0x8003AD20 (0x00C0006F) jal zero, 12


mem[X,0x8003AD2C] -> 0x7063
mem[X,0x8003AD2E] -> 0x04B5
[5369] [M]: 0x8003AD2C (0x04B57063) bgeu a0, a1, 64


mem[X,0x8003AD6C] -> 0x8193
mem[X,0x8003AD6E] -> 0x0031
[5370] [M]: 0x8003AD6C (0x00318193) addi gp, gp, 3
x3 <- 0x00000003


mem[X,0x8003AD70] -> 0x006F
mem[X,0x8003AD72] -> 0x0040
[5371] [M]: 0x8003AD70 (0x0040006F) jal zero, 4


mem[X,0x8003AD74] -> 0x2423
mem[X,0x8003AD76] -> 0x0831
[5372] [M]: 0x8003AD74 (0x08312423) sw gp, 136(sp)
mem[0x8004B9EC] <- 0x00000003


mem[X,0x8003AD78] -> 0xB537
mem[X,0x8003AD7A] -> 0xAAAA
[5373] [M]: 0x8003AD78 (0xAAAAB537) lui a0, 699051
x10 <- 0xAAAAB000


mem[X,0x8003AD7C] -> 0x0513
mem[X,0x8003AD7E] -> 0xAAB5
[5374] [M]: 0x8003AD7C (0xAAB50513) addi a0, a0, 2731
x10 <- 0xAAAAAAAB


mem[X,0x8003AD80] -> 0xB5B7
mem[X,0x8003AD82] -> 0x0000
[5375] [M]: 0x8003AD80 (0x0000B5B7) lui a1, 11
x11 <- 0x0000B000


mem[X,0x8003AD84] -> 0x8593
mem[X,0x8003AD86] -> 0x5055
[5376] [M]: 0x8003AD84 (0x50558593) addi a1, a1, 1285
x11 <- 0x0000B505


mem[X,0x8003AD88] -> 0x0193
mem[X,0x8003AD8A] -> 0x0000
[5377] [M]: 0x8003AD88 (0x00000193) addi gp, zero, 0
x3 <- 0x00000000


mem[X,0x8003AD8C] -> 0x006F
mem[X,0x8003AD8E] -> 0x0180
[5378] [M]: 0x8003AD8C (0x0180006F) jal zero, 24


mem[X,0x8003ADA4] -> 0x76E3
mem[X,0x8003ADA6] -> 0xFEB5
[5379] [M]: 0x8003ADA4 (0xFEB576E3) bgeu a0, a1, 8172


mem[X,0x8003AD90] -> 0x8193
mem[X,0x8003AD92] -> 0x0011
[5380] [M]: 0x8003AD90 (0x00118193) addi gp, gp, 1
x3 <- 0x00000001


mem[X,0x8003AD94] -> 0x006F
mem[X,0x8003AD96] -> 0x0240
[5381] [M]: 0x8003AD94 (0x0240006F) jal zero, 36


mem[X,0x8003ADB8] -> 0x2623
mem[X,0x8003ADBA] -> 0x0831
[5382] [M]: 0x8003ADB8 (0x08312623) sw gp, 140(sp)
mem[0x8004B9F0] <- 0x00000001


mem[X,0x8003ADBC] -> 0xB537
mem[X,0x8003ADBE] -> 0xAAAA
[5383] [M]: 0x8003ADBC (0xAAAAB537) lui a0, 699051
x10 <- 0xAAAAB000


mem[X,0x8003ADC0] -> 0x0513
mem[X,0x8003ADC2] -> 0xAAB5
[5384] [M]: 0x8003ADC0 (0xAAB50513) addi a0, a0, 2731
x10 <- 0xAAAAAAAB


mem[X,0x8003ADC4] -> 0x0593
mem[X,0x8003ADC6] -> 0x0010
[5385] [M]: 0x8003ADC4 (0x00100593) addi a1, zero, 1
x11 <- 0x00000001


mem[X,0x8003ADC8] -> 0x0193
mem[X,0x8003ADCA] -> 0x0000
[5386] [M]: 0x8003ADC8 (0x00000193) addi gp, zero, 0
x3 <- 0x00000000


mem[X,0x8003ADCC] -> 0x006F
mem[X,0x8003ADCE] -> 0x00C0
[5387] [M]: 0x8003ADCC (0x00C0006F) jal zero, 12


mem[X,0x8003ADD8] -> 0x7063
mem[X,0x8003ADDA] -> 0x10B5
[5388] [M]: 0x8003ADD8 (0x10B57063) bgeu a0, a1, 256


mem[X,0x8003AED8] -> 0x8193
mem[X,0x8003AEDA] -> 0x0031
[5389] [M]: 0x8003AED8 (0x00318193) addi gp, gp, 3
x3 <- 0x00000003


mem[X,0x8003AEDC] -> 0x006F
mem[X,0x8003AEDE] -> 0x0040
[5390] [M]: 0x8003AEDC (0x0040006F) jal zero, 4


mem[X,0x8003AEE0] -> 0x2823
mem[X,0x8003AEE2] -> 0x0831
[5391] [M]: 0x8003AEE0 (0x08312823) sw gp, 144(sp)
mem[0x8004B9F4] <- 0x00000003


mem[X,0x8003AEE4] -> 0xB537
mem[X,0x8003AEE6] -> 0xAAAA
[5392] [M]: 0x8003AEE4 (0xAAAAB537) lui a0, 699051
x10 <- 0xAAAAB000


mem[X,0x8003AEE8] -> 0x0513
mem[X,0x8003AEEA] -> 0xAAB5
[5393] [M]: 0x8003AEE8 (0xAAB50513) addi a0, a0, 2731
x10 <- 0xAAAAAAAB


mem[X,0x8003AEEC] -> 0x05B7
mem[X,0x8003AEEE] -> 0x0001
[5394] [M]: 0x8003AEEC (0x000105B7) lui a1, 16
x11 <- 0x00010000


mem[X,0x8003AEF0] -> 0x0193
mem[X,0x8003AEF2] -> 0x0000
[5395] [M]: 0x8003AEF0 (0x00000193) addi gp, zero, 0
x3 <- 0x00000000


mem[X,0x8003AEF4] -> 0x006F
mem[X,0x8003AEF6] -> 0x00C0
[5396] [M]: 0x8003AEF4 (0x00C0006F) jal zero, 12


mem[X,0x8003AF00] -> 0x7663
mem[X,0x8003AF02] -> 0x00B5
[5397] [M]: 0x8003AF00 (0x00B57663) bgeu a0, a1, 12


mem[X,0x8003AF0C] -> 0x8193
mem[X,0x8003AF0E] -> 0x0031
[5398] [M]: 0x8003AF0C (0x00318193) addi gp, gp, 3
x3 <- 0x00000003


mem[X,0x8003AF10] -> 0x006F
mem[X,0x8003AF12] -> 0x0040
[5399] [M]: 0x8003AF10 (0x0040006F) jal zero, 4


clint::tick mtime <- 0x0000000000000036
 clint timer pending at mtime 0x0000000000000036
htif::tick 0x0000000000000000
mem[X,0x8003AF14] -> 0x2A23
mem[X,0x8003AF16] -> 0x0831
[5400] [M]: 0x8003AF14 (0x08312A23) sw gp, 148(sp)
mem[0x8004B9F8] <- 0x00000003


mem[X,0x8003AF18] -> 0x0513
mem[X,0x8003AF1A] -> 0x0060
[5401] [M]: 0x8003AF18 (0x00600513) addi a0, zero, 6
x10 <- 0x00000006


mem[X,0x8003AF1C] -> 0x0593
mem[X,0x8003AF1E] -> 0x0030
[5402] [M]: 0x8003AF1C (0x00300593) addi a1, zero, 3
x11 <- 0x00000003


mem[X,0x8003AF20] -> 0x0193
mem[X,0x8003AF22] -> 0x0000
[5403] [M]: 0x8003AF20 (0x00000193) addi gp, zero, 0
x3 <- 0x00000000


mem[X,0x8003AF24] -> 0x006F
mem[X,0x8003AF26] -> 0x00C0
[5404] [M]: 0x8003AF24 (0x00C0006F) jal zero, 12


mem[X,0x8003AF30] -> 0x7663
mem[X,0x8003AF32] -> 0x00B5
[5405] [M]: 0x8003AF30 (0x00B57663) bgeu a0, a1, 12


mem[X,0x8003AF3C] -> 0x8193
mem[X,0x8003AF3E] -> 0x0031
[5406] [M]: 0x8003AF3C (0x00318193) addi gp, gp, 3
x3 <- 0x00000003


mem[X,0x8003AF40] -> 0x006F
mem[X,0x8003AF42] -> 0x0040
[5407] [M]: 0x8003AF40 (0x0040006F) jal zero, 4


mem[X,0x8003AF44] -> 0x2C23
mem[X,0x8003AF46] -> 0x0831
[5408] [M]: 0x8003AF44 (0x08312C23) sw gp, 152(sp)
mem[0x8004B9FC] <- 0x00000003


mem[X,0x8003AF48] -> 0x0513
mem[X,0x8003AF4A] -> 0x0060
[5409] [M]: 0x8003AF48 (0x00600513) addi a0, zero, 6
x10 <- 0x00000006


mem[X,0x8003AF4C] -> 0x55B7
mem[X,0x8003AF4E] -> 0x5555
[5410] [M]: 0x8003AF4C (0x555555B7) lui a1, 349525
x11 <- 0x55555000


mem[X,0x8003AF50] -> 0x8593
mem[X,0x8003AF52] -> 0x5555
[5411] [M]: 0x8003AF50 (0x55558593) addi a1, a1, 1365
x11 <- 0x55555555


mem[X,0x8003AF54] -> 0x0193
mem[X,0x8003AF56] -> 0x0000
[5412] [M]: 0x8003AF54 (0x00000193) addi gp, zero, 0
x3 <- 0x00000000


mem[X,0x8003AF58] -> 0x006F
mem[X,0x8003AF5A] -> 0x00C0
[5413] [M]: 0x8003AF58 (0x00C0006F) jal zero, 12


mem[X,0x8003AF64] -> 0x7063
mem[X,0x8003AF66] -> 0x20B5
[5414] [M]: 0x8003AF64 (0x20B57063) bgeu a0, a1, 512


mem[X,0x8003AF68] -> 0x8193
mem[X,0x8003AF6A] -> 0x0021
[5415] [M]: 0x8003AF68 (0x00218193) addi gp, gp, 2
x3 <- 0x00000002


mem[X,0x8003AF6C] -> 0x006F
mem[X,0x8003AF6E] -> 0x2000
[5416] [M]: 0x8003AF6C (0x2000006F) jal zero, 512


mem[X,0x8003B16C] -> 0x2E23
mem[X,0x8003B16E] -> 0x0831
[5417] [M]: 0x8003B16C (0x08312E23) sw gp, 156(sp)
mem[0x8004BA00] <- 0x00000002


mem[X,0x8003B170] -> 0x0513
mem[X,0x8003B172] -> 0x0060
[5418] [M]: 0x8003B170 (0x00600513) addi a0, zero, 6
x10 <- 0x00000006


mem[X,0x8003B174] -> 0xB5B7
mem[X,0x8003B176] -> 0xAAAA
[5419] [M]: 0x8003B174 (0xAAAAB5B7) lui a1, 699051
x11 <- 0xAAAAB000


mem[X,0x8003B178] -> 0x8593
mem[X,0x8003B17A] -> 0xAAA5
[5420] [M]: 0x8003B178 (0xAAA58593) addi a1, a1, 2730
x11 <- 0xAAAAAAAA


mem[X,0x8003B17C] -> 0x0193
mem[X,0x8003B17E] -> 0x0000
[5421] [M]: 0x8003B17C (0x00000193) addi gp, zero, 0
x3 <- 0x00000000


mem[X,0x8003B180] -> 0x006F
mem[X,0x8003B182] -> 0x00C0
[5422] [M]: 0x8003B180 (0x00C0006F) jal zero, 12


mem[X,0x8003B18C] -> 0x7CE3
mem[X,0x8003B18E] -> 0xFEB5
[5423] [M]: 0x8003B18C (0xFEB57CE3) bgeu a0, a1, 8184


mem[X,0x8003B190] -> 0x8193
mem[X,0x8003B192] -> 0x0021
[5424] [M]: 0x8003B190 (0x00218193) addi gp, gp, 2
x3 <- 0x00000002


mem[X,0x8003B194] -> 0x006F
mem[X,0x8003B196] -> 0x00C0
[5425] [M]: 0x8003B194 (0x00C0006F) jal zero, 12


mem[X,0x8003B1A0] -> 0x2023
mem[X,0x8003B1A2] -> 0x0A31
[5426] [M]: 0x8003B1A0 (0x0A312023) sw gp, 160(sp)
mem[0x8004BA04] <- 0x00000002


mem[X,0x8003B1A4] -> 0x0513
mem[X,0x8003B1A6] -> 0x0060
[5427] [M]: 0x8003B1A4 (0x00600513) addi a0, zero, 6
x10 <- 0x00000006


mem[X,0x8003B1A8] -> 0x0593
mem[X,0x8003B1AA] -> 0x0050
[5428] [M]: 0x8003B1A8 (0x00500593) addi a1, zero, 5
x11 <- 0x00000005


mem[X,0x8003B1AC] -> 0x0193
mem[X,0x8003B1AE] -> 0x0000
[5429] [M]: 0x8003B1AC (0x00000193) addi gp, zero, 0
x3 <- 0x00000000


mem[X,0x8003B1B0] -> 0x006F
mem[X,0x8003B1B2] -> 0x00C0
[5430] [M]: 0x8003B1B0 (0x00C0006F) jal zero, 12


mem[X,0x8003B1BC] -> 0x7663
mem[X,0x8003B1BE] -> 0x00B5
[5431] [M]: 0x8003B1BC (0x00B57663) bgeu a0, a1, 12


mem[X,0x8003B1C8] -> 0x8193
mem[X,0x8003B1CA] -> 0x0031
[5432] [M]: 0x8003B1C8 (0x00318193) addi gp, gp, 3
x3 <- 0x00000003


mem[X,0x8003B1CC] -> 0x006F
mem[X,0x8003B1CE] -> 0x0040
[5433] [M]: 0x8003B1CC (0x0040006F) jal zero, 4


mem[X,0x8003B1D0] -> 0x2223
mem[X,0x8003B1D2] -> 0x0A31
[5434] [M]: 0x8003B1D0 (0x0A312223) sw gp, 164(sp)
mem[0x8004BA08] <- 0x00000003


mem[X,0x8003B1D4] -> 0x0513
mem[X,0x8003B1D6] -> 0x0060
[5435] [M]: 0x8003B1D4 (0x00600513) addi a0, zero, 6
x10 <- 0x00000006


mem[X,0x8003B1D8] -> 0x35B7
mem[X,0x8003B1DA] -> 0x3333
[5436] [M]: 0x8003B1D8 (0x333335B7) lui a1, 209715
x11 <- 0x33333000


mem[X,0x8003B1DC] -> 0x8593
mem[X,0x8003B1DE] -> 0x3335
[5437] [M]: 0x8003B1DC (0x33358593) addi a1, a1, 819
x11 <- 0x33333333


mem[X,0x8003B1E0] -> 0x0193
mem[X,0x8003B1E2] -> 0x0000
[5438] [M]: 0x8003B1E0 (0x00000193) addi gp, zero, 0
x3 <- 0x00000000


mem[X,0x8003B1E4] -> 0x006F
mem[X,0x8003B1E6] -> 0x00C0
[5439] [M]: 0x8003B1E4 (0x00C0006F) jal zero, 12


mem[X,0x8003B1F0] -> 0x7663
mem[X,0x8003B1F2] -> 0x00B5
[5440] [M]: 0x8003B1F0 (0x00B57663) bgeu a0, a1, 12


mem[X,0x8003B1F4] -> 0x8193
mem[X,0x8003B1F6] -> 0x0021
[5441] [M]: 0x8003B1F4 (0x00218193) addi gp, gp, 2
x3 <- 0x00000002


mem[X,0x8003B1F8] -> 0x006F
mem[X,0x8003B1FA] -> 0x00C0
[5442] [M]: 0x8003B1F8 (0x00C0006F) jal zero, 12


mem[X,0x8003B204] -> 0x2423
mem[X,0x8003B206] -> 0x0A31
[5443] [M]: 0x8003B204 (0x0A312423) sw gp, 168(sp)
mem[0x8004BA0C] <- 0x00000002


mem[X,0x8003B208] -> 0x0513
mem[X,0x8003B20A] -> 0x0060
[5444] [M]: 0x8003B208 (0x00600513) addi a0, zero, 6
x10 <- 0x00000006


mem[X,0x8003B20C] -> 0x65B7
mem[X,0x8003B20E] -> 0x6666
[5445] [M]: 0x8003B20C (0x666665B7) lui a1, 419430
x11 <- 0x66666000


mem[X,0x8003B210] -> 0x8593
mem[X,0x8003B212] -> 0x6665
[5446] [M]: 0x8003B210 (0x66658593) addi a1, a1, 1638
x11 <- 0x66666666


mem[X,0x8003B214] -> 0x0193
mem[X,0x8003B216] -> 0x0000
[5447] [M]: 0x8003B214 (0x00000193) addi gp, zero, 0
x3 <- 0x00000000


mem[X,0x8003B218] -> 0x006F
mem[X,0x8003B21A] -> 0x00C0
[5448] [M]: 0x8003B218 (0x00C0006F) jal zero, 12


mem[X,0x8003B224] -> 0x7063
mem[X,0x8003B226] -> 0x10B5
[5449] [M]: 0x8003B224 (0x10B57063) bgeu a0, a1, 256


mem[X,0x8003B228] -> 0x8193
mem[X,0x8003B22A] -> 0x0021
[5450] [M]: 0x8003B228 (0x00218193) addi gp, gp, 2
x3 <- 0x00000002


mem[X,0x8003B22C] -> 0x006F
mem[X,0x8003B22E] -> 0x1000
[5451] [M]: 0x8003B22C (0x1000006F) jal zero, 256


mem[X,0x8003B32C] -> 0x2623
mem[X,0x8003B32E] -> 0x0A31
[5452] [M]: 0x8003B32C (0x0A312623) sw gp, 172(sp)
mem[0x8004BA10] <- 0x00000002


mem[X,0x8003B330] -> 0x0513
mem[X,0x8003B332] -> 0x0060
[5453] [M]: 0x8003B330 (0x00600513) addi a0, zero, 6
x10 <- 0x00000006


mem[X,0x8003B334] -> 0xB5B7
mem[X,0x8003B336] -> 0x0000
[5454] [M]: 0x8003B334 (0x0000B5B7) lui a1, 11
x11 <- 0x0000B000


mem[X,0x8003B338] -> 0x8593
mem[X,0x8003B33A] -> 0x5045
[5455] [M]: 0x8003B338 (0x50458593) addi a1, a1, 1284
x11 <- 0x0000B504


mem[X,0x8003B33C] -> 0x0193
mem[X,0x8003B33E] -> 0x0000
[5456] [M]: 0x8003B33C (0x00000193) addi gp, zero, 0
x3 <- 0x00000000


mem[X,0x8003B340] -> 0x006F
mem[X,0x8003B342] -> 0x00C0
[5457] [M]: 0x8003B340 (0x00C0006F) jal zero, 12


mem[X,0x8003B34C] -> 0x7663
mem[X,0x8003B34E] -> 0x00B5
[5458] [M]: 0x8003B34C (0x00B57663) bgeu a0, a1, 12


mem[X,0x8003B350] -> 0x8193
mem[X,0x8003B352] -> 0x0021
[5459] [M]: 0x8003B350 (0x00218193) addi gp, gp, 2
x3 <- 0x00000002


mem[X,0x8003B354] -> 0x006F
mem[X,0x8003B356] -> 0x00C0
[5460] [M]: 0x8003B354 (0x00C0006F) jal zero, 12


mem[X,0x8003B360] -> 0x2823
mem[X,0x8003B362] -> 0x0A31
[5461] [M]: 0x8003B360 (0x0A312823) sw gp, 176(sp)
mem[0x8004BA14] <- 0x00000002


mem[X,0x8003B364] -> 0x0513
mem[X,0x8003B366] -> 0x0060
[5462] [M]: 0x8003B364 (0x00600513) addi a0, zero, 6
x10 <- 0x00000006


mem[X,0x8003B368] -> 0x0593
mem[X,0x8003B36A] -> 0x0000
[5463] [M]: 0x8003B368 (0x00000593) addi a1, zero, 0
x11 <- 0x00000000


mem[X,0x8003B36C] -> 0x0193
mem[X,0x8003B36E] -> 0x0000
[5464] [M]: 0x8003B36C (0x00000193) addi gp, zero, 0
x3 <- 0x00000000


mem[X,0x8003B370] -> 0x006F
mem[X,0x8003B372] -> 0x2B10
[5465] [M]: 0x8003B370 (0x2B10006F) jal zero, 2736


mem[X,0x8003BE20] -> 0x7A63
mem[X,0x8003BE22] -> 0xD4B5
[5466] [M]: 0x8003BE20 (0xD4B57A63) bgeu a0, a1, 5460


mem[X,0x8003B374] -> 0x8193
mem[X,0x8003B376] -> 0x0011
[5467] [M]: 0x8003B374 (0x00118193) addi gp, gp, 1
x3 <- 0x00000001


mem[X,0x8003B378] -> 0x006F
mem[X,0x8003B37A] -> 0x2BD0
[5468] [M]: 0x8003B378 (0x2BD0006F) jal zero, 2748


mem[X,0x8003BE34] -> 0x2A23
mem[X,0x8003BE36] -> 0x0A31
[5469] [M]: 0x8003BE34 (0x0A312A23) sw gp, 180(sp)
mem[0x8004BA18] <- 0x00000001


mem[X,0x8003BE38] -> 0x0513
mem[X,0x8003BE3A] -> 0x0060
[5470] [M]: 0x8003BE38 (0x00600513) addi a0, zero, 6
x10 <- 0x00000006


mem[X,0x8003BE3C] -> 0x05B7
mem[X,0x8003BE3E] -> 0x0001
[5471] [M]: 0x8003BE3C (0x000105B7) lui a1, 16
x11 <- 0x00010000


mem[X,0x8003BE40] -> 0x8593
mem[X,0x8003BE42] -> 0xFFF5
[5472] [M]: 0x8003BE40 (0xFFF58593) addi a1, a1, 4095
x11 <- 0x0000FFFF


mem[X,0x8003BE44] -> 0x0193
mem[X,0x8003BE46] -> 0x0000
[5473] [M]: 0x8003BE44 (0x00000193) addi gp, zero, 0
x3 <- 0x00000000


mem[X,0x8003BE48] -> 0x006F
mem[X,0x8003BE4A] -> 0x00C0
[5474] [M]: 0x8003BE48 (0x00C0006F) jal zero, 12


mem[X,0x8003BE54] -> 0x7663
mem[X,0x8003BE56] -> 0x00B5
[5475] [M]: 0x8003BE54 (0x00B57663) bgeu a0, a1, 12


mem[X,0x8003BE58] -> 0x8193
mem[X,0x8003BE5A] -> 0x0021
[5476] [M]: 0x8003BE58 (0x00218193) addi gp, gp, 2
x3 <- 0x00000002


mem[X,0x8003BE5C] -> 0x006F
mem[X,0x8003BE5E] -> 0x00C0
[5477] [M]: 0x8003BE5C (0x00C0006F) jal zero, 12


mem[X,0x8003BE68] -> 0x2C23
mem[X,0x8003BE6A] -> 0x0A31
[5478] [M]: 0x8003BE68 (0x0A312C23) sw gp, 184(sp)
mem[0x8004BA1C] <- 0x00000002


mem[X,0x8003BE6C] -> 0x0513
mem[X,0x8003BE6E] -> 0x0060
[5479] [M]: 0x8003BE6C (0x00600513) addi a0, zero, 6
x10 <- 0x00000006


mem[X,0x8003BE70] -> 0x0593
mem[X,0x8003BE72] -> 0x0020
[5480] [M]: 0x8003BE70 (0x00200593) addi a1, zero, 2
x11 <- 0x00000002


mem[X,0x8003BE74] -> 0x0193
mem[X,0x8003BE76] -> 0x0000
[5481] [M]: 0x8003BE74 (0x00000193) addi gp, zero, 0
x3 <- 0x00000000


mem[X,0x8003BE78] -> 0x006F
mem[X,0x8003BE7A] -> 0x00C0
[5482] [M]: 0x8003BE78 (0x00C0006F) jal zero, 12


mem[X,0x8003BE84] -> 0x7663
mem[X,0x8003BE86] -> 0x00B5
[5483] [M]: 0x8003BE84 (0x00B57663) bgeu a0, a1, 12


mem[X,0x8003BE90] -> 0x8193
mem[X,0x8003BE92] -> 0x0031
[5484] [M]: 0x8003BE90 (0x00318193) addi gp, gp, 3
x3 <- 0x00000003


mem[X,0x8003BE94] -> 0x006F
mem[X,0x8003BE96] -> 0x0040
[5485] [M]: 0x8003BE94 (0x0040006F) jal zero, 4


mem[X,0x8003BE98] -> 0x2E23
mem[X,0x8003BE9A] -> 0x0A31
[5486] [M]: 0x8003BE98 (0x0A312E23) sw gp, 188(sp)
mem[0x8004BA20] <- 0x00000003


mem[X,0x8003BE9C] -> 0x0513
mem[X,0x8003BE9E] -> 0x0060
[5487] [M]: 0x8003BE9C (0x00600513) addi a0, zero, 6
x10 <- 0x00000006


mem[X,0x8003BEA0] -> 0x55B7
mem[X,0x8003BEA2] -> 0x5555
[5488] [M]: 0x8003BEA0 (0x555555B7) lui a1, 349525
x11 <- 0x55555000


mem[X,0x8003BEA4] -> 0x8593
mem[X,0x8003BEA6] -> 0x5545
[5489] [M]: 0x8003BEA4 (0x55458593) addi a1, a1, 1364
x11 <- 0x55555554


mem[X,0x8003BEA8] -> 0x0193
mem[X,0x8003BEAA] -> 0x0000
[5490] [M]: 0x8003BEA8 (0x00000193) addi gp, zero, 0
x3 <- 0x00000000


mem[X,0x8003BEAC] -> 0x006F
mem[X,0x8003BEAE] -> 0x00C0
[5491] [M]: 0x8003BEAC (0x00C0006F) jal zero, 12


mem[X,0x8003BEB8] -> 0x7063
mem[X,0x8003BEBA] -> 0x20B5
[5492] [M]: 0x8003BEB8 (0x20B57063) bgeu a0, a1, 512


mem[X,0x8003BEBC] -> 0x8193
mem[X,0x8003BEBE] -> 0x0021
[5493] [M]: 0x8003BEBC (0x00218193) addi gp, gp, 2
x3 <- 0x00000002


mem[X,0x8003BEC0] -> 0x006F
mem[X,0x8003BEC2] -> 0x2000
[5494] [M]: 0x8003BEC0 (0x2000006F) jal zero, 512


mem[X,0x8003C0C0] -> 0x2023
mem[X,0x8003C0C2] -> 0x0C31
[5495] [M]: 0x8003C0C0 (0x0C312023) sw gp, 192(sp)
mem[0x8004BA24] <- 0x00000002


mem[X,0x8003C0C4] -> 0x0513
mem[X,0x8003C0C6] -> 0x0060
[5496] [M]: 0x8003C0C4 (0x00600513) addi a0, zero, 6
x10 <- 0x00000006


mem[X,0x8003C0C8] -> 0xB5B7
mem[X,0x8003C0CA] -> 0xAAAA
[5497] [M]: 0x8003C0C8 (0xAAAAB5B7) lui a1, 699051
x11 <- 0xAAAAB000


mem[X,0x8003C0CC] -> 0x8593
mem[X,0x8003C0CE] -> 0xAA95
[5498] [M]: 0x8003C0CC (0xAA958593) addi a1, a1, 2729
x11 <- 0xAAAAAAA9


mem[X,0x8003C0D0] -> 0x0193
mem[X,0x8003C0D2] -> 0x0000
[5499] [M]: 0x8003C0D0 (0x00000193) addi gp, zero, 0
x3 <- 0x00000000


clint::tick mtime <- 0x0000000000000037
 clint timer pending at mtime 0x0000000000000037
htif::tick 0x0000000000000000
mem[X,0x8003C0D4] -> 0x006F
mem[X,0x8003C0D6] -> 0x00C0
[5500] [M]: 0x8003C0D4 (0x00C0006F) jal zero, 12


mem[X,0x8003C0E0] -> 0x7CE3
mem[X,0x8003C0E2] -> 0xFEB5
[5501] [M]: 0x8003C0E0 (0xFEB57CE3) bgeu a0, a1, 8184


mem[X,0x8003C0E4] -> 0x8193
mem[X,0x8003C0E6] -> 0x0021
[5502] [M]: 0x8003C0E4 (0x00218193) addi gp, gp, 2
x3 <- 0x00000002


mem[X,0x8003C0E8] -> 0x006F
mem[X,0x8003C0EA] -> 0x00C0
[5503] [M]: 0x8003C0E8 (0x00C0006F) jal zero, 12


mem[X,0x8003C0F4] -> 0x2223
mem[X,0x8003C0F6] -> 0x0C31
[5504] [M]: 0x8003C0F4 (0x0C312223) sw gp, 196(sp)
mem[0x8004BA28] <- 0x00000002


mem[X,0x8003C0F8] -> 0x0513
mem[X,0x8003C0FA] -> 0x0060
[5505] [M]: 0x8003C0F8 (0x00600513) addi a0, zero, 6
x10 <- 0x00000006


mem[X,0x8003C0FC] -> 0x0593
mem[X,0x8003C0FE] -> 0x0040
[5506] [M]: 0x8003C0FC (0x00400593) addi a1, zero, 4
x11 <- 0x00000004


mem[X,0x8003C100] -> 0x0193
mem[X,0x8003C102] -> 0x0000
[5507] [M]: 0x8003C100 (0x00000193) addi gp, zero, 0
x3 <- 0x00000000


mem[X,0x8003C104] -> 0x006F
mem[X,0x8003C106] -> 0x0180
[5508] [M]: 0x8003C104 (0x0180006F) jal zero, 24


mem[X,0x8003C11C] -> 0x76E3
mem[X,0x8003C11E] -> 0xFEB5
[5509] [M]: 0x8003C11C (0xFEB576E3) bgeu a0, a1, 8172


mem[X,0x8003C108] -> 0x8193
mem[X,0x8003C10A] -> 0x0011
[5510] [M]: 0x8003C108 (0x00118193) addi gp, gp, 1
x3 <- 0x00000001


mem[X,0x8003C10C] -> 0x006F
mem[X,0x8003C10E] -> 0x0240
[5511] [M]: 0x8003C10C (0x0240006F) jal zero, 36


mem[X,0x8003C130] -> 0x2423
mem[X,0x8003C132] -> 0x0C31
[5512] [M]: 0x8003C130 (0x0C312423) sw gp, 200(sp)
mem[0x8004BA2C] <- 0x00000001


mem[X,0x8003C134] -> 0x0513
mem[X,0x8003C136] -> 0x0060
[5513] [M]: 0x8003C134 (0x00600513) addi a0, zero, 6
x10 <- 0x00000006


mem[X,0x8003C138] -> 0x35B7
mem[X,0x8003C13A] -> 0x3333
[5514] [M]: 0x8003C138 (0x333335B7) lui a1, 209715
x11 <- 0x33333000


mem[X,0x8003C13C] -> 0x8593
mem[X,0x8003C13E] -> 0x3325
[5515] [M]: 0x8003C13C (0x33258593) addi a1, a1, 818
x11 <- 0x33333332


mem[X,0x8003C140] -> 0x0193
mem[X,0x8003C142] -> 0x0000
[5516] [M]: 0x8003C140 (0x00000193) addi gp, zero, 0
x3 <- 0x00000000


mem[X,0x8003C144] -> 0x006F
mem[X,0x8003C146] -> 0x0180
[5517] [M]: 0x8003C144 (0x0180006F) jal zero, 24


mem[X,0x8003C15C] -> 0x76E3
mem[X,0x8003C15E] -> 0xFEB5
[5518] [M]: 0x8003C15C (0xFEB576E3) bgeu a0, a1, 8172


mem[X,0x8003C160] -> 0x8193
mem[X,0x8003C162] -> 0x0021
[5519] [M]: 0x8003C160 (0x00218193) addi gp, gp, 2
x3 <- 0x00000002


mem[X,0x8003C164] -> 0x006F
mem[X,0x8003C166] -> 0x00C0
[5520] [M]: 0x8003C164 (0x00C0006F) jal zero, 12


mem[X,0x8003C170] -> 0x2623
mem[X,0x8003C172] -> 0x0C31
[5521] [M]: 0x8003C170 (0x0C312623) sw gp, 204(sp)
mem[0x8004BA30] <- 0x00000002


mem[X,0x8003C174] -> 0x0513
mem[X,0x8003C176] -> 0x0060
[5522] [M]: 0x8003C174 (0x00600513) addi a0, zero, 6
x10 <- 0x00000006


mem[X,0x8003C178] -> 0x65B7
mem[X,0x8003C17A] -> 0x6666
[5523] [M]: 0x8003C178 (0x666665B7) lui a1, 419430
x11 <- 0x66666000


mem[X,0x8003C17C] -> 0x8593
mem[X,0x8003C17E] -> 0x6655
[5524] [M]: 0x8003C17C (0x66558593) addi a1, a1, 1637
x11 <- 0x66666665


mem[X,0x8003C180] -> 0x0193
mem[X,0x8003C182] -> 0x0000
[5525] [M]: 0x8003C180 (0x00000193) addi gp, zero, 0
x3 <- 0x00000000


mem[X,0x8003C184] -> 0x006F
mem[X,0x8003C186] -> 0x00C0
[5526] [M]: 0x8003C184 (0x00C0006F) jal zero, 12


mem[X,0x8003C190] -> 0x7CE3
mem[X,0x8003C192] -> 0xFEB5
[5527] [M]: 0x8003C190 (0xFEB57CE3) bgeu a0, a1, 8184


mem[X,0x8003C194] -> 0x8193
mem[X,0x8003C196] -> 0x0021
[5528] [M]: 0x8003C194 (0x00218193) addi gp, gp, 2
x3 <- 0x00000002


mem[X,0x8003C198] -> 0x006F
mem[X,0x8003C19A] -> 0x00C0
[5529] [M]: 0x8003C198 (0x00C0006F) jal zero, 12


mem[X,0x8003C1A4] -> 0x2823
mem[X,0x8003C1A6] -> 0x0C31
[5530] [M]: 0x8003C1A4 (0x0C312823) sw gp, 208(sp)
mem[0x8004BA34] <- 0x00000002


mem[X,0x8003C1A8] -> 0x0513
mem[X,0x8003C1AA] -> 0x0060
[5531] [M]: 0x8003C1A8 (0x00600513) addi a0, zero, 6
x10 <- 0x00000006


mem[X,0x8003C1AC] -> 0xB5B7
mem[X,0x8003C1AE] -> 0x0000
[5532] [M]: 0x8003C1AC (0x0000B5B7) lui a1, 11
x11 <- 0x0000B000


mem[X,0x8003C1B0] -> 0x8593
mem[X,0x8003C1B2] -> 0x5035
[5533] [M]: 0x8003C1B0 (0x50358593) addi a1, a1, 1283
x11 <- 0x0000B503


mem[X,0x8003C1B4] -> 0x0193
mem[X,0x8003C1B6] -> 0x0000
[5534] [M]: 0x8003C1B4 (0x00000193) addi gp, zero, 0
x3 <- 0x00000000


mem[X,0x8003C1B8] -> 0x006F
mem[X,0x8003C1BA] -> 0x0180
[5535] [M]: 0x8003C1B8 (0x0180006F) jal zero, 24


mem[X,0x8003C1D0] -> 0x76E3
mem[X,0x8003C1D2] -> 0xFEB5
[5536] [M]: 0x8003C1D0 (0xFEB576E3) bgeu a0, a1, 8172


mem[X,0x8003C1D4] -> 0x8193
mem[X,0x8003C1D6] -> 0x0021
[5537] [M]: 0x8003C1D4 (0x00218193) addi gp, gp, 2
x3 <- 0x00000002


mem[X,0x8003C1D8] -> 0x006F
mem[X,0x8003C1DA] -> 0x00C0
[5538] [M]: 0x8003C1D8 (0x00C0006F) jal zero, 12


mem[X,0x8003C1E4] -> 0x2A23
mem[X,0x8003C1E6] -> 0x0C31
[5539] [M]: 0x8003C1E4 (0x0C312A23) sw gp, 212(sp)
mem[0x8004BA38] <- 0x00000002


mem[X,0x8003C1E8] -> 0x0513
mem[X,0x8003C1EA] -> 0x0060
[5540] [M]: 0x8003C1E8 (0x00600513) addi a0, zero, 6
x10 <- 0x00000006


mem[X,0x8003C1EC] -> 0x05B7
mem[X,0x8003C1EE] -> 0x0001
[5541] [M]: 0x8003C1EC (0x000105B7) lui a1, 16
x11 <- 0x00010000


mem[X,0x8003C1F0] -> 0x8593
mem[X,0x8003C1F2] -> 0xFFE5
[5542] [M]: 0x8003C1F0 (0xFFE58593) addi a1, a1, 4094
x11 <- 0x0000FFFE


mem[X,0x8003C1F4] -> 0x0193
mem[X,0x8003C1F6] -> 0x0000
[5543] [M]: 0x8003C1F4 (0x00000193) addi gp, zero, 0
x3 <- 0x00000000


mem[X,0x8003C1F8] -> 0x006F
mem[X,0x8003C1FA] -> 0x00C0
[5544] [M]: 0x8003C1F8 (0x00C0006F) jal zero, 12


mem[X,0x8003C204] -> 0x7CE3
mem[X,0x8003C206] -> 0xFEB5
[5545] [M]: 0x8003C204 (0xFEB57CE3) bgeu a0, a1, 8184


mem[X,0x8003C208] -> 0x8193
mem[X,0x8003C20A] -> 0x0021
[5546] [M]: 0x8003C208 (0x00218193) addi gp, gp, 2
x3 <- 0x00000002


mem[X,0x8003C20C] -> 0x006F
mem[X,0x8003C20E] -> 0x00C0
[5547] [M]: 0x8003C20C (0x00C0006F) jal zero, 12


mem[X,0x8003C218] -> 0x2C23
mem[X,0x8003C21A] -> 0x0C31
[5548] [M]: 0x8003C218 (0x0C312C23) sw gp, 216(sp)
mem[0x8004BA3C] <- 0x00000002


mem[X,0x8003C21C] -> 0x0513
mem[X,0x8003C21E] -> 0x0060
[5549] [M]: 0x8003C21C (0x00600513) addi a0, zero, 6
x10 <- 0x00000006


mem[X,0x8003C220] -> 0x55B7
mem[X,0x8003C222] -> 0x5555
[5550] [M]: 0x8003C220 (0x555555B7) lui a1, 349525
x11 <- 0x55555000


mem[X,0x8003C224] -> 0x8593
mem[X,0x8003C226] -> 0x5565
[5551] [M]: 0x8003C224 (0x55658593) addi a1, a1, 1366
x11 <- 0x55555556


mem[X,0x8003C228] -> 0x0193
mem[X,0x8003C22A] -> 0x0000
[5552] [M]: 0x8003C228 (0x00000193) addi gp, zero, 0
x3 <- 0x00000000


mem[X,0x8003C22C] -> 0x006F
mem[X,0x8003C22E] -> 0x00C0
[5553] [M]: 0x8003C22C (0x00C0006F) jal zero, 12


mem[X,0x8003C238] -> 0x7663
mem[X,0x8003C23A] -> 0x00B5
[5554] [M]: 0x8003C238 (0x00B57663) bgeu a0, a1, 12


mem[X,0x8003C23C] -> 0x8193
mem[X,0x8003C23E] -> 0x0021
[5555] [M]: 0x8003C23C (0x00218193) addi gp, gp, 2
x3 <- 0x00000002


mem[X,0x8003C240] -> 0x006F
mem[X,0x8003C242] -> 0x00C0
[5556] [M]: 0x8003C240 (0x00C0006F) jal zero, 12


mem[X,0x8003C24C] -> 0x2E23
mem[X,0x8003C24E] -> 0x0C31
[5557] [M]: 0x8003C24C (0x0C312E23) sw gp, 220(sp)
mem[0x8004BA40] <- 0x00000002


mem[X,0x8003C250] -> 0x0513
mem[X,0x8003C252] -> 0x0060
[5558] [M]: 0x8003C250 (0x00600513) addi a0, zero, 6
x10 <- 0x00000006


mem[X,0x8003C254] -> 0xB5B7
mem[X,0x8003C256] -> 0xAAAA
[5559] [M]: 0x8003C254 (0xAAAAB5B7) lui a1, 699051
x11 <- 0xAAAAB000


mem[X,0x8003C258] -> 0x8593
mem[X,0x8003C25A] -> 0xAAB5
[5560] [M]: 0x8003C258 (0xAAB58593) addi a1, a1, 2731
x11 <- 0xAAAAAAAB


mem[X,0x8003C25C] -> 0x0193
mem[X,0x8003C25E] -> 0x0000
[5561] [M]: 0x8003C25C (0x00000193) addi gp, zero, 0
x3 <- 0x00000000


mem[X,0x8003C260] -> 0x006F
mem[X,0x8003C262] -> 0x00C0
[5562] [M]: 0x8003C260 (0x00C0006F) jal zero, 12


mem[X,0x8003C26C] -> 0x7663
mem[X,0x8003C26E] -> 0x00B5
[5563] [M]: 0x8003C26C (0x00B57663) bgeu a0, a1, 12


mem[X,0x8003C270] -> 0x8193
mem[X,0x8003C272] -> 0x0021
[5564] [M]: 0x8003C270 (0x00218193) addi gp, gp, 2
x3 <- 0x00000002


mem[X,0x8003C274] -> 0x006F
mem[X,0x8003C276] -> 0x00C0
[5565] [M]: 0x8003C274 (0x00C0006F) jal zero, 12


mem[X,0x8003C280] -> 0x2023
mem[X,0x8003C282] -> 0x0E31
[5566] [M]: 0x8003C280 (0x0E312023) sw gp, 224(sp)
mem[0x8004BA44] <- 0x00000002


mem[X,0x8003C284] -> 0x0513
mem[X,0x8003C286] -> 0x0060
[5567] [M]: 0x8003C284 (0x00600513) addi a0, zero, 6
x10 <- 0x00000006


mem[X,0x8003C288] -> 0x0593
mem[X,0x8003C28A] -> 0x0060
[5568] [M]: 0x8003C288 (0x00600593) addi a1, zero, 6
x11 <- 0x00000006


mem[X,0x8003C28C] -> 0x0193
mem[X,0x8003C28E] -> 0x0000
[5569] [M]: 0x8003C28C (0x00000193) addi gp, zero, 0
x3 <- 0x00000000


mem[X,0x8003C290] -> 0x006F
mem[X,0x8003C292] -> 0x00C0
[5570] [M]: 0x8003C290 (0x00C0006F) jal zero, 12


mem[X,0x8003C29C] -> 0x7CE3
mem[X,0x8003C29E] -> 0xFEB5
[5571] [M]: 0x8003C29C (0xFEB57CE3) bgeu a0, a1, 8184


mem[X,0x8003C294] -> 0x8193
mem[X,0x8003C296] -> 0x0011
[5572] [M]: 0x8003C294 (0x00118193) addi gp, gp, 1
x3 <- 0x00000001


mem[X,0x8003C298] -> 0x006F
mem[X,0x8003C29A] -> 0x0180
[5573] [M]: 0x8003C298 (0x0180006F) jal zero, 24


mem[X,0x8003C2B0] -> 0x2223
mem[X,0x8003C2B2] -> 0x0E31
[5574] [M]: 0x8003C2B0 (0x0E312223) sw gp, 228(sp)
mem[0x8004BA48] <- 0x00000001


mem[X,0x8003C2B4] -> 0x0513
mem[X,0x8003C2B6] -> 0x0060
[5575] [M]: 0x8003C2B4 (0x00600513) addi a0, zero, 6
x10 <- 0x00000006


mem[X,0x8003C2B8] -> 0x35B7
mem[X,0x8003C2BA] -> 0x3333
[5576] [M]: 0x8003C2B8 (0x333335B7) lui a1, 209715
x11 <- 0x33333000


mem[X,0x8003C2BC] -> 0x8593
mem[X,0x8003C2BE] -> 0x3345
[5577] [M]: 0x8003C2BC (0x33458593) addi a1, a1, 820
x11 <- 0x33333334


mem[X,0x8003C2C0] -> 0x0193
mem[X,0x8003C2C2] -> 0x0000
[5578] [M]: 0x8003C2C0 (0x00000193) addi gp, zero, 0
x3 <- 0x00000000


mem[X,0x8003C2C4] -> 0x006F
mem[X,0x8003C2C6] -> 0x00C0
[5579] [M]: 0x8003C2C4 (0x00C0006F) jal zero, 12


mem[X,0x8003C2D0] -> 0x7663
mem[X,0x8003C2D2] -> 0x00B5
[5580] [M]: 0x8003C2D0 (0x00B57663) bgeu a0, a1, 12


mem[X,0x8003C2D4] -> 0x8193
mem[X,0x8003C2D6] -> 0x0021
[5581] [M]: 0x8003C2D4 (0x00218193) addi gp, gp, 2
x3 <- 0x00000002


mem[X,0x8003C2D8] -> 0x006F
mem[X,0x8003C2DA] -> 0x00C0
[5582] [M]: 0x8003C2D8 (0x00C0006F) jal zero, 12


mem[X,0x8003C2E4] -> 0x2423
mem[X,0x8003C2E6] -> 0x0E31
[5583] [M]: 0x8003C2E4 (0x0E312423) sw gp, 232(sp)
mem[0x8004BA4C] <- 0x00000002


mem[X,0x8003C2E8] -> 0x0513
mem[X,0x8003C2EA] -> 0x0060
[5584] [M]: 0x8003C2E8 (0x00600513) addi a0, zero, 6
x10 <- 0x00000006


mem[X,0x8003C2EC] -> 0x65B7
mem[X,0x8003C2EE] -> 0x6666
[5585] [M]: 0x8003C2EC (0x666665B7) lui a1, 419430
x11 <- 0x66666000


mem[X,0x8003C2F0] -> 0x8593
mem[X,0x8003C2F2] -> 0x6675
[5586] [M]: 0x8003C2F0 (0x66758593) addi a1, a1, 1639
x11 <- 0x66666667


mem[X,0x8003C2F4] -> 0x0193
mem[X,0x8003C2F6] -> 0x0000
[5587] [M]: 0x8003C2F4 (0x00000193) addi gp, zero, 0
x3 <- 0x00000000


mem[X,0x8003C2F8] -> 0x006F
mem[X,0x8003C2FA] -> 0x00C0
[5588] [M]: 0x8003C2F8 (0x00C0006F) jal zero, 12


mem[X,0x8003C304] -> 0x7CE3
mem[X,0x8003C306] -> 0xFEB5
[5589] [M]: 0x8003C304 (0xFEB57CE3) bgeu a0, a1, 8184


mem[X,0x8003C308] -> 0x8193
mem[X,0x8003C30A] -> 0x0021
[5590] [M]: 0x8003C308 (0x00218193) addi gp, gp, 2
x3 <- 0x00000002


mem[X,0x8003C30C] -> 0x006F
mem[X,0x8003C30E] -> 0x00C0
[5591] [M]: 0x8003C30C (0x00C0006F) jal zero, 12


mem[X,0x8003C318] -> 0x2623
mem[X,0x8003C31A] -> 0x0E31
[5592] [M]: 0x8003C318 (0x0E312623) sw gp, 236(sp)
mem[0x8004BA50] <- 0x00000002


mem[X,0x8003C31C] -> 0x0513
mem[X,0x8003C31E] -> 0x0060
[5593] [M]: 0x8003C31C (0x00600513) addi a0, zero, 6
x10 <- 0x00000006


mem[X,0x8003C320] -> 0xB5B7
mem[X,0x8003C322] -> 0x0000
[5594] [M]: 0x8003C320 (0x0000B5B7) lui a1, 11
x11 <- 0x0000B000


mem[X,0x8003C324] -> 0x8593
mem[X,0x8003C326] -> 0x5055
[5595] [M]: 0x8003C324 (0x50558593) addi a1, a1, 1285
x11 <- 0x0000B505


mem[X,0x8003C328] -> 0x0193
mem[X,0x8003C32A] -> 0x0000
[5596] [M]: 0x8003C328 (0x00000193) addi gp, zero, 0
x3 <- 0x00000000


mem[X,0x8003C32C] -> 0x006F
mem[X,0x8003C32E] -> 0x0100
[5597] [M]: 0x8003C32C (0x0100006F) jal zero, 16


mem[X,0x8003C33C] -> 0x7AE3
mem[X,0x8003C33E] -> 0xFEB5
[5598] [M]: 0x8003C33C (0xFEB57AE3) bgeu a0, a1, 8180


mem[X,0x8003C340] -> 0x8193
mem[X,0x8003C342] -> 0x0021
[5599] [M]: 0x8003C340 (0x00218193) addi gp, gp, 2
x3 <- 0x00000002


clint::tick mtime <- 0x0000000000000038
 clint timer pending at mtime 0x0000000000000038
htif::tick 0x0000000000000000
mem[X,0x8003C344] -> 0x006F
mem[X,0x8003C346] -> 0x00C0
[5600] [M]: 0x8003C344 (0x00C0006F) jal zero, 12


mem[X,0x8003C350] -> 0x2823
mem[X,0x8003C352] -> 0x0E31
[5601] [M]: 0x8003C350 (0x0E312823) sw gp, 240(sp)
mem[0x8004BA54] <- 0x00000002


mem[X,0x8003C354] -> 0x0513
mem[X,0x8003C356] -> 0x0060
[5602] [M]: 0x8003C354 (0x00600513) addi a0, zero, 6
x10 <- 0x00000006


mem[X,0x8003C358] -> 0x0593
mem[X,0x8003C35A] -> 0x0010
[5603] [M]: 0x8003C358 (0x00100593) addi a1, zero, 1
x11 <- 0x00000001


mem[X,0x8003C35C] -> 0x0193
mem[X,0x8003C35E] -> 0x0000
[5604] [M]: 0x8003C35C (0x00000193) addi gp, zero, 0
x3 <- 0x00000000


mem[X,0x8003C360] -> 0x006F
mem[X,0x8003C362] -> 0x00C0
[5605] [M]: 0x8003C360 (0x00C0006F) jal zero, 12


mem[X,0x8003C36C] -> 0x7063
mem[X,0x8003C36E] -> 0x10B5
[5606] [M]: 0x8003C36C (0x10B57063) bgeu a0, a1, 256


mem[X,0x8003C46C] -> 0x8193
mem[X,0x8003C46E] -> 0x0031
[5607] [M]: 0x8003C46C (0x00318193) addi gp, gp, 3
x3 <- 0x00000003


mem[X,0x8003C470] -> 0x006F
mem[X,0x8003C472] -> 0x0040
[5608] [M]: 0x8003C470 (0x0040006F) jal zero, 4


mem[X,0x8003C474] -> 0x2A23
mem[X,0x8003C476] -> 0x0E31
[5609] [M]: 0x8003C474 (0x0E312A23) sw gp, 244(sp)
mem[0x8004BA58] <- 0x00000003


mem[X,0x8003C478] -> 0x0513
mem[X,0x8003C47A] -> 0x0060
[5610] [M]: 0x8003C478 (0x00600513) addi a0, zero, 6
x10 <- 0x00000006


mem[X,0x8003C47C] -> 0x05B7
mem[X,0x8003C47E] -> 0x0001
[5611] [M]: 0x8003C47C (0x000105B7) lui a1, 16
x11 <- 0x00010000


mem[X,0x8003C480] -> 0x0193
mem[X,0x8003C482] -> 0x0000
[5612] [M]: 0x8003C480 (0x00000193) addi gp, zero, 0
x3 <- 0x00000000


mem[X,0x8003C484] -> 0x006F
mem[X,0x8003C486] -> 0x0100
[5613] [M]: 0x8003C484 (0x0100006F) jal zero, 16


mem[X,0x8003C494] -> 0x7AE3
mem[X,0x8003C496] -> 0xFEB5
[5614] [M]: 0x8003C494 (0xFEB57AE3) bgeu a0, a1, 8180


mem[X,0x8003C498] -> 0x8193
mem[X,0x8003C49A] -> 0x0021
[5615] [M]: 0x8003C498 (0x00218193) addi gp, gp, 2
x3 <- 0x00000002


mem[X,0x8003C49C] -> 0x006F
mem[X,0x8003C49E] -> 0x00C0
[5616] [M]: 0x8003C49C (0x00C0006F) jal zero, 12


mem[X,0x8003C4A8] -> 0x2C23
mem[X,0x8003C4AA] -> 0x0E31
[5617] [M]: 0x8003C4A8 (0x0E312C23) sw gp, 248(sp)
mem[0x8004BA5C] <- 0x00000002


mem[X,0x8003C4AC] -> 0x3537
mem[X,0x8003C4AE] -> 0x3333
[5618] [M]: 0x8003C4AC (0x33333537) lui a0, 209715
x10 <- 0x33333000


mem[X,0x8003C4B0] -> 0x0513
mem[X,0x8003C4B2] -> 0x3345
[5619] [M]: 0x8003C4B0 (0x33450513) addi a0, a0, 820
x10 <- 0x33333334


mem[X,0x8003C4B4] -> 0x0593
mem[X,0x8003C4B6] -> 0x0030
[5620] [M]: 0x8003C4B4 (0x00300593) addi a1, zero, 3
x11 <- 0x00000003


mem[X,0x8003C4B8] -> 0x0193
mem[X,0x8003C4BA] -> 0x0000
[5621] [M]: 0x8003C4B8 (0x00000193) addi gp, zero, 0
x3 <- 0x00000000


mem[X,0x8003C4BC] -> 0x006F
mem[X,0x8003C4BE] -> 0x00C0
[5622] [M]: 0x8003C4BC (0x00C0006F) jal zero, 12


mem[X,0x8003C4C8] -> 0x7063
mem[X,0x8003C4CA] -> 0x02B5
[5623] [M]: 0x8003C4C8 (0x02B57063) bgeu a0, a1, 32


mem[X,0x8003C4E8] -> 0x8193
mem[X,0x8003C4EA] -> 0x0031
[5624] [M]: 0x8003C4E8 (0x00318193) addi gp, gp, 3
x3 <- 0x00000003


mem[X,0x8003C4EC] -> 0x006F
mem[X,0x8003C4EE] -> 0x0040
[5625] [M]: 0x8003C4EC (0x0040006F) jal zero, 4


mem[X,0x8003C4F0] -> 0x2E23
mem[X,0x8003C4F2] -> 0x0E31
[5626] [M]: 0x8003C4F0 (0x0E312E23) sw gp, 252(sp)
mem[0x8004BA60] <- 0x00000003


mem[X,0x8003C4F4] -> 0x3537
mem[X,0x8003C4F6] -> 0x3333
[5627] [M]: 0x8003C4F4 (0x33333537) lui a0, 209715
x10 <- 0x33333000


mem[X,0x8003C4F8] -> 0x0513
mem[X,0x8003C4FA] -> 0x3345
[5628] [M]: 0x8003C4F8 (0x33450513) addi a0, a0, 820
x10 <- 0x33333334


mem[X,0x8003C4FC] -> 0x55B7
mem[X,0x8003C4FE] -> 0x5555
[5629] [M]: 0x8003C4FC (0x555555B7) lui a1, 349525
x11 <- 0x55555000


mem[X,0x8003C500] -> 0x8593
mem[X,0x8003C502] -> 0x5555
[5630] [M]: 0x8003C500 (0x55558593) addi a1, a1, 1365
x11 <- 0x55555555


mem[X,0x8003C504] -> 0x0193
mem[X,0x8003C506] -> 0x0000
[5631] [M]: 0x8003C504 (0x00000193) addi gp, zero, 0
x3 <- 0x00000000


mem[X,0x8003C508] -> 0x006F
mem[X,0x8003C50A] -> 0x00C0
[5632] [M]: 0x8003C508 (0x00C0006F) jal zero, 12


mem[X,0x8003C514] -> 0x7663
mem[X,0x8003C516] -> 0x00B5
[5633] [M]: 0x8003C514 (0x00B57663) bgeu a0, a1, 12


mem[X,0x8003C518] -> 0x8193
mem[X,0x8003C51A] -> 0x0021
[5634] [M]: 0x8003C518 (0x00218193) addi gp, gp, 2
x3 <- 0x00000002


mem[X,0x8003C51C] -> 0x006F
mem[X,0x8003C51E] -> 0x00C0
[5635] [M]: 0x8003C51C (0x00C0006F) jal zero, 12


mem[X,0x8003C528] -> 0x2023
mem[X,0x8003C52A] -> 0x1031
[5636] [M]: 0x8003C528 (0x10312023) sw gp, 256(sp)
mem[0x8004BA64] <- 0x00000002


mem[X,0x8003C52C] -> 0x6537
mem[X,0x8003C52E] -> 0x6666
[5637] [M]: 0x8003C52C (0x66666537) lui a0, 419430
x10 <- 0x66666000


mem[X,0x8003C530] -> 0x0513
mem[X,0x8003C532] -> 0x6655
[5638] [M]: 0x8003C530 (0x66550513) addi a0, a0, 1637
x10 <- 0x66666665


mem[X,0x8003C534] -> 0xB5B7
mem[X,0x8003C536] -> 0xAAAA
[5639] [M]: 0x8003C534 (0xAAAAB5B7) lui a1, 699051
x11 <- 0xAAAAB000


mem[X,0x8003C538] -> 0x8593
mem[X,0x8003C53A] -> 0xAAB5
[5640] [M]: 0x8003C538 (0xAAB58593) addi a1, a1, 2731
x11 <- 0xAAAAAAAB


mem[X,0x8003C53C] -> 0x0193
mem[X,0x8003C53E] -> 0x0000
[5641] [M]: 0x8003C53C (0x00000193) addi gp, zero, 0
x3 <- 0x00000000


mem[X,0x8003C540] -> 0x006F
mem[X,0x8003C542] -> 0x00C0
[5642] [M]: 0x8003C540 (0x00C0006F) jal zero, 12


mem[X,0x8003C54C] -> 0x7663
mem[X,0x8003C54E] -> 0x00B5
[5643] [M]: 0x8003C54C (0x00B57663) bgeu a0, a1, 12


mem[X,0x8003C550] -> 0x8193
mem[X,0x8003C552] -> 0x0021
[5644] [M]: 0x8003C550 (0x00218193) addi gp, gp, 2
x3 <- 0x00000002


mem[X,0x8003C554] -> 0x006F
mem[X,0x8003C556] -> 0x00C0
[5645] [M]: 0x8003C554 (0x00C0006F) jal zero, 12


mem[X,0x8003C560] -> 0x2223
mem[X,0x8003C562] -> 0x1031
[5646] [M]: 0x8003C560 (0x10312223) sw gp, 260(sp)
mem[0x8004BA68] <- 0x00000002


mem[X,0x8003C564] -> 0x3537
mem[X,0x8003C566] -> 0x3333
[5647] [M]: 0x8003C564 (0x33333537) lui a0, 209715
x10 <- 0x33333000


mem[X,0x8003C568] -> 0x0513
mem[X,0x8003C56A] -> 0x3345
[5648] [M]: 0x8003C568 (0x33450513) addi a0, a0, 820
x10 <- 0x33333334


mem[X,0x8003C56C] -> 0xB5B7
mem[X,0x8003C56E] -> 0xAAAA
[5649] [M]: 0x8003C56C (0xAAAAB5B7) lui a1, 699051
x11 <- 0xAAAAB000


mem[X,0x8003C570] -> 0x8593
mem[X,0x8003C572] -> 0xAAA5
[5650] [M]: 0x8003C570 (0xAAA58593) addi a1, a1, 2730
x11 <- 0xAAAAAAAA


mem[X,0x8003C574] -> 0x0193
mem[X,0x8003C576] -> 0x0000
[5651] [M]: 0x8003C574 (0x00000193) addi gp, zero, 0
x3 <- 0x00000000


mem[X,0x8003C578] -> 0x006F
mem[X,0x8003C57A] -> 0x00C0
[5652] [M]: 0x8003C578 (0x00C0006F) jal zero, 12


mem[X,0x8003C584] -> 0x7CE3
mem[X,0x8003C586] -> 0xFEB5
[5653] [M]: 0x8003C584 (0xFEB57CE3) bgeu a0, a1, 8184


mem[X,0x8003C588] -> 0x8193
mem[X,0x8003C58A] -> 0x0021
[5654] [M]: 0x8003C588 (0x00218193) addi gp, gp, 2
x3 <- 0x00000002


mem[X,0x8003C58C] -> 0x006F
mem[X,0x8003C58E] -> 0x00C0
[5655] [M]: 0x8003C58C (0x00C0006F) jal zero, 12


mem[X,0x8003C598] -> 0x2423
mem[X,0x8003C59A] -> 0x1031
[5656] [M]: 0x8003C598 (0x10312423) sw gp, 264(sp)
mem[0x8004BA6C] <- 0x00000002


mem[X,0x8003C59C] -> 0x3537
mem[X,0x8003C59E] -> 0x3333
[5657] [M]: 0x8003C59C (0x33333537) lui a0, 209715
x10 <- 0x33333000


mem[X,0x8003C5A0] -> 0x0513
mem[X,0x8003C5A2] -> 0x3345
[5658] [M]: 0x8003C5A0 (0x33450513) addi a0, a0, 820
x10 <- 0x33333334


mem[X,0x8003C5A4] -> 0x0593
mem[X,0x8003C5A6] -> 0x0050
[5659] [M]: 0x8003C5A4 (0x00500593) addi a1, zero, 5
x11 <- 0x00000005


mem[X,0x8003C5A8] -> 0x0193
mem[X,0x8003C5AA] -> 0x0000
[5660] [M]: 0x8003C5A8 (0x00000193) addi gp, zero, 0
x3 <- 0x00000000


mem[X,0x8003C5AC] -> 0x006F
mem[X,0x8003C5AE] -> 0x0050
[5661] [M]: 0x8003C5AC (0x0050006F) jal zero, 2052


mem[X,0x8003CDB0] -> 0x70E3
mem[X,0x8003CDB2] -> 0x80B5
[5662] [M]: 0x8003CDB0 (0x80B570E3) bgeu a0, a1, 6144


mem[X,0x8003C5B0] -> 0x8193
mem[X,0x8003C5B2] -> 0x0011
[5663] [M]: 0x8003C5B0 (0x00118193) addi gp, gp, 1
x3 <- 0x00000001


mem[X,0x8003C5B4] -> 0x006F
mem[X,0x8003C5B6] -> 0x0110
[5664] [M]: 0x8003C5B4 (0x0110006F) jal zero, 2064


mem[X,0x8003CDC4] -> 0x2623
mem[X,0x8003CDC6] -> 0x1031
[5665] [M]: 0x8003CDC4 (0x10312623) sw gp, 268(sp)
mem[0x8004BA70] <- 0x00000001


mem[X,0x8003CDC8] -> 0x3537
mem[X,0x8003CDCA] -> 0x3333
[5666] [M]: 0x8003CDC8 (0x33333537) lui a0, 209715
x10 <- 0x33333000


mem[X,0x8003CDCC] -> 0x0513
mem[X,0x8003CDCE] -> 0x3345
[5667] [M]: 0x8003CDCC (0x33450513) addi a0, a0, 820
x10 <- 0x33333334


mem[X,0x8003CDD0] -> 0x35B7
mem[X,0x8003CDD2] -> 0x3333
[5668] [M]: 0x8003CDD0 (0x333335B7) lui a1, 209715
x11 <- 0x33333000


mem[X,0x8003CDD4] -> 0x8593
mem[X,0x8003CDD6] -> 0x3335
[5669] [M]: 0x8003CDD4 (0x33358593) addi a1, a1, 819
x11 <- 0x33333333


mem[X,0x8003CDD8] -> 0x0193
mem[X,0x8003CDDA] -> 0x0000
[5670] [M]: 0x8003CDD8 (0x00000193) addi gp, zero, 0
x3 <- 0x00000000


mem[X,0x8003CDDC] -> 0x006F
mem[X,0x8003CDDE] -> 0x0100
[5671] [M]: 0x8003CDDC (0x0100006F) jal zero, 16


mem[X,0x8003CDEC] -> 0x7AE3
mem[X,0x8003CDEE] -> 0xFEB5
[5672] [M]: 0x8003CDEC (0xFEB57AE3) bgeu a0, a1, 8180


mem[X,0x8003CDE0] -> 0x8193
mem[X,0x8003CDE2] -> 0x0011
[5673] [M]: 0x8003CDE0 (0x00118193) addi gp, gp, 1
x3 <- 0x00000001


mem[X,0x8003CDE4] -> 0x006F
mem[X,0x8003CDE6] -> 0x01C0
[5674] [M]: 0x8003CDE4 (0x01C0006F) jal zero, 28


mem[X,0x8003CE00] -> 0x2823
mem[X,0x8003CE02] -> 0x1031
[5675] [M]: 0x8003CE00 (0x10312823) sw gp, 272(sp)
mem[0x8004BA74] <- 0x00000001


mem[X,0x8003CE04] -> 0x3537
mem[X,0x8003CE06] -> 0x3333
[5676] [M]: 0x8003CE04 (0x33333537) lui a0, 209715
x10 <- 0x33333000


mem[X,0x8003CE08] -> 0x0513
mem[X,0x8003CE0A] -> 0x3345
[5677] [M]: 0x8003CE08 (0x33450513) addi a0, a0, 820
x10 <- 0x33333334


mem[X,0x8003CE0C] -> 0x65B7
mem[X,0x8003CE0E] -> 0x6666
[5678] [M]: 0x8003CE0C (0x666665B7) lui a1, 419430
x11 <- 0x66666000


mem[X,0x8003CE10] -> 0x8593
mem[X,0x8003CE12] -> 0x6665
[5679] [M]: 0x8003CE10 (0x66658593) addi a1, a1, 1638
x11 <- 0x66666666


mem[X,0x8003CE14] -> 0x0193
mem[X,0x8003CE16] -> 0x0000
[5680] [M]: 0x8003CE14 (0x00000193) addi gp, zero, 0
x3 <- 0x00000000


mem[X,0x8003CE18] -> 0x006F
mem[X,0x8003CE1A] -> 0x00C0
[5681] [M]: 0x8003CE18 (0x00C0006F) jal zero, 12


mem[X,0x8003CE24] -> 0x7063
mem[X,0x8003CE26] -> 0x04B5
[5682] [M]: 0x8003CE24 (0x04B57063) bgeu a0, a1, 64


mem[X,0x8003CE28] -> 0x8193
mem[X,0x8003CE2A] -> 0x0021
[5683] [M]: 0x8003CE28 (0x00218193) addi gp, gp, 2
x3 <- 0x00000002


mem[X,0x8003CE2C] -> 0x006F
mem[X,0x8003CE2E] -> 0x0400
[5684] [M]: 0x8003CE2C (0x0400006F) jal zero, 64


mem[X,0x8003CE6C] -> 0x2A23
mem[X,0x8003CE6E] -> 0x1031
[5685] [M]: 0x8003CE6C (0x10312A23) sw gp, 276(sp)
mem[0x8004BA78] <- 0x00000002


mem[X,0x8003CE70] -> 0x3537
mem[X,0x8003CE72] -> 0x3333
[5686] [M]: 0x8003CE70 (0x33333537) lui a0, 209715
x10 <- 0x33333000


mem[X,0x8003CE74] -> 0x0513
mem[X,0x8003CE76] -> 0x3345
[5687] [M]: 0x8003CE74 (0x33450513) addi a0, a0, 820
x10 <- 0x33333334


mem[X,0x8003CE78] -> 0xB5B7
mem[X,0x8003CE7A] -> 0x0000
[5688] [M]: 0x8003CE78 (0x0000B5B7) lui a1, 11
x11 <- 0x0000B000


mem[X,0x8003CE7C] -> 0x8593
mem[X,0x8003CE7E] -> 0x5045
[5689] [M]: 0x8003CE7C (0x50458593) addi a1, a1, 1284
x11 <- 0x0000B504


mem[X,0x8003CE80] -> 0x0193
mem[X,0x8003CE82] -> 0x0000
[5690] [M]: 0x8003CE80 (0x00000193) addi gp, zero, 0
x3 <- 0x00000000


mem[X,0x8003CE84] -> 0x006F
mem[X,0x8003CE86] -> 0x0050
[5691] [M]: 0x8003CE84 (0x0050006F) jal zero, 2052


mem[X,0x8003D688] -> 0x70E3
mem[X,0x8003D68A] -> 0x80B5
[5692] [M]: 0x8003D688 (0x80B570E3) bgeu a0, a1, 6144


mem[X,0x8003CE88] -> 0x8193
mem[X,0x8003CE8A] -> 0x0011
[5693] [M]: 0x8003CE88 (0x00118193) addi gp, gp, 1
x3 <- 0x00000001


mem[X,0x8003CE8C] -> 0x006F
mem[X,0x8003CE8E] -> 0x0110
[5694] [M]: 0x8003CE8C (0x0110006F) jal zero, 2064


mem[X,0x8003D69C] -> 0x2C23
mem[X,0x8003D69E] -> 0x1031
[5695] [M]: 0x8003D69C (0x10312C23) sw gp, 280(sp)
mem[0x8004BA7C] <- 0x00000001


mem[X,0x8003D6A0] -> 0x3537
mem[X,0x8003D6A2] -> 0x3333
[5696] [M]: 0x8003D6A0 (0x33333537) lui a0, 209715
x10 <- 0x33333000


mem[X,0x8003D6A4] -> 0x0513
mem[X,0x8003D6A6] -> 0x3345
[5697] [M]: 0x8003D6A4 (0x33450513) addi a0, a0, 820
x10 <- 0x33333334


mem[X,0x8003D6A8] -> 0x0593
mem[X,0x8003D6AA] -> 0x0000
[5698] [M]: 0x8003D6A8 (0x00000593) addi a1, zero, 0
x11 <- 0x00000000


mem[X,0x8003D6AC] -> 0x0193
mem[X,0x8003D6AE] -> 0x0000
[5699] [M]: 0x8003D6AC (0x00000193) addi gp, zero, 0
x3 <- 0x00000000


clint::tick mtime <- 0x0000000000000039
 clint timer pending at mtime 0x0000000000000039
htif::tick 0x0000000000000000
mem[X,0x8003D6B0] -> 0x006F
mem[X,0x8003D6B2] -> 0x00C0
[5700] [M]: 0x8003D6B0 (0x00C0006F) jal zero, 12


mem[X,0x8003D6BC] -> 0x7063
mem[X,0x8003D6BE] -> 0x20B5
[5701] [M]: 0x8003D6BC (0x20B57063) bgeu a0, a1, 512


mem[X,0x8003D8BC] -> 0x8193
mem[X,0x8003D8BE] -> 0x0031
[5702] [M]: 0x8003D8BC (0x00318193) addi gp, gp, 3
x3 <- 0x00000003


mem[X,0x8003D8C0] -> 0x006F
mem[X,0x8003D8C2] -> 0x0040
[5703] [M]: 0x8003D8C0 (0x0040006F) jal zero, 4


mem[X,0x8003D8C4] -> 0x2E23
mem[X,0x8003D8C6] -> 0x1031
[5704] [M]: 0x8003D8C4 (0x10312E23) sw gp, 284(sp)
mem[0x8004BA80] <- 0x00000003


mem[X,0x8003D8C8] -> 0x3537
mem[X,0x8003D8CA] -> 0x3333
[5705] [M]: 0x8003D8C8 (0x33333537) lui a0, 209715
x10 <- 0x33333000


mem[X,0x8003D8CC] -> 0x0513
mem[X,0x8003D8CE] -> 0x3345
[5706] [M]: 0x8003D8CC (0x33450513) addi a0, a0, 820
x10 <- 0x33333334


mem[X,0x8003D8D0] -> 0x05B7
mem[X,0x8003D8D2] -> 0x0001
[5707] [M]: 0x8003D8D0 (0x000105B7) lui a1, 16
x11 <- 0x00010000


mem[X,0x8003D8D4] -> 0x8593
mem[X,0x8003D8D6] -> 0xFFF5
[5708] [M]: 0x8003D8D4 (0xFFF58593) addi a1, a1, 4095
x11 <- 0x0000FFFF


mem[X,0x8003D8D8] -> 0x0193
mem[X,0x8003D8DA] -> 0x0000
[5709] [M]: 0x8003D8D8 (0x00000193) addi gp, zero, 0
x3 <- 0x00000000


mem[X,0x8003D8DC] -> 0x006F
mem[X,0x8003D8DE] -> 0x00C0
[5710] [M]: 0x8003D8DC (0x00C0006F) jal zero, 12


mem[X,0x8003D8E8] -> 0x7663
mem[X,0x8003D8EA] -> 0x00B5
[5711] [M]: 0x8003D8E8 (0x00B57663) bgeu a0, a1, 12


mem[X,0x8003D8F4] -> 0x8193
mem[X,0x8003D8F6] -> 0x0031
[5712] [M]: 0x8003D8F4 (0x00318193) addi gp, gp, 3
x3 <- 0x00000003


mem[X,0x8003D8F8] -> 0x006F
mem[X,0x8003D8FA] -> 0x0040
[5713] [M]: 0x8003D8F8 (0x0040006F) jal zero, 4


mem[X,0x8003D8FC] -> 0x2023
mem[X,0x8003D8FE] -> 0x1231
[5714] [M]: 0x8003D8FC (0x12312023) sw gp, 288(sp)
mem[0x8004BA84] <- 0x00000003


mem[X,0x8003D900] -> 0x3537
mem[X,0x8003D902] -> 0x3333
[5715] [M]: 0x8003D900 (0x33333537) lui a0, 209715
x10 <- 0x33333000


mem[X,0x8003D904] -> 0x0513
mem[X,0x8003D906] -> 0x3345
[5716] [M]: 0x8003D904 (0x33450513) addi a0, a0, 820
x10 <- 0x33333334


mem[X,0x8003D908] -> 0x0593
mem[X,0x8003D90A] -> 0x0020
[5717] [M]: 0x8003D908 (0x00200593) addi a1, zero, 2
x11 <- 0x00000002


mem[X,0x8003D90C] -> 0x0193
mem[X,0x8003D90E] -> 0x0000
[5718] [M]: 0x8003D90C (0x00000193) addi gp, zero, 0
x3 <- 0x00000000


mem[X,0x8003D910] -> 0x006F
mem[X,0x8003D912] -> 0x0100
[5719] [M]: 0x8003D910 (0x0100006F) jal zero, 16


mem[X,0x8003D920] -> 0x7AE3
mem[X,0x8003D922] -> 0xFEB5
[5720] [M]: 0x8003D920 (0xFEB57AE3) bgeu a0, a1, 8180


mem[X,0x8003D914] -> 0x8193
mem[X,0x8003D916] -> 0x0011
[5721] [M]: 0x8003D914 (0x00118193) addi gp, gp, 1
x3 <- 0x00000001


mem[X,0x8003D918] -> 0x006F
mem[X,0x8003D91A] -> 0x01C0
[5722] [M]: 0x8003D918 (0x01C0006F) jal zero, 28


mem[X,0x8003D934] -> 0x2223
mem[X,0x8003D936] -> 0x1231
[5723] [M]: 0x8003D934 (0x12312223) sw gp, 292(sp)
mem[0x8004BA88] <- 0x00000001


mem[X,0x8003D938] -> 0x3537
mem[X,0x8003D93A] -> 0x3333
[5724] [M]: 0x8003D938 (0x33333537) lui a0, 209715
x10 <- 0x33333000


mem[X,0x8003D93C] -> 0x0513
mem[X,0x8003D93E] -> 0x3345
[5725] [M]: 0x8003D93C (0x33450513) addi a0, a0, 820
x10 <- 0x33333334


mem[X,0x8003D940] -> 0x55B7
mem[X,0x8003D942] -> 0x5555
[5726] [M]: 0x8003D940 (0x555555B7) lui a1, 349525
x11 <- 0x55555000


mem[X,0x8003D944] -> 0x8593
mem[X,0x8003D946] -> 0x5545
[5727] [M]: 0x8003D944 (0x55458593) addi a1, a1, 1364
x11 <- 0x55555554


mem[X,0x8003D948] -> 0x0193
mem[X,0x8003D94A] -> 0x0000
[5728] [M]: 0x8003D948 (0x00000193) addi gp, zero, 0
x3 <- 0x00000000


mem[X,0x8003D94C] -> 0x006F
mem[X,0x8003D94E] -> 0x00C0
[5729] [M]: 0x8003D94C (0x00C0006F) jal zero, 12


mem[X,0x8003D958] -> 0x7063
mem[X,0x8003D95A] -> 0x40B5
[5730] [M]: 0x8003D958 (0x40B57063) bgeu a0, a1, 1024


mem[X,0x8003D95C] -> 0x8193
mem[X,0x8003D95E] -> 0x0021
[5731] [M]: 0x8003D95C (0x00218193) addi gp, gp, 2
x3 <- 0x00000002


mem[X,0x8003D960] -> 0x006F
mem[X,0x8003D962] -> 0x4000
[5732] [M]: 0x8003D960 (0x4000006F) jal zero, 1024


mem[X,0x8003DD60] -> 0x2423
mem[X,0x8003DD62] -> 0x1231
[5733] [M]: 0x8003DD60 (0x12312423) sw gp, 296(sp)
mem[0x8004BA8C] <- 0x00000002


mem[X,0x8003DD64] -> 0x3537
mem[X,0x8003DD66] -> 0x3333
[5734] [M]: 0x8003DD64 (0x33333537) lui a0, 209715
x10 <- 0x33333000


mem[X,0x8003DD68] -> 0x0513
mem[X,0x8003DD6A] -> 0x3345
[5735] [M]: 0x8003DD68 (0x33450513) addi a0, a0, 820
x10 <- 0x33333334


mem[X,0x8003DD6C] -> 0xB5B7
mem[X,0x8003DD6E] -> 0xAAAA
[5736] [M]: 0x8003DD6C (0xAAAAB5B7) lui a1, 699051
x11 <- 0xAAAAB000


mem[X,0x8003DD70] -> 0x8593
mem[X,0x8003DD72] -> 0xAA95
[5737] [M]: 0x8003DD70 (0xAA958593) addi a1, a1, 2729
x11 <- 0xAAAAAAA9


mem[X,0x8003DD74] -> 0x0193
mem[X,0x8003DD76] -> 0x0000
[5738] [M]: 0x8003DD74 (0x00000193) addi gp, zero, 0
x3 <- 0x00000000


mem[X,0x8003DD78] -> 0x006F
mem[X,0x8003DD7A] -> 0x0050
[5739] [M]: 0x8003DD78 (0x0050006F) jal zero, 2052


mem[X,0x8003E57C] -> 0x70E3
mem[X,0x8003E57E] -> 0x80B5
[5740] [M]: 0x8003E57C (0x80B570E3) bgeu a0, a1, 6144


mem[X,0x8003E580] -> 0x8193
mem[X,0x8003E582] -> 0x0021
[5741] [M]: 0x8003E580 (0x00218193) addi gp, gp, 2
x3 <- 0x00000002


mem[X,0x8003E584] -> 0x006F
mem[X,0x8003E586] -> 0x00C0
[5742] [M]: 0x8003E584 (0x00C0006F) jal zero, 12


mem[X,0x8003E590] -> 0x2623
mem[X,0x8003E592] -> 0x1231
[5743] [M]: 0x8003E590 (0x12312623) sw gp, 300(sp)
mem[0x8004BA90] <- 0x00000002


mem[X,0x8003E594] -> 0x3537
mem[X,0x8003E596] -> 0x3333
[5744] [M]: 0x8003E594 (0x33333537) lui a0, 209715
x10 <- 0x33333000


mem[X,0x8003E598] -> 0x0513
mem[X,0x8003E59A] -> 0x3345
[5745] [M]: 0x8003E598 (0x33450513) addi a0, a0, 820
x10 <- 0x33333334


mem[X,0x8003E59C] -> 0x0593
mem[X,0x8003E59E] -> 0x0040
[5746] [M]: 0x8003E59C (0x00400593) addi a1, zero, 4
x11 <- 0x00000004


mem[X,0x8003E5A0] -> 0x0193
mem[X,0x8003E5A2] -> 0x0000
[5747] [M]: 0x8003E5A0 (0x00000193) addi gp, zero, 0
x3 <- 0x00000000


mem[X,0x8003E5A4] -> 0x006F
mem[X,0x8003E5A6] -> 0x00C0
[5748] [M]: 0x8003E5A4 (0x00C0006F) jal zero, 12


mem[X,0x8003E5B0] -> 0x7063
mem[X,0x8003E5B2] -> 0x40B5
[5749] [M]: 0x8003E5B0 (0x40B57063) bgeu a0, a1, 1024


mem[X,0x8003E9B0] -> 0x8193
mem[X,0x8003E9B2] -> 0x0031
[5750] [M]: 0x8003E9B0 (0x00318193) addi gp, gp, 3
x3 <- 0x00000003


mem[X,0x8003E9B4] -> 0x006F
mem[X,0x8003E9B6] -> 0x0040
[5751] [M]: 0x8003E9B4 (0x0040006F) jal zero, 4


mem[X,0x8003E9B8] -> 0x2823
mem[X,0x8003E9BA] -> 0x1231
[5752] [M]: 0x8003E9B8 (0x12312823) sw gp, 304(sp)
mem[0x8004BA94] <- 0x00000003


mem[X,0x8003E9BC] -> 0x3537
mem[X,0x8003E9BE] -> 0x3333
[5753] [M]: 0x8003E9BC (0x33333537) lui a0, 209715
x10 <- 0x33333000


mem[X,0x8003E9C0] -> 0x0513
mem[X,0x8003E9C2] -> 0x3345
[5754] [M]: 0x8003E9C0 (0x33450513) addi a0, a0, 820
x10 <- 0x33333334


mem[X,0x8003E9C4] -> 0x35B7
mem[X,0x8003E9C6] -> 0x3333
[5755] [M]: 0x8003E9C4 (0x333335B7) lui a1, 209715
x11 <- 0x33333000


mem[X,0x8003E9C8] -> 0x8593
mem[X,0x8003E9CA] -> 0x3325
[5756] [M]: 0x8003E9C8 (0x33258593) addi a1, a1, 818
x11 <- 0x33333332


mem[X,0x8003E9CC] -> 0x0193
mem[X,0x8003E9CE] -> 0x0000
[5757] [M]: 0x8003E9CC (0x00000193) addi gp, zero, 0
x3 <- 0x00000000


mem[X,0x8003E9D0] -> 0x006F
mem[X,0x8003E9D2] -> 0x00C0
[5758] [M]: 0x8003E9D0 (0x00C0006F) jal zero, 12


mem[X,0x8003E9DC] -> 0x7CE3
mem[X,0x8003E9DE] -> 0xFEB5
[5759] [M]: 0x8003E9DC (0xFEB57CE3) bgeu a0, a1, 8184


mem[X,0x8003E9D4] -> 0x8193
mem[X,0x8003E9D6] -> 0x0011
[5760] [M]: 0x8003E9D4 (0x00118193) addi gp, gp, 1
x3 <- 0x00000001


mem[X,0x8003E9D8] -> 0x006F
mem[X,0x8003E9DA] -> 0x0180
[5761] [M]: 0x8003E9D8 (0x0180006F) jal zero, 24


mem[X,0x8003E9F0] -> 0x2A23
mem[X,0x8003E9F2] -> 0x1231
[5762] [M]: 0x8003E9F0 (0x12312A23) sw gp, 308(sp)
mem[0x8004BA98] <- 0x00000001


mem[X,0x8003E9F4] -> 0x3537
mem[X,0x8003E9F6] -> 0x3333
[5763] [M]: 0x8003E9F4 (0x33333537) lui a0, 209715
x10 <- 0x33333000


mem[X,0x8003E9F8] -> 0x0513
mem[X,0x8003E9FA] -> 0x3345
[5764] [M]: 0x8003E9F8 (0x33450513) addi a0, a0, 820
x10 <- 0x33333334


mem[X,0x8003E9FC] -> 0x65B7
mem[X,0x8003E9FE] -> 0x6666
[5765] [M]: 0x8003E9FC (0x666665B7) lui a1, 419430
x11 <- 0x66666000


mem[X,0x8003EA00] -> 0x8593
mem[X,0x8003EA02] -> 0x6655
[5766] [M]: 0x8003EA00 (0x66558593) addi a1, a1, 1637
x11 <- 0x66666665


mem[X,0x8003EA04] -> 0x0193
mem[X,0x8003EA06] -> 0x0000
[5767] [M]: 0x8003EA04 (0x00000193) addi gp, zero, 0
x3 <- 0x00000000


mem[X,0x8003EA08] -> 0x006F
mem[X,0x8003EA0A] -> 0x00C0
[5768] [M]: 0x8003EA08 (0x00C0006F) jal zero, 12


mem[X,0x8003EA14] -> 0x7063
mem[X,0x8003EA16] -> 0x02B5
[5769] [M]: 0x8003EA14 (0x02B57063) bgeu a0, a1, 32


mem[X,0x8003EA18] -> 0x8193
mem[X,0x8003EA1A] -> 0x0021
[5770] [M]: 0x8003EA18 (0x00218193) addi gp, gp, 2
x3 <- 0x00000002


mem[X,0x8003EA1C] -> 0x006F
mem[X,0x8003EA1E] -> 0x0200
[5771] [M]: 0x8003EA1C (0x0200006F) jal zero, 32


mem[X,0x8003EA3C] -> 0x2C23
mem[X,0x8003EA3E] -> 0x1231
[5772] [M]: 0x8003EA3C (0x12312C23) sw gp, 312(sp)
mem[0x8004BA9C] <- 0x00000002


mem[X,0x8003EA40] -> 0x3537
mem[X,0x8003EA42] -> 0x3333
[5773] [M]: 0x8003EA40 (0x33333537) lui a0, 209715
x10 <- 0x33333000


mem[X,0x8003EA44] -> 0x0513
mem[X,0x8003EA46] -> 0x3345
[5774] [M]: 0x8003EA44 (0x33450513) addi a0, a0, 820
x10 <- 0x33333334


mem[X,0x8003EA48] -> 0xB5B7
mem[X,0x8003EA4A] -> 0x0000
[5775] [M]: 0x8003EA48 (0x0000B5B7) lui a1, 11
x11 <- 0x0000B000


mem[X,0x8003EA4C] -> 0x8593
mem[X,0x8003EA4E] -> 0x5035
[5776] [M]: 0x8003EA4C (0x50358593) addi a1, a1, 1283
x11 <- 0x0000B503


mem[X,0x8003EA50] -> 0x0193
mem[X,0x8003EA52] -> 0x0000
[5777] [M]: 0x8003EA50 (0x00000193) addi gp, zero, 0
x3 <- 0x00000000


mem[X,0x8003EA54] -> 0x006F
mem[X,0x8003EA56] -> 0x00C0
[5778] [M]: 0x8003EA54 (0x00C0006F) jal zero, 12


mem[X,0x8003EA60] -> 0x7063
mem[X,0x8003EA62] -> 0x20B5
[5779] [M]: 0x8003EA60 (0x20B57063) bgeu a0, a1, 512


mem[X,0x8003EC60] -> 0x8193
mem[X,0x8003EC62] -> 0x0031
[5780] [M]: 0x8003EC60 (0x00318193) addi gp, gp, 3
x3 <- 0x00000003


mem[X,0x8003EC64] -> 0x006F
mem[X,0x8003EC66] -> 0x0040
[5781] [M]: 0x8003EC64 (0x0040006F) jal zero, 4


mem[X,0x8003EC68] -> 0x2E23
mem[X,0x8003EC6A] -> 0x1231
[5782] [M]: 0x8003EC68 (0x12312E23) sw gp, 316(sp)
mem[0x8004BAA0] <- 0x00000003


mem[X,0x8003EC6C] -> 0x3537
mem[X,0x8003EC6E] -> 0x3333
[5783] [M]: 0x8003EC6C (0x33333537) lui a0, 209715
x10 <- 0x33333000


mem[X,0x8003EC70] -> 0x0513
mem[X,0x8003EC72] -> 0x3345
[5784] [M]: 0x8003EC70 (0x33450513) addi a0, a0, 820
x10 <- 0x33333334


mem[X,0x8003EC74] -> 0x05B7
mem[X,0x8003EC76] -> 0x0001
[5785] [M]: 0x8003EC74 (0x000105B7) lui a1, 16
x11 <- 0x00010000


mem[X,0x8003EC78] -> 0x8593
mem[X,0x8003EC7A] -> 0xFFE5
[5786] [M]: 0x8003EC78 (0xFFE58593) addi a1, a1, 4094
x11 <- 0x0000FFFE


mem[X,0x8003EC7C] -> 0x0193
mem[X,0x8003EC7E] -> 0x0000
[5787] [M]: 0x8003EC7C (0x00000193) addi gp, zero, 0
x3 <- 0x00000000


mem[X,0x8003EC80] -> 0x006F
mem[X,0x8003EC82] -> 0x0180
[5788] [M]: 0x8003EC80 (0x0180006F) jal zero, 24


mem[X,0x8003EC98] -> 0x76E3
mem[X,0x8003EC9A] -> 0xFEB5
[5789] [M]: 0x8003EC98 (0xFEB576E3) bgeu a0, a1, 8172


mem[X,0x8003EC84] -> 0x8193
mem[X,0x8003EC86] -> 0x0011
[5790] [M]: 0x8003EC84 (0x00118193) addi gp, gp, 1
x3 <- 0x00000001


mem[X,0x8003EC88] -> 0x006F
mem[X,0x8003EC8A] -> 0x0240
[5791] [M]: 0x8003EC88 (0x0240006F) jal zero, 36


mem[X,0x8003ECAC] -> 0x2023
mem[X,0x8003ECAE] -> 0x1431
[5792] [M]: 0x8003ECAC (0x14312023) sw gp, 320(sp)
mem[0x8004BAA4] <- 0x00000001


mem[X,0x8003ECB0] -> 0x3537
mem[X,0x8003ECB2] -> 0x3333
[5793] [M]: 0x8003ECB0 (0x33333537) lui a0, 209715
x10 <- 0x33333000


mem[X,0x8003ECB4] -> 0x0513
mem[X,0x8003ECB6] -> 0x3345
[5794] [M]: 0x8003ECB4 (0x33450513) addi a0, a0, 820
x10 <- 0x33333334


mem[X,0x8003ECB8] -> 0x55B7
mem[X,0x8003ECBA] -> 0x5555
[5795] [M]: 0x8003ECB8 (0x555555B7) lui a1, 349525
x11 <- 0x55555000


mem[X,0x8003ECBC] -> 0x8593
mem[X,0x8003ECBE] -> 0x5565
[5796] [M]: 0x8003ECBC (0x55658593) addi a1, a1, 1366
x11 <- 0x55555556


mem[X,0x8003ECC0] -> 0x0193
mem[X,0x8003ECC2] -> 0x0000
[5797] [M]: 0x8003ECC0 (0x00000193) addi gp, zero, 0
x3 <- 0x00000000


mem[X,0x8003ECC4] -> 0x006F
mem[X,0x8003ECC6] -> 0x00C0
[5798] [M]: 0x8003ECC4 (0x00C0006F) jal zero, 12


mem[X,0x8003ECD0] -> 0x7063
mem[X,0x8003ECD2] -> 0x40B5
[5799] [M]: 0x8003ECD0 (0x40B57063) bgeu a0, a1, 1024


clint::tick mtime <- 0x000000000000003A
 clint timer pending at mtime 0x000000000000003A
htif::tick 0x0000000000000000
mem[X,0x8003ECD4] -> 0x8193
mem[X,0x8003ECD6] -> 0x0021
[5800] [M]: 0x8003ECD4 (0x00218193) addi gp, gp, 2
x3 <- 0x00000002


mem[X,0x8003ECD8] -> 0x006F
mem[X,0x8003ECDA] -> 0x4000
[5801] [M]: 0x8003ECD8 (0x4000006F) jal zero, 1024


mem[X,0x8003F0D8] -> 0x2223
mem[X,0x8003F0DA] -> 0x1431
[5802] [M]: 0x8003F0D8 (0x14312223) sw gp, 324(sp)
mem[0x8004BAA8] <- 0x00000002


mem[X,0x8003F0DC] -> 0x3537
mem[X,0x8003F0DE] -> 0x3333
[5803] [M]: 0x8003F0DC (0x33333537) lui a0, 209715
x10 <- 0x33333000


mem[X,0x8003F0E0] -> 0x0513
mem[X,0x8003F0E2] -> 0x3345
[5804] [M]: 0x8003F0E0 (0x33450513) addi a0, a0, 820
x10 <- 0x33333334


mem[X,0x8003F0E4] -> 0xB5B7
mem[X,0x8003F0E6] -> 0xAAAA
[5805] [M]: 0x8003F0E4 (0xAAAAB5B7) lui a1, 699051
x11 <- 0xAAAAB000


mem[X,0x8003F0E8] -> 0x8593
mem[X,0x8003F0EA] -> 0xAAB5
[5806] [M]: 0x8003F0E8 (0xAAB58593) addi a1, a1, 2731
x11 <- 0xAAAAAAAB


mem[X,0x8003F0EC] -> 0x0193
mem[X,0x8003F0EE] -> 0x0000
[5807] [M]: 0x8003F0EC (0x00000193) addi gp, zero, 0
x3 <- 0x00000000


mem[X,0x8003F0F0] -> 0x006F
mem[X,0x8003F0F2] -> 0x00C0
[5808] [M]: 0x8003F0F0 (0x00C0006F) jal zero, 12


mem[X,0x8003F0FC] -> 0x7063
mem[X,0x8003F0FE] -> 0x08B5
[5809] [M]: 0x8003F0FC (0x08B57063) bgeu a0, a1, 128


mem[X,0x8003F100] -> 0x8193
mem[X,0x8003F102] -> 0x0021
[5810] [M]: 0x8003F100 (0x00218193) addi gp, gp, 2
x3 <- 0x00000002


mem[X,0x8003F104] -> 0x006F
mem[X,0x8003F106] -> 0x0800
[5811] [M]: 0x8003F104 (0x0800006F) jal zero, 128


mem[X,0x8003F184] -> 0x2423
mem[X,0x8003F186] -> 0x1431
[5812] [M]: 0x8003F184 (0x14312423) sw gp, 328(sp)
mem[0x8004BAAC] <- 0x00000002


mem[X,0x8003F188] -> 0x3537
mem[X,0x8003F18A] -> 0x3333
[5813] [M]: 0x8003F188 (0x33333537) lui a0, 209715
x10 <- 0x33333000


mem[X,0x8003F18C] -> 0x0513
mem[X,0x8003F18E] -> 0x3345
[5814] [M]: 0x8003F18C (0x33450513) addi a0, a0, 820
x10 <- 0x33333334


mem[X,0x8003F190] -> 0x0593
mem[X,0x8003F192] -> 0x0060
[5815] [M]: 0x8003F190 (0x00600593) addi a1, zero, 6
x11 <- 0x00000006


mem[X,0x8003F194] -> 0x0193
mem[X,0x8003F196] -> 0x0000
[5816] [M]: 0x8003F194 (0x00000193) addi gp, zero, 0
x3 <- 0x00000000


mem[X,0x8003F198] -> 0x006F
mem[X,0x8003F19A] -> 0x0180
[5817] [M]: 0x8003F198 (0x0180006F) jal zero, 24


mem[X,0x8003F1B0] -> 0x76E3
mem[X,0x8003F1B2] -> 0xFEB5
[5818] [M]: 0x8003F1B0 (0xFEB576E3) bgeu a0, a1, 8172


mem[X,0x8003F19C] -> 0x8193
mem[X,0x8003F19E] -> 0x0011
[5819] [M]: 0x8003F19C (0x00118193) addi gp, gp, 1
x3 <- 0x00000001


mem[X,0x8003F1A0] -> 0x006F
mem[X,0x8003F1A2] -> 0x0240
[5820] [M]: 0x8003F1A0 (0x0240006F) jal zero, 36


mem[X,0x8003F1C4] -> 0x2623
mem[X,0x8003F1C6] -> 0x1431
[5821] [M]: 0x8003F1C4 (0x14312623) sw gp, 332(sp)
mem[0x8004BAB0] <- 0x00000001


mem[X,0x8003F1C8] -> 0x3537
mem[X,0x8003F1CA] -> 0x3333
[5822] [M]: 0x8003F1C8 (0x33333537) lui a0, 209715
x10 <- 0x33333000


mem[X,0x8003F1CC] -> 0x0513
mem[X,0x8003F1CE] -> 0x3345
[5823] [M]: 0x8003F1CC (0x33450513) addi a0, a0, 820
x10 <- 0x33333334


mem[X,0x8003F1D0] -> 0x35B7
mem[X,0x8003F1D2] -> 0x3333
[5824] [M]: 0x8003F1D0 (0x333335B7) lui a1, 209715
x11 <- 0x33333000


mem[X,0x8003F1D4] -> 0x8593
mem[X,0x8003F1D6] -> 0x3345
[5825] [M]: 0x8003F1D4 (0x33458593) addi a1, a1, 820
x11 <- 0x33333334


mem[X,0x8003F1D8] -> 0x0193
mem[X,0x8003F1DA] -> 0x0000
[5826] [M]: 0x8003F1D8 (0x00000193) addi gp, zero, 0
x3 <- 0x00000000


mem[X,0x8003F1DC] -> 0x006F
mem[X,0x8003F1DE] -> 0x00C0
[5827] [M]: 0x8003F1DC (0x00C0006F) jal zero, 12


mem[X,0x8003F1E8] -> 0x7663
mem[X,0x8003F1EA] -> 0x00B5
[5828] [M]: 0x8003F1E8 (0x00B57663) bgeu a0, a1, 12


mem[X,0x8003F1F4] -> 0x8193
mem[X,0x8003F1F6] -> 0x0031
[5829] [M]: 0x8003F1F4 (0x00318193) addi gp, gp, 3
x3 <- 0x00000003


mem[X,0x8003F1F8] -> 0x006F
mem[X,0x8003F1FA] -> 0x0040
[5830] [M]: 0x8003F1F8 (0x0040006F) jal zero, 4


mem[X,0x8003F1FC] -> 0x2823
mem[X,0x8003F1FE] -> 0x1431
[5831] [M]: 0x8003F1FC (0x14312823) sw gp, 336(sp)
mem[0x8004BAB4] <- 0x00000003


mem[X,0x8003F200] -> 0x3537
mem[X,0x8003F202] -> 0x3333
[5832] [M]: 0x8003F200 (0x33333537) lui a0, 209715
x10 <- 0x33333000


mem[X,0x8003F204] -> 0x0513
mem[X,0x8003F206] -> 0x3345
[5833] [M]: 0x8003F204 (0x33450513) addi a0, a0, 820
x10 <- 0x33333334


mem[X,0x8003F208] -> 0x65B7
mem[X,0x8003F20A] -> 0x6666
[5834] [M]: 0x8003F208 (0x666665B7) lui a1, 419430
x11 <- 0x66666000


mem[X,0x8003F20C] -> 0x8593
mem[X,0x8003F20E] -> 0x6675
[5835] [M]: 0x8003F20C (0x66758593) addi a1, a1, 1639
x11 <- 0x66666667


mem[X,0x8003F210] -> 0x0193
mem[X,0x8003F212] -> 0x0000
[5836] [M]: 0x8003F210 (0x00000193) addi gp, zero, 0
x3 <- 0x00000000


mem[X,0x8003F214] -> 0x006F
mem[X,0x8003F216] -> 0x00C0
[5837] [M]: 0x8003F214 (0x00C0006F) jal zero, 12


mem[X,0x8003F220] -> 0x7CE3
mem[X,0x8003F222] -> 0xFEB5
[5838] [M]: 0x8003F220 (0xFEB57CE3) bgeu a0, a1, 8184


mem[X,0x8003F224] -> 0x8193
mem[X,0x8003F226] -> 0x0021
[5839] [M]: 0x8003F224 (0x00218193) addi gp, gp, 2
x3 <- 0x00000002


mem[X,0x8003F228] -> 0x006F
mem[X,0x8003F22A] -> 0x00C0
[5840] [M]: 0x8003F228 (0x00C0006F) jal zero, 12


mem[X,0x8003F234] -> 0x2A23
mem[X,0x8003F236] -> 0x1431
[5841] [M]: 0x8003F234 (0x14312A23) sw gp, 340(sp)
mem[0x8004BAB8] <- 0x00000002


mem[X,0x8003F238] -> 0x3537
mem[X,0x8003F23A] -> 0x3333
[5842] [M]: 0x8003F238 (0x33333537) lui a0, 209715
x10 <- 0x33333000


mem[X,0x8003F23C] -> 0x0513
mem[X,0x8003F23E] -> 0x3345
[5843] [M]: 0x8003F23C (0x33450513) addi a0, a0, 820
x10 <- 0x33333334


mem[X,0x8003F240] -> 0xB5B7
mem[X,0x8003F242] -> 0x0000
[5844] [M]: 0x8003F240 (0x0000B5B7) lui a1, 11
x11 <- 0x0000B000


mem[X,0x8003F244] -> 0x8593
mem[X,0x8003F246] -> 0x5055
[5845] [M]: 0x8003F244 (0x50558593) addi a1, a1, 1285
x11 <- 0x0000B505


mem[X,0x8003F248] -> 0x0193
mem[X,0x8003F24A] -> 0x0000
[5846] [M]: 0x8003F248 (0x00000193) addi gp, zero, 0
x3 <- 0x00000000


mem[X,0x8003F24C] -> 0x006F
mem[X,0x8003F24E] -> 0x00C0
[5847] [M]: 0x8003F24C (0x00C0006F) jal zero, 12


mem[X,0x8003F258] -> 0x7CE3
mem[X,0x8003F25A] -> 0xFEB5
[5848] [M]: 0x8003F258 (0xFEB57CE3) bgeu a0, a1, 8184


mem[X,0x8003F250] -> 0x8193
mem[X,0x8003F252] -> 0x0011
[5849] [M]: 0x8003F250 (0x00118193) addi gp, gp, 1
x3 <- 0x00000001


mem[X,0x8003F254] -> 0x006F
mem[X,0x8003F256] -> 0x0180
[5850] [M]: 0x8003F254 (0x0180006F) jal zero, 24


mem[X,0x8003F26C] -> 0x2C23
mem[X,0x8003F26E] -> 0x1431
[5851] [M]: 0x8003F26C (0x14312C23) sw gp, 344(sp)
mem[0x8004BABC] <- 0x00000001


mem[X,0x8003F270] -> 0x3537
mem[X,0x8003F272] -> 0x3333
[5852] [M]: 0x8003F270 (0x33333537) lui a0, 209715
x10 <- 0x33333000


mem[X,0x8003F274] -> 0x0513
mem[X,0x8003F276] -> 0x3345
[5853] [M]: 0x8003F274 (0x33450513) addi a0, a0, 820
x10 <- 0x33333334


mem[X,0x8003F278] -> 0x0593
mem[X,0x8003F27A] -> 0x0010
[5854] [M]: 0x8003F278 (0x00100593) addi a1, zero, 1
x11 <- 0x00000001


mem[X,0x8003F27C] -> 0x0193
mem[X,0x8003F27E] -> 0x0000
[5855] [M]: 0x8003F27C (0x00000193) addi gp, zero, 0
x3 <- 0x00000000


mem[X,0x8003F280] -> 0x006F
mem[X,0x8003F282] -> 0x00C0
[5856] [M]: 0x8003F280 (0x00C0006F) jal zero, 12


mem[X,0x8003F28C] -> 0x7663
mem[X,0x8003F28E] -> 0x00B5
[5857] [M]: 0x8003F28C (0x00B57663) bgeu a0, a1, 12


mem[X,0x8003F298] -> 0x8193
mem[X,0x8003F29A] -> 0x0031
[5858] [M]: 0x8003F298 (0x00318193) addi gp, gp, 3
x3 <- 0x00000003


mem[X,0x8003F29C] -> 0x006F
mem[X,0x8003F29E] -> 0x0040
[5859] [M]: 0x8003F29C (0x0040006F) jal zero, 4


mem[X,0x8003F2A0] -> 0x2E23
mem[X,0x8003F2A2] -> 0x1431
[5860] [M]: 0x8003F2A0 (0x14312E23) sw gp, 348(sp)
mem[0x8004BAC0] <- 0x00000003


mem[X,0x8003F2A4] -> 0x3537
mem[X,0x8003F2A6] -> 0x3333
[5861] [M]: 0x8003F2A4 (0x33333537) lui a0, 209715
x10 <- 0x33333000


mem[X,0x8003F2A8] -> 0x0513
mem[X,0x8003F2AA] -> 0x3345
[5862] [M]: 0x8003F2A8 (0x33450513) addi a0, a0, 820
x10 <- 0x33333334


mem[X,0x8003F2AC] -> 0x05B7
mem[X,0x8003F2AE] -> 0x0001
[5863] [M]: 0x8003F2AC (0x000105B7) lui a1, 16
x11 <- 0x00010000


mem[X,0x8003F2B0] -> 0x0193
mem[X,0x8003F2B2] -> 0x0000
[5864] [M]: 0x8003F2B0 (0x00000193) addi gp, zero, 0
x3 <- 0x00000000


mem[X,0x8003F2B4] -> 0x006F
mem[X,0x8003F2B6] -> 0x0180
[5865] [M]: 0x8003F2B4 (0x0180006F) jal zero, 24


mem[X,0x8003F2CC] -> 0x76E3
mem[X,0x8003F2CE] -> 0xFEB5
[5866] [M]: 0x8003F2CC (0xFEB576E3) bgeu a0, a1, 8172


mem[X,0x8003F2B8] -> 0x8193
mem[X,0x8003F2BA] -> 0x0011
[5867] [M]: 0x8003F2B8 (0x00118193) addi gp, gp, 1
x3 <- 0x00000001


mem[X,0x8003F2BC] -> 0x006F
mem[X,0x8003F2BE] -> 0x0240
[5868] [M]: 0x8003F2BC (0x0240006F) jal zero, 36


mem[X,0x8003F2E0] -> 0x2023
mem[X,0x8003F2E2] -> 0x1631
[5869] [M]: 0x8003F2E0 (0x16312023) sw gp, 352(sp)
mem[0x8004BAC4] <- 0x00000001


mem[X,0x8003F2E4] -> 0x6537
mem[X,0x8003F2E6] -> 0x6666
[5870] [M]: 0x8003F2E4 (0x66666537) lui a0, 419430
x10 <- 0x66666000


mem[X,0x8003F2E8] -> 0x0513
mem[X,0x8003F2EA] -> 0x6675
[5871] [M]: 0x8003F2E8 (0x66750513) addi a0, a0, 1639
x10 <- 0x66666667


mem[X,0x8003F2EC] -> 0x0593
mem[X,0x8003F2EE] -> 0x0030
[5872] [M]: 0x8003F2EC (0x00300593) addi a1, zero, 3
x11 <- 0x00000003


mem[X,0x8003F2F0] -> 0x0193
mem[X,0x8003F2F2] -> 0x0000
[5873] [M]: 0x8003F2F0 (0x00000193) addi gp, zero, 0
x3 <- 0x00000000


mem[X,0x8003F2F4] -> 0x006F
mem[X,0x8003F2F6] -> 0x00C0
[5874] [M]: 0x8003F2F4 (0x00C0006F) jal zero, 12


mem[X,0x8003F300] -> 0x7663
mem[X,0x8003F302] -> 0x00B5
[5875] [M]: 0x8003F300 (0x00B57663) bgeu a0, a1, 12


mem[X,0x8003F30C] -> 0x8193
mem[X,0x8003F30E] -> 0x0031
[5876] [M]: 0x8003F30C (0x00318193) addi gp, gp, 3
x3 <- 0x00000003


mem[X,0x8003F310] -> 0x006F
mem[X,0x8003F312] -> 0x0040
[5877] [M]: 0x8003F310 (0x0040006F) jal zero, 4


mem[X,0x8003F314] -> 0x2223
mem[X,0x8003F316] -> 0x1631
[5878] [M]: 0x8003F314 (0x16312223) sw gp, 356(sp)
mem[0x8004BAC8] <- 0x00000003


mem[X,0x8003F318] -> 0x6537
mem[X,0x8003F31A] -> 0x6666
[5879] [M]: 0x8003F318 (0x66666537) lui a0, 419430
x10 <- 0x66666000


mem[X,0x8003F31C] -> 0x0513
mem[X,0x8003F31E] -> 0x6675
[5880] [M]: 0x8003F31C (0x66750513) addi a0, a0, 1639
x10 <- 0x66666667


mem[X,0x8003F320] -> 0x55B7
mem[X,0x8003F322] -> 0x5555
[5881] [M]: 0x8003F320 (0x555555B7) lui a1, 349525
x11 <- 0x55555000


mem[X,0x8003F324] -> 0x8593
mem[X,0x8003F326] -> 0x5555
[5882] [M]: 0x8003F324 (0x55558593) addi a1, a1, 1365
x11 <- 0x55555555


mem[X,0x8003F328] -> 0x0193
mem[X,0x8003F32A] -> 0x0000
[5883] [M]: 0x8003F328 (0x00000193) addi gp, zero, 0
x3 <- 0x00000000


mem[X,0x8003F32C] -> 0x006F
mem[X,0x8003F32E] -> 0x00C0
[5884] [M]: 0x8003F32C (0x00C0006F) jal zero, 12


mem[X,0x8003F338] -> 0x7663
mem[X,0x8003F33A] -> 0x00B5
[5885] [M]: 0x8003F338 (0x00B57663) bgeu a0, a1, 12


mem[X,0x8003F344] -> 0x8193
mem[X,0x8003F346] -> 0x0031
[5886] [M]: 0x8003F344 (0x00318193) addi gp, gp, 3
x3 <- 0x00000003


mem[X,0x8003F348] -> 0x006F
mem[X,0x8003F34A] -> 0x0040
[5887] [M]: 0x8003F348 (0x0040006F) jal zero, 4


mem[X,0x8003F34C] -> 0x2423
mem[X,0x8003F34E] -> 0x1631
[5888] [M]: 0x8003F34C (0x16312423) sw gp, 360(sp)
mem[0x8004BACC] <- 0x00000003


mem[X,0x8003F350] -> 0x6537
mem[X,0x8003F352] -> 0x6666
[5889] [M]: 0x8003F350 (0x66666537) lui a0, 419430
x10 <- 0x66666000


mem[X,0x8003F354] -> 0x0513
mem[X,0x8003F356] -> 0x6675
[5890] [M]: 0x8003F354 (0x66750513) addi a0, a0, 1639
x10 <- 0x66666667


mem[X,0x8003F358] -> 0xB5B7
mem[X,0x8003F35A] -> 0xAAAA
[5891] [M]: 0x8003F358 (0xAAAAB5B7) lui a1, 699051
x11 <- 0xAAAAB000


mem[X,0x8003F35C] -> 0x8593
mem[X,0x8003F35E] -> 0xAAA5
[5892] [M]: 0x8003F35C (0xAAA58593) addi a1, a1, 2730
x11 <- 0xAAAAAAAA


mem[X,0x8003F360] -> 0x0193
mem[X,0x8003F362] -> 0x0000
[5893] [M]: 0x8003F360 (0x00000193) addi gp, zero, 0
x3 <- 0x00000000


mem[X,0x8003F364] -> 0x006F
mem[X,0x8003F366] -> 0x0180
[5894] [M]: 0x8003F364 (0x0180006F) jal zero, 24


mem[X,0x8003F37C] -> 0x76E3
mem[X,0x8003F37E] -> 0xFEB5
[5895] [M]: 0x8003F37C (0xFEB576E3) bgeu a0, a1, 8172


mem[X,0x8003F380] -> 0x8193
mem[X,0x8003F382] -> 0x0021
[5896] [M]: 0x8003F380 (0x00218193) addi gp, gp, 2
x3 <- 0x00000002


mem[X,0x8003F384] -> 0x006F
mem[X,0x8003F386] -> 0x00C0
[5897] [M]: 0x8003F384 (0x00C0006F) jal zero, 12


mem[X,0x8003F390] -> 0x2623
mem[X,0x8003F392] -> 0x1631
[5898] [M]: 0x8003F390 (0x16312623) sw gp, 364(sp)
mem[0x8004BAD0] <- 0x00000002


mem[X,0x8003F394] -> 0x6537
mem[X,0x8003F396] -> 0x6666
[5899] [M]: 0x8003F394 (0x66666537) lui a0, 419430
x10 <- 0x66666000


clint::tick mtime <- 0x000000000000003B
 clint timer pending at mtime 0x000000000000003B
htif::tick 0x0000000000000000
mem[X,0x8003F398] -> 0x0513
mem[X,0x8003F39A] -> 0x6675
[5900] [M]: 0x8003F398 (0x66750513) addi a0, a0, 1639
x10 <- 0x66666667


mem[X,0x8003F39C] -> 0x0593
mem[X,0x8003F39E] -> 0x0050
[5901] [M]: 0x8003F39C (0x00500593) addi a1, zero, 5
x11 <- 0x00000005


mem[X,0x8003F3A0] -> 0x0193
mem[X,0x8003F3A2] -> 0x0000
[5902] [M]: 0x8003F3A0 (0x00000193) addi gp, zero, 0
x3 <- 0x00000000


mem[X,0x8003F3A4] -> 0x006F
mem[X,0x8003F3A6] -> 0x00C0
[5903] [M]: 0x8003F3A4 (0x00C0006F) jal zero, 12


mem[X,0x8003F3B0] -> 0x7663
mem[X,0x8003F3B2] -> 0x00B5
[5904] [M]: 0x8003F3B0 (0x00B57663) bgeu a0, a1, 12


mem[X,0x8003F3BC] -> 0x8193
mem[X,0x8003F3BE] -> 0x0031
[5905] [M]: 0x8003F3BC (0x00318193) addi gp, gp, 3
x3 <- 0x00000003


mem[X,0x8003F3C0] -> 0x006F
mem[X,0x8003F3C2] -> 0x0040
[5906] [M]: 0x8003F3C0 (0x0040006F) jal zero, 4


mem[X,0x8003F3C4] -> 0x2823
mem[X,0x8003F3C6] -> 0x1631
[5907] [M]: 0x8003F3C4 (0x16312823) sw gp, 368(sp)
mem[0x8004BAD4] <- 0x00000003


mem[X,0x8003F3C8] -> 0x6537
mem[X,0x8003F3CA] -> 0x6666
[5908] [M]: 0x8003F3C8 (0x66666537) lui a0, 419430
x10 <- 0x66666000


mem[X,0x8003F3CC] -> 0x0513
mem[X,0x8003F3CE] -> 0x6675
[5909] [M]: 0x8003F3CC (0x66750513) addi a0, a0, 1639
x10 <- 0x66666667


mem[X,0x8003F3D0] -> 0x35B7
mem[X,0x8003F3D2] -> 0x3333
[5910] [M]: 0x8003F3D0 (0x333335B7) lui a1, 209715
x11 <- 0x33333000


mem[X,0x8003F3D4] -> 0x8593
mem[X,0x8003F3D6] -> 0x3335
[5911] [M]: 0x8003F3D4 (0x33358593) addi a1, a1, 819
x11 <- 0x33333333


mem[X,0x8003F3D8] -> 0x0193
mem[X,0x8003F3DA] -> 0x0000
[5912] [M]: 0x8003F3D8 (0x00000193) addi gp, zero, 0
x3 <- 0x00000000


mem[X,0x8003F3DC] -> 0x006F
mem[X,0x8003F3DE] -> 0x0050
[5913] [M]: 0x8003F3DC (0x0050006F) jal zero, 2052


mem[X,0x8003FBE0] -> 0x70E3
mem[X,0x8003FBE2] -> 0x80B5
[5914] [M]: 0x8003FBE0 (0x80B570E3) bgeu a0, a1, 6144


mem[X,0x8003F3E0] -> 0x8193
mem[X,0x8003F3E2] -> 0x0011
[5915] [M]: 0x8003F3E0 (0x00118193) addi gp, gp, 1
x3 <- 0x00000001


mem[X,0x8003F3E4] -> 0x006F
mem[X,0x8003F3E6] -> 0x0110
[5916] [M]: 0x8003F3E4 (0x0110006F) jal zero, 2064


mem[X,0x8003FBF4] -> 0x2A23
mem[X,0x8003FBF6] -> 0x1631
[5917] [M]: 0x8003FBF4 (0x16312A23) sw gp, 372(sp)
mem[0x8004BAD8] <- 0x00000001


mem[X,0x8003FBF8] -> 0x6537
mem[X,0x8003FBFA] -> 0x6666
[5918] [M]: 0x8003FBF8 (0x66666537) lui a0, 419430
x10 <- 0x66666000


mem[X,0x8003FBFC] -> 0x0513
mem[X,0x8003FBFE] -> 0x6675
[5919] [M]: 0x8003FBFC (0x66750513) addi a0, a0, 1639
x10 <- 0x66666667


mem[X,0x8003FC00] -> 0x65B7
mem[X,0x8003FC02] -> 0x6666
[5920] [M]: 0x8003FC00 (0x666665B7) lui a1, 419430
x11 <- 0x66666000


mem[X,0x8003FC04] -> 0x8593
mem[X,0x8003FC06] -> 0x6665
[5921] [M]: 0x8003FC04 (0x66658593) addi a1, a1, 1638
x11 <- 0x66666666


mem[X,0x8003FC08] -> 0x0193
mem[X,0x8003FC0A] -> 0x0000
[5922] [M]: 0x8003FC08 (0x00000193) addi gp, zero, 0
x3 <- 0x00000000


mem[X,0x8003FC0C] -> 0x006F
mem[X,0x8003FC0E] -> 0x00C0
[5923] [M]: 0x8003FC0C (0x00C0006F) jal zero, 12


mem[X,0x8003FC18] -> 0x7063
mem[X,0x8003FC1A] -> 0x04B5
[5924] [M]: 0x8003FC18 (0x04B57063) bgeu a0, a1, 64


mem[X,0x8003FC58] -> 0x8193
mem[X,0x8003FC5A] -> 0x0031
[5925] [M]: 0x8003FC58 (0x00318193) addi gp, gp, 3
x3 <- 0x00000003


mem[X,0x8003FC5C] -> 0x006F
mem[X,0x8003FC5E] -> 0x0040
[5926] [M]: 0x8003FC5C (0x0040006F) jal zero, 4


mem[X,0x8003FC60] -> 0x2C23
mem[X,0x8003FC62] -> 0x1631
[5927] [M]: 0x8003FC60 (0x16312C23) sw gp, 376(sp)
mem[0x8004BADC] <- 0x00000003


mem[X,0x8003FC64] -> 0x6537
mem[X,0x8003FC66] -> 0x6666
[5928] [M]: 0x8003FC64 (0x66666537) lui a0, 419430
x10 <- 0x66666000


mem[X,0x8003FC68] -> 0x0513
mem[X,0x8003FC6A] -> 0x6675
[5929] [M]: 0x8003FC68 (0x66750513) addi a0, a0, 1639
x10 <- 0x66666667


mem[X,0x8003FC6C] -> 0xB5B7
mem[X,0x8003FC6E] -> 0x0000
[5930] [M]: 0x8003FC6C (0x0000B5B7) lui a1, 11
x11 <- 0x0000B000


mem[X,0x8003FC70] -> 0x8593
mem[X,0x8003FC72] -> 0x5045
[5931] [M]: 0x8003FC70 (0x50458593) addi a1, a1, 1284
x11 <- 0x0000B504


mem[X,0x8003FC74] -> 0x0193
mem[X,0x8003FC76] -> 0x0000
[5932] [M]: 0x8003FC74 (0x00000193) addi gp, zero, 0
x3 <- 0x00000000


mem[X,0x8003FC78] -> 0x006F
mem[X,0x8003FC7A] -> 0x00C0
[5933] [M]: 0x8003FC78 (0x00C0006F) jal zero, 12


mem[X,0x8003FC84] -> 0x7063
mem[X,0x8003FC86] -> 0x20B5
[5934] [M]: 0x8003FC84 (0x20B57063) bgeu a0, a1, 512


mem[X,0x8003FE84] -> 0x8193
mem[X,0x8003FE86] -> 0x0031
[5935] [M]: 0x8003FE84 (0x00318193) addi gp, gp, 3
x3 <- 0x00000003


mem[X,0x8003FE88] -> 0x006F
mem[X,0x8003FE8A] -> 0x0040
[5936] [M]: 0x8003FE88 (0x0040006F) jal zero, 4


mem[X,0x8003FE8C] -> 0x2E23
mem[X,0x8003FE8E] -> 0x1631
[5937] [M]: 0x8003FE8C (0x16312E23) sw gp, 380(sp)
mem[0x8004BAE0] <- 0x00000003


mem[X,0x8003FE90] -> 0x6537
mem[X,0x8003FE92] -> 0x6666
[5938] [M]: 0x8003FE90 (0x66666537) lui a0, 419430
x10 <- 0x66666000


mem[X,0x8003FE94] -> 0x0513
mem[X,0x8003FE96] -> 0x6675
[5939] [M]: 0x8003FE94 (0x66750513) addi a0, a0, 1639
x10 <- 0x66666667


mem[X,0x8003FE98] -> 0x0593
mem[X,0x8003FE9A] -> 0x0000
[5940] [M]: 0x8003FE98 (0x00000593) addi a1, zero, 0
x11 <- 0x00000000


mem[X,0x8003FE9C] -> 0x0193
mem[X,0x8003FE9E] -> 0x0000
[5941] [M]: 0x8003FE9C (0x00000193) addi gp, zero, 0
x3 <- 0x00000000


mem[X,0x8003FEA0] -> 0x006F
mem[X,0x8003FEA2] -> 0x00C0
[5942] [M]: 0x8003FEA0 (0x00C0006F) jal zero, 12


mem[X,0x8003FEAC] -> 0x7663
mem[X,0x8003FEAE] -> 0x00B5
[5943] [M]: 0x8003FEAC (0x00B57663) bgeu a0, a1, 12


mem[X,0x8003FEB8] -> 0x8193
mem[X,0x8003FEBA] -> 0x0031
[5944] [M]: 0x8003FEB8 (0x00318193) addi gp, gp, 3
x3 <- 0x00000003


mem[X,0x8003FEBC] -> 0x006F
mem[X,0x8003FEBE] -> 0x0040
[5945] [M]: 0x8003FEBC (0x0040006F) jal zero, 4


mem[X,0x8003FEC0] -> 0x2023
mem[X,0x8003FEC2] -> 0x1831
[5946] [M]: 0x8003FEC0 (0x18312023) sw gp, 384(sp)
mem[0x8004BAE4] <- 0x00000003


mem[X,0x8003FEC4] -> 0x6537
mem[X,0x8003FEC6] -> 0x6666
[5947] [M]: 0x8003FEC4 (0x66666537) lui a0, 419430
x10 <- 0x66666000


mem[X,0x8003FEC8] -> 0x0513
mem[X,0x8003FECA] -> 0x6675
[5948] [M]: 0x8003FEC8 (0x66750513) addi a0, a0, 1639
x10 <- 0x66666667


mem[X,0x8003FECC] -> 0x05B7
mem[X,0x8003FECE] -> 0x0001
[5949] [M]: 0x8003FECC (0x000105B7) lui a1, 16
x11 <- 0x00010000


mem[X,0x8003FED0] -> 0x8593
mem[X,0x8003FED2] -> 0xFFF5
[5950] [M]: 0x8003FED0 (0xFFF58593) addi a1, a1, 4095
x11 <- 0x0000FFFF


mem[X,0x8003FED4] -> 0x0193
mem[X,0x8003FED6] -> 0x0000
[5951] [M]: 0x8003FED4 (0x00000193) addi gp, zero, 0
x3 <- 0x00000000


mem[X,0x8003FED8] -> 0x006F
mem[X,0x8003FEDA] -> 0x00C0
[5952] [M]: 0x8003FED8 (0x00C0006F) jal zero, 12


mem[X,0x8003FEE4] -> 0x7663
mem[X,0x8003FEE6] -> 0x00B5
[5953] [M]: 0x8003FEE4 (0x00B57663) bgeu a0, a1, 12


mem[X,0x8003FEF0] -> 0x8193
mem[X,0x8003FEF2] -> 0x0031
[5954] [M]: 0x8003FEF0 (0x00318193) addi gp, gp, 3
x3 <- 0x00000003


mem[X,0x8003FEF4] -> 0x006F
mem[X,0x8003FEF6] -> 0x0040
[5955] [M]: 0x8003FEF4 (0x0040006F) jal zero, 4


mem[X,0x8003FEF8] -> 0x2223
mem[X,0x8003FEFA] -> 0x1831
[5956] [M]: 0x8003FEF8 (0x18312223) sw gp, 388(sp)
mem[0x8004BAE8] <- 0x00000003


mem[X,0x8003FEFC] -> 0x6537
mem[X,0x8003FEFE] -> 0x6666
[5957] [M]: 0x8003FEFC (0x66666537) lui a0, 419430
x10 <- 0x66666000


mem[X,0x8003FF00] -> 0x0513
mem[X,0x8003FF02] -> 0x6675
[5958] [M]: 0x8003FF00 (0x66750513) addi a0, a0, 1639
x10 <- 0x66666667


mem[X,0x8003FF04] -> 0x0593
mem[X,0x8003FF06] -> 0x0020
[5959] [M]: 0x8003FF04 (0x00200593) addi a1, zero, 2
x11 <- 0x00000002


mem[X,0x8003FF08] -> 0x0193
mem[X,0x8003FF0A] -> 0x0000
[5960] [M]: 0x8003FF08 (0x00000193) addi gp, zero, 0
x3 <- 0x00000000


mem[X,0x8003FF0C] -> 0x006F
mem[X,0x8003FF0E] -> 0x00C0
[5961] [M]: 0x8003FF0C (0x00C0006F) jal zero, 12


mem[X,0x8003FF18] -> 0x7063
mem[X,0x8003FF1A] -> 0x04B5
[5962] [M]: 0x8003FF18 (0x04B57063) bgeu a0, a1, 64


mem[X,0x8003FF58] -> 0x8193
mem[X,0x8003FF5A] -> 0x0031
[5963] [M]: 0x8003FF58 (0x00318193) addi gp, gp, 3
x3 <- 0x00000003


mem[X,0x8003FF5C] -> 0x006F
mem[X,0x8003FF5E] -> 0x0040
[5964] [M]: 0x8003FF5C (0x0040006F) jal zero, 4


mem[X,0x8003FF60] -> 0x2423
mem[X,0x8003FF62] -> 0x1831
[5965] [M]: 0x8003FF60 (0x18312423) sw gp, 392(sp)
mem[0x8004BAEC] <- 0x00000003


mem[X,0x8003FF64] -> 0x6537
mem[X,0x8003FF66] -> 0x6666
[5966] [M]: 0x8003FF64 (0x66666537) lui a0, 419430
x10 <- 0x66666000


mem[X,0x8003FF68] -> 0x0513
mem[X,0x8003FF6A] -> 0x6675
[5967] [M]: 0x8003FF68 (0x66750513) addi a0, a0, 1639
x10 <- 0x66666667


mem[X,0x8003FF6C] -> 0x55B7
mem[X,0x8003FF6E] -> 0x5555
[5968] [M]: 0x8003FF6C (0x555555B7) lui a1, 349525
x11 <- 0x55555000


mem[X,0x8003FF70] -> 0x8593
mem[X,0x8003FF72] -> 0x5545
[5969] [M]: 0x8003FF70 (0x55458593) addi a1, a1, 1364
x11 <- 0x55555554


mem[X,0x8003FF74] -> 0x0193
mem[X,0x8003FF76] -> 0x0000
[5970] [M]: 0x8003FF74 (0x00000193) addi gp, zero, 0
x3 <- 0x00000000


mem[X,0x8003FF78] -> 0x006F
mem[X,0x8003FF7A] -> 0x00C0
[5971] [M]: 0x8003FF78 (0x00C0006F) jal zero, 12


mem[X,0x8003FF84] -> 0x7663
mem[X,0x8003FF86] -> 0x00B5
[5972] [M]: 0x8003FF84 (0x00B57663) bgeu a0, a1, 12


mem[X,0x8003FF90] -> 0x8193
mem[X,0x8003FF92] -> 0x0031
[5973] [M]: 0x8003FF90 (0x00318193) addi gp, gp, 3
x3 <- 0x00000003


mem[X,0x8003FF94] -> 0x006F
mem[X,0x8003FF96] -> 0x0040
[5974] [M]: 0x8003FF94 (0x0040006F) jal zero, 4


mem[X,0x8003FF98] -> 0x2623
mem[X,0x8003FF9A] -> 0x1831
[5975] [M]: 0x8003FF98 (0x18312623) sw gp, 396(sp)
mem[0x8004BAF0] <- 0x00000003


mem[X,0x8003FF9C] -> 0x6537
mem[X,0x8003FF9E] -> 0x6666
[5976] [M]: 0x8003FF9C (0x66666537) lui a0, 419430
x10 <- 0x66666000


mem[X,0x8003FFA0] -> 0x0513
mem[X,0x8003FFA2] -> 0x6675
[5977] [M]: 0x8003FFA0 (0x66750513) addi a0, a0, 1639
x10 <- 0x66666667


mem[X,0x8003FFA4] -> 0xB5B7
mem[X,0x8003FFA6] -> 0xAAAA
[5978] [M]: 0x8003FFA4 (0xAAAAB5B7) lui a1, 699051
x11 <- 0xAAAAB000


mem[X,0x8003FFA8] -> 0x8593
mem[X,0x8003FFAA] -> 0xAA95
[5979] [M]: 0x8003FFA8 (0xAA958593) addi a1, a1, 2729
x11 <- 0xAAAAAAA9


mem[X,0x8003FFAC] -> 0x0193
mem[X,0x8003FFAE] -> 0x0000
[5980] [M]: 0x8003FFAC (0x00000193) addi gp, zero, 0
x3 <- 0x00000000


mem[X,0x8003FFB0] -> 0x006F
mem[X,0x8003FFB2] -> 0x00C0
[5981] [M]: 0x8003FFB0 (0x00C0006F) jal zero, 12


mem[X,0x8003FFBC] -> 0x7063
mem[X,0x8003FFBE] -> 0x04B5
[5982] [M]: 0x8003FFBC (0x04B57063) bgeu a0, a1, 64


mem[X,0x8003FFC0] -> 0x8193
mem[X,0x8003FFC2] -> 0x0021
[5983] [M]: 0x8003FFC0 (0x00218193) addi gp, gp, 2
x3 <- 0x00000002


mem[X,0x8003FFC4] -> 0x006F
mem[X,0x8003FFC6] -> 0x0400
[5984] [M]: 0x8003FFC4 (0x0400006F) jal zero, 64


mem[X,0x80040004] -> 0x2823
mem[X,0x80040006] -> 0x1831
[5985] [M]: 0x80040004 (0x18312823) sw gp, 400(sp)
mem[0x8004BAF4] <- 0x00000002


mem[X,0x80040008] -> 0x6537
mem[X,0x8004000A] -> 0x6666
[5986] [M]: 0x80040008 (0x66666537) lui a0, 419430
x10 <- 0x66666000


mem[X,0x8004000C] -> 0x0513
mem[X,0x8004000E] -> 0x6675
[5987] [M]: 0x8004000C (0x66750513) addi a0, a0, 1639
x10 <- 0x66666667


mem[X,0x80040010] -> 0x0593
mem[X,0x80040012] -> 0x0040
[5988] [M]: 0x80040010 (0x00400593) addi a1, zero, 4
x11 <- 0x00000004


mem[X,0x80040014] -> 0x0193
mem[X,0x80040016] -> 0x0000
[5989] [M]: 0x80040014 (0x00000193) addi gp, zero, 0
x3 <- 0x00000000


mem[X,0x80040018] -> 0x006F
mem[X,0x8004001A] -> 0x00C0
[5990] [M]: 0x80040018 (0x00C0006F) jal zero, 12


mem[X,0x80040024] -> 0x7063
mem[X,0x80040026] -> 0x20B5
[5991] [M]: 0x80040024 (0x20B57063) bgeu a0, a1, 512


mem[X,0x80040224] -> 0x8193
mem[X,0x80040226] -> 0x0031
[5992] [M]: 0x80040224 (0x00318193) addi gp, gp, 3
x3 <- 0x00000003


mem[X,0x80040228] -> 0x006F
mem[X,0x8004022A] -> 0x0040
[5993] [M]: 0x80040228 (0x0040006F) jal zero, 4


mem[X,0x8004022C] -> 0x2A23
mem[X,0x8004022E] -> 0x1831
[5994] [M]: 0x8004022C (0x18312A23) sw gp, 404(sp)
mem[0x8004BAF8] <- 0x00000003


mem[X,0x80040230] -> 0x6537
mem[X,0x80040232] -> 0x6666
[5995] [M]: 0x80040230 (0x66666537) lui a0, 419430
x10 <- 0x66666000


mem[X,0x80040234] -> 0x0513
mem[X,0x80040236] -> 0x6675
[5996] [M]: 0x80040234 (0x66750513) addi a0, a0, 1639
x10 <- 0x66666667


mem[X,0x80040238] -> 0x35B7
mem[X,0x8004023A] -> 0x3333
[5997] [M]: 0x80040238 (0x333335B7) lui a1, 209715
x11 <- 0x33333000


mem[X,0x8004023C] -> 0x8593
mem[X,0x8004023E] -> 0x3325
[5998] [M]: 0x8004023C (0x33258593) addi a1, a1, 818
x11 <- 0x33333332


mem[X,0x80040240] -> 0x0193
mem[X,0x80040242] -> 0x0000
[5999] [M]: 0x80040240 (0x00000193) addi gp, zero, 0
x3 <- 0x00000000


clint::tick mtime <- 0x000000000000003C
 clint timer pending at mtime 0x000000000000003C
htif::tick 0x0000000000000000
mem[X,0x80040244] -> 0x006F
mem[X,0x80040246] -> 0x0050
[6000] [M]: 0x80040244 (0x0050006F) jal zero, 2052


mem[X,0x80040A48] -> 0x70E3
mem[X,0x80040A4A] -> 0x80B5
[6001] [M]: 0x80040A48 (0x80B570E3) bgeu a0, a1, 6144


mem[X,0x80040248] -> 0x8193
mem[X,0x8004024A] -> 0x0011
[6002] [M]: 0x80040248 (0x00118193) addi gp, gp, 1
x3 <- 0x00000001


mem[X,0x8004024C] -> 0x006F
mem[X,0x8004024E] -> 0x0110
[6003] [M]: 0x8004024C (0x0110006F) jal zero, 2064


mem[X,0x80040A5C] -> 0x2C23
mem[X,0x80040A5E] -> 0x1831
[6004] [M]: 0x80040A5C (0x18312C23) sw gp, 408(sp)
mem[0x8004BAFC] <- 0x00000001


mem[X,0x80040A60] -> 0x6537
mem[X,0x80040A62] -> 0x6666
[6005] [M]: 0x80040A60 (0x66666537) lui a0, 419430
x10 <- 0x66666000


mem[X,0x80040A64] -> 0x0513
mem[X,0x80040A66] -> 0x6675
[6006] [M]: 0x80040A64 (0x66750513) addi a0, a0, 1639
x10 <- 0x66666667


mem[X,0x80040A68] -> 0x65B7
mem[X,0x80040A6A] -> 0x6666
[6007] [M]: 0x80040A68 (0x666665B7) lui a1, 419430
x11 <- 0x66666000


mem[X,0x80040A6C] -> 0x8593
mem[X,0x80040A6E] -> 0x6655
[6008] [M]: 0x80040A6C (0x66558593) addi a1, a1, 1637
x11 <- 0x66666665


mem[X,0x80040A70] -> 0x0193
mem[X,0x80040A72] -> 0x0000
[6009] [M]: 0x80040A70 (0x00000193) addi gp, zero, 0
x3 <- 0x00000000


mem[X,0x80040A74] -> 0x006F
mem[X,0x80040A76] -> 0x00C0
[6010] [M]: 0x80040A74 (0x00C0006F) jal zero, 12


mem[X,0x80040A80] -> 0x7863
mem[X,0x80040A82] -> 0x00B5
[6011] [M]: 0x80040A80 (0x00B57863) bgeu a0, a1, 16


mem[X,0x80040A90] -> 0x8193
mem[X,0x80040A92] -> 0x0031
[6012] [M]: 0x80040A90 (0x00318193) addi gp, gp, 3
x3 <- 0x00000003


mem[X,0x80040A94] -> 0x006F
mem[X,0x80040A96] -> 0x0040
[6013] [M]: 0x80040A94 (0x0040006F) jal zero, 4


mem[X,0x80040A98] -> 0x2E23
mem[X,0x80040A9A] -> 0x1831
[6014] [M]: 0x80040A98 (0x18312E23) sw gp, 412(sp)
mem[0x8004BB00] <- 0x00000003


mem[X,0x80040A9C] -> 0x6537
mem[X,0x80040A9E] -> 0x6666
[6015] [M]: 0x80040A9C (0x66666537) lui a0, 419430
x10 <- 0x66666000


mem[X,0x80040AA0] -> 0x0513
mem[X,0x80040AA2] -> 0x6675
[6016] [M]: 0x80040AA0 (0x66750513) addi a0, a0, 1639
x10 <- 0x66666667


mem[X,0x80040AA4] -> 0xB5B7
mem[X,0x80040AA6] -> 0x0000
[6017] [M]: 0x80040AA4 (0x0000B5B7) lui a1, 11
x11 <- 0x0000B000


mem[X,0x80040AA8] -> 0x8593
mem[X,0x80040AAA] -> 0x5035
[6018] [M]: 0x80040AA8 (0x50358593) addi a1, a1, 1283
x11 <- 0x0000B503


mem[X,0x80040AAC] -> 0x0193
mem[X,0x80040AAE] -> 0x0000
[6019] [M]: 0x80040AAC (0x00000193) addi gp, zero, 0
x3 <- 0x00000000


mem[X,0x80040AB0] -> 0x006F
mem[X,0x80040AB2] -> 0x00C0
[6020] [M]: 0x80040AB0 (0x00C0006F) jal zero, 12


mem[X,0x80040ABC] -> 0x7663
mem[X,0x80040ABE] -> 0x00B5
[6021] [M]: 0x80040ABC (0x00B57663) bgeu a0, a1, 12


mem[X,0x80040AC8] -> 0x8193
mem[X,0x80040ACA] -> 0x0031
[6022] [M]: 0x80040AC8 (0x00318193) addi gp, gp, 3
x3 <- 0x00000003


mem[X,0x80040ACC] -> 0x006F
mem[X,0x80040ACE] -> 0x0040
[6023] [M]: 0x80040ACC (0x0040006F) jal zero, 4


mem[X,0x80040AD0] -> 0x2023
mem[X,0x80040AD2] -> 0x1A31
[6024] [M]: 0x80040AD0 (0x1A312023) sw gp, 416(sp)
mem[0x8004BB04] <- 0x00000003


mem[X,0x80040AD4] -> 0x6537
mem[X,0x80040AD6] -> 0x6666
[6025] [M]: 0x80040AD4 (0x66666537) lui a0, 419430
x10 <- 0x66666000


mem[X,0x80040AD8] -> 0x0513
mem[X,0x80040ADA] -> 0x6675
[6026] [M]: 0x80040AD8 (0x66750513) addi a0, a0, 1639
x10 <- 0x66666667


mem[X,0x80040ADC] -> 0x05B7
mem[X,0x80040ADE] -> 0x0001
[6027] [M]: 0x80040ADC (0x000105B7) lui a1, 16
x11 <- 0x00010000


mem[X,0x80040AE0] -> 0x8593
mem[X,0x80040AE2] -> 0xFFE5
[6028] [M]: 0x80040AE0 (0xFFE58593) addi a1, a1, 4094
x11 <- 0x0000FFFE


mem[X,0x80040AE4] -> 0x0193
mem[X,0x80040AE6] -> 0x0000
[6029] [M]: 0x80040AE4 (0x00000193) addi gp, zero, 0
x3 <- 0x00000000


mem[X,0x80040AE8] -> 0x006F
mem[X,0x80040AEA] -> 0x00C0
[6030] [M]: 0x80040AE8 (0x00C0006F) jal zero, 12


mem[X,0x80040AF4] -> 0x7063
mem[X,0x80040AF6] -> 0x40B5
[6031] [M]: 0x80040AF4 (0x40B57063) bgeu a0, a1, 1024


mem[X,0x80040EF4] -> 0x8193
mem[X,0x80040EF6] -> 0x0031
[6032] [M]: 0x80040EF4 (0x00318193) addi gp, gp, 3
x3 <- 0x00000003


mem[X,0x80040EF8] -> 0x006F
mem[X,0x80040EFA] -> 0x0040
[6033] [M]: 0x80040EF8 (0x0040006F) jal zero, 4


mem[X,0x80040EFC] -> 0x2223
mem[X,0x80040EFE] -> 0x1A31
[6034] [M]: 0x80040EFC (0x1A312223) sw gp, 420(sp)
mem[0x8004BB08] <- 0x00000003


mem[X,0x80040F00] -> 0x6537
mem[X,0x80040F02] -> 0x6666
[6035] [M]: 0x80040F00 (0x66666537) lui a0, 419430
x10 <- 0x66666000


mem[X,0x80040F04] -> 0x0513
mem[X,0x80040F06] -> 0x6675
[6036] [M]: 0x80040F04 (0x66750513) addi a0, a0, 1639
x10 <- 0x66666667


mem[X,0x80040F08] -> 0x55B7
mem[X,0x80040F0A] -> 0x5555
[6037] [M]: 0x80040F08 (0x555555B7) lui a1, 349525
x11 <- 0x55555000


mem[X,0x80040F0C] -> 0x8593
mem[X,0x80040F0E] -> 0x5565
[6038] [M]: 0x80040F0C (0x55658593) addi a1, a1, 1366
x11 <- 0x55555556


mem[X,0x80040F10] -> 0x0193
mem[X,0x80040F12] -> 0x0000
[6039] [M]: 0x80040F10 (0x00000193) addi gp, zero, 0
x3 <- 0x00000000


mem[X,0x80040F14] -> 0x006F
mem[X,0x80040F16] -> 0x2B10
[6040] [M]: 0x80040F14 (0x2B10006F) jal zero, 2736


mem[X,0x800419C4] -> 0x7A63
mem[X,0x800419C6] -> 0xD4B5
[6041] [M]: 0x800419C4 (0xD4B57A63) bgeu a0, a1, 5460


mem[X,0x80040F18] -> 0x8193
mem[X,0x80040F1A] -> 0x0011
[6042] [M]: 0x80040F18 (0x00118193) addi gp, gp, 1
x3 <- 0x00000001


mem[X,0x80040F1C] -> 0x006F
mem[X,0x80040F1E] -> 0x2BD0
[6043] [M]: 0x80040F1C (0x2BD0006F) jal zero, 2748


mem[X,0x800419D8] -> 0x2423
mem[X,0x800419DA] -> 0x1A31
[6044] [M]: 0x800419D8 (0x1A312423) sw gp, 424(sp)
mem[0x8004BB0C] <- 0x00000001


mem[X,0x800419DC] -> 0x6537
mem[X,0x800419DE] -> 0x6666
[6045] [M]: 0x800419DC (0x66666537) lui a0, 419430
x10 <- 0x66666000


mem[X,0x800419E0] -> 0x0513
mem[X,0x800419E2] -> 0x6675
[6046] [M]: 0x800419E0 (0x66750513) addi a0, a0, 1639
x10 <- 0x66666667


mem[X,0x800419E4] -> 0xB5B7
mem[X,0x800419E6] -> 0xAAAA
[6047] [M]: 0x800419E4 (0xAAAAB5B7) lui a1, 699051
x11 <- 0xAAAAB000


mem[X,0x800419E8] -> 0x8593
mem[X,0x800419EA] -> 0xAAB5
[6048] [M]: 0x800419E8 (0xAAB58593) addi a1, a1, 2731
x11 <- 0xAAAAAAAB


mem[X,0x800419EC] -> 0x0193
mem[X,0x800419EE] -> 0x0000
[6049] [M]: 0x800419EC (0x00000193) addi gp, zero, 0
x3 <- 0x00000000


mem[X,0x800419F0] -> 0x006F
mem[X,0x800419F2] -> 0x00C0
[6050] [M]: 0x800419F0 (0x00C0006F) jal zero, 12


mem[X,0x800419FC] -> 0x7663
mem[X,0x800419FE] -> 0x00B5
[6051] [M]: 0x800419FC (0x00B57663) bgeu a0, a1, 12


mem[X,0x80041A00] -> 0x8193
mem[X,0x80041A02] -> 0x0021
[6052] [M]: 0x80041A00 (0x00218193) addi gp, gp, 2
x3 <- 0x00000002


mem[X,0x80041A04] -> 0x006F
mem[X,0x80041A06] -> 0x00C0
[6053] [M]: 0x80041A04 (0x00C0006F) jal zero, 12


mem[X,0x80041A10] -> 0x2623
mem[X,0x80041A12] -> 0x1A31
[6054] [M]: 0x80041A10 (0x1A312623) sw gp, 428(sp)
mem[0x8004BB10] <- 0x00000002


mem[X,0x80041A14] -> 0x6537
mem[X,0x80041A16] -> 0x6666
[6055] [M]: 0x80041A14 (0x66666537) lui a0, 419430
x10 <- 0x66666000


mem[X,0x80041A18] -> 0x0513
mem[X,0x80041A1A] -> 0x6675
[6056] [M]: 0x80041A18 (0x66750513) addi a0, a0, 1639
x10 <- 0x66666667


mem[X,0x80041A1C] -> 0x0593
mem[X,0x80041A1E] -> 0x0060
[6057] [M]: 0x80041A1C (0x00600593) addi a1, zero, 6
x11 <- 0x00000006


mem[X,0x80041A20] -> 0x0193
mem[X,0x80041A22] -> 0x0000
[6058] [M]: 0x80041A20 (0x00000193) addi gp, zero, 0
x3 <- 0x00000000


mem[X,0x80041A24] -> 0x006F
mem[X,0x80041A26] -> 0x00C0
[6059] [M]: 0x80041A24 (0x00C0006F) jal zero, 12


mem[X,0x80041A30] -> 0x7063
mem[X,0x80041A32] -> 0x08B5
[6060] [M]: 0x80041A30 (0x08B57063) bgeu a0, a1, 128


mem[X,0x80041AB0] -> 0x8193
mem[X,0x80041AB2] -> 0x0031
[6061] [M]: 0x80041AB0 (0x00318193) addi gp, gp, 3
x3 <- 0x00000003


mem[X,0x80041AB4] -> 0x006F
mem[X,0x80041AB6] -> 0x0040
[6062] [M]: 0x80041AB4 (0x0040006F) jal zero, 4


mem[X,0x80041AB8] -> 0x2823
mem[X,0x80041ABA] -> 0x1A31
[6063] [M]: 0x80041AB8 (0x1A312823) sw gp, 432(sp)
mem[0x8004BB14] <- 0x00000003


mem[X,0x80041ABC] -> 0x6537
mem[X,0x80041ABE] -> 0x6666
[6064] [M]: 0x80041ABC (0x66666537) lui a0, 419430
x10 <- 0x66666000


mem[X,0x80041AC0] -> 0x0513
mem[X,0x80041AC2] -> 0x6675
[6065] [M]: 0x80041AC0 (0x66750513) addi a0, a0, 1639
x10 <- 0x66666667


mem[X,0x80041AC4] -> 0x35B7
mem[X,0x80041AC6] -> 0x3333
[6066] [M]: 0x80041AC4 (0x333335B7) lui a1, 209715
x11 <- 0x33333000


mem[X,0x80041AC8] -> 0x8593
mem[X,0x80041ACA] -> 0x3345
[6067] [M]: 0x80041AC8 (0x33458593) addi a1, a1, 820
x11 <- 0x33333334


mem[X,0x80041ACC] -> 0x0193
mem[X,0x80041ACE] -> 0x0000
[6068] [M]: 0x80041ACC (0x00000193) addi gp, zero, 0
x3 <- 0x00000000


mem[X,0x80041AD0] -> 0x006F
mem[X,0x80041AD2] -> 0x0140
[6069] [M]: 0x80041AD0 (0x0140006F) jal zero, 20


mem[X,0x80041AE4] -> 0x78E3
mem[X,0x80041AE6] -> 0xFEB5
[6070] [M]: 0x80041AE4 (0xFEB578E3) bgeu a0, a1, 8176


mem[X,0x80041AD4] -> 0x8193
mem[X,0x80041AD6] -> 0x0011
[6071] [M]: 0x80041AD4 (0x00118193) addi gp, gp, 1
x3 <- 0x00000001


mem[X,0x80041AD8] -> 0x006F
mem[X,0x80041ADA] -> 0x0200
[6072] [M]: 0x80041AD8 (0x0200006F) jal zero, 32


mem[X,0x80041AF8] -> 0x2A23
mem[X,0x80041AFA] -> 0x1A31
[6073] [M]: 0x80041AF8 (0x1A312A23) sw gp, 436(sp)
mem[0x8004BB18] <- 0x00000001


mem[X,0x80041AFC] -> 0x6537
mem[X,0x80041AFE] -> 0x6666
[6074] [M]: 0x80041AFC (0x66666537) lui a0, 419430
x10 <- 0x66666000


mem[X,0x80041B00] -> 0x0513
mem[X,0x80041B02] -> 0x6675
[6075] [M]: 0x80041B00 (0x66750513) addi a0, a0, 1639
x10 <- 0x66666667


mem[X,0x80041B04] -> 0x65B7
mem[X,0x80041B06] -> 0x6666
[6076] [M]: 0x80041B04 (0x666665B7) lui a1, 419430
x11 <- 0x66666000


mem[X,0x80041B08] -> 0x8593
mem[X,0x80041B0A] -> 0x6675
[6077] [M]: 0x80041B08 (0x66758593) addi a1, a1, 1639
x11 <- 0x66666667


mem[X,0x80041B0C] -> 0x0193
mem[X,0x80041B0E] -> 0x0000
[6078] [M]: 0x80041B0C (0x00000193) addi gp, zero, 0
x3 <- 0x00000000


mem[X,0x80041B10] -> 0x006F
mem[X,0x80041B12] -> 0x00C0
[6079] [M]: 0x80041B10 (0x00C0006F) jal zero, 12


mem[X,0x80041B1C] -> 0x7CE3
mem[X,0x80041B1E] -> 0xFEB5
[6080] [M]: 0x80041B1C (0xFEB57CE3) bgeu a0, a1, 8184


mem[X,0x80041B14] -> 0x8193
mem[X,0x80041B16] -> 0x0011
[6081] [M]: 0x80041B14 (0x00118193) addi gp, gp, 1
x3 <- 0x00000001


mem[X,0x80041B18] -> 0x006F
mem[X,0x80041B1A] -> 0x0180
[6082] [M]: 0x80041B18 (0x0180006F) jal zero, 24


mem[X,0x80041B30] -> 0x2C23
mem[X,0x80041B32] -> 0x1A31
[6083] [M]: 0x80041B30 (0x1A312C23) sw gp, 440(sp)
mem[0x8004BB1C] <- 0x00000001


mem[X,0x80041B34] -> 0x6537
mem[X,0x80041B36] -> 0x6666
[6084] [M]: 0x80041B34 (0x66666537) lui a0, 419430
x10 <- 0x66666000


mem[X,0x80041B38] -> 0x0513
mem[X,0x80041B3A] -> 0x6675
[6085] [M]: 0x80041B38 (0x66750513) addi a0, a0, 1639
x10 <- 0x66666667


mem[X,0x80041B3C] -> 0xB5B7
mem[X,0x80041B3E] -> 0x0000
[6086] [M]: 0x80041B3C (0x0000B5B7) lui a1, 11
x11 <- 0x0000B000


mem[X,0x80041B40] -> 0x8593
mem[X,0x80041B42] -> 0x5055
[6087] [M]: 0x80041B40 (0x50558593) addi a1, a1, 1285
x11 <- 0x0000B505


mem[X,0x80041B44] -> 0x0193
mem[X,0x80041B46] -> 0x0000
[6088] [M]: 0x80041B44 (0x00000193) addi gp, zero, 0
x3 <- 0x00000000


mem[X,0x80041B48] -> 0x006F
mem[X,0x80041B4A] -> 0x00C0
[6089] [M]: 0x80041B48 (0x00C0006F) jal zero, 12


mem[X,0x80041B54] -> 0x7063
mem[X,0x80041B56] -> 0x04B5
[6090] [M]: 0x80041B54 (0x04B57063) bgeu a0, a1, 64


mem[X,0x80041B94] -> 0x8193
mem[X,0x80041B96] -> 0x0031
[6091] [M]: 0x80041B94 (0x00318193) addi gp, gp, 3
x3 <- 0x00000003


mem[X,0x80041B98] -> 0x006F
mem[X,0x80041B9A] -> 0x0040
[6092] [M]: 0x80041B98 (0x0040006F) jal zero, 4


mem[X,0x80041B9C] -> 0x2E23
mem[X,0x80041B9E] -> 0x1A31
[6093] [M]: 0x80041B9C (0x1A312E23) sw gp, 444(sp)
mem[0x8004BB20] <- 0x00000003


mem[X,0x80041BA0] -> 0x6537
mem[X,0x80041BA2] -> 0x6666
[6094] [M]: 0x80041BA0 (0x66666537) lui a0, 419430
x10 <- 0x66666000


mem[X,0x80041BA4] -> 0x0513
mem[X,0x80041BA6] -> 0x6675
[6095] [M]: 0x80041BA4 (0x66750513) addi a0, a0, 1639
x10 <- 0x66666667


mem[X,0x80041BA8] -> 0x0593
mem[X,0x80041BAA] -> 0x0010
[6096] [M]: 0x80041BA8 (0x00100593) addi a1, zero, 1
x11 <- 0x00000001


mem[X,0x80041BAC] -> 0x0193
mem[X,0x80041BAE] -> 0x0000
[6097] [M]: 0x80041BAC (0x00000193) addi gp, zero, 0
x3 <- 0x00000000


mem[X,0x80041BB0] -> 0x006F
mem[X,0x80041BB2] -> 0x00C0
[6098] [M]: 0x80041BB0 (0x00C0006F) jal zero, 12


mem[X,0x80041BBC] -> 0x7663
mem[X,0x80041BBE] -> 0x00B5
[6099] [M]: 0x80041BBC (0x00B57663) bgeu a0, a1, 12


clint::tick mtime <- 0x000000000000003D
 clint timer pending at mtime 0x000000000000003D
htif::tick 0x0000000000000000
mem[X,0x80041BC8] -> 0x8193
mem[X,0x80041BCA] -> 0x0031
[6100] [M]: 0x80041BC8 (0x00318193) addi gp, gp, 3
x3 <- 0x00000003


mem[X,0x80041BCC] -> 0x006F
mem[X,0x80041BCE] -> 0x0040
[6101] [M]: 0x80041BCC (0x0040006F) jal zero, 4


mem[X,0x80041BD0] -> 0x2023
mem[X,0x80041BD2] -> 0x1C31
[6102] [M]: 0x80041BD0 (0x1C312023) sw gp, 448(sp)
mem[0x8004BB24] <- 0x00000003


mem[X,0x80041BD4] -> 0x6537
mem[X,0x80041BD6] -> 0x6666
[6103] [M]: 0x80041BD4 (0x66666537) lui a0, 419430
x10 <- 0x66666000


mem[X,0x80041BD8] -> 0x0513
mem[X,0x80041BDA] -> 0x6675
[6104] [M]: 0x80041BD8 (0x66750513) addi a0, a0, 1639
x10 <- 0x66666667


mem[X,0x80041BDC] -> 0x05B7
mem[X,0x80041BDE] -> 0x0001
[6105] [M]: 0x80041BDC (0x000105B7) lui a1, 16
x11 <- 0x00010000


mem[X,0x80041BE0] -> 0x0193
mem[X,0x80041BE2] -> 0x0000
[6106] [M]: 0x80041BE0 (0x00000193) addi gp, zero, 0
x3 <- 0x00000000


mem[X,0x80041BE4] -> 0x006F
mem[X,0x80041BE6] -> 0x00C0
[6107] [M]: 0x80041BE4 (0x00C0006F) jal zero, 12


mem[X,0x80041BF0] -> 0x7CE3
mem[X,0x80041BF2] -> 0xFEB5
[6108] [M]: 0x80041BF0 (0xFEB57CE3) bgeu a0, a1, 8184


mem[X,0x80041BE8] -> 0x8193
mem[X,0x80041BEA] -> 0x0011
[6109] [M]: 0x80041BE8 (0x00118193) addi gp, gp, 1
x3 <- 0x00000001


mem[X,0x80041BEC] -> 0x006F
mem[X,0x80041BEE] -> 0x0180
[6110] [M]: 0x80041BEC (0x0180006F) jal zero, 24


mem[X,0x80041C04] -> 0x2223
mem[X,0x80041C06] -> 0x1C31
[6111] [M]: 0x80041C04 (0x1C312223) sw gp, 452(sp)
mem[0x8004BB28] <- 0x00000001


mem[X,0x80041C08] -> 0xB537
mem[X,0x80041C0A] -> 0x0000
[6112] [M]: 0x80041C08 (0x0000B537) lui a0, 11
x10 <- 0x0000B000


mem[X,0x80041C0C] -> 0x0513
mem[X,0x80041C0E] -> 0x5055
[6113] [M]: 0x80041C0C (0x50550513) addi a0, a0, 1285
x10 <- 0x0000B505


mem[X,0x80041C10] -> 0x0593
mem[X,0x80041C12] -> 0x0030
[6114] [M]: 0x80041C10 (0x00300593) addi a1, zero, 3
x11 <- 0x00000003


mem[X,0x80041C14] -> 0x0193
mem[X,0x80041C16] -> 0x0000
[6115] [M]: 0x80041C14 (0x00000193) addi gp, zero, 0
x3 <- 0x00000000


mem[X,0x80041C18] -> 0x006F
mem[X,0x80041C1A] -> 0x00C0
[6116] [M]: 0x80041C18 (0x00C0006F) jal zero, 12


mem[X,0x80041C24] -> 0x7663
mem[X,0x80041C26] -> 0x00B5
[6117] [M]: 0x80041C24 (0x00B57663) bgeu a0, a1, 12


mem[X,0x80041C30] -> 0x8193
mem[X,0x80041C32] -> 0x0031
[6118] [M]: 0x80041C30 (0x00318193) addi gp, gp, 3
x3 <- 0x00000003


mem[X,0x80041C34] -> 0x006F
mem[X,0x80041C36] -> 0x0040
[6119] [M]: 0x80041C34 (0x0040006F) jal zero, 4


mem[X,0x80041C38] -> 0x2423
mem[X,0x80041C3A] -> 0x1C31
[6120] [M]: 0x80041C38 (0x1C312423) sw gp, 456(sp)
mem[0x8004BB2C] <- 0x00000003


mem[X,0x80041C3C] -> 0xB537
mem[X,0x80041C3E] -> 0x0000
[6121] [M]: 0x80041C3C (0x0000B537) lui a0, 11
x10 <- 0x0000B000


mem[X,0x80041C40] -> 0x0513
mem[X,0x80041C42] -> 0x5055
[6122] [M]: 0x80041C40 (0x50550513) addi a0, a0, 1285
x10 <- 0x0000B505


mem[X,0x80041C44] -> 0x55B7
mem[X,0x80041C46] -> 0x5555
[6123] [M]: 0x80041C44 (0x555555B7) lui a1, 349525
x11 <- 0x55555000


mem[X,0x80041C48] -> 0x8593
mem[X,0x80041C4A] -> 0x5555
[6124] [M]: 0x80041C48 (0x55558593) addi a1, a1, 1365
x11 <- 0x55555555


mem[X,0x80041C4C] -> 0x0193
mem[X,0x80041C4E] -> 0x0000
[6125] [M]: 0x80041C4C (0x00000193) addi gp, zero, 0
x3 <- 0x00000000


mem[X,0x80041C50] -> 0x006F
mem[X,0x80041C52] -> 0x00C0
[6126] [M]: 0x80041C50 (0x00C0006F) jal zero, 12


mem[X,0x80041C5C] -> 0x7CE3
mem[X,0x80041C5E] -> 0xFEB5
[6127] [M]: 0x80041C5C (0xFEB57CE3) bgeu a0, a1, 8184


mem[X,0x80041C60] -> 0x8193
mem[X,0x80041C62] -> 0x0021
[6128] [M]: 0x80041C60 (0x00218193) addi gp, gp, 2
x3 <- 0x00000002


mem[X,0x80041C64] -> 0x006F
mem[X,0x80041C66] -> 0x00C0
[6129] [M]: 0x80041C64 (0x00C0006F) jal zero, 12


mem[X,0x80041C70] -> 0x2623
mem[X,0x80041C72] -> 0x1C31
[6130] [M]: 0x80041C70 (0x1C312623) sw gp, 460(sp)
mem[0x8004BB30] <- 0x00000002


mem[X,0x80041C74] -> 0xB537
mem[X,0x80041C76] -> 0x0000
[6131] [M]: 0x80041C74 (0x0000B537) lui a0, 11
x10 <- 0x0000B000


mem[X,0x80041C78] -> 0x0513
mem[X,0x80041C7A] -> 0x5055
[6132] [M]: 0x80041C78 (0x50550513) addi a0, a0, 1285
x10 <- 0x0000B505


mem[X,0x80041C7C] -> 0xB5B7
mem[X,0x80041C7E] -> 0xAAAA
[6133] [M]: 0x80041C7C (0xAAAAB5B7) lui a1, 699051
x11 <- 0xAAAAB000


mem[X,0x80041C80] -> 0x8593
mem[X,0x80041C82] -> 0xAAA5
[6134] [M]: 0x80041C80 (0xAAA58593) addi a1, a1, 2730
x11 <- 0xAAAAAAAA


mem[X,0x80041C84] -> 0x0193
mem[X,0x80041C86] -> 0x0000
[6135] [M]: 0x80041C84 (0x00000193) addi gp, zero, 0
x3 <- 0x00000000


mem[X,0x80041C88] -> 0x006F
mem[X,0x80041C8A] -> 0x00C0
[6136] [M]: 0x80041C88 (0x00C0006F) jal zero, 12


mem[X,0x80041C94] -> 0x7CE3
mem[X,0x80041C96] -> 0xFEB5
[6137] [M]: 0x80041C94 (0xFEB57CE3) bgeu a0, a1, 8184


mem[X,0x80041C98] -> 0x8193
mem[X,0x80041C9A] -> 0x0021
[6138] [M]: 0x80041C98 (0x00218193) addi gp, gp, 2
x3 <- 0x00000002


mem[X,0x80041C9C] -> 0x006F
mem[X,0x80041C9E] -> 0x00C0
[6139] [M]: 0x80041C9C (0x00C0006F) jal zero, 12


mem[X,0x80041CA8] -> 0x2823
mem[X,0x80041CAA] -> 0x1C31
[6140] [M]: 0x80041CA8 (0x1C312823) sw gp, 464(sp)
mem[0x8004BB34] <- 0x00000002


mem[X,0x80041CAC] -> 0xB537
mem[X,0x80041CAE] -> 0x0000
[6141] [M]: 0x80041CAC (0x0000B537) lui a0, 11
x10 <- 0x0000B000


mem[X,0x80041CB0] -> 0x0513
mem[X,0x80041CB2] -> 0x5055
[6142] [M]: 0x80041CB0 (0x50550513) addi a0, a0, 1285
x10 <- 0x0000B505


mem[X,0x80041CB4] -> 0x0593
mem[X,0x80041CB6] -> 0x0050
[6143] [M]: 0x80041CB4 (0x00500593) addi a1, zero, 5
x11 <- 0x00000005


mem[X,0x80041CB8] -> 0x0193
mem[X,0x80041CBA] -> 0x0000
[6144] [M]: 0x80041CB8 (0x00000193) addi gp, zero, 0
x3 <- 0x00000000


mem[X,0x80041CBC] -> 0x006F
mem[X,0x80041CBE] -> 0x00C0
[6145] [M]: 0x80041CBC (0x00C0006F) jal zero, 12


mem[X,0x80041CC8] -> 0x7063
mem[X,0x80041CCA] -> 0x08B5
[6146] [M]: 0x80041CC8 (0x08B57063) bgeu a0, a1, 128


mem[X,0x80041D48] -> 0x8193
mem[X,0x80041D4A] -> 0x0031
[6147] [M]: 0x80041D48 (0x00318193) addi gp, gp, 3
x3 <- 0x00000003


mem[X,0x80041D4C] -> 0x006F
mem[X,0x80041D4E] -> 0x0040
[6148] [M]: 0x80041D4C (0x0040006F) jal zero, 4


mem[X,0x80041D50] -> 0x2A23
mem[X,0x80041D52] -> 0x1C31
[6149] [M]: 0x80041D50 (0x1C312A23) sw gp, 468(sp)
mem[0x8004BB38] <- 0x00000003


mem[X,0x80041D54] -> 0xB537
mem[X,0x80041D56] -> 0x0000
[6150] [M]: 0x80041D54 (0x0000B537) lui a0, 11
x10 <- 0x0000B000


mem[X,0x80041D58] -> 0x0513
mem[X,0x80041D5A] -> 0x5055
[6151] [M]: 0x80041D58 (0x50550513) addi a0, a0, 1285
x10 <- 0x0000B505


mem[X,0x80041D5C] -> 0x35B7
mem[X,0x80041D5E] -> 0x3333
[6152] [M]: 0x80041D5C (0x333335B7) lui a1, 209715
x11 <- 0x33333000


mem[X,0x80041D60] -> 0x8593
mem[X,0x80041D62] -> 0x3335
[6153] [M]: 0x80041D60 (0x33358593) addi a1, a1, 819
x11 <- 0x33333333


mem[X,0x80041D64] -> 0x0193
mem[X,0x80041D66] -> 0x0000
[6154] [M]: 0x80041D64 (0x00000193) addi gp, zero, 0
x3 <- 0x00000000


mem[X,0x80041D68] -> 0x006F
mem[X,0x80041D6A] -> 0x00C0
[6155] [M]: 0x80041D68 (0x00C0006F) jal zero, 12


mem[X,0x80041D74] -> 0x7663
mem[X,0x80041D76] -> 0x00B5
[6156] [M]: 0x80041D74 (0x00B57663) bgeu a0, a1, 12


mem[X,0x80041D78] -> 0x8193
mem[X,0x80041D7A] -> 0x0021
[6157] [M]: 0x80041D78 (0x00218193) addi gp, gp, 2
x3 <- 0x00000002


mem[X,0x80041D7C] -> 0x006F
mem[X,0x80041D7E] -> 0x00C0
[6158] [M]: 0x80041D7C (0x00C0006F) jal zero, 12


mem[X,0x80041D88] -> 0x2C23
mem[X,0x80041D8A] -> 0x1C31
[6159] [M]: 0x80041D88 (0x1C312C23) sw gp, 472(sp)
mem[0x8004BB3C] <- 0x00000002


mem[X,0x80041D8C] -> 0xB537
mem[X,0x80041D8E] -> 0x0000
[6160] [M]: 0x80041D8C (0x0000B537) lui a0, 11
x10 <- 0x0000B000


mem[X,0x80041D90] -> 0x0513
mem[X,0x80041D92] -> 0x5055
[6161] [M]: 0x80041D90 (0x50550513) addi a0, a0, 1285
x10 <- 0x0000B505


mem[X,0x80041D94] -> 0x65B7
mem[X,0x80041D96] -> 0x6666
[6162] [M]: 0x80041D94 (0x666665B7) lui a1, 419430
x11 <- 0x66666000


mem[X,0x80041D98] -> 0x8593
mem[X,0x80041D9A] -> 0x6665
[6163] [M]: 0x80041D98 (0x66658593) addi a1, a1, 1638
x11 <- 0x66666666


mem[X,0x80041D9C] -> 0x0193
mem[X,0x80041D9E] -> 0x0000
[6164] [M]: 0x80041D9C (0x00000193) addi gp, zero, 0
x3 <- 0x00000000


mem[X,0x80041DA0] -> 0x006F
mem[X,0x80041DA2] -> 0x0140
[6165] [M]: 0x80041DA0 (0x0140006F) jal zero, 20


mem[X,0x80041DB4] -> 0x78E3
mem[X,0x80041DB6] -> 0xFEB5
[6166] [M]: 0x80041DB4 (0xFEB578E3) bgeu a0, a1, 8176


mem[X,0x80041DB8] -> 0x8193
mem[X,0x80041DBA] -> 0x0021
[6167] [M]: 0x80041DB8 (0x00218193) addi gp, gp, 2
x3 <- 0x00000002


mem[X,0x80041DBC] -> 0x006F
mem[X,0x80041DBE] -> 0x00C0
[6168] [M]: 0x80041DBC (0x00C0006F) jal zero, 12


mem[X,0x80041DC8] -> 0x2E23
mem[X,0x80041DCA] -> 0x1C31
[6169] [M]: 0x80041DC8 (0x1C312E23) sw gp, 476(sp)
mem[0x8004BB40] <- 0x00000002


mem[X,0x80041DCC] -> 0xB537
mem[X,0x80041DCE] -> 0x0000
[6170] [M]: 0x80041DCC (0x0000B537) lui a0, 11
x10 <- 0x0000B000


mem[X,0x80041DD0] -> 0x0513
mem[X,0x80041DD2] -> 0x5055
[6171] [M]: 0x80041DD0 (0x50550513) addi a0, a0, 1285
x10 <- 0x0000B505


mem[X,0x80041DD4] -> 0xB5B7
mem[X,0x80041DD6] -> 0x0000
[6172] [M]: 0x80041DD4 (0x0000B5B7) lui a1, 11
x11 <- 0x0000B000


mem[X,0x80041DD8] -> 0x8593
mem[X,0x80041DDA] -> 0x5045
[6173] [M]: 0x80041DD8 (0x50458593) addi a1, a1, 1284
x11 <- 0x0000B504


mem[X,0x80041DDC] -> 0x0193
mem[X,0x80041DDE] -> 0x0000
[6174] [M]: 0x80041DDC (0x00000193) addi gp, zero, 0
x3 <- 0x00000000


mem[X,0x80041DE0] -> 0x006F
mem[X,0x80041DE2] -> 0x00C0
[6175] [M]: 0x80041DE0 (0x00C0006F) jal zero, 12


mem[X,0x80041DEC] -> 0x7663
mem[X,0x80041DEE] -> 0x00B5
[6176] [M]: 0x80041DEC (0x00B57663) bgeu a0, a1, 12


mem[X,0x80041DF8] -> 0x8193
mem[X,0x80041DFA] -> 0x0031
[6177] [M]: 0x80041DF8 (0x00318193) addi gp, gp, 3
x3 <- 0x00000003


mem[X,0x80041DFC] -> 0x006F
mem[X,0x80041DFE] -> 0x0040
[6178] [M]: 0x80041DFC (0x0040006F) jal zero, 4


mem[X,0x80041E00] -> 0x2023
mem[X,0x80041E02] -> 0x1E31
[6179] [M]: 0x80041E00 (0x1E312023) sw gp, 480(sp)
mem[0x8004BB44] <- 0x00000003


mem[X,0x80041E04] -> 0xB537
mem[X,0x80041E06] -> 0x0000
[6180] [M]: 0x80041E04 (0x0000B537) lui a0, 11
x10 <- 0x0000B000


mem[X,0x80041E08] -> 0x0513
mem[X,0x80041E0A] -> 0x5055
[6181] [M]: 0x80041E08 (0x50550513) addi a0, a0, 1285
x10 <- 0x0000B505


mem[X,0x80041E0C] -> 0x0593
mem[X,0x80041E0E] -> 0x0000
[6182] [M]: 0x80041E0C (0x00000593) addi a1, zero, 0
x11 <- 0x00000000


mem[X,0x80041E10] -> 0x0193
mem[X,0x80041E12] -> 0x0000
[6183] [M]: 0x80041E10 (0x00000193) addi gp, zero, 0
x3 <- 0x00000000


mem[X,0x80041E14] -> 0x006F
mem[X,0x80041E16] -> 0x00C0
[6184] [M]: 0x80041E14 (0x00C0006F) jal zero, 12


mem[X,0x80041E20] -> 0x7663
mem[X,0x80041E22] -> 0x00B5
[6185] [M]: 0x80041E20 (0x00B57663) bgeu a0, a1, 12


mem[X,0x80041E2C] -> 0x8193
mem[X,0x80041E2E] -> 0x0031
[6186] [M]: 0x80041E2C (0x00318193) addi gp, gp, 3
x3 <- 0x00000003


mem[X,0x80041E30] -> 0x006F
mem[X,0x80041E32] -> 0x0040
[6187] [M]: 0x80041E30 (0x0040006F) jal zero, 4


mem[X,0x80041E34] -> 0x2223
mem[X,0x80041E36] -> 0x1E31
[6188] [M]: 0x80041E34 (0x1E312223) sw gp, 484(sp)
mem[0x8004BB48] <- 0x00000003


mem[X,0x80041E38] -> 0xB537
mem[X,0x80041E3A] -> 0x0000
[6189] [M]: 0x80041E38 (0x0000B537) lui a0, 11
x10 <- 0x0000B000


mem[X,0x80041E3C] -> 0x0513
mem[X,0x80041E3E] -> 0x5055
[6190] [M]: 0x80041E3C (0x50550513) addi a0, a0, 1285
x10 <- 0x0000B505


mem[X,0x80041E40] -> 0x05B7
mem[X,0x80041E42] -> 0x0001
[6191] [M]: 0x80041E40 (0x000105B7) lui a1, 16
x11 <- 0x00010000


mem[X,0x80041E44] -> 0x8593
mem[X,0x80041E46] -> 0xFFF5
[6192] [M]: 0x80041E44 (0xFFF58593) addi a1, a1, 4095
x11 <- 0x0000FFFF


mem[X,0x80041E48] -> 0x0193
mem[X,0x80041E4A] -> 0x0000
[6193] [M]: 0x80041E48 (0x00000193) addi gp, zero, 0
x3 <- 0x00000000


mem[X,0x80041E4C] -> 0x006F
mem[X,0x80041E4E] -> 0x0140
[6194] [M]: 0x80041E4C (0x0140006F) jal zero, 20


mem[X,0x80041E60] -> 0x78E3
mem[X,0x80041E62] -> 0xFEB5
[6195] [M]: 0x80041E60 (0xFEB578E3) bgeu a0, a1, 8176


mem[X,0x80041E64] -> 0x8193
mem[X,0x80041E66] -> 0x0021
[6196] [M]: 0x80041E64 (0x00218193) addi gp, gp, 2
x3 <- 0x00000002


mem[X,0x80041E68] -> 0x006F
mem[X,0x80041E6A] -> 0x00C0
[6197] [M]: 0x80041E68 (0x00C0006F) jal zero, 12


mem[X,0x80041E74] -> 0x2423
mem[X,0x80041E76] -> 0x1E31
[6198] [M]: 0x80041E74 (0x1E312423) sw gp, 488(sp)
mem[0x8004BB4C] <- 0x00000002


mem[X,0x80041E78] -> 0xB537
mem[X,0x80041E7A] -> 0x0000
[6199] [M]: 0x80041E78 (0x0000B537) lui a0, 11
x10 <- 0x0000B000


clint::tick mtime <- 0x000000000000003E
 clint timer pending at mtime 0x000000000000003E
htif::tick 0x0000000000000000
mem[X,0x80041E7C] -> 0x0513
mem[X,0x80041E7E] -> 0x5055
[6200] [M]: 0x80041E7C (0x50550513) addi a0, a0, 1285
x10 <- 0x0000B505


mem[X,0x80041E80] -> 0x0593
mem[X,0x80041E82] -> 0x0020
[6201] [M]: 0x80041E80 (0x00200593) addi a1, zero, 2
x11 <- 0x00000002


mem[X,0x80041E84] -> 0x0193
mem[X,0x80041E86] -> 0x0000
[6202] [M]: 0x80041E84 (0x00000193) addi gp, zero, 0
x3 <- 0x00000000


mem[X,0x80041E88] -> 0x006F
mem[X,0x80041E8A] -> 0x00C0
[6203] [M]: 0x80041E88 (0x00C0006F) jal zero, 12


mem[X,0x80041E94] -> 0x7CE3
mem[X,0x80041E96] -> 0xFEB5
[6204] [M]: 0x80041E94 (0xFEB57CE3) bgeu a0, a1, 8184


mem[X,0x80041E8C] -> 0x8193
mem[X,0x80041E8E] -> 0x0011
[6205] [M]: 0x80041E8C (0x00118193) addi gp, gp, 1
x3 <- 0x00000001


mem[X,0x80041E90] -> 0x006F
mem[X,0x80041E92] -> 0x0180
[6206] [M]: 0x80041E90 (0x0180006F) jal zero, 24


mem[X,0x80041EA8] -> 0x2623
mem[X,0x80041EAA] -> 0x1E31
[6207] [M]: 0x80041EA8 (0x1E312623) sw gp, 492(sp)
mem[0x8004BB50] <- 0x00000001


mem[X,0x80041EAC] -> 0xB537
mem[X,0x80041EAE] -> 0x0000
[6208] [M]: 0x80041EAC (0x0000B537) lui a0, 11
x10 <- 0x0000B000


mem[X,0x80041EB0] -> 0x0513
mem[X,0x80041EB2] -> 0x5055
[6209] [M]: 0x80041EB0 (0x50550513) addi a0, a0, 1285
x10 <- 0x0000B505


mem[X,0x80041EB4] -> 0x55B7
mem[X,0x80041EB6] -> 0x5555
[6210] [M]: 0x80041EB4 (0x555555B7) lui a1, 349525
x11 <- 0x55555000


mem[X,0x80041EB8] -> 0x8593
mem[X,0x80041EBA] -> 0x5545
[6211] [M]: 0x80041EB8 (0x55458593) addi a1, a1, 1364
x11 <- 0x55555554


mem[X,0x80041EBC] -> 0x0193
mem[X,0x80041EBE] -> 0x0000
[6212] [M]: 0x80041EBC (0x00000193) addi gp, zero, 0
x3 <- 0x00000000


mem[X,0x80041EC0] -> 0x006F
mem[X,0x80041EC2] -> 0x00C0
[6213] [M]: 0x80041EC0 (0x00C0006F) jal zero, 12


mem[X,0x80041ECC] -> 0x7063
mem[X,0x80041ECE] -> 0x04B5
[6214] [M]: 0x80041ECC (0x04B57063) bgeu a0, a1, 64


mem[X,0x80041ED0] -> 0x8193
mem[X,0x80041ED2] -> 0x0021
[6215] [M]: 0x80041ED0 (0x00218193) addi gp, gp, 2
x3 <- 0x00000002


mem[X,0x80041ED4] -> 0x006F
mem[X,0x80041ED6] -> 0x0400
[6216] [M]: 0x80041ED4 (0x0400006F) jal zero, 64


mem[X,0x80041F14] -> 0x2823
mem[X,0x80041F16] -> 0x1E31
[6217] [M]: 0x80041F14 (0x1E312823) sw gp, 496(sp)
mem[0x8004BB54] <- 0x00000002


mem[X,0x80041F18] -> 0xB537
mem[X,0x80041F1A] -> 0x0000
[6218] [M]: 0x80041F18 (0x0000B537) lui a0, 11
x10 <- 0x0000B000


mem[X,0x80041F1C] -> 0x0513
mem[X,0x80041F1E] -> 0x5055
[6219] [M]: 0x80041F1C (0x50550513) addi a0, a0, 1285
x10 <- 0x0000B505


mem[X,0x80041F20] -> 0xB5B7
mem[X,0x80041F22] -> 0xAAAA
[6220] [M]: 0x80041F20 (0xAAAAB5B7) lui a1, 699051
x11 <- 0xAAAAB000


mem[X,0x80041F24] -> 0x8593
mem[X,0x80041F26] -> 0xAA95
[6221] [M]: 0x80041F24 (0xAA958593) addi a1, a1, 2729
x11 <- 0xAAAAAAA9


mem[X,0x80041F28] -> 0x0193
mem[X,0x80041F2A] -> 0x0000
[6222] [M]: 0x80041F28 (0x00000193) addi gp, zero, 0
x3 <- 0x00000000


mem[X,0x80041F2C] -> 0x006F
mem[X,0x80041F2E] -> 0x00C0
[6223] [M]: 0x80041F2C (0x00C0006F) jal zero, 12


mem[X,0x80041F38] -> 0x7663
mem[X,0x80041F3A] -> 0x00B5
[6224] [M]: 0x80041F38 (0x00B57663) bgeu a0, a1, 12


mem[X,0x80041F3C] -> 0x8193
mem[X,0x80041F3E] -> 0x0021
[6225] [M]: 0x80041F3C (0x00218193) addi gp, gp, 2
x3 <- 0x00000002


mem[X,0x80041F40] -> 0x006F
mem[X,0x80041F42] -> 0x00C0
[6226] [M]: 0x80041F40 (0x00C0006F) jal zero, 12


mem[X,0x80041F4C] -> 0x2A23
mem[X,0x80041F4E] -> 0x1E31
[6227] [M]: 0x80041F4C (0x1E312A23) sw gp, 500(sp)
mem[0x8004BB58] <- 0x00000002


mem[X,0x80041F50] -> 0xB537
mem[X,0x80041F52] -> 0x0000
[6228] [M]: 0x80041F50 (0x0000B537) lui a0, 11
x10 <- 0x0000B000


mem[X,0x80041F54] -> 0x0513
mem[X,0x80041F56] -> 0x5055
[6229] [M]: 0x80041F54 (0x50550513) addi a0, a0, 1285
x10 <- 0x0000B505


mem[X,0x80041F58] -> 0x0593
mem[X,0x80041F5A] -> 0x0040
[6230] [M]: 0x80041F58 (0x00400593) addi a1, zero, 4
x11 <- 0x00000004


mem[X,0x80041F5C] -> 0x0193
mem[X,0x80041F5E] -> 0x0000
[6231] [M]: 0x80041F5C (0x00000193) addi gp, zero, 0
x3 <- 0x00000000


mem[X,0x80041F60] -> 0x006F
mem[X,0x80041F62] -> 0x00C0
[6232] [M]: 0x80041F60 (0x00C0006F) jal zero, 12


mem[X,0x80041F6C] -> 0x7863
mem[X,0x80041F6E] -> 0x00B5
[6233] [M]: 0x80041F6C (0x00B57863) bgeu a0, a1, 16


mem[X,0x80041F7C] -> 0x8193
mem[X,0x80041F7E] -> 0x0031
[6234] [M]: 0x80041F7C (0x00318193) addi gp, gp, 3
x3 <- 0x00000003


mem[X,0x80041F80] -> 0x006F
mem[X,0x80041F82] -> 0x0040
[6235] [M]: 0x80041F80 (0x0040006F) jal zero, 4


mem[X,0x80041F84] -> 0x2C23
mem[X,0x80041F86] -> 0x1E31
[6236] [M]: 0x80041F84 (0x1E312C23) sw gp, 504(sp)
mem[0x8004BB5C] <- 0x00000003


mem[X,0x80041F88] -> 0xB537
mem[X,0x80041F8A] -> 0x0000
[6237] [M]: 0x80041F88 (0x0000B537) lui a0, 11
x10 <- 0x0000B000


mem[X,0x80041F8C] -> 0x0513
mem[X,0x80041F8E] -> 0x5055
[6238] [M]: 0x80041F8C (0x50550513) addi a0, a0, 1285
x10 <- 0x0000B505


mem[X,0x80041F90] -> 0x35B7
mem[X,0x80041F92] -> 0x3333
[6239] [M]: 0x80041F90 (0x333335B7) lui a1, 209715
x11 <- 0x33333000


mem[X,0x80041F94] -> 0x8593
mem[X,0x80041F96] -> 0x3325
[6240] [M]: 0x80041F94 (0x33258593) addi a1, a1, 818
x11 <- 0x33333332


mem[X,0x80041F98] -> 0x0193
mem[X,0x80041F9A] -> 0x0000
[6241] [M]: 0x80041F98 (0x00000193) addi gp, zero, 0
x3 <- 0x00000000


mem[X,0x80041F9C] -> 0x006F
mem[X,0x80041F9E] -> 0x00C0
[6242] [M]: 0x80041F9C (0x00C0006F) jal zero, 12


mem[X,0x80041FA8] -> 0x7CE3
mem[X,0x80041FAA] -> 0xFEB5
[6243] [M]: 0x80041FA8 (0xFEB57CE3) bgeu a0, a1, 8184


mem[X,0x80041FAC] -> 0x8193
mem[X,0x80041FAE] -> 0x0021
[6244] [M]: 0x80041FAC (0x00218193) addi gp, gp, 2
x3 <- 0x00000002


mem[X,0x80041FB0] -> 0x006F
mem[X,0x80041FB2] -> 0x00C0
[6245] [M]: 0x80041FB0 (0x00C0006F) jal zero, 12


mem[X,0x80041FBC] -> 0x2E23
mem[X,0x80041FBE] -> 0x1E31
[6246] [M]: 0x80041FBC (0x1E312E23) sw gp, 508(sp)
mem[0x8004BB60] <- 0x00000002


mem[X,0x80041FC0] -> 0xB537
mem[X,0x80041FC2] -> 0x0000
[6247] [M]: 0x80041FC0 (0x0000B537) lui a0, 11
x10 <- 0x0000B000


mem[X,0x80041FC4] -> 0x0513
mem[X,0x80041FC6] -> 0x5055
[6248] [M]: 0x80041FC4 (0x50550513) addi a0, a0, 1285
x10 <- 0x0000B505


mem[X,0x80041FC8] -> 0x65B7
mem[X,0x80041FCA] -> 0x6666
[6249] [M]: 0x80041FC8 (0x666665B7) lui a1, 419430
x11 <- 0x66666000


mem[X,0x80041FCC] -> 0x8593
mem[X,0x80041FCE] -> 0x6655
[6250] [M]: 0x80041FCC (0x66558593) addi a1, a1, 1637
x11 <- 0x66666665


mem[X,0x80041FD0] -> 0x0193
mem[X,0x80041FD2] -> 0x0000
[6251] [M]: 0x80041FD0 (0x00000193) addi gp, zero, 0
x3 <- 0x00000000


mem[X,0x80041FD4] -> 0x006F
mem[X,0x80041FD6] -> 0x0050
[6252] [M]: 0x80041FD4 (0x0050006F) jal zero, 2052


mem[X,0x800427D8] -> 0x70E3
mem[X,0x800427DA] -> 0x80B5
[6253] [M]: 0x800427D8 (0x80B570E3) bgeu a0, a1, 6144


mem[X,0x800427DC] -> 0x8193
mem[X,0x800427DE] -> 0x0021
[6254] [M]: 0x800427DC (0x00218193) addi gp, gp, 2
x3 <- 0x00000002


mem[X,0x800427E0] -> 0x006F
mem[X,0x800427E2] -> 0x00C0
[6255] [M]: 0x800427E0 (0x00C0006F) jal zero, 12


mem[X,0x800427EC] -> 0x2023
mem[X,0x800427EE] -> 0x2031
[6256] [M]: 0x800427EC (0x20312023) sw gp, 512(sp)
mem[0x8004BB64] <- 0x00000002


mem[X,0x800427F0] -> 0xB537
mem[X,0x800427F2] -> 0x0000
[6257] [M]: 0x800427F0 (0x0000B537) lui a0, 11
x10 <- 0x0000B000


mem[X,0x800427F4] -> 0x0513
mem[X,0x800427F6] -> 0x5055
[6258] [M]: 0x800427F4 (0x50550513) addi a0, a0, 1285
x10 <- 0x0000B505


mem[X,0x800427F8] -> 0xB5B7
mem[X,0x800427FA] -> 0x0000
[6259] [M]: 0x800427F8 (0x0000B5B7) lui a1, 11
x11 <- 0x0000B000


mem[X,0x800427FC] -> 0x8593
mem[X,0x800427FE] -> 0x5035
[6260] [M]: 0x800427FC (0x50358593) addi a1, a1, 1283
x11 <- 0x0000B503


mem[X,0x80042800] -> 0x0193
mem[X,0x80042802] -> 0x0000
[6261] [M]: 0x80042800 (0x00000193) addi gp, zero, 0
x3 <- 0x00000000


mem[X,0x80042804] -> 0x006F
mem[X,0x80042806] -> 0x0050
[6262] [M]: 0x80042804 (0x0050006F) jal zero, 2052


mem[X,0x80043008] -> 0x70E3
mem[X,0x8004300A] -> 0x80B5
[6263] [M]: 0x80043008 (0x80B570E3) bgeu a0, a1, 6144


mem[X,0x80042808] -> 0x8193
mem[X,0x8004280A] -> 0x0011
[6264] [M]: 0x80042808 (0x00118193) addi gp, gp, 1
x3 <- 0x00000001


mem[X,0x8004280C] -> 0x006F
mem[X,0x8004280E] -> 0x0110
[6265] [M]: 0x8004280C (0x0110006F) jal zero, 2064


mem[X,0x8004301C] -> 0x2223
mem[X,0x8004301E] -> 0x2031
[6266] [M]: 0x8004301C (0x20312223) sw gp, 516(sp)
mem[0x8004BB68] <- 0x00000001


mem[X,0x80043020] -> 0xB537
mem[X,0x80043022] -> 0x0000
[6267] [M]: 0x80043020 (0x0000B537) lui a0, 11
x10 <- 0x0000B000


mem[X,0x80043024] -> 0x0513
mem[X,0x80043026] -> 0x5055
[6268] [M]: 0x80043024 (0x50550513) addi a0, a0, 1285
x10 <- 0x0000B505


mem[X,0x80043028] -> 0x05B7
mem[X,0x8004302A] -> 0x0001
[6269] [M]: 0x80043028 (0x000105B7) lui a1, 16
x11 <- 0x00010000


mem[X,0x8004302C] -> 0x8593
mem[X,0x8004302E] -> 0xFFE5
[6270] [M]: 0x8004302C (0xFFE58593) addi a1, a1, 4094
x11 <- 0x0000FFFE


mem[X,0x80043030] -> 0x0193
mem[X,0x80043032] -> 0x0000
[6271] [M]: 0x80043030 (0x00000193) addi gp, zero, 0
x3 <- 0x00000000


mem[X,0x80043034] -> 0x006F
mem[X,0x80043036] -> 0x00C0
[6272] [M]: 0x80043034 (0x00C0006F) jal zero, 12


mem[X,0x80043040] -> 0x7063
mem[X,0x80043042] -> 0x02B5
[6273] [M]: 0x80043040 (0x02B57063) bgeu a0, a1, 32


mem[X,0x80043044] -> 0x8193
mem[X,0x80043046] -> 0x0021
[6274] [M]: 0x80043044 (0x00218193) addi gp, gp, 2
x3 <- 0x00000002


mem[X,0x80043048] -> 0x006F
mem[X,0x8004304A] -> 0x0200
[6275] [M]: 0x80043048 (0x0200006F) jal zero, 32


mem[X,0x80043068] -> 0x2423
mem[X,0x8004306A] -> 0x2031
[6276] [M]: 0x80043068 (0x20312423) sw gp, 520(sp)
mem[0x8004BB6C] <- 0x00000002


mem[X,0x8004306C] -> 0xB537
mem[X,0x8004306E] -> 0x0000
[6277] [M]: 0x8004306C (0x0000B537) lui a0, 11
x10 <- 0x0000B000


mem[X,0x80043070] -> 0x0513
mem[X,0x80043072] -> 0x5055
[6278] [M]: 0x80043070 (0x50550513) addi a0, a0, 1285
x10 <- 0x0000B505


mem[X,0x80043074] -> 0x55B7
mem[X,0x80043076] -> 0x5555
[6279] [M]: 0x80043074 (0x555555B7) lui a1, 349525
x11 <- 0x55555000


mem[X,0x80043078] -> 0x8593
mem[X,0x8004307A] -> 0x5565
[6280] [M]: 0x80043078 (0x55658593) addi a1, a1, 1366
x11 <- 0x55555556


mem[X,0x8004307C] -> 0x0193
mem[X,0x8004307E] -> 0x0000
[6281] [M]: 0x8004307C (0x00000193) addi gp, zero, 0
x3 <- 0x00000000


mem[X,0x80043080] -> 0x006F
mem[X,0x80043082] -> 0x00C0
[6282] [M]: 0x80043080 (0x00C0006F) jal zero, 12


mem[X,0x8004308C] -> 0x7063
mem[X,0x8004308E] -> 0x02B5
[6283] [M]: 0x8004308C (0x02B57063) bgeu a0, a1, 32


mem[X,0x80043090] -> 0x8193
mem[X,0x80043092] -> 0x0021
[6284] [M]: 0x80043090 (0x00218193) addi gp, gp, 2
x3 <- 0x00000002


mem[X,0x80043094] -> 0x006F
mem[X,0x80043096] -> 0x0200
[6285] [M]: 0x80043094 (0x0200006F) jal zero, 32


mem[X,0x800430B4] -> 0x2623
mem[X,0x800430B6] -> 0x2031
[6286] [M]: 0x800430B4 (0x20312623) sw gp, 524(sp)
mem[0x8004BB70] <- 0x00000002


mem[X,0x800430B8] -> 0xB537
mem[X,0x800430BA] -> 0x0000
[6287] [M]: 0x800430B8 (0x0000B537) lui a0, 11
x10 <- 0x0000B000


mem[X,0x800430BC] -> 0x0513
mem[X,0x800430BE] -> 0x5055
[6288] [M]: 0x800430BC (0x50550513) addi a0, a0, 1285
x10 <- 0x0000B505


mem[X,0x800430C0] -> 0xB5B7
mem[X,0x800430C2] -> 0xAAAA
[6289] [M]: 0x800430C0 (0xAAAAB5B7) lui a1, 699051
x11 <- 0xAAAAB000


mem[X,0x800430C4] -> 0x8593
mem[X,0x800430C6] -> 0xAAB5
[6290] [M]: 0x800430C4 (0xAAB58593) addi a1, a1, 2731
x11 <- 0xAAAAAAAB


mem[X,0x800430C8] -> 0x0193
mem[X,0x800430CA] -> 0x0000
[6291] [M]: 0x800430C8 (0x00000193) addi gp, zero, 0
x3 <- 0x00000000


mem[X,0x800430CC] -> 0x006F
mem[X,0x800430CE] -> 0x00C0
[6292] [M]: 0x800430CC (0x00C0006F) jal zero, 12


mem[X,0x800430D8] -> 0x7CE3
mem[X,0x800430DA] -> 0xFEB5
[6293] [M]: 0x800430D8 (0xFEB57CE3) bgeu a0, a1, 8184


mem[X,0x800430DC] -> 0x8193
mem[X,0x800430DE] -> 0x0021
[6294] [M]: 0x800430DC (0x00218193) addi gp, gp, 2
x3 <- 0x00000002


mem[X,0x800430E0] -> 0x006F
mem[X,0x800430E2] -> 0x00C0
[6295] [M]: 0x800430E0 (0x00C0006F) jal zero, 12


mem[X,0x800430EC] -> 0x2823
mem[X,0x800430EE] -> 0x2031
[6296] [M]: 0x800430EC (0x20312823) sw gp, 528(sp)
mem[0x8004BB74] <- 0x00000002


mem[X,0x800430F0] -> 0xB537
mem[X,0x800430F2] -> 0x0000
[6297] [M]: 0x800430F0 (0x0000B537) lui a0, 11
x10 <- 0x0000B000


mem[X,0x800430F4] -> 0x0513
mem[X,0x800430F6] -> 0x5055
[6298] [M]: 0x800430F4 (0x50550513) addi a0, a0, 1285
x10 <- 0x0000B505


mem[X,0x800430F8] -> 0x0593
mem[X,0x800430FA] -> 0x0060
[6299] [M]: 0x800430F8 (0x00600593) addi a1, zero, 6
x11 <- 0x00000006


clint::tick mtime <- 0x000000000000003F
 clint timer pending at mtime 0x000000000000003F
htif::tick 0x0000000000000000
mem[X,0x800430FC] -> 0x0193
mem[X,0x800430FE] -> 0x0000
[6300] [M]: 0x800430FC (0x00000193) addi gp, zero, 0
x3 <- 0x00000000


mem[X,0x80043100] -> 0x006F
mem[X,0x80043102] -> 0x00C0
[6301] [M]: 0x80043100 (0x00C0006F) jal zero, 12


mem[X,0x8004310C] -> 0x7CE3
mem[X,0x8004310E] -> 0xFEB5
[6302] [M]: 0x8004310C (0xFEB57CE3) bgeu a0, a1, 8184


mem[X,0x80043104] -> 0x8193
mem[X,0x80043106] -> 0x0011
[6303] [M]: 0x80043104 (0x00118193) addi gp, gp, 1
x3 <- 0x00000001


mem[X,0x80043108] -> 0x006F
mem[X,0x8004310A] -> 0x0180
[6304] [M]: 0x80043108 (0x0180006F) jal zero, 24


mem[X,0x80043120] -> 0x2A23
mem[X,0x80043122] -> 0x2031
[6305] [M]: 0x80043120 (0x20312A23) sw gp, 532(sp)
mem[0x8004BB78] <- 0x00000001


mem[X,0x80043124] -> 0xB537
mem[X,0x80043126] -> 0x0000
[6306] [M]: 0x80043124 (0x0000B537) lui a0, 11
x10 <- 0x0000B000


mem[X,0x80043128] -> 0x0513
mem[X,0x8004312A] -> 0x5055
[6307] [M]: 0x80043128 (0x50550513) addi a0, a0, 1285
x10 <- 0x0000B505


mem[X,0x8004312C] -> 0x35B7
mem[X,0x8004312E] -> 0x3333
[6308] [M]: 0x8004312C (0x333335B7) lui a1, 209715
x11 <- 0x33333000


mem[X,0x80043130] -> 0x8593
mem[X,0x80043132] -> 0x3345
[6309] [M]: 0x80043130 (0x33458593) addi a1, a1, 820
x11 <- 0x33333334


mem[X,0x80043134] -> 0x0193
mem[X,0x80043136] -> 0x0000
[6310] [M]: 0x80043134 (0x00000193) addi gp, zero, 0
x3 <- 0x00000000


mem[X,0x80043138] -> 0x006F
mem[X,0x8004313A] -> 0x00C0
[6311] [M]: 0x80043138 (0x00C0006F) jal zero, 12


mem[X,0x80043144] -> 0x7663
mem[X,0x80043146] -> 0x00B5
[6312] [M]: 0x80043144 (0x00B57663) bgeu a0, a1, 12


mem[X,0x80043148] -> 0x8193
mem[X,0x8004314A] -> 0x0021
[6313] [M]: 0x80043148 (0x00218193) addi gp, gp, 2
x3 <- 0x00000002


mem[X,0x8004314C] -> 0x006F
mem[X,0x8004314E] -> 0x00C0
[6314] [M]: 0x8004314C (0x00C0006F) jal zero, 12


mem[X,0x80043158] -> 0x2C23
mem[X,0x8004315A] -> 0x2031
[6315] [M]: 0x80043158 (0x20312C23) sw gp, 536(sp)
mem[0x8004BB7C] <- 0x00000002


mem[X,0x8004315C] -> 0xB537
mem[X,0x8004315E] -> 0x0000
[6316] [M]: 0x8004315C (0x0000B537) lui a0, 11
x10 <- 0x0000B000


mem[X,0x80043160] -> 0x0513
mem[X,0x80043162] -> 0x5055
[6317] [M]: 0x80043160 (0x50550513) addi a0, a0, 1285
x10 <- 0x0000B505


mem[X,0x80043164] -> 0x65B7
mem[X,0x80043166] -> 0x6666
[6318] [M]: 0x80043164 (0x666665B7) lui a1, 419430
x11 <- 0x66666000


mem[X,0x80043168] -> 0x8593
mem[X,0x8004316A] -> 0x6675
[6319] [M]: 0x80043168 (0x66758593) addi a1, a1, 1639
x11 <- 0x66666667


mem[X,0x8004316C] -> 0x0193
mem[X,0x8004316E] -> 0x0000
[6320] [M]: 0x8004316C (0x00000193) addi gp, zero, 0
x3 <- 0x00000000


mem[X,0x80043170] -> 0x006F
mem[X,0x80043172] -> 0x00C0
[6321] [M]: 0x80043170 (0x00C0006F) jal zero, 12


mem[X,0x8004317C] -> 0x7063
mem[X,0x8004317E] -> 0x04B5
[6322] [M]: 0x8004317C (0x04B57063) bgeu a0, a1, 64


mem[X,0x80043180] -> 0x8193
mem[X,0x80043182] -> 0x0021
[6323] [M]: 0x80043180 (0x00218193) addi gp, gp, 2
x3 <- 0x00000002


mem[X,0x80043184] -> 0x006F
mem[X,0x80043186] -> 0x0400
[6324] [M]: 0x80043184 (0x0400006F) jal zero, 64


mem[X,0x800431C4] -> 0x2E23
mem[X,0x800431C6] -> 0x2031
[6325] [M]: 0x800431C4 (0x20312E23) sw gp, 540(sp)
mem[0x8004BB80] <- 0x00000002


mem[X,0x800431C8] -> 0xB537
mem[X,0x800431CA] -> 0x0000
[6326] [M]: 0x800431C8 (0x0000B537) lui a0, 11
x10 <- 0x0000B000


mem[X,0x800431CC] -> 0x0513
mem[X,0x800431CE] -> 0x5055
[6327] [M]: 0x800431CC (0x50550513) addi a0, a0, 1285
x10 <- 0x0000B505


mem[X,0x800431D0] -> 0xB5B7
mem[X,0x800431D2] -> 0x0000
[6328] [M]: 0x800431D0 (0x0000B5B7) lui a1, 11
x11 <- 0x0000B000


mem[X,0x800431D4] -> 0x8593
mem[X,0x800431D6] -> 0x5055
[6329] [M]: 0x800431D4 (0x50558593) addi a1, a1, 1285
x11 <- 0x0000B505


mem[X,0x800431D8] -> 0x0193
mem[X,0x800431DA] -> 0x0000
[6330] [M]: 0x800431D8 (0x00000193) addi gp, zero, 0
x3 <- 0x00000000


mem[X,0x800431DC] -> 0x006F
mem[X,0x800431DE] -> 0x00C0
[6331] [M]: 0x800431DC (0x00C0006F) jal zero, 12


mem[X,0x800431E8] -> 0x7063
mem[X,0x800431EA] -> 0x08B5
[6332] [M]: 0x800431E8 (0x08B57063) bgeu a0, a1, 128


mem[X,0x80043268] -> 0x8193
mem[X,0x8004326A] -> 0x0031
[6333] [M]: 0x80043268 (0x00318193) addi gp, gp, 3
x3 <- 0x00000003


mem[X,0x8004326C] -> 0x006F
mem[X,0x8004326E] -> 0x0040
[6334] [M]: 0x8004326C (0x0040006F) jal zero, 4


mem[X,0x80043270] -> 0x2023
mem[X,0x80043272] -> 0x2231
[6335] [M]: 0x80043270 (0x22312023) sw gp, 544(sp)
mem[0x8004BB84] <- 0x00000003


mem[X,0x80043274] -> 0xB537
mem[X,0x80043276] -> 0x0000
[6336] [M]: 0x80043274 (0x0000B537) lui a0, 11
x10 <- 0x0000B000


mem[X,0x80043278] -> 0x0513
mem[X,0x8004327A] -> 0x5055
[6337] [M]: 0x80043278 (0x50550513) addi a0, a0, 1285
x10 <- 0x0000B505


mem[X,0x8004327C] -> 0x0593
mem[X,0x8004327E] -> 0x0010
[6338] [M]: 0x8004327C (0x00100593) addi a1, zero, 1
x11 <- 0x00000001


mem[X,0x80043280] -> 0x0193
mem[X,0x80043282] -> 0x0000
[6339] [M]: 0x80043280 (0x00000193) addi gp, zero, 0
x3 <- 0x00000000


mem[X,0x80043284] -> 0x006F
mem[X,0x80043286] -> 0x00C0
[6340] [M]: 0x80043284 (0x00C0006F) jal zero, 12


mem[X,0x80043290] -> 0x7663
mem[X,0x80043292] -> 0x00B5
[6341] [M]: 0x80043290 (0x00B57663) bgeu a0, a1, 12


mem[X,0x8004329C] -> 0x8193
mem[X,0x8004329E] -> 0x0031
[6342] [M]: 0x8004329C (0x00318193) addi gp, gp, 3
x3 <- 0x00000003


mem[X,0x800432A0] -> 0x006F
mem[X,0x800432A2] -> 0x0040
[6343] [M]: 0x800432A0 (0x0040006F) jal zero, 4


mem[X,0x800432A4] -> 0x2223
mem[X,0x800432A6] -> 0x2231
[6344] [M]: 0x800432A4 (0x22312223) sw gp, 548(sp)
mem[0x8004BB88] <- 0x00000003


mem[X,0x800432A8] -> 0xB537
mem[X,0x800432AA] -> 0x0000
[6345] [M]: 0x800432A8 (0x0000B537) lui a0, 11
x10 <- 0x0000B000


mem[X,0x800432AC] -> 0x0513
mem[X,0x800432AE] -> 0x5055
[6346] [M]: 0x800432AC (0x50550513) addi a0, a0, 1285
x10 <- 0x0000B505


mem[X,0x800432B0] -> 0x05B7
mem[X,0x800432B2] -> 0x0001
[6347] [M]: 0x800432B0 (0x000105B7) lui a1, 16
x11 <- 0x00010000


mem[X,0x800432B4] -> 0x0193
mem[X,0x800432B6] -> 0x0000
[6348] [M]: 0x800432B4 (0x00000193) addi gp, zero, 0
x3 <- 0x00000000


mem[X,0x800432B8] -> 0x006F
mem[X,0x800432BA] -> 0x0140
[6349] [M]: 0x800432B8 (0x0140006F) jal zero, 20


mem[X,0x800432CC] -> 0x78E3
mem[X,0x800432CE] -> 0xFEB5
[6350] [M]: 0x800432CC (0xFEB578E3) bgeu a0, a1, 8176


mem[X,0x800432D0] -> 0x8193
mem[X,0x800432D2] -> 0x0021
[6351] [M]: 0x800432D0 (0x00218193) addi gp, gp, 2
x3 <- 0x00000002


mem[X,0x800432D4] -> 0x006F
mem[X,0x800432D6] -> 0x00C0
[6352] [M]: 0x800432D4 (0x00C0006F) jal zero, 12


mem[X,0x800432E0] -> 0x2423
mem[X,0x800432E2] -> 0x2231
[6353] [M]: 0x800432E0 (0x22312423) sw gp, 552(sp)
mem[0x8004BB8C] <- 0x00000002


mem[X,0x800432E4] -> 0x0513
mem[X,0x800432E6] -> 0x0010
[6354] [M]: 0x800432E4 (0x00100513) addi a0, zero, 1
x10 <- 0x00000001


mem[X,0x800432E8] -> 0x0593
mem[X,0x800432EA] -> 0x0030
[6355] [M]: 0x800432E8 (0x00300593) addi a1, zero, 3
x11 <- 0x00000003


mem[X,0x800432EC] -> 0x0193
mem[X,0x800432EE] -> 0x0000
[6356] [M]: 0x800432EC (0x00000193) addi gp, zero, 0
x3 <- 0x00000000


mem[X,0x800432F0] -> 0x006F
mem[X,0x800432F2] -> 0x00C0
[6357] [M]: 0x800432F0 (0x00C0006F) jal zero, 12


mem[X,0x800432FC] -> 0x7CE3
mem[X,0x800432FE] -> 0xFEB5
[6358] [M]: 0x800432FC (0xFEB57CE3) bgeu a0, a1, 8184


mem[X,0x80043300] -> 0x8193
mem[X,0x80043302] -> 0x0021
[6359] [M]: 0x80043300 (0x00218193) addi gp, gp, 2
x3 <- 0x00000002


mem[X,0x80043304] -> 0x006F
mem[X,0x80043306] -> 0x00C0
[6360] [M]: 0x80043304 (0x00C0006F) jal zero, 12


mem[X,0x80043310] -> 0x2623
mem[X,0x80043312] -> 0x2231
[6361] [M]: 0x80043310 (0x22312623) sw gp, 556(sp)
mem[0x8004BB90] <- 0x00000002


mem[X,0x80043314] -> 0x0513
mem[X,0x80043316] -> 0x0010
[6362] [M]: 0x80043314 (0x00100513) addi a0, zero, 1
x10 <- 0x00000001


mem[X,0x80043318] -> 0x55B7
mem[X,0x8004331A] -> 0x5555
[6363] [M]: 0x80043318 (0x555555B7) lui a1, 349525
x11 <- 0x55555000


mem[X,0x8004331C] -> 0x8593
mem[X,0x8004331E] -> 0x5555
[6364] [M]: 0x8004331C (0x55558593) addi a1, a1, 1365
x11 <- 0x55555555


mem[X,0x80043320] -> 0x0193
mem[X,0x80043322] -> 0x0000
[6365] [M]: 0x80043320 (0x00000193) addi gp, zero, 0
x3 <- 0x00000000


mem[X,0x80043324] -> 0x006F
mem[X,0x80043326] -> 0x0180
[6366] [M]: 0x80043324 (0x0180006F) jal zero, 24


mem[X,0x8004333C] -> 0x76E3
mem[X,0x8004333E] -> 0xFEB5
[6367] [M]: 0x8004333C (0xFEB576E3) bgeu a0, a1, 8172


mem[X,0x80043340] -> 0x8193
mem[X,0x80043342] -> 0x0021
[6368] [M]: 0x80043340 (0x00218193) addi gp, gp, 2
x3 <- 0x00000002


mem[X,0x80043344] -> 0x006F
mem[X,0x80043346] -> 0x00C0
[6369] [M]: 0x80043344 (0x00C0006F) jal zero, 12


mem[X,0x80043350] -> 0x2823
mem[X,0x80043352] -> 0x2231
[6370] [M]: 0x80043350 (0x22312823) sw gp, 560(sp)
mem[0x8004BB94] <- 0x00000002


mem[X,0x80043354] -> 0x0513
mem[X,0x80043356] -> 0x0010
[6371] [M]: 0x80043354 (0x00100513) addi a0, zero, 1
x10 <- 0x00000001


mem[X,0x80043358] -> 0xB5B7
mem[X,0x8004335A] -> 0xAAAA
[6372] [M]: 0x80043358 (0xAAAAB5B7) lui a1, 699051
x11 <- 0xAAAAB000


mem[X,0x8004335C] -> 0x8593
mem[X,0x8004335E] -> 0xAAA5
[6373] [M]: 0x8004335C (0xAAA58593) addi a1, a1, 2730
x11 <- 0xAAAAAAAA


mem[X,0x80043360] -> 0x0193
mem[X,0x80043362] -> 0x0000
[6374] [M]: 0x80043360 (0x00000193) addi gp, zero, 0
x3 <- 0x00000000


mem[X,0x80043364] -> 0x006F
mem[X,0x80043366] -> 0x00C0
[6375] [M]: 0x80043364 (0x00C0006F) jal zero, 12


mem[X,0x80043370] -> 0x7063
mem[X,0x80043372] -> 0x02B5
[6376] [M]: 0x80043370 (0x02B57063) bgeu a0, a1, 32


mem[X,0x80043374] -> 0x8193
mem[X,0x80043376] -> 0x0021
[6377] [M]: 0x80043374 (0x00218193) addi gp, gp, 2
x3 <- 0x00000002


mem[X,0x80043378] -> 0x006F
mem[X,0x8004337A] -> 0x0200
[6378] [M]: 0x80043378 (0x0200006F) jal zero, 32


mem[X,0x80043398] -> 0x2A23
mem[X,0x8004339A] -> 0x2231
[6379] [M]: 0x80043398 (0x22312A23) sw gp, 564(sp)
mem[0x8004BB98] <- 0x00000002


mem[X,0x8004339C] -> 0x0513
mem[X,0x8004339E] -> 0x0010
[6380] [M]: 0x8004339C (0x00100513) addi a0, zero, 1
x10 <- 0x00000001


mem[X,0x800433A0] -> 0x0593
mem[X,0x800433A2] -> 0x0050
[6381] [M]: 0x800433A0 (0x00500593) addi a1, zero, 5
x11 <- 0x00000005


mem[X,0x800433A4] -> 0x0193
mem[X,0x800433A6] -> 0x0000
[6382] [M]: 0x800433A4 (0x00000193) addi gp, zero, 0
x3 <- 0x00000000


mem[X,0x800433A8] -> 0x006F
mem[X,0x800433AA] -> 0x00C0
[6383] [M]: 0x800433A8 (0x00C0006F) jal zero, 12


mem[X,0x800433B4] -> 0x7063
mem[X,0x800433B6] -> 0x04B5
[6384] [M]: 0x800433B4 (0x04B57063) bgeu a0, a1, 64


mem[X,0x800433B8] -> 0x8193
mem[X,0x800433BA] -> 0x0021
[6385] [M]: 0x800433B8 (0x00218193) addi gp, gp, 2
x3 <- 0x00000002


mem[X,0x800433BC] -> 0x006F
mem[X,0x800433BE] -> 0x0400
[6386] [M]: 0x800433BC (0x0400006F) jal zero, 64


mem[X,0x800433FC] -> 0x2C23
mem[X,0x800433FE] -> 0x2231
[6387] [M]: 0x800433FC (0x22312C23) sw gp, 568(sp)
mem[0x8004BB9C] <- 0x00000002


mem[X,0x80043400] -> 0x0513
mem[X,0x80043402] -> 0x0010
[6388] [M]: 0x80043400 (0x00100513) addi a0, zero, 1
x10 <- 0x00000001


mem[X,0x80043404] -> 0x35B7
mem[X,0x80043406] -> 0x3333
[6389] [M]: 0x80043404 (0x333335B7) lui a1, 209715
x11 <- 0x33333000


mem[X,0x80043408] -> 0x8593
mem[X,0x8004340A] -> 0x3335
[6390] [M]: 0x80043408 (0x33358593) addi a1, a1, 819
x11 <- 0x33333333


mem[X,0x8004340C] -> 0x0193
mem[X,0x8004340E] -> 0x0000
[6391] [M]: 0x8004340C (0x00000193) addi gp, zero, 0
x3 <- 0x00000000


mem[X,0x80043410] -> 0x006F
mem[X,0x80043412] -> 0x00C0
[6392] [M]: 0x80043410 (0x00C0006F) jal zero, 12


mem[X,0x8004341C] -> 0x7663
mem[X,0x8004341E] -> 0x00B5
[6393] [M]: 0x8004341C (0x00B57663) bgeu a0, a1, 12


mem[X,0x80043420] -> 0x8193
mem[X,0x80043422] -> 0x0021
[6394] [M]: 0x80043420 (0x00218193) addi gp, gp, 2
x3 <- 0x00000002


mem[X,0x80043424] -> 0x006F
mem[X,0x80043426] -> 0x00C0
[6395] [M]: 0x80043424 (0x00C0006F) jal zero, 12


mem[X,0x80043430] -> 0x2E23
mem[X,0x80043432] -> 0x2231
[6396] [M]: 0x80043430 (0x22312E23) sw gp, 572(sp)
mem[0x8004BBA0] <- 0x00000002


mem[X,0x80043434] -> 0x0513
mem[X,0x80043436] -> 0x0010
[6397] [M]: 0x80043434 (0x00100513) addi a0, zero, 1
x10 <- 0x00000001


mem[X,0x80043438] -> 0x65B7
mem[X,0x8004343A] -> 0x6666
[6398] [M]: 0x80043438 (0x666665B7) lui a1, 419430
x11 <- 0x66666000


mem[X,0x8004343C] -> 0x8593
mem[X,0x8004343E] -> 0x6665
[6399] [M]: 0x8004343C (0x66658593) addi a1, a1, 1638
x11 <- 0x66666666


clint::tick mtime <- 0x0000000000000040
 clint timer pending at mtime 0x0000000000000040
htif::tick 0x0000000000000000
mem[X,0x80043440] -> 0x0193
mem[X,0x80043442] -> 0x0000
[6400] [M]: 0x80043440 (0x00000193) addi gp, zero, 0
x3 <- 0x00000000


mem[X,0x80043444] -> 0x006F
mem[X,0x80043446] -> 0x00C0
[6401] [M]: 0x80043444 (0x00C0006F) jal zero, 12


mem[X,0x80043450] -> 0x7CE3
mem[X,0x80043452] -> 0xFEB5
[6402] [M]: 0x80043450 (0xFEB57CE3) bgeu a0, a1, 8184


mem[X,0x80043454] -> 0x8193
mem[X,0x80043456] -> 0x0021
[6403] [M]: 0x80043454 (0x00218193) addi gp, gp, 2
x3 <- 0x00000002


mem[X,0x80043458] -> 0x006F
mem[X,0x8004345A] -> 0x00C0
[6404] [M]: 0x80043458 (0x00C0006F) jal zero, 12


mem[X,0x80043464] -> 0x2023
mem[X,0x80043466] -> 0x2431
[6405] [M]: 0x80043464 (0x24312023) sw gp, 576(sp)
mem[0x8004BBA4] <- 0x00000002


mem[X,0x80043468] -> 0x0513
mem[X,0x8004346A] -> 0x0010
[6406] [M]: 0x80043468 (0x00100513) addi a0, zero, 1
x10 <- 0x00000001


mem[X,0x8004346C] -> 0xB5B7
mem[X,0x8004346E] -> 0x0000
[6407] [M]: 0x8004346C (0x0000B5B7) lui a1, 11
x11 <- 0x0000B000


mem[X,0x80043470] -> 0x8593
mem[X,0x80043472] -> 0x5045
[6408] [M]: 0x80043470 (0x50458593) addi a1, a1, 1284
x11 <- 0x0000B504


mem[X,0x80043474] -> 0x0193
mem[X,0x80043476] -> 0x0000
[6409] [M]: 0x80043474 (0x00000193) addi gp, zero, 0
x3 <- 0x00000000


mem[X,0x80043478] -> 0x006F
mem[X,0x8004347A] -> 0x00C0
[6410] [M]: 0x80043478 (0x00C0006F) jal zero, 12


mem[X,0x80043484] -> 0x7063
mem[X,0x80043486] -> 0x10B5
[6411] [M]: 0x80043484 (0x10B57063) bgeu a0, a1, 256


mem[X,0x80043488] -> 0x8193
mem[X,0x8004348A] -> 0x0021
[6412] [M]: 0x80043488 (0x00218193) addi gp, gp, 2
x3 <- 0x00000002


mem[X,0x8004348C] -> 0x006F
mem[X,0x8004348E] -> 0x1000
[6413] [M]: 0x8004348C (0x1000006F) jal zero, 256


mem[X,0x8004358C] -> 0x2223
mem[X,0x8004358E] -> 0x2431
[6414] [M]: 0x8004358C (0x24312223) sw gp, 580(sp)
mem[0x8004BBA8] <- 0x00000002


mem[X,0x80043590] -> 0x0513
mem[X,0x80043592] -> 0x0010
[6415] [M]: 0x80043590 (0x00100513) addi a0, zero, 1
x10 <- 0x00000001


mem[X,0x80043594] -> 0x0593
mem[X,0x80043596] -> 0x0000
[6416] [M]: 0x80043594 (0x00000593) addi a1, zero, 0
x11 <- 0x00000000


mem[X,0x80043598] -> 0x0193
mem[X,0x8004359A] -> 0x0000
[6417] [M]: 0x80043598 (0x00000193) addi gp, zero, 0
x3 <- 0x00000000


mem[X,0x8004359C] -> 0x006F
mem[X,0x8004359E] -> 0x2B10
[6418] [M]: 0x8004359C (0x2B10006F) jal zero, 2736


mem[X,0x8004404C] -> 0x7A63
mem[X,0x8004404E] -> 0xD4B5
[6419] [M]: 0x8004404C (0xD4B57A63) bgeu a0, a1, 5460


mem[X,0x800435A0] -> 0x8193
mem[X,0x800435A2] -> 0x0011
[6420] [M]: 0x800435A0 (0x00118193) addi gp, gp, 1
x3 <- 0x00000001


mem[X,0x800435A4] -> 0x006F
mem[X,0x800435A6] -> 0x2BD0
[6421] [M]: 0x800435A4 (0x2BD0006F) jal zero, 2748


mem[X,0x80044060] -> 0x2423
mem[X,0x80044062] -> 0x2431
[6422] [M]: 0x80044060 (0x24312423) sw gp, 584(sp)
mem[0x8004BBAC] <- 0x00000001


mem[X,0x80044064] -> 0x0513
mem[X,0x80044066] -> 0x0010
[6423] [M]: 0x80044064 (0x00100513) addi a0, zero, 1
x10 <- 0x00000001


mem[X,0x80044068] -> 0x05B7
mem[X,0x8004406A] -> 0x0001
[6424] [M]: 0x80044068 (0x000105B7) lui a1, 16
x11 <- 0x00010000


mem[X,0x8004406C] -> 0x8593
mem[X,0x8004406E] -> 0xFFF5
[6425] [M]: 0x8004406C (0xFFF58593) addi a1, a1, 4095
x11 <- 0x0000FFFF


mem[X,0x80044070] -> 0x0193
mem[X,0x80044072] -> 0x0000
[6426] [M]: 0x80044070 (0x00000193) addi gp, zero, 0
x3 <- 0x00000000


mem[X,0x80044074] -> 0x006F
mem[X,0x80044076] -> 0x00C0
[6427] [M]: 0x80044074 (0x00C0006F) jal zero, 12


mem[X,0x80044080] -> 0x7663
mem[X,0x80044082] -> 0x00B5
[6428] [M]: 0x80044080 (0x00B57663) bgeu a0, a1, 12


mem[X,0x80044084] -> 0x8193
mem[X,0x80044086] -> 0x0021
[6429] [M]: 0x80044084 (0x00218193) addi gp, gp, 2
x3 <- 0x00000002


mem[X,0x80044088] -> 0x006F
mem[X,0x8004408A] -> 0x00C0
[6430] [M]: 0x80044088 (0x00C0006F) jal zero, 12


mem[X,0x80044094] -> 0x2623
mem[X,0x80044096] -> 0x2431
[6431] [M]: 0x80044094 (0x24312623) sw gp, 588(sp)
mem[0x8004BBB0] <- 0x00000002


mem[X,0x80044098] -> 0x0513
mem[X,0x8004409A] -> 0x0010
[6432] [M]: 0x80044098 (0x00100513) addi a0, zero, 1
x10 <- 0x00000001


mem[X,0x8004409C] -> 0x0593
mem[X,0x8004409E] -> 0x0020
[6433] [M]: 0x8004409C (0x00200593) addi a1, zero, 2
x11 <- 0x00000002


mem[X,0x800440A0] -> 0x0193
mem[X,0x800440A2] -> 0x0000
[6434] [M]: 0x800440A0 (0x00000193) addi gp, zero, 0
x3 <- 0x00000000


mem[X,0x800440A4] -> 0x006F
mem[X,0x800440A6] -> 0x00C0
[6435] [M]: 0x800440A4 (0x00C0006F) jal zero, 12


mem[X,0x800440B0] -> 0x7063
mem[X,0x800440B2] -> 0x10B5
[6436] [M]: 0x800440B0 (0x10B57063) bgeu a0, a1, 256


mem[X,0x800440B4] -> 0x8193
mem[X,0x800440B6] -> 0x0021
[6437] [M]: 0x800440B4 (0x00218193) addi gp, gp, 2
x3 <- 0x00000002


mem[X,0x800440B8] -> 0x006F
mem[X,0x800440BA] -> 0x1000
[6438] [M]: 0x800440B8 (0x1000006F) jal zero, 256


mem[X,0x800441B8] -> 0x2823
mem[X,0x800441BA] -> 0x2431
[6439] [M]: 0x800441B8 (0x24312823) sw gp, 592(sp)
mem[0x8004BBB4] <- 0x00000002


mem[X,0x800441BC] -> 0x0513
mem[X,0x800441BE] -> 0x0010
[6440] [M]: 0x800441BC (0x00100513) addi a0, zero, 1
x10 <- 0x00000001


mem[X,0x800441C0] -> 0x55B7
mem[X,0x800441C2] -> 0x5555
[6441] [M]: 0x800441C0 (0x555555B7) lui a1, 349525
x11 <- 0x55555000


mem[X,0x800441C4] -> 0x8593
mem[X,0x800441C6] -> 0x5545
[6442] [M]: 0x800441C4 (0x55458593) addi a1, a1, 1364
x11 <- 0x55555554


mem[X,0x800441C8] -> 0x0193
mem[X,0x800441CA] -> 0x0000
[6443] [M]: 0x800441C8 (0x00000193) addi gp, zero, 0
x3 <- 0x00000000


mem[X,0x800441CC] -> 0x006F
mem[X,0x800441CE] -> 0x00C0
[6444] [M]: 0x800441CC (0x00C0006F) jal zero, 12


mem[X,0x800441D8] -> 0x7663
mem[X,0x800441DA] -> 0x00B5
[6445] [M]: 0x800441D8 (0x00B57663) bgeu a0, a1, 12


mem[X,0x800441DC] -> 0x8193
mem[X,0x800441DE] -> 0x0021
[6446] [M]: 0x800441DC (0x00218193) addi gp, gp, 2
x3 <- 0x00000002


mem[X,0x800441E0] -> 0x006F
mem[X,0x800441E2] -> 0x00C0
[6447] [M]: 0x800441E0 (0x00C0006F) jal zero, 12


mem[X,0x800441EC] -> 0x2A23
mem[X,0x800441EE] -> 0x2431
[6448] [M]: 0x800441EC (0x24312A23) sw gp, 596(sp)
mem[0x8004BBB8] <- 0x00000002


mem[X,0x800441F0] -> 0x0513
mem[X,0x800441F2] -> 0x0010
[6449] [M]: 0x800441F0 (0x00100513) addi a0, zero, 1
x10 <- 0x00000001


mem[X,0x800441F4] -> 0xB5B7
mem[X,0x800441F6] -> 0xAAAA
[6450] [M]: 0x800441F4 (0xAAAAB5B7) lui a1, 699051
x11 <- 0xAAAAB000


mem[X,0x800441F8] -> 0x8593
mem[X,0x800441FA] -> 0xAA95
[6451] [M]: 0x800441F8 (0xAA958593) addi a1, a1, 2729
x11 <- 0xAAAAAAA9


mem[X,0x800441FC] -> 0x0193
mem[X,0x800441FE] -> 0x0000
[6452] [M]: 0x800441FC (0x00000193) addi gp, zero, 0
x3 <- 0x00000000


mem[X,0x80044200] -> 0x006F
mem[X,0x80044202] -> 0x0050
[6453] [M]: 0x80044200 (0x0050006F) jal zero, 2052


mem[X,0x80044A04] -> 0x70E3
mem[X,0x80044A06] -> 0x80B5
[6454] [M]: 0x80044A04 (0x80B570E3) bgeu a0, a1, 6144


mem[X,0x80044A08] -> 0x8193
mem[X,0x80044A0A] -> 0x0021
[6455] [M]: 0x80044A08 (0x00218193) addi gp, gp, 2
x3 <- 0x00000002


mem[X,0x80044A0C] -> 0x006F
mem[X,0x80044A0E] -> 0x00C0
[6456] [M]: 0x80044A0C (0x00C0006F) jal zero, 12


mem[X,0x80044A18] -> 0x2C23
mem[X,0x80044A1A] -> 0x2431
[6457] [M]: 0x80044A18 (0x24312C23) sw gp, 600(sp)
mem[0x8004BBBC] <- 0x00000002


mem[X,0x80044A1C] -> 0x0513
mem[X,0x80044A1E] -> 0x0010
[6458] [M]: 0x80044A1C (0x00100513) addi a0, zero, 1
x10 <- 0x00000001


mem[X,0x80044A20] -> 0x0593
mem[X,0x80044A22] -> 0x0040
[6459] [M]: 0x80044A20 (0x00400593) addi a1, zero, 4
x11 <- 0x00000004


mem[X,0x80044A24] -> 0x0193
mem[X,0x80044A26] -> 0x0000
[6460] [M]: 0x80044A24 (0x00000193) addi gp, zero, 0
x3 <- 0x00000000


mem[X,0x80044A28] -> 0x006F
mem[X,0x80044A2A] -> 0x00C0
[6461] [M]: 0x80044A28 (0x00C0006F) jal zero, 12


mem[X,0x80044A34] -> 0x7063
mem[X,0x80044A36] -> 0x08B5
[6462] [M]: 0x80044A34 (0x08B57063) bgeu a0, a1, 128


mem[X,0x80044A38] -> 0x8193
mem[X,0x80044A3A] -> 0x0021
[6463] [M]: 0x80044A38 (0x00218193) addi gp, gp, 2
x3 <- 0x00000002


mem[X,0x80044A3C] -> 0x006F
mem[X,0x80044A3E] -> 0x0800
[6464] [M]: 0x80044A3C (0x0800006F) jal zero, 128


mem[X,0x80044ABC] -> 0x2E23
mem[X,0x80044ABE] -> 0x2431
[6465] [M]: 0x80044ABC (0x24312E23) sw gp, 604(sp)
mem[0x8004BBC0] <- 0x00000002


mem[X,0x80044AC0] -> 0x0513
mem[X,0x80044AC2] -> 0x0010
[6466] [M]: 0x80044AC0 (0x00100513) addi a0, zero, 1
x10 <- 0x00000001


mem[X,0x80044AC4] -> 0x35B7
mem[X,0x80044AC6] -> 0x3333
[6467] [M]: 0x80044AC4 (0x333335B7) lui a1, 209715
x11 <- 0x33333000


mem[X,0x80044AC8] -> 0x8593
mem[X,0x80044ACA] -> 0x3325
[6468] [M]: 0x80044AC8 (0x33258593) addi a1, a1, 818
x11 <- 0x33333332


mem[X,0x80044ACC] -> 0x0193
mem[X,0x80044ACE] -> 0x0000
[6469] [M]: 0x80044ACC (0x00000193) addi gp, zero, 0
x3 <- 0x00000000


mem[X,0x80044AD0] -> 0x006F
mem[X,0x80044AD2] -> 0x00C0
[6470] [M]: 0x80044AD0 (0x00C0006F) jal zero, 12


mem[X,0x80044ADC] -> 0x7063
mem[X,0x80044ADE] -> 0x40B5
[6471] [M]: 0x80044ADC (0x40B57063) bgeu a0, a1, 1024


mem[X,0x80044AE0] -> 0x8193
mem[X,0x80044AE2] -> 0x0021
[6472] [M]: 0x80044AE0 (0x00218193) addi gp, gp, 2
x3 <- 0x00000002


mem[X,0x80044AE4] -> 0x006F
mem[X,0x80044AE6] -> 0x4000
[6473] [M]: 0x80044AE4 (0x4000006F) jal zero, 1024


mem[X,0x80044EE4] -> 0x2023
mem[X,0x80044EE6] -> 0x2631
[6474] [M]: 0x80044EE4 (0x26312023) sw gp, 608(sp)
mem[0x8004BBC4] <- 0x00000002


mem[X,0x80044EE8] -> 0x0513
mem[X,0x80044EEA] -> 0x0010
[6475] [M]: 0x80044EE8 (0x00100513) addi a0, zero, 1
x10 <- 0x00000001


mem[X,0x80044EEC] -> 0x65B7
mem[X,0x80044EEE] -> 0x6666
[6476] [M]: 0x80044EEC (0x666665B7) lui a1, 419430
x11 <- 0x66666000


mem[X,0x80044EF0] -> 0x8593
mem[X,0x80044EF2] -> 0x6655
[6477] [M]: 0x80044EF0 (0x66558593) addi a1, a1, 1637
x11 <- 0x66666665


mem[X,0x80044EF4] -> 0x0193
mem[X,0x80044EF6] -> 0x0000
[6478] [M]: 0x80044EF4 (0x00000193) addi gp, zero, 0
x3 <- 0x00000000


mem[X,0x80044EF8] -> 0x006F
mem[X,0x80044EFA] -> 0x00C0
[6479] [M]: 0x80044EF8 (0x00C0006F) jal zero, 12


mem[X,0x80044F04] -> 0x7063
mem[X,0x80044F06] -> 0x10B5
[6480] [M]: 0x80044F04 (0x10B57063) bgeu a0, a1, 256


mem[X,0x80044F08] -> 0x8193
mem[X,0x80044F0A] -> 0x0021
[6481] [M]: 0x80044F08 (0x00218193) addi gp, gp, 2
x3 <- 0x00000002


mem[X,0x80044F0C] -> 0x006F
mem[X,0x80044F0E] -> 0x1000
[6482] [M]: 0x80044F0C (0x1000006F) jal zero, 256


mem[X,0x8004500C] -> 0x2223
mem[X,0x8004500E] -> 0x2631
[6483] [M]: 0x8004500C (0x26312223) sw gp, 612(sp)
mem[0x8004BBC8] <- 0x00000002


mem[X,0x80045010] -> 0x0513
mem[X,0x80045012] -> 0x0010
[6484] [M]: 0x80045010 (0x00100513) addi a0, zero, 1
x10 <- 0x00000001


mem[X,0x80045014] -> 0xB5B7
mem[X,0x80045016] -> 0x0000
[6485] [M]: 0x80045014 (0x0000B5B7) lui a1, 11
x11 <- 0x0000B000


mem[X,0x80045018] -> 0x8593
mem[X,0x8004501A] -> 0x5035
[6486] [M]: 0x80045018 (0x50358593) addi a1, a1, 1283
x11 <- 0x0000B503


mem[X,0x8004501C] -> 0x0193
mem[X,0x8004501E] -> 0x0000
[6487] [M]: 0x8004501C (0x00000193) addi gp, zero, 0
x3 <- 0x00000000


mem[X,0x80045020] -> 0x006F
mem[X,0x80045022] -> 0x00C0
[6488] [M]: 0x80045020 (0x00C0006F) jal zero, 12


mem[X,0x8004502C] -> 0x7063
mem[X,0x8004502E] -> 0x20B5
[6489] [M]: 0x8004502C (0x20B57063) bgeu a0, a1, 512


mem[X,0x80045030] -> 0x8193
mem[X,0x80045032] -> 0x0021
[6490] [M]: 0x80045030 (0x00218193) addi gp, gp, 2
x3 <- 0x00000002


mem[X,0x80045034] -> 0x006F
mem[X,0x80045036] -> 0x2000
[6491] [M]: 0x80045034 (0x2000006F) jal zero, 512


mem[X,0x80045234] -> 0x2423
mem[X,0x80045236] -> 0x2631
[6492] [M]: 0x80045234 (0x26312423) sw gp, 616(sp)
mem[0x8004BBCC] <- 0x00000002


mem[X,0x80045238] -> 0x0513
mem[X,0x8004523A] -> 0x0010
[6493] [M]: 0x80045238 (0x00100513) addi a0, zero, 1
x10 <- 0x00000001


mem[X,0x8004523C] -> 0x05B7
mem[X,0x8004523E] -> 0x0001
[6494] [M]: 0x8004523C (0x000105B7) lui a1, 16
x11 <- 0x00010000


mem[X,0x80045240] -> 0x8593
mem[X,0x80045242] -> 0xFFE5
[6495] [M]: 0x80045240 (0xFFE58593) addi a1, a1, 4094
x11 <- 0x0000FFFE


mem[X,0x80045244] -> 0x0193
mem[X,0x80045246] -> 0x0000
[6496] [M]: 0x80045244 (0x00000193) addi gp, zero, 0
x3 <- 0x00000000


mem[X,0x80045248] -> 0x006F
mem[X,0x8004524A] -> 0x0140
[6497] [M]: 0x80045248 (0x0140006F) jal zero, 20


mem[X,0x8004525C] -> 0x78E3
mem[X,0x8004525E] -> 0xFEB5
[6498] [M]: 0x8004525C (0xFEB578E3) bgeu a0, a1, 8176


mem[X,0x80045260] -> 0x8193
mem[X,0x80045262] -> 0x0021
[6499] [M]: 0x80045260 (0x00218193) addi gp, gp, 2
x3 <- 0x00000002


clint::tick mtime <- 0x0000000000000041
 clint timer pending at mtime 0x0000000000000041
htif::tick 0x0000000000000000
mem[X,0x80045264] -> 0x006F
mem[X,0x80045266] -> 0x00C0
[6500] [M]: 0x80045264 (0x00C0006F) jal zero, 12


mem[X,0x80045270] -> 0x2623
mem[X,0x80045272] -> 0x2631
[6501] [M]: 0x80045270 (0x26312623) sw gp, 620(sp)
mem[0x8004BBD0] <- 0x00000002


mem[X,0x80045274] -> 0x0513
mem[X,0x80045276] -> 0x0010
[6502] [M]: 0x80045274 (0x00100513) addi a0, zero, 1
x10 <- 0x00000001


mem[X,0x80045278] -> 0x55B7
mem[X,0x8004527A] -> 0x5555
[6503] [M]: 0x80045278 (0x555555B7) lui a1, 349525
x11 <- 0x55555000


mem[X,0x8004527C] -> 0x8593
mem[X,0x8004527E] -> 0x5565
[6504] [M]: 0x8004527C (0x55658593) addi a1, a1, 1366
x11 <- 0x55555556


mem[X,0x80045280] -> 0x0193
mem[X,0x80045282] -> 0x0000
[6505] [M]: 0x80045280 (0x00000193) addi gp, zero, 0
x3 <- 0x00000000


mem[X,0x80045284] -> 0x006F
mem[X,0x80045286] -> 0x00C0
[6506] [M]: 0x80045284 (0x00C0006F) jal zero, 12


mem[X,0x80045290] -> 0x7063
mem[X,0x80045292] -> 0x08B5
[6507] [M]: 0x80045290 (0x08B57063) bgeu a0, a1, 128


mem[X,0x80045294] -> 0x8193
mem[X,0x80045296] -> 0x0021
[6508] [M]: 0x80045294 (0x00218193) addi gp, gp, 2
x3 <- 0x00000002


mem[X,0x80045298] -> 0x006F
mem[X,0x8004529A] -> 0x0800
[6509] [M]: 0x80045298 (0x0800006F) jal zero, 128


mem[X,0x80045318] -> 0x2823
mem[X,0x8004531A] -> 0x2631
[6510] [M]: 0x80045318 (0x26312823) sw gp, 624(sp)
mem[0x8004BBD4] <- 0x00000002


mem[X,0x8004531C] -> 0x0513
mem[X,0x8004531E] -> 0x0010
[6511] [M]: 0x8004531C (0x00100513) addi a0, zero, 1
x10 <- 0x00000001


mem[X,0x80045320] -> 0xB5B7
mem[X,0x80045322] -> 0xAAAA
[6512] [M]: 0x80045320 (0xAAAAB5B7) lui a1, 699051
x11 <- 0xAAAAB000


mem[X,0x80045324] -> 0x8593
mem[X,0x80045326] -> 0xAAB5
[6513] [M]: 0x80045324 (0xAAB58593) addi a1, a1, 2731
x11 <- 0xAAAAAAAB


mem[X,0x80045328] -> 0x0193
mem[X,0x8004532A] -> 0x0000
[6514] [M]: 0x80045328 (0x00000193) addi gp, zero, 0
x3 <- 0x00000000


mem[X,0x8004532C] -> 0x006F
mem[X,0x8004532E] -> 0x00C0
[6515] [M]: 0x8004532C (0x00C0006F) jal zero, 12


mem[X,0x80045338] -> 0x7663
mem[X,0x8004533A] -> 0x00B5
[6516] [M]: 0x80045338 (0x00B57663) bgeu a0, a1, 12


mem[X,0x8004533C] -> 0x8193
mem[X,0x8004533E] -> 0x0021
[6517] [M]: 0x8004533C (0x00218193) addi gp, gp, 2
x3 <- 0x00000002


mem[X,0x80045340] -> 0x006F
mem[X,0x80045342] -> 0x00C0
[6518] [M]: 0x80045340 (0x00C0006F) jal zero, 12


mem[X,0x8004534C] -> 0x2A23
mem[X,0x8004534E] -> 0x2631
[6519] [M]: 0x8004534C (0x26312A23) sw gp, 628(sp)
mem[0x8004BBD8] <- 0x00000002


mem[X,0x80045350] -> 0x0513
mem[X,0x80045352] -> 0x0010
[6520] [M]: 0x80045350 (0x00100513) addi a0, zero, 1
x10 <- 0x00000001


mem[X,0x80045354] -> 0x0593
mem[X,0x80045356] -> 0x0060
[6521] [M]: 0x80045354 (0x00600593) addi a1, zero, 6
x11 <- 0x00000006


mem[X,0x80045358] -> 0x0193
mem[X,0x8004535A] -> 0x0000
[6522] [M]: 0x80045358 (0x00000193) addi gp, zero, 0
x3 <- 0x00000000


mem[X,0x8004535C] -> 0x006F
mem[X,0x8004535E] -> 0x00C0
[6523] [M]: 0x8004535C (0x00C0006F) jal zero, 12


mem[X,0x80045368] -> 0x7063
mem[X,0x8004536A] -> 0x02B5
[6524] [M]: 0x80045368 (0x02B57063) bgeu a0, a1, 32


mem[X,0x8004536C] -> 0x8193
mem[X,0x8004536E] -> 0x0021
[6525] [M]: 0x8004536C (0x00218193) addi gp, gp, 2
x3 <- 0x00000002


mem[X,0x80045370] -> 0x006F
mem[X,0x80045372] -> 0x0200
[6526] [M]: 0x80045370 (0x0200006F) jal zero, 32


mem[X,0x80045390] -> 0x2C23
mem[X,0x80045392] -> 0x2631
[6527] [M]: 0x80045390 (0x26312C23) sw gp, 632(sp)
mem[0x8004BBDC] <- 0x00000002


mem[X,0x80045394] -> 0x0513
mem[X,0x80045396] -> 0x0010
[6528] [M]: 0x80045394 (0x00100513) addi a0, zero, 1
x10 <- 0x00000001


mem[X,0x80045398] -> 0x35B7
mem[X,0x8004539A] -> 0x3333
[6529] [M]: 0x80045398 (0x333335B7) lui a1, 209715
x11 <- 0x33333000


mem[X,0x8004539C] -> 0x8593
mem[X,0x8004539E] -> 0x3345
[6530] [M]: 0x8004539C (0x33458593) addi a1, a1, 820
x11 <- 0x33333334


mem[X,0x800453A0] -> 0x0193
mem[X,0x800453A2] -> 0x0000
[6531] [M]: 0x800453A0 (0x00000193) addi gp, zero, 0
x3 <- 0x00000000


mem[X,0x800453A4] -> 0x006F
mem[X,0x800453A6] -> 0x00C0
[6532] [M]: 0x800453A4 (0x00C0006F) jal zero, 12


mem[X,0x800453B0] -> 0x7663
mem[X,0x800453B2] -> 0x00B5
[6533] [M]: 0x800453B0 (0x00B57663) bgeu a0, a1, 12


mem[X,0x800453B4] -> 0x8193
mem[X,0x800453B6] -> 0x0021
[6534] [M]: 0x800453B4 (0x00218193) addi gp, gp, 2
x3 <- 0x00000002


mem[X,0x800453B8] -> 0x006F
mem[X,0x800453BA] -> 0x00C0
[6535] [M]: 0x800453B8 (0x00C0006F) jal zero, 12


mem[X,0x800453C4] -> 0x2E23
mem[X,0x800453C6] -> 0x2631
[6536] [M]: 0x800453C4 (0x26312E23) sw gp, 636(sp)
mem[0x8004BBE0] <- 0x00000002


mem[X,0x800453C8] -> 0x0513
mem[X,0x800453CA] -> 0x0010
[6537] [M]: 0x800453C8 (0x00100513) addi a0, zero, 1
x10 <- 0x00000001


mem[X,0x800453CC] -> 0x65B7
mem[X,0x800453CE] -> 0x6666
[6538] [M]: 0x800453CC (0x666665B7) lui a1, 419430
x11 <- 0x66666000


mem[X,0x800453D0] -> 0x8593
mem[X,0x800453D2] -> 0x6675
[6539] [M]: 0x800453D0 (0x66758593) addi a1, a1, 1639
x11 <- 0x66666667


mem[X,0x800453D4] -> 0x0193
mem[X,0x800453D6] -> 0x0000
[6540] [M]: 0x800453D4 (0x00000193) addi gp, zero, 0
x3 <- 0x00000000


mem[X,0x800453D8] -> 0x006F
mem[X,0x800453DA] -> 0x00C0
[6541] [M]: 0x800453D8 (0x00C0006F) jal zero, 12


mem[X,0x800453E4] -> 0x7663
mem[X,0x800453E6] -> 0x00B5
[6542] [M]: 0x800453E4 (0x00B57663) bgeu a0, a1, 12


mem[X,0x800453E8] -> 0x8193
mem[X,0x800453EA] -> 0x0021
[6543] [M]: 0x800453E8 (0x00218193) addi gp, gp, 2
x3 <- 0x00000002


mem[X,0x800453EC] -> 0x006F
mem[X,0x800453EE] -> 0x00C0
[6544] [M]: 0x800453EC (0x00C0006F) jal zero, 12


mem[X,0x800453F8] -> 0x2023
mem[X,0x800453FA] -> 0x2831
[6545] [M]: 0x800453F8 (0x28312023) sw gp, 640(sp)
mem[0x8004BBE4] <- 0x00000002


mem[X,0x800453FC] -> 0x0513
mem[X,0x800453FE] -> 0x0010
[6546] [M]: 0x800453FC (0x00100513) addi a0, zero, 1
x10 <- 0x00000001


mem[X,0x80045400] -> 0xB5B7
mem[X,0x80045402] -> 0x0000
[6547] [M]: 0x80045400 (0x0000B5B7) lui a1, 11
x11 <- 0x0000B000


mem[X,0x80045404] -> 0x8593
mem[X,0x80045406] -> 0x5055
[6548] [M]: 0x80045404 (0x50558593) addi a1, a1, 1285
x11 <- 0x0000B505


mem[X,0x80045408] -> 0x0193
mem[X,0x8004540A] -> 0x0000
[6549] [M]: 0x80045408 (0x00000193) addi gp, zero, 0
x3 <- 0x00000000


mem[X,0x8004540C] -> 0x006F
mem[X,0x8004540E] -> 0x00C0
[6550] [M]: 0x8004540C (0x00C0006F) jal zero, 12


mem[X,0x80045418] -> 0x7663
mem[X,0x8004541A] -> 0x00B5
[6551] [M]: 0x80045418 (0x00B57663) bgeu a0, a1, 12


mem[X,0x8004541C] -> 0x8193
mem[X,0x8004541E] -> 0x0021
[6552] [M]: 0x8004541C (0x00218193) addi gp, gp, 2
x3 <- 0x00000002


mem[X,0x80045420] -> 0x006F
mem[X,0x80045422] -> 0x00C0
[6553] [M]: 0x80045420 (0x00C0006F) jal zero, 12


mem[X,0x8004542C] -> 0x2223
mem[X,0x8004542E] -> 0x2831
[6554] [M]: 0x8004542C (0x28312223) sw gp, 644(sp)
mem[0x8004BBE8] <- 0x00000002


mem[X,0x80045430] -> 0x0513
mem[X,0x80045432] -> 0x0010
[6555] [M]: 0x80045430 (0x00100513) addi a0, zero, 1
x10 <- 0x00000001


mem[X,0x80045434] -> 0x0593
mem[X,0x80045436] -> 0x0010
[6556] [M]: 0x80045434 (0x00100593) addi a1, zero, 1
x11 <- 0x00000001


mem[X,0x80045438] -> 0x0193
mem[X,0x8004543A] -> 0x0000
[6557] [M]: 0x80045438 (0x00000193) addi gp, zero, 0
x3 <- 0x00000000


mem[X,0x8004543C] -> 0x006F
mem[X,0x8004543E] -> 0x00C0
[6558] [M]: 0x8004543C (0x00C0006F) jal zero, 12


mem[X,0x80045448] -> 0x7663
mem[X,0x8004544A] -> 0x00B5
[6559] [M]: 0x80045448 (0x00B57663) bgeu a0, a1, 12


mem[X,0x80045454] -> 0x8193
mem[X,0x80045456] -> 0x0031
[6560] [M]: 0x80045454 (0x00318193) addi gp, gp, 3
x3 <- 0x00000003


mem[X,0x80045458] -> 0x006F
mem[X,0x8004545A] -> 0x0040
[6561] [M]: 0x80045458 (0x0040006F) jal zero, 4


mem[X,0x8004545C] -> 0x2423
mem[X,0x8004545E] -> 0x2831
[6562] [M]: 0x8004545C (0x28312423) sw gp, 648(sp)
mem[0x8004BBEC] <- 0x00000003


mem[X,0x80045460] -> 0x0513
mem[X,0x80045462] -> 0x0010
[6563] [M]: 0x80045460 (0x00100513) addi a0, zero, 1
x10 <- 0x00000001


mem[X,0x80045464] -> 0x05B7
mem[X,0x80045466] -> 0x0001
[6564] [M]: 0x80045464 (0x000105B7) lui a1, 16
x11 <- 0x00010000


mem[X,0x80045468] -> 0x0193
mem[X,0x8004546A] -> 0x0000
[6565] [M]: 0x80045468 (0x00000193) addi gp, zero, 0
x3 <- 0x00000000


mem[X,0x8004546C] -> 0x006F
mem[X,0x8004546E] -> 0x00C0
[6566] [M]: 0x8004546C (0x00C0006F) jal zero, 12


mem[X,0x80045478] -> 0x7CE3
mem[X,0x8004547A] -> 0xFEB5
[6567] [M]: 0x80045478 (0xFEB57CE3) bgeu a0, a1, 8184


mem[X,0x8004547C] -> 0x8193
mem[X,0x8004547E] -> 0x0021
[6568] [M]: 0x8004547C (0x00218193) addi gp, gp, 2
x3 <- 0x00000002


mem[X,0x80045480] -> 0x006F
mem[X,0x80045482] -> 0x00C0
[6569] [M]: 0x80045480 (0x00C0006F) jal zero, 12


mem[X,0x8004548C] -> 0x2623
mem[X,0x8004548E] -> 0x2831
[6570] [M]: 0x8004548C (0x28312623) sw gp, 652(sp)
mem[0x8004BBF0] <- 0x00000002


mem[X,0x80045490] -> 0x0537
mem[X,0x80045492] -> 0x0001
[6571] [M]: 0x80045490 (0x00010537) lui a0, 16
x10 <- 0x00010000


mem[X,0x80045494] -> 0x0593
mem[X,0x80045496] -> 0x0030
[6572] [M]: 0x80045494 (0x00300593) addi a1, zero, 3
x11 <- 0x00000003


mem[X,0x80045498] -> 0x0193
mem[X,0x8004549A] -> 0x0000
[6573] [M]: 0x80045498 (0x00000193) addi gp, zero, 0
x3 <- 0x00000000


mem[X,0x8004549C] -> 0x006F
mem[X,0x8004549E] -> 0x00C0
[6574] [M]: 0x8004549C (0x00C0006F) jal zero, 12


mem[X,0x800454A8] -> 0x7063
mem[X,0x800454AA] -> 0x02B5
[6575] [M]: 0x800454A8 (0x02B57063) bgeu a0, a1, 32


mem[X,0x800454C8] -> 0x8193
mem[X,0x800454CA] -> 0x0031
[6576] [M]: 0x800454C8 (0x00318193) addi gp, gp, 3
x3 <- 0x00000003


mem[X,0x800454CC] -> 0x006F
mem[X,0x800454CE] -> 0x0040
[6577] [M]: 0x800454CC (0x0040006F) jal zero, 4


mem[X,0x800454D0] -> 0x2823
mem[X,0x800454D2] -> 0x2831
[6578] [M]: 0x800454D0 (0x28312823) sw gp, 656(sp)
mem[0x8004BBF4] <- 0x00000003


mem[X,0x800454D4] -> 0x0537
mem[X,0x800454D6] -> 0x0001
[6579] [M]: 0x800454D4 (0x00010537) lui a0, 16
x10 <- 0x00010000


mem[X,0x800454D8] -> 0xB5B7
mem[X,0x800454DA] -> 0xAAAA
[6580] [M]: 0x800454D8 (0xAAAAB5B7) lui a1, 699051
x11 <- 0xAAAAB000


mem[X,0x800454DC] -> 0x8593
mem[X,0x800454DE] -> 0xAAA5
[6581] [M]: 0x800454DC (0xAAA58593) addi a1, a1, 2730
x11 <- 0xAAAAAAAA


mem[X,0x800454E0] -> 0x0193
mem[X,0x800454E2] -> 0x0000
[6582] [M]: 0x800454E0 (0x00000193) addi gp, zero, 0
x3 <- 0x00000000


mem[X,0x800454E4] -> 0x006F
mem[X,0x800454E6] -> 0x00C0
[6583] [M]: 0x800454E4 (0x00C0006F) jal zero, 12


mem[X,0x800454F0] -> 0x7063
mem[X,0x800454F2] -> 0x10B5
[6584] [M]: 0x800454F0 (0x10B57063) bgeu a0, a1, 256


mem[X,0x800454F4] -> 0x8193
mem[X,0x800454F6] -> 0x0021
[6585] [M]: 0x800454F4 (0x00218193) addi gp, gp, 2
x3 <- 0x00000002


mem[X,0x800454F8] -> 0x006F
mem[X,0x800454FA] -> 0x1000
[6586] [M]: 0x800454F8 (0x1000006F) jal zero, 256


mem[X,0x800455F8] -> 0x2A23
mem[X,0x800455FA] -> 0x2831
[6587] [M]: 0x800455F8 (0x28312A23) sw gp, 660(sp)
mem[0x8004BBF8] <- 0x00000002


mem[X,0x800455FC] -> 0x0537
mem[X,0x800455FE] -> 0x0001
[6588] [M]: 0x800455FC (0x00010537) lui a0, 16
x10 <- 0x00010000


mem[X,0x80045600] -> 0x0593
mem[X,0x80045602] -> 0x0050
[6589] [M]: 0x80045600 (0x00500593) addi a1, zero, 5
x11 <- 0x00000005


mem[X,0x80045604] -> 0x0193
mem[X,0x80045606] -> 0x0000
[6590] [M]: 0x80045604 (0x00000193) addi gp, zero, 0
x3 <- 0x00000000


mem[X,0x80045608] -> 0x006F
mem[X,0x8004560A] -> 0x00C0
[6591] [M]: 0x80045608 (0x00C0006F) jal zero, 12


mem[X,0x80045614] -> 0x7063
mem[X,0x80045616] -> 0x40B5
[6592] [M]: 0x80045614 (0x40B57063) bgeu a0, a1, 1024


mem[X,0x80045A14] -> 0x8193
mem[X,0x80045A16] -> 0x0031
[6593] [M]: 0x80045A14 (0x00318193) addi gp, gp, 3
x3 <- 0x00000003


mem[X,0x80045A18] -> 0x006F
mem[X,0x80045A1A] -> 0x0040
[6594] [M]: 0x80045A18 (0x0040006F) jal zero, 4


mem[X,0x80045A1C] -> 0x2C23
mem[X,0x80045A1E] -> 0x2831
[6595] [M]: 0x80045A1C (0x28312C23) sw gp, 664(sp)
mem[0x8004BBFC] <- 0x00000003


mem[X,0x80045A20] -> 0x0537
mem[X,0x80045A22] -> 0x0001
[6596] [M]: 0x80045A20 (0x00010537) lui a0, 16
x10 <- 0x00010000


mem[X,0x80045A24] -> 0x35B7
mem[X,0x80045A26] -> 0x3333
[6597] [M]: 0x80045A24 (0x333335B7) lui a1, 209715
x11 <- 0x33333000


mem[X,0x80045A28] -> 0x8593
mem[X,0x80045A2A] -> 0x3335
[6598] [M]: 0x80045A28 (0x33358593) addi a1, a1, 819
x11 <- 0x33333333


mem[X,0x80045A2C] -> 0x0193
mem[X,0x80045A2E] -> 0x0000
[6599] [M]: 0x80045A2C (0x00000193) addi gp, zero, 0
x3 <- 0x00000000


clint::tick mtime <- 0x0000000000000042
 clint timer pending at mtime 0x0000000000000042
htif::tick 0x0000000000000000
mem[X,0x80045A30] -> 0x006F
mem[X,0x80045A32] -> 0x00C0
[6600] [M]: 0x80045A30 (0x00C0006F) jal zero, 12


mem[X,0x80045A3C] -> 0x7863
mem[X,0x80045A3E] -> 0x00B5
[6601] [M]: 0x80045A3C (0x00B57863) bgeu a0, a1, 16


mem[X,0x80045A40] -> 0x8193
mem[X,0x80045A42] -> 0x0021
[6602] [M]: 0x80045A40 (0x00218193) addi gp, gp, 2
x3 <- 0x00000002


mem[X,0x80045A44] -> 0x006F
mem[X,0x80045A46] -> 0x0100
[6603] [M]: 0x80045A44 (0x0100006F) jal zero, 16


mem[X,0x80045A54] -> 0x2E23
mem[X,0x80045A56] -> 0x2831
[6604] [M]: 0x80045A54 (0x28312E23) sw gp, 668(sp)
mem[0x8004BC00] <- 0x00000002


mem[X,0x80045A58] -> 0x0537
mem[X,0x80045A5A] -> 0x0001
[6605] [M]: 0x80045A58 (0x00010537) lui a0, 16
x10 <- 0x00010000


mem[X,0x80045A5C] -> 0x65B7
mem[X,0x80045A5E] -> 0x6666
[6606] [M]: 0x80045A5C (0x666665B7) lui a1, 419430
x11 <- 0x66666000


mem[X,0x80045A60] -> 0x8593
mem[X,0x80045A62] -> 0x6665
[6607] [M]: 0x80045A60 (0x66658593) addi a1, a1, 1638
x11 <- 0x66666666


mem[X,0x80045A64] -> 0x0193
mem[X,0x80045A66] -> 0x0000
[6608] [M]: 0x80045A64 (0x00000193) addi gp, zero, 0
x3 <- 0x00000000


mem[X,0x80045A68] -> 0x006F
mem[X,0x80045A6A] -> 0x2B10
[6609] [M]: 0x80045A68 (0x2B10006F) jal zero, 2736


mem[X,0x80046518] -> 0x7A63
mem[X,0x8004651A] -> 0xD4B5
[6610] [M]: 0x80046518 (0xD4B57A63) bgeu a0, a1, 5460


mem[X,0x8004651C] -> 0x8193
mem[X,0x8004651E] -> 0x0021
[6611] [M]: 0x8004651C (0x00218193) addi gp, gp, 2
x3 <- 0x00000002


mem[X,0x80046520] -> 0x006F
mem[X,0x80046522] -> 0x00C0
[6612] [M]: 0x80046520 (0x00C0006F) jal zero, 12


mem[X,0x8004652C] -> 0x2023
mem[X,0x8004652E] -> 0x2A31
[6613] [M]: 0x8004652C (0x2A312023) sw gp, 672(sp)
mem[0x8004BC04] <- 0x00000002


mem[X,0x80046530] -> 0x0537
mem[X,0x80046532] -> 0x0001
[6614] [M]: 0x80046530 (0x00010537) lui a0, 16
x10 <- 0x00010000


mem[X,0x80046534] -> 0xB5B7
mem[X,0x80046536] -> 0x0000
[6615] [M]: 0x80046534 (0x0000B5B7) lui a1, 11
x11 <- 0x0000B000


mem[X,0x80046538] -> 0x8593
mem[X,0x8004653A] -> 0x5045
[6616] [M]: 0x80046538 (0x50458593) addi a1, a1, 1284
x11 <- 0x0000B504


mem[X,0x8004653C] -> 0x0193
mem[X,0x8004653E] -> 0x0000
[6617] [M]: 0x8004653C (0x00000193) addi gp, zero, 0
x3 <- 0x00000000


mem[X,0x80046540] -> 0x006F
mem[X,0x80046542] -> 0x00C0
[6618] [M]: 0x80046540 (0x00C0006F) jal zero, 12


mem[X,0x8004654C] -> 0x7063
mem[X,0x8004654E] -> 0x04B5
[6619] [M]: 0x8004654C (0x04B57063) bgeu a0, a1, 64


mem[X,0x8004658C] -> 0x8193
mem[X,0x8004658E] -> 0x0031
[6620] [M]: 0x8004658C (0x00318193) addi gp, gp, 3
x3 <- 0x00000003


mem[X,0x80046590] -> 0x006F
mem[X,0x80046592] -> 0x0040
[6621] [M]: 0x80046590 (0x0040006F) jal zero, 4


mem[X,0x80046594] -> 0x2223
mem[X,0x80046596] -> 0x2A31
[6622] [M]: 0x80046594 (0x2A312223) sw gp, 676(sp)
mem[0x8004BC08] <- 0x00000003


mem[X,0x80046598] -> 0x0537
mem[X,0x8004659A] -> 0x0001
[6623] [M]: 0x80046598 (0x00010537) lui a0, 16
x10 <- 0x00010000


mem[X,0x8004659C] -> 0x0593
mem[X,0x8004659E] -> 0x0000
[6624] [M]: 0x8004659C (0x00000593) addi a1, zero, 0
x11 <- 0x00000000


mem[X,0x800465A0] -> 0x0193
mem[X,0x800465A2] -> 0x0000
[6625] [M]: 0x800465A0 (0x00000193) addi gp, zero, 0
x3 <- 0x00000000


mem[X,0x800465A4] -> 0x006F
mem[X,0x800465A6] -> 0x00C0
[6626] [M]: 0x800465A4 (0x00C0006F) jal zero, 12


mem[X,0x800465B0] -> 0x7663
mem[X,0x800465B2] -> 0x00B5
[6627] [M]: 0x800465B0 (0x00B57663) bgeu a0, a1, 12


mem[X,0x800465BC] -> 0x8193
mem[X,0x800465BE] -> 0x0031
[6628] [M]: 0x800465BC (0x00318193) addi gp, gp, 3
x3 <- 0x00000003


mem[X,0x800465C0] -> 0x006F
mem[X,0x800465C2] -> 0x0040
[6629] [M]: 0x800465C0 (0x0040006F) jal zero, 4


mem[X,0x800465C4] -> 0x2423
mem[X,0x800465C6] -> 0x2A31
[6630] [M]: 0x800465C4 (0x2A312423) sw gp, 680(sp)
mem[0x8004BC0C] <- 0x00000003


mem[X,0x800465C8] -> 0x0537
mem[X,0x800465CA] -> 0x0001
[6631] [M]: 0x800465C8 (0x00010537) lui a0, 16
x10 <- 0x00010000


mem[X,0x800465CC] -> 0x05B7
mem[X,0x800465CE] -> 0x0001
[6632] [M]: 0x800465CC (0x000105B7) lui a1, 16
x11 <- 0x00010000


mem[X,0x800465D0] -> 0x8593
mem[X,0x800465D2] -> 0xFFF5
[6633] [M]: 0x800465D0 (0xFFF58593) addi a1, a1, 4095
x11 <- 0x0000FFFF


mem[X,0x800465D4] -> 0x0193
mem[X,0x800465D6] -> 0x0000
[6634] [M]: 0x800465D4 (0x00000193) addi gp, zero, 0
x3 <- 0x00000000


mem[X,0x800465D8] -> 0x006F
mem[X,0x800465DA] -> 0x00C0
[6635] [M]: 0x800465D8 (0x00C0006F) jal zero, 12


mem[X,0x800465E4] -> 0x7863
mem[X,0x800465E6] -> 0x00B5
[6636] [M]: 0x800465E4 (0x00B57863) bgeu a0, a1, 16


mem[X,0x800465F4] -> 0x8193
mem[X,0x800465F6] -> 0x0031
[6637] [M]: 0x800465F4 (0x00318193) addi gp, gp, 3
x3 <- 0x00000003


mem[X,0x800465F8] -> 0x006F
mem[X,0x800465FA] -> 0x0040
[6638] [M]: 0x800465F8 (0x0040006F) jal zero, 4


mem[X,0x800465FC] -> 0x2623
mem[X,0x800465FE] -> 0x2A31
[6639] [M]: 0x800465FC (0x2A312623) sw gp, 684(sp)
mem[0x8004BC10] <- 0x00000003


mem[X,0x80046600] -> 0x0537
mem[X,0x80046602] -> 0x0001
[6640] [M]: 0x80046600 (0x00010537) lui a0, 16
x10 <- 0x00010000


mem[X,0x80046604] -> 0x0593
mem[X,0x80046606] -> 0x0020
[6641] [M]: 0x80046604 (0x00200593) addi a1, zero, 2
x11 <- 0x00000002


mem[X,0x80046608] -> 0x0193
mem[X,0x8004660A] -> 0x0000
[6642] [M]: 0x80046608 (0x00000193) addi gp, zero, 0
x3 <- 0x00000000


mem[X,0x8004660C] -> 0x006F
mem[X,0x8004660E] -> 0x00C0
[6643] [M]: 0x8004660C (0x00C0006F) jal zero, 12


mem[X,0x80046618] -> 0x7063
mem[X,0x8004661A] -> 0x02B5
[6644] [M]: 0x80046618 (0x02B57063) bgeu a0, a1, 32


mem[X,0x80046638] -> 0x8193
mem[X,0x8004663A] -> 0x0031
[6645] [M]: 0x80046638 (0x00318193) addi gp, gp, 3
x3 <- 0x00000003


mem[X,0x8004663C] -> 0x006F
mem[X,0x8004663E] -> 0x0040
[6646] [M]: 0x8004663C (0x0040006F) jal zero, 4


mem[X,0x80046640] -> 0x2823
mem[X,0x80046642] -> 0x2A31
[6647] [M]: 0x80046640 (0x2A312823) sw gp, 688(sp)
mem[0x8004BC14] <- 0x00000003


mem[X,0x80046644] -> 0x0537
mem[X,0x80046646] -> 0x0001
[6648] [M]: 0x80046644 (0x00010537) lui a0, 16
x10 <- 0x00010000


mem[X,0x80046648] -> 0x55B7
mem[X,0x8004664A] -> 0x5555
[6649] [M]: 0x80046648 (0x555555B7) lui a1, 349525
x11 <- 0x55555000


mem[X,0x8004664C] -> 0x8593
mem[X,0x8004664E] -> 0x5545
[6650] [M]: 0x8004664C (0x55458593) addi a1, a1, 1364
x11 <- 0x55555554


mem[X,0x80046650] -> 0x0193
mem[X,0x80046652] -> 0x0000
[6651] [M]: 0x80046650 (0x00000193) addi gp, zero, 0
x3 <- 0x00000000


mem[X,0x80046654] -> 0x006F
mem[X,0x80046656] -> 0x00C0
[6652] [M]: 0x80046654 (0x00C0006F) jal zero, 12


mem[X,0x80046660] -> 0x7863
mem[X,0x80046662] -> 0x00B5
[6653] [M]: 0x80046660 (0x00B57863) bgeu a0, a1, 16


mem[X,0x80046664] -> 0x8193
mem[X,0x80046666] -> 0x0021
[6654] [M]: 0x80046664 (0x00218193) addi gp, gp, 2
x3 <- 0x00000002


mem[X,0x80046668] -> 0x006F
mem[X,0x8004666A] -> 0x0100
[6655] [M]: 0x80046668 (0x0100006F) jal zero, 16


mem[X,0x80046678] -> 0x2A23
mem[X,0x8004667A] -> 0x2A31
[6656] [M]: 0x80046678 (0x2A312A23) sw gp, 692(sp)
mem[0x8004BC18] <- 0x00000002


mem[X,0x8004667C] -> 0x0537
mem[X,0x8004667E] -> 0x0001
[6657] [M]: 0x8004667C (0x00010537) lui a0, 16
x10 <- 0x00010000


mem[X,0x80046680] -> 0xB5B7
mem[X,0x80046682] -> 0xAAAA
[6658] [M]: 0x80046680 (0xAAAAB5B7) lui a1, 699051
x11 <- 0xAAAAB000


mem[X,0x80046684] -> 0x8593
mem[X,0x80046686] -> 0xAA95
[6659] [M]: 0x80046684 (0xAA958593) addi a1, a1, 2729
x11 <- 0xAAAAAAA9


mem[X,0x80046688] -> 0x0193
mem[X,0x8004668A] -> 0x0000
[6660] [M]: 0x80046688 (0x00000193) addi gp, zero, 0
x3 <- 0x00000000


mem[X,0x8004668C] -> 0x006F
mem[X,0x8004668E] -> 0x00C0
[6661] [M]: 0x8004668C (0x00C0006F) jal zero, 12


mem[X,0x80046698] -> 0x7663
mem[X,0x8004669A] -> 0x00B5
[6662] [M]: 0x80046698 (0x00B57663) bgeu a0, a1, 12


mem[X,0x8004669C] -> 0x8193
mem[X,0x8004669E] -> 0x0021
[6663] [M]: 0x8004669C (0x00218193) addi gp, gp, 2
x3 <- 0x00000002


mem[X,0x800466A0] -> 0x006F
mem[X,0x800466A2] -> 0x00C0
[6664] [M]: 0x800466A0 (0x00C0006F) jal zero, 12


mem[X,0x800466AC] -> 0x2C23
mem[X,0x800466AE] -> 0x2A31
[6665] [M]: 0x800466AC (0x2A312C23) sw gp, 696(sp)
mem[0x8004BC1C] <- 0x00000002


mem[X,0x800466B0] -> 0x0537
mem[X,0x800466B2] -> 0x0001
[6666] [M]: 0x800466B0 (0x00010537) lui a0, 16
x10 <- 0x00010000


mem[X,0x800466B4] -> 0x0593
mem[X,0x800466B6] -> 0x0040
[6667] [M]: 0x800466B4 (0x00400593) addi a1, zero, 4
x11 <- 0x00000004


mem[X,0x800466B8] -> 0x0193
mem[X,0x800466BA] -> 0x0000
[6668] [M]: 0x800466B8 (0x00000193) addi gp, zero, 0
x3 <- 0x00000000


mem[X,0x800466BC] -> 0x006F
mem[X,0x800466BE] -> 0x00C0
[6669] [M]: 0x800466BC (0x00C0006F) jal zero, 12


mem[X,0x800466C8] -> 0x7CE3
mem[X,0x800466CA] -> 0xFEB5
[6670] [M]: 0x800466C8 (0xFEB57CE3) bgeu a0, a1, 8184


mem[X,0x800466C0] -> 0x8193
mem[X,0x800466C2] -> 0x0011
[6671] [M]: 0x800466C0 (0x00118193) addi gp, gp, 1
x3 <- 0x00000001


mem[X,0x800466C4] -> 0x006F
mem[X,0x800466C6] -> 0x0180
[6672] [M]: 0x800466C4 (0x0180006F) jal zero, 24


mem[X,0x800466DC] -> 0x2E23
mem[X,0x800466DE] -> 0x2A31
[6673] [M]: 0x800466DC (0x2A312E23) sw gp, 700(sp)
mem[0x8004BC20] <- 0x00000001


mem[X,0x800466E0] -> 0x0537
mem[X,0x800466E2] -> 0x0001
[6674] [M]: 0x800466E0 (0x00010537) lui a0, 16
x10 <- 0x00010000


mem[X,0x800466E4] -> 0x35B7
mem[X,0x800466E6] -> 0x3333
[6675] [M]: 0x800466E4 (0x333335B7) lui a1, 209715
x11 <- 0x33333000


mem[X,0x800466E8] -> 0x8593
mem[X,0x800466EA] -> 0x3325
[6676] [M]: 0x800466E8 (0x33258593) addi a1, a1, 818
x11 <- 0x33333332


mem[X,0x800466EC] -> 0x0193
mem[X,0x800466EE] -> 0x0000
[6677] [M]: 0x800466EC (0x00000193) addi gp, zero, 0
x3 <- 0x00000000


mem[X,0x800466F0] -> 0x006F
mem[X,0x800466F2] -> 0x00C0
[6678] [M]: 0x800466F0 (0x00C0006F) jal zero, 12


mem[X,0x800466FC] -> 0x7CE3
mem[X,0x800466FE] -> 0xFEB5
[6679] [M]: 0x800466FC (0xFEB57CE3) bgeu a0, a1, 8184


mem[X,0x80046700] -> 0x8193
mem[X,0x80046702] -> 0x0021
[6680] [M]: 0x80046700 (0x00218193) addi gp, gp, 2
x3 <- 0x00000002


mem[X,0x80046704] -> 0x006F
mem[X,0x80046706] -> 0x00C0
[6681] [M]: 0x80046704 (0x00C0006F) jal zero, 12


mem[X,0x80046710] -> 0x2023
mem[X,0x80046712] -> 0x2C31
[6682] [M]: 0x80046710 (0x2C312023) sw gp, 704(sp)
mem[0x8004BC24] <- 0x00000002


mem[X,0x80046714] -> 0x0537
mem[X,0x80046716] -> 0x0001
[6683] [M]: 0x80046714 (0x00010537) lui a0, 16
x10 <- 0x00010000


mem[X,0x80046718] -> 0x65B7
mem[X,0x8004671A] -> 0x6666
[6684] [M]: 0x80046718 (0x666665B7) lui a1, 419430
x11 <- 0x66666000


mem[X,0x8004671C] -> 0x8593
mem[X,0x8004671E] -> 0x6655
[6685] [M]: 0x8004671C (0x66558593) addi a1, a1, 1637
x11 <- 0x66666665


mem[X,0x80046720] -> 0x0193
mem[X,0x80046722] -> 0x0000
[6686] [M]: 0x80046720 (0x00000193) addi gp, zero, 0
x3 <- 0x00000000


mem[X,0x80046724] -> 0x006F
mem[X,0x80046726] -> 0x00C0
[6687] [M]: 0x80046724 (0x00C0006F) jal zero, 12


mem[X,0x80046730] -> 0x7063
mem[X,0x80046732] -> 0x08B5
[6688] [M]: 0x80046730 (0x08B57063) bgeu a0, a1, 128


mem[X,0x80046734] -> 0x8193
mem[X,0x80046736] -> 0x0021
[6689] [M]: 0x80046734 (0x00218193) addi gp, gp, 2
x3 <- 0x00000002


mem[X,0x80046738] -> 0x006F
mem[X,0x8004673A] -> 0x0800
[6690] [M]: 0x80046738 (0x0800006F) jal zero, 128


mem[X,0x800467B8] -> 0x2223
mem[X,0x800467BA] -> 0x2C31
[6691] [M]: 0x800467B8 (0x2C312223) sw gp, 708(sp)
mem[0x8004BC28] <- 0x00000002


mem[X,0x800467BC] -> 0x0537
mem[X,0x800467BE] -> 0x0001
[6692] [M]: 0x800467BC (0x00010537) lui a0, 16
x10 <- 0x00010000


mem[X,0x800467C0] -> 0xB5B7
mem[X,0x800467C2] -> 0x0000
[6693] [M]: 0x800467C0 (0x0000B5B7) lui a1, 11
x11 <- 0x0000B000


mem[X,0x800467C4] -> 0x8593
mem[X,0x800467C6] -> 0x5035
[6694] [M]: 0x800467C4 (0x50358593) addi a1, a1, 1283
x11 <- 0x0000B503


mem[X,0x800467C8] -> 0x0193
mem[X,0x800467CA] -> 0x0000
[6695] [M]: 0x800467C8 (0x00000193) addi gp, zero, 0
x3 <- 0x00000000


mem[X,0x800467CC] -> 0x006F
mem[X,0x800467CE] -> 0x00C0
[6696] [M]: 0x800467CC (0x00C0006F) jal zero, 12


mem[X,0x800467D8] -> 0x7CE3
mem[X,0x800467DA] -> 0xFEB5
[6697] [M]: 0x800467D8 (0xFEB57CE3) bgeu a0, a1, 8184


mem[X,0x800467D0] -> 0x8193
mem[X,0x800467D2] -> 0x0011
[6698] [M]: 0x800467D0 (0x00118193) addi gp, gp, 1
x3 <- 0x00000001


mem[X,0x800467D4] -> 0x006F
mem[X,0x800467D6] -> 0x0180
[6699] [M]: 0x800467D4 (0x0180006F) jal zero, 24


clint::tick mtime <- 0x0000000000000043
 clint timer pending at mtime 0x0000000000000043
htif::tick 0x0000000000000000
mem[X,0x800467EC] -> 0x2423
mem[X,0x800467EE] -> 0x2C31
[6700] [M]: 0x800467EC (0x2C312423) sw gp, 712(sp)
mem[0x8004BC2C] <- 0x00000001


mem[X,0x800467F0] -> 0x0537
mem[X,0x800467F2] -> 0x0001
[6701] [M]: 0x800467F0 (0x00010537) lui a0, 16
x10 <- 0x00010000


mem[X,0x800467F4] -> 0x05B7
mem[X,0x800467F6] -> 0x0001
[6702] [M]: 0x800467F4 (0x000105B7) lui a1, 16
x11 <- 0x00010000


mem[X,0x800467F8] -> 0x8593
mem[X,0x800467FA] -> 0xFFE5
[6703] [M]: 0x800467F8 (0xFFE58593) addi a1, a1, 4094
x11 <- 0x0000FFFE


mem[X,0x800467FC] -> 0x0193
mem[X,0x800467FE] -> 0x0000
[6704] [M]: 0x800467FC (0x00000193) addi gp, zero, 0
x3 <- 0x00000000


mem[X,0x80046800] -> 0x006F
mem[X,0x80046802] -> 0x00C0
[6705] [M]: 0x80046800 (0x00C0006F) jal zero, 12


mem[X,0x8004680C] -> 0x7063
mem[X,0x8004680E] -> 0x10B5
[6706] [M]: 0x8004680C (0x10B57063) bgeu a0, a1, 256


mem[X,0x8004690C] -> 0x8193
mem[X,0x8004690E] -> 0x0031
[6707] [M]: 0x8004690C (0x00318193) addi gp, gp, 3
x3 <- 0x00000003


mem[X,0x80046910] -> 0x006F
mem[X,0x80046912] -> 0x0040
[6708] [M]: 0x80046910 (0x0040006F) jal zero, 4


mem[X,0x80046914] -> 0x2623
mem[X,0x80046916] -> 0x2C31
[6709] [M]: 0x80046914 (0x2C312623) sw gp, 716(sp)
mem[0x8004BC30] <- 0x00000003


mem[X,0x80046918] -> 0x0537
mem[X,0x8004691A] -> 0x0001
[6710] [M]: 0x80046918 (0x00010537) lui a0, 16
x10 <- 0x00010000


mem[X,0x8004691C] -> 0x55B7
mem[X,0x8004691E] -> 0x5555
[6711] [M]: 0x8004691C (0x555555B7) lui a1, 349525
x11 <- 0x55555000


mem[X,0x80046920] -> 0x8593
mem[X,0x80046922] -> 0x5565
[6712] [M]: 0x80046920 (0x55658593) addi a1, a1, 1366
x11 <- 0x55555556


mem[X,0x80046924] -> 0x0193
mem[X,0x80046926] -> 0x0000
[6713] [M]: 0x80046924 (0x00000193) addi gp, zero, 0
x3 <- 0x00000000


mem[X,0x80046928] -> 0x006F
mem[X,0x8004692A] -> 0x2B10
[6714] [M]: 0x80046928 (0x2B10006F) jal zero, 2736


mem[X,0x800473D8] -> 0x7A63
mem[X,0x800473DA] -> 0xD4B5
[6715] [M]: 0x800473D8 (0xD4B57A63) bgeu a0, a1, 5460


mem[X,0x800473DC] -> 0x8193
mem[X,0x800473DE] -> 0x0021
[6716] [M]: 0x800473DC (0x00218193) addi gp, gp, 2
x3 <- 0x00000002


mem[X,0x800473E0] -> 0x006F
mem[X,0x800473E2] -> 0x00C0
[6717] [M]: 0x800473E0 (0x00C0006F) jal zero, 12


mem[X,0x800473EC] -> 0x2823
mem[X,0x800473EE] -> 0x2C31
[6718] [M]: 0x800473EC (0x2C312823) sw gp, 720(sp)
mem[0x8004BC34] <- 0x00000002


mem[X,0x800473F0] -> 0x0537
mem[X,0x800473F2] -> 0x0001
[6719] [M]: 0x800473F0 (0x00010537) lui a0, 16
x10 <- 0x00010000


mem[X,0x800473F4] -> 0xB5B7
mem[X,0x800473F6] -> 0xAAAA
[6720] [M]: 0x800473F4 (0xAAAAB5B7) lui a1, 699051
x11 <- 0xAAAAB000


mem[X,0x800473F8] -> 0x8593
mem[X,0x800473FA] -> 0xAAB5
[6721] [M]: 0x800473F8 (0xAAB58593) addi a1, a1, 2731
x11 <- 0xAAAAAAAB


mem[X,0x800473FC] -> 0x0193
mem[X,0x800473FE] -> 0x0000
[6722] [M]: 0x800473FC (0x00000193) addi gp, zero, 0
x3 <- 0x00000000


mem[X,0x80047400] -> 0x006F
mem[X,0x80047402] -> 0x00C0
[6723] [M]: 0x80047400 (0x00C0006F) jal zero, 12


mem[X,0x8004740C] -> 0x7CE3
mem[X,0x8004740E] -> 0xFEB5
[6724] [M]: 0x8004740C (0xFEB57CE3) bgeu a0, a1, 8184


mem[X,0x80047410] -> 0x8193
mem[X,0x80047412] -> 0x0021
[6725] [M]: 0x80047410 (0x00218193) addi gp, gp, 2
x3 <- 0x00000002


mem[X,0x80047414] -> 0x006F
mem[X,0x80047416] -> 0x00C0
[6726] [M]: 0x80047414 (0x00C0006F) jal zero, 12


mem[X,0x80047420] -> 0x2A23
mem[X,0x80047422] -> 0x2C31
[6727] [M]: 0x80047420 (0x2C312A23) sw gp, 724(sp)
mem[0x8004BC38] <- 0x00000002


mem[X,0x80047424] -> 0x0537
mem[X,0x80047426] -> 0x0001
[6728] [M]: 0x80047424 (0x00010537) lui a0, 16
x10 <- 0x00010000


mem[X,0x80047428] -> 0x0593
mem[X,0x8004742A] -> 0x0060
[6729] [M]: 0x80047428 (0x00600593) addi a1, zero, 6
x11 <- 0x00000006


mem[X,0x8004742C] -> 0x0193
mem[X,0x8004742E] -> 0x0000
[6730] [M]: 0x8004742C (0x00000193) addi gp, zero, 0
x3 <- 0x00000000


mem[X,0x80047430] -> 0x006F
mem[X,0x80047432] -> 0x00C0
[6731] [M]: 0x80047430 (0x00C0006F) jal zero, 12


mem[X,0x8004743C] -> 0x7863
mem[X,0x8004743E] -> 0x00B5
[6732] [M]: 0x8004743C (0x00B57863) bgeu a0, a1, 16


mem[X,0x8004744C] -> 0x8193
mem[X,0x8004744E] -> 0x0031
[6733] [M]: 0x8004744C (0x00318193) addi gp, gp, 3
x3 <- 0x00000003


mem[X,0x80047450] -> 0x006F
mem[X,0x80047452] -> 0x0040
[6734] [M]: 0x80047450 (0x0040006F) jal zero, 4


mem[X,0x80047454] -> 0x2C23
mem[X,0x80047456] -> 0x2C31
[6735] [M]: 0x80047454 (0x2C312C23) sw gp, 728(sp)
mem[0x8004BC3C] <- 0x00000003


mem[X,0x80047458] -> 0x0537
mem[X,0x8004745A] -> 0x0001
[6736] [M]: 0x80047458 (0x00010537) lui a0, 16
x10 <- 0x00010000


mem[X,0x8004745C] -> 0x35B7
mem[X,0x8004745E] -> 0x3333
[6737] [M]: 0x8004745C (0x333335B7) lui a1, 209715
x11 <- 0x33333000


mem[X,0x80047460] -> 0x8593
mem[X,0x80047462] -> 0x3345
[6738] [M]: 0x80047460 (0x33458593) addi a1, a1, 820
x11 <- 0x33333334


mem[X,0x80047464] -> 0x0193
mem[X,0x80047466] -> 0x0000
[6739] [M]: 0x80047464 (0x00000193) addi gp, zero, 0
x3 <- 0x00000000


mem[X,0x80047468] -> 0x006F
mem[X,0x8004746A] -> 0x00C0
[6740] [M]: 0x80047468 (0x00C0006F) jal zero, 12


mem[X,0x80047474] -> 0x7CE3
mem[X,0x80047476] -> 0xFEB5
[6741] [M]: 0x80047474 (0xFEB57CE3) bgeu a0, a1, 8184


mem[X,0x80047478] -> 0x8193
mem[X,0x8004747A] -> 0x0021
[6742] [M]: 0x80047478 (0x00218193) addi gp, gp, 2
x3 <- 0x00000002


mem[X,0x8004747C] -> 0x006F
mem[X,0x8004747E] -> 0x00C0
[6743] [M]: 0x8004747C (0x00C0006F) jal zero, 12


mem[X,0x80047488] -> 0x2E23
mem[X,0x8004748A] -> 0x2C31
[6744] [M]: 0x80047488 (0x2C312E23) sw gp, 732(sp)
mem[0x8004BC40] <- 0x00000002


mem[X,0x8004748C] -> 0x0537
mem[X,0x8004748E] -> 0x0001
[6745] [M]: 0x8004748C (0x00010537) lui a0, 16
x10 <- 0x00010000


mem[X,0x80047490] -> 0x65B7
mem[X,0x80047492] -> 0x6666
[6746] [M]: 0x80047490 (0x666665B7) lui a1, 419430
x11 <- 0x66666000


mem[X,0x80047494] -> 0x8593
mem[X,0x80047496] -> 0x6675
[6747] [M]: 0x80047494 (0x66758593) addi a1, a1, 1639
x11 <- 0x66666667


mem[X,0x80047498] -> 0x0193
mem[X,0x8004749A] -> 0x0000
[6748] [M]: 0x80047498 (0x00000193) addi gp, zero, 0
x3 <- 0x00000000


mem[X,0x8004749C] -> 0x006F
mem[X,0x8004749E] -> 0x00C0
[6749] [M]: 0x8004749C (0x00C0006F) jal zero, 12


mem[X,0x800474A8] -> 0x7663
mem[X,0x800474AA] -> 0x00B5
[6750] [M]: 0x800474A8 (0x00B57663) bgeu a0, a1, 12


mem[X,0x800474AC] -> 0x8193
mem[X,0x800474AE] -> 0x0021
[6751] [M]: 0x800474AC (0x00218193) addi gp, gp, 2
x3 <- 0x00000002


mem[X,0x800474B0] -> 0x006F
mem[X,0x800474B2] -> 0x00C0
[6752] [M]: 0x800474B0 (0x00C0006F) jal zero, 12


mem[X,0x800474BC] -> 0x2023
mem[X,0x800474BE] -> 0x2E31
[6753] [M]: 0x800474BC (0x2E312023) sw gp, 736(sp)
mem[0x8004BC44] <- 0x00000002


mem[X,0x800474C0] -> 0x0537
mem[X,0x800474C2] -> 0x0001
[6754] [M]: 0x800474C0 (0x00010537) lui a0, 16
x10 <- 0x00010000


mem[X,0x800474C4] -> 0xB5B7
mem[X,0x800474C6] -> 0x0000
[6755] [M]: 0x800474C4 (0x0000B5B7) lui a1, 11
x11 <- 0x0000B000


mem[X,0x800474C8] -> 0x8593
mem[X,0x800474CA] -> 0x5055
[6756] [M]: 0x800474C8 (0x50558593) addi a1, a1, 1285
x11 <- 0x0000B505


mem[X,0x800474CC] -> 0x0193
mem[X,0x800474CE] -> 0x0000
[6757] [M]: 0x800474CC (0x00000193) addi gp, zero, 0
x3 <- 0x00000000


mem[X,0x800474D0] -> 0x006F
mem[X,0x800474D2] -> 0x0100
[6758] [M]: 0x800474D0 (0x0100006F) jal zero, 16


mem[X,0x800474E0] -> 0x7AE3
mem[X,0x800474E2] -> 0xFEB5
[6759] [M]: 0x800474E0 (0xFEB57AE3) bgeu a0, a1, 8180


mem[X,0x800474D4] -> 0x8193
mem[X,0x800474D6] -> 0x0011
[6760] [M]: 0x800474D4 (0x00118193) addi gp, gp, 1
x3 <- 0x00000001


mem[X,0x800474D8] -> 0x006F
mem[X,0x800474DA] -> 0x01C0
[6761] [M]: 0x800474D8 (0x01C0006F) jal zero, 28


mem[X,0x800474F4] -> 0x2223
mem[X,0x800474F6] -> 0x2E31
[6762] [M]: 0x800474F4 (0x2E312223) sw gp, 740(sp)
mem[0x8004BC48] <- 0x00000001


mem[X,0x800474F8] -> 0x0537
mem[X,0x800474FA] -> 0x0001
[6763] [M]: 0x800474F8 (0x00010537) lui a0, 16
x10 <- 0x00010000


mem[X,0x800474FC] -> 0x0593
mem[X,0x800474FE] -> 0x0010
[6764] [M]: 0x800474FC (0x00100593) addi a1, zero, 1
x11 <- 0x00000001


mem[X,0x80047500] -> 0x0193
mem[X,0x80047502] -> 0x0000
[6765] [M]: 0x80047500 (0x00000193) addi gp, zero, 0
x3 <- 0x00000000


mem[X,0x80047504] -> 0x006F
mem[X,0x80047506] -> 0x0050
[6766] [M]: 0x80047504 (0x0050006F) jal zero, 2052


mem[X,0x80047D08] -> 0x70E3
mem[X,0x80047D0A] -> 0x80B5
[6767] [M]: 0x80047D08 (0x80B570E3) bgeu a0, a1, 6144


mem[X,0x80047508] -> 0x8193
mem[X,0x8004750A] -> 0x0011
[6768] [M]: 0x80047508 (0x00118193) addi gp, gp, 1
x3 <- 0x00000001


mem[X,0x8004750C] -> 0x006F
mem[X,0x8004750E] -> 0x0110
[6769] [M]: 0x8004750C (0x0110006F) jal zero, 2064


mem[X,0x80047D1C] -> 0x2423
mem[X,0x80047D1E] -> 0x2E31
[6770] [M]: 0x80047D1C (0x2E312423) sw gp, 744(sp)
mem[0x8004BC4C] <- 0x00000001


mem[X,0x80047D20] -> 0x0537
mem[X,0x80047D22] -> 0x0001
[6771] [M]: 0x80047D20 (0x00010537) lui a0, 16
x10 <- 0x00010000


mem[X,0x80047D24] -> 0x05B7
mem[X,0x80047D26] -> 0x0001
[6772] [M]: 0x80047D24 (0x000105B7) lui a1, 16
x11 <- 0x00010000


mem[X,0x80047D28] -> 0x0193
mem[X,0x80047D2A] -> 0x0000
[6773] [M]: 0x80047D28 (0x00000193) addi gp, zero, 0
x3 <- 0x00000000


mem[X,0x80047D2C] -> 0x006F
mem[X,0x80047D2E] -> 0x00C0
[6774] [M]: 0x80047D2C (0x00C0006F) jal zero, 12


mem[X,0x80047D38] -> 0x7663
mem[X,0x80047D3A] -> 0x00B5
[6775] [M]: 0x80047D38 (0x00B57663) bgeu a0, a1, 12


mem[X,0x80047D44] -> 0x8193
mem[X,0x80047D46] -> 0x0031
[6776] [M]: 0x80047D44 (0x00318193) addi gp, gp, 3
x3 <- 0x00000003


mem[X,0x80047D48] -> 0x006F
mem[X,0x80047D4A] -> 0x0040
[6777] [M]: 0x80047D48 (0x0040006F) jal zero, 4


mem[X,0x80047D4C] -> 0x2623
mem[X,0x80047D4E] -> 0x2E31
[6778] [M]: 0x80047D4C (0x2E312623) sw gp, 748(sp)
mem[0x8004BC50] <- 0x00000003


mem[X,0x80047D50] -> 0x6537
mem[X,0x80047D52] -> 0x6666
[6779] [M]: 0x80047D50 (0x66666537) lui a0, 419430
x10 <- 0x66666000


mem[X,0x80047D54] -> 0x0513
mem[X,0x80047D56] -> 0x6655
[6780] [M]: 0x80047D54 (0x66550513) addi a0, a0, 1637
x10 <- 0x66666665


mem[X,0x80047D58] -> 0x0593
mem[X,0x80047D5A] -> 0x0060
[6781] [M]: 0x80047D58 (0x00600593) addi a1, zero, 6
x11 <- 0x00000006


mem[X,0x80047D5C] -> 0x0193
mem[X,0x80047D5E] -> 0x0000
[6782] [M]: 0x80047D5C (0x00000193) addi gp, zero, 0
x3 <- 0x00000000


mem[X,0x80047D60] -> 0x006F
mem[X,0x80047D62] -> 0x00C0
[6783] [M]: 0x80047D60 (0x00C0006F) jal zero, 12


mem[X,0x80047D6C] -> 0x7063
mem[X,0x80047D6E] -> 0x40B5
[6784] [M]: 0x80047D6C (0x40B57063) bgeu a0, a1, 1024


mem[X,0x8004816C] -> 0x8193
mem[X,0x8004816E] -> 0x0031
[6785] [M]: 0x8004816C (0x00318193) addi gp, gp, 3
x3 <- 0x00000003


mem[X,0x80048170] -> 0x006F
mem[X,0x80048172] -> 0x0040
[6786] [M]: 0x80048170 (0x0040006F) jal zero, 4


mem[X,0x80048174] -> 0x2823
mem[X,0x80048176] -> 0x2E31
[6787] [M]: 0x80048174 (0x2E312823) sw gp, 752(sp)
mem[0x8004BC54] <- 0x00000003


mem[X,0x80048178] -> 0x6537
mem[X,0x8004817A] -> 0x6666
[6788] [M]: 0x80048178 (0x66666537) lui a0, 419430
x10 <- 0x66666000


mem[X,0x8004817C] -> 0x0513
mem[X,0x8004817E] -> 0x6655
[6789] [M]: 0x8004817C (0x66550513) addi a0, a0, 1637
x10 <- 0x66666665


mem[X,0x80048180] -> 0x35B7
mem[X,0x80048182] -> 0x3333
[6790] [M]: 0x80048180 (0x333335B7) lui a1, 209715
x11 <- 0x33333000


mem[X,0x80048184] -> 0x8593
mem[X,0x80048186] -> 0x3345
[6791] [M]: 0x80048184 (0x33458593) addi a1, a1, 820
x11 <- 0x33333334


mem[X,0x80048188] -> 0x0193
mem[X,0x8004818A] -> 0x0000
[6792] [M]: 0x80048188 (0x00000193) addi gp, zero, 0
x3 <- 0x00000000


mem[X,0x8004818C] -> 0x006F
mem[X,0x8004818E] -> 0x00C0
[6793] [M]: 0x8004818C (0x00C0006F) jal zero, 12


mem[X,0x80048198] -> 0x7663
mem[X,0x8004819A] -> 0x00B5
[6794] [M]: 0x80048198 (0x00B57663) bgeu a0, a1, 12


mem[X,0x800481A4] -> 0x8193
mem[X,0x800481A6] -> 0x0031
[6795] [M]: 0x800481A4 (0x00318193) addi gp, gp, 3
x3 <- 0x00000003


mem[X,0x800481A8] -> 0x006F
mem[X,0x800481AA] -> 0x0040
[6796] [M]: 0x800481A8 (0x0040006F) jal zero, 4


mem[X,0x800481AC] -> 0x2A23
mem[X,0x800481AE] -> 0x2E31
[6797] [M]: 0x800481AC (0x2E312A23) sw gp, 756(sp)
mem[0x8004BC58] <- 0x00000003


mem[X,0x800481B0] -> 0x6537
mem[X,0x800481B2] -> 0x6666
[6798] [M]: 0x800481B0 (0x66666537) lui a0, 419430
x10 <- 0x66666000


mem[X,0x800481B4] -> 0x0513
mem[X,0x800481B6] -> 0x6655
[6799] [M]: 0x800481B4 (0x66550513) addi a0, a0, 1637
x10 <- 0x66666665


clint::tick mtime <- 0x0000000000000044
 clint timer pending at mtime 0x0000000000000044
htif::tick 0x0000000000000000
mem[X,0x800481B8] -> 0x65B7
mem[X,0x800481BA] -> 0x6666
[6800] [M]: 0x800481B8 (0x666665B7) lui a1, 419430
x11 <- 0x66666000


mem[X,0x800481BC] -> 0x8593
mem[X,0x800481BE] -> 0x6675
[6801] [M]: 0x800481BC (0x66758593) addi a1, a1, 1639
x11 <- 0x66666667


mem[X,0x800481C0] -> 0x0193
mem[X,0x800481C2] -> 0x0000
[6802] [M]: 0x800481C0 (0x00000193) addi gp, zero, 0
x3 <- 0x00000000


mem[X,0x800481C4] -> 0x006F
mem[X,0x800481C6] -> 0x0180
[6803] [M]: 0x800481C4 (0x0180006F) jal zero, 24


mem[X,0x800481DC] -> 0x76E3
mem[X,0x800481DE] -> 0xFEB5
[6804] [M]: 0x800481DC (0xFEB576E3) bgeu a0, a1, 8172


mem[X,0x800481E0] -> 0x8193
mem[X,0x800481E2] -> 0x0021
[6805] [M]: 0x800481E0 (0x00218193) addi gp, gp, 2
x3 <- 0x00000002


mem[X,0x800481E4] -> 0x006F
mem[X,0x800481E6] -> 0x00C0
[6806] [M]: 0x800481E4 (0x00C0006F) jal zero, 12


mem[X,0x800481F0] -> 0x2C23
mem[X,0x800481F2] -> 0x2E31
[6807] [M]: 0x800481F0 (0x2E312C23) sw gp, 760(sp)
mem[0x8004BC5C] <- 0x00000002


mem[X,0x800481F4] -> 0x6537
mem[X,0x800481F6] -> 0x6666
[6808] [M]: 0x800481F4 (0x66666537) lui a0, 419430
x10 <- 0x66666000


mem[X,0x800481F8] -> 0x0513
mem[X,0x800481FA] -> 0x6655
[6809] [M]: 0x800481F8 (0x66550513) addi a0, a0, 1637
x10 <- 0x66666665


mem[X,0x800481FC] -> 0xB5B7
mem[X,0x800481FE] -> 0x0000
[6810] [M]: 0x800481FC (0x0000B5B7) lui a1, 11
x11 <- 0x0000B000


mem[X,0x80048200] -> 0x8593
mem[X,0x80048202] -> 0x5055
[6811] [M]: 0x80048200 (0x50558593) addi a1, a1, 1285
x11 <- 0x0000B505


mem[X,0x80048204] -> 0x0193
mem[X,0x80048206] -> 0x0000
[6812] [M]: 0x80048204 (0x00000193) addi gp, zero, 0
x3 <- 0x00000000


mem[X,0x80048208] -> 0x006F
mem[X,0x8004820A] -> 0x00C0
[6813] [M]: 0x80048208 (0x00C0006F) jal zero, 12


mem[X,0x80048214] -> 0x7663
mem[X,0x80048216] -> 0x00B5
[6814] [M]: 0x80048214 (0x00B57663) bgeu a0, a1, 12


mem[X,0x80048220] -> 0x8193
mem[X,0x80048222] -> 0x0031
[6815] [M]: 0x80048220 (0x00318193) addi gp, gp, 3
x3 <- 0x00000003


mem[X,0x80048224] -> 0x006F
mem[X,0x80048226] -> 0x0040
[6816] [M]: 0x80048224 (0x0040006F) jal zero, 4


mem[X,0x80048228] -> 0x2E23
mem[X,0x8004822A] -> 0x2E31
[6817] [M]: 0x80048228 (0x2E312E23) sw gp, 764(sp)
mem[0x8004BC60] <- 0x00000003


mem[X,0x8004822C] -> 0x0513
mem[X,0x8004822E] -> 0x0080
[6818] [M]: 0x8004822C (0x00800513) addi a0, zero, 8
x10 <- 0x00000008


mem[X,0x80048230] -> 0x0593
mem[X,0x80048232] -> 0xBFF0
[6819] [M]: 0x80048230 (0xBFF00593) addi a1, zero, 3071
x11 <- 0xFFFFFBFF


mem[X,0x80048234] -> 0x0193
mem[X,0x80048236] -> 0x0000
[6820] [M]: 0x80048234 (0x00000193) addi gp, zero, 0
x3 <- 0x00000000


mem[X,0x80048238] -> 0x006F
mem[X,0x8004823A] -> 0x00C0
[6821] [M]: 0x80048238 (0x00C0006F) jal zero, 12


mem[X,0x80048244] -> 0x7CE3
mem[X,0x80048246] -> 0xFEB5
[6822] [M]: 0x80048244 (0xFEB57CE3) bgeu a0, a1, 8184


mem[X,0x80048248] -> 0x8193
mem[X,0x8004824A] -> 0x0021
[6823] [M]: 0x80048248 (0x00218193) addi gp, gp, 2
x3 <- 0x00000002


mem[X,0x8004824C] -> 0x006F
mem[X,0x8004824E] -> 0x00C0
[6824] [M]: 0x8004824C (0x00C0006F) jal zero, 12


mem[X,0x80048258] -> 0x2023
mem[X,0x8004825A] -> 0x3031
[6825] [M]: 0x80048258 (0x30312023) sw gp, 768(sp)
mem[0x8004BC64] <- 0x00000002


mem[X,0x8004825C] -> 0x0513
mem[X,0x8004825E] -> 0xFFE0
[6826] [M]: 0x8004825C (0xFFE00513) addi a0, zero, 4094
x10 <- 0xFFFFFFFE


mem[X,0x80048260] -> 0x0593
mem[X,0x80048262] -> 0x0080
[6827] [M]: 0x80048260 (0x00800593) addi a1, zero, 8
x11 <- 0x00000008


mem[X,0x80048264] -> 0x0193
mem[X,0x80048266] -> 0x0000
[6828] [M]: 0x80048264 (0x00000193) addi gp, zero, 0
x3 <- 0x00000000


mem[X,0x80048268] -> 0x006F
mem[X,0x8004826A] -> 0x0050
[6829] [M]: 0x80048268 (0x0050006F) jal zero, 2052


mem[X,0x80048A6C] -> 0x70E3
mem[X,0x80048A6E] -> 0x80B5
[6830] [M]: 0x80048A6C (0x80B570E3) bgeu a0, a1, 6144


mem[X,0x8004826C] -> 0x8193
mem[X,0x8004826E] -> 0x0011
[6831] [M]: 0x8004826C (0x00118193) addi gp, gp, 1
x3 <- 0x00000001


mem[X,0x80048270] -> 0x006F
mem[X,0x80048272] -> 0x0110
[6832] [M]: 0x80048270 (0x0110006F) jal zero, 2064


mem[X,0x80048A80] -> 0x2223
mem[X,0x80048A82] -> 0x3031
[6833] [M]: 0x80048A80 (0x30312223) sw gp, 772(sp)
mem[0x8004BC68] <- 0x00000001


mem[X,0x80048A84] -> 0x006F
mem[X,0x80048A86] -> 0x0200
[6834] [M]: 0x80048A84 (0x0200006F) jal zero, 32


mem[X,0x80048AA4] -> 0x0093
mem[X,0x80048AA6] -> 0x0010
[6835] [M]: 0x80048AA4 (0x00100093) addi ra, zero, 1
x1 <- 0x00000001


mem[X,0x80048AA8] -> 0x0F17
mem[X,0x80048AAA] -> 0x0000
[6836] [M]: 0x80048AA8 (0x00000F17) auipc t5, 0
x30 <- 0x80048AA8


mem[X,0x80048AAC] -> 0x2C23
mem[X,0x80048AAE] -> 0x541F
[6837] [M]: 0x80048AAC (0x541F2C23) sw ra, 1368(t5)
htif[0x80049000] <- 0x00000001


mem[X,0x80048AB0] -> 0xF06F
mem[X,0x80048AB2] -> 0xFF9F
[6838] [M]: 0x80048AB0 (0xFF9FF06F) jal zero, 2097144


mem[X,0x80048AA8] -> 0x0F17
mem[X,0x80048AAA] -> 0x0000
[6839] [M]: 0x80048AA8 (0x00000F17) auipc t5, 0
x30 <- 0x80048AA8


mem[X,0x80048AAC] -> 0x2C23
mem[X,0x80048AAE] -> 0x541F
[6840] [M]: 0x80048AAC (0x541F2C23) sw ra, 1368(t5)
htif[0x80049000] <- 0x00000001


mem[X,0x80048AB0] -> 0xF06F
mem[X,0x80048AB2] -> 0xFF9F
[6841] [M]: 0x80048AB0 (0xFF9FF06F) jal zero, 2097144


mem[X,0x80048AA8] -> 0x0F17
mem[X,0x80048AAA] -> 0x0000
[6842] [M]: 0x80048AA8 (0x00000F17) auipc t5, 0
x30 <- 0x80048AA8


mem[X,0x80048AAC] -> 0x2C23
mem[X,0x80048AAE] -> 0x541F
[6843] [M]: 0x80048AAC (0x541F2C23) sw ra, 1368(t5)
htif[0x80049000] <- 0x00000001
htif-syscall-proxy cmd: 0x000000000001

SUCCESS
