using /home/abdul_waheed/github_files/UET-Pcore-with-c-ext/verif/riscof_work/src/jalr-01.S/ref/Reference-sail_c_simulator.signature for test-signature output.
[Sail] Allocating new block 0x80000000
tohost located at 0x80002000
[Sail] Allocating new block 0x0

Running file ref.elf.
ELF Entry @ 0x80000000
begin_signature: 0x80004110
end_signature: 0x800041a0
CSR mstatus <- 0x00000000 (input: 0x00000000)
mem[X,0x00001000] -> 0x0297
mem[X,0x00001002] -> 0x0000
[0] [M]: 0x00001000 (0x00000297) auipc t0, 0
x5 <- 0x00001000


mem[X,0x00001004] -> 0x8593
mem[X,0x00001006] -> 0x0202
[1] [M]: 0x00001004 (0x02028593) addi a1, t0, 32
x11 <- 0x00001020


mem[X,0x00001008] -> 0x2573
mem[X,0x0000100A] -> 0xF140
[2] [M]: 0x00001008 (0xF1402573) csrrs a0, mhartid, zero
CSR mhartid -> 0x00000000
x10 <- 0x00000000


mem[X,0x0000100C] -> 0xA283
mem[X,0x0000100E] -> 0x0182
[3] [M]: 0x0000100C (0x0182A283) lw t0, 24(t0)
mem[R,0x00001018] -> 0x80000000
x5 <- 0x80000000


mem[X,0x00001010] -> 0x8067
mem[X,0x00001012] -> 0x0002
[4] [M]: 0x00001010 (0x00028067) jalr zero, t0, 0


mem[X,0x80000000] -> 0xC0B7
mem[X,0x80000002] -> 0xFEED
[5] [M]: 0x80000000 (0xFEEDC0B7) lui ra, 1044188
x1 <- 0xFEEDC000


mem[X,0x80000004] -> 0x8093
mem[X,0x80000006] -> 0xEAD0
[6] [M]: 0x80000004 (0xEAD08093) addi ra, ra, 3757
x1 <- 0xFEEDBEAD


mem[X,0x80000008] -> 0xE137
mem[X,0x8000000A] -> 0xFF76
[7] [M]: 0x80000008 (0xFF76E137) lui sp, 1046382
x2 <- 0xFF76E000


mem[X,0x8000000C] -> 0x0113
mem[X,0x8000000E] -> 0xF561
[8] [M]: 0x8000000C (0xF5610113) addi sp, sp, 3926
x2 <- 0xFF76DF56


mem[X,0x80000010] -> 0x71B7
mem[X,0x80000012] -> 0x7FBB
[9] [M]: 0x80000010 (0x7FBB71B7) lui gp, 523191
x3 <- 0x7FBB7000


mem[X,0x80000014] -> 0x8193
mem[X,0x80000016] -> 0xFAB1
[10] [M]: 0x80000014 (0xFAB18193) addi gp, gp, 4011
x3 <- 0x7FBB6FAB


mem[X,0x80000018] -> 0xB237
mem[X,0x8000001A] -> 0xBFDD
[11] [M]: 0x80000018 (0xBFDDB237) lui tp, 785883
x4 <- 0xBFDDB000


mem[X,0x8000001C] -> 0x0213
mem[X,0x8000001E] -> 0x7D52
[12] [M]: 0x8000001C (0x7D520213) addi tp, tp, 2005
x4 <- 0xBFDDB7D5


mem[X,0x80000020] -> 0xE2B7
mem[X,0x80000022] -> 0xDFEE
[13] [M]: 0x80000020 (0xDFEEE2B7) lui t0, 917230
x5 <- 0xDFEEE000


mem[X,0x80000024] -> 0x8293
mem[X,0x80000026] -> 0xBEA2
[14] [M]: 0x80000024 (0xBEA28293) addi t0, t0, 3050
x5 <- 0xDFEEDBEA


mem[X,0x80000028] -> 0x7337
mem[X,0x8000002A] -> 0x6FF7
[15] [M]: 0x80000028 (0x6FF77337) lui t1, 458615
x6 <- 0x6FF77000


mem[X,0x8000002C] -> 0x0313
mem[X,0x8000002E] -> 0xDF53
[16] [M]: 0x8000002C (0xDF530313) addi t1, t1, 3573
x6 <- 0x6FF76DF5


mem[X,0x80000030] -> 0xB3B7
mem[X,0x80000032] -> 0xB7FB
[17] [M]: 0x80000030 (0xB7FBB3B7) lui t2, 753595
x7 <- 0xB7FBB000


mem[X,0x80000034] -> 0x8393
mem[X,0x80000036] -> 0x6FA3
[18] [M]: 0x80000034 (0x6FA38393) addi t2, t2, 1786
x7 <- 0xB7FBB6FA


mem[X,0x80000038] -> 0xE437
mem[X,0x8000003A] -> 0x5BFD
[19] [M]: 0x80000038 (0x5BFDE437) lui fp, 376798
x8 <- 0x5BFDE000


mem[X,0x8000003C] -> 0x0413
mem[X,0x8000003E] -> 0xB7D4
[20] [M]: 0x8000003C (0xB7D40413) addi fp, fp, 2941
x8 <- 0x5BFDDB7D


mem[X,0x80000040] -> 0xF4B7
mem[X,0x80000042] -> 0xADFE
[21] [M]: 0x80000040 (0xADFEF4B7) lui s1, 712687
x9 <- 0xADFEF000


mem[X,0x80000044] -> 0x8493
mem[X,0x80000046] -> 0xDBE4
[22] [M]: 0x80000044 (0xDBE48493) addi s1, s1, 3518
x9 <- 0xADFEEDBE


mem[X,0x80000048] -> 0x7537
mem[X,0x8000004A] -> 0x56FF
[23] [M]: 0x80000048 (0x56FF7537) lui a0, 356343
x10 <- 0x56FF7000


mem[X,0x8000004C] -> 0x0513
mem[X,0x8000004E] -> 0x6DF5
[24] [M]: 0x8000004C (0x6DF50513) addi a0, a0, 1759
x10 <- 0x56FF76DF


mem[X,0x80000050] -> 0xC5B7
mem[X,0x80000052] -> 0xAB7F
[25] [M]: 0x80000050 (0xAB7FC5B7) lui a1, 702460
x11 <- 0xAB7FC000


mem[X,0x80000054] -> 0x8593
mem[X,0x80000056] -> 0xB6F5
[26] [M]: 0x80000054 (0xB6F58593) addi a1, a1, 2927
x11 <- 0xAB7FBB6F


mem[X,0x80000058] -> 0xE637
mem[X,0x8000005A] -> 0xD5BF
[27] [M]: 0x80000058 (0xD5BFE637) lui a2, 875518
x12 <- 0xD5BFE000


mem[X,0x8000005C] -> 0x0613
mem[X,0x8000005E] -> 0xDB76
[28] [M]: 0x8000005C (0xDB760613) addi a2, a2, 3511
x12 <- 0xD5BFDDB7


mem[X,0x80000060] -> 0xF6B7
mem[X,0x80000062] -> 0xEADF
[29] [M]: 0x80000060 (0xEADFF6B7) lui a3, 962047
x13 <- 0xEADFF000


mem[X,0x80000064] -> 0x8693
mem[X,0x80000066] -> 0xEDB6
[30] [M]: 0x80000064 (0xEDB68693) addi a3, a3, 3803
x13 <- 0xEADFEEDB


mem[X,0x80000068] -> 0xF737
mem[X,0x8000006A] -> 0xF56F
[31] [M]: 0x80000068 (0xF56FF737) lui a4, 1005311
x14 <- 0xF56FF000


mem[X,0x8000006C] -> 0x0713
mem[X,0x8000006E] -> 0x76D7
[32] [M]: 0x8000006C (0x76D70713) addi a4, a4, 1901
x14 <- 0xF56FF76D


mem[X,0x80000070] -> 0x07B7
mem[X,0x80000072] -> 0xFAB8
[33] [M]: 0x80000070 (0xFAB807B7) lui a5, 1026944
x15 <- 0xFAB80000


mem[X,0x80000074] -> 0x8793
mem[X,0x80000076] -> 0xBB67
[34] [M]: 0x80000074 (0xBB678793) addi a5, a5, 2998
x15 <- 0xFAB7FBB6


mem[X,0x80000078] -> 0x0837
mem[X,0x8000007A] -> 0x7D5C
[35] [M]: 0x80000078 (0x7D5C0837) lui a6, 513472
x16 <- 0x7D5C0000


mem[X,0x8000007C] -> 0x0813
mem[X,0x8000007E] -> 0xDDB8
[36] [M]: 0x8000007C (0xDDB80813) addi a6, a6, 3547
x16 <- 0x7D5BFDDB


mem[X,0x80000080] -> 0x08B7
mem[X,0x80000082] -> 0xBEAE
[37] [M]: 0x80000080 (0xBEAE08B7) lui a7, 781024
x17 <- 0xBEAE0000


mem[X,0x80000084] -> 0x8893
mem[X,0x80000086] -> 0xEED8
[38] [M]: 0x80000084 (0xEED88893) addi a7, a7, 3821
x17 <- 0xBEADFEED


mem[X,0x80000088] -> 0x0937
mem[X,0x8000008A] -> 0xDF57
[39] [M]: 0x80000088 (0xDF570937) lui s2, 914800
x18 <- 0xDF570000


mem[X,0x8000008C] -> 0x0913
mem[X,0x8000008E] -> 0xF769
[40] [M]: 0x8000008C (0xF7690913) addi s2, s2, 3958
x18 <- 0xDF56FF76


mem[X,0x80000090] -> 0x89B7
mem[X,0x80000092] -> 0x6FAB
[41] [M]: 0x80000090 (0x6FAB89B7) lui s3, 457400
x19 <- 0x6FAB8000


mem[X,0x80000094] -> 0x8993
mem[X,0x80000096] -> 0xFBB9
[42] [M]: 0x80000094 (0xFBB98993) addi s3, s3, 4027
x19 <- 0x6FAB7FBB


mem[X,0x80000098] -> 0xCA37
mem[X,0x8000009A] -> 0xB7D5
[43] [M]: 0x80000098 (0xB7D5CA37) lui s4, 752988
x20 <- 0xB7D5C000


mem[X,0x8000009C] -> 0x0A13
mem[X,0x8000009E] -> 0xFDDA
[44] [M]: 0x8000009C (0xFDDA0A13) addi s4, s4, 4061
x20 <- 0xB7D5BFDD


mem[X,0x800000A0] -> 0xEAB7
mem[X,0x800000A2] -> 0xDBEA
[45] [M]: 0x800000A0 (0xDBEAEAB7) lui s5, 900782
x21 <- 0xDBEAE000


mem[X,0x800000A4] -> 0x8A93
mem[X,0x800000A6] -> 0xFEEA
[46] [M]: 0x800000A4 (0xFEEA8A93) addi s5, s5, 4078
x21 <- 0xDBEADFEE


mem[X,0x800000A8] -> 0x7B37
mem[X,0x800000AA] -> 0x6DF5
[47] [M]: 0x800000A8 (0x6DF57B37) lui s6, 450391
x22 <- 0x6DF57000


mem[X,0x800000AC] -> 0x0B13
mem[X,0x800000AE] -> 0xFF7B
[48] [M]: 0x800000AC (0xFF7B0B13) addi s6, s6, 4087
x22 <- 0x6DF56FF7


mem[X,0x800000B0] -> 0xBBB7
mem[X,0x800000B2] -> 0xB6FA
[49] [M]: 0x800000B0 (0xB6FABBB7) lui s7, 749483
x23 <- 0xB6FAB000


mem[X,0x800000B4] -> 0x8B93
mem[X,0x800000B6] -> 0x7FBB
[50] [M]: 0x800000B4 (0x7FBB8B93) addi s7, s7, 2043
x23 <- 0xB6FAB7FB


mem[X,0x800000B8] -> 0x6C37
mem[X,0x800000BA] -> 0xDB7D
[51] [M]: 0x800000B8 (0xDB7D6C37) lui s8, 899030
x24 <- 0xDB7D6000


mem[X,0x800000BC] -> 0x0C13
mem[X,0x800000BE] -> 0xBFDC
[52] [M]: 0x800000BC (0xBFDC0C13) addi s8, s8, 3069
x24 <- 0xDB7D5BFD


mem[X,0x800000C0] -> 0xBCB7
mem[X,0x800000C2] -> 0xEDBE
[53] [M]: 0x800000C0 (0xEDBEBCB7) lui s9, 973803
x25 <- 0xEDBEB000


mem[X,0x800000C4] -> 0x8C93
mem[X,0x800000C6] -> 0xDFEC
[54] [M]: 0x800000C4 (0xDFEC8C93) addi s9, s9, 3582
x25 <- 0xEDBEADFE


mem[X,0x800000C8] -> 0x5D37
mem[X,0x800000CA] -> 0x76DF
[55] [M]: 0x800000C8 (0x76DF5D37) lui s10, 486901
x26 <- 0x76DF5000


mem[X,0x800000CC] -> 0x0D13
mem[X,0x800000CE] -> 0x6FFD
[56] [M]: 0x800000CC (0x6FFD0D13) addi s10, s10, 1791
x26 <- 0x76DF56FF


mem[X,0x800000D0] -> 0xBDB7
mem[X,0x800000D2] -> 0xBB6F
[57] [M]: 0x800000D0 (0xBB6FBDB7) lui s11, 767739
x27 <- 0xBB6FB000


mem[X,0x800000D4] -> 0x8D93
mem[X,0x800000D6] -> 0xB7FD
[58] [M]: 0x800000D4 (0xB7FD8D93) addi s11, s11, 2943
x27 <- 0xBB6FAB7F


mem[X,0x800000D8] -> 0xDE37
mem[X,0x800000DA] -> 0xDDB7
[59] [M]: 0x800000D8 (0xDDB7DE37) lui t3, 908157
x28 <- 0xDDB7D000


mem[X,0x800000DC] -> 0x0E13
mem[X,0x800000DE] -> 0x5BFE
[60] [M]: 0x800000DC (0x5BFE0E13) addi t3, t3, 1471
x28 <- 0xDDB7D5BF


mem[X,0x800000E0] -> 0xFEB7
mem[X,0x800000E2] -> 0xEEDB
[61] [M]: 0x800000E0 (0xEEDBFEB7) lui t4, 978367
x29 <- 0xEEDBF000


mem[X,0x800000E4] -> 0x8E93
mem[X,0x800000E6] -> 0xADFE
[62] [M]: 0x800000E4 (0xADFE8E93) addi t4, t4, 2783
x29 <- 0xEEDBEADF


mem[X,0x800000E8] -> 0xFF37
mem[X,0x800000EA] -> 0xF76D
[63] [M]: 0x800000E8 (0xF76DFF37) lui t5, 1013471
x30 <- 0xF76DF000


mem[X,0x800000EC] -> 0x0F13
mem[X,0x800000EE] -> 0x56FF
[64] [M]: 0x800000EC (0x56FF0F13) addi t5, t5, 1391
x30 <- 0xF76DF56F


mem[X,0x800000F0] -> 0x0FB7
mem[X,0x800000F2] -> 0xFBB7
[65] [M]: 0x800000F0 (0xFBB70FB7) lui t6, 1031024
x31 <- 0xFBB70000


mem[X,0x800000F4] -> 0x8F93
mem[X,0x800000F6] -> 0xAB7F
[66] [M]: 0x800000F4 (0xAB7F8F93) addi t6, t6, 2743
x31 <- 0xFBB6FAB7


mem[X,0x800000F8] -> 0x0013
mem[X,0x800000FA] -> 0x0000
[67] [M]: 0x800000F8 (0x00000013) addi zero, zero, 0


mem[X,0x800000FC] -> 0x0013
mem[X,0x800000FE] -> 0x0000
[68] [M]: 0x800000FC (0x00000013) addi zero, zero, 0


mem[X,0x80000100] -> 0x4517
mem[X,0x80000102] -> 0x0000
[69] [M]: 0x80000100 (0x00004517) auipc a0, 4
x10 <- 0x80004100


mem[X,0x80000104] -> 0x0513
mem[X,0x80000106] -> 0x0145
[70] [M]: 0x80000104 (0x01450513) addi a0, a0, 20
x10 <- 0x80004114


mem[X,0x80000108] -> 0x0013
mem[X,0x8000010A] -> 0x0000
[71] [M]: 0x80000108 (0x00000013) addi zero, zero, 0


mem[X,0x8000010C] -> 0x0013
mem[X,0x8000010E] -> 0x0000
[72] [M]: 0x8000010C (0x00000013) addi zero, zero, 0


mem[X,0x80000110] -> 0x0013
mem[X,0x80000112] -> 0x0000
[73] [M]: 0x80000110 (0x00000013) addi zero, zero, 0


mem[X,0x80000114] -> 0x0013
mem[X,0x80000116] -> 0x0000
[74] [M]: 0x80000114 (0x00000013) addi zero, zero, 0


mem[X,0x80000118] -> 0x0013
mem[X,0x8000011A] -> 0x0000
[75] [M]: 0x80000118 (0x00000013) addi zero, zero, 0


mem[X,0x8000011C] -> 0x0013
mem[X,0x8000011E] -> 0x0000
[76] [M]: 0x8000011C (0x00000013) addi zero, zero, 0


mem[X,0x80000120] -> 0x0C97
mem[X,0x80000122] -> 0x0000
[77] [M]: 0x80000120 (0x00000C97) auipc s9, 0
x25 <- 0x80000120


mem[X,0x80000124] -> 0x8C93
mem[X,0x80000126] -> 0x000C
[78] [M]: 0x80000124 (0x000C8C93) addi s9, s9, 0
x25 <- 0x80000120


mem[X,0x80000128] -> 0x0013
mem[X,0x8000012A] -> 0x0000
[79] [M]: 0x80000128 (0x00000013) addi zero, zero, 0


mem[X,0x8000012C] -> 0x0013
mem[X,0x8000012E] -> 0x0000
[80] [M]: 0x8000012C (0x00000013) addi zero, zero, 0


mem[X,0x80000130] -> 0x0013
mem[X,0x80000132] -> 0x0000
[81] [M]: 0x80000130 (0x00000013) addi zero, zero, 0


mem[X,0x80000134] -> 0x0013
mem[X,0x80000136] -> 0x0000
[82] [M]: 0x80000134 (0x00000013) addi zero, zero, 0


mem[X,0x80000138] -> 0x0013
mem[X,0x8000013A] -> 0x0000
[83] [M]: 0x80000138 (0x00000013) addi zero, zero, 0


mem[X,0x8000013C] -> 0x0013
mem[X,0x8000013E] -> 0x0000
[84] [M]: 0x8000013C (0x00000013) addi zero, zero, 0


mem[X,0x80000140] -> 0x0217
mem[X,0x80000142] -> 0x0000
[85] [M]: 0x80000140 (0x00000217) auipc tp, 0
x4 <- 0x80000140


mem[X,0x80000144] -> 0x0213
mem[X,0x80000146] -> 0xFF42
[86] [M]: 0x80000144 (0xFF420213) addi tp, tp, 4084
x4 <- 0x80000134


mem[X,0x80000148] -> 0x0013
mem[X,0x8000014A] -> 0x0000
[87] [M]: 0x80000148 (0x00000013) addi zero, zero, 0


mem[X,0x8000014C] -> 0x0013
mem[X,0x8000014E] -> 0x0000
[88] [M]: 0x8000014C (0x00000013) addi zero, zero, 0


mem[X,0x80000150] -> 0x0013
mem[X,0x80000152] -> 0x0000
[89] [M]: 0x80000150 (0x00000013) addi zero, zero, 0


mem[X,0x80000154] -> 0x0013
mem[X,0x80000156] -> 0x0000
[90] [M]: 0x80000154 (0x00000013) addi zero, zero, 0


mem[X,0x80000158] -> 0x0013
mem[X,0x8000015A] -> 0x0000
[91] [M]: 0x80000158 (0x00000013) addi zero, zero, 0


mem[X,0x8000015C] -> 0x0013
mem[X,0x8000015E] -> 0x0000
[92] [M]: 0x8000015C (0x00000013) addi zero, zero, 0


mem[X,0x80000160] -> 0x0CE7
mem[X,0x80000162] -> 0x0402
[93] [M]: 0x80000160 (0x04020CE7) jalr s9, tp, 64
x25 <- 0x80000164


mem[X,0x80000174] -> 0xCC93
mem[X,0x80000176] -> 0x003C
[94] [M]: 0x80000174 (0x003CCC93) xori s9, s9, 3
x25 <- 0x80000167


mem[X,0x80000178] -> 0x006F
mem[X,0x8000017A] -> 0x0040
[95] [M]: 0x80000178 (0x0040006F) jal zero, 4


mem[X,0x8000017C] -> 0x0013
mem[X,0x8000017E] -> 0x0000
[96] [M]: 0x8000017C (0x00000013) addi zero, zero, 0


mem[X,0x80000180] -> 0x0797
mem[X,0x80000182] -> 0x0000
[97] [M]: 0x80000180 (0x00000797) auipc a5, 0
x15 <- 0x80000180


mem[X,0x80000184] -> 0x8793
mem[X,0x80000186] -> 0xFA07
[98] [M]: 0x80000184 (0xFA078793) addi a5, a5, 4000
x15 <- 0x80000120


mem[X,0x80000188] -> 0x0013
mem[X,0x8000018A] -> 0x0000
[99] [M]: 0x80000188 (0x00000013) addi zero, zero, 0


clint::tick mtime <- 0x0000000000000001
 clint timer pending at mtime 0x0000000000000001
htif::tick 0x0000000000000000
mem[X,0x8000018C] -> 0x0013
mem[X,0x8000018E] -> 0x0000
[100] [M]: 0x8000018C (0x00000013) addi zero, zero, 0


mem[X,0x80000190] -> 0x0013
mem[X,0x80000192] -> 0x0000
[101] [M]: 0x80000190 (0x00000013) addi zero, zero, 0


mem[X,0x80000194] -> 0x0013
mem[X,0x80000196] -> 0x0000
[102] [M]: 0x80000194 (0x00000013) addi zero, zero, 0


mem[X,0x80000198] -> 0x0013
mem[X,0x8000019A] -> 0x0000
[103] [M]: 0x80000198 (0x00000013) addi zero, zero, 0


mem[X,0x8000019C] -> 0x0013
mem[X,0x8000019E] -> 0x0000
[104] [M]: 0x8000019C (0x00000013) addi zero, zero, 0


mem[X,0x800001A0] -> 0xF793
mem[X,0x800001A2] -> 0xFFC7
[105] [M]: 0x800001A0 (0xFFC7F793) andi a5, a5, 4092
x15 <- 0x80000120


mem[X,0x800001A4] -> 0x8CB3
mem[X,0x800001A6] -> 0x40FC
[106] [M]: 0x800001A4 (0x40FC8CB3) sub s9, s9, a5
x25 <- 0x00000047


mem[X,0x800001A8] -> 0x2023
mem[X,0x800001AA] -> 0x0195
[107] [M]: 0x800001A8 (0x01952023) sw s9, 0(a0)
mem[0x80004114] <- 0x00000047


mem[X,0x800001AC] -> 0x0013
mem[X,0x800001AE] -> 0x0000
[108] [M]: 0x800001AC (0x00000013) addi zero, zero, 0


mem[X,0x800001B0] -> 0x0013
mem[X,0x800001B2] -> 0x0000
[109] [M]: 0x800001B0 (0x00000013) addi zero, zero, 0


mem[X,0x800001B4] -> 0x0013
mem[X,0x800001B6] -> 0x0000
[110] [M]: 0x800001B4 (0x00000013) addi zero, zero, 0


mem[X,0x800001B8] -> 0x0013
mem[X,0x800001BA] -> 0x0000
[111] [M]: 0x800001B8 (0x00000013) addi zero, zero, 0


mem[X,0x800001BC] -> 0x0013
mem[X,0x800001BE] -> 0x0000
[112] [M]: 0x800001BC (0x00000013) addi zero, zero, 0


mem[X,0x800001C0] -> 0x0897
mem[X,0x800001C2] -> 0x0000
[113] [M]: 0x800001C0 (0x00000897) auipc a7, 0
x17 <- 0x800001C0


mem[X,0x800001C4] -> 0x8893
mem[X,0x800001C6] -> 0xFEC8
[114] [M]: 0x800001C4 (0xFEC88893) addi a7, a7, 4076
x17 <- 0x800001AC


mem[X,0x800001C8] -> 0x0013
mem[X,0x800001CA] -> 0x0000
[115] [M]: 0x800001C8 (0x00000013) addi zero, zero, 0


mem[X,0x800001CC] -> 0x0013
mem[X,0x800001CE] -> 0x0000
[116] [M]: 0x800001CC (0x00000013) addi zero, zero, 0


mem[X,0x800001D0] -> 0x0013
mem[X,0x800001D2] -> 0x0000
[117] [M]: 0x800001D0 (0x00000013) addi zero, zero, 0


mem[X,0x800001D4] -> 0x0013
mem[X,0x800001D6] -> 0x0000
[118] [M]: 0x800001D4 (0x00000013) addi zero, zero, 0


mem[X,0x800001D8] -> 0x0013
mem[X,0x800001DA] -> 0x0000
[119] [M]: 0x800001D8 (0x00000013) addi zero, zero, 0


mem[X,0x800001DC] -> 0x0013
mem[X,0x800001DE] -> 0x0000
[120] [M]: 0x800001DC (0x00000013) addi zero, zero, 0


mem[X,0x800001E0] -> 0x0897
mem[X,0x800001E2] -> 0x0000
[121] [M]: 0x800001E0 (0x00000897) auipc a7, 0
x17 <- 0x800001E0


mem[X,0x800001E4] -> 0x8893
mem[X,0x800001E6] -> 0x1358
[122] [M]: 0x800001E4 (0x13588893) addi a7, a7, 309
x17 <- 0x80000315


mem[X,0x800001E8] -> 0x0013
mem[X,0x800001EA] -> 0x0000
[123] [M]: 0x800001E8 (0x00000013) addi zero, zero, 0


mem[X,0x800001EC] -> 0x0013
mem[X,0x800001EE] -> 0x0000
[124] [M]: 0x800001EC (0x00000013) addi zero, zero, 0


mem[X,0x800001F0] -> 0x0013
mem[X,0x800001F2] -> 0x0000
[125] [M]: 0x800001F0 (0x00000013) addi zero, zero, 0


mem[X,0x800001F4] -> 0x0013
mem[X,0x800001F6] -> 0x0000
[126] [M]: 0x800001F4 (0x00000013) addi zero, zero, 0


mem[X,0x800001F8] -> 0x0013
mem[X,0x800001FA] -> 0x0000
[127] [M]: 0x800001F8 (0x00000013) addi zero, zero, 0


mem[X,0x800001FC] -> 0x0013
mem[X,0x800001FE] -> 0x0000
[128] [M]: 0x800001FC (0x00000013) addi zero, zero, 0


mem[X,0x80000200] -> 0x88E7
mem[X,0x80000202] -> 0xEFF8
[129] [M]: 0x80000200 (0xEFF888E7) jalr a7, a7, 3839
x17 <- 0x80000204


mem[X,0x80000214] -> 0xC893
mem[X,0x80000216] -> 0x0038
[130] [M]: 0x80000214 (0x0038C893) xori a7, a7, 3
x17 <- 0x80000207


mem[X,0x80000218] -> 0x006F
mem[X,0x8000021A] -> 0x0040
[131] [M]: 0x80000218 (0x0040006F) jal zero, 4


mem[X,0x8000021C] -> 0x0013
mem[X,0x8000021E] -> 0x0000
[132] [M]: 0x8000021C (0x00000013) addi zero, zero, 0


mem[X,0x80000220] -> 0x0797
mem[X,0x80000222] -> 0x0000
[133] [M]: 0x80000220 (0x00000797) auipc a5, 0
x15 <- 0x80000220


mem[X,0x80000224] -> 0x8793
mem[X,0x80000226] -> 0xF8C7
[134] [M]: 0x80000224 (0xF8C78793) addi a5, a5, 3980
x15 <- 0x800001AC


mem[X,0x80000228] -> 0x0013
mem[X,0x8000022A] -> 0x0000
[135] [M]: 0x80000228 (0x00000013) addi zero, zero, 0


mem[X,0x8000022C] -> 0x0013
mem[X,0x8000022E] -> 0x0000
[136] [M]: 0x8000022C (0x00000013) addi zero, zero, 0


mem[X,0x80000230] -> 0x0013
mem[X,0x80000232] -> 0x0000
[137] [M]: 0x80000230 (0x00000013) addi zero, zero, 0


mem[X,0x80000234] -> 0x0013
mem[X,0x80000236] -> 0x0000
[138] [M]: 0x80000234 (0x00000013) addi zero, zero, 0


mem[X,0x80000238] -> 0x0013
mem[X,0x8000023A] -> 0x0000
[139] [M]: 0x80000238 (0x00000013) addi zero, zero, 0


mem[X,0x8000023C] -> 0x0013
mem[X,0x8000023E] -> 0x0000
[140] [M]: 0x8000023C (0x00000013) addi zero, zero, 0


mem[X,0x80000240] -> 0xF793
mem[X,0x80000242] -> 0xFFC7
[141] [M]: 0x80000240 (0xFFC7F793) andi a5, a5, 4092
x15 <- 0x800001AC


mem[X,0x80000244] -> 0x88B3
mem[X,0x80000246] -> 0x40F8
[142] [M]: 0x80000244 (0x40F888B3) sub a7, a7, a5
x17 <- 0x0000005B


mem[X,0x80000248] -> 0x2223
mem[X,0x8000024A] -> 0x0115
[143] [M]: 0x80000248 (0x01152223) sw a7, 4(a0)
mem[0x80004118] <- 0x0000005B


mem[X,0x8000024C] -> 0x0013
mem[X,0x8000024E] -> 0x0000
[144] [M]: 0x8000024C (0x00000013) addi zero, zero, 0


mem[X,0x80000250] -> 0x0013
mem[X,0x80000252] -> 0x0000
[145] [M]: 0x80000250 (0x00000013) addi zero, zero, 0


mem[X,0x80000254] -> 0x0013
mem[X,0x80000256] -> 0x0000
[146] [M]: 0x80000254 (0x00000013) addi zero, zero, 0


mem[X,0x80000258] -> 0x0013
mem[X,0x8000025A] -> 0x0000
[147] [M]: 0x80000258 (0x00000013) addi zero, zero, 0


mem[X,0x8000025C] -> 0x0013
mem[X,0x8000025E] -> 0x0000
[148] [M]: 0x8000025C (0x00000013) addi zero, zero, 0


mem[X,0x80000260] -> 0x0817
mem[X,0x80000262] -> 0x0000
[149] [M]: 0x80000260 (0x00000817) auipc a6, 0
x16 <- 0x80000260


mem[X,0x80000264] -> 0x0813
mem[X,0x80000266] -> 0xFEC8
[150] [M]: 0x80000264 (0xFEC80813) addi a6, a6, 4076
x16 <- 0x8000024C


mem[X,0x80000268] -> 0x0013
mem[X,0x8000026A] -> 0x0000
[151] [M]: 0x80000268 (0x00000013) addi zero, zero, 0


mem[X,0x8000026C] -> 0x0013
mem[X,0x8000026E] -> 0x0000
[152] [M]: 0x8000026C (0x00000013) addi zero, zero, 0


mem[X,0x80000270] -> 0x0013
mem[X,0x80000272] -> 0x0000
[153] [M]: 0x80000270 (0x00000013) addi zero, zero, 0


mem[X,0x80000274] -> 0x0013
mem[X,0x80000276] -> 0x0000
[154] [M]: 0x80000274 (0x00000013) addi zero, zero, 0


mem[X,0x80000278] -> 0x0013
mem[X,0x8000027A] -> 0x0000
[155] [M]: 0x80000278 (0x00000013) addi zero, zero, 0


mem[X,0x8000027C] -> 0x0013
mem[X,0x8000027E] -> 0x0000
[156] [M]: 0x8000027C (0x00000013) addi zero, zero, 0


mem[X,0x80000280] -> 0x0197
mem[X,0x80000282] -> 0x0000
[157] [M]: 0x80000280 (0x00000197) auipc gp, 0
x3 <- 0x80000280


mem[X,0x80000284] -> 0x8193
mem[X,0x80000286] -> 0x0331
[158] [M]: 0x80000284 (0x03318193) addi gp, gp, 51
x3 <- 0x800002B3


mem[X,0x80000288] -> 0x0013
mem[X,0x8000028A] -> 0x0000
[159] [M]: 0x80000288 (0x00000013) addi zero, zero, 0


mem[X,0x8000028C] -> 0x0013
mem[X,0x8000028E] -> 0x0000
[160] [M]: 0x8000028C (0x00000013) addi zero, zero, 0


mem[X,0x80000290] -> 0x0013
mem[X,0x80000292] -> 0x0000
[161] [M]: 0x80000290 (0x00000013) addi zero, zero, 0


mem[X,0x80000294] -> 0x0013
mem[X,0x80000296] -> 0x0000
[162] [M]: 0x80000294 (0x00000013) addi zero, zero, 0


mem[X,0x80000298] -> 0x0013
mem[X,0x8000029A] -> 0x0000
[163] [M]: 0x80000298 (0x00000013) addi zero, zero, 0


mem[X,0x8000029C] -> 0x0013
mem[X,0x8000029E] -> 0x0000
[164] [M]: 0x8000029C (0x00000013) addi zero, zero, 0


mem[X,0x800002A0] -> 0x8867
mem[X,0x800002A2] -> 0x0011
[165] [M]: 0x800002A0 (0x00118867) jalr a6, gp, 1
x16 <- 0x800002A4


mem[X,0x800002B4] -> 0x4813
mem[X,0x800002B6] -> 0x0038
[166] [M]: 0x800002B4 (0x00384813) xori a6, a6, 3
x16 <- 0x800002A7


mem[X,0x800002B8] -> 0x006F
mem[X,0x800002BA] -> 0x0040
[167] [M]: 0x800002B8 (0x0040006F) jal zero, 4


mem[X,0x800002BC] -> 0x0013
mem[X,0x800002BE] -> 0x0000
[168] [M]: 0x800002BC (0x00000013) addi zero, zero, 0


mem[X,0x800002C0] -> 0x0797
mem[X,0x800002C2] -> 0x0000
[169] [M]: 0x800002C0 (0x00000797) auipc a5, 0
x15 <- 0x800002C0


mem[X,0x800002C4] -> 0x8793
mem[X,0x800002C6] -> 0xF8C7
[170] [M]: 0x800002C4 (0xF8C78793) addi a5, a5, 3980
x15 <- 0x8000024C


mem[X,0x800002C8] -> 0x0013
mem[X,0x800002CA] -> 0x0000
[171] [M]: 0x800002C8 (0x00000013) addi zero, zero, 0


mem[X,0x800002CC] -> 0x0013
mem[X,0x800002CE] -> 0x0000
[172] [M]: 0x800002CC (0x00000013) addi zero, zero, 0


mem[X,0x800002D0] -> 0x0013
mem[X,0x800002D2] -> 0x0000
[173] [M]: 0x800002D0 (0x00000013) addi zero, zero, 0


mem[X,0x800002D4] -> 0x0013
mem[X,0x800002D6] -> 0x0000
[174] [M]: 0x800002D4 (0x00000013) addi zero, zero, 0


mem[X,0x800002D8] -> 0x0013
mem[X,0x800002DA] -> 0x0000
[175] [M]: 0x800002D8 (0x00000013) addi zero, zero, 0


mem[X,0x800002DC] -> 0x0013
mem[X,0x800002DE] -> 0x0000
[176] [M]: 0x800002DC (0x00000013) addi zero, zero, 0


mem[X,0x800002E0] -> 0xF793
mem[X,0x800002E2] -> 0xFFC7
[177] [M]: 0x800002E0 (0xFFC7F793) andi a5, a5, 4092
x15 <- 0x8000024C


mem[X,0x800002E4] -> 0x0833
mem[X,0x800002E6] -> 0x40F8
[178] [M]: 0x800002E4 (0x40F80833) sub a6, a6, a5
x16 <- 0x0000005B


mem[X,0x800002E8] -> 0x2423
mem[X,0x800002EA] -> 0x0105
[179] [M]: 0x800002E8 (0x01052423) sw a6, 8(a0)
mem[0x8000411C] <- 0x0000005B


mem[X,0x800002EC] -> 0x0013
mem[X,0x800002EE] -> 0x0000
[180] [M]: 0x800002EC (0x00000013) addi zero, zero, 0


mem[X,0x800002F0] -> 0x0013
mem[X,0x800002F2] -> 0x0000
[181] [M]: 0x800002F0 (0x00000013) addi zero, zero, 0


mem[X,0x800002F4] -> 0x0013
mem[X,0x800002F6] -> 0x0000
[182] [M]: 0x800002F4 (0x00000013) addi zero, zero, 0


mem[X,0x800002F8] -> 0x0013
mem[X,0x800002FA] -> 0x0000
[183] [M]: 0x800002F8 (0x00000013) addi zero, zero, 0


mem[X,0x800002FC] -> 0x0013
mem[X,0x800002FE] -> 0x0000
[184] [M]: 0x800002FC (0x00000013) addi zero, zero, 0


mem[X,0x80000300] -> 0x0617
mem[X,0x80000302] -> 0x0000
[185] [M]: 0x80000300 (0x00000617) auipc a2, 0
x12 <- 0x80000300


mem[X,0x80000304] -> 0x0613
mem[X,0x80000306] -> 0xFEC6
[186] [M]: 0x80000304 (0xFEC60613) addi a2, a2, 4076
x12 <- 0x800002EC


mem[X,0x80000308] -> 0x0013
mem[X,0x8000030A] -> 0x0000
[187] [M]: 0x80000308 (0x00000013) addi zero, zero, 0


mem[X,0x8000030C] -> 0x0013
mem[X,0x8000030E] -> 0x0000
[188] [M]: 0x8000030C (0x00000013) addi zero, zero, 0


mem[X,0x80000310] -> 0x0013
mem[X,0x80000312] -> 0x0000
[189] [M]: 0x80000310 (0x00000013) addi zero, zero, 0


mem[X,0x80000314] -> 0x0013
mem[X,0x80000316] -> 0x0000
[190] [M]: 0x80000314 (0x00000013) addi zero, zero, 0


mem[X,0x80000318] -> 0x0013
mem[X,0x8000031A] -> 0x0000
[191] [M]: 0x80000318 (0x00000013) addi zero, zero, 0


mem[X,0x8000031C] -> 0x0013
mem[X,0x8000031E] -> 0x0000
[192] [M]: 0x8000031C (0x00000013) addi zero, zero, 0


mem[X,0x80000320] -> 0x0B97
mem[X,0x80000322] -> 0x0000
[193] [M]: 0x80000320 (0x00000B97) auipc s7, 0
x23 <- 0x80000320


mem[X,0x80000324] -> 0x8B93
mem[X,0x80000326] -> 0x032B
[194] [M]: 0x80000324 (0x032B8B93) addi s7, s7, 50
x23 <- 0x80000352


mem[X,0x80000328] -> 0x0013
mem[X,0x8000032A] -> 0x0000
[195] [M]: 0x80000328 (0x00000013) addi zero, zero, 0


mem[X,0x8000032C] -> 0x0013
mem[X,0x8000032E] -> 0x0000
[196] [M]: 0x8000032C (0x00000013) addi zero, zero, 0


mem[X,0x80000330] -> 0x0013
mem[X,0x80000332] -> 0x0000
[197] [M]: 0x80000330 (0x00000013) addi zero, zero, 0


mem[X,0x80000334] -> 0x0013
mem[X,0x80000336] -> 0x0000
[198] [M]: 0x80000334 (0x00000013) addi zero, zero, 0


mem[X,0x80000338] -> 0x0013
mem[X,0x8000033A] -> 0x0000
[199] [M]: 0x80000338 (0x00000013) addi zero, zero, 0


clint::tick mtime <- 0x0000000000000002
 clint timer pending at mtime 0x0000000000000002
htif::tick 0x0000000000000000
mem[X,0x8000033C] -> 0x0013
mem[X,0x8000033E] -> 0x0000
[200] [M]: 0x8000033C (0x00000013) addi zero, zero, 0


mem[X,0x80000340] -> 0x8667
mem[X,0x80000342] -> 0x002B
[201] [M]: 0x80000340 (0x002B8667) jalr a2, s7, 2
x12 <- 0x80000344


mem[X,0x80000354] -> 0x4613
mem[X,0x80000356] -> 0x0036
[202] [M]: 0x80000354 (0x00364613) xori a2, a2, 3
x12 <- 0x80000347


mem[X,0x80000358] -> 0x006F
mem[X,0x8000035A] -> 0x0040
[203] [M]: 0x80000358 (0x0040006F) jal zero, 4


mem[X,0x8000035C] -> 0x0013
mem[X,0x8000035E] -> 0x0000
[204] [M]: 0x8000035C (0x00000013) addi zero, zero, 0


mem[X,0x80000360] -> 0x0797
mem[X,0x80000362] -> 0x0000
[205] [M]: 0x80000360 (0x00000797) auipc a5, 0
x15 <- 0x80000360


mem[X,0x80000364] -> 0x8793
mem[X,0x80000366] -> 0xF8C7
[206] [M]: 0x80000364 (0xF8C78793) addi a5, a5, 3980
x15 <- 0x800002EC


mem[X,0x80000368] -> 0x0013
mem[X,0x8000036A] -> 0x0000
[207] [M]: 0x80000368 (0x00000013) addi zero, zero, 0


mem[X,0x8000036C] -> 0x0013
mem[X,0x8000036E] -> 0x0000
[208] [M]: 0x8000036C (0x00000013) addi zero, zero, 0


mem[X,0x80000370] -> 0x0013
mem[X,0x80000372] -> 0x0000
[209] [M]: 0x80000370 (0x00000013) addi zero, zero, 0


mem[X,0x80000374] -> 0x0013
mem[X,0x80000376] -> 0x0000
[210] [M]: 0x80000374 (0x00000013) addi zero, zero, 0


mem[X,0x80000378] -> 0x0013
mem[X,0x8000037A] -> 0x0000
[211] [M]: 0x80000378 (0x00000013) addi zero, zero, 0


mem[X,0x8000037C] -> 0x0013
mem[X,0x8000037E] -> 0x0000
[212] [M]: 0x8000037C (0x00000013) addi zero, zero, 0


mem[X,0x80000380] -> 0xF793
mem[X,0x80000382] -> 0xFFC7
[213] [M]: 0x80000380 (0xFFC7F793) andi a5, a5, 4092
x15 <- 0x800002EC


mem[X,0x80000384] -> 0x0633
mem[X,0x80000386] -> 0x40F6
[214] [M]: 0x80000384 (0x40F60633) sub a2, a2, a5
x12 <- 0x0000005B


mem[X,0x80000388] -> 0x2623
mem[X,0x8000038A] -> 0x00C5
[215] [M]: 0x80000388 (0x00C52623) sw a2, 12(a0)
mem[0x80004120] <- 0x0000005B


mem[X,0x8000038C] -> 0x0013
mem[X,0x8000038E] -> 0x0000
[216] [M]: 0x8000038C (0x00000013) addi zero, zero, 0


mem[X,0x80000390] -> 0x0013
mem[X,0x80000392] -> 0x0000
[217] [M]: 0x80000390 (0x00000013) addi zero, zero, 0


mem[X,0x80000394] -> 0x0013
mem[X,0x80000396] -> 0x0000
[218] [M]: 0x80000394 (0x00000013) addi zero, zero, 0


mem[X,0x80000398] -> 0x0013
mem[X,0x8000039A] -> 0x0000
[219] [M]: 0x80000398 (0x00000013) addi zero, zero, 0


mem[X,0x8000039C] -> 0x0013
mem[X,0x8000039E] -> 0x0000
[220] [M]: 0x8000039C (0x00000013) addi zero, zero, 0


mem[X,0x800003A0] -> 0x0697
mem[X,0x800003A2] -> 0x0000
[221] [M]: 0x800003A0 (0x00000697) auipc a3, 0
x13 <- 0x800003A0


mem[X,0x800003A4] -> 0x8693
mem[X,0x800003A6] -> 0xFEC6
[222] [M]: 0x800003A4 (0xFEC68693) addi a3, a3, 4076
x13 <- 0x8000038C


mem[X,0x800003A8] -> 0x0013
mem[X,0x800003AA] -> 0x0000
[223] [M]: 0x800003A8 (0x00000013) addi zero, zero, 0


mem[X,0x800003AC] -> 0x0013
mem[X,0x800003AE] -> 0x0000
[224] [M]: 0x800003AC (0x00000013) addi zero, zero, 0


mem[X,0x800003B0] -> 0x0013
mem[X,0x800003B2] -> 0x0000
[225] [M]: 0x800003B0 (0x00000013) addi zero, zero, 0


mem[X,0x800003B4] -> 0x0013
mem[X,0x800003B6] -> 0x0000
[226] [M]: 0x800003B4 (0x00000013) addi zero, zero, 0


mem[X,0x800003B8] -> 0x0013
mem[X,0x800003BA] -> 0x0000
[227] [M]: 0x800003B8 (0x00000013) addi zero, zero, 0


mem[X,0x800003BC] -> 0x0013
mem[X,0x800003BE] -> 0x0000
[228] [M]: 0x800003BC (0x00000013) addi zero, zero, 0


mem[X,0x800003C0] -> 0x0D97
mem[X,0x800003C2] -> 0x0000
[229] [M]: 0x800003C0 (0x00000D97) auipc s11, 0
x27 <- 0x800003C0


mem[X,0x800003C4] -> 0x8D93
mem[X,0x800003C6] -> 0x030D
[230] [M]: 0x800003C4 (0x030D8D93) addi s11, s11, 48
x27 <- 0x800003F0


mem[X,0x800003C8] -> 0x0013
mem[X,0x800003CA] -> 0x0000
[231] [M]: 0x800003C8 (0x00000013) addi zero, zero, 0


mem[X,0x800003CC] -> 0x0013
mem[X,0x800003CE] -> 0x0000
[232] [M]: 0x800003CC (0x00000013) addi zero, zero, 0


mem[X,0x800003D0] -> 0x0013
mem[X,0x800003D2] -> 0x0000
[233] [M]: 0x800003D0 (0x00000013) addi zero, zero, 0


mem[X,0x800003D4] -> 0x0013
mem[X,0x800003D6] -> 0x0000
[234] [M]: 0x800003D4 (0x00000013) addi zero, zero, 0


mem[X,0x800003D8] -> 0x0013
mem[X,0x800003DA] -> 0x0000
[235] [M]: 0x800003D8 (0x00000013) addi zero, zero, 0


mem[X,0x800003DC] -> 0x0013
mem[X,0x800003DE] -> 0x0000
[236] [M]: 0x800003DC (0x00000013) addi zero, zero, 0


mem[X,0x800003E0] -> 0x86E7
mem[X,0x800003E2] -> 0x004D
[237] [M]: 0x800003E0 (0x004D86E7) jalr a3, s11, 4
x13 <- 0x800003E4


mem[X,0x800003F4] -> 0xC693
mem[X,0x800003F6] -> 0x0036
[238] [M]: 0x800003F4 (0x0036C693) xori a3, a3, 3
x13 <- 0x800003E7


mem[X,0x800003F8] -> 0x006F
mem[X,0x800003FA] -> 0x0040
[239] [M]: 0x800003F8 (0x0040006F) jal zero, 4


mem[X,0x800003FC] -> 0x0013
mem[X,0x800003FE] -> 0x0000
[240] [M]: 0x800003FC (0x00000013) addi zero, zero, 0


mem[X,0x80000400] -> 0x0797
mem[X,0x80000402] -> 0x0000
[241] [M]: 0x80000400 (0x00000797) auipc a5, 0
x15 <- 0x80000400


mem[X,0x80000404] -> 0x8793
mem[X,0x80000406] -> 0xF8C7
[242] [M]: 0x80000404 (0xF8C78793) addi a5, a5, 3980
x15 <- 0x8000038C


mem[X,0x80000408] -> 0x0013
mem[X,0x8000040A] -> 0x0000
[243] [M]: 0x80000408 (0x00000013) addi zero, zero, 0


mem[X,0x8000040C] -> 0x0013
mem[X,0x8000040E] -> 0x0000
[244] [M]: 0x8000040C (0x00000013) addi zero, zero, 0


mem[X,0x80000410] -> 0x0013
mem[X,0x80000412] -> 0x0000
[245] [M]: 0x80000410 (0x00000013) addi zero, zero, 0


mem[X,0x80000414] -> 0x0013
mem[X,0x80000416] -> 0x0000
[246] [M]: 0x80000414 (0x00000013) addi zero, zero, 0


mem[X,0x80000418] -> 0x0013
mem[X,0x8000041A] -> 0x0000
[247] [M]: 0x80000418 (0x00000013) addi zero, zero, 0


mem[X,0x8000041C] -> 0x0013
mem[X,0x8000041E] -> 0x0000
[248] [M]: 0x8000041C (0x00000013) addi zero, zero, 0


mem[X,0x80000420] -> 0xF793
mem[X,0x80000422] -> 0xFFC7
[249] [M]: 0x80000420 (0xFFC7F793) andi a5, a5, 4092
x15 <- 0x8000038C


mem[X,0x80000424] -> 0x86B3
mem[X,0x80000426] -> 0x40F6
[250] [M]: 0x80000424 (0x40F686B3) sub a3, a3, a5
x13 <- 0x0000005B


mem[X,0x80000428] -> 0x2823
mem[X,0x8000042A] -> 0x00D5
[251] [M]: 0x80000428 (0x00D52823) sw a3, 16(a0)
mem[0x80004124] <- 0x0000005B


mem[X,0x8000042C] -> 0x0013
mem[X,0x8000042E] -> 0x0000
[252] [M]: 0x8000042C (0x00000013) addi zero, zero, 0


mem[X,0x80000430] -> 0x0013
mem[X,0x80000432] -> 0x0000
[253] [M]: 0x80000430 (0x00000013) addi zero, zero, 0


mem[X,0x80000434] -> 0x0013
mem[X,0x80000436] -> 0x0000
[254] [M]: 0x80000434 (0x00000013) addi zero, zero, 0


mem[X,0x80000438] -> 0x0013
mem[X,0x8000043A] -> 0x0000
[255] [M]: 0x80000438 (0x00000013) addi zero, zero, 0


mem[X,0x8000043C] -> 0x0013
mem[X,0x8000043E] -> 0x0000
[256] [M]: 0x8000043C (0x00000013) addi zero, zero, 0


mem[X,0x80000440] -> 0x0417
mem[X,0x80000442] -> 0x0000
[257] [M]: 0x80000440 (0x00000417) auipc fp, 0
x8 <- 0x80000440


mem[X,0x80000444] -> 0x0413
mem[X,0x80000446] -> 0xFEC4
[258] [M]: 0x80000444 (0xFEC40413) addi fp, fp, 4076
x8 <- 0x8000042C


mem[X,0x80000448] -> 0x0013
mem[X,0x8000044A] -> 0x0000
[259] [M]: 0x80000448 (0x00000013) addi zero, zero, 0


mem[X,0x8000044C] -> 0x0013
mem[X,0x8000044E] -> 0x0000
[260] [M]: 0x8000044C (0x00000013) addi zero, zero, 0


mem[X,0x80000450] -> 0x0013
mem[X,0x80000452] -> 0x0000
[261] [M]: 0x80000450 (0x00000013) addi zero, zero, 0


mem[X,0x80000454] -> 0x0013
mem[X,0x80000456] -> 0x0000
[262] [M]: 0x80000454 (0x00000013) addi zero, zero, 0


mem[X,0x80000458] -> 0x0013
mem[X,0x8000045A] -> 0x0000
[263] [M]: 0x80000458 (0x00000013) addi zero, zero, 0


mem[X,0x8000045C] -> 0x0013
mem[X,0x8000045E] -> 0x0000
[264] [M]: 0x8000045C (0x00000013) addi zero, zero, 0


mem[X,0x80000460] -> 0x0317
mem[X,0x80000462] -> 0x0000
[265] [M]: 0x80000460 (0x00000317) auipc t1, 0
x6 <- 0x80000460


mem[X,0x80000464] -> 0x0313
mem[X,0x80000466] -> 0x02C3
[266] [M]: 0x80000464 (0x02C30313) addi t1, t1, 44
x6 <- 0x8000048C


mem[X,0x80000468] -> 0x0013
mem[X,0x8000046A] -> 0x0000
[267] [M]: 0x80000468 (0x00000013) addi zero, zero, 0


mem[X,0x8000046C] -> 0x0013
mem[X,0x8000046E] -> 0x0000
[268] [M]: 0x8000046C (0x00000013) addi zero, zero, 0


mem[X,0x80000470] -> 0x0013
mem[X,0x80000472] -> 0x0000
[269] [M]: 0x80000470 (0x00000013) addi zero, zero, 0


mem[X,0x80000474] -> 0x0013
mem[X,0x80000476] -> 0x0000
[270] [M]: 0x80000474 (0x00000013) addi zero, zero, 0


mem[X,0x80000478] -> 0x0013
mem[X,0x8000047A] -> 0x0000
[271] [M]: 0x80000478 (0x00000013) addi zero, zero, 0


mem[X,0x8000047C] -> 0x0013
mem[X,0x8000047E] -> 0x0000
[272] [M]: 0x8000047C (0x00000013) addi zero, zero, 0


mem[X,0x80000480] -> 0x0467
mem[X,0x80000482] -> 0x0083
[273] [M]: 0x80000480 (0x00830467) jalr fp, t1, 8
x8 <- 0x80000484


mem[X,0x80000494] -> 0x4413
mem[X,0x80000496] -> 0x0034
[274] [M]: 0x80000494 (0x00344413) xori fp, fp, 3
x8 <- 0x80000487


mem[X,0x80000498] -> 0x006F
mem[X,0x8000049A] -> 0x0040
[275] [M]: 0x80000498 (0x0040006F) jal zero, 4


mem[X,0x8000049C] -> 0x0013
mem[X,0x8000049E] -> 0x0000
[276] [M]: 0x8000049C (0x00000013) addi zero, zero, 0


mem[X,0x800004A0] -> 0x0797
mem[X,0x800004A2] -> 0x0000
[277] [M]: 0x800004A0 (0x00000797) auipc a5, 0
x15 <- 0x800004A0


mem[X,0x800004A4] -> 0x8793
mem[X,0x800004A6] -> 0xF8C7
[278] [M]: 0x800004A4 (0xF8C78793) addi a5, a5, 3980
x15 <- 0x8000042C


mem[X,0x800004A8] -> 0x0013
mem[X,0x800004AA] -> 0x0000
[279] [M]: 0x800004A8 (0x00000013) addi zero, zero, 0


mem[X,0x800004AC] -> 0x0013
mem[X,0x800004AE] -> 0x0000
[280] [M]: 0x800004AC (0x00000013) addi zero, zero, 0


mem[X,0x800004B0] -> 0x0013
mem[X,0x800004B2] -> 0x0000
[281] [M]: 0x800004B0 (0x00000013) addi zero, zero, 0


mem[X,0x800004B4] -> 0x0013
mem[X,0x800004B6] -> 0x0000
[282] [M]: 0x800004B4 (0x00000013) addi zero, zero, 0


mem[X,0x800004B8] -> 0x0013
mem[X,0x800004BA] -> 0x0000
[283] [M]: 0x800004B8 (0x00000013) addi zero, zero, 0


mem[X,0x800004BC] -> 0x0013
mem[X,0x800004BE] -> 0x0000
[284] [M]: 0x800004BC (0x00000013) addi zero, zero, 0


mem[X,0x800004C0] -> 0xF793
mem[X,0x800004C2] -> 0xFFC7
[285] [M]: 0x800004C0 (0xFFC7F793) andi a5, a5, 4092
x15 <- 0x8000042C


mem[X,0x800004C4] -> 0x0433
mem[X,0x800004C6] -> 0x40F4
[286] [M]: 0x800004C4 (0x40F40433) sub fp, fp, a5
x8 <- 0x0000005B


mem[X,0x800004C8] -> 0x2A23
mem[X,0x800004CA] -> 0x0085
[287] [M]: 0x800004C8 (0x00852A23) sw fp, 20(a0)
mem[0x80004128] <- 0x0000005B


mem[X,0x800004CC] -> 0x0013
mem[X,0x800004CE] -> 0x0000
[288] [M]: 0x800004CC (0x00000013) addi zero, zero, 0


mem[X,0x800004D0] -> 0x0013
mem[X,0x800004D2] -> 0x0000
[289] [M]: 0x800004D0 (0x00000013) addi zero, zero, 0


mem[X,0x800004D4] -> 0x0013
mem[X,0x800004D6] -> 0x0000
[290] [M]: 0x800004D4 (0x00000013) addi zero, zero, 0


mem[X,0x800004D8] -> 0x0013
mem[X,0x800004DA] -> 0x0000
[291] [M]: 0x800004D8 (0x00000013) addi zero, zero, 0


mem[X,0x800004DC] -> 0x0013
mem[X,0x800004DE] -> 0x0000
[292] [M]: 0x800004DC (0x00000013) addi zero, zero, 0


mem[X,0x800004E0] -> 0x0F17
mem[X,0x800004E2] -> 0x0000
[293] [M]: 0x800004E0 (0x00000F17) auipc t5, 0
x30 <- 0x800004E0


mem[X,0x800004E4] -> 0x0F13
mem[X,0x800004E6] -> 0xFECF
[294] [M]: 0x800004E4 (0xFECF0F13) addi t5, t5, 4076
x30 <- 0x800004CC


mem[X,0x800004E8] -> 0x0013
mem[X,0x800004EA] -> 0x0000
[295] [M]: 0x800004E8 (0x00000013) addi zero, zero, 0


mem[X,0x800004EC] -> 0x0013
mem[X,0x800004EE] -> 0x0000
[296] [M]: 0x800004EC (0x00000013) addi zero, zero, 0


mem[X,0x800004F0] -> 0x0013
mem[X,0x800004F2] -> 0x0000
[297] [M]: 0x800004F0 (0x00000013) addi zero, zero, 0


mem[X,0x800004F4] -> 0x0013
mem[X,0x800004F6] -> 0x0000
[298] [M]: 0x800004F4 (0x00000013) addi zero, zero, 0


mem[X,0x800004F8] -> 0x0013
mem[X,0x800004FA] -> 0x0000
[299] [M]: 0x800004F8 (0x00000013) addi zero, zero, 0


clint::tick mtime <- 0x0000000000000003
 clint timer pending at mtime 0x0000000000000003
htif::tick 0x0000000000000000
mem[X,0x800004FC] -> 0x0013
mem[X,0x800004FE] -> 0x0000
[300] [M]: 0x800004FC (0x00000013) addi zero, zero, 0


mem[X,0x80000500] -> 0x0617
mem[X,0x80000502] -> 0x0000
[301] [M]: 0x80000500 (0x00000617) auipc a2, 0
x12 <- 0x80000500


mem[X,0x80000504] -> 0x0613
mem[X,0x80000506] -> 0x0246
[302] [M]: 0x80000504 (0x02460613) addi a2, a2, 36
x12 <- 0x80000524


mem[X,0x80000508] -> 0x0013
mem[X,0x8000050A] -> 0x0000
[303] [M]: 0x80000508 (0x00000013) addi zero, zero, 0


mem[X,0x8000050C] -> 0x0013
mem[X,0x8000050E] -> 0x0000
[304] [M]: 0x8000050C (0x00000013) addi zero, zero, 0


mem[X,0x80000510] -> 0x0013
mem[X,0x80000512] -> 0x0000
[305] [M]: 0x80000510 (0x00000013) addi zero, zero, 0


mem[X,0x80000514] -> 0x0013
mem[X,0x80000516] -> 0x0000
[306] [M]: 0x80000514 (0x00000013) addi zero, zero, 0


mem[X,0x80000518] -> 0x0013
mem[X,0x8000051A] -> 0x0000
[307] [M]: 0x80000518 (0x00000013) addi zero, zero, 0


mem[X,0x8000051C] -> 0x0013
mem[X,0x8000051E] -> 0x0000
[308] [M]: 0x8000051C (0x00000013) addi zero, zero, 0


mem[X,0x80000520] -> 0x0F67
mem[X,0x80000522] -> 0x0106
[309] [M]: 0x80000520 (0x01060F67) jalr t5, a2, 16
x30 <- 0x80000524


mem[X,0x80000534] -> 0x4F13
mem[X,0x80000536] -> 0x003F
[310] [M]: 0x80000534 (0x003F4F13) xori t5, t5, 3
x30 <- 0x80000527


mem[X,0x80000538] -> 0x006F
mem[X,0x8000053A] -> 0x0040
[311] [M]: 0x80000538 (0x0040006F) jal zero, 4


mem[X,0x8000053C] -> 0x0013
mem[X,0x8000053E] -> 0x0000
[312] [M]: 0x8000053C (0x00000013) addi zero, zero, 0


mem[X,0x80000540] -> 0x0797
mem[X,0x80000542] -> 0x0000
[313] [M]: 0x80000540 (0x00000797) auipc a5, 0
x15 <- 0x80000540


mem[X,0x80000544] -> 0x8793
mem[X,0x80000546] -> 0xF8C7
[314] [M]: 0x80000544 (0xF8C78793) addi a5, a5, 3980
x15 <- 0x800004CC


mem[X,0x80000548] -> 0x0013
mem[X,0x8000054A] -> 0x0000
[315] [M]: 0x80000548 (0x00000013) addi zero, zero, 0


mem[X,0x8000054C] -> 0x0013
mem[X,0x8000054E] -> 0x0000
[316] [M]: 0x8000054C (0x00000013) addi zero, zero, 0


mem[X,0x80000550] -> 0x0013
mem[X,0x80000552] -> 0x0000
[317] [M]: 0x80000550 (0x00000013) addi zero, zero, 0


mem[X,0x80000554] -> 0x0013
mem[X,0x80000556] -> 0x0000
[318] [M]: 0x80000554 (0x00000013) addi zero, zero, 0


mem[X,0x80000558] -> 0x0013
mem[X,0x8000055A] -> 0x0000
[319] [M]: 0x80000558 (0x00000013) addi zero, zero, 0


mem[X,0x8000055C] -> 0x0013
mem[X,0x8000055E] -> 0x0000
[320] [M]: 0x8000055C (0x00000013) addi zero, zero, 0


mem[X,0x80000560] -> 0xF793
mem[X,0x80000562] -> 0xFFC7
[321] [M]: 0x80000560 (0xFFC7F793) andi a5, a5, 4092
x15 <- 0x800004CC


mem[X,0x80000564] -> 0x0F33
mem[X,0x80000566] -> 0x40FF
[322] [M]: 0x80000564 (0x40FF0F33) sub t5, t5, a5
x30 <- 0x0000005B


mem[X,0x80000568] -> 0x2C23
mem[X,0x8000056A] -> 0x01E5
[323] [M]: 0x80000568 (0x01E52C23) sw t5, 24(a0)
mem[0x8000412C] <- 0x0000005B


mem[X,0x8000056C] -> 0x0013
mem[X,0x8000056E] -> 0x0000
[324] [M]: 0x8000056C (0x00000013) addi zero, zero, 0


mem[X,0x80000570] -> 0x0013
mem[X,0x80000572] -> 0x0000
[325] [M]: 0x80000570 (0x00000013) addi zero, zero, 0


mem[X,0x80000574] -> 0x0013
mem[X,0x80000576] -> 0x0000
[326] [M]: 0x80000574 (0x00000013) addi zero, zero, 0


mem[X,0x80000578] -> 0x0013
mem[X,0x8000057A] -> 0x0000
[327] [M]: 0x80000578 (0x00000013) addi zero, zero, 0


mem[X,0x8000057C] -> 0x0013
mem[X,0x8000057E] -> 0x0000
[328] [M]: 0x8000057C (0x00000013) addi zero, zero, 0


mem[X,0x80000580] -> 0x0017
mem[X,0x80000582] -> 0x0000
[329] [M]: 0x80000580 (0x00000017) auipc zero, 0


mem[X,0x80000584] -> 0x0013
mem[X,0x80000586] -> 0xFEC0
[330] [M]: 0x80000584 (0xFEC00013) addi zero, zero, 4076


mem[X,0x80000588] -> 0x0013
mem[X,0x8000058A] -> 0x0000
[331] [M]: 0x80000588 (0x00000013) addi zero, zero, 0


mem[X,0x8000058C] -> 0x0013
mem[X,0x8000058E] -> 0x0000
[332] [M]: 0x8000058C (0x00000013) addi zero, zero, 0


mem[X,0x80000590] -> 0x0013
mem[X,0x80000592] -> 0x0000
[333] [M]: 0x80000590 (0x00000013) addi zero, zero, 0


mem[X,0x80000594] -> 0x0013
mem[X,0x80000596] -> 0x0000
[334] [M]: 0x80000594 (0x00000013) addi zero, zero, 0


mem[X,0x80000598] -> 0x0013
mem[X,0x8000059A] -> 0x0000
[335] [M]: 0x80000598 (0x00000013) addi zero, zero, 0


mem[X,0x8000059C] -> 0x0013
mem[X,0x8000059E] -> 0x0000
[336] [M]: 0x8000059C (0x00000013) addi zero, zero, 0


mem[X,0x800005A0] -> 0x0F97
mem[X,0x800005A2] -> 0x0000
[337] [M]: 0x800005A0 (0x00000F97) auipc t6, 0
x31 <- 0x800005A0


mem[X,0x800005A4] -> 0x8F93
mem[X,0x800005A6] -> 0x014F
[338] [M]: 0x800005A4 (0x014F8F93) addi t6, t6, 20
x31 <- 0x800005B4


mem[X,0x800005A8] -> 0x0013
mem[X,0x800005AA] -> 0x0000
[339] [M]: 0x800005A8 (0x00000013) addi zero, zero, 0


mem[X,0x800005AC] -> 0x0013
mem[X,0x800005AE] -> 0x0000
[340] [M]: 0x800005AC (0x00000013) addi zero, zero, 0


mem[X,0x800005B0] -> 0x0013
mem[X,0x800005B2] -> 0x0000
[341] [M]: 0x800005B0 (0x00000013) addi zero, zero, 0


mem[X,0x800005B4] -> 0x0013
mem[X,0x800005B6] -> 0x0000
[342] [M]: 0x800005B4 (0x00000013) addi zero, zero, 0


mem[X,0x800005B8] -> 0x0013
mem[X,0x800005BA] -> 0x0000
[343] [M]: 0x800005B8 (0x00000013) addi zero, zero, 0


mem[X,0x800005BC] -> 0x0013
mem[X,0x800005BE] -> 0x0000
[344] [M]: 0x800005BC (0x00000013) addi zero, zero, 0


mem[X,0x800005C0] -> 0x8067
mem[X,0x800005C2] -> 0x020F
[345] [M]: 0x800005C0 (0x020F8067) jalr zero, t6, 32


mem[X,0x800005D4] -> 0x4013
mem[X,0x800005D6] -> 0x0030
[346] [M]: 0x800005D4 (0x00304013) xori zero, zero, 3


mem[X,0x800005D8] -> 0x006F
mem[X,0x800005DA] -> 0x0040
[347] [M]: 0x800005D8 (0x0040006F) jal zero, 4


mem[X,0x800005DC] -> 0x0013
mem[X,0x800005DE] -> 0x0000
[348] [M]: 0x800005DC (0x00000013) addi zero, zero, 0


mem[X,0x800005E0] -> 0x0797
mem[X,0x800005E2] -> 0x0000
[349] [M]: 0x800005E0 (0x00000797) auipc a5, 0
x15 <- 0x800005E0


mem[X,0x800005E4] -> 0x8793
mem[X,0x800005E6] -> 0xF8C7
[350] [M]: 0x800005E4 (0xF8C78793) addi a5, a5, 3980
x15 <- 0x8000056C


mem[X,0x800005E8] -> 0x0013
mem[X,0x800005EA] -> 0x0000
[351] [M]: 0x800005E8 (0x00000013) addi zero, zero, 0


mem[X,0x800005EC] -> 0x0013
mem[X,0x800005EE] -> 0x0000
[352] [M]: 0x800005EC (0x00000013) addi zero, zero, 0


mem[X,0x800005F0] -> 0x0013
mem[X,0x800005F2] -> 0x0000
[353] [M]: 0x800005F0 (0x00000013) addi zero, zero, 0


mem[X,0x800005F4] -> 0x0013
mem[X,0x800005F6] -> 0x0000
[354] [M]: 0x800005F4 (0x00000013) addi zero, zero, 0


mem[X,0x800005F8] -> 0x0013
mem[X,0x800005FA] -> 0x0000
[355] [M]: 0x800005F8 (0x00000013) addi zero, zero, 0


mem[X,0x800005FC] -> 0x0013
mem[X,0x800005FE] -> 0x0000
[356] [M]: 0x800005FC (0x00000013) addi zero, zero, 0


mem[X,0x80000600] -> 0xF793
mem[X,0x80000602] -> 0xFFC7
[357] [M]: 0x80000600 (0xFFC7F793) andi a5, a5, 4092
x15 <- 0x8000056C


mem[X,0x80000604] -> 0x0033
mem[X,0x80000606] -> 0x40F0
[358] [M]: 0x80000604 (0x40F00033) sub zero, zero, a5


mem[X,0x80000608] -> 0x2E23
mem[X,0x8000060A] -> 0x0005
[359] [M]: 0x80000608 (0x00052E23) sw zero, 28(a0)
mem[0x80004130] <- 0x00000000


mem[X,0x8000060C] -> 0x0013
mem[X,0x8000060E] -> 0x0000
[360] [M]: 0x8000060C (0x00000013) addi zero, zero, 0


mem[X,0x80000610] -> 0x0013
mem[X,0x80000612] -> 0x0000
[361] [M]: 0x80000610 (0x00000013) addi zero, zero, 0


mem[X,0x80000614] -> 0x0013
mem[X,0x80000616] -> 0x0000
[362] [M]: 0x80000614 (0x00000013) addi zero, zero, 0


mem[X,0x80000618] -> 0x0013
mem[X,0x8000061A] -> 0x0000
[363] [M]: 0x80000618 (0x00000013) addi zero, zero, 0


mem[X,0x8000061C] -> 0x0013
mem[X,0x8000061E] -> 0x0000
[364] [M]: 0x8000061C (0x00000013) addi zero, zero, 0


mem[X,0x80000620] -> 0x0197
mem[X,0x80000622] -> 0x0000
[365] [M]: 0x80000620 (0x00000197) auipc gp, 0
x3 <- 0x80000620


mem[X,0x80000624] -> 0x8193
mem[X,0x80000626] -> 0xFEC1
[366] [M]: 0x80000624 (0xFEC18193) addi gp, gp, 4076
x3 <- 0x8000060C


mem[X,0x80000628] -> 0x0013
mem[X,0x8000062A] -> 0x0000
[367] [M]: 0x80000628 (0x00000013) addi zero, zero, 0


mem[X,0x8000062C] -> 0x0013
mem[X,0x8000062E] -> 0x0000
[368] [M]: 0x8000062C (0x00000013) addi zero, zero, 0


mem[X,0x80000630] -> 0x0013
mem[X,0x80000632] -> 0x0000
[369] [M]: 0x80000630 (0x00000013) addi zero, zero, 0


mem[X,0x80000634] -> 0x0013
mem[X,0x80000636] -> 0x0000
[370] [M]: 0x80000634 (0x00000013) addi zero, zero, 0


mem[X,0x80000638] -> 0x0013
mem[X,0x8000063A] -> 0x0000
[371] [M]: 0x80000638 (0x00000013) addi zero, zero, 0


mem[X,0x8000063C] -> 0x0013
mem[X,0x8000063E] -> 0x0000
[372] [M]: 0x8000063C (0x00000013) addi zero, zero, 0


mem[X,0x80000640] -> 0x0A17
mem[X,0x80000642] -> 0x0000
[373] [M]: 0x80000640 (0x00000A17) auipc s4, 0
x20 <- 0x80000640


mem[X,0x80000644] -> 0x0A13
mem[X,0x80000646] -> 0xFB4A
[374] [M]: 0x80000644 (0xFB4A0A13) addi s4, s4, 4020
x20 <- 0x800005F4


mem[X,0x80000648] -> 0x0013
mem[X,0x8000064A] -> 0x0000
[375] [M]: 0x80000648 (0x00000013) addi zero, zero, 0


mem[X,0x8000064C] -> 0x0013
mem[X,0x8000064E] -> 0x0000
[376] [M]: 0x8000064C (0x00000013) addi zero, zero, 0


mem[X,0x80000650] -> 0x0013
mem[X,0x80000652] -> 0x0000
[377] [M]: 0x80000650 (0x00000013) addi zero, zero, 0


mem[X,0x80000654] -> 0x0013
mem[X,0x80000656] -> 0x0000
[378] [M]: 0x80000654 (0x00000013) addi zero, zero, 0


mem[X,0x80000658] -> 0x0013
mem[X,0x8000065A] -> 0x0000
[379] [M]: 0x80000658 (0x00000013) addi zero, zero, 0


mem[X,0x8000065C] -> 0x0013
mem[X,0x8000065E] -> 0x0000
[380] [M]: 0x8000065C (0x00000013) addi zero, zero, 0


mem[X,0x80000660] -> 0x01E7
mem[X,0x80000662] -> 0x080A
[381] [M]: 0x80000660 (0x080A01E7) jalr gp, s4, 128
x3 <- 0x80000664


mem[X,0x80000674] -> 0xC193
mem[X,0x80000676] -> 0x0031
[382] [M]: 0x80000674 (0x0031C193) xori gp, gp, 3
x3 <- 0x80000667


mem[X,0x80000678] -> 0x006F
mem[X,0x8000067A] -> 0x0040
[383] [M]: 0x80000678 (0x0040006F) jal zero, 4


mem[X,0x8000067C] -> 0x0013
mem[X,0x8000067E] -> 0x0000
[384] [M]: 0x8000067C (0x00000013) addi zero, zero, 0


mem[X,0x80000680] -> 0x0797
mem[X,0x80000682] -> 0x0000
[385] [M]: 0x80000680 (0x00000797) auipc a5, 0
x15 <- 0x80000680


mem[X,0x80000684] -> 0x8793
mem[X,0x80000686] -> 0xF8C7
[386] [M]: 0x80000684 (0xF8C78793) addi a5, a5, 3980
x15 <- 0x8000060C


mem[X,0x80000688] -> 0x0013
mem[X,0x8000068A] -> 0x0000
[387] [M]: 0x80000688 (0x00000013) addi zero, zero, 0


mem[X,0x8000068C] -> 0x0013
mem[X,0x8000068E] -> 0x0000
[388] [M]: 0x8000068C (0x00000013) addi zero, zero, 0


mem[X,0x80000690] -> 0x0013
mem[X,0x80000692] -> 0x0000
[389] [M]: 0x80000690 (0x00000013) addi zero, zero, 0


mem[X,0x80000694] -> 0x0013
mem[X,0x80000696] -> 0x0000
[390] [M]: 0x80000694 (0x00000013) addi zero, zero, 0


mem[X,0x80000698] -> 0x0013
mem[X,0x8000069A] -> 0x0000
[391] [M]: 0x80000698 (0x00000013) addi zero, zero, 0


mem[X,0x8000069C] -> 0x0013
mem[X,0x8000069E] -> 0x0000
[392] [M]: 0x8000069C (0x00000013) addi zero, zero, 0


mem[X,0x800006A0] -> 0xF793
mem[X,0x800006A2] -> 0xFFC7
[393] [M]: 0x800006A0 (0xFFC7F793) andi a5, a5, 4092
x15 <- 0x8000060C


mem[X,0x800006A4] -> 0x81B3
mem[X,0x800006A6] -> 0x40F1
[394] [M]: 0x800006A4 (0x40F181B3) sub gp, gp, a5
x3 <- 0x0000005B


mem[X,0x800006A8] -> 0x2023
mem[X,0x800006AA] -> 0x0235
[395] [M]: 0x800006A8 (0x02352023) sw gp, 32(a0)
mem[0x80004134] <- 0x0000005B


mem[X,0x800006AC] -> 0x0013
mem[X,0x800006AE] -> 0x0000
[396] [M]: 0x800006AC (0x00000013) addi zero, zero, 0


mem[X,0x800006B0] -> 0x0013
mem[X,0x800006B2] -> 0x0000
[397] [M]: 0x800006B0 (0x00000013) addi zero, zero, 0


mem[X,0x800006B4] -> 0x0013
mem[X,0x800006B6] -> 0x0000
[398] [M]: 0x800006B4 (0x00000013) addi zero, zero, 0


mem[X,0x800006B8] -> 0x0013
mem[X,0x800006BA] -> 0x0000
[399] [M]: 0x800006B8 (0x00000013) addi zero, zero, 0


clint::tick mtime <- 0x0000000000000004
 clint timer pending at mtime 0x0000000000000004
htif::tick 0x0000000000000000
mem[X,0x800006BC] -> 0x0013
mem[X,0x800006BE] -> 0x0000
[400] [M]: 0x800006BC (0x00000013) addi zero, zero, 0


mem[X,0x800006C0] -> 0x0997
mem[X,0x800006C2] -> 0x0000
[401] [M]: 0x800006C0 (0x00000997) auipc s3, 0
x19 <- 0x800006C0


mem[X,0x800006C4] -> 0x8993
mem[X,0x800006C6] -> 0xFEC9
[402] [M]: 0x800006C4 (0xFEC98993) addi s3, s3, 4076
x19 <- 0x800006AC


mem[X,0x800006C8] -> 0x0013
mem[X,0x800006CA] -> 0x0000
[403] [M]: 0x800006C8 (0x00000013) addi zero, zero, 0


mem[X,0x800006CC] -> 0x0013
mem[X,0x800006CE] -> 0x0000
[404] [M]: 0x800006CC (0x00000013) addi zero, zero, 0


mem[X,0x800006D0] -> 0x0013
mem[X,0x800006D2] -> 0x0000
[405] [M]: 0x800006D0 (0x00000013) addi zero, zero, 0


mem[X,0x800006D4] -> 0x0013
mem[X,0x800006D6] -> 0x0000
[406] [M]: 0x800006D4 (0x00000013) addi zero, zero, 0


mem[X,0x800006D8] -> 0x0013
mem[X,0x800006DA] -> 0x0000
[407] [M]: 0x800006D8 (0x00000013) addi zero, zero, 0


mem[X,0x800006DC] -> 0x0013
mem[X,0x800006DE] -> 0x0000
[408] [M]: 0x800006DC (0x00000013) addi zero, zero, 0


mem[X,0x800006E0] -> 0x0697
mem[X,0x800006E2] -> 0x0000
[409] [M]: 0x800006E0 (0x00000697) auipc a3, 0
x13 <- 0x800006E0


mem[X,0x800006E4] -> 0x8693
mem[X,0x800006E6] -> 0xF346
[410] [M]: 0x800006E4 (0xF3468693) addi a3, a3, 3892
x13 <- 0x80000614


mem[X,0x800006E8] -> 0x0013
mem[X,0x800006EA] -> 0x0000
[411] [M]: 0x800006E8 (0x00000013) addi zero, zero, 0


mem[X,0x800006EC] -> 0x0013
mem[X,0x800006EE] -> 0x0000
[412] [M]: 0x800006EC (0x00000013) addi zero, zero, 0


mem[X,0x800006F0] -> 0x0013
mem[X,0x800006F2] -> 0x0000
[413] [M]: 0x800006F0 (0x00000013) addi zero, zero, 0


mem[X,0x800006F4] -> 0x0013
mem[X,0x800006F6] -> 0x0000
[414] [M]: 0x800006F4 (0x00000013) addi zero, zero, 0


mem[X,0x800006F8] -> 0x0013
mem[X,0x800006FA] -> 0x0000
[415] [M]: 0x800006F8 (0x00000013) addi zero, zero, 0


mem[X,0x800006FC] -> 0x0013
mem[X,0x800006FE] -> 0x0000
[416] [M]: 0x800006FC (0x00000013) addi zero, zero, 0


mem[X,0x80000700] -> 0x89E7
mem[X,0x80000702] -> 0x1006
[417] [M]: 0x80000700 (0x100689E7) jalr s3, a3, 256
x19 <- 0x80000704


mem[X,0x80000714] -> 0xC993
mem[X,0x80000716] -> 0x0039
[418] [M]: 0x80000714 (0x0039C993) xori s3, s3, 3
x19 <- 0x80000707


mem[X,0x80000718] -> 0x006F
mem[X,0x8000071A] -> 0x0040
[419] [M]: 0x80000718 (0x0040006F) jal zero, 4


mem[X,0x8000071C] -> 0x0013
mem[X,0x8000071E] -> 0x0000
[420] [M]: 0x8000071C (0x00000013) addi zero, zero, 0


mem[X,0x80000720] -> 0x0797
mem[X,0x80000722] -> 0x0000
[421] [M]: 0x80000720 (0x00000797) auipc a5, 0
x15 <- 0x80000720


mem[X,0x80000724] -> 0x8793
mem[X,0x80000726] -> 0xF8C7
[422] [M]: 0x80000724 (0xF8C78793) addi a5, a5, 3980
x15 <- 0x800006AC


mem[X,0x80000728] -> 0x0013
mem[X,0x8000072A] -> 0x0000
[423] [M]: 0x80000728 (0x00000013) addi zero, zero, 0


mem[X,0x8000072C] -> 0x0013
mem[X,0x8000072E] -> 0x0000
[424] [M]: 0x8000072C (0x00000013) addi zero, zero, 0


mem[X,0x80000730] -> 0x0013
mem[X,0x80000732] -> 0x0000
[425] [M]: 0x80000730 (0x00000013) addi zero, zero, 0


mem[X,0x80000734] -> 0x0013
mem[X,0x80000736] -> 0x0000
[426] [M]: 0x80000734 (0x00000013) addi zero, zero, 0


mem[X,0x80000738] -> 0x0013
mem[X,0x8000073A] -> 0x0000
[427] [M]: 0x80000738 (0x00000013) addi zero, zero, 0


mem[X,0x8000073C] -> 0x0013
mem[X,0x8000073E] -> 0x0000
[428] [M]: 0x8000073C (0x00000013) addi zero, zero, 0


mem[X,0x80000740] -> 0xF793
mem[X,0x80000742] -> 0xFFC7
[429] [M]: 0x80000740 (0xFFC7F793) andi a5, a5, 4092
x15 <- 0x800006AC


mem[X,0x80000744] -> 0x89B3
mem[X,0x80000746] -> 0x40F9
[430] [M]: 0x80000744 (0x40F989B3) sub s3, s3, a5
x19 <- 0x0000005B


mem[X,0x80000748] -> 0x2223
mem[X,0x8000074A] -> 0x0335
[431] [M]: 0x80000748 (0x03352223) sw s3, 36(a0)
mem[0x80004138] <- 0x0000005B


mem[X,0x8000074C] -> 0x0013
mem[X,0x8000074E] -> 0x0000
[432] [M]: 0x8000074C (0x00000013) addi zero, zero, 0


mem[X,0x80000750] -> 0x0013
mem[X,0x80000752] -> 0x0000
[433] [M]: 0x80000750 (0x00000013) addi zero, zero, 0


mem[X,0x80000754] -> 0x0013
mem[X,0x80000756] -> 0x0000
[434] [M]: 0x80000754 (0x00000013) addi zero, zero, 0


mem[X,0x80000758] -> 0x0013
mem[X,0x8000075A] -> 0x0000
[435] [M]: 0x80000758 (0x00000013) addi zero, zero, 0


mem[X,0x8000075C] -> 0x0013
mem[X,0x8000075E] -> 0x0000
[436] [M]: 0x8000075C (0x00000013) addi zero, zero, 0


mem[X,0x80000760] -> 0x0E97
mem[X,0x80000762] -> 0x0000
[437] [M]: 0x80000760 (0x00000E97) auipc t4, 0
x29 <- 0x80000760


mem[X,0x80000764] -> 0x8E93
mem[X,0x80000766] -> 0xFECE
[438] [M]: 0x80000764 (0xFECE8E93) addi t4, t4, 4076
x29 <- 0x8000074C


mem[X,0x80000768] -> 0x0013
mem[X,0x8000076A] -> 0x0000
[439] [M]: 0x80000768 (0x00000013) addi zero, zero, 0


mem[X,0x8000076C] -> 0x0013
mem[X,0x8000076E] -> 0x0000
[440] [M]: 0x8000076C (0x00000013) addi zero, zero, 0


mem[X,0x80000770] -> 0x0013
mem[X,0x80000772] -> 0x0000
[441] [M]: 0x80000770 (0x00000013) addi zero, zero, 0


mem[X,0x80000774] -> 0x0013
mem[X,0x80000776] -> 0x0000
[442] [M]: 0x80000774 (0x00000013) addi zero, zero, 0


mem[X,0x80000778] -> 0x0013
mem[X,0x8000077A] -> 0x0000
[443] [M]: 0x80000778 (0x00000013) addi zero, zero, 0


mem[X,0x8000077C] -> 0x0013
mem[X,0x8000077E] -> 0x0000
[444] [M]: 0x8000077C (0x00000013) addi zero, zero, 0


mem[X,0x80000780] -> 0x0417
mem[X,0x80000782] -> 0x0000
[445] [M]: 0x80000780 (0x00000417) auipc fp, 0
x8 <- 0x80000780


mem[X,0x80000784] -> 0x0413
mem[X,0x80000786] -> 0xE344
[446] [M]: 0x80000784 (0xE3440413) addi fp, fp, 3636
x8 <- 0x800005B4


mem[X,0x80000788] -> 0x0013
mem[X,0x8000078A] -> 0x0000
[447] [M]: 0x80000788 (0x00000013) addi zero, zero, 0


mem[X,0x8000078C] -> 0x0013
mem[X,0x8000078E] -> 0x0000
[448] [M]: 0x8000078C (0x00000013) addi zero, zero, 0


mem[X,0x80000790] -> 0x0013
mem[X,0x80000792] -> 0x0000
[449] [M]: 0x80000790 (0x00000013) addi zero, zero, 0


mem[X,0x80000794] -> 0x0013
mem[X,0x80000796] -> 0x0000
[450] [M]: 0x80000794 (0x00000013) addi zero, zero, 0


mem[X,0x80000798] -> 0x0013
mem[X,0x8000079A] -> 0x0000
[451] [M]: 0x80000798 (0x00000013) addi zero, zero, 0


mem[X,0x8000079C] -> 0x0013
mem[X,0x8000079E] -> 0x0000
[452] [M]: 0x8000079C (0x00000013) addi zero, zero, 0


mem[X,0x800007A0] -> 0x0EE7
mem[X,0x800007A2] -> 0x2004
[453] [M]: 0x800007A0 (0x20040EE7) jalr t4, fp, 512
x29 <- 0x800007A4


mem[X,0x800007B4] -> 0xCE93
mem[X,0x800007B6] -> 0x003E
[454] [M]: 0x800007B4 (0x003ECE93) xori t4, t4, 3
x29 <- 0x800007A7


mem[X,0x800007B8] -> 0x006F
mem[X,0x800007BA] -> 0x0040
[455] [M]: 0x800007B8 (0x0040006F) jal zero, 4


mem[X,0x800007BC] -> 0x0013
mem[X,0x800007BE] -> 0x0000
[456] [M]: 0x800007BC (0x00000013) addi zero, zero, 0


mem[X,0x800007C0] -> 0x0797
mem[X,0x800007C2] -> 0x0000
[457] [M]: 0x800007C0 (0x00000797) auipc a5, 0
x15 <- 0x800007C0


mem[X,0x800007C4] -> 0x8793
mem[X,0x800007C6] -> 0xF8C7
[458] [M]: 0x800007C4 (0xF8C78793) addi a5, a5, 3980
x15 <- 0x8000074C


mem[X,0x800007C8] -> 0x0013
mem[X,0x800007CA] -> 0x0000
[459] [M]: 0x800007C8 (0x00000013) addi zero, zero, 0


mem[X,0x800007CC] -> 0x0013
mem[X,0x800007CE] -> 0x0000
[460] [M]: 0x800007CC (0x00000013) addi zero, zero, 0


mem[X,0x800007D0] -> 0x0013
mem[X,0x800007D2] -> 0x0000
[461] [M]: 0x800007D0 (0x00000013) addi zero, zero, 0


mem[X,0x800007D4] -> 0x0013
mem[X,0x800007D6] -> 0x0000
[462] [M]: 0x800007D4 (0x00000013) addi zero, zero, 0


mem[X,0x800007D8] -> 0x0013
mem[X,0x800007DA] -> 0x0000
[463] [M]: 0x800007D8 (0x00000013) addi zero, zero, 0


mem[X,0x800007DC] -> 0x0013
mem[X,0x800007DE] -> 0x0000
[464] [M]: 0x800007DC (0x00000013) addi zero, zero, 0


mem[X,0x800007E0] -> 0xF793
mem[X,0x800007E2] -> 0xFFC7
[465] [M]: 0x800007E0 (0xFFC7F793) andi a5, a5, 4092
x15 <- 0x8000074C


mem[X,0x800007E4] -> 0x8EB3
mem[X,0x800007E6] -> 0x40FE
[466] [M]: 0x800007E4 (0x40FE8EB3) sub t4, t4, a5
x29 <- 0x0000005B


mem[X,0x800007E8] -> 0x2423
mem[X,0x800007EA] -> 0x03D5
[467] [M]: 0x800007E8 (0x03D52423) sw t4, 40(a0)
mem[0x8000413C] <- 0x0000005B


mem[X,0x800007EC] -> 0x0013
mem[X,0x800007EE] -> 0x0000
[468] [M]: 0x800007EC (0x00000013) addi zero, zero, 0


mem[X,0x800007F0] -> 0x0013
mem[X,0x800007F2] -> 0x0000
[469] [M]: 0x800007F0 (0x00000013) addi zero, zero, 0


mem[X,0x800007F4] -> 0x0013
mem[X,0x800007F6] -> 0x0000
[470] [M]: 0x800007F4 (0x00000013) addi zero, zero, 0


mem[X,0x800007F8] -> 0x0013
mem[X,0x800007FA] -> 0x0000
[471] [M]: 0x800007F8 (0x00000013) addi zero, zero, 0


mem[X,0x800007FC] -> 0x0013
mem[X,0x800007FE] -> 0x0000
[472] [M]: 0x800007FC (0x00000013) addi zero, zero, 0


mem[X,0x80000800] -> 0x0B17
mem[X,0x80000802] -> 0x0000
[473] [M]: 0x80000800 (0x00000B17) auipc s6, 0
x22 <- 0x80000800


mem[X,0x80000804] -> 0x0B13
mem[X,0x80000806] -> 0xFECB
[474] [M]: 0x80000804 (0xFECB0B13) addi s6, s6, 4076
x22 <- 0x800007EC


mem[X,0x80000808] -> 0x0013
mem[X,0x8000080A] -> 0x0000
[475] [M]: 0x80000808 (0x00000013) addi zero, zero, 0


mem[X,0x8000080C] -> 0x0013
mem[X,0x8000080E] -> 0x0000
[476] [M]: 0x8000080C (0x00000013) addi zero, zero, 0


mem[X,0x80000810] -> 0x0013
mem[X,0x80000812] -> 0x0000
[477] [M]: 0x80000810 (0x00000013) addi zero, zero, 0


mem[X,0x80000814] -> 0x0013
mem[X,0x80000816] -> 0x0000
[478] [M]: 0x80000814 (0x00000013) addi zero, zero, 0


mem[X,0x80000818] -> 0x0013
mem[X,0x8000081A] -> 0x0000
[479] [M]: 0x80000818 (0x00000013) addi zero, zero, 0


mem[X,0x8000081C] -> 0x0013
mem[X,0x8000081E] -> 0x0000
[480] [M]: 0x8000081C (0x00000013) addi zero, zero, 0


mem[X,0x80000820] -> 0x0F17
mem[X,0x80000822] -> 0x0000
[481] [M]: 0x80000820 (0x00000F17) auipc t5, 0
x30 <- 0x80000820


mem[X,0x80000824] -> 0x0F13
mem[X,0x80000826] -> 0xC34F
[482] [M]: 0x80000824 (0xC34F0F13) addi t5, t5, 3124
x30 <- 0x80000454


mem[X,0x80000828] -> 0x0013
mem[X,0x8000082A] -> 0x0000
[483] [M]: 0x80000828 (0x00000013) addi zero, zero, 0


mem[X,0x8000082C] -> 0x0013
mem[X,0x8000082E] -> 0x0000
[484] [M]: 0x8000082C (0x00000013) addi zero, zero, 0


mem[X,0x80000830] -> 0x0013
mem[X,0x80000832] -> 0x0000
[485] [M]: 0x80000830 (0x00000013) addi zero, zero, 0


mem[X,0x80000834] -> 0x0013
mem[X,0x80000836] -> 0x0000
[486] [M]: 0x80000834 (0x00000013) addi zero, zero, 0


mem[X,0x80000838] -> 0x0013
mem[X,0x8000083A] -> 0x0000
[487] [M]: 0x80000838 (0x00000013) addi zero, zero, 0


mem[X,0x8000083C] -> 0x0013
mem[X,0x8000083E] -> 0x0000
[488] [M]: 0x8000083C (0x00000013) addi zero, zero, 0


mem[X,0x80000840] -> 0x0B67
mem[X,0x80000842] -> 0x400F
[489] [M]: 0x80000840 (0x400F0B67) jalr s6, t5, 1024
x22 <- 0x80000844


mem[X,0x80000854] -> 0x4B13
mem[X,0x80000856] -> 0x003B
[490] [M]: 0x80000854 (0x003B4B13) xori s6, s6, 3
x22 <- 0x80000847


mem[X,0x80000858] -> 0x006F
mem[X,0x8000085A] -> 0x0040
[491] [M]: 0x80000858 (0x0040006F) jal zero, 4


mem[X,0x8000085C] -> 0x0013
mem[X,0x8000085E] -> 0x0000
[492] [M]: 0x8000085C (0x00000013) addi zero, zero, 0


mem[X,0x80000860] -> 0x0797
mem[X,0x80000862] -> 0x0000
[493] [M]: 0x80000860 (0x00000797) auipc a5, 0
x15 <- 0x80000860


mem[X,0x80000864] -> 0x8793
mem[X,0x80000866] -> 0xF8C7
[494] [M]: 0x80000864 (0xF8C78793) addi a5, a5, 3980
x15 <- 0x800007EC


mem[X,0x80000868] -> 0x0013
mem[X,0x8000086A] -> 0x0000
[495] [M]: 0x80000868 (0x00000013) addi zero, zero, 0


mem[X,0x8000086C] -> 0x0013
mem[X,0x8000086E] -> 0x0000
[496] [M]: 0x8000086C (0x00000013) addi zero, zero, 0


mem[X,0x80000870] -> 0x0013
mem[X,0x80000872] -> 0x0000
[497] [M]: 0x80000870 (0x00000013) addi zero, zero, 0


mem[X,0x80000874] -> 0x0013
mem[X,0x80000876] -> 0x0000
[498] [M]: 0x80000874 (0x00000013) addi zero, zero, 0


mem[X,0x80000878] -> 0x0013
mem[X,0x8000087A] -> 0x0000
[499] [M]: 0x80000878 (0x00000013) addi zero, zero, 0


clint::tick mtime <- 0x0000000000000005
 clint timer pending at mtime 0x0000000000000005
htif::tick 0x0000000000000000
mem[X,0x8000087C] -> 0x0013
mem[X,0x8000087E] -> 0x0000
[500] [M]: 0x8000087C (0x00000013) addi zero, zero, 0


mem[X,0x80000880] -> 0xF793
mem[X,0x80000882] -> 0xFFC7
[501] [M]: 0x80000880 (0xFFC7F793) andi a5, a5, 4092
x15 <- 0x800007EC


mem[X,0x80000884] -> 0x0B33
mem[X,0x80000886] -> 0x40FB
[502] [M]: 0x80000884 (0x40FB0B33) sub s6, s6, a5
x22 <- 0x0000005B


mem[X,0x80000888] -> 0x2623
mem[X,0x8000088A] -> 0x0365
[503] [M]: 0x80000888 (0x03652623) sw s6, 44(a0)
mem[0x80004140] <- 0x0000005B


mem[X,0x8000088C] -> 0x0013
mem[X,0x8000088E] -> 0x0000
[504] [M]: 0x8000088C (0x00000013) addi zero, zero, 0


mem[X,0x80000890] -> 0x0013
mem[X,0x80000892] -> 0x0000
[505] [M]: 0x80000890 (0x00000013) addi zero, zero, 0


mem[X,0x80000894] -> 0x0013
mem[X,0x80000896] -> 0x0000
[506] [M]: 0x80000894 (0x00000013) addi zero, zero, 0


mem[X,0x80000898] -> 0x0013
mem[X,0x8000089A] -> 0x0000
[507] [M]: 0x80000898 (0x00000013) addi zero, zero, 0


mem[X,0x8000089C] -> 0x0013
mem[X,0x8000089E] -> 0x0000
[508] [M]: 0x8000089C (0x00000013) addi zero, zero, 0


mem[X,0x800008A0] -> 0x0A97
mem[X,0x800008A2] -> 0x0000
[509] [M]: 0x800008A0 (0x00000A97) auipc s5, 0
x21 <- 0x800008A0


mem[X,0x800008A4] -> 0x8A93
mem[X,0x800008A6] -> 0xFECA
[510] [M]: 0x800008A4 (0xFECA8A93) addi s5, s5, 4076
x21 <- 0x8000088C


mem[X,0x800008A8] -> 0x0013
mem[X,0x800008AA] -> 0x0000
[511] [M]: 0x800008A8 (0x00000013) addi zero, zero, 0


mem[X,0x800008AC] -> 0x0013
mem[X,0x800008AE] -> 0x0000
[512] [M]: 0x800008AC (0x00000013) addi zero, zero, 0


mem[X,0x800008B0] -> 0x0013
mem[X,0x800008B2] -> 0x0000
[513] [M]: 0x800008B0 (0x00000013) addi zero, zero, 0


mem[X,0x800008B4] -> 0x0013
mem[X,0x800008B6] -> 0x0000
[514] [M]: 0x800008B4 (0x00000013) addi zero, zero, 0


mem[X,0x800008B8] -> 0x0013
mem[X,0x800008BA] -> 0x0000
[515] [M]: 0x800008B8 (0x00000013) addi zero, zero, 0


mem[X,0x800008BC] -> 0x0013
mem[X,0x800008BE] -> 0x0000
[516] [M]: 0x800008BC (0x00000013) addi zero, zero, 0


mem[X,0x800008C0] -> 0x1E97
mem[X,0x800008C2] -> 0x0000
[517] [M]: 0x800008C0 (0x00001E97) auipc t4, 1
x29 <- 0x800018C0


mem[X,0x800008C4] -> 0x8E93
mem[X,0x800008C6] -> 0x834E
[518] [M]: 0x800008C4 (0x834E8E93) addi t4, t4, 2100
x29 <- 0x800010F4


mem[X,0x800008C8] -> 0x0013
mem[X,0x800008CA] -> 0x0000
[519] [M]: 0x800008C8 (0x00000013) addi zero, zero, 0


mem[X,0x800008CC] -> 0x0013
mem[X,0x800008CE] -> 0x0000
[520] [M]: 0x800008CC (0x00000013) addi zero, zero, 0


mem[X,0x800008D0] -> 0x0013
mem[X,0x800008D2] -> 0x0000
[521] [M]: 0x800008D0 (0x00000013) addi zero, zero, 0


mem[X,0x800008D4] -> 0x0013
mem[X,0x800008D6] -> 0x0000
[522] [M]: 0x800008D4 (0x00000013) addi zero, zero, 0


mem[X,0x800008D8] -> 0x0013
mem[X,0x800008DA] -> 0x0000
[523] [M]: 0x800008D8 (0x00000013) addi zero, zero, 0


mem[X,0x800008DC] -> 0x0013
mem[X,0x800008DE] -> 0x0000
[524] [M]: 0x800008DC (0x00000013) addi zero, zero, 0


mem[X,0x800008E0] -> 0x8AE7
mem[X,0x800008E2] -> 0x800E
[525] [M]: 0x800008E0 (0x800E8AE7) jalr s5, t4, 2048
x21 <- 0x800008E4


mem[X,0x800008F4] -> 0xCA93
mem[X,0x800008F6] -> 0x003A
[526] [M]: 0x800008F4 (0x003ACA93) xori s5, s5, 3
x21 <- 0x800008E7


mem[X,0x800008F8] -> 0x006F
mem[X,0x800008FA] -> 0x0040
[527] [M]: 0x800008F8 (0x0040006F) jal zero, 4


mem[X,0x800008FC] -> 0x0013
mem[X,0x800008FE] -> 0x0000
[528] [M]: 0x800008FC (0x00000013) addi zero, zero, 0


mem[X,0x80000900] -> 0x0797
mem[X,0x80000902] -> 0x0000
[529] [M]: 0x80000900 (0x00000797) auipc a5, 0
x15 <- 0x80000900


mem[X,0x80000904] -> 0x8793
mem[X,0x80000906] -> 0xF8C7
[530] [M]: 0x80000904 (0xF8C78793) addi a5, a5, 3980
x15 <- 0x8000088C


mem[X,0x80000908] -> 0x0013
mem[X,0x8000090A] -> 0x0000
[531] [M]: 0x80000908 (0x00000013) addi zero, zero, 0


mem[X,0x8000090C] -> 0x0013
mem[X,0x8000090E] -> 0x0000
[532] [M]: 0x8000090C (0x00000013) addi zero, zero, 0


mem[X,0x80000910] -> 0x0013
mem[X,0x80000912] -> 0x0000
[533] [M]: 0x80000910 (0x00000013) addi zero, zero, 0


mem[X,0x80000914] -> 0x0013
mem[X,0x80000916] -> 0x0000
[534] [M]: 0x80000914 (0x00000013) addi zero, zero, 0


mem[X,0x80000918] -> 0x0013
mem[X,0x8000091A] -> 0x0000
[535] [M]: 0x80000918 (0x00000013) addi zero, zero, 0


mem[X,0x8000091C] -> 0x0013
mem[X,0x8000091E] -> 0x0000
[536] [M]: 0x8000091C (0x00000013) addi zero, zero, 0


mem[X,0x80000920] -> 0xF793
mem[X,0x80000922] -> 0xFFC7
[537] [M]: 0x80000920 (0xFFC7F793) andi a5, a5, 4092
x15 <- 0x8000088C


mem[X,0x80000924] -> 0x8AB3
mem[X,0x80000926] -> 0x40FA
[538] [M]: 0x80000924 (0x40FA8AB3) sub s5, s5, a5
x21 <- 0x0000005B


mem[X,0x80000928] -> 0x2823
mem[X,0x8000092A] -> 0x0355
[539] [M]: 0x80000928 (0x03552823) sw s5, 48(a0)
mem[0x80004144] <- 0x0000005B


mem[X,0x8000092C] -> 0x0013
mem[X,0x8000092E] -> 0x0000
[540] [M]: 0x8000092C (0x00000013) addi zero, zero, 0


mem[X,0x80000930] -> 0x0013
mem[X,0x80000932] -> 0x0000
[541] [M]: 0x80000930 (0x00000013) addi zero, zero, 0


mem[X,0x80000934] -> 0x0013
mem[X,0x80000936] -> 0x0000
[542] [M]: 0x80000934 (0x00000013) addi zero, zero, 0


mem[X,0x80000938] -> 0x0013
mem[X,0x8000093A] -> 0x0000
[543] [M]: 0x80000938 (0x00000013) addi zero, zero, 0


mem[X,0x8000093C] -> 0x0013
mem[X,0x8000093E] -> 0x0000
[544] [M]: 0x8000093C (0x00000013) addi zero, zero, 0


mem[X,0x80000940] -> 0x0597
mem[X,0x80000942] -> 0x0000
[545] [M]: 0x80000940 (0x00000597) auipc a1, 0
x11 <- 0x80000940


mem[X,0x80000944] -> 0x8593
mem[X,0x80000946] -> 0xFEC5
[546] [M]: 0x80000944 (0xFEC58593) addi a1, a1, 4076
x11 <- 0x8000092C


mem[X,0x80000948] -> 0x0013
mem[X,0x8000094A] -> 0x0000
[547] [M]: 0x80000948 (0x00000013) addi zero, zero, 0


mem[X,0x8000094C] -> 0x0013
mem[X,0x8000094E] -> 0x0000
[548] [M]: 0x8000094C (0x00000013) addi zero, zero, 0


mem[X,0x80000950] -> 0x0013
mem[X,0x80000952] -> 0x0000
[549] [M]: 0x80000950 (0x00000013) addi zero, zero, 0


mem[X,0x80000954] -> 0x0013
mem[X,0x80000956] -> 0x0000
[550] [M]: 0x80000954 (0x00000013) addi zero, zero, 0


mem[X,0x80000958] -> 0x0013
mem[X,0x8000095A] -> 0x0000
[551] [M]: 0x80000958 (0x00000013) addi zero, zero, 0


mem[X,0x8000095C] -> 0x0013
mem[X,0x8000095E] -> 0x0000
[552] [M]: 0x8000095C (0x00000013) addi zero, zero, 0


mem[X,0x80000960] -> 0x0917
mem[X,0x80000962] -> 0x0000
[553] [M]: 0x80000960 (0x00000917) auipc s2, 0
x18 <- 0x80000960


mem[X,0x80000964] -> 0x0913
mem[X,0x80000966] -> 0x0369
[554] [M]: 0x80000964 (0x03690913) addi s2, s2, 54
x18 <- 0x80000996


mem[X,0x80000968] -> 0x0013
mem[X,0x8000096A] -> 0x0000
[555] [M]: 0x80000968 (0x00000013) addi zero, zero, 0


mem[X,0x8000096C] -> 0x0013
mem[X,0x8000096E] -> 0x0000
[556] [M]: 0x8000096C (0x00000013) addi zero, zero, 0


mem[X,0x80000970] -> 0x0013
mem[X,0x80000972] -> 0x0000
[557] [M]: 0x80000970 (0x00000013) addi zero, zero, 0


mem[X,0x80000974] -> 0x0013
mem[X,0x80000976] -> 0x0000
[558] [M]: 0x80000974 (0x00000013) addi zero, zero, 0


mem[X,0x80000978] -> 0x0013
mem[X,0x8000097A] -> 0x0000
[559] [M]: 0x80000978 (0x00000013) addi zero, zero, 0


mem[X,0x8000097C] -> 0x0013
mem[X,0x8000097E] -> 0x0000
[560] [M]: 0x8000097C (0x00000013) addi zero, zero, 0


mem[X,0x80000980] -> 0x05E7
mem[X,0x80000982] -> 0xFFE9
[561] [M]: 0x80000980 (0xFFE905E7) jalr a1, s2, 4094
x11 <- 0x80000984


mem[X,0x80000994] -> 0xC593
mem[X,0x80000996] -> 0x0035
[562] [M]: 0x80000994 (0x0035C593) xori a1, a1, 3
x11 <- 0x80000987


mem[X,0x80000998] -> 0x006F
mem[X,0x8000099A] -> 0x0040
[563] [M]: 0x80000998 (0x0040006F) jal zero, 4


mem[X,0x8000099C] -> 0x0013
mem[X,0x8000099E] -> 0x0000
[564] [M]: 0x8000099C (0x00000013) addi zero, zero, 0


mem[X,0x800009A0] -> 0x0797
mem[X,0x800009A2] -> 0x0000
[565] [M]: 0x800009A0 (0x00000797) auipc a5, 0
x15 <- 0x800009A0


mem[X,0x800009A4] -> 0x8793
mem[X,0x800009A6] -> 0xF8C7
[566] [M]: 0x800009A4 (0xF8C78793) addi a5, a5, 3980
x15 <- 0x8000092C


mem[X,0x800009A8] -> 0x0013
mem[X,0x800009AA] -> 0x0000
[567] [M]: 0x800009A8 (0x00000013) addi zero, zero, 0


mem[X,0x800009AC] -> 0x0013
mem[X,0x800009AE] -> 0x0000
[568] [M]: 0x800009AC (0x00000013) addi zero, zero, 0


mem[X,0x800009B0] -> 0x0013
mem[X,0x800009B2] -> 0x0000
[569] [M]: 0x800009B0 (0x00000013) addi zero, zero, 0


mem[X,0x800009B4] -> 0x0013
mem[X,0x800009B6] -> 0x0000
[570] [M]: 0x800009B4 (0x00000013) addi zero, zero, 0


mem[X,0x800009B8] -> 0x0013
mem[X,0x800009BA] -> 0x0000
[571] [M]: 0x800009B8 (0x00000013) addi zero, zero, 0


mem[X,0x800009BC] -> 0x0013
mem[X,0x800009BE] -> 0x0000
[572] [M]: 0x800009BC (0x00000013) addi zero, zero, 0


mem[X,0x800009C0] -> 0xF793
mem[X,0x800009C2] -> 0xFFC7
[573] [M]: 0x800009C0 (0xFFC7F793) andi a5, a5, 4092
x15 <- 0x8000092C


mem[X,0x800009C4] -> 0x85B3
mem[X,0x800009C6] -> 0x40F5
[574] [M]: 0x800009C4 (0x40F585B3) sub a1, a1, a5
x11 <- 0x0000005B


mem[X,0x800009C8] -> 0x2A23
mem[X,0x800009CA] -> 0x02B5
[575] [M]: 0x800009C8 (0x02B52A23) sw a1, 52(a0)
mem[0x80004148] <- 0x0000005B


mem[X,0x800009CC] -> 0x0013
mem[X,0x800009CE] -> 0x0000
[576] [M]: 0x800009CC (0x00000013) addi zero, zero, 0


mem[X,0x800009D0] -> 0x0013
mem[X,0x800009D2] -> 0x0000
[577] [M]: 0x800009D0 (0x00000013) addi zero, zero, 0


mem[X,0x800009D4] -> 0x0013
mem[X,0x800009D6] -> 0x0000
[578] [M]: 0x800009D4 (0x00000013) addi zero, zero, 0


mem[X,0x800009D8] -> 0x0013
mem[X,0x800009DA] -> 0x0000
[579] [M]: 0x800009D8 (0x00000013) addi zero, zero, 0


mem[X,0x800009DC] -> 0x0013
mem[X,0x800009DE] -> 0x0000
[580] [M]: 0x800009DC (0x00000013) addi zero, zero, 0


mem[X,0x800009E0] -> 0x0E17
mem[X,0x800009E2] -> 0x0000
[581] [M]: 0x800009E0 (0x00000E17) auipc t3, 0
x28 <- 0x800009E0


mem[X,0x800009E4] -> 0x0E13
mem[X,0x800009E6] -> 0xFECE
[582] [M]: 0x800009E4 (0xFECE0E13) addi t3, t3, 4076
x28 <- 0x800009CC


mem[X,0x800009E8] -> 0x0013
mem[X,0x800009EA] -> 0x0000
[583] [M]: 0x800009E8 (0x00000013) addi zero, zero, 0


mem[X,0x800009EC] -> 0x0013
mem[X,0x800009EE] -> 0x0000
[584] [M]: 0x800009EC (0x00000013) addi zero, zero, 0


mem[X,0x800009F0] -> 0x0013
mem[X,0x800009F2] -> 0x0000
[585] [M]: 0x800009F0 (0x00000013) addi zero, zero, 0


mem[X,0x800009F4] -> 0x0013
mem[X,0x800009F6] -> 0x0000
[586] [M]: 0x800009F4 (0x00000013) addi zero, zero, 0


mem[X,0x800009F8] -> 0x0013
mem[X,0x800009FA] -> 0x0000
[587] [M]: 0x800009F8 (0x00000013) addi zero, zero, 0


mem[X,0x800009FC] -> 0x0013
mem[X,0x800009FE] -> 0x0000
[588] [M]: 0x800009FC (0x00000013) addi zero, zero, 0


mem[X,0x80000A00] -> 0x0A97
mem[X,0x80000A02] -> 0x0000
[589] [M]: 0x80000A00 (0x00000A97) auipc s5, 0
x21 <- 0x80000A00


mem[X,0x80000A04] -> 0x8A93
mem[X,0x80000A06] -> 0x037A
[590] [M]: 0x80000A04 (0x037A8A93) addi s5, s5, 55
x21 <- 0x80000A37


mem[X,0x80000A08] -> 0x0013
mem[X,0x80000A0A] -> 0x0000
[591] [M]: 0x80000A08 (0x00000013) addi zero, zero, 0


mem[X,0x80000A0C] -> 0x0013
mem[X,0x80000A0E] -> 0x0000
[592] [M]: 0x80000A0C (0x00000013) addi zero, zero, 0


mem[X,0x80000A10] -> 0x0013
mem[X,0x80000A12] -> 0x0000
[593] [M]: 0x80000A10 (0x00000013) addi zero, zero, 0


mem[X,0x80000A14] -> 0x0013
mem[X,0x80000A16] -> 0x0000
[594] [M]: 0x80000A14 (0x00000013) addi zero, zero, 0


mem[X,0x80000A18] -> 0x0013
mem[X,0x80000A1A] -> 0x0000
[595] [M]: 0x80000A18 (0x00000013) addi zero, zero, 0


mem[X,0x80000A1C] -> 0x0013
mem[X,0x80000A1E] -> 0x0000
[596] [M]: 0x80000A1C (0x00000013) addi zero, zero, 0


mem[X,0x80000A20] -> 0x8E67
mem[X,0x80000A22] -> 0xFFDA
[597] [M]: 0x80000A20 (0xFFDA8E67) jalr t3, s5, 4093
x28 <- 0x80000A24


mem[X,0x80000A34] -> 0x4E13
mem[X,0x80000A36] -> 0x003E
[598] [M]: 0x80000A34 (0x003E4E13) xori t3, t3, 3
x28 <- 0x80000A27


mem[X,0x80000A38] -> 0x006F
mem[X,0x80000A3A] -> 0x0040
[599] [M]: 0x80000A38 (0x0040006F) jal zero, 4


clint::tick mtime <- 0x0000000000000006
 clint timer pending at mtime 0x0000000000000006
htif::tick 0x0000000000000000
mem[X,0x80000A3C] -> 0x0013
mem[X,0x80000A3E] -> 0x0000
[600] [M]: 0x80000A3C (0x00000013) addi zero, zero, 0


mem[X,0x80000A40] -> 0x0797
mem[X,0x80000A42] -> 0x0000
[601] [M]: 0x80000A40 (0x00000797) auipc a5, 0
x15 <- 0x80000A40


mem[X,0x80000A44] -> 0x8793
mem[X,0x80000A46] -> 0xF8C7
[602] [M]: 0x80000A44 (0xF8C78793) addi a5, a5, 3980
x15 <- 0x800009CC


mem[X,0x80000A48] -> 0x0013
mem[X,0x80000A4A] -> 0x0000
[603] [M]: 0x80000A48 (0x00000013) addi zero, zero, 0


mem[X,0x80000A4C] -> 0x0013
mem[X,0x80000A4E] -> 0x0000
[604] [M]: 0x80000A4C (0x00000013) addi zero, zero, 0


mem[X,0x80000A50] -> 0x0013
mem[X,0x80000A52] -> 0x0000
[605] [M]: 0x80000A50 (0x00000013) addi zero, zero, 0


mem[X,0x80000A54] -> 0x0013
mem[X,0x80000A56] -> 0x0000
[606] [M]: 0x80000A54 (0x00000013) addi zero, zero, 0


mem[X,0x80000A58] -> 0x0013
mem[X,0x80000A5A] -> 0x0000
[607] [M]: 0x80000A58 (0x00000013) addi zero, zero, 0


mem[X,0x80000A5C] -> 0x0013
mem[X,0x80000A5E] -> 0x0000
[608] [M]: 0x80000A5C (0x00000013) addi zero, zero, 0


mem[X,0x80000A60] -> 0xF793
mem[X,0x80000A62] -> 0xFFC7
[609] [M]: 0x80000A60 (0xFFC7F793) andi a5, a5, 4092
x15 <- 0x800009CC


mem[X,0x80000A64] -> 0x0E33
mem[X,0x80000A66] -> 0x40FE
[610] [M]: 0x80000A64 (0x40FE0E33) sub t3, t3, a5
x28 <- 0x0000005B


mem[X,0x80000A68] -> 0x2C23
mem[X,0x80000A6A] -> 0x03C5
[611] [M]: 0x80000A68 (0x03C52C23) sw t3, 56(a0)
mem[0x8000414C] <- 0x0000005B


mem[X,0x80000A6C] -> 0x0013
mem[X,0x80000A6E] -> 0x0000
[612] [M]: 0x80000A6C (0x00000013) addi zero, zero, 0


mem[X,0x80000A70] -> 0x0013
mem[X,0x80000A72] -> 0x0000
[613] [M]: 0x80000A70 (0x00000013) addi zero, zero, 0


mem[X,0x80000A74] -> 0x0013
mem[X,0x80000A76] -> 0x0000
[614] [M]: 0x80000A74 (0x00000013) addi zero, zero, 0


mem[X,0x80000A78] -> 0x0013
mem[X,0x80000A7A] -> 0x0000
[615] [M]: 0x80000A78 (0x00000013) addi zero, zero, 0


mem[X,0x80000A7C] -> 0x0013
mem[X,0x80000A7E] -> 0x0000
[616] [M]: 0x80000A7C (0x00000013) addi zero, zero, 0


mem[X,0x80000A80] -> 0x0717
mem[X,0x80000A82] -> 0x0000
[617] [M]: 0x80000A80 (0x00000717) auipc a4, 0
x14 <- 0x80000A80


mem[X,0x80000A84] -> 0x0713
mem[X,0x80000A86] -> 0xFEC7
[618] [M]: 0x80000A84 (0xFEC70713) addi a4, a4, 4076
x14 <- 0x80000A6C


mem[X,0x80000A88] -> 0x0013
mem[X,0x80000A8A] -> 0x0000
[619] [M]: 0x80000A88 (0x00000013) addi zero, zero, 0


mem[X,0x80000A8C] -> 0x0013
mem[X,0x80000A8E] -> 0x0000
[620] [M]: 0x80000A8C (0x00000013) addi zero, zero, 0


mem[X,0x80000A90] -> 0x0013
mem[X,0x80000A92] -> 0x0000
[621] [M]: 0x80000A90 (0x00000013) addi zero, zero, 0


mem[X,0x80000A94] -> 0x0013
mem[X,0x80000A96] -> 0x0000
[622] [M]: 0x80000A94 (0x00000013) addi zero, zero, 0


mem[X,0x80000A98] -> 0x0013
mem[X,0x80000A9A] -> 0x0000
[623] [M]: 0x80000A98 (0x00000013) addi zero, zero, 0


mem[X,0x80000A9C] -> 0x0013
mem[X,0x80000A9E] -> 0x0000
[624] [M]: 0x80000A9C (0x00000013) addi zero, zero, 0


mem[X,0x80000AA0] -> 0x0C17
mem[X,0x80000AA2] -> 0x0000
[625] [M]: 0x80000AA0 (0x00000C17) auipc s8, 0
x24 <- 0x80000AA0


mem[X,0x80000AA4] -> 0x0C13
mem[X,0x80000AA6] -> 0x039C
[626] [M]: 0x80000AA4 (0x039C0C13) addi s8, s8, 57
x24 <- 0x80000AD9


mem[X,0x80000AA8] -> 0x0013
mem[X,0x80000AAA] -> 0x0000
[627] [M]: 0x80000AA8 (0x00000013) addi zero, zero, 0


mem[X,0x80000AAC] -> 0x0013
mem[X,0x80000AAE] -> 0x0000
[628] [M]: 0x80000AAC (0x00000013) addi zero, zero, 0


mem[X,0x80000AB0] -> 0x0013
mem[X,0x80000AB2] -> 0x0000
[629] [M]: 0x80000AB0 (0x00000013) addi zero, zero, 0


mem[X,0x80000AB4] -> 0x0013
mem[X,0x80000AB6] -> 0x0000
[630] [M]: 0x80000AB4 (0x00000013) addi zero, zero, 0


mem[X,0x80000AB8] -> 0x0013
mem[X,0x80000ABA] -> 0x0000
[631] [M]: 0x80000AB8 (0x00000013) addi zero, zero, 0


mem[X,0x80000ABC] -> 0x0013
mem[X,0x80000ABE] -> 0x0000
[632] [M]: 0x80000ABC (0x00000013) addi zero, zero, 0


mem[X,0x80000AC0] -> 0x0767
mem[X,0x80000AC2] -> 0xFFBC
[633] [M]: 0x80000AC0 (0xFFBC0767) jalr a4, s8, 4091
x14 <- 0x80000AC4


mem[X,0x80000AD4] -> 0x4713
mem[X,0x80000AD6] -> 0x0037
[634] [M]: 0x80000AD4 (0x00374713) xori a4, a4, 3
x14 <- 0x80000AC7


mem[X,0x80000AD8] -> 0x006F
mem[X,0x80000ADA] -> 0x0040
[635] [M]: 0x80000AD8 (0x0040006F) jal zero, 4


mem[X,0x80000ADC] -> 0x0013
mem[X,0x80000ADE] -> 0x0000
[636] [M]: 0x80000ADC (0x00000013) addi zero, zero, 0


mem[X,0x80000AE0] -> 0x0797
mem[X,0x80000AE2] -> 0x0000
[637] [M]: 0x80000AE0 (0x00000797) auipc a5, 0
x15 <- 0x80000AE0


mem[X,0x80000AE4] -> 0x8793
mem[X,0x80000AE6] -> 0xF8C7
[638] [M]: 0x80000AE4 (0xF8C78793) addi a5, a5, 3980
x15 <- 0x80000A6C


mem[X,0x80000AE8] -> 0x0013
mem[X,0x80000AEA] -> 0x0000
[639] [M]: 0x80000AE8 (0x00000013) addi zero, zero, 0


mem[X,0x80000AEC] -> 0x0013
mem[X,0x80000AEE] -> 0x0000
[640] [M]: 0x80000AEC (0x00000013) addi zero, zero, 0


mem[X,0x80000AF0] -> 0x0013
mem[X,0x80000AF2] -> 0x0000
[641] [M]: 0x80000AF0 (0x00000013) addi zero, zero, 0


mem[X,0x80000AF4] -> 0x0013
mem[X,0x80000AF6] -> 0x0000
[642] [M]: 0x80000AF4 (0x00000013) addi zero, zero, 0


mem[X,0x80000AF8] -> 0x0013
mem[X,0x80000AFA] -> 0x0000
[643] [M]: 0x80000AF8 (0x00000013) addi zero, zero, 0


mem[X,0x80000AFC] -> 0x0013
mem[X,0x80000AFE] -> 0x0000
[644] [M]: 0x80000AFC (0x00000013) addi zero, zero, 0


mem[X,0x80000B00] -> 0xF793
mem[X,0x80000B02] -> 0xFFC7
[645] [M]: 0x80000B00 (0xFFC7F793) andi a5, a5, 4092
x15 <- 0x80000A6C


mem[X,0x80000B04] -> 0x0733
mem[X,0x80000B06] -> 0x40F7
[646] [M]: 0x80000B04 (0x40F70733) sub a4, a4, a5
x14 <- 0x0000005B


mem[X,0x80000B08] -> 0x2E23
mem[X,0x80000B0A] -> 0x02E5
[647] [M]: 0x80000B08 (0x02E52E23) sw a4, 60(a0)
mem[0x80004150] <- 0x0000005B


mem[X,0x80000B0C] -> 0x0013
mem[X,0x80000B0E] -> 0x0000
[648] [M]: 0x80000B0C (0x00000013) addi zero, zero, 0


mem[X,0x80000B10] -> 0x0013
mem[X,0x80000B12] -> 0x0000
[649] [M]: 0x80000B10 (0x00000013) addi zero, zero, 0


mem[X,0x80000B14] -> 0x0013
mem[X,0x80000B16] -> 0x0000
[650] [M]: 0x80000B14 (0x00000013) addi zero, zero, 0


mem[X,0x80000B18] -> 0x0013
mem[X,0x80000B1A] -> 0x0000
[651] [M]: 0x80000B18 (0x00000013) addi zero, zero, 0


mem[X,0x80000B1C] -> 0x0013
mem[X,0x80000B1E] -> 0x0000
[652] [M]: 0x80000B1C (0x00000013) addi zero, zero, 0


mem[X,0x80000B20] -> 0x0317
mem[X,0x80000B22] -> 0x0000
[653] [M]: 0x80000B20 (0x00000317) auipc t1, 0
x6 <- 0x80000B20


mem[X,0x80000B24] -> 0x0313
mem[X,0x80000B26] -> 0xFEC3
[654] [M]: 0x80000B24 (0xFEC30313) addi t1, t1, 4076
x6 <- 0x80000B0C


mem[X,0x80000B28] -> 0x0013
mem[X,0x80000B2A] -> 0x0000
[655] [M]: 0x80000B28 (0x00000013) addi zero, zero, 0


mem[X,0x80000B2C] -> 0x0013
mem[X,0x80000B2E] -> 0x0000
[656] [M]: 0x80000B2C (0x00000013) addi zero, zero, 0


mem[X,0x80000B30] -> 0x0013
mem[X,0x80000B32] -> 0x0000
[657] [M]: 0x80000B30 (0x00000013) addi zero, zero, 0


mem[X,0x80000B34] -> 0x0013
mem[X,0x80000B36] -> 0x0000
[658] [M]: 0x80000B34 (0x00000013) addi zero, zero, 0


mem[X,0x80000B38] -> 0x0013
mem[X,0x80000B3A] -> 0x0000
[659] [M]: 0x80000B38 (0x00000013) addi zero, zero, 0


mem[X,0x80000B3C] -> 0x0013
mem[X,0x80000B3E] -> 0x0000
[660] [M]: 0x80000B3C (0x00000013) addi zero, zero, 0


mem[X,0x80000B40] -> 0x0117
mem[X,0x80000B42] -> 0x0000
[661] [M]: 0x80000B40 (0x00000117) auipc sp, 0
x2 <- 0x80000B40


mem[X,0x80000B44] -> 0x0113
mem[X,0x80000B46] -> 0x03D1
[662] [M]: 0x80000B44 (0x03D10113) addi sp, sp, 61
x2 <- 0x80000B7D


mem[X,0x80000B48] -> 0x0013
mem[X,0x80000B4A] -> 0x0000
[663] [M]: 0x80000B48 (0x00000013) addi zero, zero, 0


mem[X,0x80000B4C] -> 0x0013
mem[X,0x80000B4E] -> 0x0000
[664] [M]: 0x80000B4C (0x00000013) addi zero, zero, 0


mem[X,0x80000B50] -> 0x0013
mem[X,0x80000B52] -> 0x0000
[665] [M]: 0x80000B50 (0x00000013) addi zero, zero, 0


mem[X,0x80000B54] -> 0x0013
mem[X,0x80000B56] -> 0x0000
[666] [M]: 0x80000B54 (0x00000013) addi zero, zero, 0


mem[X,0x80000B58] -> 0x0013
mem[X,0x80000B5A] -> 0x0000
[667] [M]: 0x80000B58 (0x00000013) addi zero, zero, 0


mem[X,0x80000B5C] -> 0x0013
mem[X,0x80000B5E] -> 0x0000
[668] [M]: 0x80000B5C (0x00000013) addi zero, zero, 0


mem[X,0x80000B60] -> 0x0367
mem[X,0x80000B62] -> 0xFF71
[669] [M]: 0x80000B60 (0xFF710367) jalr t1, sp, 4087
x6 <- 0x80000B64


mem[X,0x80000B74] -> 0x4313
mem[X,0x80000B76] -> 0x0033
[670] [M]: 0x80000B74 (0x00334313) xori t1, t1, 3
x6 <- 0x80000B67


mem[X,0x80000B78] -> 0x006F
mem[X,0x80000B7A] -> 0x0040
[671] [M]: 0x80000B78 (0x0040006F) jal zero, 4


mem[X,0x80000B7C] -> 0x0013
mem[X,0x80000B7E] -> 0x0000
[672] [M]: 0x80000B7C (0x00000013) addi zero, zero, 0


mem[X,0x80000B80] -> 0x0797
mem[X,0x80000B82] -> 0x0000
[673] [M]: 0x80000B80 (0x00000797) auipc a5, 0
x15 <- 0x80000B80


mem[X,0x80000B84] -> 0x8793
mem[X,0x80000B86] -> 0xF8C7
[674] [M]: 0x80000B84 (0xF8C78793) addi a5, a5, 3980
x15 <- 0x80000B0C


mem[X,0x80000B88] -> 0x0013
mem[X,0x80000B8A] -> 0x0000
[675] [M]: 0x80000B88 (0x00000013) addi zero, zero, 0


mem[X,0x80000B8C] -> 0x0013
mem[X,0x80000B8E] -> 0x0000
[676] [M]: 0x80000B8C (0x00000013) addi zero, zero, 0


mem[X,0x80000B90] -> 0x0013
mem[X,0x80000B92] -> 0x0000
[677] [M]: 0x80000B90 (0x00000013) addi zero, zero, 0


mem[X,0x80000B94] -> 0x0013
mem[X,0x80000B96] -> 0x0000
[678] [M]: 0x80000B94 (0x00000013) addi zero, zero, 0


mem[X,0x80000B98] -> 0x0013
mem[X,0x80000B9A] -> 0x0000
[679] [M]: 0x80000B98 (0x00000013) addi zero, zero, 0


mem[X,0x80000B9C] -> 0x0013
mem[X,0x80000B9E] -> 0x0000
[680] [M]: 0x80000B9C (0x00000013) addi zero, zero, 0


mem[X,0x80000BA0] -> 0xF793
mem[X,0x80000BA2] -> 0xFFC7
[681] [M]: 0x80000BA0 (0xFFC7F793) andi a5, a5, 4092
x15 <- 0x80000B0C


mem[X,0x80000BA4] -> 0x0333
mem[X,0x80000BA6] -> 0x40F3
[682] [M]: 0x80000BA4 (0x40F30333) sub t1, t1, a5
x6 <- 0x0000005B


mem[X,0x80000BA8] -> 0x2023
mem[X,0x80000BAA] -> 0x0465
[683] [M]: 0x80000BA8 (0x04652023) sw t1, 64(a0)
mem[0x80004154] <- 0x0000005B


mem[X,0x80000BAC] -> 0x0013
mem[X,0x80000BAE] -> 0x0000
[684] [M]: 0x80000BAC (0x00000013) addi zero, zero, 0


mem[X,0x80000BB0] -> 0x0013
mem[X,0x80000BB2] -> 0x0000
[685] [M]: 0x80000BB0 (0x00000013) addi zero, zero, 0


mem[X,0x80000BB4] -> 0x0013
mem[X,0x80000BB6] -> 0x0000
[686] [M]: 0x80000BB4 (0x00000013) addi zero, zero, 0


mem[X,0x80000BB8] -> 0x0013
mem[X,0x80000BBA] -> 0x0000
[687] [M]: 0x80000BB8 (0x00000013) addi zero, zero, 0


mem[X,0x80000BBC] -> 0x0013
mem[X,0x80000BBE] -> 0x0000
[688] [M]: 0x80000BBC (0x00000013) addi zero, zero, 0


mem[X,0x80000BC0] -> 0x0297
mem[X,0x80000BC2] -> 0x0000
[689] [M]: 0x80000BC0 (0x00000297) auipc t0, 0
x5 <- 0x80000BC0


mem[X,0x80000BC4] -> 0x8293
mem[X,0x80000BC6] -> 0xFEC2
[690] [M]: 0x80000BC4 (0xFEC28293) addi t0, t0, 4076
x5 <- 0x80000BAC


mem[X,0x80000BC8] -> 0x0013
mem[X,0x80000BCA] -> 0x0000
[691] [M]: 0x80000BC8 (0x00000013) addi zero, zero, 0


mem[X,0x80000BCC] -> 0x0013
mem[X,0x80000BCE] -> 0x0000
[692] [M]: 0x80000BCC (0x00000013) addi zero, zero, 0


mem[X,0x80000BD0] -> 0x0013
mem[X,0x80000BD2] -> 0x0000
[693] [M]: 0x80000BD0 (0x00000013) addi zero, zero, 0


mem[X,0x80000BD4] -> 0x0013
mem[X,0x80000BD6] -> 0x0000
[694] [M]: 0x80000BD4 (0x00000013) addi zero, zero, 0


mem[X,0x80000BD8] -> 0x0013
mem[X,0x80000BDA] -> 0x0000
[695] [M]: 0x80000BD8 (0x00000013) addi zero, zero, 0


mem[X,0x80000BDC] -> 0x0013
mem[X,0x80000BDE] -> 0x0000
[696] [M]: 0x80000BDC (0x00000013) addi zero, zero, 0


mem[X,0x80000BE0] -> 0x0097
mem[X,0x80000BE2] -> 0x0000
[697] [M]: 0x80000BE0 (0x00000097) auipc ra, 0
x1 <- 0x80000BE0


mem[X,0x80000BE4] -> 0x8093
mem[X,0x80000BE6] -> 0x0450
[698] [M]: 0x80000BE4 (0x04508093) addi ra, ra, 69
x1 <- 0x80000C25


mem[X,0x80000BE8] -> 0x0013
mem[X,0x80000BEA] -> 0x0000
[699] [M]: 0x80000BE8 (0x00000013) addi zero, zero, 0


clint::tick mtime <- 0x0000000000000007
 clint timer pending at mtime 0x0000000000000007
htif::tick 0x0000000000000000
mem[X,0x80000BEC] -> 0x0013
mem[X,0x80000BEE] -> 0x0000
[700] [M]: 0x80000BEC (0x00000013) addi zero, zero, 0


mem[X,0x80000BF0] -> 0x0013
mem[X,0x80000BF2] -> 0x0000
[701] [M]: 0x80000BF0 (0x00000013) addi zero, zero, 0


mem[X,0x80000BF4] -> 0x0013
mem[X,0x80000BF6] -> 0x0000
[702] [M]: 0x80000BF4 (0x00000013) addi zero, zero, 0


mem[X,0x80000BF8] -> 0x0013
mem[X,0x80000BFA] -> 0x0000
[703] [M]: 0x80000BF8 (0x00000013) addi zero, zero, 0


mem[X,0x80000BFC] -> 0x0013
mem[X,0x80000BFE] -> 0x0000
[704] [M]: 0x80000BFC (0x00000013) addi zero, zero, 0


mem[X,0x80000C00] -> 0x82E7
mem[X,0x80000C02] -> 0xFEF0
[705] [M]: 0x80000C00 (0xFEF082E7) jalr t0, ra, 4079
x5 <- 0x80000C04


mem[X,0x80000C14] -> 0xC293
mem[X,0x80000C16] -> 0x0032
[706] [M]: 0x80000C14 (0x0032C293) xori t0, t0, 3
x5 <- 0x80000C07


mem[X,0x80000C18] -> 0x006F
mem[X,0x80000C1A] -> 0x0040
[707] [M]: 0x80000C18 (0x0040006F) jal zero, 4


mem[X,0x80000C1C] -> 0x0013
mem[X,0x80000C1E] -> 0x0000
[708] [M]: 0x80000C1C (0x00000013) addi zero, zero, 0


mem[X,0x80000C20] -> 0x0797
mem[X,0x80000C22] -> 0x0000
[709] [M]: 0x80000C20 (0x00000797) auipc a5, 0
x15 <- 0x80000C20


mem[X,0x80000C24] -> 0x8793
mem[X,0x80000C26] -> 0xF8C7
[710] [M]: 0x80000C24 (0xF8C78793) addi a5, a5, 3980
x15 <- 0x80000BAC


mem[X,0x80000C28] -> 0x0013
mem[X,0x80000C2A] -> 0x0000
[711] [M]: 0x80000C28 (0x00000013) addi zero, zero, 0


mem[X,0x80000C2C] -> 0x0013
mem[X,0x80000C2E] -> 0x0000
[712] [M]: 0x80000C2C (0x00000013) addi zero, zero, 0


mem[X,0x80000C30] -> 0x0013
mem[X,0x80000C32] -> 0x0000
[713] [M]: 0x80000C30 (0x00000013) addi zero, zero, 0


mem[X,0x80000C34] -> 0x0013
mem[X,0x80000C36] -> 0x0000
[714] [M]: 0x80000C34 (0x00000013) addi zero, zero, 0


mem[X,0x80000C38] -> 0x0013
mem[X,0x80000C3A] -> 0x0000
[715] [M]: 0x80000C38 (0x00000013) addi zero, zero, 0


mem[X,0x80000C3C] -> 0x0013
mem[X,0x80000C3E] -> 0x0000
[716] [M]: 0x80000C3C (0x00000013) addi zero, zero, 0


mem[X,0x80000C40] -> 0xF793
mem[X,0x80000C42] -> 0xFFC7
[717] [M]: 0x80000C40 (0xFFC7F793) andi a5, a5, 4092
x15 <- 0x80000BAC


mem[X,0x80000C44] -> 0x82B3
mem[X,0x80000C46] -> 0x40F2
[718] [M]: 0x80000C44 (0x40F282B3) sub t0, t0, a5
x5 <- 0x0000005B


mem[X,0x80000C48] -> 0x2223
mem[X,0x80000C4A] -> 0x0455
[719] [M]: 0x80000C48 (0x04552223) sw t0, 68(a0)
mem[0x80004158] <- 0x0000005B


mem[X,0x80000C4C] -> 0x0013
mem[X,0x80000C4E] -> 0x0000
[720] [M]: 0x80000C4C (0x00000013) addi zero, zero, 0


mem[X,0x80000C50] -> 0x0013
mem[X,0x80000C52] -> 0x0000
[721] [M]: 0x80000C50 (0x00000013) addi zero, zero, 0


mem[X,0x80000C54] -> 0x0013
mem[X,0x80000C56] -> 0x0000
[722] [M]: 0x80000C54 (0x00000013) addi zero, zero, 0


mem[X,0x80000C58] -> 0x0013
mem[X,0x80000C5A] -> 0x0000
[723] [M]: 0x80000C58 (0x00000013) addi zero, zero, 0


mem[X,0x80000C5C] -> 0x0013
mem[X,0x80000C5E] -> 0x0000
[724] [M]: 0x80000C5C (0x00000013) addi zero, zero, 0


mem[X,0x80000C60] -> 0x0917
mem[X,0x80000C62] -> 0x0000
[725] [M]: 0x80000C60 (0x00000917) auipc s2, 0
x18 <- 0x80000C60


mem[X,0x80000C64] -> 0x0913
mem[X,0x80000C66] -> 0xFEC9
[726] [M]: 0x80000C64 (0xFEC90913) addi s2, s2, 4076
x18 <- 0x80000C4C


mem[X,0x80000C68] -> 0x0013
mem[X,0x80000C6A] -> 0x0000
[727] [M]: 0x80000C68 (0x00000013) addi zero, zero, 0


mem[X,0x80000C6C] -> 0x0013
mem[X,0x80000C6E] -> 0x0000
[728] [M]: 0x80000C6C (0x00000013) addi zero, zero, 0


mem[X,0x80000C70] -> 0x0013
mem[X,0x80000C72] -> 0x0000
[729] [M]: 0x80000C70 (0x00000013) addi zero, zero, 0


mem[X,0x80000C74] -> 0x0013
mem[X,0x80000C76] -> 0x0000
[730] [M]: 0x80000C74 (0x00000013) addi zero, zero, 0


mem[X,0x80000C78] -> 0x0013
mem[X,0x80000C7A] -> 0x0000
[731] [M]: 0x80000C78 (0x00000013) addi zero, zero, 0


mem[X,0x80000C7C] -> 0x0013
mem[X,0x80000C7E] -> 0x0000
[732] [M]: 0x80000C7C (0x00000013) addi zero, zero, 0


mem[X,0x80000C80] -> 0x0297
mem[X,0x80000C82] -> 0x0000
[733] [M]: 0x80000C80 (0x00000297) auipc t0, 0
x5 <- 0x80000C80


mem[X,0x80000C84] -> 0x8293
mem[X,0x80000C86] -> 0x0552
[734] [M]: 0x80000C84 (0x05528293) addi t0, t0, 85
x5 <- 0x80000CD5


mem[X,0x80000C88] -> 0x0013
mem[X,0x80000C8A] -> 0x0000
[735] [M]: 0x80000C88 (0x00000013) addi zero, zero, 0


mem[X,0x80000C8C] -> 0x0013
mem[X,0x80000C8E] -> 0x0000
[736] [M]: 0x80000C8C (0x00000013) addi zero, zero, 0


mem[X,0x80000C90] -> 0x0013
mem[X,0x80000C92] -> 0x0000
[737] [M]: 0x80000C90 (0x00000013) addi zero, zero, 0


mem[X,0x80000C94] -> 0x0013
mem[X,0x80000C96] -> 0x0000
[738] [M]: 0x80000C94 (0x00000013) addi zero, zero, 0


mem[X,0x80000C98] -> 0x0013
mem[X,0x80000C9A] -> 0x0000
[739] [M]: 0x80000C98 (0x00000013) addi zero, zero, 0


mem[X,0x80000C9C] -> 0x0013
mem[X,0x80000C9E] -> 0x0000
[740] [M]: 0x80000C9C (0x00000013) addi zero, zero, 0


mem[X,0x80000CA0] -> 0x8967
mem[X,0x80000CA2] -> 0xFDF2
[741] [M]: 0x80000CA0 (0xFDF28967) jalr s2, t0, 4063
x18 <- 0x80000CA4


mem[X,0x80000CB4] -> 0x4913
mem[X,0x80000CB6] -> 0x0039
[742] [M]: 0x80000CB4 (0x00394913) xori s2, s2, 3
x18 <- 0x80000CA7


mem[X,0x80000CB8] -> 0x006F
mem[X,0x80000CBA] -> 0x0040
[743] [M]: 0x80000CB8 (0x0040006F) jal zero, 4


mem[X,0x80000CBC] -> 0x0013
mem[X,0x80000CBE] -> 0x0000
[744] [M]: 0x80000CBC (0x00000013) addi zero, zero, 0


mem[X,0x80000CC0] -> 0x0797
mem[X,0x80000CC2] -> 0x0000
[745] [M]: 0x80000CC0 (0x00000797) auipc a5, 0
x15 <- 0x80000CC0


mem[X,0x80000CC4] -> 0x8793
mem[X,0x80000CC6] -> 0xF8C7
[746] [M]: 0x80000CC4 (0xF8C78793) addi a5, a5, 3980
x15 <- 0x80000C4C


mem[X,0x80000CC8] -> 0x0013
mem[X,0x80000CCA] -> 0x0000
[747] [M]: 0x80000CC8 (0x00000013) addi zero, zero, 0


mem[X,0x80000CCC] -> 0x0013
mem[X,0x80000CCE] -> 0x0000
[748] [M]: 0x80000CCC (0x00000013) addi zero, zero, 0


mem[X,0x80000CD0] -> 0x0013
mem[X,0x80000CD2] -> 0x0000
[749] [M]: 0x80000CD0 (0x00000013) addi zero, zero, 0


mem[X,0x80000CD4] -> 0x0013
mem[X,0x80000CD6] -> 0x0000
[750] [M]: 0x80000CD4 (0x00000013) addi zero, zero, 0


mem[X,0x80000CD8] -> 0x0013
mem[X,0x80000CDA] -> 0x0000
[751] [M]: 0x80000CD8 (0x00000013) addi zero, zero, 0


mem[X,0x80000CDC] -> 0x0013
mem[X,0x80000CDE] -> 0x0000
[752] [M]: 0x80000CDC (0x00000013) addi zero, zero, 0


mem[X,0x80000CE0] -> 0xF793
mem[X,0x80000CE2] -> 0xFFC7
[753] [M]: 0x80000CE0 (0xFFC7F793) andi a5, a5, 4092
x15 <- 0x80000C4C


mem[X,0x80000CE4] -> 0x0933
mem[X,0x80000CE6] -> 0x40F9
[754] [M]: 0x80000CE4 (0x40F90933) sub s2, s2, a5
x18 <- 0x0000005B


mem[X,0x80000CE8] -> 0x2423
mem[X,0x80000CEA] -> 0x0525
[755] [M]: 0x80000CE8 (0x05252423) sw s2, 72(a0)
mem[0x8000415C] <- 0x0000005B


mem[X,0x80000CEC] -> 0x0013
mem[X,0x80000CEE] -> 0x0000
[756] [M]: 0x80000CEC (0x00000013) addi zero, zero, 0


mem[X,0x80000CF0] -> 0x0013
mem[X,0x80000CF2] -> 0x0000
[757] [M]: 0x80000CF0 (0x00000013) addi zero, zero, 0


mem[X,0x80000CF4] -> 0x0013
mem[X,0x80000CF6] -> 0x0000
[758] [M]: 0x80000CF4 (0x00000013) addi zero, zero, 0


mem[X,0x80000CF8] -> 0x0013
mem[X,0x80000CFA] -> 0x0000
[759] [M]: 0x80000CF8 (0x00000013) addi zero, zero, 0


mem[X,0x80000CFC] -> 0x0013
mem[X,0x80000CFE] -> 0x0000
[760] [M]: 0x80000CFC (0x00000013) addi zero, zero, 0


mem[X,0x80000D00] -> 0x0397
mem[X,0x80000D02] -> 0x0000
[761] [M]: 0x80000D00 (0x00000397) auipc t2, 0
x7 <- 0x80000D00


mem[X,0x80000D04] -> 0x8393
mem[X,0x80000D06] -> 0xFEC3
[762] [M]: 0x80000D04 (0xFEC38393) addi t2, t2, 4076
x7 <- 0x80000CEC


mem[X,0x80000D08] -> 0x0013
mem[X,0x80000D0A] -> 0x0000
[763] [M]: 0x80000D08 (0x00000013) addi zero, zero, 0


mem[X,0x80000D0C] -> 0x0013
mem[X,0x80000D0E] -> 0x0000
[764] [M]: 0x80000D0C (0x00000013) addi zero, zero, 0


mem[X,0x80000D10] -> 0x0013
mem[X,0x80000D12] -> 0x0000
[765] [M]: 0x80000D10 (0x00000013) addi zero, zero, 0


mem[X,0x80000D14] -> 0x0013
mem[X,0x80000D16] -> 0x0000
[766] [M]: 0x80000D14 (0x00000013) addi zero, zero, 0


mem[X,0x80000D18] -> 0x0013
mem[X,0x80000D1A] -> 0x0000
[767] [M]: 0x80000D18 (0x00000013) addi zero, zero, 0


mem[X,0x80000D1C] -> 0x0013
mem[X,0x80000D1E] -> 0x0000
[768] [M]: 0x80000D1C (0x00000013) addi zero, zero, 0


mem[X,0x80000D20] -> 0x0497
mem[X,0x80000D22] -> 0x0000
[769] [M]: 0x80000D20 (0x00000497) auipc s1, 0
x9 <- 0x80000D20


mem[X,0x80000D24] -> 0x8493
mem[X,0x80000D26] -> 0x0754
[770] [M]: 0x80000D24 (0x07548493) addi s1, s1, 117
x9 <- 0x80000D95


mem[X,0x80000D28] -> 0x0013
mem[X,0x80000D2A] -> 0x0000
[771] [M]: 0x80000D28 (0x00000013) addi zero, zero, 0


mem[X,0x80000D2C] -> 0x0013
mem[X,0x80000D2E] -> 0x0000
[772] [M]: 0x80000D2C (0x00000013) addi zero, zero, 0


mem[X,0x80000D30] -> 0x0013
mem[X,0x80000D32] -> 0x0000
[773] [M]: 0x80000D30 (0x00000013) addi zero, zero, 0


mem[X,0x80000D34] -> 0x0013
mem[X,0x80000D36] -> 0x0000
[774] [M]: 0x80000D34 (0x00000013) addi zero, zero, 0


mem[X,0x80000D38] -> 0x0013
mem[X,0x80000D3A] -> 0x0000
[775] [M]: 0x80000D38 (0x00000013) addi zero, zero, 0


mem[X,0x80000D3C] -> 0x0013
mem[X,0x80000D3E] -> 0x0000
[776] [M]: 0x80000D3C (0x00000013) addi zero, zero, 0


mem[X,0x80000D40] -> 0x83E7
mem[X,0x80000D42] -> 0xFBF4
[777] [M]: 0x80000D40 (0xFBF483E7) jalr t2, s1, 4031
x7 <- 0x80000D44


mem[X,0x80000D54] -> 0xC393
mem[X,0x80000D56] -> 0x0033
[778] [M]: 0x80000D54 (0x0033C393) xori t2, t2, 3
x7 <- 0x80000D47


mem[X,0x80000D58] -> 0x006F
mem[X,0x80000D5A] -> 0x0040
[779] [M]: 0x80000D58 (0x0040006F) jal zero, 4


mem[X,0x80000D5C] -> 0x0013
mem[X,0x80000D5E] -> 0x0000
[780] [M]: 0x80000D5C (0x00000013) addi zero, zero, 0


mem[X,0x80000D60] -> 0x0797
mem[X,0x80000D62] -> 0x0000
[781] [M]: 0x80000D60 (0x00000797) auipc a5, 0
x15 <- 0x80000D60


mem[X,0x80000D64] -> 0x8793
mem[X,0x80000D66] -> 0xF8C7
[782] [M]: 0x80000D64 (0xF8C78793) addi a5, a5, 3980
x15 <- 0x80000CEC


mem[X,0x80000D68] -> 0x0013
mem[X,0x80000D6A] -> 0x0000
[783] [M]: 0x80000D68 (0x00000013) addi zero, zero, 0


mem[X,0x80000D6C] -> 0x0013
mem[X,0x80000D6E] -> 0x0000
[784] [M]: 0x80000D6C (0x00000013) addi zero, zero, 0


mem[X,0x80000D70] -> 0x0013
mem[X,0x80000D72] -> 0x0000
[785] [M]: 0x80000D70 (0x00000013) addi zero, zero, 0


mem[X,0x80000D74] -> 0x0013
mem[X,0x80000D76] -> 0x0000
[786] [M]: 0x80000D74 (0x00000013) addi zero, zero, 0


mem[X,0x80000D78] -> 0x0013
mem[X,0x80000D7A] -> 0x0000
[787] [M]: 0x80000D78 (0x00000013) addi zero, zero, 0


mem[X,0x80000D7C] -> 0x0013
mem[X,0x80000D7E] -> 0x0000
[788] [M]: 0x80000D7C (0x00000013) addi zero, zero, 0


mem[X,0x80000D80] -> 0xF793
mem[X,0x80000D82] -> 0xFFC7
[789] [M]: 0x80000D80 (0xFFC7F793) andi a5, a5, 4092
x15 <- 0x80000CEC


mem[X,0x80000D84] -> 0x83B3
mem[X,0x80000D86] -> 0x40F3
[790] [M]: 0x80000D84 (0x40F383B3) sub t2, t2, a5
x7 <- 0x0000005B


mem[X,0x80000D88] -> 0x2623
mem[X,0x80000D8A] -> 0x0475
[791] [M]: 0x80000D88 (0x04752623) sw t2, 76(a0)
mem[0x80004160] <- 0x0000005B


mem[X,0x80000D8C] -> 0x0013
mem[X,0x80000D8E] -> 0x0000
[792] [M]: 0x80000D8C (0x00000013) addi zero, zero, 0


mem[X,0x80000D90] -> 0x0013
mem[X,0x80000D92] -> 0x0000
[793] [M]: 0x80000D90 (0x00000013) addi zero, zero, 0


mem[X,0x80000D94] -> 0x0013
mem[X,0x80000D96] -> 0x0000
[794] [M]: 0x80000D94 (0x00000013) addi zero, zero, 0


mem[X,0x80000D98] -> 0x0013
mem[X,0x80000D9A] -> 0x0000
[795] [M]: 0x80000D98 (0x00000013) addi zero, zero, 0


mem[X,0x80000D9C] -> 0x0013
mem[X,0x80000D9E] -> 0x0000
[796] [M]: 0x80000D9C (0x00000013) addi zero, zero, 0


mem[X,0x80000DA0] -> 0x3197
mem[X,0x80000DA2] -> 0x0000
[797] [M]: 0x80000DA0 (0x00003197) auipc gp, 3
x3 <- 0x80003DA0


mem[X,0x80000DA4] -> 0x8193
mem[X,0x80000DA6] -> 0x3C41
[798] [M]: 0x80000DA4 (0x3C418193) addi gp, gp, 964
x3 <- 0x80004164


mem[X,0x80000DA8] -> 0x0013
mem[X,0x80000DAA] -> 0x0000
[799] [M]: 0x80000DA8 (0x00000013) addi zero, zero, 0


clint::tick mtime <- 0x0000000000000008
 clint timer pending at mtime 0x0000000000000008
htif::tick 0x0000000000000000
mem[X,0x80000DAC] -> 0x0013
mem[X,0x80000DAE] -> 0x0000
[800] [M]: 0x80000DAC (0x00000013) addi zero, zero, 0


mem[X,0x80000DB0] -> 0x0013
mem[X,0x80000DB2] -> 0x0000
[801] [M]: 0x80000DB0 (0x00000013) addi zero, zero, 0


mem[X,0x80000DB4] -> 0x0013
mem[X,0x80000DB6] -> 0x0000
[802] [M]: 0x80000DB4 (0x00000013) addi zero, zero, 0


mem[X,0x80000DB8] -> 0x0013
mem[X,0x80000DBA] -> 0x0000
[803] [M]: 0x80000DB8 (0x00000013) addi zero, zero, 0


mem[X,0x80000DBC] -> 0x0013
mem[X,0x80000DBE] -> 0x0000
[804] [M]: 0x80000DBC (0x00000013) addi zero, zero, 0


mem[X,0x80000DC0] -> 0x0517
mem[X,0x80000DC2] -> 0x0000
[805] [M]: 0x80000DC0 (0x00000517) auipc a0, 0
x10 <- 0x80000DC0


mem[X,0x80000DC4] -> 0x0513
mem[X,0x80000DC6] -> 0x0005
[806] [M]: 0x80000DC4 (0x00050513) addi a0, a0, 0
x10 <- 0x80000DC0


mem[X,0x80000DC8] -> 0x0013
mem[X,0x80000DCA] -> 0x0000
[807] [M]: 0x80000DC8 (0x00000013) addi zero, zero, 0


mem[X,0x80000DCC] -> 0x0013
mem[X,0x80000DCE] -> 0x0000
[808] [M]: 0x80000DCC (0x00000013) addi zero, zero, 0


mem[X,0x80000DD0] -> 0x0013
mem[X,0x80000DD2] -> 0x0000
[809] [M]: 0x80000DD0 (0x00000013) addi zero, zero, 0


mem[X,0x80000DD4] -> 0x0013
mem[X,0x80000DD6] -> 0x0000
[810] [M]: 0x80000DD4 (0x00000013) addi zero, zero, 0


mem[X,0x80000DD8] -> 0x0013
mem[X,0x80000DDA] -> 0x0000
[811] [M]: 0x80000DD8 (0x00000013) addi zero, zero, 0


mem[X,0x80000DDC] -> 0x0013
mem[X,0x80000DDE] -> 0x0000
[812] [M]: 0x80000DDC (0x00000013) addi zero, zero, 0


mem[X,0x80000DE0] -> 0x0C97
mem[X,0x80000DE2] -> 0x0000
[813] [M]: 0x80000DE0 (0x00000C97) auipc s9, 0
x25 <- 0x80000DE0


mem[X,0x80000DE4] -> 0x8C93
mem[X,0x80000DE6] -> 0x0B5C
[814] [M]: 0x80000DE4 (0x0B5C8C93) addi s9, s9, 181
x25 <- 0x80000E95


mem[X,0x80000DE8] -> 0x0013
mem[X,0x80000DEA] -> 0x0000
[815] [M]: 0x80000DE8 (0x00000013) addi zero, zero, 0


mem[X,0x80000DEC] -> 0x0013
mem[X,0x80000DEE] -> 0x0000
[816] [M]: 0x80000DEC (0x00000013) addi zero, zero, 0


mem[X,0x80000DF0] -> 0x0013
mem[X,0x80000DF2] -> 0x0000
[817] [M]: 0x80000DF0 (0x00000013) addi zero, zero, 0


mem[X,0x80000DF4] -> 0x0013
mem[X,0x80000DF6] -> 0x0000
[818] [M]: 0x80000DF4 (0x00000013) addi zero, zero, 0


mem[X,0x80000DF8] -> 0x0013
mem[X,0x80000DFA] -> 0x0000
[819] [M]: 0x80000DF8 (0x00000013) addi zero, zero, 0


mem[X,0x80000DFC] -> 0x0013
mem[X,0x80000DFE] -> 0x0000
[820] [M]: 0x80000DFC (0x00000013) addi zero, zero, 0


mem[X,0x80000E00] -> 0x8567
mem[X,0x80000E02] -> 0xF7FC
[821] [M]: 0x80000E00 (0xF7FC8567) jalr a0, s9, 3967
x10 <- 0x80000E04


mem[X,0x80000E14] -> 0x4513
mem[X,0x80000E16] -> 0x0035
[822] [M]: 0x80000E14 (0x00354513) xori a0, a0, 3
x10 <- 0x80000E07


mem[X,0x80000E18] -> 0x006F
mem[X,0x80000E1A] -> 0x0040
[823] [M]: 0x80000E18 (0x0040006F) jal zero, 4


mem[X,0x80000E1C] -> 0x0013
mem[X,0x80000E1E] -> 0x0000
[824] [M]: 0x80000E1C (0x00000013) addi zero, zero, 0


mem[X,0x80000E20] -> 0x0297
mem[X,0x80000E22] -> 0x0000
[825] [M]: 0x80000E20 (0x00000297) auipc t0, 0
x5 <- 0x80000E20


mem[X,0x80000E24] -> 0x8293
mem[X,0x80000E26] -> 0xFA02
[826] [M]: 0x80000E24 (0xFA028293) addi t0, t0, 4000
x5 <- 0x80000DC0


mem[X,0x80000E28] -> 0x0013
mem[X,0x80000E2A] -> 0x0000
[827] [M]: 0x80000E28 (0x00000013) addi zero, zero, 0


mem[X,0x80000E2C] -> 0x0013
mem[X,0x80000E2E] -> 0x0000
[828] [M]: 0x80000E2C (0x00000013) addi zero, zero, 0


mem[X,0x80000E30] -> 0x0013
mem[X,0x80000E32] -> 0x0000
[829] [M]: 0x80000E30 (0x00000013) addi zero, zero, 0


mem[X,0x80000E34] -> 0x0013
mem[X,0x80000E36] -> 0x0000
[830] [M]: 0x80000E34 (0x00000013) addi zero, zero, 0


mem[X,0x80000E38] -> 0x0013
mem[X,0x80000E3A] -> 0x0000
[831] [M]: 0x80000E38 (0x00000013) addi zero, zero, 0


mem[X,0x80000E3C] -> 0x0013
mem[X,0x80000E3E] -> 0x0000
[832] [M]: 0x80000E3C (0x00000013) addi zero, zero, 0


mem[X,0x80000E40] -> 0xF293
mem[X,0x80000E42] -> 0xFFC2
[833] [M]: 0x80000E40 (0xFFC2F293) andi t0, t0, 4092
x5 <- 0x80000DC0


mem[X,0x80000E44] -> 0x0533
mem[X,0x80000E46] -> 0x4055
[834] [M]: 0x80000E44 (0x40550533) sub a0, a0, t0
x10 <- 0x00000047


mem[X,0x80000E48] -> 0xA023
mem[X,0x80000E4A] -> 0x00A1
[835] [M]: 0x80000E48 (0x00A1A023) sw a0, 0(gp)
mem[0x80004164] <- 0x00000047


mem[X,0x80000E4C] -> 0x0013
mem[X,0x80000E4E] -> 0x0000
[836] [M]: 0x80000E4C (0x00000013) addi zero, zero, 0


mem[X,0x80000E50] -> 0x0013
mem[X,0x80000E52] -> 0x0000
[837] [M]: 0x80000E50 (0x00000013) addi zero, zero, 0


mem[X,0x80000E54] -> 0x0013
mem[X,0x80000E56] -> 0x0000
[838] [M]: 0x80000E54 (0x00000013) addi zero, zero, 0


mem[X,0x80000E58] -> 0x0013
mem[X,0x80000E5A] -> 0x0000
[839] [M]: 0x80000E58 (0x00000013) addi zero, zero, 0


mem[X,0x80000E5C] -> 0x0013
mem[X,0x80000E5E] -> 0x0000
[840] [M]: 0x80000E5C (0x00000013) addi zero, zero, 0


mem[X,0x80000E60] -> 0x0797
mem[X,0x80000E62] -> 0x0000
[841] [M]: 0x80000E60 (0x00000797) auipc a5, 0
x15 <- 0x80000E60


mem[X,0x80000E64] -> 0x8793
mem[X,0x80000E66] -> 0xFEC7
[842] [M]: 0x80000E64 (0xFEC78793) addi a5, a5, 4076
x15 <- 0x80000E4C


mem[X,0x80000E68] -> 0x0013
mem[X,0x80000E6A] -> 0x0000
[843] [M]: 0x80000E68 (0x00000013) addi zero, zero, 0


mem[X,0x80000E6C] -> 0x0013
mem[X,0x80000E6E] -> 0x0000
[844] [M]: 0x80000E6C (0x00000013) addi zero, zero, 0


mem[X,0x80000E70] -> 0x0013
mem[X,0x80000E72] -> 0x0000
[845] [M]: 0x80000E70 (0x00000013) addi zero, zero, 0


mem[X,0x80000E74] -> 0x0013
mem[X,0x80000E76] -> 0x0000
[846] [M]: 0x80000E74 (0x00000013) addi zero, zero, 0


mem[X,0x80000E78] -> 0x0013
mem[X,0x80000E7A] -> 0x0000
[847] [M]: 0x80000E78 (0x00000013) addi zero, zero, 0


mem[X,0x80000E7C] -> 0x0013
mem[X,0x80000E7E] -> 0x0000
[848] [M]: 0x80000E7C (0x00000013) addi zero, zero, 0


mem[X,0x80000E80] -> 0x0597
mem[X,0x80000E82] -> 0x0000
[849] [M]: 0x80000E80 (0x00000597) auipc a1, 0
x11 <- 0x80000E80


mem[X,0x80000E84] -> 0x8593
mem[X,0x80000E86] -> 0x2355
[850] [M]: 0x80000E84 (0x23558593) addi a1, a1, 565
x11 <- 0x800010B5


mem[X,0x80000E88] -> 0x0013
mem[X,0x80000E8A] -> 0x0000
[851] [M]: 0x80000E88 (0x00000013) addi zero, zero, 0


mem[X,0x80000E8C] -> 0x0013
mem[X,0x80000E8E] -> 0x0000
[852] [M]: 0x80000E8C (0x00000013) addi zero, zero, 0


mem[X,0x80000E90] -> 0x0013
mem[X,0x80000E92] -> 0x0000
[853] [M]: 0x80000E90 (0x00000013) addi zero, zero, 0


mem[X,0x80000E94] -> 0x0013
mem[X,0x80000E96] -> 0x0000
[854] [M]: 0x80000E94 (0x00000013) addi zero, zero, 0


mem[X,0x80000E98] -> 0x0013
mem[X,0x80000E9A] -> 0x0000
[855] [M]: 0x80000E98 (0x00000013) addi zero, zero, 0


mem[X,0x80000E9C] -> 0x0013
mem[X,0x80000E9E] -> 0x0000
[856] [M]: 0x80000E9C (0x00000013) addi zero, zero, 0


mem[X,0x80000EA0] -> 0x87E7
mem[X,0x80000EA2] -> 0xDFF5
[857] [M]: 0x80000EA0 (0xDFF587E7) jalr a5, a1, 3583
x15 <- 0x80000EA4


mem[X,0x80000EB4] -> 0xC793
mem[X,0x80000EB6] -> 0x0037
[858] [M]: 0x80000EB4 (0x0037C793) xori a5, a5, 3
x15 <- 0x80000EA7


mem[X,0x80000EB8] -> 0x006F
mem[X,0x80000EBA] -> 0x0040
[859] [M]: 0x80000EB8 (0x0040006F) jal zero, 4


mem[X,0x80000EBC] -> 0x0013
mem[X,0x80000EBE] -> 0x0000
[860] [M]: 0x80000EBC (0x00000013) addi zero, zero, 0


mem[X,0x80000EC0] -> 0x0297
mem[X,0x80000EC2] -> 0x0000
[861] [M]: 0x80000EC0 (0x00000297) auipc t0, 0
x5 <- 0x80000EC0


mem[X,0x80000EC4] -> 0x8293
mem[X,0x80000EC6] -> 0xF8C2
[862] [M]: 0x80000EC4 (0xF8C28293) addi t0, t0, 3980
x5 <- 0x80000E4C


mem[X,0x80000EC8] -> 0x0013
mem[X,0x80000ECA] -> 0x0000
[863] [M]: 0x80000EC8 (0x00000013) addi zero, zero, 0


mem[X,0x80000ECC] -> 0x0013
mem[X,0x80000ECE] -> 0x0000
[864] [M]: 0x80000ECC (0x00000013) addi zero, zero, 0


mem[X,0x80000ED0] -> 0x0013
mem[X,0x80000ED2] -> 0x0000
[865] [M]: 0x80000ED0 (0x00000013) addi zero, zero, 0


mem[X,0x80000ED4] -> 0x0013
mem[X,0x80000ED6] -> 0x0000
[866] [M]: 0x80000ED4 (0x00000013) addi zero, zero, 0


mem[X,0x80000ED8] -> 0x0013
mem[X,0x80000EDA] -> 0x0000
[867] [M]: 0x80000ED8 (0x00000013) addi zero, zero, 0


mem[X,0x80000EDC] -> 0x0013
mem[X,0x80000EDE] -> 0x0000
[868] [M]: 0x80000EDC (0x00000013) addi zero, zero, 0


mem[X,0x80000EE0] -> 0xF293
mem[X,0x80000EE2] -> 0xFFC2
[869] [M]: 0x80000EE0 (0xFFC2F293) andi t0, t0, 4092
x5 <- 0x80000E4C


mem[X,0x80000EE4] -> 0x87B3
mem[X,0x80000EE6] -> 0x4057
[870] [M]: 0x80000EE4 (0x405787B3) sub a5, a5, t0
x15 <- 0x0000005B


mem[X,0x80000EE8] -> 0xA223
mem[X,0x80000EEA] -> 0x00F1
[871] [M]: 0x80000EE8 (0x00F1A223) sw a5, 4(gp)
mem[0x80004168] <- 0x0000005B


mem[X,0x80000EEC] -> 0x0013
mem[X,0x80000EEE] -> 0x0000
[872] [M]: 0x80000EEC (0x00000013) addi zero, zero, 0


mem[X,0x80000EF0] -> 0x0013
mem[X,0x80000EF2] -> 0x0000
[873] [M]: 0x80000EF0 (0x00000013) addi zero, zero, 0


mem[X,0x80000EF4] -> 0x0013
mem[X,0x80000EF6] -> 0x0000
[874] [M]: 0x80000EF4 (0x00000013) addi zero, zero, 0


mem[X,0x80000EF8] -> 0x0013
mem[X,0x80000EFA] -> 0x0000
[875] [M]: 0x80000EF8 (0x00000013) addi zero, zero, 0


mem[X,0x80000EFC] -> 0x0013
mem[X,0x80000EFE] -> 0x0000
[876] [M]: 0x80000EFC (0x00000013) addi zero, zero, 0


mem[X,0x80000F00] -> 0x0497
mem[X,0x80000F02] -> 0x0000
[877] [M]: 0x80000F00 (0x00000497) auipc s1, 0
x9 <- 0x80000F00


mem[X,0x80000F04] -> 0x8493
mem[X,0x80000F06] -> 0xFEC4
[878] [M]: 0x80000F04 (0xFEC48493) addi s1, s1, 4076
x9 <- 0x80000EEC


mem[X,0x80000F08] -> 0x0013
mem[X,0x80000F0A] -> 0x0000
[879] [M]: 0x80000F08 (0x00000013) addi zero, zero, 0


mem[X,0x80000F0C] -> 0x0013
mem[X,0x80000F0E] -> 0x0000
[880] [M]: 0x80000F0C (0x00000013) addi zero, zero, 0


mem[X,0x80000F10] -> 0x0013
mem[X,0x80000F12] -> 0x0000
[881] [M]: 0x80000F10 (0x00000013) addi zero, zero, 0


mem[X,0x80000F14] -> 0x0013
mem[X,0x80000F16] -> 0x0000
[882] [M]: 0x80000F14 (0x00000013) addi zero, zero, 0


mem[X,0x80000F18] -> 0x0013
mem[X,0x80000F1A] -> 0x0000
[883] [M]: 0x80000F18 (0x00000013) addi zero, zero, 0


mem[X,0x80000F1C] -> 0x0013
mem[X,0x80000F1E] -> 0x0000
[884] [M]: 0x80000F1C (0x00000013) addi zero, zero, 0


mem[X,0x80000F20] -> 0x0997
mem[X,0x80000F22] -> 0x0000
[885] [M]: 0x80000F20 (0x00000997) auipc s3, 0
x19 <- 0x80000F20


mem[X,0x80000F24] -> 0x8993
mem[X,0x80000F26] -> 0x4359
[886] [M]: 0x80000F24 (0x43598993) addi s3, s3, 1077
x19 <- 0x80001355


mem[X,0x80000F28] -> 0x0013
mem[X,0x80000F2A] -> 0x0000
[887] [M]: 0x80000F28 (0x00000013) addi zero, zero, 0


mem[X,0x80000F2C] -> 0x0013
mem[X,0x80000F2E] -> 0x0000
[888] [M]: 0x80000F2C (0x00000013) addi zero, zero, 0


mem[X,0x80000F30] -> 0x0013
mem[X,0x80000F32] -> 0x0000
[889] [M]: 0x80000F30 (0x00000013) addi zero, zero, 0


mem[X,0x80000F34] -> 0x0013
mem[X,0x80000F36] -> 0x0000
[890] [M]: 0x80000F34 (0x00000013) addi zero, zero, 0


mem[X,0x80000F38] -> 0x0013
mem[X,0x80000F3A] -> 0x0000
[891] [M]: 0x80000F38 (0x00000013) addi zero, zero, 0


mem[X,0x80000F3C] -> 0x0013
mem[X,0x80000F3E] -> 0x0000
[892] [M]: 0x80000F3C (0x00000013) addi zero, zero, 0


mem[X,0x80000F40] -> 0x84E7
mem[X,0x80000F42] -> 0xBFF9
[893] [M]: 0x80000F40 (0xBFF984E7) jalr s1, s3, 3071
x9 <- 0x80000F44


mem[X,0x80000F54] -> 0xC493
mem[X,0x80000F56] -> 0x0034
[894] [M]: 0x80000F54 (0x0034C493) xori s1, s1, 3
x9 <- 0x80000F47


mem[X,0x80000F58] -> 0x006F
mem[X,0x80000F5A] -> 0x0040
[895] [M]: 0x80000F58 (0x0040006F) jal zero, 4


mem[X,0x80000F5C] -> 0x0013
mem[X,0x80000F5E] -> 0x0000
[896] [M]: 0x80000F5C (0x00000013) addi zero, zero, 0


mem[X,0x80000F60] -> 0x0297
mem[X,0x80000F62] -> 0x0000
[897] [M]: 0x80000F60 (0x00000297) auipc t0, 0
x5 <- 0x80000F60


mem[X,0x80000F64] -> 0x8293
mem[X,0x80000F66] -> 0xF8C2
[898] [M]: 0x80000F64 (0xF8C28293) addi t0, t0, 3980
x5 <- 0x80000EEC


mem[X,0x80000F68] -> 0x0013
mem[X,0x80000F6A] -> 0x0000
[899] [M]: 0x80000F68 (0x00000013) addi zero, zero, 0


clint::tick mtime <- 0x0000000000000009
 clint timer pending at mtime 0x0000000000000009
htif::tick 0x0000000000000000
mem[X,0x80000F6C] -> 0x0013
mem[X,0x80000F6E] -> 0x0000
[900] [M]: 0x80000F6C (0x00000013) addi zero, zero, 0


mem[X,0x80000F70] -> 0x0013
mem[X,0x80000F72] -> 0x0000
[901] [M]: 0x80000F70 (0x00000013) addi zero, zero, 0


mem[X,0x80000F74] -> 0x0013
mem[X,0x80000F76] -> 0x0000
[902] [M]: 0x80000F74 (0x00000013) addi zero, zero, 0


mem[X,0x80000F78] -> 0x0013
mem[X,0x80000F7A] -> 0x0000
[903] [M]: 0x80000F78 (0x00000013) addi zero, zero, 0


mem[X,0x80000F7C] -> 0x0013
mem[X,0x80000F7E] -> 0x0000
[904] [M]: 0x80000F7C (0x00000013) addi zero, zero, 0


mem[X,0x80000F80] -> 0xF293
mem[X,0x80000F82] -> 0xFFC2
[905] [M]: 0x80000F80 (0xFFC2F293) andi t0, t0, 4092
x5 <- 0x80000EEC


mem[X,0x80000F84] -> 0x84B3
mem[X,0x80000F86] -> 0x4054
[906] [M]: 0x80000F84 (0x405484B3) sub s1, s1, t0
x9 <- 0x0000005B


mem[X,0x80000F88] -> 0xA423
mem[X,0x80000F8A] -> 0x0091
[907] [M]: 0x80000F88 (0x0091A423) sw s1, 8(gp)
mem[0x8000416C] <- 0x0000005B


mem[X,0x80000F8C] -> 0x0013
mem[X,0x80000F8E] -> 0x0000
[908] [M]: 0x80000F8C (0x00000013) addi zero, zero, 0


mem[X,0x80000F90] -> 0x0013
mem[X,0x80000F92] -> 0x0000
[909] [M]: 0x80000F90 (0x00000013) addi zero, zero, 0


mem[X,0x80000F94] -> 0x0013
mem[X,0x80000F96] -> 0x0000
[910] [M]: 0x80000F94 (0x00000013) addi zero, zero, 0


mem[X,0x80000F98] -> 0x0013
mem[X,0x80000F9A] -> 0x0000
[911] [M]: 0x80000F98 (0x00000013) addi zero, zero, 0


mem[X,0x80000F9C] -> 0x0013
mem[X,0x80000F9E] -> 0x0000
[912] [M]: 0x80000F9C (0x00000013) addi zero, zero, 0


mem[X,0x80000FA0] -> 0x0A17
mem[X,0x80000FA2] -> 0x0000
[913] [M]: 0x80000FA0 (0x00000A17) auipc s4, 0
x20 <- 0x80000FA0


mem[X,0x80000FA4] -> 0x0A13
mem[X,0x80000FA6] -> 0xFECA
[914] [M]: 0x80000FA4 (0xFECA0A13) addi s4, s4, 4076
x20 <- 0x80000F8C


mem[X,0x80000FA8] -> 0x0013
mem[X,0x80000FAA] -> 0x0000
[915] [M]: 0x80000FA8 (0x00000013) addi zero, zero, 0


mem[X,0x80000FAC] -> 0x0013
mem[X,0x80000FAE] -> 0x0000
[916] [M]: 0x80000FAC (0x00000013) addi zero, zero, 0


mem[X,0x80000FB0] -> 0x0013
mem[X,0x80000FB2] -> 0x0000
[917] [M]: 0x80000FB0 (0x00000013) addi zero, zero, 0


mem[X,0x80000FB4] -> 0x0013
mem[X,0x80000FB6] -> 0x0000
[918] [M]: 0x80000FB4 (0x00000013) addi zero, zero, 0


mem[X,0x80000FB8] -> 0x0013
mem[X,0x80000FBA] -> 0x0000
[919] [M]: 0x80000FB8 (0x00000013) addi zero, zero, 0


mem[X,0x80000FBC] -> 0x0013
mem[X,0x80000FBE] -> 0x0000
[920] [M]: 0x80000FBC (0x00000013) addi zero, zero, 0


mem[X,0x80000FC0] -> 0x0397
mem[X,0x80000FC2] -> 0x0000
[921] [M]: 0x80000FC0 (0x00000397) auipc t2, 0
x7 <- 0x80000FC0


mem[X,0x80000FC4] -> 0x8393
mem[X,0x80000FC6] -> 0x8353
[922] [M]: 0x80000FC4 (0x83538393) addi t2, t2, 2101
x7 <- 0x800007F5


mem[X,0x80000FC8] -> 0x0013
mem[X,0x80000FCA] -> 0x0000
[923] [M]: 0x80000FC8 (0x00000013) addi zero, zero, 0


mem[X,0x80000FCC] -> 0x0013
mem[X,0x80000FCE] -> 0x0000
[924] [M]: 0x80000FCC (0x00000013) addi zero, zero, 0


mem[X,0x80000FD0] -> 0x0013
mem[X,0x80000FD2] -> 0x0000
[925] [M]: 0x80000FD0 (0x00000013) addi zero, zero, 0


mem[X,0x80000FD4] -> 0x0013
mem[X,0x80000FD6] -> 0x0000
[926] [M]: 0x80000FD4 (0x00000013) addi zero, zero, 0


mem[X,0x80000FD8] -> 0x0013
mem[X,0x80000FDA] -> 0x0000
[927] [M]: 0x80000FD8 (0x00000013) addi zero, zero, 0


mem[X,0x80000FDC] -> 0x0013
mem[X,0x80000FDE] -> 0x0000
[928] [M]: 0x80000FDC (0x00000013) addi zero, zero, 0


mem[X,0x80000FE0] -> 0x8A67
mem[X,0x80000FE2] -> 0x7FF3
[929] [M]: 0x80000FE0 (0x7FF38A67) jalr s4, t2, 2047
x20 <- 0x80000FE4


mem[X,0x80000FF4] -> 0x4A13
mem[X,0x80000FF6] -> 0x003A
[930] [M]: 0x80000FF4 (0x003A4A13) xori s4, s4, 3
x20 <- 0x80000FE7


mem[X,0x80000FF8] -> 0x006F
mem[X,0x80000FFA] -> 0x0040
[931] [M]: 0x80000FF8 (0x0040006F) jal zero, 4


mem[X,0x80000FFC] -> 0x0013
mem[X,0x80000FFE] -> 0x0000
[932] [M]: 0x80000FFC (0x00000013) addi zero, zero, 0


mem[X,0x80001000] -> 0x0297
mem[X,0x80001002] -> 0x0000
[933] [M]: 0x80001000 (0x00000297) auipc t0, 0
x5 <- 0x80001000


mem[X,0x80001004] -> 0x8293
mem[X,0x80001006] -> 0xF8C2
[934] [M]: 0x80001004 (0xF8C28293) addi t0, t0, 3980
x5 <- 0x80000F8C


mem[X,0x80001008] -> 0x0013
mem[X,0x8000100A] -> 0x0000
[935] [M]: 0x80001008 (0x00000013) addi zero, zero, 0


mem[X,0x8000100C] -> 0x0013
mem[X,0x8000100E] -> 0x0000
[936] [M]: 0x8000100C (0x00000013) addi zero, zero, 0


mem[X,0x80001010] -> 0x0013
mem[X,0x80001012] -> 0x0000
[937] [M]: 0x80001010 (0x00000013) addi zero, zero, 0


mem[X,0x80001014] -> 0x0013
mem[X,0x80001016] -> 0x0000
[938] [M]: 0x80001014 (0x00000013) addi zero, zero, 0


mem[X,0x80001018] -> 0x0013
mem[X,0x8000101A] -> 0x0000
[939] [M]: 0x80001018 (0x00000013) addi zero, zero, 0


mem[X,0x8000101C] -> 0x0013
mem[X,0x8000101E] -> 0x0000
[940] [M]: 0x8000101C (0x00000013) addi zero, zero, 0


mem[X,0x80001020] -> 0xF293
mem[X,0x80001022] -> 0xFFC2
[941] [M]: 0x80001020 (0xFFC2F293) andi t0, t0, 4092
x5 <- 0x80000F8C


mem[X,0x80001024] -> 0x0A33
mem[X,0x80001026] -> 0x405A
[942] [M]: 0x80001024 (0x405A0A33) sub s4, s4, t0
x20 <- 0x0000005B


mem[X,0x80001028] -> 0xA623
mem[X,0x8000102A] -> 0x0141
[943] [M]: 0x80001028 (0x0141A623) sw s4, 12(gp)
mem[0x80004170] <- 0x0000005B


mem[X,0x8000102C] -> 0x0013
mem[X,0x8000102E] -> 0x0000
[944] [M]: 0x8000102C (0x00000013) addi zero, zero, 0


mem[X,0x80001030] -> 0x0013
mem[X,0x80001032] -> 0x0000
[945] [M]: 0x80001030 (0x00000013) addi zero, zero, 0


mem[X,0x80001034] -> 0x0013
mem[X,0x80001036] -> 0x0000
[946] [M]: 0x80001034 (0x00000013) addi zero, zero, 0


mem[X,0x80001038] -> 0x0013
mem[X,0x8000103A] -> 0x0000
[947] [M]: 0x80001038 (0x00000013) addi zero, zero, 0


mem[X,0x8000103C] -> 0x0013
mem[X,0x8000103E] -> 0x0000
[948] [M]: 0x8000103C (0x00000013) addi zero, zero, 0


mem[X,0x80001040] -> 0x0D17
mem[X,0x80001042] -> 0x0000
[949] [M]: 0x80001040 (0x00000D17) auipc s10, 0
x26 <- 0x80001040


mem[X,0x80001044] -> 0x0D13
mem[X,0x80001046] -> 0xFECD
[950] [M]: 0x80001044 (0xFECD0D13) addi s10, s10, 4076
x26 <- 0x8000102C


mem[X,0x80001048] -> 0x0013
mem[X,0x8000104A] -> 0x0000
[951] [M]: 0x80001048 (0x00000013) addi zero, zero, 0


mem[X,0x8000104C] -> 0x0013
mem[X,0x8000104E] -> 0x0000
[952] [M]: 0x8000104C (0x00000013) addi zero, zero, 0


mem[X,0x80001050] -> 0x0013
mem[X,0x80001052] -> 0x0000
[953] [M]: 0x80001050 (0x00000013) addi zero, zero, 0


mem[X,0x80001054] -> 0x0013
mem[X,0x80001056] -> 0x0000
[954] [M]: 0x80001054 (0x00000013) addi zero, zero, 0


mem[X,0x80001058] -> 0x0013
mem[X,0x8000105A] -> 0x0000
[955] [M]: 0x80001058 (0x00000013) addi zero, zero, 0


mem[X,0x8000105C] -> 0x0013
mem[X,0x8000105E] -> 0x0000
[956] [M]: 0x8000105C (0x00000013) addi zero, zero, 0


mem[X,0x80001060] -> 0x0717
mem[X,0x80001062] -> 0x0000
[957] [M]: 0x80001060 (0x00000717) auipc a4, 0
x14 <- 0x80001060


mem[X,0x80001064] -> 0x0713
mem[X,0x80001066] -> 0xADF7
[958] [M]: 0x80001064 (0xADF70713) addi a4, a4, 2783
x14 <- 0x80000B3F


mem[X,0x80001068] -> 0x0013
mem[X,0x8000106A] -> 0x0000
[959] [M]: 0x80001068 (0x00000013) addi zero, zero, 0


mem[X,0x8000106C] -> 0x0013
mem[X,0x8000106E] -> 0x0000
[960] [M]: 0x8000106C (0x00000013) addi zero, zero, 0


mem[X,0x80001070] -> 0x0013
mem[X,0x80001072] -> 0x0000
[961] [M]: 0x80001070 (0x00000013) addi zero, zero, 0


mem[X,0x80001074] -> 0x0013
mem[X,0x80001076] -> 0x0000
[962] [M]: 0x80001074 (0x00000013) addi zero, zero, 0


mem[X,0x80001078] -> 0x0013
mem[X,0x8000107A] -> 0x0000
[963] [M]: 0x80001078 (0x00000013) addi zero, zero, 0


mem[X,0x8000107C] -> 0x0013
mem[X,0x8000107E] -> 0x0000
[964] [M]: 0x8000107C (0x00000013) addi zero, zero, 0


mem[X,0x80001080] -> 0x0D67
mem[X,0x80001082] -> 0x5557
[965] [M]: 0x80001080 (0x55570D67) jalr s10, a4, 1365
x26 <- 0x80001084


mem[X,0x80001094] -> 0x4D13
mem[X,0x80001096] -> 0x003D
[966] [M]: 0x80001094 (0x003D4D13) xori s10, s10, 3
x26 <- 0x80001087


mem[X,0x80001098] -> 0x006F
mem[X,0x8000109A] -> 0x0040
[967] [M]: 0x80001098 (0x0040006F) jal zero, 4


mem[X,0x8000109C] -> 0x0013
mem[X,0x8000109E] -> 0x0000
[968] [M]: 0x8000109C (0x00000013) addi zero, zero, 0


mem[X,0x800010A0] -> 0x0297
mem[X,0x800010A2] -> 0x0000
[969] [M]: 0x800010A0 (0x00000297) auipc t0, 0
x5 <- 0x800010A0


mem[X,0x800010A4] -> 0x8293
mem[X,0x800010A6] -> 0xF8C2
[970] [M]: 0x800010A4 (0xF8C28293) addi t0, t0, 3980
x5 <- 0x8000102C


mem[X,0x800010A8] -> 0x0013
mem[X,0x800010AA] -> 0x0000
[971] [M]: 0x800010A8 (0x00000013) addi zero, zero, 0


mem[X,0x800010AC] -> 0x0013
mem[X,0x800010AE] -> 0x0000
[972] [M]: 0x800010AC (0x00000013) addi zero, zero, 0


mem[X,0x800010B0] -> 0x0013
mem[X,0x800010B2] -> 0x0000
[973] [M]: 0x800010B0 (0x00000013) addi zero, zero, 0


mem[X,0x800010B4] -> 0x0013
mem[X,0x800010B6] -> 0x0000
[974] [M]: 0x800010B4 (0x00000013) addi zero, zero, 0


mem[X,0x800010B8] -> 0x0013
mem[X,0x800010BA] -> 0x0000
[975] [M]: 0x800010B8 (0x00000013) addi zero, zero, 0


mem[X,0x800010BC] -> 0x0013
mem[X,0x800010BE] -> 0x0000
[976] [M]: 0x800010BC (0x00000013) addi zero, zero, 0


mem[X,0x800010C0] -> 0xF293
mem[X,0x800010C2] -> 0xFFC2
[977] [M]: 0x800010C0 (0xFFC2F293) andi t0, t0, 4092
x5 <- 0x8000102C


mem[X,0x800010C4] -> 0x0D33
mem[X,0x800010C6] -> 0x405D
[978] [M]: 0x800010C4 (0x405D0D33) sub s10, s10, t0
x26 <- 0x0000005B


mem[X,0x800010C8] -> 0xA823
mem[X,0x800010CA] -> 0x01A1
[979] [M]: 0x800010C8 (0x01A1A823) sw s10, 16(gp)
mem[0x80004174] <- 0x0000005B


mem[X,0x800010CC] -> 0x0013
mem[X,0x800010CE] -> 0x0000
[980] [M]: 0x800010CC (0x00000013) addi zero, zero, 0


mem[X,0x800010D0] -> 0x0013
mem[X,0x800010D2] -> 0x0000
[981] [M]: 0x800010D0 (0x00000013) addi zero, zero, 0


mem[X,0x800010D4] -> 0x0013
mem[X,0x800010D6] -> 0x0000
[982] [M]: 0x800010D4 (0x00000013) addi zero, zero, 0


mem[X,0x800010D8] -> 0x0013
mem[X,0x800010DA] -> 0x0000
[983] [M]: 0x800010D8 (0x00000013) addi zero, zero, 0


mem[X,0x800010DC] -> 0x0013
mem[X,0x800010DE] -> 0x0000
[984] [M]: 0x800010DC (0x00000013) addi zero, zero, 0


mem[X,0x800010E0] -> 0x0217
mem[X,0x800010E2] -> 0x0000
[985] [M]: 0x800010E0 (0x00000217) auipc tp, 0
x4 <- 0x800010E0


mem[X,0x800010E4] -> 0x0213
mem[X,0x800010E6] -> 0xFEC2
[986] [M]: 0x800010E4 (0xFEC20213) addi tp, tp, 4076
x4 <- 0x800010CC


mem[X,0x800010E8] -> 0x0013
mem[X,0x800010EA] -> 0x0000
[987] [M]: 0x800010E8 (0x00000013) addi zero, zero, 0


mem[X,0x800010EC] -> 0x0013
mem[X,0x800010EE] -> 0x0000
[988] [M]: 0x800010EC (0x00000013) addi zero, zero, 0


mem[X,0x800010F0] -> 0x0013
mem[X,0x800010F2] -> 0x0000
[989] [M]: 0x800010F0 (0x00000013) addi zero, zero, 0


mem[X,0x800010F4] -> 0x0013
mem[X,0x800010F6] -> 0x0000
[990] [M]: 0x800010F4 (0x00000013) addi zero, zero, 0


mem[X,0x800010F8] -> 0x0013
mem[X,0x800010FA] -> 0x0000
[991] [M]: 0x800010F8 (0x00000013) addi zero, zero, 0


mem[X,0x800010FC] -> 0x0013
mem[X,0x800010FE] -> 0x0000
[992] [M]: 0x800010FC (0x00000013) addi zero, zero, 0


mem[X,0x80001100] -> 0x0797
mem[X,0x80001102] -> 0x0000
[993] [M]: 0x80001100 (0x00000797) auipc a5, 0
x15 <- 0x80001100


mem[X,0x80001104] -> 0x8793
mem[X,0x80001106] -> 0x58A7
[994] [M]: 0x80001104 (0x58A78793) addi a5, a5, 1418
x15 <- 0x8000168A


mem[X,0x80001108] -> 0x0013
mem[X,0x8000110A] -> 0x0000
[995] [M]: 0x80001108 (0x00000013) addi zero, zero, 0


mem[X,0x8000110C] -> 0x0013
mem[X,0x8000110E] -> 0x0000
[996] [M]: 0x8000110C (0x00000013) addi zero, zero, 0


mem[X,0x80001110] -> 0x0013
mem[X,0x80001112] -> 0x0000
[997] [M]: 0x80001110 (0x00000013) addi zero, zero, 0


mem[X,0x80001114] -> 0x0013
mem[X,0x80001116] -> 0x0000
[998] [M]: 0x80001114 (0x00000013) addi zero, zero, 0


mem[X,0x80001118] -> 0x0013
mem[X,0x8000111A] -> 0x0000
[999] [M]: 0x80001118 (0x00000013) addi zero, zero, 0


clint::tick mtime <- 0x000000000000000A
 clint timer pending at mtime 0x000000000000000A
htif::tick 0x0000000000000000
mem[X,0x8000111C] -> 0x0013
mem[X,0x8000111E] -> 0x0000
[1000] [M]: 0x8000111C (0x00000013) addi zero, zero, 0


mem[X,0x80001120] -> 0x8267
mem[X,0x80001122] -> 0xAAA7
[1001] [M]: 0x80001120 (0xAAA78267) jalr tp, a5, 2730
x4 <- 0x80001124


mem[X,0x80001134] -> 0x4213
mem[X,0x80001136] -> 0x0032
[1002] [M]: 0x80001134 (0x00324213) xori tp, tp, 3
x4 <- 0x80001127


mem[X,0x80001138] -> 0x006F
mem[X,0x8000113A] -> 0x0040
[1003] [M]: 0x80001138 (0x0040006F) jal zero, 4


mem[X,0x8000113C] -> 0x0013
mem[X,0x8000113E] -> 0x0000
[1004] [M]: 0x8000113C (0x00000013) addi zero, zero, 0


mem[X,0x80001140] -> 0x0297
mem[X,0x80001142] -> 0x0000
[1005] [M]: 0x80001140 (0x00000297) auipc t0, 0
x5 <- 0x80001140


mem[X,0x80001144] -> 0x8293
mem[X,0x80001146] -> 0xF8C2
[1006] [M]: 0x80001144 (0xF8C28293) addi t0, t0, 3980
x5 <- 0x800010CC


mem[X,0x80001148] -> 0x0013
mem[X,0x8000114A] -> 0x0000
[1007] [M]: 0x80001148 (0x00000013) addi zero, zero, 0


mem[X,0x8000114C] -> 0x0013
mem[X,0x8000114E] -> 0x0000
[1008] [M]: 0x8000114C (0x00000013) addi zero, zero, 0


mem[X,0x80001150] -> 0x0013
mem[X,0x80001152] -> 0x0000
[1009] [M]: 0x80001150 (0x00000013) addi zero, zero, 0


mem[X,0x80001154] -> 0x0013
mem[X,0x80001156] -> 0x0000
[1010] [M]: 0x80001154 (0x00000013) addi zero, zero, 0


mem[X,0x80001158] -> 0x0013
mem[X,0x8000115A] -> 0x0000
[1011] [M]: 0x80001158 (0x00000013) addi zero, zero, 0


mem[X,0x8000115C] -> 0x0013
mem[X,0x8000115E] -> 0x0000
[1012] [M]: 0x8000115C (0x00000013) addi zero, zero, 0


mem[X,0x80001160] -> 0xF293
mem[X,0x80001162] -> 0xFFC2
[1013] [M]: 0x80001160 (0xFFC2F293) andi t0, t0, 4092
x5 <- 0x800010CC


mem[X,0x80001164] -> 0x0233
mem[X,0x80001166] -> 0x4052
[1014] [M]: 0x80001164 (0x40520233) sub tp, tp, t0
x4 <- 0x0000005B


mem[X,0x80001168] -> 0xAA23
mem[X,0x8000116A] -> 0x0041
[1015] [M]: 0x80001168 (0x0041AA23) sw tp, 20(gp)
mem[0x80004178] <- 0x0000005B


mem[X,0x8000116C] -> 0x0013
mem[X,0x8000116E] -> 0x0000
[1016] [M]: 0x8000116C (0x00000013) addi zero, zero, 0


mem[X,0x80001170] -> 0x0013
mem[X,0x80001172] -> 0x0000
[1017] [M]: 0x80001170 (0x00000013) addi zero, zero, 0


mem[X,0x80001174] -> 0x0013
mem[X,0x80001176] -> 0x0000
[1018] [M]: 0x80001174 (0x00000013) addi zero, zero, 0


mem[X,0x80001178] -> 0x0013
mem[X,0x8000117A] -> 0x0000
[1019] [M]: 0x80001178 (0x00000013) addi zero, zero, 0


mem[X,0x8000117C] -> 0x0013
mem[X,0x8000117E] -> 0x0000
[1020] [M]: 0x8000117C (0x00000013) addi zero, zero, 0


mem[X,0x80001180] -> 0x0C17
mem[X,0x80001182] -> 0x0000
[1021] [M]: 0x80001180 (0x00000C17) auipc s8, 0
x24 <- 0x80001180


mem[X,0x80001184] -> 0x0C13
mem[X,0x80001186] -> 0xFECC
[1022] [M]: 0x80001184 (0xFECC0C13) addi s8, s8, 4076
x24 <- 0x8000116C


mem[X,0x80001188] -> 0x0013
mem[X,0x8000118A] -> 0x0000
[1023] [M]: 0x80001188 (0x00000013) addi zero, zero, 0


mem[X,0x8000118C] -> 0x0013
mem[X,0x8000118E] -> 0x0000
[1024] [M]: 0x8000118C (0x00000013) addi zero, zero, 0


mem[X,0x80001190] -> 0x0013
mem[X,0x80001192] -> 0x0000
[1025] [M]: 0x80001190 (0x00000013) addi zero, zero, 0


mem[X,0x80001194] -> 0x0013
mem[X,0x80001196] -> 0x0000
[1026] [M]: 0x80001194 (0x00000013) addi zero, zero, 0


mem[X,0x80001198] -> 0x0013
mem[X,0x8000119A] -> 0x0000
[1027] [M]: 0x80001198 (0x00000013) addi zero, zero, 0


mem[X,0x8000119C] -> 0x0013
mem[X,0x8000119E] -> 0x0000
[1028] [M]: 0x8000119C (0x00000013) addi zero, zero, 0


mem[X,0x800011A0] -> 0x1B17
mem[X,0x800011A2] -> 0x0000
[1029] [M]: 0x800011A0 (0x00001B17) auipc s6, 1
x22 <- 0x800021A0


mem[X,0x800011A4] -> 0x0B13
mem[X,0x800011A6] -> 0x834B
[1030] [M]: 0x800011A4 (0x834B0B13) addi s6, s6, 2100
x22 <- 0x800019D4


mem[X,0x800011A8] -> 0x0013
mem[X,0x800011AA] -> 0x0000
[1031] [M]: 0x800011A8 (0x00000013) addi zero, zero, 0


mem[X,0x800011AC] -> 0x0013
mem[X,0x800011AE] -> 0x0000
[1032] [M]: 0x800011AC (0x00000013) addi zero, zero, 0


mem[X,0x800011B0] -> 0x0013
mem[X,0x800011B2] -> 0x0000
[1033] [M]: 0x800011B0 (0x00000013) addi zero, zero, 0


mem[X,0x800011B4] -> 0x0013
mem[X,0x800011B6] -> 0x0000
[1034] [M]: 0x800011B4 (0x00000013) addi zero, zero, 0


mem[X,0x800011B8] -> 0x0013
mem[X,0x800011BA] -> 0x0000
[1035] [M]: 0x800011B8 (0x00000013) addi zero, zero, 0


mem[X,0x800011BC] -> 0x0013
mem[X,0x800011BE] -> 0x0000
[1036] [M]: 0x800011BC (0x00000013) addi zero, zero, 0


mem[X,0x800011C0] -> 0x0C67
mem[X,0x800011C2] -> 0x800B
[1037] [M]: 0x800011C0 (0x800B0C67) jalr s8, s6, 2048
x24 <- 0x800011C4


mem[X,0x800011D4] -> 0x4C13
mem[X,0x800011D6] -> 0x003C
[1038] [M]: 0x800011D4 (0x003C4C13) xori s8, s8, 3
x24 <- 0x800011C7


mem[X,0x800011D8] -> 0x006F
mem[X,0x800011DA] -> 0x0040
[1039] [M]: 0x800011D8 (0x0040006F) jal zero, 4


mem[X,0x800011DC] -> 0x0013
mem[X,0x800011DE] -> 0x0000
[1040] [M]: 0x800011DC (0x00000013) addi zero, zero, 0


mem[X,0x800011E0] -> 0x0297
mem[X,0x800011E2] -> 0x0000
[1041] [M]: 0x800011E0 (0x00000297) auipc t0, 0
x5 <- 0x800011E0


mem[X,0x800011E4] -> 0x8293
mem[X,0x800011E6] -> 0xF8C2
[1042] [M]: 0x800011E4 (0xF8C28293) addi t0, t0, 3980
x5 <- 0x8000116C


mem[X,0x800011E8] -> 0x0013
mem[X,0x800011EA] -> 0x0000
[1043] [M]: 0x800011E8 (0x00000013) addi zero, zero, 0


mem[X,0x800011EC] -> 0x0013
mem[X,0x800011EE] -> 0x0000
[1044] [M]: 0x800011EC (0x00000013) addi zero, zero, 0


mem[X,0x800011F0] -> 0x0013
mem[X,0x800011F2] -> 0x0000
[1045] [M]: 0x800011F0 (0x00000013) addi zero, zero, 0


mem[X,0x800011F4] -> 0x0013
mem[X,0x800011F6] -> 0x0000
[1046] [M]: 0x800011F4 (0x00000013) addi zero, zero, 0


mem[X,0x800011F8] -> 0x0013
mem[X,0x800011FA] -> 0x0000
[1047] [M]: 0x800011F8 (0x00000013) addi zero, zero, 0


mem[X,0x800011FC] -> 0x0013
mem[X,0x800011FE] -> 0x0000
[1048] [M]: 0x800011FC (0x00000013) addi zero, zero, 0


mem[X,0x80001200] -> 0xF293
mem[X,0x80001202] -> 0xFFC2
[1049] [M]: 0x80001200 (0xFFC2F293) andi t0, t0, 4092
x5 <- 0x8000116C


mem[X,0x80001204] -> 0x0C33
mem[X,0x80001206] -> 0x405C
[1050] [M]: 0x80001204 (0x405C0C33) sub s8, s8, t0
x24 <- 0x0000005B


mem[X,0x80001208] -> 0xAC23
mem[X,0x8000120A] -> 0x0181
[1051] [M]: 0x80001208 (0x0181AC23) sw s8, 24(gp)
mem[0x8000417C] <- 0x0000005B


mem[X,0x8000120C] -> 0x0013
mem[X,0x8000120E] -> 0x0000
[1052] [M]: 0x8000120C (0x00000013) addi zero, zero, 0


mem[X,0x80001210] -> 0x0013
mem[X,0x80001212] -> 0x0000
[1053] [M]: 0x80001210 (0x00000013) addi zero, zero, 0


mem[X,0x80001214] -> 0x0013
mem[X,0x80001216] -> 0x0000
[1054] [M]: 0x80001214 (0x00000013) addi zero, zero, 0


mem[X,0x80001218] -> 0x0013
mem[X,0x8000121A] -> 0x0000
[1055] [M]: 0x80001218 (0x00000013) addi zero, zero, 0


mem[X,0x8000121C] -> 0x0013
mem[X,0x8000121E] -> 0x0000
[1056] [M]: 0x8000121C (0x00000013) addi zero, zero, 0


mem[X,0x80001220] -> 0x0B97
mem[X,0x80001222] -> 0x0000
[1057] [M]: 0x80001220 (0x00000B97) auipc s7, 0
x23 <- 0x80001220


mem[X,0x80001224] -> 0x8B93
mem[X,0x80001226] -> 0xFECB
[1058] [M]: 0x80001224 (0xFECB8B93) addi s7, s7, 4076
x23 <- 0x8000120C


mem[X,0x80001228] -> 0x0013
mem[X,0x8000122A] -> 0x0000
[1059] [M]: 0x80001228 (0x00000013) addi zero, zero, 0


mem[X,0x8000122C] -> 0x0013
mem[X,0x8000122E] -> 0x0000
[1060] [M]: 0x8000122C (0x00000013) addi zero, zero, 0


mem[X,0x80001230] -> 0x0013
mem[X,0x80001232] -> 0x0000
[1061] [M]: 0x80001230 (0x00000013) addi zero, zero, 0


mem[X,0x80001234] -> 0x0013
mem[X,0x80001236] -> 0x0000
[1062] [M]: 0x80001234 (0x00000013) addi zero, zero, 0


mem[X,0x80001238] -> 0x0013
mem[X,0x8000123A] -> 0x0000
[1063] [M]: 0x80001238 (0x00000013) addi zero, zero, 0


mem[X,0x8000123C] -> 0x0013
mem[X,0x8000123E] -> 0x0000
[1064] [M]: 0x8000123C (0x00000013) addi zero, zero, 0


mem[X,0x80001240] -> 0x1D17
mem[X,0x80001242] -> 0x0000
[1065] [M]: 0x80001240 (0x00001D17) auipc s10, 1
x26 <- 0x80002240


mem[X,0x80001244] -> 0x0D13
mem[X,0x80001246] -> 0x834D
[1066] [M]: 0x80001244 (0x834D0D13) addi s10, s10, 2100
x26 <- 0x80001A74


mem[X,0x80001248] -> 0x0013
mem[X,0x8000124A] -> 0x0000
[1067] [M]: 0x80001248 (0x00000013) addi zero, zero, 0


mem[X,0x8000124C] -> 0x0013
mem[X,0x8000124E] -> 0x0000
[1068] [M]: 0x8000124C (0x00000013) addi zero, zero, 0


mem[X,0x80001250] -> 0x0013
mem[X,0x80001252] -> 0x0000
[1069] [M]: 0x80001250 (0x00000013) addi zero, zero, 0


mem[X,0x80001254] -> 0x0013
mem[X,0x80001256] -> 0x0000
[1070] [M]: 0x80001254 (0x00000013) addi zero, zero, 0


mem[X,0x80001258] -> 0x0013
mem[X,0x8000125A] -> 0x0000
[1071] [M]: 0x80001258 (0x00000013) addi zero, zero, 0


mem[X,0x8000125C] -> 0x0013
mem[X,0x8000125E] -> 0x0000
[1072] [M]: 0x8000125C (0x00000013) addi zero, zero, 0


mem[X,0x80001260] -> 0x0BE7
mem[X,0x80001262] -> 0x800D
[1073] [M]: 0x80001260 (0x800D0BE7) jalr s7, s10, 2048
x23 <- 0x80001264


mem[X,0x80001274] -> 0xCB93
mem[X,0x80001276] -> 0x003B
[1074] [M]: 0x80001274 (0x003BCB93) xori s7, s7, 3
x23 <- 0x80001267


mem[X,0x80001278] -> 0x006F
mem[X,0x8000127A] -> 0x0040
[1075] [M]: 0x80001278 (0x0040006F) jal zero, 4


mem[X,0x8000127C] -> 0x0013
mem[X,0x8000127E] -> 0x0000
[1076] [M]: 0x8000127C (0x00000013) addi zero, zero, 0


mem[X,0x80001280] -> 0x0297
mem[X,0x80001282] -> 0x0000
[1077] [M]: 0x80001280 (0x00000297) auipc t0, 0
x5 <- 0x80001280


mem[X,0x80001284] -> 0x8293
mem[X,0x80001286] -> 0xF8C2
[1078] [M]: 0x80001284 (0xF8C28293) addi t0, t0, 3980
x5 <- 0x8000120C


mem[X,0x80001288] -> 0x0013
mem[X,0x8000128A] -> 0x0000
[1079] [M]: 0x80001288 (0x00000013) addi zero, zero, 0


mem[X,0x8000128C] -> 0x0013
mem[X,0x8000128E] -> 0x0000
[1080] [M]: 0x8000128C (0x00000013) addi zero, zero, 0


mem[X,0x80001290] -> 0x0013
mem[X,0x80001292] -> 0x0000
[1081] [M]: 0x80001290 (0x00000013) addi zero, zero, 0


mem[X,0x80001294] -> 0x0013
mem[X,0x80001296] -> 0x0000
[1082] [M]: 0x80001294 (0x00000013) addi zero, zero, 0


mem[X,0x80001298] -> 0x0013
mem[X,0x8000129A] -> 0x0000
[1083] [M]: 0x80001298 (0x00000013) addi zero, zero, 0


mem[X,0x8000129C] -> 0x0013
mem[X,0x8000129E] -> 0x0000
[1084] [M]: 0x8000129C (0x00000013) addi zero, zero, 0


mem[X,0x800012A0] -> 0xF293
mem[X,0x800012A2] -> 0xFFC2
[1085] [M]: 0x800012A0 (0xFFC2F293) andi t0, t0, 4092
x5 <- 0x8000120C


mem[X,0x800012A4] -> 0x8BB3
mem[X,0x800012A6] -> 0x405B
[1086] [M]: 0x800012A4 (0x405B8BB3) sub s7, s7, t0
x23 <- 0x0000005B


mem[X,0x800012A8] -> 0xAE23
mem[X,0x800012AA] -> 0x0171
[1087] [M]: 0x800012A8 (0x0171AE23) sw s7, 28(gp)
mem[0x80004180] <- 0x0000005B


mem[X,0x800012AC] -> 0x0013
mem[X,0x800012AE] -> 0x0000
[1088] [M]: 0x800012AC (0x00000013) addi zero, zero, 0


mem[X,0x800012B0] -> 0x0013
mem[X,0x800012B2] -> 0x0000
[1089] [M]: 0x800012B0 (0x00000013) addi zero, zero, 0


mem[X,0x800012B4] -> 0x0013
mem[X,0x800012B6] -> 0x0000
[1090] [M]: 0x800012B4 (0x00000013) addi zero, zero, 0


mem[X,0x800012B8] -> 0x0013
mem[X,0x800012BA] -> 0x0000
[1091] [M]: 0x800012B8 (0x00000013) addi zero, zero, 0


mem[X,0x800012BC] -> 0x0013
mem[X,0x800012BE] -> 0x0000
[1092] [M]: 0x800012BC (0x00000013) addi zero, zero, 0


mem[X,0x800012C0] -> 0x0117
mem[X,0x800012C2] -> 0x0000
[1093] [M]: 0x800012C0 (0x00000117) auipc sp, 0
x2 <- 0x800012C0


mem[X,0x800012C4] -> 0x0113
mem[X,0x800012C6] -> 0xFEC1
[1094] [M]: 0x800012C4 (0xFEC10113) addi sp, sp, 4076
x2 <- 0x800012AC


mem[X,0x800012C8] -> 0x0013
mem[X,0x800012CA] -> 0x0000
[1095] [M]: 0x800012C8 (0x00000013) addi zero, zero, 0


mem[X,0x800012CC] -> 0x0013
mem[X,0x800012CE] -> 0x0000
[1096] [M]: 0x800012CC (0x00000013) addi zero, zero, 0


mem[X,0x800012D0] -> 0x0013
mem[X,0x800012D2] -> 0x0000
[1097] [M]: 0x800012D0 (0x00000013) addi zero, zero, 0


mem[X,0x800012D4] -> 0x0013
mem[X,0x800012D6] -> 0x0000
[1098] [M]: 0x800012D4 (0x00000013) addi zero, zero, 0


mem[X,0x800012D8] -> 0x0013
mem[X,0x800012DA] -> 0x0000
[1099] [M]: 0x800012D8 (0x00000013) addi zero, zero, 0


clint::tick mtime <- 0x000000000000000B
 clint timer pending at mtime 0x000000000000000B
htif::tick 0x0000000000000000
mem[X,0x800012DC] -> 0x0013
mem[X,0x800012DE] -> 0x0000
[1100] [M]: 0x800012DC (0x00000013) addi zero, zero, 0


mem[X,0x800012E0] -> 0x1E17
mem[X,0x800012E2] -> 0x0000
[1101] [M]: 0x800012E0 (0x00001E17) auipc t3, 1
x28 <- 0x800022E0


mem[X,0x800012E4] -> 0x0E13
mem[X,0x800012E6] -> 0x834E
[1102] [M]: 0x800012E4 (0x834E0E13) addi t3, t3, 2100
x28 <- 0x80001B14


mem[X,0x800012E8] -> 0x0013
mem[X,0x800012EA] -> 0x0000
[1103] [M]: 0x800012E8 (0x00000013) addi zero, zero, 0


mem[X,0x800012EC] -> 0x0013
mem[X,0x800012EE] -> 0x0000
[1104] [M]: 0x800012EC (0x00000013) addi zero, zero, 0


mem[X,0x800012F0] -> 0x0013
mem[X,0x800012F2] -> 0x0000
[1105] [M]: 0x800012F0 (0x00000013) addi zero, zero, 0


mem[X,0x800012F4] -> 0x0013
mem[X,0x800012F6] -> 0x0000
[1106] [M]: 0x800012F4 (0x00000013) addi zero, zero, 0


mem[X,0x800012F8] -> 0x0013
mem[X,0x800012FA] -> 0x0000
[1107] [M]: 0x800012F8 (0x00000013) addi zero, zero, 0


mem[X,0x800012FC] -> 0x0013
mem[X,0x800012FE] -> 0x0000
[1108] [M]: 0x800012FC (0x00000013) addi zero, zero, 0


mem[X,0x80001300] -> 0x0167
mem[X,0x80001302] -> 0x800E
[1109] [M]: 0x80001300 (0x800E0167) jalr sp, t3, 2048
x2 <- 0x80001304


mem[X,0x80001314] -> 0x4113
mem[X,0x80001316] -> 0x0031
[1110] [M]: 0x80001314 (0x00314113) xori sp, sp, 3
x2 <- 0x80001307


mem[X,0x80001318] -> 0x006F
mem[X,0x8000131A] -> 0x0040
[1111] [M]: 0x80001318 (0x0040006F) jal zero, 4


mem[X,0x8000131C] -> 0x0013
mem[X,0x8000131E] -> 0x0000
[1112] [M]: 0x8000131C (0x00000013) addi zero, zero, 0


mem[X,0x80001320] -> 0x0297
mem[X,0x80001322] -> 0x0000
[1113] [M]: 0x80001320 (0x00000297) auipc t0, 0
x5 <- 0x80001320


mem[X,0x80001324] -> 0x8293
mem[X,0x80001326] -> 0xF8C2
[1114] [M]: 0x80001324 (0xF8C28293) addi t0, t0, 3980
x5 <- 0x800012AC


mem[X,0x80001328] -> 0x0013
mem[X,0x8000132A] -> 0x0000
[1115] [M]: 0x80001328 (0x00000013) addi zero, zero, 0


mem[X,0x8000132C] -> 0x0013
mem[X,0x8000132E] -> 0x0000
[1116] [M]: 0x8000132C (0x00000013) addi zero, zero, 0


mem[X,0x80001330] -> 0x0013
mem[X,0x80001332] -> 0x0000
[1117] [M]: 0x80001330 (0x00000013) addi zero, zero, 0


mem[X,0x80001334] -> 0x0013
mem[X,0x80001336] -> 0x0000
[1118] [M]: 0x80001334 (0x00000013) addi zero, zero, 0


mem[X,0x80001338] -> 0x0013
mem[X,0x8000133A] -> 0x0000
[1119] [M]: 0x80001338 (0x00000013) addi zero, zero, 0


mem[X,0x8000133C] -> 0x0013
mem[X,0x8000133E] -> 0x0000
[1120] [M]: 0x8000133C (0x00000013) addi zero, zero, 0


mem[X,0x80001340] -> 0xF293
mem[X,0x80001342] -> 0xFFC2
[1121] [M]: 0x80001340 (0xFFC2F293) andi t0, t0, 4092
x5 <- 0x800012AC


mem[X,0x80001344] -> 0x0133
mem[X,0x80001346] -> 0x4051
[1122] [M]: 0x80001344 (0x40510133) sub sp, sp, t0
x2 <- 0x0000005B


mem[X,0x80001348] -> 0xA023
mem[X,0x8000134A] -> 0x0221
[1123] [M]: 0x80001348 (0x0221A023) sw sp, 32(gp)
mem[0x80004184] <- 0x0000005B


mem[X,0x8000134C] -> 0x0013
mem[X,0x8000134E] -> 0x0000
[1124] [M]: 0x8000134C (0x00000013) addi zero, zero, 0


mem[X,0x80001350] -> 0x0013
mem[X,0x80001352] -> 0x0000
[1125] [M]: 0x80001350 (0x00000013) addi zero, zero, 0


mem[X,0x80001354] -> 0x0013
mem[X,0x80001356] -> 0x0000
[1126] [M]: 0x80001354 (0x00000013) addi zero, zero, 0


mem[X,0x80001358] -> 0x0013
mem[X,0x8000135A] -> 0x0000
[1127] [M]: 0x80001358 (0x00000013) addi zero, zero, 0


mem[X,0x8000135C] -> 0x0013
mem[X,0x8000135E] -> 0x0000
[1128] [M]: 0x8000135C (0x00000013) addi zero, zero, 0


mem[X,0x80001360] -> 0x0097
mem[X,0x80001362] -> 0x0000
[1129] [M]: 0x80001360 (0x00000097) auipc ra, 0
x1 <- 0x80001360


mem[X,0x80001364] -> 0x8093
mem[X,0x80001366] -> 0xFEC0
[1130] [M]: 0x80001364 (0xFEC08093) addi ra, ra, 4076
x1 <- 0x8000134C


mem[X,0x80001368] -> 0x0013
mem[X,0x8000136A] -> 0x0000
[1131] [M]: 0x80001368 (0x00000013) addi zero, zero, 0


mem[X,0x8000136C] -> 0x0013
mem[X,0x8000136E] -> 0x0000
[1132] [M]: 0x8000136C (0x00000013) addi zero, zero, 0


mem[X,0x80001370] -> 0x0013
mem[X,0x80001372] -> 0x0000
[1133] [M]: 0x80001370 (0x00000013) addi zero, zero, 0


mem[X,0x80001374] -> 0x0013
mem[X,0x80001376] -> 0x0000
[1134] [M]: 0x80001374 (0x00000013) addi zero, zero, 0


mem[X,0x80001378] -> 0x0013
mem[X,0x8000137A] -> 0x0000
[1135] [M]: 0x80001378 (0x00000013) addi zero, zero, 0


mem[X,0x8000137C] -> 0x0013
mem[X,0x8000137E] -> 0x0000
[1136] [M]: 0x8000137C (0x00000013) addi zero, zero, 0


mem[X,0x80001380] -> 0x1517
mem[X,0x80001382] -> 0x0000
[1137] [M]: 0x80001380 (0x00001517) auipc a0, 1
x10 <- 0x80002380


mem[X,0x80001384] -> 0x0513
mem[X,0x80001386] -> 0x8345
[1138] [M]: 0x80001384 (0x83450513) addi a0, a0, 2100
x10 <- 0x80001BB4


mem[X,0x80001388] -> 0x0013
mem[X,0x8000138A] -> 0x0000
[1139] [M]: 0x80001388 (0x00000013) addi zero, zero, 0


mem[X,0x8000138C] -> 0x0013
mem[X,0x8000138E] -> 0x0000
[1140] [M]: 0x8000138C (0x00000013) addi zero, zero, 0


mem[X,0x80001390] -> 0x0013
mem[X,0x80001392] -> 0x0000
[1141] [M]: 0x80001390 (0x00000013) addi zero, zero, 0


mem[X,0x80001394] -> 0x0013
mem[X,0x80001396] -> 0x0000
[1142] [M]: 0x80001394 (0x00000013) addi zero, zero, 0


mem[X,0x80001398] -> 0x0013
mem[X,0x8000139A] -> 0x0000
[1143] [M]: 0x80001398 (0x00000013) addi zero, zero, 0


mem[X,0x8000139C] -> 0x0013
mem[X,0x8000139E] -> 0x0000
[1144] [M]: 0x8000139C (0x00000013) addi zero, zero, 0


mem[X,0x800013A0] -> 0x00E7
mem[X,0x800013A2] -> 0x8005
[1145] [M]: 0x800013A0 (0x800500E7) jalr ra, a0, 2048
x1 <- 0x800013A4


mem[X,0x800013B4] -> 0xC093
mem[X,0x800013B6] -> 0x0030
[1146] [M]: 0x800013B4 (0x0030C093) xori ra, ra, 3
x1 <- 0x800013A7


mem[X,0x800013B8] -> 0x006F
mem[X,0x800013BA] -> 0x0040
[1147] [M]: 0x800013B8 (0x0040006F) jal zero, 4


mem[X,0x800013BC] -> 0x0013
mem[X,0x800013BE] -> 0x0000
[1148] [M]: 0x800013BC (0x00000013) addi zero, zero, 0


mem[X,0x800013C0] -> 0x0297
mem[X,0x800013C2] -> 0x0000
[1149] [M]: 0x800013C0 (0x00000297) auipc t0, 0
x5 <- 0x800013C0


mem[X,0x800013C4] -> 0x8293
mem[X,0x800013C6] -> 0xF8C2
[1150] [M]: 0x800013C4 (0xF8C28293) addi t0, t0, 3980
x5 <- 0x8000134C


mem[X,0x800013C8] -> 0x0013
mem[X,0x800013CA] -> 0x0000
[1151] [M]: 0x800013C8 (0x00000013) addi zero, zero, 0


mem[X,0x800013CC] -> 0x0013
mem[X,0x800013CE] -> 0x0000
[1152] [M]: 0x800013CC (0x00000013) addi zero, zero, 0


mem[X,0x800013D0] -> 0x0013
mem[X,0x800013D2] -> 0x0000
[1153] [M]: 0x800013D0 (0x00000013) addi zero, zero, 0


mem[X,0x800013D4] -> 0x0013
mem[X,0x800013D6] -> 0x0000
[1154] [M]: 0x800013D4 (0x00000013) addi zero, zero, 0


mem[X,0x800013D8] -> 0x0013
mem[X,0x800013DA] -> 0x0000
[1155] [M]: 0x800013D8 (0x00000013) addi zero, zero, 0


mem[X,0x800013DC] -> 0x0013
mem[X,0x800013DE] -> 0x0000
[1156] [M]: 0x800013DC (0x00000013) addi zero, zero, 0


mem[X,0x800013E0] -> 0xF293
mem[X,0x800013E2] -> 0xFFC2
[1157] [M]: 0x800013E0 (0xFFC2F293) andi t0, t0, 4092
x5 <- 0x8000134C


mem[X,0x800013E4] -> 0x80B3
mem[X,0x800013E6] -> 0x4050
[1158] [M]: 0x800013E4 (0x405080B3) sub ra, ra, t0
x1 <- 0x0000005B


mem[X,0x800013E8] -> 0xA223
mem[X,0x800013EA] -> 0x0211
[1159] [M]: 0x800013E8 (0x0211A223) sw ra, 36(gp)
mem[0x80004188] <- 0x0000005B


mem[X,0x800013EC] -> 0x0013
mem[X,0x800013EE] -> 0x0000
[1160] [M]: 0x800013EC (0x00000013) addi zero, zero, 0


mem[X,0x800013F0] -> 0x0013
mem[X,0x800013F2] -> 0x0000
[1161] [M]: 0x800013F0 (0x00000013) addi zero, zero, 0


mem[X,0x800013F4] -> 0x0013
mem[X,0x800013F6] -> 0x0000
[1162] [M]: 0x800013F4 (0x00000013) addi zero, zero, 0


mem[X,0x800013F8] -> 0x0013
mem[X,0x800013FA] -> 0x0000
[1163] [M]: 0x800013F8 (0x00000013) addi zero, zero, 0


mem[X,0x800013FC] -> 0x0013
mem[X,0x800013FE] -> 0x0000
[1164] [M]: 0x800013FC (0x00000013) addi zero, zero, 0


mem[X,0x80001400] -> 0x0F97
mem[X,0x80001402] -> 0x0000
[1165] [M]: 0x80001400 (0x00000F97) auipc t6, 0
x31 <- 0x80001400


mem[X,0x80001404] -> 0x8F93
mem[X,0x80001406] -> 0xFECF
[1166] [M]: 0x80001404 (0xFECF8F93) addi t6, t6, 4076
x31 <- 0x800013EC


mem[X,0x80001408] -> 0x0013
mem[X,0x8000140A] -> 0x0000
[1167] [M]: 0x80001408 (0x00000013) addi zero, zero, 0


mem[X,0x8000140C] -> 0x0013
mem[X,0x8000140E] -> 0x0000
[1168] [M]: 0x8000140C (0x00000013) addi zero, zero, 0


mem[X,0x80001410] -> 0x0013
mem[X,0x80001412] -> 0x0000
[1169] [M]: 0x80001410 (0x00000013) addi zero, zero, 0


mem[X,0x80001414] -> 0x0013
mem[X,0x80001416] -> 0x0000
[1170] [M]: 0x80001414 (0x00000013) addi zero, zero, 0


mem[X,0x80001418] -> 0x0013
mem[X,0x8000141A] -> 0x0000
[1171] [M]: 0x80001418 (0x00000013) addi zero, zero, 0


mem[X,0x8000141C] -> 0x0013
mem[X,0x8000141E] -> 0x0000
[1172] [M]: 0x8000141C (0x00000013) addi zero, zero, 0


mem[X,0x80001420] -> 0x1817
mem[X,0x80001422] -> 0x0000
[1173] [M]: 0x80001420 (0x00001817) auipc a6, 1
x16 <- 0x80002420


mem[X,0x80001424] -> 0x0813
mem[X,0x80001426] -> 0x8348
[1174] [M]: 0x80001424 (0x83480813) addi a6, a6, 2100
x16 <- 0x80001C54


mem[X,0x80001428] -> 0x0013
mem[X,0x8000142A] -> 0x0000
[1175] [M]: 0x80001428 (0x00000013) addi zero, zero, 0


mem[X,0x8000142C] -> 0x0013
mem[X,0x8000142E] -> 0x0000
[1176] [M]: 0x8000142C (0x00000013) addi zero, zero, 0


mem[X,0x80001430] -> 0x0013
mem[X,0x80001432] -> 0x0000
[1177] [M]: 0x80001430 (0x00000013) addi zero, zero, 0


mem[X,0x80001434] -> 0x0013
mem[X,0x80001436] -> 0x0000
[1178] [M]: 0x80001434 (0x00000013) addi zero, zero, 0


mem[X,0x80001438] -> 0x0013
mem[X,0x8000143A] -> 0x0000
[1179] [M]: 0x80001438 (0x00000013) addi zero, zero, 0


mem[X,0x8000143C] -> 0x0013
mem[X,0x8000143E] -> 0x0000
[1180] [M]: 0x8000143C (0x00000013) addi zero, zero, 0


mem[X,0x80001440] -> 0x0FE7
mem[X,0x80001442] -> 0x8008
[1181] [M]: 0x80001440 (0x80080FE7) jalr t6, a6, 2048
x31 <- 0x80001444


mem[X,0x80001454] -> 0xCF93
mem[X,0x80001456] -> 0x003F
[1182] [M]: 0x80001454 (0x003FCF93) xori t6, t6, 3
x31 <- 0x80001447


mem[X,0x80001458] -> 0x006F
mem[X,0x8000145A] -> 0x0040
[1183] [M]: 0x80001458 (0x0040006F) jal zero, 4


mem[X,0x8000145C] -> 0x0013
mem[X,0x8000145E] -> 0x0000
[1184] [M]: 0x8000145C (0x00000013) addi zero, zero, 0


mem[X,0x80001460] -> 0x0297
mem[X,0x80001462] -> 0x0000
[1185] [M]: 0x80001460 (0x00000297) auipc t0, 0
x5 <- 0x80001460


mem[X,0x80001464] -> 0x8293
mem[X,0x80001466] -> 0xF8C2
[1186] [M]: 0x80001464 (0xF8C28293) addi t0, t0, 3980
x5 <- 0x800013EC


mem[X,0x80001468] -> 0x0013
mem[X,0x8000146A] -> 0x0000
[1187] [M]: 0x80001468 (0x00000013) addi zero, zero, 0


mem[X,0x8000146C] -> 0x0013
mem[X,0x8000146E] -> 0x0000
[1188] [M]: 0x8000146C (0x00000013) addi zero, zero, 0


mem[X,0x80001470] -> 0x0013
mem[X,0x80001472] -> 0x0000
[1189] [M]: 0x80001470 (0x00000013) addi zero, zero, 0


mem[X,0x80001474] -> 0x0013
mem[X,0x80001476] -> 0x0000
[1190] [M]: 0x80001474 (0x00000013) addi zero, zero, 0


mem[X,0x80001478] -> 0x0013
mem[X,0x8000147A] -> 0x0000
[1191] [M]: 0x80001478 (0x00000013) addi zero, zero, 0


mem[X,0x8000147C] -> 0x0013
mem[X,0x8000147E] -> 0x0000
[1192] [M]: 0x8000147C (0x00000013) addi zero, zero, 0


mem[X,0x80001480] -> 0xF293
mem[X,0x80001482] -> 0xFFC2
[1193] [M]: 0x80001480 (0xFFC2F293) andi t0, t0, 4092
x5 <- 0x800013EC


mem[X,0x80001484] -> 0x8FB3
mem[X,0x80001486] -> 0x405F
[1194] [M]: 0x80001484 (0x405F8FB3) sub t6, t6, t0
x31 <- 0x0000005B


mem[X,0x80001488] -> 0xA423
mem[X,0x8000148A] -> 0x03F1
[1195] [M]: 0x80001488 (0x03F1A423) sw t6, 40(gp)
mem[0x8000418C] <- 0x0000005B


mem[X,0x8000148C] -> 0x0013
mem[X,0x8000148E] -> 0x0000
[1196] [M]: 0x8000148C (0x00000013) addi zero, zero, 0


mem[X,0x80001490] -> 0x0013
mem[X,0x80001492] -> 0x0000
[1197] [M]: 0x80001490 (0x00000013) addi zero, zero, 0


mem[X,0x80001494] -> 0x0013
mem[X,0x80001496] -> 0x0000
[1198] [M]: 0x80001494 (0x00000013) addi zero, zero, 0


mem[X,0x80001498] -> 0x0013
mem[X,0x8000149A] -> 0x0000
[1199] [M]: 0x80001498 (0x00000013) addi zero, zero, 0


clint::tick mtime <- 0x000000000000000C
 clint timer pending at mtime 0x000000000000000C
htif::tick 0x0000000000000000
mem[X,0x8000149C] -> 0x0013
mem[X,0x8000149E] -> 0x0000
[1200] [M]: 0x8000149C (0x00000013) addi zero, zero, 0


mem[X,0x800014A0] -> 0x0D97
mem[X,0x800014A2] -> 0x0000
[1201] [M]: 0x800014A0 (0x00000D97) auipc s11, 0
x27 <- 0x800014A0


mem[X,0x800014A4] -> 0x8D93
mem[X,0x800014A6] -> 0xFECD
[1202] [M]: 0x800014A4 (0xFECD8D93) addi s11, s11, 4076
x27 <- 0x8000148C


mem[X,0x800014A8] -> 0x0013
mem[X,0x800014AA] -> 0x0000
[1203] [M]: 0x800014A8 (0x00000013) addi zero, zero, 0


mem[X,0x800014AC] -> 0x0013
mem[X,0x800014AE] -> 0x0000
[1204] [M]: 0x800014AC (0x00000013) addi zero, zero, 0


mem[X,0x800014B0] -> 0x0013
mem[X,0x800014B2] -> 0x0000
[1205] [M]: 0x800014B0 (0x00000013) addi zero, zero, 0


mem[X,0x800014B4] -> 0x0013
mem[X,0x800014B6] -> 0x0000
[1206] [M]: 0x800014B4 (0x00000013) addi zero, zero, 0


mem[X,0x800014B8] -> 0x0013
mem[X,0x800014BA] -> 0x0000
[1207] [M]: 0x800014B8 (0x00000013) addi zero, zero, 0


mem[X,0x800014BC] -> 0x0013
mem[X,0x800014BE] -> 0x0000
[1208] [M]: 0x800014BC (0x00000013) addi zero, zero, 0


mem[X,0x800014C0] -> 0x1817
mem[X,0x800014C2] -> 0x0000
[1209] [M]: 0x800014C0 (0x00001817) auipc a6, 1
x16 <- 0x800024C0


mem[X,0x800014C4] -> 0x0813
mem[X,0x800014C6] -> 0x8348
[1210] [M]: 0x800014C4 (0x83480813) addi a6, a6, 2100
x16 <- 0x80001CF4


mem[X,0x800014C8] -> 0x0013
mem[X,0x800014CA] -> 0x0000
[1211] [M]: 0x800014C8 (0x00000013) addi zero, zero, 0


mem[X,0x800014CC] -> 0x0013
mem[X,0x800014CE] -> 0x0000
[1212] [M]: 0x800014CC (0x00000013) addi zero, zero, 0


mem[X,0x800014D0] -> 0x0013
mem[X,0x800014D2] -> 0x0000
[1213] [M]: 0x800014D0 (0x00000013) addi zero, zero, 0


mem[X,0x800014D4] -> 0x0013
mem[X,0x800014D6] -> 0x0000
[1214] [M]: 0x800014D4 (0x00000013) addi zero, zero, 0


mem[X,0x800014D8] -> 0x0013
mem[X,0x800014DA] -> 0x0000
[1215] [M]: 0x800014D8 (0x00000013) addi zero, zero, 0


mem[X,0x800014DC] -> 0x0013
mem[X,0x800014DE] -> 0x0000
[1216] [M]: 0x800014DC (0x00000013) addi zero, zero, 0


mem[X,0x800014E0] -> 0x0DE7
mem[X,0x800014E2] -> 0x8008
[1217] [M]: 0x800014E0 (0x80080DE7) jalr s11, a6, 2048
x27 <- 0x800014E4


mem[X,0x800014F4] -> 0xCD93
mem[X,0x800014F6] -> 0x003D
[1218] [M]: 0x800014F4 (0x003DCD93) xori s11, s11, 3
x27 <- 0x800014E7


mem[X,0x800014F8] -> 0x006F
mem[X,0x800014FA] -> 0x0040
[1219] [M]: 0x800014F8 (0x0040006F) jal zero, 4


mem[X,0x800014FC] -> 0x0013
mem[X,0x800014FE] -> 0x0000
[1220] [M]: 0x800014FC (0x00000013) addi zero, zero, 0


mem[X,0x80001500] -> 0x0297
mem[X,0x80001502] -> 0x0000
[1221] [M]: 0x80001500 (0x00000297) auipc t0, 0
x5 <- 0x80001500


mem[X,0x80001504] -> 0x8293
mem[X,0x80001506] -> 0xF8C2
[1222] [M]: 0x80001504 (0xF8C28293) addi t0, t0, 3980
x5 <- 0x8000148C


mem[X,0x80001508] -> 0x0013
mem[X,0x8000150A] -> 0x0000
[1223] [M]: 0x80001508 (0x00000013) addi zero, zero, 0


mem[X,0x8000150C] -> 0x0013
mem[X,0x8000150E] -> 0x0000
[1224] [M]: 0x8000150C (0x00000013) addi zero, zero, 0


mem[X,0x80001510] -> 0x0013
mem[X,0x80001512] -> 0x0000
[1225] [M]: 0x80001510 (0x00000013) addi zero, zero, 0


mem[X,0x80001514] -> 0x0013
mem[X,0x80001516] -> 0x0000
[1226] [M]: 0x80001514 (0x00000013) addi zero, zero, 0


mem[X,0x80001518] -> 0x0013
mem[X,0x8000151A] -> 0x0000
[1227] [M]: 0x80001518 (0x00000013) addi zero, zero, 0


mem[X,0x8000151C] -> 0x0013
mem[X,0x8000151E] -> 0x0000
[1228] [M]: 0x8000151C (0x00000013) addi zero, zero, 0


mem[X,0x80001520] -> 0xF293
mem[X,0x80001522] -> 0xFFC2
[1229] [M]: 0x80001520 (0xFFC2F293) andi t0, t0, 4092
x5 <- 0x8000148C


mem[X,0x80001524] -> 0x8DB3
mem[X,0x80001526] -> 0x405D
[1230] [M]: 0x80001524 (0x405D8DB3) sub s11, s11, t0
x27 <- 0x0000005B


mem[X,0x80001528] -> 0xA623
mem[X,0x8000152A] -> 0x03B1
[1231] [M]: 0x80001528 (0x03B1A623) sw s11, 44(gp)
mem[0x80004190] <- 0x0000005B


mem[X,0x8000152C] -> 0x0013
mem[X,0x8000152E] -> 0x0000
[1232] [M]: 0x8000152C (0x00000013) addi zero, zero, 0


mem[X,0x80001530] -> 0x0013
mem[X,0x80001532] -> 0x0000
[1233] [M]: 0x80001530 (0x00000013) addi zero, zero, 0


mem[X,0x80001534] -> 0x0013
mem[X,0x80001536] -> 0x0000
[1234] [M]: 0x80001534 (0x00000013) addi zero, zero, 0


mem[X,0x80001538] -> 0x0013
mem[X,0x8000153A] -> 0x0000
[1235] [M]: 0x80001538 (0x00000013) addi zero, zero, 0


mem[X,0x8000153C] -> 0x0013
mem[X,0x8000153E] -> 0x0000
[1236] [M]: 0x8000153C (0x00000013) addi zero, zero, 0


mem[X,0x80001540] -> 0x0597
mem[X,0x80001542] -> 0x0000
[1237] [M]: 0x80001540 (0x00000597) auipc a1, 0
x11 <- 0x80001540


mem[X,0x80001544] -> 0x8593
mem[X,0x80001546] -> 0xFEC5
[1238] [M]: 0x80001544 (0xFEC58593) addi a1, a1, 4076
x11 <- 0x8000152C


mem[X,0x80001548] -> 0x0013
mem[X,0x8000154A] -> 0x0000
[1239] [M]: 0x80001548 (0x00000013) addi zero, zero, 0


mem[X,0x8000154C] -> 0x0013
mem[X,0x8000154E] -> 0x0000
[1240] [M]: 0x8000154C (0x00000013) addi zero, zero, 0


mem[X,0x80001550] -> 0x0013
mem[X,0x80001552] -> 0x0000
[1241] [M]: 0x80001550 (0x00000013) addi zero, zero, 0


mem[X,0x80001554] -> 0x0013
mem[X,0x80001556] -> 0x0000
[1242] [M]: 0x80001554 (0x00000013) addi zero, zero, 0


mem[X,0x80001558] -> 0x0013
mem[X,0x8000155A] -> 0x0000
[1243] [M]: 0x80001558 (0x00000013) addi zero, zero, 0


mem[X,0x8000155C] -> 0x0013
mem[X,0x8000155E] -> 0x0000
[1244] [M]: 0x8000155C (0x00000013) addi zero, zero, 0


mem[X,0x80001560] -> 0x0517
mem[X,0x80001562] -> 0x0000
[1245] [M]: 0x80001560 (0x00000517) auipc a0, 0
x10 <- 0x80001560


mem[X,0x80001564] -> 0x0513
mem[X,0x80001566] -> 0x0145
[1246] [M]: 0x80001564 (0x01450513) addi a0, a0, 20
x10 <- 0x80001574


mem[X,0x80001568] -> 0x0013
mem[X,0x8000156A] -> 0x0000
[1247] [M]: 0x80001568 (0x00000013) addi zero, zero, 0


mem[X,0x8000156C] -> 0x0013
mem[X,0x8000156E] -> 0x0000
[1248] [M]: 0x8000156C (0x00000013) addi zero, zero, 0


mem[X,0x80001570] -> 0x0013
mem[X,0x80001572] -> 0x0000
[1249] [M]: 0x80001570 (0x00000013) addi zero, zero, 0


mem[X,0x80001574] -> 0x0013
mem[X,0x80001576] -> 0x0000
[1250] [M]: 0x80001574 (0x00000013) addi zero, zero, 0


mem[X,0x80001578] -> 0x0013
mem[X,0x8000157A] -> 0x0000
[1251] [M]: 0x80001578 (0x00000013) addi zero, zero, 0


mem[X,0x8000157C] -> 0x0013
mem[X,0x8000157E] -> 0x0000
[1252] [M]: 0x8000157C (0x00000013) addi zero, zero, 0


mem[X,0x80001580] -> 0x05E7
mem[X,0x80001582] -> 0x0205
[1253] [M]: 0x80001580 (0x020505E7) jalr a1, a0, 32
x11 <- 0x80001584


mem[X,0x80001594] -> 0xC593
mem[X,0x80001596] -> 0x0035
[1254] [M]: 0x80001594 (0x0035C593) xori a1, a1, 3
x11 <- 0x80001587


mem[X,0x80001598] -> 0x006F
mem[X,0x8000159A] -> 0x0040
[1255] [M]: 0x80001598 (0x0040006F) jal zero, 4


mem[X,0x8000159C] -> 0x0013
mem[X,0x8000159E] -> 0x0000
[1256] [M]: 0x8000159C (0x00000013) addi zero, zero, 0


mem[X,0x800015A0] -> 0x0297
mem[X,0x800015A2] -> 0x0000
[1257] [M]: 0x800015A0 (0x00000297) auipc t0, 0
x5 <- 0x800015A0


mem[X,0x800015A4] -> 0x8293
mem[X,0x800015A6] -> 0xF8C2
[1258] [M]: 0x800015A4 (0xF8C28293) addi t0, t0, 3980
x5 <- 0x8000152C


mem[X,0x800015A8] -> 0x0013
mem[X,0x800015AA] -> 0x0000
[1259] [M]: 0x800015A8 (0x00000013) addi zero, zero, 0


mem[X,0x800015AC] -> 0x0013
mem[X,0x800015AE] -> 0x0000
[1260] [M]: 0x800015AC (0x00000013) addi zero, zero, 0


mem[X,0x800015B0] -> 0x0013
mem[X,0x800015B2] -> 0x0000
[1261] [M]: 0x800015B0 (0x00000013) addi zero, zero, 0


mem[X,0x800015B4] -> 0x0013
mem[X,0x800015B6] -> 0x0000
[1262] [M]: 0x800015B4 (0x00000013) addi zero, zero, 0


mem[X,0x800015B8] -> 0x0013
mem[X,0x800015BA] -> 0x0000
[1263] [M]: 0x800015B8 (0x00000013) addi zero, zero, 0


mem[X,0x800015BC] -> 0x0013
mem[X,0x800015BE] -> 0x0000
[1264] [M]: 0x800015BC (0x00000013) addi zero, zero, 0


mem[X,0x800015C0] -> 0xF293
mem[X,0x800015C2] -> 0xFFC2
[1265] [M]: 0x800015C0 (0xFFC2F293) andi t0, t0, 4092
x5 <- 0x8000152C


mem[X,0x800015C4] -> 0x85B3
mem[X,0x800015C6] -> 0x4055
[1266] [M]: 0x800015C4 (0x405585B3) sub a1, a1, t0
x11 <- 0x0000005B


mem[X,0x800015C8] -> 0xA823
mem[X,0x800015CA] -> 0x02B1
[1267] [M]: 0x800015C8 (0x02B1A823) sw a1, 48(gp)
mem[0x80004194] <- 0x0000005B


mem[X,0x800015CC] -> 0x006F
mem[X,0x800015CE] -> 0x0200
[1268] [M]: 0x800015CC (0x0200006F) jal zero, 32


mem[X,0x800015EC] -> 0x0093
mem[X,0x800015EE] -> 0x0010
[1269] [M]: 0x800015EC (0x00100093) addi ra, zero, 1
x1 <- 0x00000001


mem[X,0x800015F0] -> 0x1F17
mem[X,0x800015F2] -> 0x0000
[1270] [M]: 0x800015F0 (0x00001F17) auipc t5, 1
x30 <- 0x800025F0


mem[X,0x800015F4] -> 0x2823
mem[X,0x800015F6] -> 0xA01F
[1271] [M]: 0x800015F4 (0xA01F2823) sw ra, 2576(t5)
htif[0x80002000] <- 0x00000001


mem[X,0x800015F8] -> 0xF06F
mem[X,0x800015FA] -> 0xFF9F
[1272] [M]: 0x800015F8 (0xFF9FF06F) jal zero, 2097144


mem[X,0x800015F0] -> 0x1F17
mem[X,0x800015F2] -> 0x0000
[1273] [M]: 0x800015F0 (0x00001F17) auipc t5, 1
x30 <- 0x800025F0


mem[X,0x800015F4] -> 0x2823
mem[X,0x800015F6] -> 0xA01F
[1274] [M]: 0x800015F4 (0xA01F2823) sw ra, 2576(t5)
htif[0x80002000] <- 0x00000001


mem[X,0x800015F8] -> 0xF06F
mem[X,0x800015FA] -> 0xFF9F
[1275] [M]: 0x800015F8 (0xFF9FF06F) jal zero, 2097144


mem[X,0x800015F0] -> 0x1F17
mem[X,0x800015F2] -> 0x0000
[1276] [M]: 0x800015F0 (0x00001F17) auipc t5, 1
x30 <- 0x800025F0


mem[X,0x800015F4] -> 0x2823
mem[X,0x800015F6] -> 0xA01F
[1277] [M]: 0x800015F4 (0xA01F2823) sw ra, 2576(t5)
htif[0x80002000] <- 0x00000001
htif-syscall-proxy cmd: 0x000000000001

SUCCESS
