using /home/abdul_waheed/github_files/UET-Pcore-with-c-ext/verif/riscof_work/src/andi-01.S/ref/Reference-sail_c_simulator.signature for test-signature output.
[Sail] Allocating new block 0x80000000
tohost located at 0x80003000
[Sail] Allocating new block 0x0

Running file ref.elf.
ELF Entry @ 0x80000000
begin_signature: 0x80005110
end_signature: 0x800059e0
CSR mstatus <- 0x00000000 (input: 0x00000000)
mem[X,0x00001000] -> 0x0297
mem[X,0x00001002] -> 0x0000
[0] [M]: 0x00001000 (0x00000297) auipc t0, 0
x5 <- 0x00001000


mem[X,0x00001004] -> 0x8593
mem[X,0x00001006] -> 0x0202
[1] [M]: 0x00001004 (0x02028593) addi a1, t0, 32
x11 <- 0x00001020


mem[X,0x00001008] -> 0x2573
mem[X,0x0000100A] -> 0xF140
[2] [M]: 0x00001008 (0xF1402573) csrrs a0, mhartid, zero
CSR mhartid -> 0x00000000
x10 <- 0x00000000


mem[X,0x0000100C] -> 0xA283
mem[X,0x0000100E] -> 0x0182
[3] [M]: 0x0000100C (0x0182A283) lw t0, 24(t0)
mem[R,0x00001018] -> 0x80000000
x5 <- 0x80000000


mem[X,0x00001010] -> 0x8067
mem[X,0x00001012] -> 0x0002
[4] [M]: 0x00001010 (0x00028067) jalr zero, t0, 0


mem[X,0x80000000] -> 0xC0B7
mem[X,0x80000002] -> 0xFEED
[5] [M]: 0x80000000 (0xFEEDC0B7) lui ra, 1044188
x1 <- 0xFEEDC000


mem[X,0x80000004] -> 0x8093
mem[X,0x80000006] -> 0xEAD0
[6] [M]: 0x80000004 (0xEAD08093) addi ra, ra, 3757
x1 <- 0xFEEDBEAD


mem[X,0x80000008] -> 0xE137
mem[X,0x8000000A] -> 0xFF76
[7] [M]: 0x80000008 (0xFF76E137) lui sp, 1046382
x2 <- 0xFF76E000


mem[X,0x8000000C] -> 0x0113
mem[X,0x8000000E] -> 0xF561
[8] [M]: 0x8000000C (0xF5610113) addi sp, sp, 3926
x2 <- 0xFF76DF56


mem[X,0x80000010] -> 0x71B7
mem[X,0x80000012] -> 0x7FBB
[9] [M]: 0x80000010 (0x7FBB71B7) lui gp, 523191
x3 <- 0x7FBB7000


mem[X,0x80000014] -> 0x8193
mem[X,0x80000016] -> 0xFAB1
[10] [M]: 0x80000014 (0xFAB18193) addi gp, gp, 4011
x3 <- 0x7FBB6FAB


mem[X,0x80000018] -> 0xB237
mem[X,0x8000001A] -> 0xBFDD
[11] [M]: 0x80000018 (0xBFDDB237) lui tp, 785883
x4 <- 0xBFDDB000


mem[X,0x8000001C] -> 0x0213
mem[X,0x8000001E] -> 0x7D52
[12] [M]: 0x8000001C (0x7D520213) addi tp, tp, 2005
x4 <- 0xBFDDB7D5


mem[X,0x80000020] -> 0xE2B7
mem[X,0x80000022] -> 0xDFEE
[13] [M]: 0x80000020 (0xDFEEE2B7) lui t0, 917230
x5 <- 0xDFEEE000


mem[X,0x80000024] -> 0x8293
mem[X,0x80000026] -> 0xBEA2
[14] [M]: 0x80000024 (0xBEA28293) addi t0, t0, 3050
x5 <- 0xDFEEDBEA


mem[X,0x80000028] -> 0x7337
mem[X,0x8000002A] -> 0x6FF7
[15] [M]: 0x80000028 (0x6FF77337) lui t1, 458615
x6 <- 0x6FF77000


mem[X,0x8000002C] -> 0x0313
mem[X,0x8000002E] -> 0xDF53
[16] [M]: 0x8000002C (0xDF530313) addi t1, t1, 3573
x6 <- 0x6FF76DF5


mem[X,0x80000030] -> 0xB3B7
mem[X,0x80000032] -> 0xB7FB
[17] [M]: 0x80000030 (0xB7FBB3B7) lui t2, 753595
x7 <- 0xB7FBB000


mem[X,0x80000034] -> 0x8393
mem[X,0x80000036] -> 0x6FA3
[18] [M]: 0x80000034 (0x6FA38393) addi t2, t2, 1786
x7 <- 0xB7FBB6FA


mem[X,0x80000038] -> 0xE437
mem[X,0x8000003A] -> 0x5BFD
[19] [M]: 0x80000038 (0x5BFDE437) lui fp, 376798
x8 <- 0x5BFDE000


mem[X,0x8000003C] -> 0x0413
mem[X,0x8000003E] -> 0xB7D4
[20] [M]: 0x8000003C (0xB7D40413) addi fp, fp, 2941
x8 <- 0x5BFDDB7D


mem[X,0x80000040] -> 0xF4B7
mem[X,0x80000042] -> 0xADFE
[21] [M]: 0x80000040 (0xADFEF4B7) lui s1, 712687
x9 <- 0xADFEF000


mem[X,0x80000044] -> 0x8493
mem[X,0x80000046] -> 0xDBE4
[22] [M]: 0x80000044 (0xDBE48493) addi s1, s1, 3518
x9 <- 0xADFEEDBE


mem[X,0x80000048] -> 0x7537
mem[X,0x8000004A] -> 0x56FF
[23] [M]: 0x80000048 (0x56FF7537) lui a0, 356343
x10 <- 0x56FF7000


mem[X,0x8000004C] -> 0x0513
mem[X,0x8000004E] -> 0x6DF5
[24] [M]: 0x8000004C (0x6DF50513) addi a0, a0, 1759
x10 <- 0x56FF76DF


mem[X,0x80000050] -> 0xC5B7
mem[X,0x80000052] -> 0xAB7F
[25] [M]: 0x80000050 (0xAB7FC5B7) lui a1, 702460
x11 <- 0xAB7FC000


mem[X,0x80000054] -> 0x8593
mem[X,0x80000056] -> 0xB6F5
[26] [M]: 0x80000054 (0xB6F58593) addi a1, a1, 2927
x11 <- 0xAB7FBB6F


mem[X,0x80000058] -> 0xE637
mem[X,0x8000005A] -> 0xD5BF
[27] [M]: 0x80000058 (0xD5BFE637) lui a2, 875518
x12 <- 0xD5BFE000


mem[X,0x8000005C] -> 0x0613
mem[X,0x8000005E] -> 0xDB76
[28] [M]: 0x8000005C (0xDB760613) addi a2, a2, 3511
x12 <- 0xD5BFDDB7


mem[X,0x80000060] -> 0xF6B7
mem[X,0x80000062] -> 0xEADF
[29] [M]: 0x80000060 (0xEADFF6B7) lui a3, 962047
x13 <- 0xEADFF000


mem[X,0x80000064] -> 0x8693
mem[X,0x80000066] -> 0xEDB6
[30] [M]: 0x80000064 (0xEDB68693) addi a3, a3, 3803
x13 <- 0xEADFEEDB


mem[X,0x80000068] -> 0xF737
mem[X,0x8000006A] -> 0xF56F
[31] [M]: 0x80000068 (0xF56FF737) lui a4, 1005311
x14 <- 0xF56FF000


mem[X,0x8000006C] -> 0x0713
mem[X,0x8000006E] -> 0x76D7
[32] [M]: 0x8000006C (0x76D70713) addi a4, a4, 1901
x14 <- 0xF56FF76D


mem[X,0x80000070] -> 0x07B7
mem[X,0x80000072] -> 0xFAB8
[33] [M]: 0x80000070 (0xFAB807B7) lui a5, 1026944
x15 <- 0xFAB80000


mem[X,0x80000074] -> 0x8793
mem[X,0x80000076] -> 0xBB67
[34] [M]: 0x80000074 (0xBB678793) addi a5, a5, 2998
x15 <- 0xFAB7FBB6


mem[X,0x80000078] -> 0x0837
mem[X,0x8000007A] -> 0x7D5C
[35] [M]: 0x80000078 (0x7D5C0837) lui a6, 513472
x16 <- 0x7D5C0000


mem[X,0x8000007C] -> 0x0813
mem[X,0x8000007E] -> 0xDDB8
[36] [M]: 0x8000007C (0xDDB80813) addi a6, a6, 3547
x16 <- 0x7D5BFDDB


mem[X,0x80000080] -> 0x08B7
mem[X,0x80000082] -> 0xBEAE
[37] [M]: 0x80000080 (0xBEAE08B7) lui a7, 781024
x17 <- 0xBEAE0000


mem[X,0x80000084] -> 0x8893
mem[X,0x80000086] -> 0xEED8
[38] [M]: 0x80000084 (0xEED88893) addi a7, a7, 3821
x17 <- 0xBEADFEED


mem[X,0x80000088] -> 0x0937
mem[X,0x8000008A] -> 0xDF57
[39] [M]: 0x80000088 (0xDF570937) lui s2, 914800
x18 <- 0xDF570000


mem[X,0x8000008C] -> 0x0913
mem[X,0x8000008E] -> 0xF769
[40] [M]: 0x8000008C (0xF7690913) addi s2, s2, 3958
x18 <- 0xDF56FF76


mem[X,0x80000090] -> 0x89B7
mem[X,0x80000092] -> 0x6FAB
[41] [M]: 0x80000090 (0x6FAB89B7) lui s3, 457400
x19 <- 0x6FAB8000


mem[X,0x80000094] -> 0x8993
mem[X,0x80000096] -> 0xFBB9
[42] [M]: 0x80000094 (0xFBB98993) addi s3, s3, 4027
x19 <- 0x6FAB7FBB


mem[X,0x80000098] -> 0xCA37
mem[X,0x8000009A] -> 0xB7D5
[43] [M]: 0x80000098 (0xB7D5CA37) lui s4, 752988
x20 <- 0xB7D5C000


mem[X,0x8000009C] -> 0x0A13
mem[X,0x8000009E] -> 0xFDDA
[44] [M]: 0x8000009C (0xFDDA0A13) addi s4, s4, 4061
x20 <- 0xB7D5BFDD


mem[X,0x800000A0] -> 0xEAB7
mem[X,0x800000A2] -> 0xDBEA
[45] [M]: 0x800000A0 (0xDBEAEAB7) lui s5, 900782
x21 <- 0xDBEAE000


mem[X,0x800000A4] -> 0x8A93
mem[X,0x800000A6] -> 0xFEEA
[46] [M]: 0x800000A4 (0xFEEA8A93) addi s5, s5, 4078
x21 <- 0xDBEADFEE


mem[X,0x800000A8] -> 0x7B37
mem[X,0x800000AA] -> 0x6DF5
[47] [M]: 0x800000A8 (0x6DF57B37) lui s6, 450391
x22 <- 0x6DF57000


mem[X,0x800000AC] -> 0x0B13
mem[X,0x800000AE] -> 0xFF7B
[48] [M]: 0x800000AC (0xFF7B0B13) addi s6, s6, 4087
x22 <- 0x6DF56FF7


mem[X,0x800000B0] -> 0xBBB7
mem[X,0x800000B2] -> 0xB6FA
[49] [M]: 0x800000B0 (0xB6FABBB7) lui s7, 749483
x23 <- 0xB6FAB000


mem[X,0x800000B4] -> 0x8B93
mem[X,0x800000B6] -> 0x7FBB
[50] [M]: 0x800000B4 (0x7FBB8B93) addi s7, s7, 2043
x23 <- 0xB6FAB7FB


mem[X,0x800000B8] -> 0x6C37
mem[X,0x800000BA] -> 0xDB7D
[51] [M]: 0x800000B8 (0xDB7D6C37) lui s8, 899030
x24 <- 0xDB7D6000


mem[X,0x800000BC] -> 0x0C13
mem[X,0x800000BE] -> 0xBFDC
[52] [M]: 0x800000BC (0xBFDC0C13) addi s8, s8, 3069
x24 <- 0xDB7D5BFD


mem[X,0x800000C0] -> 0xBCB7
mem[X,0x800000C2] -> 0xEDBE
[53] [M]: 0x800000C0 (0xEDBEBCB7) lui s9, 973803
x25 <- 0xEDBEB000


mem[X,0x800000C4] -> 0x8C93
mem[X,0x800000C6] -> 0xDFEC
[54] [M]: 0x800000C4 (0xDFEC8C93) addi s9, s9, 3582
x25 <- 0xEDBEADFE


mem[X,0x800000C8] -> 0x5D37
mem[X,0x800000CA] -> 0x76DF
[55] [M]: 0x800000C8 (0x76DF5D37) lui s10, 486901
x26 <- 0x76DF5000


mem[X,0x800000CC] -> 0x0D13
mem[X,0x800000CE] -> 0x6FFD
[56] [M]: 0x800000CC (0x6FFD0D13) addi s10, s10, 1791
x26 <- 0x76DF56FF


mem[X,0x800000D0] -> 0xBDB7
mem[X,0x800000D2] -> 0xBB6F
[57] [M]: 0x800000D0 (0xBB6FBDB7) lui s11, 767739
x27 <- 0xBB6FB000


mem[X,0x800000D4] -> 0x8D93
mem[X,0x800000D6] -> 0xB7FD
[58] [M]: 0x800000D4 (0xB7FD8D93) addi s11, s11, 2943
x27 <- 0xBB6FAB7F


mem[X,0x800000D8] -> 0xDE37
mem[X,0x800000DA] -> 0xDDB7
[59] [M]: 0x800000D8 (0xDDB7DE37) lui t3, 908157
x28 <- 0xDDB7D000


mem[X,0x800000DC] -> 0x0E13
mem[X,0x800000DE] -> 0x5BFE
[60] [M]: 0x800000DC (0x5BFE0E13) addi t3, t3, 1471
x28 <- 0xDDB7D5BF


mem[X,0x800000E0] -> 0xFEB7
mem[X,0x800000E2] -> 0xEEDB
[61] [M]: 0x800000E0 (0xEEDBFEB7) lui t4, 978367
x29 <- 0xEEDBF000


mem[X,0x800000E4] -> 0x8E93
mem[X,0x800000E6] -> 0xADFE
[62] [M]: 0x800000E4 (0xADFE8E93) addi t4, t4, 2783
x29 <- 0xEEDBEADF


mem[X,0x800000E8] -> 0xFF37
mem[X,0x800000EA] -> 0xF76D
[63] [M]: 0x800000E8 (0xF76DFF37) lui t5, 1013471
x30 <- 0xF76DF000


mem[X,0x800000EC] -> 0x0F13
mem[X,0x800000EE] -> 0x56FF
[64] [M]: 0x800000EC (0x56FF0F13) addi t5, t5, 1391
x30 <- 0xF76DF56F


mem[X,0x800000F0] -> 0x0FB7
mem[X,0x800000F2] -> 0xFBB7
[65] [M]: 0x800000F0 (0xFBB70FB7) lui t6, 1031024
x31 <- 0xFBB70000


mem[X,0x800000F4] -> 0x8F93
mem[X,0x800000F6] -> 0xAB7F
[66] [M]: 0x800000F4 (0xAB7F8F93) addi t6, t6, 2743
x31 <- 0xFBB6FAB7


mem[X,0x800000F8] -> 0x0013
mem[X,0x800000FA] -> 0x0000
[67] [M]: 0x800000F8 (0x00000013) addi zero, zero, 0


mem[X,0x800000FC] -> 0x0013
mem[X,0x800000FE] -> 0x0000
[68] [M]: 0x800000FC (0x00000013) addi zero, zero, 0


mem[X,0x80000100] -> 0x5917
mem[X,0x80000102] -> 0x0000
[69] [M]: 0x80000100 (0x00005917) auipc s2, 5
x18 <- 0x80005100


mem[X,0x80000104] -> 0x0913
mem[X,0x80000106] -> 0x0149
[70] [M]: 0x80000104 (0x01490913) addi s2, s2, 20
x18 <- 0x80005114


mem[X,0x80000108] -> 0x0013
mem[X,0x8000010A] -> 0x0000
[71] [M]: 0x80000108 (0x00000013) addi zero, zero, 0


mem[X,0x8000010C] -> 0x0013
mem[X,0x8000010E] -> 0x0000
[72] [M]: 0x8000010C (0x00000013) addi zero, zero, 0


mem[X,0x80000110] -> 0x0013
mem[X,0x80000112] -> 0x0000
[73] [M]: 0x80000110 (0x00000013) addi zero, zero, 0


mem[X,0x80000114] -> 0x0013
mem[X,0x80000116] -> 0x0000
[74] [M]: 0x80000114 (0x00000013) addi zero, zero, 0


mem[X,0x80000118] -> 0x0013
mem[X,0x8000011A] -> 0x0000
[75] [M]: 0x80000118 (0x00000013) addi zero, zero, 0


mem[X,0x8000011C] -> 0x0013
mem[X,0x8000011E] -> 0x0000
[76] [M]: 0x8000011C (0x00000013) addi zero, zero, 0


mem[X,0x80000120] -> 0x0B13
mem[X,0x80000122] -> 0xFFE0
[77] [M]: 0x80000120 (0xFFE00B13) addi s6, zero, 4094
x22 <- 0xFFFFFFFE


mem[X,0x80000124] -> 0x7513
mem[X,0x80000126] -> 0x800B
[78] [M]: 0x80000124 (0x800B7513) andi a0, s6, 2048
x10 <- 0xFFFFF800


mem[X,0x80000128] -> 0x2023
mem[X,0x8000012A] -> 0x00A9
[79] [M]: 0x80000128 (0x00A92023) sw a0, 0(s2)
mem[0x80005114] <- 0xFFFFF800


mem[X,0x8000012C] -> 0xFCB7
mem[X,0x8000012E] -> 0xFFFF
[80] [M]: 0x8000012C (0xFFFFFCB7) lui s9, 1048575
x25 <- 0xFFFFF000


mem[X,0x80000130] -> 0x8C93
mem[X,0x80000132] -> 0xFFFC
[81] [M]: 0x80000130 (0xFFFC8C93) addi s9, s9, 4095
x25 <- 0xFFFFEFFF


mem[X,0x80000134] -> 0xFC93
mem[X,0x80000136] -> 0x000C
[82] [M]: 0x80000134 (0x000CFC93) andi s9, s9, 0
x25 <- 0x00000000


mem[X,0x80000138] -> 0x2223
mem[X,0x8000013A] -> 0x0199
[83] [M]: 0x80000138 (0x01992223) sw s9, 4(s2)
mem[0x80005118] <- 0x00000000


mem[X,0x8000013C] -> 0x0837
mem[X,0x8000013E] -> 0xFE00
[84] [M]: 0x8000013C (0xFE000837) lui a6, 1040384
x16 <- 0xFE000000


mem[X,0x80000140] -> 0x0813
mem[X,0x80000142] -> 0xFFF8
[85] [M]: 0x80000140 (0xFFF80813) addi a6, a6, 4095
x16 <- 0xFDFFFFFF


mem[X,0x80000144] -> 0x7893
mem[X,0x80000146] -> 0x7FF8
[86] [M]: 0x80000144 (0x7FF87893) andi a7, a6, 2047
x17 <- 0x000007FF


mem[X,0x80000148] -> 0x2423
mem[X,0x8000014A] -> 0x0119
[87] [M]: 0x80000148 (0x01192423) sw a7, 8(s2)
mem[0x8000511C] <- 0x000007FF


mem[X,0x8000014C] -> 0x0137
mem[X,0x8000014E] -> 0xFFFE
[88] [M]: 0x8000014C (0xFFFE0137) lui sp, 1048544
x2 <- 0xFFFE0000


mem[X,0x80000150] -> 0x0113
mem[X,0x80000152] -> 0xFFF1
[89] [M]: 0x80000150 (0xFFF10113) addi sp, sp, 4095
x2 <- 0xFFFDFFFF


mem[X,0x80000154] -> 0x7413
mem[X,0x80000156] -> 0x0011
[90] [M]: 0x80000154 (0x00117413) andi fp, sp, 1
x8 <- 0x00000001


mem[X,0x80000158] -> 0x2623
mem[X,0x8000015A] -> 0x0089
[91] [M]: 0x80000158 (0x00892623) sw fp, 12(s2)
mem[0x80005120] <- 0x00000001


mem[X,0x8000015C] -> 0x0E37
mem[X,0x8000015E] -> 0x8000
[92] [M]: 0x8000015C (0x80000E37) lui t3, 524288
x28 <- 0x80000000


mem[X,0x80000160] -> 0x7F13
mem[X,0x80000162] -> 0x004E
[93] [M]: 0x80000160 (0x004E7F13) andi t5, t3, 4
x30 <- 0x00000000


mem[X,0x80000164] -> 0x2823
mem[X,0x80000166] -> 0x01E9
[94] [M]: 0x80000164 (0x01E92823) sw t5, 16(s2)
mem[0x80005124] <- 0x00000000


mem[X,0x80000168] -> 0x0213
mem[X,0x8000016A] -> 0x0000
[95] [M]: 0x80000168 (0x00000213) addi tp, zero, 0
x4 <- 0x00000000


mem[X,0x8000016C] -> 0x7993
mem[X,0x8000016E] -> 0x8002
[96] [M]: 0x8000016C (0x80027993) andi s3, tp, 2048
x19 <- 0x00000000


mem[X,0x80000170] -> 0x2A23
mem[X,0x80000172] -> 0x0139
[97] [M]: 0x80000170 (0x01392A23) sw s3, 20(s2)
mem[0x80005128] <- 0x00000000


mem[X,0x80000174] -> 0x0537
mem[X,0x80000176] -> 0x8000
[98] [M]: 0x80000174 (0x80000537) lui a0, 524288
x10 <- 0x80000000


mem[X,0x80000178] -> 0x0513
mem[X,0x8000017A] -> 0xFFF5
[99] [M]: 0x80000178 (0xFFF50513) addi a0, a0, 4095
x10 <- 0x7FFFFFFF


clint::tick mtime <- 0x0000000000000001
 clint timer pending at mtime 0x0000000000000001
htif::tick 0x0000000000000000
mem[X,0x8000017C] -> 0x7113
mem[X,0x8000017E] -> 0x0065
[100] [M]: 0x8000017C (0x00657113) andi sp, a0, 6
x2 <- 0x00000006


mem[X,0x80000180] -> 0x2C23
mem[X,0x80000182] -> 0x0029
[101] [M]: 0x80000180 (0x00292C23) sw sp, 24(s2)
mem[0x8000512C] <- 0x00000006


mem[X,0x80000184] -> 0x0393
mem[X,0x80000186] -> 0x0010
[102] [M]: 0x80000184 (0x00100393) addi t2, zero, 1
x7 <- 0x00000001


mem[X,0x80000188] -> 0xF693
mem[X,0x8000018A] -> 0x5543
[103] [M]: 0x80000188 (0x5543F693) andi a3, t2, 1364
x13 <- 0x00000000


mem[X,0x8000018C] -> 0x2E23
mem[X,0x8000018E] -> 0x00D9
[104] [M]: 0x8000018C (0x00D92E23) sw a3, 28(s2)
mem[0x80005130] <- 0x00000000


mem[X,0x80000190] -> 0x0D93
mem[X,0x80000192] -> 0x0800
[105] [M]: 0x80000190 (0x08000D93) addi s11, zero, 128
x27 <- 0x00000080


mem[X,0x80000194] -> 0xF493
mem[X,0x80000196] -> 0x080D
[106] [M]: 0x80000194 (0x080DF493) andi s1, s11, 128
x9 <- 0x00000080


mem[X,0x80000198] -> 0x2023
mem[X,0x8000019A] -> 0x0299
[107] [M]: 0x80000198 (0x02992023) sw s1, 32(s2)
mem[0x80005134] <- 0x00000080


mem[X,0x8000019C] -> 0x08B7
mem[X,0x8000019E] -> 0x8000
[108] [M]: 0x8000019C (0x800008B7) lui a7, 524288
x17 <- 0x80000000


mem[X,0x800001A0] -> 0x8893
mem[X,0x800001A2] -> 0xFFF8
[109] [M]: 0x800001A0 (0xFFF88893) addi a7, a7, 4095
x17 <- 0x7FFFFFFF


mem[X,0x800001A4] -> 0xF193
mem[X,0x800001A6] -> 0xFD48
[110] [M]: 0x800001A4 (0xFD48F193) andi gp, a7, 4052
x3 <- 0x7FFFFFD4


mem[X,0x800001A8] -> 0x2223
mem[X,0x800001AA] -> 0x0239
[111] [M]: 0x800001A8 (0x02392223) sw gp, 36(s2)
mem[0x80005138] <- 0x7FFFFFD4


mem[X,0x800001AC] -> 0x0013
mem[X,0x800001AE] -> 0x0000
[112] [M]: 0x800001AC (0x00000013) addi zero, zero, 0


mem[X,0x800001B0] -> 0x7D13
mem[X,0x800001B2] -> 0x0020
[113] [M]: 0x800001B0 (0x00207D13) andi s10, zero, 2
x26 <- 0x00000000


mem[X,0x800001B4] -> 0x2423
mem[X,0x800001B6] -> 0x03A9
[114] [M]: 0x800001B4 (0x03A92423) sw s10, 40(s2)
mem[0x8000513C] <- 0x00000000


mem[X,0x800001B8] -> 0x6BB7
mem[X,0x800001BA] -> 0x6666
[115] [M]: 0x800001B8 (0x66666BB7) lui s7, 419430
x23 <- 0x66666000


mem[X,0x800001BC] -> 0x8B93
mem[X,0x800001BE] -> 0x666B
[116] [M]: 0x800001BC (0x666B8B93) addi s7, s7, 1638
x23 <- 0x66666666


mem[X,0x800001C0] -> 0xFA93
mem[X,0x800001C2] -> 0x008B
[117] [M]: 0x800001C0 (0x008BFA93) andi s5, s7, 8
x21 <- 0x00000000


mem[X,0x800001C4] -> 0x2623
mem[X,0x800001C6] -> 0x0359
[118] [M]: 0x800001C4 (0x03592623) sw s5, 44(s2)
mem[0x80005140] <- 0x00000000


mem[X,0x800001C8] -> 0x0313
mem[X,0x800001CA] -> 0x0000
[119] [M]: 0x800001C8 (0x00000313) addi t1, zero, 0
x6 <- 0x00000000


mem[X,0x800001CC] -> 0x7713
mem[X,0x800001CE] -> 0x0103
[120] [M]: 0x800001CC (0x01037713) andi a4, t1, 16
x14 <- 0x00000000


mem[X,0x800001D0] -> 0x2823
mem[X,0x800001D2] -> 0x02E9
[121] [M]: 0x800001D0 (0x02E92823) sw a4, 48(s2)
mem[0x80005144] <- 0x00000000


mem[X,0x800001D4] -> 0x0293
mem[X,0x800001D6] -> 0x1000
[122] [M]: 0x800001D4 (0x10000293) addi t0, zero, 256
x5 <- 0x00000100


mem[X,0x800001D8] -> 0xFB13
mem[X,0x800001DA] -> 0x0202
[123] [M]: 0x800001D8 (0x0202FB13) andi s6, t0, 32
x22 <- 0x00000000


mem[X,0x800001DC] -> 0x2A23
mem[X,0x800001DE] -> 0x0369
[124] [M]: 0x800001DC (0x03692A23) sw s6, 52(s2)
mem[0x80005148] <- 0x00000000


mem[X,0x800001E0] -> 0x0413
mem[X,0x800001E2] -> 0xFFB0
[125] [M]: 0x800001E0 (0xFFB00413) addi fp, zero, 4091
x8 <- 0xFFFFFFFB


mem[X,0x800001E4] -> 0x7E93
mem[X,0x800001E6] -> 0x0404
[126] [M]: 0x800001E4 (0x04047E93) andi t4, fp, 64
x29 <- 0x00000040


mem[X,0x800001E8] -> 0x2C23
mem[X,0x800001EA] -> 0x03D9
[127] [M]: 0x800001E8 (0x03D92C23) sw t4, 56(s2)
mem[0x8000514C] <- 0x00000040


mem[X,0x800001EC] -> 0x0613
mem[X,0x800001EE] -> 0x0010
[128] [M]: 0x800001EC (0x00100613) addi a2, zero, 1
x12 <- 0x00000001


mem[X,0x800001F0] -> 0x7B93
mem[X,0x800001F2] -> 0x1006
[129] [M]: 0x800001F0 (0x10067B93) andi s7, a2, 256
x23 <- 0x00000000


mem[X,0x800001F4] -> 0x2E23
mem[X,0x800001F6] -> 0x0379
[130] [M]: 0x800001F4 (0x03792E23) sw s7, 60(s2)
mem[0x80005150] <- 0x00000000


mem[X,0x800001F8] -> 0xB7B7
mem[X,0x800001FA] -> 0xAAAA
[131] [M]: 0x800001F8 (0xAAAAB7B7) lui a5, 699051
x15 <- 0xAAAAB000


mem[X,0x800001FC] -> 0x8793
mem[X,0x800001FE] -> 0xAAB7
[132] [M]: 0x800001FC (0xAAB78793) addi a5, a5, 2731
x15 <- 0xAAAAAAAB


mem[X,0x80000200] -> 0xF313
mem[X,0x80000202] -> 0x2007
[133] [M]: 0x80000200 (0x2007F313) andi t1, a5, 512
x6 <- 0x00000200


mem[X,0x80000204] -> 0x2023
mem[X,0x80000206] -> 0x0469
[134] [M]: 0x80000204 (0x04692023) sw t1, 64(s2)
mem[0x80005154] <- 0x00000200


mem[X,0x80000208] -> 0x0E93
mem[X,0x8000020A] -> 0x0000
[135] [M]: 0x80000208 (0x00000E93) addi t4, zero, 0
x29 <- 0x00000000


mem[X,0x8000020C] -> 0xF593
mem[X,0x8000020E] -> 0x400E
[136] [M]: 0x8000020C (0x400EF593) andi a1, t4, 1024
x11 <- 0x00000000


mem[X,0x80000210] -> 0x2223
mem[X,0x80000212] -> 0x04B9
[137] [M]: 0x80000210 (0x04B92223) sw a1, 68(s2)
mem[0x80005158] <- 0x00000000


mem[X,0x80000214] -> 0x6A37
mem[X,0x80000216] -> 0x6666
[138] [M]: 0x80000214 (0x66666A37) lui s4, 419430
x20 <- 0x66666000


mem[X,0x80000218] -> 0x0A13
mem[X,0x8000021A] -> 0x667A
[139] [M]: 0x80000218 (0x667A0A13) addi s4, s4, 1639
x20 <- 0x66666667


mem[X,0x8000021C] -> 0x7093
mem[X,0x8000021E] -> 0xFFEA
[140] [M]: 0x8000021C (0xFFEA7093) andi ra, s4, 4094
x1 <- 0x66666666


mem[X,0x80000220] -> 0x2423
mem[X,0x80000222] -> 0x0419
[141] [M]: 0x80000220 (0x04192423) sw ra, 72(s2)
mem[0x8000515C] <- 0x66666666


mem[X,0x80000224] -> 0x0013
mem[X,0x80000226] -> 0x0000
[142] [M]: 0x80000224 (0x00000013) addi zero, zero, 0


mem[X,0x80000228] -> 0x0013
mem[X,0x8000022A] -> 0x0000
[143] [M]: 0x80000228 (0x00000013) addi zero, zero, 0


mem[X,0x8000022C] -> 0x0013
mem[X,0x8000022E] -> 0x0000
[144] [M]: 0x8000022C (0x00000013) addi zero, zero, 0


mem[X,0x80000230] -> 0x0013
mem[X,0x80000232] -> 0x0000
[145] [M]: 0x80000230 (0x00000013) addi zero, zero, 0


mem[X,0x80000234] -> 0x0013
mem[X,0x80000236] -> 0x0000
[146] [M]: 0x80000234 (0x00000013) addi zero, zero, 0


mem[X,0x80000238] -> 0x0013
mem[X,0x8000023A] -> 0x0000
[147] [M]: 0x80000238 (0x00000013) addi zero, zero, 0


mem[X,0x8000023C] -> 0x0013
mem[X,0x8000023E] -> 0x0000
[148] [M]: 0x8000023C (0x00000013) addi zero, zero, 0


mem[X,0x80000240] -> 0x5117
mem[X,0x80000242] -> 0x0000
[149] [M]: 0x80000240 (0x00005117) auipc sp, 5
x2 <- 0x80005240


mem[X,0x80000244] -> 0x0113
mem[X,0x80000246] -> 0xF201
[150] [M]: 0x80000244 (0xF2010113) addi sp, sp, 3872
x2 <- 0x80005160


mem[X,0x80000248] -> 0x0013
mem[X,0x8000024A] -> 0x0000
[151] [M]: 0x80000248 (0x00000013) addi zero, zero, 0


mem[X,0x8000024C] -> 0x0013
mem[X,0x8000024E] -> 0x0000
[152] [M]: 0x8000024C (0x00000013) addi zero, zero, 0


mem[X,0x80000250] -> 0x0013
mem[X,0x80000252] -> 0x0000
[153] [M]: 0x80000250 (0x00000013) addi zero, zero, 0


mem[X,0x80000254] -> 0x0013
mem[X,0x80000256] -> 0x0000
[154] [M]: 0x80000254 (0x00000013) addi zero, zero, 0


mem[X,0x80000258] -> 0x0013
mem[X,0x8000025A] -> 0x0000
[155] [M]: 0x80000258 (0x00000013) addi zero, zero, 0


mem[X,0x8000025C] -> 0x0013
mem[X,0x8000025E] -> 0x0000
[156] [M]: 0x8000025C (0x00000013) addi zero, zero, 0


mem[X,0x80000260] -> 0x0FB7
mem[X,0x80000262] -> 0xFFF0
[157] [M]: 0x80000260 (0xFFF00FB7) lui t6, 1048320
x31 <- 0xFFF00000


mem[X,0x80000264] -> 0x8F93
mem[X,0x80000266] -> 0xFFFF
[158] [M]: 0x80000264 (0xFFFF8F93) addi t6, t6, 4095
x31 <- 0xFFEFFFFF


mem[X,0x80000268] -> 0xF293
mem[X,0x8000026A] -> 0xFFDF
[159] [M]: 0x80000268 (0xFFDFF293) andi t0, t6, 4093
x5 <- 0xFFEFFFFD


mem[X,0x8000026C] -> 0x2023
mem[X,0x8000026E] -> 0x0051
[160] [M]: 0x8000026C (0x00512023) sw t0, 0(sp)
mem[0x80005160] <- 0xFFEFFFFD


mem[X,0x80000270] -> 0x0193
mem[X,0x80000272] -> 0x2000
[161] [M]: 0x80000270 (0x20000193) addi gp, zero, 512
x3 <- 0x00000200


mem[X,0x80000274] -> 0xFA13
mem[X,0x80000276] -> 0xFFB1
[162] [M]: 0x80000274 (0xFFB1FA13) andi s4, gp, 4091
x20 <- 0x00000200


mem[X,0x80000278] -> 0x2223
mem[X,0x8000027A] -> 0x0141
[163] [M]: 0x80000278 (0x01412223) sw s4, 4(sp)
mem[0x80005164] <- 0x00000200


mem[X,0x8000027C] -> 0x44B7
mem[X,0x8000027E] -> 0x0000
[164] [M]: 0x8000027C (0x000044B7) lui s1, 4
x9 <- 0x00004000


mem[X,0x80000280] -> 0xF393
mem[X,0x80000282] -> 0xFF74
[165] [M]: 0x80000280 (0xFF74F393) andi t2, s1, 4087
x7 <- 0x00004000


mem[X,0x80000284] -> 0x2423
mem[X,0x80000286] -> 0x0071
[166] [M]: 0x80000284 (0x00712423) sw t2, 8(sp)
mem[0x80005168] <- 0x00004000


mem[X,0x80000288] -> 0x06B7
mem[X,0x8000028A] -> 0x0020
[167] [M]: 0x80000288 (0x002006B7) lui a3, 512
x13 <- 0x00200000


mem[X,0x8000028C] -> 0xF813
mem[X,0x8000028E] -> 0xFEF6
[168] [M]: 0x8000028C (0xFEF6F813) andi a6, a3, 4079
x16 <- 0x00200000


mem[X,0x80000290] -> 0x2623
mem[X,0x80000292] -> 0x0101
[169] [M]: 0x80000290 (0x01012623) sw a6, 12(sp)
mem[0x8000516C] <- 0x00200000


mem[X,0x80000294] -> 0x0913
mem[X,0x80000296] -> 0xFFD0
[170] [M]: 0x80000294 (0xFFD00913) addi s2, zero, 4093
x18 <- 0xFFFFFFFD


mem[X,0x80000298] -> 0x7C13
mem[X,0x8000029A] -> 0xFDF9
[171] [M]: 0x80000298 (0xFDF97C13) andi s8, s2, 4063
x24 <- 0xFFFFFFDD


mem[X,0x8000029C] -> 0x2823
mem[X,0x8000029E] -> 0x0181
[172] [M]: 0x8000029C (0x01812823) sw s8, 16(sp)
mem[0x80005170] <- 0xFFFFFFDD


mem[X,0x800002A0] -> 0x0D13
mem[X,0x800002A2] -> 0xFFA0
[173] [M]: 0x800002A0 (0xFFA00D13) addi s10, zero, 4090
x26 <- 0xFFFFFFFA


mem[X,0x800002A4] -> 0x7213
mem[X,0x800002A6] -> 0xFBFD
[174] [M]: 0x800002A4 (0xFBFD7213) andi tp, s10, 4031
x4 <- 0xFFFFFFBA


mem[X,0x800002A8] -> 0x2A23
mem[X,0x800002AA] -> 0x0041
[175] [M]: 0x800002A8 (0x00412A23) sw tp, 20(sp)
mem[0x80005174] <- 0xFFFFFFBA


mem[X,0x800002AC] -> 0x0F13
mem[X,0x800002AE] -> 0x0400
[176] [M]: 0x800002AC (0x04000F13) addi t5, zero, 64
x30 <- 0x00000040


mem[X,0x800002B0] -> 0x7E13
mem[X,0x800002B2] -> 0xF7FF
[177] [M]: 0x800002B0 (0xF7FF7E13) andi t3, t5, 3967
x28 <- 0x00000040


mem[X,0x800002B4] -> 0x2C23
mem[X,0x800002B6] -> 0x01C1
[178] [M]: 0x800002B4 (0x01C12C23) sw t3, 24(sp)
mem[0x80005178] <- 0x00000040


mem[X,0x800002B8] -> 0x59B7
mem[X,0x800002BA] -> 0xFFFF
[179] [M]: 0x800002B8 (0xFFFF59B7) lui s3, 1048565
x19 <- 0xFFFF5000


mem[X,0x800002BC] -> 0x8993
mem[X,0x800002BE] -> 0xAFC9
[180] [M]: 0x800002BC (0xAFC98993) addi s3, s3, 2812
x19 <- 0xFFFF4AFC


mem[X,0x800002C0] -> 0xF013
mem[X,0x800002C2] -> 0xEFF9
[181] [M]: 0x800002C0 (0xEFF9F013) andi zero, s3, 3839


mem[X,0x800002C4] -> 0x2E23
mem[X,0x800002C6] -> 0x0001
[182] [M]: 0x800002C4 (0x00012E23) sw zero, 28(sp)
mem[0x8000517C] <- 0x00000000


mem[X,0x800002C8] -> 0x8AB7
mem[X,0x800002CA] -> 0xFFFF
[183] [M]: 0x800002C8 (0xFFFF8AB7) lui s5, 1048568
x21 <- 0xFFFF8000


mem[X,0x800002CC] -> 0x8A93
mem[X,0x800002CE] -> 0xFFFA
[184] [M]: 0x800002CC (0xFFFA8A93) addi s5, s5, 4095
x21 <- 0xFFFF7FFF


mem[X,0x800002D0] -> 0xF913
mem[X,0x800002D2] -> 0xDFFA
[185] [M]: 0x800002D0 (0xDFFAF913) andi s2, s5, 3583
x18 <- 0xFFFF7DFF


mem[X,0x800002D4] -> 0x2023
mem[X,0x800002D6] -> 0x0321
[186] [M]: 0x800002D4 (0x03212023) sw s2, 32(sp)
mem[0x80005180] <- 0xFFFF7DFF


mem[X,0x800002D8] -> 0x0093
mem[X,0x800002DA] -> 0x0400
[187] [M]: 0x800002D8 (0x04000093) addi ra, zero, 64
x1 <- 0x00000040


mem[X,0x800002DC] -> 0xF613
mem[X,0x800002DE] -> 0xBFF0
[188] [M]: 0x800002DC (0xBFF0F613) andi a2, ra, 3071
x12 <- 0x00000040


mem[X,0x800002E0] -> 0x2223
mem[X,0x800002E2] -> 0x02C1
[189] [M]: 0x800002E0 (0x02C12223) sw a2, 36(sp)
mem[0x80005184] <- 0x00000040


mem[X,0x800002E4] -> 0xCC37
mem[X,0x800002E6] -> 0xFFFF
[190] [M]: 0x800002E4 (0xFFFFCC37) lui s8, 1048572
x24 <- 0xFFFFC000


mem[X,0x800002E8] -> 0x0C13
mem[X,0x800002EA] -> 0xFFFC
[191] [M]: 0x800002E8 (0xFFFC0C13) addi s8, s8, 4095
x24 <- 0xFFFFBFFF


mem[X,0x800002EC] -> 0x7D93
mem[X,0x800002EE] -> 0x555C
[192] [M]: 0x800002EC (0x555C7D93) andi s11, s8, 1365
x27 <- 0x00000555


mem[X,0x800002F0] -> 0x2423
mem[X,0x800002F2] -> 0x03B1
[193] [M]: 0x800002F0 (0x03B12423) sw s11, 40(sp)
mem[0x80005188] <- 0x00000555


mem[X,0x800002F4] -> 0x05B7
mem[X,0x800002F6] -> 0x4000
[194] [M]: 0x800002F4 (0x400005B7) lui a1, 262144
x11 <- 0x40000000


mem[X,0x800002F8] -> 0xFF93
mem[X,0x800002FA] -> 0xAAA5
[195] [M]: 0x800002F8 (0xAAA5FF93) andi t6, a1, 2730
x31 <- 0x40000000


mem[X,0x800002FC] -> 0x2623
mem[X,0x800002FE] -> 0x03F1
[196] [M]: 0x800002FC (0x03F12623) sw t6, 44(sp)
mem[0x8000518C] <- 0x40000000


mem[X,0x80000300] -> 0x0713
mem[X,0x80000302] -> 0x0020
[197] [M]: 0x80000300 (0x00200713) addi a4, zero, 2
x14 <- 0x00000002


mem[X,0x80000304] -> 0x7793
mem[X,0x80000306] -> 0x0087
[198] [M]: 0x80000304 (0x00877793) andi a5, a4, 8
x15 <- 0x00000000


mem[X,0x80000308] -> 0x2823
mem[X,0x8000030A] -> 0x02F1
[199] [M]: 0x80000308 (0x02F12823) sw a5, 48(sp)
mem[0x80005190] <- 0x00000000


clint::tick mtime <- 0x0000000000000002
 clint timer pending at mtime 0x0000000000000002
htif::tick 0x0000000000000000
mem[X,0x8000030C] -> 0x0513
mem[X,0x8000030E] -> 0x0040
[200] [M]: 0x8000030C (0x00400513) addi a0, zero, 4
x10 <- 0x00000004


mem[X,0x80000310] -> 0x7593
mem[X,0x80000312] -> 0x6675
[201] [M]: 0x80000310 (0x66757593) andi a1, a0, 1639
x11 <- 0x00000004


mem[X,0x80000314] -> 0x2A23
mem[X,0x80000316] -> 0x02B1
[202] [M]: 0x80000314 (0x02B12A23) sw a1, 52(sp)
mem[0x80005194] <- 0x00000004


mem[X,0x80000318] -> 0x0513
mem[X,0x8000031A] -> 0x0080
[203] [M]: 0x80000318 (0x00800513) addi a0, zero, 8
x10 <- 0x00000008


mem[X,0x8000031C] -> 0x7593
mem[X,0x8000031E] -> 0x3345
[204] [M]: 0x8000031C (0x33457593) andi a1, a0, 820
x11 <- 0x00000000


mem[X,0x80000320] -> 0x2C23
mem[X,0x80000322] -> 0x02B1
[205] [M]: 0x80000320 (0x02B12C23) sw a1, 56(sp)
mem[0x80005198] <- 0x00000000


mem[X,0x80000324] -> 0x0513
mem[X,0x80000326] -> 0x0100
[206] [M]: 0x80000324 (0x01000513) addi a0, zero, 16
x10 <- 0x00000010


mem[X,0x80000328] -> 0x7593
mem[X,0x8000032A] -> 0x02E5
[207] [M]: 0x80000328 (0x02E57593) andi a1, a0, 46
x11 <- 0x00000000


mem[X,0x8000032C] -> 0x2E23
mem[X,0x8000032E] -> 0x02B1
[208] [M]: 0x8000032C (0x02B12E23) sw a1, 60(sp)
mem[0x8000519C] <- 0x00000000


mem[X,0x80000330] -> 0x0513
mem[X,0x80000332] -> 0x0200
[209] [M]: 0x80000330 (0x02000513) addi a0, zero, 32
x10 <- 0x00000020


mem[X,0x80000334] -> 0x7593
mem[X,0x80000336] -> 0x0105
[210] [M]: 0x80000334 (0x01057593) andi a1, a0, 16
x11 <- 0x00000000


mem[X,0x80000338] -> 0x2023
mem[X,0x8000033A] -> 0x04B1
[211] [M]: 0x80000338 (0x04B12023) sw a1, 64(sp)
mem[0x800051A0] <- 0x00000000


mem[X,0x8000033C] -> 0x0513
mem[X,0x8000033E] -> 0x4000
[212] [M]: 0x8000033C (0x40000513) addi a0, zero, 1024
x10 <- 0x00000400


mem[X,0x80000340] -> 0x7593
mem[X,0x80000342] -> 0xFD45
[213] [M]: 0x80000340 (0xFD457593) andi a1, a0, 4052
x11 <- 0x00000400


mem[X,0x80000344] -> 0x2223
mem[X,0x80000346] -> 0x04B1
[214] [M]: 0x80000344 (0x04B12223) sw a1, 68(sp)
mem[0x800051A4] <- 0x00000400


mem[X,0x80000348] -> 0x1537
mem[X,0x8000034A] -> 0x0000
[215] [M]: 0x80000348 (0x00001537) lui a0, 1
x10 <- 0x00001000


mem[X,0x8000034C] -> 0x0513
mem[X,0x8000034E] -> 0x8005
[216] [M]: 0x8000034C (0x80050513) addi a0, a0, 2048
x10 <- 0x00000800


mem[X,0x80000350] -> 0x7593
mem[X,0x80000352] -> 0xFBF5
[217] [M]: 0x80000350 (0xFBF57593) andi a1, a0, 4031
x11 <- 0x00000800


mem[X,0x80000354] -> 0x2423
mem[X,0x80000356] -> 0x04B1
[218] [M]: 0x80000354 (0x04B12423) sw a1, 72(sp)
mem[0x800051A8] <- 0x00000800


mem[X,0x80000358] -> 0x1537
mem[X,0x8000035A] -> 0x0000
[219] [M]: 0x80000358 (0x00001537) lui a0, 1
x10 <- 0x00001000


mem[X,0x8000035C] -> 0x7593
mem[X,0x8000035E] -> 0x0405
[220] [M]: 0x8000035C (0x04057593) andi a1, a0, 64
x11 <- 0x00000000


mem[X,0x80000360] -> 0x2623
mem[X,0x80000362] -> 0x04B1
[221] [M]: 0x80000360 (0x04B12623) sw a1, 76(sp)
mem[0x800051AC] <- 0x00000000


mem[X,0x80000364] -> 0x2537
mem[X,0x80000366] -> 0x0000
[222] [M]: 0x80000364 (0x00002537) lui a0, 2
x10 <- 0x00002000


mem[X,0x80000368] -> 0x7593
mem[X,0x8000036A] -> 0xFD35
[223] [M]: 0x80000368 (0xFD357593) andi a1, a0, 4051
x11 <- 0x00002000


mem[X,0x8000036C] -> 0x2823
mem[X,0x8000036E] -> 0x04B1
[224] [M]: 0x8000036C (0x04B12823) sw a1, 80(sp)
mem[0x800051B0] <- 0x00002000


mem[X,0x80000370] -> 0x8537
mem[X,0x80000372] -> 0x0000
[225] [M]: 0x80000370 (0x00008537) lui a0, 8
x10 <- 0x00008000


mem[X,0x80000374] -> 0x7593
mem[X,0x80000376] -> 0xAAA5
[226] [M]: 0x80000374 (0xAAA57593) andi a1, a0, 2730
x11 <- 0x00008000


mem[X,0x80000378] -> 0x2A23
mem[X,0x8000037A] -> 0x04B1
[227] [M]: 0x80000378 (0x04B12A23) sw a1, 84(sp)
mem[0x800051B4] <- 0x00008000


mem[X,0x8000037C] -> 0x0537
mem[X,0x8000037E] -> 0x0001
[228] [M]: 0x8000037C (0x00010537) lui a0, 16
x10 <- 0x00010000


mem[X,0x80000380] -> 0x7593
mem[X,0x80000382] -> 0x3335
[229] [M]: 0x80000380 (0x33357593) andi a1, a0, 819
x11 <- 0x00000000


mem[X,0x80000384] -> 0x2C23
mem[X,0x80000386] -> 0x04B1
[230] [M]: 0x80000384 (0x04B12C23) sw a1, 88(sp)
mem[0x800051B8] <- 0x00000000


mem[X,0x80000388] -> 0x0537
mem[X,0x8000038A] -> 0x0002
[231] [M]: 0x80000388 (0x00020537) lui a0, 32
x10 <- 0x00020000


mem[X,0x8000038C] -> 0x7593
mem[X,0x8000038E] -> 0x3325
[232] [M]: 0x8000038C (0x33257593) andi a1, a0, 818
x11 <- 0x00000000


mem[X,0x80000390] -> 0x2E23
mem[X,0x80000392] -> 0x04B1
[233] [M]: 0x80000390 (0x04B12E23) sw a1, 92(sp)
mem[0x800051BC] <- 0x00000000


mem[X,0x80000394] -> 0x0537
mem[X,0x80000396] -> 0x0004
[234] [M]: 0x80000394 (0x00040537) lui a0, 64
x10 <- 0x00040000


mem[X,0x80000398] -> 0x7593
mem[X,0x8000039A] -> 0x5565
[235] [M]: 0x80000398 (0x55657593) andi a1, a0, 1366
x11 <- 0x00000000


mem[X,0x8000039C] -> 0x2023
mem[X,0x8000039E] -> 0x06B1
[236] [M]: 0x8000039C (0x06B12023) sw a1, 96(sp)
mem[0x800051C0] <- 0x00000000


mem[X,0x800003A0] -> 0x0537
mem[X,0x800003A2] -> 0x0008
[237] [M]: 0x800003A0 (0x00080537) lui a0, 128
x10 <- 0x00080000


mem[X,0x800003A4] -> 0x7593
mem[X,0x800003A6] -> 0x0045
[238] [M]: 0x800003A4 (0x00457593) andi a1, a0, 4
x11 <- 0x00000000


mem[X,0x800003A8] -> 0x2223
mem[X,0x800003AA] -> 0x06B1
[239] [M]: 0x800003A8 (0x06B12223) sw a1, 100(sp)
mem[0x800051C4] <- 0x00000000


mem[X,0x800003AC] -> 0x0537
mem[X,0x800003AE] -> 0x0010
[240] [M]: 0x800003AC (0x00100537) lui a0, 256
x10 <- 0x00100000


mem[X,0x800003B0] -> 0x7593
mem[X,0x800003B2] -> 0x0055
[241] [M]: 0x800003B0 (0x00557593) andi a1, a0, 5
x11 <- 0x00000000


mem[X,0x800003B4] -> 0x2423
mem[X,0x800003B6] -> 0x06B1
[242] [M]: 0x800003B4 (0x06B12423) sw a1, 104(sp)
mem[0x800051C8] <- 0x00000000


mem[X,0x800003B8] -> 0x0537
mem[X,0x800003BA] -> 0x0040
[243] [M]: 0x800003B8 (0x00400537) lui a0, 1024
x10 <- 0x00400000


mem[X,0x800003BC] -> 0x7593
mem[X,0x800003BE] -> 0xFFF5
[244] [M]: 0x800003BC (0xFFF57593) andi a1, a0, 4095
x11 <- 0x00400000


mem[X,0x800003C0] -> 0x2623
mem[X,0x800003C2] -> 0x06B1
[245] [M]: 0x800003C0 (0x06B12623) sw a1, 108(sp)
mem[0x800051CC] <- 0x00400000


mem[X,0x800003C4] -> 0x0537
mem[X,0x800003C6] -> 0x0080
[246] [M]: 0x800003C4 (0x00800537) lui a0, 2048
x10 <- 0x00800000


mem[X,0x800003C8] -> 0x7593
mem[X,0x800003CA] -> 0xFFA5
[247] [M]: 0x800003C8 (0xFFA57593) andi a1, a0, 4090
x11 <- 0x00800000


mem[X,0x800003CC] -> 0x2823
mem[X,0x800003CE] -> 0x06B1
[248] [M]: 0x800003CC (0x06B12823) sw a1, 112(sp)
mem[0x800051D0] <- 0x00800000


mem[X,0x800003D0] -> 0x0537
mem[X,0x800003D2] -> 0x0200
[249] [M]: 0x800003D0 (0x02000537) lui a0, 8192
x10 <- 0x02000000


mem[X,0x800003D4] -> 0x7593
mem[X,0x800003D6] -> 0xFD45
[250] [M]: 0x800003D4 (0xFD457593) andi a1, a0, 4052
x11 <- 0x02000000


mem[X,0x800003D8] -> 0x2A23
mem[X,0x800003DA] -> 0x06B1
[251] [M]: 0x800003D8 (0x06B12A23) sw a1, 116(sp)
mem[0x800051D4] <- 0x02000000


mem[X,0x800003DC] -> 0x0537
mem[X,0x800003DE] -> 0x0400
[252] [M]: 0x800003DC (0x04000537) lui a0, 16384
x10 <- 0x04000000


mem[X,0x800003E0] -> 0x7593
mem[X,0x800003E2] -> 0xF7F5
[253] [M]: 0x800003E0 (0xF7F57593) andi a1, a0, 3967
x11 <- 0x04000000


mem[X,0x800003E4] -> 0x2C23
mem[X,0x800003E6] -> 0x06B1
[254] [M]: 0x800003E4 (0x06B12C23) sw a1, 120(sp)
mem[0x800051D8] <- 0x04000000


mem[X,0x800003E8] -> 0x0537
mem[X,0x800003EA] -> 0x0800
[255] [M]: 0x800003E8 (0x08000537) lui a0, 32768
x10 <- 0x08000000


mem[X,0x800003EC] -> 0x7593
mem[X,0x800003EE] -> 0x0005
[256] [M]: 0x800003EC (0x00057593) andi a1, a0, 0
x11 <- 0x00000000


mem[X,0x800003F0] -> 0x2E23
mem[X,0x800003F2] -> 0x06B1
[257] [M]: 0x800003F0 (0x06B12E23) sw a1, 124(sp)
mem[0x800051DC] <- 0x00000000


mem[X,0x800003F4] -> 0x0537
mem[X,0x800003F6] -> 0x1000
[258] [M]: 0x800003F4 (0x10000537) lui a0, 65536
x10 <- 0x10000000


mem[X,0x800003F8] -> 0x7593
mem[X,0x800003FA] -> 0x0005
[259] [M]: 0x800003F8 (0x00057593) andi a1, a0, 0
x11 <- 0x00000000


mem[X,0x800003FC] -> 0x2023
mem[X,0x800003FE] -> 0x08B1
[260] [M]: 0x800003FC (0x08B12023) sw a1, 128(sp)
mem[0x800051E0] <- 0x00000000


mem[X,0x80000400] -> 0x0537
mem[X,0x80000402] -> 0x2000
[261] [M]: 0x80000400 (0x20000537) lui a0, 131072
x10 <- 0x20000000


mem[X,0x80000404] -> 0x7593
mem[X,0x80000406] -> 0x0045
[262] [M]: 0x80000404 (0x00457593) andi a1, a0, 4
x11 <- 0x00000000


mem[X,0x80000408] -> 0x2223
mem[X,0x8000040A] -> 0x08B1
[263] [M]: 0x80000408 (0x08B12223) sw a1, 132(sp)
mem[0x800051E4] <- 0x00000000


mem[X,0x8000040C] -> 0x0513
mem[X,0x8000040E] -> 0xFF70
[264] [M]: 0x8000040C (0xFF700513) addi a0, zero, 4087
x10 <- 0xFFFFFFF7


mem[X,0x80000410] -> 0x7593
mem[X,0x80000412] -> 0xFFD5
[265] [M]: 0x80000410 (0xFFD57593) andi a1, a0, 4093
x11 <- 0xFFFFFFF5


mem[X,0x80000414] -> 0x2423
mem[X,0x80000416] -> 0x08B1
[266] [M]: 0x80000414 (0x08B12423) sw a1, 136(sp)
mem[0x800051E8] <- 0xFFFFFFF5


mem[X,0x80000418] -> 0x0513
mem[X,0x8000041A] -> 0xFEF0
[267] [M]: 0x80000418 (0xFEF00513) addi a0, zero, 4079
x10 <- 0xFFFFFFEF


mem[X,0x8000041C] -> 0x7593
mem[X,0x8000041E] -> 0x5565
[268] [M]: 0x8000041C (0x55657593) andi a1, a0, 1366
x11 <- 0x00000546


mem[X,0x80000420] -> 0x2623
mem[X,0x80000422] -> 0x08B1
[269] [M]: 0x80000420 (0x08B12623) sw a1, 140(sp)
mem[0x800051EC] <- 0x00000546


mem[X,0x80000424] -> 0x0513
mem[X,0x80000426] -> 0xFDF0
[270] [M]: 0x80000424 (0xFDF00513) addi a0, zero, 4063
x10 <- 0xFFFFFFDF


mem[X,0x80000428] -> 0x7593
mem[X,0x8000042A] -> 0x0045
[271] [M]: 0x80000428 (0x00457593) andi a1, a0, 4
x11 <- 0x00000004


mem[X,0x8000042C] -> 0x2823
mem[X,0x8000042E] -> 0x08B1
[272] [M]: 0x8000042C (0x08B12823) sw a1, 144(sp)
mem[0x800051F0] <- 0x00000004


mem[X,0x80000430] -> 0x0513
mem[X,0x80000432] -> 0xFBF0
[273] [M]: 0x80000430 (0xFBF00513) addi a0, zero, 4031
x10 <- 0xFFFFFFBF


mem[X,0x80000434] -> 0x7593
mem[X,0x80000436] -> 0x0095
[274] [M]: 0x80000434 (0x00957593) andi a1, a0, 9
x11 <- 0x00000009


mem[X,0x80000438] -> 0x2A23
mem[X,0x8000043A] -> 0x08B1
[275] [M]: 0x80000438 (0x08B12A23) sw a1, 148(sp)
mem[0x800051F4] <- 0x00000009


mem[X,0x8000043C] -> 0x0513
mem[X,0x8000043E] -> 0xF7F0
[276] [M]: 0x8000043C (0xF7F00513) addi a0, zero, 3967
x10 <- 0xFFFFFF7F


mem[X,0x80000440] -> 0x7593
mem[X,0x80000442] -> 0xFFD5
[277] [M]: 0x80000440 (0xFFD57593) andi a1, a0, 4093
x11 <- 0xFFFFFF7D


mem[X,0x80000444] -> 0x2C23
mem[X,0x80000446] -> 0x08B1
[278] [M]: 0x80000444 (0x08B12C23) sw a1, 152(sp)
mem[0x800051F8] <- 0xFFFFFF7D


mem[X,0x80000448] -> 0x0513
mem[X,0x8000044A] -> 0xEFF0
[279] [M]: 0x80000448 (0xEFF00513) addi a0, zero, 3839
x10 <- 0xFFFFFEFF


mem[X,0x8000044C] -> 0x7593
mem[X,0x8000044E] -> 0x3345
[280] [M]: 0x8000044C (0x33457593) andi a1, a0, 820
x11 <- 0x00000234


mem[X,0x80000450] -> 0x2E23
mem[X,0x80000452] -> 0x08B1
[281] [M]: 0x80000450 (0x08B12E23) sw a1, 156(sp)
mem[0x800051FC] <- 0x00000234


mem[X,0x80000454] -> 0x0513
mem[X,0x80000456] -> 0xDFF0
[282] [M]: 0x80000454 (0xDFF00513) addi a0, zero, 3583
x10 <- 0xFFFFFDFF


mem[X,0x80000458] -> 0x7593
mem[X,0x8000045A] -> 0x0005
[283] [M]: 0x80000458 (0x00057593) andi a1, a0, 0
x11 <- 0x00000000


mem[X,0x8000045C] -> 0x2023
mem[X,0x8000045E] -> 0x0AB1
[284] [M]: 0x8000045C (0x0AB12023) sw a1, 160(sp)
mem[0x80005200] <- 0x00000000


mem[X,0x80000460] -> 0x0513
mem[X,0x80000462] -> 0xBFF0
[285] [M]: 0x80000460 (0xBFF00513) addi a0, zero, 3071
x10 <- 0xFFFFFBFF


mem[X,0x80000464] -> 0x7593
mem[X,0x80000466] -> 0x0405
[286] [M]: 0x80000464 (0x04057593) andi a1, a0, 64
x11 <- 0x00000040


mem[X,0x80000468] -> 0x2223
mem[X,0x8000046A] -> 0x0AB1
[287] [M]: 0x80000468 (0x0AB12223) sw a1, 164(sp)
mem[0x80005204] <- 0x00000040


mem[X,0x8000046C] -> 0xF537
mem[X,0x8000046E] -> 0xFFFF
[288] [M]: 0x8000046C (0xFFFFF537) lui a0, 1048575
x10 <- 0xFFFFF000


mem[X,0x80000470] -> 0x0513
mem[X,0x80000472] -> 0x7FF5
[289] [M]: 0x80000470 (0x7FF50513) addi a0, a0, 2047
x10 <- 0xFFFFF7FF


mem[X,0x80000474] -> 0x7593
mem[X,0x80000476] -> 0x0095
[290] [M]: 0x80000474 (0x00957593) andi a1, a0, 9
x11 <- 0x00000009


mem[X,0x80000478] -> 0x2423
mem[X,0x8000047A] -> 0x0AB1
[291] [M]: 0x80000478 (0x0AB12423) sw a1, 168(sp)
mem[0x80005208] <- 0x00000009


mem[X,0x8000047C] -> 0xE537
mem[X,0x8000047E] -> 0xFFFF
[292] [M]: 0x8000047C (0xFFFFE537) lui a0, 1048574
x10 <- 0xFFFFE000


mem[X,0x80000480] -> 0x0513
mem[X,0x80000482] -> 0xFFF5
[293] [M]: 0x80000480 (0xFFF50513) addi a0, a0, 4095
x10 <- 0xFFFFDFFF


mem[X,0x80000484] -> 0x7593
mem[X,0x80000486] -> 0x6675
[294] [M]: 0x80000484 (0x66757593) andi a1, a0, 1639
x11 <- 0x00000667


mem[X,0x80000488] -> 0x2623
mem[X,0x8000048A] -> 0x0AB1
[295] [M]: 0x80000488 (0x0AB12623) sw a1, 172(sp)
mem[0x8000520C] <- 0x00000667


mem[X,0x8000048C] -> 0x0537
mem[X,0x8000048E] -> 0xFFFF
[296] [M]: 0x8000048C (0xFFFF0537) lui a0, 1048560
x10 <- 0xFFFF0000


mem[X,0x80000490] -> 0x0513
mem[X,0x80000492] -> 0xFFF5
[297] [M]: 0x80000490 (0xFFF50513) addi a0, a0, 4095
x10 <- 0xFFFEFFFF


mem[X,0x80000494] -> 0x7593
mem[X,0x80000496] -> 0x7FF5
[298] [M]: 0x80000494 (0x7FF57593) andi a1, a0, 2047
x11 <- 0x000007FF


mem[X,0x80000498] -> 0x2823
mem[X,0x8000049A] -> 0x0AB1
[299] [M]: 0x80000498 (0x0AB12823) sw a1, 176(sp)
mem[0x80005210] <- 0x000007FF


clint::tick mtime <- 0x0000000000000003
 clint timer pending at mtime 0x0000000000000003
htif::tick 0x0000000000000000
mem[X,0x8000049C] -> 0x0537
mem[X,0x8000049E] -> 0xFFFC
[300] [M]: 0x8000049C (0xFFFC0537) lui a0, 1048512
x10 <- 0xFFFC0000


mem[X,0x800004A0] -> 0x0513
mem[X,0x800004A2] -> 0xFFF5
[301] [M]: 0x800004A0 (0xFFF50513) addi a0, a0, 4095
x10 <- 0xFFFBFFFF


mem[X,0x800004A4] -> 0x7593
mem[X,0x800004A6] -> 0xFD35
[302] [M]: 0x800004A4 (0xFD357593) andi a1, a0, 4051
x11 <- 0xFFFBFFD3


mem[X,0x800004A8] -> 0x2A23
mem[X,0x800004AA] -> 0x0AB1
[303] [M]: 0x800004A8 (0x0AB12A23) sw a1, 180(sp)
mem[0x80005214] <- 0xFFFBFFD3


mem[X,0x800004AC] -> 0x0537
mem[X,0x800004AE] -> 0xFFF8
[304] [M]: 0x800004AC (0xFFF80537) lui a0, 1048448
x10 <- 0xFFF80000


mem[X,0x800004B0] -> 0x0513
mem[X,0x800004B2] -> 0xFFF5
[305] [M]: 0x800004B0 (0xFFF50513) addi a0, a0, 4095
x10 <- 0xFFF7FFFF


mem[X,0x800004B4] -> 0x7593
mem[X,0x800004B6] -> 0x2005
[306] [M]: 0x800004B4 (0x20057593) andi a1, a0, 512
x11 <- 0x00000200


mem[X,0x800004B8] -> 0x2C23
mem[X,0x800004BA] -> 0x0AB1
[307] [M]: 0x800004B8 (0x0AB12C23) sw a1, 184(sp)
mem[0x80005218] <- 0x00000200


mem[X,0x800004BC] -> 0x0537
mem[X,0x800004BE] -> 0xFFE0
[308] [M]: 0x800004BC (0xFFE00537) lui a0, 1048064
x10 <- 0xFFE00000


mem[X,0x800004C0] -> 0x0513
mem[X,0x800004C2] -> 0xFFF5
[309] [M]: 0x800004C0 (0xFFF50513) addi a0, a0, 4095
x10 <- 0xFFDFFFFF


mem[X,0x800004C4] -> 0x7593
mem[X,0x800004C6] -> 0xFD45
[310] [M]: 0x800004C4 (0xFD457593) andi a1, a0, 4052
x11 <- 0xFFDFFFD4


mem[X,0x800004C8] -> 0x2E23
mem[X,0x800004CA] -> 0x0AB1
[311] [M]: 0x800004C8 (0x0AB12E23) sw a1, 188(sp)
mem[0x8000521C] <- 0xFFDFFFD4


mem[X,0x800004CC] -> 0x0537
mem[X,0x800004CE] -> 0xFFC0
[312] [M]: 0x800004CC (0xFFC00537) lui a0, 1047552
x10 <- 0xFFC00000


mem[X,0x800004D0] -> 0x0513
mem[X,0x800004D2] -> 0xFFF5
[313] [M]: 0x800004D0 (0xFFF50513) addi a0, a0, 4095
x10 <- 0xFFBFFFFF


mem[X,0x800004D4] -> 0x7593
mem[X,0x800004D6] -> 0x0055
[314] [M]: 0x800004D4 (0x00557593) andi a1, a0, 5
x11 <- 0x00000005


mem[X,0x800004D8] -> 0x2023
mem[X,0x800004DA] -> 0x0CB1
[315] [M]: 0x800004D8 (0x0CB12023) sw a1, 192(sp)
mem[0x80005220] <- 0x00000005


mem[X,0x800004DC] -> 0x0537
mem[X,0x800004DE] -> 0xFF80
[316] [M]: 0x800004DC (0xFF800537) lui a0, 1046528
x10 <- 0xFF800000


mem[X,0x800004E0] -> 0x0513
mem[X,0x800004E2] -> 0xFFF5
[317] [M]: 0x800004E0 (0xFFF50513) addi a0, a0, 4095
x10 <- 0xFF7FFFFF


mem[X,0x800004E4] -> 0x7593
mem[X,0x800004E6] -> 0x0075
[318] [M]: 0x800004E4 (0x00757593) andi a1, a0, 7
x11 <- 0x00000007


mem[X,0x800004E8] -> 0x2223
mem[X,0x800004EA] -> 0x0CB1
[319] [M]: 0x800004E8 (0x0CB12223) sw a1, 196(sp)
mem[0x80005224] <- 0x00000007


mem[X,0x800004EC] -> 0x0537
mem[X,0x800004EE] -> 0xFF00
[320] [M]: 0x800004EC (0xFF000537) lui a0, 1044480
x10 <- 0xFF000000


mem[X,0x800004F0] -> 0x0513
mem[X,0x800004F2] -> 0xFFF5
[321] [M]: 0x800004F0 (0xFFF50513) addi a0, a0, 4095
x10 <- 0xFEFFFFFF


mem[X,0x800004F4] -> 0x7593
mem[X,0x800004F6] -> 0x0065
[322] [M]: 0x800004F4 (0x00657593) andi a1, a0, 6
x11 <- 0x00000006


mem[X,0x800004F8] -> 0x2423
mem[X,0x800004FA] -> 0x0CB1
[323] [M]: 0x800004F8 (0x0CB12423) sw a1, 200(sp)
mem[0x80005228] <- 0x00000006


mem[X,0x800004FC] -> 0x0537
mem[X,0x800004FE] -> 0xFC00
[324] [M]: 0x800004FC (0xFC000537) lui a0, 1032192
x10 <- 0xFC000000


mem[X,0x80000500] -> 0x0513
mem[X,0x80000502] -> 0xFFF5
[325] [M]: 0x80000500 (0xFFF50513) addi a0, a0, 4095
x10 <- 0xFBFFFFFF


mem[X,0x80000504] -> 0x7593
mem[X,0x80000506] -> 0x0085
[326] [M]: 0x80000504 (0x00857593) andi a1, a0, 8
x11 <- 0x00000008


mem[X,0x80000508] -> 0x2623
mem[X,0x8000050A] -> 0x0CB1
[327] [M]: 0x80000508 (0x0CB12623) sw a1, 204(sp)
mem[0x8000522C] <- 0x00000008


mem[X,0x8000050C] -> 0x0537
mem[X,0x8000050E] -> 0xF800
[328] [M]: 0x8000050C (0xF8000537) lui a0, 1015808
x10 <- 0xF8000000


mem[X,0x80000510] -> 0x0513
mem[X,0x80000512] -> 0xFFF5
[329] [M]: 0x80000510 (0xFFF50513) addi a0, a0, 4095
x10 <- 0xF7FFFFFF


mem[X,0x80000514] -> 0x7593
mem[X,0x80000516] -> 0x02E5
[330] [M]: 0x80000514 (0x02E57593) andi a1, a0, 46
x11 <- 0x0000002E


mem[X,0x80000518] -> 0x2823
mem[X,0x8000051A] -> 0x0CB1
[331] [M]: 0x80000518 (0x0CB12823) sw a1, 208(sp)
mem[0x80005230] <- 0x0000002E


mem[X,0x8000051C] -> 0x0537
mem[X,0x8000051E] -> 0xF000
[332] [M]: 0x8000051C (0xF0000537) lui a0, 983040
x10 <- 0xF0000000


mem[X,0x80000520] -> 0x0513
mem[X,0x80000522] -> 0xFFF5
[333] [M]: 0x80000520 (0xFFF50513) addi a0, a0, 4095
x10 <- 0xEFFFFFFF


mem[X,0x80000524] -> 0x7593
mem[X,0x80000526] -> 0x0015
[334] [M]: 0x80000524 (0x00157593) andi a1, a0, 1
x11 <- 0x00000001


mem[X,0x80000528] -> 0x2A23
mem[X,0x8000052A] -> 0x0CB1
[335] [M]: 0x80000528 (0x0CB12A23) sw a1, 212(sp)
mem[0x80005234] <- 0x00000001


mem[X,0x8000052C] -> 0x0537
mem[X,0x8000052E] -> 0xE000
[336] [M]: 0x8000052C (0xE0000537) lui a0, 917504
x10 <- 0xE0000000


mem[X,0x80000530] -> 0x0513
mem[X,0x80000532] -> 0xFFF5
[337] [M]: 0x80000530 (0xFFF50513) addi a0, a0, 4095
x10 <- 0xDFFFFFFF


mem[X,0x80000534] -> 0x7593
mem[X,0x80000536] -> 0xFD45
[338] [M]: 0x80000534 (0xFD457593) andi a1, a0, 4052
x11 <- 0xDFFFFFD4


mem[X,0x80000538] -> 0x2C23
mem[X,0x8000053A] -> 0x0CB1
[339] [M]: 0x80000538 (0x0CB12C23) sw a1, 216(sp)
mem[0x80005238] <- 0xDFFFFFD4


mem[X,0x8000053C] -> 0x0537
mem[X,0x8000053E] -> 0xC000
[340] [M]: 0x8000053C (0xC0000537) lui a0, 786432
x10 <- 0xC0000000


mem[X,0x80000540] -> 0x0513
mem[X,0x80000542] -> 0xFFF5
[341] [M]: 0x80000540 (0xFFF50513) addi a0, a0, 4095
x10 <- 0xBFFFFFFF


mem[X,0x80000544] -> 0x7593
mem[X,0x80000546] -> 0x5565
[342] [M]: 0x80000544 (0x55657593) andi a1, a0, 1366
x11 <- 0x00000556


mem[X,0x80000548] -> 0x2E23
mem[X,0x8000054A] -> 0x0CB1
[343] [M]: 0x80000548 (0x0CB12E23) sw a1, 220(sp)
mem[0x8000523C] <- 0x00000556


mem[X,0x8000054C] -> 0x5537
mem[X,0x8000054E] -> 0x5555
[344] [M]: 0x8000054C (0x55555537) lui a0, 349525
x10 <- 0x55555000


mem[X,0x80000550] -> 0x0513
mem[X,0x80000552] -> 0x5555
[345] [M]: 0x80000550 (0x55550513) addi a0, a0, 1365
x10 <- 0x55555555


mem[X,0x80000554] -> 0x7593
mem[X,0x80000556] -> 0xFFB5
[346] [M]: 0x80000554 (0xFFB57593) andi a1, a0, 4091
x11 <- 0x55555551


mem[X,0x80000558] -> 0x2023
mem[X,0x8000055A] -> 0x0EB1
[347] [M]: 0x80000558 (0x0EB12023) sw a1, 224(sp)
mem[0x80005240] <- 0x55555551


mem[X,0x8000055C] -> 0xB537
mem[X,0x8000055E] -> 0xAAAA
[348] [M]: 0x8000055C (0xAAAAB537) lui a0, 699051
x10 <- 0xAAAAB000


mem[X,0x80000560] -> 0x0513
mem[X,0x80000562] -> 0xAAA5
[349] [M]: 0x80000560 (0xAAA50513) addi a0, a0, 2730
x10 <- 0xAAAAAAAA


mem[X,0x80000564] -> 0x7593
mem[X,0x80000566] -> 0x0805
[350] [M]: 0x80000564 (0x08057593) andi a1, a0, 128
x11 <- 0x00000080


mem[X,0x80000568] -> 0x2223
mem[X,0x8000056A] -> 0x0EB1
[351] [M]: 0x80000568 (0x0EB12223) sw a1, 228(sp)
mem[0x80005244] <- 0x00000080


mem[X,0x8000056C] -> 0x0513
mem[X,0x8000056E] -> 0x0030
[352] [M]: 0x8000056C (0x00300513) addi a0, zero, 3
x10 <- 0x00000003


mem[X,0x80000570] -> 0x7593
mem[X,0x80000572] -> 0x0035
[353] [M]: 0x80000570 (0x00357593) andi a1, a0, 3
x11 <- 0x00000003


mem[X,0x80000574] -> 0x2423
mem[X,0x80000576] -> 0x0EB1
[354] [M]: 0x80000574 (0x0EB12423) sw a1, 232(sp)
mem[0x80005248] <- 0x00000003


mem[X,0x80000578] -> 0x0513
mem[X,0x8000057A] -> 0x0030
[355] [M]: 0x80000578 (0x00300513) addi a0, zero, 3
x10 <- 0x00000003


mem[X,0x8000057C] -> 0x7593
mem[X,0x8000057E] -> 0x5555
[356] [M]: 0x8000057C (0x55557593) andi a1, a0, 1365
x11 <- 0x00000001


mem[X,0x80000580] -> 0x2623
mem[X,0x80000582] -> 0x0EB1
[357] [M]: 0x80000580 (0x0EB12623) sw a1, 236(sp)
mem[0x8000524C] <- 0x00000001


mem[X,0x80000584] -> 0x0513
mem[X,0x80000586] -> 0x0030
[358] [M]: 0x80000584 (0x00300513) addi a0, zero, 3
x10 <- 0x00000003


mem[X,0x80000588] -> 0x7593
mem[X,0x8000058A] -> 0xAAA5
[359] [M]: 0x80000588 (0xAAA57593) andi a1, a0, 2730
x11 <- 0x00000002


mem[X,0x8000058C] -> 0x2823
mem[X,0x8000058E] -> 0x0EB1
[360] [M]: 0x8000058C (0x0EB12823) sw a1, 240(sp)
mem[0x80005250] <- 0x00000002


mem[X,0x80000590] -> 0x0513
mem[X,0x80000592] -> 0x0030
[361] [M]: 0x80000590 (0x00300513) addi a0, zero, 3
x10 <- 0x00000003


mem[X,0x80000594] -> 0x7593
mem[X,0x80000596] -> 0x0055
[362] [M]: 0x80000594 (0x00557593) andi a1, a0, 5
x11 <- 0x00000001


mem[X,0x80000598] -> 0x2A23
mem[X,0x8000059A] -> 0x0EB1
[363] [M]: 0x80000598 (0x0EB12A23) sw a1, 244(sp)
mem[0x80005254] <- 0x00000001


mem[X,0x8000059C] -> 0x0513
mem[X,0x8000059E] -> 0x0030
[364] [M]: 0x8000059C (0x00300513) addi a0, zero, 3
x10 <- 0x00000003


mem[X,0x800005A0] -> 0x7593
mem[X,0x800005A2] -> 0x3335
[365] [M]: 0x800005A0 (0x33357593) andi a1, a0, 819
x11 <- 0x00000003


mem[X,0x800005A4] -> 0x2C23
mem[X,0x800005A6] -> 0x0EB1
[366] [M]: 0x800005A4 (0x0EB12C23) sw a1, 248(sp)
mem[0x80005258] <- 0x00000003


mem[X,0x800005A8] -> 0x0513
mem[X,0x800005AA] -> 0x0030
[367] [M]: 0x800005A8 (0x00300513) addi a0, zero, 3
x10 <- 0x00000003


mem[X,0x800005AC] -> 0x7593
mem[X,0x800005AE] -> 0x6665
[368] [M]: 0x800005AC (0x66657593) andi a1, a0, 1638
x11 <- 0x00000002


mem[X,0x800005B0] -> 0x2E23
mem[X,0x800005B2] -> 0x0EB1
[369] [M]: 0x800005B0 (0x0EB12E23) sw a1, 252(sp)
mem[0x8000525C] <- 0x00000002


mem[X,0x800005B4] -> 0x0513
mem[X,0x800005B6] -> 0x0030
[370] [M]: 0x800005B4 (0x00300513) addi a0, zero, 3
x10 <- 0x00000003


mem[X,0x800005B8] -> 0x7593
mem[X,0x800005BA] -> 0xFD35
[371] [M]: 0x800005B8 (0xFD357593) andi a1, a0, 4051
x11 <- 0x00000003


mem[X,0x800005BC] -> 0x2023
mem[X,0x800005BE] -> 0x10B1
[372] [M]: 0x800005BC (0x10B12023) sw a1, 256(sp)
mem[0x80005260] <- 0x00000003


mem[X,0x800005C0] -> 0x0513
mem[X,0x800005C2] -> 0x0030
[373] [M]: 0x800005C0 (0x00300513) addi a0, zero, 3
x10 <- 0x00000003


mem[X,0x800005C4] -> 0x7593
mem[X,0x800005C6] -> 0x02D5
[374] [M]: 0x800005C4 (0x02D57593) andi a1, a0, 45
x11 <- 0x00000001


mem[X,0x800005C8] -> 0x2223
mem[X,0x800005CA] -> 0x10B1
[375] [M]: 0x800005C8 (0x10B12223) sw a1, 260(sp)
mem[0x80005264] <- 0x00000001


mem[X,0x800005CC] -> 0x0513
mem[X,0x800005CE] -> 0x0030
[376] [M]: 0x800005CC (0x00300513) addi a0, zero, 3
x10 <- 0x00000003


mem[X,0x800005D0] -> 0x7593
mem[X,0x800005D2] -> 0x0025
[377] [M]: 0x800005D0 (0x00257593) andi a1, a0, 2
x11 <- 0x00000002


mem[X,0x800005D4] -> 0x2423
mem[X,0x800005D6] -> 0x10B1
[378] [M]: 0x800005D4 (0x10B12423) sw a1, 264(sp)
mem[0x80005268] <- 0x00000002


mem[X,0x800005D8] -> 0x0513
mem[X,0x800005DA] -> 0x0030
[379] [M]: 0x800005D8 (0x00300513) addi a0, zero, 3
x10 <- 0x00000003


mem[X,0x800005DC] -> 0x7593
mem[X,0x800005DE] -> 0x5545
[380] [M]: 0x800005DC (0x55457593) andi a1, a0, 1364
x11 <- 0x00000000


mem[X,0x800005E0] -> 0x2623
mem[X,0x800005E2] -> 0x10B1
[381] [M]: 0x800005E0 (0x10B12623) sw a1, 268(sp)
mem[0x8000526C] <- 0x00000000


mem[X,0x800005E4] -> 0x0513
mem[X,0x800005E6] -> 0x0030
[382] [M]: 0x800005E4 (0x00300513) addi a0, zero, 3
x10 <- 0x00000003


mem[X,0x800005E8] -> 0x7593
mem[X,0x800005EA] -> 0x0005
[383] [M]: 0x800005E8 (0x00057593) andi a1, a0, 0
x11 <- 0x00000000


mem[X,0x800005EC] -> 0x2823
mem[X,0x800005EE] -> 0x10B1
[384] [M]: 0x800005EC (0x10B12823) sw a1, 272(sp)
mem[0x80005270] <- 0x00000000


mem[X,0x800005F0] -> 0x0513
mem[X,0x800005F2] -> 0x0030
[385] [M]: 0x800005F0 (0x00300513) addi a0, zero, 3
x10 <- 0x00000003


mem[X,0x800005F4] -> 0x7593
mem[X,0x800005F6] -> 0x0045
[386] [M]: 0x800005F4 (0x00457593) andi a1, a0, 4
x11 <- 0x00000000


mem[X,0x800005F8] -> 0x2A23
mem[X,0x800005FA] -> 0x10B1
[387] [M]: 0x800005F8 (0x10B12A23) sw a1, 276(sp)
mem[0x80005274] <- 0x00000000


mem[X,0x800005FC] -> 0x0513
mem[X,0x800005FE] -> 0x0030
[388] [M]: 0x800005FC (0x00300513) addi a0, zero, 3
x10 <- 0x00000003


mem[X,0x80000600] -> 0x7593
mem[X,0x80000602] -> 0x3325
[389] [M]: 0x80000600 (0x33257593) andi a1, a0, 818
x11 <- 0x00000002


mem[X,0x80000604] -> 0x2C23
mem[X,0x80000606] -> 0x10B1
[390] [M]: 0x80000604 (0x10B12C23) sw a1, 280(sp)
mem[0x80005278] <- 0x00000002


mem[X,0x80000608] -> 0x0513
mem[X,0x8000060A] -> 0x0030
[391] [M]: 0x80000608 (0x00300513) addi a0, zero, 3
x10 <- 0x00000003


mem[X,0x8000060C] -> 0x7593
mem[X,0x8000060E] -> 0x6655
[392] [M]: 0x8000060C (0x66557593) andi a1, a0, 1637
x11 <- 0x00000001


mem[X,0x80000610] -> 0x2E23
mem[X,0x80000612] -> 0x10B1
[393] [M]: 0x80000610 (0x10B12E23) sw a1, 284(sp)
mem[0x8000527C] <- 0x00000001


mem[X,0x80000614] -> 0x0513
mem[X,0x80000616] -> 0x0030
[394] [M]: 0x80000614 (0x00300513) addi a0, zero, 3
x10 <- 0x00000003


mem[X,0x80000618] -> 0x7593
mem[X,0x8000061A] -> 0x02C5
[395] [M]: 0x80000618 (0x02C57593) andi a1, a0, 44
x11 <- 0x00000000


mem[X,0x8000061C] -> 0x2023
mem[X,0x8000061E] -> 0x12B1
[396] [M]: 0x8000061C (0x12B12023) sw a1, 288(sp)
mem[0x80005280] <- 0x00000000


mem[X,0x80000620] -> 0x0513
mem[X,0x80000622] -> 0x0030
[397] [M]: 0x80000620 (0x00300513) addi a0, zero, 3
x10 <- 0x00000003


mem[X,0x80000624] -> 0x7593
mem[X,0x80000626] -> 0x5565
[398] [M]: 0x80000624 (0x55657593) andi a1, a0, 1366
x11 <- 0x00000002


mem[X,0x80000628] -> 0x2223
mem[X,0x8000062A] -> 0x12B1
[399] [M]: 0x80000628 (0x12B12223) sw a1, 292(sp)
mem[0x80005284] <- 0x00000002


clint::tick mtime <- 0x0000000000000004
 clint timer pending at mtime 0x0000000000000004
htif::tick 0x0000000000000000
mem[X,0x8000062C] -> 0x0513
mem[X,0x8000062E] -> 0x0030
[400] [M]: 0x8000062C (0x00300513) addi a0, zero, 3
x10 <- 0x00000003


mem[X,0x80000630] -> 0x7593
mem[X,0x80000632] -> 0xAAB5
[401] [M]: 0x80000630 (0xAAB57593) andi a1, a0, 2731
x11 <- 0x00000003


mem[X,0x80000634] -> 0x2423
mem[X,0x80000636] -> 0x12B1
[402] [M]: 0x80000634 (0x12B12423) sw a1, 296(sp)
mem[0x80005288] <- 0x00000003


mem[X,0x80000638] -> 0x0513
mem[X,0x8000063A] -> 0x0030
[403] [M]: 0x80000638 (0x00300513) addi a0, zero, 3
x10 <- 0x00000003


mem[X,0x8000063C] -> 0x7593
mem[X,0x8000063E] -> 0x0065
[404] [M]: 0x8000063C (0x00657593) andi a1, a0, 6
x11 <- 0x00000002


mem[X,0x80000640] -> 0x2623
mem[X,0x80000642] -> 0x12B1
[405] [M]: 0x80000640 (0x12B12623) sw a1, 300(sp)
mem[0x8000528C] <- 0x00000002


mem[X,0x80000644] -> 0x0513
mem[X,0x80000646] -> 0x0030
[406] [M]: 0x80000644 (0x00300513) addi a0, zero, 3
x10 <- 0x00000003


mem[X,0x80000648] -> 0x7593
mem[X,0x8000064A] -> 0x3345
[407] [M]: 0x80000648 (0x33457593) andi a1, a0, 820
x11 <- 0x00000000


mem[X,0x8000064C] -> 0x2823
mem[X,0x8000064E] -> 0x12B1
[408] [M]: 0x8000064C (0x12B12823) sw a1, 304(sp)
mem[0x80005290] <- 0x00000000


mem[X,0x80000650] -> 0x0513
mem[X,0x80000652] -> 0x0030
[409] [M]: 0x80000650 (0x00300513) addi a0, zero, 3
x10 <- 0x00000003


mem[X,0x80000654] -> 0x7593
mem[X,0x80000656] -> 0x6675
[410] [M]: 0x80000654 (0x66757593) andi a1, a0, 1639
x11 <- 0x00000003


mem[X,0x80000658] -> 0x2A23
mem[X,0x8000065A] -> 0x12B1
[411] [M]: 0x80000658 (0x12B12A23) sw a1, 308(sp)
mem[0x80005294] <- 0x00000003


mem[X,0x8000065C] -> 0x0513
mem[X,0x8000065E] -> 0x0030
[412] [M]: 0x8000065C (0x00300513) addi a0, zero, 3
x10 <- 0x00000003


mem[X,0x80000660] -> 0x7593
mem[X,0x80000662] -> 0xFD45
[413] [M]: 0x80000660 (0xFD457593) andi a1, a0, 4052
x11 <- 0x00000000


mem[X,0x80000664] -> 0x2C23
mem[X,0x80000666] -> 0x12B1
[414] [M]: 0x80000664 (0x12B12C23) sw a1, 312(sp)
mem[0x80005298] <- 0x00000000


mem[X,0x80000668] -> 0x0513
mem[X,0x8000066A] -> 0x0030
[415] [M]: 0x80000668 (0x00300513) addi a0, zero, 3
x10 <- 0x00000003


mem[X,0x8000066C] -> 0x7593
mem[X,0x8000066E] -> 0x02E5
[416] [M]: 0x8000066C (0x02E57593) andi a1, a0, 46
x11 <- 0x00000002


mem[X,0x80000670] -> 0x2E23
mem[X,0x80000672] -> 0x12B1
[417] [M]: 0x80000670 (0x12B12E23) sw a1, 316(sp)
mem[0x8000529C] <- 0x00000002


mem[X,0x80000674] -> 0x5537
mem[X,0x80000676] -> 0x5555
[418] [M]: 0x80000674 (0x55555537) lui a0, 349525
x10 <- 0x55555000


mem[X,0x80000678] -> 0x0513
mem[X,0x8000067A] -> 0x5555
[419] [M]: 0x80000678 (0x55550513) addi a0, a0, 1365
x10 <- 0x55555555


mem[X,0x8000067C] -> 0x7593
mem[X,0x8000067E] -> 0x0035
[420] [M]: 0x8000067C (0x00357593) andi a1, a0, 3
x11 <- 0x00000001


mem[X,0x80000680] -> 0x2023
mem[X,0x80000682] -> 0x14B1
[421] [M]: 0x80000680 (0x14B12023) sw a1, 320(sp)
mem[0x800052A0] <- 0x00000001


mem[X,0x80000684] -> 0x5537
mem[X,0x80000686] -> 0x5555
[422] [M]: 0x80000684 (0x55555537) lui a0, 349525
x10 <- 0x55555000


mem[X,0x80000688] -> 0x0513
mem[X,0x8000068A] -> 0x5555
[423] [M]: 0x80000688 (0x55550513) addi a0, a0, 1365
x10 <- 0x55555555


mem[X,0x8000068C] -> 0x7593
mem[X,0x8000068E] -> 0x5555
[424] [M]: 0x8000068C (0x55557593) andi a1, a0, 1365
x11 <- 0x00000555


mem[X,0x80000690] -> 0x2223
mem[X,0x80000692] -> 0x14B1
[425] [M]: 0x80000690 (0x14B12223) sw a1, 324(sp)
mem[0x800052A4] <- 0x00000555


mem[X,0x80000694] -> 0x5537
mem[X,0x80000696] -> 0x5555
[426] [M]: 0x80000694 (0x55555537) lui a0, 349525
x10 <- 0x55555000


mem[X,0x80000698] -> 0x0513
mem[X,0x8000069A] -> 0x5555
[427] [M]: 0x80000698 (0x55550513) addi a0, a0, 1365
x10 <- 0x55555555


mem[X,0x8000069C] -> 0x7593
mem[X,0x8000069E] -> 0xAAA5
[428] [M]: 0x8000069C (0xAAA57593) andi a1, a0, 2730
x11 <- 0x55555000


mem[X,0x800006A0] -> 0x2423
mem[X,0x800006A2] -> 0x14B1
[429] [M]: 0x800006A0 (0x14B12423) sw a1, 328(sp)
mem[0x800052A8] <- 0x55555000


mem[X,0x800006A4] -> 0x5537
mem[X,0x800006A6] -> 0x5555
[430] [M]: 0x800006A4 (0x55555537) lui a0, 349525
x10 <- 0x55555000


mem[X,0x800006A8] -> 0x0513
mem[X,0x800006AA] -> 0x5555
[431] [M]: 0x800006A8 (0x55550513) addi a0, a0, 1365
x10 <- 0x55555555


mem[X,0x800006AC] -> 0x7593
mem[X,0x800006AE] -> 0x0055
[432] [M]: 0x800006AC (0x00557593) andi a1, a0, 5
x11 <- 0x00000005


mem[X,0x800006B0] -> 0x2623
mem[X,0x800006B2] -> 0x14B1
[433] [M]: 0x800006B0 (0x14B12623) sw a1, 332(sp)
mem[0x800052AC] <- 0x00000005


mem[X,0x800006B4] -> 0x5537
mem[X,0x800006B6] -> 0x5555
[434] [M]: 0x800006B4 (0x55555537) lui a0, 349525
x10 <- 0x55555000


mem[X,0x800006B8] -> 0x0513
mem[X,0x800006BA] -> 0x5555
[435] [M]: 0x800006B8 (0x55550513) addi a0, a0, 1365
x10 <- 0x55555555


mem[X,0x800006BC] -> 0x7593
mem[X,0x800006BE] -> 0x3335
[436] [M]: 0x800006BC (0x33357593) andi a1, a0, 819
x11 <- 0x00000111


mem[X,0x800006C0] -> 0x2823
mem[X,0x800006C2] -> 0x14B1
[437] [M]: 0x800006C0 (0x14B12823) sw a1, 336(sp)
mem[0x800052B0] <- 0x00000111


mem[X,0x800006C4] -> 0x5537
mem[X,0x800006C6] -> 0x5555
[438] [M]: 0x800006C4 (0x55555537) lui a0, 349525
x10 <- 0x55555000


mem[X,0x800006C8] -> 0x0513
mem[X,0x800006CA] -> 0x5555
[439] [M]: 0x800006C8 (0x55550513) addi a0, a0, 1365
x10 <- 0x55555555


mem[X,0x800006CC] -> 0x7593
mem[X,0x800006CE] -> 0x6665
[440] [M]: 0x800006CC (0x66657593) andi a1, a0, 1638
x11 <- 0x00000444


mem[X,0x800006D0] -> 0x2A23
mem[X,0x800006D2] -> 0x14B1
[441] [M]: 0x800006D0 (0x14B12A23) sw a1, 340(sp)
mem[0x800052B4] <- 0x00000444


mem[X,0x800006D4] -> 0x5537
mem[X,0x800006D6] -> 0x5555
[442] [M]: 0x800006D4 (0x55555537) lui a0, 349525
x10 <- 0x55555000


mem[X,0x800006D8] -> 0x0513
mem[X,0x800006DA] -> 0x5555
[443] [M]: 0x800006D8 (0x55550513) addi a0, a0, 1365
x10 <- 0x55555555


mem[X,0x800006DC] -> 0x7593
mem[X,0x800006DE] -> 0xFD35
[444] [M]: 0x800006DC (0xFD357593) andi a1, a0, 4051
x11 <- 0x55555551


mem[X,0x800006E0] -> 0x2C23
mem[X,0x800006E2] -> 0x14B1
[445] [M]: 0x800006E0 (0x14B12C23) sw a1, 344(sp)
mem[0x800052B8] <- 0x55555551


mem[X,0x800006E4] -> 0x5537
mem[X,0x800006E6] -> 0x5555
[446] [M]: 0x800006E4 (0x55555537) lui a0, 349525
x10 <- 0x55555000


mem[X,0x800006E8] -> 0x0513
mem[X,0x800006EA] -> 0x5555
[447] [M]: 0x800006E8 (0x55550513) addi a0, a0, 1365
x10 <- 0x55555555


mem[X,0x800006EC] -> 0x7593
mem[X,0x800006EE] -> 0x02D5
[448] [M]: 0x800006EC (0x02D57593) andi a1, a0, 45
x11 <- 0x00000005


mem[X,0x800006F0] -> 0x2E23
mem[X,0x800006F2] -> 0x14B1
[449] [M]: 0x800006F0 (0x14B12E23) sw a1, 348(sp)
mem[0x800052BC] <- 0x00000005


mem[X,0x800006F4] -> 0x5537
mem[X,0x800006F6] -> 0x5555
[450] [M]: 0x800006F4 (0x55555537) lui a0, 349525
x10 <- 0x55555000


mem[X,0x800006F8] -> 0x0513
mem[X,0x800006FA] -> 0x5555
[451] [M]: 0x800006F8 (0x55550513) addi a0, a0, 1365
x10 <- 0x55555555


mem[X,0x800006FC] -> 0x7593
mem[X,0x800006FE] -> 0x0025
[452] [M]: 0x800006FC (0x00257593) andi a1, a0, 2
x11 <- 0x00000000


mem[X,0x80000700] -> 0x2023
mem[X,0x80000702] -> 0x16B1
[453] [M]: 0x80000700 (0x16B12023) sw a1, 352(sp)
mem[0x800052C0] <- 0x00000000


mem[X,0x80000704] -> 0x5537
mem[X,0x80000706] -> 0x5555
[454] [M]: 0x80000704 (0x55555537) lui a0, 349525
x10 <- 0x55555000


mem[X,0x80000708] -> 0x0513
mem[X,0x8000070A] -> 0x5555
[455] [M]: 0x80000708 (0x55550513) addi a0, a0, 1365
x10 <- 0x55555555


mem[X,0x8000070C] -> 0x7593
mem[X,0x8000070E] -> 0x5545
[456] [M]: 0x8000070C (0x55457593) andi a1, a0, 1364
x11 <- 0x00000554


mem[X,0x80000710] -> 0x2223
mem[X,0x80000712] -> 0x16B1
[457] [M]: 0x80000710 (0x16B12223) sw a1, 356(sp)
mem[0x800052C4] <- 0x00000554


mem[X,0x80000714] -> 0x5537
mem[X,0x80000716] -> 0x5555
[458] [M]: 0x80000714 (0x55555537) lui a0, 349525
x10 <- 0x55555000


mem[X,0x80000718] -> 0x0513
mem[X,0x8000071A] -> 0x5555
[459] [M]: 0x80000718 (0x55550513) addi a0, a0, 1365
x10 <- 0x55555555


mem[X,0x8000071C] -> 0x7593
mem[X,0x8000071E] -> 0x0005
[460] [M]: 0x8000071C (0x00057593) andi a1, a0, 0
x11 <- 0x00000000


mem[X,0x80000720] -> 0x2423
mem[X,0x80000722] -> 0x16B1
[461] [M]: 0x80000720 (0x16B12423) sw a1, 360(sp)
mem[0x800052C8] <- 0x00000000


mem[X,0x80000724] -> 0x5537
mem[X,0x80000726] -> 0x5555
[462] [M]: 0x80000724 (0x55555537) lui a0, 349525
x10 <- 0x55555000


mem[X,0x80000728] -> 0x0513
mem[X,0x8000072A] -> 0x5555
[463] [M]: 0x80000728 (0x55550513) addi a0, a0, 1365
x10 <- 0x55555555


mem[X,0x8000072C] -> 0x7593
mem[X,0x8000072E] -> 0x0045
[464] [M]: 0x8000072C (0x00457593) andi a1, a0, 4
x11 <- 0x00000004


mem[X,0x80000730] -> 0x2623
mem[X,0x80000732] -> 0x16B1
[465] [M]: 0x80000730 (0x16B12623) sw a1, 364(sp)
mem[0x800052CC] <- 0x00000004


mem[X,0x80000734] -> 0x5537
mem[X,0x80000736] -> 0x5555
[466] [M]: 0x80000734 (0x55555537) lui a0, 349525
x10 <- 0x55555000


mem[X,0x80000738] -> 0x0513
mem[X,0x8000073A] -> 0x5555
[467] [M]: 0x80000738 (0x55550513) addi a0, a0, 1365
x10 <- 0x55555555


mem[X,0x8000073C] -> 0x7593
mem[X,0x8000073E] -> 0x3325
[468] [M]: 0x8000073C (0x33257593) andi a1, a0, 818
x11 <- 0x00000110


mem[X,0x80000740] -> 0x2823
mem[X,0x80000742] -> 0x16B1
[469] [M]: 0x80000740 (0x16B12823) sw a1, 368(sp)
mem[0x800052D0] <- 0x00000110


mem[X,0x80000744] -> 0x5537
mem[X,0x80000746] -> 0x5555
[470] [M]: 0x80000744 (0x55555537) lui a0, 349525
x10 <- 0x55555000


mem[X,0x80000748] -> 0x0513
mem[X,0x8000074A] -> 0x5555
[471] [M]: 0x80000748 (0x55550513) addi a0, a0, 1365
x10 <- 0x55555555


mem[X,0x8000074C] -> 0x7593
mem[X,0x8000074E] -> 0x6655
[472] [M]: 0x8000074C (0x66557593) andi a1, a0, 1637
x11 <- 0x00000445


mem[X,0x80000750] -> 0x2A23
mem[X,0x80000752] -> 0x16B1
[473] [M]: 0x80000750 (0x16B12A23) sw a1, 372(sp)
mem[0x800052D4] <- 0x00000445


mem[X,0x80000754] -> 0x5537
mem[X,0x80000756] -> 0x5555
[474] [M]: 0x80000754 (0x55555537) lui a0, 349525
x10 <- 0x55555000


mem[X,0x80000758] -> 0x0513
mem[X,0x8000075A] -> 0x5555
[475] [M]: 0x80000758 (0x55550513) addi a0, a0, 1365
x10 <- 0x55555555


mem[X,0x8000075C] -> 0x7593
mem[X,0x8000075E] -> 0x02C5
[476] [M]: 0x8000075C (0x02C57593) andi a1, a0, 44
x11 <- 0x00000004


mem[X,0x80000760] -> 0x2C23
mem[X,0x80000762] -> 0x16B1
[477] [M]: 0x80000760 (0x16B12C23) sw a1, 376(sp)
mem[0x800052D8] <- 0x00000004


mem[X,0x80000764] -> 0x5537
mem[X,0x80000766] -> 0x5555
[478] [M]: 0x80000764 (0x55555537) lui a0, 349525
x10 <- 0x55555000


mem[X,0x80000768] -> 0x0513
mem[X,0x8000076A] -> 0x5555
[479] [M]: 0x80000768 (0x55550513) addi a0, a0, 1365
x10 <- 0x55555555


mem[X,0x8000076C] -> 0x7593
mem[X,0x8000076E] -> 0x5565
[480] [M]: 0x8000076C (0x55657593) andi a1, a0, 1366
x11 <- 0x00000554


mem[X,0x80000770] -> 0x2E23
mem[X,0x80000772] -> 0x16B1
[481] [M]: 0x80000770 (0x16B12E23) sw a1, 380(sp)
mem[0x800052DC] <- 0x00000554


mem[X,0x80000774] -> 0x5537
mem[X,0x80000776] -> 0x5555
[482] [M]: 0x80000774 (0x55555537) lui a0, 349525
x10 <- 0x55555000


mem[X,0x80000778] -> 0x0513
mem[X,0x8000077A] -> 0x5555
[483] [M]: 0x80000778 (0x55550513) addi a0, a0, 1365
x10 <- 0x55555555


mem[X,0x8000077C] -> 0x7593
mem[X,0x8000077E] -> 0xAAB5
[484] [M]: 0x8000077C (0xAAB57593) andi a1, a0, 2731
x11 <- 0x55555001


mem[X,0x80000780] -> 0x2023
mem[X,0x80000782] -> 0x18B1
[485] [M]: 0x80000780 (0x18B12023) sw a1, 384(sp)
mem[0x800052E0] <- 0x55555001


mem[X,0x80000784] -> 0x5537
mem[X,0x80000786] -> 0x5555
[486] [M]: 0x80000784 (0x55555537) lui a0, 349525
x10 <- 0x55555000


mem[X,0x80000788] -> 0x0513
mem[X,0x8000078A] -> 0x5555
[487] [M]: 0x80000788 (0x55550513) addi a0, a0, 1365
x10 <- 0x55555555


mem[X,0x8000078C] -> 0x7593
mem[X,0x8000078E] -> 0x0065
[488] [M]: 0x8000078C (0x00657593) andi a1, a0, 6
x11 <- 0x00000004


mem[X,0x80000790] -> 0x2223
mem[X,0x80000792] -> 0x18B1
[489] [M]: 0x80000790 (0x18B12223) sw a1, 388(sp)
mem[0x800052E4] <- 0x00000004


mem[X,0x80000794] -> 0x5537
mem[X,0x80000796] -> 0x5555
[490] [M]: 0x80000794 (0x55555537) lui a0, 349525
x10 <- 0x55555000


mem[X,0x80000798] -> 0x0513
mem[X,0x8000079A] -> 0x5555
[491] [M]: 0x80000798 (0x55550513) addi a0, a0, 1365
x10 <- 0x55555555


mem[X,0x8000079C] -> 0x7593
mem[X,0x8000079E] -> 0x3345
[492] [M]: 0x8000079C (0x33457593) andi a1, a0, 820
x11 <- 0x00000114


mem[X,0x800007A0] -> 0x2423
mem[X,0x800007A2] -> 0x18B1
[493] [M]: 0x800007A0 (0x18B12423) sw a1, 392(sp)
mem[0x800052E8] <- 0x00000114


mem[X,0x800007A4] -> 0x5537
mem[X,0x800007A6] -> 0x5555
[494] [M]: 0x800007A4 (0x55555537) lui a0, 349525
x10 <- 0x55555000


mem[X,0x800007A8] -> 0x0513
mem[X,0x800007AA] -> 0x5555
[495] [M]: 0x800007A8 (0x55550513) addi a0, a0, 1365
x10 <- 0x55555555


mem[X,0x800007AC] -> 0x7593
mem[X,0x800007AE] -> 0x6675
[496] [M]: 0x800007AC (0x66757593) andi a1, a0, 1639
x11 <- 0x00000445


mem[X,0x800007B0] -> 0x2623
mem[X,0x800007B2] -> 0x18B1
[497] [M]: 0x800007B0 (0x18B12623) sw a1, 396(sp)
mem[0x800052EC] <- 0x00000445


mem[X,0x800007B4] -> 0x5537
mem[X,0x800007B6] -> 0x5555
[498] [M]: 0x800007B4 (0x55555537) lui a0, 349525
x10 <- 0x55555000


mem[X,0x800007B8] -> 0x0513
mem[X,0x800007BA] -> 0x5555
[499] [M]: 0x800007B8 (0x55550513) addi a0, a0, 1365
x10 <- 0x55555555


clint::tick mtime <- 0x0000000000000005
 clint timer pending at mtime 0x0000000000000005
htif::tick 0x0000000000000000
mem[X,0x800007BC] -> 0x7593
mem[X,0x800007BE] -> 0xFD45
[500] [M]: 0x800007BC (0xFD457593) andi a1, a0, 4052
x11 <- 0x55555554


mem[X,0x800007C0] -> 0x2823
mem[X,0x800007C2] -> 0x18B1
[501] [M]: 0x800007C0 (0x18B12823) sw a1, 400(sp)
mem[0x800052F0] <- 0x55555554


mem[X,0x800007C4] -> 0x5537
mem[X,0x800007C6] -> 0x5555
[502] [M]: 0x800007C4 (0x55555537) lui a0, 349525
x10 <- 0x55555000


mem[X,0x800007C8] -> 0x0513
mem[X,0x800007CA] -> 0x5555
[503] [M]: 0x800007C8 (0x55550513) addi a0, a0, 1365
x10 <- 0x55555555


mem[X,0x800007CC] -> 0x7593
mem[X,0x800007CE] -> 0x02E5
[504] [M]: 0x800007CC (0x02E57593) andi a1, a0, 46
x11 <- 0x00000004


mem[X,0x800007D0] -> 0x2A23
mem[X,0x800007D2] -> 0x18B1
[505] [M]: 0x800007D0 (0x18B12A23) sw a1, 404(sp)
mem[0x800052F4] <- 0x00000004


mem[X,0x800007D4] -> 0xB537
mem[X,0x800007D6] -> 0xAAAA
[506] [M]: 0x800007D4 (0xAAAAB537) lui a0, 699051
x10 <- 0xAAAAB000


mem[X,0x800007D8] -> 0x0513
mem[X,0x800007DA] -> 0xAAA5
[507] [M]: 0x800007D8 (0xAAA50513) addi a0, a0, 2730
x10 <- 0xAAAAAAAA


mem[X,0x800007DC] -> 0x7593
mem[X,0x800007DE] -> 0x0035
[508] [M]: 0x800007DC (0x00357593) andi a1, a0, 3
x11 <- 0x00000002


mem[X,0x800007E0] -> 0x2C23
mem[X,0x800007E2] -> 0x18B1
[509] [M]: 0x800007E0 (0x18B12C23) sw a1, 408(sp)
mem[0x800052F8] <- 0x00000002


mem[X,0x800007E4] -> 0xB537
mem[X,0x800007E6] -> 0xAAAA
[510] [M]: 0x800007E4 (0xAAAAB537) lui a0, 699051
x10 <- 0xAAAAB000


mem[X,0x800007E8] -> 0x0513
mem[X,0x800007EA] -> 0xAAA5
[511] [M]: 0x800007E8 (0xAAA50513) addi a0, a0, 2730
x10 <- 0xAAAAAAAA


mem[X,0x800007EC] -> 0x7593
mem[X,0x800007EE] -> 0x5555
[512] [M]: 0x800007EC (0x55557593) andi a1, a0, 1365
x11 <- 0x00000000


mem[X,0x800007F0] -> 0x2E23
mem[X,0x800007F2] -> 0x18B1
[513] [M]: 0x800007F0 (0x18B12E23) sw a1, 412(sp)
mem[0x800052FC] <- 0x00000000


mem[X,0x800007F4] -> 0xB537
mem[X,0x800007F6] -> 0xAAAA
[514] [M]: 0x800007F4 (0xAAAAB537) lui a0, 699051
x10 <- 0xAAAAB000


mem[X,0x800007F8] -> 0x0513
mem[X,0x800007FA] -> 0xAAA5
[515] [M]: 0x800007F8 (0xAAA50513) addi a0, a0, 2730
x10 <- 0xAAAAAAAA


mem[X,0x800007FC] -> 0x7593
mem[X,0x800007FE] -> 0xAAA5
[516] [M]: 0x800007FC (0xAAA57593) andi a1, a0, 2730
x11 <- 0xAAAAAAAA


mem[X,0x80000800] -> 0x2023
mem[X,0x80000802] -> 0x1AB1
[517] [M]: 0x80000800 (0x1AB12023) sw a1, 416(sp)
mem[0x80005300] <- 0xAAAAAAAA


mem[X,0x80000804] -> 0xB537
mem[X,0x80000806] -> 0xAAAA
[518] [M]: 0x80000804 (0xAAAAB537) lui a0, 699051
x10 <- 0xAAAAB000


mem[X,0x80000808] -> 0x0513
mem[X,0x8000080A] -> 0xAAA5
[519] [M]: 0x80000808 (0xAAA50513) addi a0, a0, 2730
x10 <- 0xAAAAAAAA


mem[X,0x8000080C] -> 0x7593
mem[X,0x8000080E] -> 0x0055
[520] [M]: 0x8000080C (0x00557593) andi a1, a0, 5
x11 <- 0x00000000


mem[X,0x80000810] -> 0x2223
mem[X,0x80000812] -> 0x1AB1
[521] [M]: 0x80000810 (0x1AB12223) sw a1, 420(sp)
mem[0x80005304] <- 0x00000000


mem[X,0x80000814] -> 0xB537
mem[X,0x80000816] -> 0xAAAA
[522] [M]: 0x80000814 (0xAAAAB537) lui a0, 699051
x10 <- 0xAAAAB000


mem[X,0x80000818] -> 0x0513
mem[X,0x8000081A] -> 0xAAA5
[523] [M]: 0x80000818 (0xAAA50513) addi a0, a0, 2730
x10 <- 0xAAAAAAAA


mem[X,0x8000081C] -> 0x7593
mem[X,0x8000081E] -> 0x3335
[524] [M]: 0x8000081C (0x33357593) andi a1, a0, 819
x11 <- 0x00000222


mem[X,0x80000820] -> 0x2423
mem[X,0x80000822] -> 0x1AB1
[525] [M]: 0x80000820 (0x1AB12423) sw a1, 424(sp)
mem[0x80005308] <- 0x00000222


mem[X,0x80000824] -> 0xB537
mem[X,0x80000826] -> 0xAAAA
[526] [M]: 0x80000824 (0xAAAAB537) lui a0, 699051
x10 <- 0xAAAAB000


mem[X,0x80000828] -> 0x0513
mem[X,0x8000082A] -> 0xAAA5
[527] [M]: 0x80000828 (0xAAA50513) addi a0, a0, 2730
x10 <- 0xAAAAAAAA


mem[X,0x8000082C] -> 0x7593
mem[X,0x8000082E] -> 0x6665
[528] [M]: 0x8000082C (0x66657593) andi a1, a0, 1638
x11 <- 0x00000222


mem[X,0x80000830] -> 0x2623
mem[X,0x80000832] -> 0x1AB1
[529] [M]: 0x80000830 (0x1AB12623) sw a1, 428(sp)
mem[0x8000530C] <- 0x00000222


mem[X,0x80000834] -> 0xB537
mem[X,0x80000836] -> 0xAAAA
[530] [M]: 0x80000834 (0xAAAAB537) lui a0, 699051
x10 <- 0xAAAAB000


mem[X,0x80000838] -> 0x0513
mem[X,0x8000083A] -> 0xAAA5
[531] [M]: 0x80000838 (0xAAA50513) addi a0, a0, 2730
x10 <- 0xAAAAAAAA


mem[X,0x8000083C] -> 0x7593
mem[X,0x8000083E] -> 0xFD35
[532] [M]: 0x8000083C (0xFD357593) andi a1, a0, 4051
x11 <- 0xAAAAAA82


mem[X,0x80000840] -> 0x2823
mem[X,0x80000842] -> 0x1AB1
[533] [M]: 0x80000840 (0x1AB12823) sw a1, 432(sp)
mem[0x80005310] <- 0xAAAAAA82


mem[X,0x80000844] -> 0xB537
mem[X,0x80000846] -> 0xAAAA
[534] [M]: 0x80000844 (0xAAAAB537) lui a0, 699051
x10 <- 0xAAAAB000


mem[X,0x80000848] -> 0x0513
mem[X,0x8000084A] -> 0xAAA5
[535] [M]: 0x80000848 (0xAAA50513) addi a0, a0, 2730
x10 <- 0xAAAAAAAA


mem[X,0x8000084C] -> 0x7593
mem[X,0x8000084E] -> 0x02D5
[536] [M]: 0x8000084C (0x02D57593) andi a1, a0, 45
x11 <- 0x00000028


mem[X,0x80000850] -> 0x2A23
mem[X,0x80000852] -> 0x1AB1
[537] [M]: 0x80000850 (0x1AB12A23) sw a1, 436(sp)
mem[0x80005314] <- 0x00000028


mem[X,0x80000854] -> 0xB537
mem[X,0x80000856] -> 0xAAAA
[538] [M]: 0x80000854 (0xAAAAB537) lui a0, 699051
x10 <- 0xAAAAB000


mem[X,0x80000858] -> 0x0513
mem[X,0x8000085A] -> 0xAAA5
[539] [M]: 0x80000858 (0xAAA50513) addi a0, a0, 2730
x10 <- 0xAAAAAAAA


mem[X,0x8000085C] -> 0x7593
mem[X,0x8000085E] -> 0x0025
[540] [M]: 0x8000085C (0x00257593) andi a1, a0, 2
x11 <- 0x00000002


mem[X,0x80000860] -> 0x2C23
mem[X,0x80000862] -> 0x1AB1
[541] [M]: 0x80000860 (0x1AB12C23) sw a1, 440(sp)
mem[0x80005318] <- 0x00000002


mem[X,0x80000864] -> 0xB537
mem[X,0x80000866] -> 0xAAAA
[542] [M]: 0x80000864 (0xAAAAB537) lui a0, 699051
x10 <- 0xAAAAB000


mem[X,0x80000868] -> 0x0513
mem[X,0x8000086A] -> 0xAAA5
[543] [M]: 0x80000868 (0xAAA50513) addi a0, a0, 2730
x10 <- 0xAAAAAAAA


mem[X,0x8000086C] -> 0x7593
mem[X,0x8000086E] -> 0x5545
[544] [M]: 0x8000086C (0x55457593) andi a1, a0, 1364
x11 <- 0x00000000


mem[X,0x80000870] -> 0x2E23
mem[X,0x80000872] -> 0x1AB1
[545] [M]: 0x80000870 (0x1AB12E23) sw a1, 444(sp)
mem[0x8000531C] <- 0x00000000


mem[X,0x80000874] -> 0xB537
mem[X,0x80000876] -> 0xAAAA
[546] [M]: 0x80000874 (0xAAAAB537) lui a0, 699051
x10 <- 0xAAAAB000


mem[X,0x80000878] -> 0x0513
mem[X,0x8000087A] -> 0xAAA5
[547] [M]: 0x80000878 (0xAAA50513) addi a0, a0, 2730
x10 <- 0xAAAAAAAA


mem[X,0x8000087C] -> 0x7593
mem[X,0x8000087E] -> 0x0005
[548] [M]: 0x8000087C (0x00057593) andi a1, a0, 0
x11 <- 0x00000000


mem[X,0x80000880] -> 0x2023
mem[X,0x80000882] -> 0x1CB1
[549] [M]: 0x80000880 (0x1CB12023) sw a1, 448(sp)
mem[0x80005320] <- 0x00000000


mem[X,0x80000884] -> 0xB537
mem[X,0x80000886] -> 0xAAAA
[550] [M]: 0x80000884 (0xAAAAB537) lui a0, 699051
x10 <- 0xAAAAB000


mem[X,0x80000888] -> 0x0513
mem[X,0x8000088A] -> 0xAAA5
[551] [M]: 0x80000888 (0xAAA50513) addi a0, a0, 2730
x10 <- 0xAAAAAAAA


mem[X,0x8000088C] -> 0x7593
mem[X,0x8000088E] -> 0x0045
[552] [M]: 0x8000088C (0x00457593) andi a1, a0, 4
x11 <- 0x00000000


mem[X,0x80000890] -> 0x2223
mem[X,0x80000892] -> 0x1CB1
[553] [M]: 0x80000890 (0x1CB12223) sw a1, 452(sp)
mem[0x80005324] <- 0x00000000


mem[X,0x80000894] -> 0xB537
mem[X,0x80000896] -> 0xAAAA
[554] [M]: 0x80000894 (0xAAAAB537) lui a0, 699051
x10 <- 0xAAAAB000


mem[X,0x80000898] -> 0x0513
mem[X,0x8000089A] -> 0xAAA5
[555] [M]: 0x80000898 (0xAAA50513) addi a0, a0, 2730
x10 <- 0xAAAAAAAA


mem[X,0x8000089C] -> 0x7593
mem[X,0x8000089E] -> 0x3325
[556] [M]: 0x8000089C (0x33257593) andi a1, a0, 818
x11 <- 0x00000222


mem[X,0x800008A0] -> 0x2423
mem[X,0x800008A2] -> 0x1CB1
[557] [M]: 0x800008A0 (0x1CB12423) sw a1, 456(sp)
mem[0x80005328] <- 0x00000222


mem[X,0x800008A4] -> 0xB537
mem[X,0x800008A6] -> 0xAAAA
[558] [M]: 0x800008A4 (0xAAAAB537) lui a0, 699051
x10 <- 0xAAAAB000


mem[X,0x800008A8] -> 0x0513
mem[X,0x800008AA] -> 0xAAA5
[559] [M]: 0x800008A8 (0xAAA50513) addi a0, a0, 2730
x10 <- 0xAAAAAAAA


mem[X,0x800008AC] -> 0x7593
mem[X,0x800008AE] -> 0x6655
[560] [M]: 0x800008AC (0x66557593) andi a1, a0, 1637
x11 <- 0x00000220


mem[X,0x800008B0] -> 0x2623
mem[X,0x800008B2] -> 0x1CB1
[561] [M]: 0x800008B0 (0x1CB12623) sw a1, 460(sp)
mem[0x8000532C] <- 0x00000220


mem[X,0x800008B4] -> 0xB537
mem[X,0x800008B6] -> 0xAAAA
[562] [M]: 0x800008B4 (0xAAAAB537) lui a0, 699051
x10 <- 0xAAAAB000


mem[X,0x800008B8] -> 0x0513
mem[X,0x800008BA] -> 0xAAA5
[563] [M]: 0x800008B8 (0xAAA50513) addi a0, a0, 2730
x10 <- 0xAAAAAAAA


mem[X,0x800008BC] -> 0x7593
mem[X,0x800008BE] -> 0x02C5
[564] [M]: 0x800008BC (0x02C57593) andi a1, a0, 44
x11 <- 0x00000028


mem[X,0x800008C0] -> 0x2823
mem[X,0x800008C2] -> 0x1CB1
[565] [M]: 0x800008C0 (0x1CB12823) sw a1, 464(sp)
mem[0x80005330] <- 0x00000028


mem[X,0x800008C4] -> 0xB537
mem[X,0x800008C6] -> 0xAAAA
[566] [M]: 0x800008C4 (0xAAAAB537) lui a0, 699051
x10 <- 0xAAAAB000


mem[X,0x800008C8] -> 0x0513
mem[X,0x800008CA] -> 0xAAA5
[567] [M]: 0x800008C8 (0xAAA50513) addi a0, a0, 2730
x10 <- 0xAAAAAAAA


mem[X,0x800008CC] -> 0x7593
mem[X,0x800008CE] -> 0x5565
[568] [M]: 0x800008CC (0x55657593) andi a1, a0, 1366
x11 <- 0x00000002


mem[X,0x800008D0] -> 0x2A23
mem[X,0x800008D2] -> 0x1CB1
[569] [M]: 0x800008D0 (0x1CB12A23) sw a1, 468(sp)
mem[0x80005334] <- 0x00000002


mem[X,0x800008D4] -> 0xB537
mem[X,0x800008D6] -> 0xAAAA
[570] [M]: 0x800008D4 (0xAAAAB537) lui a0, 699051
x10 <- 0xAAAAB000


mem[X,0x800008D8] -> 0x0513
mem[X,0x800008DA] -> 0xAAA5
[571] [M]: 0x800008D8 (0xAAA50513) addi a0, a0, 2730
x10 <- 0xAAAAAAAA


mem[X,0x800008DC] -> 0x7593
mem[X,0x800008DE] -> 0xAAB5
[572] [M]: 0x800008DC (0xAAB57593) andi a1, a0, 2731
x11 <- 0xAAAAAAAA


mem[X,0x800008E0] -> 0x2C23
mem[X,0x800008E2] -> 0x1CB1
[573] [M]: 0x800008E0 (0x1CB12C23) sw a1, 472(sp)
mem[0x80005338] <- 0xAAAAAAAA


mem[X,0x800008E4] -> 0xB537
mem[X,0x800008E6] -> 0xAAAA
[574] [M]: 0x800008E4 (0xAAAAB537) lui a0, 699051
x10 <- 0xAAAAB000


mem[X,0x800008E8] -> 0x0513
mem[X,0x800008EA] -> 0xAAA5
[575] [M]: 0x800008E8 (0xAAA50513) addi a0, a0, 2730
x10 <- 0xAAAAAAAA


mem[X,0x800008EC] -> 0x7593
mem[X,0x800008EE] -> 0x0065
[576] [M]: 0x800008EC (0x00657593) andi a1, a0, 6
x11 <- 0x00000002


mem[X,0x800008F0] -> 0x2E23
mem[X,0x800008F2] -> 0x1CB1
[577] [M]: 0x800008F0 (0x1CB12E23) sw a1, 476(sp)
mem[0x8000533C] <- 0x00000002


mem[X,0x800008F4] -> 0xB537
mem[X,0x800008F6] -> 0xAAAA
[578] [M]: 0x800008F4 (0xAAAAB537) lui a0, 699051
x10 <- 0xAAAAB000


mem[X,0x800008F8] -> 0x0513
mem[X,0x800008FA] -> 0xAAA5
[579] [M]: 0x800008F8 (0xAAA50513) addi a0, a0, 2730
x10 <- 0xAAAAAAAA


mem[X,0x800008FC] -> 0x7593
mem[X,0x800008FE] -> 0x3345
[580] [M]: 0x800008FC (0x33457593) andi a1, a0, 820
x11 <- 0x00000220


mem[X,0x80000900] -> 0x2023
mem[X,0x80000902] -> 0x1EB1
[581] [M]: 0x80000900 (0x1EB12023) sw a1, 480(sp)
mem[0x80005340] <- 0x00000220


mem[X,0x80000904] -> 0xB537
mem[X,0x80000906] -> 0xAAAA
[582] [M]: 0x80000904 (0xAAAAB537) lui a0, 699051
x10 <- 0xAAAAB000


mem[X,0x80000908] -> 0x0513
mem[X,0x8000090A] -> 0xAAA5
[583] [M]: 0x80000908 (0xAAA50513) addi a0, a0, 2730
x10 <- 0xAAAAAAAA


mem[X,0x8000090C] -> 0x7593
mem[X,0x8000090E] -> 0x6675
[584] [M]: 0x8000090C (0x66757593) andi a1, a0, 1639
x11 <- 0x00000222


mem[X,0x80000910] -> 0x2223
mem[X,0x80000912] -> 0x1EB1
[585] [M]: 0x80000910 (0x1EB12223) sw a1, 484(sp)
mem[0x80005344] <- 0x00000222


mem[X,0x80000914] -> 0xB537
mem[X,0x80000916] -> 0xAAAA
[586] [M]: 0x80000914 (0xAAAAB537) lui a0, 699051
x10 <- 0xAAAAB000


mem[X,0x80000918] -> 0x0513
mem[X,0x8000091A] -> 0xAAA5
[587] [M]: 0x80000918 (0xAAA50513) addi a0, a0, 2730
x10 <- 0xAAAAAAAA


mem[X,0x8000091C] -> 0x7593
mem[X,0x8000091E] -> 0xFD45
[588] [M]: 0x8000091C (0xFD457593) andi a1, a0, 4052
x11 <- 0xAAAAAA80


mem[X,0x80000920] -> 0x2423
mem[X,0x80000922] -> 0x1EB1
[589] [M]: 0x80000920 (0x1EB12423) sw a1, 488(sp)
mem[0x80005348] <- 0xAAAAAA80


mem[X,0x80000924] -> 0xB537
mem[X,0x80000926] -> 0xAAAA
[590] [M]: 0x80000924 (0xAAAAB537) lui a0, 699051
x10 <- 0xAAAAB000


mem[X,0x80000928] -> 0x0513
mem[X,0x8000092A] -> 0xAAA5
[591] [M]: 0x80000928 (0xAAA50513) addi a0, a0, 2730
x10 <- 0xAAAAAAAA


mem[X,0x8000092C] -> 0x7593
mem[X,0x8000092E] -> 0x02E5
[592] [M]: 0x8000092C (0x02E57593) andi a1, a0, 46
x11 <- 0x0000002A


mem[X,0x80000930] -> 0x2623
mem[X,0x80000932] -> 0x1EB1
[593] [M]: 0x80000930 (0x1EB12623) sw a1, 492(sp)
mem[0x8000534C] <- 0x0000002A


mem[X,0x80000934] -> 0x0513
mem[X,0x80000936] -> 0x0050
[594] [M]: 0x80000934 (0x00500513) addi a0, zero, 5
x10 <- 0x00000005


mem[X,0x80000938] -> 0x7593
mem[X,0x8000093A] -> 0x0035
[595] [M]: 0x80000938 (0x00357593) andi a1, a0, 3
x11 <- 0x00000001


mem[X,0x8000093C] -> 0x2823
mem[X,0x8000093E] -> 0x1EB1
[596] [M]: 0x8000093C (0x1EB12823) sw a1, 496(sp)
mem[0x80005350] <- 0x00000001


mem[X,0x80000940] -> 0x0513
mem[X,0x80000942] -> 0x0050
[597] [M]: 0x80000940 (0x00500513) addi a0, zero, 5
x10 <- 0x00000005


mem[X,0x80000944] -> 0x7593
mem[X,0x80000946] -> 0x5555
[598] [M]: 0x80000944 (0x55557593) andi a1, a0, 1365
x11 <- 0x00000005


mem[X,0x80000948] -> 0x2A23
mem[X,0x8000094A] -> 0x1EB1
[599] [M]: 0x80000948 (0x1EB12A23) sw a1, 500(sp)
mem[0x80005354] <- 0x00000005


clint::tick mtime <- 0x0000000000000006
 clint timer pending at mtime 0x0000000000000006
htif::tick 0x0000000000000000
mem[X,0x8000094C] -> 0x0513
mem[X,0x8000094E] -> 0x0050
[600] [M]: 0x8000094C (0x00500513) addi a0, zero, 5
x10 <- 0x00000005


mem[X,0x80000950] -> 0x7593
mem[X,0x80000952] -> 0xAAA5
[601] [M]: 0x80000950 (0xAAA57593) andi a1, a0, 2730
x11 <- 0x00000000


mem[X,0x80000954] -> 0x2C23
mem[X,0x80000956] -> 0x1EB1
[602] [M]: 0x80000954 (0x1EB12C23) sw a1, 504(sp)
mem[0x80005358] <- 0x00000000


mem[X,0x80000958] -> 0x0513
mem[X,0x8000095A] -> 0x0050
[603] [M]: 0x80000958 (0x00500513) addi a0, zero, 5
x10 <- 0x00000005


mem[X,0x8000095C] -> 0x7593
mem[X,0x8000095E] -> 0x0055
[604] [M]: 0x8000095C (0x00557593) andi a1, a0, 5
x11 <- 0x00000005


mem[X,0x80000960] -> 0x2E23
mem[X,0x80000962] -> 0x1EB1
[605] [M]: 0x80000960 (0x1EB12E23) sw a1, 508(sp)
mem[0x8000535C] <- 0x00000005


mem[X,0x80000964] -> 0x0513
mem[X,0x80000966] -> 0x0050
[606] [M]: 0x80000964 (0x00500513) addi a0, zero, 5
x10 <- 0x00000005


mem[X,0x80000968] -> 0x7593
mem[X,0x8000096A] -> 0x3335
[607] [M]: 0x80000968 (0x33357593) andi a1, a0, 819
x11 <- 0x00000001


mem[X,0x8000096C] -> 0x2023
mem[X,0x8000096E] -> 0x20B1
[608] [M]: 0x8000096C (0x20B12023) sw a1, 512(sp)
mem[0x80005360] <- 0x00000001


mem[X,0x80000970] -> 0x0513
mem[X,0x80000972] -> 0x0050
[609] [M]: 0x80000970 (0x00500513) addi a0, zero, 5
x10 <- 0x00000005


mem[X,0x80000974] -> 0x7593
mem[X,0x80000976] -> 0x6665
[610] [M]: 0x80000974 (0x66657593) andi a1, a0, 1638
x11 <- 0x00000004


mem[X,0x80000978] -> 0x2223
mem[X,0x8000097A] -> 0x20B1
[611] [M]: 0x80000978 (0x20B12223) sw a1, 516(sp)
mem[0x80005364] <- 0x00000004


mem[X,0x8000097C] -> 0x0513
mem[X,0x8000097E] -> 0x0050
[612] [M]: 0x8000097C (0x00500513) addi a0, zero, 5
x10 <- 0x00000005


mem[X,0x80000980] -> 0x7593
mem[X,0x80000982] -> 0xFD35
[613] [M]: 0x80000980 (0xFD357593) andi a1, a0, 4051
x11 <- 0x00000001


mem[X,0x80000984] -> 0x2423
mem[X,0x80000986] -> 0x20B1
[614] [M]: 0x80000984 (0x20B12423) sw a1, 520(sp)
mem[0x80005368] <- 0x00000001


mem[X,0x80000988] -> 0x0513
mem[X,0x8000098A] -> 0x0050
[615] [M]: 0x80000988 (0x00500513) addi a0, zero, 5
x10 <- 0x00000005


mem[X,0x8000098C] -> 0x7593
mem[X,0x8000098E] -> 0x02D5
[616] [M]: 0x8000098C (0x02D57593) andi a1, a0, 45
x11 <- 0x00000005


mem[X,0x80000990] -> 0x2623
mem[X,0x80000992] -> 0x20B1
[617] [M]: 0x80000990 (0x20B12623) sw a1, 524(sp)
mem[0x8000536C] <- 0x00000005


mem[X,0x80000994] -> 0x0513
mem[X,0x80000996] -> 0x0050
[618] [M]: 0x80000994 (0x00500513) addi a0, zero, 5
x10 <- 0x00000005


mem[X,0x80000998] -> 0x7593
mem[X,0x8000099A] -> 0x0025
[619] [M]: 0x80000998 (0x00257593) andi a1, a0, 2
x11 <- 0x00000000


mem[X,0x8000099C] -> 0x2823
mem[X,0x8000099E] -> 0x20B1
[620] [M]: 0x8000099C (0x20B12823) sw a1, 528(sp)
mem[0x80005370] <- 0x00000000


mem[X,0x800009A0] -> 0x0513
mem[X,0x800009A2] -> 0x0050
[621] [M]: 0x800009A0 (0x00500513) addi a0, zero, 5
x10 <- 0x00000005


mem[X,0x800009A4] -> 0x7593
mem[X,0x800009A6] -> 0x5545
[622] [M]: 0x800009A4 (0x55457593) andi a1, a0, 1364
x11 <- 0x00000004


mem[X,0x800009A8] -> 0x2A23
mem[X,0x800009AA] -> 0x20B1
[623] [M]: 0x800009A8 (0x20B12A23) sw a1, 532(sp)
mem[0x80005374] <- 0x00000004


mem[X,0x800009AC] -> 0x0513
mem[X,0x800009AE] -> 0x0050
[624] [M]: 0x800009AC (0x00500513) addi a0, zero, 5
x10 <- 0x00000005


mem[X,0x800009B0] -> 0x7593
mem[X,0x800009B2] -> 0x0005
[625] [M]: 0x800009B0 (0x00057593) andi a1, a0, 0
x11 <- 0x00000000


mem[X,0x800009B4] -> 0x2C23
mem[X,0x800009B6] -> 0x20B1
[626] [M]: 0x800009B4 (0x20B12C23) sw a1, 536(sp)
mem[0x80005378] <- 0x00000000


mem[X,0x800009B8] -> 0x0513
mem[X,0x800009BA] -> 0x0050
[627] [M]: 0x800009B8 (0x00500513) addi a0, zero, 5
x10 <- 0x00000005


mem[X,0x800009BC] -> 0x7593
mem[X,0x800009BE] -> 0x0045
[628] [M]: 0x800009BC (0x00457593) andi a1, a0, 4
x11 <- 0x00000004


mem[X,0x800009C0] -> 0x2E23
mem[X,0x800009C2] -> 0x20B1
[629] [M]: 0x800009C0 (0x20B12E23) sw a1, 540(sp)
mem[0x8000537C] <- 0x00000004


mem[X,0x800009C4] -> 0x0513
mem[X,0x800009C6] -> 0x0050
[630] [M]: 0x800009C4 (0x00500513) addi a0, zero, 5
x10 <- 0x00000005


mem[X,0x800009C8] -> 0x7593
mem[X,0x800009CA] -> 0x3325
[631] [M]: 0x800009C8 (0x33257593) andi a1, a0, 818
x11 <- 0x00000000


mem[X,0x800009CC] -> 0x2023
mem[X,0x800009CE] -> 0x22B1
[632] [M]: 0x800009CC (0x22B12023) sw a1, 544(sp)
mem[0x80005380] <- 0x00000000


mem[X,0x800009D0] -> 0x0513
mem[X,0x800009D2] -> 0x0050
[633] [M]: 0x800009D0 (0x00500513) addi a0, zero, 5
x10 <- 0x00000005


mem[X,0x800009D4] -> 0x7593
mem[X,0x800009D6] -> 0x6655
[634] [M]: 0x800009D4 (0x66557593) andi a1, a0, 1637
x11 <- 0x00000005


mem[X,0x800009D8] -> 0x2223
mem[X,0x800009DA] -> 0x22B1
[635] [M]: 0x800009D8 (0x22B12223) sw a1, 548(sp)
mem[0x80005384] <- 0x00000005


mem[X,0x800009DC] -> 0x0513
mem[X,0x800009DE] -> 0x0050
[636] [M]: 0x800009DC (0x00500513) addi a0, zero, 5
x10 <- 0x00000005


mem[X,0x800009E0] -> 0x7593
mem[X,0x800009E2] -> 0x02C5
[637] [M]: 0x800009E0 (0x02C57593) andi a1, a0, 44
x11 <- 0x00000004


mem[X,0x800009E4] -> 0x2423
mem[X,0x800009E6] -> 0x22B1
[638] [M]: 0x800009E4 (0x22B12423) sw a1, 552(sp)
mem[0x80005388] <- 0x00000004


mem[X,0x800009E8] -> 0x0513
mem[X,0x800009EA] -> 0x0050
[639] [M]: 0x800009E8 (0x00500513) addi a0, zero, 5
x10 <- 0x00000005


mem[X,0x800009EC] -> 0x7593
mem[X,0x800009EE] -> 0x5565
[640] [M]: 0x800009EC (0x55657593) andi a1, a0, 1366
x11 <- 0x00000004


mem[X,0x800009F0] -> 0x2623
mem[X,0x800009F2] -> 0x22B1
[641] [M]: 0x800009F0 (0x22B12623) sw a1, 556(sp)
mem[0x8000538C] <- 0x00000004


mem[X,0x800009F4] -> 0x0513
mem[X,0x800009F6] -> 0x0050
[642] [M]: 0x800009F4 (0x00500513) addi a0, zero, 5
x10 <- 0x00000005


mem[X,0x800009F8] -> 0x7593
mem[X,0x800009FA] -> 0xAAB5
[643] [M]: 0x800009F8 (0xAAB57593) andi a1, a0, 2731
x11 <- 0x00000001


mem[X,0x800009FC] -> 0x2823
mem[X,0x800009FE] -> 0x22B1
[644] [M]: 0x800009FC (0x22B12823) sw a1, 560(sp)
mem[0x80005390] <- 0x00000001


mem[X,0x80000A00] -> 0x0513
mem[X,0x80000A02] -> 0x0050
[645] [M]: 0x80000A00 (0x00500513) addi a0, zero, 5
x10 <- 0x00000005


mem[X,0x80000A04] -> 0x7593
mem[X,0x80000A06] -> 0x0065
[646] [M]: 0x80000A04 (0x00657593) andi a1, a0, 6
x11 <- 0x00000004


mem[X,0x80000A08] -> 0x2A23
mem[X,0x80000A0A] -> 0x22B1
[647] [M]: 0x80000A08 (0x22B12A23) sw a1, 564(sp)
mem[0x80005394] <- 0x00000004


mem[X,0x80000A0C] -> 0x0513
mem[X,0x80000A0E] -> 0x0050
[648] [M]: 0x80000A0C (0x00500513) addi a0, zero, 5
x10 <- 0x00000005


mem[X,0x80000A10] -> 0x7593
mem[X,0x80000A12] -> 0x3345
[649] [M]: 0x80000A10 (0x33457593) andi a1, a0, 820
x11 <- 0x00000004


mem[X,0x80000A14] -> 0x2C23
mem[X,0x80000A16] -> 0x22B1
[650] [M]: 0x80000A14 (0x22B12C23) sw a1, 568(sp)
mem[0x80005398] <- 0x00000004


mem[X,0x80000A18] -> 0x0513
mem[X,0x80000A1A] -> 0x0050
[651] [M]: 0x80000A18 (0x00500513) addi a0, zero, 5
x10 <- 0x00000005


mem[X,0x80000A1C] -> 0x7593
mem[X,0x80000A1E] -> 0x6675
[652] [M]: 0x80000A1C (0x66757593) andi a1, a0, 1639
x11 <- 0x00000005


mem[X,0x80000A20] -> 0x2E23
mem[X,0x80000A22] -> 0x22B1
[653] [M]: 0x80000A20 (0x22B12E23) sw a1, 572(sp)
mem[0x8000539C] <- 0x00000005


mem[X,0x80000A24] -> 0x0513
mem[X,0x80000A26] -> 0x0050
[654] [M]: 0x80000A24 (0x00500513) addi a0, zero, 5
x10 <- 0x00000005


mem[X,0x80000A28] -> 0x7593
mem[X,0x80000A2A] -> 0xFD45
[655] [M]: 0x80000A28 (0xFD457593) andi a1, a0, 4052
x11 <- 0x00000004


mem[X,0x80000A2C] -> 0x2023
mem[X,0x80000A2E] -> 0x24B1
[656] [M]: 0x80000A2C (0x24B12023) sw a1, 576(sp)
mem[0x800053A0] <- 0x00000004


mem[X,0x80000A30] -> 0x0513
mem[X,0x80000A32] -> 0x0050
[657] [M]: 0x80000A30 (0x00500513) addi a0, zero, 5
x10 <- 0x00000005


mem[X,0x80000A34] -> 0x7593
mem[X,0x80000A36] -> 0x02E5
[658] [M]: 0x80000A34 (0x02E57593) andi a1, a0, 46
x11 <- 0x00000004


mem[X,0x80000A38] -> 0x2223
mem[X,0x80000A3A] -> 0x24B1
[659] [M]: 0x80000A38 (0x24B12223) sw a1, 580(sp)
mem[0x800053A4] <- 0x00000004


mem[X,0x80000A3C] -> 0x3537
mem[X,0x80000A3E] -> 0x3333
[660] [M]: 0x80000A3C (0x33333537) lui a0, 209715
x10 <- 0x33333000


mem[X,0x80000A40] -> 0x0513
mem[X,0x80000A42] -> 0x3335
[661] [M]: 0x80000A40 (0x33350513) addi a0, a0, 819
x10 <- 0x33333333


mem[X,0x80000A44] -> 0x7593
mem[X,0x80000A46] -> 0x0035
[662] [M]: 0x80000A44 (0x00357593) andi a1, a0, 3
x11 <- 0x00000003


mem[X,0x80000A48] -> 0x2423
mem[X,0x80000A4A] -> 0x24B1
[663] [M]: 0x80000A48 (0x24B12423) sw a1, 584(sp)
mem[0x800053A8] <- 0x00000003


mem[X,0x80000A4C] -> 0x3537
mem[X,0x80000A4E] -> 0x3333
[664] [M]: 0x80000A4C (0x33333537) lui a0, 209715
x10 <- 0x33333000


mem[X,0x80000A50] -> 0x0513
mem[X,0x80000A52] -> 0x3335
[665] [M]: 0x80000A50 (0x33350513) addi a0, a0, 819
x10 <- 0x33333333


mem[X,0x80000A54] -> 0x7593
mem[X,0x80000A56] -> 0x5555
[666] [M]: 0x80000A54 (0x55557593) andi a1, a0, 1365
x11 <- 0x00000111


mem[X,0x80000A58] -> 0x2623
mem[X,0x80000A5A] -> 0x24B1
[667] [M]: 0x80000A58 (0x24B12623) sw a1, 588(sp)
mem[0x800053AC] <- 0x00000111


mem[X,0x80000A5C] -> 0x3537
mem[X,0x80000A5E] -> 0x3333
[668] [M]: 0x80000A5C (0x33333537) lui a0, 209715
x10 <- 0x33333000


mem[X,0x80000A60] -> 0x0513
mem[X,0x80000A62] -> 0x3335
[669] [M]: 0x80000A60 (0x33350513) addi a0, a0, 819
x10 <- 0x33333333


mem[X,0x80000A64] -> 0x7593
mem[X,0x80000A66] -> 0xAAA5
[670] [M]: 0x80000A64 (0xAAA57593) andi a1, a0, 2730
x11 <- 0x33333222


mem[X,0x80000A68] -> 0x2823
mem[X,0x80000A6A] -> 0x24B1
[671] [M]: 0x80000A68 (0x24B12823) sw a1, 592(sp)
mem[0x800053B0] <- 0x33333222


mem[X,0x80000A6C] -> 0x3537
mem[X,0x80000A6E] -> 0x3333
[672] [M]: 0x80000A6C (0x33333537) lui a0, 209715
x10 <- 0x33333000


mem[X,0x80000A70] -> 0x0513
mem[X,0x80000A72] -> 0x3335
[673] [M]: 0x80000A70 (0x33350513) addi a0, a0, 819
x10 <- 0x33333333


mem[X,0x80000A74] -> 0x7593
mem[X,0x80000A76] -> 0x0055
[674] [M]: 0x80000A74 (0x00557593) andi a1, a0, 5
x11 <- 0x00000001


mem[X,0x80000A78] -> 0x2A23
mem[X,0x80000A7A] -> 0x24B1
[675] [M]: 0x80000A78 (0x24B12A23) sw a1, 596(sp)
mem[0x800053B4] <- 0x00000001


mem[X,0x80000A7C] -> 0x3537
mem[X,0x80000A7E] -> 0x3333
[676] [M]: 0x80000A7C (0x33333537) lui a0, 209715
x10 <- 0x33333000


mem[X,0x80000A80] -> 0x0513
mem[X,0x80000A82] -> 0x3335
[677] [M]: 0x80000A80 (0x33350513) addi a0, a0, 819
x10 <- 0x33333333


mem[X,0x80000A84] -> 0x7593
mem[X,0x80000A86] -> 0x3335
[678] [M]: 0x80000A84 (0x33357593) andi a1, a0, 819
x11 <- 0x00000333


mem[X,0x80000A88] -> 0x2C23
mem[X,0x80000A8A] -> 0x24B1
[679] [M]: 0x80000A88 (0x24B12C23) sw a1, 600(sp)
mem[0x800053B8] <- 0x00000333


mem[X,0x80000A8C] -> 0x3537
mem[X,0x80000A8E] -> 0x3333
[680] [M]: 0x80000A8C (0x33333537) lui a0, 209715
x10 <- 0x33333000


mem[X,0x80000A90] -> 0x0513
mem[X,0x80000A92] -> 0x3335
[681] [M]: 0x80000A90 (0x33350513) addi a0, a0, 819
x10 <- 0x33333333


mem[X,0x80000A94] -> 0x7593
mem[X,0x80000A96] -> 0x6665
[682] [M]: 0x80000A94 (0x66657593) andi a1, a0, 1638
x11 <- 0x00000222


mem[X,0x80000A98] -> 0x2E23
mem[X,0x80000A9A] -> 0x24B1
[683] [M]: 0x80000A98 (0x24B12E23) sw a1, 604(sp)
mem[0x800053BC] <- 0x00000222


mem[X,0x80000A9C] -> 0x3537
mem[X,0x80000A9E] -> 0x3333
[684] [M]: 0x80000A9C (0x33333537) lui a0, 209715
x10 <- 0x33333000


mem[X,0x80000AA0] -> 0x0513
mem[X,0x80000AA2] -> 0x3335
[685] [M]: 0x80000AA0 (0x33350513) addi a0, a0, 819
x10 <- 0x33333333


mem[X,0x80000AA4] -> 0x7593
mem[X,0x80000AA6] -> 0xFD35
[686] [M]: 0x80000AA4 (0xFD357593) andi a1, a0, 4051
x11 <- 0x33333313


mem[X,0x80000AA8] -> 0x2023
mem[X,0x80000AAA] -> 0x26B1
[687] [M]: 0x80000AA8 (0x26B12023) sw a1, 608(sp)
mem[0x800053C0] <- 0x33333313


mem[X,0x80000AAC] -> 0x3537
mem[X,0x80000AAE] -> 0x3333
[688] [M]: 0x80000AAC (0x33333537) lui a0, 209715
x10 <- 0x33333000


mem[X,0x80000AB0] -> 0x0513
mem[X,0x80000AB2] -> 0x3335
[689] [M]: 0x80000AB0 (0x33350513) addi a0, a0, 819
x10 <- 0x33333333


mem[X,0x80000AB4] -> 0x7593
mem[X,0x80000AB6] -> 0x02D5
[690] [M]: 0x80000AB4 (0x02D57593) andi a1, a0, 45
x11 <- 0x00000021


mem[X,0x80000AB8] -> 0x2223
mem[X,0x80000ABA] -> 0x26B1
[691] [M]: 0x80000AB8 (0x26B12223) sw a1, 612(sp)
mem[0x800053C4] <- 0x00000021


mem[X,0x80000ABC] -> 0x3537
mem[X,0x80000ABE] -> 0x3333
[692] [M]: 0x80000ABC (0x33333537) lui a0, 209715
x10 <- 0x33333000


mem[X,0x80000AC0] -> 0x0513
mem[X,0x80000AC2] -> 0x3335
[693] [M]: 0x80000AC0 (0x33350513) addi a0, a0, 819
x10 <- 0x33333333


mem[X,0x80000AC4] -> 0x7593
mem[X,0x80000AC6] -> 0x0025
[694] [M]: 0x80000AC4 (0x00257593) andi a1, a0, 2
x11 <- 0x00000002


mem[X,0x80000AC8] -> 0x2423
mem[X,0x80000ACA] -> 0x26B1
[695] [M]: 0x80000AC8 (0x26B12423) sw a1, 616(sp)
mem[0x800053C8] <- 0x00000002


mem[X,0x80000ACC] -> 0x3537
mem[X,0x80000ACE] -> 0x3333
[696] [M]: 0x80000ACC (0x33333537) lui a0, 209715
x10 <- 0x33333000


mem[X,0x80000AD0] -> 0x0513
mem[X,0x80000AD2] -> 0x3335
[697] [M]: 0x80000AD0 (0x33350513) addi a0, a0, 819
x10 <- 0x33333333


mem[X,0x80000AD4] -> 0x7593
mem[X,0x80000AD6] -> 0x5545
[698] [M]: 0x80000AD4 (0x55457593) andi a1, a0, 1364
x11 <- 0x00000110


mem[X,0x80000AD8] -> 0x2623
mem[X,0x80000ADA] -> 0x26B1
[699] [M]: 0x80000AD8 (0x26B12623) sw a1, 620(sp)
mem[0x800053CC] <- 0x00000110


clint::tick mtime <- 0x0000000000000007
 clint timer pending at mtime 0x0000000000000007
htif::tick 0x0000000000000000
mem[X,0x80000ADC] -> 0x3537
mem[X,0x80000ADE] -> 0x3333
[700] [M]: 0x80000ADC (0x33333537) lui a0, 209715
x10 <- 0x33333000


mem[X,0x80000AE0] -> 0x0513
mem[X,0x80000AE2] -> 0x3335
[701] [M]: 0x80000AE0 (0x33350513) addi a0, a0, 819
x10 <- 0x33333333


mem[X,0x80000AE4] -> 0x7593
mem[X,0x80000AE6] -> 0x0005
[702] [M]: 0x80000AE4 (0x00057593) andi a1, a0, 0
x11 <- 0x00000000


mem[X,0x80000AE8] -> 0x2823
mem[X,0x80000AEA] -> 0x26B1
[703] [M]: 0x80000AE8 (0x26B12823) sw a1, 624(sp)
mem[0x800053D0] <- 0x00000000


mem[X,0x80000AEC] -> 0x3537
mem[X,0x80000AEE] -> 0x3333
[704] [M]: 0x80000AEC (0x33333537) lui a0, 209715
x10 <- 0x33333000


mem[X,0x80000AF0] -> 0x0513
mem[X,0x80000AF2] -> 0x3335
[705] [M]: 0x80000AF0 (0x33350513) addi a0, a0, 819
x10 <- 0x33333333


mem[X,0x80000AF4] -> 0x7593
mem[X,0x80000AF6] -> 0x0045
[706] [M]: 0x80000AF4 (0x00457593) andi a1, a0, 4
x11 <- 0x00000000


mem[X,0x80000AF8] -> 0x2A23
mem[X,0x80000AFA] -> 0x26B1
[707] [M]: 0x80000AF8 (0x26B12A23) sw a1, 628(sp)
mem[0x800053D4] <- 0x00000000


mem[X,0x80000AFC] -> 0x3537
mem[X,0x80000AFE] -> 0x3333
[708] [M]: 0x80000AFC (0x33333537) lui a0, 209715
x10 <- 0x33333000


mem[X,0x80000B00] -> 0x0513
mem[X,0x80000B02] -> 0x3335
[709] [M]: 0x80000B00 (0x33350513) addi a0, a0, 819
x10 <- 0x33333333


mem[X,0x80000B04] -> 0x7593
mem[X,0x80000B06] -> 0x3325
[710] [M]: 0x80000B04 (0x33257593) andi a1, a0, 818
x11 <- 0x00000332


mem[X,0x80000B08] -> 0x2C23
mem[X,0x80000B0A] -> 0x26B1
[711] [M]: 0x80000B08 (0x26B12C23) sw a1, 632(sp)
mem[0x800053D8] <- 0x00000332


mem[X,0x80000B0C] -> 0x3537
mem[X,0x80000B0E] -> 0x3333
[712] [M]: 0x80000B0C (0x33333537) lui a0, 209715
x10 <- 0x33333000


mem[X,0x80000B10] -> 0x0513
mem[X,0x80000B12] -> 0x3335
[713] [M]: 0x80000B10 (0x33350513) addi a0, a0, 819
x10 <- 0x33333333


mem[X,0x80000B14] -> 0x7593
mem[X,0x80000B16] -> 0x6655
[714] [M]: 0x80000B14 (0x66557593) andi a1, a0, 1637
x11 <- 0x00000221


mem[X,0x80000B18] -> 0x2E23
mem[X,0x80000B1A] -> 0x26B1
[715] [M]: 0x80000B18 (0x26B12E23) sw a1, 636(sp)
mem[0x800053DC] <- 0x00000221


mem[X,0x80000B1C] -> 0x3537
mem[X,0x80000B1E] -> 0x3333
[716] [M]: 0x80000B1C (0x33333537) lui a0, 209715
x10 <- 0x33333000


mem[X,0x80000B20] -> 0x0513
mem[X,0x80000B22] -> 0x3335
[717] [M]: 0x80000B20 (0x33350513) addi a0, a0, 819
x10 <- 0x33333333


mem[X,0x80000B24] -> 0x7593
mem[X,0x80000B26] -> 0x02C5
[718] [M]: 0x80000B24 (0x02C57593) andi a1, a0, 44
x11 <- 0x00000020


mem[X,0x80000B28] -> 0x2023
mem[X,0x80000B2A] -> 0x28B1
[719] [M]: 0x80000B28 (0x28B12023) sw a1, 640(sp)
mem[0x800053E0] <- 0x00000020


mem[X,0x80000B2C] -> 0x3537
mem[X,0x80000B2E] -> 0x3333
[720] [M]: 0x80000B2C (0x33333537) lui a0, 209715
x10 <- 0x33333000


mem[X,0x80000B30] -> 0x0513
mem[X,0x80000B32] -> 0x3335
[721] [M]: 0x80000B30 (0x33350513) addi a0, a0, 819
x10 <- 0x33333333


mem[X,0x80000B34] -> 0x7593
mem[X,0x80000B36] -> 0x5565
[722] [M]: 0x80000B34 (0x55657593) andi a1, a0, 1366
x11 <- 0x00000112


mem[X,0x80000B38] -> 0x2223
mem[X,0x80000B3A] -> 0x28B1
[723] [M]: 0x80000B38 (0x28B12223) sw a1, 644(sp)
mem[0x800053E4] <- 0x00000112


mem[X,0x80000B3C] -> 0x3537
mem[X,0x80000B3E] -> 0x3333
[724] [M]: 0x80000B3C (0x33333537) lui a0, 209715
x10 <- 0x33333000


mem[X,0x80000B40] -> 0x0513
mem[X,0x80000B42] -> 0x3335
[725] [M]: 0x80000B40 (0x33350513) addi a0, a0, 819
x10 <- 0x33333333


mem[X,0x80000B44] -> 0x7593
mem[X,0x80000B46] -> 0xAAB5
[726] [M]: 0x80000B44 (0xAAB57593) andi a1, a0, 2731
x11 <- 0x33333223


mem[X,0x80000B48] -> 0x2423
mem[X,0x80000B4A] -> 0x28B1
[727] [M]: 0x80000B48 (0x28B12423) sw a1, 648(sp)
mem[0x800053E8] <- 0x33333223


mem[X,0x80000B4C] -> 0x3537
mem[X,0x80000B4E] -> 0x3333
[728] [M]: 0x80000B4C (0x33333537) lui a0, 209715
x10 <- 0x33333000


mem[X,0x80000B50] -> 0x0513
mem[X,0x80000B52] -> 0x3335
[729] [M]: 0x80000B50 (0x33350513) addi a0, a0, 819
x10 <- 0x33333333


mem[X,0x80000B54] -> 0x7593
mem[X,0x80000B56] -> 0x0065
[730] [M]: 0x80000B54 (0x00657593) andi a1, a0, 6
x11 <- 0x00000002


mem[X,0x80000B58] -> 0x2623
mem[X,0x80000B5A] -> 0x28B1
[731] [M]: 0x80000B58 (0x28B12623) sw a1, 652(sp)
mem[0x800053EC] <- 0x00000002


mem[X,0x80000B5C] -> 0x3537
mem[X,0x80000B5E] -> 0x3333
[732] [M]: 0x80000B5C (0x33333537) lui a0, 209715
x10 <- 0x33333000


mem[X,0x80000B60] -> 0x0513
mem[X,0x80000B62] -> 0x3335
[733] [M]: 0x80000B60 (0x33350513) addi a0, a0, 819
x10 <- 0x33333333


mem[X,0x80000B64] -> 0x7593
mem[X,0x80000B66] -> 0x3345
[734] [M]: 0x80000B64 (0x33457593) andi a1, a0, 820
x11 <- 0x00000330


mem[X,0x80000B68] -> 0x2823
mem[X,0x80000B6A] -> 0x28B1
[735] [M]: 0x80000B68 (0x28B12823) sw a1, 656(sp)
mem[0x800053F0] <- 0x00000330


mem[X,0x80000B6C] -> 0x3537
mem[X,0x80000B6E] -> 0x3333
[736] [M]: 0x80000B6C (0x33333537) lui a0, 209715
x10 <- 0x33333000


mem[X,0x80000B70] -> 0x0513
mem[X,0x80000B72] -> 0x3335
[737] [M]: 0x80000B70 (0x33350513) addi a0, a0, 819
x10 <- 0x33333333


mem[X,0x80000B74] -> 0x7593
mem[X,0x80000B76] -> 0x6675
[738] [M]: 0x80000B74 (0x66757593) andi a1, a0, 1639
x11 <- 0x00000223


mem[X,0x80000B78] -> 0x2A23
mem[X,0x80000B7A] -> 0x28B1
[739] [M]: 0x80000B78 (0x28B12A23) sw a1, 660(sp)
mem[0x800053F4] <- 0x00000223


mem[X,0x80000B7C] -> 0x3537
mem[X,0x80000B7E] -> 0x3333
[740] [M]: 0x80000B7C (0x33333537) lui a0, 209715
x10 <- 0x33333000


mem[X,0x80000B80] -> 0x0513
mem[X,0x80000B82] -> 0x3335
[741] [M]: 0x80000B80 (0x33350513) addi a0, a0, 819
x10 <- 0x33333333


mem[X,0x80000B84] -> 0x7593
mem[X,0x80000B86] -> 0xFD45
[742] [M]: 0x80000B84 (0xFD457593) andi a1, a0, 4052
x11 <- 0x33333310


mem[X,0x80000B88] -> 0x2C23
mem[X,0x80000B8A] -> 0x28B1
[743] [M]: 0x80000B88 (0x28B12C23) sw a1, 664(sp)
mem[0x800053F8] <- 0x33333310


mem[X,0x80000B8C] -> 0x3537
mem[X,0x80000B8E] -> 0x3333
[744] [M]: 0x80000B8C (0x33333537) lui a0, 209715
x10 <- 0x33333000


mem[X,0x80000B90] -> 0x0513
mem[X,0x80000B92] -> 0x3335
[745] [M]: 0x80000B90 (0x33350513) addi a0, a0, 819
x10 <- 0x33333333


mem[X,0x80000B94] -> 0x7593
mem[X,0x80000B96] -> 0x02E5
[746] [M]: 0x80000B94 (0x02E57593) andi a1, a0, 46
x11 <- 0x00000022


mem[X,0x80000B98] -> 0x2E23
mem[X,0x80000B9A] -> 0x28B1
[747] [M]: 0x80000B98 (0x28B12E23) sw a1, 668(sp)
mem[0x800053FC] <- 0x00000022


mem[X,0x80000B9C] -> 0x6537
mem[X,0x80000B9E] -> 0x6666
[748] [M]: 0x80000B9C (0x66666537) lui a0, 419430
x10 <- 0x66666000


mem[X,0x80000BA0] -> 0x0513
mem[X,0x80000BA2] -> 0x6665
[749] [M]: 0x80000BA0 (0x66650513) addi a0, a0, 1638
x10 <- 0x66666666


mem[X,0x80000BA4] -> 0x7593
mem[X,0x80000BA6] -> 0x0035
[750] [M]: 0x80000BA4 (0x00357593) andi a1, a0, 3
x11 <- 0x00000002


mem[X,0x80000BA8] -> 0x2023
mem[X,0x80000BAA] -> 0x2AB1
[751] [M]: 0x80000BA8 (0x2AB12023) sw a1, 672(sp)
mem[0x80005400] <- 0x00000002


mem[X,0x80000BAC] -> 0x6537
mem[X,0x80000BAE] -> 0x6666
[752] [M]: 0x80000BAC (0x66666537) lui a0, 419430
x10 <- 0x66666000


mem[X,0x80000BB0] -> 0x0513
mem[X,0x80000BB2] -> 0x6665
[753] [M]: 0x80000BB0 (0x66650513) addi a0, a0, 1638
x10 <- 0x66666666


mem[X,0x80000BB4] -> 0x7593
mem[X,0x80000BB6] -> 0x5555
[754] [M]: 0x80000BB4 (0x55557593) andi a1, a0, 1365
x11 <- 0x00000444


mem[X,0x80000BB8] -> 0x2223
mem[X,0x80000BBA] -> 0x2AB1
[755] [M]: 0x80000BB8 (0x2AB12223) sw a1, 676(sp)
mem[0x80005404] <- 0x00000444


mem[X,0x80000BBC] -> 0x6537
mem[X,0x80000BBE] -> 0x6666
[756] [M]: 0x80000BBC (0x66666537) lui a0, 419430
x10 <- 0x66666000


mem[X,0x80000BC0] -> 0x0513
mem[X,0x80000BC2] -> 0x6665
[757] [M]: 0x80000BC0 (0x66650513) addi a0, a0, 1638
x10 <- 0x66666666


mem[X,0x80000BC4] -> 0x7593
mem[X,0x80000BC6] -> 0xAAA5
[758] [M]: 0x80000BC4 (0xAAA57593) andi a1, a0, 2730
x11 <- 0x66666222


mem[X,0x80000BC8] -> 0x2423
mem[X,0x80000BCA] -> 0x2AB1
[759] [M]: 0x80000BC8 (0x2AB12423) sw a1, 680(sp)
mem[0x80005408] <- 0x66666222


mem[X,0x80000BCC] -> 0x6537
mem[X,0x80000BCE] -> 0x6666
[760] [M]: 0x80000BCC (0x66666537) lui a0, 419430
x10 <- 0x66666000


mem[X,0x80000BD0] -> 0x0513
mem[X,0x80000BD2] -> 0x6665
[761] [M]: 0x80000BD0 (0x66650513) addi a0, a0, 1638
x10 <- 0x66666666


mem[X,0x80000BD4] -> 0x7593
mem[X,0x80000BD6] -> 0x0055
[762] [M]: 0x80000BD4 (0x00557593) andi a1, a0, 5
x11 <- 0x00000004


mem[X,0x80000BD8] -> 0x2623
mem[X,0x80000BDA] -> 0x2AB1
[763] [M]: 0x80000BD8 (0x2AB12623) sw a1, 684(sp)
mem[0x8000540C] <- 0x00000004


mem[X,0x80000BDC] -> 0x6537
mem[X,0x80000BDE] -> 0x6666
[764] [M]: 0x80000BDC (0x66666537) lui a0, 419430
x10 <- 0x66666000


mem[X,0x80000BE0] -> 0x0513
mem[X,0x80000BE2] -> 0x6665
[765] [M]: 0x80000BE0 (0x66650513) addi a0, a0, 1638
x10 <- 0x66666666


mem[X,0x80000BE4] -> 0x7593
mem[X,0x80000BE6] -> 0x3335
[766] [M]: 0x80000BE4 (0x33357593) andi a1, a0, 819
x11 <- 0x00000222


mem[X,0x80000BE8] -> 0x2823
mem[X,0x80000BEA] -> 0x2AB1
[767] [M]: 0x80000BE8 (0x2AB12823) sw a1, 688(sp)
mem[0x80005410] <- 0x00000222


mem[X,0x80000BEC] -> 0x6537
mem[X,0x80000BEE] -> 0x6666
[768] [M]: 0x80000BEC (0x66666537) lui a0, 419430
x10 <- 0x66666000


mem[X,0x80000BF0] -> 0x0513
mem[X,0x80000BF2] -> 0x6665
[769] [M]: 0x80000BF0 (0x66650513) addi a0, a0, 1638
x10 <- 0x66666666


mem[X,0x80000BF4] -> 0x7593
mem[X,0x80000BF6] -> 0x6665
[770] [M]: 0x80000BF4 (0x66657593) andi a1, a0, 1638
x11 <- 0x00000666


mem[X,0x80000BF8] -> 0x2A23
mem[X,0x80000BFA] -> 0x2AB1
[771] [M]: 0x80000BF8 (0x2AB12A23) sw a1, 692(sp)
mem[0x80005414] <- 0x00000666


mem[X,0x80000BFC] -> 0x6537
mem[X,0x80000BFE] -> 0x6666
[772] [M]: 0x80000BFC (0x66666537) lui a0, 419430
x10 <- 0x66666000


mem[X,0x80000C00] -> 0x0513
mem[X,0x80000C02] -> 0x6665
[773] [M]: 0x80000C00 (0x66650513) addi a0, a0, 1638
x10 <- 0x66666666


mem[X,0x80000C04] -> 0x7593
mem[X,0x80000C06] -> 0xFD35
[774] [M]: 0x80000C04 (0xFD357593) andi a1, a0, 4051
x11 <- 0x66666642


mem[X,0x80000C08] -> 0x2C23
mem[X,0x80000C0A] -> 0x2AB1
[775] [M]: 0x80000C08 (0x2AB12C23) sw a1, 696(sp)
mem[0x80005418] <- 0x66666642


mem[X,0x80000C0C] -> 0x6537
mem[X,0x80000C0E] -> 0x6666
[776] [M]: 0x80000C0C (0x66666537) lui a0, 419430
x10 <- 0x66666000


mem[X,0x80000C10] -> 0x0513
mem[X,0x80000C12] -> 0x6665
[777] [M]: 0x80000C10 (0x66650513) addi a0, a0, 1638
x10 <- 0x66666666


mem[X,0x80000C14] -> 0x7593
mem[X,0x80000C16] -> 0x02D5
[778] [M]: 0x80000C14 (0x02D57593) andi a1, a0, 45
x11 <- 0x00000024


mem[X,0x80000C18] -> 0x2E23
mem[X,0x80000C1A] -> 0x2AB1
[779] [M]: 0x80000C18 (0x2AB12E23) sw a1, 700(sp)
mem[0x8000541C] <- 0x00000024


mem[X,0x80000C1C] -> 0x6537
mem[X,0x80000C1E] -> 0x6666
[780] [M]: 0x80000C1C (0x66666537) lui a0, 419430
x10 <- 0x66666000


mem[X,0x80000C20] -> 0x0513
mem[X,0x80000C22] -> 0x6665
[781] [M]: 0x80000C20 (0x66650513) addi a0, a0, 1638
x10 <- 0x66666666


mem[X,0x80000C24] -> 0x7593
mem[X,0x80000C26] -> 0x0025
[782] [M]: 0x80000C24 (0x00257593) andi a1, a0, 2
x11 <- 0x00000002


mem[X,0x80000C28] -> 0x2023
mem[X,0x80000C2A] -> 0x2CB1
[783] [M]: 0x80000C28 (0x2CB12023) sw a1, 704(sp)
mem[0x80005420] <- 0x00000002


mem[X,0x80000C2C] -> 0x6537
mem[X,0x80000C2E] -> 0x6666
[784] [M]: 0x80000C2C (0x66666537) lui a0, 419430
x10 <- 0x66666000


mem[X,0x80000C30] -> 0x0513
mem[X,0x80000C32] -> 0x6665
[785] [M]: 0x80000C30 (0x66650513) addi a0, a0, 1638
x10 <- 0x66666666


mem[X,0x80000C34] -> 0x7593
mem[X,0x80000C36] -> 0x5545
[786] [M]: 0x80000C34 (0x55457593) andi a1, a0, 1364
x11 <- 0x00000444


mem[X,0x80000C38] -> 0x2223
mem[X,0x80000C3A] -> 0x2CB1
[787] [M]: 0x80000C38 (0x2CB12223) sw a1, 708(sp)
mem[0x80005424] <- 0x00000444


mem[X,0x80000C3C] -> 0x6537
mem[X,0x80000C3E] -> 0x6666
[788] [M]: 0x80000C3C (0x66666537) lui a0, 419430
x10 <- 0x66666000


mem[X,0x80000C40] -> 0x0513
mem[X,0x80000C42] -> 0x6665
[789] [M]: 0x80000C40 (0x66650513) addi a0, a0, 1638
x10 <- 0x66666666


mem[X,0x80000C44] -> 0x7593
mem[X,0x80000C46] -> 0x0005
[790] [M]: 0x80000C44 (0x00057593) andi a1, a0, 0
x11 <- 0x00000000


mem[X,0x80000C48] -> 0x2423
mem[X,0x80000C4A] -> 0x2CB1
[791] [M]: 0x80000C48 (0x2CB12423) sw a1, 712(sp)
mem[0x80005428] <- 0x00000000


mem[X,0x80000C4C] -> 0x6537
mem[X,0x80000C4E] -> 0x6666
[792] [M]: 0x80000C4C (0x66666537) lui a0, 419430
x10 <- 0x66666000


mem[X,0x80000C50] -> 0x0513
mem[X,0x80000C52] -> 0x6665
[793] [M]: 0x80000C50 (0x66650513) addi a0, a0, 1638
x10 <- 0x66666666


mem[X,0x80000C54] -> 0x7593
mem[X,0x80000C56] -> 0x0045
[794] [M]: 0x80000C54 (0x00457593) andi a1, a0, 4
x11 <- 0x00000004


mem[X,0x80000C58] -> 0x2623
mem[X,0x80000C5A] -> 0x2CB1
[795] [M]: 0x80000C58 (0x2CB12623) sw a1, 716(sp)
mem[0x8000542C] <- 0x00000004


mem[X,0x80000C5C] -> 0x6537
mem[X,0x80000C5E] -> 0x6666
[796] [M]: 0x80000C5C (0x66666537) lui a0, 419430
x10 <- 0x66666000


mem[X,0x80000C60] -> 0x0513
mem[X,0x80000C62] -> 0x6665
[797] [M]: 0x80000C60 (0x66650513) addi a0, a0, 1638
x10 <- 0x66666666


mem[X,0x80000C64] -> 0x7593
mem[X,0x80000C66] -> 0x3325
[798] [M]: 0x80000C64 (0x33257593) andi a1, a0, 818
x11 <- 0x00000222


mem[X,0x80000C68] -> 0x2823
mem[X,0x80000C6A] -> 0x2CB1
[799] [M]: 0x80000C68 (0x2CB12823) sw a1, 720(sp)
mem[0x80005430] <- 0x00000222


clint::tick mtime <- 0x0000000000000008
 clint timer pending at mtime 0x0000000000000008
htif::tick 0x0000000000000000
mem[X,0x80000C6C] -> 0x6537
mem[X,0x80000C6E] -> 0x6666
[800] [M]: 0x80000C6C (0x66666537) lui a0, 419430
x10 <- 0x66666000


mem[X,0x80000C70] -> 0x0513
mem[X,0x80000C72] -> 0x6665
[801] [M]: 0x80000C70 (0x66650513) addi a0, a0, 1638
x10 <- 0x66666666


mem[X,0x80000C74] -> 0x7593
mem[X,0x80000C76] -> 0x6655
[802] [M]: 0x80000C74 (0x66557593) andi a1, a0, 1637
x11 <- 0x00000664


mem[X,0x80000C78] -> 0x2A23
mem[X,0x80000C7A] -> 0x2CB1
[803] [M]: 0x80000C78 (0x2CB12A23) sw a1, 724(sp)
mem[0x80005434] <- 0x00000664


mem[X,0x80000C7C] -> 0x6537
mem[X,0x80000C7E] -> 0x6666
[804] [M]: 0x80000C7C (0x66666537) lui a0, 419430
x10 <- 0x66666000


mem[X,0x80000C80] -> 0x0513
mem[X,0x80000C82] -> 0x6665
[805] [M]: 0x80000C80 (0x66650513) addi a0, a0, 1638
x10 <- 0x66666666


mem[X,0x80000C84] -> 0x7593
mem[X,0x80000C86] -> 0x02C5
[806] [M]: 0x80000C84 (0x02C57593) andi a1, a0, 44
x11 <- 0x00000024


mem[X,0x80000C88] -> 0x2C23
mem[X,0x80000C8A] -> 0x2CB1
[807] [M]: 0x80000C88 (0x2CB12C23) sw a1, 728(sp)
mem[0x80005438] <- 0x00000024


mem[X,0x80000C8C] -> 0x6537
mem[X,0x80000C8E] -> 0x6666
[808] [M]: 0x80000C8C (0x66666537) lui a0, 419430
x10 <- 0x66666000


mem[X,0x80000C90] -> 0x0513
mem[X,0x80000C92] -> 0x6665
[809] [M]: 0x80000C90 (0x66650513) addi a0, a0, 1638
x10 <- 0x66666666


mem[X,0x80000C94] -> 0x7593
mem[X,0x80000C96] -> 0x5565
[810] [M]: 0x80000C94 (0x55657593) andi a1, a0, 1366
x11 <- 0x00000446


mem[X,0x80000C98] -> 0x2E23
mem[X,0x80000C9A] -> 0x2CB1
[811] [M]: 0x80000C98 (0x2CB12E23) sw a1, 732(sp)
mem[0x8000543C] <- 0x00000446


mem[X,0x80000C9C] -> 0x6537
mem[X,0x80000C9E] -> 0x6666
[812] [M]: 0x80000C9C (0x66666537) lui a0, 419430
x10 <- 0x66666000


mem[X,0x80000CA0] -> 0x0513
mem[X,0x80000CA2] -> 0x6665
[813] [M]: 0x80000CA0 (0x66650513) addi a0, a0, 1638
x10 <- 0x66666666


mem[X,0x80000CA4] -> 0x7593
mem[X,0x80000CA6] -> 0xAAB5
[814] [M]: 0x80000CA4 (0xAAB57593) andi a1, a0, 2731
x11 <- 0x66666222


mem[X,0x80000CA8] -> 0x2023
mem[X,0x80000CAA] -> 0x2EB1
[815] [M]: 0x80000CA8 (0x2EB12023) sw a1, 736(sp)
mem[0x80005440] <- 0x66666222


mem[X,0x80000CAC] -> 0x6537
mem[X,0x80000CAE] -> 0x6666
[816] [M]: 0x80000CAC (0x66666537) lui a0, 419430
x10 <- 0x66666000


mem[X,0x80000CB0] -> 0x0513
mem[X,0x80000CB2] -> 0x6665
[817] [M]: 0x80000CB0 (0x66650513) addi a0, a0, 1638
x10 <- 0x66666666


mem[X,0x80000CB4] -> 0x7593
mem[X,0x80000CB6] -> 0x0065
[818] [M]: 0x80000CB4 (0x00657593) andi a1, a0, 6
x11 <- 0x00000006


mem[X,0x80000CB8] -> 0x2223
mem[X,0x80000CBA] -> 0x2EB1
[819] [M]: 0x80000CB8 (0x2EB12223) sw a1, 740(sp)
mem[0x80005444] <- 0x00000006


mem[X,0x80000CBC] -> 0x6537
mem[X,0x80000CBE] -> 0x6666
[820] [M]: 0x80000CBC (0x66666537) lui a0, 419430
x10 <- 0x66666000


mem[X,0x80000CC0] -> 0x0513
mem[X,0x80000CC2] -> 0x6665
[821] [M]: 0x80000CC0 (0x66650513) addi a0, a0, 1638
x10 <- 0x66666666


mem[X,0x80000CC4] -> 0x7593
mem[X,0x80000CC6] -> 0x3345
[822] [M]: 0x80000CC4 (0x33457593) andi a1, a0, 820
x11 <- 0x00000224


mem[X,0x80000CC8] -> 0x2423
mem[X,0x80000CCA] -> 0x2EB1
[823] [M]: 0x80000CC8 (0x2EB12423) sw a1, 744(sp)
mem[0x80005448] <- 0x00000224


mem[X,0x80000CCC] -> 0x6537
mem[X,0x80000CCE] -> 0x6666
[824] [M]: 0x80000CCC (0x66666537) lui a0, 419430
x10 <- 0x66666000


mem[X,0x80000CD0] -> 0x0513
mem[X,0x80000CD2] -> 0x6665
[825] [M]: 0x80000CD0 (0x66650513) addi a0, a0, 1638
x10 <- 0x66666666


mem[X,0x80000CD4] -> 0x7593
mem[X,0x80000CD6] -> 0x6675
[826] [M]: 0x80000CD4 (0x66757593) andi a1, a0, 1639
x11 <- 0x00000666


mem[X,0x80000CD8] -> 0x2623
mem[X,0x80000CDA] -> 0x2EB1
[827] [M]: 0x80000CD8 (0x2EB12623) sw a1, 748(sp)
mem[0x8000544C] <- 0x00000666


mem[X,0x80000CDC] -> 0x6537
mem[X,0x80000CDE] -> 0x6666
[828] [M]: 0x80000CDC (0x66666537) lui a0, 419430
x10 <- 0x66666000


mem[X,0x80000CE0] -> 0x0513
mem[X,0x80000CE2] -> 0x6665
[829] [M]: 0x80000CE0 (0x66650513) addi a0, a0, 1638
x10 <- 0x66666666


mem[X,0x80000CE4] -> 0x7593
mem[X,0x80000CE6] -> 0xFD45
[830] [M]: 0x80000CE4 (0xFD457593) andi a1, a0, 4052
x11 <- 0x66666644


mem[X,0x80000CE8] -> 0x2823
mem[X,0x80000CEA] -> 0x2EB1
[831] [M]: 0x80000CE8 (0x2EB12823) sw a1, 752(sp)
mem[0x80005450] <- 0x66666644


mem[X,0x80000CEC] -> 0x6537
mem[X,0x80000CEE] -> 0x6666
[832] [M]: 0x80000CEC (0x66666537) lui a0, 419430
x10 <- 0x66666000


mem[X,0x80000CF0] -> 0x0513
mem[X,0x80000CF2] -> 0x6665
[833] [M]: 0x80000CF0 (0x66650513) addi a0, a0, 1638
x10 <- 0x66666666


mem[X,0x80000CF4] -> 0x7593
mem[X,0x80000CF6] -> 0x02E5
[834] [M]: 0x80000CF4 (0x02E57593) andi a1, a0, 46
x11 <- 0x00000026


mem[X,0x80000CF8] -> 0x2A23
mem[X,0x80000CFA] -> 0x2EB1
[835] [M]: 0x80000CF8 (0x2EB12A23) sw a1, 756(sp)
mem[0x80005454] <- 0x00000026


mem[X,0x80000CFC] -> 0x5537
mem[X,0x80000CFE] -> 0xFFFF
[836] [M]: 0x80000CFC (0xFFFF5537) lui a0, 1048565
x10 <- 0xFFFF5000


mem[X,0x80000D00] -> 0x0513
mem[X,0x80000D02] -> 0xAFC5
[837] [M]: 0x80000D00 (0xAFC50513) addi a0, a0, 2812
x10 <- 0xFFFF4AFC


mem[X,0x80000D04] -> 0x7593
mem[X,0x80000D06] -> 0x0035
[838] [M]: 0x80000D04 (0x00357593) andi a1, a0, 3
x11 <- 0x00000000


mem[X,0x80000D08] -> 0x2C23
mem[X,0x80000D0A] -> 0x2EB1
[839] [M]: 0x80000D08 (0x2EB12C23) sw a1, 760(sp)
mem[0x80005458] <- 0x00000000


mem[X,0x80000D0C] -> 0x5537
mem[X,0x80000D0E] -> 0xFFFF
[840] [M]: 0x80000D0C (0xFFFF5537) lui a0, 1048565
x10 <- 0xFFFF5000


mem[X,0x80000D10] -> 0x0513
mem[X,0x80000D12] -> 0xAFC5
[841] [M]: 0x80000D10 (0xAFC50513) addi a0, a0, 2812
x10 <- 0xFFFF4AFC


mem[X,0x80000D14] -> 0x7593
mem[X,0x80000D16] -> 0x5555
[842] [M]: 0x80000D14 (0x55557593) andi a1, a0, 1365
x11 <- 0x00000054


mem[X,0x80000D18] -> 0x2E23
mem[X,0x80000D1A] -> 0x2EB1
[843] [M]: 0x80000D18 (0x2EB12E23) sw a1, 764(sp)
mem[0x8000545C] <- 0x00000054


mem[X,0x80000D1C] -> 0x5537
mem[X,0x80000D1E] -> 0xFFFF
[844] [M]: 0x80000D1C (0xFFFF5537) lui a0, 1048565
x10 <- 0xFFFF5000


mem[X,0x80000D20] -> 0x0513
mem[X,0x80000D22] -> 0xAFC5
[845] [M]: 0x80000D20 (0xAFC50513) addi a0, a0, 2812
x10 <- 0xFFFF4AFC


mem[X,0x80000D24] -> 0x7593
mem[X,0x80000D26] -> 0xAAA5
[846] [M]: 0x80000D24 (0xAAA57593) andi a1, a0, 2730
x11 <- 0xFFFF4AA8


mem[X,0x80000D28] -> 0x2023
mem[X,0x80000D2A] -> 0x30B1
[847] [M]: 0x80000D28 (0x30B12023) sw a1, 768(sp)
mem[0x80005460] <- 0xFFFF4AA8


mem[X,0x80000D2C] -> 0x5537
mem[X,0x80000D2E] -> 0xFFFF
[848] [M]: 0x80000D2C (0xFFFF5537) lui a0, 1048565
x10 <- 0xFFFF5000


mem[X,0x80000D30] -> 0x0513
mem[X,0x80000D32] -> 0xAFC5
[849] [M]: 0x80000D30 (0xAFC50513) addi a0, a0, 2812
x10 <- 0xFFFF4AFC


mem[X,0x80000D34] -> 0x7593
mem[X,0x80000D36] -> 0x0055
[850] [M]: 0x80000D34 (0x00557593) andi a1, a0, 5
x11 <- 0x00000004


mem[X,0x80000D38] -> 0x2223
mem[X,0x80000D3A] -> 0x30B1
[851] [M]: 0x80000D38 (0x30B12223) sw a1, 772(sp)
mem[0x80005464] <- 0x00000004


mem[X,0x80000D3C] -> 0x5537
mem[X,0x80000D3E] -> 0xFFFF
[852] [M]: 0x80000D3C (0xFFFF5537) lui a0, 1048565
x10 <- 0xFFFF5000


mem[X,0x80000D40] -> 0x0513
mem[X,0x80000D42] -> 0xAFC5
[853] [M]: 0x80000D40 (0xAFC50513) addi a0, a0, 2812
x10 <- 0xFFFF4AFC


mem[X,0x80000D44] -> 0x7593
mem[X,0x80000D46] -> 0x3335
[854] [M]: 0x80000D44 (0x33357593) andi a1, a0, 819
x11 <- 0x00000230


mem[X,0x80000D48] -> 0x2423
mem[X,0x80000D4A] -> 0x30B1
[855] [M]: 0x80000D48 (0x30B12423) sw a1, 776(sp)
mem[0x80005468] <- 0x00000230


mem[X,0x80000D4C] -> 0x5537
mem[X,0x80000D4E] -> 0xFFFF
[856] [M]: 0x80000D4C (0xFFFF5537) lui a0, 1048565
x10 <- 0xFFFF5000


mem[X,0x80000D50] -> 0x0513
mem[X,0x80000D52] -> 0xAFC5
[857] [M]: 0x80000D50 (0xAFC50513) addi a0, a0, 2812
x10 <- 0xFFFF4AFC


mem[X,0x80000D54] -> 0x7593
mem[X,0x80000D56] -> 0x6665
[858] [M]: 0x80000D54 (0x66657593) andi a1, a0, 1638
x11 <- 0x00000264


mem[X,0x80000D58] -> 0x2623
mem[X,0x80000D5A] -> 0x30B1
[859] [M]: 0x80000D58 (0x30B12623) sw a1, 780(sp)
mem[0x8000546C] <- 0x00000264


mem[X,0x80000D5C] -> 0x5537
mem[X,0x80000D5E] -> 0xFFFF
[860] [M]: 0x80000D5C (0xFFFF5537) lui a0, 1048565
x10 <- 0xFFFF5000


mem[X,0x80000D60] -> 0x0513
mem[X,0x80000D62] -> 0xAFC5
[861] [M]: 0x80000D60 (0xAFC50513) addi a0, a0, 2812
x10 <- 0xFFFF4AFC


mem[X,0x80000D64] -> 0x7593
mem[X,0x80000D66] -> 0xFD35
[862] [M]: 0x80000D64 (0xFD357593) andi a1, a0, 4051
x11 <- 0xFFFF4AD0


mem[X,0x80000D68] -> 0x2823
mem[X,0x80000D6A] -> 0x30B1
[863] [M]: 0x80000D68 (0x30B12823) sw a1, 784(sp)
mem[0x80005470] <- 0xFFFF4AD0


mem[X,0x80000D6C] -> 0x5537
mem[X,0x80000D6E] -> 0xFFFF
[864] [M]: 0x80000D6C (0xFFFF5537) lui a0, 1048565
x10 <- 0xFFFF5000


mem[X,0x80000D70] -> 0x0513
mem[X,0x80000D72] -> 0xAFC5
[865] [M]: 0x80000D70 (0xAFC50513) addi a0, a0, 2812
x10 <- 0xFFFF4AFC


mem[X,0x80000D74] -> 0x7593
mem[X,0x80000D76] -> 0x02D5
[866] [M]: 0x80000D74 (0x02D57593) andi a1, a0, 45
x11 <- 0x0000002C


mem[X,0x80000D78] -> 0x2A23
mem[X,0x80000D7A] -> 0x30B1
[867] [M]: 0x80000D78 (0x30B12A23) sw a1, 788(sp)
mem[0x80005474] <- 0x0000002C


mem[X,0x80000D7C] -> 0x5537
mem[X,0x80000D7E] -> 0xFFFF
[868] [M]: 0x80000D7C (0xFFFF5537) lui a0, 1048565
x10 <- 0xFFFF5000


mem[X,0x80000D80] -> 0x0513
mem[X,0x80000D82] -> 0xAFC5
[869] [M]: 0x80000D80 (0xAFC50513) addi a0, a0, 2812
x10 <- 0xFFFF4AFC


mem[X,0x80000D84] -> 0x7593
mem[X,0x80000D86] -> 0x0025
[870] [M]: 0x80000D84 (0x00257593) andi a1, a0, 2
x11 <- 0x00000000


mem[X,0x80000D88] -> 0x2C23
mem[X,0x80000D8A] -> 0x30B1
[871] [M]: 0x80000D88 (0x30B12C23) sw a1, 792(sp)
mem[0x80005478] <- 0x00000000


mem[X,0x80000D8C] -> 0x5537
mem[X,0x80000D8E] -> 0xFFFF
[872] [M]: 0x80000D8C (0xFFFF5537) lui a0, 1048565
x10 <- 0xFFFF5000


mem[X,0x80000D90] -> 0x0513
mem[X,0x80000D92] -> 0xAFC5
[873] [M]: 0x80000D90 (0xAFC50513) addi a0, a0, 2812
x10 <- 0xFFFF4AFC


mem[X,0x80000D94] -> 0x7593
mem[X,0x80000D96] -> 0x5545
[874] [M]: 0x80000D94 (0x55457593) andi a1, a0, 1364
x11 <- 0x00000054


mem[X,0x80000D98] -> 0x2E23
mem[X,0x80000D9A] -> 0x30B1
[875] [M]: 0x80000D98 (0x30B12E23) sw a1, 796(sp)
mem[0x8000547C] <- 0x00000054


mem[X,0x80000D9C] -> 0x5537
mem[X,0x80000D9E] -> 0xFFFF
[876] [M]: 0x80000D9C (0xFFFF5537) lui a0, 1048565
x10 <- 0xFFFF5000


mem[X,0x80000DA0] -> 0x0513
mem[X,0x80000DA2] -> 0xAFC5
[877] [M]: 0x80000DA0 (0xAFC50513) addi a0, a0, 2812
x10 <- 0xFFFF4AFC


mem[X,0x80000DA4] -> 0x7593
mem[X,0x80000DA6] -> 0x0005
[878] [M]: 0x80000DA4 (0x00057593) andi a1, a0, 0
x11 <- 0x00000000


mem[X,0x80000DA8] -> 0x2023
mem[X,0x80000DAA] -> 0x32B1
[879] [M]: 0x80000DA8 (0x32B12023) sw a1, 800(sp)
mem[0x80005480] <- 0x00000000


mem[X,0x80000DAC] -> 0x5537
mem[X,0x80000DAE] -> 0xFFFF
[880] [M]: 0x80000DAC (0xFFFF5537) lui a0, 1048565
x10 <- 0xFFFF5000


mem[X,0x80000DB0] -> 0x0513
mem[X,0x80000DB2] -> 0xAFC5
[881] [M]: 0x80000DB0 (0xAFC50513) addi a0, a0, 2812
x10 <- 0xFFFF4AFC


mem[X,0x80000DB4] -> 0x7593
mem[X,0x80000DB6] -> 0x0045
[882] [M]: 0x80000DB4 (0x00457593) andi a1, a0, 4
x11 <- 0x00000004


mem[X,0x80000DB8] -> 0x2223
mem[X,0x80000DBA] -> 0x32B1
[883] [M]: 0x80000DB8 (0x32B12223) sw a1, 804(sp)
mem[0x80005484] <- 0x00000004


mem[X,0x80000DBC] -> 0x5537
mem[X,0x80000DBE] -> 0xFFFF
[884] [M]: 0x80000DBC (0xFFFF5537) lui a0, 1048565
x10 <- 0xFFFF5000


mem[X,0x80000DC0] -> 0x0513
mem[X,0x80000DC2] -> 0xAFC5
[885] [M]: 0x80000DC0 (0xAFC50513) addi a0, a0, 2812
x10 <- 0xFFFF4AFC


mem[X,0x80000DC4] -> 0x7593
mem[X,0x80000DC6] -> 0x3325
[886] [M]: 0x80000DC4 (0x33257593) andi a1, a0, 818
x11 <- 0x00000230


mem[X,0x80000DC8] -> 0x2423
mem[X,0x80000DCA] -> 0x32B1
[887] [M]: 0x80000DC8 (0x32B12423) sw a1, 808(sp)
mem[0x80005488] <- 0x00000230


mem[X,0x80000DCC] -> 0x5537
mem[X,0x80000DCE] -> 0xFFFF
[888] [M]: 0x80000DCC (0xFFFF5537) lui a0, 1048565
x10 <- 0xFFFF5000


mem[X,0x80000DD0] -> 0x0513
mem[X,0x80000DD2] -> 0xAFC5
[889] [M]: 0x80000DD0 (0xAFC50513) addi a0, a0, 2812
x10 <- 0xFFFF4AFC


mem[X,0x80000DD4] -> 0x7593
mem[X,0x80000DD6] -> 0x6655
[890] [M]: 0x80000DD4 (0x66557593) andi a1, a0, 1637
x11 <- 0x00000264


mem[X,0x80000DD8] -> 0x2623
mem[X,0x80000DDA] -> 0x32B1
[891] [M]: 0x80000DD8 (0x32B12623) sw a1, 812(sp)
mem[0x8000548C] <- 0x00000264


mem[X,0x80000DDC] -> 0x5537
mem[X,0x80000DDE] -> 0xFFFF
[892] [M]: 0x80000DDC (0xFFFF5537) lui a0, 1048565
x10 <- 0xFFFF5000


mem[X,0x80000DE0] -> 0x0513
mem[X,0x80000DE2] -> 0xAFC5
[893] [M]: 0x80000DE0 (0xAFC50513) addi a0, a0, 2812
x10 <- 0xFFFF4AFC


mem[X,0x80000DE4] -> 0x7593
mem[X,0x80000DE6] -> 0x02C5
[894] [M]: 0x80000DE4 (0x02C57593) andi a1, a0, 44
x11 <- 0x0000002C


mem[X,0x80000DE8] -> 0x2823
mem[X,0x80000DEA] -> 0x32B1
[895] [M]: 0x80000DE8 (0x32B12823) sw a1, 816(sp)
mem[0x80005490] <- 0x0000002C


mem[X,0x80000DEC] -> 0x5537
mem[X,0x80000DEE] -> 0xFFFF
[896] [M]: 0x80000DEC (0xFFFF5537) lui a0, 1048565
x10 <- 0xFFFF5000


mem[X,0x80000DF0] -> 0x0513
mem[X,0x80000DF2] -> 0xAFC5
[897] [M]: 0x80000DF0 (0xAFC50513) addi a0, a0, 2812
x10 <- 0xFFFF4AFC


mem[X,0x80000DF4] -> 0x7593
mem[X,0x80000DF6] -> 0x5565
[898] [M]: 0x80000DF4 (0x55657593) andi a1, a0, 1366
x11 <- 0x00000054


mem[X,0x80000DF8] -> 0x2A23
mem[X,0x80000DFA] -> 0x32B1
[899] [M]: 0x80000DF8 (0x32B12A23) sw a1, 820(sp)
mem[0x80005494] <- 0x00000054


clint::tick mtime <- 0x0000000000000009
 clint timer pending at mtime 0x0000000000000009
htif::tick 0x0000000000000000
mem[X,0x80000DFC] -> 0x5537
mem[X,0x80000DFE] -> 0xFFFF
[900] [M]: 0x80000DFC (0xFFFF5537) lui a0, 1048565
x10 <- 0xFFFF5000


mem[X,0x80000E00] -> 0x0513
mem[X,0x80000E02] -> 0xAFC5
[901] [M]: 0x80000E00 (0xAFC50513) addi a0, a0, 2812
x10 <- 0xFFFF4AFC


mem[X,0x80000E04] -> 0x7593
mem[X,0x80000E06] -> 0xAAB5
[902] [M]: 0x80000E04 (0xAAB57593) andi a1, a0, 2731
x11 <- 0xFFFF4AA8


mem[X,0x80000E08] -> 0x2C23
mem[X,0x80000E0A] -> 0x32B1
[903] [M]: 0x80000E08 (0x32B12C23) sw a1, 824(sp)
mem[0x80005498] <- 0xFFFF4AA8


mem[X,0x80000E0C] -> 0x5537
mem[X,0x80000E0E] -> 0xFFFF
[904] [M]: 0x80000E0C (0xFFFF5537) lui a0, 1048565
x10 <- 0xFFFF5000


mem[X,0x80000E10] -> 0x0513
mem[X,0x80000E12] -> 0xAFC5
[905] [M]: 0x80000E10 (0xAFC50513) addi a0, a0, 2812
x10 <- 0xFFFF4AFC


mem[X,0x80000E14] -> 0x7593
mem[X,0x80000E16] -> 0x0065
[906] [M]: 0x80000E14 (0x00657593) andi a1, a0, 6
x11 <- 0x00000004


mem[X,0x80000E18] -> 0x2E23
mem[X,0x80000E1A] -> 0x32B1
[907] [M]: 0x80000E18 (0x32B12E23) sw a1, 828(sp)
mem[0x8000549C] <- 0x00000004


mem[X,0x80000E1C] -> 0x5537
mem[X,0x80000E1E] -> 0xFFFF
[908] [M]: 0x80000E1C (0xFFFF5537) lui a0, 1048565
x10 <- 0xFFFF5000


mem[X,0x80000E20] -> 0x0513
mem[X,0x80000E22] -> 0xAFC5
[909] [M]: 0x80000E20 (0xAFC50513) addi a0, a0, 2812
x10 <- 0xFFFF4AFC


mem[X,0x80000E24] -> 0x7593
mem[X,0x80000E26] -> 0x3345
[910] [M]: 0x80000E24 (0x33457593) andi a1, a0, 820
x11 <- 0x00000234


mem[X,0x80000E28] -> 0x2023
mem[X,0x80000E2A] -> 0x34B1
[911] [M]: 0x80000E28 (0x34B12023) sw a1, 832(sp)
mem[0x800054A0] <- 0x00000234


mem[X,0x80000E2C] -> 0x5537
mem[X,0x80000E2E] -> 0xFFFF
[912] [M]: 0x80000E2C (0xFFFF5537) lui a0, 1048565
x10 <- 0xFFFF5000


mem[X,0x80000E30] -> 0x0513
mem[X,0x80000E32] -> 0xAFC5
[913] [M]: 0x80000E30 (0xAFC50513) addi a0, a0, 2812
x10 <- 0xFFFF4AFC


mem[X,0x80000E34] -> 0x7593
mem[X,0x80000E36] -> 0x6675
[914] [M]: 0x80000E34 (0x66757593) andi a1, a0, 1639
x11 <- 0x00000264


mem[X,0x80000E38] -> 0x2223
mem[X,0x80000E3A] -> 0x34B1
[915] [M]: 0x80000E38 (0x34B12223) sw a1, 836(sp)
mem[0x800054A4] <- 0x00000264


mem[X,0x80000E3C] -> 0x5537
mem[X,0x80000E3E] -> 0xFFFF
[916] [M]: 0x80000E3C (0xFFFF5537) lui a0, 1048565
x10 <- 0xFFFF5000


mem[X,0x80000E40] -> 0x0513
mem[X,0x80000E42] -> 0xAFC5
[917] [M]: 0x80000E40 (0xAFC50513) addi a0, a0, 2812
x10 <- 0xFFFF4AFC


mem[X,0x80000E44] -> 0x7593
mem[X,0x80000E46] -> 0xFD45
[918] [M]: 0x80000E44 (0xFD457593) andi a1, a0, 4052
x11 <- 0xFFFF4AD4


mem[X,0x80000E48] -> 0x2423
mem[X,0x80000E4A] -> 0x34B1
[919] [M]: 0x80000E48 (0x34B12423) sw a1, 840(sp)
mem[0x800054A8] <- 0xFFFF4AD4


mem[X,0x80000E4C] -> 0x5537
mem[X,0x80000E4E] -> 0xFFFF
[920] [M]: 0x80000E4C (0xFFFF5537) lui a0, 1048565
x10 <- 0xFFFF5000


mem[X,0x80000E50] -> 0x0513
mem[X,0x80000E52] -> 0xAFC5
[921] [M]: 0x80000E50 (0xAFC50513) addi a0, a0, 2812
x10 <- 0xFFFF4AFC


mem[X,0x80000E54] -> 0x7593
mem[X,0x80000E56] -> 0x02E5
[922] [M]: 0x80000E54 (0x02E57593) andi a1, a0, 46
x11 <- 0x0000002C


mem[X,0x80000E58] -> 0x2623
mem[X,0x80000E5A] -> 0x34B1
[923] [M]: 0x80000E58 (0x34B12623) sw a1, 844(sp)
mem[0x800054AC] <- 0x0000002C


mem[X,0x80000E5C] -> 0xB537
mem[X,0x80000E5E] -> 0x0000
[924] [M]: 0x80000E5C (0x0000B537) lui a0, 11
x10 <- 0x0000B000


mem[X,0x80000E60] -> 0x0513
mem[X,0x80000E62] -> 0x5045
[925] [M]: 0x80000E60 (0x50450513) addi a0, a0, 1284
x10 <- 0x0000B504


mem[X,0x80000E64] -> 0x7593
mem[X,0x80000E66] -> 0x0035
[926] [M]: 0x80000E64 (0x00357593) andi a1, a0, 3
x11 <- 0x00000000


mem[X,0x80000E68] -> 0x2823
mem[X,0x80000E6A] -> 0x34B1
[927] [M]: 0x80000E68 (0x34B12823) sw a1, 848(sp)
mem[0x800054B0] <- 0x00000000


mem[X,0x80000E6C] -> 0xB537
mem[X,0x80000E6E] -> 0x0000
[928] [M]: 0x80000E6C (0x0000B537) lui a0, 11
x10 <- 0x0000B000


mem[X,0x80000E70] -> 0x0513
mem[X,0x80000E72] -> 0x5045
[929] [M]: 0x80000E70 (0x50450513) addi a0, a0, 1284
x10 <- 0x0000B504


mem[X,0x80000E74] -> 0x7593
mem[X,0x80000E76] -> 0x5555
[930] [M]: 0x80000E74 (0x55557593) andi a1, a0, 1365
x11 <- 0x00000504


mem[X,0x80000E78] -> 0x2A23
mem[X,0x80000E7A] -> 0x34B1
[931] [M]: 0x80000E78 (0x34B12A23) sw a1, 852(sp)
mem[0x800054B4] <- 0x00000504


mem[X,0x80000E7C] -> 0xB537
mem[X,0x80000E7E] -> 0x0000
[932] [M]: 0x80000E7C (0x0000B537) lui a0, 11
x10 <- 0x0000B000


mem[X,0x80000E80] -> 0x0513
mem[X,0x80000E82] -> 0x5045
[933] [M]: 0x80000E80 (0x50450513) addi a0, a0, 1284
x10 <- 0x0000B504


mem[X,0x80000E84] -> 0x7593
mem[X,0x80000E86] -> 0xAAA5
[934] [M]: 0x80000E84 (0xAAA57593) andi a1, a0, 2730
x11 <- 0x0000B000


mem[X,0x80000E88] -> 0x2C23
mem[X,0x80000E8A] -> 0x34B1
[935] [M]: 0x80000E88 (0x34B12C23) sw a1, 856(sp)
mem[0x800054B8] <- 0x0000B000


mem[X,0x80000E8C] -> 0xB537
mem[X,0x80000E8E] -> 0x0000
[936] [M]: 0x80000E8C (0x0000B537) lui a0, 11
x10 <- 0x0000B000


mem[X,0x80000E90] -> 0x0513
mem[X,0x80000E92] -> 0x5045
[937] [M]: 0x80000E90 (0x50450513) addi a0, a0, 1284
x10 <- 0x0000B504


mem[X,0x80000E94] -> 0x7593
mem[X,0x80000E96] -> 0x0055
[938] [M]: 0x80000E94 (0x00557593) andi a1, a0, 5
x11 <- 0x00000004


mem[X,0x80000E98] -> 0x2E23
mem[X,0x80000E9A] -> 0x34B1
[939] [M]: 0x80000E98 (0x34B12E23) sw a1, 860(sp)
mem[0x800054BC] <- 0x00000004


mem[X,0x80000E9C] -> 0xB537
mem[X,0x80000E9E] -> 0x0000
[940] [M]: 0x80000E9C (0x0000B537) lui a0, 11
x10 <- 0x0000B000


mem[X,0x80000EA0] -> 0x0513
mem[X,0x80000EA2] -> 0x5045
[941] [M]: 0x80000EA0 (0x50450513) addi a0, a0, 1284
x10 <- 0x0000B504


mem[X,0x80000EA4] -> 0x7593
mem[X,0x80000EA6] -> 0x3335
[942] [M]: 0x80000EA4 (0x33357593) andi a1, a0, 819
x11 <- 0x00000100


mem[X,0x80000EA8] -> 0x2023
mem[X,0x80000EAA] -> 0x36B1
[943] [M]: 0x80000EA8 (0x36B12023) sw a1, 864(sp)
mem[0x800054C0] <- 0x00000100


mem[X,0x80000EAC] -> 0xB537
mem[X,0x80000EAE] -> 0x0000
[944] [M]: 0x80000EAC (0x0000B537) lui a0, 11
x10 <- 0x0000B000


mem[X,0x80000EB0] -> 0x0513
mem[X,0x80000EB2] -> 0x5045
[945] [M]: 0x80000EB0 (0x50450513) addi a0, a0, 1284
x10 <- 0x0000B504


mem[X,0x80000EB4] -> 0x7593
mem[X,0x80000EB6] -> 0x6665
[946] [M]: 0x80000EB4 (0x66657593) andi a1, a0, 1638
x11 <- 0x00000404


mem[X,0x80000EB8] -> 0x2223
mem[X,0x80000EBA] -> 0x36B1
[947] [M]: 0x80000EB8 (0x36B12223) sw a1, 868(sp)
mem[0x800054C4] <- 0x00000404


mem[X,0x80000EBC] -> 0xB537
mem[X,0x80000EBE] -> 0x0000
[948] [M]: 0x80000EBC (0x0000B537) lui a0, 11
x10 <- 0x0000B000


mem[X,0x80000EC0] -> 0x0513
mem[X,0x80000EC2] -> 0x5045
[949] [M]: 0x80000EC0 (0x50450513) addi a0, a0, 1284
x10 <- 0x0000B504


mem[X,0x80000EC4] -> 0x7593
mem[X,0x80000EC6] -> 0xFD35
[950] [M]: 0x80000EC4 (0xFD357593) andi a1, a0, 4051
x11 <- 0x0000B500


mem[X,0x80000EC8] -> 0x2423
mem[X,0x80000ECA] -> 0x36B1
[951] [M]: 0x80000EC8 (0x36B12423) sw a1, 872(sp)
mem[0x800054C8] <- 0x0000B500


mem[X,0x80000ECC] -> 0xB537
mem[X,0x80000ECE] -> 0x0000
[952] [M]: 0x80000ECC (0x0000B537) lui a0, 11
x10 <- 0x0000B000


mem[X,0x80000ED0] -> 0x0513
mem[X,0x80000ED2] -> 0x5045
[953] [M]: 0x80000ED0 (0x50450513) addi a0, a0, 1284
x10 <- 0x0000B504


mem[X,0x80000ED4] -> 0x7593
mem[X,0x80000ED6] -> 0x02D5
[954] [M]: 0x80000ED4 (0x02D57593) andi a1, a0, 45
x11 <- 0x00000004


mem[X,0x80000ED8] -> 0x2623
mem[X,0x80000EDA] -> 0x36B1
[955] [M]: 0x80000ED8 (0x36B12623) sw a1, 876(sp)
mem[0x800054CC] <- 0x00000004


mem[X,0x80000EDC] -> 0xB537
mem[X,0x80000EDE] -> 0x0000
[956] [M]: 0x80000EDC (0x0000B537) lui a0, 11
x10 <- 0x0000B000


mem[X,0x80000EE0] -> 0x0513
mem[X,0x80000EE2] -> 0x5045
[957] [M]: 0x80000EE0 (0x50450513) addi a0, a0, 1284
x10 <- 0x0000B504


mem[X,0x80000EE4] -> 0x7593
mem[X,0x80000EE6] -> 0x0025
[958] [M]: 0x80000EE4 (0x00257593) andi a1, a0, 2
x11 <- 0x00000000


mem[X,0x80000EE8] -> 0x2823
mem[X,0x80000EEA] -> 0x36B1
[959] [M]: 0x80000EE8 (0x36B12823) sw a1, 880(sp)
mem[0x800054D0] <- 0x00000000


mem[X,0x80000EEC] -> 0xB537
mem[X,0x80000EEE] -> 0x0000
[960] [M]: 0x80000EEC (0x0000B537) lui a0, 11
x10 <- 0x0000B000


mem[X,0x80000EF0] -> 0x0513
mem[X,0x80000EF2] -> 0x5045
[961] [M]: 0x80000EF0 (0x50450513) addi a0, a0, 1284
x10 <- 0x0000B504


mem[X,0x80000EF4] -> 0x7593
mem[X,0x80000EF6] -> 0x5545
[962] [M]: 0x80000EF4 (0x55457593) andi a1, a0, 1364
x11 <- 0x00000504


mem[X,0x80000EF8] -> 0x2A23
mem[X,0x80000EFA] -> 0x36B1
[963] [M]: 0x80000EF8 (0x36B12A23) sw a1, 884(sp)
mem[0x800054D4] <- 0x00000504


mem[X,0x80000EFC] -> 0xB537
mem[X,0x80000EFE] -> 0x0000
[964] [M]: 0x80000EFC (0x0000B537) lui a0, 11
x10 <- 0x0000B000


mem[X,0x80000F00] -> 0x0513
mem[X,0x80000F02] -> 0x5045
[965] [M]: 0x80000F00 (0x50450513) addi a0, a0, 1284
x10 <- 0x0000B504


mem[X,0x80000F04] -> 0x7593
mem[X,0x80000F06] -> 0x0005
[966] [M]: 0x80000F04 (0x00057593) andi a1, a0, 0
x11 <- 0x00000000


mem[X,0x80000F08] -> 0x2C23
mem[X,0x80000F0A] -> 0x36B1
[967] [M]: 0x80000F08 (0x36B12C23) sw a1, 888(sp)
mem[0x800054D8] <- 0x00000000


mem[X,0x80000F0C] -> 0xB537
mem[X,0x80000F0E] -> 0x0000
[968] [M]: 0x80000F0C (0x0000B537) lui a0, 11
x10 <- 0x0000B000


mem[X,0x80000F10] -> 0x0513
mem[X,0x80000F12] -> 0x5045
[969] [M]: 0x80000F10 (0x50450513) addi a0, a0, 1284
x10 <- 0x0000B504


mem[X,0x80000F14] -> 0x7593
mem[X,0x80000F16] -> 0x0045
[970] [M]: 0x80000F14 (0x00457593) andi a1, a0, 4
x11 <- 0x00000004


mem[X,0x80000F18] -> 0x2E23
mem[X,0x80000F1A] -> 0x36B1
[971] [M]: 0x80000F18 (0x36B12E23) sw a1, 892(sp)
mem[0x800054DC] <- 0x00000004


mem[X,0x80000F1C] -> 0xB537
mem[X,0x80000F1E] -> 0x0000
[972] [M]: 0x80000F1C (0x0000B537) lui a0, 11
x10 <- 0x0000B000


mem[X,0x80000F20] -> 0x0513
mem[X,0x80000F22] -> 0x5045
[973] [M]: 0x80000F20 (0x50450513) addi a0, a0, 1284
x10 <- 0x0000B504


mem[X,0x80000F24] -> 0x7593
mem[X,0x80000F26] -> 0x3325
[974] [M]: 0x80000F24 (0x33257593) andi a1, a0, 818
x11 <- 0x00000100


mem[X,0x80000F28] -> 0x2023
mem[X,0x80000F2A] -> 0x38B1
[975] [M]: 0x80000F28 (0x38B12023) sw a1, 896(sp)
mem[0x800054E0] <- 0x00000100


mem[X,0x80000F2C] -> 0xB537
mem[X,0x80000F2E] -> 0x0000
[976] [M]: 0x80000F2C (0x0000B537) lui a0, 11
x10 <- 0x0000B000


mem[X,0x80000F30] -> 0x0513
mem[X,0x80000F32] -> 0x5045
[977] [M]: 0x80000F30 (0x50450513) addi a0, a0, 1284
x10 <- 0x0000B504


mem[X,0x80000F34] -> 0x7593
mem[X,0x80000F36] -> 0x6655
[978] [M]: 0x80000F34 (0x66557593) andi a1, a0, 1637
x11 <- 0x00000404


mem[X,0x80000F38] -> 0x2223
mem[X,0x80000F3A] -> 0x38B1
[979] [M]: 0x80000F38 (0x38B12223) sw a1, 900(sp)
mem[0x800054E4] <- 0x00000404


mem[X,0x80000F3C] -> 0xB537
mem[X,0x80000F3E] -> 0x0000
[980] [M]: 0x80000F3C (0x0000B537) lui a0, 11
x10 <- 0x0000B000


mem[X,0x80000F40] -> 0x0513
mem[X,0x80000F42] -> 0x5045
[981] [M]: 0x80000F40 (0x50450513) addi a0, a0, 1284
x10 <- 0x0000B504


mem[X,0x80000F44] -> 0x7593
mem[X,0x80000F46] -> 0x02C5
[982] [M]: 0x80000F44 (0x02C57593) andi a1, a0, 44
x11 <- 0x00000004


mem[X,0x80000F48] -> 0x2423
mem[X,0x80000F4A] -> 0x38B1
[983] [M]: 0x80000F48 (0x38B12423) sw a1, 904(sp)
mem[0x800054E8] <- 0x00000004


mem[X,0x80000F4C] -> 0xB537
mem[X,0x80000F4E] -> 0x0000
[984] [M]: 0x80000F4C (0x0000B537) lui a0, 11
x10 <- 0x0000B000


mem[X,0x80000F50] -> 0x0513
mem[X,0x80000F52] -> 0x5045
[985] [M]: 0x80000F50 (0x50450513) addi a0, a0, 1284
x10 <- 0x0000B504


mem[X,0x80000F54] -> 0x7593
mem[X,0x80000F56] -> 0x5565
[986] [M]: 0x80000F54 (0x55657593) andi a1, a0, 1366
x11 <- 0x00000504


mem[X,0x80000F58] -> 0x2623
mem[X,0x80000F5A] -> 0x38B1
[987] [M]: 0x80000F58 (0x38B12623) sw a1, 908(sp)
mem[0x800054EC] <- 0x00000504


mem[X,0x80000F5C] -> 0xB537
mem[X,0x80000F5E] -> 0x0000
[988] [M]: 0x80000F5C (0x0000B537) lui a0, 11
x10 <- 0x0000B000


mem[X,0x80000F60] -> 0x0513
mem[X,0x80000F62] -> 0x5045
[989] [M]: 0x80000F60 (0x50450513) addi a0, a0, 1284
x10 <- 0x0000B504


mem[X,0x80000F64] -> 0x7593
mem[X,0x80000F66] -> 0xAAB5
[990] [M]: 0x80000F64 (0xAAB57593) andi a1, a0, 2731
x11 <- 0x0000B000


mem[X,0x80000F68] -> 0x2823
mem[X,0x80000F6A] -> 0x38B1
[991] [M]: 0x80000F68 (0x38B12823) sw a1, 912(sp)
mem[0x800054F0] <- 0x0000B000


mem[X,0x80000F6C] -> 0xB537
mem[X,0x80000F6E] -> 0x0000
[992] [M]: 0x80000F6C (0x0000B537) lui a0, 11
x10 <- 0x0000B000


mem[X,0x80000F70] -> 0x0513
mem[X,0x80000F72] -> 0x5045
[993] [M]: 0x80000F70 (0x50450513) addi a0, a0, 1284
x10 <- 0x0000B504


mem[X,0x80000F74] -> 0x7593
mem[X,0x80000F76] -> 0x0065
[994] [M]: 0x80000F74 (0x00657593) andi a1, a0, 6
x11 <- 0x00000004


mem[X,0x80000F78] -> 0x2A23
mem[X,0x80000F7A] -> 0x38B1
[995] [M]: 0x80000F78 (0x38B12A23) sw a1, 916(sp)
mem[0x800054F4] <- 0x00000004


mem[X,0x80000F7C] -> 0xB537
mem[X,0x80000F7E] -> 0x0000
[996] [M]: 0x80000F7C (0x0000B537) lui a0, 11
x10 <- 0x0000B000


mem[X,0x80000F80] -> 0x0513
mem[X,0x80000F82] -> 0x5045
[997] [M]: 0x80000F80 (0x50450513) addi a0, a0, 1284
x10 <- 0x0000B504


mem[X,0x80000F84] -> 0x7593
mem[X,0x80000F86] -> 0x3345
[998] [M]: 0x80000F84 (0x33457593) andi a1, a0, 820
x11 <- 0x00000104


mem[X,0x80000F88] -> 0x2C23
mem[X,0x80000F8A] -> 0x38B1
[999] [M]: 0x80000F88 (0x38B12C23) sw a1, 920(sp)
mem[0x800054F8] <- 0x00000104


clint::tick mtime <- 0x000000000000000A
 clint timer pending at mtime 0x000000000000000A
htif::tick 0x0000000000000000
mem[X,0x80000F8C] -> 0xB537
mem[X,0x80000F8E] -> 0x0000
[1000] [M]: 0x80000F8C (0x0000B537) lui a0, 11
x10 <- 0x0000B000


mem[X,0x80000F90] -> 0x0513
mem[X,0x80000F92] -> 0x5045
[1001] [M]: 0x80000F90 (0x50450513) addi a0, a0, 1284
x10 <- 0x0000B504


mem[X,0x80000F94] -> 0x7593
mem[X,0x80000F96] -> 0x6675
[1002] [M]: 0x80000F94 (0x66757593) andi a1, a0, 1639
x11 <- 0x00000404


mem[X,0x80000F98] -> 0x2E23
mem[X,0x80000F9A] -> 0x38B1
[1003] [M]: 0x80000F98 (0x38B12E23) sw a1, 924(sp)
mem[0x800054FC] <- 0x00000404


mem[X,0x80000F9C] -> 0xB537
mem[X,0x80000F9E] -> 0x0000
[1004] [M]: 0x80000F9C (0x0000B537) lui a0, 11
x10 <- 0x0000B000


mem[X,0x80000FA0] -> 0x0513
mem[X,0x80000FA2] -> 0x5045
[1005] [M]: 0x80000FA0 (0x50450513) addi a0, a0, 1284
x10 <- 0x0000B504


mem[X,0x80000FA4] -> 0x7593
mem[X,0x80000FA6] -> 0xFD45
[1006] [M]: 0x80000FA4 (0xFD457593) andi a1, a0, 4052
x11 <- 0x0000B504


mem[X,0x80000FA8] -> 0x2023
mem[X,0x80000FAA] -> 0x3AB1
[1007] [M]: 0x80000FA8 (0x3AB12023) sw a1, 928(sp)
mem[0x80005500] <- 0x0000B504


mem[X,0x80000FAC] -> 0xB537
mem[X,0x80000FAE] -> 0x0000
[1008] [M]: 0x80000FAC (0x0000B537) lui a0, 11
x10 <- 0x0000B000


mem[X,0x80000FB0] -> 0x0513
mem[X,0x80000FB2] -> 0x5045
[1009] [M]: 0x80000FB0 (0x50450513) addi a0, a0, 1284
x10 <- 0x0000B504


mem[X,0x80000FB4] -> 0x7593
mem[X,0x80000FB6] -> 0x02E5
[1010] [M]: 0x80000FB4 (0x02E57593) andi a1, a0, 46
x11 <- 0x00000004


mem[X,0x80000FB8] -> 0x2223
mem[X,0x80000FBA] -> 0x3AB1
[1011] [M]: 0x80000FB8 (0x3AB12223) sw a1, 932(sp)
mem[0x80005504] <- 0x00000004


mem[X,0x80000FBC] -> 0x0513
mem[X,0x80000FBE] -> 0x0020
[1012] [M]: 0x80000FBC (0x00200513) addi a0, zero, 2
x10 <- 0x00000002


mem[X,0x80000FC0] -> 0x7593
mem[X,0x80000FC2] -> 0x0035
[1013] [M]: 0x80000FC0 (0x00357593) andi a1, a0, 3
x11 <- 0x00000002


mem[X,0x80000FC4] -> 0x2423
mem[X,0x80000FC6] -> 0x3AB1
[1014] [M]: 0x80000FC4 (0x3AB12423) sw a1, 936(sp)
mem[0x80005508] <- 0x00000002


mem[X,0x80000FC8] -> 0x0513
mem[X,0x80000FCA] -> 0x0020
[1015] [M]: 0x80000FC8 (0x00200513) addi a0, zero, 2
x10 <- 0x00000002


mem[X,0x80000FCC] -> 0x7593
mem[X,0x80000FCE] -> 0x5555
[1016] [M]: 0x80000FCC (0x55557593) andi a1, a0, 1365
x11 <- 0x00000000


mem[X,0x80000FD0] -> 0x2623
mem[X,0x80000FD2] -> 0x3AB1
[1017] [M]: 0x80000FD0 (0x3AB12623) sw a1, 940(sp)
mem[0x8000550C] <- 0x00000000


mem[X,0x80000FD4] -> 0x0513
mem[X,0x80000FD6] -> 0x0020
[1018] [M]: 0x80000FD4 (0x00200513) addi a0, zero, 2
x10 <- 0x00000002


mem[X,0x80000FD8] -> 0x7593
mem[X,0x80000FDA] -> 0xAAA5
[1019] [M]: 0x80000FD8 (0xAAA57593) andi a1, a0, 2730
x11 <- 0x00000002


mem[X,0x80000FDC] -> 0x2823
mem[X,0x80000FDE] -> 0x3AB1
[1020] [M]: 0x80000FDC (0x3AB12823) sw a1, 944(sp)
mem[0x80005510] <- 0x00000002


mem[X,0x80000FE0] -> 0x0513
mem[X,0x80000FE2] -> 0x0020
[1021] [M]: 0x80000FE0 (0x00200513) addi a0, zero, 2
x10 <- 0x00000002


mem[X,0x80000FE4] -> 0x7593
mem[X,0x80000FE6] -> 0x0055
[1022] [M]: 0x80000FE4 (0x00557593) andi a1, a0, 5
x11 <- 0x00000000


mem[X,0x80000FE8] -> 0x2A23
mem[X,0x80000FEA] -> 0x3AB1
[1023] [M]: 0x80000FE8 (0x3AB12A23) sw a1, 948(sp)
mem[0x80005514] <- 0x00000000


mem[X,0x80000FEC] -> 0x0513
mem[X,0x80000FEE] -> 0x0020
[1024] [M]: 0x80000FEC (0x00200513) addi a0, zero, 2
x10 <- 0x00000002


mem[X,0x80000FF0] -> 0x7593
mem[X,0x80000FF2] -> 0x3335
[1025] [M]: 0x80000FF0 (0x33357593) andi a1, a0, 819
x11 <- 0x00000002


mem[X,0x80000FF4] -> 0x2C23
mem[X,0x80000FF6] -> 0x3AB1
[1026] [M]: 0x80000FF4 (0x3AB12C23) sw a1, 952(sp)
mem[0x80005518] <- 0x00000002


mem[X,0x80000FF8] -> 0x0513
mem[X,0x80000FFA] -> 0x0020
[1027] [M]: 0x80000FF8 (0x00200513) addi a0, zero, 2
x10 <- 0x00000002


mem[X,0x80000FFC] -> 0x7593
mem[X,0x80000FFE] -> 0x6665
[1028] [M]: 0x80000FFC (0x66657593) andi a1, a0, 1638
x11 <- 0x00000002


mem[X,0x80001000] -> 0x2E23
mem[X,0x80001002] -> 0x3AB1
[1029] [M]: 0x80001000 (0x3AB12E23) sw a1, 956(sp)
mem[0x8000551C] <- 0x00000002


mem[X,0x80001004] -> 0x0513
mem[X,0x80001006] -> 0x0020
[1030] [M]: 0x80001004 (0x00200513) addi a0, zero, 2
x10 <- 0x00000002


mem[X,0x80001008] -> 0x7593
mem[X,0x8000100A] -> 0xFD35
[1031] [M]: 0x80001008 (0xFD357593) andi a1, a0, 4051
x11 <- 0x00000002


mem[X,0x8000100C] -> 0x2023
mem[X,0x8000100E] -> 0x3CB1
[1032] [M]: 0x8000100C (0x3CB12023) sw a1, 960(sp)
mem[0x80005520] <- 0x00000002


mem[X,0x80001010] -> 0x0513
mem[X,0x80001012] -> 0x0020
[1033] [M]: 0x80001010 (0x00200513) addi a0, zero, 2
x10 <- 0x00000002


mem[X,0x80001014] -> 0x7593
mem[X,0x80001016] -> 0x02D5
[1034] [M]: 0x80001014 (0x02D57593) andi a1, a0, 45
x11 <- 0x00000000


mem[X,0x80001018] -> 0x2223
mem[X,0x8000101A] -> 0x3CB1
[1035] [M]: 0x80001018 (0x3CB12223) sw a1, 964(sp)
mem[0x80005524] <- 0x00000000


mem[X,0x8000101C] -> 0x0513
mem[X,0x8000101E] -> 0x0020
[1036] [M]: 0x8000101C (0x00200513) addi a0, zero, 2
x10 <- 0x00000002


mem[X,0x80001020] -> 0x7593
mem[X,0x80001022] -> 0x0025
[1037] [M]: 0x80001020 (0x00257593) andi a1, a0, 2
x11 <- 0x00000002


mem[X,0x80001024] -> 0x2423
mem[X,0x80001026] -> 0x3CB1
[1038] [M]: 0x80001024 (0x3CB12423) sw a1, 968(sp)
mem[0x80005528] <- 0x00000002


mem[X,0x80001028] -> 0x0513
mem[X,0x8000102A] -> 0x0020
[1039] [M]: 0x80001028 (0x00200513) addi a0, zero, 2
x10 <- 0x00000002


mem[X,0x8000102C] -> 0x7593
mem[X,0x8000102E] -> 0x5545
[1040] [M]: 0x8000102C (0x55457593) andi a1, a0, 1364
x11 <- 0x00000000


mem[X,0x80001030] -> 0x2623
mem[X,0x80001032] -> 0x3CB1
[1041] [M]: 0x80001030 (0x3CB12623) sw a1, 972(sp)
mem[0x8000552C] <- 0x00000000


mem[X,0x80001034] -> 0x0513
mem[X,0x80001036] -> 0x0020
[1042] [M]: 0x80001034 (0x00200513) addi a0, zero, 2
x10 <- 0x00000002


mem[X,0x80001038] -> 0x7593
mem[X,0x8000103A] -> 0x0005
[1043] [M]: 0x80001038 (0x00057593) andi a1, a0, 0
x11 <- 0x00000000


mem[X,0x8000103C] -> 0x2823
mem[X,0x8000103E] -> 0x3CB1
[1044] [M]: 0x8000103C (0x3CB12823) sw a1, 976(sp)
mem[0x80005530] <- 0x00000000


mem[X,0x80001040] -> 0x0513
mem[X,0x80001042] -> 0x0020
[1045] [M]: 0x80001040 (0x00200513) addi a0, zero, 2
x10 <- 0x00000002


mem[X,0x80001044] -> 0x7593
mem[X,0x80001046] -> 0x0045
[1046] [M]: 0x80001044 (0x00457593) andi a1, a0, 4
x11 <- 0x00000000


mem[X,0x80001048] -> 0x2A23
mem[X,0x8000104A] -> 0x3CB1
[1047] [M]: 0x80001048 (0x3CB12A23) sw a1, 980(sp)
mem[0x80005534] <- 0x00000000


mem[X,0x8000104C] -> 0x0513
mem[X,0x8000104E] -> 0x0020
[1048] [M]: 0x8000104C (0x00200513) addi a0, zero, 2
x10 <- 0x00000002


mem[X,0x80001050] -> 0x7593
mem[X,0x80001052] -> 0x3325
[1049] [M]: 0x80001050 (0x33257593) andi a1, a0, 818
x11 <- 0x00000002


mem[X,0x80001054] -> 0x2C23
mem[X,0x80001056] -> 0x3CB1
[1050] [M]: 0x80001054 (0x3CB12C23) sw a1, 984(sp)
mem[0x80005538] <- 0x00000002


mem[X,0x80001058] -> 0x0513
mem[X,0x8000105A] -> 0x0020
[1051] [M]: 0x80001058 (0x00200513) addi a0, zero, 2
x10 <- 0x00000002


mem[X,0x8000105C] -> 0x7593
mem[X,0x8000105E] -> 0x6655
[1052] [M]: 0x8000105C (0x66557593) andi a1, a0, 1637
x11 <- 0x00000000


mem[X,0x80001060] -> 0x2E23
mem[X,0x80001062] -> 0x3CB1
[1053] [M]: 0x80001060 (0x3CB12E23) sw a1, 988(sp)
mem[0x8000553C] <- 0x00000000


mem[X,0x80001064] -> 0x0513
mem[X,0x80001066] -> 0x0020
[1054] [M]: 0x80001064 (0x00200513) addi a0, zero, 2
x10 <- 0x00000002


mem[X,0x80001068] -> 0x7593
mem[X,0x8000106A] -> 0x02C5
[1055] [M]: 0x80001068 (0x02C57593) andi a1, a0, 44
x11 <- 0x00000000


mem[X,0x8000106C] -> 0x2023
mem[X,0x8000106E] -> 0x3EB1
[1056] [M]: 0x8000106C (0x3EB12023) sw a1, 992(sp)
mem[0x80005540] <- 0x00000000


mem[X,0x80001070] -> 0x0513
mem[X,0x80001072] -> 0x0020
[1057] [M]: 0x80001070 (0x00200513) addi a0, zero, 2
x10 <- 0x00000002


mem[X,0x80001074] -> 0x7593
mem[X,0x80001076] -> 0x5565
[1058] [M]: 0x80001074 (0x55657593) andi a1, a0, 1366
x11 <- 0x00000002


mem[X,0x80001078] -> 0x2223
mem[X,0x8000107A] -> 0x3EB1
[1059] [M]: 0x80001078 (0x3EB12223) sw a1, 996(sp)
mem[0x80005544] <- 0x00000002


mem[X,0x8000107C] -> 0x0513
mem[X,0x8000107E] -> 0x0020
[1060] [M]: 0x8000107C (0x00200513) addi a0, zero, 2
x10 <- 0x00000002


mem[X,0x80001080] -> 0x7593
mem[X,0x80001082] -> 0xAAB5
[1061] [M]: 0x80001080 (0xAAB57593) andi a1, a0, 2731
x11 <- 0x00000002


mem[X,0x80001084] -> 0x2423
mem[X,0x80001086] -> 0x3EB1
[1062] [M]: 0x80001084 (0x3EB12423) sw a1, 1000(sp)
mem[0x80005548] <- 0x00000002


mem[X,0x80001088] -> 0x0513
mem[X,0x8000108A] -> 0x0020
[1063] [M]: 0x80001088 (0x00200513) addi a0, zero, 2
x10 <- 0x00000002


mem[X,0x8000108C] -> 0x7593
mem[X,0x8000108E] -> 0x0065
[1064] [M]: 0x8000108C (0x00657593) andi a1, a0, 6
x11 <- 0x00000002


mem[X,0x80001090] -> 0x2623
mem[X,0x80001092] -> 0x3EB1
[1065] [M]: 0x80001090 (0x3EB12623) sw a1, 1004(sp)
mem[0x8000554C] <- 0x00000002


mem[X,0x80001094] -> 0x0513
mem[X,0x80001096] -> 0x0020
[1066] [M]: 0x80001094 (0x00200513) addi a0, zero, 2
x10 <- 0x00000002


mem[X,0x80001098] -> 0x7593
mem[X,0x8000109A] -> 0x3345
[1067] [M]: 0x80001098 (0x33457593) andi a1, a0, 820
x11 <- 0x00000000


mem[X,0x8000109C] -> 0x2823
mem[X,0x8000109E] -> 0x3EB1
[1068] [M]: 0x8000109C (0x3EB12823) sw a1, 1008(sp)
mem[0x80005550] <- 0x00000000


mem[X,0x800010A0] -> 0x0513
mem[X,0x800010A2] -> 0x0020
[1069] [M]: 0x800010A0 (0x00200513) addi a0, zero, 2
x10 <- 0x00000002


mem[X,0x800010A4] -> 0x7593
mem[X,0x800010A6] -> 0x6675
[1070] [M]: 0x800010A4 (0x66757593) andi a1, a0, 1639
x11 <- 0x00000002


mem[X,0x800010A8] -> 0x2A23
mem[X,0x800010AA] -> 0x3EB1
[1071] [M]: 0x800010A8 (0x3EB12A23) sw a1, 1012(sp)
mem[0x80005554] <- 0x00000002


mem[X,0x800010AC] -> 0x0513
mem[X,0x800010AE] -> 0x0020
[1072] [M]: 0x800010AC (0x00200513) addi a0, zero, 2
x10 <- 0x00000002


mem[X,0x800010B0] -> 0x7593
mem[X,0x800010B2] -> 0xFD45
[1073] [M]: 0x800010B0 (0xFD457593) andi a1, a0, 4052
x11 <- 0x00000000


mem[X,0x800010B4] -> 0x2C23
mem[X,0x800010B6] -> 0x3EB1
[1074] [M]: 0x800010B4 (0x3EB12C23) sw a1, 1016(sp)
mem[0x80005558] <- 0x00000000


mem[X,0x800010B8] -> 0x0513
mem[X,0x800010BA] -> 0x0020
[1075] [M]: 0x800010B8 (0x00200513) addi a0, zero, 2
x10 <- 0x00000002


mem[X,0x800010BC] -> 0x7593
mem[X,0x800010BE] -> 0x02E5
[1076] [M]: 0x800010BC (0x02E57593) andi a1, a0, 46
x11 <- 0x00000002


mem[X,0x800010C0] -> 0x2E23
mem[X,0x800010C2] -> 0x3EB1
[1077] [M]: 0x800010C0 (0x3EB12E23) sw a1, 1020(sp)
mem[0x8000555C] <- 0x00000002


mem[X,0x800010C4] -> 0x5537
mem[X,0x800010C6] -> 0x5555
[1078] [M]: 0x800010C4 (0x55555537) lui a0, 349525
x10 <- 0x55555000


mem[X,0x800010C8] -> 0x0513
mem[X,0x800010CA] -> 0x5545
[1079] [M]: 0x800010C8 (0x55450513) addi a0, a0, 1364
x10 <- 0x55555554


mem[X,0x800010CC] -> 0x7593
mem[X,0x800010CE] -> 0x0035
[1080] [M]: 0x800010CC (0x00357593) andi a1, a0, 3
x11 <- 0x00000000


mem[X,0x800010D0] -> 0x2023
mem[X,0x800010D2] -> 0x40B1
[1081] [M]: 0x800010D0 (0x40B12023) sw a1, 1024(sp)
mem[0x80005560] <- 0x00000000


mem[X,0x800010D4] -> 0x5537
mem[X,0x800010D6] -> 0x5555
[1082] [M]: 0x800010D4 (0x55555537) lui a0, 349525
x10 <- 0x55555000


mem[X,0x800010D8] -> 0x0513
mem[X,0x800010DA] -> 0x5545
[1083] [M]: 0x800010D8 (0x55450513) addi a0, a0, 1364
x10 <- 0x55555554


mem[X,0x800010DC] -> 0x7593
mem[X,0x800010DE] -> 0x5555
[1084] [M]: 0x800010DC (0x55557593) andi a1, a0, 1365
x11 <- 0x00000554


mem[X,0x800010E0] -> 0x2223
mem[X,0x800010E2] -> 0x40B1
[1085] [M]: 0x800010E0 (0x40B12223) sw a1, 1028(sp)
mem[0x80005564] <- 0x00000554


mem[X,0x800010E4] -> 0x5537
mem[X,0x800010E6] -> 0x5555
[1086] [M]: 0x800010E4 (0x55555537) lui a0, 349525
x10 <- 0x55555000


mem[X,0x800010E8] -> 0x0513
mem[X,0x800010EA] -> 0x5545
[1087] [M]: 0x800010E8 (0x55450513) addi a0, a0, 1364
x10 <- 0x55555554


mem[X,0x800010EC] -> 0x7593
mem[X,0x800010EE] -> 0xAAA5
[1088] [M]: 0x800010EC (0xAAA57593) andi a1, a0, 2730
x11 <- 0x55555000


mem[X,0x800010F0] -> 0x2423
mem[X,0x800010F2] -> 0x40B1
[1089] [M]: 0x800010F0 (0x40B12423) sw a1, 1032(sp)
mem[0x80005568] <- 0x55555000


mem[X,0x800010F4] -> 0x5537
mem[X,0x800010F6] -> 0x5555
[1090] [M]: 0x800010F4 (0x55555537) lui a0, 349525
x10 <- 0x55555000


mem[X,0x800010F8] -> 0x0513
mem[X,0x800010FA] -> 0x5545
[1091] [M]: 0x800010F8 (0x55450513) addi a0, a0, 1364
x10 <- 0x55555554


mem[X,0x800010FC] -> 0x7593
mem[X,0x800010FE] -> 0x0055
[1092] [M]: 0x800010FC (0x00557593) andi a1, a0, 5
x11 <- 0x00000004


mem[X,0x80001100] -> 0x2623
mem[X,0x80001102] -> 0x40B1
[1093] [M]: 0x80001100 (0x40B12623) sw a1, 1036(sp)
mem[0x8000556C] <- 0x00000004


mem[X,0x80001104] -> 0x5537
mem[X,0x80001106] -> 0x5555
[1094] [M]: 0x80001104 (0x55555537) lui a0, 349525
x10 <- 0x55555000


mem[X,0x80001108] -> 0x0513
mem[X,0x8000110A] -> 0x5545
[1095] [M]: 0x80001108 (0x55450513) addi a0, a0, 1364
x10 <- 0x55555554


mem[X,0x8000110C] -> 0x7593
mem[X,0x8000110E] -> 0x3335
[1096] [M]: 0x8000110C (0x33357593) andi a1, a0, 819
x11 <- 0x00000110


mem[X,0x80001110] -> 0x2823
mem[X,0x80001112] -> 0x40B1
[1097] [M]: 0x80001110 (0x40B12823) sw a1, 1040(sp)
mem[0x80005570] <- 0x00000110


mem[X,0x80001114] -> 0x5537
mem[X,0x80001116] -> 0x5555
[1098] [M]: 0x80001114 (0x55555537) lui a0, 349525
x10 <- 0x55555000


mem[X,0x80001118] -> 0x0513
mem[X,0x8000111A] -> 0x5545
[1099] [M]: 0x80001118 (0x55450513) addi a0, a0, 1364
x10 <- 0x55555554


clint::tick mtime <- 0x000000000000000B
 clint timer pending at mtime 0x000000000000000B
htif::tick 0x0000000000000000
mem[X,0x8000111C] -> 0x7593
mem[X,0x8000111E] -> 0x6665
[1100] [M]: 0x8000111C (0x66657593) andi a1, a0, 1638
x11 <- 0x00000444


mem[X,0x80001120] -> 0x2A23
mem[X,0x80001122] -> 0x40B1
[1101] [M]: 0x80001120 (0x40B12A23) sw a1, 1044(sp)
mem[0x80005574] <- 0x00000444


mem[X,0x80001124] -> 0x5537
mem[X,0x80001126] -> 0x5555
[1102] [M]: 0x80001124 (0x55555537) lui a0, 349525
x10 <- 0x55555000


mem[X,0x80001128] -> 0x0513
mem[X,0x8000112A] -> 0x5545
[1103] [M]: 0x80001128 (0x55450513) addi a0, a0, 1364
x10 <- 0x55555554


mem[X,0x8000112C] -> 0x7593
mem[X,0x8000112E] -> 0xFD35
[1104] [M]: 0x8000112C (0xFD357593) andi a1, a0, 4051
x11 <- 0x55555550


mem[X,0x80001130] -> 0x2C23
mem[X,0x80001132] -> 0x40B1
[1105] [M]: 0x80001130 (0x40B12C23) sw a1, 1048(sp)
mem[0x80005578] <- 0x55555550


mem[X,0x80001134] -> 0x5537
mem[X,0x80001136] -> 0x5555
[1106] [M]: 0x80001134 (0x55555537) lui a0, 349525
x10 <- 0x55555000


mem[X,0x80001138] -> 0x0513
mem[X,0x8000113A] -> 0x5545
[1107] [M]: 0x80001138 (0x55450513) addi a0, a0, 1364
x10 <- 0x55555554


mem[X,0x8000113C] -> 0x7593
mem[X,0x8000113E] -> 0x02D5
[1108] [M]: 0x8000113C (0x02D57593) andi a1, a0, 45
x11 <- 0x00000004


mem[X,0x80001140] -> 0x2E23
mem[X,0x80001142] -> 0x40B1
[1109] [M]: 0x80001140 (0x40B12E23) sw a1, 1052(sp)
mem[0x8000557C] <- 0x00000004


mem[X,0x80001144] -> 0x5537
mem[X,0x80001146] -> 0x5555
[1110] [M]: 0x80001144 (0x55555537) lui a0, 349525
x10 <- 0x55555000


mem[X,0x80001148] -> 0x0513
mem[X,0x8000114A] -> 0x5545
[1111] [M]: 0x80001148 (0x55450513) addi a0, a0, 1364
x10 <- 0x55555554


mem[X,0x8000114C] -> 0x7593
mem[X,0x8000114E] -> 0x0025
[1112] [M]: 0x8000114C (0x00257593) andi a1, a0, 2
x11 <- 0x00000000


mem[X,0x80001150] -> 0x2023
mem[X,0x80001152] -> 0x42B1
[1113] [M]: 0x80001150 (0x42B12023) sw a1, 1056(sp)
mem[0x80005580] <- 0x00000000


mem[X,0x80001154] -> 0x5537
mem[X,0x80001156] -> 0x5555
[1114] [M]: 0x80001154 (0x55555537) lui a0, 349525
x10 <- 0x55555000


mem[X,0x80001158] -> 0x0513
mem[X,0x8000115A] -> 0x5545
[1115] [M]: 0x80001158 (0x55450513) addi a0, a0, 1364
x10 <- 0x55555554


mem[X,0x8000115C] -> 0x7593
mem[X,0x8000115E] -> 0x5545
[1116] [M]: 0x8000115C (0x55457593) andi a1, a0, 1364
x11 <- 0x00000554


mem[X,0x80001160] -> 0x2223
mem[X,0x80001162] -> 0x42B1
[1117] [M]: 0x80001160 (0x42B12223) sw a1, 1060(sp)
mem[0x80005584] <- 0x00000554


mem[X,0x80001164] -> 0x5537
mem[X,0x80001166] -> 0x5555
[1118] [M]: 0x80001164 (0x55555537) lui a0, 349525
x10 <- 0x55555000


mem[X,0x80001168] -> 0x0513
mem[X,0x8000116A] -> 0x5545
[1119] [M]: 0x80001168 (0x55450513) addi a0, a0, 1364
x10 <- 0x55555554


mem[X,0x8000116C] -> 0x7593
mem[X,0x8000116E] -> 0x0005
[1120] [M]: 0x8000116C (0x00057593) andi a1, a0, 0
x11 <- 0x00000000


mem[X,0x80001170] -> 0x2423
mem[X,0x80001172] -> 0x42B1
[1121] [M]: 0x80001170 (0x42B12423) sw a1, 1064(sp)
mem[0x80005588] <- 0x00000000


mem[X,0x80001174] -> 0x5537
mem[X,0x80001176] -> 0x5555
[1122] [M]: 0x80001174 (0x55555537) lui a0, 349525
x10 <- 0x55555000


mem[X,0x80001178] -> 0x0513
mem[X,0x8000117A] -> 0x5545
[1123] [M]: 0x80001178 (0x55450513) addi a0, a0, 1364
x10 <- 0x55555554


mem[X,0x8000117C] -> 0x7593
mem[X,0x8000117E] -> 0x0045
[1124] [M]: 0x8000117C (0x00457593) andi a1, a0, 4
x11 <- 0x00000004


mem[X,0x80001180] -> 0x2623
mem[X,0x80001182] -> 0x42B1
[1125] [M]: 0x80001180 (0x42B12623) sw a1, 1068(sp)
mem[0x8000558C] <- 0x00000004


mem[X,0x80001184] -> 0x5537
mem[X,0x80001186] -> 0x5555
[1126] [M]: 0x80001184 (0x55555537) lui a0, 349525
x10 <- 0x55555000


mem[X,0x80001188] -> 0x0513
mem[X,0x8000118A] -> 0x5545
[1127] [M]: 0x80001188 (0x55450513) addi a0, a0, 1364
x10 <- 0x55555554


mem[X,0x8000118C] -> 0x7593
mem[X,0x8000118E] -> 0x3325
[1128] [M]: 0x8000118C (0x33257593) andi a1, a0, 818
x11 <- 0x00000110


mem[X,0x80001190] -> 0x2823
mem[X,0x80001192] -> 0x42B1
[1129] [M]: 0x80001190 (0x42B12823) sw a1, 1072(sp)
mem[0x80005590] <- 0x00000110


mem[X,0x80001194] -> 0x5537
mem[X,0x80001196] -> 0x5555
[1130] [M]: 0x80001194 (0x55555537) lui a0, 349525
x10 <- 0x55555000


mem[X,0x80001198] -> 0x0513
mem[X,0x8000119A] -> 0x5545
[1131] [M]: 0x80001198 (0x55450513) addi a0, a0, 1364
x10 <- 0x55555554


mem[X,0x8000119C] -> 0x7593
mem[X,0x8000119E] -> 0x6655
[1132] [M]: 0x8000119C (0x66557593) andi a1, a0, 1637
x11 <- 0x00000444


mem[X,0x800011A0] -> 0x2A23
mem[X,0x800011A2] -> 0x42B1
[1133] [M]: 0x800011A0 (0x42B12A23) sw a1, 1076(sp)
mem[0x80005594] <- 0x00000444


mem[X,0x800011A4] -> 0x5537
mem[X,0x800011A6] -> 0x5555
[1134] [M]: 0x800011A4 (0x55555537) lui a0, 349525
x10 <- 0x55555000


mem[X,0x800011A8] -> 0x0513
mem[X,0x800011AA] -> 0x5545
[1135] [M]: 0x800011A8 (0x55450513) addi a0, a0, 1364
x10 <- 0x55555554


mem[X,0x800011AC] -> 0x7593
mem[X,0x800011AE] -> 0x02C5
[1136] [M]: 0x800011AC (0x02C57593) andi a1, a0, 44
x11 <- 0x00000004


mem[X,0x800011B0] -> 0x2C23
mem[X,0x800011B2] -> 0x42B1
[1137] [M]: 0x800011B0 (0x42B12C23) sw a1, 1080(sp)
mem[0x80005598] <- 0x00000004


mem[X,0x800011B4] -> 0x5537
mem[X,0x800011B6] -> 0x5555
[1138] [M]: 0x800011B4 (0x55555537) lui a0, 349525
x10 <- 0x55555000


mem[X,0x800011B8] -> 0x0513
mem[X,0x800011BA] -> 0x5545
[1139] [M]: 0x800011B8 (0x55450513) addi a0, a0, 1364
x10 <- 0x55555554


mem[X,0x800011BC] -> 0x7593
mem[X,0x800011BE] -> 0x5565
[1140] [M]: 0x800011BC (0x55657593) andi a1, a0, 1366
x11 <- 0x00000554


mem[X,0x800011C0] -> 0x2E23
mem[X,0x800011C2] -> 0x42B1
[1141] [M]: 0x800011C0 (0x42B12E23) sw a1, 1084(sp)
mem[0x8000559C] <- 0x00000554


mem[X,0x800011C4] -> 0x5537
mem[X,0x800011C6] -> 0x5555
[1142] [M]: 0x800011C4 (0x55555537) lui a0, 349525
x10 <- 0x55555000


mem[X,0x800011C8] -> 0x0513
mem[X,0x800011CA] -> 0x5545
[1143] [M]: 0x800011C8 (0x55450513) addi a0, a0, 1364
x10 <- 0x55555554


mem[X,0x800011CC] -> 0x7593
mem[X,0x800011CE] -> 0xAAB5
[1144] [M]: 0x800011CC (0xAAB57593) andi a1, a0, 2731
x11 <- 0x55555000


mem[X,0x800011D0] -> 0x2023
mem[X,0x800011D2] -> 0x44B1
[1145] [M]: 0x800011D0 (0x44B12023) sw a1, 1088(sp)
mem[0x800055A0] <- 0x55555000


mem[X,0x800011D4] -> 0x5537
mem[X,0x800011D6] -> 0x5555
[1146] [M]: 0x800011D4 (0x55555537) lui a0, 349525
x10 <- 0x55555000


mem[X,0x800011D8] -> 0x0513
mem[X,0x800011DA] -> 0x5545
[1147] [M]: 0x800011D8 (0x55450513) addi a0, a0, 1364
x10 <- 0x55555554


mem[X,0x800011DC] -> 0x7593
mem[X,0x800011DE] -> 0x0065
[1148] [M]: 0x800011DC (0x00657593) andi a1, a0, 6
x11 <- 0x00000004


mem[X,0x800011E0] -> 0x2223
mem[X,0x800011E2] -> 0x44B1
[1149] [M]: 0x800011E0 (0x44B12223) sw a1, 1092(sp)
mem[0x800055A4] <- 0x00000004


mem[X,0x800011E4] -> 0x5537
mem[X,0x800011E6] -> 0x5555
[1150] [M]: 0x800011E4 (0x55555537) lui a0, 349525
x10 <- 0x55555000


mem[X,0x800011E8] -> 0x0513
mem[X,0x800011EA] -> 0x5545
[1151] [M]: 0x800011E8 (0x55450513) addi a0, a0, 1364
x10 <- 0x55555554


mem[X,0x800011EC] -> 0x7593
mem[X,0x800011EE] -> 0x3345
[1152] [M]: 0x800011EC (0x33457593) andi a1, a0, 820
x11 <- 0x00000114


mem[X,0x800011F0] -> 0x2423
mem[X,0x800011F2] -> 0x44B1
[1153] [M]: 0x800011F0 (0x44B12423) sw a1, 1096(sp)
mem[0x800055A8] <- 0x00000114


mem[X,0x800011F4] -> 0x5537
mem[X,0x800011F6] -> 0x5555
[1154] [M]: 0x800011F4 (0x55555537) lui a0, 349525
x10 <- 0x55555000


mem[X,0x800011F8] -> 0x0513
mem[X,0x800011FA] -> 0x5545
[1155] [M]: 0x800011F8 (0x55450513) addi a0, a0, 1364
x10 <- 0x55555554


mem[X,0x800011FC] -> 0x7593
mem[X,0x800011FE] -> 0x6675
[1156] [M]: 0x800011FC (0x66757593) andi a1, a0, 1639
x11 <- 0x00000444


mem[X,0x80001200] -> 0x2623
mem[X,0x80001202] -> 0x44B1
[1157] [M]: 0x80001200 (0x44B12623) sw a1, 1100(sp)
mem[0x800055AC] <- 0x00000444


mem[X,0x80001204] -> 0x5537
mem[X,0x80001206] -> 0x5555
[1158] [M]: 0x80001204 (0x55555537) lui a0, 349525
x10 <- 0x55555000


mem[X,0x80001208] -> 0x0513
mem[X,0x8000120A] -> 0x5545
[1159] [M]: 0x80001208 (0x55450513) addi a0, a0, 1364
x10 <- 0x55555554


mem[X,0x8000120C] -> 0x7593
mem[X,0x8000120E] -> 0xFD45
[1160] [M]: 0x8000120C (0xFD457593) andi a1, a0, 4052
x11 <- 0x55555554


mem[X,0x80001210] -> 0x2823
mem[X,0x80001212] -> 0x44B1
[1161] [M]: 0x80001210 (0x44B12823) sw a1, 1104(sp)
mem[0x800055B0] <- 0x55555554


mem[X,0x80001214] -> 0x5537
mem[X,0x80001216] -> 0x5555
[1162] [M]: 0x80001214 (0x55555537) lui a0, 349525
x10 <- 0x55555000


mem[X,0x80001218] -> 0x0513
mem[X,0x8000121A] -> 0x5545
[1163] [M]: 0x80001218 (0x55450513) addi a0, a0, 1364
x10 <- 0x55555554


mem[X,0x8000121C] -> 0x7593
mem[X,0x8000121E] -> 0x02E5
[1164] [M]: 0x8000121C (0x02E57593) andi a1, a0, 46
x11 <- 0x00000004


mem[X,0x80001220] -> 0x2A23
mem[X,0x80001222] -> 0x44B1
[1165] [M]: 0x80001220 (0x44B12A23) sw a1, 1108(sp)
mem[0x800055B4] <- 0x00000004


mem[X,0x80001224] -> 0x0513
mem[X,0x80001226] -> 0x0000
[1166] [M]: 0x80001224 (0x00000513) addi a0, zero, 0
x10 <- 0x00000000


mem[X,0x80001228] -> 0x7593
mem[X,0x8000122A] -> 0x0035
[1167] [M]: 0x80001228 (0x00357593) andi a1, a0, 3
x11 <- 0x00000000


mem[X,0x8000122C] -> 0x2C23
mem[X,0x8000122E] -> 0x44B1
[1168] [M]: 0x8000122C (0x44B12C23) sw a1, 1112(sp)
mem[0x800055B8] <- 0x00000000


mem[X,0x80001230] -> 0x0513
mem[X,0x80001232] -> 0x0000
[1169] [M]: 0x80001230 (0x00000513) addi a0, zero, 0
x10 <- 0x00000000


mem[X,0x80001234] -> 0x7593
mem[X,0x80001236] -> 0x5555
[1170] [M]: 0x80001234 (0x55557593) andi a1, a0, 1365
x11 <- 0x00000000


mem[X,0x80001238] -> 0x2E23
mem[X,0x8000123A] -> 0x44B1
[1171] [M]: 0x80001238 (0x44B12E23) sw a1, 1116(sp)
mem[0x800055BC] <- 0x00000000


mem[X,0x8000123C] -> 0x0513
mem[X,0x8000123E] -> 0x0000
[1172] [M]: 0x8000123C (0x00000513) addi a0, zero, 0
x10 <- 0x00000000


mem[X,0x80001240] -> 0x7593
mem[X,0x80001242] -> 0xAAA5
[1173] [M]: 0x80001240 (0xAAA57593) andi a1, a0, 2730
x11 <- 0x00000000


mem[X,0x80001244] -> 0x2023
mem[X,0x80001246] -> 0x46B1
[1174] [M]: 0x80001244 (0x46B12023) sw a1, 1120(sp)
mem[0x800055C0] <- 0x00000000


mem[X,0x80001248] -> 0x0513
mem[X,0x8000124A] -> 0x0000
[1175] [M]: 0x80001248 (0x00000513) addi a0, zero, 0
x10 <- 0x00000000


mem[X,0x8000124C] -> 0x7593
mem[X,0x8000124E] -> 0x0055
[1176] [M]: 0x8000124C (0x00557593) andi a1, a0, 5
x11 <- 0x00000000


mem[X,0x80001250] -> 0x2223
mem[X,0x80001252] -> 0x46B1
[1177] [M]: 0x80001250 (0x46B12223) sw a1, 1124(sp)
mem[0x800055C4] <- 0x00000000


mem[X,0x80001254] -> 0x0513
mem[X,0x80001256] -> 0x0000
[1178] [M]: 0x80001254 (0x00000513) addi a0, zero, 0
x10 <- 0x00000000


mem[X,0x80001258] -> 0x7593
mem[X,0x8000125A] -> 0x3335
[1179] [M]: 0x80001258 (0x33357593) andi a1, a0, 819
x11 <- 0x00000000


mem[X,0x8000125C] -> 0x2423
mem[X,0x8000125E] -> 0x46B1
[1180] [M]: 0x8000125C (0x46B12423) sw a1, 1128(sp)
mem[0x800055C8] <- 0x00000000


mem[X,0x80001260] -> 0x0513
mem[X,0x80001262] -> 0x0000
[1181] [M]: 0x80001260 (0x00000513) addi a0, zero, 0
x10 <- 0x00000000


mem[X,0x80001264] -> 0x7593
mem[X,0x80001266] -> 0x6665
[1182] [M]: 0x80001264 (0x66657593) andi a1, a0, 1638
x11 <- 0x00000000


mem[X,0x80001268] -> 0x2623
mem[X,0x8000126A] -> 0x46B1
[1183] [M]: 0x80001268 (0x46B12623) sw a1, 1132(sp)
mem[0x800055CC] <- 0x00000000


mem[X,0x8000126C] -> 0x0513
mem[X,0x8000126E] -> 0x0000
[1184] [M]: 0x8000126C (0x00000513) addi a0, zero, 0
x10 <- 0x00000000


mem[X,0x80001270] -> 0x7593
mem[X,0x80001272] -> 0xFD35
[1185] [M]: 0x80001270 (0xFD357593) andi a1, a0, 4051
x11 <- 0x00000000


mem[X,0x80001274] -> 0x2823
mem[X,0x80001276] -> 0x46B1
[1186] [M]: 0x80001274 (0x46B12823) sw a1, 1136(sp)
mem[0x800055D0] <- 0x00000000


mem[X,0x80001278] -> 0x0513
mem[X,0x8000127A] -> 0x0000
[1187] [M]: 0x80001278 (0x00000513) addi a0, zero, 0
x10 <- 0x00000000


mem[X,0x8000127C] -> 0x7593
mem[X,0x8000127E] -> 0x02D5
[1188] [M]: 0x8000127C (0x02D57593) andi a1, a0, 45
x11 <- 0x00000000


mem[X,0x80001280] -> 0x2A23
mem[X,0x80001282] -> 0x46B1
[1189] [M]: 0x80001280 (0x46B12A23) sw a1, 1140(sp)
mem[0x800055D4] <- 0x00000000


mem[X,0x80001284] -> 0x3537
mem[X,0x80001286] -> 0x3333
[1190] [M]: 0x80001284 (0x33333537) lui a0, 209715
x10 <- 0x33333000


mem[X,0x80001288] -> 0x0513
mem[X,0x8000128A] -> 0x3345
[1191] [M]: 0x80001288 (0x33450513) addi a0, a0, 820
x10 <- 0x33333334


mem[X,0x8000128C] -> 0x7593
mem[X,0x8000128E] -> 0x3325
[1192] [M]: 0x8000128C (0x33257593) andi a1, a0, 818
x11 <- 0x00000330


mem[X,0x80001290] -> 0x2C23
mem[X,0x80001292] -> 0x46B1
[1193] [M]: 0x80001290 (0x46B12C23) sw a1, 1144(sp)
mem[0x800055D8] <- 0x00000330


mem[X,0x80001294] -> 0x3537
mem[X,0x80001296] -> 0x3333
[1194] [M]: 0x80001294 (0x33333537) lui a0, 209715
x10 <- 0x33333000


mem[X,0x80001298] -> 0x0513
mem[X,0x8000129A] -> 0x3345
[1195] [M]: 0x80001298 (0x33450513) addi a0, a0, 820
x10 <- 0x33333334


mem[X,0x8000129C] -> 0x7593
mem[X,0x8000129E] -> 0x6655
[1196] [M]: 0x8000129C (0x66557593) andi a1, a0, 1637
x11 <- 0x00000224


mem[X,0x800012A0] -> 0x2E23
mem[X,0x800012A2] -> 0x46B1
[1197] [M]: 0x800012A0 (0x46B12E23) sw a1, 1148(sp)
mem[0x800055DC] <- 0x00000224


mem[X,0x800012A4] -> 0x3537
mem[X,0x800012A6] -> 0x3333
[1198] [M]: 0x800012A4 (0x33333537) lui a0, 209715
x10 <- 0x33333000


mem[X,0x800012A8] -> 0x0513
mem[X,0x800012AA] -> 0x3345
[1199] [M]: 0x800012A8 (0x33450513) addi a0, a0, 820
x10 <- 0x33333334


clint::tick mtime <- 0x000000000000000C
 clint timer pending at mtime 0x000000000000000C
htif::tick 0x0000000000000000
mem[X,0x800012AC] -> 0x7593
mem[X,0x800012AE] -> 0x02C5
[1200] [M]: 0x800012AC (0x02C57593) andi a1, a0, 44
x11 <- 0x00000024


mem[X,0x800012B0] -> 0x2023
mem[X,0x800012B2] -> 0x48B1
[1201] [M]: 0x800012B0 (0x48B12023) sw a1, 1152(sp)
mem[0x800055E0] <- 0x00000024


mem[X,0x800012B4] -> 0x3537
mem[X,0x800012B6] -> 0x3333
[1202] [M]: 0x800012B4 (0x33333537) lui a0, 209715
x10 <- 0x33333000


mem[X,0x800012B8] -> 0x0513
mem[X,0x800012BA] -> 0x3345
[1203] [M]: 0x800012B8 (0x33450513) addi a0, a0, 820
x10 <- 0x33333334


mem[X,0x800012BC] -> 0x7593
mem[X,0x800012BE] -> 0x5565
[1204] [M]: 0x800012BC (0x55657593) andi a1, a0, 1366
x11 <- 0x00000114


mem[X,0x800012C0] -> 0x2223
mem[X,0x800012C2] -> 0x48B1
[1205] [M]: 0x800012C0 (0x48B12223) sw a1, 1156(sp)
mem[0x800055E4] <- 0x00000114


mem[X,0x800012C4] -> 0x3537
mem[X,0x800012C6] -> 0x3333
[1206] [M]: 0x800012C4 (0x33333537) lui a0, 209715
x10 <- 0x33333000


mem[X,0x800012C8] -> 0x0513
mem[X,0x800012CA] -> 0x3345
[1207] [M]: 0x800012C8 (0x33450513) addi a0, a0, 820
x10 <- 0x33333334


mem[X,0x800012CC] -> 0x7593
mem[X,0x800012CE] -> 0xAAB5
[1208] [M]: 0x800012CC (0xAAB57593) andi a1, a0, 2731
x11 <- 0x33333220


mem[X,0x800012D0] -> 0x2423
mem[X,0x800012D2] -> 0x48B1
[1209] [M]: 0x800012D0 (0x48B12423) sw a1, 1160(sp)
mem[0x800055E8] <- 0x33333220


mem[X,0x800012D4] -> 0x3537
mem[X,0x800012D6] -> 0x3333
[1210] [M]: 0x800012D4 (0x33333537) lui a0, 209715
x10 <- 0x33333000


mem[X,0x800012D8] -> 0x0513
mem[X,0x800012DA] -> 0x3345
[1211] [M]: 0x800012D8 (0x33450513) addi a0, a0, 820
x10 <- 0x33333334


mem[X,0x800012DC] -> 0x7593
mem[X,0x800012DE] -> 0x0065
[1212] [M]: 0x800012DC (0x00657593) andi a1, a0, 6
x11 <- 0x00000004


mem[X,0x800012E0] -> 0x2623
mem[X,0x800012E2] -> 0x48B1
[1213] [M]: 0x800012E0 (0x48B12623) sw a1, 1164(sp)
mem[0x800055EC] <- 0x00000004


mem[X,0x800012E4] -> 0x3537
mem[X,0x800012E6] -> 0x3333
[1214] [M]: 0x800012E4 (0x33333537) lui a0, 209715
x10 <- 0x33333000


mem[X,0x800012E8] -> 0x0513
mem[X,0x800012EA] -> 0x3345
[1215] [M]: 0x800012E8 (0x33450513) addi a0, a0, 820
x10 <- 0x33333334


mem[X,0x800012EC] -> 0x7593
mem[X,0x800012EE] -> 0x3345
[1216] [M]: 0x800012EC (0x33457593) andi a1, a0, 820
x11 <- 0x00000334


mem[X,0x800012F0] -> 0x2823
mem[X,0x800012F2] -> 0x48B1
[1217] [M]: 0x800012F0 (0x48B12823) sw a1, 1168(sp)
mem[0x800055F0] <- 0x00000334


mem[X,0x800012F4] -> 0x3537
mem[X,0x800012F6] -> 0x3333
[1218] [M]: 0x800012F4 (0x33333537) lui a0, 209715
x10 <- 0x33333000


mem[X,0x800012F8] -> 0x0513
mem[X,0x800012FA] -> 0x3345
[1219] [M]: 0x800012F8 (0x33450513) addi a0, a0, 820
x10 <- 0x33333334


mem[X,0x800012FC] -> 0x7593
mem[X,0x800012FE] -> 0x6675
[1220] [M]: 0x800012FC (0x66757593) andi a1, a0, 1639
x11 <- 0x00000224


mem[X,0x80001300] -> 0x2A23
mem[X,0x80001302] -> 0x48B1
[1221] [M]: 0x80001300 (0x48B12A23) sw a1, 1172(sp)
mem[0x800055F4] <- 0x00000224


mem[X,0x80001304] -> 0x3537
mem[X,0x80001306] -> 0x3333
[1222] [M]: 0x80001304 (0x33333537) lui a0, 209715
x10 <- 0x33333000


mem[X,0x80001308] -> 0x0513
mem[X,0x8000130A] -> 0x3345
[1223] [M]: 0x80001308 (0x33450513) addi a0, a0, 820
x10 <- 0x33333334


mem[X,0x8000130C] -> 0x7593
mem[X,0x8000130E] -> 0xFD45
[1224] [M]: 0x8000130C (0xFD457593) andi a1, a0, 4052
x11 <- 0x33333314


mem[X,0x80001310] -> 0x2C23
mem[X,0x80001312] -> 0x48B1
[1225] [M]: 0x80001310 (0x48B12C23) sw a1, 1176(sp)
mem[0x800055F8] <- 0x33333314


mem[X,0x80001314] -> 0x3537
mem[X,0x80001316] -> 0x3333
[1226] [M]: 0x80001314 (0x33333537) lui a0, 209715
x10 <- 0x33333000


mem[X,0x80001318] -> 0x0513
mem[X,0x8000131A] -> 0x3345
[1227] [M]: 0x80001318 (0x33450513) addi a0, a0, 820
x10 <- 0x33333334


mem[X,0x8000131C] -> 0x7593
mem[X,0x8000131E] -> 0x02E5
[1228] [M]: 0x8000131C (0x02E57593) andi a1, a0, 46
x11 <- 0x00000024


mem[X,0x80001320] -> 0x2E23
mem[X,0x80001322] -> 0x48B1
[1229] [M]: 0x80001320 (0x48B12E23) sw a1, 1180(sp)
mem[0x800055FC] <- 0x00000024


mem[X,0x80001324] -> 0x6537
mem[X,0x80001326] -> 0x6666
[1230] [M]: 0x80001324 (0x66666537) lui a0, 419430
x10 <- 0x66666000


mem[X,0x80001328] -> 0x0513
mem[X,0x8000132A] -> 0x6675
[1231] [M]: 0x80001328 (0x66750513) addi a0, a0, 1639
x10 <- 0x66666667


mem[X,0x8000132C] -> 0x7593
mem[X,0x8000132E] -> 0x0035
[1232] [M]: 0x8000132C (0x00357593) andi a1, a0, 3
x11 <- 0x00000003


mem[X,0x80001330] -> 0x2023
mem[X,0x80001332] -> 0x4AB1
[1233] [M]: 0x80001330 (0x4AB12023) sw a1, 1184(sp)
mem[0x80005600] <- 0x00000003


mem[X,0x80001334] -> 0x6537
mem[X,0x80001336] -> 0x6666
[1234] [M]: 0x80001334 (0x66666537) lui a0, 419430
x10 <- 0x66666000


mem[X,0x80001338] -> 0x0513
mem[X,0x8000133A] -> 0x6675
[1235] [M]: 0x80001338 (0x66750513) addi a0, a0, 1639
x10 <- 0x66666667


mem[X,0x8000133C] -> 0x7593
mem[X,0x8000133E] -> 0x5555
[1236] [M]: 0x8000133C (0x55557593) andi a1, a0, 1365
x11 <- 0x00000445


mem[X,0x80001340] -> 0x2223
mem[X,0x80001342] -> 0x4AB1
[1237] [M]: 0x80001340 (0x4AB12223) sw a1, 1188(sp)
mem[0x80005604] <- 0x00000445


mem[X,0x80001344] -> 0x6537
mem[X,0x80001346] -> 0x6666
[1238] [M]: 0x80001344 (0x66666537) lui a0, 419430
x10 <- 0x66666000


mem[X,0x80001348] -> 0x0513
mem[X,0x8000134A] -> 0x6675
[1239] [M]: 0x80001348 (0x66750513) addi a0, a0, 1639
x10 <- 0x66666667


mem[X,0x8000134C] -> 0x7593
mem[X,0x8000134E] -> 0xAAA5
[1240] [M]: 0x8000134C (0xAAA57593) andi a1, a0, 2730
x11 <- 0x66666222


mem[X,0x80001350] -> 0x2423
mem[X,0x80001352] -> 0x4AB1
[1241] [M]: 0x80001350 (0x4AB12423) sw a1, 1192(sp)
mem[0x80005608] <- 0x66666222


mem[X,0x80001354] -> 0x6537
mem[X,0x80001356] -> 0x6666
[1242] [M]: 0x80001354 (0x66666537) lui a0, 419430
x10 <- 0x66666000


mem[X,0x80001358] -> 0x0513
mem[X,0x8000135A] -> 0x6675
[1243] [M]: 0x80001358 (0x66750513) addi a0, a0, 1639
x10 <- 0x66666667


mem[X,0x8000135C] -> 0x7593
mem[X,0x8000135E] -> 0x0055
[1244] [M]: 0x8000135C (0x00557593) andi a1, a0, 5
x11 <- 0x00000005


mem[X,0x80001360] -> 0x2623
mem[X,0x80001362] -> 0x4AB1
[1245] [M]: 0x80001360 (0x4AB12623) sw a1, 1196(sp)
mem[0x8000560C] <- 0x00000005


mem[X,0x80001364] -> 0x6537
mem[X,0x80001366] -> 0x6666
[1246] [M]: 0x80001364 (0x66666537) lui a0, 419430
x10 <- 0x66666000


mem[X,0x80001368] -> 0x0513
mem[X,0x8000136A] -> 0x6675
[1247] [M]: 0x80001368 (0x66750513) addi a0, a0, 1639
x10 <- 0x66666667


mem[X,0x8000136C] -> 0x7593
mem[X,0x8000136E] -> 0x3335
[1248] [M]: 0x8000136C (0x33357593) andi a1, a0, 819
x11 <- 0x00000223


mem[X,0x80001370] -> 0x2823
mem[X,0x80001372] -> 0x4AB1
[1249] [M]: 0x80001370 (0x4AB12823) sw a1, 1200(sp)
mem[0x80005610] <- 0x00000223


mem[X,0x80001374] -> 0x6537
mem[X,0x80001376] -> 0x6666
[1250] [M]: 0x80001374 (0x66666537) lui a0, 419430
x10 <- 0x66666000


mem[X,0x80001378] -> 0x0513
mem[X,0x8000137A] -> 0x6675
[1251] [M]: 0x80001378 (0x66750513) addi a0, a0, 1639
x10 <- 0x66666667


mem[X,0x8000137C] -> 0x7593
mem[X,0x8000137E] -> 0x6665
[1252] [M]: 0x8000137C (0x66657593) andi a1, a0, 1638
x11 <- 0x00000666


mem[X,0x80001380] -> 0x2A23
mem[X,0x80001382] -> 0x4AB1
[1253] [M]: 0x80001380 (0x4AB12A23) sw a1, 1204(sp)
mem[0x80005614] <- 0x00000666


mem[X,0x80001384] -> 0x6537
mem[X,0x80001386] -> 0x6666
[1254] [M]: 0x80001384 (0x66666537) lui a0, 419430
x10 <- 0x66666000


mem[X,0x80001388] -> 0x0513
mem[X,0x8000138A] -> 0x6675
[1255] [M]: 0x80001388 (0x66750513) addi a0, a0, 1639
x10 <- 0x66666667


mem[X,0x8000138C] -> 0x7593
mem[X,0x8000138E] -> 0xFD35
[1256] [M]: 0x8000138C (0xFD357593) andi a1, a0, 4051
x11 <- 0x66666643


mem[X,0x80001390] -> 0x2C23
mem[X,0x80001392] -> 0x4AB1
[1257] [M]: 0x80001390 (0x4AB12C23) sw a1, 1208(sp)
mem[0x80005618] <- 0x66666643


mem[X,0x80001394] -> 0x6537
mem[X,0x80001396] -> 0x6666
[1258] [M]: 0x80001394 (0x66666537) lui a0, 419430
x10 <- 0x66666000


mem[X,0x80001398] -> 0x0513
mem[X,0x8000139A] -> 0x6675
[1259] [M]: 0x80001398 (0x66750513) addi a0, a0, 1639
x10 <- 0x66666667


mem[X,0x8000139C] -> 0x7593
mem[X,0x8000139E] -> 0x02D5
[1260] [M]: 0x8000139C (0x02D57593) andi a1, a0, 45
x11 <- 0x00000025


mem[X,0x800013A0] -> 0x2E23
mem[X,0x800013A2] -> 0x4AB1
[1261] [M]: 0x800013A0 (0x4AB12E23) sw a1, 1212(sp)
mem[0x8000561C] <- 0x00000025


mem[X,0x800013A4] -> 0x6537
mem[X,0x800013A6] -> 0x6666
[1262] [M]: 0x800013A4 (0x66666537) lui a0, 419430
x10 <- 0x66666000


mem[X,0x800013A8] -> 0x0513
mem[X,0x800013AA] -> 0x6675
[1263] [M]: 0x800013A8 (0x66750513) addi a0, a0, 1639
x10 <- 0x66666667


mem[X,0x800013AC] -> 0x7593
mem[X,0x800013AE] -> 0x0025
[1264] [M]: 0x800013AC (0x00257593) andi a1, a0, 2
x11 <- 0x00000002


mem[X,0x800013B0] -> 0x2023
mem[X,0x800013B2] -> 0x4CB1
[1265] [M]: 0x800013B0 (0x4CB12023) sw a1, 1216(sp)
mem[0x80005620] <- 0x00000002


mem[X,0x800013B4] -> 0x6537
mem[X,0x800013B6] -> 0x6666
[1266] [M]: 0x800013B4 (0x66666537) lui a0, 419430
x10 <- 0x66666000


mem[X,0x800013B8] -> 0x0513
mem[X,0x800013BA] -> 0x6675
[1267] [M]: 0x800013B8 (0x66750513) addi a0, a0, 1639
x10 <- 0x66666667


mem[X,0x800013BC] -> 0x7593
mem[X,0x800013BE] -> 0x5545
[1268] [M]: 0x800013BC (0x55457593) andi a1, a0, 1364
x11 <- 0x00000444


mem[X,0x800013C0] -> 0x2223
mem[X,0x800013C2] -> 0x4CB1
[1269] [M]: 0x800013C0 (0x4CB12223) sw a1, 1220(sp)
mem[0x80005624] <- 0x00000444


mem[X,0x800013C4] -> 0x6537
mem[X,0x800013C6] -> 0x6666
[1270] [M]: 0x800013C4 (0x66666537) lui a0, 419430
x10 <- 0x66666000


mem[X,0x800013C8] -> 0x0513
mem[X,0x800013CA] -> 0x6675
[1271] [M]: 0x800013C8 (0x66750513) addi a0, a0, 1639
x10 <- 0x66666667


mem[X,0x800013CC] -> 0x7593
mem[X,0x800013CE] -> 0x0005
[1272] [M]: 0x800013CC (0x00057593) andi a1, a0, 0
x11 <- 0x00000000


mem[X,0x800013D0] -> 0x2423
mem[X,0x800013D2] -> 0x4CB1
[1273] [M]: 0x800013D0 (0x4CB12423) sw a1, 1224(sp)
mem[0x80005628] <- 0x00000000


mem[X,0x800013D4] -> 0x6537
mem[X,0x800013D6] -> 0x6666
[1274] [M]: 0x800013D4 (0x66666537) lui a0, 419430
x10 <- 0x66666000


mem[X,0x800013D8] -> 0x0513
mem[X,0x800013DA] -> 0x6675
[1275] [M]: 0x800013D8 (0x66750513) addi a0, a0, 1639
x10 <- 0x66666667


mem[X,0x800013DC] -> 0x7593
mem[X,0x800013DE] -> 0x0045
[1276] [M]: 0x800013DC (0x00457593) andi a1, a0, 4
x11 <- 0x00000004


mem[X,0x800013E0] -> 0x2623
mem[X,0x800013E2] -> 0x4CB1
[1277] [M]: 0x800013E0 (0x4CB12623) sw a1, 1228(sp)
mem[0x8000562C] <- 0x00000004


mem[X,0x800013E4] -> 0x6537
mem[X,0x800013E6] -> 0x6666
[1278] [M]: 0x800013E4 (0x66666537) lui a0, 419430
x10 <- 0x66666000


mem[X,0x800013E8] -> 0x0513
mem[X,0x800013EA] -> 0x6675
[1279] [M]: 0x800013E8 (0x66750513) addi a0, a0, 1639
x10 <- 0x66666667


mem[X,0x800013EC] -> 0x7593
mem[X,0x800013EE] -> 0x3325
[1280] [M]: 0x800013EC (0x33257593) andi a1, a0, 818
x11 <- 0x00000222


mem[X,0x800013F0] -> 0x2823
mem[X,0x800013F2] -> 0x4CB1
[1281] [M]: 0x800013F0 (0x4CB12823) sw a1, 1232(sp)
mem[0x80005630] <- 0x00000222


mem[X,0x800013F4] -> 0x6537
mem[X,0x800013F6] -> 0x6666
[1282] [M]: 0x800013F4 (0x66666537) lui a0, 419430
x10 <- 0x66666000


mem[X,0x800013F8] -> 0x0513
mem[X,0x800013FA] -> 0x6675
[1283] [M]: 0x800013F8 (0x66750513) addi a0, a0, 1639
x10 <- 0x66666667


mem[X,0x800013FC] -> 0x7593
mem[X,0x800013FE] -> 0x6655
[1284] [M]: 0x800013FC (0x66557593) andi a1, a0, 1637
x11 <- 0x00000665


mem[X,0x80001400] -> 0x2A23
mem[X,0x80001402] -> 0x4CB1
[1285] [M]: 0x80001400 (0x4CB12A23) sw a1, 1236(sp)
mem[0x80005634] <- 0x00000665


mem[X,0x80001404] -> 0x6537
mem[X,0x80001406] -> 0x6666
[1286] [M]: 0x80001404 (0x66666537) lui a0, 419430
x10 <- 0x66666000


mem[X,0x80001408] -> 0x0513
mem[X,0x8000140A] -> 0x6675
[1287] [M]: 0x80001408 (0x66750513) addi a0, a0, 1639
x10 <- 0x66666667


mem[X,0x8000140C] -> 0x7593
mem[X,0x8000140E] -> 0x02C5
[1288] [M]: 0x8000140C (0x02C57593) andi a1, a0, 44
x11 <- 0x00000024


mem[X,0x80001410] -> 0x2C23
mem[X,0x80001412] -> 0x4CB1
[1289] [M]: 0x80001410 (0x4CB12C23) sw a1, 1240(sp)
mem[0x80005638] <- 0x00000024


mem[X,0x80001414] -> 0x6537
mem[X,0x80001416] -> 0x6666
[1290] [M]: 0x80001414 (0x66666537) lui a0, 419430
x10 <- 0x66666000


mem[X,0x80001418] -> 0x0513
mem[X,0x8000141A] -> 0x6675
[1291] [M]: 0x80001418 (0x66750513) addi a0, a0, 1639
x10 <- 0x66666667


mem[X,0x8000141C] -> 0x7593
mem[X,0x8000141E] -> 0x5565
[1292] [M]: 0x8000141C (0x55657593) andi a1, a0, 1366
x11 <- 0x00000446


mem[X,0x80001420] -> 0x2E23
mem[X,0x80001422] -> 0x4CB1
[1293] [M]: 0x80001420 (0x4CB12E23) sw a1, 1244(sp)
mem[0x8000563C] <- 0x00000446


mem[X,0x80001424] -> 0x6537
mem[X,0x80001426] -> 0x6666
[1294] [M]: 0x80001424 (0x66666537) lui a0, 419430
x10 <- 0x66666000


mem[X,0x80001428] -> 0x0513
mem[X,0x8000142A] -> 0x6675
[1295] [M]: 0x80001428 (0x66750513) addi a0, a0, 1639
x10 <- 0x66666667


mem[X,0x8000142C] -> 0x7593
mem[X,0x8000142E] -> 0xAAB5
[1296] [M]: 0x8000142C (0xAAB57593) andi a1, a0, 2731
x11 <- 0x66666223


mem[X,0x80001430] -> 0x2023
mem[X,0x80001432] -> 0x4EB1
[1297] [M]: 0x80001430 (0x4EB12023) sw a1, 1248(sp)
mem[0x80005640] <- 0x66666223


mem[X,0x80001434] -> 0x6537
mem[X,0x80001436] -> 0x6666
[1298] [M]: 0x80001434 (0x66666537) lui a0, 419430
x10 <- 0x66666000


mem[X,0x80001438] -> 0x0513
mem[X,0x8000143A] -> 0x6675
[1299] [M]: 0x80001438 (0x66750513) addi a0, a0, 1639
x10 <- 0x66666667


clint::tick mtime <- 0x000000000000000D
 clint timer pending at mtime 0x000000000000000D
htif::tick 0x0000000000000000
mem[X,0x8000143C] -> 0x7593
mem[X,0x8000143E] -> 0x0065
[1300] [M]: 0x8000143C (0x00657593) andi a1, a0, 6
x11 <- 0x00000006


mem[X,0x80001440] -> 0x2223
mem[X,0x80001442] -> 0x4EB1
[1301] [M]: 0x80001440 (0x4EB12223) sw a1, 1252(sp)
mem[0x80005644] <- 0x00000006


mem[X,0x80001444] -> 0x6537
mem[X,0x80001446] -> 0x6666
[1302] [M]: 0x80001444 (0x66666537) lui a0, 419430
x10 <- 0x66666000


mem[X,0x80001448] -> 0x0513
mem[X,0x8000144A] -> 0x6675
[1303] [M]: 0x80001448 (0x66750513) addi a0, a0, 1639
x10 <- 0x66666667


mem[X,0x8000144C] -> 0x7593
mem[X,0x8000144E] -> 0x3345
[1304] [M]: 0x8000144C (0x33457593) andi a1, a0, 820
x11 <- 0x00000224


mem[X,0x80001450] -> 0x2423
mem[X,0x80001452] -> 0x4EB1
[1305] [M]: 0x80001450 (0x4EB12423) sw a1, 1256(sp)
mem[0x80005648] <- 0x00000224


mem[X,0x80001454] -> 0x6537
mem[X,0x80001456] -> 0x6666
[1306] [M]: 0x80001454 (0x66666537) lui a0, 419430
x10 <- 0x66666000


mem[X,0x80001458] -> 0x0513
mem[X,0x8000145A] -> 0x6675
[1307] [M]: 0x80001458 (0x66750513) addi a0, a0, 1639
x10 <- 0x66666667


mem[X,0x8000145C] -> 0x7593
mem[X,0x8000145E] -> 0x6675
[1308] [M]: 0x8000145C (0x66757593) andi a1, a0, 1639
x11 <- 0x00000667


mem[X,0x80001460] -> 0x2623
mem[X,0x80001462] -> 0x4EB1
[1309] [M]: 0x80001460 (0x4EB12623) sw a1, 1260(sp)
mem[0x8000564C] <- 0x00000667


mem[X,0x80001464] -> 0x6537
mem[X,0x80001466] -> 0x6666
[1310] [M]: 0x80001464 (0x66666537) lui a0, 419430
x10 <- 0x66666000


mem[X,0x80001468] -> 0x0513
mem[X,0x8000146A] -> 0x6675
[1311] [M]: 0x80001468 (0x66750513) addi a0, a0, 1639
x10 <- 0x66666667


mem[X,0x8000146C] -> 0x7593
mem[X,0x8000146E] -> 0xFD45
[1312] [M]: 0x8000146C (0xFD457593) andi a1, a0, 4052
x11 <- 0x66666644


mem[X,0x80001470] -> 0x2823
mem[X,0x80001472] -> 0x4EB1
[1313] [M]: 0x80001470 (0x4EB12823) sw a1, 1264(sp)
mem[0x80005650] <- 0x66666644


mem[X,0x80001474] -> 0x6537
mem[X,0x80001476] -> 0x6666
[1314] [M]: 0x80001474 (0x66666537) lui a0, 419430
x10 <- 0x66666000


mem[X,0x80001478] -> 0x0513
mem[X,0x8000147A] -> 0x6675
[1315] [M]: 0x80001478 (0x66750513) addi a0, a0, 1639
x10 <- 0x66666667


mem[X,0x8000147C] -> 0x7593
mem[X,0x8000147E] -> 0x02E5
[1316] [M]: 0x8000147C (0x02E57593) andi a1, a0, 46
x11 <- 0x00000026


mem[X,0x80001480] -> 0x2A23
mem[X,0x80001482] -> 0x4EB1
[1317] [M]: 0x80001480 (0x4EB12A23) sw a1, 1268(sp)
mem[0x80005654] <- 0x00000026


mem[X,0x80001484] -> 0x5537
mem[X,0x80001486] -> 0xFFFF
[1318] [M]: 0x80001484 (0xFFFF5537) lui a0, 1048565
x10 <- 0xFFFF5000


mem[X,0x80001488] -> 0x0513
mem[X,0x8000148A] -> 0xAFD5
[1319] [M]: 0x80001488 (0xAFD50513) addi a0, a0, 2813
x10 <- 0xFFFF4AFD


mem[X,0x8000148C] -> 0x7593
mem[X,0x8000148E] -> 0x0035
[1320] [M]: 0x8000148C (0x00357593) andi a1, a0, 3
x11 <- 0x00000001


mem[X,0x80001490] -> 0x2C23
mem[X,0x80001492] -> 0x4EB1
[1321] [M]: 0x80001490 (0x4EB12C23) sw a1, 1272(sp)
mem[0x80005658] <- 0x00000001


mem[X,0x80001494] -> 0x5537
mem[X,0x80001496] -> 0xFFFF
[1322] [M]: 0x80001494 (0xFFFF5537) lui a0, 1048565
x10 <- 0xFFFF5000


mem[X,0x80001498] -> 0x0513
mem[X,0x8000149A] -> 0xAFD5
[1323] [M]: 0x80001498 (0xAFD50513) addi a0, a0, 2813
x10 <- 0xFFFF4AFD


mem[X,0x8000149C] -> 0x7593
mem[X,0x8000149E] -> 0x5555
[1324] [M]: 0x8000149C (0x55557593) andi a1, a0, 1365
x11 <- 0x00000055


mem[X,0x800014A0] -> 0x2E23
mem[X,0x800014A2] -> 0x4EB1
[1325] [M]: 0x800014A0 (0x4EB12E23) sw a1, 1276(sp)
mem[0x8000565C] <- 0x00000055


mem[X,0x800014A4] -> 0x5537
mem[X,0x800014A6] -> 0xFFFF
[1326] [M]: 0x800014A4 (0xFFFF5537) lui a0, 1048565
x10 <- 0xFFFF5000


mem[X,0x800014A8] -> 0x0513
mem[X,0x800014AA] -> 0xAFD5
[1327] [M]: 0x800014A8 (0xAFD50513) addi a0, a0, 2813
x10 <- 0xFFFF4AFD


mem[X,0x800014AC] -> 0x7593
mem[X,0x800014AE] -> 0xAAA5
[1328] [M]: 0x800014AC (0xAAA57593) andi a1, a0, 2730
x11 <- 0xFFFF4AA8


mem[X,0x800014B0] -> 0x2023
mem[X,0x800014B2] -> 0x50B1
[1329] [M]: 0x800014B0 (0x50B12023) sw a1, 1280(sp)
mem[0x80005660] <- 0xFFFF4AA8


mem[X,0x800014B4] -> 0x5537
mem[X,0x800014B6] -> 0xFFFF
[1330] [M]: 0x800014B4 (0xFFFF5537) lui a0, 1048565
x10 <- 0xFFFF5000


mem[X,0x800014B8] -> 0x0513
mem[X,0x800014BA] -> 0xAFD5
[1331] [M]: 0x800014B8 (0xAFD50513) addi a0, a0, 2813
x10 <- 0xFFFF4AFD


mem[X,0x800014BC] -> 0x7593
mem[X,0x800014BE] -> 0x0055
[1332] [M]: 0x800014BC (0x00557593) andi a1, a0, 5
x11 <- 0x00000005


mem[X,0x800014C0] -> 0x2223
mem[X,0x800014C2] -> 0x50B1
[1333] [M]: 0x800014C0 (0x50B12223) sw a1, 1284(sp)
mem[0x80005664] <- 0x00000005


mem[X,0x800014C4] -> 0x5537
mem[X,0x800014C6] -> 0xFFFF
[1334] [M]: 0x800014C4 (0xFFFF5537) lui a0, 1048565
x10 <- 0xFFFF5000


mem[X,0x800014C8] -> 0x0513
mem[X,0x800014CA] -> 0xAFD5
[1335] [M]: 0x800014C8 (0xAFD50513) addi a0, a0, 2813
x10 <- 0xFFFF4AFD


mem[X,0x800014CC] -> 0x7593
mem[X,0x800014CE] -> 0x3335
[1336] [M]: 0x800014CC (0x33357593) andi a1, a0, 819
x11 <- 0x00000231


mem[X,0x800014D0] -> 0x2423
mem[X,0x800014D2] -> 0x50B1
[1337] [M]: 0x800014D0 (0x50B12423) sw a1, 1288(sp)
mem[0x80005668] <- 0x00000231


mem[X,0x800014D4] -> 0x5537
mem[X,0x800014D6] -> 0xFFFF
[1338] [M]: 0x800014D4 (0xFFFF5537) lui a0, 1048565
x10 <- 0xFFFF5000


mem[X,0x800014D8] -> 0x0513
mem[X,0x800014DA] -> 0xAFD5
[1339] [M]: 0x800014D8 (0xAFD50513) addi a0, a0, 2813
x10 <- 0xFFFF4AFD


mem[X,0x800014DC] -> 0x7593
mem[X,0x800014DE] -> 0x6665
[1340] [M]: 0x800014DC (0x66657593) andi a1, a0, 1638
x11 <- 0x00000264


mem[X,0x800014E0] -> 0x2623
mem[X,0x800014E2] -> 0x50B1
[1341] [M]: 0x800014E0 (0x50B12623) sw a1, 1292(sp)
mem[0x8000566C] <- 0x00000264


mem[X,0x800014E4] -> 0x5537
mem[X,0x800014E6] -> 0xFFFF
[1342] [M]: 0x800014E4 (0xFFFF5537) lui a0, 1048565
x10 <- 0xFFFF5000


mem[X,0x800014E8] -> 0x0513
mem[X,0x800014EA] -> 0xAFD5
[1343] [M]: 0x800014E8 (0xAFD50513) addi a0, a0, 2813
x10 <- 0xFFFF4AFD


mem[X,0x800014EC] -> 0x7593
mem[X,0x800014EE] -> 0xFD35
[1344] [M]: 0x800014EC (0xFD357593) andi a1, a0, 4051
x11 <- 0xFFFF4AD1


mem[X,0x800014F0] -> 0x2823
mem[X,0x800014F2] -> 0x50B1
[1345] [M]: 0x800014F0 (0x50B12823) sw a1, 1296(sp)
mem[0x80005670] <- 0xFFFF4AD1


mem[X,0x800014F4] -> 0x5537
mem[X,0x800014F6] -> 0xFFFF
[1346] [M]: 0x800014F4 (0xFFFF5537) lui a0, 1048565
x10 <- 0xFFFF5000


mem[X,0x800014F8] -> 0x0513
mem[X,0x800014FA] -> 0xAFD5
[1347] [M]: 0x800014F8 (0xAFD50513) addi a0, a0, 2813
x10 <- 0xFFFF4AFD


mem[X,0x800014FC] -> 0x7593
mem[X,0x800014FE] -> 0x02D5
[1348] [M]: 0x800014FC (0x02D57593) andi a1, a0, 45
x11 <- 0x0000002D


mem[X,0x80001500] -> 0x2A23
mem[X,0x80001502] -> 0x50B1
[1349] [M]: 0x80001500 (0x50B12A23) sw a1, 1300(sp)
mem[0x80005674] <- 0x0000002D


mem[X,0x80001504] -> 0x5537
mem[X,0x80001506] -> 0xFFFF
[1350] [M]: 0x80001504 (0xFFFF5537) lui a0, 1048565
x10 <- 0xFFFF5000


mem[X,0x80001508] -> 0x0513
mem[X,0x8000150A] -> 0xAFD5
[1351] [M]: 0x80001508 (0xAFD50513) addi a0, a0, 2813
x10 <- 0xFFFF4AFD


mem[X,0x8000150C] -> 0x7593
mem[X,0x8000150E] -> 0x0025
[1352] [M]: 0x8000150C (0x00257593) andi a1, a0, 2
x11 <- 0x00000000


mem[X,0x80001510] -> 0x2C23
mem[X,0x80001512] -> 0x50B1
[1353] [M]: 0x80001510 (0x50B12C23) sw a1, 1304(sp)
mem[0x80005678] <- 0x00000000


mem[X,0x80001514] -> 0x5537
mem[X,0x80001516] -> 0xFFFF
[1354] [M]: 0x80001514 (0xFFFF5537) lui a0, 1048565
x10 <- 0xFFFF5000


mem[X,0x80001518] -> 0x0513
mem[X,0x8000151A] -> 0xAFD5
[1355] [M]: 0x80001518 (0xAFD50513) addi a0, a0, 2813
x10 <- 0xFFFF4AFD


mem[X,0x8000151C] -> 0x7593
mem[X,0x8000151E] -> 0x5545
[1356] [M]: 0x8000151C (0x55457593) andi a1, a0, 1364
x11 <- 0x00000054


mem[X,0x80001520] -> 0x2E23
mem[X,0x80001522] -> 0x50B1
[1357] [M]: 0x80001520 (0x50B12E23) sw a1, 1308(sp)
mem[0x8000567C] <- 0x00000054


mem[X,0x80001524] -> 0x5537
mem[X,0x80001526] -> 0xFFFF
[1358] [M]: 0x80001524 (0xFFFF5537) lui a0, 1048565
x10 <- 0xFFFF5000


mem[X,0x80001528] -> 0x0513
mem[X,0x8000152A] -> 0xAFD5
[1359] [M]: 0x80001528 (0xAFD50513) addi a0, a0, 2813
x10 <- 0xFFFF4AFD


mem[X,0x8000152C] -> 0x7593
mem[X,0x8000152E] -> 0x0005
[1360] [M]: 0x8000152C (0x00057593) andi a1, a0, 0
x11 <- 0x00000000


mem[X,0x80001530] -> 0x2023
mem[X,0x80001532] -> 0x52B1
[1361] [M]: 0x80001530 (0x52B12023) sw a1, 1312(sp)
mem[0x80005680] <- 0x00000000


mem[X,0x80001534] -> 0x5537
mem[X,0x80001536] -> 0xFFFF
[1362] [M]: 0x80001534 (0xFFFF5537) lui a0, 1048565
x10 <- 0xFFFF5000


mem[X,0x80001538] -> 0x0513
mem[X,0x8000153A] -> 0xAFD5
[1363] [M]: 0x80001538 (0xAFD50513) addi a0, a0, 2813
x10 <- 0xFFFF4AFD


mem[X,0x8000153C] -> 0x7593
mem[X,0x8000153E] -> 0x0045
[1364] [M]: 0x8000153C (0x00457593) andi a1, a0, 4
x11 <- 0x00000004


mem[X,0x80001540] -> 0x2223
mem[X,0x80001542] -> 0x52B1
[1365] [M]: 0x80001540 (0x52B12223) sw a1, 1316(sp)
mem[0x80005684] <- 0x00000004


mem[X,0x80001544] -> 0x5537
mem[X,0x80001546] -> 0xFFFF
[1366] [M]: 0x80001544 (0xFFFF5537) lui a0, 1048565
x10 <- 0xFFFF5000


mem[X,0x80001548] -> 0x0513
mem[X,0x8000154A] -> 0xAFD5
[1367] [M]: 0x80001548 (0xAFD50513) addi a0, a0, 2813
x10 <- 0xFFFF4AFD


mem[X,0x8000154C] -> 0x7593
mem[X,0x8000154E] -> 0x3325
[1368] [M]: 0x8000154C (0x33257593) andi a1, a0, 818
x11 <- 0x00000230


mem[X,0x80001550] -> 0x2423
mem[X,0x80001552] -> 0x52B1
[1369] [M]: 0x80001550 (0x52B12423) sw a1, 1320(sp)
mem[0x80005688] <- 0x00000230


mem[X,0x80001554] -> 0x5537
mem[X,0x80001556] -> 0xFFFF
[1370] [M]: 0x80001554 (0xFFFF5537) lui a0, 1048565
x10 <- 0xFFFF5000


mem[X,0x80001558] -> 0x0513
mem[X,0x8000155A] -> 0xAFD5
[1371] [M]: 0x80001558 (0xAFD50513) addi a0, a0, 2813
x10 <- 0xFFFF4AFD


mem[X,0x8000155C] -> 0x7593
mem[X,0x8000155E] -> 0x6655
[1372] [M]: 0x8000155C (0x66557593) andi a1, a0, 1637
x11 <- 0x00000265


mem[X,0x80001560] -> 0x2623
mem[X,0x80001562] -> 0x52B1
[1373] [M]: 0x80001560 (0x52B12623) sw a1, 1324(sp)
mem[0x8000568C] <- 0x00000265


mem[X,0x80001564] -> 0x5537
mem[X,0x80001566] -> 0xFFFF
[1374] [M]: 0x80001564 (0xFFFF5537) lui a0, 1048565
x10 <- 0xFFFF5000


mem[X,0x80001568] -> 0x0513
mem[X,0x8000156A] -> 0xAFD5
[1375] [M]: 0x80001568 (0xAFD50513) addi a0, a0, 2813
x10 <- 0xFFFF4AFD


mem[X,0x8000156C] -> 0x7593
mem[X,0x8000156E] -> 0x02C5
[1376] [M]: 0x8000156C (0x02C57593) andi a1, a0, 44
x11 <- 0x0000002C


mem[X,0x80001570] -> 0x2823
mem[X,0x80001572] -> 0x52B1
[1377] [M]: 0x80001570 (0x52B12823) sw a1, 1328(sp)
mem[0x80005690] <- 0x0000002C


mem[X,0x80001574] -> 0x5537
mem[X,0x80001576] -> 0xFFFF
[1378] [M]: 0x80001574 (0xFFFF5537) lui a0, 1048565
x10 <- 0xFFFF5000


mem[X,0x80001578] -> 0x0513
mem[X,0x8000157A] -> 0xAFD5
[1379] [M]: 0x80001578 (0xAFD50513) addi a0, a0, 2813
x10 <- 0xFFFF4AFD


mem[X,0x8000157C] -> 0x7593
mem[X,0x8000157E] -> 0x5565
[1380] [M]: 0x8000157C (0x55657593) andi a1, a0, 1366
x11 <- 0x00000054


mem[X,0x80001580] -> 0x2A23
mem[X,0x80001582] -> 0x52B1
[1381] [M]: 0x80001580 (0x52B12A23) sw a1, 1332(sp)
mem[0x80005694] <- 0x00000054


mem[X,0x80001584] -> 0x5537
mem[X,0x80001586] -> 0xFFFF
[1382] [M]: 0x80001584 (0xFFFF5537) lui a0, 1048565
x10 <- 0xFFFF5000


mem[X,0x80001588] -> 0x0513
mem[X,0x8000158A] -> 0xAFD5
[1383] [M]: 0x80001588 (0xAFD50513) addi a0, a0, 2813
x10 <- 0xFFFF4AFD


mem[X,0x8000158C] -> 0x7593
mem[X,0x8000158E] -> 0xAAB5
[1384] [M]: 0x8000158C (0xAAB57593) andi a1, a0, 2731
x11 <- 0xFFFF4AA9


mem[X,0x80001590] -> 0x2C23
mem[X,0x80001592] -> 0x52B1
[1385] [M]: 0x80001590 (0x52B12C23) sw a1, 1336(sp)
mem[0x80005698] <- 0xFFFF4AA9


mem[X,0x80001594] -> 0x5537
mem[X,0x80001596] -> 0xFFFF
[1386] [M]: 0x80001594 (0xFFFF5537) lui a0, 1048565
x10 <- 0xFFFF5000


mem[X,0x80001598] -> 0x0513
mem[X,0x8000159A] -> 0xAFD5
[1387] [M]: 0x80001598 (0xAFD50513) addi a0, a0, 2813
x10 <- 0xFFFF4AFD


mem[X,0x8000159C] -> 0x7593
mem[X,0x8000159E] -> 0x0065
[1388] [M]: 0x8000159C (0x00657593) andi a1, a0, 6
x11 <- 0x00000004


mem[X,0x800015A0] -> 0x2E23
mem[X,0x800015A2] -> 0x52B1
[1389] [M]: 0x800015A0 (0x52B12E23) sw a1, 1340(sp)
mem[0x8000569C] <- 0x00000004


mem[X,0x800015A4] -> 0x5537
mem[X,0x800015A6] -> 0xFFFF
[1390] [M]: 0x800015A4 (0xFFFF5537) lui a0, 1048565
x10 <- 0xFFFF5000


mem[X,0x800015A8] -> 0x0513
mem[X,0x800015AA] -> 0xAFD5
[1391] [M]: 0x800015A8 (0xAFD50513) addi a0, a0, 2813
x10 <- 0xFFFF4AFD


mem[X,0x800015AC] -> 0x7593
mem[X,0x800015AE] -> 0x3345
[1392] [M]: 0x800015AC (0x33457593) andi a1, a0, 820
x11 <- 0x00000234


mem[X,0x800015B0] -> 0x2023
mem[X,0x800015B2] -> 0x54B1
[1393] [M]: 0x800015B0 (0x54B12023) sw a1, 1344(sp)
mem[0x800056A0] <- 0x00000234


mem[X,0x800015B4] -> 0x5537
mem[X,0x800015B6] -> 0xFFFF
[1394] [M]: 0x800015B4 (0xFFFF5537) lui a0, 1048565
x10 <- 0xFFFF5000


mem[X,0x800015B8] -> 0x0513
mem[X,0x800015BA] -> 0xAFD5
[1395] [M]: 0x800015B8 (0xAFD50513) addi a0, a0, 2813
x10 <- 0xFFFF4AFD


mem[X,0x800015BC] -> 0x7593
mem[X,0x800015BE] -> 0x6675
[1396] [M]: 0x800015BC (0x66757593) andi a1, a0, 1639
x11 <- 0x00000265


mem[X,0x800015C0] -> 0x2223
mem[X,0x800015C2] -> 0x54B1
[1397] [M]: 0x800015C0 (0x54B12223) sw a1, 1348(sp)
mem[0x800056A4] <- 0x00000265


mem[X,0x800015C4] -> 0x5537
mem[X,0x800015C6] -> 0xFFFF
[1398] [M]: 0x800015C4 (0xFFFF5537) lui a0, 1048565
x10 <- 0xFFFF5000


mem[X,0x800015C8] -> 0x0513
mem[X,0x800015CA] -> 0xAFD5
[1399] [M]: 0x800015C8 (0xAFD50513) addi a0, a0, 2813
x10 <- 0xFFFF4AFD


clint::tick mtime <- 0x000000000000000E
 clint timer pending at mtime 0x000000000000000E
htif::tick 0x0000000000000000
mem[X,0x800015CC] -> 0x7593
mem[X,0x800015CE] -> 0xFD45
[1400] [M]: 0x800015CC (0xFD457593) andi a1, a0, 4052
x11 <- 0xFFFF4AD4


mem[X,0x800015D0] -> 0x2423
mem[X,0x800015D2] -> 0x54B1
[1401] [M]: 0x800015D0 (0x54B12423) sw a1, 1352(sp)
mem[0x800056A8] <- 0xFFFF4AD4


mem[X,0x800015D4] -> 0x5537
mem[X,0x800015D6] -> 0xFFFF
[1402] [M]: 0x800015D4 (0xFFFF5537) lui a0, 1048565
x10 <- 0xFFFF5000


mem[X,0x800015D8] -> 0x0513
mem[X,0x800015DA] -> 0xAFD5
[1403] [M]: 0x800015D8 (0xAFD50513) addi a0, a0, 2813
x10 <- 0xFFFF4AFD


mem[X,0x800015DC] -> 0x7593
mem[X,0x800015DE] -> 0x02E5
[1404] [M]: 0x800015DC (0x02E57593) andi a1, a0, 46
x11 <- 0x0000002C


mem[X,0x800015E0] -> 0x2623
mem[X,0x800015E2] -> 0x54B1
[1405] [M]: 0x800015E0 (0x54B12623) sw a1, 1356(sp)
mem[0x800056AC] <- 0x0000002C


mem[X,0x800015E4] -> 0xB537
mem[X,0x800015E6] -> 0x0000
[1406] [M]: 0x800015E4 (0x0000B537) lui a0, 11
x10 <- 0x0000B000


mem[X,0x800015E8] -> 0x0513
mem[X,0x800015EA] -> 0x5055
[1407] [M]: 0x800015E8 (0x50550513) addi a0, a0, 1285
x10 <- 0x0000B505


mem[X,0x800015EC] -> 0x7593
mem[X,0x800015EE] -> 0x0035
[1408] [M]: 0x800015EC (0x00357593) andi a1, a0, 3
x11 <- 0x00000001


mem[X,0x800015F0] -> 0x2823
mem[X,0x800015F2] -> 0x54B1
[1409] [M]: 0x800015F0 (0x54B12823) sw a1, 1360(sp)
mem[0x800056B0] <- 0x00000001


mem[X,0x800015F4] -> 0xB537
mem[X,0x800015F6] -> 0x0000
[1410] [M]: 0x800015F4 (0x0000B537) lui a0, 11
x10 <- 0x0000B000


mem[X,0x800015F8] -> 0x0513
mem[X,0x800015FA] -> 0x5055
[1411] [M]: 0x800015F8 (0x50550513) addi a0, a0, 1285
x10 <- 0x0000B505


mem[X,0x800015FC] -> 0x7593
mem[X,0x800015FE] -> 0x5555
[1412] [M]: 0x800015FC (0x55557593) andi a1, a0, 1365
x11 <- 0x00000505


mem[X,0x80001600] -> 0x2A23
mem[X,0x80001602] -> 0x54B1
[1413] [M]: 0x80001600 (0x54B12A23) sw a1, 1364(sp)
mem[0x800056B4] <- 0x00000505


mem[X,0x80001604] -> 0xB537
mem[X,0x80001606] -> 0x0000
[1414] [M]: 0x80001604 (0x0000B537) lui a0, 11
x10 <- 0x0000B000


mem[X,0x80001608] -> 0x0513
mem[X,0x8000160A] -> 0x5055
[1415] [M]: 0x80001608 (0x50550513) addi a0, a0, 1285
x10 <- 0x0000B505


mem[X,0x8000160C] -> 0x7593
mem[X,0x8000160E] -> 0xAAA5
[1416] [M]: 0x8000160C (0xAAA57593) andi a1, a0, 2730
x11 <- 0x0000B000


mem[X,0x80001610] -> 0x2C23
mem[X,0x80001612] -> 0x54B1
[1417] [M]: 0x80001610 (0x54B12C23) sw a1, 1368(sp)
mem[0x800056B8] <- 0x0000B000


mem[X,0x80001614] -> 0xB537
mem[X,0x80001616] -> 0x0000
[1418] [M]: 0x80001614 (0x0000B537) lui a0, 11
x10 <- 0x0000B000


mem[X,0x80001618] -> 0x0513
mem[X,0x8000161A] -> 0x5055
[1419] [M]: 0x80001618 (0x50550513) addi a0, a0, 1285
x10 <- 0x0000B505


mem[X,0x8000161C] -> 0x7593
mem[X,0x8000161E] -> 0x0055
[1420] [M]: 0x8000161C (0x00557593) andi a1, a0, 5
x11 <- 0x00000005


mem[X,0x80001620] -> 0x2E23
mem[X,0x80001622] -> 0x54B1
[1421] [M]: 0x80001620 (0x54B12E23) sw a1, 1372(sp)
mem[0x800056BC] <- 0x00000005


mem[X,0x80001624] -> 0xB537
mem[X,0x80001626] -> 0x0000
[1422] [M]: 0x80001624 (0x0000B537) lui a0, 11
x10 <- 0x0000B000


mem[X,0x80001628] -> 0x0513
mem[X,0x8000162A] -> 0x5055
[1423] [M]: 0x80001628 (0x50550513) addi a0, a0, 1285
x10 <- 0x0000B505


mem[X,0x8000162C] -> 0x7593
mem[X,0x8000162E] -> 0x3335
[1424] [M]: 0x8000162C (0x33357593) andi a1, a0, 819
x11 <- 0x00000101


mem[X,0x80001630] -> 0x2023
mem[X,0x80001632] -> 0x56B1
[1425] [M]: 0x80001630 (0x56B12023) sw a1, 1376(sp)
mem[0x800056C0] <- 0x00000101


mem[X,0x80001634] -> 0xB537
mem[X,0x80001636] -> 0x0000
[1426] [M]: 0x80001634 (0x0000B537) lui a0, 11
x10 <- 0x0000B000


mem[X,0x80001638] -> 0x0513
mem[X,0x8000163A] -> 0x5055
[1427] [M]: 0x80001638 (0x50550513) addi a0, a0, 1285
x10 <- 0x0000B505


mem[X,0x8000163C] -> 0x7593
mem[X,0x8000163E] -> 0x6665
[1428] [M]: 0x8000163C (0x66657593) andi a1, a0, 1638
x11 <- 0x00000404


mem[X,0x80001640] -> 0x2223
mem[X,0x80001642] -> 0x56B1
[1429] [M]: 0x80001640 (0x56B12223) sw a1, 1380(sp)
mem[0x800056C4] <- 0x00000404


mem[X,0x80001644] -> 0xB537
mem[X,0x80001646] -> 0x0000
[1430] [M]: 0x80001644 (0x0000B537) lui a0, 11
x10 <- 0x0000B000


mem[X,0x80001648] -> 0x0513
mem[X,0x8000164A] -> 0x5055
[1431] [M]: 0x80001648 (0x50550513) addi a0, a0, 1285
x10 <- 0x0000B505


mem[X,0x8000164C] -> 0x7593
mem[X,0x8000164E] -> 0xFD35
[1432] [M]: 0x8000164C (0xFD357593) andi a1, a0, 4051
x11 <- 0x0000B501


mem[X,0x80001650] -> 0x2423
mem[X,0x80001652] -> 0x56B1
[1433] [M]: 0x80001650 (0x56B12423) sw a1, 1384(sp)
mem[0x800056C8] <- 0x0000B501


mem[X,0x80001654] -> 0xB537
mem[X,0x80001656] -> 0x0000
[1434] [M]: 0x80001654 (0x0000B537) lui a0, 11
x10 <- 0x0000B000


mem[X,0x80001658] -> 0x0513
mem[X,0x8000165A] -> 0x5055
[1435] [M]: 0x80001658 (0x50550513) addi a0, a0, 1285
x10 <- 0x0000B505


mem[X,0x8000165C] -> 0x7593
mem[X,0x8000165E] -> 0x02D5
[1436] [M]: 0x8000165C (0x02D57593) andi a1, a0, 45
x11 <- 0x00000005


mem[X,0x80001660] -> 0x2623
mem[X,0x80001662] -> 0x56B1
[1437] [M]: 0x80001660 (0x56B12623) sw a1, 1388(sp)
mem[0x800056CC] <- 0x00000005


mem[X,0x80001664] -> 0xB537
mem[X,0x80001666] -> 0x0000
[1438] [M]: 0x80001664 (0x0000B537) lui a0, 11
x10 <- 0x0000B000


mem[X,0x80001668] -> 0x0513
mem[X,0x8000166A] -> 0x5055
[1439] [M]: 0x80001668 (0x50550513) addi a0, a0, 1285
x10 <- 0x0000B505


mem[X,0x8000166C] -> 0x7593
mem[X,0x8000166E] -> 0x0025
[1440] [M]: 0x8000166C (0x00257593) andi a1, a0, 2
x11 <- 0x00000000


mem[X,0x80001670] -> 0x2823
mem[X,0x80001672] -> 0x56B1
[1441] [M]: 0x80001670 (0x56B12823) sw a1, 1392(sp)
mem[0x800056D0] <- 0x00000000


mem[X,0x80001674] -> 0xB537
mem[X,0x80001676] -> 0x0000
[1442] [M]: 0x80001674 (0x0000B537) lui a0, 11
x10 <- 0x0000B000


mem[X,0x80001678] -> 0x0513
mem[X,0x8000167A] -> 0x5055
[1443] [M]: 0x80001678 (0x50550513) addi a0, a0, 1285
x10 <- 0x0000B505


mem[X,0x8000167C] -> 0x7593
mem[X,0x8000167E] -> 0x5545
[1444] [M]: 0x8000167C (0x55457593) andi a1, a0, 1364
x11 <- 0x00000504


mem[X,0x80001680] -> 0x2A23
mem[X,0x80001682] -> 0x56B1
[1445] [M]: 0x80001680 (0x56B12A23) sw a1, 1396(sp)
mem[0x800056D4] <- 0x00000504


mem[X,0x80001684] -> 0xB537
mem[X,0x80001686] -> 0x0000
[1446] [M]: 0x80001684 (0x0000B537) lui a0, 11
x10 <- 0x0000B000


mem[X,0x80001688] -> 0x0513
mem[X,0x8000168A] -> 0x5055
[1447] [M]: 0x80001688 (0x50550513) addi a0, a0, 1285
x10 <- 0x0000B505


mem[X,0x8000168C] -> 0x7593
mem[X,0x8000168E] -> 0x0005
[1448] [M]: 0x8000168C (0x00057593) andi a1, a0, 0
x11 <- 0x00000000


mem[X,0x80001690] -> 0x2C23
mem[X,0x80001692] -> 0x56B1
[1449] [M]: 0x80001690 (0x56B12C23) sw a1, 1400(sp)
mem[0x800056D8] <- 0x00000000


mem[X,0x80001694] -> 0xB537
mem[X,0x80001696] -> 0x0000
[1450] [M]: 0x80001694 (0x0000B537) lui a0, 11
x10 <- 0x0000B000


mem[X,0x80001698] -> 0x0513
mem[X,0x8000169A] -> 0x5055
[1451] [M]: 0x80001698 (0x50550513) addi a0, a0, 1285
x10 <- 0x0000B505


mem[X,0x8000169C] -> 0x7593
mem[X,0x8000169E] -> 0x0045
[1452] [M]: 0x8000169C (0x00457593) andi a1, a0, 4
x11 <- 0x00000004


mem[X,0x800016A0] -> 0x2E23
mem[X,0x800016A2] -> 0x56B1
[1453] [M]: 0x800016A0 (0x56B12E23) sw a1, 1404(sp)
mem[0x800056DC] <- 0x00000004


mem[X,0x800016A4] -> 0xB537
mem[X,0x800016A6] -> 0x0000
[1454] [M]: 0x800016A4 (0x0000B537) lui a0, 11
x10 <- 0x0000B000


mem[X,0x800016A8] -> 0x0513
mem[X,0x800016AA] -> 0x5055
[1455] [M]: 0x800016A8 (0x50550513) addi a0, a0, 1285
x10 <- 0x0000B505


mem[X,0x800016AC] -> 0x7593
mem[X,0x800016AE] -> 0x3325
[1456] [M]: 0x800016AC (0x33257593) andi a1, a0, 818
x11 <- 0x00000100


mem[X,0x800016B0] -> 0x2023
mem[X,0x800016B2] -> 0x58B1
[1457] [M]: 0x800016B0 (0x58B12023) sw a1, 1408(sp)
mem[0x800056E0] <- 0x00000100


mem[X,0x800016B4] -> 0xB537
mem[X,0x800016B6] -> 0x0000
[1458] [M]: 0x800016B4 (0x0000B537) lui a0, 11
x10 <- 0x0000B000


mem[X,0x800016B8] -> 0x0513
mem[X,0x800016BA] -> 0x5055
[1459] [M]: 0x800016B8 (0x50550513) addi a0, a0, 1285
x10 <- 0x0000B505


mem[X,0x800016BC] -> 0x7593
mem[X,0x800016BE] -> 0x6655
[1460] [M]: 0x800016BC (0x66557593) andi a1, a0, 1637
x11 <- 0x00000405


mem[X,0x800016C0] -> 0x2223
mem[X,0x800016C2] -> 0x58B1
[1461] [M]: 0x800016C0 (0x58B12223) sw a1, 1412(sp)
mem[0x800056E4] <- 0x00000405


mem[X,0x800016C4] -> 0xB537
mem[X,0x800016C6] -> 0x0000
[1462] [M]: 0x800016C4 (0x0000B537) lui a0, 11
x10 <- 0x0000B000


mem[X,0x800016C8] -> 0x0513
mem[X,0x800016CA] -> 0x5055
[1463] [M]: 0x800016C8 (0x50550513) addi a0, a0, 1285
x10 <- 0x0000B505


mem[X,0x800016CC] -> 0x7593
mem[X,0x800016CE] -> 0x02C5
[1464] [M]: 0x800016CC (0x02C57593) andi a1, a0, 44
x11 <- 0x00000004


mem[X,0x800016D0] -> 0x2423
mem[X,0x800016D2] -> 0x58B1
[1465] [M]: 0x800016D0 (0x58B12423) sw a1, 1416(sp)
mem[0x800056E8] <- 0x00000004


mem[X,0x800016D4] -> 0xB537
mem[X,0x800016D6] -> 0x0000
[1466] [M]: 0x800016D4 (0x0000B537) lui a0, 11
x10 <- 0x0000B000


mem[X,0x800016D8] -> 0x0513
mem[X,0x800016DA] -> 0x5055
[1467] [M]: 0x800016D8 (0x50550513) addi a0, a0, 1285
x10 <- 0x0000B505


mem[X,0x800016DC] -> 0x7593
mem[X,0x800016DE] -> 0x5565
[1468] [M]: 0x800016DC (0x55657593) andi a1, a0, 1366
x11 <- 0x00000504


mem[X,0x800016E0] -> 0x2623
mem[X,0x800016E2] -> 0x58B1
[1469] [M]: 0x800016E0 (0x58B12623) sw a1, 1420(sp)
mem[0x800056EC] <- 0x00000504


mem[X,0x800016E4] -> 0xB537
mem[X,0x800016E6] -> 0x0000
[1470] [M]: 0x800016E4 (0x0000B537) lui a0, 11
x10 <- 0x0000B000


mem[X,0x800016E8] -> 0x0513
mem[X,0x800016EA] -> 0x5055
[1471] [M]: 0x800016E8 (0x50550513) addi a0, a0, 1285
x10 <- 0x0000B505


mem[X,0x800016EC] -> 0x7593
mem[X,0x800016EE] -> 0xAAB5
[1472] [M]: 0x800016EC (0xAAB57593) andi a1, a0, 2731
x11 <- 0x0000B001


mem[X,0x800016F0] -> 0x2823
mem[X,0x800016F2] -> 0x58B1
[1473] [M]: 0x800016F0 (0x58B12823) sw a1, 1424(sp)
mem[0x800056F0] <- 0x0000B001


mem[X,0x800016F4] -> 0xB537
mem[X,0x800016F6] -> 0x0000
[1474] [M]: 0x800016F4 (0x0000B537) lui a0, 11
x10 <- 0x0000B000


mem[X,0x800016F8] -> 0x0513
mem[X,0x800016FA] -> 0x5055
[1475] [M]: 0x800016F8 (0x50550513) addi a0, a0, 1285
x10 <- 0x0000B505


mem[X,0x800016FC] -> 0x7593
mem[X,0x800016FE] -> 0x0065
[1476] [M]: 0x800016FC (0x00657593) andi a1, a0, 6
x11 <- 0x00000004


mem[X,0x80001700] -> 0x2A23
mem[X,0x80001702] -> 0x58B1
[1477] [M]: 0x80001700 (0x58B12A23) sw a1, 1428(sp)
mem[0x800056F4] <- 0x00000004


mem[X,0x80001704] -> 0xB537
mem[X,0x80001706] -> 0x0000
[1478] [M]: 0x80001704 (0x0000B537) lui a0, 11
x10 <- 0x0000B000


mem[X,0x80001708] -> 0x0513
mem[X,0x8000170A] -> 0x5055
[1479] [M]: 0x80001708 (0x50550513) addi a0, a0, 1285
x10 <- 0x0000B505


mem[X,0x8000170C] -> 0x7593
mem[X,0x8000170E] -> 0x3345
[1480] [M]: 0x8000170C (0x33457593) andi a1, a0, 820
x11 <- 0x00000104


mem[X,0x80001710] -> 0x2C23
mem[X,0x80001712] -> 0x58B1
[1481] [M]: 0x80001710 (0x58B12C23) sw a1, 1432(sp)
mem[0x800056F8] <- 0x00000104


mem[X,0x80001714] -> 0xB537
mem[X,0x80001716] -> 0x0000
[1482] [M]: 0x80001714 (0x0000B537) lui a0, 11
x10 <- 0x0000B000


mem[X,0x80001718] -> 0x0513
mem[X,0x8000171A] -> 0x5055
[1483] [M]: 0x80001718 (0x50550513) addi a0, a0, 1285
x10 <- 0x0000B505


mem[X,0x8000171C] -> 0x7593
mem[X,0x8000171E] -> 0x6675
[1484] [M]: 0x8000171C (0x66757593) andi a1, a0, 1639
x11 <- 0x00000405


mem[X,0x80001720] -> 0x2E23
mem[X,0x80001722] -> 0x58B1
[1485] [M]: 0x80001720 (0x58B12E23) sw a1, 1436(sp)
mem[0x800056FC] <- 0x00000405


mem[X,0x80001724] -> 0xB537
mem[X,0x80001726] -> 0x0000
[1486] [M]: 0x80001724 (0x0000B537) lui a0, 11
x10 <- 0x0000B000


mem[X,0x80001728] -> 0x0513
mem[X,0x8000172A] -> 0x5055
[1487] [M]: 0x80001728 (0x50550513) addi a0, a0, 1285
x10 <- 0x0000B505


mem[X,0x8000172C] -> 0x7593
mem[X,0x8000172E] -> 0xFD45
[1488] [M]: 0x8000172C (0xFD457593) andi a1, a0, 4052
x11 <- 0x0000B504


mem[X,0x80001730] -> 0x2023
mem[X,0x80001732] -> 0x5AB1
[1489] [M]: 0x80001730 (0x5AB12023) sw a1, 1440(sp)
mem[0x80005700] <- 0x0000B504


mem[X,0x80001734] -> 0xB537
mem[X,0x80001736] -> 0x0000
[1490] [M]: 0x80001734 (0x0000B537) lui a0, 11
x10 <- 0x0000B000


mem[X,0x80001738] -> 0x0513
mem[X,0x8000173A] -> 0x5055
[1491] [M]: 0x80001738 (0x50550513) addi a0, a0, 1285
x10 <- 0x0000B505


mem[X,0x8000173C] -> 0x7593
mem[X,0x8000173E] -> 0x02E5
[1492] [M]: 0x8000173C (0x02E57593) andi a1, a0, 46
x11 <- 0x00000004


mem[X,0x80001740] -> 0x2223
mem[X,0x80001742] -> 0x5AB1
[1493] [M]: 0x80001740 (0x5AB12223) sw a1, 1444(sp)
mem[0x80005704] <- 0x00000004


mem[X,0x80001744] -> 0x0513
mem[X,0x80001746] -> 0x0000
[1494] [M]: 0x80001744 (0x00000513) addi a0, zero, 0
x10 <- 0x00000000


mem[X,0x80001748] -> 0x7593
mem[X,0x8000174A] -> 0x0025
[1495] [M]: 0x80001748 (0x00257593) andi a1, a0, 2
x11 <- 0x00000000


mem[X,0x8000174C] -> 0x2423
mem[X,0x8000174E] -> 0x5AB1
[1496] [M]: 0x8000174C (0x5AB12423) sw a1, 1448(sp)
mem[0x80005708] <- 0x00000000


mem[X,0x80001750] -> 0x0513
mem[X,0x80001752] -> 0x0000
[1497] [M]: 0x80001750 (0x00000513) addi a0, zero, 0
x10 <- 0x00000000


mem[X,0x80001754] -> 0x7593
mem[X,0x80001756] -> 0x5545
[1498] [M]: 0x80001754 (0x55457593) andi a1, a0, 1364
x11 <- 0x00000000


mem[X,0x80001758] -> 0x2623
mem[X,0x8000175A] -> 0x5AB1
[1499] [M]: 0x80001758 (0x5AB12623) sw a1, 1452(sp)
mem[0x8000570C] <- 0x00000000


clint::tick mtime <- 0x000000000000000F
 clint timer pending at mtime 0x000000000000000F
htif::tick 0x0000000000000000
mem[X,0x8000175C] -> 0x0513
mem[X,0x8000175E] -> 0x0000
[1500] [M]: 0x8000175C (0x00000513) addi a0, zero, 0
x10 <- 0x00000000


mem[X,0x80001760] -> 0x7593
mem[X,0x80001762] -> 0x0005
[1501] [M]: 0x80001760 (0x00057593) andi a1, a0, 0
x11 <- 0x00000000


mem[X,0x80001764] -> 0x2823
mem[X,0x80001766] -> 0x5AB1
[1502] [M]: 0x80001764 (0x5AB12823) sw a1, 1456(sp)
mem[0x80005710] <- 0x00000000


mem[X,0x80001768] -> 0x0513
mem[X,0x8000176A] -> 0x0000
[1503] [M]: 0x80001768 (0x00000513) addi a0, zero, 0
x10 <- 0x00000000


mem[X,0x8000176C] -> 0x7593
mem[X,0x8000176E] -> 0x0045
[1504] [M]: 0x8000176C (0x00457593) andi a1, a0, 4
x11 <- 0x00000000


mem[X,0x80001770] -> 0x2A23
mem[X,0x80001772] -> 0x5AB1
[1505] [M]: 0x80001770 (0x5AB12A23) sw a1, 1460(sp)
mem[0x80005714] <- 0x00000000


mem[X,0x80001774] -> 0x0513
mem[X,0x80001776] -> 0x0000
[1506] [M]: 0x80001774 (0x00000513) addi a0, zero, 0
x10 <- 0x00000000


mem[X,0x80001778] -> 0x7593
mem[X,0x8000177A] -> 0x3325
[1507] [M]: 0x80001778 (0x33257593) andi a1, a0, 818
x11 <- 0x00000000


mem[X,0x8000177C] -> 0x2C23
mem[X,0x8000177E] -> 0x5AB1
[1508] [M]: 0x8000177C (0x5AB12C23) sw a1, 1464(sp)
mem[0x80005718] <- 0x00000000


mem[X,0x80001780] -> 0x0513
mem[X,0x80001782] -> 0x0000
[1509] [M]: 0x80001780 (0x00000513) addi a0, zero, 0
x10 <- 0x00000000


mem[X,0x80001784] -> 0x7593
mem[X,0x80001786] -> 0x6655
[1510] [M]: 0x80001784 (0x66557593) andi a1, a0, 1637
x11 <- 0x00000000


mem[X,0x80001788] -> 0x2E23
mem[X,0x8000178A] -> 0x5AB1
[1511] [M]: 0x80001788 (0x5AB12E23) sw a1, 1468(sp)
mem[0x8000571C] <- 0x00000000


mem[X,0x8000178C] -> 0x0513
mem[X,0x8000178E] -> 0x0000
[1512] [M]: 0x8000178C (0x00000513) addi a0, zero, 0
x10 <- 0x00000000


mem[X,0x80001790] -> 0x7593
mem[X,0x80001792] -> 0x02C5
[1513] [M]: 0x80001790 (0x02C57593) andi a1, a0, 44
x11 <- 0x00000000


mem[X,0x80001794] -> 0x2023
mem[X,0x80001796] -> 0x5CB1
[1514] [M]: 0x80001794 (0x5CB12023) sw a1, 1472(sp)
mem[0x80005720] <- 0x00000000


mem[X,0x80001798] -> 0x0513
mem[X,0x8000179A] -> 0x0000
[1515] [M]: 0x80001798 (0x00000513) addi a0, zero, 0
x10 <- 0x00000000


mem[X,0x8000179C] -> 0x7593
mem[X,0x8000179E] -> 0x5565
[1516] [M]: 0x8000179C (0x55657593) andi a1, a0, 1366
x11 <- 0x00000000


mem[X,0x800017A0] -> 0x2223
mem[X,0x800017A2] -> 0x5CB1
[1517] [M]: 0x800017A0 (0x5CB12223) sw a1, 1476(sp)
mem[0x80005724] <- 0x00000000


mem[X,0x800017A4] -> 0x0513
mem[X,0x800017A6] -> 0x0000
[1518] [M]: 0x800017A4 (0x00000513) addi a0, zero, 0
x10 <- 0x00000000


mem[X,0x800017A8] -> 0x7593
mem[X,0x800017AA] -> 0xAAB5
[1519] [M]: 0x800017A8 (0xAAB57593) andi a1, a0, 2731
x11 <- 0x00000000


mem[X,0x800017AC] -> 0x2423
mem[X,0x800017AE] -> 0x5CB1
[1520] [M]: 0x800017AC (0x5CB12423) sw a1, 1480(sp)
mem[0x80005728] <- 0x00000000


mem[X,0x800017B0] -> 0x0513
mem[X,0x800017B2] -> 0x0000
[1521] [M]: 0x800017B0 (0x00000513) addi a0, zero, 0
x10 <- 0x00000000


mem[X,0x800017B4] -> 0x7593
mem[X,0x800017B6] -> 0x0065
[1522] [M]: 0x800017B4 (0x00657593) andi a1, a0, 6
x11 <- 0x00000000


mem[X,0x800017B8] -> 0x2623
mem[X,0x800017BA] -> 0x5CB1
[1523] [M]: 0x800017B8 (0x5CB12623) sw a1, 1484(sp)
mem[0x8000572C] <- 0x00000000


mem[X,0x800017BC] -> 0x0513
mem[X,0x800017BE] -> 0x0000
[1524] [M]: 0x800017BC (0x00000513) addi a0, zero, 0
x10 <- 0x00000000


mem[X,0x800017C0] -> 0x7593
mem[X,0x800017C2] -> 0x3345
[1525] [M]: 0x800017C0 (0x33457593) andi a1, a0, 820
x11 <- 0x00000000


mem[X,0x800017C4] -> 0x2823
mem[X,0x800017C6] -> 0x5CB1
[1526] [M]: 0x800017C4 (0x5CB12823) sw a1, 1488(sp)
mem[0x80005730] <- 0x00000000


mem[X,0x800017C8] -> 0x0513
mem[X,0x800017CA] -> 0x0000
[1527] [M]: 0x800017C8 (0x00000513) addi a0, zero, 0
x10 <- 0x00000000


mem[X,0x800017CC] -> 0x7593
mem[X,0x800017CE] -> 0x6675
[1528] [M]: 0x800017CC (0x66757593) andi a1, a0, 1639
x11 <- 0x00000000


mem[X,0x800017D0] -> 0x2A23
mem[X,0x800017D2] -> 0x5CB1
[1529] [M]: 0x800017D0 (0x5CB12A23) sw a1, 1492(sp)
mem[0x80005734] <- 0x00000000


mem[X,0x800017D4] -> 0x0513
mem[X,0x800017D6] -> 0x0000
[1530] [M]: 0x800017D4 (0x00000513) addi a0, zero, 0
x10 <- 0x00000000


mem[X,0x800017D8] -> 0x7593
mem[X,0x800017DA] -> 0xFD45
[1531] [M]: 0x800017D8 (0xFD457593) andi a1, a0, 4052
x11 <- 0x00000000


mem[X,0x800017DC] -> 0x2C23
mem[X,0x800017DE] -> 0x5CB1
[1532] [M]: 0x800017DC (0x5CB12C23) sw a1, 1496(sp)
mem[0x80005738] <- 0x00000000


mem[X,0x800017E0] -> 0x0513
mem[X,0x800017E2] -> 0x0000
[1533] [M]: 0x800017E0 (0x00000513) addi a0, zero, 0
x10 <- 0x00000000


mem[X,0x800017E4] -> 0x7593
mem[X,0x800017E6] -> 0x02E5
[1534] [M]: 0x800017E4 (0x02E57593) andi a1, a0, 46
x11 <- 0x00000000


mem[X,0x800017E8] -> 0x2E23
mem[X,0x800017EA] -> 0x5CB1
[1535] [M]: 0x800017E8 (0x5CB12E23) sw a1, 1500(sp)
mem[0x8000573C] <- 0x00000000


mem[X,0x800017EC] -> 0x0513
mem[X,0x800017EE] -> 0x0040
[1536] [M]: 0x800017EC (0x00400513) addi a0, zero, 4
x10 <- 0x00000004


mem[X,0x800017F0] -> 0x7593
mem[X,0x800017F2] -> 0x0035
[1537] [M]: 0x800017F0 (0x00357593) andi a1, a0, 3
x11 <- 0x00000000


mem[X,0x800017F4] -> 0x2023
mem[X,0x800017F6] -> 0x5EB1
[1538] [M]: 0x800017F4 (0x5EB12023) sw a1, 1504(sp)
mem[0x80005740] <- 0x00000000


mem[X,0x800017F8] -> 0x0513
mem[X,0x800017FA] -> 0x0040
[1539] [M]: 0x800017F8 (0x00400513) addi a0, zero, 4
x10 <- 0x00000004


mem[X,0x800017FC] -> 0x7593
mem[X,0x800017FE] -> 0x5555
[1540] [M]: 0x800017FC (0x55557593) andi a1, a0, 1365
x11 <- 0x00000004


mem[X,0x80001800] -> 0x2223
mem[X,0x80001802] -> 0x5EB1
[1541] [M]: 0x80001800 (0x5EB12223) sw a1, 1508(sp)
mem[0x80005744] <- 0x00000004


mem[X,0x80001804] -> 0x0513
mem[X,0x80001806] -> 0x0040
[1542] [M]: 0x80001804 (0x00400513) addi a0, zero, 4
x10 <- 0x00000004


mem[X,0x80001808] -> 0x7593
mem[X,0x8000180A] -> 0xAAA5
[1543] [M]: 0x80001808 (0xAAA57593) andi a1, a0, 2730
x11 <- 0x00000000


mem[X,0x8000180C] -> 0x2423
mem[X,0x8000180E] -> 0x5EB1
[1544] [M]: 0x8000180C (0x5EB12423) sw a1, 1512(sp)
mem[0x80005748] <- 0x00000000


mem[X,0x80001810] -> 0x0513
mem[X,0x80001812] -> 0x0040
[1545] [M]: 0x80001810 (0x00400513) addi a0, zero, 4
x10 <- 0x00000004


mem[X,0x80001814] -> 0x7593
mem[X,0x80001816] -> 0x0055
[1546] [M]: 0x80001814 (0x00557593) andi a1, a0, 5
x11 <- 0x00000004


mem[X,0x80001818] -> 0x2623
mem[X,0x8000181A] -> 0x5EB1
[1547] [M]: 0x80001818 (0x5EB12623) sw a1, 1516(sp)
mem[0x8000574C] <- 0x00000004


mem[X,0x8000181C] -> 0x0513
mem[X,0x8000181E] -> 0x0040
[1548] [M]: 0x8000181C (0x00400513) addi a0, zero, 4
x10 <- 0x00000004


mem[X,0x80001820] -> 0x7593
mem[X,0x80001822] -> 0x3335
[1549] [M]: 0x80001820 (0x33357593) andi a1, a0, 819
x11 <- 0x00000000


mem[X,0x80001824] -> 0x2823
mem[X,0x80001826] -> 0x5EB1
[1550] [M]: 0x80001824 (0x5EB12823) sw a1, 1520(sp)
mem[0x80005750] <- 0x00000000


mem[X,0x80001828] -> 0x0513
mem[X,0x8000182A] -> 0x0040
[1551] [M]: 0x80001828 (0x00400513) addi a0, zero, 4
x10 <- 0x00000004


mem[X,0x8000182C] -> 0x7593
mem[X,0x8000182E] -> 0x6665
[1552] [M]: 0x8000182C (0x66657593) andi a1, a0, 1638
x11 <- 0x00000004


mem[X,0x80001830] -> 0x2A23
mem[X,0x80001832] -> 0x5EB1
[1553] [M]: 0x80001830 (0x5EB12A23) sw a1, 1524(sp)
mem[0x80005754] <- 0x00000004


mem[X,0x80001834] -> 0x0513
mem[X,0x80001836] -> 0x0040
[1554] [M]: 0x80001834 (0x00400513) addi a0, zero, 4
x10 <- 0x00000004


mem[X,0x80001838] -> 0x7593
mem[X,0x8000183A] -> 0xFD35
[1555] [M]: 0x80001838 (0xFD357593) andi a1, a0, 4051
x11 <- 0x00000000


mem[X,0x8000183C] -> 0x2C23
mem[X,0x8000183E] -> 0x5EB1
[1556] [M]: 0x8000183C (0x5EB12C23) sw a1, 1528(sp)
mem[0x80005758] <- 0x00000000


mem[X,0x80001840] -> 0x0513
mem[X,0x80001842] -> 0x0040
[1557] [M]: 0x80001840 (0x00400513) addi a0, zero, 4
x10 <- 0x00000004


mem[X,0x80001844] -> 0x7593
mem[X,0x80001846] -> 0x02D5
[1558] [M]: 0x80001844 (0x02D57593) andi a1, a0, 45
x11 <- 0x00000004


mem[X,0x80001848] -> 0x2E23
mem[X,0x8000184A] -> 0x5EB1
[1559] [M]: 0x80001848 (0x5EB12E23) sw a1, 1532(sp)
mem[0x8000575C] <- 0x00000004


mem[X,0x8000184C] -> 0x0513
mem[X,0x8000184E] -> 0x0040
[1560] [M]: 0x8000184C (0x00400513) addi a0, zero, 4
x10 <- 0x00000004


mem[X,0x80001850] -> 0x7593
mem[X,0x80001852] -> 0x0025
[1561] [M]: 0x80001850 (0x00257593) andi a1, a0, 2
x11 <- 0x00000000


mem[X,0x80001854] -> 0x2023
mem[X,0x80001856] -> 0x60B1
[1562] [M]: 0x80001854 (0x60B12023) sw a1, 1536(sp)
mem[0x80005760] <- 0x00000000


mem[X,0x80001858] -> 0x0513
mem[X,0x8000185A] -> 0x0040
[1563] [M]: 0x80001858 (0x00400513) addi a0, zero, 4
x10 <- 0x00000004


mem[X,0x8000185C] -> 0x7593
mem[X,0x8000185E] -> 0x5545
[1564] [M]: 0x8000185C (0x55457593) andi a1, a0, 1364
x11 <- 0x00000004


mem[X,0x80001860] -> 0x2223
mem[X,0x80001862] -> 0x60B1
[1565] [M]: 0x80001860 (0x60B12223) sw a1, 1540(sp)
mem[0x80005764] <- 0x00000004


mem[X,0x80001864] -> 0x0513
mem[X,0x80001866] -> 0x0040
[1566] [M]: 0x80001864 (0x00400513) addi a0, zero, 4
x10 <- 0x00000004


mem[X,0x80001868] -> 0x7593
mem[X,0x8000186A] -> 0x0005
[1567] [M]: 0x80001868 (0x00057593) andi a1, a0, 0
x11 <- 0x00000000


mem[X,0x8000186C] -> 0x2423
mem[X,0x8000186E] -> 0x60B1
[1568] [M]: 0x8000186C (0x60B12423) sw a1, 1544(sp)
mem[0x80005768] <- 0x00000000


mem[X,0x80001870] -> 0x0513
mem[X,0x80001872] -> 0x0040
[1569] [M]: 0x80001870 (0x00400513) addi a0, zero, 4
x10 <- 0x00000004


mem[X,0x80001874] -> 0x7593
mem[X,0x80001876] -> 0x0045
[1570] [M]: 0x80001874 (0x00457593) andi a1, a0, 4
x11 <- 0x00000004


mem[X,0x80001878] -> 0x2623
mem[X,0x8000187A] -> 0x60B1
[1571] [M]: 0x80001878 (0x60B12623) sw a1, 1548(sp)
mem[0x8000576C] <- 0x00000004


mem[X,0x8000187C] -> 0x0513
mem[X,0x8000187E] -> 0x0040
[1572] [M]: 0x8000187C (0x00400513) addi a0, zero, 4
x10 <- 0x00000004


mem[X,0x80001880] -> 0x7593
mem[X,0x80001882] -> 0x3325
[1573] [M]: 0x80001880 (0x33257593) andi a1, a0, 818
x11 <- 0x00000000


mem[X,0x80001884] -> 0x2823
mem[X,0x80001886] -> 0x60B1
[1574] [M]: 0x80001884 (0x60B12823) sw a1, 1552(sp)
mem[0x80005770] <- 0x00000000


mem[X,0x80001888] -> 0x0513
mem[X,0x8000188A] -> 0x0040
[1575] [M]: 0x80001888 (0x00400513) addi a0, zero, 4
x10 <- 0x00000004


mem[X,0x8000188C] -> 0x7593
mem[X,0x8000188E] -> 0x6655
[1576] [M]: 0x8000188C (0x66557593) andi a1, a0, 1637
x11 <- 0x00000004


mem[X,0x80001890] -> 0x2A23
mem[X,0x80001892] -> 0x60B1
[1577] [M]: 0x80001890 (0x60B12A23) sw a1, 1556(sp)
mem[0x80005774] <- 0x00000004


mem[X,0x80001894] -> 0x0513
mem[X,0x80001896] -> 0x0040
[1578] [M]: 0x80001894 (0x00400513) addi a0, zero, 4
x10 <- 0x00000004


mem[X,0x80001898] -> 0x7593
mem[X,0x8000189A] -> 0x02C5
[1579] [M]: 0x80001898 (0x02C57593) andi a1, a0, 44
x11 <- 0x00000004


mem[X,0x8000189C] -> 0x2C23
mem[X,0x8000189E] -> 0x60B1
[1580] [M]: 0x8000189C (0x60B12C23) sw a1, 1560(sp)
mem[0x80005778] <- 0x00000004


mem[X,0x800018A0] -> 0x0513
mem[X,0x800018A2] -> 0x0040
[1581] [M]: 0x800018A0 (0x00400513) addi a0, zero, 4
x10 <- 0x00000004


mem[X,0x800018A4] -> 0x7593
mem[X,0x800018A6] -> 0x5565
[1582] [M]: 0x800018A4 (0x55657593) andi a1, a0, 1366
x11 <- 0x00000004


mem[X,0x800018A8] -> 0x2E23
mem[X,0x800018AA] -> 0x60B1
[1583] [M]: 0x800018A8 (0x60B12E23) sw a1, 1564(sp)
mem[0x8000577C] <- 0x00000004


mem[X,0x800018AC] -> 0x0513
mem[X,0x800018AE] -> 0x0040
[1584] [M]: 0x800018AC (0x00400513) addi a0, zero, 4
x10 <- 0x00000004


mem[X,0x800018B0] -> 0x7593
mem[X,0x800018B2] -> 0xAAB5
[1585] [M]: 0x800018B0 (0xAAB57593) andi a1, a0, 2731
x11 <- 0x00000000


mem[X,0x800018B4] -> 0x2023
mem[X,0x800018B6] -> 0x62B1
[1586] [M]: 0x800018B4 (0x62B12023) sw a1, 1568(sp)
mem[0x80005780] <- 0x00000000


mem[X,0x800018B8] -> 0x0513
mem[X,0x800018BA] -> 0x0040
[1587] [M]: 0x800018B8 (0x00400513) addi a0, zero, 4
x10 <- 0x00000004


mem[X,0x800018BC] -> 0x7593
mem[X,0x800018BE] -> 0x0065
[1588] [M]: 0x800018BC (0x00657593) andi a1, a0, 6
x11 <- 0x00000004


mem[X,0x800018C0] -> 0x2223
mem[X,0x800018C2] -> 0x62B1
[1589] [M]: 0x800018C0 (0x62B12223) sw a1, 1572(sp)
mem[0x80005784] <- 0x00000004


mem[X,0x800018C4] -> 0x0513
mem[X,0x800018C6] -> 0x0040
[1590] [M]: 0x800018C4 (0x00400513) addi a0, zero, 4
x10 <- 0x00000004


mem[X,0x800018C8] -> 0x7593
mem[X,0x800018CA] -> 0x3345
[1591] [M]: 0x800018C8 (0x33457593) andi a1, a0, 820
x11 <- 0x00000004


mem[X,0x800018CC] -> 0x2423
mem[X,0x800018CE] -> 0x62B1
[1592] [M]: 0x800018CC (0x62B12423) sw a1, 1576(sp)
mem[0x80005788] <- 0x00000004


mem[X,0x800018D0] -> 0x0513
mem[X,0x800018D2] -> 0x0040
[1593] [M]: 0x800018D0 (0x00400513) addi a0, zero, 4
x10 <- 0x00000004


mem[X,0x800018D4] -> 0x7593
mem[X,0x800018D6] -> 0xFD45
[1594] [M]: 0x800018D4 (0xFD457593) andi a1, a0, 4052
x11 <- 0x00000004


mem[X,0x800018D8] -> 0x2623
mem[X,0x800018DA] -> 0x62B1
[1595] [M]: 0x800018D8 (0x62B12623) sw a1, 1580(sp)
mem[0x8000578C] <- 0x00000004


mem[X,0x800018DC] -> 0x0513
mem[X,0x800018DE] -> 0x0040
[1596] [M]: 0x800018DC (0x00400513) addi a0, zero, 4
x10 <- 0x00000004


mem[X,0x800018E0] -> 0x7593
mem[X,0x800018E2] -> 0x02E5
[1597] [M]: 0x800018E0 (0x02E57593) andi a1, a0, 46
x11 <- 0x00000004


mem[X,0x800018E4] -> 0x2823
mem[X,0x800018E6] -> 0x62B1
[1598] [M]: 0x800018E4 (0x62B12823) sw a1, 1584(sp)
mem[0x80005790] <- 0x00000004


mem[X,0x800018E8] -> 0x3537
mem[X,0x800018EA] -> 0x3333
[1599] [M]: 0x800018E8 (0x33333537) lui a0, 209715
x10 <- 0x33333000


clint::tick mtime <- 0x0000000000000010
 clint timer pending at mtime 0x0000000000000010
htif::tick 0x0000000000000000
mem[X,0x800018EC] -> 0x0513
mem[X,0x800018EE] -> 0x3325
[1600] [M]: 0x800018EC (0x33250513) addi a0, a0, 818
x10 <- 0x33333332


mem[X,0x800018F0] -> 0x7593
mem[X,0x800018F2] -> 0x0035
[1601] [M]: 0x800018F0 (0x00357593) andi a1, a0, 3
x11 <- 0x00000002


mem[X,0x800018F4] -> 0x2A23
mem[X,0x800018F6] -> 0x62B1
[1602] [M]: 0x800018F4 (0x62B12A23) sw a1, 1588(sp)
mem[0x80005794] <- 0x00000002


mem[X,0x800018F8] -> 0x3537
mem[X,0x800018FA] -> 0x3333
[1603] [M]: 0x800018F8 (0x33333537) lui a0, 209715
x10 <- 0x33333000


mem[X,0x800018FC] -> 0x0513
mem[X,0x800018FE] -> 0x3325
[1604] [M]: 0x800018FC (0x33250513) addi a0, a0, 818
x10 <- 0x33333332


mem[X,0x80001900] -> 0x7593
mem[X,0x80001902] -> 0x5555
[1605] [M]: 0x80001900 (0x55557593) andi a1, a0, 1365
x11 <- 0x00000110


mem[X,0x80001904] -> 0x2C23
mem[X,0x80001906] -> 0x62B1
[1606] [M]: 0x80001904 (0x62B12C23) sw a1, 1592(sp)
mem[0x80005798] <- 0x00000110


mem[X,0x80001908] -> 0x3537
mem[X,0x8000190A] -> 0x3333
[1607] [M]: 0x80001908 (0x33333537) lui a0, 209715
x10 <- 0x33333000


mem[X,0x8000190C] -> 0x0513
mem[X,0x8000190E] -> 0x3325
[1608] [M]: 0x8000190C (0x33250513) addi a0, a0, 818
x10 <- 0x33333332


mem[X,0x80001910] -> 0x7593
mem[X,0x80001912] -> 0xAAA5
[1609] [M]: 0x80001910 (0xAAA57593) andi a1, a0, 2730
x11 <- 0x33333222


mem[X,0x80001914] -> 0x2E23
mem[X,0x80001916] -> 0x62B1
[1610] [M]: 0x80001914 (0x62B12E23) sw a1, 1596(sp)
mem[0x8000579C] <- 0x33333222


mem[X,0x80001918] -> 0x3537
mem[X,0x8000191A] -> 0x3333
[1611] [M]: 0x80001918 (0x33333537) lui a0, 209715
x10 <- 0x33333000


mem[X,0x8000191C] -> 0x0513
mem[X,0x8000191E] -> 0x3325
[1612] [M]: 0x8000191C (0x33250513) addi a0, a0, 818
x10 <- 0x33333332


mem[X,0x80001920] -> 0x7593
mem[X,0x80001922] -> 0x0055
[1613] [M]: 0x80001920 (0x00557593) andi a1, a0, 5
x11 <- 0x00000000


mem[X,0x80001924] -> 0x2023
mem[X,0x80001926] -> 0x64B1
[1614] [M]: 0x80001924 (0x64B12023) sw a1, 1600(sp)
mem[0x800057A0] <- 0x00000000


mem[X,0x80001928] -> 0x3537
mem[X,0x8000192A] -> 0x3333
[1615] [M]: 0x80001928 (0x33333537) lui a0, 209715
x10 <- 0x33333000


mem[X,0x8000192C] -> 0x0513
mem[X,0x8000192E] -> 0x3325
[1616] [M]: 0x8000192C (0x33250513) addi a0, a0, 818
x10 <- 0x33333332


mem[X,0x80001930] -> 0x7593
mem[X,0x80001932] -> 0x3335
[1617] [M]: 0x80001930 (0x33357593) andi a1, a0, 819
x11 <- 0x00000332


mem[X,0x80001934] -> 0x2223
mem[X,0x80001936] -> 0x64B1
[1618] [M]: 0x80001934 (0x64B12223) sw a1, 1604(sp)
mem[0x800057A4] <- 0x00000332


mem[X,0x80001938] -> 0x3537
mem[X,0x8000193A] -> 0x3333
[1619] [M]: 0x80001938 (0x33333537) lui a0, 209715
x10 <- 0x33333000


mem[X,0x8000193C] -> 0x0513
mem[X,0x8000193E] -> 0x3325
[1620] [M]: 0x8000193C (0x33250513) addi a0, a0, 818
x10 <- 0x33333332


mem[X,0x80001940] -> 0x7593
mem[X,0x80001942] -> 0x6665
[1621] [M]: 0x80001940 (0x66657593) andi a1, a0, 1638
x11 <- 0x00000222


mem[X,0x80001944] -> 0x2423
mem[X,0x80001946] -> 0x64B1
[1622] [M]: 0x80001944 (0x64B12423) sw a1, 1608(sp)
mem[0x800057A8] <- 0x00000222


mem[X,0x80001948] -> 0x3537
mem[X,0x8000194A] -> 0x3333
[1623] [M]: 0x80001948 (0x33333537) lui a0, 209715
x10 <- 0x33333000


mem[X,0x8000194C] -> 0x0513
mem[X,0x8000194E] -> 0x3325
[1624] [M]: 0x8000194C (0x33250513) addi a0, a0, 818
x10 <- 0x33333332


mem[X,0x80001950] -> 0x7593
mem[X,0x80001952] -> 0xFD35
[1625] [M]: 0x80001950 (0xFD357593) andi a1, a0, 4051
x11 <- 0x33333312


mem[X,0x80001954] -> 0x2623
mem[X,0x80001956] -> 0x64B1
[1626] [M]: 0x80001954 (0x64B12623) sw a1, 1612(sp)
mem[0x800057AC] <- 0x33333312


mem[X,0x80001958] -> 0x3537
mem[X,0x8000195A] -> 0x3333
[1627] [M]: 0x80001958 (0x33333537) lui a0, 209715
x10 <- 0x33333000


mem[X,0x8000195C] -> 0x0513
mem[X,0x8000195E] -> 0x3325
[1628] [M]: 0x8000195C (0x33250513) addi a0, a0, 818
x10 <- 0x33333332


mem[X,0x80001960] -> 0x7593
mem[X,0x80001962] -> 0x02D5
[1629] [M]: 0x80001960 (0x02D57593) andi a1, a0, 45
x11 <- 0x00000020


mem[X,0x80001964] -> 0x2823
mem[X,0x80001966] -> 0x64B1
[1630] [M]: 0x80001964 (0x64B12823) sw a1, 1616(sp)
mem[0x800057B0] <- 0x00000020


mem[X,0x80001968] -> 0x3537
mem[X,0x8000196A] -> 0x3333
[1631] [M]: 0x80001968 (0x33333537) lui a0, 209715
x10 <- 0x33333000


mem[X,0x8000196C] -> 0x0513
mem[X,0x8000196E] -> 0x3325
[1632] [M]: 0x8000196C (0x33250513) addi a0, a0, 818
x10 <- 0x33333332


mem[X,0x80001970] -> 0x7593
mem[X,0x80001972] -> 0x0025
[1633] [M]: 0x80001970 (0x00257593) andi a1, a0, 2
x11 <- 0x00000002


mem[X,0x80001974] -> 0x2A23
mem[X,0x80001976] -> 0x64B1
[1634] [M]: 0x80001974 (0x64B12A23) sw a1, 1620(sp)
mem[0x800057B4] <- 0x00000002


mem[X,0x80001978] -> 0x3537
mem[X,0x8000197A] -> 0x3333
[1635] [M]: 0x80001978 (0x33333537) lui a0, 209715
x10 <- 0x33333000


mem[X,0x8000197C] -> 0x0513
mem[X,0x8000197E] -> 0x3325
[1636] [M]: 0x8000197C (0x33250513) addi a0, a0, 818
x10 <- 0x33333332


mem[X,0x80001980] -> 0x7593
mem[X,0x80001982] -> 0x5545
[1637] [M]: 0x80001980 (0x55457593) andi a1, a0, 1364
x11 <- 0x00000110


mem[X,0x80001984] -> 0x2C23
mem[X,0x80001986] -> 0x64B1
[1638] [M]: 0x80001984 (0x64B12C23) sw a1, 1624(sp)
mem[0x800057B8] <- 0x00000110


mem[X,0x80001988] -> 0x3537
mem[X,0x8000198A] -> 0x3333
[1639] [M]: 0x80001988 (0x33333537) lui a0, 209715
x10 <- 0x33333000


mem[X,0x8000198C] -> 0x0513
mem[X,0x8000198E] -> 0x3325
[1640] [M]: 0x8000198C (0x33250513) addi a0, a0, 818
x10 <- 0x33333332


mem[X,0x80001990] -> 0x7593
mem[X,0x80001992] -> 0x0005
[1641] [M]: 0x80001990 (0x00057593) andi a1, a0, 0
x11 <- 0x00000000


mem[X,0x80001994] -> 0x2E23
mem[X,0x80001996] -> 0x64B1
[1642] [M]: 0x80001994 (0x64B12E23) sw a1, 1628(sp)
mem[0x800057BC] <- 0x00000000


mem[X,0x80001998] -> 0x3537
mem[X,0x8000199A] -> 0x3333
[1643] [M]: 0x80001998 (0x33333537) lui a0, 209715
x10 <- 0x33333000


mem[X,0x8000199C] -> 0x0513
mem[X,0x8000199E] -> 0x3325
[1644] [M]: 0x8000199C (0x33250513) addi a0, a0, 818
x10 <- 0x33333332


mem[X,0x800019A0] -> 0x7593
mem[X,0x800019A2] -> 0x0045
[1645] [M]: 0x800019A0 (0x00457593) andi a1, a0, 4
x11 <- 0x00000000


mem[X,0x800019A4] -> 0x2023
mem[X,0x800019A6] -> 0x66B1
[1646] [M]: 0x800019A4 (0x66B12023) sw a1, 1632(sp)
mem[0x800057C0] <- 0x00000000


mem[X,0x800019A8] -> 0x3537
mem[X,0x800019AA] -> 0x3333
[1647] [M]: 0x800019A8 (0x33333537) lui a0, 209715
x10 <- 0x33333000


mem[X,0x800019AC] -> 0x0513
mem[X,0x800019AE] -> 0x3325
[1648] [M]: 0x800019AC (0x33250513) addi a0, a0, 818
x10 <- 0x33333332


mem[X,0x800019B0] -> 0x7593
mem[X,0x800019B2] -> 0x3325
[1649] [M]: 0x800019B0 (0x33257593) andi a1, a0, 818
x11 <- 0x00000332


mem[X,0x800019B4] -> 0x2223
mem[X,0x800019B6] -> 0x66B1
[1650] [M]: 0x800019B4 (0x66B12223) sw a1, 1636(sp)
mem[0x800057C4] <- 0x00000332


mem[X,0x800019B8] -> 0x3537
mem[X,0x800019BA] -> 0x3333
[1651] [M]: 0x800019B8 (0x33333537) lui a0, 209715
x10 <- 0x33333000


mem[X,0x800019BC] -> 0x0513
mem[X,0x800019BE] -> 0x3325
[1652] [M]: 0x800019BC (0x33250513) addi a0, a0, 818
x10 <- 0x33333332


mem[X,0x800019C0] -> 0x7593
mem[X,0x800019C2] -> 0x6655
[1653] [M]: 0x800019C0 (0x66557593) andi a1, a0, 1637
x11 <- 0x00000220


mem[X,0x800019C4] -> 0x2423
mem[X,0x800019C6] -> 0x66B1
[1654] [M]: 0x800019C4 (0x66B12423) sw a1, 1640(sp)
mem[0x800057C8] <- 0x00000220


mem[X,0x800019C8] -> 0x3537
mem[X,0x800019CA] -> 0x3333
[1655] [M]: 0x800019C8 (0x33333537) lui a0, 209715
x10 <- 0x33333000


mem[X,0x800019CC] -> 0x0513
mem[X,0x800019CE] -> 0x3325
[1656] [M]: 0x800019CC (0x33250513) addi a0, a0, 818
x10 <- 0x33333332


mem[X,0x800019D0] -> 0x7593
mem[X,0x800019D2] -> 0x02C5
[1657] [M]: 0x800019D0 (0x02C57593) andi a1, a0, 44
x11 <- 0x00000020


mem[X,0x800019D4] -> 0x2623
mem[X,0x800019D6] -> 0x66B1
[1658] [M]: 0x800019D4 (0x66B12623) sw a1, 1644(sp)
mem[0x800057CC] <- 0x00000020


mem[X,0x800019D8] -> 0x3537
mem[X,0x800019DA] -> 0x3333
[1659] [M]: 0x800019D8 (0x33333537) lui a0, 209715
x10 <- 0x33333000


mem[X,0x800019DC] -> 0x0513
mem[X,0x800019DE] -> 0x3325
[1660] [M]: 0x800019DC (0x33250513) addi a0, a0, 818
x10 <- 0x33333332


mem[X,0x800019E0] -> 0x7593
mem[X,0x800019E2] -> 0x5565
[1661] [M]: 0x800019E0 (0x55657593) andi a1, a0, 1366
x11 <- 0x00000112


mem[X,0x800019E4] -> 0x2823
mem[X,0x800019E6] -> 0x66B1
[1662] [M]: 0x800019E4 (0x66B12823) sw a1, 1648(sp)
mem[0x800057D0] <- 0x00000112


mem[X,0x800019E8] -> 0x3537
mem[X,0x800019EA] -> 0x3333
[1663] [M]: 0x800019E8 (0x33333537) lui a0, 209715
x10 <- 0x33333000


mem[X,0x800019EC] -> 0x0513
mem[X,0x800019EE] -> 0x3325
[1664] [M]: 0x800019EC (0x33250513) addi a0, a0, 818
x10 <- 0x33333332


mem[X,0x800019F0] -> 0x7593
mem[X,0x800019F2] -> 0xAAB5
[1665] [M]: 0x800019F0 (0xAAB57593) andi a1, a0, 2731
x11 <- 0x33333222


mem[X,0x800019F4] -> 0x2A23
mem[X,0x800019F6] -> 0x66B1
[1666] [M]: 0x800019F4 (0x66B12A23) sw a1, 1652(sp)
mem[0x800057D4] <- 0x33333222


mem[X,0x800019F8] -> 0x3537
mem[X,0x800019FA] -> 0x3333
[1667] [M]: 0x800019F8 (0x33333537) lui a0, 209715
x10 <- 0x33333000


mem[X,0x800019FC] -> 0x0513
mem[X,0x800019FE] -> 0x3325
[1668] [M]: 0x800019FC (0x33250513) addi a0, a0, 818
x10 <- 0x33333332


mem[X,0x80001A00] -> 0x7593
mem[X,0x80001A02] -> 0x0065
[1669] [M]: 0x80001A00 (0x00657593) andi a1, a0, 6
x11 <- 0x00000002


mem[X,0x80001A04] -> 0x2C23
mem[X,0x80001A06] -> 0x66B1
[1670] [M]: 0x80001A04 (0x66B12C23) sw a1, 1656(sp)
mem[0x800057D8] <- 0x00000002


mem[X,0x80001A08] -> 0x3537
mem[X,0x80001A0A] -> 0x3333
[1671] [M]: 0x80001A08 (0x33333537) lui a0, 209715
x10 <- 0x33333000


mem[X,0x80001A0C] -> 0x0513
mem[X,0x80001A0E] -> 0x3325
[1672] [M]: 0x80001A0C (0x33250513) addi a0, a0, 818
x10 <- 0x33333332


mem[X,0x80001A10] -> 0x7593
mem[X,0x80001A12] -> 0x3345
[1673] [M]: 0x80001A10 (0x33457593) andi a1, a0, 820
x11 <- 0x00000330


mem[X,0x80001A14] -> 0x2E23
mem[X,0x80001A16] -> 0x66B1
[1674] [M]: 0x80001A14 (0x66B12E23) sw a1, 1660(sp)
mem[0x800057DC] <- 0x00000330


mem[X,0x80001A18] -> 0x3537
mem[X,0x80001A1A] -> 0x3333
[1675] [M]: 0x80001A18 (0x33333537) lui a0, 209715
x10 <- 0x33333000


mem[X,0x80001A1C] -> 0x0513
mem[X,0x80001A1E] -> 0x3325
[1676] [M]: 0x80001A1C (0x33250513) addi a0, a0, 818
x10 <- 0x33333332


mem[X,0x80001A20] -> 0x7593
mem[X,0x80001A22] -> 0x6675
[1677] [M]: 0x80001A20 (0x66757593) andi a1, a0, 1639
x11 <- 0x00000222


mem[X,0x80001A24] -> 0x2023
mem[X,0x80001A26] -> 0x68B1
[1678] [M]: 0x80001A24 (0x68B12023) sw a1, 1664(sp)
mem[0x800057E0] <- 0x00000222


mem[X,0x80001A28] -> 0x3537
mem[X,0x80001A2A] -> 0x3333
[1679] [M]: 0x80001A28 (0x33333537) lui a0, 209715
x10 <- 0x33333000


mem[X,0x80001A2C] -> 0x0513
mem[X,0x80001A2E] -> 0x3325
[1680] [M]: 0x80001A2C (0x33250513) addi a0, a0, 818
x10 <- 0x33333332


mem[X,0x80001A30] -> 0x7593
mem[X,0x80001A32] -> 0xFD45
[1681] [M]: 0x80001A30 (0xFD457593) andi a1, a0, 4052
x11 <- 0x33333310


mem[X,0x80001A34] -> 0x2223
mem[X,0x80001A36] -> 0x68B1
[1682] [M]: 0x80001A34 (0x68B12223) sw a1, 1668(sp)
mem[0x800057E4] <- 0x33333310


mem[X,0x80001A38] -> 0x3537
mem[X,0x80001A3A] -> 0x3333
[1683] [M]: 0x80001A38 (0x33333537) lui a0, 209715
x10 <- 0x33333000


mem[X,0x80001A3C] -> 0x0513
mem[X,0x80001A3E] -> 0x3325
[1684] [M]: 0x80001A3C (0x33250513) addi a0, a0, 818
x10 <- 0x33333332


mem[X,0x80001A40] -> 0x7593
mem[X,0x80001A42] -> 0x02E5
[1685] [M]: 0x80001A40 (0x02E57593) andi a1, a0, 46
x11 <- 0x00000022


mem[X,0x80001A44] -> 0x2423
mem[X,0x80001A46] -> 0x68B1
[1686] [M]: 0x80001A44 (0x68B12423) sw a1, 1672(sp)
mem[0x800057E8] <- 0x00000022


mem[X,0x80001A48] -> 0x6537
mem[X,0x80001A4A] -> 0x6666
[1687] [M]: 0x80001A48 (0x66666537) lui a0, 419430
x10 <- 0x66666000


mem[X,0x80001A4C] -> 0x0513
mem[X,0x80001A4E] -> 0x6655
[1688] [M]: 0x80001A4C (0x66550513) addi a0, a0, 1637
x10 <- 0x66666665


mem[X,0x80001A50] -> 0x7593
mem[X,0x80001A52] -> 0x0035
[1689] [M]: 0x80001A50 (0x00357593) andi a1, a0, 3
x11 <- 0x00000001


mem[X,0x80001A54] -> 0x2623
mem[X,0x80001A56] -> 0x68B1
[1690] [M]: 0x80001A54 (0x68B12623) sw a1, 1676(sp)
mem[0x800057EC] <- 0x00000001


mem[X,0x80001A58] -> 0x6537
mem[X,0x80001A5A] -> 0x6666
[1691] [M]: 0x80001A58 (0x66666537) lui a0, 419430
x10 <- 0x66666000


mem[X,0x80001A5C] -> 0x0513
mem[X,0x80001A5E] -> 0x6655
[1692] [M]: 0x80001A5C (0x66550513) addi a0, a0, 1637
x10 <- 0x66666665


mem[X,0x80001A60] -> 0x7593
mem[X,0x80001A62] -> 0x5555
[1693] [M]: 0x80001A60 (0x55557593) andi a1, a0, 1365
x11 <- 0x00000445


mem[X,0x80001A64] -> 0x2823
mem[X,0x80001A66] -> 0x68B1
[1694] [M]: 0x80001A64 (0x68B12823) sw a1, 1680(sp)
mem[0x800057F0] <- 0x00000445


mem[X,0x80001A68] -> 0x6537
mem[X,0x80001A6A] -> 0x6666
[1695] [M]: 0x80001A68 (0x66666537) lui a0, 419430
x10 <- 0x66666000


mem[X,0x80001A6C] -> 0x0513
mem[X,0x80001A6E] -> 0x6655
[1696] [M]: 0x80001A6C (0x66550513) addi a0, a0, 1637
x10 <- 0x66666665


mem[X,0x80001A70] -> 0x7593
mem[X,0x80001A72] -> 0xAAA5
[1697] [M]: 0x80001A70 (0xAAA57593) andi a1, a0, 2730
x11 <- 0x66666220


mem[X,0x80001A74] -> 0x2A23
mem[X,0x80001A76] -> 0x68B1
[1698] [M]: 0x80001A74 (0x68B12A23) sw a1, 1684(sp)
mem[0x800057F4] <- 0x66666220


mem[X,0x80001A78] -> 0x6537
mem[X,0x80001A7A] -> 0x6666
[1699] [M]: 0x80001A78 (0x66666537) lui a0, 419430
x10 <- 0x66666000


clint::tick mtime <- 0x0000000000000011
 clint timer pending at mtime 0x0000000000000011
htif::tick 0x0000000000000000
mem[X,0x80001A7C] -> 0x0513
mem[X,0x80001A7E] -> 0x6655
[1700] [M]: 0x80001A7C (0x66550513) addi a0, a0, 1637
x10 <- 0x66666665


mem[X,0x80001A80] -> 0x7593
mem[X,0x80001A82] -> 0x0055
[1701] [M]: 0x80001A80 (0x00557593) andi a1, a0, 5
x11 <- 0x00000005


mem[X,0x80001A84] -> 0x2C23
mem[X,0x80001A86] -> 0x68B1
[1702] [M]: 0x80001A84 (0x68B12C23) sw a1, 1688(sp)
mem[0x800057F8] <- 0x00000005


mem[X,0x80001A88] -> 0x6537
mem[X,0x80001A8A] -> 0x6666
[1703] [M]: 0x80001A88 (0x66666537) lui a0, 419430
x10 <- 0x66666000


mem[X,0x80001A8C] -> 0x0513
mem[X,0x80001A8E] -> 0x6655
[1704] [M]: 0x80001A8C (0x66550513) addi a0, a0, 1637
x10 <- 0x66666665


mem[X,0x80001A90] -> 0x7593
mem[X,0x80001A92] -> 0x3335
[1705] [M]: 0x80001A90 (0x33357593) andi a1, a0, 819
x11 <- 0x00000221


mem[X,0x80001A94] -> 0x2E23
mem[X,0x80001A96] -> 0x68B1
[1706] [M]: 0x80001A94 (0x68B12E23) sw a1, 1692(sp)
mem[0x800057FC] <- 0x00000221


mem[X,0x80001A98] -> 0x6537
mem[X,0x80001A9A] -> 0x6666
[1707] [M]: 0x80001A98 (0x66666537) lui a0, 419430
x10 <- 0x66666000


mem[X,0x80001A9C] -> 0x0513
mem[X,0x80001A9E] -> 0x6655
[1708] [M]: 0x80001A9C (0x66550513) addi a0, a0, 1637
x10 <- 0x66666665


mem[X,0x80001AA0] -> 0x7593
mem[X,0x80001AA2] -> 0x6665
[1709] [M]: 0x80001AA0 (0x66657593) andi a1, a0, 1638
x11 <- 0x00000664


mem[X,0x80001AA4] -> 0x2023
mem[X,0x80001AA6] -> 0x6AB1
[1710] [M]: 0x80001AA4 (0x6AB12023) sw a1, 1696(sp)
mem[0x80005800] <- 0x00000664


mem[X,0x80001AA8] -> 0x6537
mem[X,0x80001AAA] -> 0x6666
[1711] [M]: 0x80001AA8 (0x66666537) lui a0, 419430
x10 <- 0x66666000


mem[X,0x80001AAC] -> 0x0513
mem[X,0x80001AAE] -> 0x6655
[1712] [M]: 0x80001AAC (0x66550513) addi a0, a0, 1637
x10 <- 0x66666665


mem[X,0x80001AB0] -> 0x7593
mem[X,0x80001AB2] -> 0xFD35
[1713] [M]: 0x80001AB0 (0xFD357593) andi a1, a0, 4051
x11 <- 0x66666641


mem[X,0x80001AB4] -> 0x2223
mem[X,0x80001AB6] -> 0x6AB1
[1714] [M]: 0x80001AB4 (0x6AB12223) sw a1, 1700(sp)
mem[0x80005804] <- 0x66666641


mem[X,0x80001AB8] -> 0x6537
mem[X,0x80001ABA] -> 0x6666
[1715] [M]: 0x80001AB8 (0x66666537) lui a0, 419430
x10 <- 0x66666000


mem[X,0x80001ABC] -> 0x0513
mem[X,0x80001ABE] -> 0x6655
[1716] [M]: 0x80001ABC (0x66550513) addi a0, a0, 1637
x10 <- 0x66666665


mem[X,0x80001AC0] -> 0x7593
mem[X,0x80001AC2] -> 0x02D5
[1717] [M]: 0x80001AC0 (0x02D57593) andi a1, a0, 45
x11 <- 0x00000025


mem[X,0x80001AC4] -> 0x2423
mem[X,0x80001AC6] -> 0x6AB1
[1718] [M]: 0x80001AC4 (0x6AB12423) sw a1, 1704(sp)
mem[0x80005808] <- 0x00000025


mem[X,0x80001AC8] -> 0x6537
mem[X,0x80001ACA] -> 0x6666
[1719] [M]: 0x80001AC8 (0x66666537) lui a0, 419430
x10 <- 0x66666000


mem[X,0x80001ACC] -> 0x0513
mem[X,0x80001ACE] -> 0x6655
[1720] [M]: 0x80001ACC (0x66550513) addi a0, a0, 1637
x10 <- 0x66666665


mem[X,0x80001AD0] -> 0x7593
mem[X,0x80001AD2] -> 0x0025
[1721] [M]: 0x80001AD0 (0x00257593) andi a1, a0, 2
x11 <- 0x00000000


mem[X,0x80001AD4] -> 0x2623
mem[X,0x80001AD6] -> 0x6AB1
[1722] [M]: 0x80001AD4 (0x6AB12623) sw a1, 1708(sp)
mem[0x8000580C] <- 0x00000000


mem[X,0x80001AD8] -> 0x6537
mem[X,0x80001ADA] -> 0x6666
[1723] [M]: 0x80001AD8 (0x66666537) lui a0, 419430
x10 <- 0x66666000


mem[X,0x80001ADC] -> 0x0513
mem[X,0x80001ADE] -> 0x6655
[1724] [M]: 0x80001ADC (0x66550513) addi a0, a0, 1637
x10 <- 0x66666665


mem[X,0x80001AE0] -> 0x7593
mem[X,0x80001AE2] -> 0x5545
[1725] [M]: 0x80001AE0 (0x55457593) andi a1, a0, 1364
x11 <- 0x00000444


mem[X,0x80001AE4] -> 0x2823
mem[X,0x80001AE6] -> 0x6AB1
[1726] [M]: 0x80001AE4 (0x6AB12823) sw a1, 1712(sp)
mem[0x80005810] <- 0x00000444


mem[X,0x80001AE8] -> 0x6537
mem[X,0x80001AEA] -> 0x6666
[1727] [M]: 0x80001AE8 (0x66666537) lui a0, 419430
x10 <- 0x66666000


mem[X,0x80001AEC] -> 0x0513
mem[X,0x80001AEE] -> 0x6655
[1728] [M]: 0x80001AEC (0x66550513) addi a0, a0, 1637
x10 <- 0x66666665


mem[X,0x80001AF0] -> 0x7593
mem[X,0x80001AF2] -> 0x0005
[1729] [M]: 0x80001AF0 (0x00057593) andi a1, a0, 0
x11 <- 0x00000000


mem[X,0x80001AF4] -> 0x2A23
mem[X,0x80001AF6] -> 0x6AB1
[1730] [M]: 0x80001AF4 (0x6AB12A23) sw a1, 1716(sp)
mem[0x80005814] <- 0x00000000


mem[X,0x80001AF8] -> 0x6537
mem[X,0x80001AFA] -> 0x6666
[1731] [M]: 0x80001AF8 (0x66666537) lui a0, 419430
x10 <- 0x66666000


mem[X,0x80001AFC] -> 0x0513
mem[X,0x80001AFE] -> 0x6655
[1732] [M]: 0x80001AFC (0x66550513) addi a0, a0, 1637
x10 <- 0x66666665


mem[X,0x80001B00] -> 0x7593
mem[X,0x80001B02] -> 0x0045
[1733] [M]: 0x80001B00 (0x00457593) andi a1, a0, 4
x11 <- 0x00000004


mem[X,0x80001B04] -> 0x2C23
mem[X,0x80001B06] -> 0x6AB1
[1734] [M]: 0x80001B04 (0x6AB12C23) sw a1, 1720(sp)
mem[0x80005818] <- 0x00000004


mem[X,0x80001B08] -> 0x6537
mem[X,0x80001B0A] -> 0x6666
[1735] [M]: 0x80001B08 (0x66666537) lui a0, 419430
x10 <- 0x66666000


mem[X,0x80001B0C] -> 0x0513
mem[X,0x80001B0E] -> 0x6655
[1736] [M]: 0x80001B0C (0x66550513) addi a0, a0, 1637
x10 <- 0x66666665


mem[X,0x80001B10] -> 0x7593
mem[X,0x80001B12] -> 0x3325
[1737] [M]: 0x80001B10 (0x33257593) andi a1, a0, 818
x11 <- 0x00000220


mem[X,0x80001B14] -> 0x2E23
mem[X,0x80001B16] -> 0x6AB1
[1738] [M]: 0x80001B14 (0x6AB12E23) sw a1, 1724(sp)
mem[0x8000581C] <- 0x00000220


mem[X,0x80001B18] -> 0x6537
mem[X,0x80001B1A] -> 0x6666
[1739] [M]: 0x80001B18 (0x66666537) lui a0, 419430
x10 <- 0x66666000


mem[X,0x80001B1C] -> 0x0513
mem[X,0x80001B1E] -> 0x6655
[1740] [M]: 0x80001B1C (0x66550513) addi a0, a0, 1637
x10 <- 0x66666665


mem[X,0x80001B20] -> 0x7593
mem[X,0x80001B22] -> 0x6655
[1741] [M]: 0x80001B20 (0x66557593) andi a1, a0, 1637
x11 <- 0x00000665


mem[X,0x80001B24] -> 0x2023
mem[X,0x80001B26] -> 0x6CB1
[1742] [M]: 0x80001B24 (0x6CB12023) sw a1, 1728(sp)
mem[0x80005820] <- 0x00000665


mem[X,0x80001B28] -> 0x6537
mem[X,0x80001B2A] -> 0x6666
[1743] [M]: 0x80001B28 (0x66666537) lui a0, 419430
x10 <- 0x66666000


mem[X,0x80001B2C] -> 0x0513
mem[X,0x80001B2E] -> 0x6655
[1744] [M]: 0x80001B2C (0x66550513) addi a0, a0, 1637
x10 <- 0x66666665


mem[X,0x80001B30] -> 0x7593
mem[X,0x80001B32] -> 0x02C5
[1745] [M]: 0x80001B30 (0x02C57593) andi a1, a0, 44
x11 <- 0x00000024


mem[X,0x80001B34] -> 0x2223
mem[X,0x80001B36] -> 0x6CB1
[1746] [M]: 0x80001B34 (0x6CB12223) sw a1, 1732(sp)
mem[0x80005824] <- 0x00000024


mem[X,0x80001B38] -> 0x6537
mem[X,0x80001B3A] -> 0x6666
[1747] [M]: 0x80001B38 (0x66666537) lui a0, 419430
x10 <- 0x66666000


mem[X,0x80001B3C] -> 0x0513
mem[X,0x80001B3E] -> 0x6655
[1748] [M]: 0x80001B3C (0x66550513) addi a0, a0, 1637
x10 <- 0x66666665


mem[X,0x80001B40] -> 0x7593
mem[X,0x80001B42] -> 0x5565
[1749] [M]: 0x80001B40 (0x55657593) andi a1, a0, 1366
x11 <- 0x00000444


mem[X,0x80001B44] -> 0x2423
mem[X,0x80001B46] -> 0x6CB1
[1750] [M]: 0x80001B44 (0x6CB12423) sw a1, 1736(sp)
mem[0x80005828] <- 0x00000444


mem[X,0x80001B48] -> 0x6537
mem[X,0x80001B4A] -> 0x6666
[1751] [M]: 0x80001B48 (0x66666537) lui a0, 419430
x10 <- 0x66666000


mem[X,0x80001B4C] -> 0x0513
mem[X,0x80001B4E] -> 0x6655
[1752] [M]: 0x80001B4C (0x66550513) addi a0, a0, 1637
x10 <- 0x66666665


mem[X,0x80001B50] -> 0x7593
mem[X,0x80001B52] -> 0xAAB5
[1753] [M]: 0x80001B50 (0xAAB57593) andi a1, a0, 2731
x11 <- 0x66666221


mem[X,0x80001B54] -> 0x2623
mem[X,0x80001B56] -> 0x6CB1
[1754] [M]: 0x80001B54 (0x6CB12623) sw a1, 1740(sp)
mem[0x8000582C] <- 0x66666221


mem[X,0x80001B58] -> 0x6537
mem[X,0x80001B5A] -> 0x6666
[1755] [M]: 0x80001B58 (0x66666537) lui a0, 419430
x10 <- 0x66666000


mem[X,0x80001B5C] -> 0x0513
mem[X,0x80001B5E] -> 0x6655
[1756] [M]: 0x80001B5C (0x66550513) addi a0, a0, 1637
x10 <- 0x66666665


mem[X,0x80001B60] -> 0x7593
mem[X,0x80001B62] -> 0x0065
[1757] [M]: 0x80001B60 (0x00657593) andi a1, a0, 6
x11 <- 0x00000004


mem[X,0x80001B64] -> 0x2823
mem[X,0x80001B66] -> 0x6CB1
[1758] [M]: 0x80001B64 (0x6CB12823) sw a1, 1744(sp)
mem[0x80005830] <- 0x00000004


mem[X,0x80001B68] -> 0x6537
mem[X,0x80001B6A] -> 0x6666
[1759] [M]: 0x80001B68 (0x66666537) lui a0, 419430
x10 <- 0x66666000


mem[X,0x80001B6C] -> 0x0513
mem[X,0x80001B6E] -> 0x6655
[1760] [M]: 0x80001B6C (0x66550513) addi a0, a0, 1637
x10 <- 0x66666665


mem[X,0x80001B70] -> 0x7593
mem[X,0x80001B72] -> 0x3345
[1761] [M]: 0x80001B70 (0x33457593) andi a1, a0, 820
x11 <- 0x00000224


mem[X,0x80001B74] -> 0x2A23
mem[X,0x80001B76] -> 0x6CB1
[1762] [M]: 0x80001B74 (0x6CB12A23) sw a1, 1748(sp)
mem[0x80005834] <- 0x00000224


mem[X,0x80001B78] -> 0x6537
mem[X,0x80001B7A] -> 0x6666
[1763] [M]: 0x80001B78 (0x66666537) lui a0, 419430
x10 <- 0x66666000


mem[X,0x80001B7C] -> 0x0513
mem[X,0x80001B7E] -> 0x6655
[1764] [M]: 0x80001B7C (0x66550513) addi a0, a0, 1637
x10 <- 0x66666665


mem[X,0x80001B80] -> 0x7593
mem[X,0x80001B82] -> 0x6675
[1765] [M]: 0x80001B80 (0x66757593) andi a1, a0, 1639
x11 <- 0x00000665


mem[X,0x80001B84] -> 0x2C23
mem[X,0x80001B86] -> 0x6CB1
[1766] [M]: 0x80001B84 (0x6CB12C23) sw a1, 1752(sp)
mem[0x80005838] <- 0x00000665


mem[X,0x80001B88] -> 0x6537
mem[X,0x80001B8A] -> 0x6666
[1767] [M]: 0x80001B88 (0x66666537) lui a0, 419430
x10 <- 0x66666000


mem[X,0x80001B8C] -> 0x0513
mem[X,0x80001B8E] -> 0x6655
[1768] [M]: 0x80001B8C (0x66550513) addi a0, a0, 1637
x10 <- 0x66666665


mem[X,0x80001B90] -> 0x7593
mem[X,0x80001B92] -> 0xFD45
[1769] [M]: 0x80001B90 (0xFD457593) andi a1, a0, 4052
x11 <- 0x66666644


mem[X,0x80001B94] -> 0x2E23
mem[X,0x80001B96] -> 0x6CB1
[1770] [M]: 0x80001B94 (0x6CB12E23) sw a1, 1756(sp)
mem[0x8000583C] <- 0x66666644


mem[X,0x80001B98] -> 0x6537
mem[X,0x80001B9A] -> 0x6666
[1771] [M]: 0x80001B98 (0x66666537) lui a0, 419430
x10 <- 0x66666000


mem[X,0x80001B9C] -> 0x0513
mem[X,0x80001B9E] -> 0x6655
[1772] [M]: 0x80001B9C (0x66550513) addi a0, a0, 1637
x10 <- 0x66666665


mem[X,0x80001BA0] -> 0x7593
mem[X,0x80001BA2] -> 0x02E5
[1773] [M]: 0x80001BA0 (0x02E57593) andi a1, a0, 46
x11 <- 0x00000024


mem[X,0x80001BA4] -> 0x2023
mem[X,0x80001BA6] -> 0x6EB1
[1774] [M]: 0x80001BA4 (0x6EB12023) sw a1, 1760(sp)
mem[0x80005840] <- 0x00000024


mem[X,0x80001BA8] -> 0xB537
mem[X,0x80001BAA] -> 0x0000
[1775] [M]: 0x80001BA8 (0x0000B537) lui a0, 11
x10 <- 0x0000B000


mem[X,0x80001BAC] -> 0x0513
mem[X,0x80001BAE] -> 0x5035
[1776] [M]: 0x80001BAC (0x50350513) addi a0, a0, 1283
x10 <- 0x0000B503


mem[X,0x80001BB0] -> 0x7593
mem[X,0x80001BB2] -> 0x0035
[1777] [M]: 0x80001BB0 (0x00357593) andi a1, a0, 3
x11 <- 0x00000003


mem[X,0x80001BB4] -> 0x2223
mem[X,0x80001BB6] -> 0x6EB1
[1778] [M]: 0x80001BB4 (0x6EB12223) sw a1, 1764(sp)
mem[0x80005844] <- 0x00000003


mem[X,0x80001BB8] -> 0xB537
mem[X,0x80001BBA] -> 0x0000
[1779] [M]: 0x80001BB8 (0x0000B537) lui a0, 11
x10 <- 0x0000B000


mem[X,0x80001BBC] -> 0x0513
mem[X,0x80001BBE] -> 0x5035
[1780] [M]: 0x80001BBC (0x50350513) addi a0, a0, 1283
x10 <- 0x0000B503


mem[X,0x80001BC0] -> 0x7593
mem[X,0x80001BC2] -> 0x5555
[1781] [M]: 0x80001BC0 (0x55557593) andi a1, a0, 1365
x11 <- 0x00000501


mem[X,0x80001BC4] -> 0x2423
mem[X,0x80001BC6] -> 0x6EB1
[1782] [M]: 0x80001BC4 (0x6EB12423) sw a1, 1768(sp)
mem[0x80005848] <- 0x00000501


mem[X,0x80001BC8] -> 0xB537
mem[X,0x80001BCA] -> 0x0000
[1783] [M]: 0x80001BC8 (0x0000B537) lui a0, 11
x10 <- 0x0000B000


mem[X,0x80001BCC] -> 0x0513
mem[X,0x80001BCE] -> 0x5035
[1784] [M]: 0x80001BCC (0x50350513) addi a0, a0, 1283
x10 <- 0x0000B503


mem[X,0x80001BD0] -> 0x7593
mem[X,0x80001BD2] -> 0xAAA5
[1785] [M]: 0x80001BD0 (0xAAA57593) andi a1, a0, 2730
x11 <- 0x0000B002


mem[X,0x80001BD4] -> 0x2623
mem[X,0x80001BD6] -> 0x6EB1
[1786] [M]: 0x80001BD4 (0x6EB12623) sw a1, 1772(sp)
mem[0x8000584C] <- 0x0000B002


mem[X,0x80001BD8] -> 0xB537
mem[X,0x80001BDA] -> 0x0000
[1787] [M]: 0x80001BD8 (0x0000B537) lui a0, 11
x10 <- 0x0000B000


mem[X,0x80001BDC] -> 0x0513
mem[X,0x80001BDE] -> 0x5035
[1788] [M]: 0x80001BDC (0x50350513) addi a0, a0, 1283
x10 <- 0x0000B503


mem[X,0x80001BE0] -> 0x7593
mem[X,0x80001BE2] -> 0x0055
[1789] [M]: 0x80001BE0 (0x00557593) andi a1, a0, 5
x11 <- 0x00000001


mem[X,0x80001BE4] -> 0x2823
mem[X,0x80001BE6] -> 0x6EB1
[1790] [M]: 0x80001BE4 (0x6EB12823) sw a1, 1776(sp)
mem[0x80005850] <- 0x00000001


mem[X,0x80001BE8] -> 0xB537
mem[X,0x80001BEA] -> 0x0000
[1791] [M]: 0x80001BE8 (0x0000B537) lui a0, 11
x10 <- 0x0000B000


mem[X,0x80001BEC] -> 0x0513
mem[X,0x80001BEE] -> 0x5035
[1792] [M]: 0x80001BEC (0x50350513) addi a0, a0, 1283
x10 <- 0x0000B503


mem[X,0x80001BF0] -> 0x7593
mem[X,0x80001BF2] -> 0x3335
[1793] [M]: 0x80001BF0 (0x33357593) andi a1, a0, 819
x11 <- 0x00000103


mem[X,0x80001BF4] -> 0x2A23
mem[X,0x80001BF6] -> 0x6EB1
[1794] [M]: 0x80001BF4 (0x6EB12A23) sw a1, 1780(sp)
mem[0x80005854] <- 0x00000103


mem[X,0x80001BF8] -> 0xB537
mem[X,0x80001BFA] -> 0x0000
[1795] [M]: 0x80001BF8 (0x0000B537) lui a0, 11
x10 <- 0x0000B000


mem[X,0x80001BFC] -> 0x0513
mem[X,0x80001BFE] -> 0x5035
[1796] [M]: 0x80001BFC (0x50350513) addi a0, a0, 1283
x10 <- 0x0000B503


mem[X,0x80001C00] -> 0x7593
mem[X,0x80001C02] -> 0x6665
[1797] [M]: 0x80001C00 (0x66657593) andi a1, a0, 1638
x11 <- 0x00000402


mem[X,0x80001C04] -> 0x2C23
mem[X,0x80001C06] -> 0x6EB1
[1798] [M]: 0x80001C04 (0x6EB12C23) sw a1, 1784(sp)
mem[0x80005858] <- 0x00000402


mem[X,0x80001C08] -> 0xB537
mem[X,0x80001C0A] -> 0x0000
[1799] [M]: 0x80001C08 (0x0000B537) lui a0, 11
x10 <- 0x0000B000


clint::tick mtime <- 0x0000000000000012
 clint timer pending at mtime 0x0000000000000012
htif::tick 0x0000000000000000
mem[X,0x80001C0C] -> 0x0513
mem[X,0x80001C0E] -> 0x5035
[1800] [M]: 0x80001C0C (0x50350513) addi a0, a0, 1283
x10 <- 0x0000B503


mem[X,0x80001C10] -> 0x7593
mem[X,0x80001C12] -> 0xFD35
[1801] [M]: 0x80001C10 (0xFD357593) andi a1, a0, 4051
x11 <- 0x0000B503


mem[X,0x80001C14] -> 0x2E23
mem[X,0x80001C16] -> 0x6EB1
[1802] [M]: 0x80001C14 (0x6EB12E23) sw a1, 1788(sp)
mem[0x8000585C] <- 0x0000B503


mem[X,0x80001C18] -> 0xB537
mem[X,0x80001C1A] -> 0x0000
[1803] [M]: 0x80001C18 (0x0000B537) lui a0, 11
x10 <- 0x0000B000


mem[X,0x80001C1C] -> 0x0513
mem[X,0x80001C1E] -> 0x5035
[1804] [M]: 0x80001C1C (0x50350513) addi a0, a0, 1283
x10 <- 0x0000B503


mem[X,0x80001C20] -> 0x7593
mem[X,0x80001C22] -> 0x02D5
[1805] [M]: 0x80001C20 (0x02D57593) andi a1, a0, 45
x11 <- 0x00000001


mem[X,0x80001C24] -> 0x2023
mem[X,0x80001C26] -> 0x70B1
[1806] [M]: 0x80001C24 (0x70B12023) sw a1, 1792(sp)
mem[0x80005860] <- 0x00000001


mem[X,0x80001C28] -> 0xB537
mem[X,0x80001C2A] -> 0x0000
[1807] [M]: 0x80001C28 (0x0000B537) lui a0, 11
x10 <- 0x0000B000


mem[X,0x80001C2C] -> 0x0513
mem[X,0x80001C2E] -> 0x5035
[1808] [M]: 0x80001C2C (0x50350513) addi a0, a0, 1283
x10 <- 0x0000B503


mem[X,0x80001C30] -> 0x7593
mem[X,0x80001C32] -> 0x0025
[1809] [M]: 0x80001C30 (0x00257593) andi a1, a0, 2
x11 <- 0x00000002


mem[X,0x80001C34] -> 0x2223
mem[X,0x80001C36] -> 0x70B1
[1810] [M]: 0x80001C34 (0x70B12223) sw a1, 1796(sp)
mem[0x80005864] <- 0x00000002


mem[X,0x80001C38] -> 0xB537
mem[X,0x80001C3A] -> 0x0000
[1811] [M]: 0x80001C38 (0x0000B537) lui a0, 11
x10 <- 0x0000B000


mem[X,0x80001C3C] -> 0x0513
mem[X,0x80001C3E] -> 0x5035
[1812] [M]: 0x80001C3C (0x50350513) addi a0, a0, 1283
x10 <- 0x0000B503


mem[X,0x80001C40] -> 0x7593
mem[X,0x80001C42] -> 0x5545
[1813] [M]: 0x80001C40 (0x55457593) andi a1, a0, 1364
x11 <- 0x00000500


mem[X,0x80001C44] -> 0x2423
mem[X,0x80001C46] -> 0x70B1
[1814] [M]: 0x80001C44 (0x70B12423) sw a1, 1800(sp)
mem[0x80005868] <- 0x00000500


mem[X,0x80001C48] -> 0xB537
mem[X,0x80001C4A] -> 0x0000
[1815] [M]: 0x80001C48 (0x0000B537) lui a0, 11
x10 <- 0x0000B000


mem[X,0x80001C4C] -> 0x0513
mem[X,0x80001C4E] -> 0x5035
[1816] [M]: 0x80001C4C (0x50350513) addi a0, a0, 1283
x10 <- 0x0000B503


mem[X,0x80001C50] -> 0x7593
mem[X,0x80001C52] -> 0x0005
[1817] [M]: 0x80001C50 (0x00057593) andi a1, a0, 0
x11 <- 0x00000000


mem[X,0x80001C54] -> 0x2623
mem[X,0x80001C56] -> 0x70B1
[1818] [M]: 0x80001C54 (0x70B12623) sw a1, 1804(sp)
mem[0x8000586C] <- 0x00000000


mem[X,0x80001C58] -> 0xB537
mem[X,0x80001C5A] -> 0x0000
[1819] [M]: 0x80001C58 (0x0000B537) lui a0, 11
x10 <- 0x0000B000


mem[X,0x80001C5C] -> 0x0513
mem[X,0x80001C5E] -> 0x5035
[1820] [M]: 0x80001C5C (0x50350513) addi a0, a0, 1283
x10 <- 0x0000B503


mem[X,0x80001C60] -> 0x7593
mem[X,0x80001C62] -> 0x0045
[1821] [M]: 0x80001C60 (0x00457593) andi a1, a0, 4
x11 <- 0x00000000


mem[X,0x80001C64] -> 0x2823
mem[X,0x80001C66] -> 0x70B1
[1822] [M]: 0x80001C64 (0x70B12823) sw a1, 1808(sp)
mem[0x80005870] <- 0x00000000


mem[X,0x80001C68] -> 0xB537
mem[X,0x80001C6A] -> 0x0000
[1823] [M]: 0x80001C68 (0x0000B537) lui a0, 11
x10 <- 0x0000B000


mem[X,0x80001C6C] -> 0x0513
mem[X,0x80001C6E] -> 0x5035
[1824] [M]: 0x80001C6C (0x50350513) addi a0, a0, 1283
x10 <- 0x0000B503


mem[X,0x80001C70] -> 0x7593
mem[X,0x80001C72] -> 0x3325
[1825] [M]: 0x80001C70 (0x33257593) andi a1, a0, 818
x11 <- 0x00000102


mem[X,0x80001C74] -> 0x2A23
mem[X,0x80001C76] -> 0x70B1
[1826] [M]: 0x80001C74 (0x70B12A23) sw a1, 1812(sp)
mem[0x80005874] <- 0x00000102


mem[X,0x80001C78] -> 0xB537
mem[X,0x80001C7A] -> 0x0000
[1827] [M]: 0x80001C78 (0x0000B537) lui a0, 11
x10 <- 0x0000B000


mem[X,0x80001C7C] -> 0x0513
mem[X,0x80001C7E] -> 0x5035
[1828] [M]: 0x80001C7C (0x50350513) addi a0, a0, 1283
x10 <- 0x0000B503


mem[X,0x80001C80] -> 0x7593
mem[X,0x80001C82] -> 0x6655
[1829] [M]: 0x80001C80 (0x66557593) andi a1, a0, 1637
x11 <- 0x00000401


mem[X,0x80001C84] -> 0x2C23
mem[X,0x80001C86] -> 0x70B1
[1830] [M]: 0x80001C84 (0x70B12C23) sw a1, 1816(sp)
mem[0x80005878] <- 0x00000401


mem[X,0x80001C88] -> 0xB537
mem[X,0x80001C8A] -> 0x0000
[1831] [M]: 0x80001C88 (0x0000B537) lui a0, 11
x10 <- 0x0000B000


mem[X,0x80001C8C] -> 0x0513
mem[X,0x80001C8E] -> 0x5035
[1832] [M]: 0x80001C8C (0x50350513) addi a0, a0, 1283
x10 <- 0x0000B503


mem[X,0x80001C90] -> 0x7593
mem[X,0x80001C92] -> 0x02C5
[1833] [M]: 0x80001C90 (0x02C57593) andi a1, a0, 44
x11 <- 0x00000000


mem[X,0x80001C94] -> 0x2E23
mem[X,0x80001C96] -> 0x70B1
[1834] [M]: 0x80001C94 (0x70B12E23) sw a1, 1820(sp)
mem[0x8000587C] <- 0x00000000


mem[X,0x80001C98] -> 0xB537
mem[X,0x80001C9A] -> 0x0000
[1835] [M]: 0x80001C98 (0x0000B537) lui a0, 11
x10 <- 0x0000B000


mem[X,0x80001C9C] -> 0x0513
mem[X,0x80001C9E] -> 0x5035
[1836] [M]: 0x80001C9C (0x50350513) addi a0, a0, 1283
x10 <- 0x0000B503


mem[X,0x80001CA0] -> 0x7593
mem[X,0x80001CA2] -> 0x5565
[1837] [M]: 0x80001CA0 (0x55657593) andi a1, a0, 1366
x11 <- 0x00000502


mem[X,0x80001CA4] -> 0x2023
mem[X,0x80001CA6] -> 0x72B1
[1838] [M]: 0x80001CA4 (0x72B12023) sw a1, 1824(sp)
mem[0x80005880] <- 0x00000502


mem[X,0x80001CA8] -> 0xB537
mem[X,0x80001CAA] -> 0x0000
[1839] [M]: 0x80001CA8 (0x0000B537) lui a0, 11
x10 <- 0x0000B000


mem[X,0x80001CAC] -> 0x0513
mem[X,0x80001CAE] -> 0x5035
[1840] [M]: 0x80001CAC (0x50350513) addi a0, a0, 1283
x10 <- 0x0000B503


mem[X,0x80001CB0] -> 0x7593
mem[X,0x80001CB2] -> 0xAAB5
[1841] [M]: 0x80001CB0 (0xAAB57593) andi a1, a0, 2731
x11 <- 0x0000B003


mem[X,0x80001CB4] -> 0x2223
mem[X,0x80001CB6] -> 0x72B1
[1842] [M]: 0x80001CB4 (0x72B12223) sw a1, 1828(sp)
mem[0x80005884] <- 0x0000B003


mem[X,0x80001CB8] -> 0xB537
mem[X,0x80001CBA] -> 0x0000
[1843] [M]: 0x80001CB8 (0x0000B537) lui a0, 11
x10 <- 0x0000B000


mem[X,0x80001CBC] -> 0x0513
mem[X,0x80001CBE] -> 0x5035
[1844] [M]: 0x80001CBC (0x50350513) addi a0, a0, 1283
x10 <- 0x0000B503


mem[X,0x80001CC0] -> 0x7593
mem[X,0x80001CC2] -> 0x0065
[1845] [M]: 0x80001CC0 (0x00657593) andi a1, a0, 6
x11 <- 0x00000002


mem[X,0x80001CC4] -> 0x2423
mem[X,0x80001CC6] -> 0x72B1
[1846] [M]: 0x80001CC4 (0x72B12423) sw a1, 1832(sp)
mem[0x80005888] <- 0x00000002


mem[X,0x80001CC8] -> 0xB537
mem[X,0x80001CCA] -> 0x0000
[1847] [M]: 0x80001CC8 (0x0000B537) lui a0, 11
x10 <- 0x0000B000


mem[X,0x80001CCC] -> 0x0513
mem[X,0x80001CCE] -> 0x5035
[1848] [M]: 0x80001CCC (0x50350513) addi a0, a0, 1283
x10 <- 0x0000B503


mem[X,0x80001CD0] -> 0x7593
mem[X,0x80001CD2] -> 0x3345
[1849] [M]: 0x80001CD0 (0x33457593) andi a1, a0, 820
x11 <- 0x00000100


mem[X,0x80001CD4] -> 0x2623
mem[X,0x80001CD6] -> 0x72B1
[1850] [M]: 0x80001CD4 (0x72B12623) sw a1, 1836(sp)
mem[0x8000588C] <- 0x00000100


mem[X,0x80001CD8] -> 0xB537
mem[X,0x80001CDA] -> 0x0000
[1851] [M]: 0x80001CD8 (0x0000B537) lui a0, 11
x10 <- 0x0000B000


mem[X,0x80001CDC] -> 0x0513
mem[X,0x80001CDE] -> 0x5035
[1852] [M]: 0x80001CDC (0x50350513) addi a0, a0, 1283
x10 <- 0x0000B503


mem[X,0x80001CE0] -> 0x7593
mem[X,0x80001CE2] -> 0x6675
[1853] [M]: 0x80001CE0 (0x66757593) andi a1, a0, 1639
x11 <- 0x00000403


mem[X,0x80001CE4] -> 0x2823
mem[X,0x80001CE6] -> 0x72B1
[1854] [M]: 0x80001CE4 (0x72B12823) sw a1, 1840(sp)
mem[0x80005890] <- 0x00000403


mem[X,0x80001CE8] -> 0xB537
mem[X,0x80001CEA] -> 0x0000
[1855] [M]: 0x80001CE8 (0x0000B537) lui a0, 11
x10 <- 0x0000B000


mem[X,0x80001CEC] -> 0x0513
mem[X,0x80001CEE] -> 0x5035
[1856] [M]: 0x80001CEC (0x50350513) addi a0, a0, 1283
x10 <- 0x0000B503


mem[X,0x80001CF0] -> 0x7593
mem[X,0x80001CF2] -> 0xFD45
[1857] [M]: 0x80001CF0 (0xFD457593) andi a1, a0, 4052
x11 <- 0x0000B500


mem[X,0x80001CF4] -> 0x2A23
mem[X,0x80001CF6] -> 0x72B1
[1858] [M]: 0x80001CF4 (0x72B12A23) sw a1, 1844(sp)
mem[0x80005894] <- 0x0000B500


mem[X,0x80001CF8] -> 0xB537
mem[X,0x80001CFA] -> 0x0000
[1859] [M]: 0x80001CF8 (0x0000B537) lui a0, 11
x10 <- 0x0000B000


mem[X,0x80001CFC] -> 0x0513
mem[X,0x80001CFE] -> 0x5035
[1860] [M]: 0x80001CFC (0x50350513) addi a0, a0, 1283
x10 <- 0x0000B503


mem[X,0x80001D00] -> 0x7593
mem[X,0x80001D02] -> 0x02E5
[1861] [M]: 0x80001D00 (0x02E57593) andi a1, a0, 46
x11 <- 0x00000002


mem[X,0x80001D04] -> 0x2C23
mem[X,0x80001D06] -> 0x72B1
[1862] [M]: 0x80001D04 (0x72B12C23) sw a1, 1848(sp)
mem[0x80005898] <- 0x00000002


mem[X,0x80001D08] -> 0x5537
mem[X,0x80001D0A] -> 0x5555
[1863] [M]: 0x80001D08 (0x55555537) lui a0, 349525
x10 <- 0x55555000


mem[X,0x80001D0C] -> 0x0513
mem[X,0x80001D0E] -> 0x5565
[1864] [M]: 0x80001D0C (0x55650513) addi a0, a0, 1366
x10 <- 0x55555556


mem[X,0x80001D10] -> 0x7593
mem[X,0x80001D12] -> 0x0035
[1865] [M]: 0x80001D10 (0x00357593) andi a1, a0, 3
x11 <- 0x00000002


mem[X,0x80001D14] -> 0x2E23
mem[X,0x80001D16] -> 0x72B1
[1866] [M]: 0x80001D14 (0x72B12E23) sw a1, 1852(sp)
mem[0x8000589C] <- 0x00000002


mem[X,0x80001D18] -> 0x5537
mem[X,0x80001D1A] -> 0x5555
[1867] [M]: 0x80001D18 (0x55555537) lui a0, 349525
x10 <- 0x55555000


mem[X,0x80001D1C] -> 0x0513
mem[X,0x80001D1E] -> 0x5565
[1868] [M]: 0x80001D1C (0x55650513) addi a0, a0, 1366
x10 <- 0x55555556


mem[X,0x80001D20] -> 0x7593
mem[X,0x80001D22] -> 0x5555
[1869] [M]: 0x80001D20 (0x55557593) andi a1, a0, 1365
x11 <- 0x00000554


mem[X,0x80001D24] -> 0x2023
mem[X,0x80001D26] -> 0x74B1
[1870] [M]: 0x80001D24 (0x74B12023) sw a1, 1856(sp)
mem[0x800058A0] <- 0x00000554


mem[X,0x80001D28] -> 0x5537
mem[X,0x80001D2A] -> 0x5555
[1871] [M]: 0x80001D28 (0x55555537) lui a0, 349525
x10 <- 0x55555000


mem[X,0x80001D2C] -> 0x0513
mem[X,0x80001D2E] -> 0x5565
[1872] [M]: 0x80001D2C (0x55650513) addi a0, a0, 1366
x10 <- 0x55555556


mem[X,0x80001D30] -> 0x7593
mem[X,0x80001D32] -> 0xAAA5
[1873] [M]: 0x80001D30 (0xAAA57593) andi a1, a0, 2730
x11 <- 0x55555002


mem[X,0x80001D34] -> 0x2223
mem[X,0x80001D36] -> 0x74B1
[1874] [M]: 0x80001D34 (0x74B12223) sw a1, 1860(sp)
mem[0x800058A4] <- 0x55555002


mem[X,0x80001D38] -> 0x5537
mem[X,0x80001D3A] -> 0x5555
[1875] [M]: 0x80001D38 (0x55555537) lui a0, 349525
x10 <- 0x55555000


mem[X,0x80001D3C] -> 0x0513
mem[X,0x80001D3E] -> 0x5565
[1876] [M]: 0x80001D3C (0x55650513) addi a0, a0, 1366
x10 <- 0x55555556


mem[X,0x80001D40] -> 0x7593
mem[X,0x80001D42] -> 0x0055
[1877] [M]: 0x80001D40 (0x00557593) andi a1, a0, 5
x11 <- 0x00000004


mem[X,0x80001D44] -> 0x2423
mem[X,0x80001D46] -> 0x74B1
[1878] [M]: 0x80001D44 (0x74B12423) sw a1, 1864(sp)
mem[0x800058A8] <- 0x00000004


mem[X,0x80001D48] -> 0x5537
mem[X,0x80001D4A] -> 0x5555
[1879] [M]: 0x80001D48 (0x55555537) lui a0, 349525
x10 <- 0x55555000


mem[X,0x80001D4C] -> 0x0513
mem[X,0x80001D4E] -> 0x5565
[1880] [M]: 0x80001D4C (0x55650513) addi a0, a0, 1366
x10 <- 0x55555556


mem[X,0x80001D50] -> 0x7593
mem[X,0x80001D52] -> 0x3335
[1881] [M]: 0x80001D50 (0x33357593) andi a1, a0, 819
x11 <- 0x00000112


mem[X,0x80001D54] -> 0x2623
mem[X,0x80001D56] -> 0x74B1
[1882] [M]: 0x80001D54 (0x74B12623) sw a1, 1868(sp)
mem[0x800058AC] <- 0x00000112


mem[X,0x80001D58] -> 0x5537
mem[X,0x80001D5A] -> 0x5555
[1883] [M]: 0x80001D58 (0x55555537) lui a0, 349525
x10 <- 0x55555000


mem[X,0x80001D5C] -> 0x0513
mem[X,0x80001D5E] -> 0x5565
[1884] [M]: 0x80001D5C (0x55650513) addi a0, a0, 1366
x10 <- 0x55555556


mem[X,0x80001D60] -> 0x7593
mem[X,0x80001D62] -> 0x6665
[1885] [M]: 0x80001D60 (0x66657593) andi a1, a0, 1638
x11 <- 0x00000446


mem[X,0x80001D64] -> 0x2823
mem[X,0x80001D66] -> 0x74B1
[1886] [M]: 0x80001D64 (0x74B12823) sw a1, 1872(sp)
mem[0x800058B0] <- 0x00000446


mem[X,0x80001D68] -> 0x5537
mem[X,0x80001D6A] -> 0x5555
[1887] [M]: 0x80001D68 (0x55555537) lui a0, 349525
x10 <- 0x55555000


mem[X,0x80001D6C] -> 0x0513
mem[X,0x80001D6E] -> 0x5565
[1888] [M]: 0x80001D6C (0x55650513) addi a0, a0, 1366
x10 <- 0x55555556


mem[X,0x80001D70] -> 0x7593
mem[X,0x80001D72] -> 0xFD35
[1889] [M]: 0x80001D70 (0xFD357593) andi a1, a0, 4051
x11 <- 0x55555552


mem[X,0x80001D74] -> 0x2A23
mem[X,0x80001D76] -> 0x74B1
[1890] [M]: 0x80001D74 (0x74B12A23) sw a1, 1876(sp)
mem[0x800058B4] <- 0x55555552


mem[X,0x80001D78] -> 0x5537
mem[X,0x80001D7A] -> 0x5555
[1891] [M]: 0x80001D78 (0x55555537) lui a0, 349525
x10 <- 0x55555000


mem[X,0x80001D7C] -> 0x0513
mem[X,0x80001D7E] -> 0x5565
[1892] [M]: 0x80001D7C (0x55650513) addi a0, a0, 1366
x10 <- 0x55555556


mem[X,0x80001D80] -> 0x7593
mem[X,0x80001D82] -> 0x02D5
[1893] [M]: 0x80001D80 (0x02D57593) andi a1, a0, 45
x11 <- 0x00000004


mem[X,0x80001D84] -> 0x2C23
mem[X,0x80001D86] -> 0x74B1
[1894] [M]: 0x80001D84 (0x74B12C23) sw a1, 1880(sp)
mem[0x800058B8] <- 0x00000004


mem[X,0x80001D88] -> 0x5537
mem[X,0x80001D8A] -> 0x5555
[1895] [M]: 0x80001D88 (0x55555537) lui a0, 349525
x10 <- 0x55555000


mem[X,0x80001D8C] -> 0x0513
mem[X,0x80001D8E] -> 0x5565
[1896] [M]: 0x80001D8C (0x55650513) addi a0, a0, 1366
x10 <- 0x55555556


mem[X,0x80001D90] -> 0x7593
mem[X,0x80001D92] -> 0x0025
[1897] [M]: 0x80001D90 (0x00257593) andi a1, a0, 2
x11 <- 0x00000002


mem[X,0x80001D94] -> 0x2E23
mem[X,0x80001D96] -> 0x74B1
[1898] [M]: 0x80001D94 (0x74B12E23) sw a1, 1884(sp)
mem[0x800058BC] <- 0x00000002


mem[X,0x80001D98] -> 0x5537
mem[X,0x80001D9A] -> 0x5555
[1899] [M]: 0x80001D98 (0x55555537) lui a0, 349525
x10 <- 0x55555000


clint::tick mtime <- 0x0000000000000013
 clint timer pending at mtime 0x0000000000000013
htif::tick 0x0000000000000000
mem[X,0x80001D9C] -> 0x0513
mem[X,0x80001D9E] -> 0x5565
[1900] [M]: 0x80001D9C (0x55650513) addi a0, a0, 1366
x10 <- 0x55555556


mem[X,0x80001DA0] -> 0x7593
mem[X,0x80001DA2] -> 0x5545
[1901] [M]: 0x80001DA0 (0x55457593) andi a1, a0, 1364
x11 <- 0x00000554


mem[X,0x80001DA4] -> 0x2023
mem[X,0x80001DA6] -> 0x76B1
[1902] [M]: 0x80001DA4 (0x76B12023) sw a1, 1888(sp)
mem[0x800058C0] <- 0x00000554


mem[X,0x80001DA8] -> 0x5537
mem[X,0x80001DAA] -> 0x5555
[1903] [M]: 0x80001DA8 (0x55555537) lui a0, 349525
x10 <- 0x55555000


mem[X,0x80001DAC] -> 0x0513
mem[X,0x80001DAE] -> 0x5565
[1904] [M]: 0x80001DAC (0x55650513) addi a0, a0, 1366
x10 <- 0x55555556


mem[X,0x80001DB0] -> 0x7593
mem[X,0x80001DB2] -> 0x0005
[1905] [M]: 0x80001DB0 (0x00057593) andi a1, a0, 0
x11 <- 0x00000000


mem[X,0x80001DB4] -> 0x2223
mem[X,0x80001DB6] -> 0x76B1
[1906] [M]: 0x80001DB4 (0x76B12223) sw a1, 1892(sp)
mem[0x800058C4] <- 0x00000000


mem[X,0x80001DB8] -> 0x5537
mem[X,0x80001DBA] -> 0x5555
[1907] [M]: 0x80001DB8 (0x55555537) lui a0, 349525
x10 <- 0x55555000


mem[X,0x80001DBC] -> 0x0513
mem[X,0x80001DBE] -> 0x5565
[1908] [M]: 0x80001DBC (0x55650513) addi a0, a0, 1366
x10 <- 0x55555556


mem[X,0x80001DC0] -> 0x7593
mem[X,0x80001DC2] -> 0x0045
[1909] [M]: 0x80001DC0 (0x00457593) andi a1, a0, 4
x11 <- 0x00000004


mem[X,0x80001DC4] -> 0x2423
mem[X,0x80001DC6] -> 0x76B1
[1910] [M]: 0x80001DC4 (0x76B12423) sw a1, 1896(sp)
mem[0x800058C8] <- 0x00000004


mem[X,0x80001DC8] -> 0x5537
mem[X,0x80001DCA] -> 0x5555
[1911] [M]: 0x80001DC8 (0x55555537) lui a0, 349525
x10 <- 0x55555000


mem[X,0x80001DCC] -> 0x0513
mem[X,0x80001DCE] -> 0x5565
[1912] [M]: 0x80001DCC (0x55650513) addi a0, a0, 1366
x10 <- 0x55555556


mem[X,0x80001DD0] -> 0x7593
mem[X,0x80001DD2] -> 0x3325
[1913] [M]: 0x80001DD0 (0x33257593) andi a1, a0, 818
x11 <- 0x00000112


mem[X,0x80001DD4] -> 0x2623
mem[X,0x80001DD6] -> 0x76B1
[1914] [M]: 0x80001DD4 (0x76B12623) sw a1, 1900(sp)
mem[0x800058CC] <- 0x00000112


mem[X,0x80001DD8] -> 0x5537
mem[X,0x80001DDA] -> 0x5555
[1915] [M]: 0x80001DD8 (0x55555537) lui a0, 349525
x10 <- 0x55555000


mem[X,0x80001DDC] -> 0x0513
mem[X,0x80001DDE] -> 0x5565
[1916] [M]: 0x80001DDC (0x55650513) addi a0, a0, 1366
x10 <- 0x55555556


mem[X,0x80001DE0] -> 0x7593
mem[X,0x80001DE2] -> 0x6655
[1917] [M]: 0x80001DE0 (0x66557593) andi a1, a0, 1637
x11 <- 0x00000444


mem[X,0x80001DE4] -> 0x2823
mem[X,0x80001DE6] -> 0x76B1
[1918] [M]: 0x80001DE4 (0x76B12823) sw a1, 1904(sp)
mem[0x800058D0] <- 0x00000444


mem[X,0x80001DE8] -> 0x5537
mem[X,0x80001DEA] -> 0x5555
[1919] [M]: 0x80001DE8 (0x55555537) lui a0, 349525
x10 <- 0x55555000


mem[X,0x80001DEC] -> 0x0513
mem[X,0x80001DEE] -> 0x5565
[1920] [M]: 0x80001DEC (0x55650513) addi a0, a0, 1366
x10 <- 0x55555556


mem[X,0x80001DF0] -> 0x7593
mem[X,0x80001DF2] -> 0x02C5
[1921] [M]: 0x80001DF0 (0x02C57593) andi a1, a0, 44
x11 <- 0x00000004


mem[X,0x80001DF4] -> 0x2A23
mem[X,0x80001DF6] -> 0x76B1
[1922] [M]: 0x80001DF4 (0x76B12A23) sw a1, 1908(sp)
mem[0x800058D4] <- 0x00000004


mem[X,0x80001DF8] -> 0x5537
mem[X,0x80001DFA] -> 0x5555
[1923] [M]: 0x80001DF8 (0x55555537) lui a0, 349525
x10 <- 0x55555000


mem[X,0x80001DFC] -> 0x0513
mem[X,0x80001DFE] -> 0x5565
[1924] [M]: 0x80001DFC (0x55650513) addi a0, a0, 1366
x10 <- 0x55555556


mem[X,0x80001E00] -> 0x7593
mem[X,0x80001E02] -> 0x5565
[1925] [M]: 0x80001E00 (0x55657593) andi a1, a0, 1366
x11 <- 0x00000556


mem[X,0x80001E04] -> 0x2C23
mem[X,0x80001E06] -> 0x76B1
[1926] [M]: 0x80001E04 (0x76B12C23) sw a1, 1912(sp)
mem[0x800058D8] <- 0x00000556


mem[X,0x80001E08] -> 0x5537
mem[X,0x80001E0A] -> 0x5555
[1927] [M]: 0x80001E08 (0x55555537) lui a0, 349525
x10 <- 0x55555000


mem[X,0x80001E0C] -> 0x0513
mem[X,0x80001E0E] -> 0x5565
[1928] [M]: 0x80001E0C (0x55650513) addi a0, a0, 1366
x10 <- 0x55555556


mem[X,0x80001E10] -> 0x7593
mem[X,0x80001E12] -> 0xAAB5
[1929] [M]: 0x80001E10 (0xAAB57593) andi a1, a0, 2731
x11 <- 0x55555002


mem[X,0x80001E14] -> 0x2E23
mem[X,0x80001E16] -> 0x76B1
[1930] [M]: 0x80001E14 (0x76B12E23) sw a1, 1916(sp)
mem[0x800058DC] <- 0x55555002


mem[X,0x80001E18] -> 0x5537
mem[X,0x80001E1A] -> 0x5555
[1931] [M]: 0x80001E18 (0x55555537) lui a0, 349525
x10 <- 0x55555000


mem[X,0x80001E1C] -> 0x0513
mem[X,0x80001E1E] -> 0x5565
[1932] [M]: 0x80001E1C (0x55650513) addi a0, a0, 1366
x10 <- 0x55555556


mem[X,0x80001E20] -> 0x7593
mem[X,0x80001E22] -> 0x0065
[1933] [M]: 0x80001E20 (0x00657593) andi a1, a0, 6
x11 <- 0x00000006


mem[X,0x80001E24] -> 0x2023
mem[X,0x80001E26] -> 0x78B1
[1934] [M]: 0x80001E24 (0x78B12023) sw a1, 1920(sp)
mem[0x800058E0] <- 0x00000006


mem[X,0x80001E28] -> 0x5537
mem[X,0x80001E2A] -> 0x5555
[1935] [M]: 0x80001E28 (0x55555537) lui a0, 349525
x10 <- 0x55555000


mem[X,0x80001E2C] -> 0x0513
mem[X,0x80001E2E] -> 0x5565
[1936] [M]: 0x80001E2C (0x55650513) addi a0, a0, 1366
x10 <- 0x55555556


mem[X,0x80001E30] -> 0x7593
mem[X,0x80001E32] -> 0x3345
[1937] [M]: 0x80001E30 (0x33457593) andi a1, a0, 820
x11 <- 0x00000114


mem[X,0x80001E34] -> 0x2223
mem[X,0x80001E36] -> 0x78B1
[1938] [M]: 0x80001E34 (0x78B12223) sw a1, 1924(sp)
mem[0x800058E4] <- 0x00000114


mem[X,0x80001E38] -> 0x5537
mem[X,0x80001E3A] -> 0x5555
[1939] [M]: 0x80001E38 (0x55555537) lui a0, 349525
x10 <- 0x55555000


mem[X,0x80001E3C] -> 0x0513
mem[X,0x80001E3E] -> 0x5565
[1940] [M]: 0x80001E3C (0x55650513) addi a0, a0, 1366
x10 <- 0x55555556


mem[X,0x80001E40] -> 0x7593
mem[X,0x80001E42] -> 0x6675
[1941] [M]: 0x80001E40 (0x66757593) andi a1, a0, 1639
x11 <- 0x00000446


mem[X,0x80001E44] -> 0x2423
mem[X,0x80001E46] -> 0x78B1
[1942] [M]: 0x80001E44 (0x78B12423) sw a1, 1928(sp)
mem[0x800058E8] <- 0x00000446


mem[X,0x80001E48] -> 0x5537
mem[X,0x80001E4A] -> 0x5555
[1943] [M]: 0x80001E48 (0x55555537) lui a0, 349525
x10 <- 0x55555000


mem[X,0x80001E4C] -> 0x0513
mem[X,0x80001E4E] -> 0x5565
[1944] [M]: 0x80001E4C (0x55650513) addi a0, a0, 1366
x10 <- 0x55555556


mem[X,0x80001E50] -> 0x7593
mem[X,0x80001E52] -> 0xFD45
[1945] [M]: 0x80001E50 (0xFD457593) andi a1, a0, 4052
x11 <- 0x55555554


mem[X,0x80001E54] -> 0x2623
mem[X,0x80001E56] -> 0x78B1
[1946] [M]: 0x80001E54 (0x78B12623) sw a1, 1932(sp)
mem[0x800058EC] <- 0x55555554


mem[X,0x80001E58] -> 0x5537
mem[X,0x80001E5A] -> 0x5555
[1947] [M]: 0x80001E58 (0x55555537) lui a0, 349525
x10 <- 0x55555000


mem[X,0x80001E5C] -> 0x0513
mem[X,0x80001E5E] -> 0x5565
[1948] [M]: 0x80001E5C (0x55650513) addi a0, a0, 1366
x10 <- 0x55555556


mem[X,0x80001E60] -> 0x7593
mem[X,0x80001E62] -> 0x02E5
[1949] [M]: 0x80001E60 (0x02E57593) andi a1, a0, 46
x11 <- 0x00000006


mem[X,0x80001E64] -> 0x2823
mem[X,0x80001E66] -> 0x78B1
[1950] [M]: 0x80001E64 (0x78B12823) sw a1, 1936(sp)
mem[0x800058F0] <- 0x00000006


mem[X,0x80001E68] -> 0xB537
mem[X,0x80001E6A] -> 0xAAAA
[1951] [M]: 0x80001E68 (0xAAAAB537) lui a0, 699051
x10 <- 0xAAAAB000


mem[X,0x80001E6C] -> 0x0513
mem[X,0x80001E6E] -> 0xAAB5
[1952] [M]: 0x80001E6C (0xAAB50513) addi a0, a0, 2731
x10 <- 0xAAAAAAAB


mem[X,0x80001E70] -> 0x7593
mem[X,0x80001E72] -> 0x0035
[1953] [M]: 0x80001E70 (0x00357593) andi a1, a0, 3
x11 <- 0x00000003


mem[X,0x80001E74] -> 0x2A23
mem[X,0x80001E76] -> 0x78B1
[1954] [M]: 0x80001E74 (0x78B12A23) sw a1, 1940(sp)
mem[0x800058F4] <- 0x00000003


mem[X,0x80001E78] -> 0xB537
mem[X,0x80001E7A] -> 0xAAAA
[1955] [M]: 0x80001E78 (0xAAAAB537) lui a0, 699051
x10 <- 0xAAAAB000


mem[X,0x80001E7C] -> 0x0513
mem[X,0x80001E7E] -> 0xAAB5
[1956] [M]: 0x80001E7C (0xAAB50513) addi a0, a0, 2731
x10 <- 0xAAAAAAAB


mem[X,0x80001E80] -> 0x7593
mem[X,0x80001E82] -> 0x5555
[1957] [M]: 0x80001E80 (0x55557593) andi a1, a0, 1365
x11 <- 0x00000001


mem[X,0x80001E84] -> 0x2C23
mem[X,0x80001E86] -> 0x78B1
[1958] [M]: 0x80001E84 (0x78B12C23) sw a1, 1944(sp)
mem[0x800058F8] <- 0x00000001


mem[X,0x80001E88] -> 0xB537
mem[X,0x80001E8A] -> 0xAAAA
[1959] [M]: 0x80001E88 (0xAAAAB537) lui a0, 699051
x10 <- 0xAAAAB000


mem[X,0x80001E8C] -> 0x0513
mem[X,0x80001E8E] -> 0xAAB5
[1960] [M]: 0x80001E8C (0xAAB50513) addi a0, a0, 2731
x10 <- 0xAAAAAAAB


mem[X,0x80001E90] -> 0x7593
mem[X,0x80001E92] -> 0xAAA5
[1961] [M]: 0x80001E90 (0xAAA57593) andi a1, a0, 2730
x11 <- 0xAAAAAAAA


mem[X,0x80001E94] -> 0x2E23
mem[X,0x80001E96] -> 0x78B1
[1962] [M]: 0x80001E94 (0x78B12E23) sw a1, 1948(sp)
mem[0x800058FC] <- 0xAAAAAAAA


mem[X,0x80001E98] -> 0xB537
mem[X,0x80001E9A] -> 0xAAAA
[1963] [M]: 0x80001E98 (0xAAAAB537) lui a0, 699051
x10 <- 0xAAAAB000


mem[X,0x80001E9C] -> 0x0513
mem[X,0x80001E9E] -> 0xAAB5
[1964] [M]: 0x80001E9C (0xAAB50513) addi a0, a0, 2731
x10 <- 0xAAAAAAAB


mem[X,0x80001EA0] -> 0x7593
mem[X,0x80001EA2] -> 0x0055
[1965] [M]: 0x80001EA0 (0x00557593) andi a1, a0, 5
x11 <- 0x00000001


mem[X,0x80001EA4] -> 0x2023
mem[X,0x80001EA6] -> 0x7AB1
[1966] [M]: 0x80001EA4 (0x7AB12023) sw a1, 1952(sp)
mem[0x80005900] <- 0x00000001


mem[X,0x80001EA8] -> 0xB537
mem[X,0x80001EAA] -> 0xAAAA
[1967] [M]: 0x80001EA8 (0xAAAAB537) lui a0, 699051
x10 <- 0xAAAAB000


mem[X,0x80001EAC] -> 0x0513
mem[X,0x80001EAE] -> 0xAAB5
[1968] [M]: 0x80001EAC (0xAAB50513) addi a0, a0, 2731
x10 <- 0xAAAAAAAB


mem[X,0x80001EB0] -> 0x7593
mem[X,0x80001EB2] -> 0x3335
[1969] [M]: 0x80001EB0 (0x33357593) andi a1, a0, 819
x11 <- 0x00000223


mem[X,0x80001EB4] -> 0x2223
mem[X,0x80001EB6] -> 0x7AB1
[1970] [M]: 0x80001EB4 (0x7AB12223) sw a1, 1956(sp)
mem[0x80005904] <- 0x00000223


mem[X,0x80001EB8] -> 0xB537
mem[X,0x80001EBA] -> 0xAAAA
[1971] [M]: 0x80001EB8 (0xAAAAB537) lui a0, 699051
x10 <- 0xAAAAB000


mem[X,0x80001EBC] -> 0x0513
mem[X,0x80001EBE] -> 0xAAB5
[1972] [M]: 0x80001EBC (0xAAB50513) addi a0, a0, 2731
x10 <- 0xAAAAAAAB


mem[X,0x80001EC0] -> 0x7593
mem[X,0x80001EC2] -> 0x6665
[1973] [M]: 0x80001EC0 (0x66657593) andi a1, a0, 1638
x11 <- 0x00000222


mem[X,0x80001EC4] -> 0x2423
mem[X,0x80001EC6] -> 0x7AB1
[1974] [M]: 0x80001EC4 (0x7AB12423) sw a1, 1960(sp)
mem[0x80005908] <- 0x00000222


mem[X,0x80001EC8] -> 0xB537
mem[X,0x80001ECA] -> 0xAAAA
[1975] [M]: 0x80001EC8 (0xAAAAB537) lui a0, 699051
x10 <- 0xAAAAB000


mem[X,0x80001ECC] -> 0x0513
mem[X,0x80001ECE] -> 0xAAB5
[1976] [M]: 0x80001ECC (0xAAB50513) addi a0, a0, 2731
x10 <- 0xAAAAAAAB


mem[X,0x80001ED0] -> 0x7593
mem[X,0x80001ED2] -> 0xFD35
[1977] [M]: 0x80001ED0 (0xFD357593) andi a1, a0, 4051
x11 <- 0xAAAAAA83


mem[X,0x80001ED4] -> 0x2623
mem[X,0x80001ED6] -> 0x7AB1
[1978] [M]: 0x80001ED4 (0x7AB12623) sw a1, 1964(sp)
mem[0x8000590C] <- 0xAAAAAA83


mem[X,0x80001ED8] -> 0xB537
mem[X,0x80001EDA] -> 0xAAAA
[1979] [M]: 0x80001ED8 (0xAAAAB537) lui a0, 699051
x10 <- 0xAAAAB000


mem[X,0x80001EDC] -> 0x0513
mem[X,0x80001EDE] -> 0xAAB5
[1980] [M]: 0x80001EDC (0xAAB50513) addi a0, a0, 2731
x10 <- 0xAAAAAAAB


mem[X,0x80001EE0] -> 0x7593
mem[X,0x80001EE2] -> 0x02D5
[1981] [M]: 0x80001EE0 (0x02D57593) andi a1, a0, 45
x11 <- 0x00000029


mem[X,0x80001EE4] -> 0x2823
mem[X,0x80001EE6] -> 0x7AB1
[1982] [M]: 0x80001EE4 (0x7AB12823) sw a1, 1968(sp)
mem[0x80005910] <- 0x00000029


mem[X,0x80001EE8] -> 0xB537
mem[X,0x80001EEA] -> 0xAAAA
[1983] [M]: 0x80001EE8 (0xAAAAB537) lui a0, 699051
x10 <- 0xAAAAB000


mem[X,0x80001EEC] -> 0x0513
mem[X,0x80001EEE] -> 0xAAB5
[1984] [M]: 0x80001EEC (0xAAB50513) addi a0, a0, 2731
x10 <- 0xAAAAAAAB


mem[X,0x80001EF0] -> 0x7593
mem[X,0x80001EF2] -> 0x0025
[1985] [M]: 0x80001EF0 (0x00257593) andi a1, a0, 2
x11 <- 0x00000002


mem[X,0x80001EF4] -> 0x2A23
mem[X,0x80001EF6] -> 0x7AB1
[1986] [M]: 0x80001EF4 (0x7AB12A23) sw a1, 1972(sp)
mem[0x80005914] <- 0x00000002


mem[X,0x80001EF8] -> 0xB537
mem[X,0x80001EFA] -> 0xAAAA
[1987] [M]: 0x80001EF8 (0xAAAAB537) lui a0, 699051
x10 <- 0xAAAAB000


mem[X,0x80001EFC] -> 0x0513
mem[X,0x80001EFE] -> 0xAAB5
[1988] [M]: 0x80001EFC (0xAAB50513) addi a0, a0, 2731
x10 <- 0xAAAAAAAB


mem[X,0x80001F00] -> 0x7593
mem[X,0x80001F02] -> 0x5545
[1989] [M]: 0x80001F00 (0x55457593) andi a1, a0, 1364
x11 <- 0x00000000


mem[X,0x80001F04] -> 0x2C23
mem[X,0x80001F06] -> 0x7AB1
[1990] [M]: 0x80001F04 (0x7AB12C23) sw a1, 1976(sp)
mem[0x80005918] <- 0x00000000


mem[X,0x80001F08] -> 0xB537
mem[X,0x80001F0A] -> 0xAAAA
[1991] [M]: 0x80001F08 (0xAAAAB537) lui a0, 699051
x10 <- 0xAAAAB000


mem[X,0x80001F0C] -> 0x0513
mem[X,0x80001F0E] -> 0xAAB5
[1992] [M]: 0x80001F0C (0xAAB50513) addi a0, a0, 2731
x10 <- 0xAAAAAAAB


mem[X,0x80001F10] -> 0x7593
mem[X,0x80001F12] -> 0x0005
[1993] [M]: 0x80001F10 (0x00057593) andi a1, a0, 0
x11 <- 0x00000000


mem[X,0x80001F14] -> 0x2E23
mem[X,0x80001F16] -> 0x7AB1
[1994] [M]: 0x80001F14 (0x7AB12E23) sw a1, 1980(sp)
mem[0x8000591C] <- 0x00000000


mem[X,0x80001F18] -> 0xB537
mem[X,0x80001F1A] -> 0xAAAA
[1995] [M]: 0x80001F18 (0xAAAAB537) lui a0, 699051
x10 <- 0xAAAAB000


mem[X,0x80001F1C] -> 0x0513
mem[X,0x80001F1E] -> 0xAAB5
[1996] [M]: 0x80001F1C (0xAAB50513) addi a0, a0, 2731
x10 <- 0xAAAAAAAB


mem[X,0x80001F20] -> 0x7593
mem[X,0x80001F22] -> 0x0045
[1997] [M]: 0x80001F20 (0x00457593) andi a1, a0, 4
x11 <- 0x00000000


mem[X,0x80001F24] -> 0x2023
mem[X,0x80001F26] -> 0x7CB1
[1998] [M]: 0x80001F24 (0x7CB12023) sw a1, 1984(sp)
mem[0x80005920] <- 0x00000000


mem[X,0x80001F28] -> 0xB537
mem[X,0x80001F2A] -> 0xAAAA
[1999] [M]: 0x80001F28 (0xAAAAB537) lui a0, 699051
x10 <- 0xAAAAB000


clint::tick mtime <- 0x0000000000000014
 clint timer pending at mtime 0x0000000000000014
htif::tick 0x0000000000000000
mem[X,0x80001F2C] -> 0x0513
mem[X,0x80001F2E] -> 0xAAB5
[2000] [M]: 0x80001F2C (0xAAB50513) addi a0, a0, 2731
x10 <- 0xAAAAAAAB


mem[X,0x80001F30] -> 0x7593
mem[X,0x80001F32] -> 0x3325
[2001] [M]: 0x80001F30 (0x33257593) andi a1, a0, 818
x11 <- 0x00000222


mem[X,0x80001F34] -> 0x2223
mem[X,0x80001F36] -> 0x7CB1
[2002] [M]: 0x80001F34 (0x7CB12223) sw a1, 1988(sp)
mem[0x80005924] <- 0x00000222


mem[X,0x80001F38] -> 0xB537
mem[X,0x80001F3A] -> 0xAAAA
[2003] [M]: 0x80001F38 (0xAAAAB537) lui a0, 699051
x10 <- 0xAAAAB000


mem[X,0x80001F3C] -> 0x0513
mem[X,0x80001F3E] -> 0xAAB5
[2004] [M]: 0x80001F3C (0xAAB50513) addi a0, a0, 2731
x10 <- 0xAAAAAAAB


mem[X,0x80001F40] -> 0x7593
mem[X,0x80001F42] -> 0x6655
[2005] [M]: 0x80001F40 (0x66557593) andi a1, a0, 1637
x11 <- 0x00000221


mem[X,0x80001F44] -> 0x2423
mem[X,0x80001F46] -> 0x7CB1
[2006] [M]: 0x80001F44 (0x7CB12423) sw a1, 1992(sp)
mem[0x80005928] <- 0x00000221


mem[X,0x80001F48] -> 0xB537
mem[X,0x80001F4A] -> 0xAAAA
[2007] [M]: 0x80001F48 (0xAAAAB537) lui a0, 699051
x10 <- 0xAAAAB000


mem[X,0x80001F4C] -> 0x0513
mem[X,0x80001F4E] -> 0xAAB5
[2008] [M]: 0x80001F4C (0xAAB50513) addi a0, a0, 2731
x10 <- 0xAAAAAAAB


mem[X,0x80001F50] -> 0x7593
mem[X,0x80001F52] -> 0x02C5
[2009] [M]: 0x80001F50 (0x02C57593) andi a1, a0, 44
x11 <- 0x00000028


mem[X,0x80001F54] -> 0x2623
mem[X,0x80001F56] -> 0x7CB1
[2010] [M]: 0x80001F54 (0x7CB12623) sw a1, 1996(sp)
mem[0x8000592C] <- 0x00000028


mem[X,0x80001F58] -> 0xB537
mem[X,0x80001F5A] -> 0xAAAA
[2011] [M]: 0x80001F58 (0xAAAAB537) lui a0, 699051
x10 <- 0xAAAAB000


mem[X,0x80001F5C] -> 0x0513
mem[X,0x80001F5E] -> 0xAAB5
[2012] [M]: 0x80001F5C (0xAAB50513) addi a0, a0, 2731
x10 <- 0xAAAAAAAB


mem[X,0x80001F60] -> 0x7593
mem[X,0x80001F62] -> 0x5565
[2013] [M]: 0x80001F60 (0x55657593) andi a1, a0, 1366
x11 <- 0x00000002


mem[X,0x80001F64] -> 0x2823
mem[X,0x80001F66] -> 0x7CB1
[2014] [M]: 0x80001F64 (0x7CB12823) sw a1, 2000(sp)
mem[0x80005930] <- 0x00000002


mem[X,0x80001F68] -> 0xB537
mem[X,0x80001F6A] -> 0xAAAA
[2015] [M]: 0x80001F68 (0xAAAAB537) lui a0, 699051
x10 <- 0xAAAAB000


mem[X,0x80001F6C] -> 0x0513
mem[X,0x80001F6E] -> 0xAAB5
[2016] [M]: 0x80001F6C (0xAAB50513) addi a0, a0, 2731
x10 <- 0xAAAAAAAB


mem[X,0x80001F70] -> 0x7593
mem[X,0x80001F72] -> 0xAAB5
[2017] [M]: 0x80001F70 (0xAAB57593) andi a1, a0, 2731
x11 <- 0xAAAAAAAB


mem[X,0x80001F74] -> 0x2A23
mem[X,0x80001F76] -> 0x7CB1
[2018] [M]: 0x80001F74 (0x7CB12A23) sw a1, 2004(sp)
mem[0x80005934] <- 0xAAAAAAAB


mem[X,0x80001F78] -> 0xB537
mem[X,0x80001F7A] -> 0xAAAA
[2019] [M]: 0x80001F78 (0xAAAAB537) lui a0, 699051
x10 <- 0xAAAAB000


mem[X,0x80001F7C] -> 0x0513
mem[X,0x80001F7E] -> 0xAAB5
[2020] [M]: 0x80001F7C (0xAAB50513) addi a0, a0, 2731
x10 <- 0xAAAAAAAB


mem[X,0x80001F80] -> 0x7593
mem[X,0x80001F82] -> 0x0065
[2021] [M]: 0x80001F80 (0x00657593) andi a1, a0, 6
x11 <- 0x00000002


mem[X,0x80001F84] -> 0x2C23
mem[X,0x80001F86] -> 0x7CB1
[2022] [M]: 0x80001F84 (0x7CB12C23) sw a1, 2008(sp)
mem[0x80005938] <- 0x00000002


mem[X,0x80001F88] -> 0xB537
mem[X,0x80001F8A] -> 0xAAAA
[2023] [M]: 0x80001F88 (0xAAAAB537) lui a0, 699051
x10 <- 0xAAAAB000


mem[X,0x80001F8C] -> 0x0513
mem[X,0x80001F8E] -> 0xAAB5
[2024] [M]: 0x80001F8C (0xAAB50513) addi a0, a0, 2731
x10 <- 0xAAAAAAAB


mem[X,0x80001F90] -> 0x7593
mem[X,0x80001F92] -> 0x3345
[2025] [M]: 0x80001F90 (0x33457593) andi a1, a0, 820
x11 <- 0x00000220


mem[X,0x80001F94] -> 0x2E23
mem[X,0x80001F96] -> 0x7CB1
[2026] [M]: 0x80001F94 (0x7CB12E23) sw a1, 2012(sp)
mem[0x8000593C] <- 0x00000220


mem[X,0x80001F98] -> 0xB537
mem[X,0x80001F9A] -> 0xAAAA
[2027] [M]: 0x80001F98 (0xAAAAB537) lui a0, 699051
x10 <- 0xAAAAB000


mem[X,0x80001F9C] -> 0x0513
mem[X,0x80001F9E] -> 0xAAB5
[2028] [M]: 0x80001F9C (0xAAB50513) addi a0, a0, 2731
x10 <- 0xAAAAAAAB


mem[X,0x80001FA0] -> 0x7593
mem[X,0x80001FA2] -> 0x6675
[2029] [M]: 0x80001FA0 (0x66757593) andi a1, a0, 1639
x11 <- 0x00000223


mem[X,0x80001FA4] -> 0x2023
mem[X,0x80001FA6] -> 0x7EB1
[2030] [M]: 0x80001FA4 (0x7EB12023) sw a1, 2016(sp)
mem[0x80005940] <- 0x00000223


mem[X,0x80001FA8] -> 0xB537
mem[X,0x80001FAA] -> 0xAAAA
[2031] [M]: 0x80001FA8 (0xAAAAB537) lui a0, 699051
x10 <- 0xAAAAB000


mem[X,0x80001FAC] -> 0x0513
mem[X,0x80001FAE] -> 0xAAB5
[2032] [M]: 0x80001FAC (0xAAB50513) addi a0, a0, 2731
x10 <- 0xAAAAAAAB


mem[X,0x80001FB0] -> 0x7593
mem[X,0x80001FB2] -> 0xFD45
[2033] [M]: 0x80001FB0 (0xFD457593) andi a1, a0, 4052
x11 <- 0xAAAAAA80


mem[X,0x80001FB4] -> 0x2223
mem[X,0x80001FB6] -> 0x7EB1
[2034] [M]: 0x80001FB4 (0x7EB12223) sw a1, 2020(sp)
mem[0x80005944] <- 0xAAAAAA80


mem[X,0x80001FB8] -> 0xB537
mem[X,0x80001FBA] -> 0xAAAA
[2035] [M]: 0x80001FB8 (0xAAAAB537) lui a0, 699051
x10 <- 0xAAAAB000


mem[X,0x80001FBC] -> 0x0513
mem[X,0x80001FBE] -> 0xAAB5
[2036] [M]: 0x80001FBC (0xAAB50513) addi a0, a0, 2731
x10 <- 0xAAAAAAAB


mem[X,0x80001FC0] -> 0x7593
mem[X,0x80001FC2] -> 0x02E5
[2037] [M]: 0x80001FC0 (0x02E57593) andi a1, a0, 46
x11 <- 0x0000002A


mem[X,0x80001FC4] -> 0x2423
mem[X,0x80001FC6] -> 0x7EB1
[2038] [M]: 0x80001FC4 (0x7EB12423) sw a1, 2024(sp)
mem[0x80005948] <- 0x0000002A


mem[X,0x80001FC8] -> 0x0513
mem[X,0x80001FCA] -> 0x0060
[2039] [M]: 0x80001FC8 (0x00600513) addi a0, zero, 6
x10 <- 0x00000006


mem[X,0x80001FCC] -> 0x7593
mem[X,0x80001FCE] -> 0x0035
[2040] [M]: 0x80001FCC (0x00357593) andi a1, a0, 3
x11 <- 0x00000002


mem[X,0x80001FD0] -> 0x2623
mem[X,0x80001FD2] -> 0x7EB1
[2041] [M]: 0x80001FD0 (0x7EB12623) sw a1, 2028(sp)
mem[0x8000594C] <- 0x00000002


mem[X,0x80001FD4] -> 0x0513
mem[X,0x80001FD6] -> 0x0060
[2042] [M]: 0x80001FD4 (0x00600513) addi a0, zero, 6
x10 <- 0x00000006


mem[X,0x80001FD8] -> 0x7593
mem[X,0x80001FDA] -> 0x5555
[2043] [M]: 0x80001FD8 (0x55557593) andi a1, a0, 1365
x11 <- 0x00000004


mem[X,0x80001FDC] -> 0x2823
mem[X,0x80001FDE] -> 0x7EB1
[2044] [M]: 0x80001FDC (0x7EB12823) sw a1, 2032(sp)
mem[0x80005950] <- 0x00000004


mem[X,0x80001FE0] -> 0x0513
mem[X,0x80001FE2] -> 0x0060
[2045] [M]: 0x80001FE0 (0x00600513) addi a0, zero, 6
x10 <- 0x00000006


mem[X,0x80001FE4] -> 0x7593
mem[X,0x80001FE6] -> 0xAAA5
[2046] [M]: 0x80001FE4 (0xAAA57593) andi a1, a0, 2730
x11 <- 0x00000002


mem[X,0x80001FE8] -> 0x2A23
mem[X,0x80001FEA] -> 0x7EB1
[2047] [M]: 0x80001FE8 (0x7EB12A23) sw a1, 2036(sp)
mem[0x80005954] <- 0x00000002


mem[X,0x80001FEC] -> 0x0513
mem[X,0x80001FEE] -> 0x0060
[2048] [M]: 0x80001FEC (0x00600513) addi a0, zero, 6
x10 <- 0x00000006


mem[X,0x80001FF0] -> 0x7593
mem[X,0x80001FF2] -> 0x0055
[2049] [M]: 0x80001FF0 (0x00557593) andi a1, a0, 5
x11 <- 0x00000004


mem[X,0x80001FF4] -> 0x2C23
mem[X,0x80001FF6] -> 0x7EB1
[2050] [M]: 0x80001FF4 (0x7EB12C23) sw a1, 2040(sp)
mem[0x80005958] <- 0x00000004


mem[X,0x80001FF8] -> 0x0513
mem[X,0x80001FFA] -> 0x0060
[2051] [M]: 0x80001FF8 (0x00600513) addi a0, zero, 6
x10 <- 0x00000006


mem[X,0x80001FFC] -> 0x7593
mem[X,0x80001FFE] -> 0x3335
[2052] [M]: 0x80001FFC (0x33357593) andi a1, a0, 819
x11 <- 0x00000002


mem[X,0x80002000] -> 0x2E23
mem[X,0x80002002] -> 0x7EB1
[2053] [M]: 0x80002000 (0x7EB12E23) sw a1, 2044(sp)
mem[0x8000595C] <- 0x00000002


mem[X,0x80002004] -> 0x0013
mem[X,0x80002006] -> 0x0000
[2054] [M]: 0x80002004 (0x00000013) addi zero, zero, 0


mem[X,0x80002008] -> 0x0013
mem[X,0x8000200A] -> 0x0000
[2055] [M]: 0x80002008 (0x00000013) addi zero, zero, 0


mem[X,0x8000200C] -> 0x0013
mem[X,0x8000200E] -> 0x0000
[2056] [M]: 0x8000200C (0x00000013) addi zero, zero, 0


mem[X,0x80002010] -> 0x0013
mem[X,0x80002012] -> 0x0000
[2057] [M]: 0x80002010 (0x00000013) addi zero, zero, 0


mem[X,0x80002014] -> 0x0013
mem[X,0x80002016] -> 0x0000
[2058] [M]: 0x80002014 (0x00000013) addi zero, zero, 0


mem[X,0x80002018] -> 0x0013
mem[X,0x8000201A] -> 0x0000
[2059] [M]: 0x80002018 (0x00000013) addi zero, zero, 0


mem[X,0x8000201C] -> 0x0013
mem[X,0x8000201E] -> 0x0000
[2060] [M]: 0x8000201C (0x00000013) addi zero, zero, 0


mem[X,0x80002020] -> 0x4117
mem[X,0x80002022] -> 0x0000
[2061] [M]: 0x80002020 (0x00004117) auipc sp, 4
x2 <- 0x80006020


mem[X,0x80002024] -> 0x0113
mem[X,0x80002026] -> 0x9401
[2062] [M]: 0x80002024 (0x94010113) addi sp, sp, 2368
x2 <- 0x80005960


mem[X,0x80002028] -> 0x0013
mem[X,0x8000202A] -> 0x0000
[2063] [M]: 0x80002028 (0x00000013) addi zero, zero, 0


mem[X,0x8000202C] -> 0x0013
mem[X,0x8000202E] -> 0x0000
[2064] [M]: 0x8000202C (0x00000013) addi zero, zero, 0


mem[X,0x80002030] -> 0x0013
mem[X,0x80002032] -> 0x0000
[2065] [M]: 0x80002030 (0x00000013) addi zero, zero, 0


mem[X,0x80002034] -> 0x0013
mem[X,0x80002036] -> 0x0000
[2066] [M]: 0x80002034 (0x00000013) addi zero, zero, 0


mem[X,0x80002038] -> 0x0013
mem[X,0x8000203A] -> 0x0000
[2067] [M]: 0x80002038 (0x00000013) addi zero, zero, 0


mem[X,0x8000203C] -> 0x0013
mem[X,0x8000203E] -> 0x0000
[2068] [M]: 0x8000203C (0x00000013) addi zero, zero, 0


mem[X,0x80002040] -> 0x0513
mem[X,0x80002042] -> 0x0060
[2069] [M]: 0x80002040 (0x00600513) addi a0, zero, 6
x10 <- 0x00000006


mem[X,0x80002044] -> 0x7593
mem[X,0x80002046] -> 0x6665
[2070] [M]: 0x80002044 (0x66657593) andi a1, a0, 1638
x11 <- 0x00000006


mem[X,0x80002048] -> 0x2023
mem[X,0x8000204A] -> 0x00B1
[2071] [M]: 0x80002048 (0x00B12023) sw a1, 0(sp)
mem[0x80005960] <- 0x00000006


mem[X,0x8000204C] -> 0x0513
mem[X,0x8000204E] -> 0x0060
[2072] [M]: 0x8000204C (0x00600513) addi a0, zero, 6
x10 <- 0x00000006


mem[X,0x80002050] -> 0x7593
mem[X,0x80002052] -> 0xFD35
[2073] [M]: 0x80002050 (0xFD357593) andi a1, a0, 4051
x11 <- 0x00000002


mem[X,0x80002054] -> 0x2223
mem[X,0x80002056] -> 0x00B1
[2074] [M]: 0x80002054 (0x00B12223) sw a1, 4(sp)
mem[0x80005964] <- 0x00000002


mem[X,0x80002058] -> 0x0513
mem[X,0x8000205A] -> 0x0060
[2075] [M]: 0x80002058 (0x00600513) addi a0, zero, 6
x10 <- 0x00000006


mem[X,0x8000205C] -> 0x7593
mem[X,0x8000205E] -> 0x02D5
[2076] [M]: 0x8000205C (0x02D57593) andi a1, a0, 45
x11 <- 0x00000004


mem[X,0x80002060] -> 0x2423
mem[X,0x80002062] -> 0x00B1
[2077] [M]: 0x80002060 (0x00B12423) sw a1, 8(sp)
mem[0x80005968] <- 0x00000004


mem[X,0x80002064] -> 0x0513
mem[X,0x80002066] -> 0x0060
[2078] [M]: 0x80002064 (0x00600513) addi a0, zero, 6
x10 <- 0x00000006


mem[X,0x80002068] -> 0x7593
mem[X,0x8000206A] -> 0x0025
[2079] [M]: 0x80002068 (0x00257593) andi a1, a0, 2
x11 <- 0x00000002


mem[X,0x8000206C] -> 0x2623
mem[X,0x8000206E] -> 0x00B1
[2080] [M]: 0x8000206C (0x00B12623) sw a1, 12(sp)
mem[0x8000596C] <- 0x00000002


mem[X,0x80002070] -> 0x0513
mem[X,0x80002072] -> 0x0060
[2081] [M]: 0x80002070 (0x00600513) addi a0, zero, 6
x10 <- 0x00000006


mem[X,0x80002074] -> 0x7593
mem[X,0x80002076] -> 0x5545
[2082] [M]: 0x80002074 (0x55457593) andi a1, a0, 1364
x11 <- 0x00000004


mem[X,0x80002078] -> 0x2823
mem[X,0x8000207A] -> 0x00B1
[2083] [M]: 0x80002078 (0x00B12823) sw a1, 16(sp)
mem[0x80005970] <- 0x00000004


mem[X,0x8000207C] -> 0x0513
mem[X,0x8000207E] -> 0x0060
[2084] [M]: 0x8000207C (0x00600513) addi a0, zero, 6
x10 <- 0x00000006


mem[X,0x80002080] -> 0x7593
mem[X,0x80002082] -> 0x0005
[2085] [M]: 0x80002080 (0x00057593) andi a1, a0, 0
x11 <- 0x00000000


mem[X,0x80002084] -> 0x2A23
mem[X,0x80002086] -> 0x00B1
[2086] [M]: 0x80002084 (0x00B12A23) sw a1, 20(sp)
mem[0x80005974] <- 0x00000000


mem[X,0x80002088] -> 0x0513
mem[X,0x8000208A] -> 0x0060
[2087] [M]: 0x80002088 (0x00600513) addi a0, zero, 6
x10 <- 0x00000006


mem[X,0x8000208C] -> 0x7593
mem[X,0x8000208E] -> 0x0045
[2088] [M]: 0x8000208C (0x00457593) andi a1, a0, 4
x11 <- 0x00000004


mem[X,0x80002090] -> 0x2C23
mem[X,0x80002092] -> 0x00B1
[2089] [M]: 0x80002090 (0x00B12C23) sw a1, 24(sp)
mem[0x80005978] <- 0x00000004


mem[X,0x80002094] -> 0x0513
mem[X,0x80002096] -> 0x0060
[2090] [M]: 0x80002094 (0x00600513) addi a0, zero, 6
x10 <- 0x00000006


mem[X,0x80002098] -> 0x7593
mem[X,0x8000209A] -> 0x3325
[2091] [M]: 0x80002098 (0x33257593) andi a1, a0, 818
x11 <- 0x00000002


mem[X,0x8000209C] -> 0x2E23
mem[X,0x8000209E] -> 0x00B1
[2092] [M]: 0x8000209C (0x00B12E23) sw a1, 28(sp)
mem[0x8000597C] <- 0x00000002


mem[X,0x800020A0] -> 0x0513
mem[X,0x800020A2] -> 0x0060
[2093] [M]: 0x800020A0 (0x00600513) addi a0, zero, 6
x10 <- 0x00000006


mem[X,0x800020A4] -> 0x7593
mem[X,0x800020A6] -> 0x6655
[2094] [M]: 0x800020A4 (0x66557593) andi a1, a0, 1637
x11 <- 0x00000004


mem[X,0x800020A8] -> 0x2023
mem[X,0x800020AA] -> 0x02B1
[2095] [M]: 0x800020A8 (0x02B12023) sw a1, 32(sp)
mem[0x80005980] <- 0x00000004


mem[X,0x800020AC] -> 0x0513
mem[X,0x800020AE] -> 0x0060
[2096] [M]: 0x800020AC (0x00600513) addi a0, zero, 6
x10 <- 0x00000006


mem[X,0x800020B0] -> 0x7593
mem[X,0x800020B2] -> 0x02C5
[2097] [M]: 0x800020B0 (0x02C57593) andi a1, a0, 44
x11 <- 0x00000004


mem[X,0x800020B4] -> 0x2223
mem[X,0x800020B6] -> 0x02B1
[2098] [M]: 0x800020B4 (0x02B12223) sw a1, 36(sp)
mem[0x80005984] <- 0x00000004


mem[X,0x800020B8] -> 0x0513
mem[X,0x800020BA] -> 0x0060
[2099] [M]: 0x800020B8 (0x00600513) addi a0, zero, 6
x10 <- 0x00000006


clint::tick mtime <- 0x0000000000000015
 clint timer pending at mtime 0x0000000000000015
htif::tick 0x0000000000000000
mem[X,0x800020BC] -> 0x7593
mem[X,0x800020BE] -> 0x5565
[2100] [M]: 0x800020BC (0x55657593) andi a1, a0, 1366
x11 <- 0x00000006


mem[X,0x800020C0] -> 0x2423
mem[X,0x800020C2] -> 0x02B1
[2101] [M]: 0x800020C0 (0x02B12423) sw a1, 40(sp)
mem[0x80005988] <- 0x00000006


mem[X,0x800020C4] -> 0x0513
mem[X,0x800020C6] -> 0x0060
[2102] [M]: 0x800020C4 (0x00600513) addi a0, zero, 6
x10 <- 0x00000006


mem[X,0x800020C8] -> 0x7593
mem[X,0x800020CA] -> 0xAAB5
[2103] [M]: 0x800020C8 (0xAAB57593) andi a1, a0, 2731
x11 <- 0x00000002


mem[X,0x800020CC] -> 0x2623
mem[X,0x800020CE] -> 0x02B1
[2104] [M]: 0x800020CC (0x02B12623) sw a1, 44(sp)
mem[0x8000598C] <- 0x00000002


mem[X,0x800020D0] -> 0x0513
mem[X,0x800020D2] -> 0x0060
[2105] [M]: 0x800020D0 (0x00600513) addi a0, zero, 6
x10 <- 0x00000006


mem[X,0x800020D4] -> 0x7593
mem[X,0x800020D6] -> 0x0065
[2106] [M]: 0x800020D4 (0x00657593) andi a1, a0, 6
x11 <- 0x00000006


mem[X,0x800020D8] -> 0x2823
mem[X,0x800020DA] -> 0x02B1
[2107] [M]: 0x800020D8 (0x02B12823) sw a1, 48(sp)
mem[0x80005990] <- 0x00000006


mem[X,0x800020DC] -> 0x0513
mem[X,0x800020DE] -> 0x0060
[2108] [M]: 0x800020DC (0x00600513) addi a0, zero, 6
x10 <- 0x00000006


mem[X,0x800020E0] -> 0x7593
mem[X,0x800020E2] -> 0x3345
[2109] [M]: 0x800020E0 (0x33457593) andi a1, a0, 820
x11 <- 0x00000004


mem[X,0x800020E4] -> 0x2A23
mem[X,0x800020E6] -> 0x02B1
[2110] [M]: 0x800020E4 (0x02B12A23) sw a1, 52(sp)
mem[0x80005994] <- 0x00000004


mem[X,0x800020E8] -> 0x0513
mem[X,0x800020EA] -> 0x0060
[2111] [M]: 0x800020E8 (0x00600513) addi a0, zero, 6
x10 <- 0x00000006


mem[X,0x800020EC] -> 0x7593
mem[X,0x800020EE] -> 0x6675
[2112] [M]: 0x800020EC (0x66757593) andi a1, a0, 1639
x11 <- 0x00000006


mem[X,0x800020F0] -> 0x2C23
mem[X,0x800020F2] -> 0x02B1
[2113] [M]: 0x800020F0 (0x02B12C23) sw a1, 56(sp)
mem[0x80005998] <- 0x00000006


mem[X,0x800020F4] -> 0x0513
mem[X,0x800020F6] -> 0x0060
[2114] [M]: 0x800020F4 (0x00600513) addi a0, zero, 6
x10 <- 0x00000006


mem[X,0x800020F8] -> 0x7593
mem[X,0x800020FA] -> 0xFD45
[2115] [M]: 0x800020F8 (0xFD457593) andi a1, a0, 4052
x11 <- 0x00000004


mem[X,0x800020FC] -> 0x2E23
mem[X,0x800020FE] -> 0x02B1
[2116] [M]: 0x800020FC (0x02B12E23) sw a1, 60(sp)
mem[0x8000599C] <- 0x00000004


mem[X,0x80002100] -> 0x0513
mem[X,0x80002102] -> 0x0060
[2117] [M]: 0x80002100 (0x00600513) addi a0, zero, 6
x10 <- 0x00000006


mem[X,0x80002104] -> 0x7593
mem[X,0x80002106] -> 0x02E5
[2118] [M]: 0x80002104 (0x02E57593) andi a1, a0, 46
x11 <- 0x00000006


mem[X,0x80002108] -> 0x2023
mem[X,0x8000210A] -> 0x04B1
[2119] [M]: 0x80002108 (0x04B12023) sw a1, 64(sp)
mem[0x800059A0] <- 0x00000006


mem[X,0x8000210C] -> 0x3537
mem[X,0x8000210E] -> 0x3333
[2120] [M]: 0x8000210C (0x33333537) lui a0, 209715
x10 <- 0x33333000


mem[X,0x80002110] -> 0x0513
mem[X,0x80002112] -> 0x3345
[2121] [M]: 0x80002110 (0x33450513) addi a0, a0, 820
x10 <- 0x33333334


mem[X,0x80002114] -> 0x7593
mem[X,0x80002116] -> 0x0035
[2122] [M]: 0x80002114 (0x00357593) andi a1, a0, 3
x11 <- 0x00000000


mem[X,0x80002118] -> 0x2223
mem[X,0x8000211A] -> 0x04B1
[2123] [M]: 0x80002118 (0x04B12223) sw a1, 68(sp)
mem[0x800059A4] <- 0x00000000


mem[X,0x8000211C] -> 0x3537
mem[X,0x8000211E] -> 0x3333
[2124] [M]: 0x8000211C (0x33333537) lui a0, 209715
x10 <- 0x33333000


mem[X,0x80002120] -> 0x0513
mem[X,0x80002122] -> 0x3345
[2125] [M]: 0x80002120 (0x33450513) addi a0, a0, 820
x10 <- 0x33333334


mem[X,0x80002124] -> 0x7593
mem[X,0x80002126] -> 0x5555
[2126] [M]: 0x80002124 (0x55557593) andi a1, a0, 1365
x11 <- 0x00000114


mem[X,0x80002128] -> 0x2423
mem[X,0x8000212A] -> 0x04B1
[2127] [M]: 0x80002128 (0x04B12423) sw a1, 72(sp)
mem[0x800059A8] <- 0x00000114


mem[X,0x8000212C] -> 0x3537
mem[X,0x8000212E] -> 0x3333
[2128] [M]: 0x8000212C (0x33333537) lui a0, 209715
x10 <- 0x33333000


mem[X,0x80002130] -> 0x0513
mem[X,0x80002132] -> 0x3345
[2129] [M]: 0x80002130 (0x33450513) addi a0, a0, 820
x10 <- 0x33333334


mem[X,0x80002134] -> 0x7593
mem[X,0x80002136] -> 0xAAA5
[2130] [M]: 0x80002134 (0xAAA57593) andi a1, a0, 2730
x11 <- 0x33333220


mem[X,0x80002138] -> 0x2623
mem[X,0x8000213A] -> 0x04B1
[2131] [M]: 0x80002138 (0x04B12623) sw a1, 76(sp)
mem[0x800059AC] <- 0x33333220


mem[X,0x8000213C] -> 0x3537
mem[X,0x8000213E] -> 0x3333
[2132] [M]: 0x8000213C (0x33333537) lui a0, 209715
x10 <- 0x33333000


mem[X,0x80002140] -> 0x0513
mem[X,0x80002142] -> 0x3345
[2133] [M]: 0x80002140 (0x33450513) addi a0, a0, 820
x10 <- 0x33333334


mem[X,0x80002144] -> 0x7593
mem[X,0x80002146] -> 0x0055
[2134] [M]: 0x80002144 (0x00557593) andi a1, a0, 5
x11 <- 0x00000004


mem[X,0x80002148] -> 0x2823
mem[X,0x8000214A] -> 0x04B1
[2135] [M]: 0x80002148 (0x04B12823) sw a1, 80(sp)
mem[0x800059B0] <- 0x00000004


mem[X,0x8000214C] -> 0x3537
mem[X,0x8000214E] -> 0x3333
[2136] [M]: 0x8000214C (0x33333537) lui a0, 209715
x10 <- 0x33333000


mem[X,0x80002150] -> 0x0513
mem[X,0x80002152] -> 0x3345
[2137] [M]: 0x80002150 (0x33450513) addi a0, a0, 820
x10 <- 0x33333334


mem[X,0x80002154] -> 0x7593
mem[X,0x80002156] -> 0x3335
[2138] [M]: 0x80002154 (0x33357593) andi a1, a0, 819
x11 <- 0x00000330


mem[X,0x80002158] -> 0x2A23
mem[X,0x8000215A] -> 0x04B1
[2139] [M]: 0x80002158 (0x04B12A23) sw a1, 84(sp)
mem[0x800059B4] <- 0x00000330


mem[X,0x8000215C] -> 0x3537
mem[X,0x8000215E] -> 0x3333
[2140] [M]: 0x8000215C (0x33333537) lui a0, 209715
x10 <- 0x33333000


mem[X,0x80002160] -> 0x0513
mem[X,0x80002162] -> 0x3345
[2141] [M]: 0x80002160 (0x33450513) addi a0, a0, 820
x10 <- 0x33333334


mem[X,0x80002164] -> 0x7593
mem[X,0x80002166] -> 0x6665
[2142] [M]: 0x80002164 (0x66657593) andi a1, a0, 1638
x11 <- 0x00000224


mem[X,0x80002168] -> 0x2C23
mem[X,0x8000216A] -> 0x04B1
[2143] [M]: 0x80002168 (0x04B12C23) sw a1, 88(sp)
mem[0x800059B8] <- 0x00000224


mem[X,0x8000216C] -> 0x3537
mem[X,0x8000216E] -> 0x3333
[2144] [M]: 0x8000216C (0x33333537) lui a0, 209715
x10 <- 0x33333000


mem[X,0x80002170] -> 0x0513
mem[X,0x80002172] -> 0x3345
[2145] [M]: 0x80002170 (0x33450513) addi a0, a0, 820
x10 <- 0x33333334


mem[X,0x80002174] -> 0x7593
mem[X,0x80002176] -> 0xFD35
[2146] [M]: 0x80002174 (0xFD357593) andi a1, a0, 4051
x11 <- 0x33333310


mem[X,0x80002178] -> 0x2E23
mem[X,0x8000217A] -> 0x04B1
[2147] [M]: 0x80002178 (0x04B12E23) sw a1, 92(sp)
mem[0x800059BC] <- 0x33333310


mem[X,0x8000217C] -> 0x3537
mem[X,0x8000217E] -> 0x3333
[2148] [M]: 0x8000217C (0x33333537) lui a0, 209715
x10 <- 0x33333000


mem[X,0x80002180] -> 0x0513
mem[X,0x80002182] -> 0x3345
[2149] [M]: 0x80002180 (0x33450513) addi a0, a0, 820
x10 <- 0x33333334


mem[X,0x80002184] -> 0x7593
mem[X,0x80002186] -> 0x02D5
[2150] [M]: 0x80002184 (0x02D57593) andi a1, a0, 45
x11 <- 0x00000024


mem[X,0x80002188] -> 0x2023
mem[X,0x8000218A] -> 0x06B1
[2151] [M]: 0x80002188 (0x06B12023) sw a1, 96(sp)
mem[0x800059C0] <- 0x00000024


mem[X,0x8000218C] -> 0x3537
mem[X,0x8000218E] -> 0x3333
[2152] [M]: 0x8000218C (0x33333537) lui a0, 209715
x10 <- 0x33333000


mem[X,0x80002190] -> 0x0513
mem[X,0x80002192] -> 0x3345
[2153] [M]: 0x80002190 (0x33450513) addi a0, a0, 820
x10 <- 0x33333334


mem[X,0x80002194] -> 0x7593
mem[X,0x80002196] -> 0x0025
[2154] [M]: 0x80002194 (0x00257593) andi a1, a0, 2
x11 <- 0x00000000


mem[X,0x80002198] -> 0x2223
mem[X,0x8000219A] -> 0x06B1
[2155] [M]: 0x80002198 (0x06B12223) sw a1, 100(sp)
mem[0x800059C4] <- 0x00000000


mem[X,0x8000219C] -> 0x3537
mem[X,0x8000219E] -> 0x3333
[2156] [M]: 0x8000219C (0x33333537) lui a0, 209715
x10 <- 0x33333000


mem[X,0x800021A0] -> 0x0513
mem[X,0x800021A2] -> 0x3345
[2157] [M]: 0x800021A0 (0x33450513) addi a0, a0, 820
x10 <- 0x33333334


mem[X,0x800021A4] -> 0x7593
mem[X,0x800021A6] -> 0x5545
[2158] [M]: 0x800021A4 (0x55457593) andi a1, a0, 1364
x11 <- 0x00000114


mem[X,0x800021A8] -> 0x2423
mem[X,0x800021AA] -> 0x06B1
[2159] [M]: 0x800021A8 (0x06B12423) sw a1, 104(sp)
mem[0x800059C8] <- 0x00000114


mem[X,0x800021AC] -> 0x3537
mem[X,0x800021AE] -> 0x3333
[2160] [M]: 0x800021AC (0x33333537) lui a0, 209715
x10 <- 0x33333000


mem[X,0x800021B0] -> 0x0513
mem[X,0x800021B2] -> 0x3345
[2161] [M]: 0x800021B0 (0x33450513) addi a0, a0, 820
x10 <- 0x33333334


mem[X,0x800021B4] -> 0x7593
mem[X,0x800021B6] -> 0x0005
[2162] [M]: 0x800021B4 (0x00057593) andi a1, a0, 0
x11 <- 0x00000000


mem[X,0x800021B8] -> 0x2623
mem[X,0x800021BA] -> 0x06B1
[2163] [M]: 0x800021B8 (0x06B12623) sw a1, 108(sp)
mem[0x800059CC] <- 0x00000000


mem[X,0x800021BC] -> 0x3537
mem[X,0x800021BE] -> 0x3333
[2164] [M]: 0x800021BC (0x33333537) lui a0, 209715
x10 <- 0x33333000


mem[X,0x800021C0] -> 0x0513
mem[X,0x800021C2] -> 0x3345
[2165] [M]: 0x800021C0 (0x33450513) addi a0, a0, 820
x10 <- 0x33333334


mem[X,0x800021C4] -> 0x7593
mem[X,0x800021C6] -> 0x0045
[2166] [M]: 0x800021C4 (0x00457593) andi a1, a0, 4
x11 <- 0x00000004


mem[X,0x800021C8] -> 0x2823
mem[X,0x800021CA] -> 0x06B1
[2167] [M]: 0x800021C8 (0x06B12823) sw a1, 112(sp)
mem[0x800059D0] <- 0x00000004


mem[X,0x800021CC] -> 0x0537
mem[X,0x800021CE] -> 0x0100
[2168] [M]: 0x800021CC (0x01000537) lui a0, 4096
x10 <- 0x01000000


mem[X,0x800021D0] -> 0x7593
mem[X,0x800021D2] -> 0x0025
[2169] [M]: 0x800021D0 (0x00257593) andi a1, a0, 2
x11 <- 0x00000000


mem[X,0x800021D4] -> 0x2A23
mem[X,0x800021D6] -> 0x06B1
[2170] [M]: 0x800021D4 (0x06B12A23) sw a1, 116(sp)
mem[0x800059D4] <- 0x00000000


mem[X,0x800021D8] -> 0x5537
mem[X,0x800021DA] -> 0xFFFF
[2171] [M]: 0x800021D8 (0xFFFF5537) lui a0, 1048565
x10 <- 0xFFFF5000


mem[X,0x800021DC] -> 0x0513
mem[X,0x800021DE] -> 0xAFC5
[2172] [M]: 0x800021DC (0xAFC50513) addi a0, a0, 2812
x10 <- 0xFFFF4AFC


mem[X,0x800021E0] -> 0x7593
mem[X,0x800021E2] -> 0xEFF5
[2173] [M]: 0x800021E0 (0xEFF57593) andi a1, a0, 3839
x11 <- 0xFFFF4AFC


mem[X,0x800021E4] -> 0x2C23
mem[X,0x800021E6] -> 0x06B1
[2174] [M]: 0x800021E4 (0x06B12C23) sw a1, 120(sp)
mem[0x800059D8] <- 0xFFFF4AFC


mem[X,0x800021E8] -> 0x006F
mem[X,0x800021EA] -> 0x0200
[2175] [M]: 0x800021E8 (0x0200006F) jal zero, 32


mem[X,0x80002208] -> 0x0093
mem[X,0x8000220A] -> 0x0010
[2176] [M]: 0x80002208 (0x00100093) addi ra, zero, 1
x1 <- 0x00000001


mem[X,0x8000220C] -> 0x1F17
mem[X,0x8000220E] -> 0x0000
[2177] [M]: 0x8000220C (0x00001F17) auipc t5, 1
x30 <- 0x8000320C


mem[X,0x80002210] -> 0x2A23
mem[X,0x80002212] -> 0xDE1F
[2178] [M]: 0x80002210 (0xDE1F2A23) sw ra, 3572(t5)
htif[0x80003000] <- 0x00000001


mem[X,0x80002214] -> 0xF06F
mem[X,0x80002216] -> 0xFF9F
[2179] [M]: 0x80002214 (0xFF9FF06F) jal zero, 2097144


mem[X,0x8000220C] -> 0x1F17
mem[X,0x8000220E] -> 0x0000
[2180] [M]: 0x8000220C (0x00001F17) auipc t5, 1
x30 <- 0x8000320C


mem[X,0x80002210] -> 0x2A23
mem[X,0x80002212] -> 0xDE1F
[2181] [M]: 0x80002210 (0xDE1F2A23) sw ra, 3572(t5)
htif[0x80003000] <- 0x00000001


mem[X,0x80002214] -> 0xF06F
mem[X,0x80002216] -> 0xFF9F
[2182] [M]: 0x80002214 (0xFF9FF06F) jal zero, 2097144


mem[X,0x8000220C] -> 0x1F17
mem[X,0x8000220E] -> 0x0000
[2183] [M]: 0x8000220C (0x00001F17) auipc t5, 1
x30 <- 0x8000320C


mem[X,0x80002210] -> 0x2A23
mem[X,0x80002212] -> 0xDE1F
[2184] [M]: 0x80002210 (0xDE1F2A23) sw ra, 3572(t5)
htif[0x80003000] <- 0x00000001
htif-syscall-proxy cmd: 0x000000000001

SUCCESS
