using /home/abdul_waheed/github_files/UET-Pcore-with-c-ext/verif/riscof_work/I/src/sb-align-01.S/ref/Reference-sail_c_simulator.signature for test-signature output.
[Sail] Allocating new block 0x80000000
tohost located at 0x80001000
[Sail] Allocating new block 0x0

Running file ref.elf.
ELF Entry @ 0x80000000
begin_signature: 0x80003110
end_signature: 0x80003230
CSR mstatus <- 0x00000000 (input: 0x00000000)
mem[X,0x00001000] -> 0x0297
mem[X,0x00001002] -> 0x0000
[0] [M]: 0x00001000 (0x00000297) auipc t0, 0
x5 <- 0x00001000


mem[X,0x00001004] -> 0x8593
mem[X,0x00001006] -> 0x0202
[1] [M]: 0x00001004 (0x02028593) addi a1, t0, 32
x11 <- 0x00001020


mem[X,0x00001008] -> 0x2573
mem[X,0x0000100A] -> 0xF140
[2] [M]: 0x00001008 (0xF1402573) csrrs a0, mhartid, zero
CSR mhartid -> 0x00000000
x10 <- 0x00000000


mem[X,0x0000100C] -> 0xA283
mem[X,0x0000100E] -> 0x0182
[3] [M]: 0x0000100C (0x0182A283) lw t0, 24(t0)
mem[R,0x00001018] -> 0x80000000
x5 <- 0x80000000


mem[X,0x00001010] -> 0x8067
mem[X,0x00001012] -> 0x0002
[4] [M]: 0x00001010 (0x00028067) jalr zero, t0, 0


mem[X,0x80000000] -> 0xC0B7
mem[X,0x80000002] -> 0xFEED
[5] [M]: 0x80000000 (0xFEEDC0B7) lui ra, 1044188
x1 <- 0xFEEDC000


mem[X,0x80000004] -> 0x8093
mem[X,0x80000006] -> 0xEAD0
[6] [M]: 0x80000004 (0xEAD08093) addi ra, ra, 3757
x1 <- 0xFEEDBEAD


mem[X,0x80000008] -> 0xE137
mem[X,0x8000000A] -> 0xFF76
[7] [M]: 0x80000008 (0xFF76E137) lui sp, 1046382
x2 <- 0xFF76E000


mem[X,0x8000000C] -> 0x0113
mem[X,0x8000000E] -> 0xF561
[8] [M]: 0x8000000C (0xF5610113) addi sp, sp, 3926
x2 <- 0xFF76DF56


mem[X,0x80000010] -> 0x71B7
mem[X,0x80000012] -> 0x7FBB
[9] [M]: 0x80000010 (0x7FBB71B7) lui gp, 523191
x3 <- 0x7FBB7000


mem[X,0x80000014] -> 0x8193
mem[X,0x80000016] -> 0xFAB1
[10] [M]: 0x80000014 (0xFAB18193) addi gp, gp, 4011
x3 <- 0x7FBB6FAB


mem[X,0x80000018] -> 0xB237
mem[X,0x8000001A] -> 0xBFDD
[11] [M]: 0x80000018 (0xBFDDB237) lui tp, 785883
x4 <- 0xBFDDB000


mem[X,0x8000001C] -> 0x0213
mem[X,0x8000001E] -> 0x7D52
[12] [M]: 0x8000001C (0x7D520213) addi tp, tp, 2005
x4 <- 0xBFDDB7D5


mem[X,0x80000020] -> 0xE2B7
mem[X,0x80000022] -> 0xDFEE
[13] [M]: 0x80000020 (0xDFEEE2B7) lui t0, 917230
x5 <- 0xDFEEE000


mem[X,0x80000024] -> 0x8293
mem[X,0x80000026] -> 0xBEA2
[14] [M]: 0x80000024 (0xBEA28293) addi t0, t0, 3050
x5 <- 0xDFEEDBEA


mem[X,0x80000028] -> 0x7337
mem[X,0x8000002A] -> 0x6FF7
[15] [M]: 0x80000028 (0x6FF77337) lui t1, 458615
x6 <- 0x6FF77000


mem[X,0x8000002C] -> 0x0313
mem[X,0x8000002E] -> 0xDF53
[16] [M]: 0x8000002C (0xDF530313) addi t1, t1, 3573
x6 <- 0x6FF76DF5


mem[X,0x80000030] -> 0xB3B7
mem[X,0x80000032] -> 0xB7FB
[17] [M]: 0x80000030 (0xB7FBB3B7) lui t2, 753595
x7 <- 0xB7FBB000


mem[X,0x80000034] -> 0x8393
mem[X,0x80000036] -> 0x6FA3
[18] [M]: 0x80000034 (0x6FA38393) addi t2, t2, 1786
x7 <- 0xB7FBB6FA


mem[X,0x80000038] -> 0xE437
mem[X,0x8000003A] -> 0x5BFD
[19] [M]: 0x80000038 (0x5BFDE437) lui fp, 376798
x8 <- 0x5BFDE000


mem[X,0x8000003C] -> 0x0413
mem[X,0x8000003E] -> 0xB7D4
[20] [M]: 0x8000003C (0xB7D40413) addi fp, fp, 2941
x8 <- 0x5BFDDB7D


mem[X,0x80000040] -> 0xF4B7
mem[X,0x80000042] -> 0xADFE
[21] [M]: 0x80000040 (0xADFEF4B7) lui s1, 712687
x9 <- 0xADFEF000


mem[X,0x80000044] -> 0x8493
mem[X,0x80000046] -> 0xDBE4
[22] [M]: 0x80000044 (0xDBE48493) addi s1, s1, 3518
x9 <- 0xADFEEDBE


mem[X,0x80000048] -> 0x7537
mem[X,0x8000004A] -> 0x56FF
[23] [M]: 0x80000048 (0x56FF7537) lui a0, 356343
x10 <- 0x56FF7000


mem[X,0x8000004C] -> 0x0513
mem[X,0x8000004E] -> 0x6DF5
[24] [M]: 0x8000004C (0x6DF50513) addi a0, a0, 1759
x10 <- 0x56FF76DF


mem[X,0x80000050] -> 0xC5B7
mem[X,0x80000052] -> 0xAB7F
[25] [M]: 0x80000050 (0xAB7FC5B7) lui a1, 702460
x11 <- 0xAB7FC000


mem[X,0x80000054] -> 0x8593
mem[X,0x80000056] -> 0xB6F5
[26] [M]: 0x80000054 (0xB6F58593) addi a1, a1, 2927
x11 <- 0xAB7FBB6F


mem[X,0x80000058] -> 0xE637
mem[X,0x8000005A] -> 0xD5BF
[27] [M]: 0x80000058 (0xD5BFE637) lui a2, 875518
x12 <- 0xD5BFE000


mem[X,0x8000005C] -> 0x0613
mem[X,0x8000005E] -> 0xDB76
[28] [M]: 0x8000005C (0xDB760613) addi a2, a2, 3511
x12 <- 0xD5BFDDB7


mem[X,0x80000060] -> 0xF6B7
mem[X,0x80000062] -> 0xEADF
[29] [M]: 0x80000060 (0xEADFF6B7) lui a3, 962047
x13 <- 0xEADFF000


mem[X,0x80000064] -> 0x8693
mem[X,0x80000066] -> 0xEDB6
[30] [M]: 0x80000064 (0xEDB68693) addi a3, a3, 3803
x13 <- 0xEADFEEDB


mem[X,0x80000068] -> 0xF737
mem[X,0x8000006A] -> 0xF56F
[31] [M]: 0x80000068 (0xF56FF737) lui a4, 1005311
x14 <- 0xF56FF000


mem[X,0x8000006C] -> 0x0713
mem[X,0x8000006E] -> 0x76D7
[32] [M]: 0x8000006C (0x76D70713) addi a4, a4, 1901
x14 <- 0xF56FF76D


mem[X,0x80000070] -> 0x07B7
mem[X,0x80000072] -> 0xFAB8
[33] [M]: 0x80000070 (0xFAB807B7) lui a5, 1026944
x15 <- 0xFAB80000


mem[X,0x80000074] -> 0x8793
mem[X,0x80000076] -> 0xBB67
[34] [M]: 0x80000074 (0xBB678793) addi a5, a5, 2998
x15 <- 0xFAB7FBB6


mem[X,0x80000078] -> 0x0837
mem[X,0x8000007A] -> 0x7D5C
[35] [M]: 0x80000078 (0x7D5C0837) lui a6, 513472
x16 <- 0x7D5C0000


mem[X,0x8000007C] -> 0x0813
mem[X,0x8000007E] -> 0xDDB8
[36] [M]: 0x8000007C (0xDDB80813) addi a6, a6, 3547
x16 <- 0x7D5BFDDB


mem[X,0x80000080] -> 0x08B7
mem[X,0x80000082] -> 0xBEAE
[37] [M]: 0x80000080 (0xBEAE08B7) lui a7, 781024
x17 <- 0xBEAE0000


mem[X,0x80000084] -> 0x8893
mem[X,0x80000086] -> 0xEED8
[38] [M]: 0x80000084 (0xEED88893) addi a7, a7, 3821
x17 <- 0xBEADFEED


mem[X,0x80000088] -> 0x0937
mem[X,0x8000008A] -> 0xDF57
[39] [M]: 0x80000088 (0xDF570937) lui s2, 914800
x18 <- 0xDF570000


mem[X,0x8000008C] -> 0x0913
mem[X,0x8000008E] -> 0xF769
[40] [M]: 0x8000008C (0xF7690913) addi s2, s2, 3958
x18 <- 0xDF56FF76


mem[X,0x80000090] -> 0x89B7
mem[X,0x80000092] -> 0x6FAB
[41] [M]: 0x80000090 (0x6FAB89B7) lui s3, 457400
x19 <- 0x6FAB8000


mem[X,0x80000094] -> 0x8993
mem[X,0x80000096] -> 0xFBB9
[42] [M]: 0x80000094 (0xFBB98993) addi s3, s3, 4027
x19 <- 0x6FAB7FBB


mem[X,0x80000098] -> 0xCA37
mem[X,0x8000009A] -> 0xB7D5
[43] [M]: 0x80000098 (0xB7D5CA37) lui s4, 752988
x20 <- 0xB7D5C000


mem[X,0x8000009C] -> 0x0A13
mem[X,0x8000009E] -> 0xFDDA
[44] [M]: 0x8000009C (0xFDDA0A13) addi s4, s4, 4061
x20 <- 0xB7D5BFDD


mem[X,0x800000A0] -> 0xEAB7
mem[X,0x800000A2] -> 0xDBEA
[45] [M]: 0x800000A0 (0xDBEAEAB7) lui s5, 900782
x21 <- 0xDBEAE000


mem[X,0x800000A4] -> 0x8A93
mem[X,0x800000A6] -> 0xFEEA
[46] [M]: 0x800000A4 (0xFEEA8A93) addi s5, s5, 4078
x21 <- 0xDBEADFEE


mem[X,0x800000A8] -> 0x7B37
mem[X,0x800000AA] -> 0x6DF5
[47] [M]: 0x800000A8 (0x6DF57B37) lui s6, 450391
x22 <- 0x6DF57000


mem[X,0x800000AC] -> 0x0B13
mem[X,0x800000AE] -> 0xFF7B
[48] [M]: 0x800000AC (0xFF7B0B13) addi s6, s6, 4087
x22 <- 0x6DF56FF7


mem[X,0x800000B0] -> 0xBBB7
mem[X,0x800000B2] -> 0xB6FA
[49] [M]: 0x800000B0 (0xB6FABBB7) lui s7, 749483
x23 <- 0xB6FAB000


mem[X,0x800000B4] -> 0x8B93
mem[X,0x800000B6] -> 0x7FBB
[50] [M]: 0x800000B4 (0x7FBB8B93) addi s7, s7, 2043
x23 <- 0xB6FAB7FB


mem[X,0x800000B8] -> 0x6C37
mem[X,0x800000BA] -> 0xDB7D
[51] [M]: 0x800000B8 (0xDB7D6C37) lui s8, 899030
x24 <- 0xDB7D6000


mem[X,0x800000BC] -> 0x0C13
mem[X,0x800000BE] -> 0xBFDC
[52] [M]: 0x800000BC (0xBFDC0C13) addi s8, s8, 3069
x24 <- 0xDB7D5BFD


mem[X,0x800000C0] -> 0xBCB7
mem[X,0x800000C2] -> 0xEDBE
[53] [M]: 0x800000C0 (0xEDBEBCB7) lui s9, 973803
x25 <- 0xEDBEB000


mem[X,0x800000C4] -> 0x8C93
mem[X,0x800000C6] -> 0xDFEC
[54] [M]: 0x800000C4 (0xDFEC8C93) addi s9, s9, 3582
x25 <- 0xEDBEADFE


mem[X,0x800000C8] -> 0x5D37
mem[X,0x800000CA] -> 0x76DF
[55] [M]: 0x800000C8 (0x76DF5D37) lui s10, 486901
x26 <- 0x76DF5000


mem[X,0x800000CC] -> 0x0D13
mem[X,0x800000CE] -> 0x6FFD
[56] [M]: 0x800000CC (0x6FFD0D13) addi s10, s10, 1791
x26 <- 0x76DF56FF


mem[X,0x800000D0] -> 0xBDB7
mem[X,0x800000D2] -> 0xBB6F
[57] [M]: 0x800000D0 (0xBB6FBDB7) lui s11, 767739
x27 <- 0xBB6FB000


mem[X,0x800000D4] -> 0x8D93
mem[X,0x800000D6] -> 0xB7FD
[58] [M]: 0x800000D4 (0xB7FD8D93) addi s11, s11, 2943
x27 <- 0xBB6FAB7F


mem[X,0x800000D8] -> 0xDE37
mem[X,0x800000DA] -> 0xDDB7
[59] [M]: 0x800000D8 (0xDDB7DE37) lui t3, 908157
x28 <- 0xDDB7D000


mem[X,0x800000DC] -> 0x0E13
mem[X,0x800000DE] -> 0x5BFE
[60] [M]: 0x800000DC (0x5BFE0E13) addi t3, t3, 1471
x28 <- 0xDDB7D5BF


mem[X,0x800000E0] -> 0xFEB7
mem[X,0x800000E2] -> 0xEEDB
[61] [M]: 0x800000E0 (0xEEDBFEB7) lui t4, 978367
x29 <- 0xEEDBF000


mem[X,0x800000E4] -> 0x8E93
mem[X,0x800000E6] -> 0xADFE
[62] [M]: 0x800000E4 (0xADFE8E93) addi t4, t4, 2783
x29 <- 0xEEDBEADF


mem[X,0x800000E8] -> 0xFF37
mem[X,0x800000EA] -> 0xF76D
[63] [M]: 0x800000E8 (0xF76DFF37) lui t5, 1013471
x30 <- 0xF76DF000


mem[X,0x800000EC] -> 0x0F13
mem[X,0x800000EE] -> 0x56FF
[64] [M]: 0x800000EC (0x56FF0F13) addi t5, t5, 1391
x30 <- 0xF76DF56F


mem[X,0x800000F0] -> 0x0FB7
mem[X,0x800000F2] -> 0xFBB7
[65] [M]: 0x800000F0 (0xFBB70FB7) lui t6, 1031024
x31 <- 0xFBB70000


mem[X,0x800000F4] -> 0x8F93
mem[X,0x800000F6] -> 0xAB7F
[66] [M]: 0x800000F4 (0xAB7F8F93) addi t6, t6, 2743
x31 <- 0xFBB6FAB7


mem[X,0x800000F8] -> 0x0013
mem[X,0x800000FA] -> 0x0000
[67] [M]: 0x800000F8 (0x00000013) addi zero, zero, 0


mem[X,0x800000FC] -> 0x0013
mem[X,0x800000FE] -> 0x0000
[68] [M]: 0x800000FC (0x00000013) addi zero, zero, 0


mem[X,0x80000100] -> 0x3097
mem[X,0x80000102] -> 0x0000
[69] [M]: 0x80000100 (0x00003097) auipc ra, 3
x1 <- 0x80003100


mem[X,0x80000104] -> 0x8093
mem[X,0x80000106] -> 0x0140
[70] [M]: 0x80000104 (0x01408093) addi ra, ra, 20
x1 <- 0x80003114


mem[X,0x80000108] -> 0x0013
mem[X,0x8000010A] -> 0x0000
[71] [M]: 0x80000108 (0x00000013) addi zero, zero, 0


mem[X,0x8000010C] -> 0x0013
mem[X,0x8000010E] -> 0x0000
[72] [M]: 0x8000010C (0x00000013) addi zero, zero, 0


mem[X,0x80000110] -> 0x0013
mem[X,0x80000112] -> 0x0000
[73] [M]: 0x80000110 (0x00000013) addi zero, zero, 0


mem[X,0x80000114] -> 0x0013
mem[X,0x80000116] -> 0x0000
[74] [M]: 0x80000114 (0x00000013) addi zero, zero, 0


mem[X,0x80000118] -> 0x0013
mem[X,0x8000011A] -> 0x0000
[75] [M]: 0x80000118 (0x00000013) addi zero, zero, 0


mem[X,0x8000011C] -> 0x0013
mem[X,0x8000011E] -> 0x0000
[76] [M]: 0x8000011C (0x00000013) addi zero, zero, 0


mem[X,0x80000120] -> 0x0CB7
mem[X,0x80000122] -> 0x8000
[77] [M]: 0x80000120 (0x80000CB7) lui s9, 524288
x25 <- 0x80000000


mem[X,0x80000124] -> 0x8113
mem[X,0x80000126] -> 0x0000
[78] [M]: 0x80000124 (0x00008113) addi sp, ra, 0
x2 <- 0x80003114


mem[X,0x80000128] -> 0x0613
mem[X,0x8000012A] -> 0xDFF0
[79] [M]: 0x80000128 (0xDFF00613) addi a2, zero, 3583
x12 <- 0xFFFFFDFF


mem[X,0x8000012C] -> 0x0133
mem[X,0x8000012E] -> 0x40C1
[80] [M]: 0x8000012C (0x40C10133) sub sp, sp, a2
x2 <- 0x80003315


mem[X,0x80000130] -> 0x0FA3
mem[X,0x80000132] -> 0xDF91
[81] [M]: 0x80000130 (0xDF910FA3) sb s9, 3583(sp)
mem[0x80003114] <- 0x00


mem[X,0x80000134] -> 0x0013
mem[X,0x80000136] -> 0x0000
[82] [M]: 0x80000134 (0x00000013) addi zero, zero, 0


mem[X,0x80000138] -> 0x0013
mem[X,0x8000013A] -> 0x0000
[83] [M]: 0x80000138 (0x00000013) addi zero, zero, 0


mem[X,0x8000013C] -> 0x0D93
mem[X,0x8000013E] -> 0x0000
[84] [M]: 0x8000013C (0x00000D93) addi s11, zero, 0
x27 <- 0x00000000


mem[X,0x80000140] -> 0x8B13
mem[X,0x80000142] -> 0x0040
[85] [M]: 0x80000140 (0x00408B13) addi s6, ra, 4
x22 <- 0x80003118


mem[X,0x80000144] -> 0x0613
mem[X,0x80000146] -> 0x0020
[86] [M]: 0x80000144 (0x00200613) addi a2, zero, 2
x12 <- 0x00000002


mem[X,0x80000148] -> 0x0B33
mem[X,0x8000014A] -> 0x40CB
[87] [M]: 0x80000148 (0x40CB0B33) sub s6, s6, a2
x22 <- 0x80003116


mem[X,0x8000014C] -> 0x0123
mem[X,0x8000014E] -> 0x01BB
[88] [M]: 0x8000014C (0x01BB0123) sb s11, 2(s6)
mem[0x80003118] <- 0x00


mem[X,0x80000150] -> 0x0013
mem[X,0x80000152] -> 0x0000
[89] [M]: 0x80000150 (0x00000013) addi zero, zero, 0


mem[X,0x80000154] -> 0x0013
mem[X,0x80000156] -> 0x0000
[90] [M]: 0x80000154 (0x00000013) addi zero, zero, 0


mem[X,0x80000158] -> 0x05B7
mem[X,0x8000015A] -> 0x8000
[91] [M]: 0x80000158 (0x800005B7) lui a1, 524288
x11 <- 0x80000000


mem[X,0x8000015C] -> 0x8593
mem[X,0x8000015E] -> 0xFFF5
[92] [M]: 0x8000015C (0xFFF58593) addi a1, a1, 4095
x11 <- 0x7FFFFFFF


mem[X,0x80000160] -> 0x8E93
mem[X,0x80000162] -> 0x0080
[93] [M]: 0x80000160 (0x00808E93) addi t4, ra, 8
x29 <- 0x8000311C


mem[X,0x80000164] -> 0x0613
mem[X,0x80000166] -> 0x2000
[94] [M]: 0x80000164 (0x20000613) addi a2, zero, 512
x12 <- 0x00000200


mem[X,0x80000168] -> 0x8EB3
mem[X,0x8000016A] -> 0x40CE
[95] [M]: 0x80000168 (0x40CE8EB3) sub t4, t4, a2
x29 <- 0x80002F1C


mem[X,0x8000016C] -> 0x8023
mem[X,0x8000016E] -> 0x20BE
[96] [M]: 0x8000016C (0x20BE8023) sb a1, 512(t4)
mem[0x8000311C] <- 0xFF


mem[X,0x80000170] -> 0x0013
mem[X,0x80000172] -> 0x0000
[97] [M]: 0x80000170 (0x00000013) addi zero, zero, 0


mem[X,0x80000174] -> 0x0013
mem[X,0x80000176] -> 0x0000
[98] [M]: 0x80000174 (0x00000013) addi zero, zero, 0


mem[X,0x80000178] -> 0x0F13
mem[X,0x8000017A] -> 0x0010
[99] [M]: 0x80000178 (0x00100F13) addi t5, zero, 1
x30 <- 0x00000001


clint::tick mtime <- 0x0000000000000001
 clint timer pending at mtime 0x0000000000000001
htif::tick 0x0000000000000000
mem[X,0x8000017C] -> 0x8F93
mem[X,0x8000017E] -> 0x00C0
[100] [M]: 0x8000017C (0x00C08F93) addi t6, ra, 12
x31 <- 0x80003120


mem[X,0x80000180] -> 0x0613
mem[X,0x80000182] -> 0x2000
[101] [M]: 0x80000180 (0x20000613) addi a2, zero, 512
x12 <- 0x00000200


mem[X,0x80000184] -> 0x8FB3
mem[X,0x80000186] -> 0x40CF
[102] [M]: 0x80000184 (0x40CF8FB3) sub t6, t6, a2
x31 <- 0x80002F20


mem[X,0x80000188] -> 0x8023
mem[X,0x8000018A] -> 0x21EF
[103] [M]: 0x80000188 (0x21EF8023) sb t5, 512(t6)
mem[0x80003120] <- 0x01


mem[X,0x8000018C] -> 0x0013
mem[X,0x8000018E] -> 0x0000
[104] [M]: 0x8000018C (0x00000013) addi zero, zero, 0


mem[X,0x80000190] -> 0x0013
mem[X,0x80000192] -> 0x0000
[105] [M]: 0x80000190 (0x00000013) addi zero, zero, 0


mem[X,0x80000194] -> 0x0E37
mem[X,0x80000196] -> 0xFFFC
[106] [M]: 0x80000194 (0xFFFC0E37) lui t3, 1048512
x28 <- 0xFFFC0000


mem[X,0x80000198] -> 0x0E13
mem[X,0x8000019A] -> 0xFFFE
[107] [M]: 0x80000198 (0xFFFE0E13) addi t3, t3, 4095
x28 <- 0xFFFBFFFF


mem[X,0x8000019C] -> 0x8F13
mem[X,0x8000019E] -> 0x0100
[108] [M]: 0x8000019C (0x01008F13) addi t5, ra, 16
x30 <- 0x80003124


mem[X,0x800001A0] -> 0x0613
mem[X,0x800001A2] -> 0x0050
[109] [M]: 0x800001A0 (0x00500613) addi a2, zero, 5
x12 <- 0x00000005


mem[X,0x800001A4] -> 0x0F33
mem[X,0x800001A6] -> 0x40CF
[110] [M]: 0x800001A4 (0x40CF0F33) sub t5, t5, a2
x30 <- 0x8000311F


mem[X,0x800001A8] -> 0x02A3
mem[X,0x800001AA] -> 0x01CF
[111] [M]: 0x800001A8 (0x01CF02A3) sb t3, 5(t5)
mem[0x80003124] <- 0xFF


mem[X,0x800001AC] -> 0x0013
mem[X,0x800001AE] -> 0x0000
[112] [M]: 0x800001AC (0x00000013) addi zero, zero, 0


mem[X,0x800001B0] -> 0x0013
mem[X,0x800001B2] -> 0x0000
[113] [M]: 0x800001B0 (0x00000013) addi zero, zero, 0


mem[X,0x800001B4] -> 0x0AB7
mem[X,0x800001B6] -> 0x0040
[114] [M]: 0x800001B4 (0x00400AB7) lui s5, 1024
x21 <- 0x00400000


mem[X,0x800001B8] -> 0x8D13
mem[X,0x800001BA] -> 0x0160
[115] [M]: 0x800001B8 (0x01608D13) addi s10, ra, 22
x26 <- 0x8000312A


mem[X,0x800001BC] -> 0x0613
mem[X,0x800001BE] -> 0xC000
[116] [M]: 0x800001BC (0xC0000613) addi a2, zero, 3072
x12 <- 0xFFFFFC00


mem[X,0x800001C0] -> 0x0D33
mem[X,0x800001C2] -> 0x40CD
[117] [M]: 0x800001C0 (0x40CD0D33) sub s10, s10, a2
x26 <- 0x8000352A


mem[X,0x800001C4] -> 0x0023
mem[X,0x800001C6] -> 0xC15D
[118] [M]: 0x800001C4 (0xC15D0023) sb s5, 3072(s10)
mem[0x8000312A] <- 0x00


mem[X,0x800001C8] -> 0x0013
mem[X,0x800001CA] -> 0x0000
[119] [M]: 0x800001C8 (0x00000013) addi zero, zero, 0


mem[X,0x800001CC] -> 0x0013
mem[X,0x800001CE] -> 0x0000
[120] [M]: 0x800001CC (0x00000013) addi zero, zero, 0


mem[X,0x800001D0] -> 0x0EB7
mem[X,0x800001D2] -> 0xFF80
[121] [M]: 0x800001D0 (0xFF800EB7) lui t4, 1046528
x29 <- 0xFF800000


mem[X,0x800001D4] -> 0x8E93
mem[X,0x800001D6] -> 0xFFFE
[122] [M]: 0x800001D4 (0xFFFE8E93) addi t4, t4, 4095
x29 <- 0xFF7FFFFF


mem[X,0x800001D8] -> 0x8713
mem[X,0x800001DA] -> 0x01A0
[123] [M]: 0x800001D8 (0x01A08713) addi a4, ra, 26
x14 <- 0x8000312E


mem[X,0x800001DC] -> 0x0613
mem[X,0x800001DE] -> 0x0010
[124] [M]: 0x800001DC (0x00100613) addi a2, zero, 1
x12 <- 0x00000001


mem[X,0x800001E0] -> 0x0733
mem[X,0x800001E2] -> 0x40C7
[125] [M]: 0x800001E0 (0x40C70733) sub a4, a4, a2
x14 <- 0x8000312D


mem[X,0x800001E4] -> 0x00A3
mem[X,0x800001E6] -> 0x01D7
[126] [M]: 0x800001E4 (0x01D700A3) sb t4, 1(a4)
mem[0x8000312E] <- 0xFF


mem[X,0x800001E8] -> 0x0013
mem[X,0x800001EA] -> 0x0000
[127] [M]: 0x800001E8 (0x00000013) addi zero, zero, 0


mem[X,0x800001EC] -> 0x0013
mem[X,0x800001EE] -> 0x0000
[128] [M]: 0x800001EC (0x00000013) addi zero, zero, 0


mem[X,0x800001F0] -> 0x0C13
mem[X,0x800001F2] -> 0x0040
[129] [M]: 0x800001F0 (0x00400C13) addi s8, zero, 4
x24 <- 0x00000004


mem[X,0x800001F4] -> 0x8B93
mem[X,0x800001F6] -> 0x01E0
[130] [M]: 0x800001F4 (0x01E08B93) addi s7, ra, 30
x23 <- 0x80003132


mem[X,0x800001F8] -> 0x0613
mem[X,0x800001FA] -> 0xFFE0
[131] [M]: 0x800001F8 (0xFFE00613) addi a2, zero, 4094
x12 <- 0xFFFFFFFE


mem[X,0x800001FC] -> 0x8BB3
mem[X,0x800001FE] -> 0x40CB
[132] [M]: 0x800001FC (0x40CB8BB3) sub s7, s7, a2
x23 <- 0x80003134


mem[X,0x80000200] -> 0x8F23
mem[X,0x80000202] -> 0xFF8B
[133] [M]: 0x80000200 (0xFF8B8F23) sb s8, 4094(s7)
mem[0x80003132] <- 0x04


mem[X,0x80000204] -> 0x0013
mem[X,0x80000206] -> 0x0000
[134] [M]: 0x80000204 (0x00000013) addi zero, zero, 0


mem[X,0x80000208] -> 0x0013
mem[X,0x8000020A] -> 0x0000
[135] [M]: 0x80000208 (0x00000013) addi zero, zero, 0


mem[X,0x8000020C] -> 0xB237
mem[X,0x8000020E] -> 0xAAAA
[136] [M]: 0x8000020C (0xAAAAB237) lui tp, 699051
x4 <- 0xAAAAB000


mem[X,0x80000210] -> 0x0213
mem[X,0x80000212] -> 0xAAA2
[137] [M]: 0x80000210 (0xAAA20213) addi tp, tp, 2730
x4 <- 0xAAAAAAAA


mem[X,0x80000214] -> 0x8493
mem[X,0x80000216] -> 0x0220
[138] [M]: 0x80000214 (0x02208493) addi s1, ra, 34
x9 <- 0x80003136


mem[X,0x80000218] -> 0x0613
mem[X,0x8000021A] -> 0xF7F0
[139] [M]: 0x80000218 (0xF7F00613) addi a2, zero, 3967
x12 <- 0xFFFFFF7F


mem[X,0x8000021C] -> 0x84B3
mem[X,0x8000021E] -> 0x40C4
[140] [M]: 0x8000021C (0x40C484B3) sub s1, s1, a2
x9 <- 0x800031B7


mem[X,0x80000220] -> 0x8FA3
mem[X,0x80000222] -> 0xF644
[141] [M]: 0x80000220 (0xF6448FA3) sb tp, 3967(s1)
mem[0x80003136] <- 0xAA


mem[X,0x80000224] -> 0x0013
mem[X,0x80000226] -> 0x0000
[142] [M]: 0x80000224 (0x00000013) addi zero, zero, 0


mem[X,0x80000228] -> 0x0013
mem[X,0x8000022A] -> 0x0000
[143] [M]: 0x80000228 (0x00000013) addi zero, zero, 0


mem[X,0x8000022C] -> 0x0393
mem[X,0x8000022E] -> 0xFF90
[144] [M]: 0x8000022C (0xFF900393) addi t2, zero, 4089
x7 <- 0xFFFFFFF9


mem[X,0x80000230] -> 0x8293
mem[X,0x80000232] -> 0x0250
[145] [M]: 0x80000230 (0x02508293) addi t0, ra, 37
x5 <- 0x80003139


mem[X,0x80000234] -> 0x0613
mem[X,0x80000236] -> 0x1000
[146] [M]: 0x80000234 (0x10000613) addi a2, zero, 256
x12 <- 0x00000100


mem[X,0x80000238] -> 0x82B3
mem[X,0x8000023A] -> 0x40C2
[147] [M]: 0x80000238 (0x40C282B3) sub t0, t0, a2
x5 <- 0x80003039


mem[X,0x8000023C] -> 0x8023
mem[X,0x8000023E] -> 0x1072
[148] [M]: 0x8000023C (0x10728023) sb t2, 256(t0)
mem[0x80003139] <- 0xF9


mem[X,0x80000240] -> 0x0013
mem[X,0x80000242] -> 0x0000
[149] [M]: 0x80000240 (0x00000013) addi zero, zero, 0


mem[X,0x80000244] -> 0x0013
mem[X,0x80000246] -> 0x0000
[150] [M]: 0x80000244 (0x00000013) addi zero, zero, 0


mem[X,0x80000248] -> 0x0013
mem[X,0x8000024A] -> 0x0000
[151] [M]: 0x80000248 (0x00000013) addi zero, zero, 0


mem[X,0x8000024C] -> 0x8E13
mem[X,0x8000024E] -> 0x0290
[152] [M]: 0x8000024C (0x02908E13) addi t3, ra, 41
x28 <- 0x8000313D


mem[X,0x80000250] -> 0x0613
mem[X,0x80000252] -> 0x0050
[153] [M]: 0x80000250 (0x00500613) addi a2, zero, 5
x12 <- 0x00000005


mem[X,0x80000254] -> 0x0E33
mem[X,0x80000256] -> 0x40CE
[154] [M]: 0x80000254 (0x40CE0E33) sub t3, t3, a2
x28 <- 0x80003138


mem[X,0x80000258] -> 0x02A3
mem[X,0x8000025A] -> 0x000E
[155] [M]: 0x80000258 (0x000E02A3) sb zero, 5(t3)
mem[0x8000313D] <- 0x00


mem[X,0x8000025C] -> 0x0013
mem[X,0x8000025E] -> 0x0000
[156] [M]: 0x8000025C (0x00000013) addi zero, zero, 0


mem[X,0x80000260] -> 0x0013
mem[X,0x80000262] -> 0x0000
[157] [M]: 0x80000260 (0x00000013) addi zero, zero, 0


mem[X,0x80000264] -> 0x0BB7
mem[X,0x80000266] -> 0xFE00
[158] [M]: 0x80000264 (0xFE000BB7) lui s7, 1040384
x23 <- 0xFE000000


mem[X,0x80000268] -> 0x8B93
mem[X,0x8000026A] -> 0xFFFB
[159] [M]: 0x80000268 (0xFFFB8B93) addi s7, s7, 4095
x23 <- 0xFDFFFFFF


mem[X,0x8000026C] -> 0x8193
mem[X,0x8000026E] -> 0x02D0
[160] [M]: 0x8000026C (0x02D08193) addi gp, ra, 45
x3 <- 0x80003141


mem[X,0x80000270] -> 0x0613
mem[X,0x80000272] -> 0xFF60
[161] [M]: 0x80000270 (0xFF600613) addi a2, zero, 4086
x12 <- 0xFFFFFFF6


mem[X,0x80000274] -> 0x81B3
mem[X,0x80000276] -> 0x40C1
[162] [M]: 0x80000274 (0x40C181B3) sub gp, gp, a2
x3 <- 0x8000314B


mem[X,0x80000278] -> 0x8B23
mem[X,0x8000027A] -> 0xFF71
[163] [M]: 0x80000278 (0xFF718B23) sb s7, 4086(gp)
mem[0x80003141] <- 0xFF


mem[X,0x8000027C] -> 0x0013
mem[X,0x8000027E] -> 0x0000
[164] [M]: 0x8000027C (0x00000013) addi zero, zero, 0


mem[X,0x80000280] -> 0x0013
mem[X,0x80000282] -> 0x0000
[165] [M]: 0x80000280 (0x00000013) addi zero, zero, 0


mem[X,0x80000284] -> 0x0537
mem[X,0x80000286] -> 0xFFFF
[166] [M]: 0x80000284 (0xFFFF0537) lui a0, 1048560
x10 <- 0xFFFF0000


mem[X,0x80000288] -> 0x0513
mem[X,0x8000028A] -> 0xFFF5
[167] [M]: 0x80000288 (0xFFF50513) addi a0, a0, 4095
x10 <- 0xFFFEFFFF


mem[X,0x8000028C] -> 0x8A93
mem[X,0x8000028E] -> 0x0310
[168] [M]: 0x8000028C (0x03108A93) addi s5, ra, 49
x21 <- 0x80003145


mem[X,0x80000290] -> 0x0613
mem[X,0x80000292] -> 0xFFB0
[169] [M]: 0x80000290 (0xFFB00613) addi a2, zero, 4091
x12 <- 0xFFFFFFFB


mem[X,0x80000294] -> 0x8AB3
mem[X,0x80000296] -> 0x40CA
[170] [M]: 0x80000294 (0x40CA8AB3) sub s5, s5, a2
x21 <- 0x8000314A


mem[X,0x80000298] -> 0x8DA3
mem[X,0x8000029A] -> 0xFEAA
[171] [M]: 0x80000298 (0xFEAA8DA3) sb a0, 4091(s5)
mem[0x80003145] <- 0xFF


mem[X,0x8000029C] -> 0x0013
mem[X,0x8000029E] -> 0x0000
[172] [M]: 0x8000029C (0x00000013) addi zero, zero, 0


mem[X,0x800002A0] -> 0x0013
mem[X,0x800002A2] -> 0x0000
[173] [M]: 0x800002A0 (0x00000013) addi zero, zero, 0


mem[X,0x800002A4] -> 0x0937
mem[X,0x800002A6] -> 0x0080
[174] [M]: 0x800002A4 (0x00800937) lui s2, 2048
x18 <- 0x00800000


mem[X,0x800002A8] -> 0x8D93
mem[X,0x800002AA] -> 0x0370
[175] [M]: 0x800002A8 (0x03708D93) addi s11, ra, 55
x27 <- 0x8000314B


mem[X,0x800002AC] -> 0x0613
mem[X,0x800002AE] -> 0xFFC0
[176] [M]: 0x800002AC (0xFFC00613) addi a2, zero, 4092
x12 <- 0xFFFFFFFC


mem[X,0x800002B0] -> 0x8DB3
mem[X,0x800002B2] -> 0x40CD
[177] [M]: 0x800002B0 (0x40CD8DB3) sub s11, s11, a2
x27 <- 0x8000314F


mem[X,0x800002B4] -> 0x8E23
mem[X,0x800002B6] -> 0xFF2D
[178] [M]: 0x800002B4 (0xFF2D8E23) sb s2, 4092(s11)
mem[0x8000314B] <- 0x00


mem[X,0x800002B8] -> 0x0013
mem[X,0x800002BA] -> 0x0000
[179] [M]: 0x800002B8 (0x00000013) addi zero, zero, 0


mem[X,0x800002BC] -> 0x0013
mem[X,0x800002BE] -> 0x0000
[180] [M]: 0x800002BC (0x00000013) addi zero, zero, 0


mem[X,0x800002C0] -> 0x07B7
mem[X,0x800002C2] -> 0xFF00
[181] [M]: 0x800002C0 (0xFF0007B7) lui a5, 1044480
x15 <- 0xFF000000


mem[X,0x800002C4] -> 0x8793
mem[X,0x800002C6] -> 0xFFF7
[182] [M]: 0x800002C4 (0xFFF78793) addi a5, a5, 4095
x15 <- 0xFEFFFFFF


mem[X,0x800002C8] -> 0x8313
mem[X,0x800002CA] -> 0x03B0
[183] [M]: 0x800002C8 (0x03B08313) addi t1, ra, 59
x6 <- 0x8000314F


mem[X,0x800002CC] -> 0x0613
mem[X,0x800002CE] -> 0x0090
[184] [M]: 0x800002CC (0x00900613) addi a2, zero, 9
x12 <- 0x00000009


mem[X,0x800002D0] -> 0x0333
mem[X,0x800002D2] -> 0x40C3
[185] [M]: 0x800002D0 (0x40C30333) sub t1, t1, a2
x6 <- 0x80003146


mem[X,0x800002D4] -> 0x04A3
mem[X,0x800002D6] -> 0x00F3
[186] [M]: 0x800002D4 (0x00F304A3) sb a5, 9(t1)
mem[0x8000314F] <- 0xFF


mem[X,0x800002D8] -> 0x0013
mem[X,0x800002DA] -> 0x0000
[187] [M]: 0x800002D8 (0x00000013) addi zero, zero, 0


mem[X,0x800002DC] -> 0x0013
mem[X,0x800002DE] -> 0x0000
[188] [M]: 0x800002DC (0x00000013) addi zero, zero, 0


mem[X,0x800002E0] -> 0x0137
mem[X,0x800002E2] -> 0xFE00
[189] [M]: 0x800002E0 (0xFE000137) lui sp, 1040384
x2 <- 0xFE000000


mem[X,0x800002E4] -> 0x0113
mem[X,0x800002E6] -> 0xFFF1
[190] [M]: 0x800002E4 (0xFFF10113) addi sp, sp, 4095
x2 <- 0xFDFFFFFF


mem[X,0x800002E8] -> 0x8893
mem[X,0x800002EA] -> 0x03F0
[191] [M]: 0x800002E8 (0x03F08893) addi a7, ra, 63
x17 <- 0x80003153


mem[X,0x800002EC] -> 0x0613
mem[X,0x800002EE] -> 0xFF60
[192] [M]: 0x800002EC (0xFF600613) addi a2, zero, 4086
x12 <- 0xFFFFFFF6


mem[X,0x800002F0] -> 0x88B3
mem[X,0x800002F2] -> 0x40C8
[193] [M]: 0x800002F0 (0x40C888B3) sub a7, a7, a2
x17 <- 0x8000315D


mem[X,0x800002F4] -> 0x8B23
mem[X,0x800002F6] -> 0xFE28
[194] [M]: 0x800002F4 (0xFE288B23) sb sp, 4086(a7)
mem[0x80003153] <- 0xFF


mem[X,0x800002F8] -> 0x0013
mem[X,0x800002FA] -> 0x0000
[195] [M]: 0x800002F8 (0x00000013) addi zero, zero, 0


mem[X,0x800002FC] -> 0x0013
mem[X,0x800002FE] -> 0x0000
[196] [M]: 0x800002FC (0x00000013) addi zero, zero, 0


mem[X,0x80000300] -> 0x02B7
mem[X,0x80000302] -> 0x2000
[197] [M]: 0x80000300 (0x200002B7) lui t0, 131072
x5 <- 0x20000000


mem[X,0x80000304] -> 0x8C13
mem[X,0x80000306] -> 0x0430
[198] [M]: 0x80000304 (0x04308C13) addi s8, ra, 67
x24 <- 0x80003157


mem[X,0x80000308] -> 0x0613
mem[X,0x8000030A] -> 0xF7F0
[199] [M]: 0x80000308 (0xF7F00613) addi a2, zero, 3967
x12 <- 0xFFFFFF7F


clint::tick mtime <- 0x0000000000000002
 clint timer pending at mtime 0x0000000000000002
htif::tick 0x0000000000000000
mem[X,0x8000030C] -> 0x0C33
mem[X,0x8000030E] -> 0x40CC
[200] [M]: 0x8000030C (0x40CC0C33) sub s8, s8, a2
x24 <- 0x800031D8


mem[X,0x80000310] -> 0x0FA3
mem[X,0x80000312] -> 0xF65C
[201] [M]: 0x80000310 (0xF65C0FA3) sb t0, 3967(s8)
mem[0x80003157] <- 0x00


mem[X,0x80000314] -> 0x0013
mem[X,0x80000316] -> 0x0000
[202] [M]: 0x80000314 (0x00000013) addi zero, zero, 0


mem[X,0x80000318] -> 0x0013
mem[X,0x8000031A] -> 0x0000
[203] [M]: 0x80000318 (0x00000013) addi zero, zero, 0


mem[X,0x8000031C] -> 0x86B7
mem[X,0x8000031E] -> 0xFFFF
[204] [M]: 0x8000031C (0xFFFF86B7) lui a3, 1048568
x13 <- 0xFFFF8000


mem[X,0x80000320] -> 0x8693
mem[X,0x80000322] -> 0xFFF6
[205] [M]: 0x80000320 (0xFFF68693) addi a3, a3, 4095
x13 <- 0xFFFF7FFF


mem[X,0x80000324] -> 0x8593
mem[X,0x80000326] -> 0x0440
[206] [M]: 0x80000324 (0x04408593) addi a1, ra, 68
x11 <- 0x80003158


mem[X,0x80000328] -> 0x0613
mem[X,0x8000032A] -> 0x0000
[207] [M]: 0x80000328 (0x00000613) addi a2, zero, 0
x12 <- 0x00000000


mem[X,0x8000032C] -> 0x85B3
mem[X,0x8000032E] -> 0x40C5
[208] [M]: 0x8000032C (0x40C585B3) sub a1, a1, a2
x11 <- 0x80003158


mem[X,0x80000330] -> 0x8023
mem[X,0x80000332] -> 0x00D5
[209] [M]: 0x80000330 (0x00D58023) sb a3, 0(a1)
mem[0x80003158] <- 0xFF


mem[X,0x80000334] -> 0x0013
mem[X,0x80000336] -> 0x0000
[210] [M]: 0x80000334 (0x00000013) addi zero, zero, 0


mem[X,0x80000338] -> 0x0013
mem[X,0x8000033A] -> 0x0000
[211] [M]: 0x80000338 (0x00000013) addi zero, zero, 0


mem[X,0x8000033C] -> 0x0813
mem[X,0x8000033E] -> 0x0020
[212] [M]: 0x8000033C (0x00200813) addi a6, zero, 2
x16 <- 0x00000002


mem[X,0x80000340] -> 0x8413
mem[X,0x80000342] -> 0x0480
[213] [M]: 0x80000340 (0x04808413) addi fp, ra, 72
x8 <- 0x8000315C


mem[X,0x80000344] -> 0x0613
mem[X,0x80000346] -> 0xFFF0
[214] [M]: 0x80000344 (0xFFF00613) addi a2, zero, 4095
x12 <- 0xFFFFFFFF


mem[X,0x80000348] -> 0x0433
mem[X,0x8000034A] -> 0x40C4
[215] [M]: 0x80000348 (0x40C40433) sub fp, fp, a2
x8 <- 0x8000315D


mem[X,0x8000034C] -> 0x0FA3
mem[X,0x8000034E] -> 0xFF04
[216] [M]: 0x8000034C (0xFF040FA3) sb a6, 4095(fp)
mem[0x8000315C] <- 0x02


mem[X,0x80000350] -> 0x0013
mem[X,0x80000352] -> 0x0000
[217] [M]: 0x80000350 (0x00000013) addi zero, zero, 0


mem[X,0x80000354] -> 0x0013
mem[X,0x80000356] -> 0x0000
[218] [M]: 0x80000354 (0x00000013) addi zero, zero, 0


mem[X,0x80000358] -> 0x0613
mem[X,0x8000035A] -> 0x0080
[219] [M]: 0x80000358 (0x00800613) addi a2, zero, 8
x12 <- 0x00000008


mem[X,0x8000035C] -> 0x8793
mem[X,0x8000035E] -> 0x04C0
[220] [M]: 0x8000035C (0x04C08793) addi a5, ra, 76
x15 <- 0x80003160


mem[X,0x80000360] -> 0x0293
mem[X,0x80000362] -> 0xFF90
[221] [M]: 0x80000360 (0xFF900293) addi t0, zero, 4089
x5 <- 0xFFFFFFF9


mem[X,0x80000364] -> 0x87B3
mem[X,0x80000366] -> 0x4057
[222] [M]: 0x80000364 (0x405787B3) sub a5, a5, t0
x15 <- 0x80003167


mem[X,0x80000368] -> 0x8CA3
mem[X,0x8000036A] -> 0xFEC7
[223] [M]: 0x80000368 (0xFEC78CA3) sb a2, 4089(a5)
mem[0x80003160] <- 0x08


mem[X,0x8000036C] -> 0x0013
mem[X,0x8000036E] -> 0x0000
[224] [M]: 0x8000036C (0x00000013) addi zero, zero, 0


mem[X,0x80000370] -> 0x0013
mem[X,0x80000372] -> 0x0000
[225] [M]: 0x80000370 (0x00000013) addi zero, zero, 0


mem[X,0x80000374] -> 0x0013
mem[X,0x80000376] -> 0x0000
[226] [M]: 0x80000374 (0x00000013) addi zero, zero, 0


mem[X,0x80000378] -> 0x0013
mem[X,0x8000037A] -> 0x0000
[227] [M]: 0x80000378 (0x00000013) addi zero, zero, 0


mem[X,0x8000037C] -> 0x0013
mem[X,0x8000037E] -> 0x0000
[228] [M]: 0x8000037C (0x00000013) addi zero, zero, 0


mem[X,0x80000380] -> 0x3117
mem[X,0x80000382] -> 0x0000
[229] [M]: 0x80000380 (0x00003117) auipc sp, 3
x2 <- 0x80003380


mem[X,0x80000384] -> 0x0113
mem[X,0x80000386] -> 0xDE41
[230] [M]: 0x80000384 (0xDE410113) addi sp, sp, 3556
x2 <- 0x80003164


mem[X,0x80000388] -> 0x0013
mem[X,0x8000038A] -> 0x0000
[231] [M]: 0x80000388 (0x00000013) addi zero, zero, 0


mem[X,0x8000038C] -> 0x0013
mem[X,0x8000038E] -> 0x0000
[232] [M]: 0x8000038C (0x00000013) addi zero, zero, 0


mem[X,0x80000390] -> 0x0013
mem[X,0x80000392] -> 0x0000
[233] [M]: 0x80000390 (0x00000013) addi zero, zero, 0


mem[X,0x80000394] -> 0x0013
mem[X,0x80000396] -> 0x0000
[234] [M]: 0x80000394 (0x00000013) addi zero, zero, 0


mem[X,0x80000398] -> 0x0013
mem[X,0x8000039A] -> 0x0000
[235] [M]: 0x80000398 (0x00000013) addi zero, zero, 0


mem[X,0x8000039C] -> 0x0013
mem[X,0x8000039E] -> 0x0000
[236] [M]: 0x8000039C (0x00000013) addi zero, zero, 0


mem[X,0x800003A0] -> 0x0A13
mem[X,0x800003A2] -> 0x0100
[237] [M]: 0x800003A0 (0x01000A13) addi s4, zero, 16
x20 <- 0x00000010


mem[X,0x800003A4] -> 0x0213
mem[X,0x800003A6] -> 0x0001
[238] [M]: 0x800003A4 (0x00010213) addi tp, sp, 0
x4 <- 0x80003164


mem[X,0x800003A8] -> 0x0293
mem[X,0x800003AA] -> 0xFFC0
[239] [M]: 0x800003A8 (0xFFC00293) addi t0, zero, 4092
x5 <- 0xFFFFFFFC


mem[X,0x800003AC] -> 0x0233
mem[X,0x800003AE] -> 0x4052
[240] [M]: 0x800003AC (0x40520233) sub tp, tp, t0
x4 <- 0x80003168


mem[X,0x800003B0] -> 0x0E23
mem[X,0x800003B2] -> 0xFF42
[241] [M]: 0x800003B0 (0xFF420E23) sb s4, 4092(tp)
mem[0x80003164] <- 0x10


mem[X,0x800003B4] -> 0x0013
mem[X,0x800003B6] -> 0x0000
[242] [M]: 0x800003B4 (0x00000013) addi zero, zero, 0


mem[X,0x800003B8] -> 0x0013
mem[X,0x800003BA] -> 0x0000
[243] [M]: 0x800003B8 (0x00000013) addi zero, zero, 0


mem[X,0x800003BC] -> 0x0093
mem[X,0x800003BE] -> 0x0200
[244] [M]: 0x800003BC (0x02000093) addi ra, zero, 32
x1 <- 0x00000020


mem[X,0x800003C0] -> 0x0513
mem[X,0x800003C2] -> 0x0041
[245] [M]: 0x800003C0 (0x00410513) addi a0, sp, 4
x10 <- 0x80003168


mem[X,0x800003C4] -> 0x0293
mem[X,0x800003C6] -> 0xFFF0
[246] [M]: 0x800003C4 (0xFFF00293) addi t0, zero, 4095
x5 <- 0xFFFFFFFF


mem[X,0x800003C8] -> 0x0533
mem[X,0x800003CA] -> 0x4055
[247] [M]: 0x800003C8 (0x40550533) sub a0, a0, t0
x10 <- 0x80003169


mem[X,0x800003CC] -> 0x0FA3
mem[X,0x800003CE] -> 0xFE15
[248] [M]: 0x800003CC (0xFE150FA3) sb ra, 4095(a0)
mem[0x80003168] <- 0x20


mem[X,0x800003D0] -> 0x0013
mem[X,0x800003D2] -> 0x0000
[249] [M]: 0x800003D0 (0x00000013) addi zero, zero, 0


mem[X,0x800003D4] -> 0x0013
mem[X,0x800003D6] -> 0x0000
[250] [M]: 0x800003D4 (0x00000013) addi zero, zero, 0


mem[X,0x800003D8] -> 0x0193
mem[X,0x800003DA] -> 0x0400
[251] [M]: 0x800003D8 (0x04000193) addi gp, zero, 64
x3 <- 0x00000040


mem[X,0x800003DC] -> 0x0693
mem[X,0x800003DE] -> 0x0081
[252] [M]: 0x800003DC (0x00810693) addi a3, sp, 8
x13 <- 0x8000316C


mem[X,0x800003E0] -> 0x0293
mem[X,0x800003E2] -> 0x0050
[253] [M]: 0x800003E0 (0x00500293) addi t0, zero, 5
x5 <- 0x00000005


mem[X,0x800003E4] -> 0x86B3
mem[X,0x800003E6] -> 0x4056
[254] [M]: 0x800003E4 (0x405686B3) sub a3, a3, t0
x13 <- 0x80003167


mem[X,0x800003E8] -> 0x82A3
mem[X,0x800003EA] -> 0x0036
[255] [M]: 0x800003E8 (0x003682A3) sb gp, 5(a3)
mem[0x8000316C] <- 0x40


mem[X,0x800003EC] -> 0x0013
mem[X,0x800003EE] -> 0x0000
[256] [M]: 0x800003EC (0x00000013) addi zero, zero, 0


mem[X,0x800003F0] -> 0x0013
mem[X,0x800003F2] -> 0x0000
[257] [M]: 0x800003F0 (0x00000013) addi zero, zero, 0


mem[X,0x800003F4] -> 0x0893
mem[X,0x800003F6] -> 0x0800
[258] [M]: 0x800003F4 (0x08000893) addi a7, zero, 128
x17 <- 0x00000080


mem[X,0x800003F8] -> 0x0993
mem[X,0x800003FA] -> 0x00C1
[259] [M]: 0x800003F8 (0x00C10993) addi s3, sp, 12
x19 <- 0x80003170


mem[X,0x800003FC] -> 0x0293
mem[X,0x800003FE] -> 0xC000
[260] [M]: 0x800003FC (0xC0000293) addi t0, zero, 3072
x5 <- 0xFFFFFC00


mem[X,0x80000400] -> 0x89B3
mem[X,0x80000402] -> 0x4059
[261] [M]: 0x80000400 (0x405989B3) sub s3, s3, t0
x19 <- 0x80003570


mem[X,0x80000404] -> 0x8023
mem[X,0x80000406] -> 0xC119
[262] [M]: 0x80000404 (0xC1198023) sb a7, 3072(s3)
mem[0x80003170] <- 0x80


mem[X,0x80000408] -> 0x0013
mem[X,0x8000040A] -> 0x0000
[263] [M]: 0x80000408 (0x00000013) addi zero, zero, 0


mem[X,0x8000040C] -> 0x0013
mem[X,0x8000040E] -> 0x0000
[264] [M]: 0x8000040C (0x00000013) addi zero, zero, 0


mem[X,0x80000410] -> 0x0493
mem[X,0x80000412] -> 0x1000
[265] [M]: 0x80000410 (0x10000493) addi s1, zero, 256
x9 <- 0x00000100


mem[X,0x80000414] -> 0x0A13
mem[X,0x80000416] -> 0x0101
[266] [M]: 0x80000414 (0x01010A13) addi s4, sp, 16
x20 <- 0x80003174


mem[X,0x80000418] -> 0x0293
mem[X,0x8000041A] -> 0x0030
[267] [M]: 0x80000418 (0x00300293) addi t0, zero, 3
x5 <- 0x00000003


mem[X,0x8000041C] -> 0x0A33
mem[X,0x8000041E] -> 0x405A
[268] [M]: 0x8000041C (0x405A0A33) sub s4, s4, t0
x20 <- 0x80003171


mem[X,0x80000420] -> 0x01A3
mem[X,0x80000422] -> 0x009A
[269] [M]: 0x80000420 (0x009A01A3) sb s1, 3(s4)
mem[0x80003174] <- 0x00


mem[X,0x80000424] -> 0x0013
mem[X,0x80000426] -> 0x0000
[270] [M]: 0x80000424 (0x00000013) addi zero, zero, 0


mem[X,0x80000428] -> 0x0013
mem[X,0x8000042A] -> 0x0000
[271] [M]: 0x80000428 (0x00000013) addi zero, zero, 0


mem[X,0x8000042C] -> 0x0D13
mem[X,0x8000042E] -> 0x2000
[272] [M]: 0x8000042C (0x20000D13) addi s10, zero, 512
x26 <- 0x00000200


mem[X,0x80000430] -> 0x0C93
mem[X,0x80000432] -> 0x0141
[273] [M]: 0x80000430 (0x01410C93) addi s9, sp, 20
x25 <- 0x80003178


mem[X,0x80000434] -> 0x0293
mem[X,0x80000436] -> 0xFBF0
[274] [M]: 0x80000434 (0xFBF00293) addi t0, zero, 4031
x5 <- 0xFFFFFFBF


mem[X,0x80000438] -> 0x8CB3
mem[X,0x8000043A] -> 0x405C
[275] [M]: 0x80000438 (0x405C8CB3) sub s9, s9, t0
x25 <- 0x800031B9


mem[X,0x8000043C] -> 0x8FA3
mem[X,0x8000043E] -> 0xFBAC
[276] [M]: 0x8000043C (0xFBAC8FA3) sb s10, 4031(s9)
mem[0x80003178] <- 0x00


mem[X,0x80000440] -> 0x0013
mem[X,0x80000442] -> 0x0000
[277] [M]: 0x80000440 (0x00000013) addi zero, zero, 0


mem[X,0x80000444] -> 0x0013
mem[X,0x80000446] -> 0x0000
[278] [M]: 0x80000444 (0x00000013) addi zero, zero, 0


mem[X,0x80000448] -> 0x0B13
mem[X,0x8000044A] -> 0x4000
[279] [M]: 0x80000448 (0x40000B13) addi s6, zero, 1024
x22 <- 0x00000400


mem[X,0x8000044C] -> 0x0913
mem[X,0x8000044E] -> 0x0181
[280] [M]: 0x8000044C (0x01810913) addi s2, sp, 24
x18 <- 0x8000317C


mem[X,0x80000450] -> 0x0293
mem[X,0x80000452] -> 0x3FF0
[281] [M]: 0x80000450 (0x3FF00293) addi t0, zero, 1023
x5 <- 0x000003FF


mem[X,0x80000454] -> 0x0933
mem[X,0x80000456] -> 0x4059
[282] [M]: 0x80000454 (0x40590933) sub s2, s2, t0
x18 <- 0x80002D7D


mem[X,0x80000458] -> 0x0FA3
mem[X,0x8000045A] -> 0x3F69
[283] [M]: 0x80000458 (0x3F690FA3) sb s6, 1023(s2)
mem[0x8000317C] <- 0x00


mem[X,0x8000045C] -> 0x0013
mem[X,0x8000045E] -> 0x0000
[284] [M]: 0x8000045C (0x00000013) addi zero, zero, 0


mem[X,0x80000460] -> 0x0013
mem[X,0x80000462] -> 0x0000
[285] [M]: 0x80000460 (0x00000013) addi zero, zero, 0


mem[X,0x80000464] -> 0x1FB7
mem[X,0x80000466] -> 0x0000
[286] [M]: 0x80000464 (0x00001FB7) lui t6, 1
x31 <- 0x00001000


mem[X,0x80000468] -> 0x8F93
mem[X,0x8000046A] -> 0x800F
[287] [M]: 0x80000468 (0x800F8F93) addi t6, t6, 2048
x31 <- 0x00000800


mem[X,0x8000046C] -> 0x0393
mem[X,0x8000046E] -> 0x01C1
[288] [M]: 0x8000046C (0x01C10393) addi t2, sp, 28
x7 <- 0x80003180


mem[X,0x80000470] -> 0x0293
mem[X,0x80000472] -> 0x2000
[289] [M]: 0x80000470 (0x20000293) addi t0, zero, 512
x5 <- 0x00000200


mem[X,0x80000474] -> 0x83B3
mem[X,0x80000476] -> 0x4053
[290] [M]: 0x80000474 (0x405383B3) sub t2, t2, t0
x7 <- 0x80002F80


mem[X,0x80000478] -> 0x8023
mem[X,0x8000047A] -> 0x21F3
[291] [M]: 0x80000478 (0x21F38023) sb t6, 512(t2)
mem[0x80003180] <- 0x00


mem[X,0x8000047C] -> 0x0013
mem[X,0x8000047E] -> 0x0000
[292] [M]: 0x8000047C (0x00000013) addi zero, zero, 0


mem[X,0x80000480] -> 0x0013
mem[X,0x80000482] -> 0x0000
[293] [M]: 0x80000480 (0x00000013) addi zero, zero, 0


mem[X,0x80000484] -> 0x1737
mem[X,0x80000486] -> 0x0000
[294] [M]: 0x80000484 (0x00001737) lui a4, 1
x14 <- 0x00001000


mem[X,0x80000488] -> 0x0813
mem[X,0x8000048A] -> 0x0201
[295] [M]: 0x80000488 (0x02010813) addi a6, sp, 32
x16 <- 0x80003184


mem[X,0x8000048C] -> 0x0293
mem[X,0x8000048E] -> 0xC000
[296] [M]: 0x8000048C (0xC0000293) addi t0, zero, 3072
x5 <- 0xFFFFFC00


mem[X,0x80000490] -> 0x0833
mem[X,0x80000492] -> 0x4058
[297] [M]: 0x80000490 (0x40580833) sub a6, a6, t0
x16 <- 0x80003584


mem[X,0x80000494] -> 0x0023
mem[X,0x80000496] -> 0xC0E8
[298] [M]: 0x80000494 (0xC0E80023) sb a4, 3072(a6)
mem[0x80003184] <- 0x00


mem[X,0x80000498] -> 0x0013
mem[X,0x8000049A] -> 0x0000
[299] [M]: 0x80000498 (0x00000013) addi zero, zero, 0


clint::tick mtime <- 0x0000000000000003
 clint timer pending at mtime 0x0000000000000003
htif::tick 0x0000000000000000
mem[X,0x8000049C] -> 0x0013
mem[X,0x8000049E] -> 0x0000
[300] [M]: 0x8000049C (0x00000013) addi zero, zero, 0


mem[X,0x800004A0] -> 0x2337
mem[X,0x800004A2] -> 0x0000
[301] [M]: 0x800004A0 (0x00002337) lui t1, 2
x6 <- 0x00002000


mem[X,0x800004A4] -> 0x0093
mem[X,0x800004A6] -> 0x0241
[302] [M]: 0x800004A4 (0x02410093) addi ra, sp, 36
x1 <- 0x80003188


mem[X,0x800004A8] -> 0x0293
mem[X,0x800004AA] -> 0x0090
[303] [M]: 0x800004A8 (0x00900293) addi t0, zero, 9
x5 <- 0x00000009


mem[X,0x800004AC] -> 0x80B3
mem[X,0x800004AE] -> 0x4050
[304] [M]: 0x800004AC (0x405080B3) sub ra, ra, t0
x1 <- 0x8000317F


mem[X,0x800004B0] -> 0x84A3
mem[X,0x800004B2] -> 0x0060
[305] [M]: 0x800004B0 (0x006084A3) sb t1, 9(ra)
mem[0x80003188] <- 0x00


mem[X,0x800004B4] -> 0x0013
mem[X,0x800004B6] -> 0x0000
[306] [M]: 0x800004B4 (0x00000013) addi zero, zero, 0


mem[X,0x800004B8] -> 0x0013
mem[X,0x800004BA] -> 0x0000
[307] [M]: 0x800004B8 (0x00000013) addi zero, zero, 0


mem[X,0x800004BC] -> 0x49B7
mem[X,0x800004BE] -> 0x0000
[308] [M]: 0x800004BC (0x000049B7) lui s3, 4
x19 <- 0x00004000


mem[X,0x800004C0] -> 0x0613
mem[X,0x800004C2] -> 0x0281
[309] [M]: 0x800004C0 (0x02810613) addi a2, sp, 40
x12 <- 0x8000318C


mem[X,0x800004C4] -> 0x0293
mem[X,0x800004C6] -> 0x0060
[310] [M]: 0x800004C4 (0x00600293) addi t0, zero, 6
x5 <- 0x00000006


mem[X,0x800004C8] -> 0x0633
mem[X,0x800004CA] -> 0x4056
[311] [M]: 0x800004C8 (0x40560633) sub a2, a2, t0
x12 <- 0x80003186


mem[X,0x800004CC] -> 0x0323
mem[X,0x800004CE] -> 0x0136
[312] [M]: 0x800004CC (0x01360323) sb s3, 6(a2)
mem[0x8000318C] <- 0x00


mem[X,0x800004D0] -> 0x0013
mem[X,0x800004D2] -> 0x0000
[313] [M]: 0x800004D0 (0x00000013) addi zero, zero, 0


mem[X,0x800004D4] -> 0x0013
mem[X,0x800004D6] -> 0x0000
[314] [M]: 0x800004D4 (0x00000013) addi zero, zero, 0


mem[X,0x800004D8] -> 0x8437
mem[X,0x800004DA] -> 0x0000
[315] [M]: 0x800004D8 (0x00008437) lui fp, 8
x8 <- 0x00008000


mem[X,0x800004DC] -> 0x0D13
mem[X,0x800004DE] -> 0x02C1
[316] [M]: 0x800004DC (0x02C10D13) addi s10, sp, 44
x26 <- 0x80003190


mem[X,0x800004E0] -> 0x0293
mem[X,0x800004E2] -> 0x0070
[317] [M]: 0x800004E0 (0x00700293) addi t0, zero, 7
x5 <- 0x00000007


mem[X,0x800004E4] -> 0x0D33
mem[X,0x800004E6] -> 0x405D
[318] [M]: 0x800004E4 (0x405D0D33) sub s10, s10, t0
x26 <- 0x80003189


mem[X,0x800004E8] -> 0x03A3
mem[X,0x800004EA] -> 0x008D
[319] [M]: 0x800004E8 (0x008D03A3) sb fp, 7(s10)
mem[0x80003190] <- 0x00


mem[X,0x800004EC] -> 0x0013
mem[X,0x800004EE] -> 0x0000
[320] [M]: 0x800004EC (0x00000013) addi zero, zero, 0


mem[X,0x800004F0] -> 0x0013
mem[X,0x800004F2] -> 0x0000
[321] [M]: 0x800004F0 (0x00000013) addi zero, zero, 0


mem[X,0x800004F4] -> 0x05B7
mem[X,0x800004F6] -> 0x0001
[322] [M]: 0x800004F4 (0x000105B7) lui a1, 16
x11 <- 0x00010000


mem[X,0x800004F8] -> 0x0513
mem[X,0x800004FA] -> 0x0301
[323] [M]: 0x800004F8 (0x03010513) addi a0, sp, 48
x10 <- 0x80003194


mem[X,0x800004FC] -> 0x0293
mem[X,0x800004FE] -> 0x0090
[324] [M]: 0x800004FC (0x00900293) addi t0, zero, 9
x5 <- 0x00000009


mem[X,0x80000500] -> 0x0533
mem[X,0x80000502] -> 0x4055
[325] [M]: 0x80000500 (0x40550533) sub a0, a0, t0
x10 <- 0x8000318B


mem[X,0x80000504] -> 0x04A3
mem[X,0x80000506] -> 0x00B5
[326] [M]: 0x80000504 (0x00B504A3) sb a1, 9(a0)
mem[0x80003194] <- 0x00


mem[X,0x80000508] -> 0x0013
mem[X,0x8000050A] -> 0x0000
[327] [M]: 0x80000508 (0x00000013) addi zero, zero, 0


mem[X,0x8000050C] -> 0x0013
mem[X,0x8000050E] -> 0x0000
[328] [M]: 0x8000050C (0x00000013) addi zero, zero, 0


mem[X,0x80000510] -> 0x05B7
mem[X,0x80000512] -> 0x0002
[329] [M]: 0x80000510 (0x000205B7) lui a1, 32
x11 <- 0x00020000


mem[X,0x80000514] -> 0x0513
mem[X,0x80000516] -> 0x0341
[330] [M]: 0x80000514 (0x03410513) addi a0, sp, 52
x10 <- 0x80003198


mem[X,0x80000518] -> 0x0293
mem[X,0x8000051A] -> 0xFF90
[331] [M]: 0x80000518 (0xFF900293) addi t0, zero, 4089
x5 <- 0xFFFFFFF9


mem[X,0x8000051C] -> 0x0533
mem[X,0x8000051E] -> 0x4055
[332] [M]: 0x8000051C (0x40550533) sub a0, a0, t0
x10 <- 0x8000319F


mem[X,0x80000520] -> 0x0CA3
mem[X,0x80000522] -> 0xFEB5
[333] [M]: 0x80000520 (0xFEB50CA3) sb a1, 4089(a0)
mem[0x80003198] <- 0x00


mem[X,0x80000524] -> 0x0013
mem[X,0x80000526] -> 0x0000
[334] [M]: 0x80000524 (0x00000013) addi zero, zero, 0


mem[X,0x80000528] -> 0x0013
mem[X,0x8000052A] -> 0x0000
[335] [M]: 0x80000528 (0x00000013) addi zero, zero, 0


mem[X,0x8000052C] -> 0x05B7
mem[X,0x8000052E] -> 0x0004
[336] [M]: 0x8000052C (0x000405B7) lui a1, 64
x11 <- 0x00040000


mem[X,0x80000530] -> 0x0513
mem[X,0x80000532] -> 0x0381
[337] [M]: 0x80000530 (0x03810513) addi a0, sp, 56
x10 <- 0x8000319C


mem[X,0x80000534] -> 0x0293
mem[X,0x80000536] -> 0x0030
[338] [M]: 0x80000534 (0x00300293) addi t0, zero, 3
x5 <- 0x00000003


mem[X,0x80000538] -> 0x0533
mem[X,0x8000053A] -> 0x4055
[339] [M]: 0x80000538 (0x40550533) sub a0, a0, t0
x10 <- 0x80003199


mem[X,0x8000053C] -> 0x01A3
mem[X,0x8000053E] -> 0x00B5
[340] [M]: 0x8000053C (0x00B501A3) sb a1, 3(a0)
mem[0x8000319C] <- 0x00


mem[X,0x80000540] -> 0x0013
mem[X,0x80000542] -> 0x0000
[341] [M]: 0x80000540 (0x00000013) addi zero, zero, 0


mem[X,0x80000544] -> 0x0013
mem[X,0x80000546] -> 0x0000
[342] [M]: 0x80000544 (0x00000013) addi zero, zero, 0


mem[X,0x80000548] -> 0x05B7
mem[X,0x8000054A] -> 0x0008
[343] [M]: 0x80000548 (0x000805B7) lui a1, 128
x11 <- 0x00080000


mem[X,0x8000054C] -> 0x0513
mem[X,0x8000054E] -> 0x03C1
[344] [M]: 0x8000054C (0x03C10513) addi a0, sp, 60
x10 <- 0x800031A0


mem[X,0x80000550] -> 0x0293
mem[X,0x80000552] -> 0xFFC0
[345] [M]: 0x80000550 (0xFFC00293) addi t0, zero, 4092
x5 <- 0xFFFFFFFC


mem[X,0x80000554] -> 0x0533
mem[X,0x80000556] -> 0x4055
[346] [M]: 0x80000554 (0x40550533) sub a0, a0, t0
x10 <- 0x800031A4


mem[X,0x80000558] -> 0x0E23
mem[X,0x8000055A] -> 0xFEB5
[347] [M]: 0x80000558 (0xFEB50E23) sb a1, 4092(a0)
mem[0x800031A0] <- 0x00


mem[X,0x8000055C] -> 0x0013
mem[X,0x8000055E] -> 0x0000
[348] [M]: 0x8000055C (0x00000013) addi zero, zero, 0


mem[X,0x80000560] -> 0x0013
mem[X,0x80000562] -> 0x0000
[349] [M]: 0x80000560 (0x00000013) addi zero, zero, 0


mem[X,0x80000564] -> 0x05B7
mem[X,0x80000566] -> 0x0010
[350] [M]: 0x80000564 (0x001005B7) lui a1, 256
x11 <- 0x00100000


mem[X,0x80000568] -> 0x0513
mem[X,0x8000056A] -> 0x0401
[351] [M]: 0x80000568 (0x04010513) addi a0, sp, 64
x10 <- 0x800031A4


mem[X,0x8000056C] -> 0x0293
mem[X,0x8000056E] -> 0x7FF0
[352] [M]: 0x8000056C (0x7FF00293) addi t0, zero, 2047
x5 <- 0x000007FF


mem[X,0x80000570] -> 0x0533
mem[X,0x80000572] -> 0x4055
[353] [M]: 0x80000570 (0x40550533) sub a0, a0, t0
x10 <- 0x800029A5


mem[X,0x80000574] -> 0x0FA3
mem[X,0x80000576] -> 0x7EB5
[354] [M]: 0x80000574 (0x7EB50FA3) sb a1, 2047(a0)
mem[0x800031A4] <- 0x00


mem[X,0x80000578] -> 0x0013
mem[X,0x8000057A] -> 0x0000
[355] [M]: 0x80000578 (0x00000013) addi zero, zero, 0


mem[X,0x8000057C] -> 0x0013
mem[X,0x8000057E] -> 0x0000
[356] [M]: 0x8000057C (0x00000013) addi zero, zero, 0


mem[X,0x80000580] -> 0x05B7
mem[X,0x80000582] -> 0x0020
[357] [M]: 0x80000580 (0x002005B7) lui a1, 512
x11 <- 0x00200000


mem[X,0x80000584] -> 0x0513
mem[X,0x80000586] -> 0x0441
[358] [M]: 0x80000584 (0x04410513) addi a0, sp, 68
x10 <- 0x800031A8


mem[X,0x80000588] -> 0x0293
mem[X,0x8000058A] -> 0xFFB0
[359] [M]: 0x80000588 (0xFFB00293) addi t0, zero, 4091
x5 <- 0xFFFFFFFB


mem[X,0x8000058C] -> 0x0533
mem[X,0x8000058E] -> 0x4055
[360] [M]: 0x8000058C (0x40550533) sub a0, a0, t0
x10 <- 0x800031AD


mem[X,0x80000590] -> 0x0DA3
mem[X,0x80000592] -> 0xFEB5
[361] [M]: 0x80000590 (0xFEB50DA3) sb a1, 4091(a0)
mem[0x800031A8] <- 0x00


mem[X,0x80000594] -> 0x0013
mem[X,0x80000596] -> 0x0000
[362] [M]: 0x80000594 (0x00000013) addi zero, zero, 0


mem[X,0x80000598] -> 0x0013
mem[X,0x8000059A] -> 0x0000
[363] [M]: 0x80000598 (0x00000013) addi zero, zero, 0


mem[X,0x8000059C] -> 0x0593
mem[X,0x8000059E] -> 0xBFF0
[364] [M]: 0x8000059C (0xBFF00593) addi a1, zero, 3071
x11 <- 0xFFFFFBFF


mem[X,0x800005A0] -> 0x0513
mem[X,0x800005A2] -> 0x0481
[365] [M]: 0x800005A0 (0x04810513) addi a0, sp, 72
x10 <- 0x800031AC


mem[X,0x800005A4] -> 0x0293
mem[X,0x800005A6] -> 0x7FF0
[366] [M]: 0x800005A4 (0x7FF00293) addi t0, zero, 2047
x5 <- 0x000007FF


mem[X,0x800005A8] -> 0x0533
mem[X,0x800005AA] -> 0x4055
[367] [M]: 0x800005A8 (0x40550533) sub a0, a0, t0
x10 <- 0x800029AD


mem[X,0x800005AC] -> 0x0FA3
mem[X,0x800005AE] -> 0x7EB5
[368] [M]: 0x800005AC (0x7EB50FA3) sb a1, 2047(a0)
mem[0x800031AC] <- 0xFF


mem[X,0x800005B0] -> 0x0013
mem[X,0x800005B2] -> 0x0000
[369] [M]: 0x800005B0 (0x00000013) addi zero, zero, 0


mem[X,0x800005B4] -> 0x0013
mem[X,0x800005B6] -> 0x0000
[370] [M]: 0x800005B4 (0x00000013) addi zero, zero, 0


mem[X,0x800005B8] -> 0xF5B7
mem[X,0x800005BA] -> 0xFFFF
[371] [M]: 0x800005B8 (0xFFFFF5B7) lui a1, 1048575
x11 <- 0xFFFFF000


mem[X,0x800005BC] -> 0x8593
mem[X,0x800005BE] -> 0x7FF5
[372] [M]: 0x800005BC (0x7FF58593) addi a1, a1, 2047
x11 <- 0xFFFFF7FF


mem[X,0x800005C0] -> 0x0513
mem[X,0x800005C2] -> 0x04C1
[373] [M]: 0x800005C0 (0x04C10513) addi a0, sp, 76
x10 <- 0x800031B0


mem[X,0x800005C4] -> 0x0293
mem[X,0x800005C6] -> 0xFBF0
[374] [M]: 0x800005C4 (0xFBF00293) addi t0, zero, 4031
x5 <- 0xFFFFFFBF


mem[X,0x800005C8] -> 0x0533
mem[X,0x800005CA] -> 0x4055
[375] [M]: 0x800005C8 (0x40550533) sub a0, a0, t0
x10 <- 0x800031F1


mem[X,0x800005CC] -> 0x0FA3
mem[X,0x800005CE] -> 0xFAB5
[376] [M]: 0x800005CC (0xFAB50FA3) sb a1, 4031(a0)
mem[0x800031B0] <- 0xFF


mem[X,0x800005D0] -> 0x0013
mem[X,0x800005D2] -> 0x0000
[377] [M]: 0x800005D0 (0x00000013) addi zero, zero, 0


mem[X,0x800005D4] -> 0x0013
mem[X,0x800005D6] -> 0x0000
[378] [M]: 0x800005D4 (0x00000013) addi zero, zero, 0


mem[X,0x800005D8] -> 0xF5B7
mem[X,0x800005DA] -> 0xFFFF
[379] [M]: 0x800005D8 (0xFFFFF5B7) lui a1, 1048575
x11 <- 0xFFFFF000


mem[X,0x800005DC] -> 0x8593
mem[X,0x800005DE] -> 0xFFF5
[380] [M]: 0x800005DC (0xFFF58593) addi a1, a1, 4095
x11 <- 0xFFFFEFFF


mem[X,0x800005E0] -> 0x0513
mem[X,0x800005E2] -> 0x0501
[381] [M]: 0x800005E0 (0x05010513) addi a0, sp, 80
x10 <- 0x800031B4


mem[X,0x800005E4] -> 0x0293
mem[X,0x800005E6] -> 0xEFF0
[382] [M]: 0x800005E4 (0xEFF00293) addi t0, zero, 3839
x5 <- 0xFFFFFEFF


mem[X,0x800005E8] -> 0x0533
mem[X,0x800005EA] -> 0x4055
[383] [M]: 0x800005E8 (0x40550533) sub a0, a0, t0
x10 <- 0x800032B5


mem[X,0x800005EC] -> 0x0FA3
mem[X,0x800005EE] -> 0xEEB5
[384] [M]: 0x800005EC (0xEEB50FA3) sb a1, 3839(a0)
mem[0x800031B4] <- 0xFF


mem[X,0x800005F0] -> 0x0013
mem[X,0x800005F2] -> 0x0000
[385] [M]: 0x800005F0 (0x00000013) addi zero, zero, 0


mem[X,0x800005F4] -> 0x0013
mem[X,0x800005F6] -> 0x0000
[386] [M]: 0x800005F4 (0x00000013) addi zero, zero, 0


mem[X,0x800005F8] -> 0xE5B7
mem[X,0x800005FA] -> 0xFFFF
[387] [M]: 0x800005F8 (0xFFFFE5B7) lui a1, 1048574
x11 <- 0xFFFFE000


mem[X,0x800005FC] -> 0x8593
mem[X,0x800005FE] -> 0xFFF5
[388] [M]: 0x800005FC (0xFFF58593) addi a1, a1, 4095
x11 <- 0xFFFFDFFF


mem[X,0x80000600] -> 0x0513
mem[X,0x80000602] -> 0x0541
[389] [M]: 0x80000600 (0x05410513) addi a0, sp, 84
x10 <- 0x800031B8


mem[X,0x80000604] -> 0x0293
mem[X,0x80000606] -> 0x5550
[390] [M]: 0x80000604 (0x55500293) addi t0, zero, 1365
x5 <- 0x00000555


mem[X,0x80000608] -> 0x0533
mem[X,0x8000060A] -> 0x4055
[391] [M]: 0x80000608 (0x40550533) sub a0, a0, t0
x10 <- 0x80002C63


mem[X,0x8000060C] -> 0x0AA3
mem[X,0x8000060E] -> 0x54B5
[392] [M]: 0x8000060C (0x54B50AA3) sb a1, 1365(a0)
mem[0x800031B8] <- 0xFF


mem[X,0x80000610] -> 0x0013
mem[X,0x80000612] -> 0x0000
[393] [M]: 0x80000610 (0x00000013) addi zero, zero, 0


mem[X,0x80000614] -> 0x0013
mem[X,0x80000616] -> 0x0000
[394] [M]: 0x80000614 (0x00000013) addi zero, zero, 0


mem[X,0x80000618] -> 0xC5B7
mem[X,0x8000061A] -> 0xFFFF
[395] [M]: 0x80000618 (0xFFFFC5B7) lui a1, 1048572
x11 <- 0xFFFFC000


mem[X,0x8000061C] -> 0x8593
mem[X,0x8000061E] -> 0xFFF5
[396] [M]: 0x8000061C (0xFFF58593) addi a1, a1, 4095
x11 <- 0xFFFFBFFF


mem[X,0x80000620] -> 0x0513
mem[X,0x80000622] -> 0x0581
[397] [M]: 0x80000620 (0x05810513) addi a0, sp, 88
x10 <- 0x800031BC


mem[X,0x80000624] -> 0x0293
mem[X,0x80000626] -> 0x7FF0
[398] [M]: 0x80000624 (0x7FF00293) addi t0, zero, 2047
x5 <- 0x000007FF


mem[X,0x80000628] -> 0x0533
mem[X,0x8000062A] -> 0x4055
[399] [M]: 0x80000628 (0x40550533) sub a0, a0, t0
x10 <- 0x800029BD


clint::tick mtime <- 0x0000000000000004
 clint timer pending at mtime 0x0000000000000004
htif::tick 0x0000000000000000
mem[X,0x8000062C] -> 0x0FA3
mem[X,0x8000062E] -> 0x7EB5
[400] [M]: 0x8000062C (0x7EB50FA3) sb a1, 2047(a0)
mem[0x800031BC] <- 0xFF


mem[X,0x80000630] -> 0x0013
mem[X,0x80000632] -> 0x0000
[401] [M]: 0x80000630 (0x00000013) addi zero, zero, 0


mem[X,0x80000634] -> 0x0013
mem[X,0x80000636] -> 0x0000
[402] [M]: 0x80000634 (0x00000013) addi zero, zero, 0


mem[X,0x80000638] -> 0x05B7
mem[X,0x8000063A] -> 0xFFFE
[403] [M]: 0x80000638 (0xFFFE05B7) lui a1, 1048544
x11 <- 0xFFFE0000


mem[X,0x8000063C] -> 0x8593
mem[X,0x8000063E] -> 0xFFF5
[404] [M]: 0x8000063C (0xFFF58593) addi a1, a1, 4095
x11 <- 0xFFFDFFFF


mem[X,0x80000640] -> 0x0513
mem[X,0x80000642] -> 0x05C1
[405] [M]: 0x80000640 (0x05C10513) addi a0, sp, 92
x10 <- 0x800031C0


mem[X,0x80000644] -> 0x0293
mem[X,0x80000646] -> 0x3FF0
[406] [M]: 0x80000644 (0x3FF00293) addi t0, zero, 1023
x5 <- 0x000003FF


mem[X,0x80000648] -> 0x0533
mem[X,0x8000064A] -> 0x4055
[407] [M]: 0x80000648 (0x40550533) sub a0, a0, t0
x10 <- 0x80002DC1


mem[X,0x8000064C] -> 0x0FA3
mem[X,0x8000064E] -> 0x3EB5
[408] [M]: 0x8000064C (0x3EB50FA3) sb a1, 1023(a0)
mem[0x800031C0] <- 0xFF


mem[X,0x80000650] -> 0x0013
mem[X,0x80000652] -> 0x0000
[409] [M]: 0x80000650 (0x00000013) addi zero, zero, 0


mem[X,0x80000654] -> 0x0013
mem[X,0x80000656] -> 0x0000
[410] [M]: 0x80000654 (0x00000013) addi zero, zero, 0


mem[X,0x80000658] -> 0x05B7
mem[X,0x8000065A] -> 0xFFF8
[411] [M]: 0x80000658 (0xFFF805B7) lui a1, 1048448
x11 <- 0xFFF80000


mem[X,0x8000065C] -> 0x8593
mem[X,0x8000065E] -> 0xFFF5
[412] [M]: 0x8000065C (0xFFF58593) addi a1, a1, 4095
x11 <- 0xFFF7FFFF


mem[X,0x80000660] -> 0x0513
mem[X,0x80000662] -> 0x0601
[413] [M]: 0x80000660 (0x06010513) addi a0, sp, 96
x10 <- 0x800031C4


mem[X,0x80000664] -> 0x0293
mem[X,0x80000666] -> 0x4000
[414] [M]: 0x80000664 (0x40000293) addi t0, zero, 1024
x5 <- 0x00000400


mem[X,0x80000668] -> 0x0533
mem[X,0x8000066A] -> 0x4055
[415] [M]: 0x80000668 (0x40550533) sub a0, a0, t0
x10 <- 0x80002DC4


mem[X,0x8000066C] -> 0x0023
mem[X,0x8000066E] -> 0x40B5
[416] [M]: 0x8000066C (0x40B50023) sb a1, 1024(a0)
mem[0x800031C4] <- 0xFF


mem[X,0x80000670] -> 0x0013
mem[X,0x80000672] -> 0x0000
[417] [M]: 0x80000670 (0x00000013) addi zero, zero, 0


mem[X,0x80000674] -> 0x0013
mem[X,0x80000676] -> 0x0000
[418] [M]: 0x80000674 (0x00000013) addi zero, zero, 0


mem[X,0x80000678] -> 0x05B7
mem[X,0x8000067A] -> 0xFFF0
[419] [M]: 0x80000678 (0xFFF005B7) lui a1, 1048320
x11 <- 0xFFF00000


mem[X,0x8000067C] -> 0x8593
mem[X,0x8000067E] -> 0xFFF5
[420] [M]: 0x8000067C (0xFFF58593) addi a1, a1, 4095
x11 <- 0xFFEFFFFF


mem[X,0x80000680] -> 0x0513
mem[X,0x80000682] -> 0x0641
[421] [M]: 0x80000680 (0x06410513) addi a0, sp, 100
x10 <- 0x800031C8


mem[X,0x80000684] -> 0x0293
mem[X,0x80000686] -> 0x0030
[422] [M]: 0x80000684 (0x00300293) addi t0, zero, 3
x5 <- 0x00000003


mem[X,0x80000688] -> 0x0533
mem[X,0x8000068A] -> 0x4055
[423] [M]: 0x80000688 (0x40550533) sub a0, a0, t0
x10 <- 0x800031C5


mem[X,0x8000068C] -> 0x01A3
mem[X,0x8000068E] -> 0x00B5
[424] [M]: 0x8000068C (0x00B501A3) sb a1, 3(a0)
mem[0x800031C8] <- 0xFF


mem[X,0x80000690] -> 0x0013
mem[X,0x80000692] -> 0x0000
[425] [M]: 0x80000690 (0x00000013) addi zero, zero, 0


mem[X,0x80000694] -> 0x0013
mem[X,0x80000696] -> 0x0000
[426] [M]: 0x80000694 (0x00000013) addi zero, zero, 0


mem[X,0x80000698] -> 0x05B7
mem[X,0x8000069A] -> 0xFFE0
[427] [M]: 0x80000698 (0xFFE005B7) lui a1, 1048064
x11 <- 0xFFE00000


mem[X,0x8000069C] -> 0x8593
mem[X,0x8000069E] -> 0xFFF5
[428] [M]: 0x8000069C (0xFFF58593) addi a1, a1, 4095
x11 <- 0xFFDFFFFF


mem[X,0x800006A0] -> 0x0513
mem[X,0x800006A2] -> 0x0681
[429] [M]: 0x800006A0 (0x06810513) addi a0, sp, 104
x10 <- 0x800031CC


mem[X,0x800006A4] -> 0x0293
mem[X,0x800006A6] -> 0x0100
[430] [M]: 0x800006A4 (0x01000293) addi t0, zero, 16
x5 <- 0x00000010


mem[X,0x800006A8] -> 0x0533
mem[X,0x800006AA] -> 0x4055
[431] [M]: 0x800006A8 (0x40550533) sub a0, a0, t0
x10 <- 0x800031BC


mem[X,0x800006AC] -> 0x0823
mem[X,0x800006AE] -> 0x00B5
[432] [M]: 0x800006AC (0x00B50823) sb a1, 16(a0)
mem[0x800031CC] <- 0xFF


mem[X,0x800006B0] -> 0x0013
mem[X,0x800006B2] -> 0x0000
[433] [M]: 0x800006B0 (0x00000013) addi zero, zero, 0


mem[X,0x800006B4] -> 0x0013
mem[X,0x800006B6] -> 0x0000
[434] [M]: 0x800006B4 (0x00000013) addi zero, zero, 0


mem[X,0x800006B8] -> 0x05B7
mem[X,0x800006BA] -> 0xFFC0
[435] [M]: 0x800006B8 (0xFFC005B7) lui a1, 1047552
x11 <- 0xFFC00000


mem[X,0x800006BC] -> 0x8593
mem[X,0x800006BE] -> 0xFFF5
[436] [M]: 0x800006BC (0xFFF58593) addi a1, a1, 4095
x11 <- 0xFFBFFFFF


mem[X,0x800006C0] -> 0x0513
mem[X,0x800006C2] -> 0x06C1
[437] [M]: 0x800006C0 (0x06C10513) addi a0, sp, 108
x10 <- 0x800031D0


mem[X,0x800006C4] -> 0x0293
mem[X,0x800006C6] -> 0x0000
[438] [M]: 0x800006C4 (0x00000293) addi t0, zero, 0
x5 <- 0x00000000


mem[X,0x800006C8] -> 0x0533
mem[X,0x800006CA] -> 0x4055
[439] [M]: 0x800006C8 (0x40550533) sub a0, a0, t0
x10 <- 0x800031D0


mem[X,0x800006CC] -> 0x0023
mem[X,0x800006CE] -> 0x00B5
[440] [M]: 0x800006CC (0x00B50023) sb a1, 0(a0)
mem[0x800031D0] <- 0xFF


mem[X,0x800006D0] -> 0x0013
mem[X,0x800006D2] -> 0x0000
[441] [M]: 0x800006D0 (0x00000013) addi zero, zero, 0


mem[X,0x800006D4] -> 0x0013
mem[X,0x800006D6] -> 0x0000
[442] [M]: 0x800006D4 (0x00000013) addi zero, zero, 0


mem[X,0x800006D8] -> 0x05B7
mem[X,0x800006DA] -> 0xFC00
[443] [M]: 0x800006D8 (0xFC0005B7) lui a1, 1032192
x11 <- 0xFC000000


mem[X,0x800006DC] -> 0x8593
mem[X,0x800006DE] -> 0xFFF5
[444] [M]: 0x800006DC (0xFFF58593) addi a1, a1, 4095
x11 <- 0xFBFFFFFF


mem[X,0x800006E0] -> 0x0513
mem[X,0x800006E2] -> 0x0701
[445] [M]: 0x800006E0 (0x07010513) addi a0, sp, 112
x10 <- 0x800031D4


mem[X,0x800006E4] -> 0x0293
mem[X,0x800006E6] -> 0xEFF0
[446] [M]: 0x800006E4 (0xEFF00293) addi t0, zero, 3839
x5 <- 0xFFFFFEFF


mem[X,0x800006E8] -> 0x0533
mem[X,0x800006EA] -> 0x4055
[447] [M]: 0x800006E8 (0x40550533) sub a0, a0, t0
x10 <- 0x800032D5


mem[X,0x800006EC] -> 0x0FA3
mem[X,0x800006EE] -> 0xEEB5
[448] [M]: 0x800006EC (0xEEB50FA3) sb a1, 3839(a0)
mem[0x800031D4] <- 0xFF


mem[X,0x800006F0] -> 0x0013
mem[X,0x800006F2] -> 0x0000
[449] [M]: 0x800006F0 (0x00000013) addi zero, zero, 0


mem[X,0x800006F4] -> 0x0013
mem[X,0x800006F6] -> 0x0000
[450] [M]: 0x800006F4 (0x00000013) addi zero, zero, 0


mem[X,0x800006F8] -> 0x05B7
mem[X,0x800006FA] -> 0xF800
[451] [M]: 0x800006F8 (0xF80005B7) lui a1, 1015808
x11 <- 0xF8000000


mem[X,0x800006FC] -> 0x8593
mem[X,0x800006FE] -> 0xFFF5
[452] [M]: 0x800006FC (0xFFF58593) addi a1, a1, 4095
x11 <- 0xF7FFFFFF


mem[X,0x80000700] -> 0x0513
mem[X,0x80000702] -> 0x0741
[453] [M]: 0x80000700 (0x07410513) addi a0, sp, 116
x10 <- 0x800031D8


mem[X,0x80000704] -> 0x0293
mem[X,0x80000706] -> 0xBFF0
[454] [M]: 0x80000704 (0xBFF00293) addi t0, zero, 3071
x5 <- 0xFFFFFBFF


mem[X,0x80000708] -> 0x0533
mem[X,0x8000070A] -> 0x4055
[455] [M]: 0x80000708 (0x40550533) sub a0, a0, t0
x10 <- 0x800035D9


mem[X,0x8000070C] -> 0x0FA3
mem[X,0x8000070E] -> 0xBEB5
[456] [M]: 0x8000070C (0xBEB50FA3) sb a1, 3071(a0)
mem[0x800031D8] <- 0xFF


mem[X,0x80000710] -> 0x0013
mem[X,0x80000712] -> 0x0000
[457] [M]: 0x80000710 (0x00000013) addi zero, zero, 0


mem[X,0x80000714] -> 0x0013
mem[X,0x80000716] -> 0x0000
[458] [M]: 0x80000714 (0x00000013) addi zero, zero, 0


mem[X,0x80000718] -> 0x05B7
mem[X,0x8000071A] -> 0xF000
[459] [M]: 0x80000718 (0xF00005B7) lui a1, 983040
x11 <- 0xF0000000


mem[X,0x8000071C] -> 0x8593
mem[X,0x8000071E] -> 0xFFF5
[460] [M]: 0x8000071C (0xFFF58593) addi a1, a1, 4095
x11 <- 0xEFFFFFFF


mem[X,0x80000720] -> 0x0513
mem[X,0x80000722] -> 0x0781
[461] [M]: 0x80000720 (0x07810513) addi a0, sp, 120
x10 <- 0x800031DC


mem[X,0x80000724] -> 0x0293
mem[X,0x80000726] -> 0xF7F0
[462] [M]: 0x80000724 (0xF7F00293) addi t0, zero, 3967
x5 <- 0xFFFFFF7F


mem[X,0x80000728] -> 0x0533
mem[X,0x8000072A] -> 0x4055
[463] [M]: 0x80000728 (0x40550533) sub a0, a0, t0
x10 <- 0x8000325D


mem[X,0x8000072C] -> 0x0FA3
mem[X,0x8000072E] -> 0xF6B5
[464] [M]: 0x8000072C (0xF6B50FA3) sb a1, 3967(a0)
mem[0x800031DC] <- 0xFF


mem[X,0x80000730] -> 0x0013
mem[X,0x80000732] -> 0x0000
[465] [M]: 0x80000730 (0x00000013) addi zero, zero, 0


mem[X,0x80000734] -> 0x0013
mem[X,0x80000736] -> 0x0000
[466] [M]: 0x80000734 (0x00000013) addi zero, zero, 0


mem[X,0x80000738] -> 0x05B7
mem[X,0x8000073A] -> 0xE000
[467] [M]: 0x80000738 (0xE00005B7) lui a1, 917504
x11 <- 0xE0000000


mem[X,0x8000073C] -> 0x8593
mem[X,0x8000073E] -> 0xFFF5
[468] [M]: 0x8000073C (0xFFF58593) addi a1, a1, 4095
x11 <- 0xDFFFFFFF


mem[X,0x80000740] -> 0x0513
mem[X,0x80000742] -> 0x07C1
[469] [M]: 0x80000740 (0x07C10513) addi a0, sp, 124
x10 <- 0x800031E0


mem[X,0x80000744] -> 0x0293
mem[X,0x80000746] -> 0xFF90
[470] [M]: 0x80000744 (0xFF900293) addi t0, zero, 4089
x5 <- 0xFFFFFFF9


mem[X,0x80000748] -> 0x0533
mem[X,0x8000074A] -> 0x4055
[471] [M]: 0x80000748 (0x40550533) sub a0, a0, t0
x10 <- 0x800031E7


mem[X,0x8000074C] -> 0x0CA3
mem[X,0x8000074E] -> 0xFEB5
[472] [M]: 0x8000074C (0xFEB50CA3) sb a1, 4089(a0)
mem[0x800031E0] <- 0xFF


mem[X,0x80000750] -> 0x0013
mem[X,0x80000752] -> 0x0000
[473] [M]: 0x80000750 (0x00000013) addi zero, zero, 0


mem[X,0x80000754] -> 0x0013
mem[X,0x80000756] -> 0x0000
[474] [M]: 0x80000754 (0x00000013) addi zero, zero, 0


mem[X,0x80000758] -> 0x05B7
mem[X,0x8000075A] -> 0xC000
[475] [M]: 0x80000758 (0xC00005B7) lui a1, 786432
x11 <- 0xC0000000


mem[X,0x8000075C] -> 0x8593
mem[X,0x8000075E] -> 0xFFF5
[476] [M]: 0x8000075C (0xFFF58593) addi a1, a1, 4095
x11 <- 0xBFFFFFFF


mem[X,0x80000760] -> 0x0513
mem[X,0x80000762] -> 0x0801
[477] [M]: 0x80000760 (0x08010513) addi a0, sp, 128
x10 <- 0x800031E4


mem[X,0x80000764] -> 0x0293
mem[X,0x80000766] -> 0xFFF0
[478] [M]: 0x80000764 (0xFFF00293) addi t0, zero, 4095
x5 <- 0xFFFFFFFF


mem[X,0x80000768] -> 0x0533
mem[X,0x8000076A] -> 0x4055
[479] [M]: 0x80000768 (0x40550533) sub a0, a0, t0
x10 <- 0x800031E5


mem[X,0x8000076C] -> 0x0FA3
mem[X,0x8000076E] -> 0xFEB5
[480] [M]: 0x8000076C (0xFEB50FA3) sb a1, 4095(a0)
mem[0x800031E4] <- 0xFF


mem[X,0x80000770] -> 0x0013
mem[X,0x80000772] -> 0x0000
[481] [M]: 0x80000770 (0x00000013) addi zero, zero, 0


mem[X,0x80000774] -> 0x0013
mem[X,0x80000776] -> 0x0000
[482] [M]: 0x80000774 (0x00000013) addi zero, zero, 0


mem[X,0x80000778] -> 0x55B7
mem[X,0x8000077A] -> 0x5555
[483] [M]: 0x80000778 (0x555555B7) lui a1, 349525
x11 <- 0x55555000


mem[X,0x8000077C] -> 0x8593
mem[X,0x8000077E] -> 0x5555
[484] [M]: 0x8000077C (0x55558593) addi a1, a1, 1365
x11 <- 0x55555555


mem[X,0x80000780] -> 0x0513
mem[X,0x80000782] -> 0x0841
[485] [M]: 0x80000780 (0x08410513) addi a0, sp, 132
x10 <- 0x800031E8


mem[X,0x80000784] -> 0x0293
mem[X,0x80000786] -> 0xF7F0
[486] [M]: 0x80000784 (0xF7F00293) addi t0, zero, 3967
x5 <- 0xFFFFFF7F


mem[X,0x80000788] -> 0x0533
mem[X,0x8000078A] -> 0x4055
[487] [M]: 0x80000788 (0x40550533) sub a0, a0, t0
x10 <- 0x80003269


mem[X,0x8000078C] -> 0x0FA3
mem[X,0x8000078E] -> 0xF6B5
[488] [M]: 0x8000078C (0xF6B50FA3) sb a1, 3967(a0)
mem[0x800031E8] <- 0x55


mem[X,0x80000790] -> 0x0013
mem[X,0x80000792] -> 0x0000
[489] [M]: 0x80000790 (0x00000013) addi zero, zero, 0


mem[X,0x80000794] -> 0x0013
mem[X,0x80000796] -> 0x0000
[490] [M]: 0x80000794 (0x00000013) addi zero, zero, 0


mem[X,0x80000798] -> 0x05B7
mem[X,0x8000079A] -> 0x0100
[491] [M]: 0x80000798 (0x010005B7) lui a1, 4096
x11 <- 0x01000000


mem[X,0x8000079C] -> 0x0513
mem[X,0x8000079E] -> 0x0881
[492] [M]: 0x8000079C (0x08810513) addi a0, sp, 136
x10 <- 0x800031EC


mem[X,0x800007A0] -> 0x0293
mem[X,0x800007A2] -> 0x0200
[493] [M]: 0x800007A0 (0x02000293) addi t0, zero, 32
x5 <- 0x00000020


mem[X,0x800007A4] -> 0x0533
mem[X,0x800007A6] -> 0x4055
[494] [M]: 0x800007A4 (0x40550533) sub a0, a0, t0
x10 <- 0x800031CC


mem[X,0x800007A8] -> 0x0023
mem[X,0x800007AA] -> 0x02B5
[495] [M]: 0x800007A8 (0x02B50023) sb a1, 32(a0)
mem[0x800031EC] <- 0x00


mem[X,0x800007AC] -> 0x0013
mem[X,0x800007AE] -> 0x0000
[496] [M]: 0x800007AC (0x00000013) addi zero, zero, 0


mem[X,0x800007B0] -> 0x0013
mem[X,0x800007B2] -> 0x0000
[497] [M]: 0x800007B0 (0x00000013) addi zero, zero, 0


mem[X,0x800007B4] -> 0x05B7
mem[X,0x800007B6] -> 0x0200
[498] [M]: 0x800007B4 (0x020005B7) lui a1, 8192
x11 <- 0x02000000


mem[X,0x800007B8] -> 0x0513
mem[X,0x800007BA] -> 0x08C1
[499] [M]: 0x800007B8 (0x08C10513) addi a0, sp, 140
x10 <- 0x800031F0


clint::tick mtime <- 0x0000000000000005
 clint timer pending at mtime 0x0000000000000005
htif::tick 0x0000000000000000
mem[X,0x800007BC] -> 0x0293
mem[X,0x800007BE] -> 0x1000
[500] [M]: 0x800007BC (0x10000293) addi t0, zero, 256
x5 <- 0x00000100


mem[X,0x800007C0] -> 0x0533
mem[X,0x800007C2] -> 0x4055
[501] [M]: 0x800007C0 (0x40550533) sub a0, a0, t0
x10 <- 0x800030F0


mem[X,0x800007C4] -> 0x0023
mem[X,0x800007C6] -> 0x10B5
[502] [M]: 0x800007C4 (0x10B50023) sb a1, 256(a0)
mem[0x800031F0] <- 0x00


mem[X,0x800007C8] -> 0x0013
mem[X,0x800007CA] -> 0x0000
[503] [M]: 0x800007C8 (0x00000013) addi zero, zero, 0


mem[X,0x800007CC] -> 0x0013
mem[X,0x800007CE] -> 0x0000
[504] [M]: 0x800007CC (0x00000013) addi zero, zero, 0


mem[X,0x800007D0] -> 0x05B7
mem[X,0x800007D2] -> 0x0400
[505] [M]: 0x800007D0 (0x040005B7) lui a1, 16384
x11 <- 0x04000000


mem[X,0x800007D4] -> 0x0513
mem[X,0x800007D6] -> 0x0901
[506] [M]: 0x800007D4 (0x09010513) addi a0, sp, 144
x10 <- 0x800031F4


mem[X,0x800007D8] -> 0x0293
mem[X,0x800007DA] -> 0x0800
[507] [M]: 0x800007D8 (0x08000293) addi t0, zero, 128
x5 <- 0x00000080


mem[X,0x800007DC] -> 0x0533
mem[X,0x800007DE] -> 0x4055
[508] [M]: 0x800007DC (0x40550533) sub a0, a0, t0
x10 <- 0x80003174


mem[X,0x800007E0] -> 0x0023
mem[X,0x800007E2] -> 0x08B5
[509] [M]: 0x800007E0 (0x08B50023) sb a1, 128(a0)
mem[0x800031F4] <- 0x00


mem[X,0x800007E4] -> 0x0013
mem[X,0x800007E6] -> 0x0000
[510] [M]: 0x800007E4 (0x00000013) addi zero, zero, 0


mem[X,0x800007E8] -> 0x0013
mem[X,0x800007EA] -> 0x0000
[511] [M]: 0x800007E8 (0x00000013) addi zero, zero, 0


mem[X,0x800007EC] -> 0x05B7
mem[X,0x800007EE] -> 0x0800
[512] [M]: 0x800007EC (0x080005B7) lui a1, 32768
x11 <- 0x08000000


mem[X,0x800007F0] -> 0x0513
mem[X,0x800007F2] -> 0x0941
[513] [M]: 0x800007F0 (0x09410513) addi a0, sp, 148
x10 <- 0x800031F8


mem[X,0x800007F4] -> 0x0293
mem[X,0x800007F6] -> 0x1000
[514] [M]: 0x800007F4 (0x10000293) addi t0, zero, 256
x5 <- 0x00000100


mem[X,0x800007F8] -> 0x0533
mem[X,0x800007FA] -> 0x4055
[515] [M]: 0x800007F8 (0x40550533) sub a0, a0, t0
x10 <- 0x800030F8


mem[X,0x800007FC] -> 0x0023
mem[X,0x800007FE] -> 0x10B5
[516] [M]: 0x800007FC (0x10B50023) sb a1, 256(a0)
mem[0x800031F8] <- 0x00


mem[X,0x80000800] -> 0x0013
mem[X,0x80000802] -> 0x0000
[517] [M]: 0x80000800 (0x00000013) addi zero, zero, 0


mem[X,0x80000804] -> 0x0013
mem[X,0x80000806] -> 0x0000
[518] [M]: 0x80000804 (0x00000013) addi zero, zero, 0


mem[X,0x80000808] -> 0x05B7
mem[X,0x8000080A] -> 0x1000
[519] [M]: 0x80000808 (0x100005B7) lui a1, 65536
x11 <- 0x10000000


mem[X,0x8000080C] -> 0x0513
mem[X,0x8000080E] -> 0x0981
[520] [M]: 0x8000080C (0x09810513) addi a0, sp, 152
x10 <- 0x800031FC


mem[X,0x80000810] -> 0x0293
mem[X,0x80000812] -> 0x0080
[521] [M]: 0x80000810 (0x00800293) addi t0, zero, 8
x5 <- 0x00000008


mem[X,0x80000814] -> 0x0533
mem[X,0x80000816] -> 0x4055
[522] [M]: 0x80000814 (0x40550533) sub a0, a0, t0
x10 <- 0x800031F4


mem[X,0x80000818] -> 0x0423
mem[X,0x8000081A] -> 0x00B5
[523] [M]: 0x80000818 (0x00B50423) sb a1, 8(a0)
mem[0x800031FC] <- 0x00


mem[X,0x8000081C] -> 0x0013
mem[X,0x8000081E] -> 0x0000
[524] [M]: 0x8000081C (0x00000013) addi zero, zero, 0


mem[X,0x80000820] -> 0x0013
mem[X,0x80000822] -> 0x0000
[525] [M]: 0x80000820 (0x00000013) addi zero, zero, 0


mem[X,0x80000824] -> 0x05B7
mem[X,0x80000826] -> 0x4000
[526] [M]: 0x80000824 (0x400005B7) lui a1, 262144
x11 <- 0x40000000


mem[X,0x80000828] -> 0x0513
mem[X,0x8000082A] -> 0x09C1
[527] [M]: 0x80000828 (0x09C10513) addi a0, sp, 156
x10 <- 0x80003200


mem[X,0x8000082C] -> 0x0293
mem[X,0x8000082E] -> 0xFFA0
[528] [M]: 0x8000082C (0xFFA00293) addi t0, zero, 4090
x5 <- 0xFFFFFFFA


mem[X,0x80000830] -> 0x0533
mem[X,0x80000832] -> 0x4055
[529] [M]: 0x80000830 (0x40550533) sub a0, a0, t0
x10 <- 0x80003206


mem[X,0x80000834] -> 0x0D23
mem[X,0x80000836] -> 0xFEB5
[530] [M]: 0x80000834 (0xFEB50D23) sb a1, 4090(a0)
mem[0x80003200] <- 0x00


mem[X,0x80000838] -> 0x0013
mem[X,0x8000083A] -> 0x0000
[531] [M]: 0x80000838 (0x00000013) addi zero, zero, 0


mem[X,0x8000083C] -> 0x0013
mem[X,0x8000083E] -> 0x0000
[532] [M]: 0x8000083C (0x00000013) addi zero, zero, 0


mem[X,0x80000840] -> 0x0593
mem[X,0x80000842] -> 0xFFE0
[533] [M]: 0x80000840 (0xFFE00593) addi a1, zero, 4094
x11 <- 0xFFFFFFFE


mem[X,0x80000844] -> 0x0513
mem[X,0x80000846] -> 0x0A01
[534] [M]: 0x80000844 (0x0A010513) addi a0, sp, 160
x10 <- 0x80003204


mem[X,0x80000848] -> 0x0293
mem[X,0x8000084A] -> 0x0030
[535] [M]: 0x80000848 (0x00300293) addi t0, zero, 3
x5 <- 0x00000003


mem[X,0x8000084C] -> 0x0533
mem[X,0x8000084E] -> 0x4055
[536] [M]: 0x8000084C (0x40550533) sub a0, a0, t0
x10 <- 0x80003201


mem[X,0x80000850] -> 0x01A3
mem[X,0x80000852] -> 0x00B5
[537] [M]: 0x80000850 (0x00B501A3) sb a1, 3(a0)
mem[0x80003204] <- 0xFE


mem[X,0x80000854] -> 0x0013
mem[X,0x80000856] -> 0x0000
[538] [M]: 0x80000854 (0x00000013) addi zero, zero, 0


mem[X,0x80000858] -> 0x0013
mem[X,0x8000085A] -> 0x0000
[539] [M]: 0x80000858 (0x00000013) addi zero, zero, 0


mem[X,0x8000085C] -> 0x0593
mem[X,0x8000085E] -> 0xFFD0
[540] [M]: 0x8000085C (0xFFD00593) addi a1, zero, 4093
x11 <- 0xFFFFFFFD


mem[X,0x80000860] -> 0x0513
mem[X,0x80000862] -> 0x0A41
[541] [M]: 0x80000860 (0x0A410513) addi a0, sp, 164
x10 <- 0x80003208


mem[X,0x80000864] -> 0x0293
mem[X,0x80000866] -> 0xFFF0
[542] [M]: 0x80000864 (0xFFF00293) addi t0, zero, 4095
x5 <- 0xFFFFFFFF


mem[X,0x80000868] -> 0x0533
mem[X,0x8000086A] -> 0x4055
[543] [M]: 0x80000868 (0x40550533) sub a0, a0, t0
x10 <- 0x80003209


mem[X,0x8000086C] -> 0x0FA3
mem[X,0x8000086E] -> 0xFEB5
[544] [M]: 0x8000086C (0xFEB50FA3) sb a1, 4095(a0)
mem[0x80003208] <- 0xFD


mem[X,0x80000870] -> 0x0013
mem[X,0x80000872] -> 0x0000
[545] [M]: 0x80000870 (0x00000013) addi zero, zero, 0


mem[X,0x80000874] -> 0x0013
mem[X,0x80000876] -> 0x0000
[546] [M]: 0x80000874 (0x00000013) addi zero, zero, 0


mem[X,0x80000878] -> 0x0593
mem[X,0x8000087A] -> 0xFFB0
[547] [M]: 0x80000878 (0xFFB00593) addi a1, zero, 4091
x11 <- 0xFFFFFFFB


mem[X,0x8000087C] -> 0x0513
mem[X,0x8000087E] -> 0x0A81
[548] [M]: 0x8000087C (0x0A810513) addi a0, sp, 168
x10 <- 0x8000320C


mem[X,0x80000880] -> 0x0293
mem[X,0x80000882] -> 0x0100
[549] [M]: 0x80000880 (0x01000293) addi t0, zero, 16
x5 <- 0x00000010


mem[X,0x80000884] -> 0x0533
mem[X,0x80000886] -> 0x4055
[550] [M]: 0x80000884 (0x40550533) sub a0, a0, t0
x10 <- 0x800031FC


mem[X,0x80000888] -> 0x0823
mem[X,0x8000088A] -> 0x00B5
[551] [M]: 0x80000888 (0x00B50823) sb a1, 16(a0)
mem[0x8000320C] <- 0xFB


mem[X,0x8000088C] -> 0x0013
mem[X,0x8000088E] -> 0x0000
[552] [M]: 0x8000088C (0x00000013) addi zero, zero, 0


mem[X,0x80000890] -> 0x0013
mem[X,0x80000892] -> 0x0000
[553] [M]: 0x80000890 (0x00000013) addi zero, zero, 0


mem[X,0x80000894] -> 0x0593
mem[X,0x80000896] -> 0xFF70
[554] [M]: 0x80000894 (0xFF700593) addi a1, zero, 4087
x11 <- 0xFFFFFFF7


mem[X,0x80000898] -> 0x0513
mem[X,0x8000089A] -> 0x0AC1
[555] [M]: 0x80000898 (0x0AC10513) addi a0, sp, 172
x10 <- 0x80003210


mem[X,0x8000089C] -> 0x0293
mem[X,0x8000089E] -> 0xFFD0
[556] [M]: 0x8000089C (0xFFD00293) addi t0, zero, 4093
x5 <- 0xFFFFFFFD


mem[X,0x800008A0] -> 0x0533
mem[X,0x800008A2] -> 0x4055
[557] [M]: 0x800008A0 (0x40550533) sub a0, a0, t0
x10 <- 0x80003213


mem[X,0x800008A4] -> 0x0EA3
mem[X,0x800008A6] -> 0xFEB5
[558] [M]: 0x800008A4 (0xFEB50EA3) sb a1, 4093(a0)
mem[0x80003210] <- 0xF7


mem[X,0x800008A8] -> 0x0013
mem[X,0x800008AA] -> 0x0000
[559] [M]: 0x800008A8 (0x00000013) addi zero, zero, 0


mem[X,0x800008AC] -> 0x0013
mem[X,0x800008AE] -> 0x0000
[560] [M]: 0x800008AC (0x00000013) addi zero, zero, 0


mem[X,0x800008B0] -> 0x0593
mem[X,0x800008B2] -> 0xFEF0
[561] [M]: 0x800008B0 (0xFEF00593) addi a1, zero, 4079
x11 <- 0xFFFFFFEF


mem[X,0x800008B4] -> 0x0513
mem[X,0x800008B6] -> 0x0B01
[562] [M]: 0x800008B4 (0x0B010513) addi a0, sp, 176
x10 <- 0x80003214


mem[X,0x800008B8] -> 0x0293
mem[X,0x800008BA] -> 0x4000
[563] [M]: 0x800008B8 (0x40000293) addi t0, zero, 1024
x5 <- 0x00000400


mem[X,0x800008BC] -> 0x0533
mem[X,0x800008BE] -> 0x4055
[564] [M]: 0x800008BC (0x40550533) sub a0, a0, t0
x10 <- 0x80002E14


mem[X,0x800008C0] -> 0x0023
mem[X,0x800008C2] -> 0x40B5
[565] [M]: 0x800008C0 (0x40B50023) sb a1, 1024(a0)
mem[0x80003214] <- 0xEF


mem[X,0x800008C4] -> 0x0013
mem[X,0x800008C6] -> 0x0000
[566] [M]: 0x800008C4 (0x00000013) addi zero, zero, 0


mem[X,0x800008C8] -> 0x0013
mem[X,0x800008CA] -> 0x0000
[567] [M]: 0x800008C8 (0x00000013) addi zero, zero, 0


mem[X,0x800008CC] -> 0x0593
mem[X,0x800008CE] -> 0xFBF0
[568] [M]: 0x800008CC (0xFBF00593) addi a1, zero, 4031
x11 <- 0xFFFFFFBF


mem[X,0x800008D0] -> 0x0513
mem[X,0x800008D2] -> 0x0B41
[569] [M]: 0x800008D0 (0x0B410513) addi a0, sp, 180
x10 <- 0x80003218


mem[X,0x800008D4] -> 0x0293
mem[X,0x800008D6] -> 0x0050
[570] [M]: 0x800008D4 (0x00500293) addi t0, zero, 5
x5 <- 0x00000005


mem[X,0x800008D8] -> 0x0533
mem[X,0x800008DA] -> 0x4055
[571] [M]: 0x800008D8 (0x40550533) sub a0, a0, t0
x10 <- 0x80003213


mem[X,0x800008DC] -> 0x02A3
mem[X,0x800008DE] -> 0x00B5
[572] [M]: 0x800008DC (0x00B502A3) sb a1, 5(a0)
mem[0x80003218] <- 0xBF


mem[X,0x800008E0] -> 0x0013
mem[X,0x800008E2] -> 0x0000
[573] [M]: 0x800008E0 (0x00000013) addi zero, zero, 0


mem[X,0x800008E4] -> 0x0013
mem[X,0x800008E6] -> 0x0000
[574] [M]: 0x800008E4 (0x00000013) addi zero, zero, 0


mem[X,0x800008E8] -> 0x0593
mem[X,0x800008EA] -> 0xF7F0
[575] [M]: 0x800008E8 (0xF7F00593) addi a1, zero, 3967
x11 <- 0xFFFFFF7F


mem[X,0x800008EC] -> 0x0513
mem[X,0x800008EE] -> 0x0B81
[576] [M]: 0x800008EC (0x0B810513) addi a0, sp, 184
x10 <- 0x8000321C


mem[X,0x800008F0] -> 0x0293
mem[X,0x800008F2] -> 0x7FF0
[577] [M]: 0x800008F0 (0x7FF00293) addi t0, zero, 2047
x5 <- 0x000007FF


mem[X,0x800008F4] -> 0x0533
mem[X,0x800008F6] -> 0x4055
[578] [M]: 0x800008F4 (0x40550533) sub a0, a0, t0
x10 <- 0x80002A1D


mem[X,0x800008F8] -> 0x0FA3
mem[X,0x800008FA] -> 0x7EB5
[579] [M]: 0x800008F8 (0x7EB50FA3) sb a1, 2047(a0)
mem[0x8000321C] <- 0x7F


mem[X,0x800008FC] -> 0x0013
mem[X,0x800008FE] -> 0x0000
[580] [M]: 0x800008FC (0x00000013) addi zero, zero, 0


mem[X,0x80000900] -> 0x0013
mem[X,0x80000902] -> 0x0000
[581] [M]: 0x80000900 (0x00000013) addi zero, zero, 0


mem[X,0x80000904] -> 0x0593
mem[X,0x80000906] -> 0xEFF0
[582] [M]: 0x80000904 (0xEFF00593) addi a1, zero, 3839
x11 <- 0xFFFFFEFF


mem[X,0x80000908] -> 0x0513
mem[X,0x8000090A] -> 0x0BC1
[583] [M]: 0x80000908 (0x0BC10513) addi a0, sp, 188
x10 <- 0x80003220


mem[X,0x8000090C] -> 0x0293
mem[X,0x8000090E] -> 0x0050
[584] [M]: 0x8000090C (0x00500293) addi t0, zero, 5
x5 <- 0x00000005


mem[X,0x80000910] -> 0x0533
mem[X,0x80000912] -> 0x4055
[585] [M]: 0x80000910 (0x40550533) sub a0, a0, t0
x10 <- 0x8000321B


mem[X,0x80000914] -> 0x02A3
mem[X,0x80000916] -> 0x00B5
[586] [M]: 0x80000914 (0x00B502A3) sb a1, 5(a0)
mem[0x80003220] <- 0xFF


mem[X,0x80000918] -> 0x0013
mem[X,0x8000091A] -> 0x0000
[587] [M]: 0x80000918 (0x00000013) addi zero, zero, 0


mem[X,0x8000091C] -> 0x0013
mem[X,0x8000091E] -> 0x0000
[588] [M]: 0x8000091C (0x00000013) addi zero, zero, 0


mem[X,0x80000920] -> 0x0593
mem[X,0x80000922] -> 0xDFF0
[589] [M]: 0x80000920 (0xDFF00593) addi a1, zero, 3583
x11 <- 0xFFFFFDFF


mem[X,0x80000924] -> 0x0513
mem[X,0x80000926] -> 0x0C01
[590] [M]: 0x80000924 (0x0C010513) addi a0, sp, 192
x10 <- 0x80003224


mem[X,0x80000928] -> 0x0293
mem[X,0x8000092A] -> 0xFF80
[591] [M]: 0x80000928 (0xFF800293) addi t0, zero, 4088
x5 <- 0xFFFFFFF8


mem[X,0x8000092C] -> 0x0533
mem[X,0x8000092E] -> 0x4055
[592] [M]: 0x8000092C (0x40550533) sub a0, a0, t0
x10 <- 0x8000322C


mem[X,0x80000930] -> 0x0C23
mem[X,0x80000932] -> 0xFEB5
[593] [M]: 0x80000930 (0xFEB50C23) sb a1, 4088(a0)
mem[0x80003224] <- 0xFF


mem[X,0x80000934] -> 0x0013
mem[X,0x80000936] -> 0x0000
[594] [M]: 0x80000934 (0x00000013) addi zero, zero, 0


mem[X,0x80000938] -> 0x0013
mem[X,0x8000093A] -> 0x0000
[595] [M]: 0x80000938 (0x00000013) addi zero, zero, 0


mem[X,0x8000093C] -> 0x0593
mem[X,0x8000093E] -> 0xFDF0
[596] [M]: 0x8000093C (0xFDF00593) addi a1, zero, 4063
x11 <- 0xFFFFFFDF


mem[X,0x80000940] -> 0x0513
mem[X,0x80000942] -> 0x0C51
[597] [M]: 0x80000940 (0x0C510513) addi a0, sp, 197
x10 <- 0x80003229


mem[X,0x80000944] -> 0x0293
mem[X,0x80000946] -> 0x0050
[598] [M]: 0x80000944 (0x00500293) addi t0, zero, 5
x5 <- 0x00000005


mem[X,0x80000948] -> 0x0533
mem[X,0x8000094A] -> 0x4055
[599] [M]: 0x80000948 (0x40550533) sub a0, a0, t0
x10 <- 0x80003224


clint::tick mtime <- 0x0000000000000006
 clint timer pending at mtime 0x0000000000000006
htif::tick 0x0000000000000000
mem[X,0x8000094C] -> 0x02A3
mem[X,0x8000094E] -> 0x00B5
[600] [M]: 0x8000094C (0x00B502A3) sb a1, 5(a0)
mem[0x80003229] <- 0xDF


mem[X,0x80000950] -> 0x0013
mem[X,0x80000952] -> 0x0000
[601] [M]: 0x80000950 (0x00000013) addi zero, zero, 0


mem[X,0x80000954] -> 0x0013
mem[X,0x80000956] -> 0x0000
[602] [M]: 0x80000954 (0x00000013) addi zero, zero, 0


mem[X,0x80000958] -> 0x006F
mem[X,0x8000095A] -> 0x0200
[603] [M]: 0x80000958 (0x0200006F) jal zero, 32


mem[X,0x80000978] -> 0x0093
mem[X,0x8000097A] -> 0x0010
[604] [M]: 0x80000978 (0x00100093) addi ra, zero, 1
x1 <- 0x00000001


mem[X,0x8000097C] -> 0x0F17
mem[X,0x8000097E] -> 0x0000
[605] [M]: 0x8000097C (0x00000F17) auipc t5, 0
x30 <- 0x8000097C


mem[X,0x80000980] -> 0x2223
mem[X,0x80000982] -> 0x681F
[606] [M]: 0x80000980 (0x681F2223) sw ra, 1668(t5)
htif[0x80001000] <- 0x00000001


mem[X,0x80000984] -> 0xF06F
mem[X,0x80000986] -> 0xFF9F
[607] [M]: 0x80000984 (0xFF9FF06F) jal zero, 2097144


mem[X,0x8000097C] -> 0x0F17
mem[X,0x8000097E] -> 0x0000
[608] [M]: 0x8000097C (0x00000F17) auipc t5, 0
x30 <- 0x8000097C


mem[X,0x80000980] -> 0x2223
mem[X,0x80000982] -> 0x681F
[609] [M]: 0x80000980 (0x681F2223) sw ra, 1668(t5)
htif[0x80001000] <- 0x00000001


mem[X,0x80000984] -> 0xF06F
mem[X,0x80000986] -> 0xFF9F
[610] [M]: 0x80000984 (0xFF9FF06F) jal zero, 2097144


mem[X,0x8000097C] -> 0x0F17
mem[X,0x8000097E] -> 0x0000
[611] [M]: 0x8000097C (0x00000F17) auipc t5, 0
x30 <- 0x8000097C


mem[X,0x80000980] -> 0x2223
mem[X,0x80000982] -> 0x681F
[612] [M]: 0x80000980 (0x681F2223) sw ra, 1668(t5)
htif[0x80001000] <- 0x00000001
htif-syscall-proxy cmd: 0x000000000001

SUCCESS
