using /home/abdul_waheed/github_files/UET-Pcore-with-c-ext/verif/riscof_work/src/slli-01.S/ref/Reference-sail_c_simulator.signature for test-signature output.
[Sail] Allocating new block 0x80000000
tohost located at 0x80001000
[Sail] Allocating new block 0x0

Running file ref.elf.
ELF Entry @ 0x80000000
begin_signature: 0x80003110
end_signature: 0x80003280
CSR mstatus <- 0x00000000 (input: 0x00000000)
mem[X,0x00001000] -> 0x0297
mem[X,0x00001002] -> 0x0000
[0] [M]: 0x00001000 (0x00000297) auipc t0, 0
x5 <- 0x00001000


mem[X,0x00001004] -> 0x8593
mem[X,0x00001006] -> 0x0202
[1] [M]: 0x00001004 (0x02028593) addi a1, t0, 32
x11 <- 0x00001020


mem[X,0x00001008] -> 0x2573
mem[X,0x0000100A] -> 0xF140
[2] [M]: 0x00001008 (0xF1402573) csrrs a0, mhartid, zero
CSR mhartid -> 0x00000000
x10 <- 0x00000000


mem[X,0x0000100C] -> 0xA283
mem[X,0x0000100E] -> 0x0182
[3] [M]: 0x0000100C (0x0182A283) lw t0, 24(t0)
mem[R,0x00001018] -> 0x80000000
x5 <- 0x80000000


mem[X,0x00001010] -> 0x8067
mem[X,0x00001012] -> 0x0002
[4] [M]: 0x00001010 (0x00028067) jalr zero, t0, 0


mem[X,0x80000000] -> 0xC0B7
mem[X,0x80000002] -> 0xFEED
[5] [M]: 0x80000000 (0xFEEDC0B7) lui ra, 1044188
x1 <- 0xFEEDC000


mem[X,0x80000004] -> 0x8093
mem[X,0x80000006] -> 0xEAD0
[6] [M]: 0x80000004 (0xEAD08093) addi ra, ra, 3757
x1 <- 0xFEEDBEAD


mem[X,0x80000008] -> 0xE137
mem[X,0x8000000A] -> 0xFF76
[7] [M]: 0x80000008 (0xFF76E137) lui sp, 1046382
x2 <- 0xFF76E000


mem[X,0x8000000C] -> 0x0113
mem[X,0x8000000E] -> 0xF561
[8] [M]: 0x8000000C (0xF5610113) addi sp, sp, 3926
x2 <- 0xFF76DF56


mem[X,0x80000010] -> 0x71B7
mem[X,0x80000012] -> 0x7FBB
[9] [M]: 0x80000010 (0x7FBB71B7) lui gp, 523191
x3 <- 0x7FBB7000


mem[X,0x80000014] -> 0x8193
mem[X,0x80000016] -> 0xFAB1
[10] [M]: 0x80000014 (0xFAB18193) addi gp, gp, 4011
x3 <- 0x7FBB6FAB


mem[X,0x80000018] -> 0xB237
mem[X,0x8000001A] -> 0xBFDD
[11] [M]: 0x80000018 (0xBFDDB237) lui tp, 785883
x4 <- 0xBFDDB000


mem[X,0x8000001C] -> 0x0213
mem[X,0x8000001E] -> 0x7D52
[12] [M]: 0x8000001C (0x7D520213) addi tp, tp, 2005
x4 <- 0xBFDDB7D5


mem[X,0x80000020] -> 0xE2B7
mem[X,0x80000022] -> 0xDFEE
[13] [M]: 0x80000020 (0xDFEEE2B7) lui t0, 917230
x5 <- 0xDFEEE000


mem[X,0x80000024] -> 0x8293
mem[X,0x80000026] -> 0xBEA2
[14] [M]: 0x80000024 (0xBEA28293) addi t0, t0, 3050
x5 <- 0xDFEEDBEA


mem[X,0x80000028] -> 0x7337
mem[X,0x8000002A] -> 0x6FF7
[15] [M]: 0x80000028 (0x6FF77337) lui t1, 458615
x6 <- 0x6FF77000


mem[X,0x8000002C] -> 0x0313
mem[X,0x8000002E] -> 0xDF53
[16] [M]: 0x8000002C (0xDF530313) addi t1, t1, 3573
x6 <- 0x6FF76DF5


mem[X,0x80000030] -> 0xB3B7
mem[X,0x80000032] -> 0xB7FB
[17] [M]: 0x80000030 (0xB7FBB3B7) lui t2, 753595
x7 <- 0xB7FBB000


mem[X,0x80000034] -> 0x8393
mem[X,0x80000036] -> 0x6FA3
[18] [M]: 0x80000034 (0x6FA38393) addi t2, t2, 1786
x7 <- 0xB7FBB6FA


mem[X,0x80000038] -> 0xE437
mem[X,0x8000003A] -> 0x5BFD
[19] [M]: 0x80000038 (0x5BFDE437) lui fp, 376798
x8 <- 0x5BFDE000


mem[X,0x8000003C] -> 0x0413
mem[X,0x8000003E] -> 0xB7D4
[20] [M]: 0x8000003C (0xB7D40413) addi fp, fp, 2941
x8 <- 0x5BFDDB7D


mem[X,0x80000040] -> 0xF4B7
mem[X,0x80000042] -> 0xADFE
[21] [M]: 0x80000040 (0xADFEF4B7) lui s1, 712687
x9 <- 0xADFEF000


mem[X,0x80000044] -> 0x8493
mem[X,0x80000046] -> 0xDBE4
[22] [M]: 0x80000044 (0xDBE48493) addi s1, s1, 3518
x9 <- 0xADFEEDBE


mem[X,0x80000048] -> 0x7537
mem[X,0x8000004A] -> 0x56FF
[23] [M]: 0x80000048 (0x56FF7537) lui a0, 356343
x10 <- 0x56FF7000


mem[X,0x8000004C] -> 0x0513
mem[X,0x8000004E] -> 0x6DF5
[24] [M]: 0x8000004C (0x6DF50513) addi a0, a0, 1759
x10 <- 0x56FF76DF


mem[X,0x80000050] -> 0xC5B7
mem[X,0x80000052] -> 0xAB7F
[25] [M]: 0x80000050 (0xAB7FC5B7) lui a1, 702460
x11 <- 0xAB7FC000


mem[X,0x80000054] -> 0x8593
mem[X,0x80000056] -> 0xB6F5
[26] [M]: 0x80000054 (0xB6F58593) addi a1, a1, 2927
x11 <- 0xAB7FBB6F


mem[X,0x80000058] -> 0xE637
mem[X,0x8000005A] -> 0xD5BF
[27] [M]: 0x80000058 (0xD5BFE637) lui a2, 875518
x12 <- 0xD5BFE000


mem[X,0x8000005C] -> 0x0613
mem[X,0x8000005E] -> 0xDB76
[28] [M]: 0x8000005C (0xDB760613) addi a2, a2, 3511
x12 <- 0xD5BFDDB7


mem[X,0x80000060] -> 0xF6B7
mem[X,0x80000062] -> 0xEADF
[29] [M]: 0x80000060 (0xEADFF6B7) lui a3, 962047
x13 <- 0xEADFF000


mem[X,0x80000064] -> 0x8693
mem[X,0x80000066] -> 0xEDB6
[30] [M]: 0x80000064 (0xEDB68693) addi a3, a3, 3803
x13 <- 0xEADFEEDB


mem[X,0x80000068] -> 0xF737
mem[X,0x8000006A] -> 0xF56F
[31] [M]: 0x80000068 (0xF56FF737) lui a4, 1005311
x14 <- 0xF56FF000


mem[X,0x8000006C] -> 0x0713
mem[X,0x8000006E] -> 0x76D7
[32] [M]: 0x8000006C (0x76D70713) addi a4, a4, 1901
x14 <- 0xF56FF76D


mem[X,0x80000070] -> 0x07B7
mem[X,0x80000072] -> 0xFAB8
[33] [M]: 0x80000070 (0xFAB807B7) lui a5, 1026944
x15 <- 0xFAB80000


mem[X,0x80000074] -> 0x8793
mem[X,0x80000076] -> 0xBB67
[34] [M]: 0x80000074 (0xBB678793) addi a5, a5, 2998
x15 <- 0xFAB7FBB6


mem[X,0x80000078] -> 0x0837
mem[X,0x8000007A] -> 0x7D5C
[35] [M]: 0x80000078 (0x7D5C0837) lui a6, 513472
x16 <- 0x7D5C0000


mem[X,0x8000007C] -> 0x0813
mem[X,0x8000007E] -> 0xDDB8
[36] [M]: 0x8000007C (0xDDB80813) addi a6, a6, 3547
x16 <- 0x7D5BFDDB


mem[X,0x80000080] -> 0x08B7
mem[X,0x80000082] -> 0xBEAE
[37] [M]: 0x80000080 (0xBEAE08B7) lui a7, 781024
x17 <- 0xBEAE0000


mem[X,0x80000084] -> 0x8893
mem[X,0x80000086] -> 0xEED8
[38] [M]: 0x80000084 (0xEED88893) addi a7, a7, 3821
x17 <- 0xBEADFEED


mem[X,0x80000088] -> 0x0937
mem[X,0x8000008A] -> 0xDF57
[39] [M]: 0x80000088 (0xDF570937) lui s2, 914800
x18 <- 0xDF570000


mem[X,0x8000008C] -> 0x0913
mem[X,0x8000008E] -> 0xF769
[40] [M]: 0x8000008C (0xF7690913) addi s2, s2, 3958
x18 <- 0xDF56FF76


mem[X,0x80000090] -> 0x89B7
mem[X,0x80000092] -> 0x6FAB
[41] [M]: 0x80000090 (0x6FAB89B7) lui s3, 457400
x19 <- 0x6FAB8000


mem[X,0x80000094] -> 0x8993
mem[X,0x80000096] -> 0xFBB9
[42] [M]: 0x80000094 (0xFBB98993) addi s3, s3, 4027
x19 <- 0x6FAB7FBB


mem[X,0x80000098] -> 0xCA37
mem[X,0x8000009A] -> 0xB7D5
[43] [M]: 0x80000098 (0xB7D5CA37) lui s4, 752988
x20 <- 0xB7D5C000


mem[X,0x8000009C] -> 0x0A13
mem[X,0x8000009E] -> 0xFDDA
[44] [M]: 0x8000009C (0xFDDA0A13) addi s4, s4, 4061
x20 <- 0xB7D5BFDD


mem[X,0x800000A0] -> 0xEAB7
mem[X,0x800000A2] -> 0xDBEA
[45] [M]: 0x800000A0 (0xDBEAEAB7) lui s5, 900782
x21 <- 0xDBEAE000


mem[X,0x800000A4] -> 0x8A93
mem[X,0x800000A6] -> 0xFEEA
[46] [M]: 0x800000A4 (0xFEEA8A93) addi s5, s5, 4078
x21 <- 0xDBEADFEE


mem[X,0x800000A8] -> 0x7B37
mem[X,0x800000AA] -> 0x6DF5
[47] [M]: 0x800000A8 (0x6DF57B37) lui s6, 450391
x22 <- 0x6DF57000


mem[X,0x800000AC] -> 0x0B13
mem[X,0x800000AE] -> 0xFF7B
[48] [M]: 0x800000AC (0xFF7B0B13) addi s6, s6, 4087
x22 <- 0x6DF56FF7


mem[X,0x800000B0] -> 0xBBB7
mem[X,0x800000B2] -> 0xB6FA
[49] [M]: 0x800000B0 (0xB6FABBB7) lui s7, 749483
x23 <- 0xB6FAB000


mem[X,0x800000B4] -> 0x8B93
mem[X,0x800000B6] -> 0x7FBB
[50] [M]: 0x800000B4 (0x7FBB8B93) addi s7, s7, 2043
x23 <- 0xB6FAB7FB


mem[X,0x800000B8] -> 0x6C37
mem[X,0x800000BA] -> 0xDB7D
[51] [M]: 0x800000B8 (0xDB7D6C37) lui s8, 899030
x24 <- 0xDB7D6000


mem[X,0x800000BC] -> 0x0C13
mem[X,0x800000BE] -> 0xBFDC
[52] [M]: 0x800000BC (0xBFDC0C13) addi s8, s8, 3069
x24 <- 0xDB7D5BFD


mem[X,0x800000C0] -> 0xBCB7
mem[X,0x800000C2] -> 0xEDBE
[53] [M]: 0x800000C0 (0xEDBEBCB7) lui s9, 973803
x25 <- 0xEDBEB000


mem[X,0x800000C4] -> 0x8C93
mem[X,0x800000C6] -> 0xDFEC
[54] [M]: 0x800000C4 (0xDFEC8C93) addi s9, s9, 3582
x25 <- 0xEDBEADFE


mem[X,0x800000C8] -> 0x5D37
mem[X,0x800000CA] -> 0x76DF
[55] [M]: 0x800000C8 (0x76DF5D37) lui s10, 486901
x26 <- 0x76DF5000


mem[X,0x800000CC] -> 0x0D13
mem[X,0x800000CE] -> 0x6FFD
[56] [M]: 0x800000CC (0x6FFD0D13) addi s10, s10, 1791
x26 <- 0x76DF56FF


mem[X,0x800000D0] -> 0xBDB7
mem[X,0x800000D2] -> 0xBB6F
[57] [M]: 0x800000D0 (0xBB6FBDB7) lui s11, 767739
x27 <- 0xBB6FB000


mem[X,0x800000D4] -> 0x8D93
mem[X,0x800000D6] -> 0xB7FD
[58] [M]: 0x800000D4 (0xB7FD8D93) addi s11, s11, 2943
x27 <- 0xBB6FAB7F


mem[X,0x800000D8] -> 0xDE37
mem[X,0x800000DA] -> 0xDDB7
[59] [M]: 0x800000D8 (0xDDB7DE37) lui t3, 908157
x28 <- 0xDDB7D000


mem[X,0x800000DC] -> 0x0E13
mem[X,0x800000DE] -> 0x5BFE
[60] [M]: 0x800000DC (0x5BFE0E13) addi t3, t3, 1471
x28 <- 0xDDB7D5BF


mem[X,0x800000E0] -> 0xFEB7
mem[X,0x800000E2] -> 0xEEDB
[61] [M]: 0x800000E0 (0xEEDBFEB7) lui t4, 978367
x29 <- 0xEEDBF000


mem[X,0x800000E4] -> 0x8E93
mem[X,0x800000E6] -> 0xADFE
[62] [M]: 0x800000E4 (0xADFE8E93) addi t4, t4, 2783
x29 <- 0xEEDBEADF


mem[X,0x800000E8] -> 0xFF37
mem[X,0x800000EA] -> 0xF76D
[63] [M]: 0x800000E8 (0xF76DFF37) lui t5, 1013471
x30 <- 0xF76DF000


mem[X,0x800000EC] -> 0x0F13
mem[X,0x800000EE] -> 0x56FF
[64] [M]: 0x800000EC (0x56FF0F13) addi t5, t5, 1391
x30 <- 0xF76DF56F


mem[X,0x800000F0] -> 0x0FB7
mem[X,0x800000F2] -> 0xFBB7
[65] [M]: 0x800000F0 (0xFBB70FB7) lui t6, 1031024
x31 <- 0xFBB70000


mem[X,0x800000F4] -> 0x8F93
mem[X,0x800000F6] -> 0xAB7F
[66] [M]: 0x800000F4 (0xAB7F8F93) addi t6, t6, 2743
x31 <- 0xFBB6FAB7


mem[X,0x800000F8] -> 0x0013
mem[X,0x800000FA] -> 0x0000
[67] [M]: 0x800000F8 (0x00000013) addi zero, zero, 0


mem[X,0x800000FC] -> 0x0013
mem[X,0x800000FE] -> 0x0000
[68] [M]: 0x800000FC (0x00000013) addi zero, zero, 0


mem[X,0x80000100] -> 0x3197
mem[X,0x80000102] -> 0x0000
[69] [M]: 0x80000100 (0x00003197) auipc gp, 3
x3 <- 0x80003100


mem[X,0x80000104] -> 0x8193
mem[X,0x80000106] -> 0x0141
[70] [M]: 0x80000104 (0x01418193) addi gp, gp, 20
x3 <- 0x80003114


mem[X,0x80000108] -> 0x0013
mem[X,0x8000010A] -> 0x0000
[71] [M]: 0x80000108 (0x00000013) addi zero, zero, 0


mem[X,0x8000010C] -> 0x0013
mem[X,0x8000010E] -> 0x0000
[72] [M]: 0x8000010C (0x00000013) addi zero, zero, 0


mem[X,0x80000110] -> 0x0013
mem[X,0x80000112] -> 0x0000
[73] [M]: 0x80000110 (0x00000013) addi zero, zero, 0


mem[X,0x80000114] -> 0x0013
mem[X,0x80000116] -> 0x0000
[74] [M]: 0x80000114 (0x00000013) addi zero, zero, 0


mem[X,0x80000118] -> 0x0013
mem[X,0x8000011A] -> 0x0000
[75] [M]: 0x80000118 (0x00000013) addi zero, zero, 0


mem[X,0x8000011C] -> 0x0013
mem[X,0x8000011E] -> 0x0000
[76] [M]: 0x8000011C (0x00000013) addi zero, zero, 0


mem[X,0x80000120] -> 0x08B7
mem[X,0x80000122] -> 0xC000
[77] [M]: 0x80000120 (0xC00008B7) lui a7, 786432
x17 <- 0xC0000000


mem[X,0x80000124] -> 0x8893
mem[X,0x80000126] -> 0xFFF8
[78] [M]: 0x80000124 (0xFFF88893) addi a7, a7, 4095
x17 <- 0xBFFFFFFF


mem[X,0x80000128] -> 0x9D93
mem[X,0x8000012A] -> 0x01D8
[79] [M]: 0x80000128 (0x01D89D93) slli s11, a7, 29
x27 <- 0xE0000000


mem[X,0x8000012C] -> 0xA023
mem[X,0x8000012E] -> 0x01B1
[80] [M]: 0x8000012C (0x01B1A023) sw s11, 0(gp)
mem[0x80003114] <- 0xE0000000


mem[X,0x80000130] -> 0x6D37
mem[X,0x80000132] -> 0x6666
[81] [M]: 0x80000130 (0x66666D37) lui s10, 419430
x26 <- 0x66666000


mem[X,0x80000134] -> 0x0D13
mem[X,0x80000136] -> 0x666D
[82] [M]: 0x80000134 (0x666D0D13) addi s10, s10, 1638
x26 <- 0x66666666


mem[X,0x80000138] -> 0x1D13
mem[X,0x8000013A] -> 0x00FD
[83] [M]: 0x80000138 (0x00FD1D13) slli s10, s10, 15
x26 <- 0x33330000


mem[X,0x8000013C] -> 0xA223
mem[X,0x8000013E] -> 0x01A1
[84] [M]: 0x8000013C (0x01A1A223) sw s10, 4(gp)
mem[0x80003118] <- 0x33330000


mem[X,0x80000140] -> 0x0B37
mem[X,0x80000142] -> 0xFFFF
[85] [M]: 0x80000140 (0xFFFF0B37) lui s6, 1048560
x22 <- 0xFFFF0000


mem[X,0x80000144] -> 0x0B13
mem[X,0x80000146] -> 0xFFFB
[86] [M]: 0x80000144 (0xFFFB0B13) addi s6, s6, 4095
x22 <- 0xFFFEFFFF


mem[X,0x80000148] -> 0x1593
mem[X,0x8000014A] -> 0x000B
[87] [M]: 0x80000148 (0x000B1593) slli a1, s6, 0
x11 <- 0xFFFEFFFF


mem[X,0x8000014C] -> 0xA423
mem[X,0x8000014E] -> 0x00B1
[88] [M]: 0x8000014C (0x00B1A423) sw a1, 8(gp)
mem[0x8000311C] <- 0xFFFEFFFF


mem[X,0x80000150] -> 0x0793
mem[X,0x80000152] -> 0x0040
[89] [M]: 0x80000150 (0x00400793) addi a5, zero, 4
x15 <- 0x00000004


mem[X,0x80000154] -> 0x9313
mem[X,0x80000156] -> 0x0007
[90] [M]: 0x80000154 (0x00079313) slli t1, a5, 0
x6 <- 0x00000004


mem[X,0x80000158] -> 0xA623
mem[X,0x8000015A] -> 0x0061
[91] [M]: 0x80000158 (0x0061A623) sw t1, 12(gp)
mem[0x80003120] <- 0x00000004


mem[X,0x8000015C] -> 0x04B7
mem[X,0x8000015E] -> 0xFFC0
[92] [M]: 0x8000015C (0xFFC004B7) lui s1, 1047552
x9 <- 0xFFC00000


mem[X,0x80000160] -> 0x8493
mem[X,0x80000162] -> 0xFFF4
[93] [M]: 0x80000160 (0xFFF48493) addi s1, s1, 4095
x9 <- 0xFFBFFFFF


mem[X,0x80000164] -> 0x9813
mem[X,0x80000166] -> 0x01F4
[94] [M]: 0x80000164 (0x01F49813) slli a6, s1, 31
x16 <- 0x80000000


mem[X,0x80000168] -> 0xA823
mem[X,0x8000016A] -> 0x0101
[95] [M]: 0x80000168 (0x0101A823) sw a6, 16(gp)
mem[0x80003124] <- 0x80000000


mem[X,0x8000016C] -> 0x0593
mem[X,0x8000016E] -> 0x0040
[96] [M]: 0x8000016C (0x00400593) addi a1, zero, 4
x11 <- 0x00000004


mem[X,0x80000170] -> 0x9A13
mem[X,0x80000172] -> 0x01F5
[97] [M]: 0x80000170 (0x01F59A13) slli s4, a1, 31
x20 <- 0x00000000


mem[X,0x80000174] -> 0xAA23
mem[X,0x80000176] -> 0x0141
[98] [M]: 0x80000174 (0x0141AA23) sw s4, 20(gp)
mem[0x80003128] <- 0x00000000


mem[X,0x80000178] -> 0x0093
mem[X,0x8000017A] -> 0x0080
[99] [M]: 0x80000178 (0x00800093) addi ra, zero, 8
x1 <- 0x00000008


clint::tick mtime <- 0x0000000000000001
 clint timer pending at mtime 0x0000000000000001
htif::tick 0x0000000000000000
mem[X,0x8000017C] -> 0x9993
mem[X,0x8000017E] -> 0x0080
[100] [M]: 0x8000017C (0x00809993) slli s3, ra, 8
x19 <- 0x00000800


mem[X,0x80000180] -> 0xAC23
mem[X,0x80000182] -> 0x0131
[101] [M]: 0x80000180 (0x0131AC23) sw s3, 24(gp)
mem[0x8000312C] <- 0x00000800


mem[X,0x80000184] -> 0x09B7
mem[X,0x80000186] -> 0x8000
[102] [M]: 0x80000184 (0x800009B7) lui s3, 524288
x19 <- 0x80000000


mem[X,0x80000188] -> 0x9C93
mem[X,0x8000018A] -> 0x0109
[103] [M]: 0x80000188 (0x01099C93) slli s9, s3, 16
x25 <- 0x00000000


mem[X,0x8000018C] -> 0xAE23
mem[X,0x8000018E] -> 0x0191
[104] [M]: 0x8000018C (0x0191AE23) sw s9, 28(gp)
mem[0x80003130] <- 0x00000000


mem[X,0x80000190] -> 0x0413
mem[X,0x80000192] -> 0x0000
[105] [M]: 0x80000190 (0x00000413) addi fp, zero, 0
x8 <- 0x00000000


mem[X,0x80000194] -> 0x1613
mem[X,0x80000196] -> 0x00C4
[106] [M]: 0x80000194 (0x00C41613) slli a2, fp, 12
x12 <- 0x00000000


mem[X,0x80000198] -> 0xA023
mem[X,0x8000019A] -> 0x02C1
[107] [M]: 0x80000198 (0x02C1A023) sw a2, 32(gp)
mem[0x80003134] <- 0x00000000


mem[X,0x8000019C] -> 0x0DB7
mem[X,0x8000019E] -> 0x8000
[108] [M]: 0x8000019C (0x80000DB7) lui s11, 524288
x27 <- 0x80000000


mem[X,0x800001A0] -> 0x8D93
mem[X,0x800001A2] -> 0xFFFD
[109] [M]: 0x800001A0 (0xFFFD8D93) addi s11, s11, 4095
x27 <- 0x7FFFFFFF


mem[X,0x800001A4] -> 0x9F13
mem[X,0x800001A6] -> 0x008D
[110] [M]: 0x800001A4 (0x008D9F13) slli t5, s11, 8
x30 <- 0xFFFFFF00


mem[X,0x800001A8] -> 0xA223
mem[X,0x800001AA] -> 0x03E1
[111] [M]: 0x800001A8 (0x03E1A223) sw t5, 36(gp)
mem[0x80003138] <- 0xFFFFFF00


mem[X,0x800001AC] -> 0x0113
mem[X,0x800001AE] -> 0x0010
[112] [M]: 0x800001AC (0x00100113) addi sp, zero, 1
x2 <- 0x00000001


mem[X,0x800001B0] -> 0x1213
mem[X,0x800001B2] -> 0x0011
[113] [M]: 0x800001B0 (0x00111213) slli tp, sp, 1
x4 <- 0x00000002


mem[X,0x800001B4] -> 0xA423
mem[X,0x800001B6] -> 0x0241
[114] [M]: 0x800001B4 (0x0241A423) sw tp, 40(gp)
mem[0x8000313C] <- 0x00000002


mem[X,0x800001B8] -> 0x0F93
mem[X,0x800001BA] -> 0x0020
[115] [M]: 0x800001B8 (0x00200F93) addi t6, zero, 2
x31 <- 0x00000002


mem[X,0x800001BC] -> 0x9713
mem[X,0x800001BE] -> 0x006F
[116] [M]: 0x800001BC (0x006F9713) slli a4, t6, 6
x14 <- 0x00000080


mem[X,0x800001C0] -> 0xA623
mem[X,0x800001C2] -> 0x02E1
[117] [M]: 0x800001C0 (0x02E1A623) sw a4, 44(gp)
mem[0x80003140] <- 0x00000080


mem[X,0x800001C4] -> 0x0C13
mem[X,0x800001C6] -> 0x0100
[118] [M]: 0x800001C4 (0x01000C13) addi s8, zero, 16
x24 <- 0x00000010


mem[X,0x800001C8] -> 0x1893
mem[X,0x800001CA] -> 0x00EC
[119] [M]: 0x800001C8 (0x00EC1893) slli a7, s8, 14
x17 <- 0x00040000


mem[X,0x800001CC] -> 0xA823
mem[X,0x800001CE] -> 0x0311
[120] [M]: 0x800001CC (0x0311A823) sw a7, 48(gp)
mem[0x80003144] <- 0x00040000


mem[X,0x800001D0] -> 0x0213
mem[X,0x800001D2] -> 0x0200
[121] [M]: 0x800001D0 (0x02000213) addi tp, zero, 32
x4 <- 0x00000020


mem[X,0x800001D4] -> 0x1513
mem[X,0x800001D6] -> 0x0032
[122] [M]: 0x800001D4 (0x00321513) slli a0, tp, 3
x10 <- 0x00000100


mem[X,0x800001D8] -> 0xAA23
mem[X,0x800001DA] -> 0x02A1
[123] [M]: 0x800001D8 (0x02A1AA23) sw a0, 52(gp)
mem[0x80003148] <- 0x00000100


mem[X,0x800001DC] -> 0x0913
mem[X,0x800001DE] -> 0x0400
[124] [M]: 0x800001DC (0x04000913) addi s2, zero, 64
x18 <- 0x00000040


mem[X,0x800001E0] -> 0x1113
mem[X,0x800001E2] -> 0x0159
[125] [M]: 0x800001E0 (0x01591113) slli sp, s2, 21
x2 <- 0x08000000


mem[X,0x800001E4] -> 0xAC23
mem[X,0x800001E6] -> 0x0221
[126] [M]: 0x800001E4 (0x0221AC23) sw sp, 56(gp)
mem[0x8000314C] <- 0x08000000


mem[X,0x800001E8] -> 0x0293
mem[X,0x800001EA] -> 0x0800
[127] [M]: 0x800001E8 (0x08000293) addi t0, zero, 128
x5 <- 0x00000080


mem[X,0x800001EC] -> 0x9B93
mem[X,0x800001EE] -> 0x0152
[128] [M]: 0x800001EC (0x01529B93) slli s7, t0, 21
x23 <- 0x10000000


mem[X,0x800001F0] -> 0xAE23
mem[X,0x800001F2] -> 0x0371
[129] [M]: 0x800001F0 (0x0371AE23) sw s7, 60(gp)
mem[0x80003150] <- 0x10000000


mem[X,0x800001F4] -> 0x0693
mem[X,0x800001F6] -> 0x1000
[130] [M]: 0x800001F4 (0x10000693) addi a3, zero, 256
x13 <- 0x00000100


mem[X,0x800001F8] -> 0x9413
mem[X,0x800001FA] -> 0x0016
[131] [M]: 0x800001F8 (0x00169413) slli fp, a3, 1
x8 <- 0x00000200


mem[X,0x800001FC] -> 0xA023
mem[X,0x800001FE] -> 0x0481
[132] [M]: 0x800001FC (0x0481A023) sw fp, 64(gp)
mem[0x80003154] <- 0x00000200


mem[X,0x80000200] -> 0x0A13
mem[X,0x80000202] -> 0x2000
[133] [M]: 0x80000200 (0x20000A13) addi s4, zero, 512
x20 <- 0x00000200


mem[X,0x80000204] -> 0x1013
mem[X,0x80000206] -> 0x000A
[134] [M]: 0x80000204 (0x000A1013) slli zero, s4, 0


mem[X,0x80000208] -> 0xA223
mem[X,0x8000020A] -> 0x0401
[135] [M]: 0x80000208 (0x0401A223) sw zero, 68(gp)
mem[0x80003158] <- 0x00000000


mem[X,0x8000020C] -> 0x0813
mem[X,0x8000020E] -> 0x4000
[136] [M]: 0x8000020C (0x40000813) addi a6, zero, 1024
x16 <- 0x00000400


mem[X,0x80000210] -> 0x1493
mem[X,0x80000212] -> 0x0028
[137] [M]: 0x80000210 (0x00281493) slli s1, a6, 2
x9 <- 0x00001000


mem[X,0x80000214] -> 0xA423
mem[X,0x80000216] -> 0x0491
[138] [M]: 0x80000214 (0x0491A423) sw s1, 72(gp)
mem[0x8000315C] <- 0x00001000


mem[X,0x80000218] -> 0x1AB7
mem[X,0x8000021A] -> 0x0000
[139] [M]: 0x80000218 (0x00001AB7) lui s5, 1
x21 <- 0x00001000


mem[X,0x8000021C] -> 0x8A93
mem[X,0x8000021E] -> 0x800A
[140] [M]: 0x8000021C (0x800A8A93) addi s5, s5, 2048
x21 <- 0x00000800


mem[X,0x80000220] -> 0x9293
mem[X,0x80000222] -> 0x013A
[141] [M]: 0x80000220 (0x013A9293) slli t0, s5, 19
x5 <- 0x40000000


mem[X,0x80000224] -> 0xA623
mem[X,0x80000226] -> 0x0451
[142] [M]: 0x80000224 (0x0451A623) sw t0, 76(gp)
mem[0x80003160] <- 0x40000000


mem[X,0x80000228] -> 0x1BB7
mem[X,0x8000022A] -> 0x0000
[143] [M]: 0x80000228 (0x00001BB7) lui s7, 1
x23 <- 0x00001000


mem[X,0x8000022C] -> 0x9093
mem[X,0x8000022E] -> 0x007B
[144] [M]: 0x8000022C (0x007B9093) slli ra, s7, 7
x1 <- 0x00080000


mem[X,0x80000230] -> 0xA823
mem[X,0x80000232] -> 0x0411
[145] [M]: 0x80000230 (0x0411A823) sw ra, 80(gp)
mem[0x80003164] <- 0x00080000


mem[X,0x80000234] -> 0x2637
mem[X,0x80000236] -> 0x0000
[146] [M]: 0x80000234 (0x00002637) lui a2, 2
x12 <- 0x00002000


mem[X,0x80000238] -> 0x1913
mem[X,0x8000023A] -> 0x0106
[147] [M]: 0x80000238 (0x01061913) slli s2, a2, 16
x18 <- 0x20000000


mem[X,0x8000023C] -> 0xAA23
mem[X,0x8000023E] -> 0x0521
[148] [M]: 0x8000023C (0x0521AA23) sw s2, 84(gp)
mem[0x80003168] <- 0x20000000


mem[X,0x80000240] -> 0x4EB7
mem[X,0x80000242] -> 0x0000
[149] [M]: 0x80000240 (0x00004EB7) lui t4, 4
x29 <- 0x00004000


mem[X,0x80000244] -> 0x9793
mem[X,0x80000246] -> 0x00BE
[150] [M]: 0x80000244 (0x00BE9793) slli a5, t4, 11
x15 <- 0x02000000


mem[X,0x80000248] -> 0xAC23
mem[X,0x8000024A] -> 0x04F1
[151] [M]: 0x80000248 (0x04F1AC23) sw a5, 88(gp)
mem[0x8000316C] <- 0x02000000


mem[X,0x8000024C] -> 0x0013
mem[X,0x8000024E] -> 0x0000
[152] [M]: 0x8000024C (0x00000013) addi zero, zero, 0


mem[X,0x80000250] -> 0x0013
mem[X,0x80000252] -> 0x0000
[153] [M]: 0x80000250 (0x00000013) addi zero, zero, 0


mem[X,0x80000254] -> 0x0013
mem[X,0x80000256] -> 0x0000
[154] [M]: 0x80000254 (0x00000013) addi zero, zero, 0


mem[X,0x80000258] -> 0x0013
mem[X,0x8000025A] -> 0x0000
[155] [M]: 0x80000258 (0x00000013) addi zero, zero, 0


mem[X,0x8000025C] -> 0x0013
mem[X,0x8000025E] -> 0x0000
[156] [M]: 0x8000025C (0x00000013) addi zero, zero, 0


mem[X,0x80000260] -> 0x3097
mem[X,0x80000262] -> 0x0000
[157] [M]: 0x80000260 (0x00003097) auipc ra, 3
x1 <- 0x80003260


mem[X,0x80000264] -> 0x8093
mem[X,0x80000266] -> 0xF100
[158] [M]: 0x80000264 (0xF1008093) addi ra, ra, 3856
x1 <- 0x80003170


mem[X,0x80000268] -> 0x0013
mem[X,0x8000026A] -> 0x0000
[159] [M]: 0x80000268 (0x00000013) addi zero, zero, 0


mem[X,0x8000026C] -> 0x0013
mem[X,0x8000026E] -> 0x0000
[160] [M]: 0x8000026C (0x00000013) addi zero, zero, 0


mem[X,0x80000270] -> 0x0013
mem[X,0x80000272] -> 0x0000
[161] [M]: 0x80000270 (0x00000013) addi zero, zero, 0


mem[X,0x80000274] -> 0x0013
mem[X,0x80000276] -> 0x0000
[162] [M]: 0x80000274 (0x00000013) addi zero, zero, 0


mem[X,0x80000278] -> 0x0013
mem[X,0x8000027A] -> 0x0000
[163] [M]: 0x80000278 (0x00000013) addi zero, zero, 0


mem[X,0x8000027C] -> 0x0013
mem[X,0x8000027E] -> 0x0000
[164] [M]: 0x8000027C (0x00000013) addi zero, zero, 0


mem[X,0x80000280] -> 0x81B7
mem[X,0x80000282] -> 0x0000
[165] [M]: 0x80000280 (0x000081B7) lui gp, 8
x3 <- 0x00008000


mem[X,0x80000284] -> 0x9A93
mem[X,0x80000286] -> 0x0171
[166] [M]: 0x80000284 (0x01719A93) slli s5, gp, 23
x21 <- 0x00000000


mem[X,0x80000288] -> 0xA023
mem[X,0x8000028A] -> 0x0150
[167] [M]: 0x80000288 (0x0150A023) sw s5, 0(ra)
mem[0x80003170] <- 0x00000000


mem[X,0x8000028C] -> 0x0013
mem[X,0x8000028E] -> 0x0000
[168] [M]: 0x8000028C (0x00000013) addi zero, zero, 0


mem[X,0x80000290] -> 0x1F93
mem[X,0x80000292] -> 0x0010
[169] [M]: 0x80000290 (0x00101F93) slli t6, zero, 1
x31 <- 0x00000000


mem[X,0x80000294] -> 0xA223
mem[X,0x80000296] -> 0x01F0
[170] [M]: 0x80000294 (0x01F0A223) sw t6, 4(ra)
mem[0x80003174] <- 0x00000000


mem[X,0x80000298] -> 0x0737
mem[X,0x8000029A] -> 0x0002
[171] [M]: 0x80000298 (0x00020737) lui a4, 32
x14 <- 0x00020000


mem[X,0x8000029C] -> 0x1193
mem[X,0x8000029E] -> 0x01B7
[172] [M]: 0x8000029C (0x01B71193) slli gp, a4, 27
x3 <- 0x00000000


mem[X,0x800002A0] -> 0xA423
mem[X,0x800002A2] -> 0x0030
[173] [M]: 0x800002A0 (0x0030A423) sw gp, 8(ra)
mem[0x80003178] <- 0x00000000


mem[X,0x800002A4] -> 0x0CB7
mem[X,0x800002A6] -> 0x0004
[174] [M]: 0x800002A4 (0x00040CB7) lui s9, 64
x25 <- 0x00040000


mem[X,0x800002A8] -> 0x9C13
mem[X,0x800002AA] -> 0x01FC
[175] [M]: 0x800002A8 (0x01FC9C13) slli s8, s9, 31
x24 <- 0x00000000


mem[X,0x800002AC] -> 0xA623
mem[X,0x800002AE] -> 0x0180
[176] [M]: 0x800002AC (0x0180A623) sw s8, 12(ra)
mem[0x8000317C] <- 0x00000000


mem[X,0x800002B0] -> 0x0F37
mem[X,0x800002B2] -> 0x0008
[177] [M]: 0x800002B0 (0x00080F37) lui t5, 128
x30 <- 0x00080000


mem[X,0x800002B4] -> 0x1E93
mem[X,0x800002B6] -> 0x00FF
[178] [M]: 0x800002B4 (0x00FF1E93) slli t4, t5, 15
x29 <- 0x00000000


mem[X,0x800002B8] -> 0xA823
mem[X,0x800002BA] -> 0x01D0
[179] [M]: 0x800002B8 (0x01D0A823) sw t4, 16(ra)
mem[0x80003180] <- 0x00000000


mem[X,0x800002BC] -> 0x0E37
mem[X,0x800002BE] -> 0x0010
[180] [M]: 0x800002BC (0x00100E37) lui t3, 256
x28 <- 0x00100000


mem[X,0x800002C0] -> 0x1693
mem[X,0x800002C2] -> 0x017E
[181] [M]: 0x800002C0 (0x017E1693) slli a3, t3, 23
x13 <- 0x00000000


mem[X,0x800002C4] -> 0xAA23
mem[X,0x800002C6] -> 0x00D0
[182] [M]: 0x800002C4 (0x00D0AA23) sw a3, 20(ra)
mem[0x80003184] <- 0x00000000


mem[X,0x800002C8] -> 0x0537
mem[X,0x800002CA] -> 0x0020
[183] [M]: 0x800002C8 (0x00200537) lui a0, 512
x10 <- 0x00200000


mem[X,0x800002CC] -> 0x1393
mem[X,0x800002CE] -> 0x0075
[184] [M]: 0x800002CC (0x00751393) slli t2, a0, 7
x7 <- 0x10000000


mem[X,0x800002D0] -> 0xAC23
mem[X,0x800002D2] -> 0x0070
[185] [M]: 0x800002D0 (0x0070AC23) sw t2, 24(ra)
mem[0x80003188] <- 0x10000000


mem[X,0x800002D4] -> 0x03B7
mem[X,0x800002D6] -> 0x0040
[186] [M]: 0x800002D4 (0x004003B7) lui t2, 1024
x7 <- 0x00400000


mem[X,0x800002D8] -> 0x9B13
mem[X,0x800002DA] -> 0x01D3
[187] [M]: 0x800002D8 (0x01D39B13) slli s6, t2, 29
x22 <- 0x00000000


mem[X,0x800002DC] -> 0xAE23
mem[X,0x800002DE] -> 0x0160
[188] [M]: 0x800002DC (0x0160AE23) sw s6, 28(ra)
mem[0x8000318C] <- 0x00000000


mem[X,0x800002E0] -> 0x0337
mem[X,0x800002E2] -> 0x0080
[189] [M]: 0x800002E0 (0x00800337) lui t1, 2048
x6 <- 0x00800000


mem[X,0x800002E4] -> 0x1E13
mem[X,0x800002E6] -> 0x0023
[190] [M]: 0x800002E4 (0x00231E13) slli t3, t1, 2
x28 <- 0x02000000


mem[X,0x800002E8] -> 0xA023
mem[X,0x800002EA] -> 0x03C0
[191] [M]: 0x800002E8 (0x03C0A023) sw t3, 32(ra)
mem[0x80003190] <- 0x02000000


mem[X,0x800002EC] -> 0x0537
mem[X,0x800002EE] -> 0x0100
[192] [M]: 0x800002EC (0x01000537) lui a0, 4096
x10 <- 0x01000000


mem[X,0x800002F0] -> 0x1593
mem[X,0x800002F2] -> 0x0065
[193] [M]: 0x800002F0 (0x00651593) slli a1, a0, 6
x11 <- 0x40000000


mem[X,0x800002F4] -> 0xA223
mem[X,0x800002F6] -> 0x02B0
[194] [M]: 0x800002F4 (0x02B0A223) sw a1, 36(ra)
mem[0x80003194] <- 0x40000000


mem[X,0x800002F8] -> 0x0537
mem[X,0x800002FA] -> 0x0200
[195] [M]: 0x800002F8 (0x02000537) lui a0, 8192
x10 <- 0x02000000


mem[X,0x800002FC] -> 0x1593
mem[X,0x800002FE] -> 0x0055
[196] [M]: 0x800002FC (0x00551593) slli a1, a0, 5
x11 <- 0x40000000


mem[X,0x80000300] -> 0xA423
mem[X,0x80000302] -> 0x02B0
[197] [M]: 0x80000300 (0x02B0A423) sw a1, 40(ra)
mem[0x80003198] <- 0x40000000


mem[X,0x80000304] -> 0x0537
mem[X,0x80000306] -> 0x0400
[198] [M]: 0x80000304 (0x04000537) lui a0, 16384
x10 <- 0x04000000


mem[X,0x80000308] -> 0x1593
mem[X,0x8000030A] -> 0x0115
[199] [M]: 0x80000308 (0x01151593) slli a1, a0, 17
x11 <- 0x00000000


clint::tick mtime <- 0x0000000000000002
 clint timer pending at mtime 0x0000000000000002
htif::tick 0x0000000000000000
mem[X,0x8000030C] -> 0xA623
mem[X,0x8000030E] -> 0x02B0
[200] [M]: 0x8000030C (0x02B0A623) sw a1, 44(ra)
mem[0x8000319C] <- 0x00000000


mem[X,0x80000310] -> 0x0537
mem[X,0x80000312] -> 0x0800
[201] [M]: 0x80000310 (0x08000537) lui a0, 32768
x10 <- 0x08000000


mem[X,0x80000314] -> 0x1593
mem[X,0x80000316] -> 0x0005
[202] [M]: 0x80000314 (0x00051593) slli a1, a0, 0
x11 <- 0x08000000


mem[X,0x80000318] -> 0xA823
mem[X,0x8000031A] -> 0x02B0
[203] [M]: 0x80000318 (0x02B0A823) sw a1, 48(ra)
mem[0x800031A0] <- 0x08000000


mem[X,0x8000031C] -> 0x0537
mem[X,0x8000031E] -> 0x1000
[204] [M]: 0x8000031C (0x10000537) lui a0, 65536
x10 <- 0x10000000


mem[X,0x80000320] -> 0x1593
mem[X,0x80000322] -> 0x0035
[205] [M]: 0x80000320 (0x00351593) slli a1, a0, 3
x11 <- 0x80000000


mem[X,0x80000324] -> 0xAA23
mem[X,0x80000326] -> 0x02B0
[206] [M]: 0x80000324 (0x02B0AA23) sw a1, 52(ra)
mem[0x800031A4] <- 0x80000000


mem[X,0x80000328] -> 0x0537
mem[X,0x8000032A] -> 0x2000
[207] [M]: 0x80000328 (0x20000537) lui a0, 131072
x10 <- 0x20000000


mem[X,0x8000032C] -> 0x1593
mem[X,0x8000032E] -> 0x00C5
[208] [M]: 0x8000032C (0x00C51593) slli a1, a0, 12
x11 <- 0x00000000


mem[X,0x80000330] -> 0xAC23
mem[X,0x80000332] -> 0x02B0
[209] [M]: 0x80000330 (0x02B0AC23) sw a1, 56(ra)
mem[0x800031A8] <- 0x00000000


mem[X,0x80000334] -> 0x0537
mem[X,0x80000336] -> 0x4000
[210] [M]: 0x80000334 (0x40000537) lui a0, 262144
x10 <- 0x40000000


mem[X,0x80000338] -> 0x1593
mem[X,0x8000033A] -> 0x00B5
[211] [M]: 0x80000338 (0x00B51593) slli a1, a0, 11
x11 <- 0x00000000


mem[X,0x8000033C] -> 0xAE23
mem[X,0x8000033E] -> 0x02B0
[212] [M]: 0x8000033C (0x02B0AE23) sw a1, 60(ra)
mem[0x800031AC] <- 0x00000000


mem[X,0x80000340] -> 0x0513
mem[X,0x80000342] -> 0xFFE0
[213] [M]: 0x80000340 (0xFFE00513) addi a0, zero, 4094
x10 <- 0xFFFFFFFE


mem[X,0x80000344] -> 0x1593
mem[X,0x80000346] -> 0x00E5
[214] [M]: 0x80000344 (0x00E51593) slli a1, a0, 14
x11 <- 0xFFFF8000


mem[X,0x80000348] -> 0xA023
mem[X,0x8000034A] -> 0x04B0
[215] [M]: 0x80000348 (0x04B0A023) sw a1, 64(ra)
mem[0x800031B0] <- 0xFFFF8000


mem[X,0x8000034C] -> 0x0513
mem[X,0x8000034E] -> 0xFFD0
[216] [M]: 0x8000034C (0xFFD00513) addi a0, zero, 4093
x10 <- 0xFFFFFFFD


mem[X,0x80000350] -> 0x1593
mem[X,0x80000352] -> 0x0015
[217] [M]: 0x80000350 (0x00151593) slli a1, a0, 1
x11 <- 0xFFFFFFFA


mem[X,0x80000354] -> 0xA223
mem[X,0x80000356] -> 0x04B0
[218] [M]: 0x80000354 (0x04B0A223) sw a1, 68(ra)
mem[0x800031B4] <- 0xFFFFFFFA


mem[X,0x80000358] -> 0x0513
mem[X,0x8000035A] -> 0xFFB0
[219] [M]: 0x80000358 (0xFFB00513) addi a0, zero, 4091
x10 <- 0xFFFFFFFB


mem[X,0x8000035C] -> 0x1593
mem[X,0x8000035E] -> 0x0075
[220] [M]: 0x8000035C (0x00751593) slli a1, a0, 7
x11 <- 0xFFFFFD80


mem[X,0x80000360] -> 0xA423
mem[X,0x80000362] -> 0x04B0
[221] [M]: 0x80000360 (0x04B0A423) sw a1, 72(ra)
mem[0x800031B8] <- 0xFFFFFD80


mem[X,0x80000364] -> 0x0513
mem[X,0x80000366] -> 0xFF70
[222] [M]: 0x80000364 (0xFF700513) addi a0, zero, 4087
x10 <- 0xFFFFFFF7


mem[X,0x80000368] -> 0x1593
mem[X,0x8000036A] -> 0x00A5
[223] [M]: 0x80000368 (0x00A51593) slli a1, a0, 10
x11 <- 0xFFFFDC00


mem[X,0x8000036C] -> 0xA623
mem[X,0x8000036E] -> 0x04B0
[224] [M]: 0x8000036C (0x04B0A623) sw a1, 76(ra)
mem[0x800031BC] <- 0xFFFFDC00


mem[X,0x80000370] -> 0x0513
mem[X,0x80000372] -> 0xFEF0
[225] [M]: 0x80000370 (0xFEF00513) addi a0, zero, 4079
x10 <- 0xFFFFFFEF


mem[X,0x80000374] -> 0x1593
mem[X,0x80000376] -> 0x0115
[226] [M]: 0x80000374 (0x01151593) slli a1, a0, 17
x11 <- 0xFFDE0000


mem[X,0x80000378] -> 0xA823
mem[X,0x8000037A] -> 0x04B0
[227] [M]: 0x80000378 (0x04B0A823) sw a1, 80(ra)
mem[0x800031C0] <- 0xFFDE0000


mem[X,0x8000037C] -> 0x0513
mem[X,0x8000037E] -> 0xFDF0
[228] [M]: 0x8000037C (0xFDF00513) addi a0, zero, 4063
x10 <- 0xFFFFFFDF


mem[X,0x80000380] -> 0x1593
mem[X,0x80000382] -> 0x00E5
[229] [M]: 0x80000380 (0x00E51593) slli a1, a0, 14
x11 <- 0xFFF7C000


mem[X,0x80000384] -> 0xAA23
mem[X,0x80000386] -> 0x04B0
[230] [M]: 0x80000384 (0x04B0AA23) sw a1, 84(ra)
mem[0x800031C4] <- 0xFFF7C000


mem[X,0x80000388] -> 0x0513
mem[X,0x8000038A] -> 0xFBF0
[231] [M]: 0x80000388 (0xFBF00513) addi a0, zero, 4031
x10 <- 0xFFFFFFBF


mem[X,0x8000038C] -> 0x1593
mem[X,0x8000038E] -> 0x0135
[232] [M]: 0x8000038C (0x01351593) slli a1, a0, 19
x11 <- 0xFDF80000


mem[X,0x80000390] -> 0xAC23
mem[X,0x80000392] -> 0x04B0
[233] [M]: 0x80000390 (0x04B0AC23) sw a1, 88(ra)
mem[0x800031C8] <- 0xFDF80000


mem[X,0x80000394] -> 0x0513
mem[X,0x80000396] -> 0xF7F0
[234] [M]: 0x80000394 (0xF7F00513) addi a0, zero, 3967
x10 <- 0xFFFFFF7F


mem[X,0x80000398] -> 0x1593
mem[X,0x8000039A] -> 0x0105
[235] [M]: 0x80000398 (0x01051593) slli a1, a0, 16
x11 <- 0xFF7F0000


mem[X,0x8000039C] -> 0xAE23
mem[X,0x8000039E] -> 0x04B0
[236] [M]: 0x8000039C (0x04B0AE23) sw a1, 92(ra)
mem[0x800031CC] <- 0xFF7F0000


mem[X,0x800003A0] -> 0x0513
mem[X,0x800003A2] -> 0xEFF0
[237] [M]: 0x800003A0 (0xEFF00513) addi a0, zero, 3839
x10 <- 0xFFFFFEFF


mem[X,0x800003A4] -> 0x1593
mem[X,0x800003A6] -> 0x00B5
[238] [M]: 0x800003A4 (0x00B51593) slli a1, a0, 11
x11 <- 0xFFF7F800


mem[X,0x800003A8] -> 0xA023
mem[X,0x800003AA] -> 0x06B0
[239] [M]: 0x800003A8 (0x06B0A023) sw a1, 96(ra)
mem[0x800031D0] <- 0xFFF7F800


mem[X,0x800003AC] -> 0x0513
mem[X,0x800003AE] -> 0xDFF0
[240] [M]: 0x800003AC (0xDFF00513) addi a0, zero, 3583
x10 <- 0xFFFFFDFF


mem[X,0x800003B0] -> 0x1593
mem[X,0x800003B2] -> 0x0115
[241] [M]: 0x800003B0 (0x01151593) slli a1, a0, 17
x11 <- 0xFBFE0000


mem[X,0x800003B4] -> 0xA223
mem[X,0x800003B6] -> 0x06B0
[242] [M]: 0x800003B4 (0x06B0A223) sw a1, 100(ra)
mem[0x800031D4] <- 0xFBFE0000


mem[X,0x800003B8] -> 0x0513
mem[X,0x800003BA] -> 0xBFF0
[243] [M]: 0x800003B8 (0xBFF00513) addi a0, zero, 3071
x10 <- 0xFFFFFBFF


mem[X,0x800003BC] -> 0x1593
mem[X,0x800003BE] -> 0x0075
[244] [M]: 0x800003BC (0x00751593) slli a1, a0, 7
x11 <- 0xFFFDFF80


mem[X,0x800003C0] -> 0xA423
mem[X,0x800003C2] -> 0x06B0
[245] [M]: 0x800003C0 (0x06B0A423) sw a1, 104(ra)
mem[0x800031D8] <- 0xFFFDFF80


mem[X,0x800003C4] -> 0xF537
mem[X,0x800003C6] -> 0xFFFF
[246] [M]: 0x800003C4 (0xFFFFF537) lui a0, 1048575
x10 <- 0xFFFFF000


mem[X,0x800003C8] -> 0x0513
mem[X,0x800003CA] -> 0x7FF5
[247] [M]: 0x800003C8 (0x7FF50513) addi a0, a0, 2047
x10 <- 0xFFFFF7FF


mem[X,0x800003CC] -> 0x1593
mem[X,0x800003CE] -> 0x00F5
[248] [M]: 0x800003CC (0x00F51593) slli a1, a0, 15
x11 <- 0xFBFF8000


mem[X,0x800003D0] -> 0xA623
mem[X,0x800003D2] -> 0x06B0
[249] [M]: 0x800003D0 (0x06B0A623) sw a1, 108(ra)
mem[0x800031DC] <- 0xFBFF8000


mem[X,0x800003D4] -> 0xF537
mem[X,0x800003D6] -> 0xFFFF
[250] [M]: 0x800003D4 (0xFFFFF537) lui a0, 1048575
x10 <- 0xFFFFF000


mem[X,0x800003D8] -> 0x0513
mem[X,0x800003DA] -> 0xFFF5
[251] [M]: 0x800003D8 (0xFFF50513) addi a0, a0, 4095
x10 <- 0xFFFFEFFF


mem[X,0x800003DC] -> 0x1593
mem[X,0x800003DE] -> 0x00A5
[252] [M]: 0x800003DC (0x00A51593) slli a1, a0, 10
x11 <- 0xFFBFFC00


mem[X,0x800003E0] -> 0xA823
mem[X,0x800003E2] -> 0x06B0
[253] [M]: 0x800003E0 (0x06B0A823) sw a1, 112(ra)
mem[0x800031E0] <- 0xFFBFFC00


mem[X,0x800003E4] -> 0xE537
mem[X,0x800003E6] -> 0xFFFF
[254] [M]: 0x800003E4 (0xFFFFE537) lui a0, 1048574
x10 <- 0xFFFFE000


mem[X,0x800003E8] -> 0x0513
mem[X,0x800003EA] -> 0xFFF5
[255] [M]: 0x800003E8 (0xFFF50513) addi a0, a0, 4095
x10 <- 0xFFFFDFFF


mem[X,0x800003EC] -> 0x1593
mem[X,0x800003EE] -> 0x0065
[256] [M]: 0x800003EC (0x00651593) slli a1, a0, 6
x11 <- 0xFFF7FFC0


mem[X,0x800003F0] -> 0xAA23
mem[X,0x800003F2] -> 0x06B0
[257] [M]: 0x800003F0 (0x06B0AA23) sw a1, 116(ra)
mem[0x800031E4] <- 0xFFF7FFC0


mem[X,0x800003F4] -> 0xC537
mem[X,0x800003F6] -> 0xFFFF
[258] [M]: 0x800003F4 (0xFFFFC537) lui a0, 1048572
x10 <- 0xFFFFC000


mem[X,0x800003F8] -> 0x0513
mem[X,0x800003FA] -> 0xFFF5
[259] [M]: 0x800003F8 (0xFFF50513) addi a0, a0, 4095
x10 <- 0xFFFFBFFF


mem[X,0x800003FC] -> 0x1593
mem[X,0x800003FE] -> 0x0025
[260] [M]: 0x800003FC (0x00251593) slli a1, a0, 2
x11 <- 0xFFFEFFFC


mem[X,0x80000400] -> 0xAC23
mem[X,0x80000402] -> 0x06B0
[261] [M]: 0x80000400 (0x06B0AC23) sw a1, 120(ra)
mem[0x800031E8] <- 0xFFFEFFFC


mem[X,0x80000404] -> 0x8537
mem[X,0x80000406] -> 0xFFFF
[262] [M]: 0x80000404 (0xFFFF8537) lui a0, 1048568
x10 <- 0xFFFF8000


mem[X,0x80000408] -> 0x0513
mem[X,0x8000040A] -> 0xFFF5
[263] [M]: 0x80000408 (0xFFF50513) addi a0, a0, 4095
x10 <- 0xFFFF7FFF


mem[X,0x8000040C] -> 0x1593
mem[X,0x8000040E] -> 0x0035
[264] [M]: 0x8000040C (0x00351593) slli a1, a0, 3
x11 <- 0xFFFBFFF8


mem[X,0x80000410] -> 0xAE23
mem[X,0x80000412] -> 0x06B0
[265] [M]: 0x80000410 (0x06B0AE23) sw a1, 124(ra)
mem[0x800031EC] <- 0xFFFBFFF8


mem[X,0x80000414] -> 0x0537
mem[X,0x80000416] -> 0xFFFE
[266] [M]: 0x80000414 (0xFFFE0537) lui a0, 1048544
x10 <- 0xFFFE0000


mem[X,0x80000418] -> 0x0513
mem[X,0x8000041A] -> 0xFFF5
[267] [M]: 0x80000418 (0xFFF50513) addi a0, a0, 4095
x10 <- 0xFFFDFFFF


mem[X,0x8000041C] -> 0x1593
mem[X,0x8000041E] -> 0x01D5
[268] [M]: 0x8000041C (0x01D51593) slli a1, a0, 29
x11 <- 0xE0000000


mem[X,0x80000420] -> 0xA023
mem[X,0x80000422] -> 0x08B0
[269] [M]: 0x80000420 (0x08B0A023) sw a1, 128(ra)
mem[0x800031F0] <- 0xE0000000


mem[X,0x80000424] -> 0x0537
mem[X,0x80000426] -> 0xFFFC
[270] [M]: 0x80000424 (0xFFFC0537) lui a0, 1048512
x10 <- 0xFFFC0000


mem[X,0x80000428] -> 0x0513
mem[X,0x8000042A] -> 0xFFF5
[271] [M]: 0x80000428 (0xFFF50513) addi a0, a0, 4095
x10 <- 0xFFFBFFFF


mem[X,0x8000042C] -> 0x1593
mem[X,0x8000042E] -> 0x01D5
[272] [M]: 0x8000042C (0x01D51593) slli a1, a0, 29
x11 <- 0xE0000000


mem[X,0x80000430] -> 0xA223
mem[X,0x80000432] -> 0x08B0
[273] [M]: 0x80000430 (0x08B0A223) sw a1, 132(ra)
mem[0x800031F4] <- 0xE0000000


mem[X,0x80000434] -> 0x0537
mem[X,0x80000436] -> 0xFFF8
[274] [M]: 0x80000434 (0xFFF80537) lui a0, 1048448
x10 <- 0xFFF80000


mem[X,0x80000438] -> 0x0513
mem[X,0x8000043A] -> 0xFFF5
[275] [M]: 0x80000438 (0xFFF50513) addi a0, a0, 4095
x10 <- 0xFFF7FFFF


mem[X,0x8000043C] -> 0x1593
mem[X,0x8000043E] -> 0x00C5
[276] [M]: 0x8000043C (0x00C51593) slli a1, a0, 12
x11 <- 0x7FFFF000


mem[X,0x80000440] -> 0xA423
mem[X,0x80000442] -> 0x08B0
[277] [M]: 0x80000440 (0x08B0A423) sw a1, 136(ra)
mem[0x800031F8] <- 0x7FFFF000


mem[X,0x80000444] -> 0x0537
mem[X,0x80000446] -> 0xFFE0
[278] [M]: 0x80000444 (0xFFE00537) lui a0, 1048064
x10 <- 0xFFE00000


mem[X,0x80000448] -> 0x0513
mem[X,0x8000044A] -> 0xFFF5
[279] [M]: 0x80000448 (0xFFF50513) addi a0, a0, 4095
x10 <- 0xFFDFFFFF


mem[X,0x8000044C] -> 0x1593
mem[X,0x8000044E] -> 0x0065
[280] [M]: 0x8000044C (0x00651593) slli a1, a0, 6
x11 <- 0xF7FFFFC0


mem[X,0x80000450] -> 0xA623
mem[X,0x80000452] -> 0x08B0
[281] [M]: 0x80000450 (0x08B0A623) sw a1, 140(ra)
mem[0x800031FC] <- 0xF7FFFFC0


mem[X,0x80000454] -> 0x0537
mem[X,0x80000456] -> 0xFF80
[282] [M]: 0x80000454 (0xFF800537) lui a0, 1046528
x10 <- 0xFF800000


mem[X,0x80000458] -> 0x0513
mem[X,0x8000045A] -> 0xFFF5
[283] [M]: 0x80000458 (0xFFF50513) addi a0, a0, 4095
x10 <- 0xFF7FFFFF


mem[X,0x8000045C] -> 0x1593
mem[X,0x8000045E] -> 0x0135
[284] [M]: 0x8000045C (0x01351593) slli a1, a0, 19
x11 <- 0xFFF80000


mem[X,0x80000460] -> 0xA823
mem[X,0x80000462] -> 0x08B0
[285] [M]: 0x80000460 (0x08B0A823) sw a1, 144(ra)
mem[0x80003200] <- 0xFFF80000


mem[X,0x80000464] -> 0x0537
mem[X,0x80000466] -> 0xFF00
[286] [M]: 0x80000464 (0xFF000537) lui a0, 1044480
x10 <- 0xFF000000


mem[X,0x80000468] -> 0x0513
mem[X,0x8000046A] -> 0xFFF5
[287] [M]: 0x80000468 (0xFFF50513) addi a0, a0, 4095
x10 <- 0xFEFFFFFF


mem[X,0x8000046C] -> 0x1593
mem[X,0x8000046E] -> 0x0115
[288] [M]: 0x8000046C (0x01151593) slli a1, a0, 17
x11 <- 0xFFFE0000


mem[X,0x80000470] -> 0xAA23
mem[X,0x80000472] -> 0x08B0
[289] [M]: 0x80000470 (0x08B0AA23) sw a1, 148(ra)
mem[0x80003204] <- 0xFFFE0000


mem[X,0x80000474] -> 0x0537
mem[X,0x80000476] -> 0xFE00
[290] [M]: 0x80000474 (0xFE000537) lui a0, 1040384
x10 <- 0xFE000000


mem[X,0x80000478] -> 0x0513
mem[X,0x8000047A] -> 0xFFF5
[291] [M]: 0x80000478 (0xFFF50513) addi a0, a0, 4095
x10 <- 0xFDFFFFFF


mem[X,0x8000047C] -> 0x1593
mem[X,0x8000047E] -> 0x00F5
[292] [M]: 0x8000047C (0x00F51593) slli a1, a0, 15
x11 <- 0xFFFF8000


mem[X,0x80000480] -> 0xAC23
mem[X,0x80000482] -> 0x08B0
[293] [M]: 0x80000480 (0x08B0AC23) sw a1, 152(ra)
mem[0x80003208] <- 0xFFFF8000


mem[X,0x80000484] -> 0x0537
mem[X,0x80000486] -> 0xFC00
[294] [M]: 0x80000484 (0xFC000537) lui a0, 1032192
x10 <- 0xFC000000


mem[X,0x80000488] -> 0x0513
mem[X,0x8000048A] -> 0xFFF5
[295] [M]: 0x80000488 (0xFFF50513) addi a0, a0, 4095
x10 <- 0xFBFFFFFF


mem[X,0x8000048C] -> 0x1593
mem[X,0x8000048E] -> 0x00D5
[296] [M]: 0x8000048C (0x00D51593) slli a1, a0, 13
x11 <- 0xFFFFE000


mem[X,0x80000490] -> 0xAE23
mem[X,0x80000492] -> 0x08B0
[297] [M]: 0x80000490 (0x08B0AE23) sw a1, 156(ra)
mem[0x8000320C] <- 0xFFFFE000


mem[X,0x80000494] -> 0x0537
mem[X,0x80000496] -> 0xF800
[298] [M]: 0x80000494 (0xF8000537) lui a0, 1015808
x10 <- 0xF8000000


mem[X,0x80000498] -> 0x0513
mem[X,0x8000049A] -> 0xFFF5
[299] [M]: 0x80000498 (0xFFF50513) addi a0, a0, 4095
x10 <- 0xF7FFFFFF


clint::tick mtime <- 0x0000000000000003
 clint timer pending at mtime 0x0000000000000003
htif::tick 0x0000000000000000
mem[X,0x8000049C] -> 0x1593
mem[X,0x8000049E] -> 0x00E5
[300] [M]: 0x8000049C (0x00E51593) slli a1, a0, 14
x11 <- 0xFFFFC000


mem[X,0x800004A0] -> 0xA023
mem[X,0x800004A2] -> 0x0AB0
[301] [M]: 0x800004A0 (0x0AB0A023) sw a1, 160(ra)
mem[0x80003210] <- 0xFFFFC000


mem[X,0x800004A4] -> 0x0537
mem[X,0x800004A6] -> 0xF000
[302] [M]: 0x800004A4 (0xF0000537) lui a0, 983040
x10 <- 0xF0000000


mem[X,0x800004A8] -> 0x0513
mem[X,0x800004AA] -> 0xFFF5
[303] [M]: 0x800004A8 (0xFFF50513) addi a0, a0, 4095
x10 <- 0xEFFFFFFF


mem[X,0x800004AC] -> 0x1593
mem[X,0x800004AE] -> 0x0075
[304] [M]: 0x800004AC (0x00751593) slli a1, a0, 7
x11 <- 0xFFFFFF80


mem[X,0x800004B0] -> 0xA223
mem[X,0x800004B2] -> 0x0AB0
[305] [M]: 0x800004B0 (0x0AB0A223) sw a1, 164(ra)
mem[0x80003214] <- 0xFFFFFF80


mem[X,0x800004B4] -> 0x0537
mem[X,0x800004B6] -> 0xE000
[306] [M]: 0x800004B4 (0xE0000537) lui a0, 917504
x10 <- 0xE0000000


mem[X,0x800004B8] -> 0x0513
mem[X,0x800004BA] -> 0xFFF5
[307] [M]: 0x800004B8 (0xFFF50513) addi a0, a0, 4095
x10 <- 0xDFFFFFFF


mem[X,0x800004BC] -> 0x1593
mem[X,0x800004BE] -> 0x00B5
[308] [M]: 0x800004BC (0x00B51593) slli a1, a0, 11
x11 <- 0xFFFFF800


mem[X,0x800004C0] -> 0xA423
mem[X,0x800004C2] -> 0x0AB0
[309] [M]: 0x800004C0 (0x0AB0A423) sw a1, 168(ra)
mem[0x80003218] <- 0xFFFFF800


mem[X,0x800004C4] -> 0x5537
mem[X,0x800004C6] -> 0x5555
[310] [M]: 0x800004C4 (0x55555537) lui a0, 349525
x10 <- 0x55555000


mem[X,0x800004C8] -> 0x0513
mem[X,0x800004CA] -> 0x5555
[311] [M]: 0x800004C8 (0x55550513) addi a0, a0, 1365
x10 <- 0x55555555


mem[X,0x800004CC] -> 0x1593
mem[X,0x800004CE] -> 0x0115
[312] [M]: 0x800004CC (0x01151593) slli a1, a0, 17
x11 <- 0xAAAA0000


mem[X,0x800004D0] -> 0xA623
mem[X,0x800004D2] -> 0x0AB0
[313] [M]: 0x800004D0 (0x0AB0A623) sw a1, 172(ra)
mem[0x8000321C] <- 0xAAAA0000


mem[X,0x800004D4] -> 0xB537
mem[X,0x800004D6] -> 0xAAAA
[314] [M]: 0x800004D4 (0xAAAAB537) lui a0, 699051
x10 <- 0xAAAAB000


mem[X,0x800004D8] -> 0x0513
mem[X,0x800004DA] -> 0xAAA5
[315] [M]: 0x800004D8 (0xAAA50513) addi a0, a0, 2730
x10 <- 0xAAAAAAAA


mem[X,0x800004DC] -> 0x1593
mem[X,0x800004DE] -> 0x0175
[316] [M]: 0x800004DC (0x01751593) slli a1, a0, 23
x11 <- 0x55000000


mem[X,0x800004E0] -> 0xA823
mem[X,0x800004E2] -> 0x0AB0
[317] [M]: 0x800004E0 (0x0AB0A823) sw a1, 176(ra)
mem[0x80003220] <- 0x55000000


mem[X,0x800004E4] -> 0x0513
mem[X,0x800004E6] -> 0x0030
[318] [M]: 0x800004E4 (0x00300513) addi a0, zero, 3
x10 <- 0x00000003


mem[X,0x800004E8] -> 0x1593
mem[X,0x800004EA] -> 0x0135
[319] [M]: 0x800004E8 (0x01351593) slli a1, a0, 19
x11 <- 0x00180000


mem[X,0x800004EC] -> 0xAA23
mem[X,0x800004EE] -> 0x0AB0
[320] [M]: 0x800004EC (0x0AB0AA23) sw a1, 180(ra)
mem[0x80003224] <- 0x00180000


mem[X,0x800004F0] -> 0x0513
mem[X,0x800004F2] -> 0x0050
[321] [M]: 0x800004F0 (0x00500513) addi a0, zero, 5
x10 <- 0x00000005


mem[X,0x800004F4] -> 0x1593
mem[X,0x800004F6] -> 0x0015
[322] [M]: 0x800004F4 (0x00151593) slli a1, a0, 1
x11 <- 0x0000000A


mem[X,0x800004F8] -> 0xAC23
mem[X,0x800004FA] -> 0x0AB0
[323] [M]: 0x800004F8 (0x0AB0AC23) sw a1, 184(ra)
mem[0x80003228] <- 0x0000000A


mem[X,0x800004FC] -> 0x3537
mem[X,0x800004FE] -> 0x3333
[324] [M]: 0x800004FC (0x33333537) lui a0, 209715
x10 <- 0x33333000


mem[X,0x80000500] -> 0x0513
mem[X,0x80000502] -> 0x3335
[325] [M]: 0x80000500 (0x33350513) addi a0, a0, 819
x10 <- 0x33333333


mem[X,0x80000504] -> 0x1593
mem[X,0x80000506] -> 0x0035
[326] [M]: 0x80000504 (0x00351593) slli a1, a0, 3
x11 <- 0x99999998


mem[X,0x80000508] -> 0xAE23
mem[X,0x8000050A] -> 0x0AB0
[327] [M]: 0x80000508 (0x0AB0AE23) sw a1, 188(ra)
mem[0x8000322C] <- 0x99999998


mem[X,0x8000050C] -> 0x5537
mem[X,0x8000050E] -> 0xFFFF
[328] [M]: 0x8000050C (0xFFFF5537) lui a0, 1048565
x10 <- 0xFFFF5000


mem[X,0x80000510] -> 0x0513
mem[X,0x80000512] -> 0xAFC5
[329] [M]: 0x80000510 (0xAFC50513) addi a0, a0, 2812
x10 <- 0xFFFF4AFC


mem[X,0x80000514] -> 0x1593
mem[X,0x80000516] -> 0x0065
[330] [M]: 0x80000514 (0x00651593) slli a1, a0, 6
x11 <- 0xFFD2BF00


mem[X,0x80000518] -> 0xA023
mem[X,0x8000051A] -> 0x0CB0
[331] [M]: 0x80000518 (0x0CB0A023) sw a1, 192(ra)
mem[0x80003230] <- 0xFFD2BF00


mem[X,0x8000051C] -> 0x6537
mem[X,0x8000051E] -> 0x6666
[332] [M]: 0x8000051C (0x66666537) lui a0, 419430
x10 <- 0x66666000


mem[X,0x80000520] -> 0x0513
mem[X,0x80000522] -> 0x6675
[333] [M]: 0x80000520 (0x66750513) addi a0, a0, 1639
x10 <- 0x66666667


mem[X,0x80000524] -> 0x1593
mem[X,0x80000526] -> 0x0175
[334] [M]: 0x80000524 (0x01751593) slli a1, a0, 23
x11 <- 0x33800000


mem[X,0x80000528] -> 0xA223
mem[X,0x8000052A] -> 0x0CB0
[335] [M]: 0x80000528 (0x0CB0A223) sw a1, 196(ra)
mem[0x80003234] <- 0x33800000


mem[X,0x8000052C] -> 0x5537
mem[X,0x8000052E] -> 0xFFFF
[336] [M]: 0x8000052C (0xFFFF5537) lui a0, 1048565
x10 <- 0xFFFF5000


mem[X,0x80000530] -> 0x0513
mem[X,0x80000532] -> 0xAFD5
[337] [M]: 0x80000530 (0xAFD50513) addi a0, a0, 2813
x10 <- 0xFFFF4AFD


mem[X,0x80000534] -> 0x1593
mem[X,0x80000536] -> 0x0065
[338] [M]: 0x80000534 (0x00651593) slli a1, a0, 6
x11 <- 0xFFD2BF40


mem[X,0x80000538] -> 0xA423
mem[X,0x8000053A] -> 0x0CB0
[339] [M]: 0x80000538 (0x0CB0A423) sw a1, 200(ra)
mem[0x80003238] <- 0xFFD2BF40


mem[X,0x8000053C] -> 0xB537
mem[X,0x8000053E] -> 0x0000
[340] [M]: 0x8000053C (0x0000B537) lui a0, 11
x10 <- 0x0000B000


mem[X,0x80000540] -> 0x0513
mem[X,0x80000542] -> 0x5055
[341] [M]: 0x80000540 (0x50550513) addi a0, a0, 1285
x10 <- 0x0000B505


mem[X,0x80000544] -> 0x1593
mem[X,0x80000546] -> 0x01F5
[342] [M]: 0x80000544 (0x01F51593) slli a1, a0, 31
x11 <- 0x80000000


mem[X,0x80000548] -> 0xA623
mem[X,0x8000054A] -> 0x0CB0
[343] [M]: 0x80000548 (0x0CB0A623) sw a1, 204(ra)
mem[0x8000323C] <- 0x80000000


mem[X,0x8000054C] -> 0x3537
mem[X,0x8000054E] -> 0x3333
[344] [M]: 0x8000054C (0x33333537) lui a0, 209715
x10 <- 0x33333000


mem[X,0x80000550] -> 0x0513
mem[X,0x80000552] -> 0x3325
[345] [M]: 0x80000550 (0x33250513) addi a0, a0, 818
x10 <- 0x33333332


mem[X,0x80000554] -> 0x1593
mem[X,0x80000556] -> 0x0045
[346] [M]: 0x80000554 (0x00451593) slli a1, a0, 4
x11 <- 0x33333320


mem[X,0x80000558] -> 0xA823
mem[X,0x8000055A] -> 0x0CB0
[347] [M]: 0x80000558 (0x0CB0A823) sw a1, 208(ra)
mem[0x80003240] <- 0x33333320


mem[X,0x8000055C] -> 0x0513
mem[X,0x8000055E] -> 0xFFA0
[348] [M]: 0x8000055C (0xFFA00513) addi a0, zero, 4090
x10 <- 0xFFFFFFFA


mem[X,0x80000560] -> 0x1593
mem[X,0x80000562] -> 0x01E5
[349] [M]: 0x80000560 (0x01E51593) slli a1, a0, 30
x11 <- 0x80000000


mem[X,0x80000564] -> 0xAA23
mem[X,0x80000566] -> 0x0CB0
[350] [M]: 0x80000564 (0x0CB0AA23) sw a1, 212(ra)
mem[0x80003244] <- 0x80000000


mem[X,0x80000568] -> 0xB537
mem[X,0x8000056A] -> 0x0000
[351] [M]: 0x80000568 (0x0000B537) lui a0, 11
x10 <- 0x0000B000


mem[X,0x8000056C] -> 0x0513
mem[X,0x8000056E] -> 0x5045
[352] [M]: 0x8000056C (0x50450513) addi a0, a0, 1284
x10 <- 0x0000B504


mem[X,0x80000570] -> 0x1593
mem[X,0x80000572] -> 0x0075
[353] [M]: 0x80000570 (0x00751593) slli a1, a0, 7
x11 <- 0x005A8200


mem[X,0x80000574] -> 0xAC23
mem[X,0x80000576] -> 0x0CB0
[354] [M]: 0x80000574 (0x0CB0AC23) sw a1, 216(ra)
mem[0x80003248] <- 0x005A8200


mem[X,0x80000578] -> 0x0537
mem[X,0x8000057A] -> 0xFFF0
[355] [M]: 0x80000578 (0xFFF00537) lui a0, 1048320
x10 <- 0xFFF00000


mem[X,0x8000057C] -> 0x0513
mem[X,0x8000057E] -> 0xFFF5
[356] [M]: 0x8000057C (0xFFF50513) addi a0, a0, 4095
x10 <- 0xFFEFFFFF


mem[X,0x80000580] -> 0x1593
mem[X,0x80000582] -> 0x0085
[357] [M]: 0x80000580 (0x00851593) slli a1, a0, 8
x11 <- 0xEFFFFF00


mem[X,0x80000584] -> 0xAE23
mem[X,0x80000586] -> 0x0CB0
[358] [M]: 0x80000584 (0x0CB0AE23) sw a1, 220(ra)
mem[0x8000324C] <- 0xEFFFFF00


mem[X,0x80000588] -> 0x5537
mem[X,0x8000058A] -> 0x5555
[359] [M]: 0x80000588 (0x55555537) lui a0, 349525
x10 <- 0x55555000


mem[X,0x8000058C] -> 0x0513
mem[X,0x8000058E] -> 0x5545
[360] [M]: 0x8000058C (0x55450513) addi a0, a0, 1364
x10 <- 0x55555554


mem[X,0x80000590] -> 0x1593
mem[X,0x80000592] -> 0x0035
[361] [M]: 0x80000590 (0x00351593) slli a1, a0, 3
x11 <- 0xAAAAAAA0


mem[X,0x80000594] -> 0xA023
mem[X,0x80000596] -> 0x0EB0
[362] [M]: 0x80000594 (0x0EB0A023) sw a1, 224(ra)
mem[0x80003250] <- 0xAAAAAAA0


mem[X,0x80000598] -> 0x6537
mem[X,0x8000059A] -> 0x6666
[363] [M]: 0x80000598 (0x66666537) lui a0, 419430
x10 <- 0x66666000


mem[X,0x8000059C] -> 0x0513
mem[X,0x8000059E] -> 0x6655
[364] [M]: 0x8000059C (0x66550513) addi a0, a0, 1637
x10 <- 0x66666665


mem[X,0x800005A0] -> 0x1593
mem[X,0x800005A2] -> 0x0105
[365] [M]: 0x800005A0 (0x01051593) slli a1, a0, 16
x11 <- 0x66650000


mem[X,0x800005A4] -> 0xA223
mem[X,0x800005A6] -> 0x0EB0
[366] [M]: 0x800005A4 (0x0EB0A223) sw a1, 228(ra)
mem[0x80003254] <- 0x66650000


mem[X,0x800005A8] -> 0xB537
mem[X,0x800005AA] -> 0x0000
[367] [M]: 0x800005A8 (0x0000B537) lui a0, 11
x10 <- 0x0000B000


mem[X,0x800005AC] -> 0x0513
mem[X,0x800005AE] -> 0x5035
[368] [M]: 0x800005AC (0x50350513) addi a0, a0, 1283
x10 <- 0x0000B503


mem[X,0x800005B0] -> 0x1593
mem[X,0x800005B2] -> 0x0105
[369] [M]: 0x800005B0 (0x01051593) slli a1, a0, 16
x11 <- 0xB5030000


mem[X,0x800005B4] -> 0xA423
mem[X,0x800005B6] -> 0x0EB0
[370] [M]: 0x800005B4 (0x0EB0A423) sw a1, 232(ra)
mem[0x80003258] <- 0xB5030000


mem[X,0x800005B8] -> 0x5537
mem[X,0x800005BA] -> 0x5555
[371] [M]: 0x800005B8 (0x55555537) lui a0, 349525
x10 <- 0x55555000


mem[X,0x800005BC] -> 0x0513
mem[X,0x800005BE] -> 0x5565
[372] [M]: 0x800005BC (0x55650513) addi a0, a0, 1366
x10 <- 0x55555556


mem[X,0x800005C0] -> 0x1593
mem[X,0x800005C2] -> 0x0175
[373] [M]: 0x800005C0 (0x01751593) slli a1, a0, 23
x11 <- 0xAB000000


mem[X,0x800005C4] -> 0xA623
mem[X,0x800005C6] -> 0x0EB0
[374] [M]: 0x800005C4 (0x0EB0A623) sw a1, 236(ra)
mem[0x8000325C] <- 0xAB000000


mem[X,0x800005C8] -> 0xB537
mem[X,0x800005CA] -> 0xAAAA
[375] [M]: 0x800005C8 (0xAAAAB537) lui a0, 699051
x10 <- 0xAAAAB000


mem[X,0x800005CC] -> 0x0513
mem[X,0x800005CE] -> 0xAAB5
[376] [M]: 0x800005CC (0xAAB50513) addi a0, a0, 2731
x10 <- 0xAAAAAAAB


mem[X,0x800005D0] -> 0x1593
mem[X,0x800005D2] -> 0x00E5
[377] [M]: 0x800005D0 (0x00E51593) slli a1, a0, 14
x11 <- 0xAAAAC000


mem[X,0x800005D4] -> 0xA823
mem[X,0x800005D6] -> 0x0EB0
[378] [M]: 0x800005D4 (0x0EB0A823) sw a1, 240(ra)
mem[0x80003260] <- 0xAAAAC000


mem[X,0x800005D8] -> 0x0513
mem[X,0x800005DA] -> 0x0060
[379] [M]: 0x800005D8 (0x00600513) addi a0, zero, 6
x10 <- 0x00000006


mem[X,0x800005DC] -> 0x1593
mem[X,0x800005DE] -> 0x01E5
[380] [M]: 0x800005DC (0x01E51593) slli a1, a0, 30
x11 <- 0x80000000


mem[X,0x800005E0] -> 0xAA23
mem[X,0x800005E2] -> 0x0EB0
[381] [M]: 0x800005E0 (0x0EB0AA23) sw a1, 244(ra)
mem[0x80003264] <- 0x80000000


mem[X,0x800005E4] -> 0x3537
mem[X,0x800005E6] -> 0x3333
[382] [M]: 0x800005E4 (0x33333537) lui a0, 209715
x10 <- 0x33333000


mem[X,0x800005E8] -> 0x0513
mem[X,0x800005EA] -> 0x3345
[383] [M]: 0x800005E8 (0x33450513) addi a0, a0, 820
x10 <- 0x33333334


mem[X,0x800005EC] -> 0x1593
mem[X,0x800005EE] -> 0x01D5
[384] [M]: 0x800005EC (0x01D51593) slli a1, a0, 29
x11 <- 0x80000000


mem[X,0x800005F0] -> 0xAC23
mem[X,0x800005F2] -> 0x0EB0
[385] [M]: 0x800005F0 (0x0EB0AC23) sw a1, 248(ra)
mem[0x80003268] <- 0x80000000


mem[X,0x800005F4] -> 0x0513
mem[X,0x800005F6] -> 0x2000
[386] [M]: 0x800005F4 (0x20000513) addi a0, zero, 512
x10 <- 0x00000200


mem[X,0x800005F8] -> 0x1593
mem[X,0x800005FA] -> 0x0005
[387] [M]: 0x800005F8 (0x00051593) slli a1, a0, 0
x11 <- 0x00000200


mem[X,0x800005FC] -> 0xAE23
mem[X,0x800005FE] -> 0x0EB0
[388] [M]: 0x800005FC (0x0EB0AE23) sw a1, 252(ra)
mem[0x8000326C] <- 0x00000200


mem[X,0x80000600] -> 0x0537
mem[X,0x80000602] -> 0x0001
[389] [M]: 0x80000600 (0x00010537) lui a0, 16
x10 <- 0x00010000


mem[X,0x80000604] -> 0x1593
mem[X,0x80000606] -> 0x0015
[390] [M]: 0x80000604 (0x00151593) slli a1, a0, 1
x11 <- 0x00020000


mem[X,0x80000608] -> 0xA023
mem[X,0x8000060A] -> 0x10B0
[391] [M]: 0x80000608 (0x10B0A023) sw a1, 256(ra)
mem[0x80003270] <- 0x00020000


mem[X,0x8000060C] -> 0x006F
mem[X,0x8000060E] -> 0x0200
[392] [M]: 0x8000060C (0x0200006F) jal zero, 32


mem[X,0x8000062C] -> 0x0093
mem[X,0x8000062E] -> 0x0010
[393] [M]: 0x8000062C (0x00100093) addi ra, zero, 1
x1 <- 0x00000001


mem[X,0x80000630] -> 0x1F17
mem[X,0x80000632] -> 0x0000
[394] [M]: 0x80000630 (0x00001F17) auipc t5, 1
x30 <- 0x80001630


mem[X,0x80000634] -> 0x2823
mem[X,0x80000636] -> 0x9C1F
[395] [M]: 0x80000634 (0x9C1F2823) sw ra, 2512(t5)
htif[0x80001000] <- 0x00000001


mem[X,0x80000638] -> 0xF06F
mem[X,0x8000063A] -> 0xFF9F
[396] [M]: 0x80000638 (0xFF9FF06F) jal zero, 2097144


mem[X,0x80000630] -> 0x1F17
mem[X,0x80000632] -> 0x0000
[397] [M]: 0x80000630 (0x00001F17) auipc t5, 1
x30 <- 0x80001630


mem[X,0x80000634] -> 0x2823
mem[X,0x80000636] -> 0x9C1F
[398] [M]: 0x80000634 (0x9C1F2823) sw ra, 2512(t5)
htif[0x80001000] <- 0x00000001


mem[X,0x80000638] -> 0xF06F
mem[X,0x8000063A] -> 0xFF9F
[399] [M]: 0x80000638 (0xFF9FF06F) jal zero, 2097144


clint::tick mtime <- 0x0000000000000004
 clint timer pending at mtime 0x0000000000000004
htif::tick 0x0000000000000001
mem[X,0x80000630] -> 0x1F17
mem[X,0x80000632] -> 0x0000
[400] [M]: 0x80000630 (0x00001F17) auipc t5, 1
x30 <- 0x80001630


mem[X,0x80000634] -> 0x2823
mem[X,0x80000636] -> 0x9C1F
[401] [M]: 0x80000634 (0x9C1F2823) sw ra, 2512(t5)
htif[0x80001000] <- 0x00000001
htif-syscall-proxy cmd: 0x000000000001

SUCCESS
