using /home/abdul_waheed/github_files/UET-Pcore-with-c-ext/verif/riscof_work/I/src/srl-01.S/ref/Reference-sail_c_simulator.signature for test-signature output.
[Sail] Allocating new block 0x80000000
tohost located at 0x80001000
[Sail] Allocating new block 0x0

Running file ref.elf.
ELF Entry @ 0x80000000
begin_signature: 0x80003110
end_signature: 0x80003290
CSR mstatus <- 0x00000000 (input: 0x00000000)
mem[X,0x00001000] -> 0x0297
mem[X,0x00001002] -> 0x0000
[0] [M]: 0x00001000 (0x00000297) auipc t0, 0
x5 <- 0x00001000


mem[X,0x00001004] -> 0x8593
mem[X,0x00001006] -> 0x0202
[1] [M]: 0x00001004 (0x02028593) addi a1, t0, 32
x11 <- 0x00001020


mem[X,0x00001008] -> 0x2573
mem[X,0x0000100A] -> 0xF140
[2] [M]: 0x00001008 (0xF1402573) csrrs a0, mhartid, zero
CSR mhartid -> 0x00000000
x10 <- 0x00000000


mem[X,0x0000100C] -> 0xA283
mem[X,0x0000100E] -> 0x0182
[3] [M]: 0x0000100C (0x0182A283) lw t0, 24(t0)
mem[R,0x00001018] -> 0x80000000
x5 <- 0x80000000


mem[X,0x00001010] -> 0x8067
mem[X,0x00001012] -> 0x0002
[4] [M]: 0x00001010 (0x00028067) jalr zero, t0, 0


mem[X,0x80000000] -> 0xC0B7
mem[X,0x80000002] -> 0xFEED
[5] [M]: 0x80000000 (0xFEEDC0B7) lui ra, 1044188
x1 <- 0xFEEDC000


mem[X,0x80000004] -> 0x8093
mem[X,0x80000006] -> 0xEAD0
[6] [M]: 0x80000004 (0xEAD08093) addi ra, ra, 3757
x1 <- 0xFEEDBEAD


mem[X,0x80000008] -> 0xE137
mem[X,0x8000000A] -> 0xFF76
[7] [M]: 0x80000008 (0xFF76E137) lui sp, 1046382
x2 <- 0xFF76E000


mem[X,0x8000000C] -> 0x0113
mem[X,0x8000000E] -> 0xF561
[8] [M]: 0x8000000C (0xF5610113) addi sp, sp, 3926
x2 <- 0xFF76DF56


mem[X,0x80000010] -> 0x71B7
mem[X,0x80000012] -> 0x7FBB
[9] [M]: 0x80000010 (0x7FBB71B7) lui gp, 523191
x3 <- 0x7FBB7000


mem[X,0x80000014] -> 0x8193
mem[X,0x80000016] -> 0xFAB1
[10] [M]: 0x80000014 (0xFAB18193) addi gp, gp, 4011
x3 <- 0x7FBB6FAB


mem[X,0x80000018] -> 0xB237
mem[X,0x8000001A] -> 0xBFDD
[11] [M]: 0x80000018 (0xBFDDB237) lui tp, 785883
x4 <- 0xBFDDB000


mem[X,0x8000001C] -> 0x0213
mem[X,0x8000001E] -> 0x7D52
[12] [M]: 0x8000001C (0x7D520213) addi tp, tp, 2005
x4 <- 0xBFDDB7D5


mem[X,0x80000020] -> 0xE2B7
mem[X,0x80000022] -> 0xDFEE
[13] [M]: 0x80000020 (0xDFEEE2B7) lui t0, 917230
x5 <- 0xDFEEE000


mem[X,0x80000024] -> 0x8293
mem[X,0x80000026] -> 0xBEA2
[14] [M]: 0x80000024 (0xBEA28293) addi t0, t0, 3050
x5 <- 0xDFEEDBEA


mem[X,0x80000028] -> 0x7337
mem[X,0x8000002A] -> 0x6FF7
[15] [M]: 0x80000028 (0x6FF77337) lui t1, 458615
x6 <- 0x6FF77000


mem[X,0x8000002C] -> 0x0313
mem[X,0x8000002E] -> 0xDF53
[16] [M]: 0x8000002C (0xDF530313) addi t1, t1, 3573
x6 <- 0x6FF76DF5


mem[X,0x80000030] -> 0xB3B7
mem[X,0x80000032] -> 0xB7FB
[17] [M]: 0x80000030 (0xB7FBB3B7) lui t2, 753595
x7 <- 0xB7FBB000


mem[X,0x80000034] -> 0x8393
mem[X,0x80000036] -> 0x6FA3
[18] [M]: 0x80000034 (0x6FA38393) addi t2, t2, 1786
x7 <- 0xB7FBB6FA


mem[X,0x80000038] -> 0xE437
mem[X,0x8000003A] -> 0x5BFD
[19] [M]: 0x80000038 (0x5BFDE437) lui fp, 376798
x8 <- 0x5BFDE000


mem[X,0x8000003C] -> 0x0413
mem[X,0x8000003E] -> 0xB7D4
[20] [M]: 0x8000003C (0xB7D40413) addi fp, fp, 2941
x8 <- 0x5BFDDB7D


mem[X,0x80000040] -> 0xF4B7
mem[X,0x80000042] -> 0xADFE
[21] [M]: 0x80000040 (0xADFEF4B7) lui s1, 712687
x9 <- 0xADFEF000


mem[X,0x80000044] -> 0x8493
mem[X,0x80000046] -> 0xDBE4
[22] [M]: 0x80000044 (0xDBE48493) addi s1, s1, 3518
x9 <- 0xADFEEDBE


mem[X,0x80000048] -> 0x7537
mem[X,0x8000004A] -> 0x56FF
[23] [M]: 0x80000048 (0x56FF7537) lui a0, 356343
x10 <- 0x56FF7000


mem[X,0x8000004C] -> 0x0513
mem[X,0x8000004E] -> 0x6DF5
[24] [M]: 0x8000004C (0x6DF50513) addi a0, a0, 1759
x10 <- 0x56FF76DF


mem[X,0x80000050] -> 0xC5B7
mem[X,0x80000052] -> 0xAB7F
[25] [M]: 0x80000050 (0xAB7FC5B7) lui a1, 702460
x11 <- 0xAB7FC000


mem[X,0x80000054] -> 0x8593
mem[X,0x80000056] -> 0xB6F5
[26] [M]: 0x80000054 (0xB6F58593) addi a1, a1, 2927
x11 <- 0xAB7FBB6F


mem[X,0x80000058] -> 0xE637
mem[X,0x8000005A] -> 0xD5BF
[27] [M]: 0x80000058 (0xD5BFE637) lui a2, 875518
x12 <- 0xD5BFE000


mem[X,0x8000005C] -> 0x0613
mem[X,0x8000005E] -> 0xDB76
[28] [M]: 0x8000005C (0xDB760613) addi a2, a2, 3511
x12 <- 0xD5BFDDB7


mem[X,0x80000060] -> 0xF6B7
mem[X,0x80000062] -> 0xEADF
[29] [M]: 0x80000060 (0xEADFF6B7) lui a3, 962047
x13 <- 0xEADFF000


mem[X,0x80000064] -> 0x8693
mem[X,0x80000066] -> 0xEDB6
[30] [M]: 0x80000064 (0xEDB68693) addi a3, a3, 3803
x13 <- 0xEADFEEDB


mem[X,0x80000068] -> 0xF737
mem[X,0x8000006A] -> 0xF56F
[31] [M]: 0x80000068 (0xF56FF737) lui a4, 1005311
x14 <- 0xF56FF000


mem[X,0x8000006C] -> 0x0713
mem[X,0x8000006E] -> 0x76D7
[32] [M]: 0x8000006C (0x76D70713) addi a4, a4, 1901
x14 <- 0xF56FF76D


mem[X,0x80000070] -> 0x07B7
mem[X,0x80000072] -> 0xFAB8
[33] [M]: 0x80000070 (0xFAB807B7) lui a5, 1026944
x15 <- 0xFAB80000


mem[X,0x80000074] -> 0x8793
mem[X,0x80000076] -> 0xBB67
[34] [M]: 0x80000074 (0xBB678793) addi a5, a5, 2998
x15 <- 0xFAB7FBB6


mem[X,0x80000078] -> 0x0837
mem[X,0x8000007A] -> 0x7D5C
[35] [M]: 0x80000078 (0x7D5C0837) lui a6, 513472
x16 <- 0x7D5C0000


mem[X,0x8000007C] -> 0x0813
mem[X,0x8000007E] -> 0xDDB8
[36] [M]: 0x8000007C (0xDDB80813) addi a6, a6, 3547
x16 <- 0x7D5BFDDB


mem[X,0x80000080] -> 0x08B7
mem[X,0x80000082] -> 0xBEAE
[37] [M]: 0x80000080 (0xBEAE08B7) lui a7, 781024
x17 <- 0xBEAE0000


mem[X,0x80000084] -> 0x8893
mem[X,0x80000086] -> 0xEED8
[38] [M]: 0x80000084 (0xEED88893) addi a7, a7, 3821
x17 <- 0xBEADFEED


mem[X,0x80000088] -> 0x0937
mem[X,0x8000008A] -> 0xDF57
[39] [M]: 0x80000088 (0xDF570937) lui s2, 914800
x18 <- 0xDF570000


mem[X,0x8000008C] -> 0x0913
mem[X,0x8000008E] -> 0xF769
[40] [M]: 0x8000008C (0xF7690913) addi s2, s2, 3958
x18 <- 0xDF56FF76


mem[X,0x80000090] -> 0x89B7
mem[X,0x80000092] -> 0x6FAB
[41] [M]: 0x80000090 (0x6FAB89B7) lui s3, 457400
x19 <- 0x6FAB8000


mem[X,0x80000094] -> 0x8993
mem[X,0x80000096] -> 0xFBB9
[42] [M]: 0x80000094 (0xFBB98993) addi s3, s3, 4027
x19 <- 0x6FAB7FBB


mem[X,0x80000098] -> 0xCA37
mem[X,0x8000009A] -> 0xB7D5
[43] [M]: 0x80000098 (0xB7D5CA37) lui s4, 752988
x20 <- 0xB7D5C000


mem[X,0x8000009C] -> 0x0A13
mem[X,0x8000009E] -> 0xFDDA
[44] [M]: 0x8000009C (0xFDDA0A13) addi s4, s4, 4061
x20 <- 0xB7D5BFDD


mem[X,0x800000A0] -> 0xEAB7
mem[X,0x800000A2] -> 0xDBEA
[45] [M]: 0x800000A0 (0xDBEAEAB7) lui s5, 900782
x21 <- 0xDBEAE000


mem[X,0x800000A4] -> 0x8A93
mem[X,0x800000A6] -> 0xFEEA
[46] [M]: 0x800000A4 (0xFEEA8A93) addi s5, s5, 4078
x21 <- 0xDBEADFEE


mem[X,0x800000A8] -> 0x7B37
mem[X,0x800000AA] -> 0x6DF5
[47] [M]: 0x800000A8 (0x6DF57B37) lui s6, 450391
x22 <- 0x6DF57000


mem[X,0x800000AC] -> 0x0B13
mem[X,0x800000AE] -> 0xFF7B
[48] [M]: 0x800000AC (0xFF7B0B13) addi s6, s6, 4087
x22 <- 0x6DF56FF7


mem[X,0x800000B0] -> 0xBBB7
mem[X,0x800000B2] -> 0xB6FA
[49] [M]: 0x800000B0 (0xB6FABBB7) lui s7, 749483
x23 <- 0xB6FAB000


mem[X,0x800000B4] -> 0x8B93
mem[X,0x800000B6] -> 0x7FBB
[50] [M]: 0x800000B4 (0x7FBB8B93) addi s7, s7, 2043
x23 <- 0xB6FAB7FB


mem[X,0x800000B8] -> 0x6C37
mem[X,0x800000BA] -> 0xDB7D
[51] [M]: 0x800000B8 (0xDB7D6C37) lui s8, 899030
x24 <- 0xDB7D6000


mem[X,0x800000BC] -> 0x0C13
mem[X,0x800000BE] -> 0xBFDC
[52] [M]: 0x800000BC (0xBFDC0C13) addi s8, s8, 3069
x24 <- 0xDB7D5BFD


mem[X,0x800000C0] -> 0xBCB7
mem[X,0x800000C2] -> 0xEDBE
[53] [M]: 0x800000C0 (0xEDBEBCB7) lui s9, 973803
x25 <- 0xEDBEB000


mem[X,0x800000C4] -> 0x8C93
mem[X,0x800000C6] -> 0xDFEC
[54] [M]: 0x800000C4 (0xDFEC8C93) addi s9, s9, 3582
x25 <- 0xEDBEADFE


mem[X,0x800000C8] -> 0x5D37
mem[X,0x800000CA] -> 0x76DF
[55] [M]: 0x800000C8 (0x76DF5D37) lui s10, 486901
x26 <- 0x76DF5000


mem[X,0x800000CC] -> 0x0D13
mem[X,0x800000CE] -> 0x6FFD
[56] [M]: 0x800000CC (0x6FFD0D13) addi s10, s10, 1791
x26 <- 0x76DF56FF


mem[X,0x800000D0] -> 0xBDB7
mem[X,0x800000D2] -> 0xBB6F
[57] [M]: 0x800000D0 (0xBB6FBDB7) lui s11, 767739
x27 <- 0xBB6FB000


mem[X,0x800000D4] -> 0x8D93
mem[X,0x800000D6] -> 0xB7FD
[58] [M]: 0x800000D4 (0xB7FD8D93) addi s11, s11, 2943
x27 <- 0xBB6FAB7F


mem[X,0x800000D8] -> 0xDE37
mem[X,0x800000DA] -> 0xDDB7
[59] [M]: 0x800000D8 (0xDDB7DE37) lui t3, 908157
x28 <- 0xDDB7D000


mem[X,0x800000DC] -> 0x0E13
mem[X,0x800000DE] -> 0x5BFE
[60] [M]: 0x800000DC (0x5BFE0E13) addi t3, t3, 1471
x28 <- 0xDDB7D5BF


mem[X,0x800000E0] -> 0xFEB7
mem[X,0x800000E2] -> 0xEEDB
[61] [M]: 0x800000E0 (0xEEDBFEB7) lui t4, 978367
x29 <- 0xEEDBF000


mem[X,0x800000E4] -> 0x8E93
mem[X,0x800000E6] -> 0xADFE
[62] [M]: 0x800000E4 (0xADFE8E93) addi t4, t4, 2783
x29 <- 0xEEDBEADF


mem[X,0x800000E8] -> 0xFF37
mem[X,0x800000EA] -> 0xF76D
[63] [M]: 0x800000E8 (0xF76DFF37) lui t5, 1013471
x30 <- 0xF76DF000


mem[X,0x800000EC] -> 0x0F13
mem[X,0x800000EE] -> 0x56FF
[64] [M]: 0x800000EC (0x56FF0F13) addi t5, t5, 1391
x30 <- 0xF76DF56F


mem[X,0x800000F0] -> 0x0FB7
mem[X,0x800000F2] -> 0xFBB7
[65] [M]: 0x800000F0 (0xFBB70FB7) lui t6, 1031024
x31 <- 0xFBB70000


mem[X,0x800000F4] -> 0x8F93
mem[X,0x800000F6] -> 0xAB7F
[66] [M]: 0x800000F4 (0xAB7F8F93) addi t6, t6, 2743
x31 <- 0xFBB6FAB7


mem[X,0x800000F8] -> 0x0013
mem[X,0x800000FA] -> 0x0000
[67] [M]: 0x800000F8 (0x00000013) addi zero, zero, 0


mem[X,0x800000FC] -> 0x0013
mem[X,0x800000FE] -> 0x0000
[68] [M]: 0x800000FC (0x00000013) addi zero, zero, 0


mem[X,0x80000100] -> 0x3997
mem[X,0x80000102] -> 0x0000
[69] [M]: 0x80000100 (0x00003997) auipc s3, 3
x19 <- 0x80003100


mem[X,0x80000104] -> 0x8993
mem[X,0x80000106] -> 0x0149
[70] [M]: 0x80000104 (0x01498993) addi s3, s3, 20
x19 <- 0x80003114


mem[X,0x80000108] -> 0x0013
mem[X,0x8000010A] -> 0x0000
[71] [M]: 0x80000108 (0x00000013) addi zero, zero, 0


mem[X,0x8000010C] -> 0x0013
mem[X,0x8000010E] -> 0x0000
[72] [M]: 0x8000010C (0x00000013) addi zero, zero, 0


mem[X,0x80000110] -> 0x0013
mem[X,0x80000112] -> 0x0000
[73] [M]: 0x80000110 (0x00000013) addi zero, zero, 0


mem[X,0x80000114] -> 0x0013
mem[X,0x80000116] -> 0x0000
[74] [M]: 0x80000114 (0x00000013) addi zero, zero, 0


mem[X,0x80000118] -> 0x0013
mem[X,0x8000011A] -> 0x0000
[75] [M]: 0x80000118 (0x00000013) addi zero, zero, 0


mem[X,0x8000011C] -> 0x0013
mem[X,0x8000011E] -> 0x0000
[76] [M]: 0x8000011C (0x00000013) addi zero, zero, 0


mem[X,0x80000120] -> 0x0D37
mem[X,0x80000122] -> 0xFFC0
[77] [M]: 0x80000120 (0xFFC00D37) lui s10, 1047552
x26 <- 0xFFC00000


mem[X,0x80000124] -> 0x0D13
mem[X,0x80000126] -> 0xFFFD
[78] [M]: 0x80000124 (0xFFFD0D13) addi s10, s10, 4095
x26 <- 0xFFBFFFFF


mem[X,0x80000128] -> 0x0593
mem[X,0x8000012A] -> 0x00F0
[79] [M]: 0x80000128 (0x00F00593) addi a1, zero, 15
x11 <- 0x0000000F


mem[X,0x8000012C] -> 0x55B3
mem[X,0x8000012E] -> 0x00BD
[80] [M]: 0x8000012C (0x00BD55B3) srl a1, s10, a1
x11 <- 0x0001FF7F


mem[X,0x80000130] -> 0xA023
mem[X,0x80000132] -> 0x00B9
[81] [M]: 0x80000130 (0x00B9A023) sw a1, 0(s3)
mem[0x80003114] <- 0x0001FF7F


mem[X,0x80000134] -> 0x5FB7
mem[X,0x80000136] -> 0x5555
[82] [M]: 0x80000134 (0x55555FB7) lui t6, 349525
x31 <- 0x55555000


mem[X,0x80000138] -> 0x8F93
mem[X,0x8000013A] -> 0x556F
[83] [M]: 0x80000138 (0x556F8F93) addi t6, t6, 1366
x31 <- 0x55555556


mem[X,0x8000013C] -> 0x5FB7
mem[X,0x8000013E] -> 0x5555
[84] [M]: 0x8000013C (0x55555FB7) lui t6, 349525
x31 <- 0x55555000


mem[X,0x80000140] -> 0x8F93
mem[X,0x80000142] -> 0x556F
[85] [M]: 0x80000140 (0x556F8F93) addi t6, t6, 1366
x31 <- 0x55555556


mem[X,0x80000144] -> 0xD633
mem[X,0x80000146] -> 0x01FF
[86] [M]: 0x80000144 (0x01FFD633) srl a2, t6, t6
x12 <- 0x00000155


mem[X,0x80000148] -> 0xA223
mem[X,0x8000014A] -> 0x00C9
[87] [M]: 0x80000148 (0x00C9A223) sw a2, 4(s3)
mem[0x80003118] <- 0x00000155


mem[X,0x8000014C] -> 0x0393
mem[X,0x8000014E] -> 0xFFF0
[88] [M]: 0x8000014C (0xFFF00393) addi t2, zero, 4095
x7 <- 0xFFFFFFFF


mem[X,0x80000150] -> 0x0393
mem[X,0x80000152] -> 0xFFF0
[89] [M]: 0x80000150 (0xFFF00393) addi t2, zero, 4095
x7 <- 0xFFFFFFFF


mem[X,0x80000154] -> 0xD3B3
mem[X,0x80000156] -> 0x0073
[90] [M]: 0x80000154 (0x0073D3B3) srl t2, t2, t2
x7 <- 0x00000001


mem[X,0x80000158] -> 0xA423
mem[X,0x8000015A] -> 0x0079
[91] [M]: 0x80000158 (0x0079A423) sw t2, 8(s3)
mem[0x8000311C] <- 0x00000001


mem[X,0x8000015C] -> 0x0913
mem[X,0x8000015E] -> 0x1000
[92] [M]: 0x8000015C (0x10000913) addi s2, zero, 256
x18 <- 0x00000100


mem[X,0x80000160] -> 0x0613
mem[X,0x80000162] -> 0x0000
[93] [M]: 0x80000160 (0x00000613) addi a2, zero, 0
x12 <- 0x00000000


mem[X,0x80000164] -> 0x5933
mem[X,0x80000166] -> 0x00C9
[94] [M]: 0x80000164 (0x00C95933) srl s2, s2, a2
x18 <- 0x00000100


mem[X,0x80000168] -> 0xA623
mem[X,0x8000016A] -> 0x0129
[95] [M]: 0x80000168 (0x0129A623) sw s2, 12(s3)
mem[0x80003120] <- 0x00000100


mem[X,0x8000016C] -> 0x0713
mem[X,0x8000016E] -> 0x0090
[96] [M]: 0x8000016C (0x00900713) addi a4, zero, 9
x14 <- 0x00000009


mem[X,0x80000170] -> 0x0193
mem[X,0x80000172] -> 0x0090
[97] [M]: 0x80000170 (0x00900193) addi gp, zero, 9
x3 <- 0x00000009


mem[X,0x80000174] -> 0x5433
mem[X,0x80000176] -> 0x0037
[98] [M]: 0x80000174 (0x00375433) srl fp, a4, gp
x8 <- 0x00000000


mem[X,0x80000178] -> 0xA823
mem[X,0x8000017A] -> 0x0089
[99] [M]: 0x80000178 (0x0089A823) sw fp, 16(s3)
mem[0x80003124] <- 0x00000000


clint::tick mtime <- 0x0000000000000001
 clint timer pending at mtime 0x0000000000000001
htif::tick 0x0000000000000000
mem[X,0x8000017C] -> 0x0AB7
mem[X,0x8000017E] -> 0x8000
[100] [M]: 0x8000017C (0x80000AB7) lui s5, 524288
x21 <- 0x80000000


mem[X,0x80000180] -> 0x0B13
mem[X,0x80000182] -> 0x00C0
[101] [M]: 0x80000180 (0x00C00B13) addi s6, zero, 12
x22 <- 0x0000000C


mem[X,0x80000184] -> 0xDA33
mem[X,0x80000186] -> 0x016A
[102] [M]: 0x80000184 (0x016ADA33) srl s4, s5, s6
x20 <- 0x00080000


mem[X,0x80000188] -> 0xAA23
mem[X,0x8000018A] -> 0x0149
[103] [M]: 0x80000188 (0x0149AA23) sw s4, 20(s3)
mem[0x80003128] <- 0x00080000


mem[X,0x8000018C] -> 0x0213
mem[X,0x8000018E] -> 0x0000
[104] [M]: 0x8000018C (0x00000213) addi tp, zero, 0
x4 <- 0x00000000


mem[X,0x80000190] -> 0x0893
mem[X,0x80000192] -> 0x00F0
[105] [M]: 0x80000190 (0x00F00893) addi a7, zero, 15
x17 <- 0x0000000F


mem[X,0x80000194] -> 0x5F33
mem[X,0x80000196] -> 0x0112
[106] [M]: 0x80000194 (0x01125F33) srl t5, tp, a7
x30 <- 0x00000000


mem[X,0x80000198] -> 0xAC23
mem[X,0x8000019A] -> 0x01E9
[107] [M]: 0x80000198 (0x01E9AC23) sw t5, 24(s3)
mem[0x8000312C] <- 0x00000000


mem[X,0x8000019C] -> 0x00B7
mem[X,0x8000019E] -> 0x8000
[108] [M]: 0x8000019C (0x800000B7) lui ra, 524288
x1 <- 0x80000000


mem[X,0x800001A0] -> 0x8093
mem[X,0x800001A2] -> 0xFFF0
[109] [M]: 0x800001A0 (0xFFF08093) addi ra, ra, 4095
x1 <- 0x7FFFFFFF


mem[X,0x800001A4] -> 0x0213
mem[X,0x800001A6] -> 0x01E0
[110] [M]: 0x800001A4 (0x01E00213) addi tp, zero, 30
x4 <- 0x0000001E


mem[X,0x800001A8] -> 0xD333
mem[X,0x800001AA] -> 0x0040
[111] [M]: 0x800001A8 (0x0040D333) srl t1, ra, tp
x6 <- 0x00000001


mem[X,0x800001AC] -> 0xAE23
mem[X,0x800001AE] -> 0x0069
[112] [M]: 0x800001AC (0x0069AE23) sw t1, 28(s3)
mem[0x80003130] <- 0x00000001


mem[X,0x800001B0] -> 0x0013
mem[X,0x800001B2] -> 0x0000
[113] [M]: 0x800001B0 (0x00000013) addi zero, zero, 0


mem[X,0x800001B4] -> 0x0A93
mem[X,0x800001B6] -> 0x01D0
[114] [M]: 0x800001B4 (0x01D00A93) addi s5, zero, 29
x21 <- 0x0000001D


mem[X,0x800001B8] -> 0x57B3
mem[X,0x800001BA] -> 0x0150
[115] [M]: 0x800001B8 (0x015057B3) srl a5, zero, s5
x15 <- 0x00000000


mem[X,0x800001BC] -> 0xA023
mem[X,0x800001BE] -> 0x02F9
[116] [M]: 0x800001BC (0x02F9A023) sw a5, 32(s3)
mem[0x80003134] <- 0x00000000


mem[X,0x800001C0] -> 0x0E13
mem[X,0x800001C2] -> 0x0020
[117] [M]: 0x800001C0 (0x00200E13) addi t3, zero, 2
x28 <- 0x00000002


mem[X,0x800001C4] -> 0x0B93
mem[X,0x800001C6] -> 0x0060
[118] [M]: 0x800001C4 (0x00600B93) addi s7, zero, 6
x23 <- 0x00000006


mem[X,0x800001C8] -> 0x52B3
mem[X,0x800001CA] -> 0x017E
[119] [M]: 0x800001C8 (0x017E52B3) srl t0, t3, s7
x5 <- 0x00000000


mem[X,0x800001CC] -> 0xA223
mem[X,0x800001CE] -> 0x0259
[120] [M]: 0x800001CC (0x0259A223) sw t0, 36(s3)
mem[0x80003138] <- 0x00000000


mem[X,0x800001D0] -> 0x0493
mem[X,0x800001D2] -> 0x0040
[121] [M]: 0x800001D0 (0x00400493) addi s1, zero, 4
x9 <- 0x00000004


mem[X,0x800001D4] -> 0x0F13
mem[X,0x800001D6] -> 0x00A0
[122] [M]: 0x800001D4 (0x00A00F13) addi t5, zero, 10
x30 <- 0x0000000A


mem[X,0x800001D8] -> 0xD233
mem[X,0x800001DA] -> 0x01E4
[123] [M]: 0x800001D8 (0x01E4D233) srl tp, s1, t5
x4 <- 0x00000000


mem[X,0x800001DC] -> 0xA423
mem[X,0x800001DE] -> 0x0249
[124] [M]: 0x800001DC (0x0249A423) sw tp, 40(s3)
mem[0x8000313C] <- 0x00000000


mem[X,0x800001E0] -> 0x0693
mem[X,0x800001E2] -> 0x0080
[125] [M]: 0x800001E0 (0x00800693) addi a3, zero, 8
x13 <- 0x00000008


mem[X,0x800001E4] -> 0x0E93
mem[X,0x800001E6] -> 0x0020
[126] [M]: 0x800001E4 (0x00200E93) addi t4, zero, 2
x29 <- 0x00000002


mem[X,0x800001E8] -> 0xD533
mem[X,0x800001EA] -> 0x01D6
[127] [M]: 0x800001E8 (0x01D6D533) srl a0, a3, t4
x10 <- 0x00000002


mem[X,0x800001EC] -> 0xA623
mem[X,0x800001EE] -> 0x02A9
[128] [M]: 0x800001EC (0x02A9A623) sw a0, 44(s3)
mem[0x80003140] <- 0x00000002


mem[X,0x800001F0] -> 0x0113
mem[X,0x800001F2] -> 0x0100
[129] [M]: 0x800001F0 (0x01000113) addi sp, zero, 16
x2 <- 0x00000010


mem[X,0x800001F4] -> 0x0813
mem[X,0x800001F6] -> 0x0070
[130] [M]: 0x800001F4 (0x00700813) addi a6, zero, 7
x16 <- 0x00000007


mem[X,0x800001F8] -> 0x5CB3
mem[X,0x800001FA] -> 0x0101
[131] [M]: 0x800001F8 (0x01015CB3) srl s9, sp, a6
x25 <- 0x00000000


mem[X,0x800001FC] -> 0xA823
mem[X,0x800001FE] -> 0x0399
[132] [M]: 0x800001FC (0x0399A823) sw s9, 48(s3)
mem[0x80003144] <- 0x00000000


mem[X,0x80000200] -> 0x3217
mem[X,0x80000202] -> 0x0000
[133] [M]: 0x80000200 (0x00003217) auipc tp, 3
x4 <- 0x80003200


mem[X,0x80000204] -> 0x0213
mem[X,0x80000206] -> 0xF482
[134] [M]: 0x80000204 (0xF4820213) addi tp, tp, 3912
x4 <- 0x80003148


mem[X,0x80000208] -> 0x0013
mem[X,0x8000020A] -> 0x0000
[135] [M]: 0x80000208 (0x00000013) addi zero, zero, 0


mem[X,0x8000020C] -> 0x0013
mem[X,0x8000020E] -> 0x0000
[136] [M]: 0x8000020C (0x00000013) addi zero, zero, 0


mem[X,0x80000210] -> 0x0013
mem[X,0x80000212] -> 0x0000
[137] [M]: 0x80000210 (0x00000013) addi zero, zero, 0


mem[X,0x80000214] -> 0x0013
mem[X,0x80000216] -> 0x0000
[138] [M]: 0x80000214 (0x00000013) addi zero, zero, 0


mem[X,0x80000218] -> 0x0013
mem[X,0x8000021A] -> 0x0000
[139] [M]: 0x80000218 (0x00000013) addi zero, zero, 0


mem[X,0x8000021C] -> 0x0013
mem[X,0x8000021E] -> 0x0000
[140] [M]: 0x8000021C (0x00000013) addi zero, zero, 0


mem[X,0x80000220] -> 0x0593
mem[X,0x80000222] -> 0x0200
[141] [M]: 0x80000220 (0x02000593) addi a1, zero, 32
x11 <- 0x00000020


mem[X,0x80000224] -> 0x0E13
mem[X,0x80000226] -> 0x0080
[142] [M]: 0x80000224 (0x00800E13) addi t3, zero, 8
x28 <- 0x00000008


mem[X,0x80000228] -> 0xD9B3
mem[X,0x8000022A] -> 0x01C5
[143] [M]: 0x80000228 (0x01C5D9B3) srl s3, a1, t3
x19 <- 0x00000000


mem[X,0x8000022C] -> 0x2023
mem[X,0x8000022E] -> 0x0132
[144] [M]: 0x8000022C (0x01322023) sw s3, 0(tp)
mem[0x80003148] <- 0x00000000


mem[X,0x80000230] -> 0x0513
mem[X,0x80000232] -> 0x0400
[145] [M]: 0x80000230 (0x04000513) addi a0, zero, 64
x10 <- 0x00000040


mem[X,0x80000234] -> 0x0313
mem[X,0x80000236] -> 0x00B0
[146] [M]: 0x80000234 (0x00B00313) addi t1, zero, 11
x6 <- 0x0000000B


mem[X,0x80000238] -> 0x5BB3
mem[X,0x8000023A] -> 0x0065
[147] [M]: 0x80000238 (0x00655BB3) srl s7, a0, t1
x23 <- 0x00000000


mem[X,0x8000023C] -> 0x2223
mem[X,0x8000023E] -> 0x0172
[148] [M]: 0x8000023C (0x01722223) sw s7, 4(tp)
mem[0x8000314C] <- 0x00000000


mem[X,0x80000240] -> 0x0193
mem[X,0x80000242] -> 0x0800
[149] [M]: 0x80000240 (0x08000193) addi gp, zero, 128
x3 <- 0x00000080


mem[X,0x80000244] -> 0x0093
mem[X,0x80000246] -> 0x0060
[150] [M]: 0x80000244 (0x00600093) addi ra, zero, 6
x1 <- 0x00000006


mem[X,0x80000248] -> 0xD033
mem[X,0x8000024A] -> 0x0011
[151] [M]: 0x80000248 (0x0011D033) srl zero, gp, ra


mem[X,0x8000024C] -> 0x2423
mem[X,0x8000024E] -> 0x0002
[152] [M]: 0x8000024C (0x00022423) sw zero, 8(tp)
mem[0x80003150] <- 0x00000000


mem[X,0x80000250] -> 0x0313
mem[X,0x80000252] -> 0x2000
[153] [M]: 0x80000250 (0x20000313) addi t1, zero, 512
x6 <- 0x00000200


mem[X,0x80000254] -> 0x0413
mem[X,0x80000256] -> 0x00E0
[154] [M]: 0x80000254 (0x00E00413) addi fp, zero, 14
x8 <- 0x0000000E


mem[X,0x80000258] -> 0x5733
mem[X,0x8000025A] -> 0x0083
[155] [M]: 0x80000258 (0x00835733) srl a4, t1, fp
x14 <- 0x00000000


mem[X,0x8000025C] -> 0x2623
mem[X,0x8000025E] -> 0x00E2
[156] [M]: 0x8000025C (0x00E22623) sw a4, 12(tp)
mem[0x80003154] <- 0x00000000


mem[X,0x80000260] -> 0x0A13
mem[X,0x80000262] -> 0x4000
[157] [M]: 0x80000260 (0x40000A13) addi s4, zero, 1024
x20 <- 0x00000400


mem[X,0x80000264] -> 0x0D93
mem[X,0x80000266] -> 0x01D0
[158] [M]: 0x80000264 (0x01D00D93) addi s11, zero, 29
x27 <- 0x0000001D


mem[X,0x80000268] -> 0x54B3
mem[X,0x8000026A] -> 0x01BA
[159] [M]: 0x80000268 (0x01BA54B3) srl s1, s4, s11
x9 <- 0x00000000


mem[X,0x8000026C] -> 0x2823
mem[X,0x8000026E] -> 0x0092
[160] [M]: 0x8000026C (0x00922823) sw s1, 16(tp)
mem[0x80003158] <- 0x00000000


mem[X,0x80000270] -> 0x1F37
mem[X,0x80000272] -> 0x0000
[161] [M]: 0x80000270 (0x00001F37) lui t5, 1
x30 <- 0x00001000


mem[X,0x80000274] -> 0x0F13
mem[X,0x80000276] -> 0x800F
[162] [M]: 0x80000274 (0x800F0F13) addi t5, t5, 2048
x30 <- 0x00000800


mem[X,0x80000278] -> 0x0913
mem[X,0x8000027A] -> 0x00D0
[163] [M]: 0x80000278 (0x00D00913) addi s2, zero, 13
x18 <- 0x0000000D


mem[X,0x8000027C] -> 0x5833
mem[X,0x8000027E] -> 0x012F
[164] [M]: 0x8000027C (0x012F5833) srl a6, t5, s2
x16 <- 0x00000000


mem[X,0x80000280] -> 0x2A23
mem[X,0x80000282] -> 0x0102
[165] [M]: 0x80000280 (0x01022A23) sw a6, 20(tp)
mem[0x8000315C] <- 0x00000000


mem[X,0x80000284] -> 0x1B37
mem[X,0x80000286] -> 0x0000
[166] [M]: 0x80000284 (0x00001B37) lui s6, 1
x22 <- 0x00001000


mem[X,0x80000288] -> 0x0513
mem[X,0x8000028A] -> 0x0080
[167] [M]: 0x80000288 (0x00800513) addi a0, zero, 8
x10 <- 0x00000008


mem[X,0x8000028C] -> 0x5C33
mem[X,0x8000028E] -> 0x00AB
[168] [M]: 0x8000028C (0x00AB5C33) srl s8, s6, a0
x24 <- 0x00000010


mem[X,0x80000290] -> 0x2C23
mem[X,0x80000292] -> 0x0182
[169] [M]: 0x80000290 (0x01822C23) sw s8, 24(tp)
mem[0x80003160] <- 0x00000010


mem[X,0x80000294] -> 0x27B7
mem[X,0x80000296] -> 0x0000
[170] [M]: 0x80000294 (0x000027B7) lui a5, 2
x15 <- 0x00002000


mem[X,0x80000298] -> 0x0C13
mem[X,0x8000029A] -> 0x00C0
[171] [M]: 0x80000298 (0x00C00C13) addi s8, zero, 12
x24 <- 0x0000000C


mem[X,0x8000029C] -> 0xD133
mem[X,0x8000029E] -> 0x0187
[172] [M]: 0x8000029C (0x0187D133) srl sp, a5, s8
x2 <- 0x00000002


mem[X,0x800002A0] -> 0x2E23
mem[X,0x800002A2] -> 0x0022
[173] [M]: 0x800002A0 (0x00222E23) sw sp, 28(tp)
mem[0x80003164] <- 0x00000002


mem[X,0x800002A4] -> 0x48B7
mem[X,0x800002A6] -> 0x0000
[174] [M]: 0x800002A4 (0x000048B7) lui a7, 4
x17 <- 0x00004000


mem[X,0x800002A8] -> 0x0493
mem[X,0x800002AA] -> 0x0070
[175] [M]: 0x800002A8 (0x00700493) addi s1, zero, 7
x9 <- 0x00000007


mem[X,0x800002AC] -> 0xDAB3
mem[X,0x800002AE] -> 0x0098
[176] [M]: 0x800002AC (0x0098DAB3) srl s5, a7, s1
x21 <- 0x00000080


mem[X,0x800002B0] -> 0x2023
mem[X,0x800002B2] -> 0x0352
[177] [M]: 0x800002B0 (0x03522023) sw s5, 32(tp)
mem[0x80003168] <- 0x00000080


mem[X,0x800002B4] -> 0x8637
mem[X,0x800002B6] -> 0x0000
[178] [M]: 0x800002B4 (0x00008637) lui a2, 8
x12 <- 0x00008000


mem[X,0x800002B8] -> 0x0A13
mem[X,0x800002BA] -> 0x01F0
[179] [M]: 0x800002B8 (0x01F00A13) addi s4, zero, 31
x20 <- 0x0000001F


mem[X,0x800002BC] -> 0x5DB3
mem[X,0x800002BE] -> 0x0146
[180] [M]: 0x800002BC (0x01465DB3) srl s11, a2, s4
x27 <- 0x00000000


mem[X,0x800002C0] -> 0x2223
mem[X,0x800002C2] -> 0x03B2
[181] [M]: 0x800002C0 (0x03B22223) sw s11, 36(tp)
mem[0x8000316C] <- 0x00000000


mem[X,0x800002C4] -> 0x0DB7
mem[X,0x800002C6] -> 0x0001
[182] [M]: 0x800002C4 (0x00010DB7) lui s11, 16
x27 <- 0x00010000


mem[X,0x800002C8] -> 0x0293
mem[X,0x800002CA] -> 0x0030
[183] [M]: 0x800002C8 (0x00300293) addi t0, zero, 3
x5 <- 0x00000003


mem[X,0x800002CC] -> 0xDD33
mem[X,0x800002CE] -> 0x005D
[184] [M]: 0x800002CC (0x005DDD33) srl s10, s11, t0
x26 <- 0x00002000


mem[X,0x800002D0] -> 0x2423
mem[X,0x800002D2] -> 0x03A2
[185] [M]: 0x800002D0 (0x03A22423) sw s10, 40(tp)
mem[0x80003170] <- 0x00002000


mem[X,0x800002D4] -> 0x0837
mem[X,0x800002D6] -> 0x0002
[186] [M]: 0x800002D4 (0x00020837) lui a6, 32
x16 <- 0x00020000


mem[X,0x800002D8] -> 0x0693
mem[X,0x800002DA] -> 0x0080
[187] [M]: 0x800002D8 (0x00800693) addi a3, zero, 8
x13 <- 0x00000008


mem[X,0x800002DC] -> 0x58B3
mem[X,0x800002DE] -> 0x00D8
[188] [M]: 0x800002DC (0x00D858B3) srl a7, a6, a3
x17 <- 0x00000200


mem[X,0x800002E0] -> 0x2623
mem[X,0x800002E2] -> 0x0312
[189] [M]: 0x800002E0 (0x03122623) sw a7, 44(tp)
mem[0x80003174] <- 0x00000200


mem[X,0x800002E4] -> 0x0BB7
mem[X,0x800002E6] -> 0x0004
[190] [M]: 0x800002E4 (0x00040BB7) lui s7, 64
x23 <- 0x00040000


mem[X,0x800002E8] -> 0x0793
mem[X,0x800002EA] -> 0x0100
[191] [M]: 0x800002E8 (0x01000793) addi a5, zero, 16
x15 <- 0x00000010


mem[X,0x800002EC] -> 0xDE33
mem[X,0x800002EE] -> 0x00FB
[192] [M]: 0x800002EC (0x00FBDE33) srl t3, s7, a5
x28 <- 0x00000004


mem[X,0x800002F0] -> 0x2823
mem[X,0x800002F2] -> 0x03C2
[193] [M]: 0x800002F0 (0x03C22823) sw t3, 48(tp)
mem[0x80003178] <- 0x00000004


mem[X,0x800002F4] -> 0x0437
mem[X,0x800002F6] -> 0x0008
[194] [M]: 0x800002F4 (0x00080437) lui fp, 128
x8 <- 0x00080000


mem[X,0x800002F8] -> 0x0D13
mem[X,0x800002FA] -> 0x0050
[195] [M]: 0x800002F8 (0x00500D13) addi s10, zero, 5
x26 <- 0x00000005


mem[X,0x800002FC] -> 0x50B3
mem[X,0x800002FE] -> 0x01A4
[196] [M]: 0x800002FC (0x01A450B3) srl ra, fp, s10
x1 <- 0x00004000


mem[X,0x80000300] -> 0x2A23
mem[X,0x80000302] -> 0x0212
[197] [M]: 0x80000300 (0x02122A23) sw ra, 52(tp)
mem[0x8000317C] <- 0x00004000


mem[X,0x80000304] -> 0x0C37
mem[X,0x80000306] -> 0x0010
[198] [M]: 0x80000304 (0x00100C37) lui s8, 256
x24 <- 0x00100000


mem[X,0x80000308] -> 0x0113
mem[X,0x8000030A] -> 0x0170
[199] [M]: 0x80000308 (0x01700113) addi sp, zero, 23
x2 <- 0x00000017


clint::tick mtime <- 0x0000000000000002
 clint timer pending at mtime 0x0000000000000002
htif::tick 0x0000000000000000
mem[X,0x8000030C] -> 0x5EB3
mem[X,0x8000030E] -> 0x002C
[200] [M]: 0x8000030C (0x002C5EB3) srl t4, s8, sp
x29 <- 0x00000000


mem[X,0x80000310] -> 0x2C23
mem[X,0x80000312] -> 0x03D2
[201] [M]: 0x80000310 (0x03D22C23) sw t4, 56(tp)
mem[0x80003180] <- 0x00000000


mem[X,0x80000314] -> 0x0EB7
mem[X,0x80000316] -> 0x0020
[202] [M]: 0x80000314 (0x00200EB7) lui t4, 512
x29 <- 0x00200000


mem[X,0x80000318] -> 0x0713
mem[X,0x8000031A] -> 0x0100
[203] [M]: 0x80000318 (0x01000713) addi a4, zero, 16
x14 <- 0x00000010


mem[X,0x8000031C] -> 0xDFB3
mem[X,0x8000031E] -> 0x00EE
[204] [M]: 0x8000031C (0x00EEDFB3) srl t6, t4, a4
x31 <- 0x00000020


mem[X,0x80000320] -> 0x2E23
mem[X,0x80000322] -> 0x03F2
[205] [M]: 0x80000320 (0x03F22E23) sw t6, 60(tp)
mem[0x80003184] <- 0x00000020


mem[X,0x80000324] -> 0x0013
mem[X,0x80000326] -> 0x0000
[206] [M]: 0x80000324 (0x00000013) addi zero, zero, 0


mem[X,0x80000328] -> 0x0013
mem[X,0x8000032A] -> 0x0000
[207] [M]: 0x80000328 (0x00000013) addi zero, zero, 0


mem[X,0x8000032C] -> 0x0013
mem[X,0x8000032E] -> 0x0000
[208] [M]: 0x8000032C (0x00000013) addi zero, zero, 0


mem[X,0x80000330] -> 0x0013
mem[X,0x80000332] -> 0x0000
[209] [M]: 0x80000330 (0x00000013) addi zero, zero, 0


mem[X,0x80000334] -> 0x0013
mem[X,0x80000336] -> 0x0000
[210] [M]: 0x80000334 (0x00000013) addi zero, zero, 0


mem[X,0x80000338] -> 0x0013
mem[X,0x8000033A] -> 0x0000
[211] [M]: 0x80000338 (0x00000013) addi zero, zero, 0


mem[X,0x8000033C] -> 0x0013
mem[X,0x8000033E] -> 0x0000
[212] [M]: 0x8000033C (0x00000013) addi zero, zero, 0


mem[X,0x80000340] -> 0x3097
mem[X,0x80000342] -> 0x0000
[213] [M]: 0x80000340 (0x00003097) auipc ra, 3
x1 <- 0x80003340


mem[X,0x80000344] -> 0x8093
mem[X,0x80000346] -> 0xE480
[214] [M]: 0x80000344 (0xE4808093) addi ra, ra, 3656
x1 <- 0x80003188


mem[X,0x80000348] -> 0x0013
mem[X,0x8000034A] -> 0x0000
[215] [M]: 0x80000348 (0x00000013) addi zero, zero, 0


mem[X,0x8000034C] -> 0x0013
mem[X,0x8000034E] -> 0x0000
[216] [M]: 0x8000034C (0x00000013) addi zero, zero, 0


mem[X,0x80000350] -> 0x0013
mem[X,0x80000352] -> 0x0000
[217] [M]: 0x80000350 (0x00000013) addi zero, zero, 0


mem[X,0x80000354] -> 0x0013
mem[X,0x80000356] -> 0x0000
[218] [M]: 0x80000354 (0x00000013) addi zero, zero, 0


mem[X,0x80000358] -> 0x0013
mem[X,0x8000035A] -> 0x0000
[219] [M]: 0x80000358 (0x00000013) addi zero, zero, 0


mem[X,0x8000035C] -> 0x0013
mem[X,0x8000035E] -> 0x0000
[220] [M]: 0x8000035C (0x00000013) addi zero, zero, 0


mem[X,0x80000360] -> 0x02B7
mem[X,0x80000362] -> 0x0040
[221] [M]: 0x80000360 (0x004002B7) lui t0, 1024
x5 <- 0x00400000


mem[X,0x80000364] -> 0x0993
mem[X,0x80000366] -> 0x0060
[222] [M]: 0x80000364 (0x00600993) addi s3, zero, 6
x19 <- 0x00000006


mem[X,0x80000368] -> 0xDB33
mem[X,0x8000036A] -> 0x0132
[223] [M]: 0x80000368 (0x0132DB33) srl s6, t0, s3
x22 <- 0x00010000


mem[X,0x8000036C] -> 0xA023
mem[X,0x8000036E] -> 0x0160
[224] [M]: 0x8000036C (0x0160A023) sw s6, 0(ra)
mem[0x80003188] <- 0x00010000


mem[X,0x80000370] -> 0x09B7
mem[X,0x80000372] -> 0x0080
[225] [M]: 0x80000370 (0x008009B7) lui s3, 2048
x19 <- 0x00800000


mem[X,0x80000374] -> 0x0013
mem[X,0x80000376] -> 0x0000
[226] [M]: 0x80000374 (0x00000013) addi zero, zero, 0


mem[X,0x80000378] -> 0xD1B3
mem[X,0x8000037A] -> 0x0009
[227] [M]: 0x80000378 (0x0009D1B3) srl gp, s3, zero
x3 <- 0x00800000


mem[X,0x8000037C] -> 0xA223
mem[X,0x8000037E] -> 0x0030
[228] [M]: 0x8000037C (0x0030A223) sw gp, 4(ra)
mem[0x8000318C] <- 0x00800000


mem[X,0x80000380] -> 0x0CB7
mem[X,0x80000382] -> 0x0100
[229] [M]: 0x80000380 (0x01000CB7) lui s9, 4096
x25 <- 0x01000000


mem[X,0x80000384] -> 0x0213
mem[X,0x80000386] -> 0x01E0
[230] [M]: 0x80000384 (0x01E00213) addi tp, zero, 30
x4 <- 0x0000001E


mem[X,0x80000388] -> 0xD433
mem[X,0x8000038A] -> 0x004C
[231] [M]: 0x80000388 (0x004CD433) srl fp, s9, tp
x8 <- 0x00000000


mem[X,0x8000038C] -> 0xA423
mem[X,0x8000038E] -> 0x0080
[232] [M]: 0x8000038C (0x0080A423) sw fp, 8(ra)
mem[0x80003190] <- 0x00000000


mem[X,0x80000390] -> 0x0337
mem[X,0x80000392] -> 0x0200
[233] [M]: 0x80000390 (0x02000337) lui t1, 8192
x6 <- 0x02000000


mem[X,0x80000394] -> 0x0C93
mem[X,0x80000396] -> 0x01D0
[234] [M]: 0x80000394 (0x01D00C93) addi s9, zero, 29
x25 <- 0x0000001D


mem[X,0x80000398] -> 0x5F33
mem[X,0x8000039A] -> 0x0193
[235] [M]: 0x80000398 (0x01935F33) srl t5, t1, s9
x30 <- 0x00000000


mem[X,0x8000039C] -> 0xA623
mem[X,0x8000039E] -> 0x01E0
[236] [M]: 0x8000039C (0x01E0A623) sw t5, 12(ra)
mem[0x80003194] <- 0x00000000


mem[X,0x800003A0] -> 0x0637
mem[X,0x800003A2] -> 0x0400
[237] [M]: 0x800003A0 (0x04000637) lui a2, 16384
x12 <- 0x04000000


mem[X,0x800003A4] -> 0x0493
mem[X,0x800003A6] -> 0x01E0
[238] [M]: 0x800003A4 (0x01E00493) addi s1, zero, 30
x9 <- 0x0000001E


mem[X,0x800003A8] -> 0x56B3
mem[X,0x800003AA] -> 0x0096
[239] [M]: 0x800003A8 (0x009656B3) srl a3, a2, s1
x13 <- 0x00000000


mem[X,0x800003AC] -> 0xA823
mem[X,0x800003AE] -> 0x00D0
[240] [M]: 0x800003AC (0x00D0A823) sw a3, 16(ra)
mem[0x80003198] <- 0x00000000


mem[X,0x800003B0] -> 0x0537
mem[X,0x800003B2] -> 0x0800
[241] [M]: 0x800003B0 (0x08000537) lui a0, 32768
x10 <- 0x08000000


mem[X,0x800003B4] -> 0x0593
mem[X,0x800003B6] -> 0x0080
[242] [M]: 0x800003B4 (0x00800593) addi a1, zero, 8
x11 <- 0x00000008


mem[X,0x800003B8] -> 0x5633
mem[X,0x800003BA] -> 0x00B5
[243] [M]: 0x800003B8 (0x00B55633) srl a2, a0, a1
x12 <- 0x00080000


mem[X,0x800003BC] -> 0xAA23
mem[X,0x800003BE] -> 0x00C0
[244] [M]: 0x800003BC (0x00C0AA23) sw a2, 20(ra)
mem[0x8000319C] <- 0x00080000


mem[X,0x800003C0] -> 0x0537
mem[X,0x800003C2] -> 0x1000
[245] [M]: 0x800003C0 (0x10000537) lui a0, 65536
x10 <- 0x10000000


mem[X,0x800003C4] -> 0x0593
mem[X,0x800003C6] -> 0x00C0
[246] [M]: 0x800003C4 (0x00C00593) addi a1, zero, 12
x11 <- 0x0000000C


mem[X,0x800003C8] -> 0x5633
mem[X,0x800003CA] -> 0x00B5
[247] [M]: 0x800003C8 (0x00B55633) srl a2, a0, a1
x12 <- 0x00010000


mem[X,0x800003CC] -> 0xAC23
mem[X,0x800003CE] -> 0x00C0
[248] [M]: 0x800003CC (0x00C0AC23) sw a2, 24(ra)
mem[0x800031A0] <- 0x00010000


mem[X,0x800003D0] -> 0x0537
mem[X,0x800003D2] -> 0x2000
[249] [M]: 0x800003D0 (0x20000537) lui a0, 131072
x10 <- 0x20000000


mem[X,0x800003D4] -> 0x0593
mem[X,0x800003D6] -> 0x01B0
[250] [M]: 0x800003D4 (0x01B00593) addi a1, zero, 27
x11 <- 0x0000001B


mem[X,0x800003D8] -> 0x5633
mem[X,0x800003DA] -> 0x00B5
[251] [M]: 0x800003D8 (0x00B55633) srl a2, a0, a1
x12 <- 0x00000004


mem[X,0x800003DC] -> 0xAE23
mem[X,0x800003DE] -> 0x00C0
[252] [M]: 0x800003DC (0x00C0AE23) sw a2, 28(ra)
mem[0x800031A4] <- 0x00000004


mem[X,0x800003E0] -> 0x0537
mem[X,0x800003E2] -> 0x4000
[253] [M]: 0x800003E0 (0x40000537) lui a0, 262144
x10 <- 0x40000000


mem[X,0x800003E4] -> 0x0593
mem[X,0x800003E6] -> 0x0060
[254] [M]: 0x800003E4 (0x00600593) addi a1, zero, 6
x11 <- 0x00000006


mem[X,0x800003E8] -> 0x5633
mem[X,0x800003EA] -> 0x00B5
[255] [M]: 0x800003E8 (0x00B55633) srl a2, a0, a1
x12 <- 0x01000000


mem[X,0x800003EC] -> 0xA023
mem[X,0x800003EE] -> 0x02C0
[256] [M]: 0x800003EC (0x02C0A023) sw a2, 32(ra)
mem[0x800031A8] <- 0x01000000


mem[X,0x800003F0] -> 0x0513
mem[X,0x800003F2] -> 0xFFE0
[257] [M]: 0x800003F0 (0xFFE00513) addi a0, zero, 4094
x10 <- 0xFFFFFFFE


mem[X,0x800003F4] -> 0x0593
mem[X,0x800003F6] -> 0x00B0
[258] [M]: 0x800003F4 (0x00B00593) addi a1, zero, 11
x11 <- 0x0000000B


mem[X,0x800003F8] -> 0x5633
mem[X,0x800003FA] -> 0x00B5
[259] [M]: 0x800003F8 (0x00B55633) srl a2, a0, a1
x12 <- 0x001FFFFF


mem[X,0x800003FC] -> 0xA223
mem[X,0x800003FE] -> 0x02C0
[260] [M]: 0x800003FC (0x02C0A223) sw a2, 36(ra)
mem[0x800031AC] <- 0x001FFFFF


mem[X,0x80000400] -> 0x0513
mem[X,0x80000402] -> 0xFFD0
[261] [M]: 0x80000400 (0xFFD00513) addi a0, zero, 4093
x10 <- 0xFFFFFFFD


mem[X,0x80000404] -> 0x0593
mem[X,0x80000406] -> 0x0130
[262] [M]: 0x80000404 (0x01300593) addi a1, zero, 19
x11 <- 0x00000013


mem[X,0x80000408] -> 0x5633
mem[X,0x8000040A] -> 0x00B5
[263] [M]: 0x80000408 (0x00B55633) srl a2, a0, a1
x12 <- 0x00001FFF


mem[X,0x8000040C] -> 0xA423
mem[X,0x8000040E] -> 0x02C0
[264] [M]: 0x8000040C (0x02C0A423) sw a2, 40(ra)
mem[0x800031B0] <- 0x00001FFF


mem[X,0x80000410] -> 0x0513
mem[X,0x80000412] -> 0xFFB0
[265] [M]: 0x80000410 (0xFFB00513) addi a0, zero, 4091
x10 <- 0xFFFFFFFB


mem[X,0x80000414] -> 0x0593
mem[X,0x80000416] -> 0x0020
[266] [M]: 0x80000414 (0x00200593) addi a1, zero, 2
x11 <- 0x00000002


mem[X,0x80000418] -> 0x5633
mem[X,0x8000041A] -> 0x00B5
[267] [M]: 0x80000418 (0x00B55633) srl a2, a0, a1
x12 <- 0x3FFFFFFE


mem[X,0x8000041C] -> 0xA623
mem[X,0x8000041E] -> 0x02C0
[268] [M]: 0x8000041C (0x02C0A623) sw a2, 44(ra)
mem[0x800031B4] <- 0x3FFFFFFE


mem[X,0x80000420] -> 0x0513
mem[X,0x80000422] -> 0xFF70
[269] [M]: 0x80000420 (0xFF700513) addi a0, zero, 4087
x10 <- 0xFFFFFFF7


mem[X,0x80000424] -> 0x0593
mem[X,0x80000426] -> 0x0130
[270] [M]: 0x80000424 (0x01300593) addi a1, zero, 19
x11 <- 0x00000013


mem[X,0x80000428] -> 0x5633
mem[X,0x8000042A] -> 0x00B5
[271] [M]: 0x80000428 (0x00B55633) srl a2, a0, a1
x12 <- 0x00001FFF


mem[X,0x8000042C] -> 0xA823
mem[X,0x8000042E] -> 0x02C0
[272] [M]: 0x8000042C (0x02C0A823) sw a2, 48(ra)
mem[0x800031B8] <- 0x00001FFF


mem[X,0x80000430] -> 0x0513
mem[X,0x80000432] -> 0xFEF0
[273] [M]: 0x80000430 (0xFEF00513) addi a0, zero, 4079
x10 <- 0xFFFFFFEF


mem[X,0x80000434] -> 0x0593
mem[X,0x80000436] -> 0x0170
[274] [M]: 0x80000434 (0x01700593) addi a1, zero, 23
x11 <- 0x00000017


mem[X,0x80000438] -> 0x5633
mem[X,0x8000043A] -> 0x00B5
[275] [M]: 0x80000438 (0x00B55633) srl a2, a0, a1
x12 <- 0x000001FF


mem[X,0x8000043C] -> 0xAA23
mem[X,0x8000043E] -> 0x02C0
[276] [M]: 0x8000043C (0x02C0AA23) sw a2, 52(ra)
mem[0x800031BC] <- 0x000001FF


mem[X,0x80000440] -> 0x0513
mem[X,0x80000442] -> 0xFDF0
[277] [M]: 0x80000440 (0xFDF00513) addi a0, zero, 4063
x10 <- 0xFFFFFFDF


mem[X,0x80000444] -> 0x0593
mem[X,0x80000446] -> 0x00F0
[278] [M]: 0x80000444 (0x00F00593) addi a1, zero, 15
x11 <- 0x0000000F


mem[X,0x80000448] -> 0x5633
mem[X,0x8000044A] -> 0x00B5
[279] [M]: 0x80000448 (0x00B55633) srl a2, a0, a1
x12 <- 0x0001FFFF


mem[X,0x8000044C] -> 0xAC23
mem[X,0x8000044E] -> 0x02C0
[280] [M]: 0x8000044C (0x02C0AC23) sw a2, 56(ra)
mem[0x800031C0] <- 0x0001FFFF


mem[X,0x80000450] -> 0x0513
mem[X,0x80000452] -> 0xFBF0
[281] [M]: 0x80000450 (0xFBF00513) addi a0, zero, 4031
x10 <- 0xFFFFFFBF


mem[X,0x80000454] -> 0x0593
mem[X,0x80000456] -> 0x00E0
[282] [M]: 0x80000454 (0x00E00593) addi a1, zero, 14
x11 <- 0x0000000E


mem[X,0x80000458] -> 0x5633
mem[X,0x8000045A] -> 0x00B5
[283] [M]: 0x80000458 (0x00B55633) srl a2, a0, a1
x12 <- 0x0003FFFF


mem[X,0x8000045C] -> 0xAE23
mem[X,0x8000045E] -> 0x02C0
[284] [M]: 0x8000045C (0x02C0AE23) sw a2, 60(ra)
mem[0x800031C4] <- 0x0003FFFF


mem[X,0x80000460] -> 0x0513
mem[X,0x80000462] -> 0xF7F0
[285] [M]: 0x80000460 (0xF7F00513) addi a0, zero, 3967
x10 <- 0xFFFFFF7F


mem[X,0x80000464] -> 0x0593
mem[X,0x80000466] -> 0x0060
[286] [M]: 0x80000464 (0x00600593) addi a1, zero, 6
x11 <- 0x00000006


mem[X,0x80000468] -> 0x5633
mem[X,0x8000046A] -> 0x00B5
[287] [M]: 0x80000468 (0x00B55633) srl a2, a0, a1
x12 <- 0x03FFFFFD


mem[X,0x8000046C] -> 0xA023
mem[X,0x8000046E] -> 0x04C0
[288] [M]: 0x8000046C (0x04C0A023) sw a2, 64(ra)
mem[0x800031C8] <- 0x03FFFFFD


mem[X,0x80000470] -> 0x0513
mem[X,0x80000472] -> 0xEFF0
[289] [M]: 0x80000470 (0xEFF00513) addi a0, zero, 3839
x10 <- 0xFFFFFEFF


mem[X,0x80000474] -> 0x0593
mem[X,0x80000476] -> 0x00E0
[290] [M]: 0x80000474 (0x00E00593) addi a1, zero, 14
x11 <- 0x0000000E


mem[X,0x80000478] -> 0x5633
mem[X,0x8000047A] -> 0x00B5
[291] [M]: 0x80000478 (0x00B55633) srl a2, a0, a1
x12 <- 0x0003FFFF


mem[X,0x8000047C] -> 0xA223
mem[X,0x8000047E] -> 0x04C0
[292] [M]: 0x8000047C (0x04C0A223) sw a2, 68(ra)
mem[0x800031CC] <- 0x0003FFFF


mem[X,0x80000480] -> 0x0513
mem[X,0x80000482] -> 0xDFF0
[293] [M]: 0x80000480 (0xDFF00513) addi a0, zero, 3583
x10 <- 0xFFFFFDFF


mem[X,0x80000484] -> 0x0593
mem[X,0x80000486] -> 0x00D0
[294] [M]: 0x80000484 (0x00D00593) addi a1, zero, 13
x11 <- 0x0000000D


mem[X,0x80000488] -> 0x5633
mem[X,0x8000048A] -> 0x00B5
[295] [M]: 0x80000488 (0x00B55633) srl a2, a0, a1
x12 <- 0x0007FFFF


mem[X,0x8000048C] -> 0xA423
mem[X,0x8000048E] -> 0x04C0
[296] [M]: 0x8000048C (0x04C0A423) sw a2, 72(ra)
mem[0x800031D0] <- 0x0007FFFF


mem[X,0x80000490] -> 0x0513
mem[X,0x80000492] -> 0xBFF0
[297] [M]: 0x80000490 (0xBFF00513) addi a0, zero, 3071
x10 <- 0xFFFFFBFF


mem[X,0x80000494] -> 0x0593
mem[X,0x80000496] -> 0x01B0
[298] [M]: 0x80000494 (0x01B00593) addi a1, zero, 27
x11 <- 0x0000001B


mem[X,0x80000498] -> 0x5633
mem[X,0x8000049A] -> 0x00B5
[299] [M]: 0x80000498 (0x00B55633) srl a2, a0, a1
x12 <- 0x0000001F


clint::tick mtime <- 0x0000000000000003
 clint timer pending at mtime 0x0000000000000003
htif::tick 0x0000000000000000
mem[X,0x8000049C] -> 0xA623
mem[X,0x8000049E] -> 0x04C0
[300] [M]: 0x8000049C (0x04C0A623) sw a2, 76(ra)
mem[0x800031D4] <- 0x0000001F


mem[X,0x800004A0] -> 0xF537
mem[X,0x800004A2] -> 0xFFFF
[301] [M]: 0x800004A0 (0xFFFFF537) lui a0, 1048575
x10 <- 0xFFFFF000


mem[X,0x800004A4] -> 0x0513
mem[X,0x800004A6] -> 0x7FF5
[302] [M]: 0x800004A4 (0x7FF50513) addi a0, a0, 2047
x10 <- 0xFFFFF7FF


mem[X,0x800004A8] -> 0x0593
mem[X,0x800004AA] -> 0x01B0
[303] [M]: 0x800004A8 (0x01B00593) addi a1, zero, 27
x11 <- 0x0000001B


mem[X,0x800004AC] -> 0x5633
mem[X,0x800004AE] -> 0x00B5
[304] [M]: 0x800004AC (0x00B55633) srl a2, a0, a1
x12 <- 0x0000001F


mem[X,0x800004B0] -> 0xA823
mem[X,0x800004B2] -> 0x04C0
[305] [M]: 0x800004B0 (0x04C0A823) sw a2, 80(ra)
mem[0x800031D8] <- 0x0000001F


mem[X,0x800004B4] -> 0xF537
mem[X,0x800004B6] -> 0xFFFF
[306] [M]: 0x800004B4 (0xFFFFF537) lui a0, 1048575
x10 <- 0xFFFFF000


mem[X,0x800004B8] -> 0x0513
mem[X,0x800004BA] -> 0xFFF5
[307] [M]: 0x800004B8 (0xFFF50513) addi a0, a0, 4095
x10 <- 0xFFFFEFFF


mem[X,0x800004BC] -> 0x0593
mem[X,0x800004BE] -> 0x00D0
[308] [M]: 0x800004BC (0x00D00593) addi a1, zero, 13
x11 <- 0x0000000D


mem[X,0x800004C0] -> 0x5633
mem[X,0x800004C2] -> 0x00B5
[309] [M]: 0x800004C0 (0x00B55633) srl a2, a0, a1
x12 <- 0x0007FFFF


mem[X,0x800004C4] -> 0xAA23
mem[X,0x800004C6] -> 0x04C0
[310] [M]: 0x800004C4 (0x04C0AA23) sw a2, 84(ra)
mem[0x800031DC] <- 0x0007FFFF


mem[X,0x800004C8] -> 0xE537
mem[X,0x800004CA] -> 0xFFFF
[311] [M]: 0x800004C8 (0xFFFFE537) lui a0, 1048574
x10 <- 0xFFFFE000


mem[X,0x800004CC] -> 0x0513
mem[X,0x800004CE] -> 0xFFF5
[312] [M]: 0x800004CC (0xFFF50513) addi a0, a0, 4095
x10 <- 0xFFFFDFFF


mem[X,0x800004D0] -> 0x0593
mem[X,0x800004D2] -> 0x00C0
[313] [M]: 0x800004D0 (0x00C00593) addi a1, zero, 12
x11 <- 0x0000000C


mem[X,0x800004D4] -> 0x5633
mem[X,0x800004D6] -> 0x00B5
[314] [M]: 0x800004D4 (0x00B55633) srl a2, a0, a1
x12 <- 0x000FFFFD


mem[X,0x800004D8] -> 0xAC23
mem[X,0x800004DA] -> 0x04C0
[315] [M]: 0x800004D8 (0x04C0AC23) sw a2, 88(ra)
mem[0x800031E0] <- 0x000FFFFD


mem[X,0x800004DC] -> 0xC537
mem[X,0x800004DE] -> 0xFFFF
[316] [M]: 0x800004DC (0xFFFFC537) lui a0, 1048572
x10 <- 0xFFFFC000


mem[X,0x800004E0] -> 0x0513
mem[X,0x800004E2] -> 0xFFF5
[317] [M]: 0x800004E0 (0xFFF50513) addi a0, a0, 4095
x10 <- 0xFFFFBFFF


mem[X,0x800004E4] -> 0x0593
mem[X,0x800004E6] -> 0x0100
[318] [M]: 0x800004E4 (0x01000593) addi a1, zero, 16
x11 <- 0x00000010


mem[X,0x800004E8] -> 0x5633
mem[X,0x800004EA] -> 0x00B5
[319] [M]: 0x800004E8 (0x00B55633) srl a2, a0, a1
x12 <- 0x0000FFFF


mem[X,0x800004EC] -> 0xAE23
mem[X,0x800004EE] -> 0x04C0
[320] [M]: 0x800004EC (0x04C0AE23) sw a2, 92(ra)
mem[0x800031E4] <- 0x0000FFFF


mem[X,0x800004F0] -> 0x8537
mem[X,0x800004F2] -> 0xFFFF
[321] [M]: 0x800004F0 (0xFFFF8537) lui a0, 1048568
x10 <- 0xFFFF8000


mem[X,0x800004F4] -> 0x0513
mem[X,0x800004F6] -> 0xFFF5
[322] [M]: 0x800004F4 (0xFFF50513) addi a0, a0, 4095
x10 <- 0xFFFF7FFF


mem[X,0x800004F8] -> 0x0593
mem[X,0x800004FA] -> 0x01E0
[323] [M]: 0x800004F8 (0x01E00593) addi a1, zero, 30
x11 <- 0x0000001E


mem[X,0x800004FC] -> 0x5633
mem[X,0x800004FE] -> 0x00B5
[324] [M]: 0x800004FC (0x00B55633) srl a2, a0, a1
x12 <- 0x00000003


mem[X,0x80000500] -> 0xA023
mem[X,0x80000502] -> 0x06C0
[325] [M]: 0x80000500 (0x06C0A023) sw a2, 96(ra)
mem[0x800031E8] <- 0x00000003


mem[X,0x80000504] -> 0x0537
mem[X,0x80000506] -> 0xFFFF
[326] [M]: 0x80000504 (0xFFFF0537) lui a0, 1048560
x10 <- 0xFFFF0000


mem[X,0x80000508] -> 0x0513
mem[X,0x8000050A] -> 0xFFF5
[327] [M]: 0x80000508 (0xFFF50513) addi a0, a0, 4095
x10 <- 0xFFFEFFFF


mem[X,0x8000050C] -> 0x0593
mem[X,0x8000050E] -> 0x0120
[328] [M]: 0x8000050C (0x01200593) addi a1, zero, 18
x11 <- 0x00000012


mem[X,0x80000510] -> 0x5633
mem[X,0x80000512] -> 0x00B5
[329] [M]: 0x80000510 (0x00B55633) srl a2, a0, a1
x12 <- 0x00003FFF


mem[X,0x80000514] -> 0xA223
mem[X,0x80000516] -> 0x06C0
[330] [M]: 0x80000514 (0x06C0A223) sw a2, 100(ra)
mem[0x800031EC] <- 0x00003FFF


mem[X,0x80000518] -> 0x0537
mem[X,0x8000051A] -> 0xFFFE
[331] [M]: 0x80000518 (0xFFFE0537) lui a0, 1048544
x10 <- 0xFFFE0000


mem[X,0x8000051C] -> 0x0513
mem[X,0x8000051E] -> 0xFFF5
[332] [M]: 0x8000051C (0xFFF50513) addi a0, a0, 4095
x10 <- 0xFFFDFFFF


mem[X,0x80000520] -> 0x0593
mem[X,0x80000522] -> 0x01F0
[333] [M]: 0x80000520 (0x01F00593) addi a1, zero, 31
x11 <- 0x0000001F


mem[X,0x80000524] -> 0x5633
mem[X,0x80000526] -> 0x00B5
[334] [M]: 0x80000524 (0x00B55633) srl a2, a0, a1
x12 <- 0x00000001


mem[X,0x80000528] -> 0xA423
mem[X,0x8000052A] -> 0x06C0
[335] [M]: 0x80000528 (0x06C0A423) sw a2, 104(ra)
mem[0x800031F0] <- 0x00000001


mem[X,0x8000052C] -> 0x0537
mem[X,0x8000052E] -> 0xFFFC
[336] [M]: 0x8000052C (0xFFFC0537) lui a0, 1048512
x10 <- 0xFFFC0000


mem[X,0x80000530] -> 0x0513
mem[X,0x80000532] -> 0xFFF5
[337] [M]: 0x80000530 (0xFFF50513) addi a0, a0, 4095
x10 <- 0xFFFBFFFF


mem[X,0x80000534] -> 0x0593
mem[X,0x80000536] -> 0x00F0
[338] [M]: 0x80000534 (0x00F00593) addi a1, zero, 15
x11 <- 0x0000000F


mem[X,0x80000538] -> 0x5633
mem[X,0x8000053A] -> 0x00B5
[339] [M]: 0x80000538 (0x00B55633) srl a2, a0, a1
x12 <- 0x0001FFF7


mem[X,0x8000053C] -> 0xA623
mem[X,0x8000053E] -> 0x06C0
[340] [M]: 0x8000053C (0x06C0A623) sw a2, 108(ra)
mem[0x800031F4] <- 0x0001FFF7


mem[X,0x80000540] -> 0x0537
mem[X,0x80000542] -> 0xFFF8
[341] [M]: 0x80000540 (0xFFF80537) lui a0, 1048448
x10 <- 0xFFF80000


mem[X,0x80000544] -> 0x0513
mem[X,0x80000546] -> 0xFFF5
[342] [M]: 0x80000544 (0xFFF50513) addi a0, a0, 4095
x10 <- 0xFFF7FFFF


mem[X,0x80000548] -> 0x0593
mem[X,0x8000054A] -> 0x01B0
[343] [M]: 0x80000548 (0x01B00593) addi a1, zero, 27
x11 <- 0x0000001B


mem[X,0x8000054C] -> 0x5633
mem[X,0x8000054E] -> 0x00B5
[344] [M]: 0x8000054C (0x00B55633) srl a2, a0, a1
x12 <- 0x0000001F


mem[X,0x80000550] -> 0xA823
mem[X,0x80000552] -> 0x06C0
[345] [M]: 0x80000550 (0x06C0A823) sw a2, 112(ra)
mem[0x800031F8] <- 0x0000001F


mem[X,0x80000554] -> 0x0537
mem[X,0x80000556] -> 0xFFF0
[346] [M]: 0x80000554 (0xFFF00537) lui a0, 1048320
x10 <- 0xFFF00000


mem[X,0x80000558] -> 0x0513
mem[X,0x8000055A] -> 0xFFF5
[347] [M]: 0x80000558 (0xFFF50513) addi a0, a0, 4095
x10 <- 0xFFEFFFFF


mem[X,0x8000055C] -> 0x0593
mem[X,0x8000055E] -> 0x0060
[348] [M]: 0x8000055C (0x00600593) addi a1, zero, 6
x11 <- 0x00000006


mem[X,0x80000560] -> 0x5633
mem[X,0x80000562] -> 0x00B5
[349] [M]: 0x80000560 (0x00B55633) srl a2, a0, a1
x12 <- 0x03FFBFFF


mem[X,0x80000564] -> 0xAA23
mem[X,0x80000566] -> 0x06C0
[350] [M]: 0x80000564 (0x06C0AA23) sw a2, 116(ra)
mem[0x800031FC] <- 0x03FFBFFF


mem[X,0x80000568] -> 0x0537
mem[X,0x8000056A] -> 0xFF80
[351] [M]: 0x80000568 (0xFF800537) lui a0, 1046528
x10 <- 0xFF800000


mem[X,0x8000056C] -> 0x0513
mem[X,0x8000056E] -> 0xFFF5
[352] [M]: 0x8000056C (0xFFF50513) addi a0, a0, 4095
x10 <- 0xFF7FFFFF


mem[X,0x80000570] -> 0x0593
mem[X,0x80000572] -> 0x0120
[353] [M]: 0x80000570 (0x01200593) addi a1, zero, 18
x11 <- 0x00000012


mem[X,0x80000574] -> 0x5633
mem[X,0x80000576] -> 0x00B5
[354] [M]: 0x80000574 (0x00B55633) srl a2, a0, a1
x12 <- 0x00003FDF


mem[X,0x80000578] -> 0xAC23
mem[X,0x8000057A] -> 0x06C0
[355] [M]: 0x80000578 (0x06C0AC23) sw a2, 120(ra)
mem[0x80003200] <- 0x00003FDF


mem[X,0x8000057C] -> 0x0537
mem[X,0x8000057E] -> 0xFF00
[356] [M]: 0x8000057C (0xFF000537) lui a0, 1044480
x10 <- 0xFF000000


mem[X,0x80000580] -> 0x0513
mem[X,0x80000582] -> 0xFFF5
[357] [M]: 0x80000580 (0xFFF50513) addi a0, a0, 4095
x10 <- 0xFEFFFFFF


mem[X,0x80000584] -> 0x0593
mem[X,0x80000586] -> 0x0110
[358] [M]: 0x80000584 (0x01100593) addi a1, zero, 17
x11 <- 0x00000011


mem[X,0x80000588] -> 0x5633
mem[X,0x8000058A] -> 0x00B5
[359] [M]: 0x80000588 (0x00B55633) srl a2, a0, a1
x12 <- 0x00007F7F


mem[X,0x8000058C] -> 0xAE23
mem[X,0x8000058E] -> 0x06C0
[360] [M]: 0x8000058C (0x06C0AE23) sw a2, 124(ra)
mem[0x80003204] <- 0x00007F7F


mem[X,0x80000590] -> 0x0537
mem[X,0x80000592] -> 0xFE00
[361] [M]: 0x80000590 (0xFE000537) lui a0, 1040384
x10 <- 0xFE000000


mem[X,0x80000594] -> 0x0513
mem[X,0x80000596] -> 0xFFF5
[362] [M]: 0x80000594 (0xFFF50513) addi a0, a0, 4095
x10 <- 0xFDFFFFFF


mem[X,0x80000598] -> 0x0593
mem[X,0x8000059A] -> 0x00C0
[363] [M]: 0x80000598 (0x00C00593) addi a1, zero, 12
x11 <- 0x0000000C


mem[X,0x8000059C] -> 0x5633
mem[X,0x8000059E] -> 0x00B5
[364] [M]: 0x8000059C (0x00B55633) srl a2, a0, a1
x12 <- 0x000FDFFF


mem[X,0x800005A0] -> 0xA023
mem[X,0x800005A2] -> 0x08C0
[365] [M]: 0x800005A0 (0x08C0A023) sw a2, 128(ra)
mem[0x80003208] <- 0x000FDFFF


mem[X,0x800005A4] -> 0x0537
mem[X,0x800005A6] -> 0xFC00
[366] [M]: 0x800005A4 (0xFC000537) lui a0, 1032192
x10 <- 0xFC000000


mem[X,0x800005A8] -> 0x0513
mem[X,0x800005AA] -> 0xFFF5
[367] [M]: 0x800005A8 (0xFFF50513) addi a0, a0, 4095
x10 <- 0xFBFFFFFF


mem[X,0x800005AC] -> 0x0593
mem[X,0x800005AE] -> 0x0170
[368] [M]: 0x800005AC (0x01700593) addi a1, zero, 23
x11 <- 0x00000017


mem[X,0x800005B0] -> 0x5633
mem[X,0x800005B2] -> 0x00B5
[369] [M]: 0x800005B0 (0x00B55633) srl a2, a0, a1
x12 <- 0x000001F7


mem[X,0x800005B4] -> 0xA223
mem[X,0x800005B6] -> 0x08C0
[370] [M]: 0x800005B4 (0x08C0A223) sw a2, 132(ra)
mem[0x8000320C] <- 0x000001F7


mem[X,0x800005B8] -> 0x0537
mem[X,0x800005BA] -> 0xF800
[371] [M]: 0x800005B8 (0xF8000537) lui a0, 1015808
x10 <- 0xF8000000


mem[X,0x800005BC] -> 0x0513
mem[X,0x800005BE] -> 0xFFF5
[372] [M]: 0x800005BC (0xFFF50513) addi a0, a0, 4095
x10 <- 0xF7FFFFFF


mem[X,0x800005C0] -> 0x0593
mem[X,0x800005C2] -> 0x0010
[373] [M]: 0x800005C0 (0x00100593) addi a1, zero, 1
x11 <- 0x00000001


mem[X,0x800005C4] -> 0x5633
mem[X,0x800005C6] -> 0x00B5
[374] [M]: 0x800005C4 (0x00B55633) srl a2, a0, a1
x12 <- 0x7BFFFFFF


mem[X,0x800005C8] -> 0xA423
mem[X,0x800005CA] -> 0x08C0
[375] [M]: 0x800005C8 (0x08C0A423) sw a2, 136(ra)
mem[0x80003210] <- 0x7BFFFFFF


mem[X,0x800005CC] -> 0x0537
mem[X,0x800005CE] -> 0xF000
[376] [M]: 0x800005CC (0xF0000537) lui a0, 983040
x10 <- 0xF0000000


mem[X,0x800005D0] -> 0x0513
mem[X,0x800005D2] -> 0xFFF5
[377] [M]: 0x800005D0 (0xFFF50513) addi a0, a0, 4095
x10 <- 0xEFFFFFFF


mem[X,0x800005D4] -> 0x0593
mem[X,0x800005D6] -> 0x0090
[378] [M]: 0x800005D4 (0x00900593) addi a1, zero, 9
x11 <- 0x00000009


mem[X,0x800005D8] -> 0x5633
mem[X,0x800005DA] -> 0x00B5
[379] [M]: 0x800005D8 (0x00B55633) srl a2, a0, a1
x12 <- 0x0077FFFF


mem[X,0x800005DC] -> 0xA623
mem[X,0x800005DE] -> 0x08C0
[380] [M]: 0x800005DC (0x08C0A623) sw a2, 140(ra)
mem[0x80003214] <- 0x0077FFFF


mem[X,0x800005E0] -> 0x0537
mem[X,0x800005E2] -> 0xE000
[381] [M]: 0x800005E0 (0xE0000537) lui a0, 917504
x10 <- 0xE0000000


mem[X,0x800005E4] -> 0x0513
mem[X,0x800005E6] -> 0xFFF5
[382] [M]: 0x800005E4 (0xFFF50513) addi a0, a0, 4095
x10 <- 0xDFFFFFFF


mem[X,0x800005E8] -> 0x0593
mem[X,0x800005EA] -> 0x00D0
[383] [M]: 0x800005E8 (0x00D00593) addi a1, zero, 13
x11 <- 0x0000000D


mem[X,0x800005EC] -> 0x5633
mem[X,0x800005EE] -> 0x00B5
[384] [M]: 0x800005EC (0x00B55633) srl a2, a0, a1
x12 <- 0x0006FFFF


mem[X,0x800005F0] -> 0xA823
mem[X,0x800005F2] -> 0x08C0
[385] [M]: 0x800005F0 (0x08C0A823) sw a2, 144(ra)
mem[0x80003218] <- 0x0006FFFF


mem[X,0x800005F4] -> 0x0537
mem[X,0x800005F6] -> 0xC000
[386] [M]: 0x800005F4 (0xC0000537) lui a0, 786432
x10 <- 0xC0000000


mem[X,0x800005F8] -> 0x0513
mem[X,0x800005FA] -> 0xFFF5
[387] [M]: 0x800005F8 (0xFFF50513) addi a0, a0, 4095
x10 <- 0xBFFFFFFF


mem[X,0x800005FC] -> 0x0593
mem[X,0x800005FE] -> 0x0080
[388] [M]: 0x800005FC (0x00800593) addi a1, zero, 8
x11 <- 0x00000008


mem[X,0x80000600] -> 0x5633
mem[X,0x80000602] -> 0x00B5
[389] [M]: 0x80000600 (0x00B55633) srl a2, a0, a1
x12 <- 0x00BFFFFF


mem[X,0x80000604] -> 0xAA23
mem[X,0x80000606] -> 0x08C0
[390] [M]: 0x80000604 (0x08C0AA23) sw a2, 148(ra)
mem[0x8000321C] <- 0x00BFFFFF


mem[X,0x80000608] -> 0x5537
mem[X,0x8000060A] -> 0x5555
[391] [M]: 0x80000608 (0x55555537) lui a0, 349525
x10 <- 0x55555000


mem[X,0x8000060C] -> 0x0513
mem[X,0x8000060E] -> 0x5555
[392] [M]: 0x8000060C (0x55550513) addi a0, a0, 1365
x10 <- 0x55555555


mem[X,0x80000610] -> 0x0593
mem[X,0x80000612] -> 0x00B0
[393] [M]: 0x80000610 (0x00B00593) addi a1, zero, 11
x11 <- 0x0000000B


mem[X,0x80000614] -> 0x5633
mem[X,0x80000616] -> 0x00B5
[394] [M]: 0x80000614 (0x00B55633) srl a2, a0, a1
x12 <- 0x000AAAAA


mem[X,0x80000618] -> 0xAC23
mem[X,0x8000061A] -> 0x08C0
[395] [M]: 0x80000618 (0x08C0AC23) sw a2, 152(ra)
mem[0x80003220] <- 0x000AAAAA


mem[X,0x8000061C] -> 0xB537
mem[X,0x8000061E] -> 0xAAAA
[396] [M]: 0x8000061C (0xAAAAB537) lui a0, 699051
x10 <- 0xAAAAB000


mem[X,0x80000620] -> 0x0513
mem[X,0x80000622] -> 0xAAA5
[397] [M]: 0x80000620 (0xAAA50513) addi a0, a0, 2730
x10 <- 0xAAAAAAAA


mem[X,0x80000624] -> 0x0593
mem[X,0x80000626] -> 0x01D0
[398] [M]: 0x80000624 (0x01D00593) addi a1, zero, 29
x11 <- 0x0000001D


mem[X,0x80000628] -> 0x5633
mem[X,0x8000062A] -> 0x00B5
[399] [M]: 0x80000628 (0x00B55633) srl a2, a0, a1
x12 <- 0x00000005


clint::tick mtime <- 0x0000000000000004
 clint timer pending at mtime 0x0000000000000004
htif::tick 0x0000000000000000
mem[X,0x8000062C] -> 0xAE23
mem[X,0x8000062E] -> 0x08C0
[400] [M]: 0x8000062C (0x08C0AE23) sw a2, 156(ra)
mem[0x80003224] <- 0x00000005


mem[X,0x80000630] -> 0x0513
mem[X,0x80000632] -> 0x0030
[401] [M]: 0x80000630 (0x00300513) addi a0, zero, 3
x10 <- 0x00000003


mem[X,0x80000634] -> 0x0593
mem[X,0x80000636] -> 0x0030
[402] [M]: 0x80000634 (0x00300593) addi a1, zero, 3
x11 <- 0x00000003


mem[X,0x80000638] -> 0x5633
mem[X,0x8000063A] -> 0x00B5
[403] [M]: 0x80000638 (0x00B55633) srl a2, a0, a1
x12 <- 0x00000000


mem[X,0x8000063C] -> 0xA023
mem[X,0x8000063E] -> 0x0AC0
[404] [M]: 0x8000063C (0x0AC0A023) sw a2, 160(ra)
mem[0x80003228] <- 0x00000000


mem[X,0x80000640] -> 0x0513
mem[X,0x80000642] -> 0x0050
[405] [M]: 0x80000640 (0x00500513) addi a0, zero, 5
x10 <- 0x00000005


mem[X,0x80000644] -> 0x0593
mem[X,0x80000646] -> 0x00F0
[406] [M]: 0x80000644 (0x00F00593) addi a1, zero, 15
x11 <- 0x0000000F


mem[X,0x80000648] -> 0x5633
mem[X,0x8000064A] -> 0x00B5
[407] [M]: 0x80000648 (0x00B55633) srl a2, a0, a1
x12 <- 0x00000000


mem[X,0x8000064C] -> 0xA223
mem[X,0x8000064E] -> 0x0AC0
[408] [M]: 0x8000064C (0x0AC0A223) sw a2, 164(ra)
mem[0x8000322C] <- 0x00000000


mem[X,0x80000650] -> 0x3537
mem[X,0x80000652] -> 0x3333
[409] [M]: 0x80000650 (0x33333537) lui a0, 209715
x10 <- 0x33333000


mem[X,0x80000654] -> 0x0513
mem[X,0x80000656] -> 0x3335
[410] [M]: 0x80000654 (0x33350513) addi a0, a0, 819
x10 <- 0x33333333


mem[X,0x80000658] -> 0x0593
mem[X,0x8000065A] -> 0x00A0
[411] [M]: 0x80000658 (0x00A00593) addi a1, zero, 10
x11 <- 0x0000000A


mem[X,0x8000065C] -> 0x5633
mem[X,0x8000065E] -> 0x00B5
[412] [M]: 0x8000065C (0x00B55633) srl a2, a0, a1
x12 <- 0x000CCCCC


mem[X,0x80000660] -> 0xA423
mem[X,0x80000662] -> 0x0AC0
[413] [M]: 0x80000660 (0x0AC0A423) sw a2, 168(ra)
mem[0x80003230] <- 0x000CCCCC


mem[X,0x80000664] -> 0x6537
mem[X,0x80000666] -> 0x6666
[414] [M]: 0x80000664 (0x66666537) lui a0, 419430
x10 <- 0x66666000


mem[X,0x80000668] -> 0x0513
mem[X,0x8000066A] -> 0x6665
[415] [M]: 0x80000668 (0x66650513) addi a0, a0, 1638
x10 <- 0x66666666


mem[X,0x8000066C] -> 0x0593
mem[X,0x8000066E] -> 0x0130
[416] [M]: 0x8000066C (0x01300593) addi a1, zero, 19
x11 <- 0x00000013


mem[X,0x80000670] -> 0x5633
mem[X,0x80000672] -> 0x00B5
[417] [M]: 0x80000670 (0x00B55633) srl a2, a0, a1
x12 <- 0x00000CCC


mem[X,0x80000674] -> 0xA623
mem[X,0x80000676] -> 0x0AC0
[418] [M]: 0x80000674 (0x0AC0A623) sw a2, 172(ra)
mem[0x80003234] <- 0x00000CCC


mem[X,0x80000678] -> 0xB537
mem[X,0x8000067A] -> 0x0000
[419] [M]: 0x80000678 (0x0000B537) lui a0, 11
x10 <- 0x0000B000


mem[X,0x8000067C] -> 0x0513
mem[X,0x8000067E] -> 0x5055
[420] [M]: 0x8000067C (0x50550513) addi a0, a0, 1285
x10 <- 0x0000B505


mem[X,0x80000680] -> 0x0593
mem[X,0x80000682] -> 0x01F0
[421] [M]: 0x80000680 (0x01F00593) addi a1, zero, 31
x11 <- 0x0000001F


mem[X,0x80000684] -> 0x5633
mem[X,0x80000686] -> 0x00B5
[422] [M]: 0x80000684 (0x00B55633) srl a2, a0, a1
x12 <- 0x00000000


mem[X,0x80000688] -> 0xA823
mem[X,0x8000068A] -> 0x0AC0
[423] [M]: 0x80000688 (0x0AC0A823) sw a2, 176(ra)
mem[0x80003238] <- 0x00000000


mem[X,0x8000068C] -> 0x0513
mem[X,0x8000068E] -> 0x0060
[424] [M]: 0x8000068C (0x00600513) addi a0, zero, 6
x10 <- 0x00000006


mem[X,0x80000690] -> 0x0593
mem[X,0x80000692] -> 0x0040
[425] [M]: 0x80000690 (0x00400593) addi a1, zero, 4
x11 <- 0x00000004


mem[X,0x80000694] -> 0x5633
mem[X,0x80000696] -> 0x00B5
[426] [M]: 0x80000694 (0x00B55633) srl a2, a0, a1
x12 <- 0x00000000


mem[X,0x80000698] -> 0xAA23
mem[X,0x8000069A] -> 0x0AC0
[427] [M]: 0x80000698 (0x0AC0AA23) sw a2, 180(ra)
mem[0x8000323C] <- 0x00000000


mem[X,0x8000069C] -> 0x0537
mem[X,0x8000069E] -> 0xFE00
[428] [M]: 0x8000069C (0xFE000537) lui a0, 1040384
x10 <- 0xFE000000


mem[X,0x800006A0] -> 0x0513
mem[X,0x800006A2] -> 0xFFF5
[429] [M]: 0x800006A0 (0xFFF50513) addi a0, a0, 4095
x10 <- 0xFDFFFFFF


mem[X,0x800006A4] -> 0x0593
mem[X,0x800006A6] -> 0x0150
[430] [M]: 0x800006A4 (0x01500593) addi a1, zero, 21
x11 <- 0x00000015


mem[X,0x800006A8] -> 0x5633
mem[X,0x800006AA] -> 0x00B5
[431] [M]: 0x800006A8 (0x00B55633) srl a2, a0, a1
x12 <- 0x000007EF


mem[X,0x800006AC] -> 0xAC23
mem[X,0x800006AE] -> 0x0AC0
[432] [M]: 0x800006AC (0x0AC0AC23) sw a2, 184(ra)
mem[0x80003240] <- 0x000007EF


mem[X,0x800006B0] -> 0x5537
mem[X,0x800006B2] -> 0xFFFF
[433] [M]: 0x800006B0 (0xFFFF5537) lui a0, 1048565
x10 <- 0xFFFF5000


mem[X,0x800006B4] -> 0x0513
mem[X,0x800006B6] -> 0xAFC5
[434] [M]: 0x800006B4 (0xAFC50513) addi a0, a0, 2812
x10 <- 0xFFFF4AFC


mem[X,0x800006B8] -> 0x0593
mem[X,0x800006BA] -> 0x00C0
[435] [M]: 0x800006B8 (0x00C00593) addi a1, zero, 12
x11 <- 0x0000000C


mem[X,0x800006BC] -> 0x5633
mem[X,0x800006BE] -> 0x00B5
[436] [M]: 0x800006BC (0x00B55633) srl a2, a0, a1
x12 <- 0x000FFFF4


mem[X,0x800006C0] -> 0xAE23
mem[X,0x800006C2] -> 0x0AC0
[437] [M]: 0x800006C0 (0x0AC0AE23) sw a2, 188(ra)
mem[0x80003244] <- 0x000FFFF4


mem[X,0x800006C4] -> 0xB537
mem[X,0x800006C6] -> 0x0000
[438] [M]: 0x800006C4 (0x0000B537) lui a0, 11
x10 <- 0x0000B000


mem[X,0x800006C8] -> 0x0513
mem[X,0x800006CA] -> 0x5045
[439] [M]: 0x800006C8 (0x50450513) addi a0, a0, 1284
x10 <- 0x0000B504


mem[X,0x800006CC] -> 0x0593
mem[X,0x800006CE] -> 0x01D0
[440] [M]: 0x800006CC (0x01D00593) addi a1, zero, 29
x11 <- 0x0000001D


mem[X,0x800006D0] -> 0x5633
mem[X,0x800006D2] -> 0x00B5
[441] [M]: 0x800006D0 (0x00B55633) srl a2, a0, a1
x12 <- 0x00000000


mem[X,0x800006D4] -> 0xA023
mem[X,0x800006D6] -> 0x0CC0
[442] [M]: 0x800006D4 (0x0CC0A023) sw a2, 192(ra)
mem[0x80003248] <- 0x00000000


mem[X,0x800006D8] -> 0x5537
mem[X,0x800006DA] -> 0x5555
[443] [M]: 0x800006D8 (0x55555537) lui a0, 349525
x10 <- 0x55555000


mem[X,0x800006DC] -> 0x0513
mem[X,0x800006DE] -> 0x5545
[444] [M]: 0x800006DC (0x55450513) addi a0, a0, 1364
x10 <- 0x55555554


mem[X,0x800006E0] -> 0x0593
mem[X,0x800006E2] -> 0x0150
[445] [M]: 0x800006E0 (0x01500593) addi a1, zero, 21
x11 <- 0x00000015


mem[X,0x800006E4] -> 0x5633
mem[X,0x800006E6] -> 0x00B5
[446] [M]: 0x800006E4 (0x00B55633) srl a2, a0, a1
x12 <- 0x000002AA


mem[X,0x800006E8] -> 0xA223
mem[X,0x800006EA] -> 0x0CC0
[447] [M]: 0x800006E8 (0x0CC0A223) sw a2, 196(ra)
mem[0x8000324C] <- 0x000002AA


mem[X,0x800006EC] -> 0x0537
mem[X,0x800006EE] -> 0xFFE0
[448] [M]: 0x800006EC (0xFFE00537) lui a0, 1048064
x10 <- 0xFFE00000


mem[X,0x800006F0] -> 0x0513
mem[X,0x800006F2] -> 0xFFF5
[449] [M]: 0x800006F0 (0xFFF50513) addi a0, a0, 4095
x10 <- 0xFFDFFFFF


mem[X,0x800006F4] -> 0x0593
mem[X,0x800006F6] -> 0x00E0
[450] [M]: 0x800006F4 (0x00E00593) addi a1, zero, 14
x11 <- 0x0000000E


mem[X,0x800006F8] -> 0x5633
mem[X,0x800006FA] -> 0x00B5
[451] [M]: 0x800006F8 (0x00B55633) srl a2, a0, a1
x12 <- 0x0003FF7F


mem[X,0x800006FC] -> 0xA423
mem[X,0x800006FE] -> 0x0CC0
[452] [M]: 0x800006FC (0x0CC0A423) sw a2, 200(ra)
mem[0x80003250] <- 0x0003FF7F


mem[X,0x80000700] -> 0x3537
mem[X,0x80000702] -> 0x3333
[453] [M]: 0x80000700 (0x33333537) lui a0, 209715
x10 <- 0x33333000


mem[X,0x80000704] -> 0x0513
mem[X,0x80000706] -> 0x3325
[454] [M]: 0x80000704 (0x33250513) addi a0, a0, 818
x10 <- 0x33333332


mem[X,0x80000708] -> 0x0593
mem[X,0x8000070A] -> 0x0000
[455] [M]: 0x80000708 (0x00000593) addi a1, zero, 0
x11 <- 0x00000000


mem[X,0x8000070C] -> 0x5633
mem[X,0x8000070E] -> 0x00B5
[456] [M]: 0x8000070C (0x00B55633) srl a2, a0, a1
x12 <- 0x33333332


mem[X,0x80000710] -> 0xA623
mem[X,0x80000712] -> 0x0CC0
[457] [M]: 0x80000710 (0x0CC0A623) sw a2, 204(ra)
mem[0x80003254] <- 0x33333332


mem[X,0x80000714] -> 0x6537
mem[X,0x80000716] -> 0x6666
[458] [M]: 0x80000714 (0x66666537) lui a0, 419430
x10 <- 0x66666000


mem[X,0x80000718] -> 0x0513
mem[X,0x8000071A] -> 0x6655
[459] [M]: 0x80000718 (0x66550513) addi a0, a0, 1637
x10 <- 0x66666665


mem[X,0x8000071C] -> 0x0593
mem[X,0x8000071E] -> 0x0030
[460] [M]: 0x8000071C (0x00300593) addi a1, zero, 3
x11 <- 0x00000003


mem[X,0x80000720] -> 0x5633
mem[X,0x80000722] -> 0x00B5
[461] [M]: 0x80000720 (0x00B55633) srl a2, a0, a1
x12 <- 0x0CCCCCCC


mem[X,0x80000724] -> 0xA823
mem[X,0x80000726] -> 0x0CC0
[462] [M]: 0x80000724 (0x0CC0A823) sw a2, 208(ra)
mem[0x80003258] <- 0x0CCCCCCC


mem[X,0x80000728] -> 0xB537
mem[X,0x8000072A] -> 0x0000
[463] [M]: 0x80000728 (0x0000B537) lui a0, 11
x10 <- 0x0000B000


mem[X,0x8000072C] -> 0x0513
mem[X,0x8000072E] -> 0x5035
[464] [M]: 0x8000072C (0x50350513) addi a0, a0, 1283
x10 <- 0x0000B503


mem[X,0x80000730] -> 0x0593
mem[X,0x80000732] -> 0x0010
[465] [M]: 0x80000730 (0x00100593) addi a1, zero, 1
x11 <- 0x00000001


mem[X,0x80000734] -> 0x5633
mem[X,0x80000736] -> 0x00B5
[466] [M]: 0x80000734 (0x00B55633) srl a2, a0, a1
x12 <- 0x00005A81


mem[X,0x80000738] -> 0xAA23
mem[X,0x8000073A] -> 0x0CC0
[467] [M]: 0x80000738 (0x0CC0AA23) sw a2, 212(ra)
mem[0x8000325C] <- 0x00005A81


mem[X,0x8000073C] -> 0xB537
mem[X,0x8000073E] -> 0xAAAA
[468] [M]: 0x8000073C (0xAAAAB537) lui a0, 699051
x10 <- 0xAAAAB000


mem[X,0x80000740] -> 0x0513
mem[X,0x80000742] -> 0xAAB5
[469] [M]: 0x80000740 (0xAAB50513) addi a0, a0, 2731
x10 <- 0xAAAAAAAB


mem[X,0x80000744] -> 0x0593
mem[X,0x80000746] -> 0x00B0
[470] [M]: 0x80000744 (0x00B00593) addi a1, zero, 11
x11 <- 0x0000000B


mem[X,0x80000748] -> 0x5633
mem[X,0x8000074A] -> 0x00B5
[471] [M]: 0x80000748 (0x00B55633) srl a2, a0, a1
x12 <- 0x00155555


mem[X,0x8000074C] -> 0xAC23
mem[X,0x8000074E] -> 0x0CC0
[472] [M]: 0x8000074C (0x0CC0AC23) sw a2, 216(ra)
mem[0x80003260] <- 0x00155555


mem[X,0x80000750] -> 0x3537
mem[X,0x80000752] -> 0x3333
[473] [M]: 0x80000750 (0x33333537) lui a0, 209715
x10 <- 0x33333000


mem[X,0x80000754] -> 0x0513
mem[X,0x80000756] -> 0x3345
[474] [M]: 0x80000754 (0x33450513) addi a0, a0, 820
x10 <- 0x33333334


mem[X,0x80000758] -> 0x0593
mem[X,0x8000075A] -> 0x01B0
[475] [M]: 0x80000758 (0x01B00593) addi a1, zero, 27
x11 <- 0x0000001B


mem[X,0x8000075C] -> 0x5633
mem[X,0x8000075E] -> 0x00B5
[476] [M]: 0x8000075C (0x00B55633) srl a2, a0, a1
x12 <- 0x00000006


mem[X,0x80000760] -> 0xAE23
mem[X,0x80000762] -> 0x0CC0
[477] [M]: 0x80000760 (0x0CC0AE23) sw a2, 220(ra)
mem[0x80003264] <- 0x00000006


mem[X,0x80000764] -> 0x6537
mem[X,0x80000766] -> 0x6666
[478] [M]: 0x80000764 (0x66666537) lui a0, 419430
x10 <- 0x66666000


mem[X,0x80000768] -> 0x0513
mem[X,0x8000076A] -> 0x6675
[479] [M]: 0x80000768 (0x66750513) addi a0, a0, 1639
x10 <- 0x66666667


mem[X,0x8000076C] -> 0x0593
mem[X,0x8000076E] -> 0x0060
[480] [M]: 0x8000076C (0x00600593) addi a1, zero, 6
x11 <- 0x00000006


mem[X,0x80000770] -> 0x5633
mem[X,0x80000772] -> 0x00B5
[481] [M]: 0x80000770 (0x00B55633) srl a2, a0, a1
x12 <- 0x01999999


mem[X,0x80000774] -> 0xA023
mem[X,0x80000776] -> 0x0EC0
[482] [M]: 0x80000774 (0x0EC0A023) sw a2, 224(ra)
mem[0x80003268] <- 0x01999999


mem[X,0x80000778] -> 0x5537
mem[X,0x8000077A] -> 0xFFFF
[483] [M]: 0x80000778 (0xFFFF5537) lui a0, 1048565
x10 <- 0xFFFF5000


mem[X,0x8000077C] -> 0x0513
mem[X,0x8000077E] -> 0xAFD5
[484] [M]: 0x8000077C (0xAFD50513) addi a0, a0, 2813
x10 <- 0xFFFF4AFD


mem[X,0x80000780] -> 0x0593
mem[X,0x80000782] -> 0x0060
[485] [M]: 0x80000780 (0x00600593) addi a1, zero, 6
x11 <- 0x00000006


mem[X,0x80000784] -> 0x5633
mem[X,0x80000786] -> 0x00B5
[486] [M]: 0x80000784 (0x00B55633) srl a2, a0, a1
x12 <- 0x03FFFD2B


mem[X,0x80000788] -> 0xA223
mem[X,0x8000078A] -> 0x0EC0
[487] [M]: 0x80000788 (0x0EC0A223) sw a2, 228(ra)
mem[0x8000326C] <- 0x03FFFD2B


mem[X,0x8000078C] -> 0x5537
mem[X,0x8000078E] -> 0x5555
[488] [M]: 0x8000078C (0x55555537) lui a0, 349525
x10 <- 0x55555000


mem[X,0x80000790] -> 0x0513
mem[X,0x80000792] -> 0x5565
[489] [M]: 0x80000790 (0x55650513) addi a0, a0, 1366
x10 <- 0x55555556


mem[X,0x80000794] -> 0x0593
mem[X,0x80000796] -> 0x0080
[490] [M]: 0x80000794 (0x00800593) addi a1, zero, 8
x11 <- 0x00000008


mem[X,0x80000798] -> 0x5633
mem[X,0x8000079A] -> 0x00B5
[491] [M]: 0x80000798 (0x00B55633) srl a2, a0, a1
x12 <- 0x00555555


mem[X,0x8000079C] -> 0xA423
mem[X,0x8000079E] -> 0x0EC0
[492] [M]: 0x8000079C (0x0EC0A423) sw a2, 232(ra)
mem[0x80003270] <- 0x00555555


mem[X,0x800007A0] -> 0x0513
mem[X,0x800007A2] -> 0xFFF0
[493] [M]: 0x800007A0 (0xFFF00513) addi a0, zero, 4095
x10 <- 0xFFFFFFFF


mem[X,0x800007A4] -> 0x0593
mem[X,0x800007A6] -> 0x0000
[494] [M]: 0x800007A4 (0x00000593) addi a1, zero, 0
x11 <- 0x00000000


mem[X,0x800007A8] -> 0x5633
mem[X,0x800007AA] -> 0x00B5
[495] [M]: 0x800007A8 (0x00B55633) srl a2, a0, a1
x12 <- 0xFFFFFFFF


mem[X,0x800007AC] -> 0xA623
mem[X,0x800007AE] -> 0x0EC0
[496] [M]: 0x800007AC (0x0EC0A623) sw a2, 236(ra)
mem[0x80003274] <- 0xFFFFFFFF


mem[X,0x800007B0] -> 0x0513
mem[X,0x800007B2] -> 0x0010
[497] [M]: 0x800007B0 (0x00100513) addi a0, zero, 1
x10 <- 0x00000001


mem[X,0x800007B4] -> 0x0593
mem[X,0x800007B6] -> 0x01D0
[498] [M]: 0x800007B4 (0x01D00593) addi a1, zero, 29
x11 <- 0x0000001D


mem[X,0x800007B8] -> 0x5633
mem[X,0x800007BA] -> 0x00B5
[499] [M]: 0x800007B8 (0x00B55633) srl a2, a0, a1
x12 <- 0x00000000


clint::tick mtime <- 0x0000000000000005
 clint timer pending at mtime 0x0000000000000005
htif::tick 0x0000000000000000
mem[X,0x800007BC] -> 0xA823
mem[X,0x800007BE] -> 0x0EC0
[500] [M]: 0x800007BC (0x0EC0A823) sw a2, 240(ra)
mem[0x80003278] <- 0x00000000


mem[X,0x800007C0] -> 0x0513
mem[X,0x800007C2] -> 0x0800
[501] [M]: 0x800007C0 (0x08000513) addi a0, zero, 128
x10 <- 0x00000080


mem[X,0x800007C4] -> 0x0593
mem[X,0x800007C6] -> 0x0060
[502] [M]: 0x800007C4 (0x00600593) addi a1, zero, 6
x11 <- 0x00000006


mem[X,0x800007C8] -> 0x5633
mem[X,0x800007CA] -> 0x00B5
[503] [M]: 0x800007C8 (0x00B55633) srl a2, a0, a1
x12 <- 0x00000002


mem[X,0x800007CC] -> 0xAA23
mem[X,0x800007CE] -> 0x0EC0
[504] [M]: 0x800007CC (0x0EC0AA23) sw a2, 244(ra)
mem[0x8000327C] <- 0x00000002


mem[X,0x800007D0] -> 0x0537
mem[X,0x800007D2] -> 0x0080
[505] [M]: 0x800007D0 (0x00800537) lui a0, 2048
x10 <- 0x00800000


mem[X,0x800007D4] -> 0x0593
mem[X,0x800007D6] -> 0x0010
[506] [M]: 0x800007D4 (0x00100593) addi a1, zero, 1
x11 <- 0x00000001


mem[X,0x800007D8] -> 0x5633
mem[X,0x800007DA] -> 0x00B5
[507] [M]: 0x800007D8 (0x00B55633) srl a2, a0, a1
x12 <- 0x00400000


mem[X,0x800007DC] -> 0xAC23
mem[X,0x800007DE] -> 0x0EC0
[508] [M]: 0x800007DC (0x0EC0AC23) sw a2, 248(ra)
mem[0x80003280] <- 0x00400000


mem[X,0x800007E0] -> 0x006F
mem[X,0x800007E2] -> 0x0200
[509] [M]: 0x800007E0 (0x0200006F) jal zero, 32


mem[X,0x80000800] -> 0x0093
mem[X,0x80000802] -> 0x0010
[510] [M]: 0x80000800 (0x00100093) addi ra, zero, 1
x1 <- 0x00000001


mem[X,0x80000804] -> 0x0F17
mem[X,0x80000806] -> 0x0000
[511] [M]: 0x80000804 (0x00000F17) auipc t5, 0
x30 <- 0x80000804


mem[X,0x80000808] -> 0x2E23
mem[X,0x8000080A] -> 0x7E1F
[512] [M]: 0x80000808 (0x7E1F2E23) sw ra, 2044(t5)
htif[0x80001000] <- 0x00000001


mem[X,0x8000080C] -> 0xF06F
mem[X,0x8000080E] -> 0xFF9F
[513] [M]: 0x8000080C (0xFF9FF06F) jal zero, 2097144


mem[X,0x80000804] -> 0x0F17
mem[X,0x80000806] -> 0x0000
[514] [M]: 0x80000804 (0x00000F17) auipc t5, 0
x30 <- 0x80000804


mem[X,0x80000808] -> 0x2E23
mem[X,0x8000080A] -> 0x7E1F
[515] [M]: 0x80000808 (0x7E1F2E23) sw ra, 2044(t5)
htif[0x80001000] <- 0x00000001


mem[X,0x8000080C] -> 0xF06F
mem[X,0x8000080E] -> 0xFF9F
[516] [M]: 0x8000080C (0xFF9FF06F) jal zero, 2097144


mem[X,0x80000804] -> 0x0F17
mem[X,0x80000806] -> 0x0000
[517] [M]: 0x80000804 (0x00000F17) auipc t5, 0
x30 <- 0x80000804


mem[X,0x80000808] -> 0x2E23
mem[X,0x8000080A] -> 0x7E1F
[518] [M]: 0x80000808 (0x7E1F2E23) sw ra, 2044(t5)
htif[0x80001000] <- 0x00000001
htif-syscall-proxy cmd: 0x000000000001

SUCCESS
