using /home/abdul_waheed/github_files/UET-Pcore-with-c-ext/verif/riscof_work/I/src/sh-align-01.S/ref/Reference-sail_c_simulator.signature for test-signature output.
[Sail] Allocating new block 0x80000000
tohost located at 0x80001000
[Sail] Allocating new block 0x0

Running file ref.elf.
ELF Entry @ 0x80000000
begin_signature: 0x80003110
end_signature: 0x80003240
CSR mstatus <- 0x00000000 (input: 0x00000000)
mem[X,0x00001000] -> 0x0297
mem[X,0x00001002] -> 0x0000
[0] [M]: 0x00001000 (0x00000297) auipc t0, 0
x5 <- 0x00001000


mem[X,0x00001004] -> 0x8593
mem[X,0x00001006] -> 0x0202
[1] [M]: 0x00001004 (0x02028593) addi a1, t0, 32
x11 <- 0x00001020


mem[X,0x00001008] -> 0x2573
mem[X,0x0000100A] -> 0xF140
[2] [M]: 0x00001008 (0xF1402573) csrrs a0, mhartid, zero
CSR mhartid -> 0x00000000
x10 <- 0x00000000


mem[X,0x0000100C] -> 0xA283
mem[X,0x0000100E] -> 0x0182
[3] [M]: 0x0000100C (0x0182A283) lw t0, 24(t0)
mem[R,0x00001018] -> 0x80000000
x5 <- 0x80000000


mem[X,0x00001010] -> 0x8067
mem[X,0x00001012] -> 0x0002
[4] [M]: 0x00001010 (0x00028067) jalr zero, t0, 0


mem[X,0x80000000] -> 0xC0B7
mem[X,0x80000002] -> 0xFEED
[5] [M]: 0x80000000 (0xFEEDC0B7) lui ra, 1044188
x1 <- 0xFEEDC000


mem[X,0x80000004] -> 0x8093
mem[X,0x80000006] -> 0xEAD0
[6] [M]: 0x80000004 (0xEAD08093) addi ra, ra, 3757
x1 <- 0xFEEDBEAD


mem[X,0x80000008] -> 0xE137
mem[X,0x8000000A] -> 0xFF76
[7] [M]: 0x80000008 (0xFF76E137) lui sp, 1046382
x2 <- 0xFF76E000


mem[X,0x8000000C] -> 0x0113
mem[X,0x8000000E] -> 0xF561
[8] [M]: 0x8000000C (0xF5610113) addi sp, sp, 3926
x2 <- 0xFF76DF56


mem[X,0x80000010] -> 0x71B7
mem[X,0x80000012] -> 0x7FBB
[9] [M]: 0x80000010 (0x7FBB71B7) lui gp, 523191
x3 <- 0x7FBB7000


mem[X,0x80000014] -> 0x8193
mem[X,0x80000016] -> 0xFAB1
[10] [M]: 0x80000014 (0xFAB18193) addi gp, gp, 4011
x3 <- 0x7FBB6FAB


mem[X,0x80000018] -> 0xB237
mem[X,0x8000001A] -> 0xBFDD
[11] [M]: 0x80000018 (0xBFDDB237) lui tp, 785883
x4 <- 0xBFDDB000


mem[X,0x8000001C] -> 0x0213
mem[X,0x8000001E] -> 0x7D52
[12] [M]: 0x8000001C (0x7D520213) addi tp, tp, 2005
x4 <- 0xBFDDB7D5


mem[X,0x80000020] -> 0xE2B7
mem[X,0x80000022] -> 0xDFEE
[13] [M]: 0x80000020 (0xDFEEE2B7) lui t0, 917230
x5 <- 0xDFEEE000


mem[X,0x80000024] -> 0x8293
mem[X,0x80000026] -> 0xBEA2
[14] [M]: 0x80000024 (0xBEA28293) addi t0, t0, 3050
x5 <- 0xDFEEDBEA


mem[X,0x80000028] -> 0x7337
mem[X,0x8000002A] -> 0x6FF7
[15] [M]: 0x80000028 (0x6FF77337) lui t1, 458615
x6 <- 0x6FF77000


mem[X,0x8000002C] -> 0x0313
mem[X,0x8000002E] -> 0xDF53
[16] [M]: 0x8000002C (0xDF530313) addi t1, t1, 3573
x6 <- 0x6FF76DF5


mem[X,0x80000030] -> 0xB3B7
mem[X,0x80000032] -> 0xB7FB
[17] [M]: 0x80000030 (0xB7FBB3B7) lui t2, 753595
x7 <- 0xB7FBB000


mem[X,0x80000034] -> 0x8393
mem[X,0x80000036] -> 0x6FA3
[18] [M]: 0x80000034 (0x6FA38393) addi t2, t2, 1786
x7 <- 0xB7FBB6FA


mem[X,0x80000038] -> 0xE437
mem[X,0x8000003A] -> 0x5BFD
[19] [M]: 0x80000038 (0x5BFDE437) lui fp, 376798
x8 <- 0x5BFDE000


mem[X,0x8000003C] -> 0x0413
mem[X,0x8000003E] -> 0xB7D4
[20] [M]: 0x8000003C (0xB7D40413) addi fp, fp, 2941
x8 <- 0x5BFDDB7D


mem[X,0x80000040] -> 0xF4B7
mem[X,0x80000042] -> 0xADFE
[21] [M]: 0x80000040 (0xADFEF4B7) lui s1, 712687
x9 <- 0xADFEF000


mem[X,0x80000044] -> 0x8493
mem[X,0x80000046] -> 0xDBE4
[22] [M]: 0x80000044 (0xDBE48493) addi s1, s1, 3518
x9 <- 0xADFEEDBE


mem[X,0x80000048] -> 0x7537
mem[X,0x8000004A] -> 0x56FF
[23] [M]: 0x80000048 (0x56FF7537) lui a0, 356343
x10 <- 0x56FF7000


mem[X,0x8000004C] -> 0x0513
mem[X,0x8000004E] -> 0x6DF5
[24] [M]: 0x8000004C (0x6DF50513) addi a0, a0, 1759
x10 <- 0x56FF76DF


mem[X,0x80000050] -> 0xC5B7
mem[X,0x80000052] -> 0xAB7F
[25] [M]: 0x80000050 (0xAB7FC5B7) lui a1, 702460
x11 <- 0xAB7FC000


mem[X,0x80000054] -> 0x8593
mem[X,0x80000056] -> 0xB6F5
[26] [M]: 0x80000054 (0xB6F58593) addi a1, a1, 2927
x11 <- 0xAB7FBB6F


mem[X,0x80000058] -> 0xE637
mem[X,0x8000005A] -> 0xD5BF
[27] [M]: 0x80000058 (0xD5BFE637) lui a2, 875518
x12 <- 0xD5BFE000


mem[X,0x8000005C] -> 0x0613
mem[X,0x8000005E] -> 0xDB76
[28] [M]: 0x8000005C (0xDB760613) addi a2, a2, 3511
x12 <- 0xD5BFDDB7


mem[X,0x80000060] -> 0xF6B7
mem[X,0x80000062] -> 0xEADF
[29] [M]: 0x80000060 (0xEADFF6B7) lui a3, 962047
x13 <- 0xEADFF000


mem[X,0x80000064] -> 0x8693
mem[X,0x80000066] -> 0xEDB6
[30] [M]: 0x80000064 (0xEDB68693) addi a3, a3, 3803
x13 <- 0xEADFEEDB


mem[X,0x80000068] -> 0xF737
mem[X,0x8000006A] -> 0xF56F
[31] [M]: 0x80000068 (0xF56FF737) lui a4, 1005311
x14 <- 0xF56FF000


mem[X,0x8000006C] -> 0x0713
mem[X,0x8000006E] -> 0x76D7
[32] [M]: 0x8000006C (0x76D70713) addi a4, a4, 1901
x14 <- 0xF56FF76D


mem[X,0x80000070] -> 0x07B7
mem[X,0x80000072] -> 0xFAB8
[33] [M]: 0x80000070 (0xFAB807B7) lui a5, 1026944
x15 <- 0xFAB80000


mem[X,0x80000074] -> 0x8793
mem[X,0x80000076] -> 0xBB67
[34] [M]: 0x80000074 (0xBB678793) addi a5, a5, 2998
x15 <- 0xFAB7FBB6


mem[X,0x80000078] -> 0x0837
mem[X,0x8000007A] -> 0x7D5C
[35] [M]: 0x80000078 (0x7D5C0837) lui a6, 513472
x16 <- 0x7D5C0000


mem[X,0x8000007C] -> 0x0813
mem[X,0x8000007E] -> 0xDDB8
[36] [M]: 0x8000007C (0xDDB80813) addi a6, a6, 3547
x16 <- 0x7D5BFDDB


mem[X,0x80000080] -> 0x08B7
mem[X,0x80000082] -> 0xBEAE
[37] [M]: 0x80000080 (0xBEAE08B7) lui a7, 781024
x17 <- 0xBEAE0000


mem[X,0x80000084] -> 0x8893
mem[X,0x80000086] -> 0xEED8
[38] [M]: 0x80000084 (0xEED88893) addi a7, a7, 3821
x17 <- 0xBEADFEED


mem[X,0x80000088] -> 0x0937
mem[X,0x8000008A] -> 0xDF57
[39] [M]: 0x80000088 (0xDF570937) lui s2, 914800
x18 <- 0xDF570000


mem[X,0x8000008C] -> 0x0913
mem[X,0x8000008E] -> 0xF769
[40] [M]: 0x8000008C (0xF7690913) addi s2, s2, 3958
x18 <- 0xDF56FF76


mem[X,0x80000090] -> 0x89B7
mem[X,0x80000092] -> 0x6FAB
[41] [M]: 0x80000090 (0x6FAB89B7) lui s3, 457400
x19 <- 0x6FAB8000


mem[X,0x80000094] -> 0x8993
mem[X,0x80000096] -> 0xFBB9
[42] [M]: 0x80000094 (0xFBB98993) addi s3, s3, 4027
x19 <- 0x6FAB7FBB


mem[X,0x80000098] -> 0xCA37
mem[X,0x8000009A] -> 0xB7D5
[43] [M]: 0x80000098 (0xB7D5CA37) lui s4, 752988
x20 <- 0xB7D5C000


mem[X,0x8000009C] -> 0x0A13
mem[X,0x8000009E] -> 0xFDDA
[44] [M]: 0x8000009C (0xFDDA0A13) addi s4, s4, 4061
x20 <- 0xB7D5BFDD


mem[X,0x800000A0] -> 0xEAB7
mem[X,0x800000A2] -> 0xDBEA
[45] [M]: 0x800000A0 (0xDBEAEAB7) lui s5, 900782
x21 <- 0xDBEAE000


mem[X,0x800000A4] -> 0x8A93
mem[X,0x800000A6] -> 0xFEEA
[46] [M]: 0x800000A4 (0xFEEA8A93) addi s5, s5, 4078
x21 <- 0xDBEADFEE


mem[X,0x800000A8] -> 0x7B37
mem[X,0x800000AA] -> 0x6DF5
[47] [M]: 0x800000A8 (0x6DF57B37) lui s6, 450391
x22 <- 0x6DF57000


mem[X,0x800000AC] -> 0x0B13
mem[X,0x800000AE] -> 0xFF7B
[48] [M]: 0x800000AC (0xFF7B0B13) addi s6, s6, 4087
x22 <- 0x6DF56FF7


mem[X,0x800000B0] -> 0xBBB7
mem[X,0x800000B2] -> 0xB6FA
[49] [M]: 0x800000B0 (0xB6FABBB7) lui s7, 749483
x23 <- 0xB6FAB000


mem[X,0x800000B4] -> 0x8B93
mem[X,0x800000B6] -> 0x7FBB
[50] [M]: 0x800000B4 (0x7FBB8B93) addi s7, s7, 2043
x23 <- 0xB6FAB7FB


mem[X,0x800000B8] -> 0x6C37
mem[X,0x800000BA] -> 0xDB7D
[51] [M]: 0x800000B8 (0xDB7D6C37) lui s8, 899030
x24 <- 0xDB7D6000


mem[X,0x800000BC] -> 0x0C13
mem[X,0x800000BE] -> 0xBFDC
[52] [M]: 0x800000BC (0xBFDC0C13) addi s8, s8, 3069
x24 <- 0xDB7D5BFD


mem[X,0x800000C0] -> 0xBCB7
mem[X,0x800000C2] -> 0xEDBE
[53] [M]: 0x800000C0 (0xEDBEBCB7) lui s9, 973803
x25 <- 0xEDBEB000


mem[X,0x800000C4] -> 0x8C93
mem[X,0x800000C6] -> 0xDFEC
[54] [M]: 0x800000C4 (0xDFEC8C93) addi s9, s9, 3582
x25 <- 0xEDBEADFE


mem[X,0x800000C8] -> 0x5D37
mem[X,0x800000CA] -> 0x76DF
[55] [M]: 0x800000C8 (0x76DF5D37) lui s10, 486901
x26 <- 0x76DF5000


mem[X,0x800000CC] -> 0x0D13
mem[X,0x800000CE] -> 0x6FFD
[56] [M]: 0x800000CC (0x6FFD0D13) addi s10, s10, 1791
x26 <- 0x76DF56FF


mem[X,0x800000D0] -> 0xBDB7
mem[X,0x800000D2] -> 0xBB6F
[57] [M]: 0x800000D0 (0xBB6FBDB7) lui s11, 767739
x27 <- 0xBB6FB000


mem[X,0x800000D4] -> 0x8D93
mem[X,0x800000D6] -> 0xB7FD
[58] [M]: 0x800000D4 (0xB7FD8D93) addi s11, s11, 2943
x27 <- 0xBB6FAB7F


mem[X,0x800000D8] -> 0xDE37
mem[X,0x800000DA] -> 0xDDB7
[59] [M]: 0x800000D8 (0xDDB7DE37) lui t3, 908157
x28 <- 0xDDB7D000


mem[X,0x800000DC] -> 0x0E13
mem[X,0x800000DE] -> 0x5BFE
[60] [M]: 0x800000DC (0x5BFE0E13) addi t3, t3, 1471
x28 <- 0xDDB7D5BF


mem[X,0x800000E0] -> 0xFEB7
mem[X,0x800000E2] -> 0xEEDB
[61] [M]: 0x800000E0 (0xEEDBFEB7) lui t4, 978367
x29 <- 0xEEDBF000


mem[X,0x800000E4] -> 0x8E93
mem[X,0x800000E6] -> 0xADFE
[62] [M]: 0x800000E4 (0xADFE8E93) addi t4, t4, 2783
x29 <- 0xEEDBEADF


mem[X,0x800000E8] -> 0xFF37
mem[X,0x800000EA] -> 0xF76D
[63] [M]: 0x800000E8 (0xF76DFF37) lui t5, 1013471
x30 <- 0xF76DF000


mem[X,0x800000EC] -> 0x0F13
mem[X,0x800000EE] -> 0x56FF
[64] [M]: 0x800000EC (0x56FF0F13) addi t5, t5, 1391
x30 <- 0xF76DF56F


mem[X,0x800000F0] -> 0x0FB7
mem[X,0x800000F2] -> 0xFBB7
[65] [M]: 0x800000F0 (0xFBB70FB7) lui t6, 1031024
x31 <- 0xFBB70000


mem[X,0x800000F4] -> 0x8F93
mem[X,0x800000F6] -> 0xAB7F
[66] [M]: 0x800000F4 (0xAB7F8F93) addi t6, t6, 2743
x31 <- 0xFBB6FAB7


mem[X,0x800000F8] -> 0x0013
mem[X,0x800000FA] -> 0x0000
[67] [M]: 0x800000F8 (0x00000013) addi zero, zero, 0


mem[X,0x800000FC] -> 0x0013
mem[X,0x800000FE] -> 0x0000
[68] [M]: 0x800000FC (0x00000013) addi zero, zero, 0


mem[X,0x80000100] -> 0x3217
mem[X,0x80000102] -> 0x0000
[69] [M]: 0x80000100 (0x00003217) auipc tp, 3
x4 <- 0x80003100


mem[X,0x80000104] -> 0x0213
mem[X,0x80000106] -> 0x0142
[70] [M]: 0x80000104 (0x01420213) addi tp, tp, 20
x4 <- 0x80003114


mem[X,0x80000108] -> 0x0013
mem[X,0x8000010A] -> 0x0000
[71] [M]: 0x80000108 (0x00000013) addi zero, zero, 0


mem[X,0x8000010C] -> 0x0013
mem[X,0x8000010E] -> 0x0000
[72] [M]: 0x8000010C (0x00000013) addi zero, zero, 0


mem[X,0x80000110] -> 0x0013
mem[X,0x80000112] -> 0x0000
[73] [M]: 0x80000110 (0x00000013) addi zero, zero, 0


mem[X,0x80000114] -> 0x0013
mem[X,0x80000116] -> 0x0000
[74] [M]: 0x80000114 (0x00000013) addi zero, zero, 0


mem[X,0x80000118] -> 0x0013
mem[X,0x8000011A] -> 0x0000
[75] [M]: 0x80000118 (0x00000013) addi zero, zero, 0


mem[X,0x8000011C] -> 0x0013
mem[X,0x8000011E] -> 0x0000
[76] [M]: 0x8000011C (0x00000013) addi zero, zero, 0


mem[X,0x80000120] -> 0x0D37
mem[X,0x80000122] -> 0x8000
[77] [M]: 0x80000120 (0x80000D37) lui s10, 524288
x26 <- 0x80000000


mem[X,0x80000124] -> 0x0793
mem[X,0x80000126] -> 0x0002
[78] [M]: 0x80000124 (0x00020793) addi a5, tp, 0
x15 <- 0x80003114


mem[X,0x80000128] -> 0x0813
mem[X,0x8000012A] -> 0x0070
[79] [M]: 0x80000128 (0x00700813) addi a6, zero, 7
x16 <- 0x00000007


mem[X,0x8000012C] -> 0x87B3
mem[X,0x8000012E] -> 0x4107
[80] [M]: 0x8000012C (0x410787B3) sub a5, a5, a6
x15 <- 0x8000310D


mem[X,0x80000130] -> 0x93A3
mem[X,0x80000132] -> 0x01A7
[81] [M]: 0x80000130 (0x01A793A3) sh s10, 7(a5)
mem[0x80003114] <- 0x0000


mem[X,0x80000134] -> 0x0013
mem[X,0x80000136] -> 0x0000
[82] [M]: 0x80000134 (0x00000013) addi zero, zero, 0


mem[X,0x80000138] -> 0x0013
mem[X,0x8000013A] -> 0x0000
[83] [M]: 0x80000138 (0x00000013) addi zero, zero, 0


mem[X,0x8000013C] -> 0x0393
mem[X,0x8000013E] -> 0x0000
[84] [M]: 0x8000013C (0x00000393) addi t2, zero, 0
x7 <- 0x00000000


mem[X,0x80000140] -> 0x0513
mem[X,0x80000142] -> 0x0042
[85] [M]: 0x80000140 (0x00420513) addi a0, tp, 4
x10 <- 0x80003118


mem[X,0x80000144] -> 0x0813
mem[X,0x80000146] -> 0xFFB0
[86] [M]: 0x80000144 (0xFFB00813) addi a6, zero, 4091
x16 <- 0xFFFFFFFB


mem[X,0x80000148] -> 0x0533
mem[X,0x8000014A] -> 0x4105
[87] [M]: 0x80000148 (0x41050533) sub a0, a0, a6
x10 <- 0x8000311D


mem[X,0x8000014C] -> 0x1DA3
mem[X,0x8000014E] -> 0xFE75
[88] [M]: 0x8000014C (0xFE751DA3) sh t2, 4091(a0)
mem[0x80003118] <- 0x0000


mem[X,0x80000150] -> 0x0013
mem[X,0x80000152] -> 0x0000
[89] [M]: 0x80000150 (0x00000013) addi zero, zero, 0


mem[X,0x80000154] -> 0x0013
mem[X,0x80000156] -> 0x0000
[90] [M]: 0x80000154 (0x00000013) addi zero, zero, 0


mem[X,0x80000158] -> 0x0437
mem[X,0x8000015A] -> 0x8000
[91] [M]: 0x80000158 (0x80000437) lui fp, 524288
x8 <- 0x80000000


mem[X,0x8000015C] -> 0x0413
mem[X,0x8000015E] -> 0xFFF4
[92] [M]: 0x8000015C (0xFFF40413) addi fp, fp, 4095
x8 <- 0x7FFFFFFF


mem[X,0x80000160] -> 0x0093
mem[X,0x80000162] -> 0x0082
[93] [M]: 0x80000160 (0x00820093) addi ra, tp, 8
x1 <- 0x8000311C


mem[X,0x80000164] -> 0x0813
mem[X,0x80000166] -> 0x0100
[94] [M]: 0x80000164 (0x01000813) addi a6, zero, 16
x16 <- 0x00000010


mem[X,0x80000168] -> 0x80B3
mem[X,0x8000016A] -> 0x4100
[95] [M]: 0x80000168 (0x410080B3) sub ra, ra, a6
x1 <- 0x8000310C


mem[X,0x8000016C] -> 0x9823
mem[X,0x8000016E] -> 0x0080
[96] [M]: 0x8000016C (0x00809823) sh fp, 16(ra)
mem[0x8000311C] <- 0xFFFF


mem[X,0x80000170] -> 0x0013
mem[X,0x80000172] -> 0x0000
[97] [M]: 0x80000170 (0x00000013) addi zero, zero, 0


mem[X,0x80000174] -> 0x0013
mem[X,0x80000176] -> 0x0000
[98] [M]: 0x80000174 (0x00000013) addi zero, zero, 0


mem[X,0x80000178] -> 0x0D93
mem[X,0x8000017A] -> 0x0010
[99] [M]: 0x80000178 (0x00100D93) addi s11, zero, 1
x27 <- 0x00000001


clint::tick mtime <- 0x0000000000000001
 clint timer pending at mtime 0x0000000000000001
htif::tick 0x0000000000000000
mem[X,0x8000017C] -> 0x0B13
mem[X,0x8000017E] -> 0x00C2
[100] [M]: 0x8000017C (0x00C20B13) addi s6, tp, 12
x22 <- 0x80003120


mem[X,0x80000180] -> 0x0813
mem[X,0x80000182] -> 0xFDF0
[101] [M]: 0x80000180 (0xFDF00813) addi a6, zero, 4063
x16 <- 0xFFFFFFDF


mem[X,0x80000184] -> 0x0B33
mem[X,0x80000186] -> 0x410B
[102] [M]: 0x80000184 (0x410B0B33) sub s6, s6, a6
x22 <- 0x80003141


mem[X,0x80000188] -> 0x1FA3
mem[X,0x8000018A] -> 0xFDBB
[103] [M]: 0x80000188 (0xFDBB1FA3) sh s11, 4063(s6)
mem[0x80003120] <- 0x0001


mem[X,0x8000018C] -> 0x0013
mem[X,0x8000018E] -> 0x0000
[104] [M]: 0x8000018C (0x00000013) addi zero, zero, 0


mem[X,0x80000190] -> 0x0013
mem[X,0x80000192] -> 0x0000
[105] [M]: 0x80000190 (0x00000013) addi zero, zero, 0


mem[X,0x80000194] -> 0x0937
mem[X,0x80000196] -> 0xC000
[106] [M]: 0x80000194 (0xC0000937) lui s2, 786432
x18 <- 0xC0000000


mem[X,0x80000198] -> 0x0713
mem[X,0x8000019A] -> 0x0102
[107] [M]: 0x80000198 (0x01020713) addi a4, tp, 16
x14 <- 0x80003124


mem[X,0x8000019C] -> 0x0813
mem[X,0x8000019E] -> 0xFF90
[108] [M]: 0x8000019C (0xFF900813) addi a6, zero, 4089
x16 <- 0xFFFFFFF9


mem[X,0x800001A0] -> 0x0733
mem[X,0x800001A2] -> 0x4107
[109] [M]: 0x800001A0 (0x41070733) sub a4, a4, a6
x14 <- 0x8000312B


mem[X,0x800001A4] -> 0x1CA3
mem[X,0x800001A6] -> 0xFF27
[110] [M]: 0x800001A4 (0xFF271CA3) sh s2, 4089(a4)
mem[0x80003124] <- 0x0000


mem[X,0x800001A8] -> 0x0013
mem[X,0x800001AA] -> 0x0000
[111] [M]: 0x800001A8 (0x00000013) addi zero, zero, 0


mem[X,0x800001AC] -> 0x0013
mem[X,0x800001AE] -> 0x0000
[112] [M]: 0x800001AC (0x00000013) addi zero, zero, 0


mem[X,0x800001B0] -> 0x0137
mem[X,0x800001B2] -> 0xFFFC
[113] [M]: 0x800001B0 (0xFFFC0137) lui sp, 1048512
x2 <- 0xFFFC0000


mem[X,0x800001B4] -> 0x0113
mem[X,0x800001B6] -> 0xFFF1
[114] [M]: 0x800001B4 (0xFFF10113) addi sp, sp, 4095
x2 <- 0xFFFBFFFF


mem[X,0x800001B8] -> 0x0993
mem[X,0x800001BA] -> 0x0142
[115] [M]: 0x800001B8 (0x01420993) addi s3, tp, 20
x19 <- 0x80003128


mem[X,0x800001BC] -> 0x0813
mem[X,0x800001BE] -> 0xFF60
[116] [M]: 0x800001BC (0xFF600813) addi a6, zero, 4086
x16 <- 0xFFFFFFF6


mem[X,0x800001C0] -> 0x89B3
mem[X,0x800001C2] -> 0x4109
[117] [M]: 0x800001C0 (0x410989B3) sub s3, s3, a6
x19 <- 0x80003132


mem[X,0x800001C4] -> 0x9B23
mem[X,0x800001C6] -> 0xFE29
[118] [M]: 0x800001C4 (0xFE299B23) sh sp, 4086(s3)
mem[0x80003128] <- 0xFFFF


mem[X,0x800001C8] -> 0x0013
mem[X,0x800001CA] -> 0x0000
[119] [M]: 0x800001C8 (0x00000013) addi zero, zero, 0


mem[X,0x800001CC] -> 0x0013
mem[X,0x800001CE] -> 0x0000
[120] [M]: 0x800001CC (0x00000013) addi zero, zero, 0


mem[X,0x800001D0] -> 0x0493
mem[X,0x800001D2] -> 0xFF70
[121] [M]: 0x800001D0 (0xFF700493) addi s1, zero, 4087
x9 <- 0xFFFFFFF7


mem[X,0x800001D4] -> 0x0C13
mem[X,0x800001D6] -> 0x01A2
[122] [M]: 0x800001D4 (0x01A20C13) addi s8, tp, 26
x24 <- 0x8000312E


mem[X,0x800001D8] -> 0x0813
mem[X,0x800001DA] -> 0x0080
[123] [M]: 0x800001D8 (0x00800813) addi a6, zero, 8
x16 <- 0x00000008


mem[X,0x800001DC] -> 0x0C33
mem[X,0x800001DE] -> 0x410C
[124] [M]: 0x800001DC (0x410C0C33) sub s8, s8, a6
x24 <- 0x80003126


mem[X,0x800001E0] -> 0x1423
mem[X,0x800001E2] -> 0x009C
[125] [M]: 0x800001E0 (0x009C1423) sh s1, 8(s8)
mem[0x8000312E] <- 0xFFF7


mem[X,0x800001E4] -> 0x0013
mem[X,0x800001E6] -> 0x0000
[126] [M]: 0x800001E4 (0x00000013) addi zero, zero, 0


mem[X,0x800001E8] -> 0x0013
mem[X,0x800001EA] -> 0x0000
[127] [M]: 0x800001E8 (0x00000013) addi zero, zero, 0


mem[X,0x800001EC] -> 0x0C93
mem[X,0x800001EE] -> 0x4000
[128] [M]: 0x800001EC (0x40000C93) addi s9, zero, 1024
x25 <- 0x00000400


mem[X,0x800001F0] -> 0x0193
mem[X,0x800001F2] -> 0x01E2
[129] [M]: 0x800001F0 (0x01E20193) addi gp, tp, 30
x3 <- 0x80003132


mem[X,0x800001F4] -> 0x0813
mem[X,0x800001F6] -> 0xFFD0
[130] [M]: 0x800001F4 (0xFFD00813) addi a6, zero, 4093
x16 <- 0xFFFFFFFD


mem[X,0x800001F8] -> 0x81B3
mem[X,0x800001FA] -> 0x4101
[131] [M]: 0x800001F8 (0x410181B3) sub gp, gp, a6
x3 <- 0x80003135


mem[X,0x800001FC] -> 0x9EA3
mem[X,0x800001FE] -> 0xFF91
[132] [M]: 0x800001FC (0xFF919EA3) sh s9, 4093(gp)
mem[0x80003132] <- 0x0400


mem[X,0x80000200] -> 0x0013
mem[X,0x80000202] -> 0x0000
[133] [M]: 0x80000200 (0x00000013) addi zero, zero, 0


mem[X,0x80000204] -> 0x0013
mem[X,0x80000206] -> 0x0000
[134] [M]: 0x80000204 (0x00000013) addi zero, zero, 0


mem[X,0x80000208] -> 0x0F37
mem[X,0x8000020A] -> 0xFFFC
[135] [M]: 0x80000208 (0xFFFC0F37) lui t5, 1048512
x30 <- 0xFFFC0000


mem[X,0x8000020C] -> 0x0F13
mem[X,0x8000020E] -> 0xFFFF
[136] [M]: 0x8000020C (0xFFFF0F13) addi t5, t5, 4095
x30 <- 0xFFFBFFFF


mem[X,0x80000210] -> 0x0593
mem[X,0x80000212] -> 0x0222
[137] [M]: 0x80000210 (0x02220593) addi a1, tp, 34
x11 <- 0x80003136


mem[X,0x80000214] -> 0x0813
mem[X,0x80000216] -> 0x0020
[138] [M]: 0x80000214 (0x00200813) addi a6, zero, 2
x16 <- 0x00000002


mem[X,0x80000218] -> 0x85B3
mem[X,0x8000021A] -> 0x4105
[139] [M]: 0x80000218 (0x410585B3) sub a1, a1, a6
x11 <- 0x80003134


mem[X,0x8000021C] -> 0x9123
mem[X,0x8000021E] -> 0x01E5
[140] [M]: 0x8000021C (0x01E59123) sh t5, 2(a1)
mem[0x80003136] <- 0xFFFF


mem[X,0x80000220] -> 0x0013
mem[X,0x80000222] -> 0x0000
[141] [M]: 0x80000220 (0x00000013) addi zero, zero, 0


mem[X,0x80000224] -> 0x0013
mem[X,0x80000226] -> 0x0000
[142] [M]: 0x80000224 (0x00000013) addi zero, zero, 0


mem[X,0x80000228] -> 0x0693
mem[X,0x8000022A] -> 0x2000
[143] [M]: 0x80000228 (0x20000693) addi a3, zero, 512
x13 <- 0x00000200


mem[X,0x8000022C] -> 0x0D13
mem[X,0x8000022E] -> 0x0262
[144] [M]: 0x8000022C (0x02620D13) addi s10, tp, 38
x26 <- 0x8000313A


mem[X,0x80000230] -> 0x0813
mem[X,0x80000232] -> 0xFF70
[145] [M]: 0x80000230 (0xFF700813) addi a6, zero, 4087
x16 <- 0xFFFFFFF7


mem[X,0x80000234] -> 0x0D33
mem[X,0x80000236] -> 0x410D
[146] [M]: 0x80000234 (0x410D0D33) sub s10, s10, a6
x26 <- 0x80003143


mem[X,0x80000238] -> 0x1BA3
mem[X,0x8000023A] -> 0xFEDD
[147] [M]: 0x80000238 (0xFEDD1BA3) sh a3, 4087(s10)
mem[0x8000313A] <- 0x0200


mem[X,0x8000023C] -> 0x0013
mem[X,0x8000023E] -> 0x0000
[148] [M]: 0x8000023C (0x00000013) addi zero, zero, 0


mem[X,0x80000240] -> 0x0013
mem[X,0x80000242] -> 0x0000
[149] [M]: 0x80000240 (0x00000013) addi zero, zero, 0


mem[X,0x80000244] -> 0x05B7
mem[X,0x80000246] -> 0xC000
[150] [M]: 0x80000244 (0xC00005B7) lui a1, 786432
x11 <- 0xC0000000


mem[X,0x80000248] -> 0x0313
mem[X,0x8000024A] -> 0x0282
[151] [M]: 0x80000248 (0x02820313) addi t1, tp, 40
x6 <- 0x8000313C


mem[X,0x8000024C] -> 0x0813
mem[X,0x8000024E] -> 0x0000
[152] [M]: 0x8000024C (0x00000813) addi a6, zero, 0
x16 <- 0x00000000


mem[X,0x80000250] -> 0x0333
mem[X,0x80000252] -> 0x4103
[153] [M]: 0x80000250 (0x41030333) sub t1, t1, a6
x6 <- 0x8000313C


mem[X,0x80000254] -> 0x1023
mem[X,0x80000256] -> 0x00B3
[154] [M]: 0x80000254 (0x00B31023) sh a1, 0(t1)
mem[0x8000313C] <- 0x0000


mem[X,0x80000258] -> 0x0013
mem[X,0x8000025A] -> 0x0000
[155] [M]: 0x80000258 (0x00000013) addi zero, zero, 0


mem[X,0x8000025C] -> 0x0013
mem[X,0x8000025E] -> 0x0000
[156] [M]: 0x8000025C (0x00000013) addi zero, zero, 0


mem[X,0x80000260] -> 0x0A13
mem[X,0x80000262] -> 0x0020
[157] [M]: 0x80000260 (0x00200A13) addi s4, zero, 2
x20 <- 0x00000002


mem[X,0x80000264] -> 0x0613
mem[X,0x80000266] -> 0x02C2
[158] [M]: 0x80000264 (0x02C20613) addi a2, tp, 44
x12 <- 0x80003140


mem[X,0x80000268] -> 0x0813
mem[X,0x8000026A] -> 0x0000
[159] [M]: 0x80000268 (0x00000813) addi a6, zero, 0
x16 <- 0x00000000


mem[X,0x8000026C] -> 0x0633
mem[X,0x8000026E] -> 0x4106
[160] [M]: 0x8000026C (0x41060633) sub a2, a2, a6
x12 <- 0x80003140


mem[X,0x80000270] -> 0x1023
mem[X,0x80000272] -> 0x0146
[161] [M]: 0x80000270 (0x01461023) sh s4, 0(a2)
mem[0x80003140] <- 0x0002


mem[X,0x80000274] -> 0x0013
mem[X,0x80000276] -> 0x0000
[162] [M]: 0x80000274 (0x00000013) addi zero, zero, 0


mem[X,0x80000278] -> 0x0013
mem[X,0x8000027A] -> 0x0000
[163] [M]: 0x80000278 (0x00000013) addi zero, zero, 0


mem[X,0x8000027C] -> 0x0713
mem[X,0x8000027E] -> 0x0040
[164] [M]: 0x8000027C (0x00400713) addi a4, zero, 4
x14 <- 0x00000004


mem[X,0x80000280] -> 0x0393
mem[X,0x80000282] -> 0x0302
[165] [M]: 0x80000280 (0x03020393) addi t2, tp, 48
x7 <- 0x80003144


mem[X,0x80000284] -> 0x0813
mem[X,0x80000286] -> 0x0400
[166] [M]: 0x80000284 (0x04000813) addi a6, zero, 64
x16 <- 0x00000040


mem[X,0x80000288] -> 0x83B3
mem[X,0x8000028A] -> 0x4103
[167] [M]: 0x80000288 (0x410383B3) sub t2, t2, a6
x7 <- 0x80003104


mem[X,0x8000028C] -> 0x9023
mem[X,0x8000028E] -> 0x04E3
[168] [M]: 0x8000028C (0x04E39023) sh a4, 64(t2)
mem[0x80003144] <- 0x0004


mem[X,0x80000290] -> 0x0013
mem[X,0x80000292] -> 0x0000
[169] [M]: 0x80000290 (0x00000013) addi zero, zero, 0


mem[X,0x80000294] -> 0x0013
mem[X,0x80000296] -> 0x0000
[170] [M]: 0x80000294 (0x00000013) addi zero, zero, 0


mem[X,0x80000298] -> 0x0093
mem[X,0x8000029A] -> 0x0080
[171] [M]: 0x80000298 (0x00800093) addi ra, zero, 8
x1 <- 0x00000008


mem[X,0x8000029C] -> 0x0693
mem[X,0x8000029E] -> 0x0342
[172] [M]: 0x8000029C (0x03420693) addi a3, tp, 52
x13 <- 0x80003148


mem[X,0x800002A0] -> 0x0813
mem[X,0x800002A2] -> 0xFFF0
[173] [M]: 0x800002A0 (0xFFF00813) addi a6, zero, 4095
x16 <- 0xFFFFFFFF


mem[X,0x800002A4] -> 0x86B3
mem[X,0x800002A6] -> 0x4106
[174] [M]: 0x800002A4 (0x410686B3) sub a3, a3, a6
x13 <- 0x80003149


mem[X,0x800002A8] -> 0x9FA3
mem[X,0x800002AA] -> 0xFE16
[175] [M]: 0x800002A8 (0xFE169FA3) sh ra, 4095(a3)
mem[0x80003148] <- 0x0008


mem[X,0x800002AC] -> 0x0013
mem[X,0x800002AE] -> 0x0000
[176] [M]: 0x800002AC (0x00000013) addi zero, zero, 0


mem[X,0x800002B0] -> 0x0013
mem[X,0x800002B2] -> 0x0000
[177] [M]: 0x800002B0 (0x00000013) addi zero, zero, 0


mem[X,0x800002B4] -> 0x0313
mem[X,0x800002B6] -> 0x0100
[178] [M]: 0x800002B4 (0x01000313) addi t1, zero, 16
x6 <- 0x00000010


mem[X,0x800002B8] -> 0x0D93
mem[X,0x800002BA] -> 0x0382
[179] [M]: 0x800002B8 (0x03820D93) addi s11, tp, 56
x27 <- 0x8000314C


mem[X,0x800002BC] -> 0x0813
mem[X,0x800002BE] -> 0xFF80
[180] [M]: 0x800002BC (0xFF800813) addi a6, zero, 4088
x16 <- 0xFFFFFFF8


mem[X,0x800002C0] -> 0x8DB3
mem[X,0x800002C2] -> 0x410D
[181] [M]: 0x800002C0 (0x410D8DB3) sub s11, s11, a6
x27 <- 0x80003154


mem[X,0x800002C4] -> 0x9C23
mem[X,0x800002C6] -> 0xFE6D
[182] [M]: 0x800002C4 (0xFE6D9C23) sh t1, 4088(s11)
mem[0x8000314C] <- 0x0010


mem[X,0x800002C8] -> 0x0013
mem[X,0x800002CA] -> 0x0000
[183] [M]: 0x800002C8 (0x00000013) addi zero, zero, 0


mem[X,0x800002CC] -> 0x0013
mem[X,0x800002CE] -> 0x0000
[184] [M]: 0x800002CC (0x00000013) addi zero, zero, 0


mem[X,0x800002D0] -> 0x0B13
mem[X,0x800002D2] -> 0x0200
[185] [M]: 0x800002D0 (0x02000B13) addi s6, zero, 32
x22 <- 0x00000020


mem[X,0x800002D4] -> 0x0F93
mem[X,0x800002D6] -> 0x03C2
[186] [M]: 0x800002D4 (0x03C20F93) addi t6, tp, 60
x31 <- 0x80003150


mem[X,0x800002D8] -> 0x0813
mem[X,0x800002DA] -> 0x0400
[187] [M]: 0x800002D8 (0x04000813) addi a6, zero, 64
x16 <- 0x00000040


mem[X,0x800002DC] -> 0x8FB3
mem[X,0x800002DE] -> 0x410F
[188] [M]: 0x800002DC (0x410F8FB3) sub t6, t6, a6
x31 <- 0x80003110


mem[X,0x800002E0] -> 0x9023
mem[X,0x800002E2] -> 0x056F
[189] [M]: 0x800002E0 (0x056F9023) sh s6, 64(t6)
mem[0x80003150] <- 0x0020


mem[X,0x800002E4] -> 0x0013
mem[X,0x800002E6] -> 0x0000
[190] [M]: 0x800002E4 (0x00000013) addi zero, zero, 0


mem[X,0x800002E8] -> 0x0013
mem[X,0x800002EA] -> 0x0000
[191] [M]: 0x800002E8 (0x00000013) addi zero, zero, 0


mem[X,0x800002EC] -> 0x0A93
mem[X,0x800002EE] -> 0x0400
[192] [M]: 0x800002EC (0x04000A93) addi s5, zero, 64
x21 <- 0x00000040


mem[X,0x800002F0] -> 0x0413
mem[X,0x800002F2] -> 0x0402
[193] [M]: 0x800002F0 (0x04020413) addi fp, tp, 64
x8 <- 0x80003154


mem[X,0x800002F4] -> 0x0813
mem[X,0x800002F6] -> 0xFFE0
[194] [M]: 0x800002F4 (0xFFE00813) addi a6, zero, 4094
x16 <- 0xFFFFFFFE


mem[X,0x800002F8] -> 0x0433
mem[X,0x800002FA] -> 0x4104
[195] [M]: 0x800002F8 (0x41040433) sub fp, fp, a6
x8 <- 0x80003156


mem[X,0x800002FC] -> 0x1F23
mem[X,0x800002FE] -> 0xFF54
[196] [M]: 0x800002FC (0xFF541F23) sh s5, 4094(fp)
mem[0x80003154] <- 0x0040


mem[X,0x80000300] -> 0x0013
mem[X,0x80000302] -> 0x0000
[197] [M]: 0x80000300 (0x00000013) addi zero, zero, 0


mem[X,0x80000304] -> 0x0013
mem[X,0x80000306] -> 0x0000
[198] [M]: 0x80000304 (0x00000013) addi zero, zero, 0


mem[X,0x80000308] -> 0x0E13
mem[X,0x8000030A] -> 0x0800
[199] [M]: 0x80000308 (0x08000E13) addi t3, zero, 128
x28 <- 0x00000080


clint::tick mtime <- 0x0000000000000002
 clint timer pending at mtime 0x0000000000000002
htif::tick 0x0000000000000000
mem[X,0x8000030C] -> 0x0293
mem[X,0x8000030E] -> 0x0442
[200] [M]: 0x8000030C (0x04420293) addi t0, tp, 68
x5 <- 0x80003158


mem[X,0x80000310] -> 0x0813
mem[X,0x80000312] -> 0x8000
[201] [M]: 0x80000310 (0x80000813) addi a6, zero, 2048
x16 <- 0xFFFFF800


mem[X,0x80000314] -> 0x82B3
mem[X,0x80000316] -> 0x4102
[202] [M]: 0x80000314 (0x410282B3) sub t0, t0, a6
x5 <- 0x80003958


mem[X,0x80000318] -> 0x9023
mem[X,0x8000031A] -> 0x81C2
[203] [M]: 0x80000318 (0x81C29023) sh t3, 2048(t0)
mem[0x80003158] <- 0x0080


mem[X,0x8000031C] -> 0x0013
mem[X,0x8000031E] -> 0x0000
[204] [M]: 0x8000031C (0x00000013) addi zero, zero, 0


mem[X,0x80000320] -> 0x0013
mem[X,0x80000322] -> 0x0000
[205] [M]: 0x80000320 (0x00000013) addi zero, zero, 0


mem[X,0x80000324] -> 0x0793
mem[X,0x80000326] -> 0x1000
[206] [M]: 0x80000324 (0x10000793) addi a5, zero, 256
x15 <- 0x00000100


mem[X,0x80000328] -> 0x0913
mem[X,0x8000032A] -> 0x0482
[207] [M]: 0x80000328 (0x04820913) addi s2, tp, 72
x18 <- 0x8000315C


mem[X,0x8000032C] -> 0x0813
mem[X,0x8000032E] -> 0x0070
[208] [M]: 0x8000032C (0x00700813) addi a6, zero, 7
x16 <- 0x00000007


mem[X,0x80000330] -> 0x0933
mem[X,0x80000332] -> 0x4109
[209] [M]: 0x80000330 (0x41090933) sub s2, s2, a6
x18 <- 0x80003155


mem[X,0x80000334] -> 0x13A3
mem[X,0x80000336] -> 0x00F9
[210] [M]: 0x80000334 (0x00F913A3) sh a5, 7(s2)
mem[0x8000315C] <- 0x0100


mem[X,0x80000338] -> 0x0013
mem[X,0x8000033A] -> 0x0000
[211] [M]: 0x80000338 (0x00000013) addi zero, zero, 0


mem[X,0x8000033C] -> 0x0013
mem[X,0x8000033E] -> 0x0000
[212] [M]: 0x8000033C (0x00000013) addi zero, zero, 0


mem[X,0x80000340] -> 0x18B7
mem[X,0x80000342] -> 0x0000
[213] [M]: 0x80000340 (0x000018B7) lui a7, 1
x17 <- 0x00001000


mem[X,0x80000344] -> 0x8893
mem[X,0x80000346] -> 0x8008
[214] [M]: 0x80000344 (0x80088893) addi a7, a7, 2048
x17 <- 0x00000800


mem[X,0x80000348] -> 0x0E93
mem[X,0x8000034A] -> 0x04C2
[215] [M]: 0x80000348 (0x04C20E93) addi t4, tp, 76
x29 <- 0x80003160


mem[X,0x8000034C] -> 0x0813
mem[X,0x8000034E] -> 0xFFE0
[216] [M]: 0x8000034C (0xFFE00813) addi a6, zero, 4094
x16 <- 0xFFFFFFFE


mem[X,0x80000350] -> 0x8EB3
mem[X,0x80000352] -> 0x410E
[217] [M]: 0x80000350 (0x410E8EB3) sub t4, t4, a6
x29 <- 0x80003162


mem[X,0x80000354] -> 0x9F23
mem[X,0x80000356] -> 0xFF1E
[218] [M]: 0x80000354 (0xFF1E9F23) sh a7, 4094(t4)
mem[0x80003160] <- 0x0800


mem[X,0x80000358] -> 0x0013
mem[X,0x8000035A] -> 0x0000
[219] [M]: 0x80000358 (0x00000013) addi zero, zero, 0


mem[X,0x8000035C] -> 0x0013
mem[X,0x8000035E] -> 0x0000
[220] [M]: 0x8000035C (0x00000013) addi zero, zero, 0


mem[X,0x80000360] -> 0x3097
mem[X,0x80000362] -> 0x0000
[221] [M]: 0x80000360 (0x00003097) auipc ra, 3
x1 <- 0x80003360


mem[X,0x80000364] -> 0x8093
mem[X,0x80000366] -> 0xE040
[222] [M]: 0x80000364 (0xE0408093) addi ra, ra, 3588
x1 <- 0x80003164


mem[X,0x80000368] -> 0x0013
mem[X,0x8000036A] -> 0x0000
[223] [M]: 0x80000368 (0x00000013) addi zero, zero, 0


mem[X,0x8000036C] -> 0x0013
mem[X,0x8000036E] -> 0x0000
[224] [M]: 0x8000036C (0x00000013) addi zero, zero, 0


mem[X,0x80000370] -> 0x0013
mem[X,0x80000372] -> 0x0000
[225] [M]: 0x80000370 (0x00000013) addi zero, zero, 0


mem[X,0x80000374] -> 0x0013
mem[X,0x80000376] -> 0x0000
[226] [M]: 0x80000374 (0x00000013) addi zero, zero, 0


mem[X,0x80000378] -> 0x0013
mem[X,0x8000037A] -> 0x0000
[227] [M]: 0x80000378 (0x00000013) addi zero, zero, 0


mem[X,0x8000037C] -> 0x0013
mem[X,0x8000037E] -> 0x0000
[228] [M]: 0x8000037C (0x00000013) addi zero, zero, 0


mem[X,0x80000380] -> 0x11B7
mem[X,0x80000382] -> 0x0000
[229] [M]: 0x80000380 (0x000011B7) lui gp, 1
x3 <- 0x00001000


mem[X,0x80000384] -> 0x8B93
mem[X,0x80000386] -> 0x0000
[230] [M]: 0x80000384 (0x00008B93) addi s7, ra, 0
x23 <- 0x80003164


mem[X,0x80000388] -> 0x0313
mem[X,0x8000038A] -> 0x7FF0
[231] [M]: 0x80000388 (0x7FF00313) addi t1, zero, 2047
x6 <- 0x000007FF


mem[X,0x8000038C] -> 0x8BB3
mem[X,0x8000038E] -> 0x406B
[232] [M]: 0x8000038C (0x406B8BB3) sub s7, s7, t1
x23 <- 0x80002965


mem[X,0x80000390] -> 0x9FA3
mem[X,0x80000392] -> 0x7E3B
[233] [M]: 0x80000390 (0x7E3B9FA3) sh gp, 2047(s7)
mem[0x80003164] <- 0x1000


mem[X,0x80000394] -> 0x0013
mem[X,0x80000396] -> 0x0000
[234] [M]: 0x80000394 (0x00000013) addi zero, zero, 0


mem[X,0x80000398] -> 0x0013
mem[X,0x8000039A] -> 0x0000
[235] [M]: 0x80000398 (0x00000013) addi zero, zero, 0


mem[X,0x8000039C] -> 0x2637
mem[X,0x8000039E] -> 0x0000
[236] [M]: 0x8000039C (0x00002637) lui a2, 2
x12 <- 0x00002000


mem[X,0x800003A0] -> 0x8A13
mem[X,0x800003A2] -> 0x0040
[237] [M]: 0x800003A0 (0x00408A13) addi s4, ra, 4
x20 <- 0x80003168


mem[X,0x800003A4] -> 0x0313
mem[X,0x800003A6] -> 0xFFE0
[238] [M]: 0x800003A4 (0xFFE00313) addi t1, zero, 4094
x6 <- 0xFFFFFFFE


mem[X,0x800003A8] -> 0x0A33
mem[X,0x800003AA] -> 0x406A
[239] [M]: 0x800003A8 (0x406A0A33) sub s4, s4, t1
x20 <- 0x8000316A


mem[X,0x800003AC] -> 0x1F23
mem[X,0x800003AE] -> 0xFECA
[240] [M]: 0x800003AC (0xFECA1F23) sh a2, 4094(s4)
mem[0x80003168] <- 0x2000


mem[X,0x800003B0] -> 0x0013
mem[X,0x800003B2] -> 0x0000
[241] [M]: 0x800003B0 (0x00000013) addi zero, zero, 0


mem[X,0x800003B4] -> 0x0013
mem[X,0x800003B6] -> 0x0000
[242] [M]: 0x800003B4 (0x00000013) addi zero, zero, 0


mem[X,0x800003B8] -> 0x4EB7
mem[X,0x800003BA] -> 0x0000
[243] [M]: 0x800003B8 (0x00004EB7) lui t4, 4
x29 <- 0x00004000


mem[X,0x800003BC] -> 0x8813
mem[X,0x800003BE] -> 0x0080
[244] [M]: 0x800003BC (0x00808813) addi a6, ra, 8
x16 <- 0x8000316C


mem[X,0x800003C0] -> 0x0313
mem[X,0x800003C2] -> 0x0030
[245] [M]: 0x800003C0 (0x00300313) addi t1, zero, 3
x6 <- 0x00000003


mem[X,0x800003C4] -> 0x0833
mem[X,0x800003C6] -> 0x4068
[246] [M]: 0x800003C4 (0x40680833) sub a6, a6, t1
x16 <- 0x80003169


mem[X,0x800003C8] -> 0x11A3
mem[X,0x800003CA] -> 0x01D8
[247] [M]: 0x800003C8 (0x01D811A3) sh t4, 3(a6)
mem[0x8000316C] <- 0x4000


mem[X,0x800003CC] -> 0x0013
mem[X,0x800003CE] -> 0x0000
[248] [M]: 0x800003CC (0x00000013) addi zero, zero, 0


mem[X,0x800003D0] -> 0x0013
mem[X,0x800003D2] -> 0x0000
[249] [M]: 0x800003D0 (0x00000013) addi zero, zero, 0


mem[X,0x800003D4] -> 0x0013
mem[X,0x800003D6] -> 0x0000
[250] [M]: 0x800003D4 (0x00000013) addi zero, zero, 0


mem[X,0x800003D8] -> 0x8C93
mem[X,0x800003DA] -> 0x00C0
[251] [M]: 0x800003D8 (0x00C08C93) addi s9, ra, 12
x25 <- 0x80003170


mem[X,0x800003DC] -> 0x0313
mem[X,0x800003DE] -> 0xDFF0
[252] [M]: 0x800003DC (0xDFF00313) addi t1, zero, 3583
x6 <- 0xFFFFFDFF


mem[X,0x800003E0] -> 0x8CB3
mem[X,0x800003E2] -> 0x406C
[253] [M]: 0x800003E0 (0x406C8CB3) sub s9, s9, t1
x25 <- 0x80003371


mem[X,0x800003E4] -> 0x9FA3
mem[X,0x800003E6] -> 0xDE0C
[254] [M]: 0x800003E4 (0xDE0C9FA3) sh zero, 3583(s9)
mem[0x80003170] <- 0x0000


mem[X,0x800003E8] -> 0x0013
mem[X,0x800003EA] -> 0x0000
[255] [M]: 0x800003E8 (0x00000013) addi zero, zero, 0


mem[X,0x800003EC] -> 0x0013
mem[X,0x800003EE] -> 0x0000
[256] [M]: 0x800003EC (0x00000013) addi zero, zero, 0


mem[X,0x800003F0] -> 0x02B7
mem[X,0x800003F2] -> 0x0001
[257] [M]: 0x800003F0 (0x000102B7) lui t0, 16
x5 <- 0x00010000


mem[X,0x800003F4] -> 0x8213
mem[X,0x800003F6] -> 0x0100
[258] [M]: 0x800003F4 (0x01008213) addi tp, ra, 16
x4 <- 0x80003174


mem[X,0x800003F8] -> 0x0313
mem[X,0x800003FA] -> 0x0200
[259] [M]: 0x800003F8 (0x02000313) addi t1, zero, 32
x6 <- 0x00000020


mem[X,0x800003FC] -> 0x0233
mem[X,0x800003FE] -> 0x4062
[260] [M]: 0x800003FC (0x40620233) sub tp, tp, t1
x4 <- 0x80003154


mem[X,0x80000400] -> 0x1023
mem[X,0x80000402] -> 0x0252
[261] [M]: 0x80000400 (0x02521023) sh t0, 32(tp)
mem[0x80003174] <- 0x0000


mem[X,0x80000404] -> 0x0013
mem[X,0x80000406] -> 0x0000
[262] [M]: 0x80000404 (0x00000013) addi zero, zero, 0


mem[X,0x80000408] -> 0x0013
mem[X,0x8000040A] -> 0x0000
[263] [M]: 0x80000408 (0x00000013) addi zero, zero, 0


mem[X,0x8000040C] -> 0x0BB7
mem[X,0x8000040E] -> 0x0002
[264] [M]: 0x8000040C (0x00020BB7) lui s7, 32
x23 <- 0x00020000


mem[X,0x80000410] -> 0x8F13
mem[X,0x80000412] -> 0x0140
[265] [M]: 0x80000410 (0x01408F13) addi t5, ra, 20
x30 <- 0x80003178


mem[X,0x80000414] -> 0x0313
mem[X,0x80000416] -> 0x0100
[266] [M]: 0x80000414 (0x01000313) addi t1, zero, 16
x6 <- 0x00000010


mem[X,0x80000418] -> 0x0F33
mem[X,0x8000041A] -> 0x406F
[267] [M]: 0x80000418 (0x406F0F33) sub t5, t5, t1
x30 <- 0x80003168


mem[X,0x8000041C] -> 0x1823
mem[X,0x8000041E] -> 0x017F
[268] [M]: 0x8000041C (0x017F1823) sh s7, 16(t5)
mem[0x80003178] <- 0x0000


mem[X,0x80000420] -> 0x0013
mem[X,0x80000422] -> 0x0000
[269] [M]: 0x80000420 (0x00000013) addi zero, zero, 0


mem[X,0x80000424] -> 0x0013
mem[X,0x80000426] -> 0x0000
[270] [M]: 0x80000424 (0x00000013) addi zero, zero, 0


mem[X,0x80000428] -> 0x0C37
mem[X,0x8000042A] -> 0x0004
[271] [M]: 0x80000428 (0x00040C37) lui s8, 64
x24 <- 0x00040000


mem[X,0x8000042C] -> 0x8E13
mem[X,0x8000042E] -> 0x0180
[272] [M]: 0x8000042C (0x01808E13) addi t3, ra, 24
x28 <- 0x8000317C


mem[X,0x80000430] -> 0x0313
mem[X,0x80000432] -> 0x0000
[273] [M]: 0x80000430 (0x00000313) addi t1, zero, 0
x6 <- 0x00000000


mem[X,0x80000434] -> 0x0E33
mem[X,0x80000436] -> 0x406E
[274] [M]: 0x80000434 (0x406E0E33) sub t3, t3, t1
x28 <- 0x8000317C


mem[X,0x80000438] -> 0x1023
mem[X,0x8000043A] -> 0x018E
[275] [M]: 0x80000438 (0x018E1023) sh s8, 0(t3)
mem[0x8000317C] <- 0x0000


mem[X,0x8000043C] -> 0x0013
mem[X,0x8000043E] -> 0x0000
[276] [M]: 0x8000043C (0x00000013) addi zero, zero, 0


mem[X,0x80000440] -> 0x0013
mem[X,0x80000442] -> 0x0000
[277] [M]: 0x80000440 (0x00000013) addi zero, zero, 0


mem[X,0x80000444] -> 0x0537
mem[X,0x80000446] -> 0x0008
[278] [M]: 0x80000444 (0x00080537) lui a0, 128
x10 <- 0x00080000


mem[X,0x80000448] -> 0x8A93
mem[X,0x8000044A] -> 0x01C0
[279] [M]: 0x80000448 (0x01C08A93) addi s5, ra, 28
x21 <- 0x80003180


mem[X,0x8000044C] -> 0x0313
mem[X,0x8000044E] -> 0x7FF0
[280] [M]: 0x8000044C (0x7FF00313) addi t1, zero, 2047
x6 <- 0x000007FF


mem[X,0x80000450] -> 0x8AB3
mem[X,0x80000452] -> 0x406A
[281] [M]: 0x80000450 (0x406A8AB3) sub s5, s5, t1
x21 <- 0x80002981


mem[X,0x80000454] -> 0x9FA3
mem[X,0x80000456] -> 0x7EAA
[282] [M]: 0x80000454 (0x7EAA9FA3) sh a0, 2047(s5)
mem[0x80003180] <- 0x0000


mem[X,0x80000458] -> 0x0013
mem[X,0x8000045A] -> 0x0000
[283] [M]: 0x80000458 (0x00000013) addi zero, zero, 0


mem[X,0x8000045C] -> 0x0013
mem[X,0x8000045E] -> 0x0000
[284] [M]: 0x8000045C (0x00000013) addi zero, zero, 0


mem[X,0x80000460] -> 0x0837
mem[X,0x80000462] -> 0x0010
[285] [M]: 0x80000460 (0x00100837) lui a6, 256
x16 <- 0x00100000


mem[X,0x80000464] -> 0x8893
mem[X,0x80000466] -> 0x0200
[286] [M]: 0x80000464 (0x02008893) addi a7, ra, 32
x17 <- 0x80003184


mem[X,0x80000468] -> 0x0313
mem[X,0x8000046A] -> 0xBFF0
[287] [M]: 0x80000468 (0xBFF00313) addi t1, zero, 3071
x6 <- 0xFFFFFBFF


mem[X,0x8000046C] -> 0x88B3
mem[X,0x8000046E] -> 0x4068
[288] [M]: 0x8000046C (0x406888B3) sub a7, a7, t1
x17 <- 0x80003585


mem[X,0x80000470] -> 0x9FA3
mem[X,0x80000472] -> 0xBF08
[289] [M]: 0x80000470 (0xBF089FA3) sh a6, 3071(a7)
mem[0x80003184] <- 0x0000


mem[X,0x80000474] -> 0x0013
mem[X,0x80000476] -> 0x0000
[290] [M]: 0x80000474 (0x00000013) addi zero, zero, 0


mem[X,0x80000478] -> 0x0013
mem[X,0x8000047A] -> 0x0000
[291] [M]: 0x80000478 (0x00000013) addi zero, zero, 0


mem[X,0x8000047C] -> 0x09B7
mem[X,0x8000047E] -> 0x0020
[292] [M]: 0x8000047C (0x002009B7) lui s3, 512
x19 <- 0x00200000


mem[X,0x80000480] -> 0x8493
mem[X,0x80000482] -> 0x0240
[293] [M]: 0x80000480 (0x02408493) addi s1, ra, 36
x9 <- 0x80003188


mem[X,0x80000484] -> 0x0313
mem[X,0x80000486] -> 0xAAA0
[294] [M]: 0x80000484 (0xAAA00313) addi t1, zero, 2730
x6 <- 0xFFFFFAAA


mem[X,0x80000488] -> 0x84B3
mem[X,0x8000048A] -> 0x4064
[295] [M]: 0x80000488 (0x406484B3) sub s1, s1, t1
x9 <- 0x800036DE


mem[X,0x8000048C] -> 0x9523
mem[X,0x8000048E] -> 0xAB34
[296] [M]: 0x8000048C (0xAB349523) sh s3, 2730(s1)
mem[0x80003188] <- 0x0000


mem[X,0x80000490] -> 0x0013
mem[X,0x80000492] -> 0x0000
[297] [M]: 0x80000490 (0x00000013) addi zero, zero, 0


mem[X,0x80000494] -> 0x0013
mem[X,0x80000496] -> 0x0000
[298] [M]: 0x80000494 (0x00000013) addi zero, zero, 0


mem[X,0x80000498] -> 0x0237
mem[X,0x8000049A] -> 0x0040
[299] [M]: 0x80000498 (0x00400237) lui tp, 1024
x4 <- 0x00400000


clint::tick mtime <- 0x0000000000000003
 clint timer pending at mtime 0x0000000000000003
htif::tick 0x0000000000000000
mem[X,0x8000049C] -> 0x8113
mem[X,0x8000049E] -> 0x0280
[300] [M]: 0x8000049C (0x02808113) addi sp, ra, 40
x2 <- 0x8000318C


mem[X,0x800004A0] -> 0x0313
mem[X,0x800004A2] -> 0x0800
[301] [M]: 0x800004A0 (0x08000313) addi t1, zero, 128
x6 <- 0x00000080


mem[X,0x800004A4] -> 0x0133
mem[X,0x800004A6] -> 0x4061
[302] [M]: 0x800004A4 (0x40610133) sub sp, sp, t1
x2 <- 0x8000310C


mem[X,0x800004A8] -> 0x1023
mem[X,0x800004AA] -> 0x0841
[303] [M]: 0x800004A8 (0x08411023) sh tp, 128(sp)
mem[0x8000318C] <- 0x0000


mem[X,0x800004AC] -> 0x0013
mem[X,0x800004AE] -> 0x0000
[304] [M]: 0x800004AC (0x00000013) addi zero, zero, 0


mem[X,0x800004B0] -> 0x0013
mem[X,0x800004B2] -> 0x0000
[305] [M]: 0x800004B0 (0x00000013) addi zero, zero, 0


mem[X,0x800004B4] -> 0x0FB7
mem[X,0x800004B6] -> 0x0080
[306] [M]: 0x800004B4 (0x00800FB7) lui t6, 2048
x31 <- 0x00800000


mem[X,0x800004B8] -> 0x8E93
mem[X,0x800004BA] -> 0x02C0
[307] [M]: 0x800004B8 (0x02C08E93) addi t4, ra, 44
x29 <- 0x80003190


mem[X,0x800004BC] -> 0x0313
mem[X,0x800004BE] -> 0x0000
[308] [M]: 0x800004BC (0x00000313) addi t1, zero, 0
x6 <- 0x00000000


mem[X,0x800004C0] -> 0x8EB3
mem[X,0x800004C2] -> 0x406E
[309] [M]: 0x800004C0 (0x406E8EB3) sub t4, t4, t1
x29 <- 0x80003190


mem[X,0x800004C4] -> 0x9023
mem[X,0x800004C6] -> 0x01FE
[310] [M]: 0x800004C4 (0x01FE9023) sh t6, 0(t4)
mem[0x80003190] <- 0x0000


mem[X,0x800004C8] -> 0x0013
mem[X,0x800004CA] -> 0x0000
[311] [M]: 0x800004C8 (0x00000013) addi zero, zero, 0


mem[X,0x800004CC] -> 0x0013
mem[X,0x800004CE] -> 0x0000
[312] [M]: 0x800004CC (0x00000013) addi zero, zero, 0


mem[X,0x800004D0] -> 0x05B7
mem[X,0x800004D2] -> 0x0100
[313] [M]: 0x800004D0 (0x010005B7) lui a1, 4096
x11 <- 0x01000000


mem[X,0x800004D4] -> 0x8513
mem[X,0x800004D6] -> 0x0300
[314] [M]: 0x800004D4 (0x03008513) addi a0, ra, 48
x10 <- 0x80003194


mem[X,0x800004D8] -> 0x0313
mem[X,0x800004DA] -> 0x3FF0
[315] [M]: 0x800004D8 (0x3FF00313) addi t1, zero, 1023
x6 <- 0x000003FF


mem[X,0x800004DC] -> 0x0533
mem[X,0x800004DE] -> 0x4065
[316] [M]: 0x800004DC (0x40650533) sub a0, a0, t1
x10 <- 0x80002D95


mem[X,0x800004E0] -> 0x1FA3
mem[X,0x800004E2] -> 0x3EB5
[317] [M]: 0x800004E0 (0x3EB51FA3) sh a1, 1023(a0)
mem[0x80003194] <- 0x0000


mem[X,0x800004E4] -> 0x0013
mem[X,0x800004E6] -> 0x0000
[318] [M]: 0x800004E4 (0x00000013) addi zero, zero, 0


mem[X,0x800004E8] -> 0x0013
mem[X,0x800004EA] -> 0x0000
[319] [M]: 0x800004E8 (0x00000013) addi zero, zero, 0


mem[X,0x800004EC] -> 0x05B7
mem[X,0x800004EE] -> 0x0200
[320] [M]: 0x800004EC (0x020005B7) lui a1, 8192
x11 <- 0x02000000


mem[X,0x800004F0] -> 0x8513
mem[X,0x800004F2] -> 0x0340
[321] [M]: 0x800004F0 (0x03408513) addi a0, ra, 52
x10 <- 0x80003198


mem[X,0x800004F4] -> 0x0313
mem[X,0x800004F6] -> 0x7FF0
[322] [M]: 0x800004F4 (0x7FF00313) addi t1, zero, 2047
x6 <- 0x000007FF


mem[X,0x800004F8] -> 0x0533
mem[X,0x800004FA] -> 0x4065
[323] [M]: 0x800004F8 (0x40650533) sub a0, a0, t1
x10 <- 0x80002999


mem[X,0x800004FC] -> 0x1FA3
mem[X,0x800004FE] -> 0x7EB5
[324] [M]: 0x800004FC (0x7EB51FA3) sh a1, 2047(a0)
mem[0x80003198] <- 0x0000


mem[X,0x80000500] -> 0x0013
mem[X,0x80000502] -> 0x0000
[325] [M]: 0x80000500 (0x00000013) addi zero, zero, 0


mem[X,0x80000504] -> 0x0013
mem[X,0x80000506] -> 0x0000
[326] [M]: 0x80000504 (0x00000013) addi zero, zero, 0


mem[X,0x80000508] -> 0x05B7
mem[X,0x8000050A] -> 0x0400
[327] [M]: 0x80000508 (0x040005B7) lui a1, 16384
x11 <- 0x04000000


mem[X,0x8000050C] -> 0x8513
mem[X,0x8000050E] -> 0x0380
[328] [M]: 0x8000050C (0x03808513) addi a0, ra, 56
x10 <- 0x8000319C


mem[X,0x80000510] -> 0x0313
mem[X,0x80000512] -> 0x5550
[329] [M]: 0x80000510 (0x55500313) addi t1, zero, 1365
x6 <- 0x00000555


mem[X,0x80000514] -> 0x0533
mem[X,0x80000516] -> 0x4065
[330] [M]: 0x80000514 (0x40650533) sub a0, a0, t1
x10 <- 0x80002C47


mem[X,0x80000518] -> 0x1AA3
mem[X,0x8000051A] -> 0x54B5
[331] [M]: 0x80000518 (0x54B51AA3) sh a1, 1365(a0)
mem[0x8000319C] <- 0x0000


mem[X,0x8000051C] -> 0x0013
mem[X,0x8000051E] -> 0x0000
[332] [M]: 0x8000051C (0x00000013) addi zero, zero, 0


mem[X,0x80000520] -> 0x0013
mem[X,0x80000522] -> 0x0000
[333] [M]: 0x80000520 (0x00000013) addi zero, zero, 0


mem[X,0x80000524] -> 0x05B7
mem[X,0x80000526] -> 0x0800
[334] [M]: 0x80000524 (0x080005B7) lui a1, 32768
x11 <- 0x08000000


mem[X,0x80000528] -> 0x8513
mem[X,0x8000052A] -> 0x03C0
[335] [M]: 0x80000528 (0x03C08513) addi a0, ra, 60
x10 <- 0x800031A0


mem[X,0x8000052C] -> 0x0313
mem[X,0x8000052E] -> 0xFF80
[336] [M]: 0x8000052C (0xFF800313) addi t1, zero, 4088
x6 <- 0xFFFFFFF8


mem[X,0x80000530] -> 0x0533
mem[X,0x80000532] -> 0x4065
[337] [M]: 0x80000530 (0x40650533) sub a0, a0, t1
x10 <- 0x800031A8


mem[X,0x80000534] -> 0x1C23
mem[X,0x80000536] -> 0xFEB5
[338] [M]: 0x80000534 (0xFEB51C23) sh a1, 4088(a0)
mem[0x800031A0] <- 0x0000


mem[X,0x80000538] -> 0x0013
mem[X,0x8000053A] -> 0x0000
[339] [M]: 0x80000538 (0x00000013) addi zero, zero, 0


mem[X,0x8000053C] -> 0x0013
mem[X,0x8000053E] -> 0x0000
[340] [M]: 0x8000053C (0x00000013) addi zero, zero, 0


mem[X,0x80000540] -> 0x05B7
mem[X,0x80000542] -> 0x1000
[341] [M]: 0x80000540 (0x100005B7) lui a1, 65536
x11 <- 0x10000000


mem[X,0x80000544] -> 0x8513
mem[X,0x80000546] -> 0x0400
[342] [M]: 0x80000544 (0x04008513) addi a0, ra, 64
x10 <- 0x800031A4


mem[X,0x80000548] -> 0x0313
mem[X,0x8000054A] -> 0x0060
[343] [M]: 0x80000548 (0x00600313) addi t1, zero, 6
x6 <- 0x00000006


mem[X,0x8000054C] -> 0x0533
mem[X,0x8000054E] -> 0x4065
[344] [M]: 0x8000054C (0x40650533) sub a0, a0, t1
x10 <- 0x8000319E


mem[X,0x80000550] -> 0x1323
mem[X,0x80000552] -> 0x00B5
[345] [M]: 0x80000550 (0x00B51323) sh a1, 6(a0)
mem[0x800031A4] <- 0x0000


mem[X,0x80000554] -> 0x0013
mem[X,0x80000556] -> 0x0000
[346] [M]: 0x80000554 (0x00000013) addi zero, zero, 0


mem[X,0x80000558] -> 0x0013
mem[X,0x8000055A] -> 0x0000
[347] [M]: 0x80000558 (0x00000013) addi zero, zero, 0


mem[X,0x8000055C] -> 0x05B7
mem[X,0x8000055E] -> 0x2000
[348] [M]: 0x8000055C (0x200005B7) lui a1, 131072
x11 <- 0x20000000


mem[X,0x80000560] -> 0x8513
mem[X,0x80000562] -> 0x0440
[349] [M]: 0x80000560 (0x04408513) addi a0, ra, 68
x10 <- 0x800031A8


mem[X,0x80000564] -> 0x0313
mem[X,0x80000566] -> 0xFFB0
[350] [M]: 0x80000564 (0xFFB00313) addi t1, zero, 4091
x6 <- 0xFFFFFFFB


mem[X,0x80000568] -> 0x0533
mem[X,0x8000056A] -> 0x4065
[351] [M]: 0x80000568 (0x40650533) sub a0, a0, t1
x10 <- 0x800031AD


mem[X,0x8000056C] -> 0x1DA3
mem[X,0x8000056E] -> 0xFEB5
[352] [M]: 0x8000056C (0xFEB51DA3) sh a1, 4091(a0)
mem[0x800031A8] <- 0x0000


mem[X,0x80000570] -> 0x0013
mem[X,0x80000572] -> 0x0000
[353] [M]: 0x80000570 (0x00000013) addi zero, zero, 0


mem[X,0x80000574] -> 0x0013
mem[X,0x80000576] -> 0x0000
[354] [M]: 0x80000574 (0x00000013) addi zero, zero, 0


mem[X,0x80000578] -> 0x05B7
mem[X,0x8000057A] -> 0x4000
[355] [M]: 0x80000578 (0x400005B7) lui a1, 262144
x11 <- 0x40000000


mem[X,0x8000057C] -> 0x8513
mem[X,0x8000057E] -> 0x0480
[356] [M]: 0x8000057C (0x04808513) addi a0, ra, 72
x10 <- 0x800031AC


mem[X,0x80000580] -> 0x0313
mem[X,0x80000582] -> 0x8000
[357] [M]: 0x80000580 (0x80000313) addi t1, zero, 2048
x6 <- 0xFFFFF800


mem[X,0x80000584] -> 0x0533
mem[X,0x80000586] -> 0x4065
[358] [M]: 0x80000584 (0x40650533) sub a0, a0, t1
x10 <- 0x800039AC


mem[X,0x80000588] -> 0x1023
mem[X,0x8000058A] -> 0x80B5
[359] [M]: 0x80000588 (0x80B51023) sh a1, 2048(a0)
mem[0x800031AC] <- 0x0000


mem[X,0x8000058C] -> 0x0013
mem[X,0x8000058E] -> 0x0000
[360] [M]: 0x8000058C (0x00000013) addi zero, zero, 0


mem[X,0x80000590] -> 0x0013
mem[X,0x80000592] -> 0x0000
[361] [M]: 0x80000590 (0x00000013) addi zero, zero, 0


mem[X,0x80000594] -> 0x05B7
mem[X,0x80000596] -> 0xFFF8
[362] [M]: 0x80000594 (0xFFF805B7) lui a1, 1048448
x11 <- 0xFFF80000


mem[X,0x80000598] -> 0x8593
mem[X,0x8000059A] -> 0xFFF5
[363] [M]: 0x80000598 (0xFFF58593) addi a1, a1, 4095
x11 <- 0xFFF7FFFF


mem[X,0x8000059C] -> 0x8513
mem[X,0x8000059E] -> 0x04C0
[364] [M]: 0x8000059C (0x04C08513) addi a0, ra, 76
x10 <- 0x800031B0


mem[X,0x800005A0] -> 0x0313
mem[X,0x800005A2] -> 0xEFF0
[365] [M]: 0x800005A0 (0xEFF00313) addi t1, zero, 3839
x6 <- 0xFFFFFEFF


mem[X,0x800005A4] -> 0x0533
mem[X,0x800005A6] -> 0x4065
[366] [M]: 0x800005A4 (0x40650533) sub a0, a0, t1
x10 <- 0x800032B1


mem[X,0x800005A8] -> 0x1FA3
mem[X,0x800005AA] -> 0xEEB5
[367] [M]: 0x800005A8 (0xEEB51FA3) sh a1, 3839(a0)
mem[0x800031B0] <- 0xFFFF


mem[X,0x800005AC] -> 0x0013
mem[X,0x800005AE] -> 0x0000
[368] [M]: 0x800005AC (0x00000013) addi zero, zero, 0


mem[X,0x800005B0] -> 0x0013
mem[X,0x800005B2] -> 0x0000
[369] [M]: 0x800005B0 (0x00000013) addi zero, zero, 0


mem[X,0x800005B4] -> 0x05B7
mem[X,0x800005B6] -> 0xFFF0
[370] [M]: 0x800005B4 (0xFFF005B7) lui a1, 1048320
x11 <- 0xFFF00000


mem[X,0x800005B8] -> 0x8593
mem[X,0x800005BA] -> 0xFFF5
[371] [M]: 0x800005B8 (0xFFF58593) addi a1, a1, 4095
x11 <- 0xFFEFFFFF


mem[X,0x800005BC] -> 0x8513
mem[X,0x800005BE] -> 0x0500
[372] [M]: 0x800005BC (0x05008513) addi a0, ra, 80
x10 <- 0x800031B4


mem[X,0x800005C0] -> 0x0313
mem[X,0x800005C2] -> 0x0400
[373] [M]: 0x800005C0 (0x04000313) addi t1, zero, 64
x6 <- 0x00000040


mem[X,0x800005C4] -> 0x0533
mem[X,0x800005C6] -> 0x4065
[374] [M]: 0x800005C4 (0x40650533) sub a0, a0, t1
x10 <- 0x80003174


mem[X,0x800005C8] -> 0x1023
mem[X,0x800005CA] -> 0x04B5
[375] [M]: 0x800005C8 (0x04B51023) sh a1, 64(a0)
mem[0x800031B4] <- 0xFFFF


mem[X,0x800005CC] -> 0x0013
mem[X,0x800005CE] -> 0x0000
[376] [M]: 0x800005CC (0x00000013) addi zero, zero, 0


mem[X,0x800005D0] -> 0x0013
mem[X,0x800005D2] -> 0x0000
[377] [M]: 0x800005D0 (0x00000013) addi zero, zero, 0


mem[X,0x800005D4] -> 0x05B7
mem[X,0x800005D6] -> 0xFFE0
[378] [M]: 0x800005D4 (0xFFE005B7) lui a1, 1048064
x11 <- 0xFFE00000


mem[X,0x800005D8] -> 0x8593
mem[X,0x800005DA] -> 0xFFF5
[379] [M]: 0x800005D8 (0xFFF58593) addi a1, a1, 4095
x11 <- 0xFFDFFFFF


mem[X,0x800005DC] -> 0x8513
mem[X,0x800005DE] -> 0x0540
[380] [M]: 0x800005DC (0x05408513) addi a0, ra, 84
x10 <- 0x800031B8


mem[X,0x800005E0] -> 0x0313
mem[X,0x800005E2] -> 0x0060
[381] [M]: 0x800005E0 (0x00600313) addi t1, zero, 6
x6 <- 0x00000006


mem[X,0x800005E4] -> 0x0533
mem[X,0x800005E6] -> 0x4065
[382] [M]: 0x800005E4 (0x40650533) sub a0, a0, t1
x10 <- 0x800031B2


mem[X,0x800005E8] -> 0x1323
mem[X,0x800005EA] -> 0x00B5
[383] [M]: 0x800005E8 (0x00B51323) sh a1, 6(a0)
mem[0x800031B8] <- 0xFFFF


mem[X,0x800005EC] -> 0x0013
mem[X,0x800005EE] -> 0x0000
[384] [M]: 0x800005EC (0x00000013) addi zero, zero, 0


mem[X,0x800005F0] -> 0x0013
mem[X,0x800005F2] -> 0x0000
[385] [M]: 0x800005F0 (0x00000013) addi zero, zero, 0


mem[X,0x800005F4] -> 0x05B7
mem[X,0x800005F6] -> 0xFFC0
[386] [M]: 0x800005F4 (0xFFC005B7) lui a1, 1047552
x11 <- 0xFFC00000


mem[X,0x800005F8] -> 0x8593
mem[X,0x800005FA] -> 0xFFF5
[387] [M]: 0x800005F8 (0xFFF58593) addi a1, a1, 4095
x11 <- 0xFFBFFFFF


mem[X,0x800005FC] -> 0x8513
mem[X,0x800005FE] -> 0x0580
[388] [M]: 0x800005FC (0x05808513) addi a0, ra, 88
x10 <- 0x800031BC


mem[X,0x80000600] -> 0x0313
mem[X,0x80000602] -> 0x5550
[389] [M]: 0x80000600 (0x55500313) addi t1, zero, 1365
x6 <- 0x00000555


mem[X,0x80000604] -> 0x0533
mem[X,0x80000606] -> 0x4065
[390] [M]: 0x80000604 (0x40650533) sub a0, a0, t1
x10 <- 0x80002C67


mem[X,0x80000608] -> 0x1AA3
mem[X,0x8000060A] -> 0x54B5
[391] [M]: 0x80000608 (0x54B51AA3) sh a1, 1365(a0)
mem[0x800031BC] <- 0xFFFF


mem[X,0x8000060C] -> 0x0013
mem[X,0x8000060E] -> 0x0000
[392] [M]: 0x8000060C (0x00000013) addi zero, zero, 0


mem[X,0x80000610] -> 0x0013
mem[X,0x80000612] -> 0x0000
[393] [M]: 0x80000610 (0x00000013) addi zero, zero, 0


mem[X,0x80000614] -> 0x05B7
mem[X,0x80000616] -> 0xFF80
[394] [M]: 0x80000614 (0xFF8005B7) lui a1, 1046528
x11 <- 0xFF800000


mem[X,0x80000618] -> 0x8593
mem[X,0x8000061A] -> 0xFFF5
[395] [M]: 0x80000618 (0xFFF58593) addi a1, a1, 4095
x11 <- 0xFF7FFFFF


mem[X,0x8000061C] -> 0x8513
mem[X,0x8000061E] -> 0x05C0
[396] [M]: 0x8000061C (0x05C08513) addi a0, ra, 92
x10 <- 0x800031C0


mem[X,0x80000620] -> 0x0313
mem[X,0x80000622] -> 0x0060
[397] [M]: 0x80000620 (0x00600313) addi t1, zero, 6
x6 <- 0x00000006


mem[X,0x80000624] -> 0x0533
mem[X,0x80000626] -> 0x4065
[398] [M]: 0x80000624 (0x40650533) sub a0, a0, t1
x10 <- 0x800031BA


mem[X,0x80000628] -> 0x1323
mem[X,0x8000062A] -> 0x00B5
[399] [M]: 0x80000628 (0x00B51323) sh a1, 6(a0)
mem[0x800031C0] <- 0xFFFF


clint::tick mtime <- 0x0000000000000004
 clint timer pending at mtime 0x0000000000000004
htif::tick 0x0000000000000000
mem[X,0x8000062C] -> 0x0013
mem[X,0x8000062E] -> 0x0000
[400] [M]: 0x8000062C (0x00000013) addi zero, zero, 0


mem[X,0x80000630] -> 0x0013
mem[X,0x80000632] -> 0x0000
[401] [M]: 0x80000630 (0x00000013) addi zero, zero, 0


mem[X,0x80000634] -> 0x05B7
mem[X,0x80000636] -> 0xFF00
[402] [M]: 0x80000634 (0xFF0005B7) lui a1, 1044480
x11 <- 0xFF000000


mem[X,0x80000638] -> 0x8593
mem[X,0x8000063A] -> 0xFFF5
[403] [M]: 0x80000638 (0xFFF58593) addi a1, a1, 4095
x11 <- 0xFEFFFFFF


mem[X,0x8000063C] -> 0x8513
mem[X,0x8000063E] -> 0x0600
[404] [M]: 0x8000063C (0x06008513) addi a0, ra, 96
x10 <- 0x800031C4


mem[X,0x80000640] -> 0x0313
mem[X,0x80000642] -> 0x0040
[405] [M]: 0x80000640 (0x00400313) addi t1, zero, 4
x6 <- 0x00000004


mem[X,0x80000644] -> 0x0533
mem[X,0x80000646] -> 0x4065
[406] [M]: 0x80000644 (0x40650533) sub a0, a0, t1
x10 <- 0x800031C0


mem[X,0x80000648] -> 0x1223
mem[X,0x8000064A] -> 0x00B5
[407] [M]: 0x80000648 (0x00B51223) sh a1, 4(a0)
mem[0x800031C4] <- 0xFFFF


mem[X,0x8000064C] -> 0x0013
mem[X,0x8000064E] -> 0x0000
[408] [M]: 0x8000064C (0x00000013) addi zero, zero, 0


mem[X,0x80000650] -> 0x0013
mem[X,0x80000652] -> 0x0000
[409] [M]: 0x80000650 (0x00000013) addi zero, zero, 0


mem[X,0x80000654] -> 0x05B7
mem[X,0x80000656] -> 0xFE00
[410] [M]: 0x80000654 (0xFE0005B7) lui a1, 1040384
x11 <- 0xFE000000


mem[X,0x80000658] -> 0x8593
mem[X,0x8000065A] -> 0xFFF5
[411] [M]: 0x80000658 (0xFFF58593) addi a1, a1, 4095
x11 <- 0xFDFFFFFF


mem[X,0x8000065C] -> 0x8513
mem[X,0x8000065E] -> 0x0640
[412] [M]: 0x8000065C (0x06408513) addi a0, ra, 100
x10 <- 0x800031C8


mem[X,0x80000660] -> 0x0313
mem[X,0x80000662] -> 0xBFF0
[413] [M]: 0x80000660 (0xBFF00313) addi t1, zero, 3071
x6 <- 0xFFFFFBFF


mem[X,0x80000664] -> 0x0533
mem[X,0x80000666] -> 0x4065
[414] [M]: 0x80000664 (0x40650533) sub a0, a0, t1
x10 <- 0x800035C9


mem[X,0x80000668] -> 0x1FA3
mem[X,0x8000066A] -> 0xBEB5
[415] [M]: 0x80000668 (0xBEB51FA3) sh a1, 3071(a0)
mem[0x800031C8] <- 0xFFFF


mem[X,0x8000066C] -> 0x0013
mem[X,0x8000066E] -> 0x0000
[416] [M]: 0x8000066C (0x00000013) addi zero, zero, 0


mem[X,0x80000670] -> 0x0013
mem[X,0x80000672] -> 0x0000
[417] [M]: 0x80000670 (0x00000013) addi zero, zero, 0


mem[X,0x80000674] -> 0x05B7
mem[X,0x80000676] -> 0xFC00
[418] [M]: 0x80000674 (0xFC0005B7) lui a1, 1032192
x11 <- 0xFC000000


mem[X,0x80000678] -> 0x8593
mem[X,0x8000067A] -> 0xFFF5
[419] [M]: 0x80000678 (0xFFF58593) addi a1, a1, 4095
x11 <- 0xFBFFFFFF


mem[X,0x8000067C] -> 0x8513
mem[X,0x8000067E] -> 0x0680
[420] [M]: 0x8000067C (0x06808513) addi a0, ra, 104
x10 <- 0x800031CC


mem[X,0x80000680] -> 0x0313
mem[X,0x80000682] -> 0x0030
[421] [M]: 0x80000680 (0x00300313) addi t1, zero, 3
x6 <- 0x00000003


mem[X,0x80000684] -> 0x0533
mem[X,0x80000686] -> 0x4065
[422] [M]: 0x80000684 (0x40650533) sub a0, a0, t1
x10 <- 0x800031C9


mem[X,0x80000688] -> 0x11A3
mem[X,0x8000068A] -> 0x00B5
[423] [M]: 0x80000688 (0x00B511A3) sh a1, 3(a0)
mem[0x800031CC] <- 0xFFFF


mem[X,0x8000068C] -> 0x0013
mem[X,0x8000068E] -> 0x0000
[424] [M]: 0x8000068C (0x00000013) addi zero, zero, 0


mem[X,0x80000690] -> 0x0013
mem[X,0x80000692] -> 0x0000
[425] [M]: 0x80000690 (0x00000013) addi zero, zero, 0


mem[X,0x80000694] -> 0x05B7
mem[X,0x80000696] -> 0xF800
[426] [M]: 0x80000694 (0xF80005B7) lui a1, 1015808
x11 <- 0xF8000000


mem[X,0x80000698] -> 0x8593
mem[X,0x8000069A] -> 0xFFF5
[427] [M]: 0x80000698 (0xFFF58593) addi a1, a1, 4095
x11 <- 0xF7FFFFFF


mem[X,0x8000069C] -> 0x8513
mem[X,0x8000069E] -> 0x06C0
[428] [M]: 0x8000069C (0x06C08513) addi a0, ra, 108
x10 <- 0x800031D0


mem[X,0x800006A0] -> 0x0313
mem[X,0x800006A2] -> 0x0050
[429] [M]: 0x800006A0 (0x00500313) addi t1, zero, 5
x6 <- 0x00000005


mem[X,0x800006A4] -> 0x0533
mem[X,0x800006A6] -> 0x4065
[430] [M]: 0x800006A4 (0x40650533) sub a0, a0, t1
x10 <- 0x800031CB


mem[X,0x800006A8] -> 0x12A3
mem[X,0x800006AA] -> 0x00B5
[431] [M]: 0x800006A8 (0x00B512A3) sh a1, 5(a0)
mem[0x800031D0] <- 0xFFFF


mem[X,0x800006AC] -> 0x0013
mem[X,0x800006AE] -> 0x0000
[432] [M]: 0x800006AC (0x00000013) addi zero, zero, 0


mem[X,0x800006B0] -> 0x0013
mem[X,0x800006B2] -> 0x0000
[433] [M]: 0x800006B0 (0x00000013) addi zero, zero, 0


mem[X,0x800006B4] -> 0x05B7
mem[X,0x800006B6] -> 0xF000
[434] [M]: 0x800006B4 (0xF00005B7) lui a1, 983040
x11 <- 0xF0000000


mem[X,0x800006B8] -> 0x8593
mem[X,0x800006BA] -> 0xFFF5
[435] [M]: 0x800006B8 (0xFFF58593) addi a1, a1, 4095
x11 <- 0xEFFFFFFF


mem[X,0x800006BC] -> 0x8513
mem[X,0x800006BE] -> 0x0700
[436] [M]: 0x800006BC (0x07008513) addi a0, ra, 112
x10 <- 0x800031D4


mem[X,0x800006C0] -> 0x0313
mem[X,0x800006C2] -> 0x0800
[437] [M]: 0x800006C0 (0x08000313) addi t1, zero, 128
x6 <- 0x00000080


mem[X,0x800006C4] -> 0x0533
mem[X,0x800006C6] -> 0x4065
[438] [M]: 0x800006C4 (0x40650533) sub a0, a0, t1
x10 <- 0x80003154


mem[X,0x800006C8] -> 0x1023
mem[X,0x800006CA] -> 0x08B5
[439] [M]: 0x800006C8 (0x08B51023) sh a1, 128(a0)
mem[0x800031D4] <- 0xFFFF


mem[X,0x800006CC] -> 0x0013
mem[X,0x800006CE] -> 0x0000
[440] [M]: 0x800006CC (0x00000013) addi zero, zero, 0


mem[X,0x800006D0] -> 0x0013
mem[X,0x800006D2] -> 0x0000
[441] [M]: 0x800006D0 (0x00000013) addi zero, zero, 0


mem[X,0x800006D4] -> 0x05B7
mem[X,0x800006D6] -> 0xE000
[442] [M]: 0x800006D4 (0xE00005B7) lui a1, 917504
x11 <- 0xE0000000


mem[X,0x800006D8] -> 0x8593
mem[X,0x800006DA] -> 0xFFF5
[443] [M]: 0x800006D8 (0xFFF58593) addi a1, a1, 4095
x11 <- 0xDFFFFFFF


mem[X,0x800006DC] -> 0x8513
mem[X,0x800006DE] -> 0x0740
[444] [M]: 0x800006DC (0x07408513) addi a0, ra, 116
x10 <- 0x800031D8


mem[X,0x800006E0] -> 0x0313
mem[X,0x800006E2] -> 0x0100
[445] [M]: 0x800006E0 (0x01000313) addi t1, zero, 16
x6 <- 0x00000010


mem[X,0x800006E4] -> 0x0533
mem[X,0x800006E6] -> 0x4065
[446] [M]: 0x800006E4 (0x40650533) sub a0, a0, t1
x10 <- 0x800031C8


mem[X,0x800006E8] -> 0x1823
mem[X,0x800006EA] -> 0x00B5
[447] [M]: 0x800006E8 (0x00B51823) sh a1, 16(a0)
mem[0x800031D8] <- 0xFFFF


mem[X,0x800006EC] -> 0x0013
mem[X,0x800006EE] -> 0x0000
[448] [M]: 0x800006EC (0x00000013) addi zero, zero, 0


mem[X,0x800006F0] -> 0x0013
mem[X,0x800006F2] -> 0x0000
[449] [M]: 0x800006F0 (0x00000013) addi zero, zero, 0


mem[X,0x800006F4] -> 0x05B7
mem[X,0x800006F6] -> 0xC000
[450] [M]: 0x800006F4 (0xC00005B7) lui a1, 786432
x11 <- 0xC0000000


mem[X,0x800006F8] -> 0x8593
mem[X,0x800006FA] -> 0xFFF5
[451] [M]: 0x800006F8 (0xFFF58593) addi a1, a1, 4095
x11 <- 0xBFFFFFFF


mem[X,0x800006FC] -> 0x8513
mem[X,0x800006FE] -> 0x0780
[452] [M]: 0x800006FC (0x07808513) addi a0, ra, 120
x10 <- 0x800031DC


mem[X,0x80000700] -> 0x0313
mem[X,0x80000702] -> 0xDFF0
[453] [M]: 0x80000700 (0xDFF00313) addi t1, zero, 3583
x6 <- 0xFFFFFDFF


mem[X,0x80000704] -> 0x0533
mem[X,0x80000706] -> 0x4065
[454] [M]: 0x80000704 (0x40650533) sub a0, a0, t1
x10 <- 0x800033DD


mem[X,0x80000708] -> 0x1FA3
mem[X,0x8000070A] -> 0xDEB5
[455] [M]: 0x80000708 (0xDEB51FA3) sh a1, 3583(a0)
mem[0x800031DC] <- 0xFFFF


mem[X,0x8000070C] -> 0x0013
mem[X,0x8000070E] -> 0x0000
[456] [M]: 0x8000070C (0x00000013) addi zero, zero, 0


mem[X,0x80000710] -> 0x0013
mem[X,0x80000712] -> 0x0000
[457] [M]: 0x80000710 (0x00000013) addi zero, zero, 0


mem[X,0x80000714] -> 0x55B7
mem[X,0x80000716] -> 0x5555
[458] [M]: 0x80000714 (0x555555B7) lui a1, 349525
x11 <- 0x55555000


mem[X,0x80000718] -> 0x8593
mem[X,0x8000071A] -> 0x5555
[459] [M]: 0x80000718 (0x55558593) addi a1, a1, 1365
x11 <- 0x55555555


mem[X,0x8000071C] -> 0x8513
mem[X,0x8000071E] -> 0x07C0
[460] [M]: 0x8000071C (0x07C08513) addi a0, ra, 124
x10 <- 0x800031E0


mem[X,0x80000720] -> 0x0313
mem[X,0x80000722] -> 0x0400
[461] [M]: 0x80000720 (0x04000313) addi t1, zero, 64
x6 <- 0x00000040


mem[X,0x80000724] -> 0x0533
mem[X,0x80000726] -> 0x4065
[462] [M]: 0x80000724 (0x40650533) sub a0, a0, t1
x10 <- 0x800031A0


mem[X,0x80000728] -> 0x1023
mem[X,0x8000072A] -> 0x04B5
[463] [M]: 0x80000728 (0x04B51023) sh a1, 64(a0)
mem[0x800031E0] <- 0x5555


mem[X,0x8000072C] -> 0x0013
mem[X,0x8000072E] -> 0x0000
[464] [M]: 0x8000072C (0x00000013) addi zero, zero, 0


mem[X,0x80000730] -> 0x0013
mem[X,0x80000732] -> 0x0000
[465] [M]: 0x80000730 (0x00000013) addi zero, zero, 0


mem[X,0x80000734] -> 0xB5B7
mem[X,0x80000736] -> 0xAAAA
[466] [M]: 0x80000734 (0xAAAAB5B7) lui a1, 699051
x11 <- 0xAAAAB000


mem[X,0x80000738] -> 0x8593
mem[X,0x8000073A] -> 0xAAA5
[467] [M]: 0x80000738 (0xAAA58593) addi a1, a1, 2730
x11 <- 0xAAAAAAAA


mem[X,0x8000073C] -> 0x8513
mem[X,0x8000073E] -> 0x0800
[468] [M]: 0x8000073C (0x08008513) addi a0, ra, 128
x10 <- 0x800031E4


mem[X,0x80000740] -> 0x0313
mem[X,0x80000742] -> 0xFFC0
[469] [M]: 0x80000740 (0xFFC00313) addi t1, zero, 4092
x6 <- 0xFFFFFFFC


mem[X,0x80000744] -> 0x0533
mem[X,0x80000746] -> 0x4065
[470] [M]: 0x80000744 (0x40650533) sub a0, a0, t1
x10 <- 0x800031E8


mem[X,0x80000748] -> 0x1E23
mem[X,0x8000074A] -> 0xFEB5
[471] [M]: 0x80000748 (0xFEB51E23) sh a1, 4092(a0)
mem[0x800031E4] <- 0xAAAA


mem[X,0x8000074C] -> 0x0013
mem[X,0x8000074E] -> 0x0000
[472] [M]: 0x8000074C (0x00000013) addi zero, zero, 0


mem[X,0x80000750] -> 0x0013
mem[X,0x80000752] -> 0x0000
[473] [M]: 0x80000750 (0x00000013) addi zero, zero, 0


mem[X,0x80000754] -> 0x0593
mem[X,0x80000756] -> 0xFFE0
[474] [M]: 0x80000754 (0xFFE00593) addi a1, zero, 4094
x11 <- 0xFFFFFFFE


mem[X,0x80000758] -> 0x8513
mem[X,0x8000075A] -> 0x0840
[475] [M]: 0x80000758 (0x08408513) addi a0, ra, 132
x10 <- 0x800031E8


mem[X,0x8000075C] -> 0x0313
mem[X,0x8000075E] -> 0xFBF0
[476] [M]: 0x8000075C (0xFBF00313) addi t1, zero, 4031
x6 <- 0xFFFFFFBF


mem[X,0x80000760] -> 0x0533
mem[X,0x80000762] -> 0x4065
[477] [M]: 0x80000760 (0x40650533) sub a0, a0, t1
x10 <- 0x80003229


mem[X,0x80000764] -> 0x1FA3
mem[X,0x80000766] -> 0xFAB5
[478] [M]: 0x80000764 (0xFAB51FA3) sh a1, 4031(a0)
mem[0x800031E8] <- 0xFFFE


mem[X,0x80000768] -> 0x0013
mem[X,0x8000076A] -> 0x0000
[479] [M]: 0x80000768 (0x00000013) addi zero, zero, 0


mem[X,0x8000076C] -> 0x0013
mem[X,0x8000076E] -> 0x0000
[480] [M]: 0x8000076C (0x00000013) addi zero, zero, 0


mem[X,0x80000770] -> 0x0593
mem[X,0x80000772] -> 0xFFD0
[481] [M]: 0x80000770 (0xFFD00593) addi a1, zero, 4093
x11 <- 0xFFFFFFFD


mem[X,0x80000774] -> 0x8513
mem[X,0x80000776] -> 0x0880
[482] [M]: 0x80000774 (0x08808513) addi a0, ra, 136
x10 <- 0x800031EC


mem[X,0x80000778] -> 0x0313
mem[X,0x8000077A] -> 0xFEF0
[483] [M]: 0x80000778 (0xFEF00313) addi t1, zero, 4079
x6 <- 0xFFFFFFEF


mem[X,0x8000077C] -> 0x0533
mem[X,0x8000077E] -> 0x4065
[484] [M]: 0x8000077C (0x40650533) sub a0, a0, t1
x10 <- 0x800031FD


mem[X,0x80000780] -> 0x17A3
mem[X,0x80000782] -> 0xFEB5
[485] [M]: 0x80000780 (0xFEB517A3) sh a1, 4079(a0)
mem[0x800031EC] <- 0xFFFD


mem[X,0x80000784] -> 0x0013
mem[X,0x80000786] -> 0x0000
[486] [M]: 0x80000784 (0x00000013) addi zero, zero, 0


mem[X,0x80000788] -> 0x0013
mem[X,0x8000078A] -> 0x0000
[487] [M]: 0x80000788 (0x00000013) addi zero, zero, 0


mem[X,0x8000078C] -> 0x0593
mem[X,0x8000078E] -> 0xFFB0
[488] [M]: 0x8000078C (0xFFB00593) addi a1, zero, 4091
x11 <- 0xFFFFFFFB


mem[X,0x80000790] -> 0x8513
mem[X,0x80000792] -> 0x08C0
[489] [M]: 0x80000790 (0x08C08513) addi a0, ra, 140
x10 <- 0x800031F0


mem[X,0x80000794] -> 0x0313
mem[X,0x80000796] -> 0x0100
[490] [M]: 0x80000794 (0x01000313) addi t1, zero, 16
x6 <- 0x00000010


mem[X,0x80000798] -> 0x0533
mem[X,0x8000079A] -> 0x4065
[491] [M]: 0x80000798 (0x40650533) sub a0, a0, t1
x10 <- 0x800031E0


mem[X,0x8000079C] -> 0x1823
mem[X,0x8000079E] -> 0x00B5
[492] [M]: 0x8000079C (0x00B51823) sh a1, 16(a0)
mem[0x800031F0] <- 0xFFFB


mem[X,0x800007A0] -> 0x0013
mem[X,0x800007A2] -> 0x0000
[493] [M]: 0x800007A0 (0x00000013) addi zero, zero, 0


mem[X,0x800007A4] -> 0x0013
mem[X,0x800007A6] -> 0x0000
[494] [M]: 0x800007A4 (0x00000013) addi zero, zero, 0


mem[X,0x800007A8] -> 0x0593
mem[X,0x800007AA] -> 0xFEF0
[495] [M]: 0x800007A8 (0xFEF00593) addi a1, zero, 4079
x11 <- 0xFFFFFFEF


mem[X,0x800007AC] -> 0x8513
mem[X,0x800007AE] -> 0x0900
[496] [M]: 0x800007AC (0x09008513) addi a0, ra, 144
x10 <- 0x800031F4


mem[X,0x800007B0] -> 0x0313
mem[X,0x800007B2] -> 0x0200
[497] [M]: 0x800007B0 (0x02000313) addi t1, zero, 32
x6 <- 0x00000020


mem[X,0x800007B4] -> 0x0533
mem[X,0x800007B6] -> 0x4065
[498] [M]: 0x800007B4 (0x40650533) sub a0, a0, t1
x10 <- 0x800031D4


mem[X,0x800007B8] -> 0x1023
mem[X,0x800007BA] -> 0x02B5
[499] [M]: 0x800007B8 (0x02B51023) sh a1, 32(a0)
mem[0x800031F4] <- 0xFFEF


clint::tick mtime <- 0x0000000000000005
 clint timer pending at mtime 0x0000000000000005
htif::tick 0x0000000000000000
mem[X,0x800007BC] -> 0x0013
mem[X,0x800007BE] -> 0x0000
[500] [M]: 0x800007BC (0x00000013) addi zero, zero, 0


mem[X,0x800007C0] -> 0x0013
mem[X,0x800007C2] -> 0x0000
[501] [M]: 0x800007C0 (0x00000013) addi zero, zero, 0


mem[X,0x800007C4] -> 0x0593
mem[X,0x800007C6] -> 0xFDF0
[502] [M]: 0x800007C4 (0xFDF00593) addi a1, zero, 4063
x11 <- 0xFFFFFFDF


mem[X,0x800007C8] -> 0x8513
mem[X,0x800007CA] -> 0x0940
[503] [M]: 0x800007C8 (0x09408513) addi a0, ra, 148
x10 <- 0x800031F8


mem[X,0x800007CC] -> 0x0313
mem[X,0x800007CE] -> 0x0400
[504] [M]: 0x800007CC (0x04000313) addi t1, zero, 64
x6 <- 0x00000040


mem[X,0x800007D0] -> 0x0533
mem[X,0x800007D2] -> 0x4065
[505] [M]: 0x800007D0 (0x40650533) sub a0, a0, t1
x10 <- 0x800031B8


mem[X,0x800007D4] -> 0x1023
mem[X,0x800007D6] -> 0x04B5
[506] [M]: 0x800007D4 (0x04B51023) sh a1, 64(a0)
mem[0x800031F8] <- 0xFFDF


mem[X,0x800007D8] -> 0x0013
mem[X,0x800007DA] -> 0x0000
[507] [M]: 0x800007D8 (0x00000013) addi zero, zero, 0


mem[X,0x800007DC] -> 0x0013
mem[X,0x800007DE] -> 0x0000
[508] [M]: 0x800007DC (0x00000013) addi zero, zero, 0


mem[X,0x800007E0] -> 0x0593
mem[X,0x800007E2] -> 0xFBF0
[509] [M]: 0x800007E0 (0xFBF00593) addi a1, zero, 4031
x11 <- 0xFFFFFFBF


mem[X,0x800007E4] -> 0x8513
mem[X,0x800007E6] -> 0x0980
[510] [M]: 0x800007E4 (0x09808513) addi a0, ra, 152
x10 <- 0x800031FC


mem[X,0x800007E8] -> 0x0313
mem[X,0x800007EA] -> 0xFFE0
[511] [M]: 0x800007E8 (0xFFE00313) addi t1, zero, 4094
x6 <- 0xFFFFFFFE


mem[X,0x800007EC] -> 0x0533
mem[X,0x800007EE] -> 0x4065
[512] [M]: 0x800007EC (0x40650533) sub a0, a0, t1
x10 <- 0x800031FE


mem[X,0x800007F0] -> 0x1F23
mem[X,0x800007F2] -> 0xFEB5
[513] [M]: 0x800007F0 (0xFEB51F23) sh a1, 4094(a0)
mem[0x800031FC] <- 0xFFBF


mem[X,0x800007F4] -> 0x0013
mem[X,0x800007F6] -> 0x0000
[514] [M]: 0x800007F4 (0x00000013) addi zero, zero, 0


mem[X,0x800007F8] -> 0x0013
mem[X,0x800007FA] -> 0x0000
[515] [M]: 0x800007F8 (0x00000013) addi zero, zero, 0


mem[X,0x800007FC] -> 0x0593
mem[X,0x800007FE] -> 0xF7F0
[516] [M]: 0x800007FC (0xF7F00593) addi a1, zero, 3967
x11 <- 0xFFFFFF7F


mem[X,0x80000800] -> 0x8513
mem[X,0x80000802] -> 0x09C0
[517] [M]: 0x80000800 (0x09C08513) addi a0, ra, 156
x10 <- 0x80003200


mem[X,0x80000804] -> 0x0313
mem[X,0x80000806] -> 0xFF70
[518] [M]: 0x80000804 (0xFF700313) addi t1, zero, 4087
x6 <- 0xFFFFFFF7


mem[X,0x80000808] -> 0x0533
mem[X,0x8000080A] -> 0x4065
[519] [M]: 0x80000808 (0x40650533) sub a0, a0, t1
x10 <- 0x80003209


mem[X,0x8000080C] -> 0x1BA3
mem[X,0x8000080E] -> 0xFEB5
[520] [M]: 0x8000080C (0xFEB51BA3) sh a1, 4087(a0)
mem[0x80003200] <- 0xFF7F


mem[X,0x80000810] -> 0x0013
mem[X,0x80000812] -> 0x0000
[521] [M]: 0x80000810 (0x00000013) addi zero, zero, 0


mem[X,0x80000814] -> 0x0013
mem[X,0x80000816] -> 0x0000
[522] [M]: 0x80000814 (0x00000013) addi zero, zero, 0


mem[X,0x80000818] -> 0x0593
mem[X,0x8000081A] -> 0xEFF0
[523] [M]: 0x80000818 (0xEFF00593) addi a1, zero, 3839
x11 <- 0xFFFFFEFF


mem[X,0x8000081C] -> 0x8513
mem[X,0x8000081E] -> 0x0A00
[524] [M]: 0x8000081C (0x0A008513) addi a0, ra, 160
x10 <- 0x80003204


mem[X,0x80000820] -> 0x0313
mem[X,0x80000822] -> 0xBFF0
[525] [M]: 0x80000820 (0xBFF00313) addi t1, zero, 3071
x6 <- 0xFFFFFBFF


mem[X,0x80000824] -> 0x0533
mem[X,0x80000826] -> 0x4065
[526] [M]: 0x80000824 (0x40650533) sub a0, a0, t1
x10 <- 0x80003605


mem[X,0x80000828] -> 0x1FA3
mem[X,0x8000082A] -> 0xBEB5
[527] [M]: 0x80000828 (0xBEB51FA3) sh a1, 3071(a0)
mem[0x80003204] <- 0xFEFF


mem[X,0x8000082C] -> 0x0013
mem[X,0x8000082E] -> 0x0000
[528] [M]: 0x8000082C (0x00000013) addi zero, zero, 0


mem[X,0x80000830] -> 0x0013
mem[X,0x80000832] -> 0x0000
[529] [M]: 0x80000830 (0x00000013) addi zero, zero, 0


mem[X,0x80000834] -> 0x0593
mem[X,0x80000836] -> 0xDFF0
[530] [M]: 0x80000834 (0xDFF00593) addi a1, zero, 3583
x11 <- 0xFFFFFDFF


mem[X,0x80000838] -> 0x8513
mem[X,0x8000083A] -> 0x0A40
[531] [M]: 0x80000838 (0x0A408513) addi a0, ra, 164
x10 <- 0x80003208


mem[X,0x8000083C] -> 0x0313
mem[X,0x8000083E] -> 0xFFD0
[532] [M]: 0x8000083C (0xFFD00313) addi t1, zero, 4093
x6 <- 0xFFFFFFFD


mem[X,0x80000840] -> 0x0533
mem[X,0x80000842] -> 0x4065
[533] [M]: 0x80000840 (0x40650533) sub a0, a0, t1
x10 <- 0x8000320B


mem[X,0x80000844] -> 0x1EA3
mem[X,0x80000846] -> 0xFEB5
[534] [M]: 0x80000844 (0xFEB51EA3) sh a1, 4093(a0)
mem[0x80003208] <- 0xFDFF


mem[X,0x80000848] -> 0x0013
mem[X,0x8000084A] -> 0x0000
[535] [M]: 0x80000848 (0x00000013) addi zero, zero, 0


mem[X,0x8000084C] -> 0x0013
mem[X,0x8000084E] -> 0x0000
[536] [M]: 0x8000084C (0x00000013) addi zero, zero, 0


mem[X,0x80000850] -> 0x0593
mem[X,0x80000852] -> 0xBFF0
[537] [M]: 0x80000850 (0xBFF00593) addi a1, zero, 3071
x11 <- 0xFFFFFBFF


mem[X,0x80000854] -> 0x8513
mem[X,0x80000856] -> 0x0A80
[538] [M]: 0x80000854 (0x0A808513) addi a0, ra, 168
x10 <- 0x8000320C


mem[X,0x80000858] -> 0x0313
mem[X,0x8000085A] -> 0x0030
[539] [M]: 0x80000858 (0x00300313) addi t1, zero, 3
x6 <- 0x00000003


mem[X,0x8000085C] -> 0x0533
mem[X,0x8000085E] -> 0x4065
[540] [M]: 0x8000085C (0x40650533) sub a0, a0, t1
x10 <- 0x80003209


mem[X,0x80000860] -> 0x11A3
mem[X,0x80000862] -> 0x00B5
[541] [M]: 0x80000860 (0x00B511A3) sh a1, 3(a0)
mem[0x8000320C] <- 0xFBFF


mem[X,0x80000864] -> 0x0013
mem[X,0x80000866] -> 0x0000
[542] [M]: 0x80000864 (0x00000013) addi zero, zero, 0


mem[X,0x80000868] -> 0x0013
mem[X,0x8000086A] -> 0x0000
[543] [M]: 0x80000868 (0x00000013) addi zero, zero, 0


mem[X,0x8000086C] -> 0xF5B7
mem[X,0x8000086E] -> 0xFFFF
[544] [M]: 0x8000086C (0xFFFFF5B7) lui a1, 1048575
x11 <- 0xFFFFF000


mem[X,0x80000870] -> 0x8593
mem[X,0x80000872] -> 0x7FF5
[545] [M]: 0x80000870 (0x7FF58593) addi a1, a1, 2047
x11 <- 0xFFFFF7FF


mem[X,0x80000874] -> 0x8513
mem[X,0x80000876] -> 0x0AC0
[546] [M]: 0x80000874 (0x0AC08513) addi a0, ra, 172
x10 <- 0x80003210


mem[X,0x80000878] -> 0x0313
mem[X,0x8000087A] -> 0xFDF0
[547] [M]: 0x80000878 (0xFDF00313) addi t1, zero, 4063
x6 <- 0xFFFFFFDF


mem[X,0x8000087C] -> 0x0533
mem[X,0x8000087E] -> 0x4065
[548] [M]: 0x8000087C (0x40650533) sub a0, a0, t1
x10 <- 0x80003231


mem[X,0x80000880] -> 0x1FA3
mem[X,0x80000882] -> 0xFCB5
[549] [M]: 0x80000880 (0xFCB51FA3) sh a1, 4063(a0)
mem[0x80003210] <- 0xF7FF


mem[X,0x80000884] -> 0x0013
mem[X,0x80000886] -> 0x0000
[550] [M]: 0x80000884 (0x00000013) addi zero, zero, 0


mem[X,0x80000888] -> 0x0013
mem[X,0x8000088A] -> 0x0000
[551] [M]: 0x80000888 (0x00000013) addi zero, zero, 0


mem[X,0x8000088C] -> 0xF5B7
mem[X,0x8000088E] -> 0xFFFF
[552] [M]: 0x8000088C (0xFFFFF5B7) lui a1, 1048575
x11 <- 0xFFFFF000


mem[X,0x80000890] -> 0x8593
mem[X,0x80000892] -> 0xFFF5
[553] [M]: 0x80000890 (0xFFF58593) addi a1, a1, 4095
x11 <- 0xFFFFEFFF


mem[X,0x80000894] -> 0x8513
mem[X,0x80000896] -> 0x0B00
[554] [M]: 0x80000894 (0x0B008513) addi a0, ra, 176
x10 <- 0x80003214


mem[X,0x80000898] -> 0x0313
mem[X,0x8000089A] -> 0xFFA0
[555] [M]: 0x80000898 (0xFFA00313) addi t1, zero, 4090
x6 <- 0xFFFFFFFA


mem[X,0x8000089C] -> 0x0533
mem[X,0x8000089E] -> 0x4065
[556] [M]: 0x8000089C (0x40650533) sub a0, a0, t1
x10 <- 0x8000321A


mem[X,0x800008A0] -> 0x1D23
mem[X,0x800008A2] -> 0xFEB5
[557] [M]: 0x800008A0 (0xFEB51D23) sh a1, 4090(a0)
mem[0x80003214] <- 0xEFFF


mem[X,0x800008A4] -> 0x0013
mem[X,0x800008A6] -> 0x0000
[558] [M]: 0x800008A4 (0x00000013) addi zero, zero, 0


mem[X,0x800008A8] -> 0x0013
mem[X,0x800008AA] -> 0x0000
[559] [M]: 0x800008A8 (0x00000013) addi zero, zero, 0


mem[X,0x800008AC] -> 0xE5B7
mem[X,0x800008AE] -> 0xFFFF
[560] [M]: 0x800008AC (0xFFFFE5B7) lui a1, 1048574
x11 <- 0xFFFFE000


mem[X,0x800008B0] -> 0x8593
mem[X,0x800008B2] -> 0xFFF5
[561] [M]: 0x800008B0 (0xFFF58593) addi a1, a1, 4095
x11 <- 0xFFFFDFFF


mem[X,0x800008B4] -> 0x8513
mem[X,0x800008B6] -> 0x0B40
[562] [M]: 0x800008B4 (0x0B408513) addi a0, ra, 180
x10 <- 0x80003218


mem[X,0x800008B8] -> 0x0313
mem[X,0x800008BA] -> 0x0100
[563] [M]: 0x800008B8 (0x01000313) addi t1, zero, 16
x6 <- 0x00000010


mem[X,0x800008BC] -> 0x0533
mem[X,0x800008BE] -> 0x4065
[564] [M]: 0x800008BC (0x40650533) sub a0, a0, t1
x10 <- 0x80003208


mem[X,0x800008C0] -> 0x1823
mem[X,0x800008C2] -> 0x00B5
[565] [M]: 0x800008C0 (0x00B51823) sh a1, 16(a0)
mem[0x80003218] <- 0xDFFF


mem[X,0x800008C4] -> 0x0013
mem[X,0x800008C6] -> 0x0000
[566] [M]: 0x800008C4 (0x00000013) addi zero, zero, 0


mem[X,0x800008C8] -> 0x0013
mem[X,0x800008CA] -> 0x0000
[567] [M]: 0x800008C8 (0x00000013) addi zero, zero, 0


mem[X,0x800008CC] -> 0xC5B7
mem[X,0x800008CE] -> 0xFFFF
[568] [M]: 0x800008CC (0xFFFFC5B7) lui a1, 1048572
x11 <- 0xFFFFC000


mem[X,0x800008D0] -> 0x8593
mem[X,0x800008D2] -> 0xFFF5
[569] [M]: 0x800008D0 (0xFFF58593) addi a1, a1, 4095
x11 <- 0xFFFFBFFF


mem[X,0x800008D4] -> 0x8513
mem[X,0x800008D6] -> 0x0B80
[570] [M]: 0x800008D4 (0x0B808513) addi a0, ra, 184
x10 <- 0x8000321C


mem[X,0x800008D8] -> 0x0313
mem[X,0x800008DA] -> 0xFF60
[571] [M]: 0x800008D8 (0xFF600313) addi t1, zero, 4086
x6 <- 0xFFFFFFF6


mem[X,0x800008DC] -> 0x0533
mem[X,0x800008DE] -> 0x4065
[572] [M]: 0x800008DC (0x40650533) sub a0, a0, t1
x10 <- 0x80003226


mem[X,0x800008E0] -> 0x1B23
mem[X,0x800008E2] -> 0xFEB5
[573] [M]: 0x800008E0 (0xFEB51B23) sh a1, 4086(a0)
mem[0x8000321C] <- 0xBFFF


mem[X,0x800008E4] -> 0x0013
mem[X,0x800008E6] -> 0x0000
[574] [M]: 0x800008E4 (0x00000013) addi zero, zero, 0


mem[X,0x800008E8] -> 0x0013
mem[X,0x800008EA] -> 0x0000
[575] [M]: 0x800008E8 (0x00000013) addi zero, zero, 0


mem[X,0x800008EC] -> 0x85B7
mem[X,0x800008EE] -> 0xFFFF
[576] [M]: 0x800008EC (0xFFFF85B7) lui a1, 1048568
x11 <- 0xFFFF8000


mem[X,0x800008F0] -> 0x8593
mem[X,0x800008F2] -> 0xFFF5
[577] [M]: 0x800008F0 (0xFFF58593) addi a1, a1, 4095
x11 <- 0xFFFF7FFF


mem[X,0x800008F4] -> 0x8513
mem[X,0x800008F6] -> 0x0BC0
[578] [M]: 0x800008F4 (0x0BC08513) addi a0, ra, 188
x10 <- 0x80003220


mem[X,0x800008F8] -> 0x0313
mem[X,0x800008FA] -> 0x2000
[579] [M]: 0x800008F8 (0x20000313) addi t1, zero, 512
x6 <- 0x00000200


mem[X,0x800008FC] -> 0x0533
mem[X,0x800008FE] -> 0x4065
[580] [M]: 0x800008FC (0x40650533) sub a0, a0, t1
x10 <- 0x80003020


mem[X,0x80000900] -> 0x1023
mem[X,0x80000902] -> 0x20B5
[581] [M]: 0x80000900 (0x20B51023) sh a1, 512(a0)
mem[0x80003220] <- 0x7FFF


mem[X,0x80000904] -> 0x0013
mem[X,0x80000906] -> 0x0000
[582] [M]: 0x80000904 (0x00000013) addi zero, zero, 0


mem[X,0x80000908] -> 0x0013
mem[X,0x8000090A] -> 0x0000
[583] [M]: 0x80000908 (0x00000013) addi zero, zero, 0


mem[X,0x8000090C] -> 0x05B7
mem[X,0x8000090E] -> 0xFFFF
[584] [M]: 0x8000090C (0xFFFF05B7) lui a1, 1048560
x11 <- 0xFFFF0000


mem[X,0x80000910] -> 0x8593
mem[X,0x80000912] -> 0xFFF5
[585] [M]: 0x80000910 (0xFFF58593) addi a1, a1, 4095
x11 <- 0xFFFEFFFF


mem[X,0x80000914] -> 0x8513
mem[X,0x80000916] -> 0x0C00
[586] [M]: 0x80000914 (0x0C008513) addi a0, ra, 192
x10 <- 0x80003224


mem[X,0x80000918] -> 0x0313
mem[X,0x8000091A] -> 0xAAA0
[587] [M]: 0x80000918 (0xAAA00313) addi t1, zero, 2730
x6 <- 0xFFFFFAAA


mem[X,0x8000091C] -> 0x0533
mem[X,0x8000091E] -> 0x4065
[588] [M]: 0x8000091C (0x40650533) sub a0, a0, t1
x10 <- 0x8000377A


mem[X,0x80000920] -> 0x1523
mem[X,0x80000922] -> 0xAAB5
[589] [M]: 0x80000920 (0xAAB51523) sh a1, 2730(a0)
mem[0x80003224] <- 0xFFFF


mem[X,0x80000924] -> 0x0013
mem[X,0x80000926] -> 0x0000
[590] [M]: 0x80000924 (0x00000013) addi zero, zero, 0


mem[X,0x80000928] -> 0x0013
mem[X,0x8000092A] -> 0x0000
[591] [M]: 0x80000928 (0x00000013) addi zero, zero, 0


mem[X,0x8000092C] -> 0x05B7
mem[X,0x8000092E] -> 0xFFFE
[592] [M]: 0x8000092C (0xFFFE05B7) lui a1, 1048544
x11 <- 0xFFFE0000


mem[X,0x80000930] -> 0x8593
mem[X,0x80000932] -> 0xFFF5
[593] [M]: 0x80000930 (0xFFF58593) addi a1, a1, 4095
x11 <- 0xFFFDFFFF


mem[X,0x80000934] -> 0x8513
mem[X,0x80000936] -> 0x0C40
[594] [M]: 0x80000934 (0x0C408513) addi a0, ra, 196
x10 <- 0x80003228


mem[X,0x80000938] -> 0x0313
mem[X,0x8000093A] -> 0xFFF0
[595] [M]: 0x80000938 (0xFFF00313) addi t1, zero, 4095
x6 <- 0xFFFFFFFF


mem[X,0x8000093C] -> 0x0533
mem[X,0x8000093E] -> 0x4065
[596] [M]: 0x8000093C (0x40650533) sub a0, a0, t1
x10 <- 0x80003229


mem[X,0x80000940] -> 0x1FA3
mem[X,0x80000942] -> 0xFEB5
[597] [M]: 0x80000940 (0xFEB51FA3) sh a1, 4095(a0)
mem[0x80003228] <- 0xFFFF


mem[X,0x80000944] -> 0x0013
mem[X,0x80000946] -> 0x0000
[598] [M]: 0x80000944 (0x00000013) addi zero, zero, 0


mem[X,0x80000948] -> 0x0013
mem[X,0x8000094A] -> 0x0000
[599] [M]: 0x80000948 (0x00000013) addi zero, zero, 0


clint::tick mtime <- 0x0000000000000006
 clint timer pending at mtime 0x0000000000000006
htif::tick 0x0000000000000000
mem[X,0x8000094C] -> 0x85B7
mem[X,0x8000094E] -> 0x0000
[600] [M]: 0x8000094C (0x000085B7) lui a1, 8
x11 <- 0x00008000


mem[X,0x80000950] -> 0x8513
mem[X,0x80000952] -> 0x0C80
[601] [M]: 0x80000950 (0x0C808513) addi a0, ra, 200
x10 <- 0x8000322C


mem[X,0x80000954] -> 0x0313
mem[X,0x80000956] -> 0xDFF0
[602] [M]: 0x80000954 (0xDFF00313) addi t1, zero, 3583
x6 <- 0xFFFFFDFF


mem[X,0x80000958] -> 0x0533
mem[X,0x8000095A] -> 0x4065
[603] [M]: 0x80000958 (0x40650533) sub a0, a0, t1
x10 <- 0x8000342D


mem[X,0x8000095C] -> 0x1FA3
mem[X,0x8000095E] -> 0xDEB5
[604] [M]: 0x8000095C (0xDEB51FA3) sh a1, 3583(a0)
mem[0x8000322C] <- 0x8000


mem[X,0x80000960] -> 0x0013
mem[X,0x80000962] -> 0x0000
[605] [M]: 0x80000960 (0x00000013) addi zero, zero, 0


mem[X,0x80000964] -> 0x0013
mem[X,0x80000966] -> 0x0000
[606] [M]: 0x80000964 (0x00000013) addi zero, zero, 0


mem[X,0x80000968] -> 0x006F
mem[X,0x8000096A] -> 0x0200
[607] [M]: 0x80000968 (0x0200006F) jal zero, 32


mem[X,0x80000988] -> 0x0093
mem[X,0x8000098A] -> 0x0010
[608] [M]: 0x80000988 (0x00100093) addi ra, zero, 1
x1 <- 0x00000001


mem[X,0x8000098C] -> 0x0F17
mem[X,0x8000098E] -> 0x0000
[609] [M]: 0x8000098C (0x00000F17) auipc t5, 0
x30 <- 0x8000098C


mem[X,0x80000990] -> 0x2A23
mem[X,0x80000992] -> 0x661F
[610] [M]: 0x80000990 (0x661F2A23) sw ra, 1652(t5)
htif[0x80001000] <- 0x00000001


mem[X,0x80000994] -> 0xF06F
mem[X,0x80000996] -> 0xFF9F
[611] [M]: 0x80000994 (0xFF9FF06F) jal zero, 2097144


mem[X,0x8000098C] -> 0x0F17
mem[X,0x8000098E] -> 0x0000
[612] [M]: 0x8000098C (0x00000F17) auipc t5, 0
x30 <- 0x8000098C


mem[X,0x80000990] -> 0x2A23
mem[X,0x80000992] -> 0x661F
[613] [M]: 0x80000990 (0x661F2A23) sw ra, 1652(t5)
htif[0x80001000] <- 0x00000001


mem[X,0x80000994] -> 0xF06F
mem[X,0x80000996] -> 0xFF9F
[614] [M]: 0x80000994 (0xFF9FF06F) jal zero, 2097144


mem[X,0x8000098C] -> 0x0F17
mem[X,0x8000098E] -> 0x0000
[615] [M]: 0x8000098C (0x00000F17) auipc t5, 0
x30 <- 0x8000098C


mem[X,0x80000990] -> 0x2A23
mem[X,0x80000992] -> 0x661F
[616] [M]: 0x80000990 (0x661F2A23) sw ra, 1652(t5)
htif[0x80001000] <- 0x00000001
htif-syscall-proxy cmd: 0x000000000001

SUCCESS
