using /home/abdul_waheed/github_files/UET-Pcore-with-c-ext/verif/riscof_work/I/src/sll-01.S/ref/Reference-sail_c_simulator.signature for test-signature output.
[Sail] Allocating new block 0x80000000
tohost located at 0x80001000
[Sail] Allocating new block 0x0

Running file ref.elf.
ELF Entry @ 0x80000000
begin_signature: 0x80003110
end_signature: 0x80003280
CSR mstatus <- 0x00000000 (input: 0x00000000)
mem[X,0x00001000] -> 0x0297
mem[X,0x00001002] -> 0x0000
[0] [M]: 0x00001000 (0x00000297) auipc t0, 0
x5 <- 0x00001000


mem[X,0x00001004] -> 0x8593
mem[X,0x00001006] -> 0x0202
[1] [M]: 0x00001004 (0x02028593) addi a1, t0, 32
x11 <- 0x00001020


mem[X,0x00001008] -> 0x2573
mem[X,0x0000100A] -> 0xF140
[2] [M]: 0x00001008 (0xF1402573) csrrs a0, mhartid, zero
CSR mhartid -> 0x00000000
x10 <- 0x00000000


mem[X,0x0000100C] -> 0xA283
mem[X,0x0000100E] -> 0x0182
[3] [M]: 0x0000100C (0x0182A283) lw t0, 24(t0)
mem[R,0x00001018] -> 0x80000000
x5 <- 0x80000000


mem[X,0x00001010] -> 0x8067
mem[X,0x00001012] -> 0x0002
[4] [M]: 0x00001010 (0x00028067) jalr zero, t0, 0


mem[X,0x80000000] -> 0xC0B7
mem[X,0x80000002] -> 0xFEED
[5] [M]: 0x80000000 (0xFEEDC0B7) lui ra, 1044188
x1 <- 0xFEEDC000


mem[X,0x80000004] -> 0x8093
mem[X,0x80000006] -> 0xEAD0
[6] [M]: 0x80000004 (0xEAD08093) addi ra, ra, 3757
x1 <- 0xFEEDBEAD


mem[X,0x80000008] -> 0xE137
mem[X,0x8000000A] -> 0xFF76
[7] [M]: 0x80000008 (0xFF76E137) lui sp, 1046382
x2 <- 0xFF76E000


mem[X,0x8000000C] -> 0x0113
mem[X,0x8000000E] -> 0xF561
[8] [M]: 0x8000000C (0xF5610113) addi sp, sp, 3926
x2 <- 0xFF76DF56


mem[X,0x80000010] -> 0x71B7
mem[X,0x80000012] -> 0x7FBB
[9] [M]: 0x80000010 (0x7FBB71B7) lui gp, 523191
x3 <- 0x7FBB7000


mem[X,0x80000014] -> 0x8193
mem[X,0x80000016] -> 0xFAB1
[10] [M]: 0x80000014 (0xFAB18193) addi gp, gp, 4011
x3 <- 0x7FBB6FAB


mem[X,0x80000018] -> 0xB237
mem[X,0x8000001A] -> 0xBFDD
[11] [M]: 0x80000018 (0xBFDDB237) lui tp, 785883
x4 <- 0xBFDDB000


mem[X,0x8000001C] -> 0x0213
mem[X,0x8000001E] -> 0x7D52
[12] [M]: 0x8000001C (0x7D520213) addi tp, tp, 2005
x4 <- 0xBFDDB7D5


mem[X,0x80000020] -> 0xE2B7
mem[X,0x80000022] -> 0xDFEE
[13] [M]: 0x80000020 (0xDFEEE2B7) lui t0, 917230
x5 <- 0xDFEEE000


mem[X,0x80000024] -> 0x8293
mem[X,0x80000026] -> 0xBEA2
[14] [M]: 0x80000024 (0xBEA28293) addi t0, t0, 3050
x5 <- 0xDFEEDBEA


mem[X,0x80000028] -> 0x7337
mem[X,0x8000002A] -> 0x6FF7
[15] [M]: 0x80000028 (0x6FF77337) lui t1, 458615
x6 <- 0x6FF77000


mem[X,0x8000002C] -> 0x0313
mem[X,0x8000002E] -> 0xDF53
[16] [M]: 0x8000002C (0xDF530313) addi t1, t1, 3573
x6 <- 0x6FF76DF5


mem[X,0x80000030] -> 0xB3B7
mem[X,0x80000032] -> 0xB7FB
[17] [M]: 0x80000030 (0xB7FBB3B7) lui t2, 753595
x7 <- 0xB7FBB000


mem[X,0x80000034] -> 0x8393
mem[X,0x80000036] -> 0x6FA3
[18] [M]: 0x80000034 (0x6FA38393) addi t2, t2, 1786
x7 <- 0xB7FBB6FA


mem[X,0x80000038] -> 0xE437
mem[X,0x8000003A] -> 0x5BFD
[19] [M]: 0x80000038 (0x5BFDE437) lui fp, 376798
x8 <- 0x5BFDE000


mem[X,0x8000003C] -> 0x0413
mem[X,0x8000003E] -> 0xB7D4
[20] [M]: 0x8000003C (0xB7D40413) addi fp, fp, 2941
x8 <- 0x5BFDDB7D


mem[X,0x80000040] -> 0xF4B7
mem[X,0x80000042] -> 0xADFE
[21] [M]: 0x80000040 (0xADFEF4B7) lui s1, 712687
x9 <- 0xADFEF000


mem[X,0x80000044] -> 0x8493
mem[X,0x80000046] -> 0xDBE4
[22] [M]: 0x80000044 (0xDBE48493) addi s1, s1, 3518
x9 <- 0xADFEEDBE


mem[X,0x80000048] -> 0x7537
mem[X,0x8000004A] -> 0x56FF
[23] [M]: 0x80000048 (0x56FF7537) lui a0, 356343
x10 <- 0x56FF7000


mem[X,0x8000004C] -> 0x0513
mem[X,0x8000004E] -> 0x6DF5
[24] [M]: 0x8000004C (0x6DF50513) addi a0, a0, 1759
x10 <- 0x56FF76DF


mem[X,0x80000050] -> 0xC5B7
mem[X,0x80000052] -> 0xAB7F
[25] [M]: 0x80000050 (0xAB7FC5B7) lui a1, 702460
x11 <- 0xAB7FC000


mem[X,0x80000054] -> 0x8593
mem[X,0x80000056] -> 0xB6F5
[26] [M]: 0x80000054 (0xB6F58593) addi a1, a1, 2927
x11 <- 0xAB7FBB6F


mem[X,0x80000058] -> 0xE637
mem[X,0x8000005A] -> 0xD5BF
[27] [M]: 0x80000058 (0xD5BFE637) lui a2, 875518
x12 <- 0xD5BFE000


mem[X,0x8000005C] -> 0x0613
mem[X,0x8000005E] -> 0xDB76
[28] [M]: 0x8000005C (0xDB760613) addi a2, a2, 3511
x12 <- 0xD5BFDDB7


mem[X,0x80000060] -> 0xF6B7
mem[X,0x80000062] -> 0xEADF
[29] [M]: 0x80000060 (0xEADFF6B7) lui a3, 962047
x13 <- 0xEADFF000


mem[X,0x80000064] -> 0x8693
mem[X,0x80000066] -> 0xEDB6
[30] [M]: 0x80000064 (0xEDB68693) addi a3, a3, 3803
x13 <- 0xEADFEEDB


mem[X,0x80000068] -> 0xF737
mem[X,0x8000006A] -> 0xF56F
[31] [M]: 0x80000068 (0xF56FF737) lui a4, 1005311
x14 <- 0xF56FF000


mem[X,0x8000006C] -> 0x0713
mem[X,0x8000006E] -> 0x76D7
[32] [M]: 0x8000006C (0x76D70713) addi a4, a4, 1901
x14 <- 0xF56FF76D


mem[X,0x80000070] -> 0x07B7
mem[X,0x80000072] -> 0xFAB8
[33] [M]: 0x80000070 (0xFAB807B7) lui a5, 1026944
x15 <- 0xFAB80000


mem[X,0x80000074] -> 0x8793
mem[X,0x80000076] -> 0xBB67
[34] [M]: 0x80000074 (0xBB678793) addi a5, a5, 2998
x15 <- 0xFAB7FBB6


mem[X,0x80000078] -> 0x0837
mem[X,0x8000007A] -> 0x7D5C
[35] [M]: 0x80000078 (0x7D5C0837) lui a6, 513472
x16 <- 0x7D5C0000


mem[X,0x8000007C] -> 0x0813
mem[X,0x8000007E] -> 0xDDB8
[36] [M]: 0x8000007C (0xDDB80813) addi a6, a6, 3547
x16 <- 0x7D5BFDDB


mem[X,0x80000080] -> 0x08B7
mem[X,0x80000082] -> 0xBEAE
[37] [M]: 0x80000080 (0xBEAE08B7) lui a7, 781024
x17 <- 0xBEAE0000


mem[X,0x80000084] -> 0x8893
mem[X,0x80000086] -> 0xEED8
[38] [M]: 0x80000084 (0xEED88893) addi a7, a7, 3821
x17 <- 0xBEADFEED


mem[X,0x80000088] -> 0x0937
mem[X,0x8000008A] -> 0xDF57
[39] [M]: 0x80000088 (0xDF570937) lui s2, 914800
x18 <- 0xDF570000


mem[X,0x8000008C] -> 0x0913
mem[X,0x8000008E] -> 0xF769
[40] [M]: 0x8000008C (0xF7690913) addi s2, s2, 3958
x18 <- 0xDF56FF76


mem[X,0x80000090] -> 0x89B7
mem[X,0x80000092] -> 0x6FAB
[41] [M]: 0x80000090 (0x6FAB89B7) lui s3, 457400
x19 <- 0x6FAB8000


mem[X,0x80000094] -> 0x8993
mem[X,0x80000096] -> 0xFBB9
[42] [M]: 0x80000094 (0xFBB98993) addi s3, s3, 4027
x19 <- 0x6FAB7FBB


mem[X,0x80000098] -> 0xCA37
mem[X,0x8000009A] -> 0xB7D5
[43] [M]: 0x80000098 (0xB7D5CA37) lui s4, 752988
x20 <- 0xB7D5C000


mem[X,0x8000009C] -> 0x0A13
mem[X,0x8000009E] -> 0xFDDA
[44] [M]: 0x8000009C (0xFDDA0A13) addi s4, s4, 4061
x20 <- 0xB7D5BFDD


mem[X,0x800000A0] -> 0xEAB7
mem[X,0x800000A2] -> 0xDBEA
[45] [M]: 0x800000A0 (0xDBEAEAB7) lui s5, 900782
x21 <- 0xDBEAE000


mem[X,0x800000A4] -> 0x8A93
mem[X,0x800000A6] -> 0xFEEA
[46] [M]: 0x800000A4 (0xFEEA8A93) addi s5, s5, 4078
x21 <- 0xDBEADFEE


mem[X,0x800000A8] -> 0x7B37
mem[X,0x800000AA] -> 0x6DF5
[47] [M]: 0x800000A8 (0x6DF57B37) lui s6, 450391
x22 <- 0x6DF57000


mem[X,0x800000AC] -> 0x0B13
mem[X,0x800000AE] -> 0xFF7B
[48] [M]: 0x800000AC (0xFF7B0B13) addi s6, s6, 4087
x22 <- 0x6DF56FF7


mem[X,0x800000B0] -> 0xBBB7
mem[X,0x800000B2] -> 0xB6FA
[49] [M]: 0x800000B0 (0xB6FABBB7) lui s7, 749483
x23 <- 0xB6FAB000


mem[X,0x800000B4] -> 0x8B93
mem[X,0x800000B6] -> 0x7FBB
[50] [M]: 0x800000B4 (0x7FBB8B93) addi s7, s7, 2043
x23 <- 0xB6FAB7FB


mem[X,0x800000B8] -> 0x6C37
mem[X,0x800000BA] -> 0xDB7D
[51] [M]: 0x800000B8 (0xDB7D6C37) lui s8, 899030
x24 <- 0xDB7D6000


mem[X,0x800000BC] -> 0x0C13
mem[X,0x800000BE] -> 0xBFDC
[52] [M]: 0x800000BC (0xBFDC0C13) addi s8, s8, 3069
x24 <- 0xDB7D5BFD


mem[X,0x800000C0] -> 0xBCB7
mem[X,0x800000C2] -> 0xEDBE
[53] [M]: 0x800000C0 (0xEDBEBCB7) lui s9, 973803
x25 <- 0xEDBEB000


mem[X,0x800000C4] -> 0x8C93
mem[X,0x800000C6] -> 0xDFEC
[54] [M]: 0x800000C4 (0xDFEC8C93) addi s9, s9, 3582
x25 <- 0xEDBEADFE


mem[X,0x800000C8] -> 0x5D37
mem[X,0x800000CA] -> 0x76DF
[55] [M]: 0x800000C8 (0x76DF5D37) lui s10, 486901
x26 <- 0x76DF5000


mem[X,0x800000CC] -> 0x0D13
mem[X,0x800000CE] -> 0x6FFD
[56] [M]: 0x800000CC (0x6FFD0D13) addi s10, s10, 1791
x26 <- 0x76DF56FF


mem[X,0x800000D0] -> 0xBDB7
mem[X,0x800000D2] -> 0xBB6F
[57] [M]: 0x800000D0 (0xBB6FBDB7) lui s11, 767739
x27 <- 0xBB6FB000


mem[X,0x800000D4] -> 0x8D93
mem[X,0x800000D6] -> 0xB7FD
[58] [M]: 0x800000D4 (0xB7FD8D93) addi s11, s11, 2943
x27 <- 0xBB6FAB7F


mem[X,0x800000D8] -> 0xDE37
mem[X,0x800000DA] -> 0xDDB7
[59] [M]: 0x800000D8 (0xDDB7DE37) lui t3, 908157
x28 <- 0xDDB7D000


mem[X,0x800000DC] -> 0x0E13
mem[X,0x800000DE] -> 0x5BFE
[60] [M]: 0x800000DC (0x5BFE0E13) addi t3, t3, 1471
x28 <- 0xDDB7D5BF


mem[X,0x800000E0] -> 0xFEB7
mem[X,0x800000E2] -> 0xEEDB
[61] [M]: 0x800000E0 (0xEEDBFEB7) lui t4, 978367
x29 <- 0xEEDBF000


mem[X,0x800000E4] -> 0x8E93
mem[X,0x800000E6] -> 0xADFE
[62] [M]: 0x800000E4 (0xADFE8E93) addi t4, t4, 2783
x29 <- 0xEEDBEADF


mem[X,0x800000E8] -> 0xFF37
mem[X,0x800000EA] -> 0xF76D
[63] [M]: 0x800000E8 (0xF76DFF37) lui t5, 1013471
x30 <- 0xF76DF000


mem[X,0x800000EC] -> 0x0F13
mem[X,0x800000EE] -> 0x56FF
[64] [M]: 0x800000EC (0x56FF0F13) addi t5, t5, 1391
x30 <- 0xF76DF56F


mem[X,0x800000F0] -> 0x0FB7
mem[X,0x800000F2] -> 0xFBB7
[65] [M]: 0x800000F0 (0xFBB70FB7) lui t6, 1031024
x31 <- 0xFBB70000


mem[X,0x800000F4] -> 0x8F93
mem[X,0x800000F6] -> 0xAB7F
[66] [M]: 0x800000F4 (0xAB7F8F93) addi t6, t6, 2743
x31 <- 0xFBB6FAB7


mem[X,0x800000F8] -> 0x0013
mem[X,0x800000FA] -> 0x0000
[67] [M]: 0x800000F8 (0x00000013) addi zero, zero, 0


mem[X,0x800000FC] -> 0x0013
mem[X,0x800000FE] -> 0x0000
[68] [M]: 0x800000FC (0x00000013) addi zero, zero, 0


mem[X,0x80000100] -> 0x3117
mem[X,0x80000102] -> 0x0000
[69] [M]: 0x80000100 (0x00003117) auipc sp, 3
x2 <- 0x80003100


mem[X,0x80000104] -> 0x0113
mem[X,0x80000106] -> 0x0141
[70] [M]: 0x80000104 (0x01410113) addi sp, sp, 20
x2 <- 0x80003114


mem[X,0x80000108] -> 0x0013
mem[X,0x8000010A] -> 0x0000
[71] [M]: 0x80000108 (0x00000013) addi zero, zero, 0


mem[X,0x8000010C] -> 0x0013
mem[X,0x8000010E] -> 0x0000
[72] [M]: 0x8000010C (0x00000013) addi zero, zero, 0


mem[X,0x80000110] -> 0x0013
mem[X,0x80000112] -> 0x0000
[73] [M]: 0x80000110 (0x00000013) addi zero, zero, 0


mem[X,0x80000114] -> 0x0013
mem[X,0x80000116] -> 0x0000
[74] [M]: 0x80000114 (0x00000013) addi zero, zero, 0


mem[X,0x80000118] -> 0x0013
mem[X,0x8000011A] -> 0x0000
[75] [M]: 0x80000118 (0x00000013) addi zero, zero, 0


mem[X,0x8000011C] -> 0x0013
mem[X,0x8000011E] -> 0x0000
[76] [M]: 0x8000011C (0x00000013) addi zero, zero, 0


mem[X,0x80000120] -> 0x0813
mem[X,0x80000122] -> 0xF7F0
[77] [M]: 0x80000120 (0xF7F00813) addi a6, zero, 3967
x16 <- 0xFFFFFF7F


mem[X,0x80000124] -> 0x0E13
mem[X,0x80000126] -> 0x00A0
[78] [M]: 0x80000124 (0x00A00E13) addi t3, zero, 10
x28 <- 0x0000000A


mem[X,0x80000128] -> 0x1E33
mem[X,0x8000012A] -> 0x01C8
[79] [M]: 0x80000128 (0x01C81E33) sll t3, a6, t3
x28 <- 0xFFFDFC00


mem[X,0x8000012C] -> 0x2023
mem[X,0x8000012E] -> 0x01C1
[80] [M]: 0x8000012C (0x01C12023) sw t3, 0(sp)
mem[0x80003114] <- 0xFFFDFC00


mem[X,0x80000130] -> 0x0A93
mem[X,0x80000132] -> 0x0050
[81] [M]: 0x80000130 (0x00500A93) addi s5, zero, 5
x21 <- 0x00000005


mem[X,0x80000134] -> 0x0A93
mem[X,0x80000136] -> 0x0050
[82] [M]: 0x80000134 (0x00500A93) addi s5, zero, 5
x21 <- 0x00000005


mem[X,0x80000138] -> 0x9033
mem[X,0x8000013A] -> 0x015A
[83] [M]: 0x80000138 (0x015A9033) sll zero, s5, s5


mem[X,0x8000013C] -> 0x2223
mem[X,0x8000013E] -> 0x0001
[84] [M]: 0x8000013C (0x00012223) sw zero, 4(sp)
mem[0x80003118] <- 0x00000000


mem[X,0x80000140] -> 0x8937
mem[X,0x80000142] -> 0xFFFF
[85] [M]: 0x80000140 (0xFFFF8937) lui s2, 1048568
x18 <- 0xFFFF8000


mem[X,0x80000144] -> 0x0913
mem[X,0x80000146] -> 0xFFF9
[86] [M]: 0x80000144 (0xFFF90913) addi s2, s2, 4095
x18 <- 0xFFFF7FFF


mem[X,0x80000148] -> 0x8937
mem[X,0x8000014A] -> 0xFFFF
[87] [M]: 0x80000148 (0xFFFF8937) lui s2, 1048568
x18 <- 0xFFFF8000


mem[X,0x8000014C] -> 0x0913
mem[X,0x8000014E] -> 0xFFF9
[88] [M]: 0x8000014C (0xFFF90913) addi s2, s2, 4095
x18 <- 0xFFFF7FFF


mem[X,0x80000150] -> 0x1933
mem[X,0x80000152] -> 0x0129
[89] [M]: 0x80000150 (0x01291933) sll s2, s2, s2
x18 <- 0x80000000


mem[X,0x80000154] -> 0x2423
mem[X,0x80000156] -> 0x0121
[90] [M]: 0x80000154 (0x01212423) sw s2, 8(sp)
mem[0x8000311C] <- 0x80000000


mem[X,0x80000158] -> 0x0293
mem[X,0x8000015A] -> 0x0070
[91] [M]: 0x80000158 (0x00700293) addi t0, zero, 7
x5 <- 0x00000007


mem[X,0x8000015C] -> 0x0693
mem[X,0x8000015E] -> 0x0000
[92] [M]: 0x8000015C (0x00000693) addi a3, zero, 0
x13 <- 0x00000000


mem[X,0x80000160] -> 0x92B3
mem[X,0x80000162] -> 0x00D2
[93] [M]: 0x80000160 (0x00D292B3) sll t0, t0, a3
x5 <- 0x00000007


mem[X,0x80000164] -> 0x2623
mem[X,0x80000166] -> 0x0051
[94] [M]: 0x80000164 (0x00512623) sw t0, 12(sp)
mem[0x80003120] <- 0x00000007


mem[X,0x80000168] -> 0x0B13
mem[X,0x8000016A] -> 0x0060
[95] [M]: 0x80000168 (0x00600B13) addi s6, zero, 6
x22 <- 0x00000006


mem[X,0x8000016C] -> 0x0613
mem[X,0x8000016E] -> 0x0060
[96] [M]: 0x8000016C (0x00600613) addi a2, zero, 6
x12 <- 0x00000006


mem[X,0x80000170] -> 0x1BB3
mem[X,0x80000172] -> 0x00CB
[97] [M]: 0x80000170 (0x00CB1BB3) sll s7, s6, a2
x23 <- 0x00000180


mem[X,0x80000174] -> 0x2823
mem[X,0x80000176] -> 0x0171
[98] [M]: 0x80000174 (0x01712823) sw s7, 16(sp)
mem[0x80003124] <- 0x00000180


mem[X,0x80000178] -> 0x09B7
mem[X,0x8000017A] -> 0x8000
[99] [M]: 0x80000178 (0x800009B7) lui s3, 524288
x19 <- 0x80000000


clint::tick mtime <- 0x0000000000000001
 clint timer pending at mtime 0x0000000000000001
htif::tick 0x0000000000000000
mem[X,0x8000017C] -> 0x0013
mem[X,0x8000017E] -> 0x0000
[100] [M]: 0x8000017C (0x00000013) addi zero, zero, 0


mem[X,0x80000180] -> 0x9333
mem[X,0x80000182] -> 0x0009
[101] [M]: 0x80000180 (0x00099333) sll t1, s3, zero
x6 <- 0x80000000


mem[X,0x80000184] -> 0x2A23
mem[X,0x80000186] -> 0x0061
[102] [M]: 0x80000184 (0x00612A23) sw t1, 20(sp)
mem[0x80003128] <- 0x80000000


mem[X,0x80000188] -> 0x0C93
mem[X,0x8000018A] -> 0x0000
[103] [M]: 0x80000188 (0x00000C93) addi s9, zero, 0
x25 <- 0x00000000


mem[X,0x8000018C] -> 0x0C13
mem[X,0x8000018E] -> 0x0040
[104] [M]: 0x8000018C (0x00400C13) addi s8, zero, 4
x24 <- 0x00000004


mem[X,0x80000190] -> 0x96B3
mem[X,0x80000192] -> 0x018C
[105] [M]: 0x80000190 (0x018C96B3) sll a3, s9, s8
x13 <- 0x00000000


mem[X,0x80000194] -> 0x2C23
mem[X,0x80000196] -> 0x00D1
[106] [M]: 0x80000194 (0x00D12C23) sw a3, 24(sp)
mem[0x8000312C] <- 0x00000000


mem[X,0x80000198] -> 0x0637
mem[X,0x8000019A] -> 0x8000
[107] [M]: 0x80000198 (0x80000637) lui a2, 524288
x12 <- 0x80000000


mem[X,0x8000019C] -> 0x0613
mem[X,0x8000019E] -> 0xFFF6
[108] [M]: 0x8000019C (0xFFF60613) addi a2, a2, 4095
x12 <- 0x7FFFFFFF


mem[X,0x800001A0] -> 0x0D13
mem[X,0x800001A2] -> 0x0150
[109] [M]: 0x800001A0 (0x01500D13) addi s10, zero, 21
x26 <- 0x00000015


mem[X,0x800001A4] -> 0x1833
mem[X,0x800001A6] -> 0x01A6
[110] [M]: 0x800001A4 (0x01A61833) sll a6, a2, s10
x16 <- 0xFFE00000


mem[X,0x800001A8] -> 0x2E23
mem[X,0x800001AA] -> 0x0101
[111] [M]: 0x800001A8 (0x01012E23) sw a6, 28(sp)
mem[0x80003130] <- 0xFFE00000


mem[X,0x800001AC] -> 0x0313
mem[X,0x800001AE] -> 0x0010
[112] [M]: 0x800001AC (0x00100313) addi t1, zero, 1
x6 <- 0x00000001


mem[X,0x800001B0] -> 0x0713
mem[X,0x800001B2] -> 0x0040
[113] [M]: 0x800001B0 (0x00400713) addi a4, zero, 4
x14 <- 0x00000004


mem[X,0x800001B4] -> 0x1A33
mem[X,0x800001B6] -> 0x00E3
[114] [M]: 0x800001B4 (0x00E31A33) sll s4, t1, a4
x20 <- 0x00000010


mem[X,0x800001B8] -> 0x2023
mem[X,0x800001BA] -> 0x0341
[115] [M]: 0x800001B8 (0x03412023) sw s4, 32(sp)
mem[0x80003134] <- 0x00000010


mem[X,0x800001BC] -> 0x0713
mem[X,0x800001BE] -> 0x0020
[116] [M]: 0x800001BC (0x00200713) addi a4, zero, 2
x14 <- 0x00000002


mem[X,0x800001C0] -> 0x0093
mem[X,0x800001C2] -> 0x01F0
[117] [M]: 0x800001C0 (0x01F00093) addi ra, zero, 31
x1 <- 0x0000001F


mem[X,0x800001C4] -> 0x1B33
mem[X,0x800001C6] -> 0x0017
[118] [M]: 0x800001C4 (0x00171B33) sll s6, a4, ra
x22 <- 0x00000000


mem[X,0x800001C8] -> 0x2223
mem[X,0x800001CA] -> 0x0361
[119] [M]: 0x800001C8 (0x03612223) sw s6, 36(sp)
mem[0x80003138] <- 0x00000000


mem[X,0x800001CC] -> 0x0E93
mem[X,0x800001CE] -> 0x0040
[120] [M]: 0x800001CC (0x00400E93) addi t4, zero, 4
x29 <- 0x00000004


mem[X,0x800001D0] -> 0x0393
mem[X,0x800001D2] -> 0x0020
[121] [M]: 0x800001D0 (0x00200393) addi t2, zero, 2
x7 <- 0x00000002


mem[X,0x800001D4] -> 0x9AB3
mem[X,0x800001D6] -> 0x007E
[122] [M]: 0x800001D4 (0x007E9AB3) sll s5, t4, t2
x21 <- 0x00000010


mem[X,0x800001D8] -> 0x2423
mem[X,0x800001DA] -> 0x0351
[123] [M]: 0x800001D8 (0x03512423) sw s5, 40(sp)
mem[0x8000313C] <- 0x00000010


mem[X,0x800001DC] -> 0x0F93
mem[X,0x800001DE] -> 0x0080
[124] [M]: 0x800001DC (0x00800F93) addi t6, zero, 8
x31 <- 0x00000008


mem[X,0x800001E0] -> 0x0513
mem[X,0x800001E2] -> 0x01F0
[125] [M]: 0x800001E0 (0x01F00513) addi a0, zero, 31
x10 <- 0x0000001F


mem[X,0x800001E4] -> 0x9233
mem[X,0x800001E6] -> 0x00AF
[126] [M]: 0x800001E4 (0x00AF9233) sll tp, t6, a0
x4 <- 0x00000000


mem[X,0x800001E8] -> 0x2623
mem[X,0x800001EA] -> 0x0241
[127] [M]: 0x800001E8 (0x02412623) sw tp, 44(sp)
mem[0x80003140] <- 0x00000000


mem[X,0x800001EC] -> 0x0893
mem[X,0x800001EE] -> 0x0100
[128] [M]: 0x800001EC (0x01000893) addi a7, zero, 16
x17 <- 0x00000010


mem[X,0x800001F0] -> 0x0A13
mem[X,0x800001F2] -> 0x01F0
[129] [M]: 0x800001F0 (0x01F00A13) addi s4, zero, 31
x20 <- 0x0000001F


mem[X,0x800001F4] -> 0x93B3
mem[X,0x800001F6] -> 0x0148
[130] [M]: 0x800001F4 (0x014893B3) sll t2, a7, s4
x7 <- 0x00000000


mem[X,0x800001F8] -> 0x2823
mem[X,0x800001FA] -> 0x0271
[131] [M]: 0x800001F8 (0x02712823) sw t2, 48(sp)
mem[0x80003144] <- 0x00000000


mem[X,0x800001FC] -> 0x0A13
mem[X,0x800001FE] -> 0x0200
[132] [M]: 0x800001FC (0x02000A13) addi s4, zero, 32
x20 <- 0x00000020


mem[X,0x80000200] -> 0x0593
mem[X,0x80000202] -> 0x0170
[133] [M]: 0x80000200 (0x01700593) addi a1, zero, 23
x11 <- 0x00000017


mem[X,0x80000204] -> 0x1633
mem[X,0x80000206] -> 0x00BA
[134] [M]: 0x80000204 (0x00BA1633) sll a2, s4, a1
x12 <- 0x10000000


mem[X,0x80000208] -> 0x2A23
mem[X,0x8000020A] -> 0x02C1
[135] [M]: 0x80000208 (0x02C12A23) sw a2, 52(sp)
mem[0x80003148] <- 0x10000000


mem[X,0x8000020C] -> 0x0593
mem[X,0x8000020E] -> 0x0400
[136] [M]: 0x8000020C (0x04000593) addi a1, zero, 64
x11 <- 0x00000040


mem[X,0x80000210] -> 0x0B13
mem[X,0x80000212] -> 0x0110
[137] [M]: 0x80000210 (0x01100B13) addi s6, zero, 17
x22 <- 0x00000011


mem[X,0x80000214] -> 0x91B3
mem[X,0x80000216] -> 0x0165
[138] [M]: 0x80000214 (0x016591B3) sll gp, a1, s6
x3 <- 0x00800000


mem[X,0x80000218] -> 0x2C23
mem[X,0x8000021A] -> 0x0231
[139] [M]: 0x80000218 (0x02312C23) sw gp, 56(sp)
mem[0x8000314C] <- 0x00800000


mem[X,0x8000021C] -> 0x0013
mem[X,0x8000021E] -> 0x0000
[140] [M]: 0x8000021C (0x00000013) addi zero, zero, 0


mem[X,0x80000220] -> 0x0F13
mem[X,0x80000222] -> 0x0100
[141] [M]: 0x80000220 (0x01000F13) addi t5, zero, 16
x30 <- 0x00000010


mem[X,0x80000224] -> 0x1C33
mem[X,0x80000226] -> 0x01E0
[142] [M]: 0x80000224 (0x01E01C33) sll s8, zero, t5
x24 <- 0x00000000


mem[X,0x80000228] -> 0x2E23
mem[X,0x8000022A] -> 0x0381
[143] [M]: 0x80000228 (0x03812E23) sw s8, 60(sp)
mem[0x80003150] <- 0x00000000


mem[X,0x8000022C] -> 0x0193
mem[X,0x8000022E] -> 0x1000
[144] [M]: 0x8000022C (0x10000193) addi gp, zero, 256
x3 <- 0x00000100


mem[X,0x80000230] -> 0x0F93
mem[X,0x80000232] -> 0x01B0
[145] [M]: 0x80000230 (0x01B00F93) addi t6, zero, 27
x31 <- 0x0000001B


mem[X,0x80000234] -> 0x9433
mem[X,0x80000236] -> 0x01F1
[146] [M]: 0x80000234 (0x01F19433) sll fp, gp, t6
x8 <- 0x00000000


mem[X,0x80000238] -> 0x2023
mem[X,0x8000023A] -> 0x0481
[147] [M]: 0x80000238 (0x04812023) sw fp, 64(sp)
mem[0x80003154] <- 0x00000000


mem[X,0x8000023C] -> 0x0D93
mem[X,0x8000023E] -> 0x2000
[148] [M]: 0x8000023C (0x20000D93) addi s11, zero, 512
x27 <- 0x00000200


mem[X,0x80000240] -> 0x0893
mem[X,0x80000242] -> 0x0000
[149] [M]: 0x80000240 (0x00000893) addi a7, zero, 0
x17 <- 0x00000000


mem[X,0x80000244] -> 0x9533
mem[X,0x80000246] -> 0x011D
[150] [M]: 0x80000244 (0x011D9533) sll a0, s11, a7
x10 <- 0x00000200


mem[X,0x80000248] -> 0x2223
mem[X,0x8000024A] -> 0x04A1
[151] [M]: 0x80000248 (0x04A12223) sw a0, 68(sp)
mem[0x80003158] <- 0x00000200


mem[X,0x8000024C] -> 0x0013
mem[X,0x8000024E] -> 0x0000
[152] [M]: 0x8000024C (0x00000013) addi zero, zero, 0


mem[X,0x80000250] -> 0x0013
mem[X,0x80000252] -> 0x0000
[153] [M]: 0x80000250 (0x00000013) addi zero, zero, 0


mem[X,0x80000254] -> 0x0013
mem[X,0x80000256] -> 0x0000
[154] [M]: 0x80000254 (0x00000013) addi zero, zero, 0


mem[X,0x80000258] -> 0x0013
mem[X,0x8000025A] -> 0x0000
[155] [M]: 0x80000258 (0x00000013) addi zero, zero, 0


mem[X,0x8000025C] -> 0x0013
mem[X,0x8000025E] -> 0x0000
[156] [M]: 0x8000025C (0x00000013) addi zero, zero, 0


mem[X,0x80000260] -> 0x3917
mem[X,0x80000262] -> 0x0000
[157] [M]: 0x80000260 (0x00003917) auipc s2, 3
x18 <- 0x80003260


mem[X,0x80000264] -> 0x0913
mem[X,0x80000266] -> 0xEFC9
[158] [M]: 0x80000264 (0xEFC90913) addi s2, s2, 3836
x18 <- 0x8000315C


mem[X,0x80000268] -> 0x0013
mem[X,0x8000026A] -> 0x0000
[159] [M]: 0x80000268 (0x00000013) addi zero, zero, 0


mem[X,0x8000026C] -> 0x0013
mem[X,0x8000026E] -> 0x0000
[160] [M]: 0x8000026C (0x00000013) addi zero, zero, 0


mem[X,0x80000270] -> 0x0013
mem[X,0x80000272] -> 0x0000
[161] [M]: 0x80000270 (0x00000013) addi zero, zero, 0


mem[X,0x80000274] -> 0x0013
mem[X,0x80000276] -> 0x0000
[162] [M]: 0x80000274 (0x00000013) addi zero, zero, 0


mem[X,0x80000278] -> 0x0013
mem[X,0x8000027A] -> 0x0000
[163] [M]: 0x80000278 (0x00000013) addi zero, zero, 0


mem[X,0x8000027C] -> 0x0013
mem[X,0x8000027E] -> 0x0000
[164] [M]: 0x8000027C (0x00000013) addi zero, zero, 0


mem[X,0x80000280] -> 0x0513
mem[X,0x80000282] -> 0x4000
[165] [M]: 0x80000280 (0x40000513) addi a0, zero, 1024
x10 <- 0x00000400


mem[X,0x80000284] -> 0x0993
mem[X,0x80000286] -> 0x01B0
[166] [M]: 0x80000284 (0x01B00993) addi s3, zero, 27
x19 <- 0x0000001B


mem[X,0x80000288] -> 0x15B3
mem[X,0x8000028A] -> 0x0135
[167] [M]: 0x80000288 (0x013515B3) sll a1, a0, s3
x11 <- 0x00000000


mem[X,0x8000028C] -> 0x2023
mem[X,0x8000028E] -> 0x00B9
[168] [M]: 0x8000028C (0x00B92023) sw a1, 0(s2)
mem[0x8000315C] <- 0x00000000


mem[X,0x80000290] -> 0x1437
mem[X,0x80000292] -> 0x0000
[169] [M]: 0x80000290 (0x00001437) lui fp, 1
x8 <- 0x00001000


mem[X,0x80000294] -> 0x0413
mem[X,0x80000296] -> 0x8004
[170] [M]: 0x80000294 (0x80040413) addi fp, fp, 2048
x8 <- 0x00000800


mem[X,0x80000298] -> 0x0D93
mem[X,0x8000029A] -> 0x0060
[171] [M]: 0x80000298 (0x00600D93) addi s11, zero, 6
x27 <- 0x00000006


mem[X,0x8000029C] -> 0x10B3
mem[X,0x8000029E] -> 0x01B4
[172] [M]: 0x8000029C (0x01B410B3) sll ra, fp, s11
x1 <- 0x00020000


mem[X,0x800002A0] -> 0x2223
mem[X,0x800002A2] -> 0x0019
[173] [M]: 0x800002A0 (0x00192223) sw ra, 4(s2)
mem[0x80003160] <- 0x00020000


mem[X,0x800002A4] -> 0x1E37
mem[X,0x800002A6] -> 0x0000
[174] [M]: 0x800002A4 (0x00001E37) lui t3, 1
x28 <- 0x00001000


mem[X,0x800002A8] -> 0x0493
mem[X,0x800002AA] -> 0x0100
[175] [M]: 0x800002A8 (0x01000493) addi s1, zero, 16
x9 <- 0x00000010


mem[X,0x800002AC] -> 0x1CB3
mem[X,0x800002AE] -> 0x009E
[176] [M]: 0x800002AC (0x009E1CB3) sll s9, t3, s1
x25 <- 0x10000000


mem[X,0x800002B0] -> 0x2423
mem[X,0x800002B2] -> 0x0199
[177] [M]: 0x800002B0 (0x01992423) sw s9, 8(s2)
mem[0x80003164] <- 0x10000000


mem[X,0x800002B4] -> 0x2137
mem[X,0x800002B6] -> 0x0000
[178] [M]: 0x800002B4 (0x00002137) lui sp, 2
x2 <- 0x00002000


mem[X,0x800002B8] -> 0x0793
mem[X,0x800002BA] -> 0x00D0
[179] [M]: 0x800002B8 (0x00D00793) addi a5, zero, 13
x15 <- 0x0000000D


mem[X,0x800002BC] -> 0x1DB3
mem[X,0x800002BE] -> 0x00F1
[180] [M]: 0x800002BC (0x00F11DB3) sll s11, sp, a5
x27 <- 0x04000000


mem[X,0x800002C0] -> 0x2623
mem[X,0x800002C2] -> 0x01B9
[181] [M]: 0x800002C0 (0x01B92623) sw s11, 12(s2)
mem[0x80003168] <- 0x04000000


mem[X,0x800002C4] -> 0x4C37
mem[X,0x800002C6] -> 0x0000
[182] [M]: 0x800002C4 (0x00004C37) lui s8, 4
x24 <- 0x00004000


mem[X,0x800002C8] -> 0x0E93
mem[X,0x800002CA] -> 0x0120
[183] [M]: 0x800002C8 (0x01200E93) addi t4, zero, 18
x29 <- 0x00000012


mem[X,0x800002CC] -> 0x1D33
mem[X,0x800002CE] -> 0x01DC
[184] [M]: 0x800002CC (0x01DC1D33) sll s10, s8, t4
x26 <- 0x00000000


mem[X,0x800002D0] -> 0x2823
mem[X,0x800002D2] -> 0x01A9
[185] [M]: 0x800002D0 (0x01A92823) sw s10, 16(s2)
mem[0x8000316C] <- 0x00000000


mem[X,0x800002D4] -> 0x80B7
mem[X,0x800002D6] -> 0x0000
[186] [M]: 0x800002D4 (0x000080B7) lui ra, 8
x1 <- 0x00008000


mem[X,0x800002D8] -> 0x0B93
mem[X,0x800002DA] -> 0x0110
[187] [M]: 0x800002D8 (0x01100B93) addi s7, zero, 17
x23 <- 0x00000011


mem[X,0x800002DC] -> 0x94B3
mem[X,0x800002DE] -> 0x0170
[188] [M]: 0x800002DC (0x017094B3) sll s1, ra, s7
x9 <- 0x00000000


mem[X,0x800002E0] -> 0x2A23
mem[X,0x800002E2] -> 0x0099
[189] [M]: 0x800002E0 (0x00992A23) sw s1, 20(s2)
mem[0x80003170] <- 0x00000000


mem[X,0x800002E4] -> 0x0BB7
mem[X,0x800002E6] -> 0x0001
[190] [M]: 0x800002E4 (0x00010BB7) lui s7, 16
x23 <- 0x00010000


mem[X,0x800002E8] -> 0x0813
mem[X,0x800002EA] -> 0x01F0
[191] [M]: 0x800002E8 (0x01F00813) addi a6, zero, 31
x16 <- 0x0000001F


mem[X,0x800002EC] -> 0x9733
mem[X,0x800002EE] -> 0x010B
[192] [M]: 0x800002EC (0x010B9733) sll a4, s7, a6
x14 <- 0x00000000


mem[X,0x800002F0] -> 0x2C23
mem[X,0x800002F2] -> 0x00E9
[193] [M]: 0x800002F0 (0x00E92C23) sw a4, 24(s2)
mem[0x80003174] <- 0x00000000


mem[X,0x800002F4] -> 0x0237
mem[X,0x800002F6] -> 0x0002
[194] [M]: 0x800002F4 (0x00020237) lui tp, 32
x4 <- 0x00020000


mem[X,0x800002F8] -> 0x0193
mem[X,0x800002FA] -> 0x0130
[195] [M]: 0x800002F8 (0x01300193) addi gp, zero, 19
x3 <- 0x00000013


mem[X,0x800002FC] -> 0x18B3
mem[X,0x800002FE] -> 0x0032
[196] [M]: 0x800002FC (0x003218B3) sll a7, tp, gp
x17 <- 0x00000000


mem[X,0x80000300] -> 0x2E23
mem[X,0x80000302] -> 0x0119
[197] [M]: 0x80000300 (0x01192E23) sw a7, 28(s2)
mem[0x80003178] <- 0x00000000


mem[X,0x80000304] -> 0x03B7
mem[X,0x80000306] -> 0x0004
[198] [M]: 0x80000304 (0x000403B7) lui t2, 64
x7 <- 0x00040000


mem[X,0x80000308] -> 0x0213
mem[X,0x8000030A] -> 0x0170
[199] [M]: 0x80000308 (0x01700213) addi tp, zero, 23
x4 <- 0x00000017


clint::tick mtime <- 0x0000000000000002
 clint timer pending at mtime 0x0000000000000002
htif::tick 0x0000000000000000
mem[X,0x8000030C] -> 0x97B3
mem[X,0x8000030E] -> 0x0043
[200] [M]: 0x8000030C (0x004397B3) sll a5, t2, tp
x15 <- 0x00000000


mem[X,0x80000310] -> 0x2023
mem[X,0x80000312] -> 0x02F9
[201] [M]: 0x80000310 (0x02F92023) sw a5, 32(s2)
mem[0x8000317C] <- 0x00000000


mem[X,0x80000314] -> 0x04B7
mem[X,0x80000316] -> 0x0008
[202] [M]: 0x80000314 (0x000804B7) lui s1, 128
x9 <- 0x00080000


mem[X,0x80000318] -> 0x0113
mem[X,0x8000031A] -> 0x0130
[203] [M]: 0x80000318 (0x01300113) addi sp, zero, 19
x2 <- 0x00000013


mem[X,0x8000031C] -> 0x9EB3
mem[X,0x8000031E] -> 0x0024
[204] [M]: 0x8000031C (0x00249EB3) sll t4, s1, sp
x29 <- 0x00000000


mem[X,0x80000320] -> 0x2223
mem[X,0x80000322] -> 0x03D9
[205] [M]: 0x80000320 (0x03D92223) sw t4, 36(s2)
mem[0x80003180] <- 0x00000000


mem[X,0x80000324] -> 0x07B7
mem[X,0x80000326] -> 0x0010
[206] [M]: 0x80000324 (0x001007B7) lui a5, 256
x15 <- 0x00100000


mem[X,0x80000328] -> 0x0413
mem[X,0x8000032A] -> 0x00B0
[207] [M]: 0x80000328 (0x00B00413) addi fp, zero, 11
x8 <- 0x0000000B


mem[X,0x8000032C] -> 0x9FB3
mem[X,0x8000032E] -> 0x0087
[208] [M]: 0x8000032C (0x00879FB3) sll t6, a5, fp
x31 <- 0x80000000


mem[X,0x80000330] -> 0x2423
mem[X,0x80000332] -> 0x03F9
[209] [M]: 0x80000330 (0x03F92423) sw t6, 40(s2)
mem[0x80003184] <- 0x80000000


mem[X,0x80000334] -> 0x0D37
mem[X,0x80000336] -> 0x0020
[210] [M]: 0x80000334 (0x00200D37) lui s10, 512
x26 <- 0x00200000


mem[X,0x80000338] -> 0x0313
mem[X,0x8000033A] -> 0x01F0
[211] [M]: 0x80000338 (0x01F00313) addi t1, zero, 31
x6 <- 0x0000001F


mem[X,0x8000033C] -> 0x1F33
mem[X,0x8000033E] -> 0x006D
[212] [M]: 0x8000033C (0x006D1F33) sll t5, s10, t1
x30 <- 0x00000000


mem[X,0x80000340] -> 0x2623
mem[X,0x80000342] -> 0x03E9
[213] [M]: 0x80000340 (0x03E92623) sw t5, 44(s2)
mem[0x80003188] <- 0x00000000


mem[X,0x80000344] -> 0x0F37
mem[X,0x80000346] -> 0x0040
[214] [M]: 0x80000344 (0x00400F37) lui t5, 1024
x30 <- 0x00400000


mem[X,0x80000348] -> 0x0293
mem[X,0x8000034A] -> 0x0090
[215] [M]: 0x80000348 (0x00900293) addi t0, zero, 9
x5 <- 0x00000009


mem[X,0x8000034C] -> 0x19B3
mem[X,0x8000034E] -> 0x005F
[216] [M]: 0x8000034C (0x005F19B3) sll s3, t5, t0
x19 <- 0x80000000


mem[X,0x80000350] -> 0x2823
mem[X,0x80000352] -> 0x0339
[217] [M]: 0x80000350 (0x03392823) sw s3, 48(s2)
mem[0x8000318C] <- 0x80000000


mem[X,0x80000354] -> 0x06B7
mem[X,0x80000356] -> 0x0080
[218] [M]: 0x80000354 (0x008006B7) lui a3, 2048
x13 <- 0x00800000


mem[X,0x80000358] -> 0x0C93
mem[X,0x8000035A] -> 0x0040
[219] [M]: 0x80000358 (0x00400C93) addi s9, zero, 4
x25 <- 0x00000004


mem[X,0x8000035C] -> 0x9133
mem[X,0x8000035E] -> 0x0196
[220] [M]: 0x8000035C (0x01969133) sll sp, a3, s9
x2 <- 0x08000000


mem[X,0x80000360] -> 0x2A23
mem[X,0x80000362] -> 0x0229
[221] [M]: 0x80000360 (0x02292A23) sw sp, 52(s2)
mem[0x80003190] <- 0x08000000


mem[X,0x80000364] -> 0x0537
mem[X,0x80000366] -> 0x0100
[222] [M]: 0x80000364 (0x01000537) lui a0, 4096
x10 <- 0x01000000


mem[X,0x80000368] -> 0x0593
mem[X,0x8000036A] -> 0x0020
[223] [M]: 0x80000368 (0x00200593) addi a1, zero, 2
x11 <- 0x00000002


mem[X,0x8000036C] -> 0x1633
mem[X,0x8000036E] -> 0x00B5
[224] [M]: 0x8000036C (0x00B51633) sll a2, a0, a1
x12 <- 0x04000000


mem[X,0x80000370] -> 0x2C23
mem[X,0x80000372] -> 0x02C9
[225] [M]: 0x80000370 (0x02C92C23) sw a2, 56(s2)
mem[0x80003194] <- 0x04000000


mem[X,0x80000374] -> 0x0537
mem[X,0x80000376] -> 0x0200
[226] [M]: 0x80000374 (0x02000537) lui a0, 8192
x10 <- 0x02000000


mem[X,0x80000378] -> 0x0593
mem[X,0x8000037A] -> 0x0040
[227] [M]: 0x80000378 (0x00400593) addi a1, zero, 4
x11 <- 0x00000004


mem[X,0x8000037C] -> 0x1633
mem[X,0x8000037E] -> 0x00B5
[228] [M]: 0x8000037C (0x00B51633) sll a2, a0, a1
x12 <- 0x20000000


mem[X,0x80000380] -> 0x2E23
mem[X,0x80000382] -> 0x02C9
[229] [M]: 0x80000380 (0x02C92E23) sw a2, 60(s2)
mem[0x80003198] <- 0x20000000


mem[X,0x80000384] -> 0x0537
mem[X,0x80000386] -> 0x0400
[230] [M]: 0x80000384 (0x04000537) lui a0, 16384
x10 <- 0x04000000


mem[X,0x80000388] -> 0x0593
mem[X,0x8000038A] -> 0x0080
[231] [M]: 0x80000388 (0x00800593) addi a1, zero, 8
x11 <- 0x00000008


mem[X,0x8000038C] -> 0x1633
mem[X,0x8000038E] -> 0x00B5
[232] [M]: 0x8000038C (0x00B51633) sll a2, a0, a1
x12 <- 0x00000000


mem[X,0x80000390] -> 0x2023
mem[X,0x80000392] -> 0x04C9
[233] [M]: 0x80000390 (0x04C92023) sw a2, 64(s2)
mem[0x8000319C] <- 0x00000000


mem[X,0x80000394] -> 0x0537
mem[X,0x80000396] -> 0x0800
[234] [M]: 0x80000394 (0x08000537) lui a0, 32768
x10 <- 0x08000000


mem[X,0x80000398] -> 0x0593
mem[X,0x8000039A] -> 0x01D0
[235] [M]: 0x80000398 (0x01D00593) addi a1, zero, 29
x11 <- 0x0000001D


mem[X,0x8000039C] -> 0x1633
mem[X,0x8000039E] -> 0x00B5
[236] [M]: 0x8000039C (0x00B51633) sll a2, a0, a1
x12 <- 0x00000000


mem[X,0x800003A0] -> 0x2223
mem[X,0x800003A2] -> 0x04C9
[237] [M]: 0x800003A0 (0x04C92223) sw a2, 68(s2)
mem[0x800031A0] <- 0x00000000


mem[X,0x800003A4] -> 0x0537
mem[X,0x800003A6] -> 0x1000
[238] [M]: 0x800003A4 (0x10000537) lui a0, 65536
x10 <- 0x10000000


mem[X,0x800003A8] -> 0x0593
mem[X,0x800003AA] -> 0x0120
[239] [M]: 0x800003A8 (0x01200593) addi a1, zero, 18
x11 <- 0x00000012


mem[X,0x800003AC] -> 0x1633
mem[X,0x800003AE] -> 0x00B5
[240] [M]: 0x800003AC (0x00B51633) sll a2, a0, a1
x12 <- 0x00000000


mem[X,0x800003B0] -> 0x2423
mem[X,0x800003B2] -> 0x04C9
[241] [M]: 0x800003B0 (0x04C92423) sw a2, 72(s2)
mem[0x800031A4] <- 0x00000000


mem[X,0x800003B4] -> 0x0537
mem[X,0x800003B6] -> 0x2000
[242] [M]: 0x800003B4 (0x20000537) lui a0, 131072
x10 <- 0x20000000


mem[X,0x800003B8] -> 0x0593
mem[X,0x800003BA] -> 0x00D0
[243] [M]: 0x800003B8 (0x00D00593) addi a1, zero, 13
x11 <- 0x0000000D


mem[X,0x800003BC] -> 0x1633
mem[X,0x800003BE] -> 0x00B5
[244] [M]: 0x800003BC (0x00B51633) sll a2, a0, a1
x12 <- 0x00000000


mem[X,0x800003C0] -> 0x2623
mem[X,0x800003C2] -> 0x04C9
[245] [M]: 0x800003C0 (0x04C92623) sw a2, 76(s2)
mem[0x800031A8] <- 0x00000000


mem[X,0x800003C4] -> 0x0537
mem[X,0x800003C6] -> 0x4000
[246] [M]: 0x800003C4 (0x40000537) lui a0, 262144
x10 <- 0x40000000


mem[X,0x800003C8] -> 0x0593
mem[X,0x800003CA] -> 0x00F0
[247] [M]: 0x800003C8 (0x00F00593) addi a1, zero, 15
x11 <- 0x0000000F


mem[X,0x800003CC] -> 0x1633
mem[X,0x800003CE] -> 0x00B5
[248] [M]: 0x800003CC (0x00B51633) sll a2, a0, a1
x12 <- 0x00000000


mem[X,0x800003D0] -> 0x2823
mem[X,0x800003D2] -> 0x04C9
[249] [M]: 0x800003D0 (0x04C92823) sw a2, 80(s2)
mem[0x800031AC] <- 0x00000000


mem[X,0x800003D4] -> 0x0513
mem[X,0x800003D6] -> 0xFFE0
[250] [M]: 0x800003D4 (0xFFE00513) addi a0, zero, 4094
x10 <- 0xFFFFFFFE


mem[X,0x800003D8] -> 0x0593
mem[X,0x800003DA] -> 0x01D0
[251] [M]: 0x800003D8 (0x01D00593) addi a1, zero, 29
x11 <- 0x0000001D


mem[X,0x800003DC] -> 0x1633
mem[X,0x800003DE] -> 0x00B5
[252] [M]: 0x800003DC (0x00B51633) sll a2, a0, a1
x12 <- 0xC0000000


mem[X,0x800003E0] -> 0x2A23
mem[X,0x800003E2] -> 0x04C9
[253] [M]: 0x800003E0 (0x04C92A23) sw a2, 84(s2)
mem[0x800031B0] <- 0xC0000000


mem[X,0x800003E4] -> 0x0513
mem[X,0x800003E6] -> 0xFFD0
[254] [M]: 0x800003E4 (0xFFD00513) addi a0, zero, 4093
x10 <- 0xFFFFFFFD


mem[X,0x800003E8] -> 0x0593
mem[X,0x800003EA] -> 0x01E0
[255] [M]: 0x800003E8 (0x01E00593) addi a1, zero, 30
x11 <- 0x0000001E


mem[X,0x800003EC] -> 0x1633
mem[X,0x800003EE] -> 0x00B5
[256] [M]: 0x800003EC (0x00B51633) sll a2, a0, a1
x12 <- 0x40000000


mem[X,0x800003F0] -> 0x2C23
mem[X,0x800003F2] -> 0x04C9
[257] [M]: 0x800003F0 (0x04C92C23) sw a2, 88(s2)
mem[0x800031B4] <- 0x40000000


mem[X,0x800003F4] -> 0x0513
mem[X,0x800003F6] -> 0xFFB0
[258] [M]: 0x800003F4 (0xFFB00513) addi a0, zero, 4091
x10 <- 0xFFFFFFFB


mem[X,0x800003F8] -> 0x0593
mem[X,0x800003FA] -> 0x0150
[259] [M]: 0x800003F8 (0x01500593) addi a1, zero, 21
x11 <- 0x00000015


mem[X,0x800003FC] -> 0x1633
mem[X,0x800003FE] -> 0x00B5
[260] [M]: 0x800003FC (0x00B51633) sll a2, a0, a1
x12 <- 0xFF600000


mem[X,0x80000400] -> 0x2E23
mem[X,0x80000402] -> 0x04C9
[261] [M]: 0x80000400 (0x04C92E23) sw a2, 92(s2)
mem[0x800031B8] <- 0xFF600000


mem[X,0x80000404] -> 0x0513
mem[X,0x80000406] -> 0xFF70
[262] [M]: 0x80000404 (0xFF700513) addi a0, zero, 4087
x10 <- 0xFFFFFFF7


mem[X,0x80000408] -> 0x0593
mem[X,0x8000040A] -> 0x0130
[263] [M]: 0x80000408 (0x01300593) addi a1, zero, 19
x11 <- 0x00000013


mem[X,0x8000040C] -> 0x1633
mem[X,0x8000040E] -> 0x00B5
[264] [M]: 0x8000040C (0x00B51633) sll a2, a0, a1
x12 <- 0xFFB80000


mem[X,0x80000410] -> 0x2023
mem[X,0x80000412] -> 0x06C9
[265] [M]: 0x80000410 (0x06C92023) sw a2, 96(s2)
mem[0x800031BC] <- 0xFFB80000


mem[X,0x80000414] -> 0x0513
mem[X,0x80000416] -> 0xFEF0
[266] [M]: 0x80000414 (0xFEF00513) addi a0, zero, 4079
x10 <- 0xFFFFFFEF


mem[X,0x80000418] -> 0x0593
mem[X,0x8000041A] -> 0x00A0
[267] [M]: 0x80000418 (0x00A00593) addi a1, zero, 10
x11 <- 0x0000000A


mem[X,0x8000041C] -> 0x1633
mem[X,0x8000041E] -> 0x00B5
[268] [M]: 0x8000041C (0x00B51633) sll a2, a0, a1
x12 <- 0xFFFFBC00


mem[X,0x80000420] -> 0x2223
mem[X,0x80000422] -> 0x06C9
[269] [M]: 0x80000420 (0x06C92223) sw a2, 100(s2)
mem[0x800031C0] <- 0xFFFFBC00


mem[X,0x80000424] -> 0x0513
mem[X,0x80000426] -> 0xFDF0
[270] [M]: 0x80000424 (0xFDF00513) addi a0, zero, 4063
x10 <- 0xFFFFFFDF


mem[X,0x80000428] -> 0x0593
mem[X,0x8000042A] -> 0x0080
[271] [M]: 0x80000428 (0x00800593) addi a1, zero, 8
x11 <- 0x00000008


mem[X,0x8000042C] -> 0x1633
mem[X,0x8000042E] -> 0x00B5
[272] [M]: 0x8000042C (0x00B51633) sll a2, a0, a1
x12 <- 0xFFFFDF00


mem[X,0x80000430] -> 0x2423
mem[X,0x80000432] -> 0x06C9
[273] [M]: 0x80000430 (0x06C92423) sw a2, 104(s2)
mem[0x800031C4] <- 0xFFFFDF00


mem[X,0x80000434] -> 0x0513
mem[X,0x80000436] -> 0xFBF0
[274] [M]: 0x80000434 (0xFBF00513) addi a0, zero, 4031
x10 <- 0xFFFFFFBF


mem[X,0x80000438] -> 0x0593
mem[X,0x8000043A] -> 0x0060
[275] [M]: 0x80000438 (0x00600593) addi a1, zero, 6
x11 <- 0x00000006


mem[X,0x8000043C] -> 0x1633
mem[X,0x8000043E] -> 0x00B5
[276] [M]: 0x8000043C (0x00B51633) sll a2, a0, a1
x12 <- 0xFFFFEFC0


mem[X,0x80000440] -> 0x2623
mem[X,0x80000442] -> 0x06C9
[277] [M]: 0x80000440 (0x06C92623) sw a2, 108(s2)
mem[0x800031C8] <- 0xFFFFEFC0


mem[X,0x80000444] -> 0x0513
mem[X,0x80000446] -> 0xEFF0
[278] [M]: 0x80000444 (0xEFF00513) addi a0, zero, 3839
x10 <- 0xFFFFFEFF


mem[X,0x80000448] -> 0x0593
mem[X,0x8000044A] -> 0x0030
[279] [M]: 0x80000448 (0x00300593) addi a1, zero, 3
x11 <- 0x00000003


mem[X,0x8000044C] -> 0x1633
mem[X,0x8000044E] -> 0x00B5
[280] [M]: 0x8000044C (0x00B51633) sll a2, a0, a1
x12 <- 0xFFFFF7F8


mem[X,0x80000450] -> 0x2823
mem[X,0x80000452] -> 0x06C9
[281] [M]: 0x80000450 (0x06C92823) sw a2, 112(s2)
mem[0x800031CC] <- 0xFFFFF7F8


mem[X,0x80000454] -> 0x0513
mem[X,0x80000456] -> 0xDFF0
[282] [M]: 0x80000454 (0xDFF00513) addi a0, zero, 3583
x10 <- 0xFFFFFDFF


mem[X,0x80000458] -> 0x0593
mem[X,0x8000045A] -> 0x0080
[283] [M]: 0x80000458 (0x00800593) addi a1, zero, 8
x11 <- 0x00000008


mem[X,0x8000045C] -> 0x1633
mem[X,0x8000045E] -> 0x00B5
[284] [M]: 0x8000045C (0x00B51633) sll a2, a0, a1
x12 <- 0xFFFDFF00


mem[X,0x80000460] -> 0x2A23
mem[X,0x80000462] -> 0x06C9
[285] [M]: 0x80000460 (0x06C92A23) sw a2, 116(s2)
mem[0x800031D0] <- 0xFFFDFF00


mem[X,0x80000464] -> 0x0513
mem[X,0x80000466] -> 0xBFF0
[286] [M]: 0x80000464 (0xBFF00513) addi a0, zero, 3071
x10 <- 0xFFFFFBFF


mem[X,0x80000468] -> 0x0593
mem[X,0x8000046A] -> 0x0010
[287] [M]: 0x80000468 (0x00100593) addi a1, zero, 1
x11 <- 0x00000001


mem[X,0x8000046C] -> 0x1633
mem[X,0x8000046E] -> 0x00B5
[288] [M]: 0x8000046C (0x00B51633) sll a2, a0, a1
x12 <- 0xFFFFF7FE


mem[X,0x80000470] -> 0x2C23
mem[X,0x80000472] -> 0x06C9
[289] [M]: 0x80000470 (0x06C92C23) sw a2, 120(s2)
mem[0x800031D4] <- 0xFFFFF7FE


mem[X,0x80000474] -> 0xF537
mem[X,0x80000476] -> 0xFFFF
[290] [M]: 0x80000474 (0xFFFFF537) lui a0, 1048575
x10 <- 0xFFFFF000


mem[X,0x80000478] -> 0x0513
mem[X,0x8000047A] -> 0x7FF5
[291] [M]: 0x80000478 (0x7FF50513) addi a0, a0, 2047
x10 <- 0xFFFFF7FF


mem[X,0x8000047C] -> 0x0593
mem[X,0x8000047E] -> 0x01E0
[292] [M]: 0x8000047C (0x01E00593) addi a1, zero, 30
x11 <- 0x0000001E


mem[X,0x80000480] -> 0x1633
mem[X,0x80000482] -> 0x00B5
[293] [M]: 0x80000480 (0x00B51633) sll a2, a0, a1
x12 <- 0xC0000000


mem[X,0x80000484] -> 0x2E23
mem[X,0x80000486] -> 0x06C9
[294] [M]: 0x80000484 (0x06C92E23) sw a2, 124(s2)
mem[0x800031D8] <- 0xC0000000


mem[X,0x80000488] -> 0xF537
mem[X,0x8000048A] -> 0xFFFF
[295] [M]: 0x80000488 (0xFFFFF537) lui a0, 1048575
x10 <- 0xFFFFF000


mem[X,0x8000048C] -> 0x0513
mem[X,0x8000048E] -> 0xFFF5
[296] [M]: 0x8000048C (0xFFF50513) addi a0, a0, 4095
x10 <- 0xFFFFEFFF


mem[X,0x80000490] -> 0x0593
mem[X,0x80000492] -> 0x00A0
[297] [M]: 0x80000490 (0x00A00593) addi a1, zero, 10
x11 <- 0x0000000A


mem[X,0x80000494] -> 0x1633
mem[X,0x80000496] -> 0x00B5
[298] [M]: 0x80000494 (0x00B51633) sll a2, a0, a1
x12 <- 0xFFBFFC00


mem[X,0x80000498] -> 0x2023
mem[X,0x8000049A] -> 0x08C9
[299] [M]: 0x80000498 (0x08C92023) sw a2, 128(s2)
mem[0x800031DC] <- 0xFFBFFC00


clint::tick mtime <- 0x0000000000000003
 clint timer pending at mtime 0x0000000000000003
htif::tick 0x0000000000000000
mem[X,0x8000049C] -> 0xE537
mem[X,0x8000049E] -> 0xFFFF
[300] [M]: 0x8000049C (0xFFFFE537) lui a0, 1048574
x10 <- 0xFFFFE000


mem[X,0x800004A0] -> 0x0513
mem[X,0x800004A2] -> 0xFFF5
[301] [M]: 0x800004A0 (0xFFF50513) addi a0, a0, 4095
x10 <- 0xFFFFDFFF


mem[X,0x800004A4] -> 0x0593
mem[X,0x800004A6] -> 0x00F0
[302] [M]: 0x800004A4 (0x00F00593) addi a1, zero, 15
x11 <- 0x0000000F


mem[X,0x800004A8] -> 0x1633
mem[X,0x800004AA] -> 0x00B5
[303] [M]: 0x800004A8 (0x00B51633) sll a2, a0, a1
x12 <- 0xEFFF8000


mem[X,0x800004AC] -> 0x2223
mem[X,0x800004AE] -> 0x08C9
[304] [M]: 0x800004AC (0x08C92223) sw a2, 132(s2)
mem[0x800031E0] <- 0xEFFF8000


mem[X,0x800004B0] -> 0xC537
mem[X,0x800004B2] -> 0xFFFF
[305] [M]: 0x800004B0 (0xFFFFC537) lui a0, 1048572
x10 <- 0xFFFFC000


mem[X,0x800004B4] -> 0x0513
mem[X,0x800004B6] -> 0xFFF5
[306] [M]: 0x800004B4 (0xFFF50513) addi a0, a0, 4095
x10 <- 0xFFFFBFFF


mem[X,0x800004B8] -> 0x0593
mem[X,0x800004BA] -> 0x0150
[307] [M]: 0x800004B8 (0x01500593) addi a1, zero, 21
x11 <- 0x00000015


mem[X,0x800004BC] -> 0x1633
mem[X,0x800004BE] -> 0x00B5
[308] [M]: 0x800004BC (0x00B51633) sll a2, a0, a1
x12 <- 0xFFE00000


mem[X,0x800004C0] -> 0x2423
mem[X,0x800004C2] -> 0x08C9
[309] [M]: 0x800004C0 (0x08C92423) sw a2, 136(s2)
mem[0x800031E4] <- 0xFFE00000


mem[X,0x800004C4] -> 0x0537
mem[X,0x800004C6] -> 0xFFFF
[310] [M]: 0x800004C4 (0xFFFF0537) lui a0, 1048560
x10 <- 0xFFFF0000


mem[X,0x800004C8] -> 0x0513
mem[X,0x800004CA] -> 0xFFF5
[311] [M]: 0x800004C8 (0xFFF50513) addi a0, a0, 4095
x10 <- 0xFFFEFFFF


mem[X,0x800004CC] -> 0x0593
mem[X,0x800004CE] -> 0x0040
[312] [M]: 0x800004CC (0x00400593) addi a1, zero, 4
x11 <- 0x00000004


mem[X,0x800004D0] -> 0x1633
mem[X,0x800004D2] -> 0x00B5
[313] [M]: 0x800004D0 (0x00B51633) sll a2, a0, a1
x12 <- 0xFFEFFFF0


mem[X,0x800004D4] -> 0x2623
mem[X,0x800004D6] -> 0x08C9
[314] [M]: 0x800004D4 (0x08C92623) sw a2, 140(s2)
mem[0x800031E8] <- 0xFFEFFFF0


mem[X,0x800004D8] -> 0x0537
mem[X,0x800004DA] -> 0xFFFE
[315] [M]: 0x800004D8 (0xFFFE0537) lui a0, 1048544
x10 <- 0xFFFE0000


mem[X,0x800004DC] -> 0x0513
mem[X,0x800004DE] -> 0xFFF5
[316] [M]: 0x800004DC (0xFFF50513) addi a0, a0, 4095
x10 <- 0xFFFDFFFF


mem[X,0x800004E0] -> 0x0593
mem[X,0x800004E2] -> 0x0110
[317] [M]: 0x800004E0 (0x01100593) addi a1, zero, 17
x11 <- 0x00000011


mem[X,0x800004E4] -> 0x1633
mem[X,0x800004E6] -> 0x00B5
[318] [M]: 0x800004E4 (0x00B51633) sll a2, a0, a1
x12 <- 0xFFFE0000


mem[X,0x800004E8] -> 0x2823
mem[X,0x800004EA] -> 0x08C9
[319] [M]: 0x800004E8 (0x08C92823) sw a2, 144(s2)
mem[0x800031EC] <- 0xFFFE0000


mem[X,0x800004EC] -> 0x0537
mem[X,0x800004EE] -> 0xFFFC
[320] [M]: 0x800004EC (0xFFFC0537) lui a0, 1048512
x10 <- 0xFFFC0000


mem[X,0x800004F0] -> 0x0513
mem[X,0x800004F2] -> 0xFFF5
[321] [M]: 0x800004F0 (0xFFF50513) addi a0, a0, 4095
x10 <- 0xFFFBFFFF


mem[X,0x800004F4] -> 0x0593
mem[X,0x800004F6] -> 0x0000
[322] [M]: 0x800004F4 (0x00000593) addi a1, zero, 0
x11 <- 0x00000000


mem[X,0x800004F8] -> 0x1633
mem[X,0x800004FA] -> 0x00B5
[323] [M]: 0x800004F8 (0x00B51633) sll a2, a0, a1
x12 <- 0xFFFBFFFF


mem[X,0x800004FC] -> 0x2A23
mem[X,0x800004FE] -> 0x08C9
[324] [M]: 0x800004FC (0x08C92A23) sw a2, 148(s2)
mem[0x800031F0] <- 0xFFFBFFFF


mem[X,0x80000500] -> 0x0537
mem[X,0x80000502] -> 0xFF80
[325] [M]: 0x80000500 (0xFF800537) lui a0, 1046528
x10 <- 0xFF800000


mem[X,0x80000504] -> 0x0513
mem[X,0x80000506] -> 0xFFF5
[326] [M]: 0x80000504 (0xFFF50513) addi a0, a0, 4095
x10 <- 0xFF7FFFFF


mem[X,0x80000508] -> 0x0593
mem[X,0x8000050A] -> 0x0030
[327] [M]: 0x80000508 (0x00300593) addi a1, zero, 3
x11 <- 0x00000003


mem[X,0x8000050C] -> 0x1633
mem[X,0x8000050E] -> 0x00B5
[328] [M]: 0x8000050C (0x00B51633) sll a2, a0, a1
x12 <- 0xFBFFFFF8


mem[X,0x80000510] -> 0x2C23
mem[X,0x80000512] -> 0x08C9
[329] [M]: 0x80000510 (0x08C92C23) sw a2, 152(s2)
mem[0x800031F4] <- 0xFBFFFFF8


mem[X,0x80000514] -> 0x0537
mem[X,0x80000516] -> 0xFF00
[330] [M]: 0x80000514 (0xFF000537) lui a0, 1044480
x10 <- 0xFF000000


mem[X,0x80000518] -> 0x0513
mem[X,0x8000051A] -> 0xFFF5
[331] [M]: 0x80000518 (0xFFF50513) addi a0, a0, 4095
x10 <- 0xFEFFFFFF


mem[X,0x8000051C] -> 0x0593
mem[X,0x8000051E] -> 0x0000
[332] [M]: 0x8000051C (0x00000593) addi a1, zero, 0
x11 <- 0x00000000


mem[X,0x80000520] -> 0x1633
mem[X,0x80000522] -> 0x00B5
[333] [M]: 0x80000520 (0x00B51633) sll a2, a0, a1
x12 <- 0xFEFFFFFF


mem[X,0x80000524] -> 0x2E23
mem[X,0x80000526] -> 0x08C9
[334] [M]: 0x80000524 (0x08C92E23) sw a2, 156(s2)
mem[0x800031F8] <- 0xFEFFFFFF


mem[X,0x80000528] -> 0x0537
mem[X,0x8000052A] -> 0xFE00
[335] [M]: 0x80000528 (0xFE000537) lui a0, 1040384
x10 <- 0xFE000000


mem[X,0x8000052C] -> 0x0513
mem[X,0x8000052E] -> 0xFFF5
[336] [M]: 0x8000052C (0xFFF50513) addi a0, a0, 4095
x10 <- 0xFDFFFFFF


mem[X,0x80000530] -> 0x0593
mem[X,0x80000532] -> 0x0010
[337] [M]: 0x80000530 (0x00100593) addi a1, zero, 1
x11 <- 0x00000001


mem[X,0x80000534] -> 0x1633
mem[X,0x80000536] -> 0x00B5
[338] [M]: 0x80000534 (0x00B51633) sll a2, a0, a1
x12 <- 0xFBFFFFFE


mem[X,0x80000538] -> 0x2023
mem[X,0x8000053A] -> 0x0AC9
[339] [M]: 0x80000538 (0x0AC92023) sw a2, 160(s2)
mem[0x800031FC] <- 0xFBFFFFFE


mem[X,0x8000053C] -> 0x0537
mem[X,0x8000053E] -> 0xFC00
[340] [M]: 0x8000053C (0xFC000537) lui a0, 1032192
x10 <- 0xFC000000


mem[X,0x80000540] -> 0x0513
mem[X,0x80000542] -> 0xFFF5
[341] [M]: 0x80000540 (0xFFF50513) addi a0, a0, 4095
x10 <- 0xFBFFFFFF


mem[X,0x80000544] -> 0x0593
mem[X,0x80000546] -> 0x0130
[342] [M]: 0x80000544 (0x01300593) addi a1, zero, 19
x11 <- 0x00000013


mem[X,0x80000548] -> 0x1633
mem[X,0x8000054A] -> 0x00B5
[343] [M]: 0x80000548 (0x00B51633) sll a2, a0, a1
x12 <- 0xFFF80000


mem[X,0x8000054C] -> 0x2223
mem[X,0x8000054E] -> 0x0AC9
[344] [M]: 0x8000054C (0x0AC92223) sw a2, 164(s2)
mem[0x80003200] <- 0xFFF80000


mem[X,0x80000550] -> 0x0537
mem[X,0x80000552] -> 0xF800
[345] [M]: 0x80000550 (0xF8000537) lui a0, 1015808
x10 <- 0xF8000000


mem[X,0x80000554] -> 0x0513
mem[X,0x80000556] -> 0xFFF5
[346] [M]: 0x80000554 (0xFFF50513) addi a0, a0, 4095
x10 <- 0xF7FFFFFF


mem[X,0x80000558] -> 0x0593
mem[X,0x8000055A] -> 0x01E0
[347] [M]: 0x80000558 (0x01E00593) addi a1, zero, 30
x11 <- 0x0000001E


mem[X,0x8000055C] -> 0x1633
mem[X,0x8000055E] -> 0x00B5
[348] [M]: 0x8000055C (0x00B51633) sll a2, a0, a1
x12 <- 0xC0000000


mem[X,0x80000560] -> 0x2423
mem[X,0x80000562] -> 0x0AC9
[349] [M]: 0x80000560 (0x0AC92423) sw a2, 168(s2)
mem[0x80003204] <- 0xC0000000


mem[X,0x80000564] -> 0x0537
mem[X,0x80000566] -> 0xF000
[350] [M]: 0x80000564 (0xF0000537) lui a0, 983040
x10 <- 0xF0000000


mem[X,0x80000568] -> 0x0513
mem[X,0x8000056A] -> 0xFFF5
[351] [M]: 0x80000568 (0xFFF50513) addi a0, a0, 4095
x10 <- 0xEFFFFFFF


mem[X,0x8000056C] -> 0x0593
mem[X,0x8000056E] -> 0x0130
[352] [M]: 0x8000056C (0x01300593) addi a1, zero, 19
x11 <- 0x00000013


mem[X,0x80000570] -> 0x1633
mem[X,0x80000572] -> 0x00B5
[353] [M]: 0x80000570 (0x00B51633) sll a2, a0, a1
x12 <- 0xFFF80000


mem[X,0x80000574] -> 0x2623
mem[X,0x80000576] -> 0x0AC9
[354] [M]: 0x80000574 (0x0AC92623) sw a2, 172(s2)
mem[0x80003208] <- 0xFFF80000


mem[X,0x80000578] -> 0x0537
mem[X,0x8000057A] -> 0xE000
[355] [M]: 0x80000578 (0xE0000537) lui a0, 917504
x10 <- 0xE0000000


mem[X,0x8000057C] -> 0x0513
mem[X,0x8000057E] -> 0xFFF5
[356] [M]: 0x8000057C (0xFFF50513) addi a0, a0, 4095
x10 <- 0xDFFFFFFF


mem[X,0x80000580] -> 0x0593
mem[X,0x80000582] -> 0x0120
[357] [M]: 0x80000580 (0x01200593) addi a1, zero, 18
x11 <- 0x00000012


mem[X,0x80000584] -> 0x1633
mem[X,0x80000586] -> 0x00B5
[358] [M]: 0x80000584 (0x00B51633) sll a2, a0, a1
x12 <- 0xFFFC0000


mem[X,0x80000588] -> 0x2823
mem[X,0x8000058A] -> 0x0AC9
[359] [M]: 0x80000588 (0x0AC92823) sw a2, 176(s2)
mem[0x8000320C] <- 0xFFFC0000


mem[X,0x8000058C] -> 0x0537
mem[X,0x8000058E] -> 0xC000
[360] [M]: 0x8000058C (0xC0000537) lui a0, 786432
x10 <- 0xC0000000


mem[X,0x80000590] -> 0x0513
mem[X,0x80000592] -> 0xFFF5
[361] [M]: 0x80000590 (0xFFF50513) addi a0, a0, 4095
x10 <- 0xBFFFFFFF


mem[X,0x80000594] -> 0x0593
mem[X,0x80000596] -> 0x0050
[362] [M]: 0x80000594 (0x00500593) addi a1, zero, 5
x11 <- 0x00000005


mem[X,0x80000598] -> 0x1633
mem[X,0x8000059A] -> 0x00B5
[363] [M]: 0x80000598 (0x00B51633) sll a2, a0, a1
x12 <- 0xFFFFFFE0


mem[X,0x8000059C] -> 0x2A23
mem[X,0x8000059E] -> 0x0AC9
[364] [M]: 0x8000059C (0x0AC92A23) sw a2, 180(s2)
mem[0x80003210] <- 0xFFFFFFE0


mem[X,0x800005A0] -> 0x5537
mem[X,0x800005A2] -> 0x5555
[365] [M]: 0x800005A0 (0x55555537) lui a0, 349525
x10 <- 0x55555000


mem[X,0x800005A4] -> 0x0513
mem[X,0x800005A6] -> 0x5555
[366] [M]: 0x800005A4 (0x55550513) addi a0, a0, 1365
x10 <- 0x55555555


mem[X,0x800005A8] -> 0x0593
mem[X,0x800005AA] -> 0x00C0
[367] [M]: 0x800005A8 (0x00C00593) addi a1, zero, 12
x11 <- 0x0000000C


mem[X,0x800005AC] -> 0x1633
mem[X,0x800005AE] -> 0x00B5
[368] [M]: 0x800005AC (0x00B51633) sll a2, a0, a1
x12 <- 0x55555000


mem[X,0x800005B0] -> 0x2C23
mem[X,0x800005B2] -> 0x0AC9
[369] [M]: 0x800005B0 (0x0AC92C23) sw a2, 184(s2)
mem[0x80003214] <- 0x55555000


mem[X,0x800005B4] -> 0xB537
mem[X,0x800005B6] -> 0xAAAA
[370] [M]: 0x800005B4 (0xAAAAB537) lui a0, 699051
x10 <- 0xAAAAB000


mem[X,0x800005B8] -> 0x0513
mem[X,0x800005BA] -> 0xAAA5
[371] [M]: 0x800005B8 (0xAAA50513) addi a0, a0, 2730
x10 <- 0xAAAAAAAA


mem[X,0x800005BC] -> 0x0593
mem[X,0x800005BE] -> 0x0040
[372] [M]: 0x800005BC (0x00400593) addi a1, zero, 4
x11 <- 0x00000004


mem[X,0x800005C0] -> 0x1633
mem[X,0x800005C2] -> 0x00B5
[373] [M]: 0x800005C0 (0x00B51633) sll a2, a0, a1
x12 <- 0xAAAAAAA0


mem[X,0x800005C4] -> 0x2E23
mem[X,0x800005C6] -> 0x0AC9
[374] [M]: 0x800005C4 (0x0AC92E23) sw a2, 188(s2)
mem[0x80003218] <- 0xAAAAAAA0


mem[X,0x800005C8] -> 0x0513
mem[X,0x800005CA] -> 0x0030
[375] [M]: 0x800005C8 (0x00300513) addi a0, zero, 3
x10 <- 0x00000003


mem[X,0x800005CC] -> 0x0593
mem[X,0x800005CE] -> 0x01B0
[376] [M]: 0x800005CC (0x01B00593) addi a1, zero, 27
x11 <- 0x0000001B


mem[X,0x800005D0] -> 0x1633
mem[X,0x800005D2] -> 0x00B5
[377] [M]: 0x800005D0 (0x00B51633) sll a2, a0, a1
x12 <- 0x18000000


mem[X,0x800005D4] -> 0x2023
mem[X,0x800005D6] -> 0x0CC9
[378] [M]: 0x800005D4 (0x0CC92023) sw a2, 192(s2)
mem[0x8000321C] <- 0x18000000


mem[X,0x800005D8] -> 0x3537
mem[X,0x800005DA] -> 0x3333
[379] [M]: 0x800005D8 (0x33333537) lui a0, 209715
x10 <- 0x33333000


mem[X,0x800005DC] -> 0x0513
mem[X,0x800005DE] -> 0x3335
[380] [M]: 0x800005DC (0x33350513) addi a0, a0, 819
x10 <- 0x33333333


mem[X,0x800005E0] -> 0x0593
mem[X,0x800005E2] -> 0x0000
[381] [M]: 0x800005E0 (0x00000593) addi a1, zero, 0
x11 <- 0x00000000


mem[X,0x800005E4] -> 0x1633
mem[X,0x800005E6] -> 0x00B5
[382] [M]: 0x800005E4 (0x00B51633) sll a2, a0, a1
x12 <- 0x33333333


mem[X,0x800005E8] -> 0x2223
mem[X,0x800005EA] -> 0x0CC9
[383] [M]: 0x800005E8 (0x0CC92223) sw a2, 196(s2)
mem[0x80003220] <- 0x33333333


mem[X,0x800005EC] -> 0x6537
mem[X,0x800005EE] -> 0x6666
[384] [M]: 0x800005EC (0x66666537) lui a0, 419430
x10 <- 0x66666000


mem[X,0x800005F0] -> 0x0513
mem[X,0x800005F2] -> 0x6665
[385] [M]: 0x800005F0 (0x66650513) addi a0, a0, 1638
x10 <- 0x66666666


mem[X,0x800005F4] -> 0x0593
mem[X,0x800005F6] -> 0x00B0
[386] [M]: 0x800005F4 (0x00B00593) addi a1, zero, 11
x11 <- 0x0000000B


mem[X,0x800005F8] -> 0x1633
mem[X,0x800005FA] -> 0x00B5
[387] [M]: 0x800005F8 (0x00B51633) sll a2, a0, a1
x12 <- 0x33333000


mem[X,0x800005FC] -> 0x2423
mem[X,0x800005FE] -> 0x0CC9
[388] [M]: 0x800005FC (0x0CC92423) sw a2, 200(s2)
mem[0x80003224] <- 0x33333000


mem[X,0x80000600] -> 0x5537
mem[X,0x80000602] -> 0xFFFF
[389] [M]: 0x80000600 (0xFFFF5537) lui a0, 1048565
x10 <- 0xFFFF5000


mem[X,0x80000604] -> 0x0513
mem[X,0x80000606] -> 0xAFC5
[390] [M]: 0x80000604 (0xAFC50513) addi a0, a0, 2812
x10 <- 0xFFFF4AFC


mem[X,0x80000608] -> 0x0593
mem[X,0x8000060A] -> 0x0050
[391] [M]: 0x80000608 (0x00500593) addi a1, zero, 5
x11 <- 0x00000005


mem[X,0x8000060C] -> 0x1633
mem[X,0x8000060E] -> 0x00B5
[392] [M]: 0x8000060C (0x00B51633) sll a2, a0, a1
x12 <- 0xFFE95F80


mem[X,0x80000610] -> 0x2623
mem[X,0x80000612] -> 0x0CC9
[393] [M]: 0x80000610 (0x0CC92623) sw a2, 204(s2)
mem[0x80003228] <- 0xFFE95F80


mem[X,0x80000614] -> 0xB537
mem[X,0x80000616] -> 0x0000
[394] [M]: 0x80000614 (0x0000B537) lui a0, 11
x10 <- 0x0000B000


mem[X,0x80000618] -> 0x0513
mem[X,0x8000061A] -> 0x5055
[395] [M]: 0x80000618 (0x50550513) addi a0, a0, 1285
x10 <- 0x0000B505


mem[X,0x8000061C] -> 0x0593
mem[X,0x8000061E] -> 0x01B0
[396] [M]: 0x8000061C (0x01B00593) addi a1, zero, 27
x11 <- 0x0000001B


mem[X,0x80000620] -> 0x1633
mem[X,0x80000622] -> 0x00B5
[397] [M]: 0x80000620 (0x00B51633) sll a2, a0, a1
x12 <- 0x28000000


mem[X,0x80000624] -> 0x2823
mem[X,0x80000626] -> 0x0CC9
[398] [M]: 0x80000624 (0x0CC92823) sw a2, 208(s2)
mem[0x8000322C] <- 0x28000000


mem[X,0x80000628] -> 0x5537
mem[X,0x8000062A] -> 0xFFFF
[399] [M]: 0x80000628 (0xFFFF5537) lui a0, 1048565
x10 <- 0xFFFF5000


clint::tick mtime <- 0x0000000000000004
 clint timer pending at mtime 0x0000000000000004
htif::tick 0x0000000000000000
mem[X,0x8000062C] -> 0x0513
mem[X,0x8000062E] -> 0xAFD5
[400] [M]: 0x8000062C (0xAFD50513) addi a0, a0, 2813
x10 <- 0xFFFF4AFD


mem[X,0x80000630] -> 0x0593
mem[X,0x80000632] -> 0x01B0
[401] [M]: 0x80000630 (0x01B00593) addi a1, zero, 27
x11 <- 0x0000001B


mem[X,0x80000634] -> 0x1633
mem[X,0x80000636] -> 0x00B5
[402] [M]: 0x80000634 (0x00B51633) sll a2, a0, a1
x12 <- 0xE8000000


mem[X,0x80000638] -> 0x2A23
mem[X,0x8000063A] -> 0x0CC9
[403] [M]: 0x80000638 (0x0CC92A23) sw a2, 212(s2)
mem[0x80003230] <- 0xE8000000


mem[X,0x8000063C] -> 0xB537
mem[X,0x8000063E] -> 0x0000
[404] [M]: 0x8000063C (0x0000B537) lui a0, 11
x10 <- 0x0000B000


mem[X,0x80000640] -> 0x0513
mem[X,0x80000642] -> 0x5045
[405] [M]: 0x80000640 (0x50450513) addi a0, a0, 1284
x10 <- 0x0000B504


mem[X,0x80000644] -> 0x0593
mem[X,0x80000646] -> 0x0100
[406] [M]: 0x80000644 (0x01000593) addi a1, zero, 16
x11 <- 0x00000010


mem[X,0x80000648] -> 0x1633
mem[X,0x8000064A] -> 0x00B5
[407] [M]: 0x80000648 (0x00B51633) sll a2, a0, a1
x12 <- 0xB5040000


mem[X,0x8000064C] -> 0x2C23
mem[X,0x8000064E] -> 0x0CC9
[408] [M]: 0x8000064C (0x0CC92C23) sw a2, 216(s2)
mem[0x80003234] <- 0xB5040000


mem[X,0x80000650] -> 0x5537
mem[X,0x80000652] -> 0x5555
[409] [M]: 0x80000650 (0x55555537) lui a0, 349525
x10 <- 0x55555000


mem[X,0x80000654] -> 0x0513
mem[X,0x80000656] -> 0x5545
[410] [M]: 0x80000654 (0x55450513) addi a0, a0, 1364
x10 <- 0x55555554


mem[X,0x80000658] -> 0x0593
mem[X,0x8000065A] -> 0x0010
[411] [M]: 0x80000658 (0x00100593) addi a1, zero, 1
x11 <- 0x00000001


mem[X,0x8000065C] -> 0x1633
mem[X,0x8000065E] -> 0x00B5
[412] [M]: 0x8000065C (0x00B51633) sll a2, a0, a1
x12 <- 0xAAAAAAA8


mem[X,0x80000660] -> 0x2E23
mem[X,0x80000662] -> 0x0CC9
[413] [M]: 0x80000660 (0x0CC92E23) sw a2, 220(s2)
mem[0x80003238] <- 0xAAAAAAA8


mem[X,0x80000664] -> 0x0537
mem[X,0x80000666] -> 0xFFF0
[414] [M]: 0x80000664 (0xFFF00537) lui a0, 1048320
x10 <- 0xFFF00000


mem[X,0x80000668] -> 0x0513
mem[X,0x8000066A] -> 0xFFF5
[415] [M]: 0x80000668 (0xFFF50513) addi a0, a0, 4095
x10 <- 0xFFEFFFFF


mem[X,0x8000066C] -> 0x0593
mem[X,0x8000066E] -> 0x0030
[416] [M]: 0x8000066C (0x00300593) addi a1, zero, 3
x11 <- 0x00000003


mem[X,0x80000670] -> 0x1633
mem[X,0x80000672] -> 0x00B5
[417] [M]: 0x80000670 (0x00B51633) sll a2, a0, a1
x12 <- 0xFF7FFFF8


mem[X,0x80000674] -> 0x2023
mem[X,0x80000676] -> 0x0EC9
[418] [M]: 0x80000674 (0x0EC92023) sw a2, 224(s2)
mem[0x8000323C] <- 0xFF7FFFF8


mem[X,0x80000678] -> 0x6537
mem[X,0x8000067A] -> 0x6666
[419] [M]: 0x80000678 (0x66666537) lui a0, 419430
x10 <- 0x66666000


mem[X,0x8000067C] -> 0x0513
mem[X,0x8000067E] -> 0x6675
[420] [M]: 0x8000067C (0x66750513) addi a0, a0, 1639
x10 <- 0x66666667


mem[X,0x80000680] -> 0x0593
mem[X,0x80000682] -> 0x01D0
[421] [M]: 0x80000680 (0x01D00593) addi a1, zero, 29
x11 <- 0x0000001D


mem[X,0x80000684] -> 0x1633
mem[X,0x80000686] -> 0x00B5
[422] [M]: 0x80000684 (0x00B51633) sll a2, a0, a1
x12 <- 0xE0000000


mem[X,0x80000688] -> 0x2223
mem[X,0x8000068A] -> 0x0EC9
[423] [M]: 0x80000688 (0x0EC92223) sw a2, 228(s2)
mem[0x80003240] <- 0xE0000000


mem[X,0x8000068C] -> 0x3537
mem[X,0x8000068E] -> 0x3333
[424] [M]: 0x8000068C (0x33333537) lui a0, 209715
x10 <- 0x33333000


mem[X,0x80000690] -> 0x0513
mem[X,0x80000692] -> 0x3325
[425] [M]: 0x80000690 (0x33250513) addi a0, a0, 818
x10 <- 0x33333332


mem[X,0x80000694] -> 0x0593
mem[X,0x80000696] -> 0x0020
[426] [M]: 0x80000694 (0x00200593) addi a1, zero, 2
x11 <- 0x00000002


mem[X,0x80000698] -> 0x1633
mem[X,0x8000069A] -> 0x00B5
[427] [M]: 0x80000698 (0x00B51633) sll a2, a0, a1
x12 <- 0xCCCCCCC8


mem[X,0x8000069C] -> 0x2423
mem[X,0x8000069E] -> 0x0EC9
[428] [M]: 0x8000069C (0x0EC92423) sw a2, 232(s2)
mem[0x80003244] <- 0xCCCCCCC8


mem[X,0x800006A0] -> 0x6537
mem[X,0x800006A2] -> 0x6666
[429] [M]: 0x800006A0 (0x66666537) lui a0, 419430
x10 <- 0x66666000


mem[X,0x800006A4] -> 0x0513
mem[X,0x800006A6] -> 0x6655
[430] [M]: 0x800006A4 (0x66550513) addi a0, a0, 1637
x10 <- 0x66666665


mem[X,0x800006A8] -> 0x0593
mem[X,0x800006AA] -> 0x0020
[431] [M]: 0x800006A8 (0x00200593) addi a1, zero, 2
x11 <- 0x00000002


mem[X,0x800006AC] -> 0x1633
mem[X,0x800006AE] -> 0x00B5
[432] [M]: 0x800006AC (0x00B51633) sll a2, a0, a1
x12 <- 0x99999994


mem[X,0x800006B0] -> 0x2623
mem[X,0x800006B2] -> 0x0EC9
[433] [M]: 0x800006B0 (0x0EC92623) sw a2, 236(s2)
mem[0x80003248] <- 0x99999994


mem[X,0x800006B4] -> 0xB537
mem[X,0x800006B6] -> 0x0000
[434] [M]: 0x800006B4 (0x0000B537) lui a0, 11
x10 <- 0x0000B000


mem[X,0x800006B8] -> 0x0513
mem[X,0x800006BA] -> 0x5035
[435] [M]: 0x800006B8 (0x50350513) addi a0, a0, 1283
x10 <- 0x0000B503


mem[X,0x800006BC] -> 0x0593
mem[X,0x800006BE] -> 0x00B0
[436] [M]: 0x800006BC (0x00B00593) addi a1, zero, 11
x11 <- 0x0000000B


mem[X,0x800006C0] -> 0x1633
mem[X,0x800006C2] -> 0x00B5
[437] [M]: 0x800006C0 (0x00B51633) sll a2, a0, a1
x12 <- 0x05A81800


mem[X,0x800006C4] -> 0x2823
mem[X,0x800006C6] -> 0x0EC9
[438] [M]: 0x800006C4 (0x0EC92823) sw a2, 240(s2)
mem[0x8000324C] <- 0x05A81800


mem[X,0x800006C8] -> 0x5537
mem[X,0x800006CA] -> 0x5555
[439] [M]: 0x800006C8 (0x55555537) lui a0, 349525
x10 <- 0x55555000


mem[X,0x800006CC] -> 0x0513
mem[X,0x800006CE] -> 0x5565
[440] [M]: 0x800006CC (0x55650513) addi a0, a0, 1366
x10 <- 0x55555556


mem[X,0x800006D0] -> 0x0593
mem[X,0x800006D2] -> 0x0010
[441] [M]: 0x800006D0 (0x00100593) addi a1, zero, 1
x11 <- 0x00000001


mem[X,0x800006D4] -> 0x1633
mem[X,0x800006D6] -> 0x00B5
[442] [M]: 0x800006D4 (0x00B51633) sll a2, a0, a1
x12 <- 0xAAAAAAAC


mem[X,0x800006D8] -> 0x2A23
mem[X,0x800006DA] -> 0x0EC9
[443] [M]: 0x800006D8 (0x0EC92A23) sw a2, 244(s2)
mem[0x80003250] <- 0xAAAAAAAC


mem[X,0x800006DC] -> 0xB537
mem[X,0x800006DE] -> 0xAAAA
[444] [M]: 0x800006DC (0xAAAAB537) lui a0, 699051
x10 <- 0xAAAAB000


mem[X,0x800006E0] -> 0x0513
mem[X,0x800006E2] -> 0xAAB5
[445] [M]: 0x800006E0 (0xAAB50513) addi a0, a0, 2731
x10 <- 0xAAAAAAAB


mem[X,0x800006E4] -> 0x0593
mem[X,0x800006E6] -> 0x00B0
[446] [M]: 0x800006E4 (0x00B00593) addi a1, zero, 11
x11 <- 0x0000000B


mem[X,0x800006E8] -> 0x1633
mem[X,0x800006EA] -> 0x00B5
[447] [M]: 0x800006E8 (0x00B51633) sll a2, a0, a1
x12 <- 0x55555800


mem[X,0x800006EC] -> 0x2C23
mem[X,0x800006EE] -> 0x0EC9
[448] [M]: 0x800006EC (0x0EC92C23) sw a2, 248(s2)
mem[0x80003254] <- 0x55555800


mem[X,0x800006F0] -> 0x0537
mem[X,0x800006F2] -> 0xFFF8
[449] [M]: 0x800006F0 (0xFFF80537) lui a0, 1048448
x10 <- 0xFFF80000


mem[X,0x800006F4] -> 0x0513
mem[X,0x800006F6] -> 0xFFF5
[450] [M]: 0x800006F4 (0xFFF50513) addi a0, a0, 4095
x10 <- 0xFFF7FFFF


mem[X,0x800006F8] -> 0x0593
mem[X,0x800006FA] -> 0x0110
[451] [M]: 0x800006F8 (0x01100593) addi a1, zero, 17
x11 <- 0x00000011


mem[X,0x800006FC] -> 0x1633
mem[X,0x800006FE] -> 0x00B5
[452] [M]: 0x800006FC (0x00B51633) sll a2, a0, a1
x12 <- 0xFFFE0000


mem[X,0x80000700] -> 0x2E23
mem[X,0x80000702] -> 0x0EC9
[453] [M]: 0x80000700 (0x0EC92E23) sw a2, 252(s2)
mem[0x80003258] <- 0xFFFE0000


mem[X,0x80000704] -> 0x3537
mem[X,0x80000706] -> 0x3333
[454] [M]: 0x80000704 (0x33333537) lui a0, 209715
x10 <- 0x33333000


mem[X,0x80000708] -> 0x0513
mem[X,0x8000070A] -> 0x3345
[455] [M]: 0x80000708 (0x33450513) addi a0, a0, 820
x10 <- 0x33333334


mem[X,0x8000070C] -> 0x0593
mem[X,0x8000070E] -> 0x0040
[456] [M]: 0x8000070C (0x00400593) addi a1, zero, 4
x11 <- 0x00000004


mem[X,0x80000710] -> 0x1633
mem[X,0x80000712] -> 0x00B5
[457] [M]: 0x80000710 (0x00B51633) sll a2, a0, a1
x12 <- 0x33333340


mem[X,0x80000714] -> 0x2023
mem[X,0x80000716] -> 0x10C9
[458] [M]: 0x80000714 (0x10C92023) sw a2, 256(s2)
mem[0x8000325C] <- 0x33333340


mem[X,0x80000718] -> 0x0537
mem[X,0x8000071A] -> 0xFFE0
[459] [M]: 0x80000718 (0xFFE00537) lui a0, 1048064
x10 <- 0xFFE00000


mem[X,0x8000071C] -> 0x0513
mem[X,0x8000071E] -> 0xFFF5
[460] [M]: 0x8000071C (0xFFF50513) addi a0, a0, 4095
x10 <- 0xFFDFFFFF


mem[X,0x80000720] -> 0x0593
mem[X,0x80000722] -> 0x0030
[461] [M]: 0x80000720 (0x00300593) addi a1, zero, 3
x11 <- 0x00000003


mem[X,0x80000724] -> 0x1633
mem[X,0x80000726] -> 0x00B5
[462] [M]: 0x80000724 (0x00B51633) sll a2, a0, a1
x12 <- 0xFEFFFFF8


mem[X,0x80000728] -> 0x2223
mem[X,0x8000072A] -> 0x10C9
[463] [M]: 0x80000728 (0x10C92223) sw a2, 260(s2)
mem[0x80003260] <- 0xFEFFFFF8


mem[X,0x8000072C] -> 0x0537
mem[X,0x8000072E] -> 0xFFC0
[464] [M]: 0x8000072C (0xFFC00537) lui a0, 1047552
x10 <- 0xFFC00000


mem[X,0x80000730] -> 0x0513
mem[X,0x80000732] -> 0xFFF5
[465] [M]: 0x80000730 (0xFFF50513) addi a0, a0, 4095
x10 <- 0xFFBFFFFF


mem[X,0x80000734] -> 0x0593
mem[X,0x80000736] -> 0x0150
[466] [M]: 0x80000734 (0x01500593) addi a1, zero, 21
x11 <- 0x00000015


mem[X,0x80000738] -> 0x1633
mem[X,0x8000073A] -> 0x00B5
[467] [M]: 0x80000738 (0x00B51633) sll a2, a0, a1
x12 <- 0xFFE00000


mem[X,0x8000073C] -> 0x2423
mem[X,0x8000073E] -> 0x10C9
[468] [M]: 0x8000073C (0x10C92423) sw a2, 264(s2)
mem[0x80003264] <- 0xFFE00000


mem[X,0x80000740] -> 0x0513
mem[X,0x80000742] -> 0x0050
[469] [M]: 0x80000740 (0x00500513) addi a0, zero, 5
x10 <- 0x00000005


mem[X,0x80000744] -> 0x0593
mem[X,0x80000746] -> 0x00D0
[470] [M]: 0x80000744 (0x00D00593) addi a1, zero, 13
x11 <- 0x0000000D


mem[X,0x80000748] -> 0x1633
mem[X,0x8000074A] -> 0x00B5
[471] [M]: 0x80000748 (0x00B51633) sll a2, a0, a1
x12 <- 0x0000A000


mem[X,0x8000074C] -> 0x2623
mem[X,0x8000074E] -> 0x10C9
[472] [M]: 0x8000074C (0x10C92623) sw a2, 268(s2)
mem[0x80003268] <- 0x0000A000


mem[X,0x80000750] -> 0x8537
mem[X,0x80000752] -> 0xFFFF
[473] [M]: 0x80000750 (0xFFFF8537) lui a0, 1048568
x10 <- 0xFFFF8000


mem[X,0x80000754] -> 0x0513
mem[X,0x80000756] -> 0xFFF5
[474] [M]: 0x80000754 (0xFFF50513) addi a0, a0, 4095
x10 <- 0xFFFF7FFF


mem[X,0x80000758] -> 0x0593
mem[X,0x8000075A] -> 0x0000
[475] [M]: 0x80000758 (0x00000593) addi a1, zero, 0
x11 <- 0x00000000


mem[X,0x8000075C] -> 0x1633
mem[X,0x8000075E] -> 0x00B5
[476] [M]: 0x8000075C (0x00B51633) sll a2, a0, a1
x12 <- 0xFFFF7FFF


mem[X,0x80000760] -> 0x2823
mem[X,0x80000762] -> 0x10C9
[477] [M]: 0x80000760 (0x10C92823) sw a2, 272(s2)
mem[0x8000326C] <- 0xFFFF7FFF


mem[X,0x80000764] -> 0x0537
mem[X,0x80000766] -> 0x8000
[478] [M]: 0x80000764 (0x80000537) lui a0, 524288
x10 <- 0x80000000


mem[X,0x80000768] -> 0x0593
mem[X,0x8000076A] -> 0x0100
[479] [M]: 0x80000768 (0x01000593) addi a1, zero, 16
x11 <- 0x00000010


mem[X,0x8000076C] -> 0x1633
mem[X,0x8000076E] -> 0x00B5
[480] [M]: 0x8000076C (0x00B51633) sll a2, a0, a1
x12 <- 0x00000000


mem[X,0x80000770] -> 0x2A23
mem[X,0x80000772] -> 0x10C9
[481] [M]: 0x80000770 (0x10C92A23) sw a2, 276(s2)
mem[0x80003270] <- 0x00000000


mem[X,0x80000774] -> 0x0513
mem[X,0x80000776] -> 0x0800
[482] [M]: 0x80000774 (0x08000513) addi a0, zero, 128
x10 <- 0x00000080


mem[X,0x80000778] -> 0x0593
mem[X,0x8000077A] -> 0x0100
[483] [M]: 0x80000778 (0x01000593) addi a1, zero, 16
x11 <- 0x00000010


mem[X,0x8000077C] -> 0x1633
mem[X,0x8000077E] -> 0x00B5
[484] [M]: 0x8000077C (0x00B51633) sll a2, a0, a1
x12 <- 0x00800000


mem[X,0x80000780] -> 0x2C23
mem[X,0x80000782] -> 0x10C9
[485] [M]: 0x80000780 (0x10C92C23) sw a2, 280(s2)
mem[0x80003274] <- 0x00800000


mem[X,0x80000784] -> 0x006F
mem[X,0x80000786] -> 0x0200
[486] [M]: 0x80000784 (0x0200006F) jal zero, 32


mem[X,0x800007A4] -> 0x0093
mem[X,0x800007A6] -> 0x0010
[487] [M]: 0x800007A4 (0x00100093) addi ra, zero, 1
x1 <- 0x00000001


mem[X,0x800007A8] -> 0x1F17
mem[X,0x800007AA] -> 0x0000
[488] [M]: 0x800007A8 (0x00001F17) auipc t5, 1
x30 <- 0x800017A8


mem[X,0x800007AC] -> 0x2C23
mem[X,0x800007AE] -> 0x841F
[489] [M]: 0x800007AC (0x841F2C23) sw ra, 2136(t5)
htif[0x80001000] <- 0x00000001


mem[X,0x800007B0] -> 0xF06F
mem[X,0x800007B2] -> 0xFF9F
[490] [M]: 0x800007B0 (0xFF9FF06F) jal zero, 2097144


mem[X,0x800007A8] -> 0x1F17
mem[X,0x800007AA] -> 0x0000
[491] [M]: 0x800007A8 (0x00001F17) auipc t5, 1
x30 <- 0x800017A8


mem[X,0x800007AC] -> 0x2C23
mem[X,0x800007AE] -> 0x841F
[492] [M]: 0x800007AC (0x841F2C23) sw ra, 2136(t5)
htif[0x80001000] <- 0x00000001


mem[X,0x800007B0] -> 0xF06F
mem[X,0x800007B2] -> 0xFF9F
[493] [M]: 0x800007B0 (0xFF9FF06F) jal zero, 2097144


mem[X,0x800007A8] -> 0x1F17
mem[X,0x800007AA] -> 0x0000
[494] [M]: 0x800007A8 (0x00001F17) auipc t5, 1
x30 <- 0x800017A8


mem[X,0x800007AC] -> 0x2C23
mem[X,0x800007AE] -> 0x841F
[495] [M]: 0x800007AC (0x841F2C23) sw ra, 2136(t5)
htif[0x80001000] <- 0x00000001
htif-syscall-proxy cmd: 0x000000000001

SUCCESS
