using /home/abdul_waheed/github_files/UET-Pcore-with-c-ext/verif/riscof_work/I/src/auipc-01.S/ref/Reference-sail_c_simulator.signature for test-signature output.
[Sail] Allocating new block 0x80000000
tohost located at 0x80001000
[Sail] Allocating new block 0x0

Running file ref.elf.
ELF Entry @ 0x80000000
begin_signature: 0x80003110
end_signature: 0x80003220
CSR mstatus <- 0x00000000 (input: 0x00000000)
mem[X,0x00001000] -> 0x0297
mem[X,0x00001002] -> 0x0000
[0] [M]: 0x00001000 (0x00000297) auipc t0, 0
x5 <- 0x00001000


mem[X,0x00001004] -> 0x8593
mem[X,0x00001006] -> 0x0202
[1] [M]: 0x00001004 (0x02028593) addi a1, t0, 32
x11 <- 0x00001020


mem[X,0x00001008] -> 0x2573
mem[X,0x0000100A] -> 0xF140
[2] [M]: 0x00001008 (0xF1402573) csrrs a0, mhartid, zero
CSR mhartid -> 0x00000000
x10 <- 0x00000000


mem[X,0x0000100C] -> 0xA283
mem[X,0x0000100E] -> 0x0182
[3] [M]: 0x0000100C (0x0182A283) lw t0, 24(t0)
mem[R,0x00001018] -> 0x80000000
x5 <- 0x80000000


mem[X,0x00001010] -> 0x8067
mem[X,0x00001012] -> 0x0002
[4] [M]: 0x00001010 (0x00028067) jalr zero, t0, 0


mem[X,0x80000000] -> 0xC0B7
mem[X,0x80000002] -> 0xFEED
[5] [M]: 0x80000000 (0xFEEDC0B7) lui ra, 1044188
x1 <- 0xFEEDC000


mem[X,0x80000004] -> 0x8093
mem[X,0x80000006] -> 0xEAD0
[6] [M]: 0x80000004 (0xEAD08093) addi ra, ra, 3757
x1 <- 0xFEEDBEAD


mem[X,0x80000008] -> 0xE137
mem[X,0x8000000A] -> 0xFF76
[7] [M]: 0x80000008 (0xFF76E137) lui sp, 1046382
x2 <- 0xFF76E000


mem[X,0x8000000C] -> 0x0113
mem[X,0x8000000E] -> 0xF561
[8] [M]: 0x8000000C (0xF5610113) addi sp, sp, 3926
x2 <- 0xFF76DF56


mem[X,0x80000010] -> 0x71B7
mem[X,0x80000012] -> 0x7FBB
[9] [M]: 0x80000010 (0x7FBB71B7) lui gp, 523191
x3 <- 0x7FBB7000


mem[X,0x80000014] -> 0x8193
mem[X,0x80000016] -> 0xFAB1
[10] [M]: 0x80000014 (0xFAB18193) addi gp, gp, 4011
x3 <- 0x7FBB6FAB


mem[X,0x80000018] -> 0xB237
mem[X,0x8000001A] -> 0xBFDD
[11] [M]: 0x80000018 (0xBFDDB237) lui tp, 785883
x4 <- 0xBFDDB000


mem[X,0x8000001C] -> 0x0213
mem[X,0x8000001E] -> 0x7D52
[12] [M]: 0x8000001C (0x7D520213) addi tp, tp, 2005
x4 <- 0xBFDDB7D5


mem[X,0x80000020] -> 0xE2B7
mem[X,0x80000022] -> 0xDFEE
[13] [M]: 0x80000020 (0xDFEEE2B7) lui t0, 917230
x5 <- 0xDFEEE000


mem[X,0x80000024] -> 0x8293
mem[X,0x80000026] -> 0xBEA2
[14] [M]: 0x80000024 (0xBEA28293) addi t0, t0, 3050
x5 <- 0xDFEEDBEA


mem[X,0x80000028] -> 0x7337
mem[X,0x8000002A] -> 0x6FF7
[15] [M]: 0x80000028 (0x6FF77337) lui t1, 458615
x6 <- 0x6FF77000


mem[X,0x8000002C] -> 0x0313
mem[X,0x8000002E] -> 0xDF53
[16] [M]: 0x8000002C (0xDF530313) addi t1, t1, 3573
x6 <- 0x6FF76DF5


mem[X,0x80000030] -> 0xB3B7
mem[X,0x80000032] -> 0xB7FB
[17] [M]: 0x80000030 (0xB7FBB3B7) lui t2, 753595
x7 <- 0xB7FBB000


mem[X,0x80000034] -> 0x8393
mem[X,0x80000036] -> 0x6FA3
[18] [M]: 0x80000034 (0x6FA38393) addi t2, t2, 1786
x7 <- 0xB7FBB6FA


mem[X,0x80000038] -> 0xE437
mem[X,0x8000003A] -> 0x5BFD
[19] [M]: 0x80000038 (0x5BFDE437) lui fp, 376798
x8 <- 0x5BFDE000


mem[X,0x8000003C] -> 0x0413
mem[X,0x8000003E] -> 0xB7D4
[20] [M]: 0x8000003C (0xB7D40413) addi fp, fp, 2941
x8 <- 0x5BFDDB7D


mem[X,0x80000040] -> 0xF4B7
mem[X,0x80000042] -> 0xADFE
[21] [M]: 0x80000040 (0xADFEF4B7) lui s1, 712687
x9 <- 0xADFEF000


mem[X,0x80000044] -> 0x8493
mem[X,0x80000046] -> 0xDBE4
[22] [M]: 0x80000044 (0xDBE48493) addi s1, s1, 3518
x9 <- 0xADFEEDBE


mem[X,0x80000048] -> 0x7537
mem[X,0x8000004A] -> 0x56FF
[23] [M]: 0x80000048 (0x56FF7537) lui a0, 356343
x10 <- 0x56FF7000


mem[X,0x8000004C] -> 0x0513
mem[X,0x8000004E] -> 0x6DF5
[24] [M]: 0x8000004C (0x6DF50513) addi a0, a0, 1759
x10 <- 0x56FF76DF


mem[X,0x80000050] -> 0xC5B7
mem[X,0x80000052] -> 0xAB7F
[25] [M]: 0x80000050 (0xAB7FC5B7) lui a1, 702460
x11 <- 0xAB7FC000


mem[X,0x80000054] -> 0x8593
mem[X,0x80000056] -> 0xB6F5
[26] [M]: 0x80000054 (0xB6F58593) addi a1, a1, 2927
x11 <- 0xAB7FBB6F


mem[X,0x80000058] -> 0xE637
mem[X,0x8000005A] -> 0xD5BF
[27] [M]: 0x80000058 (0xD5BFE637) lui a2, 875518
x12 <- 0xD5BFE000


mem[X,0x8000005C] -> 0x0613
mem[X,0x8000005E] -> 0xDB76
[28] [M]: 0x8000005C (0xDB760613) addi a2, a2, 3511
x12 <- 0xD5BFDDB7


mem[X,0x80000060] -> 0xF6B7
mem[X,0x80000062] -> 0xEADF
[29] [M]: 0x80000060 (0xEADFF6B7) lui a3, 962047
x13 <- 0xEADFF000


mem[X,0x80000064] -> 0x8693
mem[X,0x80000066] -> 0xEDB6
[30] [M]: 0x80000064 (0xEDB68693) addi a3, a3, 3803
x13 <- 0xEADFEEDB


mem[X,0x80000068] -> 0xF737
mem[X,0x8000006A] -> 0xF56F
[31] [M]: 0x80000068 (0xF56FF737) lui a4, 1005311
x14 <- 0xF56FF000


mem[X,0x8000006C] -> 0x0713
mem[X,0x8000006E] -> 0x76D7
[32] [M]: 0x8000006C (0x76D70713) addi a4, a4, 1901
x14 <- 0xF56FF76D


mem[X,0x80000070] -> 0x07B7
mem[X,0x80000072] -> 0xFAB8
[33] [M]: 0x80000070 (0xFAB807B7) lui a5, 1026944
x15 <- 0xFAB80000


mem[X,0x80000074] -> 0x8793
mem[X,0x80000076] -> 0xBB67
[34] [M]: 0x80000074 (0xBB678793) addi a5, a5, 2998
x15 <- 0xFAB7FBB6


mem[X,0x80000078] -> 0x0837
mem[X,0x8000007A] -> 0x7D5C
[35] [M]: 0x80000078 (0x7D5C0837) lui a6, 513472
x16 <- 0x7D5C0000


mem[X,0x8000007C] -> 0x0813
mem[X,0x8000007E] -> 0xDDB8
[36] [M]: 0x8000007C (0xDDB80813) addi a6, a6, 3547
x16 <- 0x7D5BFDDB


mem[X,0x80000080] -> 0x08B7
mem[X,0x80000082] -> 0xBEAE
[37] [M]: 0x80000080 (0xBEAE08B7) lui a7, 781024
x17 <- 0xBEAE0000


mem[X,0x80000084] -> 0x8893
mem[X,0x80000086] -> 0xEED8
[38] [M]: 0x80000084 (0xEED88893) addi a7, a7, 3821
x17 <- 0xBEADFEED


mem[X,0x80000088] -> 0x0937
mem[X,0x8000008A] -> 0xDF57
[39] [M]: 0x80000088 (0xDF570937) lui s2, 914800
x18 <- 0xDF570000


mem[X,0x8000008C] -> 0x0913
mem[X,0x8000008E] -> 0xF769
[40] [M]: 0x8000008C (0xF7690913) addi s2, s2, 3958
x18 <- 0xDF56FF76


mem[X,0x80000090] -> 0x89B7
mem[X,0x80000092] -> 0x6FAB
[41] [M]: 0x80000090 (0x6FAB89B7) lui s3, 457400
x19 <- 0x6FAB8000


mem[X,0x80000094] -> 0x8993
mem[X,0x80000096] -> 0xFBB9
[42] [M]: 0x80000094 (0xFBB98993) addi s3, s3, 4027
x19 <- 0x6FAB7FBB


mem[X,0x80000098] -> 0xCA37
mem[X,0x8000009A] -> 0xB7D5
[43] [M]: 0x80000098 (0xB7D5CA37) lui s4, 752988
x20 <- 0xB7D5C000


mem[X,0x8000009C] -> 0x0A13
mem[X,0x8000009E] -> 0xFDDA
[44] [M]: 0x8000009C (0xFDDA0A13) addi s4, s4, 4061
x20 <- 0xB7D5BFDD


mem[X,0x800000A0] -> 0xEAB7
mem[X,0x800000A2] -> 0xDBEA
[45] [M]: 0x800000A0 (0xDBEAEAB7) lui s5, 900782
x21 <- 0xDBEAE000


mem[X,0x800000A4] -> 0x8A93
mem[X,0x800000A6] -> 0xFEEA
[46] [M]: 0x800000A4 (0xFEEA8A93) addi s5, s5, 4078
x21 <- 0xDBEADFEE


mem[X,0x800000A8] -> 0x7B37
mem[X,0x800000AA] -> 0x6DF5
[47] [M]: 0x800000A8 (0x6DF57B37) lui s6, 450391
x22 <- 0x6DF57000


mem[X,0x800000AC] -> 0x0B13
mem[X,0x800000AE] -> 0xFF7B
[48] [M]: 0x800000AC (0xFF7B0B13) addi s6, s6, 4087
x22 <- 0x6DF56FF7


mem[X,0x800000B0] -> 0xBBB7
mem[X,0x800000B2] -> 0xB6FA
[49] [M]: 0x800000B0 (0xB6FABBB7) lui s7, 749483
x23 <- 0xB6FAB000


mem[X,0x800000B4] -> 0x8B93
mem[X,0x800000B6] -> 0x7FBB
[50] [M]: 0x800000B4 (0x7FBB8B93) addi s7, s7, 2043
x23 <- 0xB6FAB7FB


mem[X,0x800000B8] -> 0x6C37
mem[X,0x800000BA] -> 0xDB7D
[51] [M]: 0x800000B8 (0xDB7D6C37) lui s8, 899030
x24 <- 0xDB7D6000


mem[X,0x800000BC] -> 0x0C13
mem[X,0x800000BE] -> 0xBFDC
[52] [M]: 0x800000BC (0xBFDC0C13) addi s8, s8, 3069
x24 <- 0xDB7D5BFD


mem[X,0x800000C0] -> 0xBCB7
mem[X,0x800000C2] -> 0xEDBE
[53] [M]: 0x800000C0 (0xEDBEBCB7) lui s9, 973803
x25 <- 0xEDBEB000


mem[X,0x800000C4] -> 0x8C93
mem[X,0x800000C6] -> 0xDFEC
[54] [M]: 0x800000C4 (0xDFEC8C93) addi s9, s9, 3582
x25 <- 0xEDBEADFE


mem[X,0x800000C8] -> 0x5D37
mem[X,0x800000CA] -> 0x76DF
[55] [M]: 0x800000C8 (0x76DF5D37) lui s10, 486901
x26 <- 0x76DF5000


mem[X,0x800000CC] -> 0x0D13
mem[X,0x800000CE] -> 0x6FFD
[56] [M]: 0x800000CC (0x6FFD0D13) addi s10, s10, 1791
x26 <- 0x76DF56FF


mem[X,0x800000D0] -> 0xBDB7
mem[X,0x800000D2] -> 0xBB6F
[57] [M]: 0x800000D0 (0xBB6FBDB7) lui s11, 767739
x27 <- 0xBB6FB000


mem[X,0x800000D4] -> 0x8D93
mem[X,0x800000D6] -> 0xB7FD
[58] [M]: 0x800000D4 (0xB7FD8D93) addi s11, s11, 2943
x27 <- 0xBB6FAB7F


mem[X,0x800000D8] -> 0xDE37
mem[X,0x800000DA] -> 0xDDB7
[59] [M]: 0x800000D8 (0xDDB7DE37) lui t3, 908157
x28 <- 0xDDB7D000


mem[X,0x800000DC] -> 0x0E13
mem[X,0x800000DE] -> 0x5BFE
[60] [M]: 0x800000DC (0x5BFE0E13) addi t3, t3, 1471
x28 <- 0xDDB7D5BF


mem[X,0x800000E0] -> 0xFEB7
mem[X,0x800000E2] -> 0xEEDB
[61] [M]: 0x800000E0 (0xEEDBFEB7) lui t4, 978367
x29 <- 0xEEDBF000


mem[X,0x800000E4] -> 0x8E93
mem[X,0x800000E6] -> 0xADFE
[62] [M]: 0x800000E4 (0xADFE8E93) addi t4, t4, 2783
x29 <- 0xEEDBEADF


mem[X,0x800000E8] -> 0xFF37
mem[X,0x800000EA] -> 0xF76D
[63] [M]: 0x800000E8 (0xF76DFF37) lui t5, 1013471
x30 <- 0xF76DF000


mem[X,0x800000EC] -> 0x0F13
mem[X,0x800000EE] -> 0x56FF
[64] [M]: 0x800000EC (0x56FF0F13) addi t5, t5, 1391
x30 <- 0xF76DF56F


mem[X,0x800000F0] -> 0x0FB7
mem[X,0x800000F2] -> 0xFBB7
[65] [M]: 0x800000F0 (0xFBB70FB7) lui t6, 1031024
x31 <- 0xFBB70000


mem[X,0x800000F4] -> 0x8F93
mem[X,0x800000F6] -> 0xAB7F
[66] [M]: 0x800000F4 (0xAB7F8F93) addi t6, t6, 2743
x31 <- 0xFBB6FAB7


mem[X,0x800000F8] -> 0x0013
mem[X,0x800000FA] -> 0x0000
[67] [M]: 0x800000F8 (0x00000013) addi zero, zero, 0


mem[X,0x800000FC] -> 0x0013
mem[X,0x800000FE] -> 0x0000
[68] [M]: 0x800000FC (0x00000013) addi zero, zero, 0


mem[X,0x80000100] -> 0x3597
mem[X,0x80000102] -> 0x0000
[69] [M]: 0x80000100 (0x00003597) auipc a1, 3
x11 <- 0x80003100


mem[X,0x80000104] -> 0x8593
mem[X,0x80000106] -> 0x0145
[70] [M]: 0x80000104 (0x01458593) addi a1, a1, 20
x11 <- 0x80003114


mem[X,0x80000108] -> 0x0013
mem[X,0x8000010A] -> 0x0000
[71] [M]: 0x80000108 (0x00000013) addi zero, zero, 0


mem[X,0x8000010C] -> 0x0013
mem[X,0x8000010E] -> 0x0000
[72] [M]: 0x8000010C (0x00000013) addi zero, zero, 0


mem[X,0x80000110] -> 0x0013
mem[X,0x80000112] -> 0x0000
[73] [M]: 0x80000110 (0x00000013) addi zero, zero, 0


mem[X,0x80000114] -> 0x0013
mem[X,0x80000116] -> 0x0000
[74] [M]: 0x80000114 (0x00000013) addi zero, zero, 0


mem[X,0x80000118] -> 0x0013
mem[X,0x8000011A] -> 0x0000
[75] [M]: 0x80000118 (0x00000013) addi zero, zero, 0


mem[X,0x8000011C] -> 0x0013
mem[X,0x8000011E] -> 0x0000
[76] [M]: 0x8000011C (0x00000013) addi zero, zero, 0


mem[X,0x80000120] -> 0x0617
mem[X,0x80000122] -> 0x0000
[77] [M]: 0x80000120 (0x00000617) auipc a2, 0
x12 <- 0x80000120


mem[X,0x80000124] -> 0x0613
mem[X,0x80000126] -> 0x0086
[78] [M]: 0x80000124 (0x00860613) addi a2, a2, 8
x12 <- 0x80000128


mem[X,0x80000128] -> 0x0A17
mem[X,0x8000012A] -> 0x0000
[79] [M]: 0x80000128 (0x00000A17) auipc s4, 0
x20 <- 0x80000128


mem[X,0x8000012C] -> 0x0A33
mem[X,0x8000012E] -> 0x40CA
[80] [M]: 0x8000012C (0x40CA0A33) sub s4, s4, a2
x20 <- 0x00000000


mem[X,0x80000130] -> 0xA023
mem[X,0x80000132] -> 0x0145
[81] [M]: 0x80000130 (0x0145A023) sw s4, 0(a1)
mem[0x80003114] <- 0x00000000


mem[X,0x80000134] -> 0x0617
mem[X,0x80000136] -> 0x0000
[82] [M]: 0x80000134 (0x00000617) auipc a2, 0
x12 <- 0x80000134


mem[X,0x80000138] -> 0x0613
mem[X,0x8000013A] -> 0x0086
[83] [M]: 0x80000138 (0x00860613) addi a2, a2, 8
x12 <- 0x8000013C


mem[X,0x8000013C] -> 0xE897
mem[X,0x8000013E] -> 0x0000
[84] [M]: 0x8000013C (0x0000E897) auipc a7, 14
x17 <- 0x8000E13C


mem[X,0x80000140] -> 0x88B3
mem[X,0x80000142] -> 0x40C8
[85] [M]: 0x80000140 (0x40C888B3) sub a7, a7, a2
x17 <- 0x0000E000


mem[X,0x80000144] -> 0xA223
mem[X,0x80000146] -> 0x0115
[86] [M]: 0x80000144 (0x0115A223) sw a7, 4(a1)
mem[0x80003118] <- 0x0000E000


mem[X,0x80000148] -> 0x0617
mem[X,0x8000014A] -> 0x0000
[87] [M]: 0x80000148 (0x00000617) auipc a2, 0
x12 <- 0x80000148


mem[X,0x8000014C] -> 0x0613
mem[X,0x8000014E] -> 0x0086
[88] [M]: 0x8000014C (0x00860613) addi a2, a2, 8
x12 <- 0x80000150


mem[X,0x80000150] -> 0xF217
mem[X,0x80000152] -> 0xFFFF
[89] [M]: 0x80000150 (0xFFFFF217) auipc tp, 1048575
x4 <- 0x7FFFF150


mem[X,0x80000154] -> 0x0233
mem[X,0x80000156] -> 0x40C2
[90] [M]: 0x80000154 (0x40C20233) sub tp, tp, a2
x4 <- 0xFFFFF000


mem[X,0x80000158] -> 0xA423
mem[X,0x8000015A] -> 0x0045
[91] [M]: 0x80000158 (0x0045A423) sw tp, 8(a1)
mem[0x8000311C] <- 0xFFFFF000


mem[X,0x8000015C] -> 0x0617
mem[X,0x8000015E] -> 0x0000
[92] [M]: 0x8000015C (0x00000617) auipc a2, 0
x12 <- 0x8000015C


mem[X,0x80000160] -> 0x0613
mem[X,0x80000162] -> 0x0086
[93] [M]: 0x80000160 (0x00860613) addi a2, a2, 8
x12 <- 0x80000164


mem[X,0x80000164] -> 0x3C17
mem[X,0x80000166] -> 0x0000
[94] [M]: 0x80000164 (0x00003C17) auipc s8, 3
x24 <- 0x80003164


mem[X,0x80000168] -> 0x0C33
mem[X,0x8000016A] -> 0x40CC
[95] [M]: 0x80000168 (0x40CC0C33) sub s8, s8, a2
x24 <- 0x00003000


mem[X,0x8000016C] -> 0xA623
mem[X,0x8000016E] -> 0x0185
[96] [M]: 0x8000016C (0x0185A623) sw s8, 12(a1)
mem[0x80003120] <- 0x00003000


mem[X,0x80000170] -> 0x0617
mem[X,0x80000172] -> 0x0000
[97] [M]: 0x80000170 (0x00000617) auipc a2, 0
x12 <- 0x80000170


mem[X,0x80000174] -> 0x0613
mem[X,0x80000176] -> 0x0086
[98] [M]: 0x80000174 (0x00860613) addi a2, a2, 8
x12 <- 0x80000178


mem[X,0x80000178] -> 0x5A97
mem[X,0x8000017A] -> 0x5555
[99] [M]: 0x80000178 (0x55555A97) auipc s5, 349525
x21 <- 0xD5555178


clint::tick mtime <- 0x0000000000000001
 clint timer pending at mtime 0x0000000000000001
htif::tick 0x0000000000000000
mem[X,0x8000017C] -> 0x8AB3
mem[X,0x8000017E] -> 0x40CA
[100] [M]: 0x8000017C (0x40CA8AB3) sub s5, s5, a2
x21 <- 0x55555000


mem[X,0x80000180] -> 0xA823
mem[X,0x80000182] -> 0x0155
[101] [M]: 0x80000180 (0x0155A823) sw s5, 16(a1)
mem[0x80003124] <- 0x55555000


mem[X,0x80000184] -> 0x0617
mem[X,0x80000186] -> 0x0000
[102] [M]: 0x80000184 (0x00000617) auipc a2, 0
x12 <- 0x80000184


mem[X,0x80000188] -> 0x0613
mem[X,0x8000018A] -> 0x0086
[103] [M]: 0x80000188 (0x00860613) addi a2, a2, 8
x12 <- 0x8000018C


mem[X,0x8000018C] -> 0xA417
mem[X,0x8000018E] -> 0xAAAA
[104] [M]: 0x8000018C (0xAAAAA417) auipc fp, 699050
x8 <- 0x2AAAA18C


mem[X,0x80000190] -> 0x0433
mem[X,0x80000192] -> 0x40C4
[105] [M]: 0x80000190 (0x40C40433) sub fp, fp, a2
x8 <- 0xAAAAA000


mem[X,0x80000194] -> 0xAA23
mem[X,0x80000196] -> 0x0085
[106] [M]: 0x80000194 (0x0085AA23) sw fp, 20(a1)
mem[0x80003128] <- 0xAAAAA000


mem[X,0x80000198] -> 0x0617
mem[X,0x8000019A] -> 0x0000
[107] [M]: 0x80000198 (0x00000617) auipc a2, 0
x12 <- 0x80000198


mem[X,0x8000019C] -> 0x0613
mem[X,0x8000019E] -> 0x0086
[108] [M]: 0x8000019C (0x00860613) addi a2, a2, 8
x12 <- 0x800001A0


mem[X,0x800001A0] -> 0x5717
mem[X,0x800001A2] -> 0x0000
[109] [M]: 0x800001A0 (0x00005717) auipc a4, 5
x14 <- 0x800051A0


mem[X,0x800001A4] -> 0x0733
mem[X,0x800001A6] -> 0x40C7
[110] [M]: 0x800001A4 (0x40C70733) sub a4, a4, a2
x14 <- 0x00005000


mem[X,0x800001A8] -> 0xAC23
mem[X,0x800001AA] -> 0x00E5
[111] [M]: 0x800001A8 (0x00E5AC23) sw a4, 24(a1)
mem[0x8000312C] <- 0x00005000


mem[X,0x800001AC] -> 0x0617
mem[X,0x800001AE] -> 0x0000
[112] [M]: 0x800001AC (0x00000617) auipc a2, 0
x12 <- 0x800001AC


mem[X,0x800001B0] -> 0x0613
mem[X,0x800001B2] -> 0x0086
[113] [M]: 0x800001B0 (0x00860613) addi a2, a2, 8
x12 <- 0x800001B4


mem[X,0x800001B4] -> 0x3D17
mem[X,0x800001B6] -> 0x3333
[114] [M]: 0x800001B4 (0x33333D17) auipc s10, 209715
x26 <- 0xB33331B4


mem[X,0x800001B8] -> 0x0D33
mem[X,0x800001BA] -> 0x40CD
[115] [M]: 0x800001B8 (0x40CD0D33) sub s10, s10, a2
x26 <- 0x33333000


mem[X,0x800001BC] -> 0xAE23
mem[X,0x800001BE] -> 0x01A5
[116] [M]: 0x800001BC (0x01A5AE23) sw s10, 28(a1)
mem[0x80003130] <- 0x33333000


mem[X,0x800001C0] -> 0x0617
mem[X,0x800001C2] -> 0x0000
[117] [M]: 0x800001C0 (0x00000617) auipc a2, 0
x12 <- 0x800001C0


mem[X,0x800001C4] -> 0x0613
mem[X,0x800001C6] -> 0x0086
[118] [M]: 0x800001C4 (0x00860613) addi a2, a2, 8
x12 <- 0x800001C8


mem[X,0x800001C8] -> 0x6497
mem[X,0x800001CA] -> 0x6666
[119] [M]: 0x800001C8 (0x66666497) auipc s1, 419430
x9 <- 0xE66661C8


mem[X,0x800001CC] -> 0x84B3
mem[X,0x800001CE] -> 0x40C4
[120] [M]: 0x800001CC (0x40C484B3) sub s1, s1, a2
x9 <- 0x66666000


mem[X,0x800001D0] -> 0xA023
mem[X,0x800001D2] -> 0x0295
[121] [M]: 0x800001D0 (0x0295A023) sw s1, 32(a1)
mem[0x80003134] <- 0x66666000


mem[X,0x800001D4] -> 0x0617
mem[X,0x800001D6] -> 0x0000
[122] [M]: 0x800001D4 (0x00000617) auipc a2, 0
x12 <- 0x800001D4


mem[X,0x800001D8] -> 0x0613
mem[X,0x800001DA] -> 0x0086
[123] [M]: 0x800001D8 (0x00860613) addi a2, a2, 8
x12 <- 0x800001DC


mem[X,0x800001DC] -> 0x4797
mem[X,0x800001DE] -> 0x002D
[124] [M]: 0x800001DC (0x002D4797) auipc a5, 724
x15 <- 0x802D41DC


mem[X,0x800001E0] -> 0x87B3
mem[X,0x800001E2] -> 0x40C7
[125] [M]: 0x800001E0 (0x40C787B3) sub a5, a5, a2
x15 <- 0x002D4000


mem[X,0x800001E4] -> 0xA223
mem[X,0x800001E6] -> 0x02F5
[126] [M]: 0x800001E4 (0x02F5A223) sw a5, 36(a1)
mem[0x80003138] <- 0x002D4000


mem[X,0x800001E8] -> 0x0617
mem[X,0x800001EA] -> 0x0000
[127] [M]: 0x800001E8 (0x00000617) auipc a2, 0
x12 <- 0x800001E8


mem[X,0x800001EC] -> 0x0613
mem[X,0x800001EE] -> 0x0086
[128] [M]: 0x800001EC (0x00860613) addi a2, a2, 8
x12 <- 0x800001F0


mem[X,0x800001F0] -> 0xF917
mem[X,0x800001F2] -> 0x003F
[129] [M]: 0x800001F0 (0x003FF917) auipc s2, 1023
x18 <- 0x803FF1F0


mem[X,0x800001F4] -> 0x0933
mem[X,0x800001F6] -> 0x40C9
[130] [M]: 0x800001F4 (0x40C90933) sub s2, s2, a2
x18 <- 0x003FF000


mem[X,0x800001F8] -> 0xA423
mem[X,0x800001FA] -> 0x0325
[131] [M]: 0x800001F8 (0x0325A423) sw s2, 40(a1)
mem[0x8000313C] <- 0x003FF000


mem[X,0x800001FC] -> 0x0617
mem[X,0x800001FE] -> 0x0000
[132] [M]: 0x800001FC (0x00000617) auipc a2, 0
x12 <- 0x800001FC


mem[X,0x80000200] -> 0x0613
mem[X,0x80000202] -> 0x0086
[133] [M]: 0x80000200 (0x00860613) addi a2, a2, 8
x12 <- 0x80000204


mem[X,0x80000204] -> 0x2517
mem[X,0x80000206] -> 0x0000
[134] [M]: 0x80000204 (0x00002517) auipc a0, 2
x10 <- 0x80002204


mem[X,0x80000208] -> 0x0533
mem[X,0x8000020A] -> 0x40C5
[135] [M]: 0x80000208 (0x40C50533) sub a0, a0, a2
x10 <- 0x00002000


mem[X,0x8000020C] -> 0xA623
mem[X,0x8000020E] -> 0x02A5
[136] [M]: 0x8000020C (0x02A5A623) sw a0, 44(a1)
mem[0x80003140] <- 0x00002000


mem[X,0x80000210] -> 0x0617
mem[X,0x80000212] -> 0x0000
[137] [M]: 0x80000210 (0x00000617) auipc a2, 0
x12 <- 0x80000210


mem[X,0x80000214] -> 0x0613
mem[X,0x80000216] -> 0x0086
[138] [M]: 0x80000214 (0x00860613) addi a2, a2, 8
x12 <- 0x80000218


mem[X,0x80000218] -> 0x4397
mem[X,0x8000021A] -> 0x5555
[139] [M]: 0x80000218 (0x55554397) auipc t2, 349524
x7 <- 0xD5554218


mem[X,0x8000021C] -> 0x83B3
mem[X,0x8000021E] -> 0x40C3
[140] [M]: 0x8000021C (0x40C383B3) sub t2, t2, a2
x7 <- 0x55554000


mem[X,0x80000220] -> 0xA823
mem[X,0x80000222] -> 0x0275
[141] [M]: 0x80000220 (0x0275A823) sw t2, 48(a1)
mem[0x80003144] <- 0x55554000


mem[X,0x80000224] -> 0x0617
mem[X,0x80000226] -> 0x0000
[142] [M]: 0x80000224 (0x00000617) auipc a2, 0
x12 <- 0x80000224


mem[X,0x80000228] -> 0x0613
mem[X,0x8000022A] -> 0x0086
[143] [M]: 0x80000228 (0x00860613) addi a2, a2, 8
x12 <- 0x8000022C


mem[X,0x8000022C] -> 0x9097
mem[X,0x8000022E] -> 0xAAAA
[144] [M]: 0x8000022C (0xAAAA9097) auipc ra, 699049
x1 <- 0x2AAA922C


mem[X,0x80000230] -> 0x80B3
mem[X,0x80000232] -> 0x40C0
[145] [M]: 0x80000230 (0x40C080B3) sub ra, ra, a2
x1 <- 0xAAAA9000


mem[X,0x80000234] -> 0xAA23
mem[X,0x80000236] -> 0x0215
[146] [M]: 0x80000234 (0x0215AA23) sw ra, 52(a1)
mem[0x80003148] <- 0xAAAA9000


mem[X,0x80000238] -> 0x0617
mem[X,0x8000023A] -> 0x0000
[147] [M]: 0x80000238 (0x00000617) auipc a2, 0
x12 <- 0x80000238


mem[X,0x8000023C] -> 0x0613
mem[X,0x8000023E] -> 0x0086
[148] [M]: 0x8000023C (0x00860613) addi a2, a2, 8
x12 <- 0x80000240


mem[X,0x80000240] -> 0x4C97
mem[X,0x80000242] -> 0x0000
[149] [M]: 0x80000240 (0x00004C97) auipc s9, 4
x25 <- 0x80004240


mem[X,0x80000244] -> 0x8CB3
mem[X,0x80000246] -> 0x40CC
[150] [M]: 0x80000244 (0x40CC8CB3) sub s9, s9, a2
x25 <- 0x00004000


mem[X,0x80000248] -> 0xAC23
mem[X,0x8000024A] -> 0x0395
[151] [M]: 0x80000248 (0x0395AC23) sw s9, 56(a1)
mem[0x8000314C] <- 0x00004000


mem[X,0x8000024C] -> 0x0617
mem[X,0x8000024E] -> 0x0000
[152] [M]: 0x8000024C (0x00000617) auipc a2, 0
x12 <- 0x8000024C


mem[X,0x80000250] -> 0x0613
mem[X,0x80000252] -> 0x0086
[153] [M]: 0x80000250 (0x00860613) addi a2, a2, 8
x12 <- 0x80000254


mem[X,0x80000254] -> 0x2B97
mem[X,0x80000256] -> 0x3333
[154] [M]: 0x80000254 (0x33332B97) auipc s7, 209714
x23 <- 0xB3332254


mem[X,0x80000258] -> 0x8BB3
mem[X,0x8000025A] -> 0x40CB
[155] [M]: 0x80000258 (0x40CB8BB3) sub s7, s7, a2
x23 <- 0x33332000


mem[X,0x8000025C] -> 0xAE23
mem[X,0x8000025E] -> 0x0375
[156] [M]: 0x8000025C (0x0375AE23) sw s7, 60(a1)
mem[0x80003150] <- 0x33332000


mem[X,0x80000260] -> 0x0617
mem[X,0x80000262] -> 0x0000
[157] [M]: 0x80000260 (0x00000617) auipc a2, 0
x12 <- 0x80000260


mem[X,0x80000264] -> 0x0613
mem[X,0x80000266] -> 0x0086
[158] [M]: 0x80000264 (0x00860613) addi a2, a2, 8
x12 <- 0x80000268


mem[X,0x80000268] -> 0x5F97
mem[X,0x8000026A] -> 0x6666
[159] [M]: 0x80000268 (0x66665F97) auipc t6, 419429
x31 <- 0xE6665268


mem[X,0x8000026C] -> 0x8FB3
mem[X,0x8000026E] -> 0x40CF
[160] [M]: 0x8000026C (0x40CF8FB3) sub t6, t6, a2
x31 <- 0x66665000


mem[X,0x80000270] -> 0xA023
mem[X,0x80000272] -> 0x05F5
[161] [M]: 0x80000270 (0x05F5A023) sw t6, 64(a1)
mem[0x80003154] <- 0x66665000


mem[X,0x80000274] -> 0x0617
mem[X,0x80000276] -> 0x0000
[162] [M]: 0x80000274 (0x00000617) auipc a2, 0
x12 <- 0x80000274


mem[X,0x80000278] -> 0x0613
mem[X,0x8000027A] -> 0x0086
[163] [M]: 0x80000278 (0x00860613) addi a2, a2, 8
x12 <- 0x8000027C


mem[X,0x8000027C] -> 0x3297
mem[X,0x8000027E] -> 0x002D
[164] [M]: 0x8000027C (0x002D3297) auipc t0, 723
x5 <- 0x802D327C


mem[X,0x80000280] -> 0x82B3
mem[X,0x80000282] -> 0x40C2
[165] [M]: 0x80000280 (0x40C282B3) sub t0, t0, a2
x5 <- 0x002D3000


mem[X,0x80000284] -> 0xA223
mem[X,0x80000286] -> 0x0455
[166] [M]: 0x80000284 (0x0455A223) sw t0, 68(a1)
mem[0x80003158] <- 0x002D3000


mem[X,0x80000288] -> 0x0617
mem[X,0x8000028A] -> 0x0000
[167] [M]: 0x80000288 (0x00000617) auipc a2, 0
x12 <- 0x80000288


mem[X,0x8000028C] -> 0x0613
mem[X,0x8000028E] -> 0x0086
[168] [M]: 0x8000028C (0x00860613) addi a2, a2, 8
x12 <- 0x80000290


mem[X,0x80000290] -> 0xEB17
mem[X,0x80000292] -> 0x003F
[169] [M]: 0x80000290 (0x003FEB17) auipc s6, 1022
x22 <- 0x803FE290


mem[X,0x80000294] -> 0x0B33
mem[X,0x80000296] -> 0x40CB
[170] [M]: 0x80000294 (0x40CB0B33) sub s6, s6, a2
x22 <- 0x003FE000


mem[X,0x80000298] -> 0xA423
mem[X,0x8000029A] -> 0x0565
[171] [M]: 0x80000298 (0x0565A423) sw s6, 72(a1)
mem[0x8000315C] <- 0x003FE000


mem[X,0x8000029C] -> 0x0617
mem[X,0x8000029E] -> 0x0000
[172] [M]: 0x8000029C (0x00000617) auipc a2, 0
x12 <- 0x8000029C


mem[X,0x800002A0] -> 0x0613
mem[X,0x800002A2] -> 0x0086
[173] [M]: 0x800002A0 (0x00860613) addi a2, a2, 8
x12 <- 0x800002A4


mem[X,0x800002A4] -> 0x6197
mem[X,0x800002A6] -> 0x5555
[174] [M]: 0x800002A4 (0x55556197) auipc gp, 349526
x3 <- 0xD55562A4


mem[X,0x800002A8] -> 0x81B3
mem[X,0x800002AA] -> 0x40C1
[175] [M]: 0x800002A8 (0x40C181B3) sub gp, gp, a2
x3 <- 0x55556000


mem[X,0x800002AC] -> 0xA623
mem[X,0x800002AE] -> 0x0435
[176] [M]: 0x800002AC (0x0435A623) sw gp, 76(a1)
mem[0x80003160] <- 0x55556000


mem[X,0x800002B0] -> 0x0617
mem[X,0x800002B2] -> 0x0000
[177] [M]: 0x800002B0 (0x00000617) auipc a2, 0
x12 <- 0x800002B0


mem[X,0x800002B4] -> 0x0613
mem[X,0x800002B6] -> 0x0086
[178] [M]: 0x800002B4 (0x00860613) addi a2, a2, 8
x12 <- 0x800002B8


mem[X,0x800002B8] -> 0xBF17
mem[X,0x800002BA] -> 0xAAAA
[179] [M]: 0x800002B8 (0xAAAABF17) auipc t5, 699051
x30 <- 0x2AAAB2B8


mem[X,0x800002BC] -> 0x0F33
mem[X,0x800002BE] -> 0x40CF
[180] [M]: 0x800002BC (0x40CF0F33) sub t5, t5, a2
x30 <- 0xAAAAB000


mem[X,0x800002C0] -> 0xA823
mem[X,0x800002C2] -> 0x05E5
[181] [M]: 0x800002C0 (0x05E5A823) sw t5, 80(a1)
mem[0x80003164] <- 0xAAAAB000


mem[X,0x800002C4] -> 0x0617
mem[X,0x800002C6] -> 0x0000
[182] [M]: 0x800002C4 (0x00000617) auipc a2, 0
x12 <- 0x800002C4


mem[X,0x800002C8] -> 0x0613
mem[X,0x800002CA] -> 0x0086
[183] [M]: 0x800002C8 (0x00860613) addi a2, a2, 8
x12 <- 0x800002CC


mem[X,0x800002CC] -> 0x6017
mem[X,0x800002CE] -> 0x0000
[184] [M]: 0x800002CC (0x00006017) auipc zero, 6


mem[X,0x800002D0] -> 0x0033
mem[X,0x800002D2] -> 0x40C0
[185] [M]: 0x800002D0 (0x40C00033) sub zero, zero, a2


mem[X,0x800002D4] -> 0xAA23
mem[X,0x800002D6] -> 0x0405
[186] [M]: 0x800002D4 (0x0405AA23) sw zero, 84(a1)
mem[0x80003168] <- 0x00000000


mem[X,0x800002D8] -> 0x0617
mem[X,0x800002DA] -> 0x0000
[187] [M]: 0x800002D8 (0x00000617) auipc a2, 0
x12 <- 0x800002D8


mem[X,0x800002DC] -> 0x0613
mem[X,0x800002DE] -> 0x0086
[188] [M]: 0x800002DC (0x00860613) addi a2, a2, 8
x12 <- 0x800002E0


mem[X,0x800002E0] -> 0x4817
mem[X,0x800002E2] -> 0x3333
[189] [M]: 0x800002E0 (0x33334817) auipc a6, 209716
x16 <- 0xB33342E0


mem[X,0x800002E4] -> 0x0833
mem[X,0x800002E6] -> 0x40C8
[190] [M]: 0x800002E4 (0x40C80833) sub a6, a6, a2
x16 <- 0x33334000


mem[X,0x800002E8] -> 0xAC23
mem[X,0x800002EA] -> 0x0505
[191] [M]: 0x800002E8 (0x0505AC23) sw a6, 88(a1)
mem[0x8000316C] <- 0x33334000


mem[X,0x800002EC] -> 0x0617
mem[X,0x800002EE] -> 0x0000
[192] [M]: 0x800002EC (0x00000617) auipc a2, 0
x12 <- 0x800002EC


mem[X,0x800002F0] -> 0x0613
mem[X,0x800002F2] -> 0x0086
[193] [M]: 0x800002F0 (0x00860613) addi a2, a2, 8
x12 <- 0x800002F4


mem[X,0x800002F4] -> 0x7997
mem[X,0x800002F6] -> 0x6666
[194] [M]: 0x800002F4 (0x66667997) auipc s3, 419431
x19 <- 0xE66672F4


mem[X,0x800002F8] -> 0x89B3
mem[X,0x800002FA] -> 0x40C9
[195] [M]: 0x800002F8 (0x40C989B3) sub s3, s3, a2
x19 <- 0x66667000


mem[X,0x800002FC] -> 0xAE23
mem[X,0x800002FE] -> 0x0535
[196] [M]: 0x800002FC (0x0535AE23) sw s3, 92(a1)
mem[0x80003170] <- 0x66667000


mem[X,0x80000300] -> 0x0617
mem[X,0x80000302] -> 0x0000
[197] [M]: 0x80000300 (0x00000617) auipc a2, 0
x12 <- 0x80000300


mem[X,0x80000304] -> 0x0613
mem[X,0x80000306] -> 0x0086
[198] [M]: 0x80000304 (0x00860613) addi a2, a2, 8
x12 <- 0x80000308


mem[X,0x80000308] -> 0x5E97
mem[X,0x8000030A] -> 0x002D
[199] [M]: 0x80000308 (0x002D5E97) auipc t4, 725
x29 <- 0x802D5308


clint::tick mtime <- 0x0000000000000002
 clint timer pending at mtime 0x0000000000000002
htif::tick 0x0000000000000000
mem[X,0x8000030C] -> 0x8EB3
mem[X,0x8000030E] -> 0x40CE
[200] [M]: 0x8000030C (0x40CE8EB3) sub t4, t4, a2
x29 <- 0x002D5000


mem[X,0x80000310] -> 0xA023
mem[X,0x80000312] -> 0x07D5
[201] [M]: 0x80000310 (0x07D5A023) sw t4, 96(a1)
mem[0x80003174] <- 0x002D5000


mem[X,0x80000314] -> 0x0617
mem[X,0x80000316] -> 0x0000
[202] [M]: 0x80000314 (0x00000617) auipc a2, 0
x12 <- 0x80000314


mem[X,0x80000318] -> 0x0613
mem[X,0x8000031A] -> 0x0086
[203] [M]: 0x80000318 (0x00860613) addi a2, a2, 8
x12 <- 0x8000031C


mem[X,0x8000031C] -> 0x1317
mem[X,0x8000031E] -> 0x0000
[204] [M]: 0x8000031C (0x00001317) auipc t1, 1
x6 <- 0x8000131C


mem[X,0x80000320] -> 0x0333
mem[X,0x80000322] -> 0x40C3
[205] [M]: 0x80000320 (0x40C30333) sub t1, t1, a2
x6 <- 0x00001000


mem[X,0x80000324] -> 0xA223
mem[X,0x80000326] -> 0x0665
[206] [M]: 0x80000324 (0x0665A223) sw t1, 100(a1)
mem[0x80003178] <- 0x00001000


mem[X,0x80000328] -> 0x0617
mem[X,0x8000032A] -> 0x0000
[207] [M]: 0x80000328 (0x00000617) auipc a2, 0
x12 <- 0x80000328


mem[X,0x8000032C] -> 0x0613
mem[X,0x8000032E] -> 0x0086
[208] [M]: 0x8000032C (0x00860613) addi a2, a2, 8
x12 <- 0x80000330


mem[X,0x80000330] -> 0x0E17
mem[X,0x80000332] -> 0x0040
[209] [M]: 0x80000330 (0x00400E17) auipc t3, 1024
x28 <- 0x80400330


mem[X,0x80000334] -> 0x0E33
mem[X,0x80000336] -> 0x40CE
[210] [M]: 0x80000334 (0x40CE0E33) sub t3, t3, a2
x28 <- 0x00400000


mem[X,0x80000338] -> 0xA423
mem[X,0x8000033A] -> 0x07C5
[211] [M]: 0x80000338 (0x07C5A423) sw t3, 104(a1)
mem[0x8000317C] <- 0x00400000


mem[X,0x8000033C] -> 0x0617
mem[X,0x8000033E] -> 0x0000
[212] [M]: 0x8000033C (0x00000617) auipc a2, 0
x12 <- 0x8000033C


mem[X,0x80000340] -> 0x0613
mem[X,0x80000342] -> 0x0086
[213] [M]: 0x80000340 (0x00860613) addi a2, a2, 8
x12 <- 0x80000344


mem[X,0x80000344] -> 0x8117
mem[X,0x80000346] -> 0x0000
[214] [M]: 0x80000344 (0x00008117) auipc sp, 8
x2 <- 0x80008344


mem[X,0x80000348] -> 0x0133
mem[X,0x8000034A] -> 0x40C1
[215] [M]: 0x80000348 (0x40C10133) sub sp, sp, a2
x2 <- 0x00008000


mem[X,0x8000034C] -> 0xA623
mem[X,0x8000034E] -> 0x0625
[216] [M]: 0x8000034C (0x0625A623) sw sp, 108(a1)
mem[0x80003180] <- 0x00008000


mem[X,0x80000350] -> 0x0117
mem[X,0x80000352] -> 0x0000
[217] [M]: 0x80000350 (0x00000117) auipc sp, 0
x2 <- 0x80000350


mem[X,0x80000354] -> 0x0113
mem[X,0x80000356] -> 0x0081
[218] [M]: 0x80000354 (0x00810113) addi sp, sp, 8
x2 <- 0x80000358


mem[X,0x80000358] -> 0x0D97
mem[X,0x8000035A] -> 0x0001
[219] [M]: 0x80000358 (0x00010D97) auipc s11, 16
x27 <- 0x80010358


mem[X,0x8000035C] -> 0x8DB3
mem[X,0x8000035E] -> 0x402D
[220] [M]: 0x8000035C (0x402D8DB3) sub s11, s11, sp
x27 <- 0x00010000


mem[X,0x80000360] -> 0xA823
mem[X,0x80000362] -> 0x07B5
[221] [M]: 0x80000360 (0x07B5A823) sw s11, 112(a1)
mem[0x80003184] <- 0x00010000


mem[X,0x80000364] -> 0x0013
mem[X,0x80000366] -> 0x0000
[222] [M]: 0x80000364 (0x00000013) addi zero, zero, 0


mem[X,0x80000368] -> 0x0013
mem[X,0x8000036A] -> 0x0000
[223] [M]: 0x80000368 (0x00000013) addi zero, zero, 0


mem[X,0x8000036C] -> 0x0013
mem[X,0x8000036E] -> 0x0000
[224] [M]: 0x8000036C (0x00000013) addi zero, zero, 0


mem[X,0x80000370] -> 0x0013
mem[X,0x80000372] -> 0x0000
[225] [M]: 0x80000370 (0x00000013) addi zero, zero, 0


mem[X,0x80000374] -> 0x0013
mem[X,0x80000376] -> 0x0000
[226] [M]: 0x80000374 (0x00000013) addi zero, zero, 0


mem[X,0x80000378] -> 0x0013
mem[X,0x8000037A] -> 0x0000
[227] [M]: 0x80000378 (0x00000013) addi zero, zero, 0


mem[X,0x8000037C] -> 0x0013
mem[X,0x8000037E] -> 0x0000
[228] [M]: 0x8000037C (0x00000013) addi zero, zero, 0


mem[X,0x80000380] -> 0x3097
mem[X,0x80000382] -> 0x0000
[229] [M]: 0x80000380 (0x00003097) auipc ra, 3
x1 <- 0x80003380


mem[X,0x80000384] -> 0x8093
mem[X,0x80000386] -> 0xE080
[230] [M]: 0x80000384 (0xE0808093) addi ra, ra, 3592
x1 <- 0x80003188


mem[X,0x80000388] -> 0x0013
mem[X,0x8000038A] -> 0x0000
[231] [M]: 0x80000388 (0x00000013) addi zero, zero, 0


mem[X,0x8000038C] -> 0x0013
mem[X,0x8000038E] -> 0x0000
[232] [M]: 0x8000038C (0x00000013) addi zero, zero, 0


mem[X,0x80000390] -> 0x0013
mem[X,0x80000392] -> 0x0000
[233] [M]: 0x80000390 (0x00000013) addi zero, zero, 0


mem[X,0x80000394] -> 0x0013
mem[X,0x80000396] -> 0x0000
[234] [M]: 0x80000394 (0x00000013) addi zero, zero, 0


mem[X,0x80000398] -> 0x0013
mem[X,0x8000039A] -> 0x0000
[235] [M]: 0x80000398 (0x00000013) addi zero, zero, 0


mem[X,0x8000039C] -> 0x0013
mem[X,0x8000039E] -> 0x0000
[236] [M]: 0x8000039C (0x00000013) addi zero, zero, 0


mem[X,0x800003A0] -> 0x0117
mem[X,0x800003A2] -> 0x0000
[237] [M]: 0x800003A0 (0x00000117) auipc sp, 0
x2 <- 0x800003A0


mem[X,0x800003A4] -> 0x0113
mem[X,0x800003A6] -> 0x0081
[238] [M]: 0x800003A4 (0x00810113) addi sp, sp, 8
x2 <- 0x800003A8


mem[X,0x800003A8] -> 0x0697
mem[X,0x800003AA] -> 0x0002
[239] [M]: 0x800003A8 (0x00020697) auipc a3, 32
x13 <- 0x800203A8


mem[X,0x800003AC] -> 0x86B3
mem[X,0x800003AE] -> 0x4026
[240] [M]: 0x800003AC (0x402686B3) sub a3, a3, sp
x13 <- 0x00020000


mem[X,0x800003B0] -> 0xA023
mem[X,0x800003B2] -> 0x00D0
[241] [M]: 0x800003B0 (0x00D0A023) sw a3, 0(ra)
mem[0x80003188] <- 0x00020000


mem[X,0x800003B4] -> 0x0117
mem[X,0x800003B6] -> 0x0000
[242] [M]: 0x800003B4 (0x00000117) auipc sp, 0
x2 <- 0x800003B4


mem[X,0x800003B8] -> 0x0113
mem[X,0x800003BA] -> 0x0081
[243] [M]: 0x800003B8 (0x00810113) addi sp, sp, 8
x2 <- 0x800003BC


mem[X,0x800003BC] -> 0x0597
mem[X,0x800003BE] -> 0x0004
[244] [M]: 0x800003BC (0x00040597) auipc a1, 64
x11 <- 0x800403BC


mem[X,0x800003C0] -> 0x85B3
mem[X,0x800003C2] -> 0x4025
[245] [M]: 0x800003C0 (0x402585B3) sub a1, a1, sp
x11 <- 0x00040000


mem[X,0x800003C4] -> 0xA223
mem[X,0x800003C6] -> 0x00B0
[246] [M]: 0x800003C4 (0x00B0A223) sw a1, 4(ra)
mem[0x8000318C] <- 0x00040000


mem[X,0x800003C8] -> 0x0117
mem[X,0x800003CA] -> 0x0000
[247] [M]: 0x800003C8 (0x00000117) auipc sp, 0
x2 <- 0x800003C8


mem[X,0x800003CC] -> 0x0113
mem[X,0x800003CE] -> 0x0081
[248] [M]: 0x800003CC (0x00810113) addi sp, sp, 8
x2 <- 0x800003D0


mem[X,0x800003D0] -> 0x0617
mem[X,0x800003D2] -> 0x0008
[249] [M]: 0x800003D0 (0x00080617) auipc a2, 128
x12 <- 0x800803D0


mem[X,0x800003D4] -> 0x0633
mem[X,0x800003D6] -> 0x4026
[250] [M]: 0x800003D4 (0x40260633) sub a2, a2, sp
x12 <- 0x00080000


mem[X,0x800003D8] -> 0xA423
mem[X,0x800003DA] -> 0x00C0
[251] [M]: 0x800003D8 (0x00C0A423) sw a2, 8(ra)
mem[0x80003190] <- 0x00080000


mem[X,0x800003DC] -> 0x0117
mem[X,0x800003DE] -> 0x0000
[252] [M]: 0x800003DC (0x00000117) auipc sp, 0
x2 <- 0x800003DC


mem[X,0x800003E0] -> 0x0113
mem[X,0x800003E2] -> 0x0081
[253] [M]: 0x800003E0 (0x00810113) addi sp, sp, 8
x2 <- 0x800003E4


mem[X,0x800003E4] -> 0xF517
mem[X,0x800003E6] -> 0xEFFF
[254] [M]: 0x800003E4 (0xEFFFF517) auipc a0, 983039
x10 <- 0x6FFFF3E4


mem[X,0x800003E8] -> 0x0533
mem[X,0x800003EA] -> 0x4025
[255] [M]: 0x800003E8 (0x40250533) sub a0, a0, sp
x10 <- 0xEFFFF000


mem[X,0x800003EC] -> 0xA623
mem[X,0x800003EE] -> 0x00A0
[256] [M]: 0x800003EC (0x00A0A623) sw a0, 12(ra)
mem[0x80003194] <- 0xEFFFF000


mem[X,0x800003F0] -> 0x0117
mem[X,0x800003F2] -> 0x0000
[257] [M]: 0x800003F0 (0x00000117) auipc sp, 0
x2 <- 0x800003F0


mem[X,0x800003F4] -> 0x0113
mem[X,0x800003F6] -> 0x0081
[258] [M]: 0x800003F4 (0x00810113) addi sp, sp, 8
x2 <- 0x800003F8


mem[X,0x800003F8] -> 0xF517
mem[X,0x800003FA] -> 0xDFFF
[259] [M]: 0x800003F8 (0xDFFFF517) auipc a0, 917503
x10 <- 0x5FFFF3F8


mem[X,0x800003FC] -> 0x0533
mem[X,0x800003FE] -> 0x4025
[260] [M]: 0x800003FC (0x40250533) sub a0, a0, sp
x10 <- 0xDFFFF000


mem[X,0x80000400] -> 0xA823
mem[X,0x80000402] -> 0x00A0
[261] [M]: 0x80000400 (0x00A0A823) sw a0, 16(ra)
mem[0x80003198] <- 0xDFFFF000


mem[X,0x80000404] -> 0x0117
mem[X,0x80000406] -> 0x0000
[262] [M]: 0x80000404 (0x00000117) auipc sp, 0
x2 <- 0x80000404


mem[X,0x80000408] -> 0x0113
mem[X,0x8000040A] -> 0x0081
[263] [M]: 0x80000408 (0x00810113) addi sp, sp, 8
x2 <- 0x8000040C


mem[X,0x8000040C] -> 0xF517
mem[X,0x8000040E] -> 0xBFFF
[264] [M]: 0x8000040C (0xBFFFF517) auipc a0, 786431
x10 <- 0x3FFFF40C


mem[X,0x80000410] -> 0x0533
mem[X,0x80000412] -> 0x4025
[265] [M]: 0x80000410 (0x40250533) sub a0, a0, sp
x10 <- 0xBFFFF000


mem[X,0x80000414] -> 0xAA23
mem[X,0x80000416] -> 0x00A0
[266] [M]: 0x80000414 (0x00A0AA23) sw a0, 20(ra)
mem[0x8000319C] <- 0xBFFFF000


mem[X,0x80000418] -> 0x0117
mem[X,0x8000041A] -> 0x0000
[267] [M]: 0x80000418 (0x00000117) auipc sp, 0
x2 <- 0x80000418


mem[X,0x8000041C] -> 0x0113
mem[X,0x8000041E] -> 0x0081
[268] [M]: 0x8000041C (0x00810113) addi sp, sp, 8
x2 <- 0x80000420


mem[X,0x80000420] -> 0xF517
mem[X,0x80000422] -> 0x7FFF
[269] [M]: 0x80000420 (0x7FFFF517) auipc a0, 524287
x10 <- 0xFFFFF420


mem[X,0x80000424] -> 0x0533
mem[X,0x80000426] -> 0x4025
[270] [M]: 0x80000424 (0x40250533) sub a0, a0, sp
x10 <- 0x7FFFF000


mem[X,0x80000428] -> 0xAC23
mem[X,0x8000042A] -> 0x00A0
[271] [M]: 0x80000428 (0x00A0AC23) sw a0, 24(ra)
mem[0x800031A0] <- 0x7FFFF000


mem[X,0x8000042C] -> 0x0117
mem[X,0x8000042E] -> 0x0000
[272] [M]: 0x8000042C (0x00000117) auipc sp, 0
x2 <- 0x8000042C


mem[X,0x80000430] -> 0x0113
mem[X,0x80000432] -> 0x0081
[273] [M]: 0x80000430 (0x00810113) addi sp, sp, 8
x2 <- 0x80000434


mem[X,0x80000434] -> 0x0517
mem[X,0x80000436] -> 0x0010
[274] [M]: 0x80000434 (0x00100517) auipc a0, 256
x10 <- 0x80100434


mem[X,0x80000438] -> 0x0533
mem[X,0x8000043A] -> 0x4025
[275] [M]: 0x80000438 (0x40250533) sub a0, a0, sp
x10 <- 0x00100000


mem[X,0x8000043C] -> 0xAE23
mem[X,0x8000043E] -> 0x00A0
[276] [M]: 0x8000043C (0x00A0AE23) sw a0, 28(ra)
mem[0x800031A4] <- 0x00100000


mem[X,0x80000440] -> 0x0117
mem[X,0x80000442] -> 0x0000
[277] [M]: 0x80000440 (0x00000117) auipc sp, 0
x2 <- 0x80000440


mem[X,0x80000444] -> 0x0113
mem[X,0x80000446] -> 0x0081
[278] [M]: 0x80000444 (0x00810113) addi sp, sp, 8
x2 <- 0x80000448


mem[X,0x80000448] -> 0x0517
mem[X,0x8000044A] -> 0x0020
[279] [M]: 0x80000448 (0x00200517) auipc a0, 512
x10 <- 0x80200448


mem[X,0x8000044C] -> 0x0533
mem[X,0x8000044E] -> 0x4025
[280] [M]: 0x8000044C (0x40250533) sub a0, a0, sp
x10 <- 0x00200000


mem[X,0x80000450] -> 0xA023
mem[X,0x80000452] -> 0x02A0
[281] [M]: 0x80000450 (0x02A0A023) sw a0, 32(ra)
mem[0x800031A8] <- 0x00200000


mem[X,0x80000454] -> 0x0117
mem[X,0x80000456] -> 0x0000
[282] [M]: 0x80000454 (0x00000117) auipc sp, 0
x2 <- 0x80000454


mem[X,0x80000458] -> 0x0113
mem[X,0x8000045A] -> 0x0081
[283] [M]: 0x80000458 (0x00810113) addi sp, sp, 8
x2 <- 0x8000045C


mem[X,0x8000045C] -> 0x0517
mem[X,0x8000045E] -> 0x0080
[284] [M]: 0x8000045C (0x00800517) auipc a0, 2048
x10 <- 0x8080045C


mem[X,0x80000460] -> 0x0533
mem[X,0x80000462] -> 0x4025
[285] [M]: 0x80000460 (0x40250533) sub a0, a0, sp
x10 <- 0x00800000


mem[X,0x80000464] -> 0xA223
mem[X,0x80000466] -> 0x02A0
[286] [M]: 0x80000464 (0x02A0A223) sw a0, 36(ra)
mem[0x800031AC] <- 0x00800000


mem[X,0x80000468] -> 0x0117
mem[X,0x8000046A] -> 0x0000
[287] [M]: 0x80000468 (0x00000117) auipc sp, 0
x2 <- 0x80000468


mem[X,0x8000046C] -> 0x0113
mem[X,0x8000046E] -> 0x0081
[288] [M]: 0x8000046C (0x00810113) addi sp, sp, 8
x2 <- 0x80000470


mem[X,0x80000470] -> 0x0517
mem[X,0x80000472] -> 0x0100
[289] [M]: 0x80000470 (0x01000517) auipc a0, 4096
x10 <- 0x81000470


mem[X,0x80000474] -> 0x0533
mem[X,0x80000476] -> 0x4025
[290] [M]: 0x80000474 (0x40250533) sub a0, a0, sp
x10 <- 0x01000000


mem[X,0x80000478] -> 0xA423
mem[X,0x8000047A] -> 0x02A0
[291] [M]: 0x80000478 (0x02A0A423) sw a0, 40(ra)
mem[0x800031B0] <- 0x01000000


mem[X,0x8000047C] -> 0x0117
mem[X,0x8000047E] -> 0x0000
[292] [M]: 0x8000047C (0x00000117) auipc sp, 0
x2 <- 0x8000047C


mem[X,0x80000480] -> 0x0113
mem[X,0x80000482] -> 0x0081
[293] [M]: 0x80000480 (0x00810113) addi sp, sp, 8
x2 <- 0x80000484


mem[X,0x80000484] -> 0x0517
mem[X,0x80000486] -> 0x0200
[294] [M]: 0x80000484 (0x02000517) auipc a0, 8192
x10 <- 0x82000484


mem[X,0x80000488] -> 0x0533
mem[X,0x8000048A] -> 0x4025
[295] [M]: 0x80000488 (0x40250533) sub a0, a0, sp
x10 <- 0x02000000


mem[X,0x8000048C] -> 0xA623
mem[X,0x8000048E] -> 0x02A0
[296] [M]: 0x8000048C (0x02A0A623) sw a0, 44(ra)
mem[0x800031B4] <- 0x02000000


mem[X,0x80000490] -> 0x0117
mem[X,0x80000492] -> 0x0000
[297] [M]: 0x80000490 (0x00000117) auipc sp, 0
x2 <- 0x80000490


mem[X,0x80000494] -> 0x0113
mem[X,0x80000496] -> 0x0081
[298] [M]: 0x80000494 (0x00810113) addi sp, sp, 8
x2 <- 0x80000498


mem[X,0x80000498] -> 0x0517
mem[X,0x8000049A] -> 0x0400
[299] [M]: 0x80000498 (0x04000517) auipc a0, 16384
x10 <- 0x84000498


clint::tick mtime <- 0x0000000000000003
 clint timer pending at mtime 0x0000000000000003
htif::tick 0x0000000000000000
mem[X,0x8000049C] -> 0x0533
mem[X,0x8000049E] -> 0x4025
[300] [M]: 0x8000049C (0x40250533) sub a0, a0, sp
x10 <- 0x04000000


mem[X,0x800004A0] -> 0xA823
mem[X,0x800004A2] -> 0x02A0
[301] [M]: 0x800004A0 (0x02A0A823) sw a0, 48(ra)
mem[0x800031B8] <- 0x04000000


mem[X,0x800004A4] -> 0x0117
mem[X,0x800004A6] -> 0x0000
[302] [M]: 0x800004A4 (0x00000117) auipc sp, 0
x2 <- 0x800004A4


mem[X,0x800004A8] -> 0x0113
mem[X,0x800004AA] -> 0x0081
[303] [M]: 0x800004A8 (0x00810113) addi sp, sp, 8
x2 <- 0x800004AC


mem[X,0x800004AC] -> 0x0517
mem[X,0x800004AE] -> 0x0800
[304] [M]: 0x800004AC (0x08000517) auipc a0, 32768
x10 <- 0x880004AC


mem[X,0x800004B0] -> 0x0533
mem[X,0x800004B2] -> 0x4025
[305] [M]: 0x800004B0 (0x40250533) sub a0, a0, sp
x10 <- 0x08000000


mem[X,0x800004B4] -> 0xAA23
mem[X,0x800004B6] -> 0x02A0
[306] [M]: 0x800004B4 (0x02A0AA23) sw a0, 52(ra)
mem[0x800031BC] <- 0x08000000


mem[X,0x800004B8] -> 0x0117
mem[X,0x800004BA] -> 0x0000
[307] [M]: 0x800004B8 (0x00000117) auipc sp, 0
x2 <- 0x800004B8


mem[X,0x800004BC] -> 0x0113
mem[X,0x800004BE] -> 0x0081
[308] [M]: 0x800004BC (0x00810113) addi sp, sp, 8
x2 <- 0x800004C0


mem[X,0x800004C0] -> 0x0517
mem[X,0x800004C2] -> 0x1000
[309] [M]: 0x800004C0 (0x10000517) auipc a0, 65536
x10 <- 0x900004C0


mem[X,0x800004C4] -> 0x0533
mem[X,0x800004C6] -> 0x4025
[310] [M]: 0x800004C4 (0x40250533) sub a0, a0, sp
x10 <- 0x10000000


mem[X,0x800004C8] -> 0xAC23
mem[X,0x800004CA] -> 0x02A0
[311] [M]: 0x800004C8 (0x02A0AC23) sw a0, 56(ra)
mem[0x800031C0] <- 0x10000000


mem[X,0x800004CC] -> 0x0117
mem[X,0x800004CE] -> 0x0000
[312] [M]: 0x800004CC (0x00000117) auipc sp, 0
x2 <- 0x800004CC


mem[X,0x800004D0] -> 0x0113
mem[X,0x800004D2] -> 0x0081
[313] [M]: 0x800004D0 (0x00810113) addi sp, sp, 8
x2 <- 0x800004D4


mem[X,0x800004D4] -> 0x0517
mem[X,0x800004D6] -> 0x2000
[314] [M]: 0x800004D4 (0x20000517) auipc a0, 131072
x10 <- 0xA00004D4


mem[X,0x800004D8] -> 0x0533
mem[X,0x800004DA] -> 0x4025
[315] [M]: 0x800004D8 (0x40250533) sub a0, a0, sp
x10 <- 0x20000000


mem[X,0x800004DC] -> 0xAE23
mem[X,0x800004DE] -> 0x02A0
[316] [M]: 0x800004DC (0x02A0AE23) sw a0, 60(ra)
mem[0x800031C4] <- 0x20000000


mem[X,0x800004E0] -> 0x0117
mem[X,0x800004E2] -> 0x0000
[317] [M]: 0x800004E0 (0x00000117) auipc sp, 0
x2 <- 0x800004E0


mem[X,0x800004E4] -> 0x0113
mem[X,0x800004E6] -> 0x0081
[318] [M]: 0x800004E4 (0x00810113) addi sp, sp, 8
x2 <- 0x800004E8


mem[X,0x800004E8] -> 0x0517
mem[X,0x800004EA] -> 0x4000
[319] [M]: 0x800004E8 (0x40000517) auipc a0, 262144
x10 <- 0xC00004E8


mem[X,0x800004EC] -> 0x0533
mem[X,0x800004EE] -> 0x4025
[320] [M]: 0x800004EC (0x40250533) sub a0, a0, sp
x10 <- 0x40000000


mem[X,0x800004F0] -> 0xA023
mem[X,0x800004F2] -> 0x04A0
[321] [M]: 0x800004F0 (0x04A0A023) sw a0, 64(ra)
mem[0x800031C8] <- 0x40000000


mem[X,0x800004F4] -> 0x0117
mem[X,0x800004F6] -> 0x0000
[322] [M]: 0x800004F4 (0x00000117) auipc sp, 0
x2 <- 0x800004F4


mem[X,0x800004F8] -> 0x0113
mem[X,0x800004FA] -> 0x0081
[323] [M]: 0x800004F8 (0x00810113) addi sp, sp, 8
x2 <- 0x800004FC


mem[X,0x800004FC] -> 0x0517
mem[X,0x800004FE] -> 0x8000
[324] [M]: 0x800004FC (0x80000517) auipc a0, 524288
x10 <- 0x000004FC


mem[X,0x80000500] -> 0x0533
mem[X,0x80000502] -> 0x4025
[325] [M]: 0x80000500 (0x40250533) sub a0, a0, sp
x10 <- 0x80000000


mem[X,0x80000504] -> 0xA223
mem[X,0x80000506] -> 0x04A0
[326] [M]: 0x80000504 (0x04A0A223) sw a0, 68(ra)
mem[0x800031CC] <- 0x80000000


mem[X,0x80000508] -> 0x0117
mem[X,0x8000050A] -> 0x0000
[327] [M]: 0x80000508 (0x00000117) auipc sp, 0
x2 <- 0x80000508


mem[X,0x8000050C] -> 0x0113
mem[X,0x8000050E] -> 0x0081
[328] [M]: 0x8000050C (0x00810113) addi sp, sp, 8
x2 <- 0x80000510


mem[X,0x80000510] -> 0xE517
mem[X,0x80000512] -> 0xFFFF
[329] [M]: 0x80000510 (0xFFFFE517) auipc a0, 1048574
x10 <- 0x7FFFE510


mem[X,0x80000514] -> 0x0533
mem[X,0x80000516] -> 0x4025
[330] [M]: 0x80000514 (0x40250533) sub a0, a0, sp
x10 <- 0xFFFFE000


mem[X,0x80000518] -> 0xA423
mem[X,0x8000051A] -> 0x04A0
[331] [M]: 0x80000518 (0x04A0A423) sw a0, 72(ra)
mem[0x800031D0] <- 0xFFFFE000


mem[X,0x8000051C] -> 0x0117
mem[X,0x8000051E] -> 0x0000
[332] [M]: 0x8000051C (0x00000117) auipc sp, 0
x2 <- 0x8000051C


mem[X,0x80000520] -> 0x0113
mem[X,0x80000522] -> 0x0081
[333] [M]: 0x80000520 (0x00810113) addi sp, sp, 8
x2 <- 0x80000524


mem[X,0x80000524] -> 0xD517
mem[X,0x80000526] -> 0xFFFF
[334] [M]: 0x80000524 (0xFFFFD517) auipc a0, 1048573
x10 <- 0x7FFFD524


mem[X,0x80000528] -> 0x0533
mem[X,0x8000052A] -> 0x4025
[335] [M]: 0x80000528 (0x40250533) sub a0, a0, sp
x10 <- 0xFFFFD000


mem[X,0x8000052C] -> 0xA623
mem[X,0x8000052E] -> 0x04A0
[336] [M]: 0x8000052C (0x04A0A623) sw a0, 76(ra)
mem[0x800031D4] <- 0xFFFFD000


mem[X,0x80000530] -> 0x0117
mem[X,0x80000532] -> 0x0000
[337] [M]: 0x80000530 (0x00000117) auipc sp, 0
x2 <- 0x80000530


mem[X,0x80000534] -> 0x0113
mem[X,0x80000536] -> 0x0081
[338] [M]: 0x80000534 (0x00810113) addi sp, sp, 8
x2 <- 0x80000538


mem[X,0x80000538] -> 0xB517
mem[X,0x8000053A] -> 0xFFFF
[339] [M]: 0x80000538 (0xFFFFB517) auipc a0, 1048571
x10 <- 0x7FFFB538


mem[X,0x8000053C] -> 0x0533
mem[X,0x8000053E] -> 0x4025
[340] [M]: 0x8000053C (0x40250533) sub a0, a0, sp
x10 <- 0xFFFFB000


mem[X,0x80000540] -> 0xA823
mem[X,0x80000542] -> 0x04A0
[341] [M]: 0x80000540 (0x04A0A823) sw a0, 80(ra)
mem[0x800031D8] <- 0xFFFFB000


mem[X,0x80000544] -> 0x0117
mem[X,0x80000546] -> 0x0000
[342] [M]: 0x80000544 (0x00000117) auipc sp, 0
x2 <- 0x80000544


mem[X,0x80000548] -> 0x0113
mem[X,0x8000054A] -> 0x0081
[343] [M]: 0x80000548 (0x00810113) addi sp, sp, 8
x2 <- 0x8000054C


mem[X,0x8000054C] -> 0x7517
mem[X,0x8000054E] -> 0xFFFF
[344] [M]: 0x8000054C (0xFFFF7517) auipc a0, 1048567
x10 <- 0x7FFF754C


mem[X,0x80000550] -> 0x0533
mem[X,0x80000552] -> 0x4025
[345] [M]: 0x80000550 (0x40250533) sub a0, a0, sp
x10 <- 0xFFFF7000


mem[X,0x80000554] -> 0xAA23
mem[X,0x80000556] -> 0x04A0
[346] [M]: 0x80000554 (0x04A0AA23) sw a0, 84(ra)
mem[0x800031DC] <- 0xFFFF7000


mem[X,0x80000558] -> 0x0117
mem[X,0x8000055A] -> 0x0000
[347] [M]: 0x80000558 (0x00000117) auipc sp, 0
x2 <- 0x80000558


mem[X,0x8000055C] -> 0x0113
mem[X,0x8000055E] -> 0x0081
[348] [M]: 0x8000055C (0x00810113) addi sp, sp, 8
x2 <- 0x80000560


mem[X,0x80000560] -> 0xF517
mem[X,0x80000562] -> 0xFFFE
[349] [M]: 0x80000560 (0xFFFEF517) auipc a0, 1048559
x10 <- 0x7FFEF560


mem[X,0x80000564] -> 0x0533
mem[X,0x80000566] -> 0x4025
[350] [M]: 0x80000564 (0x40250533) sub a0, a0, sp
x10 <- 0xFFFEF000


mem[X,0x80000568] -> 0xAC23
mem[X,0x8000056A] -> 0x04A0
[351] [M]: 0x80000568 (0x04A0AC23) sw a0, 88(ra)
mem[0x800031E0] <- 0xFFFEF000


mem[X,0x8000056C] -> 0x0117
mem[X,0x8000056E] -> 0x0000
[352] [M]: 0x8000056C (0x00000117) auipc sp, 0
x2 <- 0x8000056C


mem[X,0x80000570] -> 0x0113
mem[X,0x80000572] -> 0x0081
[353] [M]: 0x80000570 (0x00810113) addi sp, sp, 8
x2 <- 0x80000574


mem[X,0x80000574] -> 0xF517
mem[X,0x80000576] -> 0xFFFD
[354] [M]: 0x80000574 (0xFFFDF517) auipc a0, 1048543
x10 <- 0x7FFDF574


mem[X,0x80000578] -> 0x0533
mem[X,0x8000057A] -> 0x4025
[355] [M]: 0x80000578 (0x40250533) sub a0, a0, sp
x10 <- 0xFFFDF000


mem[X,0x8000057C] -> 0xAE23
mem[X,0x8000057E] -> 0x04A0
[356] [M]: 0x8000057C (0x04A0AE23) sw a0, 92(ra)
mem[0x800031E4] <- 0xFFFDF000


mem[X,0x80000580] -> 0x0117
mem[X,0x80000582] -> 0x0000
[357] [M]: 0x80000580 (0x00000117) auipc sp, 0
x2 <- 0x80000580


mem[X,0x80000584] -> 0x0113
mem[X,0x80000586] -> 0x0081
[358] [M]: 0x80000584 (0x00810113) addi sp, sp, 8
x2 <- 0x80000588


mem[X,0x80000588] -> 0xF517
mem[X,0x8000058A] -> 0xFFFB
[359] [M]: 0x80000588 (0xFFFBF517) auipc a0, 1048511
x10 <- 0x7FFBF588


mem[X,0x8000058C] -> 0x0533
mem[X,0x8000058E] -> 0x4025
[360] [M]: 0x8000058C (0x40250533) sub a0, a0, sp
x10 <- 0xFFFBF000


mem[X,0x80000590] -> 0xA023
mem[X,0x80000592] -> 0x06A0
[361] [M]: 0x80000590 (0x06A0A023) sw a0, 96(ra)
mem[0x800031E8] <- 0xFFFBF000


mem[X,0x80000594] -> 0x0117
mem[X,0x80000596] -> 0x0000
[362] [M]: 0x80000594 (0x00000117) auipc sp, 0
x2 <- 0x80000594


mem[X,0x80000598] -> 0x0113
mem[X,0x8000059A] -> 0x0081
[363] [M]: 0x80000598 (0x00810113) addi sp, sp, 8
x2 <- 0x8000059C


mem[X,0x8000059C] -> 0xF517
mem[X,0x8000059E] -> 0xFFF7
[364] [M]: 0x8000059C (0xFFF7F517) auipc a0, 1048447
x10 <- 0x7FF7F59C


mem[X,0x800005A0] -> 0x0533
mem[X,0x800005A2] -> 0x4025
[365] [M]: 0x800005A0 (0x40250533) sub a0, a0, sp
x10 <- 0xFFF7F000


mem[X,0x800005A4] -> 0xA223
mem[X,0x800005A6] -> 0x06A0
[366] [M]: 0x800005A4 (0x06A0A223) sw a0, 100(ra)
mem[0x800031EC] <- 0xFFF7F000


mem[X,0x800005A8] -> 0x0117
mem[X,0x800005AA] -> 0x0000
[367] [M]: 0x800005A8 (0x00000117) auipc sp, 0
x2 <- 0x800005A8


mem[X,0x800005AC] -> 0x0113
mem[X,0x800005AE] -> 0x0081
[368] [M]: 0x800005AC (0x00810113) addi sp, sp, 8
x2 <- 0x800005B0


mem[X,0x800005B0] -> 0xF517
mem[X,0x800005B2] -> 0xFFEF
[369] [M]: 0x800005B0 (0xFFEFF517) auipc a0, 1048319
x10 <- 0x7FEFF5B0


mem[X,0x800005B4] -> 0x0533
mem[X,0x800005B6] -> 0x4025
[370] [M]: 0x800005B4 (0x40250533) sub a0, a0, sp
x10 <- 0xFFEFF000


mem[X,0x800005B8] -> 0xA423
mem[X,0x800005BA] -> 0x06A0
[371] [M]: 0x800005B8 (0x06A0A423) sw a0, 104(ra)
mem[0x800031F0] <- 0xFFEFF000


mem[X,0x800005BC] -> 0x0117
mem[X,0x800005BE] -> 0x0000
[372] [M]: 0x800005BC (0x00000117) auipc sp, 0
x2 <- 0x800005BC


mem[X,0x800005C0] -> 0x0113
mem[X,0x800005C2] -> 0x0081
[373] [M]: 0x800005C0 (0x00810113) addi sp, sp, 8
x2 <- 0x800005C4


mem[X,0x800005C4] -> 0xF517
mem[X,0x800005C6] -> 0xFFDF
[374] [M]: 0x800005C4 (0xFFDFF517) auipc a0, 1048063
x10 <- 0x7FDFF5C4


mem[X,0x800005C8] -> 0x0533
mem[X,0x800005CA] -> 0x4025
[375] [M]: 0x800005C8 (0x40250533) sub a0, a0, sp
x10 <- 0xFFDFF000


mem[X,0x800005CC] -> 0xA623
mem[X,0x800005CE] -> 0x06A0
[376] [M]: 0x800005CC (0x06A0A623) sw a0, 108(ra)
mem[0x800031F4] <- 0xFFDFF000


mem[X,0x800005D0] -> 0x0117
mem[X,0x800005D2] -> 0x0000
[377] [M]: 0x800005D0 (0x00000117) auipc sp, 0
x2 <- 0x800005D0


mem[X,0x800005D4] -> 0x0113
mem[X,0x800005D6] -> 0x0081
[378] [M]: 0x800005D4 (0x00810113) addi sp, sp, 8
x2 <- 0x800005D8


mem[X,0x800005D8] -> 0xF517
mem[X,0x800005DA] -> 0xFFBF
[379] [M]: 0x800005D8 (0xFFBFF517) auipc a0, 1047551
x10 <- 0x7FBFF5D8


mem[X,0x800005DC] -> 0x0533
mem[X,0x800005DE] -> 0x4025
[380] [M]: 0x800005DC (0x40250533) sub a0, a0, sp
x10 <- 0xFFBFF000


mem[X,0x800005E0] -> 0xA823
mem[X,0x800005E2] -> 0x06A0
[381] [M]: 0x800005E0 (0x06A0A823) sw a0, 112(ra)
mem[0x800031F8] <- 0xFFBFF000


mem[X,0x800005E4] -> 0x0117
mem[X,0x800005E6] -> 0x0000
[382] [M]: 0x800005E4 (0x00000117) auipc sp, 0
x2 <- 0x800005E4


mem[X,0x800005E8] -> 0x0113
mem[X,0x800005EA] -> 0x0081
[383] [M]: 0x800005E8 (0x00810113) addi sp, sp, 8
x2 <- 0x800005EC


mem[X,0x800005EC] -> 0xF517
mem[X,0x800005EE] -> 0xFF7F
[384] [M]: 0x800005EC (0xFF7FF517) auipc a0, 1046527
x10 <- 0x7F7FF5EC


mem[X,0x800005F0] -> 0x0533
mem[X,0x800005F2] -> 0x4025
[385] [M]: 0x800005F0 (0x40250533) sub a0, a0, sp
x10 <- 0xFF7FF000


mem[X,0x800005F4] -> 0xAA23
mem[X,0x800005F6] -> 0x06A0
[386] [M]: 0x800005F4 (0x06A0AA23) sw a0, 116(ra)
mem[0x800031FC] <- 0xFF7FF000


mem[X,0x800005F8] -> 0x0117
mem[X,0x800005FA] -> 0x0000
[387] [M]: 0x800005F8 (0x00000117) auipc sp, 0
x2 <- 0x800005F8


mem[X,0x800005FC] -> 0x0113
mem[X,0x800005FE] -> 0x0081
[388] [M]: 0x800005FC (0x00810113) addi sp, sp, 8
x2 <- 0x80000600


mem[X,0x80000600] -> 0xF517
mem[X,0x80000602] -> 0xFEFF
[389] [M]: 0x80000600 (0xFEFFF517) auipc a0, 1044479
x10 <- 0x7EFFF600


mem[X,0x80000604] -> 0x0533
mem[X,0x80000606] -> 0x4025
[390] [M]: 0x80000604 (0x40250533) sub a0, a0, sp
x10 <- 0xFEFFF000


mem[X,0x80000608] -> 0xAC23
mem[X,0x8000060A] -> 0x06A0
[391] [M]: 0x80000608 (0x06A0AC23) sw a0, 120(ra)
mem[0x80003200] <- 0xFEFFF000


mem[X,0x8000060C] -> 0x0117
mem[X,0x8000060E] -> 0x0000
[392] [M]: 0x8000060C (0x00000117) auipc sp, 0
x2 <- 0x8000060C


mem[X,0x80000610] -> 0x0113
mem[X,0x80000612] -> 0x0081
[393] [M]: 0x80000610 (0x00810113) addi sp, sp, 8
x2 <- 0x80000614


mem[X,0x80000614] -> 0xF517
mem[X,0x80000616] -> 0xFDFF
[394] [M]: 0x80000614 (0xFDFFF517) auipc a0, 1040383
x10 <- 0x7DFFF614


mem[X,0x80000618] -> 0x0533
mem[X,0x8000061A] -> 0x4025
[395] [M]: 0x80000618 (0x40250533) sub a0, a0, sp
x10 <- 0xFDFFF000


mem[X,0x8000061C] -> 0xAE23
mem[X,0x8000061E] -> 0x06A0
[396] [M]: 0x8000061C (0x06A0AE23) sw a0, 124(ra)
mem[0x80003204] <- 0xFDFFF000


mem[X,0x80000620] -> 0x0117
mem[X,0x80000622] -> 0x0000
[397] [M]: 0x80000620 (0x00000117) auipc sp, 0
x2 <- 0x80000620


mem[X,0x80000624] -> 0x0113
mem[X,0x80000626] -> 0x0081
[398] [M]: 0x80000624 (0x00810113) addi sp, sp, 8
x2 <- 0x80000628


mem[X,0x80000628] -> 0xF517
mem[X,0x8000062A] -> 0xFBFF
[399] [M]: 0x80000628 (0xFBFFF517) auipc a0, 1032191
x10 <- 0x7BFFF628


clint::tick mtime <- 0x0000000000000004
 clint timer pending at mtime 0x0000000000000004
htif::tick 0x0000000000000000
mem[X,0x8000062C] -> 0x0533
mem[X,0x8000062E] -> 0x4025
[400] [M]: 0x8000062C (0x40250533) sub a0, a0, sp
x10 <- 0xFBFFF000


mem[X,0x80000630] -> 0xA023
mem[X,0x80000632] -> 0x08A0
[401] [M]: 0x80000630 (0x08A0A023) sw a0, 128(ra)
mem[0x80003208] <- 0xFBFFF000


mem[X,0x80000634] -> 0x0117
mem[X,0x80000636] -> 0x0000
[402] [M]: 0x80000634 (0x00000117) auipc sp, 0
x2 <- 0x80000634


mem[X,0x80000638] -> 0x0113
mem[X,0x8000063A] -> 0x0081
[403] [M]: 0x80000638 (0x00810113) addi sp, sp, 8
x2 <- 0x8000063C


mem[X,0x8000063C] -> 0xF517
mem[X,0x8000063E] -> 0xF7FF
[404] [M]: 0x8000063C (0xF7FFF517) auipc a0, 1015807
x10 <- 0x77FFF63C


mem[X,0x80000640] -> 0x0533
mem[X,0x80000642] -> 0x4025
[405] [M]: 0x80000640 (0x40250533) sub a0, a0, sp
x10 <- 0xF7FFF000


mem[X,0x80000644] -> 0xA223
mem[X,0x80000646] -> 0x08A0
[406] [M]: 0x80000644 (0x08A0A223) sw a0, 132(ra)
mem[0x8000320C] <- 0xF7FFF000


mem[X,0x80000648] -> 0x0117
mem[X,0x8000064A] -> 0x0000
[407] [M]: 0x80000648 (0x00000117) auipc sp, 0
x2 <- 0x80000648


mem[X,0x8000064C] -> 0x0113
mem[X,0x8000064E] -> 0x0081
[408] [M]: 0x8000064C (0x00810113) addi sp, sp, 8
x2 <- 0x80000650


mem[X,0x80000650] -> 0x6517
mem[X,0x80000652] -> 0x0000
[409] [M]: 0x80000650 (0x00006517) auipc a0, 6
x10 <- 0x80006650


mem[X,0x80000654] -> 0x0533
mem[X,0x80000656] -> 0x4025
[410] [M]: 0x80000654 (0x40250533) sub a0, a0, sp
x10 <- 0x00006000


mem[X,0x80000658] -> 0xA423
mem[X,0x8000065A] -> 0x08A0
[411] [M]: 0x80000658 (0x08A0A423) sw a0, 136(ra)
mem[0x80003210] <- 0x00006000


mem[X,0x8000065C] -> 0x006F
mem[X,0x8000065E] -> 0x0200
[412] [M]: 0x8000065C (0x0200006F) jal zero, 32


mem[X,0x8000067C] -> 0x0093
mem[X,0x8000067E] -> 0x0010
[413] [M]: 0x8000067C (0x00100093) addi ra, zero, 1
x1 <- 0x00000001


mem[X,0x80000680] -> 0x1F17
mem[X,0x80000682] -> 0x0000
[414] [M]: 0x80000680 (0x00001F17) auipc t5, 1
x30 <- 0x80001680


mem[X,0x80000684] -> 0x2023
mem[X,0x80000686] -> 0x981F
[415] [M]: 0x80000684 (0x981F2023) sw ra, 2432(t5)
htif[0x80001000] <- 0x00000001


mem[X,0x80000688] -> 0xF06F
mem[X,0x8000068A] -> 0xFF9F
[416] [M]: 0x80000688 (0xFF9FF06F) jal zero, 2097144


mem[X,0x80000680] -> 0x1F17
mem[X,0x80000682] -> 0x0000
[417] [M]: 0x80000680 (0x00001F17) auipc t5, 1
x30 <- 0x80001680


mem[X,0x80000684] -> 0x2023
mem[X,0x80000686] -> 0x981F
[418] [M]: 0x80000684 (0x981F2023) sw ra, 2432(t5)
htif[0x80001000] <- 0x00000001


mem[X,0x80000688] -> 0xF06F
mem[X,0x8000068A] -> 0xFF9F
[419] [M]: 0x80000688 (0xFF9FF06F) jal zero, 2097144


mem[X,0x80000680] -> 0x1F17
mem[X,0x80000682] -> 0x0000
[420] [M]: 0x80000680 (0x00001F17) auipc t5, 1
x30 <- 0x80001680


mem[X,0x80000684] -> 0x2023
mem[X,0x80000686] -> 0x981F
[421] [M]: 0x80000684 (0x981F2023) sw ra, 2432(t5)
htif[0x80001000] <- 0x00000001
htif-syscall-proxy cmd: 0x000000000001

SUCCESS
