using /home/abdul_waheed/github_files/UET-Pcore-with-c-ext/verif/riscof_work/I/src/bge-01.S/ref/Reference-sail_c_simulator.signature for test-signature output.
[Sail] Allocating new block 0x80000000
tohost located at 0x80039000
[Sail] Allocating new block 0x0

Running file ref.elf.
ELF Entry @ 0x80000000
begin_signature: 0x8003b110
end_signature: 0x8003ba50
CSR mstatus <- 0x00000000 (input: 0x00000000)
mem[X,0x00001000] -> 0x0297
mem[X,0x00001002] -> 0x0000
[0] [M]: 0x00001000 (0x00000297) auipc t0, 0
x5 <- 0x00001000


mem[X,0x00001004] -> 0x8593
mem[X,0x00001006] -> 0x0202
[1] [M]: 0x00001004 (0x02028593) addi a1, t0, 32
x11 <- 0x00001020


mem[X,0x00001008] -> 0x2573
mem[X,0x0000100A] -> 0xF140
[2] [M]: 0x00001008 (0xF1402573) csrrs a0, mhartid, zero
CSR mhartid -> 0x00000000
x10 <- 0x00000000


mem[X,0x0000100C] -> 0xA283
mem[X,0x0000100E] -> 0x0182
[3] [M]: 0x0000100C (0x0182A283) lw t0, 24(t0)
mem[R,0x00001018] -> 0x80000000
x5 <- 0x80000000


mem[X,0x00001010] -> 0x8067
mem[X,0x00001012] -> 0x0002
[4] [M]: 0x00001010 (0x00028067) jalr zero, t0, 0


mem[X,0x80000000] -> 0xC0B7
mem[X,0x80000002] -> 0xFEED
[5] [M]: 0x80000000 (0xFEEDC0B7) lui ra, 1044188
x1 <- 0xFEEDC000


mem[X,0x80000004] -> 0x8093
mem[X,0x80000006] -> 0xEAD0
[6] [M]: 0x80000004 (0xEAD08093) addi ra, ra, 3757
x1 <- 0xFEEDBEAD


mem[X,0x80000008] -> 0xE137
mem[X,0x8000000A] -> 0xFF76
[7] [M]: 0x80000008 (0xFF76E137) lui sp, 1046382
x2 <- 0xFF76E000


mem[X,0x8000000C] -> 0x0113
mem[X,0x8000000E] -> 0xF561
[8] [M]: 0x8000000C (0xF5610113) addi sp, sp, 3926
x2 <- 0xFF76DF56


mem[X,0x80000010] -> 0x71B7
mem[X,0x80000012] -> 0x7FBB
[9] [M]: 0x80000010 (0x7FBB71B7) lui gp, 523191
x3 <- 0x7FBB7000


mem[X,0x80000014] -> 0x8193
mem[X,0x80000016] -> 0xFAB1
[10] [M]: 0x80000014 (0xFAB18193) addi gp, gp, 4011
x3 <- 0x7FBB6FAB


mem[X,0x80000018] -> 0xB237
mem[X,0x8000001A] -> 0xBFDD
[11] [M]: 0x80000018 (0xBFDDB237) lui tp, 785883
x4 <- 0xBFDDB000


mem[X,0x8000001C] -> 0x0213
mem[X,0x8000001E] -> 0x7D52
[12] [M]: 0x8000001C (0x7D520213) addi tp, tp, 2005
x4 <- 0xBFDDB7D5


mem[X,0x80000020] -> 0xE2B7
mem[X,0x80000022] -> 0xDFEE
[13] [M]: 0x80000020 (0xDFEEE2B7) lui t0, 917230
x5 <- 0xDFEEE000


mem[X,0x80000024] -> 0x8293
mem[X,0x80000026] -> 0xBEA2
[14] [M]: 0x80000024 (0xBEA28293) addi t0, t0, 3050
x5 <- 0xDFEEDBEA


mem[X,0x80000028] -> 0x7337
mem[X,0x8000002A] -> 0x6FF7
[15] [M]: 0x80000028 (0x6FF77337) lui t1, 458615
x6 <- 0x6FF77000


mem[X,0x8000002C] -> 0x0313
mem[X,0x8000002E] -> 0xDF53
[16] [M]: 0x8000002C (0xDF530313) addi t1, t1, 3573
x6 <- 0x6FF76DF5


mem[X,0x80000030] -> 0xB3B7
mem[X,0x80000032] -> 0xB7FB
[17] [M]: 0x80000030 (0xB7FBB3B7) lui t2, 753595
x7 <- 0xB7FBB000


mem[X,0x80000034] -> 0x8393
mem[X,0x80000036] -> 0x6FA3
[18] [M]: 0x80000034 (0x6FA38393) addi t2, t2, 1786
x7 <- 0xB7FBB6FA


mem[X,0x80000038] -> 0xE437
mem[X,0x8000003A] -> 0x5BFD
[19] [M]: 0x80000038 (0x5BFDE437) lui fp, 376798
x8 <- 0x5BFDE000


mem[X,0x8000003C] -> 0x0413
mem[X,0x8000003E] -> 0xB7D4
[20] [M]: 0x8000003C (0xB7D40413) addi fp, fp, 2941
x8 <- 0x5BFDDB7D


mem[X,0x80000040] -> 0xF4B7
mem[X,0x80000042] -> 0xADFE
[21] [M]: 0x80000040 (0xADFEF4B7) lui s1, 712687
x9 <- 0xADFEF000


mem[X,0x80000044] -> 0x8493
mem[X,0x80000046] -> 0xDBE4
[22] [M]: 0x80000044 (0xDBE48493) addi s1, s1, 3518
x9 <- 0xADFEEDBE


mem[X,0x80000048] -> 0x7537
mem[X,0x8000004A] -> 0x56FF
[23] [M]: 0x80000048 (0x56FF7537) lui a0, 356343
x10 <- 0x56FF7000


mem[X,0x8000004C] -> 0x0513
mem[X,0x8000004E] -> 0x6DF5
[24] [M]: 0x8000004C (0x6DF50513) addi a0, a0, 1759
x10 <- 0x56FF76DF


mem[X,0x80000050] -> 0xC5B7
mem[X,0x80000052] -> 0xAB7F
[25] [M]: 0x80000050 (0xAB7FC5B7) lui a1, 702460
x11 <- 0xAB7FC000


mem[X,0x80000054] -> 0x8593
mem[X,0x80000056] -> 0xB6F5
[26] [M]: 0x80000054 (0xB6F58593) addi a1, a1, 2927
x11 <- 0xAB7FBB6F


mem[X,0x80000058] -> 0xE637
mem[X,0x8000005A] -> 0xD5BF
[27] [M]: 0x80000058 (0xD5BFE637) lui a2, 875518
x12 <- 0xD5BFE000


mem[X,0x8000005C] -> 0x0613
mem[X,0x8000005E] -> 0xDB76
[28] [M]: 0x8000005C (0xDB760613) addi a2, a2, 3511
x12 <- 0xD5BFDDB7


mem[X,0x80000060] -> 0xF6B7
mem[X,0x80000062] -> 0xEADF
[29] [M]: 0x80000060 (0xEADFF6B7) lui a3, 962047
x13 <- 0xEADFF000


mem[X,0x80000064] -> 0x8693
mem[X,0x80000066] -> 0xEDB6
[30] [M]: 0x80000064 (0xEDB68693) addi a3, a3, 3803
x13 <- 0xEADFEEDB


mem[X,0x80000068] -> 0xF737
mem[X,0x8000006A] -> 0xF56F
[31] [M]: 0x80000068 (0xF56FF737) lui a4, 1005311
x14 <- 0xF56FF000


mem[X,0x8000006C] -> 0x0713
mem[X,0x8000006E] -> 0x76D7
[32] [M]: 0x8000006C (0x76D70713) addi a4, a4, 1901
x14 <- 0xF56FF76D


mem[X,0x80000070] -> 0x07B7
mem[X,0x80000072] -> 0xFAB8
[33] [M]: 0x80000070 (0xFAB807B7) lui a5, 1026944
x15 <- 0xFAB80000


mem[X,0x80000074] -> 0x8793
mem[X,0x80000076] -> 0xBB67
[34] [M]: 0x80000074 (0xBB678793) addi a5, a5, 2998
x15 <- 0xFAB7FBB6


mem[X,0x80000078] -> 0x0837
mem[X,0x8000007A] -> 0x7D5C
[35] [M]: 0x80000078 (0x7D5C0837) lui a6, 513472
x16 <- 0x7D5C0000


mem[X,0x8000007C] -> 0x0813
mem[X,0x8000007E] -> 0xDDB8
[36] [M]: 0x8000007C (0xDDB80813) addi a6, a6, 3547
x16 <- 0x7D5BFDDB


mem[X,0x80000080] -> 0x08B7
mem[X,0x80000082] -> 0xBEAE
[37] [M]: 0x80000080 (0xBEAE08B7) lui a7, 781024
x17 <- 0xBEAE0000


mem[X,0x80000084] -> 0x8893
mem[X,0x80000086] -> 0xEED8
[38] [M]: 0x80000084 (0xEED88893) addi a7, a7, 3821
x17 <- 0xBEADFEED


mem[X,0x80000088] -> 0x0937
mem[X,0x8000008A] -> 0xDF57
[39] [M]: 0x80000088 (0xDF570937) lui s2, 914800
x18 <- 0xDF570000


mem[X,0x8000008C] -> 0x0913
mem[X,0x8000008E] -> 0xF769
[40] [M]: 0x8000008C (0xF7690913) addi s2, s2, 3958
x18 <- 0xDF56FF76


mem[X,0x80000090] -> 0x89B7
mem[X,0x80000092] -> 0x6FAB
[41] [M]: 0x80000090 (0x6FAB89B7) lui s3, 457400
x19 <- 0x6FAB8000


mem[X,0x80000094] -> 0x8993
mem[X,0x80000096] -> 0xFBB9
[42] [M]: 0x80000094 (0xFBB98993) addi s3, s3, 4027
x19 <- 0x6FAB7FBB


mem[X,0x80000098] -> 0xCA37
mem[X,0x8000009A] -> 0xB7D5
[43] [M]: 0x80000098 (0xB7D5CA37) lui s4, 752988
x20 <- 0xB7D5C000


mem[X,0x8000009C] -> 0x0A13
mem[X,0x8000009E] -> 0xFDDA
[44] [M]: 0x8000009C (0xFDDA0A13) addi s4, s4, 4061
x20 <- 0xB7D5BFDD


mem[X,0x800000A0] -> 0xEAB7
mem[X,0x800000A2] -> 0xDBEA
[45] [M]: 0x800000A0 (0xDBEAEAB7) lui s5, 900782
x21 <- 0xDBEAE000


mem[X,0x800000A4] -> 0x8A93
mem[X,0x800000A6] -> 0xFEEA
[46] [M]: 0x800000A4 (0xFEEA8A93) addi s5, s5, 4078
x21 <- 0xDBEADFEE


mem[X,0x800000A8] -> 0x7B37
mem[X,0x800000AA] -> 0x6DF5
[47] [M]: 0x800000A8 (0x6DF57B37) lui s6, 450391
x22 <- 0x6DF57000


mem[X,0x800000AC] -> 0x0B13
mem[X,0x800000AE] -> 0xFF7B
[48] [M]: 0x800000AC (0xFF7B0B13) addi s6, s6, 4087
x22 <- 0x6DF56FF7


mem[X,0x800000B0] -> 0xBBB7
mem[X,0x800000B2] -> 0xB6FA
[49] [M]: 0x800000B0 (0xB6FABBB7) lui s7, 749483
x23 <- 0xB6FAB000


mem[X,0x800000B4] -> 0x8B93
mem[X,0x800000B6] -> 0x7FBB
[50] [M]: 0x800000B4 (0x7FBB8B93) addi s7, s7, 2043
x23 <- 0xB6FAB7FB


mem[X,0x800000B8] -> 0x6C37
mem[X,0x800000BA] -> 0xDB7D
[51] [M]: 0x800000B8 (0xDB7D6C37) lui s8, 899030
x24 <- 0xDB7D6000


mem[X,0x800000BC] -> 0x0C13
mem[X,0x800000BE] -> 0xBFDC
[52] [M]: 0x800000BC (0xBFDC0C13) addi s8, s8, 3069
x24 <- 0xDB7D5BFD


mem[X,0x800000C0] -> 0xBCB7
mem[X,0x800000C2] -> 0xEDBE
[53] [M]: 0x800000C0 (0xEDBEBCB7) lui s9, 973803
x25 <- 0xEDBEB000


mem[X,0x800000C4] -> 0x8C93
mem[X,0x800000C6] -> 0xDFEC
[54] [M]: 0x800000C4 (0xDFEC8C93) addi s9, s9, 3582
x25 <- 0xEDBEADFE


mem[X,0x800000C8] -> 0x5D37
mem[X,0x800000CA] -> 0x76DF
[55] [M]: 0x800000C8 (0x76DF5D37) lui s10, 486901
x26 <- 0x76DF5000


mem[X,0x800000CC] -> 0x0D13
mem[X,0x800000CE] -> 0x6FFD
[56] [M]: 0x800000CC (0x6FFD0D13) addi s10, s10, 1791
x26 <- 0x76DF56FF


mem[X,0x800000D0] -> 0xBDB7
mem[X,0x800000D2] -> 0xBB6F
[57] [M]: 0x800000D0 (0xBB6FBDB7) lui s11, 767739
x27 <- 0xBB6FB000


mem[X,0x800000D4] -> 0x8D93
mem[X,0x800000D6] -> 0xB7FD
[58] [M]: 0x800000D4 (0xB7FD8D93) addi s11, s11, 2943
x27 <- 0xBB6FAB7F


mem[X,0x800000D8] -> 0xDE37
mem[X,0x800000DA] -> 0xDDB7
[59] [M]: 0x800000D8 (0xDDB7DE37) lui t3, 908157
x28 <- 0xDDB7D000


mem[X,0x800000DC] -> 0x0E13
mem[X,0x800000DE] -> 0x5BFE
[60] [M]: 0x800000DC (0x5BFE0E13) addi t3, t3, 1471
x28 <- 0xDDB7D5BF


mem[X,0x800000E0] -> 0xFEB7
mem[X,0x800000E2] -> 0xEEDB
[61] [M]: 0x800000E0 (0xEEDBFEB7) lui t4, 978367
x29 <- 0xEEDBF000


mem[X,0x800000E4] -> 0x8E93
mem[X,0x800000E6] -> 0xADFE
[62] [M]: 0x800000E4 (0xADFE8E93) addi t4, t4, 2783
x29 <- 0xEEDBEADF


mem[X,0x800000E8] -> 0xFF37
mem[X,0x800000EA] -> 0xF76D
[63] [M]: 0x800000E8 (0xF76DFF37) lui t5, 1013471
x30 <- 0xF76DF000


mem[X,0x800000EC] -> 0x0F13
mem[X,0x800000EE] -> 0x56FF
[64] [M]: 0x800000EC (0x56FF0F13) addi t5, t5, 1391
x30 <- 0xF76DF56F


mem[X,0x800000F0] -> 0x0FB7
mem[X,0x800000F2] -> 0xFBB7
[65] [M]: 0x800000F0 (0xFBB70FB7) lui t6, 1031024
x31 <- 0xFBB70000


mem[X,0x800000F4] -> 0x8F93
mem[X,0x800000F6] -> 0xAB7F
[66] [M]: 0x800000F4 (0xAB7F8F93) addi t6, t6, 2743
x31 <- 0xFBB6FAB7


mem[X,0x800000F8] -> 0x0013
mem[X,0x800000FA] -> 0x0000
[67] [M]: 0x800000F8 (0x00000013) addi zero, zero, 0


mem[X,0x800000FC] -> 0x0013
mem[X,0x800000FE] -> 0x0000
[68] [M]: 0x800000FC (0x00000013) addi zero, zero, 0


mem[X,0x80000100] -> 0xB097
mem[X,0x80000102] -> 0x0003
[69] [M]: 0x80000100 (0x0003B097) auipc ra, 59
x1 <- 0x8003B100


mem[X,0x80000104] -> 0x8093
mem[X,0x80000106] -> 0x0140
[70] [M]: 0x80000104 (0x01408093) addi ra, ra, 20
x1 <- 0x8003B114


mem[X,0x80000108] -> 0x0013
mem[X,0x8000010A] -> 0x0000
[71] [M]: 0x80000108 (0x00000013) addi zero, zero, 0


mem[X,0x8000010C] -> 0x0013
mem[X,0x8000010E] -> 0x0000
[72] [M]: 0x8000010C (0x00000013) addi zero, zero, 0


mem[X,0x80000110] -> 0x0013
mem[X,0x80000112] -> 0x0000
[73] [M]: 0x80000110 (0x00000013) addi zero, zero, 0


mem[X,0x80000114] -> 0x0013
mem[X,0x80000116] -> 0x0000
[74] [M]: 0x80000114 (0x00000013) addi zero, zero, 0


mem[X,0x80000118] -> 0x0013
mem[X,0x8000011A] -> 0x0000
[75] [M]: 0x80000118 (0x00000013) addi zero, zero, 0


mem[X,0x8000011C] -> 0x0013
mem[X,0x8000011E] -> 0x0000
[76] [M]: 0x8000011C (0x00000013) addi zero, zero, 0


mem[X,0x80000120] -> 0x0DB7
mem[X,0x80000122] -> 0x0001
[77] [M]: 0x80000120 (0x00010DB7) lui s11, 16
x27 <- 0x00010000


mem[X,0x80000124] -> 0x0DB7
mem[X,0x80000126] -> 0x0001
[78] [M]: 0x80000124 (0x00010DB7) lui s11, 16
x27 <- 0x00010000


mem[X,0x80000128] -> 0x0193
mem[X,0x8000012A] -> 0x0000
[79] [M]: 0x80000128 (0x00000193) addi gp, zero, 0
x3 <- 0x00000000


mem[X,0x8000012C] -> 0x006F
mem[X,0x8000012E] -> 0x00C0
[80] [M]: 0x8000012C (0x00C0006F) jal zero, 12


mem[X,0x80000138] -> 0xD063
mem[X,0x8000013A] -> 0x21BD
[81] [M]: 0x80000138 (0x21BDD063) bge s11, s11, 512


mem[X,0x80000338] -> 0x8193
mem[X,0x8000033A] -> 0x0031
[82] [M]: 0x80000338 (0x00318193) addi gp, gp, 3
x3 <- 0x00000003


mem[X,0x8000033C] -> 0x006F
mem[X,0x8000033E] -> 0x0040
[83] [M]: 0x8000033C (0x0040006F) jal zero, 4


mem[X,0x80000340] -> 0xA023
mem[X,0x80000342] -> 0x0030
[84] [M]: 0x80000340 (0x0030A023) sw gp, 0(ra)
mem[0x8003B114] <- 0x00000003


mem[X,0x80000344] -> 0x0693
mem[X,0x80000346] -> 0x0020
[85] [M]: 0x80000344 (0x00200693) addi a3, zero, 2
x13 <- 0x00000002


mem[X,0x80000348] -> 0x02B7
mem[X,0x8000034A] -> 0xFF80
[86] [M]: 0x80000348 (0xFF8002B7) lui t0, 1046528
x5 <- 0xFF800000


mem[X,0x8000034C] -> 0x8293
mem[X,0x8000034E] -> 0xFFF2
[87] [M]: 0x8000034C (0xFFF28293) addi t0, t0, 4095
x5 <- 0xFF7FFFFF


mem[X,0x80000350] -> 0x0193
mem[X,0x80000352] -> 0x0000
[88] [M]: 0x80000350 (0x00000193) addi gp, zero, 0
x3 <- 0x00000000


mem[X,0x80000354] -> 0x006F
mem[X,0x80000356] -> 0x00C0
[89] [M]: 0x80000354 (0x00C0006F) jal zero, 12


mem[X,0x80000360] -> 0xD063
mem[X,0x80000362] -> 0x0856
[90] [M]: 0x80000360 (0x0856D063) bge a3, t0, 128


mem[X,0x800003E0] -> 0x8193
mem[X,0x800003E2] -> 0x0031
[91] [M]: 0x800003E0 (0x00318193) addi gp, gp, 3
x3 <- 0x00000003


mem[X,0x800003E4] -> 0x006F
mem[X,0x800003E6] -> 0x0040
[92] [M]: 0x800003E4 (0x0040006F) jal zero, 4


mem[X,0x800003E8] -> 0xA223
mem[X,0x800003EA] -> 0x0030
[93] [M]: 0x800003E8 (0x0030A223) sw gp, 4(ra)
mem[0x8003B118] <- 0x00000003


mem[X,0x800003EC] -> 0x0393
mem[X,0x800003EE] -> 0xFFE0
[94] [M]: 0x800003EC (0xFFE00393) addi t2, zero, 4094
x7 <- 0xFFFFFFFE


mem[X,0x800003F0] -> 0x0A13
mem[X,0x800003F2] -> 0xFF60
[95] [M]: 0x800003F0 (0xFF600A13) addi s4, zero, 4086
x20 <- 0xFFFFFFF6


mem[X,0x800003F4] -> 0x0193
mem[X,0x800003F6] -> 0x0000
[96] [M]: 0x800003F4 (0x00000193) addi gp, zero, 0
x3 <- 0x00000000


mem[X,0x800003F8] -> 0x006F
mem[X,0x800003FA] -> 0x00C0
[97] [M]: 0x800003F8 (0x00C0006F) jal zero, 12


mem[X,0x80000404] -> 0xD663
mem[X,0x80000406] -> 0x0143
[98] [M]: 0x80000404 (0x0143D663) bge t2, s4, 12


mem[X,0x80000410] -> 0x8193
mem[X,0x80000412] -> 0x0031
[99] [M]: 0x80000410 (0x00318193) addi gp, gp, 3
x3 <- 0x00000003


clint::tick mtime <- 0x0000000000000001
 clint timer pending at mtime 0x0000000000000001
htif::tick 0x0000000000000000
mem[X,0x80000414] -> 0x006F
mem[X,0x80000416] -> 0x0040
[100] [M]: 0x80000414 (0x0040006F) jal zero, 4


mem[X,0x80000418] -> 0xA423
mem[X,0x8000041A] -> 0x0030
[101] [M]: 0x80000418 (0x0030A423) sw gp, 8(ra)
mem[0x8003B11C] <- 0x00000003


mem[X,0x8000041C] -> 0x0BB7
mem[X,0x8000041E] -> 0xF800
[102] [M]: 0x8000041C (0xF8000BB7) lui s7, 1015808
x23 <- 0xF8000000


mem[X,0x80000420] -> 0x8B93
mem[X,0x80000422] -> 0xFFFB
[103] [M]: 0x80000420 (0xFFFB8B93) addi s7, s7, 4095
x23 <- 0xF7FFFFFF


mem[X,0x80000424] -> 0x0713
mem[X,0x80000426] -> 0x0020
[104] [M]: 0x80000424 (0x00200713) addi a4, zero, 2
x14 <- 0x00000002


mem[X,0x80000428] -> 0x0193
mem[X,0x8000042A] -> 0x0000
[105] [M]: 0x80000428 (0x00000193) addi gp, zero, 0
x3 <- 0x00000000


mem[X,0x8000042C] -> 0x006F
mem[X,0x8000042E] -> 0x00C0
[106] [M]: 0x8000042C (0x00C0006F) jal zero, 12


mem[X,0x80000438] -> 0xD063
mem[X,0x8000043A] -> 0x02EB
[107] [M]: 0x80000438 (0x02EBD063) bge s7, a4, 32


mem[X,0x8000043C] -> 0x8193
mem[X,0x8000043E] -> 0x0021
[108] [M]: 0x8000043C (0x00218193) addi gp, gp, 2
x3 <- 0x00000002


mem[X,0x80000440] -> 0x006F
mem[X,0x80000442] -> 0x0200
[109] [M]: 0x80000440 (0x0200006F) jal zero, 32


mem[X,0x80000460] -> 0xA623
mem[X,0x80000462] -> 0x0030
[110] [M]: 0x80000460 (0x0030A623) sw gp, 12(ra)
mem[0x8003B120] <- 0x00000002


mem[X,0x80000464] -> 0x0B13
mem[X,0x80000466] -> 0xFFB0
[111] [M]: 0x80000464 (0xFFB00B13) addi s6, zero, 4091
x22 <- 0xFFFFFFFB


mem[X,0x80000468] -> 0x0793
mem[X,0x8000046A] -> 0xFFB0
[112] [M]: 0x80000468 (0xFFB00793) addi a5, zero, 4091
x15 <- 0xFFFFFFFB


mem[X,0x8000046C] -> 0x0193
mem[X,0x8000046E] -> 0x0000
[113] [M]: 0x8000046C (0x00000193) addi gp, zero, 0
x3 <- 0x00000000


mem[X,0x80000470] -> 0x006F
mem[X,0x80000472] -> 0x00C0
[114] [M]: 0x80000470 (0x00C0006F) jal zero, 12


mem[X,0x8000047C] -> 0x5663
mem[X,0x8000047E] -> 0x00FB
[115] [M]: 0x8000047C (0x00FB5663) bge s6, a5, 12


mem[X,0x80000488] -> 0x8193
mem[X,0x8000048A] -> 0x0031
[116] [M]: 0x80000488 (0x00318193) addi gp, gp, 3
x3 <- 0x00000003


mem[X,0x8000048C] -> 0x006F
mem[X,0x8000048E] -> 0x0040
[117] [M]: 0x8000048C (0x0040006F) jal zero, 4


mem[X,0x80000490] -> 0xA823
mem[X,0x80000492] -> 0x0030
[118] [M]: 0x80000490 (0x0030A823) sw gp, 16(ra)
mem[0x8003B124] <- 0x00000003


mem[X,0x80000494] -> 0x67B7
mem[X,0x80000496] -> 0x6666
[119] [M]: 0x80000494 (0x666667B7) lui a5, 419430
x15 <- 0x66666000


mem[X,0x80000498] -> 0x8793
mem[X,0x8000049A] -> 0x6677
[120] [M]: 0x80000498 (0x66778793) addi a5, a5, 1639
x15 <- 0x66666667


mem[X,0x8000049C] -> 0x6D37
mem[X,0x8000049E] -> 0x6666
[121] [M]: 0x8000049C (0x66666D37) lui s10, 419430
x26 <- 0x66666000


mem[X,0x800004A0] -> 0x0D13
mem[X,0x800004A2] -> 0x667D
[122] [M]: 0x800004A0 (0x667D0D13) addi s10, s10, 1639
x26 <- 0x66666667


mem[X,0x800004A4] -> 0x0193
mem[X,0x800004A6] -> 0x0000
[123] [M]: 0x800004A4 (0x00000193) addi gp, zero, 0
x3 <- 0x00000000


mem[X,0x800004A8] -> 0x006F
mem[X,0x800004AA] -> 0x0140
[124] [M]: 0x800004A8 (0x0140006F) jal zero, 20


mem[X,0x800004BC] -> 0xD8E3
mem[X,0x800004BE] -> 0xFFA7
[125] [M]: 0x800004BC (0xFFA7D8E3) bge a5, s10, 8176


mem[X,0x800004AC] -> 0x8193
mem[X,0x800004AE] -> 0x0011
[126] [M]: 0x800004AC (0x00118193) addi gp, gp, 1
x3 <- 0x00000001


mem[X,0x800004B0] -> 0x006F
mem[X,0x800004B2] -> 0x0200
[127] [M]: 0x800004B0 (0x0200006F) jal zero, 32


mem[X,0x800004D0] -> 0xAA23
mem[X,0x800004D2] -> 0x0030
[128] [M]: 0x800004D0 (0x0030AA23) sw gp, 20(ra)
mem[0x8003B128] <- 0x00000001


mem[X,0x800004D4] -> 0x0713
mem[X,0x800004D6] -> 0xFF80
[129] [M]: 0x800004D4 (0xFF800713) addi a4, zero, 4088
x14 <- 0xFFFFFFF8


mem[X,0x800004D8] -> 0x0C37
mem[X,0x800004DA] -> 0xFE00
[130] [M]: 0x800004D8 (0xFE000C37) lui s8, 1040384
x24 <- 0xFE000000


mem[X,0x800004DC] -> 0x0C13
mem[X,0x800004DE] -> 0xFFFC
[131] [M]: 0x800004DC (0xFFFC0C13) addi s8, s8, 4095
x24 <- 0xFDFFFFFF


mem[X,0x800004E0] -> 0x0193
mem[X,0x800004E2] -> 0x0000
[132] [M]: 0x800004E0 (0x00000193) addi gp, zero, 0
x3 <- 0x00000000


mem[X,0x800004E4] -> 0x006F
mem[X,0x800004E6] -> 0x0050
[133] [M]: 0x800004E4 (0x0050006F) jal zero, 2052


mem[X,0x80000CE8] -> 0x50E3
mem[X,0x80000CEA] -> 0x8187
[134] [M]: 0x80000CE8 (0x818750E3) bge a4, s8, 6144


mem[X,0x800004E8] -> 0x8193
mem[X,0x800004EA] -> 0x0011
[135] [M]: 0x800004E8 (0x00118193) addi gp, gp, 1
x3 <- 0x00000001


mem[X,0x800004EC] -> 0x006F
mem[X,0x800004EE] -> 0x0110
[136] [M]: 0x800004EC (0x0110006F) jal zero, 2064


mem[X,0x80000CFC] -> 0xAC23
mem[X,0x80000CFE] -> 0x0030
[137] [M]: 0x80000CFC (0x0030AC23) sw gp, 24(ra)
mem[0x8003B12C] <- 0x00000001


mem[X,0x80000D00] -> 0x5EB7
mem[X,0x80000D02] -> 0xFFFF
[138] [M]: 0x80000D00 (0xFFFF5EB7) lui t4, 1048565
x29 <- 0xFFFF5000


mem[X,0x80000D04] -> 0x8E93
mem[X,0x80000D06] -> 0xAFCE
[139] [M]: 0x80000D04 (0xAFCE8E93) addi t4, t4, 2812
x29 <- 0xFFFF4AFC


mem[X,0x80000D08] -> 0x08B7
mem[X,0x80000D0A] -> 0x0001
[140] [M]: 0x80000D08 (0x000108B7) lui a7, 16
x17 <- 0x00010000


mem[X,0x80000D0C] -> 0x0193
mem[X,0x80000D0E] -> 0x0000
[141] [M]: 0x80000D0C (0x00000193) addi gp, zero, 0
x3 <- 0x00000000


mem[X,0x80000D10] -> 0x006F
mem[X,0x80000D12] -> 0x0050
[142] [M]: 0x80000D10 (0x0050006F) jal zero, 2052


mem[X,0x80001514] -> 0xD0E3
mem[X,0x80001516] -> 0x811E
[143] [M]: 0x80001514 (0x811ED0E3) bge t4, a7, 6144


mem[X,0x80001518] -> 0x8193
mem[X,0x8000151A] -> 0x0021
[144] [M]: 0x80001518 (0x00218193) addi gp, gp, 2
x3 <- 0x00000002


mem[X,0x8000151C] -> 0x006F
mem[X,0x8000151E] -> 0x00C0
[145] [M]: 0x8000151C (0x00C0006F) jal zero, 12


mem[X,0x80001528] -> 0xAE23
mem[X,0x8000152A] -> 0x0030
[146] [M]: 0x80001528 (0x0030AE23) sw gp, 28(ra)
mem[0x8003B130] <- 0x00000002


mem[X,0x8000152C] -> 0x0593
mem[X,0x8000152E] -> 0x0800
[147] [M]: 0x8000152C (0x08000593) addi a1, zero, 128
x11 <- 0x00000080


mem[X,0x80001530] -> 0x0993
mem[X,0x80001532] -> 0x0010
[148] [M]: 0x80001530 (0x00100993) addi s3, zero, 1
x19 <- 0x00000001


mem[X,0x80001534] -> 0x0193
mem[X,0x80001536] -> 0x0000
[149] [M]: 0x80001534 (0x00000193) addi gp, zero, 0
x3 <- 0x00000000


mem[X,0x80001538] -> 0x006F
mem[X,0x8000153A] -> 0x00C0
[150] [M]: 0x80001538 (0x00C0006F) jal zero, 12


mem[X,0x80001544] -> 0xD663
mem[X,0x80001546] -> 0x0135
[151] [M]: 0x80001544 (0x0135D663) bge a1, s3, 12


mem[X,0x80001550] -> 0x8193
mem[X,0x80001552] -> 0x0031
[152] [M]: 0x80001550 (0x00318193) addi gp, gp, 3
x3 <- 0x00000003


mem[X,0x80001554] -> 0x006F
mem[X,0x80001556] -> 0x0040
[153] [M]: 0x80001554 (0x0040006F) jal zero, 4


mem[X,0x80001558] -> 0xA023
mem[X,0x8000155A] -> 0x0230
[154] [M]: 0x80001558 (0x0230A023) sw gp, 32(ra)
mem[0x8003B134] <- 0x00000003


mem[X,0x8000155C] -> 0x0337
mem[X,0x8000155E] -> 0x0040
[155] [M]: 0x8000155C (0x00400337) lui t1, 1024
x6 <- 0x00400000


mem[X,0x80001560] -> 0x0913
mem[X,0x80001562] -> 0x0080
[156] [M]: 0x80001560 (0x00800913) addi s2, zero, 8
x18 <- 0x00000008


mem[X,0x80001564] -> 0x0193
mem[X,0x80001566] -> 0x0000
[157] [M]: 0x80001564 (0x00000193) addi gp, zero, 0
x3 <- 0x00000000


mem[X,0x80001568] -> 0x006F
mem[X,0x8000156A] -> 0x00C0
[158] [M]: 0x80001568 (0x00C0006F) jal zero, 12


mem[X,0x80001574] -> 0x5663
mem[X,0x80001576] -> 0x0123
[159] [M]: 0x80001574 (0x01235663) bge t1, s2, 12


mem[X,0x80001580] -> 0x8193
mem[X,0x80001582] -> 0x0031
[160] [M]: 0x80001580 (0x00318193) addi gp, gp, 3
x3 <- 0x00000003


mem[X,0x80001584] -> 0x006F
mem[X,0x80001586] -> 0x0040
[161] [M]: 0x80001584 (0x0040006F) jal zero, 4


mem[X,0x80001588] -> 0xA223
mem[X,0x8000158A] -> 0x0230
[162] [M]: 0x80001588 (0x0230A223) sw gp, 36(ra)
mem[0x8003B138] <- 0x00000003


mem[X,0x8000158C] -> 0x0E13
mem[X,0x8000158E] -> 0xFFF0
[163] [M]: 0x8000158C (0xFFF00E13) addi t3, zero, 4095
x28 <- 0xFFFFFFFF


mem[X,0x80001590] -> 0x0413
mem[X,0x80001592] -> 0x0100
[164] [M]: 0x80001590 (0x01000413) addi fp, zero, 16
x8 <- 0x00000010


mem[X,0x80001594] -> 0x0193
mem[X,0x80001596] -> 0x0000
[165] [M]: 0x80001594 (0x00000193) addi gp, zero, 0
x3 <- 0x00000000


mem[X,0x80001598] -> 0x006F
mem[X,0x8000159A] -> 0x00C0
[166] [M]: 0x80001598 (0x00C0006F) jal zero, 12


mem[X,0x800015A4] -> 0x5063
mem[X,0x800015A6] -> 0x408E
[167] [M]: 0x800015A4 (0x408E5063) bge t3, fp, 1024


mem[X,0x800015A8] -> 0x8193
mem[X,0x800015AA] -> 0x0021
[168] [M]: 0x800015A8 (0x00218193) addi gp, gp, 2
x3 <- 0x00000002


mem[X,0x800015AC] -> 0x006F
mem[X,0x800015AE] -> 0x4000
[169] [M]: 0x800015AC (0x4000006F) jal zero, 1024


mem[X,0x800019AC] -> 0xA423
mem[X,0x800019AE] -> 0x0230
[170] [M]: 0x800019AC (0x0230A423) sw gp, 40(ra)
mem[0x8003B13C] <- 0x00000002


mem[X,0x800019B0] -> 0x0A13
mem[X,0x800019B2] -> 0x0400
[171] [M]: 0x800019B0 (0x04000A13) addi s4, zero, 64
x20 <- 0x00000040


mem[X,0x800019B4] -> 0x0E93
mem[X,0x800019B6] -> 0x0200
[172] [M]: 0x800019B4 (0x02000E93) addi t4, zero, 32
x29 <- 0x00000020


mem[X,0x800019B8] -> 0x0193
mem[X,0x800019BA] -> 0x0000
[173] [M]: 0x800019B8 (0x00000193) addi gp, zero, 0
x3 <- 0x00000000


mem[X,0x800019BC] -> 0x006F
mem[X,0x800019BE] -> 0x00C0
[174] [M]: 0x800019BC (0x00C0006F) jal zero, 12


mem[X,0x800019C8] -> 0x5863
mem[X,0x800019CA] -> 0x01DA
[175] [M]: 0x800019C8 (0x01DA5863) bge s4, t4, 16


mem[X,0x800019D8] -> 0x8193
mem[X,0x800019DA] -> 0x0031
[176] [M]: 0x800019D8 (0x00318193) addi gp, gp, 3
x3 <- 0x00000003


mem[X,0x800019DC] -> 0x006F
mem[X,0x800019DE] -> 0x0040
[177] [M]: 0x800019DC (0x0040006F) jal zero, 4


mem[X,0x800019E0] -> 0xA623
mem[X,0x800019E2] -> 0x0230
[178] [M]: 0x800019E0 (0x0230A623) sw gp, 44(ra)
mem[0x8003B140] <- 0x00000003


mem[X,0x800019E4] -> 0x0C37
mem[X,0x800019E6] -> 0xFFF0
[179] [M]: 0x800019E4 (0xFFF00C37) lui s8, 1048320
x24 <- 0xFFF00000


mem[X,0x800019E8] -> 0x0C13
mem[X,0x800019EA] -> 0xFFFC
[180] [M]: 0x800019E8 (0xFFFC0C13) addi s8, s8, 4095
x24 <- 0xFFEFFFFF


mem[X,0x800019EC] -> 0x0213
mem[X,0x800019EE] -> 0x0400
[181] [M]: 0x800019EC (0x04000213) addi tp, zero, 64
x4 <- 0x00000040


mem[X,0x800019F0] -> 0x0193
mem[X,0x800019F2] -> 0x0000
[182] [M]: 0x800019F0 (0x00000193) addi gp, zero, 0
x3 <- 0x00000000


mem[X,0x800019F4] -> 0x006F
mem[X,0x800019F6] -> 0x00C0
[183] [M]: 0x800019F4 (0x00C0006F) jal zero, 12


mem[X,0x80001A00] -> 0x5663
mem[X,0x80001A02] -> 0x004C
[184] [M]: 0x80001A00 (0x004C5663) bge s8, tp, 12


mem[X,0x80001A04] -> 0x8193
mem[X,0x80001A06] -> 0x0021
[185] [M]: 0x80001A04 (0x00218193) addi gp, gp, 2
x3 <- 0x00000002


mem[X,0x80001A08] -> 0x006F
mem[X,0x80001A0A] -> 0x00C0
[186] [M]: 0x80001A08 (0x00C0006F) jal zero, 12


mem[X,0x80001A14] -> 0xA823
mem[X,0x80001A16] -> 0x0230
[187] [M]: 0x80001A14 (0x0230A823) sw gp, 48(ra)
mem[0x8003B144] <- 0x00000002


mem[X,0x80001A18] -> 0x3637
mem[X,0x80001A1A] -> 0x3333
[188] [M]: 0x80001A18 (0x33333637) lui a2, 209715
x12 <- 0x33333000


mem[X,0x80001A1C] -> 0x0613
mem[X,0x80001A1E] -> 0x3336
[189] [M]: 0x80001A1C (0x33360613) addi a2, a2, 819
x12 <- 0x33333333


mem[X,0x80001A20] -> 0x0513
mem[X,0x80001A22] -> 0x0800
[190] [M]: 0x80001A20 (0x08000513) addi a0, zero, 128
x10 <- 0x00000080


mem[X,0x80001A24] -> 0x0193
mem[X,0x80001A26] -> 0x0000
[191] [M]: 0x80001A24 (0x00000193) addi gp, zero, 0
x3 <- 0x00000000


mem[X,0x80001A28] -> 0x006F
mem[X,0x80001A2A] -> 0x00C0
[192] [M]: 0x80001A28 (0x00C0006F) jal zero, 12


mem[X,0x80001A34] -> 0x5CE3
mem[X,0x80001A36] -> 0xFEA6
[193] [M]: 0x80001A34 (0xFEA65CE3) bge a2, a0, 8184


mem[X,0x80001A2C] -> 0x8193
mem[X,0x80001A2E] -> 0x0011
[194] [M]: 0x80001A2C (0x00118193) addi gp, gp, 1
x3 <- 0x00000001


mem[X,0x80001A30] -> 0x006F
mem[X,0x80001A32] -> 0x0180
[195] [M]: 0x80001A30 (0x0180006F) jal zero, 24


mem[X,0x80001A48] -> 0xAA23
mem[X,0x80001A4A] -> 0x0230
[196] [M]: 0x80001A48 (0x0230AA23) sw gp, 52(ra)
mem[0x8003B148] <- 0x00000001


mem[X,0x80001A4C] -> 0x0213
mem[X,0x80001A4E] -> 0x0800
[197] [M]: 0x80001A4C (0x08000213) addi tp, zero, 128
x4 <- 0x00000080


mem[X,0x80001A50] -> 0x0613
mem[X,0x80001A52] -> 0x1000
[198] [M]: 0x80001A50 (0x10000613) addi a2, zero, 256
x12 <- 0x00000100


mem[X,0x80001A54] -> 0x0193
mem[X,0x80001A56] -> 0x0000
[199] [M]: 0x80001A54 (0x00000193) addi gp, zero, 0
x3 <- 0x00000000


clint::tick mtime <- 0x0000000000000002
 clint timer pending at mtime 0x0000000000000002
htif::tick 0x0000000000000000
mem[X,0x80001A58] -> 0x006F
mem[X,0x80001A5A] -> 0x2B10
[200] [M]: 0x80001A58 (0x2B10006F) jal zero, 2736


mem[X,0x80002508] -> 0x5A63
mem[X,0x8000250A] -> 0xD4C2
[201] [M]: 0x80002508 (0xD4C25A63) bge tp, a2, 5460


mem[X,0x8000250C] -> 0x8193
mem[X,0x8000250E] -> 0x0021
[202] [M]: 0x8000250C (0x00218193) addi gp, gp, 2
x3 <- 0x00000002


mem[X,0x80002510] -> 0x006F
mem[X,0x80002512] -> 0x00C0
[203] [M]: 0x80002510 (0x00C0006F) jal zero, 12


mem[X,0x8000251C] -> 0xAC23
mem[X,0x8000251E] -> 0x0230
[204] [M]: 0x8000251C (0x0230AC23) sw gp, 56(ra)
mem[0x8003B14C] <- 0x00000002


mem[X,0x80002520] -> 0x0113
mem[X,0x80002522] -> 0x0000
[205] [M]: 0x80002520 (0x00000113) addi sp, zero, 0
x2 <- 0x00000000


mem[X,0x80002524] -> 0x0013
mem[X,0x80002526] -> 0x0000
[206] [M]: 0x80002524 (0x00000013) addi zero, zero, 0


mem[X,0x80002528] -> 0x0193
mem[X,0x8000252A] -> 0x0000
[207] [M]: 0x80002528 (0x00000193) addi gp, zero, 0
x3 <- 0x00000000


mem[X,0x8000252C] -> 0x006F
mem[X,0x8000252E] -> 0x0180
[208] [M]: 0x8000252C (0x0180006F) jal zero, 24


mem[X,0x80002544] -> 0x56E3
mem[X,0x80002546] -> 0xFE01
[209] [M]: 0x80002544 (0xFE0156E3) bge sp, zero, 8172


mem[X,0x80002530] -> 0x8193
mem[X,0x80002532] -> 0x0011
[210] [M]: 0x80002530 (0x00118193) addi gp, gp, 1
x3 <- 0x00000001


mem[X,0x80002534] -> 0x006F
mem[X,0x80002536] -> 0x0240
[211] [M]: 0x80002534 (0x0240006F) jal zero, 36


mem[X,0x80002558] -> 0xAE23
mem[X,0x8000255A] -> 0x0230
[212] [M]: 0x80002558 (0x0230AE23) sw gp, 60(ra)
mem[0x8003B150] <- 0x00000001


mem[X,0x8000255C] -> 0x0493
mem[X,0x8000255E] -> 0x0080
[213] [M]: 0x8000255C (0x00800493) addi s1, zero, 8
x9 <- 0x00000008


mem[X,0x80002560] -> 0x0B13
mem[X,0x80002562] -> 0x4000
[214] [M]: 0x80002560 (0x40000B13) addi s6, zero, 1024
x22 <- 0x00000400


mem[X,0x80002564] -> 0x0193
mem[X,0x80002566] -> 0x0000
[215] [M]: 0x80002564 (0x00000193) addi gp, zero, 0
x3 <- 0x00000000


mem[X,0x80002568] -> 0x006F
mem[X,0x8000256A] -> 0x0100
[216] [M]: 0x80002568 (0x0100006F) jal zero, 16


mem[X,0x80002578] -> 0xDAE3
mem[X,0x8000257A] -> 0xFF64
[217] [M]: 0x80002578 (0xFF64DAE3) bge s1, s6, 8180


mem[X,0x8000257C] -> 0x8193
mem[X,0x8000257E] -> 0x0021
[218] [M]: 0x8000257C (0x00218193) addi gp, gp, 2
x3 <- 0x00000002


mem[X,0x80002580] -> 0x006F
mem[X,0x80002582] -> 0x00C0
[219] [M]: 0x80002580 (0x00C0006F) jal zero, 12


mem[X,0x8000258C] -> 0xA023
mem[X,0x8000258E] -> 0x0430
[220] [M]: 0x8000258C (0x0430A023) sw gp, 64(ra)
mem[0x8003B154] <- 0x00000002


mem[X,0x80002590] -> 0x0893
mem[X,0x80002592] -> 0x0000
[221] [M]: 0x80002590 (0x00000893) addi a7, zero, 0
x17 <- 0x00000000


mem[X,0x80002594] -> 0x1FB7
mem[X,0x80002596] -> 0x0000
[222] [M]: 0x80002594 (0x00001FB7) lui t6, 1
x31 <- 0x00001000


mem[X,0x80002598] -> 0x8F93
mem[X,0x8000259A] -> 0x800F
[223] [M]: 0x80002598 (0x800F8F93) addi t6, t6, 2048
x31 <- 0x00000800


mem[X,0x8000259C] -> 0x0193
mem[X,0x8000259E] -> 0x0000
[224] [M]: 0x8000259C (0x00000193) addi gp, zero, 0
x3 <- 0x00000000


mem[X,0x800025A0] -> 0x006F
mem[X,0x800025A2] -> 0x00C0
[225] [M]: 0x800025A0 (0x00C0006F) jal zero, 12


mem[X,0x800025AC] -> 0xDCE3
mem[X,0x800025AE] -> 0xFFF8
[226] [M]: 0x800025AC (0xFFF8DCE3) bge a7, t6, 8184


mem[X,0x800025B0] -> 0x8193
mem[X,0x800025B2] -> 0x0021
[227] [M]: 0x800025B0 (0x00218193) addi gp, gp, 2
x3 <- 0x00000002


mem[X,0x800025B4] -> 0x006F
mem[X,0x800025B6] -> 0x00C0
[228] [M]: 0x800025B4 (0x00C0006F) jal zero, 12


mem[X,0x800025C0] -> 0xA223
mem[X,0x800025C2] -> 0x0430
[229] [M]: 0x800025C0 (0x0430A223) sw gp, 68(ra)
mem[0x8003B158] <- 0x00000002


mem[X,0x800025C4] -> 0xB537
mem[X,0x800025C6] -> 0xAAAA
[230] [M]: 0x800025C4 (0xAAAAB537) lui a0, 699051
x10 <- 0xAAAAB000


mem[X,0x800025C8] -> 0x0513
mem[X,0x800025CA] -> 0xAAA5
[231] [M]: 0x800025C8 (0xAAA50513) addi a0, a0, 2730
x10 <- 0xAAAAAAAA


mem[X,0x800025CC] -> 0x1F37
mem[X,0x800025CE] -> 0x0000
[232] [M]: 0x800025CC (0x00001F37) lui t5, 1
x30 <- 0x00001000


mem[X,0x800025D0] -> 0x0193
mem[X,0x800025D2] -> 0x0000
[233] [M]: 0x800025D0 (0x00000193) addi gp, zero, 0
x3 <- 0x00000000


mem[X,0x800025D4] -> 0x006F
mem[X,0x800025D6] -> 0x00C0
[234] [M]: 0x800025D4 (0x00C0006F) jal zero, 12


mem[X,0x800025E0] -> 0x5063
mem[X,0x800025E2] -> 0x03E5
[235] [M]: 0x800025E0 (0x03E55063) bge a0, t5, 32


mem[X,0x800025E4] -> 0x8193
mem[X,0x800025E6] -> 0x0021
[236] [M]: 0x800025E4 (0x00218193) addi gp, gp, 2
x3 <- 0x00000002


mem[X,0x800025E8] -> 0x006F
mem[X,0x800025EA] -> 0x0200
[237] [M]: 0x800025E8 (0x0200006F) jal zero, 32


mem[X,0x80002608] -> 0xA423
mem[X,0x8000260A] -> 0x0430
[238] [M]: 0x80002608 (0x0430A423) sw gp, 72(ra)
mem[0x8003B15C] <- 0x00000002


mem[X,0x8000260C] -> 0x6CB7
mem[X,0x8000260E] -> 0x6666
[239] [M]: 0x8000260C (0x66666CB7) lui s9, 419430
x25 <- 0x66666000


mem[X,0x80002610] -> 0x8C93
mem[X,0x80002612] -> 0x665C
[240] [M]: 0x80002610 (0x665C8C93) addi s9, s9, 1637
x25 <- 0x66666665


mem[X,0x80002614] -> 0x25B7
mem[X,0x80002616] -> 0x0000
[241] [M]: 0x80002614 (0x000025B7) lui a1, 2
x11 <- 0x00002000


mem[X,0x80002618] -> 0x0193
mem[X,0x8000261A] -> 0x0000
[242] [M]: 0x80002618 (0x00000193) addi gp, zero, 0
x3 <- 0x00000000


mem[X,0x8000261C] -> 0x006F
mem[X,0x8000261E] -> 0x00C0
[243] [M]: 0x8000261C (0x00C0006F) jal zero, 12


mem[X,0x80002628] -> 0xD663
mem[X,0x8000262A] -> 0x00BC
[244] [M]: 0x80002628 (0x00BCD663) bge s9, a1, 12


mem[X,0x80002634] -> 0x8193
mem[X,0x80002636] -> 0x0031
[245] [M]: 0x80002634 (0x00318193) addi gp, gp, 3
x3 <- 0x00000003


mem[X,0x80002638] -> 0x006F
mem[X,0x8000263A] -> 0x0040
[246] [M]: 0x80002638 (0x0040006F) jal zero, 4


mem[X,0x8000263C] -> 0xA623
mem[X,0x8000263E] -> 0x0430
[247] [M]: 0x8000263C (0x0430A623) sw gp, 76(ra)
mem[0x8003B160] <- 0x00000003


mem[X,0x80002640] -> 0x0A93
mem[X,0x80002642] -> 0x0050
[248] [M]: 0x80002640 (0x00500A93) addi s5, zero, 5
x21 <- 0x00000005


mem[X,0x80002644] -> 0x46B7
mem[X,0x80002646] -> 0x0000
[249] [M]: 0x80002644 (0x000046B7) lui a3, 4
x13 <- 0x00004000


mem[X,0x80002648] -> 0x0613
mem[X,0x8000264A] -> 0x0000
[250] [M]: 0x80002648 (0x00000613) addi a2, zero, 0
x12 <- 0x00000000


mem[X,0x8000264C] -> 0x006F
mem[X,0x8000264E] -> 0x00C0
[251] [M]: 0x8000264C (0x00C0006F) jal zero, 12


mem[X,0x80002658] -> 0xD063
mem[X,0x8000265A] -> 0x10DA
[252] [M]: 0x80002658 (0x10DAD063) bge s5, a3, 256


mem[X,0x8000265C] -> 0x0613
mem[X,0x8000265E] -> 0x0026
[253] [M]: 0x8000265C (0x00260613) addi a2, a2, 2
x12 <- 0x00000002


mem[X,0x80002660] -> 0x006F
mem[X,0x80002662] -> 0x1000
[254] [M]: 0x80002660 (0x1000006F) jal zero, 256


mem[X,0x80002760] -> 0xA823
mem[X,0x80002762] -> 0x04C0
[255] [M]: 0x80002760 (0x04C0A823) sw a2, 80(ra)
mem[0x8003B164] <- 0x00000002


mem[X,0x80002764] -> 0x0013
mem[X,0x80002766] -> 0x0000
[256] [M]: 0x80002764 (0x00000013) addi zero, zero, 0


mem[X,0x80002768] -> 0x0013
mem[X,0x8000276A] -> 0x0000
[257] [M]: 0x80002768 (0x00000013) addi zero, zero, 0


mem[X,0x8000276C] -> 0x0013
mem[X,0x8000276E] -> 0x0000
[258] [M]: 0x8000276C (0x00000013) addi zero, zero, 0


mem[X,0x80002770] -> 0x0013
mem[X,0x80002772] -> 0x0000
[259] [M]: 0x80002770 (0x00000013) addi zero, zero, 0


mem[X,0x80002774] -> 0x0013
mem[X,0x80002776] -> 0x0000
[260] [M]: 0x80002774 (0x00000013) addi zero, zero, 0


mem[X,0x80002778] -> 0x0013
mem[X,0x8000277A] -> 0x0000
[261] [M]: 0x80002778 (0x00000013) addi zero, zero, 0


mem[X,0x8000277C] -> 0x0013
mem[X,0x8000277E] -> 0x0000
[262] [M]: 0x8000277C (0x00000013) addi zero, zero, 0


mem[X,0x80002780] -> 0x9217
mem[X,0x80002782] -> 0x0003
[263] [M]: 0x80002780 (0x00039217) auipc tp, 57
x4 <- 0x8003B780


mem[X,0x80002784] -> 0x0213
mem[X,0x80002786] -> 0x9E82
[264] [M]: 0x80002784 (0x9E820213) addi tp, tp, 2536
x4 <- 0x8003B168


mem[X,0x80002788] -> 0x0013
mem[X,0x8000278A] -> 0x0000
[265] [M]: 0x80002788 (0x00000013) addi zero, zero, 0


mem[X,0x8000278C] -> 0x0013
mem[X,0x8000278E] -> 0x0000
[266] [M]: 0x8000278C (0x00000013) addi zero, zero, 0


mem[X,0x80002790] -> 0x0013
mem[X,0x80002792] -> 0x0000
[267] [M]: 0x80002790 (0x00000013) addi zero, zero, 0


mem[X,0x80002794] -> 0x0013
mem[X,0x80002796] -> 0x0000
[268] [M]: 0x80002794 (0x00000013) addi zero, zero, 0


mem[X,0x80002798] -> 0x0013
mem[X,0x8000279A] -> 0x0000
[269] [M]: 0x80002798 (0x00000013) addi zero, zero, 0


mem[X,0x8000279C] -> 0x0013
mem[X,0x8000279E] -> 0x0000
[270] [M]: 0x8000279C (0x00000013) addi zero, zero, 0


mem[X,0x800027A0] -> 0x0437
mem[X,0x800027A2] -> 0x0008
[271] [M]: 0x800027A0 (0x00080437) lui fp, 128
x8 <- 0x00080000


mem[X,0x800027A4] -> 0x8837
mem[X,0x800027A6] -> 0x0000
[272] [M]: 0x800027A4 (0x00008837) lui a6, 8
x16 <- 0x00008000


mem[X,0x800027A8] -> 0x0613
mem[X,0x800027AA] -> 0x0000
[273] [M]: 0x800027A8 (0x00000613) addi a2, zero, 0
x12 <- 0x00000000


mem[X,0x800027AC] -> 0x006F
mem[X,0x800027AE] -> 0x00C0
[274] [M]: 0x800027AC (0x00C0006F) jal zero, 12


mem[X,0x800027B8] -> 0x5063
mem[X,0x800027BA] -> 0x2104
[275] [M]: 0x800027B8 (0x21045063) bge fp, a6, 512


mem[X,0x800029B8] -> 0x0613
mem[X,0x800029BA] -> 0x0036
[276] [M]: 0x800029B8 (0x00360613) addi a2, a2, 3
x12 <- 0x00000003


mem[X,0x800029BC] -> 0x006F
mem[X,0x800029BE] -> 0x0040
[277] [M]: 0x800029BC (0x0040006F) jal zero, 4


mem[X,0x800029C0] -> 0x2023
mem[X,0x800029C2] -> 0x00C2
[278] [M]: 0x800029C0 (0x00C22023) sw a2, 0(tp)
mem[0x8003B168] <- 0x00000003


mem[X,0x800029C4] -> 0x0913
mem[X,0x800029C6] -> 0x0000
[279] [M]: 0x800029C4 (0x00000913) addi s2, zero, 0
x18 <- 0x00000000


mem[X,0x800029C8] -> 0x00B7
mem[X,0x800029CA] -> 0x0002
[280] [M]: 0x800029C8 (0x000200B7) lui ra, 32
x1 <- 0x00020000


mem[X,0x800029CC] -> 0x0613
mem[X,0x800029CE] -> 0x0000
[281] [M]: 0x800029CC (0x00000613) addi a2, zero, 0
x12 <- 0x00000000


mem[X,0x800029D0] -> 0x006F
mem[X,0x800029D2] -> 0x00C0
[282] [M]: 0x800029D0 (0x00C0006F) jal zero, 12


mem[X,0x800029DC] -> 0x5663
mem[X,0x800029DE] -> 0x0019
[283] [M]: 0x800029DC (0x00195663) bge s2, ra, 12


mem[X,0x800029E0] -> 0x0613
mem[X,0x800029E2] -> 0x0026
[284] [M]: 0x800029E0 (0x00260613) addi a2, a2, 2
x12 <- 0x00000002


mem[X,0x800029E4] -> 0x006F
mem[X,0x800029E6] -> 0x00C0
[285] [M]: 0x800029E4 (0x00C0006F) jal zero, 12


mem[X,0x800029F0] -> 0x2223
mem[X,0x800029F2] -> 0x00C2
[286] [M]: 0x800029F0 (0x00C22223) sw a2, 4(tp)
mem[0x8003B16C] <- 0x00000002


mem[X,0x800029F4] -> 0x0813
mem[X,0x800029F6] -> 0x0080
[287] [M]: 0x800029F4 (0x00800813) addi a6, zero, 8
x16 <- 0x00000008


mem[X,0x800029F8] -> 0x04B7
mem[X,0x800029FA] -> 0x0004
[288] [M]: 0x800029F8 (0x000404B7) lui s1, 64
x9 <- 0x00040000


mem[X,0x800029FC] -> 0x0613
mem[X,0x800029FE] -> 0x0000
[289] [M]: 0x800029FC (0x00000613) addi a2, zero, 0
x12 <- 0x00000000


mem[X,0x80002A00] -> 0x006F
mem[X,0x80002A02] -> 0x0050
[290] [M]: 0x80002A00 (0x0050006F) jal zero, 2052


mem[X,0x80003204] -> 0x50E3
mem[X,0x80003206] -> 0x8098
[291] [M]: 0x80003204 (0x809850E3) bge a6, s1, 6144


mem[X,0x80003208] -> 0x0613
mem[X,0x8000320A] -> 0x0026
[292] [M]: 0x80003208 (0x00260613) addi a2, a2, 2
x12 <- 0x00000002


mem[X,0x8000320C] -> 0x006F
mem[X,0x8000320E] -> 0x00C0
[293] [M]: 0x8000320C (0x00C0006F) jal zero, 12


mem[X,0x80003218] -> 0x2423
mem[X,0x8000321A] -> 0x00C2
[294] [M]: 0x80003218 (0x00C22423) sw a2, 8(tp)
mem[0x8003B170] <- 0x00000002


mem[X,0x8000321C] -> 0x02B7
mem[X,0x8000321E] -> 0xF800
[295] [M]: 0x8000321C (0xF80002B7) lui t0, 1015808
x5 <- 0xF8000000


mem[X,0x80003220] -> 0x8293
mem[X,0x80003222] -> 0xFFF2
[296] [M]: 0x80003220 (0xFFF28293) addi t0, t0, 4095
x5 <- 0xF7FFFFFF


mem[X,0x80003224] -> 0x0137
mem[X,0x80003226] -> 0x0008
[297] [M]: 0x80003224 (0x00080137) lui sp, 128
x2 <- 0x00080000


mem[X,0x80003228] -> 0x0613
mem[X,0x8000322A] -> 0x0000
[298] [M]: 0x80003228 (0x00000613) addi a2, zero, 0
x12 <- 0x00000000


mem[X,0x8000322C] -> 0x006F
mem[X,0x8000322E] -> 0x00C0
[299] [M]: 0x8000322C (0x00C0006F) jal zero, 12


clint::tick mtime <- 0x0000000000000003
 clint timer pending at mtime 0x0000000000000003
htif::tick 0x0000000000000000
mem[X,0x80003238] -> 0xDCE3
mem[X,0x8000323A] -> 0xFE22
[300] [M]: 0x80003238 (0xFE22DCE3) bge t0, sp, 8184


mem[X,0x8000323C] -> 0x0613
mem[X,0x8000323E] -> 0x0026
[301] [M]: 0x8000323C (0x00260613) addi a2, a2, 2
x12 <- 0x00000002


mem[X,0x80003240] -> 0x006F
mem[X,0x80003242] -> 0x00C0
[302] [M]: 0x80003240 (0x00C0006F) jal zero, 12


mem[X,0x8000324C] -> 0x2623
mem[X,0x8000324E] -> 0x00C2
[303] [M]: 0x8000324C (0x00C22623) sw a2, 12(tp)
mem[0x8003B174] <- 0x00000002


mem[X,0x80003250] -> 0x0D37
mem[X,0x80003252] -> 0xFFFC
[304] [M]: 0x80003250 (0xFFFC0D37) lui s10, 1048512
x26 <- 0xFFFC0000


mem[X,0x80003254] -> 0x0D13
mem[X,0x80003256] -> 0xFFFD
[305] [M]: 0x80003254 (0xFFFD0D13) addi s10, s10, 4095
x26 <- 0xFFFBFFFF


mem[X,0x80003258] -> 0x0AB7
mem[X,0x8000325A] -> 0x0010
[306] [M]: 0x80003258 (0x00100AB7) lui s5, 256
x21 <- 0x00100000


mem[X,0x8000325C] -> 0x0613
mem[X,0x8000325E] -> 0x0000
[307] [M]: 0x8000325C (0x00000613) addi a2, zero, 0
x12 <- 0x00000000


mem[X,0x80003260] -> 0x006F
mem[X,0x80003262] -> 0x00C0
[308] [M]: 0x80003260 (0x00C0006F) jal zero, 12


mem[X,0x8000326C] -> 0x5063
mem[X,0x8000326E] -> 0x035D
[309] [M]: 0x8000326C (0x035D5063) bge s10, s5, 32


mem[X,0x80003270] -> 0x0613
mem[X,0x80003272] -> 0x0026
[310] [M]: 0x80003270 (0x00260613) addi a2, a2, 2
x12 <- 0x00000002


mem[X,0x80003274] -> 0x006F
mem[X,0x80003276] -> 0x0200
[311] [M]: 0x80003274 (0x0200006F) jal zero, 32


mem[X,0x80003294] -> 0x2823
mem[X,0x80003296] -> 0x00C2
[312] [M]: 0x80003294 (0x00C22823) sw a2, 16(tp)
mem[0x8003B178] <- 0x00000002


mem[X,0x80003298] -> 0x0F13
mem[X,0x8000329A] -> 0xFFF0
[313] [M]: 0x80003298 (0xFFF00F13) addi t5, zero, 4095
x30 <- 0xFFFFFFFF


mem[X,0x8000329C] -> 0x03B7
mem[X,0x8000329E] -> 0x0020
[314] [M]: 0x8000329C (0x002003B7) lui t2, 512
x7 <- 0x00200000


mem[X,0x800032A0] -> 0x0613
mem[X,0x800032A2] -> 0x0000
[315] [M]: 0x800032A0 (0x00000613) addi a2, zero, 0
x12 <- 0x00000000


mem[X,0x800032A4] -> 0x006F
mem[X,0x800032A6] -> 0x00C0
[316] [M]: 0x800032A4 (0x00C0006F) jal zero, 12


mem[X,0x800032B0] -> 0x5063
mem[X,0x800032B2] -> 0x107F
[317] [M]: 0x800032B0 (0x107F5063) bge t5, t2, 256


mem[X,0x800032B4] -> 0x0613
mem[X,0x800032B6] -> 0x0026
[318] [M]: 0x800032B4 (0x00260613) addi a2, a2, 2
x12 <- 0x00000002


mem[X,0x800032B8] -> 0x006F
mem[X,0x800032BA] -> 0x1000
[319] [M]: 0x800032B8 (0x1000006F) jal zero, 256


mem[X,0x800033B8] -> 0x2A23
mem[X,0x800033BA] -> 0x00C2
[320] [M]: 0x800033B8 (0x00C22A23) sw a2, 20(tp)
mem[0x8003B17C] <- 0x00000002


mem[X,0x800033BC] -> 0x0013
mem[X,0x800033BE] -> 0x0000
[321] [M]: 0x800033BC (0x00000013) addi zero, zero, 0


mem[X,0x800033C0] -> 0x0337
mem[X,0x800033C2] -> 0x0040
[322] [M]: 0x800033C0 (0x00400337) lui t1, 1024
x6 <- 0x00400000


mem[X,0x800033C4] -> 0x0613
mem[X,0x800033C6] -> 0x0000
[323] [M]: 0x800033C4 (0x00000613) addi a2, zero, 0
x12 <- 0x00000000


mem[X,0x800033C8] -> 0x006F
mem[X,0x800033CA] -> 0x00C0
[324] [M]: 0x800033C8 (0x00C0006F) jal zero, 12


mem[X,0x800033D4] -> 0x5063
mem[X,0x800033D6] -> 0x0460
[325] [M]: 0x800033D4 (0x04605063) bge zero, t1, 64


mem[X,0x800033D8] -> 0x0613
mem[X,0x800033DA] -> 0x0026
[326] [M]: 0x800033D8 (0x00260613) addi a2, a2, 2
x12 <- 0x00000002


mem[X,0x800033DC] -> 0x006F
mem[X,0x800033DE] -> 0x0400
[327] [M]: 0x800033DC (0x0400006F) jal zero, 64


mem[X,0x8000341C] -> 0x2C23
mem[X,0x8000341E] -> 0x00C2
[328] [M]: 0x8000341C (0x00C22C23) sw a2, 24(tp)
mem[0x8003B180] <- 0x00000002


mem[X,0x80003420] -> 0xE1B7
mem[X,0x80003422] -> 0xFFFF
[329] [M]: 0x80003420 (0xFFFFE1B7) lui gp, 1048574
x3 <- 0xFFFFE000


mem[X,0x80003424] -> 0x8193
mem[X,0x80003426] -> 0xFFF1
[330] [M]: 0x80003424 (0xFFF18193) addi gp, gp, 4095
x3 <- 0xFFFFDFFF


mem[X,0x80003428] -> 0x0BB7
mem[X,0x8000342A] -> 0x0080
[331] [M]: 0x80003428 (0x00800BB7) lui s7, 2048
x23 <- 0x00800000


mem[X,0x8000342C] -> 0x0613
mem[X,0x8000342E] -> 0x0000
[332] [M]: 0x8000342C (0x00000613) addi a2, zero, 0
x12 <- 0x00000000


mem[X,0x80003430] -> 0x006F
mem[X,0x80003432] -> 0x0180
[333] [M]: 0x80003430 (0x0180006F) jal zero, 24


mem[X,0x80003448] -> 0xD6E3
mem[X,0x8000344A] -> 0xFF71
[334] [M]: 0x80003448 (0xFF71D6E3) bge gp, s7, 8172


mem[X,0x8000344C] -> 0x0613
mem[X,0x8000344E] -> 0x0026
[335] [M]: 0x8000344C (0x00260613) addi a2, a2, 2
x12 <- 0x00000002


mem[X,0x80003450] -> 0x006F
mem[X,0x80003452] -> 0x00C0
[336] [M]: 0x80003450 (0x00C0006F) jal zero, 12


mem[X,0x8000345C] -> 0x2E23
mem[X,0x8000345E] -> 0x00C2
[337] [M]: 0x8000345C (0x00C22E23) sw a2, 28(tp)
mem[0x8003B184] <- 0x00000002


mem[X,0x80003460] -> 0xB0B7
mem[X,0x80003462] -> 0x0000
[338] [M]: 0x80003460 (0x0000B0B7) lui ra, 11
x1 <- 0x0000B000


mem[X,0x80003464] -> 0x8093
mem[X,0x80003466] -> 0x5050
[339] [M]: 0x80003464 (0x50508093) addi ra, ra, 1285
x1 <- 0x0000B505


mem[X,0x80003468] -> 0x0CB7
mem[X,0x8000346A] -> 0x0100
[340] [M]: 0x80003468 (0x01000CB7) lui s9, 4096
x25 <- 0x01000000


mem[X,0x8000346C] -> 0x0613
mem[X,0x8000346E] -> 0x0000
[341] [M]: 0x8000346C (0x00000613) addi a2, zero, 0
x12 <- 0x00000000


mem[X,0x80003470] -> 0x006F
mem[X,0x80003472] -> 0x00C0
[342] [M]: 0x80003470 (0x00C0006F) jal zero, 12


mem[X,0x8000347C] -> 0xD063
mem[X,0x8000347E] -> 0x0390
[343] [M]: 0x8000347C (0x0390D063) bge ra, s9, 32


mem[X,0x80003480] -> 0x0613
mem[X,0x80003482] -> 0x0026
[344] [M]: 0x80003480 (0x00260613) addi a2, a2, 2
x12 <- 0x00000002


mem[X,0x80003484] -> 0x006F
mem[X,0x80003486] -> 0x0200
[345] [M]: 0x80003484 (0x0200006F) jal zero, 32


mem[X,0x800034A4] -> 0x2023
mem[X,0x800034A6] -> 0x02C2
[346] [M]: 0x800034A4 (0x02C22023) sw a2, 32(tp)
mem[0x8003B188] <- 0x00000002


mem[X,0x800034A8] -> 0x0993
mem[X,0x800034AA] -> 0xFF80
[347] [M]: 0x800034A8 (0xFF800993) addi s3, zero, 4088
x19 <- 0xFFFFFFF8


mem[X,0x800034AC] -> 0x0E37
mem[X,0x800034AE] -> 0x0200
[348] [M]: 0x800034AC (0x02000E37) lui t3, 8192
x28 <- 0x02000000


mem[X,0x800034B0] -> 0x0613
mem[X,0x800034B2] -> 0x0000
[349] [M]: 0x800034B0 (0x00000613) addi a2, zero, 0
x12 <- 0x00000000


mem[X,0x800034B4] -> 0x006F
mem[X,0x800034B6] -> 0x00C0
[350] [M]: 0x800034B4 (0x00C0006F) jal zero, 12


mem[X,0x800034C0] -> 0xD063
mem[X,0x800034C2] -> 0x41C9
[351] [M]: 0x800034C0 (0x41C9D063) bge s3, t3, 1024


mem[X,0x800034C4] -> 0x0613
mem[X,0x800034C6] -> 0x0026
[352] [M]: 0x800034C4 (0x00260613) addi a2, a2, 2
x12 <- 0x00000002


mem[X,0x800034C8] -> 0x006F
mem[X,0x800034CA] -> 0x4000
[353] [M]: 0x800034C8 (0x4000006F) jal zero, 1024


mem[X,0x800038C8] -> 0x2223
mem[X,0x800038CA] -> 0x02C2
[354] [M]: 0x800038C8 (0x02C22223) sw a2, 36(tp)
mem[0x8003B18C] <- 0x00000002


mem[X,0x800038CC] -> 0x0F93
mem[X,0x800038CE] -> 0x0000
[355] [M]: 0x800038CC (0x00000F93) addi t6, zero, 0
x31 <- 0x00000000


mem[X,0x800038D0] -> 0x01B7
mem[X,0x800038D2] -> 0x0400
[356] [M]: 0x800038D0 (0x040001B7) lui gp, 16384
x3 <- 0x04000000


mem[X,0x800038D4] -> 0x0613
mem[X,0x800038D6] -> 0x0000
[357] [M]: 0x800038D4 (0x00000613) addi a2, zero, 0
x12 <- 0x00000000


mem[X,0x800038D8] -> 0x006F
mem[X,0x800038DA] -> 0x00C0
[358] [M]: 0x800038D8 (0x00C0006F) jal zero, 12


mem[X,0x800038E4] -> 0xD063
mem[X,0x800038E6] -> 0x403F
[359] [M]: 0x800038E4 (0x403FD063) bge t6, gp, 1024


mem[X,0x800038E8] -> 0x0613
mem[X,0x800038EA] -> 0x0026
[360] [M]: 0x800038E8 (0x00260613) addi a2, a2, 2
x12 <- 0x00000002


mem[X,0x800038EC] -> 0x006F
mem[X,0x800038EE] -> 0x4000
[361] [M]: 0x800038EC (0x4000006F) jal zero, 1024


mem[X,0x80003CEC] -> 0x2423
mem[X,0x80003CEE] -> 0x02C2
[362] [M]: 0x80003CEC (0x02C22423) sw a2, 40(tp)
mem[0x8003B190] <- 0x00000002


mem[X,0x80003CF0] -> 0xB537
mem[X,0x80003CF2] -> 0xAAAA
[363] [M]: 0x80003CF0 (0xAAAAB537) lui a0, 699051
x10 <- 0xAAAAB000


mem[X,0x80003CF4] -> 0x0513
mem[X,0x80003CF6] -> 0xAAA5
[364] [M]: 0x80003CF4 (0xAAA50513) addi a0, a0, 2730
x10 <- 0xAAAAAAAA


mem[X,0x80003CF8] -> 0x05B7
mem[X,0x80003CFA] -> 0x0800
[365] [M]: 0x80003CF8 (0x080005B7) lui a1, 32768
x11 <- 0x08000000


mem[X,0x80003CFC] -> 0x0613
mem[X,0x80003CFE] -> 0x0000
[366] [M]: 0x80003CFC (0x00000613) addi a2, zero, 0
x12 <- 0x00000000


mem[X,0x80003D00] -> 0x006F
mem[X,0x80003D02] -> 0x00C0
[367] [M]: 0x80003D00 (0x00C0006F) jal zero, 12


mem[X,0x80003D0C] -> 0x5CE3
mem[X,0x80003D0E] -> 0xFEB5
[368] [M]: 0x80003D0C (0xFEB55CE3) bge a0, a1, 8184


mem[X,0x80003D10] -> 0x0613
mem[X,0x80003D12] -> 0x0026
[369] [M]: 0x80003D10 (0x00260613) addi a2, a2, 2
x12 <- 0x00000002


mem[X,0x80003D14] -> 0x006F
mem[X,0x80003D16] -> 0x00C0
[370] [M]: 0x80003D14 (0x00C0006F) jal zero, 12


mem[X,0x80003D20] -> 0x2623
mem[X,0x80003D22] -> 0x02C2
[371] [M]: 0x80003D20 (0x02C22623) sw a2, 44(tp)
mem[0x8003B194] <- 0x00000002


mem[X,0x80003D24] -> 0x0537
mem[X,0x80003D26] -> 0xFFF8
[372] [M]: 0x80003D24 (0xFFF80537) lui a0, 1048448
x10 <- 0xFFF80000


mem[X,0x80003D28] -> 0x0513
mem[X,0x80003D2A] -> 0xFFF5
[373] [M]: 0x80003D28 (0xFFF50513) addi a0, a0, 4095
x10 <- 0xFFF7FFFF


mem[X,0x80003D2C] -> 0x05B7
mem[X,0x80003D2E] -> 0x1000
[374] [M]: 0x80003D2C (0x100005B7) lui a1, 65536
x11 <- 0x10000000


mem[X,0x80003D30] -> 0x0613
mem[X,0x80003D32] -> 0x0000
[375] [M]: 0x80003D30 (0x00000613) addi a2, zero, 0
x12 <- 0x00000000


mem[X,0x80003D34] -> 0x006F
mem[X,0x80003D36] -> 0x00C0
[376] [M]: 0x80003D34 (0x00C0006F) jal zero, 12


mem[X,0x80003D40] -> 0x5063
mem[X,0x80003D42] -> 0x40B5
[377] [M]: 0x80003D40 (0x40B55063) bge a0, a1, 1024


mem[X,0x80003D44] -> 0x0613
mem[X,0x80003D46] -> 0x0026
[378] [M]: 0x80003D44 (0x00260613) addi a2, a2, 2
x12 <- 0x00000002


mem[X,0x80003D48] -> 0x006F
mem[X,0x80003D4A] -> 0x4000
[379] [M]: 0x80003D48 (0x4000006F) jal zero, 1024


mem[X,0x80004148] -> 0x2823
mem[X,0x8000414A] -> 0x02C2
[380] [M]: 0x80004148 (0x02C22823) sw a2, 48(tp)
mem[0x8003B198] <- 0x00000002


mem[X,0x8000414C] -> 0xF537
mem[X,0x8000414E] -> 0xFFFF
[381] [M]: 0x8000414C (0xFFFFF537) lui a0, 1048575
x10 <- 0xFFFFF000


mem[X,0x80004150] -> 0x0513
mem[X,0x80004152] -> 0xFFF5
[382] [M]: 0x80004150 (0xFFF50513) addi a0, a0, 4095
x10 <- 0xFFFFEFFF


mem[X,0x80004154] -> 0x05B7
mem[X,0x80004156] -> 0x2000
[383] [M]: 0x80004154 (0x200005B7) lui a1, 131072
x11 <- 0x20000000


mem[X,0x80004158] -> 0x0613
mem[X,0x8000415A] -> 0x0000
[384] [M]: 0x80004158 (0x00000613) addi a2, zero, 0
x12 <- 0x00000000


mem[X,0x8000415C] -> 0x006F
mem[X,0x8000415E] -> 0x0180
[385] [M]: 0x8000415C (0x0180006F) jal zero, 24


mem[X,0x80004174] -> 0x56E3
mem[X,0x80004176] -> 0xFEB5
[386] [M]: 0x80004174 (0xFEB556E3) bge a0, a1, 8172


mem[X,0x80004178] -> 0x0613
mem[X,0x8000417A] -> 0x0026
[387] [M]: 0x80004178 (0x00260613) addi a2, a2, 2
x12 <- 0x00000002


mem[X,0x8000417C] -> 0x006F
mem[X,0x8000417E] -> 0x00C0
[388] [M]: 0x8000417C (0x00C0006F) jal zero, 12


mem[X,0x80004188] -> 0x2A23
mem[X,0x8000418A] -> 0x02C2
[389] [M]: 0x80004188 (0x02C22A23) sw a2, 52(tp)
mem[0x8003B19C] <- 0x00000002


mem[X,0x8000418C] -> 0x0513
mem[X,0x8000418E] -> 0x0000
[390] [M]: 0x8000418C (0x00000513) addi a0, zero, 0
x10 <- 0x00000000


mem[X,0x80004190] -> 0x05B7
mem[X,0x80004192] -> 0x4000
[391] [M]: 0x80004190 (0x400005B7) lui a1, 262144
x11 <- 0x40000000


mem[X,0x80004194] -> 0x0613
mem[X,0x80004196] -> 0x0000
[392] [M]: 0x80004194 (0x00000613) addi a2, zero, 0
x12 <- 0x00000000


mem[X,0x80004198] -> 0x006F
mem[X,0x8000419A] -> 0x00C0
[393] [M]: 0x80004198 (0x00C0006F) jal zero, 12


mem[X,0x800041A4] -> 0x5CE3
mem[X,0x800041A6] -> 0xFEB5
[394] [M]: 0x800041A4 (0xFEB55CE3) bge a0, a1, 8184


mem[X,0x800041A8] -> 0x0613
mem[X,0x800041AA] -> 0x0026
[395] [M]: 0x800041A8 (0x00260613) addi a2, a2, 2
x12 <- 0x00000002


mem[X,0x800041AC] -> 0x006F
mem[X,0x800041AE] -> 0x00C0
[396] [M]: 0x800041AC (0x00C0006F) jal zero, 12


mem[X,0x800041B8] -> 0x2C23
mem[X,0x800041BA] -> 0x02C2
[397] [M]: 0x800041B8 (0x02C22C23) sw a2, 56(tp)
mem[0x8003B1A0] <- 0x00000002


mem[X,0x800041BC] -> 0x0513
mem[X,0x800041BE] -> 0xFFA0
[398] [M]: 0x800041BC (0xFFA00513) addi a0, zero, 4090
x10 <- 0xFFFFFFFA


mem[X,0x800041C0] -> 0x05B7
mem[X,0x800041C2] -> 0x8000
[399] [M]: 0x800041C0 (0x800005B7) lui a1, 524288
x11 <- 0x80000000


clint::tick mtime <- 0x0000000000000004
 clint timer pending at mtime 0x0000000000000004
htif::tick 0x0000000000000000
mem[X,0x800041C4] -> 0x0613
mem[X,0x800041C6] -> 0x0000
[400] [M]: 0x800041C4 (0x00000613) addi a2, zero, 0
x12 <- 0x00000000


mem[X,0x800041C8] -> 0x006F
mem[X,0x800041CA] -> 0x00C0
[401] [M]: 0x800041C8 (0x00C0006F) jal zero, 12


mem[X,0x800041D4] -> 0x5063
mem[X,0x800041D6] -> 0x10B5
[402] [M]: 0x800041D4 (0x10B55063) bge a0, a1, 256


mem[X,0x800042D4] -> 0x0613
mem[X,0x800042D6] -> 0x0036
[403] [M]: 0x800042D4 (0x00360613) addi a2, a2, 3
x12 <- 0x00000003


mem[X,0x800042D8] -> 0x006F
mem[X,0x800042DA] -> 0x0040
[404] [M]: 0x800042D8 (0x0040006F) jal zero, 4


mem[X,0x800042DC] -> 0x2E23
mem[X,0x800042DE] -> 0x02C2
[405] [M]: 0x800042DC (0x02C22E23) sw a2, 60(tp)
mem[0x8003B1A4] <- 0x00000003


mem[X,0x800042E0] -> 0x0537
mem[X,0x800042E2] -> 0x0004
[406] [M]: 0x800042E0 (0x00040537) lui a0, 64
x10 <- 0x00040000


mem[X,0x800042E4] -> 0x0593
mem[X,0x800042E6] -> 0xFFE0
[407] [M]: 0x800042E4 (0xFFE00593) addi a1, zero, 4094
x11 <- 0xFFFFFFFE


mem[X,0x800042E8] -> 0x0613
mem[X,0x800042EA] -> 0x0000
[408] [M]: 0x800042E8 (0x00000613) addi a2, zero, 0
x12 <- 0x00000000


mem[X,0x800042EC] -> 0x006F
mem[X,0x800042EE] -> 0x00C0
[409] [M]: 0x800042EC (0x00C0006F) jal zero, 12


mem[X,0x800042F8] -> 0x5CE3
mem[X,0x800042FA] -> 0xFEB5
[410] [M]: 0x800042F8 (0xFEB55CE3) bge a0, a1, 8184


mem[X,0x800042F0] -> 0x0613
mem[X,0x800042F2] -> 0x0016
[411] [M]: 0x800042F0 (0x00160613) addi a2, a2, 1
x12 <- 0x00000001


mem[X,0x800042F4] -> 0x006F
mem[X,0x800042F6] -> 0x0180
[412] [M]: 0x800042F4 (0x0180006F) jal zero, 24


mem[X,0x8000430C] -> 0x2023
mem[X,0x8000430E] -> 0x04C2
[413] [M]: 0x8000430C (0x04C22023) sw a2, 64(tp)
mem[0x8003B1A8] <- 0x00000001


mem[X,0x80004310] -> 0x0537
mem[X,0x80004312] -> 0x1000
[414] [M]: 0x80004310 (0x10000537) lui a0, 65536
x10 <- 0x10000000


mem[X,0x80004314] -> 0x0593
mem[X,0x80004316] -> 0xFFD0
[415] [M]: 0x80004314 (0xFFD00593) addi a1, zero, 4093
x11 <- 0xFFFFFFFD


mem[X,0x80004318] -> 0x0613
mem[X,0x8000431A] -> 0x0000
[416] [M]: 0x80004318 (0x00000613) addi a2, zero, 0
x12 <- 0x00000000


mem[X,0x8000431C] -> 0x006F
mem[X,0x8000431E] -> 0x0140
[417] [M]: 0x8000431C (0x0140006F) jal zero, 20


mem[X,0x80004330] -> 0x58E3
mem[X,0x80004332] -> 0xFEB5
[418] [M]: 0x80004330 (0xFEB558E3) bge a0, a1, 8176


mem[X,0x80004320] -> 0x0613
mem[X,0x80004322] -> 0x0016
[419] [M]: 0x80004320 (0x00160613) addi a2, a2, 1
x12 <- 0x00000001


mem[X,0x80004324] -> 0x006F
mem[X,0x80004326] -> 0x0200
[420] [M]: 0x80004324 (0x0200006F) jal zero, 32


mem[X,0x80004344] -> 0x2223
mem[X,0x80004346] -> 0x04C2
[421] [M]: 0x80004344 (0x04C22223) sw a2, 68(tp)
mem[0x8003B1AC] <- 0x00000001


mem[X,0x80004348] -> 0x0513
mem[X,0x8000434A] -> 0xFFE0
[422] [M]: 0x80004348 (0xFFE00513) addi a0, zero, 4094
x10 <- 0xFFFFFFFE


mem[X,0x8000434C] -> 0x0593
mem[X,0x8000434E] -> 0xFF70
[423] [M]: 0x8000434C (0xFF700593) addi a1, zero, 4087
x11 <- 0xFFFFFFF7


mem[X,0x80004350] -> 0x0613
mem[X,0x80004352] -> 0x0000
[424] [M]: 0x80004350 (0x00000613) addi a2, zero, 0
x12 <- 0x00000000


mem[X,0x80004354] -> 0x006F
mem[X,0x80004356] -> 0x00C0
[425] [M]: 0x80004354 (0x00C0006F) jal zero, 12


mem[X,0x80004360] -> 0x5CE3
mem[X,0x80004362] -> 0xFEB5
[426] [M]: 0x80004360 (0xFEB55CE3) bge a0, a1, 8184


mem[X,0x80004358] -> 0x0613
mem[X,0x8000435A] -> 0x0016
[427] [M]: 0x80004358 (0x00160613) addi a2, a2, 1
x12 <- 0x00000001


mem[X,0x8000435C] -> 0x006F
mem[X,0x8000435E] -> 0x0180
[428] [M]: 0x8000435C (0x0180006F) jal zero, 24


mem[X,0x80004374] -> 0x2423
mem[X,0x80004376] -> 0x04C2
[429] [M]: 0x80004374 (0x04C22423) sw a2, 72(tp)
mem[0x8003B1B0] <- 0x00000001


mem[X,0x80004378] -> 0x0537
mem[X,0x8000437A] -> 0x8000
[430] [M]: 0x80004378 (0x80000537) lui a0, 524288
x10 <- 0x80000000


mem[X,0x8000437C] -> 0x0593
mem[X,0x8000437E] -> 0xFEF0
[431] [M]: 0x8000437C (0xFEF00593) addi a1, zero, 4079
x11 <- 0xFFFFFFEF


mem[X,0x80004380] -> 0x0613
mem[X,0x80004382] -> 0x0000
[432] [M]: 0x80004380 (0x00000613) addi a2, zero, 0
x12 <- 0x00000000


mem[X,0x80004384] -> 0x006F
mem[X,0x80004386] -> 0x00C0
[433] [M]: 0x80004384 (0x00C0006F) jal zero, 12


mem[X,0x80004390] -> 0x5063
mem[X,0x80004392] -> 0x04B5
[434] [M]: 0x80004390 (0x04B55063) bge a0, a1, 64


mem[X,0x80004394] -> 0x0613
mem[X,0x80004396] -> 0x0026
[435] [M]: 0x80004394 (0x00260613) addi a2, a2, 2
x12 <- 0x00000002


mem[X,0x80004398] -> 0x006F
mem[X,0x8000439A] -> 0x0400
[436] [M]: 0x80004398 (0x0400006F) jal zero, 64


mem[X,0x800043D8] -> 0x2623
mem[X,0x800043DA] -> 0x04C2
[437] [M]: 0x800043D8 (0x04C22623) sw a2, 76(tp)
mem[0x8003B1B4] <- 0x00000002


mem[X,0x800043DC] -> 0x5537
mem[X,0x800043DE] -> 0xFFFF
[438] [M]: 0x800043DC (0xFFFF5537) lui a0, 1048565
x10 <- 0xFFFF5000


mem[X,0x800043E0] -> 0x0513
mem[X,0x800043E2] -> 0xAFC5
[439] [M]: 0x800043E0 (0xAFC50513) addi a0, a0, 2812
x10 <- 0xFFFF4AFC


mem[X,0x800043E4] -> 0x0593
mem[X,0x800043E6] -> 0xFDF0
[440] [M]: 0x800043E4 (0xFDF00593) addi a1, zero, 4063
x11 <- 0xFFFFFFDF


mem[X,0x800043E8] -> 0x0613
mem[X,0x800043EA] -> 0x0000
[441] [M]: 0x800043E8 (0x00000613) addi a2, zero, 0
x12 <- 0x00000000


mem[X,0x800043EC] -> 0x006F
mem[X,0x800043EE] -> 0x00C0
[442] [M]: 0x800043EC (0x00C0006F) jal zero, 12


mem[X,0x800043F8] -> 0x5663
mem[X,0x800043FA] -> 0x00B5
[443] [M]: 0x800043F8 (0x00B55663) bge a0, a1, 12


mem[X,0x800043FC] -> 0x0613
mem[X,0x800043FE] -> 0x0026
[444] [M]: 0x800043FC (0x00260613) addi a2, a2, 2
x12 <- 0x00000002


mem[X,0x80004400] -> 0x006F
mem[X,0x80004402] -> 0x00C0
[445] [M]: 0x80004400 (0x00C0006F) jal zero, 12


mem[X,0x8000440C] -> 0x2823
mem[X,0x8000440E] -> 0x04C2
[446] [M]: 0x8000440C (0x04C22823) sw a2, 80(tp)
mem[0x8003B1B8] <- 0x00000002


mem[X,0x80004410] -> 0x0513
mem[X,0x80004412] -> 0xFF60
[447] [M]: 0x80004410 (0xFF600513) addi a0, zero, 4086
x10 <- 0xFFFFFFF6


mem[X,0x80004414] -> 0x0593
mem[X,0x80004416] -> 0xFBF0
[448] [M]: 0x80004414 (0xFBF00593) addi a1, zero, 4031
x11 <- 0xFFFFFFBF


mem[X,0x80004418] -> 0x0613
mem[X,0x8000441A] -> 0x0000
[449] [M]: 0x80004418 (0x00000613) addi a2, zero, 0
x12 <- 0x00000000


mem[X,0x8000441C] -> 0x006F
mem[X,0x8000441E] -> 0x00C0
[450] [M]: 0x8000441C (0x00C0006F) jal zero, 12


mem[X,0x80004428] -> 0x5663
mem[X,0x8000442A] -> 0x00B5
[451] [M]: 0x80004428 (0x00B55663) bge a0, a1, 12


mem[X,0x80004434] -> 0x0613
mem[X,0x80004436] -> 0x0036
[452] [M]: 0x80004434 (0x00360613) addi a2, a2, 3
x12 <- 0x00000003


mem[X,0x80004438] -> 0x006F
mem[X,0x8000443A] -> 0x0040
[453] [M]: 0x80004438 (0x0040006F) jal zero, 4


mem[X,0x8000443C] -> 0x2A23
mem[X,0x8000443E] -> 0x04C2
[454] [M]: 0x8000443C (0x04C22A23) sw a2, 84(tp)
mem[0x8003B1BC] <- 0x00000003


mem[X,0x80004440] -> 0x0537
mem[X,0x80004442] -> 0xF800
[455] [M]: 0x80004440 (0xF8000537) lui a0, 1015808
x10 <- 0xF8000000


mem[X,0x80004444] -> 0x0513
mem[X,0x80004446] -> 0xFFF5
[456] [M]: 0x80004444 (0xFFF50513) addi a0, a0, 4095
x10 <- 0xF7FFFFFF


mem[X,0x80004448] -> 0x0593
mem[X,0x8000444A] -> 0xF7F0
[457] [M]: 0x80004448 (0xF7F00593) addi a1, zero, 3967
x11 <- 0xFFFFFF7F


mem[X,0x8000444C] -> 0x0613
mem[X,0x8000444E] -> 0x0000
[458] [M]: 0x8000444C (0x00000613) addi a2, zero, 0
x12 <- 0x00000000


mem[X,0x80004450] -> 0x006F
mem[X,0x80004452] -> 0x0050
[459] [M]: 0x80004450 (0x0050006F) jal zero, 2052


mem[X,0x80004C54] -> 0x50E3
mem[X,0x80004C56] -> 0x80B5
[460] [M]: 0x80004C54 (0x80B550E3) bge a0, a1, 6144


mem[X,0x80004C58] -> 0x0613
mem[X,0x80004C5A] -> 0x0026
[461] [M]: 0x80004C58 (0x00260613) addi a2, a2, 2
x12 <- 0x00000002


mem[X,0x80004C5C] -> 0x006F
mem[X,0x80004C5E] -> 0x00C0
[462] [M]: 0x80004C5C (0x00C0006F) jal zero, 12


mem[X,0x80004C68] -> 0x2C23
mem[X,0x80004C6A] -> 0x04C2
[463] [M]: 0x80004C68 (0x04C22C23) sw a2, 88(tp)
mem[0x8003B1C0] <- 0x00000002


mem[X,0x80004C6C] -> 0x0537
mem[X,0x80004C6E] -> 0x4000
[464] [M]: 0x80004C6C (0x40000537) lui a0, 262144
x10 <- 0x40000000


mem[X,0x80004C70] -> 0x0513
mem[X,0x80004C72] -> 0xFFF5
[465] [M]: 0x80004C70 (0xFFF50513) addi a0, a0, 4095
x10 <- 0x3FFFFFFF


mem[X,0x80004C74] -> 0x0593
mem[X,0x80004C76] -> 0xEFF0
[466] [M]: 0x80004C74 (0xEFF00593) addi a1, zero, 3839
x11 <- 0xFFFFFEFF


mem[X,0x80004C78] -> 0x0613
mem[X,0x80004C7A] -> 0x0000
[467] [M]: 0x80004C78 (0x00000613) addi a2, zero, 0
x12 <- 0x00000000


mem[X,0x80004C7C] -> 0x006F
mem[X,0x80004C7E] -> 0x0140
[468] [M]: 0x80004C7C (0x0140006F) jal zero, 20


mem[X,0x80004C90] -> 0x58E3
mem[X,0x80004C92] -> 0xFEB5
[469] [M]: 0x80004C90 (0xFEB558E3) bge a0, a1, 8176


mem[X,0x80004C80] -> 0x0613
mem[X,0x80004C82] -> 0x0016
[470] [M]: 0x80004C80 (0x00160613) addi a2, a2, 1
x12 <- 0x00000001


mem[X,0x80004C84] -> 0x006F
mem[X,0x80004C86] -> 0x0200
[471] [M]: 0x80004C84 (0x0200006F) jal zero, 32


mem[X,0x80004CA4] -> 0x2E23
mem[X,0x80004CA6] -> 0x04C2
[472] [M]: 0x80004CA4 (0x04C22E23) sw a2, 92(tp)
mem[0x8003B1C4] <- 0x00000001


mem[X,0x80004CA8] -> 0x0513
mem[X,0x80004CAA] -> 0xFFC0
[473] [M]: 0x80004CA8 (0xFFC00513) addi a0, zero, 4092
x10 <- 0xFFFFFFFC


mem[X,0x80004CAC] -> 0x0593
mem[X,0x80004CAE] -> 0xDFF0
[474] [M]: 0x80004CAC (0xDFF00593) addi a1, zero, 3583
x11 <- 0xFFFFFDFF


mem[X,0x80004CB0] -> 0x0613
mem[X,0x80004CB2] -> 0x0000
[475] [M]: 0x80004CB0 (0x00000613) addi a2, zero, 0
x12 <- 0x00000000


mem[X,0x80004CB4] -> 0x006F
mem[X,0x80004CB6] -> 0x00C0
[476] [M]: 0x80004CB4 (0x00C0006F) jal zero, 12


mem[X,0x80004CC0] -> 0x5063
mem[X,0x80004CC2] -> 0x02B5
[477] [M]: 0x80004CC0 (0x02B55063) bge a0, a1, 32


mem[X,0x80004CE0] -> 0x0613
mem[X,0x80004CE2] -> 0x0036
[478] [M]: 0x80004CE0 (0x00360613) addi a2, a2, 3
x12 <- 0x00000003


mem[X,0x80004CE4] -> 0x006F
mem[X,0x80004CE6] -> 0x0040
[479] [M]: 0x80004CE4 (0x0040006F) jal zero, 4


mem[X,0x80004CE8] -> 0x2023
mem[X,0x80004CEA] -> 0x06C2
[480] [M]: 0x80004CE8 (0x06C22023) sw a2, 96(tp)
mem[0x8003B1C8] <- 0x00000003


mem[X,0x80004CEC] -> 0x0537
mem[X,0x80004CEE] -> 0x0004
[481] [M]: 0x80004CEC (0x00040537) lui a0, 64
x10 <- 0x00040000


mem[X,0x80004CF0] -> 0x0593
mem[X,0x80004CF2] -> 0xBFF0
[482] [M]: 0x80004CF0 (0xBFF00593) addi a1, zero, 3071
x11 <- 0xFFFFFBFF


mem[X,0x80004CF4] -> 0x0613
mem[X,0x80004CF6] -> 0x0000
[483] [M]: 0x80004CF4 (0x00000613) addi a2, zero, 0
x12 <- 0x00000000


mem[X,0x80004CF8] -> 0x006F
mem[X,0x80004CFA] -> 0x00C0
[484] [M]: 0x80004CF8 (0x00C0006F) jal zero, 12


mem[X,0x80004D04] -> 0x5663
mem[X,0x80004D06] -> 0x00B5
[485] [M]: 0x80004D04 (0x00B55663) bge a0, a1, 12


mem[X,0x80004D10] -> 0x0613
mem[X,0x80004D12] -> 0x0036
[486] [M]: 0x80004D10 (0x00360613) addi a2, a2, 3
x12 <- 0x00000003


mem[X,0x80004D14] -> 0x006F
mem[X,0x80004D16] -> 0x0040
[487] [M]: 0x80004D14 (0x0040006F) jal zero, 4


mem[X,0x80004D18] -> 0x2223
mem[X,0x80004D1A] -> 0x06C2
[488] [M]: 0x80004D18 (0x06C22223) sw a2, 100(tp)
mem[0x8003B1CC] <- 0x00000003


mem[X,0x80004D1C] -> 0x0513
mem[X,0x80004D1E] -> 0xFFE0
[489] [M]: 0x80004D1C (0xFFE00513) addi a0, zero, 4094
x10 <- 0xFFFFFFFE


mem[X,0x80004D20] -> 0xF5B7
mem[X,0x80004D22] -> 0xFFFF
[490] [M]: 0x80004D20 (0xFFFFF5B7) lui a1, 1048575
x11 <- 0xFFFFF000


mem[X,0x80004D24] -> 0x8593
mem[X,0x80004D26] -> 0x7FF5
[491] [M]: 0x80004D24 (0x7FF58593) addi a1, a1, 2047
x11 <- 0xFFFFF7FF


mem[X,0x80004D28] -> 0x0613
mem[X,0x80004D2A] -> 0x0000
[492] [M]: 0x80004D28 (0x00000613) addi a2, zero, 0
x12 <- 0x00000000


mem[X,0x80004D2C] -> 0x006F
mem[X,0x80004D2E] -> 0x2B10
[493] [M]: 0x80004D2C (0x2B10006F) jal zero, 2736


mem[X,0x800057DC] -> 0x5A63
mem[X,0x800057DE] -> 0xD4B5
[494] [M]: 0x800057DC (0xD4B55A63) bge a0, a1, 5460


mem[X,0x80004D30] -> 0x0613
mem[X,0x80004D32] -> 0x0016
[495] [M]: 0x80004D30 (0x00160613) addi a2, a2, 1
x12 <- 0x00000001


mem[X,0x80004D34] -> 0x006F
mem[X,0x80004D36] -> 0x2BD0
[496] [M]: 0x80004D34 (0x2BD0006F) jal zero, 2748


mem[X,0x800057F0] -> 0x2423
mem[X,0x800057F2] -> 0x06C2
[497] [M]: 0x800057F0 (0x06C22423) sw a2, 104(tp)
mem[0x8003B1D0] <- 0x00000001


mem[X,0x800057F4] -> 0x0513
mem[X,0x800057F6] -> 0xFFC0
[498] [M]: 0x800057F4 (0xFFC00513) addi a0, zero, 4092
x10 <- 0xFFFFFFFC


mem[X,0x800057F8] -> 0xF5B7
mem[X,0x800057FA] -> 0xFFFF
[499] [M]: 0x800057F8 (0xFFFFF5B7) lui a1, 1048575
x11 <- 0xFFFFF000


clint::tick mtime <- 0x0000000000000005
 clint timer pending at mtime 0x0000000000000005
htif::tick 0x0000000000000000
mem[X,0x800057FC] -> 0x8593
mem[X,0x800057FE] -> 0xFFF5
[500] [M]: 0x800057FC (0xFFF58593) addi a1, a1, 4095
x11 <- 0xFFFFEFFF


mem[X,0x80005800] -> 0x0613
mem[X,0x80005802] -> 0x0000
[501] [M]: 0x80005800 (0x00000613) addi a2, zero, 0
x12 <- 0x00000000


mem[X,0x80005804] -> 0x006F
mem[X,0x80005806] -> 0x00C0
[502] [M]: 0x80005804 (0x00C0006F) jal zero, 12


mem[X,0x80005810] -> 0x5663
mem[X,0x80005812] -> 0x00B5
[503] [M]: 0x80005810 (0x00B55663) bge a0, a1, 12


mem[X,0x8000581C] -> 0x0613
mem[X,0x8000581E] -> 0x0036
[504] [M]: 0x8000581C (0x00360613) addi a2, a2, 3
x12 <- 0x00000003


mem[X,0x80005820] -> 0x006F
mem[X,0x80005822] -> 0x0040
[505] [M]: 0x80005820 (0x0040006F) jal zero, 4


mem[X,0x80005824] -> 0x2623
mem[X,0x80005826] -> 0x06C2
[506] [M]: 0x80005824 (0x06C22623) sw a2, 108(tp)
mem[0x8003B1D4] <- 0x00000003


mem[X,0x80005828] -> 0x0537
mem[X,0x8000582A] -> 0xFC00
[507] [M]: 0x80005828 (0xFC000537) lui a0, 1032192
x10 <- 0xFC000000


mem[X,0x8000582C] -> 0x0513
mem[X,0x8000582E] -> 0xFFF5
[508] [M]: 0x8000582C (0xFFF50513) addi a0, a0, 4095
x10 <- 0xFBFFFFFF


mem[X,0x80005830] -> 0xE5B7
mem[X,0x80005832] -> 0xFFFF
[509] [M]: 0x80005830 (0xFFFFE5B7) lui a1, 1048574
x11 <- 0xFFFFE000


mem[X,0x80005834] -> 0x8593
mem[X,0x80005836] -> 0xFFF5
[510] [M]: 0x80005834 (0xFFF58593) addi a1, a1, 4095
x11 <- 0xFFFFDFFF


mem[X,0x80005838] -> 0x0613
mem[X,0x8000583A] -> 0x0000
[511] [M]: 0x80005838 (0x00000613) addi a2, zero, 0
x12 <- 0x00000000


mem[X,0x8000583C] -> 0x006F
mem[X,0x8000583E] -> 0x00C0
[512] [M]: 0x8000583C (0x00C0006F) jal zero, 12


mem[X,0x80005848] -> 0x5663
mem[X,0x8000584A] -> 0x00B5
[513] [M]: 0x80005848 (0x00B55663) bge a0, a1, 12


mem[X,0x8000584C] -> 0x0613
mem[X,0x8000584E] -> 0x0026
[514] [M]: 0x8000584C (0x00260613) addi a2, a2, 2
x12 <- 0x00000002


mem[X,0x80005850] -> 0x006F
mem[X,0x80005852] -> 0x00C0
[515] [M]: 0x80005850 (0x00C0006F) jal zero, 12


mem[X,0x8000585C] -> 0x2823
mem[X,0x8000585E] -> 0x06C2
[516] [M]: 0x8000585C (0x06C22823) sw a2, 112(tp)
mem[0x8003B1D8] <- 0x00000002


mem[X,0x80005860] -> 0x0513
mem[X,0x80005862] -> 0x0400
[517] [M]: 0x80005860 (0x04000513) addi a0, zero, 64
x10 <- 0x00000040


mem[X,0x80005864] -> 0xC5B7
mem[X,0x80005866] -> 0xFFFF
[518] [M]: 0x80005864 (0xFFFFC5B7) lui a1, 1048572
x11 <- 0xFFFFC000


mem[X,0x80005868] -> 0x8593
mem[X,0x8000586A] -> 0xFFF5
[519] [M]: 0x80005868 (0xFFF58593) addi a1, a1, 4095
x11 <- 0xFFFFBFFF


mem[X,0x8000586C] -> 0x0613
mem[X,0x8000586E] -> 0x0000
[520] [M]: 0x8000586C (0x00000613) addi a2, zero, 0
x12 <- 0x00000000


mem[X,0x80005870] -> 0x006F
mem[X,0x80005872] -> 0x0100
[521] [M]: 0x80005870 (0x0100006F) jal zero, 16


mem[X,0x80005880] -> 0x5AE3
mem[X,0x80005882] -> 0xFEB5
[522] [M]: 0x80005880 (0xFEB55AE3) bge a0, a1, 8180


mem[X,0x80005874] -> 0x0613
mem[X,0x80005876] -> 0x0016
[523] [M]: 0x80005874 (0x00160613) addi a2, a2, 1
x12 <- 0x00000001


mem[X,0x80005878] -> 0x006F
mem[X,0x8000587A] -> 0x01C0
[524] [M]: 0x80005878 (0x01C0006F) jal zero, 28


mem[X,0x80005894] -> 0x2A23
mem[X,0x80005896] -> 0x06C2
[525] [M]: 0x80005894 (0x06C22A23) sw a2, 116(tp)
mem[0x8003B1DC] <- 0x00000001


mem[X,0x80005898] -> 0x5537
mem[X,0x8000589A] -> 0xFFFF
[526] [M]: 0x80005898 (0xFFFF5537) lui a0, 1048565
x10 <- 0xFFFF5000


mem[X,0x8000589C] -> 0x0513
mem[X,0x8000589E] -> 0xAFD5
[527] [M]: 0x8000589C (0xAFD50513) addi a0, a0, 2813
x10 <- 0xFFFF4AFD


mem[X,0x800058A0] -> 0x85B7
mem[X,0x800058A2] -> 0xFFFF
[528] [M]: 0x800058A0 (0xFFFF85B7) lui a1, 1048568
x11 <- 0xFFFF8000


mem[X,0x800058A4] -> 0x8593
mem[X,0x800058A6] -> 0xFFF5
[529] [M]: 0x800058A4 (0xFFF58593) addi a1, a1, 4095
x11 <- 0xFFFF7FFF


mem[X,0x800058A8] -> 0x0613
mem[X,0x800058AA] -> 0x0000
[530] [M]: 0x800058A8 (0x00000613) addi a2, zero, 0
x12 <- 0x00000000


mem[X,0x800058AC] -> 0x006F
mem[X,0x800058AE] -> 0x00C0
[531] [M]: 0x800058AC (0x00C0006F) jal zero, 12


mem[X,0x800058B8] -> 0x5663
mem[X,0x800058BA] -> 0x00B5
[532] [M]: 0x800058B8 (0x00B55663) bge a0, a1, 12


mem[X,0x800058BC] -> 0x0613
mem[X,0x800058BE] -> 0x0026
[533] [M]: 0x800058BC (0x00260613) addi a2, a2, 2
x12 <- 0x00000002


mem[X,0x800058C0] -> 0x006F
mem[X,0x800058C2] -> 0x00C0
[534] [M]: 0x800058C0 (0x00C0006F) jal zero, 12


mem[X,0x800058CC] -> 0x2C23
mem[X,0x800058CE] -> 0x06C2
[535] [M]: 0x800058CC (0x06C22C23) sw a2, 120(tp)
mem[0x8003B1E0] <- 0x00000002


mem[X,0x800058D0] -> 0x4537
mem[X,0x800058D2] -> 0x0000
[536] [M]: 0x800058D0 (0x00004537) lui a0, 4
x10 <- 0x00004000


mem[X,0x800058D4] -> 0x05B7
mem[X,0x800058D6] -> 0xFFFF
[537] [M]: 0x800058D4 (0xFFFF05B7) lui a1, 1048560
x11 <- 0xFFFF0000


mem[X,0x800058D8] -> 0x8593
mem[X,0x800058DA] -> 0xFFF5
[538] [M]: 0x800058D8 (0xFFF58593) addi a1, a1, 4095
x11 <- 0xFFFEFFFF


mem[X,0x800058DC] -> 0x0613
mem[X,0x800058DE] -> 0x0000
[539] [M]: 0x800058DC (0x00000613) addi a2, zero, 0
x12 <- 0x00000000


mem[X,0x800058E0] -> 0x006F
mem[X,0x800058E2] -> 0x00C0
[540] [M]: 0x800058E0 (0x00C0006F) jal zero, 12


mem[X,0x800058EC] -> 0x5063
mem[X,0x800058EE] -> 0x08B5
[541] [M]: 0x800058EC (0x08B55063) bge a0, a1, 128


mem[X,0x8000596C] -> 0x0613
mem[X,0x8000596E] -> 0x0036
[542] [M]: 0x8000596C (0x00360613) addi a2, a2, 3
x12 <- 0x00000003


mem[X,0x80005970] -> 0x006F
mem[X,0x80005972] -> 0x0040
[543] [M]: 0x80005970 (0x0040006F) jal zero, 4


mem[X,0x80005974] -> 0x2E23
mem[X,0x80005976] -> 0x06C2
[544] [M]: 0x80005974 (0x06C22E23) sw a2, 124(tp)
mem[0x8003B1E4] <- 0x00000003


mem[X,0x80005978] -> 0x0537
mem[X,0x8000597A] -> 0x8000
[545] [M]: 0x80005978 (0x80000537) lui a0, 524288
x10 <- 0x80000000


mem[X,0x8000597C] -> 0x05B7
mem[X,0x8000597E] -> 0xFFFE
[546] [M]: 0x8000597C (0xFFFE05B7) lui a1, 1048544
x11 <- 0xFFFE0000


mem[X,0x80005980] -> 0x8593
mem[X,0x80005982] -> 0xFFF5
[547] [M]: 0x80005980 (0xFFF58593) addi a1, a1, 4095
x11 <- 0xFFFDFFFF


mem[X,0x80005984] -> 0x0613
mem[X,0x80005986] -> 0x0000
[548] [M]: 0x80005984 (0x00000613) addi a2, zero, 0
x12 <- 0x00000000


mem[X,0x80005988] -> 0x006F
mem[X,0x8000598A] -> 0x00C0
[549] [M]: 0x80005988 (0x00C0006F) jal zero, 12


mem[X,0x80005994] -> 0x5063
mem[X,0x80005996] -> 0x40B5
[550] [M]: 0x80005994 (0x40B55063) bge a0, a1, 1024


mem[X,0x80005998] -> 0x0613
mem[X,0x8000599A] -> 0x0026
[551] [M]: 0x80005998 (0x00260613) addi a2, a2, 2
x12 <- 0x00000002


mem[X,0x8000599C] -> 0x006F
mem[X,0x8000599E] -> 0x4000
[552] [M]: 0x8000599C (0x4000006F) jal zero, 1024


mem[X,0x80005D9C] -> 0x2023
mem[X,0x80005D9E] -> 0x08C2
[553] [M]: 0x80005D9C (0x08C22023) sw a2, 128(tp)
mem[0x8003B1E8] <- 0x00000002


mem[X,0x80005DA0] -> 0x5537
mem[X,0x80005DA2] -> 0x5555
[554] [M]: 0x80005DA0 (0x55555537) lui a0, 349525
x10 <- 0x55555000


mem[X,0x80005DA4] -> 0x0513
mem[X,0x80005DA6] -> 0x5565
[555] [M]: 0x80005DA4 (0x55650513) addi a0, a0, 1366
x10 <- 0x55555556


mem[X,0x80005DA8] -> 0x05B7
mem[X,0x80005DAA] -> 0xFFFC
[556] [M]: 0x80005DA8 (0xFFFC05B7) lui a1, 1048512
x11 <- 0xFFFC0000


mem[X,0x80005DAC] -> 0x8593
mem[X,0x80005DAE] -> 0xFFF5
[557] [M]: 0x80005DAC (0xFFF58593) addi a1, a1, 4095
x11 <- 0xFFFBFFFF


mem[X,0x80005DB0] -> 0x0613
mem[X,0x80005DB2] -> 0x0000
[558] [M]: 0x80005DB0 (0x00000613) addi a2, zero, 0
x12 <- 0x00000000


mem[X,0x80005DB4] -> 0x006F
mem[X,0x80005DB6] -> 0x0050
[559] [M]: 0x80005DB4 (0x0050006F) jal zero, 2052


mem[X,0x800065B8] -> 0x50E3
mem[X,0x800065BA] -> 0x80B5
[560] [M]: 0x800065B8 (0x80B550E3) bge a0, a1, 6144


mem[X,0x80005DB8] -> 0x0613
mem[X,0x80005DBA] -> 0x0016
[561] [M]: 0x80005DB8 (0x00160613) addi a2, a2, 1
x12 <- 0x00000001


mem[X,0x80005DBC] -> 0x006F
mem[X,0x80005DBE] -> 0x0110
[562] [M]: 0x80005DBC (0x0110006F) jal zero, 2064


mem[X,0x800065CC] -> 0x2223
mem[X,0x800065CE] -> 0x08C2
[563] [M]: 0x800065CC (0x08C22223) sw a2, 132(tp)
mem[0x8003B1EC] <- 0x00000001


mem[X,0x800065D0] -> 0x0537
mem[X,0x800065D2] -> 0x0800
[564] [M]: 0x800065D0 (0x08000537) lui a0, 32768
x10 <- 0x08000000


mem[X,0x800065D4] -> 0x05B7
mem[X,0x800065D6] -> 0xFFF8
[565] [M]: 0x800065D4 (0xFFF805B7) lui a1, 1048448
x11 <- 0xFFF80000


mem[X,0x800065D8] -> 0x8593
mem[X,0x800065DA] -> 0xFFF5
[566] [M]: 0x800065D8 (0xFFF58593) addi a1, a1, 4095
x11 <- 0xFFF7FFFF


mem[X,0x800065DC] -> 0x0613
mem[X,0x800065DE] -> 0x0000
[567] [M]: 0x800065DC (0x00000613) addi a2, zero, 0
x12 <- 0x00000000


mem[X,0x800065E0] -> 0x006F
mem[X,0x800065E2] -> 0x00C0
[568] [M]: 0x800065E0 (0x00C0006F) jal zero, 12


mem[X,0x800065EC] -> 0x5863
mem[X,0x800065EE] -> 0x00B5
[569] [M]: 0x800065EC (0x00B55863) bge a0, a1, 16


mem[X,0x800065FC] -> 0x0613
mem[X,0x800065FE] -> 0x0036
[570] [M]: 0x800065FC (0x00360613) addi a2, a2, 3
x12 <- 0x00000003


mem[X,0x80006600] -> 0x006F
mem[X,0x80006602] -> 0x0040
[571] [M]: 0x80006600 (0x0040006F) jal zero, 4


mem[X,0x80006604] -> 0x2423
mem[X,0x80006606] -> 0x08C2
[572] [M]: 0x80006604 (0x08C22423) sw a2, 136(tp)
mem[0x8003B1F0] <- 0x00000003


mem[X,0x80006608] -> 0x0513
mem[X,0x8000660A] -> 0x0000
[573] [M]: 0x80006608 (0x00000513) addi a0, zero, 0
x10 <- 0x00000000


mem[X,0x8000660C] -> 0x05B7
mem[X,0x8000660E] -> 0xFFF0
[574] [M]: 0x8000660C (0xFFF005B7) lui a1, 1048320
x11 <- 0xFFF00000


mem[X,0x80006610] -> 0x8593
mem[X,0x80006612] -> 0xFFF5
[575] [M]: 0x80006610 (0xFFF58593) addi a1, a1, 4095
x11 <- 0xFFEFFFFF


mem[X,0x80006614] -> 0x0613
mem[X,0x80006616] -> 0x0000
[576] [M]: 0x80006614 (0x00000613) addi a2, zero, 0
x12 <- 0x00000000


mem[X,0x80006618] -> 0x006F
mem[X,0x8000661A] -> 0x00C0
[577] [M]: 0x80006618 (0x00C0006F) jal zero, 12


mem[X,0x80006624] -> 0x5663
mem[X,0x80006626] -> 0x00B5
[578] [M]: 0x80006624 (0x00B55663) bge a0, a1, 12


mem[X,0x80006630] -> 0x0613
mem[X,0x80006632] -> 0x0036
[579] [M]: 0x80006630 (0x00360613) addi a2, a2, 3
x12 <- 0x00000003


mem[X,0x80006634] -> 0x006F
mem[X,0x80006636] -> 0x0040
[580] [M]: 0x80006634 (0x0040006F) jal zero, 4


mem[X,0x80006638] -> 0x2623
mem[X,0x8000663A] -> 0x08C2
[581] [M]: 0x80006638 (0x08C22623) sw a2, 140(tp)
mem[0x8003B1F4] <- 0x00000003


mem[X,0x8000663C] -> 0x0513
mem[X,0x8000663E] -> 0xFF90
[582] [M]: 0x8000663C (0xFF900513) addi a0, zero, 4089
x10 <- 0xFFFFFFF9


mem[X,0x80006640] -> 0x05B7
mem[X,0x80006642] -> 0xFFE0
[583] [M]: 0x80006640 (0xFFE005B7) lui a1, 1048064
x11 <- 0xFFE00000


mem[X,0x80006644] -> 0x8593
mem[X,0x80006646] -> 0xFFF5
[584] [M]: 0x80006644 (0xFFF58593) addi a1, a1, 4095
x11 <- 0xFFDFFFFF


mem[X,0x80006648] -> 0x0613
mem[X,0x8000664A] -> 0x0000
[585] [M]: 0x80006648 (0x00000613) addi a2, zero, 0
x12 <- 0x00000000


mem[X,0x8000664C] -> 0x006F
mem[X,0x8000664E] -> 0x0180
[586] [M]: 0x8000664C (0x0180006F) jal zero, 24


mem[X,0x80006664] -> 0x56E3
mem[X,0x80006666] -> 0xFEB5
[587] [M]: 0x80006664 (0xFEB556E3) bge a0, a1, 8172


mem[X,0x80006650] -> 0x0613
mem[X,0x80006652] -> 0x0016
[588] [M]: 0x80006650 (0x00160613) addi a2, a2, 1
x12 <- 0x00000001


mem[X,0x80006654] -> 0x006F
mem[X,0x80006656] -> 0x0240
[589] [M]: 0x80006654 (0x0240006F) jal zero, 36


mem[X,0x80006678] -> 0x2823
mem[X,0x8000667A] -> 0x08C2
[590] [M]: 0x80006678 (0x08C22823) sw a2, 144(tp)
mem[0x8003B1F8] <- 0x00000001


mem[X,0x8000667C] -> 0x0513
mem[X,0x8000667E] -> 0xFF90
[591] [M]: 0x8000667C (0xFF900513) addi a0, zero, 4089
x10 <- 0xFFFFFFF9


mem[X,0x80006680] -> 0x05B7
mem[X,0x80006682] -> 0xFFC0
[592] [M]: 0x80006680 (0xFFC005B7) lui a1, 1047552
x11 <- 0xFFC00000


mem[X,0x80006684] -> 0x8593
mem[X,0x80006686] -> 0xFFF5
[593] [M]: 0x80006684 (0xFFF58593) addi a1, a1, 4095
x11 <- 0xFFBFFFFF


mem[X,0x80006688] -> 0x0613
mem[X,0x8000668A] -> 0x0000
[594] [M]: 0x80006688 (0x00000613) addi a2, zero, 0
x12 <- 0x00000000


mem[X,0x8000668C] -> 0x006F
mem[X,0x8000668E] -> 0x00C0
[595] [M]: 0x8000668C (0x00C0006F) jal zero, 12


mem[X,0x80006698] -> 0x5663
mem[X,0x8000669A] -> 0x00B5
[596] [M]: 0x80006698 (0x00B55663) bge a0, a1, 12


mem[X,0x800066A4] -> 0x0613
mem[X,0x800066A6] -> 0x0036
[597] [M]: 0x800066A4 (0x00360613) addi a2, a2, 3
x12 <- 0x00000003


mem[X,0x800066A8] -> 0x006F
mem[X,0x800066AA] -> 0x0040
[598] [M]: 0x800066A8 (0x0040006F) jal zero, 4


mem[X,0x800066AC] -> 0x2A23
mem[X,0x800066AE] -> 0x08C2
[599] [M]: 0x800066AC (0x08C22A23) sw a2, 148(tp)
mem[0x8003B1FC] <- 0x00000003


clint::tick mtime <- 0x0000000000000006
 clint timer pending at mtime 0x0000000000000006
htif::tick 0x0000000000000000
mem[X,0x800066B0] -> 0x0513
mem[X,0x800066B2] -> 0xFDF0
[600] [M]: 0x800066B0 (0xFDF00513) addi a0, zero, 4063
x10 <- 0xFFFFFFDF


mem[X,0x800066B4] -> 0x05B7
mem[X,0x800066B6] -> 0xFF00
[601] [M]: 0x800066B4 (0xFF0005B7) lui a1, 1044480
x11 <- 0xFF000000


mem[X,0x800066B8] -> 0x8593
mem[X,0x800066BA] -> 0xFFF5
[602] [M]: 0x800066B8 (0xFFF58593) addi a1, a1, 4095
x11 <- 0xFEFFFFFF


mem[X,0x800066BC] -> 0x0613
mem[X,0x800066BE] -> 0x0000
[603] [M]: 0x800066BC (0x00000613) addi a2, zero, 0
x12 <- 0x00000000


mem[X,0x800066C0] -> 0x006F
mem[X,0x800066C2] -> 0x00C0
[604] [M]: 0x800066C0 (0x00C0006F) jal zero, 12


mem[X,0x800066CC] -> 0x5863
mem[X,0x800066CE] -> 0x00B5
[605] [M]: 0x800066CC (0x00B55863) bge a0, a1, 16


mem[X,0x800066DC] -> 0x0613
mem[X,0x800066DE] -> 0x0036
[606] [M]: 0x800066DC (0x00360613) addi a2, a2, 3
x12 <- 0x00000003


mem[X,0x800066E0] -> 0x006F
mem[X,0x800066E2] -> 0x0040
[607] [M]: 0x800066E0 (0x0040006F) jal zero, 4


mem[X,0x800066E4] -> 0x2C23
mem[X,0x800066E6] -> 0x08C2
[608] [M]: 0x800066E4 (0x08C22C23) sw a2, 152(tp)
mem[0x8003B200] <- 0x00000003


mem[X,0x800066E8] -> 0x4537
mem[X,0x800066EA] -> 0x0000
[609] [M]: 0x800066E8 (0x00004537) lui a0, 4
x10 <- 0x00004000


mem[X,0x800066EC] -> 0x05B7
mem[X,0x800066EE] -> 0xFC00
[610] [M]: 0x800066EC (0xFC0005B7) lui a1, 1032192
x11 <- 0xFC000000


mem[X,0x800066F0] -> 0x8593
mem[X,0x800066F2] -> 0xFFF5
[611] [M]: 0x800066F0 (0xFFF58593) addi a1, a1, 4095
x11 <- 0xFBFFFFFF


mem[X,0x800066F4] -> 0x0613
mem[X,0x800066F6] -> 0x0000
[612] [M]: 0x800066F4 (0x00000613) addi a2, zero, 0
x12 <- 0x00000000


mem[X,0x800066F8] -> 0x006F
mem[X,0x800066FA] -> 0x00C0
[613] [M]: 0x800066F8 (0x00C0006F) jal zero, 12


mem[X,0x80006704] -> 0x5663
mem[X,0x80006706] -> 0x00B5
[614] [M]: 0x80006704 (0x00B55663) bge a0, a1, 12


mem[X,0x80006710] -> 0x0613
mem[X,0x80006712] -> 0x0036
[615] [M]: 0x80006710 (0x00360613) addi a2, a2, 3
x12 <- 0x00000003


mem[X,0x80006714] -> 0x006F
mem[X,0x80006716] -> 0x0040
[616] [M]: 0x80006714 (0x0040006F) jal zero, 4


mem[X,0x80006718] -> 0x2E23
mem[X,0x8000671A] -> 0x08C2
[617] [M]: 0x80006718 (0x08C22E23) sw a2, 156(tp)
mem[0x8003B204] <- 0x00000003


mem[X,0x8000671C] -> 0x0513
mem[X,0x8000671E] -> 0xFFD0
[618] [M]: 0x8000671C (0xFFD00513) addi a0, zero, 4093
x10 <- 0xFFFFFFFD


mem[X,0x80006720] -> 0x05B7
mem[X,0x80006722] -> 0xF800
[619] [M]: 0x80006720 (0xF80005B7) lui a1, 1015808
x11 <- 0xF8000000


mem[X,0x80006724] -> 0x8593
mem[X,0x80006726] -> 0xFFF5
[620] [M]: 0x80006724 (0xFFF58593) addi a1, a1, 4095
x11 <- 0xF7FFFFFF


mem[X,0x80006728] -> 0x0613
mem[X,0x8000672A] -> 0x0000
[621] [M]: 0x80006728 (0x00000613) addi a2, zero, 0
x12 <- 0x00000000


mem[X,0x8000672C] -> 0x006F
mem[X,0x8000672E] -> 0x00C0
[622] [M]: 0x8000672C (0x00C0006F) jal zero, 12


mem[X,0x80006738] -> 0x5863
mem[X,0x8000673A] -> 0x00B5
[623] [M]: 0x80006738 (0x00B55863) bge a0, a1, 16


mem[X,0x80006748] -> 0x0613
mem[X,0x8000674A] -> 0x0036
[624] [M]: 0x80006748 (0x00360613) addi a2, a2, 3
x12 <- 0x00000003


mem[X,0x8000674C] -> 0x006F
mem[X,0x8000674E] -> 0x0040
[625] [M]: 0x8000674C (0x0040006F) jal zero, 4


mem[X,0x80006750] -> 0x2023
mem[X,0x80006752] -> 0x0AC2
[626] [M]: 0x80006750 (0x0AC22023) sw a2, 160(tp)
mem[0x8003B208] <- 0x00000003


mem[X,0x80006754] -> 0x0513
mem[X,0x80006756] -> 0x0200
[627] [M]: 0x80006754 (0x02000513) addi a0, zero, 32
x10 <- 0x00000020


mem[X,0x80006758] -> 0x05B7
mem[X,0x8000675A] -> 0xF000
[628] [M]: 0x80006758 (0xF00005B7) lui a1, 983040
x11 <- 0xF0000000


mem[X,0x8000675C] -> 0x8593
mem[X,0x8000675E] -> 0xFFF5
[629] [M]: 0x8000675C (0xFFF58593) addi a1, a1, 4095
x11 <- 0xEFFFFFFF


mem[X,0x80006760] -> 0x0613
mem[X,0x80006762] -> 0x0000
[630] [M]: 0x80006760 (0x00000613) addi a2, zero, 0
x12 <- 0x00000000


mem[X,0x80006764] -> 0x006F
mem[X,0x80006766] -> 0x00C0
[631] [M]: 0x80006764 (0x00C0006F) jal zero, 12


mem[X,0x80006770] -> 0x5063
mem[X,0x80006772] -> 0x04B5
[632] [M]: 0x80006770 (0x04B55063) bge a0, a1, 64


mem[X,0x800067B0] -> 0x0613
mem[X,0x800067B2] -> 0x0036
[633] [M]: 0x800067B0 (0x00360613) addi a2, a2, 3
x12 <- 0x00000003


mem[X,0x800067B4] -> 0x006F
mem[X,0x800067B6] -> 0x0040
[634] [M]: 0x800067B4 (0x0040006F) jal zero, 4


mem[X,0x800067B8] -> 0x2223
mem[X,0x800067BA] -> 0x0AC2
[635] [M]: 0x800067B8 (0x0AC22223) sw a2, 164(tp)
mem[0x8003B20C] <- 0x00000003


mem[X,0x800067BC] -> 0x0537
mem[X,0x800067BE] -> 0x1000
[636] [M]: 0x800067BC (0x10000537) lui a0, 65536
x10 <- 0x10000000


mem[X,0x800067C0] -> 0x05B7
mem[X,0x800067C2] -> 0xE000
[637] [M]: 0x800067C0 (0xE00005B7) lui a1, 917504
x11 <- 0xE0000000


mem[X,0x800067C4] -> 0x8593
mem[X,0x800067C6] -> 0xFFF5
[638] [M]: 0x800067C4 (0xFFF58593) addi a1, a1, 4095
x11 <- 0xDFFFFFFF


mem[X,0x800067C8] -> 0x0613
mem[X,0x800067CA] -> 0x0000
[639] [M]: 0x800067C8 (0x00000613) addi a2, zero, 0
x12 <- 0x00000000


mem[X,0x800067CC] -> 0x006F
mem[X,0x800067CE] -> 0x00C0
[640] [M]: 0x800067CC (0x00C0006F) jal zero, 12


mem[X,0x800067D8] -> 0x5063
mem[X,0x800067DA] -> 0x02B5
[641] [M]: 0x800067D8 (0x02B55063) bge a0, a1, 32


mem[X,0x800067F8] -> 0x0613
mem[X,0x800067FA] -> 0x0036
[642] [M]: 0x800067F8 (0x00360613) addi a2, a2, 3
x12 <- 0x00000003


mem[X,0x800067FC] -> 0x006F
mem[X,0x800067FE] -> 0x0040
[643] [M]: 0x800067FC (0x0040006F) jal zero, 4


mem[X,0x80006800] -> 0x2423
mem[X,0x80006802] -> 0x0AC2
[644] [M]: 0x80006800 (0x0AC22423) sw a2, 168(tp)
mem[0x8003B210] <- 0x00000003


mem[X,0x80006804] -> 0x0513
mem[X,0x80006806] -> 0x0100
[645] [M]: 0x80006804 (0x01000513) addi a0, zero, 16
x10 <- 0x00000010


mem[X,0x80006808] -> 0x05B7
mem[X,0x8000680A] -> 0xC000
[646] [M]: 0x80006808 (0xC00005B7) lui a1, 786432
x11 <- 0xC0000000


mem[X,0x8000680C] -> 0x8593
mem[X,0x8000680E] -> 0xFFF5
[647] [M]: 0x8000680C (0xFFF58593) addi a1, a1, 4095
x11 <- 0xBFFFFFFF


mem[X,0x80006810] -> 0x0613
mem[X,0x80006812] -> 0x0000
[648] [M]: 0x80006810 (0x00000613) addi a2, zero, 0
x12 <- 0x00000000


mem[X,0x80006814] -> 0x006F
mem[X,0x80006816] -> 0x00C0
[649] [M]: 0x80006814 (0x00C0006F) jal zero, 12


mem[X,0x80006820] -> 0x5CE3
mem[X,0x80006822] -> 0xFEB5
[650] [M]: 0x80006820 (0xFEB55CE3) bge a0, a1, 8184


mem[X,0x80006818] -> 0x0613
mem[X,0x8000681A] -> 0x0016
[651] [M]: 0x80006818 (0x00160613) addi a2, a2, 1
x12 <- 0x00000001


mem[X,0x8000681C] -> 0x006F
mem[X,0x8000681E] -> 0x0180
[652] [M]: 0x8000681C (0x0180006F) jal zero, 24


mem[X,0x80006834] -> 0x2623
mem[X,0x80006836] -> 0x0AC2
[653] [M]: 0x80006834 (0x0AC22623) sw a2, 172(tp)
mem[0x8003B214] <- 0x00000001


mem[X,0x80006838] -> 0x0537
mem[X,0x8000683A] -> 0xFFE0
[654] [M]: 0x80006838 (0xFFE00537) lui a0, 1048064
x10 <- 0xFFE00000


mem[X,0x8000683C] -> 0x0513
mem[X,0x8000683E] -> 0xFFF5
[655] [M]: 0x8000683C (0xFFF50513) addi a0, a0, 4095
x10 <- 0xFFDFFFFF


mem[X,0x80006840] -> 0x05B7
mem[X,0x80006842] -> 0x8000
[656] [M]: 0x80006840 (0x800005B7) lui a1, 524288
x11 <- 0x80000000


mem[X,0x80006844] -> 0x8593
mem[X,0x80006846] -> 0xFFF5
[657] [M]: 0x80006844 (0xFFF58593) addi a1, a1, 4095
x11 <- 0x7FFFFFFF


mem[X,0x80006848] -> 0x0613
mem[X,0x8000684A] -> 0x0000
[658] [M]: 0x80006848 (0x00000613) addi a2, zero, 0
x12 <- 0x00000000


mem[X,0x8000684C] -> 0x006F
mem[X,0x8000684E] -> 0x00C0
[659] [M]: 0x8000684C (0x00C0006F) jal zero, 12


mem[X,0x80006858] -> 0x5CE3
mem[X,0x8000685A] -> 0xFEB5
[660] [M]: 0x80006858 (0xFEB55CE3) bge a0, a1, 8184


mem[X,0x8000685C] -> 0x0613
mem[X,0x8000685E] -> 0x0026
[661] [M]: 0x8000685C (0x00260613) addi a2, a2, 2
x12 <- 0x00000002


mem[X,0x80006860] -> 0x006F
mem[X,0x80006862] -> 0x00C0
[662] [M]: 0x80006860 (0x00C0006F) jal zero, 12


mem[X,0x8000686C] -> 0x2823
mem[X,0x8000686E] -> 0x0AC2
[663] [M]: 0x8000686C (0x0AC22823) sw a2, 176(tp)
mem[0x8003B218] <- 0x00000002


mem[X,0x80006870] -> 0x0513
mem[X,0x80006872] -> 0x0090
[664] [M]: 0x80006870 (0x00900513) addi a0, zero, 9
x10 <- 0x00000009


mem[X,0x80006874] -> 0x55B7
mem[X,0x80006876] -> 0x5555
[665] [M]: 0x80006874 (0x555555B7) lui a1, 349525
x11 <- 0x55555000


mem[X,0x80006878] -> 0x8593
mem[X,0x8000687A] -> 0x5555
[666] [M]: 0x80006878 (0x55558593) addi a1, a1, 1365
x11 <- 0x55555555


mem[X,0x8000687C] -> 0x0613
mem[X,0x8000687E] -> 0x0000
[667] [M]: 0x8000687C (0x00000613) addi a2, zero, 0
x12 <- 0x00000000


mem[X,0x80006880] -> 0x006F
mem[X,0x80006882] -> 0x00C0
[668] [M]: 0x80006880 (0x00C0006F) jal zero, 12


mem[X,0x8000688C] -> 0x5663
mem[X,0x8000688E] -> 0x00B5
[669] [M]: 0x8000688C (0x00B55663) bge a0, a1, 12


mem[X,0x80006890] -> 0x0613
mem[X,0x80006892] -> 0x0026
[670] [M]: 0x80006890 (0x00260613) addi a2, a2, 2
x12 <- 0x00000002


mem[X,0x80006894] -> 0x006F
mem[X,0x80006896] -> 0x00C0
[671] [M]: 0x80006894 (0x00C0006F) jal zero, 12


mem[X,0x800068A0] -> 0x2A23
mem[X,0x800068A2] -> 0x0AC2
[672] [M]: 0x800068A0 (0x0AC22A23) sw a2, 180(tp)
mem[0x8003B21C] <- 0x00000002


mem[X,0x800068A4] -> 0x0537
mem[X,0x800068A6] -> 0x0001
[673] [M]: 0x800068A4 (0x00010537) lui a0, 16
x10 <- 0x00010000


mem[X,0x800068A8] -> 0xB5B7
mem[X,0x800068AA] -> 0xAAAA
[674] [M]: 0x800068A8 (0xAAAAB5B7) lui a1, 699051
x11 <- 0xAAAAB000


mem[X,0x800068AC] -> 0x8593
mem[X,0x800068AE] -> 0xAAA5
[675] [M]: 0x800068AC (0xAAA58593) addi a1, a1, 2730
x11 <- 0xAAAAAAAA


mem[X,0x800068B0] -> 0x0613
mem[X,0x800068B2] -> 0x0000
[676] [M]: 0x800068B0 (0x00000613) addi a2, zero, 0
x12 <- 0x00000000


mem[X,0x800068B4] -> 0x006F
mem[X,0x800068B6] -> 0x00C0
[677] [M]: 0x800068B4 (0x00C0006F) jal zero, 12


mem[X,0x800068C0] -> 0x5863
mem[X,0x800068C2] -> 0x00B5
[678] [M]: 0x800068C0 (0x00B55863) bge a0, a1, 16


mem[X,0x800068D0] -> 0x0613
mem[X,0x800068D2] -> 0x0036
[679] [M]: 0x800068D0 (0x00360613) addi a2, a2, 3
x12 <- 0x00000003


mem[X,0x800068D4] -> 0x006F
mem[X,0x800068D6] -> 0x0040
[680] [M]: 0x800068D4 (0x0040006F) jal zero, 4


mem[X,0x800068D8] -> 0x2C23
mem[X,0x800068DA] -> 0x0AC2
[681] [M]: 0x800068D8 (0x0AC22C23) sw a2, 184(tp)
mem[0x8003B220] <- 0x00000003


mem[X,0x800068DC] -> 0x0513
mem[X,0x800068DE] -> 0x0010
[682] [M]: 0x800068DC (0x00100513) addi a0, zero, 1
x10 <- 0x00000001


mem[X,0x800068E0] -> 0x05B7
mem[X,0x800068E2] -> 0xFFFE
[683] [M]: 0x800068E0 (0xFFFE05B7) lui a1, 1048544
x11 <- 0xFFFE0000


mem[X,0x800068E4] -> 0x8593
mem[X,0x800068E6] -> 0xFFF5
[684] [M]: 0x800068E4 (0xFFF58593) addi a1, a1, 4095
x11 <- 0xFFFDFFFF


mem[X,0x800068E8] -> 0x0613
mem[X,0x800068EA] -> 0x0000
[685] [M]: 0x800068E8 (0x00000613) addi a2, zero, 0
x12 <- 0x00000000


mem[X,0x800068EC] -> 0x006F
mem[X,0x800068EE] -> 0x0140
[686] [M]: 0x800068EC (0x0140006F) jal zero, 20


mem[X,0x80006900] -> 0x58E3
mem[X,0x80006902] -> 0xFEB5
[687] [M]: 0x80006900 (0xFEB558E3) bge a0, a1, 8176


mem[X,0x800068F0] -> 0x0613
mem[X,0x800068F2] -> 0x0016
[688] [M]: 0x800068F0 (0x00160613) addi a2, a2, 1
x12 <- 0x00000001


mem[X,0x800068F4] -> 0x006F
mem[X,0x800068F6] -> 0x0200
[689] [M]: 0x800068F4 (0x0200006F) jal zero, 32


mem[X,0x80006914] -> 0x2E23
mem[X,0x80006916] -> 0x0AC2
[690] [M]: 0x80006914 (0x0AC22E23) sw a2, 188(tp)
mem[0x8003B224] <- 0x00000001


mem[X,0x80006918] -> 0x0513
mem[X,0x8000691A] -> 0x0040
[691] [M]: 0x80006918 (0x00400513) addi a0, zero, 4
x10 <- 0x00000004


mem[X,0x8000691C] -> 0x05B7
mem[X,0x8000691E] -> 0xFFFC
[692] [M]: 0x8000691C (0xFFFC05B7) lui a1, 1048512
x11 <- 0xFFFC0000


mem[X,0x80006920] -> 0x8593
mem[X,0x80006922] -> 0xFFF5
[693] [M]: 0x80006920 (0xFFF58593) addi a1, a1, 4095
x11 <- 0xFFFBFFFF


mem[X,0x80006924] -> 0x0613
mem[X,0x80006926] -> 0x0000
[694] [M]: 0x80006924 (0x00000613) addi a2, zero, 0
x12 <- 0x00000000


mem[X,0x80006928] -> 0x006F
mem[X,0x8000692A] -> 0x00C0
[695] [M]: 0x80006928 (0x00C0006F) jal zero, 12


mem[X,0x80006934] -> 0x5063
mem[X,0x80006936] -> 0x40B5
[696] [M]: 0x80006934 (0x40B55063) bge a0, a1, 1024


mem[X,0x80006D34] -> 0x0613
mem[X,0x80006D36] -> 0x0036
[697] [M]: 0x80006D34 (0x00360613) addi a2, a2, 3
x12 <- 0x00000003


mem[X,0x80006D38] -> 0x006F
mem[X,0x80006D3A] -> 0x0040
[698] [M]: 0x80006D38 (0x0040006F) jal zero, 4


mem[X,0x80006D3C] -> 0x2023
mem[X,0x80006D3E] -> 0x0CC2
[699] [M]: 0x80006D3C (0x0CC22023) sw a2, 192(tp)
mem[0x8003B228] <- 0x00000003


clint::tick mtime <- 0x0000000000000007
 clint timer pending at mtime 0x0000000000000007
htif::tick 0x0000000000000000
mem[X,0x80006D40] -> 0x0513
mem[X,0x80006D42] -> 0x1000
[700] [M]: 0x80006D40 (0x10000513) addi a0, zero, 256
x10 <- 0x00000100


mem[X,0x80006D44] -> 0x05B7
mem[X,0x80006D46] -> 0x0100
[701] [M]: 0x80006D44 (0x010005B7) lui a1, 4096
x11 <- 0x01000000


mem[X,0x80006D48] -> 0x0613
mem[X,0x80006D4A] -> 0x0000
[702] [M]: 0x80006D48 (0x00000613) addi a2, zero, 0
x12 <- 0x00000000


mem[X,0x80006D4C] -> 0x006F
mem[X,0x80006D4E] -> 0x00C0
[703] [M]: 0x80006D4C (0x00C0006F) jal zero, 12


mem[X,0x80006D58] -> 0x5063
mem[X,0x80006D5A] -> 0x04B5
[704] [M]: 0x80006D58 (0x04B55063) bge a0, a1, 64


mem[X,0x80006D5C] -> 0x0613
mem[X,0x80006D5E] -> 0x0026
[705] [M]: 0x80006D5C (0x00260613) addi a2, a2, 2
x12 <- 0x00000002


mem[X,0x80006D60] -> 0x006F
mem[X,0x80006D62] -> 0x0400
[706] [M]: 0x80006D60 (0x0400006F) jal zero, 64


mem[X,0x80006DA0] -> 0x2223
mem[X,0x80006DA2] -> 0x0CC2
[707] [M]: 0x80006DA0 (0x0CC22223) sw a2, 196(tp)
mem[0x8003B22C] <- 0x00000002


mem[X,0x80006DA4] -> 0x0513
mem[X,0x80006DA6] -> 0x2000
[708] [M]: 0x80006DA4 (0x20000513) addi a0, zero, 512
x10 <- 0x00000200


mem[X,0x80006DA8] -> 0x0593
mem[X,0x80006DAA] -> 0xFDF0
[709] [M]: 0x80006DA8 (0xFDF00593) addi a1, zero, 4063
x11 <- 0xFFFFFFDF


mem[X,0x80006DAC] -> 0x0613
mem[X,0x80006DAE] -> 0x0000
[710] [M]: 0x80006DAC (0x00000613) addi a2, zero, 0
x12 <- 0x00000000


mem[X,0x80006DB0] -> 0x006F
mem[X,0x80006DB2] -> 0x00C0
[711] [M]: 0x80006DB0 (0x00C0006F) jal zero, 12


mem[X,0x80006DBC] -> 0x5063
mem[X,0x80006DBE] -> 0x04B5
[712] [M]: 0x80006DBC (0x04B55063) bge a0, a1, 64


mem[X,0x80006DFC] -> 0x0613
mem[X,0x80006DFE] -> 0x0036
[713] [M]: 0x80006DFC (0x00360613) addi a2, a2, 3
x12 <- 0x00000003


mem[X,0x80006E00] -> 0x006F
mem[X,0x80006E02] -> 0x0040
[714] [M]: 0x80006E00 (0x0040006F) jal zero, 4


mem[X,0x80006E04] -> 0x2423
mem[X,0x80006E06] -> 0x0CC2
[715] [M]: 0x80006E04 (0x0CC22423) sw a2, 200(tp)
mem[0x8003B230] <- 0x00000003


mem[X,0x80006E08] -> 0x0513
mem[X,0x80006E0A] -> 0x4000
[716] [M]: 0x80006E08 (0x40000513) addi a0, zero, 1024
x10 <- 0x00000400


mem[X,0x80006E0C] -> 0x0593
mem[X,0x80006E0E] -> 0x0000
[717] [M]: 0x80006E0C (0x00000593) addi a1, zero, 0
x11 <- 0x00000000


mem[X,0x80006E10] -> 0x0613
mem[X,0x80006E12] -> 0x0000
[718] [M]: 0x80006E10 (0x00000613) addi a2, zero, 0
x12 <- 0x00000000


mem[X,0x80006E14] -> 0x006F
mem[X,0x80006E16] -> 0x0100
[719] [M]: 0x80006E14 (0x0100006F) jal zero, 16


mem[X,0x80006E24] -> 0x5AE3
mem[X,0x80006E26] -> 0xFEB5
[720] [M]: 0x80006E24 (0xFEB55AE3) bge a0, a1, 8180


mem[X,0x80006E18] -> 0x0613
mem[X,0x80006E1A] -> 0x0016
[721] [M]: 0x80006E18 (0x00160613) addi a2, a2, 1
x12 <- 0x00000001


mem[X,0x80006E1C] -> 0x006F
mem[X,0x80006E1E] -> 0x01C0
[722] [M]: 0x80006E1C (0x01C0006F) jal zero, 28


mem[X,0x80006E38] -> 0x2623
mem[X,0x80006E3A] -> 0x0CC2
[723] [M]: 0x80006E38 (0x0CC22623) sw a2, 204(tp)
mem[0x8003B234] <- 0x00000001


mem[X,0x80006E3C] -> 0x1537
mem[X,0x80006E3E] -> 0x0000
[724] [M]: 0x80006E3C (0x00001537) lui a0, 1
x10 <- 0x00001000


mem[X,0x80006E40] -> 0x0513
mem[X,0x80006E42] -> 0x8005
[725] [M]: 0x80006E40 (0x80050513) addi a0, a0, 2048
x10 <- 0x00000800


mem[X,0x80006E44] -> 0x85B7
mem[X,0x80006E46] -> 0x0000
[726] [M]: 0x80006E44 (0x000085B7) lui a1, 8
x11 <- 0x00008000


mem[X,0x80006E48] -> 0x0613
mem[X,0x80006E4A] -> 0x0000
[727] [M]: 0x80006E48 (0x00000613) addi a2, zero, 0
x12 <- 0x00000000


mem[X,0x80006E4C] -> 0x006F
mem[X,0x80006E4E] -> 0x00C0
[728] [M]: 0x80006E4C (0x00C0006F) jal zero, 12


mem[X,0x80006E58] -> 0x5CE3
mem[X,0x80006E5A] -> 0xFEB5
[729] [M]: 0x80006E58 (0xFEB55CE3) bge a0, a1, 8184


mem[X,0x80006E5C] -> 0x0613
mem[X,0x80006E5E] -> 0x0026
[730] [M]: 0x80006E5C (0x00260613) addi a2, a2, 2
x12 <- 0x00000002


mem[X,0x80006E60] -> 0x006F
mem[X,0x80006E62] -> 0x00C0
[731] [M]: 0x80006E60 (0x00C0006F) jal zero, 12


mem[X,0x80006E6C] -> 0x2823
mem[X,0x80006E6E] -> 0x0CC2
[732] [M]: 0x80006E6C (0x0CC22823) sw a2, 208(tp)
mem[0x8003B238] <- 0x00000002


mem[X,0x80006E70] -> 0x1537
mem[X,0x80006E72] -> 0x0000
[733] [M]: 0x80006E70 (0x00001537) lui a0, 1
x10 <- 0x00001000


mem[X,0x80006E74] -> 0x05B7
mem[X,0x80006E76] -> 0x4000
[734] [M]: 0x80006E74 (0x400005B7) lui a1, 262144
x11 <- 0x40000000


mem[X,0x80006E78] -> 0x0613
mem[X,0x80006E7A] -> 0x0000
[735] [M]: 0x80006E78 (0x00000613) addi a2, zero, 0
x12 <- 0x00000000


mem[X,0x80006E7C] -> 0x006F
mem[X,0x80006E7E] -> 0x00C0
[736] [M]: 0x80006E7C (0x00C0006F) jal zero, 12


mem[X,0x80006E88] -> 0x5063
mem[X,0x80006E8A] -> 0x40B5
[737] [M]: 0x80006E88 (0x40B55063) bge a0, a1, 1024


mem[X,0x80006E8C] -> 0x0613
mem[X,0x80006E8E] -> 0x0026
[738] [M]: 0x80006E8C (0x00260613) addi a2, a2, 2
x12 <- 0x00000002


mem[X,0x80006E90] -> 0x006F
mem[X,0x80006E92] -> 0x4000
[739] [M]: 0x80006E90 (0x4000006F) jal zero, 1024


mem[X,0x80007290] -> 0x2A23
mem[X,0x80007292] -> 0x0CC2
[740] [M]: 0x80007290 (0x0CC22A23) sw a2, 212(tp)
mem[0x8003B23C] <- 0x00000002


mem[X,0x80007294] -> 0x2537
mem[X,0x80007296] -> 0x0000
[741] [M]: 0x80007294 (0x00002537) lui a0, 2
x10 <- 0x00002000


mem[X,0x80007298] -> 0x05B7
mem[X,0x8000729A] -> 0xF000
[742] [M]: 0x80007298 (0xF00005B7) lui a1, 983040
x11 <- 0xF0000000


mem[X,0x8000729C] -> 0x8593
mem[X,0x8000729E] -> 0xFFF5
[743] [M]: 0x8000729C (0xFFF58593) addi a1, a1, 4095
x11 <- 0xEFFFFFFF


mem[X,0x800072A0] -> 0x0613
mem[X,0x800072A2] -> 0x0000
[744] [M]: 0x800072A0 (0x00000613) addi a2, zero, 0
x12 <- 0x00000000


mem[X,0x800072A4] -> 0x006F
mem[X,0x800072A6] -> 0x2B10
[745] [M]: 0x800072A4 (0x2B10006F) jal zero, 2736


mem[X,0x80007D54] -> 0x5A63
mem[X,0x80007D56] -> 0xD4B5
[746] [M]: 0x80007D54 (0xD4B55A63) bge a0, a1, 5460


mem[X,0x800072A8] -> 0x0613
mem[X,0x800072AA] -> 0x0016
[747] [M]: 0x800072A8 (0x00160613) addi a2, a2, 1
x12 <- 0x00000001


mem[X,0x800072AC] -> 0x006F
mem[X,0x800072AE] -> 0x2BD0
[748] [M]: 0x800072AC (0x2BD0006F) jal zero, 2748


mem[X,0x80007D68] -> 0x2C23
mem[X,0x80007D6A] -> 0x0CC2
[749] [M]: 0x80007D68 (0x0CC22C23) sw a2, 216(tp)
mem[0x8003B240] <- 0x00000001


mem[X,0x80007D6C] -> 0x8537
mem[X,0x80007D6E] -> 0x0000
[750] [M]: 0x80007D6C (0x00008537) lui a0, 8
x10 <- 0x00008000


mem[X,0x80007D70] -> 0x0593
mem[X,0x80007D72] -> 0x0040
[751] [M]: 0x80007D70 (0x00400593) addi a1, zero, 4
x11 <- 0x00000004


mem[X,0x80007D74] -> 0x0613
mem[X,0x80007D76] -> 0x0000
[752] [M]: 0x80007D74 (0x00000613) addi a2, zero, 0
x12 <- 0x00000000


mem[X,0x80007D78] -> 0x006F
mem[X,0x80007D7A] -> 0x00C0
[753] [M]: 0x80007D78 (0x00C0006F) jal zero, 12


mem[X,0x80007D84] -> 0x5063
mem[X,0x80007D86] -> 0x10B5
[754] [M]: 0x80007D84 (0x10B55063) bge a0, a1, 256


mem[X,0x80007E84] -> 0x0613
mem[X,0x80007E86] -> 0x0036
[755] [M]: 0x80007E84 (0x00360613) addi a2, a2, 3
x12 <- 0x00000003


mem[X,0x80007E88] -> 0x006F
mem[X,0x80007E8A] -> 0x0040
[756] [M]: 0x80007E88 (0x0040006F) jal zero, 4


mem[X,0x80007E8C] -> 0x2E23
mem[X,0x80007E8E] -> 0x0CC2
[757] [M]: 0x80007E8C (0x0CC22E23) sw a2, 220(tp)
mem[0x8003B244] <- 0x00000003


mem[X,0x80007E90] -> 0x0537
mem[X,0x80007E92] -> 0x0002
[758] [M]: 0x80007E90 (0x00020537) lui a0, 32
x10 <- 0x00020000


mem[X,0x80007E94] -> 0x0593
mem[X,0x80007E96] -> 0x0020
[759] [M]: 0x80007E94 (0x00200593) addi a1, zero, 2
x11 <- 0x00000002


mem[X,0x80007E98] -> 0x0613
mem[X,0x80007E9A] -> 0x0000
[760] [M]: 0x80007E98 (0x00000613) addi a2, zero, 0
x12 <- 0x00000000


mem[X,0x80007E9C] -> 0x006F
mem[X,0x80007E9E] -> 0x00C0
[761] [M]: 0x80007E9C (0x00C0006F) jal zero, 12


mem[X,0x80007EA8] -> 0x5CE3
mem[X,0x80007EAA] -> 0xFEB5
[762] [M]: 0x80007EA8 (0xFEB55CE3) bge a0, a1, 8184


mem[X,0x80007EA0] -> 0x0613
mem[X,0x80007EA2] -> 0x0016
[763] [M]: 0x80007EA0 (0x00160613) addi a2, a2, 1
x12 <- 0x00000001


mem[X,0x80007EA4] -> 0x006F
mem[X,0x80007EA6] -> 0x0180
[764] [M]: 0x80007EA4 (0x0180006F) jal zero, 24


mem[X,0x80007EBC] -> 0x2023
mem[X,0x80007EBE] -> 0x0EC2
[765] [M]: 0x80007EBC (0x0EC22023) sw a2, 224(tp)
mem[0x8003B248] <- 0x00000001


mem[X,0x80007EC0] -> 0x0537
mem[X,0x80007EC2] -> 0x0010
[766] [M]: 0x80007EC0 (0x00100537) lui a0, 256
x10 <- 0x00100000


mem[X,0x80007EC4] -> 0x55B7
mem[X,0x80007EC6] -> 0xFFFF
[767] [M]: 0x80007EC4 (0xFFFF55B7) lui a1, 1048565
x11 <- 0xFFFF5000


mem[X,0x80007EC8] -> 0x8593
mem[X,0x80007ECA] -> 0xAFC5
[768] [M]: 0x80007EC8 (0xAFC58593) addi a1, a1, 2812
x11 <- 0xFFFF4AFC


mem[X,0x80007ECC] -> 0x0613
mem[X,0x80007ECE] -> 0x0000
[769] [M]: 0x80007ECC (0x00000613) addi a2, zero, 0
x12 <- 0x00000000


mem[X,0x80007ED0] -> 0x006F
mem[X,0x80007ED2] -> 0x00C0
[770] [M]: 0x80007ED0 (0x00C0006F) jal zero, 12


mem[X,0x80007EDC] -> 0x5663
mem[X,0x80007EDE] -> 0x00B5
[771] [M]: 0x80007EDC (0x00B55663) bge a0, a1, 12


mem[X,0x80007EE8] -> 0x0613
mem[X,0x80007EEA] -> 0x0036
[772] [M]: 0x80007EE8 (0x00360613) addi a2, a2, 3
x12 <- 0x00000003


mem[X,0x80007EEC] -> 0x006F
mem[X,0x80007EEE] -> 0x0040
[773] [M]: 0x80007EEC (0x0040006F) jal zero, 4


mem[X,0x80007EF0] -> 0x2223
mem[X,0x80007EF2] -> 0x0EC2
[774] [M]: 0x80007EF0 (0x0EC22223) sw a2, 228(tp)
mem[0x8003B24C] <- 0x00000003


mem[X,0x80007EF4] -> 0x0537
mem[X,0x80007EF6] -> 0x0020
[775] [M]: 0x80007EF4 (0x00200537) lui a0, 512
x10 <- 0x00200000


mem[X,0x80007EF8] -> 0x55B7
mem[X,0x80007EFA] -> 0xFFFF
[776] [M]: 0x80007EF8 (0xFFFF55B7) lui a1, 1048565
x11 <- 0xFFFF5000


mem[X,0x80007EFC] -> 0x8593
mem[X,0x80007EFE] -> 0xAFC5
[777] [M]: 0x80007EFC (0xAFC58593) addi a1, a1, 2812
x11 <- 0xFFFF4AFC


mem[X,0x80007F00] -> 0x0613
mem[X,0x80007F02] -> 0x0000
[778] [M]: 0x80007F00 (0x00000613) addi a2, zero, 0
x12 <- 0x00000000


mem[X,0x80007F04] -> 0x006F
mem[X,0x80007F06] -> 0x00C0
[779] [M]: 0x80007F04 (0x00C0006F) jal zero, 12


mem[X,0x80007F10] -> 0x5063
mem[X,0x80007F12] -> 0x04B5
[780] [M]: 0x80007F10 (0x04B55063) bge a0, a1, 64


mem[X,0x80007F50] -> 0x0613
mem[X,0x80007F52] -> 0x0036
[781] [M]: 0x80007F50 (0x00360613) addi a2, a2, 3
x12 <- 0x00000003


mem[X,0x80007F54] -> 0x006F
mem[X,0x80007F56] -> 0x0040
[782] [M]: 0x80007F54 (0x0040006F) jal zero, 4


mem[X,0x80007F58] -> 0x2423
mem[X,0x80007F5A] -> 0x0EC2
[783] [M]: 0x80007F58 (0x0EC22423) sw a2, 232(tp)
mem[0x8003B250] <- 0x00000003


mem[X,0x80007F5C] -> 0x0537
mem[X,0x80007F5E] -> 0x0080
[784] [M]: 0x80007F5C (0x00800537) lui a0, 2048
x10 <- 0x00800000


mem[X,0x80007F60] -> 0x0593
mem[X,0x80007F62] -> 0x0080
[785] [M]: 0x80007F60 (0x00800593) addi a1, zero, 8
x11 <- 0x00000008


mem[X,0x80007F64] -> 0x0613
mem[X,0x80007F66] -> 0x0000
[786] [M]: 0x80007F64 (0x00000613) addi a2, zero, 0
x12 <- 0x00000000


mem[X,0x80007F68] -> 0x006F
mem[X,0x80007F6A] -> 0x00C0
[787] [M]: 0x80007F68 (0x00C0006F) jal zero, 12


mem[X,0x80007F74] -> 0x5063
mem[X,0x80007F76] -> 0x40B5
[788] [M]: 0x80007F74 (0x40B55063) bge a0, a1, 1024


mem[X,0x80008374] -> 0x0613
mem[X,0x80008376] -> 0x0036
[789] [M]: 0x80008374 (0x00360613) addi a2, a2, 3
x12 <- 0x00000003


mem[X,0x80008378] -> 0x006F
mem[X,0x8000837A] -> 0x0040
[790] [M]: 0x80008378 (0x0040006F) jal zero, 4


mem[X,0x8000837C] -> 0x2623
mem[X,0x8000837E] -> 0x0EC2
[791] [M]: 0x8000837C (0x0EC22623) sw a2, 236(tp)
mem[0x8003B254] <- 0x00000003


mem[X,0x80008380] -> 0x0537
mem[X,0x80008382] -> 0x0100
[792] [M]: 0x80008380 (0x01000537) lui a0, 4096
x10 <- 0x01000000


mem[X,0x80008384] -> 0x05B7
mem[X,0x80008386] -> 0xC000
[793] [M]: 0x80008384 (0xC00005B7) lui a1, 786432
x11 <- 0xC0000000


mem[X,0x80008388] -> 0x8593
mem[X,0x8000838A] -> 0xFFF5
[794] [M]: 0x80008388 (0xFFF58593) addi a1, a1, 4095
x11 <- 0xBFFFFFFF


mem[X,0x8000838C] -> 0x0613
mem[X,0x8000838E] -> 0x0000
[795] [M]: 0x8000838C (0x00000613) addi a2, zero, 0
x12 <- 0x00000000


mem[X,0x80008390] -> 0x006F
mem[X,0x80008392] -> 0x00C0
[796] [M]: 0x80008390 (0x00C0006F) jal zero, 12


mem[X,0x8000839C] -> 0x5663
mem[X,0x8000839E] -> 0x00B5
[797] [M]: 0x8000839C (0x00B55663) bge a0, a1, 12


mem[X,0x800083A8] -> 0x0613
mem[X,0x800083AA] -> 0x0036
[798] [M]: 0x800083A8 (0x00360613) addi a2, a2, 3
x12 <- 0x00000003


mem[X,0x800083AC] -> 0x006F
mem[X,0x800083AE] -> 0x0040
[799] [M]: 0x800083AC (0x0040006F) jal zero, 4


clint::tick mtime <- 0x0000000000000008
 clint timer pending at mtime 0x0000000000000008
htif::tick 0x0000000000000000
mem[X,0x800083B0] -> 0x2823
mem[X,0x800083B2] -> 0x0EC2
[800] [M]: 0x800083B0 (0x0EC22823) sw a2, 240(tp)
mem[0x8003B258] <- 0x00000003


mem[X,0x800083B4] -> 0x0537
mem[X,0x800083B6] -> 0x0200
[801] [M]: 0x800083B4 (0x02000537) lui a0, 8192
x10 <- 0x02000000


mem[X,0x800083B8] -> 0x0593
mem[X,0x800083BA] -> 0x0060
[802] [M]: 0x800083B8 (0x00600593) addi a1, zero, 6
x11 <- 0x00000006


mem[X,0x800083BC] -> 0x0613
mem[X,0x800083BE] -> 0x0000
[803] [M]: 0x800083BC (0x00000613) addi a2, zero, 0
x12 <- 0x00000000


mem[X,0x800083C0] -> 0x006F
mem[X,0x800083C2] -> 0x00C0
[804] [M]: 0x800083C0 (0x00C0006F) jal zero, 12


mem[X,0x800083CC] -> 0x5663
mem[X,0x800083CE] -> 0x00B5
[805] [M]: 0x800083CC (0x00B55663) bge a0, a1, 12


mem[X,0x800083D8] -> 0x0613
mem[X,0x800083DA] -> 0x0036
[806] [M]: 0x800083D8 (0x00360613) addi a2, a2, 3
x12 <- 0x00000003


mem[X,0x800083DC] -> 0x006F
mem[X,0x800083DE] -> 0x0040
[807] [M]: 0x800083DC (0x0040006F) jal zero, 4


mem[X,0x800083E0] -> 0x2A23
mem[X,0x800083E2] -> 0x0EC2
[808] [M]: 0x800083E0 (0x0EC22A23) sw a2, 244(tp)
mem[0x8003B25C] <- 0x00000003


mem[X,0x800083E4] -> 0x0537
mem[X,0x800083E6] -> 0x0400
[809] [M]: 0x800083E4 (0x04000537) lui a0, 16384
x10 <- 0x04000000


mem[X,0x800083E8] -> 0x05B7
mem[X,0x800083EA] -> 0x8000
[810] [M]: 0x800083E8 (0x800005B7) lui a1, 524288
x11 <- 0x80000000


mem[X,0x800083EC] -> 0x8593
mem[X,0x800083EE] -> 0xFFF5
[811] [M]: 0x800083EC (0xFFF58593) addi a1, a1, 4095
x11 <- 0x7FFFFFFF


mem[X,0x800083F0] -> 0x0613
mem[X,0x800083F2] -> 0x0000
[812] [M]: 0x800083F0 (0x00000613) addi a2, zero, 0
x12 <- 0x00000000


mem[X,0x800083F4] -> 0x006F
mem[X,0x800083F6] -> 0x0100
[813] [M]: 0x800083F4 (0x0100006F) jal zero, 16


mem[X,0x80008404] -> 0x5AE3
mem[X,0x80008406] -> 0xFEB5
[814] [M]: 0x80008404 (0xFEB55AE3) bge a0, a1, 8180


mem[X,0x80008408] -> 0x0613
mem[X,0x8000840A] -> 0x0026
[815] [M]: 0x80008408 (0x00260613) addi a2, a2, 2
x12 <- 0x00000002


mem[X,0x8000840C] -> 0x006F
mem[X,0x8000840E] -> 0x00C0
[816] [M]: 0x8000840C (0x00C0006F) jal zero, 12


mem[X,0x80008418] -> 0x2C23
mem[X,0x8000841A] -> 0x0EC2
[817] [M]: 0x80008418 (0x0EC22C23) sw a2, 248(tp)
mem[0x8003B260] <- 0x00000002


mem[X,0x8000841C] -> 0x0537
mem[X,0x8000841E] -> 0x2000
[818] [M]: 0x8000841C (0x20000537) lui a0, 131072
x10 <- 0x20000000


mem[X,0x80008420] -> 0x25B7
mem[X,0x80008422] -> 0x0000
[819] [M]: 0x80008420 (0x000025B7) lui a1, 2
x11 <- 0x00002000


mem[X,0x80008424] -> 0x0613
mem[X,0x80008426] -> 0x0000
[820] [M]: 0x80008424 (0x00000613) addi a2, zero, 0
x12 <- 0x00000000


mem[X,0x80008428] -> 0x006F
mem[X,0x8000842A] -> 0x00C0
[821] [M]: 0x80008428 (0x00C0006F) jal zero, 12


mem[X,0x80008434] -> 0x5063
mem[X,0x80008436] -> 0x08B5
[822] [M]: 0x80008434 (0x08B55063) bge a0, a1, 128


mem[X,0x800084B4] -> 0x0613
mem[X,0x800084B6] -> 0x0036
[823] [M]: 0x800084B4 (0x00360613) addi a2, a2, 3
x12 <- 0x00000003


mem[X,0x800084B8] -> 0x006F
mem[X,0x800084BA] -> 0x0040
[824] [M]: 0x800084B8 (0x0040006F) jal zero, 4


mem[X,0x800084BC] -> 0x2E23
mem[X,0x800084BE] -> 0x0EC2
[825] [M]: 0x800084BC (0x0EC22E23) sw a2, 252(tp)
mem[0x8003B264] <- 0x00000003


mem[X,0x800084C0] -> 0x0537
mem[X,0x800084C2] -> 0x4000
[826] [M]: 0x800084C0 (0x40000537) lui a0, 262144
x10 <- 0x40000000


mem[X,0x800084C4] -> 0x05B7
mem[X,0x800084C6] -> 0x2000
[827] [M]: 0x800084C4 (0x200005B7) lui a1, 131072
x11 <- 0x20000000


mem[X,0x800084C8] -> 0x0613
mem[X,0x800084CA] -> 0x0000
[828] [M]: 0x800084C8 (0x00000613) addi a2, zero, 0
x12 <- 0x00000000


mem[X,0x800084CC] -> 0x006F
mem[X,0x800084CE] -> 0x00C0
[829] [M]: 0x800084CC (0x00C0006F) jal zero, 12


mem[X,0x800084D8] -> 0x5063
mem[X,0x800084DA] -> 0x02B5
[830] [M]: 0x800084D8 (0x02B55063) bge a0, a1, 32


mem[X,0x800084F8] -> 0x0613
mem[X,0x800084FA] -> 0x0036
[831] [M]: 0x800084F8 (0x00360613) addi a2, a2, 3
x12 <- 0x00000003


mem[X,0x800084FC] -> 0x006F
mem[X,0x800084FE] -> 0x0040
[832] [M]: 0x800084FC (0x0040006F) jal zero, 4


mem[X,0x80008500] -> 0x2023
mem[X,0x80008502] -> 0x10C2
[833] [M]: 0x80008500 (0x10C22023) sw a2, 256(tp)
mem[0x8003B268] <- 0x00000003


mem[X,0x80008504] -> 0x0513
mem[X,0x80008506] -> 0xFF70
[834] [M]: 0x80008504 (0xFF700513) addi a0, zero, 4087
x10 <- 0xFFFFFFF7


mem[X,0x80008508] -> 0x0593
mem[X,0x8000850A] -> 0xFF90
[835] [M]: 0x80008508 (0xFF900593) addi a1, zero, 4089
x11 <- 0xFFFFFFF9


mem[X,0x8000850C] -> 0x0613
mem[X,0x8000850E] -> 0x0000
[836] [M]: 0x8000850C (0x00000613) addi a2, zero, 0
x12 <- 0x00000000


mem[X,0x80008510] -> 0x006F
mem[X,0x80008512] -> 0x0100
[837] [M]: 0x80008510 (0x0100006F) jal zero, 16


mem[X,0x80008520] -> 0x5AE3
mem[X,0x80008522] -> 0xFEB5
[838] [M]: 0x80008520 (0xFEB55AE3) bge a0, a1, 8180


mem[X,0x80008524] -> 0x0613
mem[X,0x80008526] -> 0x0026
[839] [M]: 0x80008524 (0x00260613) addi a2, a2, 2
x12 <- 0x00000002


mem[X,0x80008528] -> 0x006F
mem[X,0x8000852A] -> 0x00C0
[840] [M]: 0x80008528 (0x00C0006F) jal zero, 12


mem[X,0x80008534] -> 0x2223
mem[X,0x80008536] -> 0x10C2
[841] [M]: 0x80008534 (0x10C22223) sw a2, 260(tp)
mem[0x8003B26C] <- 0x00000002


mem[X,0x80008538] -> 0x0513
mem[X,0x8000853A] -> 0xFEF0
[842] [M]: 0x80008538 (0xFEF00513) addi a0, zero, 4079
x10 <- 0xFFFFFFEF


mem[X,0x8000853C] -> 0x0593
mem[X,0x8000853E] -> 0xFF70
[843] [M]: 0x8000853C (0xFF700593) addi a1, zero, 4087
x11 <- 0xFFFFFFF7


mem[X,0x80008540] -> 0x0613
mem[X,0x80008542] -> 0x0000
[844] [M]: 0x80008540 (0x00000613) addi a2, zero, 0
x12 <- 0x00000000


mem[X,0x80008544] -> 0x006F
mem[X,0x80008546] -> 0x00C0
[845] [M]: 0x80008544 (0x00C0006F) jal zero, 12


mem[X,0x80008550] -> 0x5CE3
mem[X,0x80008552] -> 0xFEB5
[846] [M]: 0x80008550 (0xFEB55CE3) bge a0, a1, 8184


mem[X,0x80008554] -> 0x0613
mem[X,0x80008556] -> 0x0026
[847] [M]: 0x80008554 (0x00260613) addi a2, a2, 2
x12 <- 0x00000002


mem[X,0x80008558] -> 0x006F
mem[X,0x8000855A] -> 0x00C0
[848] [M]: 0x80008558 (0x00C0006F) jal zero, 12


mem[X,0x80008564] -> 0x2423
mem[X,0x80008566] -> 0x10C2
[849] [M]: 0x80008564 (0x10C22423) sw a2, 264(tp)
mem[0x8003B270] <- 0x00000002


mem[X,0x80008568] -> 0x0513
mem[X,0x8000856A] -> 0xFBF0
[850] [M]: 0x80008568 (0xFBF00513) addi a0, zero, 4031
x10 <- 0xFFFFFFBF


mem[X,0x8000856C] -> 0x05B7
mem[X,0x8000856E] -> 0x0004
[851] [M]: 0x8000856C (0x000405B7) lui a1, 64
x11 <- 0x00040000


mem[X,0x80008570] -> 0x0613
mem[X,0x80008572] -> 0x0000
[852] [M]: 0x80008570 (0x00000613) addi a2, zero, 0
x12 <- 0x00000000


mem[X,0x80008574] -> 0x006F
mem[X,0x80008576] -> 0x00C0
[853] [M]: 0x80008574 (0x00C0006F) jal zero, 12


mem[X,0x80008580] -> 0x5CE3
mem[X,0x80008582] -> 0xFEB5
[854] [M]: 0x80008580 (0xFEB55CE3) bge a0, a1, 8184


mem[X,0x80008584] -> 0x0613
mem[X,0x80008586] -> 0x0026
[855] [M]: 0x80008584 (0x00260613) addi a2, a2, 2
x12 <- 0x00000002


mem[X,0x80008588] -> 0x006F
mem[X,0x8000858A] -> 0x00C0
[856] [M]: 0x80008588 (0x00C0006F) jal zero, 12


mem[X,0x80008594] -> 0x2623
mem[X,0x80008596] -> 0x10C2
[857] [M]: 0x80008594 (0x10C22623) sw a2, 268(tp)
mem[0x8003B274] <- 0x00000002


mem[X,0x80008598] -> 0x0513
mem[X,0x8000859A] -> 0xF7F0
[858] [M]: 0x80008598 (0xF7F00513) addi a0, zero, 3967
x10 <- 0xFFFFFF7F


mem[X,0x8000859C] -> 0x0593
mem[X,0x8000859E] -> 0x0800
[859] [M]: 0x8000859C (0x08000593) addi a1, zero, 128
x11 <- 0x00000080


mem[X,0x800085A0] -> 0x0613
mem[X,0x800085A2] -> 0x0000
[860] [M]: 0x800085A0 (0x00000613) addi a2, zero, 0
x12 <- 0x00000000


mem[X,0x800085A4] -> 0x006F
mem[X,0x800085A6] -> 0x00C0
[861] [M]: 0x800085A4 (0x00C0006F) jal zero, 12


mem[X,0x800085B0] -> 0x5063
mem[X,0x800085B2] -> 0x20B5
[862] [M]: 0x800085B0 (0x20B55063) bge a0, a1, 512


mem[X,0x800085B4] -> 0x0613
mem[X,0x800085B6] -> 0x0026
[863] [M]: 0x800085B4 (0x00260613) addi a2, a2, 2
x12 <- 0x00000002


mem[X,0x800085B8] -> 0x006F
mem[X,0x800085BA] -> 0x2000
[864] [M]: 0x800085B8 (0x2000006F) jal zero, 512


mem[X,0x800087B8] -> 0x2823
mem[X,0x800087BA] -> 0x10C2
[865] [M]: 0x800087B8 (0x10C22823) sw a2, 272(tp)
mem[0x8003B278] <- 0x00000002


mem[X,0x800087BC] -> 0x0513
mem[X,0x800087BE] -> 0xEFF0
[866] [M]: 0x800087BC (0xEFF00513) addi a0, zero, 3839
x10 <- 0xFFFFFEFF


mem[X,0x800087C0] -> 0x05B7
mem[X,0x800087C2] -> 0xC000
[867] [M]: 0x800087C0 (0xC00005B7) lui a1, 786432
x11 <- 0xC0000000


mem[X,0x800087C4] -> 0x0613
mem[X,0x800087C6] -> 0x0000
[868] [M]: 0x800087C4 (0x00000613) addi a2, zero, 0
x12 <- 0x00000000


mem[X,0x800087C8] -> 0x006F
mem[X,0x800087CA] -> 0x00C0
[869] [M]: 0x800087C8 (0x00C0006F) jal zero, 12


mem[X,0x800087D4] -> 0x5863
mem[X,0x800087D6] -> 0x00B5
[870] [M]: 0x800087D4 (0x00B55863) bge a0, a1, 16


mem[X,0x800087E4] -> 0x0613
mem[X,0x800087E6] -> 0x0036
[871] [M]: 0x800087E4 (0x00360613) addi a2, a2, 3
x12 <- 0x00000003


mem[X,0x800087E8] -> 0x006F
mem[X,0x800087EA] -> 0x0040
[872] [M]: 0x800087E8 (0x0040006F) jal zero, 4


mem[X,0x800087EC] -> 0x2A23
mem[X,0x800087EE] -> 0x10C2
[873] [M]: 0x800087EC (0x10C22A23) sw a2, 276(tp)
mem[0x8003B27C] <- 0x00000003


mem[X,0x800087F0] -> 0x0513
mem[X,0x800087F2] -> 0xDFF0
[874] [M]: 0x800087F0 (0xDFF00513) addi a0, zero, 3583
x10 <- 0xFFFFFDFF


mem[X,0x800087F4] -> 0x05B7
mem[X,0x800087F6] -> 0xC000
[875] [M]: 0x800087F4 (0xC00005B7) lui a1, 786432
x11 <- 0xC0000000


mem[X,0x800087F8] -> 0x8593
mem[X,0x800087FA] -> 0xFFF5
[876] [M]: 0x800087F8 (0xFFF58593) addi a1, a1, 4095
x11 <- 0xBFFFFFFF


mem[X,0x800087FC] -> 0x0613
mem[X,0x800087FE] -> 0x0000
[877] [M]: 0x800087FC (0x00000613) addi a2, zero, 0
x12 <- 0x00000000


mem[X,0x80008800] -> 0x006F
mem[X,0x80008802] -> 0x00C0
[878] [M]: 0x80008800 (0x00C0006F) jal zero, 12


mem[X,0x8000880C] -> 0x5663
mem[X,0x8000880E] -> 0x00B5
[879] [M]: 0x8000880C (0x00B55663) bge a0, a1, 12


mem[X,0x80008818] -> 0x0613
mem[X,0x8000881A] -> 0x0036
[880] [M]: 0x80008818 (0x00360613) addi a2, a2, 3
x12 <- 0x00000003


mem[X,0x8000881C] -> 0x006F
mem[X,0x8000881E] -> 0x0040
[881] [M]: 0x8000881C (0x0040006F) jal zero, 4


mem[X,0x80008820] -> 0x2C23
mem[X,0x80008822] -> 0x10C2
[882] [M]: 0x80008820 (0x10C22C23) sw a2, 280(tp)
mem[0x8003B280] <- 0x00000003


mem[X,0x80008824] -> 0x0513
mem[X,0x80008826] -> 0xBFF0
[883] [M]: 0x80008824 (0xBFF00513) addi a0, zero, 3071
x10 <- 0xFFFFFBFF


mem[X,0x80008828] -> 0x0593
mem[X,0x8000882A] -> 0xFFA0
[884] [M]: 0x80008828 (0xFFA00593) addi a1, zero, 4090
x11 <- 0xFFFFFFFA


mem[X,0x8000882C] -> 0x0613
mem[X,0x8000882E] -> 0x0000
[885] [M]: 0x8000882C (0x00000613) addi a2, zero, 0
x12 <- 0x00000000


mem[X,0x80008830] -> 0x006F
mem[X,0x80008832] -> 0x0180
[886] [M]: 0x80008830 (0x0180006F) jal zero, 24


mem[X,0x80008848] -> 0x56E3
mem[X,0x8000884A] -> 0xFEB5
[887] [M]: 0x80008848 (0xFEB556E3) bge a0, a1, 8172


mem[X,0x8000884C] -> 0x0613
mem[X,0x8000884E] -> 0x0026
[888] [M]: 0x8000884C (0x00260613) addi a2, a2, 2
x12 <- 0x00000002


mem[X,0x80008850] -> 0x006F
mem[X,0x80008852] -> 0x00C0
[889] [M]: 0x80008850 (0x00C0006F) jal zero, 12


mem[X,0x8000885C] -> 0x2E23
mem[X,0x8000885E] -> 0x10C2
[890] [M]: 0x8000885C (0x10C22E23) sw a2, 284(tp)
mem[0x8003B284] <- 0x00000002


mem[X,0x80008860] -> 0xF537
mem[X,0x80008862] -> 0xFFFF
[891] [M]: 0x80008860 (0xFFFFF537) lui a0, 1048575
x10 <- 0xFFFFF000


mem[X,0x80008864] -> 0x0513
mem[X,0x80008866] -> 0x7FF5
[892] [M]: 0x80008864 (0x7FF50513) addi a0, a0, 2047
x10 <- 0xFFFFF7FF


mem[X,0x80008868] -> 0x05B7
mem[X,0x8000886A] -> 0x0004
[893] [M]: 0x80008868 (0x000405B7) lui a1, 64
x11 <- 0x00040000


mem[X,0x8000886C] -> 0x0613
mem[X,0x8000886E] -> 0x0000
[894] [M]: 0x8000886C (0x00000613) addi a2, zero, 0
x12 <- 0x00000000


mem[X,0x80008870] -> 0x006F
mem[X,0x80008872] -> 0x00C0
[895] [M]: 0x80008870 (0x00C0006F) jal zero, 12


mem[X,0x8000887C] -> 0x5063
mem[X,0x8000887E] -> 0x08B5
[896] [M]: 0x8000887C (0x08B55063) bge a0, a1, 128


mem[X,0x80008880] -> 0x0613
mem[X,0x80008882] -> 0x0026
[897] [M]: 0x80008880 (0x00260613) addi a2, a2, 2
x12 <- 0x00000002


mem[X,0x80008884] -> 0x006F
mem[X,0x80008886] -> 0x0800
[898] [M]: 0x80008884 (0x0800006F) jal zero, 128


mem[X,0x80008904] -> 0x2023
mem[X,0x80008906] -> 0x12C2
[899] [M]: 0x80008904 (0x12C22023) sw a2, 288(tp)
mem[0x8003B288] <- 0x00000002


clint::tick mtime <- 0x0000000000000009
 clint timer pending at mtime 0x0000000000000009
htif::tick 0x0000000000000000
mem[X,0x80008908] -> 0xC537
mem[X,0x8000890A] -> 0xFFFF
[900] [M]: 0x80008908 (0xFFFFC537) lui a0, 1048572
x10 <- 0xFFFFC000


mem[X,0x8000890C] -> 0x0513
mem[X,0x8000890E] -> 0xFFF5
[901] [M]: 0x8000890C (0xFFF50513) addi a0, a0, 4095
x10 <- 0xFFFFBFFF


mem[X,0x80008910] -> 0x85B7
mem[X,0x80008912] -> 0xFFFF
[902] [M]: 0x80008910 (0xFFFF85B7) lui a1, 1048568
x11 <- 0xFFFF8000


mem[X,0x80008914] -> 0x8593
mem[X,0x80008916] -> 0xFFF5
[903] [M]: 0x80008914 (0xFFF58593) addi a1, a1, 4095
x11 <- 0xFFFF7FFF


mem[X,0x80008918] -> 0x0613
mem[X,0x8000891A] -> 0x0000
[904] [M]: 0x80008918 (0x00000613) addi a2, zero, 0
x12 <- 0x00000000


mem[X,0x8000891C] -> 0x006F
mem[X,0x8000891E] -> 0x00C0
[905] [M]: 0x8000891C (0x00C0006F) jal zero, 12


mem[X,0x80008928] -> 0x5063
mem[X,0x8000892A] -> 0x10B5
[906] [M]: 0x80008928 (0x10B55063) bge a0, a1, 256


mem[X,0x80008A28] -> 0x0613
mem[X,0x80008A2A] -> 0x0036
[907] [M]: 0x80008A28 (0x00360613) addi a2, a2, 3
x12 <- 0x00000003


mem[X,0x80008A2C] -> 0x006F
mem[X,0x80008A2E] -> 0x0040
[908] [M]: 0x80008A2C (0x0040006F) jal zero, 4


mem[X,0x80008A30] -> 0x2223
mem[X,0x80008A32] -> 0x12C2
[909] [M]: 0x80008A30 (0x12C22223) sw a2, 292(tp)
mem[0x8003B28C] <- 0x00000003


mem[X,0x80008A34] -> 0x8537
mem[X,0x80008A36] -> 0xFFFF
[910] [M]: 0x80008A34 (0xFFFF8537) lui a0, 1048568
x10 <- 0xFFFF8000


mem[X,0x80008A38] -> 0x0513
mem[X,0x80008A3A] -> 0xFFF5
[911] [M]: 0x80008A38 (0xFFF50513) addi a0, a0, 4095
x10 <- 0xFFFF7FFF


mem[X,0x80008A3C] -> 0x05B7
mem[X,0x80008A3E] -> 0x0080
[912] [M]: 0x80008A3C (0x008005B7) lui a1, 2048
x11 <- 0x00800000


mem[X,0x80008A40] -> 0x0613
mem[X,0x80008A42] -> 0x0000
[913] [M]: 0x80008A40 (0x00000613) addi a2, zero, 0
x12 <- 0x00000000


mem[X,0x80008A44] -> 0x006F
mem[X,0x80008A46] -> 0x00C0
[914] [M]: 0x80008A44 (0x00C0006F) jal zero, 12


mem[X,0x80008A50] -> 0x5063
mem[X,0x80008A52] -> 0x20B5
[915] [M]: 0x80008A50 (0x20B55063) bge a0, a1, 512


mem[X,0x80008A54] -> 0x0613
mem[X,0x80008A56] -> 0x0026
[916] [M]: 0x80008A54 (0x00260613) addi a2, a2, 2
x12 <- 0x00000002


mem[X,0x80008A58] -> 0x006F
mem[X,0x80008A5A] -> 0x2000
[917] [M]: 0x80008A58 (0x2000006F) jal zero, 512


mem[X,0x80008C58] -> 0x2423
mem[X,0x80008C5A] -> 0x12C2
[918] [M]: 0x80008C58 (0x12C22423) sw a2, 296(tp)
mem[0x8003B290] <- 0x00000002


mem[X,0x80008C5C] -> 0x0537
mem[X,0x80008C5E] -> 0xFFFF
[919] [M]: 0x80008C5C (0xFFFF0537) lui a0, 1048560
x10 <- 0xFFFF0000


mem[X,0x80008C60] -> 0x0513
mem[X,0x80008C62] -> 0xFFF5
[920] [M]: 0x80008C60 (0xFFF50513) addi a0, a0, 4095
x10 <- 0xFFFEFFFF


mem[X,0x80008C64] -> 0x05B7
mem[X,0x80008C66] -> 0x0800
[921] [M]: 0x80008C64 (0x080005B7) lui a1, 32768
x11 <- 0x08000000


mem[X,0x80008C68] -> 0x0613
mem[X,0x80008C6A] -> 0x0000
[922] [M]: 0x80008C68 (0x00000613) addi a2, zero, 0
x12 <- 0x00000000


mem[X,0x80008C6C] -> 0x006F
mem[X,0x80008C6E] -> 0x00C0
[923] [M]: 0x80008C6C (0x00C0006F) jal zero, 12


mem[X,0x80008C78] -> 0x5663
mem[X,0x80008C7A] -> 0x00B5
[924] [M]: 0x80008C78 (0x00B55663) bge a0, a1, 12


mem[X,0x80008C7C] -> 0x0613
mem[X,0x80008C7E] -> 0x0026
[925] [M]: 0x80008C7C (0x00260613) addi a2, a2, 2
x12 <- 0x00000002


mem[X,0x80008C80] -> 0x006F
mem[X,0x80008C82] -> 0x00C0
[926] [M]: 0x80008C80 (0x00C0006F) jal zero, 12


mem[X,0x80008C8C] -> 0x2623
mem[X,0x80008C8E] -> 0x12C2
[927] [M]: 0x80008C8C (0x12C22623) sw a2, 300(tp)
mem[0x8003B294] <- 0x00000002


mem[X,0x80008C90] -> 0x0537
mem[X,0x80008C92] -> 0xFFFE
[928] [M]: 0x80008C90 (0xFFFE0537) lui a0, 1048544
x10 <- 0xFFFE0000


mem[X,0x80008C94] -> 0x0513
mem[X,0x80008C96] -> 0xFFF5
[929] [M]: 0x80008C94 (0xFFF50513) addi a0, a0, 4095
x10 <- 0xFFFDFFFF


mem[X,0x80008C98] -> 0x0593
mem[X,0x80008C9A] -> 0x0070
[930] [M]: 0x80008C98 (0x00700593) addi a1, zero, 7
x11 <- 0x00000007


mem[X,0x80008C9C] -> 0x0613
mem[X,0x80008C9E] -> 0x0000
[931] [M]: 0x80008C9C (0x00000613) addi a2, zero, 0
x12 <- 0x00000000


mem[X,0x80008CA0] -> 0x006F
mem[X,0x80008CA2] -> 0x00C0
[932] [M]: 0x80008CA0 (0x00C0006F) jal zero, 12


mem[X,0x80008CAC] -> 0x5663
mem[X,0x80008CAE] -> 0x00B5
[933] [M]: 0x80008CAC (0x00B55663) bge a0, a1, 12


mem[X,0x80008CB0] -> 0x0613
mem[X,0x80008CB2] -> 0x0026
[934] [M]: 0x80008CB0 (0x00260613) addi a2, a2, 2
x12 <- 0x00000002


mem[X,0x80008CB4] -> 0x006F
mem[X,0x80008CB6] -> 0x00C0
[935] [M]: 0x80008CB4 (0x00C0006F) jal zero, 12


mem[X,0x80008CC0] -> 0x2823
mem[X,0x80008CC2] -> 0x12C2
[936] [M]: 0x80008CC0 (0x12C22823) sw a2, 304(tp)
mem[0x8003B298] <- 0x00000002


mem[X,0x80008CC4] -> 0x0537
mem[X,0x80008CC6] -> 0xFF80
[937] [M]: 0x80008CC4 (0xFF800537) lui a0, 1046528
x10 <- 0xFF800000


mem[X,0x80008CC8] -> 0x0513
mem[X,0x80008CCA] -> 0xFFF5
[938] [M]: 0x80008CC8 (0xFFF50513) addi a0, a0, 4095
x10 <- 0xFF7FFFFF


mem[X,0x80008CCC] -> 0x25B7
mem[X,0x80008CCE] -> 0x0000
[939] [M]: 0x80008CCC (0x000025B7) lui a1, 2
x11 <- 0x00002000


mem[X,0x80008CD0] -> 0x0613
mem[X,0x80008CD2] -> 0x0000
[940] [M]: 0x80008CD0 (0x00000613) addi a2, zero, 0
x12 <- 0x00000000


mem[X,0x80008CD4] -> 0x006F
mem[X,0x80008CD6] -> 0x00C0
[941] [M]: 0x80008CD4 (0x00C0006F) jal zero, 12


mem[X,0x80008CE0] -> 0x5663
mem[X,0x80008CE2] -> 0x00B5
[942] [M]: 0x80008CE0 (0x00B55663) bge a0, a1, 12


mem[X,0x80008CE4] -> 0x0613
mem[X,0x80008CE6] -> 0x0026
[943] [M]: 0x80008CE4 (0x00260613) addi a2, a2, 2
x12 <- 0x00000002


mem[X,0x80008CE8] -> 0x006F
mem[X,0x80008CEA] -> 0x00C0
[944] [M]: 0x80008CE8 (0x00C0006F) jal zero, 12


mem[X,0x80008CF4] -> 0x2A23
mem[X,0x80008CF6] -> 0x12C2
[945] [M]: 0x80008CF4 (0x12C22A23) sw a2, 308(tp)
mem[0x8003B29C] <- 0x00000002


mem[X,0x80008CF8] -> 0x0537
mem[X,0x80008CFA] -> 0xFF00
[946] [M]: 0x80008CF8 (0xFF000537) lui a0, 1044480
x10 <- 0xFF000000


mem[X,0x80008CFC] -> 0x0513
mem[X,0x80008CFE] -> 0xFFF5
[947] [M]: 0x80008CFC (0xFFF50513) addi a0, a0, 4095
x10 <- 0xFEFFFFFF


mem[X,0x80008D00] -> 0x0593
mem[X,0x80008D02] -> 0x0200
[948] [M]: 0x80008D00 (0x02000593) addi a1, zero, 32
x11 <- 0x00000020


mem[X,0x80008D04] -> 0x0613
mem[X,0x80008D06] -> 0x0000
[949] [M]: 0x80008D04 (0x00000613) addi a2, zero, 0
x12 <- 0x00000000


mem[X,0x80008D08] -> 0x006F
mem[X,0x80008D0A] -> 0x00C0
[950] [M]: 0x80008D08 (0x00C0006F) jal zero, 12


mem[X,0x80008D14] -> 0x5663
mem[X,0x80008D16] -> 0x00B5
[951] [M]: 0x80008D14 (0x00B55663) bge a0, a1, 12


mem[X,0x80008D18] -> 0x0613
mem[X,0x80008D1A] -> 0x0026
[952] [M]: 0x80008D18 (0x00260613) addi a2, a2, 2
x12 <- 0x00000002


mem[X,0x80008D1C] -> 0x006F
mem[X,0x80008D1E] -> 0x00C0
[953] [M]: 0x80008D1C (0x00C0006F) jal zero, 12


mem[X,0x80008D28] -> 0x2C23
mem[X,0x80008D2A] -> 0x12C2
[954] [M]: 0x80008D28 (0x12C22C23) sw a2, 312(tp)
mem[0x8003B2A0] <- 0x00000002


mem[X,0x80008D2C] -> 0x0537
mem[X,0x80008D2E] -> 0xFE00
[955] [M]: 0x80008D2C (0xFE000537) lui a0, 1040384
x10 <- 0xFE000000


mem[X,0x80008D30] -> 0x0513
mem[X,0x80008D32] -> 0xFFF5
[956] [M]: 0x80008D30 (0xFFF50513) addi a0, a0, 4095
x10 <- 0xFDFFFFFF


mem[X,0x80008D34] -> 0x0593
mem[X,0x80008D36] -> 0x0040
[957] [M]: 0x80008D34 (0x00400593) addi a1, zero, 4
x11 <- 0x00000004


mem[X,0x80008D38] -> 0x0613
mem[X,0x80008D3A] -> 0x0000
[958] [M]: 0x80008D38 (0x00000613) addi a2, zero, 0
x12 <- 0x00000000


mem[X,0x80008D3C] -> 0x006F
mem[X,0x80008D3E] -> 0x00C0
[959] [M]: 0x80008D3C (0x00C0006F) jal zero, 12


mem[X,0x80008D48] -> 0x5663
mem[X,0x80008D4A] -> 0x00B5
[960] [M]: 0x80008D48 (0x00B55663) bge a0, a1, 12


mem[X,0x80008D4C] -> 0x0613
mem[X,0x80008D4E] -> 0x0026
[961] [M]: 0x80008D4C (0x00260613) addi a2, a2, 2
x12 <- 0x00000002


mem[X,0x80008D50] -> 0x006F
mem[X,0x80008D52] -> 0x00C0
[962] [M]: 0x80008D50 (0x00C0006F) jal zero, 12


mem[X,0x80008D5C] -> 0x2E23
mem[X,0x80008D5E] -> 0x12C2
[963] [M]: 0x80008D5C (0x12C22E23) sw a2, 316(tp)
mem[0x8003B2A4] <- 0x00000002


mem[X,0x80008D60] -> 0x0537
mem[X,0x80008D62] -> 0xF000
[964] [M]: 0x80008D60 (0xF0000537) lui a0, 983040
x10 <- 0xF0000000


mem[X,0x80008D64] -> 0x0513
mem[X,0x80008D66] -> 0xFFF5
[965] [M]: 0x80008D64 (0xFFF50513) addi a0, a0, 4095
x10 <- 0xEFFFFFFF


mem[X,0x80008D68] -> 0x0593
mem[X,0x80008D6A] -> 0x0800
[966] [M]: 0x80008D68 (0x08000593) addi a1, zero, 128
x11 <- 0x00000080


mem[X,0x80008D6C] -> 0x0613
mem[X,0x80008D6E] -> 0x0000
[967] [M]: 0x80008D6C (0x00000613) addi a2, zero, 0
x12 <- 0x00000000


mem[X,0x80008D70] -> 0x006F
mem[X,0x80008D72] -> 0x00C0
[968] [M]: 0x80008D70 (0x00C0006F) jal zero, 12


mem[X,0x80008D7C] -> 0x5063
mem[X,0x80008D7E] -> 0x08B5
[969] [M]: 0x80008D7C (0x08B55063) bge a0, a1, 128


mem[X,0x80008D80] -> 0x0613
mem[X,0x80008D82] -> 0x0026
[970] [M]: 0x80008D80 (0x00260613) addi a2, a2, 2
x12 <- 0x00000002


mem[X,0x80008D84] -> 0x006F
mem[X,0x80008D86] -> 0x0800
[971] [M]: 0x80008D84 (0x0800006F) jal zero, 128


mem[X,0x80008E04] -> 0x2023
mem[X,0x80008E06] -> 0x14C2
[972] [M]: 0x80008E04 (0x14C22023) sw a2, 320(tp)
mem[0x8003B2A8] <- 0x00000002


mem[X,0x80008E08] -> 0x0537
mem[X,0x80008E0A] -> 0xE000
[973] [M]: 0x80008E08 (0xE0000537) lui a0, 917504
x10 <- 0xE0000000


mem[X,0x80008E0C] -> 0x0513
mem[X,0x80008E0E] -> 0xFFF5
[974] [M]: 0x80008E0C (0xFFF50513) addi a0, a0, 4095
x10 <- 0xDFFFFFFF


mem[X,0x80008E10] -> 0x65B7
mem[X,0x80008E12] -> 0x6666
[975] [M]: 0x80008E10 (0x666665B7) lui a1, 419430
x11 <- 0x66666000


mem[X,0x80008E14] -> 0x8593
mem[X,0x80008E16] -> 0x6665
[976] [M]: 0x80008E14 (0x66658593) addi a1, a1, 1638
x11 <- 0x66666666


mem[X,0x80008E18] -> 0x0613
mem[X,0x80008E1A] -> 0x0000
[977] [M]: 0x80008E18 (0x00000613) addi a2, zero, 0
x12 <- 0x00000000


mem[X,0x80008E1C] -> 0x006F
mem[X,0x80008E1E] -> 0x00C0
[978] [M]: 0x80008E1C (0x00C0006F) jal zero, 12


mem[X,0x80008E28] -> 0x5663
mem[X,0x80008E2A] -> 0x00B5
[979] [M]: 0x80008E28 (0x00B55663) bge a0, a1, 12


mem[X,0x80008E2C] -> 0x0613
mem[X,0x80008E2E] -> 0x0026
[980] [M]: 0x80008E2C (0x00260613) addi a2, a2, 2
x12 <- 0x00000002


mem[X,0x80008E30] -> 0x006F
mem[X,0x80008E32] -> 0x00C0
[981] [M]: 0x80008E30 (0x00C0006F) jal zero, 12


mem[X,0x80008E3C] -> 0x2223
mem[X,0x80008E3E] -> 0x14C2
[982] [M]: 0x80008E3C (0x14C22223) sw a2, 324(tp)
mem[0x8003B2AC] <- 0x00000002


mem[X,0x80008E40] -> 0x0537
mem[X,0x80008E42] -> 0xC000
[983] [M]: 0x80008E40 (0xC0000537) lui a0, 786432
x10 <- 0xC0000000


mem[X,0x80008E44] -> 0x0513
mem[X,0x80008E46] -> 0xFFF5
[984] [M]: 0x80008E44 (0xFFF50513) addi a0, a0, 4095
x10 <- 0xBFFFFFFF


mem[X,0x80008E48] -> 0x05B7
mem[X,0x80008E4A] -> 0x4000
[985] [M]: 0x80008E48 (0x400005B7) lui a1, 262144
x11 <- 0x40000000


mem[X,0x80008E4C] -> 0x0613
mem[X,0x80008E4E] -> 0x0000
[986] [M]: 0x80008E4C (0x00000613) addi a2, zero, 0
x12 <- 0x00000000


mem[X,0x80008E50] -> 0x006F
mem[X,0x80008E52] -> 0x00C0
[987] [M]: 0x80008E50 (0x00C0006F) jal zero, 12


mem[X,0x80008E5C] -> 0x5063
mem[X,0x80008E5E] -> 0x40B5
[988] [M]: 0x80008E5C (0x40B55063) bge a0, a1, 1024


mem[X,0x80008E60] -> 0x0613
mem[X,0x80008E62] -> 0x0026
[989] [M]: 0x80008E60 (0x00260613) addi a2, a2, 2
x12 <- 0x00000002


mem[X,0x80008E64] -> 0x006F
mem[X,0x80008E66] -> 0x4000
[990] [M]: 0x80008E64 (0x4000006F) jal zero, 1024


mem[X,0x80009264] -> 0x2423
mem[X,0x80009266] -> 0x14C2
[991] [M]: 0x80009264 (0x14C22423) sw a2, 328(tp)
mem[0x8003B2B0] <- 0x00000002


mem[X,0x80009268] -> 0x0537
mem[X,0x8000926A] -> 0x8000
[992] [M]: 0x80009268 (0x80000537) lui a0, 524288
x10 <- 0x80000000


mem[X,0x8000926C] -> 0x0513
mem[X,0x8000926E] -> 0xFFF5
[993] [M]: 0x8000926C (0xFFF50513) addi a0, a0, 4095
x10 <- 0x7FFFFFFF


mem[X,0x80009270] -> 0x0593
mem[X,0x80009272] -> 0x0050
[994] [M]: 0x80009270 (0x00500593) addi a1, zero, 5
x11 <- 0x00000005


mem[X,0x80009274] -> 0x0613
mem[X,0x80009276] -> 0x0000
[995] [M]: 0x80009274 (0x00000613) addi a2, zero, 0
x12 <- 0x00000000


mem[X,0x80009278] -> 0x006F
mem[X,0x8000927A] -> 0x0140
[996] [M]: 0x80009278 (0x0140006F) jal zero, 20


mem[X,0x8000928C] -> 0x58E3
mem[X,0x8000928E] -> 0xFEB5
[997] [M]: 0x8000928C (0xFEB558E3) bge a0, a1, 8176


mem[X,0x8000927C] -> 0x0613
mem[X,0x8000927E] -> 0x0016
[998] [M]: 0x8000927C (0x00160613) addi a2, a2, 1
x12 <- 0x00000001


mem[X,0x80009280] -> 0x006F
mem[X,0x80009282] -> 0x0200
[999] [M]: 0x80009280 (0x0200006F) jal zero, 32


clint::tick mtime <- 0x000000000000000A
 clint timer pending at mtime 0x000000000000000A
htif::tick 0x0000000000000000
mem[X,0x800092A0] -> 0x2623
mem[X,0x800092A2] -> 0x14C2
[1000] [M]: 0x800092A0 (0x14C22623) sw a2, 332(tp)
mem[0x8003B2B4] <- 0x00000001


mem[X,0x800092A4] -> 0x5537
mem[X,0x800092A6] -> 0x5555
[1001] [M]: 0x800092A4 (0x55555537) lui a0, 349525
x10 <- 0x55555000


mem[X,0x800092A8] -> 0x0513
mem[X,0x800092AA] -> 0x5555
[1002] [M]: 0x800092A8 (0x55550513) addi a0, a0, 1365
x10 <- 0x55555555


mem[X,0x800092AC] -> 0xB5B7
mem[X,0x800092AE] -> 0xAAAA
[1003] [M]: 0x800092AC (0xAAAAB5B7) lui a1, 699051
x11 <- 0xAAAAB000


mem[X,0x800092B0] -> 0x8593
mem[X,0x800092B2] -> 0xAAA5
[1004] [M]: 0x800092B0 (0xAAA58593) addi a1, a1, 2730
x11 <- 0xAAAAAAAA


mem[X,0x800092B4] -> 0x0613
mem[X,0x800092B6] -> 0x0000
[1005] [M]: 0x800092B4 (0x00000613) addi a2, zero, 0
x12 <- 0x00000000


mem[X,0x800092B8] -> 0x006F
mem[X,0x800092BA] -> 0x00C0
[1006] [M]: 0x800092B8 (0x00C0006F) jal zero, 12


mem[X,0x800092C4] -> 0x5063
mem[X,0x800092C6] -> 0x20B5
[1007] [M]: 0x800092C4 (0x20B55063) bge a0, a1, 512


mem[X,0x800094C4] -> 0x0613
mem[X,0x800094C6] -> 0x0036
[1008] [M]: 0x800094C4 (0x00360613) addi a2, a2, 3
x12 <- 0x00000003


mem[X,0x800094C8] -> 0x006F
mem[X,0x800094CA] -> 0x0040
[1009] [M]: 0x800094C8 (0x0040006F) jal zero, 4


mem[X,0x800094CC] -> 0x2823
mem[X,0x800094CE] -> 0x14C2
[1010] [M]: 0x800094CC (0x14C22823) sw a2, 336(tp)
mem[0x8003B2B8] <- 0x00000003


mem[X,0x800094D0] -> 0x0513
mem[X,0x800094D2] -> 0x0030
[1011] [M]: 0x800094D0 (0x00300513) addi a0, zero, 3
x10 <- 0x00000003


mem[X,0x800094D4] -> 0x0593
mem[X,0x800094D6] -> 0x0030
[1012] [M]: 0x800094D4 (0x00300593) addi a1, zero, 3
x11 <- 0x00000003


mem[X,0x800094D8] -> 0x0613
mem[X,0x800094DA] -> 0x0000
[1013] [M]: 0x800094D8 (0x00000613) addi a2, zero, 0
x12 <- 0x00000000


mem[X,0x800094DC] -> 0x006F
mem[X,0x800094DE] -> 0x00C0
[1014] [M]: 0x800094DC (0x00C0006F) jal zero, 12


mem[X,0x800094E8] -> 0x5663
mem[X,0x800094EA] -> 0x00B5
[1015] [M]: 0x800094E8 (0x00B55663) bge a0, a1, 12


mem[X,0x800094F4] -> 0x0613
mem[X,0x800094F6] -> 0x0036
[1016] [M]: 0x800094F4 (0x00360613) addi a2, a2, 3
x12 <- 0x00000003


mem[X,0x800094F8] -> 0x006F
mem[X,0x800094FA] -> 0x0040
[1017] [M]: 0x800094F8 (0x0040006F) jal zero, 4


mem[X,0x800094FC] -> 0x2A23
mem[X,0x800094FE] -> 0x14C2
[1018] [M]: 0x800094FC (0x14C22A23) sw a2, 340(tp)
mem[0x8003B2BC] <- 0x00000003


mem[X,0x80009500] -> 0x0513
mem[X,0x80009502] -> 0x0030
[1019] [M]: 0x80009500 (0x00300513) addi a0, zero, 3
x10 <- 0x00000003


mem[X,0x80009504] -> 0x55B7
mem[X,0x80009506] -> 0x5555
[1020] [M]: 0x80009504 (0x555555B7) lui a1, 349525
x11 <- 0x55555000


mem[X,0x80009508] -> 0x8593
mem[X,0x8000950A] -> 0x5555
[1021] [M]: 0x80009508 (0x55558593) addi a1, a1, 1365
x11 <- 0x55555555


mem[X,0x8000950C] -> 0x0613
mem[X,0x8000950E] -> 0x0000
[1022] [M]: 0x8000950C (0x00000613) addi a2, zero, 0
x12 <- 0x00000000


mem[X,0x80009510] -> 0x006F
mem[X,0x80009512] -> 0x0180
[1023] [M]: 0x80009510 (0x0180006F) jal zero, 24


mem[X,0x80009528] -> 0x56E3
mem[X,0x8000952A] -> 0xFEB5
[1024] [M]: 0x80009528 (0xFEB556E3) bge a0, a1, 8172


mem[X,0x8000952C] -> 0x0613
mem[X,0x8000952E] -> 0x0026
[1025] [M]: 0x8000952C (0x00260613) addi a2, a2, 2
x12 <- 0x00000002


mem[X,0x80009530] -> 0x006F
mem[X,0x80009532] -> 0x00C0
[1026] [M]: 0x80009530 (0x00C0006F) jal zero, 12


mem[X,0x8000953C] -> 0x2C23
mem[X,0x8000953E] -> 0x14C2
[1027] [M]: 0x8000953C (0x14C22C23) sw a2, 344(tp)
mem[0x8003B2C0] <- 0x00000002


mem[X,0x80009540] -> 0x0513
mem[X,0x80009542] -> 0x0030
[1028] [M]: 0x80009540 (0x00300513) addi a0, zero, 3
x10 <- 0x00000003


mem[X,0x80009544] -> 0xB5B7
mem[X,0x80009546] -> 0xAAAA
[1029] [M]: 0x80009544 (0xAAAAB5B7) lui a1, 699051
x11 <- 0xAAAAB000


mem[X,0x80009548] -> 0x8593
mem[X,0x8000954A] -> 0xAAA5
[1030] [M]: 0x80009548 (0xAAA58593) addi a1, a1, 2730
x11 <- 0xAAAAAAAA


mem[X,0x8000954C] -> 0x0613
mem[X,0x8000954E] -> 0x0000
[1031] [M]: 0x8000954C (0x00000613) addi a2, zero, 0
x12 <- 0x00000000


mem[X,0x80009550] -> 0x006F
mem[X,0x80009552] -> 0x00C0
[1032] [M]: 0x80009550 (0x00C0006F) jal zero, 12


mem[X,0x8000955C] -> 0x5063
mem[X,0x8000955E] -> 0x20B5
[1033] [M]: 0x8000955C (0x20B55063) bge a0, a1, 512


mem[X,0x8000975C] -> 0x0613
mem[X,0x8000975E] -> 0x0036
[1034] [M]: 0x8000975C (0x00360613) addi a2, a2, 3
x12 <- 0x00000003


mem[X,0x80009760] -> 0x006F
mem[X,0x80009762] -> 0x0040
[1035] [M]: 0x80009760 (0x0040006F) jal zero, 4


mem[X,0x80009764] -> 0x2E23
mem[X,0x80009766] -> 0x14C2
[1036] [M]: 0x80009764 (0x14C22E23) sw a2, 348(tp)
mem[0x8003B2C4] <- 0x00000003


mem[X,0x80009768] -> 0x0513
mem[X,0x8000976A] -> 0x0030
[1037] [M]: 0x80009768 (0x00300513) addi a0, zero, 3
x10 <- 0x00000003


mem[X,0x8000976C] -> 0x0593
mem[X,0x8000976E] -> 0x0050
[1038] [M]: 0x8000976C (0x00500593) addi a1, zero, 5
x11 <- 0x00000005


mem[X,0x80009770] -> 0x0613
mem[X,0x80009772] -> 0x0000
[1039] [M]: 0x80009770 (0x00000613) addi a2, zero, 0
x12 <- 0x00000000


mem[X,0x80009774] -> 0x006F
mem[X,0x80009776] -> 0x00C0
[1040] [M]: 0x80009774 (0x00C0006F) jal zero, 12


mem[X,0x80009780] -> 0x5063
mem[X,0x80009782] -> 0x02B5
[1041] [M]: 0x80009780 (0x02B55063) bge a0, a1, 32


mem[X,0x80009784] -> 0x0613
mem[X,0x80009786] -> 0x0026
[1042] [M]: 0x80009784 (0x00260613) addi a2, a2, 2
x12 <- 0x00000002


mem[X,0x80009788] -> 0x006F
mem[X,0x8000978A] -> 0x0200
[1043] [M]: 0x80009788 (0x0200006F) jal zero, 32


mem[X,0x800097A8] -> 0x2023
mem[X,0x800097AA] -> 0x16C2
[1044] [M]: 0x800097A8 (0x16C22023) sw a2, 352(tp)
mem[0x8003B2C8] <- 0x00000002


mem[X,0x800097AC] -> 0x0513
mem[X,0x800097AE] -> 0x0030
[1045] [M]: 0x800097AC (0x00300513) addi a0, zero, 3
x10 <- 0x00000003


mem[X,0x800097B0] -> 0x35B7
mem[X,0x800097B2] -> 0x3333
[1046] [M]: 0x800097B0 (0x333335B7) lui a1, 209715
x11 <- 0x33333000


mem[X,0x800097B4] -> 0x8593
mem[X,0x800097B6] -> 0x3335
[1047] [M]: 0x800097B4 (0x33358593) addi a1, a1, 819
x11 <- 0x33333333


mem[X,0x800097B8] -> 0x0613
mem[X,0x800097BA] -> 0x0000
[1048] [M]: 0x800097B8 (0x00000613) addi a2, zero, 0
x12 <- 0x00000000


mem[X,0x800097BC] -> 0x006F
mem[X,0x800097BE] -> 0x00C0
[1049] [M]: 0x800097BC (0x00C0006F) jal zero, 12


mem[X,0x800097C8] -> 0x5CE3
mem[X,0x800097CA] -> 0xFEB5
[1050] [M]: 0x800097C8 (0xFEB55CE3) bge a0, a1, 8184


mem[X,0x800097CC] -> 0x0613
mem[X,0x800097CE] -> 0x0026
[1051] [M]: 0x800097CC (0x00260613) addi a2, a2, 2
x12 <- 0x00000002


mem[X,0x800097D0] -> 0x006F
mem[X,0x800097D2] -> 0x00C0
[1052] [M]: 0x800097D0 (0x00C0006F) jal zero, 12


mem[X,0x800097DC] -> 0x2223
mem[X,0x800097DE] -> 0x16C2
[1053] [M]: 0x800097DC (0x16C22223) sw a2, 356(tp)
mem[0x8003B2CC] <- 0x00000002


mem[X,0x800097E0] -> 0x0513
mem[X,0x800097E2] -> 0x0030
[1054] [M]: 0x800097E0 (0x00300513) addi a0, zero, 3
x10 <- 0x00000003


mem[X,0x800097E4] -> 0x65B7
mem[X,0x800097E6] -> 0x6666
[1055] [M]: 0x800097E4 (0x666665B7) lui a1, 419430
x11 <- 0x66666000


mem[X,0x800097E8] -> 0x8593
mem[X,0x800097EA] -> 0x6665
[1056] [M]: 0x800097E8 (0x66658593) addi a1, a1, 1638
x11 <- 0x66666666


mem[X,0x800097EC] -> 0x0613
mem[X,0x800097EE] -> 0x0000
[1057] [M]: 0x800097EC (0x00000613) addi a2, zero, 0
x12 <- 0x00000000


mem[X,0x800097F0] -> 0x006F
mem[X,0x800097F2] -> 0x00C0
[1058] [M]: 0x800097F0 (0x00C0006F) jal zero, 12


mem[X,0x800097FC] -> 0x5063
mem[X,0x800097FE] -> 0x04B5
[1059] [M]: 0x800097FC (0x04B55063) bge a0, a1, 64


mem[X,0x80009800] -> 0x0613
mem[X,0x80009802] -> 0x0026
[1060] [M]: 0x80009800 (0x00260613) addi a2, a2, 2
x12 <- 0x00000002


mem[X,0x80009804] -> 0x006F
mem[X,0x80009806] -> 0x0400
[1061] [M]: 0x80009804 (0x0400006F) jal zero, 64


mem[X,0x80009844] -> 0x2423
mem[X,0x80009846] -> 0x16C2
[1062] [M]: 0x80009844 (0x16C22423) sw a2, 360(tp)
mem[0x8003B2D0] <- 0x00000002


mem[X,0x80009848] -> 0x0513
mem[X,0x8000984A] -> 0x0030
[1063] [M]: 0x80009848 (0x00300513) addi a0, zero, 3
x10 <- 0x00000003


mem[X,0x8000984C] -> 0x55B7
mem[X,0x8000984E] -> 0xFFFF
[1064] [M]: 0x8000984C (0xFFFF55B7) lui a1, 1048565
x11 <- 0xFFFF5000


mem[X,0x80009850] -> 0x8593
mem[X,0x80009852] -> 0xAFC5
[1065] [M]: 0x80009850 (0xAFC58593) addi a1, a1, 2812
x11 <- 0xFFFF4AFC


mem[X,0x80009854] -> 0x0613
mem[X,0x80009856] -> 0x0000
[1066] [M]: 0x80009854 (0x00000613) addi a2, zero, 0
x12 <- 0x00000000


mem[X,0x80009858] -> 0x006F
mem[X,0x8000985A] -> 0x0100
[1067] [M]: 0x80009858 (0x0100006F) jal zero, 16


mem[X,0x80009868] -> 0x5AE3
mem[X,0x8000986A] -> 0xFEB5
[1068] [M]: 0x80009868 (0xFEB55AE3) bge a0, a1, 8180


mem[X,0x8000985C] -> 0x0613
mem[X,0x8000985E] -> 0x0016
[1069] [M]: 0x8000985C (0x00160613) addi a2, a2, 1
x12 <- 0x00000001


mem[X,0x80009860] -> 0x006F
mem[X,0x80009862] -> 0x01C0
[1070] [M]: 0x80009860 (0x01C0006F) jal zero, 28


mem[X,0x8000987C] -> 0x2623
mem[X,0x8000987E] -> 0x16C2
[1071] [M]: 0x8000987C (0x16C22623) sw a2, 364(tp)
mem[0x8003B2D4] <- 0x00000001


mem[X,0x80009880] -> 0x0513
mem[X,0x80009882] -> 0x0030
[1072] [M]: 0x80009880 (0x00300513) addi a0, zero, 3
x10 <- 0x00000003


mem[X,0x80009884] -> 0xB5B7
mem[X,0x80009886] -> 0x0000
[1073] [M]: 0x80009884 (0x0000B5B7) lui a1, 11
x11 <- 0x0000B000


mem[X,0x80009888] -> 0x8593
mem[X,0x8000988A] -> 0x5045
[1074] [M]: 0x80009888 (0x50458593) addi a1, a1, 1284
x11 <- 0x0000B504


mem[X,0x8000988C] -> 0x0613
mem[X,0x8000988E] -> 0x0000
[1075] [M]: 0x8000988C (0x00000613) addi a2, zero, 0
x12 <- 0x00000000


mem[X,0x80009890] -> 0x006F
mem[X,0x80009892] -> 0x0050
[1076] [M]: 0x80009890 (0x0050006F) jal zero, 2052


mem[X,0x8000A094] -> 0x50E3
mem[X,0x8000A096] -> 0x80B5
[1077] [M]: 0x8000A094 (0x80B550E3) bge a0, a1, 6144


mem[X,0x8000A098] -> 0x0613
mem[X,0x8000A09A] -> 0x0026
[1078] [M]: 0x8000A098 (0x00260613) addi a2, a2, 2
x12 <- 0x00000002


mem[X,0x8000A09C] -> 0x006F
mem[X,0x8000A09E] -> 0x00C0
[1079] [M]: 0x8000A09C (0x00C0006F) jal zero, 12


mem[X,0x8000A0A8] -> 0x2823
mem[X,0x8000A0AA] -> 0x16C2
[1080] [M]: 0x8000A0A8 (0x16C22823) sw a2, 368(tp)
mem[0x8003B2D8] <- 0x00000002


mem[X,0x8000A0AC] -> 0x0513
mem[X,0x8000A0AE] -> 0x0030
[1081] [M]: 0x8000A0AC (0x00300513) addi a0, zero, 3
x10 <- 0x00000003


mem[X,0x8000A0B0] -> 0x0593
mem[X,0x8000A0B2] -> 0x0020
[1082] [M]: 0x8000A0B0 (0x00200593) addi a1, zero, 2
x11 <- 0x00000002


mem[X,0x8000A0B4] -> 0x0613
mem[X,0x8000A0B6] -> 0x0000
[1083] [M]: 0x8000A0B4 (0x00000613) addi a2, zero, 0
x12 <- 0x00000000


mem[X,0x8000A0B8] -> 0x006F
mem[X,0x8000A0BA] -> 0x00C0
[1084] [M]: 0x8000A0B8 (0x00C0006F) jal zero, 12


mem[X,0x8000A0C4] -> 0x5663
mem[X,0x8000A0C6] -> 0x00B5
[1085] [M]: 0x8000A0C4 (0x00B55663) bge a0, a1, 12


mem[X,0x8000A0D0] -> 0x0613
mem[X,0x8000A0D2] -> 0x0036
[1086] [M]: 0x8000A0D0 (0x00360613) addi a2, a2, 3
x12 <- 0x00000003


mem[X,0x8000A0D4] -> 0x006F
mem[X,0x8000A0D6] -> 0x0040
[1087] [M]: 0x8000A0D4 (0x0040006F) jal zero, 4


mem[X,0x8000A0D8] -> 0x2A23
mem[X,0x8000A0DA] -> 0x16C2
[1088] [M]: 0x8000A0D8 (0x16C22A23) sw a2, 372(tp)
mem[0x8003B2DC] <- 0x00000003


mem[X,0x8000A0DC] -> 0x0513
mem[X,0x8000A0DE] -> 0x0030
[1089] [M]: 0x8000A0DC (0x00300513) addi a0, zero, 3
x10 <- 0x00000003


mem[X,0x8000A0E0] -> 0x55B7
mem[X,0x8000A0E2] -> 0x5555
[1090] [M]: 0x8000A0E0 (0x555555B7) lui a1, 349525
x11 <- 0x55555000


mem[X,0x8000A0E4] -> 0x8593
mem[X,0x8000A0E6] -> 0x5545
[1091] [M]: 0x8000A0E4 (0x55458593) addi a1, a1, 1364
x11 <- 0x55555554


mem[X,0x8000A0E8] -> 0x0613
mem[X,0x8000A0EA] -> 0x0000
[1092] [M]: 0x8000A0E8 (0x00000613) addi a2, zero, 0
x12 <- 0x00000000


mem[X,0x8000A0EC] -> 0x006F
mem[X,0x8000A0EE] -> 0x00C0
[1093] [M]: 0x8000A0EC (0x00C0006F) jal zero, 12


mem[X,0x8000A0F8] -> 0x5663
mem[X,0x8000A0FA] -> 0x00B5
[1094] [M]: 0x8000A0F8 (0x00B55663) bge a0, a1, 12


mem[X,0x8000A0FC] -> 0x0613
mem[X,0x8000A0FE] -> 0x0026
[1095] [M]: 0x8000A0FC (0x00260613) addi a2, a2, 2
x12 <- 0x00000002


mem[X,0x8000A100] -> 0x006F
mem[X,0x8000A102] -> 0x00C0
[1096] [M]: 0x8000A100 (0x00C0006F) jal zero, 12


mem[X,0x8000A10C] -> 0x2C23
mem[X,0x8000A10E] -> 0x16C2
[1097] [M]: 0x8000A10C (0x16C22C23) sw a2, 376(tp)
mem[0x8003B2E0] <- 0x00000002


mem[X,0x8000A110] -> 0x0513
mem[X,0x8000A112] -> 0x0030
[1098] [M]: 0x8000A110 (0x00300513) addi a0, zero, 3
x10 <- 0x00000003


mem[X,0x8000A114] -> 0x0593
mem[X,0x8000A116] -> 0x0000
[1099] [M]: 0x8000A114 (0x00000593) addi a1, zero, 0
x11 <- 0x00000000


clint::tick mtime <- 0x000000000000000B
 clint timer pending at mtime 0x000000000000000B
htif::tick 0x0000000000000000
mem[X,0x8000A118] -> 0x0613
mem[X,0x8000A11A] -> 0x0000
[1100] [M]: 0x8000A118 (0x00000613) addi a2, zero, 0
x12 <- 0x00000000


mem[X,0x8000A11C] -> 0x006F
mem[X,0x8000A11E] -> 0x00C0
[1101] [M]: 0x8000A11C (0x00C0006F) jal zero, 12


mem[X,0x8000A128] -> 0x5063
mem[X,0x8000A12A] -> 0x10B5
[1102] [M]: 0x8000A128 (0x10B55063) bge a0, a1, 256


mem[X,0x8000A228] -> 0x0613
mem[X,0x8000A22A] -> 0x0036
[1103] [M]: 0x8000A228 (0x00360613) addi a2, a2, 3
x12 <- 0x00000003


mem[X,0x8000A22C] -> 0x006F
mem[X,0x8000A22E] -> 0x0040
[1104] [M]: 0x8000A22C (0x0040006F) jal zero, 4


mem[X,0x8000A230] -> 0x2E23
mem[X,0x8000A232] -> 0x16C2
[1105] [M]: 0x8000A230 (0x16C22E23) sw a2, 380(tp)
mem[0x8003B2E4] <- 0x00000003


mem[X,0x8000A234] -> 0x0513
mem[X,0x8000A236] -> 0x0030
[1106] [M]: 0x8000A234 (0x00300513) addi a0, zero, 3
x10 <- 0x00000003


mem[X,0x8000A238] -> 0x0593
mem[X,0x8000A23A] -> 0x0040
[1107] [M]: 0x8000A238 (0x00400593) addi a1, zero, 4
x11 <- 0x00000004


mem[X,0x8000A23C] -> 0x0613
mem[X,0x8000A23E] -> 0x0000
[1108] [M]: 0x8000A23C (0x00000613) addi a2, zero, 0
x12 <- 0x00000000


mem[X,0x8000A240] -> 0x006F
mem[X,0x8000A242] -> 0x00C0
[1109] [M]: 0x8000A240 (0x00C0006F) jal zero, 12


mem[X,0x8000A24C] -> 0x5663
mem[X,0x8000A24E] -> 0x00B5
[1110] [M]: 0x8000A24C (0x00B55663) bge a0, a1, 12


mem[X,0x8000A250] -> 0x0613
mem[X,0x8000A252] -> 0x0026
[1111] [M]: 0x8000A250 (0x00260613) addi a2, a2, 2
x12 <- 0x00000002


mem[X,0x8000A254] -> 0x006F
mem[X,0x8000A256] -> 0x00C0
[1112] [M]: 0x8000A254 (0x00C0006F) jal zero, 12


mem[X,0x8000A260] -> 0x2023
mem[X,0x8000A262] -> 0x18C2
[1113] [M]: 0x8000A260 (0x18C22023) sw a2, 384(tp)
mem[0x8003B2E8] <- 0x00000002


mem[X,0x8000A264] -> 0x0513
mem[X,0x8000A266] -> 0x0030
[1114] [M]: 0x8000A264 (0x00300513) addi a0, zero, 3
x10 <- 0x00000003


mem[X,0x8000A268] -> 0x35B7
mem[X,0x8000A26A] -> 0x3333
[1115] [M]: 0x8000A268 (0x333335B7) lui a1, 209715
x11 <- 0x33333000


mem[X,0x8000A26C] -> 0x8593
mem[X,0x8000A26E] -> 0x3325
[1116] [M]: 0x8000A26C (0x33258593) addi a1, a1, 818
x11 <- 0x33333332


mem[X,0x8000A270] -> 0x0613
mem[X,0x8000A272] -> 0x0000
[1117] [M]: 0x8000A270 (0x00000613) addi a2, zero, 0
x12 <- 0x00000000


mem[X,0x8000A274] -> 0x006F
mem[X,0x8000A276] -> 0x00C0
[1118] [M]: 0x8000A274 (0x00C0006F) jal zero, 12


mem[X,0x8000A280] -> 0x5CE3
mem[X,0x8000A282] -> 0xFEB5
[1119] [M]: 0x8000A280 (0xFEB55CE3) bge a0, a1, 8184


mem[X,0x8000A284] -> 0x0613
mem[X,0x8000A286] -> 0x0026
[1120] [M]: 0x8000A284 (0x00260613) addi a2, a2, 2
x12 <- 0x00000002


mem[X,0x8000A288] -> 0x006F
mem[X,0x8000A28A] -> 0x00C0
[1121] [M]: 0x8000A288 (0x00C0006F) jal zero, 12


mem[X,0x8000A294] -> 0x2223
mem[X,0x8000A296] -> 0x18C2
[1122] [M]: 0x8000A294 (0x18C22223) sw a2, 388(tp)
mem[0x8003B2EC] <- 0x00000002


mem[X,0x8000A298] -> 0x0513
mem[X,0x8000A29A] -> 0x0030
[1123] [M]: 0x8000A298 (0x00300513) addi a0, zero, 3
x10 <- 0x00000003


mem[X,0x8000A29C] -> 0x65B7
mem[X,0x8000A29E] -> 0x6666
[1124] [M]: 0x8000A29C (0x666665B7) lui a1, 419430
x11 <- 0x66666000


mem[X,0x8000A2A0] -> 0x8593
mem[X,0x8000A2A2] -> 0x6655
[1125] [M]: 0x8000A2A0 (0x66558593) addi a1, a1, 1637
x11 <- 0x66666665


mem[X,0x8000A2A4] -> 0x0613
mem[X,0x8000A2A6] -> 0x0000
[1126] [M]: 0x8000A2A4 (0x00000613) addi a2, zero, 0
x12 <- 0x00000000


mem[X,0x8000A2A8] -> 0x006F
mem[X,0x8000A2AA] -> 0x00C0
[1127] [M]: 0x8000A2A8 (0x00C0006F) jal zero, 12


mem[X,0x8000A2B4] -> 0x5063
mem[X,0x8000A2B6] -> 0x40B5
[1128] [M]: 0x8000A2B4 (0x40B55063) bge a0, a1, 1024


mem[X,0x8000A2B8] -> 0x0613
mem[X,0x8000A2BA] -> 0x0026
[1129] [M]: 0x8000A2B8 (0x00260613) addi a2, a2, 2
x12 <- 0x00000002


mem[X,0x8000A2BC] -> 0x006F
mem[X,0x8000A2BE] -> 0x4000
[1130] [M]: 0x8000A2BC (0x4000006F) jal zero, 1024


mem[X,0x8000A6BC] -> 0x2423
mem[X,0x8000A6BE] -> 0x18C2
[1131] [M]: 0x8000A6BC (0x18C22423) sw a2, 392(tp)
mem[0x8003B2F0] <- 0x00000002


mem[X,0x8000A6C0] -> 0x0513
mem[X,0x8000A6C2] -> 0x0030
[1132] [M]: 0x8000A6C0 (0x00300513) addi a0, zero, 3
x10 <- 0x00000003


mem[X,0x8000A6C4] -> 0xB5B7
mem[X,0x8000A6C6] -> 0x0000
[1133] [M]: 0x8000A6C4 (0x0000B5B7) lui a1, 11
x11 <- 0x0000B000


mem[X,0x8000A6C8] -> 0x8593
mem[X,0x8000A6CA] -> 0x5035
[1134] [M]: 0x8000A6C8 (0x50358593) addi a1, a1, 1283
x11 <- 0x0000B503


mem[X,0x8000A6CC] -> 0x0613
mem[X,0x8000A6CE] -> 0x0000
[1135] [M]: 0x8000A6CC (0x00000613) addi a2, zero, 0
x12 <- 0x00000000


mem[X,0x8000A6D0] -> 0x006F
mem[X,0x8000A6D2] -> 0x00C0
[1136] [M]: 0x8000A6D0 (0x00C0006F) jal zero, 12


mem[X,0x8000A6DC] -> 0x5063
mem[X,0x8000A6DE] -> 0x10B5
[1137] [M]: 0x8000A6DC (0x10B55063) bge a0, a1, 256


mem[X,0x8000A6E0] -> 0x0613
mem[X,0x8000A6E2] -> 0x0026
[1138] [M]: 0x8000A6E0 (0x00260613) addi a2, a2, 2
x12 <- 0x00000002


mem[X,0x8000A6E4] -> 0x006F
mem[X,0x8000A6E6] -> 0x1000
[1139] [M]: 0x8000A6E4 (0x1000006F) jal zero, 256


mem[X,0x8000A7E4] -> 0x2623
mem[X,0x8000A7E6] -> 0x18C2
[1140] [M]: 0x8000A7E4 (0x18C22623) sw a2, 396(tp)
mem[0x8003B2F4] <- 0x00000002


mem[X,0x8000A7E8] -> 0x0513
mem[X,0x8000A7EA] -> 0x0030
[1141] [M]: 0x8000A7E8 (0x00300513) addi a0, zero, 3
x10 <- 0x00000003


mem[X,0x8000A7EC] -> 0x55B7
mem[X,0x8000A7EE] -> 0x5555
[1142] [M]: 0x8000A7EC (0x555555B7) lui a1, 349525
x11 <- 0x55555000


mem[X,0x8000A7F0] -> 0x8593
mem[X,0x8000A7F2] -> 0x5565
[1143] [M]: 0x8000A7F0 (0x55658593) addi a1, a1, 1366
x11 <- 0x55555556


mem[X,0x8000A7F4] -> 0x0613
mem[X,0x8000A7F6] -> 0x0000
[1144] [M]: 0x8000A7F4 (0x00000613) addi a2, zero, 0
x12 <- 0x00000000


mem[X,0x8000A7F8] -> 0x006F
mem[X,0x8000A7FA] -> 0x00C0
[1145] [M]: 0x8000A7F8 (0x00C0006F) jal zero, 12


mem[X,0x8000A804] -> 0x5CE3
mem[X,0x8000A806] -> 0xFEB5
[1146] [M]: 0x8000A804 (0xFEB55CE3) bge a0, a1, 8184


mem[X,0x8000A808] -> 0x0613
mem[X,0x8000A80A] -> 0x0026
[1147] [M]: 0x8000A808 (0x00260613) addi a2, a2, 2
x12 <- 0x00000002


mem[X,0x8000A80C] -> 0x006F
mem[X,0x8000A80E] -> 0x00C0
[1148] [M]: 0x8000A80C (0x00C0006F) jal zero, 12


mem[X,0x8000A818] -> 0x2823
mem[X,0x8000A81A] -> 0x18C2
[1149] [M]: 0x8000A818 (0x18C22823) sw a2, 400(tp)
mem[0x8003B2F8] <- 0x00000002


mem[X,0x8000A81C] -> 0x0513
mem[X,0x8000A81E] -> 0x0030
[1150] [M]: 0x8000A81C (0x00300513) addi a0, zero, 3
x10 <- 0x00000003


mem[X,0x8000A820] -> 0xB5B7
mem[X,0x8000A822] -> 0xAAAA
[1151] [M]: 0x8000A820 (0xAAAAB5B7) lui a1, 699051
x11 <- 0xAAAAB000


mem[X,0x8000A824] -> 0x8593
mem[X,0x8000A826] -> 0xAAB5
[1152] [M]: 0x8000A824 (0xAAB58593) addi a1, a1, 2731
x11 <- 0xAAAAAAAB


mem[X,0x8000A828] -> 0x0613
mem[X,0x8000A82A] -> 0x0000
[1153] [M]: 0x8000A828 (0x00000613) addi a2, zero, 0
x12 <- 0x00000000


mem[X,0x8000A82C] -> 0x006F
mem[X,0x8000A82E] -> 0x0140
[1154] [M]: 0x8000A82C (0x0140006F) jal zero, 20


mem[X,0x8000A840] -> 0x58E3
mem[X,0x8000A842] -> 0xFEB5
[1155] [M]: 0x8000A840 (0xFEB558E3) bge a0, a1, 8176


mem[X,0x8000A830] -> 0x0613
mem[X,0x8000A832] -> 0x0016
[1156] [M]: 0x8000A830 (0x00160613) addi a2, a2, 1
x12 <- 0x00000001


mem[X,0x8000A834] -> 0x006F
mem[X,0x8000A836] -> 0x0200
[1157] [M]: 0x8000A834 (0x0200006F) jal zero, 32


mem[X,0x8000A854] -> 0x2A23
mem[X,0x8000A856] -> 0x18C2
[1158] [M]: 0x8000A854 (0x18C22A23) sw a2, 404(tp)
mem[0x8003B2FC] <- 0x00000001


mem[X,0x8000A858] -> 0x0513
mem[X,0x8000A85A] -> 0x0030
[1159] [M]: 0x8000A858 (0x00300513) addi a0, zero, 3
x10 <- 0x00000003


mem[X,0x8000A85C] -> 0x0593
mem[X,0x8000A85E] -> 0x0060
[1160] [M]: 0x8000A85C (0x00600593) addi a1, zero, 6
x11 <- 0x00000006


mem[X,0x8000A860] -> 0x0613
mem[X,0x8000A862] -> 0x0000
[1161] [M]: 0x8000A860 (0x00000613) addi a2, zero, 0
x12 <- 0x00000000


mem[X,0x8000A864] -> 0x006F
mem[X,0x8000A866] -> 0x00C0
[1162] [M]: 0x8000A864 (0x00C0006F) jal zero, 12


mem[X,0x8000A870] -> 0x5663
mem[X,0x8000A872] -> 0x00B5
[1163] [M]: 0x8000A870 (0x00B55663) bge a0, a1, 12


mem[X,0x8000A874] -> 0x0613
mem[X,0x8000A876] -> 0x0026
[1164] [M]: 0x8000A874 (0x00260613) addi a2, a2, 2
x12 <- 0x00000002


mem[X,0x8000A878] -> 0x006F
mem[X,0x8000A87A] -> 0x00C0
[1165] [M]: 0x8000A878 (0x00C0006F) jal zero, 12


mem[X,0x8000A884] -> 0x2C23
mem[X,0x8000A886] -> 0x18C2
[1166] [M]: 0x8000A884 (0x18C22C23) sw a2, 408(tp)
mem[0x8003B300] <- 0x00000002


mem[X,0x8000A888] -> 0x0513
mem[X,0x8000A88A] -> 0x0030
[1167] [M]: 0x8000A888 (0x00300513) addi a0, zero, 3
x10 <- 0x00000003


mem[X,0x8000A88C] -> 0x35B7
mem[X,0x8000A88E] -> 0x3333
[1168] [M]: 0x8000A88C (0x333335B7) lui a1, 209715
x11 <- 0x33333000


mem[X,0x8000A890] -> 0x8593
mem[X,0x8000A892] -> 0x3345
[1169] [M]: 0x8000A890 (0x33458593) addi a1, a1, 820
x11 <- 0x33333334


mem[X,0x8000A894] -> 0x0613
mem[X,0x8000A896] -> 0x0000
[1170] [M]: 0x8000A894 (0x00000613) addi a2, zero, 0
x12 <- 0x00000000


mem[X,0x8000A898] -> 0x006F
mem[X,0x8000A89A] -> 0x00C0
[1171] [M]: 0x8000A898 (0x00C0006F) jal zero, 12


mem[X,0x8000A8A4] -> 0x5663
mem[X,0x8000A8A6] -> 0x00B5
[1172] [M]: 0x8000A8A4 (0x00B55663) bge a0, a1, 12


mem[X,0x8000A8A8] -> 0x0613
mem[X,0x8000A8AA] -> 0x0026
[1173] [M]: 0x8000A8A8 (0x00260613) addi a2, a2, 2
x12 <- 0x00000002


mem[X,0x8000A8AC] -> 0x006F
mem[X,0x8000A8AE] -> 0x00C0
[1174] [M]: 0x8000A8AC (0x00C0006F) jal zero, 12


mem[X,0x8000A8B8] -> 0x2E23
mem[X,0x8000A8BA] -> 0x18C2
[1175] [M]: 0x8000A8B8 (0x18C22E23) sw a2, 412(tp)
mem[0x8003B304] <- 0x00000002


mem[X,0x8000A8BC] -> 0x0513
mem[X,0x8000A8BE] -> 0x0030
[1176] [M]: 0x8000A8BC (0x00300513) addi a0, zero, 3
x10 <- 0x00000003


mem[X,0x8000A8C0] -> 0x65B7
mem[X,0x8000A8C2] -> 0x6666
[1177] [M]: 0x8000A8C0 (0x666665B7) lui a1, 419430
x11 <- 0x66666000


mem[X,0x8000A8C4] -> 0x8593
mem[X,0x8000A8C6] -> 0x6675
[1178] [M]: 0x8000A8C4 (0x66758593) addi a1, a1, 1639
x11 <- 0x66666667


mem[X,0x8000A8C8] -> 0x0613
mem[X,0x8000A8CA] -> 0x0000
[1179] [M]: 0x8000A8C8 (0x00000613) addi a2, zero, 0
x12 <- 0x00000000


mem[X,0x8000A8CC] -> 0x006F
mem[X,0x8000A8CE] -> 0x00C0
[1180] [M]: 0x8000A8CC (0x00C0006F) jal zero, 12


mem[X,0x8000A8D8] -> 0x5663
mem[X,0x8000A8DA] -> 0x00B5
[1181] [M]: 0x8000A8D8 (0x00B55663) bge a0, a1, 12


mem[X,0x8000A8DC] -> 0x0613
mem[X,0x8000A8DE] -> 0x0026
[1182] [M]: 0x8000A8DC (0x00260613) addi a2, a2, 2
x12 <- 0x00000002


mem[X,0x8000A8E0] -> 0x006F
mem[X,0x8000A8E2] -> 0x00C0
[1183] [M]: 0x8000A8E0 (0x00C0006F) jal zero, 12


mem[X,0x8000A8EC] -> 0x2023
mem[X,0x8000A8EE] -> 0x1AC2
[1184] [M]: 0x8000A8EC (0x1AC22023) sw a2, 416(tp)
mem[0x8003B308] <- 0x00000002


mem[X,0x8000A8F0] -> 0x0513
mem[X,0x8000A8F2] -> 0x0030
[1185] [M]: 0x8000A8F0 (0x00300513) addi a0, zero, 3
x10 <- 0x00000003


mem[X,0x8000A8F4] -> 0x55B7
mem[X,0x8000A8F6] -> 0xFFFF
[1186] [M]: 0x8000A8F4 (0xFFFF55B7) lui a1, 1048565
x11 <- 0xFFFF5000


mem[X,0x8000A8F8] -> 0x8593
mem[X,0x8000A8FA] -> 0xAFD5
[1187] [M]: 0x8000A8F8 (0xAFD58593) addi a1, a1, 2813
x11 <- 0xFFFF4AFD


mem[X,0x8000A8FC] -> 0x0613
mem[X,0x8000A8FE] -> 0x0000
[1188] [M]: 0x8000A8FC (0x00000613) addi a2, zero, 0
x12 <- 0x00000000


mem[X,0x8000A900] -> 0x006F
mem[X,0x8000A902] -> 0x00C0
[1189] [M]: 0x8000A900 (0x00C0006F) jal zero, 12


mem[X,0x8000A90C] -> 0x5063
mem[X,0x8000A90E] -> 0x40B5
[1190] [M]: 0x8000A90C (0x40B55063) bge a0, a1, 1024


mem[X,0x8000AD0C] -> 0x0613
mem[X,0x8000AD0E] -> 0x0036
[1191] [M]: 0x8000AD0C (0x00360613) addi a2, a2, 3
x12 <- 0x00000003


mem[X,0x8000AD10] -> 0x006F
mem[X,0x8000AD12] -> 0x0040
[1192] [M]: 0x8000AD10 (0x0040006F) jal zero, 4


mem[X,0x8000AD14] -> 0x2223
mem[X,0x8000AD16] -> 0x1AC2
[1193] [M]: 0x8000AD14 (0x1AC22223) sw a2, 420(tp)
mem[0x8003B30C] <- 0x00000003


mem[X,0x8000AD18] -> 0x0513
mem[X,0x8000AD1A] -> 0x0030
[1194] [M]: 0x8000AD18 (0x00300513) addi a0, zero, 3
x10 <- 0x00000003


mem[X,0x8000AD1C] -> 0xB5B7
mem[X,0x8000AD1E] -> 0x0000
[1195] [M]: 0x8000AD1C (0x0000B5B7) lui a1, 11
x11 <- 0x0000B000


mem[X,0x8000AD20] -> 0x8593
mem[X,0x8000AD22] -> 0x5055
[1196] [M]: 0x8000AD20 (0x50558593) addi a1, a1, 1285
x11 <- 0x0000B505


mem[X,0x8000AD24] -> 0x0613
mem[X,0x8000AD26] -> 0x0000
[1197] [M]: 0x8000AD24 (0x00000613) addi a2, zero, 0
x12 <- 0x00000000


mem[X,0x8000AD28] -> 0x006F
mem[X,0x8000AD2A] -> 0x00C0
[1198] [M]: 0x8000AD28 (0x00C0006F) jal zero, 12


mem[X,0x8000AD34] -> 0x5063
mem[X,0x8000AD36] -> 0x04B5
[1199] [M]: 0x8000AD34 (0x04B55063) bge a0, a1, 64


clint::tick mtime <- 0x000000000000000C
 clint timer pending at mtime 0x000000000000000C
htif::tick 0x0000000000000000
mem[X,0x8000AD38] -> 0x0613
mem[X,0x8000AD3A] -> 0x0026
[1200] [M]: 0x8000AD38 (0x00260613) addi a2, a2, 2
x12 <- 0x00000002


mem[X,0x8000AD3C] -> 0x006F
mem[X,0x8000AD3E] -> 0x0400
[1201] [M]: 0x8000AD3C (0x0400006F) jal zero, 64


mem[X,0x8000AD7C] -> 0x2423
mem[X,0x8000AD7E] -> 0x1AC2
[1202] [M]: 0x8000AD7C (0x1AC22423) sw a2, 424(tp)
mem[0x8003B310] <- 0x00000002


mem[X,0x8000AD80] -> 0x5537
mem[X,0x8000AD82] -> 0x5555
[1203] [M]: 0x8000AD80 (0x55555537) lui a0, 349525
x10 <- 0x55555000


mem[X,0x8000AD84] -> 0x0513
mem[X,0x8000AD86] -> 0x5555
[1204] [M]: 0x8000AD84 (0x55550513) addi a0, a0, 1365
x10 <- 0x55555555


mem[X,0x8000AD88] -> 0x0593
mem[X,0x8000AD8A] -> 0x0030
[1205] [M]: 0x8000AD88 (0x00300593) addi a1, zero, 3
x11 <- 0x00000003


mem[X,0x8000AD8C] -> 0x0613
mem[X,0x8000AD8E] -> 0x0000
[1206] [M]: 0x8000AD8C (0x00000613) addi a2, zero, 0
x12 <- 0x00000000


mem[X,0x8000AD90] -> 0x006F
mem[X,0x8000AD92] -> 0x0140
[1207] [M]: 0x8000AD90 (0x0140006F) jal zero, 20


mem[X,0x8000ADA4] -> 0x58E3
mem[X,0x8000ADA6] -> 0xFEB5
[1208] [M]: 0x8000ADA4 (0xFEB558E3) bge a0, a1, 8176


mem[X,0x8000AD94] -> 0x0613
mem[X,0x8000AD96] -> 0x0016
[1209] [M]: 0x8000AD94 (0x00160613) addi a2, a2, 1
x12 <- 0x00000001


mem[X,0x8000AD98] -> 0x006F
mem[X,0x8000AD9A] -> 0x0200
[1210] [M]: 0x8000AD98 (0x0200006F) jal zero, 32


mem[X,0x8000ADB8] -> 0x2623
mem[X,0x8000ADBA] -> 0x1AC2
[1211] [M]: 0x8000ADB8 (0x1AC22623) sw a2, 428(tp)
mem[0x8003B314] <- 0x00000001


mem[X,0x8000ADBC] -> 0x5537
mem[X,0x8000ADBE] -> 0x5555
[1212] [M]: 0x8000ADBC (0x55555537) lui a0, 349525
x10 <- 0x55555000


mem[X,0x8000ADC0] -> 0x0513
mem[X,0x8000ADC2] -> 0x5555
[1213] [M]: 0x8000ADC0 (0x55550513) addi a0, a0, 1365
x10 <- 0x55555555


mem[X,0x8000ADC4] -> 0x55B7
mem[X,0x8000ADC6] -> 0x5555
[1214] [M]: 0x8000ADC4 (0x555555B7) lui a1, 349525
x11 <- 0x55555000


mem[X,0x8000ADC8] -> 0x8593
mem[X,0x8000ADCA] -> 0x5555
[1215] [M]: 0x8000ADC8 (0x55558593) addi a1, a1, 1365
x11 <- 0x55555555


mem[X,0x8000ADCC] -> 0x0613
mem[X,0x8000ADCE] -> 0x0000
[1216] [M]: 0x8000ADCC (0x00000613) addi a2, zero, 0
x12 <- 0x00000000


mem[X,0x8000ADD0] -> 0x006F
mem[X,0x8000ADD2] -> 0x00C0
[1217] [M]: 0x8000ADD0 (0x00C0006F) jal zero, 12


mem[X,0x8000ADDC] -> 0x5063
mem[X,0x8000ADDE] -> 0x02B5
[1218] [M]: 0x8000ADDC (0x02B55063) bge a0, a1, 32


mem[X,0x8000ADFC] -> 0x0613
mem[X,0x8000ADFE] -> 0x0036
[1219] [M]: 0x8000ADFC (0x00360613) addi a2, a2, 3
x12 <- 0x00000003


mem[X,0x8000AE00] -> 0x006F
mem[X,0x8000AE02] -> 0x0040
[1220] [M]: 0x8000AE00 (0x0040006F) jal zero, 4


mem[X,0x8000AE04] -> 0x2823
mem[X,0x8000AE06] -> 0x1AC2
[1221] [M]: 0x8000AE04 (0x1AC22823) sw a2, 432(tp)
mem[0x8003B318] <- 0x00000003


mem[X,0x8000AE08] -> 0x5537
mem[X,0x8000AE0A] -> 0x5555
[1222] [M]: 0x8000AE08 (0x55555537) lui a0, 349525
x10 <- 0x55555000


mem[X,0x8000AE0C] -> 0x0513
mem[X,0x8000AE0E] -> 0x5555
[1223] [M]: 0x8000AE0C (0x55550513) addi a0, a0, 1365
x10 <- 0x55555555


mem[X,0x8000AE10] -> 0x0593
mem[X,0x8000AE12] -> 0x0050
[1224] [M]: 0x8000AE10 (0x00500593) addi a1, zero, 5
x11 <- 0x00000005


mem[X,0x8000AE14] -> 0x0613
mem[X,0x8000AE16] -> 0x0000
[1225] [M]: 0x8000AE14 (0x00000613) addi a2, zero, 0
x12 <- 0x00000000


mem[X,0x8000AE18] -> 0x006F
mem[X,0x8000AE1A] -> 0x00C0
[1226] [M]: 0x8000AE18 (0x00C0006F) jal zero, 12


mem[X,0x8000AE24] -> 0x5063
mem[X,0x8000AE26] -> 0x08B5
[1227] [M]: 0x8000AE24 (0x08B55063) bge a0, a1, 128


mem[X,0x8000AEA4] -> 0x0613
mem[X,0x8000AEA6] -> 0x0036
[1228] [M]: 0x8000AEA4 (0x00360613) addi a2, a2, 3
x12 <- 0x00000003


mem[X,0x8000AEA8] -> 0x006F
mem[X,0x8000AEAA] -> 0x0040
[1229] [M]: 0x8000AEA8 (0x0040006F) jal zero, 4


mem[X,0x8000AEAC] -> 0x2A23
mem[X,0x8000AEAE] -> 0x1AC2
[1230] [M]: 0x8000AEAC (0x1AC22A23) sw a2, 436(tp)
mem[0x8003B31C] <- 0x00000003


mem[X,0x8000AEB0] -> 0x5537
mem[X,0x8000AEB2] -> 0x5555
[1231] [M]: 0x8000AEB0 (0x55555537) lui a0, 349525
x10 <- 0x55555000


mem[X,0x8000AEB4] -> 0x0513
mem[X,0x8000AEB6] -> 0x5555
[1232] [M]: 0x8000AEB4 (0x55550513) addi a0, a0, 1365
x10 <- 0x55555555


mem[X,0x8000AEB8] -> 0x35B7
mem[X,0x8000AEBA] -> 0x3333
[1233] [M]: 0x8000AEB8 (0x333335B7) lui a1, 209715
x11 <- 0x33333000


mem[X,0x8000AEBC] -> 0x8593
mem[X,0x8000AEBE] -> 0x3335
[1234] [M]: 0x8000AEBC (0x33358593) addi a1, a1, 819
x11 <- 0x33333333


mem[X,0x8000AEC0] -> 0x0613
mem[X,0x8000AEC2] -> 0x0000
[1235] [M]: 0x8000AEC0 (0x00000613) addi a2, zero, 0
x12 <- 0x00000000


mem[X,0x8000AEC4] -> 0x006F
mem[X,0x8000AEC6] -> 0x00C0
[1236] [M]: 0x8000AEC4 (0x00C0006F) jal zero, 12


mem[X,0x8000AED0] -> 0x5663
mem[X,0x8000AED2] -> 0x00B5
[1237] [M]: 0x8000AED0 (0x00B55663) bge a0, a1, 12


mem[X,0x8000AEDC] -> 0x0613
mem[X,0x8000AEDE] -> 0x0036
[1238] [M]: 0x8000AEDC (0x00360613) addi a2, a2, 3
x12 <- 0x00000003


mem[X,0x8000AEE0] -> 0x006F
mem[X,0x8000AEE2] -> 0x0040
[1239] [M]: 0x8000AEE0 (0x0040006F) jal zero, 4


mem[X,0x8000AEE4] -> 0x2C23
mem[X,0x8000AEE6] -> 0x1AC2
[1240] [M]: 0x8000AEE4 (0x1AC22C23) sw a2, 440(tp)
mem[0x8003B320] <- 0x00000003


mem[X,0x8000AEE8] -> 0x5537
mem[X,0x8000AEEA] -> 0x5555
[1241] [M]: 0x8000AEE8 (0x55555537) lui a0, 349525
x10 <- 0x55555000


mem[X,0x8000AEEC] -> 0x0513
mem[X,0x8000AEEE] -> 0x5555
[1242] [M]: 0x8000AEEC (0x55550513) addi a0, a0, 1365
x10 <- 0x55555555


mem[X,0x8000AEF0] -> 0x65B7
mem[X,0x8000AEF2] -> 0x6666
[1243] [M]: 0x8000AEF0 (0x666665B7) lui a1, 419430
x11 <- 0x66666000


mem[X,0x8000AEF4] -> 0x8593
mem[X,0x8000AEF6] -> 0x6665
[1244] [M]: 0x8000AEF4 (0x66658593) addi a1, a1, 1638
x11 <- 0x66666666


mem[X,0x8000AEF8] -> 0x0613
mem[X,0x8000AEFA] -> 0x0000
[1245] [M]: 0x8000AEF8 (0x00000613) addi a2, zero, 0
x12 <- 0x00000000


mem[X,0x8000AEFC] -> 0x006F
mem[X,0x8000AEFE] -> 0x0050
[1246] [M]: 0x8000AEFC (0x0050006F) jal zero, 2052


mem[X,0x8000B700] -> 0x50E3
mem[X,0x8000B702] -> 0x80B5
[1247] [M]: 0x8000B700 (0x80B550E3) bge a0, a1, 6144


mem[X,0x8000B704] -> 0x0613
mem[X,0x8000B706] -> 0x0026
[1248] [M]: 0x8000B704 (0x00260613) addi a2, a2, 2
x12 <- 0x00000002


mem[X,0x8000B708] -> 0x006F
mem[X,0x8000B70A] -> 0x00C0
[1249] [M]: 0x8000B708 (0x00C0006F) jal zero, 12


mem[X,0x8000B714] -> 0x2E23
mem[X,0x8000B716] -> 0x1AC2
[1250] [M]: 0x8000B714 (0x1AC22E23) sw a2, 444(tp)
mem[0x8003B324] <- 0x00000002


mem[X,0x8000B718] -> 0x5537
mem[X,0x8000B71A] -> 0x5555
[1251] [M]: 0x8000B718 (0x55555537) lui a0, 349525
x10 <- 0x55555000


mem[X,0x8000B71C] -> 0x0513
mem[X,0x8000B71E] -> 0x5555
[1252] [M]: 0x8000B71C (0x55550513) addi a0, a0, 1365
x10 <- 0x55555555


mem[X,0x8000B720] -> 0x55B7
mem[X,0x8000B722] -> 0xFFFF
[1253] [M]: 0x8000B720 (0xFFFF55B7) lui a1, 1048565
x11 <- 0xFFFF5000


mem[X,0x8000B724] -> 0x8593
mem[X,0x8000B726] -> 0xAFC5
[1254] [M]: 0x8000B724 (0xAFC58593) addi a1, a1, 2812
x11 <- 0xFFFF4AFC


mem[X,0x8000B728] -> 0x0613
mem[X,0x8000B72A] -> 0x0000
[1255] [M]: 0x8000B728 (0x00000613) addi a2, zero, 0
x12 <- 0x00000000


mem[X,0x8000B72C] -> 0x006F
mem[X,0x8000B72E] -> 0x00C0
[1256] [M]: 0x8000B72C (0x00C0006F) jal zero, 12


mem[X,0x8000B738] -> 0x5663
mem[X,0x8000B73A] -> 0x00B5
[1257] [M]: 0x8000B738 (0x00B55663) bge a0, a1, 12


mem[X,0x8000B744] -> 0x0613
mem[X,0x8000B746] -> 0x0036
[1258] [M]: 0x8000B744 (0x00360613) addi a2, a2, 3
x12 <- 0x00000003


mem[X,0x8000B748] -> 0x006F
mem[X,0x8000B74A] -> 0x0040
[1259] [M]: 0x8000B748 (0x0040006F) jal zero, 4


mem[X,0x8000B74C] -> 0x2023
mem[X,0x8000B74E] -> 0x1CC2
[1260] [M]: 0x8000B74C (0x1CC22023) sw a2, 448(tp)
mem[0x8003B328] <- 0x00000003


mem[X,0x8000B750] -> 0x5537
mem[X,0x8000B752] -> 0x5555
[1261] [M]: 0x8000B750 (0x55555537) lui a0, 349525
x10 <- 0x55555000


mem[X,0x8000B754] -> 0x0513
mem[X,0x8000B756] -> 0x5555
[1262] [M]: 0x8000B754 (0x55550513) addi a0, a0, 1365
x10 <- 0x55555555


mem[X,0x8000B758] -> 0xB5B7
mem[X,0x8000B75A] -> 0x0000
[1263] [M]: 0x8000B758 (0x0000B5B7) lui a1, 11
x11 <- 0x0000B000


mem[X,0x8000B75C] -> 0x8593
mem[X,0x8000B75E] -> 0x5045
[1264] [M]: 0x8000B75C (0x50458593) addi a1, a1, 1284
x11 <- 0x0000B504


mem[X,0x8000B760] -> 0x0613
mem[X,0x8000B762] -> 0x0000
[1265] [M]: 0x8000B760 (0x00000613) addi a2, zero, 0
x12 <- 0x00000000


mem[X,0x8000B764] -> 0x006F
mem[X,0x8000B766] -> 0x00C0
[1266] [M]: 0x8000B764 (0x00C0006F) jal zero, 12


mem[X,0x8000B770] -> 0x5063
mem[X,0x8000B772] -> 0x40B5
[1267] [M]: 0x8000B770 (0x40B55063) bge a0, a1, 1024


mem[X,0x8000BB70] -> 0x0613
mem[X,0x8000BB72] -> 0x0036
[1268] [M]: 0x8000BB70 (0x00360613) addi a2, a2, 3
x12 <- 0x00000003


mem[X,0x8000BB74] -> 0x006F
mem[X,0x8000BB76] -> 0x0040
[1269] [M]: 0x8000BB74 (0x0040006F) jal zero, 4


mem[X,0x8000BB78] -> 0x2223
mem[X,0x8000BB7A] -> 0x1CC2
[1270] [M]: 0x8000BB78 (0x1CC22223) sw a2, 452(tp)
mem[0x8003B32C] <- 0x00000003


mem[X,0x8000BB7C] -> 0x5537
mem[X,0x8000BB7E] -> 0x5555
[1271] [M]: 0x8000BB7C (0x55555537) lui a0, 349525
x10 <- 0x55555000


mem[X,0x8000BB80] -> 0x0513
mem[X,0x8000BB82] -> 0x5555
[1272] [M]: 0x8000BB80 (0x55550513) addi a0, a0, 1365
x10 <- 0x55555555


mem[X,0x8000BB84] -> 0x0593
mem[X,0x8000BB86] -> 0x0020
[1273] [M]: 0x8000BB84 (0x00200593) addi a1, zero, 2
x11 <- 0x00000002


mem[X,0x8000BB88] -> 0x0613
mem[X,0x8000BB8A] -> 0x0000
[1274] [M]: 0x8000BB88 (0x00000613) addi a2, zero, 0
x12 <- 0x00000000


mem[X,0x8000BB8C] -> 0x006F
mem[X,0x8000BB8E] -> 0x0100
[1275] [M]: 0x8000BB8C (0x0100006F) jal zero, 16


mem[X,0x8000BB9C] -> 0x5AE3
mem[X,0x8000BB9E] -> 0xFEB5
[1276] [M]: 0x8000BB9C (0xFEB55AE3) bge a0, a1, 8180


mem[X,0x8000BB90] -> 0x0613
mem[X,0x8000BB92] -> 0x0016
[1277] [M]: 0x8000BB90 (0x00160613) addi a2, a2, 1
x12 <- 0x00000001


mem[X,0x8000BB94] -> 0x006F
mem[X,0x8000BB96] -> 0x01C0
[1278] [M]: 0x8000BB94 (0x01C0006F) jal zero, 28


mem[X,0x8000BBB0] -> 0x2423
mem[X,0x8000BBB2] -> 0x1CC2
[1279] [M]: 0x8000BBB0 (0x1CC22423) sw a2, 456(tp)
mem[0x8003B330] <- 0x00000001


mem[X,0x8000BBB4] -> 0x5537
mem[X,0x8000BBB6] -> 0x5555
[1280] [M]: 0x8000BBB4 (0x55555537) lui a0, 349525
x10 <- 0x55555000


mem[X,0x8000BBB8] -> 0x0513
mem[X,0x8000BBBA] -> 0x5555
[1281] [M]: 0x8000BBB8 (0x55550513) addi a0, a0, 1365
x10 <- 0x55555555


mem[X,0x8000BBBC] -> 0x55B7
mem[X,0x8000BBBE] -> 0x5555
[1282] [M]: 0x8000BBBC (0x555555B7) lui a1, 349525
x11 <- 0x55555000


mem[X,0x8000BBC0] -> 0x8593
mem[X,0x8000BBC2] -> 0x5545
[1283] [M]: 0x8000BBC0 (0x55458593) addi a1, a1, 1364
x11 <- 0x55555554


mem[X,0x8000BBC4] -> 0x0613
mem[X,0x8000BBC6] -> 0x0000
[1284] [M]: 0x8000BBC4 (0x00000613) addi a2, zero, 0
x12 <- 0x00000000


mem[X,0x8000BBC8] -> 0x006F
mem[X,0x8000BBCA] -> 0x00C0
[1285] [M]: 0x8000BBC8 (0x00C0006F) jal zero, 12


mem[X,0x8000BBD4] -> 0x5663
mem[X,0x8000BBD6] -> 0x00B5
[1286] [M]: 0x8000BBD4 (0x00B55663) bge a0, a1, 12


mem[X,0x8000BBE0] -> 0x0613
mem[X,0x8000BBE2] -> 0x0036
[1287] [M]: 0x8000BBE0 (0x00360613) addi a2, a2, 3
x12 <- 0x00000003


mem[X,0x8000BBE4] -> 0x006F
mem[X,0x8000BBE6] -> 0x0040
[1288] [M]: 0x8000BBE4 (0x0040006F) jal zero, 4


mem[X,0x8000BBE8] -> 0x2623
mem[X,0x8000BBEA] -> 0x1CC2
[1289] [M]: 0x8000BBE8 (0x1CC22623) sw a2, 460(tp)
mem[0x8003B334] <- 0x00000003


mem[X,0x8000BBEC] -> 0x5537
mem[X,0x8000BBEE] -> 0x5555
[1290] [M]: 0x8000BBEC (0x55555537) lui a0, 349525
x10 <- 0x55555000


mem[X,0x8000BBF0] -> 0x0513
mem[X,0x8000BBF2] -> 0x5555
[1291] [M]: 0x8000BBF0 (0x55550513) addi a0, a0, 1365
x10 <- 0x55555555


mem[X,0x8000BBF4] -> 0x0593
mem[X,0x8000BBF6] -> 0x0000
[1292] [M]: 0x8000BBF4 (0x00000593) addi a1, zero, 0
x11 <- 0x00000000


mem[X,0x8000BBF8] -> 0x0613
mem[X,0x8000BBFA] -> 0x0000
[1293] [M]: 0x8000BBF8 (0x00000613) addi a2, zero, 0
x12 <- 0x00000000


mem[X,0x8000BBFC] -> 0x006F
mem[X,0x8000BBFE] -> 0x00C0
[1294] [M]: 0x8000BBFC (0x00C0006F) jal zero, 12


mem[X,0x8000BC08] -> 0x5CE3
mem[X,0x8000BC0A] -> 0xFEB5
[1295] [M]: 0x8000BC08 (0xFEB55CE3) bge a0, a1, 8184


mem[X,0x8000BC00] -> 0x0613
mem[X,0x8000BC02] -> 0x0016
[1296] [M]: 0x8000BC00 (0x00160613) addi a2, a2, 1
x12 <- 0x00000001


mem[X,0x8000BC04] -> 0x006F
mem[X,0x8000BC06] -> 0x0180
[1297] [M]: 0x8000BC04 (0x0180006F) jal zero, 24


mem[X,0x8000BC1C] -> 0x2823
mem[X,0x8000BC1E] -> 0x1CC2
[1298] [M]: 0x8000BC1C (0x1CC22823) sw a2, 464(tp)
mem[0x8003B338] <- 0x00000001


mem[X,0x8000BC20] -> 0x5537
mem[X,0x8000BC22] -> 0x5555
[1299] [M]: 0x8000BC20 (0x55555537) lui a0, 349525
x10 <- 0x55555000


clint::tick mtime <- 0x000000000000000D
 clint timer pending at mtime 0x000000000000000D
htif::tick 0x0000000000000000
mem[X,0x8000BC24] -> 0x0513
mem[X,0x8000BC26] -> 0x5555
[1300] [M]: 0x8000BC24 (0x55550513) addi a0, a0, 1365
x10 <- 0x55555555


mem[X,0x8000BC28] -> 0x0593
mem[X,0x8000BC2A] -> 0x0040
[1301] [M]: 0x8000BC28 (0x00400593) addi a1, zero, 4
x11 <- 0x00000004


mem[X,0x8000BC2C] -> 0x0613
mem[X,0x8000BC2E] -> 0x0000
[1302] [M]: 0x8000BC2C (0x00000613) addi a2, zero, 0
x12 <- 0x00000000


mem[X,0x8000BC30] -> 0x006F
mem[X,0x8000BC32] -> 0x0050
[1303] [M]: 0x8000BC30 (0x0050006F) jal zero, 2052


mem[X,0x8000C434] -> 0x50E3
mem[X,0x8000C436] -> 0x80B5
[1304] [M]: 0x8000C434 (0x80B550E3) bge a0, a1, 6144


mem[X,0x8000BC34] -> 0x0613
mem[X,0x8000BC36] -> 0x0016
[1305] [M]: 0x8000BC34 (0x00160613) addi a2, a2, 1
x12 <- 0x00000001


mem[X,0x8000BC38] -> 0x006F
mem[X,0x8000BC3A] -> 0x0110
[1306] [M]: 0x8000BC38 (0x0110006F) jal zero, 2064


mem[X,0x8000C448] -> 0x2A23
mem[X,0x8000C44A] -> 0x1CC2
[1307] [M]: 0x8000C448 (0x1CC22A23) sw a2, 468(tp)
mem[0x8003B33C] <- 0x00000001


mem[X,0x8000C44C] -> 0x5537
mem[X,0x8000C44E] -> 0x5555
[1308] [M]: 0x8000C44C (0x55555537) lui a0, 349525
x10 <- 0x55555000


mem[X,0x8000C450] -> 0x0513
mem[X,0x8000C452] -> 0x5555
[1309] [M]: 0x8000C450 (0x55550513) addi a0, a0, 1365
x10 <- 0x55555555


mem[X,0x8000C454] -> 0x35B7
mem[X,0x8000C456] -> 0x3333
[1310] [M]: 0x8000C454 (0x333335B7) lui a1, 209715
x11 <- 0x33333000


mem[X,0x8000C458] -> 0x8593
mem[X,0x8000C45A] -> 0x3325
[1311] [M]: 0x8000C458 (0x33258593) addi a1, a1, 818
x11 <- 0x33333332


mem[X,0x8000C45C] -> 0x0613
mem[X,0x8000C45E] -> 0x0000
[1312] [M]: 0x8000C45C (0x00000613) addi a2, zero, 0
x12 <- 0x00000000


mem[X,0x8000C460] -> 0x006F
mem[X,0x8000C462] -> 0x00C0
[1313] [M]: 0x8000C460 (0x00C0006F) jal zero, 12


mem[X,0x8000C46C] -> 0x5863
mem[X,0x8000C46E] -> 0x00B5
[1314] [M]: 0x8000C46C (0x00B55863) bge a0, a1, 16


mem[X,0x8000C47C] -> 0x0613
mem[X,0x8000C47E] -> 0x0036
[1315] [M]: 0x8000C47C (0x00360613) addi a2, a2, 3
x12 <- 0x00000003


mem[X,0x8000C480] -> 0x006F
mem[X,0x8000C482] -> 0x0040
[1316] [M]: 0x8000C480 (0x0040006F) jal zero, 4


mem[X,0x8000C484] -> 0x2C23
mem[X,0x8000C486] -> 0x1CC2
[1317] [M]: 0x8000C484 (0x1CC22C23) sw a2, 472(tp)
mem[0x8003B340] <- 0x00000003


mem[X,0x8000C488] -> 0x5537
mem[X,0x8000C48A] -> 0x5555
[1318] [M]: 0x8000C488 (0x55555537) lui a0, 349525
x10 <- 0x55555000


mem[X,0x8000C48C] -> 0x0513
mem[X,0x8000C48E] -> 0x5555
[1319] [M]: 0x8000C48C (0x55550513) addi a0, a0, 1365
x10 <- 0x55555555


mem[X,0x8000C490] -> 0x65B7
mem[X,0x8000C492] -> 0x6666
[1320] [M]: 0x8000C490 (0x666665B7) lui a1, 419430
x11 <- 0x66666000


mem[X,0x8000C494] -> 0x8593
mem[X,0x8000C496] -> 0x6655
[1321] [M]: 0x8000C494 (0x66558593) addi a1, a1, 1637
x11 <- 0x66666665


mem[X,0x8000C498] -> 0x0613
mem[X,0x8000C49A] -> 0x0000
[1322] [M]: 0x8000C498 (0x00000613) addi a2, zero, 0
x12 <- 0x00000000


mem[X,0x8000C49C] -> 0x006F
mem[X,0x8000C49E] -> 0x00C0
[1323] [M]: 0x8000C49C (0x00C0006F) jal zero, 12


mem[X,0x8000C4A8] -> 0x5663
mem[X,0x8000C4AA] -> 0x00B5
[1324] [M]: 0x8000C4A8 (0x00B55663) bge a0, a1, 12


mem[X,0x8000C4AC] -> 0x0613
mem[X,0x8000C4AE] -> 0x0026
[1325] [M]: 0x8000C4AC (0x00260613) addi a2, a2, 2
x12 <- 0x00000002


mem[X,0x8000C4B0] -> 0x006F
mem[X,0x8000C4B2] -> 0x00C0
[1326] [M]: 0x8000C4B0 (0x00C0006F) jal zero, 12


mem[X,0x8000C4BC] -> 0x2E23
mem[X,0x8000C4BE] -> 0x1CC2
[1327] [M]: 0x8000C4BC (0x1CC22E23) sw a2, 476(tp)
mem[0x8003B344] <- 0x00000002


mem[X,0x8000C4C0] -> 0x5537
mem[X,0x8000C4C2] -> 0x5555
[1328] [M]: 0x8000C4C0 (0x55555537) lui a0, 349525
x10 <- 0x55555000


mem[X,0x8000C4C4] -> 0x0513
mem[X,0x8000C4C6] -> 0x5555
[1329] [M]: 0x8000C4C4 (0x55550513) addi a0, a0, 1365
x10 <- 0x55555555


mem[X,0x8000C4C8] -> 0xB5B7
mem[X,0x8000C4CA] -> 0x0000
[1330] [M]: 0x8000C4C8 (0x0000B5B7) lui a1, 11
x11 <- 0x0000B000


mem[X,0x8000C4CC] -> 0x8593
mem[X,0x8000C4CE] -> 0x5035
[1331] [M]: 0x8000C4CC (0x50358593) addi a1, a1, 1283
x11 <- 0x0000B503


mem[X,0x8000C4D0] -> 0x0613
mem[X,0x8000C4D2] -> 0x0000
[1332] [M]: 0x8000C4D0 (0x00000613) addi a2, zero, 0
x12 <- 0x00000000


mem[X,0x8000C4D4] -> 0x006F
mem[X,0x8000C4D6] -> 0x00C0
[1333] [M]: 0x8000C4D4 (0x00C0006F) jal zero, 12


mem[X,0x8000C4E0] -> 0x5863
mem[X,0x8000C4E2] -> 0x00B5
[1334] [M]: 0x8000C4E0 (0x00B55863) bge a0, a1, 16


mem[X,0x8000C4F0] -> 0x0613
mem[X,0x8000C4F2] -> 0x0036
[1335] [M]: 0x8000C4F0 (0x00360613) addi a2, a2, 3
x12 <- 0x00000003


mem[X,0x8000C4F4] -> 0x006F
mem[X,0x8000C4F6] -> 0x0040
[1336] [M]: 0x8000C4F4 (0x0040006F) jal zero, 4


mem[X,0x8000C4F8] -> 0x2023
mem[X,0x8000C4FA] -> 0x1EC2
[1337] [M]: 0x8000C4F8 (0x1EC22023) sw a2, 480(tp)
mem[0x8003B348] <- 0x00000003


mem[X,0x8000C4FC] -> 0x5537
mem[X,0x8000C4FE] -> 0x5555
[1338] [M]: 0x8000C4FC (0x55555537) lui a0, 349525
x10 <- 0x55555000


mem[X,0x8000C500] -> 0x0513
mem[X,0x8000C502] -> 0x5555
[1339] [M]: 0x8000C500 (0x55550513) addi a0, a0, 1365
x10 <- 0x55555555


mem[X,0x8000C504] -> 0x55B7
mem[X,0x8000C506] -> 0x5555
[1340] [M]: 0x8000C504 (0x555555B7) lui a1, 349525
x11 <- 0x55555000


mem[X,0x8000C508] -> 0x8593
mem[X,0x8000C50A] -> 0x5565
[1341] [M]: 0x8000C508 (0x55658593) addi a1, a1, 1366
x11 <- 0x55555556


mem[X,0x8000C50C] -> 0x0613
mem[X,0x8000C50E] -> 0x0000
[1342] [M]: 0x8000C50C (0x00000613) addi a2, zero, 0
x12 <- 0x00000000


mem[X,0x8000C510] -> 0x006F
mem[X,0x8000C512] -> 0x0050
[1343] [M]: 0x8000C510 (0x0050006F) jal zero, 2052


mem[X,0x8000CD14] -> 0x50E3
mem[X,0x8000CD16] -> 0x80B5
[1344] [M]: 0x8000CD14 (0x80B550E3) bge a0, a1, 6144


mem[X,0x8000CD18] -> 0x0613
mem[X,0x8000CD1A] -> 0x0026
[1345] [M]: 0x8000CD18 (0x00260613) addi a2, a2, 2
x12 <- 0x00000002


mem[X,0x8000CD1C] -> 0x006F
mem[X,0x8000CD1E] -> 0x00C0
[1346] [M]: 0x8000CD1C (0x00C0006F) jal zero, 12


mem[X,0x8000CD28] -> 0x2223
mem[X,0x8000CD2A] -> 0x1EC2
[1347] [M]: 0x8000CD28 (0x1EC22223) sw a2, 484(tp)
mem[0x8003B34C] <- 0x00000002


mem[X,0x8000CD2C] -> 0x5537
mem[X,0x8000CD2E] -> 0x5555
[1348] [M]: 0x8000CD2C (0x55555537) lui a0, 349525
x10 <- 0x55555000


mem[X,0x8000CD30] -> 0x0513
mem[X,0x8000CD32] -> 0x5555
[1349] [M]: 0x8000CD30 (0x55550513) addi a0, a0, 1365
x10 <- 0x55555555


mem[X,0x8000CD34] -> 0xB5B7
mem[X,0x8000CD36] -> 0xAAAA
[1350] [M]: 0x8000CD34 (0xAAAAB5B7) lui a1, 699051
x11 <- 0xAAAAB000


mem[X,0x8000CD38] -> 0x8593
mem[X,0x8000CD3A] -> 0xAAB5
[1351] [M]: 0x8000CD38 (0xAAB58593) addi a1, a1, 2731
x11 <- 0xAAAAAAAB


mem[X,0x8000CD3C] -> 0x0613
mem[X,0x8000CD3E] -> 0x0000
[1352] [M]: 0x8000CD3C (0x00000613) addi a2, zero, 0
x12 <- 0x00000000


mem[X,0x8000CD40] -> 0x006F
mem[X,0x8000CD42] -> 0x0140
[1353] [M]: 0x8000CD40 (0x0140006F) jal zero, 20


mem[X,0x8000CD54] -> 0x58E3
mem[X,0x8000CD56] -> 0xFEB5
[1354] [M]: 0x8000CD54 (0xFEB558E3) bge a0, a1, 8176


mem[X,0x8000CD44] -> 0x0613
mem[X,0x8000CD46] -> 0x0016
[1355] [M]: 0x8000CD44 (0x00160613) addi a2, a2, 1
x12 <- 0x00000001


mem[X,0x8000CD48] -> 0x006F
mem[X,0x8000CD4A] -> 0x0200
[1356] [M]: 0x8000CD48 (0x0200006F) jal zero, 32


mem[X,0x8000CD68] -> 0x2423
mem[X,0x8000CD6A] -> 0x1EC2
[1357] [M]: 0x8000CD68 (0x1EC22423) sw a2, 488(tp)
mem[0x8003B350] <- 0x00000001


mem[X,0x8000CD6C] -> 0x5537
mem[X,0x8000CD6E] -> 0x5555
[1358] [M]: 0x8000CD6C (0x55555537) lui a0, 349525
x10 <- 0x55555000


mem[X,0x8000CD70] -> 0x0513
mem[X,0x8000CD72] -> 0x5555
[1359] [M]: 0x8000CD70 (0x55550513) addi a0, a0, 1365
x10 <- 0x55555555


mem[X,0x8000CD74] -> 0x0593
mem[X,0x8000CD76] -> 0x0060
[1360] [M]: 0x8000CD74 (0x00600593) addi a1, zero, 6
x11 <- 0x00000006


mem[X,0x8000CD78] -> 0x0613
mem[X,0x8000CD7A] -> 0x0000
[1361] [M]: 0x8000CD78 (0x00000613) addi a2, zero, 0
x12 <- 0x00000000


mem[X,0x8000CD7C] -> 0x006F
mem[X,0x8000CD7E] -> 0x00C0
[1362] [M]: 0x8000CD7C (0x00C0006F) jal zero, 12


mem[X,0x8000CD88] -> 0x5063
mem[X,0x8000CD8A] -> 0x02B5
[1363] [M]: 0x8000CD88 (0x02B55063) bge a0, a1, 32


mem[X,0x8000CDA8] -> 0x0613
mem[X,0x8000CDAA] -> 0x0036
[1364] [M]: 0x8000CDA8 (0x00360613) addi a2, a2, 3
x12 <- 0x00000003


mem[X,0x8000CDAC] -> 0x006F
mem[X,0x8000CDAE] -> 0x0040
[1365] [M]: 0x8000CDAC (0x0040006F) jal zero, 4


mem[X,0x8000CDB0] -> 0x2623
mem[X,0x8000CDB2] -> 0x1EC2
[1366] [M]: 0x8000CDB0 (0x1EC22623) sw a2, 492(tp)
mem[0x8003B354] <- 0x00000003


mem[X,0x8000CDB4] -> 0x5537
mem[X,0x8000CDB6] -> 0x5555
[1367] [M]: 0x8000CDB4 (0x55555537) lui a0, 349525
x10 <- 0x55555000


mem[X,0x8000CDB8] -> 0x0513
mem[X,0x8000CDBA] -> 0x5555
[1368] [M]: 0x8000CDB8 (0x55550513) addi a0, a0, 1365
x10 <- 0x55555555


mem[X,0x8000CDBC] -> 0x35B7
mem[X,0x8000CDBE] -> 0x3333
[1369] [M]: 0x8000CDBC (0x333335B7) lui a1, 209715
x11 <- 0x33333000


mem[X,0x8000CDC0] -> 0x8593
mem[X,0x8000CDC2] -> 0x3345
[1370] [M]: 0x8000CDC0 (0x33458593) addi a1, a1, 820
x11 <- 0x33333334


mem[X,0x8000CDC4] -> 0x0613
mem[X,0x8000CDC6] -> 0x0000
[1371] [M]: 0x8000CDC4 (0x00000613) addi a2, zero, 0
x12 <- 0x00000000


mem[X,0x8000CDC8] -> 0x006F
mem[X,0x8000CDCA] -> 0x0180
[1372] [M]: 0x8000CDC8 (0x0180006F) jal zero, 24


mem[X,0x8000CDE0] -> 0x56E3
mem[X,0x8000CDE2] -> 0xFEB5
[1373] [M]: 0x8000CDE0 (0xFEB556E3) bge a0, a1, 8172


mem[X,0x8000CDCC] -> 0x0613
mem[X,0x8000CDCE] -> 0x0016
[1374] [M]: 0x8000CDCC (0x00160613) addi a2, a2, 1
x12 <- 0x00000001


mem[X,0x8000CDD0] -> 0x006F
mem[X,0x8000CDD2] -> 0x0240
[1375] [M]: 0x8000CDD0 (0x0240006F) jal zero, 36


mem[X,0x8000CDF4] -> 0x2823
mem[X,0x8000CDF6] -> 0x1EC2
[1376] [M]: 0x8000CDF4 (0x1EC22823) sw a2, 496(tp)
mem[0x8003B358] <- 0x00000001


mem[X,0x8000CDF8] -> 0x5537
mem[X,0x8000CDFA] -> 0x5555
[1377] [M]: 0x8000CDF8 (0x55555537) lui a0, 349525
x10 <- 0x55555000


mem[X,0x8000CDFC] -> 0x0513
mem[X,0x8000CDFE] -> 0x5555
[1378] [M]: 0x8000CDFC (0x55550513) addi a0, a0, 1365
x10 <- 0x55555555


mem[X,0x8000CE00] -> 0x65B7
mem[X,0x8000CE02] -> 0x6666
[1379] [M]: 0x8000CE00 (0x666665B7) lui a1, 419430
x11 <- 0x66666000


mem[X,0x8000CE04] -> 0x8593
mem[X,0x8000CE06] -> 0x6675
[1380] [M]: 0x8000CE04 (0x66758593) addi a1, a1, 1639
x11 <- 0x66666667


mem[X,0x8000CE08] -> 0x0613
mem[X,0x8000CE0A] -> 0x0000
[1381] [M]: 0x8000CE08 (0x00000613) addi a2, zero, 0
x12 <- 0x00000000


mem[X,0x8000CE0C] -> 0x006F
mem[X,0x8000CE0E] -> 0x0140
[1382] [M]: 0x8000CE0C (0x0140006F) jal zero, 20


mem[X,0x8000CE20] -> 0x58E3
mem[X,0x8000CE22] -> 0xFEB5
[1383] [M]: 0x8000CE20 (0xFEB558E3) bge a0, a1, 8176


mem[X,0x8000CE24] -> 0x0613
mem[X,0x8000CE26] -> 0x0026
[1384] [M]: 0x8000CE24 (0x00260613) addi a2, a2, 2
x12 <- 0x00000002


mem[X,0x8000CE28] -> 0x006F
mem[X,0x8000CE2A] -> 0x00C0
[1385] [M]: 0x8000CE28 (0x00C0006F) jal zero, 12


mem[X,0x8000CE34] -> 0x2A23
mem[X,0x8000CE36] -> 0x1EC2
[1386] [M]: 0x8000CE34 (0x1EC22A23) sw a2, 500(tp)
mem[0x8003B35C] <- 0x00000002


mem[X,0x8000CE38] -> 0x5537
mem[X,0x8000CE3A] -> 0x5555
[1387] [M]: 0x8000CE38 (0x55555537) lui a0, 349525
x10 <- 0x55555000


mem[X,0x8000CE3C] -> 0x0513
mem[X,0x8000CE3E] -> 0x5555
[1388] [M]: 0x8000CE3C (0x55550513) addi a0, a0, 1365
x10 <- 0x55555555


mem[X,0x8000CE40] -> 0x55B7
mem[X,0x8000CE42] -> 0xFFFF
[1389] [M]: 0x8000CE40 (0xFFFF55B7) lui a1, 1048565
x11 <- 0xFFFF5000


mem[X,0x8000CE44] -> 0x8593
mem[X,0x8000CE46] -> 0xAFD5
[1390] [M]: 0x8000CE44 (0xAFD58593) addi a1, a1, 2813
x11 <- 0xFFFF4AFD


mem[X,0x8000CE48] -> 0x0613
mem[X,0x8000CE4A] -> 0x0000
[1391] [M]: 0x8000CE48 (0x00000613) addi a2, zero, 0
x12 <- 0x00000000


mem[X,0x8000CE4C] -> 0x006F
mem[X,0x8000CE4E] -> 0x2B10
[1392] [M]: 0x8000CE4C (0x2B10006F) jal zero, 2736


mem[X,0x8000D8FC] -> 0x5A63
mem[X,0x8000D8FE] -> 0xD4B5
[1393] [M]: 0x8000D8FC (0xD4B55A63) bge a0, a1, 5460


mem[X,0x8000CE50] -> 0x0613
mem[X,0x8000CE52] -> 0x0016
[1394] [M]: 0x8000CE50 (0x00160613) addi a2, a2, 1
x12 <- 0x00000001


mem[X,0x8000CE54] -> 0x006F
mem[X,0x8000CE56] -> 0x2BD0
[1395] [M]: 0x8000CE54 (0x2BD0006F) jal zero, 2748


mem[X,0x8000D910] -> 0x2C23
mem[X,0x8000D912] -> 0x1EC2
[1396] [M]: 0x8000D910 (0x1EC22C23) sw a2, 504(tp)
mem[0x8003B360] <- 0x00000001


mem[X,0x8000D914] -> 0x5537
mem[X,0x8000D916] -> 0x5555
[1397] [M]: 0x8000D914 (0x55555537) lui a0, 349525
x10 <- 0x55555000


mem[X,0x8000D918] -> 0x0513
mem[X,0x8000D91A] -> 0x5555
[1398] [M]: 0x8000D918 (0x55550513) addi a0, a0, 1365
x10 <- 0x55555555


mem[X,0x8000D91C] -> 0xB5B7
mem[X,0x8000D91E] -> 0x0000
[1399] [M]: 0x8000D91C (0x0000B5B7) lui a1, 11
x11 <- 0x0000B000


clint::tick mtime <- 0x000000000000000E
 clint timer pending at mtime 0x000000000000000E
htif::tick 0x0000000000000000
mem[X,0x8000D920] -> 0x8593
mem[X,0x8000D922] -> 0x5055
[1400] [M]: 0x8000D920 (0x50558593) addi a1, a1, 1285
x11 <- 0x0000B505


mem[X,0x8000D924] -> 0x0613
mem[X,0x8000D926] -> 0x0000
[1401] [M]: 0x8000D924 (0x00000613) addi a2, zero, 0
x12 <- 0x00000000


mem[X,0x8000D928] -> 0x006F
mem[X,0x8000D92A] -> 0x00C0
[1402] [M]: 0x8000D928 (0x00C0006F) jal zero, 12


mem[X,0x8000D934] -> 0x5063
mem[X,0x8000D936] -> 0x20B5
[1403] [M]: 0x8000D934 (0x20B55063) bge a0, a1, 512


mem[X,0x8000DB34] -> 0x0613
mem[X,0x8000DB36] -> 0x0036
[1404] [M]: 0x8000DB34 (0x00360613) addi a2, a2, 3
x12 <- 0x00000003


mem[X,0x8000DB38] -> 0x006F
mem[X,0x8000DB3A] -> 0x0040
[1405] [M]: 0x8000DB38 (0x0040006F) jal zero, 4


mem[X,0x8000DB3C] -> 0x2E23
mem[X,0x8000DB3E] -> 0x1EC2
[1406] [M]: 0x8000DB3C (0x1EC22E23) sw a2, 508(tp)
mem[0x8003B364] <- 0x00000003


mem[X,0x8000DB40] -> 0xB537
mem[X,0x8000DB42] -> 0xAAAA
[1407] [M]: 0x8000DB40 (0xAAAAB537) lui a0, 699051
x10 <- 0xAAAAB000


mem[X,0x8000DB44] -> 0x0513
mem[X,0x8000DB46] -> 0xAAA5
[1408] [M]: 0x8000DB44 (0xAAA50513) addi a0, a0, 2730
x10 <- 0xAAAAAAAA


mem[X,0x8000DB48] -> 0x0593
mem[X,0x8000DB4A] -> 0x0030
[1409] [M]: 0x8000DB48 (0x00300593) addi a1, zero, 3
x11 <- 0x00000003


mem[X,0x8000DB4C] -> 0x0613
mem[X,0x8000DB4E] -> 0x0000
[1410] [M]: 0x8000DB4C (0x00000613) addi a2, zero, 0
x12 <- 0x00000000


mem[X,0x8000DB50] -> 0x006F
mem[X,0x8000DB52] -> 0x00C0
[1411] [M]: 0x8000DB50 (0x00C0006F) jal zero, 12


mem[X,0x8000DB5C] -> 0x5CE3
mem[X,0x8000DB5E] -> 0xFEB5
[1412] [M]: 0x8000DB5C (0xFEB55CE3) bge a0, a1, 8184


mem[X,0x8000DB60] -> 0x0613
mem[X,0x8000DB62] -> 0x0026
[1413] [M]: 0x8000DB60 (0x00260613) addi a2, a2, 2
x12 <- 0x00000002


mem[X,0x8000DB64] -> 0x006F
mem[X,0x8000DB66] -> 0x00C0
[1414] [M]: 0x8000DB64 (0x00C0006F) jal zero, 12


mem[X,0x8000DB70] -> 0x2023
mem[X,0x8000DB72] -> 0x20C2
[1415] [M]: 0x8000DB70 (0x20C22023) sw a2, 512(tp)
mem[0x8003B368] <- 0x00000002


mem[X,0x8000DB74] -> 0xB537
mem[X,0x8000DB76] -> 0xAAAA
[1416] [M]: 0x8000DB74 (0xAAAAB537) lui a0, 699051
x10 <- 0xAAAAB000


mem[X,0x8000DB78] -> 0x0513
mem[X,0x8000DB7A] -> 0xAAA5
[1417] [M]: 0x8000DB78 (0xAAA50513) addi a0, a0, 2730
x10 <- 0xAAAAAAAA


mem[X,0x8000DB7C] -> 0x55B7
mem[X,0x8000DB7E] -> 0x5555
[1418] [M]: 0x8000DB7C (0x555555B7) lui a1, 349525
x11 <- 0x55555000


mem[X,0x8000DB80] -> 0x8593
mem[X,0x8000DB82] -> 0x5555
[1419] [M]: 0x8000DB80 (0x55558593) addi a1, a1, 1365
x11 <- 0x55555555


mem[X,0x8000DB84] -> 0x0613
mem[X,0x8000DB86] -> 0x0000
[1420] [M]: 0x8000DB84 (0x00000613) addi a2, zero, 0
x12 <- 0x00000000


mem[X,0x8000DB88] -> 0x006F
mem[X,0x8000DB8A] -> 0x00C0
[1421] [M]: 0x8000DB88 (0x00C0006F) jal zero, 12


mem[X,0x8000DB94] -> 0x5663
mem[X,0x8000DB96] -> 0x00B5
[1422] [M]: 0x8000DB94 (0x00B55663) bge a0, a1, 12


mem[X,0x8000DB98] -> 0x0613
mem[X,0x8000DB9A] -> 0x0026
[1423] [M]: 0x8000DB98 (0x00260613) addi a2, a2, 2
x12 <- 0x00000002


mem[X,0x8000DB9C] -> 0x006F
mem[X,0x8000DB9E] -> 0x00C0
[1424] [M]: 0x8000DB9C (0x00C0006F) jal zero, 12


mem[X,0x8000DBA8] -> 0x2223
mem[X,0x8000DBAA] -> 0x20C2
[1425] [M]: 0x8000DBA8 (0x20C22223) sw a2, 516(tp)
mem[0x8003B36C] <- 0x00000002


mem[X,0x8000DBAC] -> 0xB537
mem[X,0x8000DBAE] -> 0xAAAA
[1426] [M]: 0x8000DBAC (0xAAAAB537) lui a0, 699051
x10 <- 0xAAAAB000


mem[X,0x8000DBB0] -> 0x0513
mem[X,0x8000DBB2] -> 0xAAA5
[1427] [M]: 0x8000DBB0 (0xAAA50513) addi a0, a0, 2730
x10 <- 0xAAAAAAAA


mem[X,0x8000DBB4] -> 0xB5B7
mem[X,0x8000DBB6] -> 0xAAAA
[1428] [M]: 0x8000DBB4 (0xAAAAB5B7) lui a1, 699051
x11 <- 0xAAAAB000


mem[X,0x8000DBB8] -> 0x8593
mem[X,0x8000DBBA] -> 0xAAA5
[1429] [M]: 0x8000DBB8 (0xAAA58593) addi a1, a1, 2730
x11 <- 0xAAAAAAAA


mem[X,0x8000DBBC] -> 0x0613
mem[X,0x8000DBBE] -> 0x0000
[1430] [M]: 0x8000DBBC (0x00000613) addi a2, zero, 0
x12 <- 0x00000000


mem[X,0x8000DBC0] -> 0x006F
mem[X,0x8000DBC2] -> 0x00C0
[1431] [M]: 0x8000DBC0 (0x00C0006F) jal zero, 12


mem[X,0x8000DBCC] -> 0x5063
mem[X,0x8000DBCE] -> 0x20B5
[1432] [M]: 0x8000DBCC (0x20B55063) bge a0, a1, 512


mem[X,0x8000DDCC] -> 0x0613
mem[X,0x8000DDCE] -> 0x0036
[1433] [M]: 0x8000DDCC (0x00360613) addi a2, a2, 3
x12 <- 0x00000003


mem[X,0x8000DDD0] -> 0x006F
mem[X,0x8000DDD2] -> 0x0040
[1434] [M]: 0x8000DDD0 (0x0040006F) jal zero, 4


mem[X,0x8000DDD4] -> 0x2423
mem[X,0x8000DDD6] -> 0x20C2
[1435] [M]: 0x8000DDD4 (0x20C22423) sw a2, 520(tp)
mem[0x8003B370] <- 0x00000003


mem[X,0x8000DDD8] -> 0xB537
mem[X,0x8000DDDA] -> 0xAAAA
[1436] [M]: 0x8000DDD8 (0xAAAAB537) lui a0, 699051
x10 <- 0xAAAAB000


mem[X,0x8000DDDC] -> 0x0513
mem[X,0x8000DDDE] -> 0xAAA5
[1437] [M]: 0x8000DDDC (0xAAA50513) addi a0, a0, 2730
x10 <- 0xAAAAAAAA


mem[X,0x8000DDE0] -> 0x0593
mem[X,0x8000DDE2] -> 0x0050
[1438] [M]: 0x8000DDE0 (0x00500593) addi a1, zero, 5
x11 <- 0x00000005


mem[X,0x8000DDE4] -> 0x0613
mem[X,0x8000DDE6] -> 0x0000
[1439] [M]: 0x8000DDE4 (0x00000613) addi a2, zero, 0
x12 <- 0x00000000


mem[X,0x8000DDE8] -> 0x006F
mem[X,0x8000DDEA] -> 0x00C0
[1440] [M]: 0x8000DDE8 (0x00C0006F) jal zero, 12


mem[X,0x8000DDF4] -> 0x5063
mem[X,0x8000DDF6] -> 0x10B5
[1441] [M]: 0x8000DDF4 (0x10B55063) bge a0, a1, 256


mem[X,0x8000DDF8] -> 0x0613
mem[X,0x8000DDFA] -> 0x0026
[1442] [M]: 0x8000DDF8 (0x00260613) addi a2, a2, 2
x12 <- 0x00000002


mem[X,0x8000DDFC] -> 0x006F
mem[X,0x8000DDFE] -> 0x1000
[1443] [M]: 0x8000DDFC (0x1000006F) jal zero, 256


mem[X,0x8000DEFC] -> 0x2623
mem[X,0x8000DEFE] -> 0x20C2
[1444] [M]: 0x8000DEFC (0x20C22623) sw a2, 524(tp)
mem[0x8003B374] <- 0x00000002


mem[X,0x8000DF00] -> 0xB537
mem[X,0x8000DF02] -> 0xAAAA
[1445] [M]: 0x8000DF00 (0xAAAAB537) lui a0, 699051
x10 <- 0xAAAAB000


mem[X,0x8000DF04] -> 0x0513
mem[X,0x8000DF06] -> 0xAAA5
[1446] [M]: 0x8000DF04 (0xAAA50513) addi a0, a0, 2730
x10 <- 0xAAAAAAAA


mem[X,0x8000DF08] -> 0x35B7
mem[X,0x8000DF0A] -> 0x3333
[1447] [M]: 0x8000DF08 (0x333335B7) lui a1, 209715
x11 <- 0x33333000


mem[X,0x8000DF0C] -> 0x8593
mem[X,0x8000DF0E] -> 0x3335
[1448] [M]: 0x8000DF0C (0x33358593) addi a1, a1, 819
x11 <- 0x33333333


mem[X,0x8000DF10] -> 0x0613
mem[X,0x8000DF12] -> 0x0000
[1449] [M]: 0x8000DF10 (0x00000613) addi a2, zero, 0
x12 <- 0x00000000


mem[X,0x8000DF14] -> 0x006F
mem[X,0x8000DF16] -> 0x0140
[1450] [M]: 0x8000DF14 (0x0140006F) jal zero, 20


mem[X,0x8000DF28] -> 0x58E3
mem[X,0x8000DF2A] -> 0xFEB5
[1451] [M]: 0x8000DF28 (0xFEB558E3) bge a0, a1, 8176


mem[X,0x8000DF2C] -> 0x0613
mem[X,0x8000DF2E] -> 0x0026
[1452] [M]: 0x8000DF2C (0x00260613) addi a2, a2, 2
x12 <- 0x00000002


mem[X,0x8000DF30] -> 0x006F
mem[X,0x8000DF32] -> 0x00C0
[1453] [M]: 0x8000DF30 (0x00C0006F) jal zero, 12


mem[X,0x8000DF3C] -> 0x2823
mem[X,0x8000DF3E] -> 0x20C2
[1454] [M]: 0x8000DF3C (0x20C22823) sw a2, 528(tp)
mem[0x8003B378] <- 0x00000002


mem[X,0x8000DF40] -> 0xB537
mem[X,0x8000DF42] -> 0xAAAA
[1455] [M]: 0x8000DF40 (0xAAAAB537) lui a0, 699051
x10 <- 0xAAAAB000


mem[X,0x8000DF44] -> 0x0513
mem[X,0x8000DF46] -> 0xAAA5
[1456] [M]: 0x8000DF44 (0xAAA50513) addi a0, a0, 2730
x10 <- 0xAAAAAAAA


mem[X,0x8000DF48] -> 0x65B7
mem[X,0x8000DF4A] -> 0x6666
[1457] [M]: 0x8000DF48 (0x666665B7) lui a1, 419430
x11 <- 0x66666000


mem[X,0x8000DF4C] -> 0x8593
mem[X,0x8000DF4E] -> 0x6665
[1458] [M]: 0x8000DF4C (0x66658593) addi a1, a1, 1638
x11 <- 0x66666666


mem[X,0x8000DF50] -> 0x0613
mem[X,0x8000DF52] -> 0x0000
[1459] [M]: 0x8000DF50 (0x00000613) addi a2, zero, 0
x12 <- 0x00000000


mem[X,0x8000DF54] -> 0x006F
mem[X,0x8000DF56] -> 0x00C0
[1460] [M]: 0x8000DF54 (0x00C0006F) jal zero, 12


mem[X,0x8000DF60] -> 0x5063
mem[X,0x8000DF62] -> 0x02B5
[1461] [M]: 0x8000DF60 (0x02B55063) bge a0, a1, 32


mem[X,0x8000DF64] -> 0x0613
mem[X,0x8000DF66] -> 0x0026
[1462] [M]: 0x8000DF64 (0x00260613) addi a2, a2, 2
x12 <- 0x00000002


mem[X,0x8000DF68] -> 0x006F
mem[X,0x8000DF6A] -> 0x0200
[1463] [M]: 0x8000DF68 (0x0200006F) jal zero, 32


mem[X,0x8000DF88] -> 0x2A23
mem[X,0x8000DF8A] -> 0x20C2
[1464] [M]: 0x8000DF88 (0x20C22A23) sw a2, 532(tp)
mem[0x8003B37C] <- 0x00000002


mem[X,0x8000DF8C] -> 0xB537
mem[X,0x8000DF8E] -> 0xAAAA
[1465] [M]: 0x8000DF8C (0xAAAAB537) lui a0, 699051
x10 <- 0xAAAAB000


mem[X,0x8000DF90] -> 0x0513
mem[X,0x8000DF92] -> 0xAAA5
[1466] [M]: 0x8000DF90 (0xAAA50513) addi a0, a0, 2730
x10 <- 0xAAAAAAAA


mem[X,0x8000DF94] -> 0x55B7
mem[X,0x8000DF96] -> 0xFFFF
[1467] [M]: 0x8000DF94 (0xFFFF55B7) lui a1, 1048565
x11 <- 0xFFFF5000


mem[X,0x8000DF98] -> 0x8593
mem[X,0x8000DF9A] -> 0xAFC5
[1468] [M]: 0x8000DF98 (0xAFC58593) addi a1, a1, 2812
x11 <- 0xFFFF4AFC


mem[X,0x8000DF9C] -> 0x0613
mem[X,0x8000DF9E] -> 0x0000
[1469] [M]: 0x8000DF9C (0x00000613) addi a2, zero, 0
x12 <- 0x00000000


mem[X,0x8000DFA0] -> 0x006F
mem[X,0x8000DFA2] -> 0x0180
[1470] [M]: 0x8000DFA0 (0x0180006F) jal zero, 24


mem[X,0x8000DFB8] -> 0x56E3
mem[X,0x8000DFBA] -> 0xFEB5
[1471] [M]: 0x8000DFB8 (0xFEB556E3) bge a0, a1, 8172


mem[X,0x8000DFBC] -> 0x0613
mem[X,0x8000DFBE] -> 0x0026
[1472] [M]: 0x8000DFBC (0x00260613) addi a2, a2, 2
x12 <- 0x00000002


mem[X,0x8000DFC0] -> 0x006F
mem[X,0x8000DFC2] -> 0x00C0
[1473] [M]: 0x8000DFC0 (0x00C0006F) jal zero, 12


mem[X,0x8000DFCC] -> 0x2C23
mem[X,0x8000DFCE] -> 0x20C2
[1474] [M]: 0x8000DFCC (0x20C22C23) sw a2, 536(tp)
mem[0x8003B380] <- 0x00000002


mem[X,0x8000DFD0] -> 0xB537
mem[X,0x8000DFD2] -> 0xAAAA
[1475] [M]: 0x8000DFD0 (0xAAAAB537) lui a0, 699051
x10 <- 0xAAAAB000


mem[X,0x8000DFD4] -> 0x0513
mem[X,0x8000DFD6] -> 0xAAA5
[1476] [M]: 0x8000DFD4 (0xAAA50513) addi a0, a0, 2730
x10 <- 0xAAAAAAAA


mem[X,0x8000DFD8] -> 0xB5B7
mem[X,0x8000DFDA] -> 0x0000
[1477] [M]: 0x8000DFD8 (0x0000B5B7) lui a1, 11
x11 <- 0x0000B000


mem[X,0x8000DFDC] -> 0x8593
mem[X,0x8000DFDE] -> 0x5045
[1478] [M]: 0x8000DFDC (0x50458593) addi a1, a1, 1284
x11 <- 0x0000B504


mem[X,0x8000DFE0] -> 0x0613
mem[X,0x8000DFE2] -> 0x0000
[1479] [M]: 0x8000DFE0 (0x00000613) addi a2, zero, 0
x12 <- 0x00000000


mem[X,0x8000DFE4] -> 0x006F
mem[X,0x8000DFE6] -> 0x00C0
[1480] [M]: 0x8000DFE4 (0x00C0006F) jal zero, 12


mem[X,0x8000DFF0] -> 0x5CE3
mem[X,0x8000DFF2] -> 0xFEB5
[1481] [M]: 0x8000DFF0 (0xFEB55CE3) bge a0, a1, 8184


mem[X,0x8000DFF4] -> 0x0613
mem[X,0x8000DFF6] -> 0x0026
[1482] [M]: 0x8000DFF4 (0x00260613) addi a2, a2, 2
x12 <- 0x00000002


mem[X,0x8000DFF8] -> 0x006F
mem[X,0x8000DFFA] -> 0x00C0
[1483] [M]: 0x8000DFF8 (0x00C0006F) jal zero, 12


mem[X,0x8000E004] -> 0x2E23
mem[X,0x8000E006] -> 0x20C2
[1484] [M]: 0x8000E004 (0x20C22E23) sw a2, 540(tp)
mem[0x8003B384] <- 0x00000002


mem[X,0x8000E008] -> 0xB537
mem[X,0x8000E00A] -> 0xAAAA
[1485] [M]: 0x8000E008 (0xAAAAB537) lui a0, 699051
x10 <- 0xAAAAB000


mem[X,0x8000E00C] -> 0x0513
mem[X,0x8000E00E] -> 0xAAA5
[1486] [M]: 0x8000E00C (0xAAA50513) addi a0, a0, 2730
x10 <- 0xAAAAAAAA


mem[X,0x8000E010] -> 0x0593
mem[X,0x8000E012] -> 0x0020
[1487] [M]: 0x8000E010 (0x00200593) addi a1, zero, 2
x11 <- 0x00000002


mem[X,0x8000E014] -> 0x0613
mem[X,0x8000E016] -> 0x0000
[1488] [M]: 0x8000E014 (0x00000613) addi a2, zero, 0
x12 <- 0x00000000


mem[X,0x8000E018] -> 0x006F
mem[X,0x8000E01A] -> 0x00C0
[1489] [M]: 0x8000E018 (0x00C0006F) jal zero, 12


mem[X,0x8000E024] -> 0x5063
mem[X,0x8000E026] -> 0x10B5
[1490] [M]: 0x8000E024 (0x10B55063) bge a0, a1, 256


mem[X,0x8000E028] -> 0x0613
mem[X,0x8000E02A] -> 0x0026
[1491] [M]: 0x8000E028 (0x00260613) addi a2, a2, 2
x12 <- 0x00000002


mem[X,0x8000E02C] -> 0x006F
mem[X,0x8000E02E] -> 0x1000
[1492] [M]: 0x8000E02C (0x1000006F) jal zero, 256


mem[X,0x8000E12C] -> 0x2023
mem[X,0x8000E12E] -> 0x22C2
[1493] [M]: 0x8000E12C (0x22C22023) sw a2, 544(tp)
mem[0x8003B388] <- 0x00000002


mem[X,0x8000E130] -> 0xB537
mem[X,0x8000E132] -> 0xAAAA
[1494] [M]: 0x8000E130 (0xAAAAB537) lui a0, 699051
x10 <- 0xAAAAB000


mem[X,0x8000E134] -> 0x0513
mem[X,0x8000E136] -> 0xAAA5
[1495] [M]: 0x8000E134 (0xAAA50513) addi a0, a0, 2730
x10 <- 0xAAAAAAAA


mem[X,0x8000E138] -> 0x55B7
mem[X,0x8000E13A] -> 0x5555
[1496] [M]: 0x8000E138 (0x555555B7) lui a1, 349525
x11 <- 0x55555000


mem[X,0x8000E13C] -> 0x8593
mem[X,0x8000E13E] -> 0x5545
[1497] [M]: 0x8000E13C (0x55458593) addi a1, a1, 1364
x11 <- 0x55555554


mem[X,0x8000E140] -> 0x0613
mem[X,0x8000E142] -> 0x0000
[1498] [M]: 0x8000E140 (0x00000613) addi a2, zero, 0
x12 <- 0x00000000


mem[X,0x8000E144] -> 0x006F
mem[X,0x8000E146] -> 0x0180
[1499] [M]: 0x8000E144 (0x0180006F) jal zero, 24


clint::tick mtime <- 0x000000000000000F
 clint timer pending at mtime 0x000000000000000F
htif::tick 0x0000000000000000
mem[X,0x8000E15C] -> 0x56E3
mem[X,0x8000E15E] -> 0xFEB5
[1500] [M]: 0x8000E15C (0xFEB556E3) bge a0, a1, 8172


mem[X,0x8000E160] -> 0x0613
mem[X,0x8000E162] -> 0x0026
[1501] [M]: 0x8000E160 (0x00260613) addi a2, a2, 2
x12 <- 0x00000002


mem[X,0x8000E164] -> 0x006F
mem[X,0x8000E166] -> 0x00C0
[1502] [M]: 0x8000E164 (0x00C0006F) jal zero, 12


mem[X,0x8000E170] -> 0x2223
mem[X,0x8000E172] -> 0x22C2
[1503] [M]: 0x8000E170 (0x22C22223) sw a2, 548(tp)
mem[0x8003B38C] <- 0x00000002


mem[X,0x8000E174] -> 0xB537
mem[X,0x8000E176] -> 0xAAAA
[1504] [M]: 0x8000E174 (0xAAAAB537) lui a0, 699051
x10 <- 0xAAAAB000


mem[X,0x8000E178] -> 0x0513
mem[X,0x8000E17A] -> 0xAAA5
[1505] [M]: 0x8000E178 (0xAAA50513) addi a0, a0, 2730
x10 <- 0xAAAAAAAA


mem[X,0x8000E17C] -> 0x0593
mem[X,0x8000E17E] -> 0x0000
[1506] [M]: 0x8000E17C (0x00000593) addi a1, zero, 0
x11 <- 0x00000000


mem[X,0x8000E180] -> 0x0613
mem[X,0x8000E182] -> 0x0000
[1507] [M]: 0x8000E180 (0x00000613) addi a2, zero, 0
x12 <- 0x00000000


mem[X,0x8000E184] -> 0x006F
mem[X,0x8000E186] -> 0x00C0
[1508] [M]: 0x8000E184 (0x00C0006F) jal zero, 12


mem[X,0x8000E190] -> 0x5CE3
mem[X,0x8000E192] -> 0xFEB5
[1509] [M]: 0x8000E190 (0xFEB55CE3) bge a0, a1, 8184


mem[X,0x8000E194] -> 0x0613
mem[X,0x8000E196] -> 0x0026
[1510] [M]: 0x8000E194 (0x00260613) addi a2, a2, 2
x12 <- 0x00000002


mem[X,0x8000E198] -> 0x006F
mem[X,0x8000E19A] -> 0x00C0
[1511] [M]: 0x8000E198 (0x00C0006F) jal zero, 12


mem[X,0x8000E1A4] -> 0x2423
mem[X,0x8000E1A6] -> 0x22C2
[1512] [M]: 0x8000E1A4 (0x22C22423) sw a2, 552(tp)
mem[0x8003B390] <- 0x00000002


mem[X,0x8000E1A8] -> 0xB537
mem[X,0x8000E1AA] -> 0xAAAA
[1513] [M]: 0x8000E1A8 (0xAAAAB537) lui a0, 699051
x10 <- 0xAAAAB000


mem[X,0x8000E1AC] -> 0x0513
mem[X,0x8000E1AE] -> 0xAAA5
[1514] [M]: 0x8000E1AC (0xAAA50513) addi a0, a0, 2730
x10 <- 0xAAAAAAAA


mem[X,0x8000E1B0] -> 0x0593
mem[X,0x8000E1B2] -> 0x0040
[1515] [M]: 0x8000E1B0 (0x00400593) addi a1, zero, 4
x11 <- 0x00000004


mem[X,0x8000E1B4] -> 0x0613
mem[X,0x8000E1B6] -> 0x0000
[1516] [M]: 0x8000E1B4 (0x00000613) addi a2, zero, 0
x12 <- 0x00000000


mem[X,0x8000E1B8] -> 0x006F
mem[X,0x8000E1BA] -> 0x00C0
[1517] [M]: 0x8000E1B8 (0x00C0006F) jal zero, 12


mem[X,0x8000E1C4] -> 0x5063
mem[X,0x8000E1C6] -> 0x02B5
[1518] [M]: 0x8000E1C4 (0x02B55063) bge a0, a1, 32


mem[X,0x8000E1C8] -> 0x0613
mem[X,0x8000E1CA] -> 0x0026
[1519] [M]: 0x8000E1C8 (0x00260613) addi a2, a2, 2
x12 <- 0x00000002


mem[X,0x8000E1CC] -> 0x006F
mem[X,0x8000E1CE] -> 0x0200
[1520] [M]: 0x8000E1CC (0x0200006F) jal zero, 32


mem[X,0x8000E1EC] -> 0x2623
mem[X,0x8000E1EE] -> 0x22C2
[1521] [M]: 0x8000E1EC (0x22C22623) sw a2, 556(tp)
mem[0x8003B394] <- 0x00000002


mem[X,0x8000E1F0] -> 0xB537
mem[X,0x8000E1F2] -> 0xAAAA
[1522] [M]: 0x8000E1F0 (0xAAAAB537) lui a0, 699051
x10 <- 0xAAAAB000


mem[X,0x8000E1F4] -> 0x0513
mem[X,0x8000E1F6] -> 0xAAA5
[1523] [M]: 0x8000E1F4 (0xAAA50513) addi a0, a0, 2730
x10 <- 0xAAAAAAAA


mem[X,0x8000E1F8] -> 0x35B7
mem[X,0x8000E1FA] -> 0x3333
[1524] [M]: 0x8000E1F8 (0x333335B7) lui a1, 209715
x11 <- 0x33333000


mem[X,0x8000E1FC] -> 0x8593
mem[X,0x8000E1FE] -> 0x3325
[1525] [M]: 0x8000E1FC (0x33258593) addi a1, a1, 818
x11 <- 0x33333332


mem[X,0x8000E200] -> 0x0613
mem[X,0x8000E202] -> 0x0000
[1526] [M]: 0x8000E200 (0x00000613) addi a2, zero, 0
x12 <- 0x00000000


mem[X,0x8000E204] -> 0x006F
mem[X,0x8000E206] -> 0x00C0
[1527] [M]: 0x8000E204 (0x00C0006F) jal zero, 12


mem[X,0x8000E210] -> 0x5063
mem[X,0x8000E212] -> 0x08B5
[1528] [M]: 0x8000E210 (0x08B55063) bge a0, a1, 128


mem[X,0x8000E214] -> 0x0613
mem[X,0x8000E216] -> 0x0026
[1529] [M]: 0x8000E214 (0x00260613) addi a2, a2, 2
x12 <- 0x00000002


mem[X,0x8000E218] -> 0x006F
mem[X,0x8000E21A] -> 0x0800
[1530] [M]: 0x8000E218 (0x0800006F) jal zero, 128


mem[X,0x8000E298] -> 0x2823
mem[X,0x8000E29A] -> 0x22C2
[1531] [M]: 0x8000E298 (0x22C22823) sw a2, 560(tp)
mem[0x8003B398] <- 0x00000002


mem[X,0x8000E29C] -> 0xB537
mem[X,0x8000E29E] -> 0xAAAA
[1532] [M]: 0x8000E29C (0xAAAAB537) lui a0, 699051
x10 <- 0xAAAAB000


mem[X,0x8000E2A0] -> 0x0513
mem[X,0x8000E2A2] -> 0xAAA5
[1533] [M]: 0x8000E2A0 (0xAAA50513) addi a0, a0, 2730
x10 <- 0xAAAAAAAA


mem[X,0x8000E2A4] -> 0x65B7
mem[X,0x8000E2A6] -> 0x6666
[1534] [M]: 0x8000E2A4 (0x666665B7) lui a1, 419430
x11 <- 0x66666000


mem[X,0x8000E2A8] -> 0x8593
mem[X,0x8000E2AA] -> 0x6655
[1535] [M]: 0x8000E2A8 (0x66558593) addi a1, a1, 1637
x11 <- 0x66666665


mem[X,0x8000E2AC] -> 0x0613
mem[X,0x8000E2AE] -> 0x0000
[1536] [M]: 0x8000E2AC (0x00000613) addi a2, zero, 0
x12 <- 0x00000000


mem[X,0x8000E2B0] -> 0x006F
mem[X,0x8000E2B2] -> 0x00C0
[1537] [M]: 0x8000E2B0 (0x00C0006F) jal zero, 12


mem[X,0x8000E2BC] -> 0x5663
mem[X,0x8000E2BE] -> 0x00B5
[1538] [M]: 0x8000E2BC (0x00B55663) bge a0, a1, 12


mem[X,0x8000E2C0] -> 0x0613
mem[X,0x8000E2C2] -> 0x0026
[1539] [M]: 0x8000E2C0 (0x00260613) addi a2, a2, 2
x12 <- 0x00000002


mem[X,0x8000E2C4] -> 0x006F
mem[X,0x8000E2C6] -> 0x00C0
[1540] [M]: 0x8000E2C4 (0x00C0006F) jal zero, 12


mem[X,0x8000E2D0] -> 0x2A23
mem[X,0x8000E2D2] -> 0x22C2
[1541] [M]: 0x8000E2D0 (0x22C22A23) sw a2, 564(tp)
mem[0x8003B39C] <- 0x00000002


mem[X,0x8000E2D4] -> 0xB537
mem[X,0x8000E2D6] -> 0xAAAA
[1542] [M]: 0x8000E2D4 (0xAAAAB537) lui a0, 699051
x10 <- 0xAAAAB000


mem[X,0x8000E2D8] -> 0x0513
mem[X,0x8000E2DA] -> 0xAAA5
[1543] [M]: 0x8000E2D8 (0xAAA50513) addi a0, a0, 2730
x10 <- 0xAAAAAAAA


mem[X,0x8000E2DC] -> 0xB5B7
mem[X,0x8000E2DE] -> 0x0000
[1544] [M]: 0x8000E2DC (0x0000B5B7) lui a1, 11
x11 <- 0x0000B000


mem[X,0x8000E2E0] -> 0x8593
mem[X,0x8000E2E2] -> 0x5035
[1545] [M]: 0x8000E2E0 (0x50358593) addi a1, a1, 1283
x11 <- 0x0000B503


mem[X,0x8000E2E4] -> 0x0613
mem[X,0x8000E2E6] -> 0x0000
[1546] [M]: 0x8000E2E4 (0x00000613) addi a2, zero, 0
x12 <- 0x00000000


mem[X,0x8000E2E8] -> 0x006F
mem[X,0x8000E2EA] -> 0x00C0
[1547] [M]: 0x8000E2E8 (0x00C0006F) jal zero, 12


mem[X,0x8000E2F4] -> 0x5663
mem[X,0x8000E2F6] -> 0x00B5
[1548] [M]: 0x8000E2F4 (0x00B55663) bge a0, a1, 12


mem[X,0x8000E2F8] -> 0x0613
mem[X,0x8000E2FA] -> 0x0026
[1549] [M]: 0x8000E2F8 (0x00260613) addi a2, a2, 2
x12 <- 0x00000002


mem[X,0x8000E2FC] -> 0x006F
mem[X,0x8000E2FE] -> 0x00C0
[1550] [M]: 0x8000E2FC (0x00C0006F) jal zero, 12


mem[X,0x8000E308] -> 0x2C23
mem[X,0x8000E30A] -> 0x22C2
[1551] [M]: 0x8000E308 (0x22C22C23) sw a2, 568(tp)
mem[0x8003B3A0] <- 0x00000002


mem[X,0x8000E30C] -> 0xB537
mem[X,0x8000E30E] -> 0xAAAA
[1552] [M]: 0x8000E30C (0xAAAAB537) lui a0, 699051
x10 <- 0xAAAAB000


mem[X,0x8000E310] -> 0x0513
mem[X,0x8000E312] -> 0xAAA5
[1553] [M]: 0x8000E310 (0xAAA50513) addi a0, a0, 2730
x10 <- 0xAAAAAAAA


mem[X,0x8000E314] -> 0x55B7
mem[X,0x8000E316] -> 0x5555
[1554] [M]: 0x8000E314 (0x555555B7) lui a1, 349525
x11 <- 0x55555000


mem[X,0x8000E318] -> 0x8593
mem[X,0x8000E31A] -> 0x5565
[1555] [M]: 0x8000E318 (0x55658593) addi a1, a1, 1366
x11 <- 0x55555556


mem[X,0x8000E31C] -> 0x0613
mem[X,0x8000E31E] -> 0x0000
[1556] [M]: 0x8000E31C (0x00000613) addi a2, zero, 0
x12 <- 0x00000000


mem[X,0x8000E320] -> 0x006F
mem[X,0x8000E322] -> 0x00C0
[1557] [M]: 0x8000E320 (0x00C0006F) jal zero, 12


mem[X,0x8000E32C] -> 0x5663
mem[X,0x8000E32E] -> 0x00B5
[1558] [M]: 0x8000E32C (0x00B55663) bge a0, a1, 12


mem[X,0x8000E330] -> 0x0613
mem[X,0x8000E332] -> 0x0026
[1559] [M]: 0x8000E330 (0x00260613) addi a2, a2, 2
x12 <- 0x00000002


mem[X,0x8000E334] -> 0x006F
mem[X,0x8000E336] -> 0x00C0
[1560] [M]: 0x8000E334 (0x00C0006F) jal zero, 12


mem[X,0x8000E340] -> 0x2E23
mem[X,0x8000E342] -> 0x22C2
[1561] [M]: 0x8000E340 (0x22C22E23) sw a2, 572(tp)
mem[0x8003B3A4] <- 0x00000002


mem[X,0x8000E344] -> 0xB537
mem[X,0x8000E346] -> 0xAAAA
[1562] [M]: 0x8000E344 (0xAAAAB537) lui a0, 699051
x10 <- 0xAAAAB000


mem[X,0x8000E348] -> 0x0513
mem[X,0x8000E34A] -> 0xAAA5
[1563] [M]: 0x8000E348 (0xAAA50513) addi a0, a0, 2730
x10 <- 0xAAAAAAAA


mem[X,0x8000E34C] -> 0xB5B7
mem[X,0x8000E34E] -> 0xAAAA
[1564] [M]: 0x8000E34C (0xAAAAB5B7) lui a1, 699051
x11 <- 0xAAAAB000


mem[X,0x8000E350] -> 0x8593
mem[X,0x8000E352] -> 0xAAB5
[1565] [M]: 0x8000E350 (0xAAB58593) addi a1, a1, 2731
x11 <- 0xAAAAAAAB


mem[X,0x8000E354] -> 0x0613
mem[X,0x8000E356] -> 0x0000
[1566] [M]: 0x8000E354 (0x00000613) addi a2, zero, 0
x12 <- 0x00000000


mem[X,0x8000E358] -> 0x006F
mem[X,0x8000E35A] -> 0x00C0
[1567] [M]: 0x8000E358 (0x00C0006F) jal zero, 12


mem[X,0x8000E364] -> 0x5063
mem[X,0x8000E366] -> 0x04B5
[1568] [M]: 0x8000E364 (0x04B55063) bge a0, a1, 64


mem[X,0x8000E368] -> 0x0613
mem[X,0x8000E36A] -> 0x0026
[1569] [M]: 0x8000E368 (0x00260613) addi a2, a2, 2
x12 <- 0x00000002


mem[X,0x8000E36C] -> 0x006F
mem[X,0x8000E36E] -> 0x0400
[1570] [M]: 0x8000E36C (0x0400006F) jal zero, 64


mem[X,0x8000E3AC] -> 0x2023
mem[X,0x8000E3AE] -> 0x24C2
[1571] [M]: 0x8000E3AC (0x24C22023) sw a2, 576(tp)
mem[0x8003B3A8] <- 0x00000002


mem[X,0x8000E3B0] -> 0xB537
mem[X,0x8000E3B2] -> 0xAAAA
[1572] [M]: 0x8000E3B0 (0xAAAAB537) lui a0, 699051
x10 <- 0xAAAAB000


mem[X,0x8000E3B4] -> 0x0513
mem[X,0x8000E3B6] -> 0xAAA5
[1573] [M]: 0x8000E3B4 (0xAAA50513) addi a0, a0, 2730
x10 <- 0xAAAAAAAA


mem[X,0x8000E3B8] -> 0x0593
mem[X,0x8000E3BA] -> 0x0060
[1574] [M]: 0x8000E3B8 (0x00600593) addi a1, zero, 6
x11 <- 0x00000006


mem[X,0x8000E3BC] -> 0x0613
mem[X,0x8000E3BE] -> 0x0000
[1575] [M]: 0x8000E3BC (0x00000613) addi a2, zero, 0
x12 <- 0x00000000


mem[X,0x8000E3C0] -> 0x006F
mem[X,0x8000E3C2] -> 0x00C0
[1576] [M]: 0x8000E3C0 (0x00C0006F) jal zero, 12


mem[X,0x8000E3CC] -> 0x5663
mem[X,0x8000E3CE] -> 0x00B5
[1577] [M]: 0x8000E3CC (0x00B55663) bge a0, a1, 12


mem[X,0x8000E3D0] -> 0x0613
mem[X,0x8000E3D2] -> 0x0026
[1578] [M]: 0x8000E3D0 (0x00260613) addi a2, a2, 2
x12 <- 0x00000002


mem[X,0x8000E3D4] -> 0x006F
mem[X,0x8000E3D6] -> 0x00C0
[1579] [M]: 0x8000E3D4 (0x00C0006F) jal zero, 12


mem[X,0x8000E3E0] -> 0x2223
mem[X,0x8000E3E2] -> 0x24C2
[1580] [M]: 0x8000E3E0 (0x24C22223) sw a2, 580(tp)
mem[0x8003B3AC] <- 0x00000002


mem[X,0x8000E3E4] -> 0xB537
mem[X,0x8000E3E6] -> 0xAAAA
[1581] [M]: 0x8000E3E4 (0xAAAAB537) lui a0, 699051
x10 <- 0xAAAAB000


mem[X,0x8000E3E8] -> 0x0513
mem[X,0x8000E3EA] -> 0xAAA5
[1582] [M]: 0x8000E3E8 (0xAAA50513) addi a0, a0, 2730
x10 <- 0xAAAAAAAA


mem[X,0x8000E3EC] -> 0x35B7
mem[X,0x8000E3EE] -> 0x3333
[1583] [M]: 0x8000E3EC (0x333335B7) lui a1, 209715
x11 <- 0x33333000


mem[X,0x8000E3F0] -> 0x8593
mem[X,0x8000E3F2] -> 0x3345
[1584] [M]: 0x8000E3F0 (0x33458593) addi a1, a1, 820
x11 <- 0x33333334


mem[X,0x8000E3F4] -> 0x0613
mem[X,0x8000E3F6] -> 0x0000
[1585] [M]: 0x8000E3F4 (0x00000613) addi a2, zero, 0
x12 <- 0x00000000


mem[X,0x8000E3F8] -> 0x006F
mem[X,0x8000E3FA] -> 0x00C0
[1586] [M]: 0x8000E3F8 (0x00C0006F) jal zero, 12


mem[X,0x8000E404] -> 0x5063
mem[X,0x8000E406] -> 0x04B5
[1587] [M]: 0x8000E404 (0x04B55063) bge a0, a1, 64


mem[X,0x8000E408] -> 0x0613
mem[X,0x8000E40A] -> 0x0026
[1588] [M]: 0x8000E408 (0x00260613) addi a2, a2, 2
x12 <- 0x00000002


mem[X,0x8000E40C] -> 0x006F
mem[X,0x8000E40E] -> 0x0400
[1589] [M]: 0x8000E40C (0x0400006F) jal zero, 64


mem[X,0x8000E44C] -> 0x2423
mem[X,0x8000E44E] -> 0x24C2
[1590] [M]: 0x8000E44C (0x24C22423) sw a2, 584(tp)
mem[0x8003B3B0] <- 0x00000002


mem[X,0x8000E450] -> 0xB537
mem[X,0x8000E452] -> 0xAAAA
[1591] [M]: 0x8000E450 (0xAAAAB537) lui a0, 699051
x10 <- 0xAAAAB000


mem[X,0x8000E454] -> 0x0513
mem[X,0x8000E456] -> 0xAAA5
[1592] [M]: 0x8000E454 (0xAAA50513) addi a0, a0, 2730
x10 <- 0xAAAAAAAA


mem[X,0x8000E458] -> 0x65B7
mem[X,0x8000E45A] -> 0x6666
[1593] [M]: 0x8000E458 (0x666665B7) lui a1, 419430
x11 <- 0x66666000


mem[X,0x8000E45C] -> 0x8593
mem[X,0x8000E45E] -> 0x6675
[1594] [M]: 0x8000E45C (0x66758593) addi a1, a1, 1639
x11 <- 0x66666667


mem[X,0x8000E460] -> 0x0613
mem[X,0x8000E462] -> 0x0000
[1595] [M]: 0x8000E460 (0x00000613) addi a2, zero, 0
x12 <- 0x00000000


mem[X,0x8000E464] -> 0x006F
mem[X,0x8000E466] -> 0x0100
[1596] [M]: 0x8000E464 (0x0100006F) jal zero, 16


mem[X,0x8000E474] -> 0x5AE3
mem[X,0x8000E476] -> 0xFEB5
[1597] [M]: 0x8000E474 (0xFEB55AE3) bge a0, a1, 8180


mem[X,0x8000E478] -> 0x0613
mem[X,0x8000E47A] -> 0x0026
[1598] [M]: 0x8000E478 (0x00260613) addi a2, a2, 2
x12 <- 0x00000002


mem[X,0x8000E47C] -> 0x006F
mem[X,0x8000E47E] -> 0x00C0
[1599] [M]: 0x8000E47C (0x00C0006F) jal zero, 12


clint::tick mtime <- 0x0000000000000010
 clint timer pending at mtime 0x0000000000000010
htif::tick 0x0000000000000000
mem[X,0x8000E488] -> 0x2623
mem[X,0x8000E48A] -> 0x24C2
[1600] [M]: 0x8000E488 (0x24C22623) sw a2, 588(tp)
mem[0x8003B3B4] <- 0x00000002


mem[X,0x8000E48C] -> 0xB537
mem[X,0x8000E48E] -> 0xAAAA
[1601] [M]: 0x8000E48C (0xAAAAB537) lui a0, 699051
x10 <- 0xAAAAB000


mem[X,0x8000E490] -> 0x0513
mem[X,0x8000E492] -> 0xAAA5
[1602] [M]: 0x8000E490 (0xAAA50513) addi a0, a0, 2730
x10 <- 0xAAAAAAAA


mem[X,0x8000E494] -> 0x55B7
mem[X,0x8000E496] -> 0xFFFF
[1603] [M]: 0x8000E494 (0xFFFF55B7) lui a1, 1048565
x11 <- 0xFFFF5000


mem[X,0x8000E498] -> 0x8593
mem[X,0x8000E49A] -> 0xAFD5
[1604] [M]: 0x8000E498 (0xAFD58593) addi a1, a1, 2813
x11 <- 0xFFFF4AFD


mem[X,0x8000E49C] -> 0x0613
mem[X,0x8000E49E] -> 0x0000
[1605] [M]: 0x8000E49C (0x00000613) addi a2, zero, 0
x12 <- 0x00000000


mem[X,0x8000E4A0] -> 0x006F
mem[X,0x8000E4A2] -> 0x00C0
[1606] [M]: 0x8000E4A0 (0x00C0006F) jal zero, 12


mem[X,0x8000E4AC] -> 0x5063
mem[X,0x8000E4AE] -> 0x40B5
[1607] [M]: 0x8000E4AC (0x40B55063) bge a0, a1, 1024


mem[X,0x8000E4B0] -> 0x0613
mem[X,0x8000E4B2] -> 0x0026
[1608] [M]: 0x8000E4B0 (0x00260613) addi a2, a2, 2
x12 <- 0x00000002


mem[X,0x8000E4B4] -> 0x006F
mem[X,0x8000E4B6] -> 0x4000
[1609] [M]: 0x8000E4B4 (0x4000006F) jal zero, 1024


mem[X,0x8000E8B4] -> 0x2823
mem[X,0x8000E8B6] -> 0x24C2
[1610] [M]: 0x8000E8B4 (0x24C22823) sw a2, 592(tp)
mem[0x8003B3B8] <- 0x00000002


mem[X,0x8000E8B8] -> 0xB537
mem[X,0x8000E8BA] -> 0xAAAA
[1611] [M]: 0x8000E8B8 (0xAAAAB537) lui a0, 699051
x10 <- 0xAAAAB000


mem[X,0x8000E8BC] -> 0x0513
mem[X,0x8000E8BE] -> 0xAAA5
[1612] [M]: 0x8000E8BC (0xAAA50513) addi a0, a0, 2730
x10 <- 0xAAAAAAAA


mem[X,0x8000E8C0] -> 0xB5B7
mem[X,0x8000E8C2] -> 0x0000
[1613] [M]: 0x8000E8C0 (0x0000B5B7) lui a1, 11
x11 <- 0x0000B000


mem[X,0x8000E8C4] -> 0x8593
mem[X,0x8000E8C6] -> 0x5055
[1614] [M]: 0x8000E8C4 (0x50558593) addi a1, a1, 1285
x11 <- 0x0000B505


mem[X,0x8000E8C8] -> 0x0613
mem[X,0x8000E8CA] -> 0x0000
[1615] [M]: 0x8000E8C8 (0x00000613) addi a2, zero, 0
x12 <- 0x00000000


mem[X,0x8000E8CC] -> 0x006F
mem[X,0x8000E8CE] -> 0x00C0
[1616] [M]: 0x8000E8CC (0x00C0006F) jal zero, 12


mem[X,0x8000E8D8] -> 0x5063
mem[X,0x8000E8DA] -> 0x04B5
[1617] [M]: 0x8000E8D8 (0x04B55063) bge a0, a1, 64


mem[X,0x8000E8DC] -> 0x0613
mem[X,0x8000E8DE] -> 0x0026
[1618] [M]: 0x8000E8DC (0x00260613) addi a2, a2, 2
x12 <- 0x00000002


mem[X,0x8000E8E0] -> 0x006F
mem[X,0x8000E8E2] -> 0x0400
[1619] [M]: 0x8000E8E0 (0x0400006F) jal zero, 64


mem[X,0x8000E920] -> 0x2A23
mem[X,0x8000E922] -> 0x24C2
[1620] [M]: 0x8000E920 (0x24C22A23) sw a2, 596(tp)
mem[0x8003B3BC] <- 0x00000002


mem[X,0x8000E924] -> 0x0513
mem[X,0x8000E926] -> 0x0050
[1621] [M]: 0x8000E924 (0x00500513) addi a0, zero, 5
x10 <- 0x00000005


mem[X,0x8000E928] -> 0x0593
mem[X,0x8000E92A] -> 0x0030
[1622] [M]: 0x8000E928 (0x00300593) addi a1, zero, 3
x11 <- 0x00000003


mem[X,0x8000E92C] -> 0x0613
mem[X,0x8000E92E] -> 0x0000
[1623] [M]: 0x8000E92C (0x00000613) addi a2, zero, 0
x12 <- 0x00000000


mem[X,0x8000E930] -> 0x006F
mem[X,0x8000E932] -> 0x0180
[1624] [M]: 0x8000E930 (0x0180006F) jal zero, 24


mem[X,0x8000E948] -> 0x56E3
mem[X,0x8000E94A] -> 0xFEB5
[1625] [M]: 0x8000E948 (0xFEB556E3) bge a0, a1, 8172


mem[X,0x8000E934] -> 0x0613
mem[X,0x8000E936] -> 0x0016
[1626] [M]: 0x8000E934 (0x00160613) addi a2, a2, 1
x12 <- 0x00000001


mem[X,0x8000E938] -> 0x006F
mem[X,0x8000E93A] -> 0x0240
[1627] [M]: 0x8000E938 (0x0240006F) jal zero, 36


mem[X,0x8000E95C] -> 0x2C23
mem[X,0x8000E95E] -> 0x24C2
[1628] [M]: 0x8000E95C (0x24C22C23) sw a2, 600(tp)
mem[0x8003B3C0] <- 0x00000001


mem[X,0x8000E960] -> 0x0513
mem[X,0x8000E962] -> 0x0050
[1629] [M]: 0x8000E960 (0x00500513) addi a0, zero, 5
x10 <- 0x00000005


mem[X,0x8000E964] -> 0x55B7
mem[X,0x8000E966] -> 0x5555
[1630] [M]: 0x8000E964 (0x555555B7) lui a1, 349525
x11 <- 0x55555000


mem[X,0x8000E968] -> 0x8593
mem[X,0x8000E96A] -> 0x5555
[1631] [M]: 0x8000E968 (0x55558593) addi a1, a1, 1365
x11 <- 0x55555555


mem[X,0x8000E96C] -> 0x0613
mem[X,0x8000E96E] -> 0x0000
[1632] [M]: 0x8000E96C (0x00000613) addi a2, zero, 0
x12 <- 0x00000000


mem[X,0x8000E970] -> 0x006F
mem[X,0x8000E972] -> 0x00C0
[1633] [M]: 0x8000E970 (0x00C0006F) jal zero, 12


mem[X,0x8000E97C] -> 0x5CE3
mem[X,0x8000E97E] -> 0xFEB5
[1634] [M]: 0x8000E97C (0xFEB55CE3) bge a0, a1, 8184


mem[X,0x8000E980] -> 0x0613
mem[X,0x8000E982] -> 0x0026
[1635] [M]: 0x8000E980 (0x00260613) addi a2, a2, 2
x12 <- 0x00000002


mem[X,0x8000E984] -> 0x006F
mem[X,0x8000E986] -> 0x00C0
[1636] [M]: 0x8000E984 (0x00C0006F) jal zero, 12


mem[X,0x8000E990] -> 0x2E23
mem[X,0x8000E992] -> 0x24C2
[1637] [M]: 0x8000E990 (0x24C22E23) sw a2, 604(tp)
mem[0x8003B3C4] <- 0x00000002


mem[X,0x8000E994] -> 0x0513
mem[X,0x8000E996] -> 0x0050
[1638] [M]: 0x8000E994 (0x00500513) addi a0, zero, 5
x10 <- 0x00000005


mem[X,0x8000E998] -> 0xB5B7
mem[X,0x8000E99A] -> 0xAAAA
[1639] [M]: 0x8000E998 (0xAAAAB5B7) lui a1, 699051
x11 <- 0xAAAAB000


mem[X,0x8000E99C] -> 0x8593
mem[X,0x8000E99E] -> 0xAAA5
[1640] [M]: 0x8000E99C (0xAAA58593) addi a1, a1, 2730
x11 <- 0xAAAAAAAA


mem[X,0x8000E9A0] -> 0x0613
mem[X,0x8000E9A2] -> 0x0000
[1641] [M]: 0x8000E9A0 (0x00000613) addi a2, zero, 0
x12 <- 0x00000000


mem[X,0x8000E9A4] -> 0x006F
mem[X,0x8000E9A6] -> 0x0050
[1642] [M]: 0x8000E9A4 (0x0050006F) jal zero, 2052


mem[X,0x8000F1A8] -> 0x50E3
mem[X,0x8000F1AA] -> 0x80B5
[1643] [M]: 0x8000F1A8 (0x80B550E3) bge a0, a1, 6144


mem[X,0x8000E9A8] -> 0x0613
mem[X,0x8000E9AA] -> 0x0016
[1644] [M]: 0x8000E9A8 (0x00160613) addi a2, a2, 1
x12 <- 0x00000001


mem[X,0x8000E9AC] -> 0x006F
mem[X,0x8000E9AE] -> 0x0110
[1645] [M]: 0x8000E9AC (0x0110006F) jal zero, 2064


mem[X,0x8000F1BC] -> 0x2023
mem[X,0x8000F1BE] -> 0x26C2
[1646] [M]: 0x8000F1BC (0x26C22023) sw a2, 608(tp)
mem[0x8003B3C8] <- 0x00000001


mem[X,0x8000F1C0] -> 0x0513
mem[X,0x8000F1C2] -> 0x0050
[1647] [M]: 0x8000F1C0 (0x00500513) addi a0, zero, 5
x10 <- 0x00000005


mem[X,0x8000F1C4] -> 0x0593
mem[X,0x8000F1C6] -> 0x0050
[1648] [M]: 0x8000F1C4 (0x00500593) addi a1, zero, 5
x11 <- 0x00000005


mem[X,0x8000F1C8] -> 0x0613
mem[X,0x8000F1CA] -> 0x0000
[1649] [M]: 0x8000F1C8 (0x00000613) addi a2, zero, 0
x12 <- 0x00000000


mem[X,0x8000F1CC] -> 0x006F
mem[X,0x8000F1CE] -> 0x00C0
[1650] [M]: 0x8000F1CC (0x00C0006F) jal zero, 12


mem[X,0x8000F1D8] -> 0x5CE3
mem[X,0x8000F1DA] -> 0xFEB5
[1651] [M]: 0x8000F1D8 (0xFEB55CE3) bge a0, a1, 8184


mem[X,0x8000F1D0] -> 0x0613
mem[X,0x8000F1D2] -> 0x0016
[1652] [M]: 0x8000F1D0 (0x00160613) addi a2, a2, 1
x12 <- 0x00000001


mem[X,0x8000F1D4] -> 0x006F
mem[X,0x8000F1D6] -> 0x0180
[1653] [M]: 0x8000F1D4 (0x0180006F) jal zero, 24


mem[X,0x8000F1EC] -> 0x2223
mem[X,0x8000F1EE] -> 0x26C2
[1654] [M]: 0x8000F1EC (0x26C22223) sw a2, 612(tp)
mem[0x8003B3CC] <- 0x00000001


mem[X,0x8000F1F0] -> 0x0513
mem[X,0x8000F1F2] -> 0x0050
[1655] [M]: 0x8000F1F0 (0x00500513) addi a0, zero, 5
x10 <- 0x00000005


mem[X,0x8000F1F4] -> 0x35B7
mem[X,0x8000F1F6] -> 0x3333
[1656] [M]: 0x8000F1F4 (0x333335B7) lui a1, 209715
x11 <- 0x33333000


mem[X,0x8000F1F8] -> 0x8593
mem[X,0x8000F1FA] -> 0x3335
[1657] [M]: 0x8000F1F8 (0x33358593) addi a1, a1, 819
x11 <- 0x33333333


mem[X,0x8000F1FC] -> 0x0613
mem[X,0x8000F1FE] -> 0x0000
[1658] [M]: 0x8000F1FC (0x00000613) addi a2, zero, 0
x12 <- 0x00000000


mem[X,0x8000F200] -> 0x006F
mem[X,0x8000F202] -> 0x00C0
[1659] [M]: 0x8000F200 (0x00C0006F) jal zero, 12


mem[X,0x8000F20C] -> 0x5063
mem[X,0x8000F20E] -> 0x08B5
[1660] [M]: 0x8000F20C (0x08B55063) bge a0, a1, 128


mem[X,0x8000F210] -> 0x0613
mem[X,0x8000F212] -> 0x0026
[1661] [M]: 0x8000F210 (0x00260613) addi a2, a2, 2
x12 <- 0x00000002


mem[X,0x8000F214] -> 0x006F
mem[X,0x8000F216] -> 0x0800
[1662] [M]: 0x8000F214 (0x0800006F) jal zero, 128


mem[X,0x8000F294] -> 0x2423
mem[X,0x8000F296] -> 0x26C2
[1663] [M]: 0x8000F294 (0x26C22423) sw a2, 616(tp)
mem[0x8003B3D0] <- 0x00000002


mem[X,0x8000F298] -> 0x0513
mem[X,0x8000F29A] -> 0x0050
[1664] [M]: 0x8000F298 (0x00500513) addi a0, zero, 5
x10 <- 0x00000005


mem[X,0x8000F29C] -> 0x65B7
mem[X,0x8000F29E] -> 0x6666
[1665] [M]: 0x8000F29C (0x666665B7) lui a1, 419430
x11 <- 0x66666000


mem[X,0x8000F2A0] -> 0x8593
mem[X,0x8000F2A2] -> 0x6665
[1666] [M]: 0x8000F2A0 (0x66658593) addi a1, a1, 1638
x11 <- 0x66666666


mem[X,0x8000F2A4] -> 0x0613
mem[X,0x8000F2A6] -> 0x0000
[1667] [M]: 0x8000F2A4 (0x00000613) addi a2, zero, 0
x12 <- 0x00000000


mem[X,0x8000F2A8] -> 0x006F
mem[X,0x8000F2AA] -> 0x0050
[1668] [M]: 0x8000F2A8 (0x0050006F) jal zero, 2052


mem[X,0x8000FAAC] -> 0x50E3
mem[X,0x8000FAAE] -> 0x80B5
[1669] [M]: 0x8000FAAC (0x80B550E3) bge a0, a1, 6144


mem[X,0x8000FAB0] -> 0x0613
mem[X,0x8000FAB2] -> 0x0026
[1670] [M]: 0x8000FAB0 (0x00260613) addi a2, a2, 2
x12 <- 0x00000002


mem[X,0x8000FAB4] -> 0x006F
mem[X,0x8000FAB6] -> 0x00C0
[1671] [M]: 0x8000FAB4 (0x00C0006F) jal zero, 12


mem[X,0x8000FAC0] -> 0x2623
mem[X,0x8000FAC2] -> 0x26C2
[1672] [M]: 0x8000FAC0 (0x26C22623) sw a2, 620(tp)
mem[0x8003B3D4] <- 0x00000002


mem[X,0x8000FAC4] -> 0x0513
mem[X,0x8000FAC6] -> 0x0050
[1673] [M]: 0x8000FAC4 (0x00500513) addi a0, zero, 5
x10 <- 0x00000005


mem[X,0x8000FAC8] -> 0x55B7
mem[X,0x8000FACA] -> 0xFFFF
[1674] [M]: 0x8000FAC8 (0xFFFF55B7) lui a1, 1048565
x11 <- 0xFFFF5000


mem[X,0x8000FACC] -> 0x8593
mem[X,0x8000FACE] -> 0xAFC5
[1675] [M]: 0x8000FACC (0xAFC58593) addi a1, a1, 2812
x11 <- 0xFFFF4AFC


mem[X,0x8000FAD0] -> 0x0613
mem[X,0x8000FAD2] -> 0x0000
[1676] [M]: 0x8000FAD0 (0x00000613) addi a2, zero, 0
x12 <- 0x00000000


mem[X,0x8000FAD4] -> 0x006F
mem[X,0x8000FAD6] -> 0x00C0
[1677] [M]: 0x8000FAD4 (0x00C0006F) jal zero, 12


mem[X,0x8000FAE0] -> 0x5863
mem[X,0x8000FAE2] -> 0x00B5
[1678] [M]: 0x8000FAE0 (0x00B55863) bge a0, a1, 16


mem[X,0x8000FAF0] -> 0x0613
mem[X,0x8000FAF2] -> 0x0036
[1679] [M]: 0x8000FAF0 (0x00360613) addi a2, a2, 3
x12 <- 0x00000003


mem[X,0x8000FAF4] -> 0x006F
mem[X,0x8000FAF6] -> 0x0040
[1680] [M]: 0x8000FAF4 (0x0040006F) jal zero, 4


mem[X,0x8000FAF8] -> 0x2823
mem[X,0x8000FAFA] -> 0x26C2
[1681] [M]: 0x8000FAF8 (0x26C22823) sw a2, 624(tp)
mem[0x8003B3D8] <- 0x00000003


mem[X,0x8000FAFC] -> 0x0513
mem[X,0x8000FAFE] -> 0x0050
[1682] [M]: 0x8000FAFC (0x00500513) addi a0, zero, 5
x10 <- 0x00000005


mem[X,0x8000FB00] -> 0xB5B7
mem[X,0x8000FB02] -> 0x0000
[1683] [M]: 0x8000FB00 (0x0000B5B7) lui a1, 11
x11 <- 0x0000B000


mem[X,0x8000FB04] -> 0x8593
mem[X,0x8000FB06] -> 0x5045
[1684] [M]: 0x8000FB04 (0x50458593) addi a1, a1, 1284
x11 <- 0x0000B504


mem[X,0x8000FB08] -> 0x0613
mem[X,0x8000FB0A] -> 0x0000
[1685] [M]: 0x8000FB08 (0x00000613) addi a2, zero, 0
x12 <- 0x00000000


mem[X,0x8000FB0C] -> 0x006F
mem[X,0x8000FB0E] -> 0x0180
[1686] [M]: 0x8000FB0C (0x0180006F) jal zero, 24


mem[X,0x8000FB24] -> 0x56E3
mem[X,0x8000FB26] -> 0xFEB5
[1687] [M]: 0x8000FB24 (0xFEB556E3) bge a0, a1, 8172


mem[X,0x8000FB28] -> 0x0613
mem[X,0x8000FB2A] -> 0x0026
[1688] [M]: 0x8000FB28 (0x00260613) addi a2, a2, 2
x12 <- 0x00000002


mem[X,0x8000FB2C] -> 0x006F
mem[X,0x8000FB2E] -> 0x00C0
[1689] [M]: 0x8000FB2C (0x00C0006F) jal zero, 12


mem[X,0x8000FB38] -> 0x2A23
mem[X,0x8000FB3A] -> 0x26C2
[1690] [M]: 0x8000FB38 (0x26C22A23) sw a2, 628(tp)
mem[0x8003B3DC] <- 0x00000002


mem[X,0x8000FB3C] -> 0x0513
mem[X,0x8000FB3E] -> 0x0050
[1691] [M]: 0x8000FB3C (0x00500513) addi a0, zero, 5
x10 <- 0x00000005


mem[X,0x8000FB40] -> 0x0593
mem[X,0x8000FB42] -> 0x0020
[1692] [M]: 0x8000FB40 (0x00200593) addi a1, zero, 2
x11 <- 0x00000002


mem[X,0x8000FB44] -> 0x0613
mem[X,0x8000FB46] -> 0x0000
[1693] [M]: 0x8000FB44 (0x00000613) addi a2, zero, 0
x12 <- 0x00000000


mem[X,0x8000FB48] -> 0x006F
mem[X,0x8000FB4A] -> 0x00C0
[1694] [M]: 0x8000FB48 (0x00C0006F) jal zero, 12


mem[X,0x8000FB54] -> 0x5063
mem[X,0x8000FB56] -> 0x02B5
[1695] [M]: 0x8000FB54 (0x02B55063) bge a0, a1, 32


mem[X,0x8000FB74] -> 0x0613
mem[X,0x8000FB76] -> 0x0036
[1696] [M]: 0x8000FB74 (0x00360613) addi a2, a2, 3
x12 <- 0x00000003


mem[X,0x8000FB78] -> 0x006F
mem[X,0x8000FB7A] -> 0x0040
[1697] [M]: 0x8000FB78 (0x0040006F) jal zero, 4


mem[X,0x8000FB7C] -> 0x2C23
mem[X,0x8000FB7E] -> 0x26C2
[1698] [M]: 0x8000FB7C (0x26C22C23) sw a2, 632(tp)
mem[0x8003B3E0] <- 0x00000003


mem[X,0x8000FB80] -> 0x0513
mem[X,0x8000FB82] -> 0x0050
[1699] [M]: 0x8000FB80 (0x00500513) addi a0, zero, 5
x10 <- 0x00000005


clint::tick mtime <- 0x0000000000000011
 clint timer pending at mtime 0x0000000000000011
htif::tick 0x0000000000000000
mem[X,0x8000FB84] -> 0x55B7
mem[X,0x8000FB86] -> 0x5555
[1700] [M]: 0x8000FB84 (0x555555B7) lui a1, 349525
x11 <- 0x55555000


mem[X,0x8000FB88] -> 0x8593
mem[X,0x8000FB8A] -> 0x5545
[1701] [M]: 0x8000FB88 (0x55458593) addi a1, a1, 1364
x11 <- 0x55555554


mem[X,0x8000FB8C] -> 0x0613
mem[X,0x8000FB8E] -> 0x0000
[1702] [M]: 0x8000FB8C (0x00000613) addi a2, zero, 0
x12 <- 0x00000000


mem[X,0x8000FB90] -> 0x006F
mem[X,0x8000FB92] -> 0x00C0
[1703] [M]: 0x8000FB90 (0x00C0006F) jal zero, 12


mem[X,0x8000FB9C] -> 0x5663
mem[X,0x8000FB9E] -> 0x00B5
[1704] [M]: 0x8000FB9C (0x00B55663) bge a0, a1, 12


mem[X,0x8000FBA0] -> 0x0613
mem[X,0x8000FBA2] -> 0x0026
[1705] [M]: 0x8000FBA0 (0x00260613) addi a2, a2, 2
x12 <- 0x00000002


mem[X,0x8000FBA4] -> 0x006F
mem[X,0x8000FBA6] -> 0x00C0
[1706] [M]: 0x8000FBA4 (0x00C0006F) jal zero, 12


mem[X,0x8000FBB0] -> 0x2E23
mem[X,0x8000FBB2] -> 0x26C2
[1707] [M]: 0x8000FBB0 (0x26C22E23) sw a2, 636(tp)
mem[0x8003B3E4] <- 0x00000002


mem[X,0x8000FBB4] -> 0x0513
mem[X,0x8000FBB6] -> 0x0050
[1708] [M]: 0x8000FBB4 (0x00500513) addi a0, zero, 5
x10 <- 0x00000005


mem[X,0x8000FBB8] -> 0x0593
mem[X,0x8000FBBA] -> 0x0000
[1709] [M]: 0x8000FBB8 (0x00000593) addi a1, zero, 0
x11 <- 0x00000000


mem[X,0x8000FBBC] -> 0x0613
mem[X,0x8000FBBE] -> 0x0000
[1710] [M]: 0x8000FBBC (0x00000613) addi a2, zero, 0
x12 <- 0x00000000


mem[X,0x8000FBC0] -> 0x006F
mem[X,0x8000FBC2] -> 0x00C0
[1711] [M]: 0x8000FBC0 (0x00C0006F) jal zero, 12


mem[X,0x8000FBCC] -> 0x5663
mem[X,0x8000FBCE] -> 0x00B5
[1712] [M]: 0x8000FBCC (0x00B55663) bge a0, a1, 12


mem[X,0x8000FBD8] -> 0x0613
mem[X,0x8000FBDA] -> 0x0036
[1713] [M]: 0x8000FBD8 (0x00360613) addi a2, a2, 3
x12 <- 0x00000003


mem[X,0x8000FBDC] -> 0x006F
mem[X,0x8000FBDE] -> 0x0040
[1714] [M]: 0x8000FBDC (0x0040006F) jal zero, 4


mem[X,0x8000FBE0] -> 0x2023
mem[X,0x8000FBE2] -> 0x28C2
[1715] [M]: 0x8000FBE0 (0x28C22023) sw a2, 640(tp)
mem[0x8003B3E8] <- 0x00000003


mem[X,0x8000FBE4] -> 0x0513
mem[X,0x8000FBE6] -> 0x0050
[1716] [M]: 0x8000FBE4 (0x00500513) addi a0, zero, 5
x10 <- 0x00000005


mem[X,0x8000FBE8] -> 0x0593
mem[X,0x8000FBEA] -> 0x0040
[1717] [M]: 0x8000FBE8 (0x00400593) addi a1, zero, 4
x11 <- 0x00000004


mem[X,0x8000FBEC] -> 0x0613
mem[X,0x8000FBEE] -> 0x0000
[1718] [M]: 0x8000FBEC (0x00000613) addi a2, zero, 0
x12 <- 0x00000000


mem[X,0x8000FBF0] -> 0x006F
mem[X,0x8000FBF2] -> 0x00C0
[1719] [M]: 0x8000FBF0 (0x00C0006F) jal zero, 12


mem[X,0x8000FBFC] -> 0x5CE3
mem[X,0x8000FBFE] -> 0xFEB5
[1720] [M]: 0x8000FBFC (0xFEB55CE3) bge a0, a1, 8184


mem[X,0x8000FBF4] -> 0x0613
mem[X,0x8000FBF6] -> 0x0016
[1721] [M]: 0x8000FBF4 (0x00160613) addi a2, a2, 1
x12 <- 0x00000001


mem[X,0x8000FBF8] -> 0x006F
mem[X,0x8000FBFA] -> 0x0180
[1722] [M]: 0x8000FBF8 (0x0180006F) jal zero, 24


mem[X,0x8000FC10] -> 0x2223
mem[X,0x8000FC12] -> 0x28C2
[1723] [M]: 0x8000FC10 (0x28C22223) sw a2, 644(tp)
mem[0x8003B3EC] <- 0x00000001


mem[X,0x8000FC14] -> 0x0513
mem[X,0x8000FC16] -> 0x0050
[1724] [M]: 0x8000FC14 (0x00500513) addi a0, zero, 5
x10 <- 0x00000005


mem[X,0x8000FC18] -> 0x35B7
mem[X,0x8000FC1A] -> 0x3333
[1725] [M]: 0x8000FC18 (0x333335B7) lui a1, 209715
x11 <- 0x33333000


mem[X,0x8000FC1C] -> 0x8593
mem[X,0x8000FC1E] -> 0x3325
[1726] [M]: 0x8000FC1C (0x33258593) addi a1, a1, 818
x11 <- 0x33333332


mem[X,0x8000FC20] -> 0x0613
mem[X,0x8000FC22] -> 0x0000
[1727] [M]: 0x8000FC20 (0x00000613) addi a2, zero, 0
x12 <- 0x00000000


mem[X,0x8000FC24] -> 0x006F
mem[X,0x8000FC26] -> 0x00C0
[1728] [M]: 0x8000FC24 (0x00C0006F) jal zero, 12


mem[X,0x8000FC30] -> 0x5063
mem[X,0x8000FC32] -> 0x10B5
[1729] [M]: 0x8000FC30 (0x10B55063) bge a0, a1, 256


mem[X,0x8000FC34] -> 0x0613
mem[X,0x8000FC36] -> 0x0026
[1730] [M]: 0x8000FC34 (0x00260613) addi a2, a2, 2
x12 <- 0x00000002


mem[X,0x8000FC38] -> 0x006F
mem[X,0x8000FC3A] -> 0x1000
[1731] [M]: 0x8000FC38 (0x1000006F) jal zero, 256


mem[X,0x8000FD38] -> 0x2423
mem[X,0x8000FD3A] -> 0x28C2
[1732] [M]: 0x8000FD38 (0x28C22423) sw a2, 648(tp)
mem[0x8003B3F0] <- 0x00000002


mem[X,0x8000FD3C] -> 0x0513
mem[X,0x8000FD3E] -> 0x0050
[1733] [M]: 0x8000FD3C (0x00500513) addi a0, zero, 5
x10 <- 0x00000005


mem[X,0x8000FD40] -> 0x65B7
mem[X,0x8000FD42] -> 0x6666
[1734] [M]: 0x8000FD40 (0x666665B7) lui a1, 419430
x11 <- 0x66666000


mem[X,0x8000FD44] -> 0x8593
mem[X,0x8000FD46] -> 0x6655
[1735] [M]: 0x8000FD44 (0x66558593) addi a1, a1, 1637
x11 <- 0x66666665


mem[X,0x8000FD48] -> 0x0613
mem[X,0x8000FD4A] -> 0x0000
[1736] [M]: 0x8000FD48 (0x00000613) addi a2, zero, 0
x12 <- 0x00000000


mem[X,0x8000FD4C] -> 0x006F
mem[X,0x8000FD4E] -> 0x0180
[1737] [M]: 0x8000FD4C (0x0180006F) jal zero, 24


mem[X,0x8000FD64] -> 0x56E3
mem[X,0x8000FD66] -> 0xFEB5
[1738] [M]: 0x8000FD64 (0xFEB556E3) bge a0, a1, 8172


mem[X,0x8000FD68] -> 0x0613
mem[X,0x8000FD6A] -> 0x0026
[1739] [M]: 0x8000FD68 (0x00260613) addi a2, a2, 2
x12 <- 0x00000002


mem[X,0x8000FD6C] -> 0x006F
mem[X,0x8000FD6E] -> 0x00C0
[1740] [M]: 0x8000FD6C (0x00C0006F) jal zero, 12


mem[X,0x8000FD78] -> 0x2623
mem[X,0x8000FD7A] -> 0x28C2
[1741] [M]: 0x8000FD78 (0x28C22623) sw a2, 652(tp)
mem[0x8003B3F4] <- 0x00000002


mem[X,0x8000FD7C] -> 0x0513
mem[X,0x8000FD7E] -> 0x0050
[1742] [M]: 0x8000FD7C (0x00500513) addi a0, zero, 5
x10 <- 0x00000005


mem[X,0x8000FD80] -> 0xB5B7
mem[X,0x8000FD82] -> 0x0000
[1743] [M]: 0x8000FD80 (0x0000B5B7) lui a1, 11
x11 <- 0x0000B000


mem[X,0x8000FD84] -> 0x8593
mem[X,0x8000FD86] -> 0x5035
[1744] [M]: 0x8000FD84 (0x50358593) addi a1, a1, 1283
x11 <- 0x0000B503


mem[X,0x8000FD88] -> 0x0613
mem[X,0x8000FD8A] -> 0x0000
[1745] [M]: 0x8000FD88 (0x00000613) addi a2, zero, 0
x12 <- 0x00000000


mem[X,0x8000FD8C] -> 0x006F
mem[X,0x8000FD8E] -> 0x00C0
[1746] [M]: 0x8000FD8C (0x00C0006F) jal zero, 12


mem[X,0x8000FD98] -> 0x5063
mem[X,0x8000FD9A] -> 0x02B5
[1747] [M]: 0x8000FD98 (0x02B55063) bge a0, a1, 32


mem[X,0x8000FD9C] -> 0x0613
mem[X,0x8000FD9E] -> 0x0026
[1748] [M]: 0x8000FD9C (0x00260613) addi a2, a2, 2
x12 <- 0x00000002


mem[X,0x8000FDA0] -> 0x006F
mem[X,0x8000FDA2] -> 0x0200
[1749] [M]: 0x8000FDA0 (0x0200006F) jal zero, 32


mem[X,0x8000FDC0] -> 0x2823
mem[X,0x8000FDC2] -> 0x28C2
[1750] [M]: 0x8000FDC0 (0x28C22823) sw a2, 656(tp)
mem[0x8003B3F8] <- 0x00000002


mem[X,0x8000FDC4] -> 0x0513
mem[X,0x8000FDC6] -> 0x0050
[1751] [M]: 0x8000FDC4 (0x00500513) addi a0, zero, 5
x10 <- 0x00000005


mem[X,0x8000FDC8] -> 0x55B7
mem[X,0x8000FDCA] -> 0x5555
[1752] [M]: 0x8000FDC8 (0x555555B7) lui a1, 349525
x11 <- 0x55555000


mem[X,0x8000FDCC] -> 0x8593
mem[X,0x8000FDCE] -> 0x5565
[1753] [M]: 0x8000FDCC (0x55658593) addi a1, a1, 1366
x11 <- 0x55555556


mem[X,0x8000FDD0] -> 0x0613
mem[X,0x8000FDD2] -> 0x0000
[1754] [M]: 0x8000FDD0 (0x00000613) addi a2, zero, 0
x12 <- 0x00000000


mem[X,0x8000FDD4] -> 0x006F
mem[X,0x8000FDD6] -> 0x00C0
[1755] [M]: 0x8000FDD4 (0x00C0006F) jal zero, 12


mem[X,0x8000FDE0] -> 0x5063
mem[X,0x8000FDE2] -> 0x40B5
[1756] [M]: 0x8000FDE0 (0x40B55063) bge a0, a1, 1024


mem[X,0x8000FDE4] -> 0x0613
mem[X,0x8000FDE6] -> 0x0026
[1757] [M]: 0x8000FDE4 (0x00260613) addi a2, a2, 2
x12 <- 0x00000002


mem[X,0x8000FDE8] -> 0x006F
mem[X,0x8000FDEA] -> 0x4000
[1758] [M]: 0x8000FDE8 (0x4000006F) jal zero, 1024


mem[X,0x800101E8] -> 0x2A23
mem[X,0x800101EA] -> 0x28C2
[1759] [M]: 0x800101E8 (0x28C22A23) sw a2, 660(tp)
mem[0x8003B3FC] <- 0x00000002


mem[X,0x800101EC] -> 0x0513
mem[X,0x800101EE] -> 0x0050
[1760] [M]: 0x800101EC (0x00500513) addi a0, zero, 5
x10 <- 0x00000005


mem[X,0x800101F0] -> 0xB5B7
mem[X,0x800101F2] -> 0xAAAA
[1761] [M]: 0x800101F0 (0xAAAAB5B7) lui a1, 699051
x11 <- 0xAAAAB000


mem[X,0x800101F4] -> 0x8593
mem[X,0x800101F6] -> 0xAAB5
[1762] [M]: 0x800101F4 (0xAAB58593) addi a1, a1, 2731
x11 <- 0xAAAAAAAB


mem[X,0x800101F8] -> 0x0613
mem[X,0x800101FA] -> 0x0000
[1763] [M]: 0x800101F8 (0x00000613) addi a2, zero, 0
x12 <- 0x00000000


mem[X,0x800101FC] -> 0x006F
mem[X,0x800101FE] -> 0x0180
[1764] [M]: 0x800101FC (0x0180006F) jal zero, 24


mem[X,0x80010214] -> 0x56E3
mem[X,0x80010216] -> 0xFEB5
[1765] [M]: 0x80010214 (0xFEB556E3) bge a0, a1, 8172


mem[X,0x80010200] -> 0x0613
mem[X,0x80010202] -> 0x0016
[1766] [M]: 0x80010200 (0x00160613) addi a2, a2, 1
x12 <- 0x00000001


mem[X,0x80010204] -> 0x006F
mem[X,0x80010206] -> 0x0240
[1767] [M]: 0x80010204 (0x0240006F) jal zero, 36


mem[X,0x80010228] -> 0x2C23
mem[X,0x8001022A] -> 0x28C2
[1768] [M]: 0x80010228 (0x28C22C23) sw a2, 664(tp)
mem[0x8003B400] <- 0x00000001


mem[X,0x8001022C] -> 0x0513
mem[X,0x8001022E] -> 0x0050
[1769] [M]: 0x8001022C (0x00500513) addi a0, zero, 5
x10 <- 0x00000005


mem[X,0x80010230] -> 0x0593
mem[X,0x80010232] -> 0x0060
[1770] [M]: 0x80010230 (0x00600593) addi a1, zero, 6
x11 <- 0x00000006


mem[X,0x80010234] -> 0x0613
mem[X,0x80010236] -> 0x0000
[1771] [M]: 0x80010234 (0x00000613) addi a2, zero, 0
x12 <- 0x00000000


mem[X,0x80010238] -> 0x006F
mem[X,0x8001023A] -> 0x00C0
[1772] [M]: 0x80010238 (0x00C0006F) jal zero, 12


mem[X,0x80010244] -> 0x5CE3
mem[X,0x80010246] -> 0xFEB5
[1773] [M]: 0x80010244 (0xFEB55CE3) bge a0, a1, 8184


mem[X,0x80010248] -> 0x0613
mem[X,0x8001024A] -> 0x0026
[1774] [M]: 0x80010248 (0x00260613) addi a2, a2, 2
x12 <- 0x00000002


mem[X,0x8001024C] -> 0x006F
mem[X,0x8001024E] -> 0x00C0
[1775] [M]: 0x8001024C (0x00C0006F) jal zero, 12


mem[X,0x80010258] -> 0x2E23
mem[X,0x8001025A] -> 0x28C2
[1776] [M]: 0x80010258 (0x28C22E23) sw a2, 668(tp)
mem[0x8003B404] <- 0x00000002


mem[X,0x8001025C] -> 0x0513
mem[X,0x8001025E] -> 0x0050
[1777] [M]: 0x8001025C (0x00500513) addi a0, zero, 5
x10 <- 0x00000005


mem[X,0x80010260] -> 0x35B7
mem[X,0x80010262] -> 0x3333
[1778] [M]: 0x80010260 (0x333335B7) lui a1, 209715
x11 <- 0x33333000


mem[X,0x80010264] -> 0x8593
mem[X,0x80010266] -> 0x3345
[1779] [M]: 0x80010264 (0x33458593) addi a1, a1, 820
x11 <- 0x33333334


mem[X,0x80010268] -> 0x0613
mem[X,0x8001026A] -> 0x0000
[1780] [M]: 0x80010268 (0x00000613) addi a2, zero, 0
x12 <- 0x00000000


mem[X,0x8001026C] -> 0x006F
mem[X,0x8001026E] -> 0x00C0
[1781] [M]: 0x8001026C (0x00C0006F) jal zero, 12


mem[X,0x80010278] -> 0x5663
mem[X,0x8001027A] -> 0x00B5
[1782] [M]: 0x80010278 (0x00B55663) bge a0, a1, 12


mem[X,0x8001027C] -> 0x0613
mem[X,0x8001027E] -> 0x0026
[1783] [M]: 0x8001027C (0x00260613) addi a2, a2, 2
x12 <- 0x00000002


mem[X,0x80010280] -> 0x006F
mem[X,0x80010282] -> 0x00C0
[1784] [M]: 0x80010280 (0x00C0006F) jal zero, 12


mem[X,0x8001028C] -> 0x2023
mem[X,0x8001028E] -> 0x2AC2
[1785] [M]: 0x8001028C (0x2AC22023) sw a2, 672(tp)
mem[0x8003B408] <- 0x00000002


mem[X,0x80010290] -> 0x0513
mem[X,0x80010292] -> 0x0050
[1786] [M]: 0x80010290 (0x00500513) addi a0, zero, 5
x10 <- 0x00000005


mem[X,0x80010294] -> 0x65B7
mem[X,0x80010296] -> 0x6666
[1787] [M]: 0x80010294 (0x666665B7) lui a1, 419430
x11 <- 0x66666000


mem[X,0x80010298] -> 0x8593
mem[X,0x8001029A] -> 0x6675
[1788] [M]: 0x80010298 (0x66758593) addi a1, a1, 1639
x11 <- 0x66666667


mem[X,0x8001029C] -> 0x0613
mem[X,0x8001029E] -> 0x0000
[1789] [M]: 0x8001029C (0x00000613) addi a2, zero, 0
x12 <- 0x00000000


mem[X,0x800102A0] -> 0x006F
mem[X,0x800102A2] -> 0x00C0
[1790] [M]: 0x800102A0 (0x00C0006F) jal zero, 12


mem[X,0x800102AC] -> 0x5063
mem[X,0x800102AE] -> 0x08B5
[1791] [M]: 0x800102AC (0x08B55063) bge a0, a1, 128


mem[X,0x800102B0] -> 0x0613
mem[X,0x800102B2] -> 0x0026
[1792] [M]: 0x800102B0 (0x00260613) addi a2, a2, 2
x12 <- 0x00000002


mem[X,0x800102B4] -> 0x006F
mem[X,0x800102B6] -> 0x0800
[1793] [M]: 0x800102B4 (0x0800006F) jal zero, 128


mem[X,0x80010334] -> 0x2223
mem[X,0x80010336] -> 0x2AC2
[1794] [M]: 0x80010334 (0x2AC22223) sw a2, 676(tp)
mem[0x8003B40C] <- 0x00000002


mem[X,0x80010338] -> 0x0513
mem[X,0x8001033A] -> 0x0050
[1795] [M]: 0x80010338 (0x00500513) addi a0, zero, 5
x10 <- 0x00000005


mem[X,0x8001033C] -> 0x55B7
mem[X,0x8001033E] -> 0xFFFF
[1796] [M]: 0x8001033C (0xFFFF55B7) lui a1, 1048565
x11 <- 0xFFFF5000


mem[X,0x80010340] -> 0x8593
mem[X,0x80010342] -> 0xAFD5
[1797] [M]: 0x80010340 (0xAFD58593) addi a1, a1, 2813
x11 <- 0xFFFF4AFD


mem[X,0x80010344] -> 0x0613
mem[X,0x80010346] -> 0x0000
[1798] [M]: 0x80010344 (0x00000613) addi a2, zero, 0
x12 <- 0x00000000


mem[X,0x80010348] -> 0x006F
mem[X,0x8001034A] -> 0x2B10
[1799] [M]: 0x80010348 (0x2B10006F) jal zero, 2736


clint::tick mtime <- 0x0000000000000012
 clint timer pending at mtime 0x0000000000000012
htif::tick 0x0000000000000000
mem[X,0x80010DF8] -> 0x5A63
mem[X,0x80010DFA] -> 0xD4B5
[1800] [M]: 0x80010DF8 (0xD4B55A63) bge a0, a1, 5460


mem[X,0x8001034C] -> 0x0613
mem[X,0x8001034E] -> 0x0016
[1801] [M]: 0x8001034C (0x00160613) addi a2, a2, 1
x12 <- 0x00000001


mem[X,0x80010350] -> 0x006F
mem[X,0x80010352] -> 0x2BD0
[1802] [M]: 0x80010350 (0x2BD0006F) jal zero, 2748


mem[X,0x80010E0C] -> 0x2423
mem[X,0x80010E0E] -> 0x2AC2
[1803] [M]: 0x80010E0C (0x2AC22423) sw a2, 680(tp)
mem[0x8003B410] <- 0x00000001


mem[X,0x80010E10] -> 0x0513
mem[X,0x80010E12] -> 0x0050
[1804] [M]: 0x80010E10 (0x00500513) addi a0, zero, 5
x10 <- 0x00000005


mem[X,0x80010E14] -> 0xB5B7
mem[X,0x80010E16] -> 0x0000
[1805] [M]: 0x80010E14 (0x0000B5B7) lui a1, 11
x11 <- 0x0000B000


mem[X,0x80010E18] -> 0x8593
mem[X,0x80010E1A] -> 0x5055
[1806] [M]: 0x80010E18 (0x50558593) addi a1, a1, 1285
x11 <- 0x0000B505


mem[X,0x80010E1C] -> 0x0613
mem[X,0x80010E1E] -> 0x0000
[1807] [M]: 0x80010E1C (0x00000613) addi a2, zero, 0
x12 <- 0x00000000


mem[X,0x80010E20] -> 0x006F
mem[X,0x80010E22] -> 0x00C0
[1808] [M]: 0x80010E20 (0x00C0006F) jal zero, 12


mem[X,0x80010E2C] -> 0x5063
mem[X,0x80010E2E] -> 0x20B5
[1809] [M]: 0x80010E2C (0x20B55063) bge a0, a1, 512


mem[X,0x80010E30] -> 0x0613
mem[X,0x80010E32] -> 0x0026
[1810] [M]: 0x80010E30 (0x00260613) addi a2, a2, 2
x12 <- 0x00000002


mem[X,0x80010E34] -> 0x006F
mem[X,0x80010E36] -> 0x2000
[1811] [M]: 0x80010E34 (0x2000006F) jal zero, 512


mem[X,0x80011034] -> 0x2623
mem[X,0x80011036] -> 0x2AC2
[1812] [M]: 0x80011034 (0x2AC22623) sw a2, 684(tp)
mem[0x8003B414] <- 0x00000002


mem[X,0x80011038] -> 0x3537
mem[X,0x8001103A] -> 0x3333
[1813] [M]: 0x80011038 (0x33333537) lui a0, 209715
x10 <- 0x33333000


mem[X,0x8001103C] -> 0x0513
mem[X,0x8001103E] -> 0x3335
[1814] [M]: 0x8001103C (0x33350513) addi a0, a0, 819
x10 <- 0x33333333


mem[X,0x80011040] -> 0x0593
mem[X,0x80011042] -> 0x0030
[1815] [M]: 0x80011040 (0x00300593) addi a1, zero, 3
x11 <- 0x00000003


mem[X,0x80011044] -> 0x0613
mem[X,0x80011046] -> 0x0000
[1816] [M]: 0x80011044 (0x00000613) addi a2, zero, 0
x12 <- 0x00000000


mem[X,0x80011048] -> 0x006F
mem[X,0x8001104A] -> 0x0050
[1817] [M]: 0x80011048 (0x0050006F) jal zero, 2052


mem[X,0x8001184C] -> 0x50E3
mem[X,0x8001184E] -> 0x80B5
[1818] [M]: 0x8001184C (0x80B550E3) bge a0, a1, 6144


mem[X,0x8001104C] -> 0x0613
mem[X,0x8001104E] -> 0x0016
[1819] [M]: 0x8001104C (0x00160613) addi a2, a2, 1
x12 <- 0x00000001


mem[X,0x80011050] -> 0x006F
mem[X,0x80011052] -> 0x0110
[1820] [M]: 0x80011050 (0x0110006F) jal zero, 2064


mem[X,0x80011860] -> 0x2823
mem[X,0x80011862] -> 0x2AC2
[1821] [M]: 0x80011860 (0x2AC22823) sw a2, 688(tp)
mem[0x8003B418] <- 0x00000001


mem[X,0x80011864] -> 0x3537
mem[X,0x80011866] -> 0x3333
[1822] [M]: 0x80011864 (0x33333537) lui a0, 209715
x10 <- 0x33333000


mem[X,0x80011868] -> 0x0513
mem[X,0x8001186A] -> 0x3335
[1823] [M]: 0x80011868 (0x33350513) addi a0, a0, 819
x10 <- 0x33333333


mem[X,0x8001186C] -> 0x55B7
mem[X,0x8001186E] -> 0x5555
[1824] [M]: 0x8001186C (0x555555B7) lui a1, 349525
x11 <- 0x55555000


mem[X,0x80011870] -> 0x8593
mem[X,0x80011872] -> 0x5555
[1825] [M]: 0x80011870 (0x55558593) addi a1, a1, 1365
x11 <- 0x55555555


mem[X,0x80011874] -> 0x0613
mem[X,0x80011876] -> 0x0000
[1826] [M]: 0x80011874 (0x00000613) addi a2, zero, 0
x12 <- 0x00000000


mem[X,0x80011878] -> 0x006F
mem[X,0x8001187A] -> 0x00C0
[1827] [M]: 0x80011878 (0x00C0006F) jal zero, 12


mem[X,0x80011884] -> 0x5063
mem[X,0x80011886] -> 0x04B5
[1828] [M]: 0x80011884 (0x04B55063) bge a0, a1, 64


mem[X,0x80011888] -> 0x0613
mem[X,0x8001188A] -> 0x0026
[1829] [M]: 0x80011888 (0x00260613) addi a2, a2, 2
x12 <- 0x00000002


mem[X,0x8001188C] -> 0x006F
mem[X,0x8001188E] -> 0x0400
[1830] [M]: 0x8001188C (0x0400006F) jal zero, 64


mem[X,0x800118CC] -> 0x2A23
mem[X,0x800118CE] -> 0x2AC2
[1831] [M]: 0x800118CC (0x2AC22A23) sw a2, 692(tp)
mem[0x8003B41C] <- 0x00000002


mem[X,0x800118D0] -> 0x3537
mem[X,0x800118D2] -> 0x3333
[1832] [M]: 0x800118D0 (0x33333537) lui a0, 209715
x10 <- 0x33333000


mem[X,0x800118D4] -> 0x0513
mem[X,0x800118D6] -> 0x3335
[1833] [M]: 0x800118D4 (0x33350513) addi a0, a0, 819
x10 <- 0x33333333


mem[X,0x800118D8] -> 0xB5B7
mem[X,0x800118DA] -> 0xAAAA
[1834] [M]: 0x800118D8 (0xAAAAB5B7) lui a1, 699051
x11 <- 0xAAAAB000


mem[X,0x800118DC] -> 0x8593
mem[X,0x800118DE] -> 0xAAA5
[1835] [M]: 0x800118DC (0xAAA58593) addi a1, a1, 2730
x11 <- 0xAAAAAAAA


mem[X,0x800118E0] -> 0x0613
mem[X,0x800118E2] -> 0x0000
[1836] [M]: 0x800118E0 (0x00000613) addi a2, zero, 0
x12 <- 0x00000000


mem[X,0x800118E4] -> 0x006F
mem[X,0x800118E6] -> 0x0100
[1837] [M]: 0x800118E4 (0x0100006F) jal zero, 16


mem[X,0x800118F4] -> 0x5AE3
mem[X,0x800118F6] -> 0xFEB5
[1838] [M]: 0x800118F4 (0xFEB55AE3) bge a0, a1, 8180


mem[X,0x800118E8] -> 0x0613
mem[X,0x800118EA] -> 0x0016
[1839] [M]: 0x800118E8 (0x00160613) addi a2, a2, 1
x12 <- 0x00000001


mem[X,0x800118EC] -> 0x006F
mem[X,0x800118EE] -> 0x01C0
[1840] [M]: 0x800118EC (0x01C0006F) jal zero, 28


mem[X,0x80011908] -> 0x2C23
mem[X,0x8001190A] -> 0x2AC2
[1841] [M]: 0x80011908 (0x2AC22C23) sw a2, 696(tp)
mem[0x8003B420] <- 0x00000001


mem[X,0x8001190C] -> 0x3537
mem[X,0x8001190E] -> 0x3333
[1842] [M]: 0x8001190C (0x33333537) lui a0, 209715
x10 <- 0x33333000


mem[X,0x80011910] -> 0x0513
mem[X,0x80011912] -> 0x3335
[1843] [M]: 0x80011910 (0x33350513) addi a0, a0, 819
x10 <- 0x33333333


mem[X,0x80011914] -> 0x0593
mem[X,0x80011916] -> 0x0050
[1844] [M]: 0x80011914 (0x00500593) addi a1, zero, 5
x11 <- 0x00000005


mem[X,0x80011918] -> 0x0613
mem[X,0x8001191A] -> 0x0000
[1845] [M]: 0x80011918 (0x00000613) addi a2, zero, 0
x12 <- 0x00000000


mem[X,0x8001191C] -> 0x006F
mem[X,0x8001191E] -> 0x0050
[1846] [M]: 0x8001191C (0x0050006F) jal zero, 2052


mem[X,0x80012120] -> 0x50E3
mem[X,0x80012122] -> 0x80B5
[1847] [M]: 0x80012120 (0x80B550E3) bge a0, a1, 6144


mem[X,0x80011920] -> 0x0613
mem[X,0x80011922] -> 0x0016
[1848] [M]: 0x80011920 (0x00160613) addi a2, a2, 1
x12 <- 0x00000001


mem[X,0x80011924] -> 0x006F
mem[X,0x80011926] -> 0x0110
[1849] [M]: 0x80011924 (0x0110006F) jal zero, 2064


mem[X,0x80012134] -> 0x2E23
mem[X,0x80012136] -> 0x2AC2
[1850] [M]: 0x80012134 (0x2AC22E23) sw a2, 700(tp)
mem[0x8003B424] <- 0x00000001


mem[X,0x80012138] -> 0x3537
mem[X,0x8001213A] -> 0x3333
[1851] [M]: 0x80012138 (0x33333537) lui a0, 209715
x10 <- 0x33333000


mem[X,0x8001213C] -> 0x0513
mem[X,0x8001213E] -> 0x3335
[1852] [M]: 0x8001213C (0x33350513) addi a0, a0, 819
x10 <- 0x33333333


mem[X,0x80012140] -> 0x35B7
mem[X,0x80012142] -> 0x3333
[1853] [M]: 0x80012140 (0x333335B7) lui a1, 209715
x11 <- 0x33333000


mem[X,0x80012144] -> 0x8593
mem[X,0x80012146] -> 0x3335
[1854] [M]: 0x80012144 (0x33358593) addi a1, a1, 819
x11 <- 0x33333333


mem[X,0x80012148] -> 0x0613
mem[X,0x8001214A] -> 0x0000
[1855] [M]: 0x80012148 (0x00000613) addi a2, zero, 0
x12 <- 0x00000000


mem[X,0x8001214C] -> 0x006F
mem[X,0x8001214E] -> 0x2B10
[1856] [M]: 0x8001214C (0x2B10006F) jal zero, 2736


mem[X,0x80012BFC] -> 0x5A63
mem[X,0x80012BFE] -> 0xD4B5
[1857] [M]: 0x80012BFC (0xD4B55A63) bge a0, a1, 5460


mem[X,0x80012150] -> 0x0613
mem[X,0x80012152] -> 0x0016
[1858] [M]: 0x80012150 (0x00160613) addi a2, a2, 1
x12 <- 0x00000001


mem[X,0x80012154] -> 0x006F
mem[X,0x80012156] -> 0x2BD0
[1859] [M]: 0x80012154 (0x2BD0006F) jal zero, 2748


mem[X,0x80012C10] -> 0x2023
mem[X,0x80012C12] -> 0x2CC2
[1860] [M]: 0x80012C10 (0x2CC22023) sw a2, 704(tp)
mem[0x8003B428] <- 0x00000001


mem[X,0x80012C14] -> 0x3537
mem[X,0x80012C16] -> 0x3333
[1861] [M]: 0x80012C14 (0x33333537) lui a0, 209715
x10 <- 0x33333000


mem[X,0x80012C18] -> 0x0513
mem[X,0x80012C1A] -> 0x3335
[1862] [M]: 0x80012C18 (0x33350513) addi a0, a0, 819
x10 <- 0x33333333


mem[X,0x80012C1C] -> 0x65B7
mem[X,0x80012C1E] -> 0x6666
[1863] [M]: 0x80012C1C (0x666665B7) lui a1, 419430
x11 <- 0x66666000


mem[X,0x80012C20] -> 0x8593
mem[X,0x80012C22] -> 0x6665
[1864] [M]: 0x80012C20 (0x66658593) addi a1, a1, 1638
x11 <- 0x66666666


mem[X,0x80012C24] -> 0x0613
mem[X,0x80012C26] -> 0x0000
[1865] [M]: 0x80012C24 (0x00000613) addi a2, zero, 0
x12 <- 0x00000000


mem[X,0x80012C28] -> 0x006F
mem[X,0x80012C2A] -> 0x00C0
[1866] [M]: 0x80012C28 (0x00C0006F) jal zero, 12


mem[X,0x80012C34] -> 0x5CE3
mem[X,0x80012C36] -> 0xFEB5
[1867] [M]: 0x80012C34 (0xFEB55CE3) bge a0, a1, 8184


mem[X,0x80012C38] -> 0x0613
mem[X,0x80012C3A] -> 0x0026
[1868] [M]: 0x80012C38 (0x00260613) addi a2, a2, 2
x12 <- 0x00000002


mem[X,0x80012C3C] -> 0x006F
mem[X,0x80012C3E] -> 0x00C0
[1869] [M]: 0x80012C3C (0x00C0006F) jal zero, 12


mem[X,0x80012C48] -> 0x2223
mem[X,0x80012C4A] -> 0x2CC2
[1870] [M]: 0x80012C48 (0x2CC22223) sw a2, 708(tp)
mem[0x8003B42C] <- 0x00000002


mem[X,0x80012C4C] -> 0x3537
mem[X,0x80012C4E] -> 0x3333
[1871] [M]: 0x80012C4C (0x33333537) lui a0, 209715
x10 <- 0x33333000


mem[X,0x80012C50] -> 0x0513
mem[X,0x80012C52] -> 0x3335
[1872] [M]: 0x80012C50 (0x33350513) addi a0, a0, 819
x10 <- 0x33333333


mem[X,0x80012C54] -> 0x55B7
mem[X,0x80012C56] -> 0xFFFF
[1873] [M]: 0x80012C54 (0xFFFF55B7) lui a1, 1048565
x11 <- 0xFFFF5000


mem[X,0x80012C58] -> 0x8593
mem[X,0x80012C5A] -> 0xAFC5
[1874] [M]: 0x80012C58 (0xAFC58593) addi a1, a1, 2812
x11 <- 0xFFFF4AFC


mem[X,0x80012C5C] -> 0x0613
mem[X,0x80012C5E] -> 0x0000
[1875] [M]: 0x80012C5C (0x00000613) addi a2, zero, 0
x12 <- 0x00000000


mem[X,0x80012C60] -> 0x006F
mem[X,0x80012C62] -> 0x00C0
[1876] [M]: 0x80012C60 (0x00C0006F) jal zero, 12


mem[X,0x80012C6C] -> 0x5663
mem[X,0x80012C6E] -> 0x00B5
[1877] [M]: 0x80012C6C (0x00B55663) bge a0, a1, 12


mem[X,0x80012C78] -> 0x0613
mem[X,0x80012C7A] -> 0x0036
[1878] [M]: 0x80012C78 (0x00360613) addi a2, a2, 3
x12 <- 0x00000003


mem[X,0x80012C7C] -> 0x006F
mem[X,0x80012C7E] -> 0x0040
[1879] [M]: 0x80012C7C (0x0040006F) jal zero, 4


mem[X,0x80012C80] -> 0x2423
mem[X,0x80012C82] -> 0x2CC2
[1880] [M]: 0x80012C80 (0x2CC22423) sw a2, 712(tp)
mem[0x8003B430] <- 0x00000003


mem[X,0x80012C84] -> 0x3537
mem[X,0x80012C86] -> 0x3333
[1881] [M]: 0x80012C84 (0x33333537) lui a0, 209715
x10 <- 0x33333000


mem[X,0x80012C88] -> 0x0513
mem[X,0x80012C8A] -> 0x3335
[1882] [M]: 0x80012C88 (0x33350513) addi a0, a0, 819
x10 <- 0x33333333


mem[X,0x80012C8C] -> 0xB5B7
mem[X,0x80012C8E] -> 0x0000
[1883] [M]: 0x80012C8C (0x0000B5B7) lui a1, 11
x11 <- 0x0000B000


mem[X,0x80012C90] -> 0x8593
mem[X,0x80012C92] -> 0x5045
[1884] [M]: 0x80012C90 (0x50458593) addi a1, a1, 1284
x11 <- 0x0000B504


mem[X,0x80012C94] -> 0x0613
mem[X,0x80012C96] -> 0x0000
[1885] [M]: 0x80012C94 (0x00000613) addi a2, zero, 0
x12 <- 0x00000000


mem[X,0x80012C98] -> 0x006F
mem[X,0x80012C9A] -> 0x0050
[1886] [M]: 0x80012C98 (0x0050006F) jal zero, 2052


mem[X,0x8001349C] -> 0x50E3
mem[X,0x8001349E] -> 0x80B5
[1887] [M]: 0x8001349C (0x80B550E3) bge a0, a1, 6144


mem[X,0x80012C9C] -> 0x0613
mem[X,0x80012C9E] -> 0x0016
[1888] [M]: 0x80012C9C (0x00160613) addi a2, a2, 1
x12 <- 0x00000001


mem[X,0x80012CA0] -> 0x006F
mem[X,0x80012CA2] -> 0x0110
[1889] [M]: 0x80012CA0 (0x0110006F) jal zero, 2064


mem[X,0x800134B0] -> 0x2623
mem[X,0x800134B2] -> 0x2CC2
[1890] [M]: 0x800134B0 (0x2CC22623) sw a2, 716(tp)
mem[0x8003B434] <- 0x00000001


mem[X,0x800134B4] -> 0x3537
mem[X,0x800134B6] -> 0x3333
[1891] [M]: 0x800134B4 (0x33333537) lui a0, 209715
x10 <- 0x33333000


mem[X,0x800134B8] -> 0x0513
mem[X,0x800134BA] -> 0x3335
[1892] [M]: 0x800134B8 (0x33350513) addi a0, a0, 819
x10 <- 0x33333333


mem[X,0x800134BC] -> 0x0593
mem[X,0x800134BE] -> 0x0020
[1893] [M]: 0x800134BC (0x00200593) addi a1, zero, 2
x11 <- 0x00000002


mem[X,0x800134C0] -> 0x0613
mem[X,0x800134C2] -> 0x0000
[1894] [M]: 0x800134C0 (0x00000613) addi a2, zero, 0
x12 <- 0x00000000


mem[X,0x800134C4] -> 0x006F
mem[X,0x800134C6] -> 0x00C0
[1895] [M]: 0x800134C4 (0x00C0006F) jal zero, 12


mem[X,0x800134D0] -> 0x5CE3
mem[X,0x800134D2] -> 0xFEB5
[1896] [M]: 0x800134D0 (0xFEB55CE3) bge a0, a1, 8184


mem[X,0x800134C8] -> 0x0613
mem[X,0x800134CA] -> 0x0016
[1897] [M]: 0x800134C8 (0x00160613) addi a2, a2, 1
x12 <- 0x00000001


mem[X,0x800134CC] -> 0x006F
mem[X,0x800134CE] -> 0x0180
[1898] [M]: 0x800134CC (0x0180006F) jal zero, 24


mem[X,0x800134E4] -> 0x2823
mem[X,0x800134E6] -> 0x2CC2
[1899] [M]: 0x800134E4 (0x2CC22823) sw a2, 720(tp)
mem[0x8003B438] <- 0x00000001


clint::tick mtime <- 0x0000000000000013
 clint timer pending at mtime 0x0000000000000013
htif::tick 0x0000000000000000
mem[X,0x800134E8] -> 0x3537
mem[X,0x800134EA] -> 0x3333
[1900] [M]: 0x800134E8 (0x33333537) lui a0, 209715
x10 <- 0x33333000


mem[X,0x800134EC] -> 0x0513
mem[X,0x800134EE] -> 0x3335
[1901] [M]: 0x800134EC (0x33350513) addi a0, a0, 819
x10 <- 0x33333333


mem[X,0x800134F0] -> 0x55B7
mem[X,0x800134F2] -> 0x5555
[1902] [M]: 0x800134F0 (0x555555B7) lui a1, 349525
x11 <- 0x55555000


mem[X,0x800134F4] -> 0x8593
mem[X,0x800134F6] -> 0x5545
[1903] [M]: 0x800134F4 (0x55458593) addi a1, a1, 1364
x11 <- 0x55555554


mem[X,0x800134F8] -> 0x0613
mem[X,0x800134FA] -> 0x0000
[1904] [M]: 0x800134F8 (0x00000613) addi a2, zero, 0
x12 <- 0x00000000


mem[X,0x800134FC] -> 0x006F
mem[X,0x800134FE] -> 0x00C0
[1905] [M]: 0x800134FC (0x00C0006F) jal zero, 12


mem[X,0x80013508] -> 0x5663
mem[X,0x8001350A] -> 0x00B5
[1906] [M]: 0x80013508 (0x00B55663) bge a0, a1, 12


mem[X,0x8001350C] -> 0x0613
mem[X,0x8001350E] -> 0x0026
[1907] [M]: 0x8001350C (0x00260613) addi a2, a2, 2
x12 <- 0x00000002


mem[X,0x80013510] -> 0x006F
mem[X,0x80013512] -> 0x00C0
[1908] [M]: 0x80013510 (0x00C0006F) jal zero, 12


mem[X,0x8001351C] -> 0x2A23
mem[X,0x8001351E] -> 0x2CC2
[1909] [M]: 0x8001351C (0x2CC22A23) sw a2, 724(tp)
mem[0x8003B43C] <- 0x00000002


mem[X,0x80013520] -> 0x3537
mem[X,0x80013522] -> 0x3333
[1910] [M]: 0x80013520 (0x33333537) lui a0, 209715
x10 <- 0x33333000


mem[X,0x80013524] -> 0x0513
mem[X,0x80013526] -> 0x3335
[1911] [M]: 0x80013524 (0x33350513) addi a0, a0, 819
x10 <- 0x33333333


mem[X,0x80013528] -> 0x0593
mem[X,0x8001352A] -> 0x0000
[1912] [M]: 0x80013528 (0x00000593) addi a1, zero, 0
x11 <- 0x00000000


mem[X,0x8001352C] -> 0x0613
mem[X,0x8001352E] -> 0x0000
[1913] [M]: 0x8001352C (0x00000613) addi a2, zero, 0
x12 <- 0x00000000


mem[X,0x80013530] -> 0x006F
mem[X,0x80013532] -> 0x00C0
[1914] [M]: 0x80013530 (0x00C0006F) jal zero, 12


mem[X,0x8001353C] -> 0x5863
mem[X,0x8001353E] -> 0x00B5
[1915] [M]: 0x8001353C (0x00B55863) bge a0, a1, 16


mem[X,0x8001354C] -> 0x0613
mem[X,0x8001354E] -> 0x0036
[1916] [M]: 0x8001354C (0x00360613) addi a2, a2, 3
x12 <- 0x00000003


mem[X,0x80013550] -> 0x006F
mem[X,0x80013552] -> 0x0040
[1917] [M]: 0x80013550 (0x0040006F) jal zero, 4


mem[X,0x80013554] -> 0x2C23
mem[X,0x80013556] -> 0x2CC2
[1918] [M]: 0x80013554 (0x2CC22C23) sw a2, 728(tp)
mem[0x8003B440] <- 0x00000003


mem[X,0x80013558] -> 0x3537
mem[X,0x8001355A] -> 0x3333
[1919] [M]: 0x80013558 (0x33333537) lui a0, 209715
x10 <- 0x33333000


mem[X,0x8001355C] -> 0x0513
mem[X,0x8001355E] -> 0x3335
[1920] [M]: 0x8001355C (0x33350513) addi a0, a0, 819
x10 <- 0x33333333


mem[X,0x80013560] -> 0x0593
mem[X,0x80013562] -> 0x0040
[1921] [M]: 0x80013560 (0x00400593) addi a1, zero, 4
x11 <- 0x00000004


mem[X,0x80013564] -> 0x0613
mem[X,0x80013566] -> 0x0000
[1922] [M]: 0x80013564 (0x00000613) addi a2, zero, 0
x12 <- 0x00000000


mem[X,0x80013568] -> 0x006F
mem[X,0x8001356A] -> 0x00C0
[1923] [M]: 0x80013568 (0x00C0006F) jal zero, 12


mem[X,0x80013574] -> 0x5063
mem[X,0x80013576] -> 0x08B5
[1924] [M]: 0x80013574 (0x08B55063) bge a0, a1, 128


mem[X,0x800135F4] -> 0x0613
mem[X,0x800135F6] -> 0x0036
[1925] [M]: 0x800135F4 (0x00360613) addi a2, a2, 3
x12 <- 0x00000003


mem[X,0x800135F8] -> 0x006F
mem[X,0x800135FA] -> 0x0040
[1926] [M]: 0x800135F8 (0x0040006F) jal zero, 4


mem[X,0x800135FC] -> 0x2E23
mem[X,0x800135FE] -> 0x2CC2
[1927] [M]: 0x800135FC (0x2CC22E23) sw a2, 732(tp)
mem[0x8003B444] <- 0x00000003


mem[X,0x80013600] -> 0x3537
mem[X,0x80013602] -> 0x3333
[1928] [M]: 0x80013600 (0x33333537) lui a0, 209715
x10 <- 0x33333000


mem[X,0x80013604] -> 0x0513
mem[X,0x80013606] -> 0x3335
[1929] [M]: 0x80013604 (0x33350513) addi a0, a0, 819
x10 <- 0x33333333


mem[X,0x80013608] -> 0x35B7
mem[X,0x8001360A] -> 0x3333
[1930] [M]: 0x80013608 (0x333335B7) lui a1, 209715
x11 <- 0x33333000


mem[X,0x8001360C] -> 0x8593
mem[X,0x8001360E] -> 0x3325
[1931] [M]: 0x8001360C (0x33258593) addi a1, a1, 818
x11 <- 0x33333332


mem[X,0x80013610] -> 0x0613
mem[X,0x80013612] -> 0x0000
[1932] [M]: 0x80013610 (0x00000613) addi a2, zero, 0
x12 <- 0x00000000


mem[X,0x80013614] -> 0x006F
mem[X,0x80013616] -> 0x0100
[1933] [M]: 0x80013614 (0x0100006F) jal zero, 16


mem[X,0x80013624] -> 0x5AE3
mem[X,0x80013626] -> 0xFEB5
[1934] [M]: 0x80013624 (0xFEB55AE3) bge a0, a1, 8180


mem[X,0x80013618] -> 0x0613
mem[X,0x8001361A] -> 0x0016
[1935] [M]: 0x80013618 (0x00160613) addi a2, a2, 1
x12 <- 0x00000001


mem[X,0x8001361C] -> 0x006F
mem[X,0x8001361E] -> 0x01C0
[1936] [M]: 0x8001361C (0x01C0006F) jal zero, 28


mem[X,0x80013638] -> 0x2023
mem[X,0x8001363A] -> 0x2EC2
[1937] [M]: 0x80013638 (0x2EC22023) sw a2, 736(tp)
mem[0x8003B448] <- 0x00000001


mem[X,0x8001363C] -> 0x3537
mem[X,0x8001363E] -> 0x3333
[1938] [M]: 0x8001363C (0x33333537) lui a0, 209715
x10 <- 0x33333000


mem[X,0x80013640] -> 0x0513
mem[X,0x80013642] -> 0x3335
[1939] [M]: 0x80013640 (0x33350513) addi a0, a0, 819
x10 <- 0x33333333


mem[X,0x80013644] -> 0x65B7
mem[X,0x80013646] -> 0x6666
[1940] [M]: 0x80013644 (0x666665B7) lui a1, 419430
x11 <- 0x66666000


mem[X,0x80013648] -> 0x8593
mem[X,0x8001364A] -> 0x6655
[1941] [M]: 0x80013648 (0x66558593) addi a1, a1, 1637
x11 <- 0x66666665


mem[X,0x8001364C] -> 0x0613
mem[X,0x8001364E] -> 0x0000
[1942] [M]: 0x8001364C (0x00000613) addi a2, zero, 0
x12 <- 0x00000000


mem[X,0x80013650] -> 0x006F
mem[X,0x80013652] -> 0x00C0
[1943] [M]: 0x80013650 (0x00C0006F) jal zero, 12


mem[X,0x8001365C] -> 0x5063
mem[X,0x8001365E] -> 0x40B5
[1944] [M]: 0x8001365C (0x40B55063) bge a0, a1, 1024


mem[X,0x80013660] -> 0x0613
mem[X,0x80013662] -> 0x0026
[1945] [M]: 0x80013660 (0x00260613) addi a2, a2, 2
x12 <- 0x00000002


mem[X,0x80013664] -> 0x006F
mem[X,0x80013666] -> 0x4000
[1946] [M]: 0x80013664 (0x4000006F) jal zero, 1024


mem[X,0x80013A64] -> 0x2223
mem[X,0x80013A66] -> 0x2EC2
[1947] [M]: 0x80013A64 (0x2EC22223) sw a2, 740(tp)
mem[0x8003B44C] <- 0x00000002


mem[X,0x80013A68] -> 0x3537
mem[X,0x80013A6A] -> 0x3333
[1948] [M]: 0x80013A68 (0x33333537) lui a0, 209715
x10 <- 0x33333000


mem[X,0x80013A6C] -> 0x0513
mem[X,0x80013A6E] -> 0x3335
[1949] [M]: 0x80013A6C (0x33350513) addi a0, a0, 819
x10 <- 0x33333333


mem[X,0x80013A70] -> 0xB5B7
mem[X,0x80013A72] -> 0x0000
[1950] [M]: 0x80013A70 (0x0000B5B7) lui a1, 11
x11 <- 0x0000B000


mem[X,0x80013A74] -> 0x8593
mem[X,0x80013A76] -> 0x5035
[1951] [M]: 0x80013A74 (0x50358593) addi a1, a1, 1283
x11 <- 0x0000B503


mem[X,0x80013A78] -> 0x0613
mem[X,0x80013A7A] -> 0x0000
[1952] [M]: 0x80013A78 (0x00000613) addi a2, zero, 0
x12 <- 0x00000000


mem[X,0x80013A7C] -> 0x006F
mem[X,0x80013A7E] -> 0x00C0
[1953] [M]: 0x80013A7C (0x00C0006F) jal zero, 12


mem[X,0x80013A88] -> 0x5063
mem[X,0x80013A8A] -> 0x04B5
[1954] [M]: 0x80013A88 (0x04B55063) bge a0, a1, 64


mem[X,0x80013AC8] -> 0x0613
mem[X,0x80013ACA] -> 0x0036
[1955] [M]: 0x80013AC8 (0x00360613) addi a2, a2, 3
x12 <- 0x00000003


mem[X,0x80013ACC] -> 0x006F
mem[X,0x80013ACE] -> 0x0040
[1956] [M]: 0x80013ACC (0x0040006F) jal zero, 4


mem[X,0x80013AD0] -> 0x2423
mem[X,0x80013AD2] -> 0x2EC2
[1957] [M]: 0x80013AD0 (0x2EC22423) sw a2, 744(tp)
mem[0x8003B450] <- 0x00000003


mem[X,0x80013AD4] -> 0x3537
mem[X,0x80013AD6] -> 0x3333
[1958] [M]: 0x80013AD4 (0x33333537) lui a0, 209715
x10 <- 0x33333000


mem[X,0x80013AD8] -> 0x0513
mem[X,0x80013ADA] -> 0x3335
[1959] [M]: 0x80013AD8 (0x33350513) addi a0, a0, 819
x10 <- 0x33333333


mem[X,0x80013ADC] -> 0x55B7
mem[X,0x80013ADE] -> 0x5555
[1960] [M]: 0x80013ADC (0x555555B7) lui a1, 349525
x11 <- 0x55555000


mem[X,0x80013AE0] -> 0x8593
mem[X,0x80013AE2] -> 0x5565
[1961] [M]: 0x80013AE0 (0x55658593) addi a1, a1, 1366
x11 <- 0x55555556


mem[X,0x80013AE4] -> 0x0613
mem[X,0x80013AE6] -> 0x0000
[1962] [M]: 0x80013AE4 (0x00000613) addi a2, zero, 0
x12 <- 0x00000000


mem[X,0x80013AE8] -> 0x006F
mem[X,0x80013AEA] -> 0x00C0
[1963] [M]: 0x80013AE8 (0x00C0006F) jal zero, 12


mem[X,0x80013AF4] -> 0x5063
mem[X,0x80013AF6] -> 0x20B5
[1964] [M]: 0x80013AF4 (0x20B55063) bge a0, a1, 512


mem[X,0x80013AF8] -> 0x0613
mem[X,0x80013AFA] -> 0x0026
[1965] [M]: 0x80013AF8 (0x00260613) addi a2, a2, 2
x12 <- 0x00000002


mem[X,0x80013AFC] -> 0x006F
mem[X,0x80013AFE] -> 0x2000
[1966] [M]: 0x80013AFC (0x2000006F) jal zero, 512


mem[X,0x80013CFC] -> 0x2623
mem[X,0x80013CFE] -> 0x2EC2
[1967] [M]: 0x80013CFC (0x2EC22623) sw a2, 748(tp)
mem[0x8003B454] <- 0x00000002


mem[X,0x80013D00] -> 0x3537
mem[X,0x80013D02] -> 0x3333
[1968] [M]: 0x80013D00 (0x33333537) lui a0, 209715
x10 <- 0x33333000


mem[X,0x80013D04] -> 0x0513
mem[X,0x80013D06] -> 0x3335
[1969] [M]: 0x80013D04 (0x33350513) addi a0, a0, 819
x10 <- 0x33333333


mem[X,0x80013D08] -> 0xB5B7
mem[X,0x80013D0A] -> 0xAAAA
[1970] [M]: 0x80013D08 (0xAAAAB5B7) lui a1, 699051
x11 <- 0xAAAAB000


mem[X,0x80013D0C] -> 0x8593
mem[X,0x80013D0E] -> 0xAAB5
[1971] [M]: 0x80013D0C (0xAAB58593) addi a1, a1, 2731
x11 <- 0xAAAAAAAB


mem[X,0x80013D10] -> 0x0613
mem[X,0x80013D12] -> 0x0000
[1972] [M]: 0x80013D10 (0x00000613) addi a2, zero, 0
x12 <- 0x00000000


mem[X,0x80013D14] -> 0x006F
mem[X,0x80013D16] -> 0x00C0
[1973] [M]: 0x80013D14 (0x00C0006F) jal zero, 12


mem[X,0x80013D20] -> 0x5863
mem[X,0x80013D22] -> 0x00B5
[1974] [M]: 0x80013D20 (0x00B55863) bge a0, a1, 16


mem[X,0x80013D30] -> 0x0613
mem[X,0x80013D32] -> 0x0036
[1975] [M]: 0x80013D30 (0x00360613) addi a2, a2, 3
x12 <- 0x00000003


mem[X,0x80013D34] -> 0x006F
mem[X,0x80013D36] -> 0x0040
[1976] [M]: 0x80013D34 (0x0040006F) jal zero, 4


mem[X,0x80013D38] -> 0x2823
mem[X,0x80013D3A] -> 0x2EC2
[1977] [M]: 0x80013D38 (0x2EC22823) sw a2, 752(tp)
mem[0x8003B458] <- 0x00000003


mem[X,0x80013D3C] -> 0x3537
mem[X,0x80013D3E] -> 0x3333
[1978] [M]: 0x80013D3C (0x33333537) lui a0, 209715
x10 <- 0x33333000


mem[X,0x80013D40] -> 0x0513
mem[X,0x80013D42] -> 0x3335
[1979] [M]: 0x80013D40 (0x33350513) addi a0, a0, 819
x10 <- 0x33333333


mem[X,0x80013D44] -> 0x0593
mem[X,0x80013D46] -> 0x0060
[1980] [M]: 0x80013D44 (0x00600593) addi a1, zero, 6
x11 <- 0x00000006


mem[X,0x80013D48] -> 0x0613
mem[X,0x80013D4A] -> 0x0000
[1981] [M]: 0x80013D48 (0x00000613) addi a2, zero, 0
x12 <- 0x00000000


mem[X,0x80013D4C] -> 0x006F
mem[X,0x80013D4E] -> 0x00C0
[1982] [M]: 0x80013D4C (0x00C0006F) jal zero, 12


mem[X,0x80013D58] -> 0x5063
mem[X,0x80013D5A] -> 0x04B5
[1983] [M]: 0x80013D58 (0x04B55063) bge a0, a1, 64


mem[X,0x80013D98] -> 0x0613
mem[X,0x80013D9A] -> 0x0036
[1984] [M]: 0x80013D98 (0x00360613) addi a2, a2, 3
x12 <- 0x00000003


mem[X,0x80013D9C] -> 0x006F
mem[X,0x80013D9E] -> 0x0040
[1985] [M]: 0x80013D9C (0x0040006F) jal zero, 4


mem[X,0x80013DA0] -> 0x2A23
mem[X,0x80013DA2] -> 0x2EC2
[1986] [M]: 0x80013DA0 (0x2EC22A23) sw a2, 756(tp)
mem[0x8003B45C] <- 0x00000003


mem[X,0x80013DA4] -> 0x3537
mem[X,0x80013DA6] -> 0x3333
[1987] [M]: 0x80013DA4 (0x33333537) lui a0, 209715
x10 <- 0x33333000


mem[X,0x80013DA8] -> 0x0513
mem[X,0x80013DAA] -> 0x3335
[1988] [M]: 0x80013DA8 (0x33350513) addi a0, a0, 819
x10 <- 0x33333333


mem[X,0x80013DAC] -> 0x35B7
mem[X,0x80013DAE] -> 0x3333
[1989] [M]: 0x80013DAC (0x333335B7) lui a1, 209715
x11 <- 0x33333000


mem[X,0x80013DB0] -> 0x8593
mem[X,0x80013DB2] -> 0x3345
[1990] [M]: 0x80013DB0 (0x33458593) addi a1, a1, 820
x11 <- 0x33333334


mem[X,0x80013DB4] -> 0x0613
mem[X,0x80013DB6] -> 0x0000
[1991] [M]: 0x80013DB4 (0x00000613) addi a2, zero, 0
x12 <- 0x00000000


mem[X,0x80013DB8] -> 0x006F
mem[X,0x80013DBA] -> 0x00C0
[1992] [M]: 0x80013DB8 (0x00C0006F) jal zero, 12


mem[X,0x80013DC4] -> 0x5063
mem[X,0x80013DC6] -> 0x04B5
[1993] [M]: 0x80013DC4 (0x04B55063) bge a0, a1, 64


mem[X,0x80013DC8] -> 0x0613
mem[X,0x80013DCA] -> 0x0026
[1994] [M]: 0x80013DC8 (0x00260613) addi a2, a2, 2
x12 <- 0x00000002


mem[X,0x80013DCC] -> 0x006F
mem[X,0x80013DCE] -> 0x0400
[1995] [M]: 0x80013DCC (0x0400006F) jal zero, 64


mem[X,0x80013E0C] -> 0x2C23
mem[X,0x80013E0E] -> 0x2EC2
[1996] [M]: 0x80013E0C (0x2EC22C23) sw a2, 760(tp)
mem[0x8003B460] <- 0x00000002


mem[X,0x80013E10] -> 0x3537
mem[X,0x80013E12] -> 0x3333
[1997] [M]: 0x80013E10 (0x33333537) lui a0, 209715
x10 <- 0x33333000


mem[X,0x80013E14] -> 0x0513
mem[X,0x80013E16] -> 0x3335
[1998] [M]: 0x80013E14 (0x33350513) addi a0, a0, 819
x10 <- 0x33333333


mem[X,0x80013E18] -> 0x65B7
mem[X,0x80013E1A] -> 0x6666
[1999] [M]: 0x80013E18 (0x666665B7) lui a1, 419430
x11 <- 0x66666000


clint::tick mtime <- 0x0000000000000014
 clint timer pending at mtime 0x0000000000000014
htif::tick 0x0000000000000000
mem[X,0x80013E1C] -> 0x8593
mem[X,0x80013E1E] -> 0x6675
[2000] [M]: 0x80013E1C (0x66758593) addi a1, a1, 1639
x11 <- 0x66666667


mem[X,0x80013E20] -> 0x0613
mem[X,0x80013E22] -> 0x0000
[2001] [M]: 0x80013E20 (0x00000613) addi a2, zero, 0
x12 <- 0x00000000


mem[X,0x80013E24] -> 0x006F
mem[X,0x80013E26] -> 0x0050
[2002] [M]: 0x80013E24 (0x0050006F) jal zero, 2052


mem[X,0x80014628] -> 0x50E3
mem[X,0x8001462A] -> 0x80B5
[2003] [M]: 0x80014628 (0x80B550E3) bge a0, a1, 6144


mem[X,0x8001462C] -> 0x0613
mem[X,0x8001462E] -> 0x0026
[2004] [M]: 0x8001462C (0x00260613) addi a2, a2, 2
x12 <- 0x00000002


mem[X,0x80014630] -> 0x006F
mem[X,0x80014632] -> 0x00C0
[2005] [M]: 0x80014630 (0x00C0006F) jal zero, 12


mem[X,0x8001463C] -> 0x2E23
mem[X,0x8001463E] -> 0x2EC2
[2006] [M]: 0x8001463C (0x2EC22E23) sw a2, 764(tp)
mem[0x8003B464] <- 0x00000002


mem[X,0x80014640] -> 0x3537
mem[X,0x80014642] -> 0x3333
[2007] [M]: 0x80014640 (0x33333537) lui a0, 209715
x10 <- 0x33333000


mem[X,0x80014644] -> 0x0513
mem[X,0x80014646] -> 0x3335
[2008] [M]: 0x80014644 (0x33350513) addi a0, a0, 819
x10 <- 0x33333333


mem[X,0x80014648] -> 0x55B7
mem[X,0x8001464A] -> 0xFFFF
[2009] [M]: 0x80014648 (0xFFFF55B7) lui a1, 1048565
x11 <- 0xFFFF5000


mem[X,0x8001464C] -> 0x8593
mem[X,0x8001464E] -> 0xAFD5
[2010] [M]: 0x8001464C (0xAFD58593) addi a1, a1, 2813
x11 <- 0xFFFF4AFD


mem[X,0x80014650] -> 0x0613
mem[X,0x80014652] -> 0x0000
[2011] [M]: 0x80014650 (0x00000613) addi a2, zero, 0
x12 <- 0x00000000


mem[X,0x80014654] -> 0x006F
mem[X,0x80014656] -> 0x0050
[2012] [M]: 0x80014654 (0x0050006F) jal zero, 2052


mem[X,0x80014E58] -> 0x50E3
mem[X,0x80014E5A] -> 0x80B5
[2013] [M]: 0x80014E58 (0x80B550E3) bge a0, a1, 6144


mem[X,0x80014658] -> 0x0613
mem[X,0x8001465A] -> 0x0016
[2014] [M]: 0x80014658 (0x00160613) addi a2, a2, 1
x12 <- 0x00000001


mem[X,0x8001465C] -> 0x006F
mem[X,0x8001465E] -> 0x0110
[2015] [M]: 0x8001465C (0x0110006F) jal zero, 2064


mem[X,0x80014E6C] -> 0x2023
mem[X,0x80014E6E] -> 0x30C2
[2016] [M]: 0x80014E6C (0x30C22023) sw a2, 768(tp)
mem[0x8003B468] <- 0x00000001


mem[X,0x80014E70] -> 0x3537
mem[X,0x80014E72] -> 0x3333
[2017] [M]: 0x80014E70 (0x33333537) lui a0, 209715
x10 <- 0x33333000


mem[X,0x80014E74] -> 0x0513
mem[X,0x80014E76] -> 0x3335
[2018] [M]: 0x80014E74 (0x33350513) addi a0, a0, 819
x10 <- 0x33333333


mem[X,0x80014E78] -> 0xB5B7
mem[X,0x80014E7A] -> 0x0000
[2019] [M]: 0x80014E78 (0x0000B5B7) lui a1, 11
x11 <- 0x0000B000


mem[X,0x80014E7C] -> 0x8593
mem[X,0x80014E7E] -> 0x5055
[2020] [M]: 0x80014E7C (0x50558593) addi a1, a1, 1285
x11 <- 0x0000B505


mem[X,0x80014E80] -> 0x0613
mem[X,0x80014E82] -> 0x0000
[2021] [M]: 0x80014E80 (0x00000613) addi a2, zero, 0
x12 <- 0x00000000


mem[X,0x80014E84] -> 0x006F
mem[X,0x80014E86] -> 0x00C0
[2022] [M]: 0x80014E84 (0x00C0006F) jal zero, 12


mem[X,0x80014E90] -> 0x5CE3
mem[X,0x80014E92] -> 0xFEB5
[2023] [M]: 0x80014E90 (0xFEB55CE3) bge a0, a1, 8184


mem[X,0x80014E88] -> 0x0613
mem[X,0x80014E8A] -> 0x0016
[2024] [M]: 0x80014E88 (0x00160613) addi a2, a2, 1
x12 <- 0x00000001


mem[X,0x80014E8C] -> 0x006F
mem[X,0x80014E8E] -> 0x0180
[2025] [M]: 0x80014E8C (0x0180006F) jal zero, 24


mem[X,0x80014EA4] -> 0x2223
mem[X,0x80014EA6] -> 0x30C2
[2026] [M]: 0x80014EA4 (0x30C22223) sw a2, 772(tp)
mem[0x8003B46C] <- 0x00000001


mem[X,0x80014EA8] -> 0x6537
mem[X,0x80014EAA] -> 0x6666
[2027] [M]: 0x80014EA8 (0x66666537) lui a0, 419430
x10 <- 0x66666000


mem[X,0x80014EAC] -> 0x0513
mem[X,0x80014EAE] -> 0x6665
[2028] [M]: 0x80014EAC (0x66650513) addi a0, a0, 1638
x10 <- 0x66666666


mem[X,0x80014EB0] -> 0x0593
mem[X,0x80014EB2] -> 0x0030
[2029] [M]: 0x80014EB0 (0x00300593) addi a1, zero, 3
x11 <- 0x00000003


mem[X,0x80014EB4] -> 0x0613
mem[X,0x80014EB6] -> 0x0000
[2030] [M]: 0x80014EB4 (0x00000613) addi a2, zero, 0
x12 <- 0x00000000


mem[X,0x80014EB8] -> 0x006F
mem[X,0x80014EBA] -> 0x00C0
[2031] [M]: 0x80014EB8 (0x00C0006F) jal zero, 12


mem[X,0x80014EC4] -> 0x5663
mem[X,0x80014EC6] -> 0x00B5
[2032] [M]: 0x80014EC4 (0x00B55663) bge a0, a1, 12


mem[X,0x80014ED0] -> 0x0613
mem[X,0x80014ED2] -> 0x0036
[2033] [M]: 0x80014ED0 (0x00360613) addi a2, a2, 3
x12 <- 0x00000003


mem[X,0x80014ED4] -> 0x006F
mem[X,0x80014ED6] -> 0x0040
[2034] [M]: 0x80014ED4 (0x0040006F) jal zero, 4


mem[X,0x80014ED8] -> 0x2423
mem[X,0x80014EDA] -> 0x30C2
[2035] [M]: 0x80014ED8 (0x30C22423) sw a2, 776(tp)
mem[0x8003B470] <- 0x00000003


mem[X,0x80014EDC] -> 0x6537
mem[X,0x80014EDE] -> 0x6666
[2036] [M]: 0x80014EDC (0x66666537) lui a0, 419430
x10 <- 0x66666000


mem[X,0x80014EE0] -> 0x0513
mem[X,0x80014EE2] -> 0x6665
[2037] [M]: 0x80014EE0 (0x66650513) addi a0, a0, 1638
x10 <- 0x66666666


mem[X,0x80014EE4] -> 0x55B7
mem[X,0x80014EE6] -> 0x5555
[2038] [M]: 0x80014EE4 (0x555555B7) lui a1, 349525
x11 <- 0x55555000


mem[X,0x80014EE8] -> 0x8593
mem[X,0x80014EEA] -> 0x5555
[2039] [M]: 0x80014EE8 (0x55558593) addi a1, a1, 1365
x11 <- 0x55555555


mem[X,0x80014EEC] -> 0x0613
mem[X,0x80014EEE] -> 0x0000
[2040] [M]: 0x80014EEC (0x00000613) addi a2, zero, 0
x12 <- 0x00000000


mem[X,0x80014EF0] -> 0x006F
mem[X,0x80014EF2] -> 0x00C0
[2041] [M]: 0x80014EF0 (0x00C0006F) jal zero, 12


mem[X,0x80014EFC] -> 0x5063
mem[X,0x80014EFE] -> 0x04B5
[2042] [M]: 0x80014EFC (0x04B55063) bge a0, a1, 64


mem[X,0x80014F3C] -> 0x0613
mem[X,0x80014F3E] -> 0x0036
[2043] [M]: 0x80014F3C (0x00360613) addi a2, a2, 3
x12 <- 0x00000003


mem[X,0x80014F40] -> 0x006F
mem[X,0x80014F42] -> 0x0040
[2044] [M]: 0x80014F40 (0x0040006F) jal zero, 4


mem[X,0x80014F44] -> 0x2623
mem[X,0x80014F46] -> 0x30C2
[2045] [M]: 0x80014F44 (0x30C22623) sw a2, 780(tp)
mem[0x8003B474] <- 0x00000003


mem[X,0x80014F48] -> 0x6537
mem[X,0x80014F4A] -> 0x6666
[2046] [M]: 0x80014F48 (0x66666537) lui a0, 419430
x10 <- 0x66666000


mem[X,0x80014F4C] -> 0x0513
mem[X,0x80014F4E] -> 0x6665
[2047] [M]: 0x80014F4C (0x66650513) addi a0, a0, 1638
x10 <- 0x66666666


mem[X,0x80014F50] -> 0xB5B7
mem[X,0x80014F52] -> 0xAAAA
[2048] [M]: 0x80014F50 (0xAAAAB5B7) lui a1, 699051
x11 <- 0xAAAAB000


mem[X,0x80014F54] -> 0x8593
mem[X,0x80014F56] -> 0xAAA5
[2049] [M]: 0x80014F54 (0xAAA58593) addi a1, a1, 2730
x11 <- 0xAAAAAAAA


mem[X,0x80014F58] -> 0x0613
mem[X,0x80014F5A] -> 0x0000
[2050] [M]: 0x80014F58 (0x00000613) addi a2, zero, 0
x12 <- 0x00000000


mem[X,0x80014F5C] -> 0x006F
mem[X,0x80014F5E] -> 0x00C0
[2051] [M]: 0x80014F5C (0x00C0006F) jal zero, 12


mem[X,0x80014F68] -> 0x5063
mem[X,0x80014F6A] -> 0x10B5
[2052] [M]: 0x80014F68 (0x10B55063) bge a0, a1, 256


mem[X,0x80015068] -> 0x0613
mem[X,0x8001506A] -> 0x0036
[2053] [M]: 0x80015068 (0x00360613) addi a2, a2, 3
x12 <- 0x00000003


mem[X,0x8001506C] -> 0x006F
mem[X,0x8001506E] -> 0x0040
[2054] [M]: 0x8001506C (0x0040006F) jal zero, 4


mem[X,0x80015070] -> 0x2823
mem[X,0x80015072] -> 0x30C2
[2055] [M]: 0x80015070 (0x30C22823) sw a2, 784(tp)
mem[0x8003B478] <- 0x00000003


mem[X,0x80015074] -> 0x6537
mem[X,0x80015076] -> 0x6666
[2056] [M]: 0x80015074 (0x66666537) lui a0, 419430
x10 <- 0x66666000


mem[X,0x80015078] -> 0x0513
mem[X,0x8001507A] -> 0x6665
[2057] [M]: 0x80015078 (0x66650513) addi a0, a0, 1638
x10 <- 0x66666666


mem[X,0x8001507C] -> 0x0593
mem[X,0x8001507E] -> 0x0050
[2058] [M]: 0x8001507C (0x00500593) addi a1, zero, 5
x11 <- 0x00000005


mem[X,0x80015080] -> 0x0613
mem[X,0x80015082] -> 0x0000
[2059] [M]: 0x80015080 (0x00000613) addi a2, zero, 0
x12 <- 0x00000000


mem[X,0x80015084] -> 0x006F
mem[X,0x80015086] -> 0x00C0
[2060] [M]: 0x80015084 (0x00C0006F) jal zero, 12


mem[X,0x80015090] -> 0x5063
mem[X,0x80015092] -> 0x08B5
[2061] [M]: 0x80015090 (0x08B55063) bge a0, a1, 128


mem[X,0x80015110] -> 0x0613
mem[X,0x80015112] -> 0x0036
[2062] [M]: 0x80015110 (0x00360613) addi a2, a2, 3
x12 <- 0x00000003


mem[X,0x80015114] -> 0x006F
mem[X,0x80015116] -> 0x0040
[2063] [M]: 0x80015114 (0x0040006F) jal zero, 4


mem[X,0x80015118] -> 0x2A23
mem[X,0x8001511A] -> 0x30C2
[2064] [M]: 0x80015118 (0x30C22A23) sw a2, 788(tp)
mem[0x8003B47C] <- 0x00000003


mem[X,0x8001511C] -> 0x6537
mem[X,0x8001511E] -> 0x6666
[2065] [M]: 0x8001511C (0x66666537) lui a0, 419430
x10 <- 0x66666000


mem[X,0x80015120] -> 0x0513
mem[X,0x80015122] -> 0x6665
[2066] [M]: 0x80015120 (0x66650513) addi a0, a0, 1638
x10 <- 0x66666666


mem[X,0x80015124] -> 0x35B7
mem[X,0x80015126] -> 0x3333
[2067] [M]: 0x80015124 (0x333335B7) lui a1, 209715
x11 <- 0x33333000


mem[X,0x80015128] -> 0x8593
mem[X,0x8001512A] -> 0x3335
[2068] [M]: 0x80015128 (0x33358593) addi a1, a1, 819
x11 <- 0x33333333


mem[X,0x8001512C] -> 0x0613
mem[X,0x8001512E] -> 0x0000
[2069] [M]: 0x8001512C (0x00000613) addi a2, zero, 0
x12 <- 0x00000000


mem[X,0x80015130] -> 0x006F
mem[X,0x80015132] -> 0x2B10
[2070] [M]: 0x80015130 (0x2B10006F) jal zero, 2736


mem[X,0x80015BE0] -> 0x5A63
mem[X,0x80015BE2] -> 0xD4B5
[2071] [M]: 0x80015BE0 (0xD4B55A63) bge a0, a1, 5460


mem[X,0x80015134] -> 0x0613
mem[X,0x80015136] -> 0x0016
[2072] [M]: 0x80015134 (0x00160613) addi a2, a2, 1
x12 <- 0x00000001


mem[X,0x80015138] -> 0x006F
mem[X,0x8001513A] -> 0x2BD0
[2073] [M]: 0x80015138 (0x2BD0006F) jal zero, 2748


mem[X,0x80015BF4] -> 0x2C23
mem[X,0x80015BF6] -> 0x30C2
[2074] [M]: 0x80015BF4 (0x30C22C23) sw a2, 792(tp)
mem[0x8003B480] <- 0x00000001


mem[X,0x80015BF8] -> 0x6537
mem[X,0x80015BFA] -> 0x6666
[2075] [M]: 0x80015BF8 (0x66666537) lui a0, 419430
x10 <- 0x66666000


mem[X,0x80015BFC] -> 0x0513
mem[X,0x80015BFE] -> 0x6665
[2076] [M]: 0x80015BFC (0x66650513) addi a0, a0, 1638
x10 <- 0x66666666


mem[X,0x80015C00] -> 0x65B7
mem[X,0x80015C02] -> 0x6666
[2077] [M]: 0x80015C00 (0x666665B7) lui a1, 419430
x11 <- 0x66666000


mem[X,0x80015C04] -> 0x8593
mem[X,0x80015C06] -> 0x6665
[2078] [M]: 0x80015C04 (0x66658593) addi a1, a1, 1638
x11 <- 0x66666666


mem[X,0x80015C08] -> 0x0613
mem[X,0x80015C0A] -> 0x0000
[2079] [M]: 0x80015C08 (0x00000613) addi a2, zero, 0
x12 <- 0x00000000


mem[X,0x80015C0C] -> 0x006F
mem[X,0x80015C0E] -> 0x00C0
[2080] [M]: 0x80015C0C (0x00C0006F) jal zero, 12


mem[X,0x80015C18] -> 0x5063
mem[X,0x80015C1A] -> 0x20B5
[2081] [M]: 0x80015C18 (0x20B55063) bge a0, a1, 512


mem[X,0x80015E18] -> 0x0613
mem[X,0x80015E1A] -> 0x0036
[2082] [M]: 0x80015E18 (0x00360613) addi a2, a2, 3
x12 <- 0x00000003


mem[X,0x80015E1C] -> 0x006F
mem[X,0x80015E1E] -> 0x0040
[2083] [M]: 0x80015E1C (0x0040006F) jal zero, 4


mem[X,0x80015E20] -> 0x2E23
mem[X,0x80015E22] -> 0x30C2
[2084] [M]: 0x80015E20 (0x30C22E23) sw a2, 796(tp)
mem[0x8003B484] <- 0x00000003


mem[X,0x80015E24] -> 0x6537
mem[X,0x80015E26] -> 0x6666
[2085] [M]: 0x80015E24 (0x66666537) lui a0, 419430
x10 <- 0x66666000


mem[X,0x80015E28] -> 0x0513
mem[X,0x80015E2A] -> 0x6665
[2086] [M]: 0x80015E28 (0x66650513) addi a0, a0, 1638
x10 <- 0x66666666


mem[X,0x80015E2C] -> 0x55B7
mem[X,0x80015E2E] -> 0xFFFF
[2087] [M]: 0x80015E2C (0xFFFF55B7) lui a1, 1048565
x11 <- 0xFFFF5000


mem[X,0x80015E30] -> 0x8593
mem[X,0x80015E32] -> 0xAFC5
[2088] [M]: 0x80015E30 (0xAFC58593) addi a1, a1, 2812
x11 <- 0xFFFF4AFC


mem[X,0x80015E34] -> 0x0613
mem[X,0x80015E36] -> 0x0000
[2089] [M]: 0x80015E34 (0x00000613) addi a2, zero, 0
x12 <- 0x00000000


mem[X,0x80015E38] -> 0x006F
mem[X,0x80015E3A] -> 0x00C0
[2090] [M]: 0x80015E38 (0x00C0006F) jal zero, 12


mem[X,0x80015E44] -> 0x5CE3
mem[X,0x80015E46] -> 0xFEB5
[2091] [M]: 0x80015E44 (0xFEB55CE3) bge a0, a1, 8184


mem[X,0x80015E3C] -> 0x0613
mem[X,0x80015E3E] -> 0x0016
[2092] [M]: 0x80015E3C (0x00160613) addi a2, a2, 1
x12 <- 0x00000001


mem[X,0x80015E40] -> 0x006F
mem[X,0x80015E42] -> 0x0180
[2093] [M]: 0x80015E40 (0x0180006F) jal zero, 24


mem[X,0x80015E58] -> 0x2023
mem[X,0x80015E5A] -> 0x32C2
[2094] [M]: 0x80015E58 (0x32C22023) sw a2, 800(tp)
mem[0x8003B488] <- 0x00000001


mem[X,0x80015E5C] -> 0x6537
mem[X,0x80015E5E] -> 0x6666
[2095] [M]: 0x80015E5C (0x66666537) lui a0, 419430
x10 <- 0x66666000


mem[X,0x80015E60] -> 0x0513
mem[X,0x80015E62] -> 0x6665
[2096] [M]: 0x80015E60 (0x66650513) addi a0, a0, 1638
x10 <- 0x66666666


mem[X,0x80015E64] -> 0xB5B7
mem[X,0x80015E66] -> 0x0000
[2097] [M]: 0x80015E64 (0x0000B5B7) lui a1, 11
x11 <- 0x0000B000


mem[X,0x80015E68] -> 0x8593
mem[X,0x80015E6A] -> 0x5045
[2098] [M]: 0x80015E68 (0x50458593) addi a1, a1, 1284
x11 <- 0x0000B504


mem[X,0x80015E6C] -> 0x0613
mem[X,0x80015E6E] -> 0x0000
[2099] [M]: 0x80015E6C (0x00000613) addi a2, zero, 0
x12 <- 0x00000000


clint::tick mtime <- 0x0000000000000015
 clint timer pending at mtime 0x0000000000000015
htif::tick 0x0000000000000000
mem[X,0x80015E70] -> 0x006F
mem[X,0x80015E72] -> 0x00C0
[2100] [M]: 0x80015E70 (0x00C0006F) jal zero, 12


mem[X,0x80015E7C] -> 0x5063
mem[X,0x80015E7E] -> 0x02B5
[2101] [M]: 0x80015E7C (0x02B55063) bge a0, a1, 32


mem[X,0x80015E9C] -> 0x0613
mem[X,0x80015E9E] -> 0x0036
[2102] [M]: 0x80015E9C (0x00360613) addi a2, a2, 3
x12 <- 0x00000003


mem[X,0x80015EA0] -> 0x006F
mem[X,0x80015EA2] -> 0x0040
[2103] [M]: 0x80015EA0 (0x0040006F) jal zero, 4


mem[X,0x80015EA4] -> 0x2223
mem[X,0x80015EA6] -> 0x32C2
[2104] [M]: 0x80015EA4 (0x32C22223) sw a2, 804(tp)
mem[0x8003B48C] <- 0x00000003


mem[X,0x80015EA8] -> 0x6537
mem[X,0x80015EAA] -> 0x6666
[2105] [M]: 0x80015EA8 (0x66666537) lui a0, 419430
x10 <- 0x66666000


mem[X,0x80015EAC] -> 0x0513
mem[X,0x80015EAE] -> 0x6665
[2106] [M]: 0x80015EAC (0x66650513) addi a0, a0, 1638
x10 <- 0x66666666


mem[X,0x80015EB0] -> 0x0593
mem[X,0x80015EB2] -> 0x0020
[2107] [M]: 0x80015EB0 (0x00200593) addi a1, zero, 2
x11 <- 0x00000002


mem[X,0x80015EB4] -> 0x0613
mem[X,0x80015EB6] -> 0x0000
[2108] [M]: 0x80015EB4 (0x00000613) addi a2, zero, 0
x12 <- 0x00000000


mem[X,0x80015EB8] -> 0x006F
mem[X,0x80015EBA] -> 0x0050
[2109] [M]: 0x80015EB8 (0x0050006F) jal zero, 2052


mem[X,0x800166BC] -> 0x50E3
mem[X,0x800166BE] -> 0x80B5
[2110] [M]: 0x800166BC (0x80B550E3) bge a0, a1, 6144


mem[X,0x80015EBC] -> 0x0613
mem[X,0x80015EBE] -> 0x0016
[2111] [M]: 0x80015EBC (0x00160613) addi a2, a2, 1
x12 <- 0x00000001


mem[X,0x80015EC0] -> 0x006F
mem[X,0x80015EC2] -> 0x0110
[2112] [M]: 0x80015EC0 (0x0110006F) jal zero, 2064


mem[X,0x800166D0] -> 0x2423
mem[X,0x800166D2] -> 0x32C2
[2113] [M]: 0x800166D0 (0x32C22423) sw a2, 808(tp)
mem[0x8003B490] <- 0x00000001


mem[X,0x800166D4] -> 0x6537
mem[X,0x800166D6] -> 0x6666
[2114] [M]: 0x800166D4 (0x66666537) lui a0, 419430
x10 <- 0x66666000


mem[X,0x800166D8] -> 0x0513
mem[X,0x800166DA] -> 0x6665
[2115] [M]: 0x800166D8 (0x66650513) addi a0, a0, 1638
x10 <- 0x66666666


mem[X,0x800166DC] -> 0x55B7
mem[X,0x800166DE] -> 0x5555
[2116] [M]: 0x800166DC (0x555555B7) lui a1, 349525
x11 <- 0x55555000


mem[X,0x800166E0] -> 0x8593
mem[X,0x800166E2] -> 0x5545
[2117] [M]: 0x800166E0 (0x55458593) addi a1, a1, 1364
x11 <- 0x55555554


mem[X,0x800166E4] -> 0x0613
mem[X,0x800166E6] -> 0x0000
[2118] [M]: 0x800166E4 (0x00000613) addi a2, zero, 0
x12 <- 0x00000000


mem[X,0x800166E8] -> 0x006F
mem[X,0x800166EA] -> 0x00C0
[2119] [M]: 0x800166E8 (0x00C0006F) jal zero, 12


mem[X,0x800166F4] -> 0x5663
mem[X,0x800166F6] -> 0x00B5
[2120] [M]: 0x800166F4 (0x00B55663) bge a0, a1, 12


mem[X,0x80016700] -> 0x0613
mem[X,0x80016702] -> 0x0036
[2121] [M]: 0x80016700 (0x00360613) addi a2, a2, 3
x12 <- 0x00000003


mem[X,0x80016704] -> 0x006F
mem[X,0x80016706] -> 0x0040
[2122] [M]: 0x80016704 (0x0040006F) jal zero, 4


mem[X,0x80016708] -> 0x2623
mem[X,0x8001670A] -> 0x32C2
[2123] [M]: 0x80016708 (0x32C22623) sw a2, 812(tp)
mem[0x8003B494] <- 0x00000003


mem[X,0x8001670C] -> 0x6537
mem[X,0x8001670E] -> 0x6666
[2124] [M]: 0x8001670C (0x66666537) lui a0, 419430
x10 <- 0x66666000


mem[X,0x80016710] -> 0x0513
mem[X,0x80016712] -> 0x6665
[2125] [M]: 0x80016710 (0x66650513) addi a0, a0, 1638
x10 <- 0x66666666


mem[X,0x80016714] -> 0x0593
mem[X,0x80016716] -> 0x0000
[2126] [M]: 0x80016714 (0x00000593) addi a1, zero, 0
x11 <- 0x00000000


mem[X,0x80016718] -> 0x0613
mem[X,0x8001671A] -> 0x0000
[2127] [M]: 0x80016718 (0x00000613) addi a2, zero, 0
x12 <- 0x00000000


mem[X,0x8001671C] -> 0x006F
mem[X,0x8001671E] -> 0x00C0
[2128] [M]: 0x8001671C (0x00C0006F) jal zero, 12


mem[X,0x80016728] -> 0x5063
mem[X,0x8001672A] -> 0x10B5
[2129] [M]: 0x80016728 (0x10B55063) bge a0, a1, 256


mem[X,0x80016828] -> 0x0613
mem[X,0x8001682A] -> 0x0036
[2130] [M]: 0x80016828 (0x00360613) addi a2, a2, 3
x12 <- 0x00000003


mem[X,0x8001682C] -> 0x006F
mem[X,0x8001682E] -> 0x0040
[2131] [M]: 0x8001682C (0x0040006F) jal zero, 4


mem[X,0x80016830] -> 0x2823
mem[X,0x80016832] -> 0x32C2
[2132] [M]: 0x80016830 (0x32C22823) sw a2, 816(tp)
mem[0x8003B498] <- 0x00000003


mem[X,0x80016834] -> 0x6537
mem[X,0x80016836] -> 0x6666
[2133] [M]: 0x80016834 (0x66666537) lui a0, 419430
x10 <- 0x66666000


mem[X,0x80016838] -> 0x0513
mem[X,0x8001683A] -> 0x6665
[2134] [M]: 0x80016838 (0x66650513) addi a0, a0, 1638
x10 <- 0x66666666


mem[X,0x8001683C] -> 0x0593
mem[X,0x8001683E] -> 0x0040
[2135] [M]: 0x8001683C (0x00400593) addi a1, zero, 4
x11 <- 0x00000004


mem[X,0x80016840] -> 0x0613
mem[X,0x80016842] -> 0x0000
[2136] [M]: 0x80016840 (0x00000613) addi a2, zero, 0
x12 <- 0x00000000


mem[X,0x80016844] -> 0x006F
mem[X,0x80016846] -> 0x00C0
[2137] [M]: 0x80016844 (0x00C0006F) jal zero, 12


mem[X,0x80016850] -> 0x5CE3
mem[X,0x80016852] -> 0xFEB5
[2138] [M]: 0x80016850 (0xFEB55CE3) bge a0, a1, 8184


mem[X,0x80016848] -> 0x0613
mem[X,0x8001684A] -> 0x0016
[2139] [M]: 0x80016848 (0x00160613) addi a2, a2, 1
x12 <- 0x00000001


mem[X,0x8001684C] -> 0x006F
mem[X,0x8001684E] -> 0x0180
[2140] [M]: 0x8001684C (0x0180006F) jal zero, 24


mem[X,0x80016864] -> 0x2A23
mem[X,0x80016866] -> 0x32C2
[2141] [M]: 0x80016864 (0x32C22A23) sw a2, 820(tp)
mem[0x8003B49C] <- 0x00000001


mem[X,0x80016868] -> 0x6537
mem[X,0x8001686A] -> 0x6666
[2142] [M]: 0x80016868 (0x66666537) lui a0, 419430
x10 <- 0x66666000


mem[X,0x8001686C] -> 0x0513
mem[X,0x8001686E] -> 0x6665
[2143] [M]: 0x8001686C (0x66650513) addi a0, a0, 1638
x10 <- 0x66666666


mem[X,0x80016870] -> 0x35B7
mem[X,0x80016872] -> 0x3333
[2144] [M]: 0x80016870 (0x333335B7) lui a1, 209715
x11 <- 0x33333000


mem[X,0x80016874] -> 0x8593
mem[X,0x80016876] -> 0x3325
[2145] [M]: 0x80016874 (0x33258593) addi a1, a1, 818
x11 <- 0x33333332


mem[X,0x80016878] -> 0x0613
mem[X,0x8001687A] -> 0x0000
[2146] [M]: 0x80016878 (0x00000613) addi a2, zero, 0
x12 <- 0x00000000


mem[X,0x8001687C] -> 0x006F
mem[X,0x8001687E] -> 0x00C0
[2147] [M]: 0x8001687C (0x00C0006F) jal zero, 12


mem[X,0x80016888] -> 0x5CE3
mem[X,0x8001688A] -> 0xFEB5
[2148] [M]: 0x80016888 (0xFEB55CE3) bge a0, a1, 8184


mem[X,0x80016880] -> 0x0613
mem[X,0x80016882] -> 0x0016
[2149] [M]: 0x80016880 (0x00160613) addi a2, a2, 1
x12 <- 0x00000001


mem[X,0x80016884] -> 0x006F
mem[X,0x80016886] -> 0x0180
[2150] [M]: 0x80016884 (0x0180006F) jal zero, 24


mem[X,0x8001689C] -> 0x2C23
mem[X,0x8001689E] -> 0x32C2
[2151] [M]: 0x8001689C (0x32C22C23) sw a2, 824(tp)
mem[0x8003B4A0] <- 0x00000001


mem[X,0x800168A0] -> 0x6537
mem[X,0x800168A2] -> 0x6666
[2152] [M]: 0x800168A0 (0x66666537) lui a0, 419430
x10 <- 0x66666000


mem[X,0x800168A4] -> 0x0513
mem[X,0x800168A6] -> 0x6665
[2153] [M]: 0x800168A4 (0x66650513) addi a0, a0, 1638
x10 <- 0x66666666


mem[X,0x800168A8] -> 0x65B7
mem[X,0x800168AA] -> 0x6666
[2154] [M]: 0x800168A8 (0x666665B7) lui a1, 419430
x11 <- 0x66666000


mem[X,0x800168AC] -> 0x8593
mem[X,0x800168AE] -> 0x6655
[2155] [M]: 0x800168AC (0x66558593) addi a1, a1, 1637
x11 <- 0x66666665


mem[X,0x800168B0] -> 0x0613
mem[X,0x800168B2] -> 0x0000
[2156] [M]: 0x800168B0 (0x00000613) addi a2, zero, 0
x12 <- 0x00000000


mem[X,0x800168B4] -> 0x006F
mem[X,0x800168B6] -> 0x00C0
[2157] [M]: 0x800168B4 (0x00C0006F) jal zero, 12


mem[X,0x800168C0] -> 0x5663
mem[X,0x800168C2] -> 0x00B5
[2158] [M]: 0x800168C0 (0x00B55663) bge a0, a1, 12


mem[X,0x800168CC] -> 0x0613
mem[X,0x800168CE] -> 0x0036
[2159] [M]: 0x800168CC (0x00360613) addi a2, a2, 3
x12 <- 0x00000003


mem[X,0x800168D0] -> 0x006F
mem[X,0x800168D2] -> 0x0040
[2160] [M]: 0x800168D0 (0x0040006F) jal zero, 4


mem[X,0x800168D4] -> 0x2E23
mem[X,0x800168D6] -> 0x32C2
[2161] [M]: 0x800168D4 (0x32C22E23) sw a2, 828(tp)
mem[0x8003B4A4] <- 0x00000003


mem[X,0x800168D8] -> 0x6537
mem[X,0x800168DA] -> 0x6666
[2162] [M]: 0x800168D8 (0x66666537) lui a0, 419430
x10 <- 0x66666000


mem[X,0x800168DC] -> 0x0513
mem[X,0x800168DE] -> 0x6665
[2163] [M]: 0x800168DC (0x66650513) addi a0, a0, 1638
x10 <- 0x66666666


mem[X,0x800168E0] -> 0xB5B7
mem[X,0x800168E2] -> 0x0000
[2164] [M]: 0x800168E0 (0x0000B5B7) lui a1, 11
x11 <- 0x0000B000


mem[X,0x800168E4] -> 0x8593
mem[X,0x800168E6] -> 0x5035
[2165] [M]: 0x800168E4 (0x50358593) addi a1, a1, 1283
x11 <- 0x0000B503


mem[X,0x800168E8] -> 0x0613
mem[X,0x800168EA] -> 0x0000
[2166] [M]: 0x800168E8 (0x00000613) addi a2, zero, 0
x12 <- 0x00000000


mem[X,0x800168EC] -> 0x006F
mem[X,0x800168EE] -> 0x00C0
[2167] [M]: 0x800168EC (0x00C0006F) jal zero, 12


mem[X,0x800168F8] -> 0x5063
mem[X,0x800168FA] -> 0x02B5
[2168] [M]: 0x800168F8 (0x02B55063) bge a0, a1, 32


mem[X,0x80016918] -> 0x0613
mem[X,0x8001691A] -> 0x0036
[2169] [M]: 0x80016918 (0x00360613) addi a2, a2, 3
x12 <- 0x00000003


mem[X,0x8001691C] -> 0x006F
mem[X,0x8001691E] -> 0x0040
[2170] [M]: 0x8001691C (0x0040006F) jal zero, 4


mem[X,0x80016920] -> 0x2023
mem[X,0x80016922] -> 0x34C2
[2171] [M]: 0x80016920 (0x34C22023) sw a2, 832(tp)
mem[0x8003B4A8] <- 0x00000003


mem[X,0x80016924] -> 0x6537
mem[X,0x80016926] -> 0x6666
[2172] [M]: 0x80016924 (0x66666537) lui a0, 419430
x10 <- 0x66666000


mem[X,0x80016928] -> 0x0513
mem[X,0x8001692A] -> 0x6665
[2173] [M]: 0x80016928 (0x66650513) addi a0, a0, 1638
x10 <- 0x66666666


mem[X,0x8001692C] -> 0x55B7
mem[X,0x8001692E] -> 0x5555
[2174] [M]: 0x8001692C (0x555555B7) lui a1, 349525
x11 <- 0x55555000


mem[X,0x80016930] -> 0x8593
mem[X,0x80016932] -> 0x5565
[2175] [M]: 0x80016930 (0x55658593) addi a1, a1, 1366
x11 <- 0x55555556


mem[X,0x80016934] -> 0x0613
mem[X,0x80016936] -> 0x0000
[2176] [M]: 0x80016934 (0x00000613) addi a2, zero, 0
x12 <- 0x00000000


mem[X,0x80016938] -> 0x006F
mem[X,0x8001693A] -> 0x00C0
[2177] [M]: 0x80016938 (0x00C0006F) jal zero, 12


mem[X,0x80016944] -> 0x5CE3
mem[X,0x80016946] -> 0xFEB5
[2178] [M]: 0x80016944 (0xFEB55CE3) bge a0, a1, 8184


mem[X,0x8001693C] -> 0x0613
mem[X,0x8001693E] -> 0x0016
[2179] [M]: 0x8001693C (0x00160613) addi a2, a2, 1
x12 <- 0x00000001


mem[X,0x80016940] -> 0x006F
mem[X,0x80016942] -> 0x0180
[2180] [M]: 0x80016940 (0x0180006F) jal zero, 24


mem[X,0x80016958] -> 0x2223
mem[X,0x8001695A] -> 0x34C2
[2181] [M]: 0x80016958 (0x34C22223) sw a2, 836(tp)
mem[0x8003B4AC] <- 0x00000001


mem[X,0x8001695C] -> 0x6537
mem[X,0x8001695E] -> 0x6666
[2182] [M]: 0x8001695C (0x66666537) lui a0, 419430
x10 <- 0x66666000


mem[X,0x80016960] -> 0x0513
mem[X,0x80016962] -> 0x6665
[2183] [M]: 0x80016960 (0x66650513) addi a0, a0, 1638
x10 <- 0x66666666


mem[X,0x80016964] -> 0xB5B7
mem[X,0x80016966] -> 0xAAAA
[2184] [M]: 0x80016964 (0xAAAAB5B7) lui a1, 699051
x11 <- 0xAAAAB000


mem[X,0x80016968] -> 0x8593
mem[X,0x8001696A] -> 0xAAB5
[2185] [M]: 0x80016968 (0xAAB58593) addi a1, a1, 2731
x11 <- 0xAAAAAAAB


mem[X,0x8001696C] -> 0x0613
mem[X,0x8001696E] -> 0x0000
[2186] [M]: 0x8001696C (0x00000613) addi a2, zero, 0
x12 <- 0x00000000


mem[X,0x80016970] -> 0x006F
mem[X,0x80016972] -> 0x00C0
[2187] [M]: 0x80016970 (0x00C0006F) jal zero, 12


mem[X,0x8001697C] -> 0x5CE3
mem[X,0x8001697E] -> 0xFEB5
[2188] [M]: 0x8001697C (0xFEB55CE3) bge a0, a1, 8184


mem[X,0x80016974] -> 0x0613
mem[X,0x80016976] -> 0x0016
[2189] [M]: 0x80016974 (0x00160613) addi a2, a2, 1
x12 <- 0x00000001


mem[X,0x80016978] -> 0x006F
mem[X,0x8001697A] -> 0x0180
[2190] [M]: 0x80016978 (0x0180006F) jal zero, 24


mem[X,0x80016990] -> 0x2423
mem[X,0x80016992] -> 0x34C2
[2191] [M]: 0x80016990 (0x34C22423) sw a2, 840(tp)
mem[0x8003B4B0] <- 0x00000001


mem[X,0x80016994] -> 0x6537
mem[X,0x80016996] -> 0x6666
[2192] [M]: 0x80016994 (0x66666537) lui a0, 419430
x10 <- 0x66666000


mem[X,0x80016998] -> 0x0513
mem[X,0x8001699A] -> 0x6665
[2193] [M]: 0x80016998 (0x66650513) addi a0, a0, 1638
x10 <- 0x66666666


mem[X,0x8001699C] -> 0x0593
mem[X,0x8001699E] -> 0x0060
[2194] [M]: 0x8001699C (0x00600593) addi a1, zero, 6
x11 <- 0x00000006


mem[X,0x800169A0] -> 0x0613
mem[X,0x800169A2] -> 0x0000
[2195] [M]: 0x800169A0 (0x00000613) addi a2, zero, 0
x12 <- 0x00000000


mem[X,0x800169A4] -> 0x006F
mem[X,0x800169A6] -> 0x0050
[2196] [M]: 0x800169A4 (0x0050006F) jal zero, 2052


mem[X,0x800171A8] -> 0x50E3
mem[X,0x800171AA] -> 0x80B5
[2197] [M]: 0x800171A8 (0x80B550E3) bge a0, a1, 6144


mem[X,0x800169A8] -> 0x0613
mem[X,0x800169AA] -> 0x0016
[2198] [M]: 0x800169A8 (0x00160613) addi a2, a2, 1
x12 <- 0x00000001


mem[X,0x800169AC] -> 0x006F
mem[X,0x800169AE] -> 0x0110
[2199] [M]: 0x800169AC (0x0110006F) jal zero, 2064


clint::tick mtime <- 0x0000000000000016
 clint timer pending at mtime 0x0000000000000016
htif::tick 0x0000000000000000
mem[X,0x800171BC] -> 0x2623
mem[X,0x800171BE] -> 0x34C2
[2200] [M]: 0x800171BC (0x34C22623) sw a2, 844(tp)
mem[0x8003B4B4] <- 0x00000001


mem[X,0x800171C0] -> 0x6537
mem[X,0x800171C2] -> 0x6666
[2201] [M]: 0x800171C0 (0x66666537) lui a0, 419430
x10 <- 0x66666000


mem[X,0x800171C4] -> 0x0513
mem[X,0x800171C6] -> 0x6665
[2202] [M]: 0x800171C4 (0x66650513) addi a0, a0, 1638
x10 <- 0x66666666


mem[X,0x800171C8] -> 0x35B7
mem[X,0x800171CA] -> 0x3333
[2203] [M]: 0x800171C8 (0x333335B7) lui a1, 209715
x11 <- 0x33333000


mem[X,0x800171CC] -> 0x8593
mem[X,0x800171CE] -> 0x3345
[2204] [M]: 0x800171CC (0x33458593) addi a1, a1, 820
x11 <- 0x33333334


mem[X,0x800171D0] -> 0x0613
mem[X,0x800171D2] -> 0x0000
[2205] [M]: 0x800171D0 (0x00000613) addi a2, zero, 0
x12 <- 0x00000000


mem[X,0x800171D4] -> 0x006F
mem[X,0x800171D6] -> 0x0050
[2206] [M]: 0x800171D4 (0x0050006F) jal zero, 2052


mem[X,0x800179D8] -> 0x50E3
mem[X,0x800179DA] -> 0x80B5
[2207] [M]: 0x800179D8 (0x80B550E3) bge a0, a1, 6144


mem[X,0x800171D8] -> 0x0613
mem[X,0x800171DA] -> 0x0016
[2208] [M]: 0x800171D8 (0x00160613) addi a2, a2, 1
x12 <- 0x00000001


mem[X,0x800171DC] -> 0x006F
mem[X,0x800171DE] -> 0x0110
[2209] [M]: 0x800171DC (0x0110006F) jal zero, 2064


mem[X,0x800179EC] -> 0x2823
mem[X,0x800179EE] -> 0x34C2
[2210] [M]: 0x800179EC (0x34C22823) sw a2, 848(tp)
mem[0x8003B4B8] <- 0x00000001


mem[X,0x800179F0] -> 0x6537
mem[X,0x800179F2] -> 0x6666
[2211] [M]: 0x800179F0 (0x66666537) lui a0, 419430
x10 <- 0x66666000


mem[X,0x800179F4] -> 0x0513
mem[X,0x800179F6] -> 0x6665
[2212] [M]: 0x800179F4 (0x66650513) addi a0, a0, 1638
x10 <- 0x66666666


mem[X,0x800179F8] -> 0x65B7
mem[X,0x800179FA] -> 0x6666
[2213] [M]: 0x800179F8 (0x666665B7) lui a1, 419430
x11 <- 0x66666000


mem[X,0x800179FC] -> 0x8593
mem[X,0x800179FE] -> 0x6675
[2214] [M]: 0x800179FC (0x66758593) addi a1, a1, 1639
x11 <- 0x66666667


mem[X,0x80017A00] -> 0x0613
mem[X,0x80017A02] -> 0x0000
[2215] [M]: 0x80017A00 (0x00000613) addi a2, zero, 0
x12 <- 0x00000000


mem[X,0x80017A04] -> 0x006F
mem[X,0x80017A06] -> 0x00C0
[2216] [M]: 0x80017A04 (0x00C0006F) jal zero, 12


mem[X,0x80017A10] -> 0x5063
mem[X,0x80017A12] -> 0x08B5
[2217] [M]: 0x80017A10 (0x08B55063) bge a0, a1, 128


mem[X,0x80017A14] -> 0x0613
mem[X,0x80017A16] -> 0x0026
[2218] [M]: 0x80017A14 (0x00260613) addi a2, a2, 2
x12 <- 0x00000002


mem[X,0x80017A18] -> 0x006F
mem[X,0x80017A1A] -> 0x0800
[2219] [M]: 0x80017A18 (0x0800006F) jal zero, 128


mem[X,0x80017A98] -> 0x2A23
mem[X,0x80017A9A] -> 0x34C2
[2220] [M]: 0x80017A98 (0x34C22A23) sw a2, 852(tp)
mem[0x8003B4BC] <- 0x00000002


mem[X,0x80017A9C] -> 0x6537
mem[X,0x80017A9E] -> 0x6666
[2221] [M]: 0x80017A9C (0x66666537) lui a0, 419430
x10 <- 0x66666000


mem[X,0x80017AA0] -> 0x0513
mem[X,0x80017AA2] -> 0x6665
[2222] [M]: 0x80017AA0 (0x66650513) addi a0, a0, 1638
x10 <- 0x66666666


mem[X,0x80017AA4] -> 0x55B7
mem[X,0x80017AA6] -> 0xFFFF
[2223] [M]: 0x80017AA4 (0xFFFF55B7) lui a1, 1048565
x11 <- 0xFFFF5000


mem[X,0x80017AA8] -> 0x8593
mem[X,0x80017AAA] -> 0xAFD5
[2224] [M]: 0x80017AA8 (0xAFD58593) addi a1, a1, 2813
x11 <- 0xFFFF4AFD


mem[X,0x80017AAC] -> 0x0613
mem[X,0x80017AAE] -> 0x0000
[2225] [M]: 0x80017AAC (0x00000613) addi a2, zero, 0
x12 <- 0x00000000


mem[X,0x80017AB0] -> 0x006F
mem[X,0x80017AB2] -> 0x00C0
[2226] [M]: 0x80017AB0 (0x00C0006F) jal zero, 12


mem[X,0x80017ABC] -> 0x5063
mem[X,0x80017ABE] -> 0x10B5
[2227] [M]: 0x80017ABC (0x10B55063) bge a0, a1, 256


mem[X,0x80017BBC] -> 0x0613
mem[X,0x80017BBE] -> 0x0036
[2228] [M]: 0x80017BBC (0x00360613) addi a2, a2, 3
x12 <- 0x00000003


mem[X,0x80017BC0] -> 0x006F
mem[X,0x80017BC2] -> 0x0040
[2229] [M]: 0x80017BC0 (0x0040006F) jal zero, 4


mem[X,0x80017BC4] -> 0x2C23
mem[X,0x80017BC6] -> 0x34C2
[2230] [M]: 0x80017BC4 (0x34C22C23) sw a2, 856(tp)
mem[0x8003B4C0] <- 0x00000003


mem[X,0x80017BC8] -> 0x6537
mem[X,0x80017BCA] -> 0x6666
[2231] [M]: 0x80017BC8 (0x66666537) lui a0, 419430
x10 <- 0x66666000


mem[X,0x80017BCC] -> 0x0513
mem[X,0x80017BCE] -> 0x6665
[2232] [M]: 0x80017BCC (0x66650513) addi a0, a0, 1638
x10 <- 0x66666666


mem[X,0x80017BD0] -> 0xB5B7
mem[X,0x80017BD2] -> 0x0000
[2233] [M]: 0x80017BD0 (0x0000B5B7) lui a1, 11
x11 <- 0x0000B000


mem[X,0x80017BD4] -> 0x8593
mem[X,0x80017BD6] -> 0x5055
[2234] [M]: 0x80017BD4 (0x50558593) addi a1, a1, 1285
x11 <- 0x0000B505


mem[X,0x80017BD8] -> 0x0613
mem[X,0x80017BDA] -> 0x0000
[2235] [M]: 0x80017BD8 (0x00000613) addi a2, zero, 0
x12 <- 0x00000000


mem[X,0x80017BDC] -> 0x006F
mem[X,0x80017BDE] -> 0x00C0
[2236] [M]: 0x80017BDC (0x00C0006F) jal zero, 12


mem[X,0x80017BE8] -> 0x5063
mem[X,0x80017BEA] -> 0x04B5
[2237] [M]: 0x80017BE8 (0x04B55063) bge a0, a1, 64


mem[X,0x80017C28] -> 0x0613
mem[X,0x80017C2A] -> 0x0036
[2238] [M]: 0x80017C28 (0x00360613) addi a2, a2, 3
x12 <- 0x00000003


mem[X,0x80017C2C] -> 0x006F
mem[X,0x80017C2E] -> 0x0040
[2239] [M]: 0x80017C2C (0x0040006F) jal zero, 4


mem[X,0x80017C30] -> 0x2E23
mem[X,0x80017C32] -> 0x34C2
[2240] [M]: 0x80017C30 (0x34C22E23) sw a2, 860(tp)
mem[0x8003B4C4] <- 0x00000003


mem[X,0x80017C34] -> 0x5537
mem[X,0x80017C36] -> 0xFFFF
[2241] [M]: 0x80017C34 (0xFFFF5537) lui a0, 1048565
x10 <- 0xFFFF5000


mem[X,0x80017C38] -> 0x0513
mem[X,0x80017C3A] -> 0xAFC5
[2242] [M]: 0x80017C38 (0xAFC50513) addi a0, a0, 2812
x10 <- 0xFFFF4AFC


mem[X,0x80017C3C] -> 0x0593
mem[X,0x80017C3E] -> 0x0030
[2243] [M]: 0x80017C3C (0x00300593) addi a1, zero, 3
x11 <- 0x00000003


mem[X,0x80017C40] -> 0x0613
mem[X,0x80017C42] -> 0x0000
[2244] [M]: 0x80017C40 (0x00000613) addi a2, zero, 0
x12 <- 0x00000000


mem[X,0x80017C44] -> 0x006F
mem[X,0x80017C46] -> 0x00C0
[2245] [M]: 0x80017C44 (0x00C0006F) jal zero, 12


mem[X,0x80017C50] -> 0x5063
mem[X,0x80017C52] -> 0x02B5
[2246] [M]: 0x80017C50 (0x02B55063) bge a0, a1, 32


mem[X,0x80017C54] -> 0x0613
mem[X,0x80017C56] -> 0x0026
[2247] [M]: 0x80017C54 (0x00260613) addi a2, a2, 2
x12 <- 0x00000002


mem[X,0x80017C58] -> 0x006F
mem[X,0x80017C5A] -> 0x0200
[2248] [M]: 0x80017C58 (0x0200006F) jal zero, 32


mem[X,0x80017C78] -> 0x2023
mem[X,0x80017C7A] -> 0x36C2
[2249] [M]: 0x80017C78 (0x36C22023) sw a2, 864(tp)
mem[0x8003B4C8] <- 0x00000002


mem[X,0x80017C7C] -> 0x5537
mem[X,0x80017C7E] -> 0xFFFF
[2250] [M]: 0x80017C7C (0xFFFF5537) lui a0, 1048565
x10 <- 0xFFFF5000


mem[X,0x80017C80] -> 0x0513
mem[X,0x80017C82] -> 0xAFC5
[2251] [M]: 0x80017C80 (0xAFC50513) addi a0, a0, 2812
x10 <- 0xFFFF4AFC


mem[X,0x80017C84] -> 0x55B7
mem[X,0x80017C86] -> 0x5555
[2252] [M]: 0x80017C84 (0x555555B7) lui a1, 349525
x11 <- 0x55555000


mem[X,0x80017C88] -> 0x8593
mem[X,0x80017C8A] -> 0x5555
[2253] [M]: 0x80017C88 (0x55558593) addi a1, a1, 1365
x11 <- 0x55555555


mem[X,0x80017C8C] -> 0x0613
mem[X,0x80017C8E] -> 0x0000
[2254] [M]: 0x80017C8C (0x00000613) addi a2, zero, 0
x12 <- 0x00000000


mem[X,0x80017C90] -> 0x006F
mem[X,0x80017C92] -> 0x00C0
[2255] [M]: 0x80017C90 (0x00C0006F) jal zero, 12


mem[X,0x80017C9C] -> 0x5663
mem[X,0x80017C9E] -> 0x00B5
[2256] [M]: 0x80017C9C (0x00B55663) bge a0, a1, 12


mem[X,0x80017CA0] -> 0x0613
mem[X,0x80017CA2] -> 0x0026
[2257] [M]: 0x80017CA0 (0x00260613) addi a2, a2, 2
x12 <- 0x00000002


mem[X,0x80017CA4] -> 0x006F
mem[X,0x80017CA6] -> 0x00C0
[2258] [M]: 0x80017CA4 (0x00C0006F) jal zero, 12


mem[X,0x80017CB0] -> 0x2223
mem[X,0x80017CB2] -> 0x36C2
[2259] [M]: 0x80017CB0 (0x36C22223) sw a2, 868(tp)
mem[0x8003B4CC] <- 0x00000002


mem[X,0x80017CB4] -> 0x5537
mem[X,0x80017CB6] -> 0xFFFF
[2260] [M]: 0x80017CB4 (0xFFFF5537) lui a0, 1048565
x10 <- 0xFFFF5000


mem[X,0x80017CB8] -> 0x0513
mem[X,0x80017CBA] -> 0xAFC5
[2261] [M]: 0x80017CB8 (0xAFC50513) addi a0, a0, 2812
x10 <- 0xFFFF4AFC


mem[X,0x80017CBC] -> 0xB5B7
mem[X,0x80017CBE] -> 0xAAAA
[2262] [M]: 0x80017CBC (0xAAAAB5B7) lui a1, 699051
x11 <- 0xAAAAB000


mem[X,0x80017CC0] -> 0x8593
mem[X,0x80017CC2] -> 0xAAA5
[2263] [M]: 0x80017CC0 (0xAAA58593) addi a1, a1, 2730
x11 <- 0xAAAAAAAA


mem[X,0x80017CC4] -> 0x0613
mem[X,0x80017CC6] -> 0x0000
[2264] [M]: 0x80017CC4 (0x00000613) addi a2, zero, 0
x12 <- 0x00000000


mem[X,0x80017CC8] -> 0x006F
mem[X,0x80017CCA] -> 0x2B10
[2265] [M]: 0x80017CC8 (0x2B10006F) jal zero, 2736


mem[X,0x80018778] -> 0x5A63
mem[X,0x8001877A] -> 0xD4B5
[2266] [M]: 0x80018778 (0xD4B55A63) bge a0, a1, 5460


mem[X,0x80017CCC] -> 0x0613
mem[X,0x80017CCE] -> 0x0016
[2267] [M]: 0x80017CCC (0x00160613) addi a2, a2, 1
x12 <- 0x00000001


mem[X,0x80017CD0] -> 0x006F
mem[X,0x80017CD2] -> 0x2BD0
[2268] [M]: 0x80017CD0 (0x2BD0006F) jal zero, 2748


mem[X,0x8001878C] -> 0x2423
mem[X,0x8001878E] -> 0x36C2
[2269] [M]: 0x8001878C (0x36C22423) sw a2, 872(tp)
mem[0x8003B4D0] <- 0x00000001


mem[X,0x80018790] -> 0x5537
mem[X,0x80018792] -> 0xFFFF
[2270] [M]: 0x80018790 (0xFFFF5537) lui a0, 1048565
x10 <- 0xFFFF5000


mem[X,0x80018794] -> 0x0513
mem[X,0x80018796] -> 0xAFC5
[2271] [M]: 0x80018794 (0xAFC50513) addi a0, a0, 2812
x10 <- 0xFFFF4AFC


mem[X,0x80018798] -> 0x0593
mem[X,0x8001879A] -> 0x0050
[2272] [M]: 0x80018798 (0x00500593) addi a1, zero, 5
x11 <- 0x00000005


mem[X,0x8001879C] -> 0x0613
mem[X,0x8001879E] -> 0x0000
[2273] [M]: 0x8001879C (0x00000613) addi a2, zero, 0
x12 <- 0x00000000


mem[X,0x800187A0] -> 0x006F
mem[X,0x800187A2] -> 0x0180
[2274] [M]: 0x800187A0 (0x0180006F) jal zero, 24


mem[X,0x800187B8] -> 0x56E3
mem[X,0x800187BA] -> 0xFEB5
[2275] [M]: 0x800187B8 (0xFEB556E3) bge a0, a1, 8172


mem[X,0x800187BC] -> 0x0613
mem[X,0x800187BE] -> 0x0026
[2276] [M]: 0x800187BC (0x00260613) addi a2, a2, 2
x12 <- 0x00000002


mem[X,0x800187C0] -> 0x006F
mem[X,0x800187C2] -> 0x00C0
[2277] [M]: 0x800187C0 (0x00C0006F) jal zero, 12


mem[X,0x800187CC] -> 0x2623
mem[X,0x800187CE] -> 0x36C2
[2278] [M]: 0x800187CC (0x36C22623) sw a2, 876(tp)
mem[0x8003B4D4] <- 0x00000002


mem[X,0x800187D0] -> 0x5537
mem[X,0x800187D2] -> 0xFFFF
[2279] [M]: 0x800187D0 (0xFFFF5537) lui a0, 1048565
x10 <- 0xFFFF5000


mem[X,0x800187D4] -> 0x0513
mem[X,0x800187D6] -> 0xAFC5
[2280] [M]: 0x800187D4 (0xAFC50513) addi a0, a0, 2812
x10 <- 0xFFFF4AFC


mem[X,0x800187D8] -> 0x35B7
mem[X,0x800187DA] -> 0x3333
[2281] [M]: 0x800187D8 (0x333335B7) lui a1, 209715
x11 <- 0x33333000


mem[X,0x800187DC] -> 0x8593
mem[X,0x800187DE] -> 0x3335
[2282] [M]: 0x800187DC (0x33358593) addi a1, a1, 819
x11 <- 0x33333333


mem[X,0x800187E0] -> 0x0613
mem[X,0x800187E2] -> 0x0000
[2283] [M]: 0x800187E0 (0x00000613) addi a2, zero, 0
x12 <- 0x00000000


mem[X,0x800187E4] -> 0x006F
mem[X,0x800187E6] -> 0x0050
[2284] [M]: 0x800187E4 (0x0050006F) jal zero, 2052


mem[X,0x80018FE8] -> 0x50E3
mem[X,0x80018FEA] -> 0x80B5
[2285] [M]: 0x80018FE8 (0x80B550E3) bge a0, a1, 6144


mem[X,0x80018FEC] -> 0x0613
mem[X,0x80018FEE] -> 0x0026
[2286] [M]: 0x80018FEC (0x00260613) addi a2, a2, 2
x12 <- 0x00000002


mem[X,0x80018FF0] -> 0x006F
mem[X,0x80018FF2] -> 0x00C0
[2287] [M]: 0x80018FF0 (0x00C0006F) jal zero, 12


mem[X,0x80018FFC] -> 0x2823
mem[X,0x80018FFE] -> 0x36C2
[2288] [M]: 0x80018FFC (0x36C22823) sw a2, 880(tp)
mem[0x8003B4D8] <- 0x00000002


mem[X,0x80019000] -> 0x5537
mem[X,0x80019002] -> 0xFFFF
[2289] [M]: 0x80019000 (0xFFFF5537) lui a0, 1048565
x10 <- 0xFFFF5000


mem[X,0x80019004] -> 0x0513
mem[X,0x80019006] -> 0xAFC5
[2290] [M]: 0x80019004 (0xAFC50513) addi a0, a0, 2812
x10 <- 0xFFFF4AFC


mem[X,0x80019008] -> 0x65B7
mem[X,0x8001900A] -> 0x6666
[2291] [M]: 0x80019008 (0x666665B7) lui a1, 419430
x11 <- 0x66666000


mem[X,0x8001900C] -> 0x8593
mem[X,0x8001900E] -> 0x6665
[2292] [M]: 0x8001900C (0x66658593) addi a1, a1, 1638
x11 <- 0x66666666


mem[X,0x80019010] -> 0x0613
mem[X,0x80019012] -> 0x0000
[2293] [M]: 0x80019010 (0x00000613) addi a2, zero, 0
x12 <- 0x00000000


mem[X,0x80019014] -> 0x006F
mem[X,0x80019016] -> 0x00C0
[2294] [M]: 0x80019014 (0x00C0006F) jal zero, 12


mem[X,0x80019020] -> 0x5863
mem[X,0x80019022] -> 0x00B5
[2295] [M]: 0x80019020 (0x00B55863) bge a0, a1, 16


mem[X,0x80019024] -> 0x0613
mem[X,0x80019026] -> 0x0026
[2296] [M]: 0x80019024 (0x00260613) addi a2, a2, 2
x12 <- 0x00000002


mem[X,0x80019028] -> 0x006F
mem[X,0x8001902A] -> 0x0100
[2297] [M]: 0x80019028 (0x0100006F) jal zero, 16


mem[X,0x80019038] -> 0x2A23
mem[X,0x8001903A] -> 0x36C2
[2298] [M]: 0x80019038 (0x36C22A23) sw a2, 884(tp)
mem[0x8003B4DC] <- 0x00000002


mem[X,0x8001903C] -> 0x5537
mem[X,0x8001903E] -> 0xFFFF
[2299] [M]: 0x8001903C (0xFFFF5537) lui a0, 1048565
x10 <- 0xFFFF5000


clint::tick mtime <- 0x0000000000000017
 clint timer pending at mtime 0x0000000000000017
htif::tick 0x0000000000000000
mem[X,0x80019040] -> 0x0513
mem[X,0x80019042] -> 0xAFC5
[2300] [M]: 0x80019040 (0xAFC50513) addi a0, a0, 2812
x10 <- 0xFFFF4AFC


mem[X,0x80019044] -> 0x55B7
mem[X,0x80019046] -> 0xFFFF
[2301] [M]: 0x80019044 (0xFFFF55B7) lui a1, 1048565
x11 <- 0xFFFF5000


mem[X,0x80019048] -> 0x8593
mem[X,0x8001904A] -> 0xAFC5
[2302] [M]: 0x80019048 (0xAFC58593) addi a1, a1, 2812
x11 <- 0xFFFF4AFC


mem[X,0x8001904C] -> 0x0613
mem[X,0x8001904E] -> 0x0000
[2303] [M]: 0x8001904C (0x00000613) addi a2, zero, 0
x12 <- 0x00000000


mem[X,0x80019050] -> 0x006F
mem[X,0x80019052] -> 0x0050
[2304] [M]: 0x80019050 (0x0050006F) jal zero, 2052


mem[X,0x80019854] -> 0x50E3
mem[X,0x80019856] -> 0x80B5
[2305] [M]: 0x80019854 (0x80B550E3) bge a0, a1, 6144


mem[X,0x80019054] -> 0x0613
mem[X,0x80019056] -> 0x0016
[2306] [M]: 0x80019054 (0x00160613) addi a2, a2, 1
x12 <- 0x00000001


mem[X,0x80019058] -> 0x006F
mem[X,0x8001905A] -> 0x0110
[2307] [M]: 0x80019058 (0x0110006F) jal zero, 2064


mem[X,0x80019868] -> 0x2C23
mem[X,0x8001986A] -> 0x36C2
[2308] [M]: 0x80019868 (0x36C22C23) sw a2, 888(tp)
mem[0x8003B4E0] <- 0x00000001


mem[X,0x8001986C] -> 0x5537
mem[X,0x8001986E] -> 0xFFFF
[2309] [M]: 0x8001986C (0xFFFF5537) lui a0, 1048565
x10 <- 0xFFFF5000


mem[X,0x80019870] -> 0x0513
mem[X,0x80019872] -> 0xAFC5
[2310] [M]: 0x80019870 (0xAFC50513) addi a0, a0, 2812
x10 <- 0xFFFF4AFC


mem[X,0x80019874] -> 0xB5B7
mem[X,0x80019876] -> 0x0000
[2311] [M]: 0x80019874 (0x0000B5B7) lui a1, 11
x11 <- 0x0000B000


mem[X,0x80019878] -> 0x8593
mem[X,0x8001987A] -> 0x5045
[2312] [M]: 0x80019878 (0x50458593) addi a1, a1, 1284
x11 <- 0x0000B504


mem[X,0x8001987C] -> 0x0613
mem[X,0x8001987E] -> 0x0000
[2313] [M]: 0x8001987C (0x00000613) addi a2, zero, 0
x12 <- 0x00000000


mem[X,0x80019880] -> 0x006F
mem[X,0x80019882] -> 0x0050
[2314] [M]: 0x80019880 (0x0050006F) jal zero, 2052


mem[X,0x8001A084] -> 0x50E3
mem[X,0x8001A086] -> 0x80B5
[2315] [M]: 0x8001A084 (0x80B550E3) bge a0, a1, 6144


mem[X,0x8001A088] -> 0x0613
mem[X,0x8001A08A] -> 0x0026
[2316] [M]: 0x8001A088 (0x00260613) addi a2, a2, 2
x12 <- 0x00000002


mem[X,0x8001A08C] -> 0x006F
mem[X,0x8001A08E] -> 0x00C0
[2317] [M]: 0x8001A08C (0x00C0006F) jal zero, 12


mem[X,0x8001A098] -> 0x2E23
mem[X,0x8001A09A] -> 0x36C2
[2318] [M]: 0x8001A098 (0x36C22E23) sw a2, 892(tp)
mem[0x8003B4E4] <- 0x00000002


mem[X,0x8001A09C] -> 0x5537
mem[X,0x8001A09E] -> 0xFFFF
[2319] [M]: 0x8001A09C (0xFFFF5537) lui a0, 1048565
x10 <- 0xFFFF5000


mem[X,0x8001A0A0] -> 0x0513
mem[X,0x8001A0A2] -> 0xAFC5
[2320] [M]: 0x8001A0A0 (0xAFC50513) addi a0, a0, 2812
x10 <- 0xFFFF4AFC


mem[X,0x8001A0A4] -> 0x0593
mem[X,0x8001A0A6] -> 0x0020
[2321] [M]: 0x8001A0A4 (0x00200593) addi a1, zero, 2
x11 <- 0x00000002


mem[X,0x8001A0A8] -> 0x0613
mem[X,0x8001A0AA] -> 0x0000
[2322] [M]: 0x8001A0A8 (0x00000613) addi a2, zero, 0
x12 <- 0x00000000


mem[X,0x8001A0AC] -> 0x006F
mem[X,0x8001A0AE] -> 0x00C0
[2323] [M]: 0x8001A0AC (0x00C0006F) jal zero, 12


mem[X,0x8001A0B8] -> 0x5663
mem[X,0x8001A0BA] -> 0x00B5
[2324] [M]: 0x8001A0B8 (0x00B55663) bge a0, a1, 12


mem[X,0x8001A0BC] -> 0x0613
mem[X,0x8001A0BE] -> 0x0026
[2325] [M]: 0x8001A0BC (0x00260613) addi a2, a2, 2
x12 <- 0x00000002


mem[X,0x8001A0C0] -> 0x006F
mem[X,0x8001A0C2] -> 0x00C0
[2326] [M]: 0x8001A0C0 (0x00C0006F) jal zero, 12


mem[X,0x8001A0CC] -> 0x2023
mem[X,0x8001A0CE] -> 0x38C2
[2327] [M]: 0x8001A0CC (0x38C22023) sw a2, 896(tp)
mem[0x8003B4E8] <- 0x00000002


mem[X,0x8001A0D0] -> 0x5537
mem[X,0x8001A0D2] -> 0xFFFF
[2328] [M]: 0x8001A0D0 (0xFFFF5537) lui a0, 1048565
x10 <- 0xFFFF5000


mem[X,0x8001A0D4] -> 0x0513
mem[X,0x8001A0D6] -> 0xAFC5
[2329] [M]: 0x8001A0D4 (0xAFC50513) addi a0, a0, 2812
x10 <- 0xFFFF4AFC


mem[X,0x8001A0D8] -> 0x55B7
mem[X,0x8001A0DA] -> 0x5555
[2330] [M]: 0x8001A0D8 (0x555555B7) lui a1, 349525
x11 <- 0x55555000


mem[X,0x8001A0DC] -> 0x8593
mem[X,0x8001A0DE] -> 0x5545
[2331] [M]: 0x8001A0DC (0x55458593) addi a1, a1, 1364
x11 <- 0x55555554


mem[X,0x8001A0E0] -> 0x0613
mem[X,0x8001A0E2] -> 0x0000
[2332] [M]: 0x8001A0E0 (0x00000613) addi a2, zero, 0
x12 <- 0x00000000


mem[X,0x8001A0E4] -> 0x006F
mem[X,0x8001A0E6] -> 0x00C0
[2333] [M]: 0x8001A0E4 (0x00C0006F) jal zero, 12


mem[X,0x8001A0F0] -> 0x5863
mem[X,0x8001A0F2] -> 0x00B5
[2334] [M]: 0x8001A0F0 (0x00B55863) bge a0, a1, 16


mem[X,0x8001A0F4] -> 0x0613
mem[X,0x8001A0F6] -> 0x0026
[2335] [M]: 0x8001A0F4 (0x00260613) addi a2, a2, 2
x12 <- 0x00000002


mem[X,0x8001A0F8] -> 0x006F
mem[X,0x8001A0FA] -> 0x0100
[2336] [M]: 0x8001A0F8 (0x0100006F) jal zero, 16


mem[X,0x8001A108] -> 0x2223
mem[X,0x8001A10A] -> 0x38C2
[2337] [M]: 0x8001A108 (0x38C22223) sw a2, 900(tp)
mem[0x8003B4EC] <- 0x00000002


mem[X,0x8001A10C] -> 0x5537
mem[X,0x8001A10E] -> 0xFFFF
[2338] [M]: 0x8001A10C (0xFFFF5537) lui a0, 1048565
x10 <- 0xFFFF5000


mem[X,0x8001A110] -> 0x0513
mem[X,0x8001A112] -> 0xAFC5
[2339] [M]: 0x8001A110 (0xAFC50513) addi a0, a0, 2812
x10 <- 0xFFFF4AFC


mem[X,0x8001A114] -> 0x0593
mem[X,0x8001A116] -> 0x0000
[2340] [M]: 0x8001A114 (0x00000593) addi a1, zero, 0
x11 <- 0x00000000


mem[X,0x8001A118] -> 0x0613
mem[X,0x8001A11A] -> 0x0000
[2341] [M]: 0x8001A118 (0x00000613) addi a2, zero, 0
x12 <- 0x00000000


mem[X,0x8001A11C] -> 0x006F
mem[X,0x8001A11E] -> 0x00C0
[2342] [M]: 0x8001A11C (0x00C0006F) jal zero, 12


mem[X,0x8001A128] -> 0x5063
mem[X,0x8001A12A] -> 0x02B5
[2343] [M]: 0x8001A128 (0x02B55063) bge a0, a1, 32


mem[X,0x8001A12C] -> 0x0613
mem[X,0x8001A12E] -> 0x0026
[2344] [M]: 0x8001A12C (0x00260613) addi a2, a2, 2
x12 <- 0x00000002


mem[X,0x8001A130] -> 0x006F
mem[X,0x8001A132] -> 0x0200
[2345] [M]: 0x8001A130 (0x0200006F) jal zero, 32


mem[X,0x8001A150] -> 0x2423
mem[X,0x8001A152] -> 0x38C2
[2346] [M]: 0x8001A150 (0x38C22423) sw a2, 904(tp)
mem[0x8003B4F0] <- 0x00000002


mem[X,0x8001A154] -> 0x5537
mem[X,0x8001A156] -> 0xFFFF
[2347] [M]: 0x8001A154 (0xFFFF5537) lui a0, 1048565
x10 <- 0xFFFF5000


mem[X,0x8001A158] -> 0x0513
mem[X,0x8001A15A] -> 0xAFC5
[2348] [M]: 0x8001A158 (0xAFC50513) addi a0, a0, 2812
x10 <- 0xFFFF4AFC


mem[X,0x8001A15C] -> 0x0593
mem[X,0x8001A15E] -> 0x0040
[2349] [M]: 0x8001A15C (0x00400593) addi a1, zero, 4
x11 <- 0x00000004


mem[X,0x8001A160] -> 0x0613
mem[X,0x8001A162] -> 0x0000
[2350] [M]: 0x8001A160 (0x00000613) addi a2, zero, 0
x12 <- 0x00000000


mem[X,0x8001A164] -> 0x006F
mem[X,0x8001A166] -> 0x0180
[2351] [M]: 0x8001A164 (0x0180006F) jal zero, 24


mem[X,0x8001A17C] -> 0x56E3
mem[X,0x8001A17E] -> 0xFEB5
[2352] [M]: 0x8001A17C (0xFEB556E3) bge a0, a1, 8172


mem[X,0x8001A180] -> 0x0613
mem[X,0x8001A182] -> 0x0026
[2353] [M]: 0x8001A180 (0x00260613) addi a2, a2, 2
x12 <- 0x00000002


mem[X,0x8001A184] -> 0x006F
mem[X,0x8001A186] -> 0x00C0
[2354] [M]: 0x8001A184 (0x00C0006F) jal zero, 12


mem[X,0x8001A190] -> 0x2623
mem[X,0x8001A192] -> 0x38C2
[2355] [M]: 0x8001A190 (0x38C22623) sw a2, 908(tp)
mem[0x8003B4F4] <- 0x00000002


mem[X,0x8001A194] -> 0x5537
mem[X,0x8001A196] -> 0xFFFF
[2356] [M]: 0x8001A194 (0xFFFF5537) lui a0, 1048565
x10 <- 0xFFFF5000


mem[X,0x8001A198] -> 0x0513
mem[X,0x8001A19A] -> 0xAFC5
[2357] [M]: 0x8001A198 (0xAFC50513) addi a0, a0, 2812
x10 <- 0xFFFF4AFC


mem[X,0x8001A19C] -> 0x35B7
mem[X,0x8001A19E] -> 0x3333
[2358] [M]: 0x8001A19C (0x333335B7) lui a1, 209715
x11 <- 0x33333000


mem[X,0x8001A1A0] -> 0x8593
mem[X,0x8001A1A2] -> 0x3325
[2359] [M]: 0x8001A1A0 (0x33258593) addi a1, a1, 818
x11 <- 0x33333332


mem[X,0x8001A1A4] -> 0x0613
mem[X,0x8001A1A6] -> 0x0000
[2360] [M]: 0x8001A1A4 (0x00000613) addi a2, zero, 0
x12 <- 0x00000000


mem[X,0x8001A1A8] -> 0x006F
mem[X,0x8001A1AA] -> 0x0050
[2361] [M]: 0x8001A1A8 (0x0050006F) jal zero, 2052


mem[X,0x8001A9AC] -> 0x50E3
mem[X,0x8001A9AE] -> 0x80B5
[2362] [M]: 0x8001A9AC (0x80B550E3) bge a0, a1, 6144


mem[X,0x8001A9B0] -> 0x0613
mem[X,0x8001A9B2] -> 0x0026
[2363] [M]: 0x8001A9B0 (0x00260613) addi a2, a2, 2
x12 <- 0x00000002


mem[X,0x8001A9B4] -> 0x006F
mem[X,0x8001A9B6] -> 0x00C0
[2364] [M]: 0x8001A9B4 (0x00C0006F) jal zero, 12


mem[X,0x8001A9C0] -> 0x2823
mem[X,0x8001A9C2] -> 0x38C2
[2365] [M]: 0x8001A9C0 (0x38C22823) sw a2, 912(tp)
mem[0x8003B4F8] <- 0x00000002


mem[X,0x8001A9C4] -> 0x5537
mem[X,0x8001A9C6] -> 0xFFFF
[2366] [M]: 0x8001A9C4 (0xFFFF5537) lui a0, 1048565
x10 <- 0xFFFF5000


mem[X,0x8001A9C8] -> 0x0513
mem[X,0x8001A9CA] -> 0xAFC5
[2367] [M]: 0x8001A9C8 (0xAFC50513) addi a0, a0, 2812
x10 <- 0xFFFF4AFC


mem[X,0x8001A9CC] -> 0x65B7
mem[X,0x8001A9CE] -> 0x6666
[2368] [M]: 0x8001A9CC (0x666665B7) lui a1, 419430
x11 <- 0x66666000


mem[X,0x8001A9D0] -> 0x8593
mem[X,0x8001A9D2] -> 0x6655
[2369] [M]: 0x8001A9D0 (0x66558593) addi a1, a1, 1637
x11 <- 0x66666665


mem[X,0x8001A9D4] -> 0x0613
mem[X,0x8001A9D6] -> 0x0000
[2370] [M]: 0x8001A9D4 (0x00000613) addi a2, zero, 0
x12 <- 0x00000000


mem[X,0x8001A9D8] -> 0x006F
mem[X,0x8001A9DA] -> 0x00C0
[2371] [M]: 0x8001A9D8 (0x00C0006F) jal zero, 12


mem[X,0x8001A9E4] -> 0x5063
mem[X,0x8001A9E6] -> 0x08B5
[2372] [M]: 0x8001A9E4 (0x08B55063) bge a0, a1, 128


mem[X,0x8001A9E8] -> 0x0613
mem[X,0x8001A9EA] -> 0x0026
[2373] [M]: 0x8001A9E8 (0x00260613) addi a2, a2, 2
x12 <- 0x00000002


mem[X,0x8001A9EC] -> 0x006F
mem[X,0x8001A9EE] -> 0x0800
[2374] [M]: 0x8001A9EC (0x0800006F) jal zero, 128


mem[X,0x8001AA6C] -> 0x2A23
mem[X,0x8001AA6E] -> 0x38C2
[2375] [M]: 0x8001AA6C (0x38C22A23) sw a2, 916(tp)
mem[0x8003B4FC] <- 0x00000002


mem[X,0x8001AA70] -> 0x5537
mem[X,0x8001AA72] -> 0xFFFF
[2376] [M]: 0x8001AA70 (0xFFFF5537) lui a0, 1048565
x10 <- 0xFFFF5000


mem[X,0x8001AA74] -> 0x0513
mem[X,0x8001AA76] -> 0xAFC5
[2377] [M]: 0x8001AA74 (0xAFC50513) addi a0, a0, 2812
x10 <- 0xFFFF4AFC


mem[X,0x8001AA78] -> 0xB5B7
mem[X,0x8001AA7A] -> 0x0000
[2378] [M]: 0x8001AA78 (0x0000B5B7) lui a1, 11
x11 <- 0x0000B000


mem[X,0x8001AA7C] -> 0x8593
mem[X,0x8001AA7E] -> 0x5035
[2379] [M]: 0x8001AA7C (0x50358593) addi a1, a1, 1283
x11 <- 0x0000B503


mem[X,0x8001AA80] -> 0x0613
mem[X,0x8001AA82] -> 0x0000
[2380] [M]: 0x8001AA80 (0x00000613) addi a2, zero, 0
x12 <- 0x00000000


mem[X,0x8001AA84] -> 0x006F
mem[X,0x8001AA86] -> 0x00C0
[2381] [M]: 0x8001AA84 (0x00C0006F) jal zero, 12


mem[X,0x8001AA90] -> 0x5663
mem[X,0x8001AA92] -> 0x00B5
[2382] [M]: 0x8001AA90 (0x00B55663) bge a0, a1, 12


mem[X,0x8001AA94] -> 0x0613
mem[X,0x8001AA96] -> 0x0026
[2383] [M]: 0x8001AA94 (0x00260613) addi a2, a2, 2
x12 <- 0x00000002


mem[X,0x8001AA98] -> 0x006F
mem[X,0x8001AA9A] -> 0x00C0
[2384] [M]: 0x8001AA98 (0x00C0006F) jal zero, 12


mem[X,0x8001AAA4] -> 0x2C23
mem[X,0x8001AAA6] -> 0x38C2
[2385] [M]: 0x8001AAA4 (0x38C22C23) sw a2, 920(tp)
mem[0x8003B500] <- 0x00000002


mem[X,0x8001AAA8] -> 0x5537
mem[X,0x8001AAAA] -> 0xFFFF
[2386] [M]: 0x8001AAA8 (0xFFFF5537) lui a0, 1048565
x10 <- 0xFFFF5000


mem[X,0x8001AAAC] -> 0x0513
mem[X,0x8001AAAE] -> 0xAFC5
[2387] [M]: 0x8001AAAC (0xAFC50513) addi a0, a0, 2812
x10 <- 0xFFFF4AFC


mem[X,0x8001AAB0] -> 0x55B7
mem[X,0x8001AAB2] -> 0x5555
[2388] [M]: 0x8001AAB0 (0x555555B7) lui a1, 349525
x11 <- 0x55555000


mem[X,0x8001AAB4] -> 0x8593
mem[X,0x8001AAB6] -> 0x5565
[2389] [M]: 0x8001AAB4 (0x55658593) addi a1, a1, 1366
x11 <- 0x55555556


mem[X,0x8001AAB8] -> 0x0613
mem[X,0x8001AABA] -> 0x0000
[2390] [M]: 0x8001AAB8 (0x00000613) addi a2, zero, 0
x12 <- 0x00000000


mem[X,0x8001AABC] -> 0x006F
mem[X,0x8001AABE] -> 0x0140
[2391] [M]: 0x8001AABC (0x0140006F) jal zero, 20


mem[X,0x8001AAD0] -> 0x58E3
mem[X,0x8001AAD2] -> 0xFEB5
[2392] [M]: 0x8001AAD0 (0xFEB558E3) bge a0, a1, 8176


mem[X,0x8001AAD4] -> 0x0613
mem[X,0x8001AAD6] -> 0x0026
[2393] [M]: 0x8001AAD4 (0x00260613) addi a2, a2, 2
x12 <- 0x00000002


mem[X,0x8001AAD8] -> 0x006F
mem[X,0x8001AADA] -> 0x00C0
[2394] [M]: 0x8001AAD8 (0x00C0006F) jal zero, 12


mem[X,0x8001AAE4] -> 0x2E23
mem[X,0x8001AAE6] -> 0x38C2
[2395] [M]: 0x8001AAE4 (0x38C22E23) sw a2, 924(tp)
mem[0x8003B504] <- 0x00000002


mem[X,0x8001AAE8] -> 0x5537
mem[X,0x8001AAEA] -> 0xFFFF
[2396] [M]: 0x8001AAE8 (0xFFFF5537) lui a0, 1048565
x10 <- 0xFFFF5000


mem[X,0x8001AAEC] -> 0x0513
mem[X,0x8001AAEE] -> 0xAFC5
[2397] [M]: 0x8001AAEC (0xAFC50513) addi a0, a0, 2812
x10 <- 0xFFFF4AFC


mem[X,0x8001AAF0] -> 0xB5B7
mem[X,0x8001AAF2] -> 0xAAAA
[2398] [M]: 0x8001AAF0 (0xAAAAB5B7) lui a1, 699051
x11 <- 0xAAAAB000


mem[X,0x8001AAF4] -> 0x8593
mem[X,0x8001AAF6] -> 0xAAB5
[2399] [M]: 0x8001AAF4 (0xAAB58593) addi a1, a1, 2731
x11 <- 0xAAAAAAAB


clint::tick mtime <- 0x0000000000000018
 clint timer pending at mtime 0x0000000000000018
htif::tick 0x0000000000000000
mem[X,0x8001AAF8] -> 0x0613
mem[X,0x8001AAFA] -> 0x0000
[2400] [M]: 0x8001AAF8 (0x00000613) addi a2, zero, 0
x12 <- 0x00000000


mem[X,0x8001AAFC] -> 0x006F
mem[X,0x8001AAFE] -> 0x00C0
[2401] [M]: 0x8001AAFC (0x00C0006F) jal zero, 12


mem[X,0x8001AB08] -> 0x5063
mem[X,0x8001AB0A] -> 0x04B5
[2402] [M]: 0x8001AB08 (0x04B55063) bge a0, a1, 64


mem[X,0x8001AB48] -> 0x0613
mem[X,0x8001AB4A] -> 0x0036
[2403] [M]: 0x8001AB48 (0x00360613) addi a2, a2, 3
x12 <- 0x00000003


mem[X,0x8001AB4C] -> 0x006F
mem[X,0x8001AB4E] -> 0x0040
[2404] [M]: 0x8001AB4C (0x0040006F) jal zero, 4


mem[X,0x8001AB50] -> 0x2023
mem[X,0x8001AB52] -> 0x3AC2
[2405] [M]: 0x8001AB50 (0x3AC22023) sw a2, 928(tp)
mem[0x8003B508] <- 0x00000003


mem[X,0x8001AB54] -> 0x5537
mem[X,0x8001AB56] -> 0xFFFF
[2406] [M]: 0x8001AB54 (0xFFFF5537) lui a0, 1048565
x10 <- 0xFFFF5000


mem[X,0x8001AB58] -> 0x0513
mem[X,0x8001AB5A] -> 0xAFC5
[2407] [M]: 0x8001AB58 (0xAFC50513) addi a0, a0, 2812
x10 <- 0xFFFF4AFC


mem[X,0x8001AB5C] -> 0x0593
mem[X,0x8001AB5E] -> 0x0060
[2408] [M]: 0x8001AB5C (0x00600593) addi a1, zero, 6
x11 <- 0x00000006


mem[X,0x8001AB60] -> 0x0613
mem[X,0x8001AB62] -> 0x0000
[2409] [M]: 0x8001AB60 (0x00000613) addi a2, zero, 0
x12 <- 0x00000000


mem[X,0x8001AB64] -> 0x006F
mem[X,0x8001AB66] -> 0x00C0
[2410] [M]: 0x8001AB64 (0x00C0006F) jal zero, 12


mem[X,0x8001AB70] -> 0x5063
mem[X,0x8001AB72] -> 0x40B5
[2411] [M]: 0x8001AB70 (0x40B55063) bge a0, a1, 1024


mem[X,0x8001AB74] -> 0x0613
mem[X,0x8001AB76] -> 0x0026
[2412] [M]: 0x8001AB74 (0x00260613) addi a2, a2, 2
x12 <- 0x00000002


mem[X,0x8001AB78] -> 0x006F
mem[X,0x8001AB7A] -> 0x4000
[2413] [M]: 0x8001AB78 (0x4000006F) jal zero, 1024


mem[X,0x8001AF78] -> 0x2223
mem[X,0x8001AF7A] -> 0x3AC2
[2414] [M]: 0x8001AF78 (0x3AC22223) sw a2, 932(tp)
mem[0x8003B50C] <- 0x00000002


mem[X,0x8001AF7C] -> 0x5537
mem[X,0x8001AF7E] -> 0xFFFF
[2415] [M]: 0x8001AF7C (0xFFFF5537) lui a0, 1048565
x10 <- 0xFFFF5000


mem[X,0x8001AF80] -> 0x0513
mem[X,0x8001AF82] -> 0xAFC5
[2416] [M]: 0x8001AF80 (0xAFC50513) addi a0, a0, 2812
x10 <- 0xFFFF4AFC


mem[X,0x8001AF84] -> 0x35B7
mem[X,0x8001AF86] -> 0x3333
[2417] [M]: 0x8001AF84 (0x333335B7) lui a1, 209715
x11 <- 0x33333000


mem[X,0x8001AF88] -> 0x8593
mem[X,0x8001AF8A] -> 0x3345
[2418] [M]: 0x8001AF88 (0x33458593) addi a1, a1, 820
x11 <- 0x33333334


mem[X,0x8001AF8C] -> 0x0613
mem[X,0x8001AF8E] -> 0x0000
[2419] [M]: 0x8001AF8C (0x00000613) addi a2, zero, 0
x12 <- 0x00000000


mem[X,0x8001AF90] -> 0x006F
mem[X,0x8001AF92] -> 0x00C0
[2420] [M]: 0x8001AF90 (0x00C0006F) jal zero, 12


mem[X,0x8001AF9C] -> 0x5663
mem[X,0x8001AF9E] -> 0x00B5
[2421] [M]: 0x8001AF9C (0x00B55663) bge a0, a1, 12


mem[X,0x8001AFA0] -> 0x0613
mem[X,0x8001AFA2] -> 0x0026
[2422] [M]: 0x8001AFA0 (0x00260613) addi a2, a2, 2
x12 <- 0x00000002


mem[X,0x8001AFA4] -> 0x006F
mem[X,0x8001AFA6] -> 0x00C0
[2423] [M]: 0x8001AFA4 (0x00C0006F) jal zero, 12


mem[X,0x8001AFB0] -> 0x2423
mem[X,0x8001AFB2] -> 0x3AC2
[2424] [M]: 0x8001AFB0 (0x3AC22423) sw a2, 936(tp)
mem[0x8003B510] <- 0x00000002


mem[X,0x8001AFB4] -> 0x5537
mem[X,0x8001AFB6] -> 0xFFFF
[2425] [M]: 0x8001AFB4 (0xFFFF5537) lui a0, 1048565
x10 <- 0xFFFF5000


mem[X,0x8001AFB8] -> 0x0513
mem[X,0x8001AFBA] -> 0xAFC5
[2426] [M]: 0x8001AFB8 (0xAFC50513) addi a0, a0, 2812
x10 <- 0xFFFF4AFC


mem[X,0x8001AFBC] -> 0x65B7
mem[X,0x8001AFBE] -> 0x6666
[2427] [M]: 0x8001AFBC (0x666665B7) lui a1, 419430
x11 <- 0x66666000


mem[X,0x8001AFC0] -> 0x8593
mem[X,0x8001AFC2] -> 0x6675
[2428] [M]: 0x8001AFC0 (0x66758593) addi a1, a1, 1639
x11 <- 0x66666667


mem[X,0x8001AFC4] -> 0x0613
mem[X,0x8001AFC6] -> 0x0000
[2429] [M]: 0x8001AFC4 (0x00000613) addi a2, zero, 0
x12 <- 0x00000000


mem[X,0x8001AFC8] -> 0x006F
mem[X,0x8001AFCA] -> 0x00C0
[2430] [M]: 0x8001AFC8 (0x00C0006F) jal zero, 12


mem[X,0x8001AFD4] -> 0x5663
mem[X,0x8001AFD6] -> 0x00B5
[2431] [M]: 0x8001AFD4 (0x00B55663) bge a0, a1, 12


mem[X,0x8001AFD8] -> 0x0613
mem[X,0x8001AFDA] -> 0x0026
[2432] [M]: 0x8001AFD8 (0x00260613) addi a2, a2, 2
x12 <- 0x00000002


mem[X,0x8001AFDC] -> 0x006F
mem[X,0x8001AFDE] -> 0x00C0
[2433] [M]: 0x8001AFDC (0x00C0006F) jal zero, 12


mem[X,0x8001AFE8] -> 0x2623
mem[X,0x8001AFEA] -> 0x3AC2
[2434] [M]: 0x8001AFE8 (0x3AC22623) sw a2, 940(tp)
mem[0x8003B514] <- 0x00000002


mem[X,0x8001AFEC] -> 0x5537
mem[X,0x8001AFEE] -> 0xFFFF
[2435] [M]: 0x8001AFEC (0xFFFF5537) lui a0, 1048565
x10 <- 0xFFFF5000


mem[X,0x8001AFF0] -> 0x0513
mem[X,0x8001AFF2] -> 0xAFC5
[2436] [M]: 0x8001AFF0 (0xAFC50513) addi a0, a0, 2812
x10 <- 0xFFFF4AFC


mem[X,0x8001AFF4] -> 0x55B7
mem[X,0x8001AFF6] -> 0xFFFF
[2437] [M]: 0x8001AFF4 (0xFFFF55B7) lui a1, 1048565
x11 <- 0xFFFF5000


mem[X,0x8001AFF8] -> 0x8593
mem[X,0x8001AFFA] -> 0xAFD5
[2438] [M]: 0x8001AFF8 (0xAFD58593) addi a1, a1, 2813
x11 <- 0xFFFF4AFD


mem[X,0x8001AFFC] -> 0x0613
mem[X,0x8001AFFE] -> 0x0000
[2439] [M]: 0x8001AFFC (0x00000613) addi a2, zero, 0
x12 <- 0x00000000


mem[X,0x8001B000] -> 0x006F
mem[X,0x8001B002] -> 0x00C0
[2440] [M]: 0x8001B000 (0x00C0006F) jal zero, 12


mem[X,0x8001B00C] -> 0x5663
mem[X,0x8001B00E] -> 0x00B5
[2441] [M]: 0x8001B00C (0x00B55663) bge a0, a1, 12


mem[X,0x8001B010] -> 0x0613
mem[X,0x8001B012] -> 0x0026
[2442] [M]: 0x8001B010 (0x00260613) addi a2, a2, 2
x12 <- 0x00000002


mem[X,0x8001B014] -> 0x006F
mem[X,0x8001B016] -> 0x00C0
[2443] [M]: 0x8001B014 (0x00C0006F) jal zero, 12


mem[X,0x8001B020] -> 0x2823
mem[X,0x8001B022] -> 0x3AC2
[2444] [M]: 0x8001B020 (0x3AC22823) sw a2, 944(tp)
mem[0x8003B518] <- 0x00000002


mem[X,0x8001B024] -> 0x5537
mem[X,0x8001B026] -> 0xFFFF
[2445] [M]: 0x8001B024 (0xFFFF5537) lui a0, 1048565
x10 <- 0xFFFF5000


mem[X,0x8001B028] -> 0x0513
mem[X,0x8001B02A] -> 0xAFC5
[2446] [M]: 0x8001B028 (0xAFC50513) addi a0, a0, 2812
x10 <- 0xFFFF4AFC


mem[X,0x8001B02C] -> 0xB5B7
mem[X,0x8001B02E] -> 0x0000
[2447] [M]: 0x8001B02C (0x0000B5B7) lui a1, 11
x11 <- 0x0000B000


mem[X,0x8001B030] -> 0x8593
mem[X,0x8001B032] -> 0x5055
[2448] [M]: 0x8001B030 (0x50558593) addi a1, a1, 1285
x11 <- 0x0000B505


mem[X,0x8001B034] -> 0x0613
mem[X,0x8001B036] -> 0x0000
[2449] [M]: 0x8001B034 (0x00000613) addi a2, zero, 0
x12 <- 0x00000000


mem[X,0x8001B038] -> 0x006F
mem[X,0x8001B03A] -> 0x00C0
[2450] [M]: 0x8001B038 (0x00C0006F) jal zero, 12


mem[X,0x8001B044] -> 0x5CE3
mem[X,0x8001B046] -> 0xFEB5
[2451] [M]: 0x8001B044 (0xFEB55CE3) bge a0, a1, 8184


mem[X,0x8001B048] -> 0x0613
mem[X,0x8001B04A] -> 0x0026
[2452] [M]: 0x8001B048 (0x00260613) addi a2, a2, 2
x12 <- 0x00000002


mem[X,0x8001B04C] -> 0x006F
mem[X,0x8001B04E] -> 0x00C0
[2453] [M]: 0x8001B04C (0x00C0006F) jal zero, 12


mem[X,0x8001B058] -> 0x2A23
mem[X,0x8001B05A] -> 0x3AC2
[2454] [M]: 0x8001B058 (0x3AC22A23) sw a2, 948(tp)
mem[0x8003B51C] <- 0x00000002


mem[X,0x8001B05C] -> 0xB537
mem[X,0x8001B05E] -> 0x0000
[2455] [M]: 0x8001B05C (0x0000B537) lui a0, 11
x10 <- 0x0000B000


mem[X,0x8001B060] -> 0x0513
mem[X,0x8001B062] -> 0x5045
[2456] [M]: 0x8001B060 (0x50450513) addi a0, a0, 1284
x10 <- 0x0000B504


mem[X,0x8001B064] -> 0x0593
mem[X,0x8001B066] -> 0x0030
[2457] [M]: 0x8001B064 (0x00300593) addi a1, zero, 3
x11 <- 0x00000003


mem[X,0x8001B068] -> 0x0613
mem[X,0x8001B06A] -> 0x0000
[2458] [M]: 0x8001B068 (0x00000613) addi a2, zero, 0
x12 <- 0x00000000


mem[X,0x8001B06C] -> 0x006F
mem[X,0x8001B06E] -> 0x00C0
[2459] [M]: 0x8001B06C (0x00C0006F) jal zero, 12


mem[X,0x8001B078] -> 0x5663
mem[X,0x8001B07A] -> 0x00B5
[2460] [M]: 0x8001B078 (0x00B55663) bge a0, a1, 12


mem[X,0x8001B084] -> 0x0613
mem[X,0x8001B086] -> 0x0036
[2461] [M]: 0x8001B084 (0x00360613) addi a2, a2, 3
x12 <- 0x00000003


mem[X,0x8001B088] -> 0x006F
mem[X,0x8001B08A] -> 0x0040
[2462] [M]: 0x8001B088 (0x0040006F) jal zero, 4


mem[X,0x8001B08C] -> 0x2C23
mem[X,0x8001B08E] -> 0x3AC2
[2463] [M]: 0x8001B08C (0x3AC22C23) sw a2, 952(tp)
mem[0x8003B520] <- 0x00000003


mem[X,0x8001B090] -> 0xB537
mem[X,0x8001B092] -> 0x0000
[2464] [M]: 0x8001B090 (0x0000B537) lui a0, 11
x10 <- 0x0000B000


mem[X,0x8001B094] -> 0x0513
mem[X,0x8001B096] -> 0x5045
[2465] [M]: 0x8001B094 (0x50450513) addi a0, a0, 1284
x10 <- 0x0000B504


mem[X,0x8001B098] -> 0x55B7
mem[X,0x8001B09A] -> 0x5555
[2466] [M]: 0x8001B098 (0x555555B7) lui a1, 349525
x11 <- 0x55555000


mem[X,0x8001B09C] -> 0x8593
mem[X,0x8001B09E] -> 0x5555
[2467] [M]: 0x8001B09C (0x55558593) addi a1, a1, 1365
x11 <- 0x55555555


mem[X,0x8001B0A0] -> 0x0613
mem[X,0x8001B0A2] -> 0x0000
[2468] [M]: 0x8001B0A0 (0x00000613) addi a2, zero, 0
x12 <- 0x00000000


mem[X,0x8001B0A4] -> 0x006F
mem[X,0x8001B0A6] -> 0x00C0
[2469] [M]: 0x8001B0A4 (0x00C0006F) jal zero, 12


mem[X,0x8001B0B0] -> 0x5063
mem[X,0x8001B0B2] -> 0x20B5
[2470] [M]: 0x8001B0B0 (0x20B55063) bge a0, a1, 512


mem[X,0x8001B0B4] -> 0x0613
mem[X,0x8001B0B6] -> 0x0026
[2471] [M]: 0x8001B0B4 (0x00260613) addi a2, a2, 2
x12 <- 0x00000002


mem[X,0x8001B0B8] -> 0x006F
mem[X,0x8001B0BA] -> 0x2000
[2472] [M]: 0x8001B0B8 (0x2000006F) jal zero, 512


mem[X,0x8001B2B8] -> 0x2E23
mem[X,0x8001B2BA] -> 0x3AC2
[2473] [M]: 0x8001B2B8 (0x3AC22E23) sw a2, 956(tp)
mem[0x8003B524] <- 0x00000002


mem[X,0x8001B2BC] -> 0xB537
mem[X,0x8001B2BE] -> 0x0000
[2474] [M]: 0x8001B2BC (0x0000B537) lui a0, 11
x10 <- 0x0000B000


mem[X,0x8001B2C0] -> 0x0513
mem[X,0x8001B2C2] -> 0x5045
[2475] [M]: 0x8001B2C0 (0x50450513) addi a0, a0, 1284
x10 <- 0x0000B504


mem[X,0x8001B2C4] -> 0xB5B7
mem[X,0x8001B2C6] -> 0xAAAA
[2476] [M]: 0x8001B2C4 (0xAAAAB5B7) lui a1, 699051
x11 <- 0xAAAAB000


mem[X,0x8001B2C8] -> 0x8593
mem[X,0x8001B2CA] -> 0xAAA5
[2477] [M]: 0x8001B2C8 (0xAAA58593) addi a1, a1, 2730
x11 <- 0xAAAAAAAA


mem[X,0x8001B2CC] -> 0x0613
mem[X,0x8001B2CE] -> 0x0000
[2478] [M]: 0x8001B2CC (0x00000613) addi a2, zero, 0
x12 <- 0x00000000


mem[X,0x8001B2D0] -> 0x006F
mem[X,0x8001B2D2] -> 0x00C0
[2479] [M]: 0x8001B2D0 (0x00C0006F) jal zero, 12


mem[X,0x8001B2DC] -> 0x5663
mem[X,0x8001B2DE] -> 0x00B5
[2480] [M]: 0x8001B2DC (0x00B55663) bge a0, a1, 12


mem[X,0x8001B2E8] -> 0x0613
mem[X,0x8001B2EA] -> 0x0036
[2481] [M]: 0x8001B2E8 (0x00360613) addi a2, a2, 3
x12 <- 0x00000003


mem[X,0x8001B2EC] -> 0x006F
mem[X,0x8001B2EE] -> 0x0040
[2482] [M]: 0x8001B2EC (0x0040006F) jal zero, 4


mem[X,0x8001B2F0] -> 0x2023
mem[X,0x8001B2F2] -> 0x3CC2
[2483] [M]: 0x8001B2F0 (0x3CC22023) sw a2, 960(tp)
mem[0x8003B528] <- 0x00000003


mem[X,0x8001B2F4] -> 0xB537
mem[X,0x8001B2F6] -> 0x0000
[2484] [M]: 0x8001B2F4 (0x0000B537) lui a0, 11
x10 <- 0x0000B000


mem[X,0x8001B2F8] -> 0x0513
mem[X,0x8001B2FA] -> 0x5045
[2485] [M]: 0x8001B2F8 (0x50450513) addi a0, a0, 1284
x10 <- 0x0000B504


mem[X,0x8001B2FC] -> 0x0593
mem[X,0x8001B2FE] -> 0x0050
[2486] [M]: 0x8001B2FC (0x00500593) addi a1, zero, 5
x11 <- 0x00000005


mem[X,0x8001B300] -> 0x0613
mem[X,0x8001B302] -> 0x0000
[2487] [M]: 0x8001B300 (0x00000613) addi a2, zero, 0
x12 <- 0x00000000


mem[X,0x8001B304] -> 0x006F
mem[X,0x8001B306] -> 0x00C0
[2488] [M]: 0x8001B304 (0x00C0006F) jal zero, 12


mem[X,0x8001B310] -> 0x5863
mem[X,0x8001B312] -> 0x00B5
[2489] [M]: 0x8001B310 (0x00B55863) bge a0, a1, 16


mem[X,0x8001B320] -> 0x0613
mem[X,0x8001B322] -> 0x0036
[2490] [M]: 0x8001B320 (0x00360613) addi a2, a2, 3
x12 <- 0x00000003


mem[X,0x8001B324] -> 0x006F
mem[X,0x8001B326] -> 0x0040
[2491] [M]: 0x8001B324 (0x0040006F) jal zero, 4


mem[X,0x8001B328] -> 0x2223
mem[X,0x8001B32A] -> 0x3CC2
[2492] [M]: 0x8001B328 (0x3CC22223) sw a2, 964(tp)
mem[0x8003B52C] <- 0x00000003


mem[X,0x8001B32C] -> 0xB537
mem[X,0x8001B32E] -> 0x0000
[2493] [M]: 0x8001B32C (0x0000B537) lui a0, 11
x10 <- 0x0000B000


mem[X,0x8001B330] -> 0x0513
mem[X,0x8001B332] -> 0x5045
[2494] [M]: 0x8001B330 (0x50450513) addi a0, a0, 1284
x10 <- 0x0000B504


mem[X,0x8001B334] -> 0x35B7
mem[X,0x8001B336] -> 0x3333
[2495] [M]: 0x8001B334 (0x333335B7) lui a1, 209715
x11 <- 0x33333000


mem[X,0x8001B338] -> 0x8593
mem[X,0x8001B33A] -> 0x3335
[2496] [M]: 0x8001B338 (0x33358593) addi a1, a1, 819
x11 <- 0x33333333


mem[X,0x8001B33C] -> 0x0613
mem[X,0x8001B33E] -> 0x0000
[2497] [M]: 0x8001B33C (0x00000613) addi a2, zero, 0
x12 <- 0x00000000


mem[X,0x8001B340] -> 0x006F
mem[X,0x8001B342] -> 0x0100
[2498] [M]: 0x8001B340 (0x0100006F) jal zero, 16


mem[X,0x8001B350] -> 0x5AE3
mem[X,0x8001B352] -> 0xFEB5
[2499] [M]: 0x8001B350 (0xFEB55AE3) bge a0, a1, 8180


clint::tick mtime <- 0x0000000000000019
 clint timer pending at mtime 0x0000000000000019
htif::tick 0x0000000000000000
mem[X,0x8001B354] -> 0x0613
mem[X,0x8001B356] -> 0x0026
[2500] [M]: 0x8001B354 (0x00260613) addi a2, a2, 2
x12 <- 0x00000002


mem[X,0x8001B358] -> 0x006F
mem[X,0x8001B35A] -> 0x00C0
[2501] [M]: 0x8001B358 (0x00C0006F) jal zero, 12


mem[X,0x8001B364] -> 0x2423
mem[X,0x8001B366] -> 0x3CC2
[2502] [M]: 0x8001B364 (0x3CC22423) sw a2, 968(tp)
mem[0x8003B530] <- 0x00000002


mem[X,0x8001B368] -> 0xB537
mem[X,0x8001B36A] -> 0x0000
[2503] [M]: 0x8001B368 (0x0000B537) lui a0, 11
x10 <- 0x0000B000


mem[X,0x8001B36C] -> 0x0513
mem[X,0x8001B36E] -> 0x5045
[2504] [M]: 0x8001B36C (0x50450513) addi a0, a0, 1284
x10 <- 0x0000B504


mem[X,0x8001B370] -> 0x65B7
mem[X,0x8001B372] -> 0x6666
[2505] [M]: 0x8001B370 (0x666665B7) lui a1, 419430
x11 <- 0x66666000


mem[X,0x8001B374] -> 0x8593
mem[X,0x8001B376] -> 0x6665
[2506] [M]: 0x8001B374 (0x66658593) addi a1, a1, 1638
x11 <- 0x66666666


mem[X,0x8001B378] -> 0x0613
mem[X,0x8001B37A] -> 0x0000
[2507] [M]: 0x8001B378 (0x00000613) addi a2, zero, 0
x12 <- 0x00000000


mem[X,0x8001B37C] -> 0x006F
mem[X,0x8001B37E] -> 0x00C0
[2508] [M]: 0x8001B37C (0x00C0006F) jal zero, 12


mem[X,0x8001B388] -> 0x5663
mem[X,0x8001B38A] -> 0x00B5
[2509] [M]: 0x8001B388 (0x00B55663) bge a0, a1, 12


mem[X,0x8001B38C] -> 0x0613
mem[X,0x8001B38E] -> 0x0026
[2510] [M]: 0x8001B38C (0x00260613) addi a2, a2, 2
x12 <- 0x00000002


mem[X,0x8001B390] -> 0x006F
mem[X,0x8001B392] -> 0x00C0
[2511] [M]: 0x8001B390 (0x00C0006F) jal zero, 12


mem[X,0x8001B39C] -> 0x2623
mem[X,0x8001B39E] -> 0x3CC2
[2512] [M]: 0x8001B39C (0x3CC22623) sw a2, 972(tp)
mem[0x8003B534] <- 0x00000002


mem[X,0x8001B3A0] -> 0xB537
mem[X,0x8001B3A2] -> 0x0000
[2513] [M]: 0x8001B3A0 (0x0000B537) lui a0, 11
x10 <- 0x0000B000


mem[X,0x8001B3A4] -> 0x0513
mem[X,0x8001B3A6] -> 0x5045
[2514] [M]: 0x8001B3A4 (0x50450513) addi a0, a0, 1284
x10 <- 0x0000B504


mem[X,0x8001B3A8] -> 0x55B7
mem[X,0x8001B3AA] -> 0xFFFF
[2515] [M]: 0x8001B3A8 (0xFFFF55B7) lui a1, 1048565
x11 <- 0xFFFF5000


mem[X,0x8001B3AC] -> 0x8593
mem[X,0x8001B3AE] -> 0xAFC5
[2516] [M]: 0x8001B3AC (0xAFC58593) addi a1, a1, 2812
x11 <- 0xFFFF4AFC


mem[X,0x8001B3B0] -> 0x0613
mem[X,0x8001B3B2] -> 0x0000
[2517] [M]: 0x8001B3B0 (0x00000613) addi a2, zero, 0
x12 <- 0x00000000


mem[X,0x8001B3B4] -> 0x006F
mem[X,0x8001B3B6] -> 0x00C0
[2518] [M]: 0x8001B3B4 (0x00C0006F) jal zero, 12


mem[X,0x8001B3C0] -> 0x5063
mem[X,0x8001B3C2] -> 0x08B5
[2519] [M]: 0x8001B3C0 (0x08B55063) bge a0, a1, 128


mem[X,0x8001B440] -> 0x0613
mem[X,0x8001B442] -> 0x0036
[2520] [M]: 0x8001B440 (0x00360613) addi a2, a2, 3
x12 <- 0x00000003


mem[X,0x8001B444] -> 0x006F
mem[X,0x8001B446] -> 0x0040
[2521] [M]: 0x8001B444 (0x0040006F) jal zero, 4


mem[X,0x8001B448] -> 0x2823
mem[X,0x8001B44A] -> 0x3CC2
[2522] [M]: 0x8001B448 (0x3CC22823) sw a2, 976(tp)
mem[0x8003B538] <- 0x00000003


mem[X,0x8001B44C] -> 0xB537
mem[X,0x8001B44E] -> 0x0000
[2523] [M]: 0x8001B44C (0x0000B537) lui a0, 11
x10 <- 0x0000B000


mem[X,0x8001B450] -> 0x0513
mem[X,0x8001B452] -> 0x5045
[2524] [M]: 0x8001B450 (0x50450513) addi a0, a0, 1284
x10 <- 0x0000B504


mem[X,0x8001B454] -> 0xB5B7
mem[X,0x8001B456] -> 0x0000
[2525] [M]: 0x8001B454 (0x0000B5B7) lui a1, 11
x11 <- 0x0000B000


mem[X,0x8001B458] -> 0x8593
mem[X,0x8001B45A] -> 0x5045
[2526] [M]: 0x8001B458 (0x50458593) addi a1, a1, 1284
x11 <- 0x0000B504


mem[X,0x8001B45C] -> 0x0613
mem[X,0x8001B45E] -> 0x0000
[2527] [M]: 0x8001B45C (0x00000613) addi a2, zero, 0
x12 <- 0x00000000


mem[X,0x8001B460] -> 0x006F
mem[X,0x8001B462] -> 0x00C0
[2528] [M]: 0x8001B460 (0x00C0006F) jal zero, 12


mem[X,0x8001B46C] -> 0x5CE3
mem[X,0x8001B46E] -> 0xFEB5
[2529] [M]: 0x8001B46C (0xFEB55CE3) bge a0, a1, 8184


mem[X,0x8001B464] -> 0x0613
mem[X,0x8001B466] -> 0x0016
[2530] [M]: 0x8001B464 (0x00160613) addi a2, a2, 1
x12 <- 0x00000001


mem[X,0x8001B468] -> 0x006F
mem[X,0x8001B46A] -> 0x0180
[2531] [M]: 0x8001B468 (0x0180006F) jal zero, 24


mem[X,0x8001B480] -> 0x2A23
mem[X,0x8001B482] -> 0x3CC2
[2532] [M]: 0x8001B480 (0x3CC22A23) sw a2, 980(tp)
mem[0x8003B53C] <- 0x00000001


mem[X,0x8001B484] -> 0xB537
mem[X,0x8001B486] -> 0x0000
[2533] [M]: 0x8001B484 (0x0000B537) lui a0, 11
x10 <- 0x0000B000


mem[X,0x8001B488] -> 0x0513
mem[X,0x8001B48A] -> 0x5045
[2534] [M]: 0x8001B488 (0x50450513) addi a0, a0, 1284
x10 <- 0x0000B504


mem[X,0x8001B48C] -> 0x0593
mem[X,0x8001B48E] -> 0x0020
[2535] [M]: 0x8001B48C (0x00200593) addi a1, zero, 2
x11 <- 0x00000002


mem[X,0x8001B490] -> 0x0613
mem[X,0x8001B492] -> 0x0000
[2536] [M]: 0x8001B490 (0x00000613) addi a2, zero, 0
x12 <- 0x00000000


mem[X,0x8001B494] -> 0x006F
mem[X,0x8001B496] -> 0x0100
[2537] [M]: 0x8001B494 (0x0100006F) jal zero, 16


mem[X,0x8001B4A4] -> 0x5AE3
mem[X,0x8001B4A6] -> 0xFEB5
[2538] [M]: 0x8001B4A4 (0xFEB55AE3) bge a0, a1, 8180


mem[X,0x8001B498] -> 0x0613
mem[X,0x8001B49A] -> 0x0016
[2539] [M]: 0x8001B498 (0x00160613) addi a2, a2, 1
x12 <- 0x00000001


mem[X,0x8001B49C] -> 0x006F
mem[X,0x8001B49E] -> 0x01C0
[2540] [M]: 0x8001B49C (0x01C0006F) jal zero, 28


mem[X,0x8001B4B8] -> 0x2C23
mem[X,0x8001B4BA] -> 0x3CC2
[2541] [M]: 0x8001B4B8 (0x3CC22C23) sw a2, 984(tp)
mem[0x8003B540] <- 0x00000001


mem[X,0x8001B4BC] -> 0xB537
mem[X,0x8001B4BE] -> 0x0000
[2542] [M]: 0x8001B4BC (0x0000B537) lui a0, 11
x10 <- 0x0000B000


mem[X,0x8001B4C0] -> 0x0513
mem[X,0x8001B4C2] -> 0x5045
[2543] [M]: 0x8001B4C0 (0x50450513) addi a0, a0, 1284
x10 <- 0x0000B504


mem[X,0x8001B4C4] -> 0x55B7
mem[X,0x8001B4C6] -> 0x5555
[2544] [M]: 0x8001B4C4 (0x555555B7) lui a1, 349525
x11 <- 0x55555000


mem[X,0x8001B4C8] -> 0x8593
mem[X,0x8001B4CA] -> 0x5545
[2545] [M]: 0x8001B4C8 (0x55458593) addi a1, a1, 1364
x11 <- 0x55555554


mem[X,0x8001B4CC] -> 0x0613
mem[X,0x8001B4CE] -> 0x0000
[2546] [M]: 0x8001B4CC (0x00000613) addi a2, zero, 0
x12 <- 0x00000000


mem[X,0x8001B4D0] -> 0x006F
mem[X,0x8001B4D2] -> 0x0140
[2547] [M]: 0x8001B4D0 (0x0140006F) jal zero, 20


mem[X,0x8001B4E4] -> 0x58E3
mem[X,0x8001B4E6] -> 0xFEB5
[2548] [M]: 0x8001B4E4 (0xFEB558E3) bge a0, a1, 8176


mem[X,0x8001B4E8] -> 0x0613
mem[X,0x8001B4EA] -> 0x0026
[2549] [M]: 0x8001B4E8 (0x00260613) addi a2, a2, 2
x12 <- 0x00000002


mem[X,0x8001B4EC] -> 0x006F
mem[X,0x8001B4EE] -> 0x00C0
[2550] [M]: 0x8001B4EC (0x00C0006F) jal zero, 12


mem[X,0x8001B4F8] -> 0x2E23
mem[X,0x8001B4FA] -> 0x3CC2
[2551] [M]: 0x8001B4F8 (0x3CC22E23) sw a2, 988(tp)
mem[0x8003B544] <- 0x00000002


mem[X,0x8001B4FC] -> 0xB537
mem[X,0x8001B4FE] -> 0x0000
[2552] [M]: 0x8001B4FC (0x0000B537) lui a0, 11
x10 <- 0x0000B000


mem[X,0x8001B500] -> 0x0513
mem[X,0x8001B502] -> 0x5045
[2553] [M]: 0x8001B500 (0x50450513) addi a0, a0, 1284
x10 <- 0x0000B504


mem[X,0x8001B504] -> 0x0593
mem[X,0x8001B506] -> 0x0000
[2554] [M]: 0x8001B504 (0x00000593) addi a1, zero, 0
x11 <- 0x00000000


mem[X,0x8001B508] -> 0x0613
mem[X,0x8001B50A] -> 0x0000
[2555] [M]: 0x8001B508 (0x00000613) addi a2, zero, 0
x12 <- 0x00000000


mem[X,0x8001B50C] -> 0x006F
mem[X,0x8001B50E] -> 0x00C0
[2556] [M]: 0x8001B50C (0x00C0006F) jal zero, 12


mem[X,0x8001B518] -> 0x5CE3
mem[X,0x8001B51A] -> 0xFEB5
[2557] [M]: 0x8001B518 (0xFEB55CE3) bge a0, a1, 8184


mem[X,0x8001B510] -> 0x0613
mem[X,0x8001B512] -> 0x0016
[2558] [M]: 0x8001B510 (0x00160613) addi a2, a2, 1
x12 <- 0x00000001


mem[X,0x8001B514] -> 0x006F
mem[X,0x8001B516] -> 0x0180
[2559] [M]: 0x8001B514 (0x0180006F) jal zero, 24


mem[X,0x8001B52C] -> 0x2023
mem[X,0x8001B52E] -> 0x3EC2
[2560] [M]: 0x8001B52C (0x3EC22023) sw a2, 992(tp)
mem[0x8003B548] <- 0x00000001


mem[X,0x8001B530] -> 0xB537
mem[X,0x8001B532] -> 0x0000
[2561] [M]: 0x8001B530 (0x0000B537) lui a0, 11
x10 <- 0x0000B000


mem[X,0x8001B534] -> 0x0513
mem[X,0x8001B536] -> 0x5045
[2562] [M]: 0x8001B534 (0x50450513) addi a0, a0, 1284
x10 <- 0x0000B504


mem[X,0x8001B538] -> 0x0593
mem[X,0x8001B53A] -> 0x0040
[2563] [M]: 0x8001B538 (0x00400593) addi a1, zero, 4
x11 <- 0x00000004


mem[X,0x8001B53C] -> 0x0613
mem[X,0x8001B53E] -> 0x0000
[2564] [M]: 0x8001B53C (0x00000613) addi a2, zero, 0
x12 <- 0x00000000


mem[X,0x8001B540] -> 0x006F
mem[X,0x8001B542] -> 0x00C0
[2565] [M]: 0x8001B540 (0x00C0006F) jal zero, 12


mem[X,0x8001B54C] -> 0x5CE3
mem[X,0x8001B54E] -> 0xFEB5
[2566] [M]: 0x8001B54C (0xFEB55CE3) bge a0, a1, 8184


mem[X,0x8001B544] -> 0x0613
mem[X,0x8001B546] -> 0x0016
[2567] [M]: 0x8001B544 (0x00160613) addi a2, a2, 1
x12 <- 0x00000001


mem[X,0x8001B548] -> 0x006F
mem[X,0x8001B54A] -> 0x0180
[2568] [M]: 0x8001B548 (0x0180006F) jal zero, 24


mem[X,0x8001B560] -> 0x2223
mem[X,0x8001B562] -> 0x3EC2
[2569] [M]: 0x8001B560 (0x3EC22223) sw a2, 996(tp)
mem[0x8003B54C] <- 0x00000001


mem[X,0x8001B564] -> 0xB537
mem[X,0x8001B566] -> 0x0000
[2570] [M]: 0x8001B564 (0x0000B537) lui a0, 11
x10 <- 0x0000B000


mem[X,0x8001B568] -> 0x0513
mem[X,0x8001B56A] -> 0x5045
[2571] [M]: 0x8001B568 (0x50450513) addi a0, a0, 1284
x10 <- 0x0000B504


mem[X,0x8001B56C] -> 0x35B7
mem[X,0x8001B56E] -> 0x3333
[2572] [M]: 0x8001B56C (0x333335B7) lui a1, 209715
x11 <- 0x33333000


mem[X,0x8001B570] -> 0x8593
mem[X,0x8001B572] -> 0x3325
[2573] [M]: 0x8001B570 (0x33258593) addi a1, a1, 818
x11 <- 0x33333332


mem[X,0x8001B574] -> 0x0613
mem[X,0x8001B576] -> 0x0000
[2574] [M]: 0x8001B574 (0x00000613) addi a2, zero, 0
x12 <- 0x00000000


mem[X,0x8001B578] -> 0x006F
mem[X,0x8001B57A] -> 0x00C0
[2575] [M]: 0x8001B578 (0x00C0006F) jal zero, 12


mem[X,0x8001B584] -> 0x5CE3
mem[X,0x8001B586] -> 0xFEB5
[2576] [M]: 0x8001B584 (0xFEB55CE3) bge a0, a1, 8184


mem[X,0x8001B588] -> 0x0613
mem[X,0x8001B58A] -> 0x0026
[2577] [M]: 0x8001B588 (0x00260613) addi a2, a2, 2
x12 <- 0x00000002


mem[X,0x8001B58C] -> 0x006F
mem[X,0x8001B58E] -> 0x00C0
[2578] [M]: 0x8001B58C (0x00C0006F) jal zero, 12


mem[X,0x8001B598] -> 0x2423
mem[X,0x8001B59A] -> 0x3EC2
[2579] [M]: 0x8001B598 (0x3EC22423) sw a2, 1000(tp)
mem[0x8003B550] <- 0x00000002


mem[X,0x8001B59C] -> 0xB537
mem[X,0x8001B59E] -> 0x0000
[2580] [M]: 0x8001B59C (0x0000B537) lui a0, 11
x10 <- 0x0000B000


mem[X,0x8001B5A0] -> 0x0513
mem[X,0x8001B5A2] -> 0x5045
[2581] [M]: 0x8001B5A0 (0x50450513) addi a0, a0, 1284
x10 <- 0x0000B504


mem[X,0x8001B5A4] -> 0x65B7
mem[X,0x8001B5A6] -> 0x6666
[2582] [M]: 0x8001B5A4 (0x666665B7) lui a1, 419430
x11 <- 0x66666000


mem[X,0x8001B5A8] -> 0x8593
mem[X,0x8001B5AA] -> 0x6655
[2583] [M]: 0x8001B5A8 (0x66558593) addi a1, a1, 1637
x11 <- 0x66666665


mem[X,0x8001B5AC] -> 0x0613
mem[X,0x8001B5AE] -> 0x0000
[2584] [M]: 0x8001B5AC (0x00000613) addi a2, zero, 0
x12 <- 0x00000000


mem[X,0x8001B5B0] -> 0x006F
mem[X,0x8001B5B2] -> 0x00C0
[2585] [M]: 0x8001B5B0 (0x00C0006F) jal zero, 12


mem[X,0x8001B5BC] -> 0x5863
mem[X,0x8001B5BE] -> 0x00B5
[2586] [M]: 0x8001B5BC (0x00B55863) bge a0, a1, 16


mem[X,0x8001B5C0] -> 0x0613
mem[X,0x8001B5C2] -> 0x0026
[2587] [M]: 0x8001B5C0 (0x00260613) addi a2, a2, 2
x12 <- 0x00000002


mem[X,0x8001B5C4] -> 0x006F
mem[X,0x8001B5C6] -> 0x0100
[2588] [M]: 0x8001B5C4 (0x0100006F) jal zero, 16


mem[X,0x8001B5D4] -> 0x2623
mem[X,0x8001B5D6] -> 0x3EC2
[2589] [M]: 0x8001B5D4 (0x3EC22623) sw a2, 1004(tp)
mem[0x8003B554] <- 0x00000002


mem[X,0x8001B5D8] -> 0xB537
mem[X,0x8001B5DA] -> 0x0000
[2590] [M]: 0x8001B5D8 (0x0000B537) lui a0, 11
x10 <- 0x0000B000


mem[X,0x8001B5DC] -> 0x0513
mem[X,0x8001B5DE] -> 0x5045
[2591] [M]: 0x8001B5DC (0x50450513) addi a0, a0, 1284
x10 <- 0x0000B504


mem[X,0x8001B5E0] -> 0xB5B7
mem[X,0x8001B5E2] -> 0x0000
[2592] [M]: 0x8001B5E0 (0x0000B5B7) lui a1, 11
x11 <- 0x0000B000


mem[X,0x8001B5E4] -> 0x8593
mem[X,0x8001B5E6] -> 0x5035
[2593] [M]: 0x8001B5E4 (0x50358593) addi a1, a1, 1283
x11 <- 0x0000B503


mem[X,0x8001B5E8] -> 0x0613
mem[X,0x8001B5EA] -> 0x0000
[2594] [M]: 0x8001B5E8 (0x00000613) addi a2, zero, 0
x12 <- 0x00000000


mem[X,0x8001B5EC] -> 0x006F
mem[X,0x8001B5EE] -> 0x00C0
[2595] [M]: 0x8001B5EC (0x00C0006F) jal zero, 12


mem[X,0x8001B5F8] -> 0x5663
mem[X,0x8001B5FA] -> 0x00B5
[2596] [M]: 0x8001B5F8 (0x00B55663) bge a0, a1, 12


mem[X,0x8001B604] -> 0x0613
mem[X,0x8001B606] -> 0x0036
[2597] [M]: 0x8001B604 (0x00360613) addi a2, a2, 3
x12 <- 0x00000003


mem[X,0x8001B608] -> 0x006F
mem[X,0x8001B60A] -> 0x0040
[2598] [M]: 0x8001B608 (0x0040006F) jal zero, 4


mem[X,0x8001B60C] -> 0x2823
mem[X,0x8001B60E] -> 0x3EC2
[2599] [M]: 0x8001B60C (0x3EC22823) sw a2, 1008(tp)
mem[0x8003B558] <- 0x00000003


clint::tick mtime <- 0x000000000000001A
 clint timer pending at mtime 0x000000000000001A
htif::tick 0x0000000000000000
mem[X,0x8001B610] -> 0xB537
mem[X,0x8001B612] -> 0x0000
[2600] [M]: 0x8001B610 (0x0000B537) lui a0, 11
x10 <- 0x0000B000


mem[X,0x8001B614] -> 0x0513
mem[X,0x8001B616] -> 0x5045
[2601] [M]: 0x8001B614 (0x50450513) addi a0, a0, 1284
x10 <- 0x0000B504


mem[X,0x8001B618] -> 0x55B7
mem[X,0x8001B61A] -> 0x5555
[2602] [M]: 0x8001B618 (0x555555B7) lui a1, 349525
x11 <- 0x55555000


mem[X,0x8001B61C] -> 0x8593
mem[X,0x8001B61E] -> 0x5565
[2603] [M]: 0x8001B61C (0x55658593) addi a1, a1, 1366
x11 <- 0x55555556


mem[X,0x8001B620] -> 0x0613
mem[X,0x8001B622] -> 0x0000
[2604] [M]: 0x8001B620 (0x00000613) addi a2, zero, 0
x12 <- 0x00000000


mem[X,0x8001B624] -> 0x006F
mem[X,0x8001B626] -> 0x00C0
[2605] [M]: 0x8001B624 (0x00C0006F) jal zero, 12


mem[X,0x8001B630] -> 0x5863
mem[X,0x8001B632] -> 0x00B5
[2606] [M]: 0x8001B630 (0x00B55863) bge a0, a1, 16


mem[X,0x8001B634] -> 0x0613
mem[X,0x8001B636] -> 0x0026
[2607] [M]: 0x8001B634 (0x00260613) addi a2, a2, 2
x12 <- 0x00000002


mem[X,0x8001B638] -> 0x006F
mem[X,0x8001B63A] -> 0x0100
[2608] [M]: 0x8001B638 (0x0100006F) jal zero, 16


mem[X,0x8001B648] -> 0x2A23
mem[X,0x8001B64A] -> 0x3EC2
[2609] [M]: 0x8001B648 (0x3EC22A23) sw a2, 1012(tp)
mem[0x8003B55C] <- 0x00000002


mem[X,0x8001B64C] -> 0xB537
mem[X,0x8001B64E] -> 0x0000
[2610] [M]: 0x8001B64C (0x0000B537) lui a0, 11
x10 <- 0x0000B000


mem[X,0x8001B650] -> 0x0513
mem[X,0x8001B652] -> 0x5045
[2611] [M]: 0x8001B650 (0x50450513) addi a0, a0, 1284
x10 <- 0x0000B504


mem[X,0x8001B654] -> 0xB5B7
mem[X,0x8001B656] -> 0xAAAA
[2612] [M]: 0x8001B654 (0xAAAAB5B7) lui a1, 699051
x11 <- 0xAAAAB000


mem[X,0x8001B658] -> 0x8593
mem[X,0x8001B65A] -> 0xAAB5
[2613] [M]: 0x8001B658 (0xAAB58593) addi a1, a1, 2731
x11 <- 0xAAAAAAAB


mem[X,0x8001B65C] -> 0x0613
mem[X,0x8001B65E] -> 0x0000
[2614] [M]: 0x8001B65C (0x00000613) addi a2, zero, 0
x12 <- 0x00000000


mem[X,0x8001B660] -> 0x006F
mem[X,0x8001B662] -> 0x00C0
[2615] [M]: 0x8001B660 (0x00C0006F) jal zero, 12


mem[X,0x8001B66C] -> 0x5CE3
mem[X,0x8001B66E] -> 0xFEB5
[2616] [M]: 0x8001B66C (0xFEB55CE3) bge a0, a1, 8184


mem[X,0x8001B664] -> 0x0613
mem[X,0x8001B666] -> 0x0016
[2617] [M]: 0x8001B664 (0x00160613) addi a2, a2, 1
x12 <- 0x00000001


mem[X,0x8001B668] -> 0x006F
mem[X,0x8001B66A] -> 0x0180
[2618] [M]: 0x8001B668 (0x0180006F) jal zero, 24


mem[X,0x8001B680] -> 0x2C23
mem[X,0x8001B682] -> 0x3EC2
[2619] [M]: 0x8001B680 (0x3EC22C23) sw a2, 1016(tp)
mem[0x8003B560] <- 0x00000001


mem[X,0x8001B684] -> 0xB537
mem[X,0x8001B686] -> 0x0000
[2620] [M]: 0x8001B684 (0x0000B537) lui a0, 11
x10 <- 0x0000B000


mem[X,0x8001B688] -> 0x0513
mem[X,0x8001B68A] -> 0x5045
[2621] [M]: 0x8001B688 (0x50450513) addi a0, a0, 1284
x10 <- 0x0000B504


mem[X,0x8001B68C] -> 0x0593
mem[X,0x8001B68E] -> 0x0060
[2622] [M]: 0x8001B68C (0x00600593) addi a1, zero, 6
x11 <- 0x00000006


mem[X,0x8001B690] -> 0x0613
mem[X,0x8001B692] -> 0x0000
[2623] [M]: 0x8001B690 (0x00000613) addi a2, zero, 0
x12 <- 0x00000000


mem[X,0x8001B694] -> 0x006F
mem[X,0x8001B696] -> 0x00C0
[2624] [M]: 0x8001B694 (0x00C0006F) jal zero, 12


mem[X,0x8001B6A0] -> 0x5CE3
mem[X,0x8001B6A2] -> 0xFEB5
[2625] [M]: 0x8001B6A0 (0xFEB55CE3) bge a0, a1, 8184


mem[X,0x8001B698] -> 0x0613
mem[X,0x8001B69A] -> 0x0016
[2626] [M]: 0x8001B698 (0x00160613) addi a2, a2, 1
x12 <- 0x00000001


mem[X,0x8001B69C] -> 0x006F
mem[X,0x8001B69E] -> 0x0180
[2627] [M]: 0x8001B69C (0x0180006F) jal zero, 24


mem[X,0x8001B6B4] -> 0x2E23
mem[X,0x8001B6B6] -> 0x3EC2
[2628] [M]: 0x8001B6B4 (0x3EC22E23) sw a2, 1020(tp)
mem[0x8003B564] <- 0x00000001


mem[X,0x8001B6B8] -> 0xB537
mem[X,0x8001B6BA] -> 0x0000
[2629] [M]: 0x8001B6B8 (0x0000B537) lui a0, 11
x10 <- 0x0000B000


mem[X,0x8001B6BC] -> 0x0513
mem[X,0x8001B6BE] -> 0x5045
[2630] [M]: 0x8001B6BC (0x50450513) addi a0, a0, 1284
x10 <- 0x0000B504


mem[X,0x8001B6C0] -> 0x35B7
mem[X,0x8001B6C2] -> 0x3333
[2631] [M]: 0x8001B6C0 (0x333335B7) lui a1, 209715
x11 <- 0x33333000


mem[X,0x8001B6C4] -> 0x8593
mem[X,0x8001B6C6] -> 0x3345
[2632] [M]: 0x8001B6C4 (0x33458593) addi a1, a1, 820
x11 <- 0x33333334


mem[X,0x8001B6C8] -> 0x0613
mem[X,0x8001B6CA] -> 0x0000
[2633] [M]: 0x8001B6C8 (0x00000613) addi a2, zero, 0
x12 <- 0x00000000


mem[X,0x8001B6CC] -> 0x006F
mem[X,0x8001B6CE] -> 0x00C0
[2634] [M]: 0x8001B6CC (0x00C0006F) jal zero, 12


mem[X,0x8001B6D8] -> 0x5663
mem[X,0x8001B6DA] -> 0x00B5
[2635] [M]: 0x8001B6D8 (0x00B55663) bge a0, a1, 12


mem[X,0x8001B6DC] -> 0x0613
mem[X,0x8001B6DE] -> 0x0026
[2636] [M]: 0x8001B6DC (0x00260613) addi a2, a2, 2
x12 <- 0x00000002


mem[X,0x8001B6E0] -> 0x006F
mem[X,0x8001B6E2] -> 0x00C0
[2637] [M]: 0x8001B6E0 (0x00C0006F) jal zero, 12


mem[X,0x8001B6EC] -> 0x2023
mem[X,0x8001B6EE] -> 0x40C2
[2638] [M]: 0x8001B6EC (0x40C22023) sw a2, 1024(tp)
mem[0x8003B568] <- 0x00000002


mem[X,0x8001B6F0] -> 0xB537
mem[X,0x8001B6F2] -> 0x0000
[2639] [M]: 0x8001B6F0 (0x0000B537) lui a0, 11
x10 <- 0x0000B000


mem[X,0x8001B6F4] -> 0x0513
mem[X,0x8001B6F6] -> 0x5045
[2640] [M]: 0x8001B6F4 (0x50450513) addi a0, a0, 1284
x10 <- 0x0000B504


mem[X,0x8001B6F8] -> 0x65B7
mem[X,0x8001B6FA] -> 0x6666
[2641] [M]: 0x8001B6F8 (0x666665B7) lui a1, 419430
x11 <- 0x66666000


mem[X,0x8001B6FC] -> 0x8593
mem[X,0x8001B6FE] -> 0x6675
[2642] [M]: 0x8001B6FC (0x66758593) addi a1, a1, 1639
x11 <- 0x66666667


mem[X,0x8001B700] -> 0x0613
mem[X,0x8001B702] -> 0x0000
[2643] [M]: 0x8001B700 (0x00000613) addi a2, zero, 0
x12 <- 0x00000000


mem[X,0x8001B704] -> 0x006F
mem[X,0x8001B706] -> 0x00C0
[2644] [M]: 0x8001B704 (0x00C0006F) jal zero, 12


mem[X,0x8001B710] -> 0x5063
mem[X,0x8001B712] -> 0x10B5
[2645] [M]: 0x8001B710 (0x10B55063) bge a0, a1, 256


mem[X,0x8001B714] -> 0x0613
mem[X,0x8001B716] -> 0x0026
[2646] [M]: 0x8001B714 (0x00260613) addi a2, a2, 2
x12 <- 0x00000002


mem[X,0x8001B718] -> 0x006F
mem[X,0x8001B71A] -> 0x1000
[2647] [M]: 0x8001B718 (0x1000006F) jal zero, 256


mem[X,0x8001B818] -> 0x2223
mem[X,0x8001B81A] -> 0x40C2
[2648] [M]: 0x8001B818 (0x40C22223) sw a2, 1028(tp)
mem[0x8003B56C] <- 0x00000002


mem[X,0x8001B81C] -> 0xB537
mem[X,0x8001B81E] -> 0x0000
[2649] [M]: 0x8001B81C (0x0000B537) lui a0, 11
x10 <- 0x0000B000


mem[X,0x8001B820] -> 0x0513
mem[X,0x8001B822] -> 0x5045
[2650] [M]: 0x8001B820 (0x50450513) addi a0, a0, 1284
x10 <- 0x0000B504


mem[X,0x8001B824] -> 0x55B7
mem[X,0x8001B826] -> 0xFFFF
[2651] [M]: 0x8001B824 (0xFFFF55B7) lui a1, 1048565
x11 <- 0xFFFF5000


mem[X,0x8001B828] -> 0x8593
mem[X,0x8001B82A] -> 0xAFD5
[2652] [M]: 0x8001B828 (0xAFD58593) addi a1, a1, 2813
x11 <- 0xFFFF4AFD


mem[X,0x8001B82C] -> 0x0613
mem[X,0x8001B82E] -> 0x0000
[2653] [M]: 0x8001B82C (0x00000613) addi a2, zero, 0
x12 <- 0x00000000


mem[X,0x8001B830] -> 0x006F
mem[X,0x8001B832] -> 0x00C0
[2654] [M]: 0x8001B830 (0x00C0006F) jal zero, 12


mem[X,0x8001B83C] -> 0x5063
mem[X,0x8001B83E] -> 0x02B5
[2655] [M]: 0x8001B83C (0x02B55063) bge a0, a1, 32


mem[X,0x8001B85C] -> 0x0613
mem[X,0x8001B85E] -> 0x0036
[2656] [M]: 0x8001B85C (0x00360613) addi a2, a2, 3
x12 <- 0x00000003


mem[X,0x8001B860] -> 0x006F
mem[X,0x8001B862] -> 0x0040
[2657] [M]: 0x8001B860 (0x0040006F) jal zero, 4


mem[X,0x8001B864] -> 0x2423
mem[X,0x8001B866] -> 0x40C2
[2658] [M]: 0x8001B864 (0x40C22423) sw a2, 1032(tp)
mem[0x8003B570] <- 0x00000003


mem[X,0x8001B868] -> 0xB537
mem[X,0x8001B86A] -> 0x0000
[2659] [M]: 0x8001B868 (0x0000B537) lui a0, 11
x10 <- 0x0000B000


mem[X,0x8001B86C] -> 0x0513
mem[X,0x8001B86E] -> 0x5045
[2660] [M]: 0x8001B86C (0x50450513) addi a0, a0, 1284
x10 <- 0x0000B504


mem[X,0x8001B870] -> 0xB5B7
mem[X,0x8001B872] -> 0x0000
[2661] [M]: 0x8001B870 (0x0000B5B7) lui a1, 11
x11 <- 0x0000B000


mem[X,0x8001B874] -> 0x8593
mem[X,0x8001B876] -> 0x5055
[2662] [M]: 0x8001B874 (0x50558593) addi a1, a1, 1285
x11 <- 0x0000B505


mem[X,0x8001B878] -> 0x0613
mem[X,0x8001B87A] -> 0x0000
[2663] [M]: 0x8001B878 (0x00000613) addi a2, zero, 0
x12 <- 0x00000000


mem[X,0x8001B87C] -> 0x006F
mem[X,0x8001B87E] -> 0x00C0
[2664] [M]: 0x8001B87C (0x00C0006F) jal zero, 12


mem[X,0x8001B888] -> 0x5663
mem[X,0x8001B88A] -> 0x00B5
[2665] [M]: 0x8001B888 (0x00B55663) bge a0, a1, 12


mem[X,0x8001B88C] -> 0x0613
mem[X,0x8001B88E] -> 0x0026
[2666] [M]: 0x8001B88C (0x00260613) addi a2, a2, 2
x12 <- 0x00000002


mem[X,0x8001B890] -> 0x006F
mem[X,0x8001B892] -> 0x00C0
[2667] [M]: 0x8001B890 (0x00C0006F) jal zero, 12


mem[X,0x8001B89C] -> 0x2623
mem[X,0x8001B89E] -> 0x40C2
[2668] [M]: 0x8001B89C (0x40C22623) sw a2, 1036(tp)
mem[0x8003B574] <- 0x00000002


mem[X,0x8001B8A0] -> 0x0513
mem[X,0x8001B8A2] -> 0x0020
[2669] [M]: 0x8001B8A0 (0x00200513) addi a0, zero, 2
x10 <- 0x00000002


mem[X,0x8001B8A4] -> 0x0593
mem[X,0x8001B8A6] -> 0x0030
[2670] [M]: 0x8001B8A4 (0x00300593) addi a1, zero, 3
x11 <- 0x00000003


mem[X,0x8001B8A8] -> 0x0613
mem[X,0x8001B8AA] -> 0x0000
[2671] [M]: 0x8001B8A8 (0x00000613) addi a2, zero, 0
x12 <- 0x00000000


mem[X,0x8001B8AC] -> 0x006F
mem[X,0x8001B8AE] -> 0x00C0
[2672] [M]: 0x8001B8AC (0x00C0006F) jal zero, 12


mem[X,0x8001B8B8] -> 0x5063
mem[X,0x8001B8BA] -> 0x10B5
[2673] [M]: 0x8001B8B8 (0x10B55063) bge a0, a1, 256


mem[X,0x8001B8BC] -> 0x0613
mem[X,0x8001B8BE] -> 0x0026
[2674] [M]: 0x8001B8BC (0x00260613) addi a2, a2, 2
x12 <- 0x00000002


mem[X,0x8001B8C0] -> 0x006F
mem[X,0x8001B8C2] -> 0x1000
[2675] [M]: 0x8001B8C0 (0x1000006F) jal zero, 256


mem[X,0x8001B9C0] -> 0x2823
mem[X,0x8001B9C2] -> 0x40C2
[2676] [M]: 0x8001B9C0 (0x40C22823) sw a2, 1040(tp)
mem[0x8003B578] <- 0x00000002


mem[X,0x8001B9C4] -> 0x0513
mem[X,0x8001B9C6] -> 0x0020
[2677] [M]: 0x8001B9C4 (0x00200513) addi a0, zero, 2
x10 <- 0x00000002


mem[X,0x8001B9C8] -> 0x55B7
mem[X,0x8001B9CA] -> 0x5555
[2678] [M]: 0x8001B9C8 (0x555555B7) lui a1, 349525
x11 <- 0x55555000


mem[X,0x8001B9CC] -> 0x8593
mem[X,0x8001B9CE] -> 0x5555
[2679] [M]: 0x8001B9CC (0x55558593) addi a1, a1, 1365
x11 <- 0x55555555


mem[X,0x8001B9D0] -> 0x0613
mem[X,0x8001B9D2] -> 0x0000
[2680] [M]: 0x8001B9D0 (0x00000613) addi a2, zero, 0
x12 <- 0x00000000


mem[X,0x8001B9D4] -> 0x006F
mem[X,0x8001B9D6] -> 0x00C0
[2681] [M]: 0x8001B9D4 (0x00C0006F) jal zero, 12


mem[X,0x8001B9E0] -> 0x5663
mem[X,0x8001B9E2] -> 0x00B5
[2682] [M]: 0x8001B9E0 (0x00B55663) bge a0, a1, 12


mem[X,0x8001B9E4] -> 0x0613
mem[X,0x8001B9E6] -> 0x0026
[2683] [M]: 0x8001B9E4 (0x00260613) addi a2, a2, 2
x12 <- 0x00000002


mem[X,0x8001B9E8] -> 0x006F
mem[X,0x8001B9EA] -> 0x00C0
[2684] [M]: 0x8001B9E8 (0x00C0006F) jal zero, 12


mem[X,0x8001B9F4] -> 0x2A23
mem[X,0x8001B9F6] -> 0x40C2
[2685] [M]: 0x8001B9F4 (0x40C22A23) sw a2, 1044(tp)
mem[0x8003B57C] <- 0x00000002


mem[X,0x8001B9F8] -> 0x0513
mem[X,0x8001B9FA] -> 0x0020
[2686] [M]: 0x8001B9F8 (0x00200513) addi a0, zero, 2
x10 <- 0x00000002


mem[X,0x8001B9FC] -> 0xB5B7
mem[X,0x8001B9FE] -> 0xAAAA
[2687] [M]: 0x8001B9FC (0xAAAAB5B7) lui a1, 699051
x11 <- 0xAAAAB000


mem[X,0x8001BA00] -> 0x8593
mem[X,0x8001BA02] -> 0xAAA5
[2688] [M]: 0x8001BA00 (0xAAA58593) addi a1, a1, 2730
x11 <- 0xAAAAAAAA


mem[X,0x8001BA04] -> 0x0613
mem[X,0x8001BA06] -> 0x0000
[2689] [M]: 0x8001BA04 (0x00000613) addi a2, zero, 0
x12 <- 0x00000000


mem[X,0x8001BA08] -> 0x006F
mem[X,0x8001BA0A] -> 0x00C0
[2690] [M]: 0x8001BA08 (0x00C0006F) jal zero, 12


mem[X,0x8001BA14] -> 0x5063
mem[X,0x8001BA16] -> 0x10B5
[2691] [M]: 0x8001BA14 (0x10B55063) bge a0, a1, 256


mem[X,0x8001BB14] -> 0x0613
mem[X,0x8001BB16] -> 0x0036
[2692] [M]: 0x8001BB14 (0x00360613) addi a2, a2, 3
x12 <- 0x00000003


mem[X,0x8001BB18] -> 0x006F
mem[X,0x8001BB1A] -> 0x0040
[2693] [M]: 0x8001BB18 (0x0040006F) jal zero, 4


mem[X,0x8001BB1C] -> 0x2C23
mem[X,0x8001BB1E] -> 0x40C2
[2694] [M]: 0x8001BB1C (0x40C22C23) sw a2, 1048(tp)
mem[0x8003B580] <- 0x00000003


mem[X,0x8001BB20] -> 0x0513
mem[X,0x8001BB22] -> 0x0020
[2695] [M]: 0x8001BB20 (0x00200513) addi a0, zero, 2
x10 <- 0x00000002


mem[X,0x8001BB24] -> 0x0593
mem[X,0x8001BB26] -> 0x0050
[2696] [M]: 0x8001BB24 (0x00500593) addi a1, zero, 5
x11 <- 0x00000005


mem[X,0x8001BB28] -> 0x0613
mem[X,0x8001BB2A] -> 0x0000
[2697] [M]: 0x8001BB28 (0x00000613) addi a2, zero, 0
x12 <- 0x00000000


mem[X,0x8001BB2C] -> 0x006F
mem[X,0x8001BB2E] -> 0x00C0
[2698] [M]: 0x8001BB2C (0x00C0006F) jal zero, 12


mem[X,0x8001BB38] -> 0x5063
mem[X,0x8001BB3A] -> 0x40B5
[2699] [M]: 0x8001BB38 (0x40B55063) bge a0, a1, 1024


clint::tick mtime <- 0x000000000000001B
 clint timer pending at mtime 0x000000000000001B
htif::tick 0x0000000000000000
mem[X,0x8001BB3C] -> 0x0613
mem[X,0x8001BB3E] -> 0x0026
[2700] [M]: 0x8001BB3C (0x00260613) addi a2, a2, 2
x12 <- 0x00000002


mem[X,0x8001BB40] -> 0x006F
mem[X,0x8001BB42] -> 0x4000
[2701] [M]: 0x8001BB40 (0x4000006F) jal zero, 1024


mem[X,0x8001BF40] -> 0x2E23
mem[X,0x8001BF42] -> 0x40C2
[2702] [M]: 0x8001BF40 (0x40C22E23) sw a2, 1052(tp)
mem[0x8003B584] <- 0x00000002


mem[X,0x8001BF44] -> 0x0513
mem[X,0x8001BF46] -> 0x0020
[2703] [M]: 0x8001BF44 (0x00200513) addi a0, zero, 2
x10 <- 0x00000002


mem[X,0x8001BF48] -> 0x35B7
mem[X,0x8001BF4A] -> 0x3333
[2704] [M]: 0x8001BF48 (0x333335B7) lui a1, 209715
x11 <- 0x33333000


mem[X,0x8001BF4C] -> 0x8593
mem[X,0x8001BF4E] -> 0x3335
[2705] [M]: 0x8001BF4C (0x33358593) addi a1, a1, 819
x11 <- 0x33333333


mem[X,0x8001BF50] -> 0x0613
mem[X,0x8001BF52] -> 0x0000
[2706] [M]: 0x8001BF50 (0x00000613) addi a2, zero, 0
x12 <- 0x00000000


mem[X,0x8001BF54] -> 0x006F
mem[X,0x8001BF56] -> 0x00C0
[2707] [M]: 0x8001BF54 (0x00C0006F) jal zero, 12


mem[X,0x8001BF60] -> 0x5CE3
mem[X,0x8001BF62] -> 0xFEB5
[2708] [M]: 0x8001BF60 (0xFEB55CE3) bge a0, a1, 8184


mem[X,0x8001BF64] -> 0x0613
mem[X,0x8001BF66] -> 0x0026
[2709] [M]: 0x8001BF64 (0x00260613) addi a2, a2, 2
x12 <- 0x00000002


mem[X,0x8001BF68] -> 0x006F
mem[X,0x8001BF6A] -> 0x00C0
[2710] [M]: 0x8001BF68 (0x00C0006F) jal zero, 12


mem[X,0x8001BF74] -> 0x2023
mem[X,0x8001BF76] -> 0x42C2
[2711] [M]: 0x8001BF74 (0x42C22023) sw a2, 1056(tp)
mem[0x8003B588] <- 0x00000002


mem[X,0x8001BF78] -> 0x0513
mem[X,0x8001BF7A] -> 0x0020
[2712] [M]: 0x8001BF78 (0x00200513) addi a0, zero, 2
x10 <- 0x00000002


mem[X,0x8001BF7C] -> 0x65B7
mem[X,0x8001BF7E] -> 0x6666
[2713] [M]: 0x8001BF7C (0x666665B7) lui a1, 419430
x11 <- 0x66666000


mem[X,0x8001BF80] -> 0x8593
mem[X,0x8001BF82] -> 0x6665
[2714] [M]: 0x8001BF80 (0x66658593) addi a1, a1, 1638
x11 <- 0x66666666


mem[X,0x8001BF84] -> 0x0613
mem[X,0x8001BF86] -> 0x0000
[2715] [M]: 0x8001BF84 (0x00000613) addi a2, zero, 0
x12 <- 0x00000000


mem[X,0x8001BF88] -> 0x006F
mem[X,0x8001BF8A] -> 0x00C0
[2716] [M]: 0x8001BF88 (0x00C0006F) jal zero, 12


mem[X,0x8001BF94] -> 0x5CE3
mem[X,0x8001BF96] -> 0xFEB5
[2717] [M]: 0x8001BF94 (0xFEB55CE3) bge a0, a1, 8184


mem[X,0x8001BF98] -> 0x0613
mem[X,0x8001BF9A] -> 0x0026
[2718] [M]: 0x8001BF98 (0x00260613) addi a2, a2, 2
x12 <- 0x00000002


mem[X,0x8001BF9C] -> 0x006F
mem[X,0x8001BF9E] -> 0x00C0
[2719] [M]: 0x8001BF9C (0x00C0006F) jal zero, 12


mem[X,0x8001BFA8] -> 0x2223
mem[X,0x8001BFAA] -> 0x42C2
[2720] [M]: 0x8001BFA8 (0x42C22223) sw a2, 1060(tp)
mem[0x8003B58C] <- 0x00000002


mem[X,0x8001BFAC] -> 0x0513
mem[X,0x8001BFAE] -> 0x0020
[2721] [M]: 0x8001BFAC (0x00200513) addi a0, zero, 2
x10 <- 0x00000002


mem[X,0x8001BFB0] -> 0x55B7
mem[X,0x8001BFB2] -> 0xFFFF
[2722] [M]: 0x8001BFB0 (0xFFFF55B7) lui a1, 1048565
x11 <- 0xFFFF5000


mem[X,0x8001BFB4] -> 0x8593
mem[X,0x8001BFB6] -> 0xAFC5
[2723] [M]: 0x8001BFB4 (0xAFC58593) addi a1, a1, 2812
x11 <- 0xFFFF4AFC


mem[X,0x8001BFB8] -> 0x0613
mem[X,0x8001BFBA] -> 0x0000
[2724] [M]: 0x8001BFB8 (0x00000613) addi a2, zero, 0
x12 <- 0x00000000


mem[X,0x8001BFBC] -> 0x006F
mem[X,0x8001BFBE] -> 0x00C0
[2725] [M]: 0x8001BFBC (0x00C0006F) jal zero, 12


mem[X,0x8001BFC8] -> 0x5CE3
mem[X,0x8001BFCA] -> 0xFEB5
[2726] [M]: 0x8001BFC8 (0xFEB55CE3) bge a0, a1, 8184


mem[X,0x8001BFC0] -> 0x0613
mem[X,0x8001BFC2] -> 0x0016
[2727] [M]: 0x8001BFC0 (0x00160613) addi a2, a2, 1
x12 <- 0x00000001


mem[X,0x8001BFC4] -> 0x006F
mem[X,0x8001BFC6] -> 0x0180
[2728] [M]: 0x8001BFC4 (0x0180006F) jal zero, 24


mem[X,0x8001BFDC] -> 0x2423
mem[X,0x8001BFDE] -> 0x42C2
[2729] [M]: 0x8001BFDC (0x42C22423) sw a2, 1064(tp)
mem[0x8003B590] <- 0x00000001


mem[X,0x8001BFE0] -> 0x0513
mem[X,0x8001BFE2] -> 0x0020
[2730] [M]: 0x8001BFE0 (0x00200513) addi a0, zero, 2
x10 <- 0x00000002


mem[X,0x8001BFE4] -> 0xB5B7
mem[X,0x8001BFE6] -> 0x0000
[2731] [M]: 0x8001BFE4 (0x0000B5B7) lui a1, 11
x11 <- 0x0000B000


mem[X,0x8001BFE8] -> 0x8593
mem[X,0x8001BFEA] -> 0x5045
[2732] [M]: 0x8001BFE8 (0x50458593) addi a1, a1, 1284
x11 <- 0x0000B504


mem[X,0x8001BFEC] -> 0x0613
mem[X,0x8001BFEE] -> 0x0000
[2733] [M]: 0x8001BFEC (0x00000613) addi a2, zero, 0
x12 <- 0x00000000


mem[X,0x8001BFF0] -> 0x006F
mem[X,0x8001BFF2] -> 0x00C0
[2734] [M]: 0x8001BFF0 (0x00C0006F) jal zero, 12


mem[X,0x8001BFFC] -> 0x5CE3
mem[X,0x8001BFFE] -> 0xFEB5
[2735] [M]: 0x8001BFFC (0xFEB55CE3) bge a0, a1, 8184


mem[X,0x8001C000] -> 0x0613
mem[X,0x8001C002] -> 0x0026
[2736] [M]: 0x8001C000 (0x00260613) addi a2, a2, 2
x12 <- 0x00000002


mem[X,0x8001C004] -> 0x006F
mem[X,0x8001C006] -> 0x00C0
[2737] [M]: 0x8001C004 (0x00C0006F) jal zero, 12


mem[X,0x8001C010] -> 0x2623
mem[X,0x8001C012] -> 0x42C2
[2738] [M]: 0x8001C010 (0x42C22623) sw a2, 1068(tp)
mem[0x8003B594] <- 0x00000002


mem[X,0x8001C014] -> 0x0513
mem[X,0x8001C016] -> 0x0020
[2739] [M]: 0x8001C014 (0x00200513) addi a0, zero, 2
x10 <- 0x00000002


mem[X,0x8001C018] -> 0x0593
mem[X,0x8001C01A] -> 0x0020
[2740] [M]: 0x8001C018 (0x00200593) addi a1, zero, 2
x11 <- 0x00000002


mem[X,0x8001C01C] -> 0x0613
mem[X,0x8001C01E] -> 0x0000
[2741] [M]: 0x8001C01C (0x00000613) addi a2, zero, 0
x12 <- 0x00000000


mem[X,0x8001C020] -> 0x006F
mem[X,0x8001C022] -> 0x00C0
[2742] [M]: 0x8001C020 (0x00C0006F) jal zero, 12


mem[X,0x8001C02C] -> 0x5663
mem[X,0x8001C02E] -> 0x00B5
[2743] [M]: 0x8001C02C (0x00B55663) bge a0, a1, 12


mem[X,0x8001C038] -> 0x0613
mem[X,0x8001C03A] -> 0x0036
[2744] [M]: 0x8001C038 (0x00360613) addi a2, a2, 3
x12 <- 0x00000003


mem[X,0x8001C03C] -> 0x006F
mem[X,0x8001C03E] -> 0x0040
[2745] [M]: 0x8001C03C (0x0040006F) jal zero, 4


mem[X,0x8001C040] -> 0x2823
mem[X,0x8001C042] -> 0x42C2
[2746] [M]: 0x8001C040 (0x42C22823) sw a2, 1072(tp)
mem[0x8003B598] <- 0x00000003


mem[X,0x8001C044] -> 0x0513
mem[X,0x8001C046] -> 0x0020
[2747] [M]: 0x8001C044 (0x00200513) addi a0, zero, 2
x10 <- 0x00000002


mem[X,0x8001C048] -> 0x55B7
mem[X,0x8001C04A] -> 0x5555
[2748] [M]: 0x8001C048 (0x555555B7) lui a1, 349525
x11 <- 0x55555000


mem[X,0x8001C04C] -> 0x8593
mem[X,0x8001C04E] -> 0x5545
[2749] [M]: 0x8001C04C (0x55458593) addi a1, a1, 1364
x11 <- 0x55555554


mem[X,0x8001C050] -> 0x0613
mem[X,0x8001C052] -> 0x0000
[2750] [M]: 0x8001C050 (0x00000613) addi a2, zero, 0
x12 <- 0x00000000


mem[X,0x8001C054] -> 0x006F
mem[X,0x8001C056] -> 0x0100
[2751] [M]: 0x8001C054 (0x0100006F) jal zero, 16


mem[X,0x8001C064] -> 0x5AE3
mem[X,0x8001C066] -> 0xFEB5
[2752] [M]: 0x8001C064 (0xFEB55AE3) bge a0, a1, 8180


mem[X,0x8001C068] -> 0x0613
mem[X,0x8001C06A] -> 0x0026
[2753] [M]: 0x8001C068 (0x00260613) addi a2, a2, 2
x12 <- 0x00000002


mem[X,0x8001C06C] -> 0x006F
mem[X,0x8001C06E] -> 0x00C0
[2754] [M]: 0x8001C06C (0x00C0006F) jal zero, 12


mem[X,0x8001C078] -> 0x2A23
mem[X,0x8001C07A] -> 0x42C2
[2755] [M]: 0x8001C078 (0x42C22A23) sw a2, 1076(tp)
mem[0x8003B59C] <- 0x00000002


mem[X,0x8001C07C] -> 0x0513
mem[X,0x8001C07E] -> 0x0020
[2756] [M]: 0x8001C07C (0x00200513) addi a0, zero, 2
x10 <- 0x00000002


mem[X,0x8001C080] -> 0x0593
mem[X,0x8001C082] -> 0x0000
[2757] [M]: 0x8001C080 (0x00000593) addi a1, zero, 0
x11 <- 0x00000000


mem[X,0x8001C084] -> 0x0613
mem[X,0x8001C086] -> 0x0000
[2758] [M]: 0x8001C084 (0x00000613) addi a2, zero, 0
x12 <- 0x00000000


mem[X,0x8001C088] -> 0x006F
mem[X,0x8001C08A] -> 0x00C0
[2759] [M]: 0x8001C088 (0x00C0006F) jal zero, 12


mem[X,0x8001C094] -> 0x5863
mem[X,0x8001C096] -> 0x00B5
[2760] [M]: 0x8001C094 (0x00B55863) bge a0, a1, 16


mem[X,0x8001C0A4] -> 0x0613
mem[X,0x8001C0A6] -> 0x0036
[2761] [M]: 0x8001C0A4 (0x00360613) addi a2, a2, 3
x12 <- 0x00000003


mem[X,0x8001C0A8] -> 0x006F
mem[X,0x8001C0AA] -> 0x0040
[2762] [M]: 0x8001C0A8 (0x0040006F) jal zero, 4


mem[X,0x8001C0AC] -> 0x2C23
mem[X,0x8001C0AE] -> 0x42C2
[2763] [M]: 0x8001C0AC (0x42C22C23) sw a2, 1080(tp)
mem[0x8003B5A0] <- 0x00000003


mem[X,0x8001C0B0] -> 0x0513
mem[X,0x8001C0B2] -> 0x0020
[2764] [M]: 0x8001C0B0 (0x00200513) addi a0, zero, 2
x10 <- 0x00000002


mem[X,0x8001C0B4] -> 0x0593
mem[X,0x8001C0B6] -> 0x0040
[2765] [M]: 0x8001C0B4 (0x00400593) addi a1, zero, 4
x11 <- 0x00000004


mem[X,0x8001C0B8] -> 0x0613
mem[X,0x8001C0BA] -> 0x0000
[2766] [M]: 0x8001C0B8 (0x00000613) addi a2, zero, 0
x12 <- 0x00000000


mem[X,0x8001C0BC] -> 0x006F
mem[X,0x8001C0BE] -> 0x0100
[2767] [M]: 0x8001C0BC (0x0100006F) jal zero, 16


mem[X,0x8001C0CC] -> 0x5AE3
mem[X,0x8001C0CE] -> 0xFEB5
[2768] [M]: 0x8001C0CC (0xFEB55AE3) bge a0, a1, 8180


mem[X,0x8001C0D0] -> 0x0613
mem[X,0x8001C0D2] -> 0x0026
[2769] [M]: 0x8001C0D0 (0x00260613) addi a2, a2, 2
x12 <- 0x00000002


mem[X,0x8001C0D4] -> 0x006F
mem[X,0x8001C0D6] -> 0x00C0
[2770] [M]: 0x8001C0D4 (0x00C0006F) jal zero, 12


mem[X,0x8001C0E0] -> 0x2E23
mem[X,0x8001C0E2] -> 0x42C2
[2771] [M]: 0x8001C0E0 (0x42C22E23) sw a2, 1084(tp)
mem[0x8003B5A4] <- 0x00000002


mem[X,0x8001C0E4] -> 0x0513
mem[X,0x8001C0E6] -> 0x0020
[2772] [M]: 0x8001C0E4 (0x00200513) addi a0, zero, 2
x10 <- 0x00000002


mem[X,0x8001C0E8] -> 0x35B7
mem[X,0x8001C0EA] -> 0x3333
[2773] [M]: 0x8001C0E8 (0x333335B7) lui a1, 209715
x11 <- 0x33333000


mem[X,0x8001C0EC] -> 0x8593
mem[X,0x8001C0EE] -> 0x3325
[2774] [M]: 0x8001C0EC (0x33258593) addi a1, a1, 818
x11 <- 0x33333332


mem[X,0x8001C0F0] -> 0x0613
mem[X,0x8001C0F2] -> 0x0000
[2775] [M]: 0x8001C0F0 (0x00000613) addi a2, zero, 0
x12 <- 0x00000000


mem[X,0x8001C0F4] -> 0x006F
mem[X,0x8001C0F6] -> 0x00C0
[2776] [M]: 0x8001C0F4 (0x00C0006F) jal zero, 12


mem[X,0x8001C100] -> 0x5663
mem[X,0x8001C102] -> 0x00B5
[2777] [M]: 0x8001C100 (0x00B55663) bge a0, a1, 12


mem[X,0x8001C104] -> 0x0613
mem[X,0x8001C106] -> 0x0026
[2778] [M]: 0x8001C104 (0x00260613) addi a2, a2, 2
x12 <- 0x00000002


mem[X,0x8001C108] -> 0x006F
mem[X,0x8001C10A] -> 0x00C0
[2779] [M]: 0x8001C108 (0x00C0006F) jal zero, 12


mem[X,0x8001C114] -> 0x2023
mem[X,0x8001C116] -> 0x44C2
[2780] [M]: 0x8001C114 (0x44C22023) sw a2, 1088(tp)
mem[0x8003B5A8] <- 0x00000002


mem[X,0x8001C118] -> 0x0513
mem[X,0x8001C11A] -> 0x0020
[2781] [M]: 0x8001C118 (0x00200513) addi a0, zero, 2
x10 <- 0x00000002


mem[X,0x8001C11C] -> 0x65B7
mem[X,0x8001C11E] -> 0x6666
[2782] [M]: 0x8001C11C (0x666665B7) lui a1, 419430
x11 <- 0x66666000


mem[X,0x8001C120] -> 0x8593
mem[X,0x8001C122] -> 0x6655
[2783] [M]: 0x8001C120 (0x66558593) addi a1, a1, 1637
x11 <- 0x66666665


mem[X,0x8001C124] -> 0x0613
mem[X,0x8001C126] -> 0x0000
[2784] [M]: 0x8001C124 (0x00000613) addi a2, zero, 0
x12 <- 0x00000000


mem[X,0x8001C128] -> 0x006F
mem[X,0x8001C12A] -> 0x00C0
[2785] [M]: 0x8001C128 (0x00C0006F) jal zero, 12


mem[X,0x8001C134] -> 0x5063
mem[X,0x8001C136] -> 0x40B5
[2786] [M]: 0x8001C134 (0x40B55063) bge a0, a1, 1024


mem[X,0x8001C138] -> 0x0613
mem[X,0x8001C13A] -> 0x0026
[2787] [M]: 0x8001C138 (0x00260613) addi a2, a2, 2
x12 <- 0x00000002


mem[X,0x8001C13C] -> 0x006F
mem[X,0x8001C13E] -> 0x4000
[2788] [M]: 0x8001C13C (0x4000006F) jal zero, 1024


mem[X,0x8001C53C] -> 0x2223
mem[X,0x8001C53E] -> 0x44C2
[2789] [M]: 0x8001C53C (0x44C22223) sw a2, 1092(tp)
mem[0x8003B5AC] <- 0x00000002


mem[X,0x8001C540] -> 0x0513
mem[X,0x8001C542] -> 0x0020
[2790] [M]: 0x8001C540 (0x00200513) addi a0, zero, 2
x10 <- 0x00000002


mem[X,0x8001C544] -> 0xB5B7
mem[X,0x8001C546] -> 0x0000
[2791] [M]: 0x8001C544 (0x0000B5B7) lui a1, 11
x11 <- 0x0000B000


mem[X,0x8001C548] -> 0x8593
mem[X,0x8001C54A] -> 0x5035
[2792] [M]: 0x8001C548 (0x50358593) addi a1, a1, 1283
x11 <- 0x0000B503


mem[X,0x8001C54C] -> 0x0613
mem[X,0x8001C54E] -> 0x0000
[2793] [M]: 0x8001C54C (0x00000613) addi a2, zero, 0
x12 <- 0x00000000


mem[X,0x8001C550] -> 0x006F
mem[X,0x8001C552] -> 0x00C0
[2794] [M]: 0x8001C550 (0x00C0006F) jal zero, 12


mem[X,0x8001C55C] -> 0x5663
mem[X,0x8001C55E] -> 0x00B5
[2795] [M]: 0x8001C55C (0x00B55663) bge a0, a1, 12


mem[X,0x8001C560] -> 0x0613
mem[X,0x8001C562] -> 0x0026
[2796] [M]: 0x8001C560 (0x00260613) addi a2, a2, 2
x12 <- 0x00000002


mem[X,0x8001C564] -> 0x006F
mem[X,0x8001C566] -> 0x00C0
[2797] [M]: 0x8001C564 (0x00C0006F) jal zero, 12


mem[X,0x8001C570] -> 0x2423
mem[X,0x8001C572] -> 0x44C2
[2798] [M]: 0x8001C570 (0x44C22423) sw a2, 1096(tp)
mem[0x8003B5B0] <- 0x00000002


mem[X,0x8001C574] -> 0x0513
mem[X,0x8001C576] -> 0x0020
[2799] [M]: 0x8001C574 (0x00200513) addi a0, zero, 2
x10 <- 0x00000002


clint::tick mtime <- 0x000000000000001C
 clint timer pending at mtime 0x000000000000001C
htif::tick 0x0000000000000000
mem[X,0x8001C578] -> 0x55B7
mem[X,0x8001C57A] -> 0x5555
[2800] [M]: 0x8001C578 (0x555555B7) lui a1, 349525
x11 <- 0x55555000


mem[X,0x8001C57C] -> 0x8593
mem[X,0x8001C57E] -> 0x5565
[2801] [M]: 0x8001C57C (0x55658593) addi a1, a1, 1366
x11 <- 0x55555556


mem[X,0x8001C580] -> 0x0613
mem[X,0x8001C582] -> 0x0000
[2802] [M]: 0x8001C580 (0x00000613) addi a2, zero, 0
x12 <- 0x00000000


mem[X,0x8001C584] -> 0x006F
mem[X,0x8001C586] -> 0x00C0
[2803] [M]: 0x8001C584 (0x00C0006F) jal zero, 12


mem[X,0x8001C590] -> 0x5663
mem[X,0x8001C592] -> 0x00B5
[2804] [M]: 0x8001C590 (0x00B55663) bge a0, a1, 12


mem[X,0x8001C594] -> 0x0613
mem[X,0x8001C596] -> 0x0026
[2805] [M]: 0x8001C594 (0x00260613) addi a2, a2, 2
x12 <- 0x00000002


mem[X,0x8001C598] -> 0x006F
mem[X,0x8001C59A] -> 0x00C0
[2806] [M]: 0x8001C598 (0x00C0006F) jal zero, 12


mem[X,0x8001C5A4] -> 0x2623
mem[X,0x8001C5A6] -> 0x44C2
[2807] [M]: 0x8001C5A4 (0x44C22623) sw a2, 1100(tp)
mem[0x8003B5B4] <- 0x00000002


mem[X,0x8001C5A8] -> 0x0513
mem[X,0x8001C5AA] -> 0x0020
[2808] [M]: 0x8001C5A8 (0x00200513) addi a0, zero, 2
x10 <- 0x00000002


mem[X,0x8001C5AC] -> 0xB5B7
mem[X,0x8001C5AE] -> 0xAAAA
[2809] [M]: 0x8001C5AC (0xAAAAB5B7) lui a1, 699051
x11 <- 0xAAAAB000


mem[X,0x8001C5B0] -> 0x8593
mem[X,0x8001C5B2] -> 0xAAB5
[2810] [M]: 0x8001C5B0 (0xAAB58593) addi a1, a1, 2731
x11 <- 0xAAAAAAAB


mem[X,0x8001C5B4] -> 0x0613
mem[X,0x8001C5B6] -> 0x0000
[2811] [M]: 0x8001C5B4 (0x00000613) addi a2, zero, 0
x12 <- 0x00000000


mem[X,0x8001C5B8] -> 0x006F
mem[X,0x8001C5BA] -> 0x00C0
[2812] [M]: 0x8001C5B8 (0x00C0006F) jal zero, 12


mem[X,0x8001C5C4] -> 0x5663
mem[X,0x8001C5C6] -> 0x00B5
[2813] [M]: 0x8001C5C4 (0x00B55663) bge a0, a1, 12


mem[X,0x8001C5D0] -> 0x0613
mem[X,0x8001C5D2] -> 0x0036
[2814] [M]: 0x8001C5D0 (0x00360613) addi a2, a2, 3
x12 <- 0x00000003


mem[X,0x8001C5D4] -> 0x006F
mem[X,0x8001C5D6] -> 0x0040
[2815] [M]: 0x8001C5D4 (0x0040006F) jal zero, 4


mem[X,0x8001C5D8] -> 0x2823
mem[X,0x8001C5DA] -> 0x44C2
[2816] [M]: 0x8001C5D8 (0x44C22823) sw a2, 1104(tp)
mem[0x8003B5B8] <- 0x00000003


mem[X,0x8001C5DC] -> 0x0513
mem[X,0x8001C5DE] -> 0x0020
[2817] [M]: 0x8001C5DC (0x00200513) addi a0, zero, 2
x10 <- 0x00000002


mem[X,0x8001C5E0] -> 0x0593
mem[X,0x8001C5E2] -> 0x0060
[2818] [M]: 0x8001C5E0 (0x00600593) addi a1, zero, 6
x11 <- 0x00000006


mem[X,0x8001C5E4] -> 0x0613
mem[X,0x8001C5E6] -> 0x0000
[2819] [M]: 0x8001C5E4 (0x00000613) addi a2, zero, 0
x12 <- 0x00000000


mem[X,0x8001C5E8] -> 0x006F
mem[X,0x8001C5EA] -> 0x00C0
[2820] [M]: 0x8001C5E8 (0x00C0006F) jal zero, 12


mem[X,0x8001C5F4] -> 0x5663
mem[X,0x8001C5F6] -> 0x00B5
[2821] [M]: 0x8001C5F4 (0x00B55663) bge a0, a1, 12


mem[X,0x8001C5F8] -> 0x0613
mem[X,0x8001C5FA] -> 0x0026
[2822] [M]: 0x8001C5F8 (0x00260613) addi a2, a2, 2
x12 <- 0x00000002


mem[X,0x8001C5FC] -> 0x006F
mem[X,0x8001C5FE] -> 0x00C0
[2823] [M]: 0x8001C5FC (0x00C0006F) jal zero, 12


mem[X,0x8001C608] -> 0x2A23
mem[X,0x8001C60A] -> 0x44C2
[2824] [M]: 0x8001C608 (0x44C22A23) sw a2, 1108(tp)
mem[0x8003B5BC] <- 0x00000002


mem[X,0x8001C60C] -> 0x0513
mem[X,0x8001C60E] -> 0x0020
[2825] [M]: 0x8001C60C (0x00200513) addi a0, zero, 2
x10 <- 0x00000002


mem[X,0x8001C610] -> 0x35B7
mem[X,0x8001C612] -> 0x3333
[2826] [M]: 0x8001C610 (0x333335B7) lui a1, 209715
x11 <- 0x33333000


mem[X,0x8001C614] -> 0x8593
mem[X,0x8001C616] -> 0x3345
[2827] [M]: 0x8001C614 (0x33458593) addi a1, a1, 820
x11 <- 0x33333334


mem[X,0x8001C618] -> 0x0613
mem[X,0x8001C61A] -> 0x0000
[2828] [M]: 0x8001C618 (0x00000613) addi a2, zero, 0
x12 <- 0x00000000


mem[X,0x8001C61C] -> 0x006F
mem[X,0x8001C61E] -> 0x00C0
[2829] [M]: 0x8001C61C (0x00C0006F) jal zero, 12


mem[X,0x8001C628] -> 0x5063
mem[X,0x8001C62A] -> 0x04B5
[2830] [M]: 0x8001C628 (0x04B55063) bge a0, a1, 64


mem[X,0x8001C62C] -> 0x0613
mem[X,0x8001C62E] -> 0x0026
[2831] [M]: 0x8001C62C (0x00260613) addi a2, a2, 2
x12 <- 0x00000002


mem[X,0x8001C630] -> 0x006F
mem[X,0x8001C632] -> 0x0400
[2832] [M]: 0x8001C630 (0x0400006F) jal zero, 64


mem[X,0x8001C670] -> 0x2C23
mem[X,0x8001C672] -> 0x44C2
[2833] [M]: 0x8001C670 (0x44C22C23) sw a2, 1112(tp)
mem[0x8003B5C0] <- 0x00000002


mem[X,0x8001C674] -> 0x0513
mem[X,0x8001C676] -> 0x0020
[2834] [M]: 0x8001C674 (0x00200513) addi a0, zero, 2
x10 <- 0x00000002


mem[X,0x8001C678] -> 0x65B7
mem[X,0x8001C67A] -> 0x6666
[2835] [M]: 0x8001C678 (0x666665B7) lui a1, 419430
x11 <- 0x66666000


mem[X,0x8001C67C] -> 0x8593
mem[X,0x8001C67E] -> 0x6675
[2836] [M]: 0x8001C67C (0x66758593) addi a1, a1, 1639
x11 <- 0x66666667


mem[X,0x8001C680] -> 0x0613
mem[X,0x8001C682] -> 0x0000
[2837] [M]: 0x8001C680 (0x00000613) addi a2, zero, 0
x12 <- 0x00000000


mem[X,0x8001C684] -> 0x006F
mem[X,0x8001C686] -> 0x00C0
[2838] [M]: 0x8001C684 (0x00C0006F) jal zero, 12


mem[X,0x8001C690] -> 0x5663
mem[X,0x8001C692] -> 0x00B5
[2839] [M]: 0x8001C690 (0x00B55663) bge a0, a1, 12


mem[X,0x8001C694] -> 0x0613
mem[X,0x8001C696] -> 0x0026
[2840] [M]: 0x8001C694 (0x00260613) addi a2, a2, 2
x12 <- 0x00000002


mem[X,0x8001C698] -> 0x006F
mem[X,0x8001C69A] -> 0x00C0
[2841] [M]: 0x8001C698 (0x00C0006F) jal zero, 12


mem[X,0x8001C6A4] -> 0x2E23
mem[X,0x8001C6A6] -> 0x44C2
[2842] [M]: 0x8001C6A4 (0x44C22E23) sw a2, 1116(tp)
mem[0x8003B5C4] <- 0x00000002


mem[X,0x8001C6A8] -> 0x0513
mem[X,0x8001C6AA] -> 0x0020
[2843] [M]: 0x8001C6A8 (0x00200513) addi a0, zero, 2
x10 <- 0x00000002


mem[X,0x8001C6AC] -> 0x55B7
mem[X,0x8001C6AE] -> 0xFFFF
[2844] [M]: 0x8001C6AC (0xFFFF55B7) lui a1, 1048565
x11 <- 0xFFFF5000


mem[X,0x8001C6B0] -> 0x8593
mem[X,0x8001C6B2] -> 0xAFD5
[2845] [M]: 0x8001C6B0 (0xAFD58593) addi a1, a1, 2813
x11 <- 0xFFFF4AFD


mem[X,0x8001C6B4] -> 0x0613
mem[X,0x8001C6B6] -> 0x0000
[2846] [M]: 0x8001C6B4 (0x00000613) addi a2, zero, 0
x12 <- 0x00000000


mem[X,0x8001C6B8] -> 0x006F
mem[X,0x8001C6BA] -> 0x00C0
[2847] [M]: 0x8001C6B8 (0x00C0006F) jal zero, 12


mem[X,0x8001C6C4] -> 0x5063
mem[X,0x8001C6C6] -> 0x04B5
[2848] [M]: 0x8001C6C4 (0x04B55063) bge a0, a1, 64


mem[X,0x8001C704] -> 0x0613
mem[X,0x8001C706] -> 0x0036
[2849] [M]: 0x8001C704 (0x00360613) addi a2, a2, 3
x12 <- 0x00000003


mem[X,0x8001C708] -> 0x006F
mem[X,0x8001C70A] -> 0x0040
[2850] [M]: 0x8001C708 (0x0040006F) jal zero, 4


mem[X,0x8001C70C] -> 0x2023
mem[X,0x8001C70E] -> 0x46C2
[2851] [M]: 0x8001C70C (0x46C22023) sw a2, 1120(tp)
mem[0x8003B5C8] <- 0x00000003


mem[X,0x8001C710] -> 0x0513
mem[X,0x8001C712] -> 0x0020
[2852] [M]: 0x8001C710 (0x00200513) addi a0, zero, 2
x10 <- 0x00000002


mem[X,0x8001C714] -> 0xB5B7
mem[X,0x8001C716] -> 0x0000
[2853] [M]: 0x8001C714 (0x0000B5B7) lui a1, 11
x11 <- 0x0000B000


mem[X,0x8001C718] -> 0x8593
mem[X,0x8001C71A] -> 0x5055
[2854] [M]: 0x8001C718 (0x50558593) addi a1, a1, 1285
x11 <- 0x0000B505


mem[X,0x8001C71C] -> 0x0613
mem[X,0x8001C71E] -> 0x0000
[2855] [M]: 0x8001C71C (0x00000613) addi a2, zero, 0
x12 <- 0x00000000


mem[X,0x8001C720] -> 0x006F
mem[X,0x8001C722] -> 0x2B10
[2856] [M]: 0x8001C720 (0x2B10006F) jal zero, 2736


mem[X,0x8001D1D0] -> 0x5A63
mem[X,0x8001D1D2] -> 0xD4B5
[2857] [M]: 0x8001D1D0 (0xD4B55A63) bge a0, a1, 5460


mem[X,0x8001D1D4] -> 0x0613
mem[X,0x8001D1D6] -> 0x0026
[2858] [M]: 0x8001D1D4 (0x00260613) addi a2, a2, 2
x12 <- 0x00000002


mem[X,0x8001D1D8] -> 0x006F
mem[X,0x8001D1DA] -> 0x00C0
[2859] [M]: 0x8001D1D8 (0x00C0006F) jal zero, 12


mem[X,0x8001D1E4] -> 0x2223
mem[X,0x8001D1E6] -> 0x46C2
[2860] [M]: 0x8001D1E4 (0x46C22223) sw a2, 1124(tp)
mem[0x8003B5CC] <- 0x00000002


mem[X,0x8001D1E8] -> 0x5537
mem[X,0x8001D1EA] -> 0x5555
[2861] [M]: 0x8001D1E8 (0x55555537) lui a0, 349525
x10 <- 0x55555000


mem[X,0x8001D1EC] -> 0x0513
mem[X,0x8001D1EE] -> 0x5545
[2862] [M]: 0x8001D1EC (0x55450513) addi a0, a0, 1364
x10 <- 0x55555554


mem[X,0x8001D1F0] -> 0x0593
mem[X,0x8001D1F2] -> 0x0030
[2863] [M]: 0x8001D1F0 (0x00300593) addi a1, zero, 3
x11 <- 0x00000003


mem[X,0x8001D1F4] -> 0x0613
mem[X,0x8001D1F6] -> 0x0000
[2864] [M]: 0x8001D1F4 (0x00000613) addi a2, zero, 0
x12 <- 0x00000000


mem[X,0x8001D1F8] -> 0x006F
mem[X,0x8001D1FA] -> 0x00C0
[2865] [M]: 0x8001D1F8 (0x00C0006F) jal zero, 12


mem[X,0x8001D204] -> 0x5CE3
mem[X,0x8001D206] -> 0xFEB5
[2866] [M]: 0x8001D204 (0xFEB55CE3) bge a0, a1, 8184


mem[X,0x8001D1FC] -> 0x0613
mem[X,0x8001D1FE] -> 0x0016
[2867] [M]: 0x8001D1FC (0x00160613) addi a2, a2, 1
x12 <- 0x00000001


mem[X,0x8001D200] -> 0x006F
mem[X,0x8001D202] -> 0x0180
[2868] [M]: 0x8001D200 (0x0180006F) jal zero, 24


mem[X,0x8001D218] -> 0x2423
mem[X,0x8001D21A] -> 0x46C2
[2869] [M]: 0x8001D218 (0x46C22423) sw a2, 1128(tp)
mem[0x8003B5D0] <- 0x00000001


mem[X,0x8001D21C] -> 0x5537
mem[X,0x8001D21E] -> 0x5555
[2870] [M]: 0x8001D21C (0x55555537) lui a0, 349525
x10 <- 0x55555000


mem[X,0x8001D220] -> 0x0513
mem[X,0x8001D222] -> 0x5545
[2871] [M]: 0x8001D220 (0x55450513) addi a0, a0, 1364
x10 <- 0x55555554


mem[X,0x8001D224] -> 0x55B7
mem[X,0x8001D226] -> 0x5555
[2872] [M]: 0x8001D224 (0x555555B7) lui a1, 349525
x11 <- 0x55555000


mem[X,0x8001D228] -> 0x8593
mem[X,0x8001D22A] -> 0x5555
[2873] [M]: 0x8001D228 (0x55558593) addi a1, a1, 1365
x11 <- 0x55555555


mem[X,0x8001D22C] -> 0x0613
mem[X,0x8001D22E] -> 0x0000
[2874] [M]: 0x8001D22C (0x00000613) addi a2, zero, 0
x12 <- 0x00000000


mem[X,0x8001D230] -> 0x006F
mem[X,0x8001D232] -> 0x00C0
[2875] [M]: 0x8001D230 (0x00C0006F) jal zero, 12


mem[X,0x8001D23C] -> 0x5063
mem[X,0x8001D23E] -> 0x08B5
[2876] [M]: 0x8001D23C (0x08B55063) bge a0, a1, 128


mem[X,0x8001D240] -> 0x0613
mem[X,0x8001D242] -> 0x0026
[2877] [M]: 0x8001D240 (0x00260613) addi a2, a2, 2
x12 <- 0x00000002


mem[X,0x8001D244] -> 0x006F
mem[X,0x8001D246] -> 0x0800
[2878] [M]: 0x8001D244 (0x0800006F) jal zero, 128


mem[X,0x8001D2C4] -> 0x2623
mem[X,0x8001D2C6] -> 0x46C2
[2879] [M]: 0x8001D2C4 (0x46C22623) sw a2, 1132(tp)
mem[0x8003B5D4] <- 0x00000002


mem[X,0x8001D2C8] -> 0x5537
mem[X,0x8001D2CA] -> 0x5555
[2880] [M]: 0x8001D2C8 (0x55555537) lui a0, 349525
x10 <- 0x55555000


mem[X,0x8001D2CC] -> 0x0513
mem[X,0x8001D2CE] -> 0x5545
[2881] [M]: 0x8001D2CC (0x55450513) addi a0, a0, 1364
x10 <- 0x55555554


mem[X,0x8001D2D0] -> 0xB5B7
mem[X,0x8001D2D2] -> 0xAAAA
[2882] [M]: 0x8001D2D0 (0xAAAAB5B7) lui a1, 699051
x11 <- 0xAAAAB000


mem[X,0x8001D2D4] -> 0x8593
mem[X,0x8001D2D6] -> 0xAAA5
[2883] [M]: 0x8001D2D4 (0xAAA58593) addi a1, a1, 2730
x11 <- 0xAAAAAAAA


mem[X,0x8001D2D8] -> 0x0613
mem[X,0x8001D2DA] -> 0x0000
[2884] [M]: 0x8001D2D8 (0x00000613) addi a2, zero, 0
x12 <- 0x00000000


mem[X,0x8001D2DC] -> 0x006F
mem[X,0x8001D2DE] -> 0x2B10
[2885] [M]: 0x8001D2DC (0x2B10006F) jal zero, 2736


mem[X,0x8001DD8C] -> 0x5A63
mem[X,0x8001DD8E] -> 0xD4B5
[2886] [M]: 0x8001DD8C (0xD4B55A63) bge a0, a1, 5460


mem[X,0x8001D2E0] -> 0x0613
mem[X,0x8001D2E2] -> 0x0016
[2887] [M]: 0x8001D2E0 (0x00160613) addi a2, a2, 1
x12 <- 0x00000001


mem[X,0x8001D2E4] -> 0x006F
mem[X,0x8001D2E6] -> 0x2BD0
[2888] [M]: 0x8001D2E4 (0x2BD0006F) jal zero, 2748


mem[X,0x8001DDA0] -> 0x2823
mem[X,0x8001DDA2] -> 0x46C2
[2889] [M]: 0x8001DDA0 (0x46C22823) sw a2, 1136(tp)
mem[0x8003B5D8] <- 0x00000001


mem[X,0x8001DDA4] -> 0x5537
mem[X,0x8001DDA6] -> 0x5555
[2890] [M]: 0x8001DDA4 (0x55555537) lui a0, 349525
x10 <- 0x55555000


mem[X,0x8001DDA8] -> 0x0513
mem[X,0x8001DDAA] -> 0x5545
[2891] [M]: 0x8001DDA8 (0x55450513) addi a0, a0, 1364
x10 <- 0x55555554


mem[X,0x8001DDAC] -> 0x0593
mem[X,0x8001DDAE] -> 0x0050
[2892] [M]: 0x8001DDAC (0x00500593) addi a1, zero, 5
x11 <- 0x00000005


mem[X,0x8001DDB0] -> 0x0613
mem[X,0x8001DDB2] -> 0x0000
[2893] [M]: 0x8001DDB0 (0x00000613) addi a2, zero, 0
x12 <- 0x00000000


mem[X,0x8001DDB4] -> 0x006F
mem[X,0x8001DDB6] -> 0x00C0
[2894] [M]: 0x8001DDB4 (0x00C0006F) jal zero, 12


mem[X,0x8001DDC0] -> 0x5863
mem[X,0x8001DDC2] -> 0x00B5
[2895] [M]: 0x8001DDC0 (0x00B55863) bge a0, a1, 16


mem[X,0x8001DDD0] -> 0x0613
mem[X,0x8001DDD2] -> 0x0036
[2896] [M]: 0x8001DDD0 (0x00360613) addi a2, a2, 3
x12 <- 0x00000003


mem[X,0x8001DDD4] -> 0x006F
mem[X,0x8001DDD6] -> 0x0040
[2897] [M]: 0x8001DDD4 (0x0040006F) jal zero, 4


mem[X,0x8001DDD8] -> 0x2A23
mem[X,0x8001DDDA] -> 0x46C2
[2898] [M]: 0x8001DDD8 (0x46C22A23) sw a2, 1140(tp)
mem[0x8003B5DC] <- 0x00000003


mem[X,0x8001DDDC] -> 0x5537
mem[X,0x8001DDDE] -> 0x5555
[2899] [M]: 0x8001DDDC (0x55555537) lui a0, 349525
x10 <- 0x55555000


clint::tick mtime <- 0x000000000000001D
 clint timer pending at mtime 0x000000000000001D
htif::tick 0x0000000000000000
mem[X,0x8001DDE0] -> 0x0513
mem[X,0x8001DDE2] -> 0x5545
[2900] [M]: 0x8001DDE0 (0x55450513) addi a0, a0, 1364
x10 <- 0x55555554


mem[X,0x8001DDE4] -> 0x35B7
mem[X,0x8001DDE6] -> 0x3333
[2901] [M]: 0x8001DDE4 (0x333335B7) lui a1, 209715
x11 <- 0x33333000


mem[X,0x8001DDE8] -> 0x8593
mem[X,0x8001DDEA] -> 0x3335
[2902] [M]: 0x8001DDE8 (0x33358593) addi a1, a1, 819
x11 <- 0x33333333


mem[X,0x8001DDEC] -> 0x0613
mem[X,0x8001DDEE] -> 0x0000
[2903] [M]: 0x8001DDEC (0x00000613) addi a2, zero, 0
x12 <- 0x00000000


mem[X,0x8001DDF0] -> 0x006F
mem[X,0x8001DDF2] -> 0x00C0
[2904] [M]: 0x8001DDF0 (0x00C0006F) jal zero, 12


mem[X,0x8001DDFC] -> 0x5663
mem[X,0x8001DDFE] -> 0x00B5
[2905] [M]: 0x8001DDFC (0x00B55663) bge a0, a1, 12


mem[X,0x8001DE08] -> 0x0613
mem[X,0x8001DE0A] -> 0x0036
[2906] [M]: 0x8001DE08 (0x00360613) addi a2, a2, 3
x12 <- 0x00000003


mem[X,0x8001DE0C] -> 0x006F
mem[X,0x8001DE0E] -> 0x0040
[2907] [M]: 0x8001DE0C (0x0040006F) jal zero, 4


mem[X,0x8001DE10] -> 0x2C23
mem[X,0x8001DE12] -> 0x46C2
[2908] [M]: 0x8001DE10 (0x46C22C23) sw a2, 1144(tp)
mem[0x8003B5E0] <- 0x00000003


mem[X,0x8001DE14] -> 0x5537
mem[X,0x8001DE16] -> 0x5555
[2909] [M]: 0x8001DE14 (0x55555537) lui a0, 349525
x10 <- 0x55555000


mem[X,0x8001DE18] -> 0x0513
mem[X,0x8001DE1A] -> 0x5545
[2910] [M]: 0x8001DE18 (0x55450513) addi a0, a0, 1364
x10 <- 0x55555554


mem[X,0x8001DE1C] -> 0x65B7
mem[X,0x8001DE1E] -> 0x6666
[2911] [M]: 0x8001DE1C (0x666665B7) lui a1, 419430
x11 <- 0x66666000


mem[X,0x8001DE20] -> 0x8593
mem[X,0x8001DE22] -> 0x6665
[2912] [M]: 0x8001DE20 (0x66658593) addi a1, a1, 1638
x11 <- 0x66666666


mem[X,0x8001DE24] -> 0x0613
mem[X,0x8001DE26] -> 0x0000
[2913] [M]: 0x8001DE24 (0x00000613) addi a2, zero, 0
x12 <- 0x00000000


mem[X,0x8001DE28] -> 0x006F
mem[X,0x8001DE2A] -> 0x0100
[2914] [M]: 0x8001DE28 (0x0100006F) jal zero, 16


mem[X,0x8001DE38] -> 0x5AE3
mem[X,0x8001DE3A] -> 0xFEB5
[2915] [M]: 0x8001DE38 (0xFEB55AE3) bge a0, a1, 8180


mem[X,0x8001DE3C] -> 0x0613
mem[X,0x8001DE3E] -> 0x0026
[2916] [M]: 0x8001DE3C (0x00260613) addi a2, a2, 2
x12 <- 0x00000002


mem[X,0x8001DE40] -> 0x006F
mem[X,0x8001DE42] -> 0x00C0
[2917] [M]: 0x8001DE40 (0x00C0006F) jal zero, 12


mem[X,0x8001DE4C] -> 0x2E23
mem[X,0x8001DE4E] -> 0x46C2
[2918] [M]: 0x8001DE4C (0x46C22E23) sw a2, 1148(tp)
mem[0x8003B5E4] <- 0x00000002


mem[X,0x8001DE50] -> 0x5537
mem[X,0x8001DE52] -> 0x5555
[2919] [M]: 0x8001DE50 (0x55555537) lui a0, 349525
x10 <- 0x55555000


mem[X,0x8001DE54] -> 0x0513
mem[X,0x8001DE56] -> 0x5545
[2920] [M]: 0x8001DE54 (0x55450513) addi a0, a0, 1364
x10 <- 0x55555554


mem[X,0x8001DE58] -> 0x55B7
mem[X,0x8001DE5A] -> 0xFFFF
[2921] [M]: 0x8001DE58 (0xFFFF55B7) lui a1, 1048565
x11 <- 0xFFFF5000


mem[X,0x8001DE5C] -> 0x8593
mem[X,0x8001DE5E] -> 0xAFC5
[2922] [M]: 0x8001DE5C (0xAFC58593) addi a1, a1, 2812
x11 <- 0xFFFF4AFC


mem[X,0x8001DE60] -> 0x0613
mem[X,0x8001DE62] -> 0x0000
[2923] [M]: 0x8001DE60 (0x00000613) addi a2, zero, 0
x12 <- 0x00000000


mem[X,0x8001DE64] -> 0x006F
mem[X,0x8001DE66] -> 0x00C0
[2924] [M]: 0x8001DE64 (0x00C0006F) jal zero, 12


mem[X,0x8001DE70] -> 0x5663
mem[X,0x8001DE72] -> 0x00B5
[2925] [M]: 0x8001DE70 (0x00B55663) bge a0, a1, 12


mem[X,0x8001DE7C] -> 0x0613
mem[X,0x8001DE7E] -> 0x0036
[2926] [M]: 0x8001DE7C (0x00360613) addi a2, a2, 3
x12 <- 0x00000003


mem[X,0x8001DE80] -> 0x006F
mem[X,0x8001DE82] -> 0x0040
[2927] [M]: 0x8001DE80 (0x0040006F) jal zero, 4


mem[X,0x8001DE84] -> 0x2023
mem[X,0x8001DE86] -> 0x48C2
[2928] [M]: 0x8001DE84 (0x48C22023) sw a2, 1152(tp)
mem[0x8003B5E8] <- 0x00000003


mem[X,0x8001DE88] -> 0x5537
mem[X,0x8001DE8A] -> 0x5555
[2929] [M]: 0x8001DE88 (0x55555537) lui a0, 349525
x10 <- 0x55555000


mem[X,0x8001DE8C] -> 0x0513
mem[X,0x8001DE8E] -> 0x5545
[2930] [M]: 0x8001DE8C (0x55450513) addi a0, a0, 1364
x10 <- 0x55555554


mem[X,0x8001DE90] -> 0xB5B7
mem[X,0x8001DE92] -> 0x0000
[2931] [M]: 0x8001DE90 (0x0000B5B7) lui a1, 11
x11 <- 0x0000B000


mem[X,0x8001DE94] -> 0x8593
mem[X,0x8001DE96] -> 0x5045
[2932] [M]: 0x8001DE94 (0x50458593) addi a1, a1, 1284
x11 <- 0x0000B504


mem[X,0x8001DE98] -> 0x0613
mem[X,0x8001DE9A] -> 0x0000
[2933] [M]: 0x8001DE98 (0x00000613) addi a2, zero, 0
x12 <- 0x00000000


mem[X,0x8001DE9C] -> 0x006F
mem[X,0x8001DE9E] -> 0x00C0
[2934] [M]: 0x8001DE9C (0x00C0006F) jal zero, 12


mem[X,0x8001DEA8] -> 0x5063
mem[X,0x8001DEAA] -> 0x02B5
[2935] [M]: 0x8001DEA8 (0x02B55063) bge a0, a1, 32


mem[X,0x8001DEC8] -> 0x0613
mem[X,0x8001DECA] -> 0x0036
[2936] [M]: 0x8001DEC8 (0x00360613) addi a2, a2, 3
x12 <- 0x00000003


mem[X,0x8001DECC] -> 0x006F
mem[X,0x8001DECE] -> 0x0040
[2937] [M]: 0x8001DECC (0x0040006F) jal zero, 4


mem[X,0x8001DED0] -> 0x2223
mem[X,0x8001DED2] -> 0x48C2
[2938] [M]: 0x8001DED0 (0x48C22223) sw a2, 1156(tp)
mem[0x8003B5EC] <- 0x00000003


mem[X,0x8001DED4] -> 0x5537
mem[X,0x8001DED6] -> 0x5555
[2939] [M]: 0x8001DED4 (0x55555537) lui a0, 349525
x10 <- 0x55555000


mem[X,0x8001DED8] -> 0x0513
mem[X,0x8001DEDA] -> 0x5545
[2940] [M]: 0x8001DED8 (0x55450513) addi a0, a0, 1364
x10 <- 0x55555554


mem[X,0x8001DEDC] -> 0x0593
mem[X,0x8001DEDE] -> 0x0020
[2941] [M]: 0x8001DEDC (0x00200593) addi a1, zero, 2
x11 <- 0x00000002


mem[X,0x8001DEE0] -> 0x0613
mem[X,0x8001DEE2] -> 0x0000
[2942] [M]: 0x8001DEE0 (0x00000613) addi a2, zero, 0
x12 <- 0x00000000


mem[X,0x8001DEE4] -> 0x006F
mem[X,0x8001DEE6] -> 0x0140
[2943] [M]: 0x8001DEE4 (0x0140006F) jal zero, 20


mem[X,0x8001DEF8] -> 0x58E3
mem[X,0x8001DEFA] -> 0xFEB5
[2944] [M]: 0x8001DEF8 (0xFEB558E3) bge a0, a1, 8176


mem[X,0x8001DEE8] -> 0x0613
mem[X,0x8001DEEA] -> 0x0016
[2945] [M]: 0x8001DEE8 (0x00160613) addi a2, a2, 1
x12 <- 0x00000001


mem[X,0x8001DEEC] -> 0x006F
mem[X,0x8001DEEE] -> 0x0200
[2946] [M]: 0x8001DEEC (0x0200006F) jal zero, 32


mem[X,0x8001DF0C] -> 0x2423
mem[X,0x8001DF0E] -> 0x48C2
[2947] [M]: 0x8001DF0C (0x48C22423) sw a2, 1160(tp)
mem[0x8003B5F0] <- 0x00000001


mem[X,0x8001DF10] -> 0x5537
mem[X,0x8001DF12] -> 0x5555
[2948] [M]: 0x8001DF10 (0x55555537) lui a0, 349525
x10 <- 0x55555000


mem[X,0x8001DF14] -> 0x0513
mem[X,0x8001DF16] -> 0x5545
[2949] [M]: 0x8001DF14 (0x55450513) addi a0, a0, 1364
x10 <- 0x55555554


mem[X,0x8001DF18] -> 0x55B7
mem[X,0x8001DF1A] -> 0x5555
[2950] [M]: 0x8001DF18 (0x555555B7) lui a1, 349525
x11 <- 0x55555000


mem[X,0x8001DF1C] -> 0x8593
mem[X,0x8001DF1E] -> 0x5545
[2951] [M]: 0x8001DF1C (0x55458593) addi a1, a1, 1364
x11 <- 0x55555554


mem[X,0x8001DF20] -> 0x0613
mem[X,0x8001DF22] -> 0x0000
[2952] [M]: 0x8001DF20 (0x00000613) addi a2, zero, 0
x12 <- 0x00000000


mem[X,0x8001DF24] -> 0x006F
mem[X,0x8001DF26] -> 0x0140
[2953] [M]: 0x8001DF24 (0x0140006F) jal zero, 20


mem[X,0x8001DF38] -> 0x58E3
mem[X,0x8001DF3A] -> 0xFEB5
[2954] [M]: 0x8001DF38 (0xFEB558E3) bge a0, a1, 8176


mem[X,0x8001DF28] -> 0x0613
mem[X,0x8001DF2A] -> 0x0016
[2955] [M]: 0x8001DF28 (0x00160613) addi a2, a2, 1
x12 <- 0x00000001


mem[X,0x8001DF2C] -> 0x006F
mem[X,0x8001DF2E] -> 0x0200
[2956] [M]: 0x8001DF2C (0x0200006F) jal zero, 32


mem[X,0x8001DF4C] -> 0x2623
mem[X,0x8001DF4E] -> 0x48C2
[2957] [M]: 0x8001DF4C (0x48C22623) sw a2, 1164(tp)
mem[0x8003B5F4] <- 0x00000001


mem[X,0x8001DF50] -> 0x5537
mem[X,0x8001DF52] -> 0x5555
[2958] [M]: 0x8001DF50 (0x55555537) lui a0, 349525
x10 <- 0x55555000


mem[X,0x8001DF54] -> 0x0513
mem[X,0x8001DF56] -> 0x5545
[2959] [M]: 0x8001DF54 (0x55450513) addi a0, a0, 1364
x10 <- 0x55555554


mem[X,0x8001DF58] -> 0x0593
mem[X,0x8001DF5A] -> 0x0000
[2960] [M]: 0x8001DF58 (0x00000593) addi a1, zero, 0
x11 <- 0x00000000


mem[X,0x8001DF5C] -> 0x0613
mem[X,0x8001DF5E] -> 0x0000
[2961] [M]: 0x8001DF5C (0x00000613) addi a2, zero, 0
x12 <- 0x00000000


mem[X,0x8001DF60] -> 0x006F
mem[X,0x8001DF62] -> 0x0180
[2962] [M]: 0x8001DF60 (0x0180006F) jal zero, 24


mem[X,0x8001DF78] -> 0x56E3
mem[X,0x8001DF7A] -> 0xFEB5
[2963] [M]: 0x8001DF78 (0xFEB556E3) bge a0, a1, 8172


mem[X,0x8001DF64] -> 0x0613
mem[X,0x8001DF66] -> 0x0016
[2964] [M]: 0x8001DF64 (0x00160613) addi a2, a2, 1
x12 <- 0x00000001


mem[X,0x8001DF68] -> 0x006F
mem[X,0x8001DF6A] -> 0x0240
[2965] [M]: 0x8001DF68 (0x0240006F) jal zero, 36


mem[X,0x8001DF8C] -> 0x2823
mem[X,0x8001DF8E] -> 0x48C2
[2966] [M]: 0x8001DF8C (0x48C22823) sw a2, 1168(tp)
mem[0x8003B5F8] <- 0x00000001


mem[X,0x8001DF90] -> 0x5537
mem[X,0x8001DF92] -> 0x5555
[2967] [M]: 0x8001DF90 (0x55555537) lui a0, 349525
x10 <- 0x55555000


mem[X,0x8001DF94] -> 0x0513
mem[X,0x8001DF96] -> 0x5545
[2968] [M]: 0x8001DF94 (0x55450513) addi a0, a0, 1364
x10 <- 0x55555554


mem[X,0x8001DF98] -> 0x0593
mem[X,0x8001DF9A] -> 0x0040
[2969] [M]: 0x8001DF98 (0x00400593) addi a1, zero, 4
x11 <- 0x00000004


mem[X,0x8001DF9C] -> 0x0613
mem[X,0x8001DF9E] -> 0x0000
[2970] [M]: 0x8001DF9C (0x00000613) addi a2, zero, 0
x12 <- 0x00000000


mem[X,0x8001DFA0] -> 0x006F
mem[X,0x8001DFA2] -> 0x0050
[2971] [M]: 0x8001DFA0 (0x0050006F) jal zero, 2052


mem[X,0x8001E7A4] -> 0x50E3
mem[X,0x8001E7A6] -> 0x80B5
[2972] [M]: 0x8001E7A4 (0x80B550E3) bge a0, a1, 6144


mem[X,0x8001DFA4] -> 0x0613
mem[X,0x8001DFA6] -> 0x0016
[2973] [M]: 0x8001DFA4 (0x00160613) addi a2, a2, 1
x12 <- 0x00000001


mem[X,0x8001DFA8] -> 0x006F
mem[X,0x8001DFAA] -> 0x0110
[2974] [M]: 0x8001DFA8 (0x0110006F) jal zero, 2064


mem[X,0x8001E7B8] -> 0x2A23
mem[X,0x8001E7BA] -> 0x48C2
[2975] [M]: 0x8001E7B8 (0x48C22A23) sw a2, 1172(tp)
mem[0x8003B5FC] <- 0x00000001


mem[X,0x8001E7BC] -> 0x5537
mem[X,0x8001E7BE] -> 0x5555
[2976] [M]: 0x8001E7BC (0x55555537) lui a0, 349525
x10 <- 0x55555000


mem[X,0x8001E7C0] -> 0x0513
mem[X,0x8001E7C2] -> 0x5545
[2977] [M]: 0x8001E7C0 (0x55450513) addi a0, a0, 1364
x10 <- 0x55555554


mem[X,0x8001E7C4] -> 0x35B7
mem[X,0x8001E7C6] -> 0x3333
[2978] [M]: 0x8001E7C4 (0x333335B7) lui a1, 209715
x11 <- 0x33333000


mem[X,0x8001E7C8] -> 0x8593
mem[X,0x8001E7CA] -> 0x3325
[2979] [M]: 0x8001E7C8 (0x33258593) addi a1, a1, 818
x11 <- 0x33333332


mem[X,0x8001E7CC] -> 0x0613
mem[X,0x8001E7CE] -> 0x0000
[2980] [M]: 0x8001E7CC (0x00000613) addi a2, zero, 0
x12 <- 0x00000000


mem[X,0x8001E7D0] -> 0x006F
mem[X,0x8001E7D2] -> 0x00C0
[2981] [M]: 0x8001E7D0 (0x00C0006F) jal zero, 12


mem[X,0x8001E7DC] -> 0x5CE3
mem[X,0x8001E7DE] -> 0xFEB5
[2982] [M]: 0x8001E7DC (0xFEB55CE3) bge a0, a1, 8184


mem[X,0x8001E7D4] -> 0x0613
mem[X,0x8001E7D6] -> 0x0016
[2983] [M]: 0x8001E7D4 (0x00160613) addi a2, a2, 1
x12 <- 0x00000001


mem[X,0x8001E7D8] -> 0x006F
mem[X,0x8001E7DA] -> 0x0180
[2984] [M]: 0x8001E7D8 (0x0180006F) jal zero, 24


mem[X,0x8001E7F0] -> 0x2C23
mem[X,0x8001E7F2] -> 0x48C2
[2985] [M]: 0x8001E7F0 (0x48C22C23) sw a2, 1176(tp)
mem[0x8003B600] <- 0x00000001


mem[X,0x8001E7F4] -> 0x5537
mem[X,0x8001E7F6] -> 0x5555
[2986] [M]: 0x8001E7F4 (0x55555537) lui a0, 349525
x10 <- 0x55555000


mem[X,0x8001E7F8] -> 0x0513
mem[X,0x8001E7FA] -> 0x5545
[2987] [M]: 0x8001E7F8 (0x55450513) addi a0, a0, 1364
x10 <- 0x55555554


mem[X,0x8001E7FC] -> 0x65B7
mem[X,0x8001E7FE] -> 0x6666
[2988] [M]: 0x8001E7FC (0x666665B7) lui a1, 419430
x11 <- 0x66666000


mem[X,0x8001E800] -> 0x8593
mem[X,0x8001E802] -> 0x6655
[2989] [M]: 0x8001E800 (0x66558593) addi a1, a1, 1637
x11 <- 0x66666665


mem[X,0x8001E804] -> 0x0613
mem[X,0x8001E806] -> 0x0000
[2990] [M]: 0x8001E804 (0x00000613) addi a2, zero, 0
x12 <- 0x00000000


mem[X,0x8001E808] -> 0x006F
mem[X,0x8001E80A] -> 0x00C0
[2991] [M]: 0x8001E808 (0x00C0006F) jal zero, 12


mem[X,0x8001E814] -> 0x5063
mem[X,0x8001E816] -> 0x08B5
[2992] [M]: 0x8001E814 (0x08B55063) bge a0, a1, 128


mem[X,0x8001E818] -> 0x0613
mem[X,0x8001E81A] -> 0x0026
[2993] [M]: 0x8001E818 (0x00260613) addi a2, a2, 2
x12 <- 0x00000002


mem[X,0x8001E81C] -> 0x006F
mem[X,0x8001E81E] -> 0x0800
[2994] [M]: 0x8001E81C (0x0800006F) jal zero, 128


mem[X,0x8001E89C] -> 0x2E23
mem[X,0x8001E89E] -> 0x48C2
[2995] [M]: 0x8001E89C (0x48C22E23) sw a2, 1180(tp)
mem[0x8003B604] <- 0x00000002


mem[X,0x8001E8A0] -> 0x5537
mem[X,0x8001E8A2] -> 0x5555
[2996] [M]: 0x8001E8A0 (0x55555537) lui a0, 349525
x10 <- 0x55555000


mem[X,0x8001E8A4] -> 0x0513
mem[X,0x8001E8A6] -> 0x5545
[2997] [M]: 0x8001E8A4 (0x55450513) addi a0, a0, 1364
x10 <- 0x55555554


mem[X,0x8001E8A8] -> 0xB5B7
mem[X,0x8001E8AA] -> 0x0000
[2998] [M]: 0x8001E8A8 (0x0000B5B7) lui a1, 11
x11 <- 0x0000B000


mem[X,0x8001E8AC] -> 0x8593
mem[X,0x8001E8AE] -> 0x5035
[2999] [M]: 0x8001E8AC (0x50358593) addi a1, a1, 1283
x11 <- 0x0000B503


clint::tick mtime <- 0x000000000000001E
 clint timer pending at mtime 0x000000000000001E
htif::tick 0x0000000000000000
mem[X,0x8001E8B0] -> 0x0613
mem[X,0x8001E8B2] -> 0x0000
[3000] [M]: 0x8001E8B0 (0x00000613) addi a2, zero, 0
x12 <- 0x00000000


mem[X,0x8001E8B4] -> 0x006F
mem[X,0x8001E8B6] -> 0x00C0
[3001] [M]: 0x8001E8B4 (0x00C0006F) jal zero, 12


mem[X,0x8001E8C0] -> 0x5063
mem[X,0x8001E8C2] -> 0x40B5
[3002] [M]: 0x8001E8C0 (0x40B55063) bge a0, a1, 1024


mem[X,0x8001ECC0] -> 0x0613
mem[X,0x8001ECC2] -> 0x0036
[3003] [M]: 0x8001ECC0 (0x00360613) addi a2, a2, 3
x12 <- 0x00000003


mem[X,0x8001ECC4] -> 0x006F
mem[X,0x8001ECC6] -> 0x0040
[3004] [M]: 0x8001ECC4 (0x0040006F) jal zero, 4


mem[X,0x8001ECC8] -> 0x2023
mem[X,0x8001ECCA] -> 0x4AC2
[3005] [M]: 0x8001ECC8 (0x4AC22023) sw a2, 1184(tp)
mem[0x8003B608] <- 0x00000003


mem[X,0x8001ECCC] -> 0x5537
mem[X,0x8001ECCE] -> 0x5555
[3006] [M]: 0x8001ECCC (0x55555537) lui a0, 349525
x10 <- 0x55555000


mem[X,0x8001ECD0] -> 0x0513
mem[X,0x8001ECD2] -> 0x5545
[3007] [M]: 0x8001ECD0 (0x55450513) addi a0, a0, 1364
x10 <- 0x55555554


mem[X,0x8001ECD4] -> 0x55B7
mem[X,0x8001ECD6] -> 0x5555
[3008] [M]: 0x8001ECD4 (0x555555B7) lui a1, 349525
x11 <- 0x55555000


mem[X,0x8001ECD8] -> 0x8593
mem[X,0x8001ECDA] -> 0x5565
[3009] [M]: 0x8001ECD8 (0x55658593) addi a1, a1, 1366
x11 <- 0x55555556


mem[X,0x8001ECDC] -> 0x0613
mem[X,0x8001ECDE] -> 0x0000
[3010] [M]: 0x8001ECDC (0x00000613) addi a2, zero, 0
x12 <- 0x00000000


mem[X,0x8001ECE0] -> 0x006F
mem[X,0x8001ECE2] -> 0x00C0
[3011] [M]: 0x8001ECE0 (0x00C0006F) jal zero, 12


mem[X,0x8001ECEC] -> 0x5663
mem[X,0x8001ECEE] -> 0x00B5
[3012] [M]: 0x8001ECEC (0x00B55663) bge a0, a1, 12


mem[X,0x8001ECF0] -> 0x0613
mem[X,0x8001ECF2] -> 0x0026
[3013] [M]: 0x8001ECF0 (0x00260613) addi a2, a2, 2
x12 <- 0x00000002


mem[X,0x8001ECF4] -> 0x006F
mem[X,0x8001ECF6] -> 0x00C0
[3014] [M]: 0x8001ECF4 (0x00C0006F) jal zero, 12


mem[X,0x8001ED00] -> 0x2223
mem[X,0x8001ED02] -> 0x4AC2
[3015] [M]: 0x8001ED00 (0x4AC22223) sw a2, 1188(tp)
mem[0x8003B60C] <- 0x00000002


mem[X,0x8001ED04] -> 0x5537
mem[X,0x8001ED06] -> 0x5555
[3016] [M]: 0x8001ED04 (0x55555537) lui a0, 349525
x10 <- 0x55555000


mem[X,0x8001ED08] -> 0x0513
mem[X,0x8001ED0A] -> 0x5545
[3017] [M]: 0x8001ED08 (0x55450513) addi a0, a0, 1364
x10 <- 0x55555554


mem[X,0x8001ED0C] -> 0xB5B7
mem[X,0x8001ED0E] -> 0xAAAA
[3018] [M]: 0x8001ED0C (0xAAAAB5B7) lui a1, 699051
x11 <- 0xAAAAB000


mem[X,0x8001ED10] -> 0x8593
mem[X,0x8001ED12] -> 0xAAB5
[3019] [M]: 0x8001ED10 (0xAAB58593) addi a1, a1, 2731
x11 <- 0xAAAAAAAB


mem[X,0x8001ED14] -> 0x0613
mem[X,0x8001ED16] -> 0x0000
[3020] [M]: 0x8001ED14 (0x00000613) addi a2, zero, 0
x12 <- 0x00000000


mem[X,0x8001ED18] -> 0x006F
mem[X,0x8001ED1A] -> 0x00C0
[3021] [M]: 0x8001ED18 (0x00C0006F) jal zero, 12


mem[X,0x8001ED24] -> 0x5663
mem[X,0x8001ED26] -> 0x00B5
[3022] [M]: 0x8001ED24 (0x00B55663) bge a0, a1, 12


mem[X,0x8001ED30] -> 0x0613
mem[X,0x8001ED32] -> 0x0036
[3023] [M]: 0x8001ED30 (0x00360613) addi a2, a2, 3
x12 <- 0x00000003


mem[X,0x8001ED34] -> 0x006F
mem[X,0x8001ED36] -> 0x0040
[3024] [M]: 0x8001ED34 (0x0040006F) jal zero, 4


mem[X,0x8001ED38] -> 0x2423
mem[X,0x8001ED3A] -> 0x4AC2
[3025] [M]: 0x8001ED38 (0x4AC22423) sw a2, 1192(tp)
mem[0x8003B610] <- 0x00000003


mem[X,0x8001ED3C] -> 0x5537
mem[X,0x8001ED3E] -> 0x5555
[3026] [M]: 0x8001ED3C (0x55555537) lui a0, 349525
x10 <- 0x55555000


mem[X,0x8001ED40] -> 0x0513
mem[X,0x8001ED42] -> 0x5545
[3027] [M]: 0x8001ED40 (0x55450513) addi a0, a0, 1364
x10 <- 0x55555554


mem[X,0x8001ED44] -> 0x0593
mem[X,0x8001ED46] -> 0x0060
[3028] [M]: 0x8001ED44 (0x00600593) addi a1, zero, 6
x11 <- 0x00000006


mem[X,0x8001ED48] -> 0x0613
mem[X,0x8001ED4A] -> 0x0000
[3029] [M]: 0x8001ED48 (0x00000613) addi a2, zero, 0
x12 <- 0x00000000


mem[X,0x8001ED4C] -> 0x006F
mem[X,0x8001ED4E] -> 0x0100
[3030] [M]: 0x8001ED4C (0x0100006F) jal zero, 16


mem[X,0x8001ED5C] -> 0x5AE3
mem[X,0x8001ED5E] -> 0xFEB5
[3031] [M]: 0x8001ED5C (0xFEB55AE3) bge a0, a1, 8180


mem[X,0x8001ED50] -> 0x0613
mem[X,0x8001ED52] -> 0x0016
[3032] [M]: 0x8001ED50 (0x00160613) addi a2, a2, 1
x12 <- 0x00000001


mem[X,0x8001ED54] -> 0x006F
mem[X,0x8001ED56] -> 0x01C0
[3033] [M]: 0x8001ED54 (0x01C0006F) jal zero, 28


mem[X,0x8001ED70] -> 0x2623
mem[X,0x8001ED72] -> 0x4AC2
[3034] [M]: 0x8001ED70 (0x4AC22623) sw a2, 1196(tp)
mem[0x8003B614] <- 0x00000001


mem[X,0x8001ED74] -> 0x5537
mem[X,0x8001ED76] -> 0x5555
[3035] [M]: 0x8001ED74 (0x55555537) lui a0, 349525
x10 <- 0x55555000


mem[X,0x8001ED78] -> 0x0513
mem[X,0x8001ED7A] -> 0x5545
[3036] [M]: 0x8001ED78 (0x55450513) addi a0, a0, 1364
x10 <- 0x55555554


mem[X,0x8001ED7C] -> 0x35B7
mem[X,0x8001ED7E] -> 0x3333
[3037] [M]: 0x8001ED7C (0x333335B7) lui a1, 209715
x11 <- 0x33333000


mem[X,0x8001ED80] -> 0x8593
mem[X,0x8001ED82] -> 0x3345
[3038] [M]: 0x8001ED80 (0x33458593) addi a1, a1, 820
x11 <- 0x33333334


mem[X,0x8001ED84] -> 0x0613
mem[X,0x8001ED86] -> 0x0000
[3039] [M]: 0x8001ED84 (0x00000613) addi a2, zero, 0
x12 <- 0x00000000


mem[X,0x8001ED88] -> 0x006F
mem[X,0x8001ED8A] -> 0x00C0
[3040] [M]: 0x8001ED88 (0x00C0006F) jal zero, 12


mem[X,0x8001ED94] -> 0x5663
mem[X,0x8001ED96] -> 0x00B5
[3041] [M]: 0x8001ED94 (0x00B55663) bge a0, a1, 12


mem[X,0x8001EDA0] -> 0x0613
mem[X,0x8001EDA2] -> 0x0036
[3042] [M]: 0x8001EDA0 (0x00360613) addi a2, a2, 3
x12 <- 0x00000003


mem[X,0x8001EDA4] -> 0x006F
mem[X,0x8001EDA6] -> 0x0040
[3043] [M]: 0x8001EDA4 (0x0040006F) jal zero, 4


mem[X,0x8001EDA8] -> 0x2823
mem[X,0x8001EDAA] -> 0x4AC2
[3044] [M]: 0x8001EDA8 (0x4AC22823) sw a2, 1200(tp)
mem[0x8003B618] <- 0x00000003


mem[X,0x8001EDAC] -> 0x5537
mem[X,0x8001EDAE] -> 0x5555
[3045] [M]: 0x8001EDAC (0x55555537) lui a0, 349525
x10 <- 0x55555000


mem[X,0x8001EDB0] -> 0x0513
mem[X,0x8001EDB2] -> 0x5545
[3046] [M]: 0x8001EDB0 (0x55450513) addi a0, a0, 1364
x10 <- 0x55555554


mem[X,0x8001EDB4] -> 0x65B7
mem[X,0x8001EDB6] -> 0x6666
[3047] [M]: 0x8001EDB4 (0x666665B7) lui a1, 419430
x11 <- 0x66666000


mem[X,0x8001EDB8] -> 0x8593
mem[X,0x8001EDBA] -> 0x6675
[3048] [M]: 0x8001EDB8 (0x66758593) addi a1, a1, 1639
x11 <- 0x66666667


mem[X,0x8001EDBC] -> 0x0613
mem[X,0x8001EDBE] -> 0x0000
[3049] [M]: 0x8001EDBC (0x00000613) addi a2, zero, 0
x12 <- 0x00000000


mem[X,0x8001EDC0] -> 0x006F
mem[X,0x8001EDC2] -> 0x00C0
[3050] [M]: 0x8001EDC0 (0x00C0006F) jal zero, 12


mem[X,0x8001EDCC] -> 0x5063
mem[X,0x8001EDCE] -> 0x02B5
[3051] [M]: 0x8001EDCC (0x02B55063) bge a0, a1, 32


mem[X,0x8001EDD0] -> 0x0613
mem[X,0x8001EDD2] -> 0x0026
[3052] [M]: 0x8001EDD0 (0x00260613) addi a2, a2, 2
x12 <- 0x00000002


mem[X,0x8001EDD4] -> 0x006F
mem[X,0x8001EDD6] -> 0x0200
[3053] [M]: 0x8001EDD4 (0x0200006F) jal zero, 32


mem[X,0x8001EDF4] -> 0x2A23
mem[X,0x8001EDF6] -> 0x4AC2
[3054] [M]: 0x8001EDF4 (0x4AC22A23) sw a2, 1204(tp)
mem[0x8003B61C] <- 0x00000002


mem[X,0x8001EDF8] -> 0x5537
mem[X,0x8001EDFA] -> 0x5555
[3055] [M]: 0x8001EDF8 (0x55555537) lui a0, 349525
x10 <- 0x55555000


mem[X,0x8001EDFC] -> 0x0513
mem[X,0x8001EDFE] -> 0x5545
[3056] [M]: 0x8001EDFC (0x55450513) addi a0, a0, 1364
x10 <- 0x55555554


mem[X,0x8001EE00] -> 0x55B7
mem[X,0x8001EE02] -> 0xFFFF
[3057] [M]: 0x8001EE00 (0xFFFF55B7) lui a1, 1048565
x11 <- 0xFFFF5000


mem[X,0x8001EE04] -> 0x8593
mem[X,0x8001EE06] -> 0xAFD5
[3058] [M]: 0x8001EE04 (0xAFD58593) addi a1, a1, 2813
x11 <- 0xFFFF4AFD


mem[X,0x8001EE08] -> 0x0613
mem[X,0x8001EE0A] -> 0x0000
[3059] [M]: 0x8001EE08 (0x00000613) addi a2, zero, 0
x12 <- 0x00000000


mem[X,0x8001EE0C] -> 0x006F
mem[X,0x8001EE0E] -> 0x0050
[3060] [M]: 0x8001EE0C (0x0050006F) jal zero, 2052


mem[X,0x8001F610] -> 0x50E3
mem[X,0x8001F612] -> 0x80B5
[3061] [M]: 0x8001F610 (0x80B550E3) bge a0, a1, 6144


mem[X,0x8001EE10] -> 0x0613
mem[X,0x8001EE12] -> 0x0016
[3062] [M]: 0x8001EE10 (0x00160613) addi a2, a2, 1
x12 <- 0x00000001


mem[X,0x8001EE14] -> 0x006F
mem[X,0x8001EE16] -> 0x0110
[3063] [M]: 0x8001EE14 (0x0110006F) jal zero, 2064


mem[X,0x8001F624] -> 0x2C23
mem[X,0x8001F626] -> 0x4AC2
[3064] [M]: 0x8001F624 (0x4AC22C23) sw a2, 1208(tp)
mem[0x8003B620] <- 0x00000001


mem[X,0x8001F628] -> 0x5537
mem[X,0x8001F62A] -> 0x5555
[3065] [M]: 0x8001F628 (0x55555537) lui a0, 349525
x10 <- 0x55555000


mem[X,0x8001F62C] -> 0x0513
mem[X,0x8001F62E] -> 0x5545
[3066] [M]: 0x8001F62C (0x55450513) addi a0, a0, 1364
x10 <- 0x55555554


mem[X,0x8001F630] -> 0xB5B7
mem[X,0x8001F632] -> 0x0000
[3067] [M]: 0x8001F630 (0x0000B5B7) lui a1, 11
x11 <- 0x0000B000


mem[X,0x8001F634] -> 0x8593
mem[X,0x8001F636] -> 0x5055
[3068] [M]: 0x8001F634 (0x50558593) addi a1, a1, 1285
x11 <- 0x0000B505


mem[X,0x8001F638] -> 0x0613
mem[X,0x8001F63A] -> 0x0000
[3069] [M]: 0x8001F638 (0x00000613) addi a2, zero, 0
x12 <- 0x00000000


mem[X,0x8001F63C] -> 0x006F
mem[X,0x8001F63E] -> 0x00C0
[3070] [M]: 0x8001F63C (0x00C0006F) jal zero, 12


mem[X,0x8001F648] -> 0x5CE3
mem[X,0x8001F64A] -> 0xFEB5
[3071] [M]: 0x8001F648 (0xFEB55CE3) bge a0, a1, 8184


mem[X,0x8001F640] -> 0x0613
mem[X,0x8001F642] -> 0x0016
[3072] [M]: 0x8001F640 (0x00160613) addi a2, a2, 1
x12 <- 0x00000001


mem[X,0x8001F644] -> 0x006F
mem[X,0x8001F646] -> 0x0180
[3073] [M]: 0x8001F644 (0x0180006F) jal zero, 24


mem[X,0x8001F65C] -> 0x2E23
mem[X,0x8001F65E] -> 0x4AC2
[3074] [M]: 0x8001F65C (0x4AC22E23) sw a2, 1212(tp)
mem[0x8003B624] <- 0x00000001


mem[X,0x8001F660] -> 0x0513
mem[X,0x8001F662] -> 0x0000
[3075] [M]: 0x8001F660 (0x00000513) addi a0, zero, 0
x10 <- 0x00000000


mem[X,0x8001F664] -> 0x0593
mem[X,0x8001F666] -> 0x0030
[3076] [M]: 0x8001F664 (0x00300593) addi a1, zero, 3
x11 <- 0x00000003


mem[X,0x8001F668] -> 0x0613
mem[X,0x8001F66A] -> 0x0000
[3077] [M]: 0x8001F668 (0x00000613) addi a2, zero, 0
x12 <- 0x00000000


mem[X,0x8001F66C] -> 0x006F
mem[X,0x8001F66E] -> 0x00C0
[3078] [M]: 0x8001F66C (0x00C0006F) jal zero, 12


mem[X,0x8001F678] -> 0x5063
mem[X,0x8001F67A] -> 0x10B5
[3079] [M]: 0x8001F678 (0x10B55063) bge a0, a1, 256


mem[X,0x8001F67C] -> 0x0613
mem[X,0x8001F67E] -> 0x0026
[3080] [M]: 0x8001F67C (0x00260613) addi a2, a2, 2
x12 <- 0x00000002


mem[X,0x8001F680] -> 0x006F
mem[X,0x8001F682] -> 0x1000
[3081] [M]: 0x8001F680 (0x1000006F) jal zero, 256


mem[X,0x8001F780] -> 0x2023
mem[X,0x8001F782] -> 0x4CC2
[3082] [M]: 0x8001F780 (0x4CC22023) sw a2, 1216(tp)
mem[0x8003B628] <- 0x00000002


mem[X,0x8001F784] -> 0x0513
mem[X,0x8001F786] -> 0x0000
[3083] [M]: 0x8001F784 (0x00000513) addi a0, zero, 0
x10 <- 0x00000000


mem[X,0x8001F788] -> 0x55B7
mem[X,0x8001F78A] -> 0x5555
[3084] [M]: 0x8001F788 (0x555555B7) lui a1, 349525
x11 <- 0x55555000


mem[X,0x8001F78C] -> 0x8593
mem[X,0x8001F78E] -> 0x5555
[3085] [M]: 0x8001F78C (0x55558593) addi a1, a1, 1365
x11 <- 0x55555555


mem[X,0x8001F790] -> 0x0613
mem[X,0x8001F792] -> 0x0000
[3086] [M]: 0x8001F790 (0x00000613) addi a2, zero, 0
x12 <- 0x00000000


mem[X,0x8001F794] -> 0x006F
mem[X,0x8001F796] -> 0x0050
[3087] [M]: 0x8001F794 (0x0050006F) jal zero, 2052


mem[X,0x8001FF98] -> 0x50E3
mem[X,0x8001FF9A] -> 0x80B5
[3088] [M]: 0x8001FF98 (0x80B550E3) bge a0, a1, 6144


mem[X,0x8001FF9C] -> 0x0613
mem[X,0x8001FF9E] -> 0x0026
[3089] [M]: 0x8001FF9C (0x00260613) addi a2, a2, 2
x12 <- 0x00000002


mem[X,0x8001FFA0] -> 0x006F
mem[X,0x8001FFA2] -> 0x00C0
[3090] [M]: 0x8001FFA0 (0x00C0006F) jal zero, 12


mem[X,0x8001FFAC] -> 0x2223
mem[X,0x8001FFAE] -> 0x4CC2
[3091] [M]: 0x8001FFAC (0x4CC22223) sw a2, 1220(tp)
mem[0x8003B62C] <- 0x00000002


mem[X,0x8001FFB0] -> 0x0513
mem[X,0x8001FFB2] -> 0x0000
[3092] [M]: 0x8001FFB0 (0x00000513) addi a0, zero, 0
x10 <- 0x00000000


mem[X,0x8001FFB4] -> 0xB5B7
mem[X,0x8001FFB6] -> 0xAAAA
[3093] [M]: 0x8001FFB4 (0xAAAAB5B7) lui a1, 699051
x11 <- 0xAAAAB000


mem[X,0x8001FFB8] -> 0x8593
mem[X,0x8001FFBA] -> 0xAAA5
[3094] [M]: 0x8001FFB8 (0xAAA58593) addi a1, a1, 2730
x11 <- 0xAAAAAAAA


mem[X,0x8001FFBC] -> 0x0613
mem[X,0x8001FFBE] -> 0x0000
[3095] [M]: 0x8001FFBC (0x00000613) addi a2, zero, 0
x12 <- 0x00000000


mem[X,0x8001FFC0] -> 0x006F
mem[X,0x8001FFC2] -> 0x2B10
[3096] [M]: 0x8001FFC0 (0x2B10006F) jal zero, 2736


mem[X,0x80020A70] -> 0x5A63
mem[X,0x80020A72] -> 0xD4B5
[3097] [M]: 0x80020A70 (0xD4B55A63) bge a0, a1, 5460


mem[X,0x8001FFC4] -> 0x0613
mem[X,0x8001FFC6] -> 0x0016
[3098] [M]: 0x8001FFC4 (0x00160613) addi a2, a2, 1
x12 <- 0x00000001


mem[X,0x8001FFC8] -> 0x006F
mem[X,0x8001FFCA] -> 0x2BD0
[3099] [M]: 0x8001FFC8 (0x2BD0006F) jal zero, 2748


clint::tick mtime <- 0x000000000000001F
 clint timer pending at mtime 0x000000000000001F
htif::tick 0x0000000000000000
mem[X,0x80020A84] -> 0x2423
mem[X,0x80020A86] -> 0x4CC2
[3100] [M]: 0x80020A84 (0x4CC22423) sw a2, 1224(tp)
mem[0x8003B630] <- 0x00000001


mem[X,0x80020A88] -> 0x0513
mem[X,0x80020A8A] -> 0x0000
[3101] [M]: 0x80020A88 (0x00000513) addi a0, zero, 0
x10 <- 0x00000000


mem[X,0x80020A8C] -> 0x0593
mem[X,0x80020A8E] -> 0x0050
[3102] [M]: 0x80020A8C (0x00500593) addi a1, zero, 5
x11 <- 0x00000005


mem[X,0x80020A90] -> 0x0613
mem[X,0x80020A92] -> 0x0000
[3103] [M]: 0x80020A90 (0x00000613) addi a2, zero, 0
x12 <- 0x00000000


mem[X,0x80020A94] -> 0x006F
mem[X,0x80020A96] -> 0x00C0
[3104] [M]: 0x80020A94 (0x00C0006F) jal zero, 12


mem[X,0x80020AA0] -> 0x5663
mem[X,0x80020AA2] -> 0x00B5
[3105] [M]: 0x80020AA0 (0x00B55663) bge a0, a1, 12


mem[X,0x80020AA4] -> 0x0613
mem[X,0x80020AA6] -> 0x0026
[3106] [M]: 0x80020AA4 (0x00260613) addi a2, a2, 2
x12 <- 0x00000002


mem[X,0x80020AA8] -> 0x006F
mem[X,0x80020AAA] -> 0x00C0
[3107] [M]: 0x80020AA8 (0x00C0006F) jal zero, 12


mem[X,0x80020AB4] -> 0x2623
mem[X,0x80020AB6] -> 0x4CC2
[3108] [M]: 0x80020AB4 (0x4CC22623) sw a2, 1228(tp)
mem[0x8003B634] <- 0x00000002


mem[X,0x80020AB8] -> 0x0513
mem[X,0x80020ABA] -> 0x0000
[3109] [M]: 0x80020AB8 (0x00000513) addi a0, zero, 0
x10 <- 0x00000000


mem[X,0x80020ABC] -> 0x35B7
mem[X,0x80020ABE] -> 0x3333
[3110] [M]: 0x80020ABC (0x333335B7) lui a1, 209715
x11 <- 0x33333000


mem[X,0x80020AC0] -> 0x8593
mem[X,0x80020AC2] -> 0x3335
[3111] [M]: 0x80020AC0 (0x33358593) addi a1, a1, 819
x11 <- 0x33333333


mem[X,0x80020AC4] -> 0x0613
mem[X,0x80020AC6] -> 0x0000
[3112] [M]: 0x80020AC4 (0x00000613) addi a2, zero, 0
x12 <- 0x00000000


mem[X,0x80020AC8] -> 0x006F
mem[X,0x80020ACA] -> 0x00C0
[3113] [M]: 0x80020AC8 (0x00C0006F) jal zero, 12


mem[X,0x80020AD4] -> 0x5063
mem[X,0x80020AD6] -> 0x04B5
[3114] [M]: 0x80020AD4 (0x04B55063) bge a0, a1, 64


mem[X,0x80020AD8] -> 0x0613
mem[X,0x80020ADA] -> 0x0026
[3115] [M]: 0x80020AD8 (0x00260613) addi a2, a2, 2
x12 <- 0x00000002


mem[X,0x80020ADC] -> 0x006F
mem[X,0x80020ADE] -> 0x0400
[3116] [M]: 0x80020ADC (0x0400006F) jal zero, 64


mem[X,0x80020B1C] -> 0x2823
mem[X,0x80020B1E] -> 0x4CC2
[3117] [M]: 0x80020B1C (0x4CC22823) sw a2, 1232(tp)
mem[0x8003B638] <- 0x00000002


mem[X,0x80020B20] -> 0x0513
mem[X,0x80020B22] -> 0x0000
[3118] [M]: 0x80020B20 (0x00000513) addi a0, zero, 0
x10 <- 0x00000000


mem[X,0x80020B24] -> 0x65B7
mem[X,0x80020B26] -> 0x6666
[3119] [M]: 0x80020B24 (0x666665B7) lui a1, 419430
x11 <- 0x66666000


mem[X,0x80020B28] -> 0x8593
mem[X,0x80020B2A] -> 0x6665
[3120] [M]: 0x80020B28 (0x66658593) addi a1, a1, 1638
x11 <- 0x66666666


mem[X,0x80020B2C] -> 0x0613
mem[X,0x80020B2E] -> 0x0000
[3121] [M]: 0x80020B2C (0x00000613) addi a2, zero, 0
x12 <- 0x00000000


mem[X,0x80020B30] -> 0x006F
mem[X,0x80020B32] -> 0x2B10
[3122] [M]: 0x80020B30 (0x2B10006F) jal zero, 2736


mem[X,0x800215E0] -> 0x5A63
mem[X,0x800215E2] -> 0xD4B5
[3123] [M]: 0x800215E0 (0xD4B55A63) bge a0, a1, 5460


mem[X,0x800215E4] -> 0x0613
mem[X,0x800215E6] -> 0x0026
[3124] [M]: 0x800215E4 (0x00260613) addi a2, a2, 2
x12 <- 0x00000002


mem[X,0x800215E8] -> 0x006F
mem[X,0x800215EA] -> 0x00C0
[3125] [M]: 0x800215E8 (0x00C0006F) jal zero, 12


mem[X,0x800215F4] -> 0x2A23
mem[X,0x800215F6] -> 0x4CC2
[3126] [M]: 0x800215F4 (0x4CC22A23) sw a2, 1236(tp)
mem[0x8003B63C] <- 0x00000002


mem[X,0x800215F8] -> 0x0513
mem[X,0x800215FA] -> 0x0000
[3127] [M]: 0x800215F8 (0x00000513) addi a0, zero, 0
x10 <- 0x00000000


mem[X,0x800215FC] -> 0x55B7
mem[X,0x800215FE] -> 0xFFFF
[3128] [M]: 0x800215FC (0xFFFF55B7) lui a1, 1048565
x11 <- 0xFFFF5000


mem[X,0x80021600] -> 0x8593
mem[X,0x80021602] -> 0xAFC5
[3129] [M]: 0x80021600 (0xAFC58593) addi a1, a1, 2812
x11 <- 0xFFFF4AFC


mem[X,0x80021604] -> 0x0613
mem[X,0x80021606] -> 0x0000
[3130] [M]: 0x80021604 (0x00000613) addi a2, zero, 0
x12 <- 0x00000000


mem[X,0x80021608] -> 0x006F
mem[X,0x8002160A] -> 0x00C0
[3131] [M]: 0x80021608 (0x00C0006F) jal zero, 12


mem[X,0x80021614] -> 0x5063
mem[X,0x80021616] -> 0x40B5
[3132] [M]: 0x80021614 (0x40B55063) bge a0, a1, 1024


mem[X,0x80021A14] -> 0x0613
mem[X,0x80021A16] -> 0x0036
[3133] [M]: 0x80021A14 (0x00360613) addi a2, a2, 3
x12 <- 0x00000003


mem[X,0x80021A18] -> 0x006F
mem[X,0x80021A1A] -> 0x0040
[3134] [M]: 0x80021A18 (0x0040006F) jal zero, 4


mem[X,0x80021A1C] -> 0x2C23
mem[X,0x80021A1E] -> 0x4CC2
[3135] [M]: 0x80021A1C (0x4CC22C23) sw a2, 1240(tp)
mem[0x8003B640] <- 0x00000003


mem[X,0x80021A20] -> 0x0513
mem[X,0x80021A22] -> 0x0000
[3136] [M]: 0x80021A20 (0x00000513) addi a0, zero, 0
x10 <- 0x00000000


mem[X,0x80021A24] -> 0xB5B7
mem[X,0x80021A26] -> 0x0000
[3137] [M]: 0x80021A24 (0x0000B5B7) lui a1, 11
x11 <- 0x0000B000


mem[X,0x80021A28] -> 0x8593
mem[X,0x80021A2A] -> 0x5045
[3138] [M]: 0x80021A28 (0x50458593) addi a1, a1, 1284
x11 <- 0x0000B504


mem[X,0x80021A2C] -> 0x0613
mem[X,0x80021A2E] -> 0x0000
[3139] [M]: 0x80021A2C (0x00000613) addi a2, zero, 0
x12 <- 0x00000000


mem[X,0x80021A30] -> 0x006F
mem[X,0x80021A32] -> 0x00C0
[3140] [M]: 0x80021A30 (0x00C0006F) jal zero, 12


mem[X,0x80021A3C] -> 0x5063
mem[X,0x80021A3E] -> 0x40B5
[3141] [M]: 0x80021A3C (0x40B55063) bge a0, a1, 1024


mem[X,0x80021A40] -> 0x0613
mem[X,0x80021A42] -> 0x0026
[3142] [M]: 0x80021A40 (0x00260613) addi a2, a2, 2
x12 <- 0x00000002


mem[X,0x80021A44] -> 0x006F
mem[X,0x80021A46] -> 0x4000
[3143] [M]: 0x80021A44 (0x4000006F) jal zero, 1024


mem[X,0x80021E44] -> 0x2E23
mem[X,0x80021E46] -> 0x4CC2
[3144] [M]: 0x80021E44 (0x4CC22E23) sw a2, 1244(tp)
mem[0x8003B644] <- 0x00000002


mem[X,0x80021E48] -> 0xB537
mem[X,0x80021E4A] -> 0xAAAA
[3145] [M]: 0x80021E48 (0xAAAAB537) lui a0, 699051
x10 <- 0xAAAAB000


mem[X,0x80021E4C] -> 0x0513
mem[X,0x80021E4E] -> 0xAAB5
[3146] [M]: 0x80021E4C (0xAAB50513) addi a0, a0, 2731
x10 <- 0xAAAAAAAB


mem[X,0x80021E50] -> 0x35B7
mem[X,0x80021E52] -> 0x3333
[3147] [M]: 0x80021E50 (0x333335B7) lui a1, 209715
x11 <- 0x33333000


mem[X,0x80021E54] -> 0x8593
mem[X,0x80021E56] -> 0x3345
[3148] [M]: 0x80021E54 (0x33458593) addi a1, a1, 820
x11 <- 0x33333334


mem[X,0x80021E58] -> 0x0613
mem[X,0x80021E5A] -> 0x0000
[3149] [M]: 0x80021E58 (0x00000613) addi a2, zero, 0
x12 <- 0x00000000


mem[X,0x80021E5C] -> 0x006F
mem[X,0x80021E5E] -> 0x0100
[3150] [M]: 0x80021E5C (0x0100006F) jal zero, 16


mem[X,0x80021E6C] -> 0x5AE3
mem[X,0x80021E6E] -> 0xFEB5
[3151] [M]: 0x80021E6C (0xFEB55AE3) bge a0, a1, 8180


mem[X,0x80021E70] -> 0x0613
mem[X,0x80021E72] -> 0x0026
[3152] [M]: 0x80021E70 (0x00260613) addi a2, a2, 2
x12 <- 0x00000002


mem[X,0x80021E74] -> 0x006F
mem[X,0x80021E76] -> 0x00C0
[3153] [M]: 0x80021E74 (0x00C0006F) jal zero, 12


mem[X,0x80021E80] -> 0x2023
mem[X,0x80021E82] -> 0x4EC2
[3154] [M]: 0x80021E80 (0x4EC22023) sw a2, 1248(tp)
mem[0x8003B648] <- 0x00000002


mem[X,0x80021E84] -> 0xB537
mem[X,0x80021E86] -> 0xAAAA
[3155] [M]: 0x80021E84 (0xAAAAB537) lui a0, 699051
x10 <- 0xAAAAB000


mem[X,0x80021E88] -> 0x0513
mem[X,0x80021E8A] -> 0xAAB5
[3156] [M]: 0x80021E88 (0xAAB50513) addi a0, a0, 2731
x10 <- 0xAAAAAAAB


mem[X,0x80021E8C] -> 0x65B7
mem[X,0x80021E8E] -> 0x6666
[3157] [M]: 0x80021E8C (0x666665B7) lui a1, 419430
x11 <- 0x66666000


mem[X,0x80021E90] -> 0x8593
mem[X,0x80021E92] -> 0x6675
[3158] [M]: 0x80021E90 (0x66758593) addi a1, a1, 1639
x11 <- 0x66666667


mem[X,0x80021E94] -> 0x0613
mem[X,0x80021E96] -> 0x0000
[3159] [M]: 0x80021E94 (0x00000613) addi a2, zero, 0
x12 <- 0x00000000


mem[X,0x80021E98] -> 0x006F
mem[X,0x80021E9A] -> 0x00C0
[3160] [M]: 0x80021E98 (0x00C0006F) jal zero, 12


mem[X,0x80021EA4] -> 0x5063
mem[X,0x80021EA6] -> 0x20B5
[3161] [M]: 0x80021EA4 (0x20B55063) bge a0, a1, 512


mem[X,0x80021EA8] -> 0x0613
mem[X,0x80021EAA] -> 0x0026
[3162] [M]: 0x80021EA8 (0x00260613) addi a2, a2, 2
x12 <- 0x00000002


mem[X,0x80021EAC] -> 0x006F
mem[X,0x80021EAE] -> 0x2000
[3163] [M]: 0x80021EAC (0x2000006F) jal zero, 512


mem[X,0x800220AC] -> 0x2223
mem[X,0x800220AE] -> 0x4EC2
[3164] [M]: 0x800220AC (0x4EC22223) sw a2, 1252(tp)
mem[0x8003B64C] <- 0x00000002


mem[X,0x800220B0] -> 0xB537
mem[X,0x800220B2] -> 0xAAAA
[3165] [M]: 0x800220B0 (0xAAAAB537) lui a0, 699051
x10 <- 0xAAAAB000


mem[X,0x800220B4] -> 0x0513
mem[X,0x800220B6] -> 0xAAB5
[3166] [M]: 0x800220B4 (0xAAB50513) addi a0, a0, 2731
x10 <- 0xAAAAAAAB


mem[X,0x800220B8] -> 0x55B7
mem[X,0x800220BA] -> 0xFFFF
[3167] [M]: 0x800220B8 (0xFFFF55B7) lui a1, 1048565
x11 <- 0xFFFF5000


mem[X,0x800220BC] -> 0x8593
mem[X,0x800220BE] -> 0xAFD5
[3168] [M]: 0x800220BC (0xAFD58593) addi a1, a1, 2813
x11 <- 0xFFFF4AFD


mem[X,0x800220C0] -> 0x0613
mem[X,0x800220C2] -> 0x0000
[3169] [M]: 0x800220C0 (0x00000613) addi a2, zero, 0
x12 <- 0x00000000


mem[X,0x800220C4] -> 0x006F
mem[X,0x800220C6] -> 0x0140
[3170] [M]: 0x800220C4 (0x0140006F) jal zero, 20


mem[X,0x800220D8] -> 0x58E3
mem[X,0x800220DA] -> 0xFEB5
[3171] [M]: 0x800220D8 (0xFEB558E3) bge a0, a1, 8176


mem[X,0x800220DC] -> 0x0613
mem[X,0x800220DE] -> 0x0026
[3172] [M]: 0x800220DC (0x00260613) addi a2, a2, 2
x12 <- 0x00000002


mem[X,0x800220E0] -> 0x006F
mem[X,0x800220E2] -> 0x00C0
[3173] [M]: 0x800220E0 (0x00C0006F) jal zero, 12


mem[X,0x800220EC] -> 0x2423
mem[X,0x800220EE] -> 0x4EC2
[3174] [M]: 0x800220EC (0x4EC22423) sw a2, 1256(tp)
mem[0x8003B650] <- 0x00000002


mem[X,0x800220F0] -> 0xB537
mem[X,0x800220F2] -> 0xAAAA
[3175] [M]: 0x800220F0 (0xAAAAB537) lui a0, 699051
x10 <- 0xAAAAB000


mem[X,0x800220F4] -> 0x0513
mem[X,0x800220F6] -> 0xAAB5
[3176] [M]: 0x800220F4 (0xAAB50513) addi a0, a0, 2731
x10 <- 0xAAAAAAAB


mem[X,0x800220F8] -> 0xB5B7
mem[X,0x800220FA] -> 0x0000
[3177] [M]: 0x800220F8 (0x0000B5B7) lui a1, 11
x11 <- 0x0000B000


mem[X,0x800220FC] -> 0x8593
mem[X,0x800220FE] -> 0x5055
[3178] [M]: 0x800220FC (0x50558593) addi a1, a1, 1285
x11 <- 0x0000B505


mem[X,0x80022100] -> 0x0613
mem[X,0x80022102] -> 0x0000
[3179] [M]: 0x80022100 (0x00000613) addi a2, zero, 0
x12 <- 0x00000000


mem[X,0x80022104] -> 0x006F
mem[X,0x80022106] -> 0x00C0
[3180] [M]: 0x80022104 (0x00C0006F) jal zero, 12


mem[X,0x80022110] -> 0x5663
mem[X,0x80022112] -> 0x00B5
[3181] [M]: 0x80022110 (0x00B55663) bge a0, a1, 12


mem[X,0x80022114] -> 0x0613
mem[X,0x80022116] -> 0x0026
[3182] [M]: 0x80022114 (0x00260613) addi a2, a2, 2
x12 <- 0x00000002


mem[X,0x80022118] -> 0x006F
mem[X,0x8002211A] -> 0x00C0
[3183] [M]: 0x80022118 (0x00C0006F) jal zero, 12


mem[X,0x80022124] -> 0x2623
mem[X,0x80022126] -> 0x4EC2
[3184] [M]: 0x80022124 (0x4EC22623) sw a2, 1260(tp)
mem[0x8003B654] <- 0x00000002


mem[X,0x80022128] -> 0x0513
mem[X,0x8002212A] -> 0x0060
[3185] [M]: 0x80022128 (0x00600513) addi a0, zero, 6
x10 <- 0x00000006


mem[X,0x8002212C] -> 0x0593
mem[X,0x8002212E] -> 0x0030
[3186] [M]: 0x8002212C (0x00300593) addi a1, zero, 3
x11 <- 0x00000003


mem[X,0x80022130] -> 0x0613
mem[X,0x80022132] -> 0x0000
[3187] [M]: 0x80022130 (0x00000613) addi a2, zero, 0
x12 <- 0x00000000


mem[X,0x80022134] -> 0x006F
mem[X,0x80022136] -> 0x00C0
[3188] [M]: 0x80022134 (0x00C0006F) jal zero, 12


mem[X,0x80022140] -> 0x5063
mem[X,0x80022142] -> 0x08B5
[3189] [M]: 0x80022140 (0x08B55063) bge a0, a1, 128


mem[X,0x800221C0] -> 0x0613
mem[X,0x800221C2] -> 0x0036
[3190] [M]: 0x800221C0 (0x00360613) addi a2, a2, 3
x12 <- 0x00000003


mem[X,0x800221C4] -> 0x006F
mem[X,0x800221C6] -> 0x0040
[3191] [M]: 0x800221C4 (0x0040006F) jal zero, 4


mem[X,0x800221C8] -> 0x2823
mem[X,0x800221CA] -> 0x4EC2
[3192] [M]: 0x800221C8 (0x4EC22823) sw a2, 1264(tp)
mem[0x8003B658] <- 0x00000003


mem[X,0x800221CC] -> 0x0513
mem[X,0x800221CE] -> 0x0060
[3193] [M]: 0x800221CC (0x00600513) addi a0, zero, 6
x10 <- 0x00000006


mem[X,0x800221D0] -> 0x55B7
mem[X,0x800221D2] -> 0x5555
[3194] [M]: 0x800221D0 (0x555555B7) lui a1, 349525
x11 <- 0x55555000


mem[X,0x800221D4] -> 0x8593
mem[X,0x800221D6] -> 0x5555
[3195] [M]: 0x800221D4 (0x55558593) addi a1, a1, 1365
x11 <- 0x55555555


mem[X,0x800221D8] -> 0x0613
mem[X,0x800221DA] -> 0x0000
[3196] [M]: 0x800221D8 (0x00000613) addi a2, zero, 0
x12 <- 0x00000000


mem[X,0x800221DC] -> 0x006F
mem[X,0x800221DE] -> 0x0100
[3197] [M]: 0x800221DC (0x0100006F) jal zero, 16


mem[X,0x800221EC] -> 0x5AE3
mem[X,0x800221EE] -> 0xFEB5
[3198] [M]: 0x800221EC (0xFEB55AE3) bge a0, a1, 8180


mem[X,0x800221F0] -> 0x0613
mem[X,0x800221F2] -> 0x0026
[3199] [M]: 0x800221F0 (0x00260613) addi a2, a2, 2
x12 <- 0x00000002


clint::tick mtime <- 0x0000000000000020
 clint timer pending at mtime 0x0000000000000020
htif::tick 0x0000000000000000
mem[X,0x800221F4] -> 0x006F
mem[X,0x800221F6] -> 0x00C0
[3200] [M]: 0x800221F4 (0x00C0006F) jal zero, 12


mem[X,0x80022200] -> 0x2A23
mem[X,0x80022202] -> 0x4EC2
[3201] [M]: 0x80022200 (0x4EC22A23) sw a2, 1268(tp)
mem[0x8003B65C] <- 0x00000002


mem[X,0x80022204] -> 0x0513
mem[X,0x80022206] -> 0x0060
[3202] [M]: 0x80022204 (0x00600513) addi a0, zero, 6
x10 <- 0x00000006


mem[X,0x80022208] -> 0xB5B7
mem[X,0x8002220A] -> 0xAAAA
[3203] [M]: 0x80022208 (0xAAAAB5B7) lui a1, 699051
x11 <- 0xAAAAB000


mem[X,0x8002220C] -> 0x8593
mem[X,0x8002220E] -> 0xAAA5
[3204] [M]: 0x8002220C (0xAAA58593) addi a1, a1, 2730
x11 <- 0xAAAAAAAA


mem[X,0x80022210] -> 0x0613
mem[X,0x80022212] -> 0x0000
[3205] [M]: 0x80022210 (0x00000613) addi a2, zero, 0
x12 <- 0x00000000


mem[X,0x80022214] -> 0x006F
mem[X,0x80022216] -> 0x2B10
[3206] [M]: 0x80022214 (0x2B10006F) jal zero, 2736


mem[X,0x80022CC4] -> 0x5A63
mem[X,0x80022CC6] -> 0xD4B5
[3207] [M]: 0x80022CC4 (0xD4B55A63) bge a0, a1, 5460


mem[X,0x80022218] -> 0x0613
mem[X,0x8002221A] -> 0x0016
[3208] [M]: 0x80022218 (0x00160613) addi a2, a2, 1
x12 <- 0x00000001


mem[X,0x8002221C] -> 0x006F
mem[X,0x8002221E] -> 0x2BD0
[3209] [M]: 0x8002221C (0x2BD0006F) jal zero, 2748


mem[X,0x80022CD8] -> 0x2C23
mem[X,0x80022CDA] -> 0x4EC2
[3210] [M]: 0x80022CD8 (0x4EC22C23) sw a2, 1272(tp)
mem[0x8003B660] <- 0x00000001


mem[X,0x80022CDC] -> 0x0513
mem[X,0x80022CDE] -> 0x0060
[3211] [M]: 0x80022CDC (0x00600513) addi a0, zero, 6
x10 <- 0x00000006


mem[X,0x80022CE0] -> 0x0593
mem[X,0x80022CE2] -> 0x0050
[3212] [M]: 0x80022CE0 (0x00500593) addi a1, zero, 5
x11 <- 0x00000005


mem[X,0x80022CE4] -> 0x0613
mem[X,0x80022CE6] -> 0x0000
[3213] [M]: 0x80022CE4 (0x00000613) addi a2, zero, 0
x12 <- 0x00000000


mem[X,0x80022CE8] -> 0x006F
mem[X,0x80022CEA] -> 0x00C0
[3214] [M]: 0x80022CE8 (0x00C0006F) jal zero, 12


mem[X,0x80022CF4] -> 0x5063
mem[X,0x80022CF6] -> 0x20B5
[3215] [M]: 0x80022CF4 (0x20B55063) bge a0, a1, 512


mem[X,0x80022EF4] -> 0x0613
mem[X,0x80022EF6] -> 0x0036
[3216] [M]: 0x80022EF4 (0x00360613) addi a2, a2, 3
x12 <- 0x00000003


mem[X,0x80022EF8] -> 0x006F
mem[X,0x80022EFA] -> 0x0040
[3217] [M]: 0x80022EF8 (0x0040006F) jal zero, 4


mem[X,0x80022EFC] -> 0x2E23
mem[X,0x80022EFE] -> 0x4EC2
[3218] [M]: 0x80022EFC (0x4EC22E23) sw a2, 1276(tp)
mem[0x8003B664] <- 0x00000003


mem[X,0x80022F00] -> 0x0513
mem[X,0x80022F02] -> 0x0060
[3219] [M]: 0x80022F00 (0x00600513) addi a0, zero, 6
x10 <- 0x00000006


mem[X,0x80022F04] -> 0x35B7
mem[X,0x80022F06] -> 0x3333
[3220] [M]: 0x80022F04 (0x333335B7) lui a1, 209715
x11 <- 0x33333000


mem[X,0x80022F08] -> 0x8593
mem[X,0x80022F0A] -> 0x3335
[3221] [M]: 0x80022F08 (0x33358593) addi a1, a1, 819
x11 <- 0x33333333


mem[X,0x80022F0C] -> 0x0613
mem[X,0x80022F0E] -> 0x0000
[3222] [M]: 0x80022F0C (0x00000613) addi a2, zero, 0
x12 <- 0x00000000


mem[X,0x80022F10] -> 0x006F
mem[X,0x80022F12] -> 0x00C0
[3223] [M]: 0x80022F10 (0x00C0006F) jal zero, 12


mem[X,0x80022F1C] -> 0x5063
mem[X,0x80022F1E] -> 0x40B5
[3224] [M]: 0x80022F1C (0x40B55063) bge a0, a1, 1024


mem[X,0x80022F20] -> 0x0613
mem[X,0x80022F22] -> 0x0026
[3225] [M]: 0x80022F20 (0x00260613) addi a2, a2, 2
x12 <- 0x00000002


mem[X,0x80022F24] -> 0x006F
mem[X,0x80022F26] -> 0x4000
[3226] [M]: 0x80022F24 (0x4000006F) jal zero, 1024


mem[X,0x80023324] -> 0x2023
mem[X,0x80023326] -> 0x50C2
[3227] [M]: 0x80023324 (0x50C22023) sw a2, 1280(tp)
mem[0x8003B668] <- 0x00000002


mem[X,0x80023328] -> 0x0513
mem[X,0x8002332A] -> 0x0060
[3228] [M]: 0x80023328 (0x00600513) addi a0, zero, 6
x10 <- 0x00000006


mem[X,0x8002332C] -> 0x65B7
mem[X,0x8002332E] -> 0x6666
[3229] [M]: 0x8002332C (0x666665B7) lui a1, 419430
x11 <- 0x66666000


mem[X,0x80023330] -> 0x8593
mem[X,0x80023332] -> 0x6665
[3230] [M]: 0x80023330 (0x66658593) addi a1, a1, 1638
x11 <- 0x66666666


mem[X,0x80023334] -> 0x0613
mem[X,0x80023336] -> 0x0000
[3231] [M]: 0x80023334 (0x00000613) addi a2, zero, 0
x12 <- 0x00000000


mem[X,0x80023338] -> 0x006F
mem[X,0x8002333A] -> 0x00C0
[3232] [M]: 0x80023338 (0x00C0006F) jal zero, 12


mem[X,0x80023344] -> 0x5CE3
mem[X,0x80023346] -> 0xFEB5
[3233] [M]: 0x80023344 (0xFEB55CE3) bge a0, a1, 8184


mem[X,0x80023348] -> 0x0613
mem[X,0x8002334A] -> 0x0026
[3234] [M]: 0x80023348 (0x00260613) addi a2, a2, 2
x12 <- 0x00000002


mem[X,0x8002334C] -> 0x006F
mem[X,0x8002334E] -> 0x00C0
[3235] [M]: 0x8002334C (0x00C0006F) jal zero, 12


mem[X,0x80023358] -> 0x2223
mem[X,0x8002335A] -> 0x50C2
[3236] [M]: 0x80023358 (0x50C22223) sw a2, 1284(tp)
mem[0x8003B66C] <- 0x00000002


mem[X,0x8002335C] -> 0x0513
mem[X,0x8002335E] -> 0x0060
[3237] [M]: 0x8002335C (0x00600513) addi a0, zero, 6
x10 <- 0x00000006


mem[X,0x80023360] -> 0x55B7
mem[X,0x80023362] -> 0xFFFF
[3238] [M]: 0x80023360 (0xFFFF55B7) lui a1, 1048565
x11 <- 0xFFFF5000


mem[X,0x80023364] -> 0x8593
mem[X,0x80023366] -> 0xAFC5
[3239] [M]: 0x80023364 (0xAFC58593) addi a1, a1, 2812
x11 <- 0xFFFF4AFC


mem[X,0x80023368] -> 0x0613
mem[X,0x8002336A] -> 0x0000
[3240] [M]: 0x80023368 (0x00000613) addi a2, zero, 0
x12 <- 0x00000000


mem[X,0x8002336C] -> 0x006F
mem[X,0x8002336E] -> 0x00C0
[3241] [M]: 0x8002336C (0x00C0006F) jal zero, 12


mem[X,0x80023378] -> 0x5063
mem[X,0x8002337A] -> 0x40B5
[3242] [M]: 0x80023378 (0x40B55063) bge a0, a1, 1024


mem[X,0x80023778] -> 0x0613
mem[X,0x8002377A] -> 0x0036
[3243] [M]: 0x80023778 (0x00360613) addi a2, a2, 3
x12 <- 0x00000003


mem[X,0x8002377C] -> 0x006F
mem[X,0x8002377E] -> 0x0040
[3244] [M]: 0x8002377C (0x0040006F) jal zero, 4


mem[X,0x80023780] -> 0x2423
mem[X,0x80023782] -> 0x50C2
[3245] [M]: 0x80023780 (0x50C22423) sw a2, 1288(tp)
mem[0x8003B670] <- 0x00000003


mem[X,0x80023784] -> 0x0513
mem[X,0x80023786] -> 0x0060
[3246] [M]: 0x80023784 (0x00600513) addi a0, zero, 6
x10 <- 0x00000006


mem[X,0x80023788] -> 0xB5B7
mem[X,0x8002378A] -> 0x0000
[3247] [M]: 0x80023788 (0x0000B5B7) lui a1, 11
x11 <- 0x0000B000


mem[X,0x8002378C] -> 0x8593
mem[X,0x8002378E] -> 0x5045
[3248] [M]: 0x8002378C (0x50458593) addi a1, a1, 1284
x11 <- 0x0000B504


mem[X,0x80023790] -> 0x0613
mem[X,0x80023792] -> 0x0000
[3249] [M]: 0x80023790 (0x00000613) addi a2, zero, 0
x12 <- 0x00000000


mem[X,0x80023794] -> 0x006F
mem[X,0x80023796] -> 0x00C0
[3250] [M]: 0x80023794 (0x00C0006F) jal zero, 12


mem[X,0x800237A0] -> 0x5CE3
mem[X,0x800237A2] -> 0xFEB5
[3251] [M]: 0x800237A0 (0xFEB55CE3) bge a0, a1, 8184


mem[X,0x800237A4] -> 0x0613
mem[X,0x800237A6] -> 0x0026
[3252] [M]: 0x800237A4 (0x00260613) addi a2, a2, 2
x12 <- 0x00000002


mem[X,0x800237A8] -> 0x006F
mem[X,0x800237AA] -> 0x00C0
[3253] [M]: 0x800237A8 (0x00C0006F) jal zero, 12


mem[X,0x800237B4] -> 0x2623
mem[X,0x800237B6] -> 0x50C2
[3254] [M]: 0x800237B4 (0x50C22623) sw a2, 1292(tp)
mem[0x8003B674] <- 0x00000002


mem[X,0x800237B8] -> 0x0513
mem[X,0x800237BA] -> 0x0060
[3255] [M]: 0x800237B8 (0x00600513) addi a0, zero, 6
x10 <- 0x00000006


mem[X,0x800237BC] -> 0x0593
mem[X,0x800237BE] -> 0x0020
[3256] [M]: 0x800237BC (0x00200593) addi a1, zero, 2
x11 <- 0x00000002


mem[X,0x800237C0] -> 0x0613
mem[X,0x800237C2] -> 0x0000
[3257] [M]: 0x800237C0 (0x00000613) addi a2, zero, 0
x12 <- 0x00000000


mem[X,0x800237C4] -> 0x006F
mem[X,0x800237C6] -> 0x00C0
[3258] [M]: 0x800237C4 (0x00C0006F) jal zero, 12


mem[X,0x800237D0] -> 0x5063
mem[X,0x800237D2] -> 0x04B5
[3259] [M]: 0x800237D0 (0x04B55063) bge a0, a1, 64


mem[X,0x80023810] -> 0x0613
mem[X,0x80023812] -> 0x0036
[3260] [M]: 0x80023810 (0x00360613) addi a2, a2, 3
x12 <- 0x00000003


mem[X,0x80023814] -> 0x006F
mem[X,0x80023816] -> 0x0040
[3261] [M]: 0x80023814 (0x0040006F) jal zero, 4


mem[X,0x80023818] -> 0x2823
mem[X,0x8002381A] -> 0x50C2
[3262] [M]: 0x80023818 (0x50C22823) sw a2, 1296(tp)
mem[0x8003B678] <- 0x00000003


mem[X,0x8002381C] -> 0x0513
mem[X,0x8002381E] -> 0x0060
[3263] [M]: 0x8002381C (0x00600513) addi a0, zero, 6
x10 <- 0x00000006


mem[X,0x80023820] -> 0x55B7
mem[X,0x80023822] -> 0x5555
[3264] [M]: 0x80023820 (0x555555B7) lui a1, 349525
x11 <- 0x55555000


mem[X,0x80023824] -> 0x8593
mem[X,0x80023826] -> 0x5545
[3265] [M]: 0x80023824 (0x55458593) addi a1, a1, 1364
x11 <- 0x55555554


mem[X,0x80023828] -> 0x0613
mem[X,0x8002382A] -> 0x0000
[3266] [M]: 0x80023828 (0x00000613) addi a2, zero, 0
x12 <- 0x00000000


mem[X,0x8002382C] -> 0x006F
mem[X,0x8002382E] -> 0x00C0
[3267] [M]: 0x8002382C (0x00C0006F) jal zero, 12


mem[X,0x80023838] -> 0x5663
mem[X,0x8002383A] -> 0x00B5
[3268] [M]: 0x80023838 (0x00B55663) bge a0, a1, 12


mem[X,0x8002383C] -> 0x0613
mem[X,0x8002383E] -> 0x0026
[3269] [M]: 0x8002383C (0x00260613) addi a2, a2, 2
x12 <- 0x00000002


mem[X,0x80023840] -> 0x006F
mem[X,0x80023842] -> 0x00C0
[3270] [M]: 0x80023840 (0x00C0006F) jal zero, 12


mem[X,0x8002384C] -> 0x2A23
mem[X,0x8002384E] -> 0x50C2
[3271] [M]: 0x8002384C (0x50C22A23) sw a2, 1300(tp)
mem[0x8003B67C] <- 0x00000002


mem[X,0x80023850] -> 0x0513
mem[X,0x80023852] -> 0x0060
[3272] [M]: 0x80023850 (0x00600513) addi a0, zero, 6
x10 <- 0x00000006


mem[X,0x80023854] -> 0x0593
mem[X,0x80023856] -> 0x0000
[3273] [M]: 0x80023854 (0x00000593) addi a1, zero, 0
x11 <- 0x00000000


mem[X,0x80023858] -> 0x0613
mem[X,0x8002385A] -> 0x0000
[3274] [M]: 0x80023858 (0x00000613) addi a2, zero, 0
x12 <- 0x00000000


mem[X,0x8002385C] -> 0x006F
mem[X,0x8002385E] -> 0x00C0
[3275] [M]: 0x8002385C (0x00C0006F) jal zero, 12


mem[X,0x80023868] -> 0x5CE3
mem[X,0x8002386A] -> 0xFEB5
[3276] [M]: 0x80023868 (0xFEB55CE3) bge a0, a1, 8184


mem[X,0x80023860] -> 0x0613
mem[X,0x80023862] -> 0x0016
[3277] [M]: 0x80023860 (0x00160613) addi a2, a2, 1
x12 <- 0x00000001


mem[X,0x80023864] -> 0x006F
mem[X,0x80023866] -> 0x0180
[3278] [M]: 0x80023864 (0x0180006F) jal zero, 24


mem[X,0x8002387C] -> 0x2C23
mem[X,0x8002387E] -> 0x50C2
[3279] [M]: 0x8002387C (0x50C22C23) sw a2, 1304(tp)
mem[0x8003B680] <- 0x00000001


mem[X,0x80023880] -> 0x0513
mem[X,0x80023882] -> 0x0060
[3280] [M]: 0x80023880 (0x00600513) addi a0, zero, 6
x10 <- 0x00000006


mem[X,0x80023884] -> 0x0593
mem[X,0x80023886] -> 0x0040
[3281] [M]: 0x80023884 (0x00400593) addi a1, zero, 4
x11 <- 0x00000004


mem[X,0x80023888] -> 0x0613
mem[X,0x8002388A] -> 0x0000
[3282] [M]: 0x80023888 (0x00000613) addi a2, zero, 0
x12 <- 0x00000000


mem[X,0x8002388C] -> 0x006F
mem[X,0x8002388E] -> 0x00C0
[3283] [M]: 0x8002388C (0x00C0006F) jal zero, 12


mem[X,0x80023898] -> 0x5663
mem[X,0x8002389A] -> 0x00B5
[3284] [M]: 0x80023898 (0x00B55663) bge a0, a1, 12


mem[X,0x800238A4] -> 0x0613
mem[X,0x800238A6] -> 0x0036
[3285] [M]: 0x800238A4 (0x00360613) addi a2, a2, 3
x12 <- 0x00000003


mem[X,0x800238A8] -> 0x006F
mem[X,0x800238AA] -> 0x0040
[3286] [M]: 0x800238A8 (0x0040006F) jal zero, 4


mem[X,0x800238AC] -> 0x2E23
mem[X,0x800238AE] -> 0x50C2
[3287] [M]: 0x800238AC (0x50C22E23) sw a2, 1308(tp)
mem[0x8003B684] <- 0x00000003


mem[X,0x800238B0] -> 0x0513
mem[X,0x800238B2] -> 0x0060
[3288] [M]: 0x800238B0 (0x00600513) addi a0, zero, 6
x10 <- 0x00000006


mem[X,0x800238B4] -> 0x35B7
mem[X,0x800238B6] -> 0x3333
[3289] [M]: 0x800238B4 (0x333335B7) lui a1, 209715
x11 <- 0x33333000


mem[X,0x800238B8] -> 0x8593
mem[X,0x800238BA] -> 0x3325
[3290] [M]: 0x800238B8 (0x33258593) addi a1, a1, 818
x11 <- 0x33333332


mem[X,0x800238BC] -> 0x0613
mem[X,0x800238BE] -> 0x0000
[3291] [M]: 0x800238BC (0x00000613) addi a2, zero, 0
x12 <- 0x00000000


mem[X,0x800238C0] -> 0x006F
mem[X,0x800238C2] -> 0x00C0
[3292] [M]: 0x800238C0 (0x00C0006F) jal zero, 12


mem[X,0x800238CC] -> 0x5663
mem[X,0x800238CE] -> 0x00B5
[3293] [M]: 0x800238CC (0x00B55663) bge a0, a1, 12


mem[X,0x800238D0] -> 0x0613
mem[X,0x800238D2] -> 0x0026
[3294] [M]: 0x800238D0 (0x00260613) addi a2, a2, 2
x12 <- 0x00000002


mem[X,0x800238D4] -> 0x006F
mem[X,0x800238D6] -> 0x00C0
[3295] [M]: 0x800238D4 (0x00C0006F) jal zero, 12


mem[X,0x800238E0] -> 0x2023
mem[X,0x800238E2] -> 0x52C2
[3296] [M]: 0x800238E0 (0x52C22023) sw a2, 1312(tp)
mem[0x8003B688] <- 0x00000002


mem[X,0x800238E4] -> 0x0513
mem[X,0x800238E6] -> 0x0060
[3297] [M]: 0x800238E4 (0x00600513) addi a0, zero, 6
x10 <- 0x00000006


mem[X,0x800238E8] -> 0x65B7
mem[X,0x800238EA] -> 0x6666
[3298] [M]: 0x800238E8 (0x666665B7) lui a1, 419430
x11 <- 0x66666000


mem[X,0x800238EC] -> 0x8593
mem[X,0x800238EE] -> 0x6655
[3299] [M]: 0x800238EC (0x66558593) addi a1, a1, 1637
x11 <- 0x66666665


clint::tick mtime <- 0x0000000000000021
 clint timer pending at mtime 0x0000000000000021
htif::tick 0x0000000000000000
mem[X,0x800238F0] -> 0x0613
mem[X,0x800238F2] -> 0x0000
[3300] [M]: 0x800238F0 (0x00000613) addi a2, zero, 0
x12 <- 0x00000000


mem[X,0x800238F4] -> 0x006F
mem[X,0x800238F6] -> 0x00C0
[3301] [M]: 0x800238F4 (0x00C0006F) jal zero, 12


mem[X,0x80023900] -> 0x5CE3
mem[X,0x80023902] -> 0xFEB5
[3302] [M]: 0x80023900 (0xFEB55CE3) bge a0, a1, 8184


mem[X,0x80023904] -> 0x0613
mem[X,0x80023906] -> 0x0026
[3303] [M]: 0x80023904 (0x00260613) addi a2, a2, 2
x12 <- 0x00000002


mem[X,0x80023908] -> 0x006F
mem[X,0x8002390A] -> 0x00C0
[3304] [M]: 0x80023908 (0x00C0006F) jal zero, 12


mem[X,0x80023914] -> 0x2223
mem[X,0x80023916] -> 0x52C2
[3305] [M]: 0x80023914 (0x52C22223) sw a2, 1316(tp)
mem[0x8003B68C] <- 0x00000002


mem[X,0x80023918] -> 0x0513
mem[X,0x8002391A] -> 0x0060
[3306] [M]: 0x80023918 (0x00600513) addi a0, zero, 6
x10 <- 0x00000006


mem[X,0x8002391C] -> 0xB5B7
mem[X,0x8002391E] -> 0x0000
[3307] [M]: 0x8002391C (0x0000B5B7) lui a1, 11
x11 <- 0x0000B000


mem[X,0x80023920] -> 0x8593
mem[X,0x80023922] -> 0x5035
[3308] [M]: 0x80023920 (0x50358593) addi a1, a1, 1283
x11 <- 0x0000B503


mem[X,0x80023924] -> 0x0613
mem[X,0x80023926] -> 0x0000
[3309] [M]: 0x80023924 (0x00000613) addi a2, zero, 0
x12 <- 0x00000000


mem[X,0x80023928] -> 0x006F
mem[X,0x8002392A] -> 0x00C0
[3310] [M]: 0x80023928 (0x00C0006F) jal zero, 12


mem[X,0x80023934] -> 0x5663
mem[X,0x80023936] -> 0x00B5
[3311] [M]: 0x80023934 (0x00B55663) bge a0, a1, 12


mem[X,0x80023938] -> 0x0613
mem[X,0x8002393A] -> 0x0026
[3312] [M]: 0x80023938 (0x00260613) addi a2, a2, 2
x12 <- 0x00000002


mem[X,0x8002393C] -> 0x006F
mem[X,0x8002393E] -> 0x00C0
[3313] [M]: 0x8002393C (0x00C0006F) jal zero, 12


mem[X,0x80023948] -> 0x2423
mem[X,0x8002394A] -> 0x52C2
[3314] [M]: 0x80023948 (0x52C22423) sw a2, 1320(tp)
mem[0x8003B690] <- 0x00000002


mem[X,0x8002394C] -> 0x0513
mem[X,0x8002394E] -> 0x0060
[3315] [M]: 0x8002394C (0x00600513) addi a0, zero, 6
x10 <- 0x00000006


mem[X,0x80023950] -> 0x55B7
mem[X,0x80023952] -> 0x5555
[3316] [M]: 0x80023950 (0x555555B7) lui a1, 349525
x11 <- 0x55555000


mem[X,0x80023954] -> 0x8593
mem[X,0x80023956] -> 0x5565
[3317] [M]: 0x80023954 (0x55658593) addi a1, a1, 1366
x11 <- 0x55555556


mem[X,0x80023958] -> 0x0613
mem[X,0x8002395A] -> 0x0000
[3318] [M]: 0x80023958 (0x00000613) addi a2, zero, 0
x12 <- 0x00000000


mem[X,0x8002395C] -> 0x006F
mem[X,0x8002395E] -> 0x00C0
[3319] [M]: 0x8002395C (0x00C0006F) jal zero, 12


mem[X,0x80023968] -> 0x5663
mem[X,0x8002396A] -> 0x00B5
[3320] [M]: 0x80023968 (0x00B55663) bge a0, a1, 12


mem[X,0x8002396C] -> 0x0613
mem[X,0x8002396E] -> 0x0026
[3321] [M]: 0x8002396C (0x00260613) addi a2, a2, 2
x12 <- 0x00000002


mem[X,0x80023970] -> 0x006F
mem[X,0x80023972] -> 0x00C0
[3322] [M]: 0x80023970 (0x00C0006F) jal zero, 12


mem[X,0x8002397C] -> 0x2623
mem[X,0x8002397E] -> 0x52C2
[3323] [M]: 0x8002397C (0x52C22623) sw a2, 1324(tp)
mem[0x8003B694] <- 0x00000002


mem[X,0x80023980] -> 0x0513
mem[X,0x80023982] -> 0x0060
[3324] [M]: 0x80023980 (0x00600513) addi a0, zero, 6
x10 <- 0x00000006


mem[X,0x80023984] -> 0xB5B7
mem[X,0x80023986] -> 0xAAAA
[3325] [M]: 0x80023984 (0xAAAAB5B7) lui a1, 699051
x11 <- 0xAAAAB000


mem[X,0x80023988] -> 0x8593
mem[X,0x8002398A] -> 0xAAB5
[3326] [M]: 0x80023988 (0xAAB58593) addi a1, a1, 2731
x11 <- 0xAAAAAAAB


mem[X,0x8002398C] -> 0x0613
mem[X,0x8002398E] -> 0x0000
[3327] [M]: 0x8002398C (0x00000613) addi a2, zero, 0
x12 <- 0x00000000


mem[X,0x80023990] -> 0x006F
mem[X,0x80023992] -> 0x00C0
[3328] [M]: 0x80023990 (0x00C0006F) jal zero, 12


mem[X,0x8002399C] -> 0x5CE3
mem[X,0x8002399E] -> 0xFEB5
[3329] [M]: 0x8002399C (0xFEB55CE3) bge a0, a1, 8184


mem[X,0x80023994] -> 0x0613
mem[X,0x80023996] -> 0x0016
[3330] [M]: 0x80023994 (0x00160613) addi a2, a2, 1
x12 <- 0x00000001


mem[X,0x80023998] -> 0x006F
mem[X,0x8002399A] -> 0x0180
[3331] [M]: 0x80023998 (0x0180006F) jal zero, 24


mem[X,0x800239B0] -> 0x2823
mem[X,0x800239B2] -> 0x52C2
[3332] [M]: 0x800239B0 (0x52C22823) sw a2, 1328(tp)
mem[0x8003B698] <- 0x00000001


mem[X,0x800239B4] -> 0x0513
mem[X,0x800239B6] -> 0x0060
[3333] [M]: 0x800239B4 (0x00600513) addi a0, zero, 6
x10 <- 0x00000006


mem[X,0x800239B8] -> 0x0593
mem[X,0x800239BA] -> 0x0060
[3334] [M]: 0x800239B8 (0x00600593) addi a1, zero, 6
x11 <- 0x00000006


mem[X,0x800239BC] -> 0x0613
mem[X,0x800239BE] -> 0x0000
[3335] [M]: 0x800239BC (0x00000613) addi a2, zero, 0
x12 <- 0x00000000


mem[X,0x800239C0] -> 0x006F
mem[X,0x800239C2] -> 0x00C0
[3336] [M]: 0x800239C0 (0x00C0006F) jal zero, 12


mem[X,0x800239CC] -> 0x5063
mem[X,0x800239CE] -> 0x40B5
[3337] [M]: 0x800239CC (0x40B55063) bge a0, a1, 1024


mem[X,0x80023DCC] -> 0x0613
mem[X,0x80023DCE] -> 0x0036
[3338] [M]: 0x80023DCC (0x00360613) addi a2, a2, 3
x12 <- 0x00000003


mem[X,0x80023DD0] -> 0x006F
mem[X,0x80023DD2] -> 0x0040
[3339] [M]: 0x80023DD0 (0x0040006F) jal zero, 4


mem[X,0x80023DD4] -> 0x2A23
mem[X,0x80023DD6] -> 0x52C2
[3340] [M]: 0x80023DD4 (0x52C22A23) sw a2, 1332(tp)
mem[0x8003B69C] <- 0x00000003


mem[X,0x80023DD8] -> 0x0513
mem[X,0x80023DDA] -> 0x0060
[3341] [M]: 0x80023DD8 (0x00600513) addi a0, zero, 6
x10 <- 0x00000006


mem[X,0x80023DDC] -> 0x35B7
mem[X,0x80023DDE] -> 0x3333
[3342] [M]: 0x80023DDC (0x333335B7) lui a1, 209715
x11 <- 0x33333000


mem[X,0x80023DE0] -> 0x8593
mem[X,0x80023DE2] -> 0x3345
[3343] [M]: 0x80023DE0 (0x33458593) addi a1, a1, 820
x11 <- 0x33333334


mem[X,0x80023DE4] -> 0x0613
mem[X,0x80023DE6] -> 0x0000
[3344] [M]: 0x80023DE4 (0x00000613) addi a2, zero, 0
x12 <- 0x00000000


mem[X,0x80023DE8] -> 0x006F
mem[X,0x80023DEA] -> 0x0180
[3345] [M]: 0x80023DE8 (0x0180006F) jal zero, 24


mem[X,0x80023E00] -> 0x56E3
mem[X,0x80023E02] -> 0xFEB5
[3346] [M]: 0x80023E00 (0xFEB556E3) bge a0, a1, 8172


mem[X,0x80023E04] -> 0x0613
mem[X,0x80023E06] -> 0x0026
[3347] [M]: 0x80023E04 (0x00260613) addi a2, a2, 2
x12 <- 0x00000002


mem[X,0x80023E08] -> 0x006F
mem[X,0x80023E0A] -> 0x00C0
[3348] [M]: 0x80023E08 (0x00C0006F) jal zero, 12


mem[X,0x80023E14] -> 0x2C23
mem[X,0x80023E16] -> 0x52C2
[3349] [M]: 0x80023E14 (0x52C22C23) sw a2, 1336(tp)
mem[0x8003B6A0] <- 0x00000002


mem[X,0x80023E18] -> 0x0513
mem[X,0x80023E1A] -> 0x0060
[3350] [M]: 0x80023E18 (0x00600513) addi a0, zero, 6
x10 <- 0x00000006


mem[X,0x80023E1C] -> 0x65B7
mem[X,0x80023E1E] -> 0x6666
[3351] [M]: 0x80023E1C (0x666665B7) lui a1, 419430
x11 <- 0x66666000


mem[X,0x80023E20] -> 0x8593
mem[X,0x80023E22] -> 0x6675
[3352] [M]: 0x80023E20 (0x66758593) addi a1, a1, 1639
x11 <- 0x66666667


mem[X,0x80023E24] -> 0x0613
mem[X,0x80023E26] -> 0x0000
[3353] [M]: 0x80023E24 (0x00000613) addi a2, zero, 0
x12 <- 0x00000000


mem[X,0x80023E28] -> 0x006F
mem[X,0x80023E2A] -> 0x2B10
[3354] [M]: 0x80023E28 (0x2B10006F) jal zero, 2736


mem[X,0x800248D8] -> 0x5A63
mem[X,0x800248DA] -> 0xD4B5
[3355] [M]: 0x800248D8 (0xD4B55A63) bge a0, a1, 5460


mem[X,0x800248DC] -> 0x0613
mem[X,0x800248DE] -> 0x0026
[3356] [M]: 0x800248DC (0x00260613) addi a2, a2, 2
x12 <- 0x00000002


mem[X,0x800248E0] -> 0x006F
mem[X,0x800248E2] -> 0x00C0
[3357] [M]: 0x800248E0 (0x00C0006F) jal zero, 12


mem[X,0x800248EC] -> 0x2E23
mem[X,0x800248EE] -> 0x52C2
[3358] [M]: 0x800248EC (0x52C22E23) sw a2, 1340(tp)
mem[0x8003B6A4] <- 0x00000002


mem[X,0x800248F0] -> 0x0513
mem[X,0x800248F2] -> 0x0060
[3359] [M]: 0x800248F0 (0x00600513) addi a0, zero, 6
x10 <- 0x00000006


mem[X,0x800248F4] -> 0x55B7
mem[X,0x800248F6] -> 0xFFFF
[3360] [M]: 0x800248F4 (0xFFFF55B7) lui a1, 1048565
x11 <- 0xFFFF5000


mem[X,0x800248F8] -> 0x8593
mem[X,0x800248FA] -> 0xAFD5
[3361] [M]: 0x800248F8 (0xAFD58593) addi a1, a1, 2813
x11 <- 0xFFFF4AFD


mem[X,0x800248FC] -> 0x0613
mem[X,0x800248FE] -> 0x0000
[3362] [M]: 0x800248FC (0x00000613) addi a2, zero, 0
x12 <- 0x00000000


mem[X,0x80024900] -> 0x006F
mem[X,0x80024902] -> 0x00C0
[3363] [M]: 0x80024900 (0x00C0006F) jal zero, 12


mem[X,0x8002490C] -> 0x5CE3
mem[X,0x8002490E] -> 0xFEB5
[3364] [M]: 0x8002490C (0xFEB55CE3) bge a0, a1, 8184


mem[X,0x80024904] -> 0x0613
mem[X,0x80024906] -> 0x0016
[3365] [M]: 0x80024904 (0x00160613) addi a2, a2, 1
x12 <- 0x00000001


mem[X,0x80024908] -> 0x006F
mem[X,0x8002490A] -> 0x0180
[3366] [M]: 0x80024908 (0x0180006F) jal zero, 24


mem[X,0x80024920] -> 0x2023
mem[X,0x80024922] -> 0x54C2
[3367] [M]: 0x80024920 (0x54C22023) sw a2, 1344(tp)
mem[0x8003B6A8] <- 0x00000001


mem[X,0x80024924] -> 0x0513
mem[X,0x80024926] -> 0x0060
[3368] [M]: 0x80024924 (0x00600513) addi a0, zero, 6
x10 <- 0x00000006


mem[X,0x80024928] -> 0xB5B7
mem[X,0x8002492A] -> 0x0000
[3369] [M]: 0x80024928 (0x0000B5B7) lui a1, 11
x11 <- 0x0000B000


mem[X,0x8002492C] -> 0x8593
mem[X,0x8002492E] -> 0x5055
[3370] [M]: 0x8002492C (0x50558593) addi a1, a1, 1285
x11 <- 0x0000B505


mem[X,0x80024930] -> 0x0613
mem[X,0x80024932] -> 0x0000
[3371] [M]: 0x80024930 (0x00000613) addi a2, zero, 0
x12 <- 0x00000000


mem[X,0x80024934] -> 0x006F
mem[X,0x80024936] -> 0x00C0
[3372] [M]: 0x80024934 (0x00C0006F) jal zero, 12


mem[X,0x80024940] -> 0x5063
mem[X,0x80024942] -> 0x08B5
[3373] [M]: 0x80024940 (0x08B55063) bge a0, a1, 128


mem[X,0x80024944] -> 0x0613
mem[X,0x80024946] -> 0x0026
[3374] [M]: 0x80024944 (0x00260613) addi a2, a2, 2
x12 <- 0x00000002


mem[X,0x80024948] -> 0x006F
mem[X,0x8002494A] -> 0x0800
[3375] [M]: 0x80024948 (0x0800006F) jal zero, 128


mem[X,0x800249C8] -> 0x2223
mem[X,0x800249CA] -> 0x54C2
[3376] [M]: 0x800249C8 (0x54C22223) sw a2, 1348(tp)
mem[0x8003B6AC] <- 0x00000002


mem[X,0x800249CC] -> 0x3537
mem[X,0x800249CE] -> 0x3333
[3377] [M]: 0x800249CC (0x33333537) lui a0, 209715
x10 <- 0x33333000


mem[X,0x800249D0] -> 0x0513
mem[X,0x800249D2] -> 0x3345
[3378] [M]: 0x800249D0 (0x33450513) addi a0, a0, 820
x10 <- 0x33333334


mem[X,0x800249D4] -> 0x0593
mem[X,0x800249D6] -> 0x0030
[3379] [M]: 0x800249D4 (0x00300593) addi a1, zero, 3
x11 <- 0x00000003


mem[X,0x800249D8] -> 0x0613
mem[X,0x800249DA] -> 0x0000
[3380] [M]: 0x800249D8 (0x00000613) addi a2, zero, 0
x12 <- 0x00000000


mem[X,0x800249DC] -> 0x006F
mem[X,0x800249DE] -> 0x00C0
[3381] [M]: 0x800249DC (0x00C0006F) jal zero, 12


mem[X,0x800249E8] -> 0x5063
mem[X,0x800249EA] -> 0x10B5
[3382] [M]: 0x800249E8 (0x10B55063) bge a0, a1, 256


mem[X,0x80024AE8] -> 0x0613
mem[X,0x80024AEA] -> 0x0036
[3383] [M]: 0x80024AE8 (0x00360613) addi a2, a2, 3
x12 <- 0x00000003


mem[X,0x80024AEC] -> 0x006F
mem[X,0x80024AEE] -> 0x0040
[3384] [M]: 0x80024AEC (0x0040006F) jal zero, 4


mem[X,0x80024AF0] -> 0x2423
mem[X,0x80024AF2] -> 0x54C2
[3385] [M]: 0x80024AF0 (0x54C22423) sw a2, 1352(tp)
mem[0x8003B6B0] <- 0x00000003


mem[X,0x80024AF4] -> 0x3537
mem[X,0x80024AF6] -> 0x3333
[3386] [M]: 0x80024AF4 (0x33333537) lui a0, 209715
x10 <- 0x33333000


mem[X,0x80024AF8] -> 0x0513
mem[X,0x80024AFA] -> 0x3345
[3387] [M]: 0x80024AF8 (0x33450513) addi a0, a0, 820
x10 <- 0x33333334


mem[X,0x80024AFC] -> 0x55B7
mem[X,0x80024AFE] -> 0x5555
[3388] [M]: 0x80024AFC (0x555555B7) lui a1, 349525
x11 <- 0x55555000


mem[X,0x80024B00] -> 0x8593
mem[X,0x80024B02] -> 0x5555
[3389] [M]: 0x80024B00 (0x55558593) addi a1, a1, 1365
x11 <- 0x55555555


mem[X,0x80024B04] -> 0x0613
mem[X,0x80024B06] -> 0x0000
[3390] [M]: 0x80024B04 (0x00000613) addi a2, zero, 0
x12 <- 0x00000000


mem[X,0x80024B08] -> 0x006F
mem[X,0x80024B0A] -> 0x00C0
[3391] [M]: 0x80024B08 (0x00C0006F) jal zero, 12


mem[X,0x80024B14] -> 0x5663
mem[X,0x80024B16] -> 0x00B5
[3392] [M]: 0x80024B14 (0x00B55663) bge a0, a1, 12


mem[X,0x80024B18] -> 0x0613
mem[X,0x80024B1A] -> 0x0026
[3393] [M]: 0x80024B18 (0x00260613) addi a2, a2, 2
x12 <- 0x00000002


mem[X,0x80024B1C] -> 0x006F
mem[X,0x80024B1E] -> 0x00C0
[3394] [M]: 0x80024B1C (0x00C0006F) jal zero, 12


mem[X,0x80024B28] -> 0x2623
mem[X,0x80024B2A] -> 0x54C2
[3395] [M]: 0x80024B28 (0x54C22623) sw a2, 1356(tp)
mem[0x8003B6B4] <- 0x00000002


mem[X,0x80024B2C] -> 0x3537
mem[X,0x80024B2E] -> 0x3333
[3396] [M]: 0x80024B2C (0x33333537) lui a0, 209715
x10 <- 0x33333000


mem[X,0x80024B30] -> 0x0513
mem[X,0x80024B32] -> 0x3345
[3397] [M]: 0x80024B30 (0x33450513) addi a0, a0, 820
x10 <- 0x33333334


mem[X,0x80024B34] -> 0xB5B7
mem[X,0x80024B36] -> 0xAAAA
[3398] [M]: 0x80024B34 (0xAAAAB5B7) lui a1, 699051
x11 <- 0xAAAAB000


mem[X,0x80024B38] -> 0x8593
mem[X,0x80024B3A] -> 0xAAA5
[3399] [M]: 0x80024B38 (0xAAA58593) addi a1, a1, 2730
x11 <- 0xAAAAAAAA


clint::tick mtime <- 0x0000000000000022
 clint timer pending at mtime 0x0000000000000022
htif::tick 0x0000000000000000
mem[X,0x80024B3C] -> 0x0613
mem[X,0x80024B3E] -> 0x0000
[3400] [M]: 0x80024B3C (0x00000613) addi a2, zero, 0
x12 <- 0x00000000


mem[X,0x80024B40] -> 0x006F
mem[X,0x80024B42] -> 0x00C0
[3401] [M]: 0x80024B40 (0x00C0006F) jal zero, 12


mem[X,0x80024B4C] -> 0x5CE3
mem[X,0x80024B4E] -> 0xFEB5
[3402] [M]: 0x80024B4C (0xFEB55CE3) bge a0, a1, 8184


mem[X,0x80024B44] -> 0x0613
mem[X,0x80024B46] -> 0x0016
[3403] [M]: 0x80024B44 (0x00160613) addi a2, a2, 1
x12 <- 0x00000001


mem[X,0x80024B48] -> 0x006F
mem[X,0x80024B4A] -> 0x0180
[3404] [M]: 0x80024B48 (0x0180006F) jal zero, 24


mem[X,0x80024B60] -> 0x2823
mem[X,0x80024B62] -> 0x54C2
[3405] [M]: 0x80024B60 (0x54C22823) sw a2, 1360(tp)
mem[0x8003B6B8] <- 0x00000001


mem[X,0x80024B64] -> 0x3537
mem[X,0x80024B66] -> 0x3333
[3406] [M]: 0x80024B64 (0x33333537) lui a0, 209715
x10 <- 0x33333000


mem[X,0x80024B68] -> 0x0513
mem[X,0x80024B6A] -> 0x3345
[3407] [M]: 0x80024B68 (0x33450513) addi a0, a0, 820
x10 <- 0x33333334


mem[X,0x80024B6C] -> 0x0593
mem[X,0x80024B6E] -> 0x0050
[3408] [M]: 0x80024B6C (0x00500593) addi a1, zero, 5
x11 <- 0x00000005


mem[X,0x80024B70] -> 0x0613
mem[X,0x80024B72] -> 0x0000
[3409] [M]: 0x80024B70 (0x00000613) addi a2, zero, 0
x12 <- 0x00000000


mem[X,0x80024B74] -> 0x006F
mem[X,0x80024B76] -> 0x00C0
[3410] [M]: 0x80024B74 (0x00C0006F) jal zero, 12


mem[X,0x80024B80] -> 0x5063
mem[X,0x80024B82] -> 0x20B5
[3411] [M]: 0x80024B80 (0x20B55063) bge a0, a1, 512


mem[X,0x80024D80] -> 0x0613
mem[X,0x80024D82] -> 0x0036
[3412] [M]: 0x80024D80 (0x00360613) addi a2, a2, 3
x12 <- 0x00000003


mem[X,0x80024D84] -> 0x006F
mem[X,0x80024D86] -> 0x0040
[3413] [M]: 0x80024D84 (0x0040006F) jal zero, 4


mem[X,0x80024D88] -> 0x2A23
mem[X,0x80024D8A] -> 0x54C2
[3414] [M]: 0x80024D88 (0x54C22A23) sw a2, 1364(tp)
mem[0x8003B6BC] <- 0x00000003


mem[X,0x80024D8C] -> 0x3537
mem[X,0x80024D8E] -> 0x3333
[3415] [M]: 0x80024D8C (0x33333537) lui a0, 209715
x10 <- 0x33333000


mem[X,0x80024D90] -> 0x0513
mem[X,0x80024D92] -> 0x3345
[3416] [M]: 0x80024D90 (0x33450513) addi a0, a0, 820
x10 <- 0x33333334


mem[X,0x80024D94] -> 0x35B7
mem[X,0x80024D96] -> 0x3333
[3417] [M]: 0x80024D94 (0x333335B7) lui a1, 209715
x11 <- 0x33333000


mem[X,0x80024D98] -> 0x8593
mem[X,0x80024D9A] -> 0x3335
[3418] [M]: 0x80024D98 (0x33358593) addi a1, a1, 819
x11 <- 0x33333333


mem[X,0x80024D9C] -> 0x0613
mem[X,0x80024D9E] -> 0x0000
[3419] [M]: 0x80024D9C (0x00000613) addi a2, zero, 0
x12 <- 0x00000000


mem[X,0x80024DA0] -> 0x006F
mem[X,0x80024DA2] -> 0x00C0
[3420] [M]: 0x80024DA0 (0x00C0006F) jal zero, 12


mem[X,0x80024DAC] -> 0x5663
mem[X,0x80024DAE] -> 0x00B5
[3421] [M]: 0x80024DAC (0x00B55663) bge a0, a1, 12


mem[X,0x80024DB8] -> 0x0613
mem[X,0x80024DBA] -> 0x0036
[3422] [M]: 0x80024DB8 (0x00360613) addi a2, a2, 3
x12 <- 0x00000003


mem[X,0x80024DBC] -> 0x006F
mem[X,0x80024DBE] -> 0x0040
[3423] [M]: 0x80024DBC (0x0040006F) jal zero, 4


mem[X,0x80024DC0] -> 0x2C23
mem[X,0x80024DC2] -> 0x54C2
[3424] [M]: 0x80024DC0 (0x54C22C23) sw a2, 1368(tp)
mem[0x8003B6C0] <- 0x00000003


mem[X,0x80024DC4] -> 0x3537
mem[X,0x80024DC6] -> 0x3333
[3425] [M]: 0x80024DC4 (0x33333537) lui a0, 209715
x10 <- 0x33333000


mem[X,0x80024DC8] -> 0x0513
mem[X,0x80024DCA] -> 0x3345
[3426] [M]: 0x80024DC8 (0x33450513) addi a0, a0, 820
x10 <- 0x33333334


mem[X,0x80024DCC] -> 0x65B7
mem[X,0x80024DCE] -> 0x6666
[3427] [M]: 0x80024DCC (0x666665B7) lui a1, 419430
x11 <- 0x66666000


mem[X,0x80024DD0] -> 0x8593
mem[X,0x80024DD2] -> 0x6665
[3428] [M]: 0x80024DD0 (0x66658593) addi a1, a1, 1638
x11 <- 0x66666666


mem[X,0x80024DD4] -> 0x0613
mem[X,0x80024DD6] -> 0x0000
[3429] [M]: 0x80024DD4 (0x00000613) addi a2, zero, 0
x12 <- 0x00000000


mem[X,0x80024DD8] -> 0x006F
mem[X,0x80024DDA] -> 0x00C0
[3430] [M]: 0x80024DD8 (0x00C0006F) jal zero, 12


mem[X,0x80024DE4] -> 0x5063
mem[X,0x80024DE6] -> 0x08B5
[3431] [M]: 0x80024DE4 (0x08B55063) bge a0, a1, 128


mem[X,0x80024DE8] -> 0x0613
mem[X,0x80024DEA] -> 0x0026
[3432] [M]: 0x80024DE8 (0x00260613) addi a2, a2, 2
x12 <- 0x00000002


mem[X,0x80024DEC] -> 0x006F
mem[X,0x80024DEE] -> 0x0800
[3433] [M]: 0x80024DEC (0x0800006F) jal zero, 128


mem[X,0x80024E6C] -> 0x2E23
mem[X,0x80024E6E] -> 0x54C2
[3434] [M]: 0x80024E6C (0x54C22E23) sw a2, 1372(tp)
mem[0x8003B6C4] <- 0x00000002


mem[X,0x80024E70] -> 0x3537
mem[X,0x80024E72] -> 0x3333
[3435] [M]: 0x80024E70 (0x33333537) lui a0, 209715
x10 <- 0x33333000


mem[X,0x80024E74] -> 0x0513
mem[X,0x80024E76] -> 0x3345
[3436] [M]: 0x80024E74 (0x33450513) addi a0, a0, 820
x10 <- 0x33333334


mem[X,0x80024E78] -> 0x55B7
mem[X,0x80024E7A] -> 0xFFFF
[3437] [M]: 0x80024E78 (0xFFFF55B7) lui a1, 1048565
x11 <- 0xFFFF5000


mem[X,0x80024E7C] -> 0x8593
mem[X,0x80024E7E] -> 0xAFC5
[3438] [M]: 0x80024E7C (0xAFC58593) addi a1, a1, 2812
x11 <- 0xFFFF4AFC


mem[X,0x80024E80] -> 0x0613
mem[X,0x80024E82] -> 0x0000
[3439] [M]: 0x80024E80 (0x00000613) addi a2, zero, 0
x12 <- 0x00000000


mem[X,0x80024E84] -> 0x006F
mem[X,0x80024E86] -> 0x00C0
[3440] [M]: 0x80024E84 (0x00C0006F) jal zero, 12


mem[X,0x80024E90] -> 0x5063
mem[X,0x80024E92] -> 0x40B5
[3441] [M]: 0x80024E90 (0x40B55063) bge a0, a1, 1024


mem[X,0x80025290] -> 0x0613
mem[X,0x80025292] -> 0x0036
[3442] [M]: 0x80025290 (0x00360613) addi a2, a2, 3
x12 <- 0x00000003


mem[X,0x80025294] -> 0x006F
mem[X,0x80025296] -> 0x0040
[3443] [M]: 0x80025294 (0x0040006F) jal zero, 4


mem[X,0x80025298] -> 0x2023
mem[X,0x8002529A] -> 0x56C2
[3444] [M]: 0x80025298 (0x56C22023) sw a2, 1376(tp)
mem[0x8003B6C8] <- 0x00000003


mem[X,0x8002529C] -> 0x3537
mem[X,0x8002529E] -> 0x3333
[3445] [M]: 0x8002529C (0x33333537) lui a0, 209715
x10 <- 0x33333000


mem[X,0x800252A0] -> 0x0513
mem[X,0x800252A2] -> 0x3345
[3446] [M]: 0x800252A0 (0x33450513) addi a0, a0, 820
x10 <- 0x33333334


mem[X,0x800252A4] -> 0xB5B7
mem[X,0x800252A6] -> 0x0000
[3447] [M]: 0x800252A4 (0x0000B5B7) lui a1, 11
x11 <- 0x0000B000


mem[X,0x800252A8] -> 0x8593
mem[X,0x800252AA] -> 0x5045
[3448] [M]: 0x800252A8 (0x50458593) addi a1, a1, 1284
x11 <- 0x0000B504


mem[X,0x800252AC] -> 0x0613
mem[X,0x800252AE] -> 0x0000
[3449] [M]: 0x800252AC (0x00000613) addi a2, zero, 0
x12 <- 0x00000000


mem[X,0x800252B0] -> 0x006F
mem[X,0x800252B2] -> 0x00C0
[3450] [M]: 0x800252B0 (0x00C0006F) jal zero, 12


mem[X,0x800252BC] -> 0x5CE3
mem[X,0x800252BE] -> 0xFEB5
[3451] [M]: 0x800252BC (0xFEB55CE3) bge a0, a1, 8184


mem[X,0x800252B4] -> 0x0613
mem[X,0x800252B6] -> 0x0016
[3452] [M]: 0x800252B4 (0x00160613) addi a2, a2, 1
x12 <- 0x00000001


mem[X,0x800252B8] -> 0x006F
mem[X,0x800252BA] -> 0x0180
[3453] [M]: 0x800252B8 (0x0180006F) jal zero, 24


mem[X,0x800252D0] -> 0x2223
mem[X,0x800252D2] -> 0x56C2
[3454] [M]: 0x800252D0 (0x56C22223) sw a2, 1380(tp)
mem[0x8003B6CC] <- 0x00000001


mem[X,0x800252D4] -> 0x3537
mem[X,0x800252D6] -> 0x3333
[3455] [M]: 0x800252D4 (0x33333537) lui a0, 209715
x10 <- 0x33333000


mem[X,0x800252D8] -> 0x0513
mem[X,0x800252DA] -> 0x3345
[3456] [M]: 0x800252D8 (0x33450513) addi a0, a0, 820
x10 <- 0x33333334


mem[X,0x800252DC] -> 0x0593
mem[X,0x800252DE] -> 0x0020
[3457] [M]: 0x800252DC (0x00200593) addi a1, zero, 2
x11 <- 0x00000002


mem[X,0x800252E0] -> 0x0613
mem[X,0x800252E2] -> 0x0000
[3458] [M]: 0x800252E0 (0x00000613) addi a2, zero, 0
x12 <- 0x00000000


mem[X,0x800252E4] -> 0x006F
mem[X,0x800252E6] -> 0x00C0
[3459] [M]: 0x800252E4 (0x00C0006F) jal zero, 12


mem[X,0x800252F0] -> 0x5063
mem[X,0x800252F2] -> 0x40B5
[3460] [M]: 0x800252F0 (0x40B55063) bge a0, a1, 1024


mem[X,0x800256F0] -> 0x0613
mem[X,0x800256F2] -> 0x0036
[3461] [M]: 0x800256F0 (0x00360613) addi a2, a2, 3
x12 <- 0x00000003


mem[X,0x800256F4] -> 0x006F
mem[X,0x800256F6] -> 0x0040
[3462] [M]: 0x800256F4 (0x0040006F) jal zero, 4


mem[X,0x800256F8] -> 0x2423
mem[X,0x800256FA] -> 0x56C2
[3463] [M]: 0x800256F8 (0x56C22423) sw a2, 1384(tp)
mem[0x8003B6D0] <- 0x00000003


mem[X,0x800256FC] -> 0x3537
mem[X,0x800256FE] -> 0x3333
[3464] [M]: 0x800256FC (0x33333537) lui a0, 209715
x10 <- 0x33333000


mem[X,0x80025700] -> 0x0513
mem[X,0x80025702] -> 0x3345
[3465] [M]: 0x80025700 (0x33450513) addi a0, a0, 820
x10 <- 0x33333334


mem[X,0x80025704] -> 0x55B7
mem[X,0x80025706] -> 0x5555
[3466] [M]: 0x80025704 (0x555555B7) lui a1, 349525
x11 <- 0x55555000


mem[X,0x80025708] -> 0x8593
mem[X,0x8002570A] -> 0x5545
[3467] [M]: 0x80025708 (0x55458593) addi a1, a1, 1364
x11 <- 0x55555554


mem[X,0x8002570C] -> 0x0613
mem[X,0x8002570E] -> 0x0000
[3468] [M]: 0x8002570C (0x00000613) addi a2, zero, 0
x12 <- 0x00000000


mem[X,0x80025710] -> 0x006F
mem[X,0x80025712] -> 0x00C0
[3469] [M]: 0x80025710 (0x00C0006F) jal zero, 12


mem[X,0x8002571C] -> 0x5063
mem[X,0x8002571E] -> 0x02B5
[3470] [M]: 0x8002571C (0x02B55063) bge a0, a1, 32


mem[X,0x80025720] -> 0x0613
mem[X,0x80025722] -> 0x0026
[3471] [M]: 0x80025720 (0x00260613) addi a2, a2, 2
x12 <- 0x00000002


mem[X,0x80025724] -> 0x006F
mem[X,0x80025726] -> 0x0200
[3472] [M]: 0x80025724 (0x0200006F) jal zero, 32


mem[X,0x80025744] -> 0x2623
mem[X,0x80025746] -> 0x56C2
[3473] [M]: 0x80025744 (0x56C22623) sw a2, 1388(tp)
mem[0x8003B6D4] <- 0x00000002


mem[X,0x80025748] -> 0x3537
mem[X,0x8002574A] -> 0x3333
[3474] [M]: 0x80025748 (0x33333537) lui a0, 209715
x10 <- 0x33333000


mem[X,0x8002574C] -> 0x0513
mem[X,0x8002574E] -> 0x3345
[3475] [M]: 0x8002574C (0x33450513) addi a0, a0, 820
x10 <- 0x33333334


mem[X,0x80025750] -> 0x0593
mem[X,0x80025752] -> 0x0000
[3476] [M]: 0x80025750 (0x00000593) addi a1, zero, 0
x11 <- 0x00000000


mem[X,0x80025754] -> 0x0613
mem[X,0x80025756] -> 0x0000
[3477] [M]: 0x80025754 (0x00000613) addi a2, zero, 0
x12 <- 0x00000000


mem[X,0x80025758] -> 0x006F
mem[X,0x8002575A] -> 0x00C0
[3478] [M]: 0x80025758 (0x00C0006F) jal zero, 12


mem[X,0x80025764] -> 0x5063
mem[X,0x80025766] -> 0x10B5
[3479] [M]: 0x80025764 (0x10B55063) bge a0, a1, 256


mem[X,0x80025864] -> 0x0613
mem[X,0x80025866] -> 0x0036
[3480] [M]: 0x80025864 (0x00360613) addi a2, a2, 3
x12 <- 0x00000003


mem[X,0x80025868] -> 0x006F
mem[X,0x8002586A] -> 0x0040
[3481] [M]: 0x80025868 (0x0040006F) jal zero, 4


mem[X,0x8002586C] -> 0x2823
mem[X,0x8002586E] -> 0x56C2
[3482] [M]: 0x8002586C (0x56C22823) sw a2, 1392(tp)
mem[0x8003B6D8] <- 0x00000003


mem[X,0x80025870] -> 0x3537
mem[X,0x80025872] -> 0x3333
[3483] [M]: 0x80025870 (0x33333537) lui a0, 209715
x10 <- 0x33333000


mem[X,0x80025874] -> 0x0513
mem[X,0x80025876] -> 0x3345
[3484] [M]: 0x80025874 (0x33450513) addi a0, a0, 820
x10 <- 0x33333334


mem[X,0x80025878] -> 0x0593
mem[X,0x8002587A] -> 0x0040
[3485] [M]: 0x80025878 (0x00400593) addi a1, zero, 4
x11 <- 0x00000004


mem[X,0x8002587C] -> 0x0613
mem[X,0x8002587E] -> 0x0000
[3486] [M]: 0x8002587C (0x00000613) addi a2, zero, 0
x12 <- 0x00000000


mem[X,0x80025880] -> 0x006F
mem[X,0x80025882] -> 0x00C0
[3487] [M]: 0x80025880 (0x00C0006F) jal zero, 12


mem[X,0x8002588C] -> 0x5663
mem[X,0x8002588E] -> 0x00B5
[3488] [M]: 0x8002588C (0x00B55663) bge a0, a1, 12


mem[X,0x80025898] -> 0x0613
mem[X,0x8002589A] -> 0x0036
[3489] [M]: 0x80025898 (0x00360613) addi a2, a2, 3
x12 <- 0x00000003


mem[X,0x8002589C] -> 0x006F
mem[X,0x8002589E] -> 0x0040
[3490] [M]: 0x8002589C (0x0040006F) jal zero, 4


mem[X,0x800258A0] -> 0x2A23
mem[X,0x800258A2] -> 0x56C2
[3491] [M]: 0x800258A0 (0x56C22A23) sw a2, 1396(tp)
mem[0x8003B6DC] <- 0x00000003


mem[X,0x800258A4] -> 0x3537
mem[X,0x800258A6] -> 0x3333
[3492] [M]: 0x800258A4 (0x33333537) lui a0, 209715
x10 <- 0x33333000


mem[X,0x800258A8] -> 0x0513
mem[X,0x800258AA] -> 0x3345
[3493] [M]: 0x800258A8 (0x33450513) addi a0, a0, 820
x10 <- 0x33333334


mem[X,0x800258AC] -> 0x35B7
mem[X,0x800258AE] -> 0x3333
[3494] [M]: 0x800258AC (0x333335B7) lui a1, 209715
x11 <- 0x33333000


mem[X,0x800258B0] -> 0x8593
mem[X,0x800258B2] -> 0x3325
[3495] [M]: 0x800258B0 (0x33258593) addi a1, a1, 818
x11 <- 0x33333332


mem[X,0x800258B4] -> 0x0613
mem[X,0x800258B6] -> 0x0000
[3496] [M]: 0x800258B4 (0x00000613) addi a2, zero, 0
x12 <- 0x00000000


mem[X,0x800258B8] -> 0x006F
mem[X,0x800258BA] -> 0x00C0
[3497] [M]: 0x800258B8 (0x00C0006F) jal zero, 12


mem[X,0x800258C4] -> 0x5863
mem[X,0x800258C6] -> 0x00B5
[3498] [M]: 0x800258C4 (0x00B55863) bge a0, a1, 16


mem[X,0x800258D4] -> 0x0613
mem[X,0x800258D6] -> 0x0036
[3499] [M]: 0x800258D4 (0x00360613) addi a2, a2, 3
x12 <- 0x00000003


clint::tick mtime <- 0x0000000000000023
 clint timer pending at mtime 0x0000000000000023
htif::tick 0x0000000000000000
mem[X,0x800258D8] -> 0x006F
mem[X,0x800258DA] -> 0x0040
[3500] [M]: 0x800258D8 (0x0040006F) jal zero, 4


mem[X,0x800258DC] -> 0x2C23
mem[X,0x800258DE] -> 0x56C2
[3501] [M]: 0x800258DC (0x56C22C23) sw a2, 1400(tp)
mem[0x8003B6E0] <- 0x00000003


mem[X,0x800258E0] -> 0x3537
mem[X,0x800258E2] -> 0x3333
[3502] [M]: 0x800258E0 (0x33333537) lui a0, 209715
x10 <- 0x33333000


mem[X,0x800258E4] -> 0x0513
mem[X,0x800258E6] -> 0x3345
[3503] [M]: 0x800258E4 (0x33450513) addi a0, a0, 820
x10 <- 0x33333334


mem[X,0x800258E8] -> 0x65B7
mem[X,0x800258EA] -> 0x6666
[3504] [M]: 0x800258E8 (0x666665B7) lui a1, 419430
x11 <- 0x66666000


mem[X,0x800258EC] -> 0x8593
mem[X,0x800258EE] -> 0x6655
[3505] [M]: 0x800258EC (0x66558593) addi a1, a1, 1637
x11 <- 0x66666665


mem[X,0x800258F0] -> 0x0613
mem[X,0x800258F2] -> 0x0000
[3506] [M]: 0x800258F0 (0x00000613) addi a2, zero, 0
x12 <- 0x00000000


mem[X,0x800258F4] -> 0x006F
mem[X,0x800258F6] -> 0x00C0
[3507] [M]: 0x800258F4 (0x00C0006F) jal zero, 12


mem[X,0x80025900] -> 0x5063
mem[X,0x80025902] -> 0x04B5
[3508] [M]: 0x80025900 (0x04B55063) bge a0, a1, 64


mem[X,0x80025904] -> 0x0613
mem[X,0x80025906] -> 0x0026
[3509] [M]: 0x80025904 (0x00260613) addi a2, a2, 2
x12 <- 0x00000002


mem[X,0x80025908] -> 0x006F
mem[X,0x8002590A] -> 0x0400
[3510] [M]: 0x80025908 (0x0400006F) jal zero, 64


mem[X,0x80025948] -> 0x2E23
mem[X,0x8002594A] -> 0x56C2
[3511] [M]: 0x80025948 (0x56C22E23) sw a2, 1404(tp)
mem[0x8003B6E4] <- 0x00000002


mem[X,0x8002594C] -> 0x3537
mem[X,0x8002594E] -> 0x3333
[3512] [M]: 0x8002594C (0x33333537) lui a0, 209715
x10 <- 0x33333000


mem[X,0x80025950] -> 0x0513
mem[X,0x80025952] -> 0x3345
[3513] [M]: 0x80025950 (0x33450513) addi a0, a0, 820
x10 <- 0x33333334


mem[X,0x80025954] -> 0xB5B7
mem[X,0x80025956] -> 0x0000
[3514] [M]: 0x80025954 (0x0000B5B7) lui a1, 11
x11 <- 0x0000B000


mem[X,0x80025958] -> 0x8593
mem[X,0x8002595A] -> 0x5035
[3515] [M]: 0x80025958 (0x50358593) addi a1, a1, 1283
x11 <- 0x0000B503


mem[X,0x8002595C] -> 0x0613
mem[X,0x8002595E] -> 0x0000
[3516] [M]: 0x8002595C (0x00000613) addi a2, zero, 0
x12 <- 0x00000000


mem[X,0x80025960] -> 0x006F
mem[X,0x80025962] -> 0x00C0
[3517] [M]: 0x80025960 (0x00C0006F) jal zero, 12


mem[X,0x8002596C] -> 0x5063
mem[X,0x8002596E] -> 0x04B5
[3518] [M]: 0x8002596C (0x04B55063) bge a0, a1, 64


mem[X,0x800259AC] -> 0x0613
mem[X,0x800259AE] -> 0x0036
[3519] [M]: 0x800259AC (0x00360613) addi a2, a2, 3
x12 <- 0x00000003


mem[X,0x800259B0] -> 0x006F
mem[X,0x800259B2] -> 0x0040
[3520] [M]: 0x800259B0 (0x0040006F) jal zero, 4


mem[X,0x800259B4] -> 0x2023
mem[X,0x800259B6] -> 0x58C2
[3521] [M]: 0x800259B4 (0x58C22023) sw a2, 1408(tp)
mem[0x8003B6E8] <- 0x00000003


mem[X,0x800259B8] -> 0x3537
mem[X,0x800259BA] -> 0x3333
[3522] [M]: 0x800259B8 (0x33333537) lui a0, 209715
x10 <- 0x33333000


mem[X,0x800259BC] -> 0x0513
mem[X,0x800259BE] -> 0x3345
[3523] [M]: 0x800259BC (0x33450513) addi a0, a0, 820
x10 <- 0x33333334


mem[X,0x800259C0] -> 0x55B7
mem[X,0x800259C2] -> 0x5555
[3524] [M]: 0x800259C0 (0x555555B7) lui a1, 349525
x11 <- 0x55555000


mem[X,0x800259C4] -> 0x8593
mem[X,0x800259C6] -> 0x5565
[3525] [M]: 0x800259C4 (0x55658593) addi a1, a1, 1366
x11 <- 0x55555556


mem[X,0x800259C8] -> 0x0613
mem[X,0x800259CA] -> 0x0000
[3526] [M]: 0x800259C8 (0x00000613) addi a2, zero, 0
x12 <- 0x00000000


mem[X,0x800259CC] -> 0x006F
mem[X,0x800259CE] -> 0x00C0
[3527] [M]: 0x800259CC (0x00C0006F) jal zero, 12


mem[X,0x800259D8] -> 0x5663
mem[X,0x800259DA] -> 0x00B5
[3528] [M]: 0x800259D8 (0x00B55663) bge a0, a1, 12


mem[X,0x800259DC] -> 0x0613
mem[X,0x800259DE] -> 0x0026
[3529] [M]: 0x800259DC (0x00260613) addi a2, a2, 2
x12 <- 0x00000002


mem[X,0x800259E0] -> 0x006F
mem[X,0x800259E2] -> 0x00C0
[3530] [M]: 0x800259E0 (0x00C0006F) jal zero, 12


mem[X,0x800259EC] -> 0x2223
mem[X,0x800259EE] -> 0x58C2
[3531] [M]: 0x800259EC (0x58C22223) sw a2, 1412(tp)
mem[0x8003B6EC] <- 0x00000002


mem[X,0x800259F0] -> 0x3537
mem[X,0x800259F2] -> 0x3333
[3532] [M]: 0x800259F0 (0x33333537) lui a0, 209715
x10 <- 0x33333000


mem[X,0x800259F4] -> 0x0513
mem[X,0x800259F6] -> 0x3345
[3533] [M]: 0x800259F4 (0x33450513) addi a0, a0, 820
x10 <- 0x33333334


mem[X,0x800259F8] -> 0xB5B7
mem[X,0x800259FA] -> 0xAAAA
[3534] [M]: 0x800259F8 (0xAAAAB5B7) lui a1, 699051
x11 <- 0xAAAAB000


mem[X,0x800259FC] -> 0x8593
mem[X,0x800259FE] -> 0xAAB5
[3535] [M]: 0x800259FC (0xAAB58593) addi a1, a1, 2731
x11 <- 0xAAAAAAAB


mem[X,0x80025A00] -> 0x0613
mem[X,0x80025A02] -> 0x0000
[3536] [M]: 0x80025A00 (0x00000613) addi a2, zero, 0
x12 <- 0x00000000


mem[X,0x80025A04] -> 0x006F
mem[X,0x80025A06] -> 0x0050
[3537] [M]: 0x80025A04 (0x0050006F) jal zero, 2052


mem[X,0x80026208] -> 0x50E3
mem[X,0x8002620A] -> 0x80B5
[3538] [M]: 0x80026208 (0x80B550E3) bge a0, a1, 6144


mem[X,0x80025A08] -> 0x0613
mem[X,0x80025A0A] -> 0x0016
[3539] [M]: 0x80025A08 (0x00160613) addi a2, a2, 1
x12 <- 0x00000001


mem[X,0x80025A0C] -> 0x006F
mem[X,0x80025A0E] -> 0x0110
[3540] [M]: 0x80025A0C (0x0110006F) jal zero, 2064


mem[X,0x8002621C] -> 0x2423
mem[X,0x8002621E] -> 0x58C2
[3541] [M]: 0x8002621C (0x58C22423) sw a2, 1416(tp)
mem[0x8003B6F0] <- 0x00000001


mem[X,0x80026220] -> 0x3537
mem[X,0x80026222] -> 0x3333
[3542] [M]: 0x80026220 (0x33333537) lui a0, 209715
x10 <- 0x33333000


mem[X,0x80026224] -> 0x0513
mem[X,0x80026226] -> 0x3345
[3543] [M]: 0x80026224 (0x33450513) addi a0, a0, 820
x10 <- 0x33333334


mem[X,0x80026228] -> 0x0593
mem[X,0x8002622A] -> 0x0060
[3544] [M]: 0x80026228 (0x00600593) addi a1, zero, 6
x11 <- 0x00000006


mem[X,0x8002622C] -> 0x0613
mem[X,0x8002622E] -> 0x0000
[3545] [M]: 0x8002622C (0x00000613) addi a2, zero, 0
x12 <- 0x00000000


mem[X,0x80026230] -> 0x006F
mem[X,0x80026232] -> 0x0050
[3546] [M]: 0x80026230 (0x0050006F) jal zero, 2052


mem[X,0x80026A34] -> 0x50E3
mem[X,0x80026A36] -> 0x80B5
[3547] [M]: 0x80026A34 (0x80B550E3) bge a0, a1, 6144


mem[X,0x80026234] -> 0x0613
mem[X,0x80026236] -> 0x0016
[3548] [M]: 0x80026234 (0x00160613) addi a2, a2, 1
x12 <- 0x00000001


mem[X,0x80026238] -> 0x006F
mem[X,0x8002623A] -> 0x0110
[3549] [M]: 0x80026238 (0x0110006F) jal zero, 2064


mem[X,0x80026A48] -> 0x2623
mem[X,0x80026A4A] -> 0x58C2
[3550] [M]: 0x80026A48 (0x58C22623) sw a2, 1420(tp)
mem[0x8003B6F4] <- 0x00000001


mem[X,0x80026A4C] -> 0x3537
mem[X,0x80026A4E] -> 0x3333
[3551] [M]: 0x80026A4C (0x33333537) lui a0, 209715
x10 <- 0x33333000


mem[X,0x80026A50] -> 0x0513
mem[X,0x80026A52] -> 0x3345
[3552] [M]: 0x80026A50 (0x33450513) addi a0, a0, 820
x10 <- 0x33333334


mem[X,0x80026A54] -> 0x35B7
mem[X,0x80026A56] -> 0x3333
[3553] [M]: 0x80026A54 (0x333335B7) lui a1, 209715
x11 <- 0x33333000


mem[X,0x80026A58] -> 0x8593
mem[X,0x80026A5A] -> 0x3345
[3554] [M]: 0x80026A58 (0x33458593) addi a1, a1, 820
x11 <- 0x33333334


mem[X,0x80026A5C] -> 0x0613
mem[X,0x80026A5E] -> 0x0000
[3555] [M]: 0x80026A5C (0x00000613) addi a2, zero, 0
x12 <- 0x00000000


mem[X,0x80026A60] -> 0x006F
mem[X,0x80026A62] -> 0x0050
[3556] [M]: 0x80026A60 (0x0050006F) jal zero, 2052


mem[X,0x80027264] -> 0x50E3
mem[X,0x80027266] -> 0x80B5
[3557] [M]: 0x80027264 (0x80B550E3) bge a0, a1, 6144


mem[X,0x80026A64] -> 0x0613
mem[X,0x80026A66] -> 0x0016
[3558] [M]: 0x80026A64 (0x00160613) addi a2, a2, 1
x12 <- 0x00000001


mem[X,0x80026A68] -> 0x006F
mem[X,0x80026A6A] -> 0x0110
[3559] [M]: 0x80026A68 (0x0110006F) jal zero, 2064


mem[X,0x80027278] -> 0x2823
mem[X,0x8002727A] -> 0x58C2
[3560] [M]: 0x80027278 (0x58C22823) sw a2, 1424(tp)
mem[0x8003B6F8] <- 0x00000001


mem[X,0x8002727C] -> 0x3537
mem[X,0x8002727E] -> 0x3333
[3561] [M]: 0x8002727C (0x33333537) lui a0, 209715
x10 <- 0x33333000


mem[X,0x80027280] -> 0x0513
mem[X,0x80027282] -> 0x3345
[3562] [M]: 0x80027280 (0x33450513) addi a0, a0, 820
x10 <- 0x33333334


mem[X,0x80027284] -> 0x65B7
mem[X,0x80027286] -> 0x6666
[3563] [M]: 0x80027284 (0x666665B7) lui a1, 419430
x11 <- 0x66666000


mem[X,0x80027288] -> 0x8593
mem[X,0x8002728A] -> 0x6675
[3564] [M]: 0x80027288 (0x66758593) addi a1, a1, 1639
x11 <- 0x66666667


mem[X,0x8002728C] -> 0x0613
mem[X,0x8002728E] -> 0x0000
[3565] [M]: 0x8002728C (0x00000613) addi a2, zero, 0
x12 <- 0x00000000


mem[X,0x80027290] -> 0x006F
mem[X,0x80027292] -> 0x00C0
[3566] [M]: 0x80027290 (0x00C0006F) jal zero, 12


mem[X,0x8002729C] -> 0x5CE3
mem[X,0x8002729E] -> 0xFEB5
[3567] [M]: 0x8002729C (0xFEB55CE3) bge a0, a1, 8184


mem[X,0x800272A0] -> 0x0613
mem[X,0x800272A2] -> 0x0026
[3568] [M]: 0x800272A0 (0x00260613) addi a2, a2, 2
x12 <- 0x00000002


mem[X,0x800272A4] -> 0x006F
mem[X,0x800272A6] -> 0x00C0
[3569] [M]: 0x800272A4 (0x00C0006F) jal zero, 12


mem[X,0x800272B0] -> 0x2A23
mem[X,0x800272B2] -> 0x58C2
[3570] [M]: 0x800272B0 (0x58C22A23) sw a2, 1428(tp)
mem[0x8003B6FC] <- 0x00000002


mem[X,0x800272B4] -> 0x3537
mem[X,0x800272B6] -> 0x3333
[3571] [M]: 0x800272B4 (0x33333537) lui a0, 209715
x10 <- 0x33333000


mem[X,0x800272B8] -> 0x0513
mem[X,0x800272BA] -> 0x3345
[3572] [M]: 0x800272B8 (0x33450513) addi a0, a0, 820
x10 <- 0x33333334


mem[X,0x800272BC] -> 0x55B7
mem[X,0x800272BE] -> 0xFFFF
[3573] [M]: 0x800272BC (0xFFFF55B7) lui a1, 1048565
x11 <- 0xFFFF5000


mem[X,0x800272C0] -> 0x8593
mem[X,0x800272C2] -> 0xAFD5
[3574] [M]: 0x800272C0 (0xAFD58593) addi a1, a1, 2813
x11 <- 0xFFFF4AFD


mem[X,0x800272C4] -> 0x0613
mem[X,0x800272C6] -> 0x0000
[3575] [M]: 0x800272C4 (0x00000613) addi a2, zero, 0
x12 <- 0x00000000


mem[X,0x800272C8] -> 0x006F
mem[X,0x800272CA] -> 0x0050
[3576] [M]: 0x800272C8 (0x0050006F) jal zero, 2052


mem[X,0x80027ACC] -> 0x50E3
mem[X,0x80027ACE] -> 0x80B5
[3577] [M]: 0x80027ACC (0x80B550E3) bge a0, a1, 6144


mem[X,0x800272CC] -> 0x0613
mem[X,0x800272CE] -> 0x0016
[3578] [M]: 0x800272CC (0x00160613) addi a2, a2, 1
x12 <- 0x00000001


mem[X,0x800272D0] -> 0x006F
mem[X,0x800272D2] -> 0x0110
[3579] [M]: 0x800272D0 (0x0110006F) jal zero, 2064


mem[X,0x80027AE0] -> 0x2C23
mem[X,0x80027AE2] -> 0x58C2
[3580] [M]: 0x80027AE0 (0x58C22C23) sw a2, 1432(tp)
mem[0x8003B700] <- 0x00000001


mem[X,0x80027AE4] -> 0x3537
mem[X,0x80027AE6] -> 0x3333
[3581] [M]: 0x80027AE4 (0x33333537) lui a0, 209715
x10 <- 0x33333000


mem[X,0x80027AE8] -> 0x0513
mem[X,0x80027AEA] -> 0x3345
[3582] [M]: 0x80027AE8 (0x33450513) addi a0, a0, 820
x10 <- 0x33333334


mem[X,0x80027AEC] -> 0xB5B7
mem[X,0x80027AEE] -> 0x0000
[3583] [M]: 0x80027AEC (0x0000B5B7) lui a1, 11
x11 <- 0x0000B000


mem[X,0x80027AF0] -> 0x8593
mem[X,0x80027AF2] -> 0x5055
[3584] [M]: 0x80027AF0 (0x50558593) addi a1, a1, 1285
x11 <- 0x0000B505


mem[X,0x80027AF4] -> 0x0613
mem[X,0x80027AF6] -> 0x0000
[3585] [M]: 0x80027AF4 (0x00000613) addi a2, zero, 0
x12 <- 0x00000000


mem[X,0x80027AF8] -> 0x006F
mem[X,0x80027AFA] -> 0x00C0
[3586] [M]: 0x80027AF8 (0x00C0006F) jal zero, 12


mem[X,0x80027B04] -> 0x5063
mem[X,0x80027B06] -> 0x40B5
[3587] [M]: 0x80027B04 (0x40B55063) bge a0, a1, 1024


mem[X,0x80027F04] -> 0x0613
mem[X,0x80027F06] -> 0x0036
[3588] [M]: 0x80027F04 (0x00360613) addi a2, a2, 3
x12 <- 0x00000003


mem[X,0x80027F08] -> 0x006F
mem[X,0x80027F0A] -> 0x0040
[3589] [M]: 0x80027F08 (0x0040006F) jal zero, 4


mem[X,0x80027F0C] -> 0x2E23
mem[X,0x80027F0E] -> 0x58C2
[3590] [M]: 0x80027F0C (0x58C22E23) sw a2, 1436(tp)
mem[0x8003B704] <- 0x00000003


mem[X,0x80027F10] -> 0x6537
mem[X,0x80027F12] -> 0x6666
[3591] [M]: 0x80027F10 (0x66666537) lui a0, 419430
x10 <- 0x66666000


mem[X,0x80027F14] -> 0x0513
mem[X,0x80027F16] -> 0x6675
[3592] [M]: 0x80027F14 (0x66750513) addi a0, a0, 1639
x10 <- 0x66666667


mem[X,0x80027F18] -> 0x0593
mem[X,0x80027F1A] -> 0x0030
[3593] [M]: 0x80027F18 (0x00300593) addi a1, zero, 3
x11 <- 0x00000003


mem[X,0x80027F1C] -> 0x0613
mem[X,0x80027F1E] -> 0x0000
[3594] [M]: 0x80027F1C (0x00000613) addi a2, zero, 0
x12 <- 0x00000000


mem[X,0x80027F20] -> 0x006F
mem[X,0x80027F22] -> 0x0050
[3595] [M]: 0x80027F20 (0x0050006F) jal zero, 2052


mem[X,0x80028724] -> 0x50E3
mem[X,0x80028726] -> 0x80B5
[3596] [M]: 0x80028724 (0x80B550E3) bge a0, a1, 6144


mem[X,0x80027F24] -> 0x0613
mem[X,0x80027F26] -> 0x0016
[3597] [M]: 0x80027F24 (0x00160613) addi a2, a2, 1
x12 <- 0x00000001


mem[X,0x80027F28] -> 0x006F
mem[X,0x80027F2A] -> 0x0110
[3598] [M]: 0x80027F28 (0x0110006F) jal zero, 2064


mem[X,0x80028738] -> 0x2023
mem[X,0x8002873A] -> 0x5AC2
[3599] [M]: 0x80028738 (0x5AC22023) sw a2, 1440(tp)
mem[0x8003B708] <- 0x00000001


clint::tick mtime <- 0x0000000000000024
 clint timer pending at mtime 0x0000000000000024
htif::tick 0x0000000000000000
mem[X,0x8002873C] -> 0x6537
mem[X,0x8002873E] -> 0x6666
[3600] [M]: 0x8002873C (0x66666537) lui a0, 419430
x10 <- 0x66666000


mem[X,0x80028740] -> 0x0513
mem[X,0x80028742] -> 0x6675
[3601] [M]: 0x80028740 (0x66750513) addi a0, a0, 1639
x10 <- 0x66666667


mem[X,0x80028744] -> 0x55B7
mem[X,0x80028746] -> 0x5555
[3602] [M]: 0x80028744 (0x555555B7) lui a1, 349525
x11 <- 0x55555000


mem[X,0x80028748] -> 0x8593
mem[X,0x8002874A] -> 0x5555
[3603] [M]: 0x80028748 (0x55558593) addi a1, a1, 1365
x11 <- 0x55555555


mem[X,0x8002874C] -> 0x0613
mem[X,0x8002874E] -> 0x0000
[3604] [M]: 0x8002874C (0x00000613) addi a2, zero, 0
x12 <- 0x00000000


mem[X,0x80028750] -> 0x006F
mem[X,0x80028752] -> 0x2B10
[3605] [M]: 0x80028750 (0x2B10006F) jal zero, 2736


mem[X,0x80029200] -> 0x5A63
mem[X,0x80029202] -> 0xD4B5
[3606] [M]: 0x80029200 (0xD4B55A63) bge a0, a1, 5460


mem[X,0x80028754] -> 0x0613
mem[X,0x80028756] -> 0x0016
[3607] [M]: 0x80028754 (0x00160613) addi a2, a2, 1
x12 <- 0x00000001


mem[X,0x80028758] -> 0x006F
mem[X,0x8002875A] -> 0x2BD0
[3608] [M]: 0x80028758 (0x2BD0006F) jal zero, 2748


mem[X,0x80029214] -> 0x2223
mem[X,0x80029216] -> 0x5AC2
[3609] [M]: 0x80029214 (0x5AC22223) sw a2, 1444(tp)
mem[0x8003B70C] <- 0x00000001


mem[X,0x80029218] -> 0x6537
mem[X,0x8002921A] -> 0x6666
[3610] [M]: 0x80029218 (0x66666537) lui a0, 419430
x10 <- 0x66666000


mem[X,0x8002921C] -> 0x0513
mem[X,0x8002921E] -> 0x6675
[3611] [M]: 0x8002921C (0x66750513) addi a0, a0, 1639
x10 <- 0x66666667


mem[X,0x80029220] -> 0xB5B7
mem[X,0x80029222] -> 0xAAAA
[3612] [M]: 0x80029220 (0xAAAAB5B7) lui a1, 699051
x11 <- 0xAAAAB000


mem[X,0x80029224] -> 0x8593
mem[X,0x80029226] -> 0xAAA5
[3613] [M]: 0x80029224 (0xAAA58593) addi a1, a1, 2730
x11 <- 0xAAAAAAAA


mem[X,0x80029228] -> 0x0613
mem[X,0x8002922A] -> 0x0000
[3614] [M]: 0x80029228 (0x00000613) addi a2, zero, 0
x12 <- 0x00000000


mem[X,0x8002922C] -> 0x006F
mem[X,0x8002922E] -> 0x00C0
[3615] [M]: 0x8002922C (0x00C0006F) jal zero, 12


mem[X,0x80029238] -> 0x5063
mem[X,0x8002923A] -> 0x02B5
[3616] [M]: 0x80029238 (0x02B55063) bge a0, a1, 32


mem[X,0x80029258] -> 0x0613
mem[X,0x8002925A] -> 0x0036
[3617] [M]: 0x80029258 (0x00360613) addi a2, a2, 3
x12 <- 0x00000003


mem[X,0x8002925C] -> 0x006F
mem[X,0x8002925E] -> 0x0040
[3618] [M]: 0x8002925C (0x0040006F) jal zero, 4


mem[X,0x80029260] -> 0x2423
mem[X,0x80029262] -> 0x5AC2
[3619] [M]: 0x80029260 (0x5AC22423) sw a2, 1448(tp)
mem[0x8003B710] <- 0x00000003


mem[X,0x80029264] -> 0x6537
mem[X,0x80029266] -> 0x6666
[3620] [M]: 0x80029264 (0x66666537) lui a0, 419430
x10 <- 0x66666000


mem[X,0x80029268] -> 0x0513
mem[X,0x8002926A] -> 0x6675
[3621] [M]: 0x80029268 (0x66750513) addi a0, a0, 1639
x10 <- 0x66666667


mem[X,0x8002926C] -> 0x0593
mem[X,0x8002926E] -> 0x0050
[3622] [M]: 0x8002926C (0x00500593) addi a1, zero, 5
x11 <- 0x00000005


mem[X,0x80029270] -> 0x0613
mem[X,0x80029272] -> 0x0000
[3623] [M]: 0x80029270 (0x00000613) addi a2, zero, 0
x12 <- 0x00000000


mem[X,0x80029274] -> 0x006F
mem[X,0x80029276] -> 0x0180
[3624] [M]: 0x80029274 (0x0180006F) jal zero, 24


mem[X,0x8002928C] -> 0x56E3
mem[X,0x8002928E] -> 0xFEB5
[3625] [M]: 0x8002928C (0xFEB556E3) bge a0, a1, 8172


mem[X,0x80029278] -> 0x0613
mem[X,0x8002927A] -> 0x0016
[3626] [M]: 0x80029278 (0x00160613) addi a2, a2, 1
x12 <- 0x00000001


mem[X,0x8002927C] -> 0x006F
mem[X,0x8002927E] -> 0x0240
[3627] [M]: 0x8002927C (0x0240006F) jal zero, 36


mem[X,0x800292A0] -> 0x2623
mem[X,0x800292A2] -> 0x5AC2
[3628] [M]: 0x800292A0 (0x5AC22623) sw a2, 1452(tp)
mem[0x8003B714] <- 0x00000001


mem[X,0x800292A4] -> 0x6537
mem[X,0x800292A6] -> 0x6666
[3629] [M]: 0x800292A4 (0x66666537) lui a0, 419430
x10 <- 0x66666000


mem[X,0x800292A8] -> 0x0513
mem[X,0x800292AA] -> 0x6675
[3630] [M]: 0x800292A8 (0x66750513) addi a0, a0, 1639
x10 <- 0x66666667


mem[X,0x800292AC] -> 0x35B7
mem[X,0x800292AE] -> 0x3333
[3631] [M]: 0x800292AC (0x333335B7) lui a1, 209715
x11 <- 0x33333000


mem[X,0x800292B0] -> 0x8593
mem[X,0x800292B2] -> 0x3335
[3632] [M]: 0x800292B0 (0x33358593) addi a1, a1, 819
x11 <- 0x33333333


mem[X,0x800292B4] -> 0x0613
mem[X,0x800292B6] -> 0x0000
[3633] [M]: 0x800292B4 (0x00000613) addi a2, zero, 0
x12 <- 0x00000000


mem[X,0x800292B8] -> 0x006F
mem[X,0x800292BA] -> 0x00C0
[3634] [M]: 0x800292B8 (0x00C0006F) jal zero, 12


mem[X,0x800292C4] -> 0x5CE3
mem[X,0x800292C6] -> 0xFEB5
[3635] [M]: 0x800292C4 (0xFEB55CE3) bge a0, a1, 8184


mem[X,0x800292BC] -> 0x0613
mem[X,0x800292BE] -> 0x0016
[3636] [M]: 0x800292BC (0x00160613) addi a2, a2, 1
x12 <- 0x00000001


mem[X,0x800292C0] -> 0x006F
mem[X,0x800292C2] -> 0x0180
[3637] [M]: 0x800292C0 (0x0180006F) jal zero, 24


mem[X,0x800292D8] -> 0x2823
mem[X,0x800292DA] -> 0x5AC2
[3638] [M]: 0x800292D8 (0x5AC22823) sw a2, 1456(tp)
mem[0x8003B718] <- 0x00000001


mem[X,0x800292DC] -> 0x6537
mem[X,0x800292DE] -> 0x6666
[3639] [M]: 0x800292DC (0x66666537) lui a0, 419430
x10 <- 0x66666000


mem[X,0x800292E0] -> 0x0513
mem[X,0x800292E2] -> 0x6675
[3640] [M]: 0x800292E0 (0x66750513) addi a0, a0, 1639
x10 <- 0x66666667


mem[X,0x800292E4] -> 0x65B7
mem[X,0x800292E6] -> 0x6666
[3641] [M]: 0x800292E4 (0x666665B7) lui a1, 419430
x11 <- 0x66666000


mem[X,0x800292E8] -> 0x8593
mem[X,0x800292EA] -> 0x6665
[3642] [M]: 0x800292E8 (0x66658593) addi a1, a1, 1638
x11 <- 0x66666666


mem[X,0x800292EC] -> 0x0613
mem[X,0x800292EE] -> 0x0000
[3643] [M]: 0x800292EC (0x00000613) addi a2, zero, 0
x12 <- 0x00000000


mem[X,0x800292F0] -> 0x006F
mem[X,0x800292F2] -> 0x00C0
[3644] [M]: 0x800292F0 (0x00C0006F) jal zero, 12


mem[X,0x800292FC] -> 0x5063
mem[X,0x800292FE] -> 0x10B5
[3645] [M]: 0x800292FC (0x10B55063) bge a0, a1, 256


mem[X,0x800293FC] -> 0x0613
mem[X,0x800293FE] -> 0x0036
[3646] [M]: 0x800293FC (0x00360613) addi a2, a2, 3
x12 <- 0x00000003


mem[X,0x80029400] -> 0x006F
mem[X,0x80029402] -> 0x0040
[3647] [M]: 0x80029400 (0x0040006F) jal zero, 4


mem[X,0x80029404] -> 0x2A23
mem[X,0x80029406] -> 0x5AC2
[3648] [M]: 0x80029404 (0x5AC22A23) sw a2, 1460(tp)
mem[0x8003B71C] <- 0x00000003


mem[X,0x80029408] -> 0x6537
mem[X,0x8002940A] -> 0x6666
[3649] [M]: 0x80029408 (0x66666537) lui a0, 419430
x10 <- 0x66666000


mem[X,0x8002940C] -> 0x0513
mem[X,0x8002940E] -> 0x6675
[3650] [M]: 0x8002940C (0x66750513) addi a0, a0, 1639
x10 <- 0x66666667


mem[X,0x80029410] -> 0x55B7
mem[X,0x80029412] -> 0xFFFF
[3651] [M]: 0x80029410 (0xFFFF55B7) lui a1, 1048565
x11 <- 0xFFFF5000


mem[X,0x80029414] -> 0x8593
mem[X,0x80029416] -> 0xAFC5
[3652] [M]: 0x80029414 (0xAFC58593) addi a1, a1, 2812
x11 <- 0xFFFF4AFC


mem[X,0x80029418] -> 0x0613
mem[X,0x8002941A] -> 0x0000
[3653] [M]: 0x80029418 (0x00000613) addi a2, zero, 0
x12 <- 0x00000000


mem[X,0x8002941C] -> 0x006F
mem[X,0x8002941E] -> 0x0050
[3654] [M]: 0x8002941C (0x0050006F) jal zero, 2052


mem[X,0x80029C20] -> 0x50E3
mem[X,0x80029C22] -> 0x80B5
[3655] [M]: 0x80029C20 (0x80B550E3) bge a0, a1, 6144


mem[X,0x80029420] -> 0x0613
mem[X,0x80029422] -> 0x0016
[3656] [M]: 0x80029420 (0x00160613) addi a2, a2, 1
x12 <- 0x00000001


mem[X,0x80029424] -> 0x006F
mem[X,0x80029426] -> 0x0110
[3657] [M]: 0x80029424 (0x0110006F) jal zero, 2064


mem[X,0x80029C34] -> 0x2C23
mem[X,0x80029C36] -> 0x5AC2
[3658] [M]: 0x80029C34 (0x5AC22C23) sw a2, 1464(tp)
mem[0x8003B720] <- 0x00000001


mem[X,0x80029C38] -> 0x6537
mem[X,0x80029C3A] -> 0x6666
[3659] [M]: 0x80029C38 (0x66666537) lui a0, 419430
x10 <- 0x66666000


mem[X,0x80029C3C] -> 0x0513
mem[X,0x80029C3E] -> 0x6675
[3660] [M]: 0x80029C3C (0x66750513) addi a0, a0, 1639
x10 <- 0x66666667


mem[X,0x80029C40] -> 0xB5B7
mem[X,0x80029C42] -> 0x0000
[3661] [M]: 0x80029C40 (0x0000B5B7) lui a1, 11
x11 <- 0x0000B000


mem[X,0x80029C44] -> 0x8593
mem[X,0x80029C46] -> 0x5045
[3662] [M]: 0x80029C44 (0x50458593) addi a1, a1, 1284
x11 <- 0x0000B504


mem[X,0x80029C48] -> 0x0613
mem[X,0x80029C4A] -> 0x0000
[3663] [M]: 0x80029C48 (0x00000613) addi a2, zero, 0
x12 <- 0x00000000


mem[X,0x80029C4C] -> 0x006F
mem[X,0x80029C4E] -> 0x00C0
[3664] [M]: 0x80029C4C (0x00C0006F) jal zero, 12


mem[X,0x80029C58] -> 0x5063
mem[X,0x80029C5A] -> 0x40B5
[3665] [M]: 0x80029C58 (0x40B55063) bge a0, a1, 1024


mem[X,0x8002A058] -> 0x0613
mem[X,0x8002A05A] -> 0x0036
[3666] [M]: 0x8002A058 (0x00360613) addi a2, a2, 3
x12 <- 0x00000003


mem[X,0x8002A05C] -> 0x006F
mem[X,0x8002A05E] -> 0x0040
[3667] [M]: 0x8002A05C (0x0040006F) jal zero, 4


mem[X,0x8002A060] -> 0x2E23
mem[X,0x8002A062] -> 0x5AC2
[3668] [M]: 0x8002A060 (0x5AC22E23) sw a2, 1468(tp)
mem[0x8003B724] <- 0x00000003


mem[X,0x8002A064] -> 0x6537
mem[X,0x8002A066] -> 0x6666
[3669] [M]: 0x8002A064 (0x66666537) lui a0, 419430
x10 <- 0x66666000


mem[X,0x8002A068] -> 0x0513
mem[X,0x8002A06A] -> 0x6675
[3670] [M]: 0x8002A068 (0x66750513) addi a0, a0, 1639
x10 <- 0x66666667


mem[X,0x8002A06C] -> 0x0593
mem[X,0x8002A06E] -> 0x0020
[3671] [M]: 0x8002A06C (0x00200593) addi a1, zero, 2
x11 <- 0x00000002


mem[X,0x8002A070] -> 0x0613
mem[X,0x8002A072] -> 0x0000
[3672] [M]: 0x8002A070 (0x00000613) addi a2, zero, 0
x12 <- 0x00000000


mem[X,0x8002A074] -> 0x006F
mem[X,0x8002A076] -> 0x00C0
[3673] [M]: 0x8002A074 (0x00C0006F) jal zero, 12


mem[X,0x8002A080] -> 0x5CE3
mem[X,0x8002A082] -> 0xFEB5
[3674] [M]: 0x8002A080 (0xFEB55CE3) bge a0, a1, 8184


mem[X,0x8002A078] -> 0x0613
mem[X,0x8002A07A] -> 0x0016
[3675] [M]: 0x8002A078 (0x00160613) addi a2, a2, 1
x12 <- 0x00000001


mem[X,0x8002A07C] -> 0x006F
mem[X,0x8002A07E] -> 0x0180
[3676] [M]: 0x8002A07C (0x0180006F) jal zero, 24


mem[X,0x8002A094] -> 0x2023
mem[X,0x8002A096] -> 0x5CC2
[3677] [M]: 0x8002A094 (0x5CC22023) sw a2, 1472(tp)
mem[0x8003B728] <- 0x00000001


mem[X,0x8002A098] -> 0x6537
mem[X,0x8002A09A] -> 0x6666
[3678] [M]: 0x8002A098 (0x66666537) lui a0, 419430
x10 <- 0x66666000


mem[X,0x8002A09C] -> 0x0513
mem[X,0x8002A09E] -> 0x6675
[3679] [M]: 0x8002A09C (0x66750513) addi a0, a0, 1639
x10 <- 0x66666667


mem[X,0x8002A0A0] -> 0x55B7
mem[X,0x8002A0A2] -> 0x5555
[3680] [M]: 0x8002A0A0 (0x555555B7) lui a1, 349525
x11 <- 0x55555000


mem[X,0x8002A0A4] -> 0x8593
mem[X,0x8002A0A6] -> 0x5545
[3681] [M]: 0x8002A0A4 (0x55458593) addi a1, a1, 1364
x11 <- 0x55555554


mem[X,0x8002A0A8] -> 0x0613
mem[X,0x8002A0AA] -> 0x0000
[3682] [M]: 0x8002A0A8 (0x00000613) addi a2, zero, 0
x12 <- 0x00000000


mem[X,0x8002A0AC] -> 0x006F
mem[X,0x8002A0AE] -> 0x00C0
[3683] [M]: 0x8002A0AC (0x00C0006F) jal zero, 12


mem[X,0x8002A0B8] -> 0x5663
mem[X,0x8002A0BA] -> 0x00B5
[3684] [M]: 0x8002A0B8 (0x00B55663) bge a0, a1, 12


mem[X,0x8002A0C4] -> 0x0613
mem[X,0x8002A0C6] -> 0x0036
[3685] [M]: 0x8002A0C4 (0x00360613) addi a2, a2, 3
x12 <- 0x00000003


mem[X,0x8002A0C8] -> 0x006F
mem[X,0x8002A0CA] -> 0x0040
[3686] [M]: 0x8002A0C8 (0x0040006F) jal zero, 4


mem[X,0x8002A0CC] -> 0x2223
mem[X,0x8002A0CE] -> 0x5CC2
[3687] [M]: 0x8002A0CC (0x5CC22223) sw a2, 1476(tp)
mem[0x8003B72C] <- 0x00000003


mem[X,0x8002A0D0] -> 0x6537
mem[X,0x8002A0D2] -> 0x6666
[3688] [M]: 0x8002A0D0 (0x66666537) lui a0, 419430
x10 <- 0x66666000


mem[X,0x8002A0D4] -> 0x0513
mem[X,0x8002A0D6] -> 0x6675
[3689] [M]: 0x8002A0D4 (0x66750513) addi a0, a0, 1639
x10 <- 0x66666667


mem[X,0x8002A0D8] -> 0x0593
mem[X,0x8002A0DA] -> 0x0000
[3690] [M]: 0x8002A0D8 (0x00000593) addi a1, zero, 0
x11 <- 0x00000000


mem[X,0x8002A0DC] -> 0x0613
mem[X,0x8002A0DE] -> 0x0000
[3691] [M]: 0x8002A0DC (0x00000613) addi a2, zero, 0
x12 <- 0x00000000


mem[X,0x8002A0E0] -> 0x006F
mem[X,0x8002A0E2] -> 0x00C0
[3692] [M]: 0x8002A0E0 (0x00C0006F) jal zero, 12


mem[X,0x8002A0EC] -> 0x5CE3
mem[X,0x8002A0EE] -> 0xFEB5
[3693] [M]: 0x8002A0EC (0xFEB55CE3) bge a0, a1, 8184


mem[X,0x8002A0E4] -> 0x0613
mem[X,0x8002A0E6] -> 0x0016
[3694] [M]: 0x8002A0E4 (0x00160613) addi a2, a2, 1
x12 <- 0x00000001


mem[X,0x8002A0E8] -> 0x006F
mem[X,0x8002A0EA] -> 0x0180
[3695] [M]: 0x8002A0E8 (0x0180006F) jal zero, 24


mem[X,0x8002A100] -> 0x2423
mem[X,0x8002A102] -> 0x5CC2
[3696] [M]: 0x8002A100 (0x5CC22423) sw a2, 1480(tp)
mem[0x8003B730] <- 0x00000001


mem[X,0x8002A104] -> 0x6537
mem[X,0x8002A106] -> 0x6666
[3697] [M]: 0x8002A104 (0x66666537) lui a0, 419430
x10 <- 0x66666000


mem[X,0x8002A108] -> 0x0513
mem[X,0x8002A10A] -> 0x6675
[3698] [M]: 0x8002A108 (0x66750513) addi a0, a0, 1639
x10 <- 0x66666667


mem[X,0x8002A10C] -> 0x0593
mem[X,0x8002A10E] -> 0x0040
[3699] [M]: 0x8002A10C (0x00400593) addi a1, zero, 4
x11 <- 0x00000004


clint::tick mtime <- 0x0000000000000025
 clint timer pending at mtime 0x0000000000000025
htif::tick 0x0000000000000000
mem[X,0x8002A110] -> 0x0613
mem[X,0x8002A112] -> 0x0000
[3700] [M]: 0x8002A110 (0x00000613) addi a2, zero, 0
x12 <- 0x00000000


mem[X,0x8002A114] -> 0x006F
mem[X,0x8002A116] -> 0x00C0
[3701] [M]: 0x8002A114 (0x00C0006F) jal zero, 12


mem[X,0x8002A120] -> 0x5663
mem[X,0x8002A122] -> 0x00B5
[3702] [M]: 0x8002A120 (0x00B55663) bge a0, a1, 12


mem[X,0x8002A12C] -> 0x0613
mem[X,0x8002A12E] -> 0x0036
[3703] [M]: 0x8002A12C (0x00360613) addi a2, a2, 3
x12 <- 0x00000003


mem[X,0x8002A130] -> 0x006F
mem[X,0x8002A132] -> 0x0040
[3704] [M]: 0x8002A130 (0x0040006F) jal zero, 4


mem[X,0x8002A134] -> 0x2623
mem[X,0x8002A136] -> 0x5CC2
[3705] [M]: 0x8002A134 (0x5CC22623) sw a2, 1484(tp)
mem[0x8003B734] <- 0x00000003


mem[X,0x8002A138] -> 0x6537
mem[X,0x8002A13A] -> 0x6666
[3706] [M]: 0x8002A138 (0x66666537) lui a0, 419430
x10 <- 0x66666000


mem[X,0x8002A13C] -> 0x0513
mem[X,0x8002A13E] -> 0x6675
[3707] [M]: 0x8002A13C (0x66750513) addi a0, a0, 1639
x10 <- 0x66666667


mem[X,0x8002A140] -> 0x35B7
mem[X,0x8002A142] -> 0x3333
[3708] [M]: 0x8002A140 (0x333335B7) lui a1, 209715
x11 <- 0x33333000


mem[X,0x8002A144] -> 0x8593
mem[X,0x8002A146] -> 0x3325
[3709] [M]: 0x8002A144 (0x33258593) addi a1, a1, 818
x11 <- 0x33333332


mem[X,0x8002A148] -> 0x0613
mem[X,0x8002A14A] -> 0x0000
[3710] [M]: 0x8002A148 (0x00000613) addi a2, zero, 0
x12 <- 0x00000000


mem[X,0x8002A14C] -> 0x006F
mem[X,0x8002A14E] -> 0x0180
[3711] [M]: 0x8002A14C (0x0180006F) jal zero, 24


mem[X,0x8002A164] -> 0x56E3
mem[X,0x8002A166] -> 0xFEB5
[3712] [M]: 0x8002A164 (0xFEB556E3) bge a0, a1, 8172


mem[X,0x8002A150] -> 0x0613
mem[X,0x8002A152] -> 0x0016
[3713] [M]: 0x8002A150 (0x00160613) addi a2, a2, 1
x12 <- 0x00000001


mem[X,0x8002A154] -> 0x006F
mem[X,0x8002A156] -> 0x0240
[3714] [M]: 0x8002A154 (0x0240006F) jal zero, 36


mem[X,0x8002A178] -> 0x2823
mem[X,0x8002A17A] -> 0x5CC2
[3715] [M]: 0x8002A178 (0x5CC22823) sw a2, 1488(tp)
mem[0x8003B738] <- 0x00000001


mem[X,0x8002A17C] -> 0x6537
mem[X,0x8002A17E] -> 0x6666
[3716] [M]: 0x8002A17C (0x66666537) lui a0, 419430
x10 <- 0x66666000


mem[X,0x8002A180] -> 0x0513
mem[X,0x8002A182] -> 0x6675
[3717] [M]: 0x8002A180 (0x66750513) addi a0, a0, 1639
x10 <- 0x66666667


mem[X,0x8002A184] -> 0x65B7
mem[X,0x8002A186] -> 0x6666
[3718] [M]: 0x8002A184 (0x666665B7) lui a1, 419430
x11 <- 0x66666000


mem[X,0x8002A188] -> 0x8593
mem[X,0x8002A18A] -> 0x6655
[3719] [M]: 0x8002A188 (0x66558593) addi a1, a1, 1637
x11 <- 0x66666665


mem[X,0x8002A18C] -> 0x0613
mem[X,0x8002A18E] -> 0x0000
[3720] [M]: 0x8002A18C (0x00000613) addi a2, zero, 0
x12 <- 0x00000000


mem[X,0x8002A190] -> 0x006F
mem[X,0x8002A192] -> 0x00C0
[3721] [M]: 0x8002A190 (0x00C0006F) jal zero, 12


mem[X,0x8002A19C] -> 0x5663
mem[X,0x8002A19E] -> 0x00B5
[3722] [M]: 0x8002A19C (0x00B55663) bge a0, a1, 12


mem[X,0x8002A1A8] -> 0x0613
mem[X,0x8002A1AA] -> 0x0036
[3723] [M]: 0x8002A1A8 (0x00360613) addi a2, a2, 3
x12 <- 0x00000003


mem[X,0x8002A1AC] -> 0x006F
mem[X,0x8002A1AE] -> 0x0040
[3724] [M]: 0x8002A1AC (0x0040006F) jal zero, 4


mem[X,0x8002A1B0] -> 0x2A23
mem[X,0x8002A1B2] -> 0x5CC2
[3725] [M]: 0x8002A1B0 (0x5CC22A23) sw a2, 1492(tp)
mem[0x8003B73C] <- 0x00000003


mem[X,0x8002A1B4] -> 0x6537
mem[X,0x8002A1B6] -> 0x6666
[3726] [M]: 0x8002A1B4 (0x66666537) lui a0, 419430
x10 <- 0x66666000


mem[X,0x8002A1B8] -> 0x0513
mem[X,0x8002A1BA] -> 0x6675
[3727] [M]: 0x8002A1B8 (0x66750513) addi a0, a0, 1639
x10 <- 0x66666667


mem[X,0x8002A1BC] -> 0xB5B7
mem[X,0x8002A1BE] -> 0x0000
[3728] [M]: 0x8002A1BC (0x0000B5B7) lui a1, 11
x11 <- 0x0000B000


mem[X,0x8002A1C0] -> 0x8593
mem[X,0x8002A1C2] -> 0x5035
[3729] [M]: 0x8002A1C0 (0x50358593) addi a1, a1, 1283
x11 <- 0x0000B503


mem[X,0x8002A1C4] -> 0x0613
mem[X,0x8002A1C6] -> 0x0000
[3730] [M]: 0x8002A1C4 (0x00000613) addi a2, zero, 0
x12 <- 0x00000000


mem[X,0x8002A1C8] -> 0x006F
mem[X,0x8002A1CA] -> 0x00C0
[3731] [M]: 0x8002A1C8 (0x00C0006F) jal zero, 12


mem[X,0x8002A1D4] -> 0x5CE3
mem[X,0x8002A1D6] -> 0xFEB5
[3732] [M]: 0x8002A1D4 (0xFEB55CE3) bge a0, a1, 8184


mem[X,0x8002A1CC] -> 0x0613
mem[X,0x8002A1CE] -> 0x0016
[3733] [M]: 0x8002A1CC (0x00160613) addi a2, a2, 1
x12 <- 0x00000001


mem[X,0x8002A1D0] -> 0x006F
mem[X,0x8002A1D2] -> 0x0180
[3734] [M]: 0x8002A1D0 (0x0180006F) jal zero, 24


mem[X,0x8002A1E8] -> 0x2C23
mem[X,0x8002A1EA] -> 0x5CC2
[3735] [M]: 0x8002A1E8 (0x5CC22C23) sw a2, 1496(tp)
mem[0x8003B740] <- 0x00000001


mem[X,0x8002A1EC] -> 0x6537
mem[X,0x8002A1EE] -> 0x6666
[3736] [M]: 0x8002A1EC (0x66666537) lui a0, 419430
x10 <- 0x66666000


mem[X,0x8002A1F0] -> 0x0513
mem[X,0x8002A1F2] -> 0x6675
[3737] [M]: 0x8002A1F0 (0x66750513) addi a0, a0, 1639
x10 <- 0x66666667


mem[X,0x8002A1F4] -> 0x55B7
mem[X,0x8002A1F6] -> 0x5555
[3738] [M]: 0x8002A1F4 (0x555555B7) lui a1, 349525
x11 <- 0x55555000


mem[X,0x8002A1F8] -> 0x8593
mem[X,0x8002A1FA] -> 0x5565
[3739] [M]: 0x8002A1F8 (0x55658593) addi a1, a1, 1366
x11 <- 0x55555556


mem[X,0x8002A1FC] -> 0x0613
mem[X,0x8002A1FE] -> 0x0000
[3740] [M]: 0x8002A1FC (0x00000613) addi a2, zero, 0
x12 <- 0x00000000


mem[X,0x8002A200] -> 0x006F
mem[X,0x8002A202] -> 0x00C0
[3741] [M]: 0x8002A200 (0x00C0006F) jal zero, 12


mem[X,0x8002A20C] -> 0x5663
mem[X,0x8002A20E] -> 0x00B5
[3742] [M]: 0x8002A20C (0x00B55663) bge a0, a1, 12


mem[X,0x8002A218] -> 0x0613
mem[X,0x8002A21A] -> 0x0036
[3743] [M]: 0x8002A218 (0x00360613) addi a2, a2, 3
x12 <- 0x00000003


mem[X,0x8002A21C] -> 0x006F
mem[X,0x8002A21E] -> 0x0040
[3744] [M]: 0x8002A21C (0x0040006F) jal zero, 4


mem[X,0x8002A220] -> 0x2E23
mem[X,0x8002A222] -> 0x5CC2
[3745] [M]: 0x8002A220 (0x5CC22E23) sw a2, 1500(tp)
mem[0x8003B744] <- 0x00000003


mem[X,0x8002A224] -> 0x6537
mem[X,0x8002A226] -> 0x6666
[3746] [M]: 0x8002A224 (0x66666537) lui a0, 419430
x10 <- 0x66666000


mem[X,0x8002A228] -> 0x0513
mem[X,0x8002A22A] -> 0x6675
[3747] [M]: 0x8002A228 (0x66750513) addi a0, a0, 1639
x10 <- 0x66666667


mem[X,0x8002A22C] -> 0xB5B7
mem[X,0x8002A22E] -> 0xAAAA
[3748] [M]: 0x8002A22C (0xAAAAB5B7) lui a1, 699051
x11 <- 0xAAAAB000


mem[X,0x8002A230] -> 0x8593
mem[X,0x8002A232] -> 0xAAB5
[3749] [M]: 0x8002A230 (0xAAB58593) addi a1, a1, 2731
x11 <- 0xAAAAAAAB


mem[X,0x8002A234] -> 0x0613
mem[X,0x8002A236] -> 0x0000
[3750] [M]: 0x8002A234 (0x00000613) addi a2, zero, 0
x12 <- 0x00000000


mem[X,0x8002A238] -> 0x006F
mem[X,0x8002A23A] -> 0x0050
[3751] [M]: 0x8002A238 (0x0050006F) jal zero, 2052


mem[X,0x8002AA3C] -> 0x50E3
mem[X,0x8002AA3E] -> 0x80B5
[3752] [M]: 0x8002AA3C (0x80B550E3) bge a0, a1, 6144


mem[X,0x8002A23C] -> 0x0613
mem[X,0x8002A23E] -> 0x0016
[3753] [M]: 0x8002A23C (0x00160613) addi a2, a2, 1
x12 <- 0x00000001


mem[X,0x8002A240] -> 0x006F
mem[X,0x8002A242] -> 0x0110
[3754] [M]: 0x8002A240 (0x0110006F) jal zero, 2064


mem[X,0x8002AA50] -> 0x2023
mem[X,0x8002AA52] -> 0x5EC2
[3755] [M]: 0x8002AA50 (0x5EC22023) sw a2, 1504(tp)
mem[0x8003B748] <- 0x00000001


mem[X,0x8002AA54] -> 0x6537
mem[X,0x8002AA56] -> 0x6666
[3756] [M]: 0x8002AA54 (0x66666537) lui a0, 419430
x10 <- 0x66666000


mem[X,0x8002AA58] -> 0x0513
mem[X,0x8002AA5A] -> 0x6675
[3757] [M]: 0x8002AA58 (0x66750513) addi a0, a0, 1639
x10 <- 0x66666667


mem[X,0x8002AA5C] -> 0x0593
mem[X,0x8002AA5E] -> 0x0060
[3758] [M]: 0x8002AA5C (0x00600593) addi a1, zero, 6
x11 <- 0x00000006


mem[X,0x8002AA60] -> 0x0613
mem[X,0x8002AA62] -> 0x0000
[3759] [M]: 0x8002AA60 (0x00000613) addi a2, zero, 0
x12 <- 0x00000000


mem[X,0x8002AA64] -> 0x006F
mem[X,0x8002AA66] -> 0x00C0
[3760] [M]: 0x8002AA64 (0x00C0006F) jal zero, 12


mem[X,0x8002AA70] -> 0x5CE3
mem[X,0x8002AA72] -> 0xFEB5
[3761] [M]: 0x8002AA70 (0xFEB55CE3) bge a0, a1, 8184


mem[X,0x8002AA68] -> 0x0613
mem[X,0x8002AA6A] -> 0x0016
[3762] [M]: 0x8002AA68 (0x00160613) addi a2, a2, 1
x12 <- 0x00000001


mem[X,0x8002AA6C] -> 0x006F
mem[X,0x8002AA6E] -> 0x0180
[3763] [M]: 0x8002AA6C (0x0180006F) jal zero, 24


mem[X,0x8002AA84] -> 0x2223
mem[X,0x8002AA86] -> 0x5EC2
[3764] [M]: 0x8002AA84 (0x5EC22223) sw a2, 1508(tp)
mem[0x8003B74C] <- 0x00000001


mem[X,0x8002AA88] -> 0x6537
mem[X,0x8002AA8A] -> 0x6666
[3765] [M]: 0x8002AA88 (0x66666537) lui a0, 419430
x10 <- 0x66666000


mem[X,0x8002AA8C] -> 0x0513
mem[X,0x8002AA8E] -> 0x6675
[3766] [M]: 0x8002AA8C (0x66750513) addi a0, a0, 1639
x10 <- 0x66666667


mem[X,0x8002AA90] -> 0x35B7
mem[X,0x8002AA92] -> 0x3333
[3767] [M]: 0x8002AA90 (0x333335B7) lui a1, 209715
x11 <- 0x33333000


mem[X,0x8002AA94] -> 0x8593
mem[X,0x8002AA96] -> 0x3345
[3768] [M]: 0x8002AA94 (0x33458593) addi a1, a1, 820
x11 <- 0x33333334


mem[X,0x8002AA98] -> 0x0613
mem[X,0x8002AA9A] -> 0x0000
[3769] [M]: 0x8002AA98 (0x00000613) addi a2, zero, 0
x12 <- 0x00000000


mem[X,0x8002AA9C] -> 0x006F
mem[X,0x8002AA9E] -> 0x00C0
[3770] [M]: 0x8002AA9C (0x00C0006F) jal zero, 12


mem[X,0x8002AAA8] -> 0x5063
mem[X,0x8002AAAA] -> 0x40B5
[3771] [M]: 0x8002AAA8 (0x40B55063) bge a0, a1, 1024


mem[X,0x8002AEA8] -> 0x0613
mem[X,0x8002AEAA] -> 0x0036
[3772] [M]: 0x8002AEA8 (0x00360613) addi a2, a2, 3
x12 <- 0x00000003


mem[X,0x8002AEAC] -> 0x006F
mem[X,0x8002AEAE] -> 0x0040
[3773] [M]: 0x8002AEAC (0x0040006F) jal zero, 4


mem[X,0x8002AEB0] -> 0x2423
mem[X,0x8002AEB2] -> 0x5EC2
[3774] [M]: 0x8002AEB0 (0x5EC22423) sw a2, 1512(tp)
mem[0x8003B750] <- 0x00000003


mem[X,0x8002AEB4] -> 0x6537
mem[X,0x8002AEB6] -> 0x6666
[3775] [M]: 0x8002AEB4 (0x66666537) lui a0, 419430
x10 <- 0x66666000


mem[X,0x8002AEB8] -> 0x0513
mem[X,0x8002AEBA] -> 0x6675
[3776] [M]: 0x8002AEB8 (0x66750513) addi a0, a0, 1639
x10 <- 0x66666667


mem[X,0x8002AEBC] -> 0x55B7
mem[X,0x8002AEBE] -> 0xFFFF
[3777] [M]: 0x8002AEBC (0xFFFF55B7) lui a1, 1048565
x11 <- 0xFFFF5000


mem[X,0x8002AEC0] -> 0x8593
mem[X,0x8002AEC2] -> 0xAFD5
[3778] [M]: 0x8002AEC0 (0xAFD58593) addi a1, a1, 2813
x11 <- 0xFFFF4AFD


mem[X,0x8002AEC4] -> 0x0613
mem[X,0x8002AEC6] -> 0x0000
[3779] [M]: 0x8002AEC4 (0x00000613) addi a2, zero, 0
x12 <- 0x00000000


mem[X,0x8002AEC8] -> 0x006F
mem[X,0x8002AECA] -> 0x00C0
[3780] [M]: 0x8002AEC8 (0x00C0006F) jal zero, 12


mem[X,0x8002AED4] -> 0x5CE3
mem[X,0x8002AED6] -> 0xFEB5
[3781] [M]: 0x8002AED4 (0xFEB55CE3) bge a0, a1, 8184


mem[X,0x8002AECC] -> 0x0613
mem[X,0x8002AECE] -> 0x0016
[3782] [M]: 0x8002AECC (0x00160613) addi a2, a2, 1
x12 <- 0x00000001


mem[X,0x8002AED0] -> 0x006F
mem[X,0x8002AED2] -> 0x0180
[3783] [M]: 0x8002AED0 (0x0180006F) jal zero, 24


mem[X,0x8002AEE8] -> 0x2623
mem[X,0x8002AEEA] -> 0x5EC2
[3784] [M]: 0x8002AEE8 (0x5EC22623) sw a2, 1516(tp)
mem[0x8003B754] <- 0x00000001


mem[X,0x8002AEEC] -> 0x6537
mem[X,0x8002AEEE] -> 0x6666
[3785] [M]: 0x8002AEEC (0x66666537) lui a0, 419430
x10 <- 0x66666000


mem[X,0x8002AEF0] -> 0x0513
mem[X,0x8002AEF2] -> 0x6675
[3786] [M]: 0x8002AEF0 (0x66750513) addi a0, a0, 1639
x10 <- 0x66666667


mem[X,0x8002AEF4] -> 0xB5B7
mem[X,0x8002AEF6] -> 0x0000
[3787] [M]: 0x8002AEF4 (0x0000B5B7) lui a1, 11
x11 <- 0x0000B000


mem[X,0x8002AEF8] -> 0x8593
mem[X,0x8002AEFA] -> 0x5055
[3788] [M]: 0x8002AEF8 (0x50558593) addi a1, a1, 1285
x11 <- 0x0000B505


mem[X,0x8002AEFC] -> 0x0613
mem[X,0x8002AEFE] -> 0x0000
[3789] [M]: 0x8002AEFC (0x00000613) addi a2, zero, 0
x12 <- 0x00000000


mem[X,0x8002AF00] -> 0x006F
mem[X,0x8002AF02] -> 0x0140
[3790] [M]: 0x8002AF00 (0x0140006F) jal zero, 20


mem[X,0x8002AF14] -> 0x58E3
mem[X,0x8002AF16] -> 0xFEB5
[3791] [M]: 0x8002AF14 (0xFEB558E3) bge a0, a1, 8176


mem[X,0x8002AF04] -> 0x0613
mem[X,0x8002AF06] -> 0x0016
[3792] [M]: 0x8002AF04 (0x00160613) addi a2, a2, 1
x12 <- 0x00000001


mem[X,0x8002AF08] -> 0x006F
mem[X,0x8002AF0A] -> 0x0200
[3793] [M]: 0x8002AF08 (0x0200006F) jal zero, 32


mem[X,0x8002AF28] -> 0x2823
mem[X,0x8002AF2A] -> 0x5EC2
[3794] [M]: 0x8002AF28 (0x5EC22823) sw a2, 1520(tp)
mem[0x8003B758] <- 0x00000001


mem[X,0x8002AF2C] -> 0x5537
mem[X,0x8002AF2E] -> 0xFFFF
[3795] [M]: 0x8002AF2C (0xFFFF5537) lui a0, 1048565
x10 <- 0xFFFF5000


mem[X,0x8002AF30] -> 0x0513
mem[X,0x8002AF32] -> 0xAFD5
[3796] [M]: 0x8002AF30 (0xAFD50513) addi a0, a0, 2813
x10 <- 0xFFFF4AFD


mem[X,0x8002AF34] -> 0x0593
mem[X,0x8002AF36] -> 0x0030
[3797] [M]: 0x8002AF34 (0x00300593) addi a1, zero, 3
x11 <- 0x00000003


mem[X,0x8002AF38] -> 0x0613
mem[X,0x8002AF3A] -> 0x0000
[3798] [M]: 0x8002AF38 (0x00000613) addi a2, zero, 0
x12 <- 0x00000000


mem[X,0x8002AF3C] -> 0x006F
mem[X,0x8002AF3E] -> 0x00C0
[3799] [M]: 0x8002AF3C (0x00C0006F) jal zero, 12


clint::tick mtime <- 0x0000000000000026
 clint timer pending at mtime 0x0000000000000026
htif::tick 0x0000000000000000
mem[X,0x8002AF48] -> 0x5663
mem[X,0x8002AF4A] -> 0x00B5
[3800] [M]: 0x8002AF48 (0x00B55663) bge a0, a1, 12


mem[X,0x8002AF4C] -> 0x0613
mem[X,0x8002AF4E] -> 0x0026
[3801] [M]: 0x8002AF4C (0x00260613) addi a2, a2, 2
x12 <- 0x00000002


mem[X,0x8002AF50] -> 0x006F
mem[X,0x8002AF52] -> 0x00C0
[3802] [M]: 0x8002AF50 (0x00C0006F) jal zero, 12


mem[X,0x8002AF5C] -> 0x2A23
mem[X,0x8002AF5E] -> 0x5EC2
[3803] [M]: 0x8002AF5C (0x5EC22A23) sw a2, 1524(tp)
mem[0x8003B75C] <- 0x00000002


mem[X,0x8002AF60] -> 0x5537
mem[X,0x8002AF62] -> 0xFFFF
[3804] [M]: 0x8002AF60 (0xFFFF5537) lui a0, 1048565
x10 <- 0xFFFF5000


mem[X,0x8002AF64] -> 0x0513
mem[X,0x8002AF66] -> 0xAFD5
[3805] [M]: 0x8002AF64 (0xAFD50513) addi a0, a0, 2813
x10 <- 0xFFFF4AFD


mem[X,0x8002AF68] -> 0x55B7
mem[X,0x8002AF6A] -> 0x5555
[3806] [M]: 0x8002AF68 (0x555555B7) lui a1, 349525
x11 <- 0x55555000


mem[X,0x8002AF6C] -> 0x8593
mem[X,0x8002AF6E] -> 0x5555
[3807] [M]: 0x8002AF6C (0x55558593) addi a1, a1, 1365
x11 <- 0x55555555


mem[X,0x8002AF70] -> 0x0613
mem[X,0x8002AF72] -> 0x0000
[3808] [M]: 0x8002AF70 (0x00000613) addi a2, zero, 0
x12 <- 0x00000000


mem[X,0x8002AF74] -> 0x006F
mem[X,0x8002AF76] -> 0x00C0
[3809] [M]: 0x8002AF74 (0x00C0006F) jal zero, 12


mem[X,0x8002AF80] -> 0x5663
mem[X,0x8002AF82] -> 0x00B5
[3810] [M]: 0x8002AF80 (0x00B55663) bge a0, a1, 12


mem[X,0x8002AF84] -> 0x0613
mem[X,0x8002AF86] -> 0x0026
[3811] [M]: 0x8002AF84 (0x00260613) addi a2, a2, 2
x12 <- 0x00000002


mem[X,0x8002AF88] -> 0x006F
mem[X,0x8002AF8A] -> 0x00C0
[3812] [M]: 0x8002AF88 (0x00C0006F) jal zero, 12


mem[X,0x8002AF94] -> 0x2C23
mem[X,0x8002AF96] -> 0x5EC2
[3813] [M]: 0x8002AF94 (0x5EC22C23) sw a2, 1528(tp)
mem[0x8003B760] <- 0x00000002


mem[X,0x8002AF98] -> 0x5537
mem[X,0x8002AF9A] -> 0xFFFF
[3814] [M]: 0x8002AF98 (0xFFFF5537) lui a0, 1048565
x10 <- 0xFFFF5000


mem[X,0x8002AF9C] -> 0x0513
mem[X,0x8002AF9E] -> 0xAFD5
[3815] [M]: 0x8002AF9C (0xAFD50513) addi a0, a0, 2813
x10 <- 0xFFFF4AFD


mem[X,0x8002AFA0] -> 0xB5B7
mem[X,0x8002AFA2] -> 0xAAAA
[3816] [M]: 0x8002AFA0 (0xAAAAB5B7) lui a1, 699051
x11 <- 0xAAAAB000


mem[X,0x8002AFA4] -> 0x8593
mem[X,0x8002AFA6] -> 0xAAA5
[3817] [M]: 0x8002AFA4 (0xAAA58593) addi a1, a1, 2730
x11 <- 0xAAAAAAAA


mem[X,0x8002AFA8] -> 0x0613
mem[X,0x8002AFAA] -> 0x0000
[3818] [M]: 0x8002AFA8 (0x00000613) addi a2, zero, 0
x12 <- 0x00000000


mem[X,0x8002AFAC] -> 0x006F
mem[X,0x8002AFAE] -> 0x00C0
[3819] [M]: 0x8002AFAC (0x00C0006F) jal zero, 12


mem[X,0x8002AFB8] -> 0x5663
mem[X,0x8002AFBA] -> 0x00B5
[3820] [M]: 0x8002AFB8 (0x00B55663) bge a0, a1, 12


mem[X,0x8002AFC4] -> 0x0613
mem[X,0x8002AFC6] -> 0x0036
[3821] [M]: 0x8002AFC4 (0x00360613) addi a2, a2, 3
x12 <- 0x00000003


mem[X,0x8002AFC8] -> 0x006F
mem[X,0x8002AFCA] -> 0x0040
[3822] [M]: 0x8002AFC8 (0x0040006F) jal zero, 4


mem[X,0x8002AFCC] -> 0x2E23
mem[X,0x8002AFCE] -> 0x5EC2
[3823] [M]: 0x8002AFCC (0x5EC22E23) sw a2, 1532(tp)
mem[0x8003B764] <- 0x00000003


mem[X,0x8002AFD0] -> 0x5537
mem[X,0x8002AFD2] -> 0xFFFF
[3824] [M]: 0x8002AFD0 (0xFFFF5537) lui a0, 1048565
x10 <- 0xFFFF5000


mem[X,0x8002AFD4] -> 0x0513
mem[X,0x8002AFD6] -> 0xAFD5
[3825] [M]: 0x8002AFD4 (0xAFD50513) addi a0, a0, 2813
x10 <- 0xFFFF4AFD


mem[X,0x8002AFD8] -> 0x0593
mem[X,0x8002AFDA] -> 0x0050
[3826] [M]: 0x8002AFD8 (0x00500593) addi a1, zero, 5
x11 <- 0x00000005


mem[X,0x8002AFDC] -> 0x0613
mem[X,0x8002AFDE] -> 0x0000
[3827] [M]: 0x8002AFDC (0x00000613) addi a2, zero, 0
x12 <- 0x00000000


mem[X,0x8002AFE0] -> 0x006F
mem[X,0x8002AFE2] -> 0x0140
[3828] [M]: 0x8002AFE0 (0x0140006F) jal zero, 20


mem[X,0x8002AFF4] -> 0x58E3
mem[X,0x8002AFF6] -> 0xFEB5
[3829] [M]: 0x8002AFF4 (0xFEB558E3) bge a0, a1, 8176


mem[X,0x8002AFF8] -> 0x0613
mem[X,0x8002AFFA] -> 0x0026
[3830] [M]: 0x8002AFF8 (0x00260613) addi a2, a2, 2
x12 <- 0x00000002


mem[X,0x8002AFFC] -> 0x006F
mem[X,0x8002AFFE] -> 0x00C0
[3831] [M]: 0x8002AFFC (0x00C0006F) jal zero, 12


mem[X,0x8002B008] -> 0x2023
mem[X,0x8002B00A] -> 0x60C2
[3832] [M]: 0x8002B008 (0x60C22023) sw a2, 1536(tp)
mem[0x8003B768] <- 0x00000002


mem[X,0x8002B00C] -> 0x5537
mem[X,0x8002B00E] -> 0xFFFF
[3833] [M]: 0x8002B00C (0xFFFF5537) lui a0, 1048565
x10 <- 0xFFFF5000


mem[X,0x8002B010] -> 0x0513
mem[X,0x8002B012] -> 0xAFD5
[3834] [M]: 0x8002B010 (0xAFD50513) addi a0, a0, 2813
x10 <- 0xFFFF4AFD


mem[X,0x8002B014] -> 0x35B7
mem[X,0x8002B016] -> 0x3333
[3835] [M]: 0x8002B014 (0x333335B7) lui a1, 209715
x11 <- 0x33333000


mem[X,0x8002B018] -> 0x8593
mem[X,0x8002B01A] -> 0x3335
[3836] [M]: 0x8002B018 (0x33358593) addi a1, a1, 819
x11 <- 0x33333333


mem[X,0x8002B01C] -> 0x0613
mem[X,0x8002B01E] -> 0x0000
[3837] [M]: 0x8002B01C (0x00000613) addi a2, zero, 0
x12 <- 0x00000000


mem[X,0x8002B020] -> 0x006F
mem[X,0x8002B022] -> 0x0180
[3838] [M]: 0x8002B020 (0x0180006F) jal zero, 24


mem[X,0x8002B038] -> 0x56E3
mem[X,0x8002B03A] -> 0xFEB5
[3839] [M]: 0x8002B038 (0xFEB556E3) bge a0, a1, 8172


mem[X,0x8002B03C] -> 0x0613
mem[X,0x8002B03E] -> 0x0026
[3840] [M]: 0x8002B03C (0x00260613) addi a2, a2, 2
x12 <- 0x00000002


mem[X,0x8002B040] -> 0x006F
mem[X,0x8002B042] -> 0x00C0
[3841] [M]: 0x8002B040 (0x00C0006F) jal zero, 12


mem[X,0x8002B04C] -> 0x2223
mem[X,0x8002B04E] -> 0x60C2
[3842] [M]: 0x8002B04C (0x60C22223) sw a2, 1540(tp)
mem[0x8003B76C] <- 0x00000002


mem[X,0x8002B050] -> 0x5537
mem[X,0x8002B052] -> 0xFFFF
[3843] [M]: 0x8002B050 (0xFFFF5537) lui a0, 1048565
x10 <- 0xFFFF5000


mem[X,0x8002B054] -> 0x0513
mem[X,0x8002B056] -> 0xAFD5
[3844] [M]: 0x8002B054 (0xAFD50513) addi a0, a0, 2813
x10 <- 0xFFFF4AFD


mem[X,0x8002B058] -> 0x65B7
mem[X,0x8002B05A] -> 0x6666
[3845] [M]: 0x8002B058 (0x666665B7) lui a1, 419430
x11 <- 0x66666000


mem[X,0x8002B05C] -> 0x8593
mem[X,0x8002B05E] -> 0x6665
[3846] [M]: 0x8002B05C (0x66658593) addi a1, a1, 1638
x11 <- 0x66666666


mem[X,0x8002B060] -> 0x0613
mem[X,0x8002B062] -> 0x0000
[3847] [M]: 0x8002B060 (0x00000613) addi a2, zero, 0
x12 <- 0x00000000


mem[X,0x8002B064] -> 0x006F
mem[X,0x8002B066] -> 0x00C0
[3848] [M]: 0x8002B064 (0x00C0006F) jal zero, 12


mem[X,0x8002B070] -> 0x5063
mem[X,0x8002B072] -> 0x08B5
[3849] [M]: 0x8002B070 (0x08B55063) bge a0, a1, 128


mem[X,0x8002B074] -> 0x0613
mem[X,0x8002B076] -> 0x0026
[3850] [M]: 0x8002B074 (0x00260613) addi a2, a2, 2
x12 <- 0x00000002


mem[X,0x8002B078] -> 0x006F
mem[X,0x8002B07A] -> 0x0800
[3851] [M]: 0x8002B078 (0x0800006F) jal zero, 128


mem[X,0x8002B0F8] -> 0x2423
mem[X,0x8002B0FA] -> 0x60C2
[3852] [M]: 0x8002B0F8 (0x60C22423) sw a2, 1544(tp)
mem[0x8003B770] <- 0x00000002


mem[X,0x8002B0FC] -> 0x5537
mem[X,0x8002B0FE] -> 0xFFFF
[3853] [M]: 0x8002B0FC (0xFFFF5537) lui a0, 1048565
x10 <- 0xFFFF5000


mem[X,0x8002B100] -> 0x0513
mem[X,0x8002B102] -> 0xAFD5
[3854] [M]: 0x8002B100 (0xAFD50513) addi a0, a0, 2813
x10 <- 0xFFFF4AFD


mem[X,0x8002B104] -> 0x55B7
mem[X,0x8002B106] -> 0xFFFF
[3855] [M]: 0x8002B104 (0xFFFF55B7) lui a1, 1048565
x11 <- 0xFFFF5000


mem[X,0x8002B108] -> 0x8593
mem[X,0x8002B10A] -> 0xAFC5
[3856] [M]: 0x8002B108 (0xAFC58593) addi a1, a1, 2812
x11 <- 0xFFFF4AFC


mem[X,0x8002B10C] -> 0x0613
mem[X,0x8002B10E] -> 0x0000
[3857] [M]: 0x8002B10C (0x00000613) addi a2, zero, 0
x12 <- 0x00000000


mem[X,0x8002B110] -> 0x006F
mem[X,0x8002B112] -> 0x00C0
[3858] [M]: 0x8002B110 (0x00C0006F) jal zero, 12


mem[X,0x8002B11C] -> 0x5663
mem[X,0x8002B11E] -> 0x00B5
[3859] [M]: 0x8002B11C (0x00B55663) bge a0, a1, 12


mem[X,0x8002B128] -> 0x0613
mem[X,0x8002B12A] -> 0x0036
[3860] [M]: 0x8002B128 (0x00360613) addi a2, a2, 3
x12 <- 0x00000003


mem[X,0x8002B12C] -> 0x006F
mem[X,0x8002B12E] -> 0x0040
[3861] [M]: 0x8002B12C (0x0040006F) jal zero, 4


mem[X,0x8002B130] -> 0x2623
mem[X,0x8002B132] -> 0x60C2
[3862] [M]: 0x8002B130 (0x60C22623) sw a2, 1548(tp)
mem[0x8003B774] <- 0x00000003


mem[X,0x8002B134] -> 0x5537
mem[X,0x8002B136] -> 0xFFFF
[3863] [M]: 0x8002B134 (0xFFFF5537) lui a0, 1048565
x10 <- 0xFFFF5000


mem[X,0x8002B138] -> 0x0513
mem[X,0x8002B13A] -> 0xAFD5
[3864] [M]: 0x8002B138 (0xAFD50513) addi a0, a0, 2813
x10 <- 0xFFFF4AFD


mem[X,0x8002B13C] -> 0xB5B7
mem[X,0x8002B13E] -> 0x0000
[3865] [M]: 0x8002B13C (0x0000B5B7) lui a1, 11
x11 <- 0x0000B000


mem[X,0x8002B140] -> 0x8593
mem[X,0x8002B142] -> 0x5045
[3866] [M]: 0x8002B140 (0x50458593) addi a1, a1, 1284
x11 <- 0x0000B504


mem[X,0x8002B144] -> 0x0613
mem[X,0x8002B146] -> 0x0000
[3867] [M]: 0x8002B144 (0x00000613) addi a2, zero, 0
x12 <- 0x00000000


mem[X,0x8002B148] -> 0x006F
mem[X,0x8002B14A] -> 0x00C0
[3868] [M]: 0x8002B148 (0x00C0006F) jal zero, 12


mem[X,0x8002B154] -> 0x5063
mem[X,0x8002B156] -> 0x40B5
[3869] [M]: 0x8002B154 (0x40B55063) bge a0, a1, 1024


mem[X,0x8002B158] -> 0x0613
mem[X,0x8002B15A] -> 0x0026
[3870] [M]: 0x8002B158 (0x00260613) addi a2, a2, 2
x12 <- 0x00000002


mem[X,0x8002B15C] -> 0x006F
mem[X,0x8002B15E] -> 0x4000
[3871] [M]: 0x8002B15C (0x4000006F) jal zero, 1024


mem[X,0x8002B55C] -> 0x2823
mem[X,0x8002B55E] -> 0x60C2
[3872] [M]: 0x8002B55C (0x60C22823) sw a2, 1552(tp)
mem[0x8003B778] <- 0x00000002


mem[X,0x8002B560] -> 0x5537
mem[X,0x8002B562] -> 0xFFFF
[3873] [M]: 0x8002B560 (0xFFFF5537) lui a0, 1048565
x10 <- 0xFFFF5000


mem[X,0x8002B564] -> 0x0513
mem[X,0x8002B566] -> 0xAFD5
[3874] [M]: 0x8002B564 (0xAFD50513) addi a0, a0, 2813
x10 <- 0xFFFF4AFD


mem[X,0x8002B568] -> 0x0593
mem[X,0x8002B56A] -> 0x0020
[3875] [M]: 0x8002B568 (0x00200593) addi a1, zero, 2
x11 <- 0x00000002


mem[X,0x8002B56C] -> 0x0613
mem[X,0x8002B56E] -> 0x0000
[3876] [M]: 0x8002B56C (0x00000613) addi a2, zero, 0
x12 <- 0x00000000


mem[X,0x8002B570] -> 0x006F
mem[X,0x8002B572] -> 0x00C0
[3877] [M]: 0x8002B570 (0x00C0006F) jal zero, 12


mem[X,0x8002B57C] -> 0x5063
mem[X,0x8002B57E] -> 0x02B5
[3878] [M]: 0x8002B57C (0x02B55063) bge a0, a1, 32


mem[X,0x8002B580] -> 0x0613
mem[X,0x8002B582] -> 0x0026
[3879] [M]: 0x8002B580 (0x00260613) addi a2, a2, 2
x12 <- 0x00000002


mem[X,0x8002B584] -> 0x006F
mem[X,0x8002B586] -> 0x0200
[3880] [M]: 0x8002B584 (0x0200006F) jal zero, 32


mem[X,0x8002B5A4] -> 0x2A23
mem[X,0x8002B5A6] -> 0x60C2
[3881] [M]: 0x8002B5A4 (0x60C22A23) sw a2, 1556(tp)
mem[0x8003B77C] <- 0x00000002


mem[X,0x8002B5A8] -> 0x5537
mem[X,0x8002B5AA] -> 0xFFFF
[3882] [M]: 0x8002B5A8 (0xFFFF5537) lui a0, 1048565
x10 <- 0xFFFF5000


mem[X,0x8002B5AC] -> 0x0513
mem[X,0x8002B5AE] -> 0xAFD5
[3883] [M]: 0x8002B5AC (0xAFD50513) addi a0, a0, 2813
x10 <- 0xFFFF4AFD


mem[X,0x8002B5B0] -> 0x55B7
mem[X,0x8002B5B2] -> 0x5555
[3884] [M]: 0x8002B5B0 (0x555555B7) lui a1, 349525
x11 <- 0x55555000


mem[X,0x8002B5B4] -> 0x8593
mem[X,0x8002B5B6] -> 0x5545
[3885] [M]: 0x8002B5B4 (0x55458593) addi a1, a1, 1364
x11 <- 0x55555554


mem[X,0x8002B5B8] -> 0x0613
mem[X,0x8002B5BA] -> 0x0000
[3886] [M]: 0x8002B5B8 (0x00000613) addi a2, zero, 0
x12 <- 0x00000000


mem[X,0x8002B5BC] -> 0x006F
mem[X,0x8002B5BE] -> 0x0140
[3887] [M]: 0x8002B5BC (0x0140006F) jal zero, 20


mem[X,0x8002B5D0] -> 0x58E3
mem[X,0x8002B5D2] -> 0xFEB5
[3888] [M]: 0x8002B5D0 (0xFEB558E3) bge a0, a1, 8176


mem[X,0x8002B5D4] -> 0x0613
mem[X,0x8002B5D6] -> 0x0026
[3889] [M]: 0x8002B5D4 (0x00260613) addi a2, a2, 2
x12 <- 0x00000002


mem[X,0x8002B5D8] -> 0x006F
mem[X,0x8002B5DA] -> 0x00C0
[3890] [M]: 0x8002B5D8 (0x00C0006F) jal zero, 12


mem[X,0x8002B5E4] -> 0x2C23
mem[X,0x8002B5E6] -> 0x60C2
[3891] [M]: 0x8002B5E4 (0x60C22C23) sw a2, 1560(tp)
mem[0x8003B780] <- 0x00000002


mem[X,0x8002B5E8] -> 0x5537
mem[X,0x8002B5EA] -> 0xFFFF
[3892] [M]: 0x8002B5E8 (0xFFFF5537) lui a0, 1048565
x10 <- 0xFFFF5000


mem[X,0x8002B5EC] -> 0x0513
mem[X,0x8002B5EE] -> 0xAFD5
[3893] [M]: 0x8002B5EC (0xAFD50513) addi a0, a0, 2813
x10 <- 0xFFFF4AFD


mem[X,0x8002B5F0] -> 0x0593
mem[X,0x8002B5F2] -> 0x0000
[3894] [M]: 0x8002B5F0 (0x00000593) addi a1, zero, 0
x11 <- 0x00000000


mem[X,0x8002B5F4] -> 0x0613
mem[X,0x8002B5F6] -> 0x0000
[3895] [M]: 0x8002B5F4 (0x00000613) addi a2, zero, 0
x12 <- 0x00000000


mem[X,0x8002B5F8] -> 0x006F
mem[X,0x8002B5FA] -> 0x00C0
[3896] [M]: 0x8002B5F8 (0x00C0006F) jal zero, 12


mem[X,0x8002B604] -> 0x5063
mem[X,0x8002B606] -> 0x02B5
[3897] [M]: 0x8002B604 (0x02B55063) bge a0, a1, 32


mem[X,0x8002B608] -> 0x0613
mem[X,0x8002B60A] -> 0x0026
[3898] [M]: 0x8002B608 (0x00260613) addi a2, a2, 2
x12 <- 0x00000002


mem[X,0x8002B60C] -> 0x006F
mem[X,0x8002B60E] -> 0x0200
[3899] [M]: 0x8002B60C (0x0200006F) jal zero, 32


clint::tick mtime <- 0x0000000000000027
 clint timer pending at mtime 0x0000000000000027
htif::tick 0x0000000000000000
mem[X,0x8002B62C] -> 0x2E23
mem[X,0x8002B62E] -> 0x60C2
[3900] [M]: 0x8002B62C (0x60C22E23) sw a2, 1564(tp)
mem[0x8003B784] <- 0x00000002


mem[X,0x8002B630] -> 0x5537
mem[X,0x8002B632] -> 0xFFFF
[3901] [M]: 0x8002B630 (0xFFFF5537) lui a0, 1048565
x10 <- 0xFFFF5000


mem[X,0x8002B634] -> 0x0513
mem[X,0x8002B636] -> 0xAFD5
[3902] [M]: 0x8002B634 (0xAFD50513) addi a0, a0, 2813
x10 <- 0xFFFF4AFD


mem[X,0x8002B638] -> 0x0593
mem[X,0x8002B63A] -> 0x0040
[3903] [M]: 0x8002B638 (0x00400593) addi a1, zero, 4
x11 <- 0x00000004


mem[X,0x8002B63C] -> 0x0613
mem[X,0x8002B63E] -> 0x0000
[3904] [M]: 0x8002B63C (0x00000613) addi a2, zero, 0
x12 <- 0x00000000


mem[X,0x8002B640] -> 0x006F
mem[X,0x8002B642] -> 0x00C0
[3905] [M]: 0x8002B640 (0x00C0006F) jal zero, 12


mem[X,0x8002B64C] -> 0x5063
mem[X,0x8002B64E] -> 0x04B5
[3906] [M]: 0x8002B64C (0x04B55063) bge a0, a1, 64


mem[X,0x8002B650] -> 0x0613
mem[X,0x8002B652] -> 0x0026
[3907] [M]: 0x8002B650 (0x00260613) addi a2, a2, 2
x12 <- 0x00000002


mem[X,0x8002B654] -> 0x006F
mem[X,0x8002B656] -> 0x0400
[3908] [M]: 0x8002B654 (0x0400006F) jal zero, 64


mem[X,0x8002B694] -> 0x2023
mem[X,0x8002B696] -> 0x62C2
[3909] [M]: 0x8002B694 (0x62C22023) sw a2, 1568(tp)
mem[0x8003B788] <- 0x00000002


mem[X,0x8002B698] -> 0x5537
mem[X,0x8002B69A] -> 0xFFFF
[3910] [M]: 0x8002B698 (0xFFFF5537) lui a0, 1048565
x10 <- 0xFFFF5000


mem[X,0x8002B69C] -> 0x0513
mem[X,0x8002B69E] -> 0xAFD5
[3911] [M]: 0x8002B69C (0xAFD50513) addi a0, a0, 2813
x10 <- 0xFFFF4AFD


mem[X,0x8002B6A0] -> 0x35B7
mem[X,0x8002B6A2] -> 0x3333
[3912] [M]: 0x8002B6A0 (0x333335B7) lui a1, 209715
x11 <- 0x33333000


mem[X,0x8002B6A4] -> 0x8593
mem[X,0x8002B6A6] -> 0x3325
[3913] [M]: 0x8002B6A4 (0x33258593) addi a1, a1, 818
x11 <- 0x33333332


mem[X,0x8002B6A8] -> 0x0613
mem[X,0x8002B6AA] -> 0x0000
[3914] [M]: 0x8002B6A8 (0x00000613) addi a2, zero, 0
x12 <- 0x00000000


mem[X,0x8002B6AC] -> 0x006F
mem[X,0x8002B6AE] -> 0x00C0
[3915] [M]: 0x8002B6AC (0x00C0006F) jal zero, 12


mem[X,0x8002B6B8] -> 0x5CE3
mem[X,0x8002B6BA] -> 0xFEB5
[3916] [M]: 0x8002B6B8 (0xFEB55CE3) bge a0, a1, 8184


mem[X,0x8002B6BC] -> 0x0613
mem[X,0x8002B6BE] -> 0x0026
[3917] [M]: 0x8002B6BC (0x00260613) addi a2, a2, 2
x12 <- 0x00000002


mem[X,0x8002B6C0] -> 0x006F
mem[X,0x8002B6C2] -> 0x00C0
[3918] [M]: 0x8002B6C0 (0x00C0006F) jal zero, 12


mem[X,0x8002B6CC] -> 0x2223
mem[X,0x8002B6CE] -> 0x62C2
[3919] [M]: 0x8002B6CC (0x62C22223) sw a2, 1572(tp)
mem[0x8003B78C] <- 0x00000002


mem[X,0x8002B6D0] -> 0x5537
mem[X,0x8002B6D2] -> 0xFFFF
[3920] [M]: 0x8002B6D0 (0xFFFF5537) lui a0, 1048565
x10 <- 0xFFFF5000


mem[X,0x8002B6D4] -> 0x0513
mem[X,0x8002B6D6] -> 0xAFD5
[3921] [M]: 0x8002B6D4 (0xAFD50513) addi a0, a0, 2813
x10 <- 0xFFFF4AFD


mem[X,0x8002B6D8] -> 0x65B7
mem[X,0x8002B6DA] -> 0x6666
[3922] [M]: 0x8002B6D8 (0x666665B7) lui a1, 419430
x11 <- 0x66666000


mem[X,0x8002B6DC] -> 0x8593
mem[X,0x8002B6DE] -> 0x6655
[3923] [M]: 0x8002B6DC (0x66558593) addi a1, a1, 1637
x11 <- 0x66666665


mem[X,0x8002B6E0] -> 0x0613
mem[X,0x8002B6E2] -> 0x0000
[3924] [M]: 0x8002B6E0 (0x00000613) addi a2, zero, 0
x12 <- 0x00000000


mem[X,0x8002B6E4] -> 0x006F
mem[X,0x8002B6E6] -> 0x00C0
[3925] [M]: 0x8002B6E4 (0x00C0006F) jal zero, 12


mem[X,0x8002B6F0] -> 0x5663
mem[X,0x8002B6F2] -> 0x00B5
[3926] [M]: 0x8002B6F0 (0x00B55663) bge a0, a1, 12


mem[X,0x8002B6F4] -> 0x0613
mem[X,0x8002B6F6] -> 0x0026
[3927] [M]: 0x8002B6F4 (0x00260613) addi a2, a2, 2
x12 <- 0x00000002


mem[X,0x8002B6F8] -> 0x006F
mem[X,0x8002B6FA] -> 0x00C0
[3928] [M]: 0x8002B6F8 (0x00C0006F) jal zero, 12


mem[X,0x8002B704] -> 0x2423
mem[X,0x8002B706] -> 0x62C2
[3929] [M]: 0x8002B704 (0x62C22423) sw a2, 1576(tp)
mem[0x8003B790] <- 0x00000002


mem[X,0x8002B708] -> 0x5537
mem[X,0x8002B70A] -> 0xFFFF
[3930] [M]: 0x8002B708 (0xFFFF5537) lui a0, 1048565
x10 <- 0xFFFF5000


mem[X,0x8002B70C] -> 0x0513
mem[X,0x8002B70E] -> 0xAFD5
[3931] [M]: 0x8002B70C (0xAFD50513) addi a0, a0, 2813
x10 <- 0xFFFF4AFD


mem[X,0x8002B710] -> 0xB5B7
mem[X,0x8002B712] -> 0x0000
[3932] [M]: 0x8002B710 (0x0000B5B7) lui a1, 11
x11 <- 0x0000B000


mem[X,0x8002B714] -> 0x8593
mem[X,0x8002B716] -> 0x5035
[3933] [M]: 0x8002B714 (0x50358593) addi a1, a1, 1283
x11 <- 0x0000B503


mem[X,0x8002B718] -> 0x0613
mem[X,0x8002B71A] -> 0x0000
[3934] [M]: 0x8002B718 (0x00000613) addi a2, zero, 0
x12 <- 0x00000000


mem[X,0x8002B71C] -> 0x006F
mem[X,0x8002B71E] -> 0x0180
[3935] [M]: 0x8002B71C (0x0180006F) jal zero, 24


mem[X,0x8002B734] -> 0x56E3
mem[X,0x8002B736] -> 0xFEB5
[3936] [M]: 0x8002B734 (0xFEB556E3) bge a0, a1, 8172


mem[X,0x8002B738] -> 0x0613
mem[X,0x8002B73A] -> 0x0026
[3937] [M]: 0x8002B738 (0x00260613) addi a2, a2, 2
x12 <- 0x00000002


mem[X,0x8002B73C] -> 0x006F
mem[X,0x8002B73E] -> 0x00C0
[3938] [M]: 0x8002B73C (0x00C0006F) jal zero, 12


mem[X,0x8002B748] -> 0x2623
mem[X,0x8002B74A] -> 0x62C2
[3939] [M]: 0x8002B748 (0x62C22623) sw a2, 1580(tp)
mem[0x8003B794] <- 0x00000002


mem[X,0x8002B74C] -> 0x5537
mem[X,0x8002B74E] -> 0xFFFF
[3940] [M]: 0x8002B74C (0xFFFF5537) lui a0, 1048565
x10 <- 0xFFFF5000


mem[X,0x8002B750] -> 0x0513
mem[X,0x8002B752] -> 0xAFD5
[3941] [M]: 0x8002B750 (0xAFD50513) addi a0, a0, 2813
x10 <- 0xFFFF4AFD


mem[X,0x8002B754] -> 0x55B7
mem[X,0x8002B756] -> 0x5555
[3942] [M]: 0x8002B754 (0x555555B7) lui a1, 349525
x11 <- 0x55555000


mem[X,0x8002B758] -> 0x8593
mem[X,0x8002B75A] -> 0x5565
[3943] [M]: 0x8002B758 (0x55658593) addi a1, a1, 1366
x11 <- 0x55555556


mem[X,0x8002B75C] -> 0x0613
mem[X,0x8002B75E] -> 0x0000
[3944] [M]: 0x8002B75C (0x00000613) addi a2, zero, 0
x12 <- 0x00000000


mem[X,0x8002B760] -> 0x006F
mem[X,0x8002B762] -> 0x00C0
[3945] [M]: 0x8002B760 (0x00C0006F) jal zero, 12


mem[X,0x8002B76C] -> 0x5663
mem[X,0x8002B76E] -> 0x00B5
[3946] [M]: 0x8002B76C (0x00B55663) bge a0, a1, 12


mem[X,0x8002B770] -> 0x0613
mem[X,0x8002B772] -> 0x0026
[3947] [M]: 0x8002B770 (0x00260613) addi a2, a2, 2
x12 <- 0x00000002


mem[X,0x8002B774] -> 0x006F
mem[X,0x8002B776] -> 0x00C0
[3948] [M]: 0x8002B774 (0x00C0006F) jal zero, 12


mem[X,0x8002B780] -> 0x2823
mem[X,0x8002B782] -> 0x62C2
[3949] [M]: 0x8002B780 (0x62C22823) sw a2, 1584(tp)
mem[0x8003B798] <- 0x00000002


mem[X,0x8002B784] -> 0x5537
mem[X,0x8002B786] -> 0xFFFF
[3950] [M]: 0x8002B784 (0xFFFF5537) lui a0, 1048565
x10 <- 0xFFFF5000


mem[X,0x8002B788] -> 0x0513
mem[X,0x8002B78A] -> 0xAFD5
[3951] [M]: 0x8002B788 (0xAFD50513) addi a0, a0, 2813
x10 <- 0xFFFF4AFD


mem[X,0x8002B78C] -> 0xB5B7
mem[X,0x8002B78E] -> 0xAAAA
[3952] [M]: 0x8002B78C (0xAAAAB5B7) lui a1, 699051
x11 <- 0xAAAAB000


mem[X,0x8002B790] -> 0x8593
mem[X,0x8002B792] -> 0xAAB5
[3953] [M]: 0x8002B790 (0xAAB58593) addi a1, a1, 2731
x11 <- 0xAAAAAAAB


mem[X,0x8002B794] -> 0x0613
mem[X,0x8002B796] -> 0x0000
[3954] [M]: 0x8002B794 (0x00000613) addi a2, zero, 0
x12 <- 0x00000000


mem[X,0x8002B798] -> 0x006F
mem[X,0x8002B79A] -> 0x00C0
[3955] [M]: 0x8002B798 (0x00C0006F) jal zero, 12


mem[X,0x8002B7A4] -> 0x5CE3
mem[X,0x8002B7A6] -> 0xFEB5
[3956] [M]: 0x8002B7A4 (0xFEB55CE3) bge a0, a1, 8184


mem[X,0x8002B79C] -> 0x0613
mem[X,0x8002B79E] -> 0x0016
[3957] [M]: 0x8002B79C (0x00160613) addi a2, a2, 1
x12 <- 0x00000001


mem[X,0x8002B7A0] -> 0x006F
mem[X,0x8002B7A2] -> 0x0180
[3958] [M]: 0x8002B7A0 (0x0180006F) jal zero, 24


mem[X,0x8002B7B8] -> 0x2A23
mem[X,0x8002B7BA] -> 0x62C2
[3959] [M]: 0x8002B7B8 (0x62C22A23) sw a2, 1588(tp)
mem[0x8003B79C] <- 0x00000001


mem[X,0x8002B7BC] -> 0x5537
mem[X,0x8002B7BE] -> 0xFFFF
[3960] [M]: 0x8002B7BC (0xFFFF5537) lui a0, 1048565
x10 <- 0xFFFF5000


mem[X,0x8002B7C0] -> 0x0513
mem[X,0x8002B7C2] -> 0xAFD5
[3961] [M]: 0x8002B7C0 (0xAFD50513) addi a0, a0, 2813
x10 <- 0xFFFF4AFD


mem[X,0x8002B7C4] -> 0x0593
mem[X,0x8002B7C6] -> 0x0060
[3962] [M]: 0x8002B7C4 (0x00600593) addi a1, zero, 6
x11 <- 0x00000006


mem[X,0x8002B7C8] -> 0x0613
mem[X,0x8002B7CA] -> 0x0000
[3963] [M]: 0x8002B7C8 (0x00000613) addi a2, zero, 0
x12 <- 0x00000000


mem[X,0x8002B7CC] -> 0x006F
mem[X,0x8002B7CE] -> 0x0180
[3964] [M]: 0x8002B7CC (0x0180006F) jal zero, 24


mem[X,0x8002B7E4] -> 0x56E3
mem[X,0x8002B7E6] -> 0xFEB5
[3965] [M]: 0x8002B7E4 (0xFEB556E3) bge a0, a1, 8172


mem[X,0x8002B7E8] -> 0x0613
mem[X,0x8002B7EA] -> 0x0026
[3966] [M]: 0x8002B7E8 (0x00260613) addi a2, a2, 2
x12 <- 0x00000002


mem[X,0x8002B7EC] -> 0x006F
mem[X,0x8002B7EE] -> 0x00C0
[3967] [M]: 0x8002B7EC (0x00C0006F) jal zero, 12


mem[X,0x8002B7F8] -> 0x2C23
mem[X,0x8002B7FA] -> 0x62C2
[3968] [M]: 0x8002B7F8 (0x62C22C23) sw a2, 1592(tp)
mem[0x8003B7A0] <- 0x00000002


mem[X,0x8002B7FC] -> 0x5537
mem[X,0x8002B7FE] -> 0xFFFF
[3969] [M]: 0x8002B7FC (0xFFFF5537) lui a0, 1048565
x10 <- 0xFFFF5000


mem[X,0x8002B800] -> 0x0513
mem[X,0x8002B802] -> 0xAFD5
[3970] [M]: 0x8002B800 (0xAFD50513) addi a0, a0, 2813
x10 <- 0xFFFF4AFD


mem[X,0x8002B804] -> 0x35B7
mem[X,0x8002B806] -> 0x3333
[3971] [M]: 0x8002B804 (0x333335B7) lui a1, 209715
x11 <- 0x33333000


mem[X,0x8002B808] -> 0x8593
mem[X,0x8002B80A] -> 0x3345
[3972] [M]: 0x8002B808 (0x33458593) addi a1, a1, 820
x11 <- 0x33333334


mem[X,0x8002B80C] -> 0x0613
mem[X,0x8002B80E] -> 0x0000
[3973] [M]: 0x8002B80C (0x00000613) addi a2, zero, 0
x12 <- 0x00000000


mem[X,0x8002B810] -> 0x006F
mem[X,0x8002B812] -> 0x00C0
[3974] [M]: 0x8002B810 (0x00C0006F) jal zero, 12


mem[X,0x8002B81C] -> 0x5863
mem[X,0x8002B81E] -> 0x00B5
[3975] [M]: 0x8002B81C (0x00B55863) bge a0, a1, 16


mem[X,0x8002B820] -> 0x0613
mem[X,0x8002B822] -> 0x0026
[3976] [M]: 0x8002B820 (0x00260613) addi a2, a2, 2
x12 <- 0x00000002


mem[X,0x8002B824] -> 0x006F
mem[X,0x8002B826] -> 0x0100
[3977] [M]: 0x8002B824 (0x0100006F) jal zero, 16


mem[X,0x8002B834] -> 0x2E23
mem[X,0x8002B836] -> 0x62C2
[3978] [M]: 0x8002B834 (0x62C22E23) sw a2, 1596(tp)
mem[0x8003B7A4] <- 0x00000002


mem[X,0x8002B838] -> 0x5537
mem[X,0x8002B83A] -> 0xFFFF
[3979] [M]: 0x8002B838 (0xFFFF5537) lui a0, 1048565
x10 <- 0xFFFF5000


mem[X,0x8002B83C] -> 0x0513
mem[X,0x8002B83E] -> 0xAFD5
[3980] [M]: 0x8002B83C (0xAFD50513) addi a0, a0, 2813
x10 <- 0xFFFF4AFD


mem[X,0x8002B840] -> 0x65B7
mem[X,0x8002B842] -> 0x6666
[3981] [M]: 0x8002B840 (0x666665B7) lui a1, 419430
x11 <- 0x66666000


mem[X,0x8002B844] -> 0x8593
mem[X,0x8002B846] -> 0x6675
[3982] [M]: 0x8002B844 (0x66758593) addi a1, a1, 1639
x11 <- 0x66666667


mem[X,0x8002B848] -> 0x0613
mem[X,0x8002B84A] -> 0x0000
[3983] [M]: 0x8002B848 (0x00000613) addi a2, zero, 0
x12 <- 0x00000000


mem[X,0x8002B84C] -> 0x006F
mem[X,0x8002B84E] -> 0x00C0
[3984] [M]: 0x8002B84C (0x00C0006F) jal zero, 12


mem[X,0x8002B858] -> 0x5663
mem[X,0x8002B85A] -> 0x00B5
[3985] [M]: 0x8002B858 (0x00B55663) bge a0, a1, 12


mem[X,0x8002B85C] -> 0x0613
mem[X,0x8002B85E] -> 0x0026
[3986] [M]: 0x8002B85C (0x00260613) addi a2, a2, 2
x12 <- 0x00000002


mem[X,0x8002B860] -> 0x006F
mem[X,0x8002B862] -> 0x00C0
[3987] [M]: 0x8002B860 (0x00C0006F) jal zero, 12


mem[X,0x8002B86C] -> 0x2023
mem[X,0x8002B86E] -> 0x64C2
[3988] [M]: 0x8002B86C (0x64C22023) sw a2, 1600(tp)
mem[0x8003B7A8] <- 0x00000002


mem[X,0x8002B870] -> 0x5537
mem[X,0x8002B872] -> 0xFFFF
[3989] [M]: 0x8002B870 (0xFFFF5537) lui a0, 1048565
x10 <- 0xFFFF5000


mem[X,0x8002B874] -> 0x0513
mem[X,0x8002B876] -> 0xAFD5
[3990] [M]: 0x8002B874 (0xAFD50513) addi a0, a0, 2813
x10 <- 0xFFFF4AFD


mem[X,0x8002B878] -> 0x55B7
mem[X,0x8002B87A] -> 0xFFFF
[3991] [M]: 0x8002B878 (0xFFFF55B7) lui a1, 1048565
x11 <- 0xFFFF5000


mem[X,0x8002B87C] -> 0x8593
mem[X,0x8002B87E] -> 0xAFD5
[3992] [M]: 0x8002B87C (0xAFD58593) addi a1, a1, 2813
x11 <- 0xFFFF4AFD


mem[X,0x8002B880] -> 0x0613
mem[X,0x8002B882] -> 0x0000
[3993] [M]: 0x8002B880 (0x00000613) addi a2, zero, 0
x12 <- 0x00000000


mem[X,0x8002B884] -> 0x006F
mem[X,0x8002B886] -> 0x00C0
[3994] [M]: 0x8002B884 (0x00C0006F) jal zero, 12


mem[X,0x8002B890] -> 0x5663
mem[X,0x8002B892] -> 0x00B5
[3995] [M]: 0x8002B890 (0x00B55663) bge a0, a1, 12


mem[X,0x8002B89C] -> 0x0613
mem[X,0x8002B89E] -> 0x0036
[3996] [M]: 0x8002B89C (0x00360613) addi a2, a2, 3
x12 <- 0x00000003


mem[X,0x8002B8A0] -> 0x006F
mem[X,0x8002B8A2] -> 0x0040
[3997] [M]: 0x8002B8A0 (0x0040006F) jal zero, 4


mem[X,0x8002B8A4] -> 0x2223
mem[X,0x8002B8A6] -> 0x64C2
[3998] [M]: 0x8002B8A4 (0x64C22223) sw a2, 1604(tp)
mem[0x8003B7AC] <- 0x00000003


mem[X,0x8002B8A8] -> 0x5537
mem[X,0x8002B8AA] -> 0xFFFF
[3999] [M]: 0x8002B8A8 (0xFFFF5537) lui a0, 1048565
x10 <- 0xFFFF5000


clint::tick mtime <- 0x0000000000000028
 clint timer pending at mtime 0x0000000000000028
htif::tick 0x0000000000000000
mem[X,0x8002B8AC] -> 0x0513
mem[X,0x8002B8AE] -> 0xAFD5
[4000] [M]: 0x8002B8AC (0xAFD50513) addi a0, a0, 2813
x10 <- 0xFFFF4AFD


mem[X,0x8002B8B0] -> 0xB5B7
mem[X,0x8002B8B2] -> 0x0000
[4001] [M]: 0x8002B8B0 (0x0000B5B7) lui a1, 11
x11 <- 0x0000B000


mem[X,0x8002B8B4] -> 0x8593
mem[X,0x8002B8B6] -> 0x5055
[4002] [M]: 0x8002B8B4 (0x50558593) addi a1, a1, 1285
x11 <- 0x0000B505


mem[X,0x8002B8B8] -> 0x0613
mem[X,0x8002B8BA] -> 0x0000
[4003] [M]: 0x8002B8B8 (0x00000613) addi a2, zero, 0
x12 <- 0x00000000


mem[X,0x8002B8BC] -> 0x006F
mem[X,0x8002B8BE] -> 0x0050
[4004] [M]: 0x8002B8BC (0x0050006F) jal zero, 2052


mem[X,0x8002C0C0] -> 0x50E3
mem[X,0x8002C0C2] -> 0x80B5
[4005] [M]: 0x8002C0C0 (0x80B550E3) bge a0, a1, 6144


mem[X,0x8002C0C4] -> 0x0613
mem[X,0x8002C0C6] -> 0x0026
[4006] [M]: 0x8002C0C4 (0x00260613) addi a2, a2, 2
x12 <- 0x00000002


mem[X,0x8002C0C8] -> 0x006F
mem[X,0x8002C0CA] -> 0x00C0
[4007] [M]: 0x8002C0C8 (0x00C0006F) jal zero, 12


mem[X,0x8002C0D4] -> 0x2423
mem[X,0x8002C0D6] -> 0x64C2
[4008] [M]: 0x8002C0D4 (0x64C22423) sw a2, 1608(tp)
mem[0x8003B7B0] <- 0x00000002


mem[X,0x8002C0D8] -> 0xB537
mem[X,0x8002C0DA] -> 0x0000
[4009] [M]: 0x8002C0D8 (0x0000B537) lui a0, 11
x10 <- 0x0000B000


mem[X,0x8002C0DC] -> 0x0513
mem[X,0x8002C0DE] -> 0x5055
[4010] [M]: 0x8002C0DC (0x50550513) addi a0, a0, 1285
x10 <- 0x0000B505


mem[X,0x8002C0E0] -> 0x0593
mem[X,0x8002C0E2] -> 0x0030
[4011] [M]: 0x8002C0E0 (0x00300593) addi a1, zero, 3
x11 <- 0x00000003


mem[X,0x8002C0E4] -> 0x0613
mem[X,0x8002C0E6] -> 0x0000
[4012] [M]: 0x8002C0E4 (0x00000613) addi a2, zero, 0
x12 <- 0x00000000


mem[X,0x8002C0E8] -> 0x006F
mem[X,0x8002C0EA] -> 0x00C0
[4013] [M]: 0x8002C0E8 (0x00C0006F) jal zero, 12


mem[X,0x8002C0F4] -> 0x5663
mem[X,0x8002C0F6] -> 0x00B5
[4014] [M]: 0x8002C0F4 (0x00B55663) bge a0, a1, 12


mem[X,0x8002C100] -> 0x0613
mem[X,0x8002C102] -> 0x0036
[4015] [M]: 0x8002C100 (0x00360613) addi a2, a2, 3
x12 <- 0x00000003


mem[X,0x8002C104] -> 0x006F
mem[X,0x8002C106] -> 0x0040
[4016] [M]: 0x8002C104 (0x0040006F) jal zero, 4


mem[X,0x8002C108] -> 0x2623
mem[X,0x8002C10A] -> 0x64C2
[4017] [M]: 0x8002C108 (0x64C22623) sw a2, 1612(tp)
mem[0x8003B7B4] <- 0x00000003


mem[X,0x8002C10C] -> 0xB537
mem[X,0x8002C10E] -> 0x0000
[4018] [M]: 0x8002C10C (0x0000B537) lui a0, 11
x10 <- 0x0000B000


mem[X,0x8002C110] -> 0x0513
mem[X,0x8002C112] -> 0x5055
[4019] [M]: 0x8002C110 (0x50550513) addi a0, a0, 1285
x10 <- 0x0000B505


mem[X,0x8002C114] -> 0x55B7
mem[X,0x8002C116] -> 0x5555
[4020] [M]: 0x8002C114 (0x555555B7) lui a1, 349525
x11 <- 0x55555000


mem[X,0x8002C118] -> 0x8593
mem[X,0x8002C11A] -> 0x5555
[4021] [M]: 0x8002C118 (0x55558593) addi a1, a1, 1365
x11 <- 0x55555555


mem[X,0x8002C11C] -> 0x0613
mem[X,0x8002C11E] -> 0x0000
[4022] [M]: 0x8002C11C (0x00000613) addi a2, zero, 0
x12 <- 0x00000000


mem[X,0x8002C120] -> 0x006F
mem[X,0x8002C122] -> 0x00C0
[4023] [M]: 0x8002C120 (0x00C0006F) jal zero, 12


mem[X,0x8002C12C] -> 0x5063
mem[X,0x8002C12E] -> 0x02B5
[4024] [M]: 0x8002C12C (0x02B55063) bge a0, a1, 32


mem[X,0x8002C130] -> 0x0613
mem[X,0x8002C132] -> 0x0026
[4025] [M]: 0x8002C130 (0x00260613) addi a2, a2, 2
x12 <- 0x00000002


mem[X,0x8002C134] -> 0x006F
mem[X,0x8002C136] -> 0x0200
[4026] [M]: 0x8002C134 (0x0200006F) jal zero, 32


mem[X,0x8002C154] -> 0x2823
mem[X,0x8002C156] -> 0x64C2
[4027] [M]: 0x8002C154 (0x64C22823) sw a2, 1616(tp)
mem[0x8003B7B8] <- 0x00000002


mem[X,0x8002C158] -> 0xB537
mem[X,0x8002C15A] -> 0x0000
[4028] [M]: 0x8002C158 (0x0000B537) lui a0, 11
x10 <- 0x0000B000


mem[X,0x8002C15C] -> 0x0513
mem[X,0x8002C15E] -> 0x5055
[4029] [M]: 0x8002C15C (0x50550513) addi a0, a0, 1285
x10 <- 0x0000B505


mem[X,0x8002C160] -> 0xB5B7
mem[X,0x8002C162] -> 0xAAAA
[4030] [M]: 0x8002C160 (0xAAAAB5B7) lui a1, 699051
x11 <- 0xAAAAB000


mem[X,0x8002C164] -> 0x8593
mem[X,0x8002C166] -> 0xAAA5
[4031] [M]: 0x8002C164 (0xAAA58593) addi a1, a1, 2730
x11 <- 0xAAAAAAAA


mem[X,0x8002C168] -> 0x0613
mem[X,0x8002C16A] -> 0x0000
[4032] [M]: 0x8002C168 (0x00000613) addi a2, zero, 0
x12 <- 0x00000000


mem[X,0x8002C16C] -> 0x006F
mem[X,0x8002C16E] -> 0x00C0
[4033] [M]: 0x8002C16C (0x00C0006F) jal zero, 12


mem[X,0x8002C178] -> 0x5063
mem[X,0x8002C17A] -> 0x08B5
[4034] [M]: 0x8002C178 (0x08B55063) bge a0, a1, 128


mem[X,0x8002C1F8] -> 0x0613
mem[X,0x8002C1FA] -> 0x0036
[4035] [M]: 0x8002C1F8 (0x00360613) addi a2, a2, 3
x12 <- 0x00000003


mem[X,0x8002C1FC] -> 0x006F
mem[X,0x8002C1FE] -> 0x0040
[4036] [M]: 0x8002C1FC (0x0040006F) jal zero, 4


mem[X,0x8002C200] -> 0x2A23
mem[X,0x8002C202] -> 0x64C2
[4037] [M]: 0x8002C200 (0x64C22A23) sw a2, 1620(tp)
mem[0x8003B7BC] <- 0x00000003


mem[X,0x8002C204] -> 0xB537
mem[X,0x8002C206] -> 0x0000
[4038] [M]: 0x8002C204 (0x0000B537) lui a0, 11
x10 <- 0x0000B000


mem[X,0x8002C208] -> 0x0513
mem[X,0x8002C20A] -> 0x5055
[4039] [M]: 0x8002C208 (0x50550513) addi a0, a0, 1285
x10 <- 0x0000B505


mem[X,0x8002C20C] -> 0x0593
mem[X,0x8002C20E] -> 0x0050
[4040] [M]: 0x8002C20C (0x00500593) addi a1, zero, 5
x11 <- 0x00000005


mem[X,0x8002C210] -> 0x0613
mem[X,0x8002C212] -> 0x0000
[4041] [M]: 0x8002C210 (0x00000613) addi a2, zero, 0
x12 <- 0x00000000


mem[X,0x8002C214] -> 0x006F
mem[X,0x8002C216] -> 0x00C0
[4042] [M]: 0x8002C214 (0x00C0006F) jal zero, 12


mem[X,0x8002C220] -> 0x5663
mem[X,0x8002C222] -> 0x00B5
[4043] [M]: 0x8002C220 (0x00B55663) bge a0, a1, 12


mem[X,0x8002C22C] -> 0x0613
mem[X,0x8002C22E] -> 0x0036
[4044] [M]: 0x8002C22C (0x00360613) addi a2, a2, 3
x12 <- 0x00000003


mem[X,0x8002C230] -> 0x006F
mem[X,0x8002C232] -> 0x0040
[4045] [M]: 0x8002C230 (0x0040006F) jal zero, 4


mem[X,0x8002C234] -> 0x2C23
mem[X,0x8002C236] -> 0x64C2
[4046] [M]: 0x8002C234 (0x64C22C23) sw a2, 1624(tp)
mem[0x8003B7C0] <- 0x00000003


mem[X,0x8002C238] -> 0xB537
mem[X,0x8002C23A] -> 0x0000
[4047] [M]: 0x8002C238 (0x0000B537) lui a0, 11
x10 <- 0x0000B000


mem[X,0x8002C23C] -> 0x0513
mem[X,0x8002C23E] -> 0x5055
[4048] [M]: 0x8002C23C (0x50550513) addi a0, a0, 1285
x10 <- 0x0000B505


mem[X,0x8002C240] -> 0x35B7
mem[X,0x8002C242] -> 0x3333
[4049] [M]: 0x8002C240 (0x333335B7) lui a1, 209715
x11 <- 0x33333000


mem[X,0x8002C244] -> 0x8593
mem[X,0x8002C246] -> 0x3335
[4050] [M]: 0x8002C244 (0x33358593) addi a1, a1, 819
x11 <- 0x33333333


mem[X,0x8002C248] -> 0x0613
mem[X,0x8002C24A] -> 0x0000
[4051] [M]: 0x8002C248 (0x00000613) addi a2, zero, 0
x12 <- 0x00000000


mem[X,0x8002C24C] -> 0x006F
mem[X,0x8002C24E] -> 0x0180
[4052] [M]: 0x8002C24C (0x0180006F) jal zero, 24


mem[X,0x8002C264] -> 0x56E3
mem[X,0x8002C266] -> 0xFEB5
[4053] [M]: 0x8002C264 (0xFEB556E3) bge a0, a1, 8172


mem[X,0x8002C268] -> 0x0613
mem[X,0x8002C26A] -> 0x0026
[4054] [M]: 0x8002C268 (0x00260613) addi a2, a2, 2
x12 <- 0x00000002


mem[X,0x8002C26C] -> 0x006F
mem[X,0x8002C26E] -> 0x00C0
[4055] [M]: 0x8002C26C (0x00C0006F) jal zero, 12


mem[X,0x8002C278] -> 0x2E23
mem[X,0x8002C27A] -> 0x64C2
[4056] [M]: 0x8002C278 (0x64C22E23) sw a2, 1628(tp)
mem[0x8003B7C4] <- 0x00000002


mem[X,0x8002C27C] -> 0xB537
mem[X,0x8002C27E] -> 0x0000
[4057] [M]: 0x8002C27C (0x0000B537) lui a0, 11
x10 <- 0x0000B000


mem[X,0x8002C280] -> 0x0513
mem[X,0x8002C282] -> 0x5055
[4058] [M]: 0x8002C280 (0x50550513) addi a0, a0, 1285
x10 <- 0x0000B505


mem[X,0x8002C284] -> 0x65B7
mem[X,0x8002C286] -> 0x6666
[4059] [M]: 0x8002C284 (0x666665B7) lui a1, 419430
x11 <- 0x66666000


mem[X,0x8002C288] -> 0x8593
mem[X,0x8002C28A] -> 0x6665
[4060] [M]: 0x8002C288 (0x66658593) addi a1, a1, 1638
x11 <- 0x66666666


mem[X,0x8002C28C] -> 0x0613
mem[X,0x8002C28E] -> 0x0000
[4061] [M]: 0x8002C28C (0x00000613) addi a2, zero, 0
x12 <- 0x00000000


mem[X,0x8002C290] -> 0x006F
mem[X,0x8002C292] -> 0x00C0
[4062] [M]: 0x8002C290 (0x00C0006F) jal zero, 12


mem[X,0x8002C29C] -> 0x5CE3
mem[X,0x8002C29E] -> 0xFEB5
[4063] [M]: 0x8002C29C (0xFEB55CE3) bge a0, a1, 8184


mem[X,0x8002C2A0] -> 0x0613
mem[X,0x8002C2A2] -> 0x0026
[4064] [M]: 0x8002C2A0 (0x00260613) addi a2, a2, 2
x12 <- 0x00000002


mem[X,0x8002C2A4] -> 0x006F
mem[X,0x8002C2A6] -> 0x00C0
[4065] [M]: 0x8002C2A4 (0x00C0006F) jal zero, 12


mem[X,0x8002C2B0] -> 0x2023
mem[X,0x8002C2B2] -> 0x66C2
[4066] [M]: 0x8002C2B0 (0x66C22023) sw a2, 1632(tp)
mem[0x8003B7C8] <- 0x00000002


mem[X,0x8002C2B4] -> 0xB537
mem[X,0x8002C2B6] -> 0x0000
[4067] [M]: 0x8002C2B4 (0x0000B537) lui a0, 11
x10 <- 0x0000B000


mem[X,0x8002C2B8] -> 0x0513
mem[X,0x8002C2BA] -> 0x5055
[4068] [M]: 0x8002C2B8 (0x50550513) addi a0, a0, 1285
x10 <- 0x0000B505


mem[X,0x8002C2BC] -> 0x55B7
mem[X,0x8002C2BE] -> 0xFFFF
[4069] [M]: 0x8002C2BC (0xFFFF55B7) lui a1, 1048565
x11 <- 0xFFFF5000


mem[X,0x8002C2C0] -> 0x8593
mem[X,0x8002C2C2] -> 0xAFC5
[4070] [M]: 0x8002C2C0 (0xAFC58593) addi a1, a1, 2812
x11 <- 0xFFFF4AFC


mem[X,0x8002C2C4] -> 0x0613
mem[X,0x8002C2C6] -> 0x0000
[4071] [M]: 0x8002C2C4 (0x00000613) addi a2, zero, 0
x12 <- 0x00000000


mem[X,0x8002C2C8] -> 0x006F
mem[X,0x8002C2CA] -> 0x00C0
[4072] [M]: 0x8002C2C8 (0x00C0006F) jal zero, 12


mem[X,0x8002C2D4] -> 0x5CE3
mem[X,0x8002C2D6] -> 0xFEB5
[4073] [M]: 0x8002C2D4 (0xFEB55CE3) bge a0, a1, 8184


mem[X,0x8002C2CC] -> 0x0613
mem[X,0x8002C2CE] -> 0x0016
[4074] [M]: 0x8002C2CC (0x00160613) addi a2, a2, 1
x12 <- 0x00000001


mem[X,0x8002C2D0] -> 0x006F
mem[X,0x8002C2D2] -> 0x0180
[4075] [M]: 0x8002C2D0 (0x0180006F) jal zero, 24


mem[X,0x8002C2E8] -> 0x2223
mem[X,0x8002C2EA] -> 0x66C2
[4076] [M]: 0x8002C2E8 (0x66C22223) sw a2, 1636(tp)
mem[0x8003B7CC] <- 0x00000001


mem[X,0x8002C2EC] -> 0xB537
mem[X,0x8002C2EE] -> 0x0000
[4077] [M]: 0x8002C2EC (0x0000B537) lui a0, 11
x10 <- 0x0000B000


mem[X,0x8002C2F0] -> 0x0513
mem[X,0x8002C2F2] -> 0x5055
[4078] [M]: 0x8002C2F0 (0x50550513) addi a0, a0, 1285
x10 <- 0x0000B505


mem[X,0x8002C2F4] -> 0xB5B7
mem[X,0x8002C2F6] -> 0x0000
[4079] [M]: 0x8002C2F4 (0x0000B5B7) lui a1, 11
x11 <- 0x0000B000


mem[X,0x8002C2F8] -> 0x8593
mem[X,0x8002C2FA] -> 0x5045
[4080] [M]: 0x8002C2F8 (0x50458593) addi a1, a1, 1284
x11 <- 0x0000B504


mem[X,0x8002C2FC] -> 0x0613
mem[X,0x8002C2FE] -> 0x0000
[4081] [M]: 0x8002C2FC (0x00000613) addi a2, zero, 0
x12 <- 0x00000000


mem[X,0x8002C300] -> 0x006F
mem[X,0x8002C302] -> 0x00C0
[4082] [M]: 0x8002C300 (0x00C0006F) jal zero, 12


mem[X,0x8002C30C] -> 0x5863
mem[X,0x8002C30E] -> 0x00B5
[4083] [M]: 0x8002C30C (0x00B55863) bge a0, a1, 16


mem[X,0x8002C31C] -> 0x0613
mem[X,0x8002C31E] -> 0x0036
[4084] [M]: 0x8002C31C (0x00360613) addi a2, a2, 3
x12 <- 0x00000003


mem[X,0x8002C320] -> 0x006F
mem[X,0x8002C322] -> 0x0040
[4085] [M]: 0x8002C320 (0x0040006F) jal zero, 4


mem[X,0x8002C324] -> 0x2423
mem[X,0x8002C326] -> 0x66C2
[4086] [M]: 0x8002C324 (0x66C22423) sw a2, 1640(tp)
mem[0x8003B7D0] <- 0x00000003


mem[X,0x8002C328] -> 0xB537
mem[X,0x8002C32A] -> 0x0000
[4087] [M]: 0x8002C328 (0x0000B537) lui a0, 11
x10 <- 0x0000B000


mem[X,0x8002C32C] -> 0x0513
mem[X,0x8002C32E] -> 0x5055
[4088] [M]: 0x8002C32C (0x50550513) addi a0, a0, 1285
x10 <- 0x0000B505


mem[X,0x8002C330] -> 0x0593
mem[X,0x8002C332] -> 0x0020
[4089] [M]: 0x8002C330 (0x00200593) addi a1, zero, 2
x11 <- 0x00000002


mem[X,0x8002C334] -> 0x0613
mem[X,0x8002C336] -> 0x0000
[4090] [M]: 0x8002C334 (0x00000613) addi a2, zero, 0
x12 <- 0x00000000


mem[X,0x8002C338] -> 0x006F
mem[X,0x8002C33A] -> 0x0180
[4091] [M]: 0x8002C338 (0x0180006F) jal zero, 24


mem[X,0x8002C350] -> 0x56E3
mem[X,0x8002C352] -> 0xFEB5
[4092] [M]: 0x8002C350 (0xFEB556E3) bge a0, a1, 8172


mem[X,0x8002C33C] -> 0x0613
mem[X,0x8002C33E] -> 0x0016
[4093] [M]: 0x8002C33C (0x00160613) addi a2, a2, 1
x12 <- 0x00000001


mem[X,0x8002C340] -> 0x006F
mem[X,0x8002C342] -> 0x0240
[4094] [M]: 0x8002C340 (0x0240006F) jal zero, 36


mem[X,0x8002C364] -> 0x2623
mem[X,0x8002C366] -> 0x66C2
[4095] [M]: 0x8002C364 (0x66C22623) sw a2, 1644(tp)
mem[0x8003B7D4] <- 0x00000001


mem[X,0x8002C368] -> 0xB537
mem[X,0x8002C36A] -> 0x0000
[4096] [M]: 0x8002C368 (0x0000B537) lui a0, 11
x10 <- 0x0000B000


mem[X,0x8002C36C] -> 0x0513
mem[X,0x8002C36E] -> 0x5055
[4097] [M]: 0x8002C36C (0x50550513) addi a0, a0, 1285
x10 <- 0x0000B505


mem[X,0x8002C370] -> 0x55B7
mem[X,0x8002C372] -> 0x5555
[4098] [M]: 0x8002C370 (0x555555B7) lui a1, 349525
x11 <- 0x55555000


mem[X,0x8002C374] -> 0x8593
mem[X,0x8002C376] -> 0x5545
[4099] [M]: 0x8002C374 (0x55458593) addi a1, a1, 1364
x11 <- 0x55555554


clint::tick mtime <- 0x0000000000000029
 clint timer pending at mtime 0x0000000000000029
htif::tick 0x0000000000000000
mem[X,0x8002C378] -> 0x0613
mem[X,0x8002C37A] -> 0x0000
[4100] [M]: 0x8002C378 (0x00000613) addi a2, zero, 0
x12 <- 0x00000000


mem[X,0x8002C37C] -> 0x006F
mem[X,0x8002C37E] -> 0x00C0
[4101] [M]: 0x8002C37C (0x00C0006F) jal zero, 12


mem[X,0x8002C388] -> 0x5663
mem[X,0x8002C38A] -> 0x00B5
[4102] [M]: 0x8002C388 (0x00B55663) bge a0, a1, 12


mem[X,0x8002C38C] -> 0x0613
mem[X,0x8002C38E] -> 0x0026
[4103] [M]: 0x8002C38C (0x00260613) addi a2, a2, 2
x12 <- 0x00000002


mem[X,0x8002C390] -> 0x006F
mem[X,0x8002C392] -> 0x00C0
[4104] [M]: 0x8002C390 (0x00C0006F) jal zero, 12


mem[X,0x8002C39C] -> 0x2823
mem[X,0x8002C39E] -> 0x66C2
[4105] [M]: 0x8002C39C (0x66C22823) sw a2, 1648(tp)
mem[0x8003B7D8] <- 0x00000002


mem[X,0x8002C3A0] -> 0xB537
mem[X,0x8002C3A2] -> 0x0000
[4106] [M]: 0x8002C3A0 (0x0000B537) lui a0, 11
x10 <- 0x0000B000


mem[X,0x8002C3A4] -> 0x0513
mem[X,0x8002C3A6] -> 0x5055
[4107] [M]: 0x8002C3A4 (0x50550513) addi a0, a0, 1285
x10 <- 0x0000B505


mem[X,0x8002C3A8] -> 0x0593
mem[X,0x8002C3AA] -> 0x0000
[4108] [M]: 0x8002C3A8 (0x00000593) addi a1, zero, 0
x11 <- 0x00000000


mem[X,0x8002C3AC] -> 0x0613
mem[X,0x8002C3AE] -> 0x0000
[4109] [M]: 0x8002C3AC (0x00000613) addi a2, zero, 0
x12 <- 0x00000000


mem[X,0x8002C3B0] -> 0x006F
mem[X,0x8002C3B2] -> 0x00C0
[4110] [M]: 0x8002C3B0 (0x00C0006F) jal zero, 12


mem[X,0x8002C3BC] -> 0x5663
mem[X,0x8002C3BE] -> 0x00B5
[4111] [M]: 0x8002C3BC (0x00B55663) bge a0, a1, 12


mem[X,0x8002C3C8] -> 0x0613
mem[X,0x8002C3CA] -> 0x0036
[4112] [M]: 0x8002C3C8 (0x00360613) addi a2, a2, 3
x12 <- 0x00000003


mem[X,0x8002C3CC] -> 0x006F
mem[X,0x8002C3CE] -> 0x0040
[4113] [M]: 0x8002C3CC (0x0040006F) jal zero, 4


mem[X,0x8002C3D0] -> 0x2A23
mem[X,0x8002C3D2] -> 0x66C2
[4114] [M]: 0x8002C3D0 (0x66C22A23) sw a2, 1652(tp)
mem[0x8003B7DC] <- 0x00000003


mem[X,0x8002C3D4] -> 0xB537
mem[X,0x8002C3D6] -> 0x0000
[4115] [M]: 0x8002C3D4 (0x0000B537) lui a0, 11
x10 <- 0x0000B000


mem[X,0x8002C3D8] -> 0x0513
mem[X,0x8002C3DA] -> 0x5055
[4116] [M]: 0x8002C3D8 (0x50550513) addi a0, a0, 1285
x10 <- 0x0000B505


mem[X,0x8002C3DC] -> 0x0593
mem[X,0x8002C3DE] -> 0x0040
[4117] [M]: 0x8002C3DC (0x00400593) addi a1, zero, 4
x11 <- 0x00000004


mem[X,0x8002C3E0] -> 0x0613
mem[X,0x8002C3E2] -> 0x0000
[4118] [M]: 0x8002C3E0 (0x00000613) addi a2, zero, 0
x12 <- 0x00000000


mem[X,0x8002C3E4] -> 0x006F
mem[X,0x8002C3E6] -> 0x0180
[4119] [M]: 0x8002C3E4 (0x0180006F) jal zero, 24


mem[X,0x8002C3FC] -> 0x56E3
mem[X,0x8002C3FE] -> 0xFEB5
[4120] [M]: 0x8002C3FC (0xFEB556E3) bge a0, a1, 8172


mem[X,0x8002C3E8] -> 0x0613
mem[X,0x8002C3EA] -> 0x0016
[4121] [M]: 0x8002C3E8 (0x00160613) addi a2, a2, 1
x12 <- 0x00000001


mem[X,0x8002C3EC] -> 0x006F
mem[X,0x8002C3EE] -> 0x0240
[4122] [M]: 0x8002C3EC (0x0240006F) jal zero, 36


mem[X,0x8002C410] -> 0x2C23
mem[X,0x8002C412] -> 0x66C2
[4123] [M]: 0x8002C410 (0x66C22C23) sw a2, 1656(tp)
mem[0x8003B7E0] <- 0x00000001


mem[X,0x8002C414] -> 0xB537
mem[X,0x8002C416] -> 0x0000
[4124] [M]: 0x8002C414 (0x0000B537) lui a0, 11
x10 <- 0x0000B000


mem[X,0x8002C418] -> 0x0513
mem[X,0x8002C41A] -> 0x5055
[4125] [M]: 0x8002C418 (0x50550513) addi a0, a0, 1285
x10 <- 0x0000B505


mem[X,0x8002C41C] -> 0x35B7
mem[X,0x8002C41E] -> 0x3333
[4126] [M]: 0x8002C41C (0x333335B7) lui a1, 209715
x11 <- 0x33333000


mem[X,0x8002C420] -> 0x8593
mem[X,0x8002C422] -> 0x3325
[4127] [M]: 0x8002C420 (0x33258593) addi a1, a1, 818
x11 <- 0x33333332


mem[X,0x8002C424] -> 0x0613
mem[X,0x8002C426] -> 0x0000
[4128] [M]: 0x8002C424 (0x00000613) addi a2, zero, 0
x12 <- 0x00000000


mem[X,0x8002C428] -> 0x006F
mem[X,0x8002C42A] -> 0x00C0
[4129] [M]: 0x8002C428 (0x00C0006F) jal zero, 12


mem[X,0x8002C434] -> 0x5CE3
mem[X,0x8002C436] -> 0xFEB5
[4130] [M]: 0x8002C434 (0xFEB55CE3) bge a0, a1, 8184


mem[X,0x8002C438] -> 0x0613
mem[X,0x8002C43A] -> 0x0026
[4131] [M]: 0x8002C438 (0x00260613) addi a2, a2, 2
x12 <- 0x00000002


mem[X,0x8002C43C] -> 0x006F
mem[X,0x8002C43E] -> 0x00C0
[4132] [M]: 0x8002C43C (0x00C0006F) jal zero, 12


mem[X,0x8002C448] -> 0x2E23
mem[X,0x8002C44A] -> 0x66C2
[4133] [M]: 0x8002C448 (0x66C22E23) sw a2, 1660(tp)
mem[0x8003B7E4] <- 0x00000002


mem[X,0x8002C44C] -> 0xB537
mem[X,0x8002C44E] -> 0x0000
[4134] [M]: 0x8002C44C (0x0000B537) lui a0, 11
x10 <- 0x0000B000


mem[X,0x8002C450] -> 0x0513
mem[X,0x8002C452] -> 0x5055
[4135] [M]: 0x8002C450 (0x50550513) addi a0, a0, 1285
x10 <- 0x0000B505


mem[X,0x8002C454] -> 0x65B7
mem[X,0x8002C456] -> 0x6666
[4136] [M]: 0x8002C454 (0x666665B7) lui a1, 419430
x11 <- 0x66666000


mem[X,0x8002C458] -> 0x8593
mem[X,0x8002C45A] -> 0x6655
[4137] [M]: 0x8002C458 (0x66558593) addi a1, a1, 1637
x11 <- 0x66666665


mem[X,0x8002C45C] -> 0x0613
mem[X,0x8002C45E] -> 0x0000
[4138] [M]: 0x8002C45C (0x00000613) addi a2, zero, 0
x12 <- 0x00000000


mem[X,0x8002C460] -> 0x006F
mem[X,0x8002C462] -> 0x00C0
[4139] [M]: 0x8002C460 (0x00C0006F) jal zero, 12


mem[X,0x8002C46C] -> 0x5063
mem[X,0x8002C46E] -> 0x20B5
[4140] [M]: 0x8002C46C (0x20B55063) bge a0, a1, 512


mem[X,0x8002C470] -> 0x0613
mem[X,0x8002C472] -> 0x0026
[4141] [M]: 0x8002C470 (0x00260613) addi a2, a2, 2
x12 <- 0x00000002


mem[X,0x8002C474] -> 0x006F
mem[X,0x8002C476] -> 0x2000
[4142] [M]: 0x8002C474 (0x2000006F) jal zero, 512


mem[X,0x8002C674] -> 0x2023
mem[X,0x8002C676] -> 0x68C2
[4143] [M]: 0x8002C674 (0x68C22023) sw a2, 1664(tp)
mem[0x8003B7E8] <- 0x00000002


mem[X,0x8002C678] -> 0xB537
mem[X,0x8002C67A] -> 0x0000
[4144] [M]: 0x8002C678 (0x0000B537) lui a0, 11
x10 <- 0x0000B000


mem[X,0x8002C67C] -> 0x0513
mem[X,0x8002C67E] -> 0x5055
[4145] [M]: 0x8002C67C (0x50550513) addi a0, a0, 1285
x10 <- 0x0000B505


mem[X,0x8002C680] -> 0xB5B7
mem[X,0x8002C682] -> 0x0000
[4146] [M]: 0x8002C680 (0x0000B5B7) lui a1, 11
x11 <- 0x0000B000


mem[X,0x8002C684] -> 0x8593
mem[X,0x8002C686] -> 0x5035
[4147] [M]: 0x8002C684 (0x50358593) addi a1, a1, 1283
x11 <- 0x0000B503


mem[X,0x8002C688] -> 0x0613
mem[X,0x8002C68A] -> 0x0000
[4148] [M]: 0x8002C688 (0x00000613) addi a2, zero, 0
x12 <- 0x00000000


mem[X,0x8002C68C] -> 0x006F
mem[X,0x8002C68E] -> 0x00C0
[4149] [M]: 0x8002C68C (0x00C0006F) jal zero, 12


mem[X,0x8002C698] -> 0x5CE3
mem[X,0x8002C69A] -> 0xFEB5
[4150] [M]: 0x8002C698 (0xFEB55CE3) bge a0, a1, 8184


mem[X,0x8002C690] -> 0x0613
mem[X,0x8002C692] -> 0x0016
[4151] [M]: 0x8002C690 (0x00160613) addi a2, a2, 1
x12 <- 0x00000001


mem[X,0x8002C694] -> 0x006F
mem[X,0x8002C696] -> 0x0180
[4152] [M]: 0x8002C694 (0x0180006F) jal zero, 24


mem[X,0x8002C6AC] -> 0x2223
mem[X,0x8002C6AE] -> 0x68C2
[4153] [M]: 0x8002C6AC (0x68C22223) sw a2, 1668(tp)
mem[0x8003B7EC] <- 0x00000001


mem[X,0x8002C6B0] -> 0xB537
mem[X,0x8002C6B2] -> 0x0000
[4154] [M]: 0x8002C6B0 (0x0000B537) lui a0, 11
x10 <- 0x0000B000


mem[X,0x8002C6B4] -> 0x0513
mem[X,0x8002C6B6] -> 0x5055
[4155] [M]: 0x8002C6B4 (0x50550513) addi a0, a0, 1285
x10 <- 0x0000B505


mem[X,0x8002C6B8] -> 0x55B7
mem[X,0x8002C6BA] -> 0x5555
[4156] [M]: 0x8002C6B8 (0x555555B7) lui a1, 349525
x11 <- 0x55555000


mem[X,0x8002C6BC] -> 0x8593
mem[X,0x8002C6BE] -> 0x5565
[4157] [M]: 0x8002C6BC (0x55658593) addi a1, a1, 1366
x11 <- 0x55555556


mem[X,0x8002C6C0] -> 0x0613
mem[X,0x8002C6C2] -> 0x0000
[4158] [M]: 0x8002C6C0 (0x00000613) addi a2, zero, 0
x12 <- 0x00000000


mem[X,0x8002C6C4] -> 0x006F
mem[X,0x8002C6C6] -> 0x0050
[4159] [M]: 0x8002C6C4 (0x0050006F) jal zero, 2052


mem[X,0x8002CEC8] -> 0x50E3
mem[X,0x8002CECA] -> 0x80B5
[4160] [M]: 0x8002CEC8 (0x80B550E3) bge a0, a1, 6144


mem[X,0x8002CECC] -> 0x0613
mem[X,0x8002CECE] -> 0x0026
[4161] [M]: 0x8002CECC (0x00260613) addi a2, a2, 2
x12 <- 0x00000002


mem[X,0x8002CED0] -> 0x006F
mem[X,0x8002CED2] -> 0x00C0
[4162] [M]: 0x8002CED0 (0x00C0006F) jal zero, 12


mem[X,0x8002CEDC] -> 0x2423
mem[X,0x8002CEDE] -> 0x68C2
[4163] [M]: 0x8002CEDC (0x68C22423) sw a2, 1672(tp)
mem[0x8003B7F0] <- 0x00000002


mem[X,0x8002CEE0] -> 0xB537
mem[X,0x8002CEE2] -> 0x0000
[4164] [M]: 0x8002CEE0 (0x0000B537) lui a0, 11
x10 <- 0x0000B000


mem[X,0x8002CEE4] -> 0x0513
mem[X,0x8002CEE6] -> 0x5055
[4165] [M]: 0x8002CEE4 (0x50550513) addi a0, a0, 1285
x10 <- 0x0000B505


mem[X,0x8002CEE8] -> 0xB5B7
mem[X,0x8002CEEA] -> 0xAAAA
[4166] [M]: 0x8002CEE8 (0xAAAAB5B7) lui a1, 699051
x11 <- 0xAAAAB000


mem[X,0x8002CEEC] -> 0x8593
mem[X,0x8002CEEE] -> 0xAAB5
[4167] [M]: 0x8002CEEC (0xAAB58593) addi a1, a1, 2731
x11 <- 0xAAAAAAAB


mem[X,0x8002CEF0] -> 0x0613
mem[X,0x8002CEF2] -> 0x0000
[4168] [M]: 0x8002CEF0 (0x00000613) addi a2, zero, 0
x12 <- 0x00000000


mem[X,0x8002CEF4] -> 0x006F
mem[X,0x8002CEF6] -> 0x00C0
[4169] [M]: 0x8002CEF4 (0x00C0006F) jal zero, 12


mem[X,0x8002CF00] -> 0x5863
mem[X,0x8002CF02] -> 0x00B5
[4170] [M]: 0x8002CF00 (0x00B55863) bge a0, a1, 16


mem[X,0x8002CF10] -> 0x0613
mem[X,0x8002CF12] -> 0x0036
[4171] [M]: 0x8002CF10 (0x00360613) addi a2, a2, 3
x12 <- 0x00000003


mem[X,0x8002CF14] -> 0x006F
mem[X,0x8002CF16] -> 0x0040
[4172] [M]: 0x8002CF14 (0x0040006F) jal zero, 4


mem[X,0x8002CF18] -> 0x2623
mem[X,0x8002CF1A] -> 0x68C2
[4173] [M]: 0x8002CF18 (0x68C22623) sw a2, 1676(tp)
mem[0x8003B7F4] <- 0x00000003


mem[X,0x8002CF1C] -> 0xB537
mem[X,0x8002CF1E] -> 0x0000
[4174] [M]: 0x8002CF1C (0x0000B537) lui a0, 11
x10 <- 0x0000B000


mem[X,0x8002CF20] -> 0x0513
mem[X,0x8002CF22] -> 0x5055
[4175] [M]: 0x8002CF20 (0x50550513) addi a0, a0, 1285
x10 <- 0x0000B505


mem[X,0x8002CF24] -> 0x0593
mem[X,0x8002CF26] -> 0x0060
[4176] [M]: 0x8002CF24 (0x00600593) addi a1, zero, 6
x11 <- 0x00000006


mem[X,0x8002CF28] -> 0x0613
mem[X,0x8002CF2A] -> 0x0000
[4177] [M]: 0x8002CF28 (0x00000613) addi a2, zero, 0
x12 <- 0x00000000


mem[X,0x8002CF2C] -> 0x006F
mem[X,0x8002CF2E] -> 0x2B10
[4178] [M]: 0x8002CF2C (0x2B10006F) jal zero, 2736


mem[X,0x8002D9DC] -> 0x5A63
mem[X,0x8002D9DE] -> 0xD4B5
[4179] [M]: 0x8002D9DC (0xD4B55A63) bge a0, a1, 5460


mem[X,0x8002CF30] -> 0x0613
mem[X,0x8002CF32] -> 0x0016
[4180] [M]: 0x8002CF30 (0x00160613) addi a2, a2, 1
x12 <- 0x00000001


mem[X,0x8002CF34] -> 0x006F
mem[X,0x8002CF36] -> 0x2BD0
[4181] [M]: 0x8002CF34 (0x2BD0006F) jal zero, 2748


mem[X,0x8002D9F0] -> 0x2823
mem[X,0x8002D9F2] -> 0x68C2
[4182] [M]: 0x8002D9F0 (0x68C22823) sw a2, 1680(tp)
mem[0x8003B7F8] <- 0x00000001


mem[X,0x8002D9F4] -> 0xB537
mem[X,0x8002D9F6] -> 0x0000
[4183] [M]: 0x8002D9F4 (0x0000B537) lui a0, 11
x10 <- 0x0000B000


mem[X,0x8002D9F8] -> 0x0513
mem[X,0x8002D9FA] -> 0x5055
[4184] [M]: 0x8002D9F8 (0x50550513) addi a0, a0, 1285
x10 <- 0x0000B505


mem[X,0x8002D9FC] -> 0x35B7
mem[X,0x8002D9FE] -> 0x3333
[4185] [M]: 0x8002D9FC (0x333335B7) lui a1, 209715
x11 <- 0x33333000


mem[X,0x8002DA00] -> 0x8593
mem[X,0x8002DA02] -> 0x3345
[4186] [M]: 0x8002DA00 (0x33458593) addi a1, a1, 820
x11 <- 0x33333334


mem[X,0x8002DA04] -> 0x0613
mem[X,0x8002DA06] -> 0x0000
[4187] [M]: 0x8002DA04 (0x00000613) addi a2, zero, 0
x12 <- 0x00000000


mem[X,0x8002DA08] -> 0x006F
mem[X,0x8002DA0A] -> 0x00C0
[4188] [M]: 0x8002DA08 (0x00C0006F) jal zero, 12


mem[X,0x8002DA14] -> 0x5063
mem[X,0x8002DA16] -> 0x02B5
[4189] [M]: 0x8002DA14 (0x02B55063) bge a0, a1, 32


mem[X,0x8002DA18] -> 0x0613
mem[X,0x8002DA1A] -> 0x0026
[4190] [M]: 0x8002DA18 (0x00260613) addi a2, a2, 2
x12 <- 0x00000002


mem[X,0x8002DA1C] -> 0x006F
mem[X,0x8002DA1E] -> 0x0200
[4191] [M]: 0x8002DA1C (0x0200006F) jal zero, 32


mem[X,0x8002DA3C] -> 0x2A23
mem[X,0x8002DA3E] -> 0x68C2
[4192] [M]: 0x8002DA3C (0x68C22A23) sw a2, 1684(tp)
mem[0x8003B7FC] <- 0x00000002


mem[X,0x8002DA40] -> 0xB537
mem[X,0x8002DA42] -> 0x0000
[4193] [M]: 0x8002DA40 (0x0000B537) lui a0, 11
x10 <- 0x0000B000


mem[X,0x8002DA44] -> 0x0513
mem[X,0x8002DA46] -> 0x5055
[4194] [M]: 0x8002DA44 (0x50550513) addi a0, a0, 1285
x10 <- 0x0000B505


mem[X,0x8002DA48] -> 0x65B7
mem[X,0x8002DA4A] -> 0x6666
[4195] [M]: 0x8002DA48 (0x666665B7) lui a1, 419430
x11 <- 0x66666000


mem[X,0x8002DA4C] -> 0x8593
mem[X,0x8002DA4E] -> 0x6675
[4196] [M]: 0x8002DA4C (0x66758593) addi a1, a1, 1639
x11 <- 0x66666667


mem[X,0x8002DA50] -> 0x0613
mem[X,0x8002DA52] -> 0x0000
[4197] [M]: 0x8002DA50 (0x00000613) addi a2, zero, 0
x12 <- 0x00000000


mem[X,0x8002DA54] -> 0x006F
mem[X,0x8002DA56] -> 0x00C0
[4198] [M]: 0x8002DA54 (0x00C0006F) jal zero, 12


mem[X,0x8002DA60] -> 0x5663
mem[X,0x8002DA62] -> 0x00B5
[4199] [M]: 0x8002DA60 (0x00B55663) bge a0, a1, 12


clint::tick mtime <- 0x000000000000002A
 clint timer pending at mtime 0x000000000000002A
htif::tick 0x0000000000000000
mem[X,0x8002DA64] -> 0x0613
mem[X,0x8002DA66] -> 0x0026
[4200] [M]: 0x8002DA64 (0x00260613) addi a2, a2, 2
x12 <- 0x00000002


mem[X,0x8002DA68] -> 0x006F
mem[X,0x8002DA6A] -> 0x00C0
[4201] [M]: 0x8002DA68 (0x00C0006F) jal zero, 12


mem[X,0x8002DA74] -> 0x2C23
mem[X,0x8002DA76] -> 0x68C2
[4202] [M]: 0x8002DA74 (0x68C22C23) sw a2, 1688(tp)
mem[0x8003B800] <- 0x00000002


mem[X,0x8002DA78] -> 0xB537
mem[X,0x8002DA7A] -> 0x0000
[4203] [M]: 0x8002DA78 (0x0000B537) lui a0, 11
x10 <- 0x0000B000


mem[X,0x8002DA7C] -> 0x0513
mem[X,0x8002DA7E] -> 0x5055
[4204] [M]: 0x8002DA7C (0x50550513) addi a0, a0, 1285
x10 <- 0x0000B505


mem[X,0x8002DA80] -> 0x55B7
mem[X,0x8002DA82] -> 0xFFFF
[4205] [M]: 0x8002DA80 (0xFFFF55B7) lui a1, 1048565
x11 <- 0xFFFF5000


mem[X,0x8002DA84] -> 0x8593
mem[X,0x8002DA86] -> 0xAFD5
[4206] [M]: 0x8002DA84 (0xAFD58593) addi a1, a1, 2813
x11 <- 0xFFFF4AFD


mem[X,0x8002DA88] -> 0x0613
mem[X,0x8002DA8A] -> 0x0000
[4207] [M]: 0x8002DA88 (0x00000613) addi a2, zero, 0
x12 <- 0x00000000


mem[X,0x8002DA8C] -> 0x006F
mem[X,0x8002DA8E] -> 0x00C0
[4208] [M]: 0x8002DA8C (0x00C0006F) jal zero, 12


mem[X,0x8002DA98] -> 0x5663
mem[X,0x8002DA9A] -> 0x00B5
[4209] [M]: 0x8002DA98 (0x00B55663) bge a0, a1, 12


mem[X,0x8002DAA4] -> 0x0613
mem[X,0x8002DAA6] -> 0x0036
[4210] [M]: 0x8002DAA4 (0x00360613) addi a2, a2, 3
x12 <- 0x00000003


mem[X,0x8002DAA8] -> 0x006F
mem[X,0x8002DAAA] -> 0x0040
[4211] [M]: 0x8002DAA8 (0x0040006F) jal zero, 4


mem[X,0x8002DAAC] -> 0x2E23
mem[X,0x8002DAAE] -> 0x68C2
[4212] [M]: 0x8002DAAC (0x68C22E23) sw a2, 1692(tp)
mem[0x8003B804] <- 0x00000003


mem[X,0x8002DAB0] -> 0xB537
mem[X,0x8002DAB2] -> 0x0000
[4213] [M]: 0x8002DAB0 (0x0000B537) lui a0, 11
x10 <- 0x0000B000


mem[X,0x8002DAB4] -> 0x0513
mem[X,0x8002DAB6] -> 0x5055
[4214] [M]: 0x8002DAB4 (0x50550513) addi a0, a0, 1285
x10 <- 0x0000B505


mem[X,0x8002DAB8] -> 0xB5B7
mem[X,0x8002DABA] -> 0x0000
[4215] [M]: 0x8002DAB8 (0x0000B5B7) lui a1, 11
x11 <- 0x0000B000


mem[X,0x8002DABC] -> 0x8593
mem[X,0x8002DABE] -> 0x5055
[4216] [M]: 0x8002DABC (0x50558593) addi a1, a1, 1285
x11 <- 0x0000B505


mem[X,0x8002DAC0] -> 0x0613
mem[X,0x8002DAC2] -> 0x0000
[4217] [M]: 0x8002DAC0 (0x00000613) addi a2, zero, 0
x12 <- 0x00000000


mem[X,0x8002DAC4] -> 0x006F
mem[X,0x8002DAC6] -> 0x00C0
[4218] [M]: 0x8002DAC4 (0x00C0006F) jal zero, 12


mem[X,0x8002DAD0] -> 0x5863
mem[X,0x8002DAD2] -> 0x00B5
[4219] [M]: 0x8002DAD0 (0x00B55863) bge a0, a1, 16


mem[X,0x8002DAE0] -> 0x0613
mem[X,0x8002DAE2] -> 0x0036
[4220] [M]: 0x8002DAE0 (0x00360613) addi a2, a2, 3
x12 <- 0x00000003


mem[X,0x8002DAE4] -> 0x006F
mem[X,0x8002DAE6] -> 0x0040
[4221] [M]: 0x8002DAE4 (0x0040006F) jal zero, 4


mem[X,0x8002DAE8] -> 0x2023
mem[X,0x8002DAEA] -> 0x6AC2
[4222] [M]: 0x8002DAE8 (0x6AC22023) sw a2, 1696(tp)
mem[0x8003B808] <- 0x00000003


mem[X,0x8002DAEC] -> 0x0513
mem[X,0x8002DAEE] -> 0x0000
[4223] [M]: 0x8002DAEC (0x00000513) addi a0, zero, 0
x10 <- 0x00000000


mem[X,0x8002DAF0] -> 0x0593
mem[X,0x8002DAF2] -> 0x0020
[4224] [M]: 0x8002DAF0 (0x00200593) addi a1, zero, 2
x11 <- 0x00000002


mem[X,0x8002DAF4] -> 0x0613
mem[X,0x8002DAF6] -> 0x0000
[4225] [M]: 0x8002DAF4 (0x00000613) addi a2, zero, 0
x12 <- 0x00000000


mem[X,0x8002DAF8] -> 0x006F
mem[X,0x8002DAFA] -> 0x00C0
[4226] [M]: 0x8002DAF8 (0x00C0006F) jal zero, 12


mem[X,0x8002DB04] -> 0x5863
mem[X,0x8002DB06] -> 0x00B5
[4227] [M]: 0x8002DB04 (0x00B55863) bge a0, a1, 16


mem[X,0x8002DB08] -> 0x0613
mem[X,0x8002DB0A] -> 0x0026
[4228] [M]: 0x8002DB08 (0x00260613) addi a2, a2, 2
x12 <- 0x00000002


mem[X,0x8002DB0C] -> 0x006F
mem[X,0x8002DB0E] -> 0x0100
[4229] [M]: 0x8002DB0C (0x0100006F) jal zero, 16


mem[X,0x8002DB1C] -> 0x2223
mem[X,0x8002DB1E] -> 0x6AC2
[4230] [M]: 0x8002DB1C (0x6AC22223) sw a2, 1700(tp)
mem[0x8003B80C] <- 0x00000002


mem[X,0x8002DB20] -> 0x0513
mem[X,0x8002DB22] -> 0x0000
[4231] [M]: 0x8002DB20 (0x00000513) addi a0, zero, 0
x10 <- 0x00000000


mem[X,0x8002DB24] -> 0x55B7
mem[X,0x8002DB26] -> 0x5555
[4232] [M]: 0x8002DB24 (0x555555B7) lui a1, 349525
x11 <- 0x55555000


mem[X,0x8002DB28] -> 0x8593
mem[X,0x8002DB2A] -> 0x5545
[4233] [M]: 0x8002DB28 (0x55458593) addi a1, a1, 1364
x11 <- 0x55555554


mem[X,0x8002DB2C] -> 0x0613
mem[X,0x8002DB2E] -> 0x0000
[4234] [M]: 0x8002DB2C (0x00000613) addi a2, zero, 0
x12 <- 0x00000000


mem[X,0x8002DB30] -> 0x006F
mem[X,0x8002DB32] -> 0x00C0
[4235] [M]: 0x8002DB30 (0x00C0006F) jal zero, 12


mem[X,0x8002DB3C] -> 0x5663
mem[X,0x8002DB3E] -> 0x00B5
[4236] [M]: 0x8002DB3C (0x00B55663) bge a0, a1, 12


mem[X,0x8002DB40] -> 0x0613
mem[X,0x8002DB42] -> 0x0026
[4237] [M]: 0x8002DB40 (0x00260613) addi a2, a2, 2
x12 <- 0x00000002


mem[X,0x8002DB44] -> 0x006F
mem[X,0x8002DB46] -> 0x00C0
[4238] [M]: 0x8002DB44 (0x00C0006F) jal zero, 12


mem[X,0x8002DB50] -> 0x2423
mem[X,0x8002DB52] -> 0x6AC2
[4239] [M]: 0x8002DB50 (0x6AC22423) sw a2, 1704(tp)
mem[0x8003B810] <- 0x00000002


mem[X,0x8002DB54] -> 0x0513
mem[X,0x8002DB56] -> 0x0000
[4240] [M]: 0x8002DB54 (0x00000513) addi a0, zero, 0
x10 <- 0x00000000


mem[X,0x8002DB58] -> 0x0593
mem[X,0x8002DB5A] -> 0x0000
[4241] [M]: 0x8002DB58 (0x00000593) addi a1, zero, 0
x11 <- 0x00000000


mem[X,0x8002DB5C] -> 0x0613
mem[X,0x8002DB5E] -> 0x0000
[4242] [M]: 0x8002DB5C (0x00000613) addi a2, zero, 0
x12 <- 0x00000000


mem[X,0x8002DB60] -> 0x006F
mem[X,0x8002DB62] -> 0x00C0
[4243] [M]: 0x8002DB60 (0x00C0006F) jal zero, 12


mem[X,0x8002DB6C] -> 0x5063
mem[X,0x8002DB6E] -> 0x02B5
[4244] [M]: 0x8002DB6C (0x02B55063) bge a0, a1, 32


mem[X,0x8002DB8C] -> 0x0613
mem[X,0x8002DB8E] -> 0x0036
[4245] [M]: 0x8002DB8C (0x00360613) addi a2, a2, 3
x12 <- 0x00000003


mem[X,0x8002DB90] -> 0x006F
mem[X,0x8002DB92] -> 0x0040
[4246] [M]: 0x8002DB90 (0x0040006F) jal zero, 4


mem[X,0x8002DB94] -> 0x2623
mem[X,0x8002DB96] -> 0x6AC2
[4247] [M]: 0x8002DB94 (0x6AC22623) sw a2, 1708(tp)
mem[0x8003B814] <- 0x00000003


mem[X,0x8002DB98] -> 0x0513
mem[X,0x8002DB9A] -> 0x0000
[4248] [M]: 0x8002DB98 (0x00000513) addi a0, zero, 0
x10 <- 0x00000000


mem[X,0x8002DB9C] -> 0x0593
mem[X,0x8002DB9E] -> 0x0040
[4249] [M]: 0x8002DB9C (0x00400593) addi a1, zero, 4
x11 <- 0x00000004


mem[X,0x8002DBA0] -> 0x0613
mem[X,0x8002DBA2] -> 0x0000
[4250] [M]: 0x8002DBA0 (0x00000613) addi a2, zero, 0
x12 <- 0x00000000


mem[X,0x8002DBA4] -> 0x006F
mem[X,0x8002DBA6] -> 0x00C0
[4251] [M]: 0x8002DBA4 (0x00C0006F) jal zero, 12


mem[X,0x8002DBB0] -> 0x5663
mem[X,0x8002DBB2] -> 0x00B5
[4252] [M]: 0x8002DBB0 (0x00B55663) bge a0, a1, 12


mem[X,0x8002DBB4] -> 0x0613
mem[X,0x8002DBB6] -> 0x0026
[4253] [M]: 0x8002DBB4 (0x00260613) addi a2, a2, 2
x12 <- 0x00000002


mem[X,0x8002DBB8] -> 0x006F
mem[X,0x8002DBBA] -> 0x00C0
[4254] [M]: 0x8002DBB8 (0x00C0006F) jal zero, 12


mem[X,0x8002DBC4] -> 0x2823
mem[X,0x8002DBC6] -> 0x6AC2
[4255] [M]: 0x8002DBC4 (0x6AC22823) sw a2, 1712(tp)
mem[0x8003B818] <- 0x00000002


mem[X,0x8002DBC8] -> 0x0513
mem[X,0x8002DBCA] -> 0x0000
[4256] [M]: 0x8002DBC8 (0x00000513) addi a0, zero, 0
x10 <- 0x00000000


mem[X,0x8002DBCC] -> 0x35B7
mem[X,0x8002DBCE] -> 0x3333
[4257] [M]: 0x8002DBCC (0x333335B7) lui a1, 209715
x11 <- 0x33333000


mem[X,0x8002DBD0] -> 0x8593
mem[X,0x8002DBD2] -> 0x3325
[4258] [M]: 0x8002DBD0 (0x33258593) addi a1, a1, 818
x11 <- 0x33333332


mem[X,0x8002DBD4] -> 0x0613
mem[X,0x8002DBD6] -> 0x0000
[4259] [M]: 0x8002DBD4 (0x00000613) addi a2, zero, 0
x12 <- 0x00000000


mem[X,0x8002DBD8] -> 0x006F
mem[X,0x8002DBDA] -> 0x00C0
[4260] [M]: 0x8002DBD8 (0x00C0006F) jal zero, 12


mem[X,0x8002DBE4] -> 0x5CE3
mem[X,0x8002DBE6] -> 0xFEB5
[4261] [M]: 0x8002DBE4 (0xFEB55CE3) bge a0, a1, 8184


mem[X,0x8002DBE8] -> 0x0613
mem[X,0x8002DBEA] -> 0x0026
[4262] [M]: 0x8002DBE8 (0x00260613) addi a2, a2, 2
x12 <- 0x00000002


mem[X,0x8002DBEC] -> 0x006F
mem[X,0x8002DBEE] -> 0x00C0
[4263] [M]: 0x8002DBEC (0x00C0006F) jal zero, 12


mem[X,0x8002DBF8] -> 0x2A23
mem[X,0x8002DBFA] -> 0x6AC2
[4264] [M]: 0x8002DBF8 (0x6AC22A23) sw a2, 1716(tp)
mem[0x8003B81C] <- 0x00000002


mem[X,0x8002DBFC] -> 0x0513
mem[X,0x8002DBFE] -> 0x0000
[4265] [M]: 0x8002DBFC (0x00000513) addi a0, zero, 0
x10 <- 0x00000000


mem[X,0x8002DC00] -> 0x65B7
mem[X,0x8002DC02] -> 0x6666
[4266] [M]: 0x8002DC00 (0x666665B7) lui a1, 419430
x11 <- 0x66666000


mem[X,0x8002DC04] -> 0x8593
mem[X,0x8002DC06] -> 0x6655
[4267] [M]: 0x8002DC04 (0x66558593) addi a1, a1, 1637
x11 <- 0x66666665


mem[X,0x8002DC08] -> 0x0613
mem[X,0x8002DC0A] -> 0x0000
[4268] [M]: 0x8002DC08 (0x00000613) addi a2, zero, 0
x12 <- 0x00000000


mem[X,0x8002DC0C] -> 0x006F
mem[X,0x8002DC0E] -> 0x00C0
[4269] [M]: 0x8002DC0C (0x00C0006F) jal zero, 12


mem[X,0x8002DC18] -> 0x5063
mem[X,0x8002DC1A] -> 0x04B5
[4270] [M]: 0x8002DC18 (0x04B55063) bge a0, a1, 64


mem[X,0x8002DC1C] -> 0x0613
mem[X,0x8002DC1E] -> 0x0026
[4271] [M]: 0x8002DC1C (0x00260613) addi a2, a2, 2
x12 <- 0x00000002


mem[X,0x8002DC20] -> 0x006F
mem[X,0x8002DC22] -> 0x0400
[4272] [M]: 0x8002DC20 (0x0400006F) jal zero, 64


mem[X,0x8002DC60] -> 0x2C23
mem[X,0x8002DC62] -> 0x6AC2
[4273] [M]: 0x8002DC60 (0x6AC22C23) sw a2, 1720(tp)
mem[0x8003B820] <- 0x00000002


mem[X,0x8002DC64] -> 0x0513
mem[X,0x8002DC66] -> 0x0000
[4274] [M]: 0x8002DC64 (0x00000513) addi a0, zero, 0
x10 <- 0x00000000


mem[X,0x8002DC68] -> 0xB5B7
mem[X,0x8002DC6A] -> 0x0000
[4275] [M]: 0x8002DC68 (0x0000B5B7) lui a1, 11
x11 <- 0x0000B000


mem[X,0x8002DC6C] -> 0x8593
mem[X,0x8002DC6E] -> 0x5035
[4276] [M]: 0x8002DC6C (0x50358593) addi a1, a1, 1283
x11 <- 0x0000B503


mem[X,0x8002DC70] -> 0x0613
mem[X,0x8002DC72] -> 0x0000
[4277] [M]: 0x8002DC70 (0x00000613) addi a2, zero, 0
x12 <- 0x00000000


mem[X,0x8002DC74] -> 0x006F
mem[X,0x8002DC76] -> 0x00C0
[4278] [M]: 0x8002DC74 (0x00C0006F) jal zero, 12


mem[X,0x8002DC80] -> 0x5663
mem[X,0x8002DC82] -> 0x00B5
[4279] [M]: 0x8002DC80 (0x00B55663) bge a0, a1, 12


mem[X,0x8002DC84] -> 0x0613
mem[X,0x8002DC86] -> 0x0026
[4280] [M]: 0x8002DC84 (0x00260613) addi a2, a2, 2
x12 <- 0x00000002


mem[X,0x8002DC88] -> 0x006F
mem[X,0x8002DC8A] -> 0x00C0
[4281] [M]: 0x8002DC88 (0x00C0006F) jal zero, 12


mem[X,0x8002DC94] -> 0x2E23
mem[X,0x8002DC96] -> 0x6AC2
[4282] [M]: 0x8002DC94 (0x6AC22E23) sw a2, 1724(tp)
mem[0x8003B824] <- 0x00000002


mem[X,0x8002DC98] -> 0x0513
mem[X,0x8002DC9A] -> 0x0000
[4283] [M]: 0x8002DC98 (0x00000513) addi a0, zero, 0
x10 <- 0x00000000


mem[X,0x8002DC9C] -> 0x55B7
mem[X,0x8002DC9E] -> 0x5555
[4284] [M]: 0x8002DC9C (0x555555B7) lui a1, 349525
x11 <- 0x55555000


mem[X,0x8002DCA0] -> 0x8593
mem[X,0x8002DCA2] -> 0x5565
[4285] [M]: 0x8002DCA0 (0x55658593) addi a1, a1, 1366
x11 <- 0x55555556


mem[X,0x8002DCA4] -> 0x0613
mem[X,0x8002DCA6] -> 0x0000
[4286] [M]: 0x8002DCA4 (0x00000613) addi a2, zero, 0
x12 <- 0x00000000


mem[X,0x8002DCA8] -> 0x006F
mem[X,0x8002DCAA] -> 0x00C0
[4287] [M]: 0x8002DCA8 (0x00C0006F) jal zero, 12


mem[X,0x8002DCB4] -> 0x5063
mem[X,0x8002DCB6] -> 0x10B5
[4288] [M]: 0x8002DCB4 (0x10B55063) bge a0, a1, 256


mem[X,0x8002DCB8] -> 0x0613
mem[X,0x8002DCBA] -> 0x0026
[4289] [M]: 0x8002DCB8 (0x00260613) addi a2, a2, 2
x12 <- 0x00000002


mem[X,0x8002DCBC] -> 0x006F
mem[X,0x8002DCBE] -> 0x1000
[4290] [M]: 0x8002DCBC (0x1000006F) jal zero, 256


mem[X,0x8002DDBC] -> 0x2023
mem[X,0x8002DDBE] -> 0x6CC2
[4291] [M]: 0x8002DDBC (0x6CC22023) sw a2, 1728(tp)
mem[0x8003B828] <- 0x00000002


mem[X,0x8002DDC0] -> 0x0513
mem[X,0x8002DDC2] -> 0x0000
[4292] [M]: 0x8002DDC0 (0x00000513) addi a0, zero, 0
x10 <- 0x00000000


mem[X,0x8002DDC4] -> 0xB5B7
mem[X,0x8002DDC6] -> 0xAAAA
[4293] [M]: 0x8002DDC4 (0xAAAAB5B7) lui a1, 699051
x11 <- 0xAAAAB000


mem[X,0x8002DDC8] -> 0x8593
mem[X,0x8002DDCA] -> 0xAAB5
[4294] [M]: 0x8002DDC8 (0xAAB58593) addi a1, a1, 2731
x11 <- 0xAAAAAAAB


mem[X,0x8002DDCC] -> 0x0613
mem[X,0x8002DDCE] -> 0x0000
[4295] [M]: 0x8002DDCC (0x00000613) addi a2, zero, 0
x12 <- 0x00000000


mem[X,0x8002DDD0] -> 0x006F
mem[X,0x8002DDD2] -> 0x0140
[4296] [M]: 0x8002DDD0 (0x0140006F) jal zero, 20


mem[X,0x8002DDE4] -> 0x58E3
mem[X,0x8002DDE6] -> 0xFEB5
[4297] [M]: 0x8002DDE4 (0xFEB558E3) bge a0, a1, 8176


mem[X,0x8002DDD4] -> 0x0613
mem[X,0x8002DDD6] -> 0x0016
[4298] [M]: 0x8002DDD4 (0x00160613) addi a2, a2, 1
x12 <- 0x00000001


mem[X,0x8002DDD8] -> 0x006F
mem[X,0x8002DDDA] -> 0x0200
[4299] [M]: 0x8002DDD8 (0x0200006F) jal zero, 32


clint::tick mtime <- 0x000000000000002B
 clint timer pending at mtime 0x000000000000002B
htif::tick 0x0000000000000000
mem[X,0x8002DDF8] -> 0x2223
mem[X,0x8002DDFA] -> 0x6CC2
[4300] [M]: 0x8002DDF8 (0x6CC22223) sw a2, 1732(tp)
mem[0x8003B82C] <- 0x00000001


mem[X,0x8002DDFC] -> 0x0513
mem[X,0x8002DDFE] -> 0x0000
[4301] [M]: 0x8002DDFC (0x00000513) addi a0, zero, 0
x10 <- 0x00000000


mem[X,0x8002DE00] -> 0x0593
mem[X,0x8002DE02] -> 0x0060
[4302] [M]: 0x8002DE00 (0x00600593) addi a1, zero, 6
x11 <- 0x00000006


mem[X,0x8002DE04] -> 0x0613
mem[X,0x8002DE06] -> 0x0000
[4303] [M]: 0x8002DE04 (0x00000613) addi a2, zero, 0
x12 <- 0x00000000


mem[X,0x8002DE08] -> 0x006F
mem[X,0x8002DE0A] -> 0x00C0
[4304] [M]: 0x8002DE08 (0x00C0006F) jal zero, 12


mem[X,0x8002DE14] -> 0x5CE3
mem[X,0x8002DE16] -> 0xFEB5
[4305] [M]: 0x8002DE14 (0xFEB55CE3) bge a0, a1, 8184


mem[X,0x8002DE18] -> 0x0613
mem[X,0x8002DE1A] -> 0x0026
[4306] [M]: 0x8002DE18 (0x00260613) addi a2, a2, 2
x12 <- 0x00000002


mem[X,0x8002DE1C] -> 0x006F
mem[X,0x8002DE1E] -> 0x00C0
[4307] [M]: 0x8002DE1C (0x00C0006F) jal zero, 12


mem[X,0x8002DE28] -> 0x2423
mem[X,0x8002DE2A] -> 0x6CC2
[4308] [M]: 0x8002DE28 (0x6CC22423) sw a2, 1736(tp)
mem[0x8003B830] <- 0x00000002


mem[X,0x8002DE2C] -> 0x0513
mem[X,0x8002DE2E] -> 0x0000
[4309] [M]: 0x8002DE2C (0x00000513) addi a0, zero, 0
x10 <- 0x00000000


mem[X,0x8002DE30] -> 0x35B7
mem[X,0x8002DE32] -> 0x3333
[4310] [M]: 0x8002DE30 (0x333335B7) lui a1, 209715
x11 <- 0x33333000


mem[X,0x8002DE34] -> 0x8593
mem[X,0x8002DE36] -> 0x3345
[4311] [M]: 0x8002DE34 (0x33458593) addi a1, a1, 820
x11 <- 0x33333334


mem[X,0x8002DE38] -> 0x0613
mem[X,0x8002DE3A] -> 0x0000
[4312] [M]: 0x8002DE38 (0x00000613) addi a2, zero, 0
x12 <- 0x00000000


mem[X,0x8002DE3C] -> 0x006F
mem[X,0x8002DE3E] -> 0x00C0
[4313] [M]: 0x8002DE3C (0x00C0006F) jal zero, 12


mem[X,0x8002DE48] -> 0x5663
mem[X,0x8002DE4A] -> 0x00B5
[4314] [M]: 0x8002DE48 (0x00B55663) bge a0, a1, 12


mem[X,0x8002DE4C] -> 0x0613
mem[X,0x8002DE4E] -> 0x0026
[4315] [M]: 0x8002DE4C (0x00260613) addi a2, a2, 2
x12 <- 0x00000002


mem[X,0x8002DE50] -> 0x006F
mem[X,0x8002DE52] -> 0x00C0
[4316] [M]: 0x8002DE50 (0x00C0006F) jal zero, 12


mem[X,0x8002DE5C] -> 0x2623
mem[X,0x8002DE5E] -> 0x6CC2
[4317] [M]: 0x8002DE5C (0x6CC22623) sw a2, 1740(tp)
mem[0x8003B834] <- 0x00000002


mem[X,0x8002DE60] -> 0x0513
mem[X,0x8002DE62] -> 0x0000
[4318] [M]: 0x8002DE60 (0x00000513) addi a0, zero, 0
x10 <- 0x00000000


mem[X,0x8002DE64] -> 0x65B7
mem[X,0x8002DE66] -> 0x6666
[4319] [M]: 0x8002DE64 (0x666665B7) lui a1, 419430
x11 <- 0x66666000


mem[X,0x8002DE68] -> 0x8593
mem[X,0x8002DE6A] -> 0x6675
[4320] [M]: 0x8002DE68 (0x66758593) addi a1, a1, 1639
x11 <- 0x66666667


mem[X,0x8002DE6C] -> 0x0613
mem[X,0x8002DE6E] -> 0x0000
[4321] [M]: 0x8002DE6C (0x00000613) addi a2, zero, 0
x12 <- 0x00000000


mem[X,0x8002DE70] -> 0x006F
mem[X,0x8002DE72] -> 0x00C0
[4322] [M]: 0x8002DE70 (0x00C0006F) jal zero, 12


mem[X,0x8002DE7C] -> 0x5CE3
mem[X,0x8002DE7E] -> 0xFEB5
[4323] [M]: 0x8002DE7C (0xFEB55CE3) bge a0, a1, 8184


mem[X,0x8002DE80] -> 0x0613
mem[X,0x8002DE82] -> 0x0026
[4324] [M]: 0x8002DE80 (0x00260613) addi a2, a2, 2
x12 <- 0x00000002


mem[X,0x8002DE84] -> 0x006F
mem[X,0x8002DE86] -> 0x00C0
[4325] [M]: 0x8002DE84 (0x00C0006F) jal zero, 12


mem[X,0x8002DE90] -> 0x2823
mem[X,0x8002DE92] -> 0x6CC2
[4326] [M]: 0x8002DE90 (0x6CC22823) sw a2, 1744(tp)
mem[0x8003B838] <- 0x00000002


mem[X,0x8002DE94] -> 0x0513
mem[X,0x8002DE96] -> 0x0000
[4327] [M]: 0x8002DE94 (0x00000513) addi a0, zero, 0
x10 <- 0x00000000


mem[X,0x8002DE98] -> 0x55B7
mem[X,0x8002DE9A] -> 0xFFFF
[4328] [M]: 0x8002DE98 (0xFFFF55B7) lui a1, 1048565
x11 <- 0xFFFF5000


mem[X,0x8002DE9C] -> 0x8593
mem[X,0x8002DE9E] -> 0xAFD5
[4329] [M]: 0x8002DE9C (0xAFD58593) addi a1, a1, 2813
x11 <- 0xFFFF4AFD


mem[X,0x8002DEA0] -> 0x0613
mem[X,0x8002DEA2] -> 0x0000
[4330] [M]: 0x8002DEA0 (0x00000613) addi a2, zero, 0
x12 <- 0x00000000


mem[X,0x8002DEA4] -> 0x006F
mem[X,0x8002DEA6] -> 0x0100
[4331] [M]: 0x8002DEA4 (0x0100006F) jal zero, 16


mem[X,0x8002DEB4] -> 0x5AE3
mem[X,0x8002DEB6] -> 0xFEB5
[4332] [M]: 0x8002DEB4 (0xFEB55AE3) bge a0, a1, 8180


mem[X,0x8002DEA8] -> 0x0613
mem[X,0x8002DEAA] -> 0x0016
[4333] [M]: 0x8002DEA8 (0x00160613) addi a2, a2, 1
x12 <- 0x00000001


mem[X,0x8002DEAC] -> 0x006F
mem[X,0x8002DEAE] -> 0x01C0
[4334] [M]: 0x8002DEAC (0x01C0006F) jal zero, 28


mem[X,0x8002DEC8] -> 0x2A23
mem[X,0x8002DECA] -> 0x6CC2
[4335] [M]: 0x8002DEC8 (0x6CC22A23) sw a2, 1748(tp)
mem[0x8003B83C] <- 0x00000001


mem[X,0x8002DECC] -> 0x0513
mem[X,0x8002DECE] -> 0x0000
[4336] [M]: 0x8002DECC (0x00000513) addi a0, zero, 0
x10 <- 0x00000000


mem[X,0x8002DED0] -> 0xB5B7
mem[X,0x8002DED2] -> 0x0000
[4337] [M]: 0x8002DED0 (0x0000B5B7) lui a1, 11
x11 <- 0x0000B000


mem[X,0x8002DED4] -> 0x8593
mem[X,0x8002DED6] -> 0x5055
[4338] [M]: 0x8002DED4 (0x50558593) addi a1, a1, 1285
x11 <- 0x0000B505


mem[X,0x8002DED8] -> 0x0613
mem[X,0x8002DEDA] -> 0x0000
[4339] [M]: 0x8002DED8 (0x00000613) addi a2, zero, 0
x12 <- 0x00000000


mem[X,0x8002DEDC] -> 0x006F
mem[X,0x8002DEDE] -> 0x00C0
[4340] [M]: 0x8002DEDC (0x00C0006F) jal zero, 12


mem[X,0x8002DEE8] -> 0x5063
mem[X,0x8002DEEA] -> 0x02B5
[4341] [M]: 0x8002DEE8 (0x02B55063) bge a0, a1, 32


mem[X,0x8002DEEC] -> 0x0613
mem[X,0x8002DEEE] -> 0x0026
[4342] [M]: 0x8002DEEC (0x00260613) addi a2, a2, 2
x12 <- 0x00000002


mem[X,0x8002DEF0] -> 0x006F
mem[X,0x8002DEF2] -> 0x0200
[4343] [M]: 0x8002DEF0 (0x0200006F) jal zero, 32


mem[X,0x8002DF10] -> 0x2C23
mem[X,0x8002DF12] -> 0x6CC2
[4344] [M]: 0x8002DF10 (0x6CC22C23) sw a2, 1752(tp)
mem[0x8003B840] <- 0x00000002


mem[X,0x8002DF14] -> 0x0513
mem[X,0x8002DF16] -> 0x0040
[4345] [M]: 0x8002DF14 (0x00400513) addi a0, zero, 4
x10 <- 0x00000004


mem[X,0x8002DF18] -> 0x0593
mem[X,0x8002DF1A] -> 0x0030
[4346] [M]: 0x8002DF18 (0x00300593) addi a1, zero, 3
x11 <- 0x00000003


mem[X,0x8002DF1C] -> 0x0613
mem[X,0x8002DF1E] -> 0x0000
[4347] [M]: 0x8002DF1C (0x00000613) addi a2, zero, 0
x12 <- 0x00000000


mem[X,0x8002DF20] -> 0x006F
mem[X,0x8002DF22] -> 0x00C0
[4348] [M]: 0x8002DF20 (0x00C0006F) jal zero, 12


mem[X,0x8002DF2C] -> 0x5663
mem[X,0x8002DF2E] -> 0x00B5
[4349] [M]: 0x8002DF2C (0x00B55663) bge a0, a1, 12


mem[X,0x8002DF38] -> 0x0613
mem[X,0x8002DF3A] -> 0x0036
[4350] [M]: 0x8002DF38 (0x00360613) addi a2, a2, 3
x12 <- 0x00000003


mem[X,0x8002DF3C] -> 0x006F
mem[X,0x8002DF3E] -> 0x0040
[4351] [M]: 0x8002DF3C (0x0040006F) jal zero, 4


mem[X,0x8002DF40] -> 0x2E23
mem[X,0x8002DF42] -> 0x6CC2
[4352] [M]: 0x8002DF40 (0x6CC22E23) sw a2, 1756(tp)
mem[0x8003B844] <- 0x00000003


mem[X,0x8002DF44] -> 0x0513
mem[X,0x8002DF46] -> 0x0040
[4353] [M]: 0x8002DF44 (0x00400513) addi a0, zero, 4
x10 <- 0x00000004


mem[X,0x8002DF48] -> 0x55B7
mem[X,0x8002DF4A] -> 0x5555
[4354] [M]: 0x8002DF48 (0x555555B7) lui a1, 349525
x11 <- 0x55555000


mem[X,0x8002DF4C] -> 0x8593
mem[X,0x8002DF4E] -> 0x5555
[4355] [M]: 0x8002DF4C (0x55558593) addi a1, a1, 1365
x11 <- 0x55555555


mem[X,0x8002DF50] -> 0x0613
mem[X,0x8002DF52] -> 0x0000
[4356] [M]: 0x8002DF50 (0x00000613) addi a2, zero, 0
x12 <- 0x00000000


mem[X,0x8002DF54] -> 0x006F
mem[X,0x8002DF56] -> 0x00C0
[4357] [M]: 0x8002DF54 (0x00C0006F) jal zero, 12


mem[X,0x8002DF60] -> 0x5663
mem[X,0x8002DF62] -> 0x00B5
[4358] [M]: 0x8002DF60 (0x00B55663) bge a0, a1, 12


mem[X,0x8002DF64] -> 0x0613
mem[X,0x8002DF66] -> 0x0026
[4359] [M]: 0x8002DF64 (0x00260613) addi a2, a2, 2
x12 <- 0x00000002


mem[X,0x8002DF68] -> 0x006F
mem[X,0x8002DF6A] -> 0x00C0
[4360] [M]: 0x8002DF68 (0x00C0006F) jal zero, 12


mem[X,0x8002DF74] -> 0x2023
mem[X,0x8002DF76] -> 0x6EC2
[4361] [M]: 0x8002DF74 (0x6EC22023) sw a2, 1760(tp)
mem[0x8003B848] <- 0x00000002


mem[X,0x8002DF78] -> 0x0513
mem[X,0x8002DF7A] -> 0x0040
[4362] [M]: 0x8002DF78 (0x00400513) addi a0, zero, 4
x10 <- 0x00000004


mem[X,0x8002DF7C] -> 0xB5B7
mem[X,0x8002DF7E] -> 0xAAAA
[4363] [M]: 0x8002DF7C (0xAAAAB5B7) lui a1, 699051
x11 <- 0xAAAAB000


mem[X,0x8002DF80] -> 0x8593
mem[X,0x8002DF82] -> 0xAAA5
[4364] [M]: 0x8002DF80 (0xAAA58593) addi a1, a1, 2730
x11 <- 0xAAAAAAAA


mem[X,0x8002DF84] -> 0x0613
mem[X,0x8002DF86] -> 0x0000
[4365] [M]: 0x8002DF84 (0x00000613) addi a2, zero, 0
x12 <- 0x00000000


mem[X,0x8002DF88] -> 0x006F
mem[X,0x8002DF8A] -> 0x00C0
[4366] [M]: 0x8002DF88 (0x00C0006F) jal zero, 12


mem[X,0x8002DF94] -> 0x5063
mem[X,0x8002DF96] -> 0x20B5
[4367] [M]: 0x8002DF94 (0x20B55063) bge a0, a1, 512


mem[X,0x8002E194] -> 0x0613
mem[X,0x8002E196] -> 0x0036
[4368] [M]: 0x8002E194 (0x00360613) addi a2, a2, 3
x12 <- 0x00000003


mem[X,0x8002E198] -> 0x006F
mem[X,0x8002E19A] -> 0x0040
[4369] [M]: 0x8002E198 (0x0040006F) jal zero, 4


mem[X,0x8002E19C] -> 0x2223
mem[X,0x8002E19E] -> 0x6EC2
[4370] [M]: 0x8002E19C (0x6EC22223) sw a2, 1764(tp)
mem[0x8003B84C] <- 0x00000003


mem[X,0x8002E1A0] -> 0x0513
mem[X,0x8002E1A2] -> 0x0040
[4371] [M]: 0x8002E1A0 (0x00400513) addi a0, zero, 4
x10 <- 0x00000004


mem[X,0x8002E1A4] -> 0x0593
mem[X,0x8002E1A6] -> 0x0050
[4372] [M]: 0x8002E1A4 (0x00500593) addi a1, zero, 5
x11 <- 0x00000005


mem[X,0x8002E1A8] -> 0x0613
mem[X,0x8002E1AA] -> 0x0000
[4373] [M]: 0x8002E1A8 (0x00000613) addi a2, zero, 0
x12 <- 0x00000000


mem[X,0x8002E1AC] -> 0x006F
mem[X,0x8002E1AE] -> 0x00C0
[4374] [M]: 0x8002E1AC (0x00C0006F) jal zero, 12


mem[X,0x8002E1B8] -> 0x5663
mem[X,0x8002E1BA] -> 0x00B5
[4375] [M]: 0x8002E1B8 (0x00B55663) bge a0, a1, 12


mem[X,0x8002E1BC] -> 0x0613
mem[X,0x8002E1BE] -> 0x0026
[4376] [M]: 0x8002E1BC (0x00260613) addi a2, a2, 2
x12 <- 0x00000002


mem[X,0x8002E1C0] -> 0x006F
mem[X,0x8002E1C2] -> 0x00C0
[4377] [M]: 0x8002E1C0 (0x00C0006F) jal zero, 12


mem[X,0x8002E1CC] -> 0x2423
mem[X,0x8002E1CE] -> 0x6EC2
[4378] [M]: 0x8002E1CC (0x6EC22423) sw a2, 1768(tp)
mem[0x8003B850] <- 0x00000002


mem[X,0x8002E1D0] -> 0x0513
mem[X,0x8002E1D2] -> 0x0040
[4379] [M]: 0x8002E1D0 (0x00400513) addi a0, zero, 4
x10 <- 0x00000004


mem[X,0x8002E1D4] -> 0x35B7
mem[X,0x8002E1D6] -> 0x3333
[4380] [M]: 0x8002E1D4 (0x333335B7) lui a1, 209715
x11 <- 0x33333000


mem[X,0x8002E1D8] -> 0x8593
mem[X,0x8002E1DA] -> 0x3335
[4381] [M]: 0x8002E1D8 (0x33358593) addi a1, a1, 819
x11 <- 0x33333333


mem[X,0x8002E1DC] -> 0x0613
mem[X,0x8002E1DE] -> 0x0000
[4382] [M]: 0x8002E1DC (0x00000613) addi a2, zero, 0
x12 <- 0x00000000


mem[X,0x8002E1E0] -> 0x006F
mem[X,0x8002E1E2] -> 0x00C0
[4383] [M]: 0x8002E1E0 (0x00C0006F) jal zero, 12


mem[X,0x8002E1EC] -> 0x5663
mem[X,0x8002E1EE] -> 0x00B5
[4384] [M]: 0x8002E1EC (0x00B55663) bge a0, a1, 12


mem[X,0x8002E1F0] -> 0x0613
mem[X,0x8002E1F2] -> 0x0026
[4385] [M]: 0x8002E1F0 (0x00260613) addi a2, a2, 2
x12 <- 0x00000002


mem[X,0x8002E1F4] -> 0x006F
mem[X,0x8002E1F6] -> 0x00C0
[4386] [M]: 0x8002E1F4 (0x00C0006F) jal zero, 12


mem[X,0x8002E200] -> 0x2623
mem[X,0x8002E202] -> 0x6EC2
[4387] [M]: 0x8002E200 (0x6EC22623) sw a2, 1772(tp)
mem[0x8003B854] <- 0x00000002


mem[X,0x8002E204] -> 0x0513
mem[X,0x8002E206] -> 0x0040
[4388] [M]: 0x8002E204 (0x00400513) addi a0, zero, 4
x10 <- 0x00000004


mem[X,0x8002E208] -> 0x65B7
mem[X,0x8002E20A] -> 0x6666
[4389] [M]: 0x8002E208 (0x666665B7) lui a1, 419430
x11 <- 0x66666000


mem[X,0x8002E20C] -> 0x8593
mem[X,0x8002E20E] -> 0x6665
[4390] [M]: 0x8002E20C (0x66658593) addi a1, a1, 1638
x11 <- 0x66666666


mem[X,0x8002E210] -> 0x0613
mem[X,0x8002E212] -> 0x0000
[4391] [M]: 0x8002E210 (0x00000613) addi a2, zero, 0
x12 <- 0x00000000


mem[X,0x8002E214] -> 0x006F
mem[X,0x8002E216] -> 0x0050
[4392] [M]: 0x8002E214 (0x0050006F) jal zero, 2052


mem[X,0x8002EA18] -> 0x50E3
mem[X,0x8002EA1A] -> 0x80B5
[4393] [M]: 0x8002EA18 (0x80B550E3) bge a0, a1, 6144


mem[X,0x8002EA1C] -> 0x0613
mem[X,0x8002EA1E] -> 0x0026
[4394] [M]: 0x8002EA1C (0x00260613) addi a2, a2, 2
x12 <- 0x00000002


mem[X,0x8002EA20] -> 0x006F
mem[X,0x8002EA22] -> 0x00C0
[4395] [M]: 0x8002EA20 (0x00C0006F) jal zero, 12


mem[X,0x8002EA2C] -> 0x2823
mem[X,0x8002EA2E] -> 0x6EC2
[4396] [M]: 0x8002EA2C (0x6EC22823) sw a2, 1776(tp)
mem[0x8003B858] <- 0x00000002


mem[X,0x8002EA30] -> 0x0513
mem[X,0x8002EA32] -> 0x0040
[4397] [M]: 0x8002EA30 (0x00400513) addi a0, zero, 4
x10 <- 0x00000004


mem[X,0x8002EA34] -> 0x55B7
mem[X,0x8002EA36] -> 0xFFFF
[4398] [M]: 0x8002EA34 (0xFFFF55B7) lui a1, 1048565
x11 <- 0xFFFF5000


mem[X,0x8002EA38] -> 0x8593
mem[X,0x8002EA3A] -> 0xAFC5
[4399] [M]: 0x8002EA38 (0xAFC58593) addi a1, a1, 2812
x11 <- 0xFFFF4AFC


clint::tick mtime <- 0x000000000000002C
 clint timer pending at mtime 0x000000000000002C
htif::tick 0x0000000000000000
mem[X,0x8002EA3C] -> 0x0613
mem[X,0x8002EA3E] -> 0x0000
[4400] [M]: 0x8002EA3C (0x00000613) addi a2, zero, 0
x12 <- 0x00000000


mem[X,0x8002EA40] -> 0x006F
mem[X,0x8002EA42] -> 0x00C0
[4401] [M]: 0x8002EA40 (0x00C0006F) jal zero, 12


mem[X,0x8002EA4C] -> 0x5CE3
mem[X,0x8002EA4E] -> 0xFEB5
[4402] [M]: 0x8002EA4C (0xFEB55CE3) bge a0, a1, 8184


mem[X,0x8002EA44] -> 0x0613
mem[X,0x8002EA46] -> 0x0016
[4403] [M]: 0x8002EA44 (0x00160613) addi a2, a2, 1
x12 <- 0x00000001


mem[X,0x8002EA48] -> 0x006F
mem[X,0x8002EA4A] -> 0x0180
[4404] [M]: 0x8002EA48 (0x0180006F) jal zero, 24


mem[X,0x8002EA60] -> 0x2A23
mem[X,0x8002EA62] -> 0x6EC2
[4405] [M]: 0x8002EA60 (0x6EC22A23) sw a2, 1780(tp)
mem[0x8003B85C] <- 0x00000001


mem[X,0x8002EA64] -> 0x0513
mem[X,0x8002EA66] -> 0x0040
[4406] [M]: 0x8002EA64 (0x00400513) addi a0, zero, 4
x10 <- 0x00000004


mem[X,0x8002EA68] -> 0xB5B7
mem[X,0x8002EA6A] -> 0x0000
[4407] [M]: 0x8002EA68 (0x0000B5B7) lui a1, 11
x11 <- 0x0000B000


mem[X,0x8002EA6C] -> 0x8593
mem[X,0x8002EA6E] -> 0x5045
[4408] [M]: 0x8002EA6C (0x50458593) addi a1, a1, 1284
x11 <- 0x0000B504


mem[X,0x8002EA70] -> 0x0613
mem[X,0x8002EA72] -> 0x0000
[4409] [M]: 0x8002EA70 (0x00000613) addi a2, zero, 0
x12 <- 0x00000000


mem[X,0x8002EA74] -> 0x006F
mem[X,0x8002EA76] -> 0x0140
[4410] [M]: 0x8002EA74 (0x0140006F) jal zero, 20


mem[X,0x8002EA88] -> 0x58E3
mem[X,0x8002EA8A] -> 0xFEB5
[4411] [M]: 0x8002EA88 (0xFEB558E3) bge a0, a1, 8176


mem[X,0x8002EA8C] -> 0x0613
mem[X,0x8002EA8E] -> 0x0026
[4412] [M]: 0x8002EA8C (0x00260613) addi a2, a2, 2
x12 <- 0x00000002


mem[X,0x8002EA90] -> 0x006F
mem[X,0x8002EA92] -> 0x00C0
[4413] [M]: 0x8002EA90 (0x00C0006F) jal zero, 12


mem[X,0x8002EA9C] -> 0x2C23
mem[X,0x8002EA9E] -> 0x6EC2
[4414] [M]: 0x8002EA9C (0x6EC22C23) sw a2, 1784(tp)
mem[0x8003B860] <- 0x00000002


mem[X,0x8002EAA0] -> 0x0513
mem[X,0x8002EAA2] -> 0x0040
[4415] [M]: 0x8002EAA0 (0x00400513) addi a0, zero, 4
x10 <- 0x00000004


mem[X,0x8002EAA4] -> 0x0593
mem[X,0x8002EAA6] -> 0x0020
[4416] [M]: 0x8002EAA4 (0x00200593) addi a1, zero, 2
x11 <- 0x00000002


mem[X,0x8002EAA8] -> 0x0613
mem[X,0x8002EAAA] -> 0x0000
[4417] [M]: 0x8002EAA8 (0x00000613) addi a2, zero, 0
x12 <- 0x00000000


mem[X,0x8002EAAC] -> 0x006F
mem[X,0x8002EAAE] -> 0x00C0
[4418] [M]: 0x8002EAAC (0x00C0006F) jal zero, 12


mem[X,0x8002EAB8] -> 0x5063
mem[X,0x8002EABA] -> 0x10B5
[4419] [M]: 0x8002EAB8 (0x10B55063) bge a0, a1, 256


mem[X,0x8002EBB8] -> 0x0613
mem[X,0x8002EBBA] -> 0x0036
[4420] [M]: 0x8002EBB8 (0x00360613) addi a2, a2, 3
x12 <- 0x00000003


mem[X,0x8002EBBC] -> 0x006F
mem[X,0x8002EBBE] -> 0x0040
[4421] [M]: 0x8002EBBC (0x0040006F) jal zero, 4


mem[X,0x8002EBC0] -> 0x2E23
mem[X,0x8002EBC2] -> 0x6EC2
[4422] [M]: 0x8002EBC0 (0x6EC22E23) sw a2, 1788(tp)
mem[0x8003B864] <- 0x00000003


mem[X,0x8002EBC4] -> 0x0513
mem[X,0x8002EBC6] -> 0x0040
[4423] [M]: 0x8002EBC4 (0x00400513) addi a0, zero, 4
x10 <- 0x00000004


mem[X,0x8002EBC8] -> 0x55B7
mem[X,0x8002EBCA] -> 0x5555
[4424] [M]: 0x8002EBC8 (0x555555B7) lui a1, 349525
x11 <- 0x55555000


mem[X,0x8002EBCC] -> 0x8593
mem[X,0x8002EBCE] -> 0x5545
[4425] [M]: 0x8002EBCC (0x55458593) addi a1, a1, 1364
x11 <- 0x55555554


mem[X,0x8002EBD0] -> 0x0613
mem[X,0x8002EBD2] -> 0x0000
[4426] [M]: 0x8002EBD0 (0x00000613) addi a2, zero, 0
x12 <- 0x00000000


mem[X,0x8002EBD4] -> 0x006F
mem[X,0x8002EBD6] -> 0x00C0
[4427] [M]: 0x8002EBD4 (0x00C0006F) jal zero, 12


mem[X,0x8002EBE0] -> 0x5CE3
mem[X,0x8002EBE2] -> 0xFEB5
[4428] [M]: 0x8002EBE0 (0xFEB55CE3) bge a0, a1, 8184


mem[X,0x8002EBE4] -> 0x0613
mem[X,0x8002EBE6] -> 0x0026
[4429] [M]: 0x8002EBE4 (0x00260613) addi a2, a2, 2
x12 <- 0x00000002


mem[X,0x8002EBE8] -> 0x006F
mem[X,0x8002EBEA] -> 0x00C0
[4430] [M]: 0x8002EBE8 (0x00C0006F) jal zero, 12


mem[X,0x8002EBF4] -> 0x2023
mem[X,0x8002EBF6] -> 0x70C2
[4431] [M]: 0x8002EBF4 (0x70C22023) sw a2, 1792(tp)
mem[0x8003B868] <- 0x00000002


mem[X,0x8002EBF8] -> 0x0513
mem[X,0x8002EBFA] -> 0x0040
[4432] [M]: 0x8002EBF8 (0x00400513) addi a0, zero, 4
x10 <- 0x00000004


mem[X,0x8002EBFC] -> 0x0593
mem[X,0x8002EBFE] -> 0x0000
[4433] [M]: 0x8002EBFC (0x00000593) addi a1, zero, 0
x11 <- 0x00000000


mem[X,0x8002EC00] -> 0x0613
mem[X,0x8002EC02] -> 0x0000
[4434] [M]: 0x8002EC00 (0x00000613) addi a2, zero, 0
x12 <- 0x00000000


mem[X,0x8002EC04] -> 0x006F
mem[X,0x8002EC06] -> 0x2B10
[4435] [M]: 0x8002EC04 (0x2B10006F) jal zero, 2736


mem[X,0x8002F6B4] -> 0x5A63
mem[X,0x8002F6B6] -> 0xD4B5
[4436] [M]: 0x8002F6B4 (0xD4B55A63) bge a0, a1, 5460


mem[X,0x8002EC08] -> 0x0613
mem[X,0x8002EC0A] -> 0x0016
[4437] [M]: 0x8002EC08 (0x00160613) addi a2, a2, 1
x12 <- 0x00000001


mem[X,0x8002EC0C] -> 0x006F
mem[X,0x8002EC0E] -> 0x2BD0
[4438] [M]: 0x8002EC0C (0x2BD0006F) jal zero, 2748


mem[X,0x8002F6C8] -> 0x2223
mem[X,0x8002F6CA] -> 0x70C2
[4439] [M]: 0x8002F6C8 (0x70C22223) sw a2, 1796(tp)
mem[0x8003B86C] <- 0x00000001


mem[X,0x8002F6CC] -> 0x0513
mem[X,0x8002F6CE] -> 0x0040
[4440] [M]: 0x8002F6CC (0x00400513) addi a0, zero, 4
x10 <- 0x00000004


mem[X,0x8002F6D0] -> 0x0593
mem[X,0x8002F6D2] -> 0x0040
[4441] [M]: 0x8002F6D0 (0x00400593) addi a1, zero, 4
x11 <- 0x00000004


mem[X,0x8002F6D4] -> 0x0613
mem[X,0x8002F6D6] -> 0x0000
[4442] [M]: 0x8002F6D4 (0x00000613) addi a2, zero, 0
x12 <- 0x00000000


mem[X,0x8002F6D8] -> 0x006F
mem[X,0x8002F6DA] -> 0x00C0
[4443] [M]: 0x8002F6D8 (0x00C0006F) jal zero, 12


mem[X,0x8002F6E4] -> 0x5663
mem[X,0x8002F6E6] -> 0x00B5
[4444] [M]: 0x8002F6E4 (0x00B55663) bge a0, a1, 12


mem[X,0x8002F6F0] -> 0x0613
mem[X,0x8002F6F2] -> 0x0036
[4445] [M]: 0x8002F6F0 (0x00360613) addi a2, a2, 3
x12 <- 0x00000003


mem[X,0x8002F6F4] -> 0x006F
mem[X,0x8002F6F6] -> 0x0040
[4446] [M]: 0x8002F6F4 (0x0040006F) jal zero, 4


mem[X,0x8002F6F8] -> 0x2423
mem[X,0x8002F6FA] -> 0x70C2
[4447] [M]: 0x8002F6F8 (0x70C22423) sw a2, 1800(tp)
mem[0x8003B870] <- 0x00000003


mem[X,0x8002F6FC] -> 0x0513
mem[X,0x8002F6FE] -> 0x0040
[4448] [M]: 0x8002F6FC (0x00400513) addi a0, zero, 4
x10 <- 0x00000004


mem[X,0x8002F700] -> 0x35B7
mem[X,0x8002F702] -> 0x3333
[4449] [M]: 0x8002F700 (0x333335B7) lui a1, 209715
x11 <- 0x33333000


mem[X,0x8002F704] -> 0x8593
mem[X,0x8002F706] -> 0x3325
[4450] [M]: 0x8002F704 (0x33258593) addi a1, a1, 818
x11 <- 0x33333332


mem[X,0x8002F708] -> 0x0613
mem[X,0x8002F70A] -> 0x0000
[4451] [M]: 0x8002F708 (0x00000613) addi a2, zero, 0
x12 <- 0x00000000


mem[X,0x8002F70C] -> 0x006F
mem[X,0x8002F70E] -> 0x00C0
[4452] [M]: 0x8002F70C (0x00C0006F) jal zero, 12


mem[X,0x8002F718] -> 0x5063
mem[X,0x8002F71A] -> 0x08B5
[4453] [M]: 0x8002F718 (0x08B55063) bge a0, a1, 128


mem[X,0x8002F71C] -> 0x0613
mem[X,0x8002F71E] -> 0x0026
[4454] [M]: 0x8002F71C (0x00260613) addi a2, a2, 2
x12 <- 0x00000002


mem[X,0x8002F720] -> 0x006F
mem[X,0x8002F722] -> 0x0800
[4455] [M]: 0x8002F720 (0x0800006F) jal zero, 128


mem[X,0x8002F7A0] -> 0x2623
mem[X,0x8002F7A2] -> 0x70C2
[4456] [M]: 0x8002F7A0 (0x70C22623) sw a2, 1804(tp)
mem[0x8003B874] <- 0x00000002


mem[X,0x8002F7A4] -> 0x0513
mem[X,0x8002F7A6] -> 0x0040
[4457] [M]: 0x8002F7A4 (0x00400513) addi a0, zero, 4
x10 <- 0x00000004


mem[X,0x8002F7A8] -> 0x65B7
mem[X,0x8002F7AA] -> 0x6666
[4458] [M]: 0x8002F7A8 (0x666665B7) lui a1, 419430
x11 <- 0x66666000


mem[X,0x8002F7AC] -> 0x8593
mem[X,0x8002F7AE] -> 0x6655
[4459] [M]: 0x8002F7AC (0x66558593) addi a1, a1, 1637
x11 <- 0x66666665


mem[X,0x8002F7B0] -> 0x0613
mem[X,0x8002F7B2] -> 0x0000
[4460] [M]: 0x8002F7B0 (0x00000613) addi a2, zero, 0
x12 <- 0x00000000


mem[X,0x8002F7B4] -> 0x006F
mem[X,0x8002F7B6] -> 0x0100
[4461] [M]: 0x8002F7B4 (0x0100006F) jal zero, 16


mem[X,0x8002F7C4] -> 0x5AE3
mem[X,0x8002F7C6] -> 0xFEB5
[4462] [M]: 0x8002F7C4 (0xFEB55AE3) bge a0, a1, 8180


mem[X,0x8002F7C8] -> 0x0613
mem[X,0x8002F7CA] -> 0x0026
[4463] [M]: 0x8002F7C8 (0x00260613) addi a2, a2, 2
x12 <- 0x00000002


mem[X,0x8002F7CC] -> 0x006F
mem[X,0x8002F7CE] -> 0x00C0
[4464] [M]: 0x8002F7CC (0x00C0006F) jal zero, 12


mem[X,0x8002F7D8] -> 0x2823
mem[X,0x8002F7DA] -> 0x70C2
[4465] [M]: 0x8002F7D8 (0x70C22823) sw a2, 1808(tp)
mem[0x8003B878] <- 0x00000002


mem[X,0x8002F7DC] -> 0x0513
mem[X,0x8002F7DE] -> 0x0040
[4466] [M]: 0x8002F7DC (0x00400513) addi a0, zero, 4
x10 <- 0x00000004


mem[X,0x8002F7E0] -> 0xB5B7
mem[X,0x8002F7E2] -> 0x0000
[4467] [M]: 0x8002F7E0 (0x0000B5B7) lui a1, 11
x11 <- 0x0000B000


mem[X,0x8002F7E4] -> 0x8593
mem[X,0x8002F7E6] -> 0x5035
[4468] [M]: 0x8002F7E4 (0x50358593) addi a1, a1, 1283
x11 <- 0x0000B503


mem[X,0x8002F7E8] -> 0x0613
mem[X,0x8002F7EA] -> 0x0000
[4469] [M]: 0x8002F7E8 (0x00000613) addi a2, zero, 0
x12 <- 0x00000000


mem[X,0x8002F7EC] -> 0x006F
mem[X,0x8002F7EE] -> 0x00C0
[4470] [M]: 0x8002F7EC (0x00C0006F) jal zero, 12


mem[X,0x8002F7F8] -> 0x5863
mem[X,0x8002F7FA] -> 0x00B5
[4471] [M]: 0x8002F7F8 (0x00B55863) bge a0, a1, 16


mem[X,0x8002F7FC] -> 0x0613
mem[X,0x8002F7FE] -> 0x0026
[4472] [M]: 0x8002F7FC (0x00260613) addi a2, a2, 2
x12 <- 0x00000002


mem[X,0x8002F800] -> 0x006F
mem[X,0x8002F802] -> 0x0100
[4473] [M]: 0x8002F800 (0x0100006F) jal zero, 16


mem[X,0x8002F810] -> 0x2A23
mem[X,0x8002F812] -> 0x70C2
[4474] [M]: 0x8002F810 (0x70C22A23) sw a2, 1812(tp)
mem[0x8003B87C] <- 0x00000002


mem[X,0x8002F814] -> 0x0513
mem[X,0x8002F816] -> 0x0040
[4475] [M]: 0x8002F814 (0x00400513) addi a0, zero, 4
x10 <- 0x00000004


mem[X,0x8002F818] -> 0x55B7
mem[X,0x8002F81A] -> 0x5555
[4476] [M]: 0x8002F818 (0x555555B7) lui a1, 349525
x11 <- 0x55555000


mem[X,0x8002F81C] -> 0x8593
mem[X,0x8002F81E] -> 0x5565
[4477] [M]: 0x8002F81C (0x55658593) addi a1, a1, 1366
x11 <- 0x55555556


mem[X,0x8002F820] -> 0x0613
mem[X,0x8002F822] -> 0x0000
[4478] [M]: 0x8002F820 (0x00000613) addi a2, zero, 0
x12 <- 0x00000000


mem[X,0x8002F824] -> 0x006F
mem[X,0x8002F826] -> 0x00C0
[4479] [M]: 0x8002F824 (0x00C0006F) jal zero, 12


mem[X,0x8002F830] -> 0x5063
mem[X,0x8002F832] -> 0x08B5
[4480] [M]: 0x8002F830 (0x08B55063) bge a0, a1, 128


mem[X,0x8002F834] -> 0x0613
mem[X,0x8002F836] -> 0x0026
[4481] [M]: 0x8002F834 (0x00260613) addi a2, a2, 2
x12 <- 0x00000002


mem[X,0x8002F838] -> 0x006F
mem[X,0x8002F83A] -> 0x0800
[4482] [M]: 0x8002F838 (0x0800006F) jal zero, 128


mem[X,0x8002F8B8] -> 0x2C23
mem[X,0x8002F8BA] -> 0x70C2
[4483] [M]: 0x8002F8B8 (0x70C22C23) sw a2, 1816(tp)
mem[0x8003B880] <- 0x00000002


mem[X,0x8002F8BC] -> 0x0513
mem[X,0x8002F8BE] -> 0x0040
[4484] [M]: 0x8002F8BC (0x00400513) addi a0, zero, 4
x10 <- 0x00000004


mem[X,0x8002F8C0] -> 0xB5B7
mem[X,0x8002F8C2] -> 0xAAAA
[4485] [M]: 0x8002F8C0 (0xAAAAB5B7) lui a1, 699051
x11 <- 0xAAAAB000


mem[X,0x8002F8C4] -> 0x8593
mem[X,0x8002F8C6] -> 0xAAB5
[4486] [M]: 0x8002F8C4 (0xAAB58593) addi a1, a1, 2731
x11 <- 0xAAAAAAAB


mem[X,0x8002F8C8] -> 0x0613
mem[X,0x8002F8CA] -> 0x0000
[4487] [M]: 0x8002F8C8 (0x00000613) addi a2, zero, 0
x12 <- 0x00000000


mem[X,0x8002F8CC] -> 0x006F
mem[X,0x8002F8CE] -> 0x00C0
[4488] [M]: 0x8002F8CC (0x00C0006F) jal zero, 12


mem[X,0x8002F8D8] -> 0x5663
mem[X,0x8002F8DA] -> 0x00B5
[4489] [M]: 0x8002F8D8 (0x00B55663) bge a0, a1, 12


mem[X,0x8002F8E4] -> 0x0613
mem[X,0x8002F8E6] -> 0x0036
[4490] [M]: 0x8002F8E4 (0x00360613) addi a2, a2, 3
x12 <- 0x00000003


mem[X,0x8002F8E8] -> 0x006F
mem[X,0x8002F8EA] -> 0x0040
[4491] [M]: 0x8002F8E8 (0x0040006F) jal zero, 4


mem[X,0x8002F8EC] -> 0x2E23
mem[X,0x8002F8EE] -> 0x70C2
[4492] [M]: 0x8002F8EC (0x70C22E23) sw a2, 1820(tp)
mem[0x8003B884] <- 0x00000003


mem[X,0x8002F8F0] -> 0x0513
mem[X,0x8002F8F2] -> 0x0040
[4493] [M]: 0x8002F8F0 (0x00400513) addi a0, zero, 4
x10 <- 0x00000004


mem[X,0x8002F8F4] -> 0x0593
mem[X,0x8002F8F6] -> 0x0060
[4494] [M]: 0x8002F8F4 (0x00600593) addi a1, zero, 6
x11 <- 0x00000006


mem[X,0x8002F8F8] -> 0x0613
mem[X,0x8002F8FA] -> 0x0000
[4495] [M]: 0x8002F8F8 (0x00000613) addi a2, zero, 0
x12 <- 0x00000000


mem[X,0x8002F8FC] -> 0x006F
mem[X,0x8002F8FE] -> 0x0140
[4496] [M]: 0x8002F8FC (0x0140006F) jal zero, 20


mem[X,0x8002F910] -> 0x58E3
mem[X,0x8002F912] -> 0xFEB5
[4497] [M]: 0x8002F910 (0xFEB558E3) bge a0, a1, 8176


mem[X,0x8002F914] -> 0x0613
mem[X,0x8002F916] -> 0x0026
[4498] [M]: 0x8002F914 (0x00260613) addi a2, a2, 2
x12 <- 0x00000002


mem[X,0x8002F918] -> 0x006F
mem[X,0x8002F91A] -> 0x00C0
[4499] [M]: 0x8002F918 (0x00C0006F) jal zero, 12


clint::tick mtime <- 0x000000000000002D
 clint timer pending at mtime 0x000000000000002D
htif::tick 0x0000000000000000
mem[X,0x8002F924] -> 0x2023
mem[X,0x8002F926] -> 0x72C2
[4500] [M]: 0x8002F924 (0x72C22023) sw a2, 1824(tp)
mem[0x8003B888] <- 0x00000002


mem[X,0x8002F928] -> 0x0513
mem[X,0x8002F92A] -> 0x0040
[4501] [M]: 0x8002F928 (0x00400513) addi a0, zero, 4
x10 <- 0x00000004


mem[X,0x8002F92C] -> 0x35B7
mem[X,0x8002F92E] -> 0x3333
[4502] [M]: 0x8002F92C (0x333335B7) lui a1, 209715
x11 <- 0x33333000


mem[X,0x8002F930] -> 0x8593
mem[X,0x8002F932] -> 0x3345
[4503] [M]: 0x8002F930 (0x33458593) addi a1, a1, 820
x11 <- 0x33333334


mem[X,0x8002F934] -> 0x0613
mem[X,0x8002F936] -> 0x0000
[4504] [M]: 0x8002F934 (0x00000613) addi a2, zero, 0
x12 <- 0x00000000


mem[X,0x8002F938] -> 0x006F
mem[X,0x8002F93A] -> 0x00C0
[4505] [M]: 0x8002F938 (0x00C0006F) jal zero, 12


mem[X,0x8002F944] -> 0x5063
mem[X,0x8002F946] -> 0x40B5
[4506] [M]: 0x8002F944 (0x40B55063) bge a0, a1, 1024


mem[X,0x8002F948] -> 0x0613
mem[X,0x8002F94A] -> 0x0026
[4507] [M]: 0x8002F948 (0x00260613) addi a2, a2, 2
x12 <- 0x00000002


mem[X,0x8002F94C] -> 0x006F
mem[X,0x8002F94E] -> 0x4000
[4508] [M]: 0x8002F94C (0x4000006F) jal zero, 1024


mem[X,0x8002FD4C] -> 0x2223
mem[X,0x8002FD4E] -> 0x72C2
[4509] [M]: 0x8002FD4C (0x72C22223) sw a2, 1828(tp)
mem[0x8003B88C] <- 0x00000002


mem[X,0x8002FD50] -> 0x0513
mem[X,0x8002FD52] -> 0x0040
[4510] [M]: 0x8002FD50 (0x00400513) addi a0, zero, 4
x10 <- 0x00000004


mem[X,0x8002FD54] -> 0x65B7
mem[X,0x8002FD56] -> 0x6666
[4511] [M]: 0x8002FD54 (0x666665B7) lui a1, 419430
x11 <- 0x66666000


mem[X,0x8002FD58] -> 0x8593
mem[X,0x8002FD5A] -> 0x6675
[4512] [M]: 0x8002FD58 (0x66758593) addi a1, a1, 1639
x11 <- 0x66666667


mem[X,0x8002FD5C] -> 0x0613
mem[X,0x8002FD5E] -> 0x0000
[4513] [M]: 0x8002FD5C (0x00000613) addi a2, zero, 0
x12 <- 0x00000000


mem[X,0x8002FD60] -> 0x006F
mem[X,0x8002FD62] -> 0x00C0
[4514] [M]: 0x8002FD60 (0x00C0006F) jal zero, 12


mem[X,0x8002FD6C] -> 0x5063
mem[X,0x8002FD6E] -> 0x40B5
[4515] [M]: 0x8002FD6C (0x40B55063) bge a0, a1, 1024


mem[X,0x8002FD70] -> 0x0613
mem[X,0x8002FD72] -> 0x0026
[4516] [M]: 0x8002FD70 (0x00260613) addi a2, a2, 2
x12 <- 0x00000002


mem[X,0x8002FD74] -> 0x006F
mem[X,0x8002FD76] -> 0x4000
[4517] [M]: 0x8002FD74 (0x4000006F) jal zero, 1024


mem[X,0x80030174] -> 0x2423
mem[X,0x80030176] -> 0x72C2
[4518] [M]: 0x80030174 (0x72C22423) sw a2, 1832(tp)
mem[0x8003B890] <- 0x00000002


mem[X,0x80030178] -> 0x0513
mem[X,0x8003017A] -> 0x0040
[4519] [M]: 0x80030178 (0x00400513) addi a0, zero, 4
x10 <- 0x00000004


mem[X,0x8003017C] -> 0x55B7
mem[X,0x8003017E] -> 0xFFFF
[4520] [M]: 0x8003017C (0xFFFF55B7) lui a1, 1048565
x11 <- 0xFFFF5000


mem[X,0x80030180] -> 0x8593
mem[X,0x80030182] -> 0xAFD5
[4521] [M]: 0x80030180 (0xAFD58593) addi a1, a1, 2813
x11 <- 0xFFFF4AFD


mem[X,0x80030184] -> 0x0613
mem[X,0x80030186] -> 0x0000
[4522] [M]: 0x80030184 (0x00000613) addi a2, zero, 0
x12 <- 0x00000000


mem[X,0x80030188] -> 0x006F
mem[X,0x8003018A] -> 0x0140
[4523] [M]: 0x80030188 (0x0140006F) jal zero, 20


mem[X,0x8003019C] -> 0x58E3
mem[X,0x8003019E] -> 0xFEB5
[4524] [M]: 0x8003019C (0xFEB558E3) bge a0, a1, 8176


mem[X,0x8003018C] -> 0x0613
mem[X,0x8003018E] -> 0x0016
[4525] [M]: 0x8003018C (0x00160613) addi a2, a2, 1
x12 <- 0x00000001


mem[X,0x80030190] -> 0x006F
mem[X,0x80030192] -> 0x0200
[4526] [M]: 0x80030190 (0x0200006F) jal zero, 32


mem[X,0x800301B0] -> 0x2623
mem[X,0x800301B2] -> 0x72C2
[4527] [M]: 0x800301B0 (0x72C22623) sw a2, 1836(tp)
mem[0x8003B894] <- 0x00000001


mem[X,0x800301B4] -> 0x0513
mem[X,0x800301B6] -> 0x0040
[4528] [M]: 0x800301B4 (0x00400513) addi a0, zero, 4
x10 <- 0x00000004


mem[X,0x800301B8] -> 0xB5B7
mem[X,0x800301BA] -> 0x0000
[4529] [M]: 0x800301B8 (0x0000B5B7) lui a1, 11
x11 <- 0x0000B000


mem[X,0x800301BC] -> 0x8593
mem[X,0x800301BE] -> 0x5055
[4530] [M]: 0x800301BC (0x50558593) addi a1, a1, 1285
x11 <- 0x0000B505


mem[X,0x800301C0] -> 0x0613
mem[X,0x800301C2] -> 0x0000
[4531] [M]: 0x800301C0 (0x00000613) addi a2, zero, 0
x12 <- 0x00000000


mem[X,0x800301C4] -> 0x006F
mem[X,0x800301C6] -> 0x00C0
[4532] [M]: 0x800301C4 (0x00C0006F) jal zero, 12


mem[X,0x800301D0] -> 0x5063
mem[X,0x800301D2] -> 0x02B5
[4533] [M]: 0x800301D0 (0x02B55063) bge a0, a1, 32


mem[X,0x800301D4] -> 0x0613
mem[X,0x800301D6] -> 0x0026
[4534] [M]: 0x800301D4 (0x00260613) addi a2, a2, 2
x12 <- 0x00000002


mem[X,0x800301D8] -> 0x006F
mem[X,0x800301DA] -> 0x0200
[4535] [M]: 0x800301D8 (0x0200006F) jal zero, 32


mem[X,0x800301F8] -> 0x2823
mem[X,0x800301FA] -> 0x72C2
[4536] [M]: 0x800301F8 (0x72C22823) sw a2, 1840(tp)
mem[0x8003B898] <- 0x00000002


mem[X,0x800301FC] -> 0x3537
mem[X,0x800301FE] -> 0x3333
[4537] [M]: 0x800301FC (0x33333537) lui a0, 209715
x10 <- 0x33333000


mem[X,0x80030200] -> 0x0513
mem[X,0x80030202] -> 0x3325
[4538] [M]: 0x80030200 (0x33250513) addi a0, a0, 818
x10 <- 0x33333332


mem[X,0x80030204] -> 0x0593
mem[X,0x80030206] -> 0x0030
[4539] [M]: 0x80030204 (0x00300593) addi a1, zero, 3
x11 <- 0x00000003


mem[X,0x80030208] -> 0x0613
mem[X,0x8003020A] -> 0x0000
[4540] [M]: 0x80030208 (0x00000613) addi a2, zero, 0
x12 <- 0x00000000


mem[X,0x8003020C] -> 0x006F
mem[X,0x8003020E] -> 0x00C0
[4541] [M]: 0x8003020C (0x00C0006F) jal zero, 12


mem[X,0x80030218] -> 0x5663
mem[X,0x8003021A] -> 0x00B5
[4542] [M]: 0x80030218 (0x00B55663) bge a0, a1, 12


mem[X,0x80030224] -> 0x0613
mem[X,0x80030226] -> 0x0036
[4543] [M]: 0x80030224 (0x00360613) addi a2, a2, 3
x12 <- 0x00000003


mem[X,0x80030228] -> 0x006F
mem[X,0x8003022A] -> 0x0040
[4544] [M]: 0x80030228 (0x0040006F) jal zero, 4


mem[X,0x8003022C] -> 0x2A23
mem[X,0x8003022E] -> 0x72C2
[4545] [M]: 0x8003022C (0x72C22A23) sw a2, 1844(tp)
mem[0x8003B89C] <- 0x00000003


mem[X,0x80030230] -> 0x3537
mem[X,0x80030232] -> 0x3333
[4546] [M]: 0x80030230 (0x33333537) lui a0, 209715
x10 <- 0x33333000


mem[X,0x80030234] -> 0x0513
mem[X,0x80030236] -> 0x3325
[4547] [M]: 0x80030234 (0x33250513) addi a0, a0, 818
x10 <- 0x33333332


mem[X,0x80030238] -> 0x55B7
mem[X,0x8003023A] -> 0x5555
[4548] [M]: 0x80030238 (0x555555B7) lui a1, 349525
x11 <- 0x55555000


mem[X,0x8003023C] -> 0x8593
mem[X,0x8003023E] -> 0x5555
[4549] [M]: 0x8003023C (0x55558593) addi a1, a1, 1365
x11 <- 0x55555555


mem[X,0x80030240] -> 0x0613
mem[X,0x80030242] -> 0x0000
[4550] [M]: 0x80030240 (0x00000613) addi a2, zero, 0
x12 <- 0x00000000


mem[X,0x80030244] -> 0x006F
mem[X,0x80030246] -> 0x0140
[4551] [M]: 0x80030244 (0x0140006F) jal zero, 20


mem[X,0x80030258] -> 0x58E3
mem[X,0x8003025A] -> 0xFEB5
[4552] [M]: 0x80030258 (0xFEB558E3) bge a0, a1, 8176


mem[X,0x8003025C] -> 0x0613
mem[X,0x8003025E] -> 0x0026
[4553] [M]: 0x8003025C (0x00260613) addi a2, a2, 2
x12 <- 0x00000002


mem[X,0x80030260] -> 0x006F
mem[X,0x80030262] -> 0x00C0
[4554] [M]: 0x80030260 (0x00C0006F) jal zero, 12


mem[X,0x8003026C] -> 0x2C23
mem[X,0x8003026E] -> 0x72C2
[4555] [M]: 0x8003026C (0x72C22C23) sw a2, 1848(tp)
mem[0x8003B8A0] <- 0x00000002


mem[X,0x80030270] -> 0x3537
mem[X,0x80030272] -> 0x3333
[4556] [M]: 0x80030270 (0x33333537) lui a0, 209715
x10 <- 0x33333000


mem[X,0x80030274] -> 0x0513
mem[X,0x80030276] -> 0x3325
[4557] [M]: 0x80030274 (0x33250513) addi a0, a0, 818
x10 <- 0x33333332


mem[X,0x80030278] -> 0xB5B7
mem[X,0x8003027A] -> 0xAAAA
[4558] [M]: 0x80030278 (0xAAAAB5B7) lui a1, 699051
x11 <- 0xAAAAB000


mem[X,0x8003027C] -> 0x8593
mem[X,0x8003027E] -> 0xAAA5
[4559] [M]: 0x8003027C (0xAAA58593) addi a1, a1, 2730
x11 <- 0xAAAAAAAA


mem[X,0x80030280] -> 0x0613
mem[X,0x80030282] -> 0x0000
[4560] [M]: 0x80030280 (0x00000613) addi a2, zero, 0
x12 <- 0x00000000


mem[X,0x80030284] -> 0x006F
mem[X,0x80030286] -> 0x0180
[4561] [M]: 0x80030284 (0x0180006F) jal zero, 24


mem[X,0x8003029C] -> 0x56E3
mem[X,0x8003029E] -> 0xFEB5
[4562] [M]: 0x8003029C (0xFEB556E3) bge a0, a1, 8172


mem[X,0x80030288] -> 0x0613
mem[X,0x8003028A] -> 0x0016
[4563] [M]: 0x80030288 (0x00160613) addi a2, a2, 1
x12 <- 0x00000001


mem[X,0x8003028C] -> 0x006F
mem[X,0x8003028E] -> 0x0240
[4564] [M]: 0x8003028C (0x0240006F) jal zero, 36


mem[X,0x800302B0] -> 0x2E23
mem[X,0x800302B2] -> 0x72C2
[4565] [M]: 0x800302B0 (0x72C22E23) sw a2, 1852(tp)
mem[0x8003B8A4] <- 0x00000001


mem[X,0x800302B4] -> 0x3537
mem[X,0x800302B6] -> 0x3333
[4566] [M]: 0x800302B4 (0x33333537) lui a0, 209715
x10 <- 0x33333000


mem[X,0x800302B8] -> 0x0513
mem[X,0x800302BA] -> 0x3325
[4567] [M]: 0x800302B8 (0x33250513) addi a0, a0, 818
x10 <- 0x33333332


mem[X,0x800302BC] -> 0x0593
mem[X,0x800302BE] -> 0x0050
[4568] [M]: 0x800302BC (0x00500593) addi a1, zero, 5
x11 <- 0x00000005


mem[X,0x800302C0] -> 0x0613
mem[X,0x800302C2] -> 0x0000
[4569] [M]: 0x800302C0 (0x00000613) addi a2, zero, 0
x12 <- 0x00000000


mem[X,0x800302C4] -> 0x006F
mem[X,0x800302C6] -> 0x00C0
[4570] [M]: 0x800302C4 (0x00C0006F) jal zero, 12


mem[X,0x800302D0] -> 0x5CE3
mem[X,0x800302D2] -> 0xFEB5
[4571] [M]: 0x800302D0 (0xFEB55CE3) bge a0, a1, 8184


mem[X,0x800302C8] -> 0x0613
mem[X,0x800302CA] -> 0x0016
[4572] [M]: 0x800302C8 (0x00160613) addi a2, a2, 1
x12 <- 0x00000001


mem[X,0x800302CC] -> 0x006F
mem[X,0x800302CE] -> 0x0180
[4573] [M]: 0x800302CC (0x0180006F) jal zero, 24


mem[X,0x800302E4] -> 0x2023
mem[X,0x800302E6] -> 0x74C2
[4574] [M]: 0x800302E4 (0x74C22023) sw a2, 1856(tp)
mem[0x8003B8A8] <- 0x00000001


mem[X,0x800302E8] -> 0x3537
mem[X,0x800302EA] -> 0x3333
[4575] [M]: 0x800302E8 (0x33333537) lui a0, 209715
x10 <- 0x33333000


mem[X,0x800302EC] -> 0x0513
mem[X,0x800302EE] -> 0x3325
[4576] [M]: 0x800302EC (0x33250513) addi a0, a0, 818
x10 <- 0x33333332


mem[X,0x800302F0] -> 0x35B7
mem[X,0x800302F2] -> 0x3333
[4577] [M]: 0x800302F0 (0x333335B7) lui a1, 209715
x11 <- 0x33333000


mem[X,0x800302F4] -> 0x8593
mem[X,0x800302F6] -> 0x3335
[4578] [M]: 0x800302F4 (0x33358593) addi a1, a1, 819
x11 <- 0x33333333


mem[X,0x800302F8] -> 0x0613
mem[X,0x800302FA] -> 0x0000
[4579] [M]: 0x800302F8 (0x00000613) addi a2, zero, 0
x12 <- 0x00000000


mem[X,0x800302FC] -> 0x006F
mem[X,0x800302FE] -> 0x0100
[4580] [M]: 0x800302FC (0x0100006F) jal zero, 16


mem[X,0x8003030C] -> 0x5AE3
mem[X,0x8003030E] -> 0xFEB5
[4581] [M]: 0x8003030C (0xFEB55AE3) bge a0, a1, 8180


mem[X,0x80030310] -> 0x0613
mem[X,0x80030312] -> 0x0026
[4582] [M]: 0x80030310 (0x00260613) addi a2, a2, 2
x12 <- 0x00000002


mem[X,0x80030314] -> 0x006F
mem[X,0x80030316] -> 0x00C0
[4583] [M]: 0x80030314 (0x00C0006F) jal zero, 12


mem[X,0x80030320] -> 0x2223
mem[X,0x80030322] -> 0x74C2
[4584] [M]: 0x80030320 (0x74C22223) sw a2, 1860(tp)
mem[0x8003B8AC] <- 0x00000002


mem[X,0x80030324] -> 0x3537
mem[X,0x80030326] -> 0x3333
[4585] [M]: 0x80030324 (0x33333537) lui a0, 209715
x10 <- 0x33333000


mem[X,0x80030328] -> 0x0513
mem[X,0x8003032A] -> 0x3325
[4586] [M]: 0x80030328 (0x33250513) addi a0, a0, 818
x10 <- 0x33333332


mem[X,0x8003032C] -> 0x65B7
mem[X,0x8003032E] -> 0x6666
[4587] [M]: 0x8003032C (0x666665B7) lui a1, 419430
x11 <- 0x66666000


mem[X,0x80030330] -> 0x8593
mem[X,0x80030332] -> 0x6665
[4588] [M]: 0x80030330 (0x66658593) addi a1, a1, 1638
x11 <- 0x66666666


mem[X,0x80030334] -> 0x0613
mem[X,0x80030336] -> 0x0000
[4589] [M]: 0x80030334 (0x00000613) addi a2, zero, 0
x12 <- 0x00000000


mem[X,0x80030338] -> 0x006F
mem[X,0x8003033A] -> 0x0050
[4590] [M]: 0x80030338 (0x0050006F) jal zero, 2052


mem[X,0x80030B3C] -> 0x50E3
mem[X,0x80030B3E] -> 0x80B5
[4591] [M]: 0x80030B3C (0x80B550E3) bge a0, a1, 6144


mem[X,0x80030B40] -> 0x0613
mem[X,0x80030B42] -> 0x0026
[4592] [M]: 0x80030B40 (0x00260613) addi a2, a2, 2
x12 <- 0x00000002


mem[X,0x80030B44] -> 0x006F
mem[X,0x80030B46] -> 0x00C0
[4593] [M]: 0x80030B44 (0x00C0006F) jal zero, 12


mem[X,0x80030B50] -> 0x2423
mem[X,0x80030B52] -> 0x74C2
[4594] [M]: 0x80030B50 (0x74C22423) sw a2, 1864(tp)
mem[0x8003B8B0] <- 0x00000002


mem[X,0x80030B54] -> 0x3537
mem[X,0x80030B56] -> 0x3333
[4595] [M]: 0x80030B54 (0x33333537) lui a0, 209715
x10 <- 0x33333000


mem[X,0x80030B58] -> 0x0513
mem[X,0x80030B5A] -> 0x3325
[4596] [M]: 0x80030B58 (0x33250513) addi a0, a0, 818
x10 <- 0x33333332


mem[X,0x80030B5C] -> 0x55B7
mem[X,0x80030B5E] -> 0xFFFF
[4597] [M]: 0x80030B5C (0xFFFF55B7) lui a1, 1048565
x11 <- 0xFFFF5000


mem[X,0x80030B60] -> 0x8593
mem[X,0x80030B62] -> 0xAFC5
[4598] [M]: 0x80030B60 (0xAFC58593) addi a1, a1, 2812
x11 <- 0xFFFF4AFC


mem[X,0x80030B64] -> 0x0613
mem[X,0x80030B66] -> 0x0000
[4599] [M]: 0x80030B64 (0x00000613) addi a2, zero, 0
x12 <- 0x00000000


clint::tick mtime <- 0x000000000000002E
 clint timer pending at mtime 0x000000000000002E
htif::tick 0x0000000000000000
mem[X,0x80030B68] -> 0x006F
mem[X,0x80030B6A] -> 0x0180
[4600] [M]: 0x80030B68 (0x0180006F) jal zero, 24


mem[X,0x80030B80] -> 0x56E3
mem[X,0x80030B82] -> 0xFEB5
[4601] [M]: 0x80030B80 (0xFEB556E3) bge a0, a1, 8172


mem[X,0x80030B6C] -> 0x0613
mem[X,0x80030B6E] -> 0x0016
[4602] [M]: 0x80030B6C (0x00160613) addi a2, a2, 1
x12 <- 0x00000001


mem[X,0x80030B70] -> 0x006F
mem[X,0x80030B72] -> 0x0240
[4603] [M]: 0x80030B70 (0x0240006F) jal zero, 36


mem[X,0x80030B94] -> 0x2623
mem[X,0x80030B96] -> 0x74C2
[4604] [M]: 0x80030B94 (0x74C22623) sw a2, 1868(tp)
mem[0x8003B8B4] <- 0x00000001


mem[X,0x80030B98] -> 0x3537
mem[X,0x80030B9A] -> 0x3333
[4605] [M]: 0x80030B98 (0x33333537) lui a0, 209715
x10 <- 0x33333000


mem[X,0x80030B9C] -> 0x0513
mem[X,0x80030B9E] -> 0x3325
[4606] [M]: 0x80030B9C (0x33250513) addi a0, a0, 818
x10 <- 0x33333332


mem[X,0x80030BA0] -> 0xB5B7
mem[X,0x80030BA2] -> 0x0000
[4607] [M]: 0x80030BA0 (0x0000B5B7) lui a1, 11
x11 <- 0x0000B000


mem[X,0x80030BA4] -> 0x8593
mem[X,0x80030BA6] -> 0x5045
[4608] [M]: 0x80030BA4 (0x50458593) addi a1, a1, 1284
x11 <- 0x0000B504


mem[X,0x80030BA8] -> 0x0613
mem[X,0x80030BAA] -> 0x0000
[4609] [M]: 0x80030BA8 (0x00000613) addi a2, zero, 0
x12 <- 0x00000000


mem[X,0x80030BAC] -> 0x006F
mem[X,0x80030BAE] -> 0x0140
[4610] [M]: 0x80030BAC (0x0140006F) jal zero, 20


mem[X,0x80030BC0] -> 0x58E3
mem[X,0x80030BC2] -> 0xFEB5
[4611] [M]: 0x80030BC0 (0xFEB558E3) bge a0, a1, 8176


mem[X,0x80030BB0] -> 0x0613
mem[X,0x80030BB2] -> 0x0016
[4612] [M]: 0x80030BB0 (0x00160613) addi a2, a2, 1
x12 <- 0x00000001


mem[X,0x80030BB4] -> 0x006F
mem[X,0x80030BB6] -> 0x0200
[4613] [M]: 0x80030BB4 (0x0200006F) jal zero, 32


mem[X,0x80030BD4] -> 0x2823
mem[X,0x80030BD6] -> 0x74C2
[4614] [M]: 0x80030BD4 (0x74C22823) sw a2, 1872(tp)
mem[0x8003B8B8] <- 0x00000001


mem[X,0x80030BD8] -> 0x3537
mem[X,0x80030BDA] -> 0x3333
[4615] [M]: 0x80030BD8 (0x33333537) lui a0, 209715
x10 <- 0x33333000


mem[X,0x80030BDC] -> 0x0513
mem[X,0x80030BDE] -> 0x3325
[4616] [M]: 0x80030BDC (0x33250513) addi a0, a0, 818
x10 <- 0x33333332


mem[X,0x80030BE0] -> 0x0593
mem[X,0x80030BE2] -> 0x0020
[4617] [M]: 0x80030BE0 (0x00200593) addi a1, zero, 2
x11 <- 0x00000002


mem[X,0x80030BE4] -> 0x0613
mem[X,0x80030BE6] -> 0x0000
[4618] [M]: 0x80030BE4 (0x00000613) addi a2, zero, 0
x12 <- 0x00000000


mem[X,0x80030BE8] -> 0x006F
mem[X,0x80030BEA] -> 0x00C0
[4619] [M]: 0x80030BE8 (0x00C0006F) jal zero, 12


mem[X,0x80030BF4] -> 0x5663
mem[X,0x80030BF6] -> 0x00B5
[4620] [M]: 0x80030BF4 (0x00B55663) bge a0, a1, 12


mem[X,0x80030C00] -> 0x0613
mem[X,0x80030C02] -> 0x0036
[4621] [M]: 0x80030C00 (0x00360613) addi a2, a2, 3
x12 <- 0x00000003


mem[X,0x80030C04] -> 0x006F
mem[X,0x80030C06] -> 0x0040
[4622] [M]: 0x80030C04 (0x0040006F) jal zero, 4


mem[X,0x80030C08] -> 0x2A23
mem[X,0x80030C0A] -> 0x74C2
[4623] [M]: 0x80030C08 (0x74C22A23) sw a2, 1876(tp)
mem[0x8003B8BC] <- 0x00000003


mem[X,0x80030C0C] -> 0x3537
mem[X,0x80030C0E] -> 0x3333
[4624] [M]: 0x80030C0C (0x33333537) lui a0, 209715
x10 <- 0x33333000


mem[X,0x80030C10] -> 0x0513
mem[X,0x80030C12] -> 0x3325
[4625] [M]: 0x80030C10 (0x33250513) addi a0, a0, 818
x10 <- 0x33333332


mem[X,0x80030C14] -> 0x55B7
mem[X,0x80030C16] -> 0x5555
[4626] [M]: 0x80030C14 (0x555555B7) lui a1, 349525
x11 <- 0x55555000


mem[X,0x80030C18] -> 0x8593
mem[X,0x80030C1A] -> 0x5545
[4627] [M]: 0x80030C18 (0x55458593) addi a1, a1, 1364
x11 <- 0x55555554


mem[X,0x80030C1C] -> 0x0613
mem[X,0x80030C1E] -> 0x0000
[4628] [M]: 0x80030C1C (0x00000613) addi a2, zero, 0
x12 <- 0x00000000


mem[X,0x80030C20] -> 0x006F
mem[X,0x80030C22] -> 0x00C0
[4629] [M]: 0x80030C20 (0x00C0006F) jal zero, 12


mem[X,0x80030C2C] -> 0x5063
mem[X,0x80030C2E] -> 0x08B5
[4630] [M]: 0x80030C2C (0x08B55063) bge a0, a1, 128


mem[X,0x80030C30] -> 0x0613
mem[X,0x80030C32] -> 0x0026
[4631] [M]: 0x80030C30 (0x00260613) addi a2, a2, 2
x12 <- 0x00000002


mem[X,0x80030C34] -> 0x006F
mem[X,0x80030C36] -> 0x0800
[4632] [M]: 0x80030C34 (0x0800006F) jal zero, 128


mem[X,0x80030CB4] -> 0x2C23
mem[X,0x80030CB6] -> 0x74C2
[4633] [M]: 0x80030CB4 (0x74C22C23) sw a2, 1880(tp)
mem[0x8003B8C0] <- 0x00000002


mem[X,0x80030CB8] -> 0x3537
mem[X,0x80030CBA] -> 0x3333
[4634] [M]: 0x80030CB8 (0x33333537) lui a0, 209715
x10 <- 0x33333000


mem[X,0x80030CBC] -> 0x0513
mem[X,0x80030CBE] -> 0x3325
[4635] [M]: 0x80030CBC (0x33250513) addi a0, a0, 818
x10 <- 0x33333332


mem[X,0x80030CC0] -> 0x0593
mem[X,0x80030CC2] -> 0x0000
[4636] [M]: 0x80030CC0 (0x00000593) addi a1, zero, 0
x11 <- 0x00000000


mem[X,0x80030CC4] -> 0x0613
mem[X,0x80030CC6] -> 0x0000
[4637] [M]: 0x80030CC4 (0x00000613) addi a2, zero, 0
x12 <- 0x00000000


mem[X,0x80030CC8] -> 0x006F
mem[X,0x80030CCA] -> 0x0180
[4638] [M]: 0x80030CC8 (0x0180006F) jal zero, 24


mem[X,0x80030CE0] -> 0x56E3
mem[X,0x80030CE2] -> 0xFEB5
[4639] [M]: 0x80030CE0 (0xFEB556E3) bge a0, a1, 8172


mem[X,0x80030CCC] -> 0x0613
mem[X,0x80030CCE] -> 0x0016
[4640] [M]: 0x80030CCC (0x00160613) addi a2, a2, 1
x12 <- 0x00000001


mem[X,0x80030CD0] -> 0x006F
mem[X,0x80030CD2] -> 0x0240
[4641] [M]: 0x80030CD0 (0x0240006F) jal zero, 36


mem[X,0x80030CF4] -> 0x2E23
mem[X,0x80030CF6] -> 0x74C2
[4642] [M]: 0x80030CF4 (0x74C22E23) sw a2, 1884(tp)
mem[0x8003B8C4] <- 0x00000001


mem[X,0x80030CF8] -> 0x3537
mem[X,0x80030CFA] -> 0x3333
[4643] [M]: 0x80030CF8 (0x33333537) lui a0, 209715
x10 <- 0x33333000


mem[X,0x80030CFC] -> 0x0513
mem[X,0x80030CFE] -> 0x3325
[4644] [M]: 0x80030CFC (0x33250513) addi a0, a0, 818
x10 <- 0x33333332


mem[X,0x80030D00] -> 0x0593
mem[X,0x80030D02] -> 0x0040
[4645] [M]: 0x80030D00 (0x00400593) addi a1, zero, 4
x11 <- 0x00000004


mem[X,0x80030D04] -> 0x0613
mem[X,0x80030D06] -> 0x0000
[4646] [M]: 0x80030D04 (0x00000613) addi a2, zero, 0
x12 <- 0x00000000


mem[X,0x80030D08] -> 0x006F
mem[X,0x80030D0A] -> 0x00C0
[4647] [M]: 0x80030D08 (0x00C0006F) jal zero, 12


mem[X,0x80030D14] -> 0x5063
mem[X,0x80030D16] -> 0x40B5
[4648] [M]: 0x80030D14 (0x40B55063) bge a0, a1, 1024


mem[X,0x80031114] -> 0x0613
mem[X,0x80031116] -> 0x0036
[4649] [M]: 0x80031114 (0x00360613) addi a2, a2, 3
x12 <- 0x00000003


mem[X,0x80031118] -> 0x006F
mem[X,0x8003111A] -> 0x0040
[4650] [M]: 0x80031118 (0x0040006F) jal zero, 4


mem[X,0x8003111C] -> 0x2023
mem[X,0x8003111E] -> 0x76C2
[4651] [M]: 0x8003111C (0x76C22023) sw a2, 1888(tp)
mem[0x8003B8C8] <- 0x00000003


mem[X,0x80031120] -> 0x3537
mem[X,0x80031122] -> 0x3333
[4652] [M]: 0x80031120 (0x33333537) lui a0, 209715
x10 <- 0x33333000


mem[X,0x80031124] -> 0x0513
mem[X,0x80031126] -> 0x3325
[4653] [M]: 0x80031124 (0x33250513) addi a0, a0, 818
x10 <- 0x33333332


mem[X,0x80031128] -> 0x35B7
mem[X,0x8003112A] -> 0x3333
[4654] [M]: 0x80031128 (0x333335B7) lui a1, 209715
x11 <- 0x33333000


mem[X,0x8003112C] -> 0x8593
mem[X,0x8003112E] -> 0x3325
[4655] [M]: 0x8003112C (0x33258593) addi a1, a1, 818
x11 <- 0x33333332


mem[X,0x80031130] -> 0x0613
mem[X,0x80031132] -> 0x0000
[4656] [M]: 0x80031130 (0x00000613) addi a2, zero, 0
x12 <- 0x00000000


mem[X,0x80031134] -> 0x006F
mem[X,0x80031136] -> 0x00C0
[4657] [M]: 0x80031134 (0x00C0006F) jal zero, 12


mem[X,0x80031140] -> 0x5663
mem[X,0x80031142] -> 0x00B5
[4658] [M]: 0x80031140 (0x00B55663) bge a0, a1, 12


mem[X,0x8003114C] -> 0x0613
mem[X,0x8003114E] -> 0x0036
[4659] [M]: 0x8003114C (0x00360613) addi a2, a2, 3
x12 <- 0x00000003


mem[X,0x80031150] -> 0x006F
mem[X,0x80031152] -> 0x0040
[4660] [M]: 0x80031150 (0x0040006F) jal zero, 4


mem[X,0x80031154] -> 0x2223
mem[X,0x80031156] -> 0x76C2
[4661] [M]: 0x80031154 (0x76C22223) sw a2, 1892(tp)
mem[0x8003B8CC] <- 0x00000003


mem[X,0x80031158] -> 0x3537
mem[X,0x8003115A] -> 0x3333
[4662] [M]: 0x80031158 (0x33333537) lui a0, 209715
x10 <- 0x33333000


mem[X,0x8003115C] -> 0x0513
mem[X,0x8003115E] -> 0x3325
[4663] [M]: 0x8003115C (0x33250513) addi a0, a0, 818
x10 <- 0x33333332


mem[X,0x80031160] -> 0x65B7
mem[X,0x80031162] -> 0x6666
[4664] [M]: 0x80031160 (0x666665B7) lui a1, 419430
x11 <- 0x66666000


mem[X,0x80031164] -> 0x8593
mem[X,0x80031166] -> 0x6655
[4665] [M]: 0x80031164 (0x66558593) addi a1, a1, 1637
x11 <- 0x66666665


mem[X,0x80031168] -> 0x0613
mem[X,0x8003116A] -> 0x0000
[4666] [M]: 0x80031168 (0x00000613) addi a2, zero, 0
x12 <- 0x00000000


mem[X,0x8003116C] -> 0x006F
mem[X,0x8003116E] -> 0x00C0
[4667] [M]: 0x8003116C (0x00C0006F) jal zero, 12


mem[X,0x80031178] -> 0x5663
mem[X,0x8003117A] -> 0x00B5
[4668] [M]: 0x80031178 (0x00B55663) bge a0, a1, 12


mem[X,0x8003117C] -> 0x0613
mem[X,0x8003117E] -> 0x0026
[4669] [M]: 0x8003117C (0x00260613) addi a2, a2, 2
x12 <- 0x00000002


mem[X,0x80031180] -> 0x006F
mem[X,0x80031182] -> 0x00C0
[4670] [M]: 0x80031180 (0x00C0006F) jal zero, 12


mem[X,0x8003118C] -> 0x2423
mem[X,0x8003118E] -> 0x76C2
[4671] [M]: 0x8003118C (0x76C22423) sw a2, 1896(tp)
mem[0x8003B8D0] <- 0x00000002


mem[X,0x80031190] -> 0x3537
mem[X,0x80031192] -> 0x3333
[4672] [M]: 0x80031190 (0x33333537) lui a0, 209715
x10 <- 0x33333000


mem[X,0x80031194] -> 0x0513
mem[X,0x80031196] -> 0x3325
[4673] [M]: 0x80031194 (0x33250513) addi a0, a0, 818
x10 <- 0x33333332


mem[X,0x80031198] -> 0xB5B7
mem[X,0x8003119A] -> 0x0000
[4674] [M]: 0x80031198 (0x0000B5B7) lui a1, 11
x11 <- 0x0000B000


mem[X,0x8003119C] -> 0x8593
mem[X,0x8003119E] -> 0x5035
[4675] [M]: 0x8003119C (0x50358593) addi a1, a1, 1283
x11 <- 0x0000B503


mem[X,0x800311A0] -> 0x0613
mem[X,0x800311A2] -> 0x0000
[4676] [M]: 0x800311A0 (0x00000613) addi a2, zero, 0
x12 <- 0x00000000


mem[X,0x800311A4] -> 0x006F
mem[X,0x800311A6] -> 0x00C0
[4677] [M]: 0x800311A4 (0x00C0006F) jal zero, 12


mem[X,0x800311B0] -> 0x5CE3
mem[X,0x800311B2] -> 0xFEB5
[4678] [M]: 0x800311B0 (0xFEB55CE3) bge a0, a1, 8184


mem[X,0x800311A8] -> 0x0613
mem[X,0x800311AA] -> 0x0016
[4679] [M]: 0x800311A8 (0x00160613) addi a2, a2, 1
x12 <- 0x00000001


mem[X,0x800311AC] -> 0x006F
mem[X,0x800311AE] -> 0x0180
[4680] [M]: 0x800311AC (0x0180006F) jal zero, 24


mem[X,0x800311C4] -> 0x2623
mem[X,0x800311C6] -> 0x76C2
[4681] [M]: 0x800311C4 (0x76C22623) sw a2, 1900(tp)
mem[0x8003B8D4] <- 0x00000001


mem[X,0x800311C8] -> 0x3537
mem[X,0x800311CA] -> 0x3333
[4682] [M]: 0x800311C8 (0x33333537) lui a0, 209715
x10 <- 0x33333000


mem[X,0x800311CC] -> 0x0513
mem[X,0x800311CE] -> 0x3325
[4683] [M]: 0x800311CC (0x33250513) addi a0, a0, 818
x10 <- 0x33333332


mem[X,0x800311D0] -> 0x55B7
mem[X,0x800311D2] -> 0x5555
[4684] [M]: 0x800311D0 (0x555555B7) lui a1, 349525
x11 <- 0x55555000


mem[X,0x800311D4] -> 0x8593
mem[X,0x800311D6] -> 0x5565
[4685] [M]: 0x800311D4 (0x55658593) addi a1, a1, 1366
x11 <- 0x55555556


mem[X,0x800311D8] -> 0x0613
mem[X,0x800311DA] -> 0x0000
[4686] [M]: 0x800311D8 (0x00000613) addi a2, zero, 0
x12 <- 0x00000000


mem[X,0x800311DC] -> 0x006F
mem[X,0x800311DE] -> 0x00C0
[4687] [M]: 0x800311DC (0x00C0006F) jal zero, 12


mem[X,0x800311E8] -> 0x5063
mem[X,0x800311EA] -> 0x40B5
[4688] [M]: 0x800311E8 (0x40B55063) bge a0, a1, 1024


mem[X,0x800311EC] -> 0x0613
mem[X,0x800311EE] -> 0x0026
[4689] [M]: 0x800311EC (0x00260613) addi a2, a2, 2
x12 <- 0x00000002


mem[X,0x800311F0] -> 0x006F
mem[X,0x800311F2] -> 0x4000
[4690] [M]: 0x800311F0 (0x4000006F) jal zero, 1024


mem[X,0x800315F0] -> 0x2823
mem[X,0x800315F2] -> 0x76C2
[4691] [M]: 0x800315F0 (0x76C22823) sw a2, 1904(tp)
mem[0x8003B8D8] <- 0x00000002


mem[X,0x800315F4] -> 0x3537
mem[X,0x800315F6] -> 0x3333
[4692] [M]: 0x800315F4 (0x33333537) lui a0, 209715
x10 <- 0x33333000


mem[X,0x800315F8] -> 0x0513
mem[X,0x800315FA] -> 0x3325
[4693] [M]: 0x800315F8 (0x33250513) addi a0, a0, 818
x10 <- 0x33333332


mem[X,0x800315FC] -> 0xB5B7
mem[X,0x800315FE] -> 0xAAAA
[4694] [M]: 0x800315FC (0xAAAAB5B7) lui a1, 699051
x11 <- 0xAAAAB000


mem[X,0x80031600] -> 0x8593
mem[X,0x80031602] -> 0xAAB5
[4695] [M]: 0x80031600 (0xAAB58593) addi a1, a1, 2731
x11 <- 0xAAAAAAAB


mem[X,0x80031604] -> 0x0613
mem[X,0x80031606] -> 0x0000
[4696] [M]: 0x80031604 (0x00000613) addi a2, zero, 0
x12 <- 0x00000000


mem[X,0x80031608] -> 0x006F
mem[X,0x8003160A] -> 0x0180
[4697] [M]: 0x80031608 (0x0180006F) jal zero, 24


mem[X,0x80031620] -> 0x56E3
mem[X,0x80031622] -> 0xFEB5
[4698] [M]: 0x80031620 (0xFEB556E3) bge a0, a1, 8172


mem[X,0x8003160C] -> 0x0613
mem[X,0x8003160E] -> 0x0016
[4699] [M]: 0x8003160C (0x00160613) addi a2, a2, 1
x12 <- 0x00000001


clint::tick mtime <- 0x000000000000002F
 clint timer pending at mtime 0x000000000000002F
htif::tick 0x0000000000000000
mem[X,0x80031610] -> 0x006F
mem[X,0x80031612] -> 0x0240
[4700] [M]: 0x80031610 (0x0240006F) jal zero, 36


mem[X,0x80031634] -> 0x2A23
mem[X,0x80031636] -> 0x76C2
[4701] [M]: 0x80031634 (0x76C22A23) sw a2, 1908(tp)
mem[0x8003B8DC] <- 0x00000001


mem[X,0x80031638] -> 0x3537
mem[X,0x8003163A] -> 0x3333
[4702] [M]: 0x80031638 (0x33333537) lui a0, 209715
x10 <- 0x33333000


mem[X,0x8003163C] -> 0x0513
mem[X,0x8003163E] -> 0x3325
[4703] [M]: 0x8003163C (0x33250513) addi a0, a0, 818
x10 <- 0x33333332


mem[X,0x80031640] -> 0x0593
mem[X,0x80031642] -> 0x0060
[4704] [M]: 0x80031640 (0x00600593) addi a1, zero, 6
x11 <- 0x00000006


mem[X,0x80031644] -> 0x0613
mem[X,0x80031646] -> 0x0000
[4705] [M]: 0x80031644 (0x00000613) addi a2, zero, 0
x12 <- 0x00000000


mem[X,0x80031648] -> 0x006F
mem[X,0x8003164A] -> 0x00C0
[4706] [M]: 0x80031648 (0x00C0006F) jal zero, 12


mem[X,0x80031654] -> 0x5663
mem[X,0x80031656] -> 0x00B5
[4707] [M]: 0x80031654 (0x00B55663) bge a0, a1, 12


mem[X,0x80031660] -> 0x0613
mem[X,0x80031662] -> 0x0036
[4708] [M]: 0x80031660 (0x00360613) addi a2, a2, 3
x12 <- 0x00000003


mem[X,0x80031664] -> 0x006F
mem[X,0x80031666] -> 0x0040
[4709] [M]: 0x80031664 (0x0040006F) jal zero, 4


mem[X,0x80031668] -> 0x2C23
mem[X,0x8003166A] -> 0x76C2
[4710] [M]: 0x80031668 (0x76C22C23) sw a2, 1912(tp)
mem[0x8003B8E0] <- 0x00000003


mem[X,0x8003166C] -> 0x3537
mem[X,0x8003166E] -> 0x3333
[4711] [M]: 0x8003166C (0x33333537) lui a0, 209715
x10 <- 0x33333000


mem[X,0x80031670] -> 0x0513
mem[X,0x80031672] -> 0x3325
[4712] [M]: 0x80031670 (0x33250513) addi a0, a0, 818
x10 <- 0x33333332


mem[X,0x80031674] -> 0x35B7
mem[X,0x80031676] -> 0x3333
[4713] [M]: 0x80031674 (0x333335B7) lui a1, 209715
x11 <- 0x33333000


mem[X,0x80031678] -> 0x8593
mem[X,0x8003167A] -> 0x3345
[4714] [M]: 0x80031678 (0x33458593) addi a1, a1, 820
x11 <- 0x33333334


mem[X,0x8003167C] -> 0x0613
mem[X,0x8003167E] -> 0x0000
[4715] [M]: 0x8003167C (0x00000613) addi a2, zero, 0
x12 <- 0x00000000


mem[X,0x80031680] -> 0x006F
mem[X,0x80031682] -> 0x0180
[4716] [M]: 0x80031680 (0x0180006F) jal zero, 24


mem[X,0x80031698] -> 0x56E3
mem[X,0x8003169A] -> 0xFEB5
[4717] [M]: 0x80031698 (0xFEB556E3) bge a0, a1, 8172


mem[X,0x8003169C] -> 0x0613
mem[X,0x8003169E] -> 0x0026
[4718] [M]: 0x8003169C (0x00260613) addi a2, a2, 2
x12 <- 0x00000002


mem[X,0x800316A0] -> 0x006F
mem[X,0x800316A2] -> 0x00C0
[4719] [M]: 0x800316A0 (0x00C0006F) jal zero, 12


mem[X,0x800316AC] -> 0x2E23
mem[X,0x800316AE] -> 0x76C2
[4720] [M]: 0x800316AC (0x76C22E23) sw a2, 1916(tp)
mem[0x8003B8E4] <- 0x00000002


mem[X,0x800316B0] -> 0x3537
mem[X,0x800316B2] -> 0x3333
[4721] [M]: 0x800316B0 (0x33333537) lui a0, 209715
x10 <- 0x33333000


mem[X,0x800316B4] -> 0x0513
mem[X,0x800316B6] -> 0x3325
[4722] [M]: 0x800316B4 (0x33250513) addi a0, a0, 818
x10 <- 0x33333332


mem[X,0x800316B8] -> 0x65B7
mem[X,0x800316BA] -> 0x6666
[4723] [M]: 0x800316B8 (0x666665B7) lui a1, 419430
x11 <- 0x66666000


mem[X,0x800316BC] -> 0x8593
mem[X,0x800316BE] -> 0x6675
[4724] [M]: 0x800316BC (0x66758593) addi a1, a1, 1639
x11 <- 0x66666667


mem[X,0x800316C0] -> 0x0613
mem[X,0x800316C2] -> 0x0000
[4725] [M]: 0x800316C0 (0x00000613) addi a2, zero, 0
x12 <- 0x00000000


mem[X,0x800316C4] -> 0x006F
mem[X,0x800316C6] -> 0x00C0
[4726] [M]: 0x800316C4 (0x00C0006F) jal zero, 12


mem[X,0x800316D0] -> 0x5CE3
mem[X,0x800316D2] -> 0xFEB5
[4727] [M]: 0x800316D0 (0xFEB55CE3) bge a0, a1, 8184


mem[X,0x800316D4] -> 0x0613
mem[X,0x800316D6] -> 0x0026
[4728] [M]: 0x800316D4 (0x00260613) addi a2, a2, 2
x12 <- 0x00000002


mem[X,0x800316D8] -> 0x006F
mem[X,0x800316DA] -> 0x00C0
[4729] [M]: 0x800316D8 (0x00C0006F) jal zero, 12


mem[X,0x800316E4] -> 0x2023
mem[X,0x800316E6] -> 0x78C2
[4730] [M]: 0x800316E4 (0x78C22023) sw a2, 1920(tp)
mem[0x8003B8E8] <- 0x00000002


mem[X,0x800316E8] -> 0x3537
mem[X,0x800316EA] -> 0x3333
[4731] [M]: 0x800316E8 (0x33333537) lui a0, 209715
x10 <- 0x33333000


mem[X,0x800316EC] -> 0x0513
mem[X,0x800316EE] -> 0x3325
[4732] [M]: 0x800316EC (0x33250513) addi a0, a0, 818
x10 <- 0x33333332


mem[X,0x800316F0] -> 0x55B7
mem[X,0x800316F2] -> 0xFFFF
[4733] [M]: 0x800316F0 (0xFFFF55B7) lui a1, 1048565
x11 <- 0xFFFF5000


mem[X,0x800316F4] -> 0x8593
mem[X,0x800316F6] -> 0xAFD5
[4734] [M]: 0x800316F4 (0xAFD58593) addi a1, a1, 2813
x11 <- 0xFFFF4AFD


mem[X,0x800316F8] -> 0x0613
mem[X,0x800316FA] -> 0x0000
[4735] [M]: 0x800316F8 (0x00000613) addi a2, zero, 0
x12 <- 0x00000000


mem[X,0x800316FC] -> 0x006F
mem[X,0x800316FE] -> 0x00C0
[4736] [M]: 0x800316FC (0x00C0006F) jal zero, 12


mem[X,0x80031708] -> 0x5863
mem[X,0x8003170A] -> 0x00B5
[4737] [M]: 0x80031708 (0x00B55863) bge a0, a1, 16


mem[X,0x80031718] -> 0x0613
mem[X,0x8003171A] -> 0x0036
[4738] [M]: 0x80031718 (0x00360613) addi a2, a2, 3
x12 <- 0x00000003


mem[X,0x8003171C] -> 0x006F
mem[X,0x8003171E] -> 0x0040
[4739] [M]: 0x8003171C (0x0040006F) jal zero, 4


mem[X,0x80031720] -> 0x2223
mem[X,0x80031722] -> 0x78C2
[4740] [M]: 0x80031720 (0x78C22223) sw a2, 1924(tp)
mem[0x8003B8EC] <- 0x00000003


mem[X,0x80031724] -> 0x3537
mem[X,0x80031726] -> 0x3333
[4741] [M]: 0x80031724 (0x33333537) lui a0, 209715
x10 <- 0x33333000


mem[X,0x80031728] -> 0x0513
mem[X,0x8003172A] -> 0x3325
[4742] [M]: 0x80031728 (0x33250513) addi a0, a0, 818
x10 <- 0x33333332


mem[X,0x8003172C] -> 0xB5B7
mem[X,0x8003172E] -> 0x0000
[4743] [M]: 0x8003172C (0x0000B5B7) lui a1, 11
x11 <- 0x0000B000


mem[X,0x80031730] -> 0x8593
mem[X,0x80031732] -> 0x5055
[4744] [M]: 0x80031730 (0x50558593) addi a1, a1, 1285
x11 <- 0x0000B505


mem[X,0x80031734] -> 0x0613
mem[X,0x80031736] -> 0x0000
[4745] [M]: 0x80031734 (0x00000613) addi a2, zero, 0
x12 <- 0x00000000


mem[X,0x80031738] -> 0x006F
mem[X,0x8003173A] -> 0x00C0
[4746] [M]: 0x80031738 (0x00C0006F) jal zero, 12


mem[X,0x80031744] -> 0x5CE3
mem[X,0x80031746] -> 0xFEB5
[4747] [M]: 0x80031744 (0xFEB55CE3) bge a0, a1, 8184


mem[X,0x8003173C] -> 0x0613
mem[X,0x8003173E] -> 0x0016
[4748] [M]: 0x8003173C (0x00160613) addi a2, a2, 1
x12 <- 0x00000001


mem[X,0x80031740] -> 0x006F
mem[X,0x80031742] -> 0x0180
[4749] [M]: 0x80031740 (0x0180006F) jal zero, 24


mem[X,0x80031758] -> 0x2423
mem[X,0x8003175A] -> 0x78C2
[4750] [M]: 0x80031758 (0x78C22423) sw a2, 1928(tp)
mem[0x8003B8F0] <- 0x00000001


mem[X,0x8003175C] -> 0x6537
mem[X,0x8003175E] -> 0x6666
[4751] [M]: 0x8003175C (0x66666537) lui a0, 419430
x10 <- 0x66666000


mem[X,0x80031760] -> 0x0513
mem[X,0x80031762] -> 0x6655
[4752] [M]: 0x80031760 (0x66550513) addi a0, a0, 1637
x10 <- 0x66666665


mem[X,0x80031764] -> 0x0593
mem[X,0x80031766] -> 0x0030
[4753] [M]: 0x80031764 (0x00300593) addi a1, zero, 3
x11 <- 0x00000003


mem[X,0x80031768] -> 0x0613
mem[X,0x8003176A] -> 0x0000
[4754] [M]: 0x80031768 (0x00000613) addi a2, zero, 0
x12 <- 0x00000000


mem[X,0x8003176C] -> 0x006F
mem[X,0x8003176E] -> 0x00C0
[4755] [M]: 0x8003176C (0x00C0006F) jal zero, 12


mem[X,0x80031778] -> 0x5663
mem[X,0x8003177A] -> 0x00B5
[4756] [M]: 0x80031778 (0x00B55663) bge a0, a1, 12


mem[X,0x80031784] -> 0x0613
mem[X,0x80031786] -> 0x0036
[4757] [M]: 0x80031784 (0x00360613) addi a2, a2, 3
x12 <- 0x00000003


mem[X,0x80031788] -> 0x006F
mem[X,0x8003178A] -> 0x0040
[4758] [M]: 0x80031788 (0x0040006F) jal zero, 4


mem[X,0x8003178C] -> 0x2623
mem[X,0x8003178E] -> 0x78C2
[4759] [M]: 0x8003178C (0x78C22623) sw a2, 1932(tp)
mem[0x8003B8F4] <- 0x00000003


mem[X,0x80031790] -> 0x6537
mem[X,0x80031792] -> 0x6666
[4760] [M]: 0x80031790 (0x66666537) lui a0, 419430
x10 <- 0x66666000


mem[X,0x80031794] -> 0x0513
mem[X,0x80031796] -> 0x6655
[4761] [M]: 0x80031794 (0x66550513) addi a0, a0, 1637
x10 <- 0x66666665


mem[X,0x80031798] -> 0x55B7
mem[X,0x8003179A] -> 0x5555
[4762] [M]: 0x80031798 (0x555555B7) lui a1, 349525
x11 <- 0x55555000


mem[X,0x8003179C] -> 0x8593
mem[X,0x8003179E] -> 0x5555
[4763] [M]: 0x8003179C (0x55558593) addi a1, a1, 1365
x11 <- 0x55555555


mem[X,0x800317A0] -> 0x0613
mem[X,0x800317A2] -> 0x0000
[4764] [M]: 0x800317A0 (0x00000613) addi a2, zero, 0
x12 <- 0x00000000


mem[X,0x800317A4] -> 0x006F
mem[X,0x800317A6] -> 0x00C0
[4765] [M]: 0x800317A4 (0x00C0006F) jal zero, 12


mem[X,0x800317B0] -> 0x5663
mem[X,0x800317B2] -> 0x00B5
[4766] [M]: 0x800317B0 (0x00B55663) bge a0, a1, 12


mem[X,0x800317BC] -> 0x0613
mem[X,0x800317BE] -> 0x0036
[4767] [M]: 0x800317BC (0x00360613) addi a2, a2, 3
x12 <- 0x00000003


mem[X,0x800317C0] -> 0x006F
mem[X,0x800317C2] -> 0x0040
[4768] [M]: 0x800317C0 (0x0040006F) jal zero, 4


mem[X,0x800317C4] -> 0x2823
mem[X,0x800317C6] -> 0x78C2
[4769] [M]: 0x800317C4 (0x78C22823) sw a2, 1936(tp)
mem[0x8003B8F8] <- 0x00000003


mem[X,0x800317C8] -> 0x6537
mem[X,0x800317CA] -> 0x6666
[4770] [M]: 0x800317C8 (0x66666537) lui a0, 419430
x10 <- 0x66666000


mem[X,0x800317CC] -> 0x0513
mem[X,0x800317CE] -> 0x6655
[4771] [M]: 0x800317CC (0x66550513) addi a0, a0, 1637
x10 <- 0x66666665


mem[X,0x800317D0] -> 0xB5B7
mem[X,0x800317D2] -> 0xAAAA
[4772] [M]: 0x800317D0 (0xAAAAB5B7) lui a1, 699051
x11 <- 0xAAAAB000


mem[X,0x800317D4] -> 0x8593
mem[X,0x800317D6] -> 0xAAA5
[4773] [M]: 0x800317D4 (0xAAA58593) addi a1, a1, 2730
x11 <- 0xAAAAAAAA


mem[X,0x800317D8] -> 0x0613
mem[X,0x800317DA] -> 0x0000
[4774] [M]: 0x800317D8 (0x00000613) addi a2, zero, 0
x12 <- 0x00000000


mem[X,0x800317DC] -> 0x006F
mem[X,0x800317DE] -> 0x00C0
[4775] [M]: 0x800317DC (0x00C0006F) jal zero, 12


mem[X,0x800317E8] -> 0x5063
mem[X,0x800317EA] -> 0x20B5
[4776] [M]: 0x800317E8 (0x20B55063) bge a0, a1, 512


mem[X,0x800319E8] -> 0x0613
mem[X,0x800319EA] -> 0x0036
[4777] [M]: 0x800319E8 (0x00360613) addi a2, a2, 3
x12 <- 0x00000003


mem[X,0x800319EC] -> 0x006F
mem[X,0x800319EE] -> 0x0040
[4778] [M]: 0x800319EC (0x0040006F) jal zero, 4


mem[X,0x800319F0] -> 0x2A23
mem[X,0x800319F2] -> 0x78C2
[4779] [M]: 0x800319F0 (0x78C22A23) sw a2, 1940(tp)
mem[0x8003B8FC] <- 0x00000003


mem[X,0x800319F4] -> 0x6537
mem[X,0x800319F6] -> 0x6666
[4780] [M]: 0x800319F4 (0x66666537) lui a0, 419430
x10 <- 0x66666000


mem[X,0x800319F8] -> 0x0513
mem[X,0x800319FA] -> 0x6655
[4781] [M]: 0x800319F8 (0x66550513) addi a0, a0, 1637
x10 <- 0x66666665


mem[X,0x800319FC] -> 0x0593
mem[X,0x800319FE] -> 0x0050
[4782] [M]: 0x800319FC (0x00500593) addi a1, zero, 5
x11 <- 0x00000005


mem[X,0x80031A00] -> 0x0613
mem[X,0x80031A02] -> 0x0000
[4783] [M]: 0x80031A00 (0x00000613) addi a2, zero, 0
x12 <- 0x00000000


mem[X,0x80031A04] -> 0x006F
mem[X,0x80031A06] -> 0x0100
[4784] [M]: 0x80031A04 (0x0100006F) jal zero, 16


mem[X,0x80031A14] -> 0x5AE3
mem[X,0x80031A16] -> 0xFEB5
[4785] [M]: 0x80031A14 (0xFEB55AE3) bge a0, a1, 8180


mem[X,0x80031A08] -> 0x0613
mem[X,0x80031A0A] -> 0x0016
[4786] [M]: 0x80031A08 (0x00160613) addi a2, a2, 1
x12 <- 0x00000001


mem[X,0x80031A0C] -> 0x006F
mem[X,0x80031A0E] -> 0x01C0
[4787] [M]: 0x80031A0C (0x01C0006F) jal zero, 28


mem[X,0x80031A28] -> 0x2C23
mem[X,0x80031A2A] -> 0x78C2
[4788] [M]: 0x80031A28 (0x78C22C23) sw a2, 1944(tp)
mem[0x8003B900] <- 0x00000001


mem[X,0x80031A2C] -> 0x6537
mem[X,0x80031A2E] -> 0x6666
[4789] [M]: 0x80031A2C (0x66666537) lui a0, 419430
x10 <- 0x66666000


mem[X,0x80031A30] -> 0x0513
mem[X,0x80031A32] -> 0x6655
[4790] [M]: 0x80031A30 (0x66550513) addi a0, a0, 1637
x10 <- 0x66666665


mem[X,0x80031A34] -> 0x35B7
mem[X,0x80031A36] -> 0x3333
[4791] [M]: 0x80031A34 (0x333335B7) lui a1, 209715
x11 <- 0x33333000


mem[X,0x80031A38] -> 0x8593
mem[X,0x80031A3A] -> 0x3335
[4792] [M]: 0x80031A38 (0x33358593) addi a1, a1, 819
x11 <- 0x33333333


mem[X,0x80031A3C] -> 0x0613
mem[X,0x80031A3E] -> 0x0000
[4793] [M]: 0x80031A3C (0x00000613) addi a2, zero, 0
x12 <- 0x00000000


mem[X,0x80031A40] -> 0x006F
mem[X,0x80031A42] -> 0x00C0
[4794] [M]: 0x80031A40 (0x00C0006F) jal zero, 12


mem[X,0x80031A4C] -> 0x5CE3
mem[X,0x80031A4E] -> 0xFEB5
[4795] [M]: 0x80031A4C (0xFEB55CE3) bge a0, a1, 8184


mem[X,0x80031A44] -> 0x0613
mem[X,0x80031A46] -> 0x0016
[4796] [M]: 0x80031A44 (0x00160613) addi a2, a2, 1
x12 <- 0x00000001


mem[X,0x80031A48] -> 0x006F
mem[X,0x80031A4A] -> 0x0180
[4797] [M]: 0x80031A48 (0x0180006F) jal zero, 24


mem[X,0x80031A60] -> 0x2E23
mem[X,0x80031A62] -> 0x78C2
[4798] [M]: 0x80031A60 (0x78C22E23) sw a2, 1948(tp)
mem[0x8003B904] <- 0x00000001


mem[X,0x80031A64] -> 0x6537
mem[X,0x80031A66] -> 0x6666
[4799] [M]: 0x80031A64 (0x66666537) lui a0, 419430
x10 <- 0x66666000


clint::tick mtime <- 0x0000000000000030
 clint timer pending at mtime 0x0000000000000030
htif::tick 0x0000000000000000
mem[X,0x80031A68] -> 0x0513
mem[X,0x80031A6A] -> 0x6655
[4800] [M]: 0x80031A68 (0x66550513) addi a0, a0, 1637
x10 <- 0x66666665


mem[X,0x80031A6C] -> 0x65B7
mem[X,0x80031A6E] -> 0x6666
[4801] [M]: 0x80031A6C (0x666665B7) lui a1, 419430
x11 <- 0x66666000


mem[X,0x80031A70] -> 0x8593
mem[X,0x80031A72] -> 0x6665
[4802] [M]: 0x80031A70 (0x66658593) addi a1, a1, 1638
x11 <- 0x66666666


mem[X,0x80031A74] -> 0x0613
mem[X,0x80031A76] -> 0x0000
[4803] [M]: 0x80031A74 (0x00000613) addi a2, zero, 0
x12 <- 0x00000000


mem[X,0x80031A78] -> 0x006F
mem[X,0x80031A7A] -> 0x00C0
[4804] [M]: 0x80031A78 (0x00C0006F) jal zero, 12


mem[X,0x80031A84] -> 0x5063
mem[X,0x80031A86] -> 0x08B5
[4805] [M]: 0x80031A84 (0x08B55063) bge a0, a1, 128


mem[X,0x80031A88] -> 0x0613
mem[X,0x80031A8A] -> 0x0026
[4806] [M]: 0x80031A88 (0x00260613) addi a2, a2, 2
x12 <- 0x00000002


mem[X,0x80031A8C] -> 0x006F
mem[X,0x80031A8E] -> 0x0800
[4807] [M]: 0x80031A8C (0x0800006F) jal zero, 128


mem[X,0x80031B0C] -> 0x2023
mem[X,0x80031B0E] -> 0x7AC2
[4808] [M]: 0x80031B0C (0x7AC22023) sw a2, 1952(tp)
mem[0x8003B908] <- 0x00000002


mem[X,0x80031B10] -> 0x6537
mem[X,0x80031B12] -> 0x6666
[4809] [M]: 0x80031B10 (0x66666537) lui a0, 419430
x10 <- 0x66666000


mem[X,0x80031B14] -> 0x0513
mem[X,0x80031B16] -> 0x6655
[4810] [M]: 0x80031B14 (0x66550513) addi a0, a0, 1637
x10 <- 0x66666665


mem[X,0x80031B18] -> 0x55B7
mem[X,0x80031B1A] -> 0xFFFF
[4811] [M]: 0x80031B18 (0xFFFF55B7) lui a1, 1048565
x11 <- 0xFFFF5000


mem[X,0x80031B1C] -> 0x8593
mem[X,0x80031B1E] -> 0xAFC5
[4812] [M]: 0x80031B1C (0xAFC58593) addi a1, a1, 2812
x11 <- 0xFFFF4AFC


mem[X,0x80031B20] -> 0x0613
mem[X,0x80031B22] -> 0x0000
[4813] [M]: 0x80031B20 (0x00000613) addi a2, zero, 0
x12 <- 0x00000000


mem[X,0x80031B24] -> 0x006F
mem[X,0x80031B26] -> 0x00C0
[4814] [M]: 0x80031B24 (0x00C0006F) jal zero, 12


mem[X,0x80031B30] -> 0x5063
mem[X,0x80031B32] -> 0x20B5
[4815] [M]: 0x80031B30 (0x20B55063) bge a0, a1, 512


mem[X,0x80031D30] -> 0x0613
mem[X,0x80031D32] -> 0x0036
[4816] [M]: 0x80031D30 (0x00360613) addi a2, a2, 3
x12 <- 0x00000003


mem[X,0x80031D34] -> 0x006F
mem[X,0x80031D36] -> 0x0040
[4817] [M]: 0x80031D34 (0x0040006F) jal zero, 4


mem[X,0x80031D38] -> 0x2223
mem[X,0x80031D3A] -> 0x7AC2
[4818] [M]: 0x80031D38 (0x7AC22223) sw a2, 1956(tp)
mem[0x8003B90C] <- 0x00000003


mem[X,0x80031D3C] -> 0x6537
mem[X,0x80031D3E] -> 0x6666
[4819] [M]: 0x80031D3C (0x66666537) lui a0, 419430
x10 <- 0x66666000


mem[X,0x80031D40] -> 0x0513
mem[X,0x80031D42] -> 0x6655
[4820] [M]: 0x80031D40 (0x66550513) addi a0, a0, 1637
x10 <- 0x66666665


mem[X,0x80031D44] -> 0xB5B7
mem[X,0x80031D46] -> 0x0000
[4821] [M]: 0x80031D44 (0x0000B5B7) lui a1, 11
x11 <- 0x0000B000


mem[X,0x80031D48] -> 0x8593
mem[X,0x80031D4A] -> 0x5045
[4822] [M]: 0x80031D48 (0x50458593) addi a1, a1, 1284
x11 <- 0x0000B504


mem[X,0x80031D4C] -> 0x0613
mem[X,0x80031D4E] -> 0x0000
[4823] [M]: 0x80031D4C (0x00000613) addi a2, zero, 0
x12 <- 0x00000000


mem[X,0x80031D50] -> 0x006F
mem[X,0x80031D52] -> 0x00C0
[4824] [M]: 0x80031D50 (0x00C0006F) jal zero, 12


mem[X,0x80031D5C] -> 0x5663
mem[X,0x80031D5E] -> 0x00B5
[4825] [M]: 0x80031D5C (0x00B55663) bge a0, a1, 12


mem[X,0x80031D68] -> 0x0613
mem[X,0x80031D6A] -> 0x0036
[4826] [M]: 0x80031D68 (0x00360613) addi a2, a2, 3
x12 <- 0x00000003


mem[X,0x80031D6C] -> 0x006F
mem[X,0x80031D6E] -> 0x0040
[4827] [M]: 0x80031D6C (0x0040006F) jal zero, 4


mem[X,0x80031D70] -> 0x2423
mem[X,0x80031D72] -> 0x7AC2
[4828] [M]: 0x80031D70 (0x7AC22423) sw a2, 1960(tp)
mem[0x8003B910] <- 0x00000003


mem[X,0x80031D74] -> 0x6537
mem[X,0x80031D76] -> 0x6666
[4829] [M]: 0x80031D74 (0x66666537) lui a0, 419430
x10 <- 0x66666000


mem[X,0x80031D78] -> 0x0513
mem[X,0x80031D7A] -> 0x6655
[4830] [M]: 0x80031D78 (0x66550513) addi a0, a0, 1637
x10 <- 0x66666665


mem[X,0x80031D7C] -> 0x0593
mem[X,0x80031D7E] -> 0x0020
[4831] [M]: 0x80031D7C (0x00200593) addi a1, zero, 2
x11 <- 0x00000002


mem[X,0x80031D80] -> 0x0613
mem[X,0x80031D82] -> 0x0000
[4832] [M]: 0x80031D80 (0x00000613) addi a2, zero, 0
x12 <- 0x00000000


mem[X,0x80031D84] -> 0x006F
mem[X,0x80031D86] -> 0x00C0
[4833] [M]: 0x80031D84 (0x00C0006F) jal zero, 12


mem[X,0x80031D90] -> 0x5063
mem[X,0x80031D92] -> 0x08B5
[4834] [M]: 0x80031D90 (0x08B55063) bge a0, a1, 128


mem[X,0x80031E10] -> 0x0613
mem[X,0x80031E12] -> 0x0036
[4835] [M]: 0x80031E10 (0x00360613) addi a2, a2, 3
x12 <- 0x00000003


mem[X,0x80031E14] -> 0x006F
mem[X,0x80031E16] -> 0x0040
[4836] [M]: 0x80031E14 (0x0040006F) jal zero, 4


mem[X,0x80031E18] -> 0x2623
mem[X,0x80031E1A] -> 0x7AC2
[4837] [M]: 0x80031E18 (0x7AC22623) sw a2, 1964(tp)
mem[0x8003B914] <- 0x00000003


mem[X,0x80031E1C] -> 0x6537
mem[X,0x80031E1E] -> 0x6666
[4838] [M]: 0x80031E1C (0x66666537) lui a0, 419430
x10 <- 0x66666000


mem[X,0x80031E20] -> 0x0513
mem[X,0x80031E22] -> 0x6655
[4839] [M]: 0x80031E20 (0x66550513) addi a0, a0, 1637
x10 <- 0x66666665


mem[X,0x80031E24] -> 0x55B7
mem[X,0x80031E26] -> 0x5555
[4840] [M]: 0x80031E24 (0x555555B7) lui a1, 349525
x11 <- 0x55555000


mem[X,0x80031E28] -> 0x8593
mem[X,0x80031E2A] -> 0x5545
[4841] [M]: 0x80031E28 (0x55458593) addi a1, a1, 1364
x11 <- 0x55555554


mem[X,0x80031E2C] -> 0x0613
mem[X,0x80031E2E] -> 0x0000
[4842] [M]: 0x80031E2C (0x00000613) addi a2, zero, 0
x12 <- 0x00000000


mem[X,0x80031E30] -> 0x006F
mem[X,0x80031E32] -> 0x00C0
[4843] [M]: 0x80031E30 (0x00C0006F) jal zero, 12


mem[X,0x80031E3C] -> 0x5063
mem[X,0x80031E3E] -> 0x02B5
[4844] [M]: 0x80031E3C (0x02B55063) bge a0, a1, 32


mem[X,0x80031E5C] -> 0x0613
mem[X,0x80031E5E] -> 0x0036
[4845] [M]: 0x80031E5C (0x00360613) addi a2, a2, 3
x12 <- 0x00000003


mem[X,0x80031E60] -> 0x006F
mem[X,0x80031E62] -> 0x0040
[4846] [M]: 0x80031E60 (0x0040006F) jal zero, 4


mem[X,0x80031E64] -> 0x2823
mem[X,0x80031E66] -> 0x7AC2
[4847] [M]: 0x80031E64 (0x7AC22823) sw a2, 1968(tp)
mem[0x8003B918] <- 0x00000003


mem[X,0x80031E68] -> 0x6537
mem[X,0x80031E6A] -> 0x6666
[4848] [M]: 0x80031E68 (0x66666537) lui a0, 419430
x10 <- 0x66666000


mem[X,0x80031E6C] -> 0x0513
mem[X,0x80031E6E] -> 0x6655
[4849] [M]: 0x80031E6C (0x66550513) addi a0, a0, 1637
x10 <- 0x66666665


mem[X,0x80031E70] -> 0x0593
mem[X,0x80031E72] -> 0x0000
[4850] [M]: 0x80031E70 (0x00000593) addi a1, zero, 0
x11 <- 0x00000000


mem[X,0x80031E74] -> 0x0613
mem[X,0x80031E76] -> 0x0000
[4851] [M]: 0x80031E74 (0x00000613) addi a2, zero, 0
x12 <- 0x00000000


mem[X,0x80031E78] -> 0x006F
mem[X,0x80031E7A] -> 0x00C0
[4852] [M]: 0x80031E78 (0x00C0006F) jal zero, 12


mem[X,0x80031E84] -> 0x5663
mem[X,0x80031E86] -> 0x00B5
[4853] [M]: 0x80031E84 (0x00B55663) bge a0, a1, 12


mem[X,0x80031E90] -> 0x0613
mem[X,0x80031E92] -> 0x0036
[4854] [M]: 0x80031E90 (0x00360613) addi a2, a2, 3
x12 <- 0x00000003


mem[X,0x80031E94] -> 0x006F
mem[X,0x80031E96] -> 0x0040
[4855] [M]: 0x80031E94 (0x0040006F) jal zero, 4


mem[X,0x80031E98] -> 0x2A23
mem[X,0x80031E9A] -> 0x7AC2
[4856] [M]: 0x80031E98 (0x7AC22A23) sw a2, 1972(tp)
mem[0x8003B91C] <- 0x00000003


mem[X,0x80031E9C] -> 0x6537
mem[X,0x80031E9E] -> 0x6666
[4857] [M]: 0x80031E9C (0x66666537) lui a0, 419430
x10 <- 0x66666000


mem[X,0x80031EA0] -> 0x0513
mem[X,0x80031EA2] -> 0x6655
[4858] [M]: 0x80031EA0 (0x66550513) addi a0, a0, 1637
x10 <- 0x66666665


mem[X,0x80031EA4] -> 0x0593
mem[X,0x80031EA6] -> 0x0040
[4859] [M]: 0x80031EA4 (0x00400593) addi a1, zero, 4
x11 <- 0x00000004


mem[X,0x80031EA8] -> 0x0613
mem[X,0x80031EAA] -> 0x0000
[4860] [M]: 0x80031EA8 (0x00000613) addi a2, zero, 0
x12 <- 0x00000000


mem[X,0x80031EAC] -> 0x006F
mem[X,0x80031EAE] -> 0x00C0
[4861] [M]: 0x80031EAC (0x00C0006F) jal zero, 12


mem[X,0x80031EB8] -> 0x5063
mem[X,0x80031EBA] -> 0x04B5
[4862] [M]: 0x80031EB8 (0x04B55063) bge a0, a1, 64


mem[X,0x80031EF8] -> 0x0613
mem[X,0x80031EFA] -> 0x0036
[4863] [M]: 0x80031EF8 (0x00360613) addi a2, a2, 3
x12 <- 0x00000003


mem[X,0x80031EFC] -> 0x006F
mem[X,0x80031EFE] -> 0x0040
[4864] [M]: 0x80031EFC (0x0040006F) jal zero, 4


mem[X,0x80031F00] -> 0x2C23
mem[X,0x80031F02] -> 0x7AC2
[4865] [M]: 0x80031F00 (0x7AC22C23) sw a2, 1976(tp)
mem[0x8003B920] <- 0x00000003


mem[X,0x80031F04] -> 0x6537
mem[X,0x80031F06] -> 0x6666
[4866] [M]: 0x80031F04 (0x66666537) lui a0, 419430
x10 <- 0x66666000


mem[X,0x80031F08] -> 0x0513
mem[X,0x80031F0A] -> 0x6655
[4867] [M]: 0x80031F08 (0x66550513) addi a0, a0, 1637
x10 <- 0x66666665


mem[X,0x80031F0C] -> 0x35B7
mem[X,0x80031F0E] -> 0x3333
[4868] [M]: 0x80031F0C (0x333335B7) lui a1, 209715
x11 <- 0x33333000


mem[X,0x80031F10] -> 0x8593
mem[X,0x80031F12] -> 0x3325
[4869] [M]: 0x80031F10 (0x33258593) addi a1, a1, 818
x11 <- 0x33333332


mem[X,0x80031F14] -> 0x0613
mem[X,0x80031F16] -> 0x0000
[4870] [M]: 0x80031F14 (0x00000613) addi a2, zero, 0
x12 <- 0x00000000


mem[X,0x80031F18] -> 0x006F
mem[X,0x80031F1A] -> 0x00C0
[4871] [M]: 0x80031F18 (0x00C0006F) jal zero, 12


mem[X,0x80031F24] -> 0x5663
mem[X,0x80031F26] -> 0x00B5
[4872] [M]: 0x80031F24 (0x00B55663) bge a0, a1, 12


mem[X,0x80031F30] -> 0x0613
mem[X,0x80031F32] -> 0x0036
[4873] [M]: 0x80031F30 (0x00360613) addi a2, a2, 3
x12 <- 0x00000003


mem[X,0x80031F34] -> 0x006F
mem[X,0x80031F36] -> 0x0040
[4874] [M]: 0x80031F34 (0x0040006F) jal zero, 4


mem[X,0x80031F38] -> 0x2E23
mem[X,0x80031F3A] -> 0x7AC2
[4875] [M]: 0x80031F38 (0x7AC22E23) sw a2, 1980(tp)
mem[0x8003B924] <- 0x00000003


mem[X,0x80031F3C] -> 0x6537
mem[X,0x80031F3E] -> 0x6666
[4876] [M]: 0x80031F3C (0x66666537) lui a0, 419430
x10 <- 0x66666000


mem[X,0x80031F40] -> 0x0513
mem[X,0x80031F42] -> 0x6655
[4877] [M]: 0x80031F40 (0x66550513) addi a0, a0, 1637
x10 <- 0x66666665


mem[X,0x80031F44] -> 0x65B7
mem[X,0x80031F46] -> 0x6666
[4878] [M]: 0x80031F44 (0x666665B7) lui a1, 419430
x11 <- 0x66666000


mem[X,0x80031F48] -> 0x8593
mem[X,0x80031F4A] -> 0x6655
[4879] [M]: 0x80031F48 (0x66558593) addi a1, a1, 1637
x11 <- 0x66666665


mem[X,0x80031F4C] -> 0x0613
mem[X,0x80031F4E] -> 0x0000
[4880] [M]: 0x80031F4C (0x00000613) addi a2, zero, 0
x12 <- 0x00000000


mem[X,0x80031F50] -> 0x006F
mem[X,0x80031F52] -> 0x0100
[4881] [M]: 0x80031F50 (0x0100006F) jal zero, 16


mem[X,0x80031F60] -> 0x5AE3
mem[X,0x80031F62] -> 0xFEB5
[4882] [M]: 0x80031F60 (0xFEB55AE3) bge a0, a1, 8180


mem[X,0x80031F54] -> 0x0613
mem[X,0x80031F56] -> 0x0016
[4883] [M]: 0x80031F54 (0x00160613) addi a2, a2, 1
x12 <- 0x00000001


mem[X,0x80031F58] -> 0x006F
mem[X,0x80031F5A] -> 0x01C0
[4884] [M]: 0x80031F58 (0x01C0006F) jal zero, 28


mem[X,0x80031F74] -> 0x2023
mem[X,0x80031F76] -> 0x7CC2
[4885] [M]: 0x80031F74 (0x7CC22023) sw a2, 1984(tp)
mem[0x8003B928] <- 0x00000001


mem[X,0x80031F78] -> 0x6537
mem[X,0x80031F7A] -> 0x6666
[4886] [M]: 0x80031F78 (0x66666537) lui a0, 419430
x10 <- 0x66666000


mem[X,0x80031F7C] -> 0x0513
mem[X,0x80031F7E] -> 0x6655
[4887] [M]: 0x80031F7C (0x66550513) addi a0, a0, 1637
x10 <- 0x66666665


mem[X,0x80031F80] -> 0xB5B7
mem[X,0x80031F82] -> 0x0000
[4888] [M]: 0x80031F80 (0x0000B5B7) lui a1, 11
x11 <- 0x0000B000


mem[X,0x80031F84] -> 0x8593
mem[X,0x80031F86] -> 0x5035
[4889] [M]: 0x80031F84 (0x50358593) addi a1, a1, 1283
x11 <- 0x0000B503


mem[X,0x80031F88] -> 0x0613
mem[X,0x80031F8A] -> 0x0000
[4890] [M]: 0x80031F88 (0x00000613) addi a2, zero, 0
x12 <- 0x00000000


mem[X,0x80031F8C] -> 0x006F
mem[X,0x80031F8E] -> 0x00C0
[4891] [M]: 0x80031F8C (0x00C0006F) jal zero, 12


mem[X,0x80031F98] -> 0x5CE3
mem[X,0x80031F9A] -> 0xFEB5
[4892] [M]: 0x80031F98 (0xFEB55CE3) bge a0, a1, 8184


mem[X,0x80031F90] -> 0x0613
mem[X,0x80031F92] -> 0x0016
[4893] [M]: 0x80031F90 (0x00160613) addi a2, a2, 1
x12 <- 0x00000001


mem[X,0x80031F94] -> 0x006F
mem[X,0x80031F96] -> 0x0180
[4894] [M]: 0x80031F94 (0x0180006F) jal zero, 24


mem[X,0x80031FAC] -> 0x2223
mem[X,0x80031FAE] -> 0x7CC2
[4895] [M]: 0x80031FAC (0x7CC22223) sw a2, 1988(tp)
mem[0x8003B92C] <- 0x00000001


mem[X,0x80031FB0] -> 0x6537
mem[X,0x80031FB2] -> 0x6666
[4896] [M]: 0x80031FB0 (0x66666537) lui a0, 419430
x10 <- 0x66666000


mem[X,0x80031FB4] -> 0x0513
mem[X,0x80031FB6] -> 0x6655
[4897] [M]: 0x80031FB4 (0x66550513) addi a0, a0, 1637
x10 <- 0x66666665


mem[X,0x80031FB8] -> 0x55B7
mem[X,0x80031FBA] -> 0x5555
[4898] [M]: 0x80031FB8 (0x555555B7) lui a1, 349525
x11 <- 0x55555000


mem[X,0x80031FBC] -> 0x8593
mem[X,0x80031FBE] -> 0x5565
[4899] [M]: 0x80031FBC (0x55658593) addi a1, a1, 1366
x11 <- 0x55555556


clint::tick mtime <- 0x0000000000000031
 clint timer pending at mtime 0x0000000000000031
htif::tick 0x0000000000000000
mem[X,0x80031FC0] -> 0x0613
mem[X,0x80031FC2] -> 0x0000
[4900] [M]: 0x80031FC0 (0x00000613) addi a2, zero, 0
x12 <- 0x00000000


mem[X,0x80031FC4] -> 0x006F
mem[X,0x80031FC6] -> 0x0050
[4901] [M]: 0x80031FC4 (0x0050006F) jal zero, 2052


mem[X,0x800327C8] -> 0x50E3
mem[X,0x800327CA] -> 0x80B5
[4902] [M]: 0x800327C8 (0x80B550E3) bge a0, a1, 6144


mem[X,0x80031FC8] -> 0x0613
mem[X,0x80031FCA] -> 0x0016
[4903] [M]: 0x80031FC8 (0x00160613) addi a2, a2, 1
x12 <- 0x00000001


mem[X,0x80031FCC] -> 0x006F
mem[X,0x80031FCE] -> 0x0110
[4904] [M]: 0x80031FCC (0x0110006F) jal zero, 2064


mem[X,0x800327DC] -> 0x2423
mem[X,0x800327DE] -> 0x7CC2
[4905] [M]: 0x800327DC (0x7CC22423) sw a2, 1992(tp)
mem[0x8003B930] <- 0x00000001


mem[X,0x800327E0] -> 0x6537
mem[X,0x800327E2] -> 0x6666
[4906] [M]: 0x800327E0 (0x66666537) lui a0, 419430
x10 <- 0x66666000


mem[X,0x800327E4] -> 0x0513
mem[X,0x800327E6] -> 0x6655
[4907] [M]: 0x800327E4 (0x66550513) addi a0, a0, 1637
x10 <- 0x66666665


mem[X,0x800327E8] -> 0xB5B7
mem[X,0x800327EA] -> 0xAAAA
[4908] [M]: 0x800327E8 (0xAAAAB5B7) lui a1, 699051
x11 <- 0xAAAAB000


mem[X,0x800327EC] -> 0x8593
mem[X,0x800327EE] -> 0xAAB5
[4909] [M]: 0x800327EC (0xAAB58593) addi a1, a1, 2731
x11 <- 0xAAAAAAAB


mem[X,0x800327F0] -> 0x0613
mem[X,0x800327F2] -> 0x0000
[4910] [M]: 0x800327F0 (0x00000613) addi a2, zero, 0
x12 <- 0x00000000


mem[X,0x800327F4] -> 0x006F
mem[X,0x800327F6] -> 0x00C0
[4911] [M]: 0x800327F4 (0x00C0006F) jal zero, 12


mem[X,0x80032800] -> 0x5063
mem[X,0x80032802] -> 0x02B5
[4912] [M]: 0x80032800 (0x02B55063) bge a0, a1, 32


mem[X,0x80032820] -> 0x0613
mem[X,0x80032822] -> 0x0036
[4913] [M]: 0x80032820 (0x00360613) addi a2, a2, 3
x12 <- 0x00000003


mem[X,0x80032824] -> 0x006F
mem[X,0x80032826] -> 0x0040
[4914] [M]: 0x80032824 (0x0040006F) jal zero, 4


mem[X,0x80032828] -> 0x2623
mem[X,0x8003282A] -> 0x7CC2
[4915] [M]: 0x80032828 (0x7CC22623) sw a2, 1996(tp)
mem[0x8003B934] <- 0x00000003


mem[X,0x8003282C] -> 0x6537
mem[X,0x8003282E] -> 0x6666
[4916] [M]: 0x8003282C (0x66666537) lui a0, 419430
x10 <- 0x66666000


mem[X,0x80032830] -> 0x0513
mem[X,0x80032832] -> 0x6655
[4917] [M]: 0x80032830 (0x66550513) addi a0, a0, 1637
x10 <- 0x66666665


mem[X,0x80032834] -> 0x0593
mem[X,0x80032836] -> 0x0060
[4918] [M]: 0x80032834 (0x00600593) addi a1, zero, 6
x11 <- 0x00000006


mem[X,0x80032838] -> 0x0613
mem[X,0x8003283A] -> 0x0000
[4919] [M]: 0x80032838 (0x00000613) addi a2, zero, 0
x12 <- 0x00000000


mem[X,0x8003283C] -> 0x006F
mem[X,0x8003283E] -> 0x00C0
[4920] [M]: 0x8003283C (0x00C0006F) jal zero, 12


mem[X,0x80032848] -> 0x5CE3
mem[X,0x8003284A] -> 0xFEB5
[4921] [M]: 0x80032848 (0xFEB55CE3) bge a0, a1, 8184


mem[X,0x80032840] -> 0x0613
mem[X,0x80032842] -> 0x0016
[4922] [M]: 0x80032840 (0x00160613) addi a2, a2, 1
x12 <- 0x00000001


mem[X,0x80032844] -> 0x006F
mem[X,0x80032846] -> 0x0180
[4923] [M]: 0x80032844 (0x0180006F) jal zero, 24


mem[X,0x8003285C] -> 0x2823
mem[X,0x8003285E] -> 0x7CC2
[4924] [M]: 0x8003285C (0x7CC22823) sw a2, 2000(tp)
mem[0x8003B938] <- 0x00000001


mem[X,0x80032860] -> 0x6537
mem[X,0x80032862] -> 0x6666
[4925] [M]: 0x80032860 (0x66666537) lui a0, 419430
x10 <- 0x66666000


mem[X,0x80032864] -> 0x0513
mem[X,0x80032866] -> 0x6655
[4926] [M]: 0x80032864 (0x66550513) addi a0, a0, 1637
x10 <- 0x66666665


mem[X,0x80032868] -> 0x35B7
mem[X,0x8003286A] -> 0x3333
[4927] [M]: 0x80032868 (0x333335B7) lui a1, 209715
x11 <- 0x33333000


mem[X,0x8003286C] -> 0x8593
mem[X,0x8003286E] -> 0x3345
[4928] [M]: 0x8003286C (0x33458593) addi a1, a1, 820
x11 <- 0x33333334


mem[X,0x80032870] -> 0x0613
mem[X,0x80032872] -> 0x0000
[4929] [M]: 0x80032870 (0x00000613) addi a2, zero, 0
x12 <- 0x00000000


mem[X,0x80032874] -> 0x006F
mem[X,0x80032876] -> 0x00C0
[4930] [M]: 0x80032874 (0x00C0006F) jal zero, 12


mem[X,0x80032880] -> 0x5663
mem[X,0x80032882] -> 0x00B5
[4931] [M]: 0x80032880 (0x00B55663) bge a0, a1, 12


mem[X,0x8003288C] -> 0x0613
mem[X,0x8003288E] -> 0x0036
[4932] [M]: 0x8003288C (0x00360613) addi a2, a2, 3
x12 <- 0x00000003


mem[X,0x80032890] -> 0x006F
mem[X,0x80032892] -> 0x0040
[4933] [M]: 0x80032890 (0x0040006F) jal zero, 4


mem[X,0x80032894] -> 0x2A23
mem[X,0x80032896] -> 0x7CC2
[4934] [M]: 0x80032894 (0x7CC22A23) sw a2, 2004(tp)
mem[0x8003B93C] <- 0x00000003


mem[X,0x80032898] -> 0x6537
mem[X,0x8003289A] -> 0x6666
[4935] [M]: 0x80032898 (0x66666537) lui a0, 419430
x10 <- 0x66666000


mem[X,0x8003289C] -> 0x0513
mem[X,0x8003289E] -> 0x6655
[4936] [M]: 0x8003289C (0x66550513) addi a0, a0, 1637
x10 <- 0x66666665


mem[X,0x800328A0] -> 0x65B7
mem[X,0x800328A2] -> 0x6666
[4937] [M]: 0x800328A0 (0x666665B7) lui a1, 419430
x11 <- 0x66666000


mem[X,0x800328A4] -> 0x8593
mem[X,0x800328A6] -> 0x6675
[4938] [M]: 0x800328A4 (0x66758593) addi a1, a1, 1639
x11 <- 0x66666667


mem[X,0x800328A8] -> 0x0613
mem[X,0x800328AA] -> 0x0000
[4939] [M]: 0x800328A8 (0x00000613) addi a2, zero, 0
x12 <- 0x00000000


mem[X,0x800328AC] -> 0x006F
mem[X,0x800328AE] -> 0x00C0
[4940] [M]: 0x800328AC (0x00C0006F) jal zero, 12


mem[X,0x800328B8] -> 0x5663
mem[X,0x800328BA] -> 0x00B5
[4941] [M]: 0x800328B8 (0x00B55663) bge a0, a1, 12


mem[X,0x800328BC] -> 0x0613
mem[X,0x800328BE] -> 0x0026
[4942] [M]: 0x800328BC (0x00260613) addi a2, a2, 2
x12 <- 0x00000002


mem[X,0x800328C0] -> 0x006F
mem[X,0x800328C2] -> 0x00C0
[4943] [M]: 0x800328C0 (0x00C0006F) jal zero, 12


mem[X,0x800328CC] -> 0x2C23
mem[X,0x800328CE] -> 0x7CC2
[4944] [M]: 0x800328CC (0x7CC22C23) sw a2, 2008(tp)
mem[0x8003B940] <- 0x00000002


mem[X,0x800328D0] -> 0x6537
mem[X,0x800328D2] -> 0x6666
[4945] [M]: 0x800328D0 (0x66666537) lui a0, 419430
x10 <- 0x66666000


mem[X,0x800328D4] -> 0x0513
mem[X,0x800328D6] -> 0x6655
[4946] [M]: 0x800328D4 (0x66550513) addi a0, a0, 1637
x10 <- 0x66666665


mem[X,0x800328D8] -> 0x55B7
mem[X,0x800328DA] -> 0xFFFF
[4947] [M]: 0x800328D8 (0xFFFF55B7) lui a1, 1048565
x11 <- 0xFFFF5000


mem[X,0x800328DC] -> 0x8593
mem[X,0x800328DE] -> 0xAFD5
[4948] [M]: 0x800328DC (0xAFD58593) addi a1, a1, 2813
x11 <- 0xFFFF4AFD


mem[X,0x800328E0] -> 0x0613
mem[X,0x800328E2] -> 0x0000
[4949] [M]: 0x800328E0 (0x00000613) addi a2, zero, 0
x12 <- 0x00000000


mem[X,0x800328E4] -> 0x006F
mem[X,0x800328E6] -> 0x00C0
[4950] [M]: 0x800328E4 (0x00C0006F) jal zero, 12


mem[X,0x800328F0] -> 0x5663
mem[X,0x800328F2] -> 0x00B5
[4951] [M]: 0x800328F0 (0x00B55663) bge a0, a1, 12


mem[X,0x800328FC] -> 0x0613
mem[X,0x800328FE] -> 0x0036
[4952] [M]: 0x800328FC (0x00360613) addi a2, a2, 3
x12 <- 0x00000003


mem[X,0x80032900] -> 0x006F
mem[X,0x80032902] -> 0x0040
[4953] [M]: 0x80032900 (0x0040006F) jal zero, 4


mem[X,0x80032904] -> 0x2E23
mem[X,0x80032906] -> 0x7CC2
[4954] [M]: 0x80032904 (0x7CC22E23) sw a2, 2012(tp)
mem[0x8003B944] <- 0x00000003


mem[X,0x80032908] -> 0x6537
mem[X,0x8003290A] -> 0x6666
[4955] [M]: 0x80032908 (0x66666537) lui a0, 419430
x10 <- 0x66666000


mem[X,0x8003290C] -> 0x0513
mem[X,0x8003290E] -> 0x6655
[4956] [M]: 0x8003290C (0x66550513) addi a0, a0, 1637
x10 <- 0x66666665


mem[X,0x80032910] -> 0xB5B7
mem[X,0x80032912] -> 0x0000
[4957] [M]: 0x80032910 (0x0000B5B7) lui a1, 11
x11 <- 0x0000B000


mem[X,0x80032914] -> 0x8593
mem[X,0x80032916] -> 0x5055
[4958] [M]: 0x80032914 (0x50558593) addi a1, a1, 1285
x11 <- 0x0000B505


mem[X,0x80032918] -> 0x0613
mem[X,0x8003291A] -> 0x0000
[4959] [M]: 0x80032918 (0x00000613) addi a2, zero, 0
x12 <- 0x00000000


mem[X,0x8003291C] -> 0x006F
mem[X,0x8003291E] -> 0x00C0
[4960] [M]: 0x8003291C (0x00C0006F) jal zero, 12


mem[X,0x80032928] -> 0x5CE3
mem[X,0x8003292A] -> 0xFEB5
[4961] [M]: 0x80032928 (0xFEB55CE3) bge a0, a1, 8184


mem[X,0x80032920] -> 0x0613
mem[X,0x80032922] -> 0x0016
[4962] [M]: 0x80032920 (0x00160613) addi a2, a2, 1
x12 <- 0x00000001


mem[X,0x80032924] -> 0x006F
mem[X,0x80032926] -> 0x0180
[4963] [M]: 0x80032924 (0x0180006F) jal zero, 24


mem[X,0x8003293C] -> 0x2023
mem[X,0x8003293E] -> 0x7EC2
[4964] [M]: 0x8003293C (0x7EC22023) sw a2, 2016(tp)
mem[0x8003B948] <- 0x00000001


mem[X,0x80032940] -> 0xB537
mem[X,0x80032942] -> 0x0000
[4965] [M]: 0x80032940 (0x0000B537) lui a0, 11
x10 <- 0x0000B000


mem[X,0x80032944] -> 0x0513
mem[X,0x80032946] -> 0x5035
[4966] [M]: 0x80032944 (0x50350513) addi a0, a0, 1283
x10 <- 0x0000B503


mem[X,0x80032948] -> 0x0593
mem[X,0x8003294A] -> 0x0030
[4967] [M]: 0x80032948 (0x00300593) addi a1, zero, 3
x11 <- 0x00000003


mem[X,0x8003294C] -> 0x0613
mem[X,0x8003294E] -> 0x0000
[4968] [M]: 0x8003294C (0x00000613) addi a2, zero, 0
x12 <- 0x00000000


mem[X,0x80032950] -> 0x006F
mem[X,0x80032952] -> 0x0100
[4969] [M]: 0x80032950 (0x0100006F) jal zero, 16


mem[X,0x80032960] -> 0x5AE3
mem[X,0x80032962] -> 0xFEB5
[4970] [M]: 0x80032960 (0xFEB55AE3) bge a0, a1, 8180


mem[X,0x80032954] -> 0x0613
mem[X,0x80032956] -> 0x0016
[4971] [M]: 0x80032954 (0x00160613) addi a2, a2, 1
x12 <- 0x00000001


mem[X,0x80032958] -> 0x006F
mem[X,0x8003295A] -> 0x01C0
[4972] [M]: 0x80032958 (0x01C0006F) jal zero, 28


mem[X,0x80032974] -> 0x2223
mem[X,0x80032976] -> 0x7EC2
[4973] [M]: 0x80032974 (0x7EC22223) sw a2, 2020(tp)
mem[0x8003B94C] <- 0x00000001


mem[X,0x80032978] -> 0xB537
mem[X,0x8003297A] -> 0x0000
[4974] [M]: 0x80032978 (0x0000B537) lui a0, 11
x10 <- 0x0000B000


mem[X,0x8003297C] -> 0x0513
mem[X,0x8003297E] -> 0x5035
[4975] [M]: 0x8003297C (0x50350513) addi a0, a0, 1283
x10 <- 0x0000B503


mem[X,0x80032980] -> 0x55B7
mem[X,0x80032982] -> 0x5555
[4976] [M]: 0x80032980 (0x555555B7) lui a1, 349525
x11 <- 0x55555000


mem[X,0x80032984] -> 0x8593
mem[X,0x80032986] -> 0x5555
[4977] [M]: 0x80032984 (0x55558593) addi a1, a1, 1365
x11 <- 0x55555555


mem[X,0x80032988] -> 0x0613
mem[X,0x8003298A] -> 0x0000
[4978] [M]: 0x80032988 (0x00000613) addi a2, zero, 0
x12 <- 0x00000000


mem[X,0x8003298C] -> 0x006F
mem[X,0x8003298E] -> 0x00C0
[4979] [M]: 0x8003298C (0x00C0006F) jal zero, 12


mem[X,0x80032998] -> 0x5CE3
mem[X,0x8003299A] -> 0xFEB5
[4980] [M]: 0x80032998 (0xFEB55CE3) bge a0, a1, 8184


mem[X,0x8003299C] -> 0x0613
mem[X,0x8003299E] -> 0x0026
[4981] [M]: 0x8003299C (0x00260613) addi a2, a2, 2
x12 <- 0x00000002


mem[X,0x800329A0] -> 0x006F
mem[X,0x800329A2] -> 0x00C0
[4982] [M]: 0x800329A0 (0x00C0006F) jal zero, 12


mem[X,0x800329AC] -> 0x2423
mem[X,0x800329AE] -> 0x7EC2
[4983] [M]: 0x800329AC (0x7EC22423) sw a2, 2024(tp)
mem[0x8003B950] <- 0x00000002


mem[X,0x800329B0] -> 0xB537
mem[X,0x800329B2] -> 0x0000
[4984] [M]: 0x800329B0 (0x0000B537) lui a0, 11
x10 <- 0x0000B000


mem[X,0x800329B4] -> 0x0513
mem[X,0x800329B6] -> 0x5035
[4985] [M]: 0x800329B4 (0x50350513) addi a0, a0, 1283
x10 <- 0x0000B503


mem[X,0x800329B8] -> 0xB5B7
mem[X,0x800329BA] -> 0xAAAA
[4986] [M]: 0x800329B8 (0xAAAAB5B7) lui a1, 699051
x11 <- 0xAAAAB000


mem[X,0x800329BC] -> 0x8593
mem[X,0x800329BE] -> 0xAAA5
[4987] [M]: 0x800329BC (0xAAA58593) addi a1, a1, 2730
x11 <- 0xAAAAAAAA


mem[X,0x800329C0] -> 0x0613
mem[X,0x800329C2] -> 0x0000
[4988] [M]: 0x800329C0 (0x00000613) addi a2, zero, 0
x12 <- 0x00000000


mem[X,0x800329C4] -> 0x006F
mem[X,0x800329C6] -> 0x00C0
[4989] [M]: 0x800329C4 (0x00C0006F) jal zero, 12


mem[X,0x800329D0] -> 0x5663
mem[X,0x800329D2] -> 0x00B5
[4990] [M]: 0x800329D0 (0x00B55663) bge a0, a1, 12


mem[X,0x800329DC] -> 0x0613
mem[X,0x800329DE] -> 0x0036
[4991] [M]: 0x800329DC (0x00360613) addi a2, a2, 3
x12 <- 0x00000003


mem[X,0x800329E0] -> 0x006F
mem[X,0x800329E2] -> 0x0040
[4992] [M]: 0x800329E0 (0x0040006F) jal zero, 4


mem[X,0x800329E4] -> 0x2623
mem[X,0x800329E6] -> 0x7EC2
[4993] [M]: 0x800329E4 (0x7EC22623) sw a2, 2028(tp)
mem[0x8003B954] <- 0x00000003


mem[X,0x800329E8] -> 0xB537
mem[X,0x800329EA] -> 0x0000
[4994] [M]: 0x800329E8 (0x0000B537) lui a0, 11
x10 <- 0x0000B000


mem[X,0x800329EC] -> 0x0513
mem[X,0x800329EE] -> 0x5035
[4995] [M]: 0x800329EC (0x50350513) addi a0, a0, 1283
x10 <- 0x0000B503


mem[X,0x800329F0] -> 0x0593
mem[X,0x800329F2] -> 0x0050
[4996] [M]: 0x800329F0 (0x00500593) addi a1, zero, 5
x11 <- 0x00000005


mem[X,0x800329F4] -> 0x0613
mem[X,0x800329F6] -> 0x0000
[4997] [M]: 0x800329F4 (0x00000613) addi a2, zero, 0
x12 <- 0x00000000


mem[X,0x800329F8] -> 0x006F
mem[X,0x800329FA] -> 0x00C0
[4998] [M]: 0x800329F8 (0x00C0006F) jal zero, 12


mem[X,0x80032A04] -> 0x5863
mem[X,0x80032A06] -> 0x00B5
[4999] [M]: 0x80032A04 (0x00B55863) bge a0, a1, 16


clint::tick mtime <- 0x0000000000000032
 clint timer pending at mtime 0x0000000000000032
htif::tick 0x0000000000000000
mem[X,0x80032A14] -> 0x0613
mem[X,0x80032A16] -> 0x0036
[5000] [M]: 0x80032A14 (0x00360613) addi a2, a2, 3
x12 <- 0x00000003


mem[X,0x80032A18] -> 0x006F
mem[X,0x80032A1A] -> 0x0040
[5001] [M]: 0x80032A18 (0x0040006F) jal zero, 4


mem[X,0x80032A1C] -> 0x2823
mem[X,0x80032A1E] -> 0x7EC2
[5002] [M]: 0x80032A1C (0x7EC22823) sw a2, 2032(tp)
mem[0x8003B958] <- 0x00000003


mem[X,0x80032A20] -> 0xB537
mem[X,0x80032A22] -> 0x0000
[5003] [M]: 0x80032A20 (0x0000B537) lui a0, 11
x10 <- 0x0000B000


mem[X,0x80032A24] -> 0x0513
mem[X,0x80032A26] -> 0x5035
[5004] [M]: 0x80032A24 (0x50350513) addi a0, a0, 1283
x10 <- 0x0000B503


mem[X,0x80032A28] -> 0x35B7
mem[X,0x80032A2A] -> 0x3333
[5005] [M]: 0x80032A28 (0x333335B7) lui a1, 209715
x11 <- 0x33333000


mem[X,0x80032A2C] -> 0x8593
mem[X,0x80032A2E] -> 0x3335
[5006] [M]: 0x80032A2C (0x33358593) addi a1, a1, 819
x11 <- 0x33333333


mem[X,0x80032A30] -> 0x0613
mem[X,0x80032A32] -> 0x0000
[5007] [M]: 0x80032A30 (0x00000613) addi a2, zero, 0
x12 <- 0x00000000


mem[X,0x80032A34] -> 0x006F
mem[X,0x80032A36] -> 0x00C0
[5008] [M]: 0x80032A34 (0x00C0006F) jal zero, 12


mem[X,0x80032A40] -> 0x5063
mem[X,0x80032A42] -> 0x04B5
[5009] [M]: 0x80032A40 (0x04B55063) bge a0, a1, 64


mem[X,0x80032A44] -> 0x0613
mem[X,0x80032A46] -> 0x0026
[5010] [M]: 0x80032A44 (0x00260613) addi a2, a2, 2
x12 <- 0x00000002


mem[X,0x80032A48] -> 0x006F
mem[X,0x80032A4A] -> 0x0400
[5011] [M]: 0x80032A48 (0x0400006F) jal zero, 64


mem[X,0x80032A88] -> 0x2A23
mem[X,0x80032A8A] -> 0x7EC2
[5012] [M]: 0x80032A88 (0x7EC22A23) sw a2, 2036(tp)
mem[0x8003B95C] <- 0x00000002


mem[X,0x80032A8C] -> 0xB537
mem[X,0x80032A8E] -> 0x0000
[5013] [M]: 0x80032A8C (0x0000B537) lui a0, 11
x10 <- 0x0000B000


mem[X,0x80032A90] -> 0x0513
mem[X,0x80032A92] -> 0x5035
[5014] [M]: 0x80032A90 (0x50350513) addi a0, a0, 1283
x10 <- 0x0000B503


mem[X,0x80032A94] -> 0x65B7
mem[X,0x80032A96] -> 0x6666
[5015] [M]: 0x80032A94 (0x666665B7) lui a1, 419430
x11 <- 0x66666000


mem[X,0x80032A98] -> 0x8593
mem[X,0x80032A9A] -> 0x6665
[5016] [M]: 0x80032A98 (0x66658593) addi a1, a1, 1638
x11 <- 0x66666666


mem[X,0x80032A9C] -> 0x0613
mem[X,0x80032A9E] -> 0x0000
[5017] [M]: 0x80032A9C (0x00000613) addi a2, zero, 0
x12 <- 0x00000000


mem[X,0x80032AA0] -> 0x006F
mem[X,0x80032AA2] -> 0x00C0
[5018] [M]: 0x80032AA0 (0x00C0006F) jal zero, 12


mem[X,0x80032AAC] -> 0x5063
mem[X,0x80032AAE] -> 0x04B5
[5019] [M]: 0x80032AAC (0x04B55063) bge a0, a1, 64


mem[X,0x80032AB0] -> 0x0613
mem[X,0x80032AB2] -> 0x0026
[5020] [M]: 0x80032AB0 (0x00260613) addi a2, a2, 2
x12 <- 0x00000002


mem[X,0x80032AB4] -> 0x006F
mem[X,0x80032AB6] -> 0x0400
[5021] [M]: 0x80032AB4 (0x0400006F) jal zero, 64


mem[X,0x80032AF4] -> 0x2C23
mem[X,0x80032AF6] -> 0x7EC2
[5022] [M]: 0x80032AF4 (0x7EC22C23) sw a2, 2040(tp)
mem[0x8003B960] <- 0x00000002


mem[X,0x80032AF8] -> 0xB537
mem[X,0x80032AFA] -> 0x0000
[5023] [M]: 0x80032AF8 (0x0000B537) lui a0, 11
x10 <- 0x0000B000


mem[X,0x80032AFC] -> 0x0513
mem[X,0x80032AFE] -> 0x5035
[5024] [M]: 0x80032AFC (0x50350513) addi a0, a0, 1283
x10 <- 0x0000B503


mem[X,0x80032B00] -> 0x55B7
mem[X,0x80032B02] -> 0xFFFF
[5025] [M]: 0x80032B00 (0xFFFF55B7) lui a1, 1048565
x11 <- 0xFFFF5000


mem[X,0x80032B04] -> 0x8593
mem[X,0x80032B06] -> 0xAFC5
[5026] [M]: 0x80032B04 (0xAFC58593) addi a1, a1, 2812
x11 <- 0xFFFF4AFC


mem[X,0x80032B08] -> 0x0613
mem[X,0x80032B0A] -> 0x0000
[5027] [M]: 0x80032B08 (0x00000613) addi a2, zero, 0
x12 <- 0x00000000


mem[X,0x80032B0C] -> 0x006F
mem[X,0x80032B0E] -> 0x00C0
[5028] [M]: 0x80032B0C (0x00C0006F) jal zero, 12


mem[X,0x80032B18] -> 0x5063
mem[X,0x80032B1A] -> 0x10B5
[5029] [M]: 0x80032B18 (0x10B55063) bge a0, a1, 256


mem[X,0x80032C18] -> 0x0613
mem[X,0x80032C1A] -> 0x0036
[5030] [M]: 0x80032C18 (0x00360613) addi a2, a2, 3
x12 <- 0x00000003


mem[X,0x80032C1C] -> 0x006F
mem[X,0x80032C1E] -> 0x0040
[5031] [M]: 0x80032C1C (0x0040006F) jal zero, 4


mem[X,0x80032C20] -> 0x2E23
mem[X,0x80032C22] -> 0x7EC2
[5032] [M]: 0x80032C20 (0x7EC22E23) sw a2, 2044(tp)
mem[0x8003B964] <- 0x00000003


mem[X,0x80032C24] -> 0x0013
mem[X,0x80032C26] -> 0x0000
[5033] [M]: 0x80032C24 (0x00000013) addi zero, zero, 0


mem[X,0x80032C28] -> 0x0013
mem[X,0x80032C2A] -> 0x0000
[5034] [M]: 0x80032C28 (0x00000013) addi zero, zero, 0


mem[X,0x80032C2C] -> 0x0013
mem[X,0x80032C2E] -> 0x0000
[5035] [M]: 0x80032C2C (0x00000013) addi zero, zero, 0


mem[X,0x80032C30] -> 0x0013
mem[X,0x80032C32] -> 0x0000
[5036] [M]: 0x80032C30 (0x00000013) addi zero, zero, 0


mem[X,0x80032C34] -> 0x0013
mem[X,0x80032C36] -> 0x0000
[5037] [M]: 0x80032C34 (0x00000013) addi zero, zero, 0


mem[X,0x80032C38] -> 0x0013
mem[X,0x80032C3A] -> 0x0000
[5038] [M]: 0x80032C38 (0x00000013) addi zero, zero, 0


mem[X,0x80032C3C] -> 0x0013
mem[X,0x80032C3E] -> 0x0000
[5039] [M]: 0x80032C3C (0x00000013) addi zero, zero, 0


mem[X,0x80032C40] -> 0x9217
mem[X,0x80032C42] -> 0x0000
[5040] [M]: 0x80032C40 (0x00009217) auipc tp, 9
x4 <- 0x8003BC40


mem[X,0x80032C44] -> 0x0213
mem[X,0x80032C46] -> 0xD282
[5041] [M]: 0x80032C44 (0xD2820213) addi tp, tp, 3368
x4 <- 0x8003B968


mem[X,0x80032C48] -> 0x0013
mem[X,0x80032C4A] -> 0x0000
[5042] [M]: 0x80032C48 (0x00000013) addi zero, zero, 0


mem[X,0x80032C4C] -> 0x0013
mem[X,0x80032C4E] -> 0x0000
[5043] [M]: 0x80032C4C (0x00000013) addi zero, zero, 0


mem[X,0x80032C50] -> 0x0013
mem[X,0x80032C52] -> 0x0000
[5044] [M]: 0x80032C50 (0x00000013) addi zero, zero, 0


mem[X,0x80032C54] -> 0x0013
mem[X,0x80032C56] -> 0x0000
[5045] [M]: 0x80032C54 (0x00000013) addi zero, zero, 0


mem[X,0x80032C58] -> 0x0013
mem[X,0x80032C5A] -> 0x0000
[5046] [M]: 0x80032C58 (0x00000013) addi zero, zero, 0


mem[X,0x80032C5C] -> 0x0013
mem[X,0x80032C5E] -> 0x0000
[5047] [M]: 0x80032C5C (0x00000013) addi zero, zero, 0


mem[X,0x80032C60] -> 0xB537
mem[X,0x80032C62] -> 0x0000
[5048] [M]: 0x80032C60 (0x0000B537) lui a0, 11
x10 <- 0x0000B000


mem[X,0x80032C64] -> 0x0513
mem[X,0x80032C66] -> 0x5035
[5049] [M]: 0x80032C64 (0x50350513) addi a0, a0, 1283
x10 <- 0x0000B503


mem[X,0x80032C68] -> 0xB5B7
mem[X,0x80032C6A] -> 0x0000
[5050] [M]: 0x80032C68 (0x0000B5B7) lui a1, 11
x11 <- 0x0000B000


mem[X,0x80032C6C] -> 0x8593
mem[X,0x80032C6E] -> 0x5045
[5051] [M]: 0x80032C6C (0x50458593) addi a1, a1, 1284
x11 <- 0x0000B504


mem[X,0x80032C70] -> 0x0613
mem[X,0x80032C72] -> 0x0000
[5052] [M]: 0x80032C70 (0x00000613) addi a2, zero, 0
x12 <- 0x00000000


mem[X,0x80032C74] -> 0x006F
mem[X,0x80032C76] -> 0x00C0
[5053] [M]: 0x80032C74 (0x00C0006F) jal zero, 12


mem[X,0x80032C80] -> 0x5063
mem[X,0x80032C82] -> 0x04B5
[5054] [M]: 0x80032C80 (0x04B55063) bge a0, a1, 64


mem[X,0x80032C84] -> 0x0613
mem[X,0x80032C86] -> 0x0026
[5055] [M]: 0x80032C84 (0x00260613) addi a2, a2, 2
x12 <- 0x00000002


mem[X,0x80032C88] -> 0x006F
mem[X,0x80032C8A] -> 0x0400
[5056] [M]: 0x80032C88 (0x0400006F) jal zero, 64


mem[X,0x80032CC8] -> 0x2023
mem[X,0x80032CCA] -> 0x00C2
[5057] [M]: 0x80032CC8 (0x00C22023) sw a2, 0(tp)
mem[0x8003B968] <- 0x00000002


mem[X,0x80032CCC] -> 0xB537
mem[X,0x80032CCE] -> 0x0000
[5058] [M]: 0x80032CCC (0x0000B537) lui a0, 11
x10 <- 0x0000B000


mem[X,0x80032CD0] -> 0x0513
mem[X,0x80032CD2] -> 0x5035
[5059] [M]: 0x80032CD0 (0x50350513) addi a0, a0, 1283
x10 <- 0x0000B503


mem[X,0x80032CD4] -> 0x0593
mem[X,0x80032CD6] -> 0x0020
[5060] [M]: 0x80032CD4 (0x00200593) addi a1, zero, 2
x11 <- 0x00000002


mem[X,0x80032CD8] -> 0x0613
mem[X,0x80032CDA] -> 0x0000
[5061] [M]: 0x80032CD8 (0x00000613) addi a2, zero, 0
x12 <- 0x00000000


mem[X,0x80032CDC] -> 0x006F
mem[X,0x80032CDE] -> 0x00C0
[5062] [M]: 0x80032CDC (0x00C0006F) jal zero, 12


mem[X,0x80032CE8] -> 0x5CE3
mem[X,0x80032CEA] -> 0xFEB5
[5063] [M]: 0x80032CE8 (0xFEB55CE3) bge a0, a1, 8184


mem[X,0x80032CE0] -> 0x0613
mem[X,0x80032CE2] -> 0x0016
[5064] [M]: 0x80032CE0 (0x00160613) addi a2, a2, 1
x12 <- 0x00000001


mem[X,0x80032CE4] -> 0x006F
mem[X,0x80032CE6] -> 0x0180
[5065] [M]: 0x80032CE4 (0x0180006F) jal zero, 24


mem[X,0x80032CFC] -> 0x2223
mem[X,0x80032CFE] -> 0x00C2
[5066] [M]: 0x80032CFC (0x00C22223) sw a2, 4(tp)
mem[0x8003B96C] <- 0x00000001


mem[X,0x80032D00] -> 0xB537
mem[X,0x80032D02] -> 0x0000
[5067] [M]: 0x80032D00 (0x0000B537) lui a0, 11
x10 <- 0x0000B000


mem[X,0x80032D04] -> 0x0513
mem[X,0x80032D06] -> 0x5035
[5068] [M]: 0x80032D04 (0x50350513) addi a0, a0, 1283
x10 <- 0x0000B503


mem[X,0x80032D08] -> 0x55B7
mem[X,0x80032D0A] -> 0x5555
[5069] [M]: 0x80032D08 (0x555555B7) lui a1, 349525
x11 <- 0x55555000


mem[X,0x80032D0C] -> 0x8593
mem[X,0x80032D0E] -> 0x5545
[5070] [M]: 0x80032D0C (0x55458593) addi a1, a1, 1364
x11 <- 0x55555554


mem[X,0x80032D10] -> 0x0613
mem[X,0x80032D12] -> 0x0000
[5071] [M]: 0x80032D10 (0x00000613) addi a2, zero, 0
x12 <- 0x00000000


mem[X,0x80032D14] -> 0x006F
mem[X,0x80032D16] -> 0x00C0
[5072] [M]: 0x80032D14 (0x00C0006F) jal zero, 12


mem[X,0x80032D20] -> 0x5CE3
mem[X,0x80032D22] -> 0xFEB5
[5073] [M]: 0x80032D20 (0xFEB55CE3) bge a0, a1, 8184


mem[X,0x80032D24] -> 0x0613
mem[X,0x80032D26] -> 0x0026
[5074] [M]: 0x80032D24 (0x00260613) addi a2, a2, 2
x12 <- 0x00000002


mem[X,0x80032D28] -> 0x006F
mem[X,0x80032D2A] -> 0x00C0
[5075] [M]: 0x80032D28 (0x00C0006F) jal zero, 12


mem[X,0x80032D34] -> 0x2423
mem[X,0x80032D36] -> 0x00C2
[5076] [M]: 0x80032D34 (0x00C22423) sw a2, 8(tp)
mem[0x8003B970] <- 0x00000002


mem[X,0x80032D38] -> 0xB537
mem[X,0x80032D3A] -> 0x0000
[5077] [M]: 0x80032D38 (0x0000B537) lui a0, 11
x10 <- 0x0000B000


mem[X,0x80032D3C] -> 0x0513
mem[X,0x80032D3E] -> 0x5035
[5078] [M]: 0x80032D3C (0x50350513) addi a0, a0, 1283
x10 <- 0x0000B503


mem[X,0x80032D40] -> 0x0593
mem[X,0x80032D42] -> 0x0000
[5079] [M]: 0x80032D40 (0x00000593) addi a1, zero, 0
x11 <- 0x00000000


mem[X,0x80032D44] -> 0x0613
mem[X,0x80032D46] -> 0x0000
[5080] [M]: 0x80032D44 (0x00000613) addi a2, zero, 0
x12 <- 0x00000000


mem[X,0x80032D48] -> 0x006F
mem[X,0x80032D4A] -> 0x00C0
[5081] [M]: 0x80032D48 (0x00C0006F) jal zero, 12


mem[X,0x80032D54] -> 0x5063
mem[X,0x80032D56] -> 0x40B5
[5082] [M]: 0x80032D54 (0x40B55063) bge a0, a1, 1024


mem[X,0x80033154] -> 0x0613
mem[X,0x80033156] -> 0x0036
[5083] [M]: 0x80033154 (0x00360613) addi a2, a2, 3
x12 <- 0x00000003


mem[X,0x80033158] -> 0x006F
mem[X,0x8003315A] -> 0x0040
[5084] [M]: 0x80033158 (0x0040006F) jal zero, 4


mem[X,0x8003315C] -> 0x2623
mem[X,0x8003315E] -> 0x00C2
[5085] [M]: 0x8003315C (0x00C22623) sw a2, 12(tp)
mem[0x8003B974] <- 0x00000003


mem[X,0x80033160] -> 0xB537
mem[X,0x80033162] -> 0x0000
[5086] [M]: 0x80033160 (0x0000B537) lui a0, 11
x10 <- 0x0000B000


mem[X,0x80033164] -> 0x0513
mem[X,0x80033166] -> 0x5035
[5087] [M]: 0x80033164 (0x50350513) addi a0, a0, 1283
x10 <- 0x0000B503


mem[X,0x80033168] -> 0x0593
mem[X,0x8003316A] -> 0x0040
[5088] [M]: 0x80033168 (0x00400593) addi a1, zero, 4
x11 <- 0x00000004


mem[X,0x8003316C] -> 0x0613
mem[X,0x8003316E] -> 0x0000
[5089] [M]: 0x8003316C (0x00000613) addi a2, zero, 0
x12 <- 0x00000000


mem[X,0x80033170] -> 0x006F
mem[X,0x80033172] -> 0x00C0
[5090] [M]: 0x80033170 (0x00C0006F) jal zero, 12


mem[X,0x8003317C] -> 0x5CE3
mem[X,0x8003317E] -> 0xFEB5
[5091] [M]: 0x8003317C (0xFEB55CE3) bge a0, a1, 8184


mem[X,0x80033174] -> 0x0613
mem[X,0x80033176] -> 0x0016
[5092] [M]: 0x80033174 (0x00160613) addi a2, a2, 1
x12 <- 0x00000001


mem[X,0x80033178] -> 0x006F
mem[X,0x8003317A] -> 0x0180
[5093] [M]: 0x80033178 (0x0180006F) jal zero, 24


mem[X,0x80033190] -> 0x2823
mem[X,0x80033192] -> 0x00C2
[5094] [M]: 0x80033190 (0x00C22823) sw a2, 16(tp)
mem[0x8003B978] <- 0x00000001


mem[X,0x80033194] -> 0xB537
mem[X,0x80033196] -> 0x0000
[5095] [M]: 0x80033194 (0x0000B537) lui a0, 11
x10 <- 0x0000B000


mem[X,0x80033198] -> 0x0513
mem[X,0x8003319A] -> 0x5035
[5096] [M]: 0x80033198 (0x50350513) addi a0, a0, 1283
x10 <- 0x0000B503


mem[X,0x8003319C] -> 0x35B7
mem[X,0x8003319E] -> 0x3333
[5097] [M]: 0x8003319C (0x333335B7) lui a1, 209715
x11 <- 0x33333000


mem[X,0x800331A0] -> 0x8593
mem[X,0x800331A2] -> 0x3325
[5098] [M]: 0x800331A0 (0x33258593) addi a1, a1, 818
x11 <- 0x33333332


mem[X,0x800331A4] -> 0x0613
mem[X,0x800331A6] -> 0x0000
[5099] [M]: 0x800331A4 (0x00000613) addi a2, zero, 0
x12 <- 0x00000000


clint::tick mtime <- 0x0000000000000033
 clint timer pending at mtime 0x0000000000000033
htif::tick 0x0000000000000000
mem[X,0x800331A8] -> 0x006F
mem[X,0x800331AA] -> 0x00C0
[5100] [M]: 0x800331A8 (0x00C0006F) jal zero, 12


mem[X,0x800331B4] -> 0x5063
mem[X,0x800331B6] -> 0x40B5
[5101] [M]: 0x800331B4 (0x40B55063) bge a0, a1, 1024


mem[X,0x800331B8] -> 0x0613
mem[X,0x800331BA] -> 0x0026
[5102] [M]: 0x800331B8 (0x00260613) addi a2, a2, 2
x12 <- 0x00000002


mem[X,0x800331BC] -> 0x006F
mem[X,0x800331BE] -> 0x4000
[5103] [M]: 0x800331BC (0x4000006F) jal zero, 1024


mem[X,0x800335BC] -> 0x2A23
mem[X,0x800335BE] -> 0x00C2
[5104] [M]: 0x800335BC (0x00C22A23) sw a2, 20(tp)
mem[0x8003B97C] <- 0x00000002


mem[X,0x800335C0] -> 0xB537
mem[X,0x800335C2] -> 0x0000
[5105] [M]: 0x800335C0 (0x0000B537) lui a0, 11
x10 <- 0x0000B000


mem[X,0x800335C4] -> 0x0513
mem[X,0x800335C6] -> 0x5035
[5106] [M]: 0x800335C4 (0x50350513) addi a0, a0, 1283
x10 <- 0x0000B503


mem[X,0x800335C8] -> 0x65B7
mem[X,0x800335CA] -> 0x6666
[5107] [M]: 0x800335C8 (0x666665B7) lui a1, 419430
x11 <- 0x66666000


mem[X,0x800335CC] -> 0x8593
mem[X,0x800335CE] -> 0x6655
[5108] [M]: 0x800335CC (0x66558593) addi a1, a1, 1637
x11 <- 0x66666665


mem[X,0x800335D0] -> 0x0613
mem[X,0x800335D2] -> 0x0000
[5109] [M]: 0x800335D0 (0x00000613) addi a2, zero, 0
x12 <- 0x00000000


mem[X,0x800335D4] -> 0x006F
mem[X,0x800335D6] -> 0x0050
[5110] [M]: 0x800335D4 (0x0050006F) jal zero, 2052


mem[X,0x80033DD8] -> 0x50E3
mem[X,0x80033DDA] -> 0x80B5
[5111] [M]: 0x80033DD8 (0x80B550E3) bge a0, a1, 6144


mem[X,0x80033DDC] -> 0x0613
mem[X,0x80033DDE] -> 0x0026
[5112] [M]: 0x80033DDC (0x00260613) addi a2, a2, 2
x12 <- 0x00000002


mem[X,0x80033DE0] -> 0x006F
mem[X,0x80033DE2] -> 0x00C0
[5113] [M]: 0x80033DE0 (0x00C0006F) jal zero, 12


mem[X,0x80033DEC] -> 0x2C23
mem[X,0x80033DEE] -> 0x00C2
[5114] [M]: 0x80033DEC (0x00C22C23) sw a2, 24(tp)
mem[0x8003B980] <- 0x00000002


mem[X,0x80033DF0] -> 0xB537
mem[X,0x80033DF2] -> 0x0000
[5115] [M]: 0x80033DF0 (0x0000B537) lui a0, 11
x10 <- 0x0000B000


mem[X,0x80033DF4] -> 0x0513
mem[X,0x80033DF6] -> 0x5035
[5116] [M]: 0x80033DF4 (0x50350513) addi a0, a0, 1283
x10 <- 0x0000B503


mem[X,0x80033DF8] -> 0xB5B7
mem[X,0x80033DFA] -> 0x0000
[5117] [M]: 0x80033DF8 (0x0000B5B7) lui a1, 11
x11 <- 0x0000B000


mem[X,0x80033DFC] -> 0x8593
mem[X,0x80033DFE] -> 0x5035
[5118] [M]: 0x80033DFC (0x50358593) addi a1, a1, 1283
x11 <- 0x0000B503


mem[X,0x80033E00] -> 0x0613
mem[X,0x80033E02] -> 0x0000
[5119] [M]: 0x80033E00 (0x00000613) addi a2, zero, 0
x12 <- 0x00000000


mem[X,0x80033E04] -> 0x006F
mem[X,0x80033E06] -> 0x00C0
[5120] [M]: 0x80033E04 (0x00C0006F) jal zero, 12


mem[X,0x80033E10] -> 0x5063
mem[X,0x80033E12] -> 0x40B5
[5121] [M]: 0x80033E10 (0x40B55063) bge a0, a1, 1024


mem[X,0x80034210] -> 0x0613
mem[X,0x80034212] -> 0x0036
[5122] [M]: 0x80034210 (0x00360613) addi a2, a2, 3
x12 <- 0x00000003


mem[X,0x80034214] -> 0x006F
mem[X,0x80034216] -> 0x0040
[5123] [M]: 0x80034214 (0x0040006F) jal zero, 4


mem[X,0x80034218] -> 0x2E23
mem[X,0x8003421A] -> 0x00C2
[5124] [M]: 0x80034218 (0x00C22E23) sw a2, 28(tp)
mem[0x8003B984] <- 0x00000003


mem[X,0x8003421C] -> 0xB537
mem[X,0x8003421E] -> 0x0000
[5125] [M]: 0x8003421C (0x0000B537) lui a0, 11
x10 <- 0x0000B000


mem[X,0x80034220] -> 0x0513
mem[X,0x80034222] -> 0x5035
[5126] [M]: 0x80034220 (0x50350513) addi a0, a0, 1283
x10 <- 0x0000B503


mem[X,0x80034224] -> 0x55B7
mem[X,0x80034226] -> 0x5555
[5127] [M]: 0x80034224 (0x555555B7) lui a1, 349525
x11 <- 0x55555000


mem[X,0x80034228] -> 0x8593
mem[X,0x8003422A] -> 0x5565
[5128] [M]: 0x80034228 (0x55658593) addi a1, a1, 1366
x11 <- 0x55555556


mem[X,0x8003422C] -> 0x0613
mem[X,0x8003422E] -> 0x0000
[5129] [M]: 0x8003422C (0x00000613) addi a2, zero, 0
x12 <- 0x00000000


mem[X,0x80034230] -> 0x006F
mem[X,0x80034232] -> 0x00C0
[5130] [M]: 0x80034230 (0x00C0006F) jal zero, 12


mem[X,0x8003423C] -> 0x5663
mem[X,0x8003423E] -> 0x00B5
[5131] [M]: 0x8003423C (0x00B55663) bge a0, a1, 12


mem[X,0x80034240] -> 0x0613
mem[X,0x80034242] -> 0x0026
[5132] [M]: 0x80034240 (0x00260613) addi a2, a2, 2
x12 <- 0x00000002


mem[X,0x80034244] -> 0x006F
mem[X,0x80034246] -> 0x00C0
[5133] [M]: 0x80034244 (0x00C0006F) jal zero, 12


mem[X,0x80034250] -> 0x2023
mem[X,0x80034252] -> 0x02C2
[5134] [M]: 0x80034250 (0x02C22023) sw a2, 32(tp)
mem[0x8003B988] <- 0x00000002


mem[X,0x80034254] -> 0xB537
mem[X,0x80034256] -> 0x0000
[5135] [M]: 0x80034254 (0x0000B537) lui a0, 11
x10 <- 0x0000B000


mem[X,0x80034258] -> 0x0513
mem[X,0x8003425A] -> 0x5035
[5136] [M]: 0x80034258 (0x50350513) addi a0, a0, 1283
x10 <- 0x0000B503


mem[X,0x8003425C] -> 0xB5B7
mem[X,0x8003425E] -> 0xAAAA
[5137] [M]: 0x8003425C (0xAAAAB5B7) lui a1, 699051
x11 <- 0xAAAAB000


mem[X,0x80034260] -> 0x8593
mem[X,0x80034262] -> 0xAAB5
[5138] [M]: 0x80034260 (0xAAB58593) addi a1, a1, 2731
x11 <- 0xAAAAAAAB


mem[X,0x80034264] -> 0x0613
mem[X,0x80034266] -> 0x0000
[5139] [M]: 0x80034264 (0x00000613) addi a2, zero, 0
x12 <- 0x00000000


mem[X,0x80034268] -> 0x006F
mem[X,0x8003426A] -> 0x00C0
[5140] [M]: 0x80034268 (0x00C0006F) jal zero, 12


mem[X,0x80034274] -> 0x5CE3
mem[X,0x80034276] -> 0xFEB5
[5141] [M]: 0x80034274 (0xFEB55CE3) bge a0, a1, 8184


mem[X,0x8003426C] -> 0x0613
mem[X,0x8003426E] -> 0x0016
[5142] [M]: 0x8003426C (0x00160613) addi a2, a2, 1
x12 <- 0x00000001


mem[X,0x80034270] -> 0x006F
mem[X,0x80034272] -> 0x0180
[5143] [M]: 0x80034270 (0x0180006F) jal zero, 24


mem[X,0x80034288] -> 0x2223
mem[X,0x8003428A] -> 0x02C2
[5144] [M]: 0x80034288 (0x02C22223) sw a2, 36(tp)
mem[0x8003B98C] <- 0x00000001


mem[X,0x8003428C] -> 0xB537
mem[X,0x8003428E] -> 0x0000
[5145] [M]: 0x8003428C (0x0000B537) lui a0, 11
x10 <- 0x0000B000


mem[X,0x80034290] -> 0x0513
mem[X,0x80034292] -> 0x5035
[5146] [M]: 0x80034290 (0x50350513) addi a0, a0, 1283
x10 <- 0x0000B503


mem[X,0x80034294] -> 0x0593
mem[X,0x80034296] -> 0x0060
[5147] [M]: 0x80034294 (0x00600593) addi a1, zero, 6
x11 <- 0x00000006


mem[X,0x80034298] -> 0x0613
mem[X,0x8003429A] -> 0x0000
[5148] [M]: 0x80034298 (0x00000613) addi a2, zero, 0
x12 <- 0x00000000


mem[X,0x8003429C] -> 0x006F
mem[X,0x8003429E] -> 0x00C0
[5149] [M]: 0x8003429C (0x00C0006F) jal zero, 12


mem[X,0x800342A8] -> 0x5663
mem[X,0x800342AA] -> 0x00B5
[5150] [M]: 0x800342A8 (0x00B55663) bge a0, a1, 12


mem[X,0x800342B4] -> 0x0613
mem[X,0x800342B6] -> 0x0036
[5151] [M]: 0x800342B4 (0x00360613) addi a2, a2, 3
x12 <- 0x00000003


mem[X,0x800342B8] -> 0x006F
mem[X,0x800342BA] -> 0x0040
[5152] [M]: 0x800342B8 (0x0040006F) jal zero, 4


mem[X,0x800342BC] -> 0x2423
mem[X,0x800342BE] -> 0x02C2
[5153] [M]: 0x800342BC (0x02C22423) sw a2, 40(tp)
mem[0x8003B990] <- 0x00000003


mem[X,0x800342C0] -> 0xB537
mem[X,0x800342C2] -> 0x0000
[5154] [M]: 0x800342C0 (0x0000B537) lui a0, 11
x10 <- 0x0000B000


mem[X,0x800342C4] -> 0x0513
mem[X,0x800342C6] -> 0x5035
[5155] [M]: 0x800342C4 (0x50350513) addi a0, a0, 1283
x10 <- 0x0000B503


mem[X,0x800342C8] -> 0x35B7
mem[X,0x800342CA] -> 0x3333
[5156] [M]: 0x800342C8 (0x333335B7) lui a1, 209715
x11 <- 0x33333000


mem[X,0x800342CC] -> 0x8593
mem[X,0x800342CE] -> 0x3345
[5157] [M]: 0x800342CC (0x33458593) addi a1, a1, 820
x11 <- 0x33333334


mem[X,0x800342D0] -> 0x0613
mem[X,0x800342D2] -> 0x0000
[5158] [M]: 0x800342D0 (0x00000613) addi a2, zero, 0
x12 <- 0x00000000


mem[X,0x800342D4] -> 0x006F
mem[X,0x800342D6] -> 0x0140
[5159] [M]: 0x800342D4 (0x0140006F) jal zero, 20


mem[X,0x800342E8] -> 0x58E3
mem[X,0x800342EA] -> 0xFEB5
[5160] [M]: 0x800342E8 (0xFEB558E3) bge a0, a1, 8176


mem[X,0x800342EC] -> 0x0613
mem[X,0x800342EE] -> 0x0026
[5161] [M]: 0x800342EC (0x00260613) addi a2, a2, 2
x12 <- 0x00000002


mem[X,0x800342F0] -> 0x006F
mem[X,0x800342F2] -> 0x00C0
[5162] [M]: 0x800342F0 (0x00C0006F) jal zero, 12


mem[X,0x800342FC] -> 0x2623
mem[X,0x800342FE] -> 0x02C2
[5163] [M]: 0x800342FC (0x02C22623) sw a2, 44(tp)
mem[0x8003B994] <- 0x00000002


mem[X,0x80034300] -> 0xB537
mem[X,0x80034302] -> 0x0000
[5164] [M]: 0x80034300 (0x0000B537) lui a0, 11
x10 <- 0x0000B000


mem[X,0x80034304] -> 0x0513
mem[X,0x80034306] -> 0x5035
[5165] [M]: 0x80034304 (0x50350513) addi a0, a0, 1283
x10 <- 0x0000B503


mem[X,0x80034308] -> 0x65B7
mem[X,0x8003430A] -> 0x6666
[5166] [M]: 0x80034308 (0x666665B7) lui a1, 419430
x11 <- 0x66666000


mem[X,0x8003430C] -> 0x8593
mem[X,0x8003430E] -> 0x6675
[5167] [M]: 0x8003430C (0x66758593) addi a1, a1, 1639
x11 <- 0x66666667


mem[X,0x80034310] -> 0x0613
mem[X,0x80034312] -> 0x0000
[5168] [M]: 0x80034310 (0x00000613) addi a2, zero, 0
x12 <- 0x00000000


mem[X,0x80034314] -> 0x006F
mem[X,0x80034316] -> 0x00C0
[5169] [M]: 0x80034314 (0x00C0006F) jal zero, 12


mem[X,0x80034320] -> 0x5063
mem[X,0x80034322] -> 0x08B5
[5170] [M]: 0x80034320 (0x08B55063) bge a0, a1, 128


mem[X,0x80034324] -> 0x0613
mem[X,0x80034326] -> 0x0026
[5171] [M]: 0x80034324 (0x00260613) addi a2, a2, 2
x12 <- 0x00000002


mem[X,0x80034328] -> 0x006F
mem[X,0x8003432A] -> 0x0800
[5172] [M]: 0x80034328 (0x0800006F) jal zero, 128


mem[X,0x800343A8] -> 0x2823
mem[X,0x800343AA] -> 0x02C2
[5173] [M]: 0x800343A8 (0x02C22823) sw a2, 48(tp)
mem[0x8003B998] <- 0x00000002


mem[X,0x800343AC] -> 0xB537
mem[X,0x800343AE] -> 0x0000
[5174] [M]: 0x800343AC (0x0000B537) lui a0, 11
x10 <- 0x0000B000


mem[X,0x800343B0] -> 0x0513
mem[X,0x800343B2] -> 0x5035
[5175] [M]: 0x800343B0 (0x50350513) addi a0, a0, 1283
x10 <- 0x0000B503


mem[X,0x800343B4] -> 0x55B7
mem[X,0x800343B6] -> 0xFFFF
[5176] [M]: 0x800343B4 (0xFFFF55B7) lui a1, 1048565
x11 <- 0xFFFF5000


mem[X,0x800343B8] -> 0x8593
mem[X,0x800343BA] -> 0xAFD5
[5177] [M]: 0x800343B8 (0xAFD58593) addi a1, a1, 2813
x11 <- 0xFFFF4AFD


mem[X,0x800343BC] -> 0x0613
mem[X,0x800343BE] -> 0x0000
[5178] [M]: 0x800343BC (0x00000613) addi a2, zero, 0
x12 <- 0x00000000


mem[X,0x800343C0] -> 0x006F
mem[X,0x800343C2] -> 0x0100
[5179] [M]: 0x800343C0 (0x0100006F) jal zero, 16


mem[X,0x800343D0] -> 0x5AE3
mem[X,0x800343D2] -> 0xFEB5
[5180] [M]: 0x800343D0 (0xFEB55AE3) bge a0, a1, 8180


mem[X,0x800343C4] -> 0x0613
mem[X,0x800343C6] -> 0x0016
[5181] [M]: 0x800343C4 (0x00160613) addi a2, a2, 1
x12 <- 0x00000001


mem[X,0x800343C8] -> 0x006F
mem[X,0x800343CA] -> 0x01C0
[5182] [M]: 0x800343C8 (0x01C0006F) jal zero, 28


mem[X,0x800343E4] -> 0x2A23
mem[X,0x800343E6] -> 0x02C2
[5183] [M]: 0x800343E4 (0x02C22A23) sw a2, 52(tp)
mem[0x8003B99C] <- 0x00000001


mem[X,0x800343E8] -> 0xB537
mem[X,0x800343EA] -> 0x0000
[5184] [M]: 0x800343E8 (0x0000B537) lui a0, 11
x10 <- 0x0000B000


mem[X,0x800343EC] -> 0x0513
mem[X,0x800343EE] -> 0x5035
[5185] [M]: 0x800343EC (0x50350513) addi a0, a0, 1283
x10 <- 0x0000B503


mem[X,0x800343F0] -> 0xB5B7
mem[X,0x800343F2] -> 0x0000
[5186] [M]: 0x800343F0 (0x0000B5B7) lui a1, 11
x11 <- 0x0000B000


mem[X,0x800343F4] -> 0x8593
mem[X,0x800343F6] -> 0x5055
[5187] [M]: 0x800343F4 (0x50558593) addi a1, a1, 1285
x11 <- 0x0000B505


mem[X,0x800343F8] -> 0x0613
mem[X,0x800343FA] -> 0x0000
[5188] [M]: 0x800343F8 (0x00000613) addi a2, zero, 0
x12 <- 0x00000000


mem[X,0x800343FC] -> 0x006F
mem[X,0x800343FE] -> 0x00C0
[5189] [M]: 0x800343FC (0x00C0006F) jal zero, 12


mem[X,0x80034408] -> 0x5663
mem[X,0x8003440A] -> 0x00B5
[5190] [M]: 0x80034408 (0x00B55663) bge a0, a1, 12


mem[X,0x8003440C] -> 0x0613
mem[X,0x8003440E] -> 0x0026
[5191] [M]: 0x8003440C (0x00260613) addi a2, a2, 2
x12 <- 0x00000002


mem[X,0x80034410] -> 0x006F
mem[X,0x80034412] -> 0x00C0
[5192] [M]: 0x80034410 (0x00C0006F) jal zero, 12


mem[X,0x8003441C] -> 0x2C23
mem[X,0x8003441E] -> 0x02C2
[5193] [M]: 0x8003441C (0x02C22C23) sw a2, 56(tp)
mem[0x8003B9A0] <- 0x00000002


mem[X,0x80034420] -> 0x5537
mem[X,0x80034422] -> 0x5555
[5194] [M]: 0x80034420 (0x55555537) lui a0, 349525
x10 <- 0x55555000


mem[X,0x80034424] -> 0x0513
mem[X,0x80034426] -> 0x5565
[5195] [M]: 0x80034424 (0x55650513) addi a0, a0, 1366
x10 <- 0x55555556


mem[X,0x80034428] -> 0x0593
mem[X,0x8003442A] -> 0x0030
[5196] [M]: 0x80034428 (0x00300593) addi a1, zero, 3
x11 <- 0x00000003


mem[X,0x8003442C] -> 0x0613
mem[X,0x8003442E] -> 0x0000
[5197] [M]: 0x8003442C (0x00000613) addi a2, zero, 0
x12 <- 0x00000000


mem[X,0x80034430] -> 0x006F
mem[X,0x80034432] -> 0x2B10
[5198] [M]: 0x80034430 (0x2B10006F) jal zero, 2736


mem[X,0x80034EE0] -> 0x5A63
mem[X,0x80034EE2] -> 0xD4B5
[5199] [M]: 0x80034EE0 (0xD4B55A63) bge a0, a1, 5460


clint::tick mtime <- 0x0000000000000034
 clint timer pending at mtime 0x0000000000000034
htif::tick 0x0000000000000000
mem[X,0x80034434] -> 0x0613
mem[X,0x80034436] -> 0x0016
[5200] [M]: 0x80034434 (0x00160613) addi a2, a2, 1
x12 <- 0x00000001


mem[X,0x80034438] -> 0x006F
mem[X,0x8003443A] -> 0x2BD0
[5201] [M]: 0x80034438 (0x2BD0006F) jal zero, 2748


mem[X,0x80034EF4] -> 0x2E23
mem[X,0x80034EF6] -> 0x02C2
[5202] [M]: 0x80034EF4 (0x02C22E23) sw a2, 60(tp)
mem[0x8003B9A4] <- 0x00000001


mem[X,0x80034EF8] -> 0x5537
mem[X,0x80034EFA] -> 0x5555
[5203] [M]: 0x80034EF8 (0x55555537) lui a0, 349525
x10 <- 0x55555000


mem[X,0x80034EFC] -> 0x0513
mem[X,0x80034EFE] -> 0x5565
[5204] [M]: 0x80034EFC (0x55650513) addi a0, a0, 1366
x10 <- 0x55555556


mem[X,0x80034F00] -> 0x55B7
mem[X,0x80034F02] -> 0x5555
[5205] [M]: 0x80034F00 (0x555555B7) lui a1, 349525
x11 <- 0x55555000


mem[X,0x80034F04] -> 0x8593
mem[X,0x80034F06] -> 0x5555
[5206] [M]: 0x80034F04 (0x55558593) addi a1, a1, 1365
x11 <- 0x55555555


mem[X,0x80034F08] -> 0x0613
mem[X,0x80034F0A] -> 0x0000
[5207] [M]: 0x80034F08 (0x00000613) addi a2, zero, 0
x12 <- 0x00000000


mem[X,0x80034F0C] -> 0x006F
mem[X,0x80034F0E] -> 0x00C0
[5208] [M]: 0x80034F0C (0x00C0006F) jal zero, 12


mem[X,0x80034F18] -> 0x5063
mem[X,0x80034F1A] -> 0x10B5
[5209] [M]: 0x80034F18 (0x10B55063) bge a0, a1, 256


mem[X,0x80035018] -> 0x0613
mem[X,0x8003501A] -> 0x0036
[5210] [M]: 0x80035018 (0x00360613) addi a2, a2, 3
x12 <- 0x00000003


mem[X,0x8003501C] -> 0x006F
mem[X,0x8003501E] -> 0x0040
[5211] [M]: 0x8003501C (0x0040006F) jal zero, 4


mem[X,0x80035020] -> 0x2023
mem[X,0x80035022] -> 0x04C2
[5212] [M]: 0x80035020 (0x04C22023) sw a2, 64(tp)
mem[0x8003B9A8] <- 0x00000003


mem[X,0x80035024] -> 0x5537
mem[X,0x80035026] -> 0x5555
[5213] [M]: 0x80035024 (0x55555537) lui a0, 349525
x10 <- 0x55555000


mem[X,0x80035028] -> 0x0513
mem[X,0x8003502A] -> 0x5565
[5214] [M]: 0x80035028 (0x55650513) addi a0, a0, 1366
x10 <- 0x55555556


mem[X,0x8003502C] -> 0xB5B7
mem[X,0x8003502E] -> 0xAAAA
[5215] [M]: 0x8003502C (0xAAAAB5B7) lui a1, 699051
x11 <- 0xAAAAB000


mem[X,0x80035030] -> 0x8593
mem[X,0x80035032] -> 0xAAA5
[5216] [M]: 0x80035030 (0xAAA58593) addi a1, a1, 2730
x11 <- 0xAAAAAAAA


mem[X,0x80035034] -> 0x0613
mem[X,0x80035036] -> 0x0000
[5217] [M]: 0x80035034 (0x00000613) addi a2, zero, 0
x12 <- 0x00000000


mem[X,0x80035038] -> 0x006F
mem[X,0x8003503A] -> 0x00C0
[5218] [M]: 0x80035038 (0x00C0006F) jal zero, 12


mem[X,0x80035044] -> 0x5063
mem[X,0x80035046] -> 0x08B5
[5219] [M]: 0x80035044 (0x08B55063) bge a0, a1, 128


mem[X,0x800350C4] -> 0x0613
mem[X,0x800350C6] -> 0x0036
[5220] [M]: 0x800350C4 (0x00360613) addi a2, a2, 3
x12 <- 0x00000003


mem[X,0x800350C8] -> 0x006F
mem[X,0x800350CA] -> 0x0040
[5221] [M]: 0x800350C8 (0x0040006F) jal zero, 4


mem[X,0x800350CC] -> 0x2223
mem[X,0x800350CE] -> 0x04C2
[5222] [M]: 0x800350CC (0x04C22223) sw a2, 68(tp)
mem[0x8003B9AC] <- 0x00000003


mem[X,0x800350D0] -> 0x5537
mem[X,0x800350D2] -> 0x5555
[5223] [M]: 0x800350D0 (0x55555537) lui a0, 349525
x10 <- 0x55555000


mem[X,0x800350D4] -> 0x0513
mem[X,0x800350D6] -> 0x5565
[5224] [M]: 0x800350D4 (0x55650513) addi a0, a0, 1366
x10 <- 0x55555556


mem[X,0x800350D8] -> 0x0593
mem[X,0x800350DA] -> 0x0050
[5225] [M]: 0x800350D8 (0x00500593) addi a1, zero, 5
x11 <- 0x00000005


mem[X,0x800350DC] -> 0x0613
mem[X,0x800350DE] -> 0x0000
[5226] [M]: 0x800350DC (0x00000613) addi a2, zero, 0
x12 <- 0x00000000


mem[X,0x800350E0] -> 0x006F
mem[X,0x800350E2] -> 0x00C0
[5227] [M]: 0x800350E0 (0x00C0006F) jal zero, 12


mem[X,0x800350EC] -> 0x5663
mem[X,0x800350EE] -> 0x00B5
[5228] [M]: 0x800350EC (0x00B55663) bge a0, a1, 12


mem[X,0x800350F8] -> 0x0613
mem[X,0x800350FA] -> 0x0036
[5229] [M]: 0x800350F8 (0x00360613) addi a2, a2, 3
x12 <- 0x00000003


mem[X,0x800350FC] -> 0x006F
mem[X,0x800350FE] -> 0x0040
[5230] [M]: 0x800350FC (0x0040006F) jal zero, 4


mem[X,0x80035100] -> 0x2423
mem[X,0x80035102] -> 0x04C2
[5231] [M]: 0x80035100 (0x04C22423) sw a2, 72(tp)
mem[0x8003B9B0] <- 0x00000003


mem[X,0x80035104] -> 0x5537
mem[X,0x80035106] -> 0x5555
[5232] [M]: 0x80035104 (0x55555537) lui a0, 349525
x10 <- 0x55555000


mem[X,0x80035108] -> 0x0513
mem[X,0x8003510A] -> 0x5565
[5233] [M]: 0x80035108 (0x55650513) addi a0, a0, 1366
x10 <- 0x55555556


mem[X,0x8003510C] -> 0x35B7
mem[X,0x8003510E] -> 0x3333
[5234] [M]: 0x8003510C (0x333335B7) lui a1, 209715
x11 <- 0x33333000


mem[X,0x80035110] -> 0x8593
mem[X,0x80035112] -> 0x3335
[5235] [M]: 0x80035110 (0x33358593) addi a1, a1, 819
x11 <- 0x33333333


mem[X,0x80035114] -> 0x0613
mem[X,0x80035116] -> 0x0000
[5236] [M]: 0x80035114 (0x00000613) addi a2, zero, 0
x12 <- 0x00000000


mem[X,0x80035118] -> 0x006F
mem[X,0x8003511A] -> 0x0180
[5237] [M]: 0x80035118 (0x0180006F) jal zero, 24


mem[X,0x80035130] -> 0x56E3
mem[X,0x80035132] -> 0xFEB5
[5238] [M]: 0x80035130 (0xFEB556E3) bge a0, a1, 8172


mem[X,0x8003511C] -> 0x0613
mem[X,0x8003511E] -> 0x0016
[5239] [M]: 0x8003511C (0x00160613) addi a2, a2, 1
x12 <- 0x00000001


mem[X,0x80035120] -> 0x006F
mem[X,0x80035122] -> 0x0240
[5240] [M]: 0x80035120 (0x0240006F) jal zero, 36


mem[X,0x80035144] -> 0x2623
mem[X,0x80035146] -> 0x04C2
[5241] [M]: 0x80035144 (0x04C22623) sw a2, 76(tp)
mem[0x8003B9B4] <- 0x00000001


mem[X,0x80035148] -> 0x5537
mem[X,0x8003514A] -> 0x5555
[5242] [M]: 0x80035148 (0x55555537) lui a0, 349525
x10 <- 0x55555000


mem[X,0x8003514C] -> 0x0513
mem[X,0x8003514E] -> 0x5565
[5243] [M]: 0x8003514C (0x55650513) addi a0, a0, 1366
x10 <- 0x55555556


mem[X,0x80035150] -> 0x65B7
mem[X,0x80035152] -> 0x6666
[5244] [M]: 0x80035150 (0x666665B7) lui a1, 419430
x11 <- 0x66666000


mem[X,0x80035154] -> 0x8593
mem[X,0x80035156] -> 0x6665
[5245] [M]: 0x80035154 (0x66658593) addi a1, a1, 1638
x11 <- 0x66666666


mem[X,0x80035158] -> 0x0613
mem[X,0x8003515A] -> 0x0000
[5246] [M]: 0x80035158 (0x00000613) addi a2, zero, 0
x12 <- 0x00000000


mem[X,0x8003515C] -> 0x006F
mem[X,0x8003515E] -> 0x00C0
[5247] [M]: 0x8003515C (0x00C0006F) jal zero, 12


mem[X,0x80035168] -> 0x5063
mem[X,0x8003516A] -> 0x08B5
[5248] [M]: 0x80035168 (0x08B55063) bge a0, a1, 128


mem[X,0x8003516C] -> 0x0613
mem[X,0x8003516E] -> 0x0026
[5249] [M]: 0x8003516C (0x00260613) addi a2, a2, 2
x12 <- 0x00000002


mem[X,0x80035170] -> 0x006F
mem[X,0x80035172] -> 0x0800
[5250] [M]: 0x80035170 (0x0800006F) jal zero, 128


mem[X,0x800351F0] -> 0x2823
mem[X,0x800351F2] -> 0x04C2
[5251] [M]: 0x800351F0 (0x04C22823) sw a2, 80(tp)
mem[0x8003B9B8] <- 0x00000002


mem[X,0x800351F4] -> 0x5537
mem[X,0x800351F6] -> 0x5555
[5252] [M]: 0x800351F4 (0x55555537) lui a0, 349525
x10 <- 0x55555000


mem[X,0x800351F8] -> 0x0513
mem[X,0x800351FA] -> 0x5565
[5253] [M]: 0x800351F8 (0x55650513) addi a0, a0, 1366
x10 <- 0x55555556


mem[X,0x800351FC] -> 0x55B7
mem[X,0x800351FE] -> 0xFFFF
[5254] [M]: 0x800351FC (0xFFFF55B7) lui a1, 1048565
x11 <- 0xFFFF5000


mem[X,0x80035200] -> 0x8593
mem[X,0x80035202] -> 0xAFC5
[5255] [M]: 0x80035200 (0xAFC58593) addi a1, a1, 2812
x11 <- 0xFFFF4AFC


mem[X,0x80035204] -> 0x0613
mem[X,0x80035206] -> 0x0000
[5256] [M]: 0x80035204 (0x00000613) addi a2, zero, 0
x12 <- 0x00000000


mem[X,0x80035208] -> 0x006F
mem[X,0x8003520A] -> 0x0140
[5257] [M]: 0x80035208 (0x0140006F) jal zero, 20


mem[X,0x8003521C] -> 0x58E3
mem[X,0x8003521E] -> 0xFEB5
[5258] [M]: 0x8003521C (0xFEB558E3) bge a0, a1, 8176


mem[X,0x8003520C] -> 0x0613
mem[X,0x8003520E] -> 0x0016
[5259] [M]: 0x8003520C (0x00160613) addi a2, a2, 1
x12 <- 0x00000001


mem[X,0x80035210] -> 0x006F
mem[X,0x80035212] -> 0x0200
[5260] [M]: 0x80035210 (0x0200006F) jal zero, 32


mem[X,0x80035230] -> 0x2A23
mem[X,0x80035232] -> 0x04C2
[5261] [M]: 0x80035230 (0x04C22A23) sw a2, 84(tp)
mem[0x8003B9BC] <- 0x00000001


mem[X,0x80035234] -> 0x5537
mem[X,0x80035236] -> 0x5555
[5262] [M]: 0x80035234 (0x55555537) lui a0, 349525
x10 <- 0x55555000


mem[X,0x80035238] -> 0x0513
mem[X,0x8003523A] -> 0x5565
[5263] [M]: 0x80035238 (0x55650513) addi a0, a0, 1366
x10 <- 0x55555556


mem[X,0x8003523C] -> 0xB5B7
mem[X,0x8003523E] -> 0x0000
[5264] [M]: 0x8003523C (0x0000B5B7) lui a1, 11
x11 <- 0x0000B000


mem[X,0x80035240] -> 0x8593
mem[X,0x80035242] -> 0x5045
[5265] [M]: 0x80035240 (0x50458593) addi a1, a1, 1284
x11 <- 0x0000B504


mem[X,0x80035244] -> 0x0613
mem[X,0x80035246] -> 0x0000
[5266] [M]: 0x80035244 (0x00000613) addi a2, zero, 0
x12 <- 0x00000000


mem[X,0x80035248] -> 0x006F
mem[X,0x8003524A] -> 0x00C0
[5267] [M]: 0x80035248 (0x00C0006F) jal zero, 12


mem[X,0x80035254] -> 0x5663
mem[X,0x80035256] -> 0x00B5
[5268] [M]: 0x80035254 (0x00B55663) bge a0, a1, 12


mem[X,0x80035260] -> 0x0613
mem[X,0x80035262] -> 0x0036
[5269] [M]: 0x80035260 (0x00360613) addi a2, a2, 3
x12 <- 0x00000003


mem[X,0x80035264] -> 0x006F
mem[X,0x80035266] -> 0x0040
[5270] [M]: 0x80035264 (0x0040006F) jal zero, 4


mem[X,0x80035268] -> 0x2C23
mem[X,0x8003526A] -> 0x04C2
[5271] [M]: 0x80035268 (0x04C22C23) sw a2, 88(tp)
mem[0x8003B9C0] <- 0x00000003


mem[X,0x8003526C] -> 0x5537
mem[X,0x8003526E] -> 0x5555
[5272] [M]: 0x8003526C (0x55555537) lui a0, 349525
x10 <- 0x55555000


mem[X,0x80035270] -> 0x0513
mem[X,0x80035272] -> 0x5565
[5273] [M]: 0x80035270 (0x55650513) addi a0, a0, 1366
x10 <- 0x55555556


mem[X,0x80035274] -> 0x0593
mem[X,0x80035276] -> 0x0020
[5274] [M]: 0x80035274 (0x00200593) addi a1, zero, 2
x11 <- 0x00000002


mem[X,0x80035278] -> 0x0613
mem[X,0x8003527A] -> 0x0000
[5275] [M]: 0x80035278 (0x00000613) addi a2, zero, 0
x12 <- 0x00000000


mem[X,0x8003527C] -> 0x006F
mem[X,0x8003527E] -> 0x00C0
[5276] [M]: 0x8003527C (0x00C0006F) jal zero, 12


mem[X,0x80035288] -> 0x5CE3
mem[X,0x8003528A] -> 0xFEB5
[5277] [M]: 0x80035288 (0xFEB55CE3) bge a0, a1, 8184


mem[X,0x80035280] -> 0x0613
mem[X,0x80035282] -> 0x0016
[5278] [M]: 0x80035280 (0x00160613) addi a2, a2, 1
x12 <- 0x00000001


mem[X,0x80035284] -> 0x006F
mem[X,0x80035286] -> 0x0180
[5279] [M]: 0x80035284 (0x0180006F) jal zero, 24


mem[X,0x8003529C] -> 0x2E23
mem[X,0x8003529E] -> 0x04C2
[5280] [M]: 0x8003529C (0x04C22E23) sw a2, 92(tp)
mem[0x8003B9C4] <- 0x00000001


mem[X,0x800352A0] -> 0x5537
mem[X,0x800352A2] -> 0x5555
[5281] [M]: 0x800352A0 (0x55555537) lui a0, 349525
x10 <- 0x55555000


mem[X,0x800352A4] -> 0x0513
mem[X,0x800352A6] -> 0x5565
[5282] [M]: 0x800352A4 (0x55650513) addi a0, a0, 1366
x10 <- 0x55555556


mem[X,0x800352A8] -> 0x55B7
mem[X,0x800352AA] -> 0x5555
[5283] [M]: 0x800352A8 (0x555555B7) lui a1, 349525
x11 <- 0x55555000


mem[X,0x800352AC] -> 0x8593
mem[X,0x800352AE] -> 0x5545
[5284] [M]: 0x800352AC (0x55458593) addi a1, a1, 1364
x11 <- 0x55555554


mem[X,0x800352B0] -> 0x0613
mem[X,0x800352B2] -> 0x0000
[5285] [M]: 0x800352B0 (0x00000613) addi a2, zero, 0
x12 <- 0x00000000


mem[X,0x800352B4] -> 0x006F
mem[X,0x800352B6] -> 0x00C0
[5286] [M]: 0x800352B4 (0x00C0006F) jal zero, 12


mem[X,0x800352C0] -> 0x5663
mem[X,0x800352C2] -> 0x00B5
[5287] [M]: 0x800352C0 (0x00B55663) bge a0, a1, 12


mem[X,0x800352CC] -> 0x0613
mem[X,0x800352CE] -> 0x0036
[5288] [M]: 0x800352CC (0x00360613) addi a2, a2, 3
x12 <- 0x00000003


mem[X,0x800352D0] -> 0x006F
mem[X,0x800352D2] -> 0x0040
[5289] [M]: 0x800352D0 (0x0040006F) jal zero, 4


mem[X,0x800352D4] -> 0x2023
mem[X,0x800352D6] -> 0x06C2
[5290] [M]: 0x800352D4 (0x06C22023) sw a2, 96(tp)
mem[0x8003B9C8] <- 0x00000003


mem[X,0x800352D8] -> 0x5537
mem[X,0x800352DA] -> 0x5555
[5291] [M]: 0x800352D8 (0x55555537) lui a0, 349525
x10 <- 0x55555000


mem[X,0x800352DC] -> 0x0513
mem[X,0x800352DE] -> 0x5565
[5292] [M]: 0x800352DC (0x55650513) addi a0, a0, 1366
x10 <- 0x55555556


mem[X,0x800352E0] -> 0x0593
mem[X,0x800352E2] -> 0x0000
[5293] [M]: 0x800352E0 (0x00000593) addi a1, zero, 0
x11 <- 0x00000000


mem[X,0x800352E4] -> 0x0613
mem[X,0x800352E6] -> 0x0000
[5294] [M]: 0x800352E4 (0x00000613) addi a2, zero, 0
x12 <- 0x00000000


mem[X,0x800352E8] -> 0x006F
mem[X,0x800352EA] -> 0x00C0
[5295] [M]: 0x800352E8 (0x00C0006F) jal zero, 12


mem[X,0x800352F4] -> 0x5663
mem[X,0x800352F6] -> 0x00B5
[5296] [M]: 0x800352F4 (0x00B55663) bge a0, a1, 12


mem[X,0x80035300] -> 0x0613
mem[X,0x80035302] -> 0x0036
[5297] [M]: 0x80035300 (0x00360613) addi a2, a2, 3
x12 <- 0x00000003


mem[X,0x80035304] -> 0x006F
mem[X,0x80035306] -> 0x0040
[5298] [M]: 0x80035304 (0x0040006F) jal zero, 4


mem[X,0x80035308] -> 0x2223
mem[X,0x8003530A] -> 0x06C2
[5299] [M]: 0x80035308 (0x06C22223) sw a2, 100(tp)
mem[0x8003B9CC] <- 0x00000003


clint::tick mtime <- 0x0000000000000035
 clint timer pending at mtime 0x0000000000000035
htif::tick 0x0000000000000000
mem[X,0x8003530C] -> 0x5537
mem[X,0x8003530E] -> 0x5555
[5300] [M]: 0x8003530C (0x55555537) lui a0, 349525
x10 <- 0x55555000


mem[X,0x80035310] -> 0x0513
mem[X,0x80035312] -> 0x5565
[5301] [M]: 0x80035310 (0x55650513) addi a0, a0, 1366
x10 <- 0x55555556


mem[X,0x80035314] -> 0x0593
mem[X,0x80035316] -> 0x0040
[5302] [M]: 0x80035314 (0x00400593) addi a1, zero, 4
x11 <- 0x00000004


mem[X,0x80035318] -> 0x0613
mem[X,0x8003531A] -> 0x0000
[5303] [M]: 0x80035318 (0x00000613) addi a2, zero, 0
x12 <- 0x00000000


mem[X,0x8003531C] -> 0x006F
mem[X,0x8003531E] -> 0x2B10
[5304] [M]: 0x8003531C (0x2B10006F) jal zero, 2736


mem[X,0x80035DCC] -> 0x5A63
mem[X,0x80035DCE] -> 0xD4B5
[5305] [M]: 0x80035DCC (0xD4B55A63) bge a0, a1, 5460


mem[X,0x80035320] -> 0x0613
mem[X,0x80035322] -> 0x0016
[5306] [M]: 0x80035320 (0x00160613) addi a2, a2, 1
x12 <- 0x00000001


mem[X,0x80035324] -> 0x006F
mem[X,0x80035326] -> 0x2BD0
[5307] [M]: 0x80035324 (0x2BD0006F) jal zero, 2748


mem[X,0x80035DE0] -> 0x2423
mem[X,0x80035DE2] -> 0x06C2
[5308] [M]: 0x80035DE0 (0x06C22423) sw a2, 104(tp)
mem[0x8003B9D0] <- 0x00000001


mem[X,0x80035DE4] -> 0x5537
mem[X,0x80035DE6] -> 0x5555
[5309] [M]: 0x80035DE4 (0x55555537) lui a0, 349525
x10 <- 0x55555000


mem[X,0x80035DE8] -> 0x0513
mem[X,0x80035DEA] -> 0x5565
[5310] [M]: 0x80035DE8 (0x55650513) addi a0, a0, 1366
x10 <- 0x55555556


mem[X,0x80035DEC] -> 0x35B7
mem[X,0x80035DEE] -> 0x3333
[5311] [M]: 0x80035DEC (0x333335B7) lui a1, 209715
x11 <- 0x33333000


mem[X,0x80035DF0] -> 0x8593
mem[X,0x80035DF2] -> 0x3325
[5312] [M]: 0x80035DF0 (0x33258593) addi a1, a1, 818
x11 <- 0x33333332


mem[X,0x80035DF4] -> 0x0613
mem[X,0x80035DF6] -> 0x0000
[5313] [M]: 0x80035DF4 (0x00000613) addi a2, zero, 0
x12 <- 0x00000000


mem[X,0x80035DF8] -> 0x006F
mem[X,0x80035DFA] -> 0x00C0
[5314] [M]: 0x80035DF8 (0x00C0006F) jal zero, 12


mem[X,0x80035E04] -> 0x5063
mem[X,0x80035E06] -> 0x08B5
[5315] [M]: 0x80035E04 (0x08B55063) bge a0, a1, 128


mem[X,0x80035E84] -> 0x0613
mem[X,0x80035E86] -> 0x0036
[5316] [M]: 0x80035E84 (0x00360613) addi a2, a2, 3
x12 <- 0x00000003


mem[X,0x80035E88] -> 0x006F
mem[X,0x80035E8A] -> 0x0040
[5317] [M]: 0x80035E88 (0x0040006F) jal zero, 4


mem[X,0x80035E8C] -> 0x2623
mem[X,0x80035E8E] -> 0x06C2
[5318] [M]: 0x80035E8C (0x06C22623) sw a2, 108(tp)
mem[0x8003B9D4] <- 0x00000003


mem[X,0x80035E90] -> 0x5537
mem[X,0x80035E92] -> 0x5555
[5319] [M]: 0x80035E90 (0x55555537) lui a0, 349525
x10 <- 0x55555000


mem[X,0x80035E94] -> 0x0513
mem[X,0x80035E96] -> 0x5565
[5320] [M]: 0x80035E94 (0x55650513) addi a0, a0, 1366
x10 <- 0x55555556


mem[X,0x80035E98] -> 0x65B7
mem[X,0x80035E9A] -> 0x6666
[5321] [M]: 0x80035E98 (0x666665B7) lui a1, 419430
x11 <- 0x66666000


mem[X,0x80035E9C] -> 0x8593
mem[X,0x80035E9E] -> 0x6655
[5322] [M]: 0x80035E9C (0x66558593) addi a1, a1, 1637
x11 <- 0x66666665


mem[X,0x80035EA0] -> 0x0613
mem[X,0x80035EA2] -> 0x0000
[5323] [M]: 0x80035EA0 (0x00000613) addi a2, zero, 0
x12 <- 0x00000000


mem[X,0x80035EA4] -> 0x006F
mem[X,0x80035EA6] -> 0x00C0
[5324] [M]: 0x80035EA4 (0x00C0006F) jal zero, 12


mem[X,0x80035EB0] -> 0x5663
mem[X,0x80035EB2] -> 0x00B5
[5325] [M]: 0x80035EB0 (0x00B55663) bge a0, a1, 12


mem[X,0x80035EB4] -> 0x0613
mem[X,0x80035EB6] -> 0x0026
[5326] [M]: 0x80035EB4 (0x00260613) addi a2, a2, 2
x12 <- 0x00000002


mem[X,0x80035EB8] -> 0x006F
mem[X,0x80035EBA] -> 0x00C0
[5327] [M]: 0x80035EB8 (0x00C0006F) jal zero, 12


mem[X,0x80035EC4] -> 0x2823
mem[X,0x80035EC6] -> 0x06C2
[5328] [M]: 0x80035EC4 (0x06C22823) sw a2, 112(tp)
mem[0x8003B9D8] <- 0x00000002


mem[X,0x80035EC8] -> 0x5537
mem[X,0x80035ECA] -> 0x5555
[5329] [M]: 0x80035EC8 (0x55555537) lui a0, 349525
x10 <- 0x55555000


mem[X,0x80035ECC] -> 0x0513
mem[X,0x80035ECE] -> 0x5565
[5330] [M]: 0x80035ECC (0x55650513) addi a0, a0, 1366
x10 <- 0x55555556


mem[X,0x80035ED0] -> 0xB5B7
mem[X,0x80035ED2] -> 0x0000
[5331] [M]: 0x80035ED0 (0x0000B5B7) lui a1, 11
x11 <- 0x0000B000


mem[X,0x80035ED4] -> 0x8593
mem[X,0x80035ED6] -> 0x5035
[5332] [M]: 0x80035ED4 (0x50358593) addi a1, a1, 1283
x11 <- 0x0000B503


mem[X,0x80035ED8] -> 0x0613
mem[X,0x80035EDA] -> 0x0000
[5333] [M]: 0x80035ED8 (0x00000613) addi a2, zero, 0
x12 <- 0x00000000


mem[X,0x80035EDC] -> 0x006F
mem[X,0x80035EDE] -> 0x00C0
[5334] [M]: 0x80035EDC (0x00C0006F) jal zero, 12


mem[X,0x80035EE8] -> 0x5CE3
mem[X,0x80035EEA] -> 0xFEB5
[5335] [M]: 0x80035EE8 (0xFEB55CE3) bge a0, a1, 8184


mem[X,0x80035EE0] -> 0x0613
mem[X,0x80035EE2] -> 0x0016
[5336] [M]: 0x80035EE0 (0x00160613) addi a2, a2, 1
x12 <- 0x00000001


mem[X,0x80035EE4] -> 0x006F
mem[X,0x80035EE6] -> 0x0180
[5337] [M]: 0x80035EE4 (0x0180006F) jal zero, 24


mem[X,0x80035EFC] -> 0x2A23
mem[X,0x80035EFE] -> 0x06C2
[5338] [M]: 0x80035EFC (0x06C22A23) sw a2, 116(tp)
mem[0x8003B9DC] <- 0x00000001


mem[X,0x80035F00] -> 0x5537
mem[X,0x80035F02] -> 0x5555
[5339] [M]: 0x80035F00 (0x55555537) lui a0, 349525
x10 <- 0x55555000


mem[X,0x80035F04] -> 0x0513
mem[X,0x80035F06] -> 0x5565
[5340] [M]: 0x80035F04 (0x55650513) addi a0, a0, 1366
x10 <- 0x55555556


mem[X,0x80035F08] -> 0x55B7
mem[X,0x80035F0A] -> 0x5555
[5341] [M]: 0x80035F08 (0x555555B7) lui a1, 349525
x11 <- 0x55555000


mem[X,0x80035F0C] -> 0x8593
mem[X,0x80035F0E] -> 0x5565
[5342] [M]: 0x80035F0C (0x55658593) addi a1, a1, 1366
x11 <- 0x55555556


mem[X,0x80035F10] -> 0x0613
mem[X,0x80035F12] -> 0x0000
[5343] [M]: 0x80035F10 (0x00000613) addi a2, zero, 0
x12 <- 0x00000000


mem[X,0x80035F14] -> 0x006F
mem[X,0x80035F16] -> 0x00C0
[5344] [M]: 0x80035F14 (0x00C0006F) jal zero, 12


mem[X,0x80035F20] -> 0x5663
mem[X,0x80035F22] -> 0x00B5
[5345] [M]: 0x80035F20 (0x00B55663) bge a0, a1, 12


mem[X,0x80035F2C] -> 0x0613
mem[X,0x80035F2E] -> 0x0036
[5346] [M]: 0x80035F2C (0x00360613) addi a2, a2, 3
x12 <- 0x00000003


mem[X,0x80035F30] -> 0x006F
mem[X,0x80035F32] -> 0x0040
[5347] [M]: 0x80035F30 (0x0040006F) jal zero, 4


mem[X,0x80035F34] -> 0x2C23
mem[X,0x80035F36] -> 0x06C2
[5348] [M]: 0x80035F34 (0x06C22C23) sw a2, 120(tp)
mem[0x8003B9E0] <- 0x00000003


mem[X,0x80035F38] -> 0x5537
mem[X,0x80035F3A] -> 0x5555
[5349] [M]: 0x80035F38 (0x55555537) lui a0, 349525
x10 <- 0x55555000


mem[X,0x80035F3C] -> 0x0513
mem[X,0x80035F3E] -> 0x5565
[5350] [M]: 0x80035F3C (0x55650513) addi a0, a0, 1366
x10 <- 0x55555556


mem[X,0x80035F40] -> 0xB5B7
mem[X,0x80035F42] -> 0xAAAA
[5351] [M]: 0x80035F40 (0xAAAAB5B7) lui a1, 699051
x11 <- 0xAAAAB000


mem[X,0x80035F44] -> 0x8593
mem[X,0x80035F46] -> 0xAAB5
[5352] [M]: 0x80035F44 (0xAAB58593) addi a1, a1, 2731
x11 <- 0xAAAAAAAB


mem[X,0x80035F48] -> 0x0613
mem[X,0x80035F4A] -> 0x0000
[5353] [M]: 0x80035F48 (0x00000613) addi a2, zero, 0
x12 <- 0x00000000


mem[X,0x80035F4C] -> 0x006F
mem[X,0x80035F4E] -> 0x2B10
[5354] [M]: 0x80035F4C (0x2B10006F) jal zero, 2736


mem[X,0x800369FC] -> 0x5A63
mem[X,0x800369FE] -> 0xD4B5
[5355] [M]: 0x800369FC (0xD4B55A63) bge a0, a1, 5460


mem[X,0x80035F50] -> 0x0613
mem[X,0x80035F52] -> 0x0016
[5356] [M]: 0x80035F50 (0x00160613) addi a2, a2, 1
x12 <- 0x00000001


mem[X,0x80035F54] -> 0x006F
mem[X,0x80035F56] -> 0x2BD0
[5357] [M]: 0x80035F54 (0x2BD0006F) jal zero, 2748


mem[X,0x80036A10] -> 0x2E23
mem[X,0x80036A12] -> 0x06C2
[5358] [M]: 0x80036A10 (0x06C22E23) sw a2, 124(tp)
mem[0x8003B9E4] <- 0x00000001


mem[X,0x80036A14] -> 0x5537
mem[X,0x80036A16] -> 0x5555
[5359] [M]: 0x80036A14 (0x55555537) lui a0, 349525
x10 <- 0x55555000


mem[X,0x80036A18] -> 0x0513
mem[X,0x80036A1A] -> 0x5565
[5360] [M]: 0x80036A18 (0x55650513) addi a0, a0, 1366
x10 <- 0x55555556


mem[X,0x80036A1C] -> 0x0593
mem[X,0x80036A1E] -> 0x0060
[5361] [M]: 0x80036A1C (0x00600593) addi a1, zero, 6
x11 <- 0x00000006


mem[X,0x80036A20] -> 0x0613
mem[X,0x80036A22] -> 0x0000
[5362] [M]: 0x80036A20 (0x00000613) addi a2, zero, 0
x12 <- 0x00000000


mem[X,0x80036A24] -> 0x006F
mem[X,0x80036A26] -> 0x00C0
[5363] [M]: 0x80036A24 (0x00C0006F) jal zero, 12


mem[X,0x80036A30] -> 0x5CE3
mem[X,0x80036A32] -> 0xFEB5
[5364] [M]: 0x80036A30 (0xFEB55CE3) bge a0, a1, 8184


mem[X,0x80036A28] -> 0x0613
mem[X,0x80036A2A] -> 0x0016
[5365] [M]: 0x80036A28 (0x00160613) addi a2, a2, 1
x12 <- 0x00000001


mem[X,0x80036A2C] -> 0x006F
mem[X,0x80036A2E] -> 0x0180
[5366] [M]: 0x80036A2C (0x0180006F) jal zero, 24


mem[X,0x80036A44] -> 0x2023
mem[X,0x80036A46] -> 0x08C2
[5367] [M]: 0x80036A44 (0x08C22023) sw a2, 128(tp)
mem[0x8003B9E8] <- 0x00000001


mem[X,0x80036A48] -> 0x5537
mem[X,0x80036A4A] -> 0x5555
[5368] [M]: 0x80036A48 (0x55555537) lui a0, 349525
x10 <- 0x55555000


mem[X,0x80036A4C] -> 0x0513
mem[X,0x80036A4E] -> 0x5565
[5369] [M]: 0x80036A4C (0x55650513) addi a0, a0, 1366
x10 <- 0x55555556


mem[X,0x80036A50] -> 0x35B7
mem[X,0x80036A52] -> 0x3333
[5370] [M]: 0x80036A50 (0x333335B7) lui a1, 209715
x11 <- 0x33333000


mem[X,0x80036A54] -> 0x8593
mem[X,0x80036A56] -> 0x3345
[5371] [M]: 0x80036A54 (0x33458593) addi a1, a1, 820
x11 <- 0x33333334


mem[X,0x80036A58] -> 0x0613
mem[X,0x80036A5A] -> 0x0000
[5372] [M]: 0x80036A58 (0x00000613) addi a2, zero, 0
x12 <- 0x00000000


mem[X,0x80036A5C] -> 0x006F
mem[X,0x80036A5E] -> 0x2B10
[5373] [M]: 0x80036A5C (0x2B10006F) jal zero, 2736


mem[X,0x8003750C] -> 0x5A63
mem[X,0x8003750E] -> 0xD4B5
[5374] [M]: 0x8003750C (0xD4B55A63) bge a0, a1, 5460


mem[X,0x80036A60] -> 0x0613
mem[X,0x80036A62] -> 0x0016
[5375] [M]: 0x80036A60 (0x00160613) addi a2, a2, 1
x12 <- 0x00000001


mem[X,0x80036A64] -> 0x006F
mem[X,0x80036A66] -> 0x2BD0
[5376] [M]: 0x80036A64 (0x2BD0006F) jal zero, 2748


mem[X,0x80037520] -> 0x2223
mem[X,0x80037522] -> 0x08C2
[5377] [M]: 0x80037520 (0x08C22223) sw a2, 132(tp)
mem[0x8003B9EC] <- 0x00000001


mem[X,0x80037524] -> 0x5537
mem[X,0x80037526] -> 0x5555
[5378] [M]: 0x80037524 (0x55555537) lui a0, 349525
x10 <- 0x55555000


mem[X,0x80037528] -> 0x0513
mem[X,0x8003752A] -> 0x5565
[5379] [M]: 0x80037528 (0x55650513) addi a0, a0, 1366
x10 <- 0x55555556


mem[X,0x8003752C] -> 0x65B7
mem[X,0x8003752E] -> 0x6666
[5380] [M]: 0x8003752C (0x666665B7) lui a1, 419430
x11 <- 0x66666000


mem[X,0x80037530] -> 0x8593
mem[X,0x80037532] -> 0x6675
[5381] [M]: 0x80037530 (0x66758593) addi a1, a1, 1639
x11 <- 0x66666667


mem[X,0x80037534] -> 0x0613
mem[X,0x80037536] -> 0x0000
[5382] [M]: 0x80037534 (0x00000613) addi a2, zero, 0
x12 <- 0x00000000


mem[X,0x80037538] -> 0x006F
mem[X,0x8003753A] -> 0x00C0
[5383] [M]: 0x80037538 (0x00C0006F) jal zero, 12


mem[X,0x80037544] -> 0x5663
mem[X,0x80037546] -> 0x00B5
[5384] [M]: 0x80037544 (0x00B55663) bge a0, a1, 12


mem[X,0x80037548] -> 0x0613
mem[X,0x8003754A] -> 0x0026
[5385] [M]: 0x80037548 (0x00260613) addi a2, a2, 2
x12 <- 0x00000002


mem[X,0x8003754C] -> 0x006F
mem[X,0x8003754E] -> 0x00C0
[5386] [M]: 0x8003754C (0x00C0006F) jal zero, 12


mem[X,0x80037558] -> 0x2423
mem[X,0x8003755A] -> 0x08C2
[5387] [M]: 0x80037558 (0x08C22423) sw a2, 136(tp)
mem[0x8003B9F0] <- 0x00000002


mem[X,0x8003755C] -> 0x5537
mem[X,0x8003755E] -> 0x5555
[5388] [M]: 0x8003755C (0x55555537) lui a0, 349525
x10 <- 0x55555000


mem[X,0x80037560] -> 0x0513
mem[X,0x80037562] -> 0x5565
[5389] [M]: 0x80037560 (0x55650513) addi a0, a0, 1366
x10 <- 0x55555556


mem[X,0x80037564] -> 0x55B7
mem[X,0x80037566] -> 0xFFFF
[5390] [M]: 0x80037564 (0xFFFF55B7) lui a1, 1048565
x11 <- 0xFFFF5000


mem[X,0x80037568] -> 0x8593
mem[X,0x8003756A] -> 0xAFD5
[5391] [M]: 0x80037568 (0xAFD58593) addi a1, a1, 2813
x11 <- 0xFFFF4AFD


mem[X,0x8003756C] -> 0x0613
mem[X,0x8003756E] -> 0x0000
[5392] [M]: 0x8003756C (0x00000613) addi a2, zero, 0
x12 <- 0x00000000


mem[X,0x80037570] -> 0x006F
mem[X,0x80037572] -> 0x00C0
[5393] [M]: 0x80037570 (0x00C0006F) jal zero, 12


mem[X,0x8003757C] -> 0x5063
mem[X,0x8003757E] -> 0x04B5
[5394] [M]: 0x8003757C (0x04B55063) bge a0, a1, 64


mem[X,0x800375BC] -> 0x0613
mem[X,0x800375BE] -> 0x0036
[5395] [M]: 0x800375BC (0x00360613) addi a2, a2, 3
x12 <- 0x00000003


mem[X,0x800375C0] -> 0x006F
mem[X,0x800375C2] -> 0x0040
[5396] [M]: 0x800375C0 (0x0040006F) jal zero, 4


mem[X,0x800375C4] -> 0x2623
mem[X,0x800375C6] -> 0x08C2
[5397] [M]: 0x800375C4 (0x08C22623) sw a2, 140(tp)
mem[0x8003B9F4] <- 0x00000003


mem[X,0x800375C8] -> 0x5537
mem[X,0x800375CA] -> 0x5555
[5398] [M]: 0x800375C8 (0x55555537) lui a0, 349525
x10 <- 0x55555000


mem[X,0x800375CC] -> 0x0513
mem[X,0x800375CE] -> 0x5565
[5399] [M]: 0x800375CC (0x55650513) addi a0, a0, 1366
x10 <- 0x55555556


clint::tick mtime <- 0x0000000000000036
 clint timer pending at mtime 0x0000000000000036
htif::tick 0x0000000000000000
mem[X,0x800375D0] -> 0xB5B7
mem[X,0x800375D2] -> 0x0000
[5400] [M]: 0x800375D0 (0x0000B5B7) lui a1, 11
x11 <- 0x0000B000


mem[X,0x800375D4] -> 0x8593
mem[X,0x800375D6] -> 0x5055
[5401] [M]: 0x800375D4 (0x50558593) addi a1, a1, 1285
x11 <- 0x0000B505


mem[X,0x800375D8] -> 0x0613
mem[X,0x800375DA] -> 0x0000
[5402] [M]: 0x800375D8 (0x00000613) addi a2, zero, 0
x12 <- 0x00000000


mem[X,0x800375DC] -> 0x006F
mem[X,0x800375DE] -> 0x00C0
[5403] [M]: 0x800375DC (0x00C0006F) jal zero, 12


mem[X,0x800375E8] -> 0x5CE3
mem[X,0x800375EA] -> 0xFEB5
[5404] [M]: 0x800375E8 (0xFEB55CE3) bge a0, a1, 8184


mem[X,0x800375E0] -> 0x0613
mem[X,0x800375E2] -> 0x0016
[5405] [M]: 0x800375E0 (0x00160613) addi a2, a2, 1
x12 <- 0x00000001


mem[X,0x800375E4] -> 0x006F
mem[X,0x800375E6] -> 0x0180
[5406] [M]: 0x800375E4 (0x0180006F) jal zero, 24


mem[X,0x800375FC] -> 0x2823
mem[X,0x800375FE] -> 0x08C2
[5407] [M]: 0x800375FC (0x08C22823) sw a2, 144(tp)
mem[0x8003B9F8] <- 0x00000001


mem[X,0x80037600] -> 0xB537
mem[X,0x80037602] -> 0xAAAA
[5408] [M]: 0x80037600 (0xAAAAB537) lui a0, 699051
x10 <- 0xAAAAB000


mem[X,0x80037604] -> 0x0513
mem[X,0x80037606] -> 0xAAB5
[5409] [M]: 0x80037604 (0xAAB50513) addi a0, a0, 2731
x10 <- 0xAAAAAAAB


mem[X,0x80037608] -> 0x0593
mem[X,0x8003760A] -> 0x0030
[5410] [M]: 0x80037608 (0x00300593) addi a1, zero, 3
x11 <- 0x00000003


mem[X,0x8003760C] -> 0x0613
mem[X,0x8003760E] -> 0x0000
[5411] [M]: 0x8003760C (0x00000613) addi a2, zero, 0
x12 <- 0x00000000


mem[X,0x80037610] -> 0x006F
mem[X,0x80037612] -> 0x0100
[5412] [M]: 0x80037610 (0x0100006F) jal zero, 16


mem[X,0x80037620] -> 0x5AE3
mem[X,0x80037622] -> 0xFEB5
[5413] [M]: 0x80037620 (0xFEB55AE3) bge a0, a1, 8180


mem[X,0x80037624] -> 0x0613
mem[X,0x80037626] -> 0x0026
[5414] [M]: 0x80037624 (0x00260613) addi a2, a2, 2
x12 <- 0x00000002


mem[X,0x80037628] -> 0x006F
mem[X,0x8003762A] -> 0x00C0
[5415] [M]: 0x80037628 (0x00C0006F) jal zero, 12


mem[X,0x80037634] -> 0x2A23
mem[X,0x80037636] -> 0x08C2
[5416] [M]: 0x80037634 (0x08C22A23) sw a2, 148(tp)
mem[0x8003B9FC] <- 0x00000002


mem[X,0x80037638] -> 0xB537
mem[X,0x8003763A] -> 0xAAAA
[5417] [M]: 0x80037638 (0xAAAAB537) lui a0, 699051
x10 <- 0xAAAAB000


mem[X,0x8003763C] -> 0x0513
mem[X,0x8003763E] -> 0xAAB5
[5418] [M]: 0x8003763C (0xAAB50513) addi a0, a0, 2731
x10 <- 0xAAAAAAAB


mem[X,0x80037640] -> 0x55B7
mem[X,0x80037642] -> 0x5555
[5419] [M]: 0x80037640 (0x555555B7) lui a1, 349525
x11 <- 0x55555000


mem[X,0x80037644] -> 0x8593
mem[X,0x80037646] -> 0x5555
[5420] [M]: 0x80037644 (0x55558593) addi a1, a1, 1365
x11 <- 0x55555555


mem[X,0x80037648] -> 0x0613
mem[X,0x8003764A] -> 0x0000
[5421] [M]: 0x80037648 (0x00000613) addi a2, zero, 0
x12 <- 0x00000000


mem[X,0x8003764C] -> 0x006F
mem[X,0x8003764E] -> 0x0180
[5422] [M]: 0x8003764C (0x0180006F) jal zero, 24


mem[X,0x80037664] -> 0x56E3
mem[X,0x80037666] -> 0xFEB5
[5423] [M]: 0x80037664 (0xFEB556E3) bge a0, a1, 8172


mem[X,0x80037668] -> 0x0613
mem[X,0x8003766A] -> 0x0026
[5424] [M]: 0x80037668 (0x00260613) addi a2, a2, 2
x12 <- 0x00000002


mem[X,0x8003766C] -> 0x006F
mem[X,0x8003766E] -> 0x00C0
[5425] [M]: 0x8003766C (0x00C0006F) jal zero, 12


mem[X,0x80037678] -> 0x2C23
mem[X,0x8003767A] -> 0x08C2
[5426] [M]: 0x80037678 (0x08C22C23) sw a2, 152(tp)
mem[0x8003BA00] <- 0x00000002


mem[X,0x8003767C] -> 0xB537
mem[X,0x8003767E] -> 0xAAAA
[5427] [M]: 0x8003767C (0xAAAAB537) lui a0, 699051
x10 <- 0xAAAAB000


mem[X,0x80037680] -> 0x0513
mem[X,0x80037682] -> 0xAAB5
[5428] [M]: 0x80037680 (0xAAB50513) addi a0, a0, 2731
x10 <- 0xAAAAAAAB


mem[X,0x80037684] -> 0xB5B7
mem[X,0x80037686] -> 0xAAAA
[5429] [M]: 0x80037684 (0xAAAAB5B7) lui a1, 699051
x11 <- 0xAAAAB000


mem[X,0x80037688] -> 0x8593
mem[X,0x8003768A] -> 0xAAA5
[5430] [M]: 0x80037688 (0xAAA58593) addi a1, a1, 2730
x11 <- 0xAAAAAAAA


mem[X,0x8003768C] -> 0x0613
mem[X,0x8003768E] -> 0x0000
[5431] [M]: 0x8003768C (0x00000613) addi a2, zero, 0
x12 <- 0x00000000


mem[X,0x80037690] -> 0x006F
mem[X,0x80037692] -> 0x00C0
[5432] [M]: 0x80037690 (0x00C0006F) jal zero, 12


mem[X,0x8003769C] -> 0x5063
mem[X,0x8003769E] -> 0x20B5
[5433] [M]: 0x8003769C (0x20B55063) bge a0, a1, 512


mem[X,0x8003789C] -> 0x0613
mem[X,0x8003789E] -> 0x0036
[5434] [M]: 0x8003789C (0x00360613) addi a2, a2, 3
x12 <- 0x00000003


mem[X,0x800378A0] -> 0x006F
mem[X,0x800378A2] -> 0x0040
[5435] [M]: 0x800378A0 (0x0040006F) jal zero, 4


mem[X,0x800378A4] -> 0x2E23
mem[X,0x800378A6] -> 0x08C2
[5436] [M]: 0x800378A4 (0x08C22E23) sw a2, 156(tp)
mem[0x8003BA04] <- 0x00000003


mem[X,0x800378A8] -> 0xB537
mem[X,0x800378AA] -> 0xAAAA
[5437] [M]: 0x800378A8 (0xAAAAB537) lui a0, 699051
x10 <- 0xAAAAB000


mem[X,0x800378AC] -> 0x0513
mem[X,0x800378AE] -> 0xAAB5
[5438] [M]: 0x800378AC (0xAAB50513) addi a0, a0, 2731
x10 <- 0xAAAAAAAB


mem[X,0x800378B0] -> 0x0593
mem[X,0x800378B2] -> 0x0050
[5439] [M]: 0x800378B0 (0x00500593) addi a1, zero, 5
x11 <- 0x00000005


mem[X,0x800378B4] -> 0x0613
mem[X,0x800378B6] -> 0x0000
[5440] [M]: 0x800378B4 (0x00000613) addi a2, zero, 0
x12 <- 0x00000000


mem[X,0x800378B8] -> 0x006F
mem[X,0x800378BA] -> 0x00C0
[5441] [M]: 0x800378B8 (0x00C0006F) jal zero, 12


mem[X,0x800378C4] -> 0x5063
mem[X,0x800378C6] -> 0x20B5
[5442] [M]: 0x800378C4 (0x20B55063) bge a0, a1, 512


mem[X,0x800378C8] -> 0x0613
mem[X,0x800378CA] -> 0x0026
[5443] [M]: 0x800378C8 (0x00260613) addi a2, a2, 2
x12 <- 0x00000002


mem[X,0x800378CC] -> 0x006F
mem[X,0x800378CE] -> 0x2000
[5444] [M]: 0x800378CC (0x2000006F) jal zero, 512


mem[X,0x80037ACC] -> 0x2023
mem[X,0x80037ACE] -> 0x0AC2
[5445] [M]: 0x80037ACC (0x0AC22023) sw a2, 160(tp)
mem[0x8003BA08] <- 0x00000002


mem[X,0x80037AD0] -> 0xB537
mem[X,0x80037AD2] -> 0xAAAA
[5446] [M]: 0x80037AD0 (0xAAAAB537) lui a0, 699051
x10 <- 0xAAAAB000


mem[X,0x80037AD4] -> 0x0513
mem[X,0x80037AD6] -> 0xAAB5
[5447] [M]: 0x80037AD4 (0xAAB50513) addi a0, a0, 2731
x10 <- 0xAAAAAAAB


mem[X,0x80037AD8] -> 0x35B7
mem[X,0x80037ADA] -> 0x3333
[5448] [M]: 0x80037AD8 (0x333335B7) lui a1, 209715
x11 <- 0x33333000


mem[X,0x80037ADC] -> 0x8593
mem[X,0x80037ADE] -> 0x3335
[5449] [M]: 0x80037ADC (0x33358593) addi a1, a1, 819
x11 <- 0x33333333


mem[X,0x80037AE0] -> 0x0613
mem[X,0x80037AE2] -> 0x0000
[5450] [M]: 0x80037AE0 (0x00000613) addi a2, zero, 0
x12 <- 0x00000000


mem[X,0x80037AE4] -> 0x006F
mem[X,0x80037AE6] -> 0x00C0
[5451] [M]: 0x80037AE4 (0x00C0006F) jal zero, 12


mem[X,0x80037AF0] -> 0x5063
mem[X,0x80037AF2] -> 0x08B5
[5452] [M]: 0x80037AF0 (0x08B55063) bge a0, a1, 128


mem[X,0x80037AF4] -> 0x0613
mem[X,0x80037AF6] -> 0x0026
[5453] [M]: 0x80037AF4 (0x00260613) addi a2, a2, 2
x12 <- 0x00000002


mem[X,0x80037AF8] -> 0x006F
mem[X,0x80037AFA] -> 0x0800
[5454] [M]: 0x80037AF8 (0x0800006F) jal zero, 128


mem[X,0x80037B78] -> 0x2223
mem[X,0x80037B7A] -> 0x0AC2
[5455] [M]: 0x80037B78 (0x0AC22223) sw a2, 164(tp)
mem[0x8003BA0C] <- 0x00000002


mem[X,0x80037B7C] -> 0xB537
mem[X,0x80037B7E] -> 0xAAAA
[5456] [M]: 0x80037B7C (0xAAAAB537) lui a0, 699051
x10 <- 0xAAAAB000


mem[X,0x80037B80] -> 0x0513
mem[X,0x80037B82] -> 0xAAB5
[5457] [M]: 0x80037B80 (0xAAB50513) addi a0, a0, 2731
x10 <- 0xAAAAAAAB


mem[X,0x80037B84] -> 0x65B7
mem[X,0x80037B86] -> 0x6666
[5458] [M]: 0x80037B84 (0x666665B7) lui a1, 419430
x11 <- 0x66666000


mem[X,0x80037B88] -> 0x8593
mem[X,0x80037B8A] -> 0x6665
[5459] [M]: 0x80037B88 (0x66658593) addi a1, a1, 1638
x11 <- 0x66666666


mem[X,0x80037B8C] -> 0x0613
mem[X,0x80037B8E] -> 0x0000
[5460] [M]: 0x80037B8C (0x00000613) addi a2, zero, 0
x12 <- 0x00000000


mem[X,0x80037B90] -> 0x006F
mem[X,0x80037B92] -> 0x00C0
[5461] [M]: 0x80037B90 (0x00C0006F) jal zero, 12


mem[X,0x80037B9C] -> 0x5CE3
mem[X,0x80037B9E] -> 0xFEB5
[5462] [M]: 0x80037B9C (0xFEB55CE3) bge a0, a1, 8184


mem[X,0x80037BA0] -> 0x0613
mem[X,0x80037BA2] -> 0x0026
[5463] [M]: 0x80037BA0 (0x00260613) addi a2, a2, 2
x12 <- 0x00000002


mem[X,0x80037BA4] -> 0x006F
mem[X,0x80037BA6] -> 0x00C0
[5464] [M]: 0x80037BA4 (0x00C0006F) jal zero, 12


mem[X,0x80037BB0] -> 0x2423
mem[X,0x80037BB2] -> 0x0AC2
[5465] [M]: 0x80037BB0 (0x0AC22423) sw a2, 168(tp)
mem[0x8003BA10] <- 0x00000002


mem[X,0x80037BB4] -> 0xB537
mem[X,0x80037BB6] -> 0xAAAA
[5466] [M]: 0x80037BB4 (0xAAAAB537) lui a0, 699051
x10 <- 0xAAAAB000


mem[X,0x80037BB8] -> 0x0513
mem[X,0x80037BBA] -> 0xAAB5
[5467] [M]: 0x80037BB8 (0xAAB50513) addi a0, a0, 2731
x10 <- 0xAAAAAAAB


mem[X,0x80037BBC] -> 0x55B7
mem[X,0x80037BBE] -> 0xFFFF
[5468] [M]: 0x80037BBC (0xFFFF55B7) lui a1, 1048565
x11 <- 0xFFFF5000


mem[X,0x80037BC0] -> 0x8593
mem[X,0x80037BC2] -> 0xAFC5
[5469] [M]: 0x80037BC0 (0xAFC58593) addi a1, a1, 2812
x11 <- 0xFFFF4AFC


mem[X,0x80037BC4] -> 0x0613
mem[X,0x80037BC6] -> 0x0000
[5470] [M]: 0x80037BC4 (0x00000613) addi a2, zero, 0
x12 <- 0x00000000


mem[X,0x80037BC8] -> 0x006F
mem[X,0x80037BCA] -> 0x00C0
[5471] [M]: 0x80037BC8 (0x00C0006F) jal zero, 12


mem[X,0x80037BD4] -> 0x5663
mem[X,0x80037BD6] -> 0x00B5
[5472] [M]: 0x80037BD4 (0x00B55663) bge a0, a1, 12


mem[X,0x80037BD8] -> 0x0613
mem[X,0x80037BDA] -> 0x0026
[5473] [M]: 0x80037BD8 (0x00260613) addi a2, a2, 2
x12 <- 0x00000002


mem[X,0x80037BDC] -> 0x006F
mem[X,0x80037BDE] -> 0x00C0
[5474] [M]: 0x80037BDC (0x00C0006F) jal zero, 12


mem[X,0x80037BE8] -> 0x2623
mem[X,0x80037BEA] -> 0x0AC2
[5475] [M]: 0x80037BE8 (0x0AC22623) sw a2, 172(tp)
mem[0x8003BA14] <- 0x00000002


mem[X,0x80037BEC] -> 0xB537
mem[X,0x80037BEE] -> 0xAAAA
[5476] [M]: 0x80037BEC (0xAAAAB537) lui a0, 699051
x10 <- 0xAAAAB000


mem[X,0x80037BF0] -> 0x0513
mem[X,0x80037BF2] -> 0xAAB5
[5477] [M]: 0x80037BF0 (0xAAB50513) addi a0, a0, 2731
x10 <- 0xAAAAAAAB


mem[X,0x80037BF4] -> 0xB5B7
mem[X,0x80037BF6] -> 0x0000
[5478] [M]: 0x80037BF4 (0x0000B5B7) lui a1, 11
x11 <- 0x0000B000


mem[X,0x80037BF8] -> 0x8593
mem[X,0x80037BFA] -> 0x5045
[5479] [M]: 0x80037BF8 (0x50458593) addi a1, a1, 1284
x11 <- 0x0000B504


mem[X,0x80037BFC] -> 0x0613
mem[X,0x80037BFE] -> 0x0000
[5480] [M]: 0x80037BFC (0x00000613) addi a2, zero, 0
x12 <- 0x00000000


mem[X,0x80037C00] -> 0x006F
mem[X,0x80037C02] -> 0x2B10
[5481] [M]: 0x80037C00 (0x2B10006F) jal zero, 2736


mem[X,0x800386B0] -> 0x5A63
mem[X,0x800386B2] -> 0xD4B5
[5482] [M]: 0x800386B0 (0xD4B55A63) bge a0, a1, 5460


mem[X,0x800386B4] -> 0x0613
mem[X,0x800386B6] -> 0x0026
[5483] [M]: 0x800386B4 (0x00260613) addi a2, a2, 2
x12 <- 0x00000002


mem[X,0x800386B8] -> 0x006F
mem[X,0x800386BA] -> 0x00C0
[5484] [M]: 0x800386B8 (0x00C0006F) jal zero, 12


mem[X,0x800386C4] -> 0x2823
mem[X,0x800386C6] -> 0x0AC2
[5485] [M]: 0x800386C4 (0x0AC22823) sw a2, 176(tp)
mem[0x8003BA18] <- 0x00000002


mem[X,0x800386C8] -> 0xB537
mem[X,0x800386CA] -> 0xAAAA
[5486] [M]: 0x800386C8 (0xAAAAB537) lui a0, 699051
x10 <- 0xAAAAB000


mem[X,0x800386CC] -> 0x0513
mem[X,0x800386CE] -> 0xAAB5
[5487] [M]: 0x800386CC (0xAAB50513) addi a0, a0, 2731
x10 <- 0xAAAAAAAB


mem[X,0x800386D0] -> 0x0593
mem[X,0x800386D2] -> 0x0020
[5488] [M]: 0x800386D0 (0x00200593) addi a1, zero, 2
x11 <- 0x00000002


mem[X,0x800386D4] -> 0x0613
mem[X,0x800386D6] -> 0x0000
[5489] [M]: 0x800386D4 (0x00000613) addi a2, zero, 0
x12 <- 0x00000000


mem[X,0x800386D8] -> 0x006F
mem[X,0x800386DA] -> 0x0140
[5490] [M]: 0x800386D8 (0x0140006F) jal zero, 20


mem[X,0x800386EC] -> 0x58E3
mem[X,0x800386EE] -> 0xFEB5
[5491] [M]: 0x800386EC (0xFEB558E3) bge a0, a1, 8176


mem[X,0x800386F0] -> 0x0613
mem[X,0x800386F2] -> 0x0026
[5492] [M]: 0x800386F0 (0x00260613) addi a2, a2, 2
x12 <- 0x00000002


mem[X,0x800386F4] -> 0x006F
mem[X,0x800386F6] -> 0x00C0
[5493] [M]: 0x800386F4 (0x00C0006F) jal zero, 12


mem[X,0x80038700] -> 0x2A23
mem[X,0x80038702] -> 0x0AC2
[5494] [M]: 0x80038700 (0x0AC22A23) sw a2, 180(tp)
mem[0x8003BA1C] <- 0x00000002


mem[X,0x80038704] -> 0xB537
mem[X,0x80038706] -> 0xAAAA
[5495] [M]: 0x80038704 (0xAAAAB537) lui a0, 699051
x10 <- 0xAAAAB000


mem[X,0x80038708] -> 0x0513
mem[X,0x8003870A] -> 0xAAB5
[5496] [M]: 0x80038708 (0xAAB50513) addi a0, a0, 2731
x10 <- 0xAAAAAAAB


mem[X,0x8003870C] -> 0x55B7
mem[X,0x8003870E] -> 0x5555
[5497] [M]: 0x8003870C (0x555555B7) lui a1, 349525
x11 <- 0x55555000


mem[X,0x80038710] -> 0x8593
mem[X,0x80038712] -> 0x5545
[5498] [M]: 0x80038710 (0x55458593) addi a1, a1, 1364
x11 <- 0x55555554


mem[X,0x80038714] -> 0x0613
mem[X,0x80038716] -> 0x0000
[5499] [M]: 0x80038714 (0x00000613) addi a2, zero, 0
x12 <- 0x00000000


clint::tick mtime <- 0x0000000000000037
 clint timer pending at mtime 0x0000000000000037
htif::tick 0x0000000000000000
mem[X,0x80038718] -> 0x006F
mem[X,0x8003871A] -> 0x00C0
[5500] [M]: 0x80038718 (0x00C0006F) jal zero, 12


mem[X,0x80038724] -> 0x5CE3
mem[X,0x80038726] -> 0xFEB5
[5501] [M]: 0x80038724 (0xFEB55CE3) bge a0, a1, 8184


mem[X,0x80038728] -> 0x0613
mem[X,0x8003872A] -> 0x0026
[5502] [M]: 0x80038728 (0x00260613) addi a2, a2, 2
x12 <- 0x00000002


mem[X,0x8003872C] -> 0x006F
mem[X,0x8003872E] -> 0x00C0
[5503] [M]: 0x8003872C (0x00C0006F) jal zero, 12


mem[X,0x80038738] -> 0x2C23
mem[X,0x8003873A] -> 0x0AC2
[5504] [M]: 0x80038738 (0x0AC22C23) sw a2, 184(tp)
mem[0x8003BA20] <- 0x00000002


mem[X,0x8003873C] -> 0xB537
mem[X,0x8003873E] -> 0xAAAA
[5505] [M]: 0x8003873C (0xAAAAB537) lui a0, 699051
x10 <- 0xAAAAB000


mem[X,0x80038740] -> 0x0513
mem[X,0x80038742] -> 0xAAB5
[5506] [M]: 0x80038740 (0xAAB50513) addi a0, a0, 2731
x10 <- 0xAAAAAAAB


mem[X,0x80038744] -> 0x0593
mem[X,0x80038746] -> 0x0000
[5507] [M]: 0x80038744 (0x00000593) addi a1, zero, 0
x11 <- 0x00000000


mem[X,0x80038748] -> 0x0613
mem[X,0x8003874A] -> 0x0000
[5508] [M]: 0x80038748 (0x00000613) addi a2, zero, 0
x12 <- 0x00000000


mem[X,0x8003874C] -> 0x006F
mem[X,0x8003874E] -> 0x00C0
[5509] [M]: 0x8003874C (0x00C0006F) jal zero, 12


mem[X,0x80038758] -> 0x5063
mem[X,0x8003875A] -> 0x10B5
[5510] [M]: 0x80038758 (0x10B55063) bge a0, a1, 256


mem[X,0x8003875C] -> 0x0613
mem[X,0x8003875E] -> 0x0026
[5511] [M]: 0x8003875C (0x00260613) addi a2, a2, 2
x12 <- 0x00000002


mem[X,0x80038760] -> 0x006F
mem[X,0x80038762] -> 0x1000
[5512] [M]: 0x80038760 (0x1000006F) jal zero, 256


mem[X,0x80038860] -> 0x2E23
mem[X,0x80038862] -> 0x0AC2
[5513] [M]: 0x80038860 (0x0AC22E23) sw a2, 188(tp)
mem[0x8003BA24] <- 0x00000002


mem[X,0x80038864] -> 0xB537
mem[X,0x80038866] -> 0xAAAA
[5514] [M]: 0x80038864 (0xAAAAB537) lui a0, 699051
x10 <- 0xAAAAB000


mem[X,0x80038868] -> 0x0513
mem[X,0x8003886A] -> 0xAAB5
[5515] [M]: 0x80038868 (0xAAB50513) addi a0, a0, 2731
x10 <- 0xAAAAAAAB


mem[X,0x8003886C] -> 0x0593
mem[X,0x8003886E] -> 0x0040
[5516] [M]: 0x8003886C (0x00400593) addi a1, zero, 4
x11 <- 0x00000004


mem[X,0x80038870] -> 0x0613
mem[X,0x80038872] -> 0x0000
[5517] [M]: 0x80038870 (0x00000613) addi a2, zero, 0
x12 <- 0x00000000


mem[X,0x80038874] -> 0x006F
mem[X,0x80038876] -> 0x00C0
[5518] [M]: 0x80038874 (0x00C0006F) jal zero, 12


mem[X,0x80038880] -> 0x5063
mem[X,0x80038882] -> 0x04B5
[5519] [M]: 0x80038880 (0x04B55063) bge a0, a1, 64


mem[X,0x80038884] -> 0x0613
mem[X,0x80038886] -> 0x0026
[5520] [M]: 0x80038884 (0x00260613) addi a2, a2, 2
x12 <- 0x00000002


mem[X,0x80038888] -> 0x006F
mem[X,0x8003888A] -> 0x0400
[5521] [M]: 0x80038888 (0x0400006F) jal zero, 64


mem[X,0x800388C8] -> 0x2023
mem[X,0x800388CA] -> 0x0CC2
[5522] [M]: 0x800388C8 (0x0CC22023) sw a2, 192(tp)
mem[0x8003BA28] <- 0x00000002


mem[X,0x800388CC] -> 0xB537
mem[X,0x800388CE] -> 0xAAAA
[5523] [M]: 0x800388CC (0xAAAAB537) lui a0, 699051
x10 <- 0xAAAAB000


mem[X,0x800388D0] -> 0x0513
mem[X,0x800388D2] -> 0xAAB5
[5524] [M]: 0x800388D0 (0xAAB50513) addi a0, a0, 2731
x10 <- 0xAAAAAAAB


mem[X,0x800388D4] -> 0x35B7
mem[X,0x800388D6] -> 0x3333
[5525] [M]: 0x800388D4 (0x333335B7) lui a1, 209715
x11 <- 0x33333000


mem[X,0x800388D8] -> 0x8593
mem[X,0x800388DA] -> 0x3325
[5526] [M]: 0x800388D8 (0x33258593) addi a1, a1, 818
x11 <- 0x33333332


mem[X,0x800388DC] -> 0x0613
mem[X,0x800388DE] -> 0x0000
[5527] [M]: 0x800388DC (0x00000613) addi a2, zero, 0
x12 <- 0x00000000


mem[X,0x800388E0] -> 0x006F
mem[X,0x800388E2] -> 0x00C0
[5528] [M]: 0x800388E0 (0x00C0006F) jal zero, 12


mem[X,0x800388EC] -> 0x5663
mem[X,0x800388EE] -> 0x00B5
[5529] [M]: 0x800388EC (0x00B55663) bge a0, a1, 12


mem[X,0x800388F0] -> 0x0613
mem[X,0x800388F2] -> 0x0026
[5530] [M]: 0x800388F0 (0x00260613) addi a2, a2, 2
x12 <- 0x00000002


mem[X,0x800388F4] -> 0x006F
mem[X,0x800388F6] -> 0x00C0
[5531] [M]: 0x800388F4 (0x00C0006F) jal zero, 12


mem[X,0x80038900] -> 0x2223
mem[X,0x80038902] -> 0x0CC2
[5532] [M]: 0x80038900 (0x0CC22223) sw a2, 196(tp)
mem[0x8003BA2C] <- 0x00000002


mem[X,0x80038904] -> 0xB537
mem[X,0x80038906] -> 0xAAAA
[5533] [M]: 0x80038904 (0xAAAAB537) lui a0, 699051
x10 <- 0xAAAAB000


mem[X,0x80038908] -> 0x0513
mem[X,0x8003890A] -> 0xAAB5
[5534] [M]: 0x80038908 (0xAAB50513) addi a0, a0, 2731
x10 <- 0xAAAAAAAB


mem[X,0x8003890C] -> 0x65B7
mem[X,0x8003890E] -> 0x6666
[5535] [M]: 0x8003890C (0x666665B7) lui a1, 419430
x11 <- 0x66666000


mem[X,0x80038910] -> 0x8593
mem[X,0x80038912] -> 0x6655
[5536] [M]: 0x80038910 (0x66558593) addi a1, a1, 1637
x11 <- 0x66666665


mem[X,0x80038914] -> 0x0613
mem[X,0x80038916] -> 0x0000
[5537] [M]: 0x80038914 (0x00000613) addi a2, zero, 0
x12 <- 0x00000000


mem[X,0x80038918] -> 0x006F
mem[X,0x8003891A] -> 0x00C0
[5538] [M]: 0x80038918 (0x00C0006F) jal zero, 12


mem[X,0x80038924] -> 0x5663
mem[X,0x80038926] -> 0x00B5
[5539] [M]: 0x80038924 (0x00B55663) bge a0, a1, 12


mem[X,0x80038928] -> 0x0613
mem[X,0x8003892A] -> 0x0026
[5540] [M]: 0x80038928 (0x00260613) addi a2, a2, 2
x12 <- 0x00000002


mem[X,0x8003892C] -> 0x006F
mem[X,0x8003892E] -> 0x00C0
[5541] [M]: 0x8003892C (0x00C0006F) jal zero, 12


mem[X,0x80038938] -> 0x2423
mem[X,0x8003893A] -> 0x0CC2
[5542] [M]: 0x80038938 (0x0CC22423) sw a2, 200(tp)
mem[0x8003BA30] <- 0x00000002


mem[X,0x8003893C] -> 0xB537
mem[X,0x8003893E] -> 0xAAAA
[5543] [M]: 0x8003893C (0xAAAAB537) lui a0, 699051
x10 <- 0xAAAAB000


mem[X,0x80038940] -> 0x0513
mem[X,0x80038942] -> 0xAAB5
[5544] [M]: 0x80038940 (0xAAB50513) addi a0, a0, 2731
x10 <- 0xAAAAAAAB


mem[X,0x80038944] -> 0xB5B7
mem[X,0x80038946] -> 0x0000
[5545] [M]: 0x80038944 (0x0000B5B7) lui a1, 11
x11 <- 0x0000B000


mem[X,0x80038948] -> 0x8593
mem[X,0x8003894A] -> 0x5035
[5546] [M]: 0x80038948 (0x50358593) addi a1, a1, 1283
x11 <- 0x0000B503


mem[X,0x8003894C] -> 0x0613
mem[X,0x8003894E] -> 0x0000
[5547] [M]: 0x8003894C (0x00000613) addi a2, zero, 0
x12 <- 0x00000000


mem[X,0x80038950] -> 0x006F
mem[X,0x80038952] -> 0x00C0
[5548] [M]: 0x80038950 (0x00C0006F) jal zero, 12


mem[X,0x8003895C] -> 0x5063
mem[X,0x8003895E] -> 0x08B5
[5549] [M]: 0x8003895C (0x08B55063) bge a0, a1, 128


mem[X,0x80038960] -> 0x0613
mem[X,0x80038962] -> 0x0026
[5550] [M]: 0x80038960 (0x00260613) addi a2, a2, 2
x12 <- 0x00000002


mem[X,0x80038964] -> 0x006F
mem[X,0x80038966] -> 0x0800
[5551] [M]: 0x80038964 (0x0800006F) jal zero, 128


mem[X,0x800389E4] -> 0x2623
mem[X,0x800389E6] -> 0x0CC2
[5552] [M]: 0x800389E4 (0x0CC22623) sw a2, 204(tp)
mem[0x8003BA34] <- 0x00000002


mem[X,0x800389E8] -> 0xB537
mem[X,0x800389EA] -> 0xAAAA
[5553] [M]: 0x800389E8 (0xAAAAB537) lui a0, 699051
x10 <- 0xAAAAB000


mem[X,0x800389EC] -> 0x0513
mem[X,0x800389EE] -> 0xAAB5
[5554] [M]: 0x800389EC (0xAAB50513) addi a0, a0, 2731
x10 <- 0xAAAAAAAB


mem[X,0x800389F0] -> 0x55B7
mem[X,0x800389F2] -> 0x5555
[5555] [M]: 0x800389F0 (0x555555B7) lui a1, 349525
x11 <- 0x55555000


mem[X,0x800389F4] -> 0x8593
mem[X,0x800389F6] -> 0x5565
[5556] [M]: 0x800389F4 (0x55658593) addi a1, a1, 1366
x11 <- 0x55555556


mem[X,0x800389F8] -> 0x0613
mem[X,0x800389FA] -> 0x0000
[5557] [M]: 0x800389F8 (0x00000613) addi a2, zero, 0
x12 <- 0x00000000


mem[X,0x800389FC] -> 0x006F
mem[X,0x800389FE] -> 0x00C0
[5558] [M]: 0x800389FC (0x00C0006F) jal zero, 12


mem[X,0x80038A08] -> 0x5663
mem[X,0x80038A0A] -> 0x00B5
[5559] [M]: 0x80038A08 (0x00B55663) bge a0, a1, 12


mem[X,0x80038A0C] -> 0x0613
mem[X,0x80038A0E] -> 0x0026
[5560] [M]: 0x80038A0C (0x00260613) addi a2, a2, 2
x12 <- 0x00000002


mem[X,0x80038A10] -> 0x006F
mem[X,0x80038A12] -> 0x00C0
[5561] [M]: 0x80038A10 (0x00C0006F) jal zero, 12


mem[X,0x80038A1C] -> 0x2823
mem[X,0x80038A1E] -> 0x0CC2
[5562] [M]: 0x80038A1C (0x0CC22823) sw a2, 208(tp)
mem[0x8003BA38] <- 0x00000002


mem[X,0x80038A20] -> 0xB537
mem[X,0x80038A22] -> 0xAAAA
[5563] [M]: 0x80038A20 (0xAAAAB537) lui a0, 699051
x10 <- 0xAAAAB000


mem[X,0x80038A24] -> 0x0513
mem[X,0x80038A26] -> 0xAAB5
[5564] [M]: 0x80038A24 (0xAAB50513) addi a0, a0, 2731
x10 <- 0xAAAAAAAB


mem[X,0x80038A28] -> 0xB5B7
mem[X,0x80038A2A] -> 0xAAAA
[5565] [M]: 0x80038A28 (0xAAAAB5B7) lui a1, 699051
x11 <- 0xAAAAB000


mem[X,0x80038A2C] -> 0x8593
mem[X,0x80038A2E] -> 0xAAB5
[5566] [M]: 0x80038A2C (0xAAB58593) addi a1, a1, 2731
x11 <- 0xAAAAAAAB


mem[X,0x80038A30] -> 0x0613
mem[X,0x80038A32] -> 0x0000
[5567] [M]: 0x80038A30 (0x00000613) addi a2, zero, 0
x12 <- 0x00000000


mem[X,0x80038A34] -> 0x006F
mem[X,0x80038A36] -> 0x0180
[5568] [M]: 0x80038A34 (0x0180006F) jal zero, 24


mem[X,0x80038A4C] -> 0x56E3
mem[X,0x80038A4E] -> 0xFEB5
[5569] [M]: 0x80038A4C (0xFEB556E3) bge a0, a1, 8172


mem[X,0x80038A38] -> 0x0613
mem[X,0x80038A3A] -> 0x0016
[5570] [M]: 0x80038A38 (0x00160613) addi a2, a2, 1
x12 <- 0x00000001


mem[X,0x80038A3C] -> 0x006F
mem[X,0x80038A3E] -> 0x0240
[5571] [M]: 0x80038A3C (0x0240006F) jal zero, 36


mem[X,0x80038A60] -> 0x2A23
mem[X,0x80038A62] -> 0x0CC2
[5572] [M]: 0x80038A60 (0x0CC22A23) sw a2, 212(tp)
mem[0x8003BA3C] <- 0x00000001


mem[X,0x80038A64] -> 0xB537
mem[X,0x80038A66] -> 0xAAAA
[5573] [M]: 0x80038A64 (0xAAAAB537) lui a0, 699051
x10 <- 0xAAAAB000


mem[X,0x80038A68] -> 0x0513
mem[X,0x80038A6A] -> 0xAAB5
[5574] [M]: 0x80038A68 (0xAAB50513) addi a0, a0, 2731
x10 <- 0xAAAAAAAB


mem[X,0x80038A6C] -> 0x0593
mem[X,0x80038A6E] -> 0x0060
[5575] [M]: 0x80038A6C (0x00600593) addi a1, zero, 6
x11 <- 0x00000006


mem[X,0x80038A70] -> 0x0613
mem[X,0x80038A72] -> 0x0000
[5576] [M]: 0x80038A70 (0x00000613) addi a2, zero, 0
x12 <- 0x00000000


mem[X,0x80038A74] -> 0x006F
mem[X,0x80038A76] -> 0x00C0
[5577] [M]: 0x80038A74 (0x00C0006F) jal zero, 12


mem[X,0x80038A80] -> 0x5063
mem[X,0x80038A82] -> 0x40B5
[5578] [M]: 0x80038A80 (0x40B55063) bge a0, a1, 1024


mem[X,0x80038A84] -> 0x0613
mem[X,0x80038A86] -> 0x0026
[5579] [M]: 0x80038A84 (0x00260613) addi a2, a2, 2
x12 <- 0x00000002


mem[X,0x80038A88] -> 0x006F
mem[X,0x80038A8A] -> 0x4000
[5580] [M]: 0x80038A88 (0x4000006F) jal zero, 1024


mem[X,0x80038E88] -> 0x2C23
mem[X,0x80038E8A] -> 0x0CC2
[5581] [M]: 0x80038E88 (0x0CC22C23) sw a2, 216(tp)
mem[0x8003BA40] <- 0x00000002


mem[X,0x80038E8C] -> 0x0513
mem[X,0x80038E8E] -> 0x0000
[5582] [M]: 0x80038E8C (0x00000513) addi a0, zero, 0
x10 <- 0x00000000


mem[X,0x80038E90] -> 0x0593
mem[X,0x80038E92] -> 0x2000
[5583] [M]: 0x80038E90 (0x20000593) addi a1, zero, 512
x11 <- 0x00000200


mem[X,0x80038E94] -> 0x0613
mem[X,0x80038E96] -> 0x0000
[5584] [M]: 0x80038E94 (0x00000613) addi a2, zero, 0
x12 <- 0x00000000


mem[X,0x80038E98] -> 0x006F
mem[X,0x80038E9A] -> 0x0180
[5585] [M]: 0x80038E98 (0x0180006F) jal zero, 24


mem[X,0x80038EB0] -> 0x56E3
mem[X,0x80038EB2] -> 0xFEB5
[5586] [M]: 0x80038EB0 (0xFEB556E3) bge a0, a1, 8172


mem[X,0x80038EB4] -> 0x0613
mem[X,0x80038EB6] -> 0x0026
[5587] [M]: 0x80038EB4 (0x00260613) addi a2, a2, 2
x12 <- 0x00000002


mem[X,0x80038EB8] -> 0x006F
mem[X,0x80038EBA] -> 0x00C0
[5588] [M]: 0x80038EB8 (0x00C0006F) jal zero, 12


mem[X,0x80038EC4] -> 0x2E23
mem[X,0x80038EC6] -> 0x0CC2
[5589] [M]: 0x80038EC4 (0x0CC22E23) sw a2, 220(tp)
mem[0x8003BA44] <- 0x00000002


mem[X,0x80038EC8] -> 0x0537
mem[X,0x80038ECA] -> 0xFFC0
[5590] [M]: 0x80038EC8 (0xFFC00537) lui a0, 1047552
x10 <- 0xFFC00000


mem[X,0x80038ECC] -> 0x0513
mem[X,0x80038ECE] -> 0xFFF5
[5591] [M]: 0x80038ECC (0xFFF50513) addi a0, a0, 4095
x10 <- 0xFFBFFFFF


mem[X,0x80038ED0] -> 0x05B7
mem[X,0x80038ED2] -> 0x0040
[5592] [M]: 0x80038ED0 (0x004005B7) lui a1, 1024
x11 <- 0x00400000


mem[X,0x80038ED4] -> 0x0613
mem[X,0x80038ED6] -> 0x0000
[5593] [M]: 0x80038ED4 (0x00000613) addi a2, zero, 0
x12 <- 0x00000000


mem[X,0x80038ED8] -> 0x006F
mem[X,0x80038EDA] -> 0x00C0
[5594] [M]: 0x80038ED8 (0x00C0006F) jal zero, 12


mem[X,0x80038EE4] -> 0x5063
mem[X,0x80038EE6] -> 0x04B5
[5595] [M]: 0x80038EE4 (0x04B55063) bge a0, a1, 64


mem[X,0x80038EE8] -> 0x0613
mem[X,0x80038EEA] -> 0x0026
[5596] [M]: 0x80038EE8 (0x00260613) addi a2, a2, 2
x12 <- 0x00000002


mem[X,0x80038EEC] -> 0x006F
mem[X,0x80038EEE] -> 0x0400
[5597] [M]: 0x80038EEC (0x0400006F) jal zero, 64


mem[X,0x80038F2C] -> 0x2023
mem[X,0x80038F2E] -> 0x0EC2
[5598] [M]: 0x80038F2C (0x0EC22023) sw a2, 224(tp)
mem[0x8003BA48] <- 0x00000002


mem[X,0x80038F30] -> 0x006F
mem[X,0x80038F32] -> 0x0200
[5599] [M]: 0x80038F30 (0x0200006F) jal zero, 32


clint::tick mtime <- 0x0000000000000038
 clint timer pending at mtime 0x0000000000000038
htif::tick 0x0000000000000000
mem[X,0x80038F50] -> 0x0093
mem[X,0x80038F52] -> 0x0010
[5600] [M]: 0x80038F50 (0x00100093) addi ra, zero, 1
x1 <- 0x00000001


mem[X,0x80038F54] -> 0x0F17
mem[X,0x80038F56] -> 0x0000
[5601] [M]: 0x80038F54 (0x00000F17) auipc t5, 0
x30 <- 0x80038F54


mem[X,0x80038F58] -> 0x2623
mem[X,0x80038F5A] -> 0x0A1F
[5602] [M]: 0x80038F58 (0x0A1F2623) sw ra, 172(t5)
htif[0x80039000] <- 0x00000001


mem[X,0x80038F5C] -> 0xF06F
mem[X,0x80038F5E] -> 0xFF9F
[5603] [M]: 0x80038F5C (0xFF9FF06F) jal zero, 2097144


mem[X,0x80038F54] -> 0x0F17
mem[X,0x80038F56] -> 0x0000
[5604] [M]: 0x80038F54 (0x00000F17) auipc t5, 0
x30 <- 0x80038F54


mem[X,0x80038F58] -> 0x2623
mem[X,0x80038F5A] -> 0x0A1F
[5605] [M]: 0x80038F58 (0x0A1F2623) sw ra, 172(t5)
htif[0x80039000] <- 0x00000001


mem[X,0x80038F5C] -> 0xF06F
mem[X,0x80038F5E] -> 0xFF9F
[5606] [M]: 0x80038F5C (0xFF9FF06F) jal zero, 2097144


mem[X,0x80038F54] -> 0x0F17
mem[X,0x80038F56] -> 0x0000
[5607] [M]: 0x80038F54 (0x00000F17) auipc t5, 0
x30 <- 0x80038F54


mem[X,0x80038F58] -> 0x2623
mem[X,0x80038F5A] -> 0x0A1F
[5608] [M]: 0x80038F58 (0x0A1F2623) sw ra, 172(t5)
htif[0x80039000] <- 0x00000001
htif-syscall-proxy cmd: 0x000000000001

SUCCESS
