using /home/abdul_waheed/github_files/UET-Pcore-with-c-ext/verif/riscof_work/I/src/blt-01.S/ref/Reference-sail_c_simulator.signature for test-signature output.
[Sail] Allocating new block 0x80000000
tohost located at 0x80037000
[Sail] Allocating new block 0x0

Running file ref.elf.
ELF Entry @ 0x80000000
begin_signature: 0x80039110
end_signature: 0x80039a30
CSR mstatus <- 0x00000000 (input: 0x00000000)
mem[X,0x00001000] -> 0x0297
mem[X,0x00001002] -> 0x0000
[0] [M]: 0x00001000 (0x00000297) auipc t0, 0
x5 <- 0x00001000


mem[X,0x00001004] -> 0x8593
mem[X,0x00001006] -> 0x0202
[1] [M]: 0x00001004 (0x02028593) addi a1, t0, 32
x11 <- 0x00001020


mem[X,0x00001008] -> 0x2573
mem[X,0x0000100A] -> 0xF140
[2] [M]: 0x00001008 (0xF1402573) csrrs a0, mhartid, zero
CSR mhartid -> 0x00000000
x10 <- 0x00000000


mem[X,0x0000100C] -> 0xA283
mem[X,0x0000100E] -> 0x0182
[3] [M]: 0x0000100C (0x0182A283) lw t0, 24(t0)
mem[R,0x00001018] -> 0x80000000
x5 <- 0x80000000


mem[X,0x00001010] -> 0x8067
mem[X,0x00001012] -> 0x0002
[4] [M]: 0x00001010 (0x00028067) jalr zero, t0, 0


mem[X,0x80000000] -> 0xC0B7
mem[X,0x80000002] -> 0xFEED
[5] [M]: 0x80000000 (0xFEEDC0B7) lui ra, 1044188
x1 <- 0xFEEDC000


mem[X,0x80000004] -> 0x8093
mem[X,0x80000006] -> 0xEAD0
[6] [M]: 0x80000004 (0xEAD08093) addi ra, ra, 3757
x1 <- 0xFEEDBEAD


mem[X,0x80000008] -> 0xE137
mem[X,0x8000000A] -> 0xFF76
[7] [M]: 0x80000008 (0xFF76E137) lui sp, 1046382
x2 <- 0xFF76E000


mem[X,0x8000000C] -> 0x0113
mem[X,0x8000000E] -> 0xF561
[8] [M]: 0x8000000C (0xF5610113) addi sp, sp, 3926
x2 <- 0xFF76DF56


mem[X,0x80000010] -> 0x71B7
mem[X,0x80000012] -> 0x7FBB
[9] [M]: 0x80000010 (0x7FBB71B7) lui gp, 523191
x3 <- 0x7FBB7000


mem[X,0x80000014] -> 0x8193
mem[X,0x80000016] -> 0xFAB1
[10] [M]: 0x80000014 (0xFAB18193) addi gp, gp, 4011
x3 <- 0x7FBB6FAB


mem[X,0x80000018] -> 0xB237
mem[X,0x8000001A] -> 0xBFDD
[11] [M]: 0x80000018 (0xBFDDB237) lui tp, 785883
x4 <- 0xBFDDB000


mem[X,0x8000001C] -> 0x0213
mem[X,0x8000001E] -> 0x7D52
[12] [M]: 0x8000001C (0x7D520213) addi tp, tp, 2005
x4 <- 0xBFDDB7D5


mem[X,0x80000020] -> 0xE2B7
mem[X,0x80000022] -> 0xDFEE
[13] [M]: 0x80000020 (0xDFEEE2B7) lui t0, 917230
x5 <- 0xDFEEE000


mem[X,0x80000024] -> 0x8293
mem[X,0x80000026] -> 0xBEA2
[14] [M]: 0x80000024 (0xBEA28293) addi t0, t0, 3050
x5 <- 0xDFEEDBEA


mem[X,0x80000028] -> 0x7337
mem[X,0x8000002A] -> 0x6FF7
[15] [M]: 0x80000028 (0x6FF77337) lui t1, 458615
x6 <- 0x6FF77000


mem[X,0x8000002C] -> 0x0313
mem[X,0x8000002E] -> 0xDF53
[16] [M]: 0x8000002C (0xDF530313) addi t1, t1, 3573
x6 <- 0x6FF76DF5


mem[X,0x80000030] -> 0xB3B7
mem[X,0x80000032] -> 0xB7FB
[17] [M]: 0x80000030 (0xB7FBB3B7) lui t2, 753595
x7 <- 0xB7FBB000


mem[X,0x80000034] -> 0x8393
mem[X,0x80000036] -> 0x6FA3
[18] [M]: 0x80000034 (0x6FA38393) addi t2, t2, 1786
x7 <- 0xB7FBB6FA


mem[X,0x80000038] -> 0xE437
mem[X,0x8000003A] -> 0x5BFD
[19] [M]: 0x80000038 (0x5BFDE437) lui fp, 376798
x8 <- 0x5BFDE000


mem[X,0x8000003C] -> 0x0413
mem[X,0x8000003E] -> 0xB7D4
[20] [M]: 0x8000003C (0xB7D40413) addi fp, fp, 2941
x8 <- 0x5BFDDB7D


mem[X,0x80000040] -> 0xF4B7
mem[X,0x80000042] -> 0xADFE
[21] [M]: 0x80000040 (0xADFEF4B7) lui s1, 712687
x9 <- 0xADFEF000


mem[X,0x80000044] -> 0x8493
mem[X,0x80000046] -> 0xDBE4
[22] [M]: 0x80000044 (0xDBE48493) addi s1, s1, 3518
x9 <- 0xADFEEDBE


mem[X,0x80000048] -> 0x7537
mem[X,0x8000004A] -> 0x56FF
[23] [M]: 0x80000048 (0x56FF7537) lui a0, 356343
x10 <- 0x56FF7000


mem[X,0x8000004C] -> 0x0513
mem[X,0x8000004E] -> 0x6DF5
[24] [M]: 0x8000004C (0x6DF50513) addi a0, a0, 1759
x10 <- 0x56FF76DF


mem[X,0x80000050] -> 0xC5B7
mem[X,0x80000052] -> 0xAB7F
[25] [M]: 0x80000050 (0xAB7FC5B7) lui a1, 702460
x11 <- 0xAB7FC000


mem[X,0x80000054] -> 0x8593
mem[X,0x80000056] -> 0xB6F5
[26] [M]: 0x80000054 (0xB6F58593) addi a1, a1, 2927
x11 <- 0xAB7FBB6F


mem[X,0x80000058] -> 0xE637
mem[X,0x8000005A] -> 0xD5BF
[27] [M]: 0x80000058 (0xD5BFE637) lui a2, 875518
x12 <- 0xD5BFE000


mem[X,0x8000005C] -> 0x0613
mem[X,0x8000005E] -> 0xDB76
[28] [M]: 0x8000005C (0xDB760613) addi a2, a2, 3511
x12 <- 0xD5BFDDB7


mem[X,0x80000060] -> 0xF6B7
mem[X,0x80000062] -> 0xEADF
[29] [M]: 0x80000060 (0xEADFF6B7) lui a3, 962047
x13 <- 0xEADFF000


mem[X,0x80000064] -> 0x8693
mem[X,0x80000066] -> 0xEDB6
[30] [M]: 0x80000064 (0xEDB68693) addi a3, a3, 3803
x13 <- 0xEADFEEDB


mem[X,0x80000068] -> 0xF737
mem[X,0x8000006A] -> 0xF56F
[31] [M]: 0x80000068 (0xF56FF737) lui a4, 1005311
x14 <- 0xF56FF000


mem[X,0x8000006C] -> 0x0713
mem[X,0x8000006E] -> 0x76D7
[32] [M]: 0x8000006C (0x76D70713) addi a4, a4, 1901
x14 <- 0xF56FF76D


mem[X,0x80000070] -> 0x07B7
mem[X,0x80000072] -> 0xFAB8
[33] [M]: 0x80000070 (0xFAB807B7) lui a5, 1026944
x15 <- 0xFAB80000


mem[X,0x80000074] -> 0x8793
mem[X,0x80000076] -> 0xBB67
[34] [M]: 0x80000074 (0xBB678793) addi a5, a5, 2998
x15 <- 0xFAB7FBB6


mem[X,0x80000078] -> 0x0837
mem[X,0x8000007A] -> 0x7D5C
[35] [M]: 0x80000078 (0x7D5C0837) lui a6, 513472
x16 <- 0x7D5C0000


mem[X,0x8000007C] -> 0x0813
mem[X,0x8000007E] -> 0xDDB8
[36] [M]: 0x8000007C (0xDDB80813) addi a6, a6, 3547
x16 <- 0x7D5BFDDB


mem[X,0x80000080] -> 0x08B7
mem[X,0x80000082] -> 0xBEAE
[37] [M]: 0x80000080 (0xBEAE08B7) lui a7, 781024
x17 <- 0xBEAE0000


mem[X,0x80000084] -> 0x8893
mem[X,0x80000086] -> 0xEED8
[38] [M]: 0x80000084 (0xEED88893) addi a7, a7, 3821
x17 <- 0xBEADFEED


mem[X,0x80000088] -> 0x0937
mem[X,0x8000008A] -> 0xDF57
[39] [M]: 0x80000088 (0xDF570937) lui s2, 914800
x18 <- 0xDF570000


mem[X,0x8000008C] -> 0x0913
mem[X,0x8000008E] -> 0xF769
[40] [M]: 0x8000008C (0xF7690913) addi s2, s2, 3958
x18 <- 0xDF56FF76


mem[X,0x80000090] -> 0x89B7
mem[X,0x80000092] -> 0x6FAB
[41] [M]: 0x80000090 (0x6FAB89B7) lui s3, 457400
x19 <- 0x6FAB8000


mem[X,0x80000094] -> 0x8993
mem[X,0x80000096] -> 0xFBB9
[42] [M]: 0x80000094 (0xFBB98993) addi s3, s3, 4027
x19 <- 0x6FAB7FBB


mem[X,0x80000098] -> 0xCA37
mem[X,0x8000009A] -> 0xB7D5
[43] [M]: 0x80000098 (0xB7D5CA37) lui s4, 752988
x20 <- 0xB7D5C000


mem[X,0x8000009C] -> 0x0A13
mem[X,0x8000009E] -> 0xFDDA
[44] [M]: 0x8000009C (0xFDDA0A13) addi s4, s4, 4061
x20 <- 0xB7D5BFDD


mem[X,0x800000A0] -> 0xEAB7
mem[X,0x800000A2] -> 0xDBEA
[45] [M]: 0x800000A0 (0xDBEAEAB7) lui s5, 900782
x21 <- 0xDBEAE000


mem[X,0x800000A4] -> 0x8A93
mem[X,0x800000A6] -> 0xFEEA
[46] [M]: 0x800000A4 (0xFEEA8A93) addi s5, s5, 4078
x21 <- 0xDBEADFEE


mem[X,0x800000A8] -> 0x7B37
mem[X,0x800000AA] -> 0x6DF5
[47] [M]: 0x800000A8 (0x6DF57B37) lui s6, 450391
x22 <- 0x6DF57000


mem[X,0x800000AC] -> 0x0B13
mem[X,0x800000AE] -> 0xFF7B
[48] [M]: 0x800000AC (0xFF7B0B13) addi s6, s6, 4087
x22 <- 0x6DF56FF7


mem[X,0x800000B0] -> 0xBBB7
mem[X,0x800000B2] -> 0xB6FA
[49] [M]: 0x800000B0 (0xB6FABBB7) lui s7, 749483
x23 <- 0xB6FAB000


mem[X,0x800000B4] -> 0x8B93
mem[X,0x800000B6] -> 0x7FBB
[50] [M]: 0x800000B4 (0x7FBB8B93) addi s7, s7, 2043
x23 <- 0xB6FAB7FB


mem[X,0x800000B8] -> 0x6C37
mem[X,0x800000BA] -> 0xDB7D
[51] [M]: 0x800000B8 (0xDB7D6C37) lui s8, 899030
x24 <- 0xDB7D6000


mem[X,0x800000BC] -> 0x0C13
mem[X,0x800000BE] -> 0xBFDC
[52] [M]: 0x800000BC (0xBFDC0C13) addi s8, s8, 3069
x24 <- 0xDB7D5BFD


mem[X,0x800000C0] -> 0xBCB7
mem[X,0x800000C2] -> 0xEDBE
[53] [M]: 0x800000C0 (0xEDBEBCB7) lui s9, 973803
x25 <- 0xEDBEB000


mem[X,0x800000C4] -> 0x8C93
mem[X,0x800000C6] -> 0xDFEC
[54] [M]: 0x800000C4 (0xDFEC8C93) addi s9, s9, 3582
x25 <- 0xEDBEADFE


mem[X,0x800000C8] -> 0x5D37
mem[X,0x800000CA] -> 0x76DF
[55] [M]: 0x800000C8 (0x76DF5D37) lui s10, 486901
x26 <- 0x76DF5000


mem[X,0x800000CC] -> 0x0D13
mem[X,0x800000CE] -> 0x6FFD
[56] [M]: 0x800000CC (0x6FFD0D13) addi s10, s10, 1791
x26 <- 0x76DF56FF


mem[X,0x800000D0] -> 0xBDB7
mem[X,0x800000D2] -> 0xBB6F
[57] [M]: 0x800000D0 (0xBB6FBDB7) lui s11, 767739
x27 <- 0xBB6FB000


mem[X,0x800000D4] -> 0x8D93
mem[X,0x800000D6] -> 0xB7FD
[58] [M]: 0x800000D4 (0xB7FD8D93) addi s11, s11, 2943
x27 <- 0xBB6FAB7F


mem[X,0x800000D8] -> 0xDE37
mem[X,0x800000DA] -> 0xDDB7
[59] [M]: 0x800000D8 (0xDDB7DE37) lui t3, 908157
x28 <- 0xDDB7D000


mem[X,0x800000DC] -> 0x0E13
mem[X,0x800000DE] -> 0x5BFE
[60] [M]: 0x800000DC (0x5BFE0E13) addi t3, t3, 1471
x28 <- 0xDDB7D5BF


mem[X,0x800000E0] -> 0xFEB7
mem[X,0x800000E2] -> 0xEEDB
[61] [M]: 0x800000E0 (0xEEDBFEB7) lui t4, 978367
x29 <- 0xEEDBF000


mem[X,0x800000E4] -> 0x8E93
mem[X,0x800000E6] -> 0xADFE
[62] [M]: 0x800000E4 (0xADFE8E93) addi t4, t4, 2783
x29 <- 0xEEDBEADF


mem[X,0x800000E8] -> 0xFF37
mem[X,0x800000EA] -> 0xF76D
[63] [M]: 0x800000E8 (0xF76DFF37) lui t5, 1013471
x30 <- 0xF76DF000


mem[X,0x800000EC] -> 0x0F13
mem[X,0x800000EE] -> 0x56FF
[64] [M]: 0x800000EC (0x56FF0F13) addi t5, t5, 1391
x30 <- 0xF76DF56F


mem[X,0x800000F0] -> 0x0FB7
mem[X,0x800000F2] -> 0xFBB7
[65] [M]: 0x800000F0 (0xFBB70FB7) lui t6, 1031024
x31 <- 0xFBB70000


mem[X,0x800000F4] -> 0x8F93
mem[X,0x800000F6] -> 0xAB7F
[66] [M]: 0x800000F4 (0xAB7F8F93) addi t6, t6, 2743
x31 <- 0xFBB6FAB7


mem[X,0x800000F8] -> 0x0013
mem[X,0x800000FA] -> 0x0000
[67] [M]: 0x800000F8 (0x00000013) addi zero, zero, 0


mem[X,0x800000FC] -> 0x0013
mem[X,0x800000FE] -> 0x0000
[68] [M]: 0x800000FC (0x00000013) addi zero, zero, 0


mem[X,0x80000100] -> 0x9297
mem[X,0x80000102] -> 0x0003
[69] [M]: 0x80000100 (0x00039297) auipc t0, 57
x5 <- 0x80039100


mem[X,0x80000104] -> 0x8293
mem[X,0x80000106] -> 0x0142
[70] [M]: 0x80000104 (0x01428293) addi t0, t0, 20
x5 <- 0x80039114


mem[X,0x80000108] -> 0x0013
mem[X,0x8000010A] -> 0x0000
[71] [M]: 0x80000108 (0x00000013) addi zero, zero, 0


mem[X,0x8000010C] -> 0x0013
mem[X,0x8000010E] -> 0x0000
[72] [M]: 0x8000010C (0x00000013) addi zero, zero, 0


mem[X,0x80000110] -> 0x0013
mem[X,0x80000112] -> 0x0000
[73] [M]: 0x80000110 (0x00000013) addi zero, zero, 0


mem[X,0x80000114] -> 0x0013
mem[X,0x80000116] -> 0x0000
[74] [M]: 0x80000114 (0x00000013) addi zero, zero, 0


mem[X,0x80000118] -> 0x0013
mem[X,0x8000011A] -> 0x0000
[75] [M]: 0x80000118 (0x00000013) addi zero, zero, 0


mem[X,0x8000011C] -> 0x0013
mem[X,0x8000011E] -> 0x0000
[76] [M]: 0x8000011C (0x00000013) addi zero, zero, 0


mem[X,0x80000120] -> 0x0093
mem[X,0x80000122] -> 0x0040
[77] [M]: 0x80000120 (0x00400093) addi ra, zero, 4
x1 <- 0x00000004


mem[X,0x80000124] -> 0x0093
mem[X,0x80000126] -> 0x0040
[78] [M]: 0x80000124 (0x00400093) addi ra, zero, 4
x1 <- 0x00000004


mem[X,0x80000128] -> 0x0613
mem[X,0x8000012A] -> 0x0000
[79] [M]: 0x80000128 (0x00000613) addi a2, zero, 0
x12 <- 0x00000000


mem[X,0x8000012C] -> 0x006F
mem[X,0x8000012E] -> 0x00C0
[80] [M]: 0x8000012C (0x00C0006F) jal zero, 12


mem[X,0x80000138] -> 0xC063
mem[X,0x8000013A] -> 0x0810
[81] [M]: 0x80000138 (0x0810C063) blt ra, ra, 128


mem[X,0x8000013C] -> 0x0613
mem[X,0x8000013E] -> 0x0026
[82] [M]: 0x8000013C (0x00260613) addi a2, a2, 2
x12 <- 0x00000002


mem[X,0x80000140] -> 0x006F
mem[X,0x80000142] -> 0x0800
[83] [M]: 0x80000140 (0x0800006F) jal zero, 128


mem[X,0x800001C0] -> 0xA023
mem[X,0x800001C2] -> 0x00C2
[84] [M]: 0x800001C0 (0x00C2A023) sw a2, 0(t0)
mem[0x80039114] <- 0x00000002


mem[X,0x800001C4] -> 0x0713
mem[X,0x800001C6] -> 0x0040
[85] [M]: 0x800001C4 (0x00400713) addi a4, zero, 4
x14 <- 0x00000004


mem[X,0x800001C8] -> 0x05B7
mem[X,0x800001CA] -> 0xE000
[86] [M]: 0x800001C8 (0xE00005B7) lui a1, 917504
x11 <- 0xE0000000


mem[X,0x800001CC] -> 0x8593
mem[X,0x800001CE] -> 0xFFF5
[87] [M]: 0x800001CC (0xFFF58593) addi a1, a1, 4095
x11 <- 0xDFFFFFFF


mem[X,0x800001D0] -> 0x0613
mem[X,0x800001D2] -> 0x0000
[88] [M]: 0x800001D0 (0x00000613) addi a2, zero, 0
x12 <- 0x00000000


mem[X,0x800001D4] -> 0x006F
mem[X,0x800001D6] -> 0x00C0
[89] [M]: 0x800001D4 (0x00C0006F) jal zero, 12


mem[X,0x800001E0] -> 0x4663
mem[X,0x800001E2] -> 0x00B7
[90] [M]: 0x800001E0 (0x00B74663) blt a4, a1, 12


mem[X,0x800001E4] -> 0x0613
mem[X,0x800001E6] -> 0x0026
[91] [M]: 0x800001E4 (0x00260613) addi a2, a2, 2
x12 <- 0x00000002


mem[X,0x800001E8] -> 0x006F
mem[X,0x800001EA] -> 0x00C0
[92] [M]: 0x800001E8 (0x00C0006F) jal zero, 12


mem[X,0x800001F4] -> 0xA223
mem[X,0x800001F6] -> 0x00C2
[93] [M]: 0x800001F4 (0x00C2A223) sw a2, 4(t0)
mem[0x80039118] <- 0x00000002


mem[X,0x800001F8] -> 0x0237
mem[X,0x800001FA] -> 0xE000
[94] [M]: 0x800001F8 (0xE0000237) lui tp, 917504
x4 <- 0xE0000000


mem[X,0x800001FC] -> 0x0213
mem[X,0x800001FE] -> 0xFFF2
[95] [M]: 0x800001FC (0xFFF20213) addi tp, tp, 4095
x4 <- 0xDFFFFFFF


mem[X,0x80000200] -> 0x0B37
mem[X,0x80000202] -> 0xC000
[96] [M]: 0x80000200 (0xC0000B37) lui s6, 786432
x22 <- 0xC0000000


mem[X,0x80000204] -> 0x0613
mem[X,0x80000206] -> 0x0000
[97] [M]: 0x80000204 (0x00000613) addi a2, zero, 0
x12 <- 0x00000000


mem[X,0x80000208] -> 0x006F
mem[X,0x8000020A] -> 0x0140
[98] [M]: 0x80000208 (0x0140006F) jal zero, 20


mem[X,0x8000021C] -> 0x48E3
mem[X,0x8000021E] -> 0xFF62
[99] [M]: 0x8000021C (0xFF6248E3) blt tp, s6, 8176


clint::tick mtime <- 0x0000000000000001
 clint timer pending at mtime 0x0000000000000001
htif::tick 0x0000000000000000
mem[X,0x80000220] -> 0x0613
mem[X,0x80000222] -> 0x0026
[100] [M]: 0x80000220 (0x00260613) addi a2, a2, 2
x12 <- 0x00000002


mem[X,0x80000224] -> 0x006F
mem[X,0x80000226] -> 0x00C0
[101] [M]: 0x80000224 (0x00C0006F) jal zero, 12


mem[X,0x80000230] -> 0xA423
mem[X,0x80000232] -> 0x00C2
[102] [M]: 0x80000230 (0x00C2A423) sw a2, 8(t0)
mem[0x8003911C] <- 0x00000002


mem[X,0x80000234] -> 0x0A37
mem[X,0x80000236] -> 0xFFF0
[103] [M]: 0x80000234 (0xFFF00A37) lui s4, 1048320
x20 <- 0xFFF00000


mem[X,0x80000238] -> 0x0A13
mem[X,0x8000023A] -> 0xFFFA
[104] [M]: 0x80000238 (0xFFFA0A13) addi s4, s4, 4095
x20 <- 0xFFEFFFFF


mem[X,0x8000023C] -> 0x0C93
mem[X,0x8000023E] -> 0x0010
[105] [M]: 0x8000023C (0x00100C93) addi s9, zero, 1
x25 <- 0x00000001


mem[X,0x80000240] -> 0x0613
mem[X,0x80000242] -> 0x0000
[106] [M]: 0x80000240 (0x00000613) addi a2, zero, 0
x12 <- 0x00000000


mem[X,0x80000244] -> 0x006F
mem[X,0x80000246] -> 0x00C0
[107] [M]: 0x80000244 (0x00C0006F) jal zero, 12


mem[X,0x80000250] -> 0x4063
mem[X,0x80000252] -> 0x039A
[108] [M]: 0x80000250 (0x039A4063) blt s4, s9, 32


mem[X,0x80000270] -> 0x0613
mem[X,0x80000272] -> 0x0036
[109] [M]: 0x80000270 (0x00360613) addi a2, a2, 3
x12 <- 0x00000003


mem[X,0x80000274] -> 0x006F
mem[X,0x80000276] -> 0x0040
[110] [M]: 0x80000274 (0x0040006F) jal zero, 4


mem[X,0x80000278] -> 0xA623
mem[X,0x8000027A] -> 0x00C2
[111] [M]: 0x80000278 (0x00C2A623) sw a2, 12(t0)
mem[0x80039120] <- 0x00000003


mem[X,0x8000027C] -> 0x06B7
mem[X,0x8000027E] -> 0x8000
[112] [M]: 0x8000027C (0x800006B7) lui a3, 524288
x13 <- 0x80000000


mem[X,0x80000280] -> 0x0EB7
mem[X,0x80000282] -> 0x8000
[113] [M]: 0x80000280 (0x80000EB7) lui t4, 524288
x29 <- 0x80000000


mem[X,0x80000284] -> 0x0613
mem[X,0x80000286] -> 0x0000
[114] [M]: 0x80000284 (0x00000613) addi a2, zero, 0
x12 <- 0x00000000


mem[X,0x80000288] -> 0x006F
mem[X,0x8000028A] -> 0x00C0
[115] [M]: 0x80000288 (0x00C0006F) jal zero, 12


mem[X,0x80000294] -> 0xC663
mem[X,0x80000296] -> 0x01D6
[116] [M]: 0x80000294 (0x01D6C663) blt a3, t4, 12


mem[X,0x80000298] -> 0x0613
mem[X,0x8000029A] -> 0x0026
[117] [M]: 0x80000298 (0x00260613) addi a2, a2, 2
x12 <- 0x00000002


mem[X,0x8000029C] -> 0x006F
mem[X,0x8000029E] -> 0x00C0
[118] [M]: 0x8000029C (0x00C0006F) jal zero, 12


mem[X,0x800002A8] -> 0xA823
mem[X,0x800002AA] -> 0x00C2
[119] [M]: 0x800002A8 (0x00C2A823) sw a2, 16(t0)
mem[0x80039124] <- 0x00000002


mem[X,0x800002AC] -> 0x0C37
mem[X,0x800002AE] -> 0x0100
[120] [M]: 0x800002AC (0x01000C37) lui s8, 4096
x24 <- 0x01000000


mem[X,0x800002B0] -> 0x01B7
mem[X,0x800002B2] -> 0x0100
[121] [M]: 0x800002B0 (0x010001B7) lui gp, 4096
x3 <- 0x01000000


mem[X,0x800002B4] -> 0x0613
mem[X,0x800002B6] -> 0x0000
[122] [M]: 0x800002B4 (0x00000613) addi a2, zero, 0
x12 <- 0x00000000


mem[X,0x800002B8] -> 0x006F
mem[X,0x800002BA] -> 0x0050
[123] [M]: 0x800002B8 (0x0050006F) jal zero, 2052


mem[X,0x80000ABC] -> 0x40E3
mem[X,0x80000ABE] -> 0x803C
[124] [M]: 0x80000ABC (0x803C40E3) blt s8, gp, 6144


mem[X,0x80000AC0] -> 0x0613
mem[X,0x80000AC2] -> 0x0026
[125] [M]: 0x80000AC0 (0x00260613) addi a2, a2, 2
x12 <- 0x00000002


mem[X,0x80000AC4] -> 0x006F
mem[X,0x80000AC6] -> 0x00C0
[126] [M]: 0x80000AC4 (0x00C0006F) jal zero, 12


mem[X,0x80000AD0] -> 0xAA23
mem[X,0x80000AD2] -> 0x00C2
[127] [M]: 0x80000AD0 (0x00C2AA23) sw a2, 20(t0)
mem[0x80039128] <- 0x00000002


mem[X,0x80000AD4] -> 0x0893
mem[X,0x80000AD6] -> 0xFEF0
[128] [M]: 0x80000AD4 (0xFEF00893) addi a7, zero, 4079
x17 <- 0xFFFFFFEF


mem[X,0x80000AD8] -> 0x2437
mem[X,0x80000ADA] -> 0x0000
[129] [M]: 0x80000AD8 (0x00002437) lui fp, 2
x8 <- 0x00002000


mem[X,0x80000ADC] -> 0x0613
mem[X,0x80000ADE] -> 0x0000
[130] [M]: 0x80000ADC (0x00000613) addi a2, zero, 0
x12 <- 0x00000000


mem[X,0x80000AE0] -> 0x006F
mem[X,0x80000AE2] -> 0x00C0
[131] [M]: 0x80000AE0 (0x00C0006F) jal zero, 12


mem[X,0x80000AEC] -> 0xCCE3
mem[X,0x80000AEE] -> 0xFE88
[132] [M]: 0x80000AEC (0xFE88CCE3) blt a7, fp, 8184


mem[X,0x80000AE4] -> 0x0613
mem[X,0x80000AE6] -> 0x0016
[133] [M]: 0x80000AE4 (0x00160613) addi a2, a2, 1
x12 <- 0x00000001


mem[X,0x80000AE8] -> 0x006F
mem[X,0x80000AEA] -> 0x0180
[134] [M]: 0x80000AE8 (0x0180006F) jal zero, 24


mem[X,0x80000B00] -> 0xAC23
mem[X,0x80000B02] -> 0x00C2
[135] [M]: 0x80000B00 (0x00C2AC23) sw a2, 24(t0)
mem[0x8003912C] <- 0x00000001


mem[X,0x80000B04] -> 0x0137
mem[X,0x80000B06] -> 0x0020
[136] [M]: 0x80000B04 (0x00200137) lui sp, 512
x2 <- 0x00200000


mem[X,0x80000B08] -> 0x0013
mem[X,0x80000B0A] -> 0x0000
[137] [M]: 0x80000B08 (0x00000013) addi zero, zero, 0


mem[X,0x80000B0C] -> 0x0613
mem[X,0x80000B0E] -> 0x0000
[138] [M]: 0x80000B0C (0x00000613) addi a2, zero, 0
x12 <- 0x00000000


mem[X,0x80000B10] -> 0x006F
mem[X,0x80000B12] -> 0x0140
[139] [M]: 0x80000B10 (0x0140006F) jal zero, 20


mem[X,0x80000B24] -> 0x48E3
mem[X,0x80000B26] -> 0xFE01
[140] [M]: 0x80000B24 (0xFE0148E3) blt sp, zero, 8176


mem[X,0x80000B28] -> 0x0613
mem[X,0x80000B2A] -> 0x0026
[141] [M]: 0x80000B28 (0x00260613) addi a2, a2, 2
x12 <- 0x00000002


mem[X,0x80000B2C] -> 0x006F
mem[X,0x80000B2E] -> 0x00C0
[142] [M]: 0x80000B2C (0x00C0006F) jal zero, 12


mem[X,0x80000B38] -> 0xAE23
mem[X,0x80000B3A] -> 0x00C2
[143] [M]: 0x80000B38 (0x00C2AE23) sw a2, 28(t0)
mem[0x80039130] <- 0x00000002


mem[X,0x80000B3C] -> 0x0F93
mem[X,0x80000B3E] -> 0x0050
[144] [M]: 0x80000B3C (0x00500F93) addi t6, zero, 5
x31 <- 0x00000005


mem[X,0x80000B40] -> 0x0A93
mem[X,0x80000B42] -> 0x0080
[145] [M]: 0x80000B40 (0x00800A93) addi s5, zero, 8
x21 <- 0x00000008


mem[X,0x80000B44] -> 0x0613
mem[X,0x80000B46] -> 0x0000
[146] [M]: 0x80000B44 (0x00000613) addi a2, zero, 0
x12 <- 0x00000000


mem[X,0x80000B48] -> 0x006F
mem[X,0x80000B4A] -> 0x00C0
[147] [M]: 0x80000B48 (0x00C0006F) jal zero, 12


mem[X,0x80000B54] -> 0xCCE3
mem[X,0x80000B56] -> 0xFF5F
[148] [M]: 0x80000B54 (0xFF5FCCE3) blt t6, s5, 8184


mem[X,0x80000B4C] -> 0x0613
mem[X,0x80000B4E] -> 0x0016
[149] [M]: 0x80000B4C (0x00160613) addi a2, a2, 1
x12 <- 0x00000001


mem[X,0x80000B50] -> 0x006F
mem[X,0x80000B52] -> 0x0180
[150] [M]: 0x80000B50 (0x0180006F) jal zero, 24


mem[X,0x80000B68] -> 0xA023
mem[X,0x80000B6A] -> 0x02C2
[151] [M]: 0x80000B68 (0x02C2A023) sw a2, 32(t0)
mem[0x80039134] <- 0x00000001


mem[X,0x80000B6C] -> 0x8E37
mem[X,0x80000B6E] -> 0xFFFF
[152] [M]: 0x80000B6C (0xFFFF8E37) lui t3, 1048568
x28 <- 0xFFFF8000


mem[X,0x80000B70] -> 0x0E13
mem[X,0x80000B72] -> 0xFFFE
[153] [M]: 0x80000B70 (0xFFFE0E13) addi t3, t3, 4095
x28 <- 0xFFFF7FFF


mem[X,0x80000B74] -> 0x0313
mem[X,0x80000B76] -> 0x0100
[154] [M]: 0x80000B74 (0x01000313) addi t1, zero, 16
x6 <- 0x00000010


mem[X,0x80000B78] -> 0x0613
mem[X,0x80000B7A] -> 0x0000
[155] [M]: 0x80000B78 (0x00000613) addi a2, zero, 0
x12 <- 0x00000000


mem[X,0x80000B7C] -> 0x006F
mem[X,0x80000B7E] -> 0x0050
[156] [M]: 0x80000B7C (0x0050006F) jal zero, 2052


mem[X,0x80001380] -> 0x40E3
mem[X,0x80001382] -> 0x806E
[157] [M]: 0x80001380 (0x806E40E3) blt t3, t1, 6144


mem[X,0x80000B80] -> 0x0613
mem[X,0x80000B82] -> 0x0016
[158] [M]: 0x80000B80 (0x00160613) addi a2, a2, 1
x12 <- 0x00000001


mem[X,0x80000B84] -> 0x006F
mem[X,0x80000B86] -> 0x0110
[159] [M]: 0x80000B84 (0x0110006F) jal zero, 2064


mem[X,0x80001394] -> 0xA223
mem[X,0x80001396] -> 0x02C2
[160] [M]: 0x80001394 (0x02C2A223) sw a2, 36(t0)
mem[0x80039138] <- 0x00000001


mem[X,0x80001398] -> 0x1F37
mem[X,0x8000139A] -> 0x0000
[161] [M]: 0x80001398 (0x00001F37) lui t5, 1
x30 <- 0x00001000


mem[X,0x8000139C] -> 0x0113
mem[X,0x8000139E] -> 0x0200
[162] [M]: 0x8000139C (0x02000113) addi sp, zero, 32
x2 <- 0x00000020


mem[X,0x800013A0] -> 0x0613
mem[X,0x800013A2] -> 0x0000
[163] [M]: 0x800013A0 (0x00000613) addi a2, zero, 0
x12 <- 0x00000000


mem[X,0x800013A4] -> 0x006F
mem[X,0x800013A6] -> 0x00C0
[164] [M]: 0x800013A4 (0x00C0006F) jal zero, 12


mem[X,0x800013B0] -> 0x4663
mem[X,0x800013B2] -> 0x002F
[165] [M]: 0x800013B0 (0x002F4663) blt t5, sp, 12


mem[X,0x800013B4] -> 0x0613
mem[X,0x800013B6] -> 0x0026
[166] [M]: 0x800013B4 (0x00260613) addi a2, a2, 2
x12 <- 0x00000002


mem[X,0x800013B8] -> 0x006F
mem[X,0x800013BA] -> 0x00C0
[167] [M]: 0x800013B8 (0x00C0006F) jal zero, 12


mem[X,0x800013C4] -> 0xA423
mem[X,0x800013C6] -> 0x02C2
[168] [M]: 0x800013C4 (0x02C2A423) sw a2, 40(t0)
mem[0x8003913C] <- 0x00000002


mem[X,0x800013C8] -> 0xB9B7
mem[X,0x800013CA] -> 0x0000
[169] [M]: 0x800013C8 (0x0000B9B7) lui s3, 11
x19 <- 0x0000B000


mem[X,0x800013CC] -> 0x8993
mem[X,0x800013CE] -> 0x5059
[170] [M]: 0x800013CC (0x50598993) addi s3, s3, 1285
x19 <- 0x0000B505


mem[X,0x800013D0] -> 0x0913
mem[X,0x800013D2] -> 0x0400
[171] [M]: 0x800013D0 (0x04000913) addi s2, zero, 64
x18 <- 0x00000040


mem[X,0x800013D4] -> 0x0613
mem[X,0x800013D6] -> 0x0000
[172] [M]: 0x800013D4 (0x00000613) addi a2, zero, 0
x12 <- 0x00000000


mem[X,0x800013D8] -> 0x006F
mem[X,0x800013DA] -> 0x2B10
[173] [M]: 0x800013D8 (0x2B10006F) jal zero, 2736


mem[X,0x80001E88] -> 0xCA63
mem[X,0x80001E8A] -> 0xD529
[174] [M]: 0x80001E88 (0xD529CA63) blt s3, s2, 5460


mem[X,0x80001E8C] -> 0x0613
mem[X,0x80001E8E] -> 0x0026
[175] [M]: 0x80001E8C (0x00260613) addi a2, a2, 2
x12 <- 0x00000002


mem[X,0x80001E90] -> 0x006F
mem[X,0x80001E92] -> 0x00C0
[176] [M]: 0x80001E90 (0x00C0006F) jal zero, 12


mem[X,0x80001E9C] -> 0xA623
mem[X,0x80001E9E] -> 0x02C2
[177] [M]: 0x80001E9C (0x02C2A623) sw a2, 44(t0)
mem[0x80039140] <- 0x00000002


mem[X,0x80001EA0] -> 0x0C93
mem[X,0x80001EA2] -> 0x0040
[178] [M]: 0x80001EA0 (0x00400C93) addi s9, zero, 4
x25 <- 0x00000004


mem[X,0x80001EA4] -> 0x0C13
mem[X,0x80001EA6] -> 0x0800
[179] [M]: 0x80001EA4 (0x08000C13) addi s8, zero, 128
x24 <- 0x00000080


mem[X,0x80001EA8] -> 0x0613
mem[X,0x80001EAA] -> 0x0000
[180] [M]: 0x80001EA8 (0x00000613) addi a2, zero, 0
x12 <- 0x00000000


mem[X,0x80001EAC] -> 0x006F
mem[X,0x80001EAE] -> 0x00C0
[181] [M]: 0x80001EAC (0x00C0006F) jal zero, 12


mem[X,0x80001EB8] -> 0xC663
mem[X,0x80001EBA] -> 0x018C
[182] [M]: 0x80001EB8 (0x018CC663) blt s9, s8, 12


mem[X,0x80001EC4] -> 0x0613
mem[X,0x80001EC6] -> 0x0036
[183] [M]: 0x80001EC4 (0x00360613) addi a2, a2, 3
x12 <- 0x00000003


mem[X,0x80001EC8] -> 0x006F
mem[X,0x80001ECA] -> 0x0040
[184] [M]: 0x80001EC8 (0x0040006F) jal zero, 4


mem[X,0x80001ECC] -> 0xA823
mem[X,0x80001ECE] -> 0x02C2
[185] [M]: 0x80001ECC (0x02C2A823) sw a2, 48(t0)
mem[0x80039144] <- 0x00000003


mem[X,0x80001ED0] -> 0x63B7
mem[X,0x80001ED2] -> 0x6666
[186] [M]: 0x80001ED0 (0x666663B7) lui t2, 419430
x7 <- 0x66666000


mem[X,0x80001ED4] -> 0x8393
mem[X,0x80001ED6] -> 0x6673
[187] [M]: 0x80001ED4 (0x66738393) addi t2, t2, 1639
x7 <- 0x66666667


mem[X,0x80001ED8] -> 0x0793
mem[X,0x80001EDA] -> 0x1000
[188] [M]: 0x80001ED8 (0x10000793) addi a5, zero, 256
x15 <- 0x00000100


mem[X,0x80001EDC] -> 0x0613
mem[X,0x80001EDE] -> 0x0000
[189] [M]: 0x80001EDC (0x00000613) addi a2, zero, 0
x12 <- 0x00000000


mem[X,0x80001EE0] -> 0x006F
mem[X,0x80001EE2] -> 0x00C0
[190] [M]: 0x80001EE0 (0x00C0006F) jal zero, 12


mem[X,0x80001EEC] -> 0xC063
mem[X,0x80001EEE] -> 0x40F3
[191] [M]: 0x80001EEC (0x40F3C063) blt t2, a5, 1024


mem[X,0x80001EF0] -> 0x0613
mem[X,0x80001EF2] -> 0x0026
[192] [M]: 0x80001EF0 (0x00260613) addi a2, a2, 2
x12 <- 0x00000002


mem[X,0x80001EF4] -> 0x006F
mem[X,0x80001EF6] -> 0x4000
[193] [M]: 0x80001EF4 (0x4000006F) jal zero, 1024


mem[X,0x800022F4] -> 0xAA23
mem[X,0x800022F6] -> 0x02C2
[194] [M]: 0x800022F4 (0x02C2AA23) sw a2, 52(t0)
mem[0x80039148] <- 0x00000002


mem[X,0x800022F8] -> 0x0013
mem[X,0x800022FA] -> 0x0000
[195] [M]: 0x800022F8 (0x00000013) addi zero, zero, 0


mem[X,0x800022FC] -> 0x0493
mem[X,0x800022FE] -> 0x2000
[196] [M]: 0x800022FC (0x20000493) addi s1, zero, 512
x9 <- 0x00000200


mem[X,0x80002300] -> 0x0613
mem[X,0x80002302] -> 0x0000
[197] [M]: 0x80002300 (0x00000613) addi a2, zero, 0
x12 <- 0x00000000


mem[X,0x80002304] -> 0x006F
mem[X,0x80002306] -> 0x00C0
[198] [M]: 0x80002304 (0x00C0006F) jal zero, 12


mem[X,0x80002310] -> 0x4063
mem[X,0x80002312] -> 0x2090
[199] [M]: 0x80002310 (0x20904063) blt zero, s1, 512


clint::tick mtime <- 0x0000000000000002
 clint timer pending at mtime 0x0000000000000002
htif::tick 0x0000000000000000
mem[X,0x80002510] -> 0x0613
mem[X,0x80002512] -> 0x0036
[200] [M]: 0x80002510 (0x00360613) addi a2, a2, 3
x12 <- 0x00000003


mem[X,0x80002514] -> 0x006F
mem[X,0x80002516] -> 0x0040
[201] [M]: 0x80002514 (0x0040006F) jal zero, 4


mem[X,0x80002518] -> 0xAC23
mem[X,0x8000251A] -> 0x02C2
[202] [M]: 0x80002518 (0x02C2AC23) sw a2, 56(t0)
mem[0x8003914C] <- 0x00000003


mem[X,0x8000251C] -> 0x0537
mem[X,0x8000251E] -> 0x0040
[203] [M]: 0x8000251C (0x00400537) lui a0, 1024
x10 <- 0x00400000


mem[X,0x80002520] -> 0x0893
mem[X,0x80002522] -> 0x4000
[204] [M]: 0x80002520 (0x40000893) addi a7, zero, 1024
x17 <- 0x00000400


mem[X,0x80002524] -> 0x0613
mem[X,0x80002526] -> 0x0000
[205] [M]: 0x80002524 (0x00000613) addi a2, zero, 0
x12 <- 0x00000000


mem[X,0x80002528] -> 0x006F
mem[X,0x8000252A] -> 0x00C0
[206] [M]: 0x80002528 (0x00C0006F) jal zero, 12


mem[X,0x80002534] -> 0x4663
mem[X,0x80002536] -> 0x0115
[207] [M]: 0x80002534 (0x01154663) blt a0, a7, 12


mem[X,0x80002538] -> 0x0613
mem[X,0x8000253A] -> 0x0026
[208] [M]: 0x80002538 (0x00260613) addi a2, a2, 2
x12 <- 0x00000002


mem[X,0x8000253C] -> 0x006F
mem[X,0x8000253E] -> 0x00C0
[209] [M]: 0x8000253C (0x00C0006F) jal zero, 12


mem[X,0x80002548] -> 0xAE23
mem[X,0x8000254A] -> 0x02C2
[210] [M]: 0x80002548 (0x02C2AE23) sw a2, 60(t0)
mem[0x80039150] <- 0x00000002


mem[X,0x8000254C] -> 0x0837
mem[X,0x8000254E] -> 0xFC00
[211] [M]: 0x8000254C (0xFC000837) lui a6, 1032192
x16 <- 0xFC000000


mem[X,0x80002550] -> 0x0813
mem[X,0x80002552] -> 0xFFF8
[212] [M]: 0x80002550 (0xFFF80813) addi a6, a6, 4095
x16 <- 0xFBFFFFFF


mem[X,0x80002554] -> 0x1E37
mem[X,0x80002556] -> 0x0000
[213] [M]: 0x80002554 (0x00001E37) lui t3, 1
x28 <- 0x00001000


mem[X,0x80002558] -> 0x0E13
mem[X,0x8000255A] -> 0x800E
[214] [M]: 0x80002558 (0x800E0E13) addi t3, t3, 2048
x28 <- 0x00000800


mem[X,0x8000255C] -> 0x0613
mem[X,0x8000255E] -> 0x0000
[215] [M]: 0x8000255C (0x00000613) addi a2, zero, 0
x12 <- 0x00000000


mem[X,0x80002560] -> 0x006F
mem[X,0x80002562] -> 0x00C0
[216] [M]: 0x80002560 (0x00C0006F) jal zero, 12


mem[X,0x8000256C] -> 0x4663
mem[X,0x8000256E] -> 0x01C8
[217] [M]: 0x8000256C (0x01C84663) blt a6, t3, 12


mem[X,0x80002578] -> 0x0613
mem[X,0x8000257A] -> 0x0036
[218] [M]: 0x80002578 (0x00360613) addi a2, a2, 3
x12 <- 0x00000003


mem[X,0x8000257C] -> 0x006F
mem[X,0x8000257E] -> 0x0040
[219] [M]: 0x8000257C (0x0040006F) jal zero, 4


mem[X,0x80002580] -> 0xA023
mem[X,0x80002582] -> 0x04C2
[220] [M]: 0x80002580 (0x04C2A023) sw a2, 64(t0)
mem[0x80039154] <- 0x00000003


mem[X,0x80002584] -> 0x0413
mem[X,0x80002586] -> 0x0080
[221] [M]: 0x80002584 (0x00800413) addi fp, zero, 8
x8 <- 0x00000008


mem[X,0x80002588] -> 0x1DB7
mem[X,0x8000258A] -> 0x0000
[222] [M]: 0x80002588 (0x00001DB7) lui s11, 1
x27 <- 0x00001000


mem[X,0x8000258C] -> 0x0613
mem[X,0x8000258E] -> 0x0000
[223] [M]: 0x8000258C (0x00000613) addi a2, zero, 0
x12 <- 0x00000000


mem[X,0x80002590] -> 0x006F
mem[X,0x80002592] -> 0x0180
[224] [M]: 0x80002590 (0x0180006F) jal zero, 24


mem[X,0x800025A8] -> 0x46E3
mem[X,0x800025AA] -> 0xFFB4
[225] [M]: 0x800025A8 (0xFFB446E3) blt fp, s11, 8172


mem[X,0x80002594] -> 0x0613
mem[X,0x80002596] -> 0x0016
[226] [M]: 0x80002594 (0x00160613) addi a2, a2, 1
x12 <- 0x00000001


mem[X,0x80002598] -> 0x006F
mem[X,0x8000259A] -> 0x0240
[227] [M]: 0x80002598 (0x0240006F) jal zero, 36


mem[X,0x800025BC] -> 0xA223
mem[X,0x800025BE] -> 0x04C2
[228] [M]: 0x800025BC (0x04C2A223) sw a2, 68(t0)
mem[0x80039158] <- 0x00000001


mem[X,0x800025C0] -> 0x0313
mem[X,0x800025C2] -> 0x0030
[229] [M]: 0x800025C0 (0x00300313) addi t1, zero, 3
x6 <- 0x00000003


mem[X,0x800025C4] -> 0x4A37
mem[X,0x800025C6] -> 0x0000
[230] [M]: 0x800025C4 (0x00004A37) lui s4, 4
x20 <- 0x00004000


mem[X,0x800025C8] -> 0x0113
mem[X,0x800025CA] -> 0x0000
[231] [M]: 0x800025C8 (0x00000113) addi sp, zero, 0
x2 <- 0x00000000


mem[X,0x800025CC] -> 0x006F
mem[X,0x800025CE] -> 0x0140
[232] [M]: 0x800025CC (0x0140006F) jal zero, 20


mem[X,0x800025E0] -> 0x48E3
mem[X,0x800025E2] -> 0xFF43
[233] [M]: 0x800025E0 (0xFF4348E3) blt t1, s4, 8176


mem[X,0x800025D0] -> 0x0113
mem[X,0x800025D2] -> 0x0011
[234] [M]: 0x800025D0 (0x00110113) addi sp, sp, 1
x2 <- 0x00000001


mem[X,0x800025D4] -> 0x006F
mem[X,0x800025D6] -> 0x0200
[235] [M]: 0x800025D4 (0x0200006F) jal zero, 32


mem[X,0x800025F4] -> 0xA423
mem[X,0x800025F6] -> 0x0422
[236] [M]: 0x800025F4 (0x0422A423) sw sp, 72(t0)
mem[0x8003915C] <- 0x00000001


mem[X,0x800025F8] -> 0xF5B7
mem[X,0x800025FA] -> 0xFFFF
[237] [M]: 0x800025F8 (0xFFFFF5B7) lui a1, 1048575
x11 <- 0xFFFFF000


mem[X,0x800025FC] -> 0x8593
mem[X,0x800025FE] -> 0xFFF5
[238] [M]: 0x800025FC (0xFFF58593) addi a1, a1, 4095
x11 <- 0xFFFFEFFF


mem[X,0x80002600] -> 0x8737
mem[X,0x80002602] -> 0x0000
[239] [M]: 0x80002600 (0x00008737) lui a4, 8
x14 <- 0x00008000


mem[X,0x80002604] -> 0x0113
mem[X,0x80002606] -> 0x0000
[240] [M]: 0x80002604 (0x00000113) addi sp, zero, 0
x2 <- 0x00000000


mem[X,0x80002608] -> 0x006F
mem[X,0x8000260A] -> 0x0100
[241] [M]: 0x80002608 (0x0100006F) jal zero, 16


mem[X,0x80002618] -> 0xCAE3
mem[X,0x8000261A] -> 0xFEE5
[242] [M]: 0x80002618 (0xFEE5CAE3) blt a1, a4, 8180


mem[X,0x8000260C] -> 0x0113
mem[X,0x8000260E] -> 0x0011
[243] [M]: 0x8000260C (0x00110113) addi sp, sp, 1
x2 <- 0x00000001


mem[X,0x80002610] -> 0x006F
mem[X,0x80002612] -> 0x01C0
[244] [M]: 0x80002610 (0x01C0006F) jal zero, 28


mem[X,0x8000262C] -> 0xA623
mem[X,0x8000262E] -> 0x0422
[245] [M]: 0x8000262C (0x0422A623) sw sp, 76(t0)
mem[0x80039160] <- 0x00000001


mem[X,0x80002630] -> 0x07B7
mem[X,0x80002632] -> 0xF800
[246] [M]: 0x80002630 (0xF80007B7) lui a5, 1015808
x15 <- 0xF8000000


mem[X,0x80002634] -> 0x8793
mem[X,0x80002636] -> 0xFFF7
[247] [M]: 0x80002634 (0xFFF78793) addi a5, a5, 4095
x15 <- 0xF7FFFFFF


mem[X,0x80002638] -> 0x0BB7
mem[X,0x8000263A] -> 0x0001
[248] [M]: 0x80002638 (0x00010BB7) lui s7, 16
x23 <- 0x00010000


mem[X,0x8000263C] -> 0x0113
mem[X,0x8000263E] -> 0x0000
[249] [M]: 0x8000263C (0x00000113) addi sp, zero, 0
x2 <- 0x00000000


mem[X,0x80002640] -> 0x006F
mem[X,0x80002642] -> 0x0050
[250] [M]: 0x80002640 (0x0050006F) jal zero, 2052


mem[X,0x80002E44] -> 0xC0E3
mem[X,0x80002E46] -> 0x8177
[251] [M]: 0x80002E44 (0x8177C0E3) blt a5, s7, 6144


mem[X,0x80002644] -> 0x0113
mem[X,0x80002646] -> 0x0011
[252] [M]: 0x80002644 (0x00110113) addi sp, sp, 1
x2 <- 0x00000001


mem[X,0x80002648] -> 0x006F
mem[X,0x8000264A] -> 0x0110
[253] [M]: 0x80002648 (0x0110006F) jal zero, 2064


mem[X,0x80002E58] -> 0xA823
mem[X,0x80002E5A] -> 0x0422
[254] [M]: 0x80002E58 (0x0422A823) sw sp, 80(t0)
mem[0x80039164] <- 0x00000001


mem[X,0x80002E5C] -> 0x0013
mem[X,0x80002E5E] -> 0x0000
[255] [M]: 0x80002E5C (0x00000013) addi zero, zero, 0


mem[X,0x80002E60] -> 0x6097
mem[X,0x80002E62] -> 0x0003
[256] [M]: 0x80002E60 (0x00036097) auipc ra, 54
x1 <- 0x80038E60


mem[X,0x80002E64] -> 0x8093
mem[X,0x80002E66] -> 0x3080
[257] [M]: 0x80002E64 (0x30808093) addi ra, ra, 776
x1 <- 0x80039168


mem[X,0x80002E68] -> 0x0013
mem[X,0x80002E6A] -> 0x0000
[258] [M]: 0x80002E68 (0x00000013) addi zero, zero, 0


mem[X,0x80002E6C] -> 0x0013
mem[X,0x80002E6E] -> 0x0000
[259] [M]: 0x80002E6C (0x00000013) addi zero, zero, 0


mem[X,0x80002E70] -> 0x0013
mem[X,0x80002E72] -> 0x0000
[260] [M]: 0x80002E70 (0x00000013) addi zero, zero, 0


mem[X,0x80002E74] -> 0x0013
mem[X,0x80002E76] -> 0x0000
[261] [M]: 0x80002E74 (0x00000013) addi zero, zero, 0


mem[X,0x80002E78] -> 0x0013
mem[X,0x80002E7A] -> 0x0000
[262] [M]: 0x80002E78 (0x00000013) addi zero, zero, 0


mem[X,0x80002E7C] -> 0x0013
mem[X,0x80002E7E] -> 0x0000
[263] [M]: 0x80002E7C (0x00000013) addi zero, zero, 0


mem[X,0x80002E80] -> 0x4937
mem[X,0x80002E82] -> 0x0000
[264] [M]: 0x80002E80 (0x00004937) lui s2, 4
x18 <- 0x00004000


mem[X,0x80002E84] -> 0x0FB7
mem[X,0x80002E86] -> 0x0002
[265] [M]: 0x80002E84 (0x00020FB7) lui t6, 32
x31 <- 0x00020000


mem[X,0x80002E88] -> 0x0113
mem[X,0x80002E8A] -> 0x0000
[266] [M]: 0x80002E88 (0x00000113) addi sp, zero, 0
x2 <- 0x00000000


mem[X,0x80002E8C] -> 0x006F
mem[X,0x80002E8E] -> 0x00C0
[267] [M]: 0x80002E8C (0x00C0006F) jal zero, 12


mem[X,0x80002E98] -> 0x4063
mem[X,0x80002E9A] -> 0x05F9
[268] [M]: 0x80002E98 (0x05F94063) blt s2, t6, 64


mem[X,0x80002ED8] -> 0x0113
mem[X,0x80002EDA] -> 0x0031
[269] [M]: 0x80002ED8 (0x00310113) addi sp, sp, 3
x2 <- 0x00000003


mem[X,0x80002EDC] -> 0x006F
mem[X,0x80002EDE] -> 0x0040
[270] [M]: 0x80002EDC (0x0040006F) jal zero, 4


mem[X,0x80002EE0] -> 0xA023
mem[X,0x80002EE2] -> 0x0020
[271] [M]: 0x80002EE0 (0x0020A023) sw sp, 0(ra)
mem[0x80039168] <- 0x00000003


mem[X,0x80002EE4] -> 0x1AB7
mem[X,0x80002EE6] -> 0x0000
[272] [M]: 0x80002EE4 (0x00001AB7) lui s5, 1
x21 <- 0x00001000


mem[X,0x80002EE8] -> 0x0D37
mem[X,0x80002EEA] -> 0x0004
[273] [M]: 0x80002EE8 (0x00040D37) lui s10, 64
x26 <- 0x00040000


mem[X,0x80002EEC] -> 0x0113
mem[X,0x80002EEE] -> 0x0000
[274] [M]: 0x80002EEC (0x00000113) addi sp, zero, 0
x2 <- 0x00000000


mem[X,0x80002EF0] -> 0x006F
mem[X,0x80002EF2] -> 0x00C0
[275] [M]: 0x80002EF0 (0x00C0006F) jal zero, 12


mem[X,0x80002EFC] -> 0xCCE3
mem[X,0x80002EFE] -> 0xFFAA
[276] [M]: 0x80002EFC (0xFFAACCE3) blt s5, s10, 8184


mem[X,0x80002EF4] -> 0x0113
mem[X,0x80002EF6] -> 0x0011
[277] [M]: 0x80002EF4 (0x00110113) addi sp, sp, 1
x2 <- 0x00000001


mem[X,0x80002EF8] -> 0x006F
mem[X,0x80002EFA] -> 0x0180
[278] [M]: 0x80002EF8 (0x0180006F) jal zero, 24


mem[X,0x80002F10] -> 0xA223
mem[X,0x80002F12] -> 0x0020
[279] [M]: 0x80002F10 (0x0020A223) sw sp, 4(ra)
mem[0x8003916C] <- 0x00000001


mem[X,0x80002F14] -> 0x0D37
mem[X,0x80002F16] -> 0x1000
[280] [M]: 0x80002F14 (0x10000D37) lui s10, 65536
x26 <- 0x10000000


mem[X,0x80002F18] -> 0x0237
mem[X,0x80002F1A] -> 0x0008
[281] [M]: 0x80002F18 (0x00080237) lui tp, 128
x4 <- 0x00080000


mem[X,0x80002F1C] -> 0x0113
mem[X,0x80002F1E] -> 0x0000
[282] [M]: 0x80002F1C (0x00000113) addi sp, zero, 0
x2 <- 0x00000000


mem[X,0x80002F20] -> 0x006F
mem[X,0x80002F22] -> 0x00C0
[283] [M]: 0x80002F20 (0x00C0006F) jal zero, 12


mem[X,0x80002F2C] -> 0x4CE3
mem[X,0x80002F2E] -> 0xFE4D
[284] [M]: 0x80002F2C (0xFE4D4CE3) blt s10, tp, 8184


mem[X,0x80002F30] -> 0x0113
mem[X,0x80002F32] -> 0x0021
[285] [M]: 0x80002F30 (0x00210113) addi sp, sp, 2
x2 <- 0x00000002


mem[X,0x80002F34] -> 0x006F
mem[X,0x80002F36] -> 0x00C0
[286] [M]: 0x80002F34 (0x00C0006F) jal zero, 12


mem[X,0x80002F40] -> 0xA423
mem[X,0x80002F42] -> 0x0020
[287] [M]: 0x80002F40 (0x0020A423) sw sp, 8(ra)
mem[0x80039170] <- 0x00000002


mem[X,0x80002F44] -> 0x3EB7
mem[X,0x80002F46] -> 0x3333
[288] [M]: 0x80002F44 (0x33333EB7) lui t4, 209715
x29 <- 0x33333000


mem[X,0x80002F48] -> 0x8E93
mem[X,0x80002F4A] -> 0x334E
[289] [M]: 0x80002F48 (0x334E8E93) addi t4, t4, 820
x29 <- 0x33333334


mem[X,0x80002F4C] -> 0x09B7
mem[X,0x80002F4E] -> 0x0010
[290] [M]: 0x80002F4C (0x001009B7) lui s3, 256
x19 <- 0x00100000


mem[X,0x80002F50] -> 0x0113
mem[X,0x80002F52] -> 0x0000
[291] [M]: 0x80002F50 (0x00000113) addi sp, zero, 0
x2 <- 0x00000000


mem[X,0x80002F54] -> 0x006F
mem[X,0x80002F56] -> 0x00C0
[292] [M]: 0x80002F54 (0x00C0006F) jal zero, 12


mem[X,0x80002F60] -> 0xC063
mem[X,0x80002F62] -> 0x113E
[293] [M]: 0x80002F60 (0x113EC063) blt t4, s3, 256


mem[X,0x80002F64] -> 0x0113
mem[X,0x80002F66] -> 0x0021
[294] [M]: 0x80002F64 (0x00210113) addi sp, sp, 2
x2 <- 0x00000002


mem[X,0x80002F68] -> 0x006F
mem[X,0x80002F6A] -> 0x1000
[295] [M]: 0x80002F68 (0x1000006F) jal zero, 256


mem[X,0x80003068] -> 0xA623
mem[X,0x8000306A] -> 0x0020
[296] [M]: 0x80003068 (0x0020A623) sw sp, 12(ra)
mem[0x80039174] <- 0x00000002


mem[X,0x8000306C] -> 0x0293
mem[X,0x8000306E] -> 0xFF70
[297] [M]: 0x8000306C (0xFF700293) addi t0, zero, 4087
x5 <- 0xFFFFFFF7


mem[X,0x80003070] -> 0x0637
mem[X,0x80003072] -> 0x0020
[298] [M]: 0x80003070 (0x00200637) lui a2, 512
x12 <- 0x00200000


mem[X,0x80003074] -> 0x0113
mem[X,0x80003076] -> 0x0000
[299] [M]: 0x80003074 (0x00000113) addi sp, zero, 0
x2 <- 0x00000000


clint::tick mtime <- 0x0000000000000003
 clint timer pending at mtime 0x0000000000000003
htif::tick 0x0000000000000000
mem[X,0x80003078] -> 0x006F
mem[X,0x8000307A] -> 0x00C0
[300] [M]: 0x80003078 (0x00C0006F) jal zero, 12


mem[X,0x80003084] -> 0xC063
mem[X,0x80003086] -> 0x08C2
[301] [M]: 0x80003084 (0x08C2C063) blt t0, a2, 128


mem[X,0x80003104] -> 0x0113
mem[X,0x80003106] -> 0x0031
[302] [M]: 0x80003104 (0x00310113) addi sp, sp, 3
x2 <- 0x00000003


mem[X,0x80003108] -> 0x006F
mem[X,0x8000310A] -> 0x0040
[303] [M]: 0x80003108 (0x0040006F) jal zero, 4


mem[X,0x8000310C] -> 0xA823
mem[X,0x8000310E] -> 0x0020
[304] [M]: 0x8000310C (0x0020A823) sw sp, 16(ra)
mem[0x80039178] <- 0x00000003


mem[X,0x80003110] -> 0x0193
mem[X,0x80003112] -> 0x0020
[305] [M]: 0x80003110 (0x00200193) addi gp, zero, 2
x3 <- 0x00000002


mem[X,0x80003114] -> 0x02B7
mem[X,0x80003116] -> 0x0040
[306] [M]: 0x80003114 (0x004002B7) lui t0, 1024
x5 <- 0x00400000


mem[X,0x80003118] -> 0x0113
mem[X,0x8000311A] -> 0x0000
[307] [M]: 0x80003118 (0x00000113) addi sp, zero, 0
x2 <- 0x00000000


mem[X,0x8000311C] -> 0x006F
mem[X,0x8000311E] -> 0x00C0
[308] [M]: 0x8000311C (0x00C0006F) jal zero, 12


mem[X,0x80003128] -> 0xC863
mem[X,0x8000312A] -> 0x0051
[309] [M]: 0x80003128 (0x0051C863) blt gp, t0, 16


mem[X,0x80003138] -> 0x0113
mem[X,0x8000313A] -> 0x0031
[310] [M]: 0x80003138 (0x00310113) addi sp, sp, 3
x2 <- 0x00000003


mem[X,0x8000313C] -> 0x006F
mem[X,0x8000313E] -> 0x0040
[311] [M]: 0x8000313C (0x0040006F) jal zero, 4


mem[X,0x80003140] -> 0xAA23
mem[X,0x80003142] -> 0x0020
[312] [M]: 0x80003140 (0x0020AA23) sw sp, 20(ra)
mem[0x8003917C] <- 0x00000003


mem[X,0x80003144] -> 0x0DB7
mem[X,0x80003146] -> 0x0080
[313] [M]: 0x80003144 (0x00800DB7) lui s11, 2048
x27 <- 0x00800000


mem[X,0x80003148] -> 0x0537
mem[X,0x8000314A] -> 0x0080
[314] [M]: 0x80003148 (0x00800537) lui a0, 2048
x10 <- 0x00800000


mem[X,0x8000314C] -> 0x0113
mem[X,0x8000314E] -> 0x0000
[315] [M]: 0x8000314C (0x00000113) addi sp, zero, 0
x2 <- 0x00000000


mem[X,0x80003150] -> 0x006F
mem[X,0x80003152] -> 0x00C0
[316] [M]: 0x80003150 (0x00C0006F) jal zero, 12


mem[X,0x8000315C] -> 0xC863
mem[X,0x8000315E] -> 0x00AD
[317] [M]: 0x8000315C (0x00ADC863) blt s11, a0, 16


mem[X,0x80003160] -> 0x0113
mem[X,0x80003162] -> 0x0021
[318] [M]: 0x80003160 (0x00210113) addi sp, sp, 2
x2 <- 0x00000002


mem[X,0x80003164] -> 0x006F
mem[X,0x80003166] -> 0x0100
[319] [M]: 0x80003164 (0x0100006F) jal zero, 16


mem[X,0x80003174] -> 0xAC23
mem[X,0x80003176] -> 0x0020
[320] [M]: 0x80003174 (0x0020AC23) sw sp, 24(ra)
mem[0x80039180] <- 0x00000002


mem[X,0x80003178] -> 0x0BB7
mem[X,0x8000317A] -> 0xFF80
[321] [M]: 0x80003178 (0xFF800BB7) lui s7, 1046528
x23 <- 0xFF800000


mem[X,0x8000317C] -> 0x8B93
mem[X,0x8000317E] -> 0xFFFB
[322] [M]: 0x8000317C (0xFFFB8B93) addi s7, s7, 4095
x23 <- 0xFF7FFFFF


mem[X,0x80003180] -> 0x0F37
mem[X,0x80003182] -> 0x0200
[323] [M]: 0x80003180 (0x02000F37) lui t5, 8192
x30 <- 0x02000000


mem[X,0x80003184] -> 0x0113
mem[X,0x80003186] -> 0x0000
[324] [M]: 0x80003184 (0x00000113) addi sp, zero, 0
x2 <- 0x00000000


mem[X,0x80003188] -> 0x006F
mem[X,0x8000318A] -> 0x00C0
[325] [M]: 0x80003188 (0x00C0006F) jal zero, 12


mem[X,0x80003194] -> 0xC863
mem[X,0x80003196] -> 0x01EB
[326] [M]: 0x80003194 (0x01EBC863) blt s7, t5, 16


mem[X,0x800031A4] -> 0x0113
mem[X,0x800031A6] -> 0x0031
[327] [M]: 0x800031A4 (0x00310113) addi sp, sp, 3
x2 <- 0x00000003


mem[X,0x800031A8] -> 0x006F
mem[X,0x800031AA] -> 0x0040
[328] [M]: 0x800031A8 (0x0040006F) jal zero, 4


mem[X,0x800031AC] -> 0xAE23
mem[X,0x800031AE] -> 0x0020
[329] [M]: 0x800031AC (0x0020AE23) sw sp, 28(ra)
mem[0x80039184] <- 0x00000003


mem[X,0x800031B0] -> 0x0613
mem[X,0x800031B2] -> 0x0020
[330] [M]: 0x800031B0 (0x00200613) addi a2, zero, 2
x12 <- 0x00000002


mem[X,0x800031B4] -> 0x0837
mem[X,0x800031B6] -> 0x0400
[331] [M]: 0x800031B4 (0x04000837) lui a6, 16384
x16 <- 0x04000000


mem[X,0x800031B8] -> 0x0113
mem[X,0x800031BA] -> 0x0000
[332] [M]: 0x800031B8 (0x00000113) addi sp, zero, 0
x2 <- 0x00000000


mem[X,0x800031BC] -> 0x006F
mem[X,0x800031BE] -> 0x00C0
[333] [M]: 0x800031BC (0x00C0006F) jal zero, 12


mem[X,0x800031C8] -> 0x4CE3
mem[X,0x800031CA] -> 0xFF06
[334] [M]: 0x800031C8 (0xFF064CE3) blt a2, a6, 8184


mem[X,0x800031C0] -> 0x0113
mem[X,0x800031C2] -> 0x0011
[335] [M]: 0x800031C0 (0x00110113) addi sp, sp, 1
x2 <- 0x00000001


mem[X,0x800031C4] -> 0x006F
mem[X,0x800031C6] -> 0x0180
[336] [M]: 0x800031C4 (0x0180006F) jal zero, 24


mem[X,0x800031DC] -> 0xA023
mem[X,0x800031DE] -> 0x0220
[337] [M]: 0x800031DC (0x0220A023) sw sp, 32(ra)
mem[0x80039188] <- 0x00000001


mem[X,0x800031E0] -> 0x0B13
mem[X,0x800031E2] -> 0x2000
[338] [M]: 0x800031E0 (0x20000B13) addi s6, zero, 512
x22 <- 0x00000200


mem[X,0x800031E4] -> 0x03B7
mem[X,0x800031E6] -> 0x0800
[339] [M]: 0x800031E4 (0x080003B7) lui t2, 32768
x7 <- 0x08000000


mem[X,0x800031E8] -> 0x0113
mem[X,0x800031EA] -> 0x0000
[340] [M]: 0x800031E8 (0x00000113) addi sp, zero, 0
x2 <- 0x00000000


mem[X,0x800031EC] -> 0x006F
mem[X,0x800031EE] -> 0x00C0
[341] [M]: 0x800031EC (0x00C0006F) jal zero, 12


mem[X,0x800031F8] -> 0x4063
mem[X,0x800031FA] -> 0x087B
[342] [M]: 0x800031F8 (0x087B4063) blt s6, t2, 128


mem[X,0x80003278] -> 0x0113
mem[X,0x8000327A] -> 0x0031
[343] [M]: 0x80003278 (0x00310113) addi sp, sp, 3
x2 <- 0x00000003


mem[X,0x8000327C] -> 0x006F
mem[X,0x8000327E] -> 0x0040
[344] [M]: 0x8000327C (0x0040006F) jal zero, 4


mem[X,0x80003280] -> 0xA223
mem[X,0x80003282] -> 0x0220
[345] [M]: 0x80003280 (0x0220A223) sw sp, 36(ra)
mem[0x8003918C] <- 0x00000003


mem[X,0x80003284] -> 0x04B7
mem[X,0x80003286] -> 0xFFC0
[346] [M]: 0x80003284 (0xFFC004B7) lui s1, 1047552
x9 <- 0xFFC00000


mem[X,0x80003288] -> 0x8493
mem[X,0x8000328A] -> 0xFFF4
[347] [M]: 0x80003288 (0xFFF48493) addi s1, s1, 4095
x9 <- 0xFFBFFFFF


mem[X,0x8000328C] -> 0x06B7
mem[X,0x8000328E] -> 0x1000
[348] [M]: 0x8000328C (0x100006B7) lui a3, 65536
x13 <- 0x10000000


mem[X,0x80003290] -> 0x0113
mem[X,0x80003292] -> 0x0000
[349] [M]: 0x80003290 (0x00000113) addi sp, zero, 0
x2 <- 0x00000000


mem[X,0x80003294] -> 0x006F
mem[X,0x80003296] -> 0x00C0
[350] [M]: 0x80003294 (0x00C0006F) jal zero, 12


mem[X,0x800032A0] -> 0xC063
mem[X,0x800032A2] -> 0x10D4
[351] [M]: 0x800032A0 (0x10D4C063) blt s1, a3, 256


mem[X,0x800033A0] -> 0x0113
mem[X,0x800033A2] -> 0x0031
[352] [M]: 0x800033A0 (0x00310113) addi sp, sp, 3
x2 <- 0x00000003


mem[X,0x800033A4] -> 0x006F
mem[X,0x800033A6] -> 0x0040
[353] [M]: 0x800033A4 (0x0040006F) jal zero, 4


mem[X,0x800033A8] -> 0xA423
mem[X,0x800033AA] -> 0x0220
[354] [M]: 0x800033A8 (0x0220A423) sw sp, 40(ra)
mem[0x80039190] <- 0x00000003


mem[X,0x800033AC] -> 0x0513
mem[X,0x800033AE] -> 0x0030
[355] [M]: 0x800033AC (0x00300513) addi a0, zero, 3
x10 <- 0x00000003


mem[X,0x800033B0] -> 0x05B7
mem[X,0x800033B2] -> 0x2000
[356] [M]: 0x800033B0 (0x200005B7) lui a1, 131072
x11 <- 0x20000000


mem[X,0x800033B4] -> 0x0113
mem[X,0x800033B6] -> 0x0000
[357] [M]: 0x800033B4 (0x00000113) addi sp, zero, 0
x2 <- 0x00000000


mem[X,0x800033B8] -> 0x006F
mem[X,0x800033BA] -> 0x00C0
[358] [M]: 0x800033B8 (0x00C0006F) jal zero, 12


mem[X,0x800033C4] -> 0x4663
mem[X,0x800033C6] -> 0x00B5
[359] [M]: 0x800033C4 (0x00B54663) blt a0, a1, 12


mem[X,0x800033D0] -> 0x0113
mem[X,0x800033D2] -> 0x0031
[360] [M]: 0x800033D0 (0x00310113) addi sp, sp, 3
x2 <- 0x00000003


mem[X,0x800033D4] -> 0x006F
mem[X,0x800033D6] -> 0x0040
[361] [M]: 0x800033D4 (0x0040006F) jal zero, 4


mem[X,0x800033D8] -> 0xA623
mem[X,0x800033DA] -> 0x0220
[362] [M]: 0x800033D8 (0x0220A623) sw sp, 44(ra)
mem[0x80039194] <- 0x00000003


mem[X,0x800033DC] -> 0x2537
mem[X,0x800033DE] -> 0x0000
[363] [M]: 0x800033DC (0x00002537) lui a0, 2
x10 <- 0x00002000


mem[X,0x800033E0] -> 0x05B7
mem[X,0x800033E2] -> 0x4000
[364] [M]: 0x800033E0 (0x400005B7) lui a1, 262144
x11 <- 0x40000000


mem[X,0x800033E4] -> 0x0113
mem[X,0x800033E6] -> 0x0000
[365] [M]: 0x800033E4 (0x00000113) addi sp, zero, 0
x2 <- 0x00000000


mem[X,0x800033E8] -> 0x006F
mem[X,0x800033EA] -> 0x0100
[366] [M]: 0x800033E8 (0x0100006F) jal zero, 16


mem[X,0x800033F8] -> 0x4AE3
mem[X,0x800033FA] -> 0xFEB5
[367] [M]: 0x800033F8 (0xFEB54AE3) blt a0, a1, 8180


mem[X,0x800033EC] -> 0x0113
mem[X,0x800033EE] -> 0x0011
[368] [M]: 0x800033EC (0x00110113) addi sp, sp, 1
x2 <- 0x00000001


mem[X,0x800033F0] -> 0x006F
mem[X,0x800033F2] -> 0x01C0
[369] [M]: 0x800033F0 (0x01C0006F) jal zero, 28


mem[X,0x8000340C] -> 0xA823
mem[X,0x8000340E] -> 0x0220
[370] [M]: 0x8000340C (0x0220A823) sw sp, 48(ra)
mem[0x80039198] <- 0x00000001


mem[X,0x80003410] -> 0x0513
mem[X,0x80003412] -> 0x0040
[371] [M]: 0x80003410 (0x00400513) addi a0, zero, 4
x10 <- 0x00000004


mem[X,0x80003414] -> 0x0593
mem[X,0x80003416] -> 0xFFE0
[372] [M]: 0x80003414 (0xFFE00593) addi a1, zero, 4094
x11 <- 0xFFFFFFFE


mem[X,0x80003418] -> 0x0113
mem[X,0x8000341A] -> 0x0000
[373] [M]: 0x80003418 (0x00000113) addi sp, zero, 0
x2 <- 0x00000000


mem[X,0x8000341C] -> 0x006F
mem[X,0x8000341E] -> 0x2B10
[374] [M]: 0x8000341C (0x2B10006F) jal zero, 2736


mem[X,0x80003ECC] -> 0x4A63
mem[X,0x80003ECE] -> 0xD4B5
[375] [M]: 0x80003ECC (0xD4B54A63) blt a0, a1, 5460


mem[X,0x80003ED0] -> 0x0113
mem[X,0x80003ED2] -> 0x0021
[376] [M]: 0x80003ED0 (0x00210113) addi sp, sp, 2
x2 <- 0x00000002


mem[X,0x80003ED4] -> 0x006F
mem[X,0x80003ED6] -> 0x00C0
[377] [M]: 0x80003ED4 (0x00C0006F) jal zero, 12


mem[X,0x80003EE0] -> 0xAA23
mem[X,0x80003EE2] -> 0x0220
[378] [M]: 0x80003EE0 (0x0220AA23) sw sp, 52(ra)
mem[0x8003919C] <- 0x00000002


mem[X,0x80003EE4] -> 0x0513
mem[X,0x80003EE6] -> 0x0060
[379] [M]: 0x80003EE4 (0x00600513) addi a0, zero, 6
x10 <- 0x00000006


mem[X,0x80003EE8] -> 0x0593
mem[X,0x80003EEA] -> 0xFFD0
[380] [M]: 0x80003EE8 (0xFFD00593) addi a1, zero, 4093
x11 <- 0xFFFFFFFD


mem[X,0x80003EEC] -> 0x0113
mem[X,0x80003EEE] -> 0x0000
[381] [M]: 0x80003EEC (0x00000113) addi sp, zero, 0
x2 <- 0x00000000


mem[X,0x80003EF0] -> 0x006F
mem[X,0x80003EF2] -> 0x00C0
[382] [M]: 0x80003EF0 (0x00C0006F) jal zero, 12


mem[X,0x80003EFC] -> 0x4CE3
mem[X,0x80003EFE] -> 0xFEB5
[383] [M]: 0x80003EFC (0xFEB54CE3) blt a0, a1, 8184


mem[X,0x80003F00] -> 0x0113
mem[X,0x80003F02] -> 0x0021
[384] [M]: 0x80003F00 (0x00210113) addi sp, sp, 2
x2 <- 0x00000002


mem[X,0x80003F04] -> 0x006F
mem[X,0x80003F06] -> 0x00C0
[385] [M]: 0x80003F04 (0x00C0006F) jal zero, 12


mem[X,0x80003F10] -> 0xAC23
mem[X,0x80003F12] -> 0x0220
[386] [M]: 0x80003F10 (0x0220AC23) sw sp, 56(ra)
mem[0x800391A0] <- 0x00000002


mem[X,0x80003F14] -> 0x0513
mem[X,0x80003F16] -> 0xDFF0
[387] [M]: 0x80003F14 (0xDFF00513) addi a0, zero, 3583
x10 <- 0xFFFFFDFF


mem[X,0x80003F18] -> 0x0593
mem[X,0x80003F1A] -> 0xFFB0
[388] [M]: 0x80003F18 (0xFFB00593) addi a1, zero, 4091
x11 <- 0xFFFFFFFB


mem[X,0x80003F1C] -> 0x0113
mem[X,0x80003F1E] -> 0x0000
[389] [M]: 0x80003F1C (0x00000113) addi sp, zero, 0
x2 <- 0x00000000


mem[X,0x80003F20] -> 0x006F
mem[X,0x80003F22] -> 0x00C0
[390] [M]: 0x80003F20 (0x00C0006F) jal zero, 12


mem[X,0x80003F2C] -> 0x4063
mem[X,0x80003F2E] -> 0x40B5
[391] [M]: 0x80003F2C (0x40B54063) blt a0, a1, 1024


mem[X,0x8000432C] -> 0x0113
mem[X,0x8000432E] -> 0x0031
[392] [M]: 0x8000432C (0x00310113) addi sp, sp, 3
x2 <- 0x00000003


mem[X,0x80004330] -> 0x006F
mem[X,0x80004332] -> 0x0040
[393] [M]: 0x80004330 (0x0040006F) jal zero, 4


mem[X,0x80004334] -> 0xAE23
mem[X,0x80004336] -> 0x0220
[394] [M]: 0x80004334 (0x0220AE23) sw sp, 60(ra)
mem[0x800391A4] <- 0x00000003


mem[X,0x80004338] -> 0x0537
mem[X,0x8000433A] -> 0xFFF8
[395] [M]: 0x80004338 (0xFFF80537) lui a0, 1048448
x10 <- 0xFFF80000


mem[X,0x8000433C] -> 0x0513
mem[X,0x8000433E] -> 0xFFF5
[396] [M]: 0x8000433C (0xFFF50513) addi a0, a0, 4095
x10 <- 0xFFF7FFFF


mem[X,0x80004340] -> 0x0593
mem[X,0x80004342] -> 0xFF70
[397] [M]: 0x80004340 (0xFF700593) addi a1, zero, 4087
x11 <- 0xFFFFFFF7


mem[X,0x80004344] -> 0x0113
mem[X,0x80004346] -> 0x0000
[398] [M]: 0x80004344 (0x00000113) addi sp, zero, 0
x2 <- 0x00000000


mem[X,0x80004348] -> 0x006F
mem[X,0x8000434A] -> 0x00C0
[399] [M]: 0x80004348 (0x00C0006F) jal zero, 12


clint::tick mtime <- 0x0000000000000004
 clint timer pending at mtime 0x0000000000000004
htif::tick 0x0000000000000000
mem[X,0x80004354] -> 0x4663
mem[X,0x80004356] -> 0x00B5
[400] [M]: 0x80004354 (0x00B54663) blt a0, a1, 12


mem[X,0x80004360] -> 0x0113
mem[X,0x80004362] -> 0x0031
[401] [M]: 0x80004360 (0x00310113) addi sp, sp, 3
x2 <- 0x00000003


mem[X,0x80004364] -> 0x006F
mem[X,0x80004366] -> 0x0040
[402] [M]: 0x80004364 (0x0040006F) jal zero, 4


mem[X,0x80004368] -> 0xA023
mem[X,0x8000436A] -> 0x0420
[403] [M]: 0x80004368 (0x0420A023) sw sp, 64(ra)
mem[0x800391A8] <- 0x00000003


mem[X,0x8000436C] -> 0x0513
mem[X,0x8000436E] -> 0x0090
[404] [M]: 0x8000436C (0x00900513) addi a0, zero, 9
x10 <- 0x00000009


mem[X,0x80004370] -> 0x0593
mem[X,0x80004372] -> 0xFEF0
[405] [M]: 0x80004370 (0xFEF00593) addi a1, zero, 4079
x11 <- 0xFFFFFFEF


mem[X,0x80004374] -> 0x0113
mem[X,0x80004376] -> 0x0000
[406] [M]: 0x80004374 (0x00000113) addi sp, zero, 0
x2 <- 0x00000000


mem[X,0x80004378] -> 0x006F
mem[X,0x8000437A] -> 0x00C0
[407] [M]: 0x80004378 (0x00C0006F) jal zero, 12


mem[X,0x80004384] -> 0x4663
mem[X,0x80004386] -> 0x00B5
[408] [M]: 0x80004384 (0x00B54663) blt a0, a1, 12


mem[X,0x80004388] -> 0x0113
mem[X,0x8000438A] -> 0x0021
[409] [M]: 0x80004388 (0x00210113) addi sp, sp, 2
x2 <- 0x00000002


mem[X,0x8000438C] -> 0x006F
mem[X,0x8000438E] -> 0x00C0
[410] [M]: 0x8000438C (0x00C0006F) jal zero, 12


mem[X,0x80004398] -> 0xA223
mem[X,0x8000439A] -> 0x0420
[411] [M]: 0x80004398 (0x0420A223) sw sp, 68(ra)
mem[0x800391AC] <- 0x00000002


mem[X,0x8000439C] -> 0x0513
mem[X,0x8000439E] -> 0xFF80
[412] [M]: 0x8000439C (0xFF800513) addi a0, zero, 4088
x10 <- 0xFFFFFFF8


mem[X,0x800043A0] -> 0x0593
mem[X,0x800043A2] -> 0xFDF0
[413] [M]: 0x800043A0 (0xFDF00593) addi a1, zero, 4063
x11 <- 0xFFFFFFDF


mem[X,0x800043A4] -> 0x0113
mem[X,0x800043A6] -> 0x0000
[414] [M]: 0x800043A4 (0x00000113) addi sp, zero, 0
x2 <- 0x00000000


mem[X,0x800043A8] -> 0x006F
mem[X,0x800043AA] -> 0x00C0
[415] [M]: 0x800043A8 (0x00C0006F) jal zero, 12


mem[X,0x800043B4] -> 0x4063
mem[X,0x800043B6] -> 0x04B5
[416] [M]: 0x800043B4 (0x04B54063) blt a0, a1, 64


mem[X,0x800043B8] -> 0x0113
mem[X,0x800043BA] -> 0x0021
[417] [M]: 0x800043B8 (0x00210113) addi sp, sp, 2
x2 <- 0x00000002


mem[X,0x800043BC] -> 0x006F
mem[X,0x800043BE] -> 0x0400
[418] [M]: 0x800043BC (0x0400006F) jal zero, 64


mem[X,0x800043FC] -> 0xA423
mem[X,0x800043FE] -> 0x0420
[419] [M]: 0x800043FC (0x0420A423) sw sp, 72(ra)
mem[0x800391B0] <- 0x00000002


mem[X,0x80004400] -> 0x0513
mem[X,0x80004402] -> 0x0070
[420] [M]: 0x80004400 (0x00700513) addi a0, zero, 7
x10 <- 0x00000007


mem[X,0x80004404] -> 0x0593
mem[X,0x80004406] -> 0xFBF0
[421] [M]: 0x80004404 (0xFBF00593) addi a1, zero, 4031
x11 <- 0xFFFFFFBF


mem[X,0x80004408] -> 0x0113
mem[X,0x8000440A] -> 0x0000
[422] [M]: 0x80004408 (0x00000113) addi sp, zero, 0
x2 <- 0x00000000


mem[X,0x8000440C] -> 0x006F
mem[X,0x8000440E] -> 0x00C0
[423] [M]: 0x8000440C (0x00C0006F) jal zero, 12


mem[X,0x80004418] -> 0x4663
mem[X,0x8000441A] -> 0x00B5
[424] [M]: 0x80004418 (0x00B54663) blt a0, a1, 12


mem[X,0x8000441C] -> 0x0113
mem[X,0x8000441E] -> 0x0021
[425] [M]: 0x8000441C (0x00210113) addi sp, sp, 2
x2 <- 0x00000002


mem[X,0x80004420] -> 0x006F
mem[X,0x80004422] -> 0x00C0
[426] [M]: 0x80004420 (0x00C0006F) jal zero, 12


mem[X,0x8000442C] -> 0xA623
mem[X,0x8000442E] -> 0x0420
[427] [M]: 0x8000442C (0x0420A623) sw sp, 76(ra)
mem[0x800391B4] <- 0x00000002


mem[X,0x80004430] -> 0x0513
mem[X,0x80004432] -> 0x0010
[428] [M]: 0x80004430 (0x00100513) addi a0, zero, 1
x10 <- 0x00000001


mem[X,0x80004434] -> 0x0593
mem[X,0x80004436] -> 0xF7F0
[429] [M]: 0x80004434 (0xF7F00593) addi a1, zero, 3967
x11 <- 0xFFFFFF7F


mem[X,0x80004438] -> 0x0113
mem[X,0x8000443A] -> 0x0000
[430] [M]: 0x80004438 (0x00000113) addi sp, zero, 0
x2 <- 0x00000000


mem[X,0x8000443C] -> 0x006F
mem[X,0x8000443E] -> 0x00C0
[431] [M]: 0x8000443C (0x00C0006F) jal zero, 12


mem[X,0x80004448] -> 0x4863
mem[X,0x8000444A] -> 0x00B5
[432] [M]: 0x80004448 (0x00B54863) blt a0, a1, 16


mem[X,0x8000444C] -> 0x0113
mem[X,0x8000444E] -> 0x0021
[433] [M]: 0x8000444C (0x00210113) addi sp, sp, 2
x2 <- 0x00000002


mem[X,0x80004450] -> 0x006F
mem[X,0x80004452] -> 0x0100
[434] [M]: 0x80004450 (0x0100006F) jal zero, 16


mem[X,0x80004460] -> 0xA823
mem[X,0x80004462] -> 0x0420
[435] [M]: 0x80004460 (0x0420A823) sw sp, 80(ra)
mem[0x800391B8] <- 0x00000002


mem[X,0x80004464] -> 0x0513
mem[X,0x80004466] -> 0xEFF0
[436] [M]: 0x80004464 (0xEFF00513) addi a0, zero, 3839
x10 <- 0xFFFFFEFF


mem[X,0x80004468] -> 0x0593
mem[X,0x8000446A] -> 0xEFF0
[437] [M]: 0x80004468 (0xEFF00593) addi a1, zero, 3839
x11 <- 0xFFFFFEFF


mem[X,0x8000446C] -> 0x0113
mem[X,0x8000446E] -> 0x0000
[438] [M]: 0x8000446C (0x00000113) addi sp, zero, 0
x2 <- 0x00000000


mem[X,0x80004470] -> 0x006F
mem[X,0x80004472] -> 0x00C0
[439] [M]: 0x80004470 (0x00C0006F) jal zero, 12


mem[X,0x8000447C] -> 0x4663
mem[X,0x8000447E] -> 0x00B5
[440] [M]: 0x8000447C (0x00B54663) blt a0, a1, 12


mem[X,0x80004480] -> 0x0113
mem[X,0x80004482] -> 0x0021
[441] [M]: 0x80004480 (0x00210113) addi sp, sp, 2
x2 <- 0x00000002


mem[X,0x80004484] -> 0x006F
mem[X,0x80004486] -> 0x00C0
[442] [M]: 0x80004484 (0x00C0006F) jal zero, 12


mem[X,0x80004490] -> 0xAA23
mem[X,0x80004492] -> 0x0420
[443] [M]: 0x80004490 (0x0420AA23) sw sp, 84(ra)
mem[0x800391BC] <- 0x00000002


mem[X,0x80004494] -> 0x8537
mem[X,0x80004496] -> 0xFFFF
[444] [M]: 0x80004494 (0xFFFF8537) lui a0, 1048568
x10 <- 0xFFFF8000


mem[X,0x80004498] -> 0x0513
mem[X,0x8000449A] -> 0xFFF5
[445] [M]: 0x80004498 (0xFFF50513) addi a0, a0, 4095
x10 <- 0xFFFF7FFF


mem[X,0x8000449C] -> 0x0593
mem[X,0x8000449E] -> 0xDFF0
[446] [M]: 0x8000449C (0xDFF00593) addi a1, zero, 3583
x11 <- 0xFFFFFDFF


mem[X,0x800044A0] -> 0x0113
mem[X,0x800044A2] -> 0x0000
[447] [M]: 0x800044A0 (0x00000113) addi sp, zero, 0
x2 <- 0x00000000


mem[X,0x800044A4] -> 0x006F
mem[X,0x800044A6] -> 0x00C0
[448] [M]: 0x800044A4 (0x00C0006F) jal zero, 12


mem[X,0x800044B0] -> 0x4663
mem[X,0x800044B2] -> 0x00B5
[449] [M]: 0x800044B0 (0x00B54663) blt a0, a1, 12


mem[X,0x800044BC] -> 0x0113
mem[X,0x800044BE] -> 0x0031
[450] [M]: 0x800044BC (0x00310113) addi sp, sp, 3
x2 <- 0x00000003


mem[X,0x800044C0] -> 0x006F
mem[X,0x800044C2] -> 0x0040
[451] [M]: 0x800044C0 (0x0040006F) jal zero, 4


mem[X,0x800044C4] -> 0xAC23
mem[X,0x800044C6] -> 0x0420
[452] [M]: 0x800044C4 (0x0420AC23) sw sp, 88(ra)
mem[0x800391C0] <- 0x00000003


mem[X,0x800044C8] -> 0x0513
mem[X,0x800044CA] -> 0x0200
[453] [M]: 0x800044C8 (0x02000513) addi a0, zero, 32
x10 <- 0x00000020


mem[X,0x800044CC] -> 0x0593
mem[X,0x800044CE] -> 0xBFF0
[454] [M]: 0x800044CC (0xBFF00593) addi a1, zero, 3071
x11 <- 0xFFFFFBFF


mem[X,0x800044D0] -> 0x0113
mem[X,0x800044D2] -> 0x0000
[455] [M]: 0x800044D0 (0x00000113) addi sp, zero, 0
x2 <- 0x00000000


mem[X,0x800044D4] -> 0x006F
mem[X,0x800044D6] -> 0x00C0
[456] [M]: 0x800044D4 (0x00C0006F) jal zero, 12


mem[X,0x800044E0] -> 0x4063
mem[X,0x800044E2] -> 0x40B5
[457] [M]: 0x800044E0 (0x40B54063) blt a0, a1, 1024


mem[X,0x800044E4] -> 0x0113
mem[X,0x800044E6] -> 0x0021
[458] [M]: 0x800044E4 (0x00210113) addi sp, sp, 2
x2 <- 0x00000002


mem[X,0x800044E8] -> 0x006F
mem[X,0x800044EA] -> 0x4000
[459] [M]: 0x800044E8 (0x4000006F) jal zero, 1024


mem[X,0x800048E8] -> 0xAE23
mem[X,0x800048EA] -> 0x0420
[460] [M]: 0x800048E8 (0x0420AE23) sw sp, 92(ra)
mem[0x800391C4] <- 0x00000002


mem[X,0x800048EC] -> 0x0513
mem[X,0x800048EE] -> 0x0800
[461] [M]: 0x800048EC (0x08000513) addi a0, zero, 128
x10 <- 0x00000080


mem[X,0x800048F0] -> 0xF5B7
mem[X,0x800048F2] -> 0xFFFF
[462] [M]: 0x800048F0 (0xFFFFF5B7) lui a1, 1048575
x11 <- 0xFFFFF000


mem[X,0x800048F4] -> 0x8593
mem[X,0x800048F6] -> 0x7FF5
[463] [M]: 0x800048F4 (0x7FF58593) addi a1, a1, 2047
x11 <- 0xFFFFF7FF


mem[X,0x800048F8] -> 0x0113
mem[X,0x800048FA] -> 0x0000
[464] [M]: 0x800048F8 (0x00000113) addi sp, zero, 0
x2 <- 0x00000000


mem[X,0x800048FC] -> 0x006F
mem[X,0x800048FE] -> 0x00C0
[465] [M]: 0x800048FC (0x00C0006F) jal zero, 12


mem[X,0x80004908] -> 0x4063
mem[X,0x8000490A] -> 0x02B5
[466] [M]: 0x80004908 (0x02B54063) blt a0, a1, 32


mem[X,0x8000490C] -> 0x0113
mem[X,0x8000490E] -> 0x0021
[467] [M]: 0x8000490C (0x00210113) addi sp, sp, 2
x2 <- 0x00000002


mem[X,0x80004910] -> 0x006F
mem[X,0x80004912] -> 0x0200
[468] [M]: 0x80004910 (0x0200006F) jal zero, 32


mem[X,0x80004930] -> 0xA023
mem[X,0x80004932] -> 0x0620
[469] [M]: 0x80004930 (0x0620A023) sw sp, 96(ra)
mem[0x800391C8] <- 0x00000002


mem[X,0x80004934] -> 0xB537
mem[X,0x80004936] -> 0xAAAA
[470] [M]: 0x80004934 (0xAAAAB537) lui a0, 699051
x10 <- 0xAAAAB000


mem[X,0x80004938] -> 0x0513
mem[X,0x8000493A] -> 0xAAA5
[471] [M]: 0x80004938 (0xAAA50513) addi a0, a0, 2730
x10 <- 0xAAAAAAAA


mem[X,0x8000493C] -> 0xF5B7
mem[X,0x8000493E] -> 0xFFFF
[472] [M]: 0x8000493C (0xFFFFF5B7) lui a1, 1048575
x11 <- 0xFFFFF000


mem[X,0x80004940] -> 0x8593
mem[X,0x80004942] -> 0xFFF5
[473] [M]: 0x80004940 (0xFFF58593) addi a1, a1, 4095
x11 <- 0xFFFFEFFF


mem[X,0x80004944] -> 0x0113
mem[X,0x80004946] -> 0x0000
[474] [M]: 0x80004944 (0x00000113) addi sp, zero, 0
x2 <- 0x00000000


mem[X,0x80004948] -> 0x006F
mem[X,0x8000494A] -> 0x00C0
[475] [M]: 0x80004948 (0x00C0006F) jal zero, 12


mem[X,0x80004954] -> 0x4063
mem[X,0x80004956] -> 0x40B5
[476] [M]: 0x80004954 (0x40B54063) blt a0, a1, 1024


mem[X,0x80004D54] -> 0x0113
mem[X,0x80004D56] -> 0x0031
[477] [M]: 0x80004D54 (0x00310113) addi sp, sp, 3
x2 <- 0x00000003


mem[X,0x80004D58] -> 0x006F
mem[X,0x80004D5A] -> 0x0040
[478] [M]: 0x80004D58 (0x0040006F) jal zero, 4


mem[X,0x80004D5C] -> 0xA223
mem[X,0x80004D5E] -> 0x0620
[479] [M]: 0x80004D5C (0x0620A223) sw sp, 100(ra)
mem[0x800391CC] <- 0x00000003


mem[X,0x80004D60] -> 0x0537
mem[X,0x80004D62] -> 0x0004
[480] [M]: 0x80004D60 (0x00040537) lui a0, 64
x10 <- 0x00040000


mem[X,0x80004D64] -> 0xE5B7
mem[X,0x80004D66] -> 0xFFFF
[481] [M]: 0x80004D64 (0xFFFFE5B7) lui a1, 1048574
x11 <- 0xFFFFE000


mem[X,0x80004D68] -> 0x8593
mem[X,0x80004D6A] -> 0xFFF5
[482] [M]: 0x80004D68 (0xFFF58593) addi a1, a1, 4095
x11 <- 0xFFFFDFFF


mem[X,0x80004D6C] -> 0x0113
mem[X,0x80004D6E] -> 0x0000
[483] [M]: 0x80004D6C (0x00000113) addi sp, zero, 0
x2 <- 0x00000000


mem[X,0x80004D70] -> 0x006F
mem[X,0x80004D72] -> 0x0140
[484] [M]: 0x80004D70 (0x0140006F) jal zero, 20


mem[X,0x80004D84] -> 0x48E3
mem[X,0x80004D86] -> 0xFEB5
[485] [M]: 0x80004D84 (0xFEB548E3) blt a0, a1, 8176


mem[X,0x80004D88] -> 0x0113
mem[X,0x80004D8A] -> 0x0021
[486] [M]: 0x80004D88 (0x00210113) addi sp, sp, 2
x2 <- 0x00000002


mem[X,0x80004D8C] -> 0x006F
mem[X,0x80004D8E] -> 0x00C0
[487] [M]: 0x80004D8C (0x00C0006F) jal zero, 12


mem[X,0x80004D98] -> 0xA423
mem[X,0x80004D9A] -> 0x0620
[488] [M]: 0x80004D98 (0x0620A423) sw sp, 104(ra)
mem[0x800391D0] <- 0x00000002


mem[X,0x80004D9C] -> 0x0537
mem[X,0x80004D9E] -> 0x0010
[489] [M]: 0x80004D9C (0x00100537) lui a0, 256
x10 <- 0x00100000


mem[X,0x80004DA0] -> 0xC5B7
mem[X,0x80004DA2] -> 0xFFFF
[490] [M]: 0x80004DA0 (0xFFFFC5B7) lui a1, 1048572
x11 <- 0xFFFFC000


mem[X,0x80004DA4] -> 0x8593
mem[X,0x80004DA6] -> 0xFFF5
[491] [M]: 0x80004DA4 (0xFFF58593) addi a1, a1, 4095
x11 <- 0xFFFFBFFF


mem[X,0x80004DA8] -> 0x0113
mem[X,0x80004DAA] -> 0x0000
[492] [M]: 0x80004DA8 (0x00000113) addi sp, zero, 0
x2 <- 0x00000000


mem[X,0x80004DAC] -> 0x006F
mem[X,0x80004DAE] -> 0x0140
[493] [M]: 0x80004DAC (0x0140006F) jal zero, 20


mem[X,0x80004DC0] -> 0x48E3
mem[X,0x80004DC2] -> 0xFEB5
[494] [M]: 0x80004DC0 (0xFEB548E3) blt a0, a1, 8176


mem[X,0x80004DC4] -> 0x0113
mem[X,0x80004DC6] -> 0x0021
[495] [M]: 0x80004DC4 (0x00210113) addi sp, sp, 2
x2 <- 0x00000002


mem[X,0x80004DC8] -> 0x006F
mem[X,0x80004DCA] -> 0x00C0
[496] [M]: 0x80004DC8 (0x00C0006F) jal zero, 12


mem[X,0x80004DD4] -> 0xA623
mem[X,0x80004DD6] -> 0x0620
[497] [M]: 0x80004DD4 (0x0620A623) sw sp, 108(ra)
mem[0x800391D4] <- 0x00000002


mem[X,0x80004DD8] -> 0x0537
mem[X,0x80004DDA] -> 0xFFE0
[498] [M]: 0x80004DD8 (0xFFE00537) lui a0, 1048064
x10 <- 0xFFE00000


mem[X,0x80004DDC] -> 0x0513
mem[X,0x80004DDE] -> 0xFFF5
[499] [M]: 0x80004DDC (0xFFF50513) addi a0, a0, 4095
x10 <- 0xFFDFFFFF


clint::tick mtime <- 0x0000000000000005
 clint timer pending at mtime 0x0000000000000005
htif::tick 0x0000000000000000
mem[X,0x80004DE0] -> 0x85B7
mem[X,0x80004DE2] -> 0xFFFF
[500] [M]: 0x80004DE0 (0xFFFF85B7) lui a1, 1048568
x11 <- 0xFFFF8000


mem[X,0x80004DE4] -> 0x8593
mem[X,0x80004DE6] -> 0xFFF5
[501] [M]: 0x80004DE4 (0xFFF58593) addi a1, a1, 4095
x11 <- 0xFFFF7FFF


mem[X,0x80004DE8] -> 0x0113
mem[X,0x80004DEA] -> 0x0000
[502] [M]: 0x80004DE8 (0x00000113) addi sp, zero, 0
x2 <- 0x00000000


mem[X,0x80004DEC] -> 0x006F
mem[X,0x80004DEE] -> 0x00C0
[503] [M]: 0x80004DEC (0x00C0006F) jal zero, 12


mem[X,0x80004DF8] -> 0x4CE3
mem[X,0x80004DFA] -> 0xFEB5
[504] [M]: 0x80004DF8 (0xFEB54CE3) blt a0, a1, 8184


mem[X,0x80004DF0] -> 0x0113
mem[X,0x80004DF2] -> 0x0011
[505] [M]: 0x80004DF0 (0x00110113) addi sp, sp, 1
x2 <- 0x00000001


mem[X,0x80004DF4] -> 0x006F
mem[X,0x80004DF6] -> 0x0180
[506] [M]: 0x80004DF4 (0x0180006F) jal zero, 24


mem[X,0x80004E0C] -> 0xA823
mem[X,0x80004E0E] -> 0x0620
[507] [M]: 0x80004E0C (0x0620A823) sw sp, 112(ra)
mem[0x800391D8] <- 0x00000001


mem[X,0x80004E10] -> 0x0513
mem[X,0x80004E12] -> 0x1000
[508] [M]: 0x80004E10 (0x10000513) addi a0, zero, 256
x10 <- 0x00000100


mem[X,0x80004E14] -> 0x05B7
mem[X,0x80004E16] -> 0xFFFF
[509] [M]: 0x80004E14 (0xFFFF05B7) lui a1, 1048560
x11 <- 0xFFFF0000


mem[X,0x80004E18] -> 0x8593
mem[X,0x80004E1A] -> 0xFFF5
[510] [M]: 0x80004E18 (0xFFF58593) addi a1, a1, 4095
x11 <- 0xFFFEFFFF


mem[X,0x80004E1C] -> 0x0113
mem[X,0x80004E1E] -> 0x0000
[511] [M]: 0x80004E1C (0x00000113) addi sp, zero, 0
x2 <- 0x00000000


mem[X,0x80004E20] -> 0x006F
mem[X,0x80004E22] -> 0x00C0
[512] [M]: 0x80004E20 (0x00C0006F) jal zero, 12


mem[X,0x80004E2C] -> 0x4063
mem[X,0x80004E2E] -> 0x10B5
[513] [M]: 0x80004E2C (0x10B54063) blt a0, a1, 256


mem[X,0x80004E30] -> 0x0113
mem[X,0x80004E32] -> 0x0021
[514] [M]: 0x80004E30 (0x00210113) addi sp, sp, 2
x2 <- 0x00000002


mem[X,0x80004E34] -> 0x006F
mem[X,0x80004E36] -> 0x1000
[515] [M]: 0x80004E34 (0x1000006F) jal zero, 256


mem[X,0x80004F34] -> 0xAA23
mem[X,0x80004F36] -> 0x0620
[516] [M]: 0x80004F34 (0x0620AA23) sw sp, 116(ra)
mem[0x800391DC] <- 0x00000002


mem[X,0x80004F38] -> 0x0513
mem[X,0x80004F3A] -> 0x0030
[517] [M]: 0x80004F38 (0x00300513) addi a0, zero, 3
x10 <- 0x00000003


mem[X,0x80004F3C] -> 0x05B7
mem[X,0x80004F3E] -> 0xFFFE
[518] [M]: 0x80004F3C (0xFFFE05B7) lui a1, 1048544
x11 <- 0xFFFE0000


mem[X,0x80004F40] -> 0x8593
mem[X,0x80004F42] -> 0xFFF5
[519] [M]: 0x80004F40 (0xFFF58593) addi a1, a1, 4095
x11 <- 0xFFFDFFFF


mem[X,0x80004F44] -> 0x0113
mem[X,0x80004F46] -> 0x0000
[520] [M]: 0x80004F44 (0x00000113) addi sp, zero, 0
x2 <- 0x00000000


mem[X,0x80004F48] -> 0x006F
mem[X,0x80004F4A] -> 0x00C0
[521] [M]: 0x80004F48 (0x00C0006F) jal zero, 12


mem[X,0x80004F54] -> 0x4063
mem[X,0x80004F56] -> 0x08B5
[522] [M]: 0x80004F54 (0x08B54063) blt a0, a1, 128


mem[X,0x80004F58] -> 0x0113
mem[X,0x80004F5A] -> 0x0021
[523] [M]: 0x80004F58 (0x00210113) addi sp, sp, 2
x2 <- 0x00000002


mem[X,0x80004F5C] -> 0x006F
mem[X,0x80004F5E] -> 0x0800
[524] [M]: 0x80004F5C (0x0800006F) jal zero, 128


mem[X,0x80004FDC] -> 0xAC23
mem[X,0x80004FDE] -> 0x0620
[525] [M]: 0x80004FDC (0x0620AC23) sw sp, 120(ra)
mem[0x800391E0] <- 0x00000002


mem[X,0x80004FE0] -> 0x0537
mem[X,0x80004FE2] -> 0x0008
[526] [M]: 0x80004FE0 (0x00080537) lui a0, 128
x10 <- 0x00080000


mem[X,0x80004FE4] -> 0x05B7
mem[X,0x80004FE6] -> 0xFFFC
[527] [M]: 0x80004FE4 (0xFFFC05B7) lui a1, 1048512
x11 <- 0xFFFC0000


mem[X,0x80004FE8] -> 0x8593
mem[X,0x80004FEA] -> 0xFFF5
[528] [M]: 0x80004FE8 (0xFFF58593) addi a1, a1, 4095
x11 <- 0xFFFBFFFF


mem[X,0x80004FEC] -> 0x0113
mem[X,0x80004FEE] -> 0x0000
[529] [M]: 0x80004FEC (0x00000113) addi sp, zero, 0
x2 <- 0x00000000


mem[X,0x80004FF0] -> 0x006F
mem[X,0x80004FF2] -> 0x0180
[530] [M]: 0x80004FF0 (0x0180006F) jal zero, 24


mem[X,0x80005008] -> 0x46E3
mem[X,0x8000500A] -> 0xFEB5
[531] [M]: 0x80005008 (0xFEB546E3) blt a0, a1, 8172


mem[X,0x8000500C] -> 0x0113
mem[X,0x8000500E] -> 0x0021
[532] [M]: 0x8000500C (0x00210113) addi sp, sp, 2
x2 <- 0x00000002


mem[X,0x80005010] -> 0x006F
mem[X,0x80005012] -> 0x00C0
[533] [M]: 0x80005010 (0x00C0006F) jal zero, 12


mem[X,0x8000501C] -> 0xAE23
mem[X,0x8000501E] -> 0x0620
[534] [M]: 0x8000501C (0x0620AE23) sw sp, 124(ra)
mem[0x800391E4] <- 0x00000002


mem[X,0x80005020] -> 0x1537
mem[X,0x80005022] -> 0x0000
[535] [M]: 0x80005020 (0x00001537) lui a0, 1
x10 <- 0x00001000


mem[X,0x80005024] -> 0x05B7
mem[X,0x80005026] -> 0xFFF8
[536] [M]: 0x80005024 (0xFFF805B7) lui a1, 1048448
x11 <- 0xFFF80000


mem[X,0x80005028] -> 0x8593
mem[X,0x8000502A] -> 0xFFF5
[537] [M]: 0x80005028 (0xFFF58593) addi a1, a1, 4095
x11 <- 0xFFF7FFFF


mem[X,0x8000502C] -> 0x0113
mem[X,0x8000502E] -> 0x0000
[538] [M]: 0x8000502C (0x00000113) addi sp, zero, 0
x2 <- 0x00000000


mem[X,0x80005030] -> 0x006F
mem[X,0x80005032] -> 0x00C0
[539] [M]: 0x80005030 (0x00C0006F) jal zero, 12


mem[X,0x8000503C] -> 0x4663
mem[X,0x8000503E] -> 0x00B5
[540] [M]: 0x8000503C (0x00B54663) blt a0, a1, 12


mem[X,0x80005040] -> 0x0113
mem[X,0x80005042] -> 0x0021
[541] [M]: 0x80005040 (0x00210113) addi sp, sp, 2
x2 <- 0x00000002


mem[X,0x80005044] -> 0x006F
mem[X,0x80005046] -> 0x00C0
[542] [M]: 0x80005044 (0x00C0006F) jal zero, 12


mem[X,0x80005050] -> 0xA023
mem[X,0x80005052] -> 0x0820
[543] [M]: 0x80005050 (0x0820A023) sw sp, 128(ra)
mem[0x800391E8] <- 0x00000002


mem[X,0x80005054] -> 0x6537
mem[X,0x80005056] -> 0x6666
[544] [M]: 0x80005054 (0x66666537) lui a0, 419430
x10 <- 0x66666000


mem[X,0x80005058] -> 0x0513
mem[X,0x8000505A] -> 0x6675
[545] [M]: 0x80005058 (0x66750513) addi a0, a0, 1639
x10 <- 0x66666667


mem[X,0x8000505C] -> 0x05B7
mem[X,0x8000505E] -> 0xFFF0
[546] [M]: 0x8000505C (0xFFF005B7) lui a1, 1048320
x11 <- 0xFFF00000


mem[X,0x80005060] -> 0x8593
mem[X,0x80005062] -> 0xFFF5
[547] [M]: 0x80005060 (0xFFF58593) addi a1, a1, 4095
x11 <- 0xFFEFFFFF


mem[X,0x80005064] -> 0x0113
mem[X,0x80005066] -> 0x0000
[548] [M]: 0x80005064 (0x00000113) addi sp, zero, 0
x2 <- 0x00000000


mem[X,0x80005068] -> 0x006F
mem[X,0x8000506A] -> 0x00C0
[549] [M]: 0x80005068 (0x00C0006F) jal zero, 12


mem[X,0x80005074] -> 0x4663
mem[X,0x80005076] -> 0x00B5
[550] [M]: 0x80005074 (0x00B54663) blt a0, a1, 12


mem[X,0x80005078] -> 0x0113
mem[X,0x8000507A] -> 0x0021
[551] [M]: 0x80005078 (0x00210113) addi sp, sp, 2
x2 <- 0x00000002


mem[X,0x8000507C] -> 0x006F
mem[X,0x8000507E] -> 0x00C0
[552] [M]: 0x8000507C (0x00C0006F) jal zero, 12


mem[X,0x80005088] -> 0xA223
mem[X,0x8000508A] -> 0x0820
[553] [M]: 0x80005088 (0x0820A223) sw sp, 132(ra)
mem[0x800391EC] <- 0x00000002


mem[X,0x8000508C] -> 0x0513
mem[X,0x8000508E] -> 0x0090
[554] [M]: 0x8000508C (0x00900513) addi a0, zero, 9
x10 <- 0x00000009


mem[X,0x80005090] -> 0x05B7
mem[X,0x80005092] -> 0xFFE0
[555] [M]: 0x80005090 (0xFFE005B7) lui a1, 1048064
x11 <- 0xFFE00000


mem[X,0x80005094] -> 0x8593
mem[X,0x80005096] -> 0xFFF5
[556] [M]: 0x80005094 (0xFFF58593) addi a1, a1, 4095
x11 <- 0xFFDFFFFF


mem[X,0x80005098] -> 0x0113
mem[X,0x8000509A] -> 0x0000
[557] [M]: 0x80005098 (0x00000113) addi sp, zero, 0
x2 <- 0x00000000


mem[X,0x8000509C] -> 0x006F
mem[X,0x8000509E] -> 0x00C0
[558] [M]: 0x8000509C (0x00C0006F) jal zero, 12


mem[X,0x800050A8] -> 0x4663
mem[X,0x800050AA] -> 0x00B5
[559] [M]: 0x800050A8 (0x00B54663) blt a0, a1, 12


mem[X,0x800050AC] -> 0x0113
mem[X,0x800050AE] -> 0x0021
[560] [M]: 0x800050AC (0x00210113) addi sp, sp, 2
x2 <- 0x00000002


mem[X,0x800050B0] -> 0x006F
mem[X,0x800050B2] -> 0x00C0
[561] [M]: 0x800050B0 (0x00C0006F) jal zero, 12


mem[X,0x800050BC] -> 0xA423
mem[X,0x800050BE] -> 0x0820
[562] [M]: 0x800050BC (0x0820A423) sw sp, 136(ra)
mem[0x800391F0] <- 0x00000002


mem[X,0x800050C0] -> 0x0513
mem[X,0x800050C2] -> 0x0050
[563] [M]: 0x800050C0 (0x00500513) addi a0, zero, 5
x10 <- 0x00000005


mem[X,0x800050C4] -> 0x05B7
mem[X,0x800050C6] -> 0xFFC0
[564] [M]: 0x800050C4 (0xFFC005B7) lui a1, 1047552
x11 <- 0xFFC00000


mem[X,0x800050C8] -> 0x8593
mem[X,0x800050CA] -> 0xFFF5
[565] [M]: 0x800050C8 (0xFFF58593) addi a1, a1, 4095
x11 <- 0xFFBFFFFF


mem[X,0x800050CC] -> 0x0113
mem[X,0x800050CE] -> 0x0000
[566] [M]: 0x800050CC (0x00000113) addi sp, zero, 0
x2 <- 0x00000000


mem[X,0x800050D0] -> 0x006F
mem[X,0x800050D2] -> 0x0100
[567] [M]: 0x800050D0 (0x0100006F) jal zero, 16


mem[X,0x800050E0] -> 0x4AE3
mem[X,0x800050E2] -> 0xFEB5
[568] [M]: 0x800050E0 (0xFEB54AE3) blt a0, a1, 8180


mem[X,0x800050E4] -> 0x0113
mem[X,0x800050E6] -> 0x0021
[569] [M]: 0x800050E4 (0x00210113) addi sp, sp, 2
x2 <- 0x00000002


mem[X,0x800050E8] -> 0x006F
mem[X,0x800050EA] -> 0x00C0
[570] [M]: 0x800050E8 (0x00C0006F) jal zero, 12


mem[X,0x800050F4] -> 0xA623
mem[X,0x800050F6] -> 0x0820
[571] [M]: 0x800050F4 (0x0820A623) sw sp, 140(ra)
mem[0x800391F4] <- 0x00000002


mem[X,0x800050F8] -> 0x0537
mem[X,0x800050FA] -> 0xFFFF
[572] [M]: 0x800050F8 (0xFFFF0537) lui a0, 1048560
x10 <- 0xFFFF0000


mem[X,0x800050FC] -> 0x0513
mem[X,0x800050FE] -> 0xFFF5
[573] [M]: 0x800050FC (0xFFF50513) addi a0, a0, 4095
x10 <- 0xFFFEFFFF


mem[X,0x80005100] -> 0x05B7
mem[X,0x80005102] -> 0xFF80
[574] [M]: 0x80005100 (0xFF8005B7) lui a1, 1046528
x11 <- 0xFF800000


mem[X,0x80005104] -> 0x8593
mem[X,0x80005106] -> 0xFFF5
[575] [M]: 0x80005104 (0xFFF58593) addi a1, a1, 4095
x11 <- 0xFF7FFFFF


mem[X,0x80005108] -> 0x0113
mem[X,0x8000510A] -> 0x0000
[576] [M]: 0x80005108 (0x00000113) addi sp, zero, 0
x2 <- 0x00000000


mem[X,0x8000510C] -> 0x006F
mem[X,0x8000510E] -> 0x00C0
[577] [M]: 0x8000510C (0x00C0006F) jal zero, 12


mem[X,0x80005118] -> 0x4663
mem[X,0x8000511A] -> 0x00B5
[578] [M]: 0x80005118 (0x00B54663) blt a0, a1, 12


mem[X,0x8000511C] -> 0x0113
mem[X,0x8000511E] -> 0x0021
[579] [M]: 0x8000511C (0x00210113) addi sp, sp, 2
x2 <- 0x00000002


mem[X,0x80005120] -> 0x006F
mem[X,0x80005122] -> 0x00C0
[580] [M]: 0x80005120 (0x00C0006F) jal zero, 12


mem[X,0x8000512C] -> 0xA823
mem[X,0x8000512E] -> 0x0820
[581] [M]: 0x8000512C (0x0820A823) sw sp, 144(ra)
mem[0x800391F8] <- 0x00000002


mem[X,0x80005130] -> 0x0513
mem[X,0x80005132] -> 0x0050
[582] [M]: 0x80005130 (0x00500513) addi a0, zero, 5
x10 <- 0x00000005


mem[X,0x80005134] -> 0x05B7
mem[X,0x80005136] -> 0xFF00
[583] [M]: 0x80005134 (0xFF0005B7) lui a1, 1044480
x11 <- 0xFF000000


mem[X,0x80005138] -> 0x8593
mem[X,0x8000513A] -> 0xFFF5
[584] [M]: 0x80005138 (0xFFF58593) addi a1, a1, 4095
x11 <- 0xFEFFFFFF


mem[X,0x8000513C] -> 0x0113
mem[X,0x8000513E] -> 0x0000
[585] [M]: 0x8000513C (0x00000113) addi sp, zero, 0
x2 <- 0x00000000


mem[X,0x80005140] -> 0x006F
mem[X,0x80005142] -> 0x00C0
[586] [M]: 0x80005140 (0x00C0006F) jal zero, 12


mem[X,0x8000514C] -> 0x4063
mem[X,0x8000514E] -> 0x20B5
[587] [M]: 0x8000514C (0x20B54063) blt a0, a1, 512


mem[X,0x80005150] -> 0x0113
mem[X,0x80005152] -> 0x0021
[588] [M]: 0x80005150 (0x00210113) addi sp, sp, 2
x2 <- 0x00000002


mem[X,0x80005154] -> 0x006F
mem[X,0x80005156] -> 0x2000
[589] [M]: 0x80005154 (0x2000006F) jal zero, 512


mem[X,0x80005354] -> 0xAA23
mem[X,0x80005356] -> 0x0820
[590] [M]: 0x80005354 (0x0820AA23) sw sp, 148(ra)
mem[0x800391FC] <- 0x00000002


mem[X,0x80005358] -> 0x0513
mem[X,0x8000535A] -> 0x0040
[591] [M]: 0x80005358 (0x00400513) addi a0, zero, 4
x10 <- 0x00000004


mem[X,0x8000535C] -> 0x05B7
mem[X,0x8000535E] -> 0xFE00
[592] [M]: 0x8000535C (0xFE0005B7) lui a1, 1040384
x11 <- 0xFE000000


mem[X,0x80005360] -> 0x8593
mem[X,0x80005362] -> 0xFFF5
[593] [M]: 0x80005360 (0xFFF58593) addi a1, a1, 4095
x11 <- 0xFDFFFFFF


mem[X,0x80005364] -> 0x0113
mem[X,0x80005366] -> 0x0000
[594] [M]: 0x80005364 (0x00000113) addi sp, zero, 0
x2 <- 0x00000000


mem[X,0x80005368] -> 0x006F
mem[X,0x8000536A] -> 0x0100
[595] [M]: 0x80005368 (0x0100006F) jal zero, 16


mem[X,0x80005378] -> 0x4AE3
mem[X,0x8000537A] -> 0xFEB5
[596] [M]: 0x80005378 (0xFEB54AE3) blt a0, a1, 8180


mem[X,0x8000537C] -> 0x0113
mem[X,0x8000537E] -> 0x0021
[597] [M]: 0x8000537C (0x00210113) addi sp, sp, 2
x2 <- 0x00000002


mem[X,0x80005380] -> 0x006F
mem[X,0x80005382] -> 0x00C0
[598] [M]: 0x80005380 (0x00C0006F) jal zero, 12


mem[X,0x8000538C] -> 0xAC23
mem[X,0x8000538E] -> 0x0820
[599] [M]: 0x8000538C (0x0820AC23) sw sp, 152(ra)
mem[0x80039200] <- 0x00000002


clint::tick mtime <- 0x0000000000000006
 clint timer pending at mtime 0x0000000000000006
htif::tick 0x0000000000000000
mem[X,0x80005390] -> 0x0537
mem[X,0x80005392] -> 0x0010
[600] [M]: 0x80005390 (0x00100537) lui a0, 256
x10 <- 0x00100000


mem[X,0x80005394] -> 0x05B7
mem[X,0x80005396] -> 0xFC00
[601] [M]: 0x80005394 (0xFC0005B7) lui a1, 1032192
x11 <- 0xFC000000


mem[X,0x80005398] -> 0x8593
mem[X,0x8000539A] -> 0xFFF5
[602] [M]: 0x80005398 (0xFFF58593) addi a1, a1, 4095
x11 <- 0xFBFFFFFF


mem[X,0x8000539C] -> 0x0113
mem[X,0x8000539E] -> 0x0000
[603] [M]: 0x8000539C (0x00000113) addi sp, zero, 0
x2 <- 0x00000000


mem[X,0x800053A0] -> 0x006F
mem[X,0x800053A2] -> 0x00C0
[604] [M]: 0x800053A0 (0x00C0006F) jal zero, 12


mem[X,0x800053AC] -> 0x4663
mem[X,0x800053AE] -> 0x00B5
[605] [M]: 0x800053AC (0x00B54663) blt a0, a1, 12


mem[X,0x800053B0] -> 0x0113
mem[X,0x800053B2] -> 0x0021
[606] [M]: 0x800053B0 (0x00210113) addi sp, sp, 2
x2 <- 0x00000002


mem[X,0x800053B4] -> 0x006F
mem[X,0x800053B6] -> 0x00C0
[607] [M]: 0x800053B4 (0x00C0006F) jal zero, 12


mem[X,0x800053C0] -> 0xAE23
mem[X,0x800053C2] -> 0x0820
[608] [M]: 0x800053C0 (0x0820AE23) sw sp, 156(ra)
mem[0x80039204] <- 0x00000002


mem[X,0x800053C4] -> 0x0537
mem[X,0x800053C6] -> 0xFFFF
[609] [M]: 0x800053C4 (0xFFFF0537) lui a0, 1048560
x10 <- 0xFFFF0000


mem[X,0x800053C8] -> 0x0513
mem[X,0x800053CA] -> 0xFFF5
[610] [M]: 0x800053C8 (0xFFF50513) addi a0, a0, 4095
x10 <- 0xFFFEFFFF


mem[X,0x800053CC] -> 0x05B7
mem[X,0x800053CE] -> 0xF800
[611] [M]: 0x800053CC (0xF80005B7) lui a1, 1015808
x11 <- 0xF8000000


mem[X,0x800053D0] -> 0x8593
mem[X,0x800053D2] -> 0xFFF5
[612] [M]: 0x800053D0 (0xFFF58593) addi a1, a1, 4095
x11 <- 0xF7FFFFFF


mem[X,0x800053D4] -> 0x0113
mem[X,0x800053D6] -> 0x0000
[613] [M]: 0x800053D4 (0x00000113) addi sp, zero, 0
x2 <- 0x00000000


mem[X,0x800053D8] -> 0x006F
mem[X,0x800053DA] -> 0x0180
[614] [M]: 0x800053D8 (0x0180006F) jal zero, 24


mem[X,0x800053F0] -> 0x46E3
mem[X,0x800053F2] -> 0xFEB5
[615] [M]: 0x800053F0 (0xFEB546E3) blt a0, a1, 8172


mem[X,0x800053F4] -> 0x0113
mem[X,0x800053F6] -> 0x0021
[616] [M]: 0x800053F4 (0x00210113) addi sp, sp, 2
x2 <- 0x00000002


mem[X,0x800053F8] -> 0x006F
mem[X,0x800053FA] -> 0x00C0
[617] [M]: 0x800053F8 (0x00C0006F) jal zero, 12


mem[X,0x80005404] -> 0xA023
mem[X,0x80005406] -> 0x0A20
[618] [M]: 0x80005404 (0x0A20A023) sw sp, 160(ra)
mem[0x80039208] <- 0x00000002


mem[X,0x80005408] -> 0x0537
mem[X,0x8000540A] -> 0xFFFE
[619] [M]: 0x80005408 (0xFFFE0537) lui a0, 1048544
x10 <- 0xFFFE0000


mem[X,0x8000540C] -> 0x0513
mem[X,0x8000540E] -> 0xFFF5
[620] [M]: 0x8000540C (0xFFF50513) addi a0, a0, 4095
x10 <- 0xFFFDFFFF


mem[X,0x80005410] -> 0x05B7
mem[X,0x80005412] -> 0xF000
[621] [M]: 0x80005410 (0xF00005B7) lui a1, 983040
x11 <- 0xF0000000


mem[X,0x80005414] -> 0x8593
mem[X,0x80005416] -> 0xFFF5
[622] [M]: 0x80005414 (0xFFF58593) addi a1, a1, 4095
x11 <- 0xEFFFFFFF


mem[X,0x80005418] -> 0x0113
mem[X,0x8000541A] -> 0x0000
[623] [M]: 0x80005418 (0x00000113) addi sp, zero, 0
x2 <- 0x00000000


mem[X,0x8000541C] -> 0x006F
mem[X,0x8000541E] -> 0x00C0
[624] [M]: 0x8000541C (0x00C0006F) jal zero, 12


mem[X,0x80005428] -> 0x4663
mem[X,0x8000542A] -> 0x00B5
[625] [M]: 0x80005428 (0x00B54663) blt a0, a1, 12


mem[X,0x8000542C] -> 0x0113
mem[X,0x8000542E] -> 0x0021
[626] [M]: 0x8000542C (0x00210113) addi sp, sp, 2
x2 <- 0x00000002


mem[X,0x80005430] -> 0x006F
mem[X,0x80005432] -> 0x00C0
[627] [M]: 0x80005430 (0x00C0006F) jal zero, 12


mem[X,0x8000543C] -> 0xA223
mem[X,0x8000543E] -> 0x0A20
[628] [M]: 0x8000543C (0x0A20A223) sw sp, 164(ra)
mem[0x8003920C] <- 0x00000002


mem[X,0x80005440] -> 0x0513
mem[X,0x80005442] -> 0x0060
[629] [M]: 0x80005440 (0x00600513) addi a0, zero, 6
x10 <- 0x00000006


mem[X,0x80005444] -> 0x05B7
mem[X,0x80005446] -> 0xC000
[630] [M]: 0x80005444 (0xC00005B7) lui a1, 786432
x11 <- 0xC0000000


mem[X,0x80005448] -> 0x8593
mem[X,0x8000544A] -> 0xFFF5
[631] [M]: 0x80005448 (0xFFF58593) addi a1, a1, 4095
x11 <- 0xBFFFFFFF


mem[X,0x8000544C] -> 0x0113
mem[X,0x8000544E] -> 0x0000
[632] [M]: 0x8000544C (0x00000113) addi sp, zero, 0
x2 <- 0x00000000


mem[X,0x80005450] -> 0x006F
mem[X,0x80005452] -> 0x0180
[633] [M]: 0x80005450 (0x0180006F) jal zero, 24


mem[X,0x80005468] -> 0x46E3
mem[X,0x8000546A] -> 0xFEB5
[634] [M]: 0x80005468 (0xFEB546E3) blt a0, a1, 8172


mem[X,0x8000546C] -> 0x0113
mem[X,0x8000546E] -> 0x0021
[635] [M]: 0x8000546C (0x00210113) addi sp, sp, 2
x2 <- 0x00000002


mem[X,0x80005470] -> 0x006F
mem[X,0x80005472] -> 0x00C0
[636] [M]: 0x80005470 (0x00C0006F) jal zero, 12


mem[X,0x8000547C] -> 0xA423
mem[X,0x8000547E] -> 0x0A20
[637] [M]: 0x8000547C (0x0A20A423) sw sp, 168(ra)
mem[0x80039210] <- 0x00000002


mem[X,0x80005480] -> 0xB537
mem[X,0x80005482] -> 0x0000
[638] [M]: 0x80005480 (0x0000B537) lui a0, 11
x10 <- 0x0000B000


mem[X,0x80005484] -> 0x0513
mem[X,0x80005486] -> 0x5055
[639] [M]: 0x80005484 (0x50550513) addi a0, a0, 1285
x10 <- 0x0000B505


mem[X,0x80005488] -> 0x05B7
mem[X,0x8000548A] -> 0x8000
[640] [M]: 0x80005488 (0x800005B7) lui a1, 524288
x11 <- 0x80000000


mem[X,0x8000548C] -> 0x8593
mem[X,0x8000548E] -> 0xFFF5
[641] [M]: 0x8000548C (0xFFF58593) addi a1, a1, 4095
x11 <- 0x7FFFFFFF


mem[X,0x80005490] -> 0x0113
mem[X,0x80005492] -> 0x0000
[642] [M]: 0x80005490 (0x00000113) addi sp, zero, 0
x2 <- 0x00000000


mem[X,0x80005494] -> 0x006F
mem[X,0x80005496] -> 0x2B10
[643] [M]: 0x80005494 (0x2B10006F) jal zero, 2736


mem[X,0x80005F44] -> 0x4A63
mem[X,0x80005F46] -> 0xD4B5
[644] [M]: 0x80005F44 (0xD4B54A63) blt a0, a1, 5460


mem[X,0x80005498] -> 0x0113
mem[X,0x8000549A] -> 0x0011
[645] [M]: 0x80005498 (0x00110113) addi sp, sp, 1
x2 <- 0x00000001


mem[X,0x8000549C] -> 0x006F
mem[X,0x8000549E] -> 0x2BD0
[646] [M]: 0x8000549C (0x2BD0006F) jal zero, 2748


mem[X,0x80005F58] -> 0xA623
mem[X,0x80005F5A] -> 0x0A20
[647] [M]: 0x80005F58 (0x0A20A623) sw sp, 172(ra)
mem[0x80039214] <- 0x00000001


mem[X,0x80005F5C] -> 0x0513
mem[X,0x80005F5E] -> 0xFFD0
[648] [M]: 0x80005F5C (0xFFD00513) addi a0, zero, 4093
x10 <- 0xFFFFFFFD


mem[X,0x80005F60] -> 0x55B7
mem[X,0x80005F62] -> 0x5555
[649] [M]: 0x80005F60 (0x555555B7) lui a1, 349525
x11 <- 0x55555000


mem[X,0x80005F64] -> 0x8593
mem[X,0x80005F66] -> 0x5555
[650] [M]: 0x80005F64 (0x55558593) addi a1, a1, 1365
x11 <- 0x55555555


mem[X,0x80005F68] -> 0x0113
mem[X,0x80005F6A] -> 0x0000
[651] [M]: 0x80005F68 (0x00000113) addi sp, zero, 0
x2 <- 0x00000000


mem[X,0x80005F6C] -> 0x006F
mem[X,0x80005F6E] -> 0x0050
[652] [M]: 0x80005F6C (0x0050006F) jal zero, 2052


mem[X,0x80006770] -> 0x40E3
mem[X,0x80006772] -> 0x80B5
[653] [M]: 0x80006770 (0x80B540E3) blt a0, a1, 6144


mem[X,0x80005F70] -> 0x0113
mem[X,0x80005F72] -> 0x0011
[654] [M]: 0x80005F70 (0x00110113) addi sp, sp, 1
x2 <- 0x00000001


mem[X,0x80005F74] -> 0x006F
mem[X,0x80005F76] -> 0x0110
[655] [M]: 0x80005F74 (0x0110006F) jal zero, 2064


mem[X,0x80006784] -> 0xA823
mem[X,0x80006786] -> 0x0A20
[656] [M]: 0x80006784 (0x0A20A823) sw sp, 176(ra)
mem[0x80039218] <- 0x00000001


mem[X,0x80006788] -> 0x0537
mem[X,0x8000678A] -> 0x0080
[657] [M]: 0x80006788 (0x00800537) lui a0, 2048
x10 <- 0x00800000


mem[X,0x8000678C] -> 0xB5B7
mem[X,0x8000678E] -> 0xAAAA
[658] [M]: 0x8000678C (0xAAAAB5B7) lui a1, 699051
x11 <- 0xAAAAB000


mem[X,0x80006790] -> 0x8593
mem[X,0x80006792] -> 0xAAA5
[659] [M]: 0x80006790 (0xAAA58593) addi a1, a1, 2730
x11 <- 0xAAAAAAAA


mem[X,0x80006794] -> 0x0113
mem[X,0x80006796] -> 0x0000
[660] [M]: 0x80006794 (0x00000113) addi sp, zero, 0
x2 <- 0x00000000


mem[X,0x80006798] -> 0x006F
mem[X,0x8000679A] -> 0x00C0
[661] [M]: 0x80006798 (0x00C0006F) jal zero, 12


mem[X,0x800067A4] -> 0x4063
mem[X,0x800067A6] -> 0x10B5
[662] [M]: 0x800067A4 (0x10B54063) blt a0, a1, 256


mem[X,0x800067A8] -> 0x0113
mem[X,0x800067AA] -> 0x0021
[663] [M]: 0x800067A8 (0x00210113) addi sp, sp, 2
x2 <- 0x00000002


mem[X,0x800067AC] -> 0x006F
mem[X,0x800067AE] -> 0x1000
[664] [M]: 0x800067AC (0x1000006F) jal zero, 256


mem[X,0x800068AC] -> 0xAA23
mem[X,0x800068AE] -> 0x0A20
[665] [M]: 0x800068AC (0x0A20AA23) sw sp, 180(ra)
mem[0x8003921C] <- 0x00000002


mem[X,0x800068B0] -> 0x0513
mem[X,0x800068B2] -> 0x0100
[666] [M]: 0x800068B0 (0x01000513) addi a0, zero, 16
x10 <- 0x00000010


mem[X,0x800068B4] -> 0x05B7
mem[X,0x800068B6] -> 0x0100
[667] [M]: 0x800068B4 (0x010005B7) lui a1, 4096
x11 <- 0x01000000


mem[X,0x800068B8] -> 0x0113
mem[X,0x800068BA] -> 0x0000
[668] [M]: 0x800068B8 (0x00000113) addi sp, zero, 0
x2 <- 0x00000000


mem[X,0x800068BC] -> 0x006F
mem[X,0x800068BE] -> 0x0180
[669] [M]: 0x800068BC (0x0180006F) jal zero, 24


mem[X,0x800068D4] -> 0x46E3
mem[X,0x800068D6] -> 0xFEB5
[670] [M]: 0x800068D4 (0xFEB546E3) blt a0, a1, 8172


mem[X,0x800068C0] -> 0x0113
mem[X,0x800068C2] -> 0x0011
[671] [M]: 0x800068C0 (0x00110113) addi sp, sp, 1
x2 <- 0x00000001


mem[X,0x800068C4] -> 0x006F
mem[X,0x800068C6] -> 0x0240
[672] [M]: 0x800068C4 (0x0240006F) jal zero, 36


mem[X,0x800068E8] -> 0xAC23
mem[X,0x800068EA] -> 0x0A20
[673] [M]: 0x800068E8 (0x0A20AC23) sw sp, 184(ra)
mem[0x80039220] <- 0x00000001


mem[X,0x800068EC] -> 0x0513
mem[X,0x800068EE] -> 0x0400
[674] [M]: 0x800068EC (0x04000513) addi a0, zero, 64
x10 <- 0x00000040


mem[X,0x800068F0] -> 0x05B7
mem[X,0x800068F2] -> 0x0002
[675] [M]: 0x800068F0 (0x000205B7) lui a1, 32
x11 <- 0x00020000


mem[X,0x800068F4] -> 0x0113
mem[X,0x800068F6] -> 0x0000
[676] [M]: 0x800068F4 (0x00000113) addi sp, zero, 0
x2 <- 0x00000000


mem[X,0x800068F8] -> 0x006F
mem[X,0x800068FA] -> 0x0180
[677] [M]: 0x800068F8 (0x0180006F) jal zero, 24


mem[X,0x80006910] -> 0x46E3
mem[X,0x80006912] -> 0xFEB5
[678] [M]: 0x80006910 (0xFEB546E3) blt a0, a1, 8172


mem[X,0x800068FC] -> 0x0113
mem[X,0x800068FE] -> 0x0011
[679] [M]: 0x800068FC (0x00110113) addi sp, sp, 1
x2 <- 0x00000001


mem[X,0x80006900] -> 0x006F
mem[X,0x80006902] -> 0x0240
[680] [M]: 0x80006900 (0x0240006F) jal zero, 36


mem[X,0x80006924] -> 0xAE23
mem[X,0x80006926] -> 0x0A20
[681] [M]: 0x80006924 (0x0A20AE23) sw sp, 188(ra)
mem[0x80039224] <- 0x00000001


mem[X,0x80006928] -> 0x0513
mem[X,0x8000692A] -> 0x4000
[682] [M]: 0x80006928 (0x40000513) addi a0, zero, 1024
x10 <- 0x00000400


mem[X,0x8000692C] -> 0x05B7
mem[X,0x8000692E] -> 0xF800
[683] [M]: 0x8000692C (0xF80005B7) lui a1, 1015808
x11 <- 0xF8000000


mem[X,0x80006930] -> 0x8593
mem[X,0x80006932] -> 0xFFF5
[684] [M]: 0x80006930 (0xFFF58593) addi a1, a1, 4095
x11 <- 0xF7FFFFFF


mem[X,0x80006934] -> 0x0113
mem[X,0x80006936] -> 0x0000
[685] [M]: 0x80006934 (0x00000113) addi sp, zero, 0
x2 <- 0x00000000


mem[X,0x80006938] -> 0x006F
mem[X,0x8000693A] -> 0x00C0
[686] [M]: 0x80006938 (0x00C0006F) jal zero, 12


mem[X,0x80006944] -> 0x4063
mem[X,0x80006946] -> 0x20B5
[687] [M]: 0x80006944 (0x20B54063) blt a0, a1, 512


mem[X,0x80006948] -> 0x0113
mem[X,0x8000694A] -> 0x0021
[688] [M]: 0x80006948 (0x00210113) addi sp, sp, 2
x2 <- 0x00000002


mem[X,0x8000694C] -> 0x006F
mem[X,0x8000694E] -> 0x2000
[689] [M]: 0x8000694C (0x2000006F) jal zero, 512


mem[X,0x80006B4C] -> 0xA023
mem[X,0x80006B4E] -> 0x0C20
[690] [M]: 0x80006B4C (0x0C20A023) sw sp, 192(ra)
mem[0x80039228] <- 0x00000002


mem[X,0x80006B50] -> 0x1537
mem[X,0x80006B52] -> 0x0000
[691] [M]: 0x80006B50 (0x00001537) lui a0, 1
x10 <- 0x00001000


mem[X,0x80006B54] -> 0x0513
mem[X,0x80006B56] -> 0x8005
[692] [M]: 0x80006B54 (0x80050513) addi a0, a0, 2048
x10 <- 0x00000800


mem[X,0x80006B58] -> 0x0593
mem[X,0x80006B5A] -> 0x4000
[693] [M]: 0x80006B58 (0x40000593) addi a1, zero, 1024
x11 <- 0x00000400


mem[X,0x80006B5C] -> 0x0113
mem[X,0x80006B5E] -> 0x0000
[694] [M]: 0x80006B5C (0x00000113) addi sp, zero, 0
x2 <- 0x00000000


mem[X,0x80006B60] -> 0x006F
mem[X,0x80006B62] -> 0x00C0
[695] [M]: 0x80006B60 (0x00C0006F) jal zero, 12


mem[X,0x80006B6C] -> 0x4CE3
mem[X,0x80006B6E] -> 0xFEB5
[696] [M]: 0x80006B6C (0xFEB54CE3) blt a0, a1, 8184


mem[X,0x80006B70] -> 0x0113
mem[X,0x80006B72] -> 0x0021
[697] [M]: 0x80006B70 (0x00210113) addi sp, sp, 2
x2 <- 0x00000002


mem[X,0x80006B74] -> 0x006F
mem[X,0x80006B76] -> 0x00C0
[698] [M]: 0x80006B74 (0x00C0006F) jal zero, 12


mem[X,0x80006B80] -> 0xA223
mem[X,0x80006B82] -> 0x0C20
[699] [M]: 0x80006B80 (0x0C20A223) sw sp, 196(ra)
mem[0x8003922C] <- 0x00000002


clint::tick mtime <- 0x0000000000000007
 clint timer pending at mtime 0x0000000000000007
htif::tick 0x0000000000000000
mem[X,0x80006B84] -> 0x8537
mem[X,0x80006B86] -> 0x0000
[700] [M]: 0x80006B84 (0x00008537) lui a0, 8
x10 <- 0x00008000


mem[X,0x80006B88] -> 0x05B7
mem[X,0x80006B8A] -> 0x0010
[701] [M]: 0x80006B88 (0x001005B7) lui a1, 256
x11 <- 0x00100000


mem[X,0x80006B8C] -> 0x0113
mem[X,0x80006B8E] -> 0x0000
[702] [M]: 0x80006B8C (0x00000113) addi sp, zero, 0
x2 <- 0x00000000


mem[X,0x80006B90] -> 0x006F
mem[X,0x80006B92] -> 0x00C0
[703] [M]: 0x80006B90 (0x00C0006F) jal zero, 12


mem[X,0x80006B9C] -> 0x4CE3
mem[X,0x80006B9E] -> 0xFEB5
[704] [M]: 0x80006B9C (0xFEB54CE3) blt a0, a1, 8184


mem[X,0x80006B94] -> 0x0113
mem[X,0x80006B96] -> 0x0011
[705] [M]: 0x80006B94 (0x00110113) addi sp, sp, 1
x2 <- 0x00000001


mem[X,0x80006B98] -> 0x006F
mem[X,0x80006B9A] -> 0x0180
[706] [M]: 0x80006B98 (0x0180006F) jal zero, 24


mem[X,0x80006BB0] -> 0xA423
mem[X,0x80006BB2] -> 0x0C20
[707] [M]: 0x80006BB0 (0x0C20A423) sw sp, 200(ra)
mem[0x80039230] <- 0x00000001


mem[X,0x80006BB4] -> 0x0537
mem[X,0x80006BB6] -> 0x0001
[708] [M]: 0x80006BB4 (0x00010537) lui a0, 16
x10 <- 0x00010000


mem[X,0x80006BB8] -> 0x0593
mem[X,0x80006BBA] -> 0xBFF0
[709] [M]: 0x80006BB8 (0xBFF00593) addi a1, zero, 3071
x11 <- 0xFFFFFBFF


mem[X,0x80006BBC] -> 0x0113
mem[X,0x80006BBE] -> 0x0000
[710] [M]: 0x80006BBC (0x00000113) addi sp, zero, 0
x2 <- 0x00000000


mem[X,0x80006BC0] -> 0x006F
mem[X,0x80006BC2] -> 0x00C0
[711] [M]: 0x80006BC0 (0x00C0006F) jal zero, 12


mem[X,0x80006BCC] -> 0x4063
mem[X,0x80006BCE] -> 0x40B5
[712] [M]: 0x80006BCC (0x40B54063) blt a0, a1, 1024


mem[X,0x80006BD0] -> 0x0113
mem[X,0x80006BD2] -> 0x0021
[713] [M]: 0x80006BD0 (0x00210113) addi sp, sp, 2
x2 <- 0x00000002


mem[X,0x80006BD4] -> 0x006F
mem[X,0x80006BD6] -> 0x4000
[714] [M]: 0x80006BD4 (0x4000006F) jal zero, 1024


mem[X,0x80006FD4] -> 0xA623
mem[X,0x80006FD6] -> 0x0C20
[715] [M]: 0x80006FD4 (0x0C20A623) sw sp, 204(ra)
mem[0x80039234] <- 0x00000002


mem[X,0x80006FD8] -> 0x0537
mem[X,0x80006FDA] -> 0x0002
[716] [M]: 0x80006FD8 (0x00020537) lui a0, 32
x10 <- 0x00020000


mem[X,0x80006FDC] -> 0xC5B7
mem[X,0x80006FDE] -> 0xFFFF
[717] [M]: 0x80006FDC (0xFFFFC5B7) lui a1, 1048572
x11 <- 0xFFFFC000


mem[X,0x80006FE0] -> 0x8593
mem[X,0x80006FE2] -> 0xFFF5
[718] [M]: 0x80006FE0 (0xFFF58593) addi a1, a1, 4095
x11 <- 0xFFFFBFFF


mem[X,0x80006FE4] -> 0x0113
mem[X,0x80006FE6] -> 0x0000
[719] [M]: 0x80006FE4 (0x00000113) addi sp, zero, 0
x2 <- 0x00000000


mem[X,0x80006FE8] -> 0x006F
mem[X,0x80006FEA] -> 0x00C0
[720] [M]: 0x80006FE8 (0x00C0006F) jal zero, 12


mem[X,0x80006FF4] -> 0x4063
mem[X,0x80006FF6] -> 0x10B5
[721] [M]: 0x80006FF4 (0x10B54063) blt a0, a1, 256


mem[X,0x80006FF8] -> 0x0113
mem[X,0x80006FFA] -> 0x0021
[722] [M]: 0x80006FF8 (0x00210113) addi sp, sp, 2
x2 <- 0x00000002


mem[X,0x80006FFC] -> 0x006F
mem[X,0x80006FFE] -> 0x1000
[723] [M]: 0x80006FFC (0x1000006F) jal zero, 256


mem[X,0x800070FC] -> 0xA823
mem[X,0x800070FE] -> 0x0C20
[724] [M]: 0x800070FC (0x0C20A823) sw sp, 208(ra)
mem[0x80039238] <- 0x00000002


mem[X,0x80007100] -> 0x0537
mem[X,0x80007102] -> 0x0200
[725] [M]: 0x80007100 (0x02000537) lui a0, 8192
x10 <- 0x02000000


mem[X,0x80007104] -> 0x05B7
mem[X,0x80007106] -> 0x0080
[726] [M]: 0x80007104 (0x008005B7) lui a1, 2048
x11 <- 0x00800000


mem[X,0x80007108] -> 0x0113
mem[X,0x8000710A] -> 0x0000
[727] [M]: 0x80007108 (0x00000113) addi sp, zero, 0
x2 <- 0x00000000


mem[X,0x8000710C] -> 0x006F
mem[X,0x8000710E] -> 0x00C0
[728] [M]: 0x8000710C (0x00C0006F) jal zero, 12


mem[X,0x80007118] -> 0x4CE3
mem[X,0x8000711A] -> 0xFEB5
[729] [M]: 0x80007118 (0xFEB54CE3) blt a0, a1, 8184


mem[X,0x8000711C] -> 0x0113
mem[X,0x8000711E] -> 0x0021
[730] [M]: 0x8000711C (0x00210113) addi sp, sp, 2
x2 <- 0x00000002


mem[X,0x80007120] -> 0x006F
mem[X,0x80007122] -> 0x00C0
[731] [M]: 0x80007120 (0x00C0006F) jal zero, 12


mem[X,0x8000712C] -> 0xAA23
mem[X,0x8000712E] -> 0x0C20
[732] [M]: 0x8000712C (0x0C20AA23) sw sp, 212(ra)
mem[0x8003923C] <- 0x00000002


mem[X,0x80007130] -> 0x0537
mem[X,0x80007132] -> 0x0400
[733] [M]: 0x80007130 (0x04000537) lui a0, 16384
x10 <- 0x04000000


mem[X,0x80007134] -> 0x0593
mem[X,0x80007136] -> 0x0050
[734] [M]: 0x80007134 (0x00500593) addi a1, zero, 5
x11 <- 0x00000005


mem[X,0x80007138] -> 0x0113
mem[X,0x8000713A] -> 0x0000
[735] [M]: 0x80007138 (0x00000113) addi sp, zero, 0
x2 <- 0x00000000


mem[X,0x8000713C] -> 0x006F
mem[X,0x8000713E] -> 0x00C0
[736] [M]: 0x8000713C (0x00C0006F) jal zero, 12


mem[X,0x80007148] -> 0x4863
mem[X,0x8000714A] -> 0x00B5
[737] [M]: 0x80007148 (0x00B54863) blt a0, a1, 16


mem[X,0x8000714C] -> 0x0113
mem[X,0x8000714E] -> 0x0021
[738] [M]: 0x8000714C (0x00210113) addi sp, sp, 2
x2 <- 0x00000002


mem[X,0x80007150] -> 0x006F
mem[X,0x80007152] -> 0x0100
[739] [M]: 0x80007150 (0x0100006F) jal zero, 16


mem[X,0x80007160] -> 0xAC23
mem[X,0x80007162] -> 0x0C20
[740] [M]: 0x80007160 (0x0C20AC23) sw sp, 216(ra)
mem[0x80039240] <- 0x00000002


mem[X,0x80007164] -> 0x0537
mem[X,0x80007166] -> 0x0800
[741] [M]: 0x80007164 (0x08000537) lui a0, 32768
x10 <- 0x08000000


mem[X,0x80007168] -> 0x0593
mem[X,0x8000716A] -> 0x0080
[742] [M]: 0x80007168 (0x00800593) addi a1, zero, 8
x11 <- 0x00000008


mem[X,0x8000716C] -> 0x0113
mem[X,0x8000716E] -> 0x0000
[743] [M]: 0x8000716C (0x00000113) addi sp, zero, 0
x2 <- 0x00000000


mem[X,0x80007170] -> 0x006F
mem[X,0x80007172] -> 0x00C0
[744] [M]: 0x80007170 (0x00C0006F) jal zero, 12


mem[X,0x8000717C] -> 0x4063
mem[X,0x8000717E] -> 0x04B5
[745] [M]: 0x8000717C (0x04B54063) blt a0, a1, 64


mem[X,0x80007180] -> 0x0113
mem[X,0x80007182] -> 0x0021
[746] [M]: 0x80007180 (0x00210113) addi sp, sp, 2
x2 <- 0x00000002


mem[X,0x80007184] -> 0x006F
mem[X,0x80007186] -> 0x0400
[747] [M]: 0x80007184 (0x0400006F) jal zero, 64


mem[X,0x800071C4] -> 0xAE23
mem[X,0x800071C6] -> 0x0C20
[748] [M]: 0x800071C4 (0x0C20AE23) sw sp, 220(ra)
mem[0x80039244] <- 0x00000002


mem[X,0x800071C8] -> 0x0537
mem[X,0x800071CA] -> 0x2000
[749] [M]: 0x800071C8 (0x20000537) lui a0, 131072
x10 <- 0x20000000


mem[X,0x800071CC] -> 0x05B7
mem[X,0x800071CE] -> 0xFFE0
[750] [M]: 0x800071CC (0xFFE005B7) lui a1, 1048064
x11 <- 0xFFE00000


mem[X,0x800071D0] -> 0x8593
mem[X,0x800071D2] -> 0xFFF5
[751] [M]: 0x800071D0 (0xFFF58593) addi a1, a1, 4095
x11 <- 0xFFDFFFFF


mem[X,0x800071D4] -> 0x0113
mem[X,0x800071D6] -> 0x0000
[752] [M]: 0x800071D4 (0x00000113) addi sp, zero, 0
x2 <- 0x00000000


mem[X,0x800071D8] -> 0x006F
mem[X,0x800071DA] -> 0x00C0
[753] [M]: 0x800071D8 (0x00C0006F) jal zero, 12


mem[X,0x800071E4] -> 0x4663
mem[X,0x800071E6] -> 0x00B5
[754] [M]: 0x800071E4 (0x00B54663) blt a0, a1, 12


mem[X,0x800071E8] -> 0x0113
mem[X,0x800071EA] -> 0x0021
[755] [M]: 0x800071E8 (0x00210113) addi sp, sp, 2
x2 <- 0x00000002


mem[X,0x800071EC] -> 0x006F
mem[X,0x800071EE] -> 0x00C0
[756] [M]: 0x800071EC (0x00C0006F) jal zero, 12


mem[X,0x800071F8] -> 0xA023
mem[X,0x800071FA] -> 0x0E20
[757] [M]: 0x800071F8 (0x0E20A023) sw sp, 224(ra)
mem[0x80039248] <- 0x00000002


mem[X,0x800071FC] -> 0x0537
mem[X,0x800071FE] -> 0x4000
[758] [M]: 0x800071FC (0x40000537) lui a0, 262144
x10 <- 0x40000000


mem[X,0x80007200] -> 0xF5B7
mem[X,0x80007202] -> 0xFFFF
[759] [M]: 0x80007200 (0xFFFFF5B7) lui a1, 1048575
x11 <- 0xFFFFF000


mem[X,0x80007204] -> 0x8593
mem[X,0x80007206] -> 0x7FF5
[760] [M]: 0x80007204 (0x7FF58593) addi a1, a1, 2047
x11 <- 0xFFFFF7FF


mem[X,0x80007208] -> 0x0113
mem[X,0x8000720A] -> 0x0000
[761] [M]: 0x80007208 (0x00000113) addi sp, zero, 0
x2 <- 0x00000000


mem[X,0x8000720C] -> 0x006F
mem[X,0x8000720E] -> 0x00C0
[762] [M]: 0x8000720C (0x00C0006F) jal zero, 12


mem[X,0x80007218] -> 0x4063
mem[X,0x8000721A] -> 0x40B5
[763] [M]: 0x80007218 (0x40B54063) blt a0, a1, 1024


mem[X,0x8000721C] -> 0x0113
mem[X,0x8000721E] -> 0x0021
[764] [M]: 0x8000721C (0x00210113) addi sp, sp, 2
x2 <- 0x00000002


mem[X,0x80007220] -> 0x006F
mem[X,0x80007222] -> 0x4000
[765] [M]: 0x80007220 (0x4000006F) jal zero, 1024


mem[X,0x80007620] -> 0xA223
mem[X,0x80007622] -> 0x0E20
[766] [M]: 0x80007620 (0x0E20A223) sw sp, 228(ra)
mem[0x8003924C] <- 0x00000002


mem[X,0x80007624] -> 0x0513
mem[X,0x80007626] -> 0xFFE0
[767] [M]: 0x80007624 (0xFFE00513) addi a0, zero, 4094
x10 <- 0xFFFFFFFE


mem[X,0x80007628] -> 0x05B7
mem[X,0x8000762A] -> 0x0004
[768] [M]: 0x80007628 (0x000405B7) lui a1, 64
x11 <- 0x00040000


mem[X,0x8000762C] -> 0x0113
mem[X,0x8000762E] -> 0x0000
[769] [M]: 0x8000762C (0x00000113) addi sp, zero, 0
x2 <- 0x00000000


mem[X,0x80007630] -> 0x006F
mem[X,0x80007632] -> 0x00C0
[770] [M]: 0x80007630 (0x00C0006F) jal zero, 12


mem[X,0x8000763C] -> 0x4063
mem[X,0x8000763E] -> 0x08B5
[771] [M]: 0x8000763C (0x08B54063) blt a0, a1, 128


mem[X,0x800076BC] -> 0x0113
mem[X,0x800076BE] -> 0x0031
[772] [M]: 0x800076BC (0x00310113) addi sp, sp, 3
x2 <- 0x00000003


mem[X,0x800076C0] -> 0x006F
mem[X,0x800076C2] -> 0x0040
[773] [M]: 0x800076C0 (0x0040006F) jal zero, 4


mem[X,0x800076C4] -> 0xA423
mem[X,0x800076C6] -> 0x0E20
[774] [M]: 0x800076C4 (0x0E20A423) sw sp, 232(ra)
mem[0x80039250] <- 0x00000003


mem[X,0x800076C8] -> 0x0513
mem[X,0x800076CA] -> 0xFFB0
[775] [M]: 0x800076C8 (0xFFB00513) addi a0, zero, 4091
x10 <- 0xFFFFFFFB


mem[X,0x800076CC] -> 0xB5B7
mem[X,0x800076CE] -> 0xAAAA
[776] [M]: 0x800076CC (0xAAAAB5B7) lui a1, 699051
x11 <- 0xAAAAB000


mem[X,0x800076D0] -> 0x8593
mem[X,0x800076D2] -> 0xAAB5
[777] [M]: 0x800076D0 (0xAAB58593) addi a1, a1, 2731
x11 <- 0xAAAAAAAB


mem[X,0x800076D4] -> 0x0113
mem[X,0x800076D6] -> 0x0000
[778] [M]: 0x800076D4 (0x00000113) addi sp, zero, 0
x2 <- 0x00000000


mem[X,0x800076D8] -> 0x006F
mem[X,0x800076DA] -> 0x00C0
[779] [M]: 0x800076D8 (0x00C0006F) jal zero, 12


mem[X,0x800076E4] -> 0x4663
mem[X,0x800076E6] -> 0x00B5
[780] [M]: 0x800076E4 (0x00B54663) blt a0, a1, 12


mem[X,0x800076E8] -> 0x0113
mem[X,0x800076EA] -> 0x0021
[781] [M]: 0x800076E8 (0x00210113) addi sp, sp, 2
x2 <- 0x00000002


mem[X,0x800076EC] -> 0x006F
mem[X,0x800076EE] -> 0x00C0
[782] [M]: 0x800076EC (0x00C0006F) jal zero, 12


mem[X,0x800076F8] -> 0xA623
mem[X,0x800076FA] -> 0x0E20
[783] [M]: 0x800076F8 (0x0E20A623) sw sp, 236(ra)
mem[0x80039254] <- 0x00000002


mem[X,0x800076FC] -> 0x0513
mem[X,0x800076FE] -> 0xFDF0
[784] [M]: 0x800076FC (0xFDF00513) addi a0, zero, 4063
x10 <- 0xFFFFFFDF


mem[X,0x80007700] -> 0x05B7
mem[X,0x80007702] -> 0x0001
[785] [M]: 0x80007700 (0x000105B7) lui a1, 16
x11 <- 0x00010000


mem[X,0x80007704] -> 0x0113
mem[X,0x80007706] -> 0x0000
[786] [M]: 0x80007704 (0x00000113) addi sp, zero, 0
x2 <- 0x00000000


mem[X,0x80007708] -> 0x006F
mem[X,0x8000770A] -> 0x00C0
[787] [M]: 0x80007708 (0x00C0006F) jal zero, 12


mem[X,0x80007714] -> 0x4CE3
mem[X,0x80007716] -> 0xFEB5
[788] [M]: 0x80007714 (0xFEB54CE3) blt a0, a1, 8184


mem[X,0x8000770C] -> 0x0113
mem[X,0x8000770E] -> 0x0011
[789] [M]: 0x8000770C (0x00110113) addi sp, sp, 1
x2 <- 0x00000001


mem[X,0x80007710] -> 0x006F
mem[X,0x80007712] -> 0x0180
[790] [M]: 0x80007710 (0x0180006F) jal zero, 24


mem[X,0x80007728] -> 0xA823
mem[X,0x8000772A] -> 0x0E20
[791] [M]: 0x80007728 (0x0E20A823) sw sp, 240(ra)
mem[0x80039258] <- 0x00000001


mem[X,0x8000772C] -> 0x0513
mem[X,0x8000772E] -> 0xFBF0
[792] [M]: 0x8000772C (0xFBF00513) addi a0, zero, 4031
x10 <- 0xFFFFFFBF


mem[X,0x80007730] -> 0xB5B7
mem[X,0x80007732] -> 0x0000
[793] [M]: 0x80007730 (0x0000B5B7) lui a1, 11
x11 <- 0x0000B000


mem[X,0x80007734] -> 0x8593
mem[X,0x80007736] -> 0x5045
[794] [M]: 0x80007734 (0x50458593) addi a1, a1, 1284
x11 <- 0x0000B504


mem[X,0x80007738] -> 0x0113
mem[X,0x8000773A] -> 0x0000
[795] [M]: 0x80007738 (0x00000113) addi sp, zero, 0
x2 <- 0x00000000


mem[X,0x8000773C] -> 0x006F
mem[X,0x8000773E] -> 0x00C0
[796] [M]: 0x8000773C (0x00C0006F) jal zero, 12


mem[X,0x80007748] -> 0x4663
mem[X,0x8000774A] -> 0x00B5
[797] [M]: 0x80007748 (0x00B54663) blt a0, a1, 12


mem[X,0x80007754] -> 0x0113
mem[X,0x80007756] -> 0x0031
[798] [M]: 0x80007754 (0x00310113) addi sp, sp, 3
x2 <- 0x00000003


mem[X,0x80007758] -> 0x006F
mem[X,0x8000775A] -> 0x0040
[799] [M]: 0x80007758 (0x0040006F) jal zero, 4


clint::tick mtime <- 0x0000000000000008
 clint timer pending at mtime 0x0000000000000008
htif::tick 0x0000000000000000
mem[X,0x8000775C] -> 0xAA23
mem[X,0x8000775E] -> 0x0E20
[800] [M]: 0x8000775C (0x0E20AA23) sw sp, 244(ra)
mem[0x8003925C] <- 0x00000003


mem[X,0x80007760] -> 0x0513
mem[X,0x80007762] -> 0xF7F0
[801] [M]: 0x80007760 (0xF7F00513) addi a0, zero, 3967
x10 <- 0xFFFFFF7F


mem[X,0x80007764] -> 0x05B7
mem[X,0x80007766] -> 0xFFFF
[802] [M]: 0x80007764 (0xFFFF05B7) lui a1, 1048560
x11 <- 0xFFFF0000


mem[X,0x80007768] -> 0x8593
mem[X,0x8000776A] -> 0xFFF5
[803] [M]: 0x80007768 (0xFFF58593) addi a1, a1, 4095
x11 <- 0xFFFEFFFF


mem[X,0x8000776C] -> 0x0113
mem[X,0x8000776E] -> 0x0000
[804] [M]: 0x8000776C (0x00000113) addi sp, zero, 0
x2 <- 0x00000000


mem[X,0x80007770] -> 0x006F
mem[X,0x80007772] -> 0x00C0
[805] [M]: 0x80007770 (0x00C0006F) jal zero, 12


mem[X,0x8000777C] -> 0x4063
mem[X,0x8000777E] -> 0x40B5
[806] [M]: 0x8000777C (0x40B54063) blt a0, a1, 1024


mem[X,0x80007780] -> 0x0113
mem[X,0x80007782] -> 0x0021
[807] [M]: 0x80007780 (0x00210113) addi sp, sp, 2
x2 <- 0x00000002


mem[X,0x80007784] -> 0x006F
mem[X,0x80007786] -> 0x4000
[808] [M]: 0x80007784 (0x4000006F) jal zero, 1024


mem[X,0x80007B84] -> 0xAC23
mem[X,0x80007B86] -> 0x0E20
[809] [M]: 0x80007B84 (0x0E20AC23) sw sp, 248(ra)
mem[0x80039260] <- 0x00000002


mem[X,0x80007B88] -> 0x0513
mem[X,0x80007B8A] -> 0xBFF0
[810] [M]: 0x80007B88 (0xBFF00513) addi a0, zero, 3071
x10 <- 0xFFFFFBFF


mem[X,0x80007B8C] -> 0x0593
mem[X,0x80007B8E] -> 0x0400
[811] [M]: 0x80007B8C (0x04000593) addi a1, zero, 64
x11 <- 0x00000040


mem[X,0x80007B90] -> 0x0113
mem[X,0x80007B92] -> 0x0000
[812] [M]: 0x80007B90 (0x00000113) addi sp, zero, 0
x2 <- 0x00000000


mem[X,0x80007B94] -> 0x006F
mem[X,0x80007B96] -> 0x00C0
[813] [M]: 0x80007B94 (0x00C0006F) jal zero, 12


mem[X,0x80007BA0] -> 0x4663
mem[X,0x80007BA2] -> 0x00B5
[814] [M]: 0x80007BA0 (0x00B54663) blt a0, a1, 12


mem[X,0x80007BAC] -> 0x0113
mem[X,0x80007BAE] -> 0x0031
[815] [M]: 0x80007BAC (0x00310113) addi sp, sp, 3
x2 <- 0x00000003


mem[X,0x80007BB0] -> 0x006F
mem[X,0x80007BB2] -> 0x0040
[816] [M]: 0x80007BB0 (0x0040006F) jal zero, 4


mem[X,0x80007BB4] -> 0xAE23
mem[X,0x80007BB6] -> 0x0E20
[817] [M]: 0x80007BB4 (0x0E20AE23) sw sp, 252(ra)
mem[0x80039264] <- 0x00000003


mem[X,0x80007BB8] -> 0xF537
mem[X,0x80007BBA] -> 0xFFFF
[818] [M]: 0x80007BB8 (0xFFFFF537) lui a0, 1048575
x10 <- 0xFFFFF000


mem[X,0x80007BBC] -> 0x0513
mem[X,0x80007BBE] -> 0x7FF5
[819] [M]: 0x80007BBC (0x7FF50513) addi a0, a0, 2047
x10 <- 0xFFFFF7FF


mem[X,0x80007BC0] -> 0x0593
mem[X,0x80007BC2] -> 0x0090
[820] [M]: 0x80007BC0 (0x00900593) addi a1, zero, 9
x11 <- 0x00000009


mem[X,0x80007BC4] -> 0x0113
mem[X,0x80007BC6] -> 0x0000
[821] [M]: 0x80007BC4 (0x00000113) addi sp, zero, 0
x2 <- 0x00000000


mem[X,0x80007BC8] -> 0x006F
mem[X,0x80007BCA] -> 0x00C0
[822] [M]: 0x80007BC8 (0x00C0006F) jal zero, 12


mem[X,0x80007BD4] -> 0x4CE3
mem[X,0x80007BD6] -> 0xFEB5
[823] [M]: 0x80007BD4 (0xFEB54CE3) blt a0, a1, 8184


mem[X,0x80007BCC] -> 0x0113
mem[X,0x80007BCE] -> 0x0011
[824] [M]: 0x80007BCC (0x00110113) addi sp, sp, 1
x2 <- 0x00000001


mem[X,0x80007BD0] -> 0x006F
mem[X,0x80007BD2] -> 0x0180
[825] [M]: 0x80007BD0 (0x0180006F) jal zero, 24


mem[X,0x80007BE8] -> 0xA023
mem[X,0x80007BEA] -> 0x1020
[826] [M]: 0x80007BE8 (0x1020A023) sw sp, 256(ra)
mem[0x80039268] <- 0x00000001


mem[X,0x80007BEC] -> 0xE537
mem[X,0x80007BEE] -> 0xFFFF
[827] [M]: 0x80007BEC (0xFFFFE537) lui a0, 1048574
x10 <- 0xFFFFE000


mem[X,0x80007BF0] -> 0x0513
mem[X,0x80007BF2] -> 0xFFF5
[828] [M]: 0x80007BF0 (0xFFF50513) addi a0, a0, 4095
x10 <- 0xFFFFDFFF


mem[X,0x80007BF4] -> 0x0593
mem[X,0x80007BF6] -> 0x0080
[829] [M]: 0x80007BF4 (0x00800593) addi a1, zero, 8
x11 <- 0x00000008


mem[X,0x80007BF8] -> 0x0113
mem[X,0x80007BFA] -> 0x0000
[830] [M]: 0x80007BF8 (0x00000113) addi sp, zero, 0
x2 <- 0x00000000


mem[X,0x80007BFC] -> 0x006F
mem[X,0x80007BFE] -> 0x00C0
[831] [M]: 0x80007BFC (0x00C0006F) jal zero, 12


mem[X,0x80007C08] -> 0x4CE3
mem[X,0x80007C0A] -> 0xFEB5
[832] [M]: 0x80007C08 (0xFEB54CE3) blt a0, a1, 8184


mem[X,0x80007C00] -> 0x0113
mem[X,0x80007C02] -> 0x0011
[833] [M]: 0x80007C00 (0x00110113) addi sp, sp, 1
x2 <- 0x00000001


mem[X,0x80007C04] -> 0x006F
mem[X,0x80007C06] -> 0x0180
[834] [M]: 0x80007C04 (0x0180006F) jal zero, 24


mem[X,0x80007C1C] -> 0xA223
mem[X,0x80007C1E] -> 0x1020
[835] [M]: 0x80007C1C (0x1020A223) sw sp, 260(ra)
mem[0x8003926C] <- 0x00000001


mem[X,0x80007C20] -> 0xC537
mem[X,0x80007C22] -> 0xFFFF
[836] [M]: 0x80007C20 (0xFFFFC537) lui a0, 1048572
x10 <- 0xFFFFC000


mem[X,0x80007C24] -> 0x0513
mem[X,0x80007C26] -> 0xFFF5
[837] [M]: 0x80007C24 (0xFFF50513) addi a0, a0, 4095
x10 <- 0xFFFFBFFF


mem[X,0x80007C28] -> 0x85B7
mem[X,0x80007C2A] -> 0x0000
[838] [M]: 0x80007C28 (0x000085B7) lui a1, 8
x11 <- 0x00008000


mem[X,0x80007C2C] -> 0x0113
mem[X,0x80007C2E] -> 0x0000
[839] [M]: 0x80007C2C (0x00000113) addi sp, zero, 0
x2 <- 0x00000000


mem[X,0x80007C30] -> 0x006F
mem[X,0x80007C32] -> 0x00C0
[840] [M]: 0x80007C30 (0x00C0006F) jal zero, 12


mem[X,0x80007C3C] -> 0x4663
mem[X,0x80007C3E] -> 0x00B5
[841] [M]: 0x80007C3C (0x00B54663) blt a0, a1, 12


mem[X,0x80007C48] -> 0x0113
mem[X,0x80007C4A] -> 0x0031
[842] [M]: 0x80007C48 (0x00310113) addi sp, sp, 3
x2 <- 0x00000003


mem[X,0x80007C4C] -> 0x006F
mem[X,0x80007C4E] -> 0x0040
[843] [M]: 0x80007C4C (0x0040006F) jal zero, 4


mem[X,0x80007C50] -> 0xA423
mem[X,0x80007C52] -> 0x1020
[844] [M]: 0x80007C50 (0x1020A423) sw sp, 264(ra)
mem[0x80039270] <- 0x00000003


mem[X,0x80007C54] -> 0x0537
mem[X,0x80007C56] -> 0xFFFC
[845] [M]: 0x80007C54 (0xFFFC0537) lui a0, 1048512
x10 <- 0xFFFC0000


mem[X,0x80007C58] -> 0x0513
mem[X,0x80007C5A] -> 0xFFF5
[846] [M]: 0x80007C58 (0xFFF50513) addi a0, a0, 4095
x10 <- 0xFFFBFFFF


mem[X,0x80007C5C] -> 0x05B7
mem[X,0x80007C5E] -> 0x0040
[847] [M]: 0x80007C5C (0x004005B7) lui a1, 1024
x11 <- 0x00400000


mem[X,0x80007C60] -> 0x0113
mem[X,0x80007C62] -> 0x0000
[848] [M]: 0x80007C60 (0x00000113) addi sp, zero, 0
x2 <- 0x00000000


mem[X,0x80007C64] -> 0x006F
mem[X,0x80007C66] -> 0x00C0
[849] [M]: 0x80007C64 (0x00C0006F) jal zero, 12


mem[X,0x80007C70] -> 0x4663
mem[X,0x80007C72] -> 0x00B5
[850] [M]: 0x80007C70 (0x00B54663) blt a0, a1, 12


mem[X,0x80007C7C] -> 0x0113
mem[X,0x80007C7E] -> 0x0031
[851] [M]: 0x80007C7C (0x00310113) addi sp, sp, 3
x2 <- 0x00000003


mem[X,0x80007C80] -> 0x006F
mem[X,0x80007C82] -> 0x0040
[852] [M]: 0x80007C80 (0x0040006F) jal zero, 4


mem[X,0x80007C84] -> 0xA623
mem[X,0x80007C86] -> 0x1020
[853] [M]: 0x80007C84 (0x1020A623) sw sp, 268(ra)
mem[0x80039274] <- 0x00000003


mem[X,0x80007C88] -> 0x0537
mem[X,0x80007C8A] -> 0xFF00
[854] [M]: 0x80007C88 (0xFF000537) lui a0, 1044480
x10 <- 0xFF000000


mem[X,0x80007C8C] -> 0x0513
mem[X,0x80007C8E] -> 0xFFF5
[855] [M]: 0x80007C8C (0xFFF50513) addi a0, a0, 4095
x10 <- 0xFEFFFFFF


mem[X,0x80007C90] -> 0x05B7
mem[X,0x80007C92] -> 0x0040
[856] [M]: 0x80007C90 (0x004005B7) lui a1, 1024
x11 <- 0x00400000


mem[X,0x80007C94] -> 0x0113
mem[X,0x80007C96] -> 0x0000
[857] [M]: 0x80007C94 (0x00000113) addi sp, zero, 0
x2 <- 0x00000000


mem[X,0x80007C98] -> 0x006F
mem[X,0x80007C9A] -> 0x00C0
[858] [M]: 0x80007C98 (0x00C0006F) jal zero, 12


mem[X,0x80007CA4] -> 0x4063
mem[X,0x80007CA6] -> 0x10B5
[859] [M]: 0x80007CA4 (0x10B54063) blt a0, a1, 256


mem[X,0x80007DA4] -> 0x0113
mem[X,0x80007DA6] -> 0x0031
[860] [M]: 0x80007DA4 (0x00310113) addi sp, sp, 3
x2 <- 0x00000003


mem[X,0x80007DA8] -> 0x006F
mem[X,0x80007DAA] -> 0x0040
[861] [M]: 0x80007DA8 (0x0040006F) jal zero, 4


mem[X,0x80007DAC] -> 0xA823
mem[X,0x80007DAE] -> 0x1020
[862] [M]: 0x80007DAC (0x1020A823) sw sp, 272(ra)
mem[0x80039278] <- 0x00000003


mem[X,0x80007DB0] -> 0x0537
mem[X,0x80007DB2] -> 0xFE00
[863] [M]: 0x80007DB0 (0xFE000537) lui a0, 1040384
x10 <- 0xFE000000


mem[X,0x80007DB4] -> 0x0513
mem[X,0x80007DB6] -> 0xFFF5
[864] [M]: 0x80007DB4 (0xFFF50513) addi a0, a0, 4095
x10 <- 0xFDFFFFFF


mem[X,0x80007DB8] -> 0xF5B7
mem[X,0x80007DBA] -> 0xFFFF
[865] [M]: 0x80007DB8 (0xFFFFF5B7) lui a1, 1048575
x11 <- 0xFFFFF000


mem[X,0x80007DBC] -> 0x8593
mem[X,0x80007DBE] -> 0xFFF5
[866] [M]: 0x80007DBC (0xFFF58593) addi a1, a1, 4095
x11 <- 0xFFFFEFFF


mem[X,0x80007DC0] -> 0x0113
mem[X,0x80007DC2] -> 0x0000
[867] [M]: 0x80007DC0 (0x00000113) addi sp, zero, 0
x2 <- 0x00000000


mem[X,0x80007DC4] -> 0x006F
mem[X,0x80007DC6] -> 0x2B10
[868] [M]: 0x80007DC4 (0x2B10006F) jal zero, 2736


mem[X,0x80008874] -> 0x4A63
mem[X,0x80008876] -> 0xD4B5
[869] [M]: 0x80008874 (0xD4B54A63) blt a0, a1, 5460


mem[X,0x80007DC8] -> 0x0113
mem[X,0x80007DCA] -> 0x0011
[870] [M]: 0x80007DC8 (0x00110113) addi sp, sp, 1
x2 <- 0x00000001


mem[X,0x80007DCC] -> 0x006F
mem[X,0x80007DCE] -> 0x2BD0
[871] [M]: 0x80007DCC (0x2BD0006F) jal zero, 2748


mem[X,0x80008888] -> 0xAA23
mem[X,0x8000888A] -> 0x1020
[872] [M]: 0x80008888 (0x1020AA23) sw sp, 276(ra)
mem[0x8003927C] <- 0x00000001


mem[X,0x8000888C] -> 0x0537
mem[X,0x8000888E] -> 0xF000
[873] [M]: 0x8000888C (0xF0000537) lui a0, 983040
x10 <- 0xF0000000


mem[X,0x80008890] -> 0x0513
mem[X,0x80008892] -> 0xFFF5
[874] [M]: 0x80008890 (0xFFF50513) addi a0, a0, 4095
x10 <- 0xEFFFFFFF


mem[X,0x80008894] -> 0x55B7
mem[X,0x80008896] -> 0xFFFF
[875] [M]: 0x80008894 (0xFFFF55B7) lui a1, 1048565
x11 <- 0xFFFF5000


mem[X,0x80008898] -> 0x8593
mem[X,0x8000889A] -> 0xAFC5
[876] [M]: 0x80008898 (0xAFC58593) addi a1, a1, 2812
x11 <- 0xFFFF4AFC


mem[X,0x8000889C] -> 0x0113
mem[X,0x8000889E] -> 0x0000
[877] [M]: 0x8000889C (0x00000113) addi sp, zero, 0
x2 <- 0x00000000


mem[X,0x800088A0] -> 0x006F
mem[X,0x800088A2] -> 0x00C0
[878] [M]: 0x800088A0 (0x00C0006F) jal zero, 12


mem[X,0x800088AC] -> 0x4CE3
mem[X,0x800088AE] -> 0xFEB5
[879] [M]: 0x800088AC (0xFEB54CE3) blt a0, a1, 8184


mem[X,0x800088A4] -> 0x0113
mem[X,0x800088A6] -> 0x0011
[880] [M]: 0x800088A4 (0x00110113) addi sp, sp, 1
x2 <- 0x00000001


mem[X,0x800088A8] -> 0x006F
mem[X,0x800088AA] -> 0x0180
[881] [M]: 0x800088A8 (0x0180006F) jal zero, 24


mem[X,0x800088C0] -> 0xAC23
mem[X,0x800088C2] -> 0x1020
[882] [M]: 0x800088C0 (0x1020AC23) sw sp, 280(ra)
mem[0x80039280] <- 0x00000001


mem[X,0x800088C4] -> 0x0537
mem[X,0x800088C6] -> 0xC000
[883] [M]: 0x800088C4 (0xC0000537) lui a0, 786432
x10 <- 0xC0000000


mem[X,0x800088C8] -> 0x0513
mem[X,0x800088CA] -> 0xFFF5
[884] [M]: 0x800088C8 (0xFFF50513) addi a0, a0, 4095
x10 <- 0xBFFFFFFF


mem[X,0x800088CC] -> 0x0593
mem[X,0x800088CE] -> 0xFF80
[885] [M]: 0x800088CC (0xFF800593) addi a1, zero, 4088
x11 <- 0xFFFFFFF8


mem[X,0x800088D0] -> 0x0113
mem[X,0x800088D2] -> 0x0000
[886] [M]: 0x800088D0 (0x00000113) addi sp, zero, 0
x2 <- 0x00000000


mem[X,0x800088D4] -> 0x006F
mem[X,0x800088D6] -> 0x00C0
[887] [M]: 0x800088D4 (0x00C0006F) jal zero, 12


mem[X,0x800088E0] -> 0x4CE3
mem[X,0x800088E2] -> 0xFEB5
[888] [M]: 0x800088E0 (0xFEB54CE3) blt a0, a1, 8184


mem[X,0x800088D8] -> 0x0113
mem[X,0x800088DA] -> 0x0011
[889] [M]: 0x800088D8 (0x00110113) addi sp, sp, 1
x2 <- 0x00000001


mem[X,0x800088DC] -> 0x006F
mem[X,0x800088DE] -> 0x0180
[890] [M]: 0x800088DC (0x0180006F) jal zero, 24


mem[X,0x800088F4] -> 0xAE23
mem[X,0x800088F6] -> 0x1020
[891] [M]: 0x800088F4 (0x1020AE23) sw sp, 284(ra)
mem[0x80039284] <- 0x00000001


mem[X,0x800088F8] -> 0x5537
mem[X,0x800088FA] -> 0x5555
[892] [M]: 0x800088F8 (0x55555537) lui a0, 349525
x10 <- 0x55555000


mem[X,0x800088FC] -> 0x0513
mem[X,0x800088FE] -> 0x5555
[893] [M]: 0x800088FC (0x55550513) addi a0, a0, 1365
x10 <- 0x55555555


mem[X,0x80008900] -> 0x25B7
mem[X,0x80008902] -> 0x0000
[894] [M]: 0x80008900 (0x000025B7) lui a1, 2
x11 <- 0x00002000


mem[X,0x80008904] -> 0x0113
mem[X,0x80008906] -> 0x0000
[895] [M]: 0x80008904 (0x00000113) addi sp, zero, 0
x2 <- 0x00000000


mem[X,0x80008908] -> 0x006F
mem[X,0x8000890A] -> 0x0100
[896] [M]: 0x80008908 (0x0100006F) jal zero, 16


mem[X,0x80008918] -> 0x4AE3
mem[X,0x8000891A] -> 0xFEB5
[897] [M]: 0x80008918 (0xFEB54AE3) blt a0, a1, 8180


mem[X,0x8000891C] -> 0x0113
mem[X,0x8000891E] -> 0x0021
[898] [M]: 0x8000891C (0x00210113) addi sp, sp, 2
x2 <- 0x00000002


mem[X,0x80008920] -> 0x006F
mem[X,0x80008922] -> 0x00C0
[899] [M]: 0x80008920 (0x00C0006F) jal zero, 12


clint::tick mtime <- 0x0000000000000009
 clint timer pending at mtime 0x0000000000000009
htif::tick 0x0000000000000000
mem[X,0x8000892C] -> 0xA023
mem[X,0x8000892E] -> 0x1220
[900] [M]: 0x8000892C (0x1220A023) sw sp, 288(ra)
mem[0x80039288] <- 0x00000002


mem[X,0x80008930] -> 0x0513
mem[X,0x80008932] -> 0x0030
[901] [M]: 0x80008930 (0x00300513) addi a0, zero, 3
x10 <- 0x00000003


mem[X,0x80008934] -> 0x0593
mem[X,0x80008936] -> 0x0030
[902] [M]: 0x80008934 (0x00300593) addi a1, zero, 3
x11 <- 0x00000003


mem[X,0x80008938] -> 0x0113
mem[X,0x8000893A] -> 0x0000
[903] [M]: 0x80008938 (0x00000113) addi sp, zero, 0
x2 <- 0x00000000


mem[X,0x8000893C] -> 0x006F
mem[X,0x8000893E] -> 0x00C0
[904] [M]: 0x8000893C (0x00C0006F) jal zero, 12


mem[X,0x80008948] -> 0x4663
mem[X,0x8000894A] -> 0x00B5
[905] [M]: 0x80008948 (0x00B54663) blt a0, a1, 12


mem[X,0x8000894C] -> 0x0113
mem[X,0x8000894E] -> 0x0021
[906] [M]: 0x8000894C (0x00210113) addi sp, sp, 2
x2 <- 0x00000002


mem[X,0x80008950] -> 0x006F
mem[X,0x80008952] -> 0x00C0
[907] [M]: 0x80008950 (0x00C0006F) jal zero, 12


mem[X,0x8000895C] -> 0xA223
mem[X,0x8000895E] -> 0x1220
[908] [M]: 0x8000895C (0x1220A223) sw sp, 292(ra)
mem[0x8003928C] <- 0x00000002


mem[X,0x80008960] -> 0x0513
mem[X,0x80008962] -> 0x0030
[909] [M]: 0x80008960 (0x00300513) addi a0, zero, 3
x10 <- 0x00000003


mem[X,0x80008964] -> 0x55B7
mem[X,0x80008966] -> 0x5555
[910] [M]: 0x80008964 (0x555555B7) lui a1, 349525
x11 <- 0x55555000


mem[X,0x80008968] -> 0x8593
mem[X,0x8000896A] -> 0x5555
[911] [M]: 0x80008968 (0x55558593) addi a1, a1, 1365
x11 <- 0x55555555


mem[X,0x8000896C] -> 0x0113
mem[X,0x8000896E] -> 0x0000
[912] [M]: 0x8000896C (0x00000113) addi sp, zero, 0
x2 <- 0x00000000


mem[X,0x80008970] -> 0x006F
mem[X,0x80008972] -> 0x00C0
[913] [M]: 0x80008970 (0x00C0006F) jal zero, 12


mem[X,0x8000897C] -> 0x4063
mem[X,0x8000897E] -> 0x10B5
[914] [M]: 0x8000897C (0x10B54063) blt a0, a1, 256


mem[X,0x80008A7C] -> 0x0113
mem[X,0x80008A7E] -> 0x0031
[915] [M]: 0x80008A7C (0x00310113) addi sp, sp, 3
x2 <- 0x00000003


mem[X,0x80008A80] -> 0x006F
mem[X,0x80008A82] -> 0x0040
[916] [M]: 0x80008A80 (0x0040006F) jal zero, 4


mem[X,0x80008A84] -> 0xA423
mem[X,0x80008A86] -> 0x1220
[917] [M]: 0x80008A84 (0x1220A423) sw sp, 296(ra)
mem[0x80039290] <- 0x00000003


mem[X,0x80008A88] -> 0x0513
mem[X,0x80008A8A] -> 0x0030
[918] [M]: 0x80008A88 (0x00300513) addi a0, zero, 3
x10 <- 0x00000003


mem[X,0x80008A8C] -> 0xB5B7
mem[X,0x80008A8E] -> 0xAAAA
[919] [M]: 0x80008A8C (0xAAAAB5B7) lui a1, 699051
x11 <- 0xAAAAB000


mem[X,0x80008A90] -> 0x8593
mem[X,0x80008A92] -> 0xAAA5
[920] [M]: 0x80008A90 (0xAAA58593) addi a1, a1, 2730
x11 <- 0xAAAAAAAA


mem[X,0x80008A94] -> 0x0113
mem[X,0x80008A96] -> 0x0000
[921] [M]: 0x80008A94 (0x00000113) addi sp, zero, 0
x2 <- 0x00000000


mem[X,0x80008A98] -> 0x006F
mem[X,0x80008A9A] -> 0x00C0
[922] [M]: 0x80008A98 (0x00C0006F) jal zero, 12


mem[X,0x80008AA4] -> 0x4063
mem[X,0x80008AA6] -> 0x08B5
[923] [M]: 0x80008AA4 (0x08B54063) blt a0, a1, 128


mem[X,0x80008AA8] -> 0x0113
mem[X,0x80008AAA] -> 0x0021
[924] [M]: 0x80008AA8 (0x00210113) addi sp, sp, 2
x2 <- 0x00000002


mem[X,0x80008AAC] -> 0x006F
mem[X,0x80008AAE] -> 0x0800
[925] [M]: 0x80008AAC (0x0800006F) jal zero, 128


mem[X,0x80008B2C] -> 0xA623
mem[X,0x80008B2E] -> 0x1220
[926] [M]: 0x80008B2C (0x1220A623) sw sp, 300(ra)
mem[0x80039294] <- 0x00000002


mem[X,0x80008B30] -> 0x0513
mem[X,0x80008B32] -> 0x0030
[927] [M]: 0x80008B30 (0x00300513) addi a0, zero, 3
x10 <- 0x00000003


mem[X,0x80008B34] -> 0x0593
mem[X,0x80008B36] -> 0x0050
[928] [M]: 0x80008B34 (0x00500593) addi a1, zero, 5
x11 <- 0x00000005


mem[X,0x80008B38] -> 0x0113
mem[X,0x80008B3A] -> 0x0000
[929] [M]: 0x80008B38 (0x00000113) addi sp, zero, 0
x2 <- 0x00000000


mem[X,0x80008B3C] -> 0x006F
mem[X,0x80008B3E] -> 0x00C0
[930] [M]: 0x80008B3C (0x00C0006F) jal zero, 12


mem[X,0x80008B48] -> 0x4063
mem[X,0x80008B4A] -> 0x40B5
[931] [M]: 0x80008B48 (0x40B54063) blt a0, a1, 1024


mem[X,0x80008F48] -> 0x0113
mem[X,0x80008F4A] -> 0x0031
[932] [M]: 0x80008F48 (0x00310113) addi sp, sp, 3
x2 <- 0x00000003


mem[X,0x80008F4C] -> 0x006F
mem[X,0x80008F4E] -> 0x0040
[933] [M]: 0x80008F4C (0x0040006F) jal zero, 4


mem[X,0x80008F50] -> 0xA823
mem[X,0x80008F52] -> 0x1220
[934] [M]: 0x80008F50 (0x1220A823) sw sp, 304(ra)
mem[0x80039298] <- 0x00000003


mem[X,0x80008F54] -> 0x0513
mem[X,0x80008F56] -> 0x0030
[935] [M]: 0x80008F54 (0x00300513) addi a0, zero, 3
x10 <- 0x00000003


mem[X,0x80008F58] -> 0x35B7
mem[X,0x80008F5A] -> 0x3333
[936] [M]: 0x80008F58 (0x333335B7) lui a1, 209715
x11 <- 0x33333000


mem[X,0x80008F5C] -> 0x8593
mem[X,0x80008F5E] -> 0x3335
[937] [M]: 0x80008F5C (0x33358593) addi a1, a1, 819
x11 <- 0x33333333


mem[X,0x80008F60] -> 0x0113
mem[X,0x80008F62] -> 0x0000
[938] [M]: 0x80008F60 (0x00000113) addi sp, zero, 0
x2 <- 0x00000000


mem[X,0x80008F64] -> 0x006F
mem[X,0x80008F66] -> 0x00C0
[939] [M]: 0x80008F64 (0x00C0006F) jal zero, 12


mem[X,0x80008F70] -> 0x4663
mem[X,0x80008F72] -> 0x00B5
[940] [M]: 0x80008F70 (0x00B54663) blt a0, a1, 12


mem[X,0x80008F7C] -> 0x0113
mem[X,0x80008F7E] -> 0x0031
[941] [M]: 0x80008F7C (0x00310113) addi sp, sp, 3
x2 <- 0x00000003


mem[X,0x80008F80] -> 0x006F
mem[X,0x80008F82] -> 0x0040
[942] [M]: 0x80008F80 (0x0040006F) jal zero, 4


mem[X,0x80008F84] -> 0xAA23
mem[X,0x80008F86] -> 0x1220
[943] [M]: 0x80008F84 (0x1220AA23) sw sp, 308(ra)
mem[0x8003929C] <- 0x00000003


mem[X,0x80008F88] -> 0x0513
mem[X,0x80008F8A] -> 0x0030
[944] [M]: 0x80008F88 (0x00300513) addi a0, zero, 3
x10 <- 0x00000003


mem[X,0x80008F8C] -> 0x65B7
mem[X,0x80008F8E] -> 0x6666
[945] [M]: 0x80008F8C (0x666665B7) lui a1, 419430
x11 <- 0x66666000


mem[X,0x80008F90] -> 0x8593
mem[X,0x80008F92] -> 0x6665
[946] [M]: 0x80008F90 (0x66658593) addi a1, a1, 1638
x11 <- 0x66666666


mem[X,0x80008F94] -> 0x0113
mem[X,0x80008F96] -> 0x0000
[947] [M]: 0x80008F94 (0x00000113) addi sp, zero, 0
x2 <- 0x00000000


mem[X,0x80008F98] -> 0x006F
mem[X,0x80008F9A] -> 0x00C0
[948] [M]: 0x80008F98 (0x00C0006F) jal zero, 12


mem[X,0x80008FA4] -> 0x4063
mem[X,0x80008FA6] -> 0x02B5
[949] [M]: 0x80008FA4 (0x02B54063) blt a0, a1, 32


mem[X,0x80008FC4] -> 0x0113
mem[X,0x80008FC6] -> 0x0031
[950] [M]: 0x80008FC4 (0x00310113) addi sp, sp, 3
x2 <- 0x00000003


mem[X,0x80008FC8] -> 0x006F
mem[X,0x80008FCA] -> 0x0040
[951] [M]: 0x80008FC8 (0x0040006F) jal zero, 4


mem[X,0x80008FCC] -> 0xAC23
mem[X,0x80008FCE] -> 0x1220
[952] [M]: 0x80008FCC (0x1220AC23) sw sp, 312(ra)
mem[0x800392A0] <- 0x00000003


mem[X,0x80008FD0] -> 0x0513
mem[X,0x80008FD2] -> 0x0030
[953] [M]: 0x80008FD0 (0x00300513) addi a0, zero, 3
x10 <- 0x00000003


mem[X,0x80008FD4] -> 0x55B7
mem[X,0x80008FD6] -> 0xFFFF
[954] [M]: 0x80008FD4 (0xFFFF55B7) lui a1, 1048565
x11 <- 0xFFFF5000


mem[X,0x80008FD8] -> 0x8593
mem[X,0x80008FDA] -> 0xAFC5
[955] [M]: 0x80008FD8 (0xAFC58593) addi a1, a1, 2812
x11 <- 0xFFFF4AFC


mem[X,0x80008FDC] -> 0x0113
mem[X,0x80008FDE] -> 0x0000
[956] [M]: 0x80008FDC (0x00000113) addi sp, zero, 0
x2 <- 0x00000000


mem[X,0x80008FE0] -> 0x006F
mem[X,0x80008FE2] -> 0x00C0
[957] [M]: 0x80008FE0 (0x00C0006F) jal zero, 12


mem[X,0x80008FEC] -> 0x4063
mem[X,0x80008FEE] -> 0x40B5
[958] [M]: 0x80008FEC (0x40B54063) blt a0, a1, 1024


mem[X,0x80008FF0] -> 0x0113
mem[X,0x80008FF2] -> 0x0021
[959] [M]: 0x80008FF0 (0x00210113) addi sp, sp, 2
x2 <- 0x00000002


mem[X,0x80008FF4] -> 0x006F
mem[X,0x80008FF6] -> 0x4000
[960] [M]: 0x80008FF4 (0x4000006F) jal zero, 1024


mem[X,0x800093F4] -> 0xAE23
mem[X,0x800093F6] -> 0x1220
[961] [M]: 0x800093F4 (0x1220AE23) sw sp, 316(ra)
mem[0x800392A4] <- 0x00000002


mem[X,0x800093F8] -> 0x0513
mem[X,0x800093FA] -> 0x0030
[962] [M]: 0x800093F8 (0x00300513) addi a0, zero, 3
x10 <- 0x00000003


mem[X,0x800093FC] -> 0xB5B7
mem[X,0x800093FE] -> 0x0000
[963] [M]: 0x800093FC (0x0000B5B7) lui a1, 11
x11 <- 0x0000B000


mem[X,0x80009400] -> 0x8593
mem[X,0x80009402] -> 0x5045
[964] [M]: 0x80009400 (0x50458593) addi a1, a1, 1284
x11 <- 0x0000B504


mem[X,0x80009404] -> 0x0113
mem[X,0x80009406] -> 0x0000
[965] [M]: 0x80009404 (0x00000113) addi sp, zero, 0
x2 <- 0x00000000


mem[X,0x80009408] -> 0x006F
mem[X,0x8000940A] -> 0x00C0
[966] [M]: 0x80009408 (0x00C0006F) jal zero, 12


mem[X,0x80009414] -> 0x4063
mem[X,0x80009416] -> 0x20B5
[967] [M]: 0x80009414 (0x20B54063) blt a0, a1, 512


mem[X,0x80009614] -> 0x0113
mem[X,0x80009616] -> 0x0031
[968] [M]: 0x80009614 (0x00310113) addi sp, sp, 3
x2 <- 0x00000003


mem[X,0x80009618] -> 0x006F
mem[X,0x8000961A] -> 0x0040
[969] [M]: 0x80009618 (0x0040006F) jal zero, 4


mem[X,0x8000961C] -> 0xA023
mem[X,0x8000961E] -> 0x1420
[970] [M]: 0x8000961C (0x1420A023) sw sp, 320(ra)
mem[0x800392A8] <- 0x00000003


mem[X,0x80009620] -> 0x0513
mem[X,0x80009622] -> 0x0030
[971] [M]: 0x80009620 (0x00300513) addi a0, zero, 3
x10 <- 0x00000003


mem[X,0x80009624] -> 0x0593
mem[X,0x80009626] -> 0x0020
[972] [M]: 0x80009624 (0x00200593) addi a1, zero, 2
x11 <- 0x00000002


mem[X,0x80009628] -> 0x0113
mem[X,0x8000962A] -> 0x0000
[973] [M]: 0x80009628 (0x00000113) addi sp, zero, 0
x2 <- 0x00000000


mem[X,0x8000962C] -> 0x006F
mem[X,0x8000962E] -> 0x2B10
[974] [M]: 0x8000962C (0x2B10006F) jal zero, 2736


mem[X,0x8000A0DC] -> 0x4A63
mem[X,0x8000A0DE] -> 0xD4B5
[975] [M]: 0x8000A0DC (0xD4B54A63) blt a0, a1, 5460


mem[X,0x8000A0E0] -> 0x0113
mem[X,0x8000A0E2] -> 0x0021
[976] [M]: 0x8000A0E0 (0x00210113) addi sp, sp, 2
x2 <- 0x00000002


mem[X,0x8000A0E4] -> 0x006F
mem[X,0x8000A0E6] -> 0x00C0
[977] [M]: 0x8000A0E4 (0x00C0006F) jal zero, 12


mem[X,0x8000A0F0] -> 0xA223
mem[X,0x8000A0F2] -> 0x1420
[978] [M]: 0x8000A0F0 (0x1420A223) sw sp, 324(ra)
mem[0x800392AC] <- 0x00000002


mem[X,0x8000A0F4] -> 0x0513
mem[X,0x8000A0F6] -> 0x0030
[979] [M]: 0x8000A0F4 (0x00300513) addi a0, zero, 3
x10 <- 0x00000003


mem[X,0x8000A0F8] -> 0x55B7
mem[X,0x8000A0FA] -> 0x5555
[980] [M]: 0x8000A0F8 (0x555555B7) lui a1, 349525
x11 <- 0x55555000


mem[X,0x8000A0FC] -> 0x8593
mem[X,0x8000A0FE] -> 0x5545
[981] [M]: 0x8000A0FC (0x55458593) addi a1, a1, 1364
x11 <- 0x55555554


mem[X,0x8000A100] -> 0x0113
mem[X,0x8000A102] -> 0x0000
[982] [M]: 0x8000A100 (0x00000113) addi sp, zero, 0
x2 <- 0x00000000


mem[X,0x8000A104] -> 0x006F
mem[X,0x8000A106] -> 0x2B10
[983] [M]: 0x8000A104 (0x2B10006F) jal zero, 2736


mem[X,0x8000ABB4] -> 0x4A63
mem[X,0x8000ABB6] -> 0xD4B5
[984] [M]: 0x8000ABB4 (0xD4B54A63) blt a0, a1, 5460


mem[X,0x8000A108] -> 0x0113
mem[X,0x8000A10A] -> 0x0011
[985] [M]: 0x8000A108 (0x00110113) addi sp, sp, 1
x2 <- 0x00000001


mem[X,0x8000A10C] -> 0x006F
mem[X,0x8000A10E] -> 0x2BD0
[986] [M]: 0x8000A10C (0x2BD0006F) jal zero, 2748


mem[X,0x8000ABC8] -> 0xA423
mem[X,0x8000ABCA] -> 0x1420
[987] [M]: 0x8000ABC8 (0x1420A423) sw sp, 328(ra)
mem[0x800392B0] <- 0x00000001


mem[X,0x8000ABCC] -> 0x0513
mem[X,0x8000ABCE] -> 0x0030
[988] [M]: 0x8000ABCC (0x00300513) addi a0, zero, 3
x10 <- 0x00000003


mem[X,0x8000ABD0] -> 0x0593
mem[X,0x8000ABD2] -> 0x0000
[989] [M]: 0x8000ABD0 (0x00000593) addi a1, zero, 0
x11 <- 0x00000000


mem[X,0x8000ABD4] -> 0x0113
mem[X,0x8000ABD6] -> 0x0000
[990] [M]: 0x8000ABD4 (0x00000113) addi sp, zero, 0
x2 <- 0x00000000


mem[X,0x8000ABD8] -> 0x006F
mem[X,0x8000ABDA] -> 0x00C0
[991] [M]: 0x8000ABD8 (0x00C0006F) jal zero, 12


mem[X,0x8000ABE4] -> 0x4663
mem[X,0x8000ABE6] -> 0x00B5
[992] [M]: 0x8000ABE4 (0x00B54663) blt a0, a1, 12


mem[X,0x8000ABE8] -> 0x0113
mem[X,0x8000ABEA] -> 0x0021
[993] [M]: 0x8000ABE8 (0x00210113) addi sp, sp, 2
x2 <- 0x00000002


mem[X,0x8000ABEC] -> 0x006F
mem[X,0x8000ABEE] -> 0x00C0
[994] [M]: 0x8000ABEC (0x00C0006F) jal zero, 12


mem[X,0x8000ABF8] -> 0xA623
mem[X,0x8000ABFA] -> 0x1420
[995] [M]: 0x8000ABF8 (0x1420A623) sw sp, 332(ra)
mem[0x800392B4] <- 0x00000002


mem[X,0x8000ABFC] -> 0x0513
mem[X,0x8000ABFE] -> 0x0030
[996] [M]: 0x8000ABFC (0x00300513) addi a0, zero, 3
x10 <- 0x00000003


mem[X,0x8000AC00] -> 0x0593
mem[X,0x8000AC02] -> 0x0040
[997] [M]: 0x8000AC00 (0x00400593) addi a1, zero, 4
x11 <- 0x00000004


mem[X,0x8000AC04] -> 0x0113
mem[X,0x8000AC06] -> 0x0000
[998] [M]: 0x8000AC04 (0x00000113) addi sp, zero, 0
x2 <- 0x00000000


mem[X,0x8000AC08] -> 0x006F
mem[X,0x8000AC0A] -> 0x2B10
[999] [M]: 0x8000AC08 (0x2B10006F) jal zero, 2736


clint::tick mtime <- 0x000000000000000A
 clint timer pending at mtime 0x000000000000000A
htif::tick 0x0000000000000000
mem[X,0x8000B6B8] -> 0x4A63
mem[X,0x8000B6BA] -> 0xD4B5
[1000] [M]: 0x8000B6B8 (0xD4B54A63) blt a0, a1, 5460


mem[X,0x8000AC0C] -> 0x0113
mem[X,0x8000AC0E] -> 0x0011
[1001] [M]: 0x8000AC0C (0x00110113) addi sp, sp, 1
x2 <- 0x00000001


mem[X,0x8000AC10] -> 0x006F
mem[X,0x8000AC12] -> 0x2BD0
[1002] [M]: 0x8000AC10 (0x2BD0006F) jal zero, 2748


mem[X,0x8000B6CC] -> 0xA823
mem[X,0x8000B6CE] -> 0x1420
[1003] [M]: 0x8000B6CC (0x1420A823) sw sp, 336(ra)
mem[0x800392B8] <- 0x00000001


mem[X,0x8000B6D0] -> 0x0513
mem[X,0x8000B6D2] -> 0x0030
[1004] [M]: 0x8000B6D0 (0x00300513) addi a0, zero, 3
x10 <- 0x00000003


mem[X,0x8000B6D4] -> 0x35B7
mem[X,0x8000B6D6] -> 0x3333
[1005] [M]: 0x8000B6D4 (0x333335B7) lui a1, 209715
x11 <- 0x33333000


mem[X,0x8000B6D8] -> 0x8593
mem[X,0x8000B6DA] -> 0x3325
[1006] [M]: 0x8000B6D8 (0x33258593) addi a1, a1, 818
x11 <- 0x33333332


mem[X,0x8000B6DC] -> 0x0113
mem[X,0x8000B6DE] -> 0x0000
[1007] [M]: 0x8000B6DC (0x00000113) addi sp, zero, 0
x2 <- 0x00000000


mem[X,0x8000B6E0] -> 0x006F
mem[X,0x8000B6E2] -> 0x00C0
[1008] [M]: 0x8000B6E0 (0x00C0006F) jal zero, 12


mem[X,0x8000B6EC] -> 0x4063
mem[X,0x8000B6EE] -> 0x20B5
[1009] [M]: 0x8000B6EC (0x20B54063) blt a0, a1, 512


mem[X,0x8000B8EC] -> 0x0113
mem[X,0x8000B8EE] -> 0x0031
[1010] [M]: 0x8000B8EC (0x00310113) addi sp, sp, 3
x2 <- 0x00000003


mem[X,0x8000B8F0] -> 0x006F
mem[X,0x8000B8F2] -> 0x0040
[1011] [M]: 0x8000B8F0 (0x0040006F) jal zero, 4


mem[X,0x8000B8F4] -> 0xAA23
mem[X,0x8000B8F6] -> 0x1420
[1012] [M]: 0x8000B8F4 (0x1420AA23) sw sp, 340(ra)
mem[0x800392BC] <- 0x00000003


mem[X,0x8000B8F8] -> 0x0513
mem[X,0x8000B8FA] -> 0x0030
[1013] [M]: 0x8000B8F8 (0x00300513) addi a0, zero, 3
x10 <- 0x00000003


mem[X,0x8000B8FC] -> 0x65B7
mem[X,0x8000B8FE] -> 0x6666
[1014] [M]: 0x8000B8FC (0x666665B7) lui a1, 419430
x11 <- 0x66666000


mem[X,0x8000B900] -> 0x8593
mem[X,0x8000B902] -> 0x6655
[1015] [M]: 0x8000B900 (0x66558593) addi a1, a1, 1637
x11 <- 0x66666665


mem[X,0x8000B904] -> 0x0113
mem[X,0x8000B906] -> 0x0000
[1016] [M]: 0x8000B904 (0x00000113) addi sp, zero, 0
x2 <- 0x00000000


mem[X,0x8000B908] -> 0x006F
mem[X,0x8000B90A] -> 0x0140
[1017] [M]: 0x8000B908 (0x0140006F) jal zero, 20


mem[X,0x8000B91C] -> 0x48E3
mem[X,0x8000B91E] -> 0xFEB5
[1018] [M]: 0x8000B91C (0xFEB548E3) blt a0, a1, 8176


mem[X,0x8000B90C] -> 0x0113
mem[X,0x8000B90E] -> 0x0011
[1019] [M]: 0x8000B90C (0x00110113) addi sp, sp, 1
x2 <- 0x00000001


mem[X,0x8000B910] -> 0x006F
mem[X,0x8000B912] -> 0x0200
[1020] [M]: 0x8000B910 (0x0200006F) jal zero, 32


mem[X,0x8000B930] -> 0xAC23
mem[X,0x8000B932] -> 0x1420
[1021] [M]: 0x8000B930 (0x1420AC23) sw sp, 344(ra)
mem[0x800392C0] <- 0x00000001


mem[X,0x8000B934] -> 0x0513
mem[X,0x8000B936] -> 0x0030
[1022] [M]: 0x8000B934 (0x00300513) addi a0, zero, 3
x10 <- 0x00000003


mem[X,0x8000B938] -> 0xB5B7
mem[X,0x8000B93A] -> 0x0000
[1023] [M]: 0x8000B938 (0x0000B5B7) lui a1, 11
x11 <- 0x0000B000


mem[X,0x8000B93C] -> 0x8593
mem[X,0x8000B93E] -> 0x5035
[1024] [M]: 0x8000B93C (0x50358593) addi a1, a1, 1283
x11 <- 0x0000B503


mem[X,0x8000B940] -> 0x0113
mem[X,0x8000B942] -> 0x0000
[1025] [M]: 0x8000B940 (0x00000113) addi sp, zero, 0
x2 <- 0x00000000


mem[X,0x8000B944] -> 0x006F
mem[X,0x8000B946] -> 0x00C0
[1026] [M]: 0x8000B944 (0x00C0006F) jal zero, 12


mem[X,0x8000B950] -> 0x4063
mem[X,0x8000B952] -> 0x20B5
[1027] [M]: 0x8000B950 (0x20B54063) blt a0, a1, 512


mem[X,0x8000BB50] -> 0x0113
mem[X,0x8000BB52] -> 0x0031
[1028] [M]: 0x8000BB50 (0x00310113) addi sp, sp, 3
x2 <- 0x00000003


mem[X,0x8000BB54] -> 0x006F
mem[X,0x8000BB56] -> 0x0040
[1029] [M]: 0x8000BB54 (0x0040006F) jal zero, 4


mem[X,0x8000BB58] -> 0xAE23
mem[X,0x8000BB5A] -> 0x1420
[1030] [M]: 0x8000BB58 (0x1420AE23) sw sp, 348(ra)
mem[0x800392C4] <- 0x00000003


mem[X,0x8000BB5C] -> 0x0513
mem[X,0x8000BB5E] -> 0x0030
[1031] [M]: 0x8000BB5C (0x00300513) addi a0, zero, 3
x10 <- 0x00000003


mem[X,0x8000BB60] -> 0x55B7
mem[X,0x8000BB62] -> 0x5555
[1032] [M]: 0x8000BB60 (0x555555B7) lui a1, 349525
x11 <- 0x55555000


mem[X,0x8000BB64] -> 0x8593
mem[X,0x8000BB66] -> 0x5565
[1033] [M]: 0x8000BB64 (0x55658593) addi a1, a1, 1366
x11 <- 0x55555556


mem[X,0x8000BB68] -> 0x0113
mem[X,0x8000BB6A] -> 0x0000
[1034] [M]: 0x8000BB68 (0x00000113) addi sp, zero, 0
x2 <- 0x00000000


mem[X,0x8000BB6C] -> 0x006F
mem[X,0x8000BB6E] -> 0x00C0
[1035] [M]: 0x8000BB6C (0x00C0006F) jal zero, 12


mem[X,0x8000BB78] -> 0x4063
mem[X,0x8000BB7A] -> 0x40B5
[1036] [M]: 0x8000BB78 (0x40B54063) blt a0, a1, 1024


mem[X,0x8000BF78] -> 0x0113
mem[X,0x8000BF7A] -> 0x0031
[1037] [M]: 0x8000BF78 (0x00310113) addi sp, sp, 3
x2 <- 0x00000003


mem[X,0x8000BF7C] -> 0x006F
mem[X,0x8000BF7E] -> 0x0040
[1038] [M]: 0x8000BF7C (0x0040006F) jal zero, 4


mem[X,0x8000BF80] -> 0xA023
mem[X,0x8000BF82] -> 0x1620
[1039] [M]: 0x8000BF80 (0x1620A023) sw sp, 352(ra)
mem[0x800392C8] <- 0x00000003


mem[X,0x8000BF84] -> 0x0513
mem[X,0x8000BF86] -> 0x0030
[1040] [M]: 0x8000BF84 (0x00300513) addi a0, zero, 3
x10 <- 0x00000003


mem[X,0x8000BF88] -> 0xB5B7
mem[X,0x8000BF8A] -> 0xAAAA
[1041] [M]: 0x8000BF88 (0xAAAAB5B7) lui a1, 699051
x11 <- 0xAAAAB000


mem[X,0x8000BF8C] -> 0x8593
mem[X,0x8000BF8E] -> 0xAAB5
[1042] [M]: 0x8000BF8C (0xAAB58593) addi a1, a1, 2731
x11 <- 0xAAAAAAAB


mem[X,0x8000BF90] -> 0x0113
mem[X,0x8000BF92] -> 0x0000
[1043] [M]: 0x8000BF90 (0x00000113) addi sp, zero, 0
x2 <- 0x00000000


mem[X,0x8000BF94] -> 0x006F
mem[X,0x8000BF96] -> 0x00C0
[1044] [M]: 0x8000BF94 (0x00C0006F) jal zero, 12


mem[X,0x8000BFA0] -> 0x4863
mem[X,0x8000BFA2] -> 0x00B5
[1045] [M]: 0x8000BFA0 (0x00B54863) blt a0, a1, 16


mem[X,0x8000BFA4] -> 0x0113
mem[X,0x8000BFA6] -> 0x0021
[1046] [M]: 0x8000BFA4 (0x00210113) addi sp, sp, 2
x2 <- 0x00000002


mem[X,0x8000BFA8] -> 0x006F
mem[X,0x8000BFAA] -> 0x0100
[1047] [M]: 0x8000BFA8 (0x0100006F) jal zero, 16


mem[X,0x8000BFB8] -> 0xA223
mem[X,0x8000BFBA] -> 0x1620
[1048] [M]: 0x8000BFB8 (0x1620A223) sw sp, 356(ra)
mem[0x800392CC] <- 0x00000002


mem[X,0x8000BFBC] -> 0x0513
mem[X,0x8000BFBE] -> 0x0030
[1049] [M]: 0x8000BFBC (0x00300513) addi a0, zero, 3
x10 <- 0x00000003


mem[X,0x8000BFC0] -> 0x0593
mem[X,0x8000BFC2] -> 0x0060
[1050] [M]: 0x8000BFC0 (0x00600593) addi a1, zero, 6
x11 <- 0x00000006


mem[X,0x8000BFC4] -> 0x0113
mem[X,0x8000BFC6] -> 0x0000
[1051] [M]: 0x8000BFC4 (0x00000113) addi sp, zero, 0
x2 <- 0x00000000


mem[X,0x8000BFC8] -> 0x006F
mem[X,0x8000BFCA] -> 0x0140
[1052] [M]: 0x8000BFC8 (0x0140006F) jal zero, 20


mem[X,0x8000BFDC] -> 0x48E3
mem[X,0x8000BFDE] -> 0xFEB5
[1053] [M]: 0x8000BFDC (0xFEB548E3) blt a0, a1, 8176


mem[X,0x8000BFCC] -> 0x0113
mem[X,0x8000BFCE] -> 0x0011
[1054] [M]: 0x8000BFCC (0x00110113) addi sp, sp, 1
x2 <- 0x00000001


mem[X,0x8000BFD0] -> 0x006F
mem[X,0x8000BFD2] -> 0x0200
[1055] [M]: 0x8000BFD0 (0x0200006F) jal zero, 32


mem[X,0x8000BFF0] -> 0xA423
mem[X,0x8000BFF2] -> 0x1620
[1056] [M]: 0x8000BFF0 (0x1620A423) sw sp, 360(ra)
mem[0x800392D0] <- 0x00000001


mem[X,0x8000BFF4] -> 0x0513
mem[X,0x8000BFF6] -> 0x0030
[1057] [M]: 0x8000BFF4 (0x00300513) addi a0, zero, 3
x10 <- 0x00000003


mem[X,0x8000BFF8] -> 0x35B7
mem[X,0x8000BFFA] -> 0x3333
[1058] [M]: 0x8000BFF8 (0x333335B7) lui a1, 209715
x11 <- 0x33333000


mem[X,0x8000BFFC] -> 0x8593
mem[X,0x8000BFFE] -> 0x3345
[1059] [M]: 0x8000BFFC (0x33458593) addi a1, a1, 820
x11 <- 0x33333334


mem[X,0x8000C000] -> 0x0113
mem[X,0x8000C002] -> 0x0000
[1060] [M]: 0x8000C000 (0x00000113) addi sp, zero, 0
x2 <- 0x00000000


mem[X,0x8000C004] -> 0x006F
mem[X,0x8000C006] -> 0x00C0
[1061] [M]: 0x8000C004 (0x00C0006F) jal zero, 12


mem[X,0x8000C010] -> 0x4CE3
mem[X,0x8000C012] -> 0xFEB5
[1062] [M]: 0x8000C010 (0xFEB54CE3) blt a0, a1, 8184


mem[X,0x8000C008] -> 0x0113
mem[X,0x8000C00A] -> 0x0011
[1063] [M]: 0x8000C008 (0x00110113) addi sp, sp, 1
x2 <- 0x00000001


mem[X,0x8000C00C] -> 0x006F
mem[X,0x8000C00E] -> 0x0180
[1064] [M]: 0x8000C00C (0x0180006F) jal zero, 24


mem[X,0x8000C024] -> 0xA623
mem[X,0x8000C026] -> 0x1620
[1065] [M]: 0x8000C024 (0x1620A623) sw sp, 364(ra)
mem[0x800392D4] <- 0x00000001


mem[X,0x8000C028] -> 0x0513
mem[X,0x8000C02A] -> 0x0030
[1066] [M]: 0x8000C028 (0x00300513) addi a0, zero, 3
x10 <- 0x00000003


mem[X,0x8000C02C] -> 0x65B7
mem[X,0x8000C02E] -> 0x6666
[1067] [M]: 0x8000C02C (0x666665B7) lui a1, 419430
x11 <- 0x66666000


mem[X,0x8000C030] -> 0x8593
mem[X,0x8000C032] -> 0x6675
[1068] [M]: 0x8000C030 (0x66758593) addi a1, a1, 1639
x11 <- 0x66666667


mem[X,0x8000C034] -> 0x0113
mem[X,0x8000C036] -> 0x0000
[1069] [M]: 0x8000C034 (0x00000113) addi sp, zero, 0
x2 <- 0x00000000


mem[X,0x8000C038] -> 0x006F
mem[X,0x8000C03A] -> 0x00C0
[1070] [M]: 0x8000C038 (0x00C0006F) jal zero, 12


mem[X,0x8000C044] -> 0x4663
mem[X,0x8000C046] -> 0x00B5
[1071] [M]: 0x8000C044 (0x00B54663) blt a0, a1, 12


mem[X,0x8000C050] -> 0x0113
mem[X,0x8000C052] -> 0x0031
[1072] [M]: 0x8000C050 (0x00310113) addi sp, sp, 3
x2 <- 0x00000003


mem[X,0x8000C054] -> 0x006F
mem[X,0x8000C056] -> 0x0040
[1073] [M]: 0x8000C054 (0x0040006F) jal zero, 4


mem[X,0x8000C058] -> 0xA823
mem[X,0x8000C05A] -> 0x1620
[1074] [M]: 0x8000C058 (0x1620A823) sw sp, 368(ra)
mem[0x800392D8] <- 0x00000003


mem[X,0x8000C05C] -> 0x0513
mem[X,0x8000C05E] -> 0x0030
[1075] [M]: 0x8000C05C (0x00300513) addi a0, zero, 3
x10 <- 0x00000003


mem[X,0x8000C060] -> 0x55B7
mem[X,0x8000C062] -> 0xFFFF
[1076] [M]: 0x8000C060 (0xFFFF55B7) lui a1, 1048565
x11 <- 0xFFFF5000


mem[X,0x8000C064] -> 0x8593
mem[X,0x8000C066] -> 0xAFD5
[1077] [M]: 0x8000C064 (0xAFD58593) addi a1, a1, 2813
x11 <- 0xFFFF4AFD


mem[X,0x8000C068] -> 0x0113
mem[X,0x8000C06A] -> 0x0000
[1078] [M]: 0x8000C068 (0x00000113) addi sp, zero, 0
x2 <- 0x00000000


mem[X,0x8000C06C] -> 0x006F
mem[X,0x8000C06E] -> 0x0100
[1079] [M]: 0x8000C06C (0x0100006F) jal zero, 16


mem[X,0x8000C07C] -> 0x4AE3
mem[X,0x8000C07E] -> 0xFEB5
[1080] [M]: 0x8000C07C (0xFEB54AE3) blt a0, a1, 8180


mem[X,0x8000C080] -> 0x0113
mem[X,0x8000C082] -> 0x0021
[1081] [M]: 0x8000C080 (0x00210113) addi sp, sp, 2
x2 <- 0x00000002


mem[X,0x8000C084] -> 0x006F
mem[X,0x8000C086] -> 0x00C0
[1082] [M]: 0x8000C084 (0x00C0006F) jal zero, 12


mem[X,0x8000C090] -> 0xAA23
mem[X,0x8000C092] -> 0x1620
[1083] [M]: 0x8000C090 (0x1620AA23) sw sp, 372(ra)
mem[0x800392DC] <- 0x00000002


mem[X,0x8000C094] -> 0x0513
mem[X,0x8000C096] -> 0x0030
[1084] [M]: 0x8000C094 (0x00300513) addi a0, zero, 3
x10 <- 0x00000003


mem[X,0x8000C098] -> 0xB5B7
mem[X,0x8000C09A] -> 0x0000
[1085] [M]: 0x8000C098 (0x0000B5B7) lui a1, 11
x11 <- 0x0000B000


mem[X,0x8000C09C] -> 0x8593
mem[X,0x8000C09E] -> 0x5055
[1086] [M]: 0x8000C09C (0x50558593) addi a1, a1, 1285
x11 <- 0x0000B505


mem[X,0x8000C0A0] -> 0x0113
mem[X,0x8000C0A2] -> 0x0000
[1087] [M]: 0x8000C0A0 (0x00000113) addi sp, zero, 0
x2 <- 0x00000000


mem[X,0x8000C0A4] -> 0x006F
mem[X,0x8000C0A6] -> 0x00C0
[1088] [M]: 0x8000C0A4 (0x00C0006F) jal zero, 12


mem[X,0x8000C0B0] -> 0x4063
mem[X,0x8000C0B2] -> 0x10B5
[1089] [M]: 0x8000C0B0 (0x10B54063) blt a0, a1, 256


mem[X,0x8000C1B0] -> 0x0113
mem[X,0x8000C1B2] -> 0x0031
[1090] [M]: 0x8000C1B0 (0x00310113) addi sp, sp, 3
x2 <- 0x00000003


mem[X,0x8000C1B4] -> 0x006F
mem[X,0x8000C1B6] -> 0x0040
[1091] [M]: 0x8000C1B4 (0x0040006F) jal zero, 4


mem[X,0x8000C1B8] -> 0xAC23
mem[X,0x8000C1BA] -> 0x1620
[1092] [M]: 0x8000C1B8 (0x1620AC23) sw sp, 376(ra)
mem[0x800392E0] <- 0x00000003


mem[X,0x8000C1BC] -> 0x5537
mem[X,0x8000C1BE] -> 0x5555
[1093] [M]: 0x8000C1BC (0x55555537) lui a0, 349525
x10 <- 0x55555000


mem[X,0x8000C1C0] -> 0x0513
mem[X,0x8000C1C2] -> 0x5555
[1094] [M]: 0x8000C1C0 (0x55550513) addi a0, a0, 1365
x10 <- 0x55555555


mem[X,0x8000C1C4] -> 0x0593
mem[X,0x8000C1C6] -> 0x0030
[1095] [M]: 0x8000C1C4 (0x00300593) addi a1, zero, 3
x11 <- 0x00000003


mem[X,0x8000C1C8] -> 0x0113
mem[X,0x8000C1CA] -> 0x0000
[1096] [M]: 0x8000C1C8 (0x00000113) addi sp, zero, 0
x2 <- 0x00000000


mem[X,0x8000C1CC] -> 0x006F
mem[X,0x8000C1CE] -> 0x00C0
[1097] [M]: 0x8000C1CC (0x00C0006F) jal zero, 12


mem[X,0x8000C1D8] -> 0x4CE3
mem[X,0x8000C1DA] -> 0xFEB5
[1098] [M]: 0x8000C1D8 (0xFEB54CE3) blt a0, a1, 8184


mem[X,0x8000C1DC] -> 0x0113
mem[X,0x8000C1DE] -> 0x0021
[1099] [M]: 0x8000C1DC (0x00210113) addi sp, sp, 2
x2 <- 0x00000002


clint::tick mtime <- 0x000000000000000B
 clint timer pending at mtime 0x000000000000000B
htif::tick 0x0000000000000000
mem[X,0x8000C1E0] -> 0x006F
mem[X,0x8000C1E2] -> 0x00C0
[1100] [M]: 0x8000C1E0 (0x00C0006F) jal zero, 12


mem[X,0x8000C1EC] -> 0xAE23
mem[X,0x8000C1EE] -> 0x1620
[1101] [M]: 0x8000C1EC (0x1620AE23) sw sp, 380(ra)
mem[0x800392E4] <- 0x00000002


mem[X,0x8000C1F0] -> 0x5537
mem[X,0x8000C1F2] -> 0x5555
[1102] [M]: 0x8000C1F0 (0x55555537) lui a0, 349525
x10 <- 0x55555000


mem[X,0x8000C1F4] -> 0x0513
mem[X,0x8000C1F6] -> 0x5555
[1103] [M]: 0x8000C1F4 (0x55550513) addi a0, a0, 1365
x10 <- 0x55555555


mem[X,0x8000C1F8] -> 0x55B7
mem[X,0x8000C1FA] -> 0x5555
[1104] [M]: 0x8000C1F8 (0x555555B7) lui a1, 349525
x11 <- 0x55555000


mem[X,0x8000C1FC] -> 0x8593
mem[X,0x8000C1FE] -> 0x5555
[1105] [M]: 0x8000C1FC (0x55558593) addi a1, a1, 1365
x11 <- 0x55555555


mem[X,0x8000C200] -> 0x0113
mem[X,0x8000C202] -> 0x0000
[1106] [M]: 0x8000C200 (0x00000113) addi sp, zero, 0
x2 <- 0x00000000


mem[X,0x8000C204] -> 0x006F
mem[X,0x8000C206] -> 0x00C0
[1107] [M]: 0x8000C204 (0x00C0006F) jal zero, 12


mem[X,0x8000C210] -> 0x4863
mem[X,0x8000C212] -> 0x00B5
[1108] [M]: 0x8000C210 (0x00B54863) blt a0, a1, 16


mem[X,0x8000C214] -> 0x0113
mem[X,0x8000C216] -> 0x0021
[1109] [M]: 0x8000C214 (0x00210113) addi sp, sp, 2
x2 <- 0x00000002


mem[X,0x8000C218] -> 0x006F
mem[X,0x8000C21A] -> 0x0100
[1110] [M]: 0x8000C218 (0x0100006F) jal zero, 16


mem[X,0x8000C228] -> 0xA023
mem[X,0x8000C22A] -> 0x1820
[1111] [M]: 0x8000C228 (0x1820A023) sw sp, 384(ra)
mem[0x800392E8] <- 0x00000002


mem[X,0x8000C22C] -> 0x5537
mem[X,0x8000C22E] -> 0x5555
[1112] [M]: 0x8000C22C (0x55555537) lui a0, 349525
x10 <- 0x55555000


mem[X,0x8000C230] -> 0x0513
mem[X,0x8000C232] -> 0x5555
[1113] [M]: 0x8000C230 (0x55550513) addi a0, a0, 1365
x10 <- 0x55555555


mem[X,0x8000C234] -> 0xB5B7
mem[X,0x8000C236] -> 0xAAAA
[1114] [M]: 0x8000C234 (0xAAAAB5B7) lui a1, 699051
x11 <- 0xAAAAB000


mem[X,0x8000C238] -> 0x8593
mem[X,0x8000C23A] -> 0xAAA5
[1115] [M]: 0x8000C238 (0xAAA58593) addi a1, a1, 2730
x11 <- 0xAAAAAAAA


mem[X,0x8000C23C] -> 0x0113
mem[X,0x8000C23E] -> 0x0000
[1116] [M]: 0x8000C23C (0x00000113) addi sp, zero, 0
x2 <- 0x00000000


mem[X,0x8000C240] -> 0x006F
mem[X,0x8000C242] -> 0x00C0
[1117] [M]: 0x8000C240 (0x00C0006F) jal zero, 12


mem[X,0x8000C24C] -> 0x4063
mem[X,0x8000C24E] -> 0x20B5
[1118] [M]: 0x8000C24C (0x20B54063) blt a0, a1, 512


mem[X,0x8000C250] -> 0x0113
mem[X,0x8000C252] -> 0x0021
[1119] [M]: 0x8000C250 (0x00210113) addi sp, sp, 2
x2 <- 0x00000002


mem[X,0x8000C254] -> 0x006F
mem[X,0x8000C256] -> 0x2000
[1120] [M]: 0x8000C254 (0x2000006F) jal zero, 512


mem[X,0x8000C454] -> 0xA223
mem[X,0x8000C456] -> 0x1820
[1121] [M]: 0x8000C454 (0x1820A223) sw sp, 388(ra)
mem[0x800392EC] <- 0x00000002


mem[X,0x8000C458] -> 0x5537
mem[X,0x8000C45A] -> 0x5555
[1122] [M]: 0x8000C458 (0x55555537) lui a0, 349525
x10 <- 0x55555000


mem[X,0x8000C45C] -> 0x0513
mem[X,0x8000C45E] -> 0x5555
[1123] [M]: 0x8000C45C (0x55550513) addi a0, a0, 1365
x10 <- 0x55555555


mem[X,0x8000C460] -> 0x0593
mem[X,0x8000C462] -> 0x0050
[1124] [M]: 0x8000C460 (0x00500593) addi a1, zero, 5
x11 <- 0x00000005


mem[X,0x8000C464] -> 0x0113
mem[X,0x8000C466] -> 0x0000
[1125] [M]: 0x8000C464 (0x00000113) addi sp, zero, 0
x2 <- 0x00000000


mem[X,0x8000C468] -> 0x006F
mem[X,0x8000C46A] -> 0x00C0
[1126] [M]: 0x8000C468 (0x00C0006F) jal zero, 12


mem[X,0x8000C474] -> 0x4063
mem[X,0x8000C476] -> 0x10B5
[1127] [M]: 0x8000C474 (0x10B54063) blt a0, a1, 256


mem[X,0x8000C478] -> 0x0113
mem[X,0x8000C47A] -> 0x0021
[1128] [M]: 0x8000C478 (0x00210113) addi sp, sp, 2
x2 <- 0x00000002


mem[X,0x8000C47C] -> 0x006F
mem[X,0x8000C47E] -> 0x1000
[1129] [M]: 0x8000C47C (0x1000006F) jal zero, 256


mem[X,0x8000C57C] -> 0xA423
mem[X,0x8000C57E] -> 0x1820
[1130] [M]: 0x8000C57C (0x1820A423) sw sp, 392(ra)
mem[0x800392F0] <- 0x00000002


mem[X,0x8000C580] -> 0x5537
mem[X,0x8000C582] -> 0x5555
[1131] [M]: 0x8000C580 (0x55555537) lui a0, 349525
x10 <- 0x55555000


mem[X,0x8000C584] -> 0x0513
mem[X,0x8000C586] -> 0x5555
[1132] [M]: 0x8000C584 (0x55550513) addi a0, a0, 1365
x10 <- 0x55555555


mem[X,0x8000C588] -> 0x35B7
mem[X,0x8000C58A] -> 0x3333
[1133] [M]: 0x8000C588 (0x333335B7) lui a1, 209715
x11 <- 0x33333000


mem[X,0x8000C58C] -> 0x8593
mem[X,0x8000C58E] -> 0x3335
[1134] [M]: 0x8000C58C (0x33358593) addi a1, a1, 819
x11 <- 0x33333333


mem[X,0x8000C590] -> 0x0113
mem[X,0x8000C592] -> 0x0000
[1135] [M]: 0x8000C590 (0x00000113) addi sp, zero, 0
x2 <- 0x00000000


mem[X,0x8000C594] -> 0x006F
mem[X,0x8000C596] -> 0x00C0
[1136] [M]: 0x8000C594 (0x00C0006F) jal zero, 12


mem[X,0x8000C5A0] -> 0x4663
mem[X,0x8000C5A2] -> 0x00B5
[1137] [M]: 0x8000C5A0 (0x00B54663) blt a0, a1, 12


mem[X,0x8000C5A4] -> 0x0113
mem[X,0x8000C5A6] -> 0x0021
[1138] [M]: 0x8000C5A4 (0x00210113) addi sp, sp, 2
x2 <- 0x00000002


mem[X,0x8000C5A8] -> 0x006F
mem[X,0x8000C5AA] -> 0x00C0
[1139] [M]: 0x8000C5A8 (0x00C0006F) jal zero, 12


mem[X,0x8000C5B4] -> 0xA623
mem[X,0x8000C5B6] -> 0x1820
[1140] [M]: 0x8000C5B4 (0x1820A623) sw sp, 396(ra)
mem[0x800392F4] <- 0x00000002


mem[X,0x8000C5B8] -> 0x5537
mem[X,0x8000C5BA] -> 0x5555
[1141] [M]: 0x8000C5B8 (0x55555537) lui a0, 349525
x10 <- 0x55555000


mem[X,0x8000C5BC] -> 0x0513
mem[X,0x8000C5BE] -> 0x5555
[1142] [M]: 0x8000C5BC (0x55550513) addi a0, a0, 1365
x10 <- 0x55555555


mem[X,0x8000C5C0] -> 0x65B7
mem[X,0x8000C5C2] -> 0x6666
[1143] [M]: 0x8000C5C0 (0x666665B7) lui a1, 419430
x11 <- 0x66666000


mem[X,0x8000C5C4] -> 0x8593
mem[X,0x8000C5C6] -> 0x6665
[1144] [M]: 0x8000C5C4 (0x66658593) addi a1, a1, 1638
x11 <- 0x66666666


mem[X,0x8000C5C8] -> 0x0113
mem[X,0x8000C5CA] -> 0x0000
[1145] [M]: 0x8000C5C8 (0x00000113) addi sp, zero, 0
x2 <- 0x00000000


mem[X,0x8000C5CC] -> 0x006F
mem[X,0x8000C5CE] -> 0x00C0
[1146] [M]: 0x8000C5CC (0x00C0006F) jal zero, 12


mem[X,0x8000C5D8] -> 0x4663
mem[X,0x8000C5DA] -> 0x00B5
[1147] [M]: 0x8000C5D8 (0x00B54663) blt a0, a1, 12


mem[X,0x8000C5E4] -> 0x0113
mem[X,0x8000C5E6] -> 0x0031
[1148] [M]: 0x8000C5E4 (0x00310113) addi sp, sp, 3
x2 <- 0x00000003


mem[X,0x8000C5E8] -> 0x006F
mem[X,0x8000C5EA] -> 0x0040
[1149] [M]: 0x8000C5E8 (0x0040006F) jal zero, 4


mem[X,0x8000C5EC] -> 0xA823
mem[X,0x8000C5EE] -> 0x1820
[1150] [M]: 0x8000C5EC (0x1820A823) sw sp, 400(ra)
mem[0x800392F8] <- 0x00000003


mem[X,0x8000C5F0] -> 0x5537
mem[X,0x8000C5F2] -> 0x5555
[1151] [M]: 0x8000C5F0 (0x55555537) lui a0, 349525
x10 <- 0x55555000


mem[X,0x8000C5F4] -> 0x0513
mem[X,0x8000C5F6] -> 0x5555
[1152] [M]: 0x8000C5F4 (0x55550513) addi a0, a0, 1365
x10 <- 0x55555555


mem[X,0x8000C5F8] -> 0x55B7
mem[X,0x8000C5FA] -> 0xFFFF
[1153] [M]: 0x8000C5F8 (0xFFFF55B7) lui a1, 1048565
x11 <- 0xFFFF5000


mem[X,0x8000C5FC] -> 0x8593
mem[X,0x8000C5FE] -> 0xAFC5
[1154] [M]: 0x8000C5FC (0xAFC58593) addi a1, a1, 2812
x11 <- 0xFFFF4AFC


mem[X,0x8000C600] -> 0x0113
mem[X,0x8000C602] -> 0x0000
[1155] [M]: 0x8000C600 (0x00000113) addi sp, zero, 0
x2 <- 0x00000000


mem[X,0x8000C604] -> 0x006F
mem[X,0x8000C606] -> 0x0140
[1156] [M]: 0x8000C604 (0x0140006F) jal zero, 20


mem[X,0x8000C618] -> 0x48E3
mem[X,0x8000C61A] -> 0xFEB5
[1157] [M]: 0x8000C618 (0xFEB548E3) blt a0, a1, 8176


mem[X,0x8000C61C] -> 0x0113
mem[X,0x8000C61E] -> 0x0021
[1158] [M]: 0x8000C61C (0x00210113) addi sp, sp, 2
x2 <- 0x00000002


mem[X,0x8000C620] -> 0x006F
mem[X,0x8000C622] -> 0x00C0
[1159] [M]: 0x8000C620 (0x00C0006F) jal zero, 12


mem[X,0x8000C62C] -> 0xAA23
mem[X,0x8000C62E] -> 0x1820
[1160] [M]: 0x8000C62C (0x1820AA23) sw sp, 404(ra)
mem[0x800392FC] <- 0x00000002


mem[X,0x8000C630] -> 0x5537
mem[X,0x8000C632] -> 0x5555
[1161] [M]: 0x8000C630 (0x55555537) lui a0, 349525
x10 <- 0x55555000


mem[X,0x8000C634] -> 0x0513
mem[X,0x8000C636] -> 0x5555
[1162] [M]: 0x8000C634 (0x55550513) addi a0, a0, 1365
x10 <- 0x55555555


mem[X,0x8000C638] -> 0xB5B7
mem[X,0x8000C63A] -> 0x0000
[1163] [M]: 0x8000C638 (0x0000B5B7) lui a1, 11
x11 <- 0x0000B000


mem[X,0x8000C63C] -> 0x8593
mem[X,0x8000C63E] -> 0x5045
[1164] [M]: 0x8000C63C (0x50458593) addi a1, a1, 1284
x11 <- 0x0000B504


mem[X,0x8000C640] -> 0x0113
mem[X,0x8000C642] -> 0x0000
[1165] [M]: 0x8000C640 (0x00000113) addi sp, zero, 0
x2 <- 0x00000000


mem[X,0x8000C644] -> 0x006F
mem[X,0x8000C646] -> 0x0050
[1166] [M]: 0x8000C644 (0x0050006F) jal zero, 2052


mem[X,0x8000CE48] -> 0x40E3
mem[X,0x8000CE4A] -> 0x80B5
[1167] [M]: 0x8000CE48 (0x80B540E3) blt a0, a1, 6144


mem[X,0x8000CE4C] -> 0x0113
mem[X,0x8000CE4E] -> 0x0021
[1168] [M]: 0x8000CE4C (0x00210113) addi sp, sp, 2
x2 <- 0x00000002


mem[X,0x8000CE50] -> 0x006F
mem[X,0x8000CE52] -> 0x00C0
[1169] [M]: 0x8000CE50 (0x00C0006F) jal zero, 12


mem[X,0x8000CE5C] -> 0xAC23
mem[X,0x8000CE5E] -> 0x1820
[1170] [M]: 0x8000CE5C (0x1820AC23) sw sp, 408(ra)
mem[0x80039300] <- 0x00000002


mem[X,0x8000CE60] -> 0x5537
mem[X,0x8000CE62] -> 0x5555
[1171] [M]: 0x8000CE60 (0x55555537) lui a0, 349525
x10 <- 0x55555000


mem[X,0x8000CE64] -> 0x0513
mem[X,0x8000CE66] -> 0x5555
[1172] [M]: 0x8000CE64 (0x55550513) addi a0, a0, 1365
x10 <- 0x55555555


mem[X,0x8000CE68] -> 0x0593
mem[X,0x8000CE6A] -> 0x0020
[1173] [M]: 0x8000CE68 (0x00200593) addi a1, zero, 2
x11 <- 0x00000002


mem[X,0x8000CE6C] -> 0x0113
mem[X,0x8000CE6E] -> 0x0000
[1174] [M]: 0x8000CE6C (0x00000113) addi sp, zero, 0
x2 <- 0x00000000


mem[X,0x8000CE70] -> 0x006F
mem[X,0x8000CE72] -> 0x00C0
[1175] [M]: 0x8000CE70 (0x00C0006F) jal zero, 12


mem[X,0x8000CE7C] -> 0x4CE3
mem[X,0x8000CE7E] -> 0xFEB5
[1176] [M]: 0x8000CE7C (0xFEB54CE3) blt a0, a1, 8184


mem[X,0x8000CE80] -> 0x0113
mem[X,0x8000CE82] -> 0x0021
[1177] [M]: 0x8000CE80 (0x00210113) addi sp, sp, 2
x2 <- 0x00000002


mem[X,0x8000CE84] -> 0x006F
mem[X,0x8000CE86] -> 0x00C0
[1178] [M]: 0x8000CE84 (0x00C0006F) jal zero, 12


mem[X,0x8000CE90] -> 0xAE23
mem[X,0x8000CE92] -> 0x1820
[1179] [M]: 0x8000CE90 (0x1820AE23) sw sp, 412(ra)
mem[0x80039304] <- 0x00000002


mem[X,0x8000CE94] -> 0x5537
mem[X,0x8000CE96] -> 0x5555
[1180] [M]: 0x8000CE94 (0x55555537) lui a0, 349525
x10 <- 0x55555000


mem[X,0x8000CE98] -> 0x0513
mem[X,0x8000CE9A] -> 0x5555
[1181] [M]: 0x8000CE98 (0x55550513) addi a0, a0, 1365
x10 <- 0x55555555


mem[X,0x8000CE9C] -> 0x55B7
mem[X,0x8000CE9E] -> 0x5555
[1182] [M]: 0x8000CE9C (0x555555B7) lui a1, 349525
x11 <- 0x55555000


mem[X,0x8000CEA0] -> 0x8593
mem[X,0x8000CEA2] -> 0x5545
[1183] [M]: 0x8000CEA0 (0x55458593) addi a1, a1, 1364
x11 <- 0x55555554


mem[X,0x8000CEA4] -> 0x0113
mem[X,0x8000CEA6] -> 0x0000
[1184] [M]: 0x8000CEA4 (0x00000113) addi sp, zero, 0
x2 <- 0x00000000


mem[X,0x8000CEA8] -> 0x006F
mem[X,0x8000CEAA] -> 0x00C0
[1185] [M]: 0x8000CEA8 (0x00C0006F) jal zero, 12


mem[X,0x8000CEB4] -> 0x4663
mem[X,0x8000CEB6] -> 0x00B5
[1186] [M]: 0x8000CEB4 (0x00B54663) blt a0, a1, 12


mem[X,0x8000CEB8] -> 0x0113
mem[X,0x8000CEBA] -> 0x0021
[1187] [M]: 0x8000CEB8 (0x00210113) addi sp, sp, 2
x2 <- 0x00000002


mem[X,0x8000CEBC] -> 0x006F
mem[X,0x8000CEBE] -> 0x00C0
[1188] [M]: 0x8000CEBC (0x00C0006F) jal zero, 12


mem[X,0x8000CEC8] -> 0xA023
mem[X,0x8000CECA] -> 0x1A20
[1189] [M]: 0x8000CEC8 (0x1A20A023) sw sp, 416(ra)
mem[0x80039308] <- 0x00000002


mem[X,0x8000CECC] -> 0x5537
mem[X,0x8000CECE] -> 0x5555
[1190] [M]: 0x8000CECC (0x55555537) lui a0, 349525
x10 <- 0x55555000


mem[X,0x8000CED0] -> 0x0513
mem[X,0x8000CED2] -> 0x5555
[1191] [M]: 0x8000CED0 (0x55550513) addi a0, a0, 1365
x10 <- 0x55555555


mem[X,0x8000CED4] -> 0x0593
mem[X,0x8000CED6] -> 0x0000
[1192] [M]: 0x8000CED4 (0x00000593) addi a1, zero, 0
x11 <- 0x00000000


mem[X,0x8000CED8] -> 0x0113
mem[X,0x8000CEDA] -> 0x0000
[1193] [M]: 0x8000CED8 (0x00000113) addi sp, zero, 0
x2 <- 0x00000000


mem[X,0x8000CEDC] -> 0x006F
mem[X,0x8000CEDE] -> 0x0050
[1194] [M]: 0x8000CEDC (0x0050006F) jal zero, 2052


mem[X,0x8000D6E0] -> 0x40E3
mem[X,0x8000D6E2] -> 0x80B5
[1195] [M]: 0x8000D6E0 (0x80B540E3) blt a0, a1, 6144


mem[X,0x8000D6E4] -> 0x0113
mem[X,0x8000D6E6] -> 0x0021
[1196] [M]: 0x8000D6E4 (0x00210113) addi sp, sp, 2
x2 <- 0x00000002


mem[X,0x8000D6E8] -> 0x006F
mem[X,0x8000D6EA] -> 0x00C0
[1197] [M]: 0x8000D6E8 (0x00C0006F) jal zero, 12


mem[X,0x8000D6F4] -> 0xA223
mem[X,0x8000D6F6] -> 0x1A20
[1198] [M]: 0x8000D6F4 (0x1A20A223) sw sp, 420(ra)
mem[0x8003930C] <- 0x00000002


mem[X,0x8000D6F8] -> 0x5537
mem[X,0x8000D6FA] -> 0x5555
[1199] [M]: 0x8000D6F8 (0x55555537) lui a0, 349525
x10 <- 0x55555000


clint::tick mtime <- 0x000000000000000C
 clint timer pending at mtime 0x000000000000000C
htif::tick 0x0000000000000000
mem[X,0x8000D6FC] -> 0x0513
mem[X,0x8000D6FE] -> 0x5555
[1200] [M]: 0x8000D6FC (0x55550513) addi a0, a0, 1365
x10 <- 0x55555555


mem[X,0x8000D700] -> 0x0593
mem[X,0x8000D702] -> 0x0040
[1201] [M]: 0x8000D700 (0x00400593) addi a1, zero, 4
x11 <- 0x00000004


mem[X,0x8000D704] -> 0x0113
mem[X,0x8000D706] -> 0x0000
[1202] [M]: 0x8000D704 (0x00000113) addi sp, zero, 0
x2 <- 0x00000000


mem[X,0x8000D708] -> 0x006F
mem[X,0x8000D70A] -> 0x0100
[1203] [M]: 0x8000D708 (0x0100006F) jal zero, 16


mem[X,0x8000D718] -> 0x4AE3
mem[X,0x8000D71A] -> 0xFEB5
[1204] [M]: 0x8000D718 (0xFEB54AE3) blt a0, a1, 8180


mem[X,0x8000D71C] -> 0x0113
mem[X,0x8000D71E] -> 0x0021
[1205] [M]: 0x8000D71C (0x00210113) addi sp, sp, 2
x2 <- 0x00000002


mem[X,0x8000D720] -> 0x006F
mem[X,0x8000D722] -> 0x00C0
[1206] [M]: 0x8000D720 (0x00C0006F) jal zero, 12


mem[X,0x8000D72C] -> 0xA423
mem[X,0x8000D72E] -> 0x1A20
[1207] [M]: 0x8000D72C (0x1A20A423) sw sp, 424(ra)
mem[0x80039310] <- 0x00000002


mem[X,0x8000D730] -> 0x5537
mem[X,0x8000D732] -> 0x5555
[1208] [M]: 0x8000D730 (0x55555537) lui a0, 349525
x10 <- 0x55555000


mem[X,0x8000D734] -> 0x0513
mem[X,0x8000D736] -> 0x5555
[1209] [M]: 0x8000D734 (0x55550513) addi a0, a0, 1365
x10 <- 0x55555555


mem[X,0x8000D738] -> 0x35B7
mem[X,0x8000D73A] -> 0x3333
[1210] [M]: 0x8000D738 (0x333335B7) lui a1, 209715
x11 <- 0x33333000


mem[X,0x8000D73C] -> 0x8593
mem[X,0x8000D73E] -> 0x3325
[1211] [M]: 0x8000D73C (0x33258593) addi a1, a1, 818
x11 <- 0x33333332


mem[X,0x8000D740] -> 0x0113
mem[X,0x8000D742] -> 0x0000
[1212] [M]: 0x8000D740 (0x00000113) addi sp, zero, 0
x2 <- 0x00000000


mem[X,0x8000D744] -> 0x006F
mem[X,0x8000D746] -> 0x0180
[1213] [M]: 0x8000D744 (0x0180006F) jal zero, 24


mem[X,0x8000D75C] -> 0x46E3
mem[X,0x8000D75E] -> 0xFEB5
[1214] [M]: 0x8000D75C (0xFEB546E3) blt a0, a1, 8172


mem[X,0x8000D760] -> 0x0113
mem[X,0x8000D762] -> 0x0021
[1215] [M]: 0x8000D760 (0x00210113) addi sp, sp, 2
x2 <- 0x00000002


mem[X,0x8000D764] -> 0x006F
mem[X,0x8000D766] -> 0x00C0
[1216] [M]: 0x8000D764 (0x00C0006F) jal zero, 12


mem[X,0x8000D770] -> 0xA623
mem[X,0x8000D772] -> 0x1A20
[1217] [M]: 0x8000D770 (0x1A20A623) sw sp, 428(ra)
mem[0x80039314] <- 0x00000002


mem[X,0x8000D774] -> 0x5537
mem[X,0x8000D776] -> 0x5555
[1218] [M]: 0x8000D774 (0x55555537) lui a0, 349525
x10 <- 0x55555000


mem[X,0x8000D778] -> 0x0513
mem[X,0x8000D77A] -> 0x5555
[1219] [M]: 0x8000D778 (0x55550513) addi a0, a0, 1365
x10 <- 0x55555555


mem[X,0x8000D77C] -> 0x65B7
mem[X,0x8000D77E] -> 0x6666
[1220] [M]: 0x8000D77C (0x666665B7) lui a1, 419430
x11 <- 0x66666000


mem[X,0x8000D780] -> 0x8593
mem[X,0x8000D782] -> 0x6655
[1221] [M]: 0x8000D780 (0x66558593) addi a1, a1, 1637
x11 <- 0x66666665


mem[X,0x8000D784] -> 0x0113
mem[X,0x8000D786] -> 0x0000
[1222] [M]: 0x8000D784 (0x00000113) addi sp, zero, 0
x2 <- 0x00000000


mem[X,0x8000D788] -> 0x006F
mem[X,0x8000D78A] -> 0x00C0
[1223] [M]: 0x8000D788 (0x00C0006F) jal zero, 12


mem[X,0x8000D794] -> 0x4663
mem[X,0x8000D796] -> 0x00B5
[1224] [M]: 0x8000D794 (0x00B54663) blt a0, a1, 12


mem[X,0x8000D7A0] -> 0x0113
mem[X,0x8000D7A2] -> 0x0031
[1225] [M]: 0x8000D7A0 (0x00310113) addi sp, sp, 3
x2 <- 0x00000003


mem[X,0x8000D7A4] -> 0x006F
mem[X,0x8000D7A6] -> 0x0040
[1226] [M]: 0x8000D7A4 (0x0040006F) jal zero, 4


mem[X,0x8000D7A8] -> 0xA823
mem[X,0x8000D7AA] -> 0x1A20
[1227] [M]: 0x8000D7A8 (0x1A20A823) sw sp, 432(ra)
mem[0x80039318] <- 0x00000003


mem[X,0x8000D7AC] -> 0x5537
mem[X,0x8000D7AE] -> 0x5555
[1228] [M]: 0x8000D7AC (0x55555537) lui a0, 349525
x10 <- 0x55555000


mem[X,0x8000D7B0] -> 0x0513
mem[X,0x8000D7B2] -> 0x5555
[1229] [M]: 0x8000D7B0 (0x55550513) addi a0, a0, 1365
x10 <- 0x55555555


mem[X,0x8000D7B4] -> 0xB5B7
mem[X,0x8000D7B6] -> 0x0000
[1230] [M]: 0x8000D7B4 (0x0000B5B7) lui a1, 11
x11 <- 0x0000B000


mem[X,0x8000D7B8] -> 0x8593
mem[X,0x8000D7BA] -> 0x5035
[1231] [M]: 0x8000D7B8 (0x50358593) addi a1, a1, 1283
x11 <- 0x0000B503


mem[X,0x8000D7BC] -> 0x0113
mem[X,0x8000D7BE] -> 0x0000
[1232] [M]: 0x8000D7BC (0x00000113) addi sp, zero, 0
x2 <- 0x00000000


mem[X,0x8000D7C0] -> 0x006F
mem[X,0x8000D7C2] -> 0x00C0
[1233] [M]: 0x8000D7C0 (0x00C0006F) jal zero, 12


mem[X,0x8000D7CC] -> 0x4063
mem[X,0x8000D7CE] -> 0x04B5
[1234] [M]: 0x8000D7CC (0x04B54063) blt a0, a1, 64


mem[X,0x8000D7D0] -> 0x0113
mem[X,0x8000D7D2] -> 0x0021
[1235] [M]: 0x8000D7D0 (0x00210113) addi sp, sp, 2
x2 <- 0x00000002


mem[X,0x8000D7D4] -> 0x006F
mem[X,0x8000D7D6] -> 0x0400
[1236] [M]: 0x8000D7D4 (0x0400006F) jal zero, 64


mem[X,0x8000D814] -> 0xAA23
mem[X,0x8000D816] -> 0x1A20
[1237] [M]: 0x8000D814 (0x1A20AA23) sw sp, 436(ra)
mem[0x8003931C] <- 0x00000002


mem[X,0x8000D818] -> 0x5537
mem[X,0x8000D81A] -> 0x5555
[1238] [M]: 0x8000D818 (0x55555537) lui a0, 349525
x10 <- 0x55555000


mem[X,0x8000D81C] -> 0x0513
mem[X,0x8000D81E] -> 0x5555
[1239] [M]: 0x8000D81C (0x55550513) addi a0, a0, 1365
x10 <- 0x55555555


mem[X,0x8000D820] -> 0x55B7
mem[X,0x8000D822] -> 0x5555
[1240] [M]: 0x8000D820 (0x555555B7) lui a1, 349525
x11 <- 0x55555000


mem[X,0x8000D824] -> 0x8593
mem[X,0x8000D826] -> 0x5565
[1241] [M]: 0x8000D824 (0x55658593) addi a1, a1, 1366
x11 <- 0x55555556


mem[X,0x8000D828] -> 0x0113
mem[X,0x8000D82A] -> 0x0000
[1242] [M]: 0x8000D828 (0x00000113) addi sp, zero, 0
x2 <- 0x00000000


mem[X,0x8000D82C] -> 0x006F
mem[X,0x8000D82E] -> 0x0140
[1243] [M]: 0x8000D82C (0x0140006F) jal zero, 20


mem[X,0x8000D840] -> 0x48E3
mem[X,0x8000D842] -> 0xFEB5
[1244] [M]: 0x8000D840 (0xFEB548E3) blt a0, a1, 8176


mem[X,0x8000D830] -> 0x0113
mem[X,0x8000D832] -> 0x0011
[1245] [M]: 0x8000D830 (0x00110113) addi sp, sp, 1
x2 <- 0x00000001


mem[X,0x8000D834] -> 0x006F
mem[X,0x8000D836] -> 0x0200
[1246] [M]: 0x8000D834 (0x0200006F) jal zero, 32


mem[X,0x8000D854] -> 0xAC23
mem[X,0x8000D856] -> 0x1A20
[1247] [M]: 0x8000D854 (0x1A20AC23) sw sp, 440(ra)
mem[0x80039320] <- 0x00000001


mem[X,0x8000D858] -> 0x5537
mem[X,0x8000D85A] -> 0x5555
[1248] [M]: 0x8000D858 (0x55555537) lui a0, 349525
x10 <- 0x55555000


mem[X,0x8000D85C] -> 0x0513
mem[X,0x8000D85E] -> 0x5555
[1249] [M]: 0x8000D85C (0x55550513) addi a0, a0, 1365
x10 <- 0x55555555


mem[X,0x8000D860] -> 0xB5B7
mem[X,0x8000D862] -> 0xAAAA
[1250] [M]: 0x8000D860 (0xAAAAB5B7) lui a1, 699051
x11 <- 0xAAAAB000


mem[X,0x8000D864] -> 0x8593
mem[X,0x8000D866] -> 0xAAB5
[1251] [M]: 0x8000D864 (0xAAB58593) addi a1, a1, 2731
x11 <- 0xAAAAAAAB


mem[X,0x8000D868] -> 0x0113
mem[X,0x8000D86A] -> 0x0000
[1252] [M]: 0x8000D868 (0x00000113) addi sp, zero, 0
x2 <- 0x00000000


mem[X,0x8000D86C] -> 0x006F
mem[X,0x8000D86E] -> 0x00C0
[1253] [M]: 0x8000D86C (0x00C0006F) jal zero, 12


mem[X,0x8000D878] -> 0x4063
mem[X,0x8000D87A] -> 0x40B5
[1254] [M]: 0x8000D878 (0x40B54063) blt a0, a1, 1024


mem[X,0x8000D87C] -> 0x0113
mem[X,0x8000D87E] -> 0x0021
[1255] [M]: 0x8000D87C (0x00210113) addi sp, sp, 2
x2 <- 0x00000002


mem[X,0x8000D880] -> 0x006F
mem[X,0x8000D882] -> 0x4000
[1256] [M]: 0x8000D880 (0x4000006F) jal zero, 1024


mem[X,0x8000DC80] -> 0xAE23
mem[X,0x8000DC82] -> 0x1A20
[1257] [M]: 0x8000DC80 (0x1A20AE23) sw sp, 444(ra)
mem[0x80039324] <- 0x00000002


mem[X,0x8000DC84] -> 0x5537
mem[X,0x8000DC86] -> 0x5555
[1258] [M]: 0x8000DC84 (0x55555537) lui a0, 349525
x10 <- 0x55555000


mem[X,0x8000DC88] -> 0x0513
mem[X,0x8000DC8A] -> 0x5555
[1259] [M]: 0x8000DC88 (0x55550513) addi a0, a0, 1365
x10 <- 0x55555555


mem[X,0x8000DC8C] -> 0x0593
mem[X,0x8000DC8E] -> 0x0060
[1260] [M]: 0x8000DC8C (0x00600593) addi a1, zero, 6
x11 <- 0x00000006


mem[X,0x8000DC90] -> 0x0113
mem[X,0x8000DC92] -> 0x0000
[1261] [M]: 0x8000DC90 (0x00000113) addi sp, zero, 0
x2 <- 0x00000000


mem[X,0x8000DC94] -> 0x006F
mem[X,0x8000DC96] -> 0x00C0
[1262] [M]: 0x8000DC94 (0x00C0006F) jal zero, 12


mem[X,0x8000DCA0] -> 0x4063
mem[X,0x8000DCA2] -> 0x02B5
[1263] [M]: 0x8000DCA0 (0x02B54063) blt a0, a1, 32


mem[X,0x8000DCA4] -> 0x0113
mem[X,0x8000DCA6] -> 0x0021
[1264] [M]: 0x8000DCA4 (0x00210113) addi sp, sp, 2
x2 <- 0x00000002


mem[X,0x8000DCA8] -> 0x006F
mem[X,0x8000DCAA] -> 0x0200
[1265] [M]: 0x8000DCA8 (0x0200006F) jal zero, 32


mem[X,0x8000DCC8] -> 0xA023
mem[X,0x8000DCCA] -> 0x1C20
[1266] [M]: 0x8000DCC8 (0x1C20A023) sw sp, 448(ra)
mem[0x80039328] <- 0x00000002


mem[X,0x8000DCCC] -> 0x5537
mem[X,0x8000DCCE] -> 0x5555
[1267] [M]: 0x8000DCCC (0x55555537) lui a0, 349525
x10 <- 0x55555000


mem[X,0x8000DCD0] -> 0x0513
mem[X,0x8000DCD2] -> 0x5555
[1268] [M]: 0x8000DCD0 (0x55550513) addi a0, a0, 1365
x10 <- 0x55555555


mem[X,0x8000DCD4] -> 0x35B7
mem[X,0x8000DCD6] -> 0x3333
[1269] [M]: 0x8000DCD4 (0x333335B7) lui a1, 209715
x11 <- 0x33333000


mem[X,0x8000DCD8] -> 0x8593
mem[X,0x8000DCDA] -> 0x3345
[1270] [M]: 0x8000DCD8 (0x33458593) addi a1, a1, 820
x11 <- 0x33333334


mem[X,0x8000DCDC] -> 0x0113
mem[X,0x8000DCDE] -> 0x0000
[1271] [M]: 0x8000DCDC (0x00000113) addi sp, zero, 0
x2 <- 0x00000000


mem[X,0x8000DCE0] -> 0x006F
mem[X,0x8000DCE2] -> 0x00C0
[1272] [M]: 0x8000DCE0 (0x00C0006F) jal zero, 12


mem[X,0x8000DCEC] -> 0x4CE3
mem[X,0x8000DCEE] -> 0xFEB5
[1273] [M]: 0x8000DCEC (0xFEB54CE3) blt a0, a1, 8184


mem[X,0x8000DCF0] -> 0x0113
mem[X,0x8000DCF2] -> 0x0021
[1274] [M]: 0x8000DCF0 (0x00210113) addi sp, sp, 2
x2 <- 0x00000002


mem[X,0x8000DCF4] -> 0x006F
mem[X,0x8000DCF6] -> 0x00C0
[1275] [M]: 0x8000DCF4 (0x00C0006F) jal zero, 12


mem[X,0x8000DD00] -> 0xA223
mem[X,0x8000DD02] -> 0x1C20
[1276] [M]: 0x8000DD00 (0x1C20A223) sw sp, 452(ra)
mem[0x8003932C] <- 0x00000002


mem[X,0x8000DD04] -> 0x5537
mem[X,0x8000DD06] -> 0x5555
[1277] [M]: 0x8000DD04 (0x55555537) lui a0, 349525
x10 <- 0x55555000


mem[X,0x8000DD08] -> 0x0513
mem[X,0x8000DD0A] -> 0x5555
[1278] [M]: 0x8000DD08 (0x55550513) addi a0, a0, 1365
x10 <- 0x55555555


mem[X,0x8000DD0C] -> 0x65B7
mem[X,0x8000DD0E] -> 0x6666
[1279] [M]: 0x8000DD0C (0x666665B7) lui a1, 419430
x11 <- 0x66666000


mem[X,0x8000DD10] -> 0x8593
mem[X,0x8000DD12] -> 0x6675
[1280] [M]: 0x8000DD10 (0x66758593) addi a1, a1, 1639
x11 <- 0x66666667


mem[X,0x8000DD14] -> 0x0113
mem[X,0x8000DD16] -> 0x0000
[1281] [M]: 0x8000DD14 (0x00000113) addi sp, zero, 0
x2 <- 0x00000000


mem[X,0x8000DD18] -> 0x006F
mem[X,0x8000DD1A] -> 0x00C0
[1282] [M]: 0x8000DD18 (0x00C0006F) jal zero, 12


mem[X,0x8000DD24] -> 0x4CE3
mem[X,0x8000DD26] -> 0xFEB5
[1283] [M]: 0x8000DD24 (0xFEB54CE3) blt a0, a1, 8184


mem[X,0x8000DD1C] -> 0x0113
mem[X,0x8000DD1E] -> 0x0011
[1284] [M]: 0x8000DD1C (0x00110113) addi sp, sp, 1
x2 <- 0x00000001


mem[X,0x8000DD20] -> 0x006F
mem[X,0x8000DD22] -> 0x0180
[1285] [M]: 0x8000DD20 (0x0180006F) jal zero, 24


mem[X,0x8000DD38] -> 0xA423
mem[X,0x8000DD3A] -> 0x1C20
[1286] [M]: 0x8000DD38 (0x1C20A423) sw sp, 456(ra)
mem[0x80039330] <- 0x00000001


mem[X,0x8000DD3C] -> 0x5537
mem[X,0x8000DD3E] -> 0x5555
[1287] [M]: 0x8000DD3C (0x55555537) lui a0, 349525
x10 <- 0x55555000


mem[X,0x8000DD40] -> 0x0513
mem[X,0x8000DD42] -> 0x5555
[1288] [M]: 0x8000DD40 (0x55550513) addi a0, a0, 1365
x10 <- 0x55555555


mem[X,0x8000DD44] -> 0x55B7
mem[X,0x8000DD46] -> 0xFFFF
[1289] [M]: 0x8000DD44 (0xFFFF55B7) lui a1, 1048565
x11 <- 0xFFFF5000


mem[X,0x8000DD48] -> 0x8593
mem[X,0x8000DD4A] -> 0xAFD5
[1290] [M]: 0x8000DD48 (0xAFD58593) addi a1, a1, 2813
x11 <- 0xFFFF4AFD


mem[X,0x8000DD4C] -> 0x0113
mem[X,0x8000DD4E] -> 0x0000
[1291] [M]: 0x8000DD4C (0x00000113) addi sp, zero, 0
x2 <- 0x00000000


mem[X,0x8000DD50] -> 0x006F
mem[X,0x8000DD52] -> 0x0100
[1292] [M]: 0x8000DD50 (0x0100006F) jal zero, 16


mem[X,0x8000DD60] -> 0x4AE3
mem[X,0x8000DD62] -> 0xFEB5
[1293] [M]: 0x8000DD60 (0xFEB54AE3) blt a0, a1, 8180


mem[X,0x8000DD64] -> 0x0113
mem[X,0x8000DD66] -> 0x0021
[1294] [M]: 0x8000DD64 (0x00210113) addi sp, sp, 2
x2 <- 0x00000002


mem[X,0x8000DD68] -> 0x006F
mem[X,0x8000DD6A] -> 0x00C0
[1295] [M]: 0x8000DD68 (0x00C0006F) jal zero, 12


mem[X,0x8000DD74] -> 0xA623
mem[X,0x8000DD76] -> 0x1C20
[1296] [M]: 0x8000DD74 (0x1C20A623) sw sp, 460(ra)
mem[0x80039334] <- 0x00000002


mem[X,0x8000DD78] -> 0x5537
mem[X,0x8000DD7A] -> 0x5555
[1297] [M]: 0x8000DD78 (0x55555537) lui a0, 349525
x10 <- 0x55555000


mem[X,0x8000DD7C] -> 0x0513
mem[X,0x8000DD7E] -> 0x5555
[1298] [M]: 0x8000DD7C (0x55550513) addi a0, a0, 1365
x10 <- 0x55555555


mem[X,0x8000DD80] -> 0xB5B7
mem[X,0x8000DD82] -> 0x0000
[1299] [M]: 0x8000DD80 (0x0000B5B7) lui a1, 11
x11 <- 0x0000B000


clint::tick mtime <- 0x000000000000000D
 clint timer pending at mtime 0x000000000000000D
htif::tick 0x0000000000000000
mem[X,0x8000DD84] -> 0x8593
mem[X,0x8000DD86] -> 0x5055
[1300] [M]: 0x8000DD84 (0x50558593) addi a1, a1, 1285
x11 <- 0x0000B505


mem[X,0x8000DD88] -> 0x0113
mem[X,0x8000DD8A] -> 0x0000
[1301] [M]: 0x8000DD88 (0x00000113) addi sp, zero, 0
x2 <- 0x00000000


mem[X,0x8000DD8C] -> 0x006F
mem[X,0x8000DD8E] -> 0x00C0
[1302] [M]: 0x8000DD8C (0x00C0006F) jal zero, 12


mem[X,0x8000DD98] -> 0x4063
mem[X,0x8000DD9A] -> 0x20B5
[1303] [M]: 0x8000DD98 (0x20B54063) blt a0, a1, 512


mem[X,0x8000DD9C] -> 0x0113
mem[X,0x8000DD9E] -> 0x0021
[1304] [M]: 0x8000DD9C (0x00210113) addi sp, sp, 2
x2 <- 0x00000002


mem[X,0x8000DDA0] -> 0x006F
mem[X,0x8000DDA2] -> 0x2000
[1305] [M]: 0x8000DDA0 (0x2000006F) jal zero, 512


mem[X,0x8000DFA0] -> 0xA823
mem[X,0x8000DFA2] -> 0x1C20
[1306] [M]: 0x8000DFA0 (0x1C20A823) sw sp, 464(ra)
mem[0x80039338] <- 0x00000002


mem[X,0x8000DFA4] -> 0xB537
mem[X,0x8000DFA6] -> 0xAAAA
[1307] [M]: 0x8000DFA4 (0xAAAAB537) lui a0, 699051
x10 <- 0xAAAAB000


mem[X,0x8000DFA8] -> 0x0513
mem[X,0x8000DFAA] -> 0xAAA5
[1308] [M]: 0x8000DFA8 (0xAAA50513) addi a0, a0, 2730
x10 <- 0xAAAAAAAA


mem[X,0x8000DFAC] -> 0x0593
mem[X,0x8000DFAE] -> 0x0030
[1309] [M]: 0x8000DFAC (0x00300593) addi a1, zero, 3
x11 <- 0x00000003


mem[X,0x8000DFB0] -> 0x0113
mem[X,0x8000DFB2] -> 0x0000
[1310] [M]: 0x8000DFB0 (0x00000113) addi sp, zero, 0
x2 <- 0x00000000


mem[X,0x8000DFB4] -> 0x006F
mem[X,0x8000DFB6] -> 0x00C0
[1311] [M]: 0x8000DFB4 (0x00C0006F) jal zero, 12


mem[X,0x8000DFC0] -> 0x4CE3
mem[X,0x8000DFC2] -> 0xFEB5
[1312] [M]: 0x8000DFC0 (0xFEB54CE3) blt a0, a1, 8184


mem[X,0x8000DFB8] -> 0x0113
mem[X,0x8000DFBA] -> 0x0011
[1313] [M]: 0x8000DFB8 (0x00110113) addi sp, sp, 1
x2 <- 0x00000001


mem[X,0x8000DFBC] -> 0x006F
mem[X,0x8000DFBE] -> 0x0180
[1314] [M]: 0x8000DFBC (0x0180006F) jal zero, 24


mem[X,0x8000DFD4] -> 0xAA23
mem[X,0x8000DFD6] -> 0x1C20
[1315] [M]: 0x8000DFD4 (0x1C20AA23) sw sp, 468(ra)
mem[0x8003933C] <- 0x00000001


mem[X,0x8000DFD8] -> 0xB537
mem[X,0x8000DFDA] -> 0xAAAA
[1316] [M]: 0x8000DFD8 (0xAAAAB537) lui a0, 699051
x10 <- 0xAAAAB000


mem[X,0x8000DFDC] -> 0x0513
mem[X,0x8000DFDE] -> 0xAAA5
[1317] [M]: 0x8000DFDC (0xAAA50513) addi a0, a0, 2730
x10 <- 0xAAAAAAAA


mem[X,0x8000DFE0] -> 0x55B7
mem[X,0x8000DFE2] -> 0x5555
[1318] [M]: 0x8000DFE0 (0x555555B7) lui a1, 349525
x11 <- 0x55555000


mem[X,0x8000DFE4] -> 0x8593
mem[X,0x8000DFE6] -> 0x5555
[1319] [M]: 0x8000DFE4 (0x55558593) addi a1, a1, 1365
x11 <- 0x55555555


mem[X,0x8000DFE8] -> 0x0113
mem[X,0x8000DFEA] -> 0x0000
[1320] [M]: 0x8000DFE8 (0x00000113) addi sp, zero, 0
x2 <- 0x00000000


mem[X,0x8000DFEC] -> 0x006F
mem[X,0x8000DFEE] -> 0x0050
[1321] [M]: 0x8000DFEC (0x0050006F) jal zero, 2052


mem[X,0x8000E7F0] -> 0x40E3
mem[X,0x8000E7F2] -> 0x80B5
[1322] [M]: 0x8000E7F0 (0x80B540E3) blt a0, a1, 6144


mem[X,0x8000DFF0] -> 0x0113
mem[X,0x8000DFF2] -> 0x0011
[1323] [M]: 0x8000DFF0 (0x00110113) addi sp, sp, 1
x2 <- 0x00000001


mem[X,0x8000DFF4] -> 0x006F
mem[X,0x8000DFF6] -> 0x0110
[1324] [M]: 0x8000DFF4 (0x0110006F) jal zero, 2064


mem[X,0x8000E804] -> 0xAC23
mem[X,0x8000E806] -> 0x1C20
[1325] [M]: 0x8000E804 (0x1C20AC23) sw sp, 472(ra)
mem[0x80039340] <- 0x00000001


mem[X,0x8000E808] -> 0xB537
mem[X,0x8000E80A] -> 0xAAAA
[1326] [M]: 0x8000E808 (0xAAAAB537) lui a0, 699051
x10 <- 0xAAAAB000


mem[X,0x8000E80C] -> 0x0513
mem[X,0x8000E80E] -> 0xAAA5
[1327] [M]: 0x8000E80C (0xAAA50513) addi a0, a0, 2730
x10 <- 0xAAAAAAAA


mem[X,0x8000E810] -> 0xB5B7
mem[X,0x8000E812] -> 0xAAAA
[1328] [M]: 0x8000E810 (0xAAAAB5B7) lui a1, 699051
x11 <- 0xAAAAB000


mem[X,0x8000E814] -> 0x8593
mem[X,0x8000E816] -> 0xAAA5
[1329] [M]: 0x8000E814 (0xAAA58593) addi a1, a1, 2730
x11 <- 0xAAAAAAAA


mem[X,0x8000E818] -> 0x0113
mem[X,0x8000E81A] -> 0x0000
[1330] [M]: 0x8000E818 (0x00000113) addi sp, zero, 0
x2 <- 0x00000000


mem[X,0x8000E81C] -> 0x006F
mem[X,0x8000E81E] -> 0x0140
[1331] [M]: 0x8000E81C (0x0140006F) jal zero, 20


mem[X,0x8000E830] -> 0x48E3
mem[X,0x8000E832] -> 0xFEB5
[1332] [M]: 0x8000E830 (0xFEB548E3) blt a0, a1, 8176


mem[X,0x8000E834] -> 0x0113
mem[X,0x8000E836] -> 0x0021
[1333] [M]: 0x8000E834 (0x00210113) addi sp, sp, 2
x2 <- 0x00000002


mem[X,0x8000E838] -> 0x006F
mem[X,0x8000E83A] -> 0x00C0
[1334] [M]: 0x8000E838 (0x00C0006F) jal zero, 12


mem[X,0x8000E844] -> 0xAE23
mem[X,0x8000E846] -> 0x1C20
[1335] [M]: 0x8000E844 (0x1C20AE23) sw sp, 476(ra)
mem[0x80039344] <- 0x00000002


mem[X,0x8000E848] -> 0xB537
mem[X,0x8000E84A] -> 0xAAAA
[1336] [M]: 0x8000E848 (0xAAAAB537) lui a0, 699051
x10 <- 0xAAAAB000


mem[X,0x8000E84C] -> 0x0513
mem[X,0x8000E84E] -> 0xAAA5
[1337] [M]: 0x8000E84C (0xAAA50513) addi a0, a0, 2730
x10 <- 0xAAAAAAAA


mem[X,0x8000E850] -> 0x0593
mem[X,0x8000E852] -> 0x0050
[1338] [M]: 0x8000E850 (0x00500593) addi a1, zero, 5
x11 <- 0x00000005


mem[X,0x8000E854] -> 0x0113
mem[X,0x8000E856] -> 0x0000
[1339] [M]: 0x8000E854 (0x00000113) addi sp, zero, 0
x2 <- 0x00000000


mem[X,0x8000E858] -> 0x006F
mem[X,0x8000E85A] -> 0x00C0
[1340] [M]: 0x8000E858 (0x00C0006F) jal zero, 12


mem[X,0x8000E864] -> 0x4863
mem[X,0x8000E866] -> 0x00B5
[1341] [M]: 0x8000E864 (0x00B54863) blt a0, a1, 16


mem[X,0x8000E874] -> 0x0113
mem[X,0x8000E876] -> 0x0031
[1342] [M]: 0x8000E874 (0x00310113) addi sp, sp, 3
x2 <- 0x00000003


mem[X,0x8000E878] -> 0x006F
mem[X,0x8000E87A] -> 0x0040
[1343] [M]: 0x8000E878 (0x0040006F) jal zero, 4


mem[X,0x8000E87C] -> 0xA023
mem[X,0x8000E87E] -> 0x1E20
[1344] [M]: 0x8000E87C (0x1E20A023) sw sp, 480(ra)
mem[0x80039348] <- 0x00000003


mem[X,0x8000E880] -> 0xB537
mem[X,0x8000E882] -> 0xAAAA
[1345] [M]: 0x8000E880 (0xAAAAB537) lui a0, 699051
x10 <- 0xAAAAB000


mem[X,0x8000E884] -> 0x0513
mem[X,0x8000E886] -> 0xAAA5
[1346] [M]: 0x8000E884 (0xAAA50513) addi a0, a0, 2730
x10 <- 0xAAAAAAAA


mem[X,0x8000E888] -> 0x35B7
mem[X,0x8000E88A] -> 0x3333
[1347] [M]: 0x8000E888 (0x333335B7) lui a1, 209715
x11 <- 0x33333000


mem[X,0x8000E88C] -> 0x8593
mem[X,0x8000E88E] -> 0x3335
[1348] [M]: 0x8000E88C (0x33358593) addi a1, a1, 819
x11 <- 0x33333333


mem[X,0x8000E890] -> 0x0113
mem[X,0x8000E892] -> 0x0000
[1349] [M]: 0x8000E890 (0x00000113) addi sp, zero, 0
x2 <- 0x00000000


mem[X,0x8000E894] -> 0x006F
mem[X,0x8000E896] -> 0x00C0
[1350] [M]: 0x8000E894 (0x00C0006F) jal zero, 12


mem[X,0x8000E8A0] -> 0x4CE3
mem[X,0x8000E8A2] -> 0xFEB5
[1351] [M]: 0x8000E8A0 (0xFEB54CE3) blt a0, a1, 8184


mem[X,0x8000E898] -> 0x0113
mem[X,0x8000E89A] -> 0x0011
[1352] [M]: 0x8000E898 (0x00110113) addi sp, sp, 1
x2 <- 0x00000001


mem[X,0x8000E89C] -> 0x006F
mem[X,0x8000E89E] -> 0x0180
[1353] [M]: 0x8000E89C (0x0180006F) jal zero, 24


mem[X,0x8000E8B4] -> 0xA223
mem[X,0x8000E8B6] -> 0x1E20
[1354] [M]: 0x8000E8B4 (0x1E20A223) sw sp, 484(ra)
mem[0x8003934C] <- 0x00000001


mem[X,0x8000E8B8] -> 0xB537
mem[X,0x8000E8BA] -> 0xAAAA
[1355] [M]: 0x8000E8B8 (0xAAAAB537) lui a0, 699051
x10 <- 0xAAAAB000


mem[X,0x8000E8BC] -> 0x0513
mem[X,0x8000E8BE] -> 0xAAA5
[1356] [M]: 0x8000E8BC (0xAAA50513) addi a0, a0, 2730
x10 <- 0xAAAAAAAA


mem[X,0x8000E8C0] -> 0x65B7
mem[X,0x8000E8C2] -> 0x6666
[1357] [M]: 0x8000E8C0 (0x666665B7) lui a1, 419430
x11 <- 0x66666000


mem[X,0x8000E8C4] -> 0x8593
mem[X,0x8000E8C6] -> 0x6665
[1358] [M]: 0x8000E8C4 (0x66658593) addi a1, a1, 1638
x11 <- 0x66666666


mem[X,0x8000E8C8] -> 0x0113
mem[X,0x8000E8CA] -> 0x0000
[1359] [M]: 0x8000E8C8 (0x00000113) addi sp, zero, 0
x2 <- 0x00000000


mem[X,0x8000E8CC] -> 0x006F
mem[X,0x8000E8CE] -> 0x0100
[1360] [M]: 0x8000E8CC (0x0100006F) jal zero, 16


mem[X,0x8000E8DC] -> 0x4AE3
mem[X,0x8000E8DE] -> 0xFEB5
[1361] [M]: 0x8000E8DC (0xFEB54AE3) blt a0, a1, 8180


mem[X,0x8000E8D0] -> 0x0113
mem[X,0x8000E8D2] -> 0x0011
[1362] [M]: 0x8000E8D0 (0x00110113) addi sp, sp, 1
x2 <- 0x00000001


mem[X,0x8000E8D4] -> 0x006F
mem[X,0x8000E8D6] -> 0x01C0
[1363] [M]: 0x8000E8D4 (0x01C0006F) jal zero, 28


mem[X,0x8000E8F0] -> 0xA423
mem[X,0x8000E8F2] -> 0x1E20
[1364] [M]: 0x8000E8F0 (0x1E20A423) sw sp, 488(ra)
mem[0x80039350] <- 0x00000001


mem[X,0x8000E8F4] -> 0xB537
mem[X,0x8000E8F6] -> 0xAAAA
[1365] [M]: 0x8000E8F4 (0xAAAAB537) lui a0, 699051
x10 <- 0xAAAAB000


mem[X,0x8000E8F8] -> 0x0513
mem[X,0x8000E8FA] -> 0xAAA5
[1366] [M]: 0x8000E8F8 (0xAAA50513) addi a0, a0, 2730
x10 <- 0xAAAAAAAA


mem[X,0x8000E8FC] -> 0x55B7
mem[X,0x8000E8FE] -> 0xFFFF
[1367] [M]: 0x8000E8FC (0xFFFF55B7) lui a1, 1048565
x11 <- 0xFFFF5000


mem[X,0x8000E900] -> 0x8593
mem[X,0x8000E902] -> 0xAFC5
[1368] [M]: 0x8000E900 (0xAFC58593) addi a1, a1, 2812
x11 <- 0xFFFF4AFC


mem[X,0x8000E904] -> 0x0113
mem[X,0x8000E906] -> 0x0000
[1369] [M]: 0x8000E904 (0x00000113) addi sp, zero, 0
x2 <- 0x00000000


mem[X,0x8000E908] -> 0x006F
mem[X,0x8000E90A] -> 0x00C0
[1370] [M]: 0x8000E908 (0x00C0006F) jal zero, 12


mem[X,0x8000E914] -> 0x4063
mem[X,0x8000E916] -> 0x08B5
[1371] [M]: 0x8000E914 (0x08B54063) blt a0, a1, 128


mem[X,0x8000E994] -> 0x0113
mem[X,0x8000E996] -> 0x0031
[1372] [M]: 0x8000E994 (0x00310113) addi sp, sp, 3
x2 <- 0x00000003


mem[X,0x8000E998] -> 0x006F
mem[X,0x8000E99A] -> 0x0040
[1373] [M]: 0x8000E998 (0x0040006F) jal zero, 4


mem[X,0x8000E99C] -> 0xA623
mem[X,0x8000E99E] -> 0x1E20
[1374] [M]: 0x8000E99C (0x1E20A623) sw sp, 492(ra)
mem[0x80039354] <- 0x00000003


mem[X,0x8000E9A0] -> 0xB537
mem[X,0x8000E9A2] -> 0xAAAA
[1375] [M]: 0x8000E9A0 (0xAAAAB537) lui a0, 699051
x10 <- 0xAAAAB000


mem[X,0x8000E9A4] -> 0x0513
mem[X,0x8000E9A6] -> 0xAAA5
[1376] [M]: 0x8000E9A4 (0xAAA50513) addi a0, a0, 2730
x10 <- 0xAAAAAAAA


mem[X,0x8000E9A8] -> 0xB5B7
mem[X,0x8000E9AA] -> 0x0000
[1377] [M]: 0x8000E9A8 (0x0000B5B7) lui a1, 11
x11 <- 0x0000B000


mem[X,0x8000E9AC] -> 0x8593
mem[X,0x8000E9AE] -> 0x5045
[1378] [M]: 0x8000E9AC (0x50458593) addi a1, a1, 1284
x11 <- 0x0000B504


mem[X,0x8000E9B0] -> 0x0113
mem[X,0x8000E9B2] -> 0x0000
[1379] [M]: 0x8000E9B0 (0x00000113) addi sp, zero, 0
x2 <- 0x00000000


mem[X,0x8000E9B4] -> 0x006F
mem[X,0x8000E9B6] -> 0x00C0
[1380] [M]: 0x8000E9B4 (0x00C0006F) jal zero, 12


mem[X,0x8000E9C0] -> 0x4063
mem[X,0x8000E9C2] -> 0x02B5
[1381] [M]: 0x8000E9C0 (0x02B54063) blt a0, a1, 32


mem[X,0x8000E9E0] -> 0x0113
mem[X,0x8000E9E2] -> 0x0031
[1382] [M]: 0x8000E9E0 (0x00310113) addi sp, sp, 3
x2 <- 0x00000003


mem[X,0x8000E9E4] -> 0x006F
mem[X,0x8000E9E6] -> 0x0040
[1383] [M]: 0x8000E9E4 (0x0040006F) jal zero, 4


mem[X,0x8000E9E8] -> 0xA823
mem[X,0x8000E9EA] -> 0x1E20
[1384] [M]: 0x8000E9E8 (0x1E20A823) sw sp, 496(ra)
mem[0x80039358] <- 0x00000003


mem[X,0x8000E9EC] -> 0xB537
mem[X,0x8000E9EE] -> 0xAAAA
[1385] [M]: 0x8000E9EC (0xAAAAB537) lui a0, 699051
x10 <- 0xAAAAB000


mem[X,0x8000E9F0] -> 0x0513
mem[X,0x8000E9F2] -> 0xAAA5
[1386] [M]: 0x8000E9F0 (0xAAA50513) addi a0, a0, 2730
x10 <- 0xAAAAAAAA


mem[X,0x8000E9F4] -> 0x0593
mem[X,0x8000E9F6] -> 0x0020
[1387] [M]: 0x8000E9F4 (0x00200593) addi a1, zero, 2
x11 <- 0x00000002


mem[X,0x8000E9F8] -> 0x0113
mem[X,0x8000E9FA] -> 0x0000
[1388] [M]: 0x8000E9F8 (0x00000113) addi sp, zero, 0
x2 <- 0x00000000


mem[X,0x8000E9FC] -> 0x006F
mem[X,0x8000E9FE] -> 0x0100
[1389] [M]: 0x8000E9FC (0x0100006F) jal zero, 16


mem[X,0x8000EA0C] -> 0x4AE3
mem[X,0x8000EA0E] -> 0xFEB5
[1390] [M]: 0x8000EA0C (0xFEB54AE3) blt a0, a1, 8180


mem[X,0x8000EA00] -> 0x0113
mem[X,0x8000EA02] -> 0x0011
[1391] [M]: 0x8000EA00 (0x00110113) addi sp, sp, 1
x2 <- 0x00000001


mem[X,0x8000EA04] -> 0x006F
mem[X,0x8000EA06] -> 0x01C0
[1392] [M]: 0x8000EA04 (0x01C0006F) jal zero, 28


mem[X,0x8000EA20] -> 0xAA23
mem[X,0x8000EA22] -> 0x1E20
[1393] [M]: 0x8000EA20 (0x1E20AA23) sw sp, 500(ra)
mem[0x8003935C] <- 0x00000001


mem[X,0x8000EA24] -> 0xB537
mem[X,0x8000EA26] -> 0xAAAA
[1394] [M]: 0x8000EA24 (0xAAAAB537) lui a0, 699051
x10 <- 0xAAAAB000


mem[X,0x8000EA28] -> 0x0513
mem[X,0x8000EA2A] -> 0xAAA5
[1395] [M]: 0x8000EA28 (0xAAA50513) addi a0, a0, 2730
x10 <- 0xAAAAAAAA


mem[X,0x8000EA2C] -> 0x55B7
mem[X,0x8000EA2E] -> 0x5555
[1396] [M]: 0x8000EA2C (0x555555B7) lui a1, 349525
x11 <- 0x55555000


mem[X,0x8000EA30] -> 0x8593
mem[X,0x8000EA32] -> 0x5545
[1397] [M]: 0x8000EA30 (0x55458593) addi a1, a1, 1364
x11 <- 0x55555554


mem[X,0x8000EA34] -> 0x0113
mem[X,0x8000EA36] -> 0x0000
[1398] [M]: 0x8000EA34 (0x00000113) addi sp, zero, 0
x2 <- 0x00000000


mem[X,0x8000EA38] -> 0x006F
mem[X,0x8000EA3A] -> 0x00C0
[1399] [M]: 0x8000EA38 (0x00C0006F) jal zero, 12


clint::tick mtime <- 0x000000000000000E
 clint timer pending at mtime 0x000000000000000E
htif::tick 0x0000000000000000
mem[X,0x8000EA44] -> 0x4063
mem[X,0x8000EA46] -> 0x02B5
[1400] [M]: 0x8000EA44 (0x02B54063) blt a0, a1, 32


mem[X,0x8000EA64] -> 0x0113
mem[X,0x8000EA66] -> 0x0031
[1401] [M]: 0x8000EA64 (0x00310113) addi sp, sp, 3
x2 <- 0x00000003


mem[X,0x8000EA68] -> 0x006F
mem[X,0x8000EA6A] -> 0x0040
[1402] [M]: 0x8000EA68 (0x0040006F) jal zero, 4


mem[X,0x8000EA6C] -> 0xAC23
mem[X,0x8000EA6E] -> 0x1E20
[1403] [M]: 0x8000EA6C (0x1E20AC23) sw sp, 504(ra)
mem[0x80039360] <- 0x00000003


mem[X,0x8000EA70] -> 0xB537
mem[X,0x8000EA72] -> 0xAAAA
[1404] [M]: 0x8000EA70 (0xAAAAB537) lui a0, 699051
x10 <- 0xAAAAB000


mem[X,0x8000EA74] -> 0x0513
mem[X,0x8000EA76] -> 0xAAA5
[1405] [M]: 0x8000EA74 (0xAAA50513) addi a0, a0, 2730
x10 <- 0xAAAAAAAA


mem[X,0x8000EA78] -> 0x0593
mem[X,0x8000EA7A] -> 0x0000
[1406] [M]: 0x8000EA78 (0x00000593) addi a1, zero, 0
x11 <- 0x00000000


mem[X,0x8000EA7C] -> 0x0113
mem[X,0x8000EA7E] -> 0x0000
[1407] [M]: 0x8000EA7C (0x00000113) addi sp, zero, 0
x2 <- 0x00000000


mem[X,0x8000EA80] -> 0x006F
mem[X,0x8000EA82] -> 0x00C0
[1408] [M]: 0x8000EA80 (0x00C0006F) jal zero, 12


mem[X,0x8000EA8C] -> 0x4663
mem[X,0x8000EA8E] -> 0x00B5
[1409] [M]: 0x8000EA8C (0x00B54663) blt a0, a1, 12


mem[X,0x8000EA98] -> 0x0113
mem[X,0x8000EA9A] -> 0x0031
[1410] [M]: 0x8000EA98 (0x00310113) addi sp, sp, 3
x2 <- 0x00000003


mem[X,0x8000EA9C] -> 0x006F
mem[X,0x8000EA9E] -> 0x0040
[1411] [M]: 0x8000EA9C (0x0040006F) jal zero, 4


mem[X,0x8000EAA0] -> 0xAE23
mem[X,0x8000EAA2] -> 0x1E20
[1412] [M]: 0x8000EAA0 (0x1E20AE23) sw sp, 508(ra)
mem[0x80039364] <- 0x00000003


mem[X,0x8000EAA4] -> 0xB537
mem[X,0x8000EAA6] -> 0xAAAA
[1413] [M]: 0x8000EAA4 (0xAAAAB537) lui a0, 699051
x10 <- 0xAAAAB000


mem[X,0x8000EAA8] -> 0x0513
mem[X,0x8000EAAA] -> 0xAAA5
[1414] [M]: 0x8000EAA8 (0xAAA50513) addi a0, a0, 2730
x10 <- 0xAAAAAAAA


mem[X,0x8000EAAC] -> 0x0593
mem[X,0x8000EAAE] -> 0x0040
[1415] [M]: 0x8000EAAC (0x00400593) addi a1, zero, 4
x11 <- 0x00000004


mem[X,0x8000EAB0] -> 0x0113
mem[X,0x8000EAB2] -> 0x0000
[1416] [M]: 0x8000EAB0 (0x00000113) addi sp, zero, 0
x2 <- 0x00000000


mem[X,0x8000EAB4] -> 0x006F
mem[X,0x8000EAB6] -> 0x00C0
[1417] [M]: 0x8000EAB4 (0x00C0006F) jal zero, 12


mem[X,0x8000EAC0] -> 0x4CE3
mem[X,0x8000EAC2] -> 0xFEB5
[1418] [M]: 0x8000EAC0 (0xFEB54CE3) blt a0, a1, 8184


mem[X,0x8000EAB8] -> 0x0113
mem[X,0x8000EABA] -> 0x0011
[1419] [M]: 0x8000EAB8 (0x00110113) addi sp, sp, 1
x2 <- 0x00000001


mem[X,0x8000EABC] -> 0x006F
mem[X,0x8000EABE] -> 0x0180
[1420] [M]: 0x8000EABC (0x0180006F) jal zero, 24


mem[X,0x8000EAD4] -> 0xA023
mem[X,0x8000EAD6] -> 0x2020
[1421] [M]: 0x8000EAD4 (0x2020A023) sw sp, 512(ra)
mem[0x80039368] <- 0x00000001


mem[X,0x8000EAD8] -> 0xB537
mem[X,0x8000EADA] -> 0xAAAA
[1422] [M]: 0x8000EAD8 (0xAAAAB537) lui a0, 699051
x10 <- 0xAAAAB000


mem[X,0x8000EADC] -> 0x0513
mem[X,0x8000EADE] -> 0xAAA5
[1423] [M]: 0x8000EADC (0xAAA50513) addi a0, a0, 2730
x10 <- 0xAAAAAAAA


mem[X,0x8000EAE0] -> 0x35B7
mem[X,0x8000EAE2] -> 0x3333
[1424] [M]: 0x8000EAE0 (0x333335B7) lui a1, 209715
x11 <- 0x33333000


mem[X,0x8000EAE4] -> 0x8593
mem[X,0x8000EAE6] -> 0x3325
[1425] [M]: 0x8000EAE4 (0x33258593) addi a1, a1, 818
x11 <- 0x33333332


mem[X,0x8000EAE8] -> 0x0113
mem[X,0x8000EAEA] -> 0x0000
[1426] [M]: 0x8000EAE8 (0x00000113) addi sp, zero, 0
x2 <- 0x00000000


mem[X,0x8000EAEC] -> 0x006F
mem[X,0x8000EAEE] -> 0x00C0
[1427] [M]: 0x8000EAEC (0x00C0006F) jal zero, 12


mem[X,0x8000EAF8] -> 0x4663
mem[X,0x8000EAFA] -> 0x00B5
[1428] [M]: 0x8000EAF8 (0x00B54663) blt a0, a1, 12


mem[X,0x8000EB04] -> 0x0113
mem[X,0x8000EB06] -> 0x0031
[1429] [M]: 0x8000EB04 (0x00310113) addi sp, sp, 3
x2 <- 0x00000003


mem[X,0x8000EB08] -> 0x006F
mem[X,0x8000EB0A] -> 0x0040
[1430] [M]: 0x8000EB08 (0x0040006F) jal zero, 4


mem[X,0x8000EB0C] -> 0xA223
mem[X,0x8000EB0E] -> 0x2020
[1431] [M]: 0x8000EB0C (0x2020A223) sw sp, 516(ra)
mem[0x8003936C] <- 0x00000003


mem[X,0x8000EB10] -> 0xB537
mem[X,0x8000EB12] -> 0xAAAA
[1432] [M]: 0x8000EB10 (0xAAAAB537) lui a0, 699051
x10 <- 0xAAAAB000


mem[X,0x8000EB14] -> 0x0513
mem[X,0x8000EB16] -> 0xAAA5
[1433] [M]: 0x8000EB14 (0xAAA50513) addi a0, a0, 2730
x10 <- 0xAAAAAAAA


mem[X,0x8000EB18] -> 0x65B7
mem[X,0x8000EB1A] -> 0x6666
[1434] [M]: 0x8000EB18 (0x666665B7) lui a1, 419430
x11 <- 0x66666000


mem[X,0x8000EB1C] -> 0x8593
mem[X,0x8000EB1E] -> 0x6655
[1435] [M]: 0x8000EB1C (0x66558593) addi a1, a1, 1637
x11 <- 0x66666665


mem[X,0x8000EB20] -> 0x0113
mem[X,0x8000EB22] -> 0x0000
[1436] [M]: 0x8000EB20 (0x00000113) addi sp, zero, 0
x2 <- 0x00000000


mem[X,0x8000EB24] -> 0x006F
mem[X,0x8000EB26] -> 0x00C0
[1437] [M]: 0x8000EB24 (0x00C0006F) jal zero, 12


mem[X,0x8000EB30] -> 0x4063
mem[X,0x8000EB32] -> 0x04B5
[1438] [M]: 0x8000EB30 (0x04B54063) blt a0, a1, 64


mem[X,0x8000EB70] -> 0x0113
mem[X,0x8000EB72] -> 0x0031
[1439] [M]: 0x8000EB70 (0x00310113) addi sp, sp, 3
x2 <- 0x00000003


mem[X,0x8000EB74] -> 0x006F
mem[X,0x8000EB76] -> 0x0040
[1440] [M]: 0x8000EB74 (0x0040006F) jal zero, 4


mem[X,0x8000EB78] -> 0xA423
mem[X,0x8000EB7A] -> 0x2020
[1441] [M]: 0x8000EB78 (0x2020A423) sw sp, 520(ra)
mem[0x80039370] <- 0x00000003


mem[X,0x8000EB7C] -> 0xB537
mem[X,0x8000EB7E] -> 0xAAAA
[1442] [M]: 0x8000EB7C (0xAAAAB537) lui a0, 699051
x10 <- 0xAAAAB000


mem[X,0x8000EB80] -> 0x0513
mem[X,0x8000EB82] -> 0xAAA5
[1443] [M]: 0x8000EB80 (0xAAA50513) addi a0, a0, 2730
x10 <- 0xAAAAAAAA


mem[X,0x8000EB84] -> 0xB5B7
mem[X,0x8000EB86] -> 0x0000
[1444] [M]: 0x8000EB84 (0x0000B5B7) lui a1, 11
x11 <- 0x0000B000


mem[X,0x8000EB88] -> 0x8593
mem[X,0x8000EB8A] -> 0x5035
[1445] [M]: 0x8000EB88 (0x50358593) addi a1, a1, 1283
x11 <- 0x0000B503


mem[X,0x8000EB8C] -> 0x0113
mem[X,0x8000EB8E] -> 0x0000
[1446] [M]: 0x8000EB8C (0x00000113) addi sp, zero, 0
x2 <- 0x00000000


mem[X,0x8000EB90] -> 0x006F
mem[X,0x8000EB92] -> 0x2B10
[1447] [M]: 0x8000EB90 (0x2B10006F) jal zero, 2736


mem[X,0x8000F640] -> 0x4A63
mem[X,0x8000F642] -> 0xD4B5
[1448] [M]: 0x8000F640 (0xD4B54A63) blt a0, a1, 5460


mem[X,0x8000EB94] -> 0x0113
mem[X,0x8000EB96] -> 0x0011
[1449] [M]: 0x8000EB94 (0x00110113) addi sp, sp, 1
x2 <- 0x00000001


mem[X,0x8000EB98] -> 0x006F
mem[X,0x8000EB9A] -> 0x2BD0
[1450] [M]: 0x8000EB98 (0x2BD0006F) jal zero, 2748


mem[X,0x8000F654] -> 0xA623
mem[X,0x8000F656] -> 0x2020
[1451] [M]: 0x8000F654 (0x2020A623) sw sp, 524(ra)
mem[0x80039374] <- 0x00000001


mem[X,0x8000F658] -> 0xB537
mem[X,0x8000F65A] -> 0xAAAA
[1452] [M]: 0x8000F658 (0xAAAAB537) lui a0, 699051
x10 <- 0xAAAAB000


mem[X,0x8000F65C] -> 0x0513
mem[X,0x8000F65E] -> 0xAAA5
[1453] [M]: 0x8000F65C (0xAAA50513) addi a0, a0, 2730
x10 <- 0xAAAAAAAA


mem[X,0x8000F660] -> 0x55B7
mem[X,0x8000F662] -> 0x5555
[1454] [M]: 0x8000F660 (0x555555B7) lui a1, 349525
x11 <- 0x55555000


mem[X,0x8000F664] -> 0x8593
mem[X,0x8000F666] -> 0x5565
[1455] [M]: 0x8000F664 (0x55658593) addi a1, a1, 1366
x11 <- 0x55555556


mem[X,0x8000F668] -> 0x0113
mem[X,0x8000F66A] -> 0x0000
[1456] [M]: 0x8000F668 (0x00000113) addi sp, zero, 0
x2 <- 0x00000000


mem[X,0x8000F66C] -> 0x006F
mem[X,0x8000F66E] -> 0x00C0
[1457] [M]: 0x8000F66C (0x00C0006F) jal zero, 12


mem[X,0x8000F678] -> 0x4CE3
mem[X,0x8000F67A] -> 0xFEB5
[1458] [M]: 0x8000F678 (0xFEB54CE3) blt a0, a1, 8184


mem[X,0x8000F670] -> 0x0113
mem[X,0x8000F672] -> 0x0011
[1459] [M]: 0x8000F670 (0x00110113) addi sp, sp, 1
x2 <- 0x00000001


mem[X,0x8000F674] -> 0x006F
mem[X,0x8000F676] -> 0x0180
[1460] [M]: 0x8000F674 (0x0180006F) jal zero, 24


mem[X,0x8000F68C] -> 0xA823
mem[X,0x8000F68E] -> 0x2020
[1461] [M]: 0x8000F68C (0x2020A823) sw sp, 528(ra)
mem[0x80039378] <- 0x00000001


mem[X,0x8000F690] -> 0xB537
mem[X,0x8000F692] -> 0xAAAA
[1462] [M]: 0x8000F690 (0xAAAAB537) lui a0, 699051
x10 <- 0xAAAAB000


mem[X,0x8000F694] -> 0x0513
mem[X,0x8000F696] -> 0xAAA5
[1463] [M]: 0x8000F694 (0xAAA50513) addi a0, a0, 2730
x10 <- 0xAAAAAAAA


mem[X,0x8000F698] -> 0xB5B7
mem[X,0x8000F69A] -> 0xAAAA
[1464] [M]: 0x8000F698 (0xAAAAB5B7) lui a1, 699051
x11 <- 0xAAAAB000


mem[X,0x8000F69C] -> 0x8593
mem[X,0x8000F69E] -> 0xAAB5
[1465] [M]: 0x8000F69C (0xAAB58593) addi a1, a1, 2731
x11 <- 0xAAAAAAAB


mem[X,0x8000F6A0] -> 0x0113
mem[X,0x8000F6A2] -> 0x0000
[1466] [M]: 0x8000F6A0 (0x00000113) addi sp, zero, 0
x2 <- 0x00000000


mem[X,0x8000F6A4] -> 0x006F
mem[X,0x8000F6A6] -> 0x00C0
[1467] [M]: 0x8000F6A4 (0x00C0006F) jal zero, 12


mem[X,0x8000F6B0] -> 0x4663
mem[X,0x8000F6B2] -> 0x00B5
[1468] [M]: 0x8000F6B0 (0x00B54663) blt a0, a1, 12


mem[X,0x8000F6BC] -> 0x0113
mem[X,0x8000F6BE] -> 0x0031
[1469] [M]: 0x8000F6BC (0x00310113) addi sp, sp, 3
x2 <- 0x00000003


mem[X,0x8000F6C0] -> 0x006F
mem[X,0x8000F6C2] -> 0x0040
[1470] [M]: 0x8000F6C0 (0x0040006F) jal zero, 4


mem[X,0x8000F6C4] -> 0xAA23
mem[X,0x8000F6C6] -> 0x2020
[1471] [M]: 0x8000F6C4 (0x2020AA23) sw sp, 532(ra)
mem[0x8003937C] <- 0x00000003


mem[X,0x8000F6C8] -> 0xB537
mem[X,0x8000F6CA] -> 0xAAAA
[1472] [M]: 0x8000F6C8 (0xAAAAB537) lui a0, 699051
x10 <- 0xAAAAB000


mem[X,0x8000F6CC] -> 0x0513
mem[X,0x8000F6CE] -> 0xAAA5
[1473] [M]: 0x8000F6CC (0xAAA50513) addi a0, a0, 2730
x10 <- 0xAAAAAAAA


mem[X,0x8000F6D0] -> 0x0593
mem[X,0x8000F6D2] -> 0x0060
[1474] [M]: 0x8000F6D0 (0x00600593) addi a1, zero, 6
x11 <- 0x00000006


mem[X,0x8000F6D4] -> 0x0113
mem[X,0x8000F6D6] -> 0x0000
[1475] [M]: 0x8000F6D4 (0x00000113) addi sp, zero, 0
x2 <- 0x00000000


mem[X,0x8000F6D8] -> 0x006F
mem[X,0x8000F6DA] -> 0x00C0
[1476] [M]: 0x8000F6D8 (0x00C0006F) jal zero, 12


mem[X,0x8000F6E4] -> 0x4CE3
mem[X,0x8000F6E6] -> 0xFEB5
[1477] [M]: 0x8000F6E4 (0xFEB54CE3) blt a0, a1, 8184


mem[X,0x8000F6DC] -> 0x0113
mem[X,0x8000F6DE] -> 0x0011
[1478] [M]: 0x8000F6DC (0x00110113) addi sp, sp, 1
x2 <- 0x00000001


mem[X,0x8000F6E0] -> 0x006F
mem[X,0x8000F6E2] -> 0x0180
[1479] [M]: 0x8000F6E0 (0x0180006F) jal zero, 24


mem[X,0x8000F6F8] -> 0xAC23
mem[X,0x8000F6FA] -> 0x2020
[1480] [M]: 0x8000F6F8 (0x2020AC23) sw sp, 536(ra)
mem[0x80039380] <- 0x00000001


mem[X,0x8000F6FC] -> 0xB537
mem[X,0x8000F6FE] -> 0xAAAA
[1481] [M]: 0x8000F6FC (0xAAAAB537) lui a0, 699051
x10 <- 0xAAAAB000


mem[X,0x8000F700] -> 0x0513
mem[X,0x8000F702] -> 0xAAA5
[1482] [M]: 0x8000F700 (0xAAA50513) addi a0, a0, 2730
x10 <- 0xAAAAAAAA


mem[X,0x8000F704] -> 0x35B7
mem[X,0x8000F706] -> 0x3333
[1483] [M]: 0x8000F704 (0x333335B7) lui a1, 209715
x11 <- 0x33333000


mem[X,0x8000F708] -> 0x8593
mem[X,0x8000F70A] -> 0x3345
[1484] [M]: 0x8000F708 (0x33458593) addi a1, a1, 820
x11 <- 0x33333334


mem[X,0x8000F70C] -> 0x0113
mem[X,0x8000F70E] -> 0x0000
[1485] [M]: 0x8000F70C (0x00000113) addi sp, zero, 0
x2 <- 0x00000000


mem[X,0x8000F710] -> 0x006F
mem[X,0x8000F712] -> 0x00C0
[1486] [M]: 0x8000F710 (0x00C0006F) jal zero, 12


mem[X,0x8000F71C] -> 0x4663
mem[X,0x8000F71E] -> 0x00B5
[1487] [M]: 0x8000F71C (0x00B54663) blt a0, a1, 12


mem[X,0x8000F728] -> 0x0113
mem[X,0x8000F72A] -> 0x0031
[1488] [M]: 0x8000F728 (0x00310113) addi sp, sp, 3
x2 <- 0x00000003


mem[X,0x8000F72C] -> 0x006F
mem[X,0x8000F72E] -> 0x0040
[1489] [M]: 0x8000F72C (0x0040006F) jal zero, 4


mem[X,0x8000F730] -> 0xAE23
mem[X,0x8000F732] -> 0x2020
[1490] [M]: 0x8000F730 (0x2020AE23) sw sp, 540(ra)
mem[0x80039384] <- 0x00000003


mem[X,0x8000F734] -> 0xB537
mem[X,0x8000F736] -> 0xAAAA
[1491] [M]: 0x8000F734 (0xAAAAB537) lui a0, 699051
x10 <- 0xAAAAB000


mem[X,0x8000F738] -> 0x0513
mem[X,0x8000F73A] -> 0xAAA5
[1492] [M]: 0x8000F738 (0xAAA50513) addi a0, a0, 2730
x10 <- 0xAAAAAAAA


mem[X,0x8000F73C] -> 0x65B7
mem[X,0x8000F73E] -> 0x6666
[1493] [M]: 0x8000F73C (0x666665B7) lui a1, 419430
x11 <- 0x66666000


mem[X,0x8000F740] -> 0x8593
mem[X,0x8000F742] -> 0x6675
[1494] [M]: 0x8000F740 (0x66758593) addi a1, a1, 1639
x11 <- 0x66666667


mem[X,0x8000F744] -> 0x0113
mem[X,0x8000F746] -> 0x0000
[1495] [M]: 0x8000F744 (0x00000113) addi sp, zero, 0
x2 <- 0x00000000


mem[X,0x8000F748] -> 0x006F
mem[X,0x8000F74A] -> 0x0180
[1496] [M]: 0x8000F748 (0x0180006F) jal zero, 24


mem[X,0x8000F760] -> 0x46E3
mem[X,0x8000F762] -> 0xFEB5
[1497] [M]: 0x8000F760 (0xFEB546E3) blt a0, a1, 8172


mem[X,0x8000F74C] -> 0x0113
mem[X,0x8000F74E] -> 0x0011
[1498] [M]: 0x8000F74C (0x00110113) addi sp, sp, 1
x2 <- 0x00000001


mem[X,0x8000F750] -> 0x006F
mem[X,0x8000F752] -> 0x0240
[1499] [M]: 0x8000F750 (0x0240006F) jal zero, 36


clint::tick mtime <- 0x000000000000000F
 clint timer pending at mtime 0x000000000000000F
htif::tick 0x0000000000000000
mem[X,0x8000F774] -> 0xA023
mem[X,0x8000F776] -> 0x2220
[1500] [M]: 0x8000F774 (0x2220A023) sw sp, 544(ra)
mem[0x80039388] <- 0x00000001


mem[X,0x8000F778] -> 0xB537
mem[X,0x8000F77A] -> 0xAAAA
[1501] [M]: 0x8000F778 (0xAAAAB537) lui a0, 699051
x10 <- 0xAAAAB000


mem[X,0x8000F77C] -> 0x0513
mem[X,0x8000F77E] -> 0xAAA5
[1502] [M]: 0x8000F77C (0xAAA50513) addi a0, a0, 2730
x10 <- 0xAAAAAAAA


mem[X,0x8000F780] -> 0x55B7
mem[X,0x8000F782] -> 0xFFFF
[1503] [M]: 0x8000F780 (0xFFFF55B7) lui a1, 1048565
x11 <- 0xFFFF5000


mem[X,0x8000F784] -> 0x8593
mem[X,0x8000F786] -> 0xAFD5
[1504] [M]: 0x8000F784 (0xAFD58593) addi a1, a1, 2813
x11 <- 0xFFFF4AFD


mem[X,0x8000F788] -> 0x0113
mem[X,0x8000F78A] -> 0x0000
[1505] [M]: 0x8000F788 (0x00000113) addi sp, zero, 0
x2 <- 0x00000000


mem[X,0x8000F78C] -> 0x006F
mem[X,0x8000F78E] -> 0x0140
[1506] [M]: 0x8000F78C (0x0140006F) jal zero, 20


mem[X,0x8000F7A0] -> 0x48E3
mem[X,0x8000F7A2] -> 0xFEB5
[1507] [M]: 0x8000F7A0 (0xFEB548E3) blt a0, a1, 8176


mem[X,0x8000F790] -> 0x0113
mem[X,0x8000F792] -> 0x0011
[1508] [M]: 0x8000F790 (0x00110113) addi sp, sp, 1
x2 <- 0x00000001


mem[X,0x8000F794] -> 0x006F
mem[X,0x8000F796] -> 0x0200
[1509] [M]: 0x8000F794 (0x0200006F) jal zero, 32


mem[X,0x8000F7B4] -> 0xA223
mem[X,0x8000F7B6] -> 0x2220
[1510] [M]: 0x8000F7B4 (0x2220A223) sw sp, 548(ra)
mem[0x8003938C] <- 0x00000001


mem[X,0x8000F7B8] -> 0xB537
mem[X,0x8000F7BA] -> 0xAAAA
[1511] [M]: 0x8000F7B8 (0xAAAAB537) lui a0, 699051
x10 <- 0xAAAAB000


mem[X,0x8000F7BC] -> 0x0513
mem[X,0x8000F7BE] -> 0xAAA5
[1512] [M]: 0x8000F7BC (0xAAA50513) addi a0, a0, 2730
x10 <- 0xAAAAAAAA


mem[X,0x8000F7C0] -> 0xB5B7
mem[X,0x8000F7C2] -> 0x0000
[1513] [M]: 0x8000F7C0 (0x0000B5B7) lui a1, 11
x11 <- 0x0000B000


mem[X,0x8000F7C4] -> 0x8593
mem[X,0x8000F7C6] -> 0x5055
[1514] [M]: 0x8000F7C4 (0x50558593) addi a1, a1, 1285
x11 <- 0x0000B505


mem[X,0x8000F7C8] -> 0x0113
mem[X,0x8000F7CA] -> 0x0000
[1515] [M]: 0x8000F7C8 (0x00000113) addi sp, zero, 0
x2 <- 0x00000000


mem[X,0x8000F7CC] -> 0x006F
mem[X,0x8000F7CE] -> 0x00C0
[1516] [M]: 0x8000F7CC (0x00C0006F) jal zero, 12


mem[X,0x8000F7D8] -> 0x4663
mem[X,0x8000F7DA] -> 0x00B5
[1517] [M]: 0x8000F7D8 (0x00B54663) blt a0, a1, 12


mem[X,0x8000F7E4] -> 0x0113
mem[X,0x8000F7E6] -> 0x0031
[1518] [M]: 0x8000F7E4 (0x00310113) addi sp, sp, 3
x2 <- 0x00000003


mem[X,0x8000F7E8] -> 0x006F
mem[X,0x8000F7EA] -> 0x0040
[1519] [M]: 0x8000F7E8 (0x0040006F) jal zero, 4


mem[X,0x8000F7EC] -> 0xA423
mem[X,0x8000F7EE] -> 0x2220
[1520] [M]: 0x8000F7EC (0x2220A423) sw sp, 552(ra)
mem[0x80039390] <- 0x00000003


mem[X,0x8000F7F0] -> 0x0513
mem[X,0x8000F7F2] -> 0x0050
[1521] [M]: 0x8000F7F0 (0x00500513) addi a0, zero, 5
x10 <- 0x00000005


mem[X,0x8000F7F4] -> 0x0593
mem[X,0x8000F7F6] -> 0x0030
[1522] [M]: 0x8000F7F4 (0x00300593) addi a1, zero, 3
x11 <- 0x00000003


mem[X,0x8000F7F8] -> 0x0113
mem[X,0x8000F7FA] -> 0x0000
[1523] [M]: 0x8000F7F8 (0x00000113) addi sp, zero, 0
x2 <- 0x00000000


mem[X,0x8000F7FC] -> 0x006F
mem[X,0x8000F7FE] -> 0x0140
[1524] [M]: 0x8000F7FC (0x0140006F) jal zero, 20


mem[X,0x8000F810] -> 0x48E3
mem[X,0x8000F812] -> 0xFEB5
[1525] [M]: 0x8000F810 (0xFEB548E3) blt a0, a1, 8176


mem[X,0x8000F814] -> 0x0113
mem[X,0x8000F816] -> 0x0021
[1526] [M]: 0x8000F814 (0x00210113) addi sp, sp, 2
x2 <- 0x00000002


mem[X,0x8000F818] -> 0x006F
mem[X,0x8000F81A] -> 0x00C0
[1527] [M]: 0x8000F818 (0x00C0006F) jal zero, 12


mem[X,0x8000F824] -> 0xA623
mem[X,0x8000F826] -> 0x2220
[1528] [M]: 0x8000F824 (0x2220A623) sw sp, 556(ra)
mem[0x80039394] <- 0x00000002


mem[X,0x8000F828] -> 0x0513
mem[X,0x8000F82A] -> 0x0050
[1529] [M]: 0x8000F828 (0x00500513) addi a0, zero, 5
x10 <- 0x00000005


mem[X,0x8000F82C] -> 0x55B7
mem[X,0x8000F82E] -> 0x5555
[1530] [M]: 0x8000F82C (0x555555B7) lui a1, 349525
x11 <- 0x55555000


mem[X,0x8000F830] -> 0x8593
mem[X,0x8000F832] -> 0x5555
[1531] [M]: 0x8000F830 (0x55558593) addi a1, a1, 1365
x11 <- 0x55555555


mem[X,0x8000F834] -> 0x0113
mem[X,0x8000F836] -> 0x0000
[1532] [M]: 0x8000F834 (0x00000113) addi sp, zero, 0
x2 <- 0x00000000


mem[X,0x8000F838] -> 0x006F
mem[X,0x8000F83A] -> 0x00C0
[1533] [M]: 0x8000F838 (0x00C0006F) jal zero, 12


mem[X,0x8000F844] -> 0x4063
mem[X,0x8000F846] -> 0x02B5
[1534] [M]: 0x8000F844 (0x02B54063) blt a0, a1, 32


mem[X,0x8000F864] -> 0x0113
mem[X,0x8000F866] -> 0x0031
[1535] [M]: 0x8000F864 (0x00310113) addi sp, sp, 3
x2 <- 0x00000003


mem[X,0x8000F868] -> 0x006F
mem[X,0x8000F86A] -> 0x0040
[1536] [M]: 0x8000F868 (0x0040006F) jal zero, 4


mem[X,0x8000F86C] -> 0xA823
mem[X,0x8000F86E] -> 0x2220
[1537] [M]: 0x8000F86C (0x2220A823) sw sp, 560(ra)
mem[0x80039398] <- 0x00000003


mem[X,0x8000F870] -> 0x0513
mem[X,0x8000F872] -> 0x0050
[1538] [M]: 0x8000F870 (0x00500513) addi a0, zero, 5
x10 <- 0x00000005


mem[X,0x8000F874] -> 0xB5B7
mem[X,0x8000F876] -> 0xAAAA
[1539] [M]: 0x8000F874 (0xAAAAB5B7) lui a1, 699051
x11 <- 0xAAAAB000


mem[X,0x8000F878] -> 0x8593
mem[X,0x8000F87A] -> 0xAAA5
[1540] [M]: 0x8000F878 (0xAAA58593) addi a1, a1, 2730
x11 <- 0xAAAAAAAA


mem[X,0x8000F87C] -> 0x0113
mem[X,0x8000F87E] -> 0x0000
[1541] [M]: 0x8000F87C (0x00000113) addi sp, zero, 0
x2 <- 0x00000000


mem[X,0x8000F880] -> 0x006F
mem[X,0x8000F882] -> 0x00C0
[1542] [M]: 0x8000F880 (0x00C0006F) jal zero, 12


mem[X,0x8000F88C] -> 0x4CE3
mem[X,0x8000F88E] -> 0xFEB5
[1543] [M]: 0x8000F88C (0xFEB54CE3) blt a0, a1, 8184


mem[X,0x8000F890] -> 0x0113
mem[X,0x8000F892] -> 0x0021
[1544] [M]: 0x8000F890 (0x00210113) addi sp, sp, 2
x2 <- 0x00000002


mem[X,0x8000F894] -> 0x006F
mem[X,0x8000F896] -> 0x00C0
[1545] [M]: 0x8000F894 (0x00C0006F) jal zero, 12


mem[X,0x8000F8A0] -> 0xAA23
mem[X,0x8000F8A2] -> 0x2220
[1546] [M]: 0x8000F8A0 (0x2220AA23) sw sp, 564(ra)
mem[0x8003939C] <- 0x00000002


mem[X,0x8000F8A4] -> 0x0513
mem[X,0x8000F8A6] -> 0x0050
[1547] [M]: 0x8000F8A4 (0x00500513) addi a0, zero, 5
x10 <- 0x00000005


mem[X,0x8000F8A8] -> 0x0593
mem[X,0x8000F8AA] -> 0x0050
[1548] [M]: 0x8000F8A8 (0x00500593) addi a1, zero, 5
x11 <- 0x00000005


mem[X,0x8000F8AC] -> 0x0113
mem[X,0x8000F8AE] -> 0x0000
[1549] [M]: 0x8000F8AC (0x00000113) addi sp, zero, 0
x2 <- 0x00000000


mem[X,0x8000F8B0] -> 0x006F
mem[X,0x8000F8B2] -> 0x00C0
[1550] [M]: 0x8000F8B0 (0x00C0006F) jal zero, 12


mem[X,0x8000F8BC] -> 0x4663
mem[X,0x8000F8BE] -> 0x00B5
[1551] [M]: 0x8000F8BC (0x00B54663) blt a0, a1, 12


mem[X,0x8000F8C0] -> 0x0113
mem[X,0x8000F8C2] -> 0x0021
[1552] [M]: 0x8000F8C0 (0x00210113) addi sp, sp, 2
x2 <- 0x00000002


mem[X,0x8000F8C4] -> 0x006F
mem[X,0x8000F8C6] -> 0x00C0
[1553] [M]: 0x8000F8C4 (0x00C0006F) jal zero, 12


mem[X,0x8000F8D0] -> 0xAC23
mem[X,0x8000F8D2] -> 0x2220
[1554] [M]: 0x8000F8D0 (0x2220AC23) sw sp, 568(ra)
mem[0x800393A0] <- 0x00000002


mem[X,0x8000F8D4] -> 0x0513
mem[X,0x8000F8D6] -> 0x0050
[1555] [M]: 0x8000F8D4 (0x00500513) addi a0, zero, 5
x10 <- 0x00000005


mem[X,0x8000F8D8] -> 0x35B7
mem[X,0x8000F8DA] -> 0x3333
[1556] [M]: 0x8000F8D8 (0x333335B7) lui a1, 209715
x11 <- 0x33333000


mem[X,0x8000F8DC] -> 0x8593
mem[X,0x8000F8DE] -> 0x3335
[1557] [M]: 0x8000F8DC (0x33358593) addi a1, a1, 819
x11 <- 0x33333333


mem[X,0x8000F8E0] -> 0x0113
mem[X,0x8000F8E2] -> 0x0000
[1558] [M]: 0x8000F8E0 (0x00000113) addi sp, zero, 0
x2 <- 0x00000000


mem[X,0x8000F8E4] -> 0x006F
mem[X,0x8000F8E6] -> 0x00C0
[1559] [M]: 0x8000F8E4 (0x00C0006F) jal zero, 12


mem[X,0x8000F8F0] -> 0x4CE3
mem[X,0x8000F8F2] -> 0xFEB5
[1560] [M]: 0x8000F8F0 (0xFEB54CE3) blt a0, a1, 8184


mem[X,0x8000F8E8] -> 0x0113
mem[X,0x8000F8EA] -> 0x0011
[1561] [M]: 0x8000F8E8 (0x00110113) addi sp, sp, 1
x2 <- 0x00000001


mem[X,0x8000F8EC] -> 0x006F
mem[X,0x8000F8EE] -> 0x0180
[1562] [M]: 0x8000F8EC (0x0180006F) jal zero, 24


mem[X,0x8000F904] -> 0xAE23
mem[X,0x8000F906] -> 0x2220
[1563] [M]: 0x8000F904 (0x2220AE23) sw sp, 572(ra)
mem[0x800393A4] <- 0x00000001


mem[X,0x8000F908] -> 0x0513
mem[X,0x8000F90A] -> 0x0050
[1564] [M]: 0x8000F908 (0x00500513) addi a0, zero, 5
x10 <- 0x00000005


mem[X,0x8000F90C] -> 0x65B7
mem[X,0x8000F90E] -> 0x6666
[1565] [M]: 0x8000F90C (0x666665B7) lui a1, 419430
x11 <- 0x66666000


mem[X,0x8000F910] -> 0x8593
mem[X,0x8000F912] -> 0x6665
[1566] [M]: 0x8000F910 (0x66658593) addi a1, a1, 1638
x11 <- 0x66666666


mem[X,0x8000F914] -> 0x0113
mem[X,0x8000F916] -> 0x0000
[1567] [M]: 0x8000F914 (0x00000113) addi sp, zero, 0
x2 <- 0x00000000


mem[X,0x8000F918] -> 0x006F
mem[X,0x8000F91A] -> 0x00C0
[1568] [M]: 0x8000F918 (0x00C0006F) jal zero, 12


mem[X,0x8000F924] -> 0x4663
mem[X,0x8000F926] -> 0x00B5
[1569] [M]: 0x8000F924 (0x00B54663) blt a0, a1, 12


mem[X,0x8000F930] -> 0x0113
mem[X,0x8000F932] -> 0x0031
[1570] [M]: 0x8000F930 (0x00310113) addi sp, sp, 3
x2 <- 0x00000003


mem[X,0x8000F934] -> 0x006F
mem[X,0x8000F936] -> 0x0040
[1571] [M]: 0x8000F934 (0x0040006F) jal zero, 4


mem[X,0x8000F938] -> 0xA023
mem[X,0x8000F93A] -> 0x2420
[1572] [M]: 0x8000F938 (0x2420A023) sw sp, 576(ra)
mem[0x800393A8] <- 0x00000003


mem[X,0x8000F93C] -> 0x0513
mem[X,0x8000F93E] -> 0x0050
[1573] [M]: 0x8000F93C (0x00500513) addi a0, zero, 5
x10 <- 0x00000005


mem[X,0x8000F940] -> 0x55B7
mem[X,0x8000F942] -> 0xFFFF
[1574] [M]: 0x8000F940 (0xFFFF55B7) lui a1, 1048565
x11 <- 0xFFFF5000


mem[X,0x8000F944] -> 0x8593
mem[X,0x8000F946] -> 0xAFC5
[1575] [M]: 0x8000F944 (0xAFC58593) addi a1, a1, 2812
x11 <- 0xFFFF4AFC


mem[X,0x8000F948] -> 0x0113
mem[X,0x8000F94A] -> 0x0000
[1576] [M]: 0x8000F948 (0x00000113) addi sp, zero, 0
x2 <- 0x00000000


mem[X,0x8000F94C] -> 0x006F
mem[X,0x8000F94E] -> 0x00C0
[1577] [M]: 0x8000F94C (0x00C0006F) jal zero, 12


mem[X,0x8000F958] -> 0x4CE3
mem[X,0x8000F95A] -> 0xFEB5
[1578] [M]: 0x8000F958 (0xFEB54CE3) blt a0, a1, 8184


mem[X,0x8000F95C] -> 0x0113
mem[X,0x8000F95E] -> 0x0021
[1579] [M]: 0x8000F95C (0x00210113) addi sp, sp, 2
x2 <- 0x00000002


mem[X,0x8000F960] -> 0x006F
mem[X,0x8000F962] -> 0x00C0
[1580] [M]: 0x8000F960 (0x00C0006F) jal zero, 12


mem[X,0x8000F96C] -> 0xA223
mem[X,0x8000F96E] -> 0x2420
[1581] [M]: 0x8000F96C (0x2420A223) sw sp, 580(ra)
mem[0x800393AC] <- 0x00000002


mem[X,0x8000F970] -> 0x0513
mem[X,0x8000F972] -> 0x0050
[1582] [M]: 0x8000F970 (0x00500513) addi a0, zero, 5
x10 <- 0x00000005


mem[X,0x8000F974] -> 0xB5B7
mem[X,0x8000F976] -> 0x0000
[1583] [M]: 0x8000F974 (0x0000B5B7) lui a1, 11
x11 <- 0x0000B000


mem[X,0x8000F978] -> 0x8593
mem[X,0x8000F97A] -> 0x5045
[1584] [M]: 0x8000F978 (0x50458593) addi a1, a1, 1284
x11 <- 0x0000B504


mem[X,0x8000F97C] -> 0x0113
mem[X,0x8000F97E] -> 0x0000
[1585] [M]: 0x8000F97C (0x00000113) addi sp, zero, 0
x2 <- 0x00000000


mem[X,0x8000F980] -> 0x006F
mem[X,0x8000F982] -> 0x00C0
[1586] [M]: 0x8000F980 (0x00C0006F) jal zero, 12


mem[X,0x8000F98C] -> 0x4663
mem[X,0x8000F98E] -> 0x00B5
[1587] [M]: 0x8000F98C (0x00B54663) blt a0, a1, 12


mem[X,0x8000F998] -> 0x0113
mem[X,0x8000F99A] -> 0x0031
[1588] [M]: 0x8000F998 (0x00310113) addi sp, sp, 3
x2 <- 0x00000003


mem[X,0x8000F99C] -> 0x006F
mem[X,0x8000F99E] -> 0x0040
[1589] [M]: 0x8000F99C (0x0040006F) jal zero, 4


mem[X,0x8000F9A0] -> 0xA423
mem[X,0x8000F9A2] -> 0x2420
[1590] [M]: 0x8000F9A0 (0x2420A423) sw sp, 584(ra)
mem[0x800393B0] <- 0x00000003


mem[X,0x8000F9A4] -> 0x0513
mem[X,0x8000F9A6] -> 0x0050
[1591] [M]: 0x8000F9A4 (0x00500513) addi a0, zero, 5
x10 <- 0x00000005


mem[X,0x8000F9A8] -> 0x0593
mem[X,0x8000F9AA] -> 0x0020
[1592] [M]: 0x8000F9A8 (0x00200593) addi a1, zero, 2
x11 <- 0x00000002


mem[X,0x8000F9AC] -> 0x0113
mem[X,0x8000F9AE] -> 0x0000
[1593] [M]: 0x8000F9AC (0x00000113) addi sp, zero, 0
x2 <- 0x00000000


mem[X,0x8000F9B0] -> 0x006F
mem[X,0x8000F9B2] -> 0x0100
[1594] [M]: 0x8000F9B0 (0x0100006F) jal zero, 16


mem[X,0x8000F9C0] -> 0x4AE3
mem[X,0x8000F9C2] -> 0xFEB5
[1595] [M]: 0x8000F9C0 (0xFEB54AE3) blt a0, a1, 8180


mem[X,0x8000F9C4] -> 0x0113
mem[X,0x8000F9C6] -> 0x0021
[1596] [M]: 0x8000F9C4 (0x00210113) addi sp, sp, 2
x2 <- 0x00000002


mem[X,0x8000F9C8] -> 0x006F
mem[X,0x8000F9CA] -> 0x00C0
[1597] [M]: 0x8000F9C8 (0x00C0006F) jal zero, 12


mem[X,0x8000F9D4] -> 0xA623
mem[X,0x8000F9D6] -> 0x2420
[1598] [M]: 0x8000F9D4 (0x2420A623) sw sp, 588(ra)
mem[0x800393B4] <- 0x00000002


mem[X,0x8000F9D8] -> 0x0513
mem[X,0x8000F9DA] -> 0x0050
[1599] [M]: 0x8000F9D8 (0x00500513) addi a0, zero, 5
x10 <- 0x00000005


clint::tick mtime <- 0x0000000000000010
 clint timer pending at mtime 0x0000000000000010
htif::tick 0x0000000000000000
mem[X,0x8000F9DC] -> 0x55B7
mem[X,0x8000F9DE] -> 0x5555
[1600] [M]: 0x8000F9DC (0x555555B7) lui a1, 349525
x11 <- 0x55555000


mem[X,0x8000F9E0] -> 0x8593
mem[X,0x8000F9E2] -> 0x5545
[1601] [M]: 0x8000F9E0 (0x55458593) addi a1, a1, 1364
x11 <- 0x55555554


mem[X,0x8000F9E4] -> 0x0113
mem[X,0x8000F9E6] -> 0x0000
[1602] [M]: 0x8000F9E4 (0x00000113) addi sp, zero, 0
x2 <- 0x00000000


mem[X,0x8000F9E8] -> 0x006F
mem[X,0x8000F9EA] -> 0x0140
[1603] [M]: 0x8000F9E8 (0x0140006F) jal zero, 20


mem[X,0x8000F9FC] -> 0x48E3
mem[X,0x8000F9FE] -> 0xFEB5
[1604] [M]: 0x8000F9FC (0xFEB548E3) blt a0, a1, 8176


mem[X,0x8000F9EC] -> 0x0113
mem[X,0x8000F9EE] -> 0x0011
[1605] [M]: 0x8000F9EC (0x00110113) addi sp, sp, 1
x2 <- 0x00000001


mem[X,0x8000F9F0] -> 0x006F
mem[X,0x8000F9F2] -> 0x0200
[1606] [M]: 0x8000F9F0 (0x0200006F) jal zero, 32


mem[X,0x8000FA10] -> 0xA823
mem[X,0x8000FA12] -> 0x2420
[1607] [M]: 0x8000FA10 (0x2420A823) sw sp, 592(ra)
mem[0x800393B8] <- 0x00000001


mem[X,0x8000FA14] -> 0x0513
mem[X,0x8000FA16] -> 0x0050
[1608] [M]: 0x8000FA14 (0x00500513) addi a0, zero, 5
x10 <- 0x00000005


mem[X,0x8000FA18] -> 0x0593
mem[X,0x8000FA1A] -> 0x0000
[1609] [M]: 0x8000FA18 (0x00000593) addi a1, zero, 0
x11 <- 0x00000000


mem[X,0x8000FA1C] -> 0x0113
mem[X,0x8000FA1E] -> 0x0000
[1610] [M]: 0x8000FA1C (0x00000113) addi sp, zero, 0
x2 <- 0x00000000


mem[X,0x8000FA20] -> 0x006F
mem[X,0x8000FA22] -> 0x0140
[1611] [M]: 0x8000FA20 (0x0140006F) jal zero, 20


mem[X,0x8000FA34] -> 0x48E3
mem[X,0x8000FA36] -> 0xFEB5
[1612] [M]: 0x8000FA34 (0xFEB548E3) blt a0, a1, 8176


mem[X,0x8000FA38] -> 0x0113
mem[X,0x8000FA3A] -> 0x0021
[1613] [M]: 0x8000FA38 (0x00210113) addi sp, sp, 2
x2 <- 0x00000002


mem[X,0x8000FA3C] -> 0x006F
mem[X,0x8000FA3E] -> 0x00C0
[1614] [M]: 0x8000FA3C (0x00C0006F) jal zero, 12


mem[X,0x8000FA48] -> 0xAA23
mem[X,0x8000FA4A] -> 0x2420
[1615] [M]: 0x8000FA48 (0x2420AA23) sw sp, 596(ra)
mem[0x800393BC] <- 0x00000002


mem[X,0x8000FA4C] -> 0x0513
mem[X,0x8000FA4E] -> 0x0050
[1616] [M]: 0x8000FA4C (0x00500513) addi a0, zero, 5
x10 <- 0x00000005


mem[X,0x8000FA50] -> 0x0593
mem[X,0x8000FA52] -> 0x0040
[1617] [M]: 0x8000FA50 (0x00400593) addi a1, zero, 4
x11 <- 0x00000004


mem[X,0x8000FA54] -> 0x0113
mem[X,0x8000FA56] -> 0x0000
[1618] [M]: 0x8000FA54 (0x00000113) addi sp, zero, 0
x2 <- 0x00000000


mem[X,0x8000FA58] -> 0x006F
mem[X,0x8000FA5A] -> 0x00C0
[1619] [M]: 0x8000FA58 (0x00C0006F) jal zero, 12


mem[X,0x8000FA64] -> 0x4663
mem[X,0x8000FA66] -> 0x00B5
[1620] [M]: 0x8000FA64 (0x00B54663) blt a0, a1, 12


mem[X,0x8000FA68] -> 0x0113
mem[X,0x8000FA6A] -> 0x0021
[1621] [M]: 0x8000FA68 (0x00210113) addi sp, sp, 2
x2 <- 0x00000002


mem[X,0x8000FA6C] -> 0x006F
mem[X,0x8000FA6E] -> 0x00C0
[1622] [M]: 0x8000FA6C (0x00C0006F) jal zero, 12


mem[X,0x8000FA78] -> 0xAC23
mem[X,0x8000FA7A] -> 0x2420
[1623] [M]: 0x8000FA78 (0x2420AC23) sw sp, 600(ra)
mem[0x800393C0] <- 0x00000002


mem[X,0x8000FA7C] -> 0x0513
mem[X,0x8000FA7E] -> 0x0050
[1624] [M]: 0x8000FA7C (0x00500513) addi a0, zero, 5
x10 <- 0x00000005


mem[X,0x8000FA80] -> 0x35B7
mem[X,0x8000FA82] -> 0x3333
[1625] [M]: 0x8000FA80 (0x333335B7) lui a1, 209715
x11 <- 0x33333000


mem[X,0x8000FA84] -> 0x8593
mem[X,0x8000FA86] -> 0x3325
[1626] [M]: 0x8000FA84 (0x33258593) addi a1, a1, 818
x11 <- 0x33333332


mem[X,0x8000FA88] -> 0x0113
mem[X,0x8000FA8A] -> 0x0000
[1627] [M]: 0x8000FA88 (0x00000113) addi sp, zero, 0
x2 <- 0x00000000


mem[X,0x8000FA8C] -> 0x006F
mem[X,0x8000FA8E] -> 0x00C0
[1628] [M]: 0x8000FA8C (0x00C0006F) jal zero, 12


mem[X,0x8000FA98] -> 0x4063
mem[X,0x8000FA9A] -> 0x02B5
[1629] [M]: 0x8000FA98 (0x02B54063) blt a0, a1, 32


mem[X,0x8000FAB8] -> 0x0113
mem[X,0x8000FABA] -> 0x0031
[1630] [M]: 0x8000FAB8 (0x00310113) addi sp, sp, 3
x2 <- 0x00000003


mem[X,0x8000FABC] -> 0x006F
mem[X,0x8000FABE] -> 0x0040
[1631] [M]: 0x8000FABC (0x0040006F) jal zero, 4


mem[X,0x8000FAC0] -> 0xAE23
mem[X,0x8000FAC2] -> 0x2420
[1632] [M]: 0x8000FAC0 (0x2420AE23) sw sp, 604(ra)
mem[0x800393C4] <- 0x00000003


mem[X,0x8000FAC4] -> 0x0513
mem[X,0x8000FAC6] -> 0x0050
[1633] [M]: 0x8000FAC4 (0x00500513) addi a0, zero, 5
x10 <- 0x00000005


mem[X,0x8000FAC8] -> 0x65B7
mem[X,0x8000FACA] -> 0x6666
[1634] [M]: 0x8000FAC8 (0x666665B7) lui a1, 419430
x11 <- 0x66666000


mem[X,0x8000FACC] -> 0x8593
mem[X,0x8000FACE] -> 0x6655
[1635] [M]: 0x8000FACC (0x66558593) addi a1, a1, 1637
x11 <- 0x66666665


mem[X,0x8000FAD0] -> 0x0113
mem[X,0x8000FAD2] -> 0x0000
[1636] [M]: 0x8000FAD0 (0x00000113) addi sp, zero, 0
x2 <- 0x00000000


mem[X,0x8000FAD4] -> 0x006F
mem[X,0x8000FAD6] -> 0x00C0
[1637] [M]: 0x8000FAD4 (0x00C0006F) jal zero, 12


mem[X,0x8000FAE0] -> 0x4663
mem[X,0x8000FAE2] -> 0x00B5
[1638] [M]: 0x8000FAE0 (0x00B54663) blt a0, a1, 12


mem[X,0x8000FAEC] -> 0x0113
mem[X,0x8000FAEE] -> 0x0031
[1639] [M]: 0x8000FAEC (0x00310113) addi sp, sp, 3
x2 <- 0x00000003


mem[X,0x8000FAF0] -> 0x006F
mem[X,0x8000FAF2] -> 0x0040
[1640] [M]: 0x8000FAF0 (0x0040006F) jal zero, 4


mem[X,0x8000FAF4] -> 0xA023
mem[X,0x8000FAF6] -> 0x2620
[1641] [M]: 0x8000FAF4 (0x2620A023) sw sp, 608(ra)
mem[0x800393C8] <- 0x00000003


mem[X,0x8000FAF8] -> 0x0513
mem[X,0x8000FAFA] -> 0x0050
[1642] [M]: 0x8000FAF8 (0x00500513) addi a0, zero, 5
x10 <- 0x00000005


mem[X,0x8000FAFC] -> 0xB5B7
mem[X,0x8000FAFE] -> 0x0000
[1643] [M]: 0x8000FAFC (0x0000B5B7) lui a1, 11
x11 <- 0x0000B000


mem[X,0x8000FB00] -> 0x8593
mem[X,0x8000FB02] -> 0x5035
[1644] [M]: 0x8000FB00 (0x50358593) addi a1, a1, 1283
x11 <- 0x0000B503


mem[X,0x8000FB04] -> 0x0113
mem[X,0x8000FB06] -> 0x0000
[1645] [M]: 0x8000FB04 (0x00000113) addi sp, zero, 0
x2 <- 0x00000000


mem[X,0x8000FB08] -> 0x006F
mem[X,0x8000FB0A] -> 0x00C0
[1646] [M]: 0x8000FB08 (0x00C0006F) jal zero, 12


mem[X,0x8000FB14] -> 0x4063
mem[X,0x8000FB16] -> 0x04B5
[1647] [M]: 0x8000FB14 (0x04B54063) blt a0, a1, 64


mem[X,0x8000FB54] -> 0x0113
mem[X,0x8000FB56] -> 0x0031
[1648] [M]: 0x8000FB54 (0x00310113) addi sp, sp, 3
x2 <- 0x00000003


mem[X,0x8000FB58] -> 0x006F
mem[X,0x8000FB5A] -> 0x0040
[1649] [M]: 0x8000FB58 (0x0040006F) jal zero, 4


mem[X,0x8000FB5C] -> 0xA223
mem[X,0x8000FB5E] -> 0x2620
[1650] [M]: 0x8000FB5C (0x2620A223) sw sp, 612(ra)
mem[0x800393CC] <- 0x00000003


mem[X,0x8000FB60] -> 0x0513
mem[X,0x8000FB62] -> 0x0050
[1651] [M]: 0x8000FB60 (0x00500513) addi a0, zero, 5
x10 <- 0x00000005


mem[X,0x8000FB64] -> 0x55B7
mem[X,0x8000FB66] -> 0x5555
[1652] [M]: 0x8000FB64 (0x555555B7) lui a1, 349525
x11 <- 0x55555000


mem[X,0x8000FB68] -> 0x8593
mem[X,0x8000FB6A] -> 0x5565
[1653] [M]: 0x8000FB68 (0x55658593) addi a1, a1, 1366
x11 <- 0x55555556


mem[X,0x8000FB6C] -> 0x0113
mem[X,0x8000FB6E] -> 0x0000
[1654] [M]: 0x8000FB6C (0x00000113) addi sp, zero, 0
x2 <- 0x00000000


mem[X,0x8000FB70] -> 0x006F
mem[X,0x8000FB72] -> 0x0050
[1655] [M]: 0x8000FB70 (0x0050006F) jal zero, 2052


mem[X,0x80010374] -> 0x40E3
mem[X,0x80010376] -> 0x80B5
[1656] [M]: 0x80010374 (0x80B540E3) blt a0, a1, 6144


mem[X,0x8000FB74] -> 0x0113
mem[X,0x8000FB76] -> 0x0011
[1657] [M]: 0x8000FB74 (0x00110113) addi sp, sp, 1
x2 <- 0x00000001


mem[X,0x8000FB78] -> 0x006F
mem[X,0x8000FB7A] -> 0x0110
[1658] [M]: 0x8000FB78 (0x0110006F) jal zero, 2064


mem[X,0x80010388] -> 0xA423
mem[X,0x8001038A] -> 0x2620
[1659] [M]: 0x80010388 (0x2620A423) sw sp, 616(ra)
mem[0x800393D0] <- 0x00000001


mem[X,0x8001038C] -> 0x0513
mem[X,0x8001038E] -> 0x0050
[1660] [M]: 0x8001038C (0x00500513) addi a0, zero, 5
x10 <- 0x00000005


mem[X,0x80010390] -> 0xB5B7
mem[X,0x80010392] -> 0xAAAA
[1661] [M]: 0x80010390 (0xAAAAB5B7) lui a1, 699051
x11 <- 0xAAAAB000


mem[X,0x80010394] -> 0x8593
mem[X,0x80010396] -> 0xAAB5
[1662] [M]: 0x80010394 (0xAAB58593) addi a1, a1, 2731
x11 <- 0xAAAAAAAB


mem[X,0x80010398] -> 0x0113
mem[X,0x8001039A] -> 0x0000
[1663] [M]: 0x80010398 (0x00000113) addi sp, zero, 0
x2 <- 0x00000000


mem[X,0x8001039C] -> 0x006F
mem[X,0x8001039E] -> 0x00C0
[1664] [M]: 0x8001039C (0x00C0006F) jal zero, 12


mem[X,0x800103A8] -> 0x4CE3
mem[X,0x800103AA] -> 0xFEB5
[1665] [M]: 0x800103A8 (0xFEB54CE3) blt a0, a1, 8184


mem[X,0x800103AC] -> 0x0113
mem[X,0x800103AE] -> 0x0021
[1666] [M]: 0x800103AC (0x00210113) addi sp, sp, 2
x2 <- 0x00000002


mem[X,0x800103B0] -> 0x006F
mem[X,0x800103B2] -> 0x00C0
[1667] [M]: 0x800103B0 (0x00C0006F) jal zero, 12


mem[X,0x800103BC] -> 0xA623
mem[X,0x800103BE] -> 0x2620
[1668] [M]: 0x800103BC (0x2620A623) sw sp, 620(ra)
mem[0x800393D4] <- 0x00000002


mem[X,0x800103C0] -> 0x0513
mem[X,0x800103C2] -> 0x0050
[1669] [M]: 0x800103C0 (0x00500513) addi a0, zero, 5
x10 <- 0x00000005


mem[X,0x800103C4] -> 0x0593
mem[X,0x800103C6] -> 0x0060
[1670] [M]: 0x800103C4 (0x00600593) addi a1, zero, 6
x11 <- 0x00000006


mem[X,0x800103C8] -> 0x0113
mem[X,0x800103CA] -> 0x0000
[1671] [M]: 0x800103C8 (0x00000113) addi sp, zero, 0
x2 <- 0x00000000


mem[X,0x800103CC] -> 0x006F
mem[X,0x800103CE] -> 0x00C0
[1672] [M]: 0x800103CC (0x00C0006F) jal zero, 12


mem[X,0x800103D8] -> 0x4863
mem[X,0x800103DA] -> 0x00B5
[1673] [M]: 0x800103D8 (0x00B54863) blt a0, a1, 16


mem[X,0x800103E8] -> 0x0113
mem[X,0x800103EA] -> 0x0031
[1674] [M]: 0x800103E8 (0x00310113) addi sp, sp, 3
x2 <- 0x00000003


mem[X,0x800103EC] -> 0x006F
mem[X,0x800103EE] -> 0x0040
[1675] [M]: 0x800103EC (0x0040006F) jal zero, 4


mem[X,0x800103F0] -> 0xA823
mem[X,0x800103F2] -> 0x2620
[1676] [M]: 0x800103F0 (0x2620A823) sw sp, 624(ra)
mem[0x800393D8] <- 0x00000003


mem[X,0x800103F4] -> 0x0513
mem[X,0x800103F6] -> 0x0050
[1677] [M]: 0x800103F4 (0x00500513) addi a0, zero, 5
x10 <- 0x00000005


mem[X,0x800103F8] -> 0x35B7
mem[X,0x800103FA] -> 0x3333
[1678] [M]: 0x800103F8 (0x333335B7) lui a1, 209715
x11 <- 0x33333000


mem[X,0x800103FC] -> 0x8593
mem[X,0x800103FE] -> 0x3345
[1679] [M]: 0x800103FC (0x33458593) addi a1, a1, 820
x11 <- 0x33333334


mem[X,0x80010400] -> 0x0113
mem[X,0x80010402] -> 0x0000
[1680] [M]: 0x80010400 (0x00000113) addi sp, zero, 0
x2 <- 0x00000000


mem[X,0x80010404] -> 0x006F
mem[X,0x80010406] -> 0x00C0
[1681] [M]: 0x80010404 (0x00C0006F) jal zero, 12


mem[X,0x80010410] -> 0x4CE3
mem[X,0x80010412] -> 0xFEB5
[1682] [M]: 0x80010410 (0xFEB54CE3) blt a0, a1, 8184


mem[X,0x80010408] -> 0x0113
mem[X,0x8001040A] -> 0x0011
[1683] [M]: 0x80010408 (0x00110113) addi sp, sp, 1
x2 <- 0x00000001


mem[X,0x8001040C] -> 0x006F
mem[X,0x8001040E] -> 0x0180
[1684] [M]: 0x8001040C (0x0180006F) jal zero, 24


mem[X,0x80010424] -> 0xAA23
mem[X,0x80010426] -> 0x2620
[1685] [M]: 0x80010424 (0x2620AA23) sw sp, 628(ra)
mem[0x800393DC] <- 0x00000001


mem[X,0x80010428] -> 0x0513
mem[X,0x8001042A] -> 0x0050
[1686] [M]: 0x80010428 (0x00500513) addi a0, zero, 5
x10 <- 0x00000005


mem[X,0x8001042C] -> 0x65B7
mem[X,0x8001042E] -> 0x6666
[1687] [M]: 0x8001042C (0x666665B7) lui a1, 419430
x11 <- 0x66666000


mem[X,0x80010430] -> 0x8593
mem[X,0x80010432] -> 0x6675
[1688] [M]: 0x80010430 (0x66758593) addi a1, a1, 1639
x11 <- 0x66666667


mem[X,0x80010434] -> 0x0113
mem[X,0x80010436] -> 0x0000
[1689] [M]: 0x80010434 (0x00000113) addi sp, zero, 0
x2 <- 0x00000000


mem[X,0x80010438] -> 0x006F
mem[X,0x8001043A] -> 0x00C0
[1690] [M]: 0x80010438 (0x00C0006F) jal zero, 12


mem[X,0x80010444] -> 0x4063
mem[X,0x80010446] -> 0x02B5
[1691] [M]: 0x80010444 (0x02B54063) blt a0, a1, 32


mem[X,0x80010464] -> 0x0113
mem[X,0x80010466] -> 0x0031
[1692] [M]: 0x80010464 (0x00310113) addi sp, sp, 3
x2 <- 0x00000003


mem[X,0x80010468] -> 0x006F
mem[X,0x8001046A] -> 0x0040
[1693] [M]: 0x80010468 (0x0040006F) jal zero, 4


mem[X,0x8001046C] -> 0xAC23
mem[X,0x8001046E] -> 0x2620
[1694] [M]: 0x8001046C (0x2620AC23) sw sp, 632(ra)
mem[0x800393E0] <- 0x00000003


mem[X,0x80010470] -> 0x0513
mem[X,0x80010472] -> 0x0050
[1695] [M]: 0x80010470 (0x00500513) addi a0, zero, 5
x10 <- 0x00000005


mem[X,0x80010474] -> 0x55B7
mem[X,0x80010476] -> 0xFFFF
[1696] [M]: 0x80010474 (0xFFFF55B7) lui a1, 1048565
x11 <- 0xFFFF5000


mem[X,0x80010478] -> 0x8593
mem[X,0x8001047A] -> 0xAFD5
[1697] [M]: 0x80010478 (0xAFD58593) addi a1, a1, 2813
x11 <- 0xFFFF4AFD


mem[X,0x8001047C] -> 0x0113
mem[X,0x8001047E] -> 0x0000
[1698] [M]: 0x8001047C (0x00000113) addi sp, zero, 0
x2 <- 0x00000000


mem[X,0x80010480] -> 0x006F
mem[X,0x80010482] -> 0x00C0
[1699] [M]: 0x80010480 (0x00C0006F) jal zero, 12


clint::tick mtime <- 0x0000000000000011
 clint timer pending at mtime 0x0000000000000011
htif::tick 0x0000000000000000
mem[X,0x8001048C] -> 0x4063
mem[X,0x8001048E] -> 0x10B5
[1700] [M]: 0x8001048C (0x10B54063) blt a0, a1, 256


mem[X,0x80010490] -> 0x0113
mem[X,0x80010492] -> 0x0021
[1701] [M]: 0x80010490 (0x00210113) addi sp, sp, 2
x2 <- 0x00000002


mem[X,0x80010494] -> 0x006F
mem[X,0x80010496] -> 0x1000
[1702] [M]: 0x80010494 (0x1000006F) jal zero, 256


mem[X,0x80010594] -> 0xAE23
mem[X,0x80010596] -> 0x2620
[1703] [M]: 0x80010594 (0x2620AE23) sw sp, 636(ra)
mem[0x800393E4] <- 0x00000002


mem[X,0x80010598] -> 0x0513
mem[X,0x8001059A] -> 0x0050
[1704] [M]: 0x80010598 (0x00500513) addi a0, zero, 5
x10 <- 0x00000005


mem[X,0x8001059C] -> 0xB5B7
mem[X,0x8001059E] -> 0x0000
[1705] [M]: 0x8001059C (0x0000B5B7) lui a1, 11
x11 <- 0x0000B000


mem[X,0x800105A0] -> 0x8593
mem[X,0x800105A2] -> 0x5055
[1706] [M]: 0x800105A0 (0x50558593) addi a1, a1, 1285
x11 <- 0x0000B505


mem[X,0x800105A4] -> 0x0113
mem[X,0x800105A6] -> 0x0000
[1707] [M]: 0x800105A4 (0x00000113) addi sp, zero, 0
x2 <- 0x00000000


mem[X,0x800105A8] -> 0x006F
mem[X,0x800105AA] -> 0x00C0
[1708] [M]: 0x800105A8 (0x00C0006F) jal zero, 12


mem[X,0x800105B4] -> 0x4663
mem[X,0x800105B6] -> 0x00B5
[1709] [M]: 0x800105B4 (0x00B54663) blt a0, a1, 12


mem[X,0x800105C0] -> 0x0113
mem[X,0x800105C2] -> 0x0031
[1710] [M]: 0x800105C0 (0x00310113) addi sp, sp, 3
x2 <- 0x00000003


mem[X,0x800105C4] -> 0x006F
mem[X,0x800105C6] -> 0x0040
[1711] [M]: 0x800105C4 (0x0040006F) jal zero, 4


mem[X,0x800105C8] -> 0xA023
mem[X,0x800105CA] -> 0x2820
[1712] [M]: 0x800105C8 (0x2820A023) sw sp, 640(ra)
mem[0x800393E8] <- 0x00000003


mem[X,0x800105CC] -> 0x3537
mem[X,0x800105CE] -> 0x3333
[1713] [M]: 0x800105CC (0x33333537) lui a0, 209715
x10 <- 0x33333000


mem[X,0x800105D0] -> 0x0513
mem[X,0x800105D2] -> 0x3335
[1714] [M]: 0x800105D0 (0x33350513) addi a0, a0, 819
x10 <- 0x33333333


mem[X,0x800105D4] -> 0x0593
mem[X,0x800105D6] -> 0x0030
[1715] [M]: 0x800105D4 (0x00300593) addi a1, zero, 3
x11 <- 0x00000003


mem[X,0x800105D8] -> 0x0113
mem[X,0x800105DA] -> 0x0000
[1716] [M]: 0x800105D8 (0x00000113) addi sp, zero, 0
x2 <- 0x00000000


mem[X,0x800105DC] -> 0x006F
mem[X,0x800105DE] -> 0x00C0
[1717] [M]: 0x800105DC (0x00C0006F) jal zero, 12


mem[X,0x800105E8] -> 0x4063
mem[X,0x800105EA] -> 0x40B5
[1718] [M]: 0x800105E8 (0x40B54063) blt a0, a1, 1024


mem[X,0x800105EC] -> 0x0113
mem[X,0x800105EE] -> 0x0021
[1719] [M]: 0x800105EC (0x00210113) addi sp, sp, 2
x2 <- 0x00000002


mem[X,0x800105F0] -> 0x006F
mem[X,0x800105F2] -> 0x4000
[1720] [M]: 0x800105F0 (0x4000006F) jal zero, 1024


mem[X,0x800109F0] -> 0xA223
mem[X,0x800109F2] -> 0x2820
[1721] [M]: 0x800109F0 (0x2820A223) sw sp, 644(ra)
mem[0x800393EC] <- 0x00000002


mem[X,0x800109F4] -> 0x3537
mem[X,0x800109F6] -> 0x3333
[1722] [M]: 0x800109F4 (0x33333537) lui a0, 209715
x10 <- 0x33333000


mem[X,0x800109F8] -> 0x0513
mem[X,0x800109FA] -> 0x3335
[1723] [M]: 0x800109F8 (0x33350513) addi a0, a0, 819
x10 <- 0x33333333


mem[X,0x800109FC] -> 0x55B7
mem[X,0x800109FE] -> 0x5555
[1724] [M]: 0x800109FC (0x555555B7) lui a1, 349525
x11 <- 0x55555000


mem[X,0x80010A00] -> 0x8593
mem[X,0x80010A02] -> 0x5555
[1725] [M]: 0x80010A00 (0x55558593) addi a1, a1, 1365
x11 <- 0x55555555


mem[X,0x80010A04] -> 0x0113
mem[X,0x80010A06] -> 0x0000
[1726] [M]: 0x80010A04 (0x00000113) addi sp, zero, 0
x2 <- 0x00000000


mem[X,0x80010A08] -> 0x006F
mem[X,0x80010A0A] -> 0x00C0
[1727] [M]: 0x80010A08 (0x00C0006F) jal zero, 12


mem[X,0x80010A14] -> 0x4063
mem[X,0x80010A16] -> 0x10B5
[1728] [M]: 0x80010A14 (0x10B54063) blt a0, a1, 256


mem[X,0x80010B14] -> 0x0113
mem[X,0x80010B16] -> 0x0031
[1729] [M]: 0x80010B14 (0x00310113) addi sp, sp, 3
x2 <- 0x00000003


mem[X,0x80010B18] -> 0x006F
mem[X,0x80010B1A] -> 0x0040
[1730] [M]: 0x80010B18 (0x0040006F) jal zero, 4


mem[X,0x80010B1C] -> 0xA423
mem[X,0x80010B1E] -> 0x2820
[1731] [M]: 0x80010B1C (0x2820A423) sw sp, 648(ra)
mem[0x800393F0] <- 0x00000003


mem[X,0x80010B20] -> 0x3537
mem[X,0x80010B22] -> 0x3333
[1732] [M]: 0x80010B20 (0x33333537) lui a0, 209715
x10 <- 0x33333000


mem[X,0x80010B24] -> 0x0513
mem[X,0x80010B26] -> 0x3335
[1733] [M]: 0x80010B24 (0x33350513) addi a0, a0, 819
x10 <- 0x33333333


mem[X,0x80010B28] -> 0xB5B7
mem[X,0x80010B2A] -> 0xAAAA
[1734] [M]: 0x80010B28 (0xAAAAB5B7) lui a1, 699051
x11 <- 0xAAAAB000


mem[X,0x80010B2C] -> 0x8593
mem[X,0x80010B2E] -> 0xAAA5
[1735] [M]: 0x80010B2C (0xAAA58593) addi a1, a1, 2730
x11 <- 0xAAAAAAAA


mem[X,0x80010B30] -> 0x0113
mem[X,0x80010B32] -> 0x0000
[1736] [M]: 0x80010B30 (0x00000113) addi sp, zero, 0
x2 <- 0x00000000


mem[X,0x80010B34] -> 0x006F
mem[X,0x80010B36] -> 0x00C0
[1737] [M]: 0x80010B34 (0x00C0006F) jal zero, 12


mem[X,0x80010B40] -> 0x4063
mem[X,0x80010B42] -> 0x08B5
[1738] [M]: 0x80010B40 (0x08B54063) blt a0, a1, 128


mem[X,0x80010B44] -> 0x0113
mem[X,0x80010B46] -> 0x0021
[1739] [M]: 0x80010B44 (0x00210113) addi sp, sp, 2
x2 <- 0x00000002


mem[X,0x80010B48] -> 0x006F
mem[X,0x80010B4A] -> 0x0800
[1740] [M]: 0x80010B48 (0x0800006F) jal zero, 128


mem[X,0x80010BC8] -> 0xA623
mem[X,0x80010BCA] -> 0x2820
[1741] [M]: 0x80010BC8 (0x2820A623) sw sp, 652(ra)
mem[0x800393F4] <- 0x00000002


mem[X,0x80010BCC] -> 0x3537
mem[X,0x80010BCE] -> 0x3333
[1742] [M]: 0x80010BCC (0x33333537) lui a0, 209715
x10 <- 0x33333000


mem[X,0x80010BD0] -> 0x0513
mem[X,0x80010BD2] -> 0x3335
[1743] [M]: 0x80010BD0 (0x33350513) addi a0, a0, 819
x10 <- 0x33333333


mem[X,0x80010BD4] -> 0x0593
mem[X,0x80010BD6] -> 0x0050
[1744] [M]: 0x80010BD4 (0x00500593) addi a1, zero, 5
x11 <- 0x00000005


mem[X,0x80010BD8] -> 0x0113
mem[X,0x80010BDA] -> 0x0000
[1745] [M]: 0x80010BD8 (0x00000113) addi sp, zero, 0
x2 <- 0x00000000


mem[X,0x80010BDC] -> 0x006F
mem[X,0x80010BDE] -> 0x00C0
[1746] [M]: 0x80010BDC (0x00C0006F) jal zero, 12


mem[X,0x80010BE8] -> 0x4CE3
mem[X,0x80010BEA] -> 0xFEB5
[1747] [M]: 0x80010BE8 (0xFEB54CE3) blt a0, a1, 8184


mem[X,0x80010BEC] -> 0x0113
mem[X,0x80010BEE] -> 0x0021
[1748] [M]: 0x80010BEC (0x00210113) addi sp, sp, 2
x2 <- 0x00000002


mem[X,0x80010BF0] -> 0x006F
mem[X,0x80010BF2] -> 0x00C0
[1749] [M]: 0x80010BF0 (0x00C0006F) jal zero, 12


mem[X,0x80010BFC] -> 0xA823
mem[X,0x80010BFE] -> 0x2820
[1750] [M]: 0x80010BFC (0x2820A823) sw sp, 656(ra)
mem[0x800393F8] <- 0x00000002


mem[X,0x80010C00] -> 0x3537
mem[X,0x80010C02] -> 0x3333
[1751] [M]: 0x80010C00 (0x33333537) lui a0, 209715
x10 <- 0x33333000


mem[X,0x80010C04] -> 0x0513
mem[X,0x80010C06] -> 0x3335
[1752] [M]: 0x80010C04 (0x33350513) addi a0, a0, 819
x10 <- 0x33333333


mem[X,0x80010C08] -> 0x35B7
mem[X,0x80010C0A] -> 0x3333
[1753] [M]: 0x80010C08 (0x333335B7) lui a1, 209715
x11 <- 0x33333000


mem[X,0x80010C0C] -> 0x8593
mem[X,0x80010C0E] -> 0x3335
[1754] [M]: 0x80010C0C (0x33358593) addi a1, a1, 819
x11 <- 0x33333333


mem[X,0x80010C10] -> 0x0113
mem[X,0x80010C12] -> 0x0000
[1755] [M]: 0x80010C10 (0x00000113) addi sp, zero, 0
x2 <- 0x00000000


mem[X,0x80010C14] -> 0x006F
mem[X,0x80010C16] -> 0x00C0
[1756] [M]: 0x80010C14 (0x00C0006F) jal zero, 12


mem[X,0x80010C20] -> 0x4063
mem[X,0x80010C22] -> 0x20B5
[1757] [M]: 0x80010C20 (0x20B54063) blt a0, a1, 512


mem[X,0x80010C24] -> 0x0113
mem[X,0x80010C26] -> 0x0021
[1758] [M]: 0x80010C24 (0x00210113) addi sp, sp, 2
x2 <- 0x00000002


mem[X,0x80010C28] -> 0x006F
mem[X,0x80010C2A] -> 0x2000
[1759] [M]: 0x80010C28 (0x2000006F) jal zero, 512


mem[X,0x80010E28] -> 0xAA23
mem[X,0x80010E2A] -> 0x2820
[1760] [M]: 0x80010E28 (0x2820AA23) sw sp, 660(ra)
mem[0x800393FC] <- 0x00000002


mem[X,0x80010E2C] -> 0x3537
mem[X,0x80010E2E] -> 0x3333
[1761] [M]: 0x80010E2C (0x33333537) lui a0, 209715
x10 <- 0x33333000


mem[X,0x80010E30] -> 0x0513
mem[X,0x80010E32] -> 0x3335
[1762] [M]: 0x80010E30 (0x33350513) addi a0, a0, 819
x10 <- 0x33333333


mem[X,0x80010E34] -> 0x65B7
mem[X,0x80010E36] -> 0x6666
[1763] [M]: 0x80010E34 (0x666665B7) lui a1, 419430
x11 <- 0x66666000


mem[X,0x80010E38] -> 0x8593
mem[X,0x80010E3A] -> 0x6665
[1764] [M]: 0x80010E38 (0x66658593) addi a1, a1, 1638
x11 <- 0x66666666


mem[X,0x80010E3C] -> 0x0113
mem[X,0x80010E3E] -> 0x0000
[1765] [M]: 0x80010E3C (0x00000113) addi sp, zero, 0
x2 <- 0x00000000


mem[X,0x80010E40] -> 0x006F
mem[X,0x80010E42] -> 0x00C0
[1766] [M]: 0x80010E40 (0x00C0006F) jal zero, 12


mem[X,0x80010E4C] -> 0x4663
mem[X,0x80010E4E] -> 0x00B5
[1767] [M]: 0x80010E4C (0x00B54663) blt a0, a1, 12


mem[X,0x80010E58] -> 0x0113
mem[X,0x80010E5A] -> 0x0031
[1768] [M]: 0x80010E58 (0x00310113) addi sp, sp, 3
x2 <- 0x00000003


mem[X,0x80010E5C] -> 0x006F
mem[X,0x80010E5E] -> 0x0040
[1769] [M]: 0x80010E5C (0x0040006F) jal zero, 4


mem[X,0x80010E60] -> 0xAC23
mem[X,0x80010E62] -> 0x2820
[1770] [M]: 0x80010E60 (0x2820AC23) sw sp, 664(ra)
mem[0x80039400] <- 0x00000003


mem[X,0x80010E64] -> 0x3537
mem[X,0x80010E66] -> 0x3333
[1771] [M]: 0x80010E64 (0x33333537) lui a0, 209715
x10 <- 0x33333000


mem[X,0x80010E68] -> 0x0513
mem[X,0x80010E6A] -> 0x3335
[1772] [M]: 0x80010E68 (0x33350513) addi a0, a0, 819
x10 <- 0x33333333


mem[X,0x80010E6C] -> 0x55B7
mem[X,0x80010E6E] -> 0xFFFF
[1773] [M]: 0x80010E6C (0xFFFF55B7) lui a1, 1048565
x11 <- 0xFFFF5000


mem[X,0x80010E70] -> 0x8593
mem[X,0x80010E72] -> 0xAFC5
[1774] [M]: 0x80010E70 (0xAFC58593) addi a1, a1, 2812
x11 <- 0xFFFF4AFC


mem[X,0x80010E74] -> 0x0113
mem[X,0x80010E76] -> 0x0000
[1775] [M]: 0x80010E74 (0x00000113) addi sp, zero, 0
x2 <- 0x00000000


mem[X,0x80010E78] -> 0x006F
mem[X,0x80010E7A] -> 0x0100
[1776] [M]: 0x80010E78 (0x0100006F) jal zero, 16


mem[X,0x80010E88] -> 0x4AE3
mem[X,0x80010E8A] -> 0xFEB5
[1777] [M]: 0x80010E88 (0xFEB54AE3) blt a0, a1, 8180


mem[X,0x80010E8C] -> 0x0113
mem[X,0x80010E8E] -> 0x0021
[1778] [M]: 0x80010E8C (0x00210113) addi sp, sp, 2
x2 <- 0x00000002


mem[X,0x80010E90] -> 0x006F
mem[X,0x80010E92] -> 0x00C0
[1779] [M]: 0x80010E90 (0x00C0006F) jal zero, 12


mem[X,0x80010E9C] -> 0xAE23
mem[X,0x80010E9E] -> 0x2820
[1780] [M]: 0x80010E9C (0x2820AE23) sw sp, 668(ra)
mem[0x80039404] <- 0x00000002


mem[X,0x80010EA0] -> 0x3537
mem[X,0x80010EA2] -> 0x3333
[1781] [M]: 0x80010EA0 (0x33333537) lui a0, 209715
x10 <- 0x33333000


mem[X,0x80010EA4] -> 0x0513
mem[X,0x80010EA6] -> 0x3335
[1782] [M]: 0x80010EA4 (0x33350513) addi a0, a0, 819
x10 <- 0x33333333


mem[X,0x80010EA8] -> 0xB5B7
mem[X,0x80010EAA] -> 0x0000
[1783] [M]: 0x80010EA8 (0x0000B5B7) lui a1, 11
x11 <- 0x0000B000


mem[X,0x80010EAC] -> 0x8593
mem[X,0x80010EAE] -> 0x5045
[1784] [M]: 0x80010EAC (0x50458593) addi a1, a1, 1284
x11 <- 0x0000B504


mem[X,0x80010EB0] -> 0x0113
mem[X,0x80010EB2] -> 0x0000
[1785] [M]: 0x80010EB0 (0x00000113) addi sp, zero, 0
x2 <- 0x00000000


mem[X,0x80010EB4] -> 0x006F
mem[X,0x80010EB6] -> 0x00C0
[1786] [M]: 0x80010EB4 (0x00C0006F) jal zero, 12


mem[X,0x80010EC0] -> 0x4CE3
mem[X,0x80010EC2] -> 0xFEB5
[1787] [M]: 0x80010EC0 (0xFEB54CE3) blt a0, a1, 8184


mem[X,0x80010EC4] -> 0x0113
mem[X,0x80010EC6] -> 0x0021
[1788] [M]: 0x80010EC4 (0x00210113) addi sp, sp, 2
x2 <- 0x00000002


mem[X,0x80010EC8] -> 0x006F
mem[X,0x80010ECA] -> 0x00C0
[1789] [M]: 0x80010EC8 (0x00C0006F) jal zero, 12


mem[X,0x80010ED4] -> 0xA023
mem[X,0x80010ED6] -> 0x2A20
[1790] [M]: 0x80010ED4 (0x2A20A023) sw sp, 672(ra)
mem[0x80039408] <- 0x00000002


mem[X,0x80010ED8] -> 0x3537
mem[X,0x80010EDA] -> 0x3333
[1791] [M]: 0x80010ED8 (0x33333537) lui a0, 209715
x10 <- 0x33333000


mem[X,0x80010EDC] -> 0x0513
mem[X,0x80010EDE] -> 0x3335
[1792] [M]: 0x80010EDC (0x33350513) addi a0, a0, 819
x10 <- 0x33333333


mem[X,0x80010EE0] -> 0x0593
mem[X,0x80010EE2] -> 0x0020
[1793] [M]: 0x80010EE0 (0x00200593) addi a1, zero, 2
x11 <- 0x00000002


mem[X,0x80010EE4] -> 0x0113
mem[X,0x80010EE6] -> 0x0000
[1794] [M]: 0x80010EE4 (0x00000113) addi sp, zero, 0
x2 <- 0x00000000


mem[X,0x80010EE8] -> 0x006F
mem[X,0x80010EEA] -> 0x00C0
[1795] [M]: 0x80010EE8 (0x00C0006F) jal zero, 12


mem[X,0x80010EF4] -> 0x4863
mem[X,0x80010EF6] -> 0x00B5
[1796] [M]: 0x80010EF4 (0x00B54863) blt a0, a1, 16


mem[X,0x80010EF8] -> 0x0113
mem[X,0x80010EFA] -> 0x0021
[1797] [M]: 0x80010EF8 (0x00210113) addi sp, sp, 2
x2 <- 0x00000002


mem[X,0x80010EFC] -> 0x006F
mem[X,0x80010EFE] -> 0x0100
[1798] [M]: 0x80010EFC (0x0100006F) jal zero, 16


mem[X,0x80010F0C] -> 0xA223
mem[X,0x80010F0E] -> 0x2A20
[1799] [M]: 0x80010F0C (0x2A20A223) sw sp, 676(ra)
mem[0x8003940C] <- 0x00000002


clint::tick mtime <- 0x0000000000000012
 clint timer pending at mtime 0x0000000000000012
htif::tick 0x0000000000000000
mem[X,0x80010F10] -> 0x3537
mem[X,0x80010F12] -> 0x3333
[1800] [M]: 0x80010F10 (0x33333537) lui a0, 209715
x10 <- 0x33333000


mem[X,0x80010F14] -> 0x0513
mem[X,0x80010F16] -> 0x3335
[1801] [M]: 0x80010F14 (0x33350513) addi a0, a0, 819
x10 <- 0x33333333


mem[X,0x80010F18] -> 0x55B7
mem[X,0x80010F1A] -> 0x5555
[1802] [M]: 0x80010F18 (0x555555B7) lui a1, 349525
x11 <- 0x55555000


mem[X,0x80010F1C] -> 0x8593
mem[X,0x80010F1E] -> 0x5545
[1803] [M]: 0x80010F1C (0x55458593) addi a1, a1, 1364
x11 <- 0x55555554


mem[X,0x80010F20] -> 0x0113
mem[X,0x80010F22] -> 0x0000
[1804] [M]: 0x80010F20 (0x00000113) addi sp, zero, 0
x2 <- 0x00000000


mem[X,0x80010F24] -> 0x006F
mem[X,0x80010F26] -> 0x00C0
[1805] [M]: 0x80010F24 (0x00C0006F) jal zero, 12


mem[X,0x80010F30] -> 0x4063
mem[X,0x80010F32] -> 0x08B5
[1806] [M]: 0x80010F30 (0x08B54063) blt a0, a1, 128


mem[X,0x80010FB0] -> 0x0113
mem[X,0x80010FB2] -> 0x0031
[1807] [M]: 0x80010FB0 (0x00310113) addi sp, sp, 3
x2 <- 0x00000003


mem[X,0x80010FB4] -> 0x006F
mem[X,0x80010FB6] -> 0x0040
[1808] [M]: 0x80010FB4 (0x0040006F) jal zero, 4


mem[X,0x80010FB8] -> 0xA423
mem[X,0x80010FBA] -> 0x2A20
[1809] [M]: 0x80010FB8 (0x2A20A423) sw sp, 680(ra)
mem[0x80039410] <- 0x00000003


mem[X,0x80010FBC] -> 0x3537
mem[X,0x80010FBE] -> 0x3333
[1810] [M]: 0x80010FBC (0x33333537) lui a0, 209715
x10 <- 0x33333000


mem[X,0x80010FC0] -> 0x0513
mem[X,0x80010FC2] -> 0x3335
[1811] [M]: 0x80010FC0 (0x33350513) addi a0, a0, 819
x10 <- 0x33333333


mem[X,0x80010FC4] -> 0x0593
mem[X,0x80010FC6] -> 0x0000
[1812] [M]: 0x80010FC4 (0x00000593) addi a1, zero, 0
x11 <- 0x00000000


mem[X,0x80010FC8] -> 0x0113
mem[X,0x80010FCA] -> 0x0000
[1813] [M]: 0x80010FC8 (0x00000113) addi sp, zero, 0
x2 <- 0x00000000


mem[X,0x80010FCC] -> 0x006F
mem[X,0x80010FCE] -> 0x00C0
[1814] [M]: 0x80010FCC (0x00C0006F) jal zero, 12


mem[X,0x80010FD8] -> 0x4063
mem[X,0x80010FDA] -> 0x10B5
[1815] [M]: 0x80010FD8 (0x10B54063) blt a0, a1, 256


mem[X,0x80010FDC] -> 0x0113
mem[X,0x80010FDE] -> 0x0021
[1816] [M]: 0x80010FDC (0x00210113) addi sp, sp, 2
x2 <- 0x00000002


mem[X,0x80010FE0] -> 0x006F
mem[X,0x80010FE2] -> 0x1000
[1817] [M]: 0x80010FE0 (0x1000006F) jal zero, 256


mem[X,0x800110E0] -> 0xA623
mem[X,0x800110E2] -> 0x2A20
[1818] [M]: 0x800110E0 (0x2A20A623) sw sp, 684(ra)
mem[0x80039414] <- 0x00000002


mem[X,0x800110E4] -> 0x3537
mem[X,0x800110E6] -> 0x3333
[1819] [M]: 0x800110E4 (0x33333537) lui a0, 209715
x10 <- 0x33333000


mem[X,0x800110E8] -> 0x0513
mem[X,0x800110EA] -> 0x3335
[1820] [M]: 0x800110E8 (0x33350513) addi a0, a0, 819
x10 <- 0x33333333


mem[X,0x800110EC] -> 0x0593
mem[X,0x800110EE] -> 0x0040
[1821] [M]: 0x800110EC (0x00400593) addi a1, zero, 4
x11 <- 0x00000004


mem[X,0x800110F0] -> 0x0113
mem[X,0x800110F2] -> 0x0000
[1822] [M]: 0x800110F0 (0x00000113) addi sp, zero, 0
x2 <- 0x00000000


mem[X,0x800110F4] -> 0x006F
mem[X,0x800110F6] -> 0x00C0
[1823] [M]: 0x800110F4 (0x00C0006F) jal zero, 12


mem[X,0x80011100] -> 0x4CE3
mem[X,0x80011102] -> 0xFEB5
[1824] [M]: 0x80011100 (0xFEB54CE3) blt a0, a1, 8184


mem[X,0x80011104] -> 0x0113
mem[X,0x80011106] -> 0x0021
[1825] [M]: 0x80011104 (0x00210113) addi sp, sp, 2
x2 <- 0x00000002


mem[X,0x80011108] -> 0x006F
mem[X,0x8001110A] -> 0x00C0
[1826] [M]: 0x80011108 (0x00C0006F) jal zero, 12


mem[X,0x80011114] -> 0xA823
mem[X,0x80011116] -> 0x2A20
[1827] [M]: 0x80011114 (0x2A20A823) sw sp, 688(ra)
mem[0x80039418] <- 0x00000002


mem[X,0x80011118] -> 0x3537
mem[X,0x8001111A] -> 0x3333
[1828] [M]: 0x80011118 (0x33333537) lui a0, 209715
x10 <- 0x33333000


mem[X,0x8001111C] -> 0x0513
mem[X,0x8001111E] -> 0x3335
[1829] [M]: 0x8001111C (0x33350513) addi a0, a0, 819
x10 <- 0x33333333


mem[X,0x80011120] -> 0x35B7
mem[X,0x80011122] -> 0x3333
[1830] [M]: 0x80011120 (0x333335B7) lui a1, 209715
x11 <- 0x33333000


mem[X,0x80011124] -> 0x8593
mem[X,0x80011126] -> 0x3325
[1831] [M]: 0x80011124 (0x33258593) addi a1, a1, 818
x11 <- 0x33333332


mem[X,0x80011128] -> 0x0113
mem[X,0x8001112A] -> 0x0000
[1832] [M]: 0x80011128 (0x00000113) addi sp, zero, 0
x2 <- 0x00000000


mem[X,0x8001112C] -> 0x006F
mem[X,0x8001112E] -> 0x0100
[1833] [M]: 0x8001112C (0x0100006F) jal zero, 16


mem[X,0x8001113C] -> 0x4AE3
mem[X,0x8001113E] -> 0xFEB5
[1834] [M]: 0x8001113C (0xFEB54AE3) blt a0, a1, 8180


mem[X,0x80011140] -> 0x0113
mem[X,0x80011142] -> 0x0021
[1835] [M]: 0x80011140 (0x00210113) addi sp, sp, 2
x2 <- 0x00000002


mem[X,0x80011144] -> 0x006F
mem[X,0x80011146] -> 0x00C0
[1836] [M]: 0x80011144 (0x00C0006F) jal zero, 12


mem[X,0x80011150] -> 0xAA23
mem[X,0x80011152] -> 0x2A20
[1837] [M]: 0x80011150 (0x2A20AA23) sw sp, 692(ra)
mem[0x8003941C] <- 0x00000002


mem[X,0x80011154] -> 0x3537
mem[X,0x80011156] -> 0x3333
[1838] [M]: 0x80011154 (0x33333537) lui a0, 209715
x10 <- 0x33333000


mem[X,0x80011158] -> 0x0513
mem[X,0x8001115A] -> 0x3335
[1839] [M]: 0x80011158 (0x33350513) addi a0, a0, 819
x10 <- 0x33333333


mem[X,0x8001115C] -> 0x65B7
mem[X,0x8001115E] -> 0x6666
[1840] [M]: 0x8001115C (0x666665B7) lui a1, 419430
x11 <- 0x66666000


mem[X,0x80011160] -> 0x8593
mem[X,0x80011162] -> 0x6655
[1841] [M]: 0x80011160 (0x66558593) addi a1, a1, 1637
x11 <- 0x66666665


mem[X,0x80011164] -> 0x0113
mem[X,0x80011166] -> 0x0000
[1842] [M]: 0x80011164 (0x00000113) addi sp, zero, 0
x2 <- 0x00000000


mem[X,0x80011168] -> 0x006F
mem[X,0x8001116A] -> 0x00C0
[1843] [M]: 0x80011168 (0x00C0006F) jal zero, 12


mem[X,0x80011174] -> 0x4CE3
mem[X,0x80011176] -> 0xFEB5
[1844] [M]: 0x80011174 (0xFEB54CE3) blt a0, a1, 8184


mem[X,0x8001116C] -> 0x0113
mem[X,0x8001116E] -> 0x0011
[1845] [M]: 0x8001116C (0x00110113) addi sp, sp, 1
x2 <- 0x00000001


mem[X,0x80011170] -> 0x006F
mem[X,0x80011172] -> 0x0180
[1846] [M]: 0x80011170 (0x0180006F) jal zero, 24


mem[X,0x80011188] -> 0xAC23
mem[X,0x8001118A] -> 0x2A20
[1847] [M]: 0x80011188 (0x2A20AC23) sw sp, 696(ra)
mem[0x80039420] <- 0x00000001


mem[X,0x8001118C] -> 0x3537
mem[X,0x8001118E] -> 0x3333
[1848] [M]: 0x8001118C (0x33333537) lui a0, 209715
x10 <- 0x33333000


mem[X,0x80011190] -> 0x0513
mem[X,0x80011192] -> 0x3335
[1849] [M]: 0x80011190 (0x33350513) addi a0, a0, 819
x10 <- 0x33333333


mem[X,0x80011194] -> 0xB5B7
mem[X,0x80011196] -> 0x0000
[1850] [M]: 0x80011194 (0x0000B5B7) lui a1, 11
x11 <- 0x0000B000


mem[X,0x80011198] -> 0x8593
mem[X,0x8001119A] -> 0x5035
[1851] [M]: 0x80011198 (0x50358593) addi a1, a1, 1283
x11 <- 0x0000B503


mem[X,0x8001119C] -> 0x0113
mem[X,0x8001119E] -> 0x0000
[1852] [M]: 0x8001119C (0x00000113) addi sp, zero, 0
x2 <- 0x00000000


mem[X,0x800111A0] -> 0x006F
mem[X,0x800111A2] -> 0x00C0
[1853] [M]: 0x800111A0 (0x00C0006F) jal zero, 12


mem[X,0x800111AC] -> 0x4063
mem[X,0x800111AE] -> 0x04B5
[1854] [M]: 0x800111AC (0x04B54063) blt a0, a1, 64


mem[X,0x800111B0] -> 0x0113
mem[X,0x800111B2] -> 0x0021
[1855] [M]: 0x800111B0 (0x00210113) addi sp, sp, 2
x2 <- 0x00000002


mem[X,0x800111B4] -> 0x006F
mem[X,0x800111B6] -> 0x0400
[1856] [M]: 0x800111B4 (0x0400006F) jal zero, 64


mem[X,0x800111F4] -> 0xAE23
mem[X,0x800111F6] -> 0x2A20
[1857] [M]: 0x800111F4 (0x2A20AE23) sw sp, 700(ra)
mem[0x80039424] <- 0x00000002


mem[X,0x800111F8] -> 0x3537
mem[X,0x800111FA] -> 0x3333
[1858] [M]: 0x800111F8 (0x33333537) lui a0, 209715
x10 <- 0x33333000


mem[X,0x800111FC] -> 0x0513
mem[X,0x800111FE] -> 0x3335
[1859] [M]: 0x800111FC (0x33350513) addi a0, a0, 819
x10 <- 0x33333333


mem[X,0x80011200] -> 0x55B7
mem[X,0x80011202] -> 0x5555
[1860] [M]: 0x80011200 (0x555555B7) lui a1, 349525
x11 <- 0x55555000


mem[X,0x80011204] -> 0x8593
mem[X,0x80011206] -> 0x5565
[1861] [M]: 0x80011204 (0x55658593) addi a1, a1, 1366
x11 <- 0x55555556


mem[X,0x80011208] -> 0x0113
mem[X,0x8001120A] -> 0x0000
[1862] [M]: 0x80011208 (0x00000113) addi sp, zero, 0
x2 <- 0x00000000


mem[X,0x8001120C] -> 0x006F
mem[X,0x8001120E] -> 0x00C0
[1863] [M]: 0x8001120C (0x00C0006F) jal zero, 12


mem[X,0x80011218] -> 0x4863
mem[X,0x8001121A] -> 0x00B5
[1864] [M]: 0x80011218 (0x00B54863) blt a0, a1, 16


mem[X,0x80011228] -> 0x0113
mem[X,0x8001122A] -> 0x0031
[1865] [M]: 0x80011228 (0x00310113) addi sp, sp, 3
x2 <- 0x00000003


mem[X,0x8001122C] -> 0x006F
mem[X,0x8001122E] -> 0x0040
[1866] [M]: 0x8001122C (0x0040006F) jal zero, 4


mem[X,0x80011230] -> 0xA023
mem[X,0x80011232] -> 0x2C20
[1867] [M]: 0x80011230 (0x2C20A023) sw sp, 704(ra)
mem[0x80039428] <- 0x00000003


mem[X,0x80011234] -> 0x3537
mem[X,0x80011236] -> 0x3333
[1868] [M]: 0x80011234 (0x33333537) lui a0, 209715
x10 <- 0x33333000


mem[X,0x80011238] -> 0x0513
mem[X,0x8001123A] -> 0x3335
[1869] [M]: 0x80011238 (0x33350513) addi a0, a0, 819
x10 <- 0x33333333


mem[X,0x8001123C] -> 0xB5B7
mem[X,0x8001123E] -> 0xAAAA
[1870] [M]: 0x8001123C (0xAAAAB5B7) lui a1, 699051
x11 <- 0xAAAAB000


mem[X,0x80011240] -> 0x8593
mem[X,0x80011242] -> 0xAAB5
[1871] [M]: 0x80011240 (0xAAB58593) addi a1, a1, 2731
x11 <- 0xAAAAAAAB


mem[X,0x80011244] -> 0x0113
mem[X,0x80011246] -> 0x0000
[1872] [M]: 0x80011244 (0x00000113) addi sp, zero, 0
x2 <- 0x00000000


mem[X,0x80011248] -> 0x006F
mem[X,0x8001124A] -> 0x00C0
[1873] [M]: 0x80011248 (0x00C0006F) jal zero, 12


mem[X,0x80011254] -> 0x4663
mem[X,0x80011256] -> 0x00B5
[1874] [M]: 0x80011254 (0x00B54663) blt a0, a1, 12


mem[X,0x80011258] -> 0x0113
mem[X,0x8001125A] -> 0x0021
[1875] [M]: 0x80011258 (0x00210113) addi sp, sp, 2
x2 <- 0x00000002


mem[X,0x8001125C] -> 0x006F
mem[X,0x8001125E] -> 0x00C0
[1876] [M]: 0x8001125C (0x00C0006F) jal zero, 12


mem[X,0x80011268] -> 0xA223
mem[X,0x8001126A] -> 0x2C20
[1877] [M]: 0x80011268 (0x2C20A223) sw sp, 708(ra)
mem[0x8003942C] <- 0x00000002


mem[X,0x8001126C] -> 0x3537
mem[X,0x8001126E] -> 0x3333
[1878] [M]: 0x8001126C (0x33333537) lui a0, 209715
x10 <- 0x33333000


mem[X,0x80011270] -> 0x0513
mem[X,0x80011272] -> 0x3335
[1879] [M]: 0x80011270 (0x33350513) addi a0, a0, 819
x10 <- 0x33333333


mem[X,0x80011274] -> 0x0593
mem[X,0x80011276] -> 0x0060
[1880] [M]: 0x80011274 (0x00600593) addi a1, zero, 6
x11 <- 0x00000006


mem[X,0x80011278] -> 0x0113
mem[X,0x8001127A] -> 0x0000
[1881] [M]: 0x80011278 (0x00000113) addi sp, zero, 0
x2 <- 0x00000000


mem[X,0x8001127C] -> 0x006F
mem[X,0x8001127E] -> 0x0180
[1882] [M]: 0x8001127C (0x0180006F) jal zero, 24


mem[X,0x80011294] -> 0x46E3
mem[X,0x80011296] -> 0xFEB5
[1883] [M]: 0x80011294 (0xFEB546E3) blt a0, a1, 8172


mem[X,0x80011298] -> 0x0113
mem[X,0x8001129A] -> 0x0021
[1884] [M]: 0x80011298 (0x00210113) addi sp, sp, 2
x2 <- 0x00000002


mem[X,0x8001129C] -> 0x006F
mem[X,0x8001129E] -> 0x00C0
[1885] [M]: 0x8001129C (0x00C0006F) jal zero, 12


mem[X,0x800112A8] -> 0xA423
mem[X,0x800112AA] -> 0x2C20
[1886] [M]: 0x800112A8 (0x2C20A423) sw sp, 712(ra)
mem[0x80039430] <- 0x00000002


mem[X,0x800112AC] -> 0x3537
mem[X,0x800112AE] -> 0x3333
[1887] [M]: 0x800112AC (0x33333537) lui a0, 209715
x10 <- 0x33333000


mem[X,0x800112B0] -> 0x0513
mem[X,0x800112B2] -> 0x3335
[1888] [M]: 0x800112B0 (0x33350513) addi a0, a0, 819
x10 <- 0x33333333


mem[X,0x800112B4] -> 0x35B7
mem[X,0x800112B6] -> 0x3333
[1889] [M]: 0x800112B4 (0x333335B7) lui a1, 209715
x11 <- 0x33333000


mem[X,0x800112B8] -> 0x8593
mem[X,0x800112BA] -> 0x3345
[1890] [M]: 0x800112B8 (0x33458593) addi a1, a1, 820
x11 <- 0x33333334


mem[X,0x800112BC] -> 0x0113
mem[X,0x800112BE] -> 0x0000
[1891] [M]: 0x800112BC (0x00000113) addi sp, zero, 0
x2 <- 0x00000000


mem[X,0x800112C0] -> 0x006F
mem[X,0x800112C2] -> 0x00C0
[1892] [M]: 0x800112C0 (0x00C0006F) jal zero, 12


mem[X,0x800112CC] -> 0x4CE3
mem[X,0x800112CE] -> 0xFEB5
[1893] [M]: 0x800112CC (0xFEB54CE3) blt a0, a1, 8184


mem[X,0x800112C4] -> 0x0113
mem[X,0x800112C6] -> 0x0011
[1894] [M]: 0x800112C4 (0x00110113) addi sp, sp, 1
x2 <- 0x00000001


mem[X,0x800112C8] -> 0x006F
mem[X,0x800112CA] -> 0x0180
[1895] [M]: 0x800112C8 (0x0180006F) jal zero, 24


mem[X,0x800112E0] -> 0xA623
mem[X,0x800112E2] -> 0x2C20
[1896] [M]: 0x800112E0 (0x2C20A623) sw sp, 716(ra)
mem[0x80039434] <- 0x00000001


mem[X,0x800112E4] -> 0x3537
mem[X,0x800112E6] -> 0x3333
[1897] [M]: 0x800112E4 (0x33333537) lui a0, 209715
x10 <- 0x33333000


mem[X,0x800112E8] -> 0x0513
mem[X,0x800112EA] -> 0x3335
[1898] [M]: 0x800112E8 (0x33350513) addi a0, a0, 819
x10 <- 0x33333333


mem[X,0x800112EC] -> 0x65B7
mem[X,0x800112EE] -> 0x6666
[1899] [M]: 0x800112EC (0x666665B7) lui a1, 419430
x11 <- 0x66666000


clint::tick mtime <- 0x0000000000000013
 clint timer pending at mtime 0x0000000000000013
htif::tick 0x0000000000000000
mem[X,0x800112F0] -> 0x8593
mem[X,0x800112F2] -> 0x6675
[1900] [M]: 0x800112F0 (0x66758593) addi a1, a1, 1639
x11 <- 0x66666667


mem[X,0x800112F4] -> 0x0113
mem[X,0x800112F6] -> 0x0000
[1901] [M]: 0x800112F4 (0x00000113) addi sp, zero, 0
x2 <- 0x00000000


mem[X,0x800112F8] -> 0x006F
mem[X,0x800112FA] -> 0x00C0
[1902] [M]: 0x800112F8 (0x00C0006F) jal zero, 12


mem[X,0x80011304] -> 0x4CE3
mem[X,0x80011306] -> 0xFEB5
[1903] [M]: 0x80011304 (0xFEB54CE3) blt a0, a1, 8184


mem[X,0x800112FC] -> 0x0113
mem[X,0x800112FE] -> 0x0011
[1904] [M]: 0x800112FC (0x00110113) addi sp, sp, 1
x2 <- 0x00000001


mem[X,0x80011300] -> 0x006F
mem[X,0x80011302] -> 0x0180
[1905] [M]: 0x80011300 (0x0180006F) jal zero, 24


mem[X,0x80011318] -> 0xA823
mem[X,0x8001131A] -> 0x2C20
[1906] [M]: 0x80011318 (0x2C20A823) sw sp, 720(ra)
mem[0x80039438] <- 0x00000001


mem[X,0x8001131C] -> 0x3537
mem[X,0x8001131E] -> 0x3333
[1907] [M]: 0x8001131C (0x33333537) lui a0, 209715
x10 <- 0x33333000


mem[X,0x80011320] -> 0x0513
mem[X,0x80011322] -> 0x3335
[1908] [M]: 0x80011320 (0x33350513) addi a0, a0, 819
x10 <- 0x33333333


mem[X,0x80011324] -> 0x55B7
mem[X,0x80011326] -> 0xFFFF
[1909] [M]: 0x80011324 (0xFFFF55B7) lui a1, 1048565
x11 <- 0xFFFF5000


mem[X,0x80011328] -> 0x8593
mem[X,0x8001132A] -> 0xAFD5
[1910] [M]: 0x80011328 (0xAFD58593) addi a1, a1, 2813
x11 <- 0xFFFF4AFD


mem[X,0x8001132C] -> 0x0113
mem[X,0x8001132E] -> 0x0000
[1911] [M]: 0x8001132C (0x00000113) addi sp, zero, 0
x2 <- 0x00000000


mem[X,0x80011330] -> 0x006F
mem[X,0x80011332] -> 0x00C0
[1912] [M]: 0x80011330 (0x00C0006F) jal zero, 12


mem[X,0x8001133C] -> 0x4CE3
mem[X,0x8001133E] -> 0xFEB5
[1913] [M]: 0x8001133C (0xFEB54CE3) blt a0, a1, 8184


mem[X,0x80011340] -> 0x0113
mem[X,0x80011342] -> 0x0021
[1914] [M]: 0x80011340 (0x00210113) addi sp, sp, 2
x2 <- 0x00000002


mem[X,0x80011344] -> 0x006F
mem[X,0x80011346] -> 0x00C0
[1915] [M]: 0x80011344 (0x00C0006F) jal zero, 12


mem[X,0x80011350] -> 0xAA23
mem[X,0x80011352] -> 0x2C20
[1916] [M]: 0x80011350 (0x2C20AA23) sw sp, 724(ra)
mem[0x8003943C] <- 0x00000002


mem[X,0x80011354] -> 0x3537
mem[X,0x80011356] -> 0x3333
[1917] [M]: 0x80011354 (0x33333537) lui a0, 209715
x10 <- 0x33333000


mem[X,0x80011358] -> 0x0513
mem[X,0x8001135A] -> 0x3335
[1918] [M]: 0x80011358 (0x33350513) addi a0, a0, 819
x10 <- 0x33333333


mem[X,0x8001135C] -> 0xB5B7
mem[X,0x8001135E] -> 0x0000
[1919] [M]: 0x8001135C (0x0000B5B7) lui a1, 11
x11 <- 0x0000B000


mem[X,0x80011360] -> 0x8593
mem[X,0x80011362] -> 0x5055
[1920] [M]: 0x80011360 (0x50558593) addi a1, a1, 1285
x11 <- 0x0000B505


mem[X,0x80011364] -> 0x0113
mem[X,0x80011366] -> 0x0000
[1921] [M]: 0x80011364 (0x00000113) addi sp, zero, 0
x2 <- 0x00000000


mem[X,0x80011368] -> 0x006F
mem[X,0x8001136A] -> 0x00C0
[1922] [M]: 0x80011368 (0x00C0006F) jal zero, 12


mem[X,0x80011374] -> 0x4CE3
mem[X,0x80011376] -> 0xFEB5
[1923] [M]: 0x80011374 (0xFEB54CE3) blt a0, a1, 8184


mem[X,0x80011378] -> 0x0113
mem[X,0x8001137A] -> 0x0021
[1924] [M]: 0x80011378 (0x00210113) addi sp, sp, 2
x2 <- 0x00000002


mem[X,0x8001137C] -> 0x006F
mem[X,0x8001137E] -> 0x00C0
[1925] [M]: 0x8001137C (0x00C0006F) jal zero, 12


mem[X,0x80011388] -> 0xAC23
mem[X,0x8001138A] -> 0x2C20
[1926] [M]: 0x80011388 (0x2C20AC23) sw sp, 728(ra)
mem[0x80039440] <- 0x00000002


mem[X,0x8001138C] -> 0x6537
mem[X,0x8001138E] -> 0x6666
[1927] [M]: 0x8001138C (0x66666537) lui a0, 419430
x10 <- 0x66666000


mem[X,0x80011390] -> 0x0513
mem[X,0x80011392] -> 0x6665
[1928] [M]: 0x80011390 (0x66650513) addi a0, a0, 1638
x10 <- 0x66666666


mem[X,0x80011394] -> 0x0593
mem[X,0x80011396] -> 0x0030
[1929] [M]: 0x80011394 (0x00300593) addi a1, zero, 3
x11 <- 0x00000003


mem[X,0x80011398] -> 0x0113
mem[X,0x8001139A] -> 0x0000
[1930] [M]: 0x80011398 (0x00000113) addi sp, zero, 0
x2 <- 0x00000000


mem[X,0x8001139C] -> 0x006F
mem[X,0x8001139E] -> 0x00C0
[1931] [M]: 0x8001139C (0x00C0006F) jal zero, 12


mem[X,0x800113A8] -> 0x4663
mem[X,0x800113AA] -> 0x00B5
[1932] [M]: 0x800113A8 (0x00B54663) blt a0, a1, 12


mem[X,0x800113AC] -> 0x0113
mem[X,0x800113AE] -> 0x0021
[1933] [M]: 0x800113AC (0x00210113) addi sp, sp, 2
x2 <- 0x00000002


mem[X,0x800113B0] -> 0x006F
mem[X,0x800113B2] -> 0x00C0
[1934] [M]: 0x800113B0 (0x00C0006F) jal zero, 12


mem[X,0x800113BC] -> 0xAE23
mem[X,0x800113BE] -> 0x2C20
[1935] [M]: 0x800113BC (0x2C20AE23) sw sp, 732(ra)
mem[0x80039444] <- 0x00000002


mem[X,0x800113C0] -> 0x6537
mem[X,0x800113C2] -> 0x6666
[1936] [M]: 0x800113C0 (0x66666537) lui a0, 419430
x10 <- 0x66666000


mem[X,0x800113C4] -> 0x0513
mem[X,0x800113C6] -> 0x6665
[1937] [M]: 0x800113C4 (0x66650513) addi a0, a0, 1638
x10 <- 0x66666666


mem[X,0x800113C8] -> 0x55B7
mem[X,0x800113CA] -> 0x5555
[1938] [M]: 0x800113C8 (0x555555B7) lui a1, 349525
x11 <- 0x55555000


mem[X,0x800113CC] -> 0x8593
mem[X,0x800113CE] -> 0x5555
[1939] [M]: 0x800113CC (0x55558593) addi a1, a1, 1365
x11 <- 0x55555555


mem[X,0x800113D0] -> 0x0113
mem[X,0x800113D2] -> 0x0000
[1940] [M]: 0x800113D0 (0x00000113) addi sp, zero, 0
x2 <- 0x00000000


mem[X,0x800113D4] -> 0x006F
mem[X,0x800113D6] -> 0x00C0
[1941] [M]: 0x800113D4 (0x00C0006F) jal zero, 12


mem[X,0x800113E0] -> 0x4CE3
mem[X,0x800113E2] -> 0xFEB5
[1942] [M]: 0x800113E0 (0xFEB54CE3) blt a0, a1, 8184


mem[X,0x800113E4] -> 0x0113
mem[X,0x800113E6] -> 0x0021
[1943] [M]: 0x800113E4 (0x00210113) addi sp, sp, 2
x2 <- 0x00000002


mem[X,0x800113E8] -> 0x006F
mem[X,0x800113EA] -> 0x00C0
[1944] [M]: 0x800113E8 (0x00C0006F) jal zero, 12


mem[X,0x800113F4] -> 0xA023
mem[X,0x800113F6] -> 0x2E20
[1945] [M]: 0x800113F4 (0x2E20A023) sw sp, 736(ra)
mem[0x80039448] <- 0x00000002


mem[X,0x800113F8] -> 0x6537
mem[X,0x800113FA] -> 0x6666
[1946] [M]: 0x800113F8 (0x66666537) lui a0, 419430
x10 <- 0x66666000


mem[X,0x800113FC] -> 0x0513
mem[X,0x800113FE] -> 0x6665
[1947] [M]: 0x800113FC (0x66650513) addi a0, a0, 1638
x10 <- 0x66666666


mem[X,0x80011400] -> 0xB5B7
mem[X,0x80011402] -> 0xAAAA
[1948] [M]: 0x80011400 (0xAAAAB5B7) lui a1, 699051
x11 <- 0xAAAAB000


mem[X,0x80011404] -> 0x8593
mem[X,0x80011406] -> 0xAAA5
[1949] [M]: 0x80011404 (0xAAA58593) addi a1, a1, 2730
x11 <- 0xAAAAAAAA


mem[X,0x80011408] -> 0x0113
mem[X,0x8001140A] -> 0x0000
[1950] [M]: 0x80011408 (0x00000113) addi sp, zero, 0
x2 <- 0x00000000


mem[X,0x8001140C] -> 0x006F
mem[X,0x8001140E] -> 0x2B10
[1951] [M]: 0x8001140C (0x2B10006F) jal zero, 2736


mem[X,0x80011EBC] -> 0x4A63
mem[X,0x80011EBE] -> 0xD4B5
[1952] [M]: 0x80011EBC (0xD4B54A63) blt a0, a1, 5460


mem[X,0x80011EC0] -> 0x0113
mem[X,0x80011EC2] -> 0x0021
[1953] [M]: 0x80011EC0 (0x00210113) addi sp, sp, 2
x2 <- 0x00000002


mem[X,0x80011EC4] -> 0x006F
mem[X,0x80011EC6] -> 0x00C0
[1954] [M]: 0x80011EC4 (0x00C0006F) jal zero, 12


mem[X,0x80011ED0] -> 0xA223
mem[X,0x80011ED2] -> 0x2E20
[1955] [M]: 0x80011ED0 (0x2E20A223) sw sp, 740(ra)
mem[0x8003944C] <- 0x00000002


mem[X,0x80011ED4] -> 0x6537
mem[X,0x80011ED6] -> 0x6666
[1956] [M]: 0x80011ED4 (0x66666537) lui a0, 419430
x10 <- 0x66666000


mem[X,0x80011ED8] -> 0x0513
mem[X,0x80011EDA] -> 0x6665
[1957] [M]: 0x80011ED8 (0x66650513) addi a0, a0, 1638
x10 <- 0x66666666


mem[X,0x80011EDC] -> 0x0593
mem[X,0x80011EDE] -> 0x0050
[1958] [M]: 0x80011EDC (0x00500593) addi a1, zero, 5
x11 <- 0x00000005


mem[X,0x80011EE0] -> 0x0113
mem[X,0x80011EE2] -> 0x0000
[1959] [M]: 0x80011EE0 (0x00000113) addi sp, zero, 0
x2 <- 0x00000000


mem[X,0x80011EE4] -> 0x006F
mem[X,0x80011EE6] -> 0x00C0
[1960] [M]: 0x80011EE4 (0x00C0006F) jal zero, 12


mem[X,0x80011EF0] -> 0x4063
mem[X,0x80011EF2] -> 0x04B5
[1961] [M]: 0x80011EF0 (0x04B54063) blt a0, a1, 64


mem[X,0x80011EF4] -> 0x0113
mem[X,0x80011EF6] -> 0x0021
[1962] [M]: 0x80011EF4 (0x00210113) addi sp, sp, 2
x2 <- 0x00000002


mem[X,0x80011EF8] -> 0x006F
mem[X,0x80011EFA] -> 0x0400
[1963] [M]: 0x80011EF8 (0x0400006F) jal zero, 64


mem[X,0x80011F38] -> 0xA423
mem[X,0x80011F3A] -> 0x2E20
[1964] [M]: 0x80011F38 (0x2E20A423) sw sp, 744(ra)
mem[0x80039450] <- 0x00000002


mem[X,0x80011F3C] -> 0x6537
mem[X,0x80011F3E] -> 0x6666
[1965] [M]: 0x80011F3C (0x66666537) lui a0, 419430
x10 <- 0x66666000


mem[X,0x80011F40] -> 0x0513
mem[X,0x80011F42] -> 0x6665
[1966] [M]: 0x80011F40 (0x66650513) addi a0, a0, 1638
x10 <- 0x66666666


mem[X,0x80011F44] -> 0x35B7
mem[X,0x80011F46] -> 0x3333
[1967] [M]: 0x80011F44 (0x333335B7) lui a1, 209715
x11 <- 0x33333000


mem[X,0x80011F48] -> 0x8593
mem[X,0x80011F4A] -> 0x3335
[1968] [M]: 0x80011F48 (0x33358593) addi a1, a1, 819
x11 <- 0x33333333


mem[X,0x80011F4C] -> 0x0113
mem[X,0x80011F4E] -> 0x0000
[1969] [M]: 0x80011F4C (0x00000113) addi sp, zero, 0
x2 <- 0x00000000


mem[X,0x80011F50] -> 0x006F
mem[X,0x80011F52] -> 0x2B10
[1970] [M]: 0x80011F50 (0x2B10006F) jal zero, 2736


mem[X,0x80012A00] -> 0x4A63
mem[X,0x80012A02] -> 0xD4B5
[1971] [M]: 0x80012A00 (0xD4B54A63) blt a0, a1, 5460


mem[X,0x80012A04] -> 0x0113
mem[X,0x80012A06] -> 0x0021
[1972] [M]: 0x80012A04 (0x00210113) addi sp, sp, 2
x2 <- 0x00000002


mem[X,0x80012A08] -> 0x006F
mem[X,0x80012A0A] -> 0x00C0
[1973] [M]: 0x80012A08 (0x00C0006F) jal zero, 12


mem[X,0x80012A14] -> 0xA623
mem[X,0x80012A16] -> 0x2E20
[1974] [M]: 0x80012A14 (0x2E20A623) sw sp, 748(ra)
mem[0x80039454] <- 0x00000002


mem[X,0x80012A18] -> 0x6537
mem[X,0x80012A1A] -> 0x6666
[1975] [M]: 0x80012A18 (0x66666537) lui a0, 419430
x10 <- 0x66666000


mem[X,0x80012A1C] -> 0x0513
mem[X,0x80012A1E] -> 0x6665
[1976] [M]: 0x80012A1C (0x66650513) addi a0, a0, 1638
x10 <- 0x66666666


mem[X,0x80012A20] -> 0x65B7
mem[X,0x80012A22] -> 0x6666
[1977] [M]: 0x80012A20 (0x666665B7) lui a1, 419430
x11 <- 0x66666000


mem[X,0x80012A24] -> 0x8593
mem[X,0x80012A26] -> 0x6665
[1978] [M]: 0x80012A24 (0x66658593) addi a1, a1, 1638
x11 <- 0x66666666


mem[X,0x80012A28] -> 0x0113
mem[X,0x80012A2A] -> 0x0000
[1979] [M]: 0x80012A28 (0x00000113) addi sp, zero, 0
x2 <- 0x00000000


mem[X,0x80012A2C] -> 0x006F
mem[X,0x80012A2E] -> 0x00C0
[1980] [M]: 0x80012A2C (0x00C0006F) jal zero, 12


mem[X,0x80012A38] -> 0x4663
mem[X,0x80012A3A] -> 0x00B5
[1981] [M]: 0x80012A38 (0x00B54663) blt a0, a1, 12


mem[X,0x80012A3C] -> 0x0113
mem[X,0x80012A3E] -> 0x0021
[1982] [M]: 0x80012A3C (0x00210113) addi sp, sp, 2
x2 <- 0x00000002


mem[X,0x80012A40] -> 0x006F
mem[X,0x80012A42] -> 0x00C0
[1983] [M]: 0x80012A40 (0x00C0006F) jal zero, 12


mem[X,0x80012A4C] -> 0xA823
mem[X,0x80012A4E] -> 0x2E20
[1984] [M]: 0x80012A4C (0x2E20A823) sw sp, 752(ra)
mem[0x80039458] <- 0x00000002


mem[X,0x80012A50] -> 0x6537
mem[X,0x80012A52] -> 0x6666
[1985] [M]: 0x80012A50 (0x66666537) lui a0, 419430
x10 <- 0x66666000


mem[X,0x80012A54] -> 0x0513
mem[X,0x80012A56] -> 0x6665
[1986] [M]: 0x80012A54 (0x66650513) addi a0, a0, 1638
x10 <- 0x66666666


mem[X,0x80012A58] -> 0x55B7
mem[X,0x80012A5A] -> 0xFFFF
[1987] [M]: 0x80012A58 (0xFFFF55B7) lui a1, 1048565
x11 <- 0xFFFF5000


mem[X,0x80012A5C] -> 0x8593
mem[X,0x80012A5E] -> 0xAFC5
[1988] [M]: 0x80012A5C (0xAFC58593) addi a1, a1, 2812
x11 <- 0xFFFF4AFC


mem[X,0x80012A60] -> 0x0113
mem[X,0x80012A62] -> 0x0000
[1989] [M]: 0x80012A60 (0x00000113) addi sp, zero, 0
x2 <- 0x00000000


mem[X,0x80012A64] -> 0x006F
mem[X,0x80012A66] -> 0x00C0
[1990] [M]: 0x80012A64 (0x00C0006F) jal zero, 12


mem[X,0x80012A70] -> 0x4663
mem[X,0x80012A72] -> 0x00B5
[1991] [M]: 0x80012A70 (0x00B54663) blt a0, a1, 12


mem[X,0x80012A74] -> 0x0113
mem[X,0x80012A76] -> 0x0021
[1992] [M]: 0x80012A74 (0x00210113) addi sp, sp, 2
x2 <- 0x00000002


mem[X,0x80012A78] -> 0x006F
mem[X,0x80012A7A] -> 0x00C0
[1993] [M]: 0x80012A78 (0x00C0006F) jal zero, 12


mem[X,0x80012A84] -> 0xAA23
mem[X,0x80012A86] -> 0x2E20
[1994] [M]: 0x80012A84 (0x2E20AA23) sw sp, 756(ra)
mem[0x8003945C] <- 0x00000002


mem[X,0x80012A88] -> 0x6537
mem[X,0x80012A8A] -> 0x6666
[1995] [M]: 0x80012A88 (0x66666537) lui a0, 419430
x10 <- 0x66666000


mem[X,0x80012A8C] -> 0x0513
mem[X,0x80012A8E] -> 0x6665
[1996] [M]: 0x80012A8C (0x66650513) addi a0, a0, 1638
x10 <- 0x66666666


mem[X,0x80012A90] -> 0xB5B7
mem[X,0x80012A92] -> 0x0000
[1997] [M]: 0x80012A90 (0x0000B5B7) lui a1, 11
x11 <- 0x0000B000


mem[X,0x80012A94] -> 0x8593
mem[X,0x80012A96] -> 0x5045
[1998] [M]: 0x80012A94 (0x50458593) addi a1, a1, 1284
x11 <- 0x0000B504


mem[X,0x80012A98] -> 0x0113
mem[X,0x80012A9A] -> 0x0000
[1999] [M]: 0x80012A98 (0x00000113) addi sp, zero, 0
x2 <- 0x00000000


clint::tick mtime <- 0x0000000000000014
 clint timer pending at mtime 0x0000000000000014
htif::tick 0x0000000000000000
mem[X,0x80012A9C] -> 0x006F
mem[X,0x80012A9E] -> 0x00C0
[2000] [M]: 0x80012A9C (0x00C0006F) jal zero, 12


mem[X,0x80012AA8] -> 0x4663
mem[X,0x80012AAA] -> 0x00B5
[2001] [M]: 0x80012AA8 (0x00B54663) blt a0, a1, 12


mem[X,0x80012AAC] -> 0x0113
mem[X,0x80012AAE] -> 0x0021
[2002] [M]: 0x80012AAC (0x00210113) addi sp, sp, 2
x2 <- 0x00000002


mem[X,0x80012AB0] -> 0x006F
mem[X,0x80012AB2] -> 0x00C0
[2003] [M]: 0x80012AB0 (0x00C0006F) jal zero, 12


mem[X,0x80012ABC] -> 0xAC23
mem[X,0x80012ABE] -> 0x2E20
[2004] [M]: 0x80012ABC (0x2E20AC23) sw sp, 760(ra)
mem[0x80039460] <- 0x00000002


mem[X,0x80012AC0] -> 0x6537
mem[X,0x80012AC2] -> 0x6666
[2005] [M]: 0x80012AC0 (0x66666537) lui a0, 419430
x10 <- 0x66666000


mem[X,0x80012AC4] -> 0x0513
mem[X,0x80012AC6] -> 0x6665
[2006] [M]: 0x80012AC4 (0x66650513) addi a0, a0, 1638
x10 <- 0x66666666


mem[X,0x80012AC8] -> 0x0593
mem[X,0x80012ACA] -> 0x0020
[2007] [M]: 0x80012AC8 (0x00200593) addi a1, zero, 2
x11 <- 0x00000002


mem[X,0x80012ACC] -> 0x0113
mem[X,0x80012ACE] -> 0x0000
[2008] [M]: 0x80012ACC (0x00000113) addi sp, zero, 0
x2 <- 0x00000000


mem[X,0x80012AD0] -> 0x006F
mem[X,0x80012AD2] -> 0x0140
[2009] [M]: 0x80012AD0 (0x0140006F) jal zero, 20


mem[X,0x80012AE4] -> 0x48E3
mem[X,0x80012AE6] -> 0xFEB5
[2010] [M]: 0x80012AE4 (0xFEB548E3) blt a0, a1, 8176


mem[X,0x80012AE8] -> 0x0113
mem[X,0x80012AEA] -> 0x0021
[2011] [M]: 0x80012AE8 (0x00210113) addi sp, sp, 2
x2 <- 0x00000002


mem[X,0x80012AEC] -> 0x006F
mem[X,0x80012AEE] -> 0x00C0
[2012] [M]: 0x80012AEC (0x00C0006F) jal zero, 12


mem[X,0x80012AF8] -> 0xAE23
mem[X,0x80012AFA] -> 0x2E20
[2013] [M]: 0x80012AF8 (0x2E20AE23) sw sp, 764(ra)
mem[0x80039464] <- 0x00000002


mem[X,0x80012AFC] -> 0x6537
mem[X,0x80012AFE] -> 0x6666
[2014] [M]: 0x80012AFC (0x66666537) lui a0, 419430
x10 <- 0x66666000


mem[X,0x80012B00] -> 0x0513
mem[X,0x80012B02] -> 0x6665
[2015] [M]: 0x80012B00 (0x66650513) addi a0, a0, 1638
x10 <- 0x66666666


mem[X,0x80012B04] -> 0x55B7
mem[X,0x80012B06] -> 0x5555
[2016] [M]: 0x80012B04 (0x555555B7) lui a1, 349525
x11 <- 0x55555000


mem[X,0x80012B08] -> 0x8593
mem[X,0x80012B0A] -> 0x5545
[2017] [M]: 0x80012B08 (0x55458593) addi a1, a1, 1364
x11 <- 0x55555554


mem[X,0x80012B0C] -> 0x0113
mem[X,0x80012B0E] -> 0x0000
[2018] [M]: 0x80012B0C (0x00000113) addi sp, zero, 0
x2 <- 0x00000000


mem[X,0x80012B10] -> 0x006F
mem[X,0x80012B12] -> 0x00C0
[2019] [M]: 0x80012B10 (0x00C0006F) jal zero, 12


mem[X,0x80012B1C] -> 0x4663
mem[X,0x80012B1E] -> 0x00B5
[2020] [M]: 0x80012B1C (0x00B54663) blt a0, a1, 12


mem[X,0x80012B20] -> 0x0113
mem[X,0x80012B22] -> 0x0021
[2021] [M]: 0x80012B20 (0x00210113) addi sp, sp, 2
x2 <- 0x00000002


mem[X,0x80012B24] -> 0x006F
mem[X,0x80012B26] -> 0x00C0
[2022] [M]: 0x80012B24 (0x00C0006F) jal zero, 12


mem[X,0x80012B30] -> 0xA023
mem[X,0x80012B32] -> 0x3020
[2023] [M]: 0x80012B30 (0x3020A023) sw sp, 768(ra)
mem[0x80039468] <- 0x00000002


mem[X,0x80012B34] -> 0x6537
mem[X,0x80012B36] -> 0x6666
[2024] [M]: 0x80012B34 (0x66666537) lui a0, 419430
x10 <- 0x66666000


mem[X,0x80012B38] -> 0x0513
mem[X,0x80012B3A] -> 0x6665
[2025] [M]: 0x80012B38 (0x66650513) addi a0, a0, 1638
x10 <- 0x66666666


mem[X,0x80012B3C] -> 0x0593
mem[X,0x80012B3E] -> 0x0000
[2026] [M]: 0x80012B3C (0x00000593) addi a1, zero, 0
x11 <- 0x00000000


mem[X,0x80012B40] -> 0x0113
mem[X,0x80012B42] -> 0x0000
[2027] [M]: 0x80012B40 (0x00000113) addi sp, zero, 0
x2 <- 0x00000000


mem[X,0x80012B44] -> 0x006F
mem[X,0x80012B46] -> 0x0100
[2028] [M]: 0x80012B44 (0x0100006F) jal zero, 16


mem[X,0x80012B54] -> 0x4AE3
mem[X,0x80012B56] -> 0xFEB5
[2029] [M]: 0x80012B54 (0xFEB54AE3) blt a0, a1, 8180


mem[X,0x80012B58] -> 0x0113
mem[X,0x80012B5A] -> 0x0021
[2030] [M]: 0x80012B58 (0x00210113) addi sp, sp, 2
x2 <- 0x00000002


mem[X,0x80012B5C] -> 0x006F
mem[X,0x80012B5E] -> 0x00C0
[2031] [M]: 0x80012B5C (0x00C0006F) jal zero, 12


mem[X,0x80012B68] -> 0xA223
mem[X,0x80012B6A] -> 0x3020
[2032] [M]: 0x80012B68 (0x3020A223) sw sp, 772(ra)
mem[0x8003946C] <- 0x00000002


mem[X,0x80012B6C] -> 0x6537
mem[X,0x80012B6E] -> 0x6666
[2033] [M]: 0x80012B6C (0x66666537) lui a0, 419430
x10 <- 0x66666000


mem[X,0x80012B70] -> 0x0513
mem[X,0x80012B72] -> 0x6665
[2034] [M]: 0x80012B70 (0x66650513) addi a0, a0, 1638
x10 <- 0x66666666


mem[X,0x80012B74] -> 0x0593
mem[X,0x80012B76] -> 0x0040
[2035] [M]: 0x80012B74 (0x00400593) addi a1, zero, 4
x11 <- 0x00000004


mem[X,0x80012B78] -> 0x0113
mem[X,0x80012B7A] -> 0x0000
[2036] [M]: 0x80012B78 (0x00000113) addi sp, zero, 0
x2 <- 0x00000000


mem[X,0x80012B7C] -> 0x006F
mem[X,0x80012B7E] -> 0x00C0
[2037] [M]: 0x80012B7C (0x00C0006F) jal zero, 12


mem[X,0x80012B88] -> 0x4063
mem[X,0x80012B8A] -> 0x04B5
[2038] [M]: 0x80012B88 (0x04B54063) blt a0, a1, 64


mem[X,0x80012B8C] -> 0x0113
mem[X,0x80012B8E] -> 0x0021
[2039] [M]: 0x80012B8C (0x00210113) addi sp, sp, 2
x2 <- 0x00000002


mem[X,0x80012B90] -> 0x006F
mem[X,0x80012B92] -> 0x0400
[2040] [M]: 0x80012B90 (0x0400006F) jal zero, 64


mem[X,0x80012BD0] -> 0xA423
mem[X,0x80012BD2] -> 0x3020
[2041] [M]: 0x80012BD0 (0x3020A423) sw sp, 776(ra)
mem[0x80039470] <- 0x00000002


mem[X,0x80012BD4] -> 0x6537
mem[X,0x80012BD6] -> 0x6666
[2042] [M]: 0x80012BD4 (0x66666537) lui a0, 419430
x10 <- 0x66666000


mem[X,0x80012BD8] -> 0x0513
mem[X,0x80012BDA] -> 0x6665
[2043] [M]: 0x80012BD8 (0x66650513) addi a0, a0, 1638
x10 <- 0x66666666


mem[X,0x80012BDC] -> 0x35B7
mem[X,0x80012BDE] -> 0x3333
[2044] [M]: 0x80012BDC (0x333335B7) lui a1, 209715
x11 <- 0x33333000


mem[X,0x80012BE0] -> 0x8593
mem[X,0x80012BE2] -> 0x3325
[2045] [M]: 0x80012BE0 (0x33258593) addi a1, a1, 818
x11 <- 0x33333332


mem[X,0x80012BE4] -> 0x0113
mem[X,0x80012BE6] -> 0x0000
[2046] [M]: 0x80012BE4 (0x00000113) addi sp, zero, 0
x2 <- 0x00000000


mem[X,0x80012BE8] -> 0x006F
mem[X,0x80012BEA] -> 0x0180
[2047] [M]: 0x80012BE8 (0x0180006F) jal zero, 24


mem[X,0x80012C00] -> 0x46E3
mem[X,0x80012C02] -> 0xFEB5
[2048] [M]: 0x80012C00 (0xFEB546E3) blt a0, a1, 8172


mem[X,0x80012C04] -> 0x0113
mem[X,0x80012C06] -> 0x0021
[2049] [M]: 0x80012C04 (0x00210113) addi sp, sp, 2
x2 <- 0x00000002


mem[X,0x80012C08] -> 0x006F
mem[X,0x80012C0A] -> 0x00C0
[2050] [M]: 0x80012C08 (0x00C0006F) jal zero, 12


mem[X,0x80012C14] -> 0xA623
mem[X,0x80012C16] -> 0x3020
[2051] [M]: 0x80012C14 (0x3020A623) sw sp, 780(ra)
mem[0x80039474] <- 0x00000002


mem[X,0x80012C18] -> 0x6537
mem[X,0x80012C1A] -> 0x6666
[2052] [M]: 0x80012C18 (0x66666537) lui a0, 419430
x10 <- 0x66666000


mem[X,0x80012C1C] -> 0x0513
mem[X,0x80012C1E] -> 0x6665
[2053] [M]: 0x80012C1C (0x66650513) addi a0, a0, 1638
x10 <- 0x66666666


mem[X,0x80012C20] -> 0x65B7
mem[X,0x80012C22] -> 0x6666
[2054] [M]: 0x80012C20 (0x666665B7) lui a1, 419430
x11 <- 0x66666000


mem[X,0x80012C24] -> 0x8593
mem[X,0x80012C26] -> 0x6655
[2055] [M]: 0x80012C24 (0x66558593) addi a1, a1, 1637
x11 <- 0x66666665


mem[X,0x80012C28] -> 0x0113
mem[X,0x80012C2A] -> 0x0000
[2056] [M]: 0x80012C28 (0x00000113) addi sp, zero, 0
x2 <- 0x00000000


mem[X,0x80012C2C] -> 0x006F
mem[X,0x80012C2E] -> 0x00C0
[2057] [M]: 0x80012C2C (0x00C0006F) jal zero, 12


mem[X,0x80012C38] -> 0x4063
mem[X,0x80012C3A] -> 0x02B5
[2058] [M]: 0x80012C38 (0x02B54063) blt a0, a1, 32


mem[X,0x80012C3C] -> 0x0113
mem[X,0x80012C3E] -> 0x0021
[2059] [M]: 0x80012C3C (0x00210113) addi sp, sp, 2
x2 <- 0x00000002


mem[X,0x80012C40] -> 0x006F
mem[X,0x80012C42] -> 0x0200
[2060] [M]: 0x80012C40 (0x0200006F) jal zero, 32


mem[X,0x80012C60] -> 0xA823
mem[X,0x80012C62] -> 0x3020
[2061] [M]: 0x80012C60 (0x3020A823) sw sp, 784(ra)
mem[0x80039478] <- 0x00000002


mem[X,0x80012C64] -> 0x6537
mem[X,0x80012C66] -> 0x6666
[2062] [M]: 0x80012C64 (0x66666537) lui a0, 419430
x10 <- 0x66666000


mem[X,0x80012C68] -> 0x0513
mem[X,0x80012C6A] -> 0x6665
[2063] [M]: 0x80012C68 (0x66650513) addi a0, a0, 1638
x10 <- 0x66666666


mem[X,0x80012C6C] -> 0xB5B7
mem[X,0x80012C6E] -> 0x0000
[2064] [M]: 0x80012C6C (0x0000B5B7) lui a1, 11
x11 <- 0x0000B000


mem[X,0x80012C70] -> 0x8593
mem[X,0x80012C72] -> 0x5035
[2065] [M]: 0x80012C70 (0x50358593) addi a1, a1, 1283
x11 <- 0x0000B503


mem[X,0x80012C74] -> 0x0113
mem[X,0x80012C76] -> 0x0000
[2066] [M]: 0x80012C74 (0x00000113) addi sp, zero, 0
x2 <- 0x00000000


mem[X,0x80012C78] -> 0x006F
mem[X,0x80012C7A] -> 0x00C0
[2067] [M]: 0x80012C78 (0x00C0006F) jal zero, 12


mem[X,0x80012C84] -> 0x4CE3
mem[X,0x80012C86] -> 0xFEB5
[2068] [M]: 0x80012C84 (0xFEB54CE3) blt a0, a1, 8184


mem[X,0x80012C88] -> 0x0113
mem[X,0x80012C8A] -> 0x0021
[2069] [M]: 0x80012C88 (0x00210113) addi sp, sp, 2
x2 <- 0x00000002


mem[X,0x80012C8C] -> 0x006F
mem[X,0x80012C8E] -> 0x00C0
[2070] [M]: 0x80012C8C (0x00C0006F) jal zero, 12


mem[X,0x80012C98] -> 0xAA23
mem[X,0x80012C9A] -> 0x3020
[2071] [M]: 0x80012C98 (0x3020AA23) sw sp, 788(ra)
mem[0x8003947C] <- 0x00000002


mem[X,0x80012C9C] -> 0x6537
mem[X,0x80012C9E] -> 0x6666
[2072] [M]: 0x80012C9C (0x66666537) lui a0, 419430
x10 <- 0x66666000


mem[X,0x80012CA0] -> 0x0513
mem[X,0x80012CA2] -> 0x6665
[2073] [M]: 0x80012CA0 (0x66650513) addi a0, a0, 1638
x10 <- 0x66666666


mem[X,0x80012CA4] -> 0x55B7
mem[X,0x80012CA6] -> 0x5555
[2074] [M]: 0x80012CA4 (0x555555B7) lui a1, 349525
x11 <- 0x55555000


mem[X,0x80012CA8] -> 0x8593
mem[X,0x80012CAA] -> 0x5565
[2075] [M]: 0x80012CA8 (0x55658593) addi a1, a1, 1366
x11 <- 0x55555556


mem[X,0x80012CAC] -> 0x0113
mem[X,0x80012CAE] -> 0x0000
[2076] [M]: 0x80012CAC (0x00000113) addi sp, zero, 0
x2 <- 0x00000000


mem[X,0x80012CB0] -> 0x006F
mem[X,0x80012CB2] -> 0x00C0
[2077] [M]: 0x80012CB0 (0x00C0006F) jal zero, 12


mem[X,0x80012CBC] -> 0x4063
mem[X,0x80012CBE] -> 0x20B5
[2078] [M]: 0x80012CBC (0x20B54063) blt a0, a1, 512


mem[X,0x80012CC0] -> 0x0113
mem[X,0x80012CC2] -> 0x0021
[2079] [M]: 0x80012CC0 (0x00210113) addi sp, sp, 2
x2 <- 0x00000002


mem[X,0x80012CC4] -> 0x006F
mem[X,0x80012CC6] -> 0x2000
[2080] [M]: 0x80012CC4 (0x2000006F) jal zero, 512


mem[X,0x80012EC4] -> 0xAC23
mem[X,0x80012EC6] -> 0x3020
[2081] [M]: 0x80012EC4 (0x3020AC23) sw sp, 792(ra)
mem[0x80039480] <- 0x00000002


mem[X,0x80012EC8] -> 0x6537
mem[X,0x80012ECA] -> 0x6666
[2082] [M]: 0x80012EC8 (0x66666537) lui a0, 419430
x10 <- 0x66666000


mem[X,0x80012ECC] -> 0x0513
mem[X,0x80012ECE] -> 0x6665
[2083] [M]: 0x80012ECC (0x66650513) addi a0, a0, 1638
x10 <- 0x66666666


mem[X,0x80012ED0] -> 0xB5B7
mem[X,0x80012ED2] -> 0xAAAA
[2084] [M]: 0x80012ED0 (0xAAAAB5B7) lui a1, 699051
x11 <- 0xAAAAB000


mem[X,0x80012ED4] -> 0x8593
mem[X,0x80012ED6] -> 0xAAB5
[2085] [M]: 0x80012ED4 (0xAAB58593) addi a1, a1, 2731
x11 <- 0xAAAAAAAB


mem[X,0x80012ED8] -> 0x0113
mem[X,0x80012EDA] -> 0x0000
[2086] [M]: 0x80012ED8 (0x00000113) addi sp, zero, 0
x2 <- 0x00000000


mem[X,0x80012EDC] -> 0x006F
mem[X,0x80012EDE] -> 0x0050
[2087] [M]: 0x80012EDC (0x0050006F) jal zero, 2052


mem[X,0x800136E0] -> 0x40E3
mem[X,0x800136E2] -> 0x80B5
[2088] [M]: 0x800136E0 (0x80B540E3) blt a0, a1, 6144


mem[X,0x800136E4] -> 0x0113
mem[X,0x800136E6] -> 0x0021
[2089] [M]: 0x800136E4 (0x00210113) addi sp, sp, 2
x2 <- 0x00000002


mem[X,0x800136E8] -> 0x006F
mem[X,0x800136EA] -> 0x00C0
[2090] [M]: 0x800136E8 (0x00C0006F) jal zero, 12


mem[X,0x800136F4] -> 0xAE23
mem[X,0x800136F6] -> 0x3020
[2091] [M]: 0x800136F4 (0x3020AE23) sw sp, 796(ra)
mem[0x80039484] <- 0x00000002


mem[X,0x800136F8] -> 0x6537
mem[X,0x800136FA] -> 0x6666
[2092] [M]: 0x800136F8 (0x66666537) lui a0, 419430
x10 <- 0x66666000


mem[X,0x800136FC] -> 0x0513
mem[X,0x800136FE] -> 0x6665
[2093] [M]: 0x800136FC (0x66650513) addi a0, a0, 1638
x10 <- 0x66666666


mem[X,0x80013700] -> 0x0593
mem[X,0x80013702] -> 0x0060
[2094] [M]: 0x80013700 (0x00600593) addi a1, zero, 6
x11 <- 0x00000006


mem[X,0x80013704] -> 0x0113
mem[X,0x80013706] -> 0x0000
[2095] [M]: 0x80013704 (0x00000113) addi sp, zero, 0
x2 <- 0x00000000


mem[X,0x80013708] -> 0x006F
mem[X,0x8001370A] -> 0x00C0
[2096] [M]: 0x80013708 (0x00C0006F) jal zero, 12


mem[X,0x80013714] -> 0x4663
mem[X,0x80013716] -> 0x00B5
[2097] [M]: 0x80013714 (0x00B54663) blt a0, a1, 12


mem[X,0x80013718] -> 0x0113
mem[X,0x8001371A] -> 0x0021
[2098] [M]: 0x80013718 (0x00210113) addi sp, sp, 2
x2 <- 0x00000002


mem[X,0x8001371C] -> 0x006F
mem[X,0x8001371E] -> 0x00C0
[2099] [M]: 0x8001371C (0x00C0006F) jal zero, 12


clint::tick mtime <- 0x0000000000000015
 clint timer pending at mtime 0x0000000000000015
htif::tick 0x0000000000000000
mem[X,0x80013728] -> 0xA023
mem[X,0x8001372A] -> 0x3220
[2100] [M]: 0x80013728 (0x3220A023) sw sp, 800(ra)
mem[0x80039488] <- 0x00000002


mem[X,0x8001372C] -> 0x6537
mem[X,0x8001372E] -> 0x6666
[2101] [M]: 0x8001372C (0x66666537) lui a0, 419430
x10 <- 0x66666000


mem[X,0x80013730] -> 0x0513
mem[X,0x80013732] -> 0x6665
[2102] [M]: 0x80013730 (0x66650513) addi a0, a0, 1638
x10 <- 0x66666666


mem[X,0x80013734] -> 0x35B7
mem[X,0x80013736] -> 0x3333
[2103] [M]: 0x80013734 (0x333335B7) lui a1, 209715
x11 <- 0x33333000


mem[X,0x80013738] -> 0x8593
mem[X,0x8001373A] -> 0x3345
[2104] [M]: 0x80013738 (0x33458593) addi a1, a1, 820
x11 <- 0x33333334


mem[X,0x8001373C] -> 0x0113
mem[X,0x8001373E] -> 0x0000
[2105] [M]: 0x8001373C (0x00000113) addi sp, zero, 0
x2 <- 0x00000000


mem[X,0x80013740] -> 0x006F
mem[X,0x80013742] -> 0x00C0
[2106] [M]: 0x80013740 (0x00C0006F) jal zero, 12


mem[X,0x8001374C] -> 0x4663
mem[X,0x8001374E] -> 0x00B5
[2107] [M]: 0x8001374C (0x00B54663) blt a0, a1, 12


mem[X,0x80013750] -> 0x0113
mem[X,0x80013752] -> 0x0021
[2108] [M]: 0x80013750 (0x00210113) addi sp, sp, 2
x2 <- 0x00000002


mem[X,0x80013754] -> 0x006F
mem[X,0x80013756] -> 0x00C0
[2109] [M]: 0x80013754 (0x00C0006F) jal zero, 12


mem[X,0x80013760] -> 0xA223
mem[X,0x80013762] -> 0x3220
[2110] [M]: 0x80013760 (0x3220A223) sw sp, 804(ra)
mem[0x8003948C] <- 0x00000002


mem[X,0x80013764] -> 0x6537
mem[X,0x80013766] -> 0x6666
[2111] [M]: 0x80013764 (0x66666537) lui a0, 419430
x10 <- 0x66666000


mem[X,0x80013768] -> 0x0513
mem[X,0x8001376A] -> 0x6665
[2112] [M]: 0x80013768 (0x66650513) addi a0, a0, 1638
x10 <- 0x66666666


mem[X,0x8001376C] -> 0x65B7
mem[X,0x8001376E] -> 0x6666
[2113] [M]: 0x8001376C (0x666665B7) lui a1, 419430
x11 <- 0x66666000


mem[X,0x80013770] -> 0x8593
mem[X,0x80013772] -> 0x6675
[2114] [M]: 0x80013770 (0x66758593) addi a1, a1, 1639
x11 <- 0x66666667


mem[X,0x80013774] -> 0x0113
mem[X,0x80013776] -> 0x0000
[2115] [M]: 0x80013774 (0x00000113) addi sp, zero, 0
x2 <- 0x00000000


mem[X,0x80013778] -> 0x006F
mem[X,0x8001377A] -> 0x00C0
[2116] [M]: 0x80013778 (0x00C0006F) jal zero, 12


mem[X,0x80013784] -> 0x4863
mem[X,0x80013786] -> 0x00B5
[2117] [M]: 0x80013784 (0x00B54863) blt a0, a1, 16


mem[X,0x80013794] -> 0x0113
mem[X,0x80013796] -> 0x0031
[2118] [M]: 0x80013794 (0x00310113) addi sp, sp, 3
x2 <- 0x00000003


mem[X,0x80013798] -> 0x006F
mem[X,0x8001379A] -> 0x0040
[2119] [M]: 0x80013798 (0x0040006F) jal zero, 4


mem[X,0x8001379C] -> 0xA423
mem[X,0x8001379E] -> 0x3220
[2120] [M]: 0x8001379C (0x3220A423) sw sp, 808(ra)
mem[0x80039490] <- 0x00000003


mem[X,0x800137A0] -> 0x6537
mem[X,0x800137A2] -> 0x6666
[2121] [M]: 0x800137A0 (0x66666537) lui a0, 419430
x10 <- 0x66666000


mem[X,0x800137A4] -> 0x0513
mem[X,0x800137A6] -> 0x6665
[2122] [M]: 0x800137A4 (0x66650513) addi a0, a0, 1638
x10 <- 0x66666666


mem[X,0x800137A8] -> 0x55B7
mem[X,0x800137AA] -> 0xFFFF
[2123] [M]: 0x800137A8 (0xFFFF55B7) lui a1, 1048565
x11 <- 0xFFFF5000


mem[X,0x800137AC] -> 0x8593
mem[X,0x800137AE] -> 0xAFD5
[2124] [M]: 0x800137AC (0xAFD58593) addi a1, a1, 2813
x11 <- 0xFFFF4AFD


mem[X,0x800137B0] -> 0x0113
mem[X,0x800137B2] -> 0x0000
[2125] [M]: 0x800137B0 (0x00000113) addi sp, zero, 0
x2 <- 0x00000000


mem[X,0x800137B4] -> 0x006F
mem[X,0x800137B6] -> 0x00C0
[2126] [M]: 0x800137B4 (0x00C0006F) jal zero, 12


mem[X,0x800137C0] -> 0x4CE3
mem[X,0x800137C2] -> 0xFEB5
[2127] [M]: 0x800137C0 (0xFEB54CE3) blt a0, a1, 8184


mem[X,0x800137C4] -> 0x0113
mem[X,0x800137C6] -> 0x0021
[2128] [M]: 0x800137C4 (0x00210113) addi sp, sp, 2
x2 <- 0x00000002


mem[X,0x800137C8] -> 0x006F
mem[X,0x800137CA] -> 0x00C0
[2129] [M]: 0x800137C8 (0x00C0006F) jal zero, 12


mem[X,0x800137D4] -> 0xA623
mem[X,0x800137D6] -> 0x3220
[2130] [M]: 0x800137D4 (0x3220A623) sw sp, 812(ra)
mem[0x80039494] <- 0x00000002


mem[X,0x800137D8] -> 0x6537
mem[X,0x800137DA] -> 0x6666
[2131] [M]: 0x800137D8 (0x66666537) lui a0, 419430
x10 <- 0x66666000


mem[X,0x800137DC] -> 0x0513
mem[X,0x800137DE] -> 0x6665
[2132] [M]: 0x800137DC (0x66650513) addi a0, a0, 1638
x10 <- 0x66666666


mem[X,0x800137E0] -> 0xB5B7
mem[X,0x800137E2] -> 0x0000
[2133] [M]: 0x800137E0 (0x0000B5B7) lui a1, 11
x11 <- 0x0000B000


mem[X,0x800137E4] -> 0x8593
mem[X,0x800137E6] -> 0x5055
[2134] [M]: 0x800137E4 (0x50558593) addi a1, a1, 1285
x11 <- 0x0000B505


mem[X,0x800137E8] -> 0x0113
mem[X,0x800137EA] -> 0x0000
[2135] [M]: 0x800137E8 (0x00000113) addi sp, zero, 0
x2 <- 0x00000000


mem[X,0x800137EC] -> 0x006F
mem[X,0x800137EE] -> 0x00C0
[2136] [M]: 0x800137EC (0x00C0006F) jal zero, 12


mem[X,0x800137F8] -> 0x4063
mem[X,0x800137FA] -> 0x40B5
[2137] [M]: 0x800137F8 (0x40B54063) blt a0, a1, 1024


mem[X,0x800137FC] -> 0x0113
mem[X,0x800137FE] -> 0x0021
[2138] [M]: 0x800137FC (0x00210113) addi sp, sp, 2
x2 <- 0x00000002


mem[X,0x80013800] -> 0x006F
mem[X,0x80013802] -> 0x4000
[2139] [M]: 0x80013800 (0x4000006F) jal zero, 1024


mem[X,0x80013C00] -> 0xA823
mem[X,0x80013C02] -> 0x3220
[2140] [M]: 0x80013C00 (0x3220A823) sw sp, 816(ra)
mem[0x80039498] <- 0x00000002


mem[X,0x80013C04] -> 0x5537
mem[X,0x80013C06] -> 0xFFFF
[2141] [M]: 0x80013C04 (0xFFFF5537) lui a0, 1048565
x10 <- 0xFFFF5000


mem[X,0x80013C08] -> 0x0513
mem[X,0x80013C0A] -> 0xAFC5
[2142] [M]: 0x80013C08 (0xAFC50513) addi a0, a0, 2812
x10 <- 0xFFFF4AFC


mem[X,0x80013C0C] -> 0x0593
mem[X,0x80013C0E] -> 0x0030
[2143] [M]: 0x80013C0C (0x00300593) addi a1, zero, 3
x11 <- 0x00000003


mem[X,0x80013C10] -> 0x0113
mem[X,0x80013C12] -> 0x0000
[2144] [M]: 0x80013C10 (0x00000113) addi sp, zero, 0
x2 <- 0x00000000


mem[X,0x80013C14] -> 0x006F
mem[X,0x80013C16] -> 0x0140
[2145] [M]: 0x80013C14 (0x0140006F) jal zero, 20


mem[X,0x80013C28] -> 0x48E3
mem[X,0x80013C2A] -> 0xFEB5
[2146] [M]: 0x80013C28 (0xFEB548E3) blt a0, a1, 8176


mem[X,0x80013C18] -> 0x0113
mem[X,0x80013C1A] -> 0x0011
[2147] [M]: 0x80013C18 (0x00110113) addi sp, sp, 1
x2 <- 0x00000001


mem[X,0x80013C1C] -> 0x006F
mem[X,0x80013C1E] -> 0x0200
[2148] [M]: 0x80013C1C (0x0200006F) jal zero, 32


mem[X,0x80013C3C] -> 0xAA23
mem[X,0x80013C3E] -> 0x3220
[2149] [M]: 0x80013C3C (0x3220AA23) sw sp, 820(ra)
mem[0x8003949C] <- 0x00000001


mem[X,0x80013C40] -> 0x5537
mem[X,0x80013C42] -> 0xFFFF
[2150] [M]: 0x80013C40 (0xFFFF5537) lui a0, 1048565
x10 <- 0xFFFF5000


mem[X,0x80013C44] -> 0x0513
mem[X,0x80013C46] -> 0xAFC5
[2151] [M]: 0x80013C44 (0xAFC50513) addi a0, a0, 2812
x10 <- 0xFFFF4AFC


mem[X,0x80013C48] -> 0x55B7
mem[X,0x80013C4A] -> 0x5555
[2152] [M]: 0x80013C48 (0x555555B7) lui a1, 349525
x11 <- 0x55555000


mem[X,0x80013C4C] -> 0x8593
mem[X,0x80013C4E] -> 0x5555
[2153] [M]: 0x80013C4C (0x55558593) addi a1, a1, 1365
x11 <- 0x55555555


mem[X,0x80013C50] -> 0x0113
mem[X,0x80013C52] -> 0x0000
[2154] [M]: 0x80013C50 (0x00000113) addi sp, zero, 0
x2 <- 0x00000000


mem[X,0x80013C54] -> 0x006F
mem[X,0x80013C56] -> 0x00C0
[2155] [M]: 0x80013C54 (0x00C0006F) jal zero, 12


mem[X,0x80013C60] -> 0x4663
mem[X,0x80013C62] -> 0x00B5
[2156] [M]: 0x80013C60 (0x00B54663) blt a0, a1, 12


mem[X,0x80013C6C] -> 0x0113
mem[X,0x80013C6E] -> 0x0031
[2157] [M]: 0x80013C6C (0x00310113) addi sp, sp, 3
x2 <- 0x00000003


mem[X,0x80013C70] -> 0x006F
mem[X,0x80013C72] -> 0x0040
[2158] [M]: 0x80013C70 (0x0040006F) jal zero, 4


mem[X,0x80013C74] -> 0xAC23
mem[X,0x80013C76] -> 0x3220
[2159] [M]: 0x80013C74 (0x3220AC23) sw sp, 824(ra)
mem[0x800394A0] <- 0x00000003


mem[X,0x80013C78] -> 0x5537
mem[X,0x80013C7A] -> 0xFFFF
[2160] [M]: 0x80013C78 (0xFFFF5537) lui a0, 1048565
x10 <- 0xFFFF5000


mem[X,0x80013C7C] -> 0x0513
mem[X,0x80013C7E] -> 0xAFC5
[2161] [M]: 0x80013C7C (0xAFC50513) addi a0, a0, 2812
x10 <- 0xFFFF4AFC


mem[X,0x80013C80] -> 0xB5B7
mem[X,0x80013C82] -> 0xAAAA
[2162] [M]: 0x80013C80 (0xAAAAB5B7) lui a1, 699051
x11 <- 0xAAAAB000


mem[X,0x80013C84] -> 0x8593
mem[X,0x80013C86] -> 0xAAA5
[2163] [M]: 0x80013C84 (0xAAA58593) addi a1, a1, 2730
x11 <- 0xAAAAAAAA


mem[X,0x80013C88] -> 0x0113
mem[X,0x80013C8A] -> 0x0000
[2164] [M]: 0x80013C88 (0x00000113) addi sp, zero, 0
x2 <- 0x00000000


mem[X,0x80013C8C] -> 0x006F
mem[X,0x80013C8E] -> 0x0140
[2165] [M]: 0x80013C8C (0x0140006F) jal zero, 20


mem[X,0x80013CA0] -> 0x48E3
mem[X,0x80013CA2] -> 0xFEB5
[2166] [M]: 0x80013CA0 (0xFEB548E3) blt a0, a1, 8176


mem[X,0x80013CA4] -> 0x0113
mem[X,0x80013CA6] -> 0x0021
[2167] [M]: 0x80013CA4 (0x00210113) addi sp, sp, 2
x2 <- 0x00000002


mem[X,0x80013CA8] -> 0x006F
mem[X,0x80013CAA] -> 0x00C0
[2168] [M]: 0x80013CA8 (0x00C0006F) jal zero, 12


mem[X,0x80013CB4] -> 0xAE23
mem[X,0x80013CB6] -> 0x3220
[2169] [M]: 0x80013CB4 (0x3220AE23) sw sp, 828(ra)
mem[0x800394A4] <- 0x00000002


mem[X,0x80013CB8] -> 0x5537
mem[X,0x80013CBA] -> 0xFFFF
[2170] [M]: 0x80013CB8 (0xFFFF5537) lui a0, 1048565
x10 <- 0xFFFF5000


mem[X,0x80013CBC] -> 0x0513
mem[X,0x80013CBE] -> 0xAFC5
[2171] [M]: 0x80013CBC (0xAFC50513) addi a0, a0, 2812
x10 <- 0xFFFF4AFC


mem[X,0x80013CC0] -> 0x0593
mem[X,0x80013CC2] -> 0x0050
[2172] [M]: 0x80013CC0 (0x00500593) addi a1, zero, 5
x11 <- 0x00000005


mem[X,0x80013CC4] -> 0x0113
mem[X,0x80013CC6] -> 0x0000
[2173] [M]: 0x80013CC4 (0x00000113) addi sp, zero, 0
x2 <- 0x00000000


mem[X,0x80013CC8] -> 0x006F
mem[X,0x80013CCA] -> 0x00C0
[2174] [M]: 0x80013CC8 (0x00C0006F) jal zero, 12


mem[X,0x80013CD4] -> 0x4663
mem[X,0x80013CD6] -> 0x00B5
[2175] [M]: 0x80013CD4 (0x00B54663) blt a0, a1, 12


mem[X,0x80013CE0] -> 0x0113
mem[X,0x80013CE2] -> 0x0031
[2176] [M]: 0x80013CE0 (0x00310113) addi sp, sp, 3
x2 <- 0x00000003


mem[X,0x80013CE4] -> 0x006F
mem[X,0x80013CE6] -> 0x0040
[2177] [M]: 0x80013CE4 (0x0040006F) jal zero, 4


mem[X,0x80013CE8] -> 0xA023
mem[X,0x80013CEA] -> 0x3420
[2178] [M]: 0x80013CE8 (0x3420A023) sw sp, 832(ra)
mem[0x800394A8] <- 0x00000003


mem[X,0x80013CEC] -> 0x5537
mem[X,0x80013CEE] -> 0xFFFF
[2179] [M]: 0x80013CEC (0xFFFF5537) lui a0, 1048565
x10 <- 0xFFFF5000


mem[X,0x80013CF0] -> 0x0513
mem[X,0x80013CF2] -> 0xAFC5
[2180] [M]: 0x80013CF0 (0xAFC50513) addi a0, a0, 2812
x10 <- 0xFFFF4AFC


mem[X,0x80013CF4] -> 0x35B7
mem[X,0x80013CF6] -> 0x3333
[2181] [M]: 0x80013CF4 (0x333335B7) lui a1, 209715
x11 <- 0x33333000


mem[X,0x80013CF8] -> 0x8593
mem[X,0x80013CFA] -> 0x3335
[2182] [M]: 0x80013CF8 (0x33358593) addi a1, a1, 819
x11 <- 0x33333333


mem[X,0x80013CFC] -> 0x0113
mem[X,0x80013CFE] -> 0x0000
[2183] [M]: 0x80013CFC (0x00000113) addi sp, zero, 0
x2 <- 0x00000000


mem[X,0x80013D00] -> 0x006F
mem[X,0x80013D02] -> 0x00C0
[2184] [M]: 0x80013D00 (0x00C0006F) jal zero, 12


mem[X,0x80013D0C] -> 0x4063
mem[X,0x80013D0E] -> 0x40B5
[2185] [M]: 0x80013D0C (0x40B54063) blt a0, a1, 1024


mem[X,0x8001410C] -> 0x0113
mem[X,0x8001410E] -> 0x0031
[2186] [M]: 0x8001410C (0x00310113) addi sp, sp, 3
x2 <- 0x00000003


mem[X,0x80014110] -> 0x006F
mem[X,0x80014112] -> 0x0040
[2187] [M]: 0x80014110 (0x0040006F) jal zero, 4


mem[X,0x80014114] -> 0xA223
mem[X,0x80014116] -> 0x3420
[2188] [M]: 0x80014114 (0x3420A223) sw sp, 836(ra)
mem[0x800394AC] <- 0x00000003


mem[X,0x80014118] -> 0x5537
mem[X,0x8001411A] -> 0xFFFF
[2189] [M]: 0x80014118 (0xFFFF5537) lui a0, 1048565
x10 <- 0xFFFF5000


mem[X,0x8001411C] -> 0x0513
mem[X,0x8001411E] -> 0xAFC5
[2190] [M]: 0x8001411C (0xAFC50513) addi a0, a0, 2812
x10 <- 0xFFFF4AFC


mem[X,0x80014120] -> 0x65B7
mem[X,0x80014122] -> 0x6666
[2191] [M]: 0x80014120 (0x666665B7) lui a1, 419430
x11 <- 0x66666000


mem[X,0x80014124] -> 0x8593
mem[X,0x80014126] -> 0x6665
[2192] [M]: 0x80014124 (0x66658593) addi a1, a1, 1638
x11 <- 0x66666666


mem[X,0x80014128] -> 0x0113
mem[X,0x8001412A] -> 0x0000
[2193] [M]: 0x80014128 (0x00000113) addi sp, zero, 0
x2 <- 0x00000000


mem[X,0x8001412C] -> 0x006F
mem[X,0x8001412E] -> 0x00C0
[2194] [M]: 0x8001412C (0x00C0006F) jal zero, 12


mem[X,0x80014138] -> 0x4063
mem[X,0x8001413A] -> 0x08B5
[2195] [M]: 0x80014138 (0x08B54063) blt a0, a1, 128


mem[X,0x800141B8] -> 0x0113
mem[X,0x800141BA] -> 0x0031
[2196] [M]: 0x800141B8 (0x00310113) addi sp, sp, 3
x2 <- 0x00000003


mem[X,0x800141BC] -> 0x006F
mem[X,0x800141BE] -> 0x0040
[2197] [M]: 0x800141BC (0x0040006F) jal zero, 4


mem[X,0x800141C0] -> 0xA423
mem[X,0x800141C2] -> 0x3420
[2198] [M]: 0x800141C0 (0x3420A423) sw sp, 840(ra)
mem[0x800394B0] <- 0x00000003


mem[X,0x800141C4] -> 0x5537
mem[X,0x800141C6] -> 0xFFFF
[2199] [M]: 0x800141C4 (0xFFFF5537) lui a0, 1048565
x10 <- 0xFFFF5000


clint::tick mtime <- 0x0000000000000016
 clint timer pending at mtime 0x0000000000000016
htif::tick 0x0000000000000000
mem[X,0x800141C8] -> 0x0513
mem[X,0x800141CA] -> 0xAFC5
[2200] [M]: 0x800141C8 (0xAFC50513) addi a0, a0, 2812
x10 <- 0xFFFF4AFC


mem[X,0x800141CC] -> 0x55B7
mem[X,0x800141CE] -> 0xFFFF
[2201] [M]: 0x800141CC (0xFFFF55B7) lui a1, 1048565
x11 <- 0xFFFF5000


mem[X,0x800141D0] -> 0x8593
mem[X,0x800141D2] -> 0xAFC5
[2202] [M]: 0x800141D0 (0xAFC58593) addi a1, a1, 2812
x11 <- 0xFFFF4AFC


mem[X,0x800141D4] -> 0x0113
mem[X,0x800141D6] -> 0x0000
[2203] [M]: 0x800141D4 (0x00000113) addi sp, zero, 0
x2 <- 0x00000000


mem[X,0x800141D8] -> 0x006F
mem[X,0x800141DA] -> 0x00C0
[2204] [M]: 0x800141D8 (0x00C0006F) jal zero, 12


mem[X,0x800141E4] -> 0x4063
mem[X,0x800141E6] -> 0x02B5
[2205] [M]: 0x800141E4 (0x02B54063) blt a0, a1, 32


mem[X,0x800141E8] -> 0x0113
mem[X,0x800141EA] -> 0x0021
[2206] [M]: 0x800141E8 (0x00210113) addi sp, sp, 2
x2 <- 0x00000002


mem[X,0x800141EC] -> 0x006F
mem[X,0x800141EE] -> 0x0200
[2207] [M]: 0x800141EC (0x0200006F) jal zero, 32


mem[X,0x8001420C] -> 0xA623
mem[X,0x8001420E] -> 0x3420
[2208] [M]: 0x8001420C (0x3420A623) sw sp, 844(ra)
mem[0x800394B4] <- 0x00000002


mem[X,0x80014210] -> 0x5537
mem[X,0x80014212] -> 0xFFFF
[2209] [M]: 0x80014210 (0xFFFF5537) lui a0, 1048565
x10 <- 0xFFFF5000


mem[X,0x80014214] -> 0x0513
mem[X,0x80014216] -> 0xAFC5
[2210] [M]: 0x80014214 (0xAFC50513) addi a0, a0, 2812
x10 <- 0xFFFF4AFC


mem[X,0x80014218] -> 0xB5B7
mem[X,0x8001421A] -> 0x0000
[2211] [M]: 0x80014218 (0x0000B5B7) lui a1, 11
x11 <- 0x0000B000


mem[X,0x8001421C] -> 0x8593
mem[X,0x8001421E] -> 0x5045
[2212] [M]: 0x8001421C (0x50458593) addi a1, a1, 1284
x11 <- 0x0000B504


mem[X,0x80014220] -> 0x0113
mem[X,0x80014222] -> 0x0000
[2213] [M]: 0x80014220 (0x00000113) addi sp, zero, 0
x2 <- 0x00000000


mem[X,0x80014224] -> 0x006F
mem[X,0x80014226] -> 0x00C0
[2214] [M]: 0x80014224 (0x00C0006F) jal zero, 12


mem[X,0x80014230] -> 0x4CE3
mem[X,0x80014232] -> 0xFEB5
[2215] [M]: 0x80014230 (0xFEB54CE3) blt a0, a1, 8184


mem[X,0x80014228] -> 0x0113
mem[X,0x8001422A] -> 0x0011
[2216] [M]: 0x80014228 (0x00110113) addi sp, sp, 1
x2 <- 0x00000001


mem[X,0x8001422C] -> 0x006F
mem[X,0x8001422E] -> 0x0180
[2217] [M]: 0x8001422C (0x0180006F) jal zero, 24


mem[X,0x80014244] -> 0xA823
mem[X,0x80014246] -> 0x3420
[2218] [M]: 0x80014244 (0x3420A823) sw sp, 848(ra)
mem[0x800394B8] <- 0x00000001


mem[X,0x80014248] -> 0x5537
mem[X,0x8001424A] -> 0xFFFF
[2219] [M]: 0x80014248 (0xFFFF5537) lui a0, 1048565
x10 <- 0xFFFF5000


mem[X,0x8001424C] -> 0x0513
mem[X,0x8001424E] -> 0xAFC5
[2220] [M]: 0x8001424C (0xAFC50513) addi a0, a0, 2812
x10 <- 0xFFFF4AFC


mem[X,0x80014250] -> 0x0593
mem[X,0x80014252] -> 0x0020
[2221] [M]: 0x80014250 (0x00200593) addi a1, zero, 2
x11 <- 0x00000002


mem[X,0x80014254] -> 0x0113
mem[X,0x80014256] -> 0x0000
[2222] [M]: 0x80014254 (0x00000113) addi sp, zero, 0
x2 <- 0x00000000


mem[X,0x80014258] -> 0x006F
mem[X,0x8001425A] -> 0x00C0
[2223] [M]: 0x80014258 (0x00C0006F) jal zero, 12


mem[X,0x80014264] -> 0x4663
mem[X,0x80014266] -> 0x00B5
[2224] [M]: 0x80014264 (0x00B54663) blt a0, a1, 12


mem[X,0x80014270] -> 0x0113
mem[X,0x80014272] -> 0x0031
[2225] [M]: 0x80014270 (0x00310113) addi sp, sp, 3
x2 <- 0x00000003


mem[X,0x80014274] -> 0x006F
mem[X,0x80014276] -> 0x0040
[2226] [M]: 0x80014274 (0x0040006F) jal zero, 4


mem[X,0x80014278] -> 0xAA23
mem[X,0x8001427A] -> 0x3420
[2227] [M]: 0x80014278 (0x3420AA23) sw sp, 852(ra)
mem[0x800394BC] <- 0x00000003


mem[X,0x8001427C] -> 0x5537
mem[X,0x8001427E] -> 0xFFFF
[2228] [M]: 0x8001427C (0xFFFF5537) lui a0, 1048565
x10 <- 0xFFFF5000


mem[X,0x80014280] -> 0x0513
mem[X,0x80014282] -> 0xAFC5
[2229] [M]: 0x80014280 (0xAFC50513) addi a0, a0, 2812
x10 <- 0xFFFF4AFC


mem[X,0x80014284] -> 0x55B7
mem[X,0x80014286] -> 0x5555
[2230] [M]: 0x80014284 (0x555555B7) lui a1, 349525
x11 <- 0x55555000


mem[X,0x80014288] -> 0x8593
mem[X,0x8001428A] -> 0x5545
[2231] [M]: 0x80014288 (0x55458593) addi a1, a1, 1364
x11 <- 0x55555554


mem[X,0x8001428C] -> 0x0113
mem[X,0x8001428E] -> 0x0000
[2232] [M]: 0x8001428C (0x00000113) addi sp, zero, 0
x2 <- 0x00000000


mem[X,0x80014290] -> 0x006F
mem[X,0x80014292] -> 0x00C0
[2233] [M]: 0x80014290 (0x00C0006F) jal zero, 12


mem[X,0x8001429C] -> 0x4063
mem[X,0x8001429E] -> 0x08B5
[2234] [M]: 0x8001429C (0x08B54063) blt a0, a1, 128


mem[X,0x8001431C] -> 0x0113
mem[X,0x8001431E] -> 0x0031
[2235] [M]: 0x8001431C (0x00310113) addi sp, sp, 3
x2 <- 0x00000003


mem[X,0x80014320] -> 0x006F
mem[X,0x80014322] -> 0x0040
[2236] [M]: 0x80014320 (0x0040006F) jal zero, 4


mem[X,0x80014324] -> 0xAC23
mem[X,0x80014326] -> 0x3420
[2237] [M]: 0x80014324 (0x3420AC23) sw sp, 856(ra)
mem[0x800394C0] <- 0x00000003


mem[X,0x80014328] -> 0x5537
mem[X,0x8001432A] -> 0xFFFF
[2238] [M]: 0x80014328 (0xFFFF5537) lui a0, 1048565
x10 <- 0xFFFF5000


mem[X,0x8001432C] -> 0x0513
mem[X,0x8001432E] -> 0xAFC5
[2239] [M]: 0x8001432C (0xAFC50513) addi a0, a0, 2812
x10 <- 0xFFFF4AFC


mem[X,0x80014330] -> 0x0593
mem[X,0x80014332] -> 0x0000
[2240] [M]: 0x80014330 (0x00000593) addi a1, zero, 0
x11 <- 0x00000000


mem[X,0x80014334] -> 0x0113
mem[X,0x80014336] -> 0x0000
[2241] [M]: 0x80014334 (0x00000113) addi sp, zero, 0
x2 <- 0x00000000


mem[X,0x80014338] -> 0x006F
mem[X,0x8001433A] -> 0x00C0
[2242] [M]: 0x80014338 (0x00C0006F) jal zero, 12


mem[X,0x80014344] -> 0x4063
mem[X,0x80014346] -> 0x10B5
[2243] [M]: 0x80014344 (0x10B54063) blt a0, a1, 256


mem[X,0x80014444] -> 0x0113
mem[X,0x80014446] -> 0x0031
[2244] [M]: 0x80014444 (0x00310113) addi sp, sp, 3
x2 <- 0x00000003


mem[X,0x80014448] -> 0x006F
mem[X,0x8001444A] -> 0x0040
[2245] [M]: 0x80014448 (0x0040006F) jal zero, 4


mem[X,0x8001444C] -> 0xAE23
mem[X,0x8001444E] -> 0x3420
[2246] [M]: 0x8001444C (0x3420AE23) sw sp, 860(ra)
mem[0x800394C4] <- 0x00000003


mem[X,0x80014450] -> 0x5537
mem[X,0x80014452] -> 0xFFFF
[2247] [M]: 0x80014450 (0xFFFF5537) lui a0, 1048565
x10 <- 0xFFFF5000


mem[X,0x80014454] -> 0x0513
mem[X,0x80014456] -> 0xAFC5
[2248] [M]: 0x80014454 (0xAFC50513) addi a0, a0, 2812
x10 <- 0xFFFF4AFC


mem[X,0x80014458] -> 0x0593
mem[X,0x8001445A] -> 0x0040
[2249] [M]: 0x80014458 (0x00400593) addi a1, zero, 4
x11 <- 0x00000004


mem[X,0x8001445C] -> 0x0113
mem[X,0x8001445E] -> 0x0000
[2250] [M]: 0x8001445C (0x00000113) addi sp, zero, 0
x2 <- 0x00000000


mem[X,0x80014460] -> 0x006F
mem[X,0x80014462] -> 0x0050
[2251] [M]: 0x80014460 (0x0050006F) jal zero, 2052


mem[X,0x80014C64] -> 0x40E3
mem[X,0x80014C66] -> 0x80B5
[2252] [M]: 0x80014C64 (0x80B540E3) blt a0, a1, 6144


mem[X,0x80014464] -> 0x0113
mem[X,0x80014466] -> 0x0011
[2253] [M]: 0x80014464 (0x00110113) addi sp, sp, 1
x2 <- 0x00000001


mem[X,0x80014468] -> 0x006F
mem[X,0x8001446A] -> 0x0110
[2254] [M]: 0x80014468 (0x0110006F) jal zero, 2064


mem[X,0x80014C78] -> 0xA023
mem[X,0x80014C7A] -> 0x3620
[2255] [M]: 0x80014C78 (0x3620A023) sw sp, 864(ra)
mem[0x800394C8] <- 0x00000001


mem[X,0x80014C7C] -> 0x5537
mem[X,0x80014C7E] -> 0xFFFF
[2256] [M]: 0x80014C7C (0xFFFF5537) lui a0, 1048565
x10 <- 0xFFFF5000


mem[X,0x80014C80] -> 0x0513
mem[X,0x80014C82] -> 0xAFC5
[2257] [M]: 0x80014C80 (0xAFC50513) addi a0, a0, 2812
x10 <- 0xFFFF4AFC


mem[X,0x80014C84] -> 0x35B7
mem[X,0x80014C86] -> 0x3333
[2258] [M]: 0x80014C84 (0x333335B7) lui a1, 209715
x11 <- 0x33333000


mem[X,0x80014C88] -> 0x8593
mem[X,0x80014C8A] -> 0x3325
[2259] [M]: 0x80014C88 (0x33258593) addi a1, a1, 818
x11 <- 0x33333332


mem[X,0x80014C8C] -> 0x0113
mem[X,0x80014C8E] -> 0x0000
[2260] [M]: 0x80014C8C (0x00000113) addi sp, zero, 0
x2 <- 0x00000000


mem[X,0x80014C90] -> 0x006F
mem[X,0x80014C92] -> 0x00C0
[2261] [M]: 0x80014C90 (0x00C0006F) jal zero, 12


mem[X,0x80014C9C] -> 0x4063
mem[X,0x80014C9E] -> 0x08B5
[2262] [M]: 0x80014C9C (0x08B54063) blt a0, a1, 128


mem[X,0x80014D1C] -> 0x0113
mem[X,0x80014D1E] -> 0x0031
[2263] [M]: 0x80014D1C (0x00310113) addi sp, sp, 3
x2 <- 0x00000003


mem[X,0x80014D20] -> 0x006F
mem[X,0x80014D22] -> 0x0040
[2264] [M]: 0x80014D20 (0x0040006F) jal zero, 4


mem[X,0x80014D24] -> 0xA223
mem[X,0x80014D26] -> 0x3620
[2265] [M]: 0x80014D24 (0x3620A223) sw sp, 868(ra)
mem[0x800394CC] <- 0x00000003


mem[X,0x80014D28] -> 0x5537
mem[X,0x80014D2A] -> 0xFFFF
[2266] [M]: 0x80014D28 (0xFFFF5537) lui a0, 1048565
x10 <- 0xFFFF5000


mem[X,0x80014D2C] -> 0x0513
mem[X,0x80014D2E] -> 0xAFC5
[2267] [M]: 0x80014D2C (0xAFC50513) addi a0, a0, 2812
x10 <- 0xFFFF4AFC


mem[X,0x80014D30] -> 0x65B7
mem[X,0x80014D32] -> 0x6666
[2268] [M]: 0x80014D30 (0x666665B7) lui a1, 419430
x11 <- 0x66666000


mem[X,0x80014D34] -> 0x8593
mem[X,0x80014D36] -> 0x6655
[2269] [M]: 0x80014D34 (0x66558593) addi a1, a1, 1637
x11 <- 0x66666665


mem[X,0x80014D38] -> 0x0113
mem[X,0x80014D3A] -> 0x0000
[2270] [M]: 0x80014D38 (0x00000113) addi sp, zero, 0
x2 <- 0x00000000


mem[X,0x80014D3C] -> 0x006F
mem[X,0x80014D3E] -> 0x00C0
[2271] [M]: 0x80014D3C (0x00C0006F) jal zero, 12


mem[X,0x80014D48] -> 0x4CE3
mem[X,0x80014D4A] -> 0xFEB5
[2272] [M]: 0x80014D48 (0xFEB54CE3) blt a0, a1, 8184


mem[X,0x80014D40] -> 0x0113
mem[X,0x80014D42] -> 0x0011
[2273] [M]: 0x80014D40 (0x00110113) addi sp, sp, 1
x2 <- 0x00000001


mem[X,0x80014D44] -> 0x006F
mem[X,0x80014D46] -> 0x0180
[2274] [M]: 0x80014D44 (0x0180006F) jal zero, 24


mem[X,0x80014D5C] -> 0xA423
mem[X,0x80014D5E] -> 0x3620
[2275] [M]: 0x80014D5C (0x3620A423) sw sp, 872(ra)
mem[0x800394D0] <- 0x00000001


mem[X,0x80014D60] -> 0x5537
mem[X,0x80014D62] -> 0xFFFF
[2276] [M]: 0x80014D60 (0xFFFF5537) lui a0, 1048565
x10 <- 0xFFFF5000


mem[X,0x80014D64] -> 0x0513
mem[X,0x80014D66] -> 0xAFC5
[2277] [M]: 0x80014D64 (0xAFC50513) addi a0, a0, 2812
x10 <- 0xFFFF4AFC


mem[X,0x80014D68] -> 0xB5B7
mem[X,0x80014D6A] -> 0x0000
[2278] [M]: 0x80014D68 (0x0000B5B7) lui a1, 11
x11 <- 0x0000B000


mem[X,0x80014D6C] -> 0x8593
mem[X,0x80014D6E] -> 0x5035
[2279] [M]: 0x80014D6C (0x50358593) addi a1, a1, 1283
x11 <- 0x0000B503


mem[X,0x80014D70] -> 0x0113
mem[X,0x80014D72] -> 0x0000
[2280] [M]: 0x80014D70 (0x00000113) addi sp, zero, 0
x2 <- 0x00000000


mem[X,0x80014D74] -> 0x006F
mem[X,0x80014D76] -> 0x0180
[2281] [M]: 0x80014D74 (0x0180006F) jal zero, 24


mem[X,0x80014D8C] -> 0x46E3
mem[X,0x80014D8E] -> 0xFEB5
[2282] [M]: 0x80014D8C (0xFEB546E3) blt a0, a1, 8172


mem[X,0x80014D78] -> 0x0113
mem[X,0x80014D7A] -> 0x0011
[2283] [M]: 0x80014D78 (0x00110113) addi sp, sp, 1
x2 <- 0x00000001


mem[X,0x80014D7C] -> 0x006F
mem[X,0x80014D7E] -> 0x0240
[2284] [M]: 0x80014D7C (0x0240006F) jal zero, 36


mem[X,0x80014DA0] -> 0xA623
mem[X,0x80014DA2] -> 0x3620
[2285] [M]: 0x80014DA0 (0x3620A623) sw sp, 876(ra)
mem[0x800394D4] <- 0x00000001


mem[X,0x80014DA4] -> 0x5537
mem[X,0x80014DA6] -> 0xFFFF
[2286] [M]: 0x80014DA4 (0xFFFF5537) lui a0, 1048565
x10 <- 0xFFFF5000


mem[X,0x80014DA8] -> 0x0513
mem[X,0x80014DAA] -> 0xAFC5
[2287] [M]: 0x80014DA8 (0xAFC50513) addi a0, a0, 2812
x10 <- 0xFFFF4AFC


mem[X,0x80014DAC] -> 0x55B7
mem[X,0x80014DAE] -> 0x5555
[2288] [M]: 0x80014DAC (0x555555B7) lui a1, 349525
x11 <- 0x55555000


mem[X,0x80014DB0] -> 0x8593
mem[X,0x80014DB2] -> 0x5565
[2289] [M]: 0x80014DB0 (0x55658593) addi a1, a1, 1366
x11 <- 0x55555556


mem[X,0x80014DB4] -> 0x0113
mem[X,0x80014DB6] -> 0x0000
[2290] [M]: 0x80014DB4 (0x00000113) addi sp, zero, 0
x2 <- 0x00000000


mem[X,0x80014DB8] -> 0x006F
mem[X,0x80014DBA] -> 0x00C0
[2291] [M]: 0x80014DB8 (0x00C0006F) jal zero, 12


mem[X,0x80014DC4] -> 0x4CE3
mem[X,0x80014DC6] -> 0xFEB5
[2292] [M]: 0x80014DC4 (0xFEB54CE3) blt a0, a1, 8184


mem[X,0x80014DBC] -> 0x0113
mem[X,0x80014DBE] -> 0x0011
[2293] [M]: 0x80014DBC (0x00110113) addi sp, sp, 1
x2 <- 0x00000001


mem[X,0x80014DC0] -> 0x006F
mem[X,0x80014DC2] -> 0x0180
[2294] [M]: 0x80014DC0 (0x0180006F) jal zero, 24


mem[X,0x80014DD8] -> 0xA823
mem[X,0x80014DDA] -> 0x3620
[2295] [M]: 0x80014DD8 (0x3620A823) sw sp, 880(ra)
mem[0x800394D8] <- 0x00000001


mem[X,0x80014DDC] -> 0x5537
mem[X,0x80014DDE] -> 0xFFFF
[2296] [M]: 0x80014DDC (0xFFFF5537) lui a0, 1048565
x10 <- 0xFFFF5000


mem[X,0x80014DE0] -> 0x0513
mem[X,0x80014DE2] -> 0xAFC5
[2297] [M]: 0x80014DE0 (0xAFC50513) addi a0, a0, 2812
x10 <- 0xFFFF4AFC


mem[X,0x80014DE4] -> 0xB5B7
mem[X,0x80014DE6] -> 0xAAAA
[2298] [M]: 0x80014DE4 (0xAAAAB5B7) lui a1, 699051
x11 <- 0xAAAAB000


mem[X,0x80014DE8] -> 0x8593
mem[X,0x80014DEA] -> 0xAAB5
[2299] [M]: 0x80014DE8 (0xAAB58593) addi a1, a1, 2731
x11 <- 0xAAAAAAAB


clint::tick mtime <- 0x0000000000000017
 clint timer pending at mtime 0x0000000000000017
htif::tick 0x0000000000000000
mem[X,0x80014DEC] -> 0x0113
mem[X,0x80014DEE] -> 0x0000
[2300] [M]: 0x80014DEC (0x00000113) addi sp, zero, 0
x2 <- 0x00000000


mem[X,0x80014DF0] -> 0x006F
mem[X,0x80014DF2] -> 0x0050
[2301] [M]: 0x80014DF0 (0x0050006F) jal zero, 2052


mem[X,0x800155F4] -> 0x40E3
mem[X,0x800155F6] -> 0x80B5
[2302] [M]: 0x800155F4 (0x80B540E3) blt a0, a1, 6144


mem[X,0x800155F8] -> 0x0113
mem[X,0x800155FA] -> 0x0021
[2303] [M]: 0x800155F8 (0x00210113) addi sp, sp, 2
x2 <- 0x00000002


mem[X,0x800155FC] -> 0x006F
mem[X,0x800155FE] -> 0x00C0
[2304] [M]: 0x800155FC (0x00C0006F) jal zero, 12


mem[X,0x80015608] -> 0xAA23
mem[X,0x8001560A] -> 0x3620
[2305] [M]: 0x80015608 (0x3620AA23) sw sp, 884(ra)
mem[0x800394DC] <- 0x00000002


mem[X,0x8001560C] -> 0x5537
mem[X,0x8001560E] -> 0xFFFF
[2306] [M]: 0x8001560C (0xFFFF5537) lui a0, 1048565
x10 <- 0xFFFF5000


mem[X,0x80015610] -> 0x0513
mem[X,0x80015612] -> 0xAFC5
[2307] [M]: 0x80015610 (0xAFC50513) addi a0, a0, 2812
x10 <- 0xFFFF4AFC


mem[X,0x80015614] -> 0x0593
mem[X,0x80015616] -> 0x0060
[2308] [M]: 0x80015614 (0x00600593) addi a1, zero, 6
x11 <- 0x00000006


mem[X,0x80015618] -> 0x0113
mem[X,0x8001561A] -> 0x0000
[2309] [M]: 0x80015618 (0x00000113) addi sp, zero, 0
x2 <- 0x00000000


mem[X,0x8001561C] -> 0x006F
mem[X,0x8001561E] -> 0x00C0
[2310] [M]: 0x8001561C (0x00C0006F) jal zero, 12


mem[X,0x80015628] -> 0x4063
mem[X,0x8001562A] -> 0x08B5
[2311] [M]: 0x80015628 (0x08B54063) blt a0, a1, 128


mem[X,0x800156A8] -> 0x0113
mem[X,0x800156AA] -> 0x0031
[2312] [M]: 0x800156A8 (0x00310113) addi sp, sp, 3
x2 <- 0x00000003


mem[X,0x800156AC] -> 0x006F
mem[X,0x800156AE] -> 0x0040
[2313] [M]: 0x800156AC (0x0040006F) jal zero, 4


mem[X,0x800156B0] -> 0xAC23
mem[X,0x800156B2] -> 0x3620
[2314] [M]: 0x800156B0 (0x3620AC23) sw sp, 888(ra)
mem[0x800394E0] <- 0x00000003


mem[X,0x800156B4] -> 0x5537
mem[X,0x800156B6] -> 0xFFFF
[2315] [M]: 0x800156B4 (0xFFFF5537) lui a0, 1048565
x10 <- 0xFFFF5000


mem[X,0x800156B8] -> 0x0513
mem[X,0x800156BA] -> 0xAFC5
[2316] [M]: 0x800156B8 (0xAFC50513) addi a0, a0, 2812
x10 <- 0xFFFF4AFC


mem[X,0x800156BC] -> 0x35B7
mem[X,0x800156BE] -> 0x3333
[2317] [M]: 0x800156BC (0x333335B7) lui a1, 209715
x11 <- 0x33333000


mem[X,0x800156C0] -> 0x8593
mem[X,0x800156C2] -> 0x3345
[2318] [M]: 0x800156C0 (0x33458593) addi a1, a1, 820
x11 <- 0x33333334


mem[X,0x800156C4] -> 0x0113
mem[X,0x800156C6] -> 0x0000
[2319] [M]: 0x800156C4 (0x00000113) addi sp, zero, 0
x2 <- 0x00000000


mem[X,0x800156C8] -> 0x006F
mem[X,0x800156CA] -> 0x0180
[2320] [M]: 0x800156C8 (0x0180006F) jal zero, 24


mem[X,0x800156E0] -> 0x46E3
mem[X,0x800156E2] -> 0xFEB5
[2321] [M]: 0x800156E0 (0xFEB546E3) blt a0, a1, 8172


mem[X,0x800156CC] -> 0x0113
mem[X,0x800156CE] -> 0x0011
[2322] [M]: 0x800156CC (0x00110113) addi sp, sp, 1
x2 <- 0x00000001


mem[X,0x800156D0] -> 0x006F
mem[X,0x800156D2] -> 0x0240
[2323] [M]: 0x800156D0 (0x0240006F) jal zero, 36


mem[X,0x800156F4] -> 0xAE23
mem[X,0x800156F6] -> 0x3620
[2324] [M]: 0x800156F4 (0x3620AE23) sw sp, 892(ra)
mem[0x800394E4] <- 0x00000001


mem[X,0x800156F8] -> 0x5537
mem[X,0x800156FA] -> 0xFFFF
[2325] [M]: 0x800156F8 (0xFFFF5537) lui a0, 1048565
x10 <- 0xFFFF5000


mem[X,0x800156FC] -> 0x0513
mem[X,0x800156FE] -> 0xAFC5
[2326] [M]: 0x800156FC (0xAFC50513) addi a0, a0, 2812
x10 <- 0xFFFF4AFC


mem[X,0x80015700] -> 0x65B7
mem[X,0x80015702] -> 0x6666
[2327] [M]: 0x80015700 (0x666665B7) lui a1, 419430
x11 <- 0x66666000


mem[X,0x80015704] -> 0x8593
mem[X,0x80015706] -> 0x6675
[2328] [M]: 0x80015704 (0x66758593) addi a1, a1, 1639
x11 <- 0x66666667


mem[X,0x80015708] -> 0x0113
mem[X,0x8001570A] -> 0x0000
[2329] [M]: 0x80015708 (0x00000113) addi sp, zero, 0
x2 <- 0x00000000


mem[X,0x8001570C] -> 0x006F
mem[X,0x8001570E] -> 0x00C0
[2330] [M]: 0x8001570C (0x00C0006F) jal zero, 12


mem[X,0x80015718] -> 0x4CE3
mem[X,0x8001571A] -> 0xFEB5
[2331] [M]: 0x80015718 (0xFEB54CE3) blt a0, a1, 8184


mem[X,0x80015710] -> 0x0113
mem[X,0x80015712] -> 0x0011
[2332] [M]: 0x80015710 (0x00110113) addi sp, sp, 1
x2 <- 0x00000001


mem[X,0x80015714] -> 0x006F
mem[X,0x80015716] -> 0x0180
[2333] [M]: 0x80015714 (0x0180006F) jal zero, 24


mem[X,0x8001572C] -> 0xA023
mem[X,0x8001572E] -> 0x3820
[2334] [M]: 0x8001572C (0x3820A023) sw sp, 896(ra)
mem[0x800394E8] <- 0x00000001


mem[X,0x80015730] -> 0x5537
mem[X,0x80015732] -> 0xFFFF
[2335] [M]: 0x80015730 (0xFFFF5537) lui a0, 1048565
x10 <- 0xFFFF5000


mem[X,0x80015734] -> 0x0513
mem[X,0x80015736] -> 0xAFC5
[2336] [M]: 0x80015734 (0xAFC50513) addi a0, a0, 2812
x10 <- 0xFFFF4AFC


mem[X,0x80015738] -> 0x55B7
mem[X,0x8001573A] -> 0xFFFF
[2337] [M]: 0x80015738 (0xFFFF55B7) lui a1, 1048565
x11 <- 0xFFFF5000


mem[X,0x8001573C] -> 0x8593
mem[X,0x8001573E] -> 0xAFD5
[2338] [M]: 0x8001573C (0xAFD58593) addi a1, a1, 2813
x11 <- 0xFFFF4AFD


mem[X,0x80015740] -> 0x0113
mem[X,0x80015742] -> 0x0000
[2339] [M]: 0x80015740 (0x00000113) addi sp, zero, 0
x2 <- 0x00000000


mem[X,0x80015744] -> 0x006F
mem[X,0x80015746] -> 0x00C0
[2340] [M]: 0x80015744 (0x00C0006F) jal zero, 12


mem[X,0x80015750] -> 0x4063
mem[X,0x80015752] -> 0x04B5
[2341] [M]: 0x80015750 (0x04B54063) blt a0, a1, 64


mem[X,0x80015790] -> 0x0113
mem[X,0x80015792] -> 0x0031
[2342] [M]: 0x80015790 (0x00310113) addi sp, sp, 3
x2 <- 0x00000003


mem[X,0x80015794] -> 0x006F
mem[X,0x80015796] -> 0x0040
[2343] [M]: 0x80015794 (0x0040006F) jal zero, 4


mem[X,0x80015798] -> 0xA223
mem[X,0x8001579A] -> 0x3820
[2344] [M]: 0x80015798 (0x3820A223) sw sp, 900(ra)
mem[0x800394EC] <- 0x00000003


mem[X,0x8001579C] -> 0x5537
mem[X,0x8001579E] -> 0xFFFF
[2345] [M]: 0x8001579C (0xFFFF5537) lui a0, 1048565
x10 <- 0xFFFF5000


mem[X,0x800157A0] -> 0x0513
mem[X,0x800157A2] -> 0xAFC5
[2346] [M]: 0x800157A0 (0xAFC50513) addi a0, a0, 2812
x10 <- 0xFFFF4AFC


mem[X,0x800157A4] -> 0xB5B7
mem[X,0x800157A6] -> 0x0000
[2347] [M]: 0x800157A4 (0x0000B5B7) lui a1, 11
x11 <- 0x0000B000


mem[X,0x800157A8] -> 0x8593
mem[X,0x800157AA] -> 0x5055
[2348] [M]: 0x800157A8 (0x50558593) addi a1, a1, 1285
x11 <- 0x0000B505


mem[X,0x800157AC] -> 0x0113
mem[X,0x800157AE] -> 0x0000
[2349] [M]: 0x800157AC (0x00000113) addi sp, zero, 0
x2 <- 0x00000000


mem[X,0x800157B0] -> 0x006F
mem[X,0x800157B2] -> 0x00C0
[2350] [M]: 0x800157B0 (0x00C0006F) jal zero, 12


mem[X,0x800157BC] -> 0x4063
mem[X,0x800157BE] -> 0x40B5
[2351] [M]: 0x800157BC (0x40B54063) blt a0, a1, 1024


mem[X,0x80015BBC] -> 0x0113
mem[X,0x80015BBE] -> 0x0031
[2352] [M]: 0x80015BBC (0x00310113) addi sp, sp, 3
x2 <- 0x00000003


mem[X,0x80015BC0] -> 0x006F
mem[X,0x80015BC2] -> 0x0040
[2353] [M]: 0x80015BC0 (0x0040006F) jal zero, 4


mem[X,0x80015BC4] -> 0xA423
mem[X,0x80015BC6] -> 0x3820
[2354] [M]: 0x80015BC4 (0x3820A423) sw sp, 904(ra)
mem[0x800394F0] <- 0x00000003


mem[X,0x80015BC8] -> 0xB537
mem[X,0x80015BCA] -> 0x0000
[2355] [M]: 0x80015BC8 (0x0000B537) lui a0, 11
x10 <- 0x0000B000


mem[X,0x80015BCC] -> 0x0513
mem[X,0x80015BCE] -> 0x5045
[2356] [M]: 0x80015BCC (0x50450513) addi a0, a0, 1284
x10 <- 0x0000B504


mem[X,0x80015BD0] -> 0x0593
mem[X,0x80015BD2] -> 0x0030
[2357] [M]: 0x80015BD0 (0x00300593) addi a1, zero, 3
x11 <- 0x00000003


mem[X,0x80015BD4] -> 0x0113
mem[X,0x80015BD6] -> 0x0000
[2358] [M]: 0x80015BD4 (0x00000113) addi sp, zero, 0
x2 <- 0x00000000


mem[X,0x80015BD8] -> 0x006F
mem[X,0x80015BDA] -> 0x00C0
[2359] [M]: 0x80015BD8 (0x00C0006F) jal zero, 12


mem[X,0x80015BE4] -> 0x4CE3
mem[X,0x80015BE6] -> 0xFEB5
[2360] [M]: 0x80015BE4 (0xFEB54CE3) blt a0, a1, 8184


mem[X,0x80015BE8] -> 0x0113
mem[X,0x80015BEA] -> 0x0021
[2361] [M]: 0x80015BE8 (0x00210113) addi sp, sp, 2
x2 <- 0x00000002


mem[X,0x80015BEC] -> 0x006F
mem[X,0x80015BEE] -> 0x00C0
[2362] [M]: 0x80015BEC (0x00C0006F) jal zero, 12


mem[X,0x80015BF8] -> 0xA623
mem[X,0x80015BFA] -> 0x3820
[2363] [M]: 0x80015BF8 (0x3820A623) sw sp, 908(ra)
mem[0x800394F4] <- 0x00000002


mem[X,0x80015BFC] -> 0xB537
mem[X,0x80015BFE] -> 0x0000
[2364] [M]: 0x80015BFC (0x0000B537) lui a0, 11
x10 <- 0x0000B000


mem[X,0x80015C00] -> 0x0513
mem[X,0x80015C02] -> 0x5045
[2365] [M]: 0x80015C00 (0x50450513) addi a0, a0, 1284
x10 <- 0x0000B504


mem[X,0x80015C04] -> 0x55B7
mem[X,0x80015C06] -> 0x5555
[2366] [M]: 0x80015C04 (0x555555B7) lui a1, 349525
x11 <- 0x55555000


mem[X,0x80015C08] -> 0x8593
mem[X,0x80015C0A] -> 0x5555
[2367] [M]: 0x80015C08 (0x55558593) addi a1, a1, 1365
x11 <- 0x55555555


mem[X,0x80015C0C] -> 0x0113
mem[X,0x80015C0E] -> 0x0000
[2368] [M]: 0x80015C0C (0x00000113) addi sp, zero, 0
x2 <- 0x00000000


mem[X,0x80015C10] -> 0x006F
mem[X,0x80015C12] -> 0x00C0
[2369] [M]: 0x80015C10 (0x00C0006F) jal zero, 12


mem[X,0x80015C1C] -> 0x4663
mem[X,0x80015C1E] -> 0x00B5
[2370] [M]: 0x80015C1C (0x00B54663) blt a0, a1, 12


mem[X,0x80015C28] -> 0x0113
mem[X,0x80015C2A] -> 0x0031
[2371] [M]: 0x80015C28 (0x00310113) addi sp, sp, 3
x2 <- 0x00000003


mem[X,0x80015C2C] -> 0x006F
mem[X,0x80015C2E] -> 0x0040
[2372] [M]: 0x80015C2C (0x0040006F) jal zero, 4


mem[X,0x80015C30] -> 0xA823
mem[X,0x80015C32] -> 0x3820
[2373] [M]: 0x80015C30 (0x3820A823) sw sp, 912(ra)
mem[0x800394F8] <- 0x00000003


mem[X,0x80015C34] -> 0xB537
mem[X,0x80015C36] -> 0x0000
[2374] [M]: 0x80015C34 (0x0000B537) lui a0, 11
x10 <- 0x0000B000


mem[X,0x80015C38] -> 0x0513
mem[X,0x80015C3A] -> 0x5045
[2375] [M]: 0x80015C38 (0x50450513) addi a0, a0, 1284
x10 <- 0x0000B504


mem[X,0x80015C3C] -> 0xB5B7
mem[X,0x80015C3E] -> 0xAAAA
[2376] [M]: 0x80015C3C (0xAAAAB5B7) lui a1, 699051
x11 <- 0xAAAAB000


mem[X,0x80015C40] -> 0x8593
mem[X,0x80015C42] -> 0xAAA5
[2377] [M]: 0x80015C40 (0xAAA58593) addi a1, a1, 2730
x11 <- 0xAAAAAAAA


mem[X,0x80015C44] -> 0x0113
mem[X,0x80015C46] -> 0x0000
[2378] [M]: 0x80015C44 (0x00000113) addi sp, zero, 0
x2 <- 0x00000000


mem[X,0x80015C48] -> 0x006F
mem[X,0x80015C4A] -> 0x00C0
[2379] [M]: 0x80015C48 (0x00C0006F) jal zero, 12


mem[X,0x80015C54] -> 0x4663
mem[X,0x80015C56] -> 0x00B5
[2380] [M]: 0x80015C54 (0x00B54663) blt a0, a1, 12


mem[X,0x80015C58] -> 0x0113
mem[X,0x80015C5A] -> 0x0021
[2381] [M]: 0x80015C58 (0x00210113) addi sp, sp, 2
x2 <- 0x00000002


mem[X,0x80015C5C] -> 0x006F
mem[X,0x80015C5E] -> 0x00C0
[2382] [M]: 0x80015C5C (0x00C0006F) jal zero, 12


mem[X,0x80015C68] -> 0xAA23
mem[X,0x80015C6A] -> 0x3820
[2383] [M]: 0x80015C68 (0x3820AA23) sw sp, 916(ra)
mem[0x800394FC] <- 0x00000002


mem[X,0x80015C6C] -> 0xB537
mem[X,0x80015C6E] -> 0x0000
[2384] [M]: 0x80015C6C (0x0000B537) lui a0, 11
x10 <- 0x0000B000


mem[X,0x80015C70] -> 0x0513
mem[X,0x80015C72] -> 0x5045
[2385] [M]: 0x80015C70 (0x50450513) addi a0, a0, 1284
x10 <- 0x0000B504


mem[X,0x80015C74] -> 0x0593
mem[X,0x80015C76] -> 0x0050
[2386] [M]: 0x80015C74 (0x00500593) addi a1, zero, 5
x11 <- 0x00000005


mem[X,0x80015C78] -> 0x0113
mem[X,0x80015C7A] -> 0x0000
[2387] [M]: 0x80015C78 (0x00000113) addi sp, zero, 0
x2 <- 0x00000000


mem[X,0x80015C7C] -> 0x006F
mem[X,0x80015C7E] -> 0x00C0
[2388] [M]: 0x80015C7C (0x00C0006F) jal zero, 12


mem[X,0x80015C88] -> 0x4063
mem[X,0x80015C8A] -> 0x08B5
[2389] [M]: 0x80015C88 (0x08B54063) blt a0, a1, 128


mem[X,0x80015C8C] -> 0x0113
mem[X,0x80015C8E] -> 0x0021
[2390] [M]: 0x80015C8C (0x00210113) addi sp, sp, 2
x2 <- 0x00000002


mem[X,0x80015C90] -> 0x006F
mem[X,0x80015C92] -> 0x0800
[2391] [M]: 0x80015C90 (0x0800006F) jal zero, 128


mem[X,0x80015D10] -> 0xAC23
mem[X,0x80015D12] -> 0x3820
[2392] [M]: 0x80015D10 (0x3820AC23) sw sp, 920(ra)
mem[0x80039500] <- 0x00000002


mem[X,0x80015D14] -> 0xB537
mem[X,0x80015D16] -> 0x0000
[2393] [M]: 0x80015D14 (0x0000B537) lui a0, 11
x10 <- 0x0000B000


mem[X,0x80015D18] -> 0x0513
mem[X,0x80015D1A] -> 0x5045
[2394] [M]: 0x80015D18 (0x50450513) addi a0, a0, 1284
x10 <- 0x0000B504


mem[X,0x80015D1C] -> 0x35B7
mem[X,0x80015D1E] -> 0x3333
[2395] [M]: 0x80015D1C (0x333335B7) lui a1, 209715
x11 <- 0x33333000


mem[X,0x80015D20] -> 0x8593
mem[X,0x80015D22] -> 0x3335
[2396] [M]: 0x80015D20 (0x33358593) addi a1, a1, 819
x11 <- 0x33333333


mem[X,0x80015D24] -> 0x0113
mem[X,0x80015D26] -> 0x0000
[2397] [M]: 0x80015D24 (0x00000113) addi sp, zero, 0
x2 <- 0x00000000


mem[X,0x80015D28] -> 0x006F
mem[X,0x80015D2A] -> 0x00C0
[2398] [M]: 0x80015D28 (0x00C0006F) jal zero, 12


mem[X,0x80015D34] -> 0x4CE3
mem[X,0x80015D36] -> 0xFEB5
[2399] [M]: 0x80015D34 (0xFEB54CE3) blt a0, a1, 8184


clint::tick mtime <- 0x0000000000000018
 clint timer pending at mtime 0x0000000000000018
htif::tick 0x0000000000000000
mem[X,0x80015D2C] -> 0x0113
mem[X,0x80015D2E] -> 0x0011
[2400] [M]: 0x80015D2C (0x00110113) addi sp, sp, 1
x2 <- 0x00000001


mem[X,0x80015D30] -> 0x006F
mem[X,0x80015D32] -> 0x0180
[2401] [M]: 0x80015D30 (0x0180006F) jal zero, 24


mem[X,0x80015D48] -> 0xAE23
mem[X,0x80015D4A] -> 0x3820
[2402] [M]: 0x80015D48 (0x3820AE23) sw sp, 924(ra)
mem[0x80039504] <- 0x00000001


mem[X,0x80015D4C] -> 0xB537
mem[X,0x80015D4E] -> 0x0000
[2403] [M]: 0x80015D4C (0x0000B537) lui a0, 11
x10 <- 0x0000B000


mem[X,0x80015D50] -> 0x0513
mem[X,0x80015D52] -> 0x5045
[2404] [M]: 0x80015D50 (0x50450513) addi a0, a0, 1284
x10 <- 0x0000B504


mem[X,0x80015D54] -> 0x65B7
mem[X,0x80015D56] -> 0x6666
[2405] [M]: 0x80015D54 (0x666665B7) lui a1, 419430
x11 <- 0x66666000


mem[X,0x80015D58] -> 0x8593
mem[X,0x80015D5A] -> 0x6665
[2406] [M]: 0x80015D58 (0x66658593) addi a1, a1, 1638
x11 <- 0x66666666


mem[X,0x80015D5C] -> 0x0113
mem[X,0x80015D5E] -> 0x0000
[2407] [M]: 0x80015D5C (0x00000113) addi sp, zero, 0
x2 <- 0x00000000


mem[X,0x80015D60] -> 0x006F
mem[X,0x80015D62] -> 0x00C0
[2408] [M]: 0x80015D60 (0x00C0006F) jal zero, 12


mem[X,0x80015D6C] -> 0x4663
mem[X,0x80015D6E] -> 0x00B5
[2409] [M]: 0x80015D6C (0x00B54663) blt a0, a1, 12


mem[X,0x80015D78] -> 0x0113
mem[X,0x80015D7A] -> 0x0031
[2410] [M]: 0x80015D78 (0x00310113) addi sp, sp, 3
x2 <- 0x00000003


mem[X,0x80015D7C] -> 0x006F
mem[X,0x80015D7E] -> 0x0040
[2411] [M]: 0x80015D7C (0x0040006F) jal zero, 4


mem[X,0x80015D80] -> 0xA023
mem[X,0x80015D82] -> 0x3A20
[2412] [M]: 0x80015D80 (0x3A20A023) sw sp, 928(ra)
mem[0x80039508] <- 0x00000003


mem[X,0x80015D84] -> 0xB537
mem[X,0x80015D86] -> 0x0000
[2413] [M]: 0x80015D84 (0x0000B537) lui a0, 11
x10 <- 0x0000B000


mem[X,0x80015D88] -> 0x0513
mem[X,0x80015D8A] -> 0x5045
[2414] [M]: 0x80015D88 (0x50450513) addi a0, a0, 1284
x10 <- 0x0000B504


mem[X,0x80015D8C] -> 0x55B7
mem[X,0x80015D8E] -> 0xFFFF
[2415] [M]: 0x80015D8C (0xFFFF55B7) lui a1, 1048565
x11 <- 0xFFFF5000


mem[X,0x80015D90] -> 0x8593
mem[X,0x80015D92] -> 0xAFC5
[2416] [M]: 0x80015D90 (0xAFC58593) addi a1, a1, 2812
x11 <- 0xFFFF4AFC


mem[X,0x80015D94] -> 0x0113
mem[X,0x80015D96] -> 0x0000
[2417] [M]: 0x80015D94 (0x00000113) addi sp, zero, 0
x2 <- 0x00000000


mem[X,0x80015D98] -> 0x006F
mem[X,0x80015D9A] -> 0x00C0
[2418] [M]: 0x80015D98 (0x00C0006F) jal zero, 12


mem[X,0x80015DA4] -> 0x4063
mem[X,0x80015DA6] -> 0x20B5
[2419] [M]: 0x80015DA4 (0x20B54063) blt a0, a1, 512


mem[X,0x80015DA8] -> 0x0113
mem[X,0x80015DAA] -> 0x0021
[2420] [M]: 0x80015DA8 (0x00210113) addi sp, sp, 2
x2 <- 0x00000002


mem[X,0x80015DAC] -> 0x006F
mem[X,0x80015DAE] -> 0x2000
[2421] [M]: 0x80015DAC (0x2000006F) jal zero, 512


mem[X,0x80015FAC] -> 0xA223
mem[X,0x80015FAE] -> 0x3A20
[2422] [M]: 0x80015FAC (0x3A20A223) sw sp, 932(ra)
mem[0x8003950C] <- 0x00000002


mem[X,0x80015FB0] -> 0xB537
mem[X,0x80015FB2] -> 0x0000
[2423] [M]: 0x80015FB0 (0x0000B537) lui a0, 11
x10 <- 0x0000B000


mem[X,0x80015FB4] -> 0x0513
mem[X,0x80015FB6] -> 0x5045
[2424] [M]: 0x80015FB4 (0x50450513) addi a0, a0, 1284
x10 <- 0x0000B504


mem[X,0x80015FB8] -> 0xB5B7
mem[X,0x80015FBA] -> 0x0000
[2425] [M]: 0x80015FB8 (0x0000B5B7) lui a1, 11
x11 <- 0x0000B000


mem[X,0x80015FBC] -> 0x8593
mem[X,0x80015FBE] -> 0x5045
[2426] [M]: 0x80015FBC (0x50458593) addi a1, a1, 1284
x11 <- 0x0000B504


mem[X,0x80015FC0] -> 0x0113
mem[X,0x80015FC2] -> 0x0000
[2427] [M]: 0x80015FC0 (0x00000113) addi sp, zero, 0
x2 <- 0x00000000


mem[X,0x80015FC4] -> 0x006F
mem[X,0x80015FC6] -> 0x00C0
[2428] [M]: 0x80015FC4 (0x00C0006F) jal zero, 12


mem[X,0x80015FD0] -> 0x4063
mem[X,0x80015FD2] -> 0x20B5
[2429] [M]: 0x80015FD0 (0x20B54063) blt a0, a1, 512


mem[X,0x80015FD4] -> 0x0113
mem[X,0x80015FD6] -> 0x0021
[2430] [M]: 0x80015FD4 (0x00210113) addi sp, sp, 2
x2 <- 0x00000002


mem[X,0x80015FD8] -> 0x006F
mem[X,0x80015FDA] -> 0x2000
[2431] [M]: 0x80015FD8 (0x2000006F) jal zero, 512


mem[X,0x800161D8] -> 0xA423
mem[X,0x800161DA] -> 0x3A20
[2432] [M]: 0x800161D8 (0x3A20A423) sw sp, 936(ra)
mem[0x80039510] <- 0x00000002


mem[X,0x800161DC] -> 0xB537
mem[X,0x800161DE] -> 0x0000
[2433] [M]: 0x800161DC (0x0000B537) lui a0, 11
x10 <- 0x0000B000


mem[X,0x800161E0] -> 0x0513
mem[X,0x800161E2] -> 0x5045
[2434] [M]: 0x800161E0 (0x50450513) addi a0, a0, 1284
x10 <- 0x0000B504


mem[X,0x800161E4] -> 0x0593
mem[X,0x800161E6] -> 0x0020
[2435] [M]: 0x800161E4 (0x00200593) addi a1, zero, 2
x11 <- 0x00000002


mem[X,0x800161E8] -> 0x0113
mem[X,0x800161EA] -> 0x0000
[2436] [M]: 0x800161E8 (0x00000113) addi sp, zero, 0
x2 <- 0x00000000


mem[X,0x800161EC] -> 0x006F
mem[X,0x800161EE] -> 0x00C0
[2437] [M]: 0x800161EC (0x00C0006F) jal zero, 12


mem[X,0x800161F8] -> 0x4063
mem[X,0x800161FA] -> 0x20B5
[2438] [M]: 0x800161F8 (0x20B54063) blt a0, a1, 512


mem[X,0x800161FC] -> 0x0113
mem[X,0x800161FE] -> 0x0021
[2439] [M]: 0x800161FC (0x00210113) addi sp, sp, 2
x2 <- 0x00000002


mem[X,0x80016200] -> 0x006F
mem[X,0x80016202] -> 0x2000
[2440] [M]: 0x80016200 (0x2000006F) jal zero, 512


mem[X,0x80016400] -> 0xA623
mem[X,0x80016402] -> 0x3A20
[2441] [M]: 0x80016400 (0x3A20A623) sw sp, 940(ra)
mem[0x80039514] <- 0x00000002


mem[X,0x80016404] -> 0xB537
mem[X,0x80016406] -> 0x0000
[2442] [M]: 0x80016404 (0x0000B537) lui a0, 11
x10 <- 0x0000B000


mem[X,0x80016408] -> 0x0513
mem[X,0x8001640A] -> 0x5045
[2443] [M]: 0x80016408 (0x50450513) addi a0, a0, 1284
x10 <- 0x0000B504


mem[X,0x8001640C] -> 0x55B7
mem[X,0x8001640E] -> 0x5555
[2444] [M]: 0x8001640C (0x555555B7) lui a1, 349525
x11 <- 0x55555000


mem[X,0x80016410] -> 0x8593
mem[X,0x80016412] -> 0x5545
[2445] [M]: 0x80016410 (0x55458593) addi a1, a1, 1364
x11 <- 0x55555554


mem[X,0x80016414] -> 0x0113
mem[X,0x80016416] -> 0x0000
[2446] [M]: 0x80016414 (0x00000113) addi sp, zero, 0
x2 <- 0x00000000


mem[X,0x80016418] -> 0x006F
mem[X,0x8001641A] -> 0x00C0
[2447] [M]: 0x80016418 (0x00C0006F) jal zero, 12


mem[X,0x80016424] -> 0x4063
mem[X,0x80016426] -> 0x02B5
[2448] [M]: 0x80016424 (0x02B54063) blt a0, a1, 32


mem[X,0x80016444] -> 0x0113
mem[X,0x80016446] -> 0x0031
[2449] [M]: 0x80016444 (0x00310113) addi sp, sp, 3
x2 <- 0x00000003


mem[X,0x80016448] -> 0x006F
mem[X,0x8001644A] -> 0x0040
[2450] [M]: 0x80016448 (0x0040006F) jal zero, 4


mem[X,0x8001644C] -> 0xA823
mem[X,0x8001644E] -> 0x3A20
[2451] [M]: 0x8001644C (0x3A20A823) sw sp, 944(ra)
mem[0x80039518] <- 0x00000003


mem[X,0x80016450] -> 0xB537
mem[X,0x80016452] -> 0x0000
[2452] [M]: 0x80016450 (0x0000B537) lui a0, 11
x10 <- 0x0000B000


mem[X,0x80016454] -> 0x0513
mem[X,0x80016456] -> 0x5045
[2453] [M]: 0x80016454 (0x50450513) addi a0, a0, 1284
x10 <- 0x0000B504


mem[X,0x80016458] -> 0x0593
mem[X,0x8001645A] -> 0x0000
[2454] [M]: 0x80016458 (0x00000593) addi a1, zero, 0
x11 <- 0x00000000


mem[X,0x8001645C] -> 0x0113
mem[X,0x8001645E] -> 0x0000
[2455] [M]: 0x8001645C (0x00000113) addi sp, zero, 0
x2 <- 0x00000000


mem[X,0x80016460] -> 0x006F
mem[X,0x80016462] -> 0x2B10
[2456] [M]: 0x80016460 (0x2B10006F) jal zero, 2736


mem[X,0x80016F10] -> 0x4A63
mem[X,0x80016F12] -> 0xD4B5
[2457] [M]: 0x80016F10 (0xD4B54A63) blt a0, a1, 5460


mem[X,0x80016F14] -> 0x0113
mem[X,0x80016F16] -> 0x0021
[2458] [M]: 0x80016F14 (0x00210113) addi sp, sp, 2
x2 <- 0x00000002


mem[X,0x80016F18] -> 0x006F
mem[X,0x80016F1A] -> 0x00C0
[2459] [M]: 0x80016F18 (0x00C0006F) jal zero, 12


mem[X,0x80016F24] -> 0xAA23
mem[X,0x80016F26] -> 0x3A20
[2460] [M]: 0x80016F24 (0x3A20AA23) sw sp, 948(ra)
mem[0x8003951C] <- 0x00000002


mem[X,0x80016F28] -> 0xB537
mem[X,0x80016F2A] -> 0x0000
[2461] [M]: 0x80016F28 (0x0000B537) lui a0, 11
x10 <- 0x0000B000


mem[X,0x80016F2C] -> 0x0513
mem[X,0x80016F2E] -> 0x5045
[2462] [M]: 0x80016F2C (0x50450513) addi a0, a0, 1284
x10 <- 0x0000B504


mem[X,0x80016F30] -> 0x0593
mem[X,0x80016F32] -> 0x0040
[2463] [M]: 0x80016F30 (0x00400593) addi a1, zero, 4
x11 <- 0x00000004


mem[X,0x80016F34] -> 0x0113
mem[X,0x80016F36] -> 0x0000
[2464] [M]: 0x80016F34 (0x00000113) addi sp, zero, 0
x2 <- 0x00000000


mem[X,0x80016F38] -> 0x006F
mem[X,0x80016F3A] -> 0x00C0
[2465] [M]: 0x80016F38 (0x00C0006F) jal zero, 12


mem[X,0x80016F44] -> 0x4663
mem[X,0x80016F46] -> 0x00B5
[2466] [M]: 0x80016F44 (0x00B54663) blt a0, a1, 12


mem[X,0x80016F48] -> 0x0113
mem[X,0x80016F4A] -> 0x0021
[2467] [M]: 0x80016F48 (0x00210113) addi sp, sp, 2
x2 <- 0x00000002


mem[X,0x80016F4C] -> 0x006F
mem[X,0x80016F4E] -> 0x00C0
[2468] [M]: 0x80016F4C (0x00C0006F) jal zero, 12


mem[X,0x80016F58] -> 0xAC23
mem[X,0x80016F5A] -> 0x3A20
[2469] [M]: 0x80016F58 (0x3A20AC23) sw sp, 952(ra)
mem[0x80039520] <- 0x00000002


mem[X,0x80016F5C] -> 0xB537
mem[X,0x80016F5E] -> 0x0000
[2470] [M]: 0x80016F5C (0x0000B537) lui a0, 11
x10 <- 0x0000B000


mem[X,0x80016F60] -> 0x0513
mem[X,0x80016F62] -> 0x5045
[2471] [M]: 0x80016F60 (0x50450513) addi a0, a0, 1284
x10 <- 0x0000B504


mem[X,0x80016F64] -> 0x35B7
mem[X,0x80016F66] -> 0x3333
[2472] [M]: 0x80016F64 (0x333335B7) lui a1, 209715
x11 <- 0x33333000


mem[X,0x80016F68] -> 0x8593
mem[X,0x80016F6A] -> 0x3325
[2473] [M]: 0x80016F68 (0x33258593) addi a1, a1, 818
x11 <- 0x33333332


mem[X,0x80016F6C] -> 0x0113
mem[X,0x80016F6E] -> 0x0000
[2474] [M]: 0x80016F6C (0x00000113) addi sp, zero, 0
x2 <- 0x00000000


mem[X,0x80016F70] -> 0x006F
mem[X,0x80016F72] -> 0x0180
[2475] [M]: 0x80016F70 (0x0180006F) jal zero, 24


mem[X,0x80016F88] -> 0x46E3
mem[X,0x80016F8A] -> 0xFEB5
[2476] [M]: 0x80016F88 (0xFEB546E3) blt a0, a1, 8172


mem[X,0x80016F74] -> 0x0113
mem[X,0x80016F76] -> 0x0011
[2477] [M]: 0x80016F74 (0x00110113) addi sp, sp, 1
x2 <- 0x00000001


mem[X,0x80016F78] -> 0x006F
mem[X,0x80016F7A] -> 0x0240
[2478] [M]: 0x80016F78 (0x0240006F) jal zero, 36


mem[X,0x80016F9C] -> 0xAE23
mem[X,0x80016F9E] -> 0x3A20
[2479] [M]: 0x80016F9C (0x3A20AE23) sw sp, 956(ra)
mem[0x80039524] <- 0x00000001


mem[X,0x80016FA0] -> 0xB537
mem[X,0x80016FA2] -> 0x0000
[2480] [M]: 0x80016FA0 (0x0000B537) lui a0, 11
x10 <- 0x0000B000


mem[X,0x80016FA4] -> 0x0513
mem[X,0x80016FA6] -> 0x5045
[2481] [M]: 0x80016FA4 (0x50450513) addi a0, a0, 1284
x10 <- 0x0000B504


mem[X,0x80016FA8] -> 0x65B7
mem[X,0x80016FAA] -> 0x6666
[2482] [M]: 0x80016FA8 (0x666665B7) lui a1, 419430
x11 <- 0x66666000


mem[X,0x80016FAC] -> 0x8593
mem[X,0x80016FAE] -> 0x6655
[2483] [M]: 0x80016FAC (0x66558593) addi a1, a1, 1637
x11 <- 0x66666665


mem[X,0x80016FB0] -> 0x0113
mem[X,0x80016FB2] -> 0x0000
[2484] [M]: 0x80016FB0 (0x00000113) addi sp, zero, 0
x2 <- 0x00000000


mem[X,0x80016FB4] -> 0x006F
mem[X,0x80016FB6] -> 0x00C0
[2485] [M]: 0x80016FB4 (0x00C0006F) jal zero, 12


mem[X,0x80016FC0] -> 0x4CE3
mem[X,0x80016FC2] -> 0xFEB5
[2486] [M]: 0x80016FC0 (0xFEB54CE3) blt a0, a1, 8184


mem[X,0x80016FB8] -> 0x0113
mem[X,0x80016FBA] -> 0x0011
[2487] [M]: 0x80016FB8 (0x00110113) addi sp, sp, 1
x2 <- 0x00000001


mem[X,0x80016FBC] -> 0x006F
mem[X,0x80016FBE] -> 0x0180
[2488] [M]: 0x80016FBC (0x0180006F) jal zero, 24


mem[X,0x80016FD4] -> 0xA023
mem[X,0x80016FD6] -> 0x3C20
[2489] [M]: 0x80016FD4 (0x3C20A023) sw sp, 960(ra)
mem[0x80039528] <- 0x00000001


mem[X,0x80016FD8] -> 0xB537
mem[X,0x80016FDA] -> 0x0000
[2490] [M]: 0x80016FD8 (0x0000B537) lui a0, 11
x10 <- 0x0000B000


mem[X,0x80016FDC] -> 0x0513
mem[X,0x80016FDE] -> 0x5045
[2491] [M]: 0x80016FDC (0x50450513) addi a0, a0, 1284
x10 <- 0x0000B504


mem[X,0x80016FE0] -> 0xB5B7
mem[X,0x80016FE2] -> 0x0000
[2492] [M]: 0x80016FE0 (0x0000B5B7) lui a1, 11
x11 <- 0x0000B000


mem[X,0x80016FE4] -> 0x8593
mem[X,0x80016FE6] -> 0x5035
[2493] [M]: 0x80016FE4 (0x50358593) addi a1, a1, 1283
x11 <- 0x0000B503


mem[X,0x80016FE8] -> 0x0113
mem[X,0x80016FEA] -> 0x0000
[2494] [M]: 0x80016FE8 (0x00000113) addi sp, zero, 0
x2 <- 0x00000000


mem[X,0x80016FEC] -> 0x006F
mem[X,0x80016FEE] -> 0x00C0
[2495] [M]: 0x80016FEC (0x00C0006F) jal zero, 12


mem[X,0x80016FF8] -> 0x4063
mem[X,0x80016FFA] -> 0x02B5
[2496] [M]: 0x80016FF8 (0x02B54063) blt a0, a1, 32


mem[X,0x80016FFC] -> 0x0113
mem[X,0x80016FFE] -> 0x0021
[2497] [M]: 0x80016FFC (0x00210113) addi sp, sp, 2
x2 <- 0x00000002


mem[X,0x80017000] -> 0x006F
mem[X,0x80017002] -> 0x0200
[2498] [M]: 0x80017000 (0x0200006F) jal zero, 32


mem[X,0x80017020] -> 0xA223
mem[X,0x80017022] -> 0x3C20
[2499] [M]: 0x80017020 (0x3C20A223) sw sp, 964(ra)
mem[0x8003952C] <- 0x00000002


clint::tick mtime <- 0x0000000000000019
 clint timer pending at mtime 0x0000000000000019
htif::tick 0x0000000000000000
mem[X,0x80017024] -> 0xB537
mem[X,0x80017026] -> 0x0000
[2500] [M]: 0x80017024 (0x0000B537) lui a0, 11
x10 <- 0x0000B000


mem[X,0x80017028] -> 0x0513
mem[X,0x8001702A] -> 0x5045
[2501] [M]: 0x80017028 (0x50450513) addi a0, a0, 1284
x10 <- 0x0000B504


mem[X,0x8001702C] -> 0x55B7
mem[X,0x8001702E] -> 0x5555
[2502] [M]: 0x8001702C (0x555555B7) lui a1, 349525
x11 <- 0x55555000


mem[X,0x80017030] -> 0x8593
mem[X,0x80017032] -> 0x5565
[2503] [M]: 0x80017030 (0x55658593) addi a1, a1, 1366
x11 <- 0x55555556


mem[X,0x80017034] -> 0x0113
mem[X,0x80017036] -> 0x0000
[2504] [M]: 0x80017034 (0x00000113) addi sp, zero, 0
x2 <- 0x00000000


mem[X,0x80017038] -> 0x006F
mem[X,0x8001703A] -> 0x0050
[2505] [M]: 0x80017038 (0x0050006F) jal zero, 2052


mem[X,0x8001783C] -> 0x40E3
mem[X,0x8001783E] -> 0x80B5
[2506] [M]: 0x8001783C (0x80B540E3) blt a0, a1, 6144


mem[X,0x8001703C] -> 0x0113
mem[X,0x8001703E] -> 0x0011
[2507] [M]: 0x8001703C (0x00110113) addi sp, sp, 1
x2 <- 0x00000001


mem[X,0x80017040] -> 0x006F
mem[X,0x80017042] -> 0x0110
[2508] [M]: 0x80017040 (0x0110006F) jal zero, 2064


mem[X,0x80017850] -> 0xA423
mem[X,0x80017852] -> 0x3C20
[2509] [M]: 0x80017850 (0x3C20A423) sw sp, 968(ra)
mem[0x80039530] <- 0x00000001


mem[X,0x80017854] -> 0xB537
mem[X,0x80017856] -> 0x0000
[2510] [M]: 0x80017854 (0x0000B537) lui a0, 11
x10 <- 0x0000B000


mem[X,0x80017858] -> 0x0513
mem[X,0x8001785A] -> 0x5045
[2511] [M]: 0x80017858 (0x50450513) addi a0, a0, 1284
x10 <- 0x0000B504


mem[X,0x8001785C] -> 0xB5B7
mem[X,0x8001785E] -> 0xAAAA
[2512] [M]: 0x8001785C (0xAAAAB5B7) lui a1, 699051
x11 <- 0xAAAAB000


mem[X,0x80017860] -> 0x8593
mem[X,0x80017862] -> 0xAAB5
[2513] [M]: 0x80017860 (0xAAB58593) addi a1, a1, 2731
x11 <- 0xAAAAAAAB


mem[X,0x80017864] -> 0x0113
mem[X,0x80017866] -> 0x0000
[2514] [M]: 0x80017864 (0x00000113) addi sp, zero, 0
x2 <- 0x00000000


mem[X,0x80017868] -> 0x006F
mem[X,0x8001786A] -> 0x00C0
[2515] [M]: 0x80017868 (0x00C0006F) jal zero, 12


mem[X,0x80017874] -> 0x4063
mem[X,0x80017876] -> 0x20B5
[2516] [M]: 0x80017874 (0x20B54063) blt a0, a1, 512


mem[X,0x80017878] -> 0x0113
mem[X,0x8001787A] -> 0x0021
[2517] [M]: 0x80017878 (0x00210113) addi sp, sp, 2
x2 <- 0x00000002


mem[X,0x8001787C] -> 0x006F
mem[X,0x8001787E] -> 0x2000
[2518] [M]: 0x8001787C (0x2000006F) jal zero, 512


mem[X,0x80017A7C] -> 0xA623
mem[X,0x80017A7E] -> 0x3C20
[2519] [M]: 0x80017A7C (0x3C20A623) sw sp, 972(ra)
mem[0x80039534] <- 0x00000002


mem[X,0x80017A80] -> 0xB537
mem[X,0x80017A82] -> 0x0000
[2520] [M]: 0x80017A80 (0x0000B537) lui a0, 11
x10 <- 0x0000B000


mem[X,0x80017A84] -> 0x0513
mem[X,0x80017A86] -> 0x5045
[2521] [M]: 0x80017A84 (0x50450513) addi a0, a0, 1284
x10 <- 0x0000B504


mem[X,0x80017A88] -> 0x0593
mem[X,0x80017A8A] -> 0x0060
[2522] [M]: 0x80017A88 (0x00600593) addi a1, zero, 6
x11 <- 0x00000006


mem[X,0x80017A8C] -> 0x0113
mem[X,0x80017A8E] -> 0x0000
[2523] [M]: 0x80017A8C (0x00000113) addi sp, zero, 0
x2 <- 0x00000000


mem[X,0x80017A90] -> 0x006F
mem[X,0x80017A92] -> 0x00C0
[2524] [M]: 0x80017A90 (0x00C0006F) jal zero, 12


mem[X,0x80017A9C] -> 0x4063
mem[X,0x80017A9E] -> 0x04B5
[2525] [M]: 0x80017A9C (0x04B54063) blt a0, a1, 64


mem[X,0x80017AA0] -> 0x0113
mem[X,0x80017AA2] -> 0x0021
[2526] [M]: 0x80017AA0 (0x00210113) addi sp, sp, 2
x2 <- 0x00000002


mem[X,0x80017AA4] -> 0x006F
mem[X,0x80017AA6] -> 0x0400
[2527] [M]: 0x80017AA4 (0x0400006F) jal zero, 64


mem[X,0x80017AE4] -> 0xA823
mem[X,0x80017AE6] -> 0x3C20
[2528] [M]: 0x80017AE4 (0x3C20A823) sw sp, 976(ra)
mem[0x80039538] <- 0x00000002


mem[X,0x80017AE8] -> 0xB537
mem[X,0x80017AEA] -> 0x0000
[2529] [M]: 0x80017AE8 (0x0000B537) lui a0, 11
x10 <- 0x0000B000


mem[X,0x80017AEC] -> 0x0513
mem[X,0x80017AEE] -> 0x5045
[2530] [M]: 0x80017AEC (0x50450513) addi a0, a0, 1284
x10 <- 0x0000B504


mem[X,0x80017AF0] -> 0x35B7
mem[X,0x80017AF2] -> 0x3333
[2531] [M]: 0x80017AF0 (0x333335B7) lui a1, 209715
x11 <- 0x33333000


mem[X,0x80017AF4] -> 0x8593
mem[X,0x80017AF6] -> 0x3345
[2532] [M]: 0x80017AF4 (0x33458593) addi a1, a1, 820
x11 <- 0x33333334


mem[X,0x80017AF8] -> 0x0113
mem[X,0x80017AFA] -> 0x0000
[2533] [M]: 0x80017AF8 (0x00000113) addi sp, zero, 0
x2 <- 0x00000000


mem[X,0x80017AFC] -> 0x006F
mem[X,0x80017AFE] -> 0x00C0
[2534] [M]: 0x80017AFC (0x00C0006F) jal zero, 12


mem[X,0x80017B08] -> 0x4863
mem[X,0x80017B0A] -> 0x00B5
[2535] [M]: 0x80017B08 (0x00B54863) blt a0, a1, 16


mem[X,0x80017B18] -> 0x0113
mem[X,0x80017B1A] -> 0x0031
[2536] [M]: 0x80017B18 (0x00310113) addi sp, sp, 3
x2 <- 0x00000003


mem[X,0x80017B1C] -> 0x006F
mem[X,0x80017B1E] -> 0x0040
[2537] [M]: 0x80017B1C (0x0040006F) jal zero, 4


mem[X,0x80017B20] -> 0xAA23
mem[X,0x80017B22] -> 0x3C20
[2538] [M]: 0x80017B20 (0x3C20AA23) sw sp, 980(ra)
mem[0x8003953C] <- 0x00000003


mem[X,0x80017B24] -> 0xB537
mem[X,0x80017B26] -> 0x0000
[2539] [M]: 0x80017B24 (0x0000B537) lui a0, 11
x10 <- 0x0000B000


mem[X,0x80017B28] -> 0x0513
mem[X,0x80017B2A] -> 0x5045
[2540] [M]: 0x80017B28 (0x50450513) addi a0, a0, 1284
x10 <- 0x0000B504


mem[X,0x80017B2C] -> 0x65B7
mem[X,0x80017B2E] -> 0x6666
[2541] [M]: 0x80017B2C (0x666665B7) lui a1, 419430
x11 <- 0x66666000


mem[X,0x80017B30] -> 0x8593
mem[X,0x80017B32] -> 0x6675
[2542] [M]: 0x80017B30 (0x66758593) addi a1, a1, 1639
x11 <- 0x66666667


mem[X,0x80017B34] -> 0x0113
mem[X,0x80017B36] -> 0x0000
[2543] [M]: 0x80017B34 (0x00000113) addi sp, zero, 0
x2 <- 0x00000000


mem[X,0x80017B38] -> 0x006F
mem[X,0x80017B3A] -> 0x00C0
[2544] [M]: 0x80017B38 (0x00C0006F) jal zero, 12


mem[X,0x80017B44] -> 0x4863
mem[X,0x80017B46] -> 0x00B5
[2545] [M]: 0x80017B44 (0x00B54863) blt a0, a1, 16


mem[X,0x80017B54] -> 0x0113
mem[X,0x80017B56] -> 0x0031
[2546] [M]: 0x80017B54 (0x00310113) addi sp, sp, 3
x2 <- 0x00000003


mem[X,0x80017B58] -> 0x006F
mem[X,0x80017B5A] -> 0x0040
[2547] [M]: 0x80017B58 (0x0040006F) jal zero, 4


mem[X,0x80017B5C] -> 0xAC23
mem[X,0x80017B5E] -> 0x3C20
[2548] [M]: 0x80017B5C (0x3C20AC23) sw sp, 984(ra)
mem[0x80039540] <- 0x00000003


mem[X,0x80017B60] -> 0xB537
mem[X,0x80017B62] -> 0x0000
[2549] [M]: 0x80017B60 (0x0000B537) lui a0, 11
x10 <- 0x0000B000


mem[X,0x80017B64] -> 0x0513
mem[X,0x80017B66] -> 0x5045
[2550] [M]: 0x80017B64 (0x50450513) addi a0, a0, 1284
x10 <- 0x0000B504


mem[X,0x80017B68] -> 0x55B7
mem[X,0x80017B6A] -> 0xFFFF
[2551] [M]: 0x80017B68 (0xFFFF55B7) lui a1, 1048565
x11 <- 0xFFFF5000


mem[X,0x80017B6C] -> 0x8593
mem[X,0x80017B6E] -> 0xAFD5
[2552] [M]: 0x80017B6C (0xAFD58593) addi a1, a1, 2813
x11 <- 0xFFFF4AFD


mem[X,0x80017B70] -> 0x0113
mem[X,0x80017B72] -> 0x0000
[2553] [M]: 0x80017B70 (0x00000113) addi sp, zero, 0
x2 <- 0x00000000


mem[X,0x80017B74] -> 0x006F
mem[X,0x80017B76] -> 0x0100
[2554] [M]: 0x80017B74 (0x0100006F) jal zero, 16


mem[X,0x80017B84] -> 0x4AE3
mem[X,0x80017B86] -> 0xFEB5
[2555] [M]: 0x80017B84 (0xFEB54AE3) blt a0, a1, 8180


mem[X,0x80017B88] -> 0x0113
mem[X,0x80017B8A] -> 0x0021
[2556] [M]: 0x80017B88 (0x00210113) addi sp, sp, 2
x2 <- 0x00000002


mem[X,0x80017B8C] -> 0x006F
mem[X,0x80017B8E] -> 0x00C0
[2557] [M]: 0x80017B8C (0x00C0006F) jal zero, 12


mem[X,0x80017B98] -> 0xAE23
mem[X,0x80017B9A] -> 0x3C20
[2558] [M]: 0x80017B98 (0x3C20AE23) sw sp, 988(ra)
mem[0x80039544] <- 0x00000002


mem[X,0x80017B9C] -> 0xB537
mem[X,0x80017B9E] -> 0x0000
[2559] [M]: 0x80017B9C (0x0000B537) lui a0, 11
x10 <- 0x0000B000


mem[X,0x80017BA0] -> 0x0513
mem[X,0x80017BA2] -> 0x5045
[2560] [M]: 0x80017BA0 (0x50450513) addi a0, a0, 1284
x10 <- 0x0000B504


mem[X,0x80017BA4] -> 0xB5B7
mem[X,0x80017BA6] -> 0x0000
[2561] [M]: 0x80017BA4 (0x0000B5B7) lui a1, 11
x11 <- 0x0000B000


mem[X,0x80017BA8] -> 0x8593
mem[X,0x80017BAA] -> 0x5055
[2562] [M]: 0x80017BA8 (0x50558593) addi a1, a1, 1285
x11 <- 0x0000B505


mem[X,0x80017BAC] -> 0x0113
mem[X,0x80017BAE] -> 0x0000
[2563] [M]: 0x80017BAC (0x00000113) addi sp, zero, 0
x2 <- 0x00000000


mem[X,0x80017BB0] -> 0x006F
mem[X,0x80017BB2] -> 0x0180
[2564] [M]: 0x80017BB0 (0x0180006F) jal zero, 24


mem[X,0x80017BC8] -> 0x46E3
mem[X,0x80017BCA] -> 0xFEB5
[2565] [M]: 0x80017BC8 (0xFEB546E3) blt a0, a1, 8172


mem[X,0x80017BB4] -> 0x0113
mem[X,0x80017BB6] -> 0x0011
[2566] [M]: 0x80017BB4 (0x00110113) addi sp, sp, 1
x2 <- 0x00000001


mem[X,0x80017BB8] -> 0x006F
mem[X,0x80017BBA] -> 0x0240
[2567] [M]: 0x80017BB8 (0x0240006F) jal zero, 36


mem[X,0x80017BDC] -> 0xA023
mem[X,0x80017BDE] -> 0x3E20
[2568] [M]: 0x80017BDC (0x3E20A023) sw sp, 992(ra)
mem[0x80039548] <- 0x00000001


mem[X,0x80017BE0] -> 0x0513
mem[X,0x80017BE2] -> 0x0020
[2569] [M]: 0x80017BE0 (0x00200513) addi a0, zero, 2
x10 <- 0x00000002


mem[X,0x80017BE4] -> 0x0593
mem[X,0x80017BE6] -> 0x0030
[2570] [M]: 0x80017BE4 (0x00300593) addi a1, zero, 3
x11 <- 0x00000003


mem[X,0x80017BE8] -> 0x0113
mem[X,0x80017BEA] -> 0x0000
[2571] [M]: 0x80017BE8 (0x00000113) addi sp, zero, 0
x2 <- 0x00000000


mem[X,0x80017BEC] -> 0x006F
mem[X,0x80017BEE] -> 0x0140
[2572] [M]: 0x80017BEC (0x0140006F) jal zero, 20


mem[X,0x80017C00] -> 0x48E3
mem[X,0x80017C02] -> 0xFEB5
[2573] [M]: 0x80017C00 (0xFEB548E3) blt a0, a1, 8176


mem[X,0x80017BF0] -> 0x0113
mem[X,0x80017BF2] -> 0x0011
[2574] [M]: 0x80017BF0 (0x00110113) addi sp, sp, 1
x2 <- 0x00000001


mem[X,0x80017BF4] -> 0x006F
mem[X,0x80017BF6] -> 0x0200
[2575] [M]: 0x80017BF4 (0x0200006F) jal zero, 32


mem[X,0x80017C14] -> 0xA223
mem[X,0x80017C16] -> 0x3E20
[2576] [M]: 0x80017C14 (0x3E20A223) sw sp, 996(ra)
mem[0x8003954C] <- 0x00000001


mem[X,0x80017C18] -> 0x0513
mem[X,0x80017C1A] -> 0x0020
[2577] [M]: 0x80017C18 (0x00200513) addi a0, zero, 2
x10 <- 0x00000002


mem[X,0x80017C1C] -> 0x55B7
mem[X,0x80017C1E] -> 0x5555
[2578] [M]: 0x80017C1C (0x555555B7) lui a1, 349525
x11 <- 0x55555000


mem[X,0x80017C20] -> 0x8593
mem[X,0x80017C22] -> 0x5555
[2579] [M]: 0x80017C20 (0x55558593) addi a1, a1, 1365
x11 <- 0x55555555


mem[X,0x80017C24] -> 0x0113
mem[X,0x80017C26] -> 0x0000
[2580] [M]: 0x80017C24 (0x00000113) addi sp, zero, 0
x2 <- 0x00000000


mem[X,0x80017C28] -> 0x006F
mem[X,0x80017C2A] -> 0x00C0
[2581] [M]: 0x80017C28 (0x00C0006F) jal zero, 12


mem[X,0x80017C34] -> 0x4063
mem[X,0x80017C36] -> 0x10B5
[2582] [M]: 0x80017C34 (0x10B54063) blt a0, a1, 256


mem[X,0x80017D34] -> 0x0113
mem[X,0x80017D36] -> 0x0031
[2583] [M]: 0x80017D34 (0x00310113) addi sp, sp, 3
x2 <- 0x00000003


mem[X,0x80017D38] -> 0x006F
mem[X,0x80017D3A] -> 0x0040
[2584] [M]: 0x80017D38 (0x0040006F) jal zero, 4


mem[X,0x80017D3C] -> 0xA423
mem[X,0x80017D3E] -> 0x3E20
[2585] [M]: 0x80017D3C (0x3E20A423) sw sp, 1000(ra)
mem[0x80039550] <- 0x00000003


mem[X,0x80017D40] -> 0x0513
mem[X,0x80017D42] -> 0x0020
[2586] [M]: 0x80017D40 (0x00200513) addi a0, zero, 2
x10 <- 0x00000002


mem[X,0x80017D44] -> 0xB5B7
mem[X,0x80017D46] -> 0xAAAA
[2587] [M]: 0x80017D44 (0xAAAAB5B7) lui a1, 699051
x11 <- 0xAAAAB000


mem[X,0x80017D48] -> 0x8593
mem[X,0x80017D4A] -> 0xAAA5
[2588] [M]: 0x80017D48 (0xAAA58593) addi a1, a1, 2730
x11 <- 0xAAAAAAAA


mem[X,0x80017D4C] -> 0x0113
mem[X,0x80017D4E] -> 0x0000
[2589] [M]: 0x80017D4C (0x00000113) addi sp, zero, 0
x2 <- 0x00000000


mem[X,0x80017D50] -> 0x006F
mem[X,0x80017D52] -> 0x00C0
[2590] [M]: 0x80017D50 (0x00C0006F) jal zero, 12


mem[X,0x80017D5C] -> 0x4863
mem[X,0x80017D5E] -> 0x00B5
[2591] [M]: 0x80017D5C (0x00B54863) blt a0, a1, 16


mem[X,0x80017D60] -> 0x0113
mem[X,0x80017D62] -> 0x0021
[2592] [M]: 0x80017D60 (0x00210113) addi sp, sp, 2
x2 <- 0x00000002


mem[X,0x80017D64] -> 0x006F
mem[X,0x80017D66] -> 0x0100
[2593] [M]: 0x80017D64 (0x0100006F) jal zero, 16


mem[X,0x80017D74] -> 0xA623
mem[X,0x80017D76] -> 0x3E20
[2594] [M]: 0x80017D74 (0x3E20A623) sw sp, 1004(ra)
mem[0x80039554] <- 0x00000002


mem[X,0x80017D78] -> 0x0513
mem[X,0x80017D7A] -> 0x0020
[2595] [M]: 0x80017D78 (0x00200513) addi a0, zero, 2
x10 <- 0x00000002


mem[X,0x80017D7C] -> 0x0593
mem[X,0x80017D7E] -> 0x0050
[2596] [M]: 0x80017D7C (0x00500593) addi a1, zero, 5
x11 <- 0x00000005


mem[X,0x80017D80] -> 0x0113
mem[X,0x80017D82] -> 0x0000
[2597] [M]: 0x80017D80 (0x00000113) addi sp, zero, 0
x2 <- 0x00000000


mem[X,0x80017D84] -> 0x006F
mem[X,0x80017D86] -> 0x00C0
[2598] [M]: 0x80017D84 (0x00C0006F) jal zero, 12


mem[X,0x80017D90] -> 0x4063
mem[X,0x80017D92] -> 0x04B5
[2599] [M]: 0x80017D90 (0x04B54063) blt a0, a1, 64


clint::tick mtime <- 0x000000000000001A
 clint timer pending at mtime 0x000000000000001A
htif::tick 0x0000000000000000
mem[X,0x80017DD0] -> 0x0113
mem[X,0x80017DD2] -> 0x0031
[2600] [M]: 0x80017DD0 (0x00310113) addi sp, sp, 3
x2 <- 0x00000003


mem[X,0x80017DD4] -> 0x006F
mem[X,0x80017DD6] -> 0x0040
[2601] [M]: 0x80017DD4 (0x0040006F) jal zero, 4


mem[X,0x80017DD8] -> 0xA823
mem[X,0x80017DDA] -> 0x3E20
[2602] [M]: 0x80017DD8 (0x3E20A823) sw sp, 1008(ra)
mem[0x80039558] <- 0x00000003


mem[X,0x80017DDC] -> 0x0513
mem[X,0x80017DDE] -> 0x0020
[2603] [M]: 0x80017DDC (0x00200513) addi a0, zero, 2
x10 <- 0x00000002


mem[X,0x80017DE0] -> 0x35B7
mem[X,0x80017DE2] -> 0x3333
[2604] [M]: 0x80017DE0 (0x333335B7) lui a1, 209715
x11 <- 0x33333000


mem[X,0x80017DE4] -> 0x8593
mem[X,0x80017DE6] -> 0x3335
[2605] [M]: 0x80017DE4 (0x33358593) addi a1, a1, 819
x11 <- 0x33333333


mem[X,0x80017DE8] -> 0x0113
mem[X,0x80017DEA] -> 0x0000
[2606] [M]: 0x80017DE8 (0x00000113) addi sp, zero, 0
x2 <- 0x00000000


mem[X,0x80017DEC] -> 0x006F
mem[X,0x80017DEE] -> 0x00C0
[2607] [M]: 0x80017DEC (0x00C0006F) jal zero, 12


mem[X,0x80017DF8] -> 0x4CE3
mem[X,0x80017DFA] -> 0xFEB5
[2608] [M]: 0x80017DF8 (0xFEB54CE3) blt a0, a1, 8184


mem[X,0x80017DF0] -> 0x0113
mem[X,0x80017DF2] -> 0x0011
[2609] [M]: 0x80017DF0 (0x00110113) addi sp, sp, 1
x2 <- 0x00000001


mem[X,0x80017DF4] -> 0x006F
mem[X,0x80017DF6] -> 0x0180
[2610] [M]: 0x80017DF4 (0x0180006F) jal zero, 24


mem[X,0x80017E0C] -> 0xAA23
mem[X,0x80017E0E] -> 0x3E20
[2611] [M]: 0x80017E0C (0x3E20AA23) sw sp, 1012(ra)
mem[0x8003955C] <- 0x00000001


mem[X,0x80017E10] -> 0x0513
mem[X,0x80017E12] -> 0x0020
[2612] [M]: 0x80017E10 (0x00200513) addi a0, zero, 2
x10 <- 0x00000002


mem[X,0x80017E14] -> 0x65B7
mem[X,0x80017E16] -> 0x6666
[2613] [M]: 0x80017E14 (0x666665B7) lui a1, 419430
x11 <- 0x66666000


mem[X,0x80017E18] -> 0x8593
mem[X,0x80017E1A] -> 0x6665
[2614] [M]: 0x80017E18 (0x66658593) addi a1, a1, 1638
x11 <- 0x66666666


mem[X,0x80017E1C] -> 0x0113
mem[X,0x80017E1E] -> 0x0000
[2615] [M]: 0x80017E1C (0x00000113) addi sp, zero, 0
x2 <- 0x00000000


mem[X,0x80017E20] -> 0x006F
mem[X,0x80017E22] -> 0x00C0
[2616] [M]: 0x80017E20 (0x00C0006F) jal zero, 12


mem[X,0x80017E2C] -> 0x4CE3
mem[X,0x80017E2E] -> 0xFEB5
[2617] [M]: 0x80017E2C (0xFEB54CE3) blt a0, a1, 8184


mem[X,0x80017E24] -> 0x0113
mem[X,0x80017E26] -> 0x0011
[2618] [M]: 0x80017E24 (0x00110113) addi sp, sp, 1
x2 <- 0x00000001


mem[X,0x80017E28] -> 0x006F
mem[X,0x80017E2A] -> 0x0180
[2619] [M]: 0x80017E28 (0x0180006F) jal zero, 24


mem[X,0x80017E40] -> 0xAC23
mem[X,0x80017E42] -> 0x3E20
[2620] [M]: 0x80017E40 (0x3E20AC23) sw sp, 1016(ra)
mem[0x80039560] <- 0x00000001


mem[X,0x80017E44] -> 0x0513
mem[X,0x80017E46] -> 0x0020
[2621] [M]: 0x80017E44 (0x00200513) addi a0, zero, 2
x10 <- 0x00000002


mem[X,0x80017E48] -> 0x55B7
mem[X,0x80017E4A] -> 0xFFFF
[2622] [M]: 0x80017E48 (0xFFFF55B7) lui a1, 1048565
x11 <- 0xFFFF5000


mem[X,0x80017E4C] -> 0x8593
mem[X,0x80017E4E] -> 0xAFC5
[2623] [M]: 0x80017E4C (0xAFC58593) addi a1, a1, 2812
x11 <- 0xFFFF4AFC


mem[X,0x80017E50] -> 0x0113
mem[X,0x80017E52] -> 0x0000
[2624] [M]: 0x80017E50 (0x00000113) addi sp, zero, 0
x2 <- 0x00000000


mem[X,0x80017E54] -> 0x006F
mem[X,0x80017E56] -> 0x00C0
[2625] [M]: 0x80017E54 (0x00C0006F) jal zero, 12


mem[X,0x80017E60] -> 0x4663
mem[X,0x80017E62] -> 0x00B5
[2626] [M]: 0x80017E60 (0x00B54663) blt a0, a1, 12


mem[X,0x80017E64] -> 0x0113
mem[X,0x80017E66] -> 0x0021
[2627] [M]: 0x80017E64 (0x00210113) addi sp, sp, 2
x2 <- 0x00000002


mem[X,0x80017E68] -> 0x006F
mem[X,0x80017E6A] -> 0x00C0
[2628] [M]: 0x80017E68 (0x00C0006F) jal zero, 12


mem[X,0x80017E74] -> 0xAE23
mem[X,0x80017E76] -> 0x3E20
[2629] [M]: 0x80017E74 (0x3E20AE23) sw sp, 1020(ra)
mem[0x80039564] <- 0x00000002


mem[X,0x80017E78] -> 0x0513
mem[X,0x80017E7A] -> 0x0020
[2630] [M]: 0x80017E78 (0x00200513) addi a0, zero, 2
x10 <- 0x00000002


mem[X,0x80017E7C] -> 0xB5B7
mem[X,0x80017E7E] -> 0x0000
[2631] [M]: 0x80017E7C (0x0000B5B7) lui a1, 11
x11 <- 0x0000B000


mem[X,0x80017E80] -> 0x8593
mem[X,0x80017E82] -> 0x5045
[2632] [M]: 0x80017E80 (0x50458593) addi a1, a1, 1284
x11 <- 0x0000B504


mem[X,0x80017E84] -> 0x0113
mem[X,0x80017E86] -> 0x0000
[2633] [M]: 0x80017E84 (0x00000113) addi sp, zero, 0
x2 <- 0x00000000


mem[X,0x80017E88] -> 0x006F
mem[X,0x80017E8A] -> 0x00C0
[2634] [M]: 0x80017E88 (0x00C0006F) jal zero, 12


mem[X,0x80017E94] -> 0x4CE3
mem[X,0x80017E96] -> 0xFEB5
[2635] [M]: 0x80017E94 (0xFEB54CE3) blt a0, a1, 8184


mem[X,0x80017E8C] -> 0x0113
mem[X,0x80017E8E] -> 0x0011
[2636] [M]: 0x80017E8C (0x00110113) addi sp, sp, 1
x2 <- 0x00000001


mem[X,0x80017E90] -> 0x006F
mem[X,0x80017E92] -> 0x0180
[2637] [M]: 0x80017E90 (0x0180006F) jal zero, 24


mem[X,0x80017EA8] -> 0xA023
mem[X,0x80017EAA] -> 0x4020
[2638] [M]: 0x80017EA8 (0x4020A023) sw sp, 1024(ra)
mem[0x80039568] <- 0x00000001


mem[X,0x80017EAC] -> 0x0513
mem[X,0x80017EAE] -> 0x0020
[2639] [M]: 0x80017EAC (0x00200513) addi a0, zero, 2
x10 <- 0x00000002


mem[X,0x80017EB0] -> 0x0593
mem[X,0x80017EB2] -> 0x0020
[2640] [M]: 0x80017EB0 (0x00200593) addi a1, zero, 2
x11 <- 0x00000002


mem[X,0x80017EB4] -> 0x0113
mem[X,0x80017EB6] -> 0x0000
[2641] [M]: 0x80017EB4 (0x00000113) addi sp, zero, 0
x2 <- 0x00000000


mem[X,0x80017EB8] -> 0x006F
mem[X,0x80017EBA] -> 0x0180
[2642] [M]: 0x80017EB8 (0x0180006F) jal zero, 24


mem[X,0x80017ED0] -> 0x46E3
mem[X,0x80017ED2] -> 0xFEB5
[2643] [M]: 0x80017ED0 (0xFEB546E3) blt a0, a1, 8172


mem[X,0x80017ED4] -> 0x0113
mem[X,0x80017ED6] -> 0x0021
[2644] [M]: 0x80017ED4 (0x00210113) addi sp, sp, 2
x2 <- 0x00000002


mem[X,0x80017ED8] -> 0x006F
mem[X,0x80017EDA] -> 0x00C0
[2645] [M]: 0x80017ED8 (0x00C0006F) jal zero, 12


mem[X,0x80017EE4] -> 0xA223
mem[X,0x80017EE6] -> 0x4020
[2646] [M]: 0x80017EE4 (0x4020A223) sw sp, 1028(ra)
mem[0x8003956C] <- 0x00000002


mem[X,0x80017EE8] -> 0x0513
mem[X,0x80017EEA] -> 0x0020
[2647] [M]: 0x80017EE8 (0x00200513) addi a0, zero, 2
x10 <- 0x00000002


mem[X,0x80017EEC] -> 0x55B7
mem[X,0x80017EEE] -> 0x5555
[2648] [M]: 0x80017EEC (0x555555B7) lui a1, 349525
x11 <- 0x55555000


mem[X,0x80017EF0] -> 0x8593
mem[X,0x80017EF2] -> 0x5545
[2649] [M]: 0x80017EF0 (0x55458593) addi a1, a1, 1364
x11 <- 0x55555554


mem[X,0x80017EF4] -> 0x0113
mem[X,0x80017EF6] -> 0x0000
[2650] [M]: 0x80017EF4 (0x00000113) addi sp, zero, 0
x2 <- 0x00000000


mem[X,0x80017EF8] -> 0x006F
mem[X,0x80017EFA] -> 0x00C0
[2651] [M]: 0x80017EF8 (0x00C0006F) jal zero, 12


mem[X,0x80017F04] -> 0x4663
mem[X,0x80017F06] -> 0x00B5
[2652] [M]: 0x80017F04 (0x00B54663) blt a0, a1, 12


mem[X,0x80017F10] -> 0x0113
mem[X,0x80017F12] -> 0x0031
[2653] [M]: 0x80017F10 (0x00310113) addi sp, sp, 3
x2 <- 0x00000003


mem[X,0x80017F14] -> 0x006F
mem[X,0x80017F16] -> 0x0040
[2654] [M]: 0x80017F14 (0x0040006F) jal zero, 4


mem[X,0x80017F18] -> 0xA423
mem[X,0x80017F1A] -> 0x4020
[2655] [M]: 0x80017F18 (0x4020A423) sw sp, 1032(ra)
mem[0x80039570] <- 0x00000003


mem[X,0x80017F1C] -> 0x0513
mem[X,0x80017F1E] -> 0x0020
[2656] [M]: 0x80017F1C (0x00200513) addi a0, zero, 2
x10 <- 0x00000002


mem[X,0x80017F20] -> 0x0593
mem[X,0x80017F22] -> 0x0000
[2657] [M]: 0x80017F20 (0x00000593) addi a1, zero, 0
x11 <- 0x00000000


mem[X,0x80017F24] -> 0x0113
mem[X,0x80017F26] -> 0x0000
[2658] [M]: 0x80017F24 (0x00000113) addi sp, zero, 0
x2 <- 0x00000000


mem[X,0x80017F28] -> 0x006F
mem[X,0x80017F2A] -> 0x00C0
[2659] [M]: 0x80017F28 (0x00C0006F) jal zero, 12


mem[X,0x80017F34] -> 0x4663
mem[X,0x80017F36] -> 0x00B5
[2660] [M]: 0x80017F34 (0x00B54663) blt a0, a1, 12


mem[X,0x80017F38] -> 0x0113
mem[X,0x80017F3A] -> 0x0021
[2661] [M]: 0x80017F38 (0x00210113) addi sp, sp, 2
x2 <- 0x00000002


mem[X,0x80017F3C] -> 0x006F
mem[X,0x80017F3E] -> 0x00C0
[2662] [M]: 0x80017F3C (0x00C0006F) jal zero, 12


mem[X,0x80017F48] -> 0xA623
mem[X,0x80017F4A] -> 0x4020
[2663] [M]: 0x80017F48 (0x4020A623) sw sp, 1036(ra)
mem[0x80039574] <- 0x00000002


mem[X,0x80017F4C] -> 0x0513
mem[X,0x80017F4E] -> 0x0020
[2664] [M]: 0x80017F4C (0x00200513) addi a0, zero, 2
x10 <- 0x00000002


mem[X,0x80017F50] -> 0x0593
mem[X,0x80017F52] -> 0x0040
[2665] [M]: 0x80017F50 (0x00400593) addi a1, zero, 4
x11 <- 0x00000004


mem[X,0x80017F54] -> 0x0113
mem[X,0x80017F56] -> 0x0000
[2666] [M]: 0x80017F54 (0x00000113) addi sp, zero, 0
x2 <- 0x00000000


mem[X,0x80017F58] -> 0x006F
mem[X,0x80017F5A] -> 0x00C0
[2667] [M]: 0x80017F58 (0x00C0006F) jal zero, 12


mem[X,0x80017F64] -> 0x4CE3
mem[X,0x80017F66] -> 0xFEB5
[2668] [M]: 0x80017F64 (0xFEB54CE3) blt a0, a1, 8184


mem[X,0x80017F5C] -> 0x0113
mem[X,0x80017F5E] -> 0x0011
[2669] [M]: 0x80017F5C (0x00110113) addi sp, sp, 1
x2 <- 0x00000001


mem[X,0x80017F60] -> 0x006F
mem[X,0x80017F62] -> 0x0180
[2670] [M]: 0x80017F60 (0x0180006F) jal zero, 24


mem[X,0x80017F78] -> 0xA823
mem[X,0x80017F7A] -> 0x4020
[2671] [M]: 0x80017F78 (0x4020A823) sw sp, 1040(ra)
mem[0x80039578] <- 0x00000001


mem[X,0x80017F7C] -> 0x0513
mem[X,0x80017F7E] -> 0x0020
[2672] [M]: 0x80017F7C (0x00200513) addi a0, zero, 2
x10 <- 0x00000002


mem[X,0x80017F80] -> 0x35B7
mem[X,0x80017F82] -> 0x3333
[2673] [M]: 0x80017F80 (0x333335B7) lui a1, 209715
x11 <- 0x33333000


mem[X,0x80017F84] -> 0x8593
mem[X,0x80017F86] -> 0x3325
[2674] [M]: 0x80017F84 (0x33258593) addi a1, a1, 818
x11 <- 0x33333332


mem[X,0x80017F88] -> 0x0113
mem[X,0x80017F8A] -> 0x0000
[2675] [M]: 0x80017F88 (0x00000113) addi sp, zero, 0
x2 <- 0x00000000


mem[X,0x80017F8C] -> 0x006F
mem[X,0x80017F8E] -> 0x00C0
[2676] [M]: 0x80017F8C (0x00C0006F) jal zero, 12


mem[X,0x80017F98] -> 0x4663
mem[X,0x80017F9A] -> 0x00B5
[2677] [M]: 0x80017F98 (0x00B54663) blt a0, a1, 12


mem[X,0x80017FA4] -> 0x0113
mem[X,0x80017FA6] -> 0x0031
[2678] [M]: 0x80017FA4 (0x00310113) addi sp, sp, 3
x2 <- 0x00000003


mem[X,0x80017FA8] -> 0x006F
mem[X,0x80017FAA] -> 0x0040
[2679] [M]: 0x80017FA8 (0x0040006F) jal zero, 4


mem[X,0x80017FAC] -> 0xAA23
mem[X,0x80017FAE] -> 0x4020
[2680] [M]: 0x80017FAC (0x4020AA23) sw sp, 1044(ra)
mem[0x8003957C] <- 0x00000003


mem[X,0x80017FB0] -> 0x0513
mem[X,0x80017FB2] -> 0x0020
[2681] [M]: 0x80017FB0 (0x00200513) addi a0, zero, 2
x10 <- 0x00000002


mem[X,0x80017FB4] -> 0x65B7
mem[X,0x80017FB6] -> 0x6666
[2682] [M]: 0x80017FB4 (0x666665B7) lui a1, 419430
x11 <- 0x66666000


mem[X,0x80017FB8] -> 0x8593
mem[X,0x80017FBA] -> 0x6655
[2683] [M]: 0x80017FB8 (0x66558593) addi a1, a1, 1637
x11 <- 0x66666665


mem[X,0x80017FBC] -> 0x0113
mem[X,0x80017FBE] -> 0x0000
[2684] [M]: 0x80017FBC (0x00000113) addi sp, zero, 0
x2 <- 0x00000000


mem[X,0x80017FC0] -> 0x006F
mem[X,0x80017FC2] -> 0x2B10
[2685] [M]: 0x80017FC0 (0x2B10006F) jal zero, 2736


mem[X,0x80018A70] -> 0x4A63
mem[X,0x80018A72] -> 0xD4B5
[2686] [M]: 0x80018A70 (0xD4B54A63) blt a0, a1, 5460


mem[X,0x80017FC4] -> 0x0113
mem[X,0x80017FC6] -> 0x0011
[2687] [M]: 0x80017FC4 (0x00110113) addi sp, sp, 1
x2 <- 0x00000001


mem[X,0x80017FC8] -> 0x006F
mem[X,0x80017FCA] -> 0x2BD0
[2688] [M]: 0x80017FC8 (0x2BD0006F) jal zero, 2748


mem[X,0x80018A84] -> 0xAC23
mem[X,0x80018A86] -> 0x4020
[2689] [M]: 0x80018A84 (0x4020AC23) sw sp, 1048(ra)
mem[0x80039580] <- 0x00000001


mem[X,0x80018A88] -> 0x0513
mem[X,0x80018A8A] -> 0x0020
[2690] [M]: 0x80018A88 (0x00200513) addi a0, zero, 2
x10 <- 0x00000002


mem[X,0x80018A8C] -> 0xB5B7
mem[X,0x80018A8E] -> 0x0000
[2691] [M]: 0x80018A8C (0x0000B5B7) lui a1, 11
x11 <- 0x0000B000


mem[X,0x80018A90] -> 0x8593
mem[X,0x80018A92] -> 0x5035
[2692] [M]: 0x80018A90 (0x50358593) addi a1, a1, 1283
x11 <- 0x0000B503


mem[X,0x80018A94] -> 0x0113
mem[X,0x80018A96] -> 0x0000
[2693] [M]: 0x80018A94 (0x00000113) addi sp, zero, 0
x2 <- 0x00000000


mem[X,0x80018A98] -> 0x006F
mem[X,0x80018A9A] -> 0x00C0
[2694] [M]: 0x80018A98 (0x00C0006F) jal zero, 12


mem[X,0x80018AA4] -> 0x4663
mem[X,0x80018AA6] -> 0x00B5
[2695] [M]: 0x80018AA4 (0x00B54663) blt a0, a1, 12


mem[X,0x80018AB0] -> 0x0113
mem[X,0x80018AB2] -> 0x0031
[2696] [M]: 0x80018AB0 (0x00310113) addi sp, sp, 3
x2 <- 0x00000003


mem[X,0x80018AB4] -> 0x006F
mem[X,0x80018AB6] -> 0x0040
[2697] [M]: 0x80018AB4 (0x0040006F) jal zero, 4


mem[X,0x80018AB8] -> 0xAE23
mem[X,0x80018ABA] -> 0x4020
[2698] [M]: 0x80018AB8 (0x4020AE23) sw sp, 1052(ra)
mem[0x80039584] <- 0x00000003


mem[X,0x80018ABC] -> 0x0513
mem[X,0x80018ABE] -> 0x0020
[2699] [M]: 0x80018ABC (0x00200513) addi a0, zero, 2
x10 <- 0x00000002


clint::tick mtime <- 0x000000000000001B
 clint timer pending at mtime 0x000000000000001B
htif::tick 0x0000000000000000
mem[X,0x80018AC0] -> 0x55B7
mem[X,0x80018AC2] -> 0x5555
[2700] [M]: 0x80018AC0 (0x555555B7) lui a1, 349525
x11 <- 0x55555000


mem[X,0x80018AC4] -> 0x8593
mem[X,0x80018AC6] -> 0x5565
[2701] [M]: 0x80018AC4 (0x55658593) addi a1, a1, 1366
x11 <- 0x55555556


mem[X,0x80018AC8] -> 0x0113
mem[X,0x80018ACA] -> 0x0000
[2702] [M]: 0x80018AC8 (0x00000113) addi sp, zero, 0
x2 <- 0x00000000


mem[X,0x80018ACC] -> 0x006F
mem[X,0x80018ACE] -> 0x00C0
[2703] [M]: 0x80018ACC (0x00C0006F) jal zero, 12


mem[X,0x80018AD8] -> 0x4863
mem[X,0x80018ADA] -> 0x00B5
[2704] [M]: 0x80018AD8 (0x00B54863) blt a0, a1, 16


mem[X,0x80018AE8] -> 0x0113
mem[X,0x80018AEA] -> 0x0031
[2705] [M]: 0x80018AE8 (0x00310113) addi sp, sp, 3
x2 <- 0x00000003


mem[X,0x80018AEC] -> 0x006F
mem[X,0x80018AEE] -> 0x0040
[2706] [M]: 0x80018AEC (0x0040006F) jal zero, 4


mem[X,0x80018AF0] -> 0xA023
mem[X,0x80018AF2] -> 0x4220
[2707] [M]: 0x80018AF0 (0x4220A023) sw sp, 1056(ra)
mem[0x80039588] <- 0x00000003


mem[X,0x80018AF4] -> 0x0513
mem[X,0x80018AF6] -> 0x0020
[2708] [M]: 0x80018AF4 (0x00200513) addi a0, zero, 2
x10 <- 0x00000002


mem[X,0x80018AF8] -> 0xB5B7
mem[X,0x80018AFA] -> 0xAAAA
[2709] [M]: 0x80018AF8 (0xAAAAB5B7) lui a1, 699051
x11 <- 0xAAAAB000


mem[X,0x80018AFC] -> 0x8593
mem[X,0x80018AFE] -> 0xAAB5
[2710] [M]: 0x80018AFC (0xAAB58593) addi a1, a1, 2731
x11 <- 0xAAAAAAAB


mem[X,0x80018B00] -> 0x0113
mem[X,0x80018B02] -> 0x0000
[2711] [M]: 0x80018B00 (0x00000113) addi sp, zero, 0
x2 <- 0x00000000


mem[X,0x80018B04] -> 0x006F
mem[X,0x80018B06] -> 0x00C0
[2712] [M]: 0x80018B04 (0x00C0006F) jal zero, 12


mem[X,0x80018B10] -> 0x4063
mem[X,0x80018B12] -> 0x04B5
[2713] [M]: 0x80018B10 (0x04B54063) blt a0, a1, 64


mem[X,0x80018B14] -> 0x0113
mem[X,0x80018B16] -> 0x0021
[2714] [M]: 0x80018B14 (0x00210113) addi sp, sp, 2
x2 <- 0x00000002


mem[X,0x80018B18] -> 0x006F
mem[X,0x80018B1A] -> 0x0400
[2715] [M]: 0x80018B18 (0x0400006F) jal zero, 64


mem[X,0x80018B58] -> 0xA223
mem[X,0x80018B5A] -> 0x4220
[2716] [M]: 0x80018B58 (0x4220A223) sw sp, 1060(ra)
mem[0x8003958C] <- 0x00000002


mem[X,0x80018B5C] -> 0x0513
mem[X,0x80018B5E] -> 0x0020
[2717] [M]: 0x80018B5C (0x00200513) addi a0, zero, 2
x10 <- 0x00000002


mem[X,0x80018B60] -> 0x0593
mem[X,0x80018B62] -> 0x0060
[2718] [M]: 0x80018B60 (0x00600593) addi a1, zero, 6
x11 <- 0x00000006


mem[X,0x80018B64] -> 0x0113
mem[X,0x80018B66] -> 0x0000
[2719] [M]: 0x80018B64 (0x00000113) addi sp, zero, 0
x2 <- 0x00000000


mem[X,0x80018B68] -> 0x006F
mem[X,0x80018B6A] -> 0x00C0
[2720] [M]: 0x80018B68 (0x00C0006F) jal zero, 12


mem[X,0x80018B74] -> 0x4063
mem[X,0x80018B76] -> 0x08B5
[2721] [M]: 0x80018B74 (0x08B54063) blt a0, a1, 128


mem[X,0x80018BF4] -> 0x0113
mem[X,0x80018BF6] -> 0x0031
[2722] [M]: 0x80018BF4 (0x00310113) addi sp, sp, 3
x2 <- 0x00000003


mem[X,0x80018BF8] -> 0x006F
mem[X,0x80018BFA] -> 0x0040
[2723] [M]: 0x80018BF8 (0x0040006F) jal zero, 4


mem[X,0x80018BFC] -> 0xA423
mem[X,0x80018BFE] -> 0x4220
[2724] [M]: 0x80018BFC (0x4220A423) sw sp, 1064(ra)
mem[0x80039590] <- 0x00000003


mem[X,0x80018C00] -> 0x0513
mem[X,0x80018C02] -> 0x0020
[2725] [M]: 0x80018C00 (0x00200513) addi a0, zero, 2
x10 <- 0x00000002


mem[X,0x80018C04] -> 0x35B7
mem[X,0x80018C06] -> 0x3333
[2726] [M]: 0x80018C04 (0x333335B7) lui a1, 209715
x11 <- 0x33333000


mem[X,0x80018C08] -> 0x8593
mem[X,0x80018C0A] -> 0x3345
[2727] [M]: 0x80018C08 (0x33458593) addi a1, a1, 820
x11 <- 0x33333334


mem[X,0x80018C0C] -> 0x0113
mem[X,0x80018C0E] -> 0x0000
[2728] [M]: 0x80018C0C (0x00000113) addi sp, zero, 0
x2 <- 0x00000000


mem[X,0x80018C10] -> 0x006F
mem[X,0x80018C12] -> 0x00C0
[2729] [M]: 0x80018C10 (0x00C0006F) jal zero, 12


mem[X,0x80018C1C] -> 0x4663
mem[X,0x80018C1E] -> 0x00B5
[2730] [M]: 0x80018C1C (0x00B54663) blt a0, a1, 12


mem[X,0x80018C28] -> 0x0113
mem[X,0x80018C2A] -> 0x0031
[2731] [M]: 0x80018C28 (0x00310113) addi sp, sp, 3
x2 <- 0x00000003


mem[X,0x80018C2C] -> 0x006F
mem[X,0x80018C2E] -> 0x0040
[2732] [M]: 0x80018C2C (0x0040006F) jal zero, 4


mem[X,0x80018C30] -> 0xA623
mem[X,0x80018C32] -> 0x4220
[2733] [M]: 0x80018C30 (0x4220A623) sw sp, 1068(ra)
mem[0x80039594] <- 0x00000003


mem[X,0x80018C34] -> 0x0513
mem[X,0x80018C36] -> 0x0020
[2734] [M]: 0x80018C34 (0x00200513) addi a0, zero, 2
x10 <- 0x00000002


mem[X,0x80018C38] -> 0x65B7
mem[X,0x80018C3A] -> 0x6666
[2735] [M]: 0x80018C38 (0x666665B7) lui a1, 419430
x11 <- 0x66666000


mem[X,0x80018C3C] -> 0x8593
mem[X,0x80018C3E] -> 0x6675
[2736] [M]: 0x80018C3C (0x66758593) addi a1, a1, 1639
x11 <- 0x66666667


mem[X,0x80018C40] -> 0x0113
mem[X,0x80018C42] -> 0x0000
[2737] [M]: 0x80018C40 (0x00000113) addi sp, zero, 0
x2 <- 0x00000000


mem[X,0x80018C44] -> 0x006F
mem[X,0x80018C46] -> 0x0180
[2738] [M]: 0x80018C44 (0x0180006F) jal zero, 24


mem[X,0x80018C5C] -> 0x46E3
mem[X,0x80018C5E] -> 0xFEB5
[2739] [M]: 0x80018C5C (0xFEB546E3) blt a0, a1, 8172


mem[X,0x80018C48] -> 0x0113
mem[X,0x80018C4A] -> 0x0011
[2740] [M]: 0x80018C48 (0x00110113) addi sp, sp, 1
x2 <- 0x00000001


mem[X,0x80018C4C] -> 0x006F
mem[X,0x80018C4E] -> 0x0240
[2741] [M]: 0x80018C4C (0x0240006F) jal zero, 36


mem[X,0x80018C70] -> 0xA823
mem[X,0x80018C72] -> 0x4220
[2742] [M]: 0x80018C70 (0x4220A823) sw sp, 1072(ra)
mem[0x80039598] <- 0x00000001


mem[X,0x80018C74] -> 0x0513
mem[X,0x80018C76] -> 0x0020
[2743] [M]: 0x80018C74 (0x00200513) addi a0, zero, 2
x10 <- 0x00000002


mem[X,0x80018C78] -> 0x55B7
mem[X,0x80018C7A] -> 0xFFFF
[2744] [M]: 0x80018C78 (0xFFFF55B7) lui a1, 1048565
x11 <- 0xFFFF5000


mem[X,0x80018C7C] -> 0x8593
mem[X,0x80018C7E] -> 0xAFD5
[2745] [M]: 0x80018C7C (0xAFD58593) addi a1, a1, 2813
x11 <- 0xFFFF4AFD


mem[X,0x80018C80] -> 0x0113
mem[X,0x80018C82] -> 0x0000
[2746] [M]: 0x80018C80 (0x00000113) addi sp, zero, 0
x2 <- 0x00000000


mem[X,0x80018C84] -> 0x006F
mem[X,0x80018C86] -> 0x00C0
[2747] [M]: 0x80018C84 (0x00C0006F) jal zero, 12


mem[X,0x80018C90] -> 0x4063
mem[X,0x80018C92] -> 0x02B5
[2748] [M]: 0x80018C90 (0x02B54063) blt a0, a1, 32


mem[X,0x80018C94] -> 0x0113
mem[X,0x80018C96] -> 0x0021
[2749] [M]: 0x80018C94 (0x00210113) addi sp, sp, 2
x2 <- 0x00000002


mem[X,0x80018C98] -> 0x006F
mem[X,0x80018C9A] -> 0x0200
[2750] [M]: 0x80018C98 (0x0200006F) jal zero, 32


mem[X,0x80018CB8] -> 0xAA23
mem[X,0x80018CBA] -> 0x4220
[2751] [M]: 0x80018CB8 (0x4220AA23) sw sp, 1076(ra)
mem[0x8003959C] <- 0x00000002


mem[X,0x80018CBC] -> 0x0513
mem[X,0x80018CBE] -> 0x0020
[2752] [M]: 0x80018CBC (0x00200513) addi a0, zero, 2
x10 <- 0x00000002


mem[X,0x80018CC0] -> 0xB5B7
mem[X,0x80018CC2] -> 0x0000
[2753] [M]: 0x80018CC0 (0x0000B5B7) lui a1, 11
x11 <- 0x0000B000


mem[X,0x80018CC4] -> 0x8593
mem[X,0x80018CC6] -> 0x5055
[2754] [M]: 0x80018CC4 (0x50558593) addi a1, a1, 1285
x11 <- 0x0000B505


mem[X,0x80018CC8] -> 0x0113
mem[X,0x80018CCA] -> 0x0000
[2755] [M]: 0x80018CC8 (0x00000113) addi sp, zero, 0
x2 <- 0x00000000


mem[X,0x80018CCC] -> 0x006F
mem[X,0x80018CCE] -> 0x00C0
[2756] [M]: 0x80018CCC (0x00C0006F) jal zero, 12


mem[X,0x80018CD8] -> 0x4063
mem[X,0x80018CDA] -> 0x20B5
[2757] [M]: 0x80018CD8 (0x20B54063) blt a0, a1, 512


mem[X,0x80018ED8] -> 0x0113
mem[X,0x80018EDA] -> 0x0031
[2758] [M]: 0x80018ED8 (0x00310113) addi sp, sp, 3
x2 <- 0x00000003


mem[X,0x80018EDC] -> 0x006F
mem[X,0x80018EDE] -> 0x0040
[2759] [M]: 0x80018EDC (0x0040006F) jal zero, 4


mem[X,0x80018EE0] -> 0xAC23
mem[X,0x80018EE2] -> 0x4220
[2760] [M]: 0x80018EE0 (0x4220AC23) sw sp, 1080(ra)
mem[0x800395A0] <- 0x00000003


mem[X,0x80018EE4] -> 0x5537
mem[X,0x80018EE6] -> 0x5555
[2761] [M]: 0x80018EE4 (0x55555537) lui a0, 349525
x10 <- 0x55555000


mem[X,0x80018EE8] -> 0x0513
mem[X,0x80018EEA] -> 0x5545
[2762] [M]: 0x80018EE8 (0x55450513) addi a0, a0, 1364
x10 <- 0x55555554


mem[X,0x80018EEC] -> 0x0593
mem[X,0x80018EEE] -> 0x0030
[2763] [M]: 0x80018EEC (0x00300593) addi a1, zero, 3
x11 <- 0x00000003


mem[X,0x80018EF0] -> 0x0113
mem[X,0x80018EF2] -> 0x0000
[2764] [M]: 0x80018EF0 (0x00000113) addi sp, zero, 0
x2 <- 0x00000000


mem[X,0x80018EF4] -> 0x006F
mem[X,0x80018EF6] -> 0x00C0
[2765] [M]: 0x80018EF4 (0x00C0006F) jal zero, 12


mem[X,0x80018F00] -> 0x4063
mem[X,0x80018F02] -> 0x20B5
[2766] [M]: 0x80018F00 (0x20B54063) blt a0, a1, 512


mem[X,0x80018F04] -> 0x0113
mem[X,0x80018F06] -> 0x0021
[2767] [M]: 0x80018F04 (0x00210113) addi sp, sp, 2
x2 <- 0x00000002


mem[X,0x80018F08] -> 0x006F
mem[X,0x80018F0A] -> 0x2000
[2768] [M]: 0x80018F08 (0x2000006F) jal zero, 512


mem[X,0x80019108] -> 0xAE23
mem[X,0x8001910A] -> 0x4220
[2769] [M]: 0x80019108 (0x4220AE23) sw sp, 1084(ra)
mem[0x800395A4] <- 0x00000002


mem[X,0x8001910C] -> 0x5537
mem[X,0x8001910E] -> 0x5555
[2770] [M]: 0x8001910C (0x55555537) lui a0, 349525
x10 <- 0x55555000


mem[X,0x80019110] -> 0x0513
mem[X,0x80019112] -> 0x5545
[2771] [M]: 0x80019110 (0x55450513) addi a0, a0, 1364
x10 <- 0x55555554


mem[X,0x80019114] -> 0x55B7
mem[X,0x80019116] -> 0x5555
[2772] [M]: 0x80019114 (0x555555B7) lui a1, 349525
x11 <- 0x55555000


mem[X,0x80019118] -> 0x8593
mem[X,0x8001911A] -> 0x5555
[2773] [M]: 0x80019118 (0x55558593) addi a1, a1, 1365
x11 <- 0x55555555


mem[X,0x8001911C] -> 0x0113
mem[X,0x8001911E] -> 0x0000
[2774] [M]: 0x8001911C (0x00000113) addi sp, zero, 0
x2 <- 0x00000000


mem[X,0x80019120] -> 0x006F
mem[X,0x80019122] -> 0x0140
[2775] [M]: 0x80019120 (0x0140006F) jal zero, 20


mem[X,0x80019134] -> 0x48E3
mem[X,0x80019136] -> 0xFEB5
[2776] [M]: 0x80019134 (0xFEB548E3) blt a0, a1, 8176


mem[X,0x80019124] -> 0x0113
mem[X,0x80019126] -> 0x0011
[2777] [M]: 0x80019124 (0x00110113) addi sp, sp, 1
x2 <- 0x00000001


mem[X,0x80019128] -> 0x006F
mem[X,0x8001912A] -> 0x0200
[2778] [M]: 0x80019128 (0x0200006F) jal zero, 32


mem[X,0x80019148] -> 0xA023
mem[X,0x8001914A] -> 0x4420
[2779] [M]: 0x80019148 (0x4420A023) sw sp, 1088(ra)
mem[0x800395A8] <- 0x00000001


mem[X,0x8001914C] -> 0x5537
mem[X,0x8001914E] -> 0x5555
[2780] [M]: 0x8001914C (0x55555537) lui a0, 349525
x10 <- 0x55555000


mem[X,0x80019150] -> 0x0513
mem[X,0x80019152] -> 0x5545
[2781] [M]: 0x80019150 (0x55450513) addi a0, a0, 1364
x10 <- 0x55555554


mem[X,0x80019154] -> 0xB5B7
mem[X,0x80019156] -> 0xAAAA
[2782] [M]: 0x80019154 (0xAAAAB5B7) lui a1, 699051
x11 <- 0xAAAAB000


mem[X,0x80019158] -> 0x8593
mem[X,0x8001915A] -> 0xAAA5
[2783] [M]: 0x80019158 (0xAAA58593) addi a1, a1, 2730
x11 <- 0xAAAAAAAA


mem[X,0x8001915C] -> 0x0113
mem[X,0x8001915E] -> 0x0000
[2784] [M]: 0x8001915C (0x00000113) addi sp, zero, 0
x2 <- 0x00000000


mem[X,0x80019160] -> 0x006F
mem[X,0x80019162] -> 0x00C0
[2785] [M]: 0x80019160 (0x00C0006F) jal zero, 12


mem[X,0x8001916C] -> 0x4063
mem[X,0x8001916E] -> 0x04B5
[2786] [M]: 0x8001916C (0x04B54063) blt a0, a1, 64


mem[X,0x80019170] -> 0x0113
mem[X,0x80019172] -> 0x0021
[2787] [M]: 0x80019170 (0x00210113) addi sp, sp, 2
x2 <- 0x00000002


mem[X,0x80019174] -> 0x006F
mem[X,0x80019176] -> 0x0400
[2788] [M]: 0x80019174 (0x0400006F) jal zero, 64


mem[X,0x800191B4] -> 0xA223
mem[X,0x800191B6] -> 0x4420
[2789] [M]: 0x800191B4 (0x4420A223) sw sp, 1092(ra)
mem[0x800395AC] <- 0x00000002


mem[X,0x800191B8] -> 0x5537
mem[X,0x800191BA] -> 0x5555
[2790] [M]: 0x800191B8 (0x55555537) lui a0, 349525
x10 <- 0x55555000


mem[X,0x800191BC] -> 0x0513
mem[X,0x800191BE] -> 0x5545
[2791] [M]: 0x800191BC (0x55450513) addi a0, a0, 1364
x10 <- 0x55555554


mem[X,0x800191C0] -> 0x0593
mem[X,0x800191C2] -> 0x0050
[2792] [M]: 0x800191C0 (0x00500593) addi a1, zero, 5
x11 <- 0x00000005


mem[X,0x800191C4] -> 0x0113
mem[X,0x800191C6] -> 0x0000
[2793] [M]: 0x800191C4 (0x00000113) addi sp, zero, 0
x2 <- 0x00000000


mem[X,0x800191C8] -> 0x006F
mem[X,0x800191CA] -> 0x00C0
[2794] [M]: 0x800191C8 (0x00C0006F) jal zero, 12


mem[X,0x800191D4] -> 0x4063
mem[X,0x800191D6] -> 0x08B5
[2795] [M]: 0x800191D4 (0x08B54063) blt a0, a1, 128


mem[X,0x800191D8] -> 0x0113
mem[X,0x800191DA] -> 0x0021
[2796] [M]: 0x800191D8 (0x00210113) addi sp, sp, 2
x2 <- 0x00000002


mem[X,0x800191DC] -> 0x006F
mem[X,0x800191DE] -> 0x0800
[2797] [M]: 0x800191DC (0x0800006F) jal zero, 128


mem[X,0x8001925C] -> 0xA423
mem[X,0x8001925E] -> 0x4420
[2798] [M]: 0x8001925C (0x4420A423) sw sp, 1096(ra)
mem[0x800395B0] <- 0x00000002


mem[X,0x80019260] -> 0x5537
mem[X,0x80019262] -> 0x5555
[2799] [M]: 0x80019260 (0x55555537) lui a0, 349525
x10 <- 0x55555000


clint::tick mtime <- 0x000000000000001C
 clint timer pending at mtime 0x000000000000001C
htif::tick 0x0000000000000000
mem[X,0x80019264] -> 0x0513
mem[X,0x80019266] -> 0x5545
[2800] [M]: 0x80019264 (0x55450513) addi a0, a0, 1364
x10 <- 0x55555554


mem[X,0x80019268] -> 0x35B7
mem[X,0x8001926A] -> 0x3333
[2801] [M]: 0x80019268 (0x333335B7) lui a1, 209715
x11 <- 0x33333000


mem[X,0x8001926C] -> 0x8593
mem[X,0x8001926E] -> 0x3335
[2802] [M]: 0x8001926C (0x33358593) addi a1, a1, 819
x11 <- 0x33333333


mem[X,0x80019270] -> 0x0113
mem[X,0x80019272] -> 0x0000
[2803] [M]: 0x80019270 (0x00000113) addi sp, zero, 0
x2 <- 0x00000000


mem[X,0x80019274] -> 0x006F
mem[X,0x80019276] -> 0x2B10
[2804] [M]: 0x80019274 (0x2B10006F) jal zero, 2736


mem[X,0x80019D24] -> 0x4A63
mem[X,0x80019D26] -> 0xD4B5
[2805] [M]: 0x80019D24 (0xD4B54A63) blt a0, a1, 5460


mem[X,0x80019D28] -> 0x0113
mem[X,0x80019D2A] -> 0x0021
[2806] [M]: 0x80019D28 (0x00210113) addi sp, sp, 2
x2 <- 0x00000002


mem[X,0x80019D2C] -> 0x006F
mem[X,0x80019D2E] -> 0x00C0
[2807] [M]: 0x80019D2C (0x00C0006F) jal zero, 12


mem[X,0x80019D38] -> 0xA623
mem[X,0x80019D3A] -> 0x4420
[2808] [M]: 0x80019D38 (0x4420A623) sw sp, 1100(ra)
mem[0x800395B4] <- 0x00000002


mem[X,0x80019D3C] -> 0x5537
mem[X,0x80019D3E] -> 0x5555
[2809] [M]: 0x80019D3C (0x55555537) lui a0, 349525
x10 <- 0x55555000


mem[X,0x80019D40] -> 0x0513
mem[X,0x80019D42] -> 0x5545
[2810] [M]: 0x80019D40 (0x55450513) addi a0, a0, 1364
x10 <- 0x55555554


mem[X,0x80019D44] -> 0x65B7
mem[X,0x80019D46] -> 0x6666
[2811] [M]: 0x80019D44 (0x666665B7) lui a1, 419430
x11 <- 0x66666000


mem[X,0x80019D48] -> 0x8593
mem[X,0x80019D4A] -> 0x6665
[2812] [M]: 0x80019D48 (0x66658593) addi a1, a1, 1638
x11 <- 0x66666666


mem[X,0x80019D4C] -> 0x0113
mem[X,0x80019D4E] -> 0x0000
[2813] [M]: 0x80019D4C (0x00000113) addi sp, zero, 0
x2 <- 0x00000000


mem[X,0x80019D50] -> 0x006F
mem[X,0x80019D52] -> 0x00C0
[2814] [M]: 0x80019D50 (0x00C0006F) jal zero, 12


mem[X,0x80019D5C] -> 0x4863
mem[X,0x80019D5E] -> 0x00B5
[2815] [M]: 0x80019D5C (0x00B54863) blt a0, a1, 16


mem[X,0x80019D6C] -> 0x0113
mem[X,0x80019D6E] -> 0x0031
[2816] [M]: 0x80019D6C (0x00310113) addi sp, sp, 3
x2 <- 0x00000003


mem[X,0x80019D70] -> 0x006F
mem[X,0x80019D72] -> 0x0040
[2817] [M]: 0x80019D70 (0x0040006F) jal zero, 4


mem[X,0x80019D74] -> 0xA823
mem[X,0x80019D76] -> 0x4420
[2818] [M]: 0x80019D74 (0x4420A823) sw sp, 1104(ra)
mem[0x800395B8] <- 0x00000003


mem[X,0x80019D78] -> 0x5537
mem[X,0x80019D7A] -> 0x5555
[2819] [M]: 0x80019D78 (0x55555537) lui a0, 349525
x10 <- 0x55555000


mem[X,0x80019D7C] -> 0x0513
mem[X,0x80019D7E] -> 0x5545
[2820] [M]: 0x80019D7C (0x55450513) addi a0, a0, 1364
x10 <- 0x55555554


mem[X,0x80019D80] -> 0x55B7
mem[X,0x80019D82] -> 0xFFFF
[2821] [M]: 0x80019D80 (0xFFFF55B7) lui a1, 1048565
x11 <- 0xFFFF5000


mem[X,0x80019D84] -> 0x8593
mem[X,0x80019D86] -> 0xAFC5
[2822] [M]: 0x80019D84 (0xAFC58593) addi a1, a1, 2812
x11 <- 0xFFFF4AFC


mem[X,0x80019D88] -> 0x0113
mem[X,0x80019D8A] -> 0x0000
[2823] [M]: 0x80019D88 (0x00000113) addi sp, zero, 0
x2 <- 0x00000000


mem[X,0x80019D8C] -> 0x006F
mem[X,0x80019D8E] -> 0x00C0
[2824] [M]: 0x80019D8C (0x00C0006F) jal zero, 12


mem[X,0x80019D98] -> 0x4063
mem[X,0x80019D9A] -> 0x02B5
[2825] [M]: 0x80019D98 (0x02B54063) blt a0, a1, 32


mem[X,0x80019D9C] -> 0x0113
mem[X,0x80019D9E] -> 0x0021
[2826] [M]: 0x80019D9C (0x00210113) addi sp, sp, 2
x2 <- 0x00000002


mem[X,0x80019DA0] -> 0x006F
mem[X,0x80019DA2] -> 0x0200
[2827] [M]: 0x80019DA0 (0x0200006F) jal zero, 32


mem[X,0x80019DC0] -> 0xAA23
mem[X,0x80019DC2] -> 0x4420
[2828] [M]: 0x80019DC0 (0x4420AA23) sw sp, 1108(ra)
mem[0x800395BC] <- 0x00000002


mem[X,0x80019DC4] -> 0x5537
mem[X,0x80019DC6] -> 0x5555
[2829] [M]: 0x80019DC4 (0x55555537) lui a0, 349525
x10 <- 0x55555000


mem[X,0x80019DC8] -> 0x0513
mem[X,0x80019DCA] -> 0x5545
[2830] [M]: 0x80019DC8 (0x55450513) addi a0, a0, 1364
x10 <- 0x55555554


mem[X,0x80019DCC] -> 0xB5B7
mem[X,0x80019DCE] -> 0x0000
[2831] [M]: 0x80019DCC (0x0000B5B7) lui a1, 11
x11 <- 0x0000B000


mem[X,0x80019DD0] -> 0x8593
mem[X,0x80019DD2] -> 0x5045
[2832] [M]: 0x80019DD0 (0x50458593) addi a1, a1, 1284
x11 <- 0x0000B504


mem[X,0x80019DD4] -> 0x0113
mem[X,0x80019DD6] -> 0x0000
[2833] [M]: 0x80019DD4 (0x00000113) addi sp, zero, 0
x2 <- 0x00000000


mem[X,0x80019DD8] -> 0x006F
mem[X,0x80019DDA] -> 0x00C0
[2834] [M]: 0x80019DD8 (0x00C0006F) jal zero, 12


mem[X,0x80019DE4] -> 0x4CE3
mem[X,0x80019DE6] -> 0xFEB5
[2835] [M]: 0x80019DE4 (0xFEB54CE3) blt a0, a1, 8184


mem[X,0x80019DE8] -> 0x0113
mem[X,0x80019DEA] -> 0x0021
[2836] [M]: 0x80019DE8 (0x00210113) addi sp, sp, 2
x2 <- 0x00000002


mem[X,0x80019DEC] -> 0x006F
mem[X,0x80019DEE] -> 0x00C0
[2837] [M]: 0x80019DEC (0x00C0006F) jal zero, 12


mem[X,0x80019DF8] -> 0xAC23
mem[X,0x80019DFA] -> 0x4420
[2838] [M]: 0x80019DF8 (0x4420AC23) sw sp, 1112(ra)
mem[0x800395C0] <- 0x00000002


mem[X,0x80019DFC] -> 0x5537
mem[X,0x80019DFE] -> 0x5555
[2839] [M]: 0x80019DFC (0x55555537) lui a0, 349525
x10 <- 0x55555000


mem[X,0x80019E00] -> 0x0513
mem[X,0x80019E02] -> 0x5545
[2840] [M]: 0x80019E00 (0x55450513) addi a0, a0, 1364
x10 <- 0x55555554


mem[X,0x80019E04] -> 0x0593
mem[X,0x80019E06] -> 0x0020
[2841] [M]: 0x80019E04 (0x00200593) addi a1, zero, 2
x11 <- 0x00000002


mem[X,0x80019E08] -> 0x0113
mem[X,0x80019E0A] -> 0x0000
[2842] [M]: 0x80019E08 (0x00000113) addi sp, zero, 0
x2 <- 0x00000000


mem[X,0x80019E0C] -> 0x006F
mem[X,0x80019E0E] -> 0x00C0
[2843] [M]: 0x80019E0C (0x00C0006F) jal zero, 12


mem[X,0x80019E18] -> 0x4063
mem[X,0x80019E1A] -> 0x10B5
[2844] [M]: 0x80019E18 (0x10B54063) blt a0, a1, 256


mem[X,0x80019E1C] -> 0x0113
mem[X,0x80019E1E] -> 0x0021
[2845] [M]: 0x80019E1C (0x00210113) addi sp, sp, 2
x2 <- 0x00000002


mem[X,0x80019E20] -> 0x006F
mem[X,0x80019E22] -> 0x1000
[2846] [M]: 0x80019E20 (0x1000006F) jal zero, 256


mem[X,0x80019F20] -> 0xAE23
mem[X,0x80019F22] -> 0x4420
[2847] [M]: 0x80019F20 (0x4420AE23) sw sp, 1116(ra)
mem[0x800395C4] <- 0x00000002


mem[X,0x80019F24] -> 0x5537
mem[X,0x80019F26] -> 0x5555
[2848] [M]: 0x80019F24 (0x55555537) lui a0, 349525
x10 <- 0x55555000


mem[X,0x80019F28] -> 0x0513
mem[X,0x80019F2A] -> 0x5545
[2849] [M]: 0x80019F28 (0x55450513) addi a0, a0, 1364
x10 <- 0x55555554


mem[X,0x80019F2C] -> 0x55B7
mem[X,0x80019F2E] -> 0x5555
[2850] [M]: 0x80019F2C (0x555555B7) lui a1, 349525
x11 <- 0x55555000


mem[X,0x80019F30] -> 0x8593
mem[X,0x80019F32] -> 0x5545
[2851] [M]: 0x80019F30 (0x55458593) addi a1, a1, 1364
x11 <- 0x55555554


mem[X,0x80019F34] -> 0x0113
mem[X,0x80019F36] -> 0x0000
[2852] [M]: 0x80019F34 (0x00000113) addi sp, zero, 0
x2 <- 0x00000000


mem[X,0x80019F38] -> 0x006F
mem[X,0x80019F3A] -> 0x00C0
[2853] [M]: 0x80019F38 (0x00C0006F) jal zero, 12


mem[X,0x80019F44] -> 0x4663
mem[X,0x80019F46] -> 0x00B5
[2854] [M]: 0x80019F44 (0x00B54663) blt a0, a1, 12


mem[X,0x80019F48] -> 0x0113
mem[X,0x80019F4A] -> 0x0021
[2855] [M]: 0x80019F48 (0x00210113) addi sp, sp, 2
x2 <- 0x00000002


mem[X,0x80019F4C] -> 0x006F
mem[X,0x80019F4E] -> 0x00C0
[2856] [M]: 0x80019F4C (0x00C0006F) jal zero, 12


mem[X,0x80019F58] -> 0xA023
mem[X,0x80019F5A] -> 0x4620
[2857] [M]: 0x80019F58 (0x4620A023) sw sp, 1120(ra)
mem[0x800395C8] <- 0x00000002


mem[X,0x80019F5C] -> 0x5537
mem[X,0x80019F5E] -> 0x5555
[2858] [M]: 0x80019F5C (0x55555537) lui a0, 349525
x10 <- 0x55555000


mem[X,0x80019F60] -> 0x0513
mem[X,0x80019F62] -> 0x5545
[2859] [M]: 0x80019F60 (0x55450513) addi a0, a0, 1364
x10 <- 0x55555554


mem[X,0x80019F64] -> 0x0593
mem[X,0x80019F66] -> 0x0000
[2860] [M]: 0x80019F64 (0x00000593) addi a1, zero, 0
x11 <- 0x00000000


mem[X,0x80019F68] -> 0x0113
mem[X,0x80019F6A] -> 0x0000
[2861] [M]: 0x80019F68 (0x00000113) addi sp, zero, 0
x2 <- 0x00000000


mem[X,0x80019F6C] -> 0x006F
mem[X,0x80019F6E] -> 0x0050
[2862] [M]: 0x80019F6C (0x0050006F) jal zero, 2052


mem[X,0x8001A770] -> 0x40E3
mem[X,0x8001A772] -> 0x80B5
[2863] [M]: 0x8001A770 (0x80B540E3) blt a0, a1, 6144


mem[X,0x8001A774] -> 0x0113
mem[X,0x8001A776] -> 0x0021
[2864] [M]: 0x8001A774 (0x00210113) addi sp, sp, 2
x2 <- 0x00000002


mem[X,0x8001A778] -> 0x006F
mem[X,0x8001A77A] -> 0x00C0
[2865] [M]: 0x8001A778 (0x00C0006F) jal zero, 12


mem[X,0x8001A784] -> 0xA223
mem[X,0x8001A786] -> 0x4620
[2866] [M]: 0x8001A784 (0x4620A223) sw sp, 1124(ra)
mem[0x800395CC] <- 0x00000002


mem[X,0x8001A788] -> 0x5537
mem[X,0x8001A78A] -> 0x5555
[2867] [M]: 0x8001A788 (0x55555537) lui a0, 349525
x10 <- 0x55555000


mem[X,0x8001A78C] -> 0x0513
mem[X,0x8001A78E] -> 0x5545
[2868] [M]: 0x8001A78C (0x55450513) addi a0, a0, 1364
x10 <- 0x55555554


mem[X,0x8001A790] -> 0x0593
mem[X,0x8001A792] -> 0x0040
[2869] [M]: 0x8001A790 (0x00400593) addi a1, zero, 4
x11 <- 0x00000004


mem[X,0x8001A794] -> 0x0113
mem[X,0x8001A796] -> 0x0000
[2870] [M]: 0x8001A794 (0x00000113) addi sp, zero, 0
x2 <- 0x00000000


mem[X,0x8001A798] -> 0x006F
mem[X,0x8001A79A] -> 0x00C0
[2871] [M]: 0x8001A798 (0x00C0006F) jal zero, 12


mem[X,0x8001A7A4] -> 0x4063
mem[X,0x8001A7A6] -> 0x10B5
[2872] [M]: 0x8001A7A4 (0x10B54063) blt a0, a1, 256


mem[X,0x8001A7A8] -> 0x0113
mem[X,0x8001A7AA] -> 0x0021
[2873] [M]: 0x8001A7A8 (0x00210113) addi sp, sp, 2
x2 <- 0x00000002


mem[X,0x8001A7AC] -> 0x006F
mem[X,0x8001A7AE] -> 0x1000
[2874] [M]: 0x8001A7AC (0x1000006F) jal zero, 256


mem[X,0x8001A8AC] -> 0xA423
mem[X,0x8001A8AE] -> 0x4620
[2875] [M]: 0x8001A8AC (0x4620A423) sw sp, 1128(ra)
mem[0x800395D0] <- 0x00000002


mem[X,0x8001A8B0] -> 0x5537
mem[X,0x8001A8B2] -> 0x5555
[2876] [M]: 0x8001A8B0 (0x55555537) lui a0, 349525
x10 <- 0x55555000


mem[X,0x8001A8B4] -> 0x0513
mem[X,0x8001A8B6] -> 0x5545
[2877] [M]: 0x8001A8B4 (0x55450513) addi a0, a0, 1364
x10 <- 0x55555554


mem[X,0x8001A8B8] -> 0x35B7
mem[X,0x8001A8BA] -> 0x3333
[2878] [M]: 0x8001A8B8 (0x333335B7) lui a1, 209715
x11 <- 0x33333000


mem[X,0x8001A8BC] -> 0x8593
mem[X,0x8001A8BE] -> 0x3325
[2879] [M]: 0x8001A8BC (0x33258593) addi a1, a1, 818
x11 <- 0x33333332


mem[X,0x8001A8C0] -> 0x0113
mem[X,0x8001A8C2] -> 0x0000
[2880] [M]: 0x8001A8C0 (0x00000113) addi sp, zero, 0
x2 <- 0x00000000


mem[X,0x8001A8C4] -> 0x006F
mem[X,0x8001A8C6] -> 0x0180
[2881] [M]: 0x8001A8C4 (0x0180006F) jal zero, 24


mem[X,0x8001A8DC] -> 0x46E3
mem[X,0x8001A8DE] -> 0xFEB5
[2882] [M]: 0x8001A8DC (0xFEB546E3) blt a0, a1, 8172


mem[X,0x8001A8E0] -> 0x0113
mem[X,0x8001A8E2] -> 0x0021
[2883] [M]: 0x8001A8E0 (0x00210113) addi sp, sp, 2
x2 <- 0x00000002


mem[X,0x8001A8E4] -> 0x006F
mem[X,0x8001A8E6] -> 0x00C0
[2884] [M]: 0x8001A8E4 (0x00C0006F) jal zero, 12


mem[X,0x8001A8F0] -> 0xA623
mem[X,0x8001A8F2] -> 0x4620
[2885] [M]: 0x8001A8F0 (0x4620A623) sw sp, 1132(ra)
mem[0x800395D4] <- 0x00000002


mem[X,0x8001A8F4] -> 0x5537
mem[X,0x8001A8F6] -> 0x5555
[2886] [M]: 0x8001A8F4 (0x55555537) lui a0, 349525
x10 <- 0x55555000


mem[X,0x8001A8F8] -> 0x0513
mem[X,0x8001A8FA] -> 0x5545
[2887] [M]: 0x8001A8F8 (0x55450513) addi a0, a0, 1364
x10 <- 0x55555554


mem[X,0x8001A8FC] -> 0x65B7
mem[X,0x8001A8FE] -> 0x6666
[2888] [M]: 0x8001A8FC (0x666665B7) lui a1, 419430
x11 <- 0x66666000


mem[X,0x8001A900] -> 0x8593
mem[X,0x8001A902] -> 0x6655
[2889] [M]: 0x8001A900 (0x66558593) addi a1, a1, 1637
x11 <- 0x66666665


mem[X,0x8001A904] -> 0x0113
mem[X,0x8001A906] -> 0x0000
[2890] [M]: 0x8001A904 (0x00000113) addi sp, zero, 0
x2 <- 0x00000000


mem[X,0x8001A908] -> 0x006F
mem[X,0x8001A90A] -> 0x00C0
[2891] [M]: 0x8001A908 (0x00C0006F) jal zero, 12


mem[X,0x8001A914] -> 0x4663
mem[X,0x8001A916] -> 0x00B5
[2892] [M]: 0x8001A914 (0x00B54663) blt a0, a1, 12


mem[X,0x8001A920] -> 0x0113
mem[X,0x8001A922] -> 0x0031
[2893] [M]: 0x8001A920 (0x00310113) addi sp, sp, 3
x2 <- 0x00000003


mem[X,0x8001A924] -> 0x006F
mem[X,0x8001A926] -> 0x0040
[2894] [M]: 0x8001A924 (0x0040006F) jal zero, 4


mem[X,0x8001A928] -> 0xA823
mem[X,0x8001A92A] -> 0x4620
[2895] [M]: 0x8001A928 (0x4620A823) sw sp, 1136(ra)
mem[0x800395D8] <- 0x00000003


mem[X,0x8001A92C] -> 0x5537
mem[X,0x8001A92E] -> 0x5555
[2896] [M]: 0x8001A92C (0x55555537) lui a0, 349525
x10 <- 0x55555000


mem[X,0x8001A930] -> 0x0513
mem[X,0x8001A932] -> 0x5545
[2897] [M]: 0x8001A930 (0x55450513) addi a0, a0, 1364
x10 <- 0x55555554


mem[X,0x8001A934] -> 0xB5B7
mem[X,0x8001A936] -> 0x0000
[2898] [M]: 0x8001A934 (0x0000B5B7) lui a1, 11
x11 <- 0x0000B000


mem[X,0x8001A938] -> 0x8593
mem[X,0x8001A93A] -> 0x5035
[2899] [M]: 0x8001A938 (0x50358593) addi a1, a1, 1283
x11 <- 0x0000B503


clint::tick mtime <- 0x000000000000001D
 clint timer pending at mtime 0x000000000000001D
htif::tick 0x0000000000000000
mem[X,0x8001A93C] -> 0x0113
mem[X,0x8001A93E] -> 0x0000
[2900] [M]: 0x8001A93C (0x00000113) addi sp, zero, 0
x2 <- 0x00000000


mem[X,0x8001A940] -> 0x006F
mem[X,0x8001A942] -> 0x0140
[2901] [M]: 0x8001A940 (0x0140006F) jal zero, 20


mem[X,0x8001A954] -> 0x48E3
mem[X,0x8001A956] -> 0xFEB5
[2902] [M]: 0x8001A954 (0xFEB548E3) blt a0, a1, 8176


mem[X,0x8001A958] -> 0x0113
mem[X,0x8001A95A] -> 0x0021
[2903] [M]: 0x8001A958 (0x00210113) addi sp, sp, 2
x2 <- 0x00000002


mem[X,0x8001A95C] -> 0x006F
mem[X,0x8001A95E] -> 0x00C0
[2904] [M]: 0x8001A95C (0x00C0006F) jal zero, 12


mem[X,0x8001A968] -> 0xAA23
mem[X,0x8001A96A] -> 0x4620
[2905] [M]: 0x8001A968 (0x4620AA23) sw sp, 1140(ra)
mem[0x800395DC] <- 0x00000002


mem[X,0x8001A96C] -> 0x5537
mem[X,0x8001A96E] -> 0x5555
[2906] [M]: 0x8001A96C (0x55555537) lui a0, 349525
x10 <- 0x55555000


mem[X,0x8001A970] -> 0x0513
mem[X,0x8001A972] -> 0x5545
[2907] [M]: 0x8001A970 (0x55450513) addi a0, a0, 1364
x10 <- 0x55555554


mem[X,0x8001A974] -> 0x55B7
mem[X,0x8001A976] -> 0x5555
[2908] [M]: 0x8001A974 (0x555555B7) lui a1, 349525
x11 <- 0x55555000


mem[X,0x8001A978] -> 0x8593
mem[X,0x8001A97A] -> 0x5565
[2909] [M]: 0x8001A978 (0x55658593) addi a1, a1, 1366
x11 <- 0x55555556


mem[X,0x8001A97C] -> 0x0113
mem[X,0x8001A97E] -> 0x0000
[2910] [M]: 0x8001A97C (0x00000113) addi sp, zero, 0
x2 <- 0x00000000


mem[X,0x8001A980] -> 0x006F
mem[X,0x8001A982] -> 0x2B10
[2911] [M]: 0x8001A980 (0x2B10006F) jal zero, 2736


mem[X,0x8001B430] -> 0x4A63
mem[X,0x8001B432] -> 0xD4B5
[2912] [M]: 0x8001B430 (0xD4B54A63) blt a0, a1, 5460


mem[X,0x8001A984] -> 0x0113
mem[X,0x8001A986] -> 0x0011
[2913] [M]: 0x8001A984 (0x00110113) addi sp, sp, 1
x2 <- 0x00000001


mem[X,0x8001A988] -> 0x006F
mem[X,0x8001A98A] -> 0x2BD0
[2914] [M]: 0x8001A988 (0x2BD0006F) jal zero, 2748


mem[X,0x8001B444] -> 0xAC23
mem[X,0x8001B446] -> 0x4620
[2915] [M]: 0x8001B444 (0x4620AC23) sw sp, 1144(ra)
mem[0x800395E0] <- 0x00000001


mem[X,0x8001B448] -> 0x5537
mem[X,0x8001B44A] -> 0x5555
[2916] [M]: 0x8001B448 (0x55555537) lui a0, 349525
x10 <- 0x55555000


mem[X,0x8001B44C] -> 0x0513
mem[X,0x8001B44E] -> 0x5545
[2917] [M]: 0x8001B44C (0x55450513) addi a0, a0, 1364
x10 <- 0x55555554


mem[X,0x8001B450] -> 0xB5B7
mem[X,0x8001B452] -> 0xAAAA
[2918] [M]: 0x8001B450 (0xAAAAB5B7) lui a1, 699051
x11 <- 0xAAAAB000


mem[X,0x8001B454] -> 0x8593
mem[X,0x8001B456] -> 0xAAB5
[2919] [M]: 0x8001B454 (0xAAB58593) addi a1, a1, 2731
x11 <- 0xAAAAAAAB


mem[X,0x8001B458] -> 0x0113
mem[X,0x8001B45A] -> 0x0000
[2920] [M]: 0x8001B458 (0x00000113) addi sp, zero, 0
x2 <- 0x00000000


mem[X,0x8001B45C] -> 0x006F
mem[X,0x8001B45E] -> 0x00C0
[2921] [M]: 0x8001B45C (0x00C0006F) jal zero, 12


mem[X,0x8001B468] -> 0x4663
mem[X,0x8001B46A] -> 0x00B5
[2922] [M]: 0x8001B468 (0x00B54663) blt a0, a1, 12


mem[X,0x8001B46C] -> 0x0113
mem[X,0x8001B46E] -> 0x0021
[2923] [M]: 0x8001B46C (0x00210113) addi sp, sp, 2
x2 <- 0x00000002


mem[X,0x8001B470] -> 0x006F
mem[X,0x8001B472] -> 0x00C0
[2924] [M]: 0x8001B470 (0x00C0006F) jal zero, 12


mem[X,0x8001B47C] -> 0xAE23
mem[X,0x8001B47E] -> 0x4620
[2925] [M]: 0x8001B47C (0x4620AE23) sw sp, 1148(ra)
mem[0x800395E4] <- 0x00000002


mem[X,0x8001B480] -> 0x5537
mem[X,0x8001B482] -> 0x5555
[2926] [M]: 0x8001B480 (0x55555537) lui a0, 349525
x10 <- 0x55555000


mem[X,0x8001B484] -> 0x0513
mem[X,0x8001B486] -> 0x5545
[2927] [M]: 0x8001B484 (0x55450513) addi a0, a0, 1364
x10 <- 0x55555554


mem[X,0x8001B488] -> 0x0593
mem[X,0x8001B48A] -> 0x0060
[2928] [M]: 0x8001B488 (0x00600593) addi a1, zero, 6
x11 <- 0x00000006


mem[X,0x8001B48C] -> 0x0113
mem[X,0x8001B48E] -> 0x0000
[2929] [M]: 0x8001B48C (0x00000113) addi sp, zero, 0
x2 <- 0x00000000


mem[X,0x8001B490] -> 0x006F
mem[X,0x8001B492] -> 0x00C0
[2930] [M]: 0x8001B490 (0x00C0006F) jal zero, 12


mem[X,0x8001B49C] -> 0x4CE3
mem[X,0x8001B49E] -> 0xFEB5
[2931] [M]: 0x8001B49C (0xFEB54CE3) blt a0, a1, 8184


mem[X,0x8001B4A0] -> 0x0113
mem[X,0x8001B4A2] -> 0x0021
[2932] [M]: 0x8001B4A0 (0x00210113) addi sp, sp, 2
x2 <- 0x00000002


mem[X,0x8001B4A4] -> 0x006F
mem[X,0x8001B4A6] -> 0x00C0
[2933] [M]: 0x8001B4A4 (0x00C0006F) jal zero, 12


mem[X,0x8001B4B0] -> 0xA023
mem[X,0x8001B4B2] -> 0x4820
[2934] [M]: 0x8001B4B0 (0x4820A023) sw sp, 1152(ra)
mem[0x800395E8] <- 0x00000002


mem[X,0x8001B4B4] -> 0x5537
mem[X,0x8001B4B6] -> 0x5555
[2935] [M]: 0x8001B4B4 (0x55555537) lui a0, 349525
x10 <- 0x55555000


mem[X,0x8001B4B8] -> 0x0513
mem[X,0x8001B4BA] -> 0x5545
[2936] [M]: 0x8001B4B8 (0x55450513) addi a0, a0, 1364
x10 <- 0x55555554


mem[X,0x8001B4BC] -> 0x35B7
mem[X,0x8001B4BE] -> 0x3333
[2937] [M]: 0x8001B4BC (0x333335B7) lui a1, 209715
x11 <- 0x33333000


mem[X,0x8001B4C0] -> 0x8593
mem[X,0x8001B4C2] -> 0x3345
[2938] [M]: 0x8001B4C0 (0x33458593) addi a1, a1, 820
x11 <- 0x33333334


mem[X,0x8001B4C4] -> 0x0113
mem[X,0x8001B4C6] -> 0x0000
[2939] [M]: 0x8001B4C4 (0x00000113) addi sp, zero, 0
x2 <- 0x00000000


mem[X,0x8001B4C8] -> 0x006F
mem[X,0x8001B4CA] -> 0x00C0
[2940] [M]: 0x8001B4C8 (0x00C0006F) jal zero, 12


mem[X,0x8001B4D4] -> 0x4863
mem[X,0x8001B4D6] -> 0x00B5
[2941] [M]: 0x8001B4D4 (0x00B54863) blt a0, a1, 16


mem[X,0x8001B4D8] -> 0x0113
mem[X,0x8001B4DA] -> 0x0021
[2942] [M]: 0x8001B4D8 (0x00210113) addi sp, sp, 2
x2 <- 0x00000002


mem[X,0x8001B4DC] -> 0x006F
mem[X,0x8001B4DE] -> 0x0100
[2943] [M]: 0x8001B4DC (0x0100006F) jal zero, 16


mem[X,0x8001B4EC] -> 0xA223
mem[X,0x8001B4EE] -> 0x4820
[2944] [M]: 0x8001B4EC (0x4820A223) sw sp, 1156(ra)
mem[0x800395EC] <- 0x00000002


mem[X,0x8001B4F0] -> 0x5537
mem[X,0x8001B4F2] -> 0x5555
[2945] [M]: 0x8001B4F0 (0x55555537) lui a0, 349525
x10 <- 0x55555000


mem[X,0x8001B4F4] -> 0x0513
mem[X,0x8001B4F6] -> 0x5545
[2946] [M]: 0x8001B4F4 (0x55450513) addi a0, a0, 1364
x10 <- 0x55555554


mem[X,0x8001B4F8] -> 0x65B7
mem[X,0x8001B4FA] -> 0x6666
[2947] [M]: 0x8001B4F8 (0x666665B7) lui a1, 419430
x11 <- 0x66666000


mem[X,0x8001B4FC] -> 0x8593
mem[X,0x8001B4FE] -> 0x6675
[2948] [M]: 0x8001B4FC (0x66758593) addi a1, a1, 1639
x11 <- 0x66666667


mem[X,0x8001B500] -> 0x0113
mem[X,0x8001B502] -> 0x0000
[2949] [M]: 0x8001B500 (0x00000113) addi sp, zero, 0
x2 <- 0x00000000


mem[X,0x8001B504] -> 0x006F
mem[X,0x8001B506] -> 0x0100
[2950] [M]: 0x8001B504 (0x0100006F) jal zero, 16


mem[X,0x8001B514] -> 0x4AE3
mem[X,0x8001B516] -> 0xFEB5
[2951] [M]: 0x8001B514 (0xFEB54AE3) blt a0, a1, 8180


mem[X,0x8001B508] -> 0x0113
mem[X,0x8001B50A] -> 0x0011
[2952] [M]: 0x8001B508 (0x00110113) addi sp, sp, 1
x2 <- 0x00000001


mem[X,0x8001B50C] -> 0x006F
mem[X,0x8001B50E] -> 0x01C0
[2953] [M]: 0x8001B50C (0x01C0006F) jal zero, 28


mem[X,0x8001B528] -> 0xA423
mem[X,0x8001B52A] -> 0x4820
[2954] [M]: 0x8001B528 (0x4820A423) sw sp, 1160(ra)
mem[0x800395F0] <- 0x00000001


mem[X,0x8001B52C] -> 0x5537
mem[X,0x8001B52E] -> 0x5555
[2955] [M]: 0x8001B52C (0x55555537) lui a0, 349525
x10 <- 0x55555000


mem[X,0x8001B530] -> 0x0513
mem[X,0x8001B532] -> 0x5545
[2956] [M]: 0x8001B530 (0x55450513) addi a0, a0, 1364
x10 <- 0x55555554


mem[X,0x8001B534] -> 0x55B7
mem[X,0x8001B536] -> 0xFFFF
[2957] [M]: 0x8001B534 (0xFFFF55B7) lui a1, 1048565
x11 <- 0xFFFF5000


mem[X,0x8001B538] -> 0x8593
mem[X,0x8001B53A] -> 0xAFD5
[2958] [M]: 0x8001B538 (0xAFD58593) addi a1, a1, 2813
x11 <- 0xFFFF4AFD


mem[X,0x8001B53C] -> 0x0113
mem[X,0x8001B53E] -> 0x0000
[2959] [M]: 0x8001B53C (0x00000113) addi sp, zero, 0
x2 <- 0x00000000


mem[X,0x8001B540] -> 0x006F
mem[X,0x8001B542] -> 0x00C0
[2960] [M]: 0x8001B540 (0x00C0006F) jal zero, 12


mem[X,0x8001B54C] -> 0x4063
mem[X,0x8001B54E] -> 0x04B5
[2961] [M]: 0x8001B54C (0x04B54063) blt a0, a1, 64


mem[X,0x8001B550] -> 0x0113
mem[X,0x8001B552] -> 0x0021
[2962] [M]: 0x8001B550 (0x00210113) addi sp, sp, 2
x2 <- 0x00000002


mem[X,0x8001B554] -> 0x006F
mem[X,0x8001B556] -> 0x0400
[2963] [M]: 0x8001B554 (0x0400006F) jal zero, 64


mem[X,0x8001B594] -> 0xA623
mem[X,0x8001B596] -> 0x4820
[2964] [M]: 0x8001B594 (0x4820A623) sw sp, 1164(ra)
mem[0x800395F4] <- 0x00000002


mem[X,0x8001B598] -> 0x5537
mem[X,0x8001B59A] -> 0x5555
[2965] [M]: 0x8001B598 (0x55555537) lui a0, 349525
x10 <- 0x55555000


mem[X,0x8001B59C] -> 0x0513
mem[X,0x8001B59E] -> 0x5545
[2966] [M]: 0x8001B59C (0x55450513) addi a0, a0, 1364
x10 <- 0x55555554


mem[X,0x8001B5A0] -> 0xB5B7
mem[X,0x8001B5A2] -> 0x0000
[2967] [M]: 0x8001B5A0 (0x0000B5B7) lui a1, 11
x11 <- 0x0000B000


mem[X,0x8001B5A4] -> 0x8593
mem[X,0x8001B5A6] -> 0x5055
[2968] [M]: 0x8001B5A4 (0x50558593) addi a1, a1, 1285
x11 <- 0x0000B505


mem[X,0x8001B5A8] -> 0x0113
mem[X,0x8001B5AA] -> 0x0000
[2969] [M]: 0x8001B5A8 (0x00000113) addi sp, zero, 0
x2 <- 0x00000000


mem[X,0x8001B5AC] -> 0x006F
mem[X,0x8001B5AE] -> 0x00C0
[2970] [M]: 0x8001B5AC (0x00C0006F) jal zero, 12


mem[X,0x8001B5B8] -> 0x4663
mem[X,0x8001B5BA] -> 0x00B5
[2971] [M]: 0x8001B5B8 (0x00B54663) blt a0, a1, 12


mem[X,0x8001B5BC] -> 0x0113
mem[X,0x8001B5BE] -> 0x0021
[2972] [M]: 0x8001B5BC (0x00210113) addi sp, sp, 2
x2 <- 0x00000002


mem[X,0x8001B5C0] -> 0x006F
mem[X,0x8001B5C2] -> 0x00C0
[2973] [M]: 0x8001B5C0 (0x00C0006F) jal zero, 12


mem[X,0x8001B5CC] -> 0xA823
mem[X,0x8001B5CE] -> 0x4820
[2974] [M]: 0x8001B5CC (0x4820A823) sw sp, 1168(ra)
mem[0x800395F8] <- 0x00000002


mem[X,0x8001B5D0] -> 0x0513
mem[X,0x8001B5D2] -> 0x0000
[2975] [M]: 0x8001B5D0 (0x00000513) addi a0, zero, 0
x10 <- 0x00000000


mem[X,0x8001B5D4] -> 0x0593
mem[X,0x8001B5D6] -> 0x0030
[2976] [M]: 0x8001B5D4 (0x00300593) addi a1, zero, 3
x11 <- 0x00000003


mem[X,0x8001B5D8] -> 0x0113
mem[X,0x8001B5DA] -> 0x0000
[2977] [M]: 0x8001B5D8 (0x00000113) addi sp, zero, 0
x2 <- 0x00000000


mem[X,0x8001B5DC] -> 0x006F
mem[X,0x8001B5DE] -> 0x2B10
[2978] [M]: 0x8001B5DC (0x2B10006F) jal zero, 2736


mem[X,0x8001C08C] -> 0x4A63
mem[X,0x8001C08E] -> 0xD4B5
[2979] [M]: 0x8001C08C (0xD4B54A63) blt a0, a1, 5460


mem[X,0x8001B5E0] -> 0x0113
mem[X,0x8001B5E2] -> 0x0011
[2980] [M]: 0x8001B5E0 (0x00110113) addi sp, sp, 1
x2 <- 0x00000001


mem[X,0x8001B5E4] -> 0x006F
mem[X,0x8001B5E6] -> 0x2BD0
[2981] [M]: 0x8001B5E4 (0x2BD0006F) jal zero, 2748


mem[X,0x8001C0A0] -> 0xAA23
mem[X,0x8001C0A2] -> 0x4820
[2982] [M]: 0x8001C0A0 (0x4820AA23) sw sp, 1172(ra)
mem[0x800395FC] <- 0x00000001


mem[X,0x8001C0A4] -> 0x0513
mem[X,0x8001C0A6] -> 0x0000
[2983] [M]: 0x8001C0A4 (0x00000513) addi a0, zero, 0
x10 <- 0x00000000


mem[X,0x8001C0A8] -> 0x55B7
mem[X,0x8001C0AA] -> 0x5555
[2984] [M]: 0x8001C0A8 (0x555555B7) lui a1, 349525
x11 <- 0x55555000


mem[X,0x8001C0AC] -> 0x8593
mem[X,0x8001C0AE] -> 0x5555
[2985] [M]: 0x8001C0AC (0x55558593) addi a1, a1, 1365
x11 <- 0x55555555


mem[X,0x8001C0B0] -> 0x0113
mem[X,0x8001C0B2] -> 0x0000
[2986] [M]: 0x8001C0B0 (0x00000113) addi sp, zero, 0
x2 <- 0x00000000


mem[X,0x8001C0B4] -> 0x006F
mem[X,0x8001C0B6] -> 0x00C0
[2987] [M]: 0x8001C0B4 (0x00C0006F) jal zero, 12


mem[X,0x8001C0C0] -> 0x4CE3
mem[X,0x8001C0C2] -> 0xFEB5
[2988] [M]: 0x8001C0C0 (0xFEB54CE3) blt a0, a1, 8184


mem[X,0x8001C0B8] -> 0x0113
mem[X,0x8001C0BA] -> 0x0011
[2989] [M]: 0x8001C0B8 (0x00110113) addi sp, sp, 1
x2 <- 0x00000001


mem[X,0x8001C0BC] -> 0x006F
mem[X,0x8001C0BE] -> 0x0180
[2990] [M]: 0x8001C0BC (0x0180006F) jal zero, 24


mem[X,0x8001C0D4] -> 0xAC23
mem[X,0x8001C0D6] -> 0x4820
[2991] [M]: 0x8001C0D4 (0x4820AC23) sw sp, 1176(ra)
mem[0x80039600] <- 0x00000001


mem[X,0x8001C0D8] -> 0x0513
mem[X,0x8001C0DA] -> 0x0000
[2992] [M]: 0x8001C0D8 (0x00000513) addi a0, zero, 0
x10 <- 0x00000000


mem[X,0x8001C0DC] -> 0xB5B7
mem[X,0x8001C0DE] -> 0xAAAA
[2993] [M]: 0x8001C0DC (0xAAAAB5B7) lui a1, 699051
x11 <- 0xAAAAB000


mem[X,0x8001C0E0] -> 0x8593
mem[X,0x8001C0E2] -> 0xAAA5
[2994] [M]: 0x8001C0E0 (0xAAA58593) addi a1, a1, 2730
x11 <- 0xAAAAAAAA


mem[X,0x8001C0E4] -> 0x0113
mem[X,0x8001C0E6] -> 0x0000
[2995] [M]: 0x8001C0E4 (0x00000113) addi sp, zero, 0
x2 <- 0x00000000


mem[X,0x8001C0E8] -> 0x006F
mem[X,0x8001C0EA] -> 0x00C0
[2996] [M]: 0x8001C0E8 (0x00C0006F) jal zero, 12


mem[X,0x8001C0F4] -> 0x4663
mem[X,0x8001C0F6] -> 0x00B5
[2997] [M]: 0x8001C0F4 (0x00B54663) blt a0, a1, 12


mem[X,0x8001C0F8] -> 0x0113
mem[X,0x8001C0FA] -> 0x0021
[2998] [M]: 0x8001C0F8 (0x00210113) addi sp, sp, 2
x2 <- 0x00000002


mem[X,0x8001C0FC] -> 0x006F
mem[X,0x8001C0FE] -> 0x00C0
[2999] [M]: 0x8001C0FC (0x00C0006F) jal zero, 12


clint::tick mtime <- 0x000000000000001E
 clint timer pending at mtime 0x000000000000001E
htif::tick 0x0000000000000000
mem[X,0x8001C108] -> 0xAE23
mem[X,0x8001C10A] -> 0x4820
[3000] [M]: 0x8001C108 (0x4820AE23) sw sp, 1180(ra)
mem[0x80039604] <- 0x00000002


mem[X,0x8001C10C] -> 0x0513
mem[X,0x8001C10E] -> 0x0000
[3001] [M]: 0x8001C10C (0x00000513) addi a0, zero, 0
x10 <- 0x00000000


mem[X,0x8001C110] -> 0x0593
mem[X,0x8001C112] -> 0x0050
[3002] [M]: 0x8001C110 (0x00500593) addi a1, zero, 5
x11 <- 0x00000005


mem[X,0x8001C114] -> 0x0113
mem[X,0x8001C116] -> 0x0000
[3003] [M]: 0x8001C114 (0x00000113) addi sp, zero, 0
x2 <- 0x00000000


mem[X,0x8001C118] -> 0x006F
mem[X,0x8001C11A] -> 0x00C0
[3004] [M]: 0x8001C118 (0x00C0006F) jal zero, 12


mem[X,0x8001C124] -> 0x4663
mem[X,0x8001C126] -> 0x00B5
[3005] [M]: 0x8001C124 (0x00B54663) blt a0, a1, 12


mem[X,0x8001C130] -> 0x0113
mem[X,0x8001C132] -> 0x0031
[3006] [M]: 0x8001C130 (0x00310113) addi sp, sp, 3
x2 <- 0x00000003


mem[X,0x8001C134] -> 0x006F
mem[X,0x8001C136] -> 0x0040
[3007] [M]: 0x8001C134 (0x0040006F) jal zero, 4


mem[X,0x8001C138] -> 0xA023
mem[X,0x8001C13A] -> 0x4A20
[3008] [M]: 0x8001C138 (0x4A20A023) sw sp, 1184(ra)
mem[0x80039608] <- 0x00000003


mem[X,0x8001C13C] -> 0x0513
mem[X,0x8001C13E] -> 0x0000
[3009] [M]: 0x8001C13C (0x00000513) addi a0, zero, 0
x10 <- 0x00000000


mem[X,0x8001C140] -> 0x35B7
mem[X,0x8001C142] -> 0x3333
[3010] [M]: 0x8001C140 (0x333335B7) lui a1, 209715
x11 <- 0x33333000


mem[X,0x8001C144] -> 0x8593
mem[X,0x8001C146] -> 0x3335
[3011] [M]: 0x8001C144 (0x33358593) addi a1, a1, 819
x11 <- 0x33333333


mem[X,0x8001C148] -> 0x0113
mem[X,0x8001C14A] -> 0x0000
[3012] [M]: 0x8001C148 (0x00000113) addi sp, zero, 0
x2 <- 0x00000000


mem[X,0x8001C14C] -> 0x006F
mem[X,0x8001C14E] -> 0x0180
[3013] [M]: 0x8001C14C (0x0180006F) jal zero, 24


mem[X,0x8001C164] -> 0x46E3
mem[X,0x8001C166] -> 0xFEB5
[3014] [M]: 0x8001C164 (0xFEB546E3) blt a0, a1, 8172


mem[X,0x8001C150] -> 0x0113
mem[X,0x8001C152] -> 0x0011
[3015] [M]: 0x8001C150 (0x00110113) addi sp, sp, 1
x2 <- 0x00000001


mem[X,0x8001C154] -> 0x006F
mem[X,0x8001C156] -> 0x0240
[3016] [M]: 0x8001C154 (0x0240006F) jal zero, 36


mem[X,0x8001C178] -> 0xA223
mem[X,0x8001C17A] -> 0x4A20
[3017] [M]: 0x8001C178 (0x4A20A223) sw sp, 1188(ra)
mem[0x8003960C] <- 0x00000001


mem[X,0x8001C17C] -> 0x0513
mem[X,0x8001C17E] -> 0x0000
[3018] [M]: 0x8001C17C (0x00000513) addi a0, zero, 0
x10 <- 0x00000000


mem[X,0x8001C180] -> 0x65B7
mem[X,0x8001C182] -> 0x6666
[3019] [M]: 0x8001C180 (0x666665B7) lui a1, 419430
x11 <- 0x66666000


mem[X,0x8001C184] -> 0x8593
mem[X,0x8001C186] -> 0x6665
[3020] [M]: 0x8001C184 (0x66658593) addi a1, a1, 1638
x11 <- 0x66666666


mem[X,0x8001C188] -> 0x0113
mem[X,0x8001C18A] -> 0x0000
[3021] [M]: 0x8001C188 (0x00000113) addi sp, zero, 0
x2 <- 0x00000000


mem[X,0x8001C18C] -> 0x006F
mem[X,0x8001C18E] -> 0x0100
[3022] [M]: 0x8001C18C (0x0100006F) jal zero, 16


mem[X,0x8001C19C] -> 0x4AE3
mem[X,0x8001C19E] -> 0xFEB5
[3023] [M]: 0x8001C19C (0xFEB54AE3) blt a0, a1, 8180


mem[X,0x8001C190] -> 0x0113
mem[X,0x8001C192] -> 0x0011
[3024] [M]: 0x8001C190 (0x00110113) addi sp, sp, 1
x2 <- 0x00000001


mem[X,0x8001C194] -> 0x006F
mem[X,0x8001C196] -> 0x01C0
[3025] [M]: 0x8001C194 (0x01C0006F) jal zero, 28


mem[X,0x8001C1B0] -> 0xA423
mem[X,0x8001C1B2] -> 0x4A20
[3026] [M]: 0x8001C1B0 (0x4A20A423) sw sp, 1192(ra)
mem[0x80039610] <- 0x00000001


mem[X,0x8001C1B4] -> 0x0513
mem[X,0x8001C1B6] -> 0x0000
[3027] [M]: 0x8001C1B4 (0x00000513) addi a0, zero, 0
x10 <- 0x00000000


mem[X,0x8001C1B8] -> 0x55B7
mem[X,0x8001C1BA] -> 0xFFFF
[3028] [M]: 0x8001C1B8 (0xFFFF55B7) lui a1, 1048565
x11 <- 0xFFFF5000


mem[X,0x8001C1BC] -> 0x8593
mem[X,0x8001C1BE] -> 0xAFC5
[3029] [M]: 0x8001C1BC (0xAFC58593) addi a1, a1, 2812
x11 <- 0xFFFF4AFC


mem[X,0x8001C1C0] -> 0x0113
mem[X,0x8001C1C2] -> 0x0000
[3030] [M]: 0x8001C1C0 (0x00000113) addi sp, zero, 0
x2 <- 0x00000000


mem[X,0x8001C1C4] -> 0x006F
mem[X,0x8001C1C6] -> 0x0180
[3031] [M]: 0x8001C1C4 (0x0180006F) jal zero, 24


mem[X,0x8001C1DC] -> 0x46E3
mem[X,0x8001C1DE] -> 0xFEB5
[3032] [M]: 0x8001C1DC (0xFEB546E3) blt a0, a1, 8172


mem[X,0x8001C1E0] -> 0x0113
mem[X,0x8001C1E2] -> 0x0021
[3033] [M]: 0x8001C1E0 (0x00210113) addi sp, sp, 2
x2 <- 0x00000002


mem[X,0x8001C1E4] -> 0x006F
mem[X,0x8001C1E6] -> 0x00C0
[3034] [M]: 0x8001C1E4 (0x00C0006F) jal zero, 12


mem[X,0x8001C1F0] -> 0xA623
mem[X,0x8001C1F2] -> 0x4A20
[3035] [M]: 0x8001C1F0 (0x4A20A623) sw sp, 1196(ra)
mem[0x80039614] <- 0x00000002


mem[X,0x8001C1F4] -> 0x0513
mem[X,0x8001C1F6] -> 0x0000
[3036] [M]: 0x8001C1F4 (0x00000513) addi a0, zero, 0
x10 <- 0x00000000


mem[X,0x8001C1F8] -> 0xB5B7
mem[X,0x8001C1FA] -> 0x0000
[3037] [M]: 0x8001C1F8 (0x0000B5B7) lui a1, 11
x11 <- 0x0000B000


mem[X,0x8001C1FC] -> 0x8593
mem[X,0x8001C1FE] -> 0x5045
[3038] [M]: 0x8001C1FC (0x50458593) addi a1, a1, 1284
x11 <- 0x0000B504


mem[X,0x8001C200] -> 0x0113
mem[X,0x8001C202] -> 0x0000
[3039] [M]: 0x8001C200 (0x00000113) addi sp, zero, 0
x2 <- 0x00000000


mem[X,0x8001C204] -> 0x006F
mem[X,0x8001C206] -> 0x0050
[3040] [M]: 0x8001C204 (0x0050006F) jal zero, 2052


mem[X,0x8001CA08] -> 0x40E3
mem[X,0x8001CA0A] -> 0x80B5
[3041] [M]: 0x8001CA08 (0x80B540E3) blt a0, a1, 6144


mem[X,0x8001C208] -> 0x0113
mem[X,0x8001C20A] -> 0x0011
[3042] [M]: 0x8001C208 (0x00110113) addi sp, sp, 1
x2 <- 0x00000001


mem[X,0x8001C20C] -> 0x006F
mem[X,0x8001C20E] -> 0x0110
[3043] [M]: 0x8001C20C (0x0110006F) jal zero, 2064


mem[X,0x8001CA1C] -> 0xA823
mem[X,0x8001CA1E] -> 0x4A20
[3044] [M]: 0x8001CA1C (0x4A20A823) sw sp, 1200(ra)
mem[0x80039618] <- 0x00000001


mem[X,0x8001CA20] -> 0xB537
mem[X,0x8001CA22] -> 0xAAAA
[3045] [M]: 0x8001CA20 (0xAAAAB537) lui a0, 699051
x10 <- 0xAAAAB000


mem[X,0x8001CA24] -> 0x0513
mem[X,0x8001CA26] -> 0xAAB5
[3046] [M]: 0x8001CA24 (0xAAB50513) addi a0, a0, 2731
x10 <- 0xAAAAAAAB


mem[X,0x8001CA28] -> 0x35B7
mem[X,0x8001CA2A] -> 0x3333
[3047] [M]: 0x8001CA28 (0x333335B7) lui a1, 209715
x11 <- 0x33333000


mem[X,0x8001CA2C] -> 0x8593
mem[X,0x8001CA2E] -> 0x3345
[3048] [M]: 0x8001CA2C (0x33458593) addi a1, a1, 820
x11 <- 0x33333334


mem[X,0x8001CA30] -> 0x0113
mem[X,0x8001CA32] -> 0x0000
[3049] [M]: 0x8001CA30 (0x00000113) addi sp, zero, 0
x2 <- 0x00000000


mem[X,0x8001CA34] -> 0x006F
mem[X,0x8001CA36] -> 0x00C0
[3050] [M]: 0x8001CA34 (0x00C0006F) jal zero, 12


mem[X,0x8001CA40] -> 0x4CE3
mem[X,0x8001CA42] -> 0xFEB5
[3051] [M]: 0x8001CA40 (0xFEB54CE3) blt a0, a1, 8184


mem[X,0x8001CA38] -> 0x0113
mem[X,0x8001CA3A] -> 0x0011
[3052] [M]: 0x8001CA38 (0x00110113) addi sp, sp, 1
x2 <- 0x00000001


mem[X,0x8001CA3C] -> 0x006F
mem[X,0x8001CA3E] -> 0x0180
[3053] [M]: 0x8001CA3C (0x0180006F) jal zero, 24


mem[X,0x8001CA54] -> 0xAA23
mem[X,0x8001CA56] -> 0x4A20
[3054] [M]: 0x8001CA54 (0x4A20AA23) sw sp, 1204(ra)
mem[0x8003961C] <- 0x00000001


mem[X,0x8001CA58] -> 0xB537
mem[X,0x8001CA5A] -> 0xAAAA
[3055] [M]: 0x8001CA58 (0xAAAAB537) lui a0, 699051
x10 <- 0xAAAAB000


mem[X,0x8001CA5C] -> 0x0513
mem[X,0x8001CA5E] -> 0xAAB5
[3056] [M]: 0x8001CA5C (0xAAB50513) addi a0, a0, 2731
x10 <- 0xAAAAAAAB


mem[X,0x8001CA60] -> 0x65B7
mem[X,0x8001CA62] -> 0x6666
[3057] [M]: 0x8001CA60 (0x666665B7) lui a1, 419430
x11 <- 0x66666000


mem[X,0x8001CA64] -> 0x8593
mem[X,0x8001CA66] -> 0x6675
[3058] [M]: 0x8001CA64 (0x66758593) addi a1, a1, 1639
x11 <- 0x66666667


mem[X,0x8001CA68] -> 0x0113
mem[X,0x8001CA6A] -> 0x0000
[3059] [M]: 0x8001CA68 (0x00000113) addi sp, zero, 0
x2 <- 0x00000000


mem[X,0x8001CA6C] -> 0x006F
mem[X,0x8001CA6E] -> 0x00C0
[3060] [M]: 0x8001CA6C (0x00C0006F) jal zero, 12


mem[X,0x8001CA78] -> 0x4863
mem[X,0x8001CA7A] -> 0x00B5
[3061] [M]: 0x8001CA78 (0x00B54863) blt a0, a1, 16


mem[X,0x8001CA88] -> 0x0113
mem[X,0x8001CA8A] -> 0x0031
[3062] [M]: 0x8001CA88 (0x00310113) addi sp, sp, 3
x2 <- 0x00000003


mem[X,0x8001CA8C] -> 0x006F
mem[X,0x8001CA8E] -> 0x0040
[3063] [M]: 0x8001CA8C (0x0040006F) jal zero, 4


mem[X,0x8001CA90] -> 0xAC23
mem[X,0x8001CA92] -> 0x4A20
[3064] [M]: 0x8001CA90 (0x4A20AC23) sw sp, 1208(ra)
mem[0x80039620] <- 0x00000003


mem[X,0x8001CA94] -> 0xB537
mem[X,0x8001CA96] -> 0xAAAA
[3065] [M]: 0x8001CA94 (0xAAAAB537) lui a0, 699051
x10 <- 0xAAAAB000


mem[X,0x8001CA98] -> 0x0513
mem[X,0x8001CA9A] -> 0xAAB5
[3066] [M]: 0x8001CA98 (0xAAB50513) addi a0, a0, 2731
x10 <- 0xAAAAAAAB


mem[X,0x8001CA9C] -> 0x55B7
mem[X,0x8001CA9E] -> 0xFFFF
[3067] [M]: 0x8001CA9C (0xFFFF55B7) lui a1, 1048565
x11 <- 0xFFFF5000


mem[X,0x8001CAA0] -> 0x8593
mem[X,0x8001CAA2] -> 0xAFD5
[3068] [M]: 0x8001CAA0 (0xAFD58593) addi a1, a1, 2813
x11 <- 0xFFFF4AFD


mem[X,0x8001CAA4] -> 0x0113
mem[X,0x8001CAA6] -> 0x0000
[3069] [M]: 0x8001CAA4 (0x00000113) addi sp, zero, 0
x2 <- 0x00000000


mem[X,0x8001CAA8] -> 0x006F
mem[X,0x8001CAAA] -> 0x0100
[3070] [M]: 0x8001CAA8 (0x0100006F) jal zero, 16


mem[X,0x8001CAB8] -> 0x4AE3
mem[X,0x8001CABA] -> 0xFEB5
[3071] [M]: 0x8001CAB8 (0xFEB54AE3) blt a0, a1, 8180


mem[X,0x8001CAAC] -> 0x0113
mem[X,0x8001CAAE] -> 0x0011
[3072] [M]: 0x8001CAAC (0x00110113) addi sp, sp, 1
x2 <- 0x00000001


mem[X,0x8001CAB0] -> 0x006F
mem[X,0x8001CAB2] -> 0x01C0
[3073] [M]: 0x8001CAB0 (0x01C0006F) jal zero, 28


mem[X,0x8001CACC] -> 0xAE23
mem[X,0x8001CACE] -> 0x4A20
[3074] [M]: 0x8001CACC (0x4A20AE23) sw sp, 1212(ra)
mem[0x80039624] <- 0x00000001


mem[X,0x8001CAD0] -> 0xB537
mem[X,0x8001CAD2] -> 0xAAAA
[3075] [M]: 0x8001CAD0 (0xAAAAB537) lui a0, 699051
x10 <- 0xAAAAB000


mem[X,0x8001CAD4] -> 0x0513
mem[X,0x8001CAD6] -> 0xAAB5
[3076] [M]: 0x8001CAD4 (0xAAB50513) addi a0, a0, 2731
x10 <- 0xAAAAAAAB


mem[X,0x8001CAD8] -> 0xB5B7
mem[X,0x8001CADA] -> 0x0000
[3077] [M]: 0x8001CAD8 (0x0000B5B7) lui a1, 11
x11 <- 0x0000B000


mem[X,0x8001CADC] -> 0x8593
mem[X,0x8001CADE] -> 0x5055
[3078] [M]: 0x8001CADC (0x50558593) addi a1, a1, 1285
x11 <- 0x0000B505


mem[X,0x8001CAE0] -> 0x0113
mem[X,0x8001CAE2] -> 0x0000
[3079] [M]: 0x8001CAE0 (0x00000113) addi sp, zero, 0
x2 <- 0x00000000


mem[X,0x8001CAE4] -> 0x006F
mem[X,0x8001CAE6] -> 0x00C0
[3080] [M]: 0x8001CAE4 (0x00C0006F) jal zero, 12


mem[X,0x8001CAF0] -> 0x4663
mem[X,0x8001CAF2] -> 0x00B5
[3081] [M]: 0x8001CAF0 (0x00B54663) blt a0, a1, 12


mem[X,0x8001CAFC] -> 0x0113
mem[X,0x8001CAFE] -> 0x0031
[3082] [M]: 0x8001CAFC (0x00310113) addi sp, sp, 3
x2 <- 0x00000003


mem[X,0x8001CB00] -> 0x006F
mem[X,0x8001CB02] -> 0x0040
[3083] [M]: 0x8001CB00 (0x0040006F) jal zero, 4


mem[X,0x8001CB04] -> 0xA023
mem[X,0x8001CB06] -> 0x4C20
[3084] [M]: 0x8001CB04 (0x4C20A023) sw sp, 1216(ra)
mem[0x80039628] <- 0x00000003


mem[X,0x8001CB08] -> 0x0513
mem[X,0x8001CB0A] -> 0x0060
[3085] [M]: 0x8001CB08 (0x00600513) addi a0, zero, 6
x10 <- 0x00000006


mem[X,0x8001CB0C] -> 0x0593
mem[X,0x8001CB0E] -> 0x0030
[3086] [M]: 0x8001CB0C (0x00300593) addi a1, zero, 3
x11 <- 0x00000003


mem[X,0x8001CB10] -> 0x0113
mem[X,0x8001CB12] -> 0x0000
[3087] [M]: 0x8001CB10 (0x00000113) addi sp, zero, 0
x2 <- 0x00000000


mem[X,0x8001CB14] -> 0x006F
mem[X,0x8001CB16] -> 0x00C0
[3088] [M]: 0x8001CB14 (0x00C0006F) jal zero, 12


mem[X,0x8001CB20] -> 0x4063
mem[X,0x8001CB22] -> 0x08B5
[3089] [M]: 0x8001CB20 (0x08B54063) blt a0, a1, 128


mem[X,0x8001CB24] -> 0x0113
mem[X,0x8001CB26] -> 0x0021
[3090] [M]: 0x8001CB24 (0x00210113) addi sp, sp, 2
x2 <- 0x00000002


mem[X,0x8001CB28] -> 0x006F
mem[X,0x8001CB2A] -> 0x0800
[3091] [M]: 0x8001CB28 (0x0800006F) jal zero, 128


mem[X,0x8001CBA8] -> 0xA223
mem[X,0x8001CBAA] -> 0x4C20
[3092] [M]: 0x8001CBA8 (0x4C20A223) sw sp, 1220(ra)
mem[0x8003962C] <- 0x00000002


mem[X,0x8001CBAC] -> 0x0513
mem[X,0x8001CBAE] -> 0x0060
[3093] [M]: 0x8001CBAC (0x00600513) addi a0, zero, 6
x10 <- 0x00000006


mem[X,0x8001CBB0] -> 0x55B7
mem[X,0x8001CBB2] -> 0x5555
[3094] [M]: 0x8001CBB0 (0x555555B7) lui a1, 349525
x11 <- 0x55555000


mem[X,0x8001CBB4] -> 0x8593
mem[X,0x8001CBB6] -> 0x5555
[3095] [M]: 0x8001CBB4 (0x55558593) addi a1, a1, 1365
x11 <- 0x55555555


mem[X,0x8001CBB8] -> 0x0113
mem[X,0x8001CBBA] -> 0x0000
[3096] [M]: 0x8001CBB8 (0x00000113) addi sp, zero, 0
x2 <- 0x00000000


mem[X,0x8001CBBC] -> 0x006F
mem[X,0x8001CBBE] -> 0x00C0
[3097] [M]: 0x8001CBBC (0x00C0006F) jal zero, 12


mem[X,0x8001CBC8] -> 0x4663
mem[X,0x8001CBCA] -> 0x00B5
[3098] [M]: 0x8001CBC8 (0x00B54663) blt a0, a1, 12


mem[X,0x8001CBD4] -> 0x0113
mem[X,0x8001CBD6] -> 0x0031
[3099] [M]: 0x8001CBD4 (0x00310113) addi sp, sp, 3
x2 <- 0x00000003


clint::tick mtime <- 0x000000000000001F
 clint timer pending at mtime 0x000000000000001F
htif::tick 0x0000000000000000
mem[X,0x8001CBD8] -> 0x006F
mem[X,0x8001CBDA] -> 0x0040
[3100] [M]: 0x8001CBD8 (0x0040006F) jal zero, 4


mem[X,0x8001CBDC] -> 0xA423
mem[X,0x8001CBDE] -> 0x4C20
[3101] [M]: 0x8001CBDC (0x4C20A423) sw sp, 1224(ra)
mem[0x80039630] <- 0x00000003


mem[X,0x8001CBE0] -> 0x0513
mem[X,0x8001CBE2] -> 0x0060
[3102] [M]: 0x8001CBE0 (0x00600513) addi a0, zero, 6
x10 <- 0x00000006


mem[X,0x8001CBE4] -> 0xB5B7
mem[X,0x8001CBE6] -> 0xAAAA
[3103] [M]: 0x8001CBE4 (0xAAAAB5B7) lui a1, 699051
x11 <- 0xAAAAB000


mem[X,0x8001CBE8] -> 0x8593
mem[X,0x8001CBEA] -> 0xAAA5
[3104] [M]: 0x8001CBE8 (0xAAA58593) addi a1, a1, 2730
x11 <- 0xAAAAAAAA


mem[X,0x8001CBEC] -> 0x0113
mem[X,0x8001CBEE] -> 0x0000
[3105] [M]: 0x8001CBEC (0x00000113) addi sp, zero, 0
x2 <- 0x00000000


mem[X,0x8001CBF0] -> 0x006F
mem[X,0x8001CBF2] -> 0x00C0
[3106] [M]: 0x8001CBF0 (0x00C0006F) jal zero, 12


mem[X,0x8001CBFC] -> 0x4663
mem[X,0x8001CBFE] -> 0x00B5
[3107] [M]: 0x8001CBFC (0x00B54663) blt a0, a1, 12


mem[X,0x8001CC00] -> 0x0113
mem[X,0x8001CC02] -> 0x0021
[3108] [M]: 0x8001CC00 (0x00210113) addi sp, sp, 2
x2 <- 0x00000002


mem[X,0x8001CC04] -> 0x006F
mem[X,0x8001CC06] -> 0x00C0
[3109] [M]: 0x8001CC04 (0x00C0006F) jal zero, 12


mem[X,0x8001CC10] -> 0xA623
mem[X,0x8001CC12] -> 0x4C20
[3110] [M]: 0x8001CC10 (0x4C20A623) sw sp, 1228(ra)
mem[0x80039634] <- 0x00000002


mem[X,0x8001CC14] -> 0x0513
mem[X,0x8001CC16] -> 0x0060
[3111] [M]: 0x8001CC14 (0x00600513) addi a0, zero, 6
x10 <- 0x00000006


mem[X,0x8001CC18] -> 0x0593
mem[X,0x8001CC1A] -> 0x0050
[3112] [M]: 0x8001CC18 (0x00500593) addi a1, zero, 5
x11 <- 0x00000005


mem[X,0x8001CC1C] -> 0x0113
mem[X,0x8001CC1E] -> 0x0000
[3113] [M]: 0x8001CC1C (0x00000113) addi sp, zero, 0
x2 <- 0x00000000


mem[X,0x8001CC20] -> 0x006F
mem[X,0x8001CC22] -> 0x00C0
[3114] [M]: 0x8001CC20 (0x00C0006F) jal zero, 12


mem[X,0x8001CC2C] -> 0x4063
mem[X,0x8001CC2E] -> 0x10B5
[3115] [M]: 0x8001CC2C (0x10B54063) blt a0, a1, 256


mem[X,0x8001CC30] -> 0x0113
mem[X,0x8001CC32] -> 0x0021
[3116] [M]: 0x8001CC30 (0x00210113) addi sp, sp, 2
x2 <- 0x00000002


mem[X,0x8001CC34] -> 0x006F
mem[X,0x8001CC36] -> 0x1000
[3117] [M]: 0x8001CC34 (0x1000006F) jal zero, 256


mem[X,0x8001CD34] -> 0xA823
mem[X,0x8001CD36] -> 0x4C20
[3118] [M]: 0x8001CD34 (0x4C20A823) sw sp, 1232(ra)
mem[0x80039638] <- 0x00000002


mem[X,0x8001CD38] -> 0x0513
mem[X,0x8001CD3A] -> 0x0060
[3119] [M]: 0x8001CD38 (0x00600513) addi a0, zero, 6
x10 <- 0x00000006


mem[X,0x8001CD3C] -> 0x35B7
mem[X,0x8001CD3E] -> 0x3333
[3120] [M]: 0x8001CD3C (0x333335B7) lui a1, 209715
x11 <- 0x33333000


mem[X,0x8001CD40] -> 0x8593
mem[X,0x8001CD42] -> 0x3335
[3121] [M]: 0x8001CD40 (0x33358593) addi a1, a1, 819
x11 <- 0x33333333


mem[X,0x8001CD44] -> 0x0113
mem[X,0x8001CD46] -> 0x0000
[3122] [M]: 0x8001CD44 (0x00000113) addi sp, zero, 0
x2 <- 0x00000000


mem[X,0x8001CD48] -> 0x006F
mem[X,0x8001CD4A] -> 0x0100
[3123] [M]: 0x8001CD48 (0x0100006F) jal zero, 16


mem[X,0x8001CD58] -> 0x4AE3
mem[X,0x8001CD5A] -> 0xFEB5
[3124] [M]: 0x8001CD58 (0xFEB54AE3) blt a0, a1, 8180


mem[X,0x8001CD4C] -> 0x0113
mem[X,0x8001CD4E] -> 0x0011
[3125] [M]: 0x8001CD4C (0x00110113) addi sp, sp, 1
x2 <- 0x00000001


mem[X,0x8001CD50] -> 0x006F
mem[X,0x8001CD52] -> 0x01C0
[3126] [M]: 0x8001CD50 (0x01C0006F) jal zero, 28


mem[X,0x8001CD6C] -> 0xAA23
mem[X,0x8001CD6E] -> 0x4C20
[3127] [M]: 0x8001CD6C (0x4C20AA23) sw sp, 1236(ra)
mem[0x8003963C] <- 0x00000001


mem[X,0x8001CD70] -> 0x0513
mem[X,0x8001CD72] -> 0x0060
[3128] [M]: 0x8001CD70 (0x00600513) addi a0, zero, 6
x10 <- 0x00000006


mem[X,0x8001CD74] -> 0x65B7
mem[X,0x8001CD76] -> 0x6666
[3129] [M]: 0x8001CD74 (0x666665B7) lui a1, 419430
x11 <- 0x66666000


mem[X,0x8001CD78] -> 0x8593
mem[X,0x8001CD7A] -> 0x6665
[3130] [M]: 0x8001CD78 (0x66658593) addi a1, a1, 1638
x11 <- 0x66666666


mem[X,0x8001CD7C] -> 0x0113
mem[X,0x8001CD7E] -> 0x0000
[3131] [M]: 0x8001CD7C (0x00000113) addi sp, zero, 0
x2 <- 0x00000000


mem[X,0x8001CD80] -> 0x006F
mem[X,0x8001CD82] -> 0x2B10
[3132] [M]: 0x8001CD80 (0x2B10006F) jal zero, 2736


mem[X,0x8001D830] -> 0x4A63
mem[X,0x8001D832] -> 0xD4B5
[3133] [M]: 0x8001D830 (0xD4B54A63) blt a0, a1, 5460


mem[X,0x8001CD84] -> 0x0113
mem[X,0x8001CD86] -> 0x0011
[3134] [M]: 0x8001CD84 (0x00110113) addi sp, sp, 1
x2 <- 0x00000001


mem[X,0x8001CD88] -> 0x006F
mem[X,0x8001CD8A] -> 0x2BD0
[3135] [M]: 0x8001CD88 (0x2BD0006F) jal zero, 2748


mem[X,0x8001D844] -> 0xAC23
mem[X,0x8001D846] -> 0x4C20
[3136] [M]: 0x8001D844 (0x4C20AC23) sw sp, 1240(ra)
mem[0x80039640] <- 0x00000001


mem[X,0x8001D848] -> 0x0513
mem[X,0x8001D84A] -> 0x0060
[3137] [M]: 0x8001D848 (0x00600513) addi a0, zero, 6
x10 <- 0x00000006


mem[X,0x8001D84C] -> 0x55B7
mem[X,0x8001D84E] -> 0xFFFF
[3138] [M]: 0x8001D84C (0xFFFF55B7) lui a1, 1048565
x11 <- 0xFFFF5000


mem[X,0x8001D850] -> 0x8593
mem[X,0x8001D852] -> 0xAFC5
[3139] [M]: 0x8001D850 (0xAFC58593) addi a1, a1, 2812
x11 <- 0xFFFF4AFC


mem[X,0x8001D854] -> 0x0113
mem[X,0x8001D856] -> 0x0000
[3140] [M]: 0x8001D854 (0x00000113) addi sp, zero, 0
x2 <- 0x00000000


mem[X,0x8001D858] -> 0x006F
mem[X,0x8001D85A] -> 0x00C0
[3141] [M]: 0x8001D858 (0x00C0006F) jal zero, 12


mem[X,0x8001D864] -> 0x4663
mem[X,0x8001D866] -> 0x00B5
[3142] [M]: 0x8001D864 (0x00B54663) blt a0, a1, 12


mem[X,0x8001D868] -> 0x0113
mem[X,0x8001D86A] -> 0x0021
[3143] [M]: 0x8001D868 (0x00210113) addi sp, sp, 2
x2 <- 0x00000002


mem[X,0x8001D86C] -> 0x006F
mem[X,0x8001D86E] -> 0x00C0
[3144] [M]: 0x8001D86C (0x00C0006F) jal zero, 12


mem[X,0x8001D878] -> 0xAE23
mem[X,0x8001D87A] -> 0x4C20
[3145] [M]: 0x8001D878 (0x4C20AE23) sw sp, 1244(ra)
mem[0x80039644] <- 0x00000002


mem[X,0x8001D87C] -> 0x0513
mem[X,0x8001D87E] -> 0x0060
[3146] [M]: 0x8001D87C (0x00600513) addi a0, zero, 6
x10 <- 0x00000006


mem[X,0x8001D880] -> 0xB5B7
mem[X,0x8001D882] -> 0x0000
[3147] [M]: 0x8001D880 (0x0000B5B7) lui a1, 11
x11 <- 0x0000B000


mem[X,0x8001D884] -> 0x8593
mem[X,0x8001D886] -> 0x5045
[3148] [M]: 0x8001D884 (0x50458593) addi a1, a1, 1284
x11 <- 0x0000B504


mem[X,0x8001D888] -> 0x0113
mem[X,0x8001D88A] -> 0x0000
[3149] [M]: 0x8001D888 (0x00000113) addi sp, zero, 0
x2 <- 0x00000000


mem[X,0x8001D88C] -> 0x006F
mem[X,0x8001D88E] -> 0x0140
[3150] [M]: 0x8001D88C (0x0140006F) jal zero, 20


mem[X,0x8001D8A0] -> 0x48E3
mem[X,0x8001D8A2] -> 0xFEB5
[3151] [M]: 0x8001D8A0 (0xFEB548E3) blt a0, a1, 8176


mem[X,0x8001D890] -> 0x0113
mem[X,0x8001D892] -> 0x0011
[3152] [M]: 0x8001D890 (0x00110113) addi sp, sp, 1
x2 <- 0x00000001


mem[X,0x8001D894] -> 0x006F
mem[X,0x8001D896] -> 0x0200
[3153] [M]: 0x8001D894 (0x0200006F) jal zero, 32


mem[X,0x8001D8B4] -> 0xA023
mem[X,0x8001D8B6] -> 0x4E20
[3154] [M]: 0x8001D8B4 (0x4E20A023) sw sp, 1248(ra)
mem[0x80039648] <- 0x00000001


mem[X,0x8001D8B8] -> 0x0513
mem[X,0x8001D8BA] -> 0x0060
[3155] [M]: 0x8001D8B8 (0x00600513) addi a0, zero, 6
x10 <- 0x00000006


mem[X,0x8001D8BC] -> 0x0593
mem[X,0x8001D8BE] -> 0x0020
[3156] [M]: 0x8001D8BC (0x00200593) addi a1, zero, 2
x11 <- 0x00000002


mem[X,0x8001D8C0] -> 0x0113
mem[X,0x8001D8C2] -> 0x0000
[3157] [M]: 0x8001D8C0 (0x00000113) addi sp, zero, 0
x2 <- 0x00000000


mem[X,0x8001D8C4] -> 0x006F
mem[X,0x8001D8C6] -> 0x0100
[3158] [M]: 0x8001D8C4 (0x0100006F) jal zero, 16


mem[X,0x8001D8D4] -> 0x4AE3
mem[X,0x8001D8D6] -> 0xFEB5
[3159] [M]: 0x8001D8D4 (0xFEB54AE3) blt a0, a1, 8180


mem[X,0x8001D8D8] -> 0x0113
mem[X,0x8001D8DA] -> 0x0021
[3160] [M]: 0x8001D8D8 (0x00210113) addi sp, sp, 2
x2 <- 0x00000002


mem[X,0x8001D8DC] -> 0x006F
mem[X,0x8001D8DE] -> 0x00C0
[3161] [M]: 0x8001D8DC (0x00C0006F) jal zero, 12


mem[X,0x8001D8E8] -> 0xA223
mem[X,0x8001D8EA] -> 0x4E20
[3162] [M]: 0x8001D8E8 (0x4E20A223) sw sp, 1252(ra)
mem[0x8003964C] <- 0x00000002


mem[X,0x8001D8EC] -> 0x0513
mem[X,0x8001D8EE] -> 0x0060
[3163] [M]: 0x8001D8EC (0x00600513) addi a0, zero, 6
x10 <- 0x00000006


mem[X,0x8001D8F0] -> 0x55B7
mem[X,0x8001D8F2] -> 0x5555
[3164] [M]: 0x8001D8F0 (0x555555B7) lui a1, 349525
x11 <- 0x55555000


mem[X,0x8001D8F4] -> 0x8593
mem[X,0x8001D8F6] -> 0x5545
[3165] [M]: 0x8001D8F4 (0x55458593) addi a1, a1, 1364
x11 <- 0x55555554


mem[X,0x8001D8F8] -> 0x0113
mem[X,0x8001D8FA] -> 0x0000
[3166] [M]: 0x8001D8F8 (0x00000113) addi sp, zero, 0
x2 <- 0x00000000


mem[X,0x8001D8FC] -> 0x006F
mem[X,0x8001D8FE] -> 0x00C0
[3167] [M]: 0x8001D8FC (0x00C0006F) jal zero, 12


mem[X,0x8001D908] -> 0x4063
mem[X,0x8001D90A] -> 0x04B5
[3168] [M]: 0x8001D908 (0x04B54063) blt a0, a1, 64


mem[X,0x8001D948] -> 0x0113
mem[X,0x8001D94A] -> 0x0031
[3169] [M]: 0x8001D948 (0x00310113) addi sp, sp, 3
x2 <- 0x00000003


mem[X,0x8001D94C] -> 0x006F
mem[X,0x8001D94E] -> 0x0040
[3170] [M]: 0x8001D94C (0x0040006F) jal zero, 4


mem[X,0x8001D950] -> 0xA423
mem[X,0x8001D952] -> 0x4E20
[3171] [M]: 0x8001D950 (0x4E20A423) sw sp, 1256(ra)
mem[0x80039650] <- 0x00000003


mem[X,0x8001D954] -> 0x0513
mem[X,0x8001D956] -> 0x0060
[3172] [M]: 0x8001D954 (0x00600513) addi a0, zero, 6
x10 <- 0x00000006


mem[X,0x8001D958] -> 0x0593
mem[X,0x8001D95A] -> 0x0000
[3173] [M]: 0x8001D958 (0x00000593) addi a1, zero, 0
x11 <- 0x00000000


mem[X,0x8001D95C] -> 0x0113
mem[X,0x8001D95E] -> 0x0000
[3174] [M]: 0x8001D95C (0x00000113) addi sp, zero, 0
x2 <- 0x00000000


mem[X,0x8001D960] -> 0x006F
mem[X,0x8001D962] -> 0x0140
[3175] [M]: 0x8001D960 (0x0140006F) jal zero, 20


mem[X,0x8001D974] -> 0x48E3
mem[X,0x8001D976] -> 0xFEB5
[3176] [M]: 0x8001D974 (0xFEB548E3) blt a0, a1, 8176


mem[X,0x8001D978] -> 0x0113
mem[X,0x8001D97A] -> 0x0021
[3177] [M]: 0x8001D978 (0x00210113) addi sp, sp, 2
x2 <- 0x00000002


mem[X,0x8001D97C] -> 0x006F
mem[X,0x8001D97E] -> 0x00C0
[3178] [M]: 0x8001D97C (0x00C0006F) jal zero, 12


mem[X,0x8001D988] -> 0xA623
mem[X,0x8001D98A] -> 0x4E20
[3179] [M]: 0x8001D988 (0x4E20A623) sw sp, 1260(ra)
mem[0x80039654] <- 0x00000002


mem[X,0x8001D98C] -> 0x0513
mem[X,0x8001D98E] -> 0x0060
[3180] [M]: 0x8001D98C (0x00600513) addi a0, zero, 6
x10 <- 0x00000006


mem[X,0x8001D990] -> 0x0593
mem[X,0x8001D992] -> 0x0040
[3181] [M]: 0x8001D990 (0x00400593) addi a1, zero, 4
x11 <- 0x00000004


mem[X,0x8001D994] -> 0x0113
mem[X,0x8001D996] -> 0x0000
[3182] [M]: 0x8001D994 (0x00000113) addi sp, zero, 0
x2 <- 0x00000000


mem[X,0x8001D998] -> 0x006F
mem[X,0x8001D99A] -> 0x2B10
[3183] [M]: 0x8001D998 (0x2B10006F) jal zero, 2736


mem[X,0x8001E448] -> 0x4A63
mem[X,0x8001E44A] -> 0xD4B5
[3184] [M]: 0x8001E448 (0xD4B54A63) blt a0, a1, 5460


mem[X,0x8001E44C] -> 0x0113
mem[X,0x8001E44E] -> 0x0021
[3185] [M]: 0x8001E44C (0x00210113) addi sp, sp, 2
x2 <- 0x00000002


mem[X,0x8001E450] -> 0x006F
mem[X,0x8001E452] -> 0x00C0
[3186] [M]: 0x8001E450 (0x00C0006F) jal zero, 12


mem[X,0x8001E45C] -> 0xA823
mem[X,0x8001E45E] -> 0x4E20
[3187] [M]: 0x8001E45C (0x4E20A823) sw sp, 1264(ra)
mem[0x80039658] <- 0x00000002


mem[X,0x8001E460] -> 0x0513
mem[X,0x8001E462] -> 0x0060
[3188] [M]: 0x8001E460 (0x00600513) addi a0, zero, 6
x10 <- 0x00000006


mem[X,0x8001E464] -> 0x35B7
mem[X,0x8001E466] -> 0x3333
[3189] [M]: 0x8001E464 (0x333335B7) lui a1, 209715
x11 <- 0x33333000


mem[X,0x8001E468] -> 0x8593
mem[X,0x8001E46A] -> 0x3325
[3190] [M]: 0x8001E468 (0x33258593) addi a1, a1, 818
x11 <- 0x33333332


mem[X,0x8001E46C] -> 0x0113
mem[X,0x8001E46E] -> 0x0000
[3191] [M]: 0x8001E46C (0x00000113) addi sp, zero, 0
x2 <- 0x00000000


mem[X,0x8001E470] -> 0x006F
mem[X,0x8001E472] -> 0x00C0
[3192] [M]: 0x8001E470 (0x00C0006F) jal zero, 12


mem[X,0x8001E47C] -> 0x4CE3
mem[X,0x8001E47E] -> 0xFEB5
[3193] [M]: 0x8001E47C (0xFEB54CE3) blt a0, a1, 8184


mem[X,0x8001E474] -> 0x0113
mem[X,0x8001E476] -> 0x0011
[3194] [M]: 0x8001E474 (0x00110113) addi sp, sp, 1
x2 <- 0x00000001


mem[X,0x8001E478] -> 0x006F
mem[X,0x8001E47A] -> 0x0180
[3195] [M]: 0x8001E478 (0x0180006F) jal zero, 24


mem[X,0x8001E490] -> 0xAA23
mem[X,0x8001E492] -> 0x4E20
[3196] [M]: 0x8001E490 (0x4E20AA23) sw sp, 1268(ra)
mem[0x8003965C] <- 0x00000001


mem[X,0x8001E494] -> 0x0513
mem[X,0x8001E496] -> 0x0060
[3197] [M]: 0x8001E494 (0x00600513) addi a0, zero, 6
x10 <- 0x00000006


mem[X,0x8001E498] -> 0x65B7
mem[X,0x8001E49A] -> 0x6666
[3198] [M]: 0x8001E498 (0x666665B7) lui a1, 419430
x11 <- 0x66666000


mem[X,0x8001E49C] -> 0x8593
mem[X,0x8001E49E] -> 0x6655
[3199] [M]: 0x8001E49C (0x66558593) addi a1, a1, 1637
x11 <- 0x66666665


clint::tick mtime <- 0x0000000000000020
 clint timer pending at mtime 0x0000000000000020
htif::tick 0x0000000000000000
mem[X,0x8001E4A0] -> 0x0113
mem[X,0x8001E4A2] -> 0x0000
[3200] [M]: 0x8001E4A0 (0x00000113) addi sp, zero, 0
x2 <- 0x00000000


mem[X,0x8001E4A4] -> 0x006F
mem[X,0x8001E4A6] -> 0x00C0
[3201] [M]: 0x8001E4A4 (0x00C0006F) jal zero, 12


mem[X,0x8001E4B0] -> 0x4063
mem[X,0x8001E4B2] -> 0x40B5
[3202] [M]: 0x8001E4B0 (0x40B54063) blt a0, a1, 1024


mem[X,0x8001E8B0] -> 0x0113
mem[X,0x8001E8B2] -> 0x0031
[3203] [M]: 0x8001E8B0 (0x00310113) addi sp, sp, 3
x2 <- 0x00000003


mem[X,0x8001E8B4] -> 0x006F
mem[X,0x8001E8B6] -> 0x0040
[3204] [M]: 0x8001E8B4 (0x0040006F) jal zero, 4


mem[X,0x8001E8B8] -> 0xAC23
mem[X,0x8001E8BA] -> 0x4E20
[3205] [M]: 0x8001E8B8 (0x4E20AC23) sw sp, 1272(ra)
mem[0x80039660] <- 0x00000003


mem[X,0x8001E8BC] -> 0x0513
mem[X,0x8001E8BE] -> 0x0060
[3206] [M]: 0x8001E8BC (0x00600513) addi a0, zero, 6
x10 <- 0x00000006


mem[X,0x8001E8C0] -> 0xB5B7
mem[X,0x8001E8C2] -> 0x0000
[3207] [M]: 0x8001E8C0 (0x0000B5B7) lui a1, 11
x11 <- 0x0000B000


mem[X,0x8001E8C4] -> 0x8593
mem[X,0x8001E8C6] -> 0x5035
[3208] [M]: 0x8001E8C4 (0x50358593) addi a1, a1, 1283
x11 <- 0x0000B503


mem[X,0x8001E8C8] -> 0x0113
mem[X,0x8001E8CA] -> 0x0000
[3209] [M]: 0x8001E8C8 (0x00000113) addi sp, zero, 0
x2 <- 0x00000000


mem[X,0x8001E8CC] -> 0x006F
mem[X,0x8001E8CE] -> 0x00C0
[3210] [M]: 0x8001E8CC (0x00C0006F) jal zero, 12


mem[X,0x8001E8D8] -> 0x4063
mem[X,0x8001E8DA] -> 0x40B5
[3211] [M]: 0x8001E8D8 (0x40B54063) blt a0, a1, 1024


mem[X,0x8001ECD8] -> 0x0113
mem[X,0x8001ECDA] -> 0x0031
[3212] [M]: 0x8001ECD8 (0x00310113) addi sp, sp, 3
x2 <- 0x00000003


mem[X,0x8001ECDC] -> 0x006F
mem[X,0x8001ECDE] -> 0x0040
[3213] [M]: 0x8001ECDC (0x0040006F) jal zero, 4


mem[X,0x8001ECE0] -> 0xAE23
mem[X,0x8001ECE2] -> 0x4E20
[3214] [M]: 0x8001ECE0 (0x4E20AE23) sw sp, 1276(ra)
mem[0x80039664] <- 0x00000003


mem[X,0x8001ECE4] -> 0x0513
mem[X,0x8001ECE6] -> 0x0060
[3215] [M]: 0x8001ECE4 (0x00600513) addi a0, zero, 6
x10 <- 0x00000006


mem[X,0x8001ECE8] -> 0x55B7
mem[X,0x8001ECEA] -> 0x5555
[3216] [M]: 0x8001ECE8 (0x555555B7) lui a1, 349525
x11 <- 0x55555000


mem[X,0x8001ECEC] -> 0x8593
mem[X,0x8001ECEE] -> 0x5565
[3217] [M]: 0x8001ECEC (0x55658593) addi a1, a1, 1366
x11 <- 0x55555556


mem[X,0x8001ECF0] -> 0x0113
mem[X,0x8001ECF2] -> 0x0000
[3218] [M]: 0x8001ECF0 (0x00000113) addi sp, zero, 0
x2 <- 0x00000000


mem[X,0x8001ECF4] -> 0x006F
mem[X,0x8001ECF6] -> 0x0140
[3219] [M]: 0x8001ECF4 (0x0140006F) jal zero, 20


mem[X,0x8001ED08] -> 0x48E3
mem[X,0x8001ED0A] -> 0xFEB5
[3220] [M]: 0x8001ED08 (0xFEB548E3) blt a0, a1, 8176


mem[X,0x8001ECF8] -> 0x0113
mem[X,0x8001ECFA] -> 0x0011
[3221] [M]: 0x8001ECF8 (0x00110113) addi sp, sp, 1
x2 <- 0x00000001


mem[X,0x8001ECFC] -> 0x006F
mem[X,0x8001ECFE] -> 0x0200
[3222] [M]: 0x8001ECFC (0x0200006F) jal zero, 32


mem[X,0x8001ED1C] -> 0xA023
mem[X,0x8001ED1E] -> 0x5020
[3223] [M]: 0x8001ED1C (0x5020A023) sw sp, 1280(ra)
mem[0x80039668] <- 0x00000001


mem[X,0x8001ED20] -> 0x0513
mem[X,0x8001ED22] -> 0x0060
[3224] [M]: 0x8001ED20 (0x00600513) addi a0, zero, 6
x10 <- 0x00000006


mem[X,0x8001ED24] -> 0xB5B7
mem[X,0x8001ED26] -> 0xAAAA
[3225] [M]: 0x8001ED24 (0xAAAAB5B7) lui a1, 699051
x11 <- 0xAAAAB000


mem[X,0x8001ED28] -> 0x8593
mem[X,0x8001ED2A] -> 0xAAB5
[3226] [M]: 0x8001ED28 (0xAAB58593) addi a1, a1, 2731
x11 <- 0xAAAAAAAB


mem[X,0x8001ED2C] -> 0x0113
mem[X,0x8001ED2E] -> 0x0000
[3227] [M]: 0x8001ED2C (0x00000113) addi sp, zero, 0
x2 <- 0x00000000


mem[X,0x8001ED30] -> 0x006F
mem[X,0x8001ED32] -> 0x0050
[3228] [M]: 0x8001ED30 (0x0050006F) jal zero, 2052


mem[X,0x8001F534] -> 0x40E3
mem[X,0x8001F536] -> 0x80B5
[3229] [M]: 0x8001F534 (0x80B540E3) blt a0, a1, 6144


mem[X,0x8001F538] -> 0x0113
mem[X,0x8001F53A] -> 0x0021
[3230] [M]: 0x8001F538 (0x00210113) addi sp, sp, 2
x2 <- 0x00000002


mem[X,0x8001F53C] -> 0x006F
mem[X,0x8001F53E] -> 0x00C0
[3231] [M]: 0x8001F53C (0x00C0006F) jal zero, 12


mem[X,0x8001F548] -> 0xA223
mem[X,0x8001F54A] -> 0x5020
[3232] [M]: 0x8001F548 (0x5020A223) sw sp, 1284(ra)
mem[0x8003966C] <- 0x00000002


mem[X,0x8001F54C] -> 0x0513
mem[X,0x8001F54E] -> 0x0060
[3233] [M]: 0x8001F54C (0x00600513) addi a0, zero, 6
x10 <- 0x00000006


mem[X,0x8001F550] -> 0x0593
mem[X,0x8001F552] -> 0x0060
[3234] [M]: 0x8001F550 (0x00600593) addi a1, zero, 6
x11 <- 0x00000006


mem[X,0x8001F554] -> 0x0113
mem[X,0x8001F556] -> 0x0000
[3235] [M]: 0x8001F554 (0x00000113) addi sp, zero, 0
x2 <- 0x00000000


mem[X,0x8001F558] -> 0x006F
mem[X,0x8001F55A] -> 0x00C0
[3236] [M]: 0x8001F558 (0x00C0006F) jal zero, 12


mem[X,0x8001F564] -> 0x4663
mem[X,0x8001F566] -> 0x00B5
[3237] [M]: 0x8001F564 (0x00B54663) blt a0, a1, 12


mem[X,0x8001F568] -> 0x0113
mem[X,0x8001F56A] -> 0x0021
[3238] [M]: 0x8001F568 (0x00210113) addi sp, sp, 2
x2 <- 0x00000002


mem[X,0x8001F56C] -> 0x006F
mem[X,0x8001F56E] -> 0x00C0
[3239] [M]: 0x8001F56C (0x00C0006F) jal zero, 12


mem[X,0x8001F578] -> 0xA423
mem[X,0x8001F57A] -> 0x5020
[3240] [M]: 0x8001F578 (0x5020A423) sw sp, 1288(ra)
mem[0x80039670] <- 0x00000002


mem[X,0x8001F57C] -> 0x0513
mem[X,0x8001F57E] -> 0x0060
[3241] [M]: 0x8001F57C (0x00600513) addi a0, zero, 6
x10 <- 0x00000006


mem[X,0x8001F580] -> 0x35B7
mem[X,0x8001F582] -> 0x3333
[3242] [M]: 0x8001F580 (0x333335B7) lui a1, 209715
x11 <- 0x33333000


mem[X,0x8001F584] -> 0x8593
mem[X,0x8001F586] -> 0x3345
[3243] [M]: 0x8001F584 (0x33458593) addi a1, a1, 820
x11 <- 0x33333334


mem[X,0x8001F588] -> 0x0113
mem[X,0x8001F58A] -> 0x0000
[3244] [M]: 0x8001F588 (0x00000113) addi sp, zero, 0
x2 <- 0x00000000


mem[X,0x8001F58C] -> 0x006F
mem[X,0x8001F58E] -> 0x0100
[3245] [M]: 0x8001F58C (0x0100006F) jal zero, 16


mem[X,0x8001F59C] -> 0x4AE3
mem[X,0x8001F59E] -> 0xFEB5
[3246] [M]: 0x8001F59C (0xFEB54AE3) blt a0, a1, 8180


mem[X,0x8001F590] -> 0x0113
mem[X,0x8001F592] -> 0x0011
[3247] [M]: 0x8001F590 (0x00110113) addi sp, sp, 1
x2 <- 0x00000001


mem[X,0x8001F594] -> 0x006F
mem[X,0x8001F596] -> 0x01C0
[3248] [M]: 0x8001F594 (0x01C0006F) jal zero, 28


mem[X,0x8001F5B0] -> 0xA623
mem[X,0x8001F5B2] -> 0x5020
[3249] [M]: 0x8001F5B0 (0x5020A623) sw sp, 1292(ra)
mem[0x80039674] <- 0x00000001


mem[X,0x8001F5B4] -> 0x0513
mem[X,0x8001F5B6] -> 0x0060
[3250] [M]: 0x8001F5B4 (0x00600513) addi a0, zero, 6
x10 <- 0x00000006


mem[X,0x8001F5B8] -> 0x65B7
mem[X,0x8001F5BA] -> 0x6666
[3251] [M]: 0x8001F5B8 (0x666665B7) lui a1, 419430
x11 <- 0x66666000


mem[X,0x8001F5BC] -> 0x8593
mem[X,0x8001F5BE] -> 0x6675
[3252] [M]: 0x8001F5BC (0x66758593) addi a1, a1, 1639
x11 <- 0x66666667


mem[X,0x8001F5C0] -> 0x0113
mem[X,0x8001F5C2] -> 0x0000
[3253] [M]: 0x8001F5C0 (0x00000113) addi sp, zero, 0
x2 <- 0x00000000


mem[X,0x8001F5C4] -> 0x006F
mem[X,0x8001F5C6] -> 0x00C0
[3254] [M]: 0x8001F5C4 (0x00C0006F) jal zero, 12


mem[X,0x8001F5D0] -> 0x4063
mem[X,0x8001F5D2] -> 0x20B5
[3255] [M]: 0x8001F5D0 (0x20B54063) blt a0, a1, 512


mem[X,0x8001F7D0] -> 0x0113
mem[X,0x8001F7D2] -> 0x0031
[3256] [M]: 0x8001F7D0 (0x00310113) addi sp, sp, 3
x2 <- 0x00000003


mem[X,0x8001F7D4] -> 0x006F
mem[X,0x8001F7D6] -> 0x0040
[3257] [M]: 0x8001F7D4 (0x0040006F) jal zero, 4


mem[X,0x8001F7D8] -> 0xA823
mem[X,0x8001F7DA] -> 0x5020
[3258] [M]: 0x8001F7D8 (0x5020A823) sw sp, 1296(ra)
mem[0x80039678] <- 0x00000003


mem[X,0x8001F7DC] -> 0x0513
mem[X,0x8001F7DE] -> 0x0060
[3259] [M]: 0x8001F7DC (0x00600513) addi a0, zero, 6
x10 <- 0x00000006


mem[X,0x8001F7E0] -> 0x55B7
mem[X,0x8001F7E2] -> 0xFFFF
[3260] [M]: 0x8001F7E0 (0xFFFF55B7) lui a1, 1048565
x11 <- 0xFFFF5000


mem[X,0x8001F7E4] -> 0x8593
mem[X,0x8001F7E6] -> 0xAFD5
[3261] [M]: 0x8001F7E4 (0xAFD58593) addi a1, a1, 2813
x11 <- 0xFFFF4AFD


mem[X,0x8001F7E8] -> 0x0113
mem[X,0x8001F7EA] -> 0x0000
[3262] [M]: 0x8001F7E8 (0x00000113) addi sp, zero, 0
x2 <- 0x00000000


mem[X,0x8001F7EC] -> 0x006F
mem[X,0x8001F7EE] -> 0x00C0
[3263] [M]: 0x8001F7EC (0x00C0006F) jal zero, 12


mem[X,0x8001F7F8] -> 0x4663
mem[X,0x8001F7FA] -> 0x00B5
[3264] [M]: 0x8001F7F8 (0x00B54663) blt a0, a1, 12


mem[X,0x8001F7FC] -> 0x0113
mem[X,0x8001F7FE] -> 0x0021
[3265] [M]: 0x8001F7FC (0x00210113) addi sp, sp, 2
x2 <- 0x00000002


mem[X,0x8001F800] -> 0x006F
mem[X,0x8001F802] -> 0x00C0
[3266] [M]: 0x8001F800 (0x00C0006F) jal zero, 12


mem[X,0x8001F80C] -> 0xAA23
mem[X,0x8001F80E] -> 0x5020
[3267] [M]: 0x8001F80C (0x5020AA23) sw sp, 1300(ra)
mem[0x8003967C] <- 0x00000002


mem[X,0x8001F810] -> 0x0513
mem[X,0x8001F812] -> 0x0060
[3268] [M]: 0x8001F810 (0x00600513) addi a0, zero, 6
x10 <- 0x00000006


mem[X,0x8001F814] -> 0xB5B7
mem[X,0x8001F816] -> 0x0000
[3269] [M]: 0x8001F814 (0x0000B5B7) lui a1, 11
x11 <- 0x0000B000


mem[X,0x8001F818] -> 0x8593
mem[X,0x8001F81A] -> 0x5055
[3270] [M]: 0x8001F818 (0x50558593) addi a1, a1, 1285
x11 <- 0x0000B505


mem[X,0x8001F81C] -> 0x0113
mem[X,0x8001F81E] -> 0x0000
[3271] [M]: 0x8001F81C (0x00000113) addi sp, zero, 0
x2 <- 0x00000000


mem[X,0x8001F820] -> 0x006F
mem[X,0x8001F822] -> 0x0180
[3272] [M]: 0x8001F820 (0x0180006F) jal zero, 24


mem[X,0x8001F838] -> 0x46E3
mem[X,0x8001F83A] -> 0xFEB5
[3273] [M]: 0x8001F838 (0xFEB546E3) blt a0, a1, 8172


mem[X,0x8001F824] -> 0x0113
mem[X,0x8001F826] -> 0x0011
[3274] [M]: 0x8001F824 (0x00110113) addi sp, sp, 1
x2 <- 0x00000001


mem[X,0x8001F828] -> 0x006F
mem[X,0x8001F82A] -> 0x0240
[3275] [M]: 0x8001F828 (0x0240006F) jal zero, 36


mem[X,0x8001F84C] -> 0xAC23
mem[X,0x8001F84E] -> 0x5020
[3276] [M]: 0x8001F84C (0x5020AC23) sw sp, 1304(ra)
mem[0x80039680] <- 0x00000001


mem[X,0x8001F850] -> 0x3537
mem[X,0x8001F852] -> 0x3333
[3277] [M]: 0x8001F850 (0x33333537) lui a0, 209715
x10 <- 0x33333000


mem[X,0x8001F854] -> 0x0513
mem[X,0x8001F856] -> 0x3345
[3278] [M]: 0x8001F854 (0x33450513) addi a0, a0, 820
x10 <- 0x33333334


mem[X,0x8001F858] -> 0x0593
mem[X,0x8001F85A] -> 0x0030
[3279] [M]: 0x8001F858 (0x00300593) addi a1, zero, 3
x11 <- 0x00000003


mem[X,0x8001F85C] -> 0x0113
mem[X,0x8001F85E] -> 0x0000
[3280] [M]: 0x8001F85C (0x00000113) addi sp, zero, 0
x2 <- 0x00000000


mem[X,0x8001F860] -> 0x006F
mem[X,0x8001F862] -> 0x0100
[3281] [M]: 0x8001F860 (0x0100006F) jal zero, 16


mem[X,0x8001F870] -> 0x4AE3
mem[X,0x8001F872] -> 0xFEB5
[3282] [M]: 0x8001F870 (0xFEB54AE3) blt a0, a1, 8180


mem[X,0x8001F874] -> 0x0113
mem[X,0x8001F876] -> 0x0021
[3283] [M]: 0x8001F874 (0x00210113) addi sp, sp, 2
x2 <- 0x00000002


mem[X,0x8001F878] -> 0x006F
mem[X,0x8001F87A] -> 0x00C0
[3284] [M]: 0x8001F878 (0x00C0006F) jal zero, 12


mem[X,0x8001F884] -> 0xAE23
mem[X,0x8001F886] -> 0x5020
[3285] [M]: 0x8001F884 (0x5020AE23) sw sp, 1308(ra)
mem[0x80039684] <- 0x00000002


mem[X,0x8001F888] -> 0x3537
mem[X,0x8001F88A] -> 0x3333
[3286] [M]: 0x8001F888 (0x33333537) lui a0, 209715
x10 <- 0x33333000


mem[X,0x8001F88C] -> 0x0513
mem[X,0x8001F88E] -> 0x3345
[3287] [M]: 0x8001F88C (0x33450513) addi a0, a0, 820
x10 <- 0x33333334


mem[X,0x8001F890] -> 0x55B7
mem[X,0x8001F892] -> 0x5555
[3288] [M]: 0x8001F890 (0x555555B7) lui a1, 349525
x11 <- 0x55555000


mem[X,0x8001F894] -> 0x8593
mem[X,0x8001F896] -> 0x5555
[3289] [M]: 0x8001F894 (0x55558593) addi a1, a1, 1365
x11 <- 0x55555555


mem[X,0x8001F898] -> 0x0113
mem[X,0x8001F89A] -> 0x0000
[3290] [M]: 0x8001F898 (0x00000113) addi sp, zero, 0
x2 <- 0x00000000


mem[X,0x8001F89C] -> 0x006F
mem[X,0x8001F89E] -> 0x0140
[3291] [M]: 0x8001F89C (0x0140006F) jal zero, 20


mem[X,0x8001F8B0] -> 0x48E3
mem[X,0x8001F8B2] -> 0xFEB5
[3292] [M]: 0x8001F8B0 (0xFEB548E3) blt a0, a1, 8176


mem[X,0x8001F8A0] -> 0x0113
mem[X,0x8001F8A2] -> 0x0011
[3293] [M]: 0x8001F8A0 (0x00110113) addi sp, sp, 1
x2 <- 0x00000001


mem[X,0x8001F8A4] -> 0x006F
mem[X,0x8001F8A6] -> 0x0200
[3294] [M]: 0x8001F8A4 (0x0200006F) jal zero, 32


mem[X,0x8001F8C4] -> 0xA023
mem[X,0x8001F8C6] -> 0x5220
[3295] [M]: 0x8001F8C4 (0x5220A023) sw sp, 1312(ra)
mem[0x80039688] <- 0x00000001


mem[X,0x8001F8C8] -> 0x3537
mem[X,0x8001F8CA] -> 0x3333
[3296] [M]: 0x8001F8C8 (0x33333537) lui a0, 209715
x10 <- 0x33333000


mem[X,0x8001F8CC] -> 0x0513
mem[X,0x8001F8CE] -> 0x3345
[3297] [M]: 0x8001F8CC (0x33450513) addi a0, a0, 820
x10 <- 0x33333334


mem[X,0x8001F8D0] -> 0xB5B7
mem[X,0x8001F8D2] -> 0xAAAA
[3298] [M]: 0x8001F8D0 (0xAAAAB5B7) lui a1, 699051
x11 <- 0xAAAAB000


mem[X,0x8001F8D4] -> 0x8593
mem[X,0x8001F8D6] -> 0xAAA5
[3299] [M]: 0x8001F8D4 (0xAAA58593) addi a1, a1, 2730
x11 <- 0xAAAAAAAA


clint::tick mtime <- 0x0000000000000021
 clint timer pending at mtime 0x0000000000000021
htif::tick 0x0000000000000000
mem[X,0x8001F8D8] -> 0x0113
mem[X,0x8001F8DA] -> 0x0000
[3300] [M]: 0x8001F8D8 (0x00000113) addi sp, zero, 0
x2 <- 0x00000000


mem[X,0x8001F8DC] -> 0x006F
mem[X,0x8001F8DE] -> 0x00C0
[3301] [M]: 0x8001F8DC (0x00C0006F) jal zero, 12


mem[X,0x8001F8E8] -> 0x4663
mem[X,0x8001F8EA] -> 0x00B5
[3302] [M]: 0x8001F8E8 (0x00B54663) blt a0, a1, 12


mem[X,0x8001F8EC] -> 0x0113
mem[X,0x8001F8EE] -> 0x0021
[3303] [M]: 0x8001F8EC (0x00210113) addi sp, sp, 2
x2 <- 0x00000002


mem[X,0x8001F8F0] -> 0x006F
mem[X,0x8001F8F2] -> 0x00C0
[3304] [M]: 0x8001F8F0 (0x00C0006F) jal zero, 12


mem[X,0x8001F8FC] -> 0xA223
mem[X,0x8001F8FE] -> 0x5220
[3305] [M]: 0x8001F8FC (0x5220A223) sw sp, 1316(ra)
mem[0x8003968C] <- 0x00000002


mem[X,0x8001F900] -> 0x3537
mem[X,0x8001F902] -> 0x3333
[3306] [M]: 0x8001F900 (0x33333537) lui a0, 209715
x10 <- 0x33333000


mem[X,0x8001F904] -> 0x0513
mem[X,0x8001F906] -> 0x3345
[3307] [M]: 0x8001F904 (0x33450513) addi a0, a0, 820
x10 <- 0x33333334


mem[X,0x8001F908] -> 0x0593
mem[X,0x8001F90A] -> 0x0050
[3308] [M]: 0x8001F908 (0x00500593) addi a1, zero, 5
x11 <- 0x00000005


mem[X,0x8001F90C] -> 0x0113
mem[X,0x8001F90E] -> 0x0000
[3309] [M]: 0x8001F90C (0x00000113) addi sp, zero, 0
x2 <- 0x00000000


mem[X,0x8001F910] -> 0x006F
mem[X,0x8001F912] -> 0x00C0
[3310] [M]: 0x8001F910 (0x00C0006F) jal zero, 12


mem[X,0x8001F91C] -> 0x4063
mem[X,0x8001F91E] -> 0x40B5
[3311] [M]: 0x8001F91C (0x40B54063) blt a0, a1, 1024


mem[X,0x8001F920] -> 0x0113
mem[X,0x8001F922] -> 0x0021
[3312] [M]: 0x8001F920 (0x00210113) addi sp, sp, 2
x2 <- 0x00000002


mem[X,0x8001F924] -> 0x006F
mem[X,0x8001F926] -> 0x4000
[3313] [M]: 0x8001F924 (0x4000006F) jal zero, 1024


mem[X,0x8001FD24] -> 0xA423
mem[X,0x8001FD26] -> 0x5220
[3314] [M]: 0x8001FD24 (0x5220A423) sw sp, 1320(ra)
mem[0x80039690] <- 0x00000002


mem[X,0x8001FD28] -> 0x3537
mem[X,0x8001FD2A] -> 0x3333
[3315] [M]: 0x8001FD28 (0x33333537) lui a0, 209715
x10 <- 0x33333000


mem[X,0x8001FD2C] -> 0x0513
mem[X,0x8001FD2E] -> 0x3345
[3316] [M]: 0x8001FD2C (0x33450513) addi a0, a0, 820
x10 <- 0x33333334


mem[X,0x8001FD30] -> 0x35B7
mem[X,0x8001FD32] -> 0x3333
[3317] [M]: 0x8001FD30 (0x333335B7) lui a1, 209715
x11 <- 0x33333000


mem[X,0x8001FD34] -> 0x8593
mem[X,0x8001FD36] -> 0x3335
[3318] [M]: 0x8001FD34 (0x33358593) addi a1, a1, 819
x11 <- 0x33333333


mem[X,0x8001FD38] -> 0x0113
mem[X,0x8001FD3A] -> 0x0000
[3319] [M]: 0x8001FD38 (0x00000113) addi sp, zero, 0
x2 <- 0x00000000


mem[X,0x8001FD3C] -> 0x006F
mem[X,0x8001FD3E] -> 0x00C0
[3320] [M]: 0x8001FD3C (0x00C0006F) jal zero, 12


mem[X,0x8001FD48] -> 0x4663
mem[X,0x8001FD4A] -> 0x00B5
[3321] [M]: 0x8001FD48 (0x00B54663) blt a0, a1, 12


mem[X,0x8001FD4C] -> 0x0113
mem[X,0x8001FD4E] -> 0x0021
[3322] [M]: 0x8001FD4C (0x00210113) addi sp, sp, 2
x2 <- 0x00000002


mem[X,0x8001FD50] -> 0x006F
mem[X,0x8001FD52] -> 0x00C0
[3323] [M]: 0x8001FD50 (0x00C0006F) jal zero, 12


mem[X,0x8001FD5C] -> 0xA623
mem[X,0x8001FD5E] -> 0x5220
[3324] [M]: 0x8001FD5C (0x5220A623) sw sp, 1324(ra)
mem[0x80039694] <- 0x00000002


mem[X,0x8001FD60] -> 0x3537
mem[X,0x8001FD62] -> 0x3333
[3325] [M]: 0x8001FD60 (0x33333537) lui a0, 209715
x10 <- 0x33333000


mem[X,0x8001FD64] -> 0x0513
mem[X,0x8001FD66] -> 0x3345
[3326] [M]: 0x8001FD64 (0x33450513) addi a0, a0, 820
x10 <- 0x33333334


mem[X,0x8001FD68] -> 0x65B7
mem[X,0x8001FD6A] -> 0x6666
[3327] [M]: 0x8001FD68 (0x666665B7) lui a1, 419430
x11 <- 0x66666000


mem[X,0x8001FD6C] -> 0x8593
mem[X,0x8001FD6E] -> 0x6665
[3328] [M]: 0x8001FD6C (0x66658593) addi a1, a1, 1638
x11 <- 0x66666666


mem[X,0x8001FD70] -> 0x0113
mem[X,0x8001FD72] -> 0x0000
[3329] [M]: 0x8001FD70 (0x00000113) addi sp, zero, 0
x2 <- 0x00000000


mem[X,0x8001FD74] -> 0x006F
mem[X,0x8001FD76] -> 0x00C0
[3330] [M]: 0x8001FD74 (0x00C0006F) jal zero, 12


mem[X,0x8001FD80] -> 0x4863
mem[X,0x8001FD82] -> 0x00B5
[3331] [M]: 0x8001FD80 (0x00B54863) blt a0, a1, 16


mem[X,0x8001FD90] -> 0x0113
mem[X,0x8001FD92] -> 0x0031
[3332] [M]: 0x8001FD90 (0x00310113) addi sp, sp, 3
x2 <- 0x00000003


mem[X,0x8001FD94] -> 0x006F
mem[X,0x8001FD96] -> 0x0040
[3333] [M]: 0x8001FD94 (0x0040006F) jal zero, 4


mem[X,0x8001FD98] -> 0xA823
mem[X,0x8001FD9A] -> 0x5220
[3334] [M]: 0x8001FD98 (0x5220A823) sw sp, 1328(ra)
mem[0x80039698] <- 0x00000003


mem[X,0x8001FD9C] -> 0x3537
mem[X,0x8001FD9E] -> 0x3333
[3335] [M]: 0x8001FD9C (0x33333537) lui a0, 209715
x10 <- 0x33333000


mem[X,0x8001FDA0] -> 0x0513
mem[X,0x8001FDA2] -> 0x3345
[3336] [M]: 0x8001FDA0 (0x33450513) addi a0, a0, 820
x10 <- 0x33333334


mem[X,0x8001FDA4] -> 0x55B7
mem[X,0x8001FDA6] -> 0xFFFF
[3337] [M]: 0x8001FDA4 (0xFFFF55B7) lui a1, 1048565
x11 <- 0xFFFF5000


mem[X,0x8001FDA8] -> 0x8593
mem[X,0x8001FDAA] -> 0xAFC5
[3338] [M]: 0x8001FDA8 (0xAFC58593) addi a1, a1, 2812
x11 <- 0xFFFF4AFC


mem[X,0x8001FDAC] -> 0x0113
mem[X,0x8001FDAE] -> 0x0000
[3339] [M]: 0x8001FDAC (0x00000113) addi sp, zero, 0
x2 <- 0x00000000


mem[X,0x8001FDB0] -> 0x006F
mem[X,0x8001FDB2] -> 0x00C0
[3340] [M]: 0x8001FDB0 (0x00C0006F) jal zero, 12


mem[X,0x8001FDBC] -> 0x4063
mem[X,0x8001FDBE] -> 0x08B5
[3341] [M]: 0x8001FDBC (0x08B54063) blt a0, a1, 128


mem[X,0x8001FDC0] -> 0x0113
mem[X,0x8001FDC2] -> 0x0021
[3342] [M]: 0x8001FDC0 (0x00210113) addi sp, sp, 2
x2 <- 0x00000002


mem[X,0x8001FDC4] -> 0x006F
mem[X,0x8001FDC6] -> 0x0800
[3343] [M]: 0x8001FDC4 (0x0800006F) jal zero, 128


mem[X,0x8001FE44] -> 0xAA23
mem[X,0x8001FE46] -> 0x5220
[3344] [M]: 0x8001FE44 (0x5220AA23) sw sp, 1332(ra)
mem[0x8003969C] <- 0x00000002


mem[X,0x8001FE48] -> 0x3537
mem[X,0x8001FE4A] -> 0x3333
[3345] [M]: 0x8001FE48 (0x33333537) lui a0, 209715
x10 <- 0x33333000


mem[X,0x8001FE4C] -> 0x0513
mem[X,0x8001FE4E] -> 0x3345
[3346] [M]: 0x8001FE4C (0x33450513) addi a0, a0, 820
x10 <- 0x33333334


mem[X,0x8001FE50] -> 0xB5B7
mem[X,0x8001FE52] -> 0x0000
[3347] [M]: 0x8001FE50 (0x0000B5B7) lui a1, 11
x11 <- 0x0000B000


mem[X,0x8001FE54] -> 0x8593
mem[X,0x8001FE56] -> 0x5045
[3348] [M]: 0x8001FE54 (0x50458593) addi a1, a1, 1284
x11 <- 0x0000B504


mem[X,0x8001FE58] -> 0x0113
mem[X,0x8001FE5A] -> 0x0000
[3349] [M]: 0x8001FE58 (0x00000113) addi sp, zero, 0
x2 <- 0x00000000


mem[X,0x8001FE5C] -> 0x006F
mem[X,0x8001FE5E] -> 0x2B10
[3350] [M]: 0x8001FE5C (0x2B10006F) jal zero, 2736


mem[X,0x8002090C] -> 0x4A63
mem[X,0x8002090E] -> 0xD4B5
[3351] [M]: 0x8002090C (0xD4B54A63) blt a0, a1, 5460


mem[X,0x80020910] -> 0x0113
mem[X,0x80020912] -> 0x0021
[3352] [M]: 0x80020910 (0x00210113) addi sp, sp, 2
x2 <- 0x00000002


mem[X,0x80020914] -> 0x006F
mem[X,0x80020916] -> 0x00C0
[3353] [M]: 0x80020914 (0x00C0006F) jal zero, 12


mem[X,0x80020920] -> 0xAC23
mem[X,0x80020922] -> 0x5220
[3354] [M]: 0x80020920 (0x5220AC23) sw sp, 1336(ra)
mem[0x800396A0] <- 0x00000002


mem[X,0x80020924] -> 0x3537
mem[X,0x80020926] -> 0x3333
[3355] [M]: 0x80020924 (0x33333537) lui a0, 209715
x10 <- 0x33333000


mem[X,0x80020928] -> 0x0513
mem[X,0x8002092A] -> 0x3345
[3356] [M]: 0x80020928 (0x33450513) addi a0, a0, 820
x10 <- 0x33333334


mem[X,0x8002092C] -> 0x0593
mem[X,0x8002092E] -> 0x0020
[3357] [M]: 0x8002092C (0x00200593) addi a1, zero, 2
x11 <- 0x00000002


mem[X,0x80020930] -> 0x0113
mem[X,0x80020932] -> 0x0000
[3358] [M]: 0x80020930 (0x00000113) addi sp, zero, 0
x2 <- 0x00000000


mem[X,0x80020934] -> 0x006F
mem[X,0x80020936] -> 0x00C0
[3359] [M]: 0x80020934 (0x00C0006F) jal zero, 12


mem[X,0x80020940] -> 0x4063
mem[X,0x80020942] -> 0x02B5
[3360] [M]: 0x80020940 (0x02B54063) blt a0, a1, 32


mem[X,0x80020944] -> 0x0113
mem[X,0x80020946] -> 0x0021
[3361] [M]: 0x80020944 (0x00210113) addi sp, sp, 2
x2 <- 0x00000002


mem[X,0x80020948] -> 0x006F
mem[X,0x8002094A] -> 0x0200
[3362] [M]: 0x80020948 (0x0200006F) jal zero, 32


mem[X,0x80020968] -> 0xAE23
mem[X,0x8002096A] -> 0x5220
[3363] [M]: 0x80020968 (0x5220AE23) sw sp, 1340(ra)
mem[0x800396A4] <- 0x00000002


mem[X,0x8002096C] -> 0x3537
mem[X,0x8002096E] -> 0x3333
[3364] [M]: 0x8002096C (0x33333537) lui a0, 209715
x10 <- 0x33333000


mem[X,0x80020970] -> 0x0513
mem[X,0x80020972] -> 0x3345
[3365] [M]: 0x80020970 (0x33450513) addi a0, a0, 820
x10 <- 0x33333334


mem[X,0x80020974] -> 0x55B7
mem[X,0x80020976] -> 0x5555
[3366] [M]: 0x80020974 (0x555555B7) lui a1, 349525
x11 <- 0x55555000


mem[X,0x80020978] -> 0x8593
mem[X,0x8002097A] -> 0x5545
[3367] [M]: 0x80020978 (0x55458593) addi a1, a1, 1364
x11 <- 0x55555554


mem[X,0x8002097C] -> 0x0113
mem[X,0x8002097E] -> 0x0000
[3368] [M]: 0x8002097C (0x00000113) addi sp, zero, 0
x2 <- 0x00000000


mem[X,0x80020980] -> 0x006F
mem[X,0x80020982] -> 0x00C0
[3369] [M]: 0x80020980 (0x00C0006F) jal zero, 12


mem[X,0x8002098C] -> 0x4CE3
mem[X,0x8002098E] -> 0xFEB5
[3370] [M]: 0x8002098C (0xFEB54CE3) blt a0, a1, 8184


mem[X,0x80020984] -> 0x0113
mem[X,0x80020986] -> 0x0011
[3371] [M]: 0x80020984 (0x00110113) addi sp, sp, 1
x2 <- 0x00000001


mem[X,0x80020988] -> 0x006F
mem[X,0x8002098A] -> 0x0180
[3372] [M]: 0x80020988 (0x0180006F) jal zero, 24


mem[X,0x800209A0] -> 0xA023
mem[X,0x800209A2] -> 0x5420
[3373] [M]: 0x800209A0 (0x5420A023) sw sp, 1344(ra)
mem[0x800396A8] <- 0x00000001


mem[X,0x800209A4] -> 0x3537
mem[X,0x800209A6] -> 0x3333
[3374] [M]: 0x800209A4 (0x33333537) lui a0, 209715
x10 <- 0x33333000


mem[X,0x800209A8] -> 0x0513
mem[X,0x800209AA] -> 0x3345
[3375] [M]: 0x800209A8 (0x33450513) addi a0, a0, 820
x10 <- 0x33333334


mem[X,0x800209AC] -> 0x0593
mem[X,0x800209AE] -> 0x0000
[3376] [M]: 0x800209AC (0x00000593) addi a1, zero, 0
x11 <- 0x00000000


mem[X,0x800209B0] -> 0x0113
mem[X,0x800209B2] -> 0x0000
[3377] [M]: 0x800209B0 (0x00000113) addi sp, zero, 0
x2 <- 0x00000000


mem[X,0x800209B4] -> 0x006F
mem[X,0x800209B6] -> 0x00C0
[3378] [M]: 0x800209B4 (0x00C0006F) jal zero, 12


mem[X,0x800209C0] -> 0x4063
mem[X,0x800209C2] -> 0x10B5
[3379] [M]: 0x800209C0 (0x10B54063) blt a0, a1, 256


mem[X,0x800209C4] -> 0x0113
mem[X,0x800209C6] -> 0x0021
[3380] [M]: 0x800209C4 (0x00210113) addi sp, sp, 2
x2 <- 0x00000002


mem[X,0x800209C8] -> 0x006F
mem[X,0x800209CA] -> 0x1000
[3381] [M]: 0x800209C8 (0x1000006F) jal zero, 256


mem[X,0x80020AC8] -> 0xA223
mem[X,0x80020ACA] -> 0x5420
[3382] [M]: 0x80020AC8 (0x5420A223) sw sp, 1348(ra)
mem[0x800396AC] <- 0x00000002


mem[X,0x80020ACC] -> 0x3537
mem[X,0x80020ACE] -> 0x3333
[3383] [M]: 0x80020ACC (0x33333537) lui a0, 209715
x10 <- 0x33333000


mem[X,0x80020AD0] -> 0x0513
mem[X,0x80020AD2] -> 0x3345
[3384] [M]: 0x80020AD0 (0x33450513) addi a0, a0, 820
x10 <- 0x33333334


mem[X,0x80020AD4] -> 0x0593
mem[X,0x80020AD6] -> 0x0040
[3385] [M]: 0x80020AD4 (0x00400593) addi a1, zero, 4
x11 <- 0x00000004


mem[X,0x80020AD8] -> 0x0113
mem[X,0x80020ADA] -> 0x0000
[3386] [M]: 0x80020AD8 (0x00000113) addi sp, zero, 0
x2 <- 0x00000000


mem[X,0x80020ADC] -> 0x006F
mem[X,0x80020ADE] -> 0x0050
[3387] [M]: 0x80020ADC (0x0050006F) jal zero, 2052


mem[X,0x800212E0] -> 0x40E3
mem[X,0x800212E2] -> 0x80B5
[3388] [M]: 0x800212E0 (0x80B540E3) blt a0, a1, 6144


mem[X,0x800212E4] -> 0x0113
mem[X,0x800212E6] -> 0x0021
[3389] [M]: 0x800212E4 (0x00210113) addi sp, sp, 2
x2 <- 0x00000002


mem[X,0x800212E8] -> 0x006F
mem[X,0x800212EA] -> 0x00C0
[3390] [M]: 0x800212E8 (0x00C0006F) jal zero, 12


mem[X,0x800212F4] -> 0xA423
mem[X,0x800212F6] -> 0x5420
[3391] [M]: 0x800212F4 (0x5420A423) sw sp, 1352(ra)
mem[0x800396B0] <- 0x00000002


mem[X,0x800212F8] -> 0x3537
mem[X,0x800212FA] -> 0x3333
[3392] [M]: 0x800212F8 (0x33333537) lui a0, 209715
x10 <- 0x33333000


mem[X,0x800212FC] -> 0x0513
mem[X,0x800212FE] -> 0x3345
[3393] [M]: 0x800212FC (0x33450513) addi a0, a0, 820
x10 <- 0x33333334


mem[X,0x80021300] -> 0x35B7
mem[X,0x80021302] -> 0x3333
[3394] [M]: 0x80021300 (0x333335B7) lui a1, 209715
x11 <- 0x33333000


mem[X,0x80021304] -> 0x8593
mem[X,0x80021306] -> 0x3325
[3395] [M]: 0x80021304 (0x33258593) addi a1, a1, 818
x11 <- 0x33333332


mem[X,0x80021308] -> 0x0113
mem[X,0x8002130A] -> 0x0000
[3396] [M]: 0x80021308 (0x00000113) addi sp, zero, 0
x2 <- 0x00000000


mem[X,0x8002130C] -> 0x006F
mem[X,0x8002130E] -> 0x00C0
[3397] [M]: 0x8002130C (0x00C0006F) jal zero, 12


mem[X,0x80021318] -> 0x4CE3
mem[X,0x8002131A] -> 0xFEB5
[3398] [M]: 0x80021318 (0xFEB54CE3) blt a0, a1, 8184


mem[X,0x8002131C] -> 0x0113
mem[X,0x8002131E] -> 0x0021
[3399] [M]: 0x8002131C (0x00210113) addi sp, sp, 2
x2 <- 0x00000002


clint::tick mtime <- 0x0000000000000022
 clint timer pending at mtime 0x0000000000000022
htif::tick 0x0000000000000000
mem[X,0x80021320] -> 0x006F
mem[X,0x80021322] -> 0x00C0
[3400] [M]: 0x80021320 (0x00C0006F) jal zero, 12


mem[X,0x8002132C] -> 0xA623
mem[X,0x8002132E] -> 0x5420
[3401] [M]: 0x8002132C (0x5420A623) sw sp, 1356(ra)
mem[0x800396B4] <- 0x00000002


mem[X,0x80021330] -> 0x3537
mem[X,0x80021332] -> 0x3333
[3402] [M]: 0x80021330 (0x33333537) lui a0, 209715
x10 <- 0x33333000


mem[X,0x80021334] -> 0x0513
mem[X,0x80021336] -> 0x3345
[3403] [M]: 0x80021334 (0x33450513) addi a0, a0, 820
x10 <- 0x33333334


mem[X,0x80021338] -> 0x65B7
mem[X,0x8002133A] -> 0x6666
[3404] [M]: 0x80021338 (0x666665B7) lui a1, 419430
x11 <- 0x66666000


mem[X,0x8002133C] -> 0x8593
mem[X,0x8002133E] -> 0x6655
[3405] [M]: 0x8002133C (0x66558593) addi a1, a1, 1637
x11 <- 0x66666665


mem[X,0x80021340] -> 0x0113
mem[X,0x80021342] -> 0x0000
[3406] [M]: 0x80021340 (0x00000113) addi sp, zero, 0
x2 <- 0x00000000


mem[X,0x80021344] -> 0x006F
mem[X,0x80021346] -> 0x00C0
[3407] [M]: 0x80021344 (0x00C0006F) jal zero, 12


mem[X,0x80021350] -> 0x4063
mem[X,0x80021352] -> 0x08B5
[3408] [M]: 0x80021350 (0x08B54063) blt a0, a1, 128


mem[X,0x800213D0] -> 0x0113
mem[X,0x800213D2] -> 0x0031
[3409] [M]: 0x800213D0 (0x00310113) addi sp, sp, 3
x2 <- 0x00000003


mem[X,0x800213D4] -> 0x006F
mem[X,0x800213D6] -> 0x0040
[3410] [M]: 0x800213D4 (0x0040006F) jal zero, 4


mem[X,0x800213D8] -> 0xA823
mem[X,0x800213DA] -> 0x5420
[3411] [M]: 0x800213D8 (0x5420A823) sw sp, 1360(ra)
mem[0x800396B8] <- 0x00000003


mem[X,0x800213DC] -> 0x3537
mem[X,0x800213DE] -> 0x3333
[3412] [M]: 0x800213DC (0x33333537) lui a0, 209715
x10 <- 0x33333000


mem[X,0x800213E0] -> 0x0513
mem[X,0x800213E2] -> 0x3345
[3413] [M]: 0x800213E0 (0x33450513) addi a0, a0, 820
x10 <- 0x33333334


mem[X,0x800213E4] -> 0xB5B7
mem[X,0x800213E6] -> 0x0000
[3414] [M]: 0x800213E4 (0x0000B5B7) lui a1, 11
x11 <- 0x0000B000


mem[X,0x800213E8] -> 0x8593
mem[X,0x800213EA] -> 0x5035
[3415] [M]: 0x800213E8 (0x50358593) addi a1, a1, 1283
x11 <- 0x0000B503


mem[X,0x800213EC] -> 0x0113
mem[X,0x800213EE] -> 0x0000
[3416] [M]: 0x800213EC (0x00000113) addi sp, zero, 0
x2 <- 0x00000000


mem[X,0x800213F0] -> 0x006F
mem[X,0x800213F2] -> 0x00C0
[3417] [M]: 0x800213F0 (0x00C0006F) jal zero, 12


mem[X,0x800213FC] -> 0x4063
mem[X,0x800213FE] -> 0x04B5
[3418] [M]: 0x800213FC (0x04B54063) blt a0, a1, 64


mem[X,0x80021400] -> 0x0113
mem[X,0x80021402] -> 0x0021
[3419] [M]: 0x80021400 (0x00210113) addi sp, sp, 2
x2 <- 0x00000002


mem[X,0x80021404] -> 0x006F
mem[X,0x80021406] -> 0x0400
[3420] [M]: 0x80021404 (0x0400006F) jal zero, 64


mem[X,0x80021444] -> 0xAA23
mem[X,0x80021446] -> 0x5420
[3421] [M]: 0x80021444 (0x5420AA23) sw sp, 1364(ra)
mem[0x800396BC] <- 0x00000002


mem[X,0x80021448] -> 0x3537
mem[X,0x8002144A] -> 0x3333
[3422] [M]: 0x80021448 (0x33333537) lui a0, 209715
x10 <- 0x33333000


mem[X,0x8002144C] -> 0x0513
mem[X,0x8002144E] -> 0x3345
[3423] [M]: 0x8002144C (0x33450513) addi a0, a0, 820
x10 <- 0x33333334


mem[X,0x80021450] -> 0x55B7
mem[X,0x80021452] -> 0x5555
[3424] [M]: 0x80021450 (0x555555B7) lui a1, 349525
x11 <- 0x55555000


mem[X,0x80021454] -> 0x8593
mem[X,0x80021456] -> 0x5565
[3425] [M]: 0x80021454 (0x55658593) addi a1, a1, 1366
x11 <- 0x55555556


mem[X,0x80021458] -> 0x0113
mem[X,0x8002145A] -> 0x0000
[3426] [M]: 0x80021458 (0x00000113) addi sp, zero, 0
x2 <- 0x00000000


mem[X,0x8002145C] -> 0x006F
mem[X,0x8002145E] -> 0x0100
[3427] [M]: 0x8002145C (0x0100006F) jal zero, 16


mem[X,0x8002146C] -> 0x4AE3
mem[X,0x8002146E] -> 0xFEB5
[3428] [M]: 0x8002146C (0xFEB54AE3) blt a0, a1, 8180


mem[X,0x80021460] -> 0x0113
mem[X,0x80021462] -> 0x0011
[3429] [M]: 0x80021460 (0x00110113) addi sp, sp, 1
x2 <- 0x00000001


mem[X,0x80021464] -> 0x006F
mem[X,0x80021466] -> 0x01C0
[3430] [M]: 0x80021464 (0x01C0006F) jal zero, 28


mem[X,0x80021480] -> 0xAC23
mem[X,0x80021482] -> 0x5420
[3431] [M]: 0x80021480 (0x5420AC23) sw sp, 1368(ra)
mem[0x800396C0] <- 0x00000001


mem[X,0x80021484] -> 0x3537
mem[X,0x80021486] -> 0x3333
[3432] [M]: 0x80021484 (0x33333537) lui a0, 209715
x10 <- 0x33333000


mem[X,0x80021488] -> 0x0513
mem[X,0x8002148A] -> 0x3345
[3433] [M]: 0x80021488 (0x33450513) addi a0, a0, 820
x10 <- 0x33333334


mem[X,0x8002148C] -> 0xB5B7
mem[X,0x8002148E] -> 0xAAAA
[3434] [M]: 0x8002148C (0xAAAAB5B7) lui a1, 699051
x11 <- 0xAAAAB000


mem[X,0x80021490] -> 0x8593
mem[X,0x80021492] -> 0xAAB5
[3435] [M]: 0x80021490 (0xAAB58593) addi a1, a1, 2731
x11 <- 0xAAAAAAAB


mem[X,0x80021494] -> 0x0113
mem[X,0x80021496] -> 0x0000
[3436] [M]: 0x80021494 (0x00000113) addi sp, zero, 0
x2 <- 0x00000000


mem[X,0x80021498] -> 0x006F
mem[X,0x8002149A] -> 0x00C0
[3437] [M]: 0x80021498 (0x00C0006F) jal zero, 12


mem[X,0x800214A4] -> 0x4663
mem[X,0x800214A6] -> 0x00B5
[3438] [M]: 0x800214A4 (0x00B54663) blt a0, a1, 12


mem[X,0x800214A8] -> 0x0113
mem[X,0x800214AA] -> 0x0021
[3439] [M]: 0x800214A8 (0x00210113) addi sp, sp, 2
x2 <- 0x00000002


mem[X,0x800214AC] -> 0x006F
mem[X,0x800214AE] -> 0x00C0
[3440] [M]: 0x800214AC (0x00C0006F) jal zero, 12


mem[X,0x800214B8] -> 0xAE23
mem[X,0x800214BA] -> 0x5420
[3441] [M]: 0x800214B8 (0x5420AE23) sw sp, 1372(ra)
mem[0x800396C4] <- 0x00000002


mem[X,0x800214BC] -> 0x3537
mem[X,0x800214BE] -> 0x3333
[3442] [M]: 0x800214BC (0x33333537) lui a0, 209715
x10 <- 0x33333000


mem[X,0x800214C0] -> 0x0513
mem[X,0x800214C2] -> 0x3345
[3443] [M]: 0x800214C0 (0x33450513) addi a0, a0, 820
x10 <- 0x33333334


mem[X,0x800214C4] -> 0x0593
mem[X,0x800214C6] -> 0x0060
[3444] [M]: 0x800214C4 (0x00600593) addi a1, zero, 6
x11 <- 0x00000006


mem[X,0x800214C8] -> 0x0113
mem[X,0x800214CA] -> 0x0000
[3445] [M]: 0x800214C8 (0x00000113) addi sp, zero, 0
x2 <- 0x00000000


mem[X,0x800214CC] -> 0x006F
mem[X,0x800214CE] -> 0x00C0
[3446] [M]: 0x800214CC (0x00C0006F) jal zero, 12


mem[X,0x800214D8] -> 0x4863
mem[X,0x800214DA] -> 0x00B5
[3447] [M]: 0x800214D8 (0x00B54863) blt a0, a1, 16


mem[X,0x800214DC] -> 0x0113
mem[X,0x800214DE] -> 0x0021
[3448] [M]: 0x800214DC (0x00210113) addi sp, sp, 2
x2 <- 0x00000002


mem[X,0x800214E0] -> 0x006F
mem[X,0x800214E2] -> 0x0100
[3449] [M]: 0x800214E0 (0x0100006F) jal zero, 16


mem[X,0x800214F0] -> 0xA023
mem[X,0x800214F2] -> 0x5620
[3450] [M]: 0x800214F0 (0x5620A023) sw sp, 1376(ra)
mem[0x800396C8] <- 0x00000002


mem[X,0x800214F4] -> 0x3537
mem[X,0x800214F6] -> 0x3333
[3451] [M]: 0x800214F4 (0x33333537) lui a0, 209715
x10 <- 0x33333000


mem[X,0x800214F8] -> 0x0513
mem[X,0x800214FA] -> 0x3345
[3452] [M]: 0x800214F8 (0x33450513) addi a0, a0, 820
x10 <- 0x33333334


mem[X,0x800214FC] -> 0x35B7
mem[X,0x800214FE] -> 0x3333
[3453] [M]: 0x800214FC (0x333335B7) lui a1, 209715
x11 <- 0x33333000


mem[X,0x80021500] -> 0x8593
mem[X,0x80021502] -> 0x3345
[3454] [M]: 0x80021500 (0x33458593) addi a1, a1, 820
x11 <- 0x33333334


mem[X,0x80021504] -> 0x0113
mem[X,0x80021506] -> 0x0000
[3455] [M]: 0x80021504 (0x00000113) addi sp, zero, 0
x2 <- 0x00000000


mem[X,0x80021508] -> 0x006F
mem[X,0x8002150A] -> 0x00C0
[3456] [M]: 0x80021508 (0x00C0006F) jal zero, 12


mem[X,0x80021514] -> 0x4CE3
mem[X,0x80021516] -> 0xFEB5
[3457] [M]: 0x80021514 (0xFEB54CE3) blt a0, a1, 8184


mem[X,0x80021518] -> 0x0113
mem[X,0x8002151A] -> 0x0021
[3458] [M]: 0x80021518 (0x00210113) addi sp, sp, 2
x2 <- 0x00000002


mem[X,0x8002151C] -> 0x006F
mem[X,0x8002151E] -> 0x00C0
[3459] [M]: 0x8002151C (0x00C0006F) jal zero, 12


mem[X,0x80021528] -> 0xA223
mem[X,0x8002152A] -> 0x5620
[3460] [M]: 0x80021528 (0x5620A223) sw sp, 1380(ra)
mem[0x800396CC] <- 0x00000002


mem[X,0x8002152C] -> 0x3537
mem[X,0x8002152E] -> 0x3333
[3461] [M]: 0x8002152C (0x33333537) lui a0, 209715
x10 <- 0x33333000


mem[X,0x80021530] -> 0x0513
mem[X,0x80021532] -> 0x3345
[3462] [M]: 0x80021530 (0x33450513) addi a0, a0, 820
x10 <- 0x33333334


mem[X,0x80021534] -> 0x65B7
mem[X,0x80021536] -> 0x6666
[3463] [M]: 0x80021534 (0x666665B7) lui a1, 419430
x11 <- 0x66666000


mem[X,0x80021538] -> 0x8593
mem[X,0x8002153A] -> 0x6675
[3464] [M]: 0x80021538 (0x66758593) addi a1, a1, 1639
x11 <- 0x66666667


mem[X,0x8002153C] -> 0x0113
mem[X,0x8002153E] -> 0x0000
[3465] [M]: 0x8002153C (0x00000113) addi sp, zero, 0
x2 <- 0x00000000


mem[X,0x80021540] -> 0x006F
mem[X,0x80021542] -> 0x0100
[3466] [M]: 0x80021540 (0x0100006F) jal zero, 16


mem[X,0x80021550] -> 0x4AE3
mem[X,0x80021552] -> 0xFEB5
[3467] [M]: 0x80021550 (0xFEB54AE3) blt a0, a1, 8180


mem[X,0x80021544] -> 0x0113
mem[X,0x80021546] -> 0x0011
[3468] [M]: 0x80021544 (0x00110113) addi sp, sp, 1
x2 <- 0x00000001


mem[X,0x80021548] -> 0x006F
mem[X,0x8002154A] -> 0x01C0
[3469] [M]: 0x80021548 (0x01C0006F) jal zero, 28


mem[X,0x80021564] -> 0xA423
mem[X,0x80021566] -> 0x5620
[3470] [M]: 0x80021564 (0x5620A423) sw sp, 1384(ra)
mem[0x800396D0] <- 0x00000001


mem[X,0x80021568] -> 0x3537
mem[X,0x8002156A] -> 0x3333
[3471] [M]: 0x80021568 (0x33333537) lui a0, 209715
x10 <- 0x33333000


mem[X,0x8002156C] -> 0x0513
mem[X,0x8002156E] -> 0x3345
[3472] [M]: 0x8002156C (0x33450513) addi a0, a0, 820
x10 <- 0x33333334


mem[X,0x80021570] -> 0x55B7
mem[X,0x80021572] -> 0xFFFF
[3473] [M]: 0x80021570 (0xFFFF55B7) lui a1, 1048565
x11 <- 0xFFFF5000


mem[X,0x80021574] -> 0x8593
mem[X,0x80021576] -> 0xAFD5
[3474] [M]: 0x80021574 (0xAFD58593) addi a1, a1, 2813
x11 <- 0xFFFF4AFD


mem[X,0x80021578] -> 0x0113
mem[X,0x8002157A] -> 0x0000
[3475] [M]: 0x80021578 (0x00000113) addi sp, zero, 0
x2 <- 0x00000000


mem[X,0x8002157C] -> 0x006F
mem[X,0x8002157E] -> 0x00C0
[3476] [M]: 0x8002157C (0x00C0006F) jal zero, 12


mem[X,0x80021588] -> 0x4663
mem[X,0x8002158A] -> 0x00B5
[3477] [M]: 0x80021588 (0x00B54663) blt a0, a1, 12


mem[X,0x8002158C] -> 0x0113
mem[X,0x8002158E] -> 0x0021
[3478] [M]: 0x8002158C (0x00210113) addi sp, sp, 2
x2 <- 0x00000002


mem[X,0x80021590] -> 0x006F
mem[X,0x80021592] -> 0x00C0
[3479] [M]: 0x80021590 (0x00C0006F) jal zero, 12


mem[X,0x8002159C] -> 0xA623
mem[X,0x8002159E] -> 0x5620
[3480] [M]: 0x8002159C (0x5620A623) sw sp, 1388(ra)
mem[0x800396D4] <- 0x00000002


mem[X,0x800215A0] -> 0x3537
mem[X,0x800215A2] -> 0x3333
[3481] [M]: 0x800215A0 (0x33333537) lui a0, 209715
x10 <- 0x33333000


mem[X,0x800215A4] -> 0x0513
mem[X,0x800215A6] -> 0x3345
[3482] [M]: 0x800215A4 (0x33450513) addi a0, a0, 820
x10 <- 0x33333334


mem[X,0x800215A8] -> 0xB5B7
mem[X,0x800215AA] -> 0x0000
[3483] [M]: 0x800215A8 (0x0000B5B7) lui a1, 11
x11 <- 0x0000B000


mem[X,0x800215AC] -> 0x8593
mem[X,0x800215AE] -> 0x5055
[3484] [M]: 0x800215AC (0x50558593) addi a1, a1, 1285
x11 <- 0x0000B505


mem[X,0x800215B0] -> 0x0113
mem[X,0x800215B2] -> 0x0000
[3485] [M]: 0x800215B0 (0x00000113) addi sp, zero, 0
x2 <- 0x00000000


mem[X,0x800215B4] -> 0x006F
mem[X,0x800215B6] -> 0x00C0
[3486] [M]: 0x800215B4 (0x00C0006F) jal zero, 12


mem[X,0x800215C0] -> 0x4063
mem[X,0x800215C2] -> 0x20B5
[3487] [M]: 0x800215C0 (0x20B54063) blt a0, a1, 512


mem[X,0x800215C4] -> 0x0113
mem[X,0x800215C6] -> 0x0021
[3488] [M]: 0x800215C4 (0x00210113) addi sp, sp, 2
x2 <- 0x00000002


mem[X,0x800215C8] -> 0x006F
mem[X,0x800215CA] -> 0x2000
[3489] [M]: 0x800215C8 (0x2000006F) jal zero, 512


mem[X,0x800217C8] -> 0xA823
mem[X,0x800217CA] -> 0x5620
[3490] [M]: 0x800217C8 (0x5620A823) sw sp, 1392(ra)
mem[0x800396D8] <- 0x00000002


mem[X,0x800217CC] -> 0x6537
mem[X,0x800217CE] -> 0x6666
[3491] [M]: 0x800217CC (0x66666537) lui a0, 419430
x10 <- 0x66666000


mem[X,0x800217D0] -> 0x0513
mem[X,0x800217D2] -> 0x6675
[3492] [M]: 0x800217D0 (0x66750513) addi a0, a0, 1639
x10 <- 0x66666667


mem[X,0x800217D4] -> 0x0593
mem[X,0x800217D6] -> 0x0030
[3493] [M]: 0x800217D4 (0x00300593) addi a1, zero, 3
x11 <- 0x00000003


mem[X,0x800217D8] -> 0x0113
mem[X,0x800217DA] -> 0x0000
[3494] [M]: 0x800217D8 (0x00000113) addi sp, zero, 0
x2 <- 0x00000000


mem[X,0x800217DC] -> 0x006F
mem[X,0x800217DE] -> 0x00C0
[3495] [M]: 0x800217DC (0x00C0006F) jal zero, 12


mem[X,0x800217E8] -> 0x4663
mem[X,0x800217EA] -> 0x00B5
[3496] [M]: 0x800217E8 (0x00B54663) blt a0, a1, 12


mem[X,0x800217EC] -> 0x0113
mem[X,0x800217EE] -> 0x0021
[3497] [M]: 0x800217EC (0x00210113) addi sp, sp, 2
x2 <- 0x00000002


mem[X,0x800217F0] -> 0x006F
mem[X,0x800217F2] -> 0x00C0
[3498] [M]: 0x800217F0 (0x00C0006F) jal zero, 12


mem[X,0x800217FC] -> 0xAA23
mem[X,0x800217FE] -> 0x5620
[3499] [M]: 0x800217FC (0x5620AA23) sw sp, 1396(ra)
mem[0x800396DC] <- 0x00000002


clint::tick mtime <- 0x0000000000000023
 clint timer pending at mtime 0x0000000000000023
htif::tick 0x0000000000000000
mem[X,0x80021800] -> 0x6537
mem[X,0x80021802] -> 0x6666
[3500] [M]: 0x80021800 (0x66666537) lui a0, 419430
x10 <- 0x66666000


mem[X,0x80021804] -> 0x0513
mem[X,0x80021806] -> 0x6675
[3501] [M]: 0x80021804 (0x66750513) addi a0, a0, 1639
x10 <- 0x66666667


mem[X,0x80021808] -> 0x55B7
mem[X,0x8002180A] -> 0x5555
[3502] [M]: 0x80021808 (0x555555B7) lui a1, 349525
x11 <- 0x55555000


mem[X,0x8002180C] -> 0x8593
mem[X,0x8002180E] -> 0x5555
[3503] [M]: 0x8002180C (0x55558593) addi a1, a1, 1365
x11 <- 0x55555555


mem[X,0x80021810] -> 0x0113
mem[X,0x80021812] -> 0x0000
[3504] [M]: 0x80021810 (0x00000113) addi sp, zero, 0
x2 <- 0x00000000


mem[X,0x80021814] -> 0x006F
mem[X,0x80021816] -> 0x00C0
[3505] [M]: 0x80021814 (0x00C0006F) jal zero, 12


mem[X,0x80021820] -> 0x4063
mem[X,0x80021822] -> 0x40B5
[3506] [M]: 0x80021820 (0x40B54063) blt a0, a1, 1024


mem[X,0x80021824] -> 0x0113
mem[X,0x80021826] -> 0x0021
[3507] [M]: 0x80021824 (0x00210113) addi sp, sp, 2
x2 <- 0x00000002


mem[X,0x80021828] -> 0x006F
mem[X,0x8002182A] -> 0x4000
[3508] [M]: 0x80021828 (0x4000006F) jal zero, 1024


mem[X,0x80021C28] -> 0xAC23
mem[X,0x80021C2A] -> 0x5620
[3509] [M]: 0x80021C28 (0x5620AC23) sw sp, 1400(ra)
mem[0x800396E0] <- 0x00000002


mem[X,0x80021C2C] -> 0x6537
mem[X,0x80021C2E] -> 0x6666
[3510] [M]: 0x80021C2C (0x66666537) lui a0, 419430
x10 <- 0x66666000


mem[X,0x80021C30] -> 0x0513
mem[X,0x80021C32] -> 0x6675
[3511] [M]: 0x80021C30 (0x66750513) addi a0, a0, 1639
x10 <- 0x66666667


mem[X,0x80021C34] -> 0xB5B7
mem[X,0x80021C36] -> 0xAAAA
[3512] [M]: 0x80021C34 (0xAAAAB5B7) lui a1, 699051
x11 <- 0xAAAAB000


mem[X,0x80021C38] -> 0x8593
mem[X,0x80021C3A] -> 0xAAA5
[3513] [M]: 0x80021C38 (0xAAA58593) addi a1, a1, 2730
x11 <- 0xAAAAAAAA


mem[X,0x80021C3C] -> 0x0113
mem[X,0x80021C3E] -> 0x0000
[3514] [M]: 0x80021C3C (0x00000113) addi sp, zero, 0
x2 <- 0x00000000


mem[X,0x80021C40] -> 0x006F
mem[X,0x80021C42] -> 0x00C0
[3515] [M]: 0x80021C40 (0x00C0006F) jal zero, 12


mem[X,0x80021C4C] -> 0x4CE3
mem[X,0x80021C4E] -> 0xFEB5
[3516] [M]: 0x80021C4C (0xFEB54CE3) blt a0, a1, 8184


mem[X,0x80021C50] -> 0x0113
mem[X,0x80021C52] -> 0x0021
[3517] [M]: 0x80021C50 (0x00210113) addi sp, sp, 2
x2 <- 0x00000002


mem[X,0x80021C54] -> 0x006F
mem[X,0x80021C56] -> 0x00C0
[3518] [M]: 0x80021C54 (0x00C0006F) jal zero, 12


mem[X,0x80021C60] -> 0xAE23
mem[X,0x80021C62] -> 0x5620
[3519] [M]: 0x80021C60 (0x5620AE23) sw sp, 1404(ra)
mem[0x800396E4] <- 0x00000002


mem[X,0x80021C64] -> 0x6537
mem[X,0x80021C66] -> 0x6666
[3520] [M]: 0x80021C64 (0x66666537) lui a0, 419430
x10 <- 0x66666000


mem[X,0x80021C68] -> 0x0513
mem[X,0x80021C6A] -> 0x6675
[3521] [M]: 0x80021C68 (0x66750513) addi a0, a0, 1639
x10 <- 0x66666667


mem[X,0x80021C6C] -> 0x0593
mem[X,0x80021C6E] -> 0x0050
[3522] [M]: 0x80021C6C (0x00500593) addi a1, zero, 5
x11 <- 0x00000005


mem[X,0x80021C70] -> 0x0113
mem[X,0x80021C72] -> 0x0000
[3523] [M]: 0x80021C70 (0x00000113) addi sp, zero, 0
x2 <- 0x00000000


mem[X,0x80021C74] -> 0x006F
mem[X,0x80021C76] -> 0x00C0
[3524] [M]: 0x80021C74 (0x00C0006F) jal zero, 12


mem[X,0x80021C80] -> 0x4863
mem[X,0x80021C82] -> 0x00B5
[3525] [M]: 0x80021C80 (0x00B54863) blt a0, a1, 16


mem[X,0x80021C84] -> 0x0113
mem[X,0x80021C86] -> 0x0021
[3526] [M]: 0x80021C84 (0x00210113) addi sp, sp, 2
x2 <- 0x00000002


mem[X,0x80021C88] -> 0x006F
mem[X,0x80021C8A] -> 0x0100
[3527] [M]: 0x80021C88 (0x0100006F) jal zero, 16


mem[X,0x80021C98] -> 0xA023
mem[X,0x80021C9A] -> 0x5820
[3528] [M]: 0x80021C98 (0x5820A023) sw sp, 1408(ra)
mem[0x800396E8] <- 0x00000002


mem[X,0x80021C9C] -> 0x6537
mem[X,0x80021C9E] -> 0x6666
[3529] [M]: 0x80021C9C (0x66666537) lui a0, 419430
x10 <- 0x66666000


mem[X,0x80021CA0] -> 0x0513
mem[X,0x80021CA2] -> 0x6675
[3530] [M]: 0x80021CA0 (0x66750513) addi a0, a0, 1639
x10 <- 0x66666667


mem[X,0x80021CA4] -> 0x35B7
mem[X,0x80021CA6] -> 0x3333
[3531] [M]: 0x80021CA4 (0x333335B7) lui a1, 209715
x11 <- 0x33333000


mem[X,0x80021CA8] -> 0x8593
mem[X,0x80021CAA] -> 0x3335
[3532] [M]: 0x80021CA8 (0x33358593) addi a1, a1, 819
x11 <- 0x33333333


mem[X,0x80021CAC] -> 0x0113
mem[X,0x80021CAE] -> 0x0000
[3533] [M]: 0x80021CAC (0x00000113) addi sp, zero, 0
x2 <- 0x00000000


mem[X,0x80021CB0] -> 0x006F
mem[X,0x80021CB2] -> 0x00C0
[3534] [M]: 0x80021CB0 (0x00C0006F) jal zero, 12


mem[X,0x80021CBC] -> 0x4063
mem[X,0x80021CBE] -> 0x02B5
[3535] [M]: 0x80021CBC (0x02B54063) blt a0, a1, 32


mem[X,0x80021CC0] -> 0x0113
mem[X,0x80021CC2] -> 0x0021
[3536] [M]: 0x80021CC0 (0x00210113) addi sp, sp, 2
x2 <- 0x00000002


mem[X,0x80021CC4] -> 0x006F
mem[X,0x80021CC6] -> 0x0200
[3537] [M]: 0x80021CC4 (0x0200006F) jal zero, 32


mem[X,0x80021CE4] -> 0xA223
mem[X,0x80021CE6] -> 0x5820
[3538] [M]: 0x80021CE4 (0x5820A223) sw sp, 1412(ra)
mem[0x800396EC] <- 0x00000002


mem[X,0x80021CE8] -> 0x6537
mem[X,0x80021CEA] -> 0x6666
[3539] [M]: 0x80021CE8 (0x66666537) lui a0, 419430
x10 <- 0x66666000


mem[X,0x80021CEC] -> 0x0513
mem[X,0x80021CEE] -> 0x6675
[3540] [M]: 0x80021CEC (0x66750513) addi a0, a0, 1639
x10 <- 0x66666667


mem[X,0x80021CF0] -> 0x65B7
mem[X,0x80021CF2] -> 0x6666
[3541] [M]: 0x80021CF0 (0x666665B7) lui a1, 419430
x11 <- 0x66666000


mem[X,0x80021CF4] -> 0x8593
mem[X,0x80021CF6] -> 0x6665
[3542] [M]: 0x80021CF4 (0x66658593) addi a1, a1, 1638
x11 <- 0x66666666


mem[X,0x80021CF8] -> 0x0113
mem[X,0x80021CFA] -> 0x0000
[3543] [M]: 0x80021CF8 (0x00000113) addi sp, zero, 0
x2 <- 0x00000000


mem[X,0x80021CFC] -> 0x006F
mem[X,0x80021CFE] -> 0x00C0
[3544] [M]: 0x80021CFC (0x00C0006F) jal zero, 12


mem[X,0x80021D08] -> 0x4063
mem[X,0x80021D0A] -> 0x08B5
[3545] [M]: 0x80021D08 (0x08B54063) blt a0, a1, 128


mem[X,0x80021D0C] -> 0x0113
mem[X,0x80021D0E] -> 0x0021
[3546] [M]: 0x80021D0C (0x00210113) addi sp, sp, 2
x2 <- 0x00000002


mem[X,0x80021D10] -> 0x006F
mem[X,0x80021D12] -> 0x0800
[3547] [M]: 0x80021D10 (0x0800006F) jal zero, 128


mem[X,0x80021D90] -> 0xA423
mem[X,0x80021D92] -> 0x5820
[3548] [M]: 0x80021D90 (0x5820A423) sw sp, 1416(ra)
mem[0x800396F0] <- 0x00000002


mem[X,0x80021D94] -> 0x6537
mem[X,0x80021D96] -> 0x6666
[3549] [M]: 0x80021D94 (0x66666537) lui a0, 419430
x10 <- 0x66666000


mem[X,0x80021D98] -> 0x0513
mem[X,0x80021D9A] -> 0x6675
[3550] [M]: 0x80021D98 (0x66750513) addi a0, a0, 1639
x10 <- 0x66666667


mem[X,0x80021D9C] -> 0x55B7
mem[X,0x80021D9E] -> 0xFFFF
[3551] [M]: 0x80021D9C (0xFFFF55B7) lui a1, 1048565
x11 <- 0xFFFF5000


mem[X,0x80021DA0] -> 0x8593
mem[X,0x80021DA2] -> 0xAFC5
[3552] [M]: 0x80021DA0 (0xAFC58593) addi a1, a1, 2812
x11 <- 0xFFFF4AFC


mem[X,0x80021DA4] -> 0x0113
mem[X,0x80021DA6] -> 0x0000
[3553] [M]: 0x80021DA4 (0x00000113) addi sp, zero, 0
x2 <- 0x00000000


mem[X,0x80021DA8] -> 0x006F
mem[X,0x80021DAA] -> 0x00C0
[3554] [M]: 0x80021DA8 (0x00C0006F) jal zero, 12


mem[X,0x80021DB4] -> 0x4663
mem[X,0x80021DB6] -> 0x00B5
[3555] [M]: 0x80021DB4 (0x00B54663) blt a0, a1, 12


mem[X,0x80021DB8] -> 0x0113
mem[X,0x80021DBA] -> 0x0021
[3556] [M]: 0x80021DB8 (0x00210113) addi sp, sp, 2
x2 <- 0x00000002


mem[X,0x80021DBC] -> 0x006F
mem[X,0x80021DBE] -> 0x00C0
[3557] [M]: 0x80021DBC (0x00C0006F) jal zero, 12


mem[X,0x80021DC8] -> 0xA623
mem[X,0x80021DCA] -> 0x5820
[3558] [M]: 0x80021DC8 (0x5820A623) sw sp, 1420(ra)
mem[0x800396F4] <- 0x00000002


mem[X,0x80021DCC] -> 0x6537
mem[X,0x80021DCE] -> 0x6666
[3559] [M]: 0x80021DCC (0x66666537) lui a0, 419430
x10 <- 0x66666000


mem[X,0x80021DD0] -> 0x0513
mem[X,0x80021DD2] -> 0x6675
[3560] [M]: 0x80021DD0 (0x66750513) addi a0, a0, 1639
x10 <- 0x66666667


mem[X,0x80021DD4] -> 0xB5B7
mem[X,0x80021DD6] -> 0x0000
[3561] [M]: 0x80021DD4 (0x0000B5B7) lui a1, 11
x11 <- 0x0000B000


mem[X,0x80021DD8] -> 0x8593
mem[X,0x80021DDA] -> 0x5045
[3562] [M]: 0x80021DD8 (0x50458593) addi a1, a1, 1284
x11 <- 0x0000B504


mem[X,0x80021DDC] -> 0x0113
mem[X,0x80021DDE] -> 0x0000
[3563] [M]: 0x80021DDC (0x00000113) addi sp, zero, 0
x2 <- 0x00000000


mem[X,0x80021DE0] -> 0x006F
mem[X,0x80021DE2] -> 0x0100
[3564] [M]: 0x80021DE0 (0x0100006F) jal zero, 16


mem[X,0x80021DF0] -> 0x4AE3
mem[X,0x80021DF2] -> 0xFEB5
[3565] [M]: 0x80021DF0 (0xFEB54AE3) blt a0, a1, 8180


mem[X,0x80021DF4] -> 0x0113
mem[X,0x80021DF6] -> 0x0021
[3566] [M]: 0x80021DF4 (0x00210113) addi sp, sp, 2
x2 <- 0x00000002


mem[X,0x80021DF8] -> 0x006F
mem[X,0x80021DFA] -> 0x00C0
[3567] [M]: 0x80021DF8 (0x00C0006F) jal zero, 12


mem[X,0x80021E04] -> 0xA823
mem[X,0x80021E06] -> 0x5820
[3568] [M]: 0x80021E04 (0x5820A823) sw sp, 1424(ra)
mem[0x800396F8] <- 0x00000002


mem[X,0x80021E08] -> 0x6537
mem[X,0x80021E0A] -> 0x6666
[3569] [M]: 0x80021E08 (0x66666537) lui a0, 419430
x10 <- 0x66666000


mem[X,0x80021E0C] -> 0x0513
mem[X,0x80021E0E] -> 0x6675
[3570] [M]: 0x80021E0C (0x66750513) addi a0, a0, 1639
x10 <- 0x66666667


mem[X,0x80021E10] -> 0x0593
mem[X,0x80021E12] -> 0x0020
[3571] [M]: 0x80021E10 (0x00200593) addi a1, zero, 2
x11 <- 0x00000002


mem[X,0x80021E14] -> 0x0113
mem[X,0x80021E16] -> 0x0000
[3572] [M]: 0x80021E14 (0x00000113) addi sp, zero, 0
x2 <- 0x00000000


mem[X,0x80021E18] -> 0x006F
mem[X,0x80021E1A] -> 0x2B10
[3573] [M]: 0x80021E18 (0x2B10006F) jal zero, 2736


mem[X,0x800228C8] -> 0x4A63
mem[X,0x800228CA] -> 0xD4B5
[3574] [M]: 0x800228C8 (0xD4B54A63) blt a0, a1, 5460


mem[X,0x800228CC] -> 0x0113
mem[X,0x800228CE] -> 0x0021
[3575] [M]: 0x800228CC (0x00210113) addi sp, sp, 2
x2 <- 0x00000002


mem[X,0x800228D0] -> 0x006F
mem[X,0x800228D2] -> 0x00C0
[3576] [M]: 0x800228D0 (0x00C0006F) jal zero, 12


mem[X,0x800228DC] -> 0xAA23
mem[X,0x800228DE] -> 0x5820
[3577] [M]: 0x800228DC (0x5820AA23) sw sp, 1428(ra)
mem[0x800396FC] <- 0x00000002


mem[X,0x800228E0] -> 0x6537
mem[X,0x800228E2] -> 0x6666
[3578] [M]: 0x800228E0 (0x66666537) lui a0, 419430
x10 <- 0x66666000


mem[X,0x800228E4] -> 0x0513
mem[X,0x800228E6] -> 0x6675
[3579] [M]: 0x800228E4 (0x66750513) addi a0, a0, 1639
x10 <- 0x66666667


mem[X,0x800228E8] -> 0x55B7
mem[X,0x800228EA] -> 0x5555
[3580] [M]: 0x800228E8 (0x555555B7) lui a1, 349525
x11 <- 0x55555000


mem[X,0x800228EC] -> 0x8593
mem[X,0x800228EE] -> 0x5545
[3581] [M]: 0x800228EC (0x55458593) addi a1, a1, 1364
x11 <- 0x55555554


mem[X,0x800228F0] -> 0x0113
mem[X,0x800228F2] -> 0x0000
[3582] [M]: 0x800228F0 (0x00000113) addi sp, zero, 0
x2 <- 0x00000000


mem[X,0x800228F4] -> 0x006F
mem[X,0x800228F6] -> 0x00C0
[3583] [M]: 0x800228F4 (0x00C0006F) jal zero, 12


mem[X,0x80022900] -> 0x4063
mem[X,0x80022902] -> 0x04B5
[3584] [M]: 0x80022900 (0x04B54063) blt a0, a1, 64


mem[X,0x80022904] -> 0x0113
mem[X,0x80022906] -> 0x0021
[3585] [M]: 0x80022904 (0x00210113) addi sp, sp, 2
x2 <- 0x00000002


mem[X,0x80022908] -> 0x006F
mem[X,0x8002290A] -> 0x0400
[3586] [M]: 0x80022908 (0x0400006F) jal zero, 64


mem[X,0x80022948] -> 0xAC23
mem[X,0x8002294A] -> 0x5820
[3587] [M]: 0x80022948 (0x5820AC23) sw sp, 1432(ra)
mem[0x80039700] <- 0x00000002


mem[X,0x8002294C] -> 0x6537
mem[X,0x8002294E] -> 0x6666
[3588] [M]: 0x8002294C (0x66666537) lui a0, 419430
x10 <- 0x66666000


mem[X,0x80022950] -> 0x0513
mem[X,0x80022952] -> 0x6675
[3589] [M]: 0x80022950 (0x66750513) addi a0, a0, 1639
x10 <- 0x66666667


mem[X,0x80022954] -> 0x0593
mem[X,0x80022956] -> 0x0000
[3590] [M]: 0x80022954 (0x00000593) addi a1, zero, 0
x11 <- 0x00000000


mem[X,0x80022958] -> 0x0113
mem[X,0x8002295A] -> 0x0000
[3591] [M]: 0x80022958 (0x00000113) addi sp, zero, 0
x2 <- 0x00000000


mem[X,0x8002295C] -> 0x006F
mem[X,0x8002295E] -> 0x00C0
[3592] [M]: 0x8002295C (0x00C0006F) jal zero, 12


mem[X,0x80022968] -> 0x4CE3
mem[X,0x8002296A] -> 0xFEB5
[3593] [M]: 0x80022968 (0xFEB54CE3) blt a0, a1, 8184


mem[X,0x8002296C] -> 0x0113
mem[X,0x8002296E] -> 0x0021
[3594] [M]: 0x8002296C (0x00210113) addi sp, sp, 2
x2 <- 0x00000002


mem[X,0x80022970] -> 0x006F
mem[X,0x80022972] -> 0x00C0
[3595] [M]: 0x80022970 (0x00C0006F) jal zero, 12


mem[X,0x8002297C] -> 0xAE23
mem[X,0x8002297E] -> 0x5820
[3596] [M]: 0x8002297C (0x5820AE23) sw sp, 1436(ra)
mem[0x80039704] <- 0x00000002


mem[X,0x80022980] -> 0x6537
mem[X,0x80022982] -> 0x6666
[3597] [M]: 0x80022980 (0x66666537) lui a0, 419430
x10 <- 0x66666000


mem[X,0x80022984] -> 0x0513
mem[X,0x80022986] -> 0x6675
[3598] [M]: 0x80022984 (0x66750513) addi a0, a0, 1639
x10 <- 0x66666667


mem[X,0x80022988] -> 0x0593
mem[X,0x8002298A] -> 0x0040
[3599] [M]: 0x80022988 (0x00400593) addi a1, zero, 4
x11 <- 0x00000004


clint::tick mtime <- 0x0000000000000024
 clint timer pending at mtime 0x0000000000000024
htif::tick 0x0000000000000000
mem[X,0x8002298C] -> 0x0113
mem[X,0x8002298E] -> 0x0000
[3600] [M]: 0x8002298C (0x00000113) addi sp, zero, 0
x2 <- 0x00000000


mem[X,0x80022990] -> 0x006F
mem[X,0x80022992] -> 0x00C0
[3601] [M]: 0x80022990 (0x00C0006F) jal zero, 12


mem[X,0x8002299C] -> 0x4663
mem[X,0x8002299E] -> 0x00B5
[3602] [M]: 0x8002299C (0x00B54663) blt a0, a1, 12


mem[X,0x800229A0] -> 0x0113
mem[X,0x800229A2] -> 0x0021
[3603] [M]: 0x800229A0 (0x00210113) addi sp, sp, 2
x2 <- 0x00000002


mem[X,0x800229A4] -> 0x006F
mem[X,0x800229A6] -> 0x00C0
[3604] [M]: 0x800229A4 (0x00C0006F) jal zero, 12


mem[X,0x800229B0] -> 0xA023
mem[X,0x800229B2] -> 0x5A20
[3605] [M]: 0x800229B0 (0x5A20A023) sw sp, 1440(ra)
mem[0x80039708] <- 0x00000002


mem[X,0x800229B4] -> 0x6537
mem[X,0x800229B6] -> 0x6666
[3606] [M]: 0x800229B4 (0x66666537) lui a0, 419430
x10 <- 0x66666000


mem[X,0x800229B8] -> 0x0513
mem[X,0x800229BA] -> 0x6675
[3607] [M]: 0x800229B8 (0x66750513) addi a0, a0, 1639
x10 <- 0x66666667


mem[X,0x800229BC] -> 0x35B7
mem[X,0x800229BE] -> 0x3333
[3608] [M]: 0x800229BC (0x333335B7) lui a1, 209715
x11 <- 0x33333000


mem[X,0x800229C0] -> 0x8593
mem[X,0x800229C2] -> 0x3325
[3609] [M]: 0x800229C0 (0x33258593) addi a1, a1, 818
x11 <- 0x33333332


mem[X,0x800229C4] -> 0x0113
mem[X,0x800229C6] -> 0x0000
[3610] [M]: 0x800229C4 (0x00000113) addi sp, zero, 0
x2 <- 0x00000000


mem[X,0x800229C8] -> 0x006F
mem[X,0x800229CA] -> 0x00C0
[3611] [M]: 0x800229C8 (0x00C0006F) jal zero, 12


mem[X,0x800229D4] -> 0x4663
mem[X,0x800229D6] -> 0x00B5
[3612] [M]: 0x800229D4 (0x00B54663) blt a0, a1, 12


mem[X,0x800229D8] -> 0x0113
mem[X,0x800229DA] -> 0x0021
[3613] [M]: 0x800229D8 (0x00210113) addi sp, sp, 2
x2 <- 0x00000002


mem[X,0x800229DC] -> 0x006F
mem[X,0x800229DE] -> 0x00C0
[3614] [M]: 0x800229DC (0x00C0006F) jal zero, 12


mem[X,0x800229E8] -> 0xA223
mem[X,0x800229EA] -> 0x5A20
[3615] [M]: 0x800229E8 (0x5A20A223) sw sp, 1444(ra)
mem[0x8003970C] <- 0x00000002


mem[X,0x800229EC] -> 0x6537
mem[X,0x800229EE] -> 0x6666
[3616] [M]: 0x800229EC (0x66666537) lui a0, 419430
x10 <- 0x66666000


mem[X,0x800229F0] -> 0x0513
mem[X,0x800229F2] -> 0x6675
[3617] [M]: 0x800229F0 (0x66750513) addi a0, a0, 1639
x10 <- 0x66666667


mem[X,0x800229F4] -> 0x65B7
mem[X,0x800229F6] -> 0x6666
[3618] [M]: 0x800229F4 (0x666665B7) lui a1, 419430
x11 <- 0x66666000


mem[X,0x800229F8] -> 0x8593
mem[X,0x800229FA] -> 0x6655
[3619] [M]: 0x800229F8 (0x66558593) addi a1, a1, 1637
x11 <- 0x66666665


mem[X,0x800229FC] -> 0x0113
mem[X,0x800229FE] -> 0x0000
[3620] [M]: 0x800229FC (0x00000113) addi sp, zero, 0
x2 <- 0x00000000


mem[X,0x80022A00] -> 0x006F
mem[X,0x80022A02] -> 0x00C0
[3621] [M]: 0x80022A00 (0x00C0006F) jal zero, 12


mem[X,0x80022A0C] -> 0x4663
mem[X,0x80022A0E] -> 0x00B5
[3622] [M]: 0x80022A0C (0x00B54663) blt a0, a1, 12


mem[X,0x80022A10] -> 0x0113
mem[X,0x80022A12] -> 0x0021
[3623] [M]: 0x80022A10 (0x00210113) addi sp, sp, 2
x2 <- 0x00000002


mem[X,0x80022A14] -> 0x006F
mem[X,0x80022A16] -> 0x00C0
[3624] [M]: 0x80022A14 (0x00C0006F) jal zero, 12


mem[X,0x80022A20] -> 0xA423
mem[X,0x80022A22] -> 0x5A20
[3625] [M]: 0x80022A20 (0x5A20A423) sw sp, 1448(ra)
mem[0x80039710] <- 0x00000002


mem[X,0x80022A24] -> 0x6537
mem[X,0x80022A26] -> 0x6666
[3626] [M]: 0x80022A24 (0x66666537) lui a0, 419430
x10 <- 0x66666000


mem[X,0x80022A28] -> 0x0513
mem[X,0x80022A2A] -> 0x6675
[3627] [M]: 0x80022A28 (0x66750513) addi a0, a0, 1639
x10 <- 0x66666667


mem[X,0x80022A2C] -> 0xB5B7
mem[X,0x80022A2E] -> 0x0000
[3628] [M]: 0x80022A2C (0x0000B5B7) lui a1, 11
x11 <- 0x0000B000


mem[X,0x80022A30] -> 0x8593
mem[X,0x80022A32] -> 0x5035
[3629] [M]: 0x80022A30 (0x50358593) addi a1, a1, 1283
x11 <- 0x0000B503


mem[X,0x80022A34] -> 0x0113
mem[X,0x80022A36] -> 0x0000
[3630] [M]: 0x80022A34 (0x00000113) addi sp, zero, 0
x2 <- 0x00000000


mem[X,0x80022A38] -> 0x006F
mem[X,0x80022A3A] -> 0x00C0
[3631] [M]: 0x80022A38 (0x00C0006F) jal zero, 12


mem[X,0x80022A44] -> 0x4063
mem[X,0x80022A46] -> 0x10B5
[3632] [M]: 0x80022A44 (0x10B54063) blt a0, a1, 256


mem[X,0x80022A48] -> 0x0113
mem[X,0x80022A4A] -> 0x0021
[3633] [M]: 0x80022A48 (0x00210113) addi sp, sp, 2
x2 <- 0x00000002


mem[X,0x80022A4C] -> 0x006F
mem[X,0x80022A4E] -> 0x1000
[3634] [M]: 0x80022A4C (0x1000006F) jal zero, 256


mem[X,0x80022B4C] -> 0xA623
mem[X,0x80022B4E] -> 0x5A20
[3635] [M]: 0x80022B4C (0x5A20A623) sw sp, 1452(ra)
mem[0x80039714] <- 0x00000002


mem[X,0x80022B50] -> 0x6537
mem[X,0x80022B52] -> 0x6666
[3636] [M]: 0x80022B50 (0x66666537) lui a0, 419430
x10 <- 0x66666000


mem[X,0x80022B54] -> 0x0513
mem[X,0x80022B56] -> 0x6675
[3637] [M]: 0x80022B54 (0x66750513) addi a0, a0, 1639
x10 <- 0x66666667


mem[X,0x80022B58] -> 0x55B7
mem[X,0x80022B5A] -> 0x5555
[3638] [M]: 0x80022B58 (0x555555B7) lui a1, 349525
x11 <- 0x55555000


mem[X,0x80022B5C] -> 0x8593
mem[X,0x80022B5E] -> 0x5565
[3639] [M]: 0x80022B5C (0x55658593) addi a1, a1, 1366
x11 <- 0x55555556


mem[X,0x80022B60] -> 0x0113
mem[X,0x80022B62] -> 0x0000
[3640] [M]: 0x80022B60 (0x00000113) addi sp, zero, 0
x2 <- 0x00000000


mem[X,0x80022B64] -> 0x006F
mem[X,0x80022B66] -> 0x00C0
[3641] [M]: 0x80022B64 (0x00C0006F) jal zero, 12


mem[X,0x80022B70] -> 0x4063
mem[X,0x80022B72] -> 0x20B5
[3642] [M]: 0x80022B70 (0x20B54063) blt a0, a1, 512


mem[X,0x80022B74] -> 0x0113
mem[X,0x80022B76] -> 0x0021
[3643] [M]: 0x80022B74 (0x00210113) addi sp, sp, 2
x2 <- 0x00000002


mem[X,0x80022B78] -> 0x006F
mem[X,0x80022B7A] -> 0x2000
[3644] [M]: 0x80022B78 (0x2000006F) jal zero, 512


mem[X,0x80022D78] -> 0xA823
mem[X,0x80022D7A] -> 0x5A20
[3645] [M]: 0x80022D78 (0x5A20A823) sw sp, 1456(ra)
mem[0x80039718] <- 0x00000002


mem[X,0x80022D7C] -> 0x6537
mem[X,0x80022D7E] -> 0x6666
[3646] [M]: 0x80022D7C (0x66666537) lui a0, 419430
x10 <- 0x66666000


mem[X,0x80022D80] -> 0x0513
mem[X,0x80022D82] -> 0x6675
[3647] [M]: 0x80022D80 (0x66750513) addi a0, a0, 1639
x10 <- 0x66666667


mem[X,0x80022D84] -> 0xB5B7
mem[X,0x80022D86] -> 0xAAAA
[3648] [M]: 0x80022D84 (0xAAAAB5B7) lui a1, 699051
x11 <- 0xAAAAB000


mem[X,0x80022D88] -> 0x8593
mem[X,0x80022D8A] -> 0xAAB5
[3649] [M]: 0x80022D88 (0xAAB58593) addi a1, a1, 2731
x11 <- 0xAAAAAAAB


mem[X,0x80022D8C] -> 0x0113
mem[X,0x80022D8E] -> 0x0000
[3650] [M]: 0x80022D8C (0x00000113) addi sp, zero, 0
x2 <- 0x00000000


mem[X,0x80022D90] -> 0x006F
mem[X,0x80022D92] -> 0x00C0
[3651] [M]: 0x80022D90 (0x00C0006F) jal zero, 12


mem[X,0x80022D9C] -> 0x4CE3
mem[X,0x80022D9E] -> 0xFEB5
[3652] [M]: 0x80022D9C (0xFEB54CE3) blt a0, a1, 8184


mem[X,0x80022DA0] -> 0x0113
mem[X,0x80022DA2] -> 0x0021
[3653] [M]: 0x80022DA0 (0x00210113) addi sp, sp, 2
x2 <- 0x00000002


mem[X,0x80022DA4] -> 0x006F
mem[X,0x80022DA6] -> 0x00C0
[3654] [M]: 0x80022DA4 (0x00C0006F) jal zero, 12


mem[X,0x80022DB0] -> 0xAA23
mem[X,0x80022DB2] -> 0x5A20
[3655] [M]: 0x80022DB0 (0x5A20AA23) sw sp, 1460(ra)
mem[0x8003971C] <- 0x00000002


mem[X,0x80022DB4] -> 0x6537
mem[X,0x80022DB6] -> 0x6666
[3656] [M]: 0x80022DB4 (0x66666537) lui a0, 419430
x10 <- 0x66666000


mem[X,0x80022DB8] -> 0x0513
mem[X,0x80022DBA] -> 0x6675
[3657] [M]: 0x80022DB8 (0x66750513) addi a0, a0, 1639
x10 <- 0x66666667


mem[X,0x80022DBC] -> 0x0593
mem[X,0x80022DBE] -> 0x0060
[3658] [M]: 0x80022DBC (0x00600593) addi a1, zero, 6
x11 <- 0x00000006


mem[X,0x80022DC0] -> 0x0113
mem[X,0x80022DC2] -> 0x0000
[3659] [M]: 0x80022DC0 (0x00000113) addi sp, zero, 0
x2 <- 0x00000000


mem[X,0x80022DC4] -> 0x006F
mem[X,0x80022DC6] -> 0x00C0
[3660] [M]: 0x80022DC4 (0x00C0006F) jal zero, 12


mem[X,0x80022DD0] -> 0x4663
mem[X,0x80022DD2] -> 0x00B5
[3661] [M]: 0x80022DD0 (0x00B54663) blt a0, a1, 12


mem[X,0x80022DD4] -> 0x0113
mem[X,0x80022DD6] -> 0x0021
[3662] [M]: 0x80022DD4 (0x00210113) addi sp, sp, 2
x2 <- 0x00000002


mem[X,0x80022DD8] -> 0x006F
mem[X,0x80022DDA] -> 0x00C0
[3663] [M]: 0x80022DD8 (0x00C0006F) jal zero, 12


mem[X,0x80022DE4] -> 0xAC23
mem[X,0x80022DE6] -> 0x5A20
[3664] [M]: 0x80022DE4 (0x5A20AC23) sw sp, 1464(ra)
mem[0x80039720] <- 0x00000002


mem[X,0x80022DE8] -> 0x6537
mem[X,0x80022DEA] -> 0x6666
[3665] [M]: 0x80022DE8 (0x66666537) lui a0, 419430
x10 <- 0x66666000


mem[X,0x80022DEC] -> 0x0513
mem[X,0x80022DEE] -> 0x6675
[3666] [M]: 0x80022DEC (0x66750513) addi a0, a0, 1639
x10 <- 0x66666667


mem[X,0x80022DF0] -> 0x35B7
mem[X,0x80022DF2] -> 0x3333
[3667] [M]: 0x80022DF0 (0x333335B7) lui a1, 209715
x11 <- 0x33333000


mem[X,0x80022DF4] -> 0x8593
mem[X,0x80022DF6] -> 0x3345
[3668] [M]: 0x80022DF4 (0x33458593) addi a1, a1, 820
x11 <- 0x33333334


mem[X,0x80022DF8] -> 0x0113
mem[X,0x80022DFA] -> 0x0000
[3669] [M]: 0x80022DF8 (0x00000113) addi sp, zero, 0
x2 <- 0x00000000


mem[X,0x80022DFC] -> 0x006F
mem[X,0x80022DFE] -> 0x0100
[3670] [M]: 0x80022DFC (0x0100006F) jal zero, 16


mem[X,0x80022E0C] -> 0x4AE3
mem[X,0x80022E0E] -> 0xFEB5
[3671] [M]: 0x80022E0C (0xFEB54AE3) blt a0, a1, 8180


mem[X,0x80022E10] -> 0x0113
mem[X,0x80022E12] -> 0x0021
[3672] [M]: 0x80022E10 (0x00210113) addi sp, sp, 2
x2 <- 0x00000002


mem[X,0x80022E14] -> 0x006F
mem[X,0x80022E16] -> 0x00C0
[3673] [M]: 0x80022E14 (0x00C0006F) jal zero, 12


mem[X,0x80022E20] -> 0xAE23
mem[X,0x80022E22] -> 0x5A20
[3674] [M]: 0x80022E20 (0x5A20AE23) sw sp, 1468(ra)
mem[0x80039724] <- 0x00000002


mem[X,0x80022E24] -> 0x6537
mem[X,0x80022E26] -> 0x6666
[3675] [M]: 0x80022E24 (0x66666537) lui a0, 419430
x10 <- 0x66666000


mem[X,0x80022E28] -> 0x0513
mem[X,0x80022E2A] -> 0x6675
[3676] [M]: 0x80022E28 (0x66750513) addi a0, a0, 1639
x10 <- 0x66666667


mem[X,0x80022E2C] -> 0x65B7
mem[X,0x80022E2E] -> 0x6666
[3677] [M]: 0x80022E2C (0x666665B7) lui a1, 419430
x11 <- 0x66666000


mem[X,0x80022E30] -> 0x8593
mem[X,0x80022E32] -> 0x6675
[3678] [M]: 0x80022E30 (0x66758593) addi a1, a1, 1639
x11 <- 0x66666667


mem[X,0x80022E34] -> 0x0113
mem[X,0x80022E36] -> 0x0000
[3679] [M]: 0x80022E34 (0x00000113) addi sp, zero, 0
x2 <- 0x00000000


mem[X,0x80022E38] -> 0x006F
mem[X,0x80022E3A] -> 0x2B10
[3680] [M]: 0x80022E38 (0x2B10006F) jal zero, 2736


mem[X,0x800238E8] -> 0x4A63
mem[X,0x800238EA] -> 0xD4B5
[3681] [M]: 0x800238E8 (0xD4B54A63) blt a0, a1, 5460


mem[X,0x800238EC] -> 0x0113
mem[X,0x800238EE] -> 0x0021
[3682] [M]: 0x800238EC (0x00210113) addi sp, sp, 2
x2 <- 0x00000002


mem[X,0x800238F0] -> 0x006F
mem[X,0x800238F2] -> 0x00C0
[3683] [M]: 0x800238F0 (0x00C0006F) jal zero, 12


mem[X,0x800238FC] -> 0xA023
mem[X,0x800238FE] -> 0x5C20
[3684] [M]: 0x800238FC (0x5C20A023) sw sp, 1472(ra)
mem[0x80039728] <- 0x00000002


mem[X,0x80023900] -> 0x6537
mem[X,0x80023902] -> 0x6666
[3685] [M]: 0x80023900 (0x66666537) lui a0, 419430
x10 <- 0x66666000


mem[X,0x80023904] -> 0x0513
mem[X,0x80023906] -> 0x6675
[3686] [M]: 0x80023904 (0x66750513) addi a0, a0, 1639
x10 <- 0x66666667


mem[X,0x80023908] -> 0x55B7
mem[X,0x8002390A] -> 0xFFFF
[3687] [M]: 0x80023908 (0xFFFF55B7) lui a1, 1048565
x11 <- 0xFFFF5000


mem[X,0x8002390C] -> 0x8593
mem[X,0x8002390E] -> 0xAFD5
[3688] [M]: 0x8002390C (0xAFD58593) addi a1, a1, 2813
x11 <- 0xFFFF4AFD


mem[X,0x80023910] -> 0x0113
mem[X,0x80023912] -> 0x0000
[3689] [M]: 0x80023910 (0x00000113) addi sp, zero, 0
x2 <- 0x00000000


mem[X,0x80023914] -> 0x006F
mem[X,0x80023916] -> 0x00C0
[3690] [M]: 0x80023914 (0x00C0006F) jal zero, 12


mem[X,0x80023920] -> 0x4063
mem[X,0x80023922] -> 0x08B5
[3691] [M]: 0x80023920 (0x08B54063) blt a0, a1, 128


mem[X,0x80023924] -> 0x0113
mem[X,0x80023926] -> 0x0021
[3692] [M]: 0x80023924 (0x00210113) addi sp, sp, 2
x2 <- 0x00000002


mem[X,0x80023928] -> 0x006F
mem[X,0x8002392A] -> 0x0800
[3693] [M]: 0x80023928 (0x0800006F) jal zero, 128


mem[X,0x800239A8] -> 0xA223
mem[X,0x800239AA] -> 0x5C20
[3694] [M]: 0x800239A8 (0x5C20A223) sw sp, 1476(ra)
mem[0x8003972C] <- 0x00000002


mem[X,0x800239AC] -> 0x6537
mem[X,0x800239AE] -> 0x6666
[3695] [M]: 0x800239AC (0x66666537) lui a0, 419430
x10 <- 0x66666000


mem[X,0x800239B0] -> 0x0513
mem[X,0x800239B2] -> 0x6675
[3696] [M]: 0x800239B0 (0x66750513) addi a0, a0, 1639
x10 <- 0x66666667


mem[X,0x800239B4] -> 0xB5B7
mem[X,0x800239B6] -> 0x0000
[3697] [M]: 0x800239B4 (0x0000B5B7) lui a1, 11
x11 <- 0x0000B000


mem[X,0x800239B8] -> 0x8593
mem[X,0x800239BA] -> 0x5055
[3698] [M]: 0x800239B8 (0x50558593) addi a1, a1, 1285
x11 <- 0x0000B505


mem[X,0x800239BC] -> 0x0113
mem[X,0x800239BE] -> 0x0000
[3699] [M]: 0x800239BC (0x00000113) addi sp, zero, 0
x2 <- 0x00000000


clint::tick mtime <- 0x0000000000000025
 clint timer pending at mtime 0x0000000000000025
htif::tick 0x0000000000000000
mem[X,0x800239C0] -> 0x006F
mem[X,0x800239C2] -> 0x00C0
[3700] [M]: 0x800239C0 (0x00C0006F) jal zero, 12


mem[X,0x800239CC] -> 0x4663
mem[X,0x800239CE] -> 0x00B5
[3701] [M]: 0x800239CC (0x00B54663) blt a0, a1, 12


mem[X,0x800239D0] -> 0x0113
mem[X,0x800239D2] -> 0x0021
[3702] [M]: 0x800239D0 (0x00210113) addi sp, sp, 2
x2 <- 0x00000002


mem[X,0x800239D4] -> 0x006F
mem[X,0x800239D6] -> 0x00C0
[3703] [M]: 0x800239D4 (0x00C0006F) jal zero, 12


mem[X,0x800239E0] -> 0xA423
mem[X,0x800239E2] -> 0x5C20
[3704] [M]: 0x800239E0 (0x5C20A423) sw sp, 1480(ra)
mem[0x80039730] <- 0x00000002


mem[X,0x800239E4] -> 0x5537
mem[X,0x800239E6] -> 0xFFFF
[3705] [M]: 0x800239E4 (0xFFFF5537) lui a0, 1048565
x10 <- 0xFFFF5000


mem[X,0x800239E8] -> 0x0513
mem[X,0x800239EA] -> 0xAFD5
[3706] [M]: 0x800239E8 (0xAFD50513) addi a0, a0, 2813
x10 <- 0xFFFF4AFD


mem[X,0x800239EC] -> 0x0593
mem[X,0x800239EE] -> 0x0030
[3707] [M]: 0x800239EC (0x00300593) addi a1, zero, 3
x11 <- 0x00000003


mem[X,0x800239F0] -> 0x0113
mem[X,0x800239F2] -> 0x0000
[3708] [M]: 0x800239F0 (0x00000113) addi sp, zero, 0
x2 <- 0x00000000


mem[X,0x800239F4] -> 0x006F
mem[X,0x800239F6] -> 0x00C0
[3709] [M]: 0x800239F4 (0x00C0006F) jal zero, 12


mem[X,0x80023A00] -> 0x4063
mem[X,0x80023A02] -> 0x02B5
[3710] [M]: 0x80023A00 (0x02B54063) blt a0, a1, 32


mem[X,0x80023A20] -> 0x0113
mem[X,0x80023A22] -> 0x0031
[3711] [M]: 0x80023A20 (0x00310113) addi sp, sp, 3
x2 <- 0x00000003


mem[X,0x80023A24] -> 0x006F
mem[X,0x80023A26] -> 0x0040
[3712] [M]: 0x80023A24 (0x0040006F) jal zero, 4


mem[X,0x80023A28] -> 0xA623
mem[X,0x80023A2A] -> 0x5C20
[3713] [M]: 0x80023A28 (0x5C20A623) sw sp, 1484(ra)
mem[0x80039734] <- 0x00000003


mem[X,0x80023A2C] -> 0x5537
mem[X,0x80023A2E] -> 0xFFFF
[3714] [M]: 0x80023A2C (0xFFFF5537) lui a0, 1048565
x10 <- 0xFFFF5000


mem[X,0x80023A30] -> 0x0513
mem[X,0x80023A32] -> 0xAFD5
[3715] [M]: 0x80023A30 (0xAFD50513) addi a0, a0, 2813
x10 <- 0xFFFF4AFD


mem[X,0x80023A34] -> 0x55B7
mem[X,0x80023A36] -> 0x5555
[3716] [M]: 0x80023A34 (0x555555B7) lui a1, 349525
x11 <- 0x55555000


mem[X,0x80023A38] -> 0x8593
mem[X,0x80023A3A] -> 0x5555
[3717] [M]: 0x80023A38 (0x55558593) addi a1, a1, 1365
x11 <- 0x55555555


mem[X,0x80023A3C] -> 0x0113
mem[X,0x80023A3E] -> 0x0000
[3718] [M]: 0x80023A3C (0x00000113) addi sp, zero, 0
x2 <- 0x00000000


mem[X,0x80023A40] -> 0x006F
mem[X,0x80023A42] -> 0x00C0
[3719] [M]: 0x80023A40 (0x00C0006F) jal zero, 12


mem[X,0x80023A4C] -> 0x4063
mem[X,0x80023A4E] -> 0x08B5
[3720] [M]: 0x80023A4C (0x08B54063) blt a0, a1, 128


mem[X,0x80023ACC] -> 0x0113
mem[X,0x80023ACE] -> 0x0031
[3721] [M]: 0x80023ACC (0x00310113) addi sp, sp, 3
x2 <- 0x00000003


mem[X,0x80023AD0] -> 0x006F
mem[X,0x80023AD2] -> 0x0040
[3722] [M]: 0x80023AD0 (0x0040006F) jal zero, 4


mem[X,0x80023AD4] -> 0xA823
mem[X,0x80023AD6] -> 0x5C20
[3723] [M]: 0x80023AD4 (0x5C20A823) sw sp, 1488(ra)
mem[0x80039738] <- 0x00000003


mem[X,0x80023AD8] -> 0x5537
mem[X,0x80023ADA] -> 0xFFFF
[3724] [M]: 0x80023AD8 (0xFFFF5537) lui a0, 1048565
x10 <- 0xFFFF5000


mem[X,0x80023ADC] -> 0x0513
mem[X,0x80023ADE] -> 0xAFD5
[3725] [M]: 0x80023ADC (0xAFD50513) addi a0, a0, 2813
x10 <- 0xFFFF4AFD


mem[X,0x80023AE0] -> 0xB5B7
mem[X,0x80023AE2] -> 0xAAAA
[3726] [M]: 0x80023AE0 (0xAAAAB5B7) lui a1, 699051
x11 <- 0xAAAAB000


mem[X,0x80023AE4] -> 0x8593
mem[X,0x80023AE6] -> 0xAAA5
[3727] [M]: 0x80023AE4 (0xAAA58593) addi a1, a1, 2730
x11 <- 0xAAAAAAAA


mem[X,0x80023AE8] -> 0x0113
mem[X,0x80023AEA] -> 0x0000
[3728] [M]: 0x80023AE8 (0x00000113) addi sp, zero, 0
x2 <- 0x00000000


mem[X,0x80023AEC] -> 0x006F
mem[X,0x80023AEE] -> 0x2B10
[3729] [M]: 0x80023AEC (0x2B10006F) jal zero, 2736


mem[X,0x8002459C] -> 0x4A63
mem[X,0x8002459E] -> 0xD4B5
[3730] [M]: 0x8002459C (0xD4B54A63) blt a0, a1, 5460


mem[X,0x800245A0] -> 0x0113
mem[X,0x800245A2] -> 0x0021
[3731] [M]: 0x800245A0 (0x00210113) addi sp, sp, 2
x2 <- 0x00000002


mem[X,0x800245A4] -> 0x006F
mem[X,0x800245A6] -> 0x00C0
[3732] [M]: 0x800245A4 (0x00C0006F) jal zero, 12


mem[X,0x800245B0] -> 0xAA23
mem[X,0x800245B2] -> 0x5C20
[3733] [M]: 0x800245B0 (0x5C20AA23) sw sp, 1492(ra)
mem[0x8003973C] <- 0x00000002


mem[X,0x800245B4] -> 0x5537
mem[X,0x800245B6] -> 0xFFFF
[3734] [M]: 0x800245B4 (0xFFFF5537) lui a0, 1048565
x10 <- 0xFFFF5000


mem[X,0x800245B8] -> 0x0513
mem[X,0x800245BA] -> 0xAFD5
[3735] [M]: 0x800245B8 (0xAFD50513) addi a0, a0, 2813
x10 <- 0xFFFF4AFD


mem[X,0x800245BC] -> 0x0593
mem[X,0x800245BE] -> 0x0050
[3736] [M]: 0x800245BC (0x00500593) addi a1, zero, 5
x11 <- 0x00000005


mem[X,0x800245C0] -> 0x0113
mem[X,0x800245C2] -> 0x0000
[3737] [M]: 0x800245C0 (0x00000113) addi sp, zero, 0
x2 <- 0x00000000


mem[X,0x800245C4] -> 0x006F
mem[X,0x800245C6] -> 0x0100
[3738] [M]: 0x800245C4 (0x0100006F) jal zero, 16


mem[X,0x800245D4] -> 0x4AE3
mem[X,0x800245D6] -> 0xFEB5
[3739] [M]: 0x800245D4 (0xFEB54AE3) blt a0, a1, 8180


mem[X,0x800245C8] -> 0x0113
mem[X,0x800245CA] -> 0x0011
[3740] [M]: 0x800245C8 (0x00110113) addi sp, sp, 1
x2 <- 0x00000001


mem[X,0x800245CC] -> 0x006F
mem[X,0x800245CE] -> 0x01C0
[3741] [M]: 0x800245CC (0x01C0006F) jal zero, 28


mem[X,0x800245E8] -> 0xAC23
mem[X,0x800245EA] -> 0x5C20
[3742] [M]: 0x800245E8 (0x5C20AC23) sw sp, 1496(ra)
mem[0x80039740] <- 0x00000001


mem[X,0x800245EC] -> 0x5537
mem[X,0x800245EE] -> 0xFFFF
[3743] [M]: 0x800245EC (0xFFFF5537) lui a0, 1048565
x10 <- 0xFFFF5000


mem[X,0x800245F0] -> 0x0513
mem[X,0x800245F2] -> 0xAFD5
[3744] [M]: 0x800245F0 (0xAFD50513) addi a0, a0, 2813
x10 <- 0xFFFF4AFD


mem[X,0x800245F4] -> 0x35B7
mem[X,0x800245F6] -> 0x3333
[3745] [M]: 0x800245F4 (0x333335B7) lui a1, 209715
x11 <- 0x33333000


mem[X,0x800245F8] -> 0x8593
mem[X,0x800245FA] -> 0x3335
[3746] [M]: 0x800245F8 (0x33358593) addi a1, a1, 819
x11 <- 0x33333333


mem[X,0x800245FC] -> 0x0113
mem[X,0x800245FE] -> 0x0000
[3747] [M]: 0x800245FC (0x00000113) addi sp, zero, 0
x2 <- 0x00000000


mem[X,0x80024600] -> 0x006F
mem[X,0x80024602] -> 0x00C0
[3748] [M]: 0x80024600 (0x00C0006F) jal zero, 12


mem[X,0x8002460C] -> 0x4063
mem[X,0x8002460E] -> 0x10B5
[3749] [M]: 0x8002460C (0x10B54063) blt a0, a1, 256


mem[X,0x8002470C] -> 0x0113
mem[X,0x8002470E] -> 0x0031
[3750] [M]: 0x8002470C (0x00310113) addi sp, sp, 3
x2 <- 0x00000003


mem[X,0x80024710] -> 0x006F
mem[X,0x80024712] -> 0x0040
[3751] [M]: 0x80024710 (0x0040006F) jal zero, 4


mem[X,0x80024714] -> 0xAE23
mem[X,0x80024716] -> 0x5C20
[3752] [M]: 0x80024714 (0x5C20AE23) sw sp, 1500(ra)
mem[0x80039744] <- 0x00000003


mem[X,0x80024718] -> 0x5537
mem[X,0x8002471A] -> 0xFFFF
[3753] [M]: 0x80024718 (0xFFFF5537) lui a0, 1048565
x10 <- 0xFFFF5000


mem[X,0x8002471C] -> 0x0513
mem[X,0x8002471E] -> 0xAFD5
[3754] [M]: 0x8002471C (0xAFD50513) addi a0, a0, 2813
x10 <- 0xFFFF4AFD


mem[X,0x80024720] -> 0x65B7
mem[X,0x80024722] -> 0x6666
[3755] [M]: 0x80024720 (0x666665B7) lui a1, 419430
x11 <- 0x66666000


mem[X,0x80024724] -> 0x8593
mem[X,0x80024726] -> 0x6665
[3756] [M]: 0x80024724 (0x66658593) addi a1, a1, 1638
x11 <- 0x66666666


mem[X,0x80024728] -> 0x0113
mem[X,0x8002472A] -> 0x0000
[3757] [M]: 0x80024728 (0x00000113) addi sp, zero, 0
x2 <- 0x00000000


mem[X,0x8002472C] -> 0x006F
mem[X,0x8002472E] -> 0x0100
[3758] [M]: 0x8002472C (0x0100006F) jal zero, 16


mem[X,0x8002473C] -> 0x4AE3
mem[X,0x8002473E] -> 0xFEB5
[3759] [M]: 0x8002473C (0xFEB54AE3) blt a0, a1, 8180


mem[X,0x80024730] -> 0x0113
mem[X,0x80024732] -> 0x0011
[3760] [M]: 0x80024730 (0x00110113) addi sp, sp, 1
x2 <- 0x00000001


mem[X,0x80024734] -> 0x006F
mem[X,0x80024736] -> 0x01C0
[3761] [M]: 0x80024734 (0x01C0006F) jal zero, 28


mem[X,0x80024750] -> 0xA023
mem[X,0x80024752] -> 0x5E20
[3762] [M]: 0x80024750 (0x5E20A023) sw sp, 1504(ra)
mem[0x80039748] <- 0x00000001


mem[X,0x80024754] -> 0x5537
mem[X,0x80024756] -> 0xFFFF
[3763] [M]: 0x80024754 (0xFFFF5537) lui a0, 1048565
x10 <- 0xFFFF5000


mem[X,0x80024758] -> 0x0513
mem[X,0x8002475A] -> 0xAFD5
[3764] [M]: 0x80024758 (0xAFD50513) addi a0, a0, 2813
x10 <- 0xFFFF4AFD


mem[X,0x8002475C] -> 0x55B7
mem[X,0x8002475E] -> 0xFFFF
[3765] [M]: 0x8002475C (0xFFFF55B7) lui a1, 1048565
x11 <- 0xFFFF5000


mem[X,0x80024760] -> 0x8593
mem[X,0x80024762] -> 0xAFC5
[3766] [M]: 0x80024760 (0xAFC58593) addi a1, a1, 2812
x11 <- 0xFFFF4AFC


mem[X,0x80024764] -> 0x0113
mem[X,0x80024766] -> 0x0000
[3767] [M]: 0x80024764 (0x00000113) addi sp, zero, 0
x2 <- 0x00000000


mem[X,0x80024768] -> 0x006F
mem[X,0x8002476A] -> 0x2B10
[3768] [M]: 0x80024768 (0x2B10006F) jal zero, 2736


mem[X,0x80025218] -> 0x4A63
mem[X,0x8002521A] -> 0xD4B5
[3769] [M]: 0x80025218 (0xD4B54A63) blt a0, a1, 5460


mem[X,0x8002521C] -> 0x0113
mem[X,0x8002521E] -> 0x0021
[3770] [M]: 0x8002521C (0x00210113) addi sp, sp, 2
x2 <- 0x00000002


mem[X,0x80025220] -> 0x006F
mem[X,0x80025222] -> 0x00C0
[3771] [M]: 0x80025220 (0x00C0006F) jal zero, 12


mem[X,0x8002522C] -> 0xA223
mem[X,0x8002522E] -> 0x5E20
[3772] [M]: 0x8002522C (0x5E20A223) sw sp, 1508(ra)
mem[0x8003974C] <- 0x00000002


mem[X,0x80025230] -> 0x5537
mem[X,0x80025232] -> 0xFFFF
[3773] [M]: 0x80025230 (0xFFFF5537) lui a0, 1048565
x10 <- 0xFFFF5000


mem[X,0x80025234] -> 0x0513
mem[X,0x80025236] -> 0xAFD5
[3774] [M]: 0x80025234 (0xAFD50513) addi a0, a0, 2813
x10 <- 0xFFFF4AFD


mem[X,0x80025238] -> 0xB5B7
mem[X,0x8002523A] -> 0x0000
[3775] [M]: 0x80025238 (0x0000B5B7) lui a1, 11
x11 <- 0x0000B000


mem[X,0x8002523C] -> 0x8593
mem[X,0x8002523E] -> 0x5045
[3776] [M]: 0x8002523C (0x50458593) addi a1, a1, 1284
x11 <- 0x0000B504


mem[X,0x80025240] -> 0x0113
mem[X,0x80025242] -> 0x0000
[3777] [M]: 0x80025240 (0x00000113) addi sp, zero, 0
x2 <- 0x00000000


mem[X,0x80025244] -> 0x006F
mem[X,0x80025246] -> 0x00C0
[3778] [M]: 0x80025244 (0x00C0006F) jal zero, 12


mem[X,0x80025250] -> 0x4663
mem[X,0x80025252] -> 0x00B5
[3779] [M]: 0x80025250 (0x00B54663) blt a0, a1, 12


mem[X,0x8002525C] -> 0x0113
mem[X,0x8002525E] -> 0x0031
[3780] [M]: 0x8002525C (0x00310113) addi sp, sp, 3
x2 <- 0x00000003


mem[X,0x80025260] -> 0x006F
mem[X,0x80025262] -> 0x0040
[3781] [M]: 0x80025260 (0x0040006F) jal zero, 4


mem[X,0x80025264] -> 0xA423
mem[X,0x80025266] -> 0x5E20
[3782] [M]: 0x80025264 (0x5E20A423) sw sp, 1512(ra)
mem[0x80039750] <- 0x00000003


mem[X,0x80025268] -> 0x5537
mem[X,0x8002526A] -> 0xFFFF
[3783] [M]: 0x80025268 (0xFFFF5537) lui a0, 1048565
x10 <- 0xFFFF5000


mem[X,0x8002526C] -> 0x0513
mem[X,0x8002526E] -> 0xAFD5
[3784] [M]: 0x8002526C (0xAFD50513) addi a0, a0, 2813
x10 <- 0xFFFF4AFD


mem[X,0x80025270] -> 0x0593
mem[X,0x80025272] -> 0x0020
[3785] [M]: 0x80025270 (0x00200593) addi a1, zero, 2
x11 <- 0x00000002


mem[X,0x80025274] -> 0x0113
mem[X,0x80025276] -> 0x0000
[3786] [M]: 0x80025274 (0x00000113) addi sp, zero, 0
x2 <- 0x00000000


mem[X,0x80025278] -> 0x006F
mem[X,0x8002527A] -> 0x00C0
[3787] [M]: 0x80025278 (0x00C0006F) jal zero, 12


mem[X,0x80025284] -> 0x4063
mem[X,0x80025286] -> 0x04B5
[3788] [M]: 0x80025284 (0x04B54063) blt a0, a1, 64


mem[X,0x800252C4] -> 0x0113
mem[X,0x800252C6] -> 0x0031
[3789] [M]: 0x800252C4 (0x00310113) addi sp, sp, 3
x2 <- 0x00000003


mem[X,0x800252C8] -> 0x006F
mem[X,0x800252CA] -> 0x0040
[3790] [M]: 0x800252C8 (0x0040006F) jal zero, 4


mem[X,0x800252CC] -> 0xA623
mem[X,0x800252CE] -> 0x5E20
[3791] [M]: 0x800252CC (0x5E20A623) sw sp, 1516(ra)
mem[0x80039754] <- 0x00000003


mem[X,0x800252D0] -> 0x5537
mem[X,0x800252D2] -> 0xFFFF
[3792] [M]: 0x800252D0 (0xFFFF5537) lui a0, 1048565
x10 <- 0xFFFF5000


mem[X,0x800252D4] -> 0x0513
mem[X,0x800252D6] -> 0xAFD5
[3793] [M]: 0x800252D4 (0xAFD50513) addi a0, a0, 2813
x10 <- 0xFFFF4AFD


mem[X,0x800252D8] -> 0x55B7
mem[X,0x800252DA] -> 0x5555
[3794] [M]: 0x800252D8 (0x555555B7) lui a1, 349525
x11 <- 0x55555000


mem[X,0x800252DC] -> 0x8593
mem[X,0x800252DE] -> 0x5545
[3795] [M]: 0x800252DC (0x55458593) addi a1, a1, 1364
x11 <- 0x55555554


mem[X,0x800252E0] -> 0x0113
mem[X,0x800252E2] -> 0x0000
[3796] [M]: 0x800252E0 (0x00000113) addi sp, zero, 0
x2 <- 0x00000000


mem[X,0x800252E4] -> 0x006F
mem[X,0x800252E6] -> 0x00C0
[3797] [M]: 0x800252E4 (0x00C0006F) jal zero, 12


mem[X,0x800252F0] -> 0x4CE3
mem[X,0x800252F2] -> 0xFEB5
[3798] [M]: 0x800252F0 (0xFEB54CE3) blt a0, a1, 8184


mem[X,0x800252E8] -> 0x0113
mem[X,0x800252EA] -> 0x0011
[3799] [M]: 0x800252E8 (0x00110113) addi sp, sp, 1
x2 <- 0x00000001


clint::tick mtime <- 0x0000000000000026
 clint timer pending at mtime 0x0000000000000026
htif::tick 0x0000000000000000
mem[X,0x800252EC] -> 0x006F
mem[X,0x800252EE] -> 0x0180
[3800] [M]: 0x800252EC (0x0180006F) jal zero, 24


mem[X,0x80025304] -> 0xA823
mem[X,0x80025306] -> 0x5E20
[3801] [M]: 0x80025304 (0x5E20A823) sw sp, 1520(ra)
mem[0x80039758] <- 0x00000001


mem[X,0x80025308] -> 0x5537
mem[X,0x8002530A] -> 0xFFFF
[3802] [M]: 0x80025308 (0xFFFF5537) lui a0, 1048565
x10 <- 0xFFFF5000


mem[X,0x8002530C] -> 0x0513
mem[X,0x8002530E] -> 0xAFD5
[3803] [M]: 0x8002530C (0xAFD50513) addi a0, a0, 2813
x10 <- 0xFFFF4AFD


mem[X,0x80025310] -> 0x0593
mem[X,0x80025312] -> 0x0000
[3804] [M]: 0x80025310 (0x00000593) addi a1, zero, 0
x11 <- 0x00000000


mem[X,0x80025314] -> 0x0113
mem[X,0x80025316] -> 0x0000
[3805] [M]: 0x80025314 (0x00000113) addi sp, zero, 0
x2 <- 0x00000000


mem[X,0x80025318] -> 0x006F
mem[X,0x8002531A] -> 0x00C0
[3806] [M]: 0x80025318 (0x00C0006F) jal zero, 12


mem[X,0x80025324] -> 0x4CE3
mem[X,0x80025326] -> 0xFEB5
[3807] [M]: 0x80025324 (0xFEB54CE3) blt a0, a1, 8184


mem[X,0x8002531C] -> 0x0113
mem[X,0x8002531E] -> 0x0011
[3808] [M]: 0x8002531C (0x00110113) addi sp, sp, 1
x2 <- 0x00000001


mem[X,0x80025320] -> 0x006F
mem[X,0x80025322] -> 0x0180
[3809] [M]: 0x80025320 (0x0180006F) jal zero, 24


mem[X,0x80025338] -> 0xAA23
mem[X,0x8002533A] -> 0x5E20
[3810] [M]: 0x80025338 (0x5E20AA23) sw sp, 1524(ra)
mem[0x8003975C] <- 0x00000001


mem[X,0x8002533C] -> 0x5537
mem[X,0x8002533E] -> 0xFFFF
[3811] [M]: 0x8002533C (0xFFFF5537) lui a0, 1048565
x10 <- 0xFFFF5000


mem[X,0x80025340] -> 0x0513
mem[X,0x80025342] -> 0xAFD5
[3812] [M]: 0x80025340 (0xAFD50513) addi a0, a0, 2813
x10 <- 0xFFFF4AFD


mem[X,0x80025344] -> 0x0593
mem[X,0x80025346] -> 0x0040
[3813] [M]: 0x80025344 (0x00400593) addi a1, zero, 4
x11 <- 0x00000004


mem[X,0x80025348] -> 0x0113
mem[X,0x8002534A] -> 0x0000
[3814] [M]: 0x80025348 (0x00000113) addi sp, zero, 0
x2 <- 0x00000000


mem[X,0x8002534C] -> 0x006F
mem[X,0x8002534E] -> 0x2B10
[3815] [M]: 0x8002534C (0x2B10006F) jal zero, 2736


mem[X,0x80025DFC] -> 0x4A63
mem[X,0x80025DFE] -> 0xD4B5
[3816] [M]: 0x80025DFC (0xD4B54A63) blt a0, a1, 5460


mem[X,0x80025350] -> 0x0113
mem[X,0x80025352] -> 0x0011
[3817] [M]: 0x80025350 (0x00110113) addi sp, sp, 1
x2 <- 0x00000001


mem[X,0x80025354] -> 0x006F
mem[X,0x80025356] -> 0x2BD0
[3818] [M]: 0x80025354 (0x2BD0006F) jal zero, 2748


mem[X,0x80025E10] -> 0xAC23
mem[X,0x80025E12] -> 0x5E20
[3819] [M]: 0x80025E10 (0x5E20AC23) sw sp, 1528(ra)
mem[0x80039760] <- 0x00000001


mem[X,0x80025E14] -> 0x5537
mem[X,0x80025E16] -> 0xFFFF
[3820] [M]: 0x80025E14 (0xFFFF5537) lui a0, 1048565
x10 <- 0xFFFF5000


mem[X,0x80025E18] -> 0x0513
mem[X,0x80025E1A] -> 0xAFD5
[3821] [M]: 0x80025E18 (0xAFD50513) addi a0, a0, 2813
x10 <- 0xFFFF4AFD


mem[X,0x80025E1C] -> 0x35B7
mem[X,0x80025E1E] -> 0x3333
[3822] [M]: 0x80025E1C (0x333335B7) lui a1, 209715
x11 <- 0x33333000


mem[X,0x80025E20] -> 0x8593
mem[X,0x80025E22] -> 0x3325
[3823] [M]: 0x80025E20 (0x33258593) addi a1, a1, 818
x11 <- 0x33333332


mem[X,0x80025E24] -> 0x0113
mem[X,0x80025E26] -> 0x0000
[3824] [M]: 0x80025E24 (0x00000113) addi sp, zero, 0
x2 <- 0x00000000


mem[X,0x80025E28] -> 0x006F
mem[X,0x80025E2A] -> 0x00C0
[3825] [M]: 0x80025E28 (0x00C0006F) jal zero, 12


mem[X,0x80025E34] -> 0x4663
mem[X,0x80025E36] -> 0x00B5
[3826] [M]: 0x80025E34 (0x00B54663) blt a0, a1, 12


mem[X,0x80025E40] -> 0x0113
mem[X,0x80025E42] -> 0x0031
[3827] [M]: 0x80025E40 (0x00310113) addi sp, sp, 3
x2 <- 0x00000003


mem[X,0x80025E44] -> 0x006F
mem[X,0x80025E46] -> 0x0040
[3828] [M]: 0x80025E44 (0x0040006F) jal zero, 4


mem[X,0x80025E48] -> 0xAE23
mem[X,0x80025E4A] -> 0x5E20
[3829] [M]: 0x80025E48 (0x5E20AE23) sw sp, 1532(ra)
mem[0x80039764] <- 0x00000003


mem[X,0x80025E4C] -> 0x5537
mem[X,0x80025E4E] -> 0xFFFF
[3830] [M]: 0x80025E4C (0xFFFF5537) lui a0, 1048565
x10 <- 0xFFFF5000


mem[X,0x80025E50] -> 0x0513
mem[X,0x80025E52] -> 0xAFD5
[3831] [M]: 0x80025E50 (0xAFD50513) addi a0, a0, 2813
x10 <- 0xFFFF4AFD


mem[X,0x80025E54] -> 0x65B7
mem[X,0x80025E56] -> 0x6666
[3832] [M]: 0x80025E54 (0x666665B7) lui a1, 419430
x11 <- 0x66666000


mem[X,0x80025E58] -> 0x8593
mem[X,0x80025E5A] -> 0x6655
[3833] [M]: 0x80025E58 (0x66558593) addi a1, a1, 1637
x11 <- 0x66666665


mem[X,0x80025E5C] -> 0x0113
mem[X,0x80025E5E] -> 0x0000
[3834] [M]: 0x80025E5C (0x00000113) addi sp, zero, 0
x2 <- 0x00000000


mem[X,0x80025E60] -> 0x006F
mem[X,0x80025E62] -> 0x00C0
[3835] [M]: 0x80025E60 (0x00C0006F) jal zero, 12


mem[X,0x80025E6C] -> 0x4663
mem[X,0x80025E6E] -> 0x00B5
[3836] [M]: 0x80025E6C (0x00B54663) blt a0, a1, 12


mem[X,0x80025E78] -> 0x0113
mem[X,0x80025E7A] -> 0x0031
[3837] [M]: 0x80025E78 (0x00310113) addi sp, sp, 3
x2 <- 0x00000003


mem[X,0x80025E7C] -> 0x006F
mem[X,0x80025E7E] -> 0x0040
[3838] [M]: 0x80025E7C (0x0040006F) jal zero, 4


mem[X,0x80025E80] -> 0xA023
mem[X,0x80025E82] -> 0x6020
[3839] [M]: 0x80025E80 (0x6020A023) sw sp, 1536(ra)
mem[0x80039768] <- 0x00000003


mem[X,0x80025E84] -> 0x5537
mem[X,0x80025E86] -> 0xFFFF
[3840] [M]: 0x80025E84 (0xFFFF5537) lui a0, 1048565
x10 <- 0xFFFF5000


mem[X,0x80025E88] -> 0x0513
mem[X,0x80025E8A] -> 0xAFD5
[3841] [M]: 0x80025E88 (0xAFD50513) addi a0, a0, 2813
x10 <- 0xFFFF4AFD


mem[X,0x80025E8C] -> 0xB5B7
mem[X,0x80025E8E] -> 0x0000
[3842] [M]: 0x80025E8C (0x0000B5B7) lui a1, 11
x11 <- 0x0000B000


mem[X,0x80025E90] -> 0x8593
mem[X,0x80025E92] -> 0x5035
[3843] [M]: 0x80025E90 (0x50358593) addi a1, a1, 1283
x11 <- 0x0000B503


mem[X,0x80025E94] -> 0x0113
mem[X,0x80025E96] -> 0x0000
[3844] [M]: 0x80025E94 (0x00000113) addi sp, zero, 0
x2 <- 0x00000000


mem[X,0x80025E98] -> 0x006F
mem[X,0x80025E9A] -> 0x00C0
[3845] [M]: 0x80025E98 (0x00C0006F) jal zero, 12


mem[X,0x80025EA4] -> 0x4CE3
mem[X,0x80025EA6] -> 0xFEB5
[3846] [M]: 0x80025EA4 (0xFEB54CE3) blt a0, a1, 8184


mem[X,0x80025E9C] -> 0x0113
mem[X,0x80025E9E] -> 0x0011
[3847] [M]: 0x80025E9C (0x00110113) addi sp, sp, 1
x2 <- 0x00000001


mem[X,0x80025EA0] -> 0x006F
mem[X,0x80025EA2] -> 0x0180
[3848] [M]: 0x80025EA0 (0x0180006F) jal zero, 24


mem[X,0x80025EB8] -> 0xA223
mem[X,0x80025EBA] -> 0x6020
[3849] [M]: 0x80025EB8 (0x6020A223) sw sp, 1540(ra)
mem[0x8003976C] <- 0x00000001


mem[X,0x80025EBC] -> 0x5537
mem[X,0x80025EBE] -> 0xFFFF
[3850] [M]: 0x80025EBC (0xFFFF5537) lui a0, 1048565
x10 <- 0xFFFF5000


mem[X,0x80025EC0] -> 0x0513
mem[X,0x80025EC2] -> 0xAFD5
[3851] [M]: 0x80025EC0 (0xAFD50513) addi a0, a0, 2813
x10 <- 0xFFFF4AFD


mem[X,0x80025EC4] -> 0x55B7
mem[X,0x80025EC6] -> 0x5555
[3852] [M]: 0x80025EC4 (0x555555B7) lui a1, 349525
x11 <- 0x55555000


mem[X,0x80025EC8] -> 0x8593
mem[X,0x80025ECA] -> 0x5565
[3853] [M]: 0x80025EC8 (0x55658593) addi a1, a1, 1366
x11 <- 0x55555556


mem[X,0x80025ECC] -> 0x0113
mem[X,0x80025ECE] -> 0x0000
[3854] [M]: 0x80025ECC (0x00000113) addi sp, zero, 0
x2 <- 0x00000000


mem[X,0x80025ED0] -> 0x006F
mem[X,0x80025ED2] -> 0x00C0
[3855] [M]: 0x80025ED0 (0x00C0006F) jal zero, 12


mem[X,0x80025EDC] -> 0x4663
mem[X,0x80025EDE] -> 0x00B5
[3856] [M]: 0x80025EDC (0x00B54663) blt a0, a1, 12


mem[X,0x80025EE8] -> 0x0113
mem[X,0x80025EEA] -> 0x0031
[3857] [M]: 0x80025EE8 (0x00310113) addi sp, sp, 3
x2 <- 0x00000003


mem[X,0x80025EEC] -> 0x006F
mem[X,0x80025EEE] -> 0x0040
[3858] [M]: 0x80025EEC (0x0040006F) jal zero, 4


mem[X,0x80025EF0] -> 0xA423
mem[X,0x80025EF2] -> 0x6020
[3859] [M]: 0x80025EF0 (0x6020A423) sw sp, 1544(ra)
mem[0x80039770] <- 0x00000003


mem[X,0x80025EF4] -> 0x5537
mem[X,0x80025EF6] -> 0xFFFF
[3860] [M]: 0x80025EF4 (0xFFFF5537) lui a0, 1048565
x10 <- 0xFFFF5000


mem[X,0x80025EF8] -> 0x0513
mem[X,0x80025EFA] -> 0xAFD5
[3861] [M]: 0x80025EF8 (0xAFD50513) addi a0, a0, 2813
x10 <- 0xFFFF4AFD


mem[X,0x80025EFC] -> 0xB5B7
mem[X,0x80025EFE] -> 0xAAAA
[3862] [M]: 0x80025EFC (0xAAAAB5B7) lui a1, 699051
x11 <- 0xAAAAB000


mem[X,0x80025F00] -> 0x8593
mem[X,0x80025F02] -> 0xAAB5
[3863] [M]: 0x80025F00 (0xAAB58593) addi a1, a1, 2731
x11 <- 0xAAAAAAAB


mem[X,0x80025F04] -> 0x0113
mem[X,0x80025F06] -> 0x0000
[3864] [M]: 0x80025F04 (0x00000113) addi sp, zero, 0
x2 <- 0x00000000


mem[X,0x80025F08] -> 0x006F
mem[X,0x80025F0A] -> 0x2B10
[3865] [M]: 0x80025F08 (0x2B10006F) jal zero, 2736


mem[X,0x800269B8] -> 0x4A63
mem[X,0x800269BA] -> 0xD4B5
[3866] [M]: 0x800269B8 (0xD4B54A63) blt a0, a1, 5460


mem[X,0x800269BC] -> 0x0113
mem[X,0x800269BE] -> 0x0021
[3867] [M]: 0x800269BC (0x00210113) addi sp, sp, 2
x2 <- 0x00000002


mem[X,0x800269C0] -> 0x006F
mem[X,0x800269C2] -> 0x00C0
[3868] [M]: 0x800269C0 (0x00C0006F) jal zero, 12


mem[X,0x800269CC] -> 0xA623
mem[X,0x800269CE] -> 0x6020
[3869] [M]: 0x800269CC (0x6020A623) sw sp, 1548(ra)
mem[0x80039774] <- 0x00000002


mem[X,0x800269D0] -> 0x5537
mem[X,0x800269D2] -> 0xFFFF
[3870] [M]: 0x800269D0 (0xFFFF5537) lui a0, 1048565
x10 <- 0xFFFF5000


mem[X,0x800269D4] -> 0x0513
mem[X,0x800269D6] -> 0xAFD5
[3871] [M]: 0x800269D4 (0xAFD50513) addi a0, a0, 2813
x10 <- 0xFFFF4AFD


mem[X,0x800269D8] -> 0x0593
mem[X,0x800269DA] -> 0x0060
[3872] [M]: 0x800269D8 (0x00600593) addi a1, zero, 6
x11 <- 0x00000006


mem[X,0x800269DC] -> 0x0113
mem[X,0x800269DE] -> 0x0000
[3873] [M]: 0x800269DC (0x00000113) addi sp, zero, 0
x2 <- 0x00000000


mem[X,0x800269E0] -> 0x006F
mem[X,0x800269E2] -> 0x00C0
[3874] [M]: 0x800269E0 (0x00C0006F) jal zero, 12


mem[X,0x800269EC] -> 0x4063
mem[X,0x800269EE] -> 0x20B5
[3875] [M]: 0x800269EC (0x20B54063) blt a0, a1, 512


mem[X,0x80026BEC] -> 0x0113
mem[X,0x80026BEE] -> 0x0031
[3876] [M]: 0x80026BEC (0x00310113) addi sp, sp, 3
x2 <- 0x00000003


mem[X,0x80026BF0] -> 0x006F
mem[X,0x80026BF2] -> 0x0040
[3877] [M]: 0x80026BF0 (0x0040006F) jal zero, 4


mem[X,0x80026BF4] -> 0xA823
mem[X,0x80026BF6] -> 0x6020
[3878] [M]: 0x80026BF4 (0x6020A823) sw sp, 1552(ra)
mem[0x80039778] <- 0x00000003


mem[X,0x80026BF8] -> 0x5537
mem[X,0x80026BFA] -> 0xFFFF
[3879] [M]: 0x80026BF8 (0xFFFF5537) lui a0, 1048565
x10 <- 0xFFFF5000


mem[X,0x80026BFC] -> 0x0513
mem[X,0x80026BFE] -> 0xAFD5
[3880] [M]: 0x80026BFC (0xAFD50513) addi a0, a0, 2813
x10 <- 0xFFFF4AFD


mem[X,0x80026C00] -> 0x35B7
mem[X,0x80026C02] -> 0x3333
[3881] [M]: 0x80026C00 (0x333335B7) lui a1, 209715
x11 <- 0x33333000


mem[X,0x80026C04] -> 0x8593
mem[X,0x80026C06] -> 0x3345
[3882] [M]: 0x80026C04 (0x33458593) addi a1, a1, 820
x11 <- 0x33333334


mem[X,0x80026C08] -> 0x0113
mem[X,0x80026C0A] -> 0x0000
[3883] [M]: 0x80026C08 (0x00000113) addi sp, zero, 0
x2 <- 0x00000000


mem[X,0x80026C0C] -> 0x006F
mem[X,0x80026C0E] -> 0x00C0
[3884] [M]: 0x80026C0C (0x00C0006F) jal zero, 12


mem[X,0x80026C18] -> 0x4663
mem[X,0x80026C1A] -> 0x00B5
[3885] [M]: 0x80026C18 (0x00B54663) blt a0, a1, 12


mem[X,0x80026C24] -> 0x0113
mem[X,0x80026C26] -> 0x0031
[3886] [M]: 0x80026C24 (0x00310113) addi sp, sp, 3
x2 <- 0x00000003


mem[X,0x80026C28] -> 0x006F
mem[X,0x80026C2A] -> 0x0040
[3887] [M]: 0x80026C28 (0x0040006F) jal zero, 4


mem[X,0x80026C2C] -> 0xAA23
mem[X,0x80026C2E] -> 0x6020
[3888] [M]: 0x80026C2C (0x6020AA23) sw sp, 1556(ra)
mem[0x8003977C] <- 0x00000003


mem[X,0x80026C30] -> 0x5537
mem[X,0x80026C32] -> 0xFFFF
[3889] [M]: 0x80026C30 (0xFFFF5537) lui a0, 1048565
x10 <- 0xFFFF5000


mem[X,0x80026C34] -> 0x0513
mem[X,0x80026C36] -> 0xAFD5
[3890] [M]: 0x80026C34 (0xAFD50513) addi a0, a0, 2813
x10 <- 0xFFFF4AFD


mem[X,0x80026C38] -> 0x65B7
mem[X,0x80026C3A] -> 0x6666
[3891] [M]: 0x80026C38 (0x666665B7) lui a1, 419430
x11 <- 0x66666000


mem[X,0x80026C3C] -> 0x8593
mem[X,0x80026C3E] -> 0x6675
[3892] [M]: 0x80026C3C (0x66758593) addi a1, a1, 1639
x11 <- 0x66666667


mem[X,0x80026C40] -> 0x0113
mem[X,0x80026C42] -> 0x0000
[3893] [M]: 0x80026C40 (0x00000113) addi sp, zero, 0
x2 <- 0x00000000


mem[X,0x80026C44] -> 0x006F
mem[X,0x80026C46] -> 0x00C0
[3894] [M]: 0x80026C44 (0x00C0006F) jal zero, 12


mem[X,0x80026C50] -> 0x4863
mem[X,0x80026C52] -> 0x00B5
[3895] [M]: 0x80026C50 (0x00B54863) blt a0, a1, 16


mem[X,0x80026C60] -> 0x0113
mem[X,0x80026C62] -> 0x0031
[3896] [M]: 0x80026C60 (0x00310113) addi sp, sp, 3
x2 <- 0x00000003


mem[X,0x80026C64] -> 0x006F
mem[X,0x80026C66] -> 0x0040
[3897] [M]: 0x80026C64 (0x0040006F) jal zero, 4


mem[X,0x80026C68] -> 0xAC23
mem[X,0x80026C6A] -> 0x6020
[3898] [M]: 0x80026C68 (0x6020AC23) sw sp, 1560(ra)
mem[0x80039780] <- 0x00000003


mem[X,0x80026C6C] -> 0x5537
mem[X,0x80026C6E] -> 0xFFFF
[3899] [M]: 0x80026C6C (0xFFFF5537) lui a0, 1048565
x10 <- 0xFFFF5000


clint::tick mtime <- 0x0000000000000027
 clint timer pending at mtime 0x0000000000000027
htif::tick 0x0000000000000000
mem[X,0x80026C70] -> 0x0513
mem[X,0x80026C72] -> 0xAFD5
[3900] [M]: 0x80026C70 (0xAFD50513) addi a0, a0, 2813
x10 <- 0xFFFF4AFD


mem[X,0x80026C74] -> 0x55B7
mem[X,0x80026C76] -> 0xFFFF
[3901] [M]: 0x80026C74 (0xFFFF55B7) lui a1, 1048565
x11 <- 0xFFFF5000


mem[X,0x80026C78] -> 0x8593
mem[X,0x80026C7A] -> 0xAFD5
[3902] [M]: 0x80026C78 (0xAFD58593) addi a1, a1, 2813
x11 <- 0xFFFF4AFD


mem[X,0x80026C7C] -> 0x0113
mem[X,0x80026C7E] -> 0x0000
[3903] [M]: 0x80026C7C (0x00000113) addi sp, zero, 0
x2 <- 0x00000000


mem[X,0x80026C80] -> 0x006F
mem[X,0x80026C82] -> 0x00C0
[3904] [M]: 0x80026C80 (0x00C0006F) jal zero, 12


mem[X,0x80026C8C] -> 0x4663
mem[X,0x80026C8E] -> 0x00B5
[3905] [M]: 0x80026C8C (0x00B54663) blt a0, a1, 12


mem[X,0x80026C90] -> 0x0113
mem[X,0x80026C92] -> 0x0021
[3906] [M]: 0x80026C90 (0x00210113) addi sp, sp, 2
x2 <- 0x00000002


mem[X,0x80026C94] -> 0x006F
mem[X,0x80026C96] -> 0x00C0
[3907] [M]: 0x80026C94 (0x00C0006F) jal zero, 12


mem[X,0x80026CA0] -> 0xAE23
mem[X,0x80026CA2] -> 0x6020
[3908] [M]: 0x80026CA0 (0x6020AE23) sw sp, 1564(ra)
mem[0x80039784] <- 0x00000002


mem[X,0x80026CA4] -> 0x5537
mem[X,0x80026CA6] -> 0xFFFF
[3909] [M]: 0x80026CA4 (0xFFFF5537) lui a0, 1048565
x10 <- 0xFFFF5000


mem[X,0x80026CA8] -> 0x0513
mem[X,0x80026CAA] -> 0xAFD5
[3910] [M]: 0x80026CA8 (0xAFD50513) addi a0, a0, 2813
x10 <- 0xFFFF4AFD


mem[X,0x80026CAC] -> 0xB5B7
mem[X,0x80026CAE] -> 0x0000
[3911] [M]: 0x80026CAC (0x0000B5B7) lui a1, 11
x11 <- 0x0000B000


mem[X,0x80026CB0] -> 0x8593
mem[X,0x80026CB2] -> 0x5055
[3912] [M]: 0x80026CB0 (0x50558593) addi a1, a1, 1285
x11 <- 0x0000B505


mem[X,0x80026CB4] -> 0x0113
mem[X,0x80026CB6] -> 0x0000
[3913] [M]: 0x80026CB4 (0x00000113) addi sp, zero, 0
x2 <- 0x00000000


mem[X,0x80026CB8] -> 0x006F
mem[X,0x80026CBA] -> 0x0050
[3914] [M]: 0x80026CB8 (0x0050006F) jal zero, 2052


mem[X,0x800274BC] -> 0x40E3
mem[X,0x800274BE] -> 0x80B5
[3915] [M]: 0x800274BC (0x80B540E3) blt a0, a1, 6144


mem[X,0x80026CBC] -> 0x0113
mem[X,0x80026CBE] -> 0x0011
[3916] [M]: 0x80026CBC (0x00110113) addi sp, sp, 1
x2 <- 0x00000001


mem[X,0x80026CC0] -> 0x006F
mem[X,0x80026CC2] -> 0x0110
[3917] [M]: 0x80026CC0 (0x0110006F) jal zero, 2064


mem[X,0x800274D0] -> 0xA023
mem[X,0x800274D2] -> 0x6220
[3918] [M]: 0x800274D0 (0x6220A023) sw sp, 1568(ra)
mem[0x80039788] <- 0x00000001


mem[X,0x800274D4] -> 0xB537
mem[X,0x800274D6] -> 0x0000
[3919] [M]: 0x800274D4 (0x0000B537) lui a0, 11
x10 <- 0x0000B000


mem[X,0x800274D8] -> 0x0513
mem[X,0x800274DA] -> 0x5055
[3920] [M]: 0x800274D8 (0x50550513) addi a0, a0, 1285
x10 <- 0x0000B505


mem[X,0x800274DC] -> 0x0593
mem[X,0x800274DE] -> 0x0030
[3921] [M]: 0x800274DC (0x00300593) addi a1, zero, 3
x11 <- 0x00000003


mem[X,0x800274E0] -> 0x0113
mem[X,0x800274E2] -> 0x0000
[3922] [M]: 0x800274E0 (0x00000113) addi sp, zero, 0
x2 <- 0x00000000


mem[X,0x800274E4] -> 0x006F
mem[X,0x800274E6] -> 0x00C0
[3923] [M]: 0x800274E4 (0x00C0006F) jal zero, 12


mem[X,0x800274F0] -> 0x4663
mem[X,0x800274F2] -> 0x00B5
[3924] [M]: 0x800274F0 (0x00B54663) blt a0, a1, 12


mem[X,0x800274F4] -> 0x0113
mem[X,0x800274F6] -> 0x0021
[3925] [M]: 0x800274F4 (0x00210113) addi sp, sp, 2
x2 <- 0x00000002


mem[X,0x800274F8] -> 0x006F
mem[X,0x800274FA] -> 0x00C0
[3926] [M]: 0x800274F8 (0x00C0006F) jal zero, 12


mem[X,0x80027504] -> 0xA223
mem[X,0x80027506] -> 0x6220
[3927] [M]: 0x80027504 (0x6220A223) sw sp, 1572(ra)
mem[0x8003978C] <- 0x00000002


mem[X,0x80027508] -> 0xB537
mem[X,0x8002750A] -> 0x0000
[3928] [M]: 0x80027508 (0x0000B537) lui a0, 11
x10 <- 0x0000B000


mem[X,0x8002750C] -> 0x0513
mem[X,0x8002750E] -> 0x5055
[3929] [M]: 0x8002750C (0x50550513) addi a0, a0, 1285
x10 <- 0x0000B505


mem[X,0x80027510] -> 0x55B7
mem[X,0x80027512] -> 0x5555
[3930] [M]: 0x80027510 (0x555555B7) lui a1, 349525
x11 <- 0x55555000


mem[X,0x80027514] -> 0x8593
mem[X,0x80027516] -> 0x5555
[3931] [M]: 0x80027514 (0x55558593) addi a1, a1, 1365
x11 <- 0x55555555


mem[X,0x80027518] -> 0x0113
mem[X,0x8002751A] -> 0x0000
[3932] [M]: 0x80027518 (0x00000113) addi sp, zero, 0
x2 <- 0x00000000


mem[X,0x8002751C] -> 0x006F
mem[X,0x8002751E] -> 0x00C0
[3933] [M]: 0x8002751C (0x00C0006F) jal zero, 12


mem[X,0x80027528] -> 0x4863
mem[X,0x8002752A] -> 0x00B5
[3934] [M]: 0x80027528 (0x00B54863) blt a0, a1, 16


mem[X,0x80027538] -> 0x0113
mem[X,0x8002753A] -> 0x0031
[3935] [M]: 0x80027538 (0x00310113) addi sp, sp, 3
x2 <- 0x00000003


mem[X,0x8002753C] -> 0x006F
mem[X,0x8002753E] -> 0x0040
[3936] [M]: 0x8002753C (0x0040006F) jal zero, 4


mem[X,0x80027540] -> 0xA423
mem[X,0x80027542] -> 0x6220
[3937] [M]: 0x80027540 (0x6220A423) sw sp, 1576(ra)
mem[0x80039790] <- 0x00000003


mem[X,0x80027544] -> 0xB537
mem[X,0x80027546] -> 0x0000
[3938] [M]: 0x80027544 (0x0000B537) lui a0, 11
x10 <- 0x0000B000


mem[X,0x80027548] -> 0x0513
mem[X,0x8002754A] -> 0x5055
[3939] [M]: 0x80027548 (0x50550513) addi a0, a0, 1285
x10 <- 0x0000B505


mem[X,0x8002754C] -> 0xB5B7
mem[X,0x8002754E] -> 0xAAAA
[3940] [M]: 0x8002754C (0xAAAAB5B7) lui a1, 699051
x11 <- 0xAAAAB000


mem[X,0x80027550] -> 0x8593
mem[X,0x80027552] -> 0xAAA5
[3941] [M]: 0x80027550 (0xAAA58593) addi a1, a1, 2730
x11 <- 0xAAAAAAAA


mem[X,0x80027554] -> 0x0113
mem[X,0x80027556] -> 0x0000
[3942] [M]: 0x80027554 (0x00000113) addi sp, zero, 0
x2 <- 0x00000000


mem[X,0x80027558] -> 0x006F
mem[X,0x8002755A] -> 0x0100
[3943] [M]: 0x80027558 (0x0100006F) jal zero, 16


mem[X,0x80027568] -> 0x4AE3
mem[X,0x8002756A] -> 0xFEB5
[3944] [M]: 0x80027568 (0xFEB54AE3) blt a0, a1, 8180


mem[X,0x8002756C] -> 0x0113
mem[X,0x8002756E] -> 0x0021
[3945] [M]: 0x8002756C (0x00210113) addi sp, sp, 2
x2 <- 0x00000002


mem[X,0x80027570] -> 0x006F
mem[X,0x80027572] -> 0x00C0
[3946] [M]: 0x80027570 (0x00C0006F) jal zero, 12


mem[X,0x8002757C] -> 0xA623
mem[X,0x8002757E] -> 0x6220
[3947] [M]: 0x8002757C (0x6220A623) sw sp, 1580(ra)
mem[0x80039794] <- 0x00000002


mem[X,0x80027580] -> 0xB537
mem[X,0x80027582] -> 0x0000
[3948] [M]: 0x80027580 (0x0000B537) lui a0, 11
x10 <- 0x0000B000


mem[X,0x80027584] -> 0x0513
mem[X,0x80027586] -> 0x5055
[3949] [M]: 0x80027584 (0x50550513) addi a0, a0, 1285
x10 <- 0x0000B505


mem[X,0x80027588] -> 0x0593
mem[X,0x8002758A] -> 0x0050
[3950] [M]: 0x80027588 (0x00500593) addi a1, zero, 5
x11 <- 0x00000005


mem[X,0x8002758C] -> 0x0113
mem[X,0x8002758E] -> 0x0000
[3951] [M]: 0x8002758C (0x00000113) addi sp, zero, 0
x2 <- 0x00000000


mem[X,0x80027590] -> 0x006F
mem[X,0x80027592] -> 0x00C0
[3952] [M]: 0x80027590 (0x00C0006F) jal zero, 12


mem[X,0x8002759C] -> 0x4063
mem[X,0x8002759E] -> 0x08B5
[3953] [M]: 0x8002759C (0x08B54063) blt a0, a1, 128


mem[X,0x800275A0] -> 0x0113
mem[X,0x800275A2] -> 0x0021
[3954] [M]: 0x800275A0 (0x00210113) addi sp, sp, 2
x2 <- 0x00000002


mem[X,0x800275A4] -> 0x006F
mem[X,0x800275A6] -> 0x0800
[3955] [M]: 0x800275A4 (0x0800006F) jal zero, 128


mem[X,0x80027624] -> 0xA823
mem[X,0x80027626] -> 0x6220
[3956] [M]: 0x80027624 (0x6220A823) sw sp, 1584(ra)
mem[0x80039798] <- 0x00000002


mem[X,0x80027628] -> 0xB537
mem[X,0x8002762A] -> 0x0000
[3957] [M]: 0x80027628 (0x0000B537) lui a0, 11
x10 <- 0x0000B000


mem[X,0x8002762C] -> 0x0513
mem[X,0x8002762E] -> 0x5055
[3958] [M]: 0x8002762C (0x50550513) addi a0, a0, 1285
x10 <- 0x0000B505


mem[X,0x80027630] -> 0x35B7
mem[X,0x80027632] -> 0x3333
[3959] [M]: 0x80027630 (0x333335B7) lui a1, 209715
x11 <- 0x33333000


mem[X,0x80027634] -> 0x8593
mem[X,0x80027636] -> 0x3335
[3960] [M]: 0x80027634 (0x33358593) addi a1, a1, 819
x11 <- 0x33333333


mem[X,0x80027638] -> 0x0113
mem[X,0x8002763A] -> 0x0000
[3961] [M]: 0x80027638 (0x00000113) addi sp, zero, 0
x2 <- 0x00000000


mem[X,0x8002763C] -> 0x006F
mem[X,0x8002763E] -> 0x0140
[3962] [M]: 0x8002763C (0x0140006F) jal zero, 20


mem[X,0x80027650] -> 0x48E3
mem[X,0x80027652] -> 0xFEB5
[3963] [M]: 0x80027650 (0xFEB548E3) blt a0, a1, 8176


mem[X,0x80027640] -> 0x0113
mem[X,0x80027642] -> 0x0011
[3964] [M]: 0x80027640 (0x00110113) addi sp, sp, 1
x2 <- 0x00000001


mem[X,0x80027644] -> 0x006F
mem[X,0x80027646] -> 0x0200
[3965] [M]: 0x80027644 (0x0200006F) jal zero, 32


mem[X,0x80027664] -> 0xAA23
mem[X,0x80027666] -> 0x6220
[3966] [M]: 0x80027664 (0x6220AA23) sw sp, 1588(ra)
mem[0x8003979C] <- 0x00000001


mem[X,0x80027668] -> 0xB537
mem[X,0x8002766A] -> 0x0000
[3967] [M]: 0x80027668 (0x0000B537) lui a0, 11
x10 <- 0x0000B000


mem[X,0x8002766C] -> 0x0513
mem[X,0x8002766E] -> 0x5055
[3968] [M]: 0x8002766C (0x50550513) addi a0, a0, 1285
x10 <- 0x0000B505


mem[X,0x80027670] -> 0x65B7
mem[X,0x80027672] -> 0x6666
[3969] [M]: 0x80027670 (0x666665B7) lui a1, 419430
x11 <- 0x66666000


mem[X,0x80027674] -> 0x8593
mem[X,0x80027676] -> 0x6665
[3970] [M]: 0x80027674 (0x66658593) addi a1, a1, 1638
x11 <- 0x66666666


mem[X,0x80027678] -> 0x0113
mem[X,0x8002767A] -> 0x0000
[3971] [M]: 0x80027678 (0x00000113) addi sp, zero, 0
x2 <- 0x00000000


mem[X,0x8002767C] -> 0x006F
mem[X,0x8002767E] -> 0x00C0
[3972] [M]: 0x8002767C (0x00C0006F) jal zero, 12


mem[X,0x80027688] -> 0x4063
mem[X,0x8002768A] -> 0x20B5
[3973] [M]: 0x80027688 (0x20B54063) blt a0, a1, 512


mem[X,0x80027888] -> 0x0113
mem[X,0x8002788A] -> 0x0031
[3974] [M]: 0x80027888 (0x00310113) addi sp, sp, 3
x2 <- 0x00000003


mem[X,0x8002788C] -> 0x006F
mem[X,0x8002788E] -> 0x0040
[3975] [M]: 0x8002788C (0x0040006F) jal zero, 4


mem[X,0x80027890] -> 0xAC23
mem[X,0x80027892] -> 0x6220
[3976] [M]: 0x80027890 (0x6220AC23) sw sp, 1592(ra)
mem[0x800397A0] <- 0x00000003


mem[X,0x80027894] -> 0xB537
mem[X,0x80027896] -> 0x0000
[3977] [M]: 0x80027894 (0x0000B537) lui a0, 11
x10 <- 0x0000B000


mem[X,0x80027898] -> 0x0513
mem[X,0x8002789A] -> 0x5055
[3978] [M]: 0x80027898 (0x50550513) addi a0, a0, 1285
x10 <- 0x0000B505


mem[X,0x8002789C] -> 0x55B7
mem[X,0x8002789E] -> 0xFFFF
[3979] [M]: 0x8002789C (0xFFFF55B7) lui a1, 1048565
x11 <- 0xFFFF5000


mem[X,0x800278A0] -> 0x8593
mem[X,0x800278A2] -> 0xAFC5
[3980] [M]: 0x800278A0 (0xAFC58593) addi a1, a1, 2812
x11 <- 0xFFFF4AFC


mem[X,0x800278A4] -> 0x0113
mem[X,0x800278A6] -> 0x0000
[3981] [M]: 0x800278A4 (0x00000113) addi sp, zero, 0
x2 <- 0x00000000


mem[X,0x800278A8] -> 0x006F
mem[X,0x800278AA] -> 0x00C0
[3982] [M]: 0x800278A8 (0x00C0006F) jal zero, 12


mem[X,0x800278B4] -> 0x4063
mem[X,0x800278B6] -> 0x04B5
[3983] [M]: 0x800278B4 (0x04B54063) blt a0, a1, 64


mem[X,0x800278B8] -> 0x0113
mem[X,0x800278BA] -> 0x0021
[3984] [M]: 0x800278B8 (0x00210113) addi sp, sp, 2
x2 <- 0x00000002


mem[X,0x800278BC] -> 0x006F
mem[X,0x800278BE] -> 0x0400
[3985] [M]: 0x800278BC (0x0400006F) jal zero, 64


mem[X,0x800278FC] -> 0xAE23
mem[X,0x800278FE] -> 0x6220
[3986] [M]: 0x800278FC (0x6220AE23) sw sp, 1596(ra)
mem[0x800397A4] <- 0x00000002


mem[X,0x80027900] -> 0xB537
mem[X,0x80027902] -> 0x0000
[3987] [M]: 0x80027900 (0x0000B537) lui a0, 11
x10 <- 0x0000B000


mem[X,0x80027904] -> 0x0513
mem[X,0x80027906] -> 0x5055
[3988] [M]: 0x80027904 (0x50550513) addi a0, a0, 1285
x10 <- 0x0000B505


mem[X,0x80027908] -> 0xB5B7
mem[X,0x8002790A] -> 0x0000
[3989] [M]: 0x80027908 (0x0000B5B7) lui a1, 11
x11 <- 0x0000B000


mem[X,0x8002790C] -> 0x8593
mem[X,0x8002790E] -> 0x5045
[3990] [M]: 0x8002790C (0x50458593) addi a1, a1, 1284
x11 <- 0x0000B504


mem[X,0x80027910] -> 0x0113
mem[X,0x80027912] -> 0x0000
[3991] [M]: 0x80027910 (0x00000113) addi sp, zero, 0
x2 <- 0x00000000


mem[X,0x80027914] -> 0x006F
mem[X,0x80027916] -> 0x00C0
[3992] [M]: 0x80027914 (0x00C0006F) jal zero, 12


mem[X,0x80027920] -> 0x4663
mem[X,0x80027922] -> 0x00B5
[3993] [M]: 0x80027920 (0x00B54663) blt a0, a1, 12


mem[X,0x80027924] -> 0x0113
mem[X,0x80027926] -> 0x0021
[3994] [M]: 0x80027924 (0x00210113) addi sp, sp, 2
x2 <- 0x00000002


mem[X,0x80027928] -> 0x006F
mem[X,0x8002792A] -> 0x00C0
[3995] [M]: 0x80027928 (0x00C0006F) jal zero, 12


mem[X,0x80027934] -> 0xA023
mem[X,0x80027936] -> 0x6420
[3996] [M]: 0x80027934 (0x6420A023) sw sp, 1600(ra)
mem[0x800397A8] <- 0x00000002


mem[X,0x80027938] -> 0xB537
mem[X,0x8002793A] -> 0x0000
[3997] [M]: 0x80027938 (0x0000B537) lui a0, 11
x10 <- 0x0000B000


mem[X,0x8002793C] -> 0x0513
mem[X,0x8002793E] -> 0x5055
[3998] [M]: 0x8002793C (0x50550513) addi a0, a0, 1285
x10 <- 0x0000B505


mem[X,0x80027940] -> 0x0593
mem[X,0x80027942] -> 0x0020
[3999] [M]: 0x80027940 (0x00200593) addi a1, zero, 2
x11 <- 0x00000002


clint::tick mtime <- 0x0000000000000028
 clint timer pending at mtime 0x0000000000000028
htif::tick 0x0000000000000000
mem[X,0x80027944] -> 0x0113
mem[X,0x80027946] -> 0x0000
[4000] [M]: 0x80027944 (0x00000113) addi sp, zero, 0
x2 <- 0x00000000


mem[X,0x80027948] -> 0x006F
mem[X,0x8002794A] -> 0x00C0
[4001] [M]: 0x80027948 (0x00C0006F) jal zero, 12


mem[X,0x80027954] -> 0x4663
mem[X,0x80027956] -> 0x00B5
[4002] [M]: 0x80027954 (0x00B54663) blt a0, a1, 12


mem[X,0x80027958] -> 0x0113
mem[X,0x8002795A] -> 0x0021
[4003] [M]: 0x80027958 (0x00210113) addi sp, sp, 2
x2 <- 0x00000002


mem[X,0x8002795C] -> 0x006F
mem[X,0x8002795E] -> 0x00C0
[4004] [M]: 0x8002795C (0x00C0006F) jal zero, 12


mem[X,0x80027968] -> 0xA223
mem[X,0x8002796A] -> 0x6420
[4005] [M]: 0x80027968 (0x6420A223) sw sp, 1604(ra)
mem[0x800397AC] <- 0x00000002


mem[X,0x8002796C] -> 0xB537
mem[X,0x8002796E] -> 0x0000
[4006] [M]: 0x8002796C (0x0000B537) lui a0, 11
x10 <- 0x0000B000


mem[X,0x80027970] -> 0x0513
mem[X,0x80027972] -> 0x5055
[4007] [M]: 0x80027970 (0x50550513) addi a0, a0, 1285
x10 <- 0x0000B505


mem[X,0x80027974] -> 0x55B7
mem[X,0x80027976] -> 0x5555
[4008] [M]: 0x80027974 (0x555555B7) lui a1, 349525
x11 <- 0x55555000


mem[X,0x80027978] -> 0x8593
mem[X,0x8002797A] -> 0x5545
[4009] [M]: 0x80027978 (0x55458593) addi a1, a1, 1364
x11 <- 0x55555554


mem[X,0x8002797C] -> 0x0113
mem[X,0x8002797E] -> 0x0000
[4010] [M]: 0x8002797C (0x00000113) addi sp, zero, 0
x2 <- 0x00000000


mem[X,0x80027980] -> 0x006F
mem[X,0x80027982] -> 0x00C0
[4011] [M]: 0x80027980 (0x00C0006F) jal zero, 12


mem[X,0x8002798C] -> 0x4063
mem[X,0x8002798E] -> 0x04B5
[4012] [M]: 0x8002798C (0x04B54063) blt a0, a1, 64


mem[X,0x800279CC] -> 0x0113
mem[X,0x800279CE] -> 0x0031
[4013] [M]: 0x800279CC (0x00310113) addi sp, sp, 3
x2 <- 0x00000003


mem[X,0x800279D0] -> 0x006F
mem[X,0x800279D2] -> 0x0040
[4014] [M]: 0x800279D0 (0x0040006F) jal zero, 4


mem[X,0x800279D4] -> 0xA423
mem[X,0x800279D6] -> 0x6420
[4015] [M]: 0x800279D4 (0x6420A423) sw sp, 1608(ra)
mem[0x800397B0] <- 0x00000003


mem[X,0x800279D8] -> 0xB537
mem[X,0x800279DA] -> 0x0000
[4016] [M]: 0x800279D8 (0x0000B537) lui a0, 11
x10 <- 0x0000B000


mem[X,0x800279DC] -> 0x0513
mem[X,0x800279DE] -> 0x5055
[4017] [M]: 0x800279DC (0x50550513) addi a0, a0, 1285
x10 <- 0x0000B505


mem[X,0x800279E0] -> 0x0593
mem[X,0x800279E2] -> 0x0000
[4018] [M]: 0x800279E0 (0x00000593) addi a1, zero, 0
x11 <- 0x00000000


mem[X,0x800279E4] -> 0x0113
mem[X,0x800279E6] -> 0x0000
[4019] [M]: 0x800279E4 (0x00000113) addi sp, zero, 0
x2 <- 0x00000000


mem[X,0x800279E8] -> 0x006F
mem[X,0x800279EA] -> 0x00C0
[4020] [M]: 0x800279E8 (0x00C0006F) jal zero, 12


mem[X,0x800279F4] -> 0x4663
mem[X,0x800279F6] -> 0x00B5
[4021] [M]: 0x800279F4 (0x00B54663) blt a0, a1, 12


mem[X,0x800279F8] -> 0x0113
mem[X,0x800279FA] -> 0x0021
[4022] [M]: 0x800279F8 (0x00210113) addi sp, sp, 2
x2 <- 0x00000002


mem[X,0x800279FC] -> 0x006F
mem[X,0x800279FE] -> 0x00C0
[4023] [M]: 0x800279FC (0x00C0006F) jal zero, 12


mem[X,0x80027A08] -> 0xA623
mem[X,0x80027A0A] -> 0x6420
[4024] [M]: 0x80027A08 (0x6420A623) sw sp, 1612(ra)
mem[0x800397B4] <- 0x00000002


mem[X,0x80027A0C] -> 0xB537
mem[X,0x80027A0E] -> 0x0000
[4025] [M]: 0x80027A0C (0x0000B537) lui a0, 11
x10 <- 0x0000B000


mem[X,0x80027A10] -> 0x0513
mem[X,0x80027A12] -> 0x5055
[4026] [M]: 0x80027A10 (0x50550513) addi a0, a0, 1285
x10 <- 0x0000B505


mem[X,0x80027A14] -> 0x0593
mem[X,0x80027A16] -> 0x0040
[4027] [M]: 0x80027A14 (0x00400593) addi a1, zero, 4
x11 <- 0x00000004


mem[X,0x80027A18] -> 0x0113
mem[X,0x80027A1A] -> 0x0000
[4028] [M]: 0x80027A18 (0x00000113) addi sp, zero, 0
x2 <- 0x00000000


mem[X,0x80027A1C] -> 0x006F
mem[X,0x80027A1E] -> 0x0100
[4029] [M]: 0x80027A1C (0x0100006F) jal zero, 16


mem[X,0x80027A2C] -> 0x4AE3
mem[X,0x80027A2E] -> 0xFEB5
[4030] [M]: 0x80027A2C (0xFEB54AE3) blt a0, a1, 8180


mem[X,0x80027A30] -> 0x0113
mem[X,0x80027A32] -> 0x0021
[4031] [M]: 0x80027A30 (0x00210113) addi sp, sp, 2
x2 <- 0x00000002


mem[X,0x80027A34] -> 0x006F
mem[X,0x80027A36] -> 0x00C0
[4032] [M]: 0x80027A34 (0x00C0006F) jal zero, 12


mem[X,0x80027A40] -> 0xA823
mem[X,0x80027A42] -> 0x6420
[4033] [M]: 0x80027A40 (0x6420A823) sw sp, 1616(ra)
mem[0x800397B8] <- 0x00000002


mem[X,0x80027A44] -> 0xB537
mem[X,0x80027A46] -> 0x0000
[4034] [M]: 0x80027A44 (0x0000B537) lui a0, 11
x10 <- 0x0000B000


mem[X,0x80027A48] -> 0x0513
mem[X,0x80027A4A] -> 0x5055
[4035] [M]: 0x80027A48 (0x50550513) addi a0, a0, 1285
x10 <- 0x0000B505


mem[X,0x80027A4C] -> 0x35B7
mem[X,0x80027A4E] -> 0x3333
[4036] [M]: 0x80027A4C (0x333335B7) lui a1, 209715
x11 <- 0x33333000


mem[X,0x80027A50] -> 0x8593
mem[X,0x80027A52] -> 0x3325
[4037] [M]: 0x80027A50 (0x33258593) addi a1, a1, 818
x11 <- 0x33333332


mem[X,0x80027A54] -> 0x0113
mem[X,0x80027A56] -> 0x0000
[4038] [M]: 0x80027A54 (0x00000113) addi sp, zero, 0
x2 <- 0x00000000


mem[X,0x80027A58] -> 0x006F
mem[X,0x80027A5A] -> 0x0100
[4039] [M]: 0x80027A58 (0x0100006F) jal zero, 16


mem[X,0x80027A68] -> 0x4AE3
mem[X,0x80027A6A] -> 0xFEB5
[4040] [M]: 0x80027A68 (0xFEB54AE3) blt a0, a1, 8180


mem[X,0x80027A5C] -> 0x0113
mem[X,0x80027A5E] -> 0x0011
[4041] [M]: 0x80027A5C (0x00110113) addi sp, sp, 1
x2 <- 0x00000001


mem[X,0x80027A60] -> 0x006F
mem[X,0x80027A62] -> 0x01C0
[4042] [M]: 0x80027A60 (0x01C0006F) jal zero, 28


mem[X,0x80027A7C] -> 0xAA23
mem[X,0x80027A7E] -> 0x6420
[4043] [M]: 0x80027A7C (0x6420AA23) sw sp, 1620(ra)
mem[0x800397BC] <- 0x00000001


mem[X,0x80027A80] -> 0xB537
mem[X,0x80027A82] -> 0x0000
[4044] [M]: 0x80027A80 (0x0000B537) lui a0, 11
x10 <- 0x0000B000


mem[X,0x80027A84] -> 0x0513
mem[X,0x80027A86] -> 0x5055
[4045] [M]: 0x80027A84 (0x50550513) addi a0, a0, 1285
x10 <- 0x0000B505


mem[X,0x80027A88] -> 0x65B7
mem[X,0x80027A8A] -> 0x6666
[4046] [M]: 0x80027A88 (0x666665B7) lui a1, 419430
x11 <- 0x66666000


mem[X,0x80027A8C] -> 0x8593
mem[X,0x80027A8E] -> 0x6655
[4047] [M]: 0x80027A8C (0x66558593) addi a1, a1, 1637
x11 <- 0x66666665


mem[X,0x80027A90] -> 0x0113
mem[X,0x80027A92] -> 0x0000
[4048] [M]: 0x80027A90 (0x00000113) addi sp, zero, 0
x2 <- 0x00000000


mem[X,0x80027A94] -> 0x006F
mem[X,0x80027A96] -> 0x2B10
[4049] [M]: 0x80027A94 (0x2B10006F) jal zero, 2736


mem[X,0x80028544] -> 0x4A63
mem[X,0x80028546] -> 0xD4B5
[4050] [M]: 0x80028544 (0xD4B54A63) blt a0, a1, 5460


mem[X,0x80027A98] -> 0x0113
mem[X,0x80027A9A] -> 0x0011
[4051] [M]: 0x80027A98 (0x00110113) addi sp, sp, 1
x2 <- 0x00000001


mem[X,0x80027A9C] -> 0x006F
mem[X,0x80027A9E] -> 0x2BD0
[4052] [M]: 0x80027A9C (0x2BD0006F) jal zero, 2748


mem[X,0x80028558] -> 0xAC23
mem[X,0x8002855A] -> 0x6420
[4053] [M]: 0x80028558 (0x6420AC23) sw sp, 1624(ra)
mem[0x800397C0] <- 0x00000001


mem[X,0x8002855C] -> 0xB537
mem[X,0x8002855E] -> 0x0000
[4054] [M]: 0x8002855C (0x0000B537) lui a0, 11
x10 <- 0x0000B000


mem[X,0x80028560] -> 0x0513
mem[X,0x80028562] -> 0x5055
[4055] [M]: 0x80028560 (0x50550513) addi a0, a0, 1285
x10 <- 0x0000B505


mem[X,0x80028564] -> 0xB5B7
mem[X,0x80028566] -> 0x0000
[4056] [M]: 0x80028564 (0x0000B5B7) lui a1, 11
x11 <- 0x0000B000


mem[X,0x80028568] -> 0x8593
mem[X,0x8002856A] -> 0x5035
[4057] [M]: 0x80028568 (0x50358593) addi a1, a1, 1283
x11 <- 0x0000B503


mem[X,0x8002856C] -> 0x0113
mem[X,0x8002856E] -> 0x0000
[4058] [M]: 0x8002856C (0x00000113) addi sp, zero, 0
x2 <- 0x00000000


mem[X,0x80028570] -> 0x006F
mem[X,0x80028572] -> 0x0050
[4059] [M]: 0x80028570 (0x0050006F) jal zero, 2052


mem[X,0x80028D74] -> 0x40E3
mem[X,0x80028D76] -> 0x80B5
[4060] [M]: 0x80028D74 (0x80B540E3) blt a0, a1, 6144


mem[X,0x80028D78] -> 0x0113
mem[X,0x80028D7A] -> 0x0021
[4061] [M]: 0x80028D78 (0x00210113) addi sp, sp, 2
x2 <- 0x00000002


mem[X,0x80028D7C] -> 0x006F
mem[X,0x80028D7E] -> 0x00C0
[4062] [M]: 0x80028D7C (0x00C0006F) jal zero, 12


mem[X,0x80028D88] -> 0xAE23
mem[X,0x80028D8A] -> 0x6420
[4063] [M]: 0x80028D88 (0x6420AE23) sw sp, 1628(ra)
mem[0x800397C4] <- 0x00000002


mem[X,0x80028D8C] -> 0xB537
mem[X,0x80028D8E] -> 0x0000
[4064] [M]: 0x80028D8C (0x0000B537) lui a0, 11
x10 <- 0x0000B000


mem[X,0x80028D90] -> 0x0513
mem[X,0x80028D92] -> 0x5055
[4065] [M]: 0x80028D90 (0x50550513) addi a0, a0, 1285
x10 <- 0x0000B505


mem[X,0x80028D94] -> 0x55B7
mem[X,0x80028D96] -> 0x5555
[4066] [M]: 0x80028D94 (0x555555B7) lui a1, 349525
x11 <- 0x55555000


mem[X,0x80028D98] -> 0x8593
mem[X,0x80028D9A] -> 0x5565
[4067] [M]: 0x80028D98 (0x55658593) addi a1, a1, 1366
x11 <- 0x55555556


mem[X,0x80028D9C] -> 0x0113
mem[X,0x80028D9E] -> 0x0000
[4068] [M]: 0x80028D9C (0x00000113) addi sp, zero, 0
x2 <- 0x00000000


mem[X,0x80028DA0] -> 0x006F
mem[X,0x80028DA2] -> 0x00C0
[4069] [M]: 0x80028DA0 (0x00C0006F) jal zero, 12


mem[X,0x80028DAC] -> 0x4663
mem[X,0x80028DAE] -> 0x00B5
[4070] [M]: 0x80028DAC (0x00B54663) blt a0, a1, 12


mem[X,0x80028DB8] -> 0x0113
mem[X,0x80028DBA] -> 0x0031
[4071] [M]: 0x80028DB8 (0x00310113) addi sp, sp, 3
x2 <- 0x00000003


mem[X,0x80028DBC] -> 0x006F
mem[X,0x80028DBE] -> 0x0040
[4072] [M]: 0x80028DBC (0x0040006F) jal zero, 4


mem[X,0x80028DC0] -> 0xA023
mem[X,0x80028DC2] -> 0x6620
[4073] [M]: 0x80028DC0 (0x6620A023) sw sp, 1632(ra)
mem[0x800397C8] <- 0x00000003


mem[X,0x80028DC4] -> 0xB537
mem[X,0x80028DC6] -> 0x0000
[4074] [M]: 0x80028DC4 (0x0000B537) lui a0, 11
x10 <- 0x0000B000


mem[X,0x80028DC8] -> 0x0513
mem[X,0x80028DCA] -> 0x5055
[4075] [M]: 0x80028DC8 (0x50550513) addi a0, a0, 1285
x10 <- 0x0000B505


mem[X,0x80028DCC] -> 0xB5B7
mem[X,0x80028DCE] -> 0xAAAA
[4076] [M]: 0x80028DCC (0xAAAAB5B7) lui a1, 699051
x11 <- 0xAAAAB000


mem[X,0x80028DD0] -> 0x8593
mem[X,0x80028DD2] -> 0xAAB5
[4077] [M]: 0x80028DD0 (0xAAB58593) addi a1, a1, 2731
x11 <- 0xAAAAAAAB


mem[X,0x80028DD4] -> 0x0113
mem[X,0x80028DD6] -> 0x0000
[4078] [M]: 0x80028DD4 (0x00000113) addi sp, zero, 0
x2 <- 0x00000000


mem[X,0x80028DD8] -> 0x006F
mem[X,0x80028DDA] -> 0x00C0
[4079] [M]: 0x80028DD8 (0x00C0006F) jal zero, 12


mem[X,0x80028DE4] -> 0x4063
mem[X,0x80028DE6] -> 0x02B5
[4080] [M]: 0x80028DE4 (0x02B54063) blt a0, a1, 32


mem[X,0x80028DE8] -> 0x0113
mem[X,0x80028DEA] -> 0x0021
[4081] [M]: 0x80028DE8 (0x00210113) addi sp, sp, 2
x2 <- 0x00000002


mem[X,0x80028DEC] -> 0x006F
mem[X,0x80028DEE] -> 0x0200
[4082] [M]: 0x80028DEC (0x0200006F) jal zero, 32


mem[X,0x80028E0C] -> 0xA223
mem[X,0x80028E0E] -> 0x6620
[4083] [M]: 0x80028E0C (0x6620A223) sw sp, 1636(ra)
mem[0x800397CC] <- 0x00000002


mem[X,0x80028E10] -> 0xB537
mem[X,0x80028E12] -> 0x0000
[4084] [M]: 0x80028E10 (0x0000B537) lui a0, 11
x10 <- 0x0000B000


mem[X,0x80028E14] -> 0x0513
mem[X,0x80028E16] -> 0x5055
[4085] [M]: 0x80028E14 (0x50550513) addi a0, a0, 1285
x10 <- 0x0000B505


mem[X,0x80028E18] -> 0x0593
mem[X,0x80028E1A] -> 0x0060
[4086] [M]: 0x80028E18 (0x00600593) addi a1, zero, 6
x11 <- 0x00000006


mem[X,0x80028E1C] -> 0x0113
mem[X,0x80028E1E] -> 0x0000
[4087] [M]: 0x80028E1C (0x00000113) addi sp, zero, 0
x2 <- 0x00000000


mem[X,0x80028E20] -> 0x006F
mem[X,0x80028E22] -> 0x00C0
[4088] [M]: 0x80028E20 (0x00C0006F) jal zero, 12


mem[X,0x80028E2C] -> 0x4CE3
mem[X,0x80028E2E] -> 0xFEB5
[4089] [M]: 0x80028E2C (0xFEB54CE3) blt a0, a1, 8184


mem[X,0x80028E30] -> 0x0113
mem[X,0x80028E32] -> 0x0021
[4090] [M]: 0x80028E30 (0x00210113) addi sp, sp, 2
x2 <- 0x00000002


mem[X,0x80028E34] -> 0x006F
mem[X,0x80028E36] -> 0x00C0
[4091] [M]: 0x80028E34 (0x00C0006F) jal zero, 12


mem[X,0x80028E40] -> 0xA423
mem[X,0x80028E42] -> 0x6620
[4092] [M]: 0x80028E40 (0x6620A423) sw sp, 1640(ra)
mem[0x800397D0] <- 0x00000002


mem[X,0x80028E44] -> 0xB537
mem[X,0x80028E46] -> 0x0000
[4093] [M]: 0x80028E44 (0x0000B537) lui a0, 11
x10 <- 0x0000B000


mem[X,0x80028E48] -> 0x0513
mem[X,0x80028E4A] -> 0x5055
[4094] [M]: 0x80028E48 (0x50550513) addi a0, a0, 1285
x10 <- 0x0000B505


mem[X,0x80028E4C] -> 0x35B7
mem[X,0x80028E4E] -> 0x3333
[4095] [M]: 0x80028E4C (0x333335B7) lui a1, 209715
x11 <- 0x33333000


mem[X,0x80028E50] -> 0x8593
mem[X,0x80028E52] -> 0x3345
[4096] [M]: 0x80028E50 (0x33458593) addi a1, a1, 820
x11 <- 0x33333334


mem[X,0x80028E54] -> 0x0113
mem[X,0x80028E56] -> 0x0000
[4097] [M]: 0x80028E54 (0x00000113) addi sp, zero, 0
x2 <- 0x00000000


mem[X,0x80028E58] -> 0x006F
mem[X,0x80028E5A] -> 0x00C0
[4098] [M]: 0x80028E58 (0x00C0006F) jal zero, 12


mem[X,0x80028E64] -> 0x4CE3
mem[X,0x80028E66] -> 0xFEB5
[4099] [M]: 0x80028E64 (0xFEB54CE3) blt a0, a1, 8184


clint::tick mtime <- 0x0000000000000029
 clint timer pending at mtime 0x0000000000000029
htif::tick 0x0000000000000000
mem[X,0x80028E5C] -> 0x0113
mem[X,0x80028E5E] -> 0x0011
[4100] [M]: 0x80028E5C (0x00110113) addi sp, sp, 1
x2 <- 0x00000001


mem[X,0x80028E60] -> 0x006F
mem[X,0x80028E62] -> 0x0180
[4101] [M]: 0x80028E60 (0x0180006F) jal zero, 24


mem[X,0x80028E78] -> 0xA623
mem[X,0x80028E7A] -> 0x6620
[4102] [M]: 0x80028E78 (0x6620A623) sw sp, 1644(ra)
mem[0x800397D4] <- 0x00000001


mem[X,0x80028E7C] -> 0xB537
mem[X,0x80028E7E] -> 0x0000
[4103] [M]: 0x80028E7C (0x0000B537) lui a0, 11
x10 <- 0x0000B000


mem[X,0x80028E80] -> 0x0513
mem[X,0x80028E82] -> 0x5055
[4104] [M]: 0x80028E80 (0x50550513) addi a0, a0, 1285
x10 <- 0x0000B505


mem[X,0x80028E84] -> 0x65B7
mem[X,0x80028E86] -> 0x6666
[4105] [M]: 0x80028E84 (0x666665B7) lui a1, 419430
x11 <- 0x66666000


mem[X,0x80028E88] -> 0x8593
mem[X,0x80028E8A] -> 0x6675
[4106] [M]: 0x80028E88 (0x66758593) addi a1, a1, 1639
x11 <- 0x66666667


mem[X,0x80028E8C] -> 0x0113
mem[X,0x80028E8E] -> 0x0000
[4107] [M]: 0x80028E8C (0x00000113) addi sp, zero, 0
x2 <- 0x00000000


mem[X,0x80028E90] -> 0x006F
mem[X,0x80028E92] -> 0x00C0
[4108] [M]: 0x80028E90 (0x00C0006F) jal zero, 12


mem[X,0x80028E9C] -> 0x4663
mem[X,0x80028E9E] -> 0x00B5
[4109] [M]: 0x80028E9C (0x00B54663) blt a0, a1, 12


mem[X,0x80028EA8] -> 0x0113
mem[X,0x80028EAA] -> 0x0031
[4110] [M]: 0x80028EA8 (0x00310113) addi sp, sp, 3
x2 <- 0x00000003


mem[X,0x80028EAC] -> 0x006F
mem[X,0x80028EAE] -> 0x0040
[4111] [M]: 0x80028EAC (0x0040006F) jal zero, 4


mem[X,0x80028EB0] -> 0xA823
mem[X,0x80028EB2] -> 0x6620
[4112] [M]: 0x80028EB0 (0x6620A823) sw sp, 1648(ra)
mem[0x800397D8] <- 0x00000003


mem[X,0x80028EB4] -> 0xB537
mem[X,0x80028EB6] -> 0x0000
[4113] [M]: 0x80028EB4 (0x0000B537) lui a0, 11
x10 <- 0x0000B000


mem[X,0x80028EB8] -> 0x0513
mem[X,0x80028EBA] -> 0x5055
[4114] [M]: 0x80028EB8 (0x50550513) addi a0, a0, 1285
x10 <- 0x0000B505


mem[X,0x80028EBC] -> 0x55B7
mem[X,0x80028EBE] -> 0xFFFF
[4115] [M]: 0x80028EBC (0xFFFF55B7) lui a1, 1048565
x11 <- 0xFFFF5000


mem[X,0x80028EC0] -> 0x8593
mem[X,0x80028EC2] -> 0xAFD5
[4116] [M]: 0x80028EC0 (0xAFD58593) addi a1, a1, 2813
x11 <- 0xFFFF4AFD


mem[X,0x80028EC4] -> 0x0113
mem[X,0x80028EC6] -> 0x0000
[4117] [M]: 0x80028EC4 (0x00000113) addi sp, zero, 0
x2 <- 0x00000000


mem[X,0x80028EC8] -> 0x006F
mem[X,0x80028ECA] -> 0x0140
[4118] [M]: 0x80028EC8 (0x0140006F) jal zero, 20


mem[X,0x80028EDC] -> 0x48E3
mem[X,0x80028EDE] -> 0xFEB5
[4119] [M]: 0x80028EDC (0xFEB548E3) blt a0, a1, 8176


mem[X,0x80028EE0] -> 0x0113
mem[X,0x80028EE2] -> 0x0021
[4120] [M]: 0x80028EE0 (0x00210113) addi sp, sp, 2
x2 <- 0x00000002


mem[X,0x80028EE4] -> 0x006F
mem[X,0x80028EE6] -> 0x00C0
[4121] [M]: 0x80028EE4 (0x00C0006F) jal zero, 12


mem[X,0x80028EF0] -> 0xAA23
mem[X,0x80028EF2] -> 0x6620
[4122] [M]: 0x80028EF0 (0x6620AA23) sw sp, 1652(ra)
mem[0x800397DC] <- 0x00000002


mem[X,0x80028EF4] -> 0xB537
mem[X,0x80028EF6] -> 0x0000
[4123] [M]: 0x80028EF4 (0x0000B537) lui a0, 11
x10 <- 0x0000B000


mem[X,0x80028EF8] -> 0x0513
mem[X,0x80028EFA] -> 0x5055
[4124] [M]: 0x80028EF8 (0x50550513) addi a0, a0, 1285
x10 <- 0x0000B505


mem[X,0x80028EFC] -> 0xB5B7
mem[X,0x80028EFE] -> 0x0000
[4125] [M]: 0x80028EFC (0x0000B5B7) lui a1, 11
x11 <- 0x0000B000


mem[X,0x80028F00] -> 0x8593
mem[X,0x80028F02] -> 0x5055
[4126] [M]: 0x80028F00 (0x50558593) addi a1, a1, 1285
x11 <- 0x0000B505


mem[X,0x80028F04] -> 0x0113
mem[X,0x80028F06] -> 0x0000
[4127] [M]: 0x80028F04 (0x00000113) addi sp, zero, 0
x2 <- 0x00000000


mem[X,0x80028F08] -> 0x006F
mem[X,0x80028F0A] -> 0x00C0
[4128] [M]: 0x80028F08 (0x00C0006F) jal zero, 12


mem[X,0x80028F14] -> 0x4CE3
mem[X,0x80028F16] -> 0xFEB5
[4129] [M]: 0x80028F14 (0xFEB54CE3) blt a0, a1, 8184


mem[X,0x80028F18] -> 0x0113
mem[X,0x80028F1A] -> 0x0021
[4130] [M]: 0x80028F18 (0x00210113) addi sp, sp, 2
x2 <- 0x00000002


mem[X,0x80028F1C] -> 0x006F
mem[X,0x80028F1E] -> 0x00C0
[4131] [M]: 0x80028F1C (0x00C0006F) jal zero, 12


mem[X,0x80028F28] -> 0xAC23
mem[X,0x80028F2A] -> 0x6620
[4132] [M]: 0x80028F28 (0x6620AC23) sw sp, 1656(ra)
mem[0x800397E0] <- 0x00000002


mem[X,0x80028F2C] -> 0x0513
mem[X,0x80028F2E] -> 0x0000
[4133] [M]: 0x80028F2C (0x00000513) addi a0, zero, 0
x10 <- 0x00000000


mem[X,0x80028F30] -> 0x0593
mem[X,0x80028F32] -> 0x0020
[4134] [M]: 0x80028F30 (0x00200593) addi a1, zero, 2
x11 <- 0x00000002


mem[X,0x80028F34] -> 0x0113
mem[X,0x80028F36] -> 0x0000
[4135] [M]: 0x80028F34 (0x00000113) addi sp, zero, 0
x2 <- 0x00000000


mem[X,0x80028F38] -> 0x006F
mem[X,0x80028F3A] -> 0x00C0
[4136] [M]: 0x80028F38 (0x00C0006F) jal zero, 12


mem[X,0x80028F44] -> 0x4663
mem[X,0x80028F46] -> 0x00B5
[4137] [M]: 0x80028F44 (0x00B54663) blt a0, a1, 12


mem[X,0x80028F50] -> 0x0113
mem[X,0x80028F52] -> 0x0031
[4138] [M]: 0x80028F50 (0x00310113) addi sp, sp, 3
x2 <- 0x00000003


mem[X,0x80028F54] -> 0x006F
mem[X,0x80028F56] -> 0x0040
[4139] [M]: 0x80028F54 (0x0040006F) jal zero, 4


mem[X,0x80028F58] -> 0xAE23
mem[X,0x80028F5A] -> 0x6620
[4140] [M]: 0x80028F58 (0x6620AE23) sw sp, 1660(ra)
mem[0x800397E4] <- 0x00000003


mem[X,0x80028F5C] -> 0x0513
mem[X,0x80028F5E] -> 0x0000
[4141] [M]: 0x80028F5C (0x00000513) addi a0, zero, 0
x10 <- 0x00000000


mem[X,0x80028F60] -> 0x55B7
mem[X,0x80028F62] -> 0x5555
[4142] [M]: 0x80028F60 (0x555555B7) lui a1, 349525
x11 <- 0x55555000


mem[X,0x80028F64] -> 0x8593
mem[X,0x80028F66] -> 0x5545
[4143] [M]: 0x80028F64 (0x55458593) addi a1, a1, 1364
x11 <- 0x55555554


mem[X,0x80028F68] -> 0x0113
mem[X,0x80028F6A] -> 0x0000
[4144] [M]: 0x80028F68 (0x00000113) addi sp, zero, 0
x2 <- 0x00000000


mem[X,0x80028F6C] -> 0x006F
mem[X,0x80028F6E] -> 0x00C0
[4145] [M]: 0x80028F6C (0x00C0006F) jal zero, 12


mem[X,0x80028F78] -> 0x4CE3
mem[X,0x80028F7A] -> 0xFEB5
[4146] [M]: 0x80028F78 (0xFEB54CE3) blt a0, a1, 8184


mem[X,0x80028F70] -> 0x0113
mem[X,0x80028F72] -> 0x0011
[4147] [M]: 0x80028F70 (0x00110113) addi sp, sp, 1
x2 <- 0x00000001


mem[X,0x80028F74] -> 0x006F
mem[X,0x80028F76] -> 0x0180
[4148] [M]: 0x80028F74 (0x0180006F) jal zero, 24


mem[X,0x80028F8C] -> 0xA023
mem[X,0x80028F8E] -> 0x6820
[4149] [M]: 0x80028F8C (0x6820A023) sw sp, 1664(ra)
mem[0x800397E8] <- 0x00000001


mem[X,0x80028F90] -> 0x0513
mem[X,0x80028F92] -> 0x0000
[4150] [M]: 0x80028F90 (0x00000513) addi a0, zero, 0
x10 <- 0x00000000


mem[X,0x80028F94] -> 0x0593
mem[X,0x80028F96] -> 0x0000
[4151] [M]: 0x80028F94 (0x00000593) addi a1, zero, 0
x11 <- 0x00000000


mem[X,0x80028F98] -> 0x0113
mem[X,0x80028F9A] -> 0x0000
[4152] [M]: 0x80028F98 (0x00000113) addi sp, zero, 0
x2 <- 0x00000000


mem[X,0x80028F9C] -> 0x006F
mem[X,0x80028F9E] -> 0x2B10
[4153] [M]: 0x80028F9C (0x2B10006F) jal zero, 2736


mem[X,0x80029A4C] -> 0x4A63
mem[X,0x80029A4E] -> 0xD4B5
[4154] [M]: 0x80029A4C (0xD4B54A63) blt a0, a1, 5460


mem[X,0x80029A50] -> 0x0113
mem[X,0x80029A52] -> 0x0021
[4155] [M]: 0x80029A50 (0x00210113) addi sp, sp, 2
x2 <- 0x00000002


mem[X,0x80029A54] -> 0x006F
mem[X,0x80029A56] -> 0x00C0
[4156] [M]: 0x80029A54 (0x00C0006F) jal zero, 12


mem[X,0x80029A60] -> 0xA223
mem[X,0x80029A62] -> 0x6820
[4157] [M]: 0x80029A60 (0x6820A223) sw sp, 1668(ra)
mem[0x800397EC] <- 0x00000002


mem[X,0x80029A64] -> 0x0513
mem[X,0x80029A66] -> 0x0000
[4158] [M]: 0x80029A64 (0x00000513) addi a0, zero, 0
x10 <- 0x00000000


mem[X,0x80029A68] -> 0x0593
mem[X,0x80029A6A] -> 0x0040
[4159] [M]: 0x80029A68 (0x00400593) addi a1, zero, 4
x11 <- 0x00000004


mem[X,0x80029A6C] -> 0x0113
mem[X,0x80029A6E] -> 0x0000
[4160] [M]: 0x80029A6C (0x00000113) addi sp, zero, 0
x2 <- 0x00000000


mem[X,0x80029A70] -> 0x006F
mem[X,0x80029A72] -> 0x00C0
[4161] [M]: 0x80029A70 (0x00C0006F) jal zero, 12


mem[X,0x80029A7C] -> 0x4063
mem[X,0x80029A7E] -> 0x10B5
[4162] [M]: 0x80029A7C (0x10B54063) blt a0, a1, 256


mem[X,0x80029B7C] -> 0x0113
mem[X,0x80029B7E] -> 0x0031
[4163] [M]: 0x80029B7C (0x00310113) addi sp, sp, 3
x2 <- 0x00000003


mem[X,0x80029B80] -> 0x006F
mem[X,0x80029B82] -> 0x0040
[4164] [M]: 0x80029B80 (0x0040006F) jal zero, 4


mem[X,0x80029B84] -> 0xA423
mem[X,0x80029B86] -> 0x6820
[4165] [M]: 0x80029B84 (0x6820A423) sw sp, 1672(ra)
mem[0x800397F0] <- 0x00000003


mem[X,0x80029B88] -> 0x0513
mem[X,0x80029B8A] -> 0x0000
[4166] [M]: 0x80029B88 (0x00000513) addi a0, zero, 0
x10 <- 0x00000000


mem[X,0x80029B8C] -> 0x35B7
mem[X,0x80029B8E] -> 0x3333
[4167] [M]: 0x80029B8C (0x333335B7) lui a1, 209715
x11 <- 0x33333000


mem[X,0x80029B90] -> 0x8593
mem[X,0x80029B92] -> 0x3325
[4168] [M]: 0x80029B90 (0x33258593) addi a1, a1, 818
x11 <- 0x33333332


mem[X,0x80029B94] -> 0x0113
mem[X,0x80029B96] -> 0x0000
[4169] [M]: 0x80029B94 (0x00000113) addi sp, zero, 0
x2 <- 0x00000000


mem[X,0x80029B98] -> 0x006F
mem[X,0x80029B9A] -> 0x00C0
[4170] [M]: 0x80029B98 (0x00C0006F) jal zero, 12


mem[X,0x80029BA4] -> 0x4CE3
mem[X,0x80029BA6] -> 0xFEB5
[4171] [M]: 0x80029BA4 (0xFEB54CE3) blt a0, a1, 8184


mem[X,0x80029B9C] -> 0x0113
mem[X,0x80029B9E] -> 0x0011
[4172] [M]: 0x80029B9C (0x00110113) addi sp, sp, 1
x2 <- 0x00000001


mem[X,0x80029BA0] -> 0x006F
mem[X,0x80029BA2] -> 0x0180
[4173] [M]: 0x80029BA0 (0x0180006F) jal zero, 24


mem[X,0x80029BB8] -> 0xA623
mem[X,0x80029BBA] -> 0x6820
[4174] [M]: 0x80029BB8 (0x6820A623) sw sp, 1676(ra)
mem[0x800397F4] <- 0x00000001


mem[X,0x80029BBC] -> 0x0513
mem[X,0x80029BBE] -> 0x0000
[4175] [M]: 0x80029BBC (0x00000513) addi a0, zero, 0
x10 <- 0x00000000


mem[X,0x80029BC0] -> 0x65B7
mem[X,0x80029BC2] -> 0x6666
[4176] [M]: 0x80029BC0 (0x666665B7) lui a1, 419430
x11 <- 0x66666000


mem[X,0x80029BC4] -> 0x8593
mem[X,0x80029BC6] -> 0x6655
[4177] [M]: 0x80029BC4 (0x66558593) addi a1, a1, 1637
x11 <- 0x66666665


mem[X,0x80029BC8] -> 0x0113
mem[X,0x80029BCA] -> 0x0000
[4178] [M]: 0x80029BC8 (0x00000113) addi sp, zero, 0
x2 <- 0x00000000


mem[X,0x80029BCC] -> 0x006F
mem[X,0x80029BCE] -> 0x00C0
[4179] [M]: 0x80029BCC (0x00C0006F) jal zero, 12


mem[X,0x80029BD8] -> 0x4CE3
mem[X,0x80029BDA] -> 0xFEB5
[4180] [M]: 0x80029BD8 (0xFEB54CE3) blt a0, a1, 8184


mem[X,0x80029BD0] -> 0x0113
mem[X,0x80029BD2] -> 0x0011
[4181] [M]: 0x80029BD0 (0x00110113) addi sp, sp, 1
x2 <- 0x00000001


mem[X,0x80029BD4] -> 0x006F
mem[X,0x80029BD6] -> 0x0180
[4182] [M]: 0x80029BD4 (0x0180006F) jal zero, 24


mem[X,0x80029BEC] -> 0xA823
mem[X,0x80029BEE] -> 0x6820
[4183] [M]: 0x80029BEC (0x6820A823) sw sp, 1680(ra)
mem[0x800397F8] <- 0x00000001


mem[X,0x80029BF0] -> 0x0513
mem[X,0x80029BF2] -> 0x0000
[4184] [M]: 0x80029BF0 (0x00000513) addi a0, zero, 0
x10 <- 0x00000000


mem[X,0x80029BF4] -> 0xB5B7
mem[X,0x80029BF6] -> 0x0000
[4185] [M]: 0x80029BF4 (0x0000B5B7) lui a1, 11
x11 <- 0x0000B000


mem[X,0x80029BF8] -> 0x8593
mem[X,0x80029BFA] -> 0x5035
[4186] [M]: 0x80029BF8 (0x50358593) addi a1, a1, 1283
x11 <- 0x0000B503


mem[X,0x80029BFC] -> 0x0113
mem[X,0x80029BFE] -> 0x0000
[4187] [M]: 0x80029BFC (0x00000113) addi sp, zero, 0
x2 <- 0x00000000


mem[X,0x80029C00] -> 0x006F
mem[X,0x80029C02] -> 0x00C0
[4188] [M]: 0x80029C00 (0x00C0006F) jal zero, 12


mem[X,0x80029C0C] -> 0x4663
mem[X,0x80029C0E] -> 0x00B5
[4189] [M]: 0x80029C0C (0x00B54663) blt a0, a1, 12


mem[X,0x80029C18] -> 0x0113
mem[X,0x80029C1A] -> 0x0031
[4190] [M]: 0x80029C18 (0x00310113) addi sp, sp, 3
x2 <- 0x00000003


mem[X,0x80029C1C] -> 0x006F
mem[X,0x80029C1E] -> 0x0040
[4191] [M]: 0x80029C1C (0x0040006F) jal zero, 4


mem[X,0x80029C20] -> 0xAA23
mem[X,0x80029C22] -> 0x6820
[4192] [M]: 0x80029C20 (0x6820AA23) sw sp, 1684(ra)
mem[0x800397FC] <- 0x00000003


mem[X,0x80029C24] -> 0x0513
mem[X,0x80029C26] -> 0x0000
[4193] [M]: 0x80029C24 (0x00000513) addi a0, zero, 0
x10 <- 0x00000000


mem[X,0x80029C28] -> 0x55B7
mem[X,0x80029C2A] -> 0x5555
[4194] [M]: 0x80029C28 (0x555555B7) lui a1, 349525
x11 <- 0x55555000


mem[X,0x80029C2C] -> 0x8593
mem[X,0x80029C2E] -> 0x5565
[4195] [M]: 0x80029C2C (0x55658593) addi a1, a1, 1366
x11 <- 0x55555556


mem[X,0x80029C30] -> 0x0113
mem[X,0x80029C32] -> 0x0000
[4196] [M]: 0x80029C30 (0x00000113) addi sp, zero, 0
x2 <- 0x00000000


mem[X,0x80029C34] -> 0x006F
mem[X,0x80029C36] -> 0x00C0
[4197] [M]: 0x80029C34 (0x00C0006F) jal zero, 12


mem[X,0x80029C40] -> 0x4063
mem[X,0x80029C42] -> 0x40B5
[4198] [M]: 0x80029C40 (0x40B54063) blt a0, a1, 1024


mem[X,0x8002A040] -> 0x0113
mem[X,0x8002A042] -> 0x0031
[4199] [M]: 0x8002A040 (0x00310113) addi sp, sp, 3
x2 <- 0x00000003


clint::tick mtime <- 0x000000000000002A
 clint timer pending at mtime 0x000000000000002A
htif::tick 0x0000000000000000
mem[X,0x8002A044] -> 0x006F
mem[X,0x8002A046] -> 0x0040
[4200] [M]: 0x8002A044 (0x0040006F) jal zero, 4


mem[X,0x8002A048] -> 0xAC23
mem[X,0x8002A04A] -> 0x6820
[4201] [M]: 0x8002A048 (0x6820AC23) sw sp, 1688(ra)
mem[0x80039800] <- 0x00000003


mem[X,0x8002A04C] -> 0x0513
mem[X,0x8002A04E] -> 0x0000
[4202] [M]: 0x8002A04C (0x00000513) addi a0, zero, 0
x10 <- 0x00000000


mem[X,0x8002A050] -> 0xB5B7
mem[X,0x8002A052] -> 0xAAAA
[4203] [M]: 0x8002A050 (0xAAAAB5B7) lui a1, 699051
x11 <- 0xAAAAB000


mem[X,0x8002A054] -> 0x8593
mem[X,0x8002A056] -> 0xAAB5
[4204] [M]: 0x8002A054 (0xAAB58593) addi a1, a1, 2731
x11 <- 0xAAAAAAAB


mem[X,0x8002A058] -> 0x0113
mem[X,0x8002A05A] -> 0x0000
[4205] [M]: 0x8002A058 (0x00000113) addi sp, zero, 0
x2 <- 0x00000000


mem[X,0x8002A05C] -> 0x006F
mem[X,0x8002A05E] -> 0x00C0
[4206] [M]: 0x8002A05C (0x00C0006F) jal zero, 12


mem[X,0x8002A068] -> 0x4663
mem[X,0x8002A06A] -> 0x00B5
[4207] [M]: 0x8002A068 (0x00B54663) blt a0, a1, 12


mem[X,0x8002A06C] -> 0x0113
mem[X,0x8002A06E] -> 0x0021
[4208] [M]: 0x8002A06C (0x00210113) addi sp, sp, 2
x2 <- 0x00000002


mem[X,0x8002A070] -> 0x006F
mem[X,0x8002A072] -> 0x00C0
[4209] [M]: 0x8002A070 (0x00C0006F) jal zero, 12


mem[X,0x8002A07C] -> 0xAE23
mem[X,0x8002A07E] -> 0x6820
[4210] [M]: 0x8002A07C (0x6820AE23) sw sp, 1692(ra)
mem[0x80039804] <- 0x00000002


mem[X,0x8002A080] -> 0x0513
mem[X,0x8002A082] -> 0x0000
[4211] [M]: 0x8002A080 (0x00000513) addi a0, zero, 0
x10 <- 0x00000000


mem[X,0x8002A084] -> 0x0593
mem[X,0x8002A086] -> 0x0060
[4212] [M]: 0x8002A084 (0x00600593) addi a1, zero, 6
x11 <- 0x00000006


mem[X,0x8002A088] -> 0x0113
mem[X,0x8002A08A] -> 0x0000
[4213] [M]: 0x8002A088 (0x00000113) addi sp, zero, 0
x2 <- 0x00000000


mem[X,0x8002A08C] -> 0x006F
mem[X,0x8002A08E] -> 0x00C0
[4214] [M]: 0x8002A08C (0x00C0006F) jal zero, 12


mem[X,0x8002A098] -> 0x4063
mem[X,0x8002A09A] -> 0x10B5
[4215] [M]: 0x8002A098 (0x10B54063) blt a0, a1, 256


mem[X,0x8002A198] -> 0x0113
mem[X,0x8002A19A] -> 0x0031
[4216] [M]: 0x8002A198 (0x00310113) addi sp, sp, 3
x2 <- 0x00000003


mem[X,0x8002A19C] -> 0x006F
mem[X,0x8002A19E] -> 0x0040
[4217] [M]: 0x8002A19C (0x0040006F) jal zero, 4


mem[X,0x8002A1A0] -> 0xA023
mem[X,0x8002A1A2] -> 0x6A20
[4218] [M]: 0x8002A1A0 (0x6A20A023) sw sp, 1696(ra)
mem[0x80039808] <- 0x00000003


mem[X,0x8002A1A4] -> 0x0513
mem[X,0x8002A1A6] -> 0x0000
[4219] [M]: 0x8002A1A4 (0x00000513) addi a0, zero, 0
x10 <- 0x00000000


mem[X,0x8002A1A8] -> 0x35B7
mem[X,0x8002A1AA] -> 0x3333
[4220] [M]: 0x8002A1A8 (0x333335B7) lui a1, 209715
x11 <- 0x33333000


mem[X,0x8002A1AC] -> 0x8593
mem[X,0x8002A1AE] -> 0x3345
[4221] [M]: 0x8002A1AC (0x33458593) addi a1, a1, 820
x11 <- 0x33333334


mem[X,0x8002A1B0] -> 0x0113
mem[X,0x8002A1B2] -> 0x0000
[4222] [M]: 0x8002A1B0 (0x00000113) addi sp, zero, 0
x2 <- 0x00000000


mem[X,0x8002A1B4] -> 0x006F
mem[X,0x8002A1B6] -> 0x00C0
[4223] [M]: 0x8002A1B4 (0x00C0006F) jal zero, 12


mem[X,0x8002A1C0] -> 0x4663
mem[X,0x8002A1C2] -> 0x00B5
[4224] [M]: 0x8002A1C0 (0x00B54663) blt a0, a1, 12


mem[X,0x8002A1CC] -> 0x0113
mem[X,0x8002A1CE] -> 0x0031
[4225] [M]: 0x8002A1CC (0x00310113) addi sp, sp, 3
x2 <- 0x00000003


mem[X,0x8002A1D0] -> 0x006F
mem[X,0x8002A1D2] -> 0x0040
[4226] [M]: 0x8002A1D0 (0x0040006F) jal zero, 4


mem[X,0x8002A1D4] -> 0xA223
mem[X,0x8002A1D6] -> 0x6A20
[4227] [M]: 0x8002A1D4 (0x6A20A223) sw sp, 1700(ra)
mem[0x8003980C] <- 0x00000003


mem[X,0x8002A1D8] -> 0x0513
mem[X,0x8002A1DA] -> 0x0000
[4228] [M]: 0x8002A1D8 (0x00000513) addi a0, zero, 0
x10 <- 0x00000000


mem[X,0x8002A1DC] -> 0x65B7
mem[X,0x8002A1DE] -> 0x6666
[4229] [M]: 0x8002A1DC (0x666665B7) lui a1, 419430
x11 <- 0x66666000


mem[X,0x8002A1E0] -> 0x8593
mem[X,0x8002A1E2] -> 0x6675
[4230] [M]: 0x8002A1E0 (0x66758593) addi a1, a1, 1639
x11 <- 0x66666667


mem[X,0x8002A1E4] -> 0x0113
mem[X,0x8002A1E6] -> 0x0000
[4231] [M]: 0x8002A1E4 (0x00000113) addi sp, zero, 0
x2 <- 0x00000000


mem[X,0x8002A1E8] -> 0x006F
mem[X,0x8002A1EA] -> 0x00C0
[4232] [M]: 0x8002A1E8 (0x00C0006F) jal zero, 12


mem[X,0x8002A1F4] -> 0x4063
mem[X,0x8002A1F6] -> 0x02B5
[4233] [M]: 0x8002A1F4 (0x02B54063) blt a0, a1, 32


mem[X,0x8002A214] -> 0x0113
mem[X,0x8002A216] -> 0x0031
[4234] [M]: 0x8002A214 (0x00310113) addi sp, sp, 3
x2 <- 0x00000003


mem[X,0x8002A218] -> 0x006F
mem[X,0x8002A21A] -> 0x0040
[4235] [M]: 0x8002A218 (0x0040006F) jal zero, 4


mem[X,0x8002A21C] -> 0xA423
mem[X,0x8002A21E] -> 0x6A20
[4236] [M]: 0x8002A21C (0x6A20A423) sw sp, 1704(ra)
mem[0x80039810] <- 0x00000003


mem[X,0x8002A220] -> 0x0513
mem[X,0x8002A222] -> 0x0000
[4237] [M]: 0x8002A220 (0x00000513) addi a0, zero, 0
x10 <- 0x00000000


mem[X,0x8002A224] -> 0x55B7
mem[X,0x8002A226] -> 0xFFFF
[4238] [M]: 0x8002A224 (0xFFFF55B7) lui a1, 1048565
x11 <- 0xFFFF5000


mem[X,0x8002A228] -> 0x8593
mem[X,0x8002A22A] -> 0xAFD5
[4239] [M]: 0x8002A228 (0xAFD58593) addi a1, a1, 2813
x11 <- 0xFFFF4AFD


mem[X,0x8002A22C] -> 0x0113
mem[X,0x8002A22E] -> 0x0000
[4240] [M]: 0x8002A22C (0x00000113) addi sp, zero, 0
x2 <- 0x00000000


mem[X,0x8002A230] -> 0x006F
mem[X,0x8002A232] -> 0x0100
[4241] [M]: 0x8002A230 (0x0100006F) jal zero, 16


mem[X,0x8002A240] -> 0x4AE3
mem[X,0x8002A242] -> 0xFEB5
[4242] [M]: 0x8002A240 (0xFEB54AE3) blt a0, a1, 8180


mem[X,0x8002A244] -> 0x0113
mem[X,0x8002A246] -> 0x0021
[4243] [M]: 0x8002A244 (0x00210113) addi sp, sp, 2
x2 <- 0x00000002


mem[X,0x8002A248] -> 0x006F
mem[X,0x8002A24A] -> 0x00C0
[4244] [M]: 0x8002A248 (0x00C0006F) jal zero, 12


mem[X,0x8002A254] -> 0xA623
mem[X,0x8002A256] -> 0x6A20
[4245] [M]: 0x8002A254 (0x6A20A623) sw sp, 1708(ra)
mem[0x80039814] <- 0x00000002


mem[X,0x8002A258] -> 0x0513
mem[X,0x8002A25A] -> 0x0000
[4246] [M]: 0x8002A258 (0x00000513) addi a0, zero, 0
x10 <- 0x00000000


mem[X,0x8002A25C] -> 0xB5B7
mem[X,0x8002A25E] -> 0x0000
[4247] [M]: 0x8002A25C (0x0000B5B7) lui a1, 11
x11 <- 0x0000B000


mem[X,0x8002A260] -> 0x8593
mem[X,0x8002A262] -> 0x5055
[4248] [M]: 0x8002A260 (0x50558593) addi a1, a1, 1285
x11 <- 0x0000B505


mem[X,0x8002A264] -> 0x0113
mem[X,0x8002A266] -> 0x0000
[4249] [M]: 0x8002A264 (0x00000113) addi sp, zero, 0
x2 <- 0x00000000


mem[X,0x8002A268] -> 0x006F
mem[X,0x8002A26A] -> 0x00C0
[4250] [M]: 0x8002A268 (0x00C0006F) jal zero, 12


mem[X,0x8002A274] -> 0x4663
mem[X,0x8002A276] -> 0x00B5
[4251] [M]: 0x8002A274 (0x00B54663) blt a0, a1, 12


mem[X,0x8002A280] -> 0x0113
mem[X,0x8002A282] -> 0x0031
[4252] [M]: 0x8002A280 (0x00310113) addi sp, sp, 3
x2 <- 0x00000003


mem[X,0x8002A284] -> 0x006F
mem[X,0x8002A286] -> 0x0040
[4253] [M]: 0x8002A284 (0x0040006F) jal zero, 4


mem[X,0x8002A288] -> 0xA823
mem[X,0x8002A28A] -> 0x6A20
[4254] [M]: 0x8002A288 (0x6A20A823) sw sp, 1712(ra)
mem[0x80039818] <- 0x00000003


mem[X,0x8002A28C] -> 0x0513
mem[X,0x8002A28E] -> 0x0040
[4255] [M]: 0x8002A28C (0x00400513) addi a0, zero, 4
x10 <- 0x00000004


mem[X,0x8002A290] -> 0x0593
mem[X,0x8002A292] -> 0x0030
[4256] [M]: 0x8002A290 (0x00300593) addi a1, zero, 3
x11 <- 0x00000003


mem[X,0x8002A294] -> 0x0113
mem[X,0x8002A296] -> 0x0000
[4257] [M]: 0x8002A294 (0x00000113) addi sp, zero, 0
x2 <- 0x00000000


mem[X,0x8002A298] -> 0x006F
mem[X,0x8002A29A] -> 0x00C0
[4258] [M]: 0x8002A298 (0x00C0006F) jal zero, 12


mem[X,0x8002A2A4] -> 0x4863
mem[X,0x8002A2A6] -> 0x00B5
[4259] [M]: 0x8002A2A4 (0x00B54863) blt a0, a1, 16


mem[X,0x8002A2A8] -> 0x0113
mem[X,0x8002A2AA] -> 0x0021
[4260] [M]: 0x8002A2A8 (0x00210113) addi sp, sp, 2
x2 <- 0x00000002


mem[X,0x8002A2AC] -> 0x006F
mem[X,0x8002A2AE] -> 0x0100
[4261] [M]: 0x8002A2AC (0x0100006F) jal zero, 16


mem[X,0x8002A2BC] -> 0xAA23
mem[X,0x8002A2BE] -> 0x6A20
[4262] [M]: 0x8002A2BC (0x6A20AA23) sw sp, 1716(ra)
mem[0x8003981C] <- 0x00000002


mem[X,0x8002A2C0] -> 0x0513
mem[X,0x8002A2C2] -> 0x0040
[4263] [M]: 0x8002A2C0 (0x00400513) addi a0, zero, 4
x10 <- 0x00000004


mem[X,0x8002A2C4] -> 0x55B7
mem[X,0x8002A2C6] -> 0x5555
[4264] [M]: 0x8002A2C4 (0x555555B7) lui a1, 349525
x11 <- 0x55555000


mem[X,0x8002A2C8] -> 0x8593
mem[X,0x8002A2CA] -> 0x5555
[4265] [M]: 0x8002A2C8 (0x55558593) addi a1, a1, 1365
x11 <- 0x55555555


mem[X,0x8002A2CC] -> 0x0113
mem[X,0x8002A2CE] -> 0x0000
[4266] [M]: 0x8002A2CC (0x00000113) addi sp, zero, 0
x2 <- 0x00000000


mem[X,0x8002A2D0] -> 0x006F
mem[X,0x8002A2D2] -> 0x0050
[4267] [M]: 0x8002A2D0 (0x0050006F) jal zero, 2052


mem[X,0x8002AAD4] -> 0x40E3
mem[X,0x8002AAD6] -> 0x80B5
[4268] [M]: 0x8002AAD4 (0x80B540E3) blt a0, a1, 6144


mem[X,0x8002A2D4] -> 0x0113
mem[X,0x8002A2D6] -> 0x0011
[4269] [M]: 0x8002A2D4 (0x00110113) addi sp, sp, 1
x2 <- 0x00000001


mem[X,0x8002A2D8] -> 0x006F
mem[X,0x8002A2DA] -> 0x0110
[4270] [M]: 0x8002A2D8 (0x0110006F) jal zero, 2064


mem[X,0x8002AAE8] -> 0xAC23
mem[X,0x8002AAEA] -> 0x6A20
[4271] [M]: 0x8002AAE8 (0x6A20AC23) sw sp, 1720(ra)
mem[0x80039820] <- 0x00000001


mem[X,0x8002AAEC] -> 0x0513
mem[X,0x8002AAEE] -> 0x0040
[4272] [M]: 0x8002AAEC (0x00400513) addi a0, zero, 4
x10 <- 0x00000004


mem[X,0x8002AAF0] -> 0xB5B7
mem[X,0x8002AAF2] -> 0xAAAA
[4273] [M]: 0x8002AAF0 (0xAAAAB5B7) lui a1, 699051
x11 <- 0xAAAAB000


mem[X,0x8002AAF4] -> 0x8593
mem[X,0x8002AAF6] -> 0xAAA5
[4274] [M]: 0x8002AAF4 (0xAAA58593) addi a1, a1, 2730
x11 <- 0xAAAAAAAA


mem[X,0x8002AAF8] -> 0x0113
mem[X,0x8002AAFA] -> 0x0000
[4275] [M]: 0x8002AAF8 (0x00000113) addi sp, zero, 0
x2 <- 0x00000000


mem[X,0x8002AAFC] -> 0x006F
mem[X,0x8002AAFE] -> 0x00C0
[4276] [M]: 0x8002AAFC (0x00C0006F) jal zero, 12


mem[X,0x8002AB08] -> 0x4CE3
mem[X,0x8002AB0A] -> 0xFEB5
[4277] [M]: 0x8002AB08 (0xFEB54CE3) blt a0, a1, 8184


mem[X,0x8002AB0C] -> 0x0113
mem[X,0x8002AB0E] -> 0x0021
[4278] [M]: 0x8002AB0C (0x00210113) addi sp, sp, 2
x2 <- 0x00000002


mem[X,0x8002AB10] -> 0x006F
mem[X,0x8002AB12] -> 0x00C0
[4279] [M]: 0x8002AB10 (0x00C0006F) jal zero, 12


mem[X,0x8002AB1C] -> 0xAE23
mem[X,0x8002AB1E] -> 0x6A20
[4280] [M]: 0x8002AB1C (0x6A20AE23) sw sp, 1724(ra)
mem[0x80039824] <- 0x00000002


mem[X,0x8002AB20] -> 0x0513
mem[X,0x8002AB22] -> 0x0040
[4281] [M]: 0x8002AB20 (0x00400513) addi a0, zero, 4
x10 <- 0x00000004


mem[X,0x8002AB24] -> 0x0593
mem[X,0x8002AB26] -> 0x0050
[4282] [M]: 0x8002AB24 (0x00500593) addi a1, zero, 5
x11 <- 0x00000005


mem[X,0x8002AB28] -> 0x0113
mem[X,0x8002AB2A] -> 0x0000
[4283] [M]: 0x8002AB28 (0x00000113) addi sp, zero, 0
x2 <- 0x00000000


mem[X,0x8002AB2C] -> 0x006F
mem[X,0x8002AB2E] -> 0x00C0
[4284] [M]: 0x8002AB2C (0x00C0006F) jal zero, 12


mem[X,0x8002AB38] -> 0x4063
mem[X,0x8002AB3A] -> 0x04B5
[4285] [M]: 0x8002AB38 (0x04B54063) blt a0, a1, 64


mem[X,0x8002AB78] -> 0x0113
mem[X,0x8002AB7A] -> 0x0031
[4286] [M]: 0x8002AB78 (0x00310113) addi sp, sp, 3
x2 <- 0x00000003


mem[X,0x8002AB7C] -> 0x006F
mem[X,0x8002AB7E] -> 0x0040
[4287] [M]: 0x8002AB7C (0x0040006F) jal zero, 4


mem[X,0x8002AB80] -> 0xA023
mem[X,0x8002AB82] -> 0x6C20
[4288] [M]: 0x8002AB80 (0x6C20A023) sw sp, 1728(ra)
mem[0x80039828] <- 0x00000003


mem[X,0x8002AB84] -> 0x0513
mem[X,0x8002AB86] -> 0x0040
[4289] [M]: 0x8002AB84 (0x00400513) addi a0, zero, 4
x10 <- 0x00000004


mem[X,0x8002AB88] -> 0x35B7
mem[X,0x8002AB8A] -> 0x3333
[4290] [M]: 0x8002AB88 (0x333335B7) lui a1, 209715
x11 <- 0x33333000


mem[X,0x8002AB8C] -> 0x8593
mem[X,0x8002AB8E] -> 0x3335
[4291] [M]: 0x8002AB8C (0x33358593) addi a1, a1, 819
x11 <- 0x33333333


mem[X,0x8002AB90] -> 0x0113
mem[X,0x8002AB92] -> 0x0000
[4292] [M]: 0x8002AB90 (0x00000113) addi sp, zero, 0
x2 <- 0x00000000


mem[X,0x8002AB94] -> 0x006F
mem[X,0x8002AB96] -> 0x00C0
[4293] [M]: 0x8002AB94 (0x00C0006F) jal zero, 12


mem[X,0x8002ABA0] -> 0x4663
mem[X,0x8002ABA2] -> 0x00B5
[4294] [M]: 0x8002ABA0 (0x00B54663) blt a0, a1, 12


mem[X,0x8002ABAC] -> 0x0113
mem[X,0x8002ABAE] -> 0x0031
[4295] [M]: 0x8002ABAC (0x00310113) addi sp, sp, 3
x2 <- 0x00000003


mem[X,0x8002ABB0] -> 0x006F
mem[X,0x8002ABB2] -> 0x0040
[4296] [M]: 0x8002ABB0 (0x0040006F) jal zero, 4


mem[X,0x8002ABB4] -> 0xA223
mem[X,0x8002ABB6] -> 0x6C20
[4297] [M]: 0x8002ABB4 (0x6C20A223) sw sp, 1732(ra)
mem[0x8003982C] <- 0x00000003


mem[X,0x8002ABB8] -> 0x0513
mem[X,0x8002ABBA] -> 0x0040
[4298] [M]: 0x8002ABB8 (0x00400513) addi a0, zero, 4
x10 <- 0x00000004


mem[X,0x8002ABBC] -> 0x65B7
mem[X,0x8002ABBE] -> 0x6666
[4299] [M]: 0x8002ABBC (0x666665B7) lui a1, 419430
x11 <- 0x66666000


clint::tick mtime <- 0x000000000000002B
 clint timer pending at mtime 0x000000000000002B
htif::tick 0x0000000000000000
mem[X,0x8002ABC0] -> 0x8593
mem[X,0x8002ABC2] -> 0x6665
[4300] [M]: 0x8002ABC0 (0x66658593) addi a1, a1, 1638
x11 <- 0x66666666


mem[X,0x8002ABC4] -> 0x0113
mem[X,0x8002ABC6] -> 0x0000
[4301] [M]: 0x8002ABC4 (0x00000113) addi sp, zero, 0
x2 <- 0x00000000


mem[X,0x8002ABC8] -> 0x006F
mem[X,0x8002ABCA] -> 0x00C0
[4302] [M]: 0x8002ABC8 (0x00C0006F) jal zero, 12


mem[X,0x8002ABD4] -> 0x4063
mem[X,0x8002ABD6] -> 0x10B5
[4303] [M]: 0x8002ABD4 (0x10B54063) blt a0, a1, 256


mem[X,0x8002ACD4] -> 0x0113
mem[X,0x8002ACD6] -> 0x0031
[4304] [M]: 0x8002ACD4 (0x00310113) addi sp, sp, 3
x2 <- 0x00000003


mem[X,0x8002ACD8] -> 0x006F
mem[X,0x8002ACDA] -> 0x0040
[4305] [M]: 0x8002ACD8 (0x0040006F) jal zero, 4


mem[X,0x8002ACDC] -> 0xA423
mem[X,0x8002ACDE] -> 0x6C20
[4306] [M]: 0x8002ACDC (0x6C20A423) sw sp, 1736(ra)
mem[0x80039830] <- 0x00000003


mem[X,0x8002ACE0] -> 0x0513
mem[X,0x8002ACE2] -> 0x0040
[4307] [M]: 0x8002ACE0 (0x00400513) addi a0, zero, 4
x10 <- 0x00000004


mem[X,0x8002ACE4] -> 0x55B7
mem[X,0x8002ACE6] -> 0xFFFF
[4308] [M]: 0x8002ACE4 (0xFFFF55B7) lui a1, 1048565
x11 <- 0xFFFF5000


mem[X,0x8002ACE8] -> 0x8593
mem[X,0x8002ACEA] -> 0xAFC5
[4309] [M]: 0x8002ACE8 (0xAFC58593) addi a1, a1, 2812
x11 <- 0xFFFF4AFC


mem[X,0x8002ACEC] -> 0x0113
mem[X,0x8002ACEE] -> 0x0000
[4310] [M]: 0x8002ACEC (0x00000113) addi sp, zero, 0
x2 <- 0x00000000


mem[X,0x8002ACF0] -> 0x006F
mem[X,0x8002ACF2] -> 0x00C0
[4311] [M]: 0x8002ACF0 (0x00C0006F) jal zero, 12


mem[X,0x8002ACFC] -> 0x4663
mem[X,0x8002ACFE] -> 0x00B5
[4312] [M]: 0x8002ACFC (0x00B54663) blt a0, a1, 12


mem[X,0x8002AD00] -> 0x0113
mem[X,0x8002AD02] -> 0x0021
[4313] [M]: 0x8002AD00 (0x00210113) addi sp, sp, 2
x2 <- 0x00000002


mem[X,0x8002AD04] -> 0x006F
mem[X,0x8002AD06] -> 0x00C0
[4314] [M]: 0x8002AD04 (0x00C0006F) jal zero, 12


mem[X,0x8002AD10] -> 0xA623
mem[X,0x8002AD12] -> 0x6C20
[4315] [M]: 0x8002AD10 (0x6C20A623) sw sp, 1740(ra)
mem[0x80039834] <- 0x00000002


mem[X,0x8002AD14] -> 0x0513
mem[X,0x8002AD16] -> 0x0040
[4316] [M]: 0x8002AD14 (0x00400513) addi a0, zero, 4
x10 <- 0x00000004


mem[X,0x8002AD18] -> 0xB5B7
mem[X,0x8002AD1A] -> 0x0000
[4317] [M]: 0x8002AD18 (0x0000B5B7) lui a1, 11
x11 <- 0x0000B000


mem[X,0x8002AD1C] -> 0x8593
mem[X,0x8002AD1E] -> 0x5045
[4318] [M]: 0x8002AD1C (0x50458593) addi a1, a1, 1284
x11 <- 0x0000B504


mem[X,0x8002AD20] -> 0x0113
mem[X,0x8002AD22] -> 0x0000
[4319] [M]: 0x8002AD20 (0x00000113) addi sp, zero, 0
x2 <- 0x00000000


mem[X,0x8002AD24] -> 0x006F
mem[X,0x8002AD26] -> 0x00C0
[4320] [M]: 0x8002AD24 (0x00C0006F) jal zero, 12


mem[X,0x8002AD30] -> 0x4063
mem[X,0x8002AD32] -> 0x02B5
[4321] [M]: 0x8002AD30 (0x02B54063) blt a0, a1, 32


mem[X,0x8002AD50] -> 0x0113
mem[X,0x8002AD52] -> 0x0031
[4322] [M]: 0x8002AD50 (0x00310113) addi sp, sp, 3
x2 <- 0x00000003


mem[X,0x8002AD54] -> 0x006F
mem[X,0x8002AD56] -> 0x0040
[4323] [M]: 0x8002AD54 (0x0040006F) jal zero, 4


mem[X,0x8002AD58] -> 0xA823
mem[X,0x8002AD5A] -> 0x6C20
[4324] [M]: 0x8002AD58 (0x6C20A823) sw sp, 1744(ra)
mem[0x80039838] <- 0x00000003


mem[X,0x8002AD5C] -> 0x0513
mem[X,0x8002AD5E] -> 0x0040
[4325] [M]: 0x8002AD5C (0x00400513) addi a0, zero, 4
x10 <- 0x00000004


mem[X,0x8002AD60] -> 0x55B7
mem[X,0x8002AD62] -> 0x5555
[4326] [M]: 0x8002AD60 (0x555555B7) lui a1, 349525
x11 <- 0x55555000


mem[X,0x8002AD64] -> 0x8593
mem[X,0x8002AD66] -> 0x5545
[4327] [M]: 0x8002AD64 (0x55458593) addi a1, a1, 1364
x11 <- 0x55555554


mem[X,0x8002AD68] -> 0x0113
mem[X,0x8002AD6A] -> 0x0000
[4328] [M]: 0x8002AD68 (0x00000113) addi sp, zero, 0
x2 <- 0x00000000


mem[X,0x8002AD6C] -> 0x006F
mem[X,0x8002AD6E] -> 0x00C0
[4329] [M]: 0x8002AD6C (0x00C0006F) jal zero, 12


mem[X,0x8002AD78] -> 0x4CE3
mem[X,0x8002AD7A] -> 0xFEB5
[4330] [M]: 0x8002AD78 (0xFEB54CE3) blt a0, a1, 8184


mem[X,0x8002AD70] -> 0x0113
mem[X,0x8002AD72] -> 0x0011
[4331] [M]: 0x8002AD70 (0x00110113) addi sp, sp, 1
x2 <- 0x00000001


mem[X,0x8002AD74] -> 0x006F
mem[X,0x8002AD76] -> 0x0180
[4332] [M]: 0x8002AD74 (0x0180006F) jal zero, 24


mem[X,0x8002AD8C] -> 0xAA23
mem[X,0x8002AD8E] -> 0x6C20
[4333] [M]: 0x8002AD8C (0x6C20AA23) sw sp, 1748(ra)
mem[0x8003983C] <- 0x00000001


mem[X,0x8002AD90] -> 0x0513
mem[X,0x8002AD92] -> 0x0040
[4334] [M]: 0x8002AD90 (0x00400513) addi a0, zero, 4
x10 <- 0x00000004


mem[X,0x8002AD94] -> 0x0593
mem[X,0x8002AD96] -> 0x0000
[4335] [M]: 0x8002AD94 (0x00000593) addi a1, zero, 0
x11 <- 0x00000000


mem[X,0x8002AD98] -> 0x0113
mem[X,0x8002AD9A] -> 0x0000
[4336] [M]: 0x8002AD98 (0x00000113) addi sp, zero, 0
x2 <- 0x00000000


mem[X,0x8002AD9C] -> 0x006F
mem[X,0x8002AD9E] -> 0x00C0
[4337] [M]: 0x8002AD9C (0x00C0006F) jal zero, 12


mem[X,0x8002ADA8] -> 0x4CE3
mem[X,0x8002ADAA] -> 0xFEB5
[4338] [M]: 0x8002ADA8 (0xFEB54CE3) blt a0, a1, 8184


mem[X,0x8002ADAC] -> 0x0113
mem[X,0x8002ADAE] -> 0x0021
[4339] [M]: 0x8002ADAC (0x00210113) addi sp, sp, 2
x2 <- 0x00000002


mem[X,0x8002ADB0] -> 0x006F
mem[X,0x8002ADB2] -> 0x00C0
[4340] [M]: 0x8002ADB0 (0x00C0006F) jal zero, 12


mem[X,0x8002ADBC] -> 0xAC23
mem[X,0x8002ADBE] -> 0x6C20
[4341] [M]: 0x8002ADBC (0x6C20AC23) sw sp, 1752(ra)
mem[0x80039840] <- 0x00000002


mem[X,0x8002ADC0] -> 0x0513
mem[X,0x8002ADC2] -> 0x0040
[4342] [M]: 0x8002ADC0 (0x00400513) addi a0, zero, 4
x10 <- 0x00000004


mem[X,0x8002ADC4] -> 0x0593
mem[X,0x8002ADC6] -> 0x0040
[4343] [M]: 0x8002ADC4 (0x00400593) addi a1, zero, 4
x11 <- 0x00000004


mem[X,0x8002ADC8] -> 0x0113
mem[X,0x8002ADCA] -> 0x0000
[4344] [M]: 0x8002ADC8 (0x00000113) addi sp, zero, 0
x2 <- 0x00000000


mem[X,0x8002ADCC] -> 0x006F
mem[X,0x8002ADCE] -> 0x00C0
[4345] [M]: 0x8002ADCC (0x00C0006F) jal zero, 12


mem[X,0x8002ADD8] -> 0x4CE3
mem[X,0x8002ADDA] -> 0xFEB5
[4346] [M]: 0x8002ADD8 (0xFEB54CE3) blt a0, a1, 8184


mem[X,0x8002ADDC] -> 0x0113
mem[X,0x8002ADDE] -> 0x0021
[4347] [M]: 0x8002ADDC (0x00210113) addi sp, sp, 2
x2 <- 0x00000002


mem[X,0x8002ADE0] -> 0x006F
mem[X,0x8002ADE2] -> 0x00C0
[4348] [M]: 0x8002ADE0 (0x00C0006F) jal zero, 12


mem[X,0x8002ADEC] -> 0xAE23
mem[X,0x8002ADEE] -> 0x6C20
[4349] [M]: 0x8002ADEC (0x6C20AE23) sw sp, 1756(ra)
mem[0x80039844] <- 0x00000002


mem[X,0x8002ADF0] -> 0x0513
mem[X,0x8002ADF2] -> 0x0040
[4350] [M]: 0x8002ADF0 (0x00400513) addi a0, zero, 4
x10 <- 0x00000004


mem[X,0x8002ADF4] -> 0x35B7
mem[X,0x8002ADF6] -> 0x3333
[4351] [M]: 0x8002ADF4 (0x333335B7) lui a1, 209715
x11 <- 0x33333000


mem[X,0x8002ADF8] -> 0x8593
mem[X,0x8002ADFA] -> 0x3325
[4352] [M]: 0x8002ADF8 (0x33258593) addi a1, a1, 818
x11 <- 0x33333332


mem[X,0x8002ADFC] -> 0x0113
mem[X,0x8002ADFE] -> 0x0000
[4353] [M]: 0x8002ADFC (0x00000113) addi sp, zero, 0
x2 <- 0x00000000


mem[X,0x8002AE00] -> 0x006F
mem[X,0x8002AE02] -> 0x2B10
[4354] [M]: 0x8002AE00 (0x2B10006F) jal zero, 2736


mem[X,0x8002B8B0] -> 0x4A63
mem[X,0x8002B8B2] -> 0xD4B5
[4355] [M]: 0x8002B8B0 (0xD4B54A63) blt a0, a1, 5460


mem[X,0x8002AE04] -> 0x0113
mem[X,0x8002AE06] -> 0x0011
[4356] [M]: 0x8002AE04 (0x00110113) addi sp, sp, 1
x2 <- 0x00000001


mem[X,0x8002AE08] -> 0x006F
mem[X,0x8002AE0A] -> 0x2BD0
[4357] [M]: 0x8002AE08 (0x2BD0006F) jal zero, 2748


mem[X,0x8002B8C4] -> 0xA023
mem[X,0x8002B8C6] -> 0x6E20
[4358] [M]: 0x8002B8C4 (0x6E20A023) sw sp, 1760(ra)
mem[0x80039848] <- 0x00000001


mem[X,0x8002B8C8] -> 0x0513
mem[X,0x8002B8CA] -> 0x0040
[4359] [M]: 0x8002B8C8 (0x00400513) addi a0, zero, 4
x10 <- 0x00000004


mem[X,0x8002B8CC] -> 0x65B7
mem[X,0x8002B8CE] -> 0x6666
[4360] [M]: 0x8002B8CC (0x666665B7) lui a1, 419430
x11 <- 0x66666000


mem[X,0x8002B8D0] -> 0x8593
mem[X,0x8002B8D2] -> 0x6655
[4361] [M]: 0x8002B8D0 (0x66558593) addi a1, a1, 1637
x11 <- 0x66666665


mem[X,0x8002B8D4] -> 0x0113
mem[X,0x8002B8D6] -> 0x0000
[4362] [M]: 0x8002B8D4 (0x00000113) addi sp, zero, 0
x2 <- 0x00000000


mem[X,0x8002B8D8] -> 0x006F
mem[X,0x8002B8DA] -> 0x00C0
[4363] [M]: 0x8002B8D8 (0x00C0006F) jal zero, 12


mem[X,0x8002B8E4] -> 0x4663
mem[X,0x8002B8E6] -> 0x00B5
[4364] [M]: 0x8002B8E4 (0x00B54663) blt a0, a1, 12


mem[X,0x8002B8F0] -> 0x0113
mem[X,0x8002B8F2] -> 0x0031
[4365] [M]: 0x8002B8F0 (0x00310113) addi sp, sp, 3
x2 <- 0x00000003


mem[X,0x8002B8F4] -> 0x006F
mem[X,0x8002B8F6] -> 0x0040
[4366] [M]: 0x8002B8F4 (0x0040006F) jal zero, 4


mem[X,0x8002B8F8] -> 0xA223
mem[X,0x8002B8FA] -> 0x6E20
[4367] [M]: 0x8002B8F8 (0x6E20A223) sw sp, 1764(ra)
mem[0x8003984C] <- 0x00000003


mem[X,0x8002B8FC] -> 0x0513
mem[X,0x8002B8FE] -> 0x0040
[4368] [M]: 0x8002B8FC (0x00400513) addi a0, zero, 4
x10 <- 0x00000004


mem[X,0x8002B900] -> 0xB5B7
mem[X,0x8002B902] -> 0x0000
[4369] [M]: 0x8002B900 (0x0000B5B7) lui a1, 11
x11 <- 0x0000B000


mem[X,0x8002B904] -> 0x8593
mem[X,0x8002B906] -> 0x5035
[4370] [M]: 0x8002B904 (0x50358593) addi a1, a1, 1283
x11 <- 0x0000B503


mem[X,0x8002B908] -> 0x0113
mem[X,0x8002B90A] -> 0x0000
[4371] [M]: 0x8002B908 (0x00000113) addi sp, zero, 0
x2 <- 0x00000000


mem[X,0x8002B90C] -> 0x006F
mem[X,0x8002B90E] -> 0x00C0
[4372] [M]: 0x8002B90C (0x00C0006F) jal zero, 12


mem[X,0x8002B918] -> 0x4063
mem[X,0x8002B91A] -> 0x04B5
[4373] [M]: 0x8002B918 (0x04B54063) blt a0, a1, 64


mem[X,0x8002B958] -> 0x0113
mem[X,0x8002B95A] -> 0x0031
[4374] [M]: 0x8002B958 (0x00310113) addi sp, sp, 3
x2 <- 0x00000003


mem[X,0x8002B95C] -> 0x006F
mem[X,0x8002B95E] -> 0x0040
[4375] [M]: 0x8002B95C (0x0040006F) jal zero, 4


mem[X,0x8002B960] -> 0xA423
mem[X,0x8002B962] -> 0x6E20
[4376] [M]: 0x8002B960 (0x6E20A423) sw sp, 1768(ra)
mem[0x80039850] <- 0x00000003


mem[X,0x8002B964] -> 0x0513
mem[X,0x8002B966] -> 0x0040
[4377] [M]: 0x8002B964 (0x00400513) addi a0, zero, 4
x10 <- 0x00000004


mem[X,0x8002B968] -> 0x55B7
mem[X,0x8002B96A] -> 0x5555
[4378] [M]: 0x8002B968 (0x555555B7) lui a1, 349525
x11 <- 0x55555000


mem[X,0x8002B96C] -> 0x8593
mem[X,0x8002B96E] -> 0x5565
[4379] [M]: 0x8002B96C (0x55658593) addi a1, a1, 1366
x11 <- 0x55555556


mem[X,0x8002B970] -> 0x0113
mem[X,0x8002B972] -> 0x0000
[4380] [M]: 0x8002B970 (0x00000113) addi sp, zero, 0
x2 <- 0x00000000


mem[X,0x8002B974] -> 0x006F
mem[X,0x8002B976] -> 0x00C0
[4381] [M]: 0x8002B974 (0x00C0006F) jal zero, 12


mem[X,0x8002B980] -> 0x4063
mem[X,0x8002B982] -> 0x08B5
[4382] [M]: 0x8002B980 (0x08B54063) blt a0, a1, 128


mem[X,0x8002BA00] -> 0x0113
mem[X,0x8002BA02] -> 0x0031
[4383] [M]: 0x8002BA00 (0x00310113) addi sp, sp, 3
x2 <- 0x00000003


mem[X,0x8002BA04] -> 0x006F
mem[X,0x8002BA06] -> 0x0040
[4384] [M]: 0x8002BA04 (0x0040006F) jal zero, 4


mem[X,0x8002BA08] -> 0xA623
mem[X,0x8002BA0A] -> 0x6E20
[4385] [M]: 0x8002BA08 (0x6E20A623) sw sp, 1772(ra)
mem[0x80039854] <- 0x00000003


mem[X,0x8002BA0C] -> 0x0513
mem[X,0x8002BA0E] -> 0x0040
[4386] [M]: 0x8002BA0C (0x00400513) addi a0, zero, 4
x10 <- 0x00000004


mem[X,0x8002BA10] -> 0xB5B7
mem[X,0x8002BA12] -> 0xAAAA
[4387] [M]: 0x8002BA10 (0xAAAAB5B7) lui a1, 699051
x11 <- 0xAAAAB000


mem[X,0x8002BA14] -> 0x8593
mem[X,0x8002BA16] -> 0xAAB5
[4388] [M]: 0x8002BA14 (0xAAB58593) addi a1, a1, 2731
x11 <- 0xAAAAAAAB


mem[X,0x8002BA18] -> 0x0113
mem[X,0x8002BA1A] -> 0x0000
[4389] [M]: 0x8002BA18 (0x00000113) addi sp, zero, 0
x2 <- 0x00000000


mem[X,0x8002BA1C] -> 0x006F
mem[X,0x8002BA1E] -> 0x00C0
[4390] [M]: 0x8002BA1C (0x00C0006F) jal zero, 12


mem[X,0x8002BA28] -> 0x4863
mem[X,0x8002BA2A] -> 0x00B5
[4391] [M]: 0x8002BA28 (0x00B54863) blt a0, a1, 16


mem[X,0x8002BA2C] -> 0x0113
mem[X,0x8002BA2E] -> 0x0021
[4392] [M]: 0x8002BA2C (0x00210113) addi sp, sp, 2
x2 <- 0x00000002


mem[X,0x8002BA30] -> 0x006F
mem[X,0x8002BA32] -> 0x0100
[4393] [M]: 0x8002BA30 (0x0100006F) jal zero, 16


mem[X,0x8002BA40] -> 0xA823
mem[X,0x8002BA42] -> 0x6E20
[4394] [M]: 0x8002BA40 (0x6E20A823) sw sp, 1776(ra)
mem[0x80039858] <- 0x00000002


mem[X,0x8002BA44] -> 0x0513
mem[X,0x8002BA46] -> 0x0040
[4395] [M]: 0x8002BA44 (0x00400513) addi a0, zero, 4
x10 <- 0x00000004


mem[X,0x8002BA48] -> 0x0593
mem[X,0x8002BA4A] -> 0x0060
[4396] [M]: 0x8002BA48 (0x00600593) addi a1, zero, 6
x11 <- 0x00000006


mem[X,0x8002BA4C] -> 0x0113
mem[X,0x8002BA4E] -> 0x0000
[4397] [M]: 0x8002BA4C (0x00000113) addi sp, zero, 0
x2 <- 0x00000000


mem[X,0x8002BA50] -> 0x006F
mem[X,0x8002BA52] -> 0x00C0
[4398] [M]: 0x8002BA50 (0x00C0006F) jal zero, 12


mem[X,0x8002BA5C] -> 0x4063
mem[X,0x8002BA5E] -> 0x04B5
[4399] [M]: 0x8002BA5C (0x04B54063) blt a0, a1, 64


clint::tick mtime <- 0x000000000000002C
 clint timer pending at mtime 0x000000000000002C
htif::tick 0x0000000000000000
mem[X,0x8002BA9C] -> 0x0113
mem[X,0x8002BA9E] -> 0x0031
[4400] [M]: 0x8002BA9C (0x00310113) addi sp, sp, 3
x2 <- 0x00000003


mem[X,0x8002BAA0] -> 0x006F
mem[X,0x8002BAA2] -> 0x0040
[4401] [M]: 0x8002BAA0 (0x0040006F) jal zero, 4


mem[X,0x8002BAA4] -> 0xAA23
mem[X,0x8002BAA6] -> 0x6E20
[4402] [M]: 0x8002BAA4 (0x6E20AA23) sw sp, 1780(ra)
mem[0x8003985C] <- 0x00000003


mem[X,0x8002BAA8] -> 0x0513
mem[X,0x8002BAAA] -> 0x0040
[4403] [M]: 0x8002BAA8 (0x00400513) addi a0, zero, 4
x10 <- 0x00000004


mem[X,0x8002BAAC] -> 0x35B7
mem[X,0x8002BAAE] -> 0x3333
[4404] [M]: 0x8002BAAC (0x333335B7) lui a1, 209715
x11 <- 0x33333000


mem[X,0x8002BAB0] -> 0x8593
mem[X,0x8002BAB2] -> 0x3345
[4405] [M]: 0x8002BAB0 (0x33458593) addi a1, a1, 820
x11 <- 0x33333334


mem[X,0x8002BAB4] -> 0x0113
mem[X,0x8002BAB6] -> 0x0000
[4406] [M]: 0x8002BAB4 (0x00000113) addi sp, zero, 0
x2 <- 0x00000000


mem[X,0x8002BAB8] -> 0x006F
mem[X,0x8002BABA] -> 0x00C0
[4407] [M]: 0x8002BAB8 (0x00C0006F) jal zero, 12


mem[X,0x8002BAC4] -> 0x4063
mem[X,0x8002BAC6] -> 0x20B5
[4408] [M]: 0x8002BAC4 (0x20B54063) blt a0, a1, 512


mem[X,0x8002BCC4] -> 0x0113
mem[X,0x8002BCC6] -> 0x0031
[4409] [M]: 0x8002BCC4 (0x00310113) addi sp, sp, 3
x2 <- 0x00000003


mem[X,0x8002BCC8] -> 0x006F
mem[X,0x8002BCCA] -> 0x0040
[4410] [M]: 0x8002BCC8 (0x0040006F) jal zero, 4


mem[X,0x8002BCCC] -> 0xAC23
mem[X,0x8002BCCE] -> 0x6E20
[4411] [M]: 0x8002BCCC (0x6E20AC23) sw sp, 1784(ra)
mem[0x80039860] <- 0x00000003


mem[X,0x8002BCD0] -> 0x0513
mem[X,0x8002BCD2] -> 0x0040
[4412] [M]: 0x8002BCD0 (0x00400513) addi a0, zero, 4
x10 <- 0x00000004


mem[X,0x8002BCD4] -> 0x65B7
mem[X,0x8002BCD6] -> 0x6666
[4413] [M]: 0x8002BCD4 (0x666665B7) lui a1, 419430
x11 <- 0x66666000


mem[X,0x8002BCD8] -> 0x8593
mem[X,0x8002BCDA] -> 0x6675
[4414] [M]: 0x8002BCD8 (0x66758593) addi a1, a1, 1639
x11 <- 0x66666667


mem[X,0x8002BCDC] -> 0x0113
mem[X,0x8002BCDE] -> 0x0000
[4415] [M]: 0x8002BCDC (0x00000113) addi sp, zero, 0
x2 <- 0x00000000


mem[X,0x8002BCE0] -> 0x006F
mem[X,0x8002BCE2] -> 0x0140
[4416] [M]: 0x8002BCE0 (0x0140006F) jal zero, 20


mem[X,0x8002BCF4] -> 0x48E3
mem[X,0x8002BCF6] -> 0xFEB5
[4417] [M]: 0x8002BCF4 (0xFEB548E3) blt a0, a1, 8176


mem[X,0x8002BCE4] -> 0x0113
mem[X,0x8002BCE6] -> 0x0011
[4418] [M]: 0x8002BCE4 (0x00110113) addi sp, sp, 1
x2 <- 0x00000001


mem[X,0x8002BCE8] -> 0x006F
mem[X,0x8002BCEA] -> 0x0200
[4419] [M]: 0x8002BCE8 (0x0200006F) jal zero, 32


mem[X,0x8002BD08] -> 0xAE23
mem[X,0x8002BD0A] -> 0x6E20
[4420] [M]: 0x8002BD08 (0x6E20AE23) sw sp, 1788(ra)
mem[0x80039864] <- 0x00000001


mem[X,0x8002BD0C] -> 0x0513
mem[X,0x8002BD0E] -> 0x0040
[4421] [M]: 0x8002BD0C (0x00400513) addi a0, zero, 4
x10 <- 0x00000004


mem[X,0x8002BD10] -> 0x55B7
mem[X,0x8002BD12] -> 0xFFFF
[4422] [M]: 0x8002BD10 (0xFFFF55B7) lui a1, 1048565
x11 <- 0xFFFF5000


mem[X,0x8002BD14] -> 0x8593
mem[X,0x8002BD16] -> 0xAFD5
[4423] [M]: 0x8002BD14 (0xAFD58593) addi a1, a1, 2813
x11 <- 0xFFFF4AFD


mem[X,0x8002BD18] -> 0x0113
mem[X,0x8002BD1A] -> 0x0000
[4424] [M]: 0x8002BD18 (0x00000113) addi sp, zero, 0
x2 <- 0x00000000


mem[X,0x8002BD1C] -> 0x006F
mem[X,0x8002BD1E] -> 0x00C0
[4425] [M]: 0x8002BD1C (0x00C0006F) jal zero, 12


mem[X,0x8002BD28] -> 0x4CE3
mem[X,0x8002BD2A] -> 0xFEB5
[4426] [M]: 0x8002BD28 (0xFEB54CE3) blt a0, a1, 8184


mem[X,0x8002BD2C] -> 0x0113
mem[X,0x8002BD2E] -> 0x0021
[4427] [M]: 0x8002BD2C (0x00210113) addi sp, sp, 2
x2 <- 0x00000002


mem[X,0x8002BD30] -> 0x006F
mem[X,0x8002BD32] -> 0x00C0
[4428] [M]: 0x8002BD30 (0x00C0006F) jal zero, 12


mem[X,0x8002BD3C] -> 0xA023
mem[X,0x8002BD3E] -> 0x7020
[4429] [M]: 0x8002BD3C (0x7020A023) sw sp, 1792(ra)
mem[0x80039868] <- 0x00000002


mem[X,0x8002BD40] -> 0x0513
mem[X,0x8002BD42] -> 0x0040
[4430] [M]: 0x8002BD40 (0x00400513) addi a0, zero, 4
x10 <- 0x00000004


mem[X,0x8002BD44] -> 0xB5B7
mem[X,0x8002BD46] -> 0x0000
[4431] [M]: 0x8002BD44 (0x0000B5B7) lui a1, 11
x11 <- 0x0000B000


mem[X,0x8002BD48] -> 0x8593
mem[X,0x8002BD4A] -> 0x5055
[4432] [M]: 0x8002BD48 (0x50558593) addi a1, a1, 1285
x11 <- 0x0000B505


mem[X,0x8002BD4C] -> 0x0113
mem[X,0x8002BD4E] -> 0x0000
[4433] [M]: 0x8002BD4C (0x00000113) addi sp, zero, 0
x2 <- 0x00000000


mem[X,0x8002BD50] -> 0x006F
mem[X,0x8002BD52] -> 0x00C0
[4434] [M]: 0x8002BD50 (0x00C0006F) jal zero, 12


mem[X,0x8002BD5C] -> 0x4663
mem[X,0x8002BD5E] -> 0x00B5
[4435] [M]: 0x8002BD5C (0x00B54663) blt a0, a1, 12


mem[X,0x8002BD68] -> 0x0113
mem[X,0x8002BD6A] -> 0x0031
[4436] [M]: 0x8002BD68 (0x00310113) addi sp, sp, 3
x2 <- 0x00000003


mem[X,0x8002BD6C] -> 0x006F
mem[X,0x8002BD6E] -> 0x0040
[4437] [M]: 0x8002BD6C (0x0040006F) jal zero, 4


mem[X,0x8002BD70] -> 0xA223
mem[X,0x8002BD72] -> 0x7020
[4438] [M]: 0x8002BD70 (0x7020A223) sw sp, 1796(ra)
mem[0x8003986C] <- 0x00000003


mem[X,0x8002BD74] -> 0x3537
mem[X,0x8002BD76] -> 0x3333
[4439] [M]: 0x8002BD74 (0x33333537) lui a0, 209715
x10 <- 0x33333000


mem[X,0x8002BD78] -> 0x0513
mem[X,0x8002BD7A] -> 0x3325
[4440] [M]: 0x8002BD78 (0x33250513) addi a0, a0, 818
x10 <- 0x33333332


mem[X,0x8002BD7C] -> 0x0593
mem[X,0x8002BD7E] -> 0x0030
[4441] [M]: 0x8002BD7C (0x00300593) addi a1, zero, 3
x11 <- 0x00000003


mem[X,0x8002BD80] -> 0x0113
mem[X,0x8002BD82] -> 0x0000
[4442] [M]: 0x8002BD80 (0x00000113) addi sp, zero, 0
x2 <- 0x00000000


mem[X,0x8002BD84] -> 0x006F
mem[X,0x8002BD86] -> 0x00C0
[4443] [M]: 0x8002BD84 (0x00C0006F) jal zero, 12


mem[X,0x8002BD90] -> 0x4663
mem[X,0x8002BD92] -> 0x00B5
[4444] [M]: 0x8002BD90 (0x00B54663) blt a0, a1, 12


mem[X,0x8002BD94] -> 0x0113
mem[X,0x8002BD96] -> 0x0021
[4445] [M]: 0x8002BD94 (0x00210113) addi sp, sp, 2
x2 <- 0x00000002


mem[X,0x8002BD98] -> 0x006F
mem[X,0x8002BD9A] -> 0x00C0
[4446] [M]: 0x8002BD98 (0x00C0006F) jal zero, 12


mem[X,0x8002BDA4] -> 0xA423
mem[X,0x8002BDA6] -> 0x7020
[4447] [M]: 0x8002BDA4 (0x7020A423) sw sp, 1800(ra)
mem[0x80039870] <- 0x00000002


mem[X,0x8002BDA8] -> 0x3537
mem[X,0x8002BDAA] -> 0x3333
[4448] [M]: 0x8002BDA8 (0x33333537) lui a0, 209715
x10 <- 0x33333000


mem[X,0x8002BDAC] -> 0x0513
mem[X,0x8002BDAE] -> 0x3325
[4449] [M]: 0x8002BDAC (0x33250513) addi a0, a0, 818
x10 <- 0x33333332


mem[X,0x8002BDB0] -> 0x55B7
mem[X,0x8002BDB2] -> 0x5555
[4450] [M]: 0x8002BDB0 (0x555555B7) lui a1, 349525
x11 <- 0x55555000


mem[X,0x8002BDB4] -> 0x8593
mem[X,0x8002BDB6] -> 0x5555
[4451] [M]: 0x8002BDB4 (0x55558593) addi a1, a1, 1365
x11 <- 0x55555555


mem[X,0x8002BDB8] -> 0x0113
mem[X,0x8002BDBA] -> 0x0000
[4452] [M]: 0x8002BDB8 (0x00000113) addi sp, zero, 0
x2 <- 0x00000000


mem[X,0x8002BDBC] -> 0x006F
mem[X,0x8002BDBE] -> 0x00C0
[4453] [M]: 0x8002BDBC (0x00C0006F) jal zero, 12


mem[X,0x8002BDC8] -> 0x4863
mem[X,0x8002BDCA] -> 0x00B5
[4454] [M]: 0x8002BDC8 (0x00B54863) blt a0, a1, 16


mem[X,0x8002BDD8] -> 0x0113
mem[X,0x8002BDDA] -> 0x0031
[4455] [M]: 0x8002BDD8 (0x00310113) addi sp, sp, 3
x2 <- 0x00000003


mem[X,0x8002BDDC] -> 0x006F
mem[X,0x8002BDDE] -> 0x0040
[4456] [M]: 0x8002BDDC (0x0040006F) jal zero, 4


mem[X,0x8002BDE0] -> 0xA623
mem[X,0x8002BDE2] -> 0x7020
[4457] [M]: 0x8002BDE0 (0x7020A623) sw sp, 1804(ra)
mem[0x80039874] <- 0x00000003


mem[X,0x8002BDE4] -> 0x3537
mem[X,0x8002BDE6] -> 0x3333
[4458] [M]: 0x8002BDE4 (0x33333537) lui a0, 209715
x10 <- 0x33333000


mem[X,0x8002BDE8] -> 0x0513
mem[X,0x8002BDEA] -> 0x3325
[4459] [M]: 0x8002BDE8 (0x33250513) addi a0, a0, 818
x10 <- 0x33333332


mem[X,0x8002BDEC] -> 0xB5B7
mem[X,0x8002BDEE] -> 0xAAAA
[4460] [M]: 0x8002BDEC (0xAAAAB5B7) lui a1, 699051
x11 <- 0xAAAAB000


mem[X,0x8002BDF0] -> 0x8593
mem[X,0x8002BDF2] -> 0xAAA5
[4461] [M]: 0x8002BDF0 (0xAAA58593) addi a1, a1, 2730
x11 <- 0xAAAAAAAA


mem[X,0x8002BDF4] -> 0x0113
mem[X,0x8002BDF6] -> 0x0000
[4462] [M]: 0x8002BDF4 (0x00000113) addi sp, zero, 0
x2 <- 0x00000000


mem[X,0x8002BDF8] -> 0x006F
mem[X,0x8002BDFA] -> 0x00C0
[4463] [M]: 0x8002BDF8 (0x00C0006F) jal zero, 12


mem[X,0x8002BE04] -> 0x4063
mem[X,0x8002BE06] -> 0x02B5
[4464] [M]: 0x8002BE04 (0x02B54063) blt a0, a1, 32


mem[X,0x8002BE08] -> 0x0113
mem[X,0x8002BE0A] -> 0x0021
[4465] [M]: 0x8002BE08 (0x00210113) addi sp, sp, 2
x2 <- 0x00000002


mem[X,0x8002BE0C] -> 0x006F
mem[X,0x8002BE0E] -> 0x0200
[4466] [M]: 0x8002BE0C (0x0200006F) jal zero, 32


mem[X,0x8002BE2C] -> 0xA823
mem[X,0x8002BE2E] -> 0x7020
[4467] [M]: 0x8002BE2C (0x7020A823) sw sp, 1808(ra)
mem[0x80039878] <- 0x00000002


mem[X,0x8002BE30] -> 0x3537
mem[X,0x8002BE32] -> 0x3333
[4468] [M]: 0x8002BE30 (0x33333537) lui a0, 209715
x10 <- 0x33333000


mem[X,0x8002BE34] -> 0x0513
mem[X,0x8002BE36] -> 0x3325
[4469] [M]: 0x8002BE34 (0x33250513) addi a0, a0, 818
x10 <- 0x33333332


mem[X,0x8002BE38] -> 0x0593
mem[X,0x8002BE3A] -> 0x0050
[4470] [M]: 0x8002BE38 (0x00500593) addi a1, zero, 5
x11 <- 0x00000005


mem[X,0x8002BE3C] -> 0x0113
mem[X,0x8002BE3E] -> 0x0000
[4471] [M]: 0x8002BE3C (0x00000113) addi sp, zero, 0
x2 <- 0x00000000


mem[X,0x8002BE40] -> 0x006F
mem[X,0x8002BE42] -> 0x0100
[4472] [M]: 0x8002BE40 (0x0100006F) jal zero, 16


mem[X,0x8002BE50] -> 0x4AE3
mem[X,0x8002BE52] -> 0xFEB5
[4473] [M]: 0x8002BE50 (0xFEB54AE3) blt a0, a1, 8180


mem[X,0x8002BE54] -> 0x0113
mem[X,0x8002BE56] -> 0x0021
[4474] [M]: 0x8002BE54 (0x00210113) addi sp, sp, 2
x2 <- 0x00000002


mem[X,0x8002BE58] -> 0x006F
mem[X,0x8002BE5A] -> 0x00C0
[4475] [M]: 0x8002BE58 (0x00C0006F) jal zero, 12


mem[X,0x8002BE64] -> 0xAA23
mem[X,0x8002BE66] -> 0x7020
[4476] [M]: 0x8002BE64 (0x7020AA23) sw sp, 1812(ra)
mem[0x8003987C] <- 0x00000002


mem[X,0x8002BE68] -> 0x3537
mem[X,0x8002BE6A] -> 0x3333
[4477] [M]: 0x8002BE68 (0x33333537) lui a0, 209715
x10 <- 0x33333000


mem[X,0x8002BE6C] -> 0x0513
mem[X,0x8002BE6E] -> 0x3325
[4478] [M]: 0x8002BE6C (0x33250513) addi a0, a0, 818
x10 <- 0x33333332


mem[X,0x8002BE70] -> 0x35B7
mem[X,0x8002BE72] -> 0x3333
[4479] [M]: 0x8002BE70 (0x333335B7) lui a1, 209715
x11 <- 0x33333000


mem[X,0x8002BE74] -> 0x8593
mem[X,0x8002BE76] -> 0x3335
[4480] [M]: 0x8002BE74 (0x33358593) addi a1, a1, 819
x11 <- 0x33333333


mem[X,0x8002BE78] -> 0x0113
mem[X,0x8002BE7A] -> 0x0000
[4481] [M]: 0x8002BE78 (0x00000113) addi sp, zero, 0
x2 <- 0x00000000


mem[X,0x8002BE7C] -> 0x006F
mem[X,0x8002BE7E] -> 0x00C0
[4482] [M]: 0x8002BE7C (0x00C0006F) jal zero, 12


mem[X,0x8002BE88] -> 0x4CE3
mem[X,0x8002BE8A] -> 0xFEB5
[4483] [M]: 0x8002BE88 (0xFEB54CE3) blt a0, a1, 8184


mem[X,0x8002BE80] -> 0x0113
mem[X,0x8002BE82] -> 0x0011
[4484] [M]: 0x8002BE80 (0x00110113) addi sp, sp, 1
x2 <- 0x00000001


mem[X,0x8002BE84] -> 0x006F
mem[X,0x8002BE86] -> 0x0180
[4485] [M]: 0x8002BE84 (0x0180006F) jal zero, 24


mem[X,0x8002BE9C] -> 0xAC23
mem[X,0x8002BE9E] -> 0x7020
[4486] [M]: 0x8002BE9C (0x7020AC23) sw sp, 1816(ra)
mem[0x80039880] <- 0x00000001


mem[X,0x8002BEA0] -> 0x3537
mem[X,0x8002BEA2] -> 0x3333
[4487] [M]: 0x8002BEA0 (0x33333537) lui a0, 209715
x10 <- 0x33333000


mem[X,0x8002BEA4] -> 0x0513
mem[X,0x8002BEA6] -> 0x3325
[4488] [M]: 0x8002BEA4 (0x33250513) addi a0, a0, 818
x10 <- 0x33333332


mem[X,0x8002BEA8] -> 0x65B7
mem[X,0x8002BEAA] -> 0x6666
[4489] [M]: 0x8002BEA8 (0x666665B7) lui a1, 419430
x11 <- 0x66666000


mem[X,0x8002BEAC] -> 0x8593
mem[X,0x8002BEAE] -> 0x6665
[4490] [M]: 0x8002BEAC (0x66658593) addi a1, a1, 1638
x11 <- 0x66666666


mem[X,0x8002BEB0] -> 0x0113
mem[X,0x8002BEB2] -> 0x0000
[4491] [M]: 0x8002BEB0 (0x00000113) addi sp, zero, 0
x2 <- 0x00000000


mem[X,0x8002BEB4] -> 0x006F
mem[X,0x8002BEB6] -> 0x00C0
[4492] [M]: 0x8002BEB4 (0x00C0006F) jal zero, 12


mem[X,0x8002BEC0] -> 0x4663
mem[X,0x8002BEC2] -> 0x00B5
[4493] [M]: 0x8002BEC0 (0x00B54663) blt a0, a1, 12


mem[X,0x8002BECC] -> 0x0113
mem[X,0x8002BECE] -> 0x0031
[4494] [M]: 0x8002BECC (0x00310113) addi sp, sp, 3
x2 <- 0x00000003


mem[X,0x8002BED0] -> 0x006F
mem[X,0x8002BED2] -> 0x0040
[4495] [M]: 0x8002BED0 (0x0040006F) jal zero, 4


mem[X,0x8002BED4] -> 0xAE23
mem[X,0x8002BED6] -> 0x7020
[4496] [M]: 0x8002BED4 (0x7020AE23) sw sp, 1820(ra)
mem[0x80039884] <- 0x00000003


mem[X,0x8002BED8] -> 0x3537
mem[X,0x8002BEDA] -> 0x3333
[4497] [M]: 0x8002BED8 (0x33333537) lui a0, 209715
x10 <- 0x33333000


mem[X,0x8002BEDC] -> 0x0513
mem[X,0x8002BEDE] -> 0x3325
[4498] [M]: 0x8002BEDC (0x33250513) addi a0, a0, 818
x10 <- 0x33333332


mem[X,0x8002BEE0] -> 0x55B7
mem[X,0x8002BEE2] -> 0xFFFF
[4499] [M]: 0x8002BEE0 (0xFFFF55B7) lui a1, 1048565
x11 <- 0xFFFF5000


clint::tick mtime <- 0x000000000000002D
 clint timer pending at mtime 0x000000000000002D
htif::tick 0x0000000000000000
mem[X,0x8002BEE4] -> 0x8593
mem[X,0x8002BEE6] -> 0xAFC5
[4500] [M]: 0x8002BEE4 (0xAFC58593) addi a1, a1, 2812
x11 <- 0xFFFF4AFC


mem[X,0x8002BEE8] -> 0x0113
mem[X,0x8002BEEA] -> 0x0000
[4501] [M]: 0x8002BEE8 (0x00000113) addi sp, zero, 0
x2 <- 0x00000000


mem[X,0x8002BEEC] -> 0x006F
mem[X,0x8002BEEE] -> 0x00C0
[4502] [M]: 0x8002BEEC (0x00C0006F) jal zero, 12


mem[X,0x8002BEF8] -> 0x4CE3
mem[X,0x8002BEFA] -> 0xFEB5
[4503] [M]: 0x8002BEF8 (0xFEB54CE3) blt a0, a1, 8184


mem[X,0x8002BEFC] -> 0x0113
mem[X,0x8002BEFE] -> 0x0021
[4504] [M]: 0x8002BEFC (0x00210113) addi sp, sp, 2
x2 <- 0x00000002


mem[X,0x8002BF00] -> 0x006F
mem[X,0x8002BF02] -> 0x00C0
[4505] [M]: 0x8002BF00 (0x00C0006F) jal zero, 12


mem[X,0x8002BF0C] -> 0xA023
mem[X,0x8002BF0E] -> 0x7220
[4506] [M]: 0x8002BF0C (0x7220A023) sw sp, 1824(ra)
mem[0x80039888] <- 0x00000002


mem[X,0x8002BF10] -> 0x3537
mem[X,0x8002BF12] -> 0x3333
[4507] [M]: 0x8002BF10 (0x33333537) lui a0, 209715
x10 <- 0x33333000


mem[X,0x8002BF14] -> 0x0513
mem[X,0x8002BF16] -> 0x3325
[4508] [M]: 0x8002BF14 (0x33250513) addi a0, a0, 818
x10 <- 0x33333332


mem[X,0x8002BF18] -> 0xB5B7
mem[X,0x8002BF1A] -> 0x0000
[4509] [M]: 0x8002BF18 (0x0000B5B7) lui a1, 11
x11 <- 0x0000B000


mem[X,0x8002BF1C] -> 0x8593
mem[X,0x8002BF1E] -> 0x5045
[4510] [M]: 0x8002BF1C (0x50458593) addi a1, a1, 1284
x11 <- 0x0000B504


mem[X,0x8002BF20] -> 0x0113
mem[X,0x8002BF22] -> 0x0000
[4511] [M]: 0x8002BF20 (0x00000113) addi sp, zero, 0
x2 <- 0x00000000


mem[X,0x8002BF24] -> 0x006F
mem[X,0x8002BF26] -> 0x00C0
[4512] [M]: 0x8002BF24 (0x00C0006F) jal zero, 12


mem[X,0x8002BF30] -> 0x4CE3
mem[X,0x8002BF32] -> 0xFEB5
[4513] [M]: 0x8002BF30 (0xFEB54CE3) blt a0, a1, 8184


mem[X,0x8002BF34] -> 0x0113
mem[X,0x8002BF36] -> 0x0021
[4514] [M]: 0x8002BF34 (0x00210113) addi sp, sp, 2
x2 <- 0x00000002


mem[X,0x8002BF38] -> 0x006F
mem[X,0x8002BF3A] -> 0x00C0
[4515] [M]: 0x8002BF38 (0x00C0006F) jal zero, 12


mem[X,0x8002BF44] -> 0xA223
mem[X,0x8002BF46] -> 0x7220
[4516] [M]: 0x8002BF44 (0x7220A223) sw sp, 1828(ra)
mem[0x8003988C] <- 0x00000002


mem[X,0x8002BF48] -> 0x3537
mem[X,0x8002BF4A] -> 0x3333
[4517] [M]: 0x8002BF48 (0x33333537) lui a0, 209715
x10 <- 0x33333000


mem[X,0x8002BF4C] -> 0x0513
mem[X,0x8002BF4E] -> 0x3325
[4518] [M]: 0x8002BF4C (0x33250513) addi a0, a0, 818
x10 <- 0x33333332


mem[X,0x8002BF50] -> 0x0593
mem[X,0x8002BF52] -> 0x0020
[4519] [M]: 0x8002BF50 (0x00200593) addi a1, zero, 2
x11 <- 0x00000002


mem[X,0x8002BF54] -> 0x0113
mem[X,0x8002BF56] -> 0x0000
[4520] [M]: 0x8002BF54 (0x00000113) addi sp, zero, 0
x2 <- 0x00000000


mem[X,0x8002BF58] -> 0x006F
mem[X,0x8002BF5A] -> 0x00C0
[4521] [M]: 0x8002BF58 (0x00C0006F) jal zero, 12


mem[X,0x8002BF64] -> 0x4063
mem[X,0x8002BF66] -> 0x20B5
[4522] [M]: 0x8002BF64 (0x20B54063) blt a0, a1, 512


mem[X,0x8002BF68] -> 0x0113
mem[X,0x8002BF6A] -> 0x0021
[4523] [M]: 0x8002BF68 (0x00210113) addi sp, sp, 2
x2 <- 0x00000002


mem[X,0x8002BF6C] -> 0x006F
mem[X,0x8002BF6E] -> 0x2000
[4524] [M]: 0x8002BF6C (0x2000006F) jal zero, 512


mem[X,0x8002C16C] -> 0xA423
mem[X,0x8002C16E] -> 0x7220
[4525] [M]: 0x8002C16C (0x7220A423) sw sp, 1832(ra)
mem[0x80039890] <- 0x00000002


mem[X,0x8002C170] -> 0x3537
mem[X,0x8002C172] -> 0x3333
[4526] [M]: 0x8002C170 (0x33333537) lui a0, 209715
x10 <- 0x33333000


mem[X,0x8002C174] -> 0x0513
mem[X,0x8002C176] -> 0x3325
[4527] [M]: 0x8002C174 (0x33250513) addi a0, a0, 818
x10 <- 0x33333332


mem[X,0x8002C178] -> 0x55B7
mem[X,0x8002C17A] -> 0x5555
[4528] [M]: 0x8002C178 (0x555555B7) lui a1, 349525
x11 <- 0x55555000


mem[X,0x8002C17C] -> 0x8593
mem[X,0x8002C17E] -> 0x5545
[4529] [M]: 0x8002C17C (0x55458593) addi a1, a1, 1364
x11 <- 0x55555554


mem[X,0x8002C180] -> 0x0113
mem[X,0x8002C182] -> 0x0000
[4530] [M]: 0x8002C180 (0x00000113) addi sp, zero, 0
x2 <- 0x00000000


mem[X,0x8002C184] -> 0x006F
mem[X,0x8002C186] -> 0x00C0
[4531] [M]: 0x8002C184 (0x00C0006F) jal zero, 12


mem[X,0x8002C190] -> 0x4063
mem[X,0x8002C192] -> 0x10B5
[4532] [M]: 0x8002C190 (0x10B54063) blt a0, a1, 256


mem[X,0x8002C290] -> 0x0113
mem[X,0x8002C292] -> 0x0031
[4533] [M]: 0x8002C290 (0x00310113) addi sp, sp, 3
x2 <- 0x00000003


mem[X,0x8002C294] -> 0x006F
mem[X,0x8002C296] -> 0x0040
[4534] [M]: 0x8002C294 (0x0040006F) jal zero, 4


mem[X,0x8002C298] -> 0xA623
mem[X,0x8002C29A] -> 0x7220
[4535] [M]: 0x8002C298 (0x7220A623) sw sp, 1836(ra)
mem[0x80039894] <- 0x00000003


mem[X,0x8002C29C] -> 0x3537
mem[X,0x8002C29E] -> 0x3333
[4536] [M]: 0x8002C29C (0x33333537) lui a0, 209715
x10 <- 0x33333000


mem[X,0x8002C2A0] -> 0x0513
mem[X,0x8002C2A2] -> 0x3325
[4537] [M]: 0x8002C2A0 (0x33250513) addi a0, a0, 818
x10 <- 0x33333332


mem[X,0x8002C2A4] -> 0x0593
mem[X,0x8002C2A6] -> 0x0000
[4538] [M]: 0x8002C2A4 (0x00000593) addi a1, zero, 0
x11 <- 0x00000000


mem[X,0x8002C2A8] -> 0x0113
mem[X,0x8002C2AA] -> 0x0000
[4539] [M]: 0x8002C2A8 (0x00000113) addi sp, zero, 0
x2 <- 0x00000000


mem[X,0x8002C2AC] -> 0x006F
mem[X,0x8002C2AE] -> 0x00C0
[4540] [M]: 0x8002C2AC (0x00C0006F) jal zero, 12


mem[X,0x8002C2B8] -> 0x4663
mem[X,0x8002C2BA] -> 0x00B5
[4541] [M]: 0x8002C2B8 (0x00B54663) blt a0, a1, 12


mem[X,0x8002C2BC] -> 0x0113
mem[X,0x8002C2BE] -> 0x0021
[4542] [M]: 0x8002C2BC (0x00210113) addi sp, sp, 2
x2 <- 0x00000002


mem[X,0x8002C2C0] -> 0x006F
mem[X,0x8002C2C2] -> 0x00C0
[4543] [M]: 0x8002C2C0 (0x00C0006F) jal zero, 12


mem[X,0x8002C2CC] -> 0xA823
mem[X,0x8002C2CE] -> 0x7220
[4544] [M]: 0x8002C2CC (0x7220A823) sw sp, 1840(ra)
mem[0x80039898] <- 0x00000002


mem[X,0x8002C2D0] -> 0x3537
mem[X,0x8002C2D2] -> 0x3333
[4545] [M]: 0x8002C2D0 (0x33333537) lui a0, 209715
x10 <- 0x33333000


mem[X,0x8002C2D4] -> 0x0513
mem[X,0x8002C2D6] -> 0x3325
[4546] [M]: 0x8002C2D4 (0x33250513) addi a0, a0, 818
x10 <- 0x33333332


mem[X,0x8002C2D8] -> 0x0593
mem[X,0x8002C2DA] -> 0x0040
[4547] [M]: 0x8002C2D8 (0x00400593) addi a1, zero, 4
x11 <- 0x00000004


mem[X,0x8002C2DC] -> 0x0113
mem[X,0x8002C2DE] -> 0x0000
[4548] [M]: 0x8002C2DC (0x00000113) addi sp, zero, 0
x2 <- 0x00000000


mem[X,0x8002C2E0] -> 0x006F
mem[X,0x8002C2E2] -> 0x00C0
[4549] [M]: 0x8002C2E0 (0x00C0006F) jal zero, 12


mem[X,0x8002C2EC] -> 0x4663
mem[X,0x8002C2EE] -> 0x00B5
[4550] [M]: 0x8002C2EC (0x00B54663) blt a0, a1, 12


mem[X,0x8002C2F0] -> 0x0113
mem[X,0x8002C2F2] -> 0x0021
[4551] [M]: 0x8002C2F0 (0x00210113) addi sp, sp, 2
x2 <- 0x00000002


mem[X,0x8002C2F4] -> 0x006F
mem[X,0x8002C2F6] -> 0x00C0
[4552] [M]: 0x8002C2F4 (0x00C0006F) jal zero, 12


mem[X,0x8002C300] -> 0xAA23
mem[X,0x8002C302] -> 0x7220
[4553] [M]: 0x8002C300 (0x7220AA23) sw sp, 1844(ra)
mem[0x8003989C] <- 0x00000002


mem[X,0x8002C304] -> 0x3537
mem[X,0x8002C306] -> 0x3333
[4554] [M]: 0x8002C304 (0x33333537) lui a0, 209715
x10 <- 0x33333000


mem[X,0x8002C308] -> 0x0513
mem[X,0x8002C30A] -> 0x3325
[4555] [M]: 0x8002C308 (0x33250513) addi a0, a0, 818
x10 <- 0x33333332


mem[X,0x8002C30C] -> 0x35B7
mem[X,0x8002C30E] -> 0x3333
[4556] [M]: 0x8002C30C (0x333335B7) lui a1, 209715
x11 <- 0x33333000


mem[X,0x8002C310] -> 0x8593
mem[X,0x8002C312] -> 0x3325
[4557] [M]: 0x8002C310 (0x33258593) addi a1, a1, 818
x11 <- 0x33333332


mem[X,0x8002C314] -> 0x0113
mem[X,0x8002C316] -> 0x0000
[4558] [M]: 0x8002C314 (0x00000113) addi sp, zero, 0
x2 <- 0x00000000


mem[X,0x8002C318] -> 0x006F
mem[X,0x8002C31A] -> 0x0050
[4559] [M]: 0x8002C318 (0x0050006F) jal zero, 2052


mem[X,0x8002CB1C] -> 0x40E3
mem[X,0x8002CB1E] -> 0x80B5
[4560] [M]: 0x8002CB1C (0x80B540E3) blt a0, a1, 6144


mem[X,0x8002CB20] -> 0x0113
mem[X,0x8002CB22] -> 0x0021
[4561] [M]: 0x8002CB20 (0x00210113) addi sp, sp, 2
x2 <- 0x00000002


mem[X,0x8002CB24] -> 0x006F
mem[X,0x8002CB26] -> 0x00C0
[4562] [M]: 0x8002CB24 (0x00C0006F) jal zero, 12


mem[X,0x8002CB30] -> 0xAC23
mem[X,0x8002CB32] -> 0x7220
[4563] [M]: 0x8002CB30 (0x7220AC23) sw sp, 1848(ra)
mem[0x800398A0] <- 0x00000002


mem[X,0x8002CB34] -> 0x3537
mem[X,0x8002CB36] -> 0x3333
[4564] [M]: 0x8002CB34 (0x33333537) lui a0, 209715
x10 <- 0x33333000


mem[X,0x8002CB38] -> 0x0513
mem[X,0x8002CB3A] -> 0x3325
[4565] [M]: 0x8002CB38 (0x33250513) addi a0, a0, 818
x10 <- 0x33333332


mem[X,0x8002CB3C] -> 0x65B7
mem[X,0x8002CB3E] -> 0x6666
[4566] [M]: 0x8002CB3C (0x666665B7) lui a1, 419430
x11 <- 0x66666000


mem[X,0x8002CB40] -> 0x8593
mem[X,0x8002CB42] -> 0x6655
[4567] [M]: 0x8002CB40 (0x66558593) addi a1, a1, 1637
x11 <- 0x66666665


mem[X,0x8002CB44] -> 0x0113
mem[X,0x8002CB46] -> 0x0000
[4568] [M]: 0x8002CB44 (0x00000113) addi sp, zero, 0
x2 <- 0x00000000


mem[X,0x8002CB48] -> 0x006F
mem[X,0x8002CB4A] -> 0x00C0
[4569] [M]: 0x8002CB48 (0x00C0006F) jal zero, 12


mem[X,0x8002CB54] -> 0x4063
mem[X,0x8002CB56] -> 0x40B5
[4570] [M]: 0x8002CB54 (0x40B54063) blt a0, a1, 1024


mem[X,0x8002CF54] -> 0x0113
mem[X,0x8002CF56] -> 0x0031
[4571] [M]: 0x8002CF54 (0x00310113) addi sp, sp, 3
x2 <- 0x00000003


mem[X,0x8002CF58] -> 0x006F
mem[X,0x8002CF5A] -> 0x0040
[4572] [M]: 0x8002CF58 (0x0040006F) jal zero, 4


mem[X,0x8002CF5C] -> 0xAE23
mem[X,0x8002CF5E] -> 0x7220
[4573] [M]: 0x8002CF5C (0x7220AE23) sw sp, 1852(ra)
mem[0x800398A4] <- 0x00000003


mem[X,0x8002CF60] -> 0x3537
mem[X,0x8002CF62] -> 0x3333
[4574] [M]: 0x8002CF60 (0x33333537) lui a0, 209715
x10 <- 0x33333000


mem[X,0x8002CF64] -> 0x0513
mem[X,0x8002CF66] -> 0x3325
[4575] [M]: 0x8002CF64 (0x33250513) addi a0, a0, 818
x10 <- 0x33333332


mem[X,0x8002CF68] -> 0xB5B7
mem[X,0x8002CF6A] -> 0x0000
[4576] [M]: 0x8002CF68 (0x0000B5B7) lui a1, 11
x11 <- 0x0000B000


mem[X,0x8002CF6C] -> 0x8593
mem[X,0x8002CF6E] -> 0x5035
[4577] [M]: 0x8002CF6C (0x50358593) addi a1, a1, 1283
x11 <- 0x0000B503


mem[X,0x8002CF70] -> 0x0113
mem[X,0x8002CF72] -> 0x0000
[4578] [M]: 0x8002CF70 (0x00000113) addi sp, zero, 0
x2 <- 0x00000000


mem[X,0x8002CF74] -> 0x006F
mem[X,0x8002CF76] -> 0x00C0
[4579] [M]: 0x8002CF74 (0x00C0006F) jal zero, 12


mem[X,0x8002CF80] -> 0x4663
mem[X,0x8002CF82] -> 0x00B5
[4580] [M]: 0x8002CF80 (0x00B54663) blt a0, a1, 12


mem[X,0x8002CF84] -> 0x0113
mem[X,0x8002CF86] -> 0x0021
[4581] [M]: 0x8002CF84 (0x00210113) addi sp, sp, 2
x2 <- 0x00000002


mem[X,0x8002CF88] -> 0x006F
mem[X,0x8002CF8A] -> 0x00C0
[4582] [M]: 0x8002CF88 (0x00C0006F) jal zero, 12


mem[X,0x8002CF94] -> 0xA023
mem[X,0x8002CF96] -> 0x7420
[4583] [M]: 0x8002CF94 (0x7420A023) sw sp, 1856(ra)
mem[0x800398A8] <- 0x00000002


mem[X,0x8002CF98] -> 0x3537
mem[X,0x8002CF9A] -> 0x3333
[4584] [M]: 0x8002CF98 (0x33333537) lui a0, 209715
x10 <- 0x33333000


mem[X,0x8002CF9C] -> 0x0513
mem[X,0x8002CF9E] -> 0x3325
[4585] [M]: 0x8002CF9C (0x33250513) addi a0, a0, 818
x10 <- 0x33333332


mem[X,0x8002CFA0] -> 0x55B7
mem[X,0x8002CFA2] -> 0x5555
[4586] [M]: 0x8002CFA0 (0x555555B7) lui a1, 349525
x11 <- 0x55555000


mem[X,0x8002CFA4] -> 0x8593
mem[X,0x8002CFA6] -> 0x5565
[4587] [M]: 0x8002CFA4 (0x55658593) addi a1, a1, 1366
x11 <- 0x55555556


mem[X,0x8002CFA8] -> 0x0113
mem[X,0x8002CFAA] -> 0x0000
[4588] [M]: 0x8002CFA8 (0x00000113) addi sp, zero, 0
x2 <- 0x00000000


mem[X,0x8002CFAC] -> 0x006F
mem[X,0x8002CFAE] -> 0x00C0
[4589] [M]: 0x8002CFAC (0x00C0006F) jal zero, 12


mem[X,0x8002CFB8] -> 0x4063
mem[X,0x8002CFBA] -> 0x10B5
[4590] [M]: 0x8002CFB8 (0x10B54063) blt a0, a1, 256


mem[X,0x8002D0B8] -> 0x0113
mem[X,0x8002D0BA] -> 0x0031
[4591] [M]: 0x8002D0B8 (0x00310113) addi sp, sp, 3
x2 <- 0x00000003


mem[X,0x8002D0BC] -> 0x006F
mem[X,0x8002D0BE] -> 0x0040
[4592] [M]: 0x8002D0BC (0x0040006F) jal zero, 4


mem[X,0x8002D0C0] -> 0xA223
mem[X,0x8002D0C2] -> 0x7420
[4593] [M]: 0x8002D0C0 (0x7420A223) sw sp, 1860(ra)
mem[0x800398AC] <- 0x00000003


mem[X,0x8002D0C4] -> 0x3537
mem[X,0x8002D0C6] -> 0x3333
[4594] [M]: 0x8002D0C4 (0x33333537) lui a0, 209715
x10 <- 0x33333000


mem[X,0x8002D0C8] -> 0x0513
mem[X,0x8002D0CA] -> 0x3325
[4595] [M]: 0x8002D0C8 (0x33250513) addi a0, a0, 818
x10 <- 0x33333332


mem[X,0x8002D0CC] -> 0xB5B7
mem[X,0x8002D0CE] -> 0xAAAA
[4596] [M]: 0x8002D0CC (0xAAAAB5B7) lui a1, 699051
x11 <- 0xAAAAB000


mem[X,0x8002D0D0] -> 0x8593
mem[X,0x8002D0D2] -> 0xAAB5
[4597] [M]: 0x8002D0D0 (0xAAB58593) addi a1, a1, 2731
x11 <- 0xAAAAAAAB


mem[X,0x8002D0D4] -> 0x0113
mem[X,0x8002D0D6] -> 0x0000
[4598] [M]: 0x8002D0D4 (0x00000113) addi sp, zero, 0
x2 <- 0x00000000


mem[X,0x8002D0D8] -> 0x006F
mem[X,0x8002D0DA] -> 0x00C0
[4599] [M]: 0x8002D0D8 (0x00C0006F) jal zero, 12


clint::tick mtime <- 0x000000000000002E
 clint timer pending at mtime 0x000000000000002E
htif::tick 0x0000000000000000
mem[X,0x8002D0E4] -> 0x4063
mem[X,0x8002D0E6] -> 0x10B5
[4600] [M]: 0x8002D0E4 (0x10B54063) blt a0, a1, 256


mem[X,0x8002D0E8] -> 0x0113
mem[X,0x8002D0EA] -> 0x0021
[4601] [M]: 0x8002D0E8 (0x00210113) addi sp, sp, 2
x2 <- 0x00000002


mem[X,0x8002D0EC] -> 0x006F
mem[X,0x8002D0EE] -> 0x1000
[4602] [M]: 0x8002D0EC (0x1000006F) jal zero, 256


mem[X,0x8002D1EC] -> 0xA423
mem[X,0x8002D1EE] -> 0x7420
[4603] [M]: 0x8002D1EC (0x7420A423) sw sp, 1864(ra)
mem[0x800398B0] <- 0x00000002


mem[X,0x8002D1F0] -> 0x3537
mem[X,0x8002D1F2] -> 0x3333
[4604] [M]: 0x8002D1F0 (0x33333537) lui a0, 209715
x10 <- 0x33333000


mem[X,0x8002D1F4] -> 0x0513
mem[X,0x8002D1F6] -> 0x3325
[4605] [M]: 0x8002D1F4 (0x33250513) addi a0, a0, 818
x10 <- 0x33333332


mem[X,0x8002D1F8] -> 0x0593
mem[X,0x8002D1FA] -> 0x0060
[4606] [M]: 0x8002D1F8 (0x00600593) addi a1, zero, 6
x11 <- 0x00000006


mem[X,0x8002D1FC] -> 0x0113
mem[X,0x8002D1FE] -> 0x0000
[4607] [M]: 0x8002D1FC (0x00000113) addi sp, zero, 0
x2 <- 0x00000000


mem[X,0x8002D200] -> 0x006F
mem[X,0x8002D202] -> 0x00C0
[4608] [M]: 0x8002D200 (0x00C0006F) jal zero, 12


mem[X,0x8002D20C] -> 0x4CE3
mem[X,0x8002D20E] -> 0xFEB5
[4609] [M]: 0x8002D20C (0xFEB54CE3) blt a0, a1, 8184


mem[X,0x8002D210] -> 0x0113
mem[X,0x8002D212] -> 0x0021
[4610] [M]: 0x8002D210 (0x00210113) addi sp, sp, 2
x2 <- 0x00000002


mem[X,0x8002D214] -> 0x006F
mem[X,0x8002D216] -> 0x00C0
[4611] [M]: 0x8002D214 (0x00C0006F) jal zero, 12


mem[X,0x8002D220] -> 0xA623
mem[X,0x8002D222] -> 0x7420
[4612] [M]: 0x8002D220 (0x7420A623) sw sp, 1868(ra)
mem[0x800398B4] <- 0x00000002


mem[X,0x8002D224] -> 0x3537
mem[X,0x8002D226] -> 0x3333
[4613] [M]: 0x8002D224 (0x33333537) lui a0, 209715
x10 <- 0x33333000


mem[X,0x8002D228] -> 0x0513
mem[X,0x8002D22A] -> 0x3325
[4614] [M]: 0x8002D228 (0x33250513) addi a0, a0, 818
x10 <- 0x33333332


mem[X,0x8002D22C] -> 0x35B7
mem[X,0x8002D22E] -> 0x3333
[4615] [M]: 0x8002D22C (0x333335B7) lui a1, 209715
x11 <- 0x33333000


mem[X,0x8002D230] -> 0x8593
mem[X,0x8002D232] -> 0x3345
[4616] [M]: 0x8002D230 (0x33458593) addi a1, a1, 820
x11 <- 0x33333334


mem[X,0x8002D234] -> 0x0113
mem[X,0x8002D236] -> 0x0000
[4617] [M]: 0x8002D234 (0x00000113) addi sp, zero, 0
x2 <- 0x00000000


mem[X,0x8002D238] -> 0x006F
mem[X,0x8002D23A] -> 0x00C0
[4618] [M]: 0x8002D238 (0x00C0006F) jal zero, 12


mem[X,0x8002D244] -> 0x4663
mem[X,0x8002D246] -> 0x00B5
[4619] [M]: 0x8002D244 (0x00B54663) blt a0, a1, 12


mem[X,0x8002D250] -> 0x0113
mem[X,0x8002D252] -> 0x0031
[4620] [M]: 0x8002D250 (0x00310113) addi sp, sp, 3
x2 <- 0x00000003


mem[X,0x8002D254] -> 0x006F
mem[X,0x8002D256] -> 0x0040
[4621] [M]: 0x8002D254 (0x0040006F) jal zero, 4


mem[X,0x8002D258] -> 0xA823
mem[X,0x8002D25A] -> 0x7420
[4622] [M]: 0x8002D258 (0x7420A823) sw sp, 1872(ra)
mem[0x800398B8] <- 0x00000003


mem[X,0x8002D25C] -> 0x3537
mem[X,0x8002D25E] -> 0x3333
[4623] [M]: 0x8002D25C (0x33333537) lui a0, 209715
x10 <- 0x33333000


mem[X,0x8002D260] -> 0x0513
mem[X,0x8002D262] -> 0x3325
[4624] [M]: 0x8002D260 (0x33250513) addi a0, a0, 818
x10 <- 0x33333332


mem[X,0x8002D264] -> 0x65B7
mem[X,0x8002D266] -> 0x6666
[4625] [M]: 0x8002D264 (0x666665B7) lui a1, 419430
x11 <- 0x66666000


mem[X,0x8002D268] -> 0x8593
mem[X,0x8002D26A] -> 0x6675
[4626] [M]: 0x8002D268 (0x66758593) addi a1, a1, 1639
x11 <- 0x66666667


mem[X,0x8002D26C] -> 0x0113
mem[X,0x8002D26E] -> 0x0000
[4627] [M]: 0x8002D26C (0x00000113) addi sp, zero, 0
x2 <- 0x00000000


mem[X,0x8002D270] -> 0x006F
mem[X,0x8002D272] -> 0x00C0
[4628] [M]: 0x8002D270 (0x00C0006F) jal zero, 12


mem[X,0x8002D27C] -> 0x4663
mem[X,0x8002D27E] -> 0x00B5
[4629] [M]: 0x8002D27C (0x00B54663) blt a0, a1, 12


mem[X,0x8002D288] -> 0x0113
mem[X,0x8002D28A] -> 0x0031
[4630] [M]: 0x8002D288 (0x00310113) addi sp, sp, 3
x2 <- 0x00000003


mem[X,0x8002D28C] -> 0x006F
mem[X,0x8002D28E] -> 0x0040
[4631] [M]: 0x8002D28C (0x0040006F) jal zero, 4


mem[X,0x8002D290] -> 0xAA23
mem[X,0x8002D292] -> 0x7420
[4632] [M]: 0x8002D290 (0x7420AA23) sw sp, 1876(ra)
mem[0x800398BC] <- 0x00000003


mem[X,0x8002D294] -> 0x3537
mem[X,0x8002D296] -> 0x3333
[4633] [M]: 0x8002D294 (0x33333537) lui a0, 209715
x10 <- 0x33333000


mem[X,0x8002D298] -> 0x0513
mem[X,0x8002D29A] -> 0x3325
[4634] [M]: 0x8002D298 (0x33250513) addi a0, a0, 818
x10 <- 0x33333332


mem[X,0x8002D29C] -> 0x55B7
mem[X,0x8002D29E] -> 0xFFFF
[4635] [M]: 0x8002D29C (0xFFFF55B7) lui a1, 1048565
x11 <- 0xFFFF5000


mem[X,0x8002D2A0] -> 0x8593
mem[X,0x8002D2A2] -> 0xAFD5
[4636] [M]: 0x8002D2A0 (0xAFD58593) addi a1, a1, 2813
x11 <- 0xFFFF4AFD


mem[X,0x8002D2A4] -> 0x0113
mem[X,0x8002D2A6] -> 0x0000
[4637] [M]: 0x8002D2A4 (0x00000113) addi sp, zero, 0
x2 <- 0x00000000


mem[X,0x8002D2A8] -> 0x006F
mem[X,0x8002D2AA] -> 0x00C0
[4638] [M]: 0x8002D2A8 (0x00C0006F) jal zero, 12


mem[X,0x8002D2B4] -> 0x4063
mem[X,0x8002D2B6] -> 0x40B5
[4639] [M]: 0x8002D2B4 (0x40B54063) blt a0, a1, 1024


mem[X,0x8002D2B8] -> 0x0113
mem[X,0x8002D2BA] -> 0x0021
[4640] [M]: 0x8002D2B8 (0x00210113) addi sp, sp, 2
x2 <- 0x00000002


mem[X,0x8002D2BC] -> 0x006F
mem[X,0x8002D2BE] -> 0x4000
[4641] [M]: 0x8002D2BC (0x4000006F) jal zero, 1024


mem[X,0x8002D6BC] -> 0xAC23
mem[X,0x8002D6BE] -> 0x7420
[4642] [M]: 0x8002D6BC (0x7420AC23) sw sp, 1880(ra)
mem[0x800398C0] <- 0x00000002


mem[X,0x8002D6C0] -> 0x3537
mem[X,0x8002D6C2] -> 0x3333
[4643] [M]: 0x8002D6C0 (0x33333537) lui a0, 209715
x10 <- 0x33333000


mem[X,0x8002D6C4] -> 0x0513
mem[X,0x8002D6C6] -> 0x3325
[4644] [M]: 0x8002D6C4 (0x33250513) addi a0, a0, 818
x10 <- 0x33333332


mem[X,0x8002D6C8] -> 0xB5B7
mem[X,0x8002D6CA] -> 0x0000
[4645] [M]: 0x8002D6C8 (0x0000B5B7) lui a1, 11
x11 <- 0x0000B000


mem[X,0x8002D6CC] -> 0x8593
mem[X,0x8002D6CE] -> 0x5055
[4646] [M]: 0x8002D6CC (0x50558593) addi a1, a1, 1285
x11 <- 0x0000B505


mem[X,0x8002D6D0] -> 0x0113
mem[X,0x8002D6D2] -> 0x0000
[4647] [M]: 0x8002D6D0 (0x00000113) addi sp, zero, 0
x2 <- 0x00000000


mem[X,0x8002D6D4] -> 0x006F
mem[X,0x8002D6D6] -> 0x0050
[4648] [M]: 0x8002D6D4 (0x0050006F) jal zero, 2052


mem[X,0x8002DED8] -> 0x40E3
mem[X,0x8002DEDA] -> 0x80B5
[4649] [M]: 0x8002DED8 (0x80B540E3) blt a0, a1, 6144


mem[X,0x8002DEDC] -> 0x0113
mem[X,0x8002DEDE] -> 0x0021
[4650] [M]: 0x8002DEDC (0x00210113) addi sp, sp, 2
x2 <- 0x00000002


mem[X,0x8002DEE0] -> 0x006F
mem[X,0x8002DEE2] -> 0x00C0
[4651] [M]: 0x8002DEE0 (0x00C0006F) jal zero, 12


mem[X,0x8002DEEC] -> 0xAE23
mem[X,0x8002DEEE] -> 0x7420
[4652] [M]: 0x8002DEEC (0x7420AE23) sw sp, 1884(ra)
mem[0x800398C4] <- 0x00000002


mem[X,0x8002DEF0] -> 0x6537
mem[X,0x8002DEF2] -> 0x6666
[4653] [M]: 0x8002DEF0 (0x66666537) lui a0, 419430
x10 <- 0x66666000


mem[X,0x8002DEF4] -> 0x0513
mem[X,0x8002DEF6] -> 0x6655
[4654] [M]: 0x8002DEF4 (0x66550513) addi a0, a0, 1637
x10 <- 0x66666665


mem[X,0x8002DEF8] -> 0x0593
mem[X,0x8002DEFA] -> 0x0030
[4655] [M]: 0x8002DEF8 (0x00300593) addi a1, zero, 3
x11 <- 0x00000003


mem[X,0x8002DEFC] -> 0x0113
mem[X,0x8002DEFE] -> 0x0000
[4656] [M]: 0x8002DEFC (0x00000113) addi sp, zero, 0
x2 <- 0x00000000


mem[X,0x8002DF00] -> 0x006F
mem[X,0x8002DF02] -> 0x00C0
[4657] [M]: 0x8002DF00 (0x00C0006F) jal zero, 12


mem[X,0x8002DF0C] -> 0x4663
mem[X,0x8002DF0E] -> 0x00B5
[4658] [M]: 0x8002DF0C (0x00B54663) blt a0, a1, 12


mem[X,0x8002DF10] -> 0x0113
mem[X,0x8002DF12] -> 0x0021
[4659] [M]: 0x8002DF10 (0x00210113) addi sp, sp, 2
x2 <- 0x00000002


mem[X,0x8002DF14] -> 0x006F
mem[X,0x8002DF16] -> 0x00C0
[4660] [M]: 0x8002DF14 (0x00C0006F) jal zero, 12


mem[X,0x8002DF20] -> 0xA023
mem[X,0x8002DF22] -> 0x7620
[4661] [M]: 0x8002DF20 (0x7620A023) sw sp, 1888(ra)
mem[0x800398C8] <- 0x00000002


mem[X,0x8002DF24] -> 0x6537
mem[X,0x8002DF26] -> 0x6666
[4662] [M]: 0x8002DF24 (0x66666537) lui a0, 419430
x10 <- 0x66666000


mem[X,0x8002DF28] -> 0x0513
mem[X,0x8002DF2A] -> 0x6655
[4663] [M]: 0x8002DF28 (0x66550513) addi a0, a0, 1637
x10 <- 0x66666665


mem[X,0x8002DF2C] -> 0x55B7
mem[X,0x8002DF2E] -> 0x5555
[4664] [M]: 0x8002DF2C (0x555555B7) lui a1, 349525
x11 <- 0x55555000


mem[X,0x8002DF30] -> 0x8593
mem[X,0x8002DF32] -> 0x5555
[4665] [M]: 0x8002DF30 (0x55558593) addi a1, a1, 1365
x11 <- 0x55555555


mem[X,0x8002DF34] -> 0x0113
mem[X,0x8002DF36] -> 0x0000
[4666] [M]: 0x8002DF34 (0x00000113) addi sp, zero, 0
x2 <- 0x00000000


mem[X,0x8002DF38] -> 0x006F
mem[X,0x8002DF3A] -> 0x00C0
[4667] [M]: 0x8002DF38 (0x00C0006F) jal zero, 12


mem[X,0x8002DF44] -> 0x4063
mem[X,0x8002DF46] -> 0x04B5
[4668] [M]: 0x8002DF44 (0x04B54063) blt a0, a1, 64


mem[X,0x8002DF48] -> 0x0113
mem[X,0x8002DF4A] -> 0x0021
[4669] [M]: 0x8002DF48 (0x00210113) addi sp, sp, 2
x2 <- 0x00000002


mem[X,0x8002DF4C] -> 0x006F
mem[X,0x8002DF4E] -> 0x0400
[4670] [M]: 0x8002DF4C (0x0400006F) jal zero, 64


mem[X,0x8002DF8C] -> 0xA223
mem[X,0x8002DF8E] -> 0x7620
[4671] [M]: 0x8002DF8C (0x7620A223) sw sp, 1892(ra)
mem[0x800398CC] <- 0x00000002


mem[X,0x8002DF90] -> 0x6537
mem[X,0x8002DF92] -> 0x6666
[4672] [M]: 0x8002DF90 (0x66666537) lui a0, 419430
x10 <- 0x66666000


mem[X,0x8002DF94] -> 0x0513
mem[X,0x8002DF96] -> 0x6655
[4673] [M]: 0x8002DF94 (0x66550513) addi a0, a0, 1637
x10 <- 0x66666665


mem[X,0x8002DF98] -> 0xB5B7
mem[X,0x8002DF9A] -> 0xAAAA
[4674] [M]: 0x8002DF98 (0xAAAAB5B7) lui a1, 699051
x11 <- 0xAAAAB000


mem[X,0x8002DF9C] -> 0x8593
mem[X,0x8002DF9E] -> 0xAAA5
[4675] [M]: 0x8002DF9C (0xAAA58593) addi a1, a1, 2730
x11 <- 0xAAAAAAAA


mem[X,0x8002DFA0] -> 0x0113
mem[X,0x8002DFA2] -> 0x0000
[4676] [M]: 0x8002DFA0 (0x00000113) addi sp, zero, 0
x2 <- 0x00000000


mem[X,0x8002DFA4] -> 0x006F
mem[X,0x8002DFA6] -> 0x0180
[4677] [M]: 0x8002DFA4 (0x0180006F) jal zero, 24


mem[X,0x8002DFBC] -> 0x46E3
mem[X,0x8002DFBE] -> 0xFEB5
[4678] [M]: 0x8002DFBC (0xFEB546E3) blt a0, a1, 8172


mem[X,0x8002DFC0] -> 0x0113
mem[X,0x8002DFC2] -> 0x0021
[4679] [M]: 0x8002DFC0 (0x00210113) addi sp, sp, 2
x2 <- 0x00000002


mem[X,0x8002DFC4] -> 0x006F
mem[X,0x8002DFC6] -> 0x00C0
[4680] [M]: 0x8002DFC4 (0x00C0006F) jal zero, 12


mem[X,0x8002DFD0] -> 0xA423
mem[X,0x8002DFD2] -> 0x7620
[4681] [M]: 0x8002DFD0 (0x7620A423) sw sp, 1896(ra)
mem[0x800398D0] <- 0x00000002


mem[X,0x8002DFD4] -> 0x6537
mem[X,0x8002DFD6] -> 0x6666
[4682] [M]: 0x8002DFD4 (0x66666537) lui a0, 419430
x10 <- 0x66666000


mem[X,0x8002DFD8] -> 0x0513
mem[X,0x8002DFDA] -> 0x6655
[4683] [M]: 0x8002DFD8 (0x66550513) addi a0, a0, 1637
x10 <- 0x66666665


mem[X,0x8002DFDC] -> 0x0593
mem[X,0x8002DFDE] -> 0x0050
[4684] [M]: 0x8002DFDC (0x00500593) addi a1, zero, 5
x11 <- 0x00000005


mem[X,0x8002DFE0] -> 0x0113
mem[X,0x8002DFE2] -> 0x0000
[4685] [M]: 0x8002DFE0 (0x00000113) addi sp, zero, 0
x2 <- 0x00000000


mem[X,0x8002DFE4] -> 0x006F
mem[X,0x8002DFE6] -> 0x00C0
[4686] [M]: 0x8002DFE4 (0x00C0006F) jal zero, 12


mem[X,0x8002DFF0] -> 0x4CE3
mem[X,0x8002DFF2] -> 0xFEB5
[4687] [M]: 0x8002DFF0 (0xFEB54CE3) blt a0, a1, 8184


mem[X,0x8002DFF4] -> 0x0113
mem[X,0x8002DFF6] -> 0x0021
[4688] [M]: 0x8002DFF4 (0x00210113) addi sp, sp, 2
x2 <- 0x00000002


mem[X,0x8002DFF8] -> 0x006F
mem[X,0x8002DFFA] -> 0x00C0
[4689] [M]: 0x8002DFF8 (0x00C0006F) jal zero, 12


mem[X,0x8002E004] -> 0xA623
mem[X,0x8002E006] -> 0x7620
[4690] [M]: 0x8002E004 (0x7620A623) sw sp, 1900(ra)
mem[0x800398D4] <- 0x00000002


mem[X,0x8002E008] -> 0x6537
mem[X,0x8002E00A] -> 0x6666
[4691] [M]: 0x8002E008 (0x66666537) lui a0, 419430
x10 <- 0x66666000


mem[X,0x8002E00C] -> 0x0513
mem[X,0x8002E00E] -> 0x6655
[4692] [M]: 0x8002E00C (0x66550513) addi a0, a0, 1637
x10 <- 0x66666665


mem[X,0x8002E010] -> 0x35B7
mem[X,0x8002E012] -> 0x3333
[4693] [M]: 0x8002E010 (0x333335B7) lui a1, 209715
x11 <- 0x33333000


mem[X,0x8002E014] -> 0x8593
mem[X,0x8002E016] -> 0x3335
[4694] [M]: 0x8002E014 (0x33358593) addi a1, a1, 819
x11 <- 0x33333333


mem[X,0x8002E018] -> 0x0113
mem[X,0x8002E01A] -> 0x0000
[4695] [M]: 0x8002E018 (0x00000113) addi sp, zero, 0
x2 <- 0x00000000


mem[X,0x8002E01C] -> 0x006F
mem[X,0x8002E01E] -> 0x00C0
[4696] [M]: 0x8002E01C (0x00C0006F) jal zero, 12


mem[X,0x8002E028] -> 0x4063
mem[X,0x8002E02A] -> 0x20B5
[4697] [M]: 0x8002E028 (0x20B54063) blt a0, a1, 512


mem[X,0x8002E02C] -> 0x0113
mem[X,0x8002E02E] -> 0x0021
[4698] [M]: 0x8002E02C (0x00210113) addi sp, sp, 2
x2 <- 0x00000002


mem[X,0x8002E030] -> 0x006F
mem[X,0x8002E032] -> 0x2000
[4699] [M]: 0x8002E030 (0x2000006F) jal zero, 512


clint::tick mtime <- 0x000000000000002F
 clint timer pending at mtime 0x000000000000002F
htif::tick 0x0000000000000000
mem[X,0x8002E230] -> 0xA823
mem[X,0x8002E232] -> 0x7620
[4700] [M]: 0x8002E230 (0x7620A823) sw sp, 1904(ra)
mem[0x800398D8] <- 0x00000002


mem[X,0x8002E234] -> 0x6537
mem[X,0x8002E236] -> 0x6666
[4701] [M]: 0x8002E234 (0x66666537) lui a0, 419430
x10 <- 0x66666000


mem[X,0x8002E238] -> 0x0513
mem[X,0x8002E23A] -> 0x6655
[4702] [M]: 0x8002E238 (0x66550513) addi a0, a0, 1637
x10 <- 0x66666665


mem[X,0x8002E23C] -> 0x65B7
mem[X,0x8002E23E] -> 0x6666
[4703] [M]: 0x8002E23C (0x666665B7) lui a1, 419430
x11 <- 0x66666000


mem[X,0x8002E240] -> 0x8593
mem[X,0x8002E242] -> 0x6665
[4704] [M]: 0x8002E240 (0x66658593) addi a1, a1, 1638
x11 <- 0x66666666


mem[X,0x8002E244] -> 0x0113
mem[X,0x8002E246] -> 0x0000
[4705] [M]: 0x8002E244 (0x00000113) addi sp, zero, 0
x2 <- 0x00000000


mem[X,0x8002E248] -> 0x006F
mem[X,0x8002E24A] -> 0x00C0
[4706] [M]: 0x8002E248 (0x00C0006F) jal zero, 12


mem[X,0x8002E254] -> 0x4063
mem[X,0x8002E256] -> 0x40B5
[4707] [M]: 0x8002E254 (0x40B54063) blt a0, a1, 1024


mem[X,0x8002E654] -> 0x0113
mem[X,0x8002E656] -> 0x0031
[4708] [M]: 0x8002E654 (0x00310113) addi sp, sp, 3
x2 <- 0x00000003


mem[X,0x8002E658] -> 0x006F
mem[X,0x8002E65A] -> 0x0040
[4709] [M]: 0x8002E658 (0x0040006F) jal zero, 4


mem[X,0x8002E65C] -> 0xAA23
mem[X,0x8002E65E] -> 0x7620
[4710] [M]: 0x8002E65C (0x7620AA23) sw sp, 1908(ra)
mem[0x800398DC] <- 0x00000003


mem[X,0x8002E660] -> 0x6537
mem[X,0x8002E662] -> 0x6666
[4711] [M]: 0x8002E660 (0x66666537) lui a0, 419430
x10 <- 0x66666000


mem[X,0x8002E664] -> 0x0513
mem[X,0x8002E666] -> 0x6655
[4712] [M]: 0x8002E664 (0x66550513) addi a0, a0, 1637
x10 <- 0x66666665


mem[X,0x8002E668] -> 0x55B7
mem[X,0x8002E66A] -> 0xFFFF
[4713] [M]: 0x8002E668 (0xFFFF55B7) lui a1, 1048565
x11 <- 0xFFFF5000


mem[X,0x8002E66C] -> 0x8593
mem[X,0x8002E66E] -> 0xAFC5
[4714] [M]: 0x8002E66C (0xAFC58593) addi a1, a1, 2812
x11 <- 0xFFFF4AFC


mem[X,0x8002E670] -> 0x0113
mem[X,0x8002E672] -> 0x0000
[4715] [M]: 0x8002E670 (0x00000113) addi sp, zero, 0
x2 <- 0x00000000


mem[X,0x8002E674] -> 0x006F
mem[X,0x8002E676] -> 0x00C0
[4716] [M]: 0x8002E674 (0x00C0006F) jal zero, 12


mem[X,0x8002E680] -> 0x4CE3
mem[X,0x8002E682] -> 0xFEB5
[4717] [M]: 0x8002E680 (0xFEB54CE3) blt a0, a1, 8184


mem[X,0x8002E684] -> 0x0113
mem[X,0x8002E686] -> 0x0021
[4718] [M]: 0x8002E684 (0x00210113) addi sp, sp, 2
x2 <- 0x00000002


mem[X,0x8002E688] -> 0x006F
mem[X,0x8002E68A] -> 0x00C0
[4719] [M]: 0x8002E688 (0x00C0006F) jal zero, 12


mem[X,0x8002E694] -> 0xAC23
mem[X,0x8002E696] -> 0x7620
[4720] [M]: 0x8002E694 (0x7620AC23) sw sp, 1912(ra)
mem[0x800398E0] <- 0x00000002


mem[X,0x8002E698] -> 0x6537
mem[X,0x8002E69A] -> 0x6666
[4721] [M]: 0x8002E698 (0x66666537) lui a0, 419430
x10 <- 0x66666000


mem[X,0x8002E69C] -> 0x0513
mem[X,0x8002E69E] -> 0x6655
[4722] [M]: 0x8002E69C (0x66550513) addi a0, a0, 1637
x10 <- 0x66666665


mem[X,0x8002E6A0] -> 0xB5B7
mem[X,0x8002E6A2] -> 0x0000
[4723] [M]: 0x8002E6A0 (0x0000B5B7) lui a1, 11
x11 <- 0x0000B000


mem[X,0x8002E6A4] -> 0x8593
mem[X,0x8002E6A6] -> 0x5045
[4724] [M]: 0x8002E6A4 (0x50458593) addi a1, a1, 1284
x11 <- 0x0000B504


mem[X,0x8002E6A8] -> 0x0113
mem[X,0x8002E6AA] -> 0x0000
[4725] [M]: 0x8002E6A8 (0x00000113) addi sp, zero, 0
x2 <- 0x00000000


mem[X,0x8002E6AC] -> 0x006F
mem[X,0x8002E6AE] -> 0x0100
[4726] [M]: 0x8002E6AC (0x0100006F) jal zero, 16


mem[X,0x8002E6BC] -> 0x4AE3
mem[X,0x8002E6BE] -> 0xFEB5
[4727] [M]: 0x8002E6BC (0xFEB54AE3) blt a0, a1, 8180


mem[X,0x8002E6C0] -> 0x0113
mem[X,0x8002E6C2] -> 0x0021
[4728] [M]: 0x8002E6C0 (0x00210113) addi sp, sp, 2
x2 <- 0x00000002


mem[X,0x8002E6C4] -> 0x006F
mem[X,0x8002E6C6] -> 0x00C0
[4729] [M]: 0x8002E6C4 (0x00C0006F) jal zero, 12


mem[X,0x8002E6D0] -> 0xAE23
mem[X,0x8002E6D2] -> 0x7620
[4730] [M]: 0x8002E6D0 (0x7620AE23) sw sp, 1916(ra)
mem[0x800398E4] <- 0x00000002


mem[X,0x8002E6D4] -> 0x6537
mem[X,0x8002E6D6] -> 0x6666
[4731] [M]: 0x8002E6D4 (0x66666537) lui a0, 419430
x10 <- 0x66666000


mem[X,0x8002E6D8] -> 0x0513
mem[X,0x8002E6DA] -> 0x6655
[4732] [M]: 0x8002E6D8 (0x66550513) addi a0, a0, 1637
x10 <- 0x66666665


mem[X,0x8002E6DC] -> 0x0593
mem[X,0x8002E6DE] -> 0x0020
[4733] [M]: 0x8002E6DC (0x00200593) addi a1, zero, 2
x11 <- 0x00000002


mem[X,0x8002E6E0] -> 0x0113
mem[X,0x8002E6E2] -> 0x0000
[4734] [M]: 0x8002E6E0 (0x00000113) addi sp, zero, 0
x2 <- 0x00000000


mem[X,0x8002E6E4] -> 0x006F
mem[X,0x8002E6E6] -> 0x0100
[4735] [M]: 0x8002E6E4 (0x0100006F) jal zero, 16


mem[X,0x8002E6F4] -> 0x4AE3
mem[X,0x8002E6F6] -> 0xFEB5
[4736] [M]: 0x8002E6F4 (0xFEB54AE3) blt a0, a1, 8180


mem[X,0x8002E6F8] -> 0x0113
mem[X,0x8002E6FA] -> 0x0021
[4737] [M]: 0x8002E6F8 (0x00210113) addi sp, sp, 2
x2 <- 0x00000002


mem[X,0x8002E6FC] -> 0x006F
mem[X,0x8002E6FE] -> 0x00C0
[4738] [M]: 0x8002E6FC (0x00C0006F) jal zero, 12


mem[X,0x8002E708] -> 0xA023
mem[X,0x8002E70A] -> 0x7820
[4739] [M]: 0x8002E708 (0x7820A023) sw sp, 1920(ra)
mem[0x800398E8] <- 0x00000002


mem[X,0x8002E70C] -> 0x6537
mem[X,0x8002E70E] -> 0x6666
[4740] [M]: 0x8002E70C (0x66666537) lui a0, 419430
x10 <- 0x66666000


mem[X,0x8002E710] -> 0x0513
mem[X,0x8002E712] -> 0x6655
[4741] [M]: 0x8002E710 (0x66550513) addi a0, a0, 1637
x10 <- 0x66666665


mem[X,0x8002E714] -> 0x55B7
mem[X,0x8002E716] -> 0x5555
[4742] [M]: 0x8002E714 (0x555555B7) lui a1, 349525
x11 <- 0x55555000


mem[X,0x8002E718] -> 0x8593
mem[X,0x8002E71A] -> 0x5545
[4743] [M]: 0x8002E718 (0x55458593) addi a1, a1, 1364
x11 <- 0x55555554


mem[X,0x8002E71C] -> 0x0113
mem[X,0x8002E71E] -> 0x0000
[4744] [M]: 0x8002E71C (0x00000113) addi sp, zero, 0
x2 <- 0x00000000


mem[X,0x8002E720] -> 0x006F
mem[X,0x8002E722] -> 0x00C0
[4745] [M]: 0x8002E720 (0x00C0006F) jal zero, 12


mem[X,0x8002E72C] -> 0x4663
mem[X,0x8002E72E] -> 0x00B5
[4746] [M]: 0x8002E72C (0x00B54663) blt a0, a1, 12


mem[X,0x8002E730] -> 0x0113
mem[X,0x8002E732] -> 0x0021
[4747] [M]: 0x8002E730 (0x00210113) addi sp, sp, 2
x2 <- 0x00000002


mem[X,0x8002E734] -> 0x006F
mem[X,0x8002E736] -> 0x00C0
[4748] [M]: 0x8002E734 (0x00C0006F) jal zero, 12


mem[X,0x8002E740] -> 0xA223
mem[X,0x8002E742] -> 0x7820
[4749] [M]: 0x8002E740 (0x7820A223) sw sp, 1924(ra)
mem[0x800398EC] <- 0x00000002


mem[X,0x8002E744] -> 0x6537
mem[X,0x8002E746] -> 0x6666
[4750] [M]: 0x8002E744 (0x66666537) lui a0, 419430
x10 <- 0x66666000


mem[X,0x8002E748] -> 0x0513
mem[X,0x8002E74A] -> 0x6655
[4751] [M]: 0x8002E748 (0x66550513) addi a0, a0, 1637
x10 <- 0x66666665


mem[X,0x8002E74C] -> 0x0593
mem[X,0x8002E74E] -> 0x0000
[4752] [M]: 0x8002E74C (0x00000593) addi a1, zero, 0
x11 <- 0x00000000


mem[X,0x8002E750] -> 0x0113
mem[X,0x8002E752] -> 0x0000
[4753] [M]: 0x8002E750 (0x00000113) addi sp, zero, 0
x2 <- 0x00000000


mem[X,0x8002E754] -> 0x006F
mem[X,0x8002E756] -> 0x00C0
[4754] [M]: 0x8002E754 (0x00C0006F) jal zero, 12


mem[X,0x8002E760] -> 0x4663
mem[X,0x8002E762] -> 0x00B5
[4755] [M]: 0x8002E760 (0x00B54663) blt a0, a1, 12


mem[X,0x8002E764] -> 0x0113
mem[X,0x8002E766] -> 0x0021
[4756] [M]: 0x8002E764 (0x00210113) addi sp, sp, 2
x2 <- 0x00000002


mem[X,0x8002E768] -> 0x006F
mem[X,0x8002E76A] -> 0x00C0
[4757] [M]: 0x8002E768 (0x00C0006F) jal zero, 12


mem[X,0x8002E774] -> 0xA423
mem[X,0x8002E776] -> 0x7820
[4758] [M]: 0x8002E774 (0x7820A423) sw sp, 1928(ra)
mem[0x800398F0] <- 0x00000002


mem[X,0x8002E778] -> 0x6537
mem[X,0x8002E77A] -> 0x6666
[4759] [M]: 0x8002E778 (0x66666537) lui a0, 419430
x10 <- 0x66666000


mem[X,0x8002E77C] -> 0x0513
mem[X,0x8002E77E] -> 0x6655
[4760] [M]: 0x8002E77C (0x66550513) addi a0, a0, 1637
x10 <- 0x66666665


mem[X,0x8002E780] -> 0x0593
mem[X,0x8002E782] -> 0x0040
[4761] [M]: 0x8002E780 (0x00400593) addi a1, zero, 4
x11 <- 0x00000004


mem[X,0x8002E784] -> 0x0113
mem[X,0x8002E786] -> 0x0000
[4762] [M]: 0x8002E784 (0x00000113) addi sp, zero, 0
x2 <- 0x00000000


mem[X,0x8002E788] -> 0x006F
mem[X,0x8002E78A] -> 0x00C0
[4763] [M]: 0x8002E788 (0x00C0006F) jal zero, 12


mem[X,0x8002E794] -> 0x4063
mem[X,0x8002E796] -> 0x20B5
[4764] [M]: 0x8002E794 (0x20B54063) blt a0, a1, 512


mem[X,0x8002E798] -> 0x0113
mem[X,0x8002E79A] -> 0x0021
[4765] [M]: 0x8002E798 (0x00210113) addi sp, sp, 2
x2 <- 0x00000002


mem[X,0x8002E79C] -> 0x006F
mem[X,0x8002E79E] -> 0x2000
[4766] [M]: 0x8002E79C (0x2000006F) jal zero, 512


mem[X,0x8002E99C] -> 0xA623
mem[X,0x8002E99E] -> 0x7820
[4767] [M]: 0x8002E99C (0x7820A623) sw sp, 1932(ra)
mem[0x800398F4] <- 0x00000002


mem[X,0x8002E9A0] -> 0x6537
mem[X,0x8002E9A2] -> 0x6666
[4768] [M]: 0x8002E9A0 (0x66666537) lui a0, 419430
x10 <- 0x66666000


mem[X,0x8002E9A4] -> 0x0513
mem[X,0x8002E9A6] -> 0x6655
[4769] [M]: 0x8002E9A4 (0x66550513) addi a0, a0, 1637
x10 <- 0x66666665


mem[X,0x8002E9A8] -> 0x35B7
mem[X,0x8002E9AA] -> 0x3333
[4770] [M]: 0x8002E9A8 (0x333335B7) lui a1, 209715
x11 <- 0x33333000


mem[X,0x8002E9AC] -> 0x8593
mem[X,0x8002E9AE] -> 0x3325
[4771] [M]: 0x8002E9AC (0x33258593) addi a1, a1, 818
x11 <- 0x33333332


mem[X,0x8002E9B0] -> 0x0113
mem[X,0x8002E9B2] -> 0x0000
[4772] [M]: 0x8002E9B0 (0x00000113) addi sp, zero, 0
x2 <- 0x00000000


mem[X,0x8002E9B4] -> 0x006F
mem[X,0x8002E9B6] -> 0x00C0
[4773] [M]: 0x8002E9B4 (0x00C0006F) jal zero, 12


mem[X,0x8002E9C0] -> 0x4063
mem[X,0x8002E9C2] -> 0x10B5
[4774] [M]: 0x8002E9C0 (0x10B54063) blt a0, a1, 256


mem[X,0x8002E9C4] -> 0x0113
mem[X,0x8002E9C6] -> 0x0021
[4775] [M]: 0x8002E9C4 (0x00210113) addi sp, sp, 2
x2 <- 0x00000002


mem[X,0x8002E9C8] -> 0x006F
mem[X,0x8002E9CA] -> 0x1000
[4776] [M]: 0x8002E9C8 (0x1000006F) jal zero, 256


mem[X,0x8002EAC8] -> 0xA823
mem[X,0x8002EACA] -> 0x7820
[4777] [M]: 0x8002EAC8 (0x7820A823) sw sp, 1936(ra)
mem[0x800398F8] <- 0x00000002


mem[X,0x8002EACC] -> 0x6537
mem[X,0x8002EACE] -> 0x6666
[4778] [M]: 0x8002EACC (0x66666537) lui a0, 419430
x10 <- 0x66666000


mem[X,0x8002EAD0] -> 0x0513
mem[X,0x8002EAD2] -> 0x6655
[4779] [M]: 0x8002EAD0 (0x66550513) addi a0, a0, 1637
x10 <- 0x66666665


mem[X,0x8002EAD4] -> 0x65B7
mem[X,0x8002EAD6] -> 0x6666
[4780] [M]: 0x8002EAD4 (0x666665B7) lui a1, 419430
x11 <- 0x66666000


mem[X,0x8002EAD8] -> 0x8593
mem[X,0x8002EADA] -> 0x6655
[4781] [M]: 0x8002EAD8 (0x66558593) addi a1, a1, 1637
x11 <- 0x66666665


mem[X,0x8002EADC] -> 0x0113
mem[X,0x8002EADE] -> 0x0000
[4782] [M]: 0x8002EADC (0x00000113) addi sp, zero, 0
x2 <- 0x00000000


mem[X,0x8002EAE0] -> 0x006F
mem[X,0x8002EAE2] -> 0x00C0
[4783] [M]: 0x8002EAE0 (0x00C0006F) jal zero, 12


mem[X,0x8002EAEC] -> 0x4063
mem[X,0x8002EAEE] -> 0x40B5
[4784] [M]: 0x8002EAEC (0x40B54063) blt a0, a1, 1024


mem[X,0x8002EAF0] -> 0x0113
mem[X,0x8002EAF2] -> 0x0021
[4785] [M]: 0x8002EAF0 (0x00210113) addi sp, sp, 2
x2 <- 0x00000002


mem[X,0x8002EAF4] -> 0x006F
mem[X,0x8002EAF6] -> 0x4000
[4786] [M]: 0x8002EAF4 (0x4000006F) jal zero, 1024


mem[X,0x8002EEF4] -> 0xAA23
mem[X,0x8002EEF6] -> 0x7820
[4787] [M]: 0x8002EEF4 (0x7820AA23) sw sp, 1940(ra)
mem[0x800398FC] <- 0x00000002


mem[X,0x8002EEF8] -> 0x6537
mem[X,0x8002EEFA] -> 0x6666
[4788] [M]: 0x8002EEF8 (0x66666537) lui a0, 419430
x10 <- 0x66666000


mem[X,0x8002EEFC] -> 0x0513
mem[X,0x8002EEFE] -> 0x6655
[4789] [M]: 0x8002EEFC (0x66550513) addi a0, a0, 1637
x10 <- 0x66666665


mem[X,0x8002EF00] -> 0xB5B7
mem[X,0x8002EF02] -> 0x0000
[4790] [M]: 0x8002EF00 (0x0000B5B7) lui a1, 11
x11 <- 0x0000B000


mem[X,0x8002EF04] -> 0x8593
mem[X,0x8002EF06] -> 0x5035
[4791] [M]: 0x8002EF04 (0x50358593) addi a1, a1, 1283
x11 <- 0x0000B503


mem[X,0x8002EF08] -> 0x0113
mem[X,0x8002EF0A] -> 0x0000
[4792] [M]: 0x8002EF08 (0x00000113) addi sp, zero, 0
x2 <- 0x00000000


mem[X,0x8002EF0C] -> 0x006F
mem[X,0x8002EF0E] -> 0x00C0
[4793] [M]: 0x8002EF0C (0x00C0006F) jal zero, 12


mem[X,0x8002EF18] -> 0x4CE3
mem[X,0x8002EF1A] -> 0xFEB5
[4794] [M]: 0x8002EF18 (0xFEB54CE3) blt a0, a1, 8184


mem[X,0x8002EF1C] -> 0x0113
mem[X,0x8002EF1E] -> 0x0021
[4795] [M]: 0x8002EF1C (0x00210113) addi sp, sp, 2
x2 <- 0x00000002


mem[X,0x8002EF20] -> 0x006F
mem[X,0x8002EF22] -> 0x00C0
[4796] [M]: 0x8002EF20 (0x00C0006F) jal zero, 12


mem[X,0x8002EF2C] -> 0xAC23
mem[X,0x8002EF2E] -> 0x7820
[4797] [M]: 0x8002EF2C (0x7820AC23) sw sp, 1944(ra)
mem[0x80039900] <- 0x00000002


mem[X,0x8002EF30] -> 0x6537
mem[X,0x8002EF32] -> 0x6666
[4798] [M]: 0x8002EF30 (0x66666537) lui a0, 419430
x10 <- 0x66666000


mem[X,0x8002EF34] -> 0x0513
mem[X,0x8002EF36] -> 0x6655
[4799] [M]: 0x8002EF34 (0x66550513) addi a0, a0, 1637
x10 <- 0x66666665


clint::tick mtime <- 0x0000000000000030
 clint timer pending at mtime 0x0000000000000030
htif::tick 0x0000000000000000
mem[X,0x8002EF38] -> 0x55B7
mem[X,0x8002EF3A] -> 0x5555
[4800] [M]: 0x8002EF38 (0x555555B7) lui a1, 349525
x11 <- 0x55555000


mem[X,0x8002EF3C] -> 0x8593
mem[X,0x8002EF3E] -> 0x5565
[4801] [M]: 0x8002EF3C (0x55658593) addi a1, a1, 1366
x11 <- 0x55555556


mem[X,0x8002EF40] -> 0x0113
mem[X,0x8002EF42] -> 0x0000
[4802] [M]: 0x8002EF40 (0x00000113) addi sp, zero, 0
x2 <- 0x00000000


mem[X,0x8002EF44] -> 0x006F
mem[X,0x8002EF46] -> 0x2B10
[4803] [M]: 0x8002EF44 (0x2B10006F) jal zero, 2736


mem[X,0x8002F9F4] -> 0x4A63
mem[X,0x8002F9F6] -> 0xD4B5
[4804] [M]: 0x8002F9F4 (0xD4B54A63) blt a0, a1, 5460


mem[X,0x8002F9F8] -> 0x0113
mem[X,0x8002F9FA] -> 0x0021
[4805] [M]: 0x8002F9F8 (0x00210113) addi sp, sp, 2
x2 <- 0x00000002


mem[X,0x8002F9FC] -> 0x006F
mem[X,0x8002F9FE] -> 0x00C0
[4806] [M]: 0x8002F9FC (0x00C0006F) jal zero, 12


mem[X,0x8002FA08] -> 0xAE23
mem[X,0x8002FA0A] -> 0x7820
[4807] [M]: 0x8002FA08 (0x7820AE23) sw sp, 1948(ra)
mem[0x80039904] <- 0x00000002


mem[X,0x8002FA0C] -> 0x6537
mem[X,0x8002FA0E] -> 0x6666
[4808] [M]: 0x8002FA0C (0x66666537) lui a0, 419430
x10 <- 0x66666000


mem[X,0x8002FA10] -> 0x0513
mem[X,0x8002FA12] -> 0x6655
[4809] [M]: 0x8002FA10 (0x66550513) addi a0, a0, 1637
x10 <- 0x66666665


mem[X,0x8002FA14] -> 0xB5B7
mem[X,0x8002FA16] -> 0xAAAA
[4810] [M]: 0x8002FA14 (0xAAAAB5B7) lui a1, 699051
x11 <- 0xAAAAB000


mem[X,0x8002FA18] -> 0x8593
mem[X,0x8002FA1A] -> 0xAAB5
[4811] [M]: 0x8002FA18 (0xAAB58593) addi a1, a1, 2731
x11 <- 0xAAAAAAAB


mem[X,0x8002FA1C] -> 0x0113
mem[X,0x8002FA1E] -> 0x0000
[4812] [M]: 0x8002FA1C (0x00000113) addi sp, zero, 0
x2 <- 0x00000000


mem[X,0x8002FA20] -> 0x006F
mem[X,0x8002FA22] -> 0x0180
[4813] [M]: 0x8002FA20 (0x0180006F) jal zero, 24


mem[X,0x8002FA38] -> 0x46E3
mem[X,0x8002FA3A] -> 0xFEB5
[4814] [M]: 0x8002FA38 (0xFEB546E3) blt a0, a1, 8172


mem[X,0x8002FA3C] -> 0x0113
mem[X,0x8002FA3E] -> 0x0021
[4815] [M]: 0x8002FA3C (0x00210113) addi sp, sp, 2
x2 <- 0x00000002


mem[X,0x8002FA40] -> 0x006F
mem[X,0x8002FA42] -> 0x00C0
[4816] [M]: 0x8002FA40 (0x00C0006F) jal zero, 12


mem[X,0x8002FA4C] -> 0xA023
mem[X,0x8002FA4E] -> 0x7A20
[4817] [M]: 0x8002FA4C (0x7A20A023) sw sp, 1952(ra)
mem[0x80039908] <- 0x00000002


mem[X,0x8002FA50] -> 0x6537
mem[X,0x8002FA52] -> 0x6666
[4818] [M]: 0x8002FA50 (0x66666537) lui a0, 419430
x10 <- 0x66666000


mem[X,0x8002FA54] -> 0x0513
mem[X,0x8002FA56] -> 0x6655
[4819] [M]: 0x8002FA54 (0x66550513) addi a0, a0, 1637
x10 <- 0x66666665


mem[X,0x8002FA58] -> 0x0593
mem[X,0x8002FA5A] -> 0x0060
[4820] [M]: 0x8002FA58 (0x00600593) addi a1, zero, 6
x11 <- 0x00000006


mem[X,0x8002FA5C] -> 0x0113
mem[X,0x8002FA5E] -> 0x0000
[4821] [M]: 0x8002FA5C (0x00000113) addi sp, zero, 0
x2 <- 0x00000000


mem[X,0x8002FA60] -> 0x006F
mem[X,0x8002FA62] -> 0x00C0
[4822] [M]: 0x8002FA60 (0x00C0006F) jal zero, 12


mem[X,0x8002FA6C] -> 0x4063
mem[X,0x8002FA6E] -> 0x40B5
[4823] [M]: 0x8002FA6C (0x40B54063) blt a0, a1, 1024


mem[X,0x8002FA70] -> 0x0113
mem[X,0x8002FA72] -> 0x0021
[4824] [M]: 0x8002FA70 (0x00210113) addi sp, sp, 2
x2 <- 0x00000002


mem[X,0x8002FA74] -> 0x006F
mem[X,0x8002FA76] -> 0x4000
[4825] [M]: 0x8002FA74 (0x4000006F) jal zero, 1024


mem[X,0x8002FE74] -> 0xA223
mem[X,0x8002FE76] -> 0x7A20
[4826] [M]: 0x8002FE74 (0x7A20A223) sw sp, 1956(ra)
mem[0x8003990C] <- 0x00000002


mem[X,0x8002FE78] -> 0x6537
mem[X,0x8002FE7A] -> 0x6666
[4827] [M]: 0x8002FE78 (0x66666537) lui a0, 419430
x10 <- 0x66666000


mem[X,0x8002FE7C] -> 0x0513
mem[X,0x8002FE7E] -> 0x6655
[4828] [M]: 0x8002FE7C (0x66550513) addi a0, a0, 1637
x10 <- 0x66666665


mem[X,0x8002FE80] -> 0x35B7
mem[X,0x8002FE82] -> 0x3333
[4829] [M]: 0x8002FE80 (0x333335B7) lui a1, 209715
x11 <- 0x33333000


mem[X,0x8002FE84] -> 0x8593
mem[X,0x8002FE86] -> 0x3345
[4830] [M]: 0x8002FE84 (0x33458593) addi a1, a1, 820
x11 <- 0x33333334


mem[X,0x8002FE88] -> 0x0113
mem[X,0x8002FE8A] -> 0x0000
[4831] [M]: 0x8002FE88 (0x00000113) addi sp, zero, 0
x2 <- 0x00000000


mem[X,0x8002FE8C] -> 0x006F
mem[X,0x8002FE8E] -> 0x0100
[4832] [M]: 0x8002FE8C (0x0100006F) jal zero, 16


mem[X,0x8002FE9C] -> 0x4AE3
mem[X,0x8002FE9E] -> 0xFEB5
[4833] [M]: 0x8002FE9C (0xFEB54AE3) blt a0, a1, 8180


mem[X,0x8002FEA0] -> 0x0113
mem[X,0x8002FEA2] -> 0x0021
[4834] [M]: 0x8002FEA0 (0x00210113) addi sp, sp, 2
x2 <- 0x00000002


mem[X,0x8002FEA4] -> 0x006F
mem[X,0x8002FEA6] -> 0x00C0
[4835] [M]: 0x8002FEA4 (0x00C0006F) jal zero, 12


mem[X,0x8002FEB0] -> 0xA423
mem[X,0x8002FEB2] -> 0x7A20
[4836] [M]: 0x8002FEB0 (0x7A20A423) sw sp, 1960(ra)
mem[0x80039910] <- 0x00000002


mem[X,0x8002FEB4] -> 0x6537
mem[X,0x8002FEB6] -> 0x6666
[4837] [M]: 0x8002FEB4 (0x66666537) lui a0, 419430
x10 <- 0x66666000


mem[X,0x8002FEB8] -> 0x0513
mem[X,0x8002FEBA] -> 0x6655
[4838] [M]: 0x8002FEB8 (0x66550513) addi a0, a0, 1637
x10 <- 0x66666665


mem[X,0x8002FEBC] -> 0x65B7
mem[X,0x8002FEBE] -> 0x6666
[4839] [M]: 0x8002FEBC (0x666665B7) lui a1, 419430
x11 <- 0x66666000


mem[X,0x8002FEC0] -> 0x8593
mem[X,0x8002FEC2] -> 0x6675
[4840] [M]: 0x8002FEC0 (0x66758593) addi a1, a1, 1639
x11 <- 0x66666667


mem[X,0x8002FEC4] -> 0x0113
mem[X,0x8002FEC6] -> 0x0000
[4841] [M]: 0x8002FEC4 (0x00000113) addi sp, zero, 0
x2 <- 0x00000000


mem[X,0x8002FEC8] -> 0x006F
mem[X,0x8002FECA] -> 0x00C0
[4842] [M]: 0x8002FEC8 (0x00C0006F) jal zero, 12


mem[X,0x8002FED4] -> 0x4CE3
mem[X,0x8002FED6] -> 0xFEB5
[4843] [M]: 0x8002FED4 (0xFEB54CE3) blt a0, a1, 8184


mem[X,0x8002FECC] -> 0x0113
mem[X,0x8002FECE] -> 0x0011
[4844] [M]: 0x8002FECC (0x00110113) addi sp, sp, 1
x2 <- 0x00000001


mem[X,0x8002FED0] -> 0x006F
mem[X,0x8002FED2] -> 0x0180
[4845] [M]: 0x8002FED0 (0x0180006F) jal zero, 24


mem[X,0x8002FEE8] -> 0xA623
mem[X,0x8002FEEA] -> 0x7A20
[4846] [M]: 0x8002FEE8 (0x7A20A623) sw sp, 1964(ra)
mem[0x80039914] <- 0x00000001


mem[X,0x8002FEEC] -> 0x6537
mem[X,0x8002FEEE] -> 0x6666
[4847] [M]: 0x8002FEEC (0x66666537) lui a0, 419430
x10 <- 0x66666000


mem[X,0x8002FEF0] -> 0x0513
mem[X,0x8002FEF2] -> 0x6655
[4848] [M]: 0x8002FEF0 (0x66550513) addi a0, a0, 1637
x10 <- 0x66666665


mem[X,0x8002FEF4] -> 0x55B7
mem[X,0x8002FEF6] -> 0xFFFF
[4849] [M]: 0x8002FEF4 (0xFFFF55B7) lui a1, 1048565
x11 <- 0xFFFF5000


mem[X,0x8002FEF8] -> 0x8593
mem[X,0x8002FEFA] -> 0xAFD5
[4850] [M]: 0x8002FEF8 (0xAFD58593) addi a1, a1, 2813
x11 <- 0xFFFF4AFD


mem[X,0x8002FEFC] -> 0x0113
mem[X,0x8002FEFE] -> 0x0000
[4851] [M]: 0x8002FEFC (0x00000113) addi sp, zero, 0
x2 <- 0x00000000


mem[X,0x8002FF00] -> 0x006F
mem[X,0x8002FF02] -> 0x00C0
[4852] [M]: 0x8002FF00 (0x00C0006F) jal zero, 12


mem[X,0x8002FF0C] -> 0x4063
mem[X,0x8002FF0E] -> 0x02B5
[4853] [M]: 0x8002FF0C (0x02B54063) blt a0, a1, 32


mem[X,0x8002FF10] -> 0x0113
mem[X,0x8002FF12] -> 0x0021
[4854] [M]: 0x8002FF10 (0x00210113) addi sp, sp, 2
x2 <- 0x00000002


mem[X,0x8002FF14] -> 0x006F
mem[X,0x8002FF16] -> 0x0200
[4855] [M]: 0x8002FF14 (0x0200006F) jal zero, 32


mem[X,0x8002FF34] -> 0xA823
mem[X,0x8002FF36] -> 0x7A20
[4856] [M]: 0x8002FF34 (0x7A20A823) sw sp, 1968(ra)
mem[0x80039918] <- 0x00000002


mem[X,0x8002FF38] -> 0x6537
mem[X,0x8002FF3A] -> 0x6666
[4857] [M]: 0x8002FF38 (0x66666537) lui a0, 419430
x10 <- 0x66666000


mem[X,0x8002FF3C] -> 0x0513
mem[X,0x8002FF3E] -> 0x6655
[4858] [M]: 0x8002FF3C (0x66550513) addi a0, a0, 1637
x10 <- 0x66666665


mem[X,0x8002FF40] -> 0xB5B7
mem[X,0x8002FF42] -> 0x0000
[4859] [M]: 0x8002FF40 (0x0000B5B7) lui a1, 11
x11 <- 0x0000B000


mem[X,0x8002FF44] -> 0x8593
mem[X,0x8002FF46] -> 0x5055
[4860] [M]: 0x8002FF44 (0x50558593) addi a1, a1, 1285
x11 <- 0x0000B505


mem[X,0x8002FF48] -> 0x0113
mem[X,0x8002FF4A] -> 0x0000
[4861] [M]: 0x8002FF48 (0x00000113) addi sp, zero, 0
x2 <- 0x00000000


mem[X,0x8002FF4C] -> 0x006F
mem[X,0x8002FF4E] -> 0x00C0
[4862] [M]: 0x8002FF4C (0x00C0006F) jal zero, 12


mem[X,0x8002FF58] -> 0x4063
mem[X,0x8002FF5A] -> 0x04B5
[4863] [M]: 0x8002FF58 (0x04B54063) blt a0, a1, 64


mem[X,0x8002FF5C] -> 0x0113
mem[X,0x8002FF5E] -> 0x0021
[4864] [M]: 0x8002FF5C (0x00210113) addi sp, sp, 2
x2 <- 0x00000002


mem[X,0x8002FF60] -> 0x006F
mem[X,0x8002FF62] -> 0x0400
[4865] [M]: 0x8002FF60 (0x0400006F) jal zero, 64


mem[X,0x8002FFA0] -> 0xAA23
mem[X,0x8002FFA2] -> 0x7A20
[4866] [M]: 0x8002FFA0 (0x7A20AA23) sw sp, 1972(ra)
mem[0x8003991C] <- 0x00000002


mem[X,0x8002FFA4] -> 0xB537
mem[X,0x8002FFA6] -> 0x0000
[4867] [M]: 0x8002FFA4 (0x0000B537) lui a0, 11
x10 <- 0x0000B000


mem[X,0x8002FFA8] -> 0x0513
mem[X,0x8002FFAA] -> 0x5035
[4868] [M]: 0x8002FFA8 (0x50350513) addi a0, a0, 1283
x10 <- 0x0000B503


mem[X,0x8002FFAC] -> 0x0593
mem[X,0x8002FFAE] -> 0x0030
[4869] [M]: 0x8002FFAC (0x00300593) addi a1, zero, 3
x11 <- 0x00000003


mem[X,0x8002FFB0] -> 0x0113
mem[X,0x8002FFB2] -> 0x0000
[4870] [M]: 0x8002FFB0 (0x00000113) addi sp, zero, 0
x2 <- 0x00000000


mem[X,0x8002FFB4] -> 0x006F
mem[X,0x8002FFB6] -> 0x0180
[4871] [M]: 0x8002FFB4 (0x0180006F) jal zero, 24


mem[X,0x8002FFCC] -> 0x46E3
mem[X,0x8002FFCE] -> 0xFEB5
[4872] [M]: 0x8002FFCC (0xFEB546E3) blt a0, a1, 8172


mem[X,0x8002FFD0] -> 0x0113
mem[X,0x8002FFD2] -> 0x0021
[4873] [M]: 0x8002FFD0 (0x00210113) addi sp, sp, 2
x2 <- 0x00000002


mem[X,0x8002FFD4] -> 0x006F
mem[X,0x8002FFD6] -> 0x00C0
[4874] [M]: 0x8002FFD4 (0x00C0006F) jal zero, 12


mem[X,0x8002FFE0] -> 0xAC23
mem[X,0x8002FFE2] -> 0x7A20
[4875] [M]: 0x8002FFE0 (0x7A20AC23) sw sp, 1976(ra)
mem[0x80039920] <- 0x00000002


mem[X,0x8002FFE4] -> 0xB537
mem[X,0x8002FFE6] -> 0x0000
[4876] [M]: 0x8002FFE4 (0x0000B537) lui a0, 11
x10 <- 0x0000B000


mem[X,0x8002FFE8] -> 0x0513
mem[X,0x8002FFEA] -> 0x5035
[4877] [M]: 0x8002FFE8 (0x50350513) addi a0, a0, 1283
x10 <- 0x0000B503


mem[X,0x8002FFEC] -> 0x55B7
mem[X,0x8002FFEE] -> 0x5555
[4878] [M]: 0x8002FFEC (0x555555B7) lui a1, 349525
x11 <- 0x55555000


mem[X,0x8002FFF0] -> 0x8593
mem[X,0x8002FFF2] -> 0x5555
[4879] [M]: 0x8002FFF0 (0x55558593) addi a1, a1, 1365
x11 <- 0x55555555


mem[X,0x8002FFF4] -> 0x0113
mem[X,0x8002FFF6] -> 0x0000
[4880] [M]: 0x8002FFF4 (0x00000113) addi sp, zero, 0
x2 <- 0x00000000


mem[X,0x8002FFF8] -> 0x006F
mem[X,0x8002FFFA] -> 0x00C0
[4881] [M]: 0x8002FFF8 (0x00C0006F) jal zero, 12


mem[X,0x80030004] -> 0x4CE3
mem[X,0x80030006] -> 0xFEB5
[4882] [M]: 0x80030004 (0xFEB54CE3) blt a0, a1, 8184


mem[X,0x8002FFFC] -> 0x0113
mem[X,0x8002FFFE] -> 0x0011
[4883] [M]: 0x8002FFFC (0x00110113) addi sp, sp, 1
x2 <- 0x00000001


mem[X,0x80030000] -> 0x006F
mem[X,0x80030002] -> 0x0180
[4884] [M]: 0x80030000 (0x0180006F) jal zero, 24


mem[X,0x80030018] -> 0xAE23
mem[X,0x8003001A] -> 0x7A20
[4885] [M]: 0x80030018 (0x7A20AE23) sw sp, 1980(ra)
mem[0x80039924] <- 0x00000001


mem[X,0x8003001C] -> 0xB537
mem[X,0x8003001E] -> 0x0000
[4886] [M]: 0x8003001C (0x0000B537) lui a0, 11
x10 <- 0x0000B000


mem[X,0x80030020] -> 0x0513
mem[X,0x80030022] -> 0x5035
[4887] [M]: 0x80030020 (0x50350513) addi a0, a0, 1283
x10 <- 0x0000B503


mem[X,0x80030024] -> 0xB5B7
mem[X,0x80030026] -> 0xAAAA
[4888] [M]: 0x80030024 (0xAAAAB5B7) lui a1, 699051
x11 <- 0xAAAAB000


mem[X,0x80030028] -> 0x8593
mem[X,0x8003002A] -> 0xAAA5
[4889] [M]: 0x80030028 (0xAAA58593) addi a1, a1, 2730
x11 <- 0xAAAAAAAA


mem[X,0x8003002C] -> 0x0113
mem[X,0x8003002E] -> 0x0000
[4890] [M]: 0x8003002C (0x00000113) addi sp, zero, 0
x2 <- 0x00000000


mem[X,0x80030030] -> 0x006F
mem[X,0x80030032] -> 0x2B10
[4891] [M]: 0x80030030 (0x2B10006F) jal zero, 2736


mem[X,0x80030AE0] -> 0x4A63
mem[X,0x80030AE2] -> 0xD4B5
[4892] [M]: 0x80030AE0 (0xD4B54A63) blt a0, a1, 5460


mem[X,0x80030AE4] -> 0x0113
mem[X,0x80030AE6] -> 0x0021
[4893] [M]: 0x80030AE4 (0x00210113) addi sp, sp, 2
x2 <- 0x00000002


mem[X,0x80030AE8] -> 0x006F
mem[X,0x80030AEA] -> 0x00C0
[4894] [M]: 0x80030AE8 (0x00C0006F) jal zero, 12


mem[X,0x80030AF4] -> 0xA023
mem[X,0x80030AF6] -> 0x7C20
[4895] [M]: 0x80030AF4 (0x7C20A023) sw sp, 1984(ra)
mem[0x80039928] <- 0x00000002


mem[X,0x80030AF8] -> 0xB537
mem[X,0x80030AFA] -> 0x0000
[4896] [M]: 0x80030AF8 (0x0000B537) lui a0, 11
x10 <- 0x0000B000


mem[X,0x80030AFC] -> 0x0513
mem[X,0x80030AFE] -> 0x5035
[4897] [M]: 0x80030AFC (0x50350513) addi a0, a0, 1283
x10 <- 0x0000B503


mem[X,0x80030B00] -> 0x0593
mem[X,0x80030B02] -> 0x0050
[4898] [M]: 0x80030B00 (0x00500593) addi a1, zero, 5
x11 <- 0x00000005


mem[X,0x80030B04] -> 0x0113
mem[X,0x80030B06] -> 0x0000
[4899] [M]: 0x80030B04 (0x00000113) addi sp, zero, 0
x2 <- 0x00000000


clint::tick mtime <- 0x0000000000000031
 clint timer pending at mtime 0x0000000000000031
htif::tick 0x0000000000000000
mem[X,0x80030B08] -> 0x006F
mem[X,0x80030B0A] -> 0x00C0
[4900] [M]: 0x80030B08 (0x00C0006F) jal zero, 12


mem[X,0x80030B14] -> 0x4663
mem[X,0x80030B16] -> 0x00B5
[4901] [M]: 0x80030B14 (0x00B54663) blt a0, a1, 12


mem[X,0x80030B18] -> 0x0113
mem[X,0x80030B1A] -> 0x0021
[4902] [M]: 0x80030B18 (0x00210113) addi sp, sp, 2
x2 <- 0x00000002


mem[X,0x80030B1C] -> 0x006F
mem[X,0x80030B1E] -> 0x00C0
[4903] [M]: 0x80030B1C (0x00C0006F) jal zero, 12


mem[X,0x80030B28] -> 0xA223
mem[X,0x80030B2A] -> 0x7C20
[4904] [M]: 0x80030B28 (0x7C20A223) sw sp, 1988(ra)
mem[0x8003992C] <- 0x00000002


mem[X,0x80030B2C] -> 0xB537
mem[X,0x80030B2E] -> 0x0000
[4905] [M]: 0x80030B2C (0x0000B537) lui a0, 11
x10 <- 0x0000B000


mem[X,0x80030B30] -> 0x0513
mem[X,0x80030B32] -> 0x5035
[4906] [M]: 0x80030B30 (0x50350513) addi a0, a0, 1283
x10 <- 0x0000B503


mem[X,0x80030B34] -> 0x35B7
mem[X,0x80030B36] -> 0x3333
[4907] [M]: 0x80030B34 (0x333335B7) lui a1, 209715
x11 <- 0x33333000


mem[X,0x80030B38] -> 0x8593
mem[X,0x80030B3A] -> 0x3335
[4908] [M]: 0x80030B38 (0x33358593) addi a1, a1, 819
x11 <- 0x33333333


mem[X,0x80030B3C] -> 0x0113
mem[X,0x80030B3E] -> 0x0000
[4909] [M]: 0x80030B3C (0x00000113) addi sp, zero, 0
x2 <- 0x00000000


mem[X,0x80030B40] -> 0x006F
mem[X,0x80030B42] -> 0x00C0
[4910] [M]: 0x80030B40 (0x00C0006F) jal zero, 12


mem[X,0x80030B4C] -> 0x4663
mem[X,0x80030B4E] -> 0x00B5
[4911] [M]: 0x80030B4C (0x00B54663) blt a0, a1, 12


mem[X,0x80030B58] -> 0x0113
mem[X,0x80030B5A] -> 0x0031
[4912] [M]: 0x80030B58 (0x00310113) addi sp, sp, 3
x2 <- 0x00000003


mem[X,0x80030B5C] -> 0x006F
mem[X,0x80030B5E] -> 0x0040
[4913] [M]: 0x80030B5C (0x0040006F) jal zero, 4


mem[X,0x80030B60] -> 0xA423
mem[X,0x80030B62] -> 0x7C20
[4914] [M]: 0x80030B60 (0x7C20A423) sw sp, 1992(ra)
mem[0x80039930] <- 0x00000003


mem[X,0x80030B64] -> 0xB537
mem[X,0x80030B66] -> 0x0000
[4915] [M]: 0x80030B64 (0x0000B537) lui a0, 11
x10 <- 0x0000B000


mem[X,0x80030B68] -> 0x0513
mem[X,0x80030B6A] -> 0x5035
[4916] [M]: 0x80030B68 (0x50350513) addi a0, a0, 1283
x10 <- 0x0000B503


mem[X,0x80030B6C] -> 0x65B7
mem[X,0x80030B6E] -> 0x6666
[4917] [M]: 0x80030B6C (0x666665B7) lui a1, 419430
x11 <- 0x66666000


mem[X,0x80030B70] -> 0x8593
mem[X,0x80030B72] -> 0x6665
[4918] [M]: 0x80030B70 (0x66658593) addi a1, a1, 1638
x11 <- 0x66666666


mem[X,0x80030B74] -> 0x0113
mem[X,0x80030B76] -> 0x0000
[4919] [M]: 0x80030B74 (0x00000113) addi sp, zero, 0
x2 <- 0x00000000


mem[X,0x80030B78] -> 0x006F
mem[X,0x80030B7A] -> 0x00C0
[4920] [M]: 0x80030B78 (0x00C0006F) jal zero, 12


mem[X,0x80030B84] -> 0x4663
mem[X,0x80030B86] -> 0x00B5
[4921] [M]: 0x80030B84 (0x00B54663) blt a0, a1, 12


mem[X,0x80030B90] -> 0x0113
mem[X,0x80030B92] -> 0x0031
[4922] [M]: 0x80030B90 (0x00310113) addi sp, sp, 3
x2 <- 0x00000003


mem[X,0x80030B94] -> 0x006F
mem[X,0x80030B96] -> 0x0040
[4923] [M]: 0x80030B94 (0x0040006F) jal zero, 4


mem[X,0x80030B98] -> 0xA623
mem[X,0x80030B9A] -> 0x7C20
[4924] [M]: 0x80030B98 (0x7C20A623) sw sp, 1996(ra)
mem[0x80039934] <- 0x00000003


mem[X,0x80030B9C] -> 0xB537
mem[X,0x80030B9E] -> 0x0000
[4925] [M]: 0x80030B9C (0x0000B537) lui a0, 11
x10 <- 0x0000B000


mem[X,0x80030BA0] -> 0x0513
mem[X,0x80030BA2] -> 0x5035
[4926] [M]: 0x80030BA0 (0x50350513) addi a0, a0, 1283
x10 <- 0x0000B503


mem[X,0x80030BA4] -> 0x55B7
mem[X,0x80030BA6] -> 0xFFFF
[4927] [M]: 0x80030BA4 (0xFFFF55B7) lui a1, 1048565
x11 <- 0xFFFF5000


mem[X,0x80030BA8] -> 0x8593
mem[X,0x80030BAA] -> 0xAFC5
[4928] [M]: 0x80030BA8 (0xAFC58593) addi a1, a1, 2812
x11 <- 0xFFFF4AFC


mem[X,0x80030BAC] -> 0x0113
mem[X,0x80030BAE] -> 0x0000
[4929] [M]: 0x80030BAC (0x00000113) addi sp, zero, 0
x2 <- 0x00000000


mem[X,0x80030BB0] -> 0x006F
mem[X,0x80030BB2] -> 0x0140
[4930] [M]: 0x80030BB0 (0x0140006F) jal zero, 20


mem[X,0x80030BC4] -> 0x48E3
mem[X,0x80030BC6] -> 0xFEB5
[4931] [M]: 0x80030BC4 (0xFEB548E3) blt a0, a1, 8176


mem[X,0x80030BC8] -> 0x0113
mem[X,0x80030BCA] -> 0x0021
[4932] [M]: 0x80030BC8 (0x00210113) addi sp, sp, 2
x2 <- 0x00000002


mem[X,0x80030BCC] -> 0x006F
mem[X,0x80030BCE] -> 0x00C0
[4933] [M]: 0x80030BCC (0x00C0006F) jal zero, 12


mem[X,0x80030BD8] -> 0xA823
mem[X,0x80030BDA] -> 0x7C20
[4934] [M]: 0x80030BD8 (0x7C20A823) sw sp, 2000(ra)
mem[0x80039938] <- 0x00000002


mem[X,0x80030BDC] -> 0xB537
mem[X,0x80030BDE] -> 0x0000
[4935] [M]: 0x80030BDC (0x0000B537) lui a0, 11
x10 <- 0x0000B000


mem[X,0x80030BE0] -> 0x0513
mem[X,0x80030BE2] -> 0x5035
[4936] [M]: 0x80030BE0 (0x50350513) addi a0, a0, 1283
x10 <- 0x0000B503


mem[X,0x80030BE4] -> 0xB5B7
mem[X,0x80030BE6] -> 0x0000
[4937] [M]: 0x80030BE4 (0x0000B5B7) lui a1, 11
x11 <- 0x0000B000


mem[X,0x80030BE8] -> 0x8593
mem[X,0x80030BEA] -> 0x5045
[4938] [M]: 0x80030BE8 (0x50458593) addi a1, a1, 1284
x11 <- 0x0000B504


mem[X,0x80030BEC] -> 0x0113
mem[X,0x80030BEE] -> 0x0000
[4939] [M]: 0x80030BEC (0x00000113) addi sp, zero, 0
x2 <- 0x00000000


mem[X,0x80030BF0] -> 0x006F
mem[X,0x80030BF2] -> 0x2B10
[4940] [M]: 0x80030BF0 (0x2B10006F) jal zero, 2736


mem[X,0x800316A0] -> 0x4A63
mem[X,0x800316A2] -> 0xD4B5
[4941] [M]: 0x800316A0 (0xD4B54A63) blt a0, a1, 5460


mem[X,0x80030BF4] -> 0x0113
mem[X,0x80030BF6] -> 0x0011
[4942] [M]: 0x80030BF4 (0x00110113) addi sp, sp, 1
x2 <- 0x00000001


mem[X,0x80030BF8] -> 0x006F
mem[X,0x80030BFA] -> 0x2BD0
[4943] [M]: 0x80030BF8 (0x2BD0006F) jal zero, 2748


mem[X,0x800316B4] -> 0xAA23
mem[X,0x800316B6] -> 0x7C20
[4944] [M]: 0x800316B4 (0x7C20AA23) sw sp, 2004(ra)
mem[0x8003993C] <- 0x00000001


mem[X,0x800316B8] -> 0xB537
mem[X,0x800316BA] -> 0x0000
[4945] [M]: 0x800316B8 (0x0000B537) lui a0, 11
x10 <- 0x0000B000


mem[X,0x800316BC] -> 0x0513
mem[X,0x800316BE] -> 0x5035
[4946] [M]: 0x800316BC (0x50350513) addi a0, a0, 1283
x10 <- 0x0000B503


mem[X,0x800316C0] -> 0x0593
mem[X,0x800316C2] -> 0x0020
[4947] [M]: 0x800316C0 (0x00200593) addi a1, zero, 2
x11 <- 0x00000002


mem[X,0x800316C4] -> 0x0113
mem[X,0x800316C6] -> 0x0000
[4948] [M]: 0x800316C4 (0x00000113) addi sp, zero, 0
x2 <- 0x00000000


mem[X,0x800316C8] -> 0x006F
mem[X,0x800316CA] -> 0x0100
[4949] [M]: 0x800316C8 (0x0100006F) jal zero, 16


mem[X,0x800316D8] -> 0x4AE3
mem[X,0x800316DA] -> 0xFEB5
[4950] [M]: 0x800316D8 (0xFEB54AE3) blt a0, a1, 8180


mem[X,0x800316DC] -> 0x0113
mem[X,0x800316DE] -> 0x0021
[4951] [M]: 0x800316DC (0x00210113) addi sp, sp, 2
x2 <- 0x00000002


mem[X,0x800316E0] -> 0x006F
mem[X,0x800316E2] -> 0x00C0
[4952] [M]: 0x800316E0 (0x00C0006F) jal zero, 12


mem[X,0x800316EC] -> 0xAC23
mem[X,0x800316EE] -> 0x7C20
[4953] [M]: 0x800316EC (0x7C20AC23) sw sp, 2008(ra)
mem[0x80039940] <- 0x00000002


mem[X,0x800316F0] -> 0xB537
mem[X,0x800316F2] -> 0x0000
[4954] [M]: 0x800316F0 (0x0000B537) lui a0, 11
x10 <- 0x0000B000


mem[X,0x800316F4] -> 0x0513
mem[X,0x800316F6] -> 0x5035
[4955] [M]: 0x800316F4 (0x50350513) addi a0, a0, 1283
x10 <- 0x0000B503


mem[X,0x800316F8] -> 0x55B7
mem[X,0x800316FA] -> 0x5555
[4956] [M]: 0x800316F8 (0x555555B7) lui a1, 349525
x11 <- 0x55555000


mem[X,0x800316FC] -> 0x8593
mem[X,0x800316FE] -> 0x5545
[4957] [M]: 0x800316FC (0x55458593) addi a1, a1, 1364
x11 <- 0x55555554


mem[X,0x80031700] -> 0x0113
mem[X,0x80031702] -> 0x0000
[4958] [M]: 0x80031700 (0x00000113) addi sp, zero, 0
x2 <- 0x00000000


mem[X,0x80031704] -> 0x006F
mem[X,0x80031706] -> 0x00C0
[4959] [M]: 0x80031704 (0x00C0006F) jal zero, 12


mem[X,0x80031710] -> 0x4663
mem[X,0x80031712] -> 0x00B5
[4960] [M]: 0x80031710 (0x00B54663) blt a0, a1, 12


mem[X,0x8003171C] -> 0x0113
mem[X,0x8003171E] -> 0x0031
[4961] [M]: 0x8003171C (0x00310113) addi sp, sp, 3
x2 <- 0x00000003


mem[X,0x80031720] -> 0x006F
mem[X,0x80031722] -> 0x0040
[4962] [M]: 0x80031720 (0x0040006F) jal zero, 4


mem[X,0x80031724] -> 0xAE23
mem[X,0x80031726] -> 0x7C20
[4963] [M]: 0x80031724 (0x7C20AE23) sw sp, 2012(ra)
mem[0x80039944] <- 0x00000003


mem[X,0x80031728] -> 0xB537
mem[X,0x8003172A] -> 0x0000
[4964] [M]: 0x80031728 (0x0000B537) lui a0, 11
x10 <- 0x0000B000


mem[X,0x8003172C] -> 0x0513
mem[X,0x8003172E] -> 0x5035
[4965] [M]: 0x8003172C (0x50350513) addi a0, a0, 1283
x10 <- 0x0000B503


mem[X,0x80031730] -> 0x0593
mem[X,0x80031732] -> 0x0000
[4966] [M]: 0x80031730 (0x00000593) addi a1, zero, 0
x11 <- 0x00000000


mem[X,0x80031734] -> 0x0113
mem[X,0x80031736] -> 0x0000
[4967] [M]: 0x80031734 (0x00000113) addi sp, zero, 0
x2 <- 0x00000000


mem[X,0x80031738] -> 0x006F
mem[X,0x8003173A] -> 0x00C0
[4968] [M]: 0x80031738 (0x00C0006F) jal zero, 12


mem[X,0x80031744] -> 0x4663
mem[X,0x80031746] -> 0x00B5
[4969] [M]: 0x80031744 (0x00B54663) blt a0, a1, 12


mem[X,0x80031748] -> 0x0113
mem[X,0x8003174A] -> 0x0021
[4970] [M]: 0x80031748 (0x00210113) addi sp, sp, 2
x2 <- 0x00000002


mem[X,0x8003174C] -> 0x006F
mem[X,0x8003174E] -> 0x00C0
[4971] [M]: 0x8003174C (0x00C0006F) jal zero, 12


mem[X,0x80031758] -> 0xA023
mem[X,0x8003175A] -> 0x7E20
[4972] [M]: 0x80031758 (0x7E20A023) sw sp, 2016(ra)
mem[0x80039948] <- 0x00000002


mem[X,0x8003175C] -> 0xB537
mem[X,0x8003175E] -> 0x0000
[4973] [M]: 0x8003175C (0x0000B537) lui a0, 11
x10 <- 0x0000B000


mem[X,0x80031760] -> 0x0513
mem[X,0x80031762] -> 0x5035
[4974] [M]: 0x80031760 (0x50350513) addi a0, a0, 1283
x10 <- 0x0000B503


mem[X,0x80031764] -> 0x0593
mem[X,0x80031766] -> 0x0040
[4975] [M]: 0x80031764 (0x00400593) addi a1, zero, 4
x11 <- 0x00000004


mem[X,0x80031768] -> 0x0113
mem[X,0x8003176A] -> 0x0000
[4976] [M]: 0x80031768 (0x00000113) addi sp, zero, 0
x2 <- 0x00000000


mem[X,0x8003176C] -> 0x006F
mem[X,0x8003176E] -> 0x00C0
[4977] [M]: 0x8003176C (0x00C0006F) jal zero, 12


mem[X,0x80031778] -> 0x4663
mem[X,0x8003177A] -> 0x00B5
[4978] [M]: 0x80031778 (0x00B54663) blt a0, a1, 12


mem[X,0x8003177C] -> 0x0113
mem[X,0x8003177E] -> 0x0021
[4979] [M]: 0x8003177C (0x00210113) addi sp, sp, 2
x2 <- 0x00000002


mem[X,0x80031780] -> 0x006F
mem[X,0x80031782] -> 0x00C0
[4980] [M]: 0x80031780 (0x00C0006F) jal zero, 12


mem[X,0x8003178C] -> 0xA223
mem[X,0x8003178E] -> 0x7E20
[4981] [M]: 0x8003178C (0x7E20A223) sw sp, 2020(ra)
mem[0x8003994C] <- 0x00000002


mem[X,0x80031790] -> 0xB537
mem[X,0x80031792] -> 0x0000
[4982] [M]: 0x80031790 (0x0000B537) lui a0, 11
x10 <- 0x0000B000


mem[X,0x80031794] -> 0x0513
mem[X,0x80031796] -> 0x5035
[4983] [M]: 0x80031794 (0x50350513) addi a0, a0, 1283
x10 <- 0x0000B503


mem[X,0x80031798] -> 0x35B7
mem[X,0x8003179A] -> 0x3333
[4984] [M]: 0x80031798 (0x333335B7) lui a1, 209715
x11 <- 0x33333000


mem[X,0x8003179C] -> 0x8593
mem[X,0x8003179E] -> 0x3325
[4985] [M]: 0x8003179C (0x33258593) addi a1, a1, 818
x11 <- 0x33333332


mem[X,0x800317A0] -> 0x0113
mem[X,0x800317A2] -> 0x0000
[4986] [M]: 0x800317A0 (0x00000113) addi sp, zero, 0
x2 <- 0x00000000


mem[X,0x800317A4] -> 0x006F
mem[X,0x800317A6] -> 0x00C0
[4987] [M]: 0x800317A4 (0x00C0006F) jal zero, 12


mem[X,0x800317B0] -> 0x4063
mem[X,0x800317B2] -> 0x08B5
[4988] [M]: 0x800317B0 (0x08B54063) blt a0, a1, 128


mem[X,0x80031830] -> 0x0113
mem[X,0x80031832] -> 0x0031
[4989] [M]: 0x80031830 (0x00310113) addi sp, sp, 3
x2 <- 0x00000003


mem[X,0x80031834] -> 0x006F
mem[X,0x80031836] -> 0x0040
[4990] [M]: 0x80031834 (0x0040006F) jal zero, 4


mem[X,0x80031838] -> 0xA423
mem[X,0x8003183A] -> 0x7E20
[4991] [M]: 0x80031838 (0x7E20A423) sw sp, 2024(ra)
mem[0x80039950] <- 0x00000003


mem[X,0x8003183C] -> 0xB537
mem[X,0x8003183E] -> 0x0000
[4992] [M]: 0x8003183C (0x0000B537) lui a0, 11
x10 <- 0x0000B000


mem[X,0x80031840] -> 0x0513
mem[X,0x80031842] -> 0x5035
[4993] [M]: 0x80031840 (0x50350513) addi a0, a0, 1283
x10 <- 0x0000B503


mem[X,0x80031844] -> 0x65B7
mem[X,0x80031846] -> 0x6666
[4994] [M]: 0x80031844 (0x666665B7) lui a1, 419430
x11 <- 0x66666000


mem[X,0x80031848] -> 0x8593
mem[X,0x8003184A] -> 0x6655
[4995] [M]: 0x80031848 (0x66558593) addi a1, a1, 1637
x11 <- 0x66666665


mem[X,0x8003184C] -> 0x0113
mem[X,0x8003184E] -> 0x0000
[4996] [M]: 0x8003184C (0x00000113) addi sp, zero, 0
x2 <- 0x00000000


mem[X,0x80031850] -> 0x006F
mem[X,0x80031852] -> 0x00C0
[4997] [M]: 0x80031850 (0x00C0006F) jal zero, 12


mem[X,0x8003185C] -> 0x4063
mem[X,0x8003185E] -> 0x40B5
[4998] [M]: 0x8003185C (0x40B54063) blt a0, a1, 1024


mem[X,0x80031C5C] -> 0x0113
mem[X,0x80031C5E] -> 0x0031
[4999] [M]: 0x80031C5C (0x00310113) addi sp, sp, 3
x2 <- 0x00000003


clint::tick mtime <- 0x0000000000000032
 clint timer pending at mtime 0x0000000000000032
htif::tick 0x0000000000000000
mem[X,0x80031C60] -> 0x006F
mem[X,0x80031C62] -> 0x0040
[5000] [M]: 0x80031C60 (0x0040006F) jal zero, 4


mem[X,0x80031C64] -> 0xA623
mem[X,0x80031C66] -> 0x7E20
[5001] [M]: 0x80031C64 (0x7E20A623) sw sp, 2028(ra)
mem[0x80039954] <- 0x00000003


mem[X,0x80031C68] -> 0xB537
mem[X,0x80031C6A] -> 0x0000
[5002] [M]: 0x80031C68 (0x0000B537) lui a0, 11
x10 <- 0x0000B000


mem[X,0x80031C6C] -> 0x0513
mem[X,0x80031C6E] -> 0x5035
[5003] [M]: 0x80031C6C (0x50350513) addi a0, a0, 1283
x10 <- 0x0000B503


mem[X,0x80031C70] -> 0xB5B7
mem[X,0x80031C72] -> 0x0000
[5004] [M]: 0x80031C70 (0x0000B5B7) lui a1, 11
x11 <- 0x0000B000


mem[X,0x80031C74] -> 0x8593
mem[X,0x80031C76] -> 0x5035
[5005] [M]: 0x80031C74 (0x50358593) addi a1, a1, 1283
x11 <- 0x0000B503


mem[X,0x80031C78] -> 0x0113
mem[X,0x80031C7A] -> 0x0000
[5006] [M]: 0x80031C78 (0x00000113) addi sp, zero, 0
x2 <- 0x00000000


mem[X,0x80031C7C] -> 0x006F
mem[X,0x80031C7E] -> 0x00C0
[5007] [M]: 0x80031C7C (0x00C0006F) jal zero, 12


mem[X,0x80031C88] -> 0x4CE3
mem[X,0x80031C8A] -> 0xFEB5
[5008] [M]: 0x80031C88 (0xFEB54CE3) blt a0, a1, 8184


mem[X,0x80031C8C] -> 0x0113
mem[X,0x80031C8E] -> 0x0021
[5009] [M]: 0x80031C8C (0x00210113) addi sp, sp, 2
x2 <- 0x00000002


mem[X,0x80031C90] -> 0x006F
mem[X,0x80031C92] -> 0x00C0
[5010] [M]: 0x80031C90 (0x00C0006F) jal zero, 12


mem[X,0x80031C9C] -> 0xA823
mem[X,0x80031C9E] -> 0x7E20
[5011] [M]: 0x80031C9C (0x7E20A823) sw sp, 2032(ra)
mem[0x80039958] <- 0x00000002


mem[X,0x80031CA0] -> 0xB537
mem[X,0x80031CA2] -> 0x0000
[5012] [M]: 0x80031CA0 (0x0000B537) lui a0, 11
x10 <- 0x0000B000


mem[X,0x80031CA4] -> 0x0513
mem[X,0x80031CA6] -> 0x5035
[5013] [M]: 0x80031CA4 (0x50350513) addi a0, a0, 1283
x10 <- 0x0000B503


mem[X,0x80031CA8] -> 0x55B7
mem[X,0x80031CAA] -> 0x5555
[5014] [M]: 0x80031CA8 (0x555555B7) lui a1, 349525
x11 <- 0x55555000


mem[X,0x80031CAC] -> 0x8593
mem[X,0x80031CAE] -> 0x5565
[5015] [M]: 0x80031CAC (0x55658593) addi a1, a1, 1366
x11 <- 0x55555556


mem[X,0x80031CB0] -> 0x0113
mem[X,0x80031CB2] -> 0x0000
[5016] [M]: 0x80031CB0 (0x00000113) addi sp, zero, 0
x2 <- 0x00000000


mem[X,0x80031CB4] -> 0x006F
mem[X,0x80031CB6] -> 0x00C0
[5017] [M]: 0x80031CB4 (0x00C0006F) jal zero, 12


mem[X,0x80031CC0] -> 0x4CE3
mem[X,0x80031CC2] -> 0xFEB5
[5018] [M]: 0x80031CC0 (0xFEB54CE3) blt a0, a1, 8184


mem[X,0x80031CB8] -> 0x0113
mem[X,0x80031CBA] -> 0x0011
[5019] [M]: 0x80031CB8 (0x00110113) addi sp, sp, 1
x2 <- 0x00000001


mem[X,0x80031CBC] -> 0x006F
mem[X,0x80031CBE] -> 0x0180
[5020] [M]: 0x80031CBC (0x0180006F) jal zero, 24


mem[X,0x80031CD4] -> 0xAA23
mem[X,0x80031CD6] -> 0x7E20
[5021] [M]: 0x80031CD4 (0x7E20AA23) sw sp, 2036(ra)
mem[0x8003995C] <- 0x00000001


mem[X,0x80031CD8] -> 0xB537
mem[X,0x80031CDA] -> 0x0000
[5022] [M]: 0x80031CD8 (0x0000B537) lui a0, 11
x10 <- 0x0000B000


mem[X,0x80031CDC] -> 0x0513
mem[X,0x80031CDE] -> 0x5035
[5023] [M]: 0x80031CDC (0x50350513) addi a0, a0, 1283
x10 <- 0x0000B503


mem[X,0x80031CE0] -> 0xB5B7
mem[X,0x80031CE2] -> 0xAAAA
[5024] [M]: 0x80031CE0 (0xAAAAB5B7) lui a1, 699051
x11 <- 0xAAAAB000


mem[X,0x80031CE4] -> 0x8593
mem[X,0x80031CE6] -> 0xAAB5
[5025] [M]: 0x80031CE4 (0xAAB58593) addi a1, a1, 2731
x11 <- 0xAAAAAAAB


mem[X,0x80031CE8] -> 0x0113
mem[X,0x80031CEA] -> 0x0000
[5026] [M]: 0x80031CE8 (0x00000113) addi sp, zero, 0
x2 <- 0x00000000


mem[X,0x80031CEC] -> 0x006F
mem[X,0x80031CEE] -> 0x00C0
[5027] [M]: 0x80031CEC (0x00C0006F) jal zero, 12


mem[X,0x80031CF8] -> 0x4663
mem[X,0x80031CFA] -> 0x00B5
[5028] [M]: 0x80031CF8 (0x00B54663) blt a0, a1, 12


mem[X,0x80031CFC] -> 0x0113
mem[X,0x80031CFE] -> 0x0021
[5029] [M]: 0x80031CFC (0x00210113) addi sp, sp, 2
x2 <- 0x00000002


mem[X,0x80031D00] -> 0x006F
mem[X,0x80031D02] -> 0x00C0
[5030] [M]: 0x80031D00 (0x00C0006F) jal zero, 12


mem[X,0x80031D0C] -> 0xAC23
mem[X,0x80031D0E] -> 0x7E20
[5031] [M]: 0x80031D0C (0x7E20AC23) sw sp, 2040(ra)
mem[0x80039960] <- 0x00000002


mem[X,0x80031D10] -> 0xB537
mem[X,0x80031D12] -> 0x0000
[5032] [M]: 0x80031D10 (0x0000B537) lui a0, 11
x10 <- 0x0000B000


mem[X,0x80031D14] -> 0x0513
mem[X,0x80031D16] -> 0x5035
[5033] [M]: 0x80031D14 (0x50350513) addi a0, a0, 1283
x10 <- 0x0000B503


mem[X,0x80031D18] -> 0x0593
mem[X,0x80031D1A] -> 0x0060
[5034] [M]: 0x80031D18 (0x00600593) addi a1, zero, 6
x11 <- 0x00000006


mem[X,0x80031D1C] -> 0x0113
mem[X,0x80031D1E] -> 0x0000
[5035] [M]: 0x80031D1C (0x00000113) addi sp, zero, 0
x2 <- 0x00000000


mem[X,0x80031D20] -> 0x006F
mem[X,0x80031D22] -> 0x00C0
[5036] [M]: 0x80031D20 (0x00C0006F) jal zero, 12


mem[X,0x80031D2C] -> 0x4663
mem[X,0x80031D2E] -> 0x00B5
[5037] [M]: 0x80031D2C (0x00B54663) blt a0, a1, 12


mem[X,0x80031D30] -> 0x0113
mem[X,0x80031D32] -> 0x0021
[5038] [M]: 0x80031D30 (0x00210113) addi sp, sp, 2
x2 <- 0x00000002


mem[X,0x80031D34] -> 0x006F
mem[X,0x80031D36] -> 0x00C0
[5039] [M]: 0x80031D34 (0x00C0006F) jal zero, 12


mem[X,0x80031D40] -> 0xAE23
mem[X,0x80031D42] -> 0x7E20
[5040] [M]: 0x80031D40 (0x7E20AE23) sw sp, 2044(ra)
mem[0x80039964] <- 0x00000002


mem[X,0x80031D44] -> 0x0013
mem[X,0x80031D46] -> 0x0000
[5041] [M]: 0x80031D44 (0x00000013) addi zero, zero, 0


mem[X,0x80031D48] -> 0x0013
mem[X,0x80031D4A] -> 0x0000
[5042] [M]: 0x80031D48 (0x00000013) addi zero, zero, 0


mem[X,0x80031D4C] -> 0x0013
mem[X,0x80031D4E] -> 0x0000
[5043] [M]: 0x80031D4C (0x00000013) addi zero, zero, 0


mem[X,0x80031D50] -> 0x0013
mem[X,0x80031D52] -> 0x0000
[5044] [M]: 0x80031D50 (0x00000013) addi zero, zero, 0


mem[X,0x80031D54] -> 0x0013
mem[X,0x80031D56] -> 0x0000
[5045] [M]: 0x80031D54 (0x00000013) addi zero, zero, 0


mem[X,0x80031D58] -> 0x0013
mem[X,0x80031D5A] -> 0x0000
[5046] [M]: 0x80031D58 (0x00000013) addi zero, zero, 0


mem[X,0x80031D5C] -> 0x0013
mem[X,0x80031D5E] -> 0x0000
[5047] [M]: 0x80031D5C (0x00000013) addi zero, zero, 0


mem[X,0x80031D60] -> 0x8097
mem[X,0x80031D62] -> 0x0000
[5048] [M]: 0x80031D60 (0x00008097) auipc ra, 8
x1 <- 0x80039D60


mem[X,0x80031D64] -> 0x8093
mem[X,0x80031D66] -> 0xC080
[5049] [M]: 0x80031D64 (0xC0808093) addi ra, ra, 3080
x1 <- 0x80039968


mem[X,0x80031D68] -> 0x0013
mem[X,0x80031D6A] -> 0x0000
[5050] [M]: 0x80031D68 (0x00000013) addi zero, zero, 0


mem[X,0x80031D6C] -> 0x0013
mem[X,0x80031D6E] -> 0x0000
[5051] [M]: 0x80031D6C (0x00000013) addi zero, zero, 0


mem[X,0x80031D70] -> 0x0013
mem[X,0x80031D72] -> 0x0000
[5052] [M]: 0x80031D70 (0x00000013) addi zero, zero, 0


mem[X,0x80031D74] -> 0x0013
mem[X,0x80031D76] -> 0x0000
[5053] [M]: 0x80031D74 (0x00000013) addi zero, zero, 0


mem[X,0x80031D78] -> 0x0013
mem[X,0x80031D7A] -> 0x0000
[5054] [M]: 0x80031D78 (0x00000013) addi zero, zero, 0


mem[X,0x80031D7C] -> 0x0013
mem[X,0x80031D7E] -> 0x0000
[5055] [M]: 0x80031D7C (0x00000013) addi zero, zero, 0


mem[X,0x80031D80] -> 0xB537
mem[X,0x80031D82] -> 0x0000
[5056] [M]: 0x80031D80 (0x0000B537) lui a0, 11
x10 <- 0x0000B000


mem[X,0x80031D84] -> 0x0513
mem[X,0x80031D86] -> 0x5035
[5057] [M]: 0x80031D84 (0x50350513) addi a0, a0, 1283
x10 <- 0x0000B503


mem[X,0x80031D88] -> 0x35B7
mem[X,0x80031D8A] -> 0x3333
[5058] [M]: 0x80031D88 (0x333335B7) lui a1, 209715
x11 <- 0x33333000


mem[X,0x80031D8C] -> 0x8593
mem[X,0x80031D8E] -> 0x3345
[5059] [M]: 0x80031D8C (0x33458593) addi a1, a1, 820
x11 <- 0x33333334


mem[X,0x80031D90] -> 0x0113
mem[X,0x80031D92] -> 0x0000
[5060] [M]: 0x80031D90 (0x00000113) addi sp, zero, 0
x2 <- 0x00000000


mem[X,0x80031D94] -> 0x006F
mem[X,0x80031D96] -> 0x00C0
[5061] [M]: 0x80031D94 (0x00C0006F) jal zero, 12


mem[X,0x80031DA0] -> 0x4663
mem[X,0x80031DA2] -> 0x00B5
[5062] [M]: 0x80031DA0 (0x00B54663) blt a0, a1, 12


mem[X,0x80031DAC] -> 0x0113
mem[X,0x80031DAE] -> 0x0031
[5063] [M]: 0x80031DAC (0x00310113) addi sp, sp, 3
x2 <- 0x00000003


mem[X,0x80031DB0] -> 0x006F
mem[X,0x80031DB2] -> 0x0040
[5064] [M]: 0x80031DB0 (0x0040006F) jal zero, 4


mem[X,0x80031DB4] -> 0xA023
mem[X,0x80031DB6] -> 0x0020
[5065] [M]: 0x80031DB4 (0x0020A023) sw sp, 0(ra)
mem[0x80039968] <- 0x00000003


mem[X,0x80031DB8] -> 0xB537
mem[X,0x80031DBA] -> 0x0000
[5066] [M]: 0x80031DB8 (0x0000B537) lui a0, 11
x10 <- 0x0000B000


mem[X,0x80031DBC] -> 0x0513
mem[X,0x80031DBE] -> 0x5035
[5067] [M]: 0x80031DBC (0x50350513) addi a0, a0, 1283
x10 <- 0x0000B503


mem[X,0x80031DC0] -> 0x65B7
mem[X,0x80031DC2] -> 0x6666
[5068] [M]: 0x80031DC0 (0x666665B7) lui a1, 419430
x11 <- 0x66666000


mem[X,0x80031DC4] -> 0x8593
mem[X,0x80031DC6] -> 0x6675
[5069] [M]: 0x80031DC4 (0x66758593) addi a1, a1, 1639
x11 <- 0x66666667


mem[X,0x80031DC8] -> 0x0113
mem[X,0x80031DCA] -> 0x0000
[5070] [M]: 0x80031DC8 (0x00000113) addi sp, zero, 0
x2 <- 0x00000000


mem[X,0x80031DCC] -> 0x006F
mem[X,0x80031DCE] -> 0x00C0
[5071] [M]: 0x80031DCC (0x00C0006F) jal zero, 12


mem[X,0x80031DD8] -> 0x4063
mem[X,0x80031DDA] -> 0x20B5
[5072] [M]: 0x80031DD8 (0x20B54063) blt a0, a1, 512


mem[X,0x80031FD8] -> 0x0113
mem[X,0x80031FDA] -> 0x0031
[5073] [M]: 0x80031FD8 (0x00310113) addi sp, sp, 3
x2 <- 0x00000003


mem[X,0x80031FDC] -> 0x006F
mem[X,0x80031FDE] -> 0x0040
[5074] [M]: 0x80031FDC (0x0040006F) jal zero, 4


mem[X,0x80031FE0] -> 0xA223
mem[X,0x80031FE2] -> 0x0020
[5075] [M]: 0x80031FE0 (0x0020A223) sw sp, 4(ra)
mem[0x8003996C] <- 0x00000003


mem[X,0x80031FE4] -> 0xB537
mem[X,0x80031FE6] -> 0x0000
[5076] [M]: 0x80031FE4 (0x0000B537) lui a0, 11
x10 <- 0x0000B000


mem[X,0x80031FE8] -> 0x0513
mem[X,0x80031FEA] -> 0x5035
[5077] [M]: 0x80031FE8 (0x50350513) addi a0, a0, 1283
x10 <- 0x0000B503


mem[X,0x80031FEC] -> 0x55B7
mem[X,0x80031FEE] -> 0xFFFF
[5078] [M]: 0x80031FEC (0xFFFF55B7) lui a1, 1048565
x11 <- 0xFFFF5000


mem[X,0x80031FF0] -> 0x8593
mem[X,0x80031FF2] -> 0xAFD5
[5079] [M]: 0x80031FF0 (0xAFD58593) addi a1, a1, 2813
x11 <- 0xFFFF4AFD


mem[X,0x80031FF4] -> 0x0113
mem[X,0x80031FF6] -> 0x0000
[5080] [M]: 0x80031FF4 (0x00000113) addi sp, zero, 0
x2 <- 0x00000000


mem[X,0x80031FF8] -> 0x006F
mem[X,0x80031FFA] -> 0x00C0
[5081] [M]: 0x80031FF8 (0x00C0006F) jal zero, 12


mem[X,0x80032004] -> 0x4663
mem[X,0x80032006] -> 0x00B5
[5082] [M]: 0x80032004 (0x00B54663) blt a0, a1, 12


mem[X,0x80032008] -> 0x0113
mem[X,0x8003200A] -> 0x0021
[5083] [M]: 0x80032008 (0x00210113) addi sp, sp, 2
x2 <- 0x00000002


mem[X,0x8003200C] -> 0x006F
mem[X,0x8003200E] -> 0x00C0
[5084] [M]: 0x8003200C (0x00C0006F) jal zero, 12


mem[X,0x80032018] -> 0xA423
mem[X,0x8003201A] -> 0x0020
[5085] [M]: 0x80032018 (0x0020A423) sw sp, 8(ra)
mem[0x80039970] <- 0x00000002


mem[X,0x8003201C] -> 0xB537
mem[X,0x8003201E] -> 0x0000
[5086] [M]: 0x8003201C (0x0000B537) lui a0, 11
x10 <- 0x0000B000


mem[X,0x80032020] -> 0x0513
mem[X,0x80032022] -> 0x5035
[5087] [M]: 0x80032020 (0x50350513) addi a0, a0, 1283
x10 <- 0x0000B503


mem[X,0x80032024] -> 0xB5B7
mem[X,0x80032026] -> 0x0000
[5088] [M]: 0x80032024 (0x0000B5B7) lui a1, 11
x11 <- 0x0000B000


mem[X,0x80032028] -> 0x8593
mem[X,0x8003202A] -> 0x5055
[5089] [M]: 0x80032028 (0x50558593) addi a1, a1, 1285
x11 <- 0x0000B505


mem[X,0x8003202C] -> 0x0113
mem[X,0x8003202E] -> 0x0000
[5090] [M]: 0x8003202C (0x00000113) addi sp, zero, 0
x2 <- 0x00000000


mem[X,0x80032030] -> 0x006F
mem[X,0x80032032] -> 0x00C0
[5091] [M]: 0x80032030 (0x00C0006F) jal zero, 12


mem[X,0x8003203C] -> 0x4CE3
mem[X,0x8003203E] -> 0xFEB5
[5092] [M]: 0x8003203C (0xFEB54CE3) blt a0, a1, 8184


mem[X,0x80032034] -> 0x0113
mem[X,0x80032036] -> 0x0011
[5093] [M]: 0x80032034 (0x00110113) addi sp, sp, 1
x2 <- 0x00000001


mem[X,0x80032038] -> 0x006F
mem[X,0x8003203A] -> 0x0180
[5094] [M]: 0x80032038 (0x0180006F) jal zero, 24


mem[X,0x80032050] -> 0xA623
mem[X,0x80032052] -> 0x0020
[5095] [M]: 0x80032050 (0x0020A623) sw sp, 12(ra)
mem[0x80039974] <- 0x00000001


mem[X,0x80032054] -> 0x5537
mem[X,0x80032056] -> 0x5555
[5096] [M]: 0x80032054 (0x55555537) lui a0, 349525
x10 <- 0x55555000


mem[X,0x80032058] -> 0x0513
mem[X,0x8003205A] -> 0x5565
[5097] [M]: 0x80032058 (0x55650513) addi a0, a0, 1366
x10 <- 0x55555556


mem[X,0x8003205C] -> 0x0593
mem[X,0x8003205E] -> 0x0030
[5098] [M]: 0x8003205C (0x00300593) addi a1, zero, 3
x11 <- 0x00000003


mem[X,0x80032060] -> 0x0113
mem[X,0x80032062] -> 0x0000
[5099] [M]: 0x80032060 (0x00000113) addi sp, zero, 0
x2 <- 0x00000000


clint::tick mtime <- 0x0000000000000033
 clint timer pending at mtime 0x0000000000000033
htif::tick 0x0000000000000000
mem[X,0x80032064] -> 0x006F
mem[X,0x80032066] -> 0x00C0
[5100] [M]: 0x80032064 (0x00C0006F) jal zero, 12


mem[X,0x80032070] -> 0x4863
mem[X,0x80032072] -> 0x00B5
[5101] [M]: 0x80032070 (0x00B54863) blt a0, a1, 16


mem[X,0x80032074] -> 0x0113
mem[X,0x80032076] -> 0x0021
[5102] [M]: 0x80032074 (0x00210113) addi sp, sp, 2
x2 <- 0x00000002


mem[X,0x80032078] -> 0x006F
mem[X,0x8003207A] -> 0x0100
[5103] [M]: 0x80032078 (0x0100006F) jal zero, 16


mem[X,0x80032088] -> 0xA823
mem[X,0x8003208A] -> 0x0020
[5104] [M]: 0x80032088 (0x0020A823) sw sp, 16(ra)
mem[0x80039978] <- 0x00000002


mem[X,0x8003208C] -> 0x5537
mem[X,0x8003208E] -> 0x5555
[5105] [M]: 0x8003208C (0x55555537) lui a0, 349525
x10 <- 0x55555000


mem[X,0x80032090] -> 0x0513
mem[X,0x80032092] -> 0x5565
[5106] [M]: 0x80032090 (0x55650513) addi a0, a0, 1366
x10 <- 0x55555556


mem[X,0x80032094] -> 0x55B7
mem[X,0x80032096] -> 0x5555
[5107] [M]: 0x80032094 (0x555555B7) lui a1, 349525
x11 <- 0x55555000


mem[X,0x80032098] -> 0x8593
mem[X,0x8003209A] -> 0x5555
[5108] [M]: 0x80032098 (0x55558593) addi a1, a1, 1365
x11 <- 0x55555555


mem[X,0x8003209C] -> 0x0113
mem[X,0x8003209E] -> 0x0000
[5109] [M]: 0x8003209C (0x00000113) addi sp, zero, 0
x2 <- 0x00000000


mem[X,0x800320A0] -> 0x006F
mem[X,0x800320A2] -> 0x0100
[5110] [M]: 0x800320A0 (0x0100006F) jal zero, 16


mem[X,0x800320B0] -> 0x4AE3
mem[X,0x800320B2] -> 0xFEB5
[5111] [M]: 0x800320B0 (0xFEB54AE3) blt a0, a1, 8180


mem[X,0x800320B4] -> 0x0113
mem[X,0x800320B6] -> 0x0021
[5112] [M]: 0x800320B4 (0x00210113) addi sp, sp, 2
x2 <- 0x00000002


mem[X,0x800320B8] -> 0x006F
mem[X,0x800320BA] -> 0x00C0
[5113] [M]: 0x800320B8 (0x00C0006F) jal zero, 12


mem[X,0x800320C4] -> 0xAA23
mem[X,0x800320C6] -> 0x0020
[5114] [M]: 0x800320C4 (0x0020AA23) sw sp, 20(ra)
mem[0x8003997C] <- 0x00000002


mem[X,0x800320C8] -> 0x5537
mem[X,0x800320CA] -> 0x5555
[5115] [M]: 0x800320C8 (0x55555537) lui a0, 349525
x10 <- 0x55555000


mem[X,0x800320CC] -> 0x0513
mem[X,0x800320CE] -> 0x5565
[5116] [M]: 0x800320CC (0x55650513) addi a0, a0, 1366
x10 <- 0x55555556


mem[X,0x800320D0] -> 0xB5B7
mem[X,0x800320D2] -> 0xAAAA
[5117] [M]: 0x800320D0 (0xAAAAB5B7) lui a1, 699051
x11 <- 0xAAAAB000


mem[X,0x800320D4] -> 0x8593
mem[X,0x800320D6] -> 0xAAA5
[5118] [M]: 0x800320D4 (0xAAA58593) addi a1, a1, 2730
x11 <- 0xAAAAAAAA


mem[X,0x800320D8] -> 0x0113
mem[X,0x800320DA] -> 0x0000
[5119] [M]: 0x800320D8 (0x00000113) addi sp, zero, 0
x2 <- 0x00000000


mem[X,0x800320DC] -> 0x006F
mem[X,0x800320DE] -> 0x00C0
[5120] [M]: 0x800320DC (0x00C0006F) jal zero, 12


mem[X,0x800320E8] -> 0x4CE3
mem[X,0x800320EA] -> 0xFEB5
[5121] [M]: 0x800320E8 (0xFEB54CE3) blt a0, a1, 8184


mem[X,0x800320EC] -> 0x0113
mem[X,0x800320EE] -> 0x0021
[5122] [M]: 0x800320EC (0x00210113) addi sp, sp, 2
x2 <- 0x00000002


mem[X,0x800320F0] -> 0x006F
mem[X,0x800320F2] -> 0x00C0
[5123] [M]: 0x800320F0 (0x00C0006F) jal zero, 12


mem[X,0x800320FC] -> 0xAC23
mem[X,0x800320FE] -> 0x0020
[5124] [M]: 0x800320FC (0x0020AC23) sw sp, 24(ra)
mem[0x80039980] <- 0x00000002


mem[X,0x80032100] -> 0x5537
mem[X,0x80032102] -> 0x5555
[5125] [M]: 0x80032100 (0x55555537) lui a0, 349525
x10 <- 0x55555000


mem[X,0x80032104] -> 0x0513
mem[X,0x80032106] -> 0x5565
[5126] [M]: 0x80032104 (0x55650513) addi a0, a0, 1366
x10 <- 0x55555556


mem[X,0x80032108] -> 0x0593
mem[X,0x8003210A] -> 0x0050
[5127] [M]: 0x80032108 (0x00500593) addi a1, zero, 5
x11 <- 0x00000005


mem[X,0x8003210C] -> 0x0113
mem[X,0x8003210E] -> 0x0000
[5128] [M]: 0x8003210C (0x00000113) addi sp, zero, 0
x2 <- 0x00000000


mem[X,0x80032110] -> 0x006F
mem[X,0x80032112] -> 0x00C0
[5129] [M]: 0x80032110 (0x00C0006F) jal zero, 12


mem[X,0x8003211C] -> 0x4063
mem[X,0x8003211E] -> 0x10B5
[5130] [M]: 0x8003211C (0x10B54063) blt a0, a1, 256


mem[X,0x80032120] -> 0x0113
mem[X,0x80032122] -> 0x0021
[5131] [M]: 0x80032120 (0x00210113) addi sp, sp, 2
x2 <- 0x00000002


mem[X,0x80032124] -> 0x006F
mem[X,0x80032126] -> 0x1000
[5132] [M]: 0x80032124 (0x1000006F) jal zero, 256


mem[X,0x80032224] -> 0xAE23
mem[X,0x80032226] -> 0x0020
[5133] [M]: 0x80032224 (0x0020AE23) sw sp, 28(ra)
mem[0x80039984] <- 0x00000002


mem[X,0x80032228] -> 0x5537
mem[X,0x8003222A] -> 0x5555
[5134] [M]: 0x80032228 (0x55555537) lui a0, 349525
x10 <- 0x55555000


mem[X,0x8003222C] -> 0x0513
mem[X,0x8003222E] -> 0x5565
[5135] [M]: 0x8003222C (0x55650513) addi a0, a0, 1366
x10 <- 0x55555556


mem[X,0x80032230] -> 0x35B7
mem[X,0x80032232] -> 0x3333
[5136] [M]: 0x80032230 (0x333335B7) lui a1, 209715
x11 <- 0x33333000


mem[X,0x80032234] -> 0x8593
mem[X,0x80032236] -> 0x3335
[5137] [M]: 0x80032234 (0x33358593) addi a1, a1, 819
x11 <- 0x33333333


mem[X,0x80032238] -> 0x0113
mem[X,0x8003223A] -> 0x0000
[5138] [M]: 0x80032238 (0x00000113) addi sp, zero, 0
x2 <- 0x00000000


mem[X,0x8003223C] -> 0x006F
mem[X,0x8003223E] -> 0x00C0
[5139] [M]: 0x8003223C (0x00C0006F) jal zero, 12


mem[X,0x80032248] -> 0x4063
mem[X,0x8003224A] -> 0x40B5
[5140] [M]: 0x80032248 (0x40B54063) blt a0, a1, 1024


mem[X,0x8003224C] -> 0x0113
mem[X,0x8003224E] -> 0x0021
[5141] [M]: 0x8003224C (0x00210113) addi sp, sp, 2
x2 <- 0x00000002


mem[X,0x80032250] -> 0x006F
mem[X,0x80032252] -> 0x4000
[5142] [M]: 0x80032250 (0x4000006F) jal zero, 1024


mem[X,0x80032650] -> 0xA023
mem[X,0x80032652] -> 0x0220
[5143] [M]: 0x80032650 (0x0220A023) sw sp, 32(ra)
mem[0x80039988] <- 0x00000002


mem[X,0x80032654] -> 0x5537
mem[X,0x80032656] -> 0x5555
[5144] [M]: 0x80032654 (0x55555537) lui a0, 349525
x10 <- 0x55555000


mem[X,0x80032658] -> 0x0513
mem[X,0x8003265A] -> 0x5565
[5145] [M]: 0x80032658 (0x55650513) addi a0, a0, 1366
x10 <- 0x55555556


mem[X,0x8003265C] -> 0x65B7
mem[X,0x8003265E] -> 0x6666
[5146] [M]: 0x8003265C (0x666665B7) lui a1, 419430
x11 <- 0x66666000


mem[X,0x80032660] -> 0x8593
mem[X,0x80032662] -> 0x6665
[5147] [M]: 0x80032660 (0x66658593) addi a1, a1, 1638
x11 <- 0x66666666


mem[X,0x80032664] -> 0x0113
mem[X,0x80032666] -> 0x0000
[5148] [M]: 0x80032664 (0x00000113) addi sp, zero, 0
x2 <- 0x00000000


mem[X,0x80032668] -> 0x006F
mem[X,0x8003266A] -> 0x00C0
[5149] [M]: 0x80032668 (0x00C0006F) jal zero, 12


mem[X,0x80032674] -> 0x4063
mem[X,0x80032676] -> 0x04B5
[5150] [M]: 0x80032674 (0x04B54063) blt a0, a1, 64


mem[X,0x800326B4] -> 0x0113
mem[X,0x800326B6] -> 0x0031
[5151] [M]: 0x800326B4 (0x00310113) addi sp, sp, 3
x2 <- 0x00000003


mem[X,0x800326B8] -> 0x006F
mem[X,0x800326BA] -> 0x0040
[5152] [M]: 0x800326B8 (0x0040006F) jal zero, 4


mem[X,0x800326BC] -> 0xA223
mem[X,0x800326BE] -> 0x0220
[5153] [M]: 0x800326BC (0x0220A223) sw sp, 36(ra)
mem[0x8003998C] <- 0x00000003


mem[X,0x800326C0] -> 0x5537
mem[X,0x800326C2] -> 0x5555
[5154] [M]: 0x800326C0 (0x55555537) lui a0, 349525
x10 <- 0x55555000


mem[X,0x800326C4] -> 0x0513
mem[X,0x800326C6] -> 0x5565
[5155] [M]: 0x800326C4 (0x55650513) addi a0, a0, 1366
x10 <- 0x55555556


mem[X,0x800326C8] -> 0x55B7
mem[X,0x800326CA] -> 0xFFFF
[5156] [M]: 0x800326C8 (0xFFFF55B7) lui a1, 1048565
x11 <- 0xFFFF5000


mem[X,0x800326CC] -> 0x8593
mem[X,0x800326CE] -> 0xAFC5
[5157] [M]: 0x800326CC (0xAFC58593) addi a1, a1, 2812
x11 <- 0xFFFF4AFC


mem[X,0x800326D0] -> 0x0113
mem[X,0x800326D2] -> 0x0000
[5158] [M]: 0x800326D0 (0x00000113) addi sp, zero, 0
x2 <- 0x00000000


mem[X,0x800326D4] -> 0x006F
mem[X,0x800326D6] -> 0x00C0
[5159] [M]: 0x800326D4 (0x00C0006F) jal zero, 12


mem[X,0x800326E0] -> 0x4063
mem[X,0x800326E2] -> 0x40B5
[5160] [M]: 0x800326E0 (0x40B54063) blt a0, a1, 1024


mem[X,0x800326E4] -> 0x0113
mem[X,0x800326E6] -> 0x0021
[5161] [M]: 0x800326E4 (0x00210113) addi sp, sp, 2
x2 <- 0x00000002


mem[X,0x800326E8] -> 0x006F
mem[X,0x800326EA] -> 0x4000
[5162] [M]: 0x800326E8 (0x4000006F) jal zero, 1024


mem[X,0x80032AE8] -> 0xA423
mem[X,0x80032AEA] -> 0x0220
[5163] [M]: 0x80032AE8 (0x0220A423) sw sp, 40(ra)
mem[0x80039990] <- 0x00000002


mem[X,0x80032AEC] -> 0x5537
mem[X,0x80032AEE] -> 0x5555
[5164] [M]: 0x80032AEC (0x55555537) lui a0, 349525
x10 <- 0x55555000


mem[X,0x80032AF0] -> 0x0513
mem[X,0x80032AF2] -> 0x5565
[5165] [M]: 0x80032AF0 (0x55650513) addi a0, a0, 1366
x10 <- 0x55555556


mem[X,0x80032AF4] -> 0xB5B7
mem[X,0x80032AF6] -> 0x0000
[5166] [M]: 0x80032AF4 (0x0000B5B7) lui a1, 11
x11 <- 0x0000B000


mem[X,0x80032AF8] -> 0x8593
mem[X,0x80032AFA] -> 0x5045
[5167] [M]: 0x80032AF8 (0x50458593) addi a1, a1, 1284
x11 <- 0x0000B504


mem[X,0x80032AFC] -> 0x0113
mem[X,0x80032AFE] -> 0x0000
[5168] [M]: 0x80032AFC (0x00000113) addi sp, zero, 0
x2 <- 0x00000000


mem[X,0x80032B00] -> 0x006F
mem[X,0x80032B02] -> 0x0050
[5169] [M]: 0x80032B00 (0x0050006F) jal zero, 2052


mem[X,0x80033304] -> 0x40E3
mem[X,0x80033306] -> 0x80B5
[5170] [M]: 0x80033304 (0x80B540E3) blt a0, a1, 6144


mem[X,0x80033308] -> 0x0113
mem[X,0x8003330A] -> 0x0021
[5171] [M]: 0x80033308 (0x00210113) addi sp, sp, 2
x2 <- 0x00000002


mem[X,0x8003330C] -> 0x006F
mem[X,0x8003330E] -> 0x00C0
[5172] [M]: 0x8003330C (0x00C0006F) jal zero, 12


mem[X,0x80033318] -> 0xA623
mem[X,0x8003331A] -> 0x0220
[5173] [M]: 0x80033318 (0x0220A623) sw sp, 44(ra)
mem[0x80039994] <- 0x00000002


mem[X,0x8003331C] -> 0x5537
mem[X,0x8003331E] -> 0x5555
[5174] [M]: 0x8003331C (0x55555537) lui a0, 349525
x10 <- 0x55555000


mem[X,0x80033320] -> 0x0513
mem[X,0x80033322] -> 0x5565
[5175] [M]: 0x80033320 (0x55650513) addi a0, a0, 1366
x10 <- 0x55555556


mem[X,0x80033324] -> 0x0593
mem[X,0x80033326] -> 0x0020
[5176] [M]: 0x80033324 (0x00200593) addi a1, zero, 2
x11 <- 0x00000002


mem[X,0x80033328] -> 0x0113
mem[X,0x8003332A] -> 0x0000
[5177] [M]: 0x80033328 (0x00000113) addi sp, zero, 0
x2 <- 0x00000000


mem[X,0x8003332C] -> 0x006F
mem[X,0x8003332E] -> 0x00C0
[5178] [M]: 0x8003332C (0x00C0006F) jal zero, 12


mem[X,0x80033338] -> 0x4063
mem[X,0x8003333A] -> 0x40B5
[5179] [M]: 0x80033338 (0x40B54063) blt a0, a1, 1024


mem[X,0x8003333C] -> 0x0113
mem[X,0x8003333E] -> 0x0021
[5180] [M]: 0x8003333C (0x00210113) addi sp, sp, 2
x2 <- 0x00000002


mem[X,0x80033340] -> 0x006F
mem[X,0x80033342] -> 0x4000
[5181] [M]: 0x80033340 (0x4000006F) jal zero, 1024


mem[X,0x80033740] -> 0xA823
mem[X,0x80033742] -> 0x0220
[5182] [M]: 0x80033740 (0x0220A823) sw sp, 48(ra)
mem[0x80039998] <- 0x00000002


mem[X,0x80033744] -> 0x5537
mem[X,0x80033746] -> 0x5555
[5183] [M]: 0x80033744 (0x55555537) lui a0, 349525
x10 <- 0x55555000


mem[X,0x80033748] -> 0x0513
mem[X,0x8003374A] -> 0x5565
[5184] [M]: 0x80033748 (0x55650513) addi a0, a0, 1366
x10 <- 0x55555556


mem[X,0x8003374C] -> 0x55B7
mem[X,0x8003374E] -> 0x5555
[5185] [M]: 0x8003374C (0x555555B7) lui a1, 349525
x11 <- 0x55555000


mem[X,0x80033750] -> 0x8593
mem[X,0x80033752] -> 0x5545
[5186] [M]: 0x80033750 (0x55458593) addi a1, a1, 1364
x11 <- 0x55555554


mem[X,0x80033754] -> 0x0113
mem[X,0x80033756] -> 0x0000
[5187] [M]: 0x80033754 (0x00000113) addi sp, zero, 0
x2 <- 0x00000000


mem[X,0x80033758] -> 0x006F
mem[X,0x8003375A] -> 0x00C0
[5188] [M]: 0x80033758 (0x00C0006F) jal zero, 12


mem[X,0x80033764] -> 0x4CE3
mem[X,0x80033766] -> 0xFEB5
[5189] [M]: 0x80033764 (0xFEB54CE3) blt a0, a1, 8184


mem[X,0x80033768] -> 0x0113
mem[X,0x8003376A] -> 0x0021
[5190] [M]: 0x80033768 (0x00210113) addi sp, sp, 2
x2 <- 0x00000002


mem[X,0x8003376C] -> 0x006F
mem[X,0x8003376E] -> 0x00C0
[5191] [M]: 0x8003376C (0x00C0006F) jal zero, 12


mem[X,0x80033778] -> 0xAA23
mem[X,0x8003377A] -> 0x0220
[5192] [M]: 0x80033778 (0x0220AA23) sw sp, 52(ra)
mem[0x8003999C] <- 0x00000002


mem[X,0x8003377C] -> 0x5537
mem[X,0x8003377E] -> 0x5555
[5193] [M]: 0x8003377C (0x55555537) lui a0, 349525
x10 <- 0x55555000


mem[X,0x80033780] -> 0x0513
mem[X,0x80033782] -> 0x5565
[5194] [M]: 0x80033780 (0x55650513) addi a0, a0, 1366
x10 <- 0x55555556


mem[X,0x80033784] -> 0x0593
mem[X,0x80033786] -> 0x0000
[5195] [M]: 0x80033784 (0x00000593) addi a1, zero, 0
x11 <- 0x00000000


mem[X,0x80033788] -> 0x0113
mem[X,0x8003378A] -> 0x0000
[5196] [M]: 0x80033788 (0x00000113) addi sp, zero, 0
x2 <- 0x00000000


mem[X,0x8003378C] -> 0x006F
mem[X,0x8003378E] -> 0x00C0
[5197] [M]: 0x8003378C (0x00C0006F) jal zero, 12


mem[X,0x80033798] -> 0x4CE3
mem[X,0x8003379A] -> 0xFEB5
[5198] [M]: 0x80033798 (0xFEB54CE3) blt a0, a1, 8184


mem[X,0x8003379C] -> 0x0113
mem[X,0x8003379E] -> 0x0021
[5199] [M]: 0x8003379C (0x00210113) addi sp, sp, 2
x2 <- 0x00000002


clint::tick mtime <- 0x0000000000000034
 clint timer pending at mtime 0x0000000000000034
htif::tick 0x0000000000000000
mem[X,0x800337A0] -> 0x006F
mem[X,0x800337A2] -> 0x00C0
[5200] [M]: 0x800337A0 (0x00C0006F) jal zero, 12


mem[X,0x800337AC] -> 0xAC23
mem[X,0x800337AE] -> 0x0220
[5201] [M]: 0x800337AC (0x0220AC23) sw sp, 56(ra)
mem[0x800399A0] <- 0x00000002


mem[X,0x800337B0] -> 0x5537
mem[X,0x800337B2] -> 0x5555
[5202] [M]: 0x800337B0 (0x55555537) lui a0, 349525
x10 <- 0x55555000


mem[X,0x800337B4] -> 0x0513
mem[X,0x800337B6] -> 0x5565
[5203] [M]: 0x800337B4 (0x55650513) addi a0, a0, 1366
x10 <- 0x55555556


mem[X,0x800337B8] -> 0x0593
mem[X,0x800337BA] -> 0x0040
[5204] [M]: 0x800337B8 (0x00400593) addi a1, zero, 4
x11 <- 0x00000004


mem[X,0x800337BC] -> 0x0113
mem[X,0x800337BE] -> 0x0000
[5205] [M]: 0x800337BC (0x00000113) addi sp, zero, 0
x2 <- 0x00000000


mem[X,0x800337C0] -> 0x006F
mem[X,0x800337C2] -> 0x00C0
[5206] [M]: 0x800337C0 (0x00C0006F) jal zero, 12


mem[X,0x800337CC] -> 0x4863
mem[X,0x800337CE] -> 0x00B5
[5207] [M]: 0x800337CC (0x00B54863) blt a0, a1, 16


mem[X,0x800337D0] -> 0x0113
mem[X,0x800337D2] -> 0x0021
[5208] [M]: 0x800337D0 (0x00210113) addi sp, sp, 2
x2 <- 0x00000002


mem[X,0x800337D4] -> 0x006F
mem[X,0x800337D6] -> 0x0100
[5209] [M]: 0x800337D4 (0x0100006F) jal zero, 16


mem[X,0x800337E4] -> 0xAE23
mem[X,0x800337E6] -> 0x0220
[5210] [M]: 0x800337E4 (0x0220AE23) sw sp, 60(ra)
mem[0x800399A4] <- 0x00000002


mem[X,0x800337E8] -> 0x5537
mem[X,0x800337EA] -> 0x5555
[5211] [M]: 0x800337E8 (0x55555537) lui a0, 349525
x10 <- 0x55555000


mem[X,0x800337EC] -> 0x0513
mem[X,0x800337EE] -> 0x5565
[5212] [M]: 0x800337EC (0x55650513) addi a0, a0, 1366
x10 <- 0x55555556


mem[X,0x800337F0] -> 0x35B7
mem[X,0x800337F2] -> 0x3333
[5213] [M]: 0x800337F0 (0x333335B7) lui a1, 209715
x11 <- 0x33333000


mem[X,0x800337F4] -> 0x8593
mem[X,0x800337F6] -> 0x3325
[5214] [M]: 0x800337F4 (0x33258593) addi a1, a1, 818
x11 <- 0x33333332


mem[X,0x800337F8] -> 0x0113
mem[X,0x800337FA] -> 0x0000
[5215] [M]: 0x800337F8 (0x00000113) addi sp, zero, 0
x2 <- 0x00000000


mem[X,0x800337FC] -> 0x006F
mem[X,0x800337FE] -> 0x0100
[5216] [M]: 0x800337FC (0x0100006F) jal zero, 16


mem[X,0x8003380C] -> 0x4AE3
mem[X,0x8003380E] -> 0xFEB5
[5217] [M]: 0x8003380C (0xFEB54AE3) blt a0, a1, 8180


mem[X,0x80033810] -> 0x0113
mem[X,0x80033812] -> 0x0021
[5218] [M]: 0x80033810 (0x00210113) addi sp, sp, 2
x2 <- 0x00000002


mem[X,0x80033814] -> 0x006F
mem[X,0x80033816] -> 0x00C0
[5219] [M]: 0x80033814 (0x00C0006F) jal zero, 12


mem[X,0x80033820] -> 0xA023
mem[X,0x80033822] -> 0x0420
[5220] [M]: 0x80033820 (0x0420A023) sw sp, 64(ra)
mem[0x800399A8] <- 0x00000002


mem[X,0x80033824] -> 0x5537
mem[X,0x80033826] -> 0x5555
[5221] [M]: 0x80033824 (0x55555537) lui a0, 349525
x10 <- 0x55555000


mem[X,0x80033828] -> 0x0513
mem[X,0x8003382A] -> 0x5565
[5222] [M]: 0x80033828 (0x55650513) addi a0, a0, 1366
x10 <- 0x55555556


mem[X,0x8003382C] -> 0x65B7
mem[X,0x8003382E] -> 0x6666
[5223] [M]: 0x8003382C (0x666665B7) lui a1, 419430
x11 <- 0x66666000


mem[X,0x80033830] -> 0x8593
mem[X,0x80033832] -> 0x6655
[5224] [M]: 0x80033830 (0x66558593) addi a1, a1, 1637
x11 <- 0x66666665


mem[X,0x80033834] -> 0x0113
mem[X,0x80033836] -> 0x0000
[5225] [M]: 0x80033834 (0x00000113) addi sp, zero, 0
x2 <- 0x00000000


mem[X,0x80033838] -> 0x006F
mem[X,0x8003383A] -> 0x00C0
[5226] [M]: 0x80033838 (0x00C0006F) jal zero, 12


mem[X,0x80033844] -> 0x4063
mem[X,0x80033846] -> 0x20B5
[5227] [M]: 0x80033844 (0x20B54063) blt a0, a1, 512


mem[X,0x80033A44] -> 0x0113
mem[X,0x80033A46] -> 0x0031
[5228] [M]: 0x80033A44 (0x00310113) addi sp, sp, 3
x2 <- 0x00000003


mem[X,0x80033A48] -> 0x006F
mem[X,0x80033A4A] -> 0x0040
[5229] [M]: 0x80033A48 (0x0040006F) jal zero, 4


mem[X,0x80033A4C] -> 0xA223
mem[X,0x80033A4E] -> 0x0420
[5230] [M]: 0x80033A4C (0x0420A223) sw sp, 68(ra)
mem[0x800399AC] <- 0x00000003


mem[X,0x80033A50] -> 0x5537
mem[X,0x80033A52] -> 0x5555
[5231] [M]: 0x80033A50 (0x55555537) lui a0, 349525
x10 <- 0x55555000


mem[X,0x80033A54] -> 0x0513
mem[X,0x80033A56] -> 0x5565
[5232] [M]: 0x80033A54 (0x55650513) addi a0, a0, 1366
x10 <- 0x55555556


mem[X,0x80033A58] -> 0xB5B7
mem[X,0x80033A5A] -> 0x0000
[5233] [M]: 0x80033A58 (0x0000B5B7) lui a1, 11
x11 <- 0x0000B000


mem[X,0x80033A5C] -> 0x8593
mem[X,0x80033A5E] -> 0x5035
[5234] [M]: 0x80033A5C (0x50358593) addi a1, a1, 1283
x11 <- 0x0000B503


mem[X,0x80033A60] -> 0x0113
mem[X,0x80033A62] -> 0x0000
[5235] [M]: 0x80033A60 (0x00000113) addi sp, zero, 0
x2 <- 0x00000000


mem[X,0x80033A64] -> 0x006F
mem[X,0x80033A66] -> 0x0180
[5236] [M]: 0x80033A64 (0x0180006F) jal zero, 24


mem[X,0x80033A7C] -> 0x46E3
mem[X,0x80033A7E] -> 0xFEB5
[5237] [M]: 0x80033A7C (0xFEB546E3) blt a0, a1, 8172


mem[X,0x80033A80] -> 0x0113
mem[X,0x80033A82] -> 0x0021
[5238] [M]: 0x80033A80 (0x00210113) addi sp, sp, 2
x2 <- 0x00000002


mem[X,0x80033A84] -> 0x006F
mem[X,0x80033A86] -> 0x00C0
[5239] [M]: 0x80033A84 (0x00C0006F) jal zero, 12


mem[X,0x80033A90] -> 0xA423
mem[X,0x80033A92] -> 0x0420
[5240] [M]: 0x80033A90 (0x0420A423) sw sp, 72(ra)
mem[0x800399B0] <- 0x00000002


mem[X,0x80033A94] -> 0x5537
mem[X,0x80033A96] -> 0x5555
[5241] [M]: 0x80033A94 (0x55555537) lui a0, 349525
x10 <- 0x55555000


mem[X,0x80033A98] -> 0x0513
mem[X,0x80033A9A] -> 0x5565
[5242] [M]: 0x80033A98 (0x55650513) addi a0, a0, 1366
x10 <- 0x55555556


mem[X,0x80033A9C] -> 0x55B7
mem[X,0x80033A9E] -> 0x5555
[5243] [M]: 0x80033A9C (0x555555B7) lui a1, 349525
x11 <- 0x55555000


mem[X,0x80033AA0] -> 0x8593
mem[X,0x80033AA2] -> 0x5565
[5244] [M]: 0x80033AA0 (0x55658593) addi a1, a1, 1366
x11 <- 0x55555556


mem[X,0x80033AA4] -> 0x0113
mem[X,0x80033AA6] -> 0x0000
[5245] [M]: 0x80033AA4 (0x00000113) addi sp, zero, 0
x2 <- 0x00000000


mem[X,0x80033AA8] -> 0x006F
mem[X,0x80033AAA] -> 0x00C0
[5246] [M]: 0x80033AA8 (0x00C0006F) jal zero, 12


mem[X,0x80033AB4] -> 0x4063
mem[X,0x80033AB6] -> 0x10B5
[5247] [M]: 0x80033AB4 (0x10B54063) blt a0, a1, 256


mem[X,0x80033AB8] -> 0x0113
mem[X,0x80033ABA] -> 0x0021
[5248] [M]: 0x80033AB8 (0x00210113) addi sp, sp, 2
x2 <- 0x00000002


mem[X,0x80033ABC] -> 0x006F
mem[X,0x80033ABE] -> 0x1000
[5249] [M]: 0x80033ABC (0x1000006F) jal zero, 256


mem[X,0x80033BBC] -> 0xA623
mem[X,0x80033BBE] -> 0x0420
[5250] [M]: 0x80033BBC (0x0420A623) sw sp, 76(ra)
mem[0x800399B4] <- 0x00000002


mem[X,0x80033BC0] -> 0x5537
mem[X,0x80033BC2] -> 0x5555
[5251] [M]: 0x80033BC0 (0x55555537) lui a0, 349525
x10 <- 0x55555000


mem[X,0x80033BC4] -> 0x0513
mem[X,0x80033BC6] -> 0x5565
[5252] [M]: 0x80033BC4 (0x55650513) addi a0, a0, 1366
x10 <- 0x55555556


mem[X,0x80033BC8] -> 0xB5B7
mem[X,0x80033BCA] -> 0xAAAA
[5253] [M]: 0x80033BC8 (0xAAAAB5B7) lui a1, 699051
x11 <- 0xAAAAB000


mem[X,0x80033BCC] -> 0x8593
mem[X,0x80033BCE] -> 0xAAB5
[5254] [M]: 0x80033BCC (0xAAB58593) addi a1, a1, 2731
x11 <- 0xAAAAAAAB


mem[X,0x80033BD0] -> 0x0113
mem[X,0x80033BD2] -> 0x0000
[5255] [M]: 0x80033BD0 (0x00000113) addi sp, zero, 0
x2 <- 0x00000000


mem[X,0x80033BD4] -> 0x006F
mem[X,0x80033BD6] -> 0x0180
[5256] [M]: 0x80033BD4 (0x0180006F) jal zero, 24


mem[X,0x80033BEC] -> 0x46E3
mem[X,0x80033BEE] -> 0xFEB5
[5257] [M]: 0x80033BEC (0xFEB546E3) blt a0, a1, 8172


mem[X,0x80033BF0] -> 0x0113
mem[X,0x80033BF2] -> 0x0021
[5258] [M]: 0x80033BF0 (0x00210113) addi sp, sp, 2
x2 <- 0x00000002


mem[X,0x80033BF4] -> 0x006F
mem[X,0x80033BF6] -> 0x00C0
[5259] [M]: 0x80033BF4 (0x00C0006F) jal zero, 12


mem[X,0x80033C00] -> 0xA823
mem[X,0x80033C02] -> 0x0420
[5260] [M]: 0x80033C00 (0x0420A823) sw sp, 80(ra)
mem[0x800399B8] <- 0x00000002


mem[X,0x80033C04] -> 0x5537
mem[X,0x80033C06] -> 0x5555
[5261] [M]: 0x80033C04 (0x55555537) lui a0, 349525
x10 <- 0x55555000


mem[X,0x80033C08] -> 0x0513
mem[X,0x80033C0A] -> 0x5565
[5262] [M]: 0x80033C08 (0x55650513) addi a0, a0, 1366
x10 <- 0x55555556


mem[X,0x80033C0C] -> 0x0593
mem[X,0x80033C0E] -> 0x0060
[5263] [M]: 0x80033C0C (0x00600593) addi a1, zero, 6
x11 <- 0x00000006


mem[X,0x80033C10] -> 0x0113
mem[X,0x80033C12] -> 0x0000
[5264] [M]: 0x80033C10 (0x00000113) addi sp, zero, 0
x2 <- 0x00000000


mem[X,0x80033C14] -> 0x006F
mem[X,0x80033C16] -> 0x0140
[5265] [M]: 0x80033C14 (0x0140006F) jal zero, 20


mem[X,0x80033C28] -> 0x48E3
mem[X,0x80033C2A] -> 0xFEB5
[5266] [M]: 0x80033C28 (0xFEB548E3) blt a0, a1, 8176


mem[X,0x80033C2C] -> 0x0113
mem[X,0x80033C2E] -> 0x0021
[5267] [M]: 0x80033C2C (0x00210113) addi sp, sp, 2
x2 <- 0x00000002


mem[X,0x80033C30] -> 0x006F
mem[X,0x80033C32] -> 0x00C0
[5268] [M]: 0x80033C30 (0x00C0006F) jal zero, 12


mem[X,0x80033C3C] -> 0xAA23
mem[X,0x80033C3E] -> 0x0420
[5269] [M]: 0x80033C3C (0x0420AA23) sw sp, 84(ra)
mem[0x800399BC] <- 0x00000002


mem[X,0x80033C40] -> 0x5537
mem[X,0x80033C42] -> 0x5555
[5270] [M]: 0x80033C40 (0x55555537) lui a0, 349525
x10 <- 0x55555000


mem[X,0x80033C44] -> 0x0513
mem[X,0x80033C46] -> 0x5565
[5271] [M]: 0x80033C44 (0x55650513) addi a0, a0, 1366
x10 <- 0x55555556


mem[X,0x80033C48] -> 0x35B7
mem[X,0x80033C4A] -> 0x3333
[5272] [M]: 0x80033C48 (0x333335B7) lui a1, 209715
x11 <- 0x33333000


mem[X,0x80033C4C] -> 0x8593
mem[X,0x80033C4E] -> 0x3345
[5273] [M]: 0x80033C4C (0x33458593) addi a1, a1, 820
x11 <- 0x33333334


mem[X,0x80033C50] -> 0x0113
mem[X,0x80033C52] -> 0x0000
[5274] [M]: 0x80033C50 (0x00000113) addi sp, zero, 0
x2 <- 0x00000000


mem[X,0x80033C54] -> 0x006F
mem[X,0x80033C56] -> 0x00C0
[5275] [M]: 0x80033C54 (0x00C0006F) jal zero, 12


mem[X,0x80033C60] -> 0x4063
mem[X,0x80033C62] -> 0x20B5
[5276] [M]: 0x80033C60 (0x20B54063) blt a0, a1, 512


mem[X,0x80033C64] -> 0x0113
mem[X,0x80033C66] -> 0x0021
[5277] [M]: 0x80033C64 (0x00210113) addi sp, sp, 2
x2 <- 0x00000002


mem[X,0x80033C68] -> 0x006F
mem[X,0x80033C6A] -> 0x2000
[5278] [M]: 0x80033C68 (0x2000006F) jal zero, 512


mem[X,0x80033E68] -> 0xAC23
mem[X,0x80033E6A] -> 0x0420
[5279] [M]: 0x80033E68 (0x0420AC23) sw sp, 88(ra)
mem[0x800399C0] <- 0x00000002


mem[X,0x80033E6C] -> 0x5537
mem[X,0x80033E6E] -> 0x5555
[5280] [M]: 0x80033E6C (0x55555537) lui a0, 349525
x10 <- 0x55555000


mem[X,0x80033E70] -> 0x0513
mem[X,0x80033E72] -> 0x5565
[5281] [M]: 0x80033E70 (0x55650513) addi a0, a0, 1366
x10 <- 0x55555556


mem[X,0x80033E74] -> 0x65B7
mem[X,0x80033E76] -> 0x6666
[5282] [M]: 0x80033E74 (0x666665B7) lui a1, 419430
x11 <- 0x66666000


mem[X,0x80033E78] -> 0x8593
mem[X,0x80033E7A] -> 0x6675
[5283] [M]: 0x80033E78 (0x66758593) addi a1, a1, 1639
x11 <- 0x66666667


mem[X,0x80033E7C] -> 0x0113
mem[X,0x80033E7E] -> 0x0000
[5284] [M]: 0x80033E7C (0x00000113) addi sp, zero, 0
x2 <- 0x00000000


mem[X,0x80033E80] -> 0x006F
mem[X,0x80033E82] -> 0x00C0
[5285] [M]: 0x80033E80 (0x00C0006F) jal zero, 12


mem[X,0x80033E8C] -> 0x4063
mem[X,0x80033E8E] -> 0x40B5
[5286] [M]: 0x80033E8C (0x40B54063) blt a0, a1, 1024


mem[X,0x8003428C] -> 0x0113
mem[X,0x8003428E] -> 0x0031
[5287] [M]: 0x8003428C (0x00310113) addi sp, sp, 3
x2 <- 0x00000003


mem[X,0x80034290] -> 0x006F
mem[X,0x80034292] -> 0x0040
[5288] [M]: 0x80034290 (0x0040006F) jal zero, 4


mem[X,0x80034294] -> 0xAE23
mem[X,0x80034296] -> 0x0420
[5289] [M]: 0x80034294 (0x0420AE23) sw sp, 92(ra)
mem[0x800399C4] <- 0x00000003


mem[X,0x80034298] -> 0x5537
mem[X,0x8003429A] -> 0x5555
[5290] [M]: 0x80034298 (0x55555537) lui a0, 349525
x10 <- 0x55555000


mem[X,0x8003429C] -> 0x0513
mem[X,0x8003429E] -> 0x5565
[5291] [M]: 0x8003429C (0x55650513) addi a0, a0, 1366
x10 <- 0x55555556


mem[X,0x800342A0] -> 0x55B7
mem[X,0x800342A2] -> 0xFFFF
[5292] [M]: 0x800342A0 (0xFFFF55B7) lui a1, 1048565
x11 <- 0xFFFF5000


mem[X,0x800342A4] -> 0x8593
mem[X,0x800342A6] -> 0xAFD5
[5293] [M]: 0x800342A4 (0xAFD58593) addi a1, a1, 2813
x11 <- 0xFFFF4AFD


mem[X,0x800342A8] -> 0x0113
mem[X,0x800342AA] -> 0x0000
[5294] [M]: 0x800342A8 (0x00000113) addi sp, zero, 0
x2 <- 0x00000000


mem[X,0x800342AC] -> 0x006F
mem[X,0x800342AE] -> 0x00C0
[5295] [M]: 0x800342AC (0x00C0006F) jal zero, 12


mem[X,0x800342B8] -> 0x4863
mem[X,0x800342BA] -> 0x00B5
[5296] [M]: 0x800342B8 (0x00B54863) blt a0, a1, 16


mem[X,0x800342BC] -> 0x0113
mem[X,0x800342BE] -> 0x0021
[5297] [M]: 0x800342BC (0x00210113) addi sp, sp, 2
x2 <- 0x00000002


mem[X,0x800342C0] -> 0x006F
mem[X,0x800342C2] -> 0x0100
[5298] [M]: 0x800342C0 (0x0100006F) jal zero, 16


mem[X,0x800342D0] -> 0xA023
mem[X,0x800342D2] -> 0x0620
[5299] [M]: 0x800342D0 (0x0620A023) sw sp, 96(ra)
mem[0x800399C8] <- 0x00000002


clint::tick mtime <- 0x0000000000000035
 clint timer pending at mtime 0x0000000000000035
htif::tick 0x0000000000000000
mem[X,0x800342D4] -> 0x5537
mem[X,0x800342D6] -> 0x5555
[5300] [M]: 0x800342D4 (0x55555537) lui a0, 349525
x10 <- 0x55555000


mem[X,0x800342D8] -> 0x0513
mem[X,0x800342DA] -> 0x5565
[5301] [M]: 0x800342D8 (0x55650513) addi a0, a0, 1366
x10 <- 0x55555556


mem[X,0x800342DC] -> 0xB5B7
mem[X,0x800342DE] -> 0x0000
[5302] [M]: 0x800342DC (0x0000B5B7) lui a1, 11
x11 <- 0x0000B000


mem[X,0x800342E0] -> 0x8593
mem[X,0x800342E2] -> 0x5055
[5303] [M]: 0x800342E0 (0x50558593) addi a1, a1, 1285
x11 <- 0x0000B505


mem[X,0x800342E4] -> 0x0113
mem[X,0x800342E6] -> 0x0000
[5304] [M]: 0x800342E4 (0x00000113) addi sp, zero, 0
x2 <- 0x00000000


mem[X,0x800342E8] -> 0x006F
mem[X,0x800342EA] -> 0x0180
[5305] [M]: 0x800342E8 (0x0180006F) jal zero, 24


mem[X,0x80034300] -> 0x46E3
mem[X,0x80034302] -> 0xFEB5
[5306] [M]: 0x80034300 (0xFEB546E3) blt a0, a1, 8172


mem[X,0x80034304] -> 0x0113
mem[X,0x80034306] -> 0x0021
[5307] [M]: 0x80034304 (0x00210113) addi sp, sp, 2
x2 <- 0x00000002


mem[X,0x80034308] -> 0x006F
mem[X,0x8003430A] -> 0x00C0
[5308] [M]: 0x80034308 (0x00C0006F) jal zero, 12


mem[X,0x80034314] -> 0xA223
mem[X,0x80034316] -> 0x0620
[5309] [M]: 0x80034314 (0x0620A223) sw sp, 100(ra)
mem[0x800399CC] <- 0x00000002


mem[X,0x80034318] -> 0xB537
mem[X,0x8003431A] -> 0xAAAA
[5310] [M]: 0x80034318 (0xAAAAB537) lui a0, 699051
x10 <- 0xAAAAB000


mem[X,0x8003431C] -> 0x0513
mem[X,0x8003431E] -> 0xAAB5
[5311] [M]: 0x8003431C (0xAAB50513) addi a0, a0, 2731
x10 <- 0xAAAAAAAB


mem[X,0x80034320] -> 0x0593
mem[X,0x80034322] -> 0x0030
[5312] [M]: 0x80034320 (0x00300593) addi a1, zero, 3
x11 <- 0x00000003


mem[X,0x80034324] -> 0x0113
mem[X,0x80034326] -> 0x0000
[5313] [M]: 0x80034324 (0x00000113) addi sp, zero, 0
x2 <- 0x00000000


mem[X,0x80034328] -> 0x006F
mem[X,0x8003432A] -> 0x0180
[5314] [M]: 0x80034328 (0x0180006F) jal zero, 24


mem[X,0x80034340] -> 0x46E3
mem[X,0x80034342] -> 0xFEB5
[5315] [M]: 0x80034340 (0xFEB546E3) blt a0, a1, 8172


mem[X,0x8003432C] -> 0x0113
mem[X,0x8003432E] -> 0x0011
[5316] [M]: 0x8003432C (0x00110113) addi sp, sp, 1
x2 <- 0x00000001


mem[X,0x80034330] -> 0x006F
mem[X,0x80034332] -> 0x0240
[5317] [M]: 0x80034330 (0x0240006F) jal zero, 36


mem[X,0x80034354] -> 0xA423
mem[X,0x80034356] -> 0x0620
[5318] [M]: 0x80034354 (0x0620A423) sw sp, 104(ra)
mem[0x800399D0] <- 0x00000001


mem[X,0x80034358] -> 0xB537
mem[X,0x8003435A] -> 0xAAAA
[5319] [M]: 0x80034358 (0xAAAAB537) lui a0, 699051
x10 <- 0xAAAAB000


mem[X,0x8003435C] -> 0x0513
mem[X,0x8003435E] -> 0xAAB5
[5320] [M]: 0x8003435C (0xAAB50513) addi a0, a0, 2731
x10 <- 0xAAAAAAAB


mem[X,0x80034360] -> 0x55B7
mem[X,0x80034362] -> 0x5555
[5321] [M]: 0x80034360 (0x555555B7) lui a1, 349525
x11 <- 0x55555000


mem[X,0x80034364] -> 0x8593
mem[X,0x80034366] -> 0x5555
[5322] [M]: 0x80034364 (0x55558593) addi a1, a1, 1365
x11 <- 0x55555555


mem[X,0x80034368] -> 0x0113
mem[X,0x8003436A] -> 0x0000
[5323] [M]: 0x80034368 (0x00000113) addi sp, zero, 0
x2 <- 0x00000000


mem[X,0x8003436C] -> 0x006F
mem[X,0x8003436E] -> 0x00C0
[5324] [M]: 0x8003436C (0x00C0006F) jal zero, 12


mem[X,0x80034378] -> 0x4063
mem[X,0x8003437A] -> 0x20B5
[5325] [M]: 0x80034378 (0x20B54063) blt a0, a1, 512


mem[X,0x80034578] -> 0x0113
mem[X,0x8003457A] -> 0x0031
[5326] [M]: 0x80034578 (0x00310113) addi sp, sp, 3
x2 <- 0x00000003


mem[X,0x8003457C] -> 0x006F
mem[X,0x8003457E] -> 0x0040
[5327] [M]: 0x8003457C (0x0040006F) jal zero, 4


mem[X,0x80034580] -> 0xA623
mem[X,0x80034582] -> 0x0620
[5328] [M]: 0x80034580 (0x0620A623) sw sp, 108(ra)
mem[0x800399D4] <- 0x00000003


mem[X,0x80034584] -> 0xB537
mem[X,0x80034586] -> 0xAAAA
[5329] [M]: 0x80034584 (0xAAAAB537) lui a0, 699051
x10 <- 0xAAAAB000


mem[X,0x80034588] -> 0x0513
mem[X,0x8003458A] -> 0xAAB5
[5330] [M]: 0x80034588 (0xAAB50513) addi a0, a0, 2731
x10 <- 0xAAAAAAAB


mem[X,0x8003458C] -> 0xB5B7
mem[X,0x8003458E] -> 0xAAAA
[5331] [M]: 0x8003458C (0xAAAAB5B7) lui a1, 699051
x11 <- 0xAAAAB000


mem[X,0x80034590] -> 0x8593
mem[X,0x80034592] -> 0xAAA5
[5332] [M]: 0x80034590 (0xAAA58593) addi a1, a1, 2730
x11 <- 0xAAAAAAAA


mem[X,0x80034594] -> 0x0113
mem[X,0x80034596] -> 0x0000
[5333] [M]: 0x80034594 (0x00000113) addi sp, zero, 0
x2 <- 0x00000000


mem[X,0x80034598] -> 0x006F
mem[X,0x8003459A] -> 0x00C0
[5334] [M]: 0x80034598 (0x00C0006F) jal zero, 12


mem[X,0x800345A4] -> 0x4CE3
mem[X,0x800345A6] -> 0xFEB5
[5335] [M]: 0x800345A4 (0xFEB54CE3) blt a0, a1, 8184


mem[X,0x800345A8] -> 0x0113
mem[X,0x800345AA] -> 0x0021
[5336] [M]: 0x800345A8 (0x00210113) addi sp, sp, 2
x2 <- 0x00000002


mem[X,0x800345AC] -> 0x006F
mem[X,0x800345AE] -> 0x00C0
[5337] [M]: 0x800345AC (0x00C0006F) jal zero, 12


mem[X,0x800345B8] -> 0xA823
mem[X,0x800345BA] -> 0x0620
[5338] [M]: 0x800345B8 (0x0620A823) sw sp, 112(ra)
mem[0x800399D8] <- 0x00000002


mem[X,0x800345BC] -> 0xB537
mem[X,0x800345BE] -> 0xAAAA
[5339] [M]: 0x800345BC (0xAAAAB537) lui a0, 699051
x10 <- 0xAAAAB000


mem[X,0x800345C0] -> 0x0513
mem[X,0x800345C2] -> 0xAAB5
[5340] [M]: 0x800345C0 (0xAAB50513) addi a0, a0, 2731
x10 <- 0xAAAAAAAB


mem[X,0x800345C4] -> 0x0593
mem[X,0x800345C6] -> 0x0050
[5341] [M]: 0x800345C4 (0x00500593) addi a1, zero, 5
x11 <- 0x00000005


mem[X,0x800345C8] -> 0x0113
mem[X,0x800345CA] -> 0x0000
[5342] [M]: 0x800345C8 (0x00000113) addi sp, zero, 0
x2 <- 0x00000000


mem[X,0x800345CC] -> 0x006F
mem[X,0x800345CE] -> 0x2B10
[5343] [M]: 0x800345CC (0x2B10006F) jal zero, 2736


mem[X,0x8003507C] -> 0x4A63
mem[X,0x8003507E] -> 0xD4B5
[5344] [M]: 0x8003507C (0xD4B54A63) blt a0, a1, 5460


mem[X,0x800345D0] -> 0x0113
mem[X,0x800345D2] -> 0x0011
[5345] [M]: 0x800345D0 (0x00110113) addi sp, sp, 1
x2 <- 0x00000001


mem[X,0x800345D4] -> 0x006F
mem[X,0x800345D6] -> 0x2BD0
[5346] [M]: 0x800345D4 (0x2BD0006F) jal zero, 2748


mem[X,0x80035090] -> 0xAA23
mem[X,0x80035092] -> 0x0620
[5347] [M]: 0x80035090 (0x0620AA23) sw sp, 116(ra)
mem[0x800399DC] <- 0x00000001


mem[X,0x80035094] -> 0xB537
mem[X,0x80035096] -> 0xAAAA
[5348] [M]: 0x80035094 (0xAAAAB537) lui a0, 699051
x10 <- 0xAAAAB000


mem[X,0x80035098] -> 0x0513
mem[X,0x8003509A] -> 0xAAB5
[5349] [M]: 0x80035098 (0xAAB50513) addi a0, a0, 2731
x10 <- 0xAAAAAAAB


mem[X,0x8003509C] -> 0x35B7
mem[X,0x8003509E] -> 0x3333
[5350] [M]: 0x8003509C (0x333335B7) lui a1, 209715
x11 <- 0x33333000


mem[X,0x800350A0] -> 0x8593
mem[X,0x800350A2] -> 0x3335
[5351] [M]: 0x800350A0 (0x33358593) addi a1, a1, 819
x11 <- 0x33333333


mem[X,0x800350A4] -> 0x0113
mem[X,0x800350A6] -> 0x0000
[5352] [M]: 0x800350A4 (0x00000113) addi sp, zero, 0
x2 <- 0x00000000


mem[X,0x800350A8] -> 0x006F
mem[X,0x800350AA] -> 0x00C0
[5353] [M]: 0x800350A8 (0x00C0006F) jal zero, 12


mem[X,0x800350B4] -> 0x4CE3
mem[X,0x800350B6] -> 0xFEB5
[5354] [M]: 0x800350B4 (0xFEB54CE3) blt a0, a1, 8184


mem[X,0x800350AC] -> 0x0113
mem[X,0x800350AE] -> 0x0011
[5355] [M]: 0x800350AC (0x00110113) addi sp, sp, 1
x2 <- 0x00000001


mem[X,0x800350B0] -> 0x006F
mem[X,0x800350B2] -> 0x0180
[5356] [M]: 0x800350B0 (0x0180006F) jal zero, 24


mem[X,0x800350C8] -> 0xAC23
mem[X,0x800350CA] -> 0x0620
[5357] [M]: 0x800350C8 (0x0620AC23) sw sp, 120(ra)
mem[0x800399E0] <- 0x00000001


mem[X,0x800350CC] -> 0xB537
mem[X,0x800350CE] -> 0xAAAA
[5358] [M]: 0x800350CC (0xAAAAB537) lui a0, 699051
x10 <- 0xAAAAB000


mem[X,0x800350D0] -> 0x0513
mem[X,0x800350D2] -> 0xAAB5
[5359] [M]: 0x800350D0 (0xAAB50513) addi a0, a0, 2731
x10 <- 0xAAAAAAAB


mem[X,0x800350D4] -> 0x65B7
mem[X,0x800350D6] -> 0x6666
[5360] [M]: 0x800350D4 (0x666665B7) lui a1, 419430
x11 <- 0x66666000


mem[X,0x800350D8] -> 0x8593
mem[X,0x800350DA] -> 0x6665
[5361] [M]: 0x800350D8 (0x66658593) addi a1, a1, 1638
x11 <- 0x66666666


mem[X,0x800350DC] -> 0x0113
mem[X,0x800350DE] -> 0x0000
[5362] [M]: 0x800350DC (0x00000113) addi sp, zero, 0
x2 <- 0x00000000


mem[X,0x800350E0] -> 0x006F
mem[X,0x800350E2] -> 0x00C0
[5363] [M]: 0x800350E0 (0x00C0006F) jal zero, 12


mem[X,0x800350EC] -> 0x4663
mem[X,0x800350EE] -> 0x00B5
[5364] [M]: 0x800350EC (0x00B54663) blt a0, a1, 12


mem[X,0x800350F8] -> 0x0113
mem[X,0x800350FA] -> 0x0031
[5365] [M]: 0x800350F8 (0x00310113) addi sp, sp, 3
x2 <- 0x00000003


mem[X,0x800350FC] -> 0x006F
mem[X,0x800350FE] -> 0x0040
[5366] [M]: 0x800350FC (0x0040006F) jal zero, 4


mem[X,0x80035100] -> 0xAE23
mem[X,0x80035102] -> 0x0620
[5367] [M]: 0x80035100 (0x0620AE23) sw sp, 124(ra)
mem[0x800399E4] <- 0x00000003


mem[X,0x80035104] -> 0xB537
mem[X,0x80035106] -> 0xAAAA
[5368] [M]: 0x80035104 (0xAAAAB537) lui a0, 699051
x10 <- 0xAAAAB000


mem[X,0x80035108] -> 0x0513
mem[X,0x8003510A] -> 0xAAB5
[5369] [M]: 0x80035108 (0xAAB50513) addi a0, a0, 2731
x10 <- 0xAAAAAAAB


mem[X,0x8003510C] -> 0x55B7
mem[X,0x8003510E] -> 0xFFFF
[5370] [M]: 0x8003510C (0xFFFF55B7) lui a1, 1048565
x11 <- 0xFFFF5000


mem[X,0x80035110] -> 0x8593
mem[X,0x80035112] -> 0xAFC5
[5371] [M]: 0x80035110 (0xAFC58593) addi a1, a1, 2812
x11 <- 0xFFFF4AFC


mem[X,0x80035114] -> 0x0113
mem[X,0x80035116] -> 0x0000
[5372] [M]: 0x80035114 (0x00000113) addi sp, zero, 0
x2 <- 0x00000000


mem[X,0x80035118] -> 0x006F
mem[X,0x8003511A] -> 0x00C0
[5373] [M]: 0x80035118 (0x00C0006F) jal zero, 12


mem[X,0x80035124] -> 0x4063
mem[X,0x80035126] -> 0x20B5
[5374] [M]: 0x80035124 (0x20B54063) blt a0, a1, 512


mem[X,0x80035324] -> 0x0113
mem[X,0x80035326] -> 0x0031
[5375] [M]: 0x80035324 (0x00310113) addi sp, sp, 3
x2 <- 0x00000003


mem[X,0x80035328] -> 0x006F
mem[X,0x8003532A] -> 0x0040
[5376] [M]: 0x80035328 (0x0040006F) jal zero, 4


mem[X,0x8003532C] -> 0xA023
mem[X,0x8003532E] -> 0x0820
[5377] [M]: 0x8003532C (0x0820A023) sw sp, 128(ra)
mem[0x800399E8] <- 0x00000003


mem[X,0x80035330] -> 0xB537
mem[X,0x80035332] -> 0xAAAA
[5378] [M]: 0x80035330 (0xAAAAB537) lui a0, 699051
x10 <- 0xAAAAB000


mem[X,0x80035334] -> 0x0513
mem[X,0x80035336] -> 0xAAB5
[5379] [M]: 0x80035334 (0xAAB50513) addi a0, a0, 2731
x10 <- 0xAAAAAAAB


mem[X,0x80035338] -> 0xB5B7
mem[X,0x8003533A] -> 0x0000
[5380] [M]: 0x80035338 (0x0000B5B7) lui a1, 11
x11 <- 0x0000B000


mem[X,0x8003533C] -> 0x8593
mem[X,0x8003533E] -> 0x5045
[5381] [M]: 0x8003533C (0x50458593) addi a1, a1, 1284
x11 <- 0x0000B504


mem[X,0x80035340] -> 0x0113
mem[X,0x80035342] -> 0x0000
[5382] [M]: 0x80035340 (0x00000113) addi sp, zero, 0
x2 <- 0x00000000


mem[X,0x80035344] -> 0x006F
mem[X,0x80035346] -> 0x00C0
[5383] [M]: 0x80035344 (0x00C0006F) jal zero, 12


mem[X,0x80035350] -> 0x4063
mem[X,0x80035352] -> 0x10B5
[5384] [M]: 0x80035350 (0x10B54063) blt a0, a1, 256


mem[X,0x80035450] -> 0x0113
mem[X,0x80035452] -> 0x0031
[5385] [M]: 0x80035450 (0x00310113) addi sp, sp, 3
x2 <- 0x00000003


mem[X,0x80035454] -> 0x006F
mem[X,0x80035456] -> 0x0040
[5386] [M]: 0x80035454 (0x0040006F) jal zero, 4


mem[X,0x80035458] -> 0xA223
mem[X,0x8003545A] -> 0x0820
[5387] [M]: 0x80035458 (0x0820A223) sw sp, 132(ra)
mem[0x800399EC] <- 0x00000003


mem[X,0x8003545C] -> 0xB537
mem[X,0x8003545E] -> 0xAAAA
[5388] [M]: 0x8003545C (0xAAAAB537) lui a0, 699051
x10 <- 0xAAAAB000


mem[X,0x80035460] -> 0x0513
mem[X,0x80035462] -> 0xAAB5
[5389] [M]: 0x80035460 (0xAAB50513) addi a0, a0, 2731
x10 <- 0xAAAAAAAB


mem[X,0x80035464] -> 0x0593
mem[X,0x80035466] -> 0x0020
[5390] [M]: 0x80035464 (0x00200593) addi a1, zero, 2
x11 <- 0x00000002


mem[X,0x80035468] -> 0x0113
mem[X,0x8003546A] -> 0x0000
[5391] [M]: 0x80035468 (0x00000113) addi sp, zero, 0
x2 <- 0x00000000


mem[X,0x8003546C] -> 0x006F
mem[X,0x8003546E] -> 0x2B10
[5392] [M]: 0x8003546C (0x2B10006F) jal zero, 2736


mem[X,0x80035F1C] -> 0x4A63
mem[X,0x80035F1E] -> 0xD4B5
[5393] [M]: 0x80035F1C (0xD4B54A63) blt a0, a1, 5460


mem[X,0x80035470] -> 0x0113
mem[X,0x80035472] -> 0x0011
[5394] [M]: 0x80035470 (0x00110113) addi sp, sp, 1
x2 <- 0x00000001


mem[X,0x80035474] -> 0x006F
mem[X,0x80035476] -> 0x2BD0
[5395] [M]: 0x80035474 (0x2BD0006F) jal zero, 2748


mem[X,0x80035F30] -> 0xA423
mem[X,0x80035F32] -> 0x0820
[5396] [M]: 0x80035F30 (0x0820A423) sw sp, 136(ra)
mem[0x800399F0] <- 0x00000001


mem[X,0x80035F34] -> 0xB537
mem[X,0x80035F36] -> 0xAAAA
[5397] [M]: 0x80035F34 (0xAAAAB537) lui a0, 699051
x10 <- 0xAAAAB000


mem[X,0x80035F38] -> 0x0513
mem[X,0x80035F3A] -> 0xAAB5
[5398] [M]: 0x80035F38 (0xAAB50513) addi a0, a0, 2731
x10 <- 0xAAAAAAAB


mem[X,0x80035F3C] -> 0x55B7
mem[X,0x80035F3E] -> 0x5555
[5399] [M]: 0x80035F3C (0x555555B7) lui a1, 349525
x11 <- 0x55555000


clint::tick mtime <- 0x0000000000000036
 clint timer pending at mtime 0x0000000000000036
htif::tick 0x0000000000000000
mem[X,0x80035F40] -> 0x8593
mem[X,0x80035F42] -> 0x5545
[5400] [M]: 0x80035F40 (0x55458593) addi a1, a1, 1364
x11 <- 0x55555554


mem[X,0x80035F44] -> 0x0113
mem[X,0x80035F46] -> 0x0000
[5401] [M]: 0x80035F44 (0x00000113) addi sp, zero, 0
x2 <- 0x00000000


mem[X,0x80035F48] -> 0x006F
mem[X,0x80035F4A] -> 0x0180
[5402] [M]: 0x80035F48 (0x0180006F) jal zero, 24


mem[X,0x80035F60] -> 0x46E3
mem[X,0x80035F62] -> 0xFEB5
[5403] [M]: 0x80035F60 (0xFEB546E3) blt a0, a1, 8172


mem[X,0x80035F4C] -> 0x0113
mem[X,0x80035F4E] -> 0x0011
[5404] [M]: 0x80035F4C (0x00110113) addi sp, sp, 1
x2 <- 0x00000001


mem[X,0x80035F50] -> 0x006F
mem[X,0x80035F52] -> 0x0240
[5405] [M]: 0x80035F50 (0x0240006F) jal zero, 36


mem[X,0x80035F74] -> 0xA623
mem[X,0x80035F76] -> 0x0820
[5406] [M]: 0x80035F74 (0x0820A623) sw sp, 140(ra)
mem[0x800399F4] <- 0x00000001


mem[X,0x80035F78] -> 0xB537
mem[X,0x80035F7A] -> 0xAAAA
[5407] [M]: 0x80035F78 (0xAAAAB537) lui a0, 699051
x10 <- 0xAAAAB000


mem[X,0x80035F7C] -> 0x0513
mem[X,0x80035F7E] -> 0xAAB5
[5408] [M]: 0x80035F7C (0xAAB50513) addi a0, a0, 2731
x10 <- 0xAAAAAAAB


mem[X,0x80035F80] -> 0x0593
mem[X,0x80035F82] -> 0x0000
[5409] [M]: 0x80035F80 (0x00000593) addi a1, zero, 0
x11 <- 0x00000000


mem[X,0x80035F84] -> 0x0113
mem[X,0x80035F86] -> 0x0000
[5410] [M]: 0x80035F84 (0x00000113) addi sp, zero, 0
x2 <- 0x00000000


mem[X,0x80035F88] -> 0x006F
mem[X,0x80035F8A] -> 0x00C0
[5411] [M]: 0x80035F88 (0x00C0006F) jal zero, 12


mem[X,0x80035F94] -> 0x4663
mem[X,0x80035F96] -> 0x00B5
[5412] [M]: 0x80035F94 (0x00B54663) blt a0, a1, 12


mem[X,0x80035FA0] -> 0x0113
mem[X,0x80035FA2] -> 0x0031
[5413] [M]: 0x80035FA0 (0x00310113) addi sp, sp, 3
x2 <- 0x00000003


mem[X,0x80035FA4] -> 0x006F
mem[X,0x80035FA6] -> 0x0040
[5414] [M]: 0x80035FA4 (0x0040006F) jal zero, 4


mem[X,0x80035FA8] -> 0xA823
mem[X,0x80035FAA] -> 0x0820
[5415] [M]: 0x80035FA8 (0x0820A823) sw sp, 144(ra)
mem[0x800399F8] <- 0x00000003


mem[X,0x80035FAC] -> 0xB537
mem[X,0x80035FAE] -> 0xAAAA
[5416] [M]: 0x80035FAC (0xAAAAB537) lui a0, 699051
x10 <- 0xAAAAB000


mem[X,0x80035FB0] -> 0x0513
mem[X,0x80035FB2] -> 0xAAB5
[5417] [M]: 0x80035FB0 (0xAAB50513) addi a0, a0, 2731
x10 <- 0xAAAAAAAB


mem[X,0x80035FB4] -> 0x0593
mem[X,0x80035FB6] -> 0x0040
[5418] [M]: 0x80035FB4 (0x00400593) addi a1, zero, 4
x11 <- 0x00000004


mem[X,0x80035FB8] -> 0x0113
mem[X,0x80035FBA] -> 0x0000
[5419] [M]: 0x80035FB8 (0x00000113) addi sp, zero, 0
x2 <- 0x00000000


mem[X,0x80035FBC] -> 0x006F
mem[X,0x80035FBE] -> 0x0050
[5420] [M]: 0x80035FBC (0x0050006F) jal zero, 2052


mem[X,0x800367C0] -> 0x40E3
mem[X,0x800367C2] -> 0x80B5
[5421] [M]: 0x800367C0 (0x80B540E3) blt a0, a1, 6144


mem[X,0x80035FC0] -> 0x0113
mem[X,0x80035FC2] -> 0x0011
[5422] [M]: 0x80035FC0 (0x00110113) addi sp, sp, 1
x2 <- 0x00000001


mem[X,0x80035FC4] -> 0x006F
mem[X,0x80035FC6] -> 0x0110
[5423] [M]: 0x80035FC4 (0x0110006F) jal zero, 2064


mem[X,0x800367D4] -> 0xAA23
mem[X,0x800367D6] -> 0x0820
[5424] [M]: 0x800367D4 (0x0820AA23) sw sp, 148(ra)
mem[0x800399FC] <- 0x00000001


mem[X,0x800367D8] -> 0xB537
mem[X,0x800367DA] -> 0xAAAA
[5425] [M]: 0x800367D8 (0xAAAAB537) lui a0, 699051
x10 <- 0xAAAAB000


mem[X,0x800367DC] -> 0x0513
mem[X,0x800367DE] -> 0xAAB5
[5426] [M]: 0x800367DC (0xAAB50513) addi a0, a0, 2731
x10 <- 0xAAAAAAAB


mem[X,0x800367E0] -> 0x35B7
mem[X,0x800367E2] -> 0x3333
[5427] [M]: 0x800367E0 (0x333335B7) lui a1, 209715
x11 <- 0x33333000


mem[X,0x800367E4] -> 0x8593
mem[X,0x800367E6] -> 0x3325
[5428] [M]: 0x800367E4 (0x33258593) addi a1, a1, 818
x11 <- 0x33333332


mem[X,0x800367E8] -> 0x0113
mem[X,0x800367EA] -> 0x0000
[5429] [M]: 0x800367E8 (0x00000113) addi sp, zero, 0
x2 <- 0x00000000


mem[X,0x800367EC] -> 0x006F
mem[X,0x800367EE] -> 0x0100
[5430] [M]: 0x800367EC (0x0100006F) jal zero, 16


mem[X,0x800367FC] -> 0x4AE3
mem[X,0x800367FE] -> 0xFEB5
[5431] [M]: 0x800367FC (0xFEB54AE3) blt a0, a1, 8180


mem[X,0x800367F0] -> 0x0113
mem[X,0x800367F2] -> 0x0011
[5432] [M]: 0x800367F0 (0x00110113) addi sp, sp, 1
x2 <- 0x00000001


mem[X,0x800367F4] -> 0x006F
mem[X,0x800367F6] -> 0x01C0
[5433] [M]: 0x800367F4 (0x01C0006F) jal zero, 28


mem[X,0x80036810] -> 0xAC23
mem[X,0x80036812] -> 0x0820
[5434] [M]: 0x80036810 (0x0820AC23) sw sp, 152(ra)
mem[0x80039A00] <- 0x00000001


mem[X,0x80036814] -> 0xB537
mem[X,0x80036816] -> 0xAAAA
[5435] [M]: 0x80036814 (0xAAAAB537) lui a0, 699051
x10 <- 0xAAAAB000


mem[X,0x80036818] -> 0x0513
mem[X,0x8003681A] -> 0xAAB5
[5436] [M]: 0x80036818 (0xAAB50513) addi a0, a0, 2731
x10 <- 0xAAAAAAAB


mem[X,0x8003681C] -> 0x65B7
mem[X,0x8003681E] -> 0x6666
[5437] [M]: 0x8003681C (0x666665B7) lui a1, 419430
x11 <- 0x66666000


mem[X,0x80036820] -> 0x8593
mem[X,0x80036822] -> 0x6655
[5438] [M]: 0x80036820 (0x66558593) addi a1, a1, 1637
x11 <- 0x66666665


mem[X,0x80036824] -> 0x0113
mem[X,0x80036826] -> 0x0000
[5439] [M]: 0x80036824 (0x00000113) addi sp, zero, 0
x2 <- 0x00000000


mem[X,0x80036828] -> 0x006F
mem[X,0x8003682A] -> 0x00C0
[5440] [M]: 0x80036828 (0x00C0006F) jal zero, 12


mem[X,0x80036834] -> 0x4063
mem[X,0x80036836] -> 0x08B5
[5441] [M]: 0x80036834 (0x08B54063) blt a0, a1, 128


mem[X,0x800368B4] -> 0x0113
mem[X,0x800368B6] -> 0x0031
[5442] [M]: 0x800368B4 (0x00310113) addi sp, sp, 3
x2 <- 0x00000003


mem[X,0x800368B8] -> 0x006F
mem[X,0x800368BA] -> 0x0040
[5443] [M]: 0x800368B8 (0x0040006F) jal zero, 4


mem[X,0x800368BC] -> 0xAE23
mem[X,0x800368BE] -> 0x0820
[5444] [M]: 0x800368BC (0x0820AE23) sw sp, 156(ra)
mem[0x80039A04] <- 0x00000003


mem[X,0x800368C0] -> 0xB537
mem[X,0x800368C2] -> 0xAAAA
[5445] [M]: 0x800368C0 (0xAAAAB537) lui a0, 699051
x10 <- 0xAAAAB000


mem[X,0x800368C4] -> 0x0513
mem[X,0x800368C6] -> 0xAAB5
[5446] [M]: 0x800368C4 (0xAAB50513) addi a0, a0, 2731
x10 <- 0xAAAAAAAB


mem[X,0x800368C8] -> 0xB5B7
mem[X,0x800368CA] -> 0x0000
[5447] [M]: 0x800368C8 (0x0000B5B7) lui a1, 11
x11 <- 0x0000B000


mem[X,0x800368CC] -> 0x8593
mem[X,0x800368CE] -> 0x5035
[5448] [M]: 0x800368CC (0x50358593) addi a1, a1, 1283
x11 <- 0x0000B503


mem[X,0x800368D0] -> 0x0113
mem[X,0x800368D2] -> 0x0000
[5449] [M]: 0x800368D0 (0x00000113) addi sp, zero, 0
x2 <- 0x00000000


mem[X,0x800368D4] -> 0x006F
mem[X,0x800368D6] -> 0x00C0
[5450] [M]: 0x800368D4 (0x00C0006F) jal zero, 12


mem[X,0x800368E0] -> 0x4063
mem[X,0x800368E2] -> 0x02B5
[5451] [M]: 0x800368E0 (0x02B54063) blt a0, a1, 32


mem[X,0x80036900] -> 0x0113
mem[X,0x80036902] -> 0x0031
[5452] [M]: 0x80036900 (0x00310113) addi sp, sp, 3
x2 <- 0x00000003


mem[X,0x80036904] -> 0x006F
mem[X,0x80036906] -> 0x0040
[5453] [M]: 0x80036904 (0x0040006F) jal zero, 4


mem[X,0x80036908] -> 0xA023
mem[X,0x8003690A] -> 0x0A20
[5454] [M]: 0x80036908 (0x0A20A023) sw sp, 160(ra)
mem[0x80039A08] <- 0x00000003


mem[X,0x8003690C] -> 0xB537
mem[X,0x8003690E] -> 0xAAAA
[5455] [M]: 0x8003690C (0xAAAAB537) lui a0, 699051
x10 <- 0xAAAAB000


mem[X,0x80036910] -> 0x0513
mem[X,0x80036912] -> 0xAAB5
[5456] [M]: 0x80036910 (0xAAB50513) addi a0, a0, 2731
x10 <- 0xAAAAAAAB


mem[X,0x80036914] -> 0x55B7
mem[X,0x80036916] -> 0x5555
[5457] [M]: 0x80036914 (0x555555B7) lui a1, 349525
x11 <- 0x55555000


mem[X,0x80036918] -> 0x8593
mem[X,0x8003691A] -> 0x5565
[5458] [M]: 0x80036918 (0x55658593) addi a1, a1, 1366
x11 <- 0x55555556


mem[X,0x8003691C] -> 0x0113
mem[X,0x8003691E] -> 0x0000
[5459] [M]: 0x8003691C (0x00000113) addi sp, zero, 0
x2 <- 0x00000000


mem[X,0x80036920] -> 0x006F
mem[X,0x80036922] -> 0x00C0
[5460] [M]: 0x80036920 (0x00C0006F) jal zero, 12


mem[X,0x8003692C] -> 0x4663
mem[X,0x8003692E] -> 0x00B5
[5461] [M]: 0x8003692C (0x00B54663) blt a0, a1, 12


mem[X,0x80036938] -> 0x0113
mem[X,0x8003693A] -> 0x0031
[5462] [M]: 0x80036938 (0x00310113) addi sp, sp, 3
x2 <- 0x00000003


mem[X,0x8003693C] -> 0x006F
mem[X,0x8003693E] -> 0x0040
[5463] [M]: 0x8003693C (0x0040006F) jal zero, 4


mem[X,0x80036940] -> 0xA223
mem[X,0x80036942] -> 0x0A20
[5464] [M]: 0x80036940 (0x0A20A223) sw sp, 164(ra)
mem[0x80039A0C] <- 0x00000003


mem[X,0x80036944] -> 0xB537
mem[X,0x80036946] -> 0xAAAA
[5465] [M]: 0x80036944 (0xAAAAB537) lui a0, 699051
x10 <- 0xAAAAB000


mem[X,0x80036948] -> 0x0513
mem[X,0x8003694A] -> 0xAAB5
[5466] [M]: 0x80036948 (0xAAB50513) addi a0, a0, 2731
x10 <- 0xAAAAAAAB


mem[X,0x8003694C] -> 0xB5B7
mem[X,0x8003694E] -> 0xAAAA
[5467] [M]: 0x8003694C (0xAAAAB5B7) lui a1, 699051
x11 <- 0xAAAAB000


mem[X,0x80036950] -> 0x8593
mem[X,0x80036952] -> 0xAAB5
[5468] [M]: 0x80036950 (0xAAB58593) addi a1, a1, 2731
x11 <- 0xAAAAAAAB


mem[X,0x80036954] -> 0x0113
mem[X,0x80036956] -> 0x0000
[5469] [M]: 0x80036954 (0x00000113) addi sp, zero, 0
x2 <- 0x00000000


mem[X,0x80036958] -> 0x006F
mem[X,0x8003695A] -> 0x00C0
[5470] [M]: 0x80036958 (0x00C0006F) jal zero, 12


mem[X,0x80036964] -> 0x4063
mem[X,0x80036966] -> 0x04B5
[5471] [M]: 0x80036964 (0x04B54063) blt a0, a1, 64


mem[X,0x80036968] -> 0x0113
mem[X,0x8003696A] -> 0x0021
[5472] [M]: 0x80036968 (0x00210113) addi sp, sp, 2
x2 <- 0x00000002


mem[X,0x8003696C] -> 0x006F
mem[X,0x8003696E] -> 0x0400
[5473] [M]: 0x8003696C (0x0400006F) jal zero, 64


mem[X,0x800369AC] -> 0xA423
mem[X,0x800369AE] -> 0x0A20
[5474] [M]: 0x800369AC (0x0A20A423) sw sp, 168(ra)
mem[0x80039A10] <- 0x00000002


mem[X,0x800369B0] -> 0xB537
mem[X,0x800369B2] -> 0xAAAA
[5475] [M]: 0x800369B0 (0xAAAAB537) lui a0, 699051
x10 <- 0xAAAAB000


mem[X,0x800369B4] -> 0x0513
mem[X,0x800369B6] -> 0xAAB5
[5476] [M]: 0x800369B4 (0xAAB50513) addi a0, a0, 2731
x10 <- 0xAAAAAAAB


mem[X,0x800369B8] -> 0x0593
mem[X,0x800369BA] -> 0x0060
[5477] [M]: 0x800369B8 (0x00600593) addi a1, zero, 6
x11 <- 0x00000006


mem[X,0x800369BC] -> 0x0113
mem[X,0x800369BE] -> 0x0000
[5478] [M]: 0x800369BC (0x00000113) addi sp, zero, 0
x2 <- 0x00000000


mem[X,0x800369C0] -> 0x006F
mem[X,0x800369C2] -> 0x00C0
[5479] [M]: 0x800369C0 (0x00C0006F) jal zero, 12


mem[X,0x800369CC] -> 0x4063
mem[X,0x800369CE] -> 0x20B5
[5480] [M]: 0x800369CC (0x20B54063) blt a0, a1, 512


mem[X,0x80036BCC] -> 0x0113
mem[X,0x80036BCE] -> 0x0031
[5481] [M]: 0x80036BCC (0x00310113) addi sp, sp, 3
x2 <- 0x00000003


mem[X,0x80036BD0] -> 0x006F
mem[X,0x80036BD2] -> 0x0040
[5482] [M]: 0x80036BD0 (0x0040006F) jal zero, 4


mem[X,0x80036BD4] -> 0xA623
mem[X,0x80036BD6] -> 0x0A20
[5483] [M]: 0x80036BD4 (0x0A20A623) sw sp, 172(ra)
mem[0x80039A14] <- 0x00000003


mem[X,0x80036BD8] -> 0x0513
mem[X,0x80036BDA] -> 0x0040
[5484] [M]: 0x80036BD8 (0x00400513) addi a0, zero, 4
x10 <- 0x00000004


mem[X,0x80036BDC] -> 0x0593
mem[X,0x80036BDE] -> 0x0020
[5485] [M]: 0x80036BDC (0x00200593) addi a1, zero, 2
x11 <- 0x00000002


mem[X,0x80036BE0] -> 0x0113
mem[X,0x80036BE2] -> 0x0000
[5486] [M]: 0x80036BE0 (0x00000113) addi sp, zero, 0
x2 <- 0x00000000


mem[X,0x80036BE4] -> 0x006F
mem[X,0x80036BE6] -> 0x00C0
[5487] [M]: 0x80036BE4 (0x00C0006F) jal zero, 12


mem[X,0x80036BF0] -> 0x4063
mem[X,0x80036BF2] -> 0x08B5
[5488] [M]: 0x80036BF0 (0x08B54063) blt a0, a1, 128


mem[X,0x80036BF4] -> 0x0113
mem[X,0x80036BF6] -> 0x0021
[5489] [M]: 0x80036BF4 (0x00210113) addi sp, sp, 2
x2 <- 0x00000002


mem[X,0x80036BF8] -> 0x006F
mem[X,0x80036BFA] -> 0x0800
[5490] [M]: 0x80036BF8 (0x0800006F) jal zero, 128


mem[X,0x80036C78] -> 0xA823
mem[X,0x80036C7A] -> 0x0A20
[5491] [M]: 0x80036C78 (0x0A20A823) sw sp, 176(ra)
mem[0x80039A18] <- 0x00000002


mem[X,0x80036C7C] -> 0x0537
mem[X,0x80036C7E] -> 0x0020
[5492] [M]: 0x80036C7C (0x00200537) lui a0, 512
x10 <- 0x00200000


mem[X,0x80036C80] -> 0x0593
mem[X,0x80036C82] -> 0x0040
[5493] [M]: 0x80036C80 (0x00400593) addi a1, zero, 4
x11 <- 0x00000004


mem[X,0x80036C84] -> 0x0113
mem[X,0x80036C86] -> 0x0000
[5494] [M]: 0x80036C84 (0x00000113) addi sp, zero, 0
x2 <- 0x00000000


mem[X,0x80036C88] -> 0x006F
mem[X,0x80036C8A] -> 0x0140
[5495] [M]: 0x80036C88 (0x0140006F) jal zero, 20


mem[X,0x80036C9C] -> 0x48E3
mem[X,0x80036C9E] -> 0xFEB5
[5496] [M]: 0x80036C9C (0xFEB548E3) blt a0, a1, 8176


mem[X,0x80036CA0] -> 0x0113
mem[X,0x80036CA2] -> 0x0021
[5497] [M]: 0x80036CA0 (0x00210113) addi sp, sp, 2
x2 <- 0x00000002


mem[X,0x80036CA4] -> 0x006F
mem[X,0x80036CA6] -> 0x00C0
[5498] [M]: 0x80036CA4 (0x00C0006F) jal zero, 12


mem[X,0x80036CB0] -> 0xAA23
mem[X,0x80036CB2] -> 0x0A20
[5499] [M]: 0x80036CB0 (0x0A20AA23) sw sp, 180(ra)
mem[0x80039A1C] <- 0x00000002


clint::tick mtime <- 0x0000000000000037
 clint timer pending at mtime 0x0000000000000037
htif::tick 0x0000000000000000
mem[X,0x80036CB4] -> 0x0537
mem[X,0x80036CB6] -> 0x8000
[5500] [M]: 0x80036CB4 (0x80000537) lui a0, 524288
x10 <- 0x80000000


mem[X,0x80036CB8] -> 0x0513
mem[X,0x80036CBA] -> 0xFFF5
[5501] [M]: 0x80036CB8 (0xFFF50513) addi a0, a0, 4095
x10 <- 0x7FFFFFFF


mem[X,0x80036CBC] -> 0x0593
mem[X,0x80036CBE] -> 0x2000
[5502] [M]: 0x80036CBC (0x20000593) addi a1, zero, 512
x11 <- 0x00000200


mem[X,0x80036CC0] -> 0x0113
mem[X,0x80036CC2] -> 0x0000
[5503] [M]: 0x80036CC0 (0x00000113) addi sp, zero, 0
x2 <- 0x00000000


mem[X,0x80036CC4] -> 0x006F
mem[X,0x80036CC6] -> 0x00C0
[5504] [M]: 0x80036CC4 (0x00C0006F) jal zero, 12


mem[X,0x80036CD0] -> 0x4063
mem[X,0x80036CD2] -> 0x20B5
[5505] [M]: 0x80036CD0 (0x20B54063) blt a0, a1, 512


mem[X,0x80036CD4] -> 0x0113
mem[X,0x80036CD6] -> 0x0021
[5506] [M]: 0x80036CD4 (0x00210113) addi sp, sp, 2
x2 <- 0x00000002


mem[X,0x80036CD8] -> 0x006F
mem[X,0x80036CDA] -> 0x2000
[5507] [M]: 0x80036CD8 (0x2000006F) jal zero, 512


mem[X,0x80036ED8] -> 0xAC23
mem[X,0x80036EDA] -> 0x0A20
[5508] [M]: 0x80036ED8 (0x0A20AC23) sw sp, 184(ra)
mem[0x80039A20] <- 0x00000002


mem[X,0x80036EDC] -> 0x006F
mem[X,0x80036EDE] -> 0x0200
[5509] [M]: 0x80036EDC (0x0200006F) jal zero, 32


mem[X,0x80036EFC] -> 0x0093
mem[X,0x80036EFE] -> 0x0010
[5510] [M]: 0x80036EFC (0x00100093) addi ra, zero, 1
x1 <- 0x00000001


mem[X,0x80036F00] -> 0x0F17
mem[X,0x80036F02] -> 0x0000
[5511] [M]: 0x80036F00 (0x00000F17) auipc t5, 0
x30 <- 0x80036F00


mem[X,0x80036F04] -> 0x2023
mem[X,0x80036F06] -> 0x101F
[5512] [M]: 0x80036F04 (0x101F2023) sw ra, 256(t5)
htif[0x80037000] <- 0x00000001


mem[X,0x80036F08] -> 0xF06F
mem[X,0x80036F0A] -> 0xFF9F
[5513] [M]: 0x80036F08 (0xFF9FF06F) jal zero, 2097144


mem[X,0x80036F00] -> 0x0F17
mem[X,0x80036F02] -> 0x0000
[5514] [M]: 0x80036F00 (0x00000F17) auipc t5, 0
x30 <- 0x80036F00


mem[X,0x80036F04] -> 0x2023
mem[X,0x80036F06] -> 0x101F
[5515] [M]: 0x80036F04 (0x101F2023) sw ra, 256(t5)
htif[0x80037000] <- 0x00000001


mem[X,0x80036F08] -> 0xF06F
mem[X,0x80036F0A] -> 0xFF9F
[5516] [M]: 0x80036F08 (0xFF9FF06F) jal zero, 2097144


mem[X,0x80036F00] -> 0x0F17
mem[X,0x80036F02] -> 0x0000
[5517] [M]: 0x80036F00 (0x00000F17) auipc t5, 0
x30 <- 0x80036F00


mem[X,0x80036F04] -> 0x2023
mem[X,0x80036F06] -> 0x101F
[5518] [M]: 0x80036F04 (0x101F2023) sw ra, 256(t5)
htif[0x80037000] <- 0x00000001
htif-syscall-proxy cmd: 0x000000000001

SUCCESS
