using /home/abdul_waheed/github_files/UET-Pcore-with-c-ext/verif/riscof_work/I/src/lh-align-01.S/ref/Reference-sail_c_simulator.signature for test-signature output.
[Sail] Allocating new block 0x80000000
tohost located at 0x80001000
[Sail] Allocating new block 0x0

Running file ref.elf.
ELF Entry @ 0x80000000
begin_signature: 0x80003110
end_signature: 0x800031a0
CSR mstatus <- 0x00000000 (input: 0x00000000)
mem[X,0x00001000] -> 0x0297
mem[X,0x00001002] -> 0x0000
[0] [M]: 0x00001000 (0x00000297) auipc t0, 0
x5 <- 0x00001000


mem[X,0x00001004] -> 0x8593
mem[X,0x00001006] -> 0x0202
[1] [M]: 0x00001004 (0x02028593) addi a1, t0, 32
x11 <- 0x00001020


mem[X,0x00001008] -> 0x2573
mem[X,0x0000100A] -> 0xF140
[2] [M]: 0x00001008 (0xF1402573) csrrs a0, mhartid, zero
CSR mhartid -> 0x00000000
x10 <- 0x00000000


mem[X,0x0000100C] -> 0xA283
mem[X,0x0000100E] -> 0x0182
[3] [M]: 0x0000100C (0x0182A283) lw t0, 24(t0)
mem[R,0x00001018] -> 0x80000000
x5 <- 0x80000000


mem[X,0x00001010] -> 0x8067
mem[X,0x00001012] -> 0x0002
[4] [M]: 0x00001010 (0x00028067) jalr zero, t0, 0


mem[X,0x80000000] -> 0xC0B7
mem[X,0x80000002] -> 0xFEED
[5] [M]: 0x80000000 (0xFEEDC0B7) lui ra, 1044188
x1 <- 0xFEEDC000


mem[X,0x80000004] -> 0x8093
mem[X,0x80000006] -> 0xEAD0
[6] [M]: 0x80000004 (0xEAD08093) addi ra, ra, 3757
x1 <- 0xFEEDBEAD


mem[X,0x80000008] -> 0xE137
mem[X,0x8000000A] -> 0xFF76
[7] [M]: 0x80000008 (0xFF76E137) lui sp, 1046382
x2 <- 0xFF76E000


mem[X,0x8000000C] -> 0x0113
mem[X,0x8000000E] -> 0xF561
[8] [M]: 0x8000000C (0xF5610113) addi sp, sp, 3926
x2 <- 0xFF76DF56


mem[X,0x80000010] -> 0x71B7
mem[X,0x80000012] -> 0x7FBB
[9] [M]: 0x80000010 (0x7FBB71B7) lui gp, 523191
x3 <- 0x7FBB7000


mem[X,0x80000014] -> 0x8193
mem[X,0x80000016] -> 0xFAB1
[10] [M]: 0x80000014 (0xFAB18193) addi gp, gp, 4011
x3 <- 0x7FBB6FAB


mem[X,0x80000018] -> 0xB237
mem[X,0x8000001A] -> 0xBFDD
[11] [M]: 0x80000018 (0xBFDDB237) lui tp, 785883
x4 <- 0xBFDDB000


mem[X,0x8000001C] -> 0x0213
mem[X,0x8000001E] -> 0x7D52
[12] [M]: 0x8000001C (0x7D520213) addi tp, tp, 2005
x4 <- 0xBFDDB7D5


mem[X,0x80000020] -> 0xE2B7
mem[X,0x80000022] -> 0xDFEE
[13] [M]: 0x80000020 (0xDFEEE2B7) lui t0, 917230
x5 <- 0xDFEEE000


mem[X,0x80000024] -> 0x8293
mem[X,0x80000026] -> 0xBEA2
[14] [M]: 0x80000024 (0xBEA28293) addi t0, t0, 3050
x5 <- 0xDFEEDBEA


mem[X,0x80000028] -> 0x7337
mem[X,0x8000002A] -> 0x6FF7
[15] [M]: 0x80000028 (0x6FF77337) lui t1, 458615
x6 <- 0x6FF77000


mem[X,0x8000002C] -> 0x0313
mem[X,0x8000002E] -> 0xDF53
[16] [M]: 0x8000002C (0xDF530313) addi t1, t1, 3573
x6 <- 0x6FF76DF5


mem[X,0x80000030] -> 0xB3B7
mem[X,0x80000032] -> 0xB7FB
[17] [M]: 0x80000030 (0xB7FBB3B7) lui t2, 753595
x7 <- 0xB7FBB000


mem[X,0x80000034] -> 0x8393
mem[X,0x80000036] -> 0x6FA3
[18] [M]: 0x80000034 (0x6FA38393) addi t2, t2, 1786
x7 <- 0xB7FBB6FA


mem[X,0x80000038] -> 0xE437
mem[X,0x8000003A] -> 0x5BFD
[19] [M]: 0x80000038 (0x5BFDE437) lui fp, 376798
x8 <- 0x5BFDE000


mem[X,0x8000003C] -> 0x0413
mem[X,0x8000003E] -> 0xB7D4
[20] [M]: 0x8000003C (0xB7D40413) addi fp, fp, 2941
x8 <- 0x5BFDDB7D


mem[X,0x80000040] -> 0xF4B7
mem[X,0x80000042] -> 0xADFE
[21] [M]: 0x80000040 (0xADFEF4B7) lui s1, 712687
x9 <- 0xADFEF000


mem[X,0x80000044] -> 0x8493
mem[X,0x80000046] -> 0xDBE4
[22] [M]: 0x80000044 (0xDBE48493) addi s1, s1, 3518
x9 <- 0xADFEEDBE


mem[X,0x80000048] -> 0x7537
mem[X,0x8000004A] -> 0x56FF
[23] [M]: 0x80000048 (0x56FF7537) lui a0, 356343
x10 <- 0x56FF7000


mem[X,0x8000004C] -> 0x0513
mem[X,0x8000004E] -> 0x6DF5
[24] [M]: 0x8000004C (0x6DF50513) addi a0, a0, 1759
x10 <- 0x56FF76DF


mem[X,0x80000050] -> 0xC5B7
mem[X,0x80000052] -> 0xAB7F
[25] [M]: 0x80000050 (0xAB7FC5B7) lui a1, 702460
x11 <- 0xAB7FC000


mem[X,0x80000054] -> 0x8593
mem[X,0x80000056] -> 0xB6F5
[26] [M]: 0x80000054 (0xB6F58593) addi a1, a1, 2927
x11 <- 0xAB7FBB6F


mem[X,0x80000058] -> 0xE637
mem[X,0x8000005A] -> 0xD5BF
[27] [M]: 0x80000058 (0xD5BFE637) lui a2, 875518
x12 <- 0xD5BFE000


mem[X,0x8000005C] -> 0x0613
mem[X,0x8000005E] -> 0xDB76
[28] [M]: 0x8000005C (0xDB760613) addi a2, a2, 3511
x12 <- 0xD5BFDDB7


mem[X,0x80000060] -> 0xF6B7
mem[X,0x80000062] -> 0xEADF
[29] [M]: 0x80000060 (0xEADFF6B7) lui a3, 962047
x13 <- 0xEADFF000


mem[X,0x80000064] -> 0x8693
mem[X,0x80000066] -> 0xEDB6
[30] [M]: 0x80000064 (0xEDB68693) addi a3, a3, 3803
x13 <- 0xEADFEEDB


mem[X,0x80000068] -> 0xF737
mem[X,0x8000006A] -> 0xF56F
[31] [M]: 0x80000068 (0xF56FF737) lui a4, 1005311
x14 <- 0xF56FF000


mem[X,0x8000006C] -> 0x0713
mem[X,0x8000006E] -> 0x76D7
[32] [M]: 0x8000006C (0x76D70713) addi a4, a4, 1901
x14 <- 0xF56FF76D


mem[X,0x80000070] -> 0x07B7
mem[X,0x80000072] -> 0xFAB8
[33] [M]: 0x80000070 (0xFAB807B7) lui a5, 1026944
x15 <- 0xFAB80000


mem[X,0x80000074] -> 0x8793
mem[X,0x80000076] -> 0xBB67
[34] [M]: 0x80000074 (0xBB678793) addi a5, a5, 2998
x15 <- 0xFAB7FBB6


mem[X,0x80000078] -> 0x0837
mem[X,0x8000007A] -> 0x7D5C
[35] [M]: 0x80000078 (0x7D5C0837) lui a6, 513472
x16 <- 0x7D5C0000


mem[X,0x8000007C] -> 0x0813
mem[X,0x8000007E] -> 0xDDB8
[36] [M]: 0x8000007C (0xDDB80813) addi a6, a6, 3547
x16 <- 0x7D5BFDDB


mem[X,0x80000080] -> 0x08B7
mem[X,0x80000082] -> 0xBEAE
[37] [M]: 0x80000080 (0xBEAE08B7) lui a7, 781024
x17 <- 0xBEAE0000


mem[X,0x80000084] -> 0x8893
mem[X,0x80000086] -> 0xEED8
[38] [M]: 0x80000084 (0xEED88893) addi a7, a7, 3821
x17 <- 0xBEADFEED


mem[X,0x80000088] -> 0x0937
mem[X,0x8000008A] -> 0xDF57
[39] [M]: 0x80000088 (0xDF570937) lui s2, 914800
x18 <- 0xDF570000


mem[X,0x8000008C] -> 0x0913
mem[X,0x8000008E] -> 0xF769
[40] [M]: 0x8000008C (0xF7690913) addi s2, s2, 3958
x18 <- 0xDF56FF76


mem[X,0x80000090] -> 0x89B7
mem[X,0x80000092] -> 0x6FAB
[41] [M]: 0x80000090 (0x6FAB89B7) lui s3, 457400
x19 <- 0x6FAB8000


mem[X,0x80000094] -> 0x8993
mem[X,0x80000096] -> 0xFBB9
[42] [M]: 0x80000094 (0xFBB98993) addi s3, s3, 4027
x19 <- 0x6FAB7FBB


mem[X,0x80000098] -> 0xCA37
mem[X,0x8000009A] -> 0xB7D5
[43] [M]: 0x80000098 (0xB7D5CA37) lui s4, 752988
x20 <- 0xB7D5C000


mem[X,0x8000009C] -> 0x0A13
mem[X,0x8000009E] -> 0xFDDA
[44] [M]: 0x8000009C (0xFDDA0A13) addi s4, s4, 4061
x20 <- 0xB7D5BFDD


mem[X,0x800000A0] -> 0xEAB7
mem[X,0x800000A2] -> 0xDBEA
[45] [M]: 0x800000A0 (0xDBEAEAB7) lui s5, 900782
x21 <- 0xDBEAE000


mem[X,0x800000A4] -> 0x8A93
mem[X,0x800000A6] -> 0xFEEA
[46] [M]: 0x800000A4 (0xFEEA8A93) addi s5, s5, 4078
x21 <- 0xDBEADFEE


mem[X,0x800000A8] -> 0x7B37
mem[X,0x800000AA] -> 0x6DF5
[47] [M]: 0x800000A8 (0x6DF57B37) lui s6, 450391
x22 <- 0x6DF57000


mem[X,0x800000AC] -> 0x0B13
mem[X,0x800000AE] -> 0xFF7B
[48] [M]: 0x800000AC (0xFF7B0B13) addi s6, s6, 4087
x22 <- 0x6DF56FF7


mem[X,0x800000B0] -> 0xBBB7
mem[X,0x800000B2] -> 0xB6FA
[49] [M]: 0x800000B0 (0xB6FABBB7) lui s7, 749483
x23 <- 0xB6FAB000


mem[X,0x800000B4] -> 0x8B93
mem[X,0x800000B6] -> 0x7FBB
[50] [M]: 0x800000B4 (0x7FBB8B93) addi s7, s7, 2043
x23 <- 0xB6FAB7FB


mem[X,0x800000B8] -> 0x6C37
mem[X,0x800000BA] -> 0xDB7D
[51] [M]: 0x800000B8 (0xDB7D6C37) lui s8, 899030
x24 <- 0xDB7D6000


mem[X,0x800000BC] -> 0x0C13
mem[X,0x800000BE] -> 0xBFDC
[52] [M]: 0x800000BC (0xBFDC0C13) addi s8, s8, 3069
x24 <- 0xDB7D5BFD


mem[X,0x800000C0] -> 0xBCB7
mem[X,0x800000C2] -> 0xEDBE
[53] [M]: 0x800000C0 (0xEDBEBCB7) lui s9, 973803
x25 <- 0xEDBEB000


mem[X,0x800000C4] -> 0x8C93
mem[X,0x800000C6] -> 0xDFEC
[54] [M]: 0x800000C4 (0xDFEC8C93) addi s9, s9, 3582
x25 <- 0xEDBEADFE


mem[X,0x800000C8] -> 0x5D37
mem[X,0x800000CA] -> 0x76DF
[55] [M]: 0x800000C8 (0x76DF5D37) lui s10, 486901
x26 <- 0x76DF5000


mem[X,0x800000CC] -> 0x0D13
mem[X,0x800000CE] -> 0x6FFD
[56] [M]: 0x800000CC (0x6FFD0D13) addi s10, s10, 1791
x26 <- 0x76DF56FF


mem[X,0x800000D0] -> 0xBDB7
mem[X,0x800000D2] -> 0xBB6F
[57] [M]: 0x800000D0 (0xBB6FBDB7) lui s11, 767739
x27 <- 0xBB6FB000


mem[X,0x800000D4] -> 0x8D93
mem[X,0x800000D6] -> 0xB7FD
[58] [M]: 0x800000D4 (0xB7FD8D93) addi s11, s11, 2943
x27 <- 0xBB6FAB7F


mem[X,0x800000D8] -> 0xDE37
mem[X,0x800000DA] -> 0xDDB7
[59] [M]: 0x800000D8 (0xDDB7DE37) lui t3, 908157
x28 <- 0xDDB7D000


mem[X,0x800000DC] -> 0x0E13
mem[X,0x800000DE] -> 0x5BFE
[60] [M]: 0x800000DC (0x5BFE0E13) addi t3, t3, 1471
x28 <- 0xDDB7D5BF


mem[X,0x800000E0] -> 0xFEB7
mem[X,0x800000E2] -> 0xEEDB
[61] [M]: 0x800000E0 (0xEEDBFEB7) lui t4, 978367
x29 <- 0xEEDBF000


mem[X,0x800000E4] -> 0x8E93
mem[X,0x800000E6] -> 0xADFE
[62] [M]: 0x800000E4 (0xADFE8E93) addi t4, t4, 2783
x29 <- 0xEEDBEADF


mem[X,0x800000E8] -> 0xFF37
mem[X,0x800000EA] -> 0xF76D
[63] [M]: 0x800000E8 (0xF76DFF37) lui t5, 1013471
x30 <- 0xF76DF000


mem[X,0x800000EC] -> 0x0F13
mem[X,0x800000EE] -> 0x56FF
[64] [M]: 0x800000EC (0x56FF0F13) addi t5, t5, 1391
x30 <- 0xF76DF56F


mem[X,0x800000F0] -> 0x0FB7
mem[X,0x800000F2] -> 0xFBB7
[65] [M]: 0x800000F0 (0xFBB70FB7) lui t6, 1031024
x31 <- 0xFBB70000


mem[X,0x800000F4] -> 0x8F93
mem[X,0x800000F6] -> 0xAB7F
[66] [M]: 0x800000F4 (0xAB7F8F93) addi t6, t6, 2743
x31 <- 0xFBB6FAB7


mem[X,0x800000F8] -> 0x0013
mem[X,0x800000FA] -> 0x0000
[67] [M]: 0x800000F8 (0x00000013) addi zero, zero, 0


mem[X,0x800000FC] -> 0x0013
mem[X,0x800000FE] -> 0x0000
[68] [M]: 0x800000FC (0x00000013) addi zero, zero, 0


mem[X,0x80000100] -> 0x3197
mem[X,0x80000102] -> 0x0000
[69] [M]: 0x80000100 (0x00003197) auipc gp, 3
x3 <- 0x80003100


mem[X,0x80000104] -> 0x8193
mem[X,0x80000106] -> 0x0141
[70] [M]: 0x80000104 (0x01418193) addi gp, gp, 20
x3 <- 0x80003114


mem[X,0x80000108] -> 0x0013
mem[X,0x8000010A] -> 0x0000
[71] [M]: 0x80000108 (0x00000013) addi zero, zero, 0


mem[X,0x8000010C] -> 0x0013
mem[X,0x8000010E] -> 0x0000
[72] [M]: 0x8000010C (0x00000013) addi zero, zero, 0


mem[X,0x80000110] -> 0x0013
mem[X,0x80000112] -> 0x0000
[73] [M]: 0x80000110 (0x00000013) addi zero, zero, 0


mem[X,0x80000114] -> 0x0013
mem[X,0x80000116] -> 0x0000
[74] [M]: 0x80000114 (0x00000013) addi zero, zero, 0


mem[X,0x80000118] -> 0x0013
mem[X,0x8000011A] -> 0x0000
[75] [M]: 0x80000118 (0x00000013) addi zero, zero, 0


mem[X,0x8000011C] -> 0x0013
mem[X,0x8000011E] -> 0x0000
[76] [M]: 0x8000011C (0x00000013) addi zero, zero, 0


mem[X,0x80000120] -> 0x2A97
mem[X,0x80000122] -> 0x0000
[77] [M]: 0x80000120 (0x00002A97) auipc s5, 2
x21 <- 0x80002120


mem[X,0x80000124] -> 0x8A93
mem[X,0x80000126] -> 0xDE0A
[78] [M]: 0x80000124 (0xDE0A8A93) addi s5, s5, 3552
x21 <- 0x80001F00


mem[X,0x80000128] -> 0x0013
mem[X,0x8000012A] -> 0x0000
[79] [M]: 0x80000128 (0x00000013) addi zero, zero, 0


mem[X,0x8000012C] -> 0x0013
mem[X,0x8000012E] -> 0x0000
[80] [M]: 0x8000012C (0x00000013) addi zero, zero, 0


mem[X,0x80000130] -> 0x0013
mem[X,0x80000132] -> 0x0000
[81] [M]: 0x80000130 (0x00000013) addi zero, zero, 0


mem[X,0x80000134] -> 0x0013
mem[X,0x80000136] -> 0x0000
[82] [M]: 0x80000134 (0x00000013) addi zero, zero, 0


mem[X,0x80000138] -> 0x0013
mem[X,0x8000013A] -> 0x0000
[83] [M]: 0x80000138 (0x00000013) addi zero, zero, 0


mem[X,0x8000013C] -> 0x0013
mem[X,0x8000013E] -> 0x0000
[84] [M]: 0x8000013C (0x00000013) addi zero, zero, 0


mem[X,0x80000140] -> 0x9583
mem[X,0x80000142] -> 0x100A
[85] [M]: 0x80000140 (0x100A9583) lh a1, 256(s5)
mem[R,0x80002000] -> 0xCAFE
x11 <- 0xFFFFCAFE


mem[X,0x80000144] -> 0x0013
mem[X,0x80000146] -> 0x0000
[86] [M]: 0x80000144 (0x00000013) addi zero, zero, 0


mem[X,0x80000148] -> 0x0013
mem[X,0x8000014A] -> 0x0000
[87] [M]: 0x80000148 (0x00000013) addi zero, zero, 0


mem[X,0x8000014C] -> 0xA023
mem[X,0x8000014E] -> 0x00B1
[88] [M]: 0x8000014C (0x00B1A023) sw a1, 0(gp)
mem[0x80003114] <- 0xFFFFCAFE


mem[X,0x80000150] -> 0x0013
mem[X,0x80000152] -> 0x0000
[89] [M]: 0x80000150 (0x00000013) addi zero, zero, 0


mem[X,0x80000154] -> 0x0013
mem[X,0x80000156] -> 0x0000
[90] [M]: 0x80000154 (0x00000013) addi zero, zero, 0


mem[X,0x80000158] -> 0x0013
mem[X,0x8000015A] -> 0x0000
[91] [M]: 0x80000158 (0x00000013) addi zero, zero, 0


mem[X,0x8000015C] -> 0x0013
mem[X,0x8000015E] -> 0x0000
[92] [M]: 0x8000015C (0x00000013) addi zero, zero, 0


mem[X,0x80000160] -> 0x2F97
mem[X,0x80000162] -> 0x0000
[93] [M]: 0x80000160 (0x00002F97) auipc t6, 2
x31 <- 0x80002160


mem[X,0x80000164] -> 0x8F93
mem[X,0x80000166] -> 0xE9BF
[94] [M]: 0x80000164 (0xE9BF8F93) addi t6, t6, 3739
x31 <- 0x80001FFB


mem[X,0x80000168] -> 0x0013
mem[X,0x8000016A] -> 0x0000
[95] [M]: 0x80000168 (0x00000013) addi zero, zero, 0


mem[X,0x8000016C] -> 0x0013
mem[X,0x8000016E] -> 0x0000
[96] [M]: 0x8000016C (0x00000013) addi zero, zero, 0


mem[X,0x80000170] -> 0x0013
mem[X,0x80000172] -> 0x0000
[97] [M]: 0x80000170 (0x00000013) addi zero, zero, 0


mem[X,0x80000174] -> 0x0013
mem[X,0x80000176] -> 0x0000
[98] [M]: 0x80000174 (0x00000013) addi zero, zero, 0


mem[X,0x80000178] -> 0x0013
mem[X,0x8000017A] -> 0x0000
[99] [M]: 0x80000178 (0x00000013) addi zero, zero, 0


clint::tick mtime <- 0x0000000000000001
 clint timer pending at mtime 0x0000000000000001
htif::tick 0x0000000000000000
mem[X,0x8000017C] -> 0x0013
mem[X,0x8000017E] -> 0x0000
[100] [M]: 0x8000017C (0x00000013) addi zero, zero, 0


mem[X,0x80000180] -> 0x9F83
mem[X,0x80000182] -> 0x005F
[101] [M]: 0x80000180 (0x005F9F83) lh t6, 5(t6)
mem[R,0x80002000] -> 0xCAFE
x31 <- 0xFFFFCAFE


mem[X,0x80000184] -> 0x0013
mem[X,0x80000186] -> 0x0000
[102] [M]: 0x80000184 (0x00000013) addi zero, zero, 0


mem[X,0x80000188] -> 0x0013
mem[X,0x8000018A] -> 0x0000
[103] [M]: 0x80000188 (0x00000013) addi zero, zero, 0


mem[X,0x8000018C] -> 0xA223
mem[X,0x8000018E] -> 0x01F1
[104] [M]: 0x8000018C (0x01F1A223) sw t6, 4(gp)
mem[0x80003118] <- 0xFFFFCAFE


mem[X,0x80000190] -> 0x0013
mem[X,0x80000192] -> 0x0000
[105] [M]: 0x80000190 (0x00000013) addi zero, zero, 0


mem[X,0x80000194] -> 0x0013
mem[X,0x80000196] -> 0x0000
[106] [M]: 0x80000194 (0x00000013) addi zero, zero, 0


mem[X,0x80000198] -> 0x0013
mem[X,0x8000019A] -> 0x0000
[107] [M]: 0x80000198 (0x00000013) addi zero, zero, 0


mem[X,0x8000019C] -> 0x0013
mem[X,0x8000019E] -> 0x0000
[108] [M]: 0x8000019C (0x00000013) addi zero, zero, 0


mem[X,0x800001A0] -> 0x2717
mem[X,0x800001A2] -> 0x0000
[109] [M]: 0x800001A0 (0x00002717) auipc a4, 2
x14 <- 0x800021A0


mem[X,0x800001A4] -> 0x0713
mem[X,0x800001A6] -> 0x3B67
[110] [M]: 0x800001A4 (0x3B670713) addi a4, a4, 950
x14 <- 0x80002556


mem[X,0x800001A8] -> 0x0013
mem[X,0x800001AA] -> 0x0000
[111] [M]: 0x800001A8 (0x00000013) addi zero, zero, 0


mem[X,0x800001AC] -> 0x0013
mem[X,0x800001AE] -> 0x0000
[112] [M]: 0x800001AC (0x00000013) addi zero, zero, 0


mem[X,0x800001B0] -> 0x0013
mem[X,0x800001B2] -> 0x0000
[113] [M]: 0x800001B0 (0x00000013) addi zero, zero, 0


mem[X,0x800001B4] -> 0x0013
mem[X,0x800001B6] -> 0x0000
[114] [M]: 0x800001B4 (0x00000013) addi zero, zero, 0


mem[X,0x800001B8] -> 0x0013
mem[X,0x800001BA] -> 0x0000
[115] [M]: 0x800001B8 (0x00000013) addi zero, zero, 0


mem[X,0x800001BC] -> 0x0013
mem[X,0x800001BE] -> 0x0000
[116] [M]: 0x800001BC (0x00000013) addi zero, zero, 0


mem[X,0x800001C0] -> 0x1083
mem[X,0x800001C2] -> 0xAAA7
[117] [M]: 0x800001C0 (0xAAA71083) lh ra, 2730(a4)
mem[R,0x80002000] -> 0xCAFE
x1 <- 0xFFFFCAFE


mem[X,0x800001C4] -> 0x0013
mem[X,0x800001C6] -> 0x0000
[118] [M]: 0x800001C4 (0x00000013) addi zero, zero, 0


mem[X,0x800001C8] -> 0x0013
mem[X,0x800001CA] -> 0x0000
[119] [M]: 0x800001C8 (0x00000013) addi zero, zero, 0


mem[X,0x800001CC] -> 0xA423
mem[X,0x800001CE] -> 0x0011
[120] [M]: 0x800001CC (0x0011A423) sw ra, 8(gp)
mem[0x8000311C] <- 0xFFFFCAFE


mem[X,0x800001D0] -> 0x0013
mem[X,0x800001D2] -> 0x0000
[121] [M]: 0x800001D0 (0x00000013) addi zero, zero, 0


mem[X,0x800001D4] -> 0x0013
mem[X,0x800001D6] -> 0x0000
[122] [M]: 0x800001D4 (0x00000013) addi zero, zero, 0


mem[X,0x800001D8] -> 0x0013
mem[X,0x800001DA] -> 0x0000
[123] [M]: 0x800001D8 (0x00000013) addi zero, zero, 0


mem[X,0x800001DC] -> 0x0013
mem[X,0x800001DE] -> 0x0000
[124] [M]: 0x800001DC (0x00000013) addi zero, zero, 0


mem[X,0x800001E0] -> 0x2317
mem[X,0x800001E2] -> 0x0000
[125] [M]: 0x800001E0 (0x00002317) auipc t1, 2
x6 <- 0x800021E0


mem[X,0x800001E4] -> 0x0313
mem[X,0x800001E6] -> 0xA213
[126] [M]: 0x800001E4 (0xA2130313) addi t1, t1, 2593
x6 <- 0x80001C01


mem[X,0x800001E8] -> 0x0013
mem[X,0x800001EA] -> 0x0000
[127] [M]: 0x800001E8 (0x00000013) addi zero, zero, 0


mem[X,0x800001EC] -> 0x0013
mem[X,0x800001EE] -> 0x0000
[128] [M]: 0x800001EC (0x00000013) addi zero, zero, 0


mem[X,0x800001F0] -> 0x0013
mem[X,0x800001F2] -> 0x0000
[129] [M]: 0x800001F0 (0x00000013) addi zero, zero, 0


mem[X,0x800001F4] -> 0x0013
mem[X,0x800001F6] -> 0x0000
[130] [M]: 0x800001F4 (0x00000013) addi zero, zero, 0


mem[X,0x800001F8] -> 0x0013
mem[X,0x800001FA] -> 0x0000
[131] [M]: 0x800001F8 (0x00000013) addi zero, zero, 0


mem[X,0x800001FC] -> 0x0013
mem[X,0x800001FE] -> 0x0000
[132] [M]: 0x800001FC (0x00000013) addi zero, zero, 0


mem[X,0x80000200] -> 0x1F03
mem[X,0x80000202] -> 0x3FF3
[133] [M]: 0x80000200 (0x3FF31F03) lh t5, 1023(t1)
mem[R,0x80002000] -> 0xCAFE
x30 <- 0xFFFFCAFE


mem[X,0x80000204] -> 0x0013
mem[X,0x80000206] -> 0x0000
[134] [M]: 0x80000204 (0x00000013) addi zero, zero, 0


mem[X,0x80000208] -> 0x0013
mem[X,0x8000020A] -> 0x0000
[135] [M]: 0x80000208 (0x00000013) addi zero, zero, 0


mem[X,0x8000020C] -> 0xA623
mem[X,0x8000020E] -> 0x01E1
[136] [M]: 0x8000020C (0x01E1A623) sw t5, 12(gp)
mem[0x80003120] <- 0xFFFFCAFE


mem[X,0x80000210] -> 0x0013
mem[X,0x80000212] -> 0x0000
[137] [M]: 0x80000210 (0x00000013) addi zero, zero, 0


mem[X,0x80000214] -> 0x0013
mem[X,0x80000216] -> 0x0000
[138] [M]: 0x80000214 (0x00000013) addi zero, zero, 0


mem[X,0x80000218] -> 0x0013
mem[X,0x8000021A] -> 0x0000
[139] [M]: 0x80000218 (0x00000013) addi zero, zero, 0


mem[X,0x8000021C] -> 0x0013
mem[X,0x8000021E] -> 0x0000
[140] [M]: 0x8000021C (0x00000013) addi zero, zero, 0


mem[X,0x80000220] -> 0x2A17
mem[X,0x80000222] -> 0x0000
[141] [M]: 0x80000220 (0x00002A17) auipc s4, 2
x20 <- 0x80002220


mem[X,0x80000224] -> 0x0A13
mem[X,0x80000226] -> 0xDC2A
[142] [M]: 0x80000224 (0xDC2A0A13) addi s4, s4, 3522
x20 <- 0x80001FE2


mem[X,0x80000228] -> 0x0013
mem[X,0x8000022A] -> 0x0000
[143] [M]: 0x80000228 (0x00000013) addi zero, zero, 0


mem[X,0x8000022C] -> 0x0013
mem[X,0x8000022E] -> 0x0000
[144] [M]: 0x8000022C (0x00000013) addi zero, zero, 0


mem[X,0x80000230] -> 0x0013
mem[X,0x80000232] -> 0x0000
[145] [M]: 0x80000230 (0x00000013) addi zero, zero, 0


mem[X,0x80000234] -> 0x0013
mem[X,0x80000236] -> 0x0000
[146] [M]: 0x80000234 (0x00000013) addi zero, zero, 0


mem[X,0x80000238] -> 0x0013
mem[X,0x8000023A] -> 0x0000
[147] [M]: 0x80000238 (0x00000013) addi zero, zero, 0


mem[X,0x8000023C] -> 0x0013
mem[X,0x8000023E] -> 0x0000
[148] [M]: 0x8000023C (0x00000013) addi zero, zero, 0


mem[X,0x80000240] -> 0x1683
mem[X,0x80000242] -> 0x020A
[149] [M]: 0x80000240 (0x020A1683) lh a3, 32(s4)
mem[R,0x80002002] -> 0xBABE
x13 <- 0xFFFFBABE


mem[X,0x80000244] -> 0x0013
mem[X,0x80000246] -> 0x0000
[150] [M]: 0x80000244 (0x00000013) addi zero, zero, 0


mem[X,0x80000248] -> 0x0013
mem[X,0x8000024A] -> 0x0000
[151] [M]: 0x80000248 (0x00000013) addi zero, zero, 0


mem[X,0x8000024C] -> 0xA823
mem[X,0x8000024E] -> 0x00D1
[152] [M]: 0x8000024C (0x00D1A823) sw a3, 16(gp)
mem[0x80003124] <- 0xFFFFBABE


mem[X,0x80000250] -> 0x0013
mem[X,0x80000252] -> 0x0000
[153] [M]: 0x80000250 (0x00000013) addi zero, zero, 0


mem[X,0x80000254] -> 0x0013
mem[X,0x80000256] -> 0x0000
[154] [M]: 0x80000254 (0x00000013) addi zero, zero, 0


mem[X,0x80000258] -> 0x0013
mem[X,0x8000025A] -> 0x0000
[155] [M]: 0x80000258 (0x00000013) addi zero, zero, 0


mem[X,0x8000025C] -> 0x0013
mem[X,0x8000025E] -> 0x0000
[156] [M]: 0x8000025C (0x00000013) addi zero, zero, 0


mem[X,0x80000260] -> 0x2497
mem[X,0x80000262] -> 0x0000
[157] [M]: 0x80000260 (0x00002497) auipc s1, 2
x9 <- 0x80002260


mem[X,0x80000264] -> 0x8493
mem[X,0x80000266] -> 0xDA04
[158] [M]: 0x80000264 (0xDA048493) addi s1, s1, 3488
x9 <- 0x80002000


mem[X,0x80000268] -> 0x0013
mem[X,0x8000026A] -> 0x0000
[159] [M]: 0x80000268 (0x00000013) addi zero, zero, 0


mem[X,0x8000026C] -> 0x0013
mem[X,0x8000026E] -> 0x0000
[160] [M]: 0x8000026C (0x00000013) addi zero, zero, 0


mem[X,0x80000270] -> 0x0013
mem[X,0x80000272] -> 0x0000
[161] [M]: 0x80000270 (0x00000013) addi zero, zero, 0


mem[X,0x80000274] -> 0x0013
mem[X,0x80000276] -> 0x0000
[162] [M]: 0x80000274 (0x00000013) addi zero, zero, 0


mem[X,0x80000278] -> 0x0013
mem[X,0x8000027A] -> 0x0000
[163] [M]: 0x80000278 (0x00000013) addi zero, zero, 0


mem[X,0x8000027C] -> 0x0013
mem[X,0x8000027E] -> 0x0000
[164] [M]: 0x8000027C (0x00000013) addi zero, zero, 0


mem[X,0x80000280] -> 0x9883
mem[X,0x80000282] -> 0x0004
[165] [M]: 0x80000280 (0x00049883) lh a7, 0(s1)
mem[R,0x80002000] -> 0xCAFE
x17 <- 0xFFFFCAFE


mem[X,0x80000284] -> 0x0013
mem[X,0x80000286] -> 0x0000
[166] [M]: 0x80000284 (0x00000013) addi zero, zero, 0


mem[X,0x80000288] -> 0x0013
mem[X,0x8000028A] -> 0x0000
[167] [M]: 0x80000288 (0x00000013) addi zero, zero, 0


mem[X,0x8000028C] -> 0xAA23
mem[X,0x8000028E] -> 0x0111
[168] [M]: 0x8000028C (0x0111AA23) sw a7, 20(gp)
mem[0x80003128] <- 0xFFFFCAFE


mem[X,0x80000290] -> 0x0013
mem[X,0x80000292] -> 0x0000
[169] [M]: 0x80000290 (0x00000013) addi zero, zero, 0


mem[X,0x80000294] -> 0x0013
mem[X,0x80000296] -> 0x0000
[170] [M]: 0x80000294 (0x00000013) addi zero, zero, 0


mem[X,0x80000298] -> 0x0013
mem[X,0x8000029A] -> 0x0000
[171] [M]: 0x80000298 (0x00000013) addi zero, zero, 0


mem[X,0x8000029C] -> 0x0013
mem[X,0x8000029E] -> 0x0000
[172] [M]: 0x8000029C (0x00000013) addi zero, zero, 0


mem[X,0x800002A0] -> 0x2B17
mem[X,0x800002A2] -> 0x0000
[173] [M]: 0x800002A0 (0x00002B17) auipc s6, 2
x22 <- 0x800022A0


mem[X,0x800002A4] -> 0x0B13
mem[X,0x800002A6] -> 0xD61B
[174] [M]: 0x800002A4 (0xD61B0B13) addi s6, s6, 3425
x22 <- 0x80002001


mem[X,0x800002A8] -> 0x0013
mem[X,0x800002AA] -> 0x0000
[175] [M]: 0x800002A8 (0x00000013) addi zero, zero, 0


mem[X,0x800002AC] -> 0x0013
mem[X,0x800002AE] -> 0x0000
[176] [M]: 0x800002AC (0x00000013) addi zero, zero, 0


mem[X,0x800002B0] -> 0x0013
mem[X,0x800002B2] -> 0x0000
[177] [M]: 0x800002B0 (0x00000013) addi zero, zero, 0


mem[X,0x800002B4] -> 0x0013
mem[X,0x800002B6] -> 0x0000
[178] [M]: 0x800002B4 (0x00000013) addi zero, zero, 0


mem[X,0x800002B8] -> 0x0013
mem[X,0x800002BA] -> 0x0000
[179] [M]: 0x800002B8 (0x00000013) addi zero, zero, 0


mem[X,0x800002BC] -> 0x0013
mem[X,0x800002BE] -> 0x0000
[180] [M]: 0x800002BC (0x00000013) addi zero, zero, 0


mem[X,0x800002C0] -> 0x1983
mem[X,0x800002C2] -> 0x001B
[181] [M]: 0x800002C0 (0x001B1983) lh s3, 1(s6)
mem[R,0x80002002] -> 0xBABE
x19 <- 0xFFFFBABE


mem[X,0x800002C4] -> 0x0013
mem[X,0x800002C6] -> 0x0000
[182] [M]: 0x800002C4 (0x00000013) addi zero, zero, 0


mem[X,0x800002C8] -> 0x0013
mem[X,0x800002CA] -> 0x0000
[183] [M]: 0x800002C8 (0x00000013) addi zero, zero, 0


mem[X,0x800002CC] -> 0xAC23
mem[X,0x800002CE] -> 0x0131
[184] [M]: 0x800002CC (0x0131AC23) sw s3, 24(gp)
mem[0x8000312C] <- 0xFFFFBABE


mem[X,0x800002D0] -> 0x0013
mem[X,0x800002D2] -> 0x0000
[185] [M]: 0x800002D0 (0x00000013) addi zero, zero, 0


mem[X,0x800002D4] -> 0x0013
mem[X,0x800002D6] -> 0x0000
[186] [M]: 0x800002D4 (0x00000013) addi zero, zero, 0


mem[X,0x800002D8] -> 0x0013
mem[X,0x800002DA] -> 0x0000
[187] [M]: 0x800002D8 (0x00000013) addi zero, zero, 0


mem[X,0x800002DC] -> 0x0013
mem[X,0x800002DE] -> 0x0000
[188] [M]: 0x800002DC (0x00000013) addi zero, zero, 0


mem[X,0x800002E0] -> 0x2917
mem[X,0x800002E2] -> 0x0000
[189] [M]: 0x800002E0 (0x00002917) auipc s2, 2
x18 <- 0x800022E0


mem[X,0x800002E4] -> 0x0913
mem[X,0x800002E6] -> 0xD249
[190] [M]: 0x800002E4 (0xD2490913) addi s2, s2, 3364
x18 <- 0x80002004


mem[X,0x800002E8] -> 0x0013
mem[X,0x800002EA] -> 0x0000
[191] [M]: 0x800002E8 (0x00000013) addi zero, zero, 0


mem[X,0x800002EC] -> 0x0013
mem[X,0x800002EE] -> 0x0000
[192] [M]: 0x800002EC (0x00000013) addi zero, zero, 0


mem[X,0x800002F0] -> 0x0013
mem[X,0x800002F2] -> 0x0000
[193] [M]: 0x800002F0 (0x00000013) addi zero, zero, 0


mem[X,0x800002F4] -> 0x0013
mem[X,0x800002F6] -> 0x0000
[194] [M]: 0x800002F4 (0x00000013) addi zero, zero, 0


mem[X,0x800002F8] -> 0x0013
mem[X,0x800002FA] -> 0x0000
[195] [M]: 0x800002F8 (0x00000013) addi zero, zero, 0


mem[X,0x800002FC] -> 0x0013
mem[X,0x800002FE] -> 0x0000
[196] [M]: 0x800002FC (0x00000013) addi zero, zero, 0


mem[X,0x80000300] -> 0x1B83
mem[X,0x80000302] -> 0xFFE9
[197] [M]: 0x80000300 (0xFFE91B83) lh s7, 4094(s2)
mem[R,0x80002002] -> 0xBABE
x23 <- 0xFFFFBABE


mem[X,0x80000304] -> 0x0013
mem[X,0x80000306] -> 0x0000
[198] [M]: 0x80000304 (0x00000013) addi zero, zero, 0


mem[X,0x80000308] -> 0x0013
mem[X,0x8000030A] -> 0x0000
[199] [M]: 0x80000308 (0x00000013) addi zero, zero, 0


clint::tick mtime <- 0x0000000000000002
 clint timer pending at mtime 0x0000000000000002
htif::tick 0x0000000000000000
mem[X,0x8000030C] -> 0xAE23
mem[X,0x8000030E] -> 0x0171
[200] [M]: 0x8000030C (0x0171AE23) sw s7, 28(gp)
mem[0x80003130] <- 0xFFFFBABE


mem[X,0x80000310] -> 0x0013
mem[X,0x80000312] -> 0x0000
[201] [M]: 0x80000310 (0x00000013) addi zero, zero, 0


mem[X,0x80000314] -> 0x0013
mem[X,0x80000316] -> 0x0000
[202] [M]: 0x80000314 (0x00000013) addi zero, zero, 0


mem[X,0x80000318] -> 0x0013
mem[X,0x8000031A] -> 0x0000
[203] [M]: 0x80000318 (0x00000013) addi zero, zero, 0


mem[X,0x8000031C] -> 0x0013
mem[X,0x8000031E] -> 0x0000
[204] [M]: 0x8000031C (0x00000013) addi zero, zero, 0


mem[X,0x80000320] -> 0x2D97
mem[X,0x80000322] -> 0x0000
[205] [M]: 0x80000320 (0x00002D97) auipc s11, 2
x27 <- 0x80002320


mem[X,0x80000324] -> 0x8D93
mem[X,0x80000326] -> 0xCE3D
[206] [M]: 0x80000324 (0xCE3D8D93) addi s11, s11, 3299
x27 <- 0x80002003


mem[X,0x80000328] -> 0x0013
mem[X,0x8000032A] -> 0x0000
[207] [M]: 0x80000328 (0x00000013) addi zero, zero, 0


mem[X,0x8000032C] -> 0x0013
mem[X,0x8000032E] -> 0x0000
[208] [M]: 0x8000032C (0x00000013) addi zero, zero, 0


mem[X,0x80000330] -> 0x0013
mem[X,0x80000332] -> 0x0000
[209] [M]: 0x80000330 (0x00000013) addi zero, zero, 0


mem[X,0x80000334] -> 0x0013
mem[X,0x80000336] -> 0x0000
[210] [M]: 0x80000334 (0x00000013) addi zero, zero, 0


mem[X,0x80000338] -> 0x0013
mem[X,0x8000033A] -> 0x0000
[211] [M]: 0x80000338 (0x00000013) addi zero, zero, 0


mem[X,0x8000033C] -> 0x0013
mem[X,0x8000033E] -> 0x0000
[212] [M]: 0x8000033C (0x00000013) addi zero, zero, 0


mem[X,0x80000340] -> 0x9E83
mem[X,0x80000342] -> 0xFFFD
[213] [M]: 0x80000340 (0xFFFD9E83) lh t4, 4095(s11)
mem[R,0x80002002] -> 0xBABE
x29 <- 0xFFFFBABE


mem[X,0x80000344] -> 0x0013
mem[X,0x80000346] -> 0x0000
[214] [M]: 0x80000344 (0x00000013) addi zero, zero, 0


mem[X,0x80000348] -> 0x0013
mem[X,0x8000034A] -> 0x0000
[215] [M]: 0x80000348 (0x00000013) addi zero, zero, 0


mem[X,0x8000034C] -> 0xA023
mem[X,0x8000034E] -> 0x03D1
[216] [M]: 0x8000034C (0x03D1A023) sw t4, 32(gp)
mem[0x80003134] <- 0xFFFFBABE


mem[X,0x80000350] -> 0x0013
mem[X,0x80000352] -> 0x0000
[217] [M]: 0x80000350 (0x00000013) addi zero, zero, 0


mem[X,0x80000354] -> 0x0013
mem[X,0x80000356] -> 0x0000
[218] [M]: 0x80000354 (0x00000013) addi zero, zero, 0


mem[X,0x80000358] -> 0x0013
mem[X,0x8000035A] -> 0x0000
[219] [M]: 0x80000358 (0x00000013) addi zero, zero, 0


mem[X,0x8000035C] -> 0x0013
mem[X,0x8000035E] -> 0x0000
[220] [M]: 0x8000035C (0x00000013) addi zero, zero, 0


mem[X,0x80000360] -> 0x2397
mem[X,0x80000362] -> 0x0000
[221] [M]: 0x80000360 (0x00002397) auipc t2, 2
x7 <- 0x80002360


mem[X,0x80000364] -> 0x8393
mem[X,0x80000366] -> 0x4A03
[222] [M]: 0x80000364 (0x4A038393) addi t2, t2, 1184
x7 <- 0x80002800


mem[X,0x80000368] -> 0x0013
mem[X,0x8000036A] -> 0x0000
[223] [M]: 0x80000368 (0x00000013) addi zero, zero, 0


mem[X,0x8000036C] -> 0x0013
mem[X,0x8000036E] -> 0x0000
[224] [M]: 0x8000036C (0x00000013) addi zero, zero, 0


mem[X,0x80000370] -> 0x0013
mem[X,0x80000372] -> 0x0000
[225] [M]: 0x80000370 (0x00000013) addi zero, zero, 0


mem[X,0x80000374] -> 0x0013
mem[X,0x80000376] -> 0x0000
[226] [M]: 0x80000374 (0x00000013) addi zero, zero, 0


mem[X,0x80000378] -> 0x0013
mem[X,0x8000037A] -> 0x0000
[227] [M]: 0x80000378 (0x00000013) addi zero, zero, 0


mem[X,0x8000037C] -> 0x0013
mem[X,0x8000037E] -> 0x0000
[228] [M]: 0x8000037C (0x00000013) addi zero, zero, 0


mem[X,0x80000380] -> 0x9803
mem[X,0x80000382] -> 0x8003
[229] [M]: 0x80000380 (0x80039803) lh a6, 2048(t2)
mem[R,0x80002000] -> 0xCAFE
x16 <- 0xFFFFCAFE


mem[X,0x80000384] -> 0x0013
mem[X,0x80000386] -> 0x0000
[230] [M]: 0x80000384 (0x00000013) addi zero, zero, 0


mem[X,0x80000388] -> 0x0013
mem[X,0x8000038A] -> 0x0000
[231] [M]: 0x80000388 (0x00000013) addi zero, zero, 0


mem[X,0x8000038C] -> 0xA223
mem[X,0x8000038E] -> 0x0301
[232] [M]: 0x8000038C (0x0301A223) sw a6, 36(gp)
mem[0x80003138] <- 0xFFFFCAFE


mem[X,0x80000390] -> 0x0013
mem[X,0x80000392] -> 0x0000
[233] [M]: 0x80000390 (0x00000013) addi zero, zero, 0


mem[X,0x80000394] -> 0x0013
mem[X,0x80000396] -> 0x0000
[234] [M]: 0x80000394 (0x00000013) addi zero, zero, 0


mem[X,0x80000398] -> 0x0013
mem[X,0x8000039A] -> 0x0000
[235] [M]: 0x80000398 (0x00000013) addi zero, zero, 0


mem[X,0x8000039C] -> 0x0013
mem[X,0x8000039E] -> 0x0000
[236] [M]: 0x8000039C (0x00000013) addi zero, zero, 0


mem[X,0x800003A0] -> 0x2617
mem[X,0x800003A2] -> 0x0000
[237] [M]: 0x800003A0 (0x00002617) auipc a2, 2
x12 <- 0x800023A0


mem[X,0x800003A4] -> 0x0613
mem[X,0x800003A6] -> 0x4606
[238] [M]: 0x800003A4 (0x46060613) addi a2, a2, 1120
x12 <- 0x80002800


mem[X,0x800003A8] -> 0x0013
mem[X,0x800003AA] -> 0x0000
[239] [M]: 0x800003A8 (0x00000013) addi zero, zero, 0


mem[X,0x800003AC] -> 0x0013
mem[X,0x800003AE] -> 0x0000
[240] [M]: 0x800003AC (0x00000013) addi zero, zero, 0


mem[X,0x800003B0] -> 0x0013
mem[X,0x800003B2] -> 0x0000
[241] [M]: 0x800003B0 (0x00000013) addi zero, zero, 0


mem[X,0x800003B4] -> 0x0013
mem[X,0x800003B6] -> 0x0000
[242] [M]: 0x800003B4 (0x00000013) addi zero, zero, 0


mem[X,0x800003B8] -> 0x0013
mem[X,0x800003BA] -> 0x0000
[243] [M]: 0x800003B8 (0x00000013) addi zero, zero, 0


mem[X,0x800003BC] -> 0x0013
mem[X,0x800003BE] -> 0x0000
[244] [M]: 0x800003BC (0x00000013) addi zero, zero, 0


mem[X,0x800003C0] -> 0x1203
mem[X,0x800003C2] -> 0x8006
[245] [M]: 0x800003C0 (0x80061203) lh tp, 2048(a2)
mem[R,0x80002000] -> 0xCAFE
x4 <- 0xFFFFCAFE


mem[X,0x800003C4] -> 0x0013
mem[X,0x800003C6] -> 0x0000
[246] [M]: 0x800003C4 (0x00000013) addi zero, zero, 0


mem[X,0x800003C8] -> 0x0013
mem[X,0x800003CA] -> 0x0000
[247] [M]: 0x800003C8 (0x00000013) addi zero, zero, 0


mem[X,0x800003CC] -> 0xA423
mem[X,0x800003CE] -> 0x0241
[248] [M]: 0x800003CC (0x0241A423) sw tp, 40(gp)
mem[0x8000313C] <- 0xFFFFCAFE


mem[X,0x800003D0] -> 0x0013
mem[X,0x800003D2] -> 0x0000
[249] [M]: 0x800003D0 (0x00000013) addi zero, zero, 0


mem[X,0x800003D4] -> 0x0013
mem[X,0x800003D6] -> 0x0000
[250] [M]: 0x800003D4 (0x00000013) addi zero, zero, 0


mem[X,0x800003D8] -> 0x0013
mem[X,0x800003DA] -> 0x0000
[251] [M]: 0x800003D8 (0x00000013) addi zero, zero, 0


mem[X,0x800003DC] -> 0x0013
mem[X,0x800003DE] -> 0x0000
[252] [M]: 0x800003DC (0x00000013) addi zero, zero, 0


mem[X,0x800003E0] -> 0x2C17
mem[X,0x800003E2] -> 0x0000
[253] [M]: 0x800003E0 (0x00002C17) auipc s8, 2
x24 <- 0x800023E0


mem[X,0x800003E4] -> 0x0C13
mem[X,0x800003E6] -> 0x420C
[254] [M]: 0x800003E4 (0x420C0C13) addi s8, s8, 1056
x24 <- 0x80002800


mem[X,0x800003E8] -> 0x0013
mem[X,0x800003EA] -> 0x0000
[255] [M]: 0x800003E8 (0x00000013) addi zero, zero, 0


mem[X,0x800003EC] -> 0x0013
mem[X,0x800003EE] -> 0x0000
[256] [M]: 0x800003EC (0x00000013) addi zero, zero, 0


mem[X,0x800003F0] -> 0x0013
mem[X,0x800003F2] -> 0x0000
[257] [M]: 0x800003F0 (0x00000013) addi zero, zero, 0


mem[X,0x800003F4] -> 0x0013
mem[X,0x800003F6] -> 0x0000
[258] [M]: 0x800003F4 (0x00000013) addi zero, zero, 0


mem[X,0x800003F8] -> 0x0013
mem[X,0x800003FA] -> 0x0000
[259] [M]: 0x800003F8 (0x00000013) addi zero, zero, 0


mem[X,0x800003FC] -> 0x0013
mem[X,0x800003FE] -> 0x0000
[260] [M]: 0x800003FC (0x00000013) addi zero, zero, 0


mem[X,0x80000400] -> 0x1403
mem[X,0x80000402] -> 0x800C
[261] [M]: 0x80000400 (0x800C1403) lh fp, 2048(s8)
mem[R,0x80002000] -> 0xCAFE
x8 <- 0xFFFFCAFE


mem[X,0x80000404] -> 0x0013
mem[X,0x80000406] -> 0x0000
[262] [M]: 0x80000404 (0x00000013) addi zero, zero, 0


mem[X,0x80000408] -> 0x0013
mem[X,0x8000040A] -> 0x0000
[263] [M]: 0x80000408 (0x00000013) addi zero, zero, 0


mem[X,0x8000040C] -> 0xA623
mem[X,0x8000040E] -> 0x0281
[264] [M]: 0x8000040C (0x0281A623) sw fp, 44(gp)
mem[0x80003140] <- 0xFFFFCAFE


mem[X,0x80000410] -> 0x0013
mem[X,0x80000412] -> 0x0000
[265] [M]: 0x80000410 (0x00000013) addi zero, zero, 0


mem[X,0x80000414] -> 0x0013
mem[X,0x80000416] -> 0x0000
[266] [M]: 0x80000414 (0x00000013) addi zero, zero, 0


mem[X,0x80000418] -> 0x0013
mem[X,0x8000041A] -> 0x0000
[267] [M]: 0x80000418 (0x00000013) addi zero, zero, 0


mem[X,0x8000041C] -> 0x0013
mem[X,0x8000041E] -> 0x0000
[268] [M]: 0x8000041C (0x00000013) addi zero, zero, 0


mem[X,0x80000420] -> 0x2E97
mem[X,0x80000422] -> 0x0000
[269] [M]: 0x80000420 (0x00002E97) auipc t4, 2
x29 <- 0x80002420


mem[X,0x80000424] -> 0x8E93
mem[X,0x80000426] -> 0x3E0E
[270] [M]: 0x80000424 (0x3E0E8E93) addi t4, t4, 992
x29 <- 0x80002800


mem[X,0x80000428] -> 0x0013
mem[X,0x8000042A] -> 0x0000
[271] [M]: 0x80000428 (0x00000013) addi zero, zero, 0


mem[X,0x8000042C] -> 0x0013
mem[X,0x8000042E] -> 0x0000
[272] [M]: 0x8000042C (0x00000013) addi zero, zero, 0


mem[X,0x80000430] -> 0x0013
mem[X,0x80000432] -> 0x0000
[273] [M]: 0x80000430 (0x00000013) addi zero, zero, 0


mem[X,0x80000434] -> 0x0013
mem[X,0x80000436] -> 0x0000
[274] [M]: 0x80000434 (0x00000013) addi zero, zero, 0


mem[X,0x80000438] -> 0x0013
mem[X,0x8000043A] -> 0x0000
[275] [M]: 0x80000438 (0x00000013) addi zero, zero, 0


mem[X,0x8000043C] -> 0x0013
mem[X,0x8000043E] -> 0x0000
[276] [M]: 0x8000043C (0x00000013) addi zero, zero, 0


mem[X,0x80000440] -> 0x9383
mem[X,0x80000442] -> 0x800E
[277] [M]: 0x80000440 (0x800E9383) lh t2, 2048(t4)
mem[R,0x80002000] -> 0xCAFE
x7 <- 0xFFFFCAFE


mem[X,0x80000444] -> 0x0013
mem[X,0x80000446] -> 0x0000
[278] [M]: 0x80000444 (0x00000013) addi zero, zero, 0


mem[X,0x80000448] -> 0x0013
mem[X,0x8000044A] -> 0x0000
[279] [M]: 0x80000448 (0x00000013) addi zero, zero, 0


mem[X,0x8000044C] -> 0xA823
mem[X,0x8000044E] -> 0x0271
[280] [M]: 0x8000044C (0x0271A823) sw t2, 48(gp)
mem[0x80003144] <- 0xFFFFCAFE


mem[X,0x80000450] -> 0x0013
mem[X,0x80000452] -> 0x0000
[281] [M]: 0x80000450 (0x00000013) addi zero, zero, 0


mem[X,0x80000454] -> 0x0013
mem[X,0x80000456] -> 0x0000
[282] [M]: 0x80000454 (0x00000013) addi zero, zero, 0


mem[X,0x80000458] -> 0x0013
mem[X,0x8000045A] -> 0x0000
[283] [M]: 0x80000458 (0x00000013) addi zero, zero, 0


mem[X,0x8000045C] -> 0x0013
mem[X,0x8000045E] -> 0x0000
[284] [M]: 0x8000045C (0x00000013) addi zero, zero, 0


mem[X,0x80000460] -> 0x2297
mem[X,0x80000462] -> 0x0000
[285] [M]: 0x80000460 (0x00002297) auipc t0, 2
x5 <- 0x80002460


mem[X,0x80000464] -> 0x8293
mem[X,0x80000466] -> 0x3A02
[286] [M]: 0x80000464 (0x3A028293) addi t0, t0, 928
x5 <- 0x80002800


mem[X,0x80000468] -> 0x0013
mem[X,0x8000046A] -> 0x0000
[287] [M]: 0x80000468 (0x00000013) addi zero, zero, 0


mem[X,0x8000046C] -> 0x0013
mem[X,0x8000046E] -> 0x0000
[288] [M]: 0x8000046C (0x00000013) addi zero, zero, 0


mem[X,0x80000470] -> 0x0013
mem[X,0x80000472] -> 0x0000
[289] [M]: 0x80000470 (0x00000013) addi zero, zero, 0


mem[X,0x80000474] -> 0x0013
mem[X,0x80000476] -> 0x0000
[290] [M]: 0x80000474 (0x00000013) addi zero, zero, 0


mem[X,0x80000478] -> 0x0013
mem[X,0x8000047A] -> 0x0000
[291] [M]: 0x80000478 (0x00000013) addi zero, zero, 0


mem[X,0x8000047C] -> 0x0013
mem[X,0x8000047E] -> 0x0000
[292] [M]: 0x8000047C (0x00000013) addi zero, zero, 0


mem[X,0x80000480] -> 0x9703
mem[X,0x80000482] -> 0x8002
[293] [M]: 0x80000480 (0x80029703) lh a4, 2048(t0)
mem[R,0x80002000] -> 0xCAFE
x14 <- 0xFFFFCAFE


mem[X,0x80000484] -> 0x0013
mem[X,0x80000486] -> 0x0000
[294] [M]: 0x80000484 (0x00000013) addi zero, zero, 0


mem[X,0x80000488] -> 0x0013
mem[X,0x8000048A] -> 0x0000
[295] [M]: 0x80000488 (0x00000013) addi zero, zero, 0


mem[X,0x8000048C] -> 0xAA23
mem[X,0x8000048E] -> 0x02E1
[296] [M]: 0x8000048C (0x02E1AA23) sw a4, 52(gp)
mem[0x80003148] <- 0xFFFFCAFE


mem[X,0x80000490] -> 0x0013
mem[X,0x80000492] -> 0x0000
[297] [M]: 0x80000490 (0x00000013) addi zero, zero, 0


mem[X,0x80000494] -> 0x0013
mem[X,0x80000496] -> 0x0000
[298] [M]: 0x80000494 (0x00000013) addi zero, zero, 0


mem[X,0x80000498] -> 0x0013
mem[X,0x8000049A] -> 0x0000
[299] [M]: 0x80000498 (0x00000013) addi zero, zero, 0


clint::tick mtime <- 0x0000000000000003
 clint timer pending at mtime 0x0000000000000003
htif::tick 0x0000000000000000
mem[X,0x8000049C] -> 0x0013
mem[X,0x8000049E] -> 0x0000
[300] [M]: 0x8000049C (0x00000013) addi zero, zero, 0


mem[X,0x800004A0] -> 0x2417
mem[X,0x800004A2] -> 0x0000
[301] [M]: 0x800004A0 (0x00002417) auipc fp, 2
x8 <- 0x800024A0


mem[X,0x800004A4] -> 0x0413
mem[X,0x800004A6] -> 0x3604
[302] [M]: 0x800004A4 (0x36040413) addi fp, fp, 864
x8 <- 0x80002800


mem[X,0x800004A8] -> 0x0013
mem[X,0x800004AA] -> 0x0000
[303] [M]: 0x800004A8 (0x00000013) addi zero, zero, 0


mem[X,0x800004AC] -> 0x0013
mem[X,0x800004AE] -> 0x0000
[304] [M]: 0x800004AC (0x00000013) addi zero, zero, 0


mem[X,0x800004B0] -> 0x0013
mem[X,0x800004B2] -> 0x0000
[305] [M]: 0x800004B0 (0x00000013) addi zero, zero, 0


mem[X,0x800004B4] -> 0x0013
mem[X,0x800004B6] -> 0x0000
[306] [M]: 0x800004B4 (0x00000013) addi zero, zero, 0


mem[X,0x800004B8] -> 0x0013
mem[X,0x800004BA] -> 0x0000
[307] [M]: 0x800004B8 (0x00000013) addi zero, zero, 0


mem[X,0x800004BC] -> 0x0013
mem[X,0x800004BE] -> 0x0000
[308] [M]: 0x800004BC (0x00000013) addi zero, zero, 0


mem[X,0x800004C0] -> 0x1A03
mem[X,0x800004C2] -> 0x8004
[309] [M]: 0x800004C0 (0x80041A03) lh s4, 2048(fp)
mem[R,0x80002000] -> 0xCAFE
x20 <- 0xFFFFCAFE


mem[X,0x800004C4] -> 0x0013
mem[X,0x800004C6] -> 0x0000
[310] [M]: 0x800004C4 (0x00000013) addi zero, zero, 0


mem[X,0x800004C8] -> 0x0013
mem[X,0x800004CA] -> 0x0000
[311] [M]: 0x800004C8 (0x00000013) addi zero, zero, 0


mem[X,0x800004CC] -> 0xAC23
mem[X,0x800004CE] -> 0x0341
[312] [M]: 0x800004CC (0x0341AC23) sw s4, 56(gp)
mem[0x8000314C] <- 0xFFFFCAFE


mem[X,0x800004D0] -> 0x0013
mem[X,0x800004D2] -> 0x0000
[313] [M]: 0x800004D0 (0x00000013) addi zero, zero, 0


mem[X,0x800004D4] -> 0x0013
mem[X,0x800004D6] -> 0x0000
[314] [M]: 0x800004D4 (0x00000013) addi zero, zero, 0


mem[X,0x800004D8] -> 0x0013
mem[X,0x800004DA] -> 0x0000
[315] [M]: 0x800004D8 (0x00000013) addi zero, zero, 0


mem[X,0x800004DC] -> 0x0013
mem[X,0x800004DE] -> 0x0000
[316] [M]: 0x800004DC (0x00000013) addi zero, zero, 0


mem[X,0x800004E0] -> 0x2097
mem[X,0x800004E2] -> 0x0000
[317] [M]: 0x800004E0 (0x00002097) auipc ra, 2
x1 <- 0x800024E0


mem[X,0x800004E4] -> 0x8093
mem[X,0x800004E6] -> 0x3200
[318] [M]: 0x800004E4 (0x32008093) addi ra, ra, 800
x1 <- 0x80002800


mem[X,0x800004E8] -> 0x0013
mem[X,0x800004EA] -> 0x0000
[319] [M]: 0x800004E8 (0x00000013) addi zero, zero, 0


mem[X,0x800004EC] -> 0x0013
mem[X,0x800004EE] -> 0x0000
[320] [M]: 0x800004EC (0x00000013) addi zero, zero, 0


mem[X,0x800004F0] -> 0x0013
mem[X,0x800004F2] -> 0x0000
[321] [M]: 0x800004F0 (0x00000013) addi zero, zero, 0


mem[X,0x800004F4] -> 0x0013
mem[X,0x800004F6] -> 0x0000
[322] [M]: 0x800004F4 (0x00000013) addi zero, zero, 0


mem[X,0x800004F8] -> 0x0013
mem[X,0x800004FA] -> 0x0000
[323] [M]: 0x800004F8 (0x00000013) addi zero, zero, 0


mem[X,0x800004FC] -> 0x0013
mem[X,0x800004FE] -> 0x0000
[324] [M]: 0x800004FC (0x00000013) addi zero, zero, 0


mem[X,0x80000500] -> 0x9D83
mem[X,0x80000502] -> 0x8000
[325] [M]: 0x80000500 (0x80009D83) lh s11, 2048(ra)
mem[R,0x80002000] -> 0xCAFE
x27 <- 0xFFFFCAFE


mem[X,0x80000504] -> 0x0013
mem[X,0x80000506] -> 0x0000
[326] [M]: 0x80000504 (0x00000013) addi zero, zero, 0


mem[X,0x80000508] -> 0x0013
mem[X,0x8000050A] -> 0x0000
[327] [M]: 0x80000508 (0x00000013) addi zero, zero, 0


mem[X,0x8000050C] -> 0xAE23
mem[X,0x8000050E] -> 0x03B1
[328] [M]: 0x8000050C (0x03B1AE23) sw s11, 60(gp)
mem[0x80003150] <- 0xFFFFCAFE


mem[X,0x80000510] -> 0x0013
mem[X,0x80000512] -> 0x0000
[329] [M]: 0x80000510 (0x00000013) addi zero, zero, 0


mem[X,0x80000514] -> 0x0013
mem[X,0x80000516] -> 0x0000
[330] [M]: 0x80000514 (0x00000013) addi zero, zero, 0


mem[X,0x80000518] -> 0x0013
mem[X,0x8000051A] -> 0x0000
[331] [M]: 0x80000518 (0x00000013) addi zero, zero, 0


mem[X,0x8000051C] -> 0x0013
mem[X,0x8000051E] -> 0x0000
[332] [M]: 0x8000051C (0x00000013) addi zero, zero, 0


mem[X,0x80000520] -> 0x2697
mem[X,0x80000522] -> 0x0000
[333] [M]: 0x80000520 (0x00002697) auipc a3, 2
x13 <- 0x80002520


mem[X,0x80000524] -> 0x8693
mem[X,0x80000526] -> 0x2E06
[334] [M]: 0x80000524 (0x2E068693) addi a3, a3, 736
x13 <- 0x80002800


mem[X,0x80000528] -> 0x0013
mem[X,0x8000052A] -> 0x0000
[335] [M]: 0x80000528 (0x00000013) addi zero, zero, 0


mem[X,0x8000052C] -> 0x0013
mem[X,0x8000052E] -> 0x0000
[336] [M]: 0x8000052C (0x00000013) addi zero, zero, 0


mem[X,0x80000530] -> 0x0013
mem[X,0x80000532] -> 0x0000
[337] [M]: 0x80000530 (0x00000013) addi zero, zero, 0


mem[X,0x80000534] -> 0x0013
mem[X,0x80000536] -> 0x0000
[338] [M]: 0x80000534 (0x00000013) addi zero, zero, 0


mem[X,0x80000538] -> 0x0013
mem[X,0x8000053A] -> 0x0000
[339] [M]: 0x80000538 (0x00000013) addi zero, zero, 0


mem[X,0x8000053C] -> 0x0013
mem[X,0x8000053E] -> 0x0000
[340] [M]: 0x8000053C (0x00000013) addi zero, zero, 0


mem[X,0x80000540] -> 0x9E03
mem[X,0x80000542] -> 0x8006
[341] [M]: 0x80000540 (0x80069E03) lh t3, 2048(a3)
mem[R,0x80002000] -> 0xCAFE
x28 <- 0xFFFFCAFE


mem[X,0x80000544] -> 0x0013
mem[X,0x80000546] -> 0x0000
[342] [M]: 0x80000544 (0x00000013) addi zero, zero, 0


mem[X,0x80000548] -> 0x0013
mem[X,0x8000054A] -> 0x0000
[343] [M]: 0x80000548 (0x00000013) addi zero, zero, 0


mem[X,0x8000054C] -> 0xA023
mem[X,0x8000054E] -> 0x05C1
[344] [M]: 0x8000054C (0x05C1A023) sw t3, 64(gp)
mem[0x80003154] <- 0xFFFFCAFE


mem[X,0x80000550] -> 0x0013
mem[X,0x80000552] -> 0x0000
[345] [M]: 0x80000550 (0x00000013) addi zero, zero, 0


mem[X,0x80000554] -> 0x0013
mem[X,0x80000556] -> 0x0000
[346] [M]: 0x80000554 (0x00000013) addi zero, zero, 0


mem[X,0x80000558] -> 0x0013
mem[X,0x8000055A] -> 0x0000
[347] [M]: 0x80000558 (0x00000013) addi zero, zero, 0


mem[X,0x8000055C] -> 0x0013
mem[X,0x8000055E] -> 0x0000
[348] [M]: 0x8000055C (0x00000013) addi zero, zero, 0


mem[X,0x80000560] -> 0x2D17
mem[X,0x80000562] -> 0x0000
[349] [M]: 0x80000560 (0x00002D17) auipc s10, 2
x26 <- 0x80002560


mem[X,0x80000564] -> 0x0D13
mem[X,0x80000566] -> 0x2A0D
[350] [M]: 0x80000564 (0x2A0D0D13) addi s10, s10, 672
x26 <- 0x80002800


mem[X,0x80000568] -> 0x0013
mem[X,0x8000056A] -> 0x0000
[351] [M]: 0x80000568 (0x00000013) addi zero, zero, 0


mem[X,0x8000056C] -> 0x0013
mem[X,0x8000056E] -> 0x0000
[352] [M]: 0x8000056C (0x00000013) addi zero, zero, 0


mem[X,0x80000570] -> 0x0013
mem[X,0x80000572] -> 0x0000
[353] [M]: 0x80000570 (0x00000013) addi zero, zero, 0


mem[X,0x80000574] -> 0x0013
mem[X,0x80000576] -> 0x0000
[354] [M]: 0x80000574 (0x00000013) addi zero, zero, 0


mem[X,0x80000578] -> 0x0013
mem[X,0x8000057A] -> 0x0000
[355] [M]: 0x80000578 (0x00000013) addi zero, zero, 0


mem[X,0x8000057C] -> 0x0013
mem[X,0x8000057E] -> 0x0000
[356] [M]: 0x8000057C (0x00000013) addi zero, zero, 0


mem[X,0x80000580] -> 0x1303
mem[X,0x80000582] -> 0x800D
[357] [M]: 0x80000580 (0x800D1303) lh t1, 2048(s10)
mem[R,0x80002000] -> 0xCAFE
x6 <- 0xFFFFCAFE


mem[X,0x80000584] -> 0x0013
mem[X,0x80000586] -> 0x0000
[358] [M]: 0x80000584 (0x00000013) addi zero, zero, 0


mem[X,0x80000588] -> 0x0013
mem[X,0x8000058A] -> 0x0000
[359] [M]: 0x80000588 (0x00000013) addi zero, zero, 0


mem[X,0x8000058C] -> 0xA223
mem[X,0x8000058E] -> 0x0461
[360] [M]: 0x8000058C (0x0461A223) sw t1, 68(gp)
mem[0x80003158] <- 0xFFFFCAFE


mem[X,0x80000590] -> 0x0013
mem[X,0x80000592] -> 0x0000
[361] [M]: 0x80000590 (0x00000013) addi zero, zero, 0


mem[X,0x80000594] -> 0x0013
mem[X,0x80000596] -> 0x0000
[362] [M]: 0x80000594 (0x00000013) addi zero, zero, 0


mem[X,0x80000598] -> 0x0013
mem[X,0x8000059A] -> 0x0000
[363] [M]: 0x80000598 (0x00000013) addi zero, zero, 0


mem[X,0x8000059C] -> 0x0013
mem[X,0x8000059E] -> 0x0000
[364] [M]: 0x8000059C (0x00000013) addi zero, zero, 0


mem[X,0x800005A0] -> 0x2217
mem[X,0x800005A2] -> 0x0000
[365] [M]: 0x800005A0 (0x00002217) auipc tp, 2
x4 <- 0x800025A0


mem[X,0x800005A4] -> 0x0213
mem[X,0x800005A6] -> 0x2602
[366] [M]: 0x800005A4 (0x26020213) addi tp, tp, 608
x4 <- 0x80002800


mem[X,0x800005A8] -> 0x0013
mem[X,0x800005AA] -> 0x0000
[367] [M]: 0x800005A8 (0x00000013) addi zero, zero, 0


mem[X,0x800005AC] -> 0x0013
mem[X,0x800005AE] -> 0x0000
[368] [M]: 0x800005AC (0x00000013) addi zero, zero, 0


mem[X,0x800005B0] -> 0x0013
mem[X,0x800005B2] -> 0x0000
[369] [M]: 0x800005B0 (0x00000013) addi zero, zero, 0


mem[X,0x800005B4] -> 0x0013
mem[X,0x800005B6] -> 0x0000
[370] [M]: 0x800005B4 (0x00000013) addi zero, zero, 0


mem[X,0x800005B8] -> 0x0013
mem[X,0x800005BA] -> 0x0000
[371] [M]: 0x800005B8 (0x00000013) addi zero, zero, 0


mem[X,0x800005BC] -> 0x0013
mem[X,0x800005BE] -> 0x0000
[372] [M]: 0x800005BC (0x00000013) addi zero, zero, 0


mem[X,0x800005C0] -> 0x1103
mem[X,0x800005C2] -> 0x8002
[373] [M]: 0x800005C0 (0x80021103) lh sp, 2048(tp)
mem[R,0x80002000] -> 0xCAFE
x2 <- 0xFFFFCAFE


mem[X,0x800005C4] -> 0x0013
mem[X,0x800005C6] -> 0x0000
[374] [M]: 0x800005C4 (0x00000013) addi zero, zero, 0


mem[X,0x800005C8] -> 0x0013
mem[X,0x800005CA] -> 0x0000
[375] [M]: 0x800005C8 (0x00000013) addi zero, zero, 0


mem[X,0x800005CC] -> 0xA423
mem[X,0x800005CE] -> 0x0421
[376] [M]: 0x800005CC (0x0421A423) sw sp, 72(gp)
mem[0x8000315C] <- 0xFFFFCAFE


mem[X,0x800005D0] -> 0x0013
mem[X,0x800005D2] -> 0x0000
[377] [M]: 0x800005D0 (0x00000013) addi zero, zero, 0


mem[X,0x800005D4] -> 0x0013
mem[X,0x800005D6] -> 0x0000
[378] [M]: 0x800005D4 (0x00000013) addi zero, zero, 0


mem[X,0x800005D8] -> 0x0013
mem[X,0x800005DA] -> 0x0000
[379] [M]: 0x800005D8 (0x00000013) addi zero, zero, 0


mem[X,0x800005DC] -> 0x0013
mem[X,0x800005DE] -> 0x0000
[380] [M]: 0x800005DC (0x00000013) addi zero, zero, 0


mem[X,0x800005E0] -> 0x2B97
mem[X,0x800005E2] -> 0x0000
[381] [M]: 0x800005E0 (0x00002B97) auipc s7, 2
x23 <- 0x800025E0


mem[X,0x800005E4] -> 0x8B93
mem[X,0x800005E6] -> 0x220B
[382] [M]: 0x800005E4 (0x220B8B93) addi s7, s7, 544
x23 <- 0x80002800


mem[X,0x800005E8] -> 0x0013
mem[X,0x800005EA] -> 0x0000
[383] [M]: 0x800005E8 (0x00000013) addi zero, zero, 0


mem[X,0x800005EC] -> 0x0013
mem[X,0x800005EE] -> 0x0000
[384] [M]: 0x800005EC (0x00000013) addi zero, zero, 0


mem[X,0x800005F0] -> 0x0013
mem[X,0x800005F2] -> 0x0000
[385] [M]: 0x800005F0 (0x00000013) addi zero, zero, 0


mem[X,0x800005F4] -> 0x0013
mem[X,0x800005F6] -> 0x0000
[386] [M]: 0x800005F4 (0x00000013) addi zero, zero, 0


mem[X,0x800005F8] -> 0x0013
mem[X,0x800005FA] -> 0x0000
[387] [M]: 0x800005F8 (0x00000013) addi zero, zero, 0


mem[X,0x800005FC] -> 0x0013
mem[X,0x800005FE] -> 0x0000
[388] [M]: 0x800005FC (0x00000013) addi zero, zero, 0


mem[X,0x80000600] -> 0x9A83
mem[X,0x80000602] -> 0x800B
[389] [M]: 0x80000600 (0x800B9A83) lh s5, 2048(s7)
mem[R,0x80002000] -> 0xCAFE
x21 <- 0xFFFFCAFE


mem[X,0x80000604] -> 0x0013
mem[X,0x80000606] -> 0x0000
[390] [M]: 0x80000604 (0x00000013) addi zero, zero, 0


mem[X,0x80000608] -> 0x0013
mem[X,0x8000060A] -> 0x0000
[391] [M]: 0x80000608 (0x00000013) addi zero, zero, 0


mem[X,0x8000060C] -> 0xA623
mem[X,0x8000060E] -> 0x0551
[392] [M]: 0x8000060C (0x0551A623) sw s5, 76(gp)
mem[0x80003160] <- 0xFFFFCAFE


mem[X,0x80000610] -> 0x0013
mem[X,0x80000612] -> 0x0000
[393] [M]: 0x80000610 (0x00000013) addi zero, zero, 0


mem[X,0x80000614] -> 0x0013
mem[X,0x80000616] -> 0x0000
[394] [M]: 0x80000614 (0x00000013) addi zero, zero, 0


mem[X,0x80000618] -> 0x0013
mem[X,0x8000061A] -> 0x0000
[395] [M]: 0x80000618 (0x00000013) addi zero, zero, 0


mem[X,0x8000061C] -> 0x0013
mem[X,0x8000061E] -> 0x0000
[396] [M]: 0x8000061C (0x00000013) addi zero, zero, 0


mem[X,0x80000620] -> 0x2117
mem[X,0x80000622] -> 0x0000
[397] [M]: 0x80000620 (0x00002117) auipc sp, 2
x2 <- 0x80002620


mem[X,0x80000624] -> 0x0113
mem[X,0x80000626] -> 0x1E01
[398] [M]: 0x80000624 (0x1E010113) addi sp, sp, 480
x2 <- 0x80002800


mem[X,0x80000628] -> 0x0013
mem[X,0x8000062A] -> 0x0000
[399] [M]: 0x80000628 (0x00000013) addi zero, zero, 0


clint::tick mtime <- 0x0000000000000004
 clint timer pending at mtime 0x0000000000000004
htif::tick 0x0000000000000000
mem[X,0x8000062C] -> 0x0013
mem[X,0x8000062E] -> 0x0000
[400] [M]: 0x8000062C (0x00000013) addi zero, zero, 0


mem[X,0x80000630] -> 0x0013
mem[X,0x80000632] -> 0x0000
[401] [M]: 0x80000630 (0x00000013) addi zero, zero, 0


mem[X,0x80000634] -> 0x0013
mem[X,0x80000636] -> 0x0000
[402] [M]: 0x80000634 (0x00000013) addi zero, zero, 0


mem[X,0x80000638] -> 0x0013
mem[X,0x8000063A] -> 0x0000
[403] [M]: 0x80000638 (0x00000013) addi zero, zero, 0


mem[X,0x8000063C] -> 0x0013
mem[X,0x8000063E] -> 0x0000
[404] [M]: 0x8000063C (0x00000013) addi zero, zero, 0


mem[X,0x80000640] -> 0x1D03
mem[X,0x80000642] -> 0x8001
[405] [M]: 0x80000640 (0x80011D03) lh s10, 2048(sp)
mem[R,0x80002000] -> 0xCAFE
x26 <- 0xFFFFCAFE


mem[X,0x80000644] -> 0x0013
mem[X,0x80000646] -> 0x0000
[406] [M]: 0x80000644 (0x00000013) addi zero, zero, 0


mem[X,0x80000648] -> 0x0013
mem[X,0x8000064A] -> 0x0000
[407] [M]: 0x80000648 (0x00000013) addi zero, zero, 0


mem[X,0x8000064C] -> 0xA823
mem[X,0x8000064E] -> 0x05A1
[408] [M]: 0x8000064C (0x05A1A823) sw s10, 80(gp)
mem[0x80003164] <- 0xFFFFCAFE


mem[X,0x80000650] -> 0x0013
mem[X,0x80000652] -> 0x0000
[409] [M]: 0x80000650 (0x00000013) addi zero, zero, 0


mem[X,0x80000654] -> 0x0013
mem[X,0x80000656] -> 0x0000
[410] [M]: 0x80000654 (0x00000013) addi zero, zero, 0


mem[X,0x80000658] -> 0x0013
mem[X,0x8000065A] -> 0x0000
[411] [M]: 0x80000658 (0x00000013) addi zero, zero, 0


mem[X,0x8000065C] -> 0x0013
mem[X,0x8000065E] -> 0x0000
[412] [M]: 0x8000065C (0x00000013) addi zero, zero, 0


mem[X,0x80000660] -> 0x2C97
mem[X,0x80000662] -> 0x0000
[413] [M]: 0x80000660 (0x00002C97) auipc s9, 2
x25 <- 0x80002660


mem[X,0x80000664] -> 0x8C93
mem[X,0x80000666] -> 0x1A0C
[414] [M]: 0x80000664 (0x1A0C8C93) addi s9, s9, 416
x25 <- 0x80002800


mem[X,0x80000668] -> 0x0013
mem[X,0x8000066A] -> 0x0000
[415] [M]: 0x80000668 (0x00000013) addi zero, zero, 0


mem[X,0x8000066C] -> 0x0013
mem[X,0x8000066E] -> 0x0000
[416] [M]: 0x8000066C (0x00000013) addi zero, zero, 0


mem[X,0x80000670] -> 0x0013
mem[X,0x80000672] -> 0x0000
[417] [M]: 0x80000670 (0x00000013) addi zero, zero, 0


mem[X,0x80000674] -> 0x0013
mem[X,0x80000676] -> 0x0000
[418] [M]: 0x80000674 (0x00000013) addi zero, zero, 0


mem[X,0x80000678] -> 0x0013
mem[X,0x8000067A] -> 0x0000
[419] [M]: 0x80000678 (0x00000013) addi zero, zero, 0


mem[X,0x8000067C] -> 0x0013
mem[X,0x8000067E] -> 0x0000
[420] [M]: 0x8000067C (0x00000013) addi zero, zero, 0


mem[X,0x80000680] -> 0x9483
mem[X,0x80000682] -> 0x800C
[421] [M]: 0x80000680 (0x800C9483) lh s1, 2048(s9)
mem[R,0x80002000] -> 0xCAFE
x9 <- 0xFFFFCAFE


mem[X,0x80000684] -> 0x0013
mem[X,0x80000686] -> 0x0000
[422] [M]: 0x80000684 (0x00000013) addi zero, zero, 0


mem[X,0x80000688] -> 0x0013
mem[X,0x8000068A] -> 0x0000
[423] [M]: 0x80000688 (0x00000013) addi zero, zero, 0


mem[X,0x8000068C] -> 0xAA23
mem[X,0x8000068E] -> 0x0491
[424] [M]: 0x8000068C (0x0491AA23) sw s1, 84(gp)
mem[0x80003168] <- 0xFFFFCAFE


mem[X,0x80000690] -> 0x0013
mem[X,0x80000692] -> 0x0000
[425] [M]: 0x80000690 (0x00000013) addi zero, zero, 0


mem[X,0x80000694] -> 0x0013
mem[X,0x80000696] -> 0x0000
[426] [M]: 0x80000694 (0x00000013) addi zero, zero, 0


mem[X,0x80000698] -> 0x0013
mem[X,0x8000069A] -> 0x0000
[427] [M]: 0x80000698 (0x00000013) addi zero, zero, 0


mem[X,0x8000069C] -> 0x0013
mem[X,0x8000069E] -> 0x0000
[428] [M]: 0x8000069C (0x00000013) addi zero, zero, 0


mem[X,0x800006A0] -> 0x3097
mem[X,0x800006A2] -> 0x0000
[429] [M]: 0x800006A0 (0x00003097) auipc ra, 3
x1 <- 0x800036A0


mem[X,0x800006A4] -> 0x8093
mem[X,0x800006A6] -> 0xACC0
[430] [M]: 0x800006A4 (0xACC08093) addi ra, ra, 2764
x1 <- 0x8000316C


mem[X,0x800006A8] -> 0x0013
mem[X,0x800006AA] -> 0x0000
[431] [M]: 0x800006A8 (0x00000013) addi zero, zero, 0


mem[X,0x800006AC] -> 0x0013
mem[X,0x800006AE] -> 0x0000
[432] [M]: 0x800006AC (0x00000013) addi zero, zero, 0


mem[X,0x800006B0] -> 0x0013
mem[X,0x800006B2] -> 0x0000
[433] [M]: 0x800006B0 (0x00000013) addi zero, zero, 0


mem[X,0x800006B4] -> 0x0013
mem[X,0x800006B6] -> 0x0000
[434] [M]: 0x800006B4 (0x00000013) addi zero, zero, 0


mem[X,0x800006B8] -> 0x0013
mem[X,0x800006BA] -> 0x0000
[435] [M]: 0x800006B8 (0x00000013) addi zero, zero, 0


mem[X,0x800006BC] -> 0x0013
mem[X,0x800006BE] -> 0x0000
[436] [M]: 0x800006BC (0x00000013) addi zero, zero, 0


mem[X,0x800006C0] -> 0x2F17
mem[X,0x800006C2] -> 0x0000
[437] [M]: 0x800006C0 (0x00002F17) auipc t5, 2
x30 <- 0x800026C0


mem[X,0x800006C4] -> 0x0F13
mem[X,0x800006C6] -> 0x140F
[438] [M]: 0x800006C4 (0x140F0F13) addi t5, t5, 320
x30 <- 0x80002800


mem[X,0x800006C8] -> 0x0013
mem[X,0x800006CA] -> 0x0000
[439] [M]: 0x800006C8 (0x00000013) addi zero, zero, 0


mem[X,0x800006CC] -> 0x0013
mem[X,0x800006CE] -> 0x0000
[440] [M]: 0x800006CC (0x00000013) addi zero, zero, 0


mem[X,0x800006D0] -> 0x0013
mem[X,0x800006D2] -> 0x0000
[441] [M]: 0x800006D0 (0x00000013) addi zero, zero, 0


mem[X,0x800006D4] -> 0x0013
mem[X,0x800006D6] -> 0x0000
[442] [M]: 0x800006D4 (0x00000013) addi zero, zero, 0


mem[X,0x800006D8] -> 0x0013
mem[X,0x800006DA] -> 0x0000
[443] [M]: 0x800006D8 (0x00000013) addi zero, zero, 0


mem[X,0x800006DC] -> 0x0013
mem[X,0x800006DE] -> 0x0000
[444] [M]: 0x800006DC (0x00000013) addi zero, zero, 0


mem[X,0x800006E0] -> 0x1903
mem[X,0x800006E2] -> 0x800F
[445] [M]: 0x800006E0 (0x800F1903) lh s2, 2048(t5)
mem[R,0x80002000] -> 0xCAFE
x18 <- 0xFFFFCAFE


mem[X,0x800006E4] -> 0x0013
mem[X,0x800006E6] -> 0x0000
[446] [M]: 0x800006E4 (0x00000013) addi zero, zero, 0


mem[X,0x800006E8] -> 0x0013
mem[X,0x800006EA] -> 0x0000
[447] [M]: 0x800006E8 (0x00000013) addi zero, zero, 0


mem[X,0x800006EC] -> 0xA023
mem[X,0x800006EE] -> 0x0120
[448] [M]: 0x800006EC (0x0120A023) sw s2, 0(ra)
mem[0x8000316C] <- 0xFFFFCAFE


mem[X,0x800006F0] -> 0x0013
mem[X,0x800006F2] -> 0x0000
[449] [M]: 0x800006F0 (0x00000013) addi zero, zero, 0


mem[X,0x800006F4] -> 0x0013
mem[X,0x800006F6] -> 0x0000
[450] [M]: 0x800006F4 (0x00000013) addi zero, zero, 0


mem[X,0x800006F8] -> 0x0013
mem[X,0x800006FA] -> 0x0000
[451] [M]: 0x800006F8 (0x00000013) addi zero, zero, 0


mem[X,0x800006FC] -> 0x0013
mem[X,0x800006FE] -> 0x0000
[452] [M]: 0x800006FC (0x00000013) addi zero, zero, 0


mem[X,0x80000700] -> 0x2517
mem[X,0x80000702] -> 0x0000
[453] [M]: 0x80000700 (0x00002517) auipc a0, 2
x10 <- 0x80002700


mem[X,0x80000704] -> 0x0513
mem[X,0x80000706] -> 0x1005
[454] [M]: 0x80000704 (0x10050513) addi a0, a0, 256
x10 <- 0x80002800


mem[X,0x80000708] -> 0x0013
mem[X,0x8000070A] -> 0x0000
[455] [M]: 0x80000708 (0x00000013) addi zero, zero, 0


mem[X,0x8000070C] -> 0x0013
mem[X,0x8000070E] -> 0x0000
[456] [M]: 0x8000070C (0x00000013) addi zero, zero, 0


mem[X,0x80000710] -> 0x0013
mem[X,0x80000712] -> 0x0000
[457] [M]: 0x80000710 (0x00000013) addi zero, zero, 0


mem[X,0x80000714] -> 0x0013
mem[X,0x80000716] -> 0x0000
[458] [M]: 0x80000714 (0x00000013) addi zero, zero, 0


mem[X,0x80000718] -> 0x0013
mem[X,0x8000071A] -> 0x0000
[459] [M]: 0x80000718 (0x00000013) addi zero, zero, 0


mem[X,0x8000071C] -> 0x0013
mem[X,0x8000071E] -> 0x0000
[460] [M]: 0x8000071C (0x00000013) addi zero, zero, 0


mem[X,0x80000720] -> 0x1B03
mem[X,0x80000722] -> 0x8005
[461] [M]: 0x80000720 (0x80051B03) lh s6, 2048(a0)
mem[R,0x80002000] -> 0xCAFE
x22 <- 0xFFFFCAFE


mem[X,0x80000724] -> 0x0013
mem[X,0x80000726] -> 0x0000
[462] [M]: 0x80000724 (0x00000013) addi zero, zero, 0


mem[X,0x80000728] -> 0x0013
mem[X,0x8000072A] -> 0x0000
[463] [M]: 0x80000728 (0x00000013) addi zero, zero, 0


mem[X,0x8000072C] -> 0xA223
mem[X,0x8000072E] -> 0x0160
[464] [M]: 0x8000072C (0x0160A223) sw s6, 4(ra)
mem[0x80003170] <- 0xFFFFCAFE


mem[X,0x80000730] -> 0x0013
mem[X,0x80000732] -> 0x0000
[465] [M]: 0x80000730 (0x00000013) addi zero, zero, 0


mem[X,0x80000734] -> 0x0013
mem[X,0x80000736] -> 0x0000
[466] [M]: 0x80000734 (0x00000013) addi zero, zero, 0


mem[X,0x80000738] -> 0x0013
mem[X,0x8000073A] -> 0x0000
[467] [M]: 0x80000738 (0x00000013) addi zero, zero, 0


mem[X,0x8000073C] -> 0x0013
mem[X,0x8000073E] -> 0x0000
[468] [M]: 0x8000073C (0x00000013) addi zero, zero, 0


mem[X,0x80000740] -> 0x2897
mem[X,0x80000742] -> 0x0000
[469] [M]: 0x80000740 (0x00002897) auipc a7, 2
x17 <- 0x80002740


mem[X,0x80000744] -> 0x8893
mem[X,0x80000746] -> 0x0C08
[470] [M]: 0x80000744 (0x0C088893) addi a7, a7, 192
x17 <- 0x80002800


mem[X,0x80000748] -> 0x0013
mem[X,0x8000074A] -> 0x0000
[471] [M]: 0x80000748 (0x00000013) addi zero, zero, 0


mem[X,0x8000074C] -> 0x0013
mem[X,0x8000074E] -> 0x0000
[472] [M]: 0x8000074C (0x00000013) addi zero, zero, 0


mem[X,0x80000750] -> 0x0013
mem[X,0x80000752] -> 0x0000
[473] [M]: 0x80000750 (0x00000013) addi zero, zero, 0


mem[X,0x80000754] -> 0x0013
mem[X,0x80000756] -> 0x0000
[474] [M]: 0x80000754 (0x00000013) addi zero, zero, 0


mem[X,0x80000758] -> 0x0013
mem[X,0x8000075A] -> 0x0000
[475] [M]: 0x80000758 (0x00000013) addi zero, zero, 0


mem[X,0x8000075C] -> 0x0013
mem[X,0x8000075E] -> 0x0000
[476] [M]: 0x8000075C (0x00000013) addi zero, zero, 0


mem[X,0x80000760] -> 0x9783
mem[X,0x80000762] -> 0x8008
[477] [M]: 0x80000760 (0x80089783) lh a5, 2048(a7)
mem[R,0x80002000] -> 0xCAFE
x15 <- 0xFFFFCAFE


mem[X,0x80000764] -> 0x0013
mem[X,0x80000766] -> 0x0000
[478] [M]: 0x80000764 (0x00000013) addi zero, zero, 0


mem[X,0x80000768] -> 0x0013
mem[X,0x8000076A] -> 0x0000
[479] [M]: 0x80000768 (0x00000013) addi zero, zero, 0


mem[X,0x8000076C] -> 0xA423
mem[X,0x8000076E] -> 0x00F0
[480] [M]: 0x8000076C (0x00F0A423) sw a5, 8(ra)
mem[0x80003174] <- 0xFFFFCAFE


mem[X,0x80000770] -> 0x0013
mem[X,0x80000772] -> 0x0000
[481] [M]: 0x80000770 (0x00000013) addi zero, zero, 0


mem[X,0x80000774] -> 0x0013
mem[X,0x80000776] -> 0x0000
[482] [M]: 0x80000774 (0x00000013) addi zero, zero, 0


mem[X,0x80000778] -> 0x0013
mem[X,0x8000077A] -> 0x0000
[483] [M]: 0x80000778 (0x00000013) addi zero, zero, 0


mem[X,0x8000077C] -> 0x0013
mem[X,0x8000077E] -> 0x0000
[484] [M]: 0x8000077C (0x00000013) addi zero, zero, 0


mem[X,0x80000780] -> 0x2797
mem[X,0x80000782] -> 0x0000
[485] [M]: 0x80000780 (0x00002797) auipc a5, 2
x15 <- 0x80002780


mem[X,0x80000784] -> 0x8793
mem[X,0x80000786] -> 0x0807
[486] [M]: 0x80000784 (0x08078793) addi a5, a5, 128
x15 <- 0x80002800


mem[X,0x80000788] -> 0x0013
mem[X,0x8000078A] -> 0x0000
[487] [M]: 0x80000788 (0x00000013) addi zero, zero, 0


mem[X,0x8000078C] -> 0x0013
mem[X,0x8000078E] -> 0x0000
[488] [M]: 0x8000078C (0x00000013) addi zero, zero, 0


mem[X,0x80000790] -> 0x0013
mem[X,0x80000792] -> 0x0000
[489] [M]: 0x80000790 (0x00000013) addi zero, zero, 0


mem[X,0x80000794] -> 0x0013
mem[X,0x80000796] -> 0x0000
[490] [M]: 0x80000794 (0x00000013) addi zero, zero, 0


mem[X,0x80000798] -> 0x0013
mem[X,0x8000079A] -> 0x0000
[491] [M]: 0x80000798 (0x00000013) addi zero, zero, 0


mem[X,0x8000079C] -> 0x0013
mem[X,0x8000079E] -> 0x0000
[492] [M]: 0x8000079C (0x00000013) addi zero, zero, 0


mem[X,0x800007A0] -> 0x9C03
mem[X,0x800007A2] -> 0x8007
[493] [M]: 0x800007A0 (0x80079C03) lh s8, 2048(a5)
mem[R,0x80002000] -> 0xCAFE
x24 <- 0xFFFFCAFE


mem[X,0x800007A4] -> 0x0013
mem[X,0x800007A6] -> 0x0000
[494] [M]: 0x800007A4 (0x00000013) addi zero, zero, 0


mem[X,0x800007A8] -> 0x0013
mem[X,0x800007AA] -> 0x0000
[495] [M]: 0x800007A8 (0x00000013) addi zero, zero, 0


mem[X,0x800007AC] -> 0xA623
mem[X,0x800007AE] -> 0x0180
[496] [M]: 0x800007AC (0x0180A623) sw s8, 12(ra)
mem[0x80003178] <- 0xFFFFCAFE


mem[X,0x800007B0] -> 0x0013
mem[X,0x800007B2] -> 0x0000
[497] [M]: 0x800007B0 (0x00000013) addi zero, zero, 0


mem[X,0x800007B4] -> 0x0013
mem[X,0x800007B6] -> 0x0000
[498] [M]: 0x800007B4 (0x00000013) addi zero, zero, 0


mem[X,0x800007B8] -> 0x0013
mem[X,0x800007BA] -> 0x0000
[499] [M]: 0x800007B8 (0x00000013) addi zero, zero, 0


clint::tick mtime <- 0x0000000000000005
 clint timer pending at mtime 0x0000000000000005
htif::tick 0x0000000000000000
mem[X,0x800007BC] -> 0x0013
mem[X,0x800007BE] -> 0x0000
[500] [M]: 0x800007BC (0x00000013) addi zero, zero, 0


mem[X,0x800007C0] -> 0x2997
mem[X,0x800007C2] -> 0x0000
[501] [M]: 0x800007C0 (0x00002997) auipc s3, 2
x19 <- 0x800027C0


mem[X,0x800007C4] -> 0x8993
mem[X,0x800007C6] -> 0x0409
[502] [M]: 0x800007C4 (0x04098993) addi s3, s3, 64
x19 <- 0x80002800


mem[X,0x800007C8] -> 0x0013
mem[X,0x800007CA] -> 0x0000
[503] [M]: 0x800007C8 (0x00000013) addi zero, zero, 0


mem[X,0x800007CC] -> 0x0013
mem[X,0x800007CE] -> 0x0000
[504] [M]: 0x800007CC (0x00000013) addi zero, zero, 0


mem[X,0x800007D0] -> 0x0013
mem[X,0x800007D2] -> 0x0000
[505] [M]: 0x800007D0 (0x00000013) addi zero, zero, 0


mem[X,0x800007D4] -> 0x0013
mem[X,0x800007D6] -> 0x0000
[506] [M]: 0x800007D4 (0x00000013) addi zero, zero, 0


mem[X,0x800007D8] -> 0x0013
mem[X,0x800007DA] -> 0x0000
[507] [M]: 0x800007D8 (0x00000013) addi zero, zero, 0


mem[X,0x800007DC] -> 0x0013
mem[X,0x800007DE] -> 0x0000
[508] [M]: 0x800007DC (0x00000013) addi zero, zero, 0


mem[X,0x800007E0] -> 0x9603
mem[X,0x800007E2] -> 0x8009
[509] [M]: 0x800007E0 (0x80099603) lh a2, 2048(s3)
mem[R,0x80002000] -> 0xCAFE
x12 <- 0xFFFFCAFE


mem[X,0x800007E4] -> 0x0013
mem[X,0x800007E6] -> 0x0000
[510] [M]: 0x800007E4 (0x00000013) addi zero, zero, 0


mem[X,0x800007E8] -> 0x0013
mem[X,0x800007EA] -> 0x0000
[511] [M]: 0x800007E8 (0x00000013) addi zero, zero, 0


mem[X,0x800007EC] -> 0xA823
mem[X,0x800007EE] -> 0x00C0
[512] [M]: 0x800007EC (0x00C0A823) sw a2, 16(ra)
mem[0x8000317C] <- 0xFFFFCAFE


mem[X,0x800007F0] -> 0x0013
mem[X,0x800007F2] -> 0x0000
[513] [M]: 0x800007F0 (0x00000013) addi zero, zero, 0


mem[X,0x800007F4] -> 0x0013
mem[X,0x800007F6] -> 0x0000
[514] [M]: 0x800007F4 (0x00000013) addi zero, zero, 0


mem[X,0x800007F8] -> 0x0013
mem[X,0x800007FA] -> 0x0000
[515] [M]: 0x800007F8 (0x00000013) addi zero, zero, 0


mem[X,0x800007FC] -> 0x0013
mem[X,0x800007FE] -> 0x0000
[516] [M]: 0x800007FC (0x00000013) addi zero, zero, 0


mem[X,0x80000800] -> 0x2E17
mem[X,0x80000802] -> 0x0000
[517] [M]: 0x80000800 (0x00002E17) auipc t3, 2
x28 <- 0x80002800


mem[X,0x80000804] -> 0x0E13
mem[X,0x80000806] -> 0x000E
[518] [M]: 0x80000804 (0x000E0E13) addi t3, t3, 0
x28 <- 0x80002800


mem[X,0x80000808] -> 0x0013
mem[X,0x8000080A] -> 0x0000
[519] [M]: 0x80000808 (0x00000013) addi zero, zero, 0


mem[X,0x8000080C] -> 0x0013
mem[X,0x8000080E] -> 0x0000
[520] [M]: 0x8000080C (0x00000013) addi zero, zero, 0


mem[X,0x80000810] -> 0x0013
mem[X,0x80000812] -> 0x0000
[521] [M]: 0x80000810 (0x00000013) addi zero, zero, 0


mem[X,0x80000814] -> 0x0013
mem[X,0x80000816] -> 0x0000
[522] [M]: 0x80000814 (0x00000013) addi zero, zero, 0


mem[X,0x80000818] -> 0x0013
mem[X,0x8000081A] -> 0x0000
[523] [M]: 0x80000818 (0x00000013) addi zero, zero, 0


mem[X,0x8000081C] -> 0x0013
mem[X,0x8000081E] -> 0x0000
[524] [M]: 0x8000081C (0x00000013) addi zero, zero, 0


mem[X,0x80000820] -> 0x1503
mem[X,0x80000822] -> 0x800E
[525] [M]: 0x80000820 (0x800E1503) lh a0, 2048(t3)
mem[R,0x80002000] -> 0xCAFE
x10 <- 0xFFFFCAFE


mem[X,0x80000824] -> 0x0013
mem[X,0x80000826] -> 0x0000
[526] [M]: 0x80000824 (0x00000013) addi zero, zero, 0


mem[X,0x80000828] -> 0x0013
mem[X,0x8000082A] -> 0x0000
[527] [M]: 0x80000828 (0x00000013) addi zero, zero, 0


mem[X,0x8000082C] -> 0xAA23
mem[X,0x8000082E] -> 0x00A0
[528] [M]: 0x8000082C (0x00A0AA23) sw a0, 20(ra)
mem[0x80003180] <- 0xFFFFCAFE


mem[X,0x80000830] -> 0x0013
mem[X,0x80000832] -> 0x0000
[529] [M]: 0x80000830 (0x00000013) addi zero, zero, 0


mem[X,0x80000834] -> 0x0013
mem[X,0x80000836] -> 0x0000
[530] [M]: 0x80000834 (0x00000013) addi zero, zero, 0


mem[X,0x80000838] -> 0x0013
mem[X,0x8000083A] -> 0x0000
[531] [M]: 0x80000838 (0x00000013) addi zero, zero, 0


mem[X,0x8000083C] -> 0x0013
mem[X,0x8000083E] -> 0x0000
[532] [M]: 0x8000083C (0x00000013) addi zero, zero, 0


mem[X,0x80000840] -> 0x2597
mem[X,0x80000842] -> 0x0000
[533] [M]: 0x80000840 (0x00002597) auipc a1, 2
x11 <- 0x80002840


mem[X,0x80000844] -> 0x8593
mem[X,0x80000846] -> 0xFC05
[534] [M]: 0x80000844 (0xFC058593) addi a1, a1, 4032
x11 <- 0x80002800


mem[X,0x80000848] -> 0x0013
mem[X,0x8000084A] -> 0x0000
[535] [M]: 0x80000848 (0x00000013) addi zero, zero, 0


mem[X,0x8000084C] -> 0x0013
mem[X,0x8000084E] -> 0x0000
[536] [M]: 0x8000084C (0x00000013) addi zero, zero, 0


mem[X,0x80000850] -> 0x0013
mem[X,0x80000852] -> 0x0000
[537] [M]: 0x80000850 (0x00000013) addi zero, zero, 0


mem[X,0x80000854] -> 0x0013
mem[X,0x80000856] -> 0x0000
[538] [M]: 0x80000854 (0x00000013) addi zero, zero, 0


mem[X,0x80000858] -> 0x0013
mem[X,0x8000085A] -> 0x0000
[539] [M]: 0x80000858 (0x00000013) addi zero, zero, 0


mem[X,0x8000085C] -> 0x0013
mem[X,0x8000085E] -> 0x0000
[540] [M]: 0x8000085C (0x00000013) addi zero, zero, 0


mem[X,0x80000860] -> 0x9183
mem[X,0x80000862] -> 0x8005
[541] [M]: 0x80000860 (0x80059183) lh gp, 2048(a1)
mem[R,0x80002000] -> 0xCAFE
x3 <- 0xFFFFCAFE


mem[X,0x80000864] -> 0x0013
mem[X,0x80000866] -> 0x0000
[542] [M]: 0x80000864 (0x00000013) addi zero, zero, 0


mem[X,0x80000868] -> 0x0013
mem[X,0x8000086A] -> 0x0000
[543] [M]: 0x80000868 (0x00000013) addi zero, zero, 0


mem[X,0x8000086C] -> 0xAC23
mem[X,0x8000086E] -> 0x0030
[544] [M]: 0x8000086C (0x0030AC23) sw gp, 24(ra)
mem[0x80003184] <- 0xFFFFCAFE


mem[X,0x80000870] -> 0x0013
mem[X,0x80000872] -> 0x0000
[545] [M]: 0x80000870 (0x00000013) addi zero, zero, 0


mem[X,0x80000874] -> 0x0013
mem[X,0x80000876] -> 0x0000
[546] [M]: 0x80000874 (0x00000013) addi zero, zero, 0


mem[X,0x80000878] -> 0x0013
mem[X,0x8000087A] -> 0x0000
[547] [M]: 0x80000878 (0x00000013) addi zero, zero, 0


mem[X,0x8000087C] -> 0x0013
mem[X,0x8000087E] -> 0x0000
[548] [M]: 0x8000087C (0x00000013) addi zero, zero, 0


mem[X,0x80000880] -> 0x2817
mem[X,0x80000882] -> 0x0000
[549] [M]: 0x80000880 (0x00002817) auipc a6, 2
x16 <- 0x80002880


mem[X,0x80000884] -> 0x0813
mem[X,0x80000886] -> 0xF808
[550] [M]: 0x80000884 (0xF8080813) addi a6, a6, 3968
x16 <- 0x80002800


mem[X,0x80000888] -> 0x0013
mem[X,0x8000088A] -> 0x0000
[551] [M]: 0x80000888 (0x00000013) addi zero, zero, 0


mem[X,0x8000088C] -> 0x0013
mem[X,0x8000088E] -> 0x0000
[552] [M]: 0x8000088C (0x00000013) addi zero, zero, 0


mem[X,0x80000890] -> 0x0013
mem[X,0x80000892] -> 0x0000
[553] [M]: 0x80000890 (0x00000013) addi zero, zero, 0


mem[X,0x80000894] -> 0x0013
mem[X,0x80000896] -> 0x0000
[554] [M]: 0x80000894 (0x00000013) addi zero, zero, 0


mem[X,0x80000898] -> 0x0013
mem[X,0x8000089A] -> 0x0000
[555] [M]: 0x80000898 (0x00000013) addi zero, zero, 0


mem[X,0x8000089C] -> 0x0013
mem[X,0x8000089E] -> 0x0000
[556] [M]: 0x8000089C (0x00000013) addi zero, zero, 0


mem[X,0x800008A0] -> 0x1C83
mem[X,0x800008A2] -> 0x8008
[557] [M]: 0x800008A0 (0x80081C83) lh s9, 2048(a6)
mem[R,0x80002000] -> 0xCAFE
x25 <- 0xFFFFCAFE


mem[X,0x800008A4] -> 0x0013
mem[X,0x800008A6] -> 0x0000
[558] [M]: 0x800008A4 (0x00000013) addi zero, zero, 0


mem[X,0x800008A8] -> 0x0013
mem[X,0x800008AA] -> 0x0000
[559] [M]: 0x800008A8 (0x00000013) addi zero, zero, 0


mem[X,0x800008AC] -> 0xAE23
mem[X,0x800008AE] -> 0x0190
[560] [M]: 0x800008AC (0x0190AE23) sw s9, 28(ra)
mem[0x80003188] <- 0xFFFFCAFE


mem[X,0x800008B0] -> 0x0013
mem[X,0x800008B2] -> 0x0000
[561] [M]: 0x800008B0 (0x00000013) addi zero, zero, 0


mem[X,0x800008B4] -> 0x0013
mem[X,0x800008B6] -> 0x0000
[562] [M]: 0x800008B4 (0x00000013) addi zero, zero, 0


mem[X,0x800008B8] -> 0x0013
mem[X,0x800008BA] -> 0x0000
[563] [M]: 0x800008B8 (0x00000013) addi zero, zero, 0


mem[X,0x800008BC] -> 0x0013
mem[X,0x800008BE] -> 0x0000
[564] [M]: 0x800008BC (0x00000013) addi zero, zero, 0


mem[X,0x800008C0] -> 0x2197
mem[X,0x800008C2] -> 0x0000
[565] [M]: 0x800008C0 (0x00002197) auipc gp, 2
x3 <- 0x800028C0


mem[X,0x800008C4] -> 0x8193
mem[X,0x800008C6] -> 0xF401
[566] [M]: 0x800008C4 (0xF4018193) addi gp, gp, 3904
x3 <- 0x80002800


mem[X,0x800008C8] -> 0x0013
mem[X,0x800008CA] -> 0x0000
[567] [M]: 0x800008C8 (0x00000013) addi zero, zero, 0


mem[X,0x800008CC] -> 0x0013
mem[X,0x800008CE] -> 0x0000
[568] [M]: 0x800008CC (0x00000013) addi zero, zero, 0


mem[X,0x800008D0] -> 0x0013
mem[X,0x800008D2] -> 0x0000
[569] [M]: 0x800008D0 (0x00000013) addi zero, zero, 0


mem[X,0x800008D4] -> 0x0013
mem[X,0x800008D6] -> 0x0000
[570] [M]: 0x800008D4 (0x00000013) addi zero, zero, 0


mem[X,0x800008D8] -> 0x0013
mem[X,0x800008DA] -> 0x0000
[571] [M]: 0x800008D8 (0x00000013) addi zero, zero, 0


mem[X,0x800008DC] -> 0x0013
mem[X,0x800008DE] -> 0x0000
[572] [M]: 0x800008DC (0x00000013) addi zero, zero, 0


mem[X,0x800008E0] -> 0x9283
mem[X,0x800008E2] -> 0x8001
[573] [M]: 0x800008E0 (0x80019283) lh t0, 2048(gp)
mem[R,0x80002000] -> 0xCAFE
x5 <- 0xFFFFCAFE


mem[X,0x800008E4] -> 0x0013
mem[X,0x800008E6] -> 0x0000
[574] [M]: 0x800008E4 (0x00000013) addi zero, zero, 0


mem[X,0x800008E8] -> 0x0013
mem[X,0x800008EA] -> 0x0000
[575] [M]: 0x800008E8 (0x00000013) addi zero, zero, 0


mem[X,0x800008EC] -> 0xA023
mem[X,0x800008EE] -> 0x0250
[576] [M]: 0x800008EC (0x0250A023) sw t0, 32(ra)
mem[0x8000318C] <- 0xFFFFCAFE


mem[X,0x800008F0] -> 0x0013
mem[X,0x800008F2] -> 0x0000
[577] [M]: 0x800008F0 (0x00000013) addi zero, zero, 0


mem[X,0x800008F4] -> 0x0013
mem[X,0x800008F6] -> 0x0000
[578] [M]: 0x800008F4 (0x00000013) addi zero, zero, 0


mem[X,0x800008F8] -> 0x0013
mem[X,0x800008FA] -> 0x0000
[579] [M]: 0x800008F8 (0x00000013) addi zero, zero, 0


mem[X,0x800008FC] -> 0x0013
mem[X,0x800008FE] -> 0x0000
[580] [M]: 0x800008FC (0x00000013) addi zero, zero, 0


mem[X,0x80000900] -> 0x2897
mem[X,0x80000902] -> 0x0000
[581] [M]: 0x80000900 (0x00002897) auipc a7, 2
x17 <- 0x80002900


mem[X,0x80000904] -> 0x8893
mem[X,0x80000906] -> 0xF008
[582] [M]: 0x80000904 (0xF0088893) addi a7, a7, 3840
x17 <- 0x80002800


mem[X,0x80000908] -> 0x0013
mem[X,0x8000090A] -> 0x0000
[583] [M]: 0x80000908 (0x00000013) addi zero, zero, 0


mem[X,0x8000090C] -> 0x0013
mem[X,0x8000090E] -> 0x0000
[584] [M]: 0x8000090C (0x00000013) addi zero, zero, 0


mem[X,0x80000910] -> 0x0013
mem[X,0x80000912] -> 0x0000
[585] [M]: 0x80000910 (0x00000013) addi zero, zero, 0


mem[X,0x80000914] -> 0x0013
mem[X,0x80000916] -> 0x0000
[586] [M]: 0x80000914 (0x00000013) addi zero, zero, 0


mem[X,0x80000918] -> 0x0013
mem[X,0x8000091A] -> 0x0000
[587] [M]: 0x80000918 (0x00000013) addi zero, zero, 0


mem[X,0x8000091C] -> 0x0013
mem[X,0x8000091E] -> 0x0000
[588] [M]: 0x8000091C (0x00000013) addi zero, zero, 0


mem[X,0x80000920] -> 0x9003
mem[X,0x80000922] -> 0x8008
[589] [M]: 0x80000920 (0x80089003) lh zero, 2048(a7)
mem[R,0x80002000] -> 0xCAFE


mem[X,0x80000924] -> 0x0013
mem[X,0x80000926] -> 0x0000
[590] [M]: 0x80000924 (0x00000013) addi zero, zero, 0


mem[X,0x80000928] -> 0x0013
mem[X,0x8000092A] -> 0x0000
[591] [M]: 0x80000928 (0x00000013) addi zero, zero, 0


mem[X,0x8000092C] -> 0xA223
mem[X,0x8000092E] -> 0x0200
[592] [M]: 0x8000092C (0x0200A223) sw zero, 36(ra)
mem[0x80003190] <- 0x00000000


mem[X,0x80000930] -> 0x006F
mem[X,0x80000932] -> 0x0200
[593] [M]: 0x80000930 (0x0200006F) jal zero, 32


mem[X,0x80000950] -> 0x0093
mem[X,0x80000952] -> 0x0010
[594] [M]: 0x80000950 (0x00100093) addi ra, zero, 1
x1 <- 0x00000001


mem[X,0x80000954] -> 0x0F17
mem[X,0x80000956] -> 0x0000
[595] [M]: 0x80000954 (0x00000F17) auipc t5, 0
x30 <- 0x80000954


mem[X,0x80000958] -> 0x2623
mem[X,0x8000095A] -> 0x6A1F
[596] [M]: 0x80000958 (0x6A1F2623) sw ra, 1708(t5)
htif[0x80001000] <- 0x00000001


mem[X,0x8000095C] -> 0xF06F
mem[X,0x8000095E] -> 0xFF9F
[597] [M]: 0x8000095C (0xFF9FF06F) jal zero, 2097144


mem[X,0x80000954] -> 0x0F17
mem[X,0x80000956] -> 0x0000
[598] [M]: 0x80000954 (0x00000F17) auipc t5, 0
x30 <- 0x80000954


mem[X,0x80000958] -> 0x2623
mem[X,0x8000095A] -> 0x6A1F
[599] [M]: 0x80000958 (0x6A1F2623) sw ra, 1708(t5)
htif[0x80001000] <- 0x00000001


clint::tick mtime <- 0x0000000000000006
 clint timer pending at mtime 0x0000000000000006
htif::tick 0x0000000000000001
mem[X,0x8000095C] -> 0xF06F
mem[X,0x8000095E] -> 0xFF9F
[600] [M]: 0x8000095C (0xFF9FF06F) jal zero, 2097144


mem[X,0x80000954] -> 0x0F17
mem[X,0x80000956] -> 0x0000
[601] [M]: 0x80000954 (0x00000F17) auipc t5, 0
x30 <- 0x80000954


mem[X,0x80000958] -> 0x2623
mem[X,0x8000095A] -> 0x6A1F
[602] [M]: 0x80000958 (0x6A1F2623) sw ra, 1708(t5)
htif[0x80001000] <- 0x00000001
htif-syscall-proxy cmd: 0x000000000001

SUCCESS
