using /home/abdul_waheed/github_files/UET-Pcore-with-c-ext/verif/riscof_work/I/src/bltu-01.S/ref/Reference-sail_c_simulator.signature for test-signature output.
[Sail] Allocating new block 0x80000000
tohost located at 0x8004a000
[Sail] Allocating new block 0x0

Running file ref.elf.
ELF Entry @ 0x80000000
begin_signature: 0x8004c110
end_signature: 0x8004cc70
CSR mstatus <- 0x00000000 (input: 0x00000000)
mem[X,0x00001000] -> 0x0297
mem[X,0x00001002] -> 0x0000
[0] [M]: 0x00001000 (0x00000297) auipc t0, 0
x5 <- 0x00001000


mem[X,0x00001004] -> 0x8593
mem[X,0x00001006] -> 0x0202
[1] [M]: 0x00001004 (0x02028593) addi a1, t0, 32
x11 <- 0x00001020


mem[X,0x00001008] -> 0x2573
mem[X,0x0000100A] -> 0xF140
[2] [M]: 0x00001008 (0xF1402573) csrrs a0, mhartid, zero
CSR mhartid -> 0x00000000
x10 <- 0x00000000


mem[X,0x0000100C] -> 0xA283
mem[X,0x0000100E] -> 0x0182
[3] [M]: 0x0000100C (0x0182A283) lw t0, 24(t0)
mem[R,0x00001018] -> 0x80000000
x5 <- 0x80000000


mem[X,0x00001010] -> 0x8067
mem[X,0x00001012] -> 0x0002
[4] [M]: 0x00001010 (0x00028067) jalr zero, t0, 0


mem[X,0x80000000] -> 0xC0B7
mem[X,0x80000002] -> 0xFEED
[5] [M]: 0x80000000 (0xFEEDC0B7) lui ra, 1044188
x1 <- 0xFEEDC000


mem[X,0x80000004] -> 0x8093
mem[X,0x80000006] -> 0xEAD0
[6] [M]: 0x80000004 (0xEAD08093) addi ra, ra, 3757
x1 <- 0xFEEDBEAD


mem[X,0x80000008] -> 0xE137
mem[X,0x8000000A] -> 0xFF76
[7] [M]: 0x80000008 (0xFF76E137) lui sp, 1046382
x2 <- 0xFF76E000


mem[X,0x8000000C] -> 0x0113
mem[X,0x8000000E] -> 0xF561
[8] [M]: 0x8000000C (0xF5610113) addi sp, sp, 3926
x2 <- 0xFF76DF56


mem[X,0x80000010] -> 0x71B7
mem[X,0x80000012] -> 0x7FBB
[9] [M]: 0x80000010 (0x7FBB71B7) lui gp, 523191
x3 <- 0x7FBB7000


mem[X,0x80000014] -> 0x8193
mem[X,0x80000016] -> 0xFAB1
[10] [M]: 0x80000014 (0xFAB18193) addi gp, gp, 4011
x3 <- 0x7FBB6FAB


mem[X,0x80000018] -> 0xB237
mem[X,0x8000001A] -> 0xBFDD
[11] [M]: 0x80000018 (0xBFDDB237) lui tp, 785883
x4 <- 0xBFDDB000


mem[X,0x8000001C] -> 0x0213
mem[X,0x8000001E] -> 0x7D52
[12] [M]: 0x8000001C (0x7D520213) addi tp, tp, 2005
x4 <- 0xBFDDB7D5


mem[X,0x80000020] -> 0xE2B7
mem[X,0x80000022] -> 0xDFEE
[13] [M]: 0x80000020 (0xDFEEE2B7) lui t0, 917230
x5 <- 0xDFEEE000


mem[X,0x80000024] -> 0x8293
mem[X,0x80000026] -> 0xBEA2
[14] [M]: 0x80000024 (0xBEA28293) addi t0, t0, 3050
x5 <- 0xDFEEDBEA


mem[X,0x80000028] -> 0x7337
mem[X,0x8000002A] -> 0x6FF7
[15] [M]: 0x80000028 (0x6FF77337) lui t1, 458615
x6 <- 0x6FF77000


mem[X,0x8000002C] -> 0x0313
mem[X,0x8000002E] -> 0xDF53
[16] [M]: 0x8000002C (0xDF530313) addi t1, t1, 3573
x6 <- 0x6FF76DF5


mem[X,0x80000030] -> 0xB3B7
mem[X,0x80000032] -> 0xB7FB
[17] [M]: 0x80000030 (0xB7FBB3B7) lui t2, 753595
x7 <- 0xB7FBB000


mem[X,0x80000034] -> 0x8393
mem[X,0x80000036] -> 0x6FA3
[18] [M]: 0x80000034 (0x6FA38393) addi t2, t2, 1786
x7 <- 0xB7FBB6FA


mem[X,0x80000038] -> 0xE437
mem[X,0x8000003A] -> 0x5BFD
[19] [M]: 0x80000038 (0x5BFDE437) lui fp, 376798
x8 <- 0x5BFDE000


mem[X,0x8000003C] -> 0x0413
mem[X,0x8000003E] -> 0xB7D4
[20] [M]: 0x8000003C (0xB7D40413) addi fp, fp, 2941
x8 <- 0x5BFDDB7D


mem[X,0x80000040] -> 0xF4B7
mem[X,0x80000042] -> 0xADFE
[21] [M]: 0x80000040 (0xADFEF4B7) lui s1, 712687
x9 <- 0xADFEF000


mem[X,0x80000044] -> 0x8493
mem[X,0x80000046] -> 0xDBE4
[22] [M]: 0x80000044 (0xDBE48493) addi s1, s1, 3518
x9 <- 0xADFEEDBE


mem[X,0x80000048] -> 0x7537
mem[X,0x8000004A] -> 0x56FF
[23] [M]: 0x80000048 (0x56FF7537) lui a0, 356343
x10 <- 0x56FF7000


mem[X,0x8000004C] -> 0x0513
mem[X,0x8000004E] -> 0x6DF5
[24] [M]: 0x8000004C (0x6DF50513) addi a0, a0, 1759
x10 <- 0x56FF76DF


mem[X,0x80000050] -> 0xC5B7
mem[X,0x80000052] -> 0xAB7F
[25] [M]: 0x80000050 (0xAB7FC5B7) lui a1, 702460
x11 <- 0xAB7FC000


mem[X,0x80000054] -> 0x8593
mem[X,0x80000056] -> 0xB6F5
[26] [M]: 0x80000054 (0xB6F58593) addi a1, a1, 2927
x11 <- 0xAB7FBB6F


mem[X,0x80000058] -> 0xE637
mem[X,0x8000005A] -> 0xD5BF
[27] [M]: 0x80000058 (0xD5BFE637) lui a2, 875518
x12 <- 0xD5BFE000


mem[X,0x8000005C] -> 0x0613
mem[X,0x8000005E] -> 0xDB76
[28] [M]: 0x8000005C (0xDB760613) addi a2, a2, 3511
x12 <- 0xD5BFDDB7


mem[X,0x80000060] -> 0xF6B7
mem[X,0x80000062] -> 0xEADF
[29] [M]: 0x80000060 (0xEADFF6B7) lui a3, 962047
x13 <- 0xEADFF000


mem[X,0x80000064] -> 0x8693
mem[X,0x80000066] -> 0xEDB6
[30] [M]: 0x80000064 (0xEDB68693) addi a3, a3, 3803
x13 <- 0xEADFEEDB


mem[X,0x80000068] -> 0xF737
mem[X,0x8000006A] -> 0xF56F
[31] [M]: 0x80000068 (0xF56FF737) lui a4, 1005311
x14 <- 0xF56FF000


mem[X,0x8000006C] -> 0x0713
mem[X,0x8000006E] -> 0x76D7
[32] [M]: 0x8000006C (0x76D70713) addi a4, a4, 1901
x14 <- 0xF56FF76D


mem[X,0x80000070] -> 0x07B7
mem[X,0x80000072] -> 0xFAB8
[33] [M]: 0x80000070 (0xFAB807B7) lui a5, 1026944
x15 <- 0xFAB80000


mem[X,0x80000074] -> 0x8793
mem[X,0x80000076] -> 0xBB67
[34] [M]: 0x80000074 (0xBB678793) addi a5, a5, 2998
x15 <- 0xFAB7FBB6


mem[X,0x80000078] -> 0x0837
mem[X,0x8000007A] -> 0x7D5C
[35] [M]: 0x80000078 (0x7D5C0837) lui a6, 513472
x16 <- 0x7D5C0000


mem[X,0x8000007C] -> 0x0813
mem[X,0x8000007E] -> 0xDDB8
[36] [M]: 0x8000007C (0xDDB80813) addi a6, a6, 3547
x16 <- 0x7D5BFDDB


mem[X,0x80000080] -> 0x08B7
mem[X,0x80000082] -> 0xBEAE
[37] [M]: 0x80000080 (0xBEAE08B7) lui a7, 781024
x17 <- 0xBEAE0000


mem[X,0x80000084] -> 0x8893
mem[X,0x80000086] -> 0xEED8
[38] [M]: 0x80000084 (0xEED88893) addi a7, a7, 3821
x17 <- 0xBEADFEED


mem[X,0x80000088] -> 0x0937
mem[X,0x8000008A] -> 0xDF57
[39] [M]: 0x80000088 (0xDF570937) lui s2, 914800
x18 <- 0xDF570000


mem[X,0x8000008C] -> 0x0913
mem[X,0x8000008E] -> 0xF769
[40] [M]: 0x8000008C (0xF7690913) addi s2, s2, 3958
x18 <- 0xDF56FF76


mem[X,0x80000090] -> 0x89B7
mem[X,0x80000092] -> 0x6FAB
[41] [M]: 0x80000090 (0x6FAB89B7) lui s3, 457400
x19 <- 0x6FAB8000


mem[X,0x80000094] -> 0x8993
mem[X,0x80000096] -> 0xFBB9
[42] [M]: 0x80000094 (0xFBB98993) addi s3, s3, 4027
x19 <- 0x6FAB7FBB


mem[X,0x80000098] -> 0xCA37
mem[X,0x8000009A] -> 0xB7D5
[43] [M]: 0x80000098 (0xB7D5CA37) lui s4, 752988
x20 <- 0xB7D5C000


mem[X,0x8000009C] -> 0x0A13
mem[X,0x8000009E] -> 0xFDDA
[44] [M]: 0x8000009C (0xFDDA0A13) addi s4, s4, 4061
x20 <- 0xB7D5BFDD


mem[X,0x800000A0] -> 0xEAB7
mem[X,0x800000A2] -> 0xDBEA
[45] [M]: 0x800000A0 (0xDBEAEAB7) lui s5, 900782
x21 <- 0xDBEAE000


mem[X,0x800000A4] -> 0x8A93
mem[X,0x800000A6] -> 0xFEEA
[46] [M]: 0x800000A4 (0xFEEA8A93) addi s5, s5, 4078
x21 <- 0xDBEADFEE


mem[X,0x800000A8] -> 0x7B37
mem[X,0x800000AA] -> 0x6DF5
[47] [M]: 0x800000A8 (0x6DF57B37) lui s6, 450391
x22 <- 0x6DF57000


mem[X,0x800000AC] -> 0x0B13
mem[X,0x800000AE] -> 0xFF7B
[48] [M]: 0x800000AC (0xFF7B0B13) addi s6, s6, 4087
x22 <- 0x6DF56FF7


mem[X,0x800000B0] -> 0xBBB7
mem[X,0x800000B2] -> 0xB6FA
[49] [M]: 0x800000B0 (0xB6FABBB7) lui s7, 749483
x23 <- 0xB6FAB000


mem[X,0x800000B4] -> 0x8B93
mem[X,0x800000B6] -> 0x7FBB
[50] [M]: 0x800000B4 (0x7FBB8B93) addi s7, s7, 2043
x23 <- 0xB6FAB7FB


mem[X,0x800000B8] -> 0x6C37
mem[X,0x800000BA] -> 0xDB7D
[51] [M]: 0x800000B8 (0xDB7D6C37) lui s8, 899030
x24 <- 0xDB7D6000


mem[X,0x800000BC] -> 0x0C13
mem[X,0x800000BE] -> 0xBFDC
[52] [M]: 0x800000BC (0xBFDC0C13) addi s8, s8, 3069
x24 <- 0xDB7D5BFD


mem[X,0x800000C0] -> 0xBCB7
mem[X,0x800000C2] -> 0xEDBE
[53] [M]: 0x800000C0 (0xEDBEBCB7) lui s9, 973803
x25 <- 0xEDBEB000


mem[X,0x800000C4] -> 0x8C93
mem[X,0x800000C6] -> 0xDFEC
[54] [M]: 0x800000C4 (0xDFEC8C93) addi s9, s9, 3582
x25 <- 0xEDBEADFE


mem[X,0x800000C8] -> 0x5D37
mem[X,0x800000CA] -> 0x76DF
[55] [M]: 0x800000C8 (0x76DF5D37) lui s10, 486901
x26 <- 0x76DF5000


mem[X,0x800000CC] -> 0x0D13
mem[X,0x800000CE] -> 0x6FFD
[56] [M]: 0x800000CC (0x6FFD0D13) addi s10, s10, 1791
x26 <- 0x76DF56FF


mem[X,0x800000D0] -> 0xBDB7
mem[X,0x800000D2] -> 0xBB6F
[57] [M]: 0x800000D0 (0xBB6FBDB7) lui s11, 767739
x27 <- 0xBB6FB000


mem[X,0x800000D4] -> 0x8D93
mem[X,0x800000D6] -> 0xB7FD
[58] [M]: 0x800000D4 (0xB7FD8D93) addi s11, s11, 2943
x27 <- 0xBB6FAB7F


mem[X,0x800000D8] -> 0xDE37
mem[X,0x800000DA] -> 0xDDB7
[59] [M]: 0x800000D8 (0xDDB7DE37) lui t3, 908157
x28 <- 0xDDB7D000


mem[X,0x800000DC] -> 0x0E13
mem[X,0x800000DE] -> 0x5BFE
[60] [M]: 0x800000DC (0x5BFE0E13) addi t3, t3, 1471
x28 <- 0xDDB7D5BF


mem[X,0x800000E0] -> 0xFEB7
mem[X,0x800000E2] -> 0xEEDB
[61] [M]: 0x800000E0 (0xEEDBFEB7) lui t4, 978367
x29 <- 0xEEDBF000


mem[X,0x800000E4] -> 0x8E93
mem[X,0x800000E6] -> 0xADFE
[62] [M]: 0x800000E4 (0xADFE8E93) addi t4, t4, 2783
x29 <- 0xEEDBEADF


mem[X,0x800000E8] -> 0xFF37
mem[X,0x800000EA] -> 0xF76D
[63] [M]: 0x800000E8 (0xF76DFF37) lui t5, 1013471
x30 <- 0xF76DF000


mem[X,0x800000EC] -> 0x0F13
mem[X,0x800000EE] -> 0x56FF
[64] [M]: 0x800000EC (0x56FF0F13) addi t5, t5, 1391
x30 <- 0xF76DF56F


mem[X,0x800000F0] -> 0x0FB7
mem[X,0x800000F2] -> 0xFBB7
[65] [M]: 0x800000F0 (0xFBB70FB7) lui t6, 1031024
x31 <- 0xFBB70000


mem[X,0x800000F4] -> 0x8F93
mem[X,0x800000F6] -> 0xAB7F
[66] [M]: 0x800000F4 (0xAB7F8F93) addi t6, t6, 2743
x31 <- 0xFBB6FAB7


mem[X,0x800000F8] -> 0x0013
mem[X,0x800000FA] -> 0x0000
[67] [M]: 0x800000F8 (0x00000013) addi zero, zero, 0


mem[X,0x800000FC] -> 0x0013
mem[X,0x800000FE] -> 0x0000
[68] [M]: 0x800000FC (0x00000013) addi zero, zero, 0


mem[X,0x80000100] -> 0xC597
mem[X,0x80000102] -> 0x0004
[69] [M]: 0x80000100 (0x0004C597) auipc a1, 76
x11 <- 0x8004C100


mem[X,0x80000104] -> 0x8593
mem[X,0x80000106] -> 0x0145
[70] [M]: 0x80000104 (0x01458593) addi a1, a1, 20
x11 <- 0x8004C114


mem[X,0x80000108] -> 0x0013
mem[X,0x8000010A] -> 0x0000
[71] [M]: 0x80000108 (0x00000013) addi zero, zero, 0


mem[X,0x8000010C] -> 0x0013
mem[X,0x8000010E] -> 0x0000
[72] [M]: 0x8000010C (0x00000013) addi zero, zero, 0


mem[X,0x80000110] -> 0x0013
mem[X,0x80000112] -> 0x0000
[73] [M]: 0x80000110 (0x00000013) addi zero, zero, 0


mem[X,0x80000114] -> 0x0013
mem[X,0x80000116] -> 0x0000
[74] [M]: 0x80000114 (0x00000013) addi zero, zero, 0


mem[X,0x80000118] -> 0x0013
mem[X,0x8000011A] -> 0x0000
[75] [M]: 0x80000118 (0x00000013) addi zero, zero, 0


mem[X,0x8000011C] -> 0x0013
mem[X,0x8000011E] -> 0x0000
[76] [M]: 0x8000011C (0x00000013) addi zero, zero, 0


mem[X,0x80000120] -> 0x08B7
mem[X,0x80000122] -> 0x2000
[77] [M]: 0x80000120 (0x200008B7) lui a7, 131072
x17 <- 0x20000000


mem[X,0x80000124] -> 0x08B7
mem[X,0x80000126] -> 0x2000
[78] [M]: 0x80000124 (0x200008B7) lui a7, 131072
x17 <- 0x20000000


mem[X,0x80000128] -> 0x0113
mem[X,0x8000012A] -> 0x0000
[79] [M]: 0x80000128 (0x00000113) addi sp, zero, 0
x2 <- 0x00000000


mem[X,0x8000012C] -> 0x006F
mem[X,0x8000012E] -> 0x2B10
[80] [M]: 0x8000012C (0x2B10006F) jal zero, 2736


mem[X,0x80000BDC] -> 0xEA63
mem[X,0x80000BDE] -> 0xD518
[81] [M]: 0x80000BDC (0xD518EA63) bltu a7, a7, 5460


mem[X,0x80000BE0] -> 0x0113
mem[X,0x80000BE2] -> 0x0021
[82] [M]: 0x80000BE0 (0x00210113) addi sp, sp, 2
x2 <- 0x00000002


mem[X,0x80000BE4] -> 0x006F
mem[X,0x80000BE6] -> 0x00C0
[83] [M]: 0x80000BE4 (0x00C0006F) jal zero, 12


mem[X,0x80000BF0] -> 0xA023
mem[X,0x80000BF2] -> 0x0025
[84] [M]: 0x80000BF0 (0x0025A023) sw sp, 0(a1)
mem[0x8004C114] <- 0x00000002


mem[X,0x80000BF4] -> 0x0437
mem[X,0x80000BF6] -> 0xFF80
[85] [M]: 0x80000BF4 (0xFF800437) lui fp, 1046528
x8 <- 0xFF800000


mem[X,0x80000BF8] -> 0x0413
mem[X,0x80000BFA] -> 0xFFF4
[86] [M]: 0x80000BF8 (0xFFF40413) addi fp, fp, 4095
x8 <- 0xFF7FFFFF


mem[X,0x80000BFC] -> 0x0A37
mem[X,0x80000BFE] -> 0xFF80
[87] [M]: 0x80000BFC (0xFF800A37) lui s4, 1046528
x20 <- 0xFF800000


mem[X,0x80000C00] -> 0x0A13
mem[X,0x80000C02] -> 0xFFFA
[88] [M]: 0x80000C00 (0xFFFA0A13) addi s4, s4, 4095
x20 <- 0xFF7FFFFF


mem[X,0x80000C04] -> 0x0113
mem[X,0x80000C06] -> 0x0000
[89] [M]: 0x80000C04 (0x00000113) addi sp, zero, 0
x2 <- 0x00000000


mem[X,0x80000C08] -> 0x006F
mem[X,0x80000C0A] -> 0x00C0
[90] [M]: 0x80000C08 (0x00C0006F) jal zero, 12


mem[X,0x80000C14] -> 0x6663
mem[X,0x80000C16] -> 0x0144
[91] [M]: 0x80000C14 (0x01446663) bltu fp, s4, 12


mem[X,0x80000C18] -> 0x0113
mem[X,0x80000C1A] -> 0x0021
[92] [M]: 0x80000C18 (0x00210113) addi sp, sp, 2
x2 <- 0x00000002


mem[X,0x80000C1C] -> 0x006F
mem[X,0x80000C1E] -> 0x00C0
[93] [M]: 0x80000C1C (0x00C0006F) jal zero, 12


mem[X,0x80000C28] -> 0xA223
mem[X,0x80000C2A] -> 0x0025
[94] [M]: 0x80000C28 (0x0025A223) sw sp, 4(a1)
mem[0x8004C118] <- 0x00000002


mem[X,0x80000C2C] -> 0x0AB7
mem[X,0x80000C2E] -> 0x8000
[95] [M]: 0x80000C2C (0x80000AB7) lui s5, 524288
x21 <- 0x80000000


mem[X,0x80000C30] -> 0x8A93
mem[X,0x80000C32] -> 0xFFFA
[96] [M]: 0x80000C30 (0xFFFA8A93) addi s5, s5, 4095
x21 <- 0x7FFFFFFF


mem[X,0x80000C34] -> 0x03B7
mem[X,0x80000C36] -> 0x8000
[97] [M]: 0x80000C34 (0x800003B7) lui t2, 524288
x7 <- 0x80000000


mem[X,0x80000C38] -> 0x8393
mem[X,0x80000C3A] -> 0xFFF3
[98] [M]: 0x80000C38 (0xFFF38393) addi t2, t2, 4095
x7 <- 0x7FFFFFFF


mem[X,0x80000C3C] -> 0x0113
mem[X,0x80000C3E] -> 0x0000
[99] [M]: 0x80000C3C (0x00000113) addi sp, zero, 0
x2 <- 0x00000000


clint::tick mtime <- 0x0000000000000001
 clint timer pending at mtime 0x0000000000000001
htif::tick 0x0000000000000000
mem[X,0x80000C40] -> 0x006F
mem[X,0x80000C42] -> 0x0140
[100] [M]: 0x80000C40 (0x0140006F) jal zero, 20


mem[X,0x80000C54] -> 0xE8E3
mem[X,0x80000C56] -> 0xFE7A
[101] [M]: 0x80000C54 (0xFE7AE8E3) bltu s5, t2, 8176


mem[X,0x80000C58] -> 0x0113
mem[X,0x80000C5A] -> 0x0021
[102] [M]: 0x80000C58 (0x00210113) addi sp, sp, 2
x2 <- 0x00000002


mem[X,0x80000C5C] -> 0x006F
mem[X,0x80000C5E] -> 0x00C0
[103] [M]: 0x80000C5C (0x00C0006F) jal zero, 12


mem[X,0x80000C68] -> 0xA423
mem[X,0x80000C6A] -> 0x0025
[104] [M]: 0x80000C68 (0x0025A423) sw sp, 8(a1)
mem[0x8004C11C] <- 0x00000002


mem[X,0x80000C6C] -> 0x0A37
mem[X,0x80000C6E] -> 0xFE00
[105] [M]: 0x80000C6C (0xFE000A37) lui s4, 1040384
x20 <- 0xFE000000


mem[X,0x80000C70] -> 0x0A13
mem[X,0x80000C72] -> 0xFFFA
[106] [M]: 0x80000C70 (0xFFFA0A13) addi s4, s4, 4095
x20 <- 0xFDFFFFFF


mem[X,0x80000C74] -> 0xBAB7
mem[X,0x80000C76] -> 0xAAAA
[107] [M]: 0x80000C74 (0xAAAABAB7) lui s5, 699051
x21 <- 0xAAAAB000


mem[X,0x80000C78] -> 0x8A93
mem[X,0x80000C7A] -> 0xAABA
[108] [M]: 0x80000C78 (0xAABA8A93) addi s5, s5, 2731
x21 <- 0xAAAAAAAB


mem[X,0x80000C7C] -> 0x0113
mem[X,0x80000C7E] -> 0x0000
[109] [M]: 0x80000C7C (0x00000113) addi sp, zero, 0
x2 <- 0x00000000


mem[X,0x80000C80] -> 0x006F
mem[X,0x80000C82] -> 0x00C0
[110] [M]: 0x80000C80 (0x00C0006F) jal zero, 12


mem[X,0x80000C8C] -> 0x6063
mem[X,0x80000C8E] -> 0x115A
[111] [M]: 0x80000C8C (0x115A6063) bltu s4, s5, 256


mem[X,0x80000C90] -> 0x0113
mem[X,0x80000C92] -> 0x0021
[112] [M]: 0x80000C90 (0x00210113) addi sp, sp, 2
x2 <- 0x00000002


mem[X,0x80000C94] -> 0x006F
mem[X,0x80000C96] -> 0x1000
[113] [M]: 0x80000C94 (0x1000006F) jal zero, 256


mem[X,0x80000D94] -> 0xA623
mem[X,0x80000D96] -> 0x0025
[114] [M]: 0x80000D94 (0x0025A623) sw sp, 12(a1)
mem[0x8004C120] <- 0x00000002


mem[X,0x80000D98] -> 0x0D13
mem[X,0x80000D9A] -> 0xFFE0
[115] [M]: 0x80000D98 (0xFFE00D13) addi s10, zero, 4094
x26 <- 0xFFFFFFFE


mem[X,0x80000D9C] -> 0x0993
mem[X,0x80000D9E] -> 0xFFF0
[116] [M]: 0x80000D9C (0xFFF00993) addi s3, zero, 4095
x19 <- 0xFFFFFFFF


mem[X,0x80000DA0] -> 0x0113
mem[X,0x80000DA2] -> 0x0000
[117] [M]: 0x80000DA0 (0x00000113) addi sp, zero, 0
x2 <- 0x00000000


mem[X,0x80000DA4] -> 0x006F
mem[X,0x80000DA6] -> 0x00C0
[118] [M]: 0x80000DA4 (0x00C0006F) jal zero, 12


mem[X,0x80000DB0] -> 0x6063
mem[X,0x80000DB2] -> 0x413D
[119] [M]: 0x80000DB0 (0x413D6063) bltu s10, s3, 1024


mem[X,0x800011B0] -> 0x0113
mem[X,0x800011B2] -> 0x0031
[120] [M]: 0x800011B0 (0x00310113) addi sp, sp, 3
x2 <- 0x00000003


mem[X,0x800011B4] -> 0x006F
mem[X,0x800011B6] -> 0x0040
[121] [M]: 0x800011B4 (0x0040006F) jal zero, 4


mem[X,0x800011B8] -> 0xA823
mem[X,0x800011BA] -> 0x0025
[122] [M]: 0x800011B8 (0x0025A823) sw sp, 16(a1)
mem[0x8004C124] <- 0x00000003


mem[X,0x800011BC] -> 0x0CB7
mem[X,0x800011BE] -> 0x4000
[123] [M]: 0x800011BC (0x40000CB7) lui s9, 262144
x25 <- 0x40000000


mem[X,0x800011C0] -> 0x0013
mem[X,0x800011C2] -> 0x0000
[124] [M]: 0x800011C0 (0x00000013) addi zero, zero, 0


mem[X,0x800011C4] -> 0x0113
mem[X,0x800011C6] -> 0x0000
[125] [M]: 0x800011C4 (0x00000113) addi sp, zero, 0
x2 <- 0x00000000


mem[X,0x800011C8] -> 0x006F
mem[X,0x800011CA] -> 0x00C0
[126] [M]: 0x800011C8 (0x00C0006F) jal zero, 12


mem[X,0x800011D4] -> 0xECE3
mem[X,0x800011D6] -> 0xFE0C
[127] [M]: 0x800011D4 (0xFE0CECE3) bltu s9, zero, 8184


mem[X,0x800011D8] -> 0x0113
mem[X,0x800011DA] -> 0x0021
[128] [M]: 0x800011D8 (0x00210113) addi sp, sp, 2
x2 <- 0x00000002


mem[X,0x800011DC] -> 0x006F
mem[X,0x800011DE] -> 0x00C0
[129] [M]: 0x800011DC (0x00C0006F) jal zero, 12


mem[X,0x800011E8] -> 0xAA23
mem[X,0x800011EA] -> 0x0025
[130] [M]: 0x800011E8 (0x0025AA23) sw sp, 20(a1)
mem[0x8004C128] <- 0x00000002


mem[X,0x800011EC] -> 0x0EB7
mem[X,0x800011EE] -> 0x0004
[131] [M]: 0x800011EC (0x00040EB7) lui t4, 64
x29 <- 0x00040000


mem[X,0x800011F0] -> 0x0913
mem[X,0x800011F2] -> 0x0010
[132] [M]: 0x800011F0 (0x00100913) addi s2, zero, 1
x18 <- 0x00000001


mem[X,0x800011F4] -> 0x0113
mem[X,0x800011F6] -> 0x0000
[133] [M]: 0x800011F4 (0x00000113) addi sp, zero, 0
x2 <- 0x00000000


mem[X,0x800011F8] -> 0x006F
mem[X,0x800011FA] -> 0x0140
[134] [M]: 0x800011F8 (0x0140006F) jal zero, 20


mem[X,0x8000120C] -> 0xE8E3
mem[X,0x8000120E] -> 0xFF2E
[135] [M]: 0x8000120C (0xFF2EE8E3) bltu t4, s2, 8176


mem[X,0x80001210] -> 0x0113
mem[X,0x80001212] -> 0x0021
[136] [M]: 0x80001210 (0x00210113) addi sp, sp, 2
x2 <- 0x00000002


mem[X,0x80001214] -> 0x006F
mem[X,0x80001216] -> 0x00C0
[137] [M]: 0x80001214 (0x00C0006F) jal zero, 12


mem[X,0x80001220] -> 0xAC23
mem[X,0x80001222] -> 0x0025
[138] [M]: 0x80001220 (0x0025AC23) sw sp, 24(a1)
mem[0x8004C12C] <- 0x00000002


mem[X,0x80001224] -> 0x0013
mem[X,0x80001226] -> 0x0000
[139] [M]: 0x80001224 (0x00000013) addi zero, zero, 0


mem[X,0x80001228] -> 0x0693
mem[X,0x8000122A] -> 0x0020
[140] [M]: 0x80001228 (0x00200693) addi a3, zero, 2
x13 <- 0x00000002


mem[X,0x8000122C] -> 0x0113
mem[X,0x8000122E] -> 0x0000
[141] [M]: 0x8000122C (0x00000113) addi sp, zero, 0
x2 <- 0x00000000


mem[X,0x80001230] -> 0x006F
mem[X,0x80001232] -> 0x00C0
[142] [M]: 0x80001230 (0x00C0006F) jal zero, 12


mem[X,0x8000123C] -> 0x6663
mem[X,0x8000123E] -> 0x00D0
[143] [M]: 0x8000123C (0x00D06663) bltu zero, a3, 12


mem[X,0x80001248] -> 0x0113
mem[X,0x8000124A] -> 0x0031
[144] [M]: 0x80001248 (0x00310113) addi sp, sp, 3
x2 <- 0x00000003


mem[X,0x8000124C] -> 0x006F
mem[X,0x8000124E] -> 0x0040
[145] [M]: 0x8000124C (0x0040006F) jal zero, 4


mem[X,0x80001250] -> 0xAE23
mem[X,0x80001252] -> 0x0025
[146] [M]: 0x80001250 (0x0025AE23) sw sp, 28(a1)
mem[0x8004C130] <- 0x00000003


mem[X,0x80001254] -> 0xBF37
mem[X,0x80001256] -> 0xAAAA
[147] [M]: 0x80001254 (0xAAAABF37) lui t5, 699051
x30 <- 0xAAAAB000


mem[X,0x80001258] -> 0x0F13
mem[X,0x8000125A] -> 0xAABF
[148] [M]: 0x80001258 (0xAABF0F13) addi t5, t5, 2731
x30 <- 0xAAAAAAAB


mem[X,0x8000125C] -> 0x0093
mem[X,0x8000125E] -> 0x0040
[149] [M]: 0x8000125C (0x00400093) addi ra, zero, 4
x1 <- 0x00000004


mem[X,0x80001260] -> 0x0113
mem[X,0x80001262] -> 0x0000
[150] [M]: 0x80001260 (0x00000113) addi sp, zero, 0
x2 <- 0x00000000


mem[X,0x80001264] -> 0x006F
mem[X,0x80001266] -> 0x00C0
[151] [M]: 0x80001264 (0x00C0006F) jal zero, 12


mem[X,0x80001270] -> 0x6CE3
mem[X,0x80001272] -> 0xFE1F
[152] [M]: 0x80001270 (0xFE1F6CE3) bltu t5, ra, 8184


mem[X,0x80001274] -> 0x0113
mem[X,0x80001276] -> 0x0021
[153] [M]: 0x80001274 (0x00210113) addi sp, sp, 2
x2 <- 0x00000002


mem[X,0x80001278] -> 0x006F
mem[X,0x8000127A] -> 0x00C0
[154] [M]: 0x80001278 (0x00C0006F) jal zero, 12


mem[X,0x80001284] -> 0xA023
mem[X,0x80001286] -> 0x0225
[155] [M]: 0x80001284 (0x0225A023) sw sp, 32(a1)
mem[0x8004C134] <- 0x00000002


mem[X,0x80001288] -> 0x0813
mem[X,0x8000128A] -> 0x0800
[156] [M]: 0x80001288 (0x08000813) addi a6, zero, 128
x16 <- 0x00000080


mem[X,0x8000128C] -> 0x0413
mem[X,0x8000128E] -> 0x0080
[157] [M]: 0x8000128C (0x00800413) addi fp, zero, 8
x8 <- 0x00000008


mem[X,0x80001290] -> 0x0113
mem[X,0x80001292] -> 0x0000
[158] [M]: 0x80001290 (0x00000113) addi sp, zero, 0
x2 <- 0x00000000


mem[X,0x80001294] -> 0x006F
mem[X,0x80001296] -> 0x00C0
[159] [M]: 0x80001294 (0x00C0006F) jal zero, 12


mem[X,0x800012A0] -> 0x6063
mem[X,0x800012A2] -> 0x0488
[160] [M]: 0x800012A0 (0x04886063) bltu a6, fp, 64


mem[X,0x800012A4] -> 0x0113
mem[X,0x800012A6] -> 0x0021
[161] [M]: 0x800012A4 (0x00210113) addi sp, sp, 2
x2 <- 0x00000002


mem[X,0x800012A8] -> 0x006F
mem[X,0x800012AA] -> 0x0400
[162] [M]: 0x800012A8 (0x0400006F) jal zero, 64


mem[X,0x800012E8] -> 0xA223
mem[X,0x800012EA] -> 0x0225
[163] [M]: 0x800012E8 (0x0225A223) sw sp, 36(a1)
mem[0x8004C138] <- 0x00000002


mem[X,0x800012EC] -> 0x03B7
mem[X,0x800012EE] -> 0x0004
[164] [M]: 0x800012EC (0x000403B7) lui t2, 64
x7 <- 0x00040000


mem[X,0x800012F0] -> 0x0F13
mem[X,0x800012F2] -> 0x0100
[165] [M]: 0x800012F0 (0x01000F13) addi t5, zero, 16
x30 <- 0x00000010


mem[X,0x800012F4] -> 0x0113
mem[X,0x800012F6] -> 0x0000
[166] [M]: 0x800012F4 (0x00000113) addi sp, zero, 0
x2 <- 0x00000000


mem[X,0x800012F8] -> 0x006F
mem[X,0x800012FA] -> 0x00C0
[167] [M]: 0x800012F8 (0x00C0006F) jal zero, 12


mem[X,0x80001304] -> 0xE063
mem[X,0x80001306] -> 0x09E3
[168] [M]: 0x80001304 (0x09E3E063) bltu t2, t5, 128


mem[X,0x80001308] -> 0x0113
mem[X,0x8000130A] -> 0x0021
[169] [M]: 0x80001308 (0x00210113) addi sp, sp, 2
x2 <- 0x00000002


mem[X,0x8000130C] -> 0x006F
mem[X,0x8000130E] -> 0x0800
[170] [M]: 0x8000130C (0x0800006F) jal zero, 128


mem[X,0x8000138C] -> 0xA423
mem[X,0x8000138E] -> 0x0225
[171] [M]: 0x8000138C (0x0225A423) sw sp, 40(a1)
mem[0x8004C13C] <- 0x00000002


mem[X,0x80001390] -> 0x0493
mem[X,0x80001392] -> 0x0000
[172] [M]: 0x80001390 (0x00000493) addi s1, zero, 0
x9 <- 0x00000000


mem[X,0x80001394] -> 0x0193
mem[X,0x80001396] -> 0x0200
[173] [M]: 0x80001394 (0x02000193) addi gp, zero, 32
x3 <- 0x00000020


mem[X,0x80001398] -> 0x0113
mem[X,0x8000139A] -> 0x0000
[174] [M]: 0x80001398 (0x00000113) addi sp, zero, 0
x2 <- 0x00000000


mem[X,0x8000139C] -> 0x006F
mem[X,0x8000139E] -> 0x00C0
[175] [M]: 0x8000139C (0x00C0006F) jal zero, 12


mem[X,0x800013A8] -> 0xE663
mem[X,0x800013AA] -> 0x0034
[176] [M]: 0x800013A8 (0x0034E663) bltu s1, gp, 12


mem[X,0x800013B4] -> 0x0113
mem[X,0x800013B6] -> 0x0031
[177] [M]: 0x800013B4 (0x00310113) addi sp, sp, 3
x2 <- 0x00000003


mem[X,0x800013B8] -> 0x006F
mem[X,0x800013BA] -> 0x0040
[178] [M]: 0x800013B8 (0x0040006F) jal zero, 4


mem[X,0x800013BC] -> 0xA623
mem[X,0x800013BE] -> 0x0225
[179] [M]: 0x800013BC (0x0225A623) sw sp, 44(a1)
mem[0x8004C140] <- 0x00000003


mem[X,0x800013C0] -> 0x0713
mem[X,0x800013C2] -> 0x0110
[180] [M]: 0x800013C0 (0x01100713) addi a4, zero, 17
x14 <- 0x00000011


mem[X,0x800013C4] -> 0x0493
mem[X,0x800013C6] -> 0x0400
[181] [M]: 0x800013C4 (0x04000493) addi s1, zero, 64
x9 <- 0x00000040


mem[X,0x800013C8] -> 0x0113
mem[X,0x800013CA] -> 0x0000
[182] [M]: 0x800013C8 (0x00000113) addi sp, zero, 0
x2 <- 0x00000000


mem[X,0x800013CC] -> 0x006F
mem[X,0x800013CE] -> 0x00C0
[183] [M]: 0x800013CC (0x00C0006F) jal zero, 12


mem[X,0x800013D8] -> 0x6063
mem[X,0x800013DA] -> 0x0897
[184] [M]: 0x800013D8 (0x08976063) bltu a4, s1, 128


mem[X,0x80001458] -> 0x0113
mem[X,0x8000145A] -> 0x0031
[185] [M]: 0x80001458 (0x00310113) addi sp, sp, 3
x2 <- 0x00000003


mem[X,0x8000145C] -> 0x006F
mem[X,0x8000145E] -> 0x0040
[186] [M]: 0x8000145C (0x0040006F) jal zero, 4


mem[X,0x80001460] -> 0xA823
mem[X,0x80001462] -> 0x0225
[187] [M]: 0x80001460 (0x0225A823) sw sp, 48(a1)
mem[0x8004C144] <- 0x00000003


mem[X,0x80001464] -> 0x0337
mem[X,0x80001466] -> 0xC000
[188] [M]: 0x80001464 (0xC0000337) lui t1, 786432
x6 <- 0xC0000000


mem[X,0x80001468] -> 0x0313
mem[X,0x8000146A] -> 0xFFF3
[189] [M]: 0x80001468 (0xFFF30313) addi t1, t1, 4095
x6 <- 0xBFFFFFFF


mem[X,0x8000146C] -> 0x0E93
mem[X,0x8000146E] -> 0x0800
[190] [M]: 0x8000146C (0x08000E93) addi t4, zero, 128
x29 <- 0x00000080


mem[X,0x80001470] -> 0x0113
mem[X,0x80001472] -> 0x0000
[191] [M]: 0x80001470 (0x00000113) addi sp, zero, 0
x2 <- 0x00000000


mem[X,0x80001474] -> 0x006F
mem[X,0x80001476] -> 0x00C0
[192] [M]: 0x80001474 (0x00C0006F) jal zero, 12


mem[X,0x80001480] -> 0x6CE3
mem[X,0x80001482] -> 0xFFD3
[193] [M]: 0x80001480 (0xFFD36CE3) bltu t1, t4, 8184


mem[X,0x80001484] -> 0x0113
mem[X,0x80001486] -> 0x0021
[194] [M]: 0x80001484 (0x00210113) addi sp, sp, 2
x2 <- 0x00000002


mem[X,0x80001488] -> 0x006F
mem[X,0x8000148A] -> 0x00C0
[195] [M]: 0x80001488 (0x00C0006F) jal zero, 12


mem[X,0x80001494] -> 0xAA23
mem[X,0x80001496] -> 0x0225
[196] [M]: 0x80001494 (0x0225AA23) sw sp, 52(a1)
mem[0x8004C148] <- 0x00000002


mem[X,0x80001498] -> 0x0093
mem[X,0x8000149A] -> 0x0070
[197] [M]: 0x80001498 (0x00700093) addi ra, zero, 7
x1 <- 0x00000007


mem[X,0x8000149C] -> 0x0293
mem[X,0x8000149E] -> 0x1000
[198] [M]: 0x8000149C (0x10000293) addi t0, zero, 256
x5 <- 0x00000100


mem[X,0x800014A0] -> 0x0113
mem[X,0x800014A2] -> 0x0000
[199] [M]: 0x800014A0 (0x00000113) addi sp, zero, 0
x2 <- 0x00000000


clint::tick mtime <- 0x0000000000000002
 clint timer pending at mtime 0x0000000000000002
htif::tick 0x0000000000000000
mem[X,0x800014A4] -> 0x006F
mem[X,0x800014A6] -> 0x00C0
[200] [M]: 0x800014A4 (0x00C0006F) jal zero, 12


mem[X,0x800014B0] -> 0xE063
mem[X,0x800014B2] -> 0x0250
[201] [M]: 0x800014B0 (0x0250E063) bltu ra, t0, 32


mem[X,0x800014D0] -> 0x0113
mem[X,0x800014D2] -> 0x0031
[202] [M]: 0x800014D0 (0x00310113) addi sp, sp, 3
x2 <- 0x00000003


mem[X,0x800014D4] -> 0x006F
mem[X,0x800014D6] -> 0x0040
[203] [M]: 0x800014D4 (0x0040006F) jal zero, 4


mem[X,0x800014D8] -> 0xAC23
mem[X,0x800014DA] -> 0x0225
[204] [M]: 0x800014D8 (0x0225AC23) sw sp, 56(a1)
mem[0x8004C14C] <- 0x00000003


mem[X,0x800014DC] -> 0x0F93
mem[X,0x800014DE] -> 0x00F0
[205] [M]: 0x800014DC (0x00F00F93) addi t6, zero, 15
x31 <- 0x0000000F


mem[X,0x800014E0] -> 0x0E13
mem[X,0x800014E2] -> 0x2000
[206] [M]: 0x800014E0 (0x20000E13) addi t3, zero, 512
x28 <- 0x00000200


mem[X,0x800014E4] -> 0x0113
mem[X,0x800014E6] -> 0x0000
[207] [M]: 0x800014E4 (0x00000113) addi sp, zero, 0
x2 <- 0x00000000


mem[X,0x800014E8] -> 0x006F
mem[X,0x800014EA] -> 0x00C0
[208] [M]: 0x800014E8 (0x00C0006F) jal zero, 12


mem[X,0x800014F4] -> 0xE063
mem[X,0x800014F6] -> 0x21CF
[209] [M]: 0x800014F4 (0x21CFE063) bltu t6, t3, 512


mem[X,0x800016F4] -> 0x0113
mem[X,0x800016F6] -> 0x0031
[210] [M]: 0x800016F4 (0x00310113) addi sp, sp, 3
x2 <- 0x00000003


mem[X,0x800016F8] -> 0x006F
mem[X,0x800016FA] -> 0x0040
[211] [M]: 0x800016F8 (0x0040006F) jal zero, 4


mem[X,0x800016FC] -> 0xAE23
mem[X,0x800016FE] -> 0x0225
[212] [M]: 0x800016FC (0x0225AE23) sw sp, 60(a1)
mem[0x8004C150] <- 0x00000003


mem[X,0x80001700] -> 0x0937
mem[X,0x80001702] -> 0x0400
[213] [M]: 0x80001700 (0x04000937) lui s2, 16384
x18 <- 0x04000000


mem[X,0x80001704] -> 0x0B13
mem[X,0x80001706] -> 0x4000
[214] [M]: 0x80001704 (0x40000B13) addi s6, zero, 1024
x22 <- 0x00000400


mem[X,0x80001708] -> 0x0113
mem[X,0x8000170A] -> 0x0000
[215] [M]: 0x80001708 (0x00000113) addi sp, zero, 0
x2 <- 0x00000000


mem[X,0x8000170C] -> 0x006F
mem[X,0x8000170E] -> 0x00C0
[216] [M]: 0x8000170C (0x00C0006F) jal zero, 12


mem[X,0x80001718] -> 0x6663
mem[X,0x8000171A] -> 0x0169
[217] [M]: 0x80001718 (0x01696663) bltu s2, s6, 12


mem[X,0x8000171C] -> 0x0113
mem[X,0x8000171E] -> 0x0021
[218] [M]: 0x8000171C (0x00210113) addi sp, sp, 2
x2 <- 0x00000002


mem[X,0x80001720] -> 0x006F
mem[X,0x80001722] -> 0x00C0
[219] [M]: 0x80001720 (0x00C0006F) jal zero, 12


mem[X,0x8000172C] -> 0xA023
mem[X,0x8000172E] -> 0x0425
[220] [M]: 0x8000172C (0x0425A023) sw sp, 64(a1)
mem[0x8004C154] <- 0x00000002


mem[X,0x80001730] -> 0x6537
mem[X,0x80001732] -> 0x6666
[221] [M]: 0x80001730 (0x66666537) lui a0, 419430
x10 <- 0x66666000


mem[X,0x80001734] -> 0x0513
mem[X,0x80001736] -> 0x6655
[222] [M]: 0x80001734 (0x66550513) addi a0, a0, 1637
x10 <- 0x66666665


mem[X,0x80001738] -> 0x1237
mem[X,0x8000173A] -> 0x0000
[223] [M]: 0x80001738 (0x00001237) lui tp, 1
x4 <- 0x00001000


mem[X,0x8000173C] -> 0x0213
mem[X,0x8000173E] -> 0x8002
[224] [M]: 0x8000173C (0x80020213) addi tp, tp, 2048
x4 <- 0x00000800


mem[X,0x80001740] -> 0x0113
mem[X,0x80001742] -> 0x0000
[225] [M]: 0x80001740 (0x00000113) addi sp, zero, 0
x2 <- 0x00000000


mem[X,0x80001744] -> 0x006F
mem[X,0x80001746] -> 0x0100
[226] [M]: 0x80001744 (0x0100006F) jal zero, 16


mem[X,0x80001754] -> 0x6AE3
mem[X,0x80001756] -> 0xFE45
[227] [M]: 0x80001754 (0xFE456AE3) bltu a0, tp, 8180


mem[X,0x80001758] -> 0x0113
mem[X,0x8000175A] -> 0x0021
[228] [M]: 0x80001758 (0x00210113) addi sp, sp, 2
x2 <- 0x00000002


mem[X,0x8000175C] -> 0x006F
mem[X,0x8000175E] -> 0x00C0
[229] [M]: 0x8000175C (0x00C0006F) jal zero, 12


mem[X,0x80001768] -> 0xA223
mem[X,0x8000176A] -> 0x0425
[230] [M]: 0x80001768 (0x0425A223) sw sp, 68(a1)
mem[0x8004C158] <- 0x00000002


mem[X,0x8000176C] -> 0x0237
mem[X,0x8000176E] -> 0xF000
[231] [M]: 0x8000176C (0xF0000237) lui tp, 983040
x4 <- 0xF0000000


mem[X,0x80001770] -> 0x0213
mem[X,0x80001772] -> 0xFFF2
[232] [M]: 0x80001770 (0xFFF20213) addi tp, tp, 4095
x4 <- 0xEFFFFFFF


mem[X,0x80001774] -> 0x1FB7
mem[X,0x80001776] -> 0x0000
[233] [M]: 0x80001774 (0x00001FB7) lui t6, 1
x31 <- 0x00001000


mem[X,0x80001778] -> 0x0113
mem[X,0x8000177A] -> 0x0000
[234] [M]: 0x80001778 (0x00000113) addi sp, zero, 0
x2 <- 0x00000000


mem[X,0x8000177C] -> 0x006F
mem[X,0x8000177E] -> 0x00C0
[235] [M]: 0x8000177C (0x00C0006F) jal zero, 12


mem[X,0x80001788] -> 0x6663
mem[X,0x8000178A] -> 0x01F2
[236] [M]: 0x80001788 (0x01F26663) bltu tp, t6, 12


mem[X,0x8000178C] -> 0x0113
mem[X,0x8000178E] -> 0x0021
[237] [M]: 0x8000178C (0x00210113) addi sp, sp, 2
x2 <- 0x00000002


mem[X,0x80001790] -> 0x006F
mem[X,0x80001792] -> 0x00C0
[238] [M]: 0x80001790 (0x00C0006F) jal zero, 12


mem[X,0x8000179C] -> 0xA423
mem[X,0x8000179E] -> 0x0425
[239] [M]: 0x8000179C (0x0425A423) sw sp, 72(a1)
mem[0x8004C15C] <- 0x00000002


mem[X,0x800017A0] -> 0x0793
mem[X,0x800017A2] -> 0xFEF0
[240] [M]: 0x800017A0 (0xFEF00793) addi a5, zero, 4079
x15 <- 0xFFFFFFEF


mem[X,0x800017A4] -> 0x2CB7
mem[X,0x800017A6] -> 0x0000
[241] [M]: 0x800017A4 (0x00002CB7) lui s9, 2
x25 <- 0x00002000


mem[X,0x800017A8] -> 0x0113
mem[X,0x800017AA] -> 0x0000
[242] [M]: 0x800017A8 (0x00000113) addi sp, zero, 0
x2 <- 0x00000000


mem[X,0x800017AC] -> 0x006F
mem[X,0x800017AE] -> 0x00C0
[243] [M]: 0x800017AC (0x00C0006F) jal zero, 12


mem[X,0x800017B8] -> 0xE063
mem[X,0x800017BA] -> 0x0397
[244] [M]: 0x800017B8 (0x0397E063) bltu a5, s9, 32


mem[X,0x800017BC] -> 0x0113
mem[X,0x800017BE] -> 0x0021
[245] [M]: 0x800017BC (0x00210113) addi sp, sp, 2
x2 <- 0x00000002


mem[X,0x800017C0] -> 0x006F
mem[X,0x800017C2] -> 0x0200
[246] [M]: 0x800017C0 (0x0200006F) jal zero, 32


mem[X,0x800017E0] -> 0xA623
mem[X,0x800017E2] -> 0x0425
[247] [M]: 0x800017E0 (0x0425A623) sw sp, 76(a1)
mem[0x8004C160] <- 0x00000002


mem[X,0x800017E4] -> 0x0293
mem[X,0x800017E6] -> 0x0000
[248] [M]: 0x800017E4 (0x00000293) addi t0, zero, 0
x5 <- 0x00000000


mem[X,0x800017E8] -> 0x4837
mem[X,0x800017EA] -> 0x0000
[249] [M]: 0x800017E8 (0x00004837) lui a6, 4
x16 <- 0x00004000


mem[X,0x800017EC] -> 0x0113
mem[X,0x800017EE] -> 0x0000
[250] [M]: 0x800017EC (0x00000113) addi sp, zero, 0
x2 <- 0x00000000


mem[X,0x800017F0] -> 0x006F
mem[X,0x800017F2] -> 0x00C0
[251] [M]: 0x800017F0 (0x00C0006F) jal zero, 12


mem[X,0x800017FC] -> 0xE863
mem[X,0x800017FE] -> 0x0102
[252] [M]: 0x800017FC (0x0102E863) bltu t0, a6, 16


mem[X,0x8000180C] -> 0x0113
mem[X,0x8000180E] -> 0x0031
[253] [M]: 0x8000180C (0x00310113) addi sp, sp, 3
x2 <- 0x00000003


mem[X,0x80001810] -> 0x006F
mem[X,0x80001812] -> 0x0040
[254] [M]: 0x80001810 (0x0040006F) jal zero, 4


mem[X,0x80001814] -> 0xA823
mem[X,0x80001816] -> 0x0425
[255] [M]: 0x80001814 (0x0425A823) sw sp, 80(a1)
mem[0x8004C164] <- 0x00000003


mem[X,0x80001818] -> 0x0613
mem[X,0x8000181A] -> 0x0000
[256] [M]: 0x80001818 (0x00000613) addi a2, zero, 0
x12 <- 0x00000000


mem[X,0x8000181C] -> 0x0D37
mem[X,0x8000181E] -> 0x0001
[257] [M]: 0x8000181C (0x00010D37) lui s10, 16
x26 <- 0x00010000


mem[X,0x80001820] -> 0x0113
mem[X,0x80001822] -> 0x0000
[258] [M]: 0x80001820 (0x00000113) addi sp, zero, 0
x2 <- 0x00000000


mem[X,0x80001824] -> 0x006F
mem[X,0x80001826] -> 0x00C0
[259] [M]: 0x80001824 (0x00C0006F) jal zero, 12


mem[X,0x80001830] -> 0x6663
mem[X,0x80001832] -> 0x01A6
[260] [M]: 0x80001830 (0x01A66663) bltu a2, s10, 12


mem[X,0x8000183C] -> 0x0113
mem[X,0x8000183E] -> 0x0031
[261] [M]: 0x8000183C (0x00310113) addi sp, sp, 3
x2 <- 0x00000003


mem[X,0x80001840] -> 0x006F
mem[X,0x80001842] -> 0x0040
[262] [M]: 0x80001840 (0x0040006F) jal zero, 4


mem[X,0x80001844] -> 0xAA23
mem[X,0x80001846] -> 0x0425
[263] [M]: 0x80001844 (0x0425AA23) sw sp, 84(a1)
mem[0x8004C168] <- 0x00000003


mem[X,0x80001848] -> 0x0B13
mem[X,0x8000184A] -> 0x0200
[264] [M]: 0x80001848 (0x02000B13) addi s6, zero, 32
x22 <- 0x00000020


mem[X,0x8000184C] -> 0x0C37
mem[X,0x8000184E] -> 0x0002
[265] [M]: 0x8000184C (0x00020C37) lui s8, 32
x24 <- 0x00020000


mem[X,0x80001850] -> 0x0113
mem[X,0x80001852] -> 0x0000
[266] [M]: 0x80001850 (0x00000113) addi sp, zero, 0
x2 <- 0x00000000


mem[X,0x80001854] -> 0x006F
mem[X,0x80001856] -> 0x0100
[267] [M]: 0x80001854 (0x0100006F) jal zero, 16


mem[X,0x80001864] -> 0x6AE3
mem[X,0x80001866] -> 0xFF8B
[268] [M]: 0x80001864 (0xFF8B6AE3) bltu s6, s8, 8180


mem[X,0x80001858] -> 0x0113
mem[X,0x8000185A] -> 0x0011
[269] [M]: 0x80001858 (0x00110113) addi sp, sp, 1
x2 <- 0x00000001


mem[X,0x8000185C] -> 0x006F
mem[X,0x8000185E] -> 0x01C0
[270] [M]: 0x8000185C (0x01C0006F) jal zero, 28


mem[X,0x80001878] -> 0xAC23
mem[X,0x8000187A] -> 0x0425
[271] [M]: 0x80001878 (0x0425AC23) sw sp, 88(a1)
mem[0x8004C16C] <- 0x00000001


mem[X,0x8000187C] -> 0x0113
mem[X,0x8000187E] -> 0x0070
[272] [M]: 0x8000187C (0x00700113) addi sp, zero, 7
x2 <- 0x00000007


mem[X,0x80001880] -> 0x0DB7
mem[X,0x80001882] -> 0x0004
[273] [M]: 0x80001880 (0x00040DB7) lui s11, 64
x27 <- 0x00040000


mem[X,0x80001884] -> 0x0213
mem[X,0x80001886] -> 0x0000
[274] [M]: 0x80001884 (0x00000213) addi tp, zero, 0
x4 <- 0x00000000


mem[X,0x80001888] -> 0x006F
mem[X,0x8000188A] -> 0x00C0
[275] [M]: 0x80001888 (0x00C0006F) jal zero, 12


mem[X,0x80001894] -> 0x6CE3
mem[X,0x80001896] -> 0xFFB1
[276] [M]: 0x80001894 (0xFFB16CE3) bltu sp, s11, 8184


mem[X,0x8000188C] -> 0x0213
mem[X,0x8000188E] -> 0x0012
[277] [M]: 0x8000188C (0x00120213) addi tp, tp, 1
x4 <- 0x00000001


mem[X,0x80001890] -> 0x006F
mem[X,0x80001892] -> 0x0180
[278] [M]: 0x80001890 (0x0180006F) jal zero, 24


mem[X,0x800018A8] -> 0xAE23
mem[X,0x800018AA] -> 0x0445
[279] [M]: 0x800018A8 (0x0445AE23) sw tp, 92(a1)
mem[0x8004C170] <- 0x00000001


mem[X,0x800018AC] -> 0x0013
mem[X,0x800018AE] -> 0x0000
[280] [M]: 0x800018AC (0x00000013) addi zero, zero, 0


mem[X,0x800018B0] -> 0x0013
mem[X,0x800018B2] -> 0x0000
[281] [M]: 0x800018B0 (0x00000013) addi zero, zero, 0


mem[X,0x800018B4] -> 0x0013
mem[X,0x800018B6] -> 0x0000
[282] [M]: 0x800018B4 (0x00000013) addi zero, zero, 0


mem[X,0x800018B8] -> 0x0013
mem[X,0x800018BA] -> 0x0000
[283] [M]: 0x800018B8 (0x00000013) addi zero, zero, 0


mem[X,0x800018BC] -> 0x0013
mem[X,0x800018BE] -> 0x0000
[284] [M]: 0x800018BC (0x00000013) addi zero, zero, 0


mem[X,0x800018C0] -> 0xB097
mem[X,0x800018C2] -> 0x0004
[285] [M]: 0x800018C0 (0x0004B097) auipc ra, 75
x1 <- 0x8004C8C0


mem[X,0x800018C4] -> 0x8093
mem[X,0x800018C6] -> 0x8B40
[286] [M]: 0x800018C4 (0x8B408093) addi ra, ra, 2228
x1 <- 0x8004C174


mem[X,0x800018C8] -> 0x0013
mem[X,0x800018CA] -> 0x0000
[287] [M]: 0x800018C8 (0x00000013) addi zero, zero, 0


mem[X,0x800018CC] -> 0x0013
mem[X,0x800018CE] -> 0x0000
[288] [M]: 0x800018CC (0x00000013) addi zero, zero, 0


mem[X,0x800018D0] -> 0x0013
mem[X,0x800018D2] -> 0x0000
[289] [M]: 0x800018D0 (0x00000013) addi zero, zero, 0


mem[X,0x800018D4] -> 0x0013
mem[X,0x800018D6] -> 0x0000
[290] [M]: 0x800018D4 (0x00000013) addi zero, zero, 0


mem[X,0x800018D8] -> 0x0013
mem[X,0x800018DA] -> 0x0000
[291] [M]: 0x800018D8 (0x00000013) addi zero, zero, 0


mem[X,0x800018DC] -> 0x0013
mem[X,0x800018DE] -> 0x0000
[292] [M]: 0x800018DC (0x00000013) addi zero, zero, 0


mem[X,0x800018E0] -> 0x0D93
mem[X,0x800018E2] -> 0x00E0
[293] [M]: 0x800018E0 (0x00E00D93) addi s11, zero, 14
x27 <- 0x0000000E


mem[X,0x800018E4] -> 0x07B7
mem[X,0x800018E6] -> 0x0008
[294] [M]: 0x800018E4 (0x000807B7) lui a5, 128
x15 <- 0x00080000


mem[X,0x800018E8] -> 0x0213
mem[X,0x800018EA] -> 0x0000
[295] [M]: 0x800018E8 (0x00000213) addi tp, zero, 0
x4 <- 0x00000000


mem[X,0x800018EC] -> 0x006F
mem[X,0x800018EE] -> 0x00C0
[296] [M]: 0x800018EC (0x00C0006F) jal zero, 12


mem[X,0x800018F8] -> 0xECE3
mem[X,0x800018FA] -> 0xFEFD
[297] [M]: 0x800018F8 (0xFEFDECE3) bltu s11, a5, 8184


mem[X,0x800018F0] -> 0x0213
mem[X,0x800018F2] -> 0x0012
[298] [M]: 0x800018F0 (0x00120213) addi tp, tp, 1
x4 <- 0x00000001


mem[X,0x800018F4] -> 0x006F
mem[X,0x800018F6] -> 0x0180
[299] [M]: 0x800018F4 (0x0180006F) jal zero, 24


clint::tick mtime <- 0x0000000000000003
 clint timer pending at mtime 0x0000000000000003
htif::tick 0x0000000000000000
mem[X,0x8000190C] -> 0xA023
mem[X,0x8000190E] -> 0x0040
[300] [M]: 0x8000190C (0x0040A023) sw tp, 0(ra)
mem[0x8004C174] <- 0x00000001


mem[X,0x80001910] -> 0x05B7
mem[X,0x80001912] -> 0x0080
[301] [M]: 0x80001910 (0x008005B7) lui a1, 2048
x11 <- 0x00800000


mem[X,0x80001914] -> 0x0537
mem[X,0x80001916] -> 0x0010
[302] [M]: 0x80001914 (0x00100537) lui a0, 256
x10 <- 0x00100000


mem[X,0x80001918] -> 0x0213
mem[X,0x8000191A] -> 0x0000
[303] [M]: 0x80001918 (0x00000213) addi tp, zero, 0
x4 <- 0x00000000


mem[X,0x8000191C] -> 0x006F
mem[X,0x8000191E] -> 0x00C0
[304] [M]: 0x8000191C (0x00C0006F) jal zero, 12


mem[X,0x80001928] -> 0xECE3
mem[X,0x8000192A] -> 0xFEA5
[305] [M]: 0x80001928 (0xFEA5ECE3) bltu a1, a0, 8184


mem[X,0x8000192C] -> 0x0213
mem[X,0x8000192E] -> 0x0022
[306] [M]: 0x8000192C (0x00220213) addi tp, tp, 2
x4 <- 0x00000002


mem[X,0x80001930] -> 0x006F
mem[X,0x80001932] -> 0x00C0
[307] [M]: 0x80001930 (0x00C0006F) jal zero, 12


mem[X,0x8000193C] -> 0xA223
mem[X,0x8000193E] -> 0x0040
[308] [M]: 0x8000193C (0x0040A223) sw tp, 4(ra)
mem[0x8004C178] <- 0x00000002


mem[X,0x80001940] -> 0x0B93
mem[X,0x80001942] -> 0x0400
[309] [M]: 0x80001940 (0x04000B93) addi s7, zero, 64
x23 <- 0x00000040


mem[X,0x80001944] -> 0x0137
mem[X,0x80001946] -> 0x0020
[310] [M]: 0x80001944 (0x00200137) lui sp, 512
x2 <- 0x00200000


mem[X,0x80001948] -> 0x0213
mem[X,0x8000194A] -> 0x0000
[311] [M]: 0x80001948 (0x00000213) addi tp, zero, 0
x4 <- 0x00000000


mem[X,0x8000194C] -> 0x006F
mem[X,0x8000194E] -> 0x00C0
[312] [M]: 0x8000194C (0x00C0006F) jal zero, 12


mem[X,0x80001958] -> 0xE063
mem[X,0x8000195A] -> 0x202B
[313] [M]: 0x80001958 (0x202BE063) bltu s7, sp, 512


mem[X,0x80001B58] -> 0x0213
mem[X,0x80001B5A] -> 0x0032
[314] [M]: 0x80001B58 (0x00320213) addi tp, tp, 3
x4 <- 0x00000003


mem[X,0x80001B5C] -> 0x006F
mem[X,0x80001B5E] -> 0x0040
[315] [M]: 0x80001B5C (0x0040006F) jal zero, 4


mem[X,0x80001B60] -> 0xA423
mem[X,0x80001B62] -> 0x0040
[316] [M]: 0x80001B60 (0x0040A423) sw tp, 8(ra)
mem[0x8004C17C] <- 0x00000003


mem[X,0x80001B64] -> 0x0993
mem[X,0x80001B66] -> 0x1000
[317] [M]: 0x80001B64 (0x10000993) addi s3, zero, 256
x19 <- 0x00000100


mem[X,0x80001B68] -> 0x0637
mem[X,0x80001B6A] -> 0x0040
[318] [M]: 0x80001B68 (0x00400637) lui a2, 1024
x12 <- 0x00400000


mem[X,0x80001B6C] -> 0x0213
mem[X,0x80001B6E] -> 0x0000
[319] [M]: 0x80001B6C (0x00000213) addi tp, zero, 0
x4 <- 0x00000000


mem[X,0x80001B70] -> 0x006F
mem[X,0x80001B72] -> 0x00C0
[320] [M]: 0x80001B70 (0x00C0006F) jal zero, 12


mem[X,0x80001B7C] -> 0xE063
mem[X,0x80001B7E] -> 0x40C9
[321] [M]: 0x80001B7C (0x40C9E063) bltu s3, a2, 1024


mem[X,0x80001F7C] -> 0x0213
mem[X,0x80001F7E] -> 0x0032
[322] [M]: 0x80001F7C (0x00320213) addi tp, tp, 3
x4 <- 0x00000003


mem[X,0x80001F80] -> 0x006F
mem[X,0x80001F82] -> 0x0040
[323] [M]: 0x80001F80 (0x0040006F) jal zero, 4


mem[X,0x80001F84] -> 0xA623
mem[X,0x80001F86] -> 0x0040
[324] [M]: 0x80001F84 (0x0040A623) sw tp, 12(ra)
mem[0x8004C180] <- 0x00000003


mem[X,0x80001F88] -> 0x0C13
mem[X,0x80001F8A] -> 0xFFD0
[325] [M]: 0x80001F88 (0xFFD00C13) addi s8, zero, 4093
x24 <- 0xFFFFFFFD


mem[X,0x80001F8C] -> 0x05B7
mem[X,0x80001F8E] -> 0x0080
[326] [M]: 0x80001F8C (0x008005B7) lui a1, 2048
x11 <- 0x00800000


mem[X,0x80001F90] -> 0x0213
mem[X,0x80001F92] -> 0x0000
[327] [M]: 0x80001F90 (0x00000213) addi tp, zero, 0
x4 <- 0x00000000


mem[X,0x80001F94] -> 0x006F
mem[X,0x80001F96] -> 0x00C0
[328] [M]: 0x80001F94 (0x00C0006F) jal zero, 12


mem[X,0x80001FA0] -> 0x6CE3
mem[X,0x80001FA2] -> 0xFEBC
[329] [M]: 0x80001FA0 (0xFEBC6CE3) bltu s8, a1, 8184


mem[X,0x80001FA4] -> 0x0213
mem[X,0x80001FA6] -> 0x0022
[330] [M]: 0x80001FA4 (0x00220213) addi tp, tp, 2
x4 <- 0x00000002


mem[X,0x80001FA8] -> 0x006F
mem[X,0x80001FAA] -> 0x00C0
[331] [M]: 0x80001FA8 (0x00C0006F) jal zero, 12


mem[X,0x80001FB4] -> 0xA823
mem[X,0x80001FB6] -> 0x0040
[332] [M]: 0x80001FB4 (0x0040A823) sw tp, 16(ra)
mem[0x8004C184] <- 0x00000002


mem[X,0x80001FB8] -> 0x01B7
mem[X,0x80001FBA] -> 0x4000
[333] [M]: 0x80001FB8 (0x400001B7) lui gp, 262144
x3 <- 0x40000000


mem[X,0x80001FBC] -> 0x0737
mem[X,0x80001FBE] -> 0x0100
[334] [M]: 0x80001FBC (0x01000737) lui a4, 4096
x14 <- 0x01000000


mem[X,0x80001FC0] -> 0x0213
mem[X,0x80001FC2] -> 0x0000
[335] [M]: 0x80001FC0 (0x00000213) addi tp, zero, 0
x4 <- 0x00000000


mem[X,0x80001FC4] -> 0x006F
mem[X,0x80001FC6] -> 0x00C0
[336] [M]: 0x80001FC4 (0x00C0006F) jal zero, 12


mem[X,0x80001FD0] -> 0xECE3
mem[X,0x80001FD2] -> 0xFEE1
[337] [M]: 0x80001FD0 (0xFEE1ECE3) bltu gp, a4, 8184


mem[X,0x80001FD4] -> 0x0213
mem[X,0x80001FD6] -> 0x0022
[338] [M]: 0x80001FD4 (0x00220213) addi tp, tp, 2
x4 <- 0x00000002


mem[X,0x80001FD8] -> 0x006F
mem[X,0x80001FDA] -> 0x00C0
[339] [M]: 0x80001FD8 (0x00C0006F) jal zero, 12


mem[X,0x80001FE4] -> 0xAA23
mem[X,0x80001FE6] -> 0x0040
[340] [M]: 0x80001FE4 (0x0040AA23) sw tp, 20(ra)
mem[0x8004C188] <- 0x00000002


mem[X,0x80001FE8] -> 0x0E37
mem[X,0x80001FEA] -> 0xFFE0
[341] [M]: 0x80001FE8 (0xFFE00E37) lui t3, 1048064
x28 <- 0xFFE00000


mem[X,0x80001FEC] -> 0x0E13
mem[X,0x80001FEE] -> 0xFFFE
[342] [M]: 0x80001FEC (0xFFFE0E13) addi t3, t3, 4095
x28 <- 0xFFDFFFFF


mem[X,0x80001FF0] -> 0x0337
mem[X,0x80001FF2] -> 0x0200
[343] [M]: 0x80001FF0 (0x02000337) lui t1, 8192
x6 <- 0x02000000


mem[X,0x80001FF4] -> 0x0213
mem[X,0x80001FF6] -> 0x0000
[344] [M]: 0x80001FF4 (0x00000213) addi tp, zero, 0
x4 <- 0x00000000


mem[X,0x80001FF8] -> 0x006F
mem[X,0x80001FFA] -> 0x00C0
[345] [M]: 0x80001FF8 (0x00C0006F) jal zero, 12


mem[X,0x80002004] -> 0x6CE3
mem[X,0x80002006] -> 0xFE6E
[346] [M]: 0x80002004 (0xFE6E6CE3) bltu t3, t1, 8184


mem[X,0x80002008] -> 0x0213
mem[X,0x8000200A] -> 0x0022
[347] [M]: 0x80002008 (0x00220213) addi tp, tp, 2
x4 <- 0x00000002


mem[X,0x8000200C] -> 0x006F
mem[X,0x8000200E] -> 0x00C0
[348] [M]: 0x8000200C (0x00C0006F) jal zero, 12


mem[X,0x80002018] -> 0xAC23
mem[X,0x8000201A] -> 0x0040
[349] [M]: 0x80002018 (0x0040AC23) sw tp, 24(ra)
mem[0x8004C18C] <- 0x00000002


mem[X,0x8000201C] -> 0x66B7
mem[X,0x8000201E] -> 0x6666
[350] [M]: 0x8000201C (0x666666B7) lui a3, 419430
x13 <- 0x66666000


mem[X,0x80002020] -> 0x8693
mem[X,0x80002022] -> 0x6656
[351] [M]: 0x80002020 (0x66568693) addi a3, a3, 1637
x13 <- 0x66666665


mem[X,0x80002024] -> 0x0BB7
mem[X,0x80002026] -> 0x0400
[352] [M]: 0x80002024 (0x04000BB7) lui s7, 16384
x23 <- 0x04000000


mem[X,0x80002028] -> 0x0213
mem[X,0x8000202A] -> 0x0000
[353] [M]: 0x80002028 (0x00000213) addi tp, zero, 0
x4 <- 0x00000000


mem[X,0x8000202C] -> 0x006F
mem[X,0x8000202E] -> 0x00C0
[354] [M]: 0x8000202C (0x00C0006F) jal zero, 12


mem[X,0x80002038] -> 0xE063
mem[X,0x8000203A] -> 0x4176
[355] [M]: 0x80002038 (0x4176E063) bltu a3, s7, 1024


mem[X,0x8000203C] -> 0x0213
mem[X,0x8000203E] -> 0x0022
[356] [M]: 0x8000203C (0x00220213) addi tp, tp, 2
x4 <- 0x00000002


mem[X,0x80002040] -> 0x006F
mem[X,0x80002042] -> 0x4000
[357] [M]: 0x80002040 (0x4000006F) jal zero, 1024


mem[X,0x80002440] -> 0xAE23
mem[X,0x80002442] -> 0x0040
[358] [M]: 0x80002440 (0x0040AE23) sw tp, 28(ra)
mem[0x8004C190] <- 0x00000002


mem[X,0x80002444] -> 0x0537
mem[X,0x80002446] -> 0xC000
[359] [M]: 0x80002444 (0xC0000537) lui a0, 786432
x10 <- 0xC0000000


mem[X,0x80002448] -> 0x0513
mem[X,0x8000244A] -> 0xFFF5
[360] [M]: 0x80002448 (0xFFF50513) addi a0, a0, 4095
x10 <- 0xBFFFFFFF


mem[X,0x8000244C] -> 0x05B7
mem[X,0x8000244E] -> 0x0800
[361] [M]: 0x8000244C (0x080005B7) lui a1, 32768
x11 <- 0x08000000


mem[X,0x80002450] -> 0x0213
mem[X,0x80002452] -> 0x0000
[362] [M]: 0x80002450 (0x00000213) addi tp, zero, 0
x4 <- 0x00000000


mem[X,0x80002454] -> 0x006F
mem[X,0x80002456] -> 0x00C0
[363] [M]: 0x80002454 (0x00C0006F) jal zero, 12


mem[X,0x80002460] -> 0x6063
mem[X,0x80002462] -> 0x10B5
[364] [M]: 0x80002460 (0x10B56063) bltu a0, a1, 256


mem[X,0x80002464] -> 0x0213
mem[X,0x80002466] -> 0x0022
[365] [M]: 0x80002464 (0x00220213) addi tp, tp, 2
x4 <- 0x00000002


mem[X,0x80002468] -> 0x006F
mem[X,0x8000246A] -> 0x1000
[366] [M]: 0x80002468 (0x1000006F) jal zero, 256


mem[X,0x80002568] -> 0xA023
mem[X,0x8000256A] -> 0x0240
[367] [M]: 0x80002568 (0x0240A023) sw tp, 32(ra)
mem[0x8004C194] <- 0x00000002


mem[X,0x8000256C] -> 0x0537
mem[X,0x8000256E] -> 0xF000
[368] [M]: 0x8000256C (0xF0000537) lui a0, 983040
x10 <- 0xF0000000


mem[X,0x80002570] -> 0x0513
mem[X,0x80002572] -> 0xFFF5
[369] [M]: 0x80002570 (0xFFF50513) addi a0, a0, 4095
x10 <- 0xEFFFFFFF


mem[X,0x80002574] -> 0x05B7
mem[X,0x80002576] -> 0x1000
[370] [M]: 0x80002574 (0x100005B7) lui a1, 65536
x11 <- 0x10000000


mem[X,0x80002578] -> 0x0213
mem[X,0x8000257A] -> 0x0000
[371] [M]: 0x80002578 (0x00000213) addi tp, zero, 0
x4 <- 0x00000000


mem[X,0x8000257C] -> 0x006F
mem[X,0x8000257E] -> 0x0050
[372] [M]: 0x8000257C (0x0050006F) jal zero, 2052


mem[X,0x80002D80] -> 0x60E3
mem[X,0x80002D82] -> 0x80B5
[373] [M]: 0x80002D80 (0x80B560E3) bltu a0, a1, 6144


mem[X,0x80002D84] -> 0x0213
mem[X,0x80002D86] -> 0x0022
[374] [M]: 0x80002D84 (0x00220213) addi tp, tp, 2
x4 <- 0x00000002


mem[X,0x80002D88] -> 0x006F
mem[X,0x80002D8A] -> 0x00C0
[375] [M]: 0x80002D88 (0x00C0006F) jal zero, 12


mem[X,0x80002D94] -> 0xA223
mem[X,0x80002D96] -> 0x0240
[376] [M]: 0x80002D94 (0x0240A223) sw tp, 36(ra)
mem[0x8004C198] <- 0x00000002


mem[X,0x80002D98] -> 0x4537
mem[X,0x80002D9A] -> 0x0000
[377] [M]: 0x80002D98 (0x00004537) lui a0, 4
x10 <- 0x00004000


mem[X,0x80002D9C] -> 0x05B7
mem[X,0x80002D9E] -> 0x2000
[378] [M]: 0x80002D9C (0x200005B7) lui a1, 131072
x11 <- 0x20000000


mem[X,0x80002DA0] -> 0x0213
mem[X,0x80002DA2] -> 0x0000
[379] [M]: 0x80002DA0 (0x00000213) addi tp, zero, 0
x4 <- 0x00000000


mem[X,0x80002DA4] -> 0x006F
mem[X,0x80002DA6] -> 0x00C0
[380] [M]: 0x80002DA4 (0x00C0006F) jal zero, 12


mem[X,0x80002DB0] -> 0x6CE3
mem[X,0x80002DB2] -> 0xFEB5
[381] [M]: 0x80002DB0 (0xFEB56CE3) bltu a0, a1, 8184


mem[X,0x80002DA8] -> 0x0213
mem[X,0x80002DAA] -> 0x0012
[382] [M]: 0x80002DA8 (0x00120213) addi tp, tp, 1
x4 <- 0x00000001


mem[X,0x80002DAC] -> 0x006F
mem[X,0x80002DAE] -> 0x0180
[383] [M]: 0x80002DAC (0x0180006F) jal zero, 24


mem[X,0x80002DC4] -> 0xA423
mem[X,0x80002DC6] -> 0x0240
[384] [M]: 0x80002DC4 (0x0240A423) sw tp, 40(ra)
mem[0x8004C19C] <- 0x00000001


mem[X,0x80002DC8] -> 0x0537
mem[X,0x80002DCA] -> 0xFFFF
[385] [M]: 0x80002DC8 (0xFFFF0537) lui a0, 1048560
x10 <- 0xFFFF0000


mem[X,0x80002DCC] -> 0x0513
mem[X,0x80002DCE] -> 0xFFF5
[386] [M]: 0x80002DCC (0xFFF50513) addi a0, a0, 4095
x10 <- 0xFFFEFFFF


mem[X,0x80002DD0] -> 0x05B7
mem[X,0x80002DD2] -> 0x4000
[387] [M]: 0x80002DD0 (0x400005B7) lui a1, 262144
x11 <- 0x40000000


mem[X,0x80002DD4] -> 0x0213
mem[X,0x80002DD6] -> 0x0000
[388] [M]: 0x80002DD4 (0x00000213) addi tp, zero, 0
x4 <- 0x00000000


mem[X,0x80002DD8] -> 0x006F
mem[X,0x80002DDA] -> 0x00C0
[389] [M]: 0x80002DD8 (0x00C0006F) jal zero, 12


mem[X,0x80002DE4] -> 0x6663
mem[X,0x80002DE6] -> 0x00B5
[390] [M]: 0x80002DE4 (0x00B56663) bltu a0, a1, 12


mem[X,0x80002DE8] -> 0x0213
mem[X,0x80002DEA] -> 0x0022
[391] [M]: 0x80002DE8 (0x00220213) addi tp, tp, 2
x4 <- 0x00000002


mem[X,0x80002DEC] -> 0x006F
mem[X,0x80002DEE] -> 0x00C0
[392] [M]: 0x80002DEC (0x00C0006F) jal zero, 12


mem[X,0x80002DF8] -> 0xA623
mem[X,0x80002DFA] -> 0x0240
[393] [M]: 0x80002DF8 (0x0240A623) sw tp, 44(ra)
mem[0x8004C1A0] <- 0x00000002


mem[X,0x80002DFC] -> 0x0537
mem[X,0x80002DFE] -> 0xFFFE
[394] [M]: 0x80002DFC (0xFFFE0537) lui a0, 1048544
x10 <- 0xFFFE0000


mem[X,0x80002E00] -> 0x0513
mem[X,0x80002E02] -> 0xFFF5
[395] [M]: 0x80002E00 (0xFFF50513) addi a0, a0, 4095
x10 <- 0xFFFDFFFF


mem[X,0x80002E04] -> 0x05B7
mem[X,0x80002E06] -> 0x8000
[396] [M]: 0x80002E04 (0x800005B7) lui a1, 524288
x11 <- 0x80000000


mem[X,0x80002E08] -> 0x0213
mem[X,0x80002E0A] -> 0x0000
[397] [M]: 0x80002E08 (0x00000213) addi tp, zero, 0
x4 <- 0x00000000


mem[X,0x80002E0C] -> 0x006F
mem[X,0x80002E0E] -> 0x00C0
[398] [M]: 0x80002E0C (0x00C0006F) jal zero, 12


mem[X,0x80002E18] -> 0x6CE3
mem[X,0x80002E1A] -> 0xFEB5
[399] [M]: 0x80002E18 (0xFEB56CE3) bltu a0, a1, 8184


clint::tick mtime <- 0x0000000000000004
 clint timer pending at mtime 0x0000000000000004
htif::tick 0x0000000000000000
mem[X,0x80002E1C] -> 0x0213
mem[X,0x80002E1E] -> 0x0022
[400] [M]: 0x80002E1C (0x00220213) addi tp, tp, 2
x4 <- 0x00000002


mem[X,0x80002E20] -> 0x006F
mem[X,0x80002E22] -> 0x00C0
[401] [M]: 0x80002E20 (0x00C0006F) jal zero, 12


mem[X,0x80002E2C] -> 0xA823
mem[X,0x80002E2E] -> 0x0240
[402] [M]: 0x80002E2C (0x0240A823) sw tp, 48(ra)
mem[0x8004C1A4] <- 0x00000002


mem[X,0x80002E30] -> 0x0537
mem[X,0x80002E32] -> 0x0001
[403] [M]: 0x80002E30 (0x00010537) lui a0, 16
x10 <- 0x00010000


mem[X,0x80002E34] -> 0x0593
mem[X,0x80002E36] -> 0xFFE0
[404] [M]: 0x80002E34 (0xFFE00593) addi a1, zero, 4094
x11 <- 0xFFFFFFFE


mem[X,0x80002E38] -> 0x0213
mem[X,0x80002E3A] -> 0x0000
[405] [M]: 0x80002E38 (0x00000213) addi tp, zero, 0
x4 <- 0x00000000


mem[X,0x80002E3C] -> 0x006F
mem[X,0x80002E3E] -> 0x00C0
[406] [M]: 0x80002E3C (0x00C0006F) jal zero, 12


mem[X,0x80002E48] -> 0x6063
mem[X,0x80002E4A] -> 0x20B5
[407] [M]: 0x80002E48 (0x20B56063) bltu a0, a1, 512


mem[X,0x80003048] -> 0x0213
mem[X,0x8000304A] -> 0x0032
[408] [M]: 0x80003048 (0x00320213) addi tp, tp, 3
x4 <- 0x00000003


mem[X,0x8000304C] -> 0x006F
mem[X,0x8000304E] -> 0x0040
[409] [M]: 0x8000304C (0x0040006F) jal zero, 4


mem[X,0x80003050] -> 0xAA23
mem[X,0x80003052] -> 0x0240
[410] [M]: 0x80003050 (0x0240AA23) sw tp, 52(ra)
mem[0x8004C1A8] <- 0x00000003


mem[X,0x80003054] -> 0x0513
mem[X,0x80003056] -> 0x00C0
[411] [M]: 0x80003054 (0x00C00513) addi a0, zero, 12
x10 <- 0x0000000C


mem[X,0x80003058] -> 0x0593
mem[X,0x8000305A] -> 0xFFD0
[412] [M]: 0x80003058 (0xFFD00593) addi a1, zero, 4093
x11 <- 0xFFFFFFFD


mem[X,0x8000305C] -> 0x0213
mem[X,0x8000305E] -> 0x0000
[413] [M]: 0x8000305C (0x00000213) addi tp, zero, 0
x4 <- 0x00000000


mem[X,0x80003060] -> 0x006F
mem[X,0x80003062] -> 0x0100
[414] [M]: 0x80003060 (0x0100006F) jal zero, 16


mem[X,0x80003070] -> 0x6AE3
mem[X,0x80003072] -> 0xFEB5
[415] [M]: 0x80003070 (0xFEB56AE3) bltu a0, a1, 8180


mem[X,0x80003064] -> 0x0213
mem[X,0x80003066] -> 0x0012
[416] [M]: 0x80003064 (0x00120213) addi tp, tp, 1
x4 <- 0x00000001


mem[X,0x80003068] -> 0x006F
mem[X,0x8000306A] -> 0x01C0
[417] [M]: 0x80003068 (0x01C0006F) jal zero, 28


mem[X,0x80003084] -> 0xAC23
mem[X,0x80003086] -> 0x0240
[418] [M]: 0x80003084 (0x0240AC23) sw tp, 56(ra)
mem[0x8004C1AC] <- 0x00000001


mem[X,0x80003088] -> 0x0513
mem[X,0x8000308A] -> 0x0040
[419] [M]: 0x80003088 (0x00400513) addi a0, zero, 4
x10 <- 0x00000004


mem[X,0x8000308C] -> 0x0593
mem[X,0x8000308E] -> 0xFFB0
[420] [M]: 0x8000308C (0xFFB00593) addi a1, zero, 4091
x11 <- 0xFFFFFFFB


mem[X,0x80003090] -> 0x0213
mem[X,0x80003092] -> 0x0000
[421] [M]: 0x80003090 (0x00000213) addi tp, zero, 0
x4 <- 0x00000000


mem[X,0x80003094] -> 0x006F
mem[X,0x80003096] -> 0x00C0
[422] [M]: 0x80003094 (0x00C0006F) jal zero, 12


mem[X,0x800030A0] -> 0x6063
mem[X,0x800030A2] -> 0x10B5
[423] [M]: 0x800030A0 (0x10B56063) bltu a0, a1, 256


mem[X,0x800031A0] -> 0x0213
mem[X,0x800031A2] -> 0x0032
[424] [M]: 0x800031A0 (0x00320213) addi tp, tp, 3
x4 <- 0x00000003


mem[X,0x800031A4] -> 0x006F
mem[X,0x800031A6] -> 0x0040
[425] [M]: 0x800031A4 (0x0040006F) jal zero, 4


mem[X,0x800031A8] -> 0xAE23
mem[X,0x800031AA] -> 0x0240
[426] [M]: 0x800031A8 (0x0240AE23) sw tp, 60(ra)
mem[0x8004C1B0] <- 0x00000003


mem[X,0x800031AC] -> 0xB537
mem[X,0x800031AE] -> 0xAAAA
[427] [M]: 0x800031AC (0xAAAAB537) lui a0, 699051
x10 <- 0xAAAAB000


mem[X,0x800031B0] -> 0x0513
mem[X,0x800031B2] -> 0xAAA5
[428] [M]: 0x800031B0 (0xAAA50513) addi a0, a0, 2730
x10 <- 0xAAAAAAAA


mem[X,0x800031B4] -> 0x0593
mem[X,0x800031B6] -> 0xFF70
[429] [M]: 0x800031B4 (0xFF700593) addi a1, zero, 4087
x11 <- 0xFFFFFFF7


mem[X,0x800031B8] -> 0x0213
mem[X,0x800031BA] -> 0x0000
[430] [M]: 0x800031B8 (0x00000213) addi tp, zero, 0
x4 <- 0x00000000


mem[X,0x800031BC] -> 0x006F
mem[X,0x800031BE] -> 0x0180
[431] [M]: 0x800031BC (0x0180006F) jal zero, 24


mem[X,0x800031D4] -> 0x66E3
mem[X,0x800031D6] -> 0xFEB5
[432] [M]: 0x800031D4 (0xFEB566E3) bltu a0, a1, 8172


mem[X,0x800031C0] -> 0x0213
mem[X,0x800031C2] -> 0x0012
[433] [M]: 0x800031C0 (0x00120213) addi tp, tp, 1
x4 <- 0x00000001


mem[X,0x800031C4] -> 0x006F
mem[X,0x800031C6] -> 0x0240
[434] [M]: 0x800031C4 (0x0240006F) jal zero, 36


mem[X,0x800031E8] -> 0xA023
mem[X,0x800031EA] -> 0x0440
[435] [M]: 0x800031E8 (0x0440A023) sw tp, 64(ra)
mem[0x8004C1B4] <- 0x00000001


mem[X,0x800031EC] -> 0xB537
mem[X,0x800031EE] -> 0xAAAA
[436] [M]: 0x800031EC (0xAAAAB537) lui a0, 699051
x10 <- 0xAAAAB000


mem[X,0x800031F0] -> 0x0513
mem[X,0x800031F2] -> 0xAAB5
[437] [M]: 0x800031F0 (0xAAB50513) addi a0, a0, 2731
x10 <- 0xAAAAAAAB


mem[X,0x800031F4] -> 0x0593
mem[X,0x800031F6] -> 0xFEF0
[438] [M]: 0x800031F4 (0xFEF00593) addi a1, zero, 4079
x11 <- 0xFFFFFFEF


mem[X,0x800031F8] -> 0x0213
mem[X,0x800031FA] -> 0x0000
[439] [M]: 0x800031F8 (0x00000213) addi tp, zero, 0
x4 <- 0x00000000


mem[X,0x800031FC] -> 0x006F
mem[X,0x800031FE] -> 0x0050
[440] [M]: 0x800031FC (0x0050006F) jal zero, 2052


mem[X,0x80003A00] -> 0x60E3
mem[X,0x80003A02] -> 0x80B5
[441] [M]: 0x80003A00 (0x80B560E3) bltu a0, a1, 6144


mem[X,0x80003200] -> 0x0213
mem[X,0x80003202] -> 0x0012
[442] [M]: 0x80003200 (0x00120213) addi tp, tp, 1
x4 <- 0x00000001


mem[X,0x80003204] -> 0x006F
mem[X,0x80003206] -> 0x0110
[443] [M]: 0x80003204 (0x0110006F) jal zero, 2064


mem[X,0x80003A14] -> 0xA223
mem[X,0x80003A16] -> 0x0440
[444] [M]: 0x80003A14 (0x0440A223) sw tp, 68(ra)
mem[0x8004C1B8] <- 0x00000001


mem[X,0x80003A18] -> 0x0513
mem[X,0x80003A1A] -> 0xFEF0
[445] [M]: 0x80003A18 (0xFEF00513) addi a0, zero, 4079
x10 <- 0xFFFFFFEF


mem[X,0x80003A1C] -> 0x0593
mem[X,0x80003A1E] -> 0xFDF0
[446] [M]: 0x80003A1C (0xFDF00593) addi a1, zero, 4063
x11 <- 0xFFFFFFDF


mem[X,0x80003A20] -> 0x0213
mem[X,0x80003A22] -> 0x0000
[447] [M]: 0x80003A20 (0x00000213) addi tp, zero, 0
x4 <- 0x00000000


mem[X,0x80003A24] -> 0x006F
mem[X,0x80003A26] -> 0x00C0
[448] [M]: 0x80003A24 (0x00C0006F) jal zero, 12


mem[X,0x80003A30] -> 0x6663
mem[X,0x80003A32] -> 0x00B5
[449] [M]: 0x80003A30 (0x00B56663) bltu a0, a1, 12


mem[X,0x80003A34] -> 0x0213
mem[X,0x80003A36] -> 0x0022
[450] [M]: 0x80003A34 (0x00220213) addi tp, tp, 2
x4 <- 0x00000002


mem[X,0x80003A38] -> 0x006F
mem[X,0x80003A3A] -> 0x00C0
[451] [M]: 0x80003A38 (0x00C0006F) jal zero, 12


mem[X,0x80003A44] -> 0xA423
mem[X,0x80003A46] -> 0x0440
[452] [M]: 0x80003A44 (0x0440A423) sw tp, 72(ra)
mem[0x8004C1BC] <- 0x00000002


mem[X,0x80003A48] -> 0x0537
mem[X,0x80003A4A] -> 0xFFE0
[453] [M]: 0x80003A48 (0xFFE00537) lui a0, 1048064
x10 <- 0xFFE00000


mem[X,0x80003A4C] -> 0x0513
mem[X,0x80003A4E] -> 0xFFF5
[454] [M]: 0x80003A4C (0xFFF50513) addi a0, a0, 4095
x10 <- 0xFFDFFFFF


mem[X,0x80003A50] -> 0x0593
mem[X,0x80003A52] -> 0xFBF0
[455] [M]: 0x80003A50 (0xFBF00593) addi a1, zero, 4031
x11 <- 0xFFFFFFBF


mem[X,0x80003A54] -> 0x0213
mem[X,0x80003A56] -> 0x0000
[456] [M]: 0x80003A54 (0x00000213) addi tp, zero, 0
x4 <- 0x00000000


mem[X,0x80003A58] -> 0x006F
mem[X,0x80003A5A] -> 0x00C0
[457] [M]: 0x80003A58 (0x00C0006F) jal zero, 12


mem[X,0x80003A64] -> 0x6863
mem[X,0x80003A66] -> 0x00B5
[458] [M]: 0x80003A64 (0x00B56863) bltu a0, a1, 16


mem[X,0x80003A74] -> 0x0213
mem[X,0x80003A76] -> 0x0032
[459] [M]: 0x80003A74 (0x00320213) addi tp, tp, 3
x4 <- 0x00000003


mem[X,0x80003A78] -> 0x006F
mem[X,0x80003A7A] -> 0x0040
[460] [M]: 0x80003A78 (0x0040006F) jal zero, 4


mem[X,0x80003A7C] -> 0xA623
mem[X,0x80003A7E] -> 0x0440
[461] [M]: 0x80003A7C (0x0440A623) sw tp, 76(ra)
mem[0x8004C1C0] <- 0x00000003


mem[X,0x80003A80] -> 0x0513
mem[X,0x80003A82] -> 0x00F0
[462] [M]: 0x80003A80 (0x00F00513) addi a0, zero, 15
x10 <- 0x0000000F


mem[X,0x80003A84] -> 0x0593
mem[X,0x80003A86] -> 0xF7F0
[463] [M]: 0x80003A84 (0xF7F00593) addi a1, zero, 3967
x11 <- 0xFFFFFF7F


mem[X,0x80003A88] -> 0x0213
mem[X,0x80003A8A] -> 0x0000
[464] [M]: 0x80003A88 (0x00000213) addi tp, zero, 0
x4 <- 0x00000000


mem[X,0x80003A8C] -> 0x006F
mem[X,0x80003A8E] -> 0x00C0
[465] [M]: 0x80003A8C (0x00C0006F) jal zero, 12


mem[X,0x80003A98] -> 0x6663
mem[X,0x80003A9A] -> 0x00B5
[466] [M]: 0x80003A98 (0x00B56663) bltu a0, a1, 12


mem[X,0x80003AA4] -> 0x0213
mem[X,0x80003AA6] -> 0x0032
[467] [M]: 0x80003AA4 (0x00320213) addi tp, tp, 3
x4 <- 0x00000003


mem[X,0x80003AA8] -> 0x006F
mem[X,0x80003AAA] -> 0x0040
[468] [M]: 0x80003AA8 (0x0040006F) jal zero, 4


mem[X,0x80003AAC] -> 0xA823
mem[X,0x80003AAE] -> 0x0440
[469] [M]: 0x80003AAC (0x0440A823) sw tp, 80(ra)
mem[0x8004C1C4] <- 0x00000003


mem[X,0x80003AB0] -> 0x0513
mem[X,0x80003AB2] -> 0x00F0
[470] [M]: 0x80003AB0 (0x00F00513) addi a0, zero, 15
x10 <- 0x0000000F


mem[X,0x80003AB4] -> 0x0593
mem[X,0x80003AB6] -> 0xEFF0
[471] [M]: 0x80003AB4 (0xEFF00593) addi a1, zero, 3839
x11 <- 0xFFFFFEFF


mem[X,0x80003AB8] -> 0x0213
mem[X,0x80003ABA] -> 0x0000
[472] [M]: 0x80003AB8 (0x00000213) addi tp, zero, 0
x4 <- 0x00000000


mem[X,0x80003ABC] -> 0x006F
mem[X,0x80003ABE] -> 0x00C0
[473] [M]: 0x80003ABC (0x00C0006F) jal zero, 12


mem[X,0x80003AC8] -> 0x6663
mem[X,0x80003ACA] -> 0x00B5
[474] [M]: 0x80003AC8 (0x00B56663) bltu a0, a1, 12


mem[X,0x80003AD4] -> 0x0213
mem[X,0x80003AD6] -> 0x0032
[475] [M]: 0x80003AD4 (0x00320213) addi tp, tp, 3
x4 <- 0x00000003


mem[X,0x80003AD8] -> 0x006F
mem[X,0x80003ADA] -> 0x0040
[476] [M]: 0x80003AD8 (0x0040006F) jal zero, 4


mem[X,0x80003ADC] -> 0xAA23
mem[X,0x80003ADE] -> 0x0440
[477] [M]: 0x80003ADC (0x0440AA23) sw tp, 84(ra)
mem[0x8004C1C8] <- 0x00000003


mem[X,0x80003AE0] -> 0x0537
mem[X,0x80003AE2] -> 0x0080
[478] [M]: 0x80003AE0 (0x00800537) lui a0, 2048
x10 <- 0x00800000


mem[X,0x80003AE4] -> 0x0593
mem[X,0x80003AE6] -> 0xDFF0
[479] [M]: 0x80003AE4 (0xDFF00593) addi a1, zero, 3583
x11 <- 0xFFFFFDFF


mem[X,0x80003AE8] -> 0x0213
mem[X,0x80003AEA] -> 0x0000
[480] [M]: 0x80003AE8 (0x00000213) addi tp, zero, 0
x4 <- 0x00000000


mem[X,0x80003AEC] -> 0x006F
mem[X,0x80003AEE] -> 0x0100
[481] [M]: 0x80003AEC (0x0100006F) jal zero, 16


mem[X,0x80003AFC] -> 0x6AE3
mem[X,0x80003AFE] -> 0xFEB5
[482] [M]: 0x80003AFC (0xFEB56AE3) bltu a0, a1, 8180


mem[X,0x80003AF0] -> 0x0213
mem[X,0x80003AF2] -> 0x0012
[483] [M]: 0x80003AF0 (0x00120213) addi tp, tp, 1
x4 <- 0x00000001


mem[X,0x80003AF4] -> 0x006F
mem[X,0x80003AF6] -> 0x01C0
[484] [M]: 0x80003AF4 (0x01C0006F) jal zero, 28


mem[X,0x80003B10] -> 0xAC23
mem[X,0x80003B12] -> 0x0440
[485] [M]: 0x80003B10 (0x0440AC23) sw tp, 88(ra)
mem[0x8004C1CC] <- 0x00000001


mem[X,0x80003B14] -> 0x0513
mem[X,0x80003B16] -> 0x00B0
[486] [M]: 0x80003B14 (0x00B00513) addi a0, zero, 11
x10 <- 0x0000000B


mem[X,0x80003B18] -> 0x0593
mem[X,0x80003B1A] -> 0xBFF0
[487] [M]: 0x80003B18 (0xBFF00593) addi a1, zero, 3071
x11 <- 0xFFFFFBFF


mem[X,0x80003B1C] -> 0x0213
mem[X,0x80003B1E] -> 0x0000
[488] [M]: 0x80003B1C (0x00000213) addi tp, zero, 0
x4 <- 0x00000000


mem[X,0x80003B20] -> 0x006F
mem[X,0x80003B22] -> 0x00C0
[489] [M]: 0x80003B20 (0x00C0006F) jal zero, 12


mem[X,0x80003B2C] -> 0x6063
mem[X,0x80003B2E] -> 0x20B5
[490] [M]: 0x80003B2C (0x20B56063) bltu a0, a1, 512


mem[X,0x80003D2C] -> 0x0213
mem[X,0x80003D2E] -> 0x0032
[491] [M]: 0x80003D2C (0x00320213) addi tp, tp, 3
x4 <- 0x00000003


mem[X,0x80003D30] -> 0x006F
mem[X,0x80003D32] -> 0x0040
[492] [M]: 0x80003D30 (0x0040006F) jal zero, 4


mem[X,0x80003D34] -> 0xAE23
mem[X,0x80003D36] -> 0x0440
[493] [M]: 0x80003D34 (0x0440AE23) sw tp, 92(ra)
mem[0x8004C1D0] <- 0x00000003


mem[X,0x80003D38] -> 0x0537
mem[X,0x80003D3A] -> 0x0010
[494] [M]: 0x80003D38 (0x00100537) lui a0, 256
x10 <- 0x00100000


mem[X,0x80003D3C] -> 0xF5B7
mem[X,0x80003D3E] -> 0xFFFF
[495] [M]: 0x80003D3C (0xFFFFF5B7) lui a1, 1048575
x11 <- 0xFFFFF000


mem[X,0x80003D40] -> 0x8593
mem[X,0x80003D42] -> 0x7FF5
[496] [M]: 0x80003D40 (0x7FF58593) addi a1, a1, 2047
x11 <- 0xFFFFF7FF


mem[X,0x80003D44] -> 0x0213
mem[X,0x80003D46] -> 0x0000
[497] [M]: 0x80003D44 (0x00000213) addi tp, zero, 0
x4 <- 0x00000000


mem[X,0x80003D48] -> 0x006F
mem[X,0x80003D4A] -> 0x00C0
[498] [M]: 0x80003D48 (0x00C0006F) jal zero, 12


mem[X,0x80003D54] -> 0x6CE3
mem[X,0x80003D56] -> 0xFEB5
[499] [M]: 0x80003D54 (0xFEB56CE3) bltu a0, a1, 8184


clint::tick mtime <- 0x0000000000000005
 clint timer pending at mtime 0x0000000000000005
htif::tick 0x0000000000000000
mem[X,0x80003D4C] -> 0x0213
mem[X,0x80003D4E] -> 0x0012
[500] [M]: 0x80003D4C (0x00120213) addi tp, tp, 1
x4 <- 0x00000001


mem[X,0x80003D50] -> 0x006F
mem[X,0x80003D52] -> 0x0180
[501] [M]: 0x80003D50 (0x0180006F) jal zero, 24


mem[X,0x80003D68] -> 0xA023
mem[X,0x80003D6A] -> 0x0640
[502] [M]: 0x80003D68 (0x0640A023) sw tp, 96(ra)
mem[0x8004C1D4] <- 0x00000001


mem[X,0x80003D6C] -> 0x6537
mem[X,0x80003D6E] -> 0x6666
[503] [M]: 0x80003D6C (0x66666537) lui a0, 419430
x10 <- 0x66666000


mem[X,0x80003D70] -> 0x0513
mem[X,0x80003D72] -> 0x6665
[504] [M]: 0x80003D70 (0x66650513) addi a0, a0, 1638
x10 <- 0x66666666


mem[X,0x80003D74] -> 0xF5B7
mem[X,0x80003D76] -> 0xFFFF
[505] [M]: 0x80003D74 (0xFFFFF5B7) lui a1, 1048575
x11 <- 0xFFFFF000


mem[X,0x80003D78] -> 0x8593
mem[X,0x80003D7A] -> 0xFFF5
[506] [M]: 0x80003D78 (0xFFF58593) addi a1, a1, 4095
x11 <- 0xFFFFEFFF


mem[X,0x80003D7C] -> 0x0213
mem[X,0x80003D7E] -> 0x0000
[507] [M]: 0x80003D7C (0x00000213) addi tp, zero, 0
x4 <- 0x00000000


mem[X,0x80003D80] -> 0x006F
mem[X,0x80003D82] -> 0x00C0
[508] [M]: 0x80003D80 (0x00C0006F) jal zero, 12


mem[X,0x80003D8C] -> 0x6663
mem[X,0x80003D8E] -> 0x00B5
[509] [M]: 0x80003D8C (0x00B56663) bltu a0, a1, 12


mem[X,0x80003D98] -> 0x0213
mem[X,0x80003D9A] -> 0x0032
[510] [M]: 0x80003D98 (0x00320213) addi tp, tp, 3
x4 <- 0x00000003


mem[X,0x80003D9C] -> 0x006F
mem[X,0x80003D9E] -> 0x0040
[511] [M]: 0x80003D9C (0x0040006F) jal zero, 4


mem[X,0x80003DA0] -> 0xA223
mem[X,0x80003DA2] -> 0x0640
[512] [M]: 0x80003DA0 (0x0640A223) sw tp, 100(ra)
mem[0x8004C1D8] <- 0x00000003


mem[X,0x80003DA4] -> 0xB537
mem[X,0x80003DA6] -> 0xAAAA
[513] [M]: 0x80003DA4 (0xAAAAB537) lui a0, 699051
x10 <- 0xAAAAB000


mem[X,0x80003DA8] -> 0x0513
mem[X,0x80003DAA] -> 0xAAB5
[514] [M]: 0x80003DA8 (0xAAB50513) addi a0, a0, 2731
x10 <- 0xAAAAAAAB


mem[X,0x80003DAC] -> 0xE5B7
mem[X,0x80003DAE] -> 0xFFFF
[515] [M]: 0x80003DAC (0xFFFFE5B7) lui a1, 1048574
x11 <- 0xFFFFE000


mem[X,0x80003DB0] -> 0x8593
mem[X,0x80003DB2] -> 0xFFF5
[516] [M]: 0x80003DB0 (0xFFF58593) addi a1, a1, 4095
x11 <- 0xFFFFDFFF


mem[X,0x80003DB4] -> 0x0213
mem[X,0x80003DB6] -> 0x0000
[517] [M]: 0x80003DB4 (0x00000213) addi tp, zero, 0
x4 <- 0x00000000


mem[X,0x80003DB8] -> 0x006F
mem[X,0x80003DBA] -> 0x00C0
[518] [M]: 0x80003DB8 (0x00C0006F) jal zero, 12


mem[X,0x80003DC4] -> 0x6063
mem[X,0x80003DC6] -> 0x40B5
[519] [M]: 0x80003DC4 (0x40B56063) bltu a0, a1, 1024


mem[X,0x800041C4] -> 0x0213
mem[X,0x800041C6] -> 0x0032
[520] [M]: 0x800041C4 (0x00320213) addi tp, tp, 3
x4 <- 0x00000003


mem[X,0x800041C8] -> 0x006F
mem[X,0x800041CA] -> 0x0040
[521] [M]: 0x800041C8 (0x0040006F) jal zero, 4


mem[X,0x800041CC] -> 0xA423
mem[X,0x800041CE] -> 0x0640
[522] [M]: 0x800041CC (0x0640A423) sw tp, 104(ra)
mem[0x8004C1DC] <- 0x00000003


mem[X,0x800041D0] -> 0x0537
mem[X,0x800041D2] -> 0xE000
[523] [M]: 0x800041D0 (0xE0000537) lui a0, 917504
x10 <- 0xE0000000


mem[X,0x800041D4] -> 0x0513
mem[X,0x800041D6] -> 0xFFF5
[524] [M]: 0x800041D4 (0xFFF50513) addi a0, a0, 4095
x10 <- 0xDFFFFFFF


mem[X,0x800041D8] -> 0xC5B7
mem[X,0x800041DA] -> 0xFFFF
[525] [M]: 0x800041D8 (0xFFFFC5B7) lui a1, 1048572
x11 <- 0xFFFFC000


mem[X,0x800041DC] -> 0x8593
mem[X,0x800041DE] -> 0xFFF5
[526] [M]: 0x800041DC (0xFFF58593) addi a1, a1, 4095
x11 <- 0xFFFFBFFF


mem[X,0x800041E0] -> 0x0213
mem[X,0x800041E2] -> 0x0000
[527] [M]: 0x800041E0 (0x00000213) addi tp, zero, 0
x4 <- 0x00000000


mem[X,0x800041E4] -> 0x006F
mem[X,0x800041E6] -> 0x00C0
[528] [M]: 0x800041E4 (0x00C0006F) jal zero, 12


mem[X,0x800041F0] -> 0x6063
mem[X,0x800041F2] -> 0x08B5
[529] [M]: 0x800041F0 (0x08B56063) bltu a0, a1, 128


mem[X,0x80004270] -> 0x0213
mem[X,0x80004272] -> 0x0032
[530] [M]: 0x80004270 (0x00320213) addi tp, tp, 3
x4 <- 0x00000003


mem[X,0x80004274] -> 0x006F
mem[X,0x80004276] -> 0x0040
[531] [M]: 0x80004274 (0x0040006F) jal zero, 4


mem[X,0x80004278] -> 0xA623
mem[X,0x8000427A] -> 0x0640
[532] [M]: 0x80004278 (0x0640A623) sw tp, 108(ra)
mem[0x8004C1E0] <- 0x00000003


mem[X,0x8000427C] -> 0x0513
mem[X,0x8000427E] -> 0x0010
[533] [M]: 0x8000427C (0x00100513) addi a0, zero, 1
x10 <- 0x00000001


mem[X,0x80004280] -> 0x85B7
mem[X,0x80004282] -> 0xFFFF
[534] [M]: 0x80004280 (0xFFFF85B7) lui a1, 1048568
x11 <- 0xFFFF8000


mem[X,0x80004284] -> 0x8593
mem[X,0x80004286] -> 0xFFF5
[535] [M]: 0x80004284 (0xFFF58593) addi a1, a1, 4095
x11 <- 0xFFFF7FFF


mem[X,0x80004288] -> 0x0213
mem[X,0x8000428A] -> 0x0000
[536] [M]: 0x80004288 (0x00000213) addi tp, zero, 0
x4 <- 0x00000000


mem[X,0x8000428C] -> 0x006F
mem[X,0x8000428E] -> 0x00C0
[537] [M]: 0x8000428C (0x00C0006F) jal zero, 12


mem[X,0x80004298] -> 0x6663
mem[X,0x8000429A] -> 0x00B5
[538] [M]: 0x80004298 (0x00B56663) bltu a0, a1, 12


mem[X,0x800042A4] -> 0x0213
mem[X,0x800042A6] -> 0x0032
[539] [M]: 0x800042A4 (0x00320213) addi tp, tp, 3
x4 <- 0x00000003


mem[X,0x800042A8] -> 0x006F
mem[X,0x800042AA] -> 0x0040
[540] [M]: 0x800042A8 (0x0040006F) jal zero, 4


mem[X,0x800042AC] -> 0xA823
mem[X,0x800042AE] -> 0x0640
[541] [M]: 0x800042AC (0x0640A823) sw tp, 112(ra)
mem[0x8004C1E4] <- 0x00000003


mem[X,0x800042B0] -> 0x2537
mem[X,0x800042B2] -> 0x0000
[542] [M]: 0x800042B0 (0x00002537) lui a0, 2
x10 <- 0x00002000


mem[X,0x800042B4] -> 0x05B7
mem[X,0x800042B6] -> 0xFFFF
[543] [M]: 0x800042B4 (0xFFFF05B7) lui a1, 1048560
x11 <- 0xFFFF0000


mem[X,0x800042B8] -> 0x8593
mem[X,0x800042BA] -> 0xFFF5
[544] [M]: 0x800042B8 (0xFFF58593) addi a1, a1, 4095
x11 <- 0xFFFEFFFF


mem[X,0x800042BC] -> 0x0213
mem[X,0x800042BE] -> 0x0000
[545] [M]: 0x800042BC (0x00000213) addi tp, zero, 0
x4 <- 0x00000000


mem[X,0x800042C0] -> 0x006F
mem[X,0x800042C2] -> 0x0100
[546] [M]: 0x800042C0 (0x0100006F) jal zero, 16


mem[X,0x800042D0] -> 0x6AE3
mem[X,0x800042D2] -> 0xFEB5
[547] [M]: 0x800042D0 (0xFEB56AE3) bltu a0, a1, 8180


mem[X,0x800042C4] -> 0x0213
mem[X,0x800042C6] -> 0x0012
[548] [M]: 0x800042C4 (0x00120213) addi tp, tp, 1
x4 <- 0x00000001


mem[X,0x800042C8] -> 0x006F
mem[X,0x800042CA] -> 0x01C0
[549] [M]: 0x800042C8 (0x01C0006F) jal zero, 28


mem[X,0x800042E4] -> 0xAA23
mem[X,0x800042E6] -> 0x0640
[550] [M]: 0x800042E4 (0x0640AA23) sw tp, 116(ra)
mem[0x8004C1E8] <- 0x00000001


mem[X,0x800042E8] -> 0x4537
mem[X,0x800042EA] -> 0x0000
[551] [M]: 0x800042E8 (0x00004537) lui a0, 4
x10 <- 0x00004000


mem[X,0x800042EC] -> 0x05B7
mem[X,0x800042EE] -> 0xFFFE
[552] [M]: 0x800042EC (0xFFFE05B7) lui a1, 1048544
x11 <- 0xFFFE0000


mem[X,0x800042F0] -> 0x8593
mem[X,0x800042F2] -> 0xFFF5
[553] [M]: 0x800042F0 (0xFFF58593) addi a1, a1, 4095
x11 <- 0xFFFDFFFF


mem[X,0x800042F4] -> 0x0213
mem[X,0x800042F6] -> 0x0000
[554] [M]: 0x800042F4 (0x00000213) addi tp, zero, 0
x4 <- 0x00000000


mem[X,0x800042F8] -> 0x006F
mem[X,0x800042FA] -> 0x00C0
[555] [M]: 0x800042F8 (0x00C0006F) jal zero, 12


mem[X,0x80004304] -> 0x6063
mem[X,0x80004306] -> 0x04B5
[556] [M]: 0x80004304 (0x04B56063) bltu a0, a1, 64


mem[X,0x80004344] -> 0x0213
mem[X,0x80004346] -> 0x0032
[557] [M]: 0x80004344 (0x00320213) addi tp, tp, 3
x4 <- 0x00000003


mem[X,0x80004348] -> 0x006F
mem[X,0x8000434A] -> 0x0040
[558] [M]: 0x80004348 (0x0040006F) jal zero, 4


mem[X,0x8000434C] -> 0xAC23
mem[X,0x8000434E] -> 0x0640
[559] [M]: 0x8000434C (0x0640AC23) sw tp, 120(ra)
mem[0x8004C1EC] <- 0x00000003


mem[X,0x80004350] -> 0x0513
mem[X,0x80004352] -> 0x0050
[560] [M]: 0x80004350 (0x00500513) addi a0, zero, 5
x10 <- 0x00000005


mem[X,0x80004354] -> 0x05B7
mem[X,0x80004356] -> 0xFFFC
[561] [M]: 0x80004354 (0xFFFC05B7) lui a1, 1048512
x11 <- 0xFFFC0000


mem[X,0x80004358] -> 0x8593
mem[X,0x8000435A] -> 0xFFF5
[562] [M]: 0x80004358 (0xFFF58593) addi a1, a1, 4095
x11 <- 0xFFFBFFFF


mem[X,0x8000435C] -> 0x0213
mem[X,0x8000435E] -> 0x0000
[563] [M]: 0x8000435C (0x00000213) addi tp, zero, 0
x4 <- 0x00000000


mem[X,0x80004360] -> 0x006F
mem[X,0x80004362] -> 0x00C0
[564] [M]: 0x80004360 (0x00C0006F) jal zero, 12


mem[X,0x8000436C] -> 0x6663
mem[X,0x8000436E] -> 0x00B5
[565] [M]: 0x8000436C (0x00B56663) bltu a0, a1, 12


mem[X,0x80004378] -> 0x0213
mem[X,0x8000437A] -> 0x0032
[566] [M]: 0x80004378 (0x00320213) addi tp, tp, 3
x4 <- 0x00000003


mem[X,0x8000437C] -> 0x006F
mem[X,0x8000437E] -> 0x0040
[567] [M]: 0x8000437C (0x0040006F) jal zero, 4


mem[X,0x80004380] -> 0xAE23
mem[X,0x80004382] -> 0x0640
[568] [M]: 0x80004380 (0x0640AE23) sw tp, 124(ra)
mem[0x8004C1F0] <- 0x00000003


mem[X,0x80004384] -> 0x0513
mem[X,0x80004386] -> 0x0030
[569] [M]: 0x80004384 (0x00300513) addi a0, zero, 3
x10 <- 0x00000003


mem[X,0x80004388] -> 0x05B7
mem[X,0x8000438A] -> 0xFFF8
[570] [M]: 0x80004388 (0xFFF805B7) lui a1, 1048448
x11 <- 0xFFF80000


mem[X,0x8000438C] -> 0x8593
mem[X,0x8000438E] -> 0xFFF5
[571] [M]: 0x8000438C (0xFFF58593) addi a1, a1, 4095
x11 <- 0xFFF7FFFF


mem[X,0x80004390] -> 0x0213
mem[X,0x80004392] -> 0x0000
[572] [M]: 0x80004390 (0x00000213) addi tp, zero, 0
x4 <- 0x00000000


mem[X,0x80004394] -> 0x006F
mem[X,0x80004396] -> 0x0140
[573] [M]: 0x80004394 (0x0140006F) jal zero, 20


mem[X,0x800043A8] -> 0x68E3
mem[X,0x800043AA] -> 0xFEB5
[574] [M]: 0x800043A8 (0xFEB568E3) bltu a0, a1, 8176


mem[X,0x80004398] -> 0x0213
mem[X,0x8000439A] -> 0x0012
[575] [M]: 0x80004398 (0x00120213) addi tp, tp, 1
x4 <- 0x00000001


mem[X,0x8000439C] -> 0x006F
mem[X,0x8000439E] -> 0x0200
[576] [M]: 0x8000439C (0x0200006F) jal zero, 32


mem[X,0x800043BC] -> 0xA023
mem[X,0x800043BE] -> 0x0840
[577] [M]: 0x800043BC (0x0840A023) sw tp, 128(ra)
mem[0x8004C1F4] <- 0x00000001


mem[X,0x800043C0] -> 0x0537
mem[X,0x800043C2] -> 0x0001
[578] [M]: 0x800043C0 (0x00010537) lui a0, 16
x10 <- 0x00010000


mem[X,0x800043C4] -> 0x05B7
mem[X,0x800043C6] -> 0xFFF0
[579] [M]: 0x800043C4 (0xFFF005B7) lui a1, 1048320
x11 <- 0xFFF00000


mem[X,0x800043C8] -> 0x8593
mem[X,0x800043CA] -> 0xFFF5
[580] [M]: 0x800043C8 (0xFFF58593) addi a1, a1, 4095
x11 <- 0xFFEFFFFF


mem[X,0x800043CC] -> 0x0213
mem[X,0x800043CE] -> 0x0000
[581] [M]: 0x800043CC (0x00000213) addi tp, zero, 0
x4 <- 0x00000000


mem[X,0x800043D0] -> 0x006F
mem[X,0x800043D2] -> 0x00C0
[582] [M]: 0x800043D0 (0x00C0006F) jal zero, 12


mem[X,0x800043DC] -> 0x6663
mem[X,0x800043DE] -> 0x00B5
[583] [M]: 0x800043DC (0x00B56663) bltu a0, a1, 12


mem[X,0x800043E8] -> 0x0213
mem[X,0x800043EA] -> 0x0032
[584] [M]: 0x800043E8 (0x00320213) addi tp, tp, 3
x4 <- 0x00000003


mem[X,0x800043EC] -> 0x006F
mem[X,0x800043EE] -> 0x0040
[585] [M]: 0x800043EC (0x0040006F) jal zero, 4


mem[X,0x800043F0] -> 0xA223
mem[X,0x800043F2] -> 0x0840
[586] [M]: 0x800043F0 (0x0840A223) sw tp, 132(ra)
mem[0x8004C1F8] <- 0x00000003


mem[X,0x800043F4] -> 0x0513
mem[X,0x800043F6] -> 0x0030
[587] [M]: 0x800043F4 (0x00300513) addi a0, zero, 3
x10 <- 0x00000003


mem[X,0x800043F8] -> 0x05B7
mem[X,0x800043FA] -> 0xFFE0
[588] [M]: 0x800043F8 (0xFFE005B7) lui a1, 1048064
x11 <- 0xFFE00000


mem[X,0x800043FC] -> 0x8593
mem[X,0x800043FE] -> 0xFFF5
[589] [M]: 0x800043FC (0xFFF58593) addi a1, a1, 4095
x11 <- 0xFFDFFFFF


mem[X,0x80004400] -> 0x0213
mem[X,0x80004402] -> 0x0000
[590] [M]: 0x80004400 (0x00000213) addi tp, zero, 0
x4 <- 0x00000000


mem[X,0x80004404] -> 0x006F
mem[X,0x80004406] -> 0x00C0
[591] [M]: 0x80004404 (0x00C0006F) jal zero, 12


mem[X,0x80004410] -> 0x6CE3
mem[X,0x80004412] -> 0xFEB5
[592] [M]: 0x80004410 (0xFEB56CE3) bltu a0, a1, 8184


mem[X,0x80004408] -> 0x0213
mem[X,0x8000440A] -> 0x0012
[593] [M]: 0x80004408 (0x00120213) addi tp, tp, 1
x4 <- 0x00000001


mem[X,0x8000440C] -> 0x006F
mem[X,0x8000440E] -> 0x0180
[594] [M]: 0x8000440C (0x0180006F) jal zero, 24


mem[X,0x80004424] -> 0xA423
mem[X,0x80004426] -> 0x0840
[595] [M]: 0x80004424 (0x0840A423) sw tp, 136(ra)
mem[0x8004C1FC] <- 0x00000001


mem[X,0x80004428] -> 0x0513
mem[X,0x8000442A] -> 0xF7F0
[596] [M]: 0x80004428 (0xF7F00513) addi a0, zero, 3967
x10 <- 0xFFFFFF7F


mem[X,0x8000442C] -> 0x05B7
mem[X,0x8000442E] -> 0xFFC0
[597] [M]: 0x8000442C (0xFFC005B7) lui a1, 1047552
x11 <- 0xFFC00000


mem[X,0x80004430] -> 0x8593
mem[X,0x80004432] -> 0xFFF5
[598] [M]: 0x80004430 (0xFFF58593) addi a1, a1, 4095
x11 <- 0xFFBFFFFF


mem[X,0x80004434] -> 0x0213
mem[X,0x80004436] -> 0x0000
[599] [M]: 0x80004434 (0x00000213) addi tp, zero, 0
x4 <- 0x00000000


clint::tick mtime <- 0x0000000000000006
 clint timer pending at mtime 0x0000000000000006
htif::tick 0x0000000000000000
mem[X,0x80004438] -> 0x006F
mem[X,0x8000443A] -> 0x00C0
[600] [M]: 0x80004438 (0x00C0006F) jal zero, 12


mem[X,0x80004444] -> 0x6063
mem[X,0x80004446] -> 0x20B5
[601] [M]: 0x80004444 (0x20B56063) bltu a0, a1, 512


mem[X,0x80004448] -> 0x0213
mem[X,0x8000444A] -> 0x0022
[602] [M]: 0x80004448 (0x00220213) addi tp, tp, 2
x4 <- 0x00000002


mem[X,0x8000444C] -> 0x006F
mem[X,0x8000444E] -> 0x2000
[603] [M]: 0x8000444C (0x2000006F) jal zero, 512


mem[X,0x8000464C] -> 0xA623
mem[X,0x8000464E] -> 0x0840
[604] [M]: 0x8000464C (0x0840A623) sw tp, 140(ra)
mem[0x8004C200] <- 0x00000002


mem[X,0x80004650] -> 0x0537
mem[X,0x80004652] -> 0x0004
[605] [M]: 0x80004650 (0x00040537) lui a0, 64
x10 <- 0x00040000


mem[X,0x80004654] -> 0x05B7
mem[X,0x80004656] -> 0xFF00
[606] [M]: 0x80004654 (0xFF0005B7) lui a1, 1044480
x11 <- 0xFF000000


mem[X,0x80004658] -> 0x8593
mem[X,0x8000465A] -> 0xFFF5
[607] [M]: 0x80004658 (0xFFF58593) addi a1, a1, 4095
x11 <- 0xFEFFFFFF


mem[X,0x8000465C] -> 0x0213
mem[X,0x8000465E] -> 0x0000
[608] [M]: 0x8000465C (0x00000213) addi tp, zero, 0
x4 <- 0x00000000


mem[X,0x80004660] -> 0x006F
mem[X,0x80004662] -> 0x00C0
[609] [M]: 0x80004660 (0x00C0006F) jal zero, 12


mem[X,0x8000466C] -> 0x6663
mem[X,0x8000466E] -> 0x00B5
[610] [M]: 0x8000466C (0x00B56663) bltu a0, a1, 12


mem[X,0x80004678] -> 0x0213
mem[X,0x8000467A] -> 0x0032
[611] [M]: 0x80004678 (0x00320213) addi tp, tp, 3
x4 <- 0x00000003


mem[X,0x8000467C] -> 0x006F
mem[X,0x8000467E] -> 0x0040
[612] [M]: 0x8000467C (0x0040006F) jal zero, 4


mem[X,0x80004680] -> 0xA823
mem[X,0x80004682] -> 0x0840
[613] [M]: 0x80004680 (0x0840A823) sw tp, 144(ra)
mem[0x8004C204] <- 0x00000003


mem[X,0x80004684] -> 0x0513
mem[X,0x80004686] -> 0x0020
[614] [M]: 0x80004684 (0x00200513) addi a0, zero, 2
x10 <- 0x00000002


mem[X,0x80004688] -> 0x05B7
mem[X,0x8000468A] -> 0xFE00
[615] [M]: 0x80004688 (0xFE0005B7) lui a1, 1040384
x11 <- 0xFE000000


mem[X,0x8000468C] -> 0x8593
mem[X,0x8000468E] -> 0xFFF5
[616] [M]: 0x8000468C (0xFFF58593) addi a1, a1, 4095
x11 <- 0xFDFFFFFF


mem[X,0x80004690] -> 0x0213
mem[X,0x80004692] -> 0x0000
[617] [M]: 0x80004690 (0x00000213) addi tp, zero, 0
x4 <- 0x00000000


mem[X,0x80004694] -> 0x006F
mem[X,0x80004696] -> 0x00C0
[618] [M]: 0x80004694 (0x00C0006F) jal zero, 12


mem[X,0x800046A0] -> 0x6CE3
mem[X,0x800046A2] -> 0xFEB5
[619] [M]: 0x800046A0 (0xFEB56CE3) bltu a0, a1, 8184


mem[X,0x80004698] -> 0x0213
mem[X,0x8000469A] -> 0x0012
[620] [M]: 0x80004698 (0x00120213) addi tp, tp, 1
x4 <- 0x00000001


mem[X,0x8000469C] -> 0x006F
mem[X,0x8000469E] -> 0x0180
[621] [M]: 0x8000469C (0x0180006F) jal zero, 24


mem[X,0x800046B4] -> 0xAA23
mem[X,0x800046B6] -> 0x0840
[622] [M]: 0x800046B4 (0x0840AA23) sw tp, 148(ra)
mem[0x8004C208] <- 0x00000001


mem[X,0x800046B8] -> 0x0537
mem[X,0x800046BA] -> 0x4000
[623] [M]: 0x800046B8 (0x40000537) lui a0, 262144
x10 <- 0x40000000


mem[X,0x800046BC] -> 0x05B7
mem[X,0x800046BE] -> 0xF800
[624] [M]: 0x800046BC (0xF80005B7) lui a1, 1015808
x11 <- 0xF8000000


mem[X,0x800046C0] -> 0x8593
mem[X,0x800046C2] -> 0xFFF5
[625] [M]: 0x800046C0 (0xFFF58593) addi a1, a1, 4095
x11 <- 0xF7FFFFFF


mem[X,0x800046C4] -> 0x0213
mem[X,0x800046C6] -> 0x0000
[626] [M]: 0x800046C4 (0x00000213) addi tp, zero, 0
x4 <- 0x00000000


mem[X,0x800046C8] -> 0x006F
mem[X,0x800046CA] -> 0x0050
[627] [M]: 0x800046C8 (0x0050006F) jal zero, 2052


mem[X,0x80004ECC] -> 0x60E3
mem[X,0x80004ECE] -> 0x80B5
[628] [M]: 0x80004ECC (0x80B560E3) bltu a0, a1, 6144


mem[X,0x800046CC] -> 0x0213
mem[X,0x800046CE] -> 0x0012
[629] [M]: 0x800046CC (0x00120213) addi tp, tp, 1
x4 <- 0x00000001


mem[X,0x800046D0] -> 0x006F
mem[X,0x800046D2] -> 0x0110
[630] [M]: 0x800046D0 (0x0110006F) jal zero, 2064


mem[X,0x80004EE0] -> 0xAC23
mem[X,0x80004EE2] -> 0x0840
[631] [M]: 0x80004EE0 (0x0840AC23) sw tp, 152(ra)
mem[0x8004C20C] <- 0x00000001


mem[X,0x80004EE4] -> 0x0513
mem[X,0x80004EE6] -> 0xFF70
[632] [M]: 0x80004EE4 (0xFF700513) addi a0, zero, 4087
x10 <- 0xFFFFFFF7


mem[X,0x80004EE8] -> 0x05B7
mem[X,0x80004EEA] -> 0xF000
[633] [M]: 0x80004EE8 (0xF00005B7) lui a1, 983040
x11 <- 0xF0000000


mem[X,0x80004EEC] -> 0x8593
mem[X,0x80004EEE] -> 0xFFF5
[634] [M]: 0x80004EEC (0xFFF58593) addi a1, a1, 4095
x11 <- 0xEFFFFFFF


mem[X,0x80004EF0] -> 0x0213
mem[X,0x80004EF2] -> 0x0000
[635] [M]: 0x80004EF0 (0x00000213) addi tp, zero, 0
x4 <- 0x00000000


mem[X,0x80004EF4] -> 0x006F
mem[X,0x80004EF6] -> 0x00C0
[636] [M]: 0x80004EF4 (0x00C0006F) jal zero, 12


mem[X,0x80004F00] -> 0x6063
mem[X,0x80004F02] -> 0x02B5
[637] [M]: 0x80004F00 (0x02B56063) bltu a0, a1, 32


mem[X,0x80004F04] -> 0x0213
mem[X,0x80004F06] -> 0x0022
[638] [M]: 0x80004F04 (0x00220213) addi tp, tp, 2
x4 <- 0x00000002


mem[X,0x80004F08] -> 0x006F
mem[X,0x80004F0A] -> 0x0200
[639] [M]: 0x80004F08 (0x0200006F) jal zero, 32


mem[X,0x80004F28] -> 0xAE23
mem[X,0x80004F2A] -> 0x0840
[640] [M]: 0x80004F28 (0x0840AE23) sw tp, 156(ra)
mem[0x8004C210] <- 0x00000002


mem[X,0x80004F2C] -> 0x0513
mem[X,0x80004F2E] -> 0xFEF0
[641] [M]: 0x80004F2C (0xFEF00513) addi a0, zero, 4079
x10 <- 0xFFFFFFEF


mem[X,0x80004F30] -> 0x05B7
mem[X,0x80004F32] -> 0xE000
[642] [M]: 0x80004F30 (0xE00005B7) lui a1, 917504
x11 <- 0xE0000000


mem[X,0x80004F34] -> 0x8593
mem[X,0x80004F36] -> 0xFFF5
[643] [M]: 0x80004F34 (0xFFF58593) addi a1, a1, 4095
x11 <- 0xDFFFFFFF


mem[X,0x80004F38] -> 0x0213
mem[X,0x80004F3A] -> 0x0000
[644] [M]: 0x80004F38 (0x00000213) addi tp, zero, 0
x4 <- 0x00000000


mem[X,0x80004F3C] -> 0x006F
mem[X,0x80004F3E] -> 0x00C0
[645] [M]: 0x80004F3C (0x00C0006F) jal zero, 12


mem[X,0x80004F48] -> 0x6CE3
mem[X,0x80004F4A] -> 0xFEB5
[646] [M]: 0x80004F48 (0xFEB56CE3) bltu a0, a1, 8184


mem[X,0x80004F4C] -> 0x0213
mem[X,0x80004F4E] -> 0x0022
[647] [M]: 0x80004F4C (0x00220213) addi tp, tp, 2
x4 <- 0x00000002


mem[X,0x80004F50] -> 0x006F
mem[X,0x80004F52] -> 0x00C0
[648] [M]: 0x80004F50 (0x00C0006F) jal zero, 12


mem[X,0x80004F5C] -> 0xA023
mem[X,0x80004F5E] -> 0x0A40
[649] [M]: 0x80004F5C (0x0A40A023) sw tp, 160(ra)
mem[0x8004C214] <- 0x00000002


mem[X,0x80004F60] -> 0x0513
mem[X,0x80004F62] -> 0x0030
[650] [M]: 0x80004F60 (0x00300513) addi a0, zero, 3
x10 <- 0x00000003


mem[X,0x80004F64] -> 0x05B7
mem[X,0x80004F66] -> 0xC000
[651] [M]: 0x80004F64 (0xC00005B7) lui a1, 786432
x11 <- 0xC0000000


mem[X,0x80004F68] -> 0x8593
mem[X,0x80004F6A] -> 0xFFF5
[652] [M]: 0x80004F68 (0xFFF58593) addi a1, a1, 4095
x11 <- 0xBFFFFFFF


mem[X,0x80004F6C] -> 0x0213
mem[X,0x80004F6E] -> 0x0000
[653] [M]: 0x80004F6C (0x00000213) addi tp, zero, 0
x4 <- 0x00000000


mem[X,0x80004F70] -> 0x006F
mem[X,0x80004F72] -> 0x2B10
[654] [M]: 0x80004F70 (0x2B10006F) jal zero, 2736


mem[X,0x80005A20] -> 0x6A63
mem[X,0x80005A22] -> 0xD4B5
[655] [M]: 0x80005A20 (0xD4B56A63) bltu a0, a1, 5460


mem[X,0x80004F74] -> 0x0213
mem[X,0x80004F76] -> 0x0012
[656] [M]: 0x80004F74 (0x00120213) addi tp, tp, 1
x4 <- 0x00000001


mem[X,0x80004F78] -> 0x006F
mem[X,0x80004F7A] -> 0x2BD0
[657] [M]: 0x80004F78 (0x2BD0006F) jal zero, 2748


mem[X,0x80005A34] -> 0xA223
mem[X,0x80005A36] -> 0x0A40
[658] [M]: 0x80005A34 (0x0A40A223) sw tp, 164(ra)
mem[0x8004C218] <- 0x00000001


mem[X,0x80005A38] -> 0x3537
mem[X,0x80005A3A] -> 0x3333
[659] [M]: 0x80005A38 (0x33333537) lui a0, 209715
x10 <- 0x33333000


mem[X,0x80005A3C] -> 0x0513
mem[X,0x80005A3E] -> 0x3345
[660] [M]: 0x80005A3C (0x33450513) addi a0, a0, 820
x10 <- 0x33333334


mem[X,0x80005A40] -> 0x55B7
mem[X,0x80005A42] -> 0x5555
[661] [M]: 0x80005A40 (0x555555B7) lui a1, 349525
x11 <- 0x55555000


mem[X,0x80005A44] -> 0x8593
mem[X,0x80005A46] -> 0x5555
[662] [M]: 0x80005A44 (0x55558593) addi a1, a1, 1365
x11 <- 0x55555555


mem[X,0x80005A48] -> 0x0213
mem[X,0x80005A4A] -> 0x0000
[663] [M]: 0x80005A48 (0x00000213) addi tp, zero, 0
x4 <- 0x00000000


mem[X,0x80005A4C] -> 0x006F
mem[X,0x80005A4E] -> 0x00C0
[664] [M]: 0x80005A4C (0x00C0006F) jal zero, 12


mem[X,0x80005A58] -> 0x6063
mem[X,0x80005A5A] -> 0x08B5
[665] [M]: 0x80005A58 (0x08B56063) bltu a0, a1, 128


mem[X,0x80005AD8] -> 0x0213
mem[X,0x80005ADA] -> 0x0032
[666] [M]: 0x80005AD8 (0x00320213) addi tp, tp, 3
x4 <- 0x00000003


mem[X,0x80005ADC] -> 0x006F
mem[X,0x80005ADE] -> 0x0040
[667] [M]: 0x80005ADC (0x0040006F) jal zero, 4


mem[X,0x80005AE0] -> 0xA423
mem[X,0x80005AE2] -> 0x0A40
[668] [M]: 0x80005AE0 (0x0A40A423) sw tp, 168(ra)
mem[0x8004C21C] <- 0x00000003


mem[X,0x80005AE4] -> 0x0513
mem[X,0x80005AE6] -> 0x0100
[669] [M]: 0x80005AE4 (0x01000513) addi a0, zero, 16
x10 <- 0x00000010


mem[X,0x80005AE8] -> 0xB5B7
mem[X,0x80005AEA] -> 0xAAAA
[670] [M]: 0x80005AE8 (0xAAAAB5B7) lui a1, 699051
x11 <- 0xAAAAB000


mem[X,0x80005AEC] -> 0x8593
mem[X,0x80005AEE] -> 0xAAA5
[671] [M]: 0x80005AEC (0xAAA58593) addi a1, a1, 2730
x11 <- 0xAAAAAAAA


mem[X,0x80005AF0] -> 0x0213
mem[X,0x80005AF2] -> 0x0000
[672] [M]: 0x80005AF0 (0x00000213) addi tp, zero, 0
x4 <- 0x00000000


mem[X,0x80005AF4] -> 0x006F
mem[X,0x80005AF6] -> 0x00C0
[673] [M]: 0x80005AF4 (0x00C0006F) jal zero, 12


mem[X,0x80005B00] -> 0x6CE3
mem[X,0x80005B02] -> 0xFEB5
[674] [M]: 0x80005B00 (0xFEB56CE3) bltu a0, a1, 8184


mem[X,0x80005AF8] -> 0x0213
mem[X,0x80005AFA] -> 0x0012
[675] [M]: 0x80005AF8 (0x00120213) addi tp, tp, 1
x4 <- 0x00000001


mem[X,0x80005AFC] -> 0x006F
mem[X,0x80005AFE] -> 0x0180
[676] [M]: 0x80005AFC (0x0180006F) jal zero, 24


mem[X,0x80005B14] -> 0xA623
mem[X,0x80005B16] -> 0x0A40
[677] [M]: 0x80005B14 (0x0A40A623) sw tp, 172(ra)
mem[0x8004C220] <- 0x00000001


mem[X,0x80005B18] -> 0x0513
mem[X,0x80005B1A] -> 0x0080
[678] [M]: 0x80005B18 (0x00800513) addi a0, zero, 8
x10 <- 0x00000008


mem[X,0x80005B1C] -> 0x0593
mem[X,0x80005B1E] -> 0x0030
[679] [M]: 0x80005B1C (0x00300593) addi a1, zero, 3
x11 <- 0x00000003


mem[X,0x80005B20] -> 0x0213
mem[X,0x80005B22] -> 0x0000
[680] [M]: 0x80005B20 (0x00000213) addi tp, zero, 0
x4 <- 0x00000000


mem[X,0x80005B24] -> 0x006F
mem[X,0x80005B26] -> 0x0180
[681] [M]: 0x80005B24 (0x0180006F) jal zero, 24


mem[X,0x80005B3C] -> 0x66E3
mem[X,0x80005B3E] -> 0xFEB5
[682] [M]: 0x80005B3C (0xFEB566E3) bltu a0, a1, 8172


mem[X,0x80005B40] -> 0x0213
mem[X,0x80005B42] -> 0x0022
[683] [M]: 0x80005B40 (0x00220213) addi tp, tp, 2
x4 <- 0x00000002


mem[X,0x80005B44] -> 0x006F
mem[X,0x80005B46] -> 0x00C0
[684] [M]: 0x80005B44 (0x00C0006F) jal zero, 12


mem[X,0x80005B50] -> 0xA823
mem[X,0x80005B52] -> 0x0A40
[685] [M]: 0x80005B50 (0x0A40A823) sw tp, 176(ra)
mem[0x8004C224] <- 0x00000002


mem[X,0x80005B54] -> 0x0513
mem[X,0x80005B56] -> 0x2000
[686] [M]: 0x80005B54 (0x20000513) addi a0, zero, 512
x10 <- 0x00000200


mem[X,0x80005B58] -> 0x0593
mem[X,0x80005B5A] -> 0x00D0
[687] [M]: 0x80005B58 (0x00D00593) addi a1, zero, 13
x11 <- 0x0000000D


mem[X,0x80005B5C] -> 0x0213
mem[X,0x80005B5E] -> 0x0000
[688] [M]: 0x80005B5C (0x00000213) addi tp, zero, 0
x4 <- 0x00000000


mem[X,0x80005B60] -> 0x006F
mem[X,0x80005B62] -> 0x00C0
[689] [M]: 0x80005B60 (0x00C0006F) jal zero, 12


mem[X,0x80005B6C] -> 0x6063
mem[X,0x80005B6E] -> 0x04B5
[690] [M]: 0x80005B6C (0x04B56063) bltu a0, a1, 64


mem[X,0x80005B70] -> 0x0213
mem[X,0x80005B72] -> 0x0022
[691] [M]: 0x80005B70 (0x00220213) addi tp, tp, 2
x4 <- 0x00000002


mem[X,0x80005B74] -> 0x006F
mem[X,0x80005B76] -> 0x0400
[692] [M]: 0x80005B74 (0x0400006F) jal zero, 64


mem[X,0x80005BB4] -> 0xAA23
mem[X,0x80005BB6] -> 0x0A40
[693] [M]: 0x80005BB4 (0x0A40AA23) sw tp, 180(ra)
mem[0x8004C228] <- 0x00000002


mem[X,0x80005BB8] -> 0x0513
mem[X,0x80005BBA] -> 0x4000
[694] [M]: 0x80005BB8 (0x40000513) addi a0, zero, 1024
x10 <- 0x00000400


mem[X,0x80005BBC] -> 0x05B7
mem[X,0x80005BBE] -> 0xFFC0
[695] [M]: 0x80005BBC (0xFFC005B7) lui a1, 1047552
x11 <- 0xFFC00000


mem[X,0x80005BC0] -> 0x8593
mem[X,0x80005BC2] -> 0xFFF5
[696] [M]: 0x80005BC0 (0xFFF58593) addi a1, a1, 4095
x11 <- 0xFFBFFFFF


mem[X,0x80005BC4] -> 0x0213
mem[X,0x80005BC6] -> 0x0000
[697] [M]: 0x80005BC4 (0x00000213) addi tp, zero, 0
x4 <- 0x00000000


mem[X,0x80005BC8] -> 0x006F
mem[X,0x80005BCA] -> 0x0180
[698] [M]: 0x80005BC8 (0x0180006F) jal zero, 24


mem[X,0x80005BE0] -> 0x66E3
mem[X,0x80005BE2] -> 0xFEB5
[699] [M]: 0x80005BE0 (0xFEB566E3) bltu a0, a1, 8172


clint::tick mtime <- 0x0000000000000007
 clint timer pending at mtime 0x0000000000000007
htif::tick 0x0000000000000000
mem[X,0x80005BCC] -> 0x0213
mem[X,0x80005BCE] -> 0x0012
[700] [M]: 0x80005BCC (0x00120213) addi tp, tp, 1
x4 <- 0x00000001


mem[X,0x80005BD0] -> 0x006F
mem[X,0x80005BD2] -> 0x0240
[701] [M]: 0x80005BD0 (0x0240006F) jal zero, 36


mem[X,0x80005BF4] -> 0xAC23
mem[X,0x80005BF6] -> 0x0A40
[702] [M]: 0x80005BF4 (0x0A40AC23) sw tp, 184(ra)
mem[0x8004C22C] <- 0x00000001


mem[X,0x80005BF8] -> 0x1537
mem[X,0x80005BFA] -> 0x0000
[703] [M]: 0x80005BF8 (0x00001537) lui a0, 1
x10 <- 0x00001000


mem[X,0x80005BFC] -> 0x0513
mem[X,0x80005BFE] -> 0x8005
[704] [M]: 0x80005BFC (0x80050513) addi a0, a0, 2048
x10 <- 0x00000800


mem[X,0x80005C00] -> 0x0593
mem[X,0x80005C02] -> 0x0050
[705] [M]: 0x80005C00 (0x00500593) addi a1, zero, 5
x11 <- 0x00000005


mem[X,0x80005C04] -> 0x0213
mem[X,0x80005C06] -> 0x0000
[706] [M]: 0x80005C04 (0x00000213) addi tp, zero, 0
x4 <- 0x00000000


mem[X,0x80005C08] -> 0x006F
mem[X,0x80005C0A] -> 0x2B10
[707] [M]: 0x80005C08 (0x2B10006F) jal zero, 2736


mem[X,0x800066B8] -> 0x6A63
mem[X,0x800066BA] -> 0xD4B5
[708] [M]: 0x800066B8 (0xD4B56A63) bltu a0, a1, 5460


mem[X,0x800066BC] -> 0x0213
mem[X,0x800066BE] -> 0x0022
[709] [M]: 0x800066BC (0x00220213) addi tp, tp, 2
x4 <- 0x00000002


mem[X,0x800066C0] -> 0x006F
mem[X,0x800066C2] -> 0x00C0
[710] [M]: 0x800066C0 (0x00C0006F) jal zero, 12


mem[X,0x800066CC] -> 0xAE23
mem[X,0x800066CE] -> 0x0A40
[711] [M]: 0x800066CC (0x0A40AE23) sw tp, 188(ra)
mem[0x8004C230] <- 0x00000002


mem[X,0x800066D0] -> 0x1537
mem[X,0x800066D2] -> 0x0000
[712] [M]: 0x800066D0 (0x00001537) lui a0, 1
x10 <- 0x00001000


mem[X,0x800066D4] -> 0x05B7
mem[X,0x800066D6] -> 0x4000
[713] [M]: 0x800066D4 (0x400005B7) lui a1, 262144
x11 <- 0x40000000


mem[X,0x800066D8] -> 0x0213
mem[X,0x800066DA] -> 0x0000
[714] [M]: 0x800066D8 (0x00000213) addi tp, zero, 0
x4 <- 0x00000000


mem[X,0x800066DC] -> 0x006F
mem[X,0x800066DE] -> 0x00C0
[715] [M]: 0x800066DC (0x00C0006F) jal zero, 12


mem[X,0x800066E8] -> 0x6063
mem[X,0x800066EA] -> 0x10B5
[716] [M]: 0x800066E8 (0x10B56063) bltu a0, a1, 256


mem[X,0x800067E8] -> 0x0213
mem[X,0x800067EA] -> 0x0032
[717] [M]: 0x800067E8 (0x00320213) addi tp, tp, 3
x4 <- 0x00000003


mem[X,0x800067EC] -> 0x006F
mem[X,0x800067EE] -> 0x0040
[718] [M]: 0x800067EC (0x0040006F) jal zero, 4


mem[X,0x800067F0] -> 0xA023
mem[X,0x800067F2] -> 0x0C40
[719] [M]: 0x800067F0 (0x0C40A023) sw tp, 192(ra)
mem[0x8004C234] <- 0x00000003


mem[X,0x800067F4] -> 0x8537
mem[X,0x800067F6] -> 0x0000
[720] [M]: 0x800067F4 (0x00008537) lui a0, 8
x10 <- 0x00008000


mem[X,0x800067F8] -> 0x05B7
mem[X,0x800067FA] -> 0xFFFC
[721] [M]: 0x800067F8 (0xFFFC05B7) lui a1, 1048512
x11 <- 0xFFFC0000


mem[X,0x800067FC] -> 0x8593
mem[X,0x800067FE] -> 0xFFF5
[722] [M]: 0x800067FC (0xFFF58593) addi a1, a1, 4095
x11 <- 0xFFFBFFFF


mem[X,0x80006800] -> 0x0213
mem[X,0x80006802] -> 0x0000
[723] [M]: 0x80006800 (0x00000213) addi tp, zero, 0
x4 <- 0x00000000


mem[X,0x80006804] -> 0x006F
mem[X,0x80006806] -> 0x00C0
[724] [M]: 0x80006804 (0x00C0006F) jal zero, 12


mem[X,0x80006810] -> 0x6663
mem[X,0x80006812] -> 0x00B5
[725] [M]: 0x80006810 (0x00B56663) bltu a0, a1, 12


mem[X,0x8000681C] -> 0x0213
mem[X,0x8000681E] -> 0x0032
[726] [M]: 0x8000681C (0x00320213) addi tp, tp, 3
x4 <- 0x00000003


mem[X,0x80006820] -> 0x006F
mem[X,0x80006822] -> 0x0040
[727] [M]: 0x80006820 (0x0040006F) jal zero, 4


mem[X,0x80006824] -> 0xA223
mem[X,0x80006826] -> 0x0C40
[728] [M]: 0x80006824 (0x0C40A223) sw tp, 196(ra)
mem[0x8004C238] <- 0x00000003


mem[X,0x80006828] -> 0x0537
mem[X,0x8000682A] -> 0x0002
[729] [M]: 0x80006828 (0x00020537) lui a0, 32
x10 <- 0x00020000


mem[X,0x8000682C] -> 0x05B7
mem[X,0x8000682E] -> 0x0080
[730] [M]: 0x8000682C (0x008005B7) lui a1, 2048
x11 <- 0x00800000


mem[X,0x80006830] -> 0x0213
mem[X,0x80006832] -> 0x0000
[731] [M]: 0x80006830 (0x00000213) addi tp, zero, 0
x4 <- 0x00000000


mem[X,0x80006834] -> 0x006F
mem[X,0x80006836] -> 0x00C0
[732] [M]: 0x80006834 (0x00C0006F) jal zero, 12


mem[X,0x80006840] -> 0x6CE3
mem[X,0x80006842] -> 0xFEB5
[733] [M]: 0x80006840 (0xFEB56CE3) bltu a0, a1, 8184


mem[X,0x80006838] -> 0x0213
mem[X,0x8000683A] -> 0x0012
[734] [M]: 0x80006838 (0x00120213) addi tp, tp, 1
x4 <- 0x00000001


mem[X,0x8000683C] -> 0x006F
mem[X,0x8000683E] -> 0x0180
[735] [M]: 0x8000683C (0x0180006F) jal zero, 24


mem[X,0x80006854] -> 0xA423
mem[X,0x80006856] -> 0x0C40
[736] [M]: 0x80006854 (0x0C40A423) sw tp, 200(ra)
mem[0x8004C23C] <- 0x00000001


mem[X,0x80006858] -> 0x0537
mem[X,0x8000685A] -> 0x0008
[737] [M]: 0x80006858 (0x00080537) lui a0, 128
x10 <- 0x00080000


mem[X,0x8000685C] -> 0xF5B7
mem[X,0x8000685E] -> 0xFFFF
[738] [M]: 0x8000685C (0xFFFFF5B7) lui a1, 1048575
x11 <- 0xFFFFF000


mem[X,0x80006860] -> 0x8593
mem[X,0x80006862] -> 0xFFF5
[739] [M]: 0x80006860 (0xFFF58593) addi a1, a1, 4095
x11 <- 0xFFFFEFFF


mem[X,0x80006864] -> 0x0213
mem[X,0x80006866] -> 0x0000
[740] [M]: 0x80006864 (0x00000213) addi tp, zero, 0
x4 <- 0x00000000


mem[X,0x80006868] -> 0x006F
mem[X,0x8000686A] -> 0x0180
[741] [M]: 0x80006868 (0x0180006F) jal zero, 24


mem[X,0x80006880] -> 0x66E3
mem[X,0x80006882] -> 0xFEB5
[742] [M]: 0x80006880 (0xFEB566E3) bltu a0, a1, 8172


mem[X,0x8000686C] -> 0x0213
mem[X,0x8000686E] -> 0x0012
[743] [M]: 0x8000686C (0x00120213) addi tp, tp, 1
x4 <- 0x00000001


mem[X,0x80006870] -> 0x006F
mem[X,0x80006872] -> 0x0240
[744] [M]: 0x80006870 (0x0240006F) jal zero, 36


mem[X,0x80006894] -> 0xA623
mem[X,0x80006896] -> 0x0C40
[745] [M]: 0x80006894 (0x0C40A623) sw tp, 204(ra)
mem[0x8004C240] <- 0x00000001


mem[X,0x80006898] -> 0x0537
mem[X,0x8000689A] -> 0x0020
[746] [M]: 0x80006898 (0x00200537) lui a0, 512
x10 <- 0x00200000


mem[X,0x8000689C] -> 0x05B7
mem[X,0x8000689E] -> 0x0400
[747] [M]: 0x8000689C (0x040005B7) lui a1, 16384
x11 <- 0x04000000


mem[X,0x800068A0] -> 0x0213
mem[X,0x800068A2] -> 0x0000
[748] [M]: 0x800068A0 (0x00000213) addi tp, zero, 0
x4 <- 0x00000000


mem[X,0x800068A4] -> 0x006F
mem[X,0x800068A6] -> 0x00C0
[749] [M]: 0x800068A4 (0x00C0006F) jal zero, 12


mem[X,0x800068B0] -> 0x6063
mem[X,0x800068B2] -> 0x04B5
[750] [M]: 0x800068B0 (0x04B56063) bltu a0, a1, 64


mem[X,0x800068F0] -> 0x0213
mem[X,0x800068F2] -> 0x0032
[751] [M]: 0x800068F0 (0x00320213) addi tp, tp, 3
x4 <- 0x00000003


mem[X,0x800068F4] -> 0x006F
mem[X,0x800068F6] -> 0x0040
[752] [M]: 0x800068F4 (0x0040006F) jal zero, 4


mem[X,0x800068F8] -> 0xA823
mem[X,0x800068FA] -> 0x0C40
[753] [M]: 0x800068F8 (0x0C40A823) sw tp, 208(ra)
mem[0x8004C244] <- 0x00000003


mem[X,0x800068FC] -> 0x0537
mem[X,0x800068FE] -> 0x0040
[754] [M]: 0x800068FC (0x00400537) lui a0, 1024
x10 <- 0x00400000


mem[X,0x80006900] -> 0x05B7
mem[X,0x80006902] -> 0x0004
[755] [M]: 0x80006900 (0x000405B7) lui a1, 64
x11 <- 0x00040000


mem[X,0x80006904] -> 0x0213
mem[X,0x80006906] -> 0x0000
[756] [M]: 0x80006904 (0x00000213) addi tp, zero, 0
x4 <- 0x00000000


mem[X,0x80006908] -> 0x006F
mem[X,0x8000690A] -> 0x2B10
[757] [M]: 0x80006908 (0x2B10006F) jal zero, 2736


mem[X,0x800073B8] -> 0x6A63
mem[X,0x800073BA] -> 0xD4B5
[758] [M]: 0x800073B8 (0xD4B56A63) bltu a0, a1, 5460


mem[X,0x800073BC] -> 0x0213
mem[X,0x800073BE] -> 0x0022
[759] [M]: 0x800073BC (0x00220213) addi tp, tp, 2
x4 <- 0x00000002


mem[X,0x800073C0] -> 0x006F
mem[X,0x800073C2] -> 0x00C0
[760] [M]: 0x800073C0 (0x00C0006F) jal zero, 12


mem[X,0x800073CC] -> 0xAA23
mem[X,0x800073CE] -> 0x0C40
[761] [M]: 0x800073CC (0x0C40AA23) sw tp, 212(ra)
mem[0x8004C248] <- 0x00000002


mem[X,0x800073D0] -> 0x0537
mem[X,0x800073D2] -> 0x0100
[762] [M]: 0x800073D0 (0x01000537) lui a0, 4096
x10 <- 0x01000000


mem[X,0x800073D4] -> 0x05B7
mem[X,0x800073D6] -> 0xE000
[763] [M]: 0x800073D4 (0xE00005B7) lui a1, 917504
x11 <- 0xE0000000


mem[X,0x800073D8] -> 0x8593
mem[X,0x800073DA] -> 0xFFF5
[764] [M]: 0x800073D8 (0xFFF58593) addi a1, a1, 4095
x11 <- 0xDFFFFFFF


mem[X,0x800073DC] -> 0x0213
mem[X,0x800073DE] -> 0x0000
[765] [M]: 0x800073DC (0x00000213) addi tp, zero, 0
x4 <- 0x00000000


mem[X,0x800073E0] -> 0x006F
mem[X,0x800073E2] -> 0x00C0
[766] [M]: 0x800073E0 (0x00C0006F) jal zero, 12


mem[X,0x800073EC] -> 0x6663
mem[X,0x800073EE] -> 0x00B5
[767] [M]: 0x800073EC (0x00B56663) bltu a0, a1, 12


mem[X,0x800073F8] -> 0x0213
mem[X,0x800073FA] -> 0x0032
[768] [M]: 0x800073F8 (0x00320213) addi tp, tp, 3
x4 <- 0x00000003


mem[X,0x800073FC] -> 0x006F
mem[X,0x800073FE] -> 0x0040
[769] [M]: 0x800073FC (0x0040006F) jal zero, 4


mem[X,0x80007400] -> 0xAC23
mem[X,0x80007402] -> 0x0C40
[770] [M]: 0x80007400 (0x0C40AC23) sw tp, 216(ra)
mem[0x8004C24C] <- 0x00000003


mem[X,0x80007404] -> 0x0537
mem[X,0x80007406] -> 0x0200
[771] [M]: 0x80007404 (0x02000537) lui a0, 8192
x10 <- 0x02000000


mem[X,0x80007408] -> 0x45B7
mem[X,0x8000740A] -> 0x0000
[772] [M]: 0x80007408 (0x000045B7) lui a1, 4
x11 <- 0x00004000


mem[X,0x8000740C] -> 0x0213
mem[X,0x8000740E] -> 0x0000
[773] [M]: 0x8000740C (0x00000213) addi tp, zero, 0
x4 <- 0x00000000


mem[X,0x80007410] -> 0x006F
mem[X,0x80007412] -> 0x00C0
[774] [M]: 0x80007410 (0x00C0006F) jal zero, 12


mem[X,0x8000741C] -> 0x6063
mem[X,0x8000741E] -> 0x40B5
[775] [M]: 0x8000741C (0x40B56063) bltu a0, a1, 1024


mem[X,0x80007420] -> 0x0213
mem[X,0x80007422] -> 0x0022
[776] [M]: 0x80007420 (0x00220213) addi tp, tp, 2
x4 <- 0x00000002


mem[X,0x80007424] -> 0x006F
mem[X,0x80007426] -> 0x4000
[777] [M]: 0x80007424 (0x4000006F) jal zero, 1024


mem[X,0x80007824] -> 0xAE23
mem[X,0x80007826] -> 0x0C40
[778] [M]: 0x80007824 (0x0C40AE23) sw tp, 220(ra)
mem[0x8004C250] <- 0x00000002


mem[X,0x80007828] -> 0x0537
mem[X,0x8000782A] -> 0x0800
[779] [M]: 0x80007828 (0x08000537) lui a0, 32768
x10 <- 0x08000000


mem[X,0x8000782C] -> 0x05B7
mem[X,0x8000782E] -> 0x0002
[780] [M]: 0x8000782C (0x000205B7) lui a1, 32
x11 <- 0x00020000


mem[X,0x80007830] -> 0x0213
mem[X,0x80007832] -> 0x0000
[781] [M]: 0x80007830 (0x00000213) addi tp, zero, 0
x4 <- 0x00000000


mem[X,0x80007834] -> 0x006F
mem[X,0x80007836] -> 0x0140
[782] [M]: 0x80007834 (0x0140006F) jal zero, 20


mem[X,0x80007848] -> 0x68E3
mem[X,0x8000784A] -> 0xFEB5
[783] [M]: 0x80007848 (0xFEB568E3) bltu a0, a1, 8176


mem[X,0x8000784C] -> 0x0213
mem[X,0x8000784E] -> 0x0022
[784] [M]: 0x8000784C (0x00220213) addi tp, tp, 2
x4 <- 0x00000002


mem[X,0x80007850] -> 0x006F
mem[X,0x80007852] -> 0x00C0
[785] [M]: 0x80007850 (0x00C0006F) jal zero, 12


mem[X,0x8000785C] -> 0xA023
mem[X,0x8000785E] -> 0x0E40
[786] [M]: 0x8000785C (0x0E40A023) sw tp, 224(ra)
mem[0x8004C254] <- 0x00000002


mem[X,0x80007860] -> 0x0537
mem[X,0x80007862] -> 0x1000
[787] [M]: 0x80007860 (0x10000537) lui a0, 65536
x10 <- 0x10000000


mem[X,0x80007864] -> 0x0593
mem[X,0x80007866] -> 0xBFF0
[788] [M]: 0x80007864 (0xBFF00593) addi a1, zero, 3071
x11 <- 0xFFFFFBFF


mem[X,0x80007868] -> 0x0213
mem[X,0x8000786A] -> 0x0000
[789] [M]: 0x80007868 (0x00000213) addi tp, zero, 0
x4 <- 0x00000000


mem[X,0x8000786C] -> 0x006F
mem[X,0x8000786E] -> 0x00C0
[790] [M]: 0x8000786C (0x00C0006F) jal zero, 12


mem[X,0x80007878] -> 0x6063
mem[X,0x8000787A] -> 0x40B5
[791] [M]: 0x80007878 (0x40B56063) bltu a0, a1, 1024


mem[X,0x80007C78] -> 0x0213
mem[X,0x80007C7A] -> 0x0032
[792] [M]: 0x80007C78 (0x00320213) addi tp, tp, 3
x4 <- 0x00000003


mem[X,0x80007C7C] -> 0x006F
mem[X,0x80007C7E] -> 0x0040
[793] [M]: 0x80007C7C (0x0040006F) jal zero, 4


mem[X,0x80007C80] -> 0xA223
mem[X,0x80007C82] -> 0x0E40
[794] [M]: 0x80007C80 (0x0E40A223) sw tp, 228(ra)
mem[0x8004C258] <- 0x00000003


mem[X,0x80007C84] -> 0x0537
mem[X,0x80007C86] -> 0x8000
[795] [M]: 0x80007C84 (0x80000537) lui a0, 524288
x10 <- 0x80000000


mem[X,0x80007C88] -> 0x05B7
mem[X,0x80007C8A] -> 0xFE00
[796] [M]: 0x80007C88 (0xFE0005B7) lui a1, 1040384
x11 <- 0xFE000000


mem[X,0x80007C8C] -> 0x8593
mem[X,0x80007C8E] -> 0xFFF5
[797] [M]: 0x80007C8C (0xFFF58593) addi a1, a1, 4095
x11 <- 0xFDFFFFFF


mem[X,0x80007C90] -> 0x0213
mem[X,0x80007C92] -> 0x0000
[798] [M]: 0x80007C90 (0x00000213) addi tp, zero, 0
x4 <- 0x00000000


mem[X,0x80007C94] -> 0x006F
mem[X,0x80007C96] -> 0x00C0
[799] [M]: 0x80007C94 (0x00C0006F) jal zero, 12


clint::tick mtime <- 0x0000000000000008
 clint timer pending at mtime 0x0000000000000008
htif::tick 0x0000000000000000
mem[X,0x80007CA0] -> 0x6CE3
mem[X,0x80007CA2] -> 0xFEB5
[800] [M]: 0x80007CA0 (0xFEB56CE3) bltu a0, a1, 8184


mem[X,0x80007C98] -> 0x0213
mem[X,0x80007C9A] -> 0x0012
[801] [M]: 0x80007C98 (0x00120213) addi tp, tp, 1
x4 <- 0x00000001


mem[X,0x80007C9C] -> 0x006F
mem[X,0x80007C9E] -> 0x0180
[802] [M]: 0x80007C9C (0x0180006F) jal zero, 24


mem[X,0x80007CB4] -> 0xA423
mem[X,0x80007CB6] -> 0x0E40
[803] [M]: 0x80007CB4 (0x0E40A423) sw tp, 232(ra)
mem[0x8004C25C] <- 0x00000001


mem[X,0x80007CB8] -> 0x0513
mem[X,0x80007CBA] -> 0xFFB0
[804] [M]: 0x80007CB8 (0xFFB00513) addi a0, zero, 4091
x10 <- 0xFFFFFFFB


mem[X,0x80007CBC] -> 0x55B7
mem[X,0x80007CBE] -> 0x5555
[805] [M]: 0x80007CBC (0x555555B7) lui a1, 349525
x11 <- 0x55555000


mem[X,0x80007CC0] -> 0x8593
mem[X,0x80007CC2] -> 0x5545
[806] [M]: 0x80007CC0 (0x55458593) addi a1, a1, 1364
x11 <- 0x55555554


mem[X,0x80007CC4] -> 0x0213
mem[X,0x80007CC6] -> 0x0000
[807] [M]: 0x80007CC4 (0x00000213) addi tp, zero, 0
x4 <- 0x00000000


mem[X,0x80007CC8] -> 0x006F
mem[X,0x80007CCA] -> 0x00C0
[808] [M]: 0x80007CC8 (0x00C0006F) jal zero, 12


mem[X,0x80007CD4] -> 0x6CE3
mem[X,0x80007CD6] -> 0xFEB5
[809] [M]: 0x80007CD4 (0xFEB56CE3) bltu a0, a1, 8184


mem[X,0x80007CD8] -> 0x0213
mem[X,0x80007CDA] -> 0x0022
[810] [M]: 0x80007CD8 (0x00220213) addi tp, tp, 2
x4 <- 0x00000002


mem[X,0x80007CDC] -> 0x006F
mem[X,0x80007CDE] -> 0x00C0
[811] [M]: 0x80007CDC (0x00C0006F) jal zero, 12


mem[X,0x80007CE8] -> 0xA623
mem[X,0x80007CEA] -> 0x0E40
[812] [M]: 0x80007CE8 (0x0E40A623) sw tp, 236(ra)
mem[0x8004C260] <- 0x00000002


mem[X,0x80007CEC] -> 0x0513
mem[X,0x80007CEE] -> 0xFDF0
[813] [M]: 0x80007CEC (0xFDF00513) addi a0, zero, 4063
x10 <- 0xFFFFFFDF


mem[X,0x80007CF0] -> 0x85B7
mem[X,0x80007CF2] -> 0xFFFF
[814] [M]: 0x80007CF0 (0xFFFF85B7) lui a1, 1048568
x11 <- 0xFFFF8000


mem[X,0x80007CF4] -> 0x8593
mem[X,0x80007CF6] -> 0xFFF5
[815] [M]: 0x80007CF4 (0xFFF58593) addi a1, a1, 4095
x11 <- 0xFFFF7FFF


mem[X,0x80007CF8] -> 0x0213
mem[X,0x80007CFA] -> 0x0000
[816] [M]: 0x80007CF8 (0x00000213) addi tp, zero, 0
x4 <- 0x00000000


mem[X,0x80007CFC] -> 0x006F
mem[X,0x80007CFE] -> 0x0180
[817] [M]: 0x80007CFC (0x0180006F) jal zero, 24


mem[X,0x80007D14] -> 0x66E3
mem[X,0x80007D16] -> 0xFEB5
[818] [M]: 0x80007D14 (0xFEB566E3) bltu a0, a1, 8172


mem[X,0x80007D18] -> 0x0213
mem[X,0x80007D1A] -> 0x0022
[819] [M]: 0x80007D18 (0x00220213) addi tp, tp, 2
x4 <- 0x00000002


mem[X,0x80007D1C] -> 0x006F
mem[X,0x80007D1E] -> 0x00C0
[820] [M]: 0x80007D1C (0x00C0006F) jal zero, 12


mem[X,0x80007D28] -> 0xA823
mem[X,0x80007D2A] -> 0x0E40
[821] [M]: 0x80007D28 (0x0E40A823) sw tp, 240(ra)
mem[0x8004C264] <- 0x00000002


mem[X,0x80007D2C] -> 0x0513
mem[X,0x80007D2E] -> 0xFBF0
[822] [M]: 0x80007D2C (0xFBF00513) addi a0, zero, 4031
x10 <- 0xFFFFFFBF


mem[X,0x80007D30] -> 0x0593
mem[X,0x80007D32] -> 0x0020
[823] [M]: 0x80007D30 (0x00200593) addi a1, zero, 2
x11 <- 0x00000002


mem[X,0x80007D34] -> 0x0213
mem[X,0x80007D36] -> 0x0000
[824] [M]: 0x80007D34 (0x00000213) addi tp, zero, 0
x4 <- 0x00000000


mem[X,0x80007D38] -> 0x006F
mem[X,0x80007D3A] -> 0x00C0
[825] [M]: 0x80007D38 (0x00C0006F) jal zero, 12


mem[X,0x80007D44] -> 0x6063
mem[X,0x80007D46] -> 0x40B5
[826] [M]: 0x80007D44 (0x40B56063) bltu a0, a1, 1024


mem[X,0x80007D48] -> 0x0213
mem[X,0x80007D4A] -> 0x0022
[827] [M]: 0x80007D48 (0x00220213) addi tp, tp, 2
x4 <- 0x00000002


mem[X,0x80007D4C] -> 0x006F
mem[X,0x80007D4E] -> 0x4000
[828] [M]: 0x80007D4C (0x4000006F) jal zero, 1024


mem[X,0x8000814C] -> 0xAA23
mem[X,0x8000814E] -> 0x0E40
[829] [M]: 0x8000814C (0x0E40AA23) sw tp, 244(ra)
mem[0x8004C268] <- 0x00000002


mem[X,0x80008150] -> 0x0513
mem[X,0x80008152] -> 0xEFF0
[830] [M]: 0x80008150 (0xEFF00513) addi a0, zero, 3839
x10 <- 0xFFFFFEFF


mem[X,0x80008154] -> 0xB5B7
mem[X,0x80008156] -> 0xAAAA
[831] [M]: 0x80008154 (0xAAAAB5B7) lui a1, 699051
x11 <- 0xAAAAB000


mem[X,0x80008158] -> 0x8593
mem[X,0x8000815A] -> 0xAAA5
[832] [M]: 0x80008158 (0xAAA58593) addi a1, a1, 2730
x11 <- 0xAAAAAAAA


mem[X,0x8000815C] -> 0x0213
mem[X,0x8000815E] -> 0x0000
[833] [M]: 0x8000815C (0x00000213) addi tp, zero, 0
x4 <- 0x00000000


mem[X,0x80008160] -> 0x006F
mem[X,0x80008162] -> 0x00C0
[834] [M]: 0x80008160 (0x00C0006F) jal zero, 12


mem[X,0x8000816C] -> 0x6CE3
mem[X,0x8000816E] -> 0xFEB5
[835] [M]: 0x8000816C (0xFEB56CE3) bltu a0, a1, 8184


mem[X,0x80008170] -> 0x0213
mem[X,0x80008172] -> 0x0022
[836] [M]: 0x80008170 (0x00220213) addi tp, tp, 2
x4 <- 0x00000002


mem[X,0x80008174] -> 0x006F
mem[X,0x80008176] -> 0x00C0
[837] [M]: 0x80008174 (0x00C0006F) jal zero, 12


mem[X,0x80008180] -> 0xAC23
mem[X,0x80008182] -> 0x0E40
[838] [M]: 0x80008180 (0x0E40AC23) sw tp, 248(ra)
mem[0x8004C26C] <- 0x00000002


mem[X,0x80008184] -> 0x0513
mem[X,0x80008186] -> 0xDFF0
[839] [M]: 0x80008184 (0xDFF00513) addi a0, zero, 3583
x10 <- 0xFFFFFDFF


mem[X,0x80008188] -> 0x0593
mem[X,0x8000818A] -> 0x4000
[840] [M]: 0x80008188 (0x40000593) addi a1, zero, 1024
x11 <- 0x00000400


mem[X,0x8000818C] -> 0x0213
mem[X,0x8000818E] -> 0x0000
[841] [M]: 0x8000818C (0x00000213) addi tp, zero, 0
x4 <- 0x00000000


mem[X,0x80008190] -> 0x006F
mem[X,0x80008192] -> 0x00C0
[842] [M]: 0x80008190 (0x00C0006F) jal zero, 12


mem[X,0x8000819C] -> 0x6CE3
mem[X,0x8000819E] -> 0xFEB5
[843] [M]: 0x8000819C (0xFEB56CE3) bltu a0, a1, 8184


mem[X,0x800081A0] -> 0x0213
mem[X,0x800081A2] -> 0x0022
[844] [M]: 0x800081A0 (0x00220213) addi tp, tp, 2
x4 <- 0x00000002


mem[X,0x800081A4] -> 0x006F
mem[X,0x800081A6] -> 0x00C0
[845] [M]: 0x800081A4 (0x00C0006F) jal zero, 12


mem[X,0x800081B0] -> 0xAE23
mem[X,0x800081B2] -> 0x0E40
[846] [M]: 0x800081B0 (0x0E40AE23) sw tp, 252(ra)
mem[0x8004C270] <- 0x00000002


mem[X,0x800081B4] -> 0x0513
mem[X,0x800081B6] -> 0xBFF0
[847] [M]: 0x800081B4 (0xBFF00513) addi a0, zero, 3071
x10 <- 0xFFFFFBFF


mem[X,0x800081B8] -> 0x05B7
mem[X,0x800081BA] -> 0x0010
[848] [M]: 0x800081B8 (0x001005B7) lui a1, 256
x11 <- 0x00100000


mem[X,0x800081BC] -> 0x0213
mem[X,0x800081BE] -> 0x0000
[849] [M]: 0x800081BC (0x00000213) addi tp, zero, 0
x4 <- 0x00000000


mem[X,0x800081C0] -> 0x006F
mem[X,0x800081C2] -> 0x0140
[850] [M]: 0x800081C0 (0x0140006F) jal zero, 20


mem[X,0x800081D4] -> 0x68E3
mem[X,0x800081D6] -> 0xFEB5
[851] [M]: 0x800081D4 (0xFEB568E3) bltu a0, a1, 8176


mem[X,0x800081D8] -> 0x0213
mem[X,0x800081DA] -> 0x0022
[852] [M]: 0x800081D8 (0x00220213) addi tp, tp, 2
x4 <- 0x00000002


mem[X,0x800081DC] -> 0x006F
mem[X,0x800081DE] -> 0x00C0
[853] [M]: 0x800081DC (0x00C0006F) jal zero, 12


mem[X,0x800081E8] -> 0xA023
mem[X,0x800081EA] -> 0x1040
[854] [M]: 0x800081E8 (0x1040A023) sw tp, 256(ra)
mem[0x8004C274] <- 0x00000002


mem[X,0x800081EC] -> 0xF537
mem[X,0x800081EE] -> 0xFFFF
[855] [M]: 0x800081EC (0xFFFFF537) lui a0, 1048575
x10 <- 0xFFFFF000


mem[X,0x800081F0] -> 0x0513
mem[X,0x800081F2] -> 0x7FF5
[856] [M]: 0x800081F0 (0x7FF50513) addi a0, a0, 2047
x10 <- 0xFFFFF7FF


mem[X,0x800081F4] -> 0x15B7
mem[X,0x800081F6] -> 0x0000
[857] [M]: 0x800081F4 (0x000015B7) lui a1, 1
x11 <- 0x00001000


mem[X,0x800081F8] -> 0x0213
mem[X,0x800081FA] -> 0x0000
[858] [M]: 0x800081F8 (0x00000213) addi tp, zero, 0
x4 <- 0x00000000


mem[X,0x800081FC] -> 0x006F
mem[X,0x800081FE] -> 0x00C0
[859] [M]: 0x800081FC (0x00C0006F) jal zero, 12


mem[X,0x80008208] -> 0x6063
mem[X,0x8000820A] -> 0x20B5
[860] [M]: 0x80008208 (0x20B56063) bltu a0, a1, 512


mem[X,0x8000820C] -> 0x0213
mem[X,0x8000820E] -> 0x0022
[861] [M]: 0x8000820C (0x00220213) addi tp, tp, 2
x4 <- 0x00000002


mem[X,0x80008210] -> 0x006F
mem[X,0x80008212] -> 0x2000
[862] [M]: 0x80008210 (0x2000006F) jal zero, 512


mem[X,0x80008410] -> 0xA223
mem[X,0x80008412] -> 0x1040
[863] [M]: 0x80008410 (0x1040A223) sw tp, 260(ra)
mem[0x8004C278] <- 0x00000002


mem[X,0x80008414] -> 0xF537
mem[X,0x80008416] -> 0xFFFF
[864] [M]: 0x80008414 (0xFFFFF537) lui a0, 1048575
x10 <- 0xFFFFF000


mem[X,0x80008418] -> 0x0513
mem[X,0x8000841A] -> 0xFFF5
[865] [M]: 0x80008418 (0xFFF50513) addi a0, a0, 4095
x10 <- 0xFFFFEFFF


mem[X,0x8000841C] -> 0x0593
mem[X,0x8000841E] -> 0x0030
[866] [M]: 0x8000841C (0x00300593) addi a1, zero, 3
x11 <- 0x00000003


mem[X,0x80008420] -> 0x0213
mem[X,0x80008422] -> 0x0000
[867] [M]: 0x80008420 (0x00000213) addi tp, zero, 0
x4 <- 0x00000000


mem[X,0x80008424] -> 0x006F
mem[X,0x80008426] -> 0x0100
[868] [M]: 0x80008424 (0x0100006F) jal zero, 16


mem[X,0x80008434] -> 0x6AE3
mem[X,0x80008436] -> 0xFEB5
[869] [M]: 0x80008434 (0xFEB56AE3) bltu a0, a1, 8180


mem[X,0x80008438] -> 0x0213
mem[X,0x8000843A] -> 0x0022
[870] [M]: 0x80008438 (0x00220213) addi tp, tp, 2
x4 <- 0x00000002


mem[X,0x8000843C] -> 0x006F
mem[X,0x8000843E] -> 0x00C0
[871] [M]: 0x8000843C (0x00C0006F) jal zero, 12


mem[X,0x80008448] -> 0xA423
mem[X,0x8000844A] -> 0x1040
[872] [M]: 0x80008448 (0x1040A423) sw tp, 264(ra)
mem[0x8004C27C] <- 0x00000002


mem[X,0x8000844C] -> 0xE537
mem[X,0x8000844E] -> 0xFFFF
[873] [M]: 0x8000844C (0xFFFFE537) lui a0, 1048574
x10 <- 0xFFFFE000


mem[X,0x80008450] -> 0x0513
mem[X,0x80008452] -> 0xFFF5
[874] [M]: 0x80008450 (0xFFF50513) addi a0, a0, 4095
x10 <- 0xFFFFDFFF


mem[X,0x80008454] -> 0x05B7
mem[X,0x80008456] -> 0xFF80
[875] [M]: 0x80008454 (0xFF8005B7) lui a1, 1046528
x11 <- 0xFF800000


mem[X,0x80008458] -> 0x8593
mem[X,0x8000845A] -> 0xFFF5
[876] [M]: 0x80008458 (0xFFF58593) addi a1, a1, 4095
x11 <- 0xFF7FFFFF


mem[X,0x8000845C] -> 0x0213
mem[X,0x8000845E] -> 0x0000
[877] [M]: 0x8000845C (0x00000213) addi tp, zero, 0
x4 <- 0x00000000


mem[X,0x80008460] -> 0x006F
mem[X,0x80008462] -> 0x00C0
[878] [M]: 0x80008460 (0x00C0006F) jal zero, 12


mem[X,0x8000846C] -> 0x6663
mem[X,0x8000846E] -> 0x00B5
[879] [M]: 0x8000846C (0x00B56663) bltu a0, a1, 12


mem[X,0x80008470] -> 0x0213
mem[X,0x80008472] -> 0x0022
[880] [M]: 0x80008470 (0x00220213) addi tp, tp, 2
x4 <- 0x00000002


mem[X,0x80008474] -> 0x006F
mem[X,0x80008476] -> 0x00C0
[881] [M]: 0x80008474 (0x00C0006F) jal zero, 12


mem[X,0x80008480] -> 0xA623
mem[X,0x80008482] -> 0x1040
[882] [M]: 0x80008480 (0x1040A623) sw tp, 268(ra)
mem[0x8004C280] <- 0x00000002


mem[X,0x80008484] -> 0xC537
mem[X,0x80008486] -> 0xFFFF
[883] [M]: 0x80008484 (0xFFFFC537) lui a0, 1048572
x10 <- 0xFFFFC000


mem[X,0x80008488] -> 0x0513
mem[X,0x8000848A] -> 0xFFF5
[884] [M]: 0x80008488 (0xFFF50513) addi a0, a0, 4095
x10 <- 0xFFFFBFFF


mem[X,0x8000848C] -> 0x0593
mem[X,0x8000848E] -> 0x0030
[885] [M]: 0x8000848C (0x00300593) addi a1, zero, 3
x11 <- 0x00000003


mem[X,0x80008490] -> 0x0213
mem[X,0x80008492] -> 0x0000
[886] [M]: 0x80008490 (0x00000213) addi tp, zero, 0
x4 <- 0x00000000


mem[X,0x80008494] -> 0x006F
mem[X,0x80008496] -> 0x00C0
[887] [M]: 0x80008494 (0x00C0006F) jal zero, 12


mem[X,0x800084A0] -> 0x6063
mem[X,0x800084A2] -> 0x40B5
[888] [M]: 0x800084A0 (0x40B56063) bltu a0, a1, 1024


mem[X,0x800084A4] -> 0x0213
mem[X,0x800084A6] -> 0x0022
[889] [M]: 0x800084A4 (0x00220213) addi tp, tp, 2
x4 <- 0x00000002


mem[X,0x800084A8] -> 0x006F
mem[X,0x800084AA] -> 0x4000
[890] [M]: 0x800084A8 (0x4000006F) jal zero, 1024


mem[X,0x800088A8] -> 0xA823
mem[X,0x800088AA] -> 0x1040
[891] [M]: 0x800088A8 (0x1040A823) sw tp, 272(ra)
mem[0x8004C284] <- 0x00000002


mem[X,0x800088AC] -> 0x8537
mem[X,0x800088AE] -> 0xFFFF
[892] [M]: 0x800088AC (0xFFFF8537) lui a0, 1048568
x10 <- 0xFFFF8000


mem[X,0x800088B0] -> 0x0513
mem[X,0x800088B2] -> 0xFFF5
[893] [M]: 0x800088B0 (0xFFF50513) addi a0, a0, 4095
x10 <- 0xFFFF7FFF


mem[X,0x800088B4] -> 0x0593
mem[X,0x800088B6] -> 0x0090
[894] [M]: 0x800088B4 (0x00900593) addi a1, zero, 9
x11 <- 0x00000009


mem[X,0x800088B8] -> 0x0213
mem[X,0x800088BA] -> 0x0000
[895] [M]: 0x800088B8 (0x00000213) addi tp, zero, 0
x4 <- 0x00000000


mem[X,0x800088BC] -> 0x006F
mem[X,0x800088BE] -> 0x00C0
[896] [M]: 0x800088BC (0x00C0006F) jal zero, 12


mem[X,0x800088C8] -> 0x6063
mem[X,0x800088CA] -> 0x20B5
[897] [M]: 0x800088C8 (0x20B56063) bltu a0, a1, 512


mem[X,0x800088CC] -> 0x0213
mem[X,0x800088CE] -> 0x0022
[898] [M]: 0x800088CC (0x00220213) addi tp, tp, 2
x4 <- 0x00000002


mem[X,0x800088D0] -> 0x006F
mem[X,0x800088D2] -> 0x2000
[899] [M]: 0x800088D0 (0x2000006F) jal zero, 512


clint::tick mtime <- 0x0000000000000009
 clint timer pending at mtime 0x0000000000000009
htif::tick 0x0000000000000000
mem[X,0x80008AD0] -> 0xAA23
mem[X,0x80008AD2] -> 0x1040
[900] [M]: 0x80008AD0 (0x1040AA23) sw tp, 276(ra)
mem[0x8004C288] <- 0x00000002


mem[X,0x80008AD4] -> 0x0537
mem[X,0x80008AD6] -> 0xFFFC
[901] [M]: 0x80008AD4 (0xFFFC0537) lui a0, 1048512
x10 <- 0xFFFC0000


mem[X,0x80008AD8] -> 0x0513
mem[X,0x80008ADA] -> 0xFFF5
[902] [M]: 0x80008AD8 (0xFFF50513) addi a0, a0, 4095
x10 <- 0xFFFBFFFF


mem[X,0x80008ADC] -> 0x15B7
mem[X,0x80008ADE] -> 0x0000
[903] [M]: 0x80008ADC (0x000015B7) lui a1, 1
x11 <- 0x00001000


mem[X,0x80008AE0] -> 0x8593
mem[X,0x80008AE2] -> 0x8005
[904] [M]: 0x80008AE0 (0x80058593) addi a1, a1, 2048
x11 <- 0x00000800


mem[X,0x80008AE4] -> 0x0213
mem[X,0x80008AE6] -> 0x0000
[905] [M]: 0x80008AE4 (0x00000213) addi tp, zero, 0
x4 <- 0x00000000


mem[X,0x80008AE8] -> 0x006F
mem[X,0x80008AEA] -> 0x00C0
[906] [M]: 0x80008AE8 (0x00C0006F) jal zero, 12


mem[X,0x80008AF4] -> 0x6063
mem[X,0x80008AF6] -> 0x04B5
[907] [M]: 0x80008AF4 (0x04B56063) bltu a0, a1, 64


mem[X,0x80008AF8] -> 0x0213
mem[X,0x80008AFA] -> 0x0022
[908] [M]: 0x80008AF8 (0x00220213) addi tp, tp, 2
x4 <- 0x00000002


mem[X,0x80008AFC] -> 0x006F
mem[X,0x80008AFE] -> 0x0400
[909] [M]: 0x80008AFC (0x0400006F) jal zero, 64


mem[X,0x80008B3C] -> 0xAC23
mem[X,0x80008B3E] -> 0x1040
[910] [M]: 0x80008B3C (0x1040AC23) sw tp, 280(ra)
mem[0x8004C28C] <- 0x00000002


mem[X,0x80008B40] -> 0x0537
mem[X,0x80008B42] -> 0xFFF8
[911] [M]: 0x80008B40 (0xFFF80537) lui a0, 1048448
x10 <- 0xFFF80000


mem[X,0x80008B44] -> 0x0513
mem[X,0x80008B46] -> 0xFFF5
[912] [M]: 0x80008B44 (0xFFF50513) addi a0, a0, 4095
x10 <- 0xFFF7FFFF


mem[X,0x80008B48] -> 0x0593
mem[X,0x80008B4A] -> 0xFFF0
[913] [M]: 0x80008B48 (0xFFF00593) addi a1, zero, 4095
x11 <- 0xFFFFFFFF


mem[X,0x80008B4C] -> 0x0213
mem[X,0x80008B4E] -> 0x0000
[914] [M]: 0x80008B4C (0x00000213) addi tp, zero, 0
x4 <- 0x00000000


mem[X,0x80008B50] -> 0x006F
mem[X,0x80008B52] -> 0x00C0
[915] [M]: 0x80008B50 (0x00C0006F) jal zero, 12


mem[X,0x80008B5C] -> 0x6663
mem[X,0x80008B5E] -> 0x00B5
[916] [M]: 0x80008B5C (0x00B56663) bltu a0, a1, 12


mem[X,0x80008B68] -> 0x0213
mem[X,0x80008B6A] -> 0x0032
[917] [M]: 0x80008B68 (0x00320213) addi tp, tp, 3
x4 <- 0x00000003


mem[X,0x80008B6C] -> 0x006F
mem[X,0x80008B6E] -> 0x0040
[918] [M]: 0x80008B6C (0x0040006F) jal zero, 4


mem[X,0x80008B70] -> 0xAE23
mem[X,0x80008B72] -> 0x1040
[919] [M]: 0x80008B70 (0x1040AE23) sw tp, 284(ra)
mem[0x8004C290] <- 0x00000003


mem[X,0x80008B74] -> 0x0537
mem[X,0x80008B76] -> 0xFFF0
[920] [M]: 0x80008B74 (0xFFF00537) lui a0, 1048320
x10 <- 0xFFF00000


mem[X,0x80008B78] -> 0x0513
mem[X,0x80008B7A] -> 0xFFF5
[921] [M]: 0x80008B78 (0xFFF50513) addi a0, a0, 4095
x10 <- 0xFFEFFFFF


mem[X,0x80008B7C] -> 0x05B7
mem[X,0x80008B7E] -> 0x0001
[922] [M]: 0x80008B7C (0x000105B7) lui a1, 16
x11 <- 0x00010000


mem[X,0x80008B80] -> 0x0213
mem[X,0x80008B82] -> 0x0000
[923] [M]: 0x80008B80 (0x00000213) addi tp, zero, 0
x4 <- 0x00000000


mem[X,0x80008B84] -> 0x006F
mem[X,0x80008B86] -> 0x00C0
[924] [M]: 0x80008B84 (0x00C0006F) jal zero, 12


mem[X,0x80008B90] -> 0x6663
mem[X,0x80008B92] -> 0x00B5
[925] [M]: 0x80008B90 (0x00B56663) bltu a0, a1, 12


mem[X,0x80008B94] -> 0x0213
mem[X,0x80008B96] -> 0x0022
[926] [M]: 0x80008B94 (0x00220213) addi tp, tp, 2
x4 <- 0x00000002


mem[X,0x80008B98] -> 0x006F
mem[X,0x80008B9A] -> 0x00C0
[927] [M]: 0x80008B98 (0x00C0006F) jal zero, 12


mem[X,0x80008BA4] -> 0xA023
mem[X,0x80008BA6] -> 0x1240
[928] [M]: 0x80008BA4 (0x1240A023) sw tp, 288(ra)
mem[0x8004C294] <- 0x00000002


mem[X,0x80008BA8] -> 0x0537
mem[X,0x80008BAA] -> 0xFFC0
[929] [M]: 0x80008BA8 (0xFFC00537) lui a0, 1047552
x10 <- 0xFFC00000


mem[X,0x80008BAC] -> 0x0513
mem[X,0x80008BAE] -> 0xFFF5
[930] [M]: 0x80008BAC (0xFFF50513) addi a0, a0, 4095
x10 <- 0xFFBFFFFF


mem[X,0x80008BB0] -> 0x0593
mem[X,0x80008BB2] -> 0x0000
[931] [M]: 0x80008BB0 (0x00000593) addi a1, zero, 0
x11 <- 0x00000000


mem[X,0x80008BB4] -> 0x0213
mem[X,0x80008BB6] -> 0x0000
[932] [M]: 0x80008BB4 (0x00000213) addi tp, zero, 0
x4 <- 0x00000000


mem[X,0x80008BB8] -> 0x006F
mem[X,0x80008BBA] -> 0x00C0
[933] [M]: 0x80008BB8 (0x00C0006F) jal zero, 12


mem[X,0x80008BC4] -> 0x6663
mem[X,0x80008BC6] -> 0x00B5
[934] [M]: 0x80008BC4 (0x00B56663) bltu a0, a1, 12


mem[X,0x80008BC8] -> 0x0213
mem[X,0x80008BCA] -> 0x0022
[935] [M]: 0x80008BC8 (0x00220213) addi tp, tp, 2
x4 <- 0x00000002


mem[X,0x80008BCC] -> 0x006F
mem[X,0x80008BCE] -> 0x00C0
[936] [M]: 0x80008BCC (0x00C0006F) jal zero, 12


mem[X,0x80008BD8] -> 0xA223
mem[X,0x80008BDA] -> 0x1240
[937] [M]: 0x80008BD8 (0x1240A223) sw tp, 292(ra)
mem[0x8004C298] <- 0x00000002


mem[X,0x80008BDC] -> 0x0537
mem[X,0x80008BDE] -> 0xFF00
[938] [M]: 0x80008BDC (0xFF000537) lui a0, 1044480
x10 <- 0xFF000000


mem[X,0x80008BE0] -> 0x0513
mem[X,0x80008BE2] -> 0xFFF5
[939] [M]: 0x80008BE0 (0xFFF50513) addi a0, a0, 4095
x10 <- 0xFEFFFFFF


mem[X,0x80008BE4] -> 0x0593
mem[X,0x80008BE6] -> 0x0800
[940] [M]: 0x80008BE4 (0x08000593) addi a1, zero, 128
x11 <- 0x00000080


mem[X,0x80008BE8] -> 0x0213
mem[X,0x80008BEA] -> 0x0000
[941] [M]: 0x80008BE8 (0x00000213) addi tp, zero, 0
x4 <- 0x00000000


mem[X,0x80008BEC] -> 0x006F
mem[X,0x80008BEE] -> 0x00C0
[942] [M]: 0x80008BEC (0x00C0006F) jal zero, 12


mem[X,0x80008BF8] -> 0x6663
mem[X,0x80008BFA] -> 0x00B5
[943] [M]: 0x80008BF8 (0x00B56663) bltu a0, a1, 12


mem[X,0x80008BFC] -> 0x0213
mem[X,0x80008BFE] -> 0x0022
[944] [M]: 0x80008BFC (0x00220213) addi tp, tp, 2
x4 <- 0x00000002


mem[X,0x80008C00] -> 0x006F
mem[X,0x80008C02] -> 0x00C0
[945] [M]: 0x80008C00 (0x00C0006F) jal zero, 12


mem[X,0x80008C0C] -> 0xA423
mem[X,0x80008C0E] -> 0x1240
[946] [M]: 0x80008C0C (0x1240A423) sw tp, 296(ra)
mem[0x8004C29C] <- 0x00000002


mem[X,0x80008C10] -> 0x0537
mem[X,0x80008C12] -> 0xFC00
[947] [M]: 0x80008C10 (0xFC000537) lui a0, 1032192
x10 <- 0xFC000000


mem[X,0x80008C14] -> 0x0513
mem[X,0x80008C16] -> 0xFFF5
[948] [M]: 0x80008C14 (0xFFF50513) addi a0, a0, 4095
x10 <- 0xFBFFFFFF


mem[X,0x80008C18] -> 0x0593
mem[X,0x80008C1A] -> 0x0030
[949] [M]: 0x80008C18 (0x00300593) addi a1, zero, 3
x11 <- 0x00000003


mem[X,0x80008C1C] -> 0x0213
mem[X,0x80008C1E] -> 0x0000
[950] [M]: 0x80008C1C (0x00000213) addi tp, zero, 0
x4 <- 0x00000000


mem[X,0x80008C20] -> 0x006F
mem[X,0x80008C22] -> 0x2B10
[951] [M]: 0x80008C20 (0x2B10006F) jal zero, 2736


mem[X,0x800096D0] -> 0x6A63
mem[X,0x800096D2] -> 0xD4B5
[952] [M]: 0x800096D0 (0xD4B56A63) bltu a0, a1, 5460


mem[X,0x800096D4] -> 0x0213
mem[X,0x800096D6] -> 0x0022
[953] [M]: 0x800096D4 (0x00220213) addi tp, tp, 2
x4 <- 0x00000002


mem[X,0x800096D8] -> 0x006F
mem[X,0x800096DA] -> 0x00C0
[954] [M]: 0x800096D8 (0x00C0006F) jal zero, 12


mem[X,0x800096E4] -> 0xA623
mem[X,0x800096E6] -> 0x1240
[955] [M]: 0x800096E4 (0x1240A623) sw tp, 300(ra)
mem[0x8004C2A0] <- 0x00000002


mem[X,0x800096E8] -> 0x0537
mem[X,0x800096EA] -> 0xF800
[956] [M]: 0x800096E8 (0xF8000537) lui a0, 1015808
x10 <- 0xF8000000


mem[X,0x800096EC] -> 0x0513
mem[X,0x800096EE] -> 0xFFF5
[957] [M]: 0x800096EC (0xFFF50513) addi a0, a0, 4095
x10 <- 0xF7FFFFFF


mem[X,0x800096F0] -> 0xC5B7
mem[X,0x800096F2] -> 0xFFFF
[958] [M]: 0x800096F0 (0xFFFFC5B7) lui a1, 1048572
x11 <- 0xFFFFC000


mem[X,0x800096F4] -> 0x8593
mem[X,0x800096F6] -> 0xFFF5
[959] [M]: 0x800096F4 (0xFFF58593) addi a1, a1, 4095
x11 <- 0xFFFFBFFF


mem[X,0x800096F8] -> 0x0213
mem[X,0x800096FA] -> 0x0000
[960] [M]: 0x800096F8 (0x00000213) addi tp, zero, 0
x4 <- 0x00000000


mem[X,0x800096FC] -> 0x006F
mem[X,0x800096FE] -> 0x00C0
[961] [M]: 0x800096FC (0x00C0006F) jal zero, 12


mem[X,0x80009708] -> 0x6063
mem[X,0x8000970A] -> 0x04B5
[962] [M]: 0x80009708 (0x04B56063) bltu a0, a1, 64


mem[X,0x80009748] -> 0x0213
mem[X,0x8000974A] -> 0x0032
[963] [M]: 0x80009748 (0x00320213) addi tp, tp, 3
x4 <- 0x00000003


mem[X,0x8000974C] -> 0x006F
mem[X,0x8000974E] -> 0x0040
[964] [M]: 0x8000974C (0x0040006F) jal zero, 4


mem[X,0x80009750] -> 0xA823
mem[X,0x80009752] -> 0x1240
[965] [M]: 0x80009750 (0x1240A823) sw tp, 304(ra)
mem[0x8004C2A4] <- 0x00000003


mem[X,0x80009754] -> 0x5537
mem[X,0x80009756] -> 0x5555
[966] [M]: 0x80009754 (0x55555537) lui a0, 349525
x10 <- 0x55555000


mem[X,0x80009758] -> 0x0513
mem[X,0x8000975A] -> 0x5555
[967] [M]: 0x80009758 (0x55550513) addi a0, a0, 1365
x10 <- 0x55555555


mem[X,0x8000975C] -> 0x05B7
mem[X,0x8000975E] -> 0xE000
[968] [M]: 0x8000975C (0xE00005B7) lui a1, 917504
x11 <- 0xE0000000


mem[X,0x80009760] -> 0x8593
mem[X,0x80009762] -> 0xFFF5
[969] [M]: 0x80009760 (0xFFF58593) addi a1, a1, 4095
x11 <- 0xDFFFFFFF


mem[X,0x80009764] -> 0x0213
mem[X,0x80009766] -> 0x0000
[970] [M]: 0x80009764 (0x00000213) addi tp, zero, 0
x4 <- 0x00000000


mem[X,0x80009768] -> 0x006F
mem[X,0x8000976A] -> 0x00C0
[971] [M]: 0x80009768 (0x00C0006F) jal zero, 12


mem[X,0x80009774] -> 0x6063
mem[X,0x80009776] -> 0x08B5
[972] [M]: 0x80009774 (0x08B56063) bltu a0, a1, 128


mem[X,0x800097F4] -> 0x0213
mem[X,0x800097F6] -> 0x0032
[973] [M]: 0x800097F4 (0x00320213) addi tp, tp, 3
x4 <- 0x00000003


mem[X,0x800097F8] -> 0x006F
mem[X,0x800097FA] -> 0x0040
[974] [M]: 0x800097F8 (0x0040006F) jal zero, 4


mem[X,0x800097FC] -> 0xAA23
mem[X,0x800097FE] -> 0x1240
[975] [M]: 0x800097FC (0x1240AA23) sw tp, 308(ra)
mem[0x8004C2A8] <- 0x00000003


mem[X,0x80009800] -> 0x0513
mem[X,0x80009802] -> 0x0030
[976] [M]: 0x80009800 (0x00300513) addi a0, zero, 3
x10 <- 0x00000003


mem[X,0x80009804] -> 0x0593
mem[X,0x80009806] -> 0x0030
[977] [M]: 0x80009804 (0x00300593) addi a1, zero, 3
x11 <- 0x00000003


mem[X,0x80009808] -> 0x0213
mem[X,0x8000980A] -> 0x0000
[978] [M]: 0x80009808 (0x00000213) addi tp, zero, 0
x4 <- 0x00000000


mem[X,0x8000980C] -> 0x006F
mem[X,0x8000980E] -> 0x0180
[979] [M]: 0x8000980C (0x0180006F) jal zero, 24


mem[X,0x80009824] -> 0x66E3
mem[X,0x80009826] -> 0xFEB5
[980] [M]: 0x80009824 (0xFEB566E3) bltu a0, a1, 8172


mem[X,0x80009828] -> 0x0213
mem[X,0x8000982A] -> 0x0022
[981] [M]: 0x80009828 (0x00220213) addi tp, tp, 2
x4 <- 0x00000002


mem[X,0x8000982C] -> 0x006F
mem[X,0x8000982E] -> 0x00C0
[982] [M]: 0x8000982C (0x00C0006F) jal zero, 12


mem[X,0x80009838] -> 0xAC23
mem[X,0x8000983A] -> 0x1240
[983] [M]: 0x80009838 (0x1240AC23) sw tp, 312(ra)
mem[0x8004C2AC] <- 0x00000002


mem[X,0x8000983C] -> 0x0513
mem[X,0x8000983E] -> 0x0030
[984] [M]: 0x8000983C (0x00300513) addi a0, zero, 3
x10 <- 0x00000003


mem[X,0x80009840] -> 0x55B7
mem[X,0x80009842] -> 0x5555
[985] [M]: 0x80009840 (0x555555B7) lui a1, 349525
x11 <- 0x55555000


mem[X,0x80009844] -> 0x8593
mem[X,0x80009846] -> 0x5555
[986] [M]: 0x80009844 (0x55558593) addi a1, a1, 1365
x11 <- 0x55555555


mem[X,0x80009848] -> 0x0213
mem[X,0x8000984A] -> 0x0000
[987] [M]: 0x80009848 (0x00000213) addi tp, zero, 0
x4 <- 0x00000000


mem[X,0x8000984C] -> 0x006F
mem[X,0x8000984E] -> 0x00C0
[988] [M]: 0x8000984C (0x00C0006F) jal zero, 12


mem[X,0x80009858] -> 0x6663
mem[X,0x8000985A] -> 0x00B5
[989] [M]: 0x80009858 (0x00B56663) bltu a0, a1, 12


mem[X,0x80009864] -> 0x0213
mem[X,0x80009866] -> 0x0032
[990] [M]: 0x80009864 (0x00320213) addi tp, tp, 3
x4 <- 0x00000003


mem[X,0x80009868] -> 0x006F
mem[X,0x8000986A] -> 0x0040
[991] [M]: 0x80009868 (0x0040006F) jal zero, 4


mem[X,0x8000986C] -> 0xAE23
mem[X,0x8000986E] -> 0x1240
[992] [M]: 0x8000986C (0x1240AE23) sw tp, 316(ra)
mem[0x8004C2B0] <- 0x00000003


mem[X,0x80009870] -> 0x0513
mem[X,0x80009872] -> 0x0030
[993] [M]: 0x80009870 (0x00300513) addi a0, zero, 3
x10 <- 0x00000003


mem[X,0x80009874] -> 0xB5B7
mem[X,0x80009876] -> 0xAAAA
[994] [M]: 0x80009874 (0xAAAAB5B7) lui a1, 699051
x11 <- 0xAAAAB000


mem[X,0x80009878] -> 0x8593
mem[X,0x8000987A] -> 0xAAA5
[995] [M]: 0x80009878 (0xAAA58593) addi a1, a1, 2730
x11 <- 0xAAAAAAAA


mem[X,0x8000987C] -> 0x0213
mem[X,0x8000987E] -> 0x0000
[996] [M]: 0x8000987C (0x00000213) addi tp, zero, 0
x4 <- 0x00000000


mem[X,0x80009880] -> 0x006F
mem[X,0x80009882] -> 0x00C0
[997] [M]: 0x80009880 (0x00C0006F) jal zero, 12


mem[X,0x8000988C] -> 0x6063
mem[X,0x8000988E] -> 0x08B5
[998] [M]: 0x8000988C (0x08B56063) bltu a0, a1, 128


mem[X,0x8000990C] -> 0x0213
mem[X,0x8000990E] -> 0x0032
[999] [M]: 0x8000990C (0x00320213) addi tp, tp, 3
x4 <- 0x00000003


clint::tick mtime <- 0x000000000000000A
 clint timer pending at mtime 0x000000000000000A
htif::tick 0x0000000000000000
mem[X,0x80009910] -> 0x006F
mem[X,0x80009912] -> 0x0040
[1000] [M]: 0x80009910 (0x0040006F) jal zero, 4


mem[X,0x80009914] -> 0xA023
mem[X,0x80009916] -> 0x1440
[1001] [M]: 0x80009914 (0x1440A023) sw tp, 320(ra)
mem[0x8004C2B4] <- 0x00000003


mem[X,0x80009918] -> 0x0513
mem[X,0x8000991A] -> 0x0030
[1002] [M]: 0x80009918 (0x00300513) addi a0, zero, 3
x10 <- 0x00000003


mem[X,0x8000991C] -> 0x0593
mem[X,0x8000991E] -> 0x0050
[1003] [M]: 0x8000991C (0x00500593) addi a1, zero, 5
x11 <- 0x00000005


mem[X,0x80009920] -> 0x0213
mem[X,0x80009922] -> 0x0000
[1004] [M]: 0x80009920 (0x00000213) addi tp, zero, 0
x4 <- 0x00000000


mem[X,0x80009924] -> 0x006F
mem[X,0x80009926] -> 0x00C0
[1005] [M]: 0x80009924 (0x00C0006F) jal zero, 12


mem[X,0x80009930] -> 0x6063
mem[X,0x80009932] -> 0x10B5
[1006] [M]: 0x80009930 (0x10B56063) bltu a0, a1, 256


mem[X,0x80009A30] -> 0x0213
mem[X,0x80009A32] -> 0x0032
[1007] [M]: 0x80009A30 (0x00320213) addi tp, tp, 3
x4 <- 0x00000003


mem[X,0x80009A34] -> 0x006F
mem[X,0x80009A36] -> 0x0040
[1008] [M]: 0x80009A34 (0x0040006F) jal zero, 4


mem[X,0x80009A38] -> 0xA223
mem[X,0x80009A3A] -> 0x1440
[1009] [M]: 0x80009A38 (0x1440A223) sw tp, 324(ra)
mem[0x8004C2B8] <- 0x00000003


mem[X,0x80009A3C] -> 0x0513
mem[X,0x80009A3E] -> 0x0030
[1010] [M]: 0x80009A3C (0x00300513) addi a0, zero, 3
x10 <- 0x00000003


mem[X,0x80009A40] -> 0x35B7
mem[X,0x80009A42] -> 0x3333
[1011] [M]: 0x80009A40 (0x333335B7) lui a1, 209715
x11 <- 0x33333000


mem[X,0x80009A44] -> 0x8593
mem[X,0x80009A46] -> 0x3335
[1012] [M]: 0x80009A44 (0x33358593) addi a1, a1, 819
x11 <- 0x33333333


mem[X,0x80009A48] -> 0x0213
mem[X,0x80009A4A] -> 0x0000
[1013] [M]: 0x80009A48 (0x00000213) addi tp, zero, 0
x4 <- 0x00000000


mem[X,0x80009A4C] -> 0x006F
mem[X,0x80009A4E] -> 0x00C0
[1014] [M]: 0x80009A4C (0x00C0006F) jal zero, 12


mem[X,0x80009A58] -> 0x6663
mem[X,0x80009A5A] -> 0x00B5
[1015] [M]: 0x80009A58 (0x00B56663) bltu a0, a1, 12


mem[X,0x80009A64] -> 0x0213
mem[X,0x80009A66] -> 0x0032
[1016] [M]: 0x80009A64 (0x00320213) addi tp, tp, 3
x4 <- 0x00000003


mem[X,0x80009A68] -> 0x006F
mem[X,0x80009A6A] -> 0x0040
[1017] [M]: 0x80009A68 (0x0040006F) jal zero, 4


mem[X,0x80009A6C] -> 0xA423
mem[X,0x80009A6E] -> 0x1440
[1018] [M]: 0x80009A6C (0x1440A423) sw tp, 328(ra)
mem[0x8004C2BC] <- 0x00000003


mem[X,0x80009A70] -> 0x0513
mem[X,0x80009A72] -> 0x0030
[1019] [M]: 0x80009A70 (0x00300513) addi a0, zero, 3
x10 <- 0x00000003


mem[X,0x80009A74] -> 0x65B7
mem[X,0x80009A76] -> 0x6666
[1020] [M]: 0x80009A74 (0x666665B7) lui a1, 419430
x11 <- 0x66666000


mem[X,0x80009A78] -> 0x8593
mem[X,0x80009A7A] -> 0x6665
[1021] [M]: 0x80009A78 (0x66658593) addi a1, a1, 1638
x11 <- 0x66666666


mem[X,0x80009A7C] -> 0x0213
mem[X,0x80009A7E] -> 0x0000
[1022] [M]: 0x80009A7C (0x00000213) addi tp, zero, 0
x4 <- 0x00000000


mem[X,0x80009A80] -> 0x006F
mem[X,0x80009A82] -> 0x00C0
[1023] [M]: 0x80009A80 (0x00C0006F) jal zero, 12


mem[X,0x80009A8C] -> 0x6063
mem[X,0x80009A8E] -> 0x04B5
[1024] [M]: 0x80009A8C (0x04B56063) bltu a0, a1, 64


mem[X,0x80009ACC] -> 0x0213
mem[X,0x80009ACE] -> 0x0032
[1025] [M]: 0x80009ACC (0x00320213) addi tp, tp, 3
x4 <- 0x00000003


mem[X,0x80009AD0] -> 0x006F
mem[X,0x80009AD2] -> 0x0040
[1026] [M]: 0x80009AD0 (0x0040006F) jal zero, 4


mem[X,0x80009AD4] -> 0xA623
mem[X,0x80009AD6] -> 0x1440
[1027] [M]: 0x80009AD4 (0x1440A623) sw tp, 332(ra)
mem[0x8004C2C0] <- 0x00000003


mem[X,0x80009AD8] -> 0x0513
mem[X,0x80009ADA] -> 0x0030
[1028] [M]: 0x80009AD8 (0x00300513) addi a0, zero, 3
x10 <- 0x00000003


mem[X,0x80009ADC] -> 0xB5B7
mem[X,0x80009ADE] -> 0x0000
[1029] [M]: 0x80009ADC (0x0000B5B7) lui a1, 11
x11 <- 0x0000B000


mem[X,0x80009AE0] -> 0x8593
mem[X,0x80009AE2] -> 0x5045
[1030] [M]: 0x80009AE0 (0x50458593) addi a1, a1, 1284
x11 <- 0x0000B504


mem[X,0x80009AE4] -> 0x0213
mem[X,0x80009AE6] -> 0x0000
[1031] [M]: 0x80009AE4 (0x00000213) addi tp, zero, 0
x4 <- 0x00000000


mem[X,0x80009AE8] -> 0x006F
mem[X,0x80009AEA] -> 0x00C0
[1032] [M]: 0x80009AE8 (0x00C0006F) jal zero, 12


mem[X,0x80009AF4] -> 0x6663
mem[X,0x80009AF6] -> 0x00B5
[1033] [M]: 0x80009AF4 (0x00B56663) bltu a0, a1, 12


mem[X,0x80009B00] -> 0x0213
mem[X,0x80009B02] -> 0x0032
[1034] [M]: 0x80009B00 (0x00320213) addi tp, tp, 3
x4 <- 0x00000003


mem[X,0x80009B04] -> 0x006F
mem[X,0x80009B06] -> 0x0040
[1035] [M]: 0x80009B04 (0x0040006F) jal zero, 4


mem[X,0x80009B08] -> 0xA823
mem[X,0x80009B0A] -> 0x1440
[1036] [M]: 0x80009B08 (0x1440A823) sw tp, 336(ra)
mem[0x8004C2C4] <- 0x00000003


mem[X,0x80009B0C] -> 0x0513
mem[X,0x80009B0E] -> 0x0030
[1037] [M]: 0x80009B0C (0x00300513) addi a0, zero, 3
x10 <- 0x00000003


mem[X,0x80009B10] -> 0x0593
mem[X,0x80009B12] -> 0x0000
[1038] [M]: 0x80009B10 (0x00000593) addi a1, zero, 0
x11 <- 0x00000000


mem[X,0x80009B14] -> 0x0213
mem[X,0x80009B16] -> 0x0000
[1039] [M]: 0x80009B14 (0x00000213) addi tp, zero, 0
x4 <- 0x00000000


mem[X,0x80009B18] -> 0x006F
mem[X,0x80009B1A] -> 0x00C0
[1040] [M]: 0x80009B18 (0x00C0006F) jal zero, 12


mem[X,0x80009B24] -> 0x6663
mem[X,0x80009B26] -> 0x00B5
[1041] [M]: 0x80009B24 (0x00B56663) bltu a0, a1, 12


mem[X,0x80009B28] -> 0x0213
mem[X,0x80009B2A] -> 0x0022
[1042] [M]: 0x80009B28 (0x00220213) addi tp, tp, 2
x4 <- 0x00000002


mem[X,0x80009B2C] -> 0x006F
mem[X,0x80009B2E] -> 0x00C0
[1043] [M]: 0x80009B2C (0x00C0006F) jal zero, 12


mem[X,0x80009B38] -> 0xAA23
mem[X,0x80009B3A] -> 0x1440
[1044] [M]: 0x80009B38 (0x1440AA23) sw tp, 340(ra)
mem[0x8004C2C8] <- 0x00000002


mem[X,0x80009B3C] -> 0x0513
mem[X,0x80009B3E] -> 0x0030
[1045] [M]: 0x80009B3C (0x00300513) addi a0, zero, 3
x10 <- 0x00000003


mem[X,0x80009B40] -> 0x05B7
mem[X,0x80009B42] -> 0x0001
[1046] [M]: 0x80009B40 (0x000105B7) lui a1, 16
x11 <- 0x00010000


mem[X,0x80009B44] -> 0x8593
mem[X,0x80009B46] -> 0xFFF5
[1047] [M]: 0x80009B44 (0xFFF58593) addi a1, a1, 4095
x11 <- 0x0000FFFF


mem[X,0x80009B48] -> 0x0213
mem[X,0x80009B4A] -> 0x0000
[1048] [M]: 0x80009B48 (0x00000213) addi tp, zero, 0
x4 <- 0x00000000


mem[X,0x80009B4C] -> 0x006F
mem[X,0x80009B4E] -> 0x00C0
[1049] [M]: 0x80009B4C (0x00C0006F) jal zero, 12


mem[X,0x80009B58] -> 0x6663
mem[X,0x80009B5A] -> 0x00B5
[1050] [M]: 0x80009B58 (0x00B56663) bltu a0, a1, 12


mem[X,0x80009B64] -> 0x0213
mem[X,0x80009B66] -> 0x0032
[1051] [M]: 0x80009B64 (0x00320213) addi tp, tp, 3
x4 <- 0x00000003


mem[X,0x80009B68] -> 0x006F
mem[X,0x80009B6A] -> 0x0040
[1052] [M]: 0x80009B68 (0x0040006F) jal zero, 4


mem[X,0x80009B6C] -> 0xAC23
mem[X,0x80009B6E] -> 0x1440
[1053] [M]: 0x80009B6C (0x1440AC23) sw tp, 344(ra)
mem[0x8004C2CC] <- 0x00000003


mem[X,0x80009B70] -> 0x0513
mem[X,0x80009B72] -> 0x0030
[1054] [M]: 0x80009B70 (0x00300513) addi a0, zero, 3
x10 <- 0x00000003


mem[X,0x80009B74] -> 0x0593
mem[X,0x80009B76] -> 0x0020
[1055] [M]: 0x80009B74 (0x00200593) addi a1, zero, 2
x11 <- 0x00000002


mem[X,0x80009B78] -> 0x0213
mem[X,0x80009B7A] -> 0x0000
[1056] [M]: 0x80009B78 (0x00000213) addi tp, zero, 0
x4 <- 0x00000000


mem[X,0x80009B7C] -> 0x006F
mem[X,0x80009B7E] -> 0x00C0
[1057] [M]: 0x80009B7C (0x00C0006F) jal zero, 12


mem[X,0x80009B88] -> 0x6063
mem[X,0x80009B8A] -> 0x10B5
[1058] [M]: 0x80009B88 (0x10B56063) bltu a0, a1, 256


mem[X,0x80009B8C] -> 0x0213
mem[X,0x80009B8E] -> 0x0022
[1059] [M]: 0x80009B8C (0x00220213) addi tp, tp, 2
x4 <- 0x00000002


mem[X,0x80009B90] -> 0x006F
mem[X,0x80009B92] -> 0x1000
[1060] [M]: 0x80009B90 (0x1000006F) jal zero, 256


mem[X,0x80009C90] -> 0xAE23
mem[X,0x80009C92] -> 0x1440
[1061] [M]: 0x80009C90 (0x1440AE23) sw tp, 348(ra)
mem[0x8004C2D0] <- 0x00000002


mem[X,0x80009C94] -> 0x0513
mem[X,0x80009C96] -> 0x0030
[1062] [M]: 0x80009C94 (0x00300513) addi a0, zero, 3
x10 <- 0x00000003


mem[X,0x80009C98] -> 0x55B7
mem[X,0x80009C9A] -> 0x5555
[1063] [M]: 0x80009C98 (0x555555B7) lui a1, 349525
x11 <- 0x55555000


mem[X,0x80009C9C] -> 0x8593
mem[X,0x80009C9E] -> 0x5545
[1064] [M]: 0x80009C9C (0x55458593) addi a1, a1, 1364
x11 <- 0x55555554


mem[X,0x80009CA0] -> 0x0213
mem[X,0x80009CA2] -> 0x0000
[1065] [M]: 0x80009CA0 (0x00000213) addi tp, zero, 0
x4 <- 0x00000000


mem[X,0x80009CA4] -> 0x006F
mem[X,0x80009CA6] -> 0x00C0
[1066] [M]: 0x80009CA4 (0x00C0006F) jal zero, 12


mem[X,0x80009CB0] -> 0x6063
mem[X,0x80009CB2] -> 0x02B5
[1067] [M]: 0x80009CB0 (0x02B56063) bltu a0, a1, 32


mem[X,0x80009CD0] -> 0x0213
mem[X,0x80009CD2] -> 0x0032
[1068] [M]: 0x80009CD0 (0x00320213) addi tp, tp, 3
x4 <- 0x00000003


mem[X,0x80009CD4] -> 0x006F
mem[X,0x80009CD6] -> 0x0040
[1069] [M]: 0x80009CD4 (0x0040006F) jal zero, 4


mem[X,0x80009CD8] -> 0xA023
mem[X,0x80009CDA] -> 0x1640
[1070] [M]: 0x80009CD8 (0x1640A023) sw tp, 352(ra)
mem[0x8004C2D4] <- 0x00000003


mem[X,0x80009CDC] -> 0x0513
mem[X,0x80009CDE] -> 0x0030
[1071] [M]: 0x80009CDC (0x00300513) addi a0, zero, 3
x10 <- 0x00000003


mem[X,0x80009CE0] -> 0xB5B7
mem[X,0x80009CE2] -> 0xAAAA
[1072] [M]: 0x80009CE0 (0xAAAAB5B7) lui a1, 699051
x11 <- 0xAAAAB000


mem[X,0x80009CE4] -> 0x8593
mem[X,0x80009CE6] -> 0xAA95
[1073] [M]: 0x80009CE4 (0xAA958593) addi a1, a1, 2729
x11 <- 0xAAAAAAA9


mem[X,0x80009CE8] -> 0x0213
mem[X,0x80009CEA] -> 0x0000
[1074] [M]: 0x80009CE8 (0x00000213) addi tp, zero, 0
x4 <- 0x00000000


mem[X,0x80009CEC] -> 0x006F
mem[X,0x80009CEE] -> 0x00C0
[1075] [M]: 0x80009CEC (0x00C0006F) jal zero, 12


mem[X,0x80009CF8] -> 0x6063
mem[X,0x80009CFA] -> 0x04B5
[1076] [M]: 0x80009CF8 (0x04B56063) bltu a0, a1, 64


mem[X,0x80009D38] -> 0x0213
mem[X,0x80009D3A] -> 0x0032
[1077] [M]: 0x80009D38 (0x00320213) addi tp, tp, 3
x4 <- 0x00000003


mem[X,0x80009D3C] -> 0x006F
mem[X,0x80009D3E] -> 0x0040
[1078] [M]: 0x80009D3C (0x0040006F) jal zero, 4


mem[X,0x80009D40] -> 0xA223
mem[X,0x80009D42] -> 0x1640
[1079] [M]: 0x80009D40 (0x1640A223) sw tp, 356(ra)
mem[0x8004C2D8] <- 0x00000003


mem[X,0x80009D44] -> 0x0513
mem[X,0x80009D46] -> 0x0030
[1080] [M]: 0x80009D44 (0x00300513) addi a0, zero, 3
x10 <- 0x00000003


mem[X,0x80009D48] -> 0x0593
mem[X,0x80009D4A] -> 0x0040
[1081] [M]: 0x80009D48 (0x00400593) addi a1, zero, 4
x11 <- 0x00000004


mem[X,0x80009D4C] -> 0x0213
mem[X,0x80009D4E] -> 0x0000
[1082] [M]: 0x80009D4C (0x00000213) addi tp, zero, 0
x4 <- 0x00000000


mem[X,0x80009D50] -> 0x006F
mem[X,0x80009D52] -> 0x2B10
[1083] [M]: 0x80009D50 (0x2B10006F) jal zero, 2736


mem[X,0x8000A800] -> 0x6A63
mem[X,0x8000A802] -> 0xD4B5
[1084] [M]: 0x8000A800 (0xD4B56A63) bltu a0, a1, 5460


mem[X,0x80009D54] -> 0x0213
mem[X,0x80009D56] -> 0x0012
[1085] [M]: 0x80009D54 (0x00120213) addi tp, tp, 1
x4 <- 0x00000001


mem[X,0x80009D58] -> 0x006F
mem[X,0x80009D5A] -> 0x2BD0
[1086] [M]: 0x80009D58 (0x2BD0006F) jal zero, 2748


mem[X,0x8000A814] -> 0xA423
mem[X,0x8000A816] -> 0x1640
[1087] [M]: 0x8000A814 (0x1640A423) sw tp, 360(ra)
mem[0x8004C2DC] <- 0x00000001


mem[X,0x8000A818] -> 0x0513
mem[X,0x8000A81A] -> 0x0030
[1088] [M]: 0x8000A818 (0x00300513) addi a0, zero, 3
x10 <- 0x00000003


mem[X,0x8000A81C] -> 0x35B7
mem[X,0x8000A81E] -> 0x3333
[1089] [M]: 0x8000A81C (0x333335B7) lui a1, 209715
x11 <- 0x33333000


mem[X,0x8000A820] -> 0x8593
mem[X,0x8000A822] -> 0x3325
[1090] [M]: 0x8000A820 (0x33258593) addi a1, a1, 818
x11 <- 0x33333332


mem[X,0x8000A824] -> 0x0213
mem[X,0x8000A826] -> 0x0000
[1091] [M]: 0x8000A824 (0x00000213) addi tp, zero, 0
x4 <- 0x00000000


mem[X,0x8000A828] -> 0x006F
mem[X,0x8000A82A] -> 0x00C0
[1092] [M]: 0x8000A828 (0x00C0006F) jal zero, 12


mem[X,0x8000A834] -> 0x6663
mem[X,0x8000A836] -> 0x00B5
[1093] [M]: 0x8000A834 (0x00B56663) bltu a0, a1, 12


mem[X,0x8000A840] -> 0x0213
mem[X,0x8000A842] -> 0x0032
[1094] [M]: 0x8000A840 (0x00320213) addi tp, tp, 3
x4 <- 0x00000003


mem[X,0x8000A844] -> 0x006F
mem[X,0x8000A846] -> 0x0040
[1095] [M]: 0x8000A844 (0x0040006F) jal zero, 4


mem[X,0x8000A848] -> 0xA623
mem[X,0x8000A84A] -> 0x1640
[1096] [M]: 0x8000A848 (0x1640A623) sw tp, 364(ra)
mem[0x8004C2E0] <- 0x00000003


mem[X,0x8000A84C] -> 0x0513
mem[X,0x8000A84E] -> 0x0030
[1097] [M]: 0x8000A84C (0x00300513) addi a0, zero, 3
x10 <- 0x00000003


mem[X,0x8000A850] -> 0x65B7
mem[X,0x8000A852] -> 0x6666
[1098] [M]: 0x8000A850 (0x666665B7) lui a1, 419430
x11 <- 0x66666000


mem[X,0x8000A854] -> 0x8593
mem[X,0x8000A856] -> 0x6655
[1099] [M]: 0x8000A854 (0x66558593) addi a1, a1, 1637
x11 <- 0x66666665


clint::tick mtime <- 0x000000000000000B
 clint timer pending at mtime 0x000000000000000B
htif::tick 0x0000000000000000
mem[X,0x8000A858] -> 0x0213
mem[X,0x8000A85A] -> 0x0000
[1100] [M]: 0x8000A858 (0x00000213) addi tp, zero, 0
x4 <- 0x00000000


mem[X,0x8000A85C] -> 0x006F
mem[X,0x8000A85E] -> 0x00C0
[1101] [M]: 0x8000A85C (0x00C0006F) jal zero, 12


mem[X,0x8000A868] -> 0x6663
mem[X,0x8000A86A] -> 0x00B5
[1102] [M]: 0x8000A868 (0x00B56663) bltu a0, a1, 12


mem[X,0x8000A874] -> 0x0213
mem[X,0x8000A876] -> 0x0032
[1103] [M]: 0x8000A874 (0x00320213) addi tp, tp, 3
x4 <- 0x00000003


mem[X,0x8000A878] -> 0x006F
mem[X,0x8000A87A] -> 0x0040
[1104] [M]: 0x8000A878 (0x0040006F) jal zero, 4


mem[X,0x8000A87C] -> 0xA823
mem[X,0x8000A87E] -> 0x1640
[1105] [M]: 0x8000A87C (0x1640A823) sw tp, 368(ra)
mem[0x8004C2E4] <- 0x00000003


mem[X,0x8000A880] -> 0x0513
mem[X,0x8000A882] -> 0x0030
[1106] [M]: 0x8000A880 (0x00300513) addi a0, zero, 3
x10 <- 0x00000003


mem[X,0x8000A884] -> 0xB5B7
mem[X,0x8000A886] -> 0x0000
[1107] [M]: 0x8000A884 (0x0000B5B7) lui a1, 11
x11 <- 0x0000B000


mem[X,0x8000A888] -> 0x8593
mem[X,0x8000A88A] -> 0x5035
[1108] [M]: 0x8000A888 (0x50358593) addi a1, a1, 1283
x11 <- 0x0000B503


mem[X,0x8000A88C] -> 0x0213
mem[X,0x8000A88E] -> 0x0000
[1109] [M]: 0x8000A88C (0x00000213) addi tp, zero, 0
x4 <- 0x00000000


mem[X,0x8000A890] -> 0x006F
mem[X,0x8000A892] -> 0x0100
[1110] [M]: 0x8000A890 (0x0100006F) jal zero, 16


mem[X,0x8000A8A0] -> 0x6AE3
mem[X,0x8000A8A2] -> 0xFEB5
[1111] [M]: 0x8000A8A0 (0xFEB56AE3) bltu a0, a1, 8180


mem[X,0x8000A894] -> 0x0213
mem[X,0x8000A896] -> 0x0012
[1112] [M]: 0x8000A894 (0x00120213) addi tp, tp, 1
x4 <- 0x00000001


mem[X,0x8000A898] -> 0x006F
mem[X,0x8000A89A] -> 0x01C0
[1113] [M]: 0x8000A898 (0x01C0006F) jal zero, 28


mem[X,0x8000A8B4] -> 0xAA23
mem[X,0x8000A8B6] -> 0x1640
[1114] [M]: 0x8000A8B4 (0x1640AA23) sw tp, 372(ra)
mem[0x8004C2E8] <- 0x00000001


mem[X,0x8000A8B8] -> 0x0513
mem[X,0x8000A8BA] -> 0x0030
[1115] [M]: 0x8000A8B8 (0x00300513) addi a0, zero, 3
x10 <- 0x00000003


mem[X,0x8000A8BC] -> 0x05B7
mem[X,0x8000A8BE] -> 0x0001
[1116] [M]: 0x8000A8BC (0x000105B7) lui a1, 16
x11 <- 0x00010000


mem[X,0x8000A8C0] -> 0x8593
mem[X,0x8000A8C2] -> 0xFFE5
[1117] [M]: 0x8000A8C0 (0xFFE58593) addi a1, a1, 4094
x11 <- 0x0000FFFE


mem[X,0x8000A8C4] -> 0x0213
mem[X,0x8000A8C6] -> 0x0000
[1118] [M]: 0x8000A8C4 (0x00000213) addi tp, zero, 0
x4 <- 0x00000000


mem[X,0x8000A8C8] -> 0x006F
mem[X,0x8000A8CA] -> 0x0050
[1119] [M]: 0x8000A8C8 (0x0050006F) jal zero, 2052


mem[X,0x8000B0CC] -> 0x60E3
mem[X,0x8000B0CE] -> 0x80B5
[1120] [M]: 0x8000B0CC (0x80B560E3) bltu a0, a1, 6144


mem[X,0x8000A8CC] -> 0x0213
mem[X,0x8000A8CE] -> 0x0012
[1121] [M]: 0x8000A8CC (0x00120213) addi tp, tp, 1
x4 <- 0x00000001


mem[X,0x8000A8D0] -> 0x006F
mem[X,0x8000A8D2] -> 0x0110
[1122] [M]: 0x8000A8D0 (0x0110006F) jal zero, 2064


mem[X,0x8000B0E0] -> 0xAC23
mem[X,0x8000B0E2] -> 0x1640
[1123] [M]: 0x8000B0E0 (0x1640AC23) sw tp, 376(ra)
mem[0x8004C2EC] <- 0x00000001


mem[X,0x8000B0E4] -> 0x0513
mem[X,0x8000B0E6] -> 0x0030
[1124] [M]: 0x8000B0E4 (0x00300513) addi a0, zero, 3
x10 <- 0x00000003


mem[X,0x8000B0E8] -> 0x55B7
mem[X,0x8000B0EA] -> 0x5555
[1125] [M]: 0x8000B0E8 (0x555555B7) lui a1, 349525
x11 <- 0x55555000


mem[X,0x8000B0EC] -> 0x8593
mem[X,0x8000B0EE] -> 0x5565
[1126] [M]: 0x8000B0EC (0x55658593) addi a1, a1, 1366
x11 <- 0x55555556


mem[X,0x8000B0F0] -> 0x0213
mem[X,0x8000B0F2] -> 0x0000
[1127] [M]: 0x8000B0F0 (0x00000213) addi tp, zero, 0
x4 <- 0x00000000


mem[X,0x8000B0F4] -> 0x006F
mem[X,0x8000B0F6] -> 0x00C0
[1128] [M]: 0x8000B0F4 (0x00C0006F) jal zero, 12


mem[X,0x8000B100] -> 0x6663
mem[X,0x8000B102] -> 0x00B5
[1129] [M]: 0x8000B100 (0x00B56663) bltu a0, a1, 12


mem[X,0x8000B10C] -> 0x0213
mem[X,0x8000B10E] -> 0x0032
[1130] [M]: 0x8000B10C (0x00320213) addi tp, tp, 3
x4 <- 0x00000003


mem[X,0x8000B110] -> 0x006F
mem[X,0x8000B112] -> 0x0040
[1131] [M]: 0x8000B110 (0x0040006F) jal zero, 4


mem[X,0x8000B114] -> 0xAE23
mem[X,0x8000B116] -> 0x1640
[1132] [M]: 0x8000B114 (0x1640AE23) sw tp, 380(ra)
mem[0x8004C2F0] <- 0x00000003


mem[X,0x8000B118] -> 0x0513
mem[X,0x8000B11A] -> 0x0030
[1133] [M]: 0x8000B118 (0x00300513) addi a0, zero, 3
x10 <- 0x00000003


mem[X,0x8000B11C] -> 0xB5B7
mem[X,0x8000B11E] -> 0xAAAA
[1134] [M]: 0x8000B11C (0xAAAAB5B7) lui a1, 699051
x11 <- 0xAAAAB000


mem[X,0x8000B120] -> 0x8593
mem[X,0x8000B122] -> 0xAAB5
[1135] [M]: 0x8000B120 (0xAAB58593) addi a1, a1, 2731
x11 <- 0xAAAAAAAB


mem[X,0x8000B124] -> 0x0213
mem[X,0x8000B126] -> 0x0000
[1136] [M]: 0x8000B124 (0x00000213) addi tp, zero, 0
x4 <- 0x00000000


mem[X,0x8000B128] -> 0x006F
mem[X,0x8000B12A] -> 0x00C0
[1137] [M]: 0x8000B128 (0x00C0006F) jal zero, 12


mem[X,0x8000B134] -> 0x6CE3
mem[X,0x8000B136] -> 0xFEB5
[1138] [M]: 0x8000B134 (0xFEB56CE3) bltu a0, a1, 8184


mem[X,0x8000B12C] -> 0x0213
mem[X,0x8000B12E] -> 0x0012
[1139] [M]: 0x8000B12C (0x00120213) addi tp, tp, 1
x4 <- 0x00000001


mem[X,0x8000B130] -> 0x006F
mem[X,0x8000B132] -> 0x0180
[1140] [M]: 0x8000B130 (0x0180006F) jal zero, 24


mem[X,0x8000B148] -> 0xA023
mem[X,0x8000B14A] -> 0x1840
[1141] [M]: 0x8000B148 (0x1840A023) sw tp, 384(ra)
mem[0x8004C2F4] <- 0x00000001


mem[X,0x8000B14C] -> 0x0513
mem[X,0x8000B14E] -> 0x0030
[1142] [M]: 0x8000B14C (0x00300513) addi a0, zero, 3
x10 <- 0x00000003


mem[X,0x8000B150] -> 0x0593
mem[X,0x8000B152] -> 0x0060
[1143] [M]: 0x8000B150 (0x00600593) addi a1, zero, 6
x11 <- 0x00000006


mem[X,0x8000B154] -> 0x0213
mem[X,0x8000B156] -> 0x0000
[1144] [M]: 0x8000B154 (0x00000213) addi tp, zero, 0
x4 <- 0x00000000


mem[X,0x8000B158] -> 0x006F
mem[X,0x8000B15A] -> 0x00C0
[1145] [M]: 0x8000B158 (0x00C0006F) jal zero, 12


mem[X,0x8000B164] -> 0x6063
mem[X,0x8000B166] -> 0x10B5
[1146] [M]: 0x8000B164 (0x10B56063) bltu a0, a1, 256


mem[X,0x8000B264] -> 0x0213
mem[X,0x8000B266] -> 0x0032
[1147] [M]: 0x8000B264 (0x00320213) addi tp, tp, 3
x4 <- 0x00000003


mem[X,0x8000B268] -> 0x006F
mem[X,0x8000B26A] -> 0x0040
[1148] [M]: 0x8000B268 (0x0040006F) jal zero, 4


mem[X,0x8000B26C] -> 0xA223
mem[X,0x8000B26E] -> 0x1840
[1149] [M]: 0x8000B26C (0x1840A223) sw tp, 388(ra)
mem[0x8004C2F8] <- 0x00000003


mem[X,0x8000B270] -> 0x0513
mem[X,0x8000B272] -> 0x0030
[1150] [M]: 0x8000B270 (0x00300513) addi a0, zero, 3
x10 <- 0x00000003


mem[X,0x8000B274] -> 0x35B7
mem[X,0x8000B276] -> 0x3333
[1151] [M]: 0x8000B274 (0x333335B7) lui a1, 209715
x11 <- 0x33333000


mem[X,0x8000B278] -> 0x8593
mem[X,0x8000B27A] -> 0x3345
[1152] [M]: 0x8000B278 (0x33458593) addi a1, a1, 820
x11 <- 0x33333334


mem[X,0x8000B27C] -> 0x0213
mem[X,0x8000B27E] -> 0x0000
[1153] [M]: 0x8000B27C (0x00000213) addi tp, zero, 0
x4 <- 0x00000000


mem[X,0x8000B280] -> 0x006F
mem[X,0x8000B282] -> 0x00C0
[1154] [M]: 0x8000B280 (0x00C0006F) jal zero, 12


mem[X,0x8000B28C] -> 0x6CE3
mem[X,0x8000B28E] -> 0xFEB5
[1155] [M]: 0x8000B28C (0xFEB56CE3) bltu a0, a1, 8184


mem[X,0x8000B284] -> 0x0213
mem[X,0x8000B286] -> 0x0012
[1156] [M]: 0x8000B284 (0x00120213) addi tp, tp, 1
x4 <- 0x00000001


mem[X,0x8000B288] -> 0x006F
mem[X,0x8000B28A] -> 0x0180
[1157] [M]: 0x8000B288 (0x0180006F) jal zero, 24


mem[X,0x8000B2A0] -> 0xA423
mem[X,0x8000B2A2] -> 0x1840
[1158] [M]: 0x8000B2A0 (0x1840A423) sw tp, 392(ra)
mem[0x8004C2FC] <- 0x00000001


mem[X,0x8000B2A4] -> 0x0513
mem[X,0x8000B2A6] -> 0x0030
[1159] [M]: 0x8000B2A4 (0x00300513) addi a0, zero, 3
x10 <- 0x00000003


mem[X,0x8000B2A8] -> 0x65B7
mem[X,0x8000B2AA] -> 0x6666
[1160] [M]: 0x8000B2A8 (0x666665B7) lui a1, 419430
x11 <- 0x66666000


mem[X,0x8000B2AC] -> 0x8593
mem[X,0x8000B2AE] -> 0x6675
[1161] [M]: 0x8000B2AC (0x66758593) addi a1, a1, 1639
x11 <- 0x66666667


mem[X,0x8000B2B0] -> 0x0213
mem[X,0x8000B2B2] -> 0x0000
[1162] [M]: 0x8000B2B0 (0x00000213) addi tp, zero, 0
x4 <- 0x00000000


mem[X,0x8000B2B4] -> 0x006F
mem[X,0x8000B2B6] -> 0x00C0
[1163] [M]: 0x8000B2B4 (0x00C0006F) jal zero, 12


mem[X,0x8000B2C0] -> 0x6063
mem[X,0x8000B2C2] -> 0x08B5
[1164] [M]: 0x8000B2C0 (0x08B56063) bltu a0, a1, 128


mem[X,0x8000B340] -> 0x0213
mem[X,0x8000B342] -> 0x0032
[1165] [M]: 0x8000B340 (0x00320213) addi tp, tp, 3
x4 <- 0x00000003


mem[X,0x8000B344] -> 0x006F
mem[X,0x8000B346] -> 0x0040
[1166] [M]: 0x8000B344 (0x0040006F) jal zero, 4


mem[X,0x8000B348] -> 0xA623
mem[X,0x8000B34A] -> 0x1840
[1167] [M]: 0x8000B348 (0x1840A623) sw tp, 396(ra)
mem[0x8004C300] <- 0x00000003


mem[X,0x8000B34C] -> 0x0513
mem[X,0x8000B34E] -> 0x0030
[1168] [M]: 0x8000B34C (0x00300513) addi a0, zero, 3
x10 <- 0x00000003


mem[X,0x8000B350] -> 0xB5B7
mem[X,0x8000B352] -> 0x0000
[1169] [M]: 0x8000B350 (0x0000B5B7) lui a1, 11
x11 <- 0x0000B000


mem[X,0x8000B354] -> 0x8593
mem[X,0x8000B356] -> 0x5055
[1170] [M]: 0x8000B354 (0x50558593) addi a1, a1, 1285
x11 <- 0x0000B505


mem[X,0x8000B358] -> 0x0213
mem[X,0x8000B35A] -> 0x0000
[1171] [M]: 0x8000B358 (0x00000213) addi tp, zero, 0
x4 <- 0x00000000


mem[X,0x8000B35C] -> 0x006F
mem[X,0x8000B35E] -> 0x00C0
[1172] [M]: 0x8000B35C (0x00C0006F) jal zero, 12


mem[X,0x8000B368] -> 0x6863
mem[X,0x8000B36A] -> 0x00B5
[1173] [M]: 0x8000B368 (0x00B56863) bltu a0, a1, 16


mem[X,0x8000B378] -> 0x0213
mem[X,0x8000B37A] -> 0x0032
[1174] [M]: 0x8000B378 (0x00320213) addi tp, tp, 3
x4 <- 0x00000003


mem[X,0x8000B37C] -> 0x006F
mem[X,0x8000B37E] -> 0x0040
[1175] [M]: 0x8000B37C (0x0040006F) jal zero, 4


mem[X,0x8000B380] -> 0xA823
mem[X,0x8000B382] -> 0x1840
[1176] [M]: 0x8000B380 (0x1840A823) sw tp, 400(ra)
mem[0x8004C304] <- 0x00000003


mem[X,0x8000B384] -> 0x0513
mem[X,0x8000B386] -> 0x0030
[1177] [M]: 0x8000B384 (0x00300513) addi a0, zero, 3
x10 <- 0x00000003


mem[X,0x8000B388] -> 0x0593
mem[X,0x8000B38A] -> 0x0010
[1178] [M]: 0x8000B388 (0x00100593) addi a1, zero, 1
x11 <- 0x00000001


mem[X,0x8000B38C] -> 0x0213
mem[X,0x8000B38E] -> 0x0000
[1179] [M]: 0x8000B38C (0x00000213) addi tp, zero, 0
x4 <- 0x00000000


mem[X,0x8000B390] -> 0x006F
mem[X,0x8000B392] -> 0x0140
[1180] [M]: 0x8000B390 (0x0140006F) jal zero, 20


mem[X,0x8000B3A4] -> 0x68E3
mem[X,0x8000B3A6] -> 0xFEB5
[1181] [M]: 0x8000B3A4 (0xFEB568E3) bltu a0, a1, 8176


mem[X,0x8000B3A8] -> 0x0213
mem[X,0x8000B3AA] -> 0x0022
[1182] [M]: 0x8000B3A8 (0x00220213) addi tp, tp, 2
x4 <- 0x00000002


mem[X,0x8000B3AC] -> 0x006F
mem[X,0x8000B3AE] -> 0x00C0
[1183] [M]: 0x8000B3AC (0x00C0006F) jal zero, 12


mem[X,0x8000B3B8] -> 0xAA23
mem[X,0x8000B3BA] -> 0x1840
[1184] [M]: 0x8000B3B8 (0x1840AA23) sw tp, 404(ra)
mem[0x8004C308] <- 0x00000002


mem[X,0x8000B3BC] -> 0x0513
mem[X,0x8000B3BE] -> 0x0030
[1185] [M]: 0x8000B3BC (0x00300513) addi a0, zero, 3
x10 <- 0x00000003


mem[X,0x8000B3C0] -> 0x05B7
mem[X,0x8000B3C2] -> 0x0001
[1186] [M]: 0x8000B3C0 (0x000105B7) lui a1, 16
x11 <- 0x00010000


mem[X,0x8000B3C4] -> 0x0213
mem[X,0x8000B3C6] -> 0x0000
[1187] [M]: 0x8000B3C4 (0x00000213) addi tp, zero, 0
x4 <- 0x00000000


mem[X,0x8000B3C8] -> 0x006F
mem[X,0x8000B3CA] -> 0x00C0
[1188] [M]: 0x8000B3C8 (0x00C0006F) jal zero, 12


mem[X,0x8000B3D4] -> 0x6063
mem[X,0x8000B3D6] -> 0x10B5
[1189] [M]: 0x8000B3D4 (0x10B56063) bltu a0, a1, 256


mem[X,0x8000B4D4] -> 0x0213
mem[X,0x8000B4D6] -> 0x0032
[1190] [M]: 0x8000B4D4 (0x00320213) addi tp, tp, 3
x4 <- 0x00000003


mem[X,0x8000B4D8] -> 0x006F
mem[X,0x8000B4DA] -> 0x0040
[1191] [M]: 0x8000B4D8 (0x0040006F) jal zero, 4


mem[X,0x8000B4DC] -> 0xAC23
mem[X,0x8000B4DE] -> 0x1840
[1192] [M]: 0x8000B4DC (0x1840AC23) sw tp, 408(ra)
mem[0x8004C30C] <- 0x00000003


mem[X,0x8000B4E0] -> 0x5537
mem[X,0x8000B4E2] -> 0x5555
[1193] [M]: 0x8000B4E0 (0x55555537) lui a0, 349525
x10 <- 0x55555000


mem[X,0x8000B4E4] -> 0x0513
mem[X,0x8000B4E6] -> 0x5555
[1194] [M]: 0x8000B4E4 (0x55550513) addi a0, a0, 1365
x10 <- 0x55555555


mem[X,0x8000B4E8] -> 0x0593
mem[X,0x8000B4EA] -> 0x0030
[1195] [M]: 0x8000B4E8 (0x00300593) addi a1, zero, 3
x11 <- 0x00000003


mem[X,0x8000B4EC] -> 0x0213
mem[X,0x8000B4EE] -> 0x0000
[1196] [M]: 0x8000B4EC (0x00000213) addi tp, zero, 0
x4 <- 0x00000000


mem[X,0x8000B4F0] -> 0x006F
mem[X,0x8000B4F2] -> 0x00C0
[1197] [M]: 0x8000B4F0 (0x00C0006F) jal zero, 12


mem[X,0x8000B4FC] -> 0x6063
mem[X,0x8000B4FE] -> 0x08B5
[1198] [M]: 0x8000B4FC (0x08B56063) bltu a0, a1, 128


mem[X,0x8000B500] -> 0x0213
mem[X,0x8000B502] -> 0x0022
[1199] [M]: 0x8000B500 (0x00220213) addi tp, tp, 2
x4 <- 0x00000002


clint::tick mtime <- 0x000000000000000C
 clint timer pending at mtime 0x000000000000000C
htif::tick 0x0000000000000000
mem[X,0x8000B504] -> 0x006F
mem[X,0x8000B506] -> 0x0800
[1200] [M]: 0x8000B504 (0x0800006F) jal zero, 128


mem[X,0x8000B584] -> 0xAE23
mem[X,0x8000B586] -> 0x1840
[1201] [M]: 0x8000B584 (0x1840AE23) sw tp, 412(ra)
mem[0x8004C310] <- 0x00000002


mem[X,0x8000B588] -> 0x5537
mem[X,0x8000B58A] -> 0x5555
[1202] [M]: 0x8000B588 (0x55555537) lui a0, 349525
x10 <- 0x55555000


mem[X,0x8000B58C] -> 0x0513
mem[X,0x8000B58E] -> 0x5555
[1203] [M]: 0x8000B58C (0x55550513) addi a0, a0, 1365
x10 <- 0x55555555


mem[X,0x8000B590] -> 0x55B7
mem[X,0x8000B592] -> 0x5555
[1204] [M]: 0x8000B590 (0x555555B7) lui a1, 349525
x11 <- 0x55555000


mem[X,0x8000B594] -> 0x8593
mem[X,0x8000B596] -> 0x5555
[1205] [M]: 0x8000B594 (0x55558593) addi a1, a1, 1365
x11 <- 0x55555555


mem[X,0x8000B598] -> 0x0213
mem[X,0x8000B59A] -> 0x0000
[1206] [M]: 0x8000B598 (0x00000213) addi tp, zero, 0
x4 <- 0x00000000


mem[X,0x8000B59C] -> 0x006F
mem[X,0x8000B59E] -> 0x00C0
[1207] [M]: 0x8000B59C (0x00C0006F) jal zero, 12


mem[X,0x8000B5A8] -> 0x6CE3
mem[X,0x8000B5AA] -> 0xFEB5
[1208] [M]: 0x8000B5A8 (0xFEB56CE3) bltu a0, a1, 8184


mem[X,0x8000B5AC] -> 0x0213
mem[X,0x8000B5AE] -> 0x0022
[1209] [M]: 0x8000B5AC (0x00220213) addi tp, tp, 2
x4 <- 0x00000002


mem[X,0x8000B5B0] -> 0x006F
mem[X,0x8000B5B2] -> 0x00C0
[1210] [M]: 0x8000B5B0 (0x00C0006F) jal zero, 12


mem[X,0x8000B5BC] -> 0xA023
mem[X,0x8000B5BE] -> 0x1A40
[1211] [M]: 0x8000B5BC (0x1A40A023) sw tp, 416(ra)
mem[0x8004C314] <- 0x00000002


mem[X,0x8000B5C0] -> 0x5537
mem[X,0x8000B5C2] -> 0x5555
[1212] [M]: 0x8000B5C0 (0x55555537) lui a0, 349525
x10 <- 0x55555000


mem[X,0x8000B5C4] -> 0x0513
mem[X,0x8000B5C6] -> 0x5555
[1213] [M]: 0x8000B5C4 (0x55550513) addi a0, a0, 1365
x10 <- 0x55555555


mem[X,0x8000B5C8] -> 0xB5B7
mem[X,0x8000B5CA] -> 0xAAAA
[1214] [M]: 0x8000B5C8 (0xAAAAB5B7) lui a1, 699051
x11 <- 0xAAAAB000


mem[X,0x8000B5CC] -> 0x8593
mem[X,0x8000B5CE] -> 0xAAA5
[1215] [M]: 0x8000B5CC (0xAAA58593) addi a1, a1, 2730
x11 <- 0xAAAAAAAA


mem[X,0x8000B5D0] -> 0x0213
mem[X,0x8000B5D2] -> 0x0000
[1216] [M]: 0x8000B5D0 (0x00000213) addi tp, zero, 0
x4 <- 0x00000000


mem[X,0x8000B5D4] -> 0x006F
mem[X,0x8000B5D6] -> 0x0050
[1217] [M]: 0x8000B5D4 (0x0050006F) jal zero, 2052


mem[X,0x8000BDD8] -> 0x60E3
mem[X,0x8000BDDA] -> 0x80B5
[1218] [M]: 0x8000BDD8 (0x80B560E3) bltu a0, a1, 6144


mem[X,0x8000B5D8] -> 0x0213
mem[X,0x8000B5DA] -> 0x0012
[1219] [M]: 0x8000B5D8 (0x00120213) addi tp, tp, 1
x4 <- 0x00000001


mem[X,0x8000B5DC] -> 0x006F
mem[X,0x8000B5DE] -> 0x0110
[1220] [M]: 0x8000B5DC (0x0110006F) jal zero, 2064


mem[X,0x8000BDEC] -> 0xA223
mem[X,0x8000BDEE] -> 0x1A40
[1221] [M]: 0x8000BDEC (0x1A40A223) sw tp, 420(ra)
mem[0x8004C318] <- 0x00000001


mem[X,0x8000BDF0] -> 0x5537
mem[X,0x8000BDF2] -> 0x5555
[1222] [M]: 0x8000BDF0 (0x55555537) lui a0, 349525
x10 <- 0x55555000


mem[X,0x8000BDF4] -> 0x0513
mem[X,0x8000BDF6] -> 0x5555
[1223] [M]: 0x8000BDF4 (0x55550513) addi a0, a0, 1365
x10 <- 0x55555555


mem[X,0x8000BDF8] -> 0x0593
mem[X,0x8000BDFA] -> 0x0050
[1224] [M]: 0x8000BDF8 (0x00500593) addi a1, zero, 5
x11 <- 0x00000005


mem[X,0x8000BDFC] -> 0x0213
mem[X,0x8000BDFE] -> 0x0000
[1225] [M]: 0x8000BDFC (0x00000213) addi tp, zero, 0
x4 <- 0x00000000


mem[X,0x8000BE00] -> 0x006F
mem[X,0x8000BE02] -> 0x00C0
[1226] [M]: 0x8000BE00 (0x00C0006F) jal zero, 12


mem[X,0x8000BE0C] -> 0x6063
mem[X,0x8000BE0E] -> 0x02B5
[1227] [M]: 0x8000BE0C (0x02B56063) bltu a0, a1, 32


mem[X,0x8000BE10] -> 0x0213
mem[X,0x8000BE12] -> 0x0022
[1228] [M]: 0x8000BE10 (0x00220213) addi tp, tp, 2
x4 <- 0x00000002


mem[X,0x8000BE14] -> 0x006F
mem[X,0x8000BE16] -> 0x0200
[1229] [M]: 0x8000BE14 (0x0200006F) jal zero, 32


mem[X,0x8000BE34] -> 0xA423
mem[X,0x8000BE36] -> 0x1A40
[1230] [M]: 0x8000BE34 (0x1A40A423) sw tp, 424(ra)
mem[0x8004C31C] <- 0x00000002


mem[X,0x8000BE38] -> 0x5537
mem[X,0x8000BE3A] -> 0x5555
[1231] [M]: 0x8000BE38 (0x55555537) lui a0, 349525
x10 <- 0x55555000


mem[X,0x8000BE3C] -> 0x0513
mem[X,0x8000BE3E] -> 0x5555
[1232] [M]: 0x8000BE3C (0x55550513) addi a0, a0, 1365
x10 <- 0x55555555


mem[X,0x8000BE40] -> 0x35B7
mem[X,0x8000BE42] -> 0x3333
[1233] [M]: 0x8000BE40 (0x333335B7) lui a1, 209715
x11 <- 0x33333000


mem[X,0x8000BE44] -> 0x8593
mem[X,0x8000BE46] -> 0x3335
[1234] [M]: 0x8000BE44 (0x33358593) addi a1, a1, 819
x11 <- 0x33333333


mem[X,0x8000BE48] -> 0x0213
mem[X,0x8000BE4A] -> 0x0000
[1235] [M]: 0x8000BE48 (0x00000213) addi tp, zero, 0
x4 <- 0x00000000


mem[X,0x8000BE4C] -> 0x006F
mem[X,0x8000BE4E] -> 0x00C0
[1236] [M]: 0x8000BE4C (0x00C0006F) jal zero, 12


mem[X,0x8000BE58] -> 0x6063
mem[X,0x8000BE5A] -> 0x02B5
[1237] [M]: 0x8000BE58 (0x02B56063) bltu a0, a1, 32


mem[X,0x8000BE5C] -> 0x0213
mem[X,0x8000BE5E] -> 0x0022
[1238] [M]: 0x8000BE5C (0x00220213) addi tp, tp, 2
x4 <- 0x00000002


mem[X,0x8000BE60] -> 0x006F
mem[X,0x8000BE62] -> 0x0200
[1239] [M]: 0x8000BE60 (0x0200006F) jal zero, 32


mem[X,0x8000BE80] -> 0xA623
mem[X,0x8000BE82] -> 0x1A40
[1240] [M]: 0x8000BE80 (0x1A40A623) sw tp, 428(ra)
mem[0x8004C320] <- 0x00000002


mem[X,0x8000BE84] -> 0x5537
mem[X,0x8000BE86] -> 0x5555
[1241] [M]: 0x8000BE84 (0x55555537) lui a0, 349525
x10 <- 0x55555000


mem[X,0x8000BE88] -> 0x0513
mem[X,0x8000BE8A] -> 0x5555
[1242] [M]: 0x8000BE88 (0x55550513) addi a0, a0, 1365
x10 <- 0x55555555


mem[X,0x8000BE8C] -> 0x65B7
mem[X,0x8000BE8E] -> 0x6666
[1243] [M]: 0x8000BE8C (0x666665B7) lui a1, 419430
x11 <- 0x66666000


mem[X,0x8000BE90] -> 0x8593
mem[X,0x8000BE92] -> 0x6665
[1244] [M]: 0x8000BE90 (0x66658593) addi a1, a1, 1638
x11 <- 0x66666666


mem[X,0x8000BE94] -> 0x0213
mem[X,0x8000BE96] -> 0x0000
[1245] [M]: 0x8000BE94 (0x00000213) addi tp, zero, 0
x4 <- 0x00000000


mem[X,0x8000BE98] -> 0x006F
mem[X,0x8000BE9A] -> 0x00C0
[1246] [M]: 0x8000BE98 (0x00C0006F) jal zero, 12


mem[X,0x8000BEA4] -> 0x6063
mem[X,0x8000BEA6] -> 0x20B5
[1247] [M]: 0x8000BEA4 (0x20B56063) bltu a0, a1, 512


mem[X,0x8000C0A4] -> 0x0213
mem[X,0x8000C0A6] -> 0x0032
[1248] [M]: 0x8000C0A4 (0x00320213) addi tp, tp, 3
x4 <- 0x00000003


mem[X,0x8000C0A8] -> 0x006F
mem[X,0x8000C0AA] -> 0x0040
[1249] [M]: 0x8000C0A8 (0x0040006F) jal zero, 4


mem[X,0x8000C0AC] -> 0xA823
mem[X,0x8000C0AE] -> 0x1A40
[1250] [M]: 0x8000C0AC (0x1A40A823) sw tp, 432(ra)
mem[0x8004C324] <- 0x00000003


mem[X,0x8000C0B0] -> 0x5537
mem[X,0x8000C0B2] -> 0x5555
[1251] [M]: 0x8000C0B0 (0x55555537) lui a0, 349525
x10 <- 0x55555000


mem[X,0x8000C0B4] -> 0x0513
mem[X,0x8000C0B6] -> 0x5555
[1252] [M]: 0x8000C0B4 (0x55550513) addi a0, a0, 1365
x10 <- 0x55555555


mem[X,0x8000C0B8] -> 0xB5B7
mem[X,0x8000C0BA] -> 0x0000
[1253] [M]: 0x8000C0B8 (0x0000B5B7) lui a1, 11
x11 <- 0x0000B000


mem[X,0x8000C0BC] -> 0x8593
mem[X,0x8000C0BE] -> 0x5045
[1254] [M]: 0x8000C0BC (0x50458593) addi a1, a1, 1284
x11 <- 0x0000B504


mem[X,0x8000C0C0] -> 0x0213
mem[X,0x8000C0C2] -> 0x0000
[1255] [M]: 0x8000C0C0 (0x00000213) addi tp, zero, 0
x4 <- 0x00000000


mem[X,0x8000C0C4] -> 0x006F
mem[X,0x8000C0C6] -> 0x00C0
[1256] [M]: 0x8000C0C4 (0x00C0006F) jal zero, 12


mem[X,0x8000C0D0] -> 0x6663
mem[X,0x8000C0D2] -> 0x00B5
[1257] [M]: 0x8000C0D0 (0x00B56663) bltu a0, a1, 12


mem[X,0x8000C0D4] -> 0x0213
mem[X,0x8000C0D6] -> 0x0022
[1258] [M]: 0x8000C0D4 (0x00220213) addi tp, tp, 2
x4 <- 0x00000002


mem[X,0x8000C0D8] -> 0x006F
mem[X,0x8000C0DA] -> 0x00C0
[1259] [M]: 0x8000C0D8 (0x00C0006F) jal zero, 12


mem[X,0x8000C0E4] -> 0xAA23
mem[X,0x8000C0E6] -> 0x1A40
[1260] [M]: 0x8000C0E4 (0x1A40AA23) sw tp, 436(ra)
mem[0x8004C328] <- 0x00000002


mem[X,0x8000C0E8] -> 0x5537
mem[X,0x8000C0EA] -> 0x5555
[1261] [M]: 0x8000C0E8 (0x55555537) lui a0, 349525
x10 <- 0x55555000


mem[X,0x8000C0EC] -> 0x0513
mem[X,0x8000C0EE] -> 0x5555
[1262] [M]: 0x8000C0EC (0x55550513) addi a0, a0, 1365
x10 <- 0x55555555


mem[X,0x8000C0F0] -> 0x0593
mem[X,0x8000C0F2] -> 0x0000
[1263] [M]: 0x8000C0F0 (0x00000593) addi a1, zero, 0
x11 <- 0x00000000


mem[X,0x8000C0F4] -> 0x0213
mem[X,0x8000C0F6] -> 0x0000
[1264] [M]: 0x8000C0F4 (0x00000213) addi tp, zero, 0
x4 <- 0x00000000


mem[X,0x8000C0F8] -> 0x006F
mem[X,0x8000C0FA] -> 0x0050
[1265] [M]: 0x8000C0F8 (0x0050006F) jal zero, 2052


mem[X,0x8000C8FC] -> 0x60E3
mem[X,0x8000C8FE] -> 0x80B5
[1266] [M]: 0x8000C8FC (0x80B560E3) bltu a0, a1, 6144


mem[X,0x8000C900] -> 0x0213
mem[X,0x8000C902] -> 0x0022
[1267] [M]: 0x8000C900 (0x00220213) addi tp, tp, 2
x4 <- 0x00000002


mem[X,0x8000C904] -> 0x006F
mem[X,0x8000C906] -> 0x00C0
[1268] [M]: 0x8000C904 (0x00C0006F) jal zero, 12


mem[X,0x8000C910] -> 0xAC23
mem[X,0x8000C912] -> 0x1A40
[1269] [M]: 0x8000C910 (0x1A40AC23) sw tp, 440(ra)
mem[0x8004C32C] <- 0x00000002


mem[X,0x8000C914] -> 0x5537
mem[X,0x8000C916] -> 0x5555
[1270] [M]: 0x8000C914 (0x55555537) lui a0, 349525
x10 <- 0x55555000


mem[X,0x8000C918] -> 0x0513
mem[X,0x8000C91A] -> 0x5555
[1271] [M]: 0x8000C918 (0x55550513) addi a0, a0, 1365
x10 <- 0x55555555


mem[X,0x8000C91C] -> 0x05B7
mem[X,0x8000C91E] -> 0x0001
[1272] [M]: 0x8000C91C (0x000105B7) lui a1, 16
x11 <- 0x00010000


mem[X,0x8000C920] -> 0x8593
mem[X,0x8000C922] -> 0xFFF5
[1273] [M]: 0x8000C920 (0xFFF58593) addi a1, a1, 4095
x11 <- 0x0000FFFF


mem[X,0x8000C924] -> 0x0213
mem[X,0x8000C926] -> 0x0000
[1274] [M]: 0x8000C924 (0x00000213) addi tp, zero, 0
x4 <- 0x00000000


mem[X,0x8000C928] -> 0x006F
mem[X,0x8000C92A] -> 0x00C0
[1275] [M]: 0x8000C928 (0x00C0006F) jal zero, 12


mem[X,0x8000C934] -> 0x6063
mem[X,0x8000C936] -> 0x04B5
[1276] [M]: 0x8000C934 (0x04B56063) bltu a0, a1, 64


mem[X,0x8000C938] -> 0x0213
mem[X,0x8000C93A] -> 0x0022
[1277] [M]: 0x8000C938 (0x00220213) addi tp, tp, 2
x4 <- 0x00000002


mem[X,0x8000C93C] -> 0x006F
mem[X,0x8000C93E] -> 0x0400
[1278] [M]: 0x8000C93C (0x0400006F) jal zero, 64


mem[X,0x8000C97C] -> 0xAE23
mem[X,0x8000C97E] -> 0x1A40
[1279] [M]: 0x8000C97C (0x1A40AE23) sw tp, 444(ra)
mem[0x8004C330] <- 0x00000002


mem[X,0x8000C980] -> 0x5537
mem[X,0x8000C982] -> 0x5555
[1280] [M]: 0x8000C980 (0x55555537) lui a0, 349525
x10 <- 0x55555000


mem[X,0x8000C984] -> 0x0513
mem[X,0x8000C986] -> 0x5555
[1281] [M]: 0x8000C984 (0x55550513) addi a0, a0, 1365
x10 <- 0x55555555


mem[X,0x8000C988] -> 0x0593
mem[X,0x8000C98A] -> 0x0020
[1282] [M]: 0x8000C988 (0x00200593) addi a1, zero, 2
x11 <- 0x00000002


mem[X,0x8000C98C] -> 0x0213
mem[X,0x8000C98E] -> 0x0000
[1283] [M]: 0x8000C98C (0x00000213) addi tp, zero, 0
x4 <- 0x00000000


mem[X,0x8000C990] -> 0x006F
mem[X,0x8000C992] -> 0x00C0
[1284] [M]: 0x8000C990 (0x00C0006F) jal zero, 12


mem[X,0x8000C99C] -> 0x6663
mem[X,0x8000C99E] -> 0x00B5
[1285] [M]: 0x8000C99C (0x00B56663) bltu a0, a1, 12


mem[X,0x8000C9A0] -> 0x0213
mem[X,0x8000C9A2] -> 0x0022
[1286] [M]: 0x8000C9A0 (0x00220213) addi tp, tp, 2
x4 <- 0x00000002


mem[X,0x8000C9A4] -> 0x006F
mem[X,0x8000C9A6] -> 0x00C0
[1287] [M]: 0x8000C9A4 (0x00C0006F) jal zero, 12


mem[X,0x8000C9B0] -> 0xA023
mem[X,0x8000C9B2] -> 0x1C40
[1288] [M]: 0x8000C9B0 (0x1C40A023) sw tp, 448(ra)
mem[0x8004C334] <- 0x00000002


mem[X,0x8000C9B4] -> 0x5537
mem[X,0x8000C9B6] -> 0x5555
[1289] [M]: 0x8000C9B4 (0x55555537) lui a0, 349525
x10 <- 0x55555000


mem[X,0x8000C9B8] -> 0x0513
mem[X,0x8000C9BA] -> 0x5555
[1290] [M]: 0x8000C9B8 (0x55550513) addi a0, a0, 1365
x10 <- 0x55555555


mem[X,0x8000C9BC] -> 0x55B7
mem[X,0x8000C9BE] -> 0x5555
[1291] [M]: 0x8000C9BC (0x555555B7) lui a1, 349525
x11 <- 0x55555000


mem[X,0x8000C9C0] -> 0x8593
mem[X,0x8000C9C2] -> 0x5545
[1292] [M]: 0x8000C9C0 (0x55458593) addi a1, a1, 1364
x11 <- 0x55555554


mem[X,0x8000C9C4] -> 0x0213
mem[X,0x8000C9C6] -> 0x0000
[1293] [M]: 0x8000C9C4 (0x00000213) addi tp, zero, 0
x4 <- 0x00000000


mem[X,0x8000C9C8] -> 0x006F
mem[X,0x8000C9CA] -> 0x00C0
[1294] [M]: 0x8000C9C8 (0x00C0006F) jal zero, 12


mem[X,0x8000C9D4] -> 0x6663
mem[X,0x8000C9D6] -> 0x00B5
[1295] [M]: 0x8000C9D4 (0x00B56663) bltu a0, a1, 12


mem[X,0x8000C9D8] -> 0x0213
mem[X,0x8000C9DA] -> 0x0022
[1296] [M]: 0x8000C9D8 (0x00220213) addi tp, tp, 2
x4 <- 0x00000002


mem[X,0x8000C9DC] -> 0x006F
mem[X,0x8000C9DE] -> 0x00C0
[1297] [M]: 0x8000C9DC (0x00C0006F) jal zero, 12


mem[X,0x8000C9E8] -> 0xA223
mem[X,0x8000C9EA] -> 0x1C40
[1298] [M]: 0x8000C9E8 (0x1C40A223) sw tp, 452(ra)
mem[0x8004C338] <- 0x00000002


mem[X,0x8000C9EC] -> 0x5537
mem[X,0x8000C9EE] -> 0x5555
[1299] [M]: 0x8000C9EC (0x55555537) lui a0, 349525
x10 <- 0x55555000


clint::tick mtime <- 0x000000000000000D
 clint timer pending at mtime 0x000000000000000D
htif::tick 0x0000000000000000
mem[X,0x8000C9F0] -> 0x0513
mem[X,0x8000C9F2] -> 0x5555
[1300] [M]: 0x8000C9F0 (0x55550513) addi a0, a0, 1365
x10 <- 0x55555555


mem[X,0x8000C9F4] -> 0xB5B7
mem[X,0x8000C9F6] -> 0xAAAA
[1301] [M]: 0x8000C9F4 (0xAAAAB5B7) lui a1, 699051
x11 <- 0xAAAAB000


mem[X,0x8000C9F8] -> 0x8593
mem[X,0x8000C9FA] -> 0xAA95
[1302] [M]: 0x8000C9F8 (0xAA958593) addi a1, a1, 2729
x11 <- 0xAAAAAAA9


mem[X,0x8000C9FC] -> 0x0213
mem[X,0x8000C9FE] -> 0x0000
[1303] [M]: 0x8000C9FC (0x00000213) addi tp, zero, 0
x4 <- 0x00000000


mem[X,0x8000CA00] -> 0x006F
mem[X,0x8000CA02] -> 0x0140
[1304] [M]: 0x8000CA00 (0x0140006F) jal zero, 20


mem[X,0x8000CA14] -> 0x68E3
mem[X,0x8000CA16] -> 0xFEB5
[1305] [M]: 0x8000CA14 (0xFEB568E3) bltu a0, a1, 8176


mem[X,0x8000CA04] -> 0x0213
mem[X,0x8000CA06] -> 0x0012
[1306] [M]: 0x8000CA04 (0x00120213) addi tp, tp, 1
x4 <- 0x00000001


mem[X,0x8000CA08] -> 0x006F
mem[X,0x8000CA0A] -> 0x0200
[1307] [M]: 0x8000CA08 (0x0200006F) jal zero, 32


mem[X,0x8000CA28] -> 0xA423
mem[X,0x8000CA2A] -> 0x1C40
[1308] [M]: 0x8000CA28 (0x1C40A423) sw tp, 456(ra)
mem[0x8004C33C] <- 0x00000001


mem[X,0x8000CA2C] -> 0x5537
mem[X,0x8000CA2E] -> 0x5555
[1309] [M]: 0x8000CA2C (0x55555537) lui a0, 349525
x10 <- 0x55555000


mem[X,0x8000CA30] -> 0x0513
mem[X,0x8000CA32] -> 0x5555
[1310] [M]: 0x8000CA30 (0x55550513) addi a0, a0, 1365
x10 <- 0x55555555


mem[X,0x8000CA34] -> 0x0593
mem[X,0x8000CA36] -> 0x0040
[1311] [M]: 0x8000CA34 (0x00400593) addi a1, zero, 4
x11 <- 0x00000004


mem[X,0x8000CA38] -> 0x0213
mem[X,0x8000CA3A] -> 0x0000
[1312] [M]: 0x8000CA38 (0x00000213) addi tp, zero, 0
x4 <- 0x00000000


mem[X,0x8000CA3C] -> 0x006F
mem[X,0x8000CA3E] -> 0x00C0
[1313] [M]: 0x8000CA3C (0x00C0006F) jal zero, 12


mem[X,0x8000CA48] -> 0x6863
mem[X,0x8000CA4A] -> 0x00B5
[1314] [M]: 0x8000CA48 (0x00B56863) bltu a0, a1, 16


mem[X,0x8000CA4C] -> 0x0213
mem[X,0x8000CA4E] -> 0x0022
[1315] [M]: 0x8000CA4C (0x00220213) addi tp, tp, 2
x4 <- 0x00000002


mem[X,0x8000CA50] -> 0x006F
mem[X,0x8000CA52] -> 0x0100
[1316] [M]: 0x8000CA50 (0x0100006F) jal zero, 16


mem[X,0x8000CA60] -> 0xA623
mem[X,0x8000CA62] -> 0x1C40
[1317] [M]: 0x8000CA60 (0x1C40A623) sw tp, 460(ra)
mem[0x8004C340] <- 0x00000002


mem[X,0x8000CA64] -> 0x5537
mem[X,0x8000CA66] -> 0x5555
[1318] [M]: 0x8000CA64 (0x55555537) lui a0, 349525
x10 <- 0x55555000


mem[X,0x8000CA68] -> 0x0513
mem[X,0x8000CA6A] -> 0x5555
[1319] [M]: 0x8000CA68 (0x55550513) addi a0, a0, 1365
x10 <- 0x55555555


mem[X,0x8000CA6C] -> 0x35B7
mem[X,0x8000CA6E] -> 0x3333
[1320] [M]: 0x8000CA6C (0x333335B7) lui a1, 209715
x11 <- 0x33333000


mem[X,0x8000CA70] -> 0x8593
mem[X,0x8000CA72] -> 0x3325
[1321] [M]: 0x8000CA70 (0x33258593) addi a1, a1, 818
x11 <- 0x33333332


mem[X,0x8000CA74] -> 0x0213
mem[X,0x8000CA76] -> 0x0000
[1322] [M]: 0x8000CA74 (0x00000213) addi tp, zero, 0
x4 <- 0x00000000


mem[X,0x8000CA78] -> 0x006F
mem[X,0x8000CA7A] -> 0x0180
[1323] [M]: 0x8000CA78 (0x0180006F) jal zero, 24


mem[X,0x8000CA90] -> 0x66E3
mem[X,0x8000CA92] -> 0xFEB5
[1324] [M]: 0x8000CA90 (0xFEB566E3) bltu a0, a1, 8172


mem[X,0x8000CA94] -> 0x0213
mem[X,0x8000CA96] -> 0x0022
[1325] [M]: 0x8000CA94 (0x00220213) addi tp, tp, 2
x4 <- 0x00000002


mem[X,0x8000CA98] -> 0x006F
mem[X,0x8000CA9A] -> 0x00C0
[1326] [M]: 0x8000CA98 (0x00C0006F) jal zero, 12


mem[X,0x8000CAA4] -> 0xA823
mem[X,0x8000CAA6] -> 0x1C40
[1327] [M]: 0x8000CAA4 (0x1C40A823) sw tp, 464(ra)
mem[0x8004C344] <- 0x00000002


mem[X,0x8000CAA8] -> 0x5537
mem[X,0x8000CAAA] -> 0x5555
[1328] [M]: 0x8000CAA8 (0x55555537) lui a0, 349525
x10 <- 0x55555000


mem[X,0x8000CAAC] -> 0x0513
mem[X,0x8000CAAE] -> 0x5555
[1329] [M]: 0x8000CAAC (0x55550513) addi a0, a0, 1365
x10 <- 0x55555555


mem[X,0x8000CAB0] -> 0x65B7
mem[X,0x8000CAB2] -> 0x6666
[1330] [M]: 0x8000CAB0 (0x666665B7) lui a1, 419430
x11 <- 0x66666000


mem[X,0x8000CAB4] -> 0x8593
mem[X,0x8000CAB6] -> 0x6655
[1331] [M]: 0x8000CAB4 (0x66558593) addi a1, a1, 1637
x11 <- 0x66666665


mem[X,0x8000CAB8] -> 0x0213
mem[X,0x8000CABA] -> 0x0000
[1332] [M]: 0x8000CAB8 (0x00000213) addi tp, zero, 0
x4 <- 0x00000000


mem[X,0x8000CABC] -> 0x006F
mem[X,0x8000CABE] -> 0x00C0
[1333] [M]: 0x8000CABC (0x00C0006F) jal zero, 12


mem[X,0x8000CAC8] -> 0x6663
mem[X,0x8000CACA] -> 0x00B5
[1334] [M]: 0x8000CAC8 (0x00B56663) bltu a0, a1, 12


mem[X,0x8000CAD4] -> 0x0213
mem[X,0x8000CAD6] -> 0x0032
[1335] [M]: 0x8000CAD4 (0x00320213) addi tp, tp, 3
x4 <- 0x00000003


mem[X,0x8000CAD8] -> 0x006F
mem[X,0x8000CADA] -> 0x0040
[1336] [M]: 0x8000CAD8 (0x0040006F) jal zero, 4


mem[X,0x8000CADC] -> 0xAA23
mem[X,0x8000CADE] -> 0x1C40
[1337] [M]: 0x8000CADC (0x1C40AA23) sw tp, 468(ra)
mem[0x8004C348] <- 0x00000003


mem[X,0x8000CAE0] -> 0x5537
mem[X,0x8000CAE2] -> 0x5555
[1338] [M]: 0x8000CAE0 (0x55555537) lui a0, 349525
x10 <- 0x55555000


mem[X,0x8000CAE4] -> 0x0513
mem[X,0x8000CAE6] -> 0x5555
[1339] [M]: 0x8000CAE4 (0x55550513) addi a0, a0, 1365
x10 <- 0x55555555


mem[X,0x8000CAE8] -> 0xB5B7
mem[X,0x8000CAEA] -> 0x0000
[1340] [M]: 0x8000CAE8 (0x0000B5B7) lui a1, 11
x11 <- 0x0000B000


mem[X,0x8000CAEC] -> 0x8593
mem[X,0x8000CAEE] -> 0x5035
[1341] [M]: 0x8000CAEC (0x50358593) addi a1, a1, 1283
x11 <- 0x0000B503


mem[X,0x8000CAF0] -> 0x0213
mem[X,0x8000CAF2] -> 0x0000
[1342] [M]: 0x8000CAF0 (0x00000213) addi tp, zero, 0
x4 <- 0x00000000


mem[X,0x8000CAF4] -> 0x006F
mem[X,0x8000CAF6] -> 0x00C0
[1343] [M]: 0x8000CAF4 (0x00C0006F) jal zero, 12


mem[X,0x8000CB00] -> 0x6063
mem[X,0x8000CB02] -> 0x10B5
[1344] [M]: 0x8000CB00 (0x10B56063) bltu a0, a1, 256


mem[X,0x8000CB04] -> 0x0213
mem[X,0x8000CB06] -> 0x0022
[1345] [M]: 0x8000CB04 (0x00220213) addi tp, tp, 2
x4 <- 0x00000002


mem[X,0x8000CB08] -> 0x006F
mem[X,0x8000CB0A] -> 0x1000
[1346] [M]: 0x8000CB08 (0x1000006F) jal zero, 256


mem[X,0x8000CC08] -> 0xAC23
mem[X,0x8000CC0A] -> 0x1C40
[1347] [M]: 0x8000CC08 (0x1C40AC23) sw tp, 472(ra)
mem[0x8004C34C] <- 0x00000002


mem[X,0x8000CC0C] -> 0x5537
mem[X,0x8000CC0E] -> 0x5555
[1348] [M]: 0x8000CC0C (0x55555537) lui a0, 349525
x10 <- 0x55555000


mem[X,0x8000CC10] -> 0x0513
mem[X,0x8000CC12] -> 0x5555
[1349] [M]: 0x8000CC10 (0x55550513) addi a0, a0, 1365
x10 <- 0x55555555


mem[X,0x8000CC14] -> 0x05B7
mem[X,0x8000CC16] -> 0x0001
[1350] [M]: 0x8000CC14 (0x000105B7) lui a1, 16
x11 <- 0x00010000


mem[X,0x8000CC18] -> 0x8593
mem[X,0x8000CC1A] -> 0xFFE5
[1351] [M]: 0x8000CC18 (0xFFE58593) addi a1, a1, 4094
x11 <- 0x0000FFFE


mem[X,0x8000CC1C] -> 0x0213
mem[X,0x8000CC1E] -> 0x0000
[1352] [M]: 0x8000CC1C (0x00000213) addi tp, zero, 0
x4 <- 0x00000000


mem[X,0x8000CC20] -> 0x006F
mem[X,0x8000CC22] -> 0x0140
[1353] [M]: 0x8000CC20 (0x0140006F) jal zero, 20


mem[X,0x8000CC34] -> 0x68E3
mem[X,0x8000CC36] -> 0xFEB5
[1354] [M]: 0x8000CC34 (0xFEB568E3) bltu a0, a1, 8176


mem[X,0x8000CC38] -> 0x0213
mem[X,0x8000CC3A] -> 0x0022
[1355] [M]: 0x8000CC38 (0x00220213) addi tp, tp, 2
x4 <- 0x00000002


mem[X,0x8000CC3C] -> 0x006F
mem[X,0x8000CC3E] -> 0x00C0
[1356] [M]: 0x8000CC3C (0x00C0006F) jal zero, 12


mem[X,0x8000CC48] -> 0xAE23
mem[X,0x8000CC4A] -> 0x1C40
[1357] [M]: 0x8000CC48 (0x1C40AE23) sw tp, 476(ra)
mem[0x8004C350] <- 0x00000002


mem[X,0x8000CC4C] -> 0x5537
mem[X,0x8000CC4E] -> 0x5555
[1358] [M]: 0x8000CC4C (0x55555537) lui a0, 349525
x10 <- 0x55555000


mem[X,0x8000CC50] -> 0x0513
mem[X,0x8000CC52] -> 0x5555
[1359] [M]: 0x8000CC50 (0x55550513) addi a0, a0, 1365
x10 <- 0x55555555


mem[X,0x8000CC54] -> 0x55B7
mem[X,0x8000CC56] -> 0x5555
[1360] [M]: 0x8000CC54 (0x555555B7) lui a1, 349525
x11 <- 0x55555000


mem[X,0x8000CC58] -> 0x8593
mem[X,0x8000CC5A] -> 0x5565
[1361] [M]: 0x8000CC58 (0x55658593) addi a1, a1, 1366
x11 <- 0x55555556


mem[X,0x8000CC5C] -> 0x0213
mem[X,0x8000CC5E] -> 0x0000
[1362] [M]: 0x8000CC5C (0x00000213) addi tp, zero, 0
x4 <- 0x00000000


mem[X,0x8000CC60] -> 0x006F
mem[X,0x8000CC62] -> 0x00C0
[1363] [M]: 0x8000CC60 (0x00C0006F) jal zero, 12


mem[X,0x8000CC6C] -> 0x6663
mem[X,0x8000CC6E] -> 0x00B5
[1364] [M]: 0x8000CC6C (0x00B56663) bltu a0, a1, 12


mem[X,0x8000CC78] -> 0x0213
mem[X,0x8000CC7A] -> 0x0032
[1365] [M]: 0x8000CC78 (0x00320213) addi tp, tp, 3
x4 <- 0x00000003


mem[X,0x8000CC7C] -> 0x006F
mem[X,0x8000CC7E] -> 0x0040
[1366] [M]: 0x8000CC7C (0x0040006F) jal zero, 4


mem[X,0x8000CC80] -> 0xA023
mem[X,0x8000CC82] -> 0x1E40
[1367] [M]: 0x8000CC80 (0x1E40A023) sw tp, 480(ra)
mem[0x8004C354] <- 0x00000003


mem[X,0x8000CC84] -> 0x5537
mem[X,0x8000CC86] -> 0x5555
[1368] [M]: 0x8000CC84 (0x55555537) lui a0, 349525
x10 <- 0x55555000


mem[X,0x8000CC88] -> 0x0513
mem[X,0x8000CC8A] -> 0x5555
[1369] [M]: 0x8000CC88 (0x55550513) addi a0, a0, 1365
x10 <- 0x55555555


mem[X,0x8000CC8C] -> 0xB5B7
mem[X,0x8000CC8E] -> 0xAAAA
[1370] [M]: 0x8000CC8C (0xAAAAB5B7) lui a1, 699051
x11 <- 0xAAAAB000


mem[X,0x8000CC90] -> 0x8593
mem[X,0x8000CC92] -> 0xAAB5
[1371] [M]: 0x8000CC90 (0xAAB58593) addi a1, a1, 2731
x11 <- 0xAAAAAAAB


mem[X,0x8000CC94] -> 0x0213
mem[X,0x8000CC96] -> 0x0000
[1372] [M]: 0x8000CC94 (0x00000213) addi tp, zero, 0
x4 <- 0x00000000


mem[X,0x8000CC98] -> 0x006F
mem[X,0x8000CC9A] -> 0x0100
[1373] [M]: 0x8000CC98 (0x0100006F) jal zero, 16


mem[X,0x8000CCA8] -> 0x6AE3
mem[X,0x8000CCAA] -> 0xFEB5
[1374] [M]: 0x8000CCA8 (0xFEB56AE3) bltu a0, a1, 8180


mem[X,0x8000CC9C] -> 0x0213
mem[X,0x8000CC9E] -> 0x0012
[1375] [M]: 0x8000CC9C (0x00120213) addi tp, tp, 1
x4 <- 0x00000001


mem[X,0x8000CCA0] -> 0x006F
mem[X,0x8000CCA2] -> 0x01C0
[1376] [M]: 0x8000CCA0 (0x01C0006F) jal zero, 28


mem[X,0x8000CCBC] -> 0xA223
mem[X,0x8000CCBE] -> 0x1E40
[1377] [M]: 0x8000CCBC (0x1E40A223) sw tp, 484(ra)
mem[0x8004C358] <- 0x00000001


mem[X,0x8000CCC0] -> 0x5537
mem[X,0x8000CCC2] -> 0x5555
[1378] [M]: 0x8000CCC0 (0x55555537) lui a0, 349525
x10 <- 0x55555000


mem[X,0x8000CCC4] -> 0x0513
mem[X,0x8000CCC6] -> 0x5555
[1379] [M]: 0x8000CCC4 (0x55550513) addi a0, a0, 1365
x10 <- 0x55555555


mem[X,0x8000CCC8] -> 0x0593
mem[X,0x8000CCCA] -> 0x0060
[1380] [M]: 0x8000CCC8 (0x00600593) addi a1, zero, 6
x11 <- 0x00000006


mem[X,0x8000CCCC] -> 0x0213
mem[X,0x8000CCCE] -> 0x0000
[1381] [M]: 0x8000CCCC (0x00000213) addi tp, zero, 0
x4 <- 0x00000000


mem[X,0x8000CCD0] -> 0x006F
mem[X,0x8000CCD2] -> 0x0180
[1382] [M]: 0x8000CCD0 (0x0180006F) jal zero, 24


mem[X,0x8000CCE8] -> 0x66E3
mem[X,0x8000CCEA] -> 0xFEB5
[1383] [M]: 0x8000CCE8 (0xFEB566E3) bltu a0, a1, 8172


mem[X,0x8000CCEC] -> 0x0213
mem[X,0x8000CCEE] -> 0x0022
[1384] [M]: 0x8000CCEC (0x00220213) addi tp, tp, 2
x4 <- 0x00000002


mem[X,0x8000CCF0] -> 0x006F
mem[X,0x8000CCF2] -> 0x00C0
[1385] [M]: 0x8000CCF0 (0x00C0006F) jal zero, 12


mem[X,0x8000CCFC] -> 0xA423
mem[X,0x8000CCFE] -> 0x1E40
[1386] [M]: 0x8000CCFC (0x1E40A423) sw tp, 488(ra)
mem[0x8004C35C] <- 0x00000002


mem[X,0x8000CD00] -> 0x5537
mem[X,0x8000CD02] -> 0x5555
[1387] [M]: 0x8000CD00 (0x55555537) lui a0, 349525
x10 <- 0x55555000


mem[X,0x8000CD04] -> 0x0513
mem[X,0x8000CD06] -> 0x5555
[1388] [M]: 0x8000CD04 (0x55550513) addi a0, a0, 1365
x10 <- 0x55555555


mem[X,0x8000CD08] -> 0x35B7
mem[X,0x8000CD0A] -> 0x3333
[1389] [M]: 0x8000CD08 (0x333335B7) lui a1, 209715
x11 <- 0x33333000


mem[X,0x8000CD0C] -> 0x8593
mem[X,0x8000CD0E] -> 0x3345
[1390] [M]: 0x8000CD0C (0x33458593) addi a1, a1, 820
x11 <- 0x33333334


mem[X,0x8000CD10] -> 0x0213
mem[X,0x8000CD12] -> 0x0000
[1391] [M]: 0x8000CD10 (0x00000213) addi tp, zero, 0
x4 <- 0x00000000


mem[X,0x8000CD14] -> 0x006F
mem[X,0x8000CD16] -> 0x00C0
[1392] [M]: 0x8000CD14 (0x00C0006F) jal zero, 12


mem[X,0x8000CD20] -> 0x6063
mem[X,0x8000CD22] -> 0x02B5
[1393] [M]: 0x8000CD20 (0x02B56063) bltu a0, a1, 32


mem[X,0x8000CD24] -> 0x0213
mem[X,0x8000CD26] -> 0x0022
[1394] [M]: 0x8000CD24 (0x00220213) addi tp, tp, 2
x4 <- 0x00000002


mem[X,0x8000CD28] -> 0x006F
mem[X,0x8000CD2A] -> 0x0200
[1395] [M]: 0x8000CD28 (0x0200006F) jal zero, 32


mem[X,0x8000CD48] -> 0xA623
mem[X,0x8000CD4A] -> 0x1E40
[1396] [M]: 0x8000CD48 (0x1E40A623) sw tp, 492(ra)
mem[0x8004C360] <- 0x00000002


mem[X,0x8000CD4C] -> 0x5537
mem[X,0x8000CD4E] -> 0x5555
[1397] [M]: 0x8000CD4C (0x55555537) lui a0, 349525
x10 <- 0x55555000


mem[X,0x8000CD50] -> 0x0513
mem[X,0x8000CD52] -> 0x5555
[1398] [M]: 0x8000CD50 (0x55550513) addi a0, a0, 1365
x10 <- 0x55555555


mem[X,0x8000CD54] -> 0x65B7
mem[X,0x8000CD56] -> 0x6666
[1399] [M]: 0x8000CD54 (0x666665B7) lui a1, 419430
x11 <- 0x66666000


clint::tick mtime <- 0x000000000000000E
 clint timer pending at mtime 0x000000000000000E
htif::tick 0x0000000000000000
mem[X,0x8000CD58] -> 0x8593
mem[X,0x8000CD5A] -> 0x6675
[1400] [M]: 0x8000CD58 (0x66758593) addi a1, a1, 1639
x11 <- 0x66666667


mem[X,0x8000CD5C] -> 0x0213
mem[X,0x8000CD5E] -> 0x0000
[1401] [M]: 0x8000CD5C (0x00000213) addi tp, zero, 0
x4 <- 0x00000000


mem[X,0x8000CD60] -> 0x006F
mem[X,0x8000CD62] -> 0x0050
[1402] [M]: 0x8000CD60 (0x0050006F) jal zero, 2052


mem[X,0x8000D564] -> 0x60E3
mem[X,0x8000D566] -> 0x80B5
[1403] [M]: 0x8000D564 (0x80B560E3) bltu a0, a1, 6144


mem[X,0x8000CD64] -> 0x0213
mem[X,0x8000CD66] -> 0x0012
[1404] [M]: 0x8000CD64 (0x00120213) addi tp, tp, 1
x4 <- 0x00000001


mem[X,0x8000CD68] -> 0x006F
mem[X,0x8000CD6A] -> 0x0110
[1405] [M]: 0x8000CD68 (0x0110006F) jal zero, 2064


mem[X,0x8000D578] -> 0xA823
mem[X,0x8000D57A] -> 0x1E40
[1406] [M]: 0x8000D578 (0x1E40A823) sw tp, 496(ra)
mem[0x8004C364] <- 0x00000001


mem[X,0x8000D57C] -> 0x5537
mem[X,0x8000D57E] -> 0x5555
[1407] [M]: 0x8000D57C (0x55555537) lui a0, 349525
x10 <- 0x55555000


mem[X,0x8000D580] -> 0x0513
mem[X,0x8000D582] -> 0x5555
[1408] [M]: 0x8000D580 (0x55550513) addi a0, a0, 1365
x10 <- 0x55555555


mem[X,0x8000D584] -> 0xB5B7
mem[X,0x8000D586] -> 0x0000
[1409] [M]: 0x8000D584 (0x0000B5B7) lui a1, 11
x11 <- 0x0000B000


mem[X,0x8000D588] -> 0x8593
mem[X,0x8000D58A] -> 0x5055
[1410] [M]: 0x8000D588 (0x50558593) addi a1, a1, 1285
x11 <- 0x0000B505


mem[X,0x8000D58C] -> 0x0213
mem[X,0x8000D58E] -> 0x0000
[1411] [M]: 0x8000D58C (0x00000213) addi tp, zero, 0
x4 <- 0x00000000


mem[X,0x8000D590] -> 0x006F
mem[X,0x8000D592] -> 0x00C0
[1412] [M]: 0x8000D590 (0x00C0006F) jal zero, 12


mem[X,0x8000D59C] -> 0x6CE3
mem[X,0x8000D59E] -> 0xFEB5
[1413] [M]: 0x8000D59C (0xFEB56CE3) bltu a0, a1, 8184


mem[X,0x8000D5A0] -> 0x0213
mem[X,0x8000D5A2] -> 0x0022
[1414] [M]: 0x8000D5A0 (0x00220213) addi tp, tp, 2
x4 <- 0x00000002


mem[X,0x8000D5A4] -> 0x006F
mem[X,0x8000D5A6] -> 0x00C0
[1415] [M]: 0x8000D5A4 (0x00C0006F) jal zero, 12


mem[X,0x8000D5B0] -> 0xAA23
mem[X,0x8000D5B2] -> 0x1E40
[1416] [M]: 0x8000D5B0 (0x1E40AA23) sw tp, 500(ra)
mem[0x8004C368] <- 0x00000002


mem[X,0x8000D5B4] -> 0x5537
mem[X,0x8000D5B6] -> 0x5555
[1417] [M]: 0x8000D5B4 (0x55555537) lui a0, 349525
x10 <- 0x55555000


mem[X,0x8000D5B8] -> 0x0513
mem[X,0x8000D5BA] -> 0x5555
[1418] [M]: 0x8000D5B8 (0x55550513) addi a0, a0, 1365
x10 <- 0x55555555


mem[X,0x8000D5BC] -> 0x0593
mem[X,0x8000D5BE] -> 0x0010
[1419] [M]: 0x8000D5BC (0x00100593) addi a1, zero, 1
x11 <- 0x00000001


mem[X,0x8000D5C0] -> 0x0213
mem[X,0x8000D5C2] -> 0x0000
[1420] [M]: 0x8000D5C0 (0x00000213) addi tp, zero, 0
x4 <- 0x00000000


mem[X,0x8000D5C4] -> 0x006F
mem[X,0x8000D5C6] -> 0x00C0
[1421] [M]: 0x8000D5C4 (0x00C0006F) jal zero, 12


mem[X,0x8000D5D0] -> 0x6663
mem[X,0x8000D5D2] -> 0x00B5
[1422] [M]: 0x8000D5D0 (0x00B56663) bltu a0, a1, 12


mem[X,0x8000D5D4] -> 0x0213
mem[X,0x8000D5D6] -> 0x0022
[1423] [M]: 0x8000D5D4 (0x00220213) addi tp, tp, 2
x4 <- 0x00000002


mem[X,0x8000D5D8] -> 0x006F
mem[X,0x8000D5DA] -> 0x00C0
[1424] [M]: 0x8000D5D8 (0x00C0006F) jal zero, 12


mem[X,0x8000D5E4] -> 0xAC23
mem[X,0x8000D5E6] -> 0x1E40
[1425] [M]: 0x8000D5E4 (0x1E40AC23) sw tp, 504(ra)
mem[0x8004C36C] <- 0x00000002


mem[X,0x8000D5E8] -> 0x5537
mem[X,0x8000D5EA] -> 0x5555
[1426] [M]: 0x8000D5E8 (0x55555537) lui a0, 349525
x10 <- 0x55555000


mem[X,0x8000D5EC] -> 0x0513
mem[X,0x8000D5EE] -> 0x5555
[1427] [M]: 0x8000D5EC (0x55550513) addi a0, a0, 1365
x10 <- 0x55555555


mem[X,0x8000D5F0] -> 0x05B7
mem[X,0x8000D5F2] -> 0x0001
[1428] [M]: 0x8000D5F0 (0x000105B7) lui a1, 16
x11 <- 0x00010000


mem[X,0x8000D5F4] -> 0x0213
mem[X,0x8000D5F6] -> 0x0000
[1429] [M]: 0x8000D5F4 (0x00000213) addi tp, zero, 0
x4 <- 0x00000000


mem[X,0x8000D5F8] -> 0x006F
mem[X,0x8000D5FA] -> 0x00C0
[1430] [M]: 0x8000D5F8 (0x00C0006F) jal zero, 12


mem[X,0x8000D604] -> 0x6063
mem[X,0x8000D606] -> 0x08B5
[1431] [M]: 0x8000D604 (0x08B56063) bltu a0, a1, 128


mem[X,0x8000D608] -> 0x0213
mem[X,0x8000D60A] -> 0x0022
[1432] [M]: 0x8000D608 (0x00220213) addi tp, tp, 2
x4 <- 0x00000002


mem[X,0x8000D60C] -> 0x006F
mem[X,0x8000D60E] -> 0x0800
[1433] [M]: 0x8000D60C (0x0800006F) jal zero, 128


mem[X,0x8000D68C] -> 0xAE23
mem[X,0x8000D68E] -> 0x1E40
[1434] [M]: 0x8000D68C (0x1E40AE23) sw tp, 508(ra)
mem[0x8004C370] <- 0x00000002


mem[X,0x8000D690] -> 0xB537
mem[X,0x8000D692] -> 0xAAAA
[1435] [M]: 0x8000D690 (0xAAAAB537) lui a0, 699051
x10 <- 0xAAAAB000


mem[X,0x8000D694] -> 0x0513
mem[X,0x8000D696] -> 0xAAA5
[1436] [M]: 0x8000D694 (0xAAA50513) addi a0, a0, 2730
x10 <- 0xAAAAAAAA


mem[X,0x8000D698] -> 0x0593
mem[X,0x8000D69A] -> 0x0030
[1437] [M]: 0x8000D698 (0x00300593) addi a1, zero, 3
x11 <- 0x00000003


mem[X,0x8000D69C] -> 0x0213
mem[X,0x8000D69E] -> 0x0000
[1438] [M]: 0x8000D69C (0x00000213) addi tp, zero, 0
x4 <- 0x00000000


mem[X,0x8000D6A0] -> 0x006F
mem[X,0x8000D6A2] -> 0x00C0
[1439] [M]: 0x8000D6A0 (0x00C0006F) jal zero, 12


mem[X,0x8000D6AC] -> 0x6663
mem[X,0x8000D6AE] -> 0x00B5
[1440] [M]: 0x8000D6AC (0x00B56663) bltu a0, a1, 12


mem[X,0x8000D6B0] -> 0x0213
mem[X,0x8000D6B2] -> 0x0022
[1441] [M]: 0x8000D6B0 (0x00220213) addi tp, tp, 2
x4 <- 0x00000002


mem[X,0x8000D6B4] -> 0x006F
mem[X,0x8000D6B6] -> 0x00C0
[1442] [M]: 0x8000D6B4 (0x00C0006F) jal zero, 12


mem[X,0x8000D6C0] -> 0xA023
mem[X,0x8000D6C2] -> 0x2040
[1443] [M]: 0x8000D6C0 (0x2040A023) sw tp, 512(ra)
mem[0x8004C374] <- 0x00000002


mem[X,0x8000D6C4] -> 0xB537
mem[X,0x8000D6C6] -> 0xAAAA
[1444] [M]: 0x8000D6C4 (0xAAAAB537) lui a0, 699051
x10 <- 0xAAAAB000


mem[X,0x8000D6C8] -> 0x0513
mem[X,0x8000D6CA] -> 0xAAA5
[1445] [M]: 0x8000D6C8 (0xAAA50513) addi a0, a0, 2730
x10 <- 0xAAAAAAAA


mem[X,0x8000D6CC] -> 0x55B7
mem[X,0x8000D6CE] -> 0x5555
[1446] [M]: 0x8000D6CC (0x555555B7) lui a1, 349525
x11 <- 0x55555000


mem[X,0x8000D6D0] -> 0x8593
mem[X,0x8000D6D2] -> 0x5555
[1447] [M]: 0x8000D6D0 (0x55558593) addi a1, a1, 1365
x11 <- 0x55555555


mem[X,0x8000D6D4] -> 0x0213
mem[X,0x8000D6D6] -> 0x0000
[1448] [M]: 0x8000D6D4 (0x00000213) addi tp, zero, 0
x4 <- 0x00000000


mem[X,0x8000D6D8] -> 0x006F
mem[X,0x8000D6DA] -> 0x00C0
[1449] [M]: 0x8000D6D8 (0x00C0006F) jal zero, 12


mem[X,0x8000D6E4] -> 0x6063
mem[X,0x8000D6E6] -> 0x02B5
[1450] [M]: 0x8000D6E4 (0x02B56063) bltu a0, a1, 32


mem[X,0x8000D6E8] -> 0x0213
mem[X,0x8000D6EA] -> 0x0022
[1451] [M]: 0x8000D6E8 (0x00220213) addi tp, tp, 2
x4 <- 0x00000002


mem[X,0x8000D6EC] -> 0x006F
mem[X,0x8000D6EE] -> 0x0200
[1452] [M]: 0x8000D6EC (0x0200006F) jal zero, 32


mem[X,0x8000D70C] -> 0xA223
mem[X,0x8000D70E] -> 0x2040
[1453] [M]: 0x8000D70C (0x2040A223) sw tp, 516(ra)
mem[0x8004C378] <- 0x00000002


mem[X,0x8000D710] -> 0xB537
mem[X,0x8000D712] -> 0xAAAA
[1454] [M]: 0x8000D710 (0xAAAAB537) lui a0, 699051
x10 <- 0xAAAAB000


mem[X,0x8000D714] -> 0x0513
mem[X,0x8000D716] -> 0xAAA5
[1455] [M]: 0x8000D714 (0xAAA50513) addi a0, a0, 2730
x10 <- 0xAAAAAAAA


mem[X,0x8000D718] -> 0xB5B7
mem[X,0x8000D71A] -> 0xAAAA
[1456] [M]: 0x8000D718 (0xAAAAB5B7) lui a1, 699051
x11 <- 0xAAAAB000


mem[X,0x8000D71C] -> 0x8593
mem[X,0x8000D71E] -> 0xAAA5
[1457] [M]: 0x8000D71C (0xAAA58593) addi a1, a1, 2730
x11 <- 0xAAAAAAAA


mem[X,0x8000D720] -> 0x0213
mem[X,0x8000D722] -> 0x0000
[1458] [M]: 0x8000D720 (0x00000213) addi tp, zero, 0
x4 <- 0x00000000


mem[X,0x8000D724] -> 0x006F
mem[X,0x8000D726] -> 0x0180
[1459] [M]: 0x8000D724 (0x0180006F) jal zero, 24


mem[X,0x8000D73C] -> 0x66E3
mem[X,0x8000D73E] -> 0xFEB5
[1460] [M]: 0x8000D73C (0xFEB566E3) bltu a0, a1, 8172


mem[X,0x8000D740] -> 0x0213
mem[X,0x8000D742] -> 0x0022
[1461] [M]: 0x8000D740 (0x00220213) addi tp, tp, 2
x4 <- 0x00000002


mem[X,0x8000D744] -> 0x006F
mem[X,0x8000D746] -> 0x00C0
[1462] [M]: 0x8000D744 (0x00C0006F) jal zero, 12


mem[X,0x8000D750] -> 0xA423
mem[X,0x8000D752] -> 0x2040
[1463] [M]: 0x8000D750 (0x2040A423) sw tp, 520(ra)
mem[0x8004C37C] <- 0x00000002


mem[X,0x8000D754] -> 0xB537
mem[X,0x8000D756] -> 0xAAAA
[1464] [M]: 0x8000D754 (0xAAAAB537) lui a0, 699051
x10 <- 0xAAAAB000


mem[X,0x8000D758] -> 0x0513
mem[X,0x8000D75A] -> 0xAAA5
[1465] [M]: 0x8000D758 (0xAAA50513) addi a0, a0, 2730
x10 <- 0xAAAAAAAA


mem[X,0x8000D75C] -> 0x0593
mem[X,0x8000D75E] -> 0x0050
[1466] [M]: 0x8000D75C (0x00500593) addi a1, zero, 5
x11 <- 0x00000005


mem[X,0x8000D760] -> 0x0213
mem[X,0x8000D762] -> 0x0000
[1467] [M]: 0x8000D760 (0x00000213) addi tp, zero, 0
x4 <- 0x00000000


mem[X,0x8000D764] -> 0x006F
mem[X,0x8000D766] -> 0x0050
[1468] [M]: 0x8000D764 (0x0050006F) jal zero, 2052


mem[X,0x8000DF68] -> 0x60E3
mem[X,0x8000DF6A] -> 0x80B5
[1469] [M]: 0x8000DF68 (0x80B560E3) bltu a0, a1, 6144


mem[X,0x8000DF6C] -> 0x0213
mem[X,0x8000DF6E] -> 0x0022
[1470] [M]: 0x8000DF6C (0x00220213) addi tp, tp, 2
x4 <- 0x00000002


mem[X,0x8000DF70] -> 0x006F
mem[X,0x8000DF72] -> 0x00C0
[1471] [M]: 0x8000DF70 (0x00C0006F) jal zero, 12


mem[X,0x8000DF7C] -> 0xA623
mem[X,0x8000DF7E] -> 0x2040
[1472] [M]: 0x8000DF7C (0x2040A623) sw tp, 524(ra)
mem[0x8004C380] <- 0x00000002


mem[X,0x8000DF80] -> 0xB537
mem[X,0x8000DF82] -> 0xAAAA
[1473] [M]: 0x8000DF80 (0xAAAAB537) lui a0, 699051
x10 <- 0xAAAAB000


mem[X,0x8000DF84] -> 0x0513
mem[X,0x8000DF86] -> 0xAAA5
[1474] [M]: 0x8000DF84 (0xAAA50513) addi a0, a0, 2730
x10 <- 0xAAAAAAAA


mem[X,0x8000DF88] -> 0x35B7
mem[X,0x8000DF8A] -> 0x3333
[1475] [M]: 0x8000DF88 (0x333335B7) lui a1, 209715
x11 <- 0x33333000


mem[X,0x8000DF8C] -> 0x8593
mem[X,0x8000DF8E] -> 0x3335
[1476] [M]: 0x8000DF8C (0x33358593) addi a1, a1, 819
x11 <- 0x33333333


mem[X,0x8000DF90] -> 0x0213
mem[X,0x8000DF92] -> 0x0000
[1477] [M]: 0x8000DF90 (0x00000213) addi tp, zero, 0
x4 <- 0x00000000


mem[X,0x8000DF94] -> 0x006F
mem[X,0x8000DF96] -> 0x00C0
[1478] [M]: 0x8000DF94 (0x00C0006F) jal zero, 12


mem[X,0x8000DFA0] -> 0x6063
mem[X,0x8000DFA2] -> 0x04B5
[1479] [M]: 0x8000DFA0 (0x04B56063) bltu a0, a1, 64


mem[X,0x8000DFA4] -> 0x0213
mem[X,0x8000DFA6] -> 0x0022
[1480] [M]: 0x8000DFA4 (0x00220213) addi tp, tp, 2
x4 <- 0x00000002


mem[X,0x8000DFA8] -> 0x006F
mem[X,0x8000DFAA] -> 0x0400
[1481] [M]: 0x8000DFA8 (0x0400006F) jal zero, 64


mem[X,0x8000DFE8] -> 0xA823
mem[X,0x8000DFEA] -> 0x2040
[1482] [M]: 0x8000DFE8 (0x2040A823) sw tp, 528(ra)
mem[0x8004C384] <- 0x00000002


mem[X,0x8000DFEC] -> 0xB537
mem[X,0x8000DFEE] -> 0xAAAA
[1483] [M]: 0x8000DFEC (0xAAAAB537) lui a0, 699051
x10 <- 0xAAAAB000


mem[X,0x8000DFF0] -> 0x0513
mem[X,0x8000DFF2] -> 0xAAA5
[1484] [M]: 0x8000DFF0 (0xAAA50513) addi a0, a0, 2730
x10 <- 0xAAAAAAAA


mem[X,0x8000DFF4] -> 0x65B7
mem[X,0x8000DFF6] -> 0x6666
[1485] [M]: 0x8000DFF4 (0x666665B7) lui a1, 419430
x11 <- 0x66666000


mem[X,0x8000DFF8] -> 0x8593
mem[X,0x8000DFFA] -> 0x6665
[1486] [M]: 0x8000DFF8 (0x66658593) addi a1, a1, 1638
x11 <- 0x66666666


mem[X,0x8000DFFC] -> 0x0213
mem[X,0x8000DFFE] -> 0x0000
[1487] [M]: 0x8000DFFC (0x00000213) addi tp, zero, 0
x4 <- 0x00000000


mem[X,0x8000E000] -> 0x006F
mem[X,0x8000E002] -> 0x00C0
[1488] [M]: 0x8000E000 (0x00C0006F) jal zero, 12


mem[X,0x8000E00C] -> 0x6663
mem[X,0x8000E00E] -> 0x00B5
[1489] [M]: 0x8000E00C (0x00B56663) bltu a0, a1, 12


mem[X,0x8000E010] -> 0x0213
mem[X,0x8000E012] -> 0x0022
[1490] [M]: 0x8000E010 (0x00220213) addi tp, tp, 2
x4 <- 0x00000002


mem[X,0x8000E014] -> 0x006F
mem[X,0x8000E016] -> 0x00C0
[1491] [M]: 0x8000E014 (0x00C0006F) jal zero, 12


mem[X,0x8000E020] -> 0xAA23
mem[X,0x8000E022] -> 0x2040
[1492] [M]: 0x8000E020 (0x2040AA23) sw tp, 532(ra)
mem[0x8004C388] <- 0x00000002


mem[X,0x8000E024] -> 0xB537
mem[X,0x8000E026] -> 0xAAAA
[1493] [M]: 0x8000E024 (0xAAAAB537) lui a0, 699051
x10 <- 0xAAAAB000


mem[X,0x8000E028] -> 0x0513
mem[X,0x8000E02A] -> 0xAAA5
[1494] [M]: 0x8000E028 (0xAAA50513) addi a0, a0, 2730
x10 <- 0xAAAAAAAA


mem[X,0x8000E02C] -> 0xB5B7
mem[X,0x8000E02E] -> 0x0000
[1495] [M]: 0x8000E02C (0x0000B5B7) lui a1, 11
x11 <- 0x0000B000


mem[X,0x8000E030] -> 0x8593
mem[X,0x8000E032] -> 0x5045
[1496] [M]: 0x8000E030 (0x50458593) addi a1, a1, 1284
x11 <- 0x0000B504


mem[X,0x8000E034] -> 0x0213
mem[X,0x8000E036] -> 0x0000
[1497] [M]: 0x8000E034 (0x00000213) addi tp, zero, 0
x4 <- 0x00000000


mem[X,0x8000E038] -> 0x006F
mem[X,0x8000E03A] -> 0x00C0
[1498] [M]: 0x8000E038 (0x00C0006F) jal zero, 12


mem[X,0x8000E044] -> 0x6063
mem[X,0x8000E046] -> 0x08B5
[1499] [M]: 0x8000E044 (0x08B56063) bltu a0, a1, 128


clint::tick mtime <- 0x000000000000000F
 clint timer pending at mtime 0x000000000000000F
htif::tick 0x0000000000000000
mem[X,0x8000E048] -> 0x0213
mem[X,0x8000E04A] -> 0x0022
[1500] [M]: 0x8000E048 (0x00220213) addi tp, tp, 2
x4 <- 0x00000002


mem[X,0x8000E04C] -> 0x006F
mem[X,0x8000E04E] -> 0x0800
[1501] [M]: 0x8000E04C (0x0800006F) jal zero, 128


mem[X,0x8000E0CC] -> 0xAC23
mem[X,0x8000E0CE] -> 0x2040
[1502] [M]: 0x8000E0CC (0x2040AC23) sw tp, 536(ra)
mem[0x8004C38C] <- 0x00000002


mem[X,0x8000E0D0] -> 0xB537
mem[X,0x8000E0D2] -> 0xAAAA
[1503] [M]: 0x8000E0D0 (0xAAAAB537) lui a0, 699051
x10 <- 0xAAAAB000


mem[X,0x8000E0D4] -> 0x0513
mem[X,0x8000E0D6] -> 0xAAA5
[1504] [M]: 0x8000E0D4 (0xAAA50513) addi a0, a0, 2730
x10 <- 0xAAAAAAAA


mem[X,0x8000E0D8] -> 0x0593
mem[X,0x8000E0DA] -> 0x0000
[1505] [M]: 0x8000E0D8 (0x00000593) addi a1, zero, 0
x11 <- 0x00000000


mem[X,0x8000E0DC] -> 0x0213
mem[X,0x8000E0DE] -> 0x0000
[1506] [M]: 0x8000E0DC (0x00000213) addi tp, zero, 0
x4 <- 0x00000000


mem[X,0x8000E0E0] -> 0x006F
mem[X,0x8000E0E2] -> 0x00C0
[1507] [M]: 0x8000E0E0 (0x00C0006F) jal zero, 12


mem[X,0x8000E0EC] -> 0x6863
mem[X,0x8000E0EE] -> 0x00B5
[1508] [M]: 0x8000E0EC (0x00B56863) bltu a0, a1, 16


mem[X,0x8000E0F0] -> 0x0213
mem[X,0x8000E0F2] -> 0x0022
[1509] [M]: 0x8000E0F0 (0x00220213) addi tp, tp, 2
x4 <- 0x00000002


mem[X,0x8000E0F4] -> 0x006F
mem[X,0x8000E0F6] -> 0x0100
[1510] [M]: 0x8000E0F4 (0x0100006F) jal zero, 16


mem[X,0x8000E104] -> 0xAE23
mem[X,0x8000E106] -> 0x2040
[1511] [M]: 0x8000E104 (0x2040AE23) sw tp, 540(ra)
mem[0x8004C390] <- 0x00000002


mem[X,0x8000E108] -> 0xB537
mem[X,0x8000E10A] -> 0xAAAA
[1512] [M]: 0x8000E108 (0xAAAAB537) lui a0, 699051
x10 <- 0xAAAAB000


mem[X,0x8000E10C] -> 0x0513
mem[X,0x8000E10E] -> 0xAAA5
[1513] [M]: 0x8000E10C (0xAAA50513) addi a0, a0, 2730
x10 <- 0xAAAAAAAA


mem[X,0x8000E110] -> 0x05B7
mem[X,0x8000E112] -> 0x0001
[1514] [M]: 0x8000E110 (0x000105B7) lui a1, 16
x11 <- 0x00010000


mem[X,0x8000E114] -> 0x8593
mem[X,0x8000E116] -> 0xFFF5
[1515] [M]: 0x8000E114 (0xFFF58593) addi a1, a1, 4095
x11 <- 0x0000FFFF


mem[X,0x8000E118] -> 0x0213
mem[X,0x8000E11A] -> 0x0000
[1516] [M]: 0x8000E118 (0x00000213) addi tp, zero, 0
x4 <- 0x00000000


mem[X,0x8000E11C] -> 0x006F
mem[X,0x8000E11E] -> 0x00C0
[1517] [M]: 0x8000E11C (0x00C0006F) jal zero, 12


mem[X,0x8000E128] -> 0x6063
mem[X,0x8000E12A] -> 0x08B5
[1518] [M]: 0x8000E128 (0x08B56063) bltu a0, a1, 128


mem[X,0x8000E12C] -> 0x0213
mem[X,0x8000E12E] -> 0x0022
[1519] [M]: 0x8000E12C (0x00220213) addi tp, tp, 2
x4 <- 0x00000002


mem[X,0x8000E130] -> 0x006F
mem[X,0x8000E132] -> 0x0800
[1520] [M]: 0x8000E130 (0x0800006F) jal zero, 128


mem[X,0x8000E1B0] -> 0xA023
mem[X,0x8000E1B2] -> 0x2240
[1521] [M]: 0x8000E1B0 (0x2240A023) sw tp, 544(ra)
mem[0x8004C394] <- 0x00000002


mem[X,0x8000E1B4] -> 0xB537
mem[X,0x8000E1B6] -> 0xAAAA
[1522] [M]: 0x8000E1B4 (0xAAAAB537) lui a0, 699051
x10 <- 0xAAAAB000


mem[X,0x8000E1B8] -> 0x0513
mem[X,0x8000E1BA] -> 0xAAA5
[1523] [M]: 0x8000E1B8 (0xAAA50513) addi a0, a0, 2730
x10 <- 0xAAAAAAAA


mem[X,0x8000E1BC] -> 0x0593
mem[X,0x8000E1BE] -> 0x0020
[1524] [M]: 0x8000E1BC (0x00200593) addi a1, zero, 2
x11 <- 0x00000002


mem[X,0x8000E1C0] -> 0x0213
mem[X,0x8000E1C2] -> 0x0000
[1525] [M]: 0x8000E1C0 (0x00000213) addi tp, zero, 0
x4 <- 0x00000000


mem[X,0x8000E1C4] -> 0x006F
mem[X,0x8000E1C6] -> 0x00C0
[1526] [M]: 0x8000E1C4 (0x00C0006F) jal zero, 12


mem[X,0x8000E1D0] -> 0x6CE3
mem[X,0x8000E1D2] -> 0xFEB5
[1527] [M]: 0x8000E1D0 (0xFEB56CE3) bltu a0, a1, 8184


mem[X,0x8000E1D4] -> 0x0213
mem[X,0x8000E1D6] -> 0x0022
[1528] [M]: 0x8000E1D4 (0x00220213) addi tp, tp, 2
x4 <- 0x00000002


mem[X,0x8000E1D8] -> 0x006F
mem[X,0x8000E1DA] -> 0x00C0
[1529] [M]: 0x8000E1D8 (0x00C0006F) jal zero, 12


mem[X,0x8000E1E4] -> 0xA223
mem[X,0x8000E1E6] -> 0x2240
[1530] [M]: 0x8000E1E4 (0x2240A223) sw tp, 548(ra)
mem[0x8004C398] <- 0x00000002


mem[X,0x8000E1E8] -> 0xB537
mem[X,0x8000E1EA] -> 0xAAAA
[1531] [M]: 0x8000E1E8 (0xAAAAB537) lui a0, 699051
x10 <- 0xAAAAB000


mem[X,0x8000E1EC] -> 0x0513
mem[X,0x8000E1EE] -> 0xAAA5
[1532] [M]: 0x8000E1EC (0xAAA50513) addi a0, a0, 2730
x10 <- 0xAAAAAAAA


mem[X,0x8000E1F0] -> 0x55B7
mem[X,0x8000E1F2] -> 0x5555
[1533] [M]: 0x8000E1F0 (0x555555B7) lui a1, 349525
x11 <- 0x55555000


mem[X,0x8000E1F4] -> 0x8593
mem[X,0x8000E1F6] -> 0x5545
[1534] [M]: 0x8000E1F4 (0x55458593) addi a1, a1, 1364
x11 <- 0x55555554


mem[X,0x8000E1F8] -> 0x0213
mem[X,0x8000E1FA] -> 0x0000
[1535] [M]: 0x8000E1F8 (0x00000213) addi tp, zero, 0
x4 <- 0x00000000


mem[X,0x8000E1FC] -> 0x006F
mem[X,0x8000E1FE] -> 0x00C0
[1536] [M]: 0x8000E1FC (0x00C0006F) jal zero, 12


mem[X,0x8000E208] -> 0x6CE3
mem[X,0x8000E20A] -> 0xFEB5
[1537] [M]: 0x8000E208 (0xFEB56CE3) bltu a0, a1, 8184


mem[X,0x8000E20C] -> 0x0213
mem[X,0x8000E20E] -> 0x0022
[1538] [M]: 0x8000E20C (0x00220213) addi tp, tp, 2
x4 <- 0x00000002


mem[X,0x8000E210] -> 0x006F
mem[X,0x8000E212] -> 0x00C0
[1539] [M]: 0x8000E210 (0x00C0006F) jal zero, 12


mem[X,0x8000E21C] -> 0xA423
mem[X,0x8000E21E] -> 0x2240
[1540] [M]: 0x8000E21C (0x2240A423) sw tp, 552(ra)
mem[0x8004C39C] <- 0x00000002


mem[X,0x8000E220] -> 0xB537
mem[X,0x8000E222] -> 0xAAAA
[1541] [M]: 0x8000E220 (0xAAAAB537) lui a0, 699051
x10 <- 0xAAAAB000


mem[X,0x8000E224] -> 0x0513
mem[X,0x8000E226] -> 0xAAA5
[1542] [M]: 0x8000E224 (0xAAA50513) addi a0, a0, 2730
x10 <- 0xAAAAAAAA


mem[X,0x8000E228] -> 0xB5B7
mem[X,0x8000E22A] -> 0xAAAA
[1543] [M]: 0x8000E228 (0xAAAAB5B7) lui a1, 699051
x11 <- 0xAAAAB000


mem[X,0x8000E22C] -> 0x8593
mem[X,0x8000E22E] -> 0xAA95
[1544] [M]: 0x8000E22C (0xAA958593) addi a1, a1, 2729
x11 <- 0xAAAAAAA9


mem[X,0x8000E230] -> 0x0213
mem[X,0x8000E232] -> 0x0000
[1545] [M]: 0x8000E230 (0x00000213) addi tp, zero, 0
x4 <- 0x00000000


mem[X,0x8000E234] -> 0x006F
mem[X,0x8000E236] -> 0x00C0
[1546] [M]: 0x8000E234 (0x00C0006F) jal zero, 12


mem[X,0x8000E240] -> 0x6663
mem[X,0x8000E242] -> 0x00B5
[1547] [M]: 0x8000E240 (0x00B56663) bltu a0, a1, 12


mem[X,0x8000E244] -> 0x0213
mem[X,0x8000E246] -> 0x0022
[1548] [M]: 0x8000E244 (0x00220213) addi tp, tp, 2
x4 <- 0x00000002


mem[X,0x8000E248] -> 0x006F
mem[X,0x8000E24A] -> 0x00C0
[1549] [M]: 0x8000E248 (0x00C0006F) jal zero, 12


mem[X,0x8000E254] -> 0xA623
mem[X,0x8000E256] -> 0x2240
[1550] [M]: 0x8000E254 (0x2240A623) sw tp, 556(ra)
mem[0x8004C3A0] <- 0x00000002


mem[X,0x8000E258] -> 0xB537
mem[X,0x8000E25A] -> 0xAAAA
[1551] [M]: 0x8000E258 (0xAAAAB537) lui a0, 699051
x10 <- 0xAAAAB000


mem[X,0x8000E25C] -> 0x0513
mem[X,0x8000E25E] -> 0xAAA5
[1552] [M]: 0x8000E25C (0xAAA50513) addi a0, a0, 2730
x10 <- 0xAAAAAAAA


mem[X,0x8000E260] -> 0x0593
mem[X,0x8000E262] -> 0x0040
[1553] [M]: 0x8000E260 (0x00400593) addi a1, zero, 4
x11 <- 0x00000004


mem[X,0x8000E264] -> 0x0213
mem[X,0x8000E266] -> 0x0000
[1554] [M]: 0x8000E264 (0x00000213) addi tp, zero, 0
x4 <- 0x00000000


mem[X,0x8000E268] -> 0x006F
mem[X,0x8000E26A] -> 0x00C0
[1555] [M]: 0x8000E268 (0x00C0006F) jal zero, 12


mem[X,0x8000E274] -> 0x6063
mem[X,0x8000E276] -> 0x04B5
[1556] [M]: 0x8000E274 (0x04B56063) bltu a0, a1, 64


mem[X,0x8000E278] -> 0x0213
mem[X,0x8000E27A] -> 0x0022
[1557] [M]: 0x8000E278 (0x00220213) addi tp, tp, 2
x4 <- 0x00000002


mem[X,0x8000E27C] -> 0x006F
mem[X,0x8000E27E] -> 0x0400
[1558] [M]: 0x8000E27C (0x0400006F) jal zero, 64


mem[X,0x8000E2BC] -> 0xA823
mem[X,0x8000E2BE] -> 0x2240
[1559] [M]: 0x8000E2BC (0x2240A823) sw tp, 560(ra)
mem[0x8004C3A4] <- 0x00000002


mem[X,0x8000E2C0] -> 0xB537
mem[X,0x8000E2C2] -> 0xAAAA
[1560] [M]: 0x8000E2C0 (0xAAAAB537) lui a0, 699051
x10 <- 0xAAAAB000


mem[X,0x8000E2C4] -> 0x0513
mem[X,0x8000E2C6] -> 0xAAA5
[1561] [M]: 0x8000E2C4 (0xAAA50513) addi a0, a0, 2730
x10 <- 0xAAAAAAAA


mem[X,0x8000E2C8] -> 0x35B7
mem[X,0x8000E2CA] -> 0x3333
[1562] [M]: 0x8000E2C8 (0x333335B7) lui a1, 209715
x11 <- 0x33333000


mem[X,0x8000E2CC] -> 0x8593
mem[X,0x8000E2CE] -> 0x3325
[1563] [M]: 0x8000E2CC (0x33258593) addi a1, a1, 818
x11 <- 0x33333332


mem[X,0x8000E2D0] -> 0x0213
mem[X,0x8000E2D2] -> 0x0000
[1564] [M]: 0x8000E2D0 (0x00000213) addi tp, zero, 0
x4 <- 0x00000000


mem[X,0x8000E2D4] -> 0x006F
mem[X,0x8000E2D6] -> 0x0180
[1565] [M]: 0x8000E2D4 (0x0180006F) jal zero, 24


mem[X,0x8000E2EC] -> 0x66E3
mem[X,0x8000E2EE] -> 0xFEB5
[1566] [M]: 0x8000E2EC (0xFEB566E3) bltu a0, a1, 8172


mem[X,0x8000E2F0] -> 0x0213
mem[X,0x8000E2F2] -> 0x0022
[1567] [M]: 0x8000E2F0 (0x00220213) addi tp, tp, 2
x4 <- 0x00000002


mem[X,0x8000E2F4] -> 0x006F
mem[X,0x8000E2F6] -> 0x00C0
[1568] [M]: 0x8000E2F4 (0x00C0006F) jal zero, 12


mem[X,0x8000E300] -> 0xAA23
mem[X,0x8000E302] -> 0x2240
[1569] [M]: 0x8000E300 (0x2240AA23) sw tp, 564(ra)
mem[0x8004C3A8] <- 0x00000002


mem[X,0x8000E304] -> 0xB537
mem[X,0x8000E306] -> 0xAAAA
[1570] [M]: 0x8000E304 (0xAAAAB537) lui a0, 699051
x10 <- 0xAAAAB000


mem[X,0x8000E308] -> 0x0513
mem[X,0x8000E30A] -> 0xAAA5
[1571] [M]: 0x8000E308 (0xAAA50513) addi a0, a0, 2730
x10 <- 0xAAAAAAAA


mem[X,0x8000E30C] -> 0x65B7
mem[X,0x8000E30E] -> 0x6666
[1572] [M]: 0x8000E30C (0x666665B7) lui a1, 419430
x11 <- 0x66666000


mem[X,0x8000E310] -> 0x8593
mem[X,0x8000E312] -> 0x6655
[1573] [M]: 0x8000E310 (0x66558593) addi a1, a1, 1637
x11 <- 0x66666665


mem[X,0x8000E314] -> 0x0213
mem[X,0x8000E316] -> 0x0000
[1574] [M]: 0x8000E314 (0x00000213) addi tp, zero, 0
x4 <- 0x00000000


mem[X,0x8000E318] -> 0x006F
mem[X,0x8000E31A] -> 0x0100
[1575] [M]: 0x8000E318 (0x0100006F) jal zero, 16


mem[X,0x8000E328] -> 0x6AE3
mem[X,0x8000E32A] -> 0xFEB5
[1576] [M]: 0x8000E328 (0xFEB56AE3) bltu a0, a1, 8180


mem[X,0x8000E32C] -> 0x0213
mem[X,0x8000E32E] -> 0x0022
[1577] [M]: 0x8000E32C (0x00220213) addi tp, tp, 2
x4 <- 0x00000002


mem[X,0x8000E330] -> 0x006F
mem[X,0x8000E332] -> 0x00C0
[1578] [M]: 0x8000E330 (0x00C0006F) jal zero, 12


mem[X,0x8000E33C] -> 0xAC23
mem[X,0x8000E33E] -> 0x2240
[1579] [M]: 0x8000E33C (0x2240AC23) sw tp, 568(ra)
mem[0x8004C3AC] <- 0x00000002


mem[X,0x8000E340] -> 0xB537
mem[X,0x8000E342] -> 0xAAAA
[1580] [M]: 0x8000E340 (0xAAAAB537) lui a0, 699051
x10 <- 0xAAAAB000


mem[X,0x8000E344] -> 0x0513
mem[X,0x8000E346] -> 0xAAA5
[1581] [M]: 0x8000E344 (0xAAA50513) addi a0, a0, 2730
x10 <- 0xAAAAAAAA


mem[X,0x8000E348] -> 0xB5B7
mem[X,0x8000E34A] -> 0x0000
[1582] [M]: 0x8000E348 (0x0000B5B7) lui a1, 11
x11 <- 0x0000B000


mem[X,0x8000E34C] -> 0x8593
mem[X,0x8000E34E] -> 0x5035
[1583] [M]: 0x8000E34C (0x50358593) addi a1, a1, 1283
x11 <- 0x0000B503


mem[X,0x8000E350] -> 0x0213
mem[X,0x8000E352] -> 0x0000
[1584] [M]: 0x8000E350 (0x00000213) addi tp, zero, 0
x4 <- 0x00000000


mem[X,0x8000E354] -> 0x006F
mem[X,0x8000E356] -> 0x00C0
[1585] [M]: 0x8000E354 (0x00C0006F) jal zero, 12


mem[X,0x8000E360] -> 0x6063
mem[X,0x8000E362] -> 0x08B5
[1586] [M]: 0x8000E360 (0x08B56063) bltu a0, a1, 128


mem[X,0x8000E364] -> 0x0213
mem[X,0x8000E366] -> 0x0022
[1587] [M]: 0x8000E364 (0x00220213) addi tp, tp, 2
x4 <- 0x00000002


mem[X,0x8000E368] -> 0x006F
mem[X,0x8000E36A] -> 0x0800
[1588] [M]: 0x8000E368 (0x0800006F) jal zero, 128


mem[X,0x8000E3E8] -> 0xAE23
mem[X,0x8000E3EA] -> 0x2240
[1589] [M]: 0x8000E3E8 (0x2240AE23) sw tp, 572(ra)
mem[0x8004C3B0] <- 0x00000002


mem[X,0x8000E3EC] -> 0xB537
mem[X,0x8000E3EE] -> 0xAAAA
[1590] [M]: 0x8000E3EC (0xAAAAB537) lui a0, 699051
x10 <- 0xAAAAB000


mem[X,0x8000E3F0] -> 0x0513
mem[X,0x8000E3F2] -> 0xAAA5
[1591] [M]: 0x8000E3F0 (0xAAA50513) addi a0, a0, 2730
x10 <- 0xAAAAAAAA


mem[X,0x8000E3F4] -> 0x05B7
mem[X,0x8000E3F6] -> 0x0001
[1592] [M]: 0x8000E3F4 (0x000105B7) lui a1, 16
x11 <- 0x00010000


mem[X,0x8000E3F8] -> 0x8593
mem[X,0x8000E3FA] -> 0xFFE5
[1593] [M]: 0x8000E3F8 (0xFFE58593) addi a1, a1, 4094
x11 <- 0x0000FFFE


mem[X,0x8000E3FC] -> 0x0213
mem[X,0x8000E3FE] -> 0x0000
[1594] [M]: 0x8000E3FC (0x00000213) addi tp, zero, 0
x4 <- 0x00000000


mem[X,0x8000E400] -> 0x006F
mem[X,0x8000E402] -> 0x0050
[1595] [M]: 0x8000E400 (0x0050006F) jal zero, 2052


mem[X,0x8000EC04] -> 0x60E3
mem[X,0x8000EC06] -> 0x80B5
[1596] [M]: 0x8000EC04 (0x80B560E3) bltu a0, a1, 6144


mem[X,0x8000EC08] -> 0x0213
mem[X,0x8000EC0A] -> 0x0022
[1597] [M]: 0x8000EC08 (0x00220213) addi tp, tp, 2
x4 <- 0x00000002


mem[X,0x8000EC0C] -> 0x006F
mem[X,0x8000EC0E] -> 0x00C0
[1598] [M]: 0x8000EC0C (0x00C0006F) jal zero, 12


mem[X,0x8000EC18] -> 0xA023
mem[X,0x8000EC1A] -> 0x2440
[1599] [M]: 0x8000EC18 (0x2440A023) sw tp, 576(ra)
mem[0x8004C3B4] <- 0x00000002


clint::tick mtime <- 0x0000000000000010
 clint timer pending at mtime 0x0000000000000010
htif::tick 0x0000000000000000
mem[X,0x8000EC1C] -> 0xB537
mem[X,0x8000EC1E] -> 0xAAAA
[1600] [M]: 0x8000EC1C (0xAAAAB537) lui a0, 699051
x10 <- 0xAAAAB000


mem[X,0x8000EC20] -> 0x0513
mem[X,0x8000EC22] -> 0xAAA5
[1601] [M]: 0x8000EC20 (0xAAA50513) addi a0, a0, 2730
x10 <- 0xAAAAAAAA


mem[X,0x8000EC24] -> 0x55B7
mem[X,0x8000EC26] -> 0x5555
[1602] [M]: 0x8000EC24 (0x555555B7) lui a1, 349525
x11 <- 0x55555000


mem[X,0x8000EC28] -> 0x8593
mem[X,0x8000EC2A] -> 0x5565
[1603] [M]: 0x8000EC28 (0x55658593) addi a1, a1, 1366
x11 <- 0x55555556


mem[X,0x8000EC2C] -> 0x0213
mem[X,0x8000EC2E] -> 0x0000
[1604] [M]: 0x8000EC2C (0x00000213) addi tp, zero, 0
x4 <- 0x00000000


mem[X,0x8000EC30] -> 0x006F
mem[X,0x8000EC32] -> 0x00C0
[1605] [M]: 0x8000EC30 (0x00C0006F) jal zero, 12


mem[X,0x8000EC3C] -> 0x6863
mem[X,0x8000EC3E] -> 0x00B5
[1606] [M]: 0x8000EC3C (0x00B56863) bltu a0, a1, 16


mem[X,0x8000EC40] -> 0x0213
mem[X,0x8000EC42] -> 0x0022
[1607] [M]: 0x8000EC40 (0x00220213) addi tp, tp, 2
x4 <- 0x00000002


mem[X,0x8000EC44] -> 0x006F
mem[X,0x8000EC46] -> 0x0100
[1608] [M]: 0x8000EC44 (0x0100006F) jal zero, 16


mem[X,0x8000EC54] -> 0xA223
mem[X,0x8000EC56] -> 0x2440
[1609] [M]: 0x8000EC54 (0x2440A223) sw tp, 580(ra)
mem[0x8004C3B8] <- 0x00000002


mem[X,0x8000EC58] -> 0xB537
mem[X,0x8000EC5A] -> 0xAAAA
[1610] [M]: 0x8000EC58 (0xAAAAB537) lui a0, 699051
x10 <- 0xAAAAB000


mem[X,0x8000EC5C] -> 0x0513
mem[X,0x8000EC5E] -> 0xAAA5
[1611] [M]: 0x8000EC5C (0xAAA50513) addi a0, a0, 2730
x10 <- 0xAAAAAAAA


mem[X,0x8000EC60] -> 0xB5B7
mem[X,0x8000EC62] -> 0xAAAA
[1612] [M]: 0x8000EC60 (0xAAAAB5B7) lui a1, 699051
x11 <- 0xAAAAB000


mem[X,0x8000EC64] -> 0x8593
mem[X,0x8000EC66] -> 0xAAB5
[1613] [M]: 0x8000EC64 (0xAAB58593) addi a1, a1, 2731
x11 <- 0xAAAAAAAB


mem[X,0x8000EC68] -> 0x0213
mem[X,0x8000EC6A] -> 0x0000
[1614] [M]: 0x8000EC68 (0x00000213) addi tp, zero, 0
x4 <- 0x00000000


mem[X,0x8000EC6C] -> 0x006F
mem[X,0x8000EC6E] -> 0x00C0
[1615] [M]: 0x8000EC6C (0x00C0006F) jal zero, 12


mem[X,0x8000EC78] -> 0x6663
mem[X,0x8000EC7A] -> 0x00B5
[1616] [M]: 0x8000EC78 (0x00B56663) bltu a0, a1, 12


mem[X,0x8000EC84] -> 0x0213
mem[X,0x8000EC86] -> 0x0032
[1617] [M]: 0x8000EC84 (0x00320213) addi tp, tp, 3
x4 <- 0x00000003


mem[X,0x8000EC88] -> 0x006F
mem[X,0x8000EC8A] -> 0x0040
[1618] [M]: 0x8000EC88 (0x0040006F) jal zero, 4


mem[X,0x8000EC8C] -> 0xA423
mem[X,0x8000EC8E] -> 0x2440
[1619] [M]: 0x8000EC8C (0x2440A423) sw tp, 584(ra)
mem[0x8004C3BC] <- 0x00000003


mem[X,0x8000EC90] -> 0xB537
mem[X,0x8000EC92] -> 0xAAAA
[1620] [M]: 0x8000EC90 (0xAAAAB537) lui a0, 699051
x10 <- 0xAAAAB000


mem[X,0x8000EC94] -> 0x0513
mem[X,0x8000EC96] -> 0xAAA5
[1621] [M]: 0x8000EC94 (0xAAA50513) addi a0, a0, 2730
x10 <- 0xAAAAAAAA


mem[X,0x8000EC98] -> 0x0593
mem[X,0x8000EC9A] -> 0x0060
[1622] [M]: 0x8000EC98 (0x00600593) addi a1, zero, 6
x11 <- 0x00000006


mem[X,0x8000EC9C] -> 0x0213
mem[X,0x8000EC9E] -> 0x0000
[1623] [M]: 0x8000EC9C (0x00000213) addi tp, zero, 0
x4 <- 0x00000000


mem[X,0x8000ECA0] -> 0x006F
mem[X,0x8000ECA2] -> 0x0180
[1624] [M]: 0x8000ECA0 (0x0180006F) jal zero, 24


mem[X,0x8000ECB8] -> 0x66E3
mem[X,0x8000ECBA] -> 0xFEB5
[1625] [M]: 0x8000ECB8 (0xFEB566E3) bltu a0, a1, 8172


mem[X,0x8000ECBC] -> 0x0213
mem[X,0x8000ECBE] -> 0x0022
[1626] [M]: 0x8000ECBC (0x00220213) addi tp, tp, 2
x4 <- 0x00000002


mem[X,0x8000ECC0] -> 0x006F
mem[X,0x8000ECC2] -> 0x00C0
[1627] [M]: 0x8000ECC0 (0x00C0006F) jal zero, 12


mem[X,0x8000ECCC] -> 0xA623
mem[X,0x8000ECCE] -> 0x2440
[1628] [M]: 0x8000ECCC (0x2440A623) sw tp, 588(ra)
mem[0x8004C3C0] <- 0x00000002


mem[X,0x8000ECD0] -> 0xB537
mem[X,0x8000ECD2] -> 0xAAAA
[1629] [M]: 0x8000ECD0 (0xAAAAB537) lui a0, 699051
x10 <- 0xAAAAB000


mem[X,0x8000ECD4] -> 0x0513
mem[X,0x8000ECD6] -> 0xAAA5
[1630] [M]: 0x8000ECD4 (0xAAA50513) addi a0, a0, 2730
x10 <- 0xAAAAAAAA


mem[X,0x8000ECD8] -> 0x35B7
mem[X,0x8000ECDA] -> 0x3333
[1631] [M]: 0x8000ECD8 (0x333335B7) lui a1, 209715
x11 <- 0x33333000


mem[X,0x8000ECDC] -> 0x8593
mem[X,0x8000ECDE] -> 0x3345
[1632] [M]: 0x8000ECDC (0x33458593) addi a1, a1, 820
x11 <- 0x33333334


mem[X,0x8000ECE0] -> 0x0213
mem[X,0x8000ECE2] -> 0x0000
[1633] [M]: 0x8000ECE0 (0x00000213) addi tp, zero, 0
x4 <- 0x00000000


mem[X,0x8000ECE4] -> 0x006F
mem[X,0x8000ECE6] -> 0x00C0
[1634] [M]: 0x8000ECE4 (0x00C0006F) jal zero, 12


mem[X,0x8000ECF0] -> 0x6CE3
mem[X,0x8000ECF2] -> 0xFEB5
[1635] [M]: 0x8000ECF0 (0xFEB56CE3) bltu a0, a1, 8184


mem[X,0x8000ECF4] -> 0x0213
mem[X,0x8000ECF6] -> 0x0022
[1636] [M]: 0x8000ECF4 (0x00220213) addi tp, tp, 2
x4 <- 0x00000002


mem[X,0x8000ECF8] -> 0x006F
mem[X,0x8000ECFA] -> 0x00C0
[1637] [M]: 0x8000ECF8 (0x00C0006F) jal zero, 12


mem[X,0x8000ED04] -> 0xA823
mem[X,0x8000ED06] -> 0x2440
[1638] [M]: 0x8000ED04 (0x2440A823) sw tp, 592(ra)
mem[0x8004C3C4] <- 0x00000002


mem[X,0x8000ED08] -> 0xB537
mem[X,0x8000ED0A] -> 0xAAAA
[1639] [M]: 0x8000ED08 (0xAAAAB537) lui a0, 699051
x10 <- 0xAAAAB000


mem[X,0x8000ED0C] -> 0x0513
mem[X,0x8000ED0E] -> 0xAAA5
[1640] [M]: 0x8000ED0C (0xAAA50513) addi a0, a0, 2730
x10 <- 0xAAAAAAAA


mem[X,0x8000ED10] -> 0x65B7
mem[X,0x8000ED12] -> 0x6666
[1641] [M]: 0x8000ED10 (0x666665B7) lui a1, 419430
x11 <- 0x66666000


mem[X,0x8000ED14] -> 0x8593
mem[X,0x8000ED16] -> 0x6675
[1642] [M]: 0x8000ED14 (0x66758593) addi a1, a1, 1639
x11 <- 0x66666667


mem[X,0x8000ED18] -> 0x0213
mem[X,0x8000ED1A] -> 0x0000
[1643] [M]: 0x8000ED18 (0x00000213) addi tp, zero, 0
x4 <- 0x00000000


mem[X,0x8000ED1C] -> 0x006F
mem[X,0x8000ED1E] -> 0x00C0
[1644] [M]: 0x8000ED1C (0x00C0006F) jal zero, 12


mem[X,0x8000ED28] -> 0x6663
mem[X,0x8000ED2A] -> 0x00B5
[1645] [M]: 0x8000ED28 (0x00B56663) bltu a0, a1, 12


mem[X,0x8000ED2C] -> 0x0213
mem[X,0x8000ED2E] -> 0x0022
[1646] [M]: 0x8000ED2C (0x00220213) addi tp, tp, 2
x4 <- 0x00000002


mem[X,0x8000ED30] -> 0x006F
mem[X,0x8000ED32] -> 0x00C0
[1647] [M]: 0x8000ED30 (0x00C0006F) jal zero, 12


mem[X,0x8000ED3C] -> 0xAA23
mem[X,0x8000ED3E] -> 0x2440
[1648] [M]: 0x8000ED3C (0x2440AA23) sw tp, 596(ra)
mem[0x8004C3C8] <- 0x00000002


mem[X,0x8000ED40] -> 0xB537
mem[X,0x8000ED42] -> 0xAAAA
[1649] [M]: 0x8000ED40 (0xAAAAB537) lui a0, 699051
x10 <- 0xAAAAB000


mem[X,0x8000ED44] -> 0x0513
mem[X,0x8000ED46] -> 0xAAA5
[1650] [M]: 0x8000ED44 (0xAAA50513) addi a0, a0, 2730
x10 <- 0xAAAAAAAA


mem[X,0x8000ED48] -> 0xB5B7
mem[X,0x8000ED4A] -> 0x0000
[1651] [M]: 0x8000ED48 (0x0000B5B7) lui a1, 11
x11 <- 0x0000B000


mem[X,0x8000ED4C] -> 0x8593
mem[X,0x8000ED4E] -> 0x5055
[1652] [M]: 0x8000ED4C (0x50558593) addi a1, a1, 1285
x11 <- 0x0000B505


mem[X,0x8000ED50] -> 0x0213
mem[X,0x8000ED52] -> 0x0000
[1653] [M]: 0x8000ED50 (0x00000213) addi tp, zero, 0
x4 <- 0x00000000


mem[X,0x8000ED54] -> 0x006F
mem[X,0x8000ED56] -> 0x00C0
[1654] [M]: 0x8000ED54 (0x00C0006F) jal zero, 12


mem[X,0x8000ED60] -> 0x6063
mem[X,0x8000ED62] -> 0x20B5
[1655] [M]: 0x8000ED60 (0x20B56063) bltu a0, a1, 512


mem[X,0x8000ED64] -> 0x0213
mem[X,0x8000ED66] -> 0x0022
[1656] [M]: 0x8000ED64 (0x00220213) addi tp, tp, 2
x4 <- 0x00000002


mem[X,0x8000ED68] -> 0x006F
mem[X,0x8000ED6A] -> 0x2000
[1657] [M]: 0x8000ED68 (0x2000006F) jal zero, 512


mem[X,0x8000EF68] -> 0xAC23
mem[X,0x8000EF6A] -> 0x2440
[1658] [M]: 0x8000EF68 (0x2440AC23) sw tp, 600(ra)
mem[0x8004C3CC] <- 0x00000002


mem[X,0x8000EF6C] -> 0xB537
mem[X,0x8000EF6E] -> 0xAAAA
[1659] [M]: 0x8000EF6C (0xAAAAB537) lui a0, 699051
x10 <- 0xAAAAB000


mem[X,0x8000EF70] -> 0x0513
mem[X,0x8000EF72] -> 0xAAA5
[1660] [M]: 0x8000EF70 (0xAAA50513) addi a0, a0, 2730
x10 <- 0xAAAAAAAA


mem[X,0x8000EF74] -> 0x0593
mem[X,0x8000EF76] -> 0x0010
[1661] [M]: 0x8000EF74 (0x00100593) addi a1, zero, 1
x11 <- 0x00000001


mem[X,0x8000EF78] -> 0x0213
mem[X,0x8000EF7A] -> 0x0000
[1662] [M]: 0x8000EF78 (0x00000213) addi tp, zero, 0
x4 <- 0x00000000


mem[X,0x8000EF7C] -> 0x006F
mem[X,0x8000EF7E] -> 0x0100
[1663] [M]: 0x8000EF7C (0x0100006F) jal zero, 16


mem[X,0x8000EF8C] -> 0x6AE3
mem[X,0x8000EF8E] -> 0xFEB5
[1664] [M]: 0x8000EF8C (0xFEB56AE3) bltu a0, a1, 8180


mem[X,0x8000EF90] -> 0x0213
mem[X,0x8000EF92] -> 0x0022
[1665] [M]: 0x8000EF90 (0x00220213) addi tp, tp, 2
x4 <- 0x00000002


mem[X,0x8000EF94] -> 0x006F
mem[X,0x8000EF96] -> 0x00C0
[1666] [M]: 0x8000EF94 (0x00C0006F) jal zero, 12


mem[X,0x8000EFA0] -> 0xAE23
mem[X,0x8000EFA2] -> 0x2440
[1667] [M]: 0x8000EFA0 (0x2440AE23) sw tp, 604(ra)
mem[0x8004C3D0] <- 0x00000002


mem[X,0x8000EFA4] -> 0xB537
mem[X,0x8000EFA6] -> 0xAAAA
[1668] [M]: 0x8000EFA4 (0xAAAAB537) lui a0, 699051
x10 <- 0xAAAAB000


mem[X,0x8000EFA8] -> 0x0513
mem[X,0x8000EFAA] -> 0xAAA5
[1669] [M]: 0x8000EFA8 (0xAAA50513) addi a0, a0, 2730
x10 <- 0xAAAAAAAA


mem[X,0x8000EFAC] -> 0x05B7
mem[X,0x8000EFAE] -> 0x0001
[1670] [M]: 0x8000EFAC (0x000105B7) lui a1, 16
x11 <- 0x00010000


mem[X,0x8000EFB0] -> 0x0213
mem[X,0x8000EFB2] -> 0x0000
[1671] [M]: 0x8000EFB0 (0x00000213) addi tp, zero, 0
x4 <- 0x00000000


mem[X,0x8000EFB4] -> 0x006F
mem[X,0x8000EFB6] -> 0x0140
[1672] [M]: 0x8000EFB4 (0x0140006F) jal zero, 20


mem[X,0x8000EFC8] -> 0x68E3
mem[X,0x8000EFCA] -> 0xFEB5
[1673] [M]: 0x8000EFC8 (0xFEB568E3) bltu a0, a1, 8176


mem[X,0x8000EFCC] -> 0x0213
mem[X,0x8000EFCE] -> 0x0022
[1674] [M]: 0x8000EFCC (0x00220213) addi tp, tp, 2
x4 <- 0x00000002


mem[X,0x8000EFD0] -> 0x006F
mem[X,0x8000EFD2] -> 0x00C0
[1675] [M]: 0x8000EFD0 (0x00C0006F) jal zero, 12


mem[X,0x8000EFDC] -> 0xA023
mem[X,0x8000EFDE] -> 0x2640
[1676] [M]: 0x8000EFDC (0x2640A023) sw tp, 608(ra)
mem[0x8004C3D4] <- 0x00000002


mem[X,0x8000EFE0] -> 0x0513
mem[X,0x8000EFE2] -> 0x0050
[1677] [M]: 0x8000EFE0 (0x00500513) addi a0, zero, 5
x10 <- 0x00000005


mem[X,0x8000EFE4] -> 0x0593
mem[X,0x8000EFE6] -> 0x0030
[1678] [M]: 0x8000EFE4 (0x00300593) addi a1, zero, 3
x11 <- 0x00000003


mem[X,0x8000EFE8] -> 0x0213
mem[X,0x8000EFEA] -> 0x0000
[1679] [M]: 0x8000EFE8 (0x00000213) addi tp, zero, 0
x4 <- 0x00000000


mem[X,0x8000EFEC] -> 0x006F
mem[X,0x8000EFEE] -> 0x00C0
[1680] [M]: 0x8000EFEC (0x00C0006F) jal zero, 12


mem[X,0x8000EFF8] -> 0x6063
mem[X,0x8000EFFA] -> 0x02B5
[1681] [M]: 0x8000EFF8 (0x02B56063) bltu a0, a1, 32


mem[X,0x8000EFFC] -> 0x0213
mem[X,0x8000EFFE] -> 0x0022
[1682] [M]: 0x8000EFFC (0x00220213) addi tp, tp, 2
x4 <- 0x00000002


mem[X,0x8000F000] -> 0x006F
mem[X,0x8000F002] -> 0x0200
[1683] [M]: 0x8000F000 (0x0200006F) jal zero, 32


mem[X,0x8000F020] -> 0xA223
mem[X,0x8000F022] -> 0x2640
[1684] [M]: 0x8000F020 (0x2640A223) sw tp, 612(ra)
mem[0x8004C3D8] <- 0x00000002


mem[X,0x8000F024] -> 0x0513
mem[X,0x8000F026] -> 0x0050
[1685] [M]: 0x8000F024 (0x00500513) addi a0, zero, 5
x10 <- 0x00000005


mem[X,0x8000F028] -> 0x55B7
mem[X,0x8000F02A] -> 0x5555
[1686] [M]: 0x8000F028 (0x555555B7) lui a1, 349525
x11 <- 0x55555000


mem[X,0x8000F02C] -> 0x8593
mem[X,0x8000F02E] -> 0x5555
[1687] [M]: 0x8000F02C (0x55558593) addi a1, a1, 1365
x11 <- 0x55555555


mem[X,0x8000F030] -> 0x0213
mem[X,0x8000F032] -> 0x0000
[1688] [M]: 0x8000F030 (0x00000213) addi tp, zero, 0
x4 <- 0x00000000


mem[X,0x8000F034] -> 0x006F
mem[X,0x8000F036] -> 0x00C0
[1689] [M]: 0x8000F034 (0x00C0006F) jal zero, 12


mem[X,0x8000F040] -> 0x6663
mem[X,0x8000F042] -> 0x00B5
[1690] [M]: 0x8000F040 (0x00B56663) bltu a0, a1, 12


mem[X,0x8000F04C] -> 0x0213
mem[X,0x8000F04E] -> 0x0032
[1691] [M]: 0x8000F04C (0x00320213) addi tp, tp, 3
x4 <- 0x00000003


mem[X,0x8000F050] -> 0x006F
mem[X,0x8000F052] -> 0x0040
[1692] [M]: 0x8000F050 (0x0040006F) jal zero, 4


mem[X,0x8000F054] -> 0xA423
mem[X,0x8000F056] -> 0x2640
[1693] [M]: 0x8000F054 (0x2640A423) sw tp, 616(ra)
mem[0x8004C3DC] <- 0x00000003


mem[X,0x8000F058] -> 0x0513
mem[X,0x8000F05A] -> 0x0050
[1694] [M]: 0x8000F058 (0x00500513) addi a0, zero, 5
x10 <- 0x00000005


mem[X,0x8000F05C] -> 0xB5B7
mem[X,0x8000F05E] -> 0xAAAA
[1695] [M]: 0x8000F05C (0xAAAAB5B7) lui a1, 699051
x11 <- 0xAAAAB000


mem[X,0x8000F060] -> 0x8593
mem[X,0x8000F062] -> 0xAAA5
[1696] [M]: 0x8000F060 (0xAAA58593) addi a1, a1, 2730
x11 <- 0xAAAAAAAA


mem[X,0x8000F064] -> 0x0213
mem[X,0x8000F066] -> 0x0000
[1697] [M]: 0x8000F064 (0x00000213) addi tp, zero, 0
x4 <- 0x00000000


mem[X,0x8000F068] -> 0x006F
mem[X,0x8000F06A] -> 0x00C0
[1698] [M]: 0x8000F068 (0x00C0006F) jal zero, 12


mem[X,0x8000F074] -> 0x6863
mem[X,0x8000F076] -> 0x00B5
[1699] [M]: 0x8000F074 (0x00B56863) bltu a0, a1, 16


clint::tick mtime <- 0x0000000000000011
 clint timer pending at mtime 0x0000000000000011
htif::tick 0x0000000000000000
mem[X,0x8000F084] -> 0x0213
mem[X,0x8000F086] -> 0x0032
[1700] [M]: 0x8000F084 (0x00320213) addi tp, tp, 3
x4 <- 0x00000003


mem[X,0x8000F088] -> 0x006F
mem[X,0x8000F08A] -> 0x0040
[1701] [M]: 0x8000F088 (0x0040006F) jal zero, 4


mem[X,0x8000F08C] -> 0xA623
mem[X,0x8000F08E] -> 0x2640
[1702] [M]: 0x8000F08C (0x2640A623) sw tp, 620(ra)
mem[0x8004C3E0] <- 0x00000003


mem[X,0x8000F090] -> 0x0513
mem[X,0x8000F092] -> 0x0050
[1703] [M]: 0x8000F090 (0x00500513) addi a0, zero, 5
x10 <- 0x00000005


mem[X,0x8000F094] -> 0x0593
mem[X,0x8000F096] -> 0x0050
[1704] [M]: 0x8000F094 (0x00500593) addi a1, zero, 5
x11 <- 0x00000005


mem[X,0x8000F098] -> 0x0213
mem[X,0x8000F09A] -> 0x0000
[1705] [M]: 0x8000F098 (0x00000213) addi tp, zero, 0
x4 <- 0x00000000


mem[X,0x8000F09C] -> 0x006F
mem[X,0x8000F09E] -> 0x0140
[1706] [M]: 0x8000F09C (0x0140006F) jal zero, 20


mem[X,0x8000F0B0] -> 0x68E3
mem[X,0x8000F0B2] -> 0xFEB5
[1707] [M]: 0x8000F0B0 (0xFEB568E3) bltu a0, a1, 8176


mem[X,0x8000F0B4] -> 0x0213
mem[X,0x8000F0B6] -> 0x0022
[1708] [M]: 0x8000F0B4 (0x00220213) addi tp, tp, 2
x4 <- 0x00000002


mem[X,0x8000F0B8] -> 0x006F
mem[X,0x8000F0BA] -> 0x00C0
[1709] [M]: 0x8000F0B8 (0x00C0006F) jal zero, 12


mem[X,0x8000F0C4] -> 0xA823
mem[X,0x8000F0C6] -> 0x2640
[1710] [M]: 0x8000F0C4 (0x2640A823) sw tp, 624(ra)
mem[0x8004C3E4] <- 0x00000002


mem[X,0x8000F0C8] -> 0x0513
mem[X,0x8000F0CA] -> 0x0050
[1711] [M]: 0x8000F0C8 (0x00500513) addi a0, zero, 5
x10 <- 0x00000005


mem[X,0x8000F0CC] -> 0x35B7
mem[X,0x8000F0CE] -> 0x3333
[1712] [M]: 0x8000F0CC (0x333335B7) lui a1, 209715
x11 <- 0x33333000


mem[X,0x8000F0D0] -> 0x8593
mem[X,0x8000F0D2] -> 0x3335
[1713] [M]: 0x8000F0D0 (0x33358593) addi a1, a1, 819
x11 <- 0x33333333


mem[X,0x8000F0D4] -> 0x0213
mem[X,0x8000F0D6] -> 0x0000
[1714] [M]: 0x8000F0D4 (0x00000213) addi tp, zero, 0
x4 <- 0x00000000


mem[X,0x8000F0D8] -> 0x006F
mem[X,0x8000F0DA] -> 0x00C0
[1715] [M]: 0x8000F0D8 (0x00C0006F) jal zero, 12


mem[X,0x8000F0E4] -> 0x6663
mem[X,0x8000F0E6] -> 0x00B5
[1716] [M]: 0x8000F0E4 (0x00B56663) bltu a0, a1, 12


mem[X,0x8000F0F0] -> 0x0213
mem[X,0x8000F0F2] -> 0x0032
[1717] [M]: 0x8000F0F0 (0x00320213) addi tp, tp, 3
x4 <- 0x00000003


mem[X,0x8000F0F4] -> 0x006F
mem[X,0x8000F0F6] -> 0x0040
[1718] [M]: 0x8000F0F4 (0x0040006F) jal zero, 4


mem[X,0x8000F0F8] -> 0xAA23
mem[X,0x8000F0FA] -> 0x2640
[1719] [M]: 0x8000F0F8 (0x2640AA23) sw tp, 628(ra)
mem[0x8004C3E8] <- 0x00000003


mem[X,0x8000F0FC] -> 0x0513
mem[X,0x8000F0FE] -> 0x0050
[1720] [M]: 0x8000F0FC (0x00500513) addi a0, zero, 5
x10 <- 0x00000005


mem[X,0x8000F100] -> 0x65B7
mem[X,0x8000F102] -> 0x6666
[1721] [M]: 0x8000F100 (0x666665B7) lui a1, 419430
x11 <- 0x66666000


mem[X,0x8000F104] -> 0x8593
mem[X,0x8000F106] -> 0x6665
[1722] [M]: 0x8000F104 (0x66658593) addi a1, a1, 1638
x11 <- 0x66666666


mem[X,0x8000F108] -> 0x0213
mem[X,0x8000F10A] -> 0x0000
[1723] [M]: 0x8000F108 (0x00000213) addi tp, zero, 0
x4 <- 0x00000000


mem[X,0x8000F10C] -> 0x006F
mem[X,0x8000F10E] -> 0x00C0
[1724] [M]: 0x8000F10C (0x00C0006F) jal zero, 12


mem[X,0x8000F118] -> 0x6663
mem[X,0x8000F11A] -> 0x00B5
[1725] [M]: 0x8000F118 (0x00B56663) bltu a0, a1, 12


mem[X,0x8000F124] -> 0x0213
mem[X,0x8000F126] -> 0x0032
[1726] [M]: 0x8000F124 (0x00320213) addi tp, tp, 3
x4 <- 0x00000003


mem[X,0x8000F128] -> 0x006F
mem[X,0x8000F12A] -> 0x0040
[1727] [M]: 0x8000F128 (0x0040006F) jal zero, 4


mem[X,0x8000F12C] -> 0xAC23
mem[X,0x8000F12E] -> 0x2640
[1728] [M]: 0x8000F12C (0x2640AC23) sw tp, 632(ra)
mem[0x8004C3EC] <- 0x00000003


mem[X,0x8000F130] -> 0x0513
mem[X,0x8000F132] -> 0x0050
[1729] [M]: 0x8000F130 (0x00500513) addi a0, zero, 5
x10 <- 0x00000005


mem[X,0x8000F134] -> 0xB5B7
mem[X,0x8000F136] -> 0x0000
[1730] [M]: 0x8000F134 (0x0000B5B7) lui a1, 11
x11 <- 0x0000B000


mem[X,0x8000F138] -> 0x8593
mem[X,0x8000F13A] -> 0x5045
[1731] [M]: 0x8000F138 (0x50458593) addi a1, a1, 1284
x11 <- 0x0000B504


mem[X,0x8000F13C] -> 0x0213
mem[X,0x8000F13E] -> 0x0000
[1732] [M]: 0x8000F13C (0x00000213) addi tp, zero, 0
x4 <- 0x00000000


mem[X,0x8000F140] -> 0x006F
mem[X,0x8000F142] -> 0x00C0
[1733] [M]: 0x8000F140 (0x00C0006F) jal zero, 12


mem[X,0x8000F14C] -> 0x6663
mem[X,0x8000F14E] -> 0x00B5
[1734] [M]: 0x8000F14C (0x00B56663) bltu a0, a1, 12


mem[X,0x8000F158] -> 0x0213
mem[X,0x8000F15A] -> 0x0032
[1735] [M]: 0x8000F158 (0x00320213) addi tp, tp, 3
x4 <- 0x00000003


mem[X,0x8000F15C] -> 0x006F
mem[X,0x8000F15E] -> 0x0040
[1736] [M]: 0x8000F15C (0x0040006F) jal zero, 4


mem[X,0x8000F160] -> 0xAE23
mem[X,0x8000F162] -> 0x2640
[1737] [M]: 0x8000F160 (0x2640AE23) sw tp, 636(ra)
mem[0x8004C3F0] <- 0x00000003


mem[X,0x8000F164] -> 0x0513
mem[X,0x8000F166] -> 0x0050
[1738] [M]: 0x8000F164 (0x00500513) addi a0, zero, 5
x10 <- 0x00000005


mem[X,0x8000F168] -> 0x0593
mem[X,0x8000F16A] -> 0x0000
[1739] [M]: 0x8000F168 (0x00000593) addi a1, zero, 0
x11 <- 0x00000000


mem[X,0x8000F16C] -> 0x0213
mem[X,0x8000F16E] -> 0x0000
[1740] [M]: 0x8000F16C (0x00000213) addi tp, zero, 0
x4 <- 0x00000000


mem[X,0x8000F170] -> 0x006F
mem[X,0x8000F172] -> 0x00C0
[1741] [M]: 0x8000F170 (0x00C0006F) jal zero, 12


mem[X,0x8000F17C] -> 0x6063
mem[X,0x8000F17E] -> 0x04B5
[1742] [M]: 0x8000F17C (0x04B56063) bltu a0, a1, 64


mem[X,0x8000F180] -> 0x0213
mem[X,0x8000F182] -> 0x0022
[1743] [M]: 0x8000F180 (0x00220213) addi tp, tp, 2
x4 <- 0x00000002


mem[X,0x8000F184] -> 0x006F
mem[X,0x8000F186] -> 0x0400
[1744] [M]: 0x8000F184 (0x0400006F) jal zero, 64


mem[X,0x8000F1C4] -> 0xA023
mem[X,0x8000F1C6] -> 0x2840
[1745] [M]: 0x8000F1C4 (0x2840A023) sw tp, 640(ra)
mem[0x8004C3F4] <- 0x00000002


mem[X,0x8000F1C8] -> 0x0513
mem[X,0x8000F1CA] -> 0x0050
[1746] [M]: 0x8000F1C8 (0x00500513) addi a0, zero, 5
x10 <- 0x00000005


mem[X,0x8000F1CC] -> 0x05B7
mem[X,0x8000F1CE] -> 0x0001
[1747] [M]: 0x8000F1CC (0x000105B7) lui a1, 16
x11 <- 0x00010000


mem[X,0x8000F1D0] -> 0x8593
mem[X,0x8000F1D2] -> 0xFFF5
[1748] [M]: 0x8000F1D0 (0xFFF58593) addi a1, a1, 4095
x11 <- 0x0000FFFF


mem[X,0x8000F1D4] -> 0x0213
mem[X,0x8000F1D6] -> 0x0000
[1749] [M]: 0x8000F1D4 (0x00000213) addi tp, zero, 0
x4 <- 0x00000000


mem[X,0x8000F1D8] -> 0x006F
mem[X,0x8000F1DA] -> 0x0180
[1750] [M]: 0x8000F1D8 (0x0180006F) jal zero, 24


mem[X,0x8000F1F0] -> 0x66E3
mem[X,0x8000F1F2] -> 0xFEB5
[1751] [M]: 0x8000F1F0 (0xFEB566E3) bltu a0, a1, 8172


mem[X,0x8000F1DC] -> 0x0213
mem[X,0x8000F1DE] -> 0x0012
[1752] [M]: 0x8000F1DC (0x00120213) addi tp, tp, 1
x4 <- 0x00000001


mem[X,0x8000F1E0] -> 0x006F
mem[X,0x8000F1E2] -> 0x0240
[1753] [M]: 0x8000F1E0 (0x0240006F) jal zero, 36


mem[X,0x8000F204] -> 0xA223
mem[X,0x8000F206] -> 0x2840
[1754] [M]: 0x8000F204 (0x2840A223) sw tp, 644(ra)
mem[0x8004C3F8] <- 0x00000001


mem[X,0x8000F208] -> 0x0513
mem[X,0x8000F20A] -> 0x0050
[1755] [M]: 0x8000F208 (0x00500513) addi a0, zero, 5
x10 <- 0x00000005


mem[X,0x8000F20C] -> 0x0593
mem[X,0x8000F20E] -> 0x0020
[1756] [M]: 0x8000F20C (0x00200593) addi a1, zero, 2
x11 <- 0x00000002


mem[X,0x8000F210] -> 0x0213
mem[X,0x8000F212] -> 0x0000
[1757] [M]: 0x8000F210 (0x00000213) addi tp, zero, 0
x4 <- 0x00000000


mem[X,0x8000F214] -> 0x006F
mem[X,0x8000F216] -> 0x00C0
[1758] [M]: 0x8000F214 (0x00C0006F) jal zero, 12


mem[X,0x8000F220] -> 0x6063
mem[X,0x8000F222] -> 0x40B5
[1759] [M]: 0x8000F220 (0x40B56063) bltu a0, a1, 1024


mem[X,0x8000F224] -> 0x0213
mem[X,0x8000F226] -> 0x0022
[1760] [M]: 0x8000F224 (0x00220213) addi tp, tp, 2
x4 <- 0x00000002


mem[X,0x8000F228] -> 0x006F
mem[X,0x8000F22A] -> 0x4000
[1761] [M]: 0x8000F228 (0x4000006F) jal zero, 1024


mem[X,0x8000F628] -> 0xA423
mem[X,0x8000F62A] -> 0x2840
[1762] [M]: 0x8000F628 (0x2840A423) sw tp, 648(ra)
mem[0x8004C3FC] <- 0x00000002


mem[X,0x8000F62C] -> 0x0513
mem[X,0x8000F62E] -> 0x0050
[1763] [M]: 0x8000F62C (0x00500513) addi a0, zero, 5
x10 <- 0x00000005


mem[X,0x8000F630] -> 0x55B7
mem[X,0x8000F632] -> 0x5555
[1764] [M]: 0x8000F630 (0x555555B7) lui a1, 349525
x11 <- 0x55555000


mem[X,0x8000F634] -> 0x8593
mem[X,0x8000F636] -> 0x5545
[1765] [M]: 0x8000F634 (0x55458593) addi a1, a1, 1364
x11 <- 0x55555554


mem[X,0x8000F638] -> 0x0213
mem[X,0x8000F63A] -> 0x0000
[1766] [M]: 0x8000F638 (0x00000213) addi tp, zero, 0
x4 <- 0x00000000


mem[X,0x8000F63C] -> 0x006F
mem[X,0x8000F63E] -> 0x00C0
[1767] [M]: 0x8000F63C (0x00C0006F) jal zero, 12


mem[X,0x8000F648] -> 0x6663
mem[X,0x8000F64A] -> 0x00B5
[1768] [M]: 0x8000F648 (0x00B56663) bltu a0, a1, 12


mem[X,0x8000F654] -> 0x0213
mem[X,0x8000F656] -> 0x0032
[1769] [M]: 0x8000F654 (0x00320213) addi tp, tp, 3
x4 <- 0x00000003


mem[X,0x8000F658] -> 0x006F
mem[X,0x8000F65A] -> 0x0040
[1770] [M]: 0x8000F658 (0x0040006F) jal zero, 4


mem[X,0x8000F65C] -> 0xA623
mem[X,0x8000F65E] -> 0x2840
[1771] [M]: 0x8000F65C (0x2840A623) sw tp, 652(ra)
mem[0x8004C400] <- 0x00000003


mem[X,0x8000F660] -> 0x0513
mem[X,0x8000F662] -> 0x0050
[1772] [M]: 0x8000F660 (0x00500513) addi a0, zero, 5
x10 <- 0x00000005


mem[X,0x8000F664] -> 0xB5B7
mem[X,0x8000F666] -> 0xAAAA
[1773] [M]: 0x8000F664 (0xAAAAB5B7) lui a1, 699051
x11 <- 0xAAAAB000


mem[X,0x8000F668] -> 0x8593
mem[X,0x8000F66A] -> 0xAA95
[1774] [M]: 0x8000F668 (0xAA958593) addi a1, a1, 2729
x11 <- 0xAAAAAAA9


mem[X,0x8000F66C] -> 0x0213
mem[X,0x8000F66E] -> 0x0000
[1775] [M]: 0x8000F66C (0x00000213) addi tp, zero, 0
x4 <- 0x00000000


mem[X,0x8000F670] -> 0x006F
mem[X,0x8000F672] -> 0x00C0
[1776] [M]: 0x8000F670 (0x00C0006F) jal zero, 12


mem[X,0x8000F67C] -> 0x6CE3
mem[X,0x8000F67E] -> 0xFEB5
[1777] [M]: 0x8000F67C (0xFEB56CE3) bltu a0, a1, 8184


mem[X,0x8000F674] -> 0x0213
mem[X,0x8000F676] -> 0x0012
[1778] [M]: 0x8000F674 (0x00120213) addi tp, tp, 1
x4 <- 0x00000001


mem[X,0x8000F678] -> 0x006F
mem[X,0x8000F67A] -> 0x0180
[1779] [M]: 0x8000F678 (0x0180006F) jal zero, 24


mem[X,0x8000F690] -> 0xA823
mem[X,0x8000F692] -> 0x2840
[1780] [M]: 0x8000F690 (0x2840A823) sw tp, 656(ra)
mem[0x8004C404] <- 0x00000001


mem[X,0x8000F694] -> 0x0513
mem[X,0x8000F696] -> 0x0050
[1781] [M]: 0x8000F694 (0x00500513) addi a0, zero, 5
x10 <- 0x00000005


mem[X,0x8000F698] -> 0x0593
mem[X,0x8000F69A] -> 0x0040
[1782] [M]: 0x8000F698 (0x00400593) addi a1, zero, 4
x11 <- 0x00000004


mem[X,0x8000F69C] -> 0x0213
mem[X,0x8000F69E] -> 0x0000
[1783] [M]: 0x8000F69C (0x00000213) addi tp, zero, 0
x4 <- 0x00000000


mem[X,0x8000F6A0] -> 0x006F
mem[X,0x8000F6A2] -> 0x00C0
[1784] [M]: 0x8000F6A0 (0x00C0006F) jal zero, 12


mem[X,0x8000F6AC] -> 0x6663
mem[X,0x8000F6AE] -> 0x00B5
[1785] [M]: 0x8000F6AC (0x00B56663) bltu a0, a1, 12


mem[X,0x8000F6B0] -> 0x0213
mem[X,0x8000F6B2] -> 0x0022
[1786] [M]: 0x8000F6B0 (0x00220213) addi tp, tp, 2
x4 <- 0x00000002


mem[X,0x8000F6B4] -> 0x006F
mem[X,0x8000F6B6] -> 0x00C0
[1787] [M]: 0x8000F6B4 (0x00C0006F) jal zero, 12


mem[X,0x8000F6C0] -> 0xAA23
mem[X,0x8000F6C2] -> 0x2840
[1788] [M]: 0x8000F6C0 (0x2840AA23) sw tp, 660(ra)
mem[0x8004C408] <- 0x00000002


mem[X,0x8000F6C4] -> 0x0513
mem[X,0x8000F6C6] -> 0x0050
[1789] [M]: 0x8000F6C4 (0x00500513) addi a0, zero, 5
x10 <- 0x00000005


mem[X,0x8000F6C8] -> 0x35B7
mem[X,0x8000F6CA] -> 0x3333
[1790] [M]: 0x8000F6C8 (0x333335B7) lui a1, 209715
x11 <- 0x33333000


mem[X,0x8000F6CC] -> 0x8593
mem[X,0x8000F6CE] -> 0x3325
[1791] [M]: 0x8000F6CC (0x33258593) addi a1, a1, 818
x11 <- 0x33333332


mem[X,0x8000F6D0] -> 0x0213
mem[X,0x8000F6D2] -> 0x0000
[1792] [M]: 0x8000F6D0 (0x00000213) addi tp, zero, 0
x4 <- 0x00000000


mem[X,0x8000F6D4] -> 0x006F
mem[X,0x8000F6D6] -> 0x00C0
[1793] [M]: 0x8000F6D4 (0x00C0006F) jal zero, 12


mem[X,0x8000F6E0] -> 0x6CE3
mem[X,0x8000F6E2] -> 0xFEB5
[1794] [M]: 0x8000F6E0 (0xFEB56CE3) bltu a0, a1, 8184


mem[X,0x8000F6D8] -> 0x0213
mem[X,0x8000F6DA] -> 0x0012
[1795] [M]: 0x8000F6D8 (0x00120213) addi tp, tp, 1
x4 <- 0x00000001


mem[X,0x8000F6DC] -> 0x006F
mem[X,0x8000F6DE] -> 0x0180
[1796] [M]: 0x8000F6DC (0x0180006F) jal zero, 24


mem[X,0x8000F6F4] -> 0xAC23
mem[X,0x8000F6F6] -> 0x2840
[1797] [M]: 0x8000F6F4 (0x2840AC23) sw tp, 664(ra)
mem[0x8004C40C] <- 0x00000001


mem[X,0x8000F6F8] -> 0x0513
mem[X,0x8000F6FA] -> 0x0050
[1798] [M]: 0x8000F6F8 (0x00500513) addi a0, zero, 5
x10 <- 0x00000005


mem[X,0x8000F6FC] -> 0x65B7
mem[X,0x8000F6FE] -> 0x6666
[1799] [M]: 0x8000F6FC (0x666665B7) lui a1, 419430
x11 <- 0x66666000


clint::tick mtime <- 0x0000000000000012
 clint timer pending at mtime 0x0000000000000012
htif::tick 0x0000000000000000
mem[X,0x8000F700] -> 0x8593
mem[X,0x8000F702] -> 0x6655
[1800] [M]: 0x8000F700 (0x66558593) addi a1, a1, 1637
x11 <- 0x66666665


mem[X,0x8000F704] -> 0x0213
mem[X,0x8000F706] -> 0x0000
[1801] [M]: 0x8000F704 (0x00000213) addi tp, zero, 0
x4 <- 0x00000000


mem[X,0x8000F708] -> 0x006F
mem[X,0x8000F70A] -> 0x00C0
[1802] [M]: 0x8000F708 (0x00C0006F) jal zero, 12


mem[X,0x8000F714] -> 0x6063
mem[X,0x8000F716] -> 0x08B5
[1803] [M]: 0x8000F714 (0x08B56063) bltu a0, a1, 128


mem[X,0x8000F794] -> 0x0213
mem[X,0x8000F796] -> 0x0032
[1804] [M]: 0x8000F794 (0x00320213) addi tp, tp, 3
x4 <- 0x00000003


mem[X,0x8000F798] -> 0x006F
mem[X,0x8000F79A] -> 0x0040
[1805] [M]: 0x8000F798 (0x0040006F) jal zero, 4


mem[X,0x8000F79C] -> 0xAE23
mem[X,0x8000F79E] -> 0x2840
[1806] [M]: 0x8000F79C (0x2840AE23) sw tp, 668(ra)
mem[0x8004C410] <- 0x00000003


mem[X,0x8000F7A0] -> 0x0513
mem[X,0x8000F7A2] -> 0x0050
[1807] [M]: 0x8000F7A0 (0x00500513) addi a0, zero, 5
x10 <- 0x00000005


mem[X,0x8000F7A4] -> 0xB5B7
mem[X,0x8000F7A6] -> 0x0000
[1808] [M]: 0x8000F7A4 (0x0000B5B7) lui a1, 11
x11 <- 0x0000B000


mem[X,0x8000F7A8] -> 0x8593
mem[X,0x8000F7AA] -> 0x5035
[1809] [M]: 0x8000F7A8 (0x50358593) addi a1, a1, 1283
x11 <- 0x0000B503


mem[X,0x8000F7AC] -> 0x0213
mem[X,0x8000F7AE] -> 0x0000
[1810] [M]: 0x8000F7AC (0x00000213) addi tp, zero, 0
x4 <- 0x00000000


mem[X,0x8000F7B0] -> 0x006F
mem[X,0x8000F7B2] -> 0x00C0
[1811] [M]: 0x8000F7B0 (0x00C0006F) jal zero, 12


mem[X,0x8000F7BC] -> 0x6863
mem[X,0x8000F7BE] -> 0x00B5
[1812] [M]: 0x8000F7BC (0x00B56863) bltu a0, a1, 16


mem[X,0x8000F7CC] -> 0x0213
mem[X,0x8000F7CE] -> 0x0032
[1813] [M]: 0x8000F7CC (0x00320213) addi tp, tp, 3
x4 <- 0x00000003


mem[X,0x8000F7D0] -> 0x006F
mem[X,0x8000F7D2] -> 0x0040
[1814] [M]: 0x8000F7D0 (0x0040006F) jal zero, 4


mem[X,0x8000F7D4] -> 0xA023
mem[X,0x8000F7D6] -> 0x2A40
[1815] [M]: 0x8000F7D4 (0x2A40A023) sw tp, 672(ra)
mem[0x8004C414] <- 0x00000003


mem[X,0x8000F7D8] -> 0x0513
mem[X,0x8000F7DA] -> 0x0050
[1816] [M]: 0x8000F7D8 (0x00500513) addi a0, zero, 5
x10 <- 0x00000005


mem[X,0x8000F7DC] -> 0x05B7
mem[X,0x8000F7DE] -> 0x0001
[1817] [M]: 0x8000F7DC (0x000105B7) lui a1, 16
x11 <- 0x00010000


mem[X,0x8000F7E0] -> 0x8593
mem[X,0x8000F7E2] -> 0xFFE5
[1818] [M]: 0x8000F7E0 (0xFFE58593) addi a1, a1, 4094
x11 <- 0x0000FFFE


mem[X,0x8000F7E4] -> 0x0213
mem[X,0x8000F7E6] -> 0x0000
[1819] [M]: 0x8000F7E4 (0x00000213) addi tp, zero, 0
x4 <- 0x00000000


mem[X,0x8000F7E8] -> 0x006F
mem[X,0x8000F7EA] -> 0x00C0
[1820] [M]: 0x8000F7E8 (0x00C0006F) jal zero, 12


mem[X,0x8000F7F4] -> 0x6CE3
mem[X,0x8000F7F6] -> 0xFEB5
[1821] [M]: 0x8000F7F4 (0xFEB56CE3) bltu a0, a1, 8184


mem[X,0x8000F7EC] -> 0x0213
mem[X,0x8000F7EE] -> 0x0012
[1822] [M]: 0x8000F7EC (0x00120213) addi tp, tp, 1
x4 <- 0x00000001


mem[X,0x8000F7F0] -> 0x006F
mem[X,0x8000F7F2] -> 0x0180
[1823] [M]: 0x8000F7F0 (0x0180006F) jal zero, 24


mem[X,0x8000F808] -> 0xA223
mem[X,0x8000F80A] -> 0x2A40
[1824] [M]: 0x8000F808 (0x2A40A223) sw tp, 676(ra)
mem[0x8004C418] <- 0x00000001


mem[X,0x8000F80C] -> 0x0513
mem[X,0x8000F80E] -> 0x0050
[1825] [M]: 0x8000F80C (0x00500513) addi a0, zero, 5
x10 <- 0x00000005


mem[X,0x8000F810] -> 0x55B7
mem[X,0x8000F812] -> 0x5555
[1826] [M]: 0x8000F810 (0x555555B7) lui a1, 349525
x11 <- 0x55555000


mem[X,0x8000F814] -> 0x8593
mem[X,0x8000F816] -> 0x5565
[1827] [M]: 0x8000F814 (0x55658593) addi a1, a1, 1366
x11 <- 0x55555556


mem[X,0x8000F818] -> 0x0213
mem[X,0x8000F81A] -> 0x0000
[1828] [M]: 0x8000F818 (0x00000213) addi tp, zero, 0
x4 <- 0x00000000


mem[X,0x8000F81C] -> 0x006F
mem[X,0x8000F81E] -> 0x00C0
[1829] [M]: 0x8000F81C (0x00C0006F) jal zero, 12


mem[X,0x8000F828] -> 0x6663
mem[X,0x8000F82A] -> 0x00B5
[1830] [M]: 0x8000F828 (0x00B56663) bltu a0, a1, 12


mem[X,0x8000F834] -> 0x0213
mem[X,0x8000F836] -> 0x0032
[1831] [M]: 0x8000F834 (0x00320213) addi tp, tp, 3
x4 <- 0x00000003


mem[X,0x8000F838] -> 0x006F
mem[X,0x8000F83A] -> 0x0040
[1832] [M]: 0x8000F838 (0x0040006F) jal zero, 4


mem[X,0x8000F83C] -> 0xA423
mem[X,0x8000F83E] -> 0x2A40
[1833] [M]: 0x8000F83C (0x2A40A423) sw tp, 680(ra)
mem[0x8004C41C] <- 0x00000003


mem[X,0x8000F840] -> 0x0513
mem[X,0x8000F842] -> 0x0050
[1834] [M]: 0x8000F840 (0x00500513) addi a0, zero, 5
x10 <- 0x00000005


mem[X,0x8000F844] -> 0xB5B7
mem[X,0x8000F846] -> 0xAAAA
[1835] [M]: 0x8000F844 (0xAAAAB5B7) lui a1, 699051
x11 <- 0xAAAAB000


mem[X,0x8000F848] -> 0x8593
mem[X,0x8000F84A] -> 0xAAB5
[1836] [M]: 0x8000F848 (0xAAB58593) addi a1, a1, 2731
x11 <- 0xAAAAAAAB


mem[X,0x8000F84C] -> 0x0213
mem[X,0x8000F84E] -> 0x0000
[1837] [M]: 0x8000F84C (0x00000213) addi tp, zero, 0
x4 <- 0x00000000


mem[X,0x8000F850] -> 0x006F
mem[X,0x8000F852] -> 0x0140
[1838] [M]: 0x8000F850 (0x0140006F) jal zero, 20


mem[X,0x8000F864] -> 0x68E3
mem[X,0x8000F866] -> 0xFEB5
[1839] [M]: 0x8000F864 (0xFEB568E3) bltu a0, a1, 8176


mem[X,0x8000F854] -> 0x0213
mem[X,0x8000F856] -> 0x0012
[1840] [M]: 0x8000F854 (0x00120213) addi tp, tp, 1
x4 <- 0x00000001


mem[X,0x8000F858] -> 0x006F
mem[X,0x8000F85A] -> 0x0200
[1841] [M]: 0x8000F858 (0x0200006F) jal zero, 32


mem[X,0x8000F878] -> 0xA623
mem[X,0x8000F87A] -> 0x2A40
[1842] [M]: 0x8000F878 (0x2A40A623) sw tp, 684(ra)
mem[0x8004C420] <- 0x00000001


mem[X,0x8000F87C] -> 0x0513
mem[X,0x8000F87E] -> 0x0050
[1843] [M]: 0x8000F87C (0x00500513) addi a0, zero, 5
x10 <- 0x00000005


mem[X,0x8000F880] -> 0x0593
mem[X,0x8000F882] -> 0x0060
[1844] [M]: 0x8000F880 (0x00600593) addi a1, zero, 6
x11 <- 0x00000006


mem[X,0x8000F884] -> 0x0213
mem[X,0x8000F886] -> 0x0000
[1845] [M]: 0x8000F884 (0x00000213) addi tp, zero, 0
x4 <- 0x00000000


mem[X,0x8000F888] -> 0x006F
mem[X,0x8000F88A] -> 0x0100
[1846] [M]: 0x8000F888 (0x0100006F) jal zero, 16


mem[X,0x8000F898] -> 0x6AE3
mem[X,0x8000F89A] -> 0xFEB5
[1847] [M]: 0x8000F898 (0xFEB56AE3) bltu a0, a1, 8180


mem[X,0x8000F88C] -> 0x0213
mem[X,0x8000F88E] -> 0x0012
[1848] [M]: 0x8000F88C (0x00120213) addi tp, tp, 1
x4 <- 0x00000001


mem[X,0x8000F890] -> 0x006F
mem[X,0x8000F892] -> 0x01C0
[1849] [M]: 0x8000F890 (0x01C0006F) jal zero, 28


mem[X,0x8000F8AC] -> 0xA823
mem[X,0x8000F8AE] -> 0x2A40
[1850] [M]: 0x8000F8AC (0x2A40A823) sw tp, 688(ra)
mem[0x8004C424] <- 0x00000001


mem[X,0x8000F8B0] -> 0x0513
mem[X,0x8000F8B2] -> 0x0050
[1851] [M]: 0x8000F8B0 (0x00500513) addi a0, zero, 5
x10 <- 0x00000005


mem[X,0x8000F8B4] -> 0x35B7
mem[X,0x8000F8B6] -> 0x3333
[1852] [M]: 0x8000F8B4 (0x333335B7) lui a1, 209715
x11 <- 0x33333000


mem[X,0x8000F8B8] -> 0x8593
mem[X,0x8000F8BA] -> 0x3345
[1853] [M]: 0x8000F8B8 (0x33458593) addi a1, a1, 820
x11 <- 0x33333334


mem[X,0x8000F8BC] -> 0x0213
mem[X,0x8000F8BE] -> 0x0000
[1854] [M]: 0x8000F8BC (0x00000213) addi tp, zero, 0
x4 <- 0x00000000


mem[X,0x8000F8C0] -> 0x006F
mem[X,0x8000F8C2] -> 0x00C0
[1855] [M]: 0x8000F8C0 (0x00C0006F) jal zero, 12


mem[X,0x8000F8CC] -> 0x6663
mem[X,0x8000F8CE] -> 0x00B5
[1856] [M]: 0x8000F8CC (0x00B56663) bltu a0, a1, 12


mem[X,0x8000F8D8] -> 0x0213
mem[X,0x8000F8DA] -> 0x0032
[1857] [M]: 0x8000F8D8 (0x00320213) addi tp, tp, 3
x4 <- 0x00000003


mem[X,0x8000F8DC] -> 0x006F
mem[X,0x8000F8DE] -> 0x0040
[1858] [M]: 0x8000F8DC (0x0040006F) jal zero, 4


mem[X,0x8000F8E0] -> 0xAA23
mem[X,0x8000F8E2] -> 0x2A40
[1859] [M]: 0x8000F8E0 (0x2A40AA23) sw tp, 692(ra)
mem[0x8004C428] <- 0x00000003


mem[X,0x8000F8E4] -> 0x0513
mem[X,0x8000F8E6] -> 0x0050
[1860] [M]: 0x8000F8E4 (0x00500513) addi a0, zero, 5
x10 <- 0x00000005


mem[X,0x8000F8E8] -> 0x65B7
mem[X,0x8000F8EA] -> 0x6666
[1861] [M]: 0x8000F8E8 (0x666665B7) lui a1, 419430
x11 <- 0x66666000


mem[X,0x8000F8EC] -> 0x8593
mem[X,0x8000F8EE] -> 0x6675
[1862] [M]: 0x8000F8EC (0x66758593) addi a1, a1, 1639
x11 <- 0x66666667


mem[X,0x8000F8F0] -> 0x0213
mem[X,0x8000F8F2] -> 0x0000
[1863] [M]: 0x8000F8F0 (0x00000213) addi tp, zero, 0
x4 <- 0x00000000


mem[X,0x8000F8F4] -> 0x006F
mem[X,0x8000F8F6] -> 0x00C0
[1864] [M]: 0x8000F8F4 (0x00C0006F) jal zero, 12


mem[X,0x8000F900] -> 0x6063
mem[X,0x8000F902] -> 0x10B5
[1865] [M]: 0x8000F900 (0x10B56063) bltu a0, a1, 256


mem[X,0x8000FA00] -> 0x0213
mem[X,0x8000FA02] -> 0x0032
[1866] [M]: 0x8000FA00 (0x00320213) addi tp, tp, 3
x4 <- 0x00000003


mem[X,0x8000FA04] -> 0x006F
mem[X,0x8000FA06] -> 0x0040
[1867] [M]: 0x8000FA04 (0x0040006F) jal zero, 4


mem[X,0x8000FA08] -> 0xAC23
mem[X,0x8000FA0A] -> 0x2A40
[1868] [M]: 0x8000FA08 (0x2A40AC23) sw tp, 696(ra)
mem[0x8004C42C] <- 0x00000003


mem[X,0x8000FA0C] -> 0x0513
mem[X,0x8000FA0E] -> 0x0050
[1869] [M]: 0x8000FA0C (0x00500513) addi a0, zero, 5
x10 <- 0x00000005


mem[X,0x8000FA10] -> 0xB5B7
mem[X,0x8000FA12] -> 0x0000
[1870] [M]: 0x8000FA10 (0x0000B5B7) lui a1, 11
x11 <- 0x0000B000


mem[X,0x8000FA14] -> 0x8593
mem[X,0x8000FA16] -> 0x5055
[1871] [M]: 0x8000FA14 (0x50558593) addi a1, a1, 1285
x11 <- 0x0000B505


mem[X,0x8000FA18] -> 0x0213
mem[X,0x8000FA1A] -> 0x0000
[1872] [M]: 0x8000FA18 (0x00000213) addi tp, zero, 0
x4 <- 0x00000000


mem[X,0x8000FA1C] -> 0x006F
mem[X,0x8000FA1E] -> 0x00C0
[1873] [M]: 0x8000FA1C (0x00C0006F) jal zero, 12


mem[X,0x8000FA28] -> 0x6063
mem[X,0x8000FA2A] -> 0x02B5
[1874] [M]: 0x8000FA28 (0x02B56063) bltu a0, a1, 32


mem[X,0x8000FA48] -> 0x0213
mem[X,0x8000FA4A] -> 0x0032
[1875] [M]: 0x8000FA48 (0x00320213) addi tp, tp, 3
x4 <- 0x00000003


mem[X,0x8000FA4C] -> 0x006F
mem[X,0x8000FA4E] -> 0x0040
[1876] [M]: 0x8000FA4C (0x0040006F) jal zero, 4


mem[X,0x8000FA50] -> 0xAE23
mem[X,0x8000FA52] -> 0x2A40
[1877] [M]: 0x8000FA50 (0x2A40AE23) sw tp, 700(ra)
mem[0x8004C430] <- 0x00000003


mem[X,0x8000FA54] -> 0x0513
mem[X,0x8000FA56] -> 0x0050
[1878] [M]: 0x8000FA54 (0x00500513) addi a0, zero, 5
x10 <- 0x00000005


mem[X,0x8000FA58] -> 0x0593
mem[X,0x8000FA5A] -> 0x0010
[1879] [M]: 0x8000FA58 (0x00100593) addi a1, zero, 1
x11 <- 0x00000001


mem[X,0x8000FA5C] -> 0x0213
mem[X,0x8000FA5E] -> 0x0000
[1880] [M]: 0x8000FA5C (0x00000213) addi tp, zero, 0
x4 <- 0x00000000


mem[X,0x8000FA60] -> 0x006F
mem[X,0x8000FA62] -> 0x00C0
[1881] [M]: 0x8000FA60 (0x00C0006F) jal zero, 12


mem[X,0x8000FA6C] -> 0x6CE3
mem[X,0x8000FA6E] -> 0xFEB5
[1882] [M]: 0x8000FA6C (0xFEB56CE3) bltu a0, a1, 8184


mem[X,0x8000FA70] -> 0x0213
mem[X,0x8000FA72] -> 0x0022
[1883] [M]: 0x8000FA70 (0x00220213) addi tp, tp, 2
x4 <- 0x00000002


mem[X,0x8000FA74] -> 0x006F
mem[X,0x8000FA76] -> 0x00C0
[1884] [M]: 0x8000FA74 (0x00C0006F) jal zero, 12


mem[X,0x8000FA80] -> 0xA023
mem[X,0x8000FA82] -> 0x2C40
[1885] [M]: 0x8000FA80 (0x2C40A023) sw tp, 704(ra)
mem[0x8004C434] <- 0x00000002


mem[X,0x8000FA84] -> 0x0513
mem[X,0x8000FA86] -> 0x0050
[1886] [M]: 0x8000FA84 (0x00500513) addi a0, zero, 5
x10 <- 0x00000005


mem[X,0x8000FA88] -> 0x05B7
mem[X,0x8000FA8A] -> 0x0001
[1887] [M]: 0x8000FA88 (0x000105B7) lui a1, 16
x11 <- 0x00010000


mem[X,0x8000FA8C] -> 0x0213
mem[X,0x8000FA8E] -> 0x0000
[1888] [M]: 0x8000FA8C (0x00000213) addi tp, zero, 0
x4 <- 0x00000000


mem[X,0x8000FA90] -> 0x006F
mem[X,0x8000FA92] -> 0x0180
[1889] [M]: 0x8000FA90 (0x0180006F) jal zero, 24


mem[X,0x8000FAA8] -> 0x66E3
mem[X,0x8000FAAA] -> 0xFEB5
[1890] [M]: 0x8000FAA8 (0xFEB566E3) bltu a0, a1, 8172


mem[X,0x8000FA94] -> 0x0213
mem[X,0x8000FA96] -> 0x0012
[1891] [M]: 0x8000FA94 (0x00120213) addi tp, tp, 1
x4 <- 0x00000001


mem[X,0x8000FA98] -> 0x006F
mem[X,0x8000FA9A] -> 0x0240
[1892] [M]: 0x8000FA98 (0x0240006F) jal zero, 36


mem[X,0x8000FABC] -> 0xA223
mem[X,0x8000FABE] -> 0x2C40
[1893] [M]: 0x8000FABC (0x2C40A223) sw tp, 708(ra)
mem[0x8004C438] <- 0x00000001


mem[X,0x8000FAC0] -> 0x3537
mem[X,0x8000FAC2] -> 0x3333
[1894] [M]: 0x8000FAC0 (0x33333537) lui a0, 209715
x10 <- 0x33333000


mem[X,0x8000FAC4] -> 0x0513
mem[X,0x8000FAC6] -> 0x3335
[1895] [M]: 0x8000FAC4 (0x33350513) addi a0, a0, 819
x10 <- 0x33333333


mem[X,0x8000FAC8] -> 0x0593
mem[X,0x8000FACA] -> 0x0030
[1896] [M]: 0x8000FAC8 (0x00300593) addi a1, zero, 3
x11 <- 0x00000003


mem[X,0x8000FACC] -> 0x0213
mem[X,0x8000FACE] -> 0x0000
[1897] [M]: 0x8000FACC (0x00000213) addi tp, zero, 0
x4 <- 0x00000000


mem[X,0x8000FAD0] -> 0x006F
mem[X,0x8000FAD2] -> 0x00C0
[1898] [M]: 0x8000FAD0 (0x00C0006F) jal zero, 12


mem[X,0x8000FADC] -> 0x6663
mem[X,0x8000FADE] -> 0x00B5
[1899] [M]: 0x8000FADC (0x00B56663) bltu a0, a1, 12


clint::tick mtime <- 0x0000000000000013
 clint timer pending at mtime 0x0000000000000013
htif::tick 0x0000000000000000
mem[X,0x8000FAE0] -> 0x0213
mem[X,0x8000FAE2] -> 0x0022
[1900] [M]: 0x8000FAE0 (0x00220213) addi tp, tp, 2
x4 <- 0x00000002


mem[X,0x8000FAE4] -> 0x006F
mem[X,0x8000FAE6] -> 0x00C0
[1901] [M]: 0x8000FAE4 (0x00C0006F) jal zero, 12


mem[X,0x8000FAF0] -> 0xA423
mem[X,0x8000FAF2] -> 0x2C40
[1902] [M]: 0x8000FAF0 (0x2C40A423) sw tp, 712(ra)
mem[0x8004C43C] <- 0x00000002


mem[X,0x8000FAF4] -> 0x3537
mem[X,0x8000FAF6] -> 0x3333
[1903] [M]: 0x8000FAF4 (0x33333537) lui a0, 209715
x10 <- 0x33333000


mem[X,0x8000FAF8] -> 0x0513
mem[X,0x8000FAFA] -> 0x3335
[1904] [M]: 0x8000FAF8 (0x33350513) addi a0, a0, 819
x10 <- 0x33333333


mem[X,0x8000FAFC] -> 0x55B7
mem[X,0x8000FAFE] -> 0x5555
[1905] [M]: 0x8000FAFC (0x555555B7) lui a1, 349525
x11 <- 0x55555000


mem[X,0x8000FB00] -> 0x8593
mem[X,0x8000FB02] -> 0x5555
[1906] [M]: 0x8000FB00 (0x55558593) addi a1, a1, 1365
x11 <- 0x55555555


mem[X,0x8000FB04] -> 0x0213
mem[X,0x8000FB06] -> 0x0000
[1907] [M]: 0x8000FB04 (0x00000213) addi tp, zero, 0
x4 <- 0x00000000


mem[X,0x8000FB08] -> 0x006F
mem[X,0x8000FB0A] -> 0x2B10
[1908] [M]: 0x8000FB08 (0x2B10006F) jal zero, 2736


mem[X,0x800105B8] -> 0x6A63
mem[X,0x800105BA] -> 0xD4B5
[1909] [M]: 0x800105B8 (0xD4B56A63) bltu a0, a1, 5460


mem[X,0x8000FB0C] -> 0x0213
mem[X,0x8000FB0E] -> 0x0012
[1910] [M]: 0x8000FB0C (0x00120213) addi tp, tp, 1
x4 <- 0x00000001


mem[X,0x8000FB10] -> 0x006F
mem[X,0x8000FB12] -> 0x2BD0
[1911] [M]: 0x8000FB10 (0x2BD0006F) jal zero, 2748


mem[X,0x800105CC] -> 0xA623
mem[X,0x800105CE] -> 0x2C40
[1912] [M]: 0x800105CC (0x2C40A623) sw tp, 716(ra)
mem[0x8004C440] <- 0x00000001


mem[X,0x800105D0] -> 0x3537
mem[X,0x800105D2] -> 0x3333
[1913] [M]: 0x800105D0 (0x33333537) lui a0, 209715
x10 <- 0x33333000


mem[X,0x800105D4] -> 0x0513
mem[X,0x800105D6] -> 0x3335
[1914] [M]: 0x800105D4 (0x33350513) addi a0, a0, 819
x10 <- 0x33333333


mem[X,0x800105D8] -> 0xB5B7
mem[X,0x800105DA] -> 0xAAAA
[1915] [M]: 0x800105D8 (0xAAAAB5B7) lui a1, 699051
x11 <- 0xAAAAB000


mem[X,0x800105DC] -> 0x8593
mem[X,0x800105DE] -> 0xAAA5
[1916] [M]: 0x800105DC (0xAAA58593) addi a1, a1, 2730
x11 <- 0xAAAAAAAA


mem[X,0x800105E0] -> 0x0213
mem[X,0x800105E2] -> 0x0000
[1917] [M]: 0x800105E0 (0x00000213) addi tp, zero, 0
x4 <- 0x00000000


mem[X,0x800105E4] -> 0x006F
mem[X,0x800105E6] -> 0x0050
[1918] [M]: 0x800105E4 (0x0050006F) jal zero, 2052


mem[X,0x80010DE8] -> 0x60E3
mem[X,0x80010DEA] -> 0x80B5
[1919] [M]: 0x80010DE8 (0x80B560E3) bltu a0, a1, 6144


mem[X,0x800105E8] -> 0x0213
mem[X,0x800105EA] -> 0x0012
[1920] [M]: 0x800105E8 (0x00120213) addi tp, tp, 1
x4 <- 0x00000001


mem[X,0x800105EC] -> 0x006F
mem[X,0x800105EE] -> 0x0110
[1921] [M]: 0x800105EC (0x0110006F) jal zero, 2064


mem[X,0x80010DFC] -> 0xA823
mem[X,0x80010DFE] -> 0x2C40
[1922] [M]: 0x80010DFC (0x2C40A823) sw tp, 720(ra)
mem[0x8004C444] <- 0x00000001


mem[X,0x80010E00] -> 0x3537
mem[X,0x80010E02] -> 0x3333
[1923] [M]: 0x80010E00 (0x33333537) lui a0, 209715
x10 <- 0x33333000


mem[X,0x80010E04] -> 0x0513
mem[X,0x80010E06] -> 0x3335
[1924] [M]: 0x80010E04 (0x33350513) addi a0, a0, 819
x10 <- 0x33333333


mem[X,0x80010E08] -> 0x0593
mem[X,0x80010E0A] -> 0x0050
[1925] [M]: 0x80010E08 (0x00500593) addi a1, zero, 5
x11 <- 0x00000005


mem[X,0x80010E0C] -> 0x0213
mem[X,0x80010E0E] -> 0x0000
[1926] [M]: 0x80010E0C (0x00000213) addi tp, zero, 0
x4 <- 0x00000000


mem[X,0x80010E10] -> 0x006F
mem[X,0x80010E12] -> 0x0180
[1927] [M]: 0x80010E10 (0x0180006F) jal zero, 24


mem[X,0x80010E28] -> 0x66E3
mem[X,0x80010E2A] -> 0xFEB5
[1928] [M]: 0x80010E28 (0xFEB566E3) bltu a0, a1, 8172


mem[X,0x80010E2C] -> 0x0213
mem[X,0x80010E2E] -> 0x0022
[1929] [M]: 0x80010E2C (0x00220213) addi tp, tp, 2
x4 <- 0x00000002


mem[X,0x80010E30] -> 0x006F
mem[X,0x80010E32] -> 0x00C0
[1930] [M]: 0x80010E30 (0x00C0006F) jal zero, 12


mem[X,0x80010E3C] -> 0xAA23
mem[X,0x80010E3E] -> 0x2C40
[1931] [M]: 0x80010E3C (0x2C40AA23) sw tp, 724(ra)
mem[0x8004C448] <- 0x00000002


mem[X,0x80010E40] -> 0x3537
mem[X,0x80010E42] -> 0x3333
[1932] [M]: 0x80010E40 (0x33333537) lui a0, 209715
x10 <- 0x33333000


mem[X,0x80010E44] -> 0x0513
mem[X,0x80010E46] -> 0x3335
[1933] [M]: 0x80010E44 (0x33350513) addi a0, a0, 819
x10 <- 0x33333333


mem[X,0x80010E48] -> 0x35B7
mem[X,0x80010E4A] -> 0x3333
[1934] [M]: 0x80010E48 (0x333335B7) lui a1, 209715
x11 <- 0x33333000


mem[X,0x80010E4C] -> 0x8593
mem[X,0x80010E4E] -> 0x3335
[1935] [M]: 0x80010E4C (0x33358593) addi a1, a1, 819
x11 <- 0x33333333


mem[X,0x80010E50] -> 0x0213
mem[X,0x80010E52] -> 0x0000
[1936] [M]: 0x80010E50 (0x00000213) addi tp, zero, 0
x4 <- 0x00000000


mem[X,0x80010E54] -> 0x006F
mem[X,0x80010E56] -> 0x00C0
[1937] [M]: 0x80010E54 (0x00C0006F) jal zero, 12


mem[X,0x80010E60] -> 0x6063
mem[X,0x80010E62] -> 0x02B5
[1938] [M]: 0x80010E60 (0x02B56063) bltu a0, a1, 32


mem[X,0x80010E64] -> 0x0213
mem[X,0x80010E66] -> 0x0022
[1939] [M]: 0x80010E64 (0x00220213) addi tp, tp, 2
x4 <- 0x00000002


mem[X,0x80010E68] -> 0x006F
mem[X,0x80010E6A] -> 0x0200
[1940] [M]: 0x80010E68 (0x0200006F) jal zero, 32


mem[X,0x80010E88] -> 0xAC23
mem[X,0x80010E8A] -> 0x2C40
[1941] [M]: 0x80010E88 (0x2C40AC23) sw tp, 728(ra)
mem[0x8004C44C] <- 0x00000002


mem[X,0x80010E8C] -> 0x3537
mem[X,0x80010E8E] -> 0x3333
[1942] [M]: 0x80010E8C (0x33333537) lui a0, 209715
x10 <- 0x33333000


mem[X,0x80010E90] -> 0x0513
mem[X,0x80010E92] -> 0x3335
[1943] [M]: 0x80010E90 (0x33350513) addi a0, a0, 819
x10 <- 0x33333333


mem[X,0x80010E94] -> 0x65B7
mem[X,0x80010E96] -> 0x6666
[1944] [M]: 0x80010E94 (0x666665B7) lui a1, 419430
x11 <- 0x66666000


mem[X,0x80010E98] -> 0x8593
mem[X,0x80010E9A] -> 0x6665
[1945] [M]: 0x80010E98 (0x66658593) addi a1, a1, 1638
x11 <- 0x66666666


mem[X,0x80010E9C] -> 0x0213
mem[X,0x80010E9E] -> 0x0000
[1946] [M]: 0x80010E9C (0x00000213) addi tp, zero, 0
x4 <- 0x00000000


mem[X,0x80010EA0] -> 0x006F
mem[X,0x80010EA2] -> 0x0100
[1947] [M]: 0x80010EA0 (0x0100006F) jal zero, 16


mem[X,0x80010EB0] -> 0x6AE3
mem[X,0x80010EB2] -> 0xFEB5
[1948] [M]: 0x80010EB0 (0xFEB56AE3) bltu a0, a1, 8180


mem[X,0x80010EA4] -> 0x0213
mem[X,0x80010EA6] -> 0x0012
[1949] [M]: 0x80010EA4 (0x00120213) addi tp, tp, 1
x4 <- 0x00000001


mem[X,0x80010EA8] -> 0x006F
mem[X,0x80010EAA] -> 0x01C0
[1950] [M]: 0x80010EA8 (0x01C0006F) jal zero, 28


mem[X,0x80010EC4] -> 0xAE23
mem[X,0x80010EC6] -> 0x2C40
[1951] [M]: 0x80010EC4 (0x2C40AE23) sw tp, 732(ra)
mem[0x8004C450] <- 0x00000001


mem[X,0x80010EC8] -> 0x3537
mem[X,0x80010ECA] -> 0x3333
[1952] [M]: 0x80010EC8 (0x33333537) lui a0, 209715
x10 <- 0x33333000


mem[X,0x80010ECC] -> 0x0513
mem[X,0x80010ECE] -> 0x3335
[1953] [M]: 0x80010ECC (0x33350513) addi a0, a0, 819
x10 <- 0x33333333


mem[X,0x80010ED0] -> 0xB5B7
mem[X,0x80010ED2] -> 0x0000
[1954] [M]: 0x80010ED0 (0x0000B5B7) lui a1, 11
x11 <- 0x0000B000


mem[X,0x80010ED4] -> 0x8593
mem[X,0x80010ED6] -> 0x5045
[1955] [M]: 0x80010ED4 (0x50458593) addi a1, a1, 1284
x11 <- 0x0000B504


mem[X,0x80010ED8] -> 0x0213
mem[X,0x80010EDA] -> 0x0000
[1956] [M]: 0x80010ED8 (0x00000213) addi tp, zero, 0
x4 <- 0x00000000


mem[X,0x80010EDC] -> 0x006F
mem[X,0x80010EDE] -> 0x00C0
[1957] [M]: 0x80010EDC (0x00C0006F) jal zero, 12


mem[X,0x80010EE8] -> 0x6063
mem[X,0x80010EEA] -> 0x10B5
[1958] [M]: 0x80010EE8 (0x10B56063) bltu a0, a1, 256


mem[X,0x80010EEC] -> 0x0213
mem[X,0x80010EEE] -> 0x0022
[1959] [M]: 0x80010EEC (0x00220213) addi tp, tp, 2
x4 <- 0x00000002


mem[X,0x80010EF0] -> 0x006F
mem[X,0x80010EF2] -> 0x1000
[1960] [M]: 0x80010EF0 (0x1000006F) jal zero, 256


mem[X,0x80010FF0] -> 0xA023
mem[X,0x80010FF2] -> 0x2E40
[1961] [M]: 0x80010FF0 (0x2E40A023) sw tp, 736(ra)
mem[0x8004C454] <- 0x00000002


mem[X,0x80010FF4] -> 0x3537
mem[X,0x80010FF6] -> 0x3333
[1962] [M]: 0x80010FF4 (0x33333537) lui a0, 209715
x10 <- 0x33333000


mem[X,0x80010FF8] -> 0x0513
mem[X,0x80010FFA] -> 0x3335
[1963] [M]: 0x80010FF8 (0x33350513) addi a0, a0, 819
x10 <- 0x33333333


mem[X,0x80010FFC] -> 0x0593
mem[X,0x80010FFE] -> 0x0000
[1964] [M]: 0x80010FFC (0x00000593) addi a1, zero, 0
x11 <- 0x00000000


mem[X,0x80011000] -> 0x0213
mem[X,0x80011002] -> 0x0000
[1965] [M]: 0x80011000 (0x00000213) addi tp, zero, 0
x4 <- 0x00000000


mem[X,0x80011004] -> 0x006F
mem[X,0x80011006] -> 0x00C0
[1966] [M]: 0x80011004 (0x00C0006F) jal zero, 12


mem[X,0x80011010] -> 0x6063
mem[X,0x80011012] -> 0x40B5
[1967] [M]: 0x80011010 (0x40B56063) bltu a0, a1, 1024


mem[X,0x80011014] -> 0x0213
mem[X,0x80011016] -> 0x0022
[1968] [M]: 0x80011014 (0x00220213) addi tp, tp, 2
x4 <- 0x00000002


mem[X,0x80011018] -> 0x006F
mem[X,0x8001101A] -> 0x4000
[1969] [M]: 0x80011018 (0x4000006F) jal zero, 1024


mem[X,0x80011418] -> 0xA223
mem[X,0x8001141A] -> 0x2E40
[1970] [M]: 0x80011418 (0x2E40A223) sw tp, 740(ra)
mem[0x8004C458] <- 0x00000002


mem[X,0x8001141C] -> 0x3537
mem[X,0x8001141E] -> 0x3333
[1971] [M]: 0x8001141C (0x33333537) lui a0, 209715
x10 <- 0x33333000


mem[X,0x80011420] -> 0x0513
mem[X,0x80011422] -> 0x3335
[1972] [M]: 0x80011420 (0x33350513) addi a0, a0, 819
x10 <- 0x33333333


mem[X,0x80011424] -> 0x05B7
mem[X,0x80011426] -> 0x0001
[1973] [M]: 0x80011424 (0x000105B7) lui a1, 16
x11 <- 0x00010000


mem[X,0x80011428] -> 0x8593
mem[X,0x8001142A] -> 0xFFF5
[1974] [M]: 0x80011428 (0xFFF58593) addi a1, a1, 4095
x11 <- 0x0000FFFF


mem[X,0x8001142C] -> 0x0213
mem[X,0x8001142E] -> 0x0000
[1975] [M]: 0x8001142C (0x00000213) addi tp, zero, 0
x4 <- 0x00000000


mem[X,0x80011430] -> 0x006F
mem[X,0x80011432] -> 0x00C0
[1976] [M]: 0x80011430 (0x00C0006F) jal zero, 12


mem[X,0x8001143C] -> 0x6663
mem[X,0x8001143E] -> 0x00B5
[1977] [M]: 0x8001143C (0x00B56663) bltu a0, a1, 12


mem[X,0x80011440] -> 0x0213
mem[X,0x80011442] -> 0x0022
[1978] [M]: 0x80011440 (0x00220213) addi tp, tp, 2
x4 <- 0x00000002


mem[X,0x80011444] -> 0x006F
mem[X,0x80011446] -> 0x00C0
[1979] [M]: 0x80011444 (0x00C0006F) jal zero, 12


mem[X,0x80011450] -> 0xA423
mem[X,0x80011452] -> 0x2E40
[1980] [M]: 0x80011450 (0x2E40A423) sw tp, 744(ra)
mem[0x8004C45C] <- 0x00000002


mem[X,0x80011454] -> 0x3537
mem[X,0x80011456] -> 0x3333
[1981] [M]: 0x80011454 (0x33333537) lui a0, 209715
x10 <- 0x33333000


mem[X,0x80011458] -> 0x0513
mem[X,0x8001145A] -> 0x3335
[1982] [M]: 0x80011458 (0x33350513) addi a0, a0, 819
x10 <- 0x33333333


mem[X,0x8001145C] -> 0x55B7
mem[X,0x8001145E] -> 0x5555
[1983] [M]: 0x8001145C (0x555555B7) lui a1, 349525
x11 <- 0x55555000


mem[X,0x80011460] -> 0x8593
mem[X,0x80011462] -> 0x5545
[1984] [M]: 0x80011460 (0x55458593) addi a1, a1, 1364
x11 <- 0x55555554


mem[X,0x80011464] -> 0x0213
mem[X,0x80011466] -> 0x0000
[1985] [M]: 0x80011464 (0x00000213) addi tp, zero, 0
x4 <- 0x00000000


mem[X,0x80011468] -> 0x006F
mem[X,0x8001146A] -> 0x00C0
[1986] [M]: 0x80011468 (0x00C0006F) jal zero, 12


mem[X,0x80011474] -> 0x6CE3
mem[X,0x80011476] -> 0xFEB5
[1987] [M]: 0x80011474 (0xFEB56CE3) bltu a0, a1, 8184


mem[X,0x8001146C] -> 0x0213
mem[X,0x8001146E] -> 0x0012
[1988] [M]: 0x8001146C (0x00120213) addi tp, tp, 1
x4 <- 0x00000001


mem[X,0x80011470] -> 0x006F
mem[X,0x80011472] -> 0x0180
[1989] [M]: 0x80011470 (0x0180006F) jal zero, 24


mem[X,0x80011488] -> 0xA623
mem[X,0x8001148A] -> 0x2E40
[1990] [M]: 0x80011488 (0x2E40A623) sw tp, 748(ra)
mem[0x8004C460] <- 0x00000001


mem[X,0x8001148C] -> 0x3537
mem[X,0x8001148E] -> 0x3333
[1991] [M]: 0x8001148C (0x33333537) lui a0, 209715
x10 <- 0x33333000


mem[X,0x80011490] -> 0x0513
mem[X,0x80011492] -> 0x3335
[1992] [M]: 0x80011490 (0x33350513) addi a0, a0, 819
x10 <- 0x33333333


mem[X,0x80011494] -> 0xB5B7
mem[X,0x80011496] -> 0xAAAA
[1993] [M]: 0x80011494 (0xAAAAB5B7) lui a1, 699051
x11 <- 0xAAAAB000


mem[X,0x80011498] -> 0x8593
mem[X,0x8001149A] -> 0xAA95
[1994] [M]: 0x80011498 (0xAA958593) addi a1, a1, 2729
x11 <- 0xAAAAAAA9


mem[X,0x8001149C] -> 0x0213
mem[X,0x8001149E] -> 0x0000
[1995] [M]: 0x8001149C (0x00000213) addi tp, zero, 0
x4 <- 0x00000000


mem[X,0x800114A0] -> 0x006F
mem[X,0x800114A2] -> 0x00C0
[1996] [M]: 0x800114A0 (0x00C0006F) jal zero, 12


mem[X,0x800114AC] -> 0x6CE3
mem[X,0x800114AE] -> 0xFEB5
[1997] [M]: 0x800114AC (0xFEB56CE3) bltu a0, a1, 8184


mem[X,0x800114A4] -> 0x0213
mem[X,0x800114A6] -> 0x0012
[1998] [M]: 0x800114A4 (0x00120213) addi tp, tp, 1
x4 <- 0x00000001


mem[X,0x800114A8] -> 0x006F
mem[X,0x800114AA] -> 0x0180
[1999] [M]: 0x800114A8 (0x0180006F) jal zero, 24


clint::tick mtime <- 0x0000000000000014
 clint timer pending at mtime 0x0000000000000014
htif::tick 0x0000000000000000
mem[X,0x800114C0] -> 0xA823
mem[X,0x800114C2] -> 0x2E40
[2000] [M]: 0x800114C0 (0x2E40A823) sw tp, 752(ra)
mem[0x8004C464] <- 0x00000001


mem[X,0x800114C4] -> 0x3537
mem[X,0x800114C6] -> 0x3333
[2001] [M]: 0x800114C4 (0x33333537) lui a0, 209715
x10 <- 0x33333000


mem[X,0x800114C8] -> 0x0513
mem[X,0x800114CA] -> 0x3335
[2002] [M]: 0x800114C8 (0x33350513) addi a0, a0, 819
x10 <- 0x33333333


mem[X,0x800114CC] -> 0x0593
mem[X,0x800114CE] -> 0x0040
[2003] [M]: 0x800114CC (0x00400593) addi a1, zero, 4
x11 <- 0x00000004


mem[X,0x800114D0] -> 0x0213
mem[X,0x800114D2] -> 0x0000
[2004] [M]: 0x800114D0 (0x00000213) addi tp, zero, 0
x4 <- 0x00000000


mem[X,0x800114D4] -> 0x006F
mem[X,0x800114D6] -> 0x00C0
[2005] [M]: 0x800114D4 (0x00C0006F) jal zero, 12


mem[X,0x800114E0] -> 0x6063
mem[X,0x800114E2] -> 0x10B5
[2006] [M]: 0x800114E0 (0x10B56063) bltu a0, a1, 256


mem[X,0x800114E4] -> 0x0213
mem[X,0x800114E6] -> 0x0022
[2007] [M]: 0x800114E4 (0x00220213) addi tp, tp, 2
x4 <- 0x00000002


mem[X,0x800114E8] -> 0x006F
mem[X,0x800114EA] -> 0x1000
[2008] [M]: 0x800114E8 (0x1000006F) jal zero, 256


mem[X,0x800115E8] -> 0xAA23
mem[X,0x800115EA] -> 0x2E40
[2009] [M]: 0x800115E8 (0x2E40AA23) sw tp, 756(ra)
mem[0x8004C468] <- 0x00000002


mem[X,0x800115EC] -> 0x3537
mem[X,0x800115EE] -> 0x3333
[2010] [M]: 0x800115EC (0x33333537) lui a0, 209715
x10 <- 0x33333000


mem[X,0x800115F0] -> 0x0513
mem[X,0x800115F2] -> 0x3335
[2011] [M]: 0x800115F0 (0x33350513) addi a0, a0, 819
x10 <- 0x33333333


mem[X,0x800115F4] -> 0x35B7
mem[X,0x800115F6] -> 0x3333
[2012] [M]: 0x800115F4 (0x333335B7) lui a1, 209715
x11 <- 0x33333000


mem[X,0x800115F8] -> 0x8593
mem[X,0x800115FA] -> 0x3325
[2013] [M]: 0x800115F8 (0x33258593) addi a1, a1, 818
x11 <- 0x33333332


mem[X,0x800115FC] -> 0x0213
mem[X,0x800115FE] -> 0x0000
[2014] [M]: 0x800115FC (0x00000213) addi tp, zero, 0
x4 <- 0x00000000


mem[X,0x80011600] -> 0x006F
mem[X,0x80011602] -> 0x00C0
[2015] [M]: 0x80011600 (0x00C0006F) jal zero, 12


mem[X,0x8001160C] -> 0x6CE3
mem[X,0x8001160E] -> 0xFEB5
[2016] [M]: 0x8001160C (0xFEB56CE3) bltu a0, a1, 8184


mem[X,0x80011610] -> 0x0213
mem[X,0x80011612] -> 0x0022
[2017] [M]: 0x80011610 (0x00220213) addi tp, tp, 2
x4 <- 0x00000002


mem[X,0x80011614] -> 0x006F
mem[X,0x80011616] -> 0x00C0
[2018] [M]: 0x80011614 (0x00C0006F) jal zero, 12


mem[X,0x80011620] -> 0xAC23
mem[X,0x80011622] -> 0x2E40
[2019] [M]: 0x80011620 (0x2E40AC23) sw tp, 760(ra)
mem[0x8004C46C] <- 0x00000002


mem[X,0x80011624] -> 0x3537
mem[X,0x80011626] -> 0x3333
[2020] [M]: 0x80011624 (0x33333537) lui a0, 209715
x10 <- 0x33333000


mem[X,0x80011628] -> 0x0513
mem[X,0x8001162A] -> 0x3335
[2021] [M]: 0x80011628 (0x33350513) addi a0, a0, 819
x10 <- 0x33333333


mem[X,0x8001162C] -> 0x65B7
mem[X,0x8001162E] -> 0x6666
[2022] [M]: 0x8001162C (0x666665B7) lui a1, 419430
x11 <- 0x66666000


mem[X,0x80011630] -> 0x8593
mem[X,0x80011632] -> 0x6655
[2023] [M]: 0x80011630 (0x66558593) addi a1, a1, 1637
x11 <- 0x66666665


mem[X,0x80011634] -> 0x0213
mem[X,0x80011636] -> 0x0000
[2024] [M]: 0x80011634 (0x00000213) addi tp, zero, 0
x4 <- 0x00000000


mem[X,0x80011638] -> 0x006F
mem[X,0x8001163A] -> 0x00C0
[2025] [M]: 0x80011638 (0x00C0006F) jal zero, 12


mem[X,0x80011644] -> 0x6663
mem[X,0x80011646] -> 0x00B5
[2026] [M]: 0x80011644 (0x00B56663) bltu a0, a1, 12


mem[X,0x80011650] -> 0x0213
mem[X,0x80011652] -> 0x0032
[2027] [M]: 0x80011650 (0x00320213) addi tp, tp, 3
x4 <- 0x00000003


mem[X,0x80011654] -> 0x006F
mem[X,0x80011656] -> 0x0040
[2028] [M]: 0x80011654 (0x0040006F) jal zero, 4


mem[X,0x80011658] -> 0xAE23
mem[X,0x8001165A] -> 0x2E40
[2029] [M]: 0x80011658 (0x2E40AE23) sw tp, 764(ra)
mem[0x8004C470] <- 0x00000003


mem[X,0x8001165C] -> 0x3537
mem[X,0x8001165E] -> 0x3333
[2030] [M]: 0x8001165C (0x33333537) lui a0, 209715
x10 <- 0x33333000


mem[X,0x80011660] -> 0x0513
mem[X,0x80011662] -> 0x3335
[2031] [M]: 0x80011660 (0x33350513) addi a0, a0, 819
x10 <- 0x33333333


mem[X,0x80011664] -> 0xB5B7
mem[X,0x80011666] -> 0x0000
[2032] [M]: 0x80011664 (0x0000B5B7) lui a1, 11
x11 <- 0x0000B000


mem[X,0x80011668] -> 0x8593
mem[X,0x8001166A] -> 0x5035
[2033] [M]: 0x80011668 (0x50358593) addi a1, a1, 1283
x11 <- 0x0000B503


mem[X,0x8001166C] -> 0x0213
mem[X,0x8001166E] -> 0x0000
[2034] [M]: 0x8001166C (0x00000213) addi tp, zero, 0
x4 <- 0x00000000


mem[X,0x80011670] -> 0x006F
mem[X,0x80011672] -> 0x00C0
[2035] [M]: 0x80011670 (0x00C0006F) jal zero, 12


mem[X,0x8001167C] -> 0x6063
mem[X,0x8001167E] -> 0x08B5
[2036] [M]: 0x8001167C (0x08B56063) bltu a0, a1, 128


mem[X,0x80011680] -> 0x0213
mem[X,0x80011682] -> 0x0022
[2037] [M]: 0x80011680 (0x00220213) addi tp, tp, 2
x4 <- 0x00000002


mem[X,0x80011684] -> 0x006F
mem[X,0x80011686] -> 0x0800
[2038] [M]: 0x80011684 (0x0800006F) jal zero, 128


mem[X,0x80011704] -> 0xA023
mem[X,0x80011706] -> 0x3040
[2039] [M]: 0x80011704 (0x3040A023) sw tp, 768(ra)
mem[0x8004C474] <- 0x00000002


mem[X,0x80011708] -> 0x3537
mem[X,0x8001170A] -> 0x3333
[2040] [M]: 0x80011708 (0x33333537) lui a0, 209715
x10 <- 0x33333000


mem[X,0x8001170C] -> 0x0513
mem[X,0x8001170E] -> 0x3335
[2041] [M]: 0x8001170C (0x33350513) addi a0, a0, 819
x10 <- 0x33333333


mem[X,0x80011710] -> 0x05B7
mem[X,0x80011712] -> 0x0001
[2042] [M]: 0x80011710 (0x000105B7) lui a1, 16
x11 <- 0x00010000


mem[X,0x80011714] -> 0x8593
mem[X,0x80011716] -> 0xFFE5
[2043] [M]: 0x80011714 (0xFFE58593) addi a1, a1, 4094
x11 <- 0x0000FFFE


mem[X,0x80011718] -> 0x0213
mem[X,0x8001171A] -> 0x0000
[2044] [M]: 0x80011718 (0x00000213) addi tp, zero, 0
x4 <- 0x00000000


mem[X,0x8001171C] -> 0x006F
mem[X,0x8001171E] -> 0x00C0
[2045] [M]: 0x8001171C (0x00C0006F) jal zero, 12


mem[X,0x80011728] -> 0x6663
mem[X,0x8001172A] -> 0x00B5
[2046] [M]: 0x80011728 (0x00B56663) bltu a0, a1, 12


mem[X,0x8001172C] -> 0x0213
mem[X,0x8001172E] -> 0x0022
[2047] [M]: 0x8001172C (0x00220213) addi tp, tp, 2
x4 <- 0x00000002


mem[X,0x80011730] -> 0x006F
mem[X,0x80011732] -> 0x00C0
[2048] [M]: 0x80011730 (0x00C0006F) jal zero, 12


mem[X,0x8001173C] -> 0xA223
mem[X,0x8001173E] -> 0x3040
[2049] [M]: 0x8001173C (0x3040A223) sw tp, 772(ra)
mem[0x8004C478] <- 0x00000002


mem[X,0x80011740] -> 0x3537
mem[X,0x80011742] -> 0x3333
[2050] [M]: 0x80011740 (0x33333537) lui a0, 209715
x10 <- 0x33333000


mem[X,0x80011744] -> 0x0513
mem[X,0x80011746] -> 0x3335
[2051] [M]: 0x80011744 (0x33350513) addi a0, a0, 819
x10 <- 0x33333333


mem[X,0x80011748] -> 0x55B7
mem[X,0x8001174A] -> 0x5555
[2052] [M]: 0x80011748 (0x555555B7) lui a1, 349525
x11 <- 0x55555000


mem[X,0x8001174C] -> 0x8593
mem[X,0x8001174E] -> 0x5565
[2053] [M]: 0x8001174C (0x55658593) addi a1, a1, 1366
x11 <- 0x55555556


mem[X,0x80011750] -> 0x0213
mem[X,0x80011752] -> 0x0000
[2054] [M]: 0x80011750 (0x00000213) addi tp, zero, 0
x4 <- 0x00000000


mem[X,0x80011754] -> 0x006F
mem[X,0x80011756] -> 0x00C0
[2055] [M]: 0x80011754 (0x00C0006F) jal zero, 12


mem[X,0x80011760] -> 0x6063
mem[X,0x80011762] -> 0x02B5
[2056] [M]: 0x80011760 (0x02B56063) bltu a0, a1, 32


mem[X,0x80011780] -> 0x0213
mem[X,0x80011782] -> 0x0032
[2057] [M]: 0x80011780 (0x00320213) addi tp, tp, 3
x4 <- 0x00000003


mem[X,0x80011784] -> 0x006F
mem[X,0x80011786] -> 0x0040
[2058] [M]: 0x80011784 (0x0040006F) jal zero, 4


mem[X,0x80011788] -> 0xA423
mem[X,0x8001178A] -> 0x3040
[2059] [M]: 0x80011788 (0x3040A423) sw tp, 776(ra)
mem[0x8004C47C] <- 0x00000003


mem[X,0x8001178C] -> 0x3537
mem[X,0x8001178E] -> 0x3333
[2060] [M]: 0x8001178C (0x33333537) lui a0, 209715
x10 <- 0x33333000


mem[X,0x80011790] -> 0x0513
mem[X,0x80011792] -> 0x3335
[2061] [M]: 0x80011790 (0x33350513) addi a0, a0, 819
x10 <- 0x33333333


mem[X,0x80011794] -> 0xB5B7
mem[X,0x80011796] -> 0xAAAA
[2062] [M]: 0x80011794 (0xAAAAB5B7) lui a1, 699051
x11 <- 0xAAAAB000


mem[X,0x80011798] -> 0x8593
mem[X,0x8001179A] -> 0xAAB5
[2063] [M]: 0x80011798 (0xAAB58593) addi a1, a1, 2731
x11 <- 0xAAAAAAAB


mem[X,0x8001179C] -> 0x0213
mem[X,0x8001179E] -> 0x0000
[2064] [M]: 0x8001179C (0x00000213) addi tp, zero, 0
x4 <- 0x00000000


mem[X,0x800117A0] -> 0x006F
mem[X,0x800117A2] -> 0x00C0
[2065] [M]: 0x800117A0 (0x00C0006F) jal zero, 12


mem[X,0x800117AC] -> 0x6CE3
mem[X,0x800117AE] -> 0xFEB5
[2066] [M]: 0x800117AC (0xFEB56CE3) bltu a0, a1, 8184


mem[X,0x800117A4] -> 0x0213
mem[X,0x800117A6] -> 0x0012
[2067] [M]: 0x800117A4 (0x00120213) addi tp, tp, 1
x4 <- 0x00000001


mem[X,0x800117A8] -> 0x006F
mem[X,0x800117AA] -> 0x0180
[2068] [M]: 0x800117A8 (0x0180006F) jal zero, 24


mem[X,0x800117C0] -> 0xA623
mem[X,0x800117C2] -> 0x3040
[2069] [M]: 0x800117C0 (0x3040A623) sw tp, 780(ra)
mem[0x8004C480] <- 0x00000001


mem[X,0x800117C4] -> 0x3537
mem[X,0x800117C6] -> 0x3333
[2070] [M]: 0x800117C4 (0x33333537) lui a0, 209715
x10 <- 0x33333000


mem[X,0x800117C8] -> 0x0513
mem[X,0x800117CA] -> 0x3335
[2071] [M]: 0x800117C8 (0x33350513) addi a0, a0, 819
x10 <- 0x33333333


mem[X,0x800117CC] -> 0x0593
mem[X,0x800117CE] -> 0x0060
[2072] [M]: 0x800117CC (0x00600593) addi a1, zero, 6
x11 <- 0x00000006


mem[X,0x800117D0] -> 0x0213
mem[X,0x800117D2] -> 0x0000
[2073] [M]: 0x800117D0 (0x00000213) addi tp, zero, 0
x4 <- 0x00000000


mem[X,0x800117D4] -> 0x006F
mem[X,0x800117D6] -> 0x00C0
[2074] [M]: 0x800117D4 (0x00C0006F) jal zero, 12


mem[X,0x800117E0] -> 0x6663
mem[X,0x800117E2] -> 0x00B5
[2075] [M]: 0x800117E0 (0x00B56663) bltu a0, a1, 12


mem[X,0x800117E4] -> 0x0213
mem[X,0x800117E6] -> 0x0022
[2076] [M]: 0x800117E4 (0x00220213) addi tp, tp, 2
x4 <- 0x00000002


mem[X,0x800117E8] -> 0x006F
mem[X,0x800117EA] -> 0x00C0
[2077] [M]: 0x800117E8 (0x00C0006F) jal zero, 12


mem[X,0x800117F4] -> 0xA823
mem[X,0x800117F6] -> 0x3040
[2078] [M]: 0x800117F4 (0x3040A823) sw tp, 784(ra)
mem[0x8004C484] <- 0x00000002


mem[X,0x800117F8] -> 0x3537
mem[X,0x800117FA] -> 0x3333
[2079] [M]: 0x800117F8 (0x33333537) lui a0, 209715
x10 <- 0x33333000


mem[X,0x800117FC] -> 0x0513
mem[X,0x800117FE] -> 0x3335
[2080] [M]: 0x800117FC (0x33350513) addi a0, a0, 819
x10 <- 0x33333333


mem[X,0x80011800] -> 0x35B7
mem[X,0x80011802] -> 0x3333
[2081] [M]: 0x80011800 (0x333335B7) lui a1, 209715
x11 <- 0x33333000


mem[X,0x80011804] -> 0x8593
mem[X,0x80011806] -> 0x3345
[2082] [M]: 0x80011804 (0x33458593) addi a1, a1, 820
x11 <- 0x33333334


mem[X,0x80011808] -> 0x0213
mem[X,0x8001180A] -> 0x0000
[2083] [M]: 0x80011808 (0x00000213) addi tp, zero, 0
x4 <- 0x00000000


mem[X,0x8001180C] -> 0x006F
mem[X,0x8001180E] -> 0x00C0
[2084] [M]: 0x8001180C (0x00C0006F) jal zero, 12


mem[X,0x80011818] -> 0x6663
mem[X,0x8001181A] -> 0x00B5
[2085] [M]: 0x80011818 (0x00B56663) bltu a0, a1, 12


mem[X,0x80011824] -> 0x0213
mem[X,0x80011826] -> 0x0032
[2086] [M]: 0x80011824 (0x00320213) addi tp, tp, 3
x4 <- 0x00000003


mem[X,0x80011828] -> 0x006F
mem[X,0x8001182A] -> 0x0040
[2087] [M]: 0x80011828 (0x0040006F) jal zero, 4


mem[X,0x8001182C] -> 0xAA23
mem[X,0x8001182E] -> 0x3040
[2088] [M]: 0x8001182C (0x3040AA23) sw tp, 788(ra)
mem[0x8004C488] <- 0x00000003


mem[X,0x80011830] -> 0x3537
mem[X,0x80011832] -> 0x3333
[2089] [M]: 0x80011830 (0x33333537) lui a0, 209715
x10 <- 0x33333000


mem[X,0x80011834] -> 0x0513
mem[X,0x80011836] -> 0x3335
[2090] [M]: 0x80011834 (0x33350513) addi a0, a0, 819
x10 <- 0x33333333


mem[X,0x80011838] -> 0x65B7
mem[X,0x8001183A] -> 0x6666
[2091] [M]: 0x80011838 (0x666665B7) lui a1, 419430
x11 <- 0x66666000


mem[X,0x8001183C] -> 0x8593
mem[X,0x8001183E] -> 0x6675
[2092] [M]: 0x8001183C (0x66758593) addi a1, a1, 1639
x11 <- 0x66666667


mem[X,0x80011840] -> 0x0213
mem[X,0x80011842] -> 0x0000
[2093] [M]: 0x80011840 (0x00000213) addi tp, zero, 0
x4 <- 0x00000000


mem[X,0x80011844] -> 0x006F
mem[X,0x80011846] -> 0x00C0
[2094] [M]: 0x80011844 (0x00C0006F) jal zero, 12


mem[X,0x80011850] -> 0x6663
mem[X,0x80011852] -> 0x00B5
[2095] [M]: 0x80011850 (0x00B56663) bltu a0, a1, 12


mem[X,0x8001185C] -> 0x0213
mem[X,0x8001185E] -> 0x0032
[2096] [M]: 0x8001185C (0x00320213) addi tp, tp, 3
x4 <- 0x00000003


mem[X,0x80011860] -> 0x006F
mem[X,0x80011862] -> 0x0040
[2097] [M]: 0x80011860 (0x0040006F) jal zero, 4


mem[X,0x80011864] -> 0xAC23
mem[X,0x80011866] -> 0x3040
[2098] [M]: 0x80011864 (0x3040AC23) sw tp, 792(ra)
mem[0x8004C48C] <- 0x00000003


mem[X,0x80011868] -> 0x3537
mem[X,0x8001186A] -> 0x3333
[2099] [M]: 0x80011868 (0x33333537) lui a0, 209715
x10 <- 0x33333000


clint::tick mtime <- 0x0000000000000015
 clint timer pending at mtime 0x0000000000000015
htif::tick 0x0000000000000000
mem[X,0x8001186C] -> 0x0513
mem[X,0x8001186E] -> 0x3335
[2100] [M]: 0x8001186C (0x33350513) addi a0, a0, 819
x10 <- 0x33333333


mem[X,0x80011870] -> 0xB5B7
mem[X,0x80011872] -> 0x0000
[2101] [M]: 0x80011870 (0x0000B5B7) lui a1, 11
x11 <- 0x0000B000


mem[X,0x80011874] -> 0x8593
mem[X,0x80011876] -> 0x5055
[2102] [M]: 0x80011874 (0x50558593) addi a1, a1, 1285
x11 <- 0x0000B505


mem[X,0x80011878] -> 0x0213
mem[X,0x8001187A] -> 0x0000
[2103] [M]: 0x80011878 (0x00000213) addi tp, zero, 0
x4 <- 0x00000000


mem[X,0x8001187C] -> 0x006F
mem[X,0x8001187E] -> 0x0140
[2104] [M]: 0x8001187C (0x0140006F) jal zero, 20


mem[X,0x80011890] -> 0x68E3
mem[X,0x80011892] -> 0xFEB5
[2105] [M]: 0x80011890 (0xFEB568E3) bltu a0, a1, 8176


mem[X,0x80011894] -> 0x0213
mem[X,0x80011896] -> 0x0022
[2106] [M]: 0x80011894 (0x00220213) addi tp, tp, 2
x4 <- 0x00000002


mem[X,0x80011898] -> 0x006F
mem[X,0x8001189A] -> 0x00C0
[2107] [M]: 0x80011898 (0x00C0006F) jal zero, 12


mem[X,0x800118A4] -> 0xAE23
mem[X,0x800118A6] -> 0x3040
[2108] [M]: 0x800118A4 (0x3040AE23) sw tp, 796(ra)
mem[0x8004C490] <- 0x00000002


mem[X,0x800118A8] -> 0x3537
mem[X,0x800118AA] -> 0x3333
[2109] [M]: 0x800118A8 (0x33333537) lui a0, 209715
x10 <- 0x33333000


mem[X,0x800118AC] -> 0x0513
mem[X,0x800118AE] -> 0x3335
[2110] [M]: 0x800118AC (0x33350513) addi a0, a0, 819
x10 <- 0x33333333


mem[X,0x800118B0] -> 0x0593
mem[X,0x800118B2] -> 0x0010
[2111] [M]: 0x800118B0 (0x00100593) addi a1, zero, 1
x11 <- 0x00000001


mem[X,0x800118B4] -> 0x0213
mem[X,0x800118B6] -> 0x0000
[2112] [M]: 0x800118B4 (0x00000213) addi tp, zero, 0
x4 <- 0x00000000


mem[X,0x800118B8] -> 0x006F
mem[X,0x800118BA] -> 0x00C0
[2113] [M]: 0x800118B8 (0x00C0006F) jal zero, 12


mem[X,0x800118C4] -> 0x6CE3
mem[X,0x800118C6] -> 0xFEB5
[2114] [M]: 0x800118C4 (0xFEB56CE3) bltu a0, a1, 8184


mem[X,0x800118C8] -> 0x0213
mem[X,0x800118CA] -> 0x0022
[2115] [M]: 0x800118C8 (0x00220213) addi tp, tp, 2
x4 <- 0x00000002


mem[X,0x800118CC] -> 0x006F
mem[X,0x800118CE] -> 0x00C0
[2116] [M]: 0x800118CC (0x00C0006F) jal zero, 12


mem[X,0x800118D8] -> 0xA023
mem[X,0x800118DA] -> 0x3240
[2117] [M]: 0x800118D8 (0x3240A023) sw tp, 800(ra)
mem[0x8004C494] <- 0x00000002


mem[X,0x800118DC] -> 0x3537
mem[X,0x800118DE] -> 0x3333
[2118] [M]: 0x800118DC (0x33333537) lui a0, 209715
x10 <- 0x33333000


mem[X,0x800118E0] -> 0x0513
mem[X,0x800118E2] -> 0x3335
[2119] [M]: 0x800118E0 (0x33350513) addi a0, a0, 819
x10 <- 0x33333333


mem[X,0x800118E4] -> 0x05B7
mem[X,0x800118E6] -> 0x0001
[2120] [M]: 0x800118E4 (0x000105B7) lui a1, 16
x11 <- 0x00010000


mem[X,0x800118E8] -> 0x0213
mem[X,0x800118EA] -> 0x0000
[2121] [M]: 0x800118E8 (0x00000213) addi tp, zero, 0
x4 <- 0x00000000


mem[X,0x800118EC] -> 0x006F
mem[X,0x800118EE] -> 0x0140
[2122] [M]: 0x800118EC (0x0140006F) jal zero, 20


mem[X,0x80011900] -> 0x68E3
mem[X,0x80011902] -> 0xFEB5
[2123] [M]: 0x80011900 (0xFEB568E3) bltu a0, a1, 8176


mem[X,0x80011904] -> 0x0213
mem[X,0x80011906] -> 0x0022
[2124] [M]: 0x80011904 (0x00220213) addi tp, tp, 2
x4 <- 0x00000002


mem[X,0x80011908] -> 0x006F
mem[X,0x8001190A] -> 0x00C0
[2125] [M]: 0x80011908 (0x00C0006F) jal zero, 12


mem[X,0x80011914] -> 0xA223
mem[X,0x80011916] -> 0x3240
[2126] [M]: 0x80011914 (0x3240A223) sw tp, 804(ra)
mem[0x8004C498] <- 0x00000002


mem[X,0x80011918] -> 0x6537
mem[X,0x8001191A] -> 0x6666
[2127] [M]: 0x80011918 (0x66666537) lui a0, 419430
x10 <- 0x66666000


mem[X,0x8001191C] -> 0x0513
mem[X,0x8001191E] -> 0x6665
[2128] [M]: 0x8001191C (0x66650513) addi a0, a0, 1638
x10 <- 0x66666666


mem[X,0x80011920] -> 0x0593
mem[X,0x80011922] -> 0x0030
[2129] [M]: 0x80011920 (0x00300593) addi a1, zero, 3
x11 <- 0x00000003


mem[X,0x80011924] -> 0x0213
mem[X,0x80011926] -> 0x0000
[2130] [M]: 0x80011924 (0x00000213) addi tp, zero, 0
x4 <- 0x00000000


mem[X,0x80011928] -> 0x006F
mem[X,0x8001192A] -> 0x00C0
[2131] [M]: 0x80011928 (0x00C0006F) jal zero, 12


mem[X,0x80011934] -> 0x6CE3
mem[X,0x80011936] -> 0xFEB5
[2132] [M]: 0x80011934 (0xFEB56CE3) bltu a0, a1, 8184


mem[X,0x80011938] -> 0x0213
mem[X,0x8001193A] -> 0x0022
[2133] [M]: 0x80011938 (0x00220213) addi tp, tp, 2
x4 <- 0x00000002


mem[X,0x8001193C] -> 0x006F
mem[X,0x8001193E] -> 0x00C0
[2134] [M]: 0x8001193C (0x00C0006F) jal zero, 12


mem[X,0x80011948] -> 0xA423
mem[X,0x8001194A] -> 0x3240
[2135] [M]: 0x80011948 (0x3240A423) sw tp, 808(ra)
mem[0x8004C49C] <- 0x00000002


mem[X,0x8001194C] -> 0x6537
mem[X,0x8001194E] -> 0x6666
[2136] [M]: 0x8001194C (0x66666537) lui a0, 419430
x10 <- 0x66666000


mem[X,0x80011950] -> 0x0513
mem[X,0x80011952] -> 0x6665
[2137] [M]: 0x80011950 (0x66650513) addi a0, a0, 1638
x10 <- 0x66666666


mem[X,0x80011954] -> 0x55B7
mem[X,0x80011956] -> 0x5555
[2138] [M]: 0x80011954 (0x555555B7) lui a1, 349525
x11 <- 0x55555000


mem[X,0x80011958] -> 0x8593
mem[X,0x8001195A] -> 0x5555
[2139] [M]: 0x80011958 (0x55558593) addi a1, a1, 1365
x11 <- 0x55555555


mem[X,0x8001195C] -> 0x0213
mem[X,0x8001195E] -> 0x0000
[2140] [M]: 0x8001195C (0x00000213) addi tp, zero, 0
x4 <- 0x00000000


mem[X,0x80011960] -> 0x006F
mem[X,0x80011962] -> 0x0100
[2141] [M]: 0x80011960 (0x0100006F) jal zero, 16


mem[X,0x80011970] -> 0x6AE3
mem[X,0x80011972] -> 0xFEB5
[2142] [M]: 0x80011970 (0xFEB56AE3) bltu a0, a1, 8180


mem[X,0x80011974] -> 0x0213
mem[X,0x80011976] -> 0x0022
[2143] [M]: 0x80011974 (0x00220213) addi tp, tp, 2
x4 <- 0x00000002


mem[X,0x80011978] -> 0x006F
mem[X,0x8001197A] -> 0x00C0
[2144] [M]: 0x80011978 (0x00C0006F) jal zero, 12


mem[X,0x80011984] -> 0xA623
mem[X,0x80011986] -> 0x3240
[2145] [M]: 0x80011984 (0x3240A623) sw tp, 812(ra)
mem[0x8004C4A0] <- 0x00000002


mem[X,0x80011988] -> 0x6537
mem[X,0x8001198A] -> 0x6666
[2146] [M]: 0x80011988 (0x66666537) lui a0, 419430
x10 <- 0x66666000


mem[X,0x8001198C] -> 0x0513
mem[X,0x8001198E] -> 0x6665
[2147] [M]: 0x8001198C (0x66650513) addi a0, a0, 1638
x10 <- 0x66666666


mem[X,0x80011990] -> 0xB5B7
mem[X,0x80011992] -> 0xAAAA
[2148] [M]: 0x80011990 (0xAAAAB5B7) lui a1, 699051
x11 <- 0xAAAAB000


mem[X,0x80011994] -> 0x8593
mem[X,0x80011996] -> 0xAAA5
[2149] [M]: 0x80011994 (0xAAA58593) addi a1, a1, 2730
x11 <- 0xAAAAAAAA


mem[X,0x80011998] -> 0x0213
mem[X,0x8001199A] -> 0x0000
[2150] [M]: 0x80011998 (0x00000213) addi tp, zero, 0
x4 <- 0x00000000


mem[X,0x8001199C] -> 0x006F
mem[X,0x8001199E] -> 0x0140
[2151] [M]: 0x8001199C (0x0140006F) jal zero, 20


mem[X,0x800119B0] -> 0x68E3
mem[X,0x800119B2] -> 0xFEB5
[2152] [M]: 0x800119B0 (0xFEB568E3) bltu a0, a1, 8176


mem[X,0x800119A0] -> 0x0213
mem[X,0x800119A2] -> 0x0012
[2153] [M]: 0x800119A0 (0x00120213) addi tp, tp, 1
x4 <- 0x00000001


mem[X,0x800119A4] -> 0x006F
mem[X,0x800119A6] -> 0x0200
[2154] [M]: 0x800119A4 (0x0200006F) jal zero, 32


mem[X,0x800119C4] -> 0xA823
mem[X,0x800119C6] -> 0x3240
[2155] [M]: 0x800119C4 (0x3240A823) sw tp, 816(ra)
mem[0x8004C4A4] <- 0x00000001


mem[X,0x800119C8] -> 0x6537
mem[X,0x800119CA] -> 0x6666
[2156] [M]: 0x800119C8 (0x66666537) lui a0, 419430
x10 <- 0x66666000


mem[X,0x800119CC] -> 0x0513
mem[X,0x800119CE] -> 0x6665
[2157] [M]: 0x800119CC (0x66650513) addi a0, a0, 1638
x10 <- 0x66666666


mem[X,0x800119D0] -> 0x0593
mem[X,0x800119D2] -> 0x0050
[2158] [M]: 0x800119D0 (0x00500593) addi a1, zero, 5
x11 <- 0x00000005


mem[X,0x800119D4] -> 0x0213
mem[X,0x800119D6] -> 0x0000
[2159] [M]: 0x800119D4 (0x00000213) addi tp, zero, 0
x4 <- 0x00000000


mem[X,0x800119D8] -> 0x006F
mem[X,0x800119DA] -> 0x00C0
[2160] [M]: 0x800119D8 (0x00C0006F) jal zero, 12


mem[X,0x800119E4] -> 0x6CE3
mem[X,0x800119E6] -> 0xFEB5
[2161] [M]: 0x800119E4 (0xFEB56CE3) bltu a0, a1, 8184


mem[X,0x800119E8] -> 0x0213
mem[X,0x800119EA] -> 0x0022
[2162] [M]: 0x800119E8 (0x00220213) addi tp, tp, 2
x4 <- 0x00000002


mem[X,0x800119EC] -> 0x006F
mem[X,0x800119EE] -> 0x00C0
[2163] [M]: 0x800119EC (0x00C0006F) jal zero, 12


mem[X,0x800119F8] -> 0xAA23
mem[X,0x800119FA] -> 0x3240
[2164] [M]: 0x800119F8 (0x3240AA23) sw tp, 820(ra)
mem[0x8004C4A8] <- 0x00000002


mem[X,0x800119FC] -> 0x6537
mem[X,0x800119FE] -> 0x6666
[2165] [M]: 0x800119FC (0x66666537) lui a0, 419430
x10 <- 0x66666000


mem[X,0x80011A00] -> 0x0513
mem[X,0x80011A02] -> 0x6665
[2166] [M]: 0x80011A00 (0x66650513) addi a0, a0, 1638
x10 <- 0x66666666


mem[X,0x80011A04] -> 0x35B7
mem[X,0x80011A06] -> 0x3333
[2167] [M]: 0x80011A04 (0x333335B7) lui a1, 209715
x11 <- 0x33333000


mem[X,0x80011A08] -> 0x8593
mem[X,0x80011A0A] -> 0x3335
[2168] [M]: 0x80011A08 (0x33358593) addi a1, a1, 819
x11 <- 0x33333333


mem[X,0x80011A0C] -> 0x0213
mem[X,0x80011A0E] -> 0x0000
[2169] [M]: 0x80011A0C (0x00000213) addi tp, zero, 0
x4 <- 0x00000000


mem[X,0x80011A10] -> 0x006F
mem[X,0x80011A12] -> 0x00C0
[2170] [M]: 0x80011A10 (0x00C0006F) jal zero, 12


mem[X,0x80011A1C] -> 0x6063
mem[X,0x80011A1E] -> 0x08B5
[2171] [M]: 0x80011A1C (0x08B56063) bltu a0, a1, 128


mem[X,0x80011A20] -> 0x0213
mem[X,0x80011A22] -> 0x0022
[2172] [M]: 0x80011A20 (0x00220213) addi tp, tp, 2
x4 <- 0x00000002


mem[X,0x80011A24] -> 0x006F
mem[X,0x80011A26] -> 0x0800
[2173] [M]: 0x80011A24 (0x0800006F) jal zero, 128


mem[X,0x80011AA4] -> 0xAC23
mem[X,0x80011AA6] -> 0x3240
[2174] [M]: 0x80011AA4 (0x3240AC23) sw tp, 824(ra)
mem[0x8004C4AC] <- 0x00000002


mem[X,0x80011AA8] -> 0x6537
mem[X,0x80011AAA] -> 0x6666
[2175] [M]: 0x80011AA8 (0x66666537) lui a0, 419430
x10 <- 0x66666000


mem[X,0x80011AAC] -> 0x0513
mem[X,0x80011AAE] -> 0x6665
[2176] [M]: 0x80011AAC (0x66650513) addi a0, a0, 1638
x10 <- 0x66666666


mem[X,0x80011AB0] -> 0x65B7
mem[X,0x80011AB2] -> 0x6666
[2177] [M]: 0x80011AB0 (0x666665B7) lui a1, 419430
x11 <- 0x66666000


mem[X,0x80011AB4] -> 0x8593
mem[X,0x80011AB6] -> 0x6665
[2178] [M]: 0x80011AB4 (0x66658593) addi a1, a1, 1638
x11 <- 0x66666666


mem[X,0x80011AB8] -> 0x0213
mem[X,0x80011ABA] -> 0x0000
[2179] [M]: 0x80011AB8 (0x00000213) addi tp, zero, 0
x4 <- 0x00000000


mem[X,0x80011ABC] -> 0x006F
mem[X,0x80011ABE] -> 0x00C0
[2180] [M]: 0x80011ABC (0x00C0006F) jal zero, 12


mem[X,0x80011AC8] -> 0x6063
mem[X,0x80011ACA] -> 0x04B5
[2181] [M]: 0x80011AC8 (0x04B56063) bltu a0, a1, 64


mem[X,0x80011ACC] -> 0x0213
mem[X,0x80011ACE] -> 0x0022
[2182] [M]: 0x80011ACC (0x00220213) addi tp, tp, 2
x4 <- 0x00000002


mem[X,0x80011AD0] -> 0x006F
mem[X,0x80011AD2] -> 0x0400
[2183] [M]: 0x80011AD0 (0x0400006F) jal zero, 64


mem[X,0x80011B10] -> 0xAE23
mem[X,0x80011B12] -> 0x3240
[2184] [M]: 0x80011B10 (0x3240AE23) sw tp, 828(ra)
mem[0x8004C4B0] <- 0x00000002


mem[X,0x80011B14] -> 0x6537
mem[X,0x80011B16] -> 0x6666
[2185] [M]: 0x80011B14 (0x66666537) lui a0, 419430
x10 <- 0x66666000


mem[X,0x80011B18] -> 0x0513
mem[X,0x80011B1A] -> 0x6665
[2186] [M]: 0x80011B18 (0x66650513) addi a0, a0, 1638
x10 <- 0x66666666


mem[X,0x80011B1C] -> 0xB5B7
mem[X,0x80011B1E] -> 0x0000
[2187] [M]: 0x80011B1C (0x0000B5B7) lui a1, 11
x11 <- 0x0000B000


mem[X,0x80011B20] -> 0x8593
mem[X,0x80011B22] -> 0x5045
[2188] [M]: 0x80011B20 (0x50458593) addi a1, a1, 1284
x11 <- 0x0000B504


mem[X,0x80011B24] -> 0x0213
mem[X,0x80011B26] -> 0x0000
[2189] [M]: 0x80011B24 (0x00000213) addi tp, zero, 0
x4 <- 0x00000000


mem[X,0x80011B28] -> 0x006F
mem[X,0x80011B2A] -> 0x00C0
[2190] [M]: 0x80011B28 (0x00C0006F) jal zero, 12


mem[X,0x80011B34] -> 0x6063
mem[X,0x80011B36] -> 0x04B5
[2191] [M]: 0x80011B34 (0x04B56063) bltu a0, a1, 64


mem[X,0x80011B38] -> 0x0213
mem[X,0x80011B3A] -> 0x0022
[2192] [M]: 0x80011B38 (0x00220213) addi tp, tp, 2
x4 <- 0x00000002


mem[X,0x80011B3C] -> 0x006F
mem[X,0x80011B3E] -> 0x0400
[2193] [M]: 0x80011B3C (0x0400006F) jal zero, 64


mem[X,0x80011B7C] -> 0xA023
mem[X,0x80011B7E] -> 0x3440
[2194] [M]: 0x80011B7C (0x3440A023) sw tp, 832(ra)
mem[0x8004C4B4] <- 0x00000002


mem[X,0x80011B80] -> 0x6537
mem[X,0x80011B82] -> 0x6666
[2195] [M]: 0x80011B80 (0x66666537) lui a0, 419430
x10 <- 0x66666000


mem[X,0x80011B84] -> 0x0513
mem[X,0x80011B86] -> 0x6665
[2196] [M]: 0x80011B84 (0x66650513) addi a0, a0, 1638
x10 <- 0x66666666


mem[X,0x80011B88] -> 0x0593
mem[X,0x80011B8A] -> 0x0000
[2197] [M]: 0x80011B88 (0x00000593) addi a1, zero, 0
x11 <- 0x00000000


mem[X,0x80011B8C] -> 0x0213
mem[X,0x80011B8E] -> 0x0000
[2198] [M]: 0x80011B8C (0x00000213) addi tp, zero, 0
x4 <- 0x00000000


mem[X,0x80011B90] -> 0x006F
mem[X,0x80011B92] -> 0x00C0
[2199] [M]: 0x80011B90 (0x00C0006F) jal zero, 12


clint::tick mtime <- 0x0000000000000016
 clint timer pending at mtime 0x0000000000000016
htif::tick 0x0000000000000000
mem[X,0x80011B9C] -> 0x6663
mem[X,0x80011B9E] -> 0x00B5
[2200] [M]: 0x80011B9C (0x00B56663) bltu a0, a1, 12


mem[X,0x80011BA0] -> 0x0213
mem[X,0x80011BA2] -> 0x0022
[2201] [M]: 0x80011BA0 (0x00220213) addi tp, tp, 2
x4 <- 0x00000002


mem[X,0x80011BA4] -> 0x006F
mem[X,0x80011BA6] -> 0x00C0
[2202] [M]: 0x80011BA4 (0x00C0006F) jal zero, 12


mem[X,0x80011BB0] -> 0xA223
mem[X,0x80011BB2] -> 0x3440
[2203] [M]: 0x80011BB0 (0x3440A223) sw tp, 836(ra)
mem[0x8004C4B8] <- 0x00000002


mem[X,0x80011BB4] -> 0x6537
mem[X,0x80011BB6] -> 0x6666
[2204] [M]: 0x80011BB4 (0x66666537) lui a0, 419430
x10 <- 0x66666000


mem[X,0x80011BB8] -> 0x0513
mem[X,0x80011BBA] -> 0x6665
[2205] [M]: 0x80011BB8 (0x66650513) addi a0, a0, 1638
x10 <- 0x66666666


mem[X,0x80011BBC] -> 0x05B7
mem[X,0x80011BBE] -> 0x0001
[2206] [M]: 0x80011BBC (0x000105B7) lui a1, 16
x11 <- 0x00010000


mem[X,0x80011BC0] -> 0x8593
mem[X,0x80011BC2] -> 0xFFF5
[2207] [M]: 0x80011BC0 (0xFFF58593) addi a1, a1, 4095
x11 <- 0x0000FFFF


mem[X,0x80011BC4] -> 0x0213
mem[X,0x80011BC6] -> 0x0000
[2208] [M]: 0x80011BC4 (0x00000213) addi tp, zero, 0
x4 <- 0x00000000


mem[X,0x80011BC8] -> 0x006F
mem[X,0x80011BCA] -> 0x00C0
[2209] [M]: 0x80011BC8 (0x00C0006F) jal zero, 12


mem[X,0x80011BD4] -> 0x6CE3
mem[X,0x80011BD6] -> 0xFEB5
[2210] [M]: 0x80011BD4 (0xFEB56CE3) bltu a0, a1, 8184


mem[X,0x80011BD8] -> 0x0213
mem[X,0x80011BDA] -> 0x0022
[2211] [M]: 0x80011BD8 (0x00220213) addi tp, tp, 2
x4 <- 0x00000002


mem[X,0x80011BDC] -> 0x006F
mem[X,0x80011BDE] -> 0x00C0
[2212] [M]: 0x80011BDC (0x00C0006F) jal zero, 12


mem[X,0x80011BE8] -> 0xA423
mem[X,0x80011BEA] -> 0x3440
[2213] [M]: 0x80011BE8 (0x3440A423) sw tp, 840(ra)
mem[0x8004C4BC] <- 0x00000002


mem[X,0x80011BEC] -> 0x6537
mem[X,0x80011BEE] -> 0x6666
[2214] [M]: 0x80011BEC (0x66666537) lui a0, 419430
x10 <- 0x66666000


mem[X,0x80011BF0] -> 0x0513
mem[X,0x80011BF2] -> 0x6665
[2215] [M]: 0x80011BF0 (0x66650513) addi a0, a0, 1638
x10 <- 0x66666666


mem[X,0x80011BF4] -> 0x0593
mem[X,0x80011BF6] -> 0x0020
[2216] [M]: 0x80011BF4 (0x00200593) addi a1, zero, 2
x11 <- 0x00000002


mem[X,0x80011BF8] -> 0x0213
mem[X,0x80011BFA] -> 0x0000
[2217] [M]: 0x80011BF8 (0x00000213) addi tp, zero, 0
x4 <- 0x00000000


mem[X,0x80011BFC] -> 0x006F
mem[X,0x80011BFE] -> 0x00C0
[2218] [M]: 0x80011BFC (0x00C0006F) jal zero, 12


mem[X,0x80011C08] -> 0x6663
mem[X,0x80011C0A] -> 0x00B5
[2219] [M]: 0x80011C08 (0x00B56663) bltu a0, a1, 12


mem[X,0x80011C0C] -> 0x0213
mem[X,0x80011C0E] -> 0x0022
[2220] [M]: 0x80011C0C (0x00220213) addi tp, tp, 2
x4 <- 0x00000002


mem[X,0x80011C10] -> 0x006F
mem[X,0x80011C12] -> 0x00C0
[2221] [M]: 0x80011C10 (0x00C0006F) jal zero, 12


mem[X,0x80011C1C] -> 0xA623
mem[X,0x80011C1E] -> 0x3440
[2222] [M]: 0x80011C1C (0x3440A623) sw tp, 844(ra)
mem[0x8004C4C0] <- 0x00000002


mem[X,0x80011C20] -> 0x6537
mem[X,0x80011C22] -> 0x6666
[2223] [M]: 0x80011C20 (0x66666537) lui a0, 419430
x10 <- 0x66666000


mem[X,0x80011C24] -> 0x0513
mem[X,0x80011C26] -> 0x6665
[2224] [M]: 0x80011C24 (0x66650513) addi a0, a0, 1638
x10 <- 0x66666666


mem[X,0x80011C28] -> 0x55B7
mem[X,0x80011C2A] -> 0x5555
[2225] [M]: 0x80011C28 (0x555555B7) lui a1, 349525
x11 <- 0x55555000


mem[X,0x80011C2C] -> 0x8593
mem[X,0x80011C2E] -> 0x5545
[2226] [M]: 0x80011C2C (0x55458593) addi a1, a1, 1364
x11 <- 0x55555554


mem[X,0x80011C30] -> 0x0213
mem[X,0x80011C32] -> 0x0000
[2227] [M]: 0x80011C30 (0x00000213) addi tp, zero, 0
x4 <- 0x00000000


mem[X,0x80011C34] -> 0x006F
mem[X,0x80011C36] -> 0x00C0
[2228] [M]: 0x80011C34 (0x00C0006F) jal zero, 12


mem[X,0x80011C40] -> 0x6663
mem[X,0x80011C42] -> 0x00B5
[2229] [M]: 0x80011C40 (0x00B56663) bltu a0, a1, 12


mem[X,0x80011C44] -> 0x0213
mem[X,0x80011C46] -> 0x0022
[2230] [M]: 0x80011C44 (0x00220213) addi tp, tp, 2
x4 <- 0x00000002


mem[X,0x80011C48] -> 0x006F
mem[X,0x80011C4A] -> 0x00C0
[2231] [M]: 0x80011C48 (0x00C0006F) jal zero, 12


mem[X,0x80011C54] -> 0xA823
mem[X,0x80011C56] -> 0x3440
[2232] [M]: 0x80011C54 (0x3440A823) sw tp, 848(ra)
mem[0x8004C4C4] <- 0x00000002


mem[X,0x80011C58] -> 0x6537
mem[X,0x80011C5A] -> 0x6666
[2233] [M]: 0x80011C58 (0x66666537) lui a0, 419430
x10 <- 0x66666000


mem[X,0x80011C5C] -> 0x0513
mem[X,0x80011C5E] -> 0x6665
[2234] [M]: 0x80011C5C (0x66650513) addi a0, a0, 1638
x10 <- 0x66666666


mem[X,0x80011C60] -> 0xB5B7
mem[X,0x80011C62] -> 0xAAAA
[2235] [M]: 0x80011C60 (0xAAAAB5B7) lui a1, 699051
x11 <- 0xAAAAB000


mem[X,0x80011C64] -> 0x8593
mem[X,0x80011C66] -> 0xAA95
[2236] [M]: 0x80011C64 (0xAA958593) addi a1, a1, 2729
x11 <- 0xAAAAAAA9


mem[X,0x80011C68] -> 0x0213
mem[X,0x80011C6A] -> 0x0000
[2237] [M]: 0x80011C68 (0x00000213) addi tp, zero, 0
x4 <- 0x00000000


mem[X,0x80011C6C] -> 0x006F
mem[X,0x80011C6E] -> 0x0100
[2238] [M]: 0x80011C6C (0x0100006F) jal zero, 16


mem[X,0x80011C7C] -> 0x6AE3
mem[X,0x80011C7E] -> 0xFEB5
[2239] [M]: 0x80011C7C (0xFEB56AE3) bltu a0, a1, 8180


mem[X,0x80011C70] -> 0x0213
mem[X,0x80011C72] -> 0x0012
[2240] [M]: 0x80011C70 (0x00120213) addi tp, tp, 1
x4 <- 0x00000001


mem[X,0x80011C74] -> 0x006F
mem[X,0x80011C76] -> 0x01C0
[2241] [M]: 0x80011C74 (0x01C0006F) jal zero, 28


mem[X,0x80011C90] -> 0xAA23
mem[X,0x80011C92] -> 0x3440
[2242] [M]: 0x80011C90 (0x3440AA23) sw tp, 852(ra)
mem[0x8004C4C8] <- 0x00000001


mem[X,0x80011C94] -> 0x6537
mem[X,0x80011C96] -> 0x6666
[2243] [M]: 0x80011C94 (0x66666537) lui a0, 419430
x10 <- 0x66666000


mem[X,0x80011C98] -> 0x0513
mem[X,0x80011C9A] -> 0x6665
[2244] [M]: 0x80011C98 (0x66650513) addi a0, a0, 1638
x10 <- 0x66666666


mem[X,0x80011C9C] -> 0x0593
mem[X,0x80011C9E] -> 0x0040
[2245] [M]: 0x80011C9C (0x00400593) addi a1, zero, 4
x11 <- 0x00000004


mem[X,0x80011CA0] -> 0x0213
mem[X,0x80011CA2] -> 0x0000
[2246] [M]: 0x80011CA0 (0x00000213) addi tp, zero, 0
x4 <- 0x00000000


mem[X,0x80011CA4] -> 0x006F
mem[X,0x80011CA6] -> 0x00C0
[2247] [M]: 0x80011CA4 (0x00C0006F) jal zero, 12


mem[X,0x80011CB0] -> 0x6663
mem[X,0x80011CB2] -> 0x00B5
[2248] [M]: 0x80011CB0 (0x00B56663) bltu a0, a1, 12


mem[X,0x80011CB4] -> 0x0213
mem[X,0x80011CB6] -> 0x0022
[2249] [M]: 0x80011CB4 (0x00220213) addi tp, tp, 2
x4 <- 0x00000002


mem[X,0x80011CB8] -> 0x006F
mem[X,0x80011CBA] -> 0x00C0
[2250] [M]: 0x80011CB8 (0x00C0006F) jal zero, 12


mem[X,0x80011CC4] -> 0xAC23
mem[X,0x80011CC6] -> 0x3440
[2251] [M]: 0x80011CC4 (0x3440AC23) sw tp, 856(ra)
mem[0x8004C4CC] <- 0x00000002


mem[X,0x80011CC8] -> 0x6537
mem[X,0x80011CCA] -> 0x6666
[2252] [M]: 0x80011CC8 (0x66666537) lui a0, 419430
x10 <- 0x66666000


mem[X,0x80011CCC] -> 0x0513
mem[X,0x80011CCE] -> 0x6665
[2253] [M]: 0x80011CCC (0x66650513) addi a0, a0, 1638
x10 <- 0x66666666


mem[X,0x80011CD0] -> 0x35B7
mem[X,0x80011CD2] -> 0x3333
[2254] [M]: 0x80011CD0 (0x333335B7) lui a1, 209715
x11 <- 0x33333000


mem[X,0x80011CD4] -> 0x8593
mem[X,0x80011CD6] -> 0x3325
[2255] [M]: 0x80011CD4 (0x33258593) addi a1, a1, 818
x11 <- 0x33333332


mem[X,0x80011CD8] -> 0x0213
mem[X,0x80011CDA] -> 0x0000
[2256] [M]: 0x80011CD8 (0x00000213) addi tp, zero, 0
x4 <- 0x00000000


mem[X,0x80011CDC] -> 0x006F
mem[X,0x80011CDE] -> 0x00C0
[2257] [M]: 0x80011CDC (0x00C0006F) jal zero, 12


mem[X,0x80011CE8] -> 0x6063
mem[X,0x80011CEA] -> 0x40B5
[2258] [M]: 0x80011CE8 (0x40B56063) bltu a0, a1, 1024


mem[X,0x80011CEC] -> 0x0213
mem[X,0x80011CEE] -> 0x0022
[2259] [M]: 0x80011CEC (0x00220213) addi tp, tp, 2
x4 <- 0x00000002


mem[X,0x80011CF0] -> 0x006F
mem[X,0x80011CF2] -> 0x4000
[2260] [M]: 0x80011CF0 (0x4000006F) jal zero, 1024


mem[X,0x800120F0] -> 0xAE23
mem[X,0x800120F2] -> 0x3440
[2261] [M]: 0x800120F0 (0x3440AE23) sw tp, 860(ra)
mem[0x8004C4D0] <- 0x00000002


mem[X,0x800120F4] -> 0x6537
mem[X,0x800120F6] -> 0x6666
[2262] [M]: 0x800120F4 (0x66666537) lui a0, 419430
x10 <- 0x66666000


mem[X,0x800120F8] -> 0x0513
mem[X,0x800120FA] -> 0x6665
[2263] [M]: 0x800120F8 (0x66650513) addi a0, a0, 1638
x10 <- 0x66666666


mem[X,0x800120FC] -> 0x65B7
mem[X,0x800120FE] -> 0x6666
[2264] [M]: 0x800120FC (0x666665B7) lui a1, 419430
x11 <- 0x66666000


mem[X,0x80012100] -> 0x8593
mem[X,0x80012102] -> 0x6655
[2265] [M]: 0x80012100 (0x66558593) addi a1, a1, 1637
x11 <- 0x66666665


mem[X,0x80012104] -> 0x0213
mem[X,0x80012106] -> 0x0000
[2266] [M]: 0x80012104 (0x00000213) addi tp, zero, 0
x4 <- 0x00000000


mem[X,0x80012108] -> 0x006F
mem[X,0x8001210A] -> 0x0050
[2267] [M]: 0x80012108 (0x0050006F) jal zero, 2052


mem[X,0x8001290C] -> 0x60E3
mem[X,0x8001290E] -> 0x80B5
[2268] [M]: 0x8001290C (0x80B560E3) bltu a0, a1, 6144


mem[X,0x80012910] -> 0x0213
mem[X,0x80012912] -> 0x0022
[2269] [M]: 0x80012910 (0x00220213) addi tp, tp, 2
x4 <- 0x00000002


mem[X,0x80012914] -> 0x006F
mem[X,0x80012916] -> 0x00C0
[2270] [M]: 0x80012914 (0x00C0006F) jal zero, 12


mem[X,0x80012920] -> 0xA023
mem[X,0x80012922] -> 0x3640
[2271] [M]: 0x80012920 (0x3640A023) sw tp, 864(ra)
mem[0x8004C4D4] <- 0x00000002


mem[X,0x80012924] -> 0x6537
mem[X,0x80012926] -> 0x6666
[2272] [M]: 0x80012924 (0x66666537) lui a0, 419430
x10 <- 0x66666000


mem[X,0x80012928] -> 0x0513
mem[X,0x8001292A] -> 0x6665
[2273] [M]: 0x80012928 (0x66650513) addi a0, a0, 1638
x10 <- 0x66666666


mem[X,0x8001292C] -> 0xB5B7
mem[X,0x8001292E] -> 0x0000
[2274] [M]: 0x8001292C (0x0000B5B7) lui a1, 11
x11 <- 0x0000B000


mem[X,0x80012930] -> 0x8593
mem[X,0x80012932] -> 0x5035
[2275] [M]: 0x80012930 (0x50358593) addi a1, a1, 1283
x11 <- 0x0000B503


mem[X,0x80012934] -> 0x0213
mem[X,0x80012936] -> 0x0000
[2276] [M]: 0x80012934 (0x00000213) addi tp, zero, 0
x4 <- 0x00000000


mem[X,0x80012938] -> 0x006F
mem[X,0x8001293A] -> 0x00C0
[2277] [M]: 0x80012938 (0x00C0006F) jal zero, 12


mem[X,0x80012944] -> 0x6663
mem[X,0x80012946] -> 0x00B5
[2278] [M]: 0x80012944 (0x00B56663) bltu a0, a1, 12


mem[X,0x80012948] -> 0x0213
mem[X,0x8001294A] -> 0x0022
[2279] [M]: 0x80012948 (0x00220213) addi tp, tp, 2
x4 <- 0x00000002


mem[X,0x8001294C] -> 0x006F
mem[X,0x8001294E] -> 0x00C0
[2280] [M]: 0x8001294C (0x00C0006F) jal zero, 12


mem[X,0x80012958] -> 0xA223
mem[X,0x8001295A] -> 0x3640
[2281] [M]: 0x80012958 (0x3640A223) sw tp, 868(ra)
mem[0x8004C4D8] <- 0x00000002


mem[X,0x8001295C] -> 0x6537
mem[X,0x8001295E] -> 0x6666
[2282] [M]: 0x8001295C (0x66666537) lui a0, 419430
x10 <- 0x66666000


mem[X,0x80012960] -> 0x0513
mem[X,0x80012962] -> 0x6665
[2283] [M]: 0x80012960 (0x66650513) addi a0, a0, 1638
x10 <- 0x66666666


mem[X,0x80012964] -> 0x05B7
mem[X,0x80012966] -> 0x0001
[2284] [M]: 0x80012964 (0x000105B7) lui a1, 16
x11 <- 0x00010000


mem[X,0x80012968] -> 0x8593
mem[X,0x8001296A] -> 0xFFE5
[2285] [M]: 0x80012968 (0xFFE58593) addi a1, a1, 4094
x11 <- 0x0000FFFE


mem[X,0x8001296C] -> 0x0213
mem[X,0x8001296E] -> 0x0000
[2286] [M]: 0x8001296C (0x00000213) addi tp, zero, 0
x4 <- 0x00000000


mem[X,0x80012970] -> 0x006F
mem[X,0x80012972] -> 0x0100
[2287] [M]: 0x80012970 (0x0100006F) jal zero, 16


mem[X,0x80012980] -> 0x6AE3
mem[X,0x80012982] -> 0xFEB5
[2288] [M]: 0x80012980 (0xFEB56AE3) bltu a0, a1, 8180


mem[X,0x80012984] -> 0x0213
mem[X,0x80012986] -> 0x0022
[2289] [M]: 0x80012984 (0x00220213) addi tp, tp, 2
x4 <- 0x00000002


mem[X,0x80012988] -> 0x006F
mem[X,0x8001298A] -> 0x00C0
[2290] [M]: 0x80012988 (0x00C0006F) jal zero, 12


mem[X,0x80012994] -> 0xA423
mem[X,0x80012996] -> 0x3640
[2291] [M]: 0x80012994 (0x3640A423) sw tp, 872(ra)
mem[0x8004C4DC] <- 0x00000002


mem[X,0x80012998] -> 0x6537
mem[X,0x8001299A] -> 0x6666
[2292] [M]: 0x80012998 (0x66666537) lui a0, 419430
x10 <- 0x66666000


mem[X,0x8001299C] -> 0x0513
mem[X,0x8001299E] -> 0x6665
[2293] [M]: 0x8001299C (0x66650513) addi a0, a0, 1638
x10 <- 0x66666666


mem[X,0x800129A0] -> 0x55B7
mem[X,0x800129A2] -> 0x5555
[2294] [M]: 0x800129A0 (0x555555B7) lui a1, 349525
x11 <- 0x55555000


mem[X,0x800129A4] -> 0x8593
mem[X,0x800129A6] -> 0x5565
[2295] [M]: 0x800129A4 (0x55658593) addi a1, a1, 1366
x11 <- 0x55555556


mem[X,0x800129A8] -> 0x0213
mem[X,0x800129AA] -> 0x0000
[2296] [M]: 0x800129A8 (0x00000213) addi tp, zero, 0
x4 <- 0x00000000


mem[X,0x800129AC] -> 0x006F
mem[X,0x800129AE] -> 0x00C0
[2297] [M]: 0x800129AC (0x00C0006F) jal zero, 12


mem[X,0x800129B8] -> 0x6063
mem[X,0x800129BA] -> 0x08B5
[2298] [M]: 0x800129B8 (0x08B56063) bltu a0, a1, 128


mem[X,0x800129BC] -> 0x0213
mem[X,0x800129BE] -> 0x0022
[2299] [M]: 0x800129BC (0x00220213) addi tp, tp, 2
x4 <- 0x00000002


clint::tick mtime <- 0x0000000000000017
 clint timer pending at mtime 0x0000000000000017
htif::tick 0x0000000000000000
mem[X,0x800129C0] -> 0x006F
mem[X,0x800129C2] -> 0x0800
[2300] [M]: 0x800129C0 (0x0800006F) jal zero, 128


mem[X,0x80012A40] -> 0xA623
mem[X,0x80012A42] -> 0x3640
[2301] [M]: 0x80012A40 (0x3640A623) sw tp, 876(ra)
mem[0x8004C4E0] <- 0x00000002


mem[X,0x80012A44] -> 0x6537
mem[X,0x80012A46] -> 0x6666
[2302] [M]: 0x80012A44 (0x66666537) lui a0, 419430
x10 <- 0x66666000


mem[X,0x80012A48] -> 0x0513
mem[X,0x80012A4A] -> 0x6665
[2303] [M]: 0x80012A48 (0x66650513) addi a0, a0, 1638
x10 <- 0x66666666


mem[X,0x80012A4C] -> 0xB5B7
mem[X,0x80012A4E] -> 0xAAAA
[2304] [M]: 0x80012A4C (0xAAAAB5B7) lui a1, 699051
x11 <- 0xAAAAB000


mem[X,0x80012A50] -> 0x8593
mem[X,0x80012A52] -> 0xAAB5
[2305] [M]: 0x80012A50 (0xAAB58593) addi a1, a1, 2731
x11 <- 0xAAAAAAAB


mem[X,0x80012A54] -> 0x0213
mem[X,0x80012A56] -> 0x0000
[2306] [M]: 0x80012A54 (0x00000213) addi tp, zero, 0
x4 <- 0x00000000


mem[X,0x80012A58] -> 0x006F
mem[X,0x80012A5A] -> 0x00C0
[2307] [M]: 0x80012A58 (0x00C0006F) jal zero, 12


mem[X,0x80012A64] -> 0x6063
mem[X,0x80012A66] -> 0x20B5
[2308] [M]: 0x80012A64 (0x20B56063) bltu a0, a1, 512


mem[X,0x80012C64] -> 0x0213
mem[X,0x80012C66] -> 0x0032
[2309] [M]: 0x80012C64 (0x00320213) addi tp, tp, 3
x4 <- 0x00000003


mem[X,0x80012C68] -> 0x006F
mem[X,0x80012C6A] -> 0x0040
[2310] [M]: 0x80012C68 (0x0040006F) jal zero, 4


mem[X,0x80012C6C] -> 0xA823
mem[X,0x80012C6E] -> 0x3640
[2311] [M]: 0x80012C6C (0x3640A823) sw tp, 880(ra)
mem[0x8004C4E4] <- 0x00000003


mem[X,0x80012C70] -> 0x6537
mem[X,0x80012C72] -> 0x6666
[2312] [M]: 0x80012C70 (0x66666537) lui a0, 419430
x10 <- 0x66666000


mem[X,0x80012C74] -> 0x0513
mem[X,0x80012C76] -> 0x6665
[2313] [M]: 0x80012C74 (0x66650513) addi a0, a0, 1638
x10 <- 0x66666666


mem[X,0x80012C78] -> 0x0593
mem[X,0x80012C7A] -> 0x0060
[2314] [M]: 0x80012C78 (0x00600593) addi a1, zero, 6
x11 <- 0x00000006


mem[X,0x80012C7C] -> 0x0213
mem[X,0x80012C7E] -> 0x0000
[2315] [M]: 0x80012C7C (0x00000213) addi tp, zero, 0
x4 <- 0x00000000


mem[X,0x80012C80] -> 0x006F
mem[X,0x80012C82] -> 0x00C0
[2316] [M]: 0x80012C80 (0x00C0006F) jal zero, 12


mem[X,0x80012C8C] -> 0x6063
mem[X,0x80012C8E] -> 0x04B5
[2317] [M]: 0x80012C8C (0x04B56063) bltu a0, a1, 64


mem[X,0x80012C90] -> 0x0213
mem[X,0x80012C92] -> 0x0022
[2318] [M]: 0x80012C90 (0x00220213) addi tp, tp, 2
x4 <- 0x00000002


mem[X,0x80012C94] -> 0x006F
mem[X,0x80012C96] -> 0x0400
[2319] [M]: 0x80012C94 (0x0400006F) jal zero, 64


mem[X,0x80012CD4] -> 0xAA23
mem[X,0x80012CD6] -> 0x3640
[2320] [M]: 0x80012CD4 (0x3640AA23) sw tp, 884(ra)
mem[0x8004C4E8] <- 0x00000002


mem[X,0x80012CD8] -> 0x6537
mem[X,0x80012CDA] -> 0x6666
[2321] [M]: 0x80012CD8 (0x66666537) lui a0, 419430
x10 <- 0x66666000


mem[X,0x80012CDC] -> 0x0513
mem[X,0x80012CDE] -> 0x6665
[2322] [M]: 0x80012CDC (0x66650513) addi a0, a0, 1638
x10 <- 0x66666666


mem[X,0x80012CE0] -> 0x35B7
mem[X,0x80012CE2] -> 0x3333
[2323] [M]: 0x80012CE0 (0x333335B7) lui a1, 209715
x11 <- 0x33333000


mem[X,0x80012CE4] -> 0x8593
mem[X,0x80012CE6] -> 0x3345
[2324] [M]: 0x80012CE4 (0x33458593) addi a1, a1, 820
x11 <- 0x33333334


mem[X,0x80012CE8] -> 0x0213
mem[X,0x80012CEA] -> 0x0000
[2325] [M]: 0x80012CE8 (0x00000213) addi tp, zero, 0
x4 <- 0x00000000


mem[X,0x80012CEC] -> 0x006F
mem[X,0x80012CEE] -> 0x0140
[2326] [M]: 0x80012CEC (0x0140006F) jal zero, 20


mem[X,0x80012D00] -> 0x68E3
mem[X,0x80012D02] -> 0xFEB5
[2327] [M]: 0x80012D00 (0xFEB568E3) bltu a0, a1, 8176


mem[X,0x80012D04] -> 0x0213
mem[X,0x80012D06] -> 0x0022
[2328] [M]: 0x80012D04 (0x00220213) addi tp, tp, 2
x4 <- 0x00000002


mem[X,0x80012D08] -> 0x006F
mem[X,0x80012D0A] -> 0x00C0
[2329] [M]: 0x80012D08 (0x00C0006F) jal zero, 12


mem[X,0x80012D14] -> 0xAC23
mem[X,0x80012D16] -> 0x3640
[2330] [M]: 0x80012D14 (0x3640AC23) sw tp, 888(ra)
mem[0x8004C4EC] <- 0x00000002


mem[X,0x80012D18] -> 0x6537
mem[X,0x80012D1A] -> 0x6666
[2331] [M]: 0x80012D18 (0x66666537) lui a0, 419430
x10 <- 0x66666000


mem[X,0x80012D1C] -> 0x0513
mem[X,0x80012D1E] -> 0x6665
[2332] [M]: 0x80012D1C (0x66650513) addi a0, a0, 1638
x10 <- 0x66666666


mem[X,0x80012D20] -> 0x65B7
mem[X,0x80012D22] -> 0x6666
[2333] [M]: 0x80012D20 (0x666665B7) lui a1, 419430
x11 <- 0x66666000


mem[X,0x80012D24] -> 0x8593
mem[X,0x80012D26] -> 0x6675
[2334] [M]: 0x80012D24 (0x66758593) addi a1, a1, 1639
x11 <- 0x66666667


mem[X,0x80012D28] -> 0x0213
mem[X,0x80012D2A] -> 0x0000
[2335] [M]: 0x80012D28 (0x00000213) addi tp, zero, 0
x4 <- 0x00000000


mem[X,0x80012D2C] -> 0x006F
mem[X,0x80012D2E] -> 0x0140
[2336] [M]: 0x80012D2C (0x0140006F) jal zero, 20


mem[X,0x80012D40] -> 0x68E3
mem[X,0x80012D42] -> 0xFEB5
[2337] [M]: 0x80012D40 (0xFEB568E3) bltu a0, a1, 8176


mem[X,0x80012D30] -> 0x0213
mem[X,0x80012D32] -> 0x0012
[2338] [M]: 0x80012D30 (0x00120213) addi tp, tp, 1
x4 <- 0x00000001


mem[X,0x80012D34] -> 0x006F
mem[X,0x80012D36] -> 0x0200
[2339] [M]: 0x80012D34 (0x0200006F) jal zero, 32


mem[X,0x80012D54] -> 0xAE23
mem[X,0x80012D56] -> 0x3640
[2340] [M]: 0x80012D54 (0x3640AE23) sw tp, 892(ra)
mem[0x8004C4F0] <- 0x00000001


mem[X,0x80012D58] -> 0x6537
mem[X,0x80012D5A] -> 0x6666
[2341] [M]: 0x80012D58 (0x66666537) lui a0, 419430
x10 <- 0x66666000


mem[X,0x80012D5C] -> 0x0513
mem[X,0x80012D5E] -> 0x6665
[2342] [M]: 0x80012D5C (0x66650513) addi a0, a0, 1638
x10 <- 0x66666666


mem[X,0x80012D60] -> 0xB5B7
mem[X,0x80012D62] -> 0x0000
[2343] [M]: 0x80012D60 (0x0000B5B7) lui a1, 11
x11 <- 0x0000B000


mem[X,0x80012D64] -> 0x8593
mem[X,0x80012D66] -> 0x5055
[2344] [M]: 0x80012D64 (0x50558593) addi a1, a1, 1285
x11 <- 0x0000B505


mem[X,0x80012D68] -> 0x0213
mem[X,0x80012D6A] -> 0x0000
[2345] [M]: 0x80012D68 (0x00000213) addi tp, zero, 0
x4 <- 0x00000000


mem[X,0x80012D6C] -> 0x006F
mem[X,0x80012D6E] -> 0x00C0
[2346] [M]: 0x80012D6C (0x00C0006F) jal zero, 12


mem[X,0x80012D78] -> 0x6CE3
mem[X,0x80012D7A] -> 0xFEB5
[2347] [M]: 0x80012D78 (0xFEB56CE3) bltu a0, a1, 8184


mem[X,0x80012D7C] -> 0x0213
mem[X,0x80012D7E] -> 0x0022
[2348] [M]: 0x80012D7C (0x00220213) addi tp, tp, 2
x4 <- 0x00000002


mem[X,0x80012D80] -> 0x006F
mem[X,0x80012D82] -> 0x00C0
[2349] [M]: 0x80012D80 (0x00C0006F) jal zero, 12


mem[X,0x80012D8C] -> 0xA023
mem[X,0x80012D8E] -> 0x3840
[2350] [M]: 0x80012D8C (0x3840A023) sw tp, 896(ra)
mem[0x8004C4F4] <- 0x00000002


mem[X,0x80012D90] -> 0x6537
mem[X,0x80012D92] -> 0x6666
[2351] [M]: 0x80012D90 (0x66666537) lui a0, 419430
x10 <- 0x66666000


mem[X,0x80012D94] -> 0x0513
mem[X,0x80012D96] -> 0x6665
[2352] [M]: 0x80012D94 (0x66650513) addi a0, a0, 1638
x10 <- 0x66666666


mem[X,0x80012D98] -> 0x0593
mem[X,0x80012D9A] -> 0x0010
[2353] [M]: 0x80012D98 (0x00100593) addi a1, zero, 1
x11 <- 0x00000001


mem[X,0x80012D9C] -> 0x0213
mem[X,0x80012D9E] -> 0x0000
[2354] [M]: 0x80012D9C (0x00000213) addi tp, zero, 0
x4 <- 0x00000000


mem[X,0x80012DA0] -> 0x006F
mem[X,0x80012DA2] -> 0x00C0
[2355] [M]: 0x80012DA0 (0x00C0006F) jal zero, 12


mem[X,0x80012DAC] -> 0x6663
mem[X,0x80012DAE] -> 0x00B5
[2356] [M]: 0x80012DAC (0x00B56663) bltu a0, a1, 12


mem[X,0x80012DB0] -> 0x0213
mem[X,0x80012DB2] -> 0x0022
[2357] [M]: 0x80012DB0 (0x00220213) addi tp, tp, 2
x4 <- 0x00000002


mem[X,0x80012DB4] -> 0x006F
mem[X,0x80012DB6] -> 0x00C0
[2358] [M]: 0x80012DB4 (0x00C0006F) jal zero, 12


mem[X,0x80012DC0] -> 0xA223
mem[X,0x80012DC2] -> 0x3840
[2359] [M]: 0x80012DC0 (0x3840A223) sw tp, 900(ra)
mem[0x8004C4F8] <- 0x00000002


mem[X,0x80012DC4] -> 0x6537
mem[X,0x80012DC6] -> 0x6666
[2360] [M]: 0x80012DC4 (0x66666537) lui a0, 419430
x10 <- 0x66666000


mem[X,0x80012DC8] -> 0x0513
mem[X,0x80012DCA] -> 0x6665
[2361] [M]: 0x80012DC8 (0x66650513) addi a0, a0, 1638
x10 <- 0x66666666


mem[X,0x80012DCC] -> 0x05B7
mem[X,0x80012DCE] -> 0x0001
[2362] [M]: 0x80012DCC (0x000105B7) lui a1, 16
x11 <- 0x00010000


mem[X,0x80012DD0] -> 0x0213
mem[X,0x80012DD2] -> 0x0000
[2363] [M]: 0x80012DD0 (0x00000213) addi tp, zero, 0
x4 <- 0x00000000


mem[X,0x80012DD4] -> 0x006F
mem[X,0x80012DD6] -> 0x2B10
[2364] [M]: 0x80012DD4 (0x2B10006F) jal zero, 2736


mem[X,0x80013884] -> 0x6A63
mem[X,0x80013886] -> 0xD4B5
[2365] [M]: 0x80013884 (0xD4B56A63) bltu a0, a1, 5460


mem[X,0x80013888] -> 0x0213
mem[X,0x8001388A] -> 0x0022
[2366] [M]: 0x80013888 (0x00220213) addi tp, tp, 2
x4 <- 0x00000002


mem[X,0x8001388C] -> 0x006F
mem[X,0x8001388E] -> 0x00C0
[2367] [M]: 0x8001388C (0x00C0006F) jal zero, 12


mem[X,0x80013898] -> 0xA423
mem[X,0x8001389A] -> 0x3840
[2368] [M]: 0x80013898 (0x3840A423) sw tp, 904(ra)
mem[0x8004C4FC] <- 0x00000002


mem[X,0x8001389C] -> 0xB537
mem[X,0x8001389E] -> 0x0000
[2369] [M]: 0x8001389C (0x0000B537) lui a0, 11
x10 <- 0x0000B000


mem[X,0x800138A0] -> 0x0513
mem[X,0x800138A2] -> 0x5045
[2370] [M]: 0x800138A0 (0x50450513) addi a0, a0, 1284
x10 <- 0x0000B504


mem[X,0x800138A4] -> 0x0593
mem[X,0x800138A6] -> 0x0030
[2371] [M]: 0x800138A4 (0x00300593) addi a1, zero, 3
x11 <- 0x00000003


mem[X,0x800138A8] -> 0x0213
mem[X,0x800138AA] -> 0x0000
[2372] [M]: 0x800138A8 (0x00000213) addi tp, zero, 0
x4 <- 0x00000000


mem[X,0x800138AC] -> 0x006F
mem[X,0x800138AE] -> 0x00C0
[2373] [M]: 0x800138AC (0x00C0006F) jal zero, 12


mem[X,0x800138B8] -> 0x6663
mem[X,0x800138BA] -> 0x00B5
[2374] [M]: 0x800138B8 (0x00B56663) bltu a0, a1, 12


mem[X,0x800138BC] -> 0x0213
mem[X,0x800138BE] -> 0x0022
[2375] [M]: 0x800138BC (0x00220213) addi tp, tp, 2
x4 <- 0x00000002


mem[X,0x800138C0] -> 0x006F
mem[X,0x800138C2] -> 0x00C0
[2376] [M]: 0x800138C0 (0x00C0006F) jal zero, 12


mem[X,0x800138CC] -> 0xA623
mem[X,0x800138CE] -> 0x3840
[2377] [M]: 0x800138CC (0x3840A623) sw tp, 908(ra)
mem[0x8004C500] <- 0x00000002


mem[X,0x800138D0] -> 0xB537
mem[X,0x800138D2] -> 0x0000
[2378] [M]: 0x800138D0 (0x0000B537) lui a0, 11
x10 <- 0x0000B000


mem[X,0x800138D4] -> 0x0513
mem[X,0x800138D6] -> 0x5045
[2379] [M]: 0x800138D4 (0x50450513) addi a0, a0, 1284
x10 <- 0x0000B504


mem[X,0x800138D8] -> 0x55B7
mem[X,0x800138DA] -> 0x5555
[2380] [M]: 0x800138D8 (0x555555B7) lui a1, 349525
x11 <- 0x55555000


mem[X,0x800138DC] -> 0x8593
mem[X,0x800138DE] -> 0x5555
[2381] [M]: 0x800138DC (0x55558593) addi a1, a1, 1365
x11 <- 0x55555555


mem[X,0x800138E0] -> 0x0213
mem[X,0x800138E2] -> 0x0000
[2382] [M]: 0x800138E0 (0x00000213) addi tp, zero, 0
x4 <- 0x00000000


mem[X,0x800138E4] -> 0x006F
mem[X,0x800138E6] -> 0x00C0
[2383] [M]: 0x800138E4 (0x00C0006F) jal zero, 12


mem[X,0x800138F0] -> 0x6063
mem[X,0x800138F2] -> 0x40B5
[2384] [M]: 0x800138F0 (0x40B56063) bltu a0, a1, 1024


mem[X,0x80013CF0] -> 0x0213
mem[X,0x80013CF2] -> 0x0032
[2385] [M]: 0x80013CF0 (0x00320213) addi tp, tp, 3
x4 <- 0x00000003


mem[X,0x80013CF4] -> 0x006F
mem[X,0x80013CF6] -> 0x0040
[2386] [M]: 0x80013CF4 (0x0040006F) jal zero, 4


mem[X,0x80013CF8] -> 0xA823
mem[X,0x80013CFA] -> 0x3840
[2387] [M]: 0x80013CF8 (0x3840A823) sw tp, 912(ra)
mem[0x8004C504] <- 0x00000003


mem[X,0x80013CFC] -> 0xB537
mem[X,0x80013CFE] -> 0x0000
[2388] [M]: 0x80013CFC (0x0000B537) lui a0, 11
x10 <- 0x0000B000


mem[X,0x80013D00] -> 0x0513
mem[X,0x80013D02] -> 0x5045
[2389] [M]: 0x80013D00 (0x50450513) addi a0, a0, 1284
x10 <- 0x0000B504


mem[X,0x80013D04] -> 0xB5B7
mem[X,0x80013D06] -> 0xAAAA
[2390] [M]: 0x80013D04 (0xAAAAB5B7) lui a1, 699051
x11 <- 0xAAAAB000


mem[X,0x80013D08] -> 0x8593
mem[X,0x80013D0A] -> 0xAAA5
[2391] [M]: 0x80013D08 (0xAAA58593) addi a1, a1, 2730
x11 <- 0xAAAAAAAA


mem[X,0x80013D0C] -> 0x0213
mem[X,0x80013D0E] -> 0x0000
[2392] [M]: 0x80013D0C (0x00000213) addi tp, zero, 0
x4 <- 0x00000000


mem[X,0x80013D10] -> 0x006F
mem[X,0x80013D12] -> 0x0100
[2393] [M]: 0x80013D10 (0x0100006F) jal zero, 16


mem[X,0x80013D20] -> 0x6AE3
mem[X,0x80013D22] -> 0xFEB5
[2394] [M]: 0x80013D20 (0xFEB56AE3) bltu a0, a1, 8180


mem[X,0x80013D14] -> 0x0213
mem[X,0x80013D16] -> 0x0012
[2395] [M]: 0x80013D14 (0x00120213) addi tp, tp, 1
x4 <- 0x00000001


mem[X,0x80013D18] -> 0x006F
mem[X,0x80013D1A] -> 0x01C0
[2396] [M]: 0x80013D18 (0x01C0006F) jal zero, 28


mem[X,0x80013D34] -> 0xAA23
mem[X,0x80013D36] -> 0x3840
[2397] [M]: 0x80013D34 (0x3840AA23) sw tp, 916(ra)
mem[0x8004C508] <- 0x00000001


mem[X,0x80013D38] -> 0xB537
mem[X,0x80013D3A] -> 0x0000
[2398] [M]: 0x80013D38 (0x0000B537) lui a0, 11
x10 <- 0x0000B000


mem[X,0x80013D3C] -> 0x0513
mem[X,0x80013D3E] -> 0x5045
[2399] [M]: 0x80013D3C (0x50450513) addi a0, a0, 1284
x10 <- 0x0000B504


clint::tick mtime <- 0x0000000000000018
 clint timer pending at mtime 0x0000000000000018
htif::tick 0x0000000000000000
mem[X,0x80013D40] -> 0x0593
mem[X,0x80013D42] -> 0x0050
[2400] [M]: 0x80013D40 (0x00500593) addi a1, zero, 5
x11 <- 0x00000005


mem[X,0x80013D44] -> 0x0213
mem[X,0x80013D46] -> 0x0000
[2401] [M]: 0x80013D44 (0x00000213) addi tp, zero, 0
x4 <- 0x00000000


mem[X,0x80013D48] -> 0x006F
mem[X,0x80013D4A] -> 0x00C0
[2402] [M]: 0x80013D48 (0x00C0006F) jal zero, 12


mem[X,0x80013D54] -> 0x6063
mem[X,0x80013D56] -> 0x02B5
[2403] [M]: 0x80013D54 (0x02B56063) bltu a0, a1, 32


mem[X,0x80013D58] -> 0x0213
mem[X,0x80013D5A] -> 0x0022
[2404] [M]: 0x80013D58 (0x00220213) addi tp, tp, 2
x4 <- 0x00000002


mem[X,0x80013D5C] -> 0x006F
mem[X,0x80013D5E] -> 0x0200
[2405] [M]: 0x80013D5C (0x0200006F) jal zero, 32


mem[X,0x80013D7C] -> 0xAC23
mem[X,0x80013D7E] -> 0x3840
[2406] [M]: 0x80013D7C (0x3840AC23) sw tp, 920(ra)
mem[0x8004C50C] <- 0x00000002


mem[X,0x80013D80] -> 0xB537
mem[X,0x80013D82] -> 0x0000
[2407] [M]: 0x80013D80 (0x0000B537) lui a0, 11
x10 <- 0x0000B000


mem[X,0x80013D84] -> 0x0513
mem[X,0x80013D86] -> 0x5045
[2408] [M]: 0x80013D84 (0x50450513) addi a0, a0, 1284
x10 <- 0x0000B504


mem[X,0x80013D88] -> 0x35B7
mem[X,0x80013D8A] -> 0x3333
[2409] [M]: 0x80013D88 (0x333335B7) lui a1, 209715
x11 <- 0x33333000


mem[X,0x80013D8C] -> 0x8593
mem[X,0x80013D8E] -> 0x3335
[2410] [M]: 0x80013D8C (0x33358593) addi a1, a1, 819
x11 <- 0x33333333


mem[X,0x80013D90] -> 0x0213
mem[X,0x80013D92] -> 0x0000
[2411] [M]: 0x80013D90 (0x00000213) addi tp, zero, 0
x4 <- 0x00000000


mem[X,0x80013D94] -> 0x006F
mem[X,0x80013D96] -> 0x0140
[2412] [M]: 0x80013D94 (0x0140006F) jal zero, 20


mem[X,0x80013DA8] -> 0x68E3
mem[X,0x80013DAA] -> 0xFEB5
[2413] [M]: 0x80013DA8 (0xFEB568E3) bltu a0, a1, 8176


mem[X,0x80013D98] -> 0x0213
mem[X,0x80013D9A] -> 0x0012
[2414] [M]: 0x80013D98 (0x00120213) addi tp, tp, 1
x4 <- 0x00000001


mem[X,0x80013D9C] -> 0x006F
mem[X,0x80013D9E] -> 0x0200
[2415] [M]: 0x80013D9C (0x0200006F) jal zero, 32


mem[X,0x80013DBC] -> 0xAE23
mem[X,0x80013DBE] -> 0x3840
[2416] [M]: 0x80013DBC (0x3840AE23) sw tp, 924(ra)
mem[0x8004C510] <- 0x00000001


mem[X,0x80013DC0] -> 0xB537
mem[X,0x80013DC2] -> 0x0000
[2417] [M]: 0x80013DC0 (0x0000B537) lui a0, 11
x10 <- 0x0000B000


mem[X,0x80013DC4] -> 0x0513
mem[X,0x80013DC6] -> 0x5045
[2418] [M]: 0x80013DC4 (0x50450513) addi a0, a0, 1284
x10 <- 0x0000B504


mem[X,0x80013DC8] -> 0x65B7
mem[X,0x80013DCA] -> 0x6666
[2419] [M]: 0x80013DC8 (0x666665B7) lui a1, 419430
x11 <- 0x66666000


mem[X,0x80013DCC] -> 0x8593
mem[X,0x80013DCE] -> 0x6665
[2420] [M]: 0x80013DCC (0x66658593) addi a1, a1, 1638
x11 <- 0x66666666


mem[X,0x80013DD0] -> 0x0213
mem[X,0x80013DD2] -> 0x0000
[2421] [M]: 0x80013DD0 (0x00000213) addi tp, zero, 0
x4 <- 0x00000000


mem[X,0x80013DD4] -> 0x006F
mem[X,0x80013DD6] -> 0x00C0
[2422] [M]: 0x80013DD4 (0x00C0006F) jal zero, 12


mem[X,0x80013DE0] -> 0x6863
mem[X,0x80013DE2] -> 0x00B5
[2423] [M]: 0x80013DE0 (0x00B56863) bltu a0, a1, 16


mem[X,0x80013DF0] -> 0x0213
mem[X,0x80013DF2] -> 0x0032
[2424] [M]: 0x80013DF0 (0x00320213) addi tp, tp, 3
x4 <- 0x00000003


mem[X,0x80013DF4] -> 0x006F
mem[X,0x80013DF6] -> 0x0040
[2425] [M]: 0x80013DF4 (0x0040006F) jal zero, 4


mem[X,0x80013DF8] -> 0xA023
mem[X,0x80013DFA] -> 0x3A40
[2426] [M]: 0x80013DF8 (0x3A40A023) sw tp, 928(ra)
mem[0x8004C514] <- 0x00000003


mem[X,0x80013DFC] -> 0xB537
mem[X,0x80013DFE] -> 0x0000
[2427] [M]: 0x80013DFC (0x0000B537) lui a0, 11
x10 <- 0x0000B000


mem[X,0x80013E00] -> 0x0513
mem[X,0x80013E02] -> 0x5045
[2428] [M]: 0x80013E00 (0x50450513) addi a0, a0, 1284
x10 <- 0x0000B504


mem[X,0x80013E04] -> 0xB5B7
mem[X,0x80013E06] -> 0x0000
[2429] [M]: 0x80013E04 (0x0000B5B7) lui a1, 11
x11 <- 0x0000B000


mem[X,0x80013E08] -> 0x8593
mem[X,0x80013E0A] -> 0x5045
[2430] [M]: 0x80013E08 (0x50458593) addi a1, a1, 1284
x11 <- 0x0000B504


mem[X,0x80013E0C] -> 0x0213
mem[X,0x80013E0E] -> 0x0000
[2431] [M]: 0x80013E0C (0x00000213) addi tp, zero, 0
x4 <- 0x00000000


mem[X,0x80013E10] -> 0x006F
mem[X,0x80013E12] -> 0x00C0
[2432] [M]: 0x80013E10 (0x00C0006F) jal zero, 12


mem[X,0x80013E1C] -> 0x6063
mem[X,0x80013E1E] -> 0x08B5
[2433] [M]: 0x80013E1C (0x08B56063) bltu a0, a1, 128


mem[X,0x80013E20] -> 0x0213
mem[X,0x80013E22] -> 0x0022
[2434] [M]: 0x80013E20 (0x00220213) addi tp, tp, 2
x4 <- 0x00000002


mem[X,0x80013E24] -> 0x006F
mem[X,0x80013E26] -> 0x0800
[2435] [M]: 0x80013E24 (0x0800006F) jal zero, 128


mem[X,0x80013EA4] -> 0xA223
mem[X,0x80013EA6] -> 0x3A40
[2436] [M]: 0x80013EA4 (0x3A40A223) sw tp, 932(ra)
mem[0x8004C518] <- 0x00000002


mem[X,0x80013EA8] -> 0xB537
mem[X,0x80013EAA] -> 0x0000
[2437] [M]: 0x80013EA8 (0x0000B537) lui a0, 11
x10 <- 0x0000B000


mem[X,0x80013EAC] -> 0x0513
mem[X,0x80013EAE] -> 0x5045
[2438] [M]: 0x80013EAC (0x50450513) addi a0, a0, 1284
x10 <- 0x0000B504


mem[X,0x80013EB0] -> 0x0593
mem[X,0x80013EB2] -> 0x0000
[2439] [M]: 0x80013EB0 (0x00000593) addi a1, zero, 0
x11 <- 0x00000000


mem[X,0x80013EB4] -> 0x0213
mem[X,0x80013EB6] -> 0x0000
[2440] [M]: 0x80013EB4 (0x00000213) addi tp, zero, 0
x4 <- 0x00000000


mem[X,0x80013EB8] -> 0x006F
mem[X,0x80013EBA] -> 0x00C0
[2441] [M]: 0x80013EB8 (0x00C0006F) jal zero, 12


mem[X,0x80013EC4] -> 0x6663
mem[X,0x80013EC6] -> 0x00B5
[2442] [M]: 0x80013EC4 (0x00B56663) bltu a0, a1, 12


mem[X,0x80013EC8] -> 0x0213
mem[X,0x80013ECA] -> 0x0022
[2443] [M]: 0x80013EC8 (0x00220213) addi tp, tp, 2
x4 <- 0x00000002


mem[X,0x80013ECC] -> 0x006F
mem[X,0x80013ECE] -> 0x00C0
[2444] [M]: 0x80013ECC (0x00C0006F) jal zero, 12


mem[X,0x80013ED8] -> 0xA423
mem[X,0x80013EDA] -> 0x3A40
[2445] [M]: 0x80013ED8 (0x3A40A423) sw tp, 936(ra)
mem[0x8004C51C] <- 0x00000002


mem[X,0x80013EDC] -> 0xB537
mem[X,0x80013EDE] -> 0x0000
[2446] [M]: 0x80013EDC (0x0000B537) lui a0, 11
x10 <- 0x0000B000


mem[X,0x80013EE0] -> 0x0513
mem[X,0x80013EE2] -> 0x5045
[2447] [M]: 0x80013EE0 (0x50450513) addi a0, a0, 1284
x10 <- 0x0000B504


mem[X,0x80013EE4] -> 0x05B7
mem[X,0x80013EE6] -> 0x0001
[2448] [M]: 0x80013EE4 (0x000105B7) lui a1, 16
x11 <- 0x00010000


mem[X,0x80013EE8] -> 0x8593
mem[X,0x80013EEA] -> 0xFFF5
[2449] [M]: 0x80013EE8 (0xFFF58593) addi a1, a1, 4095
x11 <- 0x0000FFFF


mem[X,0x80013EEC] -> 0x0213
mem[X,0x80013EEE] -> 0x0000
[2450] [M]: 0x80013EEC (0x00000213) addi tp, zero, 0
x4 <- 0x00000000


mem[X,0x80013EF0] -> 0x006F
mem[X,0x80013EF2] -> 0x00C0
[2451] [M]: 0x80013EF0 (0x00C0006F) jal zero, 12


mem[X,0x80013EFC] -> 0x6CE3
mem[X,0x80013EFE] -> 0xFEB5
[2452] [M]: 0x80013EFC (0xFEB56CE3) bltu a0, a1, 8184


mem[X,0x80013EF4] -> 0x0213
mem[X,0x80013EF6] -> 0x0012
[2453] [M]: 0x80013EF4 (0x00120213) addi tp, tp, 1
x4 <- 0x00000001


mem[X,0x80013EF8] -> 0x006F
mem[X,0x80013EFA] -> 0x0180
[2454] [M]: 0x80013EF8 (0x0180006F) jal zero, 24


mem[X,0x80013F10] -> 0xA623
mem[X,0x80013F12] -> 0x3A40
[2455] [M]: 0x80013F10 (0x3A40A623) sw tp, 940(ra)
mem[0x8004C520] <- 0x00000001


mem[X,0x80013F14] -> 0xB537
mem[X,0x80013F16] -> 0x0000
[2456] [M]: 0x80013F14 (0x0000B537) lui a0, 11
x10 <- 0x0000B000


mem[X,0x80013F18] -> 0x0513
mem[X,0x80013F1A] -> 0x5045
[2457] [M]: 0x80013F18 (0x50450513) addi a0, a0, 1284
x10 <- 0x0000B504


mem[X,0x80013F1C] -> 0x0593
mem[X,0x80013F1E] -> 0x0020
[2458] [M]: 0x80013F1C (0x00200593) addi a1, zero, 2
x11 <- 0x00000002


mem[X,0x80013F20] -> 0x0213
mem[X,0x80013F22] -> 0x0000
[2459] [M]: 0x80013F20 (0x00000213) addi tp, zero, 0
x4 <- 0x00000000


mem[X,0x80013F24] -> 0x006F
mem[X,0x80013F26] -> 0x0050
[2460] [M]: 0x80013F24 (0x0050006F) jal zero, 2052


mem[X,0x80014728] -> 0x60E3
mem[X,0x8001472A] -> 0x80B5
[2461] [M]: 0x80014728 (0x80B560E3) bltu a0, a1, 6144


mem[X,0x8001472C] -> 0x0213
mem[X,0x8001472E] -> 0x0022
[2462] [M]: 0x8001472C (0x00220213) addi tp, tp, 2
x4 <- 0x00000002


mem[X,0x80014730] -> 0x006F
mem[X,0x80014732] -> 0x00C0
[2463] [M]: 0x80014730 (0x00C0006F) jal zero, 12


mem[X,0x8001473C] -> 0xA823
mem[X,0x8001473E] -> 0x3A40
[2464] [M]: 0x8001473C (0x3A40A823) sw tp, 944(ra)
mem[0x8004C524] <- 0x00000002


mem[X,0x80014740] -> 0xB537
mem[X,0x80014742] -> 0x0000
[2465] [M]: 0x80014740 (0x0000B537) lui a0, 11
x10 <- 0x0000B000


mem[X,0x80014744] -> 0x0513
mem[X,0x80014746] -> 0x5045
[2466] [M]: 0x80014744 (0x50450513) addi a0, a0, 1284
x10 <- 0x0000B504


mem[X,0x80014748] -> 0x55B7
mem[X,0x8001474A] -> 0x5555
[2467] [M]: 0x80014748 (0x555555B7) lui a1, 349525
x11 <- 0x55555000


mem[X,0x8001474C] -> 0x8593
mem[X,0x8001474E] -> 0x5545
[2468] [M]: 0x8001474C (0x55458593) addi a1, a1, 1364
x11 <- 0x55555554


mem[X,0x80014750] -> 0x0213
mem[X,0x80014752] -> 0x0000
[2469] [M]: 0x80014750 (0x00000213) addi tp, zero, 0
x4 <- 0x00000000


mem[X,0x80014754] -> 0x006F
mem[X,0x80014756] -> 0x2B10
[2470] [M]: 0x80014754 (0x2B10006F) jal zero, 2736


mem[X,0x80015204] -> 0x6A63
mem[X,0x80015206] -> 0xD4B5
[2471] [M]: 0x80015204 (0xD4B56A63) bltu a0, a1, 5460


mem[X,0x80014758] -> 0x0213
mem[X,0x8001475A] -> 0x0012
[2472] [M]: 0x80014758 (0x00120213) addi tp, tp, 1
x4 <- 0x00000001


mem[X,0x8001475C] -> 0x006F
mem[X,0x8001475E] -> 0x2BD0
[2473] [M]: 0x8001475C (0x2BD0006F) jal zero, 2748


mem[X,0x80015218] -> 0xAA23
mem[X,0x8001521A] -> 0x3A40
[2474] [M]: 0x80015218 (0x3A40AA23) sw tp, 948(ra)
mem[0x8004C528] <- 0x00000001


mem[X,0x8001521C] -> 0xB537
mem[X,0x8001521E] -> 0x0000
[2475] [M]: 0x8001521C (0x0000B537) lui a0, 11
x10 <- 0x0000B000


mem[X,0x80015220] -> 0x0513
mem[X,0x80015222] -> 0x5045
[2476] [M]: 0x80015220 (0x50450513) addi a0, a0, 1284
x10 <- 0x0000B504


mem[X,0x80015224] -> 0xB5B7
mem[X,0x80015226] -> 0xAAAA
[2477] [M]: 0x80015224 (0xAAAAB5B7) lui a1, 699051
x11 <- 0xAAAAB000


mem[X,0x80015228] -> 0x8593
mem[X,0x8001522A] -> 0xAA95
[2478] [M]: 0x80015228 (0xAA958593) addi a1, a1, 2729
x11 <- 0xAAAAAAA9


mem[X,0x8001522C] -> 0x0213
mem[X,0x8001522E] -> 0x0000
[2479] [M]: 0x8001522C (0x00000213) addi tp, zero, 0
x4 <- 0x00000000


mem[X,0x80015230] -> 0x006F
mem[X,0x80015232] -> 0x00C0
[2480] [M]: 0x80015230 (0x00C0006F) jal zero, 12


mem[X,0x8001523C] -> 0x6863
mem[X,0x8001523E] -> 0x00B5
[2481] [M]: 0x8001523C (0x00B56863) bltu a0, a1, 16


mem[X,0x8001524C] -> 0x0213
mem[X,0x8001524E] -> 0x0032
[2482] [M]: 0x8001524C (0x00320213) addi tp, tp, 3
x4 <- 0x00000003


mem[X,0x80015250] -> 0x006F
mem[X,0x80015252] -> 0x0040
[2483] [M]: 0x80015250 (0x0040006F) jal zero, 4


mem[X,0x80015254] -> 0xAC23
mem[X,0x80015256] -> 0x3A40
[2484] [M]: 0x80015254 (0x3A40AC23) sw tp, 952(ra)
mem[0x8004C52C] <- 0x00000003


mem[X,0x80015258] -> 0xB537
mem[X,0x8001525A] -> 0x0000
[2485] [M]: 0x80015258 (0x0000B537) lui a0, 11
x10 <- 0x0000B000


mem[X,0x8001525C] -> 0x0513
mem[X,0x8001525E] -> 0x5045
[2486] [M]: 0x8001525C (0x50450513) addi a0, a0, 1284
x10 <- 0x0000B504


mem[X,0x80015260] -> 0x0593
mem[X,0x80015262] -> 0x0040
[2487] [M]: 0x80015260 (0x00400593) addi a1, zero, 4
x11 <- 0x00000004


mem[X,0x80015264] -> 0x0213
mem[X,0x80015266] -> 0x0000
[2488] [M]: 0x80015264 (0x00000213) addi tp, zero, 0
x4 <- 0x00000000


mem[X,0x80015268] -> 0x006F
mem[X,0x8001526A] -> 0x0180
[2489] [M]: 0x80015268 (0x0180006F) jal zero, 24


mem[X,0x80015280] -> 0x66E3
mem[X,0x80015282] -> 0xFEB5
[2490] [M]: 0x80015280 (0xFEB566E3) bltu a0, a1, 8172


mem[X,0x80015284] -> 0x0213
mem[X,0x80015286] -> 0x0022
[2491] [M]: 0x80015284 (0x00220213) addi tp, tp, 2
x4 <- 0x00000002


mem[X,0x80015288] -> 0x006F
mem[X,0x8001528A] -> 0x00C0
[2492] [M]: 0x80015288 (0x00C0006F) jal zero, 12


mem[X,0x80015294] -> 0xAE23
mem[X,0x80015296] -> 0x3A40
[2493] [M]: 0x80015294 (0x3A40AE23) sw tp, 956(ra)
mem[0x8004C530] <- 0x00000002


mem[X,0x80015298] -> 0xB537
mem[X,0x8001529A] -> 0x0000
[2494] [M]: 0x80015298 (0x0000B537) lui a0, 11
x10 <- 0x0000B000


mem[X,0x8001529C] -> 0x0513
mem[X,0x8001529E] -> 0x5045
[2495] [M]: 0x8001529C (0x50450513) addi a0, a0, 1284
x10 <- 0x0000B504


mem[X,0x800152A0] -> 0x35B7
mem[X,0x800152A2] -> 0x3333
[2496] [M]: 0x800152A0 (0x333335B7) lui a1, 209715
x11 <- 0x33333000


mem[X,0x800152A4] -> 0x8593
mem[X,0x800152A6] -> 0x3325
[2497] [M]: 0x800152A4 (0x33258593) addi a1, a1, 818
x11 <- 0x33333332


mem[X,0x800152A8] -> 0x0213
mem[X,0x800152AA] -> 0x0000
[2498] [M]: 0x800152A8 (0x00000213) addi tp, zero, 0
x4 <- 0x00000000


mem[X,0x800152AC] -> 0x006F
mem[X,0x800152AE] -> 0x00C0
[2499] [M]: 0x800152AC (0x00C0006F) jal zero, 12


clint::tick mtime <- 0x0000000000000019
 clint timer pending at mtime 0x0000000000000019
htif::tick 0x0000000000000000
mem[X,0x800152B8] -> 0x6663
mem[X,0x800152BA] -> 0x00B5
[2500] [M]: 0x800152B8 (0x00B56663) bltu a0, a1, 12


mem[X,0x800152C4] -> 0x0213
mem[X,0x800152C6] -> 0x0032
[2501] [M]: 0x800152C4 (0x00320213) addi tp, tp, 3
x4 <- 0x00000003


mem[X,0x800152C8] -> 0x006F
mem[X,0x800152CA] -> 0x0040
[2502] [M]: 0x800152C8 (0x0040006F) jal zero, 4


mem[X,0x800152CC] -> 0xA023
mem[X,0x800152CE] -> 0x3C40
[2503] [M]: 0x800152CC (0x3C40A023) sw tp, 960(ra)
mem[0x8004C534] <- 0x00000003


mem[X,0x800152D0] -> 0xB537
mem[X,0x800152D2] -> 0x0000
[2504] [M]: 0x800152D0 (0x0000B537) lui a0, 11
x10 <- 0x0000B000


mem[X,0x800152D4] -> 0x0513
mem[X,0x800152D6] -> 0x5045
[2505] [M]: 0x800152D4 (0x50450513) addi a0, a0, 1284
x10 <- 0x0000B504


mem[X,0x800152D8] -> 0x65B7
mem[X,0x800152DA] -> 0x6666
[2506] [M]: 0x800152D8 (0x666665B7) lui a1, 419430
x11 <- 0x66666000


mem[X,0x800152DC] -> 0x8593
mem[X,0x800152DE] -> 0x6655
[2507] [M]: 0x800152DC (0x66558593) addi a1, a1, 1637
x11 <- 0x66666665


mem[X,0x800152E0] -> 0x0213
mem[X,0x800152E2] -> 0x0000
[2508] [M]: 0x800152E0 (0x00000213) addi tp, zero, 0
x4 <- 0x00000000


mem[X,0x800152E4] -> 0x006F
mem[X,0x800152E6] -> 0x00C0
[2509] [M]: 0x800152E4 (0x00C0006F) jal zero, 12


mem[X,0x800152F0] -> 0x6063
mem[X,0x800152F2] -> 0x10B5
[2510] [M]: 0x800152F0 (0x10B56063) bltu a0, a1, 256


mem[X,0x800153F0] -> 0x0213
mem[X,0x800153F2] -> 0x0032
[2511] [M]: 0x800153F0 (0x00320213) addi tp, tp, 3
x4 <- 0x00000003


mem[X,0x800153F4] -> 0x006F
mem[X,0x800153F6] -> 0x0040
[2512] [M]: 0x800153F4 (0x0040006F) jal zero, 4


mem[X,0x800153F8] -> 0xA223
mem[X,0x800153FA] -> 0x3C40
[2513] [M]: 0x800153F8 (0x3C40A223) sw tp, 964(ra)
mem[0x8004C538] <- 0x00000003


mem[X,0x800153FC] -> 0xB537
mem[X,0x800153FE] -> 0x0000
[2514] [M]: 0x800153FC (0x0000B537) lui a0, 11
x10 <- 0x0000B000


mem[X,0x80015400] -> 0x0513
mem[X,0x80015402] -> 0x5045
[2515] [M]: 0x80015400 (0x50450513) addi a0, a0, 1284
x10 <- 0x0000B504


mem[X,0x80015404] -> 0xB5B7
mem[X,0x80015406] -> 0x0000
[2516] [M]: 0x80015404 (0x0000B5B7) lui a1, 11
x11 <- 0x0000B000


mem[X,0x80015408] -> 0x8593
mem[X,0x8001540A] -> 0x5035
[2517] [M]: 0x80015408 (0x50358593) addi a1, a1, 1283
x11 <- 0x0000B503


mem[X,0x8001540C] -> 0x0213
mem[X,0x8001540E] -> 0x0000
[2518] [M]: 0x8001540C (0x00000213) addi tp, zero, 0
x4 <- 0x00000000


mem[X,0x80015410] -> 0x006F
mem[X,0x80015412] -> 0x2B10
[2519] [M]: 0x80015410 (0x2B10006F) jal zero, 2736


mem[X,0x80015EC0] -> 0x6A63
mem[X,0x80015EC2] -> 0xD4B5
[2520] [M]: 0x80015EC0 (0xD4B56A63) bltu a0, a1, 5460


mem[X,0x80015EC4] -> 0x0213
mem[X,0x80015EC6] -> 0x0022
[2521] [M]: 0x80015EC4 (0x00220213) addi tp, tp, 2
x4 <- 0x00000002


mem[X,0x80015EC8] -> 0x006F
mem[X,0x80015ECA] -> 0x00C0
[2522] [M]: 0x80015EC8 (0x00C0006F) jal zero, 12


mem[X,0x80015ED4] -> 0xA423
mem[X,0x80015ED6] -> 0x3C40
[2523] [M]: 0x80015ED4 (0x3C40A423) sw tp, 968(ra)
mem[0x8004C53C] <- 0x00000002


mem[X,0x80015ED8] -> 0xB537
mem[X,0x80015EDA] -> 0x0000
[2524] [M]: 0x80015ED8 (0x0000B537) lui a0, 11
x10 <- 0x0000B000


mem[X,0x80015EDC] -> 0x0513
mem[X,0x80015EDE] -> 0x5045
[2525] [M]: 0x80015EDC (0x50450513) addi a0, a0, 1284
x10 <- 0x0000B504


mem[X,0x80015EE0] -> 0x05B7
mem[X,0x80015EE2] -> 0x0001
[2526] [M]: 0x80015EE0 (0x000105B7) lui a1, 16
x11 <- 0x00010000


mem[X,0x80015EE4] -> 0x8593
mem[X,0x80015EE6] -> 0xFFE5
[2527] [M]: 0x80015EE4 (0xFFE58593) addi a1, a1, 4094
x11 <- 0x0000FFFE


mem[X,0x80015EE8] -> 0x0213
mem[X,0x80015EEA] -> 0x0000
[2528] [M]: 0x80015EE8 (0x00000213) addi tp, zero, 0
x4 <- 0x00000000


mem[X,0x80015EEC] -> 0x006F
mem[X,0x80015EEE] -> 0x0050
[2529] [M]: 0x80015EEC (0x0050006F) jal zero, 2052


mem[X,0x800166F0] -> 0x60E3
mem[X,0x800166F2] -> 0x80B5
[2530] [M]: 0x800166F0 (0x80B560E3) bltu a0, a1, 6144


mem[X,0x80015EF0] -> 0x0213
mem[X,0x80015EF2] -> 0x0012
[2531] [M]: 0x80015EF0 (0x00120213) addi tp, tp, 1
x4 <- 0x00000001


mem[X,0x80015EF4] -> 0x006F
mem[X,0x80015EF6] -> 0x0110
[2532] [M]: 0x80015EF4 (0x0110006F) jal zero, 2064


mem[X,0x80016704] -> 0xA623
mem[X,0x80016706] -> 0x3C40
[2533] [M]: 0x80016704 (0x3C40A623) sw tp, 972(ra)
mem[0x8004C540] <- 0x00000001


mem[X,0x80016708] -> 0xB537
mem[X,0x8001670A] -> 0x0000
[2534] [M]: 0x80016708 (0x0000B537) lui a0, 11
x10 <- 0x0000B000


mem[X,0x8001670C] -> 0x0513
mem[X,0x8001670E] -> 0x5045
[2535] [M]: 0x8001670C (0x50450513) addi a0, a0, 1284
x10 <- 0x0000B504


mem[X,0x80016710] -> 0x55B7
mem[X,0x80016712] -> 0x5555
[2536] [M]: 0x80016710 (0x555555B7) lui a1, 349525
x11 <- 0x55555000


mem[X,0x80016714] -> 0x8593
mem[X,0x80016716] -> 0x5565
[2537] [M]: 0x80016714 (0x55658593) addi a1, a1, 1366
x11 <- 0x55555556


mem[X,0x80016718] -> 0x0213
mem[X,0x8001671A] -> 0x0000
[2538] [M]: 0x80016718 (0x00000213) addi tp, zero, 0
x4 <- 0x00000000


mem[X,0x8001671C] -> 0x006F
mem[X,0x8001671E] -> 0x00C0
[2539] [M]: 0x8001671C (0x00C0006F) jal zero, 12


mem[X,0x80016728] -> 0x6063
mem[X,0x8001672A] -> 0x10B5
[2540] [M]: 0x80016728 (0x10B56063) bltu a0, a1, 256


mem[X,0x80016828] -> 0x0213
mem[X,0x8001682A] -> 0x0032
[2541] [M]: 0x80016828 (0x00320213) addi tp, tp, 3
x4 <- 0x00000003


mem[X,0x8001682C] -> 0x006F
mem[X,0x8001682E] -> 0x0040
[2542] [M]: 0x8001682C (0x0040006F) jal zero, 4


mem[X,0x80016830] -> 0xA823
mem[X,0x80016832] -> 0x3C40
[2543] [M]: 0x80016830 (0x3C40A823) sw tp, 976(ra)
mem[0x8004C544] <- 0x00000003


mem[X,0x80016834] -> 0xB537
mem[X,0x80016836] -> 0x0000
[2544] [M]: 0x80016834 (0x0000B537) lui a0, 11
x10 <- 0x0000B000


mem[X,0x80016838] -> 0x0513
mem[X,0x8001683A] -> 0x5045
[2545] [M]: 0x80016838 (0x50450513) addi a0, a0, 1284
x10 <- 0x0000B504


mem[X,0x8001683C] -> 0xB5B7
mem[X,0x8001683E] -> 0xAAAA
[2546] [M]: 0x8001683C (0xAAAAB5B7) lui a1, 699051
x11 <- 0xAAAAB000


mem[X,0x80016840] -> 0x8593
mem[X,0x80016842] -> 0xAAB5
[2547] [M]: 0x80016840 (0xAAB58593) addi a1, a1, 2731
x11 <- 0xAAAAAAAB


mem[X,0x80016844] -> 0x0213
mem[X,0x80016846] -> 0x0000
[2548] [M]: 0x80016844 (0x00000213) addi tp, zero, 0
x4 <- 0x00000000


mem[X,0x80016848] -> 0x006F
mem[X,0x8001684A] -> 0x00C0
[2549] [M]: 0x80016848 (0x00C0006F) jal zero, 12


mem[X,0x80016854] -> 0x6063
mem[X,0x80016856] -> 0x08B5
[2550] [M]: 0x80016854 (0x08B56063) bltu a0, a1, 128


mem[X,0x800168D4] -> 0x0213
mem[X,0x800168D6] -> 0x0032
[2551] [M]: 0x800168D4 (0x00320213) addi tp, tp, 3
x4 <- 0x00000003


mem[X,0x800168D8] -> 0x006F
mem[X,0x800168DA] -> 0x0040
[2552] [M]: 0x800168D8 (0x0040006F) jal zero, 4


mem[X,0x800168DC] -> 0xAA23
mem[X,0x800168DE] -> 0x3C40
[2553] [M]: 0x800168DC (0x3C40AA23) sw tp, 980(ra)
mem[0x8004C548] <- 0x00000003


mem[X,0x800168E0] -> 0xB537
mem[X,0x800168E2] -> 0x0000
[2554] [M]: 0x800168E0 (0x0000B537) lui a0, 11
x10 <- 0x0000B000


mem[X,0x800168E4] -> 0x0513
mem[X,0x800168E6] -> 0x5045
[2555] [M]: 0x800168E4 (0x50450513) addi a0, a0, 1284
x10 <- 0x0000B504


mem[X,0x800168E8] -> 0x0593
mem[X,0x800168EA] -> 0x0060
[2556] [M]: 0x800168E8 (0x00600593) addi a1, zero, 6
x11 <- 0x00000006


mem[X,0x800168EC] -> 0x0213
mem[X,0x800168EE] -> 0x0000
[2557] [M]: 0x800168EC (0x00000213) addi tp, zero, 0
x4 <- 0x00000000


mem[X,0x800168F0] -> 0x006F
mem[X,0x800168F2] -> 0x0050
[2558] [M]: 0x800168F0 (0x0050006F) jal zero, 2052


mem[X,0x800170F4] -> 0x60E3
mem[X,0x800170F6] -> 0x80B5
[2559] [M]: 0x800170F4 (0x80B560E3) bltu a0, a1, 6144


mem[X,0x800170F8] -> 0x0213
mem[X,0x800170FA] -> 0x0022
[2560] [M]: 0x800170F8 (0x00220213) addi tp, tp, 2
x4 <- 0x00000002


mem[X,0x800170FC] -> 0x006F
mem[X,0x800170FE] -> 0x00C0
[2561] [M]: 0x800170FC (0x00C0006F) jal zero, 12


mem[X,0x80017108] -> 0xAC23
mem[X,0x8001710A] -> 0x3C40
[2562] [M]: 0x80017108 (0x3C40AC23) sw tp, 984(ra)
mem[0x8004C54C] <- 0x00000002


mem[X,0x8001710C] -> 0xB537
mem[X,0x8001710E] -> 0x0000
[2563] [M]: 0x8001710C (0x0000B537) lui a0, 11
x10 <- 0x0000B000


mem[X,0x80017110] -> 0x0513
mem[X,0x80017112] -> 0x5045
[2564] [M]: 0x80017110 (0x50450513) addi a0, a0, 1284
x10 <- 0x0000B504


mem[X,0x80017114] -> 0x35B7
mem[X,0x80017116] -> 0x3333
[2565] [M]: 0x80017114 (0x333335B7) lui a1, 209715
x11 <- 0x33333000


mem[X,0x80017118] -> 0x8593
mem[X,0x8001711A] -> 0x3345
[2566] [M]: 0x80017118 (0x33458593) addi a1, a1, 820
x11 <- 0x33333334


mem[X,0x8001711C] -> 0x0213
mem[X,0x8001711E] -> 0x0000
[2567] [M]: 0x8001711C (0x00000213) addi tp, zero, 0
x4 <- 0x00000000


mem[X,0x80017120] -> 0x006F
mem[X,0x80017122] -> 0x00C0
[2568] [M]: 0x80017120 (0x00C0006F) jal zero, 12


mem[X,0x8001712C] -> 0x6CE3
mem[X,0x8001712E] -> 0xFEB5
[2569] [M]: 0x8001712C (0xFEB56CE3) bltu a0, a1, 8184


mem[X,0x80017124] -> 0x0213
mem[X,0x80017126] -> 0x0012
[2570] [M]: 0x80017124 (0x00120213) addi tp, tp, 1
x4 <- 0x00000001


mem[X,0x80017128] -> 0x006F
mem[X,0x8001712A] -> 0x0180
[2571] [M]: 0x80017128 (0x0180006F) jal zero, 24


mem[X,0x80017140] -> 0xAE23
mem[X,0x80017142] -> 0x3C40
[2572] [M]: 0x80017140 (0x3C40AE23) sw tp, 988(ra)
mem[0x8004C550] <- 0x00000001


mem[X,0x80017144] -> 0xB537
mem[X,0x80017146] -> 0x0000
[2573] [M]: 0x80017144 (0x0000B537) lui a0, 11
x10 <- 0x0000B000


mem[X,0x80017148] -> 0x0513
mem[X,0x8001714A] -> 0x5045
[2574] [M]: 0x80017148 (0x50450513) addi a0, a0, 1284
x10 <- 0x0000B504


mem[X,0x8001714C] -> 0x65B7
mem[X,0x8001714E] -> 0x6666
[2575] [M]: 0x8001714C (0x666665B7) lui a1, 419430
x11 <- 0x66666000


mem[X,0x80017150] -> 0x8593
mem[X,0x80017152] -> 0x6675
[2576] [M]: 0x80017150 (0x66758593) addi a1, a1, 1639
x11 <- 0x66666667


mem[X,0x80017154] -> 0x0213
mem[X,0x80017156] -> 0x0000
[2577] [M]: 0x80017154 (0x00000213) addi tp, zero, 0
x4 <- 0x00000000


mem[X,0x80017158] -> 0x006F
mem[X,0x8001715A] -> 0x0100
[2578] [M]: 0x80017158 (0x0100006F) jal zero, 16


mem[X,0x80017168] -> 0x6AE3
mem[X,0x8001716A] -> 0xFEB5
[2579] [M]: 0x80017168 (0xFEB56AE3) bltu a0, a1, 8180


mem[X,0x8001715C] -> 0x0213
mem[X,0x8001715E] -> 0x0012
[2580] [M]: 0x8001715C (0x00120213) addi tp, tp, 1
x4 <- 0x00000001


mem[X,0x80017160] -> 0x006F
mem[X,0x80017162] -> 0x01C0
[2581] [M]: 0x80017160 (0x01C0006F) jal zero, 28


mem[X,0x8001717C] -> 0xA023
mem[X,0x8001717E] -> 0x3E40
[2582] [M]: 0x8001717C (0x3E40A023) sw tp, 992(ra)
mem[0x8004C554] <- 0x00000001


mem[X,0x80017180] -> 0xB537
mem[X,0x80017182] -> 0x0000
[2583] [M]: 0x80017180 (0x0000B537) lui a0, 11
x10 <- 0x0000B000


mem[X,0x80017184] -> 0x0513
mem[X,0x80017186] -> 0x5045
[2584] [M]: 0x80017184 (0x50450513) addi a0, a0, 1284
x10 <- 0x0000B504


mem[X,0x80017188] -> 0xB5B7
mem[X,0x8001718A] -> 0x0000
[2585] [M]: 0x80017188 (0x0000B5B7) lui a1, 11
x11 <- 0x0000B000


mem[X,0x8001718C] -> 0x8593
mem[X,0x8001718E] -> 0x5055
[2586] [M]: 0x8001718C (0x50558593) addi a1, a1, 1285
x11 <- 0x0000B505


mem[X,0x80017190] -> 0x0213
mem[X,0x80017192] -> 0x0000
[2587] [M]: 0x80017190 (0x00000213) addi tp, zero, 0
x4 <- 0x00000000


mem[X,0x80017194] -> 0x006F
mem[X,0x80017196] -> 0x00C0
[2588] [M]: 0x80017194 (0x00C0006F) jal zero, 12


mem[X,0x800171A0] -> 0x6CE3
mem[X,0x800171A2] -> 0xFEB5
[2589] [M]: 0x800171A0 (0xFEB56CE3) bltu a0, a1, 8184


mem[X,0x80017198] -> 0x0213
mem[X,0x8001719A] -> 0x0012
[2590] [M]: 0x80017198 (0x00120213) addi tp, tp, 1
x4 <- 0x00000001


mem[X,0x8001719C] -> 0x006F
mem[X,0x8001719E] -> 0x0180
[2591] [M]: 0x8001719C (0x0180006F) jal zero, 24


mem[X,0x800171B4] -> 0xA223
mem[X,0x800171B6] -> 0x3E40
[2592] [M]: 0x800171B4 (0x3E40A223) sw tp, 996(ra)
mem[0x8004C558] <- 0x00000001


mem[X,0x800171B8] -> 0xB537
mem[X,0x800171BA] -> 0x0000
[2593] [M]: 0x800171B8 (0x0000B537) lui a0, 11
x10 <- 0x0000B000


mem[X,0x800171BC] -> 0x0513
mem[X,0x800171BE] -> 0x5045
[2594] [M]: 0x800171BC (0x50450513) addi a0, a0, 1284
x10 <- 0x0000B504


mem[X,0x800171C0] -> 0x0593
mem[X,0x800171C2] -> 0x0010
[2595] [M]: 0x800171C0 (0x00100593) addi a1, zero, 1
x11 <- 0x00000001


mem[X,0x800171C4] -> 0x0213
mem[X,0x800171C6] -> 0x0000
[2596] [M]: 0x800171C4 (0x00000213) addi tp, zero, 0
x4 <- 0x00000000


mem[X,0x800171C8] -> 0x006F
mem[X,0x800171CA] -> 0x00C0
[2597] [M]: 0x800171C8 (0x00C0006F) jal zero, 12


mem[X,0x800171D4] -> 0x6063
mem[X,0x800171D6] -> 0x40B5
[2598] [M]: 0x800171D4 (0x40B56063) bltu a0, a1, 1024


mem[X,0x800171D8] -> 0x0213
mem[X,0x800171DA] -> 0x0022
[2599] [M]: 0x800171D8 (0x00220213) addi tp, tp, 2
x4 <- 0x00000002


clint::tick mtime <- 0x000000000000001A
 clint timer pending at mtime 0x000000000000001A
htif::tick 0x0000000000000000
mem[X,0x800171DC] -> 0x006F
mem[X,0x800171DE] -> 0x4000
[2600] [M]: 0x800171DC (0x4000006F) jal zero, 1024


mem[X,0x800175DC] -> 0xA423
mem[X,0x800175DE] -> 0x3E40
[2601] [M]: 0x800175DC (0x3E40A423) sw tp, 1000(ra)
mem[0x8004C55C] <- 0x00000002


mem[X,0x800175E0] -> 0xB537
mem[X,0x800175E2] -> 0x0000
[2602] [M]: 0x800175E0 (0x0000B537) lui a0, 11
x10 <- 0x0000B000


mem[X,0x800175E4] -> 0x0513
mem[X,0x800175E6] -> 0x5045
[2603] [M]: 0x800175E4 (0x50450513) addi a0, a0, 1284
x10 <- 0x0000B504


mem[X,0x800175E8] -> 0x05B7
mem[X,0x800175EA] -> 0x0001
[2604] [M]: 0x800175E8 (0x000105B7) lui a1, 16
x11 <- 0x00010000


mem[X,0x800175EC] -> 0x0213
mem[X,0x800175EE] -> 0x0000
[2605] [M]: 0x800175EC (0x00000213) addi tp, zero, 0
x4 <- 0x00000000


mem[X,0x800175F0] -> 0x006F
mem[X,0x800175F2] -> 0x00C0
[2606] [M]: 0x800175F0 (0x00C0006F) jal zero, 12


mem[X,0x800175FC] -> 0x6063
mem[X,0x800175FE] -> 0x04B5
[2607] [M]: 0x800175FC (0x04B56063) bltu a0, a1, 64


mem[X,0x8001763C] -> 0x0213
mem[X,0x8001763E] -> 0x0032
[2608] [M]: 0x8001763C (0x00320213) addi tp, tp, 3
x4 <- 0x00000003


mem[X,0x80017640] -> 0x006F
mem[X,0x80017642] -> 0x0040
[2609] [M]: 0x80017640 (0x0040006F) jal zero, 4


mem[X,0x80017644] -> 0xA623
mem[X,0x80017646] -> 0x3E40
[2610] [M]: 0x80017644 (0x3E40A623) sw tp, 1004(ra)
mem[0x8004C560] <- 0x00000003


mem[X,0x80017648] -> 0x0513
mem[X,0x8001764A] -> 0x0000
[2611] [M]: 0x80017648 (0x00000513) addi a0, zero, 0
x10 <- 0x00000000


mem[X,0x8001764C] -> 0x0593
mem[X,0x8001764E] -> 0x0030
[2612] [M]: 0x8001764C (0x00300593) addi a1, zero, 3
x11 <- 0x00000003


mem[X,0x80017650] -> 0x0213
mem[X,0x80017652] -> 0x0000
[2613] [M]: 0x80017650 (0x00000213) addi tp, zero, 0
x4 <- 0x00000000


mem[X,0x80017654] -> 0x006F
mem[X,0x80017656] -> 0x0100
[2614] [M]: 0x80017654 (0x0100006F) jal zero, 16


mem[X,0x80017664] -> 0x6AE3
mem[X,0x80017666] -> 0xFEB5
[2615] [M]: 0x80017664 (0xFEB56AE3) bltu a0, a1, 8180


mem[X,0x80017658] -> 0x0213
mem[X,0x8001765A] -> 0x0012
[2616] [M]: 0x80017658 (0x00120213) addi tp, tp, 1
x4 <- 0x00000001


mem[X,0x8001765C] -> 0x006F
mem[X,0x8001765E] -> 0x01C0
[2617] [M]: 0x8001765C (0x01C0006F) jal zero, 28


mem[X,0x80017678] -> 0xA823
mem[X,0x8001767A] -> 0x3E40
[2618] [M]: 0x80017678 (0x3E40A823) sw tp, 1008(ra)
mem[0x8004C564] <- 0x00000001


mem[X,0x8001767C] -> 0x0513
mem[X,0x8001767E] -> 0x0000
[2619] [M]: 0x8001767C (0x00000513) addi a0, zero, 0
x10 <- 0x00000000


mem[X,0x80017680] -> 0x55B7
mem[X,0x80017682] -> 0x5555
[2620] [M]: 0x80017680 (0x555555B7) lui a1, 349525
x11 <- 0x55555000


mem[X,0x80017684] -> 0x8593
mem[X,0x80017686] -> 0x5555
[2621] [M]: 0x80017684 (0x55558593) addi a1, a1, 1365
x11 <- 0x55555555


mem[X,0x80017688] -> 0x0213
mem[X,0x8001768A] -> 0x0000
[2622] [M]: 0x80017688 (0x00000213) addi tp, zero, 0
x4 <- 0x00000000


mem[X,0x8001768C] -> 0x006F
mem[X,0x8001768E] -> 0x00C0
[2623] [M]: 0x8001768C (0x00C0006F) jal zero, 12


mem[X,0x80017698] -> 0x6CE3
mem[X,0x8001769A] -> 0xFEB5
[2624] [M]: 0x80017698 (0xFEB56CE3) bltu a0, a1, 8184


mem[X,0x80017690] -> 0x0213
mem[X,0x80017692] -> 0x0012
[2625] [M]: 0x80017690 (0x00120213) addi tp, tp, 1
x4 <- 0x00000001


mem[X,0x80017694] -> 0x006F
mem[X,0x80017696] -> 0x0180
[2626] [M]: 0x80017694 (0x0180006F) jal zero, 24


mem[X,0x800176AC] -> 0xAA23
mem[X,0x800176AE] -> 0x3E40
[2627] [M]: 0x800176AC (0x3E40AA23) sw tp, 1012(ra)
mem[0x8004C568] <- 0x00000001


mem[X,0x800176B0] -> 0x0513
mem[X,0x800176B2] -> 0x0000
[2628] [M]: 0x800176B0 (0x00000513) addi a0, zero, 0
x10 <- 0x00000000


mem[X,0x800176B4] -> 0xB5B7
mem[X,0x800176B6] -> 0xAAAA
[2629] [M]: 0x800176B4 (0xAAAAB5B7) lui a1, 699051
x11 <- 0xAAAAB000


mem[X,0x800176B8] -> 0x8593
mem[X,0x800176BA] -> 0xAAA5
[2630] [M]: 0x800176B8 (0xAAA58593) addi a1, a1, 2730
x11 <- 0xAAAAAAAA


mem[X,0x800176BC] -> 0x0213
mem[X,0x800176BE] -> 0x0000
[2631] [M]: 0x800176BC (0x00000213) addi tp, zero, 0
x4 <- 0x00000000


mem[X,0x800176C0] -> 0x006F
mem[X,0x800176C2] -> 0x00C0
[2632] [M]: 0x800176C0 (0x00C0006F) jal zero, 12


mem[X,0x800176CC] -> 0x6663
mem[X,0x800176CE] -> 0x00B5
[2633] [M]: 0x800176CC (0x00B56663) bltu a0, a1, 12


mem[X,0x800176D8] -> 0x0213
mem[X,0x800176DA] -> 0x0032
[2634] [M]: 0x800176D8 (0x00320213) addi tp, tp, 3
x4 <- 0x00000003


mem[X,0x800176DC] -> 0x006F
mem[X,0x800176DE] -> 0x0040
[2635] [M]: 0x800176DC (0x0040006F) jal zero, 4


mem[X,0x800176E0] -> 0xAC23
mem[X,0x800176E2] -> 0x3E40
[2636] [M]: 0x800176E0 (0x3E40AC23) sw tp, 1016(ra)
mem[0x8004C56C] <- 0x00000003


mem[X,0x800176E4] -> 0x0513
mem[X,0x800176E6] -> 0x0000
[2637] [M]: 0x800176E4 (0x00000513) addi a0, zero, 0
x10 <- 0x00000000


mem[X,0x800176E8] -> 0x0593
mem[X,0x800176EA] -> 0x0050
[2638] [M]: 0x800176E8 (0x00500593) addi a1, zero, 5
x11 <- 0x00000005


mem[X,0x800176EC] -> 0x0213
mem[X,0x800176EE] -> 0x0000
[2639] [M]: 0x800176EC (0x00000213) addi tp, zero, 0
x4 <- 0x00000000


mem[X,0x800176F0] -> 0x006F
mem[X,0x800176F2] -> 0x00C0
[2640] [M]: 0x800176F0 (0x00C0006F) jal zero, 12


mem[X,0x800176FC] -> 0x6063
mem[X,0x800176FE] -> 0x04B5
[2641] [M]: 0x800176FC (0x04B56063) bltu a0, a1, 64


mem[X,0x8001773C] -> 0x0213
mem[X,0x8001773E] -> 0x0032
[2642] [M]: 0x8001773C (0x00320213) addi tp, tp, 3
x4 <- 0x00000003


mem[X,0x80017740] -> 0x006F
mem[X,0x80017742] -> 0x0040
[2643] [M]: 0x80017740 (0x0040006F) jal zero, 4


mem[X,0x80017744] -> 0xAE23
mem[X,0x80017746] -> 0x3E40
[2644] [M]: 0x80017744 (0x3E40AE23) sw tp, 1020(ra)
mem[0x8004C570] <- 0x00000003


mem[X,0x80017748] -> 0x0513
mem[X,0x8001774A] -> 0x0000
[2645] [M]: 0x80017748 (0x00000513) addi a0, zero, 0
x10 <- 0x00000000


mem[X,0x8001774C] -> 0x35B7
mem[X,0x8001774E] -> 0x3333
[2646] [M]: 0x8001774C (0x333335B7) lui a1, 209715
x11 <- 0x33333000


mem[X,0x80017750] -> 0x8593
mem[X,0x80017752] -> 0x3335
[2647] [M]: 0x80017750 (0x33358593) addi a1, a1, 819
x11 <- 0x33333333


mem[X,0x80017754] -> 0x0213
mem[X,0x80017756] -> 0x0000
[2648] [M]: 0x80017754 (0x00000213) addi tp, zero, 0
x4 <- 0x00000000


mem[X,0x80017758] -> 0x006F
mem[X,0x8001775A] -> 0x0050
[2649] [M]: 0x80017758 (0x0050006F) jal zero, 2052


mem[X,0x80017F5C] -> 0x60E3
mem[X,0x80017F5E] -> 0x80B5
[2650] [M]: 0x80017F5C (0x80B560E3) bltu a0, a1, 6144


mem[X,0x8001775C] -> 0x0213
mem[X,0x8001775E] -> 0x0012
[2651] [M]: 0x8001775C (0x00120213) addi tp, tp, 1
x4 <- 0x00000001


mem[X,0x80017760] -> 0x006F
mem[X,0x80017762] -> 0x0110
[2652] [M]: 0x80017760 (0x0110006F) jal zero, 2064


mem[X,0x80017F70] -> 0xA023
mem[X,0x80017F72] -> 0x4040
[2653] [M]: 0x80017F70 (0x4040A023) sw tp, 1024(ra)
mem[0x8004C574] <- 0x00000001


mem[X,0x80017F74] -> 0x0513
mem[X,0x80017F76] -> 0x0000
[2654] [M]: 0x80017F74 (0x00000513) addi a0, zero, 0
x10 <- 0x00000000


mem[X,0x80017F78] -> 0x65B7
mem[X,0x80017F7A] -> 0x6666
[2655] [M]: 0x80017F78 (0x666665B7) lui a1, 419430
x11 <- 0x66666000


mem[X,0x80017F7C] -> 0x8593
mem[X,0x80017F7E] -> 0x6665
[2656] [M]: 0x80017F7C (0x66658593) addi a1, a1, 1638
x11 <- 0x66666666


mem[X,0x80017F80] -> 0x0213
mem[X,0x80017F82] -> 0x0000
[2657] [M]: 0x80017F80 (0x00000213) addi tp, zero, 0
x4 <- 0x00000000


mem[X,0x80017F84] -> 0x006F
mem[X,0x80017F86] -> 0x00C0
[2658] [M]: 0x80017F84 (0x00C0006F) jal zero, 12


mem[X,0x80017F90] -> 0x6CE3
mem[X,0x80017F92] -> 0xFEB5
[2659] [M]: 0x80017F90 (0xFEB56CE3) bltu a0, a1, 8184


mem[X,0x80017F88] -> 0x0213
mem[X,0x80017F8A] -> 0x0012
[2660] [M]: 0x80017F88 (0x00120213) addi tp, tp, 1
x4 <- 0x00000001


mem[X,0x80017F8C] -> 0x006F
mem[X,0x80017F8E] -> 0x0180
[2661] [M]: 0x80017F8C (0x0180006F) jal zero, 24


mem[X,0x80017FA4] -> 0xA223
mem[X,0x80017FA6] -> 0x4040
[2662] [M]: 0x80017FA4 (0x4040A223) sw tp, 1028(ra)
mem[0x8004C578] <- 0x00000001


mem[X,0x80017FA8] -> 0x0513
mem[X,0x80017FAA] -> 0x0000
[2663] [M]: 0x80017FA8 (0x00000513) addi a0, zero, 0
x10 <- 0x00000000


mem[X,0x80017FAC] -> 0xB5B7
mem[X,0x80017FAE] -> 0x0000
[2664] [M]: 0x80017FAC (0x0000B5B7) lui a1, 11
x11 <- 0x0000B000


mem[X,0x80017FB0] -> 0x8593
mem[X,0x80017FB2] -> 0x5045
[2665] [M]: 0x80017FB0 (0x50458593) addi a1, a1, 1284
x11 <- 0x0000B504


mem[X,0x80017FB4] -> 0x0213
mem[X,0x80017FB6] -> 0x0000
[2666] [M]: 0x80017FB4 (0x00000213) addi tp, zero, 0
x4 <- 0x00000000


mem[X,0x80017FB8] -> 0x006F
mem[X,0x80017FBA] -> 0x00C0
[2667] [M]: 0x80017FB8 (0x00C0006F) jal zero, 12


mem[X,0x80017FC4] -> 0x6863
mem[X,0x80017FC6] -> 0x00B5
[2668] [M]: 0x80017FC4 (0x00B56863) bltu a0, a1, 16


mem[X,0x80017FD4] -> 0x0213
mem[X,0x80017FD6] -> 0x0032
[2669] [M]: 0x80017FD4 (0x00320213) addi tp, tp, 3
x4 <- 0x00000003


mem[X,0x80017FD8] -> 0x006F
mem[X,0x80017FDA] -> 0x0040
[2670] [M]: 0x80017FD8 (0x0040006F) jal zero, 4


mem[X,0x80017FDC] -> 0xA423
mem[X,0x80017FDE] -> 0x4040
[2671] [M]: 0x80017FDC (0x4040A423) sw tp, 1032(ra)
mem[0x8004C57C] <- 0x00000003


mem[X,0x80017FE0] -> 0x0513
mem[X,0x80017FE2] -> 0x0000
[2672] [M]: 0x80017FE0 (0x00000513) addi a0, zero, 0
x10 <- 0x00000000


mem[X,0x80017FE4] -> 0x0593
mem[X,0x80017FE6] -> 0x0000
[2673] [M]: 0x80017FE4 (0x00000593) addi a1, zero, 0
x11 <- 0x00000000


mem[X,0x80017FE8] -> 0x0213
mem[X,0x80017FEA] -> 0x0000
[2674] [M]: 0x80017FE8 (0x00000213) addi tp, zero, 0
x4 <- 0x00000000


mem[X,0x80017FEC] -> 0x006F
mem[X,0x80017FEE] -> 0x00C0
[2675] [M]: 0x80017FEC (0x00C0006F) jal zero, 12


mem[X,0x80017FF8] -> 0x6063
mem[X,0x80017FFA] -> 0x20B5
[2676] [M]: 0x80017FF8 (0x20B56063) bltu a0, a1, 512


mem[X,0x80017FFC] -> 0x0213
mem[X,0x80017FFE] -> 0x0022
[2677] [M]: 0x80017FFC (0x00220213) addi tp, tp, 2
x4 <- 0x00000002


mem[X,0x80018000] -> 0x006F
mem[X,0x80018002] -> 0x2000
[2678] [M]: 0x80018000 (0x2000006F) jal zero, 512


mem[X,0x80018200] -> 0xA623
mem[X,0x80018202] -> 0x4040
[2679] [M]: 0x80018200 (0x4040A623) sw tp, 1036(ra)
mem[0x8004C580] <- 0x00000002


mem[X,0x80018204] -> 0x0513
mem[X,0x80018206] -> 0x0000
[2680] [M]: 0x80018204 (0x00000513) addi a0, zero, 0
x10 <- 0x00000000


mem[X,0x80018208] -> 0x05B7
mem[X,0x8001820A] -> 0x0001
[2681] [M]: 0x80018208 (0x000105B7) lui a1, 16
x11 <- 0x00010000


mem[X,0x8001820C] -> 0x8593
mem[X,0x8001820E] -> 0xFFF5
[2682] [M]: 0x8001820C (0xFFF58593) addi a1, a1, 4095
x11 <- 0x0000FFFF


mem[X,0x80018210] -> 0x0213
mem[X,0x80018212] -> 0x0000
[2683] [M]: 0x80018210 (0x00000213) addi tp, zero, 0
x4 <- 0x00000000


mem[X,0x80018214] -> 0x006F
mem[X,0x80018216] -> 0x2B10
[2684] [M]: 0x80018214 (0x2B10006F) jal zero, 2736


mem[X,0x80018CC4] -> 0x6A63
mem[X,0x80018CC6] -> 0xD4B5
[2685] [M]: 0x80018CC4 (0xD4B56A63) bltu a0, a1, 5460


mem[X,0x80018218] -> 0x0213
mem[X,0x8001821A] -> 0x0012
[2686] [M]: 0x80018218 (0x00120213) addi tp, tp, 1
x4 <- 0x00000001


mem[X,0x8001821C] -> 0x006F
mem[X,0x8001821E] -> 0x2BD0
[2687] [M]: 0x8001821C (0x2BD0006F) jal zero, 2748


mem[X,0x80018CD8] -> 0xA823
mem[X,0x80018CDA] -> 0x4040
[2688] [M]: 0x80018CD8 (0x4040A823) sw tp, 1040(ra)
mem[0x8004C584] <- 0x00000001


mem[X,0x80018CDC] -> 0x0513
mem[X,0x80018CDE] -> 0x0000
[2689] [M]: 0x80018CDC (0x00000513) addi a0, zero, 0
x10 <- 0x00000000


mem[X,0x80018CE0] -> 0x0593
mem[X,0x80018CE2] -> 0x0020
[2690] [M]: 0x80018CE0 (0x00200593) addi a1, zero, 2
x11 <- 0x00000002


mem[X,0x80018CE4] -> 0x0213
mem[X,0x80018CE6] -> 0x0000
[2691] [M]: 0x80018CE4 (0x00000213) addi tp, zero, 0
x4 <- 0x00000000


mem[X,0x80018CE8] -> 0x006F
mem[X,0x80018CEA] -> 0x00C0
[2692] [M]: 0x80018CE8 (0x00C0006F) jal zero, 12


mem[X,0x80018CF4] -> 0x6CE3
mem[X,0x80018CF6] -> 0xFEB5
[2693] [M]: 0x80018CF4 (0xFEB56CE3) bltu a0, a1, 8184


mem[X,0x80018CEC] -> 0x0213
mem[X,0x80018CEE] -> 0x0012
[2694] [M]: 0x80018CEC (0x00120213) addi tp, tp, 1
x4 <- 0x00000001


mem[X,0x80018CF0] -> 0x006F
mem[X,0x80018CF2] -> 0x0180
[2695] [M]: 0x80018CF0 (0x0180006F) jal zero, 24


mem[X,0x80018D08] -> 0xAA23
mem[X,0x80018D0A] -> 0x4040
[2696] [M]: 0x80018D08 (0x4040AA23) sw tp, 1044(ra)
mem[0x8004C588] <- 0x00000001


mem[X,0x80018D0C] -> 0x0513
mem[X,0x80018D0E] -> 0x0000
[2697] [M]: 0x80018D0C (0x00000513) addi a0, zero, 0
x10 <- 0x00000000


mem[X,0x80018D10] -> 0x55B7
mem[X,0x80018D12] -> 0x5555
[2698] [M]: 0x80018D10 (0x555555B7) lui a1, 349525
x11 <- 0x55555000


mem[X,0x80018D14] -> 0x8593
mem[X,0x80018D16] -> 0x5545
[2699] [M]: 0x80018D14 (0x55458593) addi a1, a1, 1364
x11 <- 0x55555554


clint::tick mtime <- 0x000000000000001B
 clint timer pending at mtime 0x000000000000001B
htif::tick 0x0000000000000000
mem[X,0x80018D18] -> 0x0213
mem[X,0x80018D1A] -> 0x0000
[2700] [M]: 0x80018D18 (0x00000213) addi tp, zero, 0
x4 <- 0x00000000


mem[X,0x80018D1C] -> 0x006F
mem[X,0x80018D1E] -> 0x00C0
[2701] [M]: 0x80018D1C (0x00C0006F) jal zero, 12


mem[X,0x80018D28] -> 0x6063
mem[X,0x80018D2A] -> 0x02B5
[2702] [M]: 0x80018D28 (0x02B56063) bltu a0, a1, 32


mem[X,0x80018D48] -> 0x0213
mem[X,0x80018D4A] -> 0x0032
[2703] [M]: 0x80018D48 (0x00320213) addi tp, tp, 3
x4 <- 0x00000003


mem[X,0x80018D4C] -> 0x006F
mem[X,0x80018D4E] -> 0x0040
[2704] [M]: 0x80018D4C (0x0040006F) jal zero, 4


mem[X,0x80018D50] -> 0xAC23
mem[X,0x80018D52] -> 0x4040
[2705] [M]: 0x80018D50 (0x4040AC23) sw tp, 1048(ra)
mem[0x8004C58C] <- 0x00000003


mem[X,0x80018D54] -> 0x0513
mem[X,0x80018D56] -> 0x0000
[2706] [M]: 0x80018D54 (0x00000513) addi a0, zero, 0
x10 <- 0x00000000


mem[X,0x80018D58] -> 0xB5B7
mem[X,0x80018D5A] -> 0xAAAA
[2707] [M]: 0x80018D58 (0xAAAAB5B7) lui a1, 699051
x11 <- 0xAAAAB000


mem[X,0x80018D5C] -> 0x8593
mem[X,0x80018D5E] -> 0xAA95
[2708] [M]: 0x80018D5C (0xAA958593) addi a1, a1, 2729
x11 <- 0xAAAAAAA9


mem[X,0x80018D60] -> 0x0213
mem[X,0x80018D62] -> 0x0000
[2709] [M]: 0x80018D60 (0x00000213) addi tp, zero, 0
x4 <- 0x00000000


mem[X,0x80018D64] -> 0x006F
mem[X,0x80018D66] -> 0x2B10
[2710] [M]: 0x80018D64 (0x2B10006F) jal zero, 2736


mem[X,0x80019814] -> 0x6A63
mem[X,0x80019816] -> 0xD4B5
[2711] [M]: 0x80019814 (0xD4B56A63) bltu a0, a1, 5460


mem[X,0x80018D68] -> 0x0213
mem[X,0x80018D6A] -> 0x0012
[2712] [M]: 0x80018D68 (0x00120213) addi tp, tp, 1
x4 <- 0x00000001


mem[X,0x80018D6C] -> 0x006F
mem[X,0x80018D6E] -> 0x2BD0
[2713] [M]: 0x80018D6C (0x2BD0006F) jal zero, 2748


mem[X,0x80019828] -> 0xAE23
mem[X,0x8001982A] -> 0x4040
[2714] [M]: 0x80019828 (0x4040AE23) sw tp, 1052(ra)
mem[0x8004C590] <- 0x00000001


mem[X,0x8001982C] -> 0x0513
mem[X,0x8001982E] -> 0x0000
[2715] [M]: 0x8001982C (0x00000513) addi a0, zero, 0
x10 <- 0x00000000


mem[X,0x80019830] -> 0x0593
mem[X,0x80019832] -> 0x0040
[2716] [M]: 0x80019830 (0x00400593) addi a1, zero, 4
x11 <- 0x00000004


mem[X,0x80019834] -> 0x0213
mem[X,0x80019836] -> 0x0000
[2717] [M]: 0x80019834 (0x00000213) addi tp, zero, 0
x4 <- 0x00000000


mem[X,0x80019838] -> 0x006F
mem[X,0x8001983A] -> 0x00C0
[2718] [M]: 0x80019838 (0x00C0006F) jal zero, 12


mem[X,0x80019844] -> 0x6663
mem[X,0x80019846] -> 0x00B5
[2719] [M]: 0x80019844 (0x00B56663) bltu a0, a1, 12


mem[X,0x80019850] -> 0x0213
mem[X,0x80019852] -> 0x0032
[2720] [M]: 0x80019850 (0x00320213) addi tp, tp, 3
x4 <- 0x00000003


mem[X,0x80019854] -> 0x006F
mem[X,0x80019856] -> 0x0040
[2721] [M]: 0x80019854 (0x0040006F) jal zero, 4


mem[X,0x80019858] -> 0xA023
mem[X,0x8001985A] -> 0x4240
[2722] [M]: 0x80019858 (0x4240A023) sw tp, 1056(ra)
mem[0x8004C594] <- 0x00000003


mem[X,0x8001985C] -> 0x0513
mem[X,0x8001985E] -> 0x0000
[2723] [M]: 0x8001985C (0x00000513) addi a0, zero, 0
x10 <- 0x00000000


mem[X,0x80019860] -> 0x35B7
mem[X,0x80019862] -> 0x3333
[2724] [M]: 0x80019860 (0x333335B7) lui a1, 209715
x11 <- 0x33333000


mem[X,0x80019864] -> 0x8593
mem[X,0x80019866] -> 0x3325
[2725] [M]: 0x80019864 (0x33258593) addi a1, a1, 818
x11 <- 0x33333332


mem[X,0x80019868] -> 0x0213
mem[X,0x8001986A] -> 0x0000
[2726] [M]: 0x80019868 (0x00000213) addi tp, zero, 0
x4 <- 0x00000000


mem[X,0x8001986C] -> 0x006F
mem[X,0x8001986E] -> 0x0050
[2727] [M]: 0x8001986C (0x0050006F) jal zero, 2052


mem[X,0x8001A070] -> 0x60E3
mem[X,0x8001A072] -> 0x80B5
[2728] [M]: 0x8001A070 (0x80B560E3) bltu a0, a1, 6144


mem[X,0x80019870] -> 0x0213
mem[X,0x80019872] -> 0x0012
[2729] [M]: 0x80019870 (0x00120213) addi tp, tp, 1
x4 <- 0x00000001


mem[X,0x80019874] -> 0x006F
mem[X,0x80019876] -> 0x0110
[2730] [M]: 0x80019874 (0x0110006F) jal zero, 2064


mem[X,0x8001A084] -> 0xA223
mem[X,0x8001A086] -> 0x4240
[2731] [M]: 0x8001A084 (0x4240A223) sw tp, 1060(ra)
mem[0x8004C598] <- 0x00000001


mem[X,0x8001A088] -> 0x0513
mem[X,0x8001A08A] -> 0x0000
[2732] [M]: 0x8001A088 (0x00000513) addi a0, zero, 0
x10 <- 0x00000000


mem[X,0x8001A08C] -> 0x65B7
mem[X,0x8001A08E] -> 0x6666
[2733] [M]: 0x8001A08C (0x666665B7) lui a1, 419430
x11 <- 0x66666000


mem[X,0x8001A090] -> 0x8593
mem[X,0x8001A092] -> 0x6655
[2734] [M]: 0x8001A090 (0x66558593) addi a1, a1, 1637
x11 <- 0x66666665


mem[X,0x8001A094] -> 0x0213
mem[X,0x8001A096] -> 0x0000
[2735] [M]: 0x8001A094 (0x00000213) addi tp, zero, 0
x4 <- 0x00000000


mem[X,0x8001A098] -> 0x006F
mem[X,0x8001A09A] -> 0x00C0
[2736] [M]: 0x8001A098 (0x00C0006F) jal zero, 12


mem[X,0x8001A0A4] -> 0x6863
mem[X,0x8001A0A6] -> 0x00B5
[2737] [M]: 0x8001A0A4 (0x00B56863) bltu a0, a1, 16


mem[X,0x8001A0B4] -> 0x0213
mem[X,0x8001A0B6] -> 0x0032
[2738] [M]: 0x8001A0B4 (0x00320213) addi tp, tp, 3
x4 <- 0x00000003


mem[X,0x8001A0B8] -> 0x006F
mem[X,0x8001A0BA] -> 0x0040
[2739] [M]: 0x8001A0B8 (0x0040006F) jal zero, 4


mem[X,0x8001A0BC] -> 0xA423
mem[X,0x8001A0BE] -> 0x4240
[2740] [M]: 0x8001A0BC (0x4240A423) sw tp, 1064(ra)
mem[0x8004C59C] <- 0x00000003


mem[X,0x8001A0C0] -> 0x0513
mem[X,0x8001A0C2] -> 0x0000
[2741] [M]: 0x8001A0C0 (0x00000513) addi a0, zero, 0
x10 <- 0x00000000


mem[X,0x8001A0C4] -> 0xB5B7
mem[X,0x8001A0C6] -> 0x0000
[2742] [M]: 0x8001A0C4 (0x0000B5B7) lui a1, 11
x11 <- 0x0000B000


mem[X,0x8001A0C8] -> 0x8593
mem[X,0x8001A0CA] -> 0x5035
[2743] [M]: 0x8001A0C8 (0x50358593) addi a1, a1, 1283
x11 <- 0x0000B503


mem[X,0x8001A0CC] -> 0x0213
mem[X,0x8001A0CE] -> 0x0000
[2744] [M]: 0x8001A0CC (0x00000213) addi tp, zero, 0
x4 <- 0x00000000


mem[X,0x8001A0D0] -> 0x006F
mem[X,0x8001A0D2] -> 0x0180
[2745] [M]: 0x8001A0D0 (0x0180006F) jal zero, 24


mem[X,0x8001A0E8] -> 0x66E3
mem[X,0x8001A0EA] -> 0xFEB5
[2746] [M]: 0x8001A0E8 (0xFEB566E3) bltu a0, a1, 8172


mem[X,0x8001A0D4] -> 0x0213
mem[X,0x8001A0D6] -> 0x0012
[2747] [M]: 0x8001A0D4 (0x00120213) addi tp, tp, 1
x4 <- 0x00000001


mem[X,0x8001A0D8] -> 0x006F
mem[X,0x8001A0DA] -> 0x0240
[2748] [M]: 0x8001A0D8 (0x0240006F) jal zero, 36


mem[X,0x8001A0FC] -> 0xA623
mem[X,0x8001A0FE] -> 0x4240
[2749] [M]: 0x8001A0FC (0x4240A623) sw tp, 1068(ra)
mem[0x8004C5A0] <- 0x00000001


mem[X,0x8001A100] -> 0x0513
mem[X,0x8001A102] -> 0x0000
[2750] [M]: 0x8001A100 (0x00000513) addi a0, zero, 0
x10 <- 0x00000000


mem[X,0x8001A104] -> 0x05B7
mem[X,0x8001A106] -> 0x0001
[2751] [M]: 0x8001A104 (0x000105B7) lui a1, 16
x11 <- 0x00010000


mem[X,0x8001A108] -> 0x8593
mem[X,0x8001A10A] -> 0xFFE5
[2752] [M]: 0x8001A108 (0xFFE58593) addi a1, a1, 4094
x11 <- 0x0000FFFE


mem[X,0x8001A10C] -> 0x0213
mem[X,0x8001A10E] -> 0x0000
[2753] [M]: 0x8001A10C (0x00000213) addi tp, zero, 0
x4 <- 0x00000000


mem[X,0x8001A110] -> 0x006F
mem[X,0x8001A112] -> 0x00C0
[2754] [M]: 0x8001A110 (0x00C0006F) jal zero, 12


mem[X,0x8001A11C] -> 0x6663
mem[X,0x8001A11E] -> 0x00B5
[2755] [M]: 0x8001A11C (0x00B56663) bltu a0, a1, 12


mem[X,0x8001A128] -> 0x0213
mem[X,0x8001A12A] -> 0x0032
[2756] [M]: 0x8001A128 (0x00320213) addi tp, tp, 3
x4 <- 0x00000003


mem[X,0x8001A12C] -> 0x006F
mem[X,0x8001A12E] -> 0x0040
[2757] [M]: 0x8001A12C (0x0040006F) jal zero, 4


mem[X,0x8001A130] -> 0xA823
mem[X,0x8001A132] -> 0x4240
[2758] [M]: 0x8001A130 (0x4240A823) sw tp, 1072(ra)
mem[0x8004C5A4] <- 0x00000003


mem[X,0x8001A134] -> 0x0513
mem[X,0x8001A136] -> 0x0000
[2759] [M]: 0x8001A134 (0x00000513) addi a0, zero, 0
x10 <- 0x00000000


mem[X,0x8001A138] -> 0x55B7
mem[X,0x8001A13A] -> 0x5555
[2760] [M]: 0x8001A138 (0x555555B7) lui a1, 349525
x11 <- 0x55555000


mem[X,0x8001A13C] -> 0x8593
mem[X,0x8001A13E] -> 0x5565
[2761] [M]: 0x8001A13C (0x55658593) addi a1, a1, 1366
x11 <- 0x55555556


mem[X,0x8001A140] -> 0x0213
mem[X,0x8001A142] -> 0x0000
[2762] [M]: 0x8001A140 (0x00000213) addi tp, zero, 0
x4 <- 0x00000000


mem[X,0x8001A144] -> 0x006F
mem[X,0x8001A146] -> 0x0100
[2763] [M]: 0x8001A144 (0x0100006F) jal zero, 16


mem[X,0x8001A154] -> 0x6AE3
mem[X,0x8001A156] -> 0xFEB5
[2764] [M]: 0x8001A154 (0xFEB56AE3) bltu a0, a1, 8180


mem[X,0x8001A148] -> 0x0213
mem[X,0x8001A14A] -> 0x0012
[2765] [M]: 0x8001A148 (0x00120213) addi tp, tp, 1
x4 <- 0x00000001


mem[X,0x8001A14C] -> 0x006F
mem[X,0x8001A14E] -> 0x01C0
[2766] [M]: 0x8001A14C (0x01C0006F) jal zero, 28


mem[X,0x8001A168] -> 0xAA23
mem[X,0x8001A16A] -> 0x4240
[2767] [M]: 0x8001A168 (0x4240AA23) sw tp, 1076(ra)
mem[0x8004C5A8] <- 0x00000001


mem[X,0x8001A16C] -> 0x0513
mem[X,0x8001A16E] -> 0x0000
[2768] [M]: 0x8001A16C (0x00000513) addi a0, zero, 0
x10 <- 0x00000000


mem[X,0x8001A170] -> 0xB5B7
mem[X,0x8001A172] -> 0xAAAA
[2769] [M]: 0x8001A170 (0xAAAAB5B7) lui a1, 699051
x11 <- 0xAAAAB000


mem[X,0x8001A174] -> 0x8593
mem[X,0x8001A176] -> 0xAAB5
[2770] [M]: 0x8001A174 (0xAAB58593) addi a1, a1, 2731
x11 <- 0xAAAAAAAB


mem[X,0x8001A178] -> 0x0213
mem[X,0x8001A17A] -> 0x0000
[2771] [M]: 0x8001A178 (0x00000213) addi tp, zero, 0
x4 <- 0x00000000


mem[X,0x8001A17C] -> 0x006F
mem[X,0x8001A17E] -> 0x00C0
[2772] [M]: 0x8001A17C (0x00C0006F) jal zero, 12


mem[X,0x8001A188] -> 0x6663
mem[X,0x8001A18A] -> 0x00B5
[2773] [M]: 0x8001A188 (0x00B56663) bltu a0, a1, 12


mem[X,0x8001A194] -> 0x0213
mem[X,0x8001A196] -> 0x0032
[2774] [M]: 0x8001A194 (0x00320213) addi tp, tp, 3
x4 <- 0x00000003


mem[X,0x8001A198] -> 0x006F
mem[X,0x8001A19A] -> 0x0040
[2775] [M]: 0x8001A198 (0x0040006F) jal zero, 4


mem[X,0x8001A19C] -> 0xAC23
mem[X,0x8001A19E] -> 0x4240
[2776] [M]: 0x8001A19C (0x4240AC23) sw tp, 1080(ra)
mem[0x8004C5AC] <- 0x00000003


mem[X,0x8001A1A0] -> 0x0513
mem[X,0x8001A1A2] -> 0x0000
[2777] [M]: 0x8001A1A0 (0x00000513) addi a0, zero, 0
x10 <- 0x00000000


mem[X,0x8001A1A4] -> 0x0593
mem[X,0x8001A1A6] -> 0x0060
[2778] [M]: 0x8001A1A4 (0x00600593) addi a1, zero, 6
x11 <- 0x00000006


mem[X,0x8001A1A8] -> 0x0213
mem[X,0x8001A1AA] -> 0x0000
[2779] [M]: 0x8001A1A8 (0x00000213) addi tp, zero, 0
x4 <- 0x00000000


mem[X,0x8001A1AC] -> 0x006F
mem[X,0x8001A1AE] -> 0x00C0
[2780] [M]: 0x8001A1AC (0x00C0006F) jal zero, 12


mem[X,0x8001A1B8] -> 0x6663
mem[X,0x8001A1BA] -> 0x00B5
[2781] [M]: 0x8001A1B8 (0x00B56663) bltu a0, a1, 12


mem[X,0x8001A1C4] -> 0x0213
mem[X,0x8001A1C6] -> 0x0032
[2782] [M]: 0x8001A1C4 (0x00320213) addi tp, tp, 3
x4 <- 0x00000003


mem[X,0x8001A1C8] -> 0x006F
mem[X,0x8001A1CA] -> 0x0040
[2783] [M]: 0x8001A1C8 (0x0040006F) jal zero, 4


mem[X,0x8001A1CC] -> 0xAE23
mem[X,0x8001A1CE] -> 0x4240
[2784] [M]: 0x8001A1CC (0x4240AE23) sw tp, 1084(ra)
mem[0x8004C5B0] <- 0x00000003


mem[X,0x8001A1D0] -> 0x0513
mem[X,0x8001A1D2] -> 0x0000
[2785] [M]: 0x8001A1D0 (0x00000513) addi a0, zero, 0
x10 <- 0x00000000


mem[X,0x8001A1D4] -> 0x35B7
mem[X,0x8001A1D6] -> 0x3333
[2786] [M]: 0x8001A1D4 (0x333335B7) lui a1, 209715
x11 <- 0x33333000


mem[X,0x8001A1D8] -> 0x8593
mem[X,0x8001A1DA] -> 0x3345
[2787] [M]: 0x8001A1D8 (0x33458593) addi a1, a1, 820
x11 <- 0x33333334


mem[X,0x8001A1DC] -> 0x0213
mem[X,0x8001A1DE] -> 0x0000
[2788] [M]: 0x8001A1DC (0x00000213) addi tp, zero, 0
x4 <- 0x00000000


mem[X,0x8001A1E0] -> 0x006F
mem[X,0x8001A1E2] -> 0x0140
[2789] [M]: 0x8001A1E0 (0x0140006F) jal zero, 20


mem[X,0x8001A1F4] -> 0x68E3
mem[X,0x8001A1F6] -> 0xFEB5
[2790] [M]: 0x8001A1F4 (0xFEB568E3) bltu a0, a1, 8176


mem[X,0x8001A1E4] -> 0x0213
mem[X,0x8001A1E6] -> 0x0012
[2791] [M]: 0x8001A1E4 (0x00120213) addi tp, tp, 1
x4 <- 0x00000001


mem[X,0x8001A1E8] -> 0x006F
mem[X,0x8001A1EA] -> 0x0200
[2792] [M]: 0x8001A1E8 (0x0200006F) jal zero, 32


mem[X,0x8001A208] -> 0xA023
mem[X,0x8001A20A] -> 0x4440
[2793] [M]: 0x8001A208 (0x4440A023) sw tp, 1088(ra)
mem[0x8004C5B4] <- 0x00000001


mem[X,0x8001A20C] -> 0x0513
mem[X,0x8001A20E] -> 0x0000
[2794] [M]: 0x8001A20C (0x00000513) addi a0, zero, 0
x10 <- 0x00000000


mem[X,0x8001A210] -> 0x65B7
mem[X,0x8001A212] -> 0x6666
[2795] [M]: 0x8001A210 (0x666665B7) lui a1, 419430
x11 <- 0x66666000


mem[X,0x8001A214] -> 0x8593
mem[X,0x8001A216] -> 0x6675
[2796] [M]: 0x8001A214 (0x66758593) addi a1, a1, 1639
x11 <- 0x66666667


mem[X,0x8001A218] -> 0x0213
mem[X,0x8001A21A] -> 0x0000
[2797] [M]: 0x8001A218 (0x00000213) addi tp, zero, 0
x4 <- 0x00000000


mem[X,0x8001A21C] -> 0x006F
mem[X,0x8001A21E] -> 0x00C0
[2798] [M]: 0x8001A21C (0x00C0006F) jal zero, 12


mem[X,0x8001A228] -> 0x6663
mem[X,0x8001A22A] -> 0x00B5
[2799] [M]: 0x8001A228 (0x00B56663) bltu a0, a1, 12


clint::tick mtime <- 0x000000000000001C
 clint timer pending at mtime 0x000000000000001C
htif::tick 0x0000000000000000
mem[X,0x8001A234] -> 0x0213
mem[X,0x8001A236] -> 0x0032
[2800] [M]: 0x8001A234 (0x00320213) addi tp, tp, 3
x4 <- 0x00000003


mem[X,0x8001A238] -> 0x006F
mem[X,0x8001A23A] -> 0x0040
[2801] [M]: 0x8001A238 (0x0040006F) jal zero, 4


mem[X,0x8001A23C] -> 0xA223
mem[X,0x8001A23E] -> 0x4440
[2802] [M]: 0x8001A23C (0x4440A223) sw tp, 1092(ra)
mem[0x8004C5B8] <- 0x00000003


mem[X,0x8001A240] -> 0x0513
mem[X,0x8001A242] -> 0x0000
[2803] [M]: 0x8001A240 (0x00000513) addi a0, zero, 0
x10 <- 0x00000000


mem[X,0x8001A244] -> 0xB5B7
mem[X,0x8001A246] -> 0x0000
[2804] [M]: 0x8001A244 (0x0000B5B7) lui a1, 11
x11 <- 0x0000B000


mem[X,0x8001A248] -> 0x8593
mem[X,0x8001A24A] -> 0x5055
[2805] [M]: 0x8001A248 (0x50558593) addi a1, a1, 1285
x11 <- 0x0000B505


mem[X,0x8001A24C] -> 0x0213
mem[X,0x8001A24E] -> 0x0000
[2806] [M]: 0x8001A24C (0x00000213) addi tp, zero, 0
x4 <- 0x00000000


mem[X,0x8001A250] -> 0x006F
mem[X,0x8001A252] -> 0x00C0
[2807] [M]: 0x8001A250 (0x00C0006F) jal zero, 12


mem[X,0x8001A25C] -> 0x6863
mem[X,0x8001A25E] -> 0x00B5
[2808] [M]: 0x8001A25C (0x00B56863) bltu a0, a1, 16


mem[X,0x8001A26C] -> 0x0213
mem[X,0x8001A26E] -> 0x0032
[2809] [M]: 0x8001A26C (0x00320213) addi tp, tp, 3
x4 <- 0x00000003


mem[X,0x8001A270] -> 0x006F
mem[X,0x8001A272] -> 0x0040
[2810] [M]: 0x8001A270 (0x0040006F) jal zero, 4


mem[X,0x8001A274] -> 0xA423
mem[X,0x8001A276] -> 0x4440
[2811] [M]: 0x8001A274 (0x4440A423) sw tp, 1096(ra)
mem[0x8004C5BC] <- 0x00000003


mem[X,0x8001A278] -> 0x0513
mem[X,0x8001A27A] -> 0x0000
[2812] [M]: 0x8001A278 (0x00000513) addi a0, zero, 0
x10 <- 0x00000000


mem[X,0x8001A27C] -> 0x0593
mem[X,0x8001A27E] -> 0x0010
[2813] [M]: 0x8001A27C (0x00100593) addi a1, zero, 1
x11 <- 0x00000001


mem[X,0x8001A280] -> 0x0213
mem[X,0x8001A282] -> 0x0000
[2814] [M]: 0x8001A280 (0x00000213) addi tp, zero, 0
x4 <- 0x00000000


mem[X,0x8001A284] -> 0x006F
mem[X,0x8001A286] -> 0x2B10
[2815] [M]: 0x8001A284 (0x2B10006F) jal zero, 2736


mem[X,0x8001AD34] -> 0x6A63
mem[X,0x8001AD36] -> 0xD4B5
[2816] [M]: 0x8001AD34 (0xD4B56A63) bltu a0, a1, 5460


mem[X,0x8001A288] -> 0x0213
mem[X,0x8001A28A] -> 0x0012
[2817] [M]: 0x8001A288 (0x00120213) addi tp, tp, 1
x4 <- 0x00000001


mem[X,0x8001A28C] -> 0x006F
mem[X,0x8001A28E] -> 0x2BD0
[2818] [M]: 0x8001A28C (0x2BD0006F) jal zero, 2748


mem[X,0x8001AD48] -> 0xA623
mem[X,0x8001AD4A] -> 0x4440
[2819] [M]: 0x8001AD48 (0x4440A623) sw tp, 1100(ra)
mem[0x8004C5C0] <- 0x00000001


mem[X,0x8001AD4C] -> 0x0537
mem[X,0x8001AD4E] -> 0x0001
[2820] [M]: 0x8001AD4C (0x00010537) lui a0, 16
x10 <- 0x00010000


mem[X,0x8001AD50] -> 0x0513
mem[X,0x8001AD52] -> 0xFFF5
[2821] [M]: 0x8001AD50 (0xFFF50513) addi a0, a0, 4095
x10 <- 0x0000FFFF


mem[X,0x8001AD54] -> 0x0593
mem[X,0x8001AD56] -> 0x0030
[2822] [M]: 0x8001AD54 (0x00300593) addi a1, zero, 3
x11 <- 0x00000003


mem[X,0x8001AD58] -> 0x0213
mem[X,0x8001AD5A] -> 0x0000
[2823] [M]: 0x8001AD58 (0x00000213) addi tp, zero, 0
x4 <- 0x00000000


mem[X,0x8001AD5C] -> 0x006F
mem[X,0x8001AD5E] -> 0x00C0
[2824] [M]: 0x8001AD5C (0x00C0006F) jal zero, 12


mem[X,0x8001AD68] -> 0x6063
mem[X,0x8001AD6A] -> 0x10B5
[2825] [M]: 0x8001AD68 (0x10B56063) bltu a0, a1, 256


mem[X,0x8001AD6C] -> 0x0213
mem[X,0x8001AD6E] -> 0x0022
[2826] [M]: 0x8001AD6C (0x00220213) addi tp, tp, 2
x4 <- 0x00000002


mem[X,0x8001AD70] -> 0x006F
mem[X,0x8001AD72] -> 0x1000
[2827] [M]: 0x8001AD70 (0x1000006F) jal zero, 256


mem[X,0x8001AE70] -> 0xA823
mem[X,0x8001AE72] -> 0x4440
[2828] [M]: 0x8001AE70 (0x4440A823) sw tp, 1104(ra)
mem[0x8004C5C4] <- 0x00000002


mem[X,0x8001AE74] -> 0x0537
mem[X,0x8001AE76] -> 0x0001
[2829] [M]: 0x8001AE74 (0x00010537) lui a0, 16
x10 <- 0x00010000


mem[X,0x8001AE78] -> 0x0513
mem[X,0x8001AE7A] -> 0xFFF5
[2830] [M]: 0x8001AE78 (0xFFF50513) addi a0, a0, 4095
x10 <- 0x0000FFFF


mem[X,0x8001AE7C] -> 0x55B7
mem[X,0x8001AE7E] -> 0x5555
[2831] [M]: 0x8001AE7C (0x555555B7) lui a1, 349525
x11 <- 0x55555000


mem[X,0x8001AE80] -> 0x8593
mem[X,0x8001AE82] -> 0x5555
[2832] [M]: 0x8001AE80 (0x55558593) addi a1, a1, 1365
x11 <- 0x55555555


mem[X,0x8001AE84] -> 0x0213
mem[X,0x8001AE86] -> 0x0000
[2833] [M]: 0x8001AE84 (0x00000213) addi tp, zero, 0
x4 <- 0x00000000


mem[X,0x8001AE88] -> 0x006F
mem[X,0x8001AE8A] -> 0x00C0
[2834] [M]: 0x8001AE88 (0x00C0006F) jal zero, 12


mem[X,0x8001AE94] -> 0x6063
mem[X,0x8001AE96] -> 0x20B5
[2835] [M]: 0x8001AE94 (0x20B56063) bltu a0, a1, 512


mem[X,0x8001B094] -> 0x0213
mem[X,0x8001B096] -> 0x0032
[2836] [M]: 0x8001B094 (0x00320213) addi tp, tp, 3
x4 <- 0x00000003


mem[X,0x8001B098] -> 0x006F
mem[X,0x8001B09A] -> 0x0040
[2837] [M]: 0x8001B098 (0x0040006F) jal zero, 4


mem[X,0x8001B09C] -> 0xAA23
mem[X,0x8001B09E] -> 0x4440
[2838] [M]: 0x8001B09C (0x4440AA23) sw tp, 1108(ra)
mem[0x8004C5C8] <- 0x00000003


mem[X,0x8001B0A0] -> 0x0537
mem[X,0x8001B0A2] -> 0x0001
[2839] [M]: 0x8001B0A0 (0x00010537) lui a0, 16
x10 <- 0x00010000


mem[X,0x8001B0A4] -> 0x0513
mem[X,0x8001B0A6] -> 0xFFF5
[2840] [M]: 0x8001B0A4 (0xFFF50513) addi a0, a0, 4095
x10 <- 0x0000FFFF


mem[X,0x8001B0A8] -> 0xB5B7
mem[X,0x8001B0AA] -> 0xAAAA
[2841] [M]: 0x8001B0A8 (0xAAAAB5B7) lui a1, 699051
x11 <- 0xAAAAB000


mem[X,0x8001B0AC] -> 0x8593
mem[X,0x8001B0AE] -> 0xAAA5
[2842] [M]: 0x8001B0AC (0xAAA58593) addi a1, a1, 2730
x11 <- 0xAAAAAAAA


mem[X,0x8001B0B0] -> 0x0213
mem[X,0x8001B0B2] -> 0x0000
[2843] [M]: 0x8001B0B0 (0x00000213) addi tp, zero, 0
x4 <- 0x00000000


mem[X,0x8001B0B4] -> 0x006F
mem[X,0x8001B0B6] -> 0x2B10
[2844] [M]: 0x8001B0B4 (0x2B10006F) jal zero, 2736


mem[X,0x8001BB64] -> 0x6A63
mem[X,0x8001BB66] -> 0xD4B5
[2845] [M]: 0x8001BB64 (0xD4B56A63) bltu a0, a1, 5460


mem[X,0x8001B0B8] -> 0x0213
mem[X,0x8001B0BA] -> 0x0012
[2846] [M]: 0x8001B0B8 (0x00120213) addi tp, tp, 1
x4 <- 0x00000001


mem[X,0x8001B0BC] -> 0x006F
mem[X,0x8001B0BE] -> 0x2BD0
[2847] [M]: 0x8001B0BC (0x2BD0006F) jal zero, 2748


mem[X,0x8001BB78] -> 0xAC23
mem[X,0x8001BB7A] -> 0x4440
[2848] [M]: 0x8001BB78 (0x4440AC23) sw tp, 1112(ra)
mem[0x8004C5CC] <- 0x00000001


mem[X,0x8001BB7C] -> 0x0537
mem[X,0x8001BB7E] -> 0x0001
[2849] [M]: 0x8001BB7C (0x00010537) lui a0, 16
x10 <- 0x00010000


mem[X,0x8001BB80] -> 0x0513
mem[X,0x8001BB82] -> 0xFFF5
[2850] [M]: 0x8001BB80 (0xFFF50513) addi a0, a0, 4095
x10 <- 0x0000FFFF


mem[X,0x8001BB84] -> 0x0593
mem[X,0x8001BB86] -> 0x0050
[2851] [M]: 0x8001BB84 (0x00500593) addi a1, zero, 5
x11 <- 0x00000005


mem[X,0x8001BB88] -> 0x0213
mem[X,0x8001BB8A] -> 0x0000
[2852] [M]: 0x8001BB88 (0x00000213) addi tp, zero, 0
x4 <- 0x00000000


mem[X,0x8001BB8C] -> 0x006F
mem[X,0x8001BB8E] -> 0x00C0
[2853] [M]: 0x8001BB8C (0x00C0006F) jal zero, 12


mem[X,0x8001BB98] -> 0x6CE3
mem[X,0x8001BB9A] -> 0xFEB5
[2854] [M]: 0x8001BB98 (0xFEB56CE3) bltu a0, a1, 8184


mem[X,0x8001BB9C] -> 0x0213
mem[X,0x8001BB9E] -> 0x0022
[2855] [M]: 0x8001BB9C (0x00220213) addi tp, tp, 2
x4 <- 0x00000002


mem[X,0x8001BBA0] -> 0x006F
mem[X,0x8001BBA2] -> 0x00C0
[2856] [M]: 0x8001BBA0 (0x00C0006F) jal zero, 12


mem[X,0x8001BBAC] -> 0xAE23
mem[X,0x8001BBAE] -> 0x4440
[2857] [M]: 0x8001BBAC (0x4440AE23) sw tp, 1116(ra)
mem[0x8004C5D0] <- 0x00000002


mem[X,0x8001BBB0] -> 0x0537
mem[X,0x8001BBB2] -> 0x0001
[2858] [M]: 0x8001BBB0 (0x00010537) lui a0, 16
x10 <- 0x00010000


mem[X,0x8001BBB4] -> 0x0513
mem[X,0x8001BBB6] -> 0xFFF5
[2859] [M]: 0x8001BBB4 (0xFFF50513) addi a0, a0, 4095
x10 <- 0x0000FFFF


mem[X,0x8001BBB8] -> 0x35B7
mem[X,0x8001BBBA] -> 0x3333
[2860] [M]: 0x8001BBB8 (0x333335B7) lui a1, 209715
x11 <- 0x33333000


mem[X,0x8001BBBC] -> 0x8593
mem[X,0x8001BBBE] -> 0x3335
[2861] [M]: 0x8001BBBC (0x33358593) addi a1, a1, 819
x11 <- 0x33333333


mem[X,0x8001BBC0] -> 0x0213
mem[X,0x8001BBC2] -> 0x0000
[2862] [M]: 0x8001BBC0 (0x00000213) addi tp, zero, 0
x4 <- 0x00000000


mem[X,0x8001BBC4] -> 0x006F
mem[X,0x8001BBC6] -> 0x00C0
[2863] [M]: 0x8001BBC4 (0x00C0006F) jal zero, 12


mem[X,0x8001BBD0] -> 0x6663
mem[X,0x8001BBD2] -> 0x00B5
[2864] [M]: 0x8001BBD0 (0x00B56663) bltu a0, a1, 12


mem[X,0x8001BBDC] -> 0x0213
mem[X,0x8001BBDE] -> 0x0032
[2865] [M]: 0x8001BBDC (0x00320213) addi tp, tp, 3
x4 <- 0x00000003


mem[X,0x8001BBE0] -> 0x006F
mem[X,0x8001BBE2] -> 0x0040
[2866] [M]: 0x8001BBE0 (0x0040006F) jal zero, 4


mem[X,0x8001BBE4] -> 0xA023
mem[X,0x8001BBE6] -> 0x4640
[2867] [M]: 0x8001BBE4 (0x4640A023) sw tp, 1120(ra)
mem[0x8004C5D4] <- 0x00000003


mem[X,0x8001BBE8] -> 0x0537
mem[X,0x8001BBEA] -> 0x0001
[2868] [M]: 0x8001BBE8 (0x00010537) lui a0, 16
x10 <- 0x00010000


mem[X,0x8001BBEC] -> 0x0513
mem[X,0x8001BBEE] -> 0xFFF5
[2869] [M]: 0x8001BBEC (0xFFF50513) addi a0, a0, 4095
x10 <- 0x0000FFFF


mem[X,0x8001BBF0] -> 0x65B7
mem[X,0x8001BBF2] -> 0x6666
[2870] [M]: 0x8001BBF0 (0x666665B7) lui a1, 419430
x11 <- 0x66666000


mem[X,0x8001BBF4] -> 0x8593
mem[X,0x8001BBF6] -> 0x6665
[2871] [M]: 0x8001BBF4 (0x66658593) addi a1, a1, 1638
x11 <- 0x66666666


mem[X,0x8001BBF8] -> 0x0213
mem[X,0x8001BBFA] -> 0x0000
[2872] [M]: 0x8001BBF8 (0x00000213) addi tp, zero, 0
x4 <- 0x00000000


mem[X,0x8001BBFC] -> 0x006F
mem[X,0x8001BBFE] -> 0x00C0
[2873] [M]: 0x8001BBFC (0x00C0006F) jal zero, 12


mem[X,0x8001BC08] -> 0x6CE3
mem[X,0x8001BC0A] -> 0xFEB5
[2874] [M]: 0x8001BC08 (0xFEB56CE3) bltu a0, a1, 8184


mem[X,0x8001BC00] -> 0x0213
mem[X,0x8001BC02] -> 0x0012
[2875] [M]: 0x8001BC00 (0x00120213) addi tp, tp, 1
x4 <- 0x00000001


mem[X,0x8001BC04] -> 0x006F
mem[X,0x8001BC06] -> 0x0180
[2876] [M]: 0x8001BC04 (0x0180006F) jal zero, 24


mem[X,0x8001BC1C] -> 0xA223
mem[X,0x8001BC1E] -> 0x4640
[2877] [M]: 0x8001BC1C (0x4640A223) sw tp, 1124(ra)
mem[0x8004C5D8] <- 0x00000001


mem[X,0x8001BC20] -> 0x0537
mem[X,0x8001BC22] -> 0x0001
[2878] [M]: 0x8001BC20 (0x00010537) lui a0, 16
x10 <- 0x00010000


mem[X,0x8001BC24] -> 0x0513
mem[X,0x8001BC26] -> 0xFFF5
[2879] [M]: 0x8001BC24 (0xFFF50513) addi a0, a0, 4095
x10 <- 0x0000FFFF


mem[X,0x8001BC28] -> 0xB5B7
mem[X,0x8001BC2A] -> 0x0000
[2880] [M]: 0x8001BC28 (0x0000B5B7) lui a1, 11
x11 <- 0x0000B000


mem[X,0x8001BC2C] -> 0x8593
mem[X,0x8001BC2E] -> 0x5045
[2881] [M]: 0x8001BC2C (0x50458593) addi a1, a1, 1284
x11 <- 0x0000B504


mem[X,0x8001BC30] -> 0x0213
mem[X,0x8001BC32] -> 0x0000
[2882] [M]: 0x8001BC30 (0x00000213) addi tp, zero, 0
x4 <- 0x00000000


mem[X,0x8001BC34] -> 0x006F
mem[X,0x8001BC36] -> 0x00C0
[2883] [M]: 0x8001BC34 (0x00C0006F) jal zero, 12


mem[X,0x8001BC40] -> 0x6CE3
mem[X,0x8001BC42] -> 0xFEB5
[2884] [M]: 0x8001BC40 (0xFEB56CE3) bltu a0, a1, 8184


mem[X,0x8001BC44] -> 0x0213
mem[X,0x8001BC46] -> 0x0022
[2885] [M]: 0x8001BC44 (0x00220213) addi tp, tp, 2
x4 <- 0x00000002


mem[X,0x8001BC48] -> 0x006F
mem[X,0x8001BC4A] -> 0x00C0
[2886] [M]: 0x8001BC48 (0x00C0006F) jal zero, 12


mem[X,0x8001BC54] -> 0xA423
mem[X,0x8001BC56] -> 0x4640
[2887] [M]: 0x8001BC54 (0x4640A423) sw tp, 1128(ra)
mem[0x8004C5DC] <- 0x00000002


mem[X,0x8001BC58] -> 0x0537
mem[X,0x8001BC5A] -> 0x0001
[2888] [M]: 0x8001BC58 (0x00010537) lui a0, 16
x10 <- 0x00010000


mem[X,0x8001BC5C] -> 0x0513
mem[X,0x8001BC5E] -> 0xFFF5
[2889] [M]: 0x8001BC5C (0xFFF50513) addi a0, a0, 4095
x10 <- 0x0000FFFF


mem[X,0x8001BC60] -> 0x0593
mem[X,0x8001BC62] -> 0x0000
[2890] [M]: 0x8001BC60 (0x00000593) addi a1, zero, 0
x11 <- 0x00000000


mem[X,0x8001BC64] -> 0x0213
mem[X,0x8001BC66] -> 0x0000
[2891] [M]: 0x8001BC64 (0x00000213) addi tp, zero, 0
x4 <- 0x00000000


mem[X,0x8001BC68] -> 0x006F
mem[X,0x8001BC6A] -> 0x00C0
[2892] [M]: 0x8001BC68 (0x00C0006F) jal zero, 12


mem[X,0x8001BC74] -> 0x6063
mem[X,0x8001BC76] -> 0x08B5
[2893] [M]: 0x8001BC74 (0x08B56063) bltu a0, a1, 128


mem[X,0x8001BC78] -> 0x0213
mem[X,0x8001BC7A] -> 0x0022
[2894] [M]: 0x8001BC78 (0x00220213) addi tp, tp, 2
x4 <- 0x00000002


mem[X,0x8001BC7C] -> 0x006F
mem[X,0x8001BC7E] -> 0x0800
[2895] [M]: 0x8001BC7C (0x0800006F) jal zero, 128


mem[X,0x8001BCFC] -> 0xA623
mem[X,0x8001BCFE] -> 0x4640
[2896] [M]: 0x8001BCFC (0x4640A623) sw tp, 1132(ra)
mem[0x8004C5E0] <- 0x00000002


mem[X,0x8001BD00] -> 0x0537
mem[X,0x8001BD02] -> 0x0001
[2897] [M]: 0x8001BD00 (0x00010537) lui a0, 16
x10 <- 0x00010000


mem[X,0x8001BD04] -> 0x0513
mem[X,0x8001BD06] -> 0xFFF5
[2898] [M]: 0x8001BD04 (0xFFF50513) addi a0, a0, 4095
x10 <- 0x0000FFFF


mem[X,0x8001BD08] -> 0x05B7
mem[X,0x8001BD0A] -> 0x0001
[2899] [M]: 0x8001BD08 (0x000105B7) lui a1, 16
x11 <- 0x00010000


clint::tick mtime <- 0x000000000000001D
 clint timer pending at mtime 0x000000000000001D
htif::tick 0x0000000000000000
mem[X,0x8001BD0C] -> 0x8593
mem[X,0x8001BD0E] -> 0xFFF5
[2900] [M]: 0x8001BD0C (0xFFF58593) addi a1, a1, 4095
x11 <- 0x0000FFFF


mem[X,0x8001BD10] -> 0x0213
mem[X,0x8001BD12] -> 0x0000
[2901] [M]: 0x8001BD10 (0x00000213) addi tp, zero, 0
x4 <- 0x00000000


mem[X,0x8001BD14] -> 0x006F
mem[X,0x8001BD16] -> 0x0050
[2902] [M]: 0x8001BD14 (0x0050006F) jal zero, 2052


mem[X,0x8001C518] -> 0x60E3
mem[X,0x8001C51A] -> 0x80B5
[2903] [M]: 0x8001C518 (0x80B560E3) bltu a0, a1, 6144


mem[X,0x8001C51C] -> 0x0213
mem[X,0x8001C51E] -> 0x0022
[2904] [M]: 0x8001C51C (0x00220213) addi tp, tp, 2
x4 <- 0x00000002


mem[X,0x8001C520] -> 0x006F
mem[X,0x8001C522] -> 0x00C0
[2905] [M]: 0x8001C520 (0x00C0006F) jal zero, 12


mem[X,0x8001C52C] -> 0xA823
mem[X,0x8001C52E] -> 0x4640
[2906] [M]: 0x8001C52C (0x4640A823) sw tp, 1136(ra)
mem[0x8004C5E4] <- 0x00000002


mem[X,0x8001C530] -> 0x0537
mem[X,0x8001C532] -> 0x0001
[2907] [M]: 0x8001C530 (0x00010537) lui a0, 16
x10 <- 0x00010000


mem[X,0x8001C534] -> 0x0513
mem[X,0x8001C536] -> 0xFFF5
[2908] [M]: 0x8001C534 (0xFFF50513) addi a0, a0, 4095
x10 <- 0x0000FFFF


mem[X,0x8001C538] -> 0x0593
mem[X,0x8001C53A] -> 0x0020
[2909] [M]: 0x8001C538 (0x00200593) addi a1, zero, 2
x11 <- 0x00000002


mem[X,0x8001C53C] -> 0x0213
mem[X,0x8001C53E] -> 0x0000
[2910] [M]: 0x8001C53C (0x00000213) addi tp, zero, 0
x4 <- 0x00000000


mem[X,0x8001C540] -> 0x006F
mem[X,0x8001C542] -> 0x00C0
[2911] [M]: 0x8001C540 (0x00C0006F) jal zero, 12


mem[X,0x8001C54C] -> 0x6663
mem[X,0x8001C54E] -> 0x00B5
[2912] [M]: 0x8001C54C (0x00B56663) bltu a0, a1, 12


mem[X,0x8001C550] -> 0x0213
mem[X,0x8001C552] -> 0x0022
[2913] [M]: 0x8001C550 (0x00220213) addi tp, tp, 2
x4 <- 0x00000002


mem[X,0x8001C554] -> 0x006F
mem[X,0x8001C556] -> 0x00C0
[2914] [M]: 0x8001C554 (0x00C0006F) jal zero, 12


mem[X,0x8001C560] -> 0xAA23
mem[X,0x8001C562] -> 0x4640
[2915] [M]: 0x8001C560 (0x4640AA23) sw tp, 1140(ra)
mem[0x8004C5E8] <- 0x00000002


mem[X,0x8001C564] -> 0x0537
mem[X,0x8001C566] -> 0x0001
[2916] [M]: 0x8001C564 (0x00010537) lui a0, 16
x10 <- 0x00010000


mem[X,0x8001C568] -> 0x0513
mem[X,0x8001C56A] -> 0xFFF5
[2917] [M]: 0x8001C568 (0xFFF50513) addi a0, a0, 4095
x10 <- 0x0000FFFF


mem[X,0x8001C56C] -> 0x55B7
mem[X,0x8001C56E] -> 0x5555
[2918] [M]: 0x8001C56C (0x555555B7) lui a1, 349525
x11 <- 0x55555000


mem[X,0x8001C570] -> 0x8593
mem[X,0x8001C572] -> 0x5545
[2919] [M]: 0x8001C570 (0x55458593) addi a1, a1, 1364
x11 <- 0x55555554


mem[X,0x8001C574] -> 0x0213
mem[X,0x8001C576] -> 0x0000
[2920] [M]: 0x8001C574 (0x00000213) addi tp, zero, 0
x4 <- 0x00000000


mem[X,0x8001C578] -> 0x006F
mem[X,0x8001C57A] -> 0x00C0
[2921] [M]: 0x8001C578 (0x00C0006F) jal zero, 12


mem[X,0x8001C584] -> 0x6CE3
mem[X,0x8001C586] -> 0xFEB5
[2922] [M]: 0x8001C584 (0xFEB56CE3) bltu a0, a1, 8184


mem[X,0x8001C57C] -> 0x0213
mem[X,0x8001C57E] -> 0x0012
[2923] [M]: 0x8001C57C (0x00120213) addi tp, tp, 1
x4 <- 0x00000001


mem[X,0x8001C580] -> 0x006F
mem[X,0x8001C582] -> 0x0180
[2924] [M]: 0x8001C580 (0x0180006F) jal zero, 24


mem[X,0x8001C598] -> 0xAC23
mem[X,0x8001C59A] -> 0x4640
[2925] [M]: 0x8001C598 (0x4640AC23) sw tp, 1144(ra)
mem[0x8004C5EC] <- 0x00000001


mem[X,0x8001C59C] -> 0x0537
mem[X,0x8001C59E] -> 0x0001
[2926] [M]: 0x8001C59C (0x00010537) lui a0, 16
x10 <- 0x00010000


mem[X,0x8001C5A0] -> 0x0513
mem[X,0x8001C5A2] -> 0xFFF5
[2927] [M]: 0x8001C5A0 (0xFFF50513) addi a0, a0, 4095
x10 <- 0x0000FFFF


mem[X,0x8001C5A4] -> 0xB5B7
mem[X,0x8001C5A6] -> 0xAAAA
[2928] [M]: 0x8001C5A4 (0xAAAAB5B7) lui a1, 699051
x11 <- 0xAAAAB000


mem[X,0x8001C5A8] -> 0x8593
mem[X,0x8001C5AA] -> 0xAA95
[2929] [M]: 0x8001C5A8 (0xAA958593) addi a1, a1, 2729
x11 <- 0xAAAAAAA9


mem[X,0x8001C5AC] -> 0x0213
mem[X,0x8001C5AE] -> 0x0000
[2930] [M]: 0x8001C5AC (0x00000213) addi tp, zero, 0
x4 <- 0x00000000


mem[X,0x8001C5B0] -> 0x006F
mem[X,0x8001C5B2] -> 0x2B10
[2931] [M]: 0x8001C5B0 (0x2B10006F) jal zero, 2736


mem[X,0x8001D060] -> 0x6A63
mem[X,0x8001D062] -> 0xD4B5
[2932] [M]: 0x8001D060 (0xD4B56A63) bltu a0, a1, 5460


mem[X,0x8001C5B4] -> 0x0213
mem[X,0x8001C5B6] -> 0x0012
[2933] [M]: 0x8001C5B4 (0x00120213) addi tp, tp, 1
x4 <- 0x00000001


mem[X,0x8001C5B8] -> 0x006F
mem[X,0x8001C5BA] -> 0x2BD0
[2934] [M]: 0x8001C5B8 (0x2BD0006F) jal zero, 2748


mem[X,0x8001D074] -> 0xAE23
mem[X,0x8001D076] -> 0x4640
[2935] [M]: 0x8001D074 (0x4640AE23) sw tp, 1148(ra)
mem[0x8004C5F0] <- 0x00000001


mem[X,0x8001D078] -> 0x0537
mem[X,0x8001D07A] -> 0x0001
[2936] [M]: 0x8001D078 (0x00010537) lui a0, 16
x10 <- 0x00010000


mem[X,0x8001D07C] -> 0x0513
mem[X,0x8001D07E] -> 0xFFF5
[2937] [M]: 0x8001D07C (0xFFF50513) addi a0, a0, 4095
x10 <- 0x0000FFFF


mem[X,0x8001D080] -> 0x0593
mem[X,0x8001D082] -> 0x0040
[2938] [M]: 0x8001D080 (0x00400593) addi a1, zero, 4
x11 <- 0x00000004


mem[X,0x8001D084] -> 0x0213
mem[X,0x8001D086] -> 0x0000
[2939] [M]: 0x8001D084 (0x00000213) addi tp, zero, 0
x4 <- 0x00000000


mem[X,0x8001D088] -> 0x006F
mem[X,0x8001D08A] -> 0x00C0
[2940] [M]: 0x8001D088 (0x00C0006F) jal zero, 12


mem[X,0x8001D094] -> 0x6063
mem[X,0x8001D096] -> 0x40B5
[2941] [M]: 0x8001D094 (0x40B56063) bltu a0, a1, 1024


mem[X,0x8001D098] -> 0x0213
mem[X,0x8001D09A] -> 0x0022
[2942] [M]: 0x8001D098 (0x00220213) addi tp, tp, 2
x4 <- 0x00000002


mem[X,0x8001D09C] -> 0x006F
mem[X,0x8001D09E] -> 0x4000
[2943] [M]: 0x8001D09C (0x4000006F) jal zero, 1024


mem[X,0x8001D49C] -> 0xA023
mem[X,0x8001D49E] -> 0x4840
[2944] [M]: 0x8001D49C (0x4840A023) sw tp, 1152(ra)
mem[0x8004C5F4] <- 0x00000002


mem[X,0x8001D4A0] -> 0x0537
mem[X,0x8001D4A2] -> 0x0001
[2945] [M]: 0x8001D4A0 (0x00010537) lui a0, 16
x10 <- 0x00010000


mem[X,0x8001D4A4] -> 0x0513
mem[X,0x8001D4A6] -> 0xFFF5
[2946] [M]: 0x8001D4A4 (0xFFF50513) addi a0, a0, 4095
x10 <- 0x0000FFFF


mem[X,0x8001D4A8] -> 0x35B7
mem[X,0x8001D4AA] -> 0x3333
[2947] [M]: 0x8001D4A8 (0x333335B7) lui a1, 209715
x11 <- 0x33333000


mem[X,0x8001D4AC] -> 0x8593
mem[X,0x8001D4AE] -> 0x3325
[2948] [M]: 0x8001D4AC (0x33258593) addi a1, a1, 818
x11 <- 0x33333332


mem[X,0x8001D4B0] -> 0x0213
mem[X,0x8001D4B2] -> 0x0000
[2949] [M]: 0x8001D4B0 (0x00000213) addi tp, zero, 0
x4 <- 0x00000000


mem[X,0x8001D4B4] -> 0x006F
mem[X,0x8001D4B6] -> 0x00C0
[2950] [M]: 0x8001D4B4 (0x00C0006F) jal zero, 12


mem[X,0x8001D4C0] -> 0x6663
mem[X,0x8001D4C2] -> 0x00B5
[2951] [M]: 0x8001D4C0 (0x00B56663) bltu a0, a1, 12


mem[X,0x8001D4CC] -> 0x0213
mem[X,0x8001D4CE] -> 0x0032
[2952] [M]: 0x8001D4CC (0x00320213) addi tp, tp, 3
x4 <- 0x00000003


mem[X,0x8001D4D0] -> 0x006F
mem[X,0x8001D4D2] -> 0x0040
[2953] [M]: 0x8001D4D0 (0x0040006F) jal zero, 4


mem[X,0x8001D4D4] -> 0xA223
mem[X,0x8001D4D6] -> 0x4840
[2954] [M]: 0x8001D4D4 (0x4840A223) sw tp, 1156(ra)
mem[0x8004C5F8] <- 0x00000003


mem[X,0x8001D4D8] -> 0x0537
mem[X,0x8001D4DA] -> 0x0001
[2955] [M]: 0x8001D4D8 (0x00010537) lui a0, 16
x10 <- 0x00010000


mem[X,0x8001D4DC] -> 0x0513
mem[X,0x8001D4DE] -> 0xFFF5
[2956] [M]: 0x8001D4DC (0xFFF50513) addi a0, a0, 4095
x10 <- 0x0000FFFF


mem[X,0x8001D4E0] -> 0x65B7
mem[X,0x8001D4E2] -> 0x6666
[2957] [M]: 0x8001D4E0 (0x666665B7) lui a1, 419430
x11 <- 0x66666000


mem[X,0x8001D4E4] -> 0x8593
mem[X,0x8001D4E6] -> 0x6655
[2958] [M]: 0x8001D4E4 (0x66558593) addi a1, a1, 1637
x11 <- 0x66666665


mem[X,0x8001D4E8] -> 0x0213
mem[X,0x8001D4EA] -> 0x0000
[2959] [M]: 0x8001D4E8 (0x00000213) addi tp, zero, 0
x4 <- 0x00000000


mem[X,0x8001D4EC] -> 0x006F
mem[X,0x8001D4EE] -> 0x00C0
[2960] [M]: 0x8001D4EC (0x00C0006F) jal zero, 12


mem[X,0x8001D4F8] -> 0x6663
mem[X,0x8001D4FA] -> 0x00B5
[2961] [M]: 0x8001D4F8 (0x00B56663) bltu a0, a1, 12


mem[X,0x8001D504] -> 0x0213
mem[X,0x8001D506] -> 0x0032
[2962] [M]: 0x8001D504 (0x00320213) addi tp, tp, 3
x4 <- 0x00000003


mem[X,0x8001D508] -> 0x006F
mem[X,0x8001D50A] -> 0x0040
[2963] [M]: 0x8001D508 (0x0040006F) jal zero, 4


mem[X,0x8001D50C] -> 0xA423
mem[X,0x8001D50E] -> 0x4840
[2964] [M]: 0x8001D50C (0x4840A423) sw tp, 1160(ra)
mem[0x8004C5FC] <- 0x00000003


mem[X,0x8001D510] -> 0x0537
mem[X,0x8001D512] -> 0x0001
[2965] [M]: 0x8001D510 (0x00010537) lui a0, 16
x10 <- 0x00010000


mem[X,0x8001D514] -> 0x0513
mem[X,0x8001D516] -> 0xFFF5
[2966] [M]: 0x8001D514 (0xFFF50513) addi a0, a0, 4095
x10 <- 0x0000FFFF


mem[X,0x8001D518] -> 0xB5B7
mem[X,0x8001D51A] -> 0x0000
[2967] [M]: 0x8001D518 (0x0000B5B7) lui a1, 11
x11 <- 0x0000B000


mem[X,0x8001D51C] -> 0x8593
mem[X,0x8001D51E] -> 0x5035
[2968] [M]: 0x8001D51C (0x50358593) addi a1, a1, 1283
x11 <- 0x0000B503


mem[X,0x8001D520] -> 0x0213
mem[X,0x8001D522] -> 0x0000
[2969] [M]: 0x8001D520 (0x00000213) addi tp, zero, 0
x4 <- 0x00000000


mem[X,0x8001D524] -> 0x006F
mem[X,0x8001D526] -> 0x00C0
[2970] [M]: 0x8001D524 (0x00C0006F) jal zero, 12


mem[X,0x8001D530] -> 0x6063
mem[X,0x8001D532] -> 0x40B5
[2971] [M]: 0x8001D530 (0x40B56063) bltu a0, a1, 1024


mem[X,0x8001D534] -> 0x0213
mem[X,0x8001D536] -> 0x0022
[2972] [M]: 0x8001D534 (0x00220213) addi tp, tp, 2
x4 <- 0x00000002


mem[X,0x8001D538] -> 0x006F
mem[X,0x8001D53A] -> 0x4000
[2973] [M]: 0x8001D538 (0x4000006F) jal zero, 1024


mem[X,0x8001D938] -> 0xA623
mem[X,0x8001D93A] -> 0x4840
[2974] [M]: 0x8001D938 (0x4840A623) sw tp, 1164(ra)
mem[0x8004C600] <- 0x00000002


mem[X,0x8001D93C] -> 0x0537
mem[X,0x8001D93E] -> 0x0001
[2975] [M]: 0x8001D93C (0x00010537) lui a0, 16
x10 <- 0x00010000


mem[X,0x8001D940] -> 0x0513
mem[X,0x8001D942] -> 0xFFF5
[2976] [M]: 0x8001D940 (0xFFF50513) addi a0, a0, 4095
x10 <- 0x0000FFFF


mem[X,0x8001D944] -> 0x05B7
mem[X,0x8001D946] -> 0x0001
[2977] [M]: 0x8001D944 (0x000105B7) lui a1, 16
x11 <- 0x00010000


mem[X,0x8001D948] -> 0x8593
mem[X,0x8001D94A] -> 0xFFE5
[2978] [M]: 0x8001D948 (0xFFE58593) addi a1, a1, 4094
x11 <- 0x0000FFFE


mem[X,0x8001D94C] -> 0x0213
mem[X,0x8001D94E] -> 0x0000
[2979] [M]: 0x8001D94C (0x00000213) addi tp, zero, 0
x4 <- 0x00000000


mem[X,0x8001D950] -> 0x006F
mem[X,0x8001D952] -> 0x00C0
[2980] [M]: 0x8001D950 (0x00C0006F) jal zero, 12


mem[X,0x8001D95C] -> 0x6CE3
mem[X,0x8001D95E] -> 0xFEB5
[2981] [M]: 0x8001D95C (0xFEB56CE3) bltu a0, a1, 8184


mem[X,0x8001D960] -> 0x0213
mem[X,0x8001D962] -> 0x0022
[2982] [M]: 0x8001D960 (0x00220213) addi tp, tp, 2
x4 <- 0x00000002


mem[X,0x8001D964] -> 0x006F
mem[X,0x8001D966] -> 0x00C0
[2983] [M]: 0x8001D964 (0x00C0006F) jal zero, 12


mem[X,0x8001D970] -> 0xA823
mem[X,0x8001D972] -> 0x4840
[2984] [M]: 0x8001D970 (0x4840A823) sw tp, 1168(ra)
mem[0x8004C604] <- 0x00000002


mem[X,0x8001D974] -> 0x0537
mem[X,0x8001D976] -> 0x0001
[2985] [M]: 0x8001D974 (0x00010537) lui a0, 16
x10 <- 0x00010000


mem[X,0x8001D978] -> 0x0513
mem[X,0x8001D97A] -> 0xFFF5
[2986] [M]: 0x8001D978 (0xFFF50513) addi a0, a0, 4095
x10 <- 0x0000FFFF


mem[X,0x8001D97C] -> 0x55B7
mem[X,0x8001D97E] -> 0x5555
[2987] [M]: 0x8001D97C (0x555555B7) lui a1, 349525
x11 <- 0x55555000


mem[X,0x8001D980] -> 0x8593
mem[X,0x8001D982] -> 0x5565
[2988] [M]: 0x8001D980 (0x55658593) addi a1, a1, 1366
x11 <- 0x55555556


mem[X,0x8001D984] -> 0x0213
mem[X,0x8001D986] -> 0x0000
[2989] [M]: 0x8001D984 (0x00000213) addi tp, zero, 0
x4 <- 0x00000000


mem[X,0x8001D988] -> 0x006F
mem[X,0x8001D98A] -> 0x00C0
[2990] [M]: 0x8001D988 (0x00C0006F) jal zero, 12


mem[X,0x8001D994] -> 0x6063
mem[X,0x8001D996] -> 0x08B5
[2991] [M]: 0x8001D994 (0x08B56063) bltu a0, a1, 128


mem[X,0x8001DA14] -> 0x0213
mem[X,0x8001DA16] -> 0x0032
[2992] [M]: 0x8001DA14 (0x00320213) addi tp, tp, 3
x4 <- 0x00000003


mem[X,0x8001DA18] -> 0x006F
mem[X,0x8001DA1A] -> 0x0040
[2993] [M]: 0x8001DA18 (0x0040006F) jal zero, 4


mem[X,0x8001DA1C] -> 0xAA23
mem[X,0x8001DA1E] -> 0x4840
[2994] [M]: 0x8001DA1C (0x4840AA23) sw tp, 1172(ra)
mem[0x8004C608] <- 0x00000003


mem[X,0x8001DA20] -> 0x0537
mem[X,0x8001DA22] -> 0x0001
[2995] [M]: 0x8001DA20 (0x00010537) lui a0, 16
x10 <- 0x00010000


mem[X,0x8001DA24] -> 0x0513
mem[X,0x8001DA26] -> 0xFFF5
[2996] [M]: 0x8001DA24 (0xFFF50513) addi a0, a0, 4095
x10 <- 0x0000FFFF


mem[X,0x8001DA28] -> 0xB5B7
mem[X,0x8001DA2A] -> 0xAAAA
[2997] [M]: 0x8001DA28 (0xAAAAB5B7) lui a1, 699051
x11 <- 0xAAAAB000


mem[X,0x8001DA2C] -> 0x8593
mem[X,0x8001DA2E] -> 0xAAB5
[2998] [M]: 0x8001DA2C (0xAAB58593) addi a1, a1, 2731
x11 <- 0xAAAAAAAB


mem[X,0x8001DA30] -> 0x0213
mem[X,0x8001DA32] -> 0x0000
[2999] [M]: 0x8001DA30 (0x00000213) addi tp, zero, 0
x4 <- 0x00000000


clint::tick mtime <- 0x000000000000001E
 clint timer pending at mtime 0x000000000000001E
htif::tick 0x0000000000000000
mem[X,0x8001DA34] -> 0x006F
mem[X,0x8001DA36] -> 0x0180
[3000] [M]: 0x8001DA34 (0x0180006F) jal zero, 24


mem[X,0x8001DA4C] -> 0x66E3
mem[X,0x8001DA4E] -> 0xFEB5
[3001] [M]: 0x8001DA4C (0xFEB566E3) bltu a0, a1, 8172


mem[X,0x8001DA38] -> 0x0213
mem[X,0x8001DA3A] -> 0x0012
[3002] [M]: 0x8001DA38 (0x00120213) addi tp, tp, 1
x4 <- 0x00000001


mem[X,0x8001DA3C] -> 0x006F
mem[X,0x8001DA3E] -> 0x0240
[3003] [M]: 0x8001DA3C (0x0240006F) jal zero, 36


mem[X,0x8001DA60] -> 0xAC23
mem[X,0x8001DA62] -> 0x4840
[3004] [M]: 0x8001DA60 (0x4840AC23) sw tp, 1176(ra)
mem[0x8004C60C] <- 0x00000001


mem[X,0x8001DA64] -> 0x0537
mem[X,0x8001DA66] -> 0x0001
[3005] [M]: 0x8001DA64 (0x00010537) lui a0, 16
x10 <- 0x00010000


mem[X,0x8001DA68] -> 0x0513
mem[X,0x8001DA6A] -> 0xFFF5
[3006] [M]: 0x8001DA68 (0xFFF50513) addi a0, a0, 4095
x10 <- 0x0000FFFF


mem[X,0x8001DA6C] -> 0x0593
mem[X,0x8001DA6E] -> 0x0060
[3007] [M]: 0x8001DA6C (0x00600593) addi a1, zero, 6
x11 <- 0x00000006


mem[X,0x8001DA70] -> 0x0213
mem[X,0x8001DA72] -> 0x0000
[3008] [M]: 0x8001DA70 (0x00000213) addi tp, zero, 0
x4 <- 0x00000000


mem[X,0x8001DA74] -> 0x006F
mem[X,0x8001DA76] -> 0x00C0
[3009] [M]: 0x8001DA74 (0x00C0006F) jal zero, 12


mem[X,0x8001DA80] -> 0x6063
mem[X,0x8001DA82] -> 0x20B5
[3010] [M]: 0x8001DA80 (0x20B56063) bltu a0, a1, 512


mem[X,0x8001DA84] -> 0x0213
mem[X,0x8001DA86] -> 0x0022
[3011] [M]: 0x8001DA84 (0x00220213) addi tp, tp, 2
x4 <- 0x00000002


mem[X,0x8001DA88] -> 0x006F
mem[X,0x8001DA8A] -> 0x2000
[3012] [M]: 0x8001DA88 (0x2000006F) jal zero, 512


mem[X,0x8001DC88] -> 0xAE23
mem[X,0x8001DC8A] -> 0x4840
[3013] [M]: 0x8001DC88 (0x4840AE23) sw tp, 1180(ra)
mem[0x8004C610] <- 0x00000002


mem[X,0x8001DC8C] -> 0x0537
mem[X,0x8001DC8E] -> 0x0001
[3014] [M]: 0x8001DC8C (0x00010537) lui a0, 16
x10 <- 0x00010000


mem[X,0x8001DC90] -> 0x0513
mem[X,0x8001DC92] -> 0xFFF5
[3015] [M]: 0x8001DC90 (0xFFF50513) addi a0, a0, 4095
x10 <- 0x0000FFFF


mem[X,0x8001DC94] -> 0x35B7
mem[X,0x8001DC96] -> 0x3333
[3016] [M]: 0x8001DC94 (0x333335B7) lui a1, 209715
x11 <- 0x33333000


mem[X,0x8001DC98] -> 0x8593
mem[X,0x8001DC9A] -> 0x3345
[3017] [M]: 0x8001DC98 (0x33458593) addi a1, a1, 820
x11 <- 0x33333334


mem[X,0x8001DC9C] -> 0x0213
mem[X,0x8001DC9E] -> 0x0000
[3018] [M]: 0x8001DC9C (0x00000213) addi tp, zero, 0
x4 <- 0x00000000


mem[X,0x8001DCA0] -> 0x006F
mem[X,0x8001DCA2] -> 0x00C0
[3019] [M]: 0x8001DCA0 (0x00C0006F) jal zero, 12


mem[X,0x8001DCAC] -> 0x6663
mem[X,0x8001DCAE] -> 0x00B5
[3020] [M]: 0x8001DCAC (0x00B56663) bltu a0, a1, 12


mem[X,0x8001DCB8] -> 0x0213
mem[X,0x8001DCBA] -> 0x0032
[3021] [M]: 0x8001DCB8 (0x00320213) addi tp, tp, 3
x4 <- 0x00000003


mem[X,0x8001DCBC] -> 0x006F
mem[X,0x8001DCBE] -> 0x0040
[3022] [M]: 0x8001DCBC (0x0040006F) jal zero, 4


mem[X,0x8001DCC0] -> 0xA023
mem[X,0x8001DCC2] -> 0x4A40
[3023] [M]: 0x8001DCC0 (0x4A40A023) sw tp, 1184(ra)
mem[0x8004C614] <- 0x00000003


mem[X,0x8001DCC4] -> 0x0537
mem[X,0x8001DCC6] -> 0x0001
[3024] [M]: 0x8001DCC4 (0x00010537) lui a0, 16
x10 <- 0x00010000


mem[X,0x8001DCC8] -> 0x0513
mem[X,0x8001DCCA] -> 0xFFF5
[3025] [M]: 0x8001DCC8 (0xFFF50513) addi a0, a0, 4095
x10 <- 0x0000FFFF


mem[X,0x8001DCCC] -> 0x65B7
mem[X,0x8001DCCE] -> 0x6666
[3026] [M]: 0x8001DCCC (0x666665B7) lui a1, 419430
x11 <- 0x66666000


mem[X,0x8001DCD0] -> 0x8593
mem[X,0x8001DCD2] -> 0x6675
[3027] [M]: 0x8001DCD0 (0x66758593) addi a1, a1, 1639
x11 <- 0x66666667


mem[X,0x8001DCD4] -> 0x0213
mem[X,0x8001DCD6] -> 0x0000
[3028] [M]: 0x8001DCD4 (0x00000213) addi tp, zero, 0
x4 <- 0x00000000


mem[X,0x8001DCD8] -> 0x006F
mem[X,0x8001DCDA] -> 0x00C0
[3029] [M]: 0x8001DCD8 (0x00C0006F) jal zero, 12


mem[X,0x8001DCE4] -> 0x6663
mem[X,0x8001DCE6] -> 0x00B5
[3030] [M]: 0x8001DCE4 (0x00B56663) bltu a0, a1, 12


mem[X,0x8001DCF0] -> 0x0213
mem[X,0x8001DCF2] -> 0x0032
[3031] [M]: 0x8001DCF0 (0x00320213) addi tp, tp, 3
x4 <- 0x00000003


mem[X,0x8001DCF4] -> 0x006F
mem[X,0x8001DCF6] -> 0x0040
[3032] [M]: 0x8001DCF4 (0x0040006F) jal zero, 4


mem[X,0x8001DCF8] -> 0xA223
mem[X,0x8001DCFA] -> 0x4A40
[3033] [M]: 0x8001DCF8 (0x4A40A223) sw tp, 1188(ra)
mem[0x8004C618] <- 0x00000003


mem[X,0x8001DCFC] -> 0x0537
mem[X,0x8001DCFE] -> 0x0001
[3034] [M]: 0x8001DCFC (0x00010537) lui a0, 16
x10 <- 0x00010000


mem[X,0x8001DD00] -> 0x0513
mem[X,0x8001DD02] -> 0xFFF5
[3035] [M]: 0x8001DD00 (0xFFF50513) addi a0, a0, 4095
x10 <- 0x0000FFFF


mem[X,0x8001DD04] -> 0xB5B7
mem[X,0x8001DD06] -> 0x0000
[3036] [M]: 0x8001DD04 (0x0000B5B7) lui a1, 11
x11 <- 0x0000B000


mem[X,0x8001DD08] -> 0x8593
mem[X,0x8001DD0A] -> 0x5055
[3037] [M]: 0x8001DD08 (0x50558593) addi a1, a1, 1285
x11 <- 0x0000B505


mem[X,0x8001DD0C] -> 0x0213
mem[X,0x8001DD0E] -> 0x0000
[3038] [M]: 0x8001DD0C (0x00000213) addi tp, zero, 0
x4 <- 0x00000000


mem[X,0x8001DD10] -> 0x006F
mem[X,0x8001DD12] -> 0x00C0
[3039] [M]: 0x8001DD10 (0x00C0006F) jal zero, 12


mem[X,0x8001DD1C] -> 0x6063
mem[X,0x8001DD1E] -> 0x20B5
[3040] [M]: 0x8001DD1C (0x20B56063) bltu a0, a1, 512


mem[X,0x8001DD20] -> 0x0213
mem[X,0x8001DD22] -> 0x0022
[3041] [M]: 0x8001DD20 (0x00220213) addi tp, tp, 2
x4 <- 0x00000002


mem[X,0x8001DD24] -> 0x006F
mem[X,0x8001DD26] -> 0x2000
[3042] [M]: 0x8001DD24 (0x2000006F) jal zero, 512


mem[X,0x8001DF24] -> 0xA423
mem[X,0x8001DF26] -> 0x4A40
[3043] [M]: 0x8001DF24 (0x4A40A423) sw tp, 1192(ra)
mem[0x8004C61C] <- 0x00000002


mem[X,0x8001DF28] -> 0x0537
mem[X,0x8001DF2A] -> 0x0001
[3044] [M]: 0x8001DF28 (0x00010537) lui a0, 16
x10 <- 0x00010000


mem[X,0x8001DF2C] -> 0x0513
mem[X,0x8001DF2E] -> 0xFFF5
[3045] [M]: 0x8001DF2C (0xFFF50513) addi a0, a0, 4095
x10 <- 0x0000FFFF


mem[X,0x8001DF30] -> 0x0593
mem[X,0x8001DF32] -> 0x0010
[3046] [M]: 0x8001DF30 (0x00100593) addi a1, zero, 1
x11 <- 0x00000001


mem[X,0x8001DF34] -> 0x0213
mem[X,0x8001DF36] -> 0x0000
[3047] [M]: 0x8001DF34 (0x00000213) addi tp, zero, 0
x4 <- 0x00000000


mem[X,0x8001DF38] -> 0x006F
mem[X,0x8001DF3A] -> 0x0180
[3048] [M]: 0x8001DF38 (0x0180006F) jal zero, 24


mem[X,0x8001DF50] -> 0x66E3
mem[X,0x8001DF52] -> 0xFEB5
[3049] [M]: 0x8001DF50 (0xFEB566E3) bltu a0, a1, 8172


mem[X,0x8001DF54] -> 0x0213
mem[X,0x8001DF56] -> 0x0022
[3050] [M]: 0x8001DF54 (0x00220213) addi tp, tp, 2
x4 <- 0x00000002


mem[X,0x8001DF58] -> 0x006F
mem[X,0x8001DF5A] -> 0x00C0
[3051] [M]: 0x8001DF58 (0x00C0006F) jal zero, 12


mem[X,0x8001DF64] -> 0xA623
mem[X,0x8001DF66] -> 0x4A40
[3052] [M]: 0x8001DF64 (0x4A40A623) sw tp, 1196(ra)
mem[0x8004C620] <- 0x00000002


mem[X,0x8001DF68] -> 0x0537
mem[X,0x8001DF6A] -> 0x0001
[3053] [M]: 0x8001DF68 (0x00010537) lui a0, 16
x10 <- 0x00010000


mem[X,0x8001DF6C] -> 0x0513
mem[X,0x8001DF6E] -> 0xFFF5
[3054] [M]: 0x8001DF6C (0xFFF50513) addi a0, a0, 4095
x10 <- 0x0000FFFF


mem[X,0x8001DF70] -> 0x05B7
mem[X,0x8001DF72] -> 0x0001
[3055] [M]: 0x8001DF70 (0x000105B7) lui a1, 16
x11 <- 0x00010000


mem[X,0x8001DF74] -> 0x0213
mem[X,0x8001DF76] -> 0x0000
[3056] [M]: 0x8001DF74 (0x00000213) addi tp, zero, 0
x4 <- 0x00000000


mem[X,0x8001DF78] -> 0x006F
mem[X,0x8001DF7A] -> 0x2B10
[3057] [M]: 0x8001DF78 (0x2B10006F) jal zero, 2736


mem[X,0x8001EA28] -> 0x6A63
mem[X,0x8001EA2A] -> 0xD4B5
[3058] [M]: 0x8001EA28 (0xD4B56A63) bltu a0, a1, 5460


mem[X,0x8001DF7C] -> 0x0213
mem[X,0x8001DF7E] -> 0x0012
[3059] [M]: 0x8001DF7C (0x00120213) addi tp, tp, 1
x4 <- 0x00000001


mem[X,0x8001DF80] -> 0x006F
mem[X,0x8001DF82] -> 0x2BD0
[3060] [M]: 0x8001DF80 (0x2BD0006F) jal zero, 2748


mem[X,0x8001EA3C] -> 0xA823
mem[X,0x8001EA3E] -> 0x4A40
[3061] [M]: 0x8001EA3C (0x4A40A823) sw tp, 1200(ra)
mem[0x8004C624] <- 0x00000001


mem[X,0x8001EA40] -> 0x0513
mem[X,0x8001EA42] -> 0x0020
[3062] [M]: 0x8001EA40 (0x00200513) addi a0, zero, 2
x10 <- 0x00000002


mem[X,0x8001EA44] -> 0x0593
mem[X,0x8001EA46] -> 0x0030
[3063] [M]: 0x8001EA44 (0x00300593) addi a1, zero, 3
x11 <- 0x00000003


mem[X,0x8001EA48] -> 0x0213
mem[X,0x8001EA4A] -> 0x0000
[3064] [M]: 0x8001EA48 (0x00000213) addi tp, zero, 0
x4 <- 0x00000000


mem[X,0x8001EA4C] -> 0x006F
mem[X,0x8001EA4E] -> 0x00C0
[3065] [M]: 0x8001EA4C (0x00C0006F) jal zero, 12


mem[X,0x8001EA58] -> 0x6663
mem[X,0x8001EA5A] -> 0x00B5
[3066] [M]: 0x8001EA58 (0x00B56663) bltu a0, a1, 12


mem[X,0x8001EA64] -> 0x0213
mem[X,0x8001EA66] -> 0x0032
[3067] [M]: 0x8001EA64 (0x00320213) addi tp, tp, 3
x4 <- 0x00000003


mem[X,0x8001EA68] -> 0x006F
mem[X,0x8001EA6A] -> 0x0040
[3068] [M]: 0x8001EA68 (0x0040006F) jal zero, 4


mem[X,0x8001EA6C] -> 0xAA23
mem[X,0x8001EA6E] -> 0x4A40
[3069] [M]: 0x8001EA6C (0x4A40AA23) sw tp, 1204(ra)
mem[0x8004C628] <- 0x00000003


mem[X,0x8001EA70] -> 0x0513
mem[X,0x8001EA72] -> 0x0020
[3070] [M]: 0x8001EA70 (0x00200513) addi a0, zero, 2
x10 <- 0x00000002


mem[X,0x8001EA74] -> 0x55B7
mem[X,0x8001EA76] -> 0x5555
[3071] [M]: 0x8001EA74 (0x555555B7) lui a1, 349525
x11 <- 0x55555000


mem[X,0x8001EA78] -> 0x8593
mem[X,0x8001EA7A] -> 0x5555
[3072] [M]: 0x8001EA78 (0x55558593) addi a1, a1, 1365
x11 <- 0x55555555


mem[X,0x8001EA7C] -> 0x0213
mem[X,0x8001EA7E] -> 0x0000
[3073] [M]: 0x8001EA7C (0x00000213) addi tp, zero, 0
x4 <- 0x00000000


mem[X,0x8001EA80] -> 0x006F
mem[X,0x8001EA82] -> 0x00C0
[3074] [M]: 0x8001EA80 (0x00C0006F) jal zero, 12


mem[X,0x8001EA8C] -> 0x6CE3
mem[X,0x8001EA8E] -> 0xFEB5
[3075] [M]: 0x8001EA8C (0xFEB56CE3) bltu a0, a1, 8184


mem[X,0x8001EA84] -> 0x0213
mem[X,0x8001EA86] -> 0x0012
[3076] [M]: 0x8001EA84 (0x00120213) addi tp, tp, 1
x4 <- 0x00000001


mem[X,0x8001EA88] -> 0x006F
mem[X,0x8001EA8A] -> 0x0180
[3077] [M]: 0x8001EA88 (0x0180006F) jal zero, 24


mem[X,0x8001EAA0] -> 0xAC23
mem[X,0x8001EAA2] -> 0x4A40
[3078] [M]: 0x8001EAA0 (0x4A40AC23) sw tp, 1208(ra)
mem[0x8004C62C] <- 0x00000001


mem[X,0x8001EAA4] -> 0x0513
mem[X,0x8001EAA6] -> 0x0020
[3079] [M]: 0x8001EAA4 (0x00200513) addi a0, zero, 2
x10 <- 0x00000002


mem[X,0x8001EAA8] -> 0xB5B7
mem[X,0x8001EAAA] -> 0xAAAA
[3080] [M]: 0x8001EAA8 (0xAAAAB5B7) lui a1, 699051
x11 <- 0xAAAAB000


mem[X,0x8001EAAC] -> 0x8593
mem[X,0x8001EAAE] -> 0xAAA5
[3081] [M]: 0x8001EAAC (0xAAA58593) addi a1, a1, 2730
x11 <- 0xAAAAAAAA


mem[X,0x8001EAB0] -> 0x0213
mem[X,0x8001EAB2] -> 0x0000
[3082] [M]: 0x8001EAB0 (0x00000213) addi tp, zero, 0
x4 <- 0x00000000


mem[X,0x8001EAB4] -> 0x006F
mem[X,0x8001EAB6] -> 0x00C0
[3083] [M]: 0x8001EAB4 (0x00C0006F) jal zero, 12


mem[X,0x8001EAC0] -> 0x6CE3
mem[X,0x8001EAC2] -> 0xFEB5
[3084] [M]: 0x8001EAC0 (0xFEB56CE3) bltu a0, a1, 8184


mem[X,0x8001EAB8] -> 0x0213
mem[X,0x8001EABA] -> 0x0012
[3085] [M]: 0x8001EAB8 (0x00120213) addi tp, tp, 1
x4 <- 0x00000001


mem[X,0x8001EABC] -> 0x006F
mem[X,0x8001EABE] -> 0x0180
[3086] [M]: 0x8001EABC (0x0180006F) jal zero, 24


mem[X,0x8001EAD4] -> 0xAE23
mem[X,0x8001EAD6] -> 0x4A40
[3087] [M]: 0x8001EAD4 (0x4A40AE23) sw tp, 1212(ra)
mem[0x8004C630] <- 0x00000001


mem[X,0x8001EAD8] -> 0x0513
mem[X,0x8001EADA] -> 0x0020
[3088] [M]: 0x8001EAD8 (0x00200513) addi a0, zero, 2
x10 <- 0x00000002


mem[X,0x8001EADC] -> 0x0593
mem[X,0x8001EADE] -> 0x0050
[3089] [M]: 0x8001EADC (0x00500593) addi a1, zero, 5
x11 <- 0x00000005


mem[X,0x8001EAE0] -> 0x0213
mem[X,0x8001EAE2] -> 0x0000
[3090] [M]: 0x8001EAE0 (0x00000213) addi tp, zero, 0
x4 <- 0x00000000


mem[X,0x8001EAE4] -> 0x006F
mem[X,0x8001EAE6] -> 0x0100
[3091] [M]: 0x8001EAE4 (0x0100006F) jal zero, 16


mem[X,0x8001EAF4] -> 0x6AE3
mem[X,0x8001EAF6] -> 0xFEB5
[3092] [M]: 0x8001EAF4 (0xFEB56AE3) bltu a0, a1, 8180


mem[X,0x8001EAE8] -> 0x0213
mem[X,0x8001EAEA] -> 0x0012
[3093] [M]: 0x8001EAE8 (0x00120213) addi tp, tp, 1
x4 <- 0x00000001


mem[X,0x8001EAEC] -> 0x006F
mem[X,0x8001EAEE] -> 0x01C0
[3094] [M]: 0x8001EAEC (0x01C0006F) jal zero, 28


mem[X,0x8001EB08] -> 0xA023
mem[X,0x8001EB0A] -> 0x4C40
[3095] [M]: 0x8001EB08 (0x4C40A023) sw tp, 1216(ra)
mem[0x8004C634] <- 0x00000001


mem[X,0x8001EB0C] -> 0x0513
mem[X,0x8001EB0E] -> 0x0020
[3096] [M]: 0x8001EB0C (0x00200513) addi a0, zero, 2
x10 <- 0x00000002


mem[X,0x8001EB10] -> 0x35B7
mem[X,0x8001EB12] -> 0x3333
[3097] [M]: 0x8001EB10 (0x333335B7) lui a1, 209715
x11 <- 0x33333000


mem[X,0x8001EB14] -> 0x8593
mem[X,0x8001EB16] -> 0x3335
[3098] [M]: 0x8001EB14 (0x33358593) addi a1, a1, 819
x11 <- 0x33333333


mem[X,0x8001EB18] -> 0x0213
mem[X,0x8001EB1A] -> 0x0000
[3099] [M]: 0x8001EB18 (0x00000213) addi tp, zero, 0
x4 <- 0x00000000


clint::tick mtime <- 0x000000000000001F
 clint timer pending at mtime 0x000000000000001F
htif::tick 0x0000000000000000
mem[X,0x8001EB1C] -> 0x006F
mem[X,0x8001EB1E] -> 0x00C0
[3100] [M]: 0x8001EB1C (0x00C0006F) jal zero, 12


mem[X,0x8001EB28] -> 0x6063
mem[X,0x8001EB2A] -> 0x04B5
[3101] [M]: 0x8001EB28 (0x04B56063) bltu a0, a1, 64


mem[X,0x8001EB68] -> 0x0213
mem[X,0x8001EB6A] -> 0x0032
[3102] [M]: 0x8001EB68 (0x00320213) addi tp, tp, 3
x4 <- 0x00000003


mem[X,0x8001EB6C] -> 0x006F
mem[X,0x8001EB6E] -> 0x0040
[3103] [M]: 0x8001EB6C (0x0040006F) jal zero, 4


mem[X,0x8001EB70] -> 0xA223
mem[X,0x8001EB72] -> 0x4C40
[3104] [M]: 0x8001EB70 (0x4C40A223) sw tp, 1220(ra)
mem[0x8004C638] <- 0x00000003


mem[X,0x8001EB74] -> 0x0513
mem[X,0x8001EB76] -> 0x0020
[3105] [M]: 0x8001EB74 (0x00200513) addi a0, zero, 2
x10 <- 0x00000002


mem[X,0x8001EB78] -> 0x65B7
mem[X,0x8001EB7A] -> 0x6666
[3106] [M]: 0x8001EB78 (0x666665B7) lui a1, 419430
x11 <- 0x66666000


mem[X,0x8001EB7C] -> 0x8593
mem[X,0x8001EB7E] -> 0x6665
[3107] [M]: 0x8001EB7C (0x66658593) addi a1, a1, 1638
x11 <- 0x66666666


mem[X,0x8001EB80] -> 0x0213
mem[X,0x8001EB82] -> 0x0000
[3108] [M]: 0x8001EB80 (0x00000213) addi tp, zero, 0
x4 <- 0x00000000


mem[X,0x8001EB84] -> 0x006F
mem[X,0x8001EB86] -> 0x0140
[3109] [M]: 0x8001EB84 (0x0140006F) jal zero, 20


mem[X,0x8001EB98] -> 0x68E3
mem[X,0x8001EB9A] -> 0xFEB5
[3110] [M]: 0x8001EB98 (0xFEB568E3) bltu a0, a1, 8176


mem[X,0x8001EB88] -> 0x0213
mem[X,0x8001EB8A] -> 0x0012
[3111] [M]: 0x8001EB88 (0x00120213) addi tp, tp, 1
x4 <- 0x00000001


mem[X,0x8001EB8C] -> 0x006F
mem[X,0x8001EB8E] -> 0x0200
[3112] [M]: 0x8001EB8C (0x0200006F) jal zero, 32


mem[X,0x8001EBAC] -> 0xA423
mem[X,0x8001EBAE] -> 0x4C40
[3113] [M]: 0x8001EBAC (0x4C40A423) sw tp, 1224(ra)
mem[0x8004C63C] <- 0x00000001


mem[X,0x8001EBB0] -> 0x0513
mem[X,0x8001EBB2] -> 0x0020
[3114] [M]: 0x8001EBB0 (0x00200513) addi a0, zero, 2
x10 <- 0x00000002


mem[X,0x8001EBB4] -> 0xB5B7
mem[X,0x8001EBB6] -> 0x0000
[3115] [M]: 0x8001EBB4 (0x0000B5B7) lui a1, 11
x11 <- 0x0000B000


mem[X,0x8001EBB8] -> 0x8593
mem[X,0x8001EBBA] -> 0x5045
[3116] [M]: 0x8001EBB8 (0x50458593) addi a1, a1, 1284
x11 <- 0x0000B504


mem[X,0x8001EBBC] -> 0x0213
mem[X,0x8001EBBE] -> 0x0000
[3117] [M]: 0x8001EBBC (0x00000213) addi tp, zero, 0
x4 <- 0x00000000


mem[X,0x8001EBC0] -> 0x006F
mem[X,0x8001EBC2] -> 0x00C0
[3118] [M]: 0x8001EBC0 (0x00C0006F) jal zero, 12


mem[X,0x8001EBCC] -> 0x6063
mem[X,0x8001EBCE] -> 0x08B5
[3119] [M]: 0x8001EBCC (0x08B56063) bltu a0, a1, 128


mem[X,0x8001EC4C] -> 0x0213
mem[X,0x8001EC4E] -> 0x0032
[3120] [M]: 0x8001EC4C (0x00320213) addi tp, tp, 3
x4 <- 0x00000003


mem[X,0x8001EC50] -> 0x006F
mem[X,0x8001EC52] -> 0x0040
[3121] [M]: 0x8001EC50 (0x0040006F) jal zero, 4


mem[X,0x8001EC54] -> 0xA623
mem[X,0x8001EC56] -> 0x4C40
[3122] [M]: 0x8001EC54 (0x4C40A623) sw tp, 1228(ra)
mem[0x8004C640] <- 0x00000003


mem[X,0x8001EC58] -> 0x0513
mem[X,0x8001EC5A] -> 0x0020
[3123] [M]: 0x8001EC58 (0x00200513) addi a0, zero, 2
x10 <- 0x00000002


mem[X,0x8001EC5C] -> 0x0593
mem[X,0x8001EC5E] -> 0x0000
[3124] [M]: 0x8001EC5C (0x00000593) addi a1, zero, 0
x11 <- 0x00000000


mem[X,0x8001EC60] -> 0x0213
mem[X,0x8001EC62] -> 0x0000
[3125] [M]: 0x8001EC60 (0x00000213) addi tp, zero, 0
x4 <- 0x00000000


mem[X,0x8001EC64] -> 0x006F
mem[X,0x8001EC66] -> 0x00C0
[3126] [M]: 0x8001EC64 (0x00C0006F) jal zero, 12


mem[X,0x8001EC70] -> 0x6663
mem[X,0x8001EC72] -> 0x00B5
[3127] [M]: 0x8001EC70 (0x00B56663) bltu a0, a1, 12


mem[X,0x8001EC74] -> 0x0213
mem[X,0x8001EC76] -> 0x0022
[3128] [M]: 0x8001EC74 (0x00220213) addi tp, tp, 2
x4 <- 0x00000002


mem[X,0x8001EC78] -> 0x006F
mem[X,0x8001EC7A] -> 0x00C0
[3129] [M]: 0x8001EC78 (0x00C0006F) jal zero, 12


mem[X,0x8001EC84] -> 0xA823
mem[X,0x8001EC86] -> 0x4C40
[3130] [M]: 0x8001EC84 (0x4C40A823) sw tp, 1232(ra)
mem[0x8004C644] <- 0x00000002


mem[X,0x8001EC88] -> 0x0513
mem[X,0x8001EC8A] -> 0x0020
[3131] [M]: 0x8001EC88 (0x00200513) addi a0, zero, 2
x10 <- 0x00000002


mem[X,0x8001EC8C] -> 0x05B7
mem[X,0x8001EC8E] -> 0x0001
[3132] [M]: 0x8001EC8C (0x000105B7) lui a1, 16
x11 <- 0x00010000


mem[X,0x8001EC90] -> 0x8593
mem[X,0x8001EC92] -> 0xFFF5
[3133] [M]: 0x8001EC90 (0xFFF58593) addi a1, a1, 4095
x11 <- 0x0000FFFF


mem[X,0x8001EC94] -> 0x0213
mem[X,0x8001EC96] -> 0x0000
[3134] [M]: 0x8001EC94 (0x00000213) addi tp, zero, 0
x4 <- 0x00000000


mem[X,0x8001EC98] -> 0x006F
mem[X,0x8001EC9A] -> 0x00C0
[3135] [M]: 0x8001EC98 (0x00C0006F) jal zero, 12


mem[X,0x8001ECA4] -> 0x6CE3
mem[X,0x8001ECA6] -> 0xFEB5
[3136] [M]: 0x8001ECA4 (0xFEB56CE3) bltu a0, a1, 8184


mem[X,0x8001EC9C] -> 0x0213
mem[X,0x8001EC9E] -> 0x0012
[3137] [M]: 0x8001EC9C (0x00120213) addi tp, tp, 1
x4 <- 0x00000001


mem[X,0x8001ECA0] -> 0x006F
mem[X,0x8001ECA2] -> 0x0180
[3138] [M]: 0x8001ECA0 (0x0180006F) jal zero, 24


mem[X,0x8001ECB8] -> 0xAA23
mem[X,0x8001ECBA] -> 0x4C40
[3139] [M]: 0x8001ECB8 (0x4C40AA23) sw tp, 1236(ra)
mem[0x8004C648] <- 0x00000001


mem[X,0x8001ECBC] -> 0x0513
mem[X,0x8001ECBE] -> 0x0020
[3140] [M]: 0x8001ECBC (0x00200513) addi a0, zero, 2
x10 <- 0x00000002


mem[X,0x8001ECC0] -> 0x0593
mem[X,0x8001ECC2] -> 0x0020
[3141] [M]: 0x8001ECC0 (0x00200593) addi a1, zero, 2
x11 <- 0x00000002


mem[X,0x8001ECC4] -> 0x0213
mem[X,0x8001ECC6] -> 0x0000
[3142] [M]: 0x8001ECC4 (0x00000213) addi tp, zero, 0
x4 <- 0x00000000


mem[X,0x8001ECC8] -> 0x006F
mem[X,0x8001ECCA] -> 0x0180
[3143] [M]: 0x8001ECC8 (0x0180006F) jal zero, 24


mem[X,0x8001ECE0] -> 0x66E3
mem[X,0x8001ECE2] -> 0xFEB5
[3144] [M]: 0x8001ECE0 (0xFEB566E3) bltu a0, a1, 8172


mem[X,0x8001ECE4] -> 0x0213
mem[X,0x8001ECE6] -> 0x0022
[3145] [M]: 0x8001ECE4 (0x00220213) addi tp, tp, 2
x4 <- 0x00000002


mem[X,0x8001ECE8] -> 0x006F
mem[X,0x8001ECEA] -> 0x00C0
[3146] [M]: 0x8001ECE8 (0x00C0006F) jal zero, 12


mem[X,0x8001ECF4] -> 0xAC23
mem[X,0x8001ECF6] -> 0x4C40
[3147] [M]: 0x8001ECF4 (0x4C40AC23) sw tp, 1240(ra)
mem[0x8004C64C] <- 0x00000002


mem[X,0x8001ECF8] -> 0x0513
mem[X,0x8001ECFA] -> 0x0020
[3148] [M]: 0x8001ECF8 (0x00200513) addi a0, zero, 2
x10 <- 0x00000002


mem[X,0x8001ECFC] -> 0x55B7
mem[X,0x8001ECFE] -> 0x5555
[3149] [M]: 0x8001ECFC (0x555555B7) lui a1, 349525
x11 <- 0x55555000


mem[X,0x8001ED00] -> 0x8593
mem[X,0x8001ED02] -> 0x5545
[3150] [M]: 0x8001ED00 (0x55458593) addi a1, a1, 1364
x11 <- 0x55555554


mem[X,0x8001ED04] -> 0x0213
mem[X,0x8001ED06] -> 0x0000
[3151] [M]: 0x8001ED04 (0x00000213) addi tp, zero, 0
x4 <- 0x00000000


mem[X,0x8001ED08] -> 0x006F
mem[X,0x8001ED0A] -> 0x0100
[3152] [M]: 0x8001ED08 (0x0100006F) jal zero, 16


mem[X,0x8001ED18] -> 0x6AE3
mem[X,0x8001ED1A] -> 0xFEB5
[3153] [M]: 0x8001ED18 (0xFEB56AE3) bltu a0, a1, 8180


mem[X,0x8001ED0C] -> 0x0213
mem[X,0x8001ED0E] -> 0x0012
[3154] [M]: 0x8001ED0C (0x00120213) addi tp, tp, 1
x4 <- 0x00000001


mem[X,0x8001ED10] -> 0x006F
mem[X,0x8001ED12] -> 0x01C0
[3155] [M]: 0x8001ED10 (0x01C0006F) jal zero, 28


mem[X,0x8001ED2C] -> 0xAE23
mem[X,0x8001ED2E] -> 0x4C40
[3156] [M]: 0x8001ED2C (0x4C40AE23) sw tp, 1244(ra)
mem[0x8004C650] <- 0x00000001


mem[X,0x8001ED30] -> 0x0513
mem[X,0x8001ED32] -> 0x0020
[3157] [M]: 0x8001ED30 (0x00200513) addi a0, zero, 2
x10 <- 0x00000002


mem[X,0x8001ED34] -> 0xB5B7
mem[X,0x8001ED36] -> 0xAAAA
[3158] [M]: 0x8001ED34 (0xAAAAB5B7) lui a1, 699051
x11 <- 0xAAAAB000


mem[X,0x8001ED38] -> 0x8593
mem[X,0x8001ED3A] -> 0xAA95
[3159] [M]: 0x8001ED38 (0xAA958593) addi a1, a1, 2729
x11 <- 0xAAAAAAA9


mem[X,0x8001ED3C] -> 0x0213
mem[X,0x8001ED3E] -> 0x0000
[3160] [M]: 0x8001ED3C (0x00000213) addi tp, zero, 0
x4 <- 0x00000000


mem[X,0x8001ED40] -> 0x006F
mem[X,0x8001ED42] -> 0x00C0
[3161] [M]: 0x8001ED40 (0x00C0006F) jal zero, 12


mem[X,0x8001ED4C] -> 0x6CE3
mem[X,0x8001ED4E] -> 0xFEB5
[3162] [M]: 0x8001ED4C (0xFEB56CE3) bltu a0, a1, 8184


mem[X,0x8001ED44] -> 0x0213
mem[X,0x8001ED46] -> 0x0012
[3163] [M]: 0x8001ED44 (0x00120213) addi tp, tp, 1
x4 <- 0x00000001


mem[X,0x8001ED48] -> 0x006F
mem[X,0x8001ED4A] -> 0x0180
[3164] [M]: 0x8001ED48 (0x0180006F) jal zero, 24


mem[X,0x8001ED60] -> 0xA023
mem[X,0x8001ED62] -> 0x4E40
[3165] [M]: 0x8001ED60 (0x4E40A023) sw tp, 1248(ra)
mem[0x8004C654] <- 0x00000001


mem[X,0x8001ED64] -> 0x0513
mem[X,0x8001ED66] -> 0x0020
[3166] [M]: 0x8001ED64 (0x00200513) addi a0, zero, 2
x10 <- 0x00000002


mem[X,0x8001ED68] -> 0x0593
mem[X,0x8001ED6A] -> 0x0040
[3167] [M]: 0x8001ED68 (0x00400593) addi a1, zero, 4
x11 <- 0x00000004


mem[X,0x8001ED6C] -> 0x0213
mem[X,0x8001ED6E] -> 0x0000
[3168] [M]: 0x8001ED6C (0x00000213) addi tp, zero, 0
x4 <- 0x00000000


mem[X,0x8001ED70] -> 0x006F
mem[X,0x8001ED72] -> 0x00C0
[3169] [M]: 0x8001ED70 (0x00C0006F) jal zero, 12


mem[X,0x8001ED7C] -> 0x6063
mem[X,0x8001ED7E] -> 0x40B5
[3170] [M]: 0x8001ED7C (0x40B56063) bltu a0, a1, 1024


mem[X,0x8001F17C] -> 0x0213
mem[X,0x8001F17E] -> 0x0032
[3171] [M]: 0x8001F17C (0x00320213) addi tp, tp, 3
x4 <- 0x00000003


mem[X,0x8001F180] -> 0x006F
mem[X,0x8001F182] -> 0x0040
[3172] [M]: 0x8001F180 (0x0040006F) jal zero, 4


mem[X,0x8001F184] -> 0xA223
mem[X,0x8001F186] -> 0x4E40
[3173] [M]: 0x8001F184 (0x4E40A223) sw tp, 1252(ra)
mem[0x8004C658] <- 0x00000003


mem[X,0x8001F188] -> 0x0513
mem[X,0x8001F18A] -> 0x0020
[3174] [M]: 0x8001F188 (0x00200513) addi a0, zero, 2
x10 <- 0x00000002


mem[X,0x8001F18C] -> 0x35B7
mem[X,0x8001F18E] -> 0x3333
[3175] [M]: 0x8001F18C (0x333335B7) lui a1, 209715
x11 <- 0x33333000


mem[X,0x8001F190] -> 0x8593
mem[X,0x8001F192] -> 0x3325
[3176] [M]: 0x8001F190 (0x33258593) addi a1, a1, 818
x11 <- 0x33333332


mem[X,0x8001F194] -> 0x0213
mem[X,0x8001F196] -> 0x0000
[3177] [M]: 0x8001F194 (0x00000213) addi tp, zero, 0
x4 <- 0x00000000


mem[X,0x8001F198] -> 0x006F
mem[X,0x8001F19A] -> 0x00C0
[3178] [M]: 0x8001F198 (0x00C0006F) jal zero, 12


mem[X,0x8001F1A4] -> 0x6063
mem[X,0x8001F1A6] -> 0x40B5
[3179] [M]: 0x8001F1A4 (0x40B56063) bltu a0, a1, 1024


mem[X,0x8001F5A4] -> 0x0213
mem[X,0x8001F5A6] -> 0x0032
[3180] [M]: 0x8001F5A4 (0x00320213) addi tp, tp, 3
x4 <- 0x00000003


mem[X,0x8001F5A8] -> 0x006F
mem[X,0x8001F5AA] -> 0x0040
[3181] [M]: 0x8001F5A8 (0x0040006F) jal zero, 4


mem[X,0x8001F5AC] -> 0xA423
mem[X,0x8001F5AE] -> 0x4E40
[3182] [M]: 0x8001F5AC (0x4E40A423) sw tp, 1256(ra)
mem[0x8004C65C] <- 0x00000003


mem[X,0x8001F5B0] -> 0x0513
mem[X,0x8001F5B2] -> 0x0020
[3183] [M]: 0x8001F5B0 (0x00200513) addi a0, zero, 2
x10 <- 0x00000002


mem[X,0x8001F5B4] -> 0x65B7
mem[X,0x8001F5B6] -> 0x6666
[3184] [M]: 0x8001F5B4 (0x666665B7) lui a1, 419430
x11 <- 0x66666000


mem[X,0x8001F5B8] -> 0x8593
mem[X,0x8001F5BA] -> 0x6655
[3185] [M]: 0x8001F5B8 (0x66558593) addi a1, a1, 1637
x11 <- 0x66666665


mem[X,0x8001F5BC] -> 0x0213
mem[X,0x8001F5BE] -> 0x0000
[3186] [M]: 0x8001F5BC (0x00000213) addi tp, zero, 0
x4 <- 0x00000000


mem[X,0x8001F5C0] -> 0x006F
mem[X,0x8001F5C2] -> 0x00C0
[3187] [M]: 0x8001F5C0 (0x00C0006F) jal zero, 12


mem[X,0x8001F5CC] -> 0x6063
mem[X,0x8001F5CE] -> 0x40B5
[3188] [M]: 0x8001F5CC (0x40B56063) bltu a0, a1, 1024


mem[X,0x8001F9CC] -> 0x0213
mem[X,0x8001F9CE] -> 0x0032
[3189] [M]: 0x8001F9CC (0x00320213) addi tp, tp, 3
x4 <- 0x00000003


mem[X,0x8001F9D0] -> 0x006F
mem[X,0x8001F9D2] -> 0x0040
[3190] [M]: 0x8001F9D0 (0x0040006F) jal zero, 4


mem[X,0x8001F9D4] -> 0xA623
mem[X,0x8001F9D6] -> 0x4E40
[3191] [M]: 0x8001F9D4 (0x4E40A623) sw tp, 1260(ra)
mem[0x8004C660] <- 0x00000003


mem[X,0x8001F9D8] -> 0x0513
mem[X,0x8001F9DA] -> 0x0020
[3192] [M]: 0x8001F9D8 (0x00200513) addi a0, zero, 2
x10 <- 0x00000002


mem[X,0x8001F9DC] -> 0xB5B7
mem[X,0x8001F9DE] -> 0x0000
[3193] [M]: 0x8001F9DC (0x0000B5B7) lui a1, 11
x11 <- 0x0000B000


mem[X,0x8001F9E0] -> 0x8593
mem[X,0x8001F9E2] -> 0x5035
[3194] [M]: 0x8001F9E0 (0x50358593) addi a1, a1, 1283
x11 <- 0x0000B503


mem[X,0x8001F9E4] -> 0x0213
mem[X,0x8001F9E6] -> 0x0000
[3195] [M]: 0x8001F9E4 (0x00000213) addi tp, zero, 0
x4 <- 0x00000000


mem[X,0x8001F9E8] -> 0x006F
mem[X,0x8001F9EA] -> 0x00C0
[3196] [M]: 0x8001F9E8 (0x00C0006F) jal zero, 12


mem[X,0x8001F9F4] -> 0x6063
mem[X,0x8001F9F6] -> 0x04B5
[3197] [M]: 0x8001F9F4 (0x04B56063) bltu a0, a1, 64


mem[X,0x8001FA34] -> 0x0213
mem[X,0x8001FA36] -> 0x0032
[3198] [M]: 0x8001FA34 (0x00320213) addi tp, tp, 3
x4 <- 0x00000003


mem[X,0x8001FA38] -> 0x006F
mem[X,0x8001FA3A] -> 0x0040
[3199] [M]: 0x8001FA38 (0x0040006F) jal zero, 4


clint::tick mtime <- 0x0000000000000020
 clint timer pending at mtime 0x0000000000000020
htif::tick 0x0000000000000000
mem[X,0x8001FA3C] -> 0xA823
mem[X,0x8001FA3E] -> 0x4E40
[3200] [M]: 0x8001FA3C (0x4E40A823) sw tp, 1264(ra)
mem[0x8004C664] <- 0x00000003


mem[X,0x8001FA40] -> 0x0513
mem[X,0x8001FA42] -> 0x0020
[3201] [M]: 0x8001FA40 (0x00200513) addi a0, zero, 2
x10 <- 0x00000002


mem[X,0x8001FA44] -> 0x05B7
mem[X,0x8001FA46] -> 0x0001
[3202] [M]: 0x8001FA44 (0x000105B7) lui a1, 16
x11 <- 0x00010000


mem[X,0x8001FA48] -> 0x8593
mem[X,0x8001FA4A] -> 0xFFE5
[3203] [M]: 0x8001FA48 (0xFFE58593) addi a1, a1, 4094
x11 <- 0x0000FFFE


mem[X,0x8001FA4C] -> 0x0213
mem[X,0x8001FA4E] -> 0x0000
[3204] [M]: 0x8001FA4C (0x00000213) addi tp, zero, 0
x4 <- 0x00000000


mem[X,0x8001FA50] -> 0x006F
mem[X,0x8001FA52] -> 0x0100
[3205] [M]: 0x8001FA50 (0x0100006F) jal zero, 16


mem[X,0x8001FA60] -> 0x6AE3
mem[X,0x8001FA62] -> 0xFEB5
[3206] [M]: 0x8001FA60 (0xFEB56AE3) bltu a0, a1, 8180


mem[X,0x8001FA54] -> 0x0213
mem[X,0x8001FA56] -> 0x0012
[3207] [M]: 0x8001FA54 (0x00120213) addi tp, tp, 1
x4 <- 0x00000001


mem[X,0x8001FA58] -> 0x006F
mem[X,0x8001FA5A] -> 0x01C0
[3208] [M]: 0x8001FA58 (0x01C0006F) jal zero, 28


mem[X,0x8001FA74] -> 0xAA23
mem[X,0x8001FA76] -> 0x4E40
[3209] [M]: 0x8001FA74 (0x4E40AA23) sw tp, 1268(ra)
mem[0x8004C668] <- 0x00000001


mem[X,0x8001FA78] -> 0x0513
mem[X,0x8001FA7A] -> 0x0020
[3210] [M]: 0x8001FA78 (0x00200513) addi a0, zero, 2
x10 <- 0x00000002


mem[X,0x8001FA7C] -> 0x55B7
mem[X,0x8001FA7E] -> 0x5555
[3211] [M]: 0x8001FA7C (0x555555B7) lui a1, 349525
x11 <- 0x55555000


mem[X,0x8001FA80] -> 0x8593
mem[X,0x8001FA82] -> 0x5565
[3212] [M]: 0x8001FA80 (0x55658593) addi a1, a1, 1366
x11 <- 0x55555556


mem[X,0x8001FA84] -> 0x0213
mem[X,0x8001FA86] -> 0x0000
[3213] [M]: 0x8001FA84 (0x00000213) addi tp, zero, 0
x4 <- 0x00000000


mem[X,0x8001FA88] -> 0x006F
mem[X,0x8001FA8A] -> 0x00C0
[3214] [M]: 0x8001FA88 (0x00C0006F) jal zero, 12


mem[X,0x8001FA94] -> 0x6063
mem[X,0x8001FA96] -> 0x40B5
[3215] [M]: 0x8001FA94 (0x40B56063) bltu a0, a1, 1024


mem[X,0x8001FE94] -> 0x0213
mem[X,0x8001FE96] -> 0x0032
[3216] [M]: 0x8001FE94 (0x00320213) addi tp, tp, 3
x4 <- 0x00000003


mem[X,0x8001FE98] -> 0x006F
mem[X,0x8001FE9A] -> 0x0040
[3217] [M]: 0x8001FE98 (0x0040006F) jal zero, 4


mem[X,0x8001FE9C] -> 0xAC23
mem[X,0x8001FE9E] -> 0x4E40
[3218] [M]: 0x8001FE9C (0x4E40AC23) sw tp, 1272(ra)
mem[0x8004C66C] <- 0x00000003


mem[X,0x8001FEA0] -> 0x0513
mem[X,0x8001FEA2] -> 0x0020
[3219] [M]: 0x8001FEA0 (0x00200513) addi a0, zero, 2
x10 <- 0x00000002


mem[X,0x8001FEA4] -> 0xB5B7
mem[X,0x8001FEA6] -> 0xAAAA
[3220] [M]: 0x8001FEA4 (0xAAAAB5B7) lui a1, 699051
x11 <- 0xAAAAB000


mem[X,0x8001FEA8] -> 0x8593
mem[X,0x8001FEAA] -> 0xAAB5
[3221] [M]: 0x8001FEA8 (0xAAB58593) addi a1, a1, 2731
x11 <- 0xAAAAAAAB


mem[X,0x8001FEAC] -> 0x0213
mem[X,0x8001FEAE] -> 0x0000
[3222] [M]: 0x8001FEAC (0x00000213) addi tp, zero, 0
x4 <- 0x00000000


mem[X,0x8001FEB0] -> 0x006F
mem[X,0x8001FEB2] -> 0x00C0
[3223] [M]: 0x8001FEB0 (0x00C0006F) jal zero, 12


mem[X,0x8001FEBC] -> 0x6663
mem[X,0x8001FEBE] -> 0x00B5
[3224] [M]: 0x8001FEBC (0x00B56663) bltu a0, a1, 12


mem[X,0x8001FEC8] -> 0x0213
mem[X,0x8001FECA] -> 0x0032
[3225] [M]: 0x8001FEC8 (0x00320213) addi tp, tp, 3
x4 <- 0x00000003


mem[X,0x8001FECC] -> 0x006F
mem[X,0x8001FECE] -> 0x0040
[3226] [M]: 0x8001FECC (0x0040006F) jal zero, 4


mem[X,0x8001FED0] -> 0xAE23
mem[X,0x8001FED2] -> 0x4E40
[3227] [M]: 0x8001FED0 (0x4E40AE23) sw tp, 1276(ra)
mem[0x8004C670] <- 0x00000003


mem[X,0x8001FED4] -> 0x0513
mem[X,0x8001FED6] -> 0x0020
[3228] [M]: 0x8001FED4 (0x00200513) addi a0, zero, 2
x10 <- 0x00000002


mem[X,0x8001FED8] -> 0x0593
mem[X,0x8001FEDA] -> 0x0060
[3229] [M]: 0x8001FED8 (0x00600593) addi a1, zero, 6
x11 <- 0x00000006


mem[X,0x8001FEDC] -> 0x0213
mem[X,0x8001FEDE] -> 0x0000
[3230] [M]: 0x8001FEDC (0x00000213) addi tp, zero, 0
x4 <- 0x00000000


mem[X,0x8001FEE0] -> 0x006F
mem[X,0x8001FEE2] -> 0x00C0
[3231] [M]: 0x8001FEE0 (0x00C0006F) jal zero, 12


mem[X,0x8001FEEC] -> 0x6CE3
mem[X,0x8001FEEE] -> 0xFEB5
[3232] [M]: 0x8001FEEC (0xFEB56CE3) bltu a0, a1, 8184


mem[X,0x8001FEE4] -> 0x0213
mem[X,0x8001FEE6] -> 0x0012
[3233] [M]: 0x8001FEE4 (0x00120213) addi tp, tp, 1
x4 <- 0x00000001


mem[X,0x8001FEE8] -> 0x006F
mem[X,0x8001FEEA] -> 0x0180
[3234] [M]: 0x8001FEE8 (0x0180006F) jal zero, 24


mem[X,0x8001FF00] -> 0xA023
mem[X,0x8001FF02] -> 0x5040
[3235] [M]: 0x8001FF00 (0x5040A023) sw tp, 1280(ra)
mem[0x8004C674] <- 0x00000001


mem[X,0x8001FF04] -> 0x0513
mem[X,0x8001FF06] -> 0x0020
[3236] [M]: 0x8001FF04 (0x00200513) addi a0, zero, 2
x10 <- 0x00000002


mem[X,0x8001FF08] -> 0x35B7
mem[X,0x8001FF0A] -> 0x3333
[3237] [M]: 0x8001FF08 (0x333335B7) lui a1, 209715
x11 <- 0x33333000


mem[X,0x8001FF0C] -> 0x8593
mem[X,0x8001FF0E] -> 0x3345
[3238] [M]: 0x8001FF0C (0x33458593) addi a1, a1, 820
x11 <- 0x33333334


mem[X,0x8001FF10] -> 0x0213
mem[X,0x8001FF12] -> 0x0000
[3239] [M]: 0x8001FF10 (0x00000213) addi tp, zero, 0
x4 <- 0x00000000


mem[X,0x8001FF14] -> 0x006F
mem[X,0x8001FF16] -> 0x00C0
[3240] [M]: 0x8001FF14 (0x00C0006F) jal zero, 12


mem[X,0x8001FF20] -> 0x6063
mem[X,0x8001FF22] -> 0x20B5
[3241] [M]: 0x8001FF20 (0x20B56063) bltu a0, a1, 512


mem[X,0x80020120] -> 0x0213
mem[X,0x80020122] -> 0x0032
[3242] [M]: 0x80020120 (0x00320213) addi tp, tp, 3
x4 <- 0x00000003


mem[X,0x80020124] -> 0x006F
mem[X,0x80020126] -> 0x0040
[3243] [M]: 0x80020124 (0x0040006F) jal zero, 4


mem[X,0x80020128] -> 0xA223
mem[X,0x8002012A] -> 0x5040
[3244] [M]: 0x80020128 (0x5040A223) sw tp, 1284(ra)
mem[0x8004C678] <- 0x00000003


mem[X,0x8002012C] -> 0x0513
mem[X,0x8002012E] -> 0x0020
[3245] [M]: 0x8002012C (0x00200513) addi a0, zero, 2
x10 <- 0x00000002


mem[X,0x80020130] -> 0x65B7
mem[X,0x80020132] -> 0x6666
[3246] [M]: 0x80020130 (0x666665B7) lui a1, 419430
x11 <- 0x66666000


mem[X,0x80020134] -> 0x8593
mem[X,0x80020136] -> 0x6675
[3247] [M]: 0x80020134 (0x66758593) addi a1, a1, 1639
x11 <- 0x66666667


mem[X,0x80020138] -> 0x0213
mem[X,0x8002013A] -> 0x0000
[3248] [M]: 0x80020138 (0x00000213) addi tp, zero, 0
x4 <- 0x00000000


mem[X,0x8002013C] -> 0x006F
mem[X,0x8002013E] -> 0x00C0
[3249] [M]: 0x8002013C (0x00C0006F) jal zero, 12


mem[X,0x80020148] -> 0x6CE3
mem[X,0x8002014A] -> 0xFEB5
[3250] [M]: 0x80020148 (0xFEB56CE3) bltu a0, a1, 8184


mem[X,0x80020140] -> 0x0213
mem[X,0x80020142] -> 0x0012
[3251] [M]: 0x80020140 (0x00120213) addi tp, tp, 1
x4 <- 0x00000001


mem[X,0x80020144] -> 0x006F
mem[X,0x80020146] -> 0x0180
[3252] [M]: 0x80020144 (0x0180006F) jal zero, 24


mem[X,0x8002015C] -> 0xA423
mem[X,0x8002015E] -> 0x5040
[3253] [M]: 0x8002015C (0x5040A423) sw tp, 1288(ra)
mem[0x8004C67C] <- 0x00000001


mem[X,0x80020160] -> 0x0513
mem[X,0x80020162] -> 0x0020
[3254] [M]: 0x80020160 (0x00200513) addi a0, zero, 2
x10 <- 0x00000002


mem[X,0x80020164] -> 0xB5B7
mem[X,0x80020166] -> 0x0000
[3255] [M]: 0x80020164 (0x0000B5B7) lui a1, 11
x11 <- 0x0000B000


mem[X,0x80020168] -> 0x8593
mem[X,0x8002016A] -> 0x5055
[3256] [M]: 0x80020168 (0x50558593) addi a1, a1, 1285
x11 <- 0x0000B505


mem[X,0x8002016C] -> 0x0213
mem[X,0x8002016E] -> 0x0000
[3257] [M]: 0x8002016C (0x00000213) addi tp, zero, 0
x4 <- 0x00000000


mem[X,0x80020170] -> 0x006F
mem[X,0x80020172] -> 0x0180
[3258] [M]: 0x80020170 (0x0180006F) jal zero, 24


mem[X,0x80020188] -> 0x66E3
mem[X,0x8002018A] -> 0xFEB5
[3259] [M]: 0x80020188 (0xFEB566E3) bltu a0, a1, 8172


mem[X,0x80020174] -> 0x0213
mem[X,0x80020176] -> 0x0012
[3260] [M]: 0x80020174 (0x00120213) addi tp, tp, 1
x4 <- 0x00000001


mem[X,0x80020178] -> 0x006F
mem[X,0x8002017A] -> 0x0240
[3261] [M]: 0x80020178 (0x0240006F) jal zero, 36


mem[X,0x8002019C] -> 0xA623
mem[X,0x8002019E] -> 0x5040
[3262] [M]: 0x8002019C (0x5040A623) sw tp, 1292(ra)
mem[0x8004C680] <- 0x00000001


mem[X,0x800201A0] -> 0x0513
mem[X,0x800201A2] -> 0x0020
[3263] [M]: 0x800201A0 (0x00200513) addi a0, zero, 2
x10 <- 0x00000002


mem[X,0x800201A4] -> 0x0593
mem[X,0x800201A6] -> 0x0010
[3264] [M]: 0x800201A4 (0x00100593) addi a1, zero, 1
x11 <- 0x00000001


mem[X,0x800201A8] -> 0x0213
mem[X,0x800201AA] -> 0x0000
[3265] [M]: 0x800201A8 (0x00000213) addi tp, zero, 0
x4 <- 0x00000000


mem[X,0x800201AC] -> 0x006F
mem[X,0x800201AE] -> 0x0140
[3266] [M]: 0x800201AC (0x0140006F) jal zero, 20


mem[X,0x800201C0] -> 0x68E3
mem[X,0x800201C2] -> 0xFEB5
[3267] [M]: 0x800201C0 (0xFEB568E3) bltu a0, a1, 8176


mem[X,0x800201C4] -> 0x0213
mem[X,0x800201C6] -> 0x0022
[3268] [M]: 0x800201C4 (0x00220213) addi tp, tp, 2
x4 <- 0x00000002


mem[X,0x800201C8] -> 0x006F
mem[X,0x800201CA] -> 0x00C0
[3269] [M]: 0x800201C8 (0x00C0006F) jal zero, 12


mem[X,0x800201D4] -> 0xA823
mem[X,0x800201D6] -> 0x5040
[3270] [M]: 0x800201D4 (0x5040A823) sw tp, 1296(ra)
mem[0x8004C684] <- 0x00000002


mem[X,0x800201D8] -> 0x0513
mem[X,0x800201DA] -> 0x0020
[3271] [M]: 0x800201D8 (0x00200513) addi a0, zero, 2
x10 <- 0x00000002


mem[X,0x800201DC] -> 0x05B7
mem[X,0x800201DE] -> 0x0001
[3272] [M]: 0x800201DC (0x000105B7) lui a1, 16
x11 <- 0x00010000


mem[X,0x800201E0] -> 0x0213
mem[X,0x800201E2] -> 0x0000
[3273] [M]: 0x800201E0 (0x00000213) addi tp, zero, 0
x4 <- 0x00000000


mem[X,0x800201E4] -> 0x006F
mem[X,0x800201E6] -> 0x0180
[3274] [M]: 0x800201E4 (0x0180006F) jal zero, 24


mem[X,0x800201FC] -> 0x66E3
mem[X,0x800201FE] -> 0xFEB5
[3275] [M]: 0x800201FC (0xFEB566E3) bltu a0, a1, 8172


mem[X,0x800201E8] -> 0x0213
mem[X,0x800201EA] -> 0x0012
[3276] [M]: 0x800201E8 (0x00120213) addi tp, tp, 1
x4 <- 0x00000001


mem[X,0x800201EC] -> 0x006F
mem[X,0x800201EE] -> 0x0240
[3277] [M]: 0x800201EC (0x0240006F) jal zero, 36


mem[X,0x80020210] -> 0xAA23
mem[X,0x80020212] -> 0x5040
[3278] [M]: 0x80020210 (0x5040AA23) sw tp, 1300(ra)
mem[0x8004C688] <- 0x00000001


mem[X,0x80020214] -> 0x5537
mem[X,0x80020216] -> 0x5555
[3279] [M]: 0x80020214 (0x55555537) lui a0, 349525
x10 <- 0x55555000


mem[X,0x80020218] -> 0x0513
mem[X,0x8002021A] -> 0x5545
[3280] [M]: 0x80020218 (0x55450513) addi a0, a0, 1364
x10 <- 0x55555554


mem[X,0x8002021C] -> 0x0593
mem[X,0x8002021E] -> 0x0030
[3281] [M]: 0x8002021C (0x00300593) addi a1, zero, 3
x11 <- 0x00000003


mem[X,0x80020220] -> 0x0213
mem[X,0x80020222] -> 0x0000
[3282] [M]: 0x80020220 (0x00000213) addi tp, zero, 0
x4 <- 0x00000000


mem[X,0x80020224] -> 0x006F
mem[X,0x80020226] -> 0x2B10
[3283] [M]: 0x80020224 (0x2B10006F) jal zero, 2736


mem[X,0x80020CD4] -> 0x6A63
mem[X,0x80020CD6] -> 0xD4B5
[3284] [M]: 0x80020CD4 (0xD4B56A63) bltu a0, a1, 5460


mem[X,0x80020CD8] -> 0x0213
mem[X,0x80020CDA] -> 0x0022
[3285] [M]: 0x80020CD8 (0x00220213) addi tp, tp, 2
x4 <- 0x00000002


mem[X,0x80020CDC] -> 0x006F
mem[X,0x80020CDE] -> 0x00C0
[3286] [M]: 0x80020CDC (0x00C0006F) jal zero, 12


mem[X,0x80020CE8] -> 0xAC23
mem[X,0x80020CEA] -> 0x5040
[3287] [M]: 0x80020CE8 (0x5040AC23) sw tp, 1304(ra)
mem[0x8004C68C] <- 0x00000002


mem[X,0x80020CEC] -> 0x5537
mem[X,0x80020CEE] -> 0x5555
[3288] [M]: 0x80020CEC (0x55555537) lui a0, 349525
x10 <- 0x55555000


mem[X,0x80020CF0] -> 0x0513
mem[X,0x80020CF2] -> 0x5545
[3289] [M]: 0x80020CF0 (0x55450513) addi a0, a0, 1364
x10 <- 0x55555554


mem[X,0x80020CF4] -> 0x55B7
mem[X,0x80020CF6] -> 0x5555
[3290] [M]: 0x80020CF4 (0x555555B7) lui a1, 349525
x11 <- 0x55555000


mem[X,0x80020CF8] -> 0x8593
mem[X,0x80020CFA] -> 0x5555
[3291] [M]: 0x80020CF8 (0x55558593) addi a1, a1, 1365
x11 <- 0x55555555


mem[X,0x80020CFC] -> 0x0213
mem[X,0x80020CFE] -> 0x0000
[3292] [M]: 0x80020CFC (0x00000213) addi tp, zero, 0
x4 <- 0x00000000


mem[X,0x80020D00] -> 0x006F
mem[X,0x80020D02] -> 0x2B10
[3293] [M]: 0x80020D00 (0x2B10006F) jal zero, 2736


mem[X,0x800217B0] -> 0x6A63
mem[X,0x800217B2] -> 0xD4B5
[3294] [M]: 0x800217B0 (0xD4B56A63) bltu a0, a1, 5460


mem[X,0x80020D04] -> 0x0213
mem[X,0x80020D06] -> 0x0012
[3295] [M]: 0x80020D04 (0x00120213) addi tp, tp, 1
x4 <- 0x00000001


mem[X,0x80020D08] -> 0x006F
mem[X,0x80020D0A] -> 0x2BD0
[3296] [M]: 0x80020D08 (0x2BD0006F) jal zero, 2748


mem[X,0x800217C4] -> 0xAE23
mem[X,0x800217C6] -> 0x5040
[3297] [M]: 0x800217C4 (0x5040AE23) sw tp, 1308(ra)
mem[0x8004C690] <- 0x00000001


mem[X,0x800217C8] -> 0x5537
mem[X,0x800217CA] -> 0x5555
[3298] [M]: 0x800217C8 (0x55555537) lui a0, 349525
x10 <- 0x55555000


mem[X,0x800217CC] -> 0x0513
mem[X,0x800217CE] -> 0x5545
[3299] [M]: 0x800217CC (0x55450513) addi a0, a0, 1364
x10 <- 0x55555554


clint::tick mtime <- 0x0000000000000021
 clint timer pending at mtime 0x0000000000000021
htif::tick 0x0000000000000000
mem[X,0x800217D0] -> 0xB5B7
mem[X,0x800217D2] -> 0xAAAA
[3300] [M]: 0x800217D0 (0xAAAAB5B7) lui a1, 699051
x11 <- 0xAAAAB000


mem[X,0x800217D4] -> 0x8593
mem[X,0x800217D6] -> 0xAAA5
[3301] [M]: 0x800217D4 (0xAAA58593) addi a1, a1, 2730
x11 <- 0xAAAAAAAA


mem[X,0x800217D8] -> 0x0213
mem[X,0x800217DA] -> 0x0000
[3302] [M]: 0x800217D8 (0x00000213) addi tp, zero, 0
x4 <- 0x00000000


mem[X,0x800217DC] -> 0x006F
mem[X,0x800217DE] -> 0x0180
[3303] [M]: 0x800217DC (0x0180006F) jal zero, 24


mem[X,0x800217F4] -> 0x66E3
mem[X,0x800217F6] -> 0xFEB5
[3304] [M]: 0x800217F4 (0xFEB566E3) bltu a0, a1, 8172


mem[X,0x800217E0] -> 0x0213
mem[X,0x800217E2] -> 0x0012
[3305] [M]: 0x800217E0 (0x00120213) addi tp, tp, 1
x4 <- 0x00000001


mem[X,0x800217E4] -> 0x006F
mem[X,0x800217E6] -> 0x0240
[3306] [M]: 0x800217E4 (0x0240006F) jal zero, 36


mem[X,0x80021808] -> 0xA023
mem[X,0x8002180A] -> 0x5240
[3307] [M]: 0x80021808 (0x5240A023) sw tp, 1312(ra)
mem[0x8004C694] <- 0x00000001


mem[X,0x8002180C] -> 0x5537
mem[X,0x8002180E] -> 0x5555
[3308] [M]: 0x8002180C (0x55555537) lui a0, 349525
x10 <- 0x55555000


mem[X,0x80021810] -> 0x0513
mem[X,0x80021812] -> 0x5545
[3309] [M]: 0x80021810 (0x55450513) addi a0, a0, 1364
x10 <- 0x55555554


mem[X,0x80021814] -> 0x0593
mem[X,0x80021816] -> 0x0050
[3310] [M]: 0x80021814 (0x00500593) addi a1, zero, 5
x11 <- 0x00000005


mem[X,0x80021818] -> 0x0213
mem[X,0x8002181A] -> 0x0000
[3311] [M]: 0x80021818 (0x00000213) addi tp, zero, 0
x4 <- 0x00000000


mem[X,0x8002181C] -> 0x006F
mem[X,0x8002181E] -> 0x0180
[3312] [M]: 0x8002181C (0x0180006F) jal zero, 24


mem[X,0x80021834] -> 0x66E3
mem[X,0x80021836] -> 0xFEB5
[3313] [M]: 0x80021834 (0xFEB566E3) bltu a0, a1, 8172


mem[X,0x80021838] -> 0x0213
mem[X,0x8002183A] -> 0x0022
[3314] [M]: 0x80021838 (0x00220213) addi tp, tp, 2
x4 <- 0x00000002


mem[X,0x8002183C] -> 0x006F
mem[X,0x8002183E] -> 0x00C0
[3315] [M]: 0x8002183C (0x00C0006F) jal zero, 12


mem[X,0x80021848] -> 0xA223
mem[X,0x8002184A] -> 0x5240
[3316] [M]: 0x80021848 (0x5240A223) sw tp, 1316(ra)
mem[0x8004C698] <- 0x00000002


mem[X,0x8002184C] -> 0x5537
mem[X,0x8002184E] -> 0x5555
[3317] [M]: 0x8002184C (0x55555537) lui a0, 349525
x10 <- 0x55555000


mem[X,0x80021850] -> 0x0513
mem[X,0x80021852] -> 0x5545
[3318] [M]: 0x80021850 (0x55450513) addi a0, a0, 1364
x10 <- 0x55555554


mem[X,0x80021854] -> 0x35B7
mem[X,0x80021856] -> 0x3333
[3319] [M]: 0x80021854 (0x333335B7) lui a1, 209715
x11 <- 0x33333000


mem[X,0x80021858] -> 0x8593
mem[X,0x8002185A] -> 0x3335
[3320] [M]: 0x80021858 (0x33358593) addi a1, a1, 819
x11 <- 0x33333333


mem[X,0x8002185C] -> 0x0213
mem[X,0x8002185E] -> 0x0000
[3321] [M]: 0x8002185C (0x00000213) addi tp, zero, 0
x4 <- 0x00000000


mem[X,0x80021860] -> 0x006F
mem[X,0x80021862] -> 0x00C0
[3322] [M]: 0x80021860 (0x00C0006F) jal zero, 12


mem[X,0x8002186C] -> 0x6CE3
mem[X,0x8002186E] -> 0xFEB5
[3323] [M]: 0x8002186C (0xFEB56CE3) bltu a0, a1, 8184


mem[X,0x80021870] -> 0x0213
mem[X,0x80021872] -> 0x0022
[3324] [M]: 0x80021870 (0x00220213) addi tp, tp, 2
x4 <- 0x00000002


mem[X,0x80021874] -> 0x006F
mem[X,0x80021876] -> 0x00C0
[3325] [M]: 0x80021874 (0x00C0006F) jal zero, 12


mem[X,0x80021880] -> 0xA423
mem[X,0x80021882] -> 0x5240
[3326] [M]: 0x80021880 (0x5240A423) sw tp, 1320(ra)
mem[0x8004C69C] <- 0x00000002


mem[X,0x80021884] -> 0x5537
mem[X,0x80021886] -> 0x5555
[3327] [M]: 0x80021884 (0x55555537) lui a0, 349525
x10 <- 0x55555000


mem[X,0x80021888] -> 0x0513
mem[X,0x8002188A] -> 0x5545
[3328] [M]: 0x80021888 (0x55450513) addi a0, a0, 1364
x10 <- 0x55555554


mem[X,0x8002188C] -> 0x65B7
mem[X,0x8002188E] -> 0x6666
[3329] [M]: 0x8002188C (0x666665B7) lui a1, 419430
x11 <- 0x66666000


mem[X,0x80021890] -> 0x8593
mem[X,0x80021892] -> 0x6665
[3330] [M]: 0x80021890 (0x66658593) addi a1, a1, 1638
x11 <- 0x66666666


mem[X,0x80021894] -> 0x0213
mem[X,0x80021896] -> 0x0000
[3331] [M]: 0x80021894 (0x00000213) addi tp, zero, 0
x4 <- 0x00000000


mem[X,0x80021898] -> 0x006F
mem[X,0x8002189A] -> 0x00C0
[3332] [M]: 0x80021898 (0x00C0006F) jal zero, 12


mem[X,0x800218A4] -> 0x6663
mem[X,0x800218A6] -> 0x00B5
[3333] [M]: 0x800218A4 (0x00B56663) bltu a0, a1, 12


mem[X,0x800218B0] -> 0x0213
mem[X,0x800218B2] -> 0x0032
[3334] [M]: 0x800218B0 (0x00320213) addi tp, tp, 3
x4 <- 0x00000003


mem[X,0x800218B4] -> 0x006F
mem[X,0x800218B6] -> 0x0040
[3335] [M]: 0x800218B4 (0x0040006F) jal zero, 4


mem[X,0x800218B8] -> 0xA623
mem[X,0x800218BA] -> 0x5240
[3336] [M]: 0x800218B8 (0x5240A623) sw tp, 1324(ra)
mem[0x8004C6A0] <- 0x00000003


mem[X,0x800218BC] -> 0x5537
mem[X,0x800218BE] -> 0x5555
[3337] [M]: 0x800218BC (0x55555537) lui a0, 349525
x10 <- 0x55555000


mem[X,0x800218C0] -> 0x0513
mem[X,0x800218C2] -> 0x5545
[3338] [M]: 0x800218C0 (0x55450513) addi a0, a0, 1364
x10 <- 0x55555554


mem[X,0x800218C4] -> 0xB5B7
mem[X,0x800218C6] -> 0x0000
[3339] [M]: 0x800218C4 (0x0000B5B7) lui a1, 11
x11 <- 0x0000B000


mem[X,0x800218C8] -> 0x8593
mem[X,0x800218CA] -> 0x5045
[3340] [M]: 0x800218C8 (0x50458593) addi a1, a1, 1284
x11 <- 0x0000B504


mem[X,0x800218CC] -> 0x0213
mem[X,0x800218CE] -> 0x0000
[3341] [M]: 0x800218CC (0x00000213) addi tp, zero, 0
x4 <- 0x00000000


mem[X,0x800218D0] -> 0x006F
mem[X,0x800218D2] -> 0x0180
[3342] [M]: 0x800218D0 (0x0180006F) jal zero, 24


mem[X,0x800218E8] -> 0x66E3
mem[X,0x800218EA] -> 0xFEB5
[3343] [M]: 0x800218E8 (0xFEB566E3) bltu a0, a1, 8172


mem[X,0x800218EC] -> 0x0213
mem[X,0x800218EE] -> 0x0022
[3344] [M]: 0x800218EC (0x00220213) addi tp, tp, 2
x4 <- 0x00000002


mem[X,0x800218F0] -> 0x006F
mem[X,0x800218F2] -> 0x00C0
[3345] [M]: 0x800218F0 (0x00C0006F) jal zero, 12


mem[X,0x800218FC] -> 0xA823
mem[X,0x800218FE] -> 0x5240
[3346] [M]: 0x800218FC (0x5240A823) sw tp, 1328(ra)
mem[0x8004C6A4] <- 0x00000002


mem[X,0x80021900] -> 0x5537
mem[X,0x80021902] -> 0x5555
[3347] [M]: 0x80021900 (0x55555537) lui a0, 349525
x10 <- 0x55555000


mem[X,0x80021904] -> 0x0513
mem[X,0x80021906] -> 0x5545
[3348] [M]: 0x80021904 (0x55450513) addi a0, a0, 1364
x10 <- 0x55555554


mem[X,0x80021908] -> 0x0593
mem[X,0x8002190A] -> 0x0000
[3349] [M]: 0x80021908 (0x00000593) addi a1, zero, 0
x11 <- 0x00000000


mem[X,0x8002190C] -> 0x0213
mem[X,0x8002190E] -> 0x0000
[3350] [M]: 0x8002190C (0x00000213) addi tp, zero, 0
x4 <- 0x00000000


mem[X,0x80021910] -> 0x006F
mem[X,0x80021912] -> 0x00C0
[3351] [M]: 0x80021910 (0x00C0006F) jal zero, 12


mem[X,0x8002191C] -> 0x6863
mem[X,0x8002191E] -> 0x00B5
[3352] [M]: 0x8002191C (0x00B56863) bltu a0, a1, 16


mem[X,0x80021920] -> 0x0213
mem[X,0x80021922] -> 0x0022
[3353] [M]: 0x80021920 (0x00220213) addi tp, tp, 2
x4 <- 0x00000002


mem[X,0x80021924] -> 0x006F
mem[X,0x80021926] -> 0x0100
[3354] [M]: 0x80021924 (0x0100006F) jal zero, 16


mem[X,0x80021934] -> 0xAA23
mem[X,0x80021936] -> 0x5240
[3355] [M]: 0x80021934 (0x5240AA23) sw tp, 1332(ra)
mem[0x8004C6A8] <- 0x00000002


mem[X,0x80021938] -> 0x5537
mem[X,0x8002193A] -> 0x5555
[3356] [M]: 0x80021938 (0x55555537) lui a0, 349525
x10 <- 0x55555000


mem[X,0x8002193C] -> 0x0513
mem[X,0x8002193E] -> 0x5545
[3357] [M]: 0x8002193C (0x55450513) addi a0, a0, 1364
x10 <- 0x55555554


mem[X,0x80021940] -> 0x05B7
mem[X,0x80021942] -> 0x0001
[3358] [M]: 0x80021940 (0x000105B7) lui a1, 16
x11 <- 0x00010000


mem[X,0x80021944] -> 0x8593
mem[X,0x80021946] -> 0xFFF5
[3359] [M]: 0x80021944 (0xFFF58593) addi a1, a1, 4095
x11 <- 0x0000FFFF


mem[X,0x80021948] -> 0x0213
mem[X,0x8002194A] -> 0x0000
[3360] [M]: 0x80021948 (0x00000213) addi tp, zero, 0
x4 <- 0x00000000


mem[X,0x8002194C] -> 0x006F
mem[X,0x8002194E] -> 0x0140
[3361] [M]: 0x8002194C (0x0140006F) jal zero, 20


mem[X,0x80021960] -> 0x68E3
mem[X,0x80021962] -> 0xFEB5
[3362] [M]: 0x80021960 (0xFEB568E3) bltu a0, a1, 8176


mem[X,0x80021964] -> 0x0213
mem[X,0x80021966] -> 0x0022
[3363] [M]: 0x80021964 (0x00220213) addi tp, tp, 2
x4 <- 0x00000002


mem[X,0x80021968] -> 0x006F
mem[X,0x8002196A] -> 0x00C0
[3364] [M]: 0x80021968 (0x00C0006F) jal zero, 12


mem[X,0x80021974] -> 0xAC23
mem[X,0x80021976] -> 0x5240
[3365] [M]: 0x80021974 (0x5240AC23) sw tp, 1336(ra)
mem[0x8004C6AC] <- 0x00000002


mem[X,0x80021978] -> 0x5537
mem[X,0x8002197A] -> 0x5555
[3366] [M]: 0x80021978 (0x55555537) lui a0, 349525
x10 <- 0x55555000


mem[X,0x8002197C] -> 0x0513
mem[X,0x8002197E] -> 0x5545
[3367] [M]: 0x8002197C (0x55450513) addi a0, a0, 1364
x10 <- 0x55555554


mem[X,0x80021980] -> 0x0593
mem[X,0x80021982] -> 0x0020
[3368] [M]: 0x80021980 (0x00200593) addi a1, zero, 2
x11 <- 0x00000002


mem[X,0x80021984] -> 0x0213
mem[X,0x80021986] -> 0x0000
[3369] [M]: 0x80021984 (0x00000213) addi tp, zero, 0
x4 <- 0x00000000


mem[X,0x80021988] -> 0x006F
mem[X,0x8002198A] -> 0x00C0
[3370] [M]: 0x80021988 (0x00C0006F) jal zero, 12


mem[X,0x80021994] -> 0x6CE3
mem[X,0x80021996] -> 0xFEB5
[3371] [M]: 0x80021994 (0xFEB56CE3) bltu a0, a1, 8184


mem[X,0x80021998] -> 0x0213
mem[X,0x8002199A] -> 0x0022
[3372] [M]: 0x80021998 (0x00220213) addi tp, tp, 2
x4 <- 0x00000002


mem[X,0x8002199C] -> 0x006F
mem[X,0x8002199E] -> 0x00C0
[3373] [M]: 0x8002199C (0x00C0006F) jal zero, 12


mem[X,0x800219A8] -> 0xAE23
mem[X,0x800219AA] -> 0x5240
[3374] [M]: 0x800219A8 (0x5240AE23) sw tp, 1340(ra)
mem[0x8004C6B0] <- 0x00000002


mem[X,0x800219AC] -> 0x5537
mem[X,0x800219AE] -> 0x5555
[3375] [M]: 0x800219AC (0x55555537) lui a0, 349525
x10 <- 0x55555000


mem[X,0x800219B0] -> 0x0513
mem[X,0x800219B2] -> 0x5545
[3376] [M]: 0x800219B0 (0x55450513) addi a0, a0, 1364
x10 <- 0x55555554


mem[X,0x800219B4] -> 0x55B7
mem[X,0x800219B6] -> 0x5555
[3377] [M]: 0x800219B4 (0x555555B7) lui a1, 349525
x11 <- 0x55555000


mem[X,0x800219B8] -> 0x8593
mem[X,0x800219BA] -> 0x5545
[3378] [M]: 0x800219B8 (0x55458593) addi a1, a1, 1364
x11 <- 0x55555554


mem[X,0x800219BC] -> 0x0213
mem[X,0x800219BE] -> 0x0000
[3379] [M]: 0x800219BC (0x00000213) addi tp, zero, 0
x4 <- 0x00000000


mem[X,0x800219C0] -> 0x006F
mem[X,0x800219C2] -> 0x00C0
[3380] [M]: 0x800219C0 (0x00C0006F) jal zero, 12


mem[X,0x800219CC] -> 0x6663
mem[X,0x800219CE] -> 0x00B5
[3381] [M]: 0x800219CC (0x00B56663) bltu a0, a1, 12


mem[X,0x800219D0] -> 0x0213
mem[X,0x800219D2] -> 0x0022
[3382] [M]: 0x800219D0 (0x00220213) addi tp, tp, 2
x4 <- 0x00000002


mem[X,0x800219D4] -> 0x006F
mem[X,0x800219D6] -> 0x00C0
[3383] [M]: 0x800219D4 (0x00C0006F) jal zero, 12


mem[X,0x800219E0] -> 0xA023
mem[X,0x800219E2] -> 0x5440
[3384] [M]: 0x800219E0 (0x5440A023) sw tp, 1344(ra)
mem[0x8004C6B4] <- 0x00000002


mem[X,0x800219E4] -> 0x5537
mem[X,0x800219E6] -> 0x5555
[3385] [M]: 0x800219E4 (0x55555537) lui a0, 349525
x10 <- 0x55555000


mem[X,0x800219E8] -> 0x0513
mem[X,0x800219EA] -> 0x5545
[3386] [M]: 0x800219E8 (0x55450513) addi a0, a0, 1364
x10 <- 0x55555554


mem[X,0x800219EC] -> 0xB5B7
mem[X,0x800219EE] -> 0xAAAA
[3387] [M]: 0x800219EC (0xAAAAB5B7) lui a1, 699051
x11 <- 0xAAAAB000


mem[X,0x800219F0] -> 0x8593
mem[X,0x800219F2] -> 0xAA95
[3388] [M]: 0x800219F0 (0xAA958593) addi a1, a1, 2729
x11 <- 0xAAAAAAA9


mem[X,0x800219F4] -> 0x0213
mem[X,0x800219F6] -> 0x0000
[3389] [M]: 0x800219F4 (0x00000213) addi tp, zero, 0
x4 <- 0x00000000


mem[X,0x800219F8] -> 0x006F
mem[X,0x800219FA] -> 0x00C0
[3390] [M]: 0x800219F8 (0x00C0006F) jal zero, 12


mem[X,0x80021A04] -> 0x6063
mem[X,0x80021A06] -> 0x08B5
[3391] [M]: 0x80021A04 (0x08B56063) bltu a0, a1, 128


mem[X,0x80021A84] -> 0x0213
mem[X,0x80021A86] -> 0x0032
[3392] [M]: 0x80021A84 (0x00320213) addi tp, tp, 3
x4 <- 0x00000003


mem[X,0x80021A88] -> 0x006F
mem[X,0x80021A8A] -> 0x0040
[3393] [M]: 0x80021A88 (0x0040006F) jal zero, 4


mem[X,0x80021A8C] -> 0xA223
mem[X,0x80021A8E] -> 0x5440
[3394] [M]: 0x80021A8C (0x5440A223) sw tp, 1348(ra)
mem[0x8004C6B8] <- 0x00000003


mem[X,0x80021A90] -> 0x5537
mem[X,0x80021A92] -> 0x5555
[3395] [M]: 0x80021A90 (0x55555537) lui a0, 349525
x10 <- 0x55555000


mem[X,0x80021A94] -> 0x0513
mem[X,0x80021A96] -> 0x5545
[3396] [M]: 0x80021A94 (0x55450513) addi a0, a0, 1364
x10 <- 0x55555554


mem[X,0x80021A98] -> 0x0593
mem[X,0x80021A9A] -> 0x0040
[3397] [M]: 0x80021A98 (0x00400593) addi a1, zero, 4
x11 <- 0x00000004


mem[X,0x80021A9C] -> 0x0213
mem[X,0x80021A9E] -> 0x0000
[3398] [M]: 0x80021A9C (0x00000213) addi tp, zero, 0
x4 <- 0x00000000


mem[X,0x80021AA0] -> 0x006F
mem[X,0x80021AA2] -> 0x0050
[3399] [M]: 0x80021AA0 (0x0050006F) jal zero, 2052


clint::tick mtime <- 0x0000000000000022
 clint timer pending at mtime 0x0000000000000022
htif::tick 0x0000000000000000
mem[X,0x800222A4] -> 0x60E3
mem[X,0x800222A6] -> 0x80B5
[3400] [M]: 0x800222A4 (0x80B560E3) bltu a0, a1, 6144


mem[X,0x800222A8] -> 0x0213
mem[X,0x800222AA] -> 0x0022
[3401] [M]: 0x800222A8 (0x00220213) addi tp, tp, 2
x4 <- 0x00000002


mem[X,0x800222AC] -> 0x006F
mem[X,0x800222AE] -> 0x00C0
[3402] [M]: 0x800222AC (0x00C0006F) jal zero, 12


mem[X,0x800222B8] -> 0xA423
mem[X,0x800222BA] -> 0x5440
[3403] [M]: 0x800222B8 (0x5440A423) sw tp, 1352(ra)
mem[0x8004C6BC] <- 0x00000002


mem[X,0x800222BC] -> 0x5537
mem[X,0x800222BE] -> 0x5555
[3404] [M]: 0x800222BC (0x55555537) lui a0, 349525
x10 <- 0x55555000


mem[X,0x800222C0] -> 0x0513
mem[X,0x800222C2] -> 0x5545
[3405] [M]: 0x800222C0 (0x55450513) addi a0, a0, 1364
x10 <- 0x55555554


mem[X,0x800222C4] -> 0x35B7
mem[X,0x800222C6] -> 0x3333
[3406] [M]: 0x800222C4 (0x333335B7) lui a1, 209715
x11 <- 0x33333000


mem[X,0x800222C8] -> 0x8593
mem[X,0x800222CA] -> 0x3325
[3407] [M]: 0x800222C8 (0x33258593) addi a1, a1, 818
x11 <- 0x33333332


mem[X,0x800222CC] -> 0x0213
mem[X,0x800222CE] -> 0x0000
[3408] [M]: 0x800222CC (0x00000213) addi tp, zero, 0
x4 <- 0x00000000


mem[X,0x800222D0] -> 0x006F
mem[X,0x800222D2] -> 0x00C0
[3409] [M]: 0x800222D0 (0x00C0006F) jal zero, 12


mem[X,0x800222DC] -> 0x6063
mem[X,0x800222DE] -> 0x02B5
[3410] [M]: 0x800222DC (0x02B56063) bltu a0, a1, 32


mem[X,0x800222E0] -> 0x0213
mem[X,0x800222E2] -> 0x0022
[3411] [M]: 0x800222E0 (0x00220213) addi tp, tp, 2
x4 <- 0x00000002


mem[X,0x800222E4] -> 0x006F
mem[X,0x800222E6] -> 0x0200
[3412] [M]: 0x800222E4 (0x0200006F) jal zero, 32


mem[X,0x80022304] -> 0xA623
mem[X,0x80022306] -> 0x5440
[3413] [M]: 0x80022304 (0x5440A623) sw tp, 1356(ra)
mem[0x8004C6C0] <- 0x00000002


mem[X,0x80022308] -> 0x5537
mem[X,0x8002230A] -> 0x5555
[3414] [M]: 0x80022308 (0x55555537) lui a0, 349525
x10 <- 0x55555000


mem[X,0x8002230C] -> 0x0513
mem[X,0x8002230E] -> 0x5545
[3415] [M]: 0x8002230C (0x55450513) addi a0, a0, 1364
x10 <- 0x55555554


mem[X,0x80022310] -> 0x65B7
mem[X,0x80022312] -> 0x6666
[3416] [M]: 0x80022310 (0x666665B7) lui a1, 419430
x11 <- 0x66666000


mem[X,0x80022314] -> 0x8593
mem[X,0x80022316] -> 0x6655
[3417] [M]: 0x80022314 (0x66558593) addi a1, a1, 1637
x11 <- 0x66666665


mem[X,0x80022318] -> 0x0213
mem[X,0x8002231A] -> 0x0000
[3418] [M]: 0x80022318 (0x00000213) addi tp, zero, 0
x4 <- 0x00000000


mem[X,0x8002231C] -> 0x006F
mem[X,0x8002231E] -> 0x00C0
[3419] [M]: 0x8002231C (0x00C0006F) jal zero, 12


mem[X,0x80022328] -> 0x6663
mem[X,0x8002232A] -> 0x00B5
[3420] [M]: 0x80022328 (0x00B56663) bltu a0, a1, 12


mem[X,0x80022334] -> 0x0213
mem[X,0x80022336] -> 0x0032
[3421] [M]: 0x80022334 (0x00320213) addi tp, tp, 3
x4 <- 0x00000003


mem[X,0x80022338] -> 0x006F
mem[X,0x8002233A] -> 0x0040
[3422] [M]: 0x80022338 (0x0040006F) jal zero, 4


mem[X,0x8002233C] -> 0xA823
mem[X,0x8002233E] -> 0x5440
[3423] [M]: 0x8002233C (0x5440A823) sw tp, 1360(ra)
mem[0x8004C6C4] <- 0x00000003


mem[X,0x80022340] -> 0x5537
mem[X,0x80022342] -> 0x5555
[3424] [M]: 0x80022340 (0x55555537) lui a0, 349525
x10 <- 0x55555000


mem[X,0x80022344] -> 0x0513
mem[X,0x80022346] -> 0x5545
[3425] [M]: 0x80022344 (0x55450513) addi a0, a0, 1364
x10 <- 0x55555554


mem[X,0x80022348] -> 0xB5B7
mem[X,0x8002234A] -> 0x0000
[3426] [M]: 0x80022348 (0x0000B5B7) lui a1, 11
x11 <- 0x0000B000


mem[X,0x8002234C] -> 0x8593
mem[X,0x8002234E] -> 0x5035
[3427] [M]: 0x8002234C (0x50358593) addi a1, a1, 1283
x11 <- 0x0000B503


mem[X,0x80022350] -> 0x0213
mem[X,0x80022352] -> 0x0000
[3428] [M]: 0x80022350 (0x00000213) addi tp, zero, 0
x4 <- 0x00000000


mem[X,0x80022354] -> 0x006F
mem[X,0x80022356] -> 0x00C0
[3429] [M]: 0x80022354 (0x00C0006F) jal zero, 12


mem[X,0x80022360] -> 0x6063
mem[X,0x80022362] -> 0x40B5
[3430] [M]: 0x80022360 (0x40B56063) bltu a0, a1, 1024


mem[X,0x80022364] -> 0x0213
mem[X,0x80022366] -> 0x0022
[3431] [M]: 0x80022364 (0x00220213) addi tp, tp, 2
x4 <- 0x00000002


mem[X,0x80022368] -> 0x006F
mem[X,0x8002236A] -> 0x4000
[3432] [M]: 0x80022368 (0x4000006F) jal zero, 1024


mem[X,0x80022768] -> 0xAA23
mem[X,0x8002276A] -> 0x5440
[3433] [M]: 0x80022768 (0x5440AA23) sw tp, 1364(ra)
mem[0x8004C6C8] <- 0x00000002


mem[X,0x8002276C] -> 0x5537
mem[X,0x8002276E] -> 0x5555
[3434] [M]: 0x8002276C (0x55555537) lui a0, 349525
x10 <- 0x55555000


mem[X,0x80022770] -> 0x0513
mem[X,0x80022772] -> 0x5545
[3435] [M]: 0x80022770 (0x55450513) addi a0, a0, 1364
x10 <- 0x55555554


mem[X,0x80022774] -> 0x05B7
mem[X,0x80022776] -> 0x0001
[3436] [M]: 0x80022774 (0x000105B7) lui a1, 16
x11 <- 0x00010000


mem[X,0x80022778] -> 0x8593
mem[X,0x8002277A] -> 0xFFE5
[3437] [M]: 0x80022778 (0xFFE58593) addi a1, a1, 4094
x11 <- 0x0000FFFE


mem[X,0x8002277C] -> 0x0213
mem[X,0x8002277E] -> 0x0000
[3438] [M]: 0x8002277C (0x00000213) addi tp, zero, 0
x4 <- 0x00000000


mem[X,0x80022780] -> 0x006F
mem[X,0x80022782] -> 0x00C0
[3439] [M]: 0x80022780 (0x00C0006F) jal zero, 12


mem[X,0x8002278C] -> 0x6663
mem[X,0x8002278E] -> 0x00B5
[3440] [M]: 0x8002278C (0x00B56663) bltu a0, a1, 12


mem[X,0x80022790] -> 0x0213
mem[X,0x80022792] -> 0x0022
[3441] [M]: 0x80022790 (0x00220213) addi tp, tp, 2
x4 <- 0x00000002


mem[X,0x80022794] -> 0x006F
mem[X,0x80022796] -> 0x00C0
[3442] [M]: 0x80022794 (0x00C0006F) jal zero, 12


mem[X,0x800227A0] -> 0xAC23
mem[X,0x800227A2] -> 0x5440
[3443] [M]: 0x800227A0 (0x5440AC23) sw tp, 1368(ra)
mem[0x8004C6CC] <- 0x00000002


mem[X,0x800227A4] -> 0x5537
mem[X,0x800227A6] -> 0x5555
[3444] [M]: 0x800227A4 (0x55555537) lui a0, 349525
x10 <- 0x55555000


mem[X,0x800227A8] -> 0x0513
mem[X,0x800227AA] -> 0x5545
[3445] [M]: 0x800227A8 (0x55450513) addi a0, a0, 1364
x10 <- 0x55555554


mem[X,0x800227AC] -> 0x55B7
mem[X,0x800227AE] -> 0x5555
[3446] [M]: 0x800227AC (0x555555B7) lui a1, 349525
x11 <- 0x55555000


mem[X,0x800227B0] -> 0x8593
mem[X,0x800227B2] -> 0x5565
[3447] [M]: 0x800227B0 (0x55658593) addi a1, a1, 1366
x11 <- 0x55555556


mem[X,0x800227B4] -> 0x0213
mem[X,0x800227B6] -> 0x0000
[3448] [M]: 0x800227B4 (0x00000213) addi tp, zero, 0
x4 <- 0x00000000


mem[X,0x800227B8] -> 0x006F
mem[X,0x800227BA] -> 0x00C0
[3449] [M]: 0x800227B8 (0x00C0006F) jal zero, 12


mem[X,0x800227C4] -> 0x6CE3
mem[X,0x800227C6] -> 0xFEB5
[3450] [M]: 0x800227C4 (0xFEB56CE3) bltu a0, a1, 8184


mem[X,0x800227BC] -> 0x0213
mem[X,0x800227BE] -> 0x0012
[3451] [M]: 0x800227BC (0x00120213) addi tp, tp, 1
x4 <- 0x00000001


mem[X,0x800227C0] -> 0x006F
mem[X,0x800227C2] -> 0x0180
[3452] [M]: 0x800227C0 (0x0180006F) jal zero, 24


mem[X,0x800227D8] -> 0xAE23
mem[X,0x800227DA] -> 0x5440
[3453] [M]: 0x800227D8 (0x5440AE23) sw tp, 1372(ra)
mem[0x8004C6D0] <- 0x00000001


mem[X,0x800227DC] -> 0x5537
mem[X,0x800227DE] -> 0x5555
[3454] [M]: 0x800227DC (0x55555537) lui a0, 349525
x10 <- 0x55555000


mem[X,0x800227E0] -> 0x0513
mem[X,0x800227E2] -> 0x5545
[3455] [M]: 0x800227E0 (0x55450513) addi a0, a0, 1364
x10 <- 0x55555554


mem[X,0x800227E4] -> 0xB5B7
mem[X,0x800227E6] -> 0xAAAA
[3456] [M]: 0x800227E4 (0xAAAAB5B7) lui a1, 699051
x11 <- 0xAAAAB000


mem[X,0x800227E8] -> 0x8593
mem[X,0x800227EA] -> 0xAAB5
[3457] [M]: 0x800227E8 (0xAAB58593) addi a1, a1, 2731
x11 <- 0xAAAAAAAB


mem[X,0x800227EC] -> 0x0213
mem[X,0x800227EE] -> 0x0000
[3458] [M]: 0x800227EC (0x00000213) addi tp, zero, 0
x4 <- 0x00000000


mem[X,0x800227F0] -> 0x006F
mem[X,0x800227F2] -> 0x00C0
[3459] [M]: 0x800227F0 (0x00C0006F) jal zero, 12


mem[X,0x800227FC] -> 0x6CE3
mem[X,0x800227FE] -> 0xFEB5
[3460] [M]: 0x800227FC (0xFEB56CE3) bltu a0, a1, 8184


mem[X,0x800227F4] -> 0x0213
mem[X,0x800227F6] -> 0x0012
[3461] [M]: 0x800227F4 (0x00120213) addi tp, tp, 1
x4 <- 0x00000001


mem[X,0x800227F8] -> 0x006F
mem[X,0x800227FA] -> 0x0180
[3462] [M]: 0x800227F8 (0x0180006F) jal zero, 24


mem[X,0x80022810] -> 0xA023
mem[X,0x80022812] -> 0x5640
[3463] [M]: 0x80022810 (0x5640A023) sw tp, 1376(ra)
mem[0x8004C6D4] <- 0x00000001


mem[X,0x80022814] -> 0x5537
mem[X,0x80022816] -> 0x5555
[3464] [M]: 0x80022814 (0x55555537) lui a0, 349525
x10 <- 0x55555000


mem[X,0x80022818] -> 0x0513
mem[X,0x8002281A] -> 0x5545
[3465] [M]: 0x80022818 (0x55450513) addi a0, a0, 1364
x10 <- 0x55555554


mem[X,0x8002281C] -> 0x0593
mem[X,0x8002281E] -> 0x0060
[3466] [M]: 0x8002281C (0x00600593) addi a1, zero, 6
x11 <- 0x00000006


mem[X,0x80022820] -> 0x0213
mem[X,0x80022822] -> 0x0000
[3467] [M]: 0x80022820 (0x00000213) addi tp, zero, 0
x4 <- 0x00000000


mem[X,0x80022824] -> 0x006F
mem[X,0x80022826] -> 0x00C0
[3468] [M]: 0x80022824 (0x00C0006F) jal zero, 12


mem[X,0x80022830] -> 0x6663
mem[X,0x80022832] -> 0x00B5
[3469] [M]: 0x80022830 (0x00B56663) bltu a0, a1, 12


mem[X,0x80022834] -> 0x0213
mem[X,0x80022836] -> 0x0022
[3470] [M]: 0x80022834 (0x00220213) addi tp, tp, 2
x4 <- 0x00000002


mem[X,0x80022838] -> 0x006F
mem[X,0x8002283A] -> 0x00C0
[3471] [M]: 0x80022838 (0x00C0006F) jal zero, 12


mem[X,0x80022844] -> 0xA223
mem[X,0x80022846] -> 0x5640
[3472] [M]: 0x80022844 (0x5640A223) sw tp, 1380(ra)
mem[0x8004C6D8] <- 0x00000002


mem[X,0x80022848] -> 0x5537
mem[X,0x8002284A] -> 0x5555
[3473] [M]: 0x80022848 (0x55555537) lui a0, 349525
x10 <- 0x55555000


mem[X,0x8002284C] -> 0x0513
mem[X,0x8002284E] -> 0x5545
[3474] [M]: 0x8002284C (0x55450513) addi a0, a0, 1364
x10 <- 0x55555554


mem[X,0x80022850] -> 0x35B7
mem[X,0x80022852] -> 0x3333
[3475] [M]: 0x80022850 (0x333335B7) lui a1, 209715
x11 <- 0x33333000


mem[X,0x80022854] -> 0x8593
mem[X,0x80022856] -> 0x3345
[3476] [M]: 0x80022854 (0x33458593) addi a1, a1, 820
x11 <- 0x33333334


mem[X,0x80022858] -> 0x0213
mem[X,0x8002285A] -> 0x0000
[3477] [M]: 0x80022858 (0x00000213) addi tp, zero, 0
x4 <- 0x00000000


mem[X,0x8002285C] -> 0x006F
mem[X,0x8002285E] -> 0x0100
[3478] [M]: 0x8002285C (0x0100006F) jal zero, 16


mem[X,0x8002286C] -> 0x6AE3
mem[X,0x8002286E] -> 0xFEB5
[3479] [M]: 0x8002286C (0xFEB56AE3) bltu a0, a1, 8180


mem[X,0x80022870] -> 0x0213
mem[X,0x80022872] -> 0x0022
[3480] [M]: 0x80022870 (0x00220213) addi tp, tp, 2
x4 <- 0x00000002


mem[X,0x80022874] -> 0x006F
mem[X,0x80022876] -> 0x00C0
[3481] [M]: 0x80022874 (0x00C0006F) jal zero, 12


mem[X,0x80022880] -> 0xA423
mem[X,0x80022882] -> 0x5640
[3482] [M]: 0x80022880 (0x5640A423) sw tp, 1384(ra)
mem[0x8004C6DC] <- 0x00000002


mem[X,0x80022884] -> 0x5537
mem[X,0x80022886] -> 0x5555
[3483] [M]: 0x80022884 (0x55555537) lui a0, 349525
x10 <- 0x55555000


mem[X,0x80022888] -> 0x0513
mem[X,0x8002288A] -> 0x5545
[3484] [M]: 0x80022888 (0x55450513) addi a0, a0, 1364
x10 <- 0x55555554


mem[X,0x8002288C] -> 0x65B7
mem[X,0x8002288E] -> 0x6666
[3485] [M]: 0x8002288C (0x666665B7) lui a1, 419430
x11 <- 0x66666000


mem[X,0x80022890] -> 0x8593
mem[X,0x80022892] -> 0x6675
[3486] [M]: 0x80022890 (0x66758593) addi a1, a1, 1639
x11 <- 0x66666667


mem[X,0x80022894] -> 0x0213
mem[X,0x80022896] -> 0x0000
[3487] [M]: 0x80022894 (0x00000213) addi tp, zero, 0
x4 <- 0x00000000


mem[X,0x80022898] -> 0x006F
mem[X,0x8002289A] -> 0x00C0
[3488] [M]: 0x80022898 (0x00C0006F) jal zero, 12


mem[X,0x800228A4] -> 0x6CE3
mem[X,0x800228A6] -> 0xFEB5
[3489] [M]: 0x800228A4 (0xFEB56CE3) bltu a0, a1, 8184


mem[X,0x8002289C] -> 0x0213
mem[X,0x8002289E] -> 0x0012
[3490] [M]: 0x8002289C (0x00120213) addi tp, tp, 1
x4 <- 0x00000001


mem[X,0x800228A0] -> 0x006F
mem[X,0x800228A2] -> 0x0180
[3491] [M]: 0x800228A0 (0x0180006F) jal zero, 24


mem[X,0x800228B8] -> 0xA623
mem[X,0x800228BA] -> 0x5640
[3492] [M]: 0x800228B8 (0x5640A623) sw tp, 1388(ra)
mem[0x8004C6E0] <- 0x00000001


mem[X,0x800228BC] -> 0x5537
mem[X,0x800228BE] -> 0x5555
[3493] [M]: 0x800228BC (0x55555537) lui a0, 349525
x10 <- 0x55555000


mem[X,0x800228C0] -> 0x0513
mem[X,0x800228C2] -> 0x5545
[3494] [M]: 0x800228C0 (0x55450513) addi a0, a0, 1364
x10 <- 0x55555554


mem[X,0x800228C4] -> 0xB5B7
mem[X,0x800228C6] -> 0x0000
[3495] [M]: 0x800228C4 (0x0000B5B7) lui a1, 11
x11 <- 0x0000B000


mem[X,0x800228C8] -> 0x8593
mem[X,0x800228CA] -> 0x5055
[3496] [M]: 0x800228C8 (0x50558593) addi a1, a1, 1285
x11 <- 0x0000B505


mem[X,0x800228CC] -> 0x0213
mem[X,0x800228CE] -> 0x0000
[3497] [M]: 0x800228CC (0x00000213) addi tp, zero, 0
x4 <- 0x00000000


mem[X,0x800228D0] -> 0x006F
mem[X,0x800228D2] -> 0x00C0
[3498] [M]: 0x800228D0 (0x00C0006F) jal zero, 12


mem[X,0x800228DC] -> 0x6663
mem[X,0x800228DE] -> 0x00B5
[3499] [M]: 0x800228DC (0x00B56663) bltu a0, a1, 12


clint::tick mtime <- 0x0000000000000023
 clint timer pending at mtime 0x0000000000000023
htif::tick 0x0000000000000000
mem[X,0x800228E0] -> 0x0213
mem[X,0x800228E2] -> 0x0022
[3500] [M]: 0x800228E0 (0x00220213) addi tp, tp, 2
x4 <- 0x00000002


mem[X,0x800228E4] -> 0x006F
mem[X,0x800228E6] -> 0x00C0
[3501] [M]: 0x800228E4 (0x00C0006F) jal zero, 12


mem[X,0x800228F0] -> 0xA823
mem[X,0x800228F2] -> 0x5640
[3502] [M]: 0x800228F0 (0x5640A823) sw tp, 1392(ra)
mem[0x8004C6E4] <- 0x00000002


mem[X,0x800228F4] -> 0x5537
mem[X,0x800228F6] -> 0x5555
[3503] [M]: 0x800228F4 (0x55555537) lui a0, 349525
x10 <- 0x55555000


mem[X,0x800228F8] -> 0x0513
mem[X,0x800228FA] -> 0x5545
[3504] [M]: 0x800228F8 (0x55450513) addi a0, a0, 1364
x10 <- 0x55555554


mem[X,0x800228FC] -> 0x0593
mem[X,0x800228FE] -> 0x0010
[3505] [M]: 0x800228FC (0x00100593) addi a1, zero, 1
x11 <- 0x00000001


mem[X,0x80022900] -> 0x0213
mem[X,0x80022902] -> 0x0000
[3506] [M]: 0x80022900 (0x00000213) addi tp, zero, 0
x4 <- 0x00000000


mem[X,0x80022904] -> 0x006F
mem[X,0x80022906] -> 0x00C0
[3507] [M]: 0x80022904 (0x00C0006F) jal zero, 12


mem[X,0x80022910] -> 0x6663
mem[X,0x80022912] -> 0x00B5
[3508] [M]: 0x80022910 (0x00B56663) bltu a0, a1, 12


mem[X,0x80022914] -> 0x0213
mem[X,0x80022916] -> 0x0022
[3509] [M]: 0x80022914 (0x00220213) addi tp, tp, 2
x4 <- 0x00000002


mem[X,0x80022918] -> 0x006F
mem[X,0x8002291A] -> 0x00C0
[3510] [M]: 0x80022918 (0x00C0006F) jal zero, 12


mem[X,0x80022924] -> 0xAA23
mem[X,0x80022926] -> 0x5640
[3511] [M]: 0x80022924 (0x5640AA23) sw tp, 1396(ra)
mem[0x8004C6E8] <- 0x00000002


mem[X,0x80022928] -> 0x5537
mem[X,0x8002292A] -> 0x5555
[3512] [M]: 0x80022928 (0x55555537) lui a0, 349525
x10 <- 0x55555000


mem[X,0x8002292C] -> 0x0513
mem[X,0x8002292E] -> 0x5545
[3513] [M]: 0x8002292C (0x55450513) addi a0, a0, 1364
x10 <- 0x55555554


mem[X,0x80022930] -> 0x05B7
mem[X,0x80022932] -> 0x0001
[3514] [M]: 0x80022930 (0x000105B7) lui a1, 16
x11 <- 0x00010000


mem[X,0x80022934] -> 0x0213
mem[X,0x80022936] -> 0x0000
[3515] [M]: 0x80022934 (0x00000213) addi tp, zero, 0
x4 <- 0x00000000


mem[X,0x80022938] -> 0x006F
mem[X,0x8002293A] -> 0x0180
[3516] [M]: 0x80022938 (0x0180006F) jal zero, 24


mem[X,0x80022950] -> 0x66E3
mem[X,0x80022952] -> 0xFEB5
[3517] [M]: 0x80022950 (0xFEB566E3) bltu a0, a1, 8172


mem[X,0x80022954] -> 0x0213
mem[X,0x80022956] -> 0x0022
[3518] [M]: 0x80022954 (0x00220213) addi tp, tp, 2
x4 <- 0x00000002


mem[X,0x80022958] -> 0x006F
mem[X,0x8002295A] -> 0x00C0
[3519] [M]: 0x80022958 (0x00C0006F) jal zero, 12


mem[X,0x80022964] -> 0xAC23
mem[X,0x80022966] -> 0x5640
[3520] [M]: 0x80022964 (0x5640AC23) sw tp, 1400(ra)
mem[0x8004C6EC] <- 0x00000002


mem[X,0x80022968] -> 0xB537
mem[X,0x8002296A] -> 0xAAAA
[3521] [M]: 0x80022968 (0xAAAAB537) lui a0, 699051
x10 <- 0xAAAAB000


mem[X,0x8002296C] -> 0x0513
mem[X,0x8002296E] -> 0xAA95
[3522] [M]: 0x8002296C (0xAA950513) addi a0, a0, 2729
x10 <- 0xAAAAAAA9


mem[X,0x80022970] -> 0x0593
mem[X,0x80022972] -> 0x0030
[3523] [M]: 0x80022970 (0x00300593) addi a1, zero, 3
x11 <- 0x00000003


mem[X,0x80022974] -> 0x0213
mem[X,0x80022976] -> 0x0000
[3524] [M]: 0x80022974 (0x00000213) addi tp, zero, 0
x4 <- 0x00000000


mem[X,0x80022978] -> 0x006F
mem[X,0x8002297A] -> 0x00C0
[3525] [M]: 0x80022978 (0x00C0006F) jal zero, 12


mem[X,0x80022984] -> 0x6063
mem[X,0x80022986] -> 0x40B5
[3526] [M]: 0x80022984 (0x40B56063) bltu a0, a1, 1024


mem[X,0x80022988] -> 0x0213
mem[X,0x8002298A] -> 0x0022
[3527] [M]: 0x80022988 (0x00220213) addi tp, tp, 2
x4 <- 0x00000002


mem[X,0x8002298C] -> 0x006F
mem[X,0x8002298E] -> 0x4000
[3528] [M]: 0x8002298C (0x4000006F) jal zero, 1024


mem[X,0x80022D8C] -> 0xAE23
mem[X,0x80022D8E] -> 0x5640
[3529] [M]: 0x80022D8C (0x5640AE23) sw tp, 1404(ra)
mem[0x8004C6F0] <- 0x00000002


mem[X,0x80022D90] -> 0xB537
mem[X,0x80022D92] -> 0xAAAA
[3530] [M]: 0x80022D90 (0xAAAAB537) lui a0, 699051
x10 <- 0xAAAAB000


mem[X,0x80022D94] -> 0x0513
mem[X,0x80022D96] -> 0xAA95
[3531] [M]: 0x80022D94 (0xAA950513) addi a0, a0, 2729
x10 <- 0xAAAAAAA9


mem[X,0x80022D98] -> 0x55B7
mem[X,0x80022D9A] -> 0x5555
[3532] [M]: 0x80022D98 (0x555555B7) lui a1, 349525
x11 <- 0x55555000


mem[X,0x80022D9C] -> 0x8593
mem[X,0x80022D9E] -> 0x5555
[3533] [M]: 0x80022D9C (0x55558593) addi a1, a1, 1365
x11 <- 0x55555555


mem[X,0x80022DA0] -> 0x0213
mem[X,0x80022DA2] -> 0x0000
[3534] [M]: 0x80022DA0 (0x00000213) addi tp, zero, 0
x4 <- 0x00000000


mem[X,0x80022DA4] -> 0x006F
mem[X,0x80022DA6] -> 0x0050
[3535] [M]: 0x80022DA4 (0x0050006F) jal zero, 2052


mem[X,0x800235A8] -> 0x60E3
mem[X,0x800235AA] -> 0x80B5
[3536] [M]: 0x800235A8 (0x80B560E3) bltu a0, a1, 6144


mem[X,0x800235AC] -> 0x0213
mem[X,0x800235AE] -> 0x0022
[3537] [M]: 0x800235AC (0x00220213) addi tp, tp, 2
x4 <- 0x00000002


mem[X,0x800235B0] -> 0x006F
mem[X,0x800235B2] -> 0x00C0
[3538] [M]: 0x800235B0 (0x00C0006F) jal zero, 12


mem[X,0x800235BC] -> 0xA023
mem[X,0x800235BE] -> 0x5840
[3539] [M]: 0x800235BC (0x5840A023) sw tp, 1408(ra)
mem[0x8004C6F4] <- 0x00000002


mem[X,0x800235C0] -> 0xB537
mem[X,0x800235C2] -> 0xAAAA
[3540] [M]: 0x800235C0 (0xAAAAB537) lui a0, 699051
x10 <- 0xAAAAB000


mem[X,0x800235C4] -> 0x0513
mem[X,0x800235C6] -> 0xAA95
[3541] [M]: 0x800235C4 (0xAA950513) addi a0, a0, 2729
x10 <- 0xAAAAAAA9


mem[X,0x800235C8] -> 0xB5B7
mem[X,0x800235CA] -> 0xAAAA
[3542] [M]: 0x800235C8 (0xAAAAB5B7) lui a1, 699051
x11 <- 0xAAAAB000


mem[X,0x800235CC] -> 0x8593
mem[X,0x800235CE] -> 0xAAA5
[3543] [M]: 0x800235CC (0xAAA58593) addi a1, a1, 2730
x11 <- 0xAAAAAAAA


mem[X,0x800235D0] -> 0x0213
mem[X,0x800235D2] -> 0x0000
[3544] [M]: 0x800235D0 (0x00000213) addi tp, zero, 0
x4 <- 0x00000000


mem[X,0x800235D4] -> 0x006F
mem[X,0x800235D6] -> 0x00C0
[3545] [M]: 0x800235D4 (0x00C0006F) jal zero, 12


mem[X,0x800235E0] -> 0x6063
mem[X,0x800235E2] -> 0x04B5
[3546] [M]: 0x800235E0 (0x04B56063) bltu a0, a1, 64


mem[X,0x80023620] -> 0x0213
mem[X,0x80023622] -> 0x0032
[3547] [M]: 0x80023620 (0x00320213) addi tp, tp, 3
x4 <- 0x00000003


mem[X,0x80023624] -> 0x006F
mem[X,0x80023626] -> 0x0040
[3548] [M]: 0x80023624 (0x0040006F) jal zero, 4


mem[X,0x80023628] -> 0xA223
mem[X,0x8002362A] -> 0x5840
[3549] [M]: 0x80023628 (0x5840A223) sw tp, 1412(ra)
mem[0x8004C6F8] <- 0x00000003


mem[X,0x8002362C] -> 0xB537
mem[X,0x8002362E] -> 0xAAAA
[3550] [M]: 0x8002362C (0xAAAAB537) lui a0, 699051
x10 <- 0xAAAAB000


mem[X,0x80023630] -> 0x0513
mem[X,0x80023632] -> 0xAA95
[3551] [M]: 0x80023630 (0xAA950513) addi a0, a0, 2729
x10 <- 0xAAAAAAA9


mem[X,0x80023634] -> 0x0593
mem[X,0x80023636] -> 0x0050
[3552] [M]: 0x80023634 (0x00500593) addi a1, zero, 5
x11 <- 0x00000005


mem[X,0x80023638] -> 0x0213
mem[X,0x8002363A] -> 0x0000
[3553] [M]: 0x80023638 (0x00000213) addi tp, zero, 0
x4 <- 0x00000000


mem[X,0x8002363C] -> 0x006F
mem[X,0x8002363E] -> 0x0140
[3554] [M]: 0x8002363C (0x0140006F) jal zero, 20


mem[X,0x80023650] -> 0x68E3
mem[X,0x80023652] -> 0xFEB5
[3555] [M]: 0x80023650 (0xFEB568E3) bltu a0, a1, 8176


mem[X,0x80023654] -> 0x0213
mem[X,0x80023656] -> 0x0022
[3556] [M]: 0x80023654 (0x00220213) addi tp, tp, 2
x4 <- 0x00000002


mem[X,0x80023658] -> 0x006F
mem[X,0x8002365A] -> 0x00C0
[3557] [M]: 0x80023658 (0x00C0006F) jal zero, 12


mem[X,0x80023664] -> 0xA423
mem[X,0x80023666] -> 0x5840
[3558] [M]: 0x80023664 (0x5840A423) sw tp, 1416(ra)
mem[0x8004C6FC] <- 0x00000002


mem[X,0x80023668] -> 0xB537
mem[X,0x8002366A] -> 0xAAAA
[3559] [M]: 0x80023668 (0xAAAAB537) lui a0, 699051
x10 <- 0xAAAAB000


mem[X,0x8002366C] -> 0x0513
mem[X,0x8002366E] -> 0xAA95
[3560] [M]: 0x8002366C (0xAA950513) addi a0, a0, 2729
x10 <- 0xAAAAAAA9


mem[X,0x80023670] -> 0x35B7
mem[X,0x80023672] -> 0x3333
[3561] [M]: 0x80023670 (0x333335B7) lui a1, 209715
x11 <- 0x33333000


mem[X,0x80023674] -> 0x8593
mem[X,0x80023676] -> 0x3335
[3562] [M]: 0x80023674 (0x33358593) addi a1, a1, 819
x11 <- 0x33333333


mem[X,0x80023678] -> 0x0213
mem[X,0x8002367A] -> 0x0000
[3563] [M]: 0x80023678 (0x00000213) addi tp, zero, 0
x4 <- 0x00000000


mem[X,0x8002367C] -> 0x006F
mem[X,0x8002367E] -> 0x0140
[3564] [M]: 0x8002367C (0x0140006F) jal zero, 20


mem[X,0x80023690] -> 0x68E3
mem[X,0x80023692] -> 0xFEB5
[3565] [M]: 0x80023690 (0xFEB568E3) bltu a0, a1, 8176


mem[X,0x80023694] -> 0x0213
mem[X,0x80023696] -> 0x0022
[3566] [M]: 0x80023694 (0x00220213) addi tp, tp, 2
x4 <- 0x00000002


mem[X,0x80023698] -> 0x006F
mem[X,0x8002369A] -> 0x00C0
[3567] [M]: 0x80023698 (0x00C0006F) jal zero, 12


mem[X,0x800236A4] -> 0xA623
mem[X,0x800236A6] -> 0x5840
[3568] [M]: 0x800236A4 (0x5840A623) sw tp, 1420(ra)
mem[0x8004C700] <- 0x00000002


mem[X,0x800236A8] -> 0xB537
mem[X,0x800236AA] -> 0xAAAA
[3569] [M]: 0x800236A8 (0xAAAAB537) lui a0, 699051
x10 <- 0xAAAAB000


mem[X,0x800236AC] -> 0x0513
mem[X,0x800236AE] -> 0xAA95
[3570] [M]: 0x800236AC (0xAA950513) addi a0, a0, 2729
x10 <- 0xAAAAAAA9


mem[X,0x800236B0] -> 0x65B7
mem[X,0x800236B2] -> 0x6666
[3571] [M]: 0x800236B0 (0x666665B7) lui a1, 419430
x11 <- 0x66666000


mem[X,0x800236B4] -> 0x8593
mem[X,0x800236B6] -> 0x6665
[3572] [M]: 0x800236B4 (0x66658593) addi a1, a1, 1638
x11 <- 0x66666666


mem[X,0x800236B8] -> 0x0213
mem[X,0x800236BA] -> 0x0000
[3573] [M]: 0x800236B8 (0x00000213) addi tp, zero, 0
x4 <- 0x00000000


mem[X,0x800236BC] -> 0x006F
mem[X,0x800236BE] -> 0x00C0
[3574] [M]: 0x800236BC (0x00C0006F) jal zero, 12


mem[X,0x800236C8] -> 0x6663
mem[X,0x800236CA] -> 0x00B5
[3575] [M]: 0x800236C8 (0x00B56663) bltu a0, a1, 12


mem[X,0x800236CC] -> 0x0213
mem[X,0x800236CE] -> 0x0022
[3576] [M]: 0x800236CC (0x00220213) addi tp, tp, 2
x4 <- 0x00000002


mem[X,0x800236D0] -> 0x006F
mem[X,0x800236D2] -> 0x00C0
[3577] [M]: 0x800236D0 (0x00C0006F) jal zero, 12


mem[X,0x800236DC] -> 0xA823
mem[X,0x800236DE] -> 0x5840
[3578] [M]: 0x800236DC (0x5840A823) sw tp, 1424(ra)
mem[0x8004C704] <- 0x00000002


mem[X,0x800236E0] -> 0xB537
mem[X,0x800236E2] -> 0xAAAA
[3579] [M]: 0x800236E0 (0xAAAAB537) lui a0, 699051
x10 <- 0xAAAAB000


mem[X,0x800236E4] -> 0x0513
mem[X,0x800236E6] -> 0xAA95
[3580] [M]: 0x800236E4 (0xAA950513) addi a0, a0, 2729
x10 <- 0xAAAAAAA9


mem[X,0x800236E8] -> 0xB5B7
mem[X,0x800236EA] -> 0x0000
[3581] [M]: 0x800236E8 (0x0000B5B7) lui a1, 11
x11 <- 0x0000B000


mem[X,0x800236EC] -> 0x8593
mem[X,0x800236EE] -> 0x5045
[3582] [M]: 0x800236EC (0x50458593) addi a1, a1, 1284
x11 <- 0x0000B504


mem[X,0x800236F0] -> 0x0213
mem[X,0x800236F2] -> 0x0000
[3583] [M]: 0x800236F0 (0x00000213) addi tp, zero, 0
x4 <- 0x00000000


mem[X,0x800236F4] -> 0x006F
mem[X,0x800236F6] -> 0x00C0
[3584] [M]: 0x800236F4 (0x00C0006F) jal zero, 12


mem[X,0x80023700] -> 0x6663
mem[X,0x80023702] -> 0x00B5
[3585] [M]: 0x80023700 (0x00B56663) bltu a0, a1, 12


mem[X,0x80023704] -> 0x0213
mem[X,0x80023706] -> 0x0022
[3586] [M]: 0x80023704 (0x00220213) addi tp, tp, 2
x4 <- 0x00000002


mem[X,0x80023708] -> 0x006F
mem[X,0x8002370A] -> 0x00C0
[3587] [M]: 0x80023708 (0x00C0006F) jal zero, 12


mem[X,0x80023714] -> 0xAA23
mem[X,0x80023716] -> 0x5840
[3588] [M]: 0x80023714 (0x5840AA23) sw tp, 1428(ra)
mem[0x8004C708] <- 0x00000002


mem[X,0x80023718] -> 0xB537
mem[X,0x8002371A] -> 0xAAAA
[3589] [M]: 0x80023718 (0xAAAAB537) lui a0, 699051
x10 <- 0xAAAAB000


mem[X,0x8002371C] -> 0x0513
mem[X,0x8002371E] -> 0xAA95
[3590] [M]: 0x8002371C (0xAA950513) addi a0, a0, 2729
x10 <- 0xAAAAAAA9


mem[X,0x80023720] -> 0x0593
mem[X,0x80023722] -> 0x0000
[3591] [M]: 0x80023720 (0x00000593) addi a1, zero, 0
x11 <- 0x00000000


mem[X,0x80023724] -> 0x0213
mem[X,0x80023726] -> 0x0000
[3592] [M]: 0x80023724 (0x00000213) addi tp, zero, 0
x4 <- 0x00000000


mem[X,0x80023728] -> 0x006F
mem[X,0x8002372A] -> 0x00C0
[3593] [M]: 0x80023728 (0x00C0006F) jal zero, 12


mem[X,0x80023734] -> 0x6663
mem[X,0x80023736] -> 0x00B5
[3594] [M]: 0x80023734 (0x00B56663) bltu a0, a1, 12


mem[X,0x80023738] -> 0x0213
mem[X,0x8002373A] -> 0x0022
[3595] [M]: 0x80023738 (0x00220213) addi tp, tp, 2
x4 <- 0x00000002


mem[X,0x8002373C] -> 0x006F
mem[X,0x8002373E] -> 0x00C0
[3596] [M]: 0x8002373C (0x00C0006F) jal zero, 12


mem[X,0x80023748] -> 0xAC23
mem[X,0x8002374A] -> 0x5840
[3597] [M]: 0x80023748 (0x5840AC23) sw tp, 1432(ra)
mem[0x8004C70C] <- 0x00000002


mem[X,0x8002374C] -> 0xB537
mem[X,0x8002374E] -> 0xAAAA
[3598] [M]: 0x8002374C (0xAAAAB537) lui a0, 699051
x10 <- 0xAAAAB000


mem[X,0x80023750] -> 0x0513
mem[X,0x80023752] -> 0xAA95
[3599] [M]: 0x80023750 (0xAA950513) addi a0, a0, 2729
x10 <- 0xAAAAAAA9


clint::tick mtime <- 0x0000000000000024
 clint timer pending at mtime 0x0000000000000024
htif::tick 0x0000000000000000
mem[X,0x80023754] -> 0x05B7
mem[X,0x80023756] -> 0x0001
[3600] [M]: 0x80023754 (0x000105B7) lui a1, 16
x11 <- 0x00010000


mem[X,0x80023758] -> 0x8593
mem[X,0x8002375A] -> 0xFFF5
[3601] [M]: 0x80023758 (0xFFF58593) addi a1, a1, 4095
x11 <- 0x0000FFFF


mem[X,0x8002375C] -> 0x0213
mem[X,0x8002375E] -> 0x0000
[3602] [M]: 0x8002375C (0x00000213) addi tp, zero, 0
x4 <- 0x00000000


mem[X,0x80023760] -> 0x006F
mem[X,0x80023762] -> 0x0050
[3603] [M]: 0x80023760 (0x0050006F) jal zero, 2052


mem[X,0x80023F64] -> 0x60E3
mem[X,0x80023F66] -> 0x80B5
[3604] [M]: 0x80023F64 (0x80B560E3) bltu a0, a1, 6144


mem[X,0x80023F68] -> 0x0213
mem[X,0x80023F6A] -> 0x0022
[3605] [M]: 0x80023F68 (0x00220213) addi tp, tp, 2
x4 <- 0x00000002


mem[X,0x80023F6C] -> 0x006F
mem[X,0x80023F6E] -> 0x00C0
[3606] [M]: 0x80023F6C (0x00C0006F) jal zero, 12


mem[X,0x80023F78] -> 0xAE23
mem[X,0x80023F7A] -> 0x5840
[3607] [M]: 0x80023F78 (0x5840AE23) sw tp, 1436(ra)
mem[0x8004C710] <- 0x00000002


mem[X,0x80023F7C] -> 0xB537
mem[X,0x80023F7E] -> 0xAAAA
[3608] [M]: 0x80023F7C (0xAAAAB537) lui a0, 699051
x10 <- 0xAAAAB000


mem[X,0x80023F80] -> 0x0513
mem[X,0x80023F82] -> 0xAA95
[3609] [M]: 0x80023F80 (0xAA950513) addi a0, a0, 2729
x10 <- 0xAAAAAAA9


mem[X,0x80023F84] -> 0x0593
mem[X,0x80023F86] -> 0x0020
[3610] [M]: 0x80023F84 (0x00200593) addi a1, zero, 2
x11 <- 0x00000002


mem[X,0x80023F88] -> 0x0213
mem[X,0x80023F8A] -> 0x0000
[3611] [M]: 0x80023F88 (0x00000213) addi tp, zero, 0
x4 <- 0x00000000


mem[X,0x80023F8C] -> 0x006F
mem[X,0x80023F8E] -> 0x00C0
[3612] [M]: 0x80023F8C (0x00C0006F) jal zero, 12


mem[X,0x80023F98] -> 0x6CE3
mem[X,0x80023F9A] -> 0xFEB5
[3613] [M]: 0x80023F98 (0xFEB56CE3) bltu a0, a1, 8184


mem[X,0x80023F9C] -> 0x0213
mem[X,0x80023F9E] -> 0x0022
[3614] [M]: 0x80023F9C (0x00220213) addi tp, tp, 2
x4 <- 0x00000002


mem[X,0x80023FA0] -> 0x006F
mem[X,0x80023FA2] -> 0x00C0
[3615] [M]: 0x80023FA0 (0x00C0006F) jal zero, 12


mem[X,0x80023FAC] -> 0xA023
mem[X,0x80023FAE] -> 0x5A40
[3616] [M]: 0x80023FAC (0x5A40A023) sw tp, 1440(ra)
mem[0x8004C714] <- 0x00000002


mem[X,0x80023FB0] -> 0xB537
mem[X,0x80023FB2] -> 0xAAAA
[3617] [M]: 0x80023FB0 (0xAAAAB537) lui a0, 699051
x10 <- 0xAAAAB000


mem[X,0x80023FB4] -> 0x0513
mem[X,0x80023FB6] -> 0xAA95
[3618] [M]: 0x80023FB4 (0xAA950513) addi a0, a0, 2729
x10 <- 0xAAAAAAA9


mem[X,0x80023FB8] -> 0x55B7
mem[X,0x80023FBA] -> 0x5555
[3619] [M]: 0x80023FB8 (0x555555B7) lui a1, 349525
x11 <- 0x55555000


mem[X,0x80023FBC] -> 0x8593
mem[X,0x80023FBE] -> 0x5545
[3620] [M]: 0x80023FBC (0x55458593) addi a1, a1, 1364
x11 <- 0x55555554


mem[X,0x80023FC0] -> 0x0213
mem[X,0x80023FC2] -> 0x0000
[3621] [M]: 0x80023FC0 (0x00000213) addi tp, zero, 0
x4 <- 0x00000000


mem[X,0x80023FC4] -> 0x006F
mem[X,0x80023FC6] -> 0x0180
[3622] [M]: 0x80023FC4 (0x0180006F) jal zero, 24


mem[X,0x80023FDC] -> 0x66E3
mem[X,0x80023FDE] -> 0xFEB5
[3623] [M]: 0x80023FDC (0xFEB566E3) bltu a0, a1, 8172


mem[X,0x80023FE0] -> 0x0213
mem[X,0x80023FE2] -> 0x0022
[3624] [M]: 0x80023FE0 (0x00220213) addi tp, tp, 2
x4 <- 0x00000002


mem[X,0x80023FE4] -> 0x006F
mem[X,0x80023FE6] -> 0x00C0
[3625] [M]: 0x80023FE4 (0x00C0006F) jal zero, 12


mem[X,0x80023FF0] -> 0xA223
mem[X,0x80023FF2] -> 0x5A40
[3626] [M]: 0x80023FF0 (0x5A40A223) sw tp, 1444(ra)
mem[0x8004C718] <- 0x00000002


mem[X,0x80023FF4] -> 0xB537
mem[X,0x80023FF6] -> 0xAAAA
[3627] [M]: 0x80023FF4 (0xAAAAB537) lui a0, 699051
x10 <- 0xAAAAB000


mem[X,0x80023FF8] -> 0x0513
mem[X,0x80023FFA] -> 0xAA95
[3628] [M]: 0x80023FF8 (0xAA950513) addi a0, a0, 2729
x10 <- 0xAAAAAAA9


mem[X,0x80023FFC] -> 0xB5B7
mem[X,0x80023FFE] -> 0xAAAA
[3629] [M]: 0x80023FFC (0xAAAAB5B7) lui a1, 699051
x11 <- 0xAAAAB000


mem[X,0x80024000] -> 0x8593
mem[X,0x80024002] -> 0xAA95
[3630] [M]: 0x80024000 (0xAA958593) addi a1, a1, 2729
x11 <- 0xAAAAAAA9


mem[X,0x80024004] -> 0x0213
mem[X,0x80024006] -> 0x0000
[3631] [M]: 0x80024004 (0x00000213) addi tp, zero, 0
x4 <- 0x00000000


mem[X,0x80024008] -> 0x006F
mem[X,0x8002400A] -> 0x00C0
[3632] [M]: 0x80024008 (0x00C0006F) jal zero, 12


mem[X,0x80024014] -> 0x6663
mem[X,0x80024016] -> 0x00B5
[3633] [M]: 0x80024014 (0x00B56663) bltu a0, a1, 12


mem[X,0x80024018] -> 0x0213
mem[X,0x8002401A] -> 0x0022
[3634] [M]: 0x80024018 (0x00220213) addi tp, tp, 2
x4 <- 0x00000002


mem[X,0x8002401C] -> 0x006F
mem[X,0x8002401E] -> 0x00C0
[3635] [M]: 0x8002401C (0x00C0006F) jal zero, 12


mem[X,0x80024028] -> 0xA423
mem[X,0x8002402A] -> 0x5A40
[3636] [M]: 0x80024028 (0x5A40A423) sw tp, 1448(ra)
mem[0x8004C71C] <- 0x00000002


mem[X,0x8002402C] -> 0xB537
mem[X,0x8002402E] -> 0xAAAA
[3637] [M]: 0x8002402C (0xAAAAB537) lui a0, 699051
x10 <- 0xAAAAB000


mem[X,0x80024030] -> 0x0513
mem[X,0x80024032] -> 0xAA95
[3638] [M]: 0x80024030 (0xAA950513) addi a0, a0, 2729
x10 <- 0xAAAAAAA9


mem[X,0x80024034] -> 0x0593
mem[X,0x80024036] -> 0x0040
[3639] [M]: 0x80024034 (0x00400593) addi a1, zero, 4
x11 <- 0x00000004


mem[X,0x80024038] -> 0x0213
mem[X,0x8002403A] -> 0x0000
[3640] [M]: 0x80024038 (0x00000213) addi tp, zero, 0
x4 <- 0x00000000


mem[X,0x8002403C] -> 0x006F
mem[X,0x8002403E] -> 0x2B10
[3641] [M]: 0x8002403C (0x2B10006F) jal zero, 2736


mem[X,0x80024AEC] -> 0x6A63
mem[X,0x80024AEE] -> 0xD4B5
[3642] [M]: 0x80024AEC (0xD4B56A63) bltu a0, a1, 5460


mem[X,0x80024AF0] -> 0x0213
mem[X,0x80024AF2] -> 0x0022
[3643] [M]: 0x80024AF0 (0x00220213) addi tp, tp, 2
x4 <- 0x00000002


mem[X,0x80024AF4] -> 0x006F
mem[X,0x80024AF6] -> 0x00C0
[3644] [M]: 0x80024AF4 (0x00C0006F) jal zero, 12


mem[X,0x80024B00] -> 0xA623
mem[X,0x80024B02] -> 0x5A40
[3645] [M]: 0x80024B00 (0x5A40A623) sw tp, 1452(ra)
mem[0x8004C720] <- 0x00000002


mem[X,0x80024B04] -> 0xB537
mem[X,0x80024B06] -> 0xAAAA
[3646] [M]: 0x80024B04 (0xAAAAB537) lui a0, 699051
x10 <- 0xAAAAB000


mem[X,0x80024B08] -> 0x0513
mem[X,0x80024B0A] -> 0xAA95
[3647] [M]: 0x80024B08 (0xAA950513) addi a0, a0, 2729
x10 <- 0xAAAAAAA9


mem[X,0x80024B0C] -> 0x35B7
mem[X,0x80024B0E] -> 0x3333
[3648] [M]: 0x80024B0C (0x333335B7) lui a1, 209715
x11 <- 0x33333000


mem[X,0x80024B10] -> 0x8593
mem[X,0x80024B12] -> 0x3325
[3649] [M]: 0x80024B10 (0x33258593) addi a1, a1, 818
x11 <- 0x33333332


mem[X,0x80024B14] -> 0x0213
mem[X,0x80024B16] -> 0x0000
[3650] [M]: 0x80024B14 (0x00000213) addi tp, zero, 0
x4 <- 0x00000000


mem[X,0x80024B18] -> 0x006F
mem[X,0x80024B1A] -> 0x0050
[3651] [M]: 0x80024B18 (0x0050006F) jal zero, 2052


mem[X,0x8002531C] -> 0x60E3
mem[X,0x8002531E] -> 0x80B5
[3652] [M]: 0x8002531C (0x80B560E3) bltu a0, a1, 6144


mem[X,0x80025320] -> 0x0213
mem[X,0x80025322] -> 0x0022
[3653] [M]: 0x80025320 (0x00220213) addi tp, tp, 2
x4 <- 0x00000002


mem[X,0x80025324] -> 0x006F
mem[X,0x80025326] -> 0x00C0
[3654] [M]: 0x80025324 (0x00C0006F) jal zero, 12


mem[X,0x80025330] -> 0xA823
mem[X,0x80025332] -> 0x5A40
[3655] [M]: 0x80025330 (0x5A40A823) sw tp, 1456(ra)
mem[0x8004C724] <- 0x00000002


mem[X,0x80025334] -> 0xB537
mem[X,0x80025336] -> 0xAAAA
[3656] [M]: 0x80025334 (0xAAAAB537) lui a0, 699051
x10 <- 0xAAAAB000


mem[X,0x80025338] -> 0x0513
mem[X,0x8002533A] -> 0xAA95
[3657] [M]: 0x80025338 (0xAA950513) addi a0, a0, 2729
x10 <- 0xAAAAAAA9


mem[X,0x8002533C] -> 0x65B7
mem[X,0x8002533E] -> 0x6666
[3658] [M]: 0x8002533C (0x666665B7) lui a1, 419430
x11 <- 0x66666000


mem[X,0x80025340] -> 0x8593
mem[X,0x80025342] -> 0x6655
[3659] [M]: 0x80025340 (0x66558593) addi a1, a1, 1637
x11 <- 0x66666665


mem[X,0x80025344] -> 0x0213
mem[X,0x80025346] -> 0x0000
[3660] [M]: 0x80025344 (0x00000213) addi tp, zero, 0
x4 <- 0x00000000


mem[X,0x80025348] -> 0x006F
mem[X,0x8002534A] -> 0x2B10
[3661] [M]: 0x80025348 (0x2B10006F) jal zero, 2736


mem[X,0x80025DF8] -> 0x6A63
mem[X,0x80025DFA] -> 0xD4B5
[3662] [M]: 0x80025DF8 (0xD4B56A63) bltu a0, a1, 5460


mem[X,0x80025DFC] -> 0x0213
mem[X,0x80025DFE] -> 0x0022
[3663] [M]: 0x80025DFC (0x00220213) addi tp, tp, 2
x4 <- 0x00000002


mem[X,0x80025E00] -> 0x006F
mem[X,0x80025E02] -> 0x00C0
[3664] [M]: 0x80025E00 (0x00C0006F) jal zero, 12


mem[X,0x80025E0C] -> 0xAA23
mem[X,0x80025E0E] -> 0x5A40
[3665] [M]: 0x80025E0C (0x5A40AA23) sw tp, 1460(ra)
mem[0x8004C728] <- 0x00000002


mem[X,0x80025E10] -> 0xB537
mem[X,0x80025E12] -> 0xAAAA
[3666] [M]: 0x80025E10 (0xAAAAB537) lui a0, 699051
x10 <- 0xAAAAB000


mem[X,0x80025E14] -> 0x0513
mem[X,0x80025E16] -> 0xAA95
[3667] [M]: 0x80025E14 (0xAA950513) addi a0, a0, 2729
x10 <- 0xAAAAAAA9


mem[X,0x80025E18] -> 0xB5B7
mem[X,0x80025E1A] -> 0x0000
[3668] [M]: 0x80025E18 (0x0000B5B7) lui a1, 11
x11 <- 0x0000B000


mem[X,0x80025E1C] -> 0x8593
mem[X,0x80025E1E] -> 0x5035
[3669] [M]: 0x80025E1C (0x50358593) addi a1, a1, 1283
x11 <- 0x0000B503


mem[X,0x80025E20] -> 0x0213
mem[X,0x80025E22] -> 0x0000
[3670] [M]: 0x80025E20 (0x00000213) addi tp, zero, 0
x4 <- 0x00000000


mem[X,0x80025E24] -> 0x006F
mem[X,0x80025E26] -> 0x00C0
[3671] [M]: 0x80025E24 (0x00C0006F) jal zero, 12


mem[X,0x80025E30] -> 0x6863
mem[X,0x80025E32] -> 0x00B5
[3672] [M]: 0x80025E30 (0x00B56863) bltu a0, a1, 16


mem[X,0x80025E34] -> 0x0213
mem[X,0x80025E36] -> 0x0022
[3673] [M]: 0x80025E34 (0x00220213) addi tp, tp, 2
x4 <- 0x00000002


mem[X,0x80025E38] -> 0x006F
mem[X,0x80025E3A] -> 0x0100
[3674] [M]: 0x80025E38 (0x0100006F) jal zero, 16


mem[X,0x80025E48] -> 0xAC23
mem[X,0x80025E4A] -> 0x5A40
[3675] [M]: 0x80025E48 (0x5A40AC23) sw tp, 1464(ra)
mem[0x8004C72C] <- 0x00000002


mem[X,0x80025E4C] -> 0xB537
mem[X,0x80025E4E] -> 0xAAAA
[3676] [M]: 0x80025E4C (0xAAAAB537) lui a0, 699051
x10 <- 0xAAAAB000


mem[X,0x80025E50] -> 0x0513
mem[X,0x80025E52] -> 0xAA95
[3677] [M]: 0x80025E50 (0xAA950513) addi a0, a0, 2729
x10 <- 0xAAAAAAA9


mem[X,0x80025E54] -> 0x05B7
mem[X,0x80025E56] -> 0x0001
[3678] [M]: 0x80025E54 (0x000105B7) lui a1, 16
x11 <- 0x00010000


mem[X,0x80025E58] -> 0x8593
mem[X,0x80025E5A] -> 0xFFE5
[3679] [M]: 0x80025E58 (0xFFE58593) addi a1, a1, 4094
x11 <- 0x0000FFFE


mem[X,0x80025E5C] -> 0x0213
mem[X,0x80025E5E] -> 0x0000
[3680] [M]: 0x80025E5C (0x00000213) addi tp, zero, 0
x4 <- 0x00000000


mem[X,0x80025E60] -> 0x006F
mem[X,0x80025E62] -> 0x00C0
[3681] [M]: 0x80025E60 (0x00C0006F) jal zero, 12


mem[X,0x80025E6C] -> 0x6663
mem[X,0x80025E6E] -> 0x00B5
[3682] [M]: 0x80025E6C (0x00B56663) bltu a0, a1, 12


mem[X,0x80025E70] -> 0x0213
mem[X,0x80025E72] -> 0x0022
[3683] [M]: 0x80025E70 (0x00220213) addi tp, tp, 2
x4 <- 0x00000002


mem[X,0x80025E74] -> 0x006F
mem[X,0x80025E76] -> 0x00C0
[3684] [M]: 0x80025E74 (0x00C0006F) jal zero, 12


mem[X,0x80025E80] -> 0xAE23
mem[X,0x80025E82] -> 0x5A40
[3685] [M]: 0x80025E80 (0x5A40AE23) sw tp, 1468(ra)
mem[0x8004C730] <- 0x00000002


mem[X,0x80025E84] -> 0xB537
mem[X,0x80025E86] -> 0xAAAA
[3686] [M]: 0x80025E84 (0xAAAAB537) lui a0, 699051
x10 <- 0xAAAAB000


mem[X,0x80025E88] -> 0x0513
mem[X,0x80025E8A] -> 0xAA95
[3687] [M]: 0x80025E88 (0xAA950513) addi a0, a0, 2729
x10 <- 0xAAAAAAA9


mem[X,0x80025E8C] -> 0x55B7
mem[X,0x80025E8E] -> 0x5555
[3688] [M]: 0x80025E8C (0x555555B7) lui a1, 349525
x11 <- 0x55555000


mem[X,0x80025E90] -> 0x8593
mem[X,0x80025E92] -> 0x5565
[3689] [M]: 0x80025E90 (0x55658593) addi a1, a1, 1366
x11 <- 0x55555556


mem[X,0x80025E94] -> 0x0213
mem[X,0x80025E96] -> 0x0000
[3690] [M]: 0x80025E94 (0x00000213) addi tp, zero, 0
x4 <- 0x00000000


mem[X,0x80025E98] -> 0x006F
mem[X,0x80025E9A] -> 0x00C0
[3691] [M]: 0x80025E98 (0x00C0006F) jal zero, 12


mem[X,0x80025EA4] -> 0x6063
mem[X,0x80025EA6] -> 0x40B5
[3692] [M]: 0x80025EA4 (0x40B56063) bltu a0, a1, 1024


mem[X,0x80025EA8] -> 0x0213
mem[X,0x80025EAA] -> 0x0022
[3693] [M]: 0x80025EA8 (0x00220213) addi tp, tp, 2
x4 <- 0x00000002


mem[X,0x80025EAC] -> 0x006F
mem[X,0x80025EAE] -> 0x4000
[3694] [M]: 0x80025EAC (0x4000006F) jal zero, 1024


mem[X,0x800262AC] -> 0xA023
mem[X,0x800262AE] -> 0x5C40
[3695] [M]: 0x800262AC (0x5C40A023) sw tp, 1472(ra)
mem[0x8004C734] <- 0x00000002


mem[X,0x800262B0] -> 0xB537
mem[X,0x800262B2] -> 0xAAAA
[3696] [M]: 0x800262B0 (0xAAAAB537) lui a0, 699051
x10 <- 0xAAAAB000


mem[X,0x800262B4] -> 0x0513
mem[X,0x800262B6] -> 0xAA95
[3697] [M]: 0x800262B4 (0xAA950513) addi a0, a0, 2729
x10 <- 0xAAAAAAA9


mem[X,0x800262B8] -> 0xB5B7
mem[X,0x800262BA] -> 0xAAAA
[3698] [M]: 0x800262B8 (0xAAAAB5B7) lui a1, 699051
x11 <- 0xAAAAB000


mem[X,0x800262BC] -> 0x8593
mem[X,0x800262BE] -> 0xAAB5
[3699] [M]: 0x800262BC (0xAAB58593) addi a1, a1, 2731
x11 <- 0xAAAAAAAB


clint::tick mtime <- 0x0000000000000025
 clint timer pending at mtime 0x0000000000000025
htif::tick 0x0000000000000000
mem[X,0x800262C0] -> 0x0213
mem[X,0x800262C2] -> 0x0000
[3700] [M]: 0x800262C0 (0x00000213) addi tp, zero, 0
x4 <- 0x00000000


mem[X,0x800262C4] -> 0x006F
mem[X,0x800262C6] -> 0x00C0
[3701] [M]: 0x800262C4 (0x00C0006F) jal zero, 12


mem[X,0x800262D0] -> 0x6063
mem[X,0x800262D2] -> 0x20B5
[3702] [M]: 0x800262D0 (0x20B56063) bltu a0, a1, 512


mem[X,0x800264D0] -> 0x0213
mem[X,0x800264D2] -> 0x0032
[3703] [M]: 0x800264D0 (0x00320213) addi tp, tp, 3
x4 <- 0x00000003


mem[X,0x800264D4] -> 0x006F
mem[X,0x800264D6] -> 0x0040
[3704] [M]: 0x800264D4 (0x0040006F) jal zero, 4


mem[X,0x800264D8] -> 0xA223
mem[X,0x800264DA] -> 0x5C40
[3705] [M]: 0x800264D8 (0x5C40A223) sw tp, 1476(ra)
mem[0x8004C738] <- 0x00000003


mem[X,0x800264DC] -> 0xB537
mem[X,0x800264DE] -> 0xAAAA
[3706] [M]: 0x800264DC (0xAAAAB537) lui a0, 699051
x10 <- 0xAAAAB000


mem[X,0x800264E0] -> 0x0513
mem[X,0x800264E2] -> 0xAA95
[3707] [M]: 0x800264E0 (0xAA950513) addi a0, a0, 2729
x10 <- 0xAAAAAAA9


mem[X,0x800264E4] -> 0x0593
mem[X,0x800264E6] -> 0x0060
[3708] [M]: 0x800264E4 (0x00600593) addi a1, zero, 6
x11 <- 0x00000006


mem[X,0x800264E8] -> 0x0213
mem[X,0x800264EA] -> 0x0000
[3709] [M]: 0x800264E8 (0x00000213) addi tp, zero, 0
x4 <- 0x00000000


mem[X,0x800264EC] -> 0x006F
mem[X,0x800264EE] -> 0x00C0
[3710] [M]: 0x800264EC (0x00C0006F) jal zero, 12


mem[X,0x800264F8] -> 0x6663
mem[X,0x800264FA] -> 0x00B5
[3711] [M]: 0x800264F8 (0x00B56663) bltu a0, a1, 12


mem[X,0x800264FC] -> 0x0213
mem[X,0x800264FE] -> 0x0022
[3712] [M]: 0x800264FC (0x00220213) addi tp, tp, 2
x4 <- 0x00000002


mem[X,0x80026500] -> 0x006F
mem[X,0x80026502] -> 0x00C0
[3713] [M]: 0x80026500 (0x00C0006F) jal zero, 12


mem[X,0x8002650C] -> 0xA423
mem[X,0x8002650E] -> 0x5C40
[3714] [M]: 0x8002650C (0x5C40A423) sw tp, 1480(ra)
mem[0x8004C73C] <- 0x00000002


mem[X,0x80026510] -> 0xB537
mem[X,0x80026512] -> 0xAAAA
[3715] [M]: 0x80026510 (0xAAAAB537) lui a0, 699051
x10 <- 0xAAAAB000


mem[X,0x80026514] -> 0x0513
mem[X,0x80026516] -> 0xAA95
[3716] [M]: 0x80026514 (0xAA950513) addi a0, a0, 2729
x10 <- 0xAAAAAAA9


mem[X,0x80026518] -> 0x35B7
mem[X,0x8002651A] -> 0x3333
[3717] [M]: 0x80026518 (0x333335B7) lui a1, 209715
x11 <- 0x33333000


mem[X,0x8002651C] -> 0x8593
mem[X,0x8002651E] -> 0x3345
[3718] [M]: 0x8002651C (0x33458593) addi a1, a1, 820
x11 <- 0x33333334


mem[X,0x80026520] -> 0x0213
mem[X,0x80026522] -> 0x0000
[3719] [M]: 0x80026520 (0x00000213) addi tp, zero, 0
x4 <- 0x00000000


mem[X,0x80026524] -> 0x006F
mem[X,0x80026526] -> 0x00C0
[3720] [M]: 0x80026524 (0x00C0006F) jal zero, 12


mem[X,0x80026530] -> 0x6CE3
mem[X,0x80026532] -> 0xFEB5
[3721] [M]: 0x80026530 (0xFEB56CE3) bltu a0, a1, 8184


mem[X,0x80026534] -> 0x0213
mem[X,0x80026536] -> 0x0022
[3722] [M]: 0x80026534 (0x00220213) addi tp, tp, 2
x4 <- 0x00000002


mem[X,0x80026538] -> 0x006F
mem[X,0x8002653A] -> 0x00C0
[3723] [M]: 0x80026538 (0x00C0006F) jal zero, 12


mem[X,0x80026544] -> 0xA623
mem[X,0x80026546] -> 0x5C40
[3724] [M]: 0x80026544 (0x5C40A623) sw tp, 1484(ra)
mem[0x8004C740] <- 0x00000002


mem[X,0x80026548] -> 0xB537
mem[X,0x8002654A] -> 0xAAAA
[3725] [M]: 0x80026548 (0xAAAAB537) lui a0, 699051
x10 <- 0xAAAAB000


mem[X,0x8002654C] -> 0x0513
mem[X,0x8002654E] -> 0xAA95
[3726] [M]: 0x8002654C (0xAA950513) addi a0, a0, 2729
x10 <- 0xAAAAAAA9


mem[X,0x80026550] -> 0x65B7
mem[X,0x80026552] -> 0x6666
[3727] [M]: 0x80026550 (0x666665B7) lui a1, 419430
x11 <- 0x66666000


mem[X,0x80026554] -> 0x8593
mem[X,0x80026556] -> 0x6675
[3728] [M]: 0x80026554 (0x66758593) addi a1, a1, 1639
x11 <- 0x66666667


mem[X,0x80026558] -> 0x0213
mem[X,0x8002655A] -> 0x0000
[3729] [M]: 0x80026558 (0x00000213) addi tp, zero, 0
x4 <- 0x00000000


mem[X,0x8002655C] -> 0x006F
mem[X,0x8002655E] -> 0x00C0
[3730] [M]: 0x8002655C (0x00C0006F) jal zero, 12


mem[X,0x80026568] -> 0x6063
mem[X,0x8002656A] -> 0x20B5
[3731] [M]: 0x80026568 (0x20B56063) bltu a0, a1, 512


mem[X,0x8002656C] -> 0x0213
mem[X,0x8002656E] -> 0x0022
[3732] [M]: 0x8002656C (0x00220213) addi tp, tp, 2
x4 <- 0x00000002


mem[X,0x80026570] -> 0x006F
mem[X,0x80026572] -> 0x2000
[3733] [M]: 0x80026570 (0x2000006F) jal zero, 512


mem[X,0x80026770] -> 0xA823
mem[X,0x80026772] -> 0x5C40
[3734] [M]: 0x80026770 (0x5C40A823) sw tp, 1488(ra)
mem[0x8004C744] <- 0x00000002


mem[X,0x80026774] -> 0xB537
mem[X,0x80026776] -> 0xAAAA
[3735] [M]: 0x80026774 (0xAAAAB537) lui a0, 699051
x10 <- 0xAAAAB000


mem[X,0x80026778] -> 0x0513
mem[X,0x8002677A] -> 0xAA95
[3736] [M]: 0x80026778 (0xAA950513) addi a0, a0, 2729
x10 <- 0xAAAAAAA9


mem[X,0x8002677C] -> 0xB5B7
mem[X,0x8002677E] -> 0x0000
[3737] [M]: 0x8002677C (0x0000B5B7) lui a1, 11
x11 <- 0x0000B000


mem[X,0x80026780] -> 0x8593
mem[X,0x80026782] -> 0x5055
[3738] [M]: 0x80026780 (0x50558593) addi a1, a1, 1285
x11 <- 0x0000B505


mem[X,0x80026784] -> 0x0213
mem[X,0x80026786] -> 0x0000
[3739] [M]: 0x80026784 (0x00000213) addi tp, zero, 0
x4 <- 0x00000000


mem[X,0x80026788] -> 0x006F
mem[X,0x8002678A] -> 0x00C0
[3740] [M]: 0x80026788 (0x00C0006F) jal zero, 12


mem[X,0x80026794] -> 0x6663
mem[X,0x80026796] -> 0x00B5
[3741] [M]: 0x80026794 (0x00B56663) bltu a0, a1, 12


mem[X,0x80026798] -> 0x0213
mem[X,0x8002679A] -> 0x0022
[3742] [M]: 0x80026798 (0x00220213) addi tp, tp, 2
x4 <- 0x00000002


mem[X,0x8002679C] -> 0x006F
mem[X,0x8002679E] -> 0x00C0
[3743] [M]: 0x8002679C (0x00C0006F) jal zero, 12


mem[X,0x800267A8] -> 0xAA23
mem[X,0x800267AA] -> 0x5C40
[3744] [M]: 0x800267A8 (0x5C40AA23) sw tp, 1492(ra)
mem[0x8004C748] <- 0x00000002


mem[X,0x800267AC] -> 0xB537
mem[X,0x800267AE] -> 0xAAAA
[3745] [M]: 0x800267AC (0xAAAAB537) lui a0, 699051
x10 <- 0xAAAAB000


mem[X,0x800267B0] -> 0x0513
mem[X,0x800267B2] -> 0xAA95
[3746] [M]: 0x800267B0 (0xAA950513) addi a0, a0, 2729
x10 <- 0xAAAAAAA9


mem[X,0x800267B4] -> 0x0593
mem[X,0x800267B6] -> 0x0010
[3747] [M]: 0x800267B4 (0x00100593) addi a1, zero, 1
x11 <- 0x00000001


mem[X,0x800267B8] -> 0x0213
mem[X,0x800267BA] -> 0x0000
[3748] [M]: 0x800267B8 (0x00000213) addi tp, zero, 0
x4 <- 0x00000000


mem[X,0x800267BC] -> 0x006F
mem[X,0x800267BE] -> 0x00C0
[3749] [M]: 0x800267BC (0x00C0006F) jal zero, 12


mem[X,0x800267C8] -> 0x6663
mem[X,0x800267CA] -> 0x00B5
[3750] [M]: 0x800267C8 (0x00B56663) bltu a0, a1, 12


mem[X,0x800267CC] -> 0x0213
mem[X,0x800267CE] -> 0x0022
[3751] [M]: 0x800267CC (0x00220213) addi tp, tp, 2
x4 <- 0x00000002


mem[X,0x800267D0] -> 0x006F
mem[X,0x800267D2] -> 0x00C0
[3752] [M]: 0x800267D0 (0x00C0006F) jal zero, 12


mem[X,0x800267DC] -> 0xAC23
mem[X,0x800267DE] -> 0x5C40
[3753] [M]: 0x800267DC (0x5C40AC23) sw tp, 1496(ra)
mem[0x8004C74C] <- 0x00000002


mem[X,0x800267E0] -> 0xB537
mem[X,0x800267E2] -> 0xAAAA
[3754] [M]: 0x800267E0 (0xAAAAB537) lui a0, 699051
x10 <- 0xAAAAB000


mem[X,0x800267E4] -> 0x0513
mem[X,0x800267E6] -> 0xAA95
[3755] [M]: 0x800267E4 (0xAA950513) addi a0, a0, 2729
x10 <- 0xAAAAAAA9


mem[X,0x800267E8] -> 0x05B7
mem[X,0x800267EA] -> 0x0001
[3756] [M]: 0x800267E8 (0x000105B7) lui a1, 16
x11 <- 0x00010000


mem[X,0x800267EC] -> 0x0213
mem[X,0x800267EE] -> 0x0000
[3757] [M]: 0x800267EC (0x00000213) addi tp, zero, 0
x4 <- 0x00000000


mem[X,0x800267F0] -> 0x006F
mem[X,0x800267F2] -> 0x0140
[3758] [M]: 0x800267F0 (0x0140006F) jal zero, 20


mem[X,0x80026804] -> 0x68E3
mem[X,0x80026806] -> 0xFEB5
[3759] [M]: 0x80026804 (0xFEB568E3) bltu a0, a1, 8176


mem[X,0x80026808] -> 0x0213
mem[X,0x8002680A] -> 0x0022
[3760] [M]: 0x80026808 (0x00220213) addi tp, tp, 2
x4 <- 0x00000002


mem[X,0x8002680C] -> 0x006F
mem[X,0x8002680E] -> 0x00C0
[3761] [M]: 0x8002680C (0x00C0006F) jal zero, 12


mem[X,0x80026818] -> 0xAE23
mem[X,0x8002681A] -> 0x5C40
[3762] [M]: 0x80026818 (0x5C40AE23) sw tp, 1500(ra)
mem[0x8004C750] <- 0x00000002


mem[X,0x8002681C] -> 0x0513
mem[X,0x8002681E] -> 0x0040
[3763] [M]: 0x8002681C (0x00400513) addi a0, zero, 4
x10 <- 0x00000004


mem[X,0x80026820] -> 0x0593
mem[X,0x80026822] -> 0x0030
[3764] [M]: 0x80026820 (0x00300593) addi a1, zero, 3
x11 <- 0x00000003


mem[X,0x80026824] -> 0x0213
mem[X,0x80026826] -> 0x0000
[3765] [M]: 0x80026824 (0x00000213) addi tp, zero, 0
x4 <- 0x00000000


mem[X,0x80026828] -> 0x006F
mem[X,0x8002682A] -> 0x2B10
[3766] [M]: 0x80026828 (0x2B10006F) jal zero, 2736


mem[X,0x800272D8] -> 0x6A63
mem[X,0x800272DA] -> 0xD4B5
[3767] [M]: 0x800272D8 (0xD4B56A63) bltu a0, a1, 5460


mem[X,0x800272DC] -> 0x0213
mem[X,0x800272DE] -> 0x0022
[3768] [M]: 0x800272DC (0x00220213) addi tp, tp, 2
x4 <- 0x00000002


mem[X,0x800272E0] -> 0x006F
mem[X,0x800272E2] -> 0x00C0
[3769] [M]: 0x800272E0 (0x00C0006F) jal zero, 12


mem[X,0x800272EC] -> 0xA023
mem[X,0x800272EE] -> 0x5E40
[3770] [M]: 0x800272EC (0x5E40A023) sw tp, 1504(ra)
mem[0x8004C754] <- 0x00000002


mem[X,0x800272F0] -> 0x0513
mem[X,0x800272F2] -> 0x0040
[3771] [M]: 0x800272F0 (0x00400513) addi a0, zero, 4
x10 <- 0x00000004


mem[X,0x800272F4] -> 0x55B7
mem[X,0x800272F6] -> 0x5555
[3772] [M]: 0x800272F4 (0x555555B7) lui a1, 349525
x11 <- 0x55555000


mem[X,0x800272F8] -> 0x8593
mem[X,0x800272FA] -> 0x5555
[3773] [M]: 0x800272F8 (0x55558593) addi a1, a1, 1365
x11 <- 0x55555555


mem[X,0x800272FC] -> 0x0213
mem[X,0x800272FE] -> 0x0000
[3774] [M]: 0x800272FC (0x00000213) addi tp, zero, 0
x4 <- 0x00000000


mem[X,0x80027300] -> 0x006F
mem[X,0x80027302] -> 0x00C0
[3775] [M]: 0x80027300 (0x00C0006F) jal zero, 12


mem[X,0x8002730C] -> 0x6063
mem[X,0x8002730E] -> 0x40B5
[3776] [M]: 0x8002730C (0x40B56063) bltu a0, a1, 1024


mem[X,0x8002770C] -> 0x0213
mem[X,0x8002770E] -> 0x0032
[3777] [M]: 0x8002770C (0x00320213) addi tp, tp, 3
x4 <- 0x00000003


mem[X,0x80027710] -> 0x006F
mem[X,0x80027712] -> 0x0040
[3778] [M]: 0x80027710 (0x0040006F) jal zero, 4


mem[X,0x80027714] -> 0xA223
mem[X,0x80027716] -> 0x5E40
[3779] [M]: 0x80027714 (0x5E40A223) sw tp, 1508(ra)
mem[0x8004C758] <- 0x00000003


mem[X,0x80027718] -> 0x0513
mem[X,0x8002771A] -> 0x0040
[3780] [M]: 0x80027718 (0x00400513) addi a0, zero, 4
x10 <- 0x00000004


mem[X,0x8002771C] -> 0xB5B7
mem[X,0x8002771E] -> 0xAAAA
[3781] [M]: 0x8002771C (0xAAAAB5B7) lui a1, 699051
x11 <- 0xAAAAB000


mem[X,0x80027720] -> 0x8593
mem[X,0x80027722] -> 0xAAA5
[3782] [M]: 0x80027720 (0xAAA58593) addi a1, a1, 2730
x11 <- 0xAAAAAAAA


mem[X,0x80027724] -> 0x0213
mem[X,0x80027726] -> 0x0000
[3783] [M]: 0x80027724 (0x00000213) addi tp, zero, 0
x4 <- 0x00000000


mem[X,0x80027728] -> 0x006F
mem[X,0x8002772A] -> 0x00C0
[3784] [M]: 0x80027728 (0x00C0006F) jal zero, 12


mem[X,0x80027734] -> 0x6663
mem[X,0x80027736] -> 0x00B5
[3785] [M]: 0x80027734 (0x00B56663) bltu a0, a1, 12


mem[X,0x80027740] -> 0x0213
mem[X,0x80027742] -> 0x0032
[3786] [M]: 0x80027740 (0x00320213) addi tp, tp, 3
x4 <- 0x00000003


mem[X,0x80027744] -> 0x006F
mem[X,0x80027746] -> 0x0040
[3787] [M]: 0x80027744 (0x0040006F) jal zero, 4


mem[X,0x80027748] -> 0xA423
mem[X,0x8002774A] -> 0x5E40
[3788] [M]: 0x80027748 (0x5E40A423) sw tp, 1512(ra)
mem[0x8004C75C] <- 0x00000003


mem[X,0x8002774C] -> 0x0513
mem[X,0x8002774E] -> 0x0040
[3789] [M]: 0x8002774C (0x00400513) addi a0, zero, 4
x10 <- 0x00000004


mem[X,0x80027750] -> 0x0593
mem[X,0x80027752] -> 0x0050
[3790] [M]: 0x80027750 (0x00500593) addi a1, zero, 5
x11 <- 0x00000005


mem[X,0x80027754] -> 0x0213
mem[X,0x80027756] -> 0x0000
[3791] [M]: 0x80027754 (0x00000213) addi tp, zero, 0
x4 <- 0x00000000


mem[X,0x80027758] -> 0x006F
mem[X,0x8002775A] -> 0x00C0
[3792] [M]: 0x80027758 (0x00C0006F) jal zero, 12


mem[X,0x80027764] -> 0x6063
mem[X,0x80027766] -> 0x04B5
[3793] [M]: 0x80027764 (0x04B56063) bltu a0, a1, 64


mem[X,0x800277A4] -> 0x0213
mem[X,0x800277A6] -> 0x0032
[3794] [M]: 0x800277A4 (0x00320213) addi tp, tp, 3
x4 <- 0x00000003


mem[X,0x800277A8] -> 0x006F
mem[X,0x800277AA] -> 0x0040
[3795] [M]: 0x800277A8 (0x0040006F) jal zero, 4


mem[X,0x800277AC] -> 0xA623
mem[X,0x800277AE] -> 0x5E40
[3796] [M]: 0x800277AC (0x5E40A623) sw tp, 1516(ra)
mem[0x8004C760] <- 0x00000003


mem[X,0x800277B0] -> 0x0513
mem[X,0x800277B2] -> 0x0040
[3797] [M]: 0x800277B0 (0x00400513) addi a0, zero, 4
x10 <- 0x00000004


mem[X,0x800277B4] -> 0x35B7
mem[X,0x800277B6] -> 0x3333
[3798] [M]: 0x800277B4 (0x333335B7) lui a1, 209715
x11 <- 0x33333000


mem[X,0x800277B8] -> 0x8593
mem[X,0x800277BA] -> 0x3335
[3799] [M]: 0x800277B8 (0x33358593) addi a1, a1, 819
x11 <- 0x33333333


clint::tick mtime <- 0x0000000000000026
 clint timer pending at mtime 0x0000000000000026
htif::tick 0x0000000000000000
mem[X,0x800277BC] -> 0x0213
mem[X,0x800277BE] -> 0x0000
[3800] [M]: 0x800277BC (0x00000213) addi tp, zero, 0
x4 <- 0x00000000


mem[X,0x800277C0] -> 0x006F
mem[X,0x800277C2] -> 0x00C0
[3801] [M]: 0x800277C0 (0x00C0006F) jal zero, 12


mem[X,0x800277CC] -> 0x6CE3
mem[X,0x800277CE] -> 0xFEB5
[3802] [M]: 0x800277CC (0xFEB56CE3) bltu a0, a1, 8184


mem[X,0x800277C4] -> 0x0213
mem[X,0x800277C6] -> 0x0012
[3803] [M]: 0x800277C4 (0x00120213) addi tp, tp, 1
x4 <- 0x00000001


mem[X,0x800277C8] -> 0x006F
mem[X,0x800277CA] -> 0x0180
[3804] [M]: 0x800277C8 (0x0180006F) jal zero, 24


mem[X,0x800277E0] -> 0xA823
mem[X,0x800277E2] -> 0x5E40
[3805] [M]: 0x800277E0 (0x5E40A823) sw tp, 1520(ra)
mem[0x8004C764] <- 0x00000001


mem[X,0x800277E4] -> 0x0513
mem[X,0x800277E6] -> 0x0040
[3806] [M]: 0x800277E4 (0x00400513) addi a0, zero, 4
x10 <- 0x00000004


mem[X,0x800277E8] -> 0x65B7
mem[X,0x800277EA] -> 0x6666
[3807] [M]: 0x800277E8 (0x666665B7) lui a1, 419430
x11 <- 0x66666000


mem[X,0x800277EC] -> 0x8593
mem[X,0x800277EE] -> 0x6665
[3808] [M]: 0x800277EC (0x66658593) addi a1, a1, 1638
x11 <- 0x66666666


mem[X,0x800277F0] -> 0x0213
mem[X,0x800277F2] -> 0x0000
[3809] [M]: 0x800277F0 (0x00000213) addi tp, zero, 0
x4 <- 0x00000000


mem[X,0x800277F4] -> 0x006F
mem[X,0x800277F6] -> 0x0050
[3810] [M]: 0x800277F4 (0x0050006F) jal zero, 2052


mem[X,0x80027FF8] -> 0x60E3
mem[X,0x80027FFA] -> 0x80B5
[3811] [M]: 0x80027FF8 (0x80B560E3) bltu a0, a1, 6144


mem[X,0x800277F8] -> 0x0213
mem[X,0x800277FA] -> 0x0012
[3812] [M]: 0x800277F8 (0x00120213) addi tp, tp, 1
x4 <- 0x00000001


mem[X,0x800277FC] -> 0x006F
mem[X,0x800277FE] -> 0x0110
[3813] [M]: 0x800277FC (0x0110006F) jal zero, 2064


mem[X,0x8002800C] -> 0xAA23
mem[X,0x8002800E] -> 0x5E40
[3814] [M]: 0x8002800C (0x5E40AA23) sw tp, 1524(ra)
mem[0x8004C768] <- 0x00000001


mem[X,0x80028010] -> 0x0513
mem[X,0x80028012] -> 0x0040
[3815] [M]: 0x80028010 (0x00400513) addi a0, zero, 4
x10 <- 0x00000004


mem[X,0x80028014] -> 0xB5B7
mem[X,0x80028016] -> 0x0000
[3816] [M]: 0x80028014 (0x0000B5B7) lui a1, 11
x11 <- 0x0000B000


mem[X,0x80028018] -> 0x8593
mem[X,0x8002801A] -> 0x5045
[3817] [M]: 0x80028018 (0x50458593) addi a1, a1, 1284
x11 <- 0x0000B504


mem[X,0x8002801C] -> 0x0213
mem[X,0x8002801E] -> 0x0000
[3818] [M]: 0x8002801C (0x00000213) addi tp, zero, 0
x4 <- 0x00000000


mem[X,0x80028020] -> 0x006F
mem[X,0x80028022] -> 0x00C0
[3819] [M]: 0x80028020 (0x00C0006F) jal zero, 12


mem[X,0x8002802C] -> 0x6663
mem[X,0x8002802E] -> 0x00B5
[3820] [M]: 0x8002802C (0x00B56663) bltu a0, a1, 12


mem[X,0x80028038] -> 0x0213
mem[X,0x8002803A] -> 0x0032
[3821] [M]: 0x80028038 (0x00320213) addi tp, tp, 3
x4 <- 0x00000003


mem[X,0x8002803C] -> 0x006F
mem[X,0x8002803E] -> 0x0040
[3822] [M]: 0x8002803C (0x0040006F) jal zero, 4


mem[X,0x80028040] -> 0xAC23
mem[X,0x80028042] -> 0x5E40
[3823] [M]: 0x80028040 (0x5E40AC23) sw tp, 1528(ra)
mem[0x8004C76C] <- 0x00000003


mem[X,0x80028044] -> 0x0513
mem[X,0x80028046] -> 0x0040
[3824] [M]: 0x80028044 (0x00400513) addi a0, zero, 4
x10 <- 0x00000004


mem[X,0x80028048] -> 0x0593
mem[X,0x8002804A] -> 0x0000
[3825] [M]: 0x80028048 (0x00000593) addi a1, zero, 0
x11 <- 0x00000000


mem[X,0x8002804C] -> 0x0213
mem[X,0x8002804E] -> 0x0000
[3826] [M]: 0x8002804C (0x00000213) addi tp, zero, 0
x4 <- 0x00000000


mem[X,0x80028050] -> 0x006F
mem[X,0x80028052] -> 0x0140
[3827] [M]: 0x80028050 (0x0140006F) jal zero, 20


mem[X,0x80028064] -> 0x68E3
mem[X,0x80028066] -> 0xFEB5
[3828] [M]: 0x80028064 (0xFEB568E3) bltu a0, a1, 8176


mem[X,0x80028068] -> 0x0213
mem[X,0x8002806A] -> 0x0022
[3829] [M]: 0x80028068 (0x00220213) addi tp, tp, 2
x4 <- 0x00000002


mem[X,0x8002806C] -> 0x006F
mem[X,0x8002806E] -> 0x00C0
[3830] [M]: 0x8002806C (0x00C0006F) jal zero, 12


mem[X,0x80028078] -> 0xAE23
mem[X,0x8002807A] -> 0x5E40
[3831] [M]: 0x80028078 (0x5E40AE23) sw tp, 1532(ra)
mem[0x8004C770] <- 0x00000002


mem[X,0x8002807C] -> 0x0513
mem[X,0x8002807E] -> 0x0040
[3832] [M]: 0x8002807C (0x00400513) addi a0, zero, 4
x10 <- 0x00000004


mem[X,0x80028080] -> 0x05B7
mem[X,0x80028082] -> 0x0001
[3833] [M]: 0x80028080 (0x000105B7) lui a1, 16
x11 <- 0x00010000


mem[X,0x80028084] -> 0x8593
mem[X,0x80028086] -> 0xFFF5
[3834] [M]: 0x80028084 (0xFFF58593) addi a1, a1, 4095
x11 <- 0x0000FFFF


mem[X,0x80028088] -> 0x0213
mem[X,0x8002808A] -> 0x0000
[3835] [M]: 0x80028088 (0x00000213) addi tp, zero, 0
x4 <- 0x00000000


mem[X,0x8002808C] -> 0x006F
mem[X,0x8002808E] -> 0x00C0
[3836] [M]: 0x8002808C (0x00C0006F) jal zero, 12


mem[X,0x80028098] -> 0x6863
mem[X,0x8002809A] -> 0x00B5
[3837] [M]: 0x80028098 (0x00B56863) bltu a0, a1, 16


mem[X,0x800280A8] -> 0x0213
mem[X,0x800280AA] -> 0x0032
[3838] [M]: 0x800280A8 (0x00320213) addi tp, tp, 3
x4 <- 0x00000003


mem[X,0x800280AC] -> 0x006F
mem[X,0x800280AE] -> 0x0040
[3839] [M]: 0x800280AC (0x0040006F) jal zero, 4


mem[X,0x800280B0] -> 0xA023
mem[X,0x800280B2] -> 0x6040
[3840] [M]: 0x800280B0 (0x6040A023) sw tp, 1536(ra)
mem[0x8004C774] <- 0x00000003


mem[X,0x800280B4] -> 0x0513
mem[X,0x800280B6] -> 0x0040
[3841] [M]: 0x800280B4 (0x00400513) addi a0, zero, 4
x10 <- 0x00000004


mem[X,0x800280B8] -> 0x0593
mem[X,0x800280BA] -> 0x0020
[3842] [M]: 0x800280B8 (0x00200593) addi a1, zero, 2
x11 <- 0x00000002


mem[X,0x800280BC] -> 0x0213
mem[X,0x800280BE] -> 0x0000
[3843] [M]: 0x800280BC (0x00000213) addi tp, zero, 0
x4 <- 0x00000000


mem[X,0x800280C0] -> 0x006F
mem[X,0x800280C2] -> 0x00C0
[3844] [M]: 0x800280C0 (0x00C0006F) jal zero, 12


mem[X,0x800280CC] -> 0x6CE3
mem[X,0x800280CE] -> 0xFEB5
[3845] [M]: 0x800280CC (0xFEB56CE3) bltu a0, a1, 8184


mem[X,0x800280D0] -> 0x0213
mem[X,0x800280D2] -> 0x0022
[3846] [M]: 0x800280D0 (0x00220213) addi tp, tp, 2
x4 <- 0x00000002


mem[X,0x800280D4] -> 0x006F
mem[X,0x800280D6] -> 0x00C0
[3847] [M]: 0x800280D4 (0x00C0006F) jal zero, 12


mem[X,0x800280E0] -> 0xA223
mem[X,0x800280E2] -> 0x6040
[3848] [M]: 0x800280E0 (0x6040A223) sw tp, 1540(ra)
mem[0x8004C778] <- 0x00000002


mem[X,0x800280E4] -> 0x0513
mem[X,0x800280E6] -> 0x0040
[3849] [M]: 0x800280E4 (0x00400513) addi a0, zero, 4
x10 <- 0x00000004


mem[X,0x800280E8] -> 0x55B7
mem[X,0x800280EA] -> 0x5555
[3850] [M]: 0x800280E8 (0x555555B7) lui a1, 349525
x11 <- 0x55555000


mem[X,0x800280EC] -> 0x8593
mem[X,0x800280EE] -> 0x5545
[3851] [M]: 0x800280EC (0x55458593) addi a1, a1, 1364
x11 <- 0x55555554


mem[X,0x800280F0] -> 0x0213
mem[X,0x800280F2] -> 0x0000
[3852] [M]: 0x800280F0 (0x00000213) addi tp, zero, 0
x4 <- 0x00000000


mem[X,0x800280F4] -> 0x006F
mem[X,0x800280F6] -> 0x00C0
[3853] [M]: 0x800280F4 (0x00C0006F) jal zero, 12


mem[X,0x80028100] -> 0x6863
mem[X,0x80028102] -> 0x00B5
[3854] [M]: 0x80028100 (0x00B56863) bltu a0, a1, 16


mem[X,0x80028110] -> 0x0213
mem[X,0x80028112] -> 0x0032
[3855] [M]: 0x80028110 (0x00320213) addi tp, tp, 3
x4 <- 0x00000003


mem[X,0x80028114] -> 0x006F
mem[X,0x80028116] -> 0x0040
[3856] [M]: 0x80028114 (0x0040006F) jal zero, 4


mem[X,0x80028118] -> 0xA423
mem[X,0x8002811A] -> 0x6040
[3857] [M]: 0x80028118 (0x6040A423) sw tp, 1544(ra)
mem[0x8004C77C] <- 0x00000003


mem[X,0x8002811C] -> 0x0513
mem[X,0x8002811E] -> 0x0040
[3858] [M]: 0x8002811C (0x00400513) addi a0, zero, 4
x10 <- 0x00000004


mem[X,0x80028120] -> 0xB5B7
mem[X,0x80028122] -> 0xAAAA
[3859] [M]: 0x80028120 (0xAAAAB5B7) lui a1, 699051
x11 <- 0xAAAAB000


mem[X,0x80028124] -> 0x8593
mem[X,0x80028126] -> 0xAA95
[3860] [M]: 0x80028124 (0xAA958593) addi a1, a1, 2729
x11 <- 0xAAAAAAA9


mem[X,0x80028128] -> 0x0213
mem[X,0x8002812A] -> 0x0000
[3861] [M]: 0x80028128 (0x00000213) addi tp, zero, 0
x4 <- 0x00000000


mem[X,0x8002812C] -> 0x006F
mem[X,0x8002812E] -> 0x00C0
[3862] [M]: 0x8002812C (0x00C0006F) jal zero, 12


mem[X,0x80028138] -> 0x6063
mem[X,0x8002813A] -> 0x10B5
[3863] [M]: 0x80028138 (0x10B56063) bltu a0, a1, 256


mem[X,0x80028238] -> 0x0213
mem[X,0x8002823A] -> 0x0032
[3864] [M]: 0x80028238 (0x00320213) addi tp, tp, 3
x4 <- 0x00000003


mem[X,0x8002823C] -> 0x006F
mem[X,0x8002823E] -> 0x0040
[3865] [M]: 0x8002823C (0x0040006F) jal zero, 4


mem[X,0x80028240] -> 0xA623
mem[X,0x80028242] -> 0x6040
[3866] [M]: 0x80028240 (0x6040A623) sw tp, 1548(ra)
mem[0x8004C780] <- 0x00000003


mem[X,0x80028244] -> 0x0513
mem[X,0x80028246] -> 0x0040
[3867] [M]: 0x80028244 (0x00400513) addi a0, zero, 4
x10 <- 0x00000004


mem[X,0x80028248] -> 0x0593
mem[X,0x8002824A] -> 0x0040
[3868] [M]: 0x80028248 (0x00400593) addi a1, zero, 4
x11 <- 0x00000004


mem[X,0x8002824C] -> 0x0213
mem[X,0x8002824E] -> 0x0000
[3869] [M]: 0x8002824C (0x00000213) addi tp, zero, 0
x4 <- 0x00000000


mem[X,0x80028250] -> 0x006F
mem[X,0x80028252] -> 0x00C0
[3870] [M]: 0x80028250 (0x00C0006F) jal zero, 12


mem[X,0x8002825C] -> 0x6663
mem[X,0x8002825E] -> 0x00B5
[3871] [M]: 0x8002825C (0x00B56663) bltu a0, a1, 12


mem[X,0x80028260] -> 0x0213
mem[X,0x80028262] -> 0x0022
[3872] [M]: 0x80028260 (0x00220213) addi tp, tp, 2
x4 <- 0x00000002


mem[X,0x80028264] -> 0x006F
mem[X,0x80028266] -> 0x00C0
[3873] [M]: 0x80028264 (0x00C0006F) jal zero, 12


mem[X,0x80028270] -> 0xA823
mem[X,0x80028272] -> 0x6040
[3874] [M]: 0x80028270 (0x6040A823) sw tp, 1552(ra)
mem[0x8004C784] <- 0x00000002


mem[X,0x80028274] -> 0x0513
mem[X,0x80028276] -> 0x0040
[3875] [M]: 0x80028274 (0x00400513) addi a0, zero, 4
x10 <- 0x00000004


mem[X,0x80028278] -> 0x35B7
mem[X,0x8002827A] -> 0x3333
[3876] [M]: 0x80028278 (0x333335B7) lui a1, 209715
x11 <- 0x33333000


mem[X,0x8002827C] -> 0x8593
mem[X,0x8002827E] -> 0x3325
[3877] [M]: 0x8002827C (0x33258593) addi a1, a1, 818
x11 <- 0x33333332


mem[X,0x80028280] -> 0x0213
mem[X,0x80028282] -> 0x0000
[3878] [M]: 0x80028280 (0x00000213) addi tp, zero, 0
x4 <- 0x00000000


mem[X,0x80028284] -> 0x006F
mem[X,0x80028286] -> 0x00C0
[3879] [M]: 0x80028284 (0x00C0006F) jal zero, 12


mem[X,0x80028290] -> 0x6063
mem[X,0x80028292] -> 0x40B5
[3880] [M]: 0x80028290 (0x40B56063) bltu a0, a1, 1024


mem[X,0x80028690] -> 0x0213
mem[X,0x80028692] -> 0x0032
[3881] [M]: 0x80028690 (0x00320213) addi tp, tp, 3
x4 <- 0x00000003


mem[X,0x80028694] -> 0x006F
mem[X,0x80028696] -> 0x0040
[3882] [M]: 0x80028694 (0x0040006F) jal zero, 4


mem[X,0x80028698] -> 0xAA23
mem[X,0x8002869A] -> 0x6040
[3883] [M]: 0x80028698 (0x6040AA23) sw tp, 1556(ra)
mem[0x8004C788] <- 0x00000003


mem[X,0x8002869C] -> 0x0513
mem[X,0x8002869E] -> 0x0040
[3884] [M]: 0x8002869C (0x00400513) addi a0, zero, 4
x10 <- 0x00000004


mem[X,0x800286A0] -> 0x65B7
mem[X,0x800286A2] -> 0x6666
[3885] [M]: 0x800286A0 (0x666665B7) lui a1, 419430
x11 <- 0x66666000


mem[X,0x800286A4] -> 0x8593
mem[X,0x800286A6] -> 0x6655
[3886] [M]: 0x800286A4 (0x66558593) addi a1, a1, 1637
x11 <- 0x66666665


mem[X,0x800286A8] -> 0x0213
mem[X,0x800286AA] -> 0x0000
[3887] [M]: 0x800286A8 (0x00000213) addi tp, zero, 0
x4 <- 0x00000000


mem[X,0x800286AC] -> 0x006F
mem[X,0x800286AE] -> 0x00C0
[3888] [M]: 0x800286AC (0x00C0006F) jal zero, 12


mem[X,0x800286B8] -> 0x6863
mem[X,0x800286BA] -> 0x00B5
[3889] [M]: 0x800286B8 (0x00B56863) bltu a0, a1, 16


mem[X,0x800286C8] -> 0x0213
mem[X,0x800286CA] -> 0x0032
[3890] [M]: 0x800286C8 (0x00320213) addi tp, tp, 3
x4 <- 0x00000003


mem[X,0x800286CC] -> 0x006F
mem[X,0x800286CE] -> 0x0040
[3891] [M]: 0x800286CC (0x0040006F) jal zero, 4


mem[X,0x800286D0] -> 0xAC23
mem[X,0x800286D2] -> 0x6040
[3892] [M]: 0x800286D0 (0x6040AC23) sw tp, 1560(ra)
mem[0x8004C78C] <- 0x00000003


mem[X,0x800286D4] -> 0x0513
mem[X,0x800286D6] -> 0x0040
[3893] [M]: 0x800286D4 (0x00400513) addi a0, zero, 4
x10 <- 0x00000004


mem[X,0x800286D8] -> 0xB5B7
mem[X,0x800286DA] -> 0x0000
[3894] [M]: 0x800286D8 (0x0000B5B7) lui a1, 11
x11 <- 0x0000B000


mem[X,0x800286DC] -> 0x8593
mem[X,0x800286DE] -> 0x5035
[3895] [M]: 0x800286DC (0x50358593) addi a1, a1, 1283
x11 <- 0x0000B503


mem[X,0x800286E0] -> 0x0213
mem[X,0x800286E2] -> 0x0000
[3896] [M]: 0x800286E0 (0x00000213) addi tp, zero, 0
x4 <- 0x00000000


mem[X,0x800286E4] -> 0x006F
mem[X,0x800286E6] -> 0x00C0
[3897] [M]: 0x800286E4 (0x00C0006F) jal zero, 12


mem[X,0x800286F0] -> 0x6663
mem[X,0x800286F2] -> 0x00B5
[3898] [M]: 0x800286F0 (0x00B56663) bltu a0, a1, 12


mem[X,0x800286FC] -> 0x0213
mem[X,0x800286FE] -> 0x0032
[3899] [M]: 0x800286FC (0x00320213) addi tp, tp, 3
x4 <- 0x00000003


clint::tick mtime <- 0x0000000000000027
 clint timer pending at mtime 0x0000000000000027
htif::tick 0x0000000000000000
mem[X,0x80028700] -> 0x006F
mem[X,0x80028702] -> 0x0040
[3900] [M]: 0x80028700 (0x0040006F) jal zero, 4


mem[X,0x80028704] -> 0xAE23
mem[X,0x80028706] -> 0x6040
[3901] [M]: 0x80028704 (0x6040AE23) sw tp, 1564(ra)
mem[0x8004C790] <- 0x00000003


mem[X,0x80028708] -> 0x0513
mem[X,0x8002870A] -> 0x0040
[3902] [M]: 0x80028708 (0x00400513) addi a0, zero, 4
x10 <- 0x00000004


mem[X,0x8002870C] -> 0x05B7
mem[X,0x8002870E] -> 0x0001
[3903] [M]: 0x8002870C (0x000105B7) lui a1, 16
x11 <- 0x00010000


mem[X,0x80028710] -> 0x8593
mem[X,0x80028712] -> 0xFFE5
[3904] [M]: 0x80028710 (0xFFE58593) addi a1, a1, 4094
x11 <- 0x0000FFFE


mem[X,0x80028714] -> 0x0213
mem[X,0x80028716] -> 0x0000
[3905] [M]: 0x80028714 (0x00000213) addi tp, zero, 0
x4 <- 0x00000000


mem[X,0x80028718] -> 0x006F
mem[X,0x8002871A] -> 0x00C0
[3906] [M]: 0x80028718 (0x00C0006F) jal zero, 12


mem[X,0x80028724] -> 0x6063
mem[X,0x80028726] -> 0x10B5
[3907] [M]: 0x80028724 (0x10B56063) bltu a0, a1, 256


mem[X,0x80028824] -> 0x0213
mem[X,0x80028826] -> 0x0032
[3908] [M]: 0x80028824 (0x00320213) addi tp, tp, 3
x4 <- 0x00000003


mem[X,0x80028828] -> 0x006F
mem[X,0x8002882A] -> 0x0040
[3909] [M]: 0x80028828 (0x0040006F) jal zero, 4


mem[X,0x8002882C] -> 0xA023
mem[X,0x8002882E] -> 0x6240
[3910] [M]: 0x8002882C (0x6240A023) sw tp, 1568(ra)
mem[0x8004C794] <- 0x00000003


mem[X,0x80028830] -> 0x0513
mem[X,0x80028832] -> 0x0040
[3911] [M]: 0x80028830 (0x00400513) addi a0, zero, 4
x10 <- 0x00000004


mem[X,0x80028834] -> 0x55B7
mem[X,0x80028836] -> 0x5555
[3912] [M]: 0x80028834 (0x555555B7) lui a1, 349525
x11 <- 0x55555000


mem[X,0x80028838] -> 0x8593
mem[X,0x8002883A] -> 0x5565
[3913] [M]: 0x80028838 (0x55658593) addi a1, a1, 1366
x11 <- 0x55555556


mem[X,0x8002883C] -> 0x0213
mem[X,0x8002883E] -> 0x0000
[3914] [M]: 0x8002883C (0x00000213) addi tp, zero, 0
x4 <- 0x00000000


mem[X,0x80028840] -> 0x006F
mem[X,0x80028842] -> 0x00C0
[3915] [M]: 0x80028840 (0x00C0006F) jal zero, 12


mem[X,0x8002884C] -> 0x6CE3
mem[X,0x8002884E] -> 0xFEB5
[3916] [M]: 0x8002884C (0xFEB56CE3) bltu a0, a1, 8184


mem[X,0x80028844] -> 0x0213
mem[X,0x80028846] -> 0x0012
[3917] [M]: 0x80028844 (0x00120213) addi tp, tp, 1
x4 <- 0x00000001


mem[X,0x80028848] -> 0x006F
mem[X,0x8002884A] -> 0x0180
[3918] [M]: 0x80028848 (0x0180006F) jal zero, 24


mem[X,0x80028860] -> 0xA223
mem[X,0x80028862] -> 0x6240
[3919] [M]: 0x80028860 (0x6240A223) sw tp, 1572(ra)
mem[0x8004C798] <- 0x00000001


mem[X,0x80028864] -> 0x0513
mem[X,0x80028866] -> 0x0040
[3920] [M]: 0x80028864 (0x00400513) addi a0, zero, 4
x10 <- 0x00000004


mem[X,0x80028868] -> 0xB5B7
mem[X,0x8002886A] -> 0xAAAA
[3921] [M]: 0x80028868 (0xAAAAB5B7) lui a1, 699051
x11 <- 0xAAAAB000


mem[X,0x8002886C] -> 0x8593
mem[X,0x8002886E] -> 0xAAB5
[3922] [M]: 0x8002886C (0xAAB58593) addi a1, a1, 2731
x11 <- 0xAAAAAAAB


mem[X,0x80028870] -> 0x0213
mem[X,0x80028872] -> 0x0000
[3923] [M]: 0x80028870 (0x00000213) addi tp, zero, 0
x4 <- 0x00000000


mem[X,0x80028874] -> 0x006F
mem[X,0x80028876] -> 0x0050
[3924] [M]: 0x80028874 (0x0050006F) jal zero, 2052


mem[X,0x80029078] -> 0x60E3
mem[X,0x8002907A] -> 0x80B5
[3925] [M]: 0x80029078 (0x80B560E3) bltu a0, a1, 6144


mem[X,0x80028878] -> 0x0213
mem[X,0x8002887A] -> 0x0012
[3926] [M]: 0x80028878 (0x00120213) addi tp, tp, 1
x4 <- 0x00000001


mem[X,0x8002887C] -> 0x006F
mem[X,0x8002887E] -> 0x0110
[3927] [M]: 0x8002887C (0x0110006F) jal zero, 2064


mem[X,0x8002908C] -> 0xA423
mem[X,0x8002908E] -> 0x6240
[3928] [M]: 0x8002908C (0x6240A423) sw tp, 1576(ra)
mem[0x8004C79C] <- 0x00000001


mem[X,0x80029090] -> 0x0513
mem[X,0x80029092] -> 0x0040
[3929] [M]: 0x80029090 (0x00400513) addi a0, zero, 4
x10 <- 0x00000004


mem[X,0x80029094] -> 0x0593
mem[X,0x80029096] -> 0x0060
[3930] [M]: 0x80029094 (0x00600593) addi a1, zero, 6
x11 <- 0x00000006


mem[X,0x80029098] -> 0x0213
mem[X,0x8002909A] -> 0x0000
[3931] [M]: 0x80029098 (0x00000213) addi tp, zero, 0
x4 <- 0x00000000


mem[X,0x8002909C] -> 0x006F
mem[X,0x8002909E] -> 0x00C0
[3932] [M]: 0x8002909C (0x00C0006F) jal zero, 12


mem[X,0x800290A8] -> 0x6063
mem[X,0x800290AA] -> 0x40B5
[3933] [M]: 0x800290A8 (0x40B56063) bltu a0, a1, 1024


mem[X,0x800294A8] -> 0x0213
mem[X,0x800294AA] -> 0x0032
[3934] [M]: 0x800294A8 (0x00320213) addi tp, tp, 3
x4 <- 0x00000003


mem[X,0x800294AC] -> 0x006F
mem[X,0x800294AE] -> 0x0040
[3935] [M]: 0x800294AC (0x0040006F) jal zero, 4


mem[X,0x800294B0] -> 0xA623
mem[X,0x800294B2] -> 0x6240
[3936] [M]: 0x800294B0 (0x6240A623) sw tp, 1580(ra)
mem[0x8004C7A0] <- 0x00000003


mem[X,0x800294B4] -> 0x0513
mem[X,0x800294B6] -> 0x0040
[3937] [M]: 0x800294B4 (0x00400513) addi a0, zero, 4
x10 <- 0x00000004


mem[X,0x800294B8] -> 0x35B7
mem[X,0x800294BA] -> 0x3333
[3938] [M]: 0x800294B8 (0x333335B7) lui a1, 209715
x11 <- 0x33333000


mem[X,0x800294BC] -> 0x8593
mem[X,0x800294BE] -> 0x3345
[3939] [M]: 0x800294BC (0x33458593) addi a1, a1, 820
x11 <- 0x33333334


mem[X,0x800294C0] -> 0x0213
mem[X,0x800294C2] -> 0x0000
[3940] [M]: 0x800294C0 (0x00000213) addi tp, zero, 0
x4 <- 0x00000000


mem[X,0x800294C4] -> 0x006F
mem[X,0x800294C6] -> 0x00C0
[3941] [M]: 0x800294C4 (0x00C0006F) jal zero, 12


mem[X,0x800294D0] -> 0x6063
mem[X,0x800294D2] -> 0x08B5
[3942] [M]: 0x800294D0 (0x08B56063) bltu a0, a1, 128


mem[X,0x80029550] -> 0x0213
mem[X,0x80029552] -> 0x0032
[3943] [M]: 0x80029550 (0x00320213) addi tp, tp, 3
x4 <- 0x00000003


mem[X,0x80029554] -> 0x006F
mem[X,0x80029556] -> 0x0040
[3944] [M]: 0x80029554 (0x0040006F) jal zero, 4


mem[X,0x80029558] -> 0xA823
mem[X,0x8002955A] -> 0x6240
[3945] [M]: 0x80029558 (0x6240A823) sw tp, 1584(ra)
mem[0x8004C7A4] <- 0x00000003


mem[X,0x8002955C] -> 0x0513
mem[X,0x8002955E] -> 0x0040
[3946] [M]: 0x8002955C (0x00400513) addi a0, zero, 4
x10 <- 0x00000004


mem[X,0x80029560] -> 0x65B7
mem[X,0x80029562] -> 0x6666
[3947] [M]: 0x80029560 (0x666665B7) lui a1, 419430
x11 <- 0x66666000


mem[X,0x80029564] -> 0x8593
mem[X,0x80029566] -> 0x6675
[3948] [M]: 0x80029564 (0x66758593) addi a1, a1, 1639
x11 <- 0x66666667


mem[X,0x80029568] -> 0x0213
mem[X,0x8002956A] -> 0x0000
[3949] [M]: 0x80029568 (0x00000213) addi tp, zero, 0
x4 <- 0x00000000


mem[X,0x8002956C] -> 0x006F
mem[X,0x8002956E] -> 0x2B10
[3950] [M]: 0x8002956C (0x2B10006F) jal zero, 2736


mem[X,0x8002A01C] -> 0x6A63
mem[X,0x8002A01E] -> 0xD4B5
[3951] [M]: 0x8002A01C (0xD4B56A63) bltu a0, a1, 5460


mem[X,0x80029570] -> 0x0213
mem[X,0x80029572] -> 0x0012
[3952] [M]: 0x80029570 (0x00120213) addi tp, tp, 1
x4 <- 0x00000001


mem[X,0x80029574] -> 0x006F
mem[X,0x80029576] -> 0x2BD0
[3953] [M]: 0x80029574 (0x2BD0006F) jal zero, 2748


mem[X,0x8002A030] -> 0xAA23
mem[X,0x8002A032] -> 0x6240
[3954] [M]: 0x8002A030 (0x6240AA23) sw tp, 1588(ra)
mem[0x8004C7A8] <- 0x00000001


mem[X,0x8002A034] -> 0x0513
mem[X,0x8002A036] -> 0x0040
[3955] [M]: 0x8002A034 (0x00400513) addi a0, zero, 4
x10 <- 0x00000004


mem[X,0x8002A038] -> 0xB5B7
mem[X,0x8002A03A] -> 0x0000
[3956] [M]: 0x8002A038 (0x0000B5B7) lui a1, 11
x11 <- 0x0000B000


mem[X,0x8002A03C] -> 0x8593
mem[X,0x8002A03E] -> 0x5055
[3957] [M]: 0x8002A03C (0x50558593) addi a1, a1, 1285
x11 <- 0x0000B505


mem[X,0x8002A040] -> 0x0213
mem[X,0x8002A042] -> 0x0000
[3958] [M]: 0x8002A040 (0x00000213) addi tp, zero, 0
x4 <- 0x00000000


mem[X,0x8002A044] -> 0x006F
mem[X,0x8002A046] -> 0x00C0
[3959] [M]: 0x8002A044 (0x00C0006F) jal zero, 12


mem[X,0x8002A050] -> 0x6663
mem[X,0x8002A052] -> 0x00B5
[3960] [M]: 0x8002A050 (0x00B56663) bltu a0, a1, 12


mem[X,0x8002A05C] -> 0x0213
mem[X,0x8002A05E] -> 0x0032
[3961] [M]: 0x8002A05C (0x00320213) addi tp, tp, 3
x4 <- 0x00000003


mem[X,0x8002A060] -> 0x006F
mem[X,0x8002A062] -> 0x0040
[3962] [M]: 0x8002A060 (0x0040006F) jal zero, 4


mem[X,0x8002A064] -> 0xAC23
mem[X,0x8002A066] -> 0x6240
[3963] [M]: 0x8002A064 (0x6240AC23) sw tp, 1592(ra)
mem[0x8004C7AC] <- 0x00000003


mem[X,0x8002A068] -> 0x0513
mem[X,0x8002A06A] -> 0x0040
[3964] [M]: 0x8002A068 (0x00400513) addi a0, zero, 4
x10 <- 0x00000004


mem[X,0x8002A06C] -> 0x0593
mem[X,0x8002A06E] -> 0x0010
[3965] [M]: 0x8002A06C (0x00100593) addi a1, zero, 1
x11 <- 0x00000001


mem[X,0x8002A070] -> 0x0213
mem[X,0x8002A072] -> 0x0000
[3966] [M]: 0x8002A070 (0x00000213) addi tp, zero, 0
x4 <- 0x00000000


mem[X,0x8002A074] -> 0x006F
mem[X,0x8002A076] -> 0x00C0
[3967] [M]: 0x8002A074 (0x00C0006F) jal zero, 12


mem[X,0x8002A080] -> 0x6663
mem[X,0x8002A082] -> 0x00B5
[3968] [M]: 0x8002A080 (0x00B56663) bltu a0, a1, 12


mem[X,0x8002A084] -> 0x0213
mem[X,0x8002A086] -> 0x0022
[3969] [M]: 0x8002A084 (0x00220213) addi tp, tp, 2
x4 <- 0x00000002


mem[X,0x8002A088] -> 0x006F
mem[X,0x8002A08A] -> 0x00C0
[3970] [M]: 0x8002A088 (0x00C0006F) jal zero, 12


mem[X,0x8002A094] -> 0xAE23
mem[X,0x8002A096] -> 0x6240
[3971] [M]: 0x8002A094 (0x6240AE23) sw tp, 1596(ra)
mem[0x8004C7B0] <- 0x00000002


mem[X,0x8002A098] -> 0x0513
mem[X,0x8002A09A] -> 0x0040
[3972] [M]: 0x8002A098 (0x00400513) addi a0, zero, 4
x10 <- 0x00000004


mem[X,0x8002A09C] -> 0x05B7
mem[X,0x8002A09E] -> 0x0001
[3973] [M]: 0x8002A09C (0x000105B7) lui a1, 16
x11 <- 0x00010000


mem[X,0x8002A0A0] -> 0x0213
mem[X,0x8002A0A2] -> 0x0000
[3974] [M]: 0x8002A0A0 (0x00000213) addi tp, zero, 0
x4 <- 0x00000000


mem[X,0x8002A0A4] -> 0x006F
mem[X,0x8002A0A6] -> 0x00C0
[3975] [M]: 0x8002A0A4 (0x00C0006F) jal zero, 12


mem[X,0x8002A0B0] -> 0x6663
mem[X,0x8002A0B2] -> 0x00B5
[3976] [M]: 0x8002A0B0 (0x00B56663) bltu a0, a1, 12


mem[X,0x8002A0BC] -> 0x0213
mem[X,0x8002A0BE] -> 0x0032
[3977] [M]: 0x8002A0BC (0x00320213) addi tp, tp, 3
x4 <- 0x00000003


mem[X,0x8002A0C0] -> 0x006F
mem[X,0x8002A0C2] -> 0x0040
[3978] [M]: 0x8002A0C0 (0x0040006F) jal zero, 4


mem[X,0x8002A0C4] -> 0xA023
mem[X,0x8002A0C6] -> 0x6440
[3979] [M]: 0x8002A0C4 (0x6440A023) sw tp, 1600(ra)
mem[0x8004C7B4] <- 0x00000003


mem[X,0x8002A0C8] -> 0x3537
mem[X,0x8002A0CA] -> 0x3333
[3980] [M]: 0x8002A0C8 (0x33333537) lui a0, 209715
x10 <- 0x33333000


mem[X,0x8002A0CC] -> 0x0513
mem[X,0x8002A0CE] -> 0x3325
[3981] [M]: 0x8002A0CC (0x33250513) addi a0, a0, 818
x10 <- 0x33333332


mem[X,0x8002A0D0] -> 0x0593
mem[X,0x8002A0D2] -> 0x0030
[3982] [M]: 0x8002A0D0 (0x00300593) addi a1, zero, 3
x11 <- 0x00000003


mem[X,0x8002A0D4] -> 0x0213
mem[X,0x8002A0D6] -> 0x0000
[3983] [M]: 0x8002A0D4 (0x00000213) addi tp, zero, 0
x4 <- 0x00000000


mem[X,0x8002A0D8] -> 0x006F
mem[X,0x8002A0DA] -> 0x00C0
[3984] [M]: 0x8002A0D8 (0x00C0006F) jal zero, 12


mem[X,0x8002A0E4] -> 0x6063
mem[X,0x8002A0E6] -> 0x08B5
[3985] [M]: 0x8002A0E4 (0x08B56063) bltu a0, a1, 128


mem[X,0x8002A0E8] -> 0x0213
mem[X,0x8002A0EA] -> 0x0022
[3986] [M]: 0x8002A0E8 (0x00220213) addi tp, tp, 2
x4 <- 0x00000002


mem[X,0x8002A0EC] -> 0x006F
mem[X,0x8002A0EE] -> 0x0800
[3987] [M]: 0x8002A0EC (0x0800006F) jal zero, 128


mem[X,0x8002A16C] -> 0xA223
mem[X,0x8002A16E] -> 0x6440
[3988] [M]: 0x8002A16C (0x6440A223) sw tp, 1604(ra)
mem[0x8004C7B8] <- 0x00000002


mem[X,0x8002A170] -> 0x3537
mem[X,0x8002A172] -> 0x3333
[3989] [M]: 0x8002A170 (0x33333537) lui a0, 209715
x10 <- 0x33333000


mem[X,0x8002A174] -> 0x0513
mem[X,0x8002A176] -> 0x3325
[3990] [M]: 0x8002A174 (0x33250513) addi a0, a0, 818
x10 <- 0x33333332


mem[X,0x8002A178] -> 0x55B7
mem[X,0x8002A17A] -> 0x5555
[3991] [M]: 0x8002A178 (0x555555B7) lui a1, 349525
x11 <- 0x55555000


mem[X,0x8002A17C] -> 0x8593
mem[X,0x8002A17E] -> 0x5555
[3992] [M]: 0x8002A17C (0x55558593) addi a1, a1, 1365
x11 <- 0x55555555


mem[X,0x8002A180] -> 0x0213
mem[X,0x8002A182] -> 0x0000
[3993] [M]: 0x8002A180 (0x00000213) addi tp, zero, 0
x4 <- 0x00000000


mem[X,0x8002A184] -> 0x006F
mem[X,0x8002A186] -> 0x0180
[3994] [M]: 0x8002A184 (0x0180006F) jal zero, 24


mem[X,0x8002A19C] -> 0x66E3
mem[X,0x8002A19E] -> 0xFEB5
[3995] [M]: 0x8002A19C (0xFEB566E3) bltu a0, a1, 8172


mem[X,0x8002A188] -> 0x0213
mem[X,0x8002A18A] -> 0x0012
[3996] [M]: 0x8002A188 (0x00120213) addi tp, tp, 1
x4 <- 0x00000001


mem[X,0x8002A18C] -> 0x006F
mem[X,0x8002A18E] -> 0x0240
[3997] [M]: 0x8002A18C (0x0240006F) jal zero, 36


mem[X,0x8002A1B0] -> 0xA423
mem[X,0x8002A1B2] -> 0x6440
[3998] [M]: 0x8002A1B0 (0x6440A423) sw tp, 1608(ra)
mem[0x8004C7BC] <- 0x00000001


mem[X,0x8002A1B4] -> 0x3537
mem[X,0x8002A1B6] -> 0x3333
[3999] [M]: 0x8002A1B4 (0x33333537) lui a0, 209715
x10 <- 0x33333000


clint::tick mtime <- 0x0000000000000028
 clint timer pending at mtime 0x0000000000000028
htif::tick 0x0000000000000000
mem[X,0x8002A1B8] -> 0x0513
mem[X,0x8002A1BA] -> 0x3325
[4000] [M]: 0x8002A1B8 (0x33250513) addi a0, a0, 818
x10 <- 0x33333332


mem[X,0x8002A1BC] -> 0xB5B7
mem[X,0x8002A1BE] -> 0xAAAA
[4001] [M]: 0x8002A1BC (0xAAAAB5B7) lui a1, 699051
x11 <- 0xAAAAB000


mem[X,0x8002A1C0] -> 0x8593
mem[X,0x8002A1C2] -> 0xAAA5
[4002] [M]: 0x8002A1C0 (0xAAA58593) addi a1, a1, 2730
x11 <- 0xAAAAAAAA


mem[X,0x8002A1C4] -> 0x0213
mem[X,0x8002A1C6] -> 0x0000
[4003] [M]: 0x8002A1C4 (0x00000213) addi tp, zero, 0
x4 <- 0x00000000


mem[X,0x8002A1C8] -> 0x006F
mem[X,0x8002A1CA] -> 0x00C0
[4004] [M]: 0x8002A1C8 (0x00C0006F) jal zero, 12


mem[X,0x8002A1D4] -> 0x6663
mem[X,0x8002A1D6] -> 0x00B5
[4005] [M]: 0x8002A1D4 (0x00B56663) bltu a0, a1, 12


mem[X,0x8002A1E0] -> 0x0213
mem[X,0x8002A1E2] -> 0x0032
[4006] [M]: 0x8002A1E0 (0x00320213) addi tp, tp, 3
x4 <- 0x00000003


mem[X,0x8002A1E4] -> 0x006F
mem[X,0x8002A1E6] -> 0x0040
[4007] [M]: 0x8002A1E4 (0x0040006F) jal zero, 4


mem[X,0x8002A1E8] -> 0xA623
mem[X,0x8002A1EA] -> 0x6440
[4008] [M]: 0x8002A1E8 (0x6440A623) sw tp, 1612(ra)
mem[0x8004C7C0] <- 0x00000003


mem[X,0x8002A1EC] -> 0x3537
mem[X,0x8002A1EE] -> 0x3333
[4009] [M]: 0x8002A1EC (0x33333537) lui a0, 209715
x10 <- 0x33333000


mem[X,0x8002A1F0] -> 0x0513
mem[X,0x8002A1F2] -> 0x3325
[4010] [M]: 0x8002A1F0 (0x33250513) addi a0, a0, 818
x10 <- 0x33333332


mem[X,0x8002A1F4] -> 0x0593
mem[X,0x8002A1F6] -> 0x0050
[4011] [M]: 0x8002A1F4 (0x00500593) addi a1, zero, 5
x11 <- 0x00000005


mem[X,0x8002A1F8] -> 0x0213
mem[X,0x8002A1FA] -> 0x0000
[4012] [M]: 0x8002A1F8 (0x00000213) addi tp, zero, 0
x4 <- 0x00000000


mem[X,0x8002A1FC] -> 0x006F
mem[X,0x8002A1FE] -> 0x00C0
[4013] [M]: 0x8002A1FC (0x00C0006F) jal zero, 12


mem[X,0x8002A208] -> 0x6663
mem[X,0x8002A20A] -> 0x00B5
[4014] [M]: 0x8002A208 (0x00B56663) bltu a0, a1, 12


mem[X,0x8002A20C] -> 0x0213
mem[X,0x8002A20E] -> 0x0022
[4015] [M]: 0x8002A20C (0x00220213) addi tp, tp, 2
x4 <- 0x00000002


mem[X,0x8002A210] -> 0x006F
mem[X,0x8002A212] -> 0x00C0
[4016] [M]: 0x8002A210 (0x00C0006F) jal zero, 12


mem[X,0x8002A21C] -> 0xA823
mem[X,0x8002A21E] -> 0x6440
[4017] [M]: 0x8002A21C (0x6440A823) sw tp, 1616(ra)
mem[0x8004C7C4] <- 0x00000002


mem[X,0x8002A220] -> 0x3537
mem[X,0x8002A222] -> 0x3333
[4018] [M]: 0x8002A220 (0x33333537) lui a0, 209715
x10 <- 0x33333000


mem[X,0x8002A224] -> 0x0513
mem[X,0x8002A226] -> 0x3325
[4019] [M]: 0x8002A224 (0x33250513) addi a0, a0, 818
x10 <- 0x33333332


mem[X,0x8002A228] -> 0x35B7
mem[X,0x8002A22A] -> 0x3333
[4020] [M]: 0x8002A228 (0x333335B7) lui a1, 209715
x11 <- 0x33333000


mem[X,0x8002A22C] -> 0x8593
mem[X,0x8002A22E] -> 0x3335
[4021] [M]: 0x8002A22C (0x33358593) addi a1, a1, 819
x11 <- 0x33333333


mem[X,0x8002A230] -> 0x0213
mem[X,0x8002A232] -> 0x0000
[4022] [M]: 0x8002A230 (0x00000213) addi tp, zero, 0
x4 <- 0x00000000


mem[X,0x8002A234] -> 0x006F
mem[X,0x8002A236] -> 0x00C0
[4023] [M]: 0x8002A234 (0x00C0006F) jal zero, 12


mem[X,0x8002A240] -> 0x6863
mem[X,0x8002A242] -> 0x00B5
[4024] [M]: 0x8002A240 (0x00B56863) bltu a0, a1, 16


mem[X,0x8002A250] -> 0x0213
mem[X,0x8002A252] -> 0x0032
[4025] [M]: 0x8002A250 (0x00320213) addi tp, tp, 3
x4 <- 0x00000003


mem[X,0x8002A254] -> 0x006F
mem[X,0x8002A256] -> 0x0040
[4026] [M]: 0x8002A254 (0x0040006F) jal zero, 4


mem[X,0x8002A258] -> 0xAA23
mem[X,0x8002A25A] -> 0x6440
[4027] [M]: 0x8002A258 (0x6440AA23) sw tp, 1620(ra)
mem[0x8004C7C8] <- 0x00000003


mem[X,0x8002A25C] -> 0x3537
mem[X,0x8002A25E] -> 0x3333
[4028] [M]: 0x8002A25C (0x33333537) lui a0, 209715
x10 <- 0x33333000


mem[X,0x8002A260] -> 0x0513
mem[X,0x8002A262] -> 0x3325
[4029] [M]: 0x8002A260 (0x33250513) addi a0, a0, 818
x10 <- 0x33333332


mem[X,0x8002A264] -> 0x65B7
mem[X,0x8002A266] -> 0x6666
[4030] [M]: 0x8002A264 (0x666665B7) lui a1, 419430
x11 <- 0x66666000


mem[X,0x8002A268] -> 0x8593
mem[X,0x8002A26A] -> 0x6665
[4031] [M]: 0x8002A268 (0x66658593) addi a1, a1, 1638
x11 <- 0x66666666


mem[X,0x8002A26C] -> 0x0213
mem[X,0x8002A26E] -> 0x0000
[4032] [M]: 0x8002A26C (0x00000213) addi tp, zero, 0
x4 <- 0x00000000


mem[X,0x8002A270] -> 0x006F
mem[X,0x8002A272] -> 0x00C0
[4033] [M]: 0x8002A270 (0x00C0006F) jal zero, 12


mem[X,0x8002A27C] -> 0x6063
mem[X,0x8002A27E] -> 0x08B5
[4034] [M]: 0x8002A27C (0x08B56063) bltu a0, a1, 128


mem[X,0x8002A2FC] -> 0x0213
mem[X,0x8002A2FE] -> 0x0032
[4035] [M]: 0x8002A2FC (0x00320213) addi tp, tp, 3
x4 <- 0x00000003


mem[X,0x8002A300] -> 0x006F
mem[X,0x8002A302] -> 0x0040
[4036] [M]: 0x8002A300 (0x0040006F) jal zero, 4


mem[X,0x8002A304] -> 0xAC23
mem[X,0x8002A306] -> 0x6440
[4037] [M]: 0x8002A304 (0x6440AC23) sw tp, 1624(ra)
mem[0x8004C7CC] <- 0x00000003


mem[X,0x8002A308] -> 0x3537
mem[X,0x8002A30A] -> 0x3333
[4038] [M]: 0x8002A308 (0x33333537) lui a0, 209715
x10 <- 0x33333000


mem[X,0x8002A30C] -> 0x0513
mem[X,0x8002A30E] -> 0x3325
[4039] [M]: 0x8002A30C (0x33250513) addi a0, a0, 818
x10 <- 0x33333332


mem[X,0x8002A310] -> 0xB5B7
mem[X,0x8002A312] -> 0x0000
[4040] [M]: 0x8002A310 (0x0000B5B7) lui a1, 11
x11 <- 0x0000B000


mem[X,0x8002A314] -> 0x8593
mem[X,0x8002A316] -> 0x5045
[4041] [M]: 0x8002A314 (0x50458593) addi a1, a1, 1284
x11 <- 0x0000B504


mem[X,0x8002A318] -> 0x0213
mem[X,0x8002A31A] -> 0x0000
[4042] [M]: 0x8002A318 (0x00000213) addi tp, zero, 0
x4 <- 0x00000000


mem[X,0x8002A31C] -> 0x006F
mem[X,0x8002A31E] -> 0x0180
[4043] [M]: 0x8002A31C (0x0180006F) jal zero, 24


mem[X,0x8002A334] -> 0x66E3
mem[X,0x8002A336] -> 0xFEB5
[4044] [M]: 0x8002A334 (0xFEB566E3) bltu a0, a1, 8172


mem[X,0x8002A338] -> 0x0213
mem[X,0x8002A33A] -> 0x0022
[4045] [M]: 0x8002A338 (0x00220213) addi tp, tp, 2
x4 <- 0x00000002


mem[X,0x8002A33C] -> 0x006F
mem[X,0x8002A33E] -> 0x00C0
[4046] [M]: 0x8002A33C (0x00C0006F) jal zero, 12


mem[X,0x8002A348] -> 0xAE23
mem[X,0x8002A34A] -> 0x6440
[4047] [M]: 0x8002A348 (0x6440AE23) sw tp, 1628(ra)
mem[0x8004C7D0] <- 0x00000002


mem[X,0x8002A34C] -> 0x3537
mem[X,0x8002A34E] -> 0x3333
[4048] [M]: 0x8002A34C (0x33333537) lui a0, 209715
x10 <- 0x33333000


mem[X,0x8002A350] -> 0x0513
mem[X,0x8002A352] -> 0x3325
[4049] [M]: 0x8002A350 (0x33250513) addi a0, a0, 818
x10 <- 0x33333332


mem[X,0x8002A354] -> 0x0593
mem[X,0x8002A356] -> 0x0000
[4050] [M]: 0x8002A354 (0x00000593) addi a1, zero, 0
x11 <- 0x00000000


mem[X,0x8002A358] -> 0x0213
mem[X,0x8002A35A] -> 0x0000
[4051] [M]: 0x8002A358 (0x00000213) addi tp, zero, 0
x4 <- 0x00000000


mem[X,0x8002A35C] -> 0x006F
mem[X,0x8002A35E] -> 0x0180
[4052] [M]: 0x8002A35C (0x0180006F) jal zero, 24


mem[X,0x8002A374] -> 0x66E3
mem[X,0x8002A376] -> 0xFEB5
[4053] [M]: 0x8002A374 (0xFEB566E3) bltu a0, a1, 8172


mem[X,0x8002A378] -> 0x0213
mem[X,0x8002A37A] -> 0x0022
[4054] [M]: 0x8002A378 (0x00220213) addi tp, tp, 2
x4 <- 0x00000002


mem[X,0x8002A37C] -> 0x006F
mem[X,0x8002A37E] -> 0x00C0
[4055] [M]: 0x8002A37C (0x00C0006F) jal zero, 12


mem[X,0x8002A388] -> 0xA023
mem[X,0x8002A38A] -> 0x6640
[4056] [M]: 0x8002A388 (0x6640A023) sw tp, 1632(ra)
mem[0x8004C7D4] <- 0x00000002


mem[X,0x8002A38C] -> 0x3537
mem[X,0x8002A38E] -> 0x3333
[4057] [M]: 0x8002A38C (0x33333537) lui a0, 209715
x10 <- 0x33333000


mem[X,0x8002A390] -> 0x0513
mem[X,0x8002A392] -> 0x3325
[4058] [M]: 0x8002A390 (0x33250513) addi a0, a0, 818
x10 <- 0x33333332


mem[X,0x8002A394] -> 0x05B7
mem[X,0x8002A396] -> 0x0001
[4059] [M]: 0x8002A394 (0x000105B7) lui a1, 16
x11 <- 0x00010000


mem[X,0x8002A398] -> 0x8593
mem[X,0x8002A39A] -> 0xFFF5
[4060] [M]: 0x8002A398 (0xFFF58593) addi a1, a1, 4095
x11 <- 0x0000FFFF


mem[X,0x8002A39C] -> 0x0213
mem[X,0x8002A39E] -> 0x0000
[4061] [M]: 0x8002A39C (0x00000213) addi tp, zero, 0
x4 <- 0x00000000


mem[X,0x8002A3A0] -> 0x006F
mem[X,0x8002A3A2] -> 0x00C0
[4062] [M]: 0x8002A3A0 (0x00C0006F) jal zero, 12


mem[X,0x8002A3AC] -> 0x6063
mem[X,0x8002A3AE] -> 0x40B5
[4063] [M]: 0x8002A3AC (0x40B56063) bltu a0, a1, 1024


mem[X,0x8002A3B0] -> 0x0213
mem[X,0x8002A3B2] -> 0x0022
[4064] [M]: 0x8002A3B0 (0x00220213) addi tp, tp, 2
x4 <- 0x00000002


mem[X,0x8002A3B4] -> 0x006F
mem[X,0x8002A3B6] -> 0x4000
[4065] [M]: 0x8002A3B4 (0x4000006F) jal zero, 1024


mem[X,0x8002A7B4] -> 0xA223
mem[X,0x8002A7B6] -> 0x6640
[4066] [M]: 0x8002A7B4 (0x6640A223) sw tp, 1636(ra)
mem[0x8004C7D8] <- 0x00000002


mem[X,0x8002A7B8] -> 0x3537
mem[X,0x8002A7BA] -> 0x3333
[4067] [M]: 0x8002A7B8 (0x33333537) lui a0, 209715
x10 <- 0x33333000


mem[X,0x8002A7BC] -> 0x0513
mem[X,0x8002A7BE] -> 0x3325
[4068] [M]: 0x8002A7BC (0x33250513) addi a0, a0, 818
x10 <- 0x33333332


mem[X,0x8002A7C0] -> 0x0593
mem[X,0x8002A7C2] -> 0x0020
[4069] [M]: 0x8002A7C0 (0x00200593) addi a1, zero, 2
x11 <- 0x00000002


mem[X,0x8002A7C4] -> 0x0213
mem[X,0x8002A7C6] -> 0x0000
[4070] [M]: 0x8002A7C4 (0x00000213) addi tp, zero, 0
x4 <- 0x00000000


mem[X,0x8002A7C8] -> 0x006F
mem[X,0x8002A7CA] -> 0x00C0
[4071] [M]: 0x8002A7C8 (0x00C0006F) jal zero, 12


mem[X,0x8002A7D4] -> 0x6CE3
mem[X,0x8002A7D6] -> 0xFEB5
[4072] [M]: 0x8002A7D4 (0xFEB56CE3) bltu a0, a1, 8184


mem[X,0x8002A7D8] -> 0x0213
mem[X,0x8002A7DA] -> 0x0022
[4073] [M]: 0x8002A7D8 (0x00220213) addi tp, tp, 2
x4 <- 0x00000002


mem[X,0x8002A7DC] -> 0x006F
mem[X,0x8002A7DE] -> 0x00C0
[4074] [M]: 0x8002A7DC (0x00C0006F) jal zero, 12


mem[X,0x8002A7E8] -> 0xA423
mem[X,0x8002A7EA] -> 0x6640
[4075] [M]: 0x8002A7E8 (0x6640A423) sw tp, 1640(ra)
mem[0x8004C7DC] <- 0x00000002


mem[X,0x8002A7EC] -> 0x3537
mem[X,0x8002A7EE] -> 0x3333
[4076] [M]: 0x8002A7EC (0x33333537) lui a0, 209715
x10 <- 0x33333000


mem[X,0x8002A7F0] -> 0x0513
mem[X,0x8002A7F2] -> 0x3325
[4077] [M]: 0x8002A7F0 (0x33250513) addi a0, a0, 818
x10 <- 0x33333332


mem[X,0x8002A7F4] -> 0x55B7
mem[X,0x8002A7F6] -> 0x5555
[4078] [M]: 0x8002A7F4 (0x555555B7) lui a1, 349525
x11 <- 0x55555000


mem[X,0x8002A7F8] -> 0x8593
mem[X,0x8002A7FA] -> 0x5545
[4079] [M]: 0x8002A7F8 (0x55458593) addi a1, a1, 1364
x11 <- 0x55555554


mem[X,0x8002A7FC] -> 0x0213
mem[X,0x8002A7FE] -> 0x0000
[4080] [M]: 0x8002A7FC (0x00000213) addi tp, zero, 0
x4 <- 0x00000000


mem[X,0x8002A800] -> 0x006F
mem[X,0x8002A802] -> 0x00C0
[4081] [M]: 0x8002A800 (0x00C0006F) jal zero, 12


mem[X,0x8002A80C] -> 0x6663
mem[X,0x8002A80E] -> 0x00B5
[4082] [M]: 0x8002A80C (0x00B56663) bltu a0, a1, 12


mem[X,0x8002A818] -> 0x0213
mem[X,0x8002A81A] -> 0x0032
[4083] [M]: 0x8002A818 (0x00320213) addi tp, tp, 3
x4 <- 0x00000003


mem[X,0x8002A81C] -> 0x006F
mem[X,0x8002A81E] -> 0x0040
[4084] [M]: 0x8002A81C (0x0040006F) jal zero, 4


mem[X,0x8002A820] -> 0xA623
mem[X,0x8002A822] -> 0x6640
[4085] [M]: 0x8002A820 (0x6640A623) sw tp, 1644(ra)
mem[0x8004C7E0] <- 0x00000003


mem[X,0x8002A824] -> 0x3537
mem[X,0x8002A826] -> 0x3333
[4086] [M]: 0x8002A824 (0x33333537) lui a0, 209715
x10 <- 0x33333000


mem[X,0x8002A828] -> 0x0513
mem[X,0x8002A82A] -> 0x3325
[4087] [M]: 0x8002A828 (0x33250513) addi a0, a0, 818
x10 <- 0x33333332


mem[X,0x8002A82C] -> 0xB5B7
mem[X,0x8002A82E] -> 0xAAAA
[4088] [M]: 0x8002A82C (0xAAAAB5B7) lui a1, 699051
x11 <- 0xAAAAB000


mem[X,0x8002A830] -> 0x8593
mem[X,0x8002A832] -> 0xAA95
[4089] [M]: 0x8002A830 (0xAA958593) addi a1, a1, 2729
x11 <- 0xAAAAAAA9


mem[X,0x8002A834] -> 0x0213
mem[X,0x8002A836] -> 0x0000
[4090] [M]: 0x8002A834 (0x00000213) addi tp, zero, 0
x4 <- 0x00000000


mem[X,0x8002A838] -> 0x006F
mem[X,0x8002A83A] -> 0x0100
[4091] [M]: 0x8002A838 (0x0100006F) jal zero, 16


mem[X,0x8002A848] -> 0x6AE3
mem[X,0x8002A84A] -> 0xFEB5
[4092] [M]: 0x8002A848 (0xFEB56AE3) bltu a0, a1, 8180


mem[X,0x8002A83C] -> 0x0213
mem[X,0x8002A83E] -> 0x0012
[4093] [M]: 0x8002A83C (0x00120213) addi tp, tp, 1
x4 <- 0x00000001


mem[X,0x8002A840] -> 0x006F
mem[X,0x8002A842] -> 0x01C0
[4094] [M]: 0x8002A840 (0x01C0006F) jal zero, 28


mem[X,0x8002A85C] -> 0xA823
mem[X,0x8002A85E] -> 0x6640
[4095] [M]: 0x8002A85C (0x6640A823) sw tp, 1648(ra)
mem[0x8004C7E4] <- 0x00000001


mem[X,0x8002A860] -> 0x3537
mem[X,0x8002A862] -> 0x3333
[4096] [M]: 0x8002A860 (0x33333537) lui a0, 209715
x10 <- 0x33333000


mem[X,0x8002A864] -> 0x0513
mem[X,0x8002A866] -> 0x3325
[4097] [M]: 0x8002A864 (0x33250513) addi a0, a0, 818
x10 <- 0x33333332


mem[X,0x8002A868] -> 0x0593
mem[X,0x8002A86A] -> 0x0040
[4098] [M]: 0x8002A868 (0x00400593) addi a1, zero, 4
x11 <- 0x00000004


mem[X,0x8002A86C] -> 0x0213
mem[X,0x8002A86E] -> 0x0000
[4099] [M]: 0x8002A86C (0x00000213) addi tp, zero, 0
x4 <- 0x00000000


clint::tick mtime <- 0x0000000000000029
 clint timer pending at mtime 0x0000000000000029
htif::tick 0x0000000000000000
mem[X,0x8002A870] -> 0x006F
mem[X,0x8002A872] -> 0x00C0
[4100] [M]: 0x8002A870 (0x00C0006F) jal zero, 12


mem[X,0x8002A87C] -> 0x6063
mem[X,0x8002A87E] -> 0x08B5
[4101] [M]: 0x8002A87C (0x08B56063) bltu a0, a1, 128


mem[X,0x8002A880] -> 0x0213
mem[X,0x8002A882] -> 0x0022
[4102] [M]: 0x8002A880 (0x00220213) addi tp, tp, 2
x4 <- 0x00000002


mem[X,0x8002A884] -> 0x006F
mem[X,0x8002A886] -> 0x0800
[4103] [M]: 0x8002A884 (0x0800006F) jal zero, 128


mem[X,0x8002A904] -> 0xAA23
mem[X,0x8002A906] -> 0x6640
[4104] [M]: 0x8002A904 (0x6640AA23) sw tp, 1652(ra)
mem[0x8004C7E8] <- 0x00000002


mem[X,0x8002A908] -> 0x3537
mem[X,0x8002A90A] -> 0x3333
[4105] [M]: 0x8002A908 (0x33333537) lui a0, 209715
x10 <- 0x33333000


mem[X,0x8002A90C] -> 0x0513
mem[X,0x8002A90E] -> 0x3325
[4106] [M]: 0x8002A90C (0x33250513) addi a0, a0, 818
x10 <- 0x33333332


mem[X,0x8002A910] -> 0x35B7
mem[X,0x8002A912] -> 0x3333
[4107] [M]: 0x8002A910 (0x333335B7) lui a1, 209715
x11 <- 0x33333000


mem[X,0x8002A914] -> 0x8593
mem[X,0x8002A916] -> 0x3325
[4108] [M]: 0x8002A914 (0x33258593) addi a1, a1, 818
x11 <- 0x33333332


mem[X,0x8002A918] -> 0x0213
mem[X,0x8002A91A] -> 0x0000
[4109] [M]: 0x8002A918 (0x00000213) addi tp, zero, 0
x4 <- 0x00000000


mem[X,0x8002A91C] -> 0x006F
mem[X,0x8002A91E] -> 0x00C0
[4110] [M]: 0x8002A91C (0x00C0006F) jal zero, 12


mem[X,0x8002A928] -> 0x6663
mem[X,0x8002A92A] -> 0x00B5
[4111] [M]: 0x8002A928 (0x00B56663) bltu a0, a1, 12


mem[X,0x8002A92C] -> 0x0213
mem[X,0x8002A92E] -> 0x0022
[4112] [M]: 0x8002A92C (0x00220213) addi tp, tp, 2
x4 <- 0x00000002


mem[X,0x8002A930] -> 0x006F
mem[X,0x8002A932] -> 0x00C0
[4113] [M]: 0x8002A930 (0x00C0006F) jal zero, 12


mem[X,0x8002A93C] -> 0xAC23
mem[X,0x8002A93E] -> 0x6640
[4114] [M]: 0x8002A93C (0x6640AC23) sw tp, 1656(ra)
mem[0x8004C7EC] <- 0x00000002


mem[X,0x8002A940] -> 0x3537
mem[X,0x8002A942] -> 0x3333
[4115] [M]: 0x8002A940 (0x33333537) lui a0, 209715
x10 <- 0x33333000


mem[X,0x8002A944] -> 0x0513
mem[X,0x8002A946] -> 0x3325
[4116] [M]: 0x8002A944 (0x33250513) addi a0, a0, 818
x10 <- 0x33333332


mem[X,0x8002A948] -> 0x65B7
mem[X,0x8002A94A] -> 0x6666
[4117] [M]: 0x8002A948 (0x666665B7) lui a1, 419430
x11 <- 0x66666000


mem[X,0x8002A94C] -> 0x8593
mem[X,0x8002A94E] -> 0x6655
[4118] [M]: 0x8002A94C (0x66558593) addi a1, a1, 1637
x11 <- 0x66666665


mem[X,0x8002A950] -> 0x0213
mem[X,0x8002A952] -> 0x0000
[4119] [M]: 0x8002A950 (0x00000213) addi tp, zero, 0
x4 <- 0x00000000


mem[X,0x8002A954] -> 0x006F
mem[X,0x8002A956] -> 0x0180
[4120] [M]: 0x8002A954 (0x0180006F) jal zero, 24


mem[X,0x8002A96C] -> 0x66E3
mem[X,0x8002A96E] -> 0xFEB5
[4121] [M]: 0x8002A96C (0xFEB566E3) bltu a0, a1, 8172


mem[X,0x8002A958] -> 0x0213
mem[X,0x8002A95A] -> 0x0012
[4122] [M]: 0x8002A958 (0x00120213) addi tp, tp, 1
x4 <- 0x00000001


mem[X,0x8002A95C] -> 0x006F
mem[X,0x8002A95E] -> 0x0240
[4123] [M]: 0x8002A95C (0x0240006F) jal zero, 36


mem[X,0x8002A980] -> 0xAE23
mem[X,0x8002A982] -> 0x6640
[4124] [M]: 0x8002A980 (0x6640AE23) sw tp, 1660(ra)
mem[0x8004C7F0] <- 0x00000001


mem[X,0x8002A984] -> 0x3537
mem[X,0x8002A986] -> 0x3333
[4125] [M]: 0x8002A984 (0x33333537) lui a0, 209715
x10 <- 0x33333000


mem[X,0x8002A988] -> 0x0513
mem[X,0x8002A98A] -> 0x3325
[4126] [M]: 0x8002A988 (0x33250513) addi a0, a0, 818
x10 <- 0x33333332


mem[X,0x8002A98C] -> 0xB5B7
mem[X,0x8002A98E] -> 0x0000
[4127] [M]: 0x8002A98C (0x0000B5B7) lui a1, 11
x11 <- 0x0000B000


mem[X,0x8002A990] -> 0x8593
mem[X,0x8002A992] -> 0x5035
[4128] [M]: 0x8002A990 (0x50358593) addi a1, a1, 1283
x11 <- 0x0000B503


mem[X,0x8002A994] -> 0x0213
mem[X,0x8002A996] -> 0x0000
[4129] [M]: 0x8002A994 (0x00000213) addi tp, zero, 0
x4 <- 0x00000000


mem[X,0x8002A998] -> 0x006F
mem[X,0x8002A99A] -> 0x00C0
[4130] [M]: 0x8002A998 (0x00C0006F) jal zero, 12


mem[X,0x8002A9A4] -> 0x6663
mem[X,0x8002A9A6] -> 0x00B5
[4131] [M]: 0x8002A9A4 (0x00B56663) bltu a0, a1, 12


mem[X,0x8002A9A8] -> 0x0213
mem[X,0x8002A9AA] -> 0x0022
[4132] [M]: 0x8002A9A8 (0x00220213) addi tp, tp, 2
x4 <- 0x00000002


mem[X,0x8002A9AC] -> 0x006F
mem[X,0x8002A9AE] -> 0x00C0
[4133] [M]: 0x8002A9AC (0x00C0006F) jal zero, 12


mem[X,0x8002A9B8] -> 0xA023
mem[X,0x8002A9BA] -> 0x6840
[4134] [M]: 0x8002A9B8 (0x6840A023) sw tp, 1664(ra)
mem[0x8004C7F4] <- 0x00000002


mem[X,0x8002A9BC] -> 0x3537
mem[X,0x8002A9BE] -> 0x3333
[4135] [M]: 0x8002A9BC (0x33333537) lui a0, 209715
x10 <- 0x33333000


mem[X,0x8002A9C0] -> 0x0513
mem[X,0x8002A9C2] -> 0x3325
[4136] [M]: 0x8002A9C0 (0x33250513) addi a0, a0, 818
x10 <- 0x33333332


mem[X,0x8002A9C4] -> 0x05B7
mem[X,0x8002A9C6] -> 0x0001
[4137] [M]: 0x8002A9C4 (0x000105B7) lui a1, 16
x11 <- 0x00010000


mem[X,0x8002A9C8] -> 0x8593
mem[X,0x8002A9CA] -> 0xFFE5
[4138] [M]: 0x8002A9C8 (0xFFE58593) addi a1, a1, 4094
x11 <- 0x0000FFFE


mem[X,0x8002A9CC] -> 0x0213
mem[X,0x8002A9CE] -> 0x0000
[4139] [M]: 0x8002A9CC (0x00000213) addi tp, zero, 0
x4 <- 0x00000000


mem[X,0x8002A9D0] -> 0x006F
mem[X,0x8002A9D2] -> 0x00C0
[4140] [M]: 0x8002A9D0 (0x00C0006F) jal zero, 12


mem[X,0x8002A9DC] -> 0x6CE3
mem[X,0x8002A9DE] -> 0xFEB5
[4141] [M]: 0x8002A9DC (0xFEB56CE3) bltu a0, a1, 8184


mem[X,0x8002A9E0] -> 0x0213
mem[X,0x8002A9E2] -> 0x0022
[4142] [M]: 0x8002A9E0 (0x00220213) addi tp, tp, 2
x4 <- 0x00000002


mem[X,0x8002A9E4] -> 0x006F
mem[X,0x8002A9E6] -> 0x00C0
[4143] [M]: 0x8002A9E4 (0x00C0006F) jal zero, 12


mem[X,0x8002A9F0] -> 0xA223
mem[X,0x8002A9F2] -> 0x6840
[4144] [M]: 0x8002A9F0 (0x6840A223) sw tp, 1668(ra)
mem[0x8004C7F8] <- 0x00000002


mem[X,0x8002A9F4] -> 0x3537
mem[X,0x8002A9F6] -> 0x3333
[4145] [M]: 0x8002A9F4 (0x33333537) lui a0, 209715
x10 <- 0x33333000


mem[X,0x8002A9F8] -> 0x0513
mem[X,0x8002A9FA] -> 0x3325
[4146] [M]: 0x8002A9F8 (0x33250513) addi a0, a0, 818
x10 <- 0x33333332


mem[X,0x8002A9FC] -> 0x55B7
mem[X,0x8002A9FE] -> 0x5555
[4147] [M]: 0x8002A9FC (0x555555B7) lui a1, 349525
x11 <- 0x55555000


mem[X,0x8002AA00] -> 0x8593
mem[X,0x8002AA02] -> 0x5565
[4148] [M]: 0x8002AA00 (0x55658593) addi a1, a1, 1366
x11 <- 0x55555556


mem[X,0x8002AA04] -> 0x0213
mem[X,0x8002AA06] -> 0x0000
[4149] [M]: 0x8002AA04 (0x00000213) addi tp, zero, 0
x4 <- 0x00000000


mem[X,0x8002AA08] -> 0x006F
mem[X,0x8002AA0A] -> 0x00C0
[4150] [M]: 0x8002AA08 (0x00C0006F) jal zero, 12


mem[X,0x8002AA14] -> 0x6CE3
mem[X,0x8002AA16] -> 0xFEB5
[4151] [M]: 0x8002AA14 (0xFEB56CE3) bltu a0, a1, 8184


mem[X,0x8002AA0C] -> 0x0213
mem[X,0x8002AA0E] -> 0x0012
[4152] [M]: 0x8002AA0C (0x00120213) addi tp, tp, 1
x4 <- 0x00000001


mem[X,0x8002AA10] -> 0x006F
mem[X,0x8002AA12] -> 0x0180
[4153] [M]: 0x8002AA10 (0x0180006F) jal zero, 24


mem[X,0x8002AA28] -> 0xA423
mem[X,0x8002AA2A] -> 0x6840
[4154] [M]: 0x8002AA28 (0x6840A423) sw tp, 1672(ra)
mem[0x8004C7FC] <- 0x00000001


mem[X,0x8002AA2C] -> 0x3537
mem[X,0x8002AA2E] -> 0x3333
[4155] [M]: 0x8002AA2C (0x33333537) lui a0, 209715
x10 <- 0x33333000


mem[X,0x8002AA30] -> 0x0513
mem[X,0x8002AA32] -> 0x3325
[4156] [M]: 0x8002AA30 (0x33250513) addi a0, a0, 818
x10 <- 0x33333332


mem[X,0x8002AA34] -> 0xB5B7
mem[X,0x8002AA36] -> 0xAAAA
[4157] [M]: 0x8002AA34 (0xAAAAB5B7) lui a1, 699051
x11 <- 0xAAAAB000


mem[X,0x8002AA38] -> 0x8593
mem[X,0x8002AA3A] -> 0xAAB5
[4158] [M]: 0x8002AA38 (0xAAB58593) addi a1, a1, 2731
x11 <- 0xAAAAAAAB


mem[X,0x8002AA3C] -> 0x0213
mem[X,0x8002AA3E] -> 0x0000
[4159] [M]: 0x8002AA3C (0x00000213) addi tp, zero, 0
x4 <- 0x00000000


mem[X,0x8002AA40] -> 0x006F
mem[X,0x8002AA42] -> 0x00C0
[4160] [M]: 0x8002AA40 (0x00C0006F) jal zero, 12


mem[X,0x8002AA4C] -> 0x6063
mem[X,0x8002AA4E] -> 0x04B5
[4161] [M]: 0x8002AA4C (0x04B56063) bltu a0, a1, 64


mem[X,0x8002AA8C] -> 0x0213
mem[X,0x8002AA8E] -> 0x0032
[4162] [M]: 0x8002AA8C (0x00320213) addi tp, tp, 3
x4 <- 0x00000003


mem[X,0x8002AA90] -> 0x006F
mem[X,0x8002AA92] -> 0x0040
[4163] [M]: 0x8002AA90 (0x0040006F) jal zero, 4


mem[X,0x8002AA94] -> 0xA623
mem[X,0x8002AA96] -> 0x6840
[4164] [M]: 0x8002AA94 (0x6840A623) sw tp, 1676(ra)
mem[0x8004C800] <- 0x00000003


mem[X,0x8002AA98] -> 0x3537
mem[X,0x8002AA9A] -> 0x3333
[4165] [M]: 0x8002AA98 (0x33333537) lui a0, 209715
x10 <- 0x33333000


mem[X,0x8002AA9C] -> 0x0513
mem[X,0x8002AA9E] -> 0x3325
[4166] [M]: 0x8002AA9C (0x33250513) addi a0, a0, 818
x10 <- 0x33333332


mem[X,0x8002AAA0] -> 0x0593
mem[X,0x8002AAA2] -> 0x0060
[4167] [M]: 0x8002AAA0 (0x00600593) addi a1, zero, 6
x11 <- 0x00000006


mem[X,0x8002AAA4] -> 0x0213
mem[X,0x8002AAA6] -> 0x0000
[4168] [M]: 0x8002AAA4 (0x00000213) addi tp, zero, 0
x4 <- 0x00000000


mem[X,0x8002AAA8] -> 0x006F
mem[X,0x8002AAAA] -> 0x00C0
[4169] [M]: 0x8002AAA8 (0x00C0006F) jal zero, 12


mem[X,0x8002AAB4] -> 0x6063
mem[X,0x8002AAB6] -> 0x08B5
[4170] [M]: 0x8002AAB4 (0x08B56063) bltu a0, a1, 128


mem[X,0x8002AAB8] -> 0x0213
mem[X,0x8002AABA] -> 0x0022
[4171] [M]: 0x8002AAB8 (0x00220213) addi tp, tp, 2
x4 <- 0x00000002


mem[X,0x8002AABC] -> 0x006F
mem[X,0x8002AABE] -> 0x0800
[4172] [M]: 0x8002AABC (0x0800006F) jal zero, 128


mem[X,0x8002AB3C] -> 0xA823
mem[X,0x8002AB3E] -> 0x6840
[4173] [M]: 0x8002AB3C (0x6840A823) sw tp, 1680(ra)
mem[0x8004C804] <- 0x00000002


mem[X,0x8002AB40] -> 0x3537
mem[X,0x8002AB42] -> 0x3333
[4174] [M]: 0x8002AB40 (0x33333537) lui a0, 209715
x10 <- 0x33333000


mem[X,0x8002AB44] -> 0x0513
mem[X,0x8002AB46] -> 0x3325
[4175] [M]: 0x8002AB44 (0x33250513) addi a0, a0, 818
x10 <- 0x33333332


mem[X,0x8002AB48] -> 0x35B7
mem[X,0x8002AB4A] -> 0x3333
[4176] [M]: 0x8002AB48 (0x333335B7) lui a1, 209715
x11 <- 0x33333000


mem[X,0x8002AB4C] -> 0x8593
mem[X,0x8002AB4E] -> 0x3345
[4177] [M]: 0x8002AB4C (0x33458593) addi a1, a1, 820
x11 <- 0x33333334


mem[X,0x8002AB50] -> 0x0213
mem[X,0x8002AB52] -> 0x0000
[4178] [M]: 0x8002AB50 (0x00000213) addi tp, zero, 0
x4 <- 0x00000000


mem[X,0x8002AB54] -> 0x006F
mem[X,0x8002AB56] -> 0x0100
[4179] [M]: 0x8002AB54 (0x0100006F) jal zero, 16


mem[X,0x8002AB64] -> 0x6AE3
mem[X,0x8002AB66] -> 0xFEB5
[4180] [M]: 0x8002AB64 (0xFEB56AE3) bltu a0, a1, 8180


mem[X,0x8002AB58] -> 0x0213
mem[X,0x8002AB5A] -> 0x0012
[4181] [M]: 0x8002AB58 (0x00120213) addi tp, tp, 1
x4 <- 0x00000001


mem[X,0x8002AB5C] -> 0x006F
mem[X,0x8002AB5E] -> 0x01C0
[4182] [M]: 0x8002AB5C (0x01C0006F) jal zero, 28


mem[X,0x8002AB78] -> 0xAA23
mem[X,0x8002AB7A] -> 0x6840
[4183] [M]: 0x8002AB78 (0x6840AA23) sw tp, 1684(ra)
mem[0x8004C808] <- 0x00000001


mem[X,0x8002AB7C] -> 0x3537
mem[X,0x8002AB7E] -> 0x3333
[4184] [M]: 0x8002AB7C (0x33333537) lui a0, 209715
x10 <- 0x33333000


mem[X,0x8002AB80] -> 0x0513
mem[X,0x8002AB82] -> 0x3325
[4185] [M]: 0x8002AB80 (0x33250513) addi a0, a0, 818
x10 <- 0x33333332


mem[X,0x8002AB84] -> 0x65B7
mem[X,0x8002AB86] -> 0x6666
[4186] [M]: 0x8002AB84 (0x666665B7) lui a1, 419430
x11 <- 0x66666000


mem[X,0x8002AB88] -> 0x8593
mem[X,0x8002AB8A] -> 0x6675
[4187] [M]: 0x8002AB88 (0x66758593) addi a1, a1, 1639
x11 <- 0x66666667


mem[X,0x8002AB8C] -> 0x0213
mem[X,0x8002AB8E] -> 0x0000
[4188] [M]: 0x8002AB8C (0x00000213) addi tp, zero, 0
x4 <- 0x00000000


mem[X,0x8002AB90] -> 0x006F
mem[X,0x8002AB92] -> 0x0140
[4189] [M]: 0x8002AB90 (0x0140006F) jal zero, 20


mem[X,0x8002ABA4] -> 0x68E3
mem[X,0x8002ABA6] -> 0xFEB5
[4190] [M]: 0x8002ABA4 (0xFEB568E3) bltu a0, a1, 8176


mem[X,0x8002AB94] -> 0x0213
mem[X,0x8002AB96] -> 0x0012
[4191] [M]: 0x8002AB94 (0x00120213) addi tp, tp, 1
x4 <- 0x00000001


mem[X,0x8002AB98] -> 0x006F
mem[X,0x8002AB9A] -> 0x0200
[4192] [M]: 0x8002AB98 (0x0200006F) jal zero, 32


mem[X,0x8002ABB8] -> 0xAC23
mem[X,0x8002ABBA] -> 0x6840
[4193] [M]: 0x8002ABB8 (0x6840AC23) sw tp, 1688(ra)
mem[0x8004C80C] <- 0x00000001


mem[X,0x8002ABBC] -> 0x3537
mem[X,0x8002ABBE] -> 0x3333
[4194] [M]: 0x8002ABBC (0x33333537) lui a0, 209715
x10 <- 0x33333000


mem[X,0x8002ABC0] -> 0x0513
mem[X,0x8002ABC2] -> 0x3325
[4195] [M]: 0x8002ABC0 (0x33250513) addi a0, a0, 818
x10 <- 0x33333332


mem[X,0x8002ABC4] -> 0xB5B7
mem[X,0x8002ABC6] -> 0x0000
[4196] [M]: 0x8002ABC4 (0x0000B5B7) lui a1, 11
x11 <- 0x0000B000


mem[X,0x8002ABC8] -> 0x8593
mem[X,0x8002ABCA] -> 0x5055
[4197] [M]: 0x8002ABC8 (0x50558593) addi a1, a1, 1285
x11 <- 0x0000B505


mem[X,0x8002ABCC] -> 0x0213
mem[X,0x8002ABCE] -> 0x0000
[4198] [M]: 0x8002ABCC (0x00000213) addi tp, zero, 0
x4 <- 0x00000000


mem[X,0x8002ABD0] -> 0x006F
mem[X,0x8002ABD2] -> 0x00C0
[4199] [M]: 0x8002ABD0 (0x00C0006F) jal zero, 12


clint::tick mtime <- 0x000000000000002A
 clint timer pending at mtime 0x000000000000002A
htif::tick 0x0000000000000000
mem[X,0x8002ABDC] -> 0x6663
mem[X,0x8002ABDE] -> 0x00B5
[4200] [M]: 0x8002ABDC (0x00B56663) bltu a0, a1, 12


mem[X,0x8002ABE0] -> 0x0213
mem[X,0x8002ABE2] -> 0x0022
[4201] [M]: 0x8002ABE0 (0x00220213) addi tp, tp, 2
x4 <- 0x00000002


mem[X,0x8002ABE4] -> 0x006F
mem[X,0x8002ABE6] -> 0x00C0
[4202] [M]: 0x8002ABE4 (0x00C0006F) jal zero, 12


mem[X,0x8002ABF0] -> 0xAE23
mem[X,0x8002ABF2] -> 0x6840
[4203] [M]: 0x8002ABF0 (0x6840AE23) sw tp, 1692(ra)
mem[0x8004C810] <- 0x00000002


mem[X,0x8002ABF4] -> 0x3537
mem[X,0x8002ABF6] -> 0x3333
[4204] [M]: 0x8002ABF4 (0x33333537) lui a0, 209715
x10 <- 0x33333000


mem[X,0x8002ABF8] -> 0x0513
mem[X,0x8002ABFA] -> 0x3325
[4205] [M]: 0x8002ABF8 (0x33250513) addi a0, a0, 818
x10 <- 0x33333332


mem[X,0x8002ABFC] -> 0x0593
mem[X,0x8002ABFE] -> 0x0010
[4206] [M]: 0x8002ABFC (0x00100593) addi a1, zero, 1
x11 <- 0x00000001


mem[X,0x8002AC00] -> 0x0213
mem[X,0x8002AC02] -> 0x0000
[4207] [M]: 0x8002AC00 (0x00000213) addi tp, zero, 0
x4 <- 0x00000000


mem[X,0x8002AC04] -> 0x006F
mem[X,0x8002AC06] -> 0x00C0
[4208] [M]: 0x8002AC04 (0x00C0006F) jal zero, 12


mem[X,0x8002AC10] -> 0x6063
mem[X,0x8002AC12] -> 0x08B5
[4209] [M]: 0x8002AC10 (0x08B56063) bltu a0, a1, 128


mem[X,0x8002AC14] -> 0x0213
mem[X,0x8002AC16] -> 0x0022
[4210] [M]: 0x8002AC14 (0x00220213) addi tp, tp, 2
x4 <- 0x00000002


mem[X,0x8002AC18] -> 0x006F
mem[X,0x8002AC1A] -> 0x0800
[4211] [M]: 0x8002AC18 (0x0800006F) jal zero, 128


mem[X,0x8002AC98] -> 0xA023
mem[X,0x8002AC9A] -> 0x6A40
[4212] [M]: 0x8002AC98 (0x6A40A023) sw tp, 1696(ra)
mem[0x8004C814] <- 0x00000002


mem[X,0x8002AC9C] -> 0x3537
mem[X,0x8002AC9E] -> 0x3333
[4213] [M]: 0x8002AC9C (0x33333537) lui a0, 209715
x10 <- 0x33333000


mem[X,0x8002ACA0] -> 0x0513
mem[X,0x8002ACA2] -> 0x3325
[4214] [M]: 0x8002ACA0 (0x33250513) addi a0, a0, 818
x10 <- 0x33333332


mem[X,0x8002ACA4] -> 0x05B7
mem[X,0x8002ACA6] -> 0x0001
[4215] [M]: 0x8002ACA4 (0x000105B7) lui a1, 16
x11 <- 0x00010000


mem[X,0x8002ACA8] -> 0x0213
mem[X,0x8002ACAA] -> 0x0000
[4216] [M]: 0x8002ACA8 (0x00000213) addi tp, zero, 0
x4 <- 0x00000000


mem[X,0x8002ACAC] -> 0x006F
mem[X,0x8002ACAE] -> 0x00C0
[4217] [M]: 0x8002ACAC (0x00C0006F) jal zero, 12


mem[X,0x8002ACB8] -> 0x6063
mem[X,0x8002ACBA] -> 0x10B5
[4218] [M]: 0x8002ACB8 (0x10B56063) bltu a0, a1, 256


mem[X,0x8002ACBC] -> 0x0213
mem[X,0x8002ACBE] -> 0x0022
[4219] [M]: 0x8002ACBC (0x00220213) addi tp, tp, 2
x4 <- 0x00000002


mem[X,0x8002ACC0] -> 0x006F
mem[X,0x8002ACC2] -> 0x1000
[4220] [M]: 0x8002ACC0 (0x1000006F) jal zero, 256


mem[X,0x8002ADC0] -> 0xA223
mem[X,0x8002ADC2] -> 0x6A40
[4221] [M]: 0x8002ADC0 (0x6A40A223) sw tp, 1700(ra)
mem[0x8004C818] <- 0x00000002


mem[X,0x8002ADC4] -> 0x6537
mem[X,0x8002ADC6] -> 0x6666
[4222] [M]: 0x8002ADC4 (0x66666537) lui a0, 419430
x10 <- 0x66666000


mem[X,0x8002ADC8] -> 0x0513
mem[X,0x8002ADCA] -> 0x6655
[4223] [M]: 0x8002ADC8 (0x66550513) addi a0, a0, 1637
x10 <- 0x66666665


mem[X,0x8002ADCC] -> 0x0593
mem[X,0x8002ADCE] -> 0x0030
[4224] [M]: 0x8002ADCC (0x00300593) addi a1, zero, 3
x11 <- 0x00000003


mem[X,0x8002ADD0] -> 0x0213
mem[X,0x8002ADD2] -> 0x0000
[4225] [M]: 0x8002ADD0 (0x00000213) addi tp, zero, 0
x4 <- 0x00000000


mem[X,0x8002ADD4] -> 0x006F
mem[X,0x8002ADD6] -> 0x0180
[4226] [M]: 0x8002ADD4 (0x0180006F) jal zero, 24


mem[X,0x8002ADEC] -> 0x66E3
mem[X,0x8002ADEE] -> 0xFEB5
[4227] [M]: 0x8002ADEC (0xFEB566E3) bltu a0, a1, 8172


mem[X,0x8002ADF0] -> 0x0213
mem[X,0x8002ADF2] -> 0x0022
[4228] [M]: 0x8002ADF0 (0x00220213) addi tp, tp, 2
x4 <- 0x00000002


mem[X,0x8002ADF4] -> 0x006F
mem[X,0x8002ADF6] -> 0x00C0
[4229] [M]: 0x8002ADF4 (0x00C0006F) jal zero, 12


mem[X,0x8002AE00] -> 0xA423
mem[X,0x8002AE02] -> 0x6A40
[4230] [M]: 0x8002AE00 (0x6A40A423) sw tp, 1704(ra)
mem[0x8004C81C] <- 0x00000002


mem[X,0x8002AE04] -> 0x6537
mem[X,0x8002AE06] -> 0x6666
[4231] [M]: 0x8002AE04 (0x66666537) lui a0, 419430
x10 <- 0x66666000


mem[X,0x8002AE08] -> 0x0513
mem[X,0x8002AE0A] -> 0x6655
[4232] [M]: 0x8002AE08 (0x66550513) addi a0, a0, 1637
x10 <- 0x66666665


mem[X,0x8002AE0C] -> 0x55B7
mem[X,0x8002AE0E] -> 0x5555
[4233] [M]: 0x8002AE0C (0x555555B7) lui a1, 349525
x11 <- 0x55555000


mem[X,0x8002AE10] -> 0x8593
mem[X,0x8002AE12] -> 0x5555
[4234] [M]: 0x8002AE10 (0x55558593) addi a1, a1, 1365
x11 <- 0x55555555


mem[X,0x8002AE14] -> 0x0213
mem[X,0x8002AE16] -> 0x0000
[4235] [M]: 0x8002AE14 (0x00000213) addi tp, zero, 0
x4 <- 0x00000000


mem[X,0x8002AE18] -> 0x006F
mem[X,0x8002AE1A] -> 0x00C0
[4236] [M]: 0x8002AE18 (0x00C0006F) jal zero, 12


mem[X,0x8002AE24] -> 0x6863
mem[X,0x8002AE26] -> 0x00B5
[4237] [M]: 0x8002AE24 (0x00B56863) bltu a0, a1, 16


mem[X,0x8002AE28] -> 0x0213
mem[X,0x8002AE2A] -> 0x0022
[4238] [M]: 0x8002AE28 (0x00220213) addi tp, tp, 2
x4 <- 0x00000002


mem[X,0x8002AE2C] -> 0x006F
mem[X,0x8002AE2E] -> 0x0100
[4239] [M]: 0x8002AE2C (0x0100006F) jal zero, 16


mem[X,0x8002AE3C] -> 0xA623
mem[X,0x8002AE3E] -> 0x6A40
[4240] [M]: 0x8002AE3C (0x6A40A623) sw tp, 1708(ra)
mem[0x8004C820] <- 0x00000002


mem[X,0x8002AE40] -> 0x6537
mem[X,0x8002AE42] -> 0x6666
[4241] [M]: 0x8002AE40 (0x66666537) lui a0, 419430
x10 <- 0x66666000


mem[X,0x8002AE44] -> 0x0513
mem[X,0x8002AE46] -> 0x6655
[4242] [M]: 0x8002AE44 (0x66550513) addi a0, a0, 1637
x10 <- 0x66666665


mem[X,0x8002AE48] -> 0xB5B7
mem[X,0x8002AE4A] -> 0xAAAA
[4243] [M]: 0x8002AE48 (0xAAAAB5B7) lui a1, 699051
x11 <- 0xAAAAB000


mem[X,0x8002AE4C] -> 0x8593
mem[X,0x8002AE4E] -> 0xAAA5
[4244] [M]: 0x8002AE4C (0xAAA58593) addi a1, a1, 2730
x11 <- 0xAAAAAAAA


mem[X,0x8002AE50] -> 0x0213
mem[X,0x8002AE52] -> 0x0000
[4245] [M]: 0x8002AE50 (0x00000213) addi tp, zero, 0
x4 <- 0x00000000


mem[X,0x8002AE54] -> 0x006F
mem[X,0x8002AE56] -> 0x00C0
[4246] [M]: 0x8002AE54 (0x00C0006F) jal zero, 12


mem[X,0x8002AE60] -> 0x6063
mem[X,0x8002AE62] -> 0x02B5
[4247] [M]: 0x8002AE60 (0x02B56063) bltu a0, a1, 32


mem[X,0x8002AE80] -> 0x0213
mem[X,0x8002AE82] -> 0x0032
[4248] [M]: 0x8002AE80 (0x00320213) addi tp, tp, 3
x4 <- 0x00000003


mem[X,0x8002AE84] -> 0x006F
mem[X,0x8002AE86] -> 0x0040
[4249] [M]: 0x8002AE84 (0x0040006F) jal zero, 4


mem[X,0x8002AE88] -> 0xA823
mem[X,0x8002AE8A] -> 0x6A40
[4250] [M]: 0x8002AE88 (0x6A40A823) sw tp, 1712(ra)
mem[0x8004C824] <- 0x00000003


mem[X,0x8002AE8C] -> 0x6537
mem[X,0x8002AE8E] -> 0x6666
[4251] [M]: 0x8002AE8C (0x66666537) lui a0, 419430
x10 <- 0x66666000


mem[X,0x8002AE90] -> 0x0513
mem[X,0x8002AE92] -> 0x6655
[4252] [M]: 0x8002AE90 (0x66550513) addi a0, a0, 1637
x10 <- 0x66666665


mem[X,0x8002AE94] -> 0x0593
mem[X,0x8002AE96] -> 0x0050
[4253] [M]: 0x8002AE94 (0x00500593) addi a1, zero, 5
x11 <- 0x00000005


mem[X,0x8002AE98] -> 0x0213
mem[X,0x8002AE9A] -> 0x0000
[4254] [M]: 0x8002AE98 (0x00000213) addi tp, zero, 0
x4 <- 0x00000000


mem[X,0x8002AE9C] -> 0x006F
mem[X,0x8002AE9E] -> 0x00C0
[4255] [M]: 0x8002AE9C (0x00C0006F) jal zero, 12


mem[X,0x8002AEA8] -> 0x6063
mem[X,0x8002AEAA] -> 0x40B5
[4256] [M]: 0x8002AEA8 (0x40B56063) bltu a0, a1, 1024


mem[X,0x8002AEAC] -> 0x0213
mem[X,0x8002AEAE] -> 0x0022
[4257] [M]: 0x8002AEAC (0x00220213) addi tp, tp, 2
x4 <- 0x00000002


mem[X,0x8002AEB0] -> 0x006F
mem[X,0x8002AEB2] -> 0x4000
[4258] [M]: 0x8002AEB0 (0x4000006F) jal zero, 1024


mem[X,0x8002B2B0] -> 0xAA23
mem[X,0x8002B2B2] -> 0x6A40
[4259] [M]: 0x8002B2B0 (0x6A40AA23) sw tp, 1716(ra)
mem[0x8004C828] <- 0x00000002


mem[X,0x8002B2B4] -> 0x6537
mem[X,0x8002B2B6] -> 0x6666
[4260] [M]: 0x8002B2B4 (0x66666537) lui a0, 419430
x10 <- 0x66666000


mem[X,0x8002B2B8] -> 0x0513
mem[X,0x8002B2BA] -> 0x6655
[4261] [M]: 0x8002B2B8 (0x66550513) addi a0, a0, 1637
x10 <- 0x66666665


mem[X,0x8002B2BC] -> 0x35B7
mem[X,0x8002B2BE] -> 0x3333
[4262] [M]: 0x8002B2BC (0x333335B7) lui a1, 209715
x11 <- 0x33333000


mem[X,0x8002B2C0] -> 0x8593
mem[X,0x8002B2C2] -> 0x3335
[4263] [M]: 0x8002B2C0 (0x33358593) addi a1, a1, 819
x11 <- 0x33333333


mem[X,0x8002B2C4] -> 0x0213
mem[X,0x8002B2C6] -> 0x0000
[4264] [M]: 0x8002B2C4 (0x00000213) addi tp, zero, 0
x4 <- 0x00000000


mem[X,0x8002B2C8] -> 0x006F
mem[X,0x8002B2CA] -> 0x0100
[4265] [M]: 0x8002B2C8 (0x0100006F) jal zero, 16


mem[X,0x8002B2D8] -> 0x6AE3
mem[X,0x8002B2DA] -> 0xFEB5
[4266] [M]: 0x8002B2D8 (0xFEB56AE3) bltu a0, a1, 8180


mem[X,0x8002B2DC] -> 0x0213
mem[X,0x8002B2DE] -> 0x0022
[4267] [M]: 0x8002B2DC (0x00220213) addi tp, tp, 2
x4 <- 0x00000002


mem[X,0x8002B2E0] -> 0x006F
mem[X,0x8002B2E2] -> 0x00C0
[4268] [M]: 0x8002B2E0 (0x00C0006F) jal zero, 12


mem[X,0x8002B2EC] -> 0xAC23
mem[X,0x8002B2EE] -> 0x6A40
[4269] [M]: 0x8002B2EC (0x6A40AC23) sw tp, 1720(ra)
mem[0x8004C82C] <- 0x00000002


mem[X,0x8002B2F0] -> 0x6537
mem[X,0x8002B2F2] -> 0x6666
[4270] [M]: 0x8002B2F0 (0x66666537) lui a0, 419430
x10 <- 0x66666000


mem[X,0x8002B2F4] -> 0x0513
mem[X,0x8002B2F6] -> 0x6655
[4271] [M]: 0x8002B2F4 (0x66550513) addi a0, a0, 1637
x10 <- 0x66666665


mem[X,0x8002B2F8] -> 0x65B7
mem[X,0x8002B2FA] -> 0x6666
[4272] [M]: 0x8002B2F8 (0x666665B7) lui a1, 419430
x11 <- 0x66666000


mem[X,0x8002B2FC] -> 0x8593
mem[X,0x8002B2FE] -> 0x6665
[4273] [M]: 0x8002B2FC (0x66658593) addi a1, a1, 1638
x11 <- 0x66666666


mem[X,0x8002B300] -> 0x0213
mem[X,0x8002B302] -> 0x0000
[4274] [M]: 0x8002B300 (0x00000213) addi tp, zero, 0
x4 <- 0x00000000


mem[X,0x8002B304] -> 0x006F
mem[X,0x8002B306] -> 0x2B10
[4275] [M]: 0x8002B304 (0x2B10006F) jal zero, 2736


mem[X,0x8002BDB4] -> 0x6A63
mem[X,0x8002BDB6] -> 0xD4B5
[4276] [M]: 0x8002BDB4 (0xD4B56A63) bltu a0, a1, 5460


mem[X,0x8002B308] -> 0x0213
mem[X,0x8002B30A] -> 0x0012
[4277] [M]: 0x8002B308 (0x00120213) addi tp, tp, 1
x4 <- 0x00000001


mem[X,0x8002B30C] -> 0x006F
mem[X,0x8002B30E] -> 0x2BD0
[4278] [M]: 0x8002B30C (0x2BD0006F) jal zero, 2748


mem[X,0x8002BDC8] -> 0xAE23
mem[X,0x8002BDCA] -> 0x6A40
[4279] [M]: 0x8002BDC8 (0x6A40AE23) sw tp, 1724(ra)
mem[0x8004C830] <- 0x00000001


mem[X,0x8002BDCC] -> 0x6537
mem[X,0x8002BDCE] -> 0x6666
[4280] [M]: 0x8002BDCC (0x66666537) lui a0, 419430
x10 <- 0x66666000


mem[X,0x8002BDD0] -> 0x0513
mem[X,0x8002BDD2] -> 0x6655
[4281] [M]: 0x8002BDD0 (0x66550513) addi a0, a0, 1637
x10 <- 0x66666665


mem[X,0x8002BDD4] -> 0xB5B7
mem[X,0x8002BDD6] -> 0x0000
[4282] [M]: 0x8002BDD4 (0x0000B5B7) lui a1, 11
x11 <- 0x0000B000


mem[X,0x8002BDD8] -> 0x8593
mem[X,0x8002BDDA] -> 0x5045
[4283] [M]: 0x8002BDD8 (0x50458593) addi a1, a1, 1284
x11 <- 0x0000B504


mem[X,0x8002BDDC] -> 0x0213
mem[X,0x8002BDDE] -> 0x0000
[4284] [M]: 0x8002BDDC (0x00000213) addi tp, zero, 0
x4 <- 0x00000000


mem[X,0x8002BDE0] -> 0x006F
mem[X,0x8002BDE2] -> 0x0180
[4285] [M]: 0x8002BDE0 (0x0180006F) jal zero, 24


mem[X,0x8002BDF8] -> 0x66E3
mem[X,0x8002BDFA] -> 0xFEB5
[4286] [M]: 0x8002BDF8 (0xFEB566E3) bltu a0, a1, 8172


mem[X,0x8002BDFC] -> 0x0213
mem[X,0x8002BDFE] -> 0x0022
[4287] [M]: 0x8002BDFC (0x00220213) addi tp, tp, 2
x4 <- 0x00000002


mem[X,0x8002BE00] -> 0x006F
mem[X,0x8002BE02] -> 0x00C0
[4288] [M]: 0x8002BE00 (0x00C0006F) jal zero, 12


mem[X,0x8002BE0C] -> 0xA023
mem[X,0x8002BE0E] -> 0x6C40
[4289] [M]: 0x8002BE0C (0x6C40A023) sw tp, 1728(ra)
mem[0x8004C834] <- 0x00000002


mem[X,0x8002BE10] -> 0x6537
mem[X,0x8002BE12] -> 0x6666
[4290] [M]: 0x8002BE10 (0x66666537) lui a0, 419430
x10 <- 0x66666000


mem[X,0x8002BE14] -> 0x0513
mem[X,0x8002BE16] -> 0x6655
[4291] [M]: 0x8002BE14 (0x66550513) addi a0, a0, 1637
x10 <- 0x66666665


mem[X,0x8002BE18] -> 0x0593
mem[X,0x8002BE1A] -> 0x0000
[4292] [M]: 0x8002BE18 (0x00000593) addi a1, zero, 0
x11 <- 0x00000000


mem[X,0x8002BE1C] -> 0x0213
mem[X,0x8002BE1E] -> 0x0000
[4293] [M]: 0x8002BE1C (0x00000213) addi tp, zero, 0
x4 <- 0x00000000


mem[X,0x8002BE20] -> 0x006F
mem[X,0x8002BE22] -> 0x0100
[4294] [M]: 0x8002BE20 (0x0100006F) jal zero, 16


mem[X,0x8002BE30] -> 0x6AE3
mem[X,0x8002BE32] -> 0xFEB5
[4295] [M]: 0x8002BE30 (0xFEB56AE3) bltu a0, a1, 8180


mem[X,0x8002BE34] -> 0x0213
mem[X,0x8002BE36] -> 0x0022
[4296] [M]: 0x8002BE34 (0x00220213) addi tp, tp, 2
x4 <- 0x00000002


mem[X,0x8002BE38] -> 0x006F
mem[X,0x8002BE3A] -> 0x00C0
[4297] [M]: 0x8002BE38 (0x00C0006F) jal zero, 12


mem[X,0x8002BE44] -> 0xA223
mem[X,0x8002BE46] -> 0x6C40
[4298] [M]: 0x8002BE44 (0x6C40A223) sw tp, 1732(ra)
mem[0x8004C838] <- 0x00000002


mem[X,0x8002BE48] -> 0x6537
mem[X,0x8002BE4A] -> 0x6666
[4299] [M]: 0x8002BE48 (0x66666537) lui a0, 419430
x10 <- 0x66666000


clint::tick mtime <- 0x000000000000002B
 clint timer pending at mtime 0x000000000000002B
htif::tick 0x0000000000000000
mem[X,0x8002BE4C] -> 0x0513
mem[X,0x8002BE4E] -> 0x6655
[4300] [M]: 0x8002BE4C (0x66550513) addi a0, a0, 1637
x10 <- 0x66666665


mem[X,0x8002BE50] -> 0x05B7
mem[X,0x8002BE52] -> 0x0001
[4301] [M]: 0x8002BE50 (0x000105B7) lui a1, 16
x11 <- 0x00010000


mem[X,0x8002BE54] -> 0x8593
mem[X,0x8002BE56] -> 0xFFF5
[4302] [M]: 0x8002BE54 (0xFFF58593) addi a1, a1, 4095
x11 <- 0x0000FFFF


mem[X,0x8002BE58] -> 0x0213
mem[X,0x8002BE5A] -> 0x0000
[4303] [M]: 0x8002BE58 (0x00000213) addi tp, zero, 0
x4 <- 0x00000000


mem[X,0x8002BE5C] -> 0x006F
mem[X,0x8002BE5E] -> 0x00C0
[4304] [M]: 0x8002BE5C (0x00C0006F) jal zero, 12


mem[X,0x8002BE68] -> 0x6063
mem[X,0x8002BE6A] -> 0x04B5
[4305] [M]: 0x8002BE68 (0x04B56063) bltu a0, a1, 64


mem[X,0x8002BE6C] -> 0x0213
mem[X,0x8002BE6E] -> 0x0022
[4306] [M]: 0x8002BE6C (0x00220213) addi tp, tp, 2
x4 <- 0x00000002


mem[X,0x8002BE70] -> 0x006F
mem[X,0x8002BE72] -> 0x0400
[4307] [M]: 0x8002BE70 (0x0400006F) jal zero, 64


mem[X,0x8002BEB0] -> 0xA423
mem[X,0x8002BEB2] -> 0x6C40
[4308] [M]: 0x8002BEB0 (0x6C40A423) sw tp, 1736(ra)
mem[0x8004C83C] <- 0x00000002


mem[X,0x8002BEB4] -> 0x6537
mem[X,0x8002BEB6] -> 0x6666
[4309] [M]: 0x8002BEB4 (0x66666537) lui a0, 419430
x10 <- 0x66666000


mem[X,0x8002BEB8] -> 0x0513
mem[X,0x8002BEBA] -> 0x6655
[4310] [M]: 0x8002BEB8 (0x66550513) addi a0, a0, 1637
x10 <- 0x66666665


mem[X,0x8002BEBC] -> 0x0593
mem[X,0x8002BEBE] -> 0x0020
[4311] [M]: 0x8002BEBC (0x00200593) addi a1, zero, 2
x11 <- 0x00000002


mem[X,0x8002BEC0] -> 0x0213
mem[X,0x8002BEC2] -> 0x0000
[4312] [M]: 0x8002BEC0 (0x00000213) addi tp, zero, 0
x4 <- 0x00000000


mem[X,0x8002BEC4] -> 0x006F
mem[X,0x8002BEC6] -> 0x00C0
[4313] [M]: 0x8002BEC4 (0x00C0006F) jal zero, 12


mem[X,0x8002BED0] -> 0x6663
mem[X,0x8002BED2] -> 0x00B5
[4314] [M]: 0x8002BED0 (0x00B56663) bltu a0, a1, 12


mem[X,0x8002BED4] -> 0x0213
mem[X,0x8002BED6] -> 0x0022
[4315] [M]: 0x8002BED4 (0x00220213) addi tp, tp, 2
x4 <- 0x00000002


mem[X,0x8002BED8] -> 0x006F
mem[X,0x8002BEDA] -> 0x00C0
[4316] [M]: 0x8002BED8 (0x00C0006F) jal zero, 12


mem[X,0x8002BEE4] -> 0xA623
mem[X,0x8002BEE6] -> 0x6C40
[4317] [M]: 0x8002BEE4 (0x6C40A623) sw tp, 1740(ra)
mem[0x8004C840] <- 0x00000002


mem[X,0x8002BEE8] -> 0x6537
mem[X,0x8002BEEA] -> 0x6666
[4318] [M]: 0x8002BEE8 (0x66666537) lui a0, 419430
x10 <- 0x66666000


mem[X,0x8002BEEC] -> 0x0513
mem[X,0x8002BEEE] -> 0x6655
[4319] [M]: 0x8002BEEC (0x66550513) addi a0, a0, 1637
x10 <- 0x66666665


mem[X,0x8002BEF0] -> 0x55B7
mem[X,0x8002BEF2] -> 0x5555
[4320] [M]: 0x8002BEF0 (0x555555B7) lui a1, 349525
x11 <- 0x55555000


mem[X,0x8002BEF4] -> 0x8593
mem[X,0x8002BEF6] -> 0x5545
[4321] [M]: 0x8002BEF4 (0x55458593) addi a1, a1, 1364
x11 <- 0x55555554


mem[X,0x8002BEF8] -> 0x0213
mem[X,0x8002BEFA] -> 0x0000
[4322] [M]: 0x8002BEF8 (0x00000213) addi tp, zero, 0
x4 <- 0x00000000


mem[X,0x8002BEFC] -> 0x006F
mem[X,0x8002BEFE] -> 0x2B10
[4323] [M]: 0x8002BEFC (0x2B10006F) jal zero, 2736


mem[X,0x8002C9AC] -> 0x6A63
mem[X,0x8002C9AE] -> 0xD4B5
[4324] [M]: 0x8002C9AC (0xD4B56A63) bltu a0, a1, 5460


mem[X,0x8002C9B0] -> 0x0213
mem[X,0x8002C9B2] -> 0x0022
[4325] [M]: 0x8002C9B0 (0x00220213) addi tp, tp, 2
x4 <- 0x00000002


mem[X,0x8002C9B4] -> 0x006F
mem[X,0x8002C9B6] -> 0x00C0
[4326] [M]: 0x8002C9B4 (0x00C0006F) jal zero, 12


mem[X,0x8002C9C0] -> 0xA823
mem[X,0x8002C9C2] -> 0x6C40
[4327] [M]: 0x8002C9C0 (0x6C40A823) sw tp, 1744(ra)
mem[0x8004C844] <- 0x00000002


mem[X,0x8002C9C4] -> 0x6537
mem[X,0x8002C9C6] -> 0x6666
[4328] [M]: 0x8002C9C4 (0x66666537) lui a0, 419430
x10 <- 0x66666000


mem[X,0x8002C9C8] -> 0x0513
mem[X,0x8002C9CA] -> 0x6655
[4329] [M]: 0x8002C9C8 (0x66550513) addi a0, a0, 1637
x10 <- 0x66666665


mem[X,0x8002C9CC] -> 0xB5B7
mem[X,0x8002C9CE] -> 0xAAAA
[4330] [M]: 0x8002C9CC (0xAAAAB5B7) lui a1, 699051
x11 <- 0xAAAAB000


mem[X,0x8002C9D0] -> 0x8593
mem[X,0x8002C9D2] -> 0xAA95
[4331] [M]: 0x8002C9D0 (0xAA958593) addi a1, a1, 2729
x11 <- 0xAAAAAAA9


mem[X,0x8002C9D4] -> 0x0213
mem[X,0x8002C9D6] -> 0x0000
[4332] [M]: 0x8002C9D4 (0x00000213) addi tp, zero, 0
x4 <- 0x00000000


mem[X,0x8002C9D8] -> 0x006F
mem[X,0x8002C9DA] -> 0x00C0
[4333] [M]: 0x8002C9D8 (0x00C0006F) jal zero, 12


mem[X,0x8002C9E4] -> 0x6663
mem[X,0x8002C9E6] -> 0x00B5
[4334] [M]: 0x8002C9E4 (0x00B56663) bltu a0, a1, 12


mem[X,0x8002C9F0] -> 0x0213
mem[X,0x8002C9F2] -> 0x0032
[4335] [M]: 0x8002C9F0 (0x00320213) addi tp, tp, 3
x4 <- 0x00000003


mem[X,0x8002C9F4] -> 0x006F
mem[X,0x8002C9F6] -> 0x0040
[4336] [M]: 0x8002C9F4 (0x0040006F) jal zero, 4


mem[X,0x8002C9F8] -> 0xAA23
mem[X,0x8002C9FA] -> 0x6C40
[4337] [M]: 0x8002C9F8 (0x6C40AA23) sw tp, 1748(ra)
mem[0x8004C848] <- 0x00000003


mem[X,0x8002C9FC] -> 0x6537
mem[X,0x8002C9FE] -> 0x6666
[4338] [M]: 0x8002C9FC (0x66666537) lui a0, 419430
x10 <- 0x66666000


mem[X,0x8002CA00] -> 0x0513
mem[X,0x8002CA02] -> 0x6655
[4339] [M]: 0x8002CA00 (0x66550513) addi a0, a0, 1637
x10 <- 0x66666665


mem[X,0x8002CA04] -> 0x0593
mem[X,0x8002CA06] -> 0x0040
[4340] [M]: 0x8002CA04 (0x00400593) addi a1, zero, 4
x11 <- 0x00000004


mem[X,0x8002CA08] -> 0x0213
mem[X,0x8002CA0A] -> 0x0000
[4341] [M]: 0x8002CA08 (0x00000213) addi tp, zero, 0
x4 <- 0x00000000


mem[X,0x8002CA0C] -> 0x006F
mem[X,0x8002CA0E] -> 0x00C0
[4342] [M]: 0x8002CA0C (0x00C0006F) jal zero, 12


mem[X,0x8002CA18] -> 0x6063
mem[X,0x8002CA1A] -> 0x02B5
[4343] [M]: 0x8002CA18 (0x02B56063) bltu a0, a1, 32


mem[X,0x8002CA1C] -> 0x0213
mem[X,0x8002CA1E] -> 0x0022
[4344] [M]: 0x8002CA1C (0x00220213) addi tp, tp, 2
x4 <- 0x00000002


mem[X,0x8002CA20] -> 0x006F
mem[X,0x8002CA22] -> 0x0200
[4345] [M]: 0x8002CA20 (0x0200006F) jal zero, 32


mem[X,0x8002CA40] -> 0xAC23
mem[X,0x8002CA42] -> 0x6C40
[4346] [M]: 0x8002CA40 (0x6C40AC23) sw tp, 1752(ra)
mem[0x8004C84C] <- 0x00000002


mem[X,0x8002CA44] -> 0x6537
mem[X,0x8002CA46] -> 0x6666
[4347] [M]: 0x8002CA44 (0x66666537) lui a0, 419430
x10 <- 0x66666000


mem[X,0x8002CA48] -> 0x0513
mem[X,0x8002CA4A] -> 0x6655
[4348] [M]: 0x8002CA48 (0x66550513) addi a0, a0, 1637
x10 <- 0x66666665


mem[X,0x8002CA4C] -> 0x35B7
mem[X,0x8002CA4E] -> 0x3333
[4349] [M]: 0x8002CA4C (0x333335B7) lui a1, 209715
x11 <- 0x33333000


mem[X,0x8002CA50] -> 0x8593
mem[X,0x8002CA52] -> 0x3325
[4350] [M]: 0x8002CA50 (0x33258593) addi a1, a1, 818
x11 <- 0x33333332


mem[X,0x8002CA54] -> 0x0213
mem[X,0x8002CA56] -> 0x0000
[4351] [M]: 0x8002CA54 (0x00000213) addi tp, zero, 0
x4 <- 0x00000000


mem[X,0x8002CA58] -> 0x006F
mem[X,0x8002CA5A] -> 0x00C0
[4352] [M]: 0x8002CA58 (0x00C0006F) jal zero, 12


mem[X,0x8002CA64] -> 0x6063
mem[X,0x8002CA66] -> 0x02B5
[4353] [M]: 0x8002CA64 (0x02B56063) bltu a0, a1, 32


mem[X,0x8002CA68] -> 0x0213
mem[X,0x8002CA6A] -> 0x0022
[4354] [M]: 0x8002CA68 (0x00220213) addi tp, tp, 2
x4 <- 0x00000002


mem[X,0x8002CA6C] -> 0x006F
mem[X,0x8002CA6E] -> 0x0200
[4355] [M]: 0x8002CA6C (0x0200006F) jal zero, 32


mem[X,0x8002CA8C] -> 0xAE23
mem[X,0x8002CA8E] -> 0x6C40
[4356] [M]: 0x8002CA8C (0x6C40AE23) sw tp, 1756(ra)
mem[0x8004C850] <- 0x00000002


mem[X,0x8002CA90] -> 0x6537
mem[X,0x8002CA92] -> 0x6666
[4357] [M]: 0x8002CA90 (0x66666537) lui a0, 419430
x10 <- 0x66666000


mem[X,0x8002CA94] -> 0x0513
mem[X,0x8002CA96] -> 0x6655
[4358] [M]: 0x8002CA94 (0x66550513) addi a0, a0, 1637
x10 <- 0x66666665


mem[X,0x8002CA98] -> 0x65B7
mem[X,0x8002CA9A] -> 0x6666
[4359] [M]: 0x8002CA98 (0x666665B7) lui a1, 419430
x11 <- 0x66666000


mem[X,0x8002CA9C] -> 0x8593
mem[X,0x8002CA9E] -> 0x6655
[4360] [M]: 0x8002CA9C (0x66558593) addi a1, a1, 1637
x11 <- 0x66666665


mem[X,0x8002CAA0] -> 0x0213
mem[X,0x8002CAA2] -> 0x0000
[4361] [M]: 0x8002CAA0 (0x00000213) addi tp, zero, 0
x4 <- 0x00000000


mem[X,0x8002CAA4] -> 0x006F
mem[X,0x8002CAA6] -> 0x0180
[4362] [M]: 0x8002CAA4 (0x0180006F) jal zero, 24


mem[X,0x8002CABC] -> 0x66E3
mem[X,0x8002CABE] -> 0xFEB5
[4363] [M]: 0x8002CABC (0xFEB566E3) bltu a0, a1, 8172


mem[X,0x8002CAC0] -> 0x0213
mem[X,0x8002CAC2] -> 0x0022
[4364] [M]: 0x8002CAC0 (0x00220213) addi tp, tp, 2
x4 <- 0x00000002


mem[X,0x8002CAC4] -> 0x006F
mem[X,0x8002CAC6] -> 0x00C0
[4365] [M]: 0x8002CAC4 (0x00C0006F) jal zero, 12


mem[X,0x8002CAD0] -> 0xA023
mem[X,0x8002CAD2] -> 0x6E40
[4366] [M]: 0x8002CAD0 (0x6E40A023) sw tp, 1760(ra)
mem[0x8004C854] <- 0x00000002


mem[X,0x8002CAD4] -> 0x6537
mem[X,0x8002CAD6] -> 0x6666
[4367] [M]: 0x8002CAD4 (0x66666537) lui a0, 419430
x10 <- 0x66666000


mem[X,0x8002CAD8] -> 0x0513
mem[X,0x8002CADA] -> 0x6655
[4368] [M]: 0x8002CAD8 (0x66550513) addi a0, a0, 1637
x10 <- 0x66666665


mem[X,0x8002CADC] -> 0xB5B7
mem[X,0x8002CADE] -> 0x0000
[4369] [M]: 0x8002CADC (0x0000B5B7) lui a1, 11
x11 <- 0x0000B000


mem[X,0x8002CAE0] -> 0x8593
mem[X,0x8002CAE2] -> 0x5035
[4370] [M]: 0x8002CAE0 (0x50358593) addi a1, a1, 1283
x11 <- 0x0000B503


mem[X,0x8002CAE4] -> 0x0213
mem[X,0x8002CAE6] -> 0x0000
[4371] [M]: 0x8002CAE4 (0x00000213) addi tp, zero, 0
x4 <- 0x00000000


mem[X,0x8002CAE8] -> 0x006F
mem[X,0x8002CAEA] -> 0x00C0
[4372] [M]: 0x8002CAE8 (0x00C0006F) jal zero, 12


mem[X,0x8002CAF4] -> 0x6CE3
mem[X,0x8002CAF6] -> 0xFEB5
[4373] [M]: 0x8002CAF4 (0xFEB56CE3) bltu a0, a1, 8184


mem[X,0x8002CAF8] -> 0x0213
mem[X,0x8002CAFA] -> 0x0022
[4374] [M]: 0x8002CAF8 (0x00220213) addi tp, tp, 2
x4 <- 0x00000002


mem[X,0x8002CAFC] -> 0x006F
mem[X,0x8002CAFE] -> 0x00C0
[4375] [M]: 0x8002CAFC (0x00C0006F) jal zero, 12


mem[X,0x8002CB08] -> 0xA223
mem[X,0x8002CB0A] -> 0x6E40
[4376] [M]: 0x8002CB08 (0x6E40A223) sw tp, 1764(ra)
mem[0x8004C858] <- 0x00000002


mem[X,0x8002CB0C] -> 0x6537
mem[X,0x8002CB0E] -> 0x6666
[4377] [M]: 0x8002CB0C (0x66666537) lui a0, 419430
x10 <- 0x66666000


mem[X,0x8002CB10] -> 0x0513
mem[X,0x8002CB12] -> 0x6655
[4378] [M]: 0x8002CB10 (0x66550513) addi a0, a0, 1637
x10 <- 0x66666665


mem[X,0x8002CB14] -> 0x05B7
mem[X,0x8002CB16] -> 0x0001
[4379] [M]: 0x8002CB14 (0x000105B7) lui a1, 16
x11 <- 0x00010000


mem[X,0x8002CB18] -> 0x8593
mem[X,0x8002CB1A] -> 0xFFE5
[4380] [M]: 0x8002CB18 (0xFFE58593) addi a1, a1, 4094
x11 <- 0x0000FFFE


mem[X,0x8002CB1C] -> 0x0213
mem[X,0x8002CB1E] -> 0x0000
[4381] [M]: 0x8002CB1C (0x00000213) addi tp, zero, 0
x4 <- 0x00000000


mem[X,0x8002CB20] -> 0x006F
mem[X,0x8002CB22] -> 0x00C0
[4382] [M]: 0x8002CB20 (0x00C0006F) jal zero, 12


mem[X,0x8002CB2C] -> 0x6CE3
mem[X,0x8002CB2E] -> 0xFEB5
[4383] [M]: 0x8002CB2C (0xFEB56CE3) bltu a0, a1, 8184


mem[X,0x8002CB30] -> 0x0213
mem[X,0x8002CB32] -> 0x0022
[4384] [M]: 0x8002CB30 (0x00220213) addi tp, tp, 2
x4 <- 0x00000002


mem[X,0x8002CB34] -> 0x006F
mem[X,0x8002CB36] -> 0x00C0
[4385] [M]: 0x8002CB34 (0x00C0006F) jal zero, 12


mem[X,0x8002CB40] -> 0xA423
mem[X,0x8002CB42] -> 0x6E40
[4386] [M]: 0x8002CB40 (0x6E40A423) sw tp, 1768(ra)
mem[0x8004C85C] <- 0x00000002


mem[X,0x8002CB44] -> 0x6537
mem[X,0x8002CB46] -> 0x6666
[4387] [M]: 0x8002CB44 (0x66666537) lui a0, 419430
x10 <- 0x66666000


mem[X,0x8002CB48] -> 0x0513
mem[X,0x8002CB4A] -> 0x6655
[4388] [M]: 0x8002CB48 (0x66550513) addi a0, a0, 1637
x10 <- 0x66666665


mem[X,0x8002CB4C] -> 0x55B7
mem[X,0x8002CB4E] -> 0x5555
[4389] [M]: 0x8002CB4C (0x555555B7) lui a1, 349525
x11 <- 0x55555000


mem[X,0x8002CB50] -> 0x8593
mem[X,0x8002CB52] -> 0x5565
[4390] [M]: 0x8002CB50 (0x55658593) addi a1, a1, 1366
x11 <- 0x55555556


mem[X,0x8002CB54] -> 0x0213
mem[X,0x8002CB56] -> 0x0000
[4391] [M]: 0x8002CB54 (0x00000213) addi tp, zero, 0
x4 <- 0x00000000


mem[X,0x8002CB58] -> 0x006F
mem[X,0x8002CB5A] -> 0x00C0
[4392] [M]: 0x8002CB58 (0x00C0006F) jal zero, 12


mem[X,0x8002CB64] -> 0x6663
mem[X,0x8002CB66] -> 0x00B5
[4393] [M]: 0x8002CB64 (0x00B56663) bltu a0, a1, 12


mem[X,0x8002CB68] -> 0x0213
mem[X,0x8002CB6A] -> 0x0022
[4394] [M]: 0x8002CB68 (0x00220213) addi tp, tp, 2
x4 <- 0x00000002


mem[X,0x8002CB6C] -> 0x006F
mem[X,0x8002CB6E] -> 0x00C0
[4395] [M]: 0x8002CB6C (0x00C0006F) jal zero, 12


mem[X,0x8002CB78] -> 0xA623
mem[X,0x8002CB7A] -> 0x6E40
[4396] [M]: 0x8002CB78 (0x6E40A623) sw tp, 1772(ra)
mem[0x8004C860] <- 0x00000002


mem[X,0x8002CB7C] -> 0x6537
mem[X,0x8002CB7E] -> 0x6666
[4397] [M]: 0x8002CB7C (0x66666537) lui a0, 419430
x10 <- 0x66666000


mem[X,0x8002CB80] -> 0x0513
mem[X,0x8002CB82] -> 0x6655
[4398] [M]: 0x8002CB80 (0x66550513) addi a0, a0, 1637
x10 <- 0x66666665


mem[X,0x8002CB84] -> 0x0593
mem[X,0x8002CB86] -> 0x0010
[4399] [M]: 0x8002CB84 (0x00100593) addi a1, zero, 1
x11 <- 0x00000001


clint::tick mtime <- 0x000000000000002C
 clint timer pending at mtime 0x000000000000002C
htif::tick 0x0000000000000000
mem[X,0x8002CB88] -> 0x0213
mem[X,0x8002CB8A] -> 0x0000
[4400] [M]: 0x8002CB88 (0x00000213) addi tp, zero, 0
x4 <- 0x00000000


mem[X,0x8002CB8C] -> 0x006F
mem[X,0x8002CB8E] -> 0x00C0
[4401] [M]: 0x8002CB8C (0x00C0006F) jal zero, 12


mem[X,0x8002CB98] -> 0x6663
mem[X,0x8002CB9A] -> 0x00B5
[4402] [M]: 0x8002CB98 (0x00B56663) bltu a0, a1, 12


mem[X,0x8002CB9C] -> 0x0213
mem[X,0x8002CB9E] -> 0x0022
[4403] [M]: 0x8002CB9C (0x00220213) addi tp, tp, 2
x4 <- 0x00000002


mem[X,0x8002CBA0] -> 0x006F
mem[X,0x8002CBA2] -> 0x00C0
[4404] [M]: 0x8002CBA0 (0x00C0006F) jal zero, 12


mem[X,0x8002CBAC] -> 0xA823
mem[X,0x8002CBAE] -> 0x6E40
[4405] [M]: 0x8002CBAC (0x6E40A823) sw tp, 1776(ra)
mem[0x8004C864] <- 0x00000002


mem[X,0x8002CBB0] -> 0x6537
mem[X,0x8002CBB2] -> 0x6666
[4406] [M]: 0x8002CBB0 (0x66666537) lui a0, 419430
x10 <- 0x66666000


mem[X,0x8002CBB4] -> 0x0513
mem[X,0x8002CBB6] -> 0x6655
[4407] [M]: 0x8002CBB4 (0x66550513) addi a0, a0, 1637
x10 <- 0x66666665


mem[X,0x8002CBB8] -> 0x05B7
mem[X,0x8002CBBA] -> 0x0001
[4408] [M]: 0x8002CBB8 (0x000105B7) lui a1, 16
x11 <- 0x00010000


mem[X,0x8002CBBC] -> 0x0213
mem[X,0x8002CBBE] -> 0x0000
[4409] [M]: 0x8002CBBC (0x00000213) addi tp, zero, 0
x4 <- 0x00000000


mem[X,0x8002CBC0] -> 0x006F
mem[X,0x8002CBC2] -> 0x00C0
[4410] [M]: 0x8002CBC0 (0x00C0006F) jal zero, 12


mem[X,0x8002CBCC] -> 0x6CE3
mem[X,0x8002CBCE] -> 0xFEB5
[4411] [M]: 0x8002CBCC (0xFEB56CE3) bltu a0, a1, 8184


mem[X,0x8002CBD0] -> 0x0213
mem[X,0x8002CBD2] -> 0x0022
[4412] [M]: 0x8002CBD0 (0x00220213) addi tp, tp, 2
x4 <- 0x00000002


mem[X,0x8002CBD4] -> 0x006F
mem[X,0x8002CBD6] -> 0x00C0
[4413] [M]: 0x8002CBD4 (0x00C0006F) jal zero, 12


mem[X,0x8002CBE0] -> 0xAA23
mem[X,0x8002CBE2] -> 0x6E40
[4414] [M]: 0x8002CBE0 (0x6E40AA23) sw tp, 1780(ra)
mem[0x8004C868] <- 0x00000002


mem[X,0x8002CBE4] -> 0xB537
mem[X,0x8002CBE6] -> 0x0000
[4415] [M]: 0x8002CBE4 (0x0000B537) lui a0, 11
x10 <- 0x0000B000


mem[X,0x8002CBE8] -> 0x0513
mem[X,0x8002CBEA] -> 0x5035
[4416] [M]: 0x8002CBE8 (0x50350513) addi a0, a0, 1283
x10 <- 0x0000B503


mem[X,0x8002CBEC] -> 0x0593
mem[X,0x8002CBEE] -> 0x0030
[4417] [M]: 0x8002CBEC (0x00300593) addi a1, zero, 3
x11 <- 0x00000003


mem[X,0x8002CBF0] -> 0x0213
mem[X,0x8002CBF2] -> 0x0000
[4418] [M]: 0x8002CBF0 (0x00000213) addi tp, zero, 0
x4 <- 0x00000000


mem[X,0x8002CBF4] -> 0x006F
mem[X,0x8002CBF6] -> 0x00C0
[4419] [M]: 0x8002CBF4 (0x00C0006F) jal zero, 12


mem[X,0x8002CC00] -> 0x6663
mem[X,0x8002CC02] -> 0x00B5
[4420] [M]: 0x8002CC00 (0x00B56663) bltu a0, a1, 12


mem[X,0x8002CC04] -> 0x0213
mem[X,0x8002CC06] -> 0x0022
[4421] [M]: 0x8002CC04 (0x00220213) addi tp, tp, 2
x4 <- 0x00000002


mem[X,0x8002CC08] -> 0x006F
mem[X,0x8002CC0A] -> 0x00C0
[4422] [M]: 0x8002CC08 (0x00C0006F) jal zero, 12


mem[X,0x8002CC14] -> 0xAC23
mem[X,0x8002CC16] -> 0x6E40
[4423] [M]: 0x8002CC14 (0x6E40AC23) sw tp, 1784(ra)
mem[0x8004C86C] <- 0x00000002


mem[X,0x8002CC18] -> 0xB537
mem[X,0x8002CC1A] -> 0x0000
[4424] [M]: 0x8002CC18 (0x0000B537) lui a0, 11
x10 <- 0x0000B000


mem[X,0x8002CC1C] -> 0x0513
mem[X,0x8002CC1E] -> 0x5035
[4425] [M]: 0x8002CC1C (0x50350513) addi a0, a0, 1283
x10 <- 0x0000B503


mem[X,0x8002CC20] -> 0x55B7
mem[X,0x8002CC22] -> 0x5555
[4426] [M]: 0x8002CC20 (0x555555B7) lui a1, 349525
x11 <- 0x55555000


mem[X,0x8002CC24] -> 0x8593
mem[X,0x8002CC26] -> 0x5555
[4427] [M]: 0x8002CC24 (0x55558593) addi a1, a1, 1365
x11 <- 0x55555555


mem[X,0x8002CC28] -> 0x0213
mem[X,0x8002CC2A] -> 0x0000
[4428] [M]: 0x8002CC28 (0x00000213) addi tp, zero, 0
x4 <- 0x00000000


mem[X,0x8002CC2C] -> 0x006F
mem[X,0x8002CC2E] -> 0x00C0
[4429] [M]: 0x8002CC2C (0x00C0006F) jal zero, 12


mem[X,0x8002CC38] -> 0x6063
mem[X,0x8002CC3A] -> 0x08B5
[4430] [M]: 0x8002CC38 (0x08B56063) bltu a0, a1, 128


mem[X,0x8002CCB8] -> 0x0213
mem[X,0x8002CCBA] -> 0x0032
[4431] [M]: 0x8002CCB8 (0x00320213) addi tp, tp, 3
x4 <- 0x00000003


mem[X,0x8002CCBC] -> 0x006F
mem[X,0x8002CCBE] -> 0x0040
[4432] [M]: 0x8002CCBC (0x0040006F) jal zero, 4


mem[X,0x8002CCC0] -> 0xAE23
mem[X,0x8002CCC2] -> 0x6E40
[4433] [M]: 0x8002CCC0 (0x6E40AE23) sw tp, 1788(ra)
mem[0x8004C870] <- 0x00000003


mem[X,0x8002CCC4] -> 0xB537
mem[X,0x8002CCC6] -> 0x0000
[4434] [M]: 0x8002CCC4 (0x0000B537) lui a0, 11
x10 <- 0x0000B000


mem[X,0x8002CCC8] -> 0x0513
mem[X,0x8002CCCA] -> 0x5035
[4435] [M]: 0x8002CCC8 (0x50350513) addi a0, a0, 1283
x10 <- 0x0000B503


mem[X,0x8002CCCC] -> 0xB5B7
mem[X,0x8002CCCE] -> 0xAAAA
[4436] [M]: 0x8002CCCC (0xAAAAB5B7) lui a1, 699051
x11 <- 0xAAAAB000


mem[X,0x8002CCD0] -> 0x8593
mem[X,0x8002CCD2] -> 0xAAA5
[4437] [M]: 0x8002CCD0 (0xAAA58593) addi a1, a1, 2730
x11 <- 0xAAAAAAAA


mem[X,0x8002CCD4] -> 0x0213
mem[X,0x8002CCD6] -> 0x0000
[4438] [M]: 0x8002CCD4 (0x00000213) addi tp, zero, 0
x4 <- 0x00000000


mem[X,0x8002CCD8] -> 0x006F
mem[X,0x8002CCDA] -> 0x00C0
[4439] [M]: 0x8002CCD8 (0x00C0006F) jal zero, 12


mem[X,0x8002CCE4] -> 0x6663
mem[X,0x8002CCE6] -> 0x00B5
[4440] [M]: 0x8002CCE4 (0x00B56663) bltu a0, a1, 12


mem[X,0x8002CCF0] -> 0x0213
mem[X,0x8002CCF2] -> 0x0032
[4441] [M]: 0x8002CCF0 (0x00320213) addi tp, tp, 3
x4 <- 0x00000003


mem[X,0x8002CCF4] -> 0x006F
mem[X,0x8002CCF6] -> 0x0040
[4442] [M]: 0x8002CCF4 (0x0040006F) jal zero, 4


mem[X,0x8002CCF8] -> 0xA023
mem[X,0x8002CCFA] -> 0x7040
[4443] [M]: 0x8002CCF8 (0x7040A023) sw tp, 1792(ra)
mem[0x8004C874] <- 0x00000003


mem[X,0x8002CCFC] -> 0xB537
mem[X,0x8002CCFE] -> 0x0000
[4444] [M]: 0x8002CCFC (0x0000B537) lui a0, 11
x10 <- 0x0000B000


mem[X,0x8002CD00] -> 0x0513
mem[X,0x8002CD02] -> 0x5035
[4445] [M]: 0x8002CD00 (0x50350513) addi a0, a0, 1283
x10 <- 0x0000B503


mem[X,0x8002CD04] -> 0x0593
mem[X,0x8002CD06] -> 0x0050
[4446] [M]: 0x8002CD04 (0x00500593) addi a1, zero, 5
x11 <- 0x00000005


mem[X,0x8002CD08] -> 0x0213
mem[X,0x8002CD0A] -> 0x0000
[4447] [M]: 0x8002CD08 (0x00000213) addi tp, zero, 0
x4 <- 0x00000000


mem[X,0x8002CD0C] -> 0x006F
mem[X,0x8002CD0E] -> 0x2B10
[4448] [M]: 0x8002CD0C (0x2B10006F) jal zero, 2736


mem[X,0x8002D7BC] -> 0x6A63
mem[X,0x8002D7BE] -> 0xD4B5
[4449] [M]: 0x8002D7BC (0xD4B56A63) bltu a0, a1, 5460


mem[X,0x8002D7C0] -> 0x0213
mem[X,0x8002D7C2] -> 0x0022
[4450] [M]: 0x8002D7C0 (0x00220213) addi tp, tp, 2
x4 <- 0x00000002


mem[X,0x8002D7C4] -> 0x006F
mem[X,0x8002D7C6] -> 0x00C0
[4451] [M]: 0x8002D7C4 (0x00C0006F) jal zero, 12


mem[X,0x8002D7D0] -> 0xA223
mem[X,0x8002D7D2] -> 0x7040
[4452] [M]: 0x8002D7D0 (0x7040A223) sw tp, 1796(ra)
mem[0x8004C878] <- 0x00000002


mem[X,0x8002D7D4] -> 0xB537
mem[X,0x8002D7D6] -> 0x0000
[4453] [M]: 0x8002D7D4 (0x0000B537) lui a0, 11
x10 <- 0x0000B000


mem[X,0x8002D7D8] -> 0x0513
mem[X,0x8002D7DA] -> 0x5035
[4454] [M]: 0x8002D7D8 (0x50350513) addi a0, a0, 1283
x10 <- 0x0000B503


mem[X,0x8002D7DC] -> 0x35B7
mem[X,0x8002D7DE] -> 0x3333
[4455] [M]: 0x8002D7DC (0x333335B7) lui a1, 209715
x11 <- 0x33333000


mem[X,0x8002D7E0] -> 0x8593
mem[X,0x8002D7E2] -> 0x3335
[4456] [M]: 0x8002D7E0 (0x33358593) addi a1, a1, 819
x11 <- 0x33333333


mem[X,0x8002D7E4] -> 0x0213
mem[X,0x8002D7E6] -> 0x0000
[4457] [M]: 0x8002D7E4 (0x00000213) addi tp, zero, 0
x4 <- 0x00000000


mem[X,0x8002D7E8] -> 0x006F
mem[X,0x8002D7EA] -> 0x00C0
[4458] [M]: 0x8002D7E8 (0x00C0006F) jal zero, 12


mem[X,0x8002D7F4] -> 0x6663
mem[X,0x8002D7F6] -> 0x00B5
[4459] [M]: 0x8002D7F4 (0x00B56663) bltu a0, a1, 12


mem[X,0x8002D800] -> 0x0213
mem[X,0x8002D802] -> 0x0032
[4460] [M]: 0x8002D800 (0x00320213) addi tp, tp, 3
x4 <- 0x00000003


mem[X,0x8002D804] -> 0x006F
mem[X,0x8002D806] -> 0x0040
[4461] [M]: 0x8002D804 (0x0040006F) jal zero, 4


mem[X,0x8002D808] -> 0xA423
mem[X,0x8002D80A] -> 0x7040
[4462] [M]: 0x8002D808 (0x7040A423) sw tp, 1800(ra)
mem[0x8004C87C] <- 0x00000003


mem[X,0x8002D80C] -> 0xB537
mem[X,0x8002D80E] -> 0x0000
[4463] [M]: 0x8002D80C (0x0000B537) lui a0, 11
x10 <- 0x0000B000


mem[X,0x8002D810] -> 0x0513
mem[X,0x8002D812] -> 0x5035
[4464] [M]: 0x8002D810 (0x50350513) addi a0, a0, 1283
x10 <- 0x0000B503


mem[X,0x8002D814] -> 0x65B7
mem[X,0x8002D816] -> 0x6666
[4465] [M]: 0x8002D814 (0x666665B7) lui a1, 419430
x11 <- 0x66666000


mem[X,0x8002D818] -> 0x8593
mem[X,0x8002D81A] -> 0x6665
[4466] [M]: 0x8002D818 (0x66658593) addi a1, a1, 1638
x11 <- 0x66666666


mem[X,0x8002D81C] -> 0x0213
mem[X,0x8002D81E] -> 0x0000
[4467] [M]: 0x8002D81C (0x00000213) addi tp, zero, 0
x4 <- 0x00000000


mem[X,0x8002D820] -> 0x006F
mem[X,0x8002D822] -> 0x00C0
[4468] [M]: 0x8002D820 (0x00C0006F) jal zero, 12


mem[X,0x8002D82C] -> 0x6063
mem[X,0x8002D82E] -> 0x08B5
[4469] [M]: 0x8002D82C (0x08B56063) bltu a0, a1, 128


mem[X,0x8002D8AC] -> 0x0213
mem[X,0x8002D8AE] -> 0x0032
[4470] [M]: 0x8002D8AC (0x00320213) addi tp, tp, 3
x4 <- 0x00000003


mem[X,0x8002D8B0] -> 0x006F
mem[X,0x8002D8B2] -> 0x0040
[4471] [M]: 0x8002D8B0 (0x0040006F) jal zero, 4


mem[X,0x8002D8B4] -> 0xA623
mem[X,0x8002D8B6] -> 0x7040
[4472] [M]: 0x8002D8B4 (0x7040A623) sw tp, 1804(ra)
mem[0x8004C880] <- 0x00000003


mem[X,0x8002D8B8] -> 0xB537
mem[X,0x8002D8BA] -> 0x0000
[4473] [M]: 0x8002D8B8 (0x0000B537) lui a0, 11
x10 <- 0x0000B000


mem[X,0x8002D8BC] -> 0x0513
mem[X,0x8002D8BE] -> 0x5035
[4474] [M]: 0x8002D8BC (0x50350513) addi a0, a0, 1283
x10 <- 0x0000B503


mem[X,0x8002D8C0] -> 0xB5B7
mem[X,0x8002D8C2] -> 0x0000
[4475] [M]: 0x8002D8C0 (0x0000B5B7) lui a1, 11
x11 <- 0x0000B000


mem[X,0x8002D8C4] -> 0x8593
mem[X,0x8002D8C6] -> 0x5045
[4476] [M]: 0x8002D8C4 (0x50458593) addi a1, a1, 1284
x11 <- 0x0000B504


mem[X,0x8002D8C8] -> 0x0213
mem[X,0x8002D8CA] -> 0x0000
[4477] [M]: 0x8002D8C8 (0x00000213) addi tp, zero, 0
x4 <- 0x00000000


mem[X,0x8002D8CC] -> 0x006F
mem[X,0x8002D8CE] -> 0x0050
[4478] [M]: 0x8002D8CC (0x0050006F) jal zero, 2052


mem[X,0x8002E0D0] -> 0x60E3
mem[X,0x8002E0D2] -> 0x80B5
[4479] [M]: 0x8002E0D0 (0x80B560E3) bltu a0, a1, 6144


mem[X,0x8002D8D0] -> 0x0213
mem[X,0x8002D8D2] -> 0x0012
[4480] [M]: 0x8002D8D0 (0x00120213) addi tp, tp, 1
x4 <- 0x00000001


mem[X,0x8002D8D4] -> 0x006F
mem[X,0x8002D8D6] -> 0x0110
[4481] [M]: 0x8002D8D4 (0x0110006F) jal zero, 2064


mem[X,0x8002E0E4] -> 0xA823
mem[X,0x8002E0E6] -> 0x7040
[4482] [M]: 0x8002E0E4 (0x7040A823) sw tp, 1808(ra)
mem[0x8004C884] <- 0x00000001


mem[X,0x8002E0E8] -> 0xB537
mem[X,0x8002E0EA] -> 0x0000
[4483] [M]: 0x8002E0E8 (0x0000B537) lui a0, 11
x10 <- 0x0000B000


mem[X,0x8002E0EC] -> 0x0513
mem[X,0x8002E0EE] -> 0x5035
[4484] [M]: 0x8002E0EC (0x50350513) addi a0, a0, 1283
x10 <- 0x0000B503


mem[X,0x8002E0F0] -> 0x0593
mem[X,0x8002E0F2] -> 0x0000
[4485] [M]: 0x8002E0F0 (0x00000593) addi a1, zero, 0
x11 <- 0x00000000


mem[X,0x8002E0F4] -> 0x0213
mem[X,0x8002E0F6] -> 0x0000
[4486] [M]: 0x8002E0F4 (0x00000213) addi tp, zero, 0
x4 <- 0x00000000


mem[X,0x8002E0F8] -> 0x006F
mem[X,0x8002E0FA] -> 0x00C0
[4487] [M]: 0x8002E0F8 (0x00C0006F) jal zero, 12


mem[X,0x8002E104] -> 0x6063
mem[X,0x8002E106] -> 0x04B5
[4488] [M]: 0x8002E104 (0x04B56063) bltu a0, a1, 64


mem[X,0x8002E108] -> 0x0213
mem[X,0x8002E10A] -> 0x0022
[4489] [M]: 0x8002E108 (0x00220213) addi tp, tp, 2
x4 <- 0x00000002


mem[X,0x8002E10C] -> 0x006F
mem[X,0x8002E10E] -> 0x0400
[4490] [M]: 0x8002E10C (0x0400006F) jal zero, 64


mem[X,0x8002E14C] -> 0xAA23
mem[X,0x8002E14E] -> 0x7040
[4491] [M]: 0x8002E14C (0x7040AA23) sw tp, 1812(ra)
mem[0x8004C888] <- 0x00000002


mem[X,0x8002E150] -> 0xB537
mem[X,0x8002E152] -> 0x0000
[4492] [M]: 0x8002E150 (0x0000B537) lui a0, 11
x10 <- 0x0000B000


mem[X,0x8002E154] -> 0x0513
mem[X,0x8002E156] -> 0x5035
[4493] [M]: 0x8002E154 (0x50350513) addi a0, a0, 1283
x10 <- 0x0000B503


mem[X,0x8002E158] -> 0x05B7
mem[X,0x8002E15A] -> 0x0001
[4494] [M]: 0x8002E158 (0x000105B7) lui a1, 16
x11 <- 0x00010000


mem[X,0x8002E15C] -> 0x8593
mem[X,0x8002E15E] -> 0xFFF5
[4495] [M]: 0x8002E15C (0xFFF58593) addi a1, a1, 4095
x11 <- 0x0000FFFF


mem[X,0x8002E160] -> 0x0213
mem[X,0x8002E162] -> 0x0000
[4496] [M]: 0x8002E160 (0x00000213) addi tp, zero, 0
x4 <- 0x00000000


mem[X,0x8002E164] -> 0x006F
mem[X,0x8002E166] -> 0x00C0
[4497] [M]: 0x8002E164 (0x00C0006F) jal zero, 12


mem[X,0x8002E170] -> 0x6663
mem[X,0x8002E172] -> 0x00B5
[4498] [M]: 0x8002E170 (0x00B56663) bltu a0, a1, 12


mem[X,0x8002E17C] -> 0x0213
mem[X,0x8002E17E] -> 0x0032
[4499] [M]: 0x8002E17C (0x00320213) addi tp, tp, 3
x4 <- 0x00000003


clint::tick mtime <- 0x000000000000002D
 clint timer pending at mtime 0x000000000000002D
htif::tick 0x0000000000000000
mem[X,0x8002E180] -> 0x006F
mem[X,0x8002E182] -> 0x0040
[4500] [M]: 0x8002E180 (0x0040006F) jal zero, 4


mem[X,0x8002E184] -> 0xAC23
mem[X,0x8002E186] -> 0x7040
[4501] [M]: 0x8002E184 (0x7040AC23) sw tp, 1816(ra)
mem[0x8004C88C] <- 0x00000003


mem[X,0x8002E188] -> 0xB537
mem[X,0x8002E18A] -> 0x0000
[4502] [M]: 0x8002E188 (0x0000B537) lui a0, 11
x10 <- 0x0000B000


mem[X,0x8002E18C] -> 0x0513
mem[X,0x8002E18E] -> 0x5035
[4503] [M]: 0x8002E18C (0x50350513) addi a0, a0, 1283
x10 <- 0x0000B503


mem[X,0x8002E190] -> 0x0593
mem[X,0x8002E192] -> 0x0020
[4504] [M]: 0x8002E190 (0x00200593) addi a1, zero, 2
x11 <- 0x00000002


mem[X,0x8002E194] -> 0x0213
mem[X,0x8002E196] -> 0x0000
[4505] [M]: 0x8002E194 (0x00000213) addi tp, zero, 0
x4 <- 0x00000000


mem[X,0x8002E198] -> 0x006F
mem[X,0x8002E19A] -> 0x00C0
[4506] [M]: 0x8002E198 (0x00C0006F) jal zero, 12


mem[X,0x8002E1A4] -> 0x6CE3
mem[X,0x8002E1A6] -> 0xFEB5
[4507] [M]: 0x8002E1A4 (0xFEB56CE3) bltu a0, a1, 8184


mem[X,0x8002E1A8] -> 0x0213
mem[X,0x8002E1AA] -> 0x0022
[4508] [M]: 0x8002E1A8 (0x00220213) addi tp, tp, 2
x4 <- 0x00000002


mem[X,0x8002E1AC] -> 0x006F
mem[X,0x8002E1AE] -> 0x00C0
[4509] [M]: 0x8002E1AC (0x00C0006F) jal zero, 12


mem[X,0x8002E1B8] -> 0xAE23
mem[X,0x8002E1BA] -> 0x7040
[4510] [M]: 0x8002E1B8 (0x7040AE23) sw tp, 1820(ra)
mem[0x8004C890] <- 0x00000002


mem[X,0x8002E1BC] -> 0xB537
mem[X,0x8002E1BE] -> 0x0000
[4511] [M]: 0x8002E1BC (0x0000B537) lui a0, 11
x10 <- 0x0000B000


mem[X,0x8002E1C0] -> 0x0513
mem[X,0x8002E1C2] -> 0x5035
[4512] [M]: 0x8002E1C0 (0x50350513) addi a0, a0, 1283
x10 <- 0x0000B503


mem[X,0x8002E1C4] -> 0x55B7
mem[X,0x8002E1C6] -> 0x5555
[4513] [M]: 0x8002E1C4 (0x555555B7) lui a1, 349525
x11 <- 0x55555000


mem[X,0x8002E1C8] -> 0x8593
mem[X,0x8002E1CA] -> 0x5545
[4514] [M]: 0x8002E1C8 (0x55458593) addi a1, a1, 1364
x11 <- 0x55555554


mem[X,0x8002E1CC] -> 0x0213
mem[X,0x8002E1CE] -> 0x0000
[4515] [M]: 0x8002E1CC (0x00000213) addi tp, zero, 0
x4 <- 0x00000000


mem[X,0x8002E1D0] -> 0x006F
mem[X,0x8002E1D2] -> 0x00C0
[4516] [M]: 0x8002E1D0 (0x00C0006F) jal zero, 12


mem[X,0x8002E1DC] -> 0x6063
mem[X,0x8002E1DE] -> 0x10B5
[4517] [M]: 0x8002E1DC (0x10B56063) bltu a0, a1, 256


mem[X,0x8002E2DC] -> 0x0213
mem[X,0x8002E2DE] -> 0x0032
[4518] [M]: 0x8002E2DC (0x00320213) addi tp, tp, 3
x4 <- 0x00000003


mem[X,0x8002E2E0] -> 0x006F
mem[X,0x8002E2E2] -> 0x0040
[4519] [M]: 0x8002E2E0 (0x0040006F) jal zero, 4


mem[X,0x8002E2E4] -> 0xA023
mem[X,0x8002E2E6] -> 0x7240
[4520] [M]: 0x8002E2E4 (0x7240A023) sw tp, 1824(ra)
mem[0x8004C894] <- 0x00000003


mem[X,0x8002E2E8] -> 0xB537
mem[X,0x8002E2EA] -> 0x0000
[4521] [M]: 0x8002E2E8 (0x0000B537) lui a0, 11
x10 <- 0x0000B000


mem[X,0x8002E2EC] -> 0x0513
mem[X,0x8002E2EE] -> 0x5035
[4522] [M]: 0x8002E2EC (0x50350513) addi a0, a0, 1283
x10 <- 0x0000B503


mem[X,0x8002E2F0] -> 0xB5B7
mem[X,0x8002E2F2] -> 0xAAAA
[4523] [M]: 0x8002E2F0 (0xAAAAB5B7) lui a1, 699051
x11 <- 0xAAAAB000


mem[X,0x8002E2F4] -> 0x8593
mem[X,0x8002E2F6] -> 0xAA95
[4524] [M]: 0x8002E2F4 (0xAA958593) addi a1, a1, 2729
x11 <- 0xAAAAAAA9


mem[X,0x8002E2F8] -> 0x0213
mem[X,0x8002E2FA] -> 0x0000
[4525] [M]: 0x8002E2F8 (0x00000213) addi tp, zero, 0
x4 <- 0x00000000


mem[X,0x8002E2FC] -> 0x006F
mem[X,0x8002E2FE] -> 0x00C0
[4526] [M]: 0x8002E2FC (0x00C0006F) jal zero, 12


mem[X,0x8002E308] -> 0x6063
mem[X,0x8002E30A] -> 0x02B5
[4527] [M]: 0x8002E308 (0x02B56063) bltu a0, a1, 32


mem[X,0x8002E328] -> 0x0213
mem[X,0x8002E32A] -> 0x0032
[4528] [M]: 0x8002E328 (0x00320213) addi tp, tp, 3
x4 <- 0x00000003


mem[X,0x8002E32C] -> 0x006F
mem[X,0x8002E32E] -> 0x0040
[4529] [M]: 0x8002E32C (0x0040006F) jal zero, 4


mem[X,0x8002E330] -> 0xA223
mem[X,0x8002E332] -> 0x7240
[4530] [M]: 0x8002E330 (0x7240A223) sw tp, 1828(ra)
mem[0x8004C898] <- 0x00000003


mem[X,0x8002E334] -> 0xB537
mem[X,0x8002E336] -> 0x0000
[4531] [M]: 0x8002E334 (0x0000B537) lui a0, 11
x10 <- 0x0000B000


mem[X,0x8002E338] -> 0x0513
mem[X,0x8002E33A] -> 0x5035
[4532] [M]: 0x8002E338 (0x50350513) addi a0, a0, 1283
x10 <- 0x0000B503


mem[X,0x8002E33C] -> 0x0593
mem[X,0x8002E33E] -> 0x0040
[4533] [M]: 0x8002E33C (0x00400593) addi a1, zero, 4
x11 <- 0x00000004


mem[X,0x8002E340] -> 0x0213
mem[X,0x8002E342] -> 0x0000
[4534] [M]: 0x8002E340 (0x00000213) addi tp, zero, 0
x4 <- 0x00000000


mem[X,0x8002E344] -> 0x006F
mem[X,0x8002E346] -> 0x00C0
[4535] [M]: 0x8002E344 (0x00C0006F) jal zero, 12


mem[X,0x8002E350] -> 0x6663
mem[X,0x8002E352] -> 0x00B5
[4536] [M]: 0x8002E350 (0x00B56663) bltu a0, a1, 12


mem[X,0x8002E354] -> 0x0213
mem[X,0x8002E356] -> 0x0022
[4537] [M]: 0x8002E354 (0x00220213) addi tp, tp, 2
x4 <- 0x00000002


mem[X,0x8002E358] -> 0x006F
mem[X,0x8002E35A] -> 0x00C0
[4538] [M]: 0x8002E358 (0x00C0006F) jal zero, 12


mem[X,0x8002E364] -> 0xA423
mem[X,0x8002E366] -> 0x7240
[4539] [M]: 0x8002E364 (0x7240A423) sw tp, 1832(ra)
mem[0x8004C89C] <- 0x00000002


mem[X,0x8002E368] -> 0xB537
mem[X,0x8002E36A] -> 0x0000
[4540] [M]: 0x8002E368 (0x0000B537) lui a0, 11
x10 <- 0x0000B000


mem[X,0x8002E36C] -> 0x0513
mem[X,0x8002E36E] -> 0x5035
[4541] [M]: 0x8002E36C (0x50350513) addi a0, a0, 1283
x10 <- 0x0000B503


mem[X,0x8002E370] -> 0x35B7
mem[X,0x8002E372] -> 0x3333
[4542] [M]: 0x8002E370 (0x333335B7) lui a1, 209715
x11 <- 0x33333000


mem[X,0x8002E374] -> 0x8593
mem[X,0x8002E376] -> 0x3325
[4543] [M]: 0x8002E374 (0x33258593) addi a1, a1, 818
x11 <- 0x33333332


mem[X,0x8002E378] -> 0x0213
mem[X,0x8002E37A] -> 0x0000
[4544] [M]: 0x8002E378 (0x00000213) addi tp, zero, 0
x4 <- 0x00000000


mem[X,0x8002E37C] -> 0x006F
mem[X,0x8002E37E] -> 0x00C0
[4545] [M]: 0x8002E37C (0x00C0006F) jal zero, 12


mem[X,0x8002E388] -> 0x6063
mem[X,0x8002E38A] -> 0x10B5
[4546] [M]: 0x8002E388 (0x10B56063) bltu a0, a1, 256


mem[X,0x8002E488] -> 0x0213
mem[X,0x8002E48A] -> 0x0032
[4547] [M]: 0x8002E488 (0x00320213) addi tp, tp, 3
x4 <- 0x00000003


mem[X,0x8002E48C] -> 0x006F
mem[X,0x8002E48E] -> 0x0040
[4548] [M]: 0x8002E48C (0x0040006F) jal zero, 4


mem[X,0x8002E490] -> 0xA623
mem[X,0x8002E492] -> 0x7240
[4549] [M]: 0x8002E490 (0x7240A623) sw tp, 1836(ra)
mem[0x8004C8A0] <- 0x00000003


mem[X,0x8002E494] -> 0xB537
mem[X,0x8002E496] -> 0x0000
[4550] [M]: 0x8002E494 (0x0000B537) lui a0, 11
x10 <- 0x0000B000


mem[X,0x8002E498] -> 0x0513
mem[X,0x8002E49A] -> 0x5035
[4551] [M]: 0x8002E498 (0x50350513) addi a0, a0, 1283
x10 <- 0x0000B503


mem[X,0x8002E49C] -> 0x65B7
mem[X,0x8002E49E] -> 0x6666
[4552] [M]: 0x8002E49C (0x666665B7) lui a1, 419430
x11 <- 0x66666000


mem[X,0x8002E4A0] -> 0x8593
mem[X,0x8002E4A2] -> 0x6655
[4553] [M]: 0x8002E4A0 (0x66558593) addi a1, a1, 1637
x11 <- 0x66666665


mem[X,0x8002E4A4] -> 0x0213
mem[X,0x8002E4A6] -> 0x0000
[4554] [M]: 0x8002E4A4 (0x00000213) addi tp, zero, 0
x4 <- 0x00000000


mem[X,0x8002E4A8] -> 0x006F
mem[X,0x8002E4AA] -> 0x00C0
[4555] [M]: 0x8002E4A8 (0x00C0006F) jal zero, 12


mem[X,0x8002E4B4] -> 0x6663
mem[X,0x8002E4B6] -> 0x00B5
[4556] [M]: 0x8002E4B4 (0x00B56663) bltu a0, a1, 12


mem[X,0x8002E4C0] -> 0x0213
mem[X,0x8002E4C2] -> 0x0032
[4557] [M]: 0x8002E4C0 (0x00320213) addi tp, tp, 3
x4 <- 0x00000003


mem[X,0x8002E4C4] -> 0x006F
mem[X,0x8002E4C6] -> 0x0040
[4558] [M]: 0x8002E4C4 (0x0040006F) jal zero, 4


mem[X,0x8002E4C8] -> 0xA823
mem[X,0x8002E4CA] -> 0x7240
[4559] [M]: 0x8002E4C8 (0x7240A823) sw tp, 1840(ra)
mem[0x8004C8A4] <- 0x00000003


mem[X,0x8002E4CC] -> 0xB537
mem[X,0x8002E4CE] -> 0x0000
[4560] [M]: 0x8002E4CC (0x0000B537) lui a0, 11
x10 <- 0x0000B000


mem[X,0x8002E4D0] -> 0x0513
mem[X,0x8002E4D2] -> 0x5035
[4561] [M]: 0x8002E4D0 (0x50350513) addi a0, a0, 1283
x10 <- 0x0000B503


mem[X,0x8002E4D4] -> 0xB5B7
mem[X,0x8002E4D6] -> 0x0000
[4562] [M]: 0x8002E4D4 (0x0000B5B7) lui a1, 11
x11 <- 0x0000B000


mem[X,0x8002E4D8] -> 0x8593
mem[X,0x8002E4DA] -> 0x5035
[4563] [M]: 0x8002E4D8 (0x50358593) addi a1, a1, 1283
x11 <- 0x0000B503


mem[X,0x8002E4DC] -> 0x0213
mem[X,0x8002E4DE] -> 0x0000
[4564] [M]: 0x8002E4DC (0x00000213) addi tp, zero, 0
x4 <- 0x00000000


mem[X,0x8002E4E0] -> 0x006F
mem[X,0x8002E4E2] -> 0x2B10
[4565] [M]: 0x8002E4E0 (0x2B10006F) jal zero, 2736


mem[X,0x8002EF90] -> 0x6A63
mem[X,0x8002EF92] -> 0xD4B5
[4566] [M]: 0x8002EF90 (0xD4B56A63) bltu a0, a1, 5460


mem[X,0x8002EF94] -> 0x0213
mem[X,0x8002EF96] -> 0x0022
[4567] [M]: 0x8002EF94 (0x00220213) addi tp, tp, 2
x4 <- 0x00000002


mem[X,0x8002EF98] -> 0x006F
mem[X,0x8002EF9A] -> 0x00C0
[4568] [M]: 0x8002EF98 (0x00C0006F) jal zero, 12


mem[X,0x8002EFA4] -> 0xAA23
mem[X,0x8002EFA6] -> 0x7240
[4569] [M]: 0x8002EFA4 (0x7240AA23) sw tp, 1844(ra)
mem[0x8004C8A8] <- 0x00000002


mem[X,0x8002EFA8] -> 0xB537
mem[X,0x8002EFAA] -> 0x0000
[4570] [M]: 0x8002EFA8 (0x0000B537) lui a0, 11
x10 <- 0x0000B000


mem[X,0x8002EFAC] -> 0x0513
mem[X,0x8002EFAE] -> 0x5035
[4571] [M]: 0x8002EFAC (0x50350513) addi a0, a0, 1283
x10 <- 0x0000B503


mem[X,0x8002EFB0] -> 0x05B7
mem[X,0x8002EFB2] -> 0x0001
[4572] [M]: 0x8002EFB0 (0x000105B7) lui a1, 16
x11 <- 0x00010000


mem[X,0x8002EFB4] -> 0x8593
mem[X,0x8002EFB6] -> 0xFFE5
[4573] [M]: 0x8002EFB4 (0xFFE58593) addi a1, a1, 4094
x11 <- 0x0000FFFE


mem[X,0x8002EFB8] -> 0x0213
mem[X,0x8002EFBA] -> 0x0000
[4574] [M]: 0x8002EFB8 (0x00000213) addi tp, zero, 0
x4 <- 0x00000000


mem[X,0x8002EFBC] -> 0x006F
mem[X,0x8002EFBE] -> 0x0100
[4575] [M]: 0x8002EFBC (0x0100006F) jal zero, 16


mem[X,0x8002EFCC] -> 0x6AE3
mem[X,0x8002EFCE] -> 0xFEB5
[4576] [M]: 0x8002EFCC (0xFEB56AE3) bltu a0, a1, 8180


mem[X,0x8002EFC0] -> 0x0213
mem[X,0x8002EFC2] -> 0x0012
[4577] [M]: 0x8002EFC0 (0x00120213) addi tp, tp, 1
x4 <- 0x00000001


mem[X,0x8002EFC4] -> 0x006F
mem[X,0x8002EFC6] -> 0x01C0
[4578] [M]: 0x8002EFC4 (0x01C0006F) jal zero, 28


mem[X,0x8002EFE0] -> 0xAC23
mem[X,0x8002EFE2] -> 0x7240
[4579] [M]: 0x8002EFE0 (0x7240AC23) sw tp, 1848(ra)
mem[0x8004C8AC] <- 0x00000001


mem[X,0x8002EFE4] -> 0xB537
mem[X,0x8002EFE6] -> 0x0000
[4580] [M]: 0x8002EFE4 (0x0000B537) lui a0, 11
x10 <- 0x0000B000


mem[X,0x8002EFE8] -> 0x0513
mem[X,0x8002EFEA] -> 0x5035
[4581] [M]: 0x8002EFE8 (0x50350513) addi a0, a0, 1283
x10 <- 0x0000B503


mem[X,0x8002EFEC] -> 0x55B7
mem[X,0x8002EFEE] -> 0x5555
[4582] [M]: 0x8002EFEC (0x555555B7) lui a1, 349525
x11 <- 0x55555000


mem[X,0x8002EFF0] -> 0x8593
mem[X,0x8002EFF2] -> 0x5565
[4583] [M]: 0x8002EFF0 (0x55658593) addi a1, a1, 1366
x11 <- 0x55555556


mem[X,0x8002EFF4] -> 0x0213
mem[X,0x8002EFF6] -> 0x0000
[4584] [M]: 0x8002EFF4 (0x00000213) addi tp, zero, 0
x4 <- 0x00000000


mem[X,0x8002EFF8] -> 0x006F
mem[X,0x8002EFFA] -> 0x00C0
[4585] [M]: 0x8002EFF8 (0x00C0006F) jal zero, 12


mem[X,0x8002F004] -> 0x6663
mem[X,0x8002F006] -> 0x00B5
[4586] [M]: 0x8002F004 (0x00B56663) bltu a0, a1, 12


mem[X,0x8002F010] -> 0x0213
mem[X,0x8002F012] -> 0x0032
[4587] [M]: 0x8002F010 (0x00320213) addi tp, tp, 3
x4 <- 0x00000003


mem[X,0x8002F014] -> 0x006F
mem[X,0x8002F016] -> 0x0040
[4588] [M]: 0x8002F014 (0x0040006F) jal zero, 4


mem[X,0x8002F018] -> 0xAE23
mem[X,0x8002F01A] -> 0x7240
[4589] [M]: 0x8002F018 (0x7240AE23) sw tp, 1852(ra)
mem[0x8004C8B0] <- 0x00000003


mem[X,0x8002F01C] -> 0xB537
mem[X,0x8002F01E] -> 0x0000
[4590] [M]: 0x8002F01C (0x0000B537) lui a0, 11
x10 <- 0x0000B000


mem[X,0x8002F020] -> 0x0513
mem[X,0x8002F022] -> 0x5035
[4591] [M]: 0x8002F020 (0x50350513) addi a0, a0, 1283
x10 <- 0x0000B503


mem[X,0x8002F024] -> 0xB5B7
mem[X,0x8002F026] -> 0xAAAA
[4592] [M]: 0x8002F024 (0xAAAAB5B7) lui a1, 699051
x11 <- 0xAAAAB000


mem[X,0x8002F028] -> 0x8593
mem[X,0x8002F02A] -> 0xAAB5
[4593] [M]: 0x8002F028 (0xAAB58593) addi a1, a1, 2731
x11 <- 0xAAAAAAAB


mem[X,0x8002F02C] -> 0x0213
mem[X,0x8002F02E] -> 0x0000
[4594] [M]: 0x8002F02C (0x00000213) addi tp, zero, 0
x4 <- 0x00000000


mem[X,0x8002F030] -> 0x006F
mem[X,0x8002F032] -> 0x00C0
[4595] [M]: 0x8002F030 (0x00C0006F) jal zero, 12


mem[X,0x8002F03C] -> 0x6CE3
mem[X,0x8002F03E] -> 0xFEB5
[4596] [M]: 0x8002F03C (0xFEB56CE3) bltu a0, a1, 8184


mem[X,0x8002F034] -> 0x0213
mem[X,0x8002F036] -> 0x0012
[4597] [M]: 0x8002F034 (0x00120213) addi tp, tp, 1
x4 <- 0x00000001


mem[X,0x8002F038] -> 0x006F
mem[X,0x8002F03A] -> 0x0180
[4598] [M]: 0x8002F038 (0x0180006F) jal zero, 24


mem[X,0x8002F050] -> 0xA023
mem[X,0x8002F052] -> 0x7440
[4599] [M]: 0x8002F050 (0x7440A023) sw tp, 1856(ra)
mem[0x8004C8B4] <- 0x00000001


clint::tick mtime <- 0x000000000000002E
 clint timer pending at mtime 0x000000000000002E
htif::tick 0x0000000000000000
mem[X,0x8002F054] -> 0xB537
mem[X,0x8002F056] -> 0x0000
[4600] [M]: 0x8002F054 (0x0000B537) lui a0, 11
x10 <- 0x0000B000


mem[X,0x8002F058] -> 0x0513
mem[X,0x8002F05A] -> 0x5035
[4601] [M]: 0x8002F058 (0x50350513) addi a0, a0, 1283
x10 <- 0x0000B503


mem[X,0x8002F05C] -> 0x0593
mem[X,0x8002F05E] -> 0x0060
[4602] [M]: 0x8002F05C (0x00600593) addi a1, zero, 6
x11 <- 0x00000006


mem[X,0x8002F060] -> 0x0213
mem[X,0x8002F062] -> 0x0000
[4603] [M]: 0x8002F060 (0x00000213) addi tp, zero, 0
x4 <- 0x00000000


mem[X,0x8002F064] -> 0x006F
mem[X,0x8002F066] -> 0x00C0
[4604] [M]: 0x8002F064 (0x00C0006F) jal zero, 12


mem[X,0x8002F070] -> 0x6063
mem[X,0x8002F072] -> 0x40B5
[4605] [M]: 0x8002F070 (0x40B56063) bltu a0, a1, 1024


mem[X,0x8002F074] -> 0x0213
mem[X,0x8002F076] -> 0x0022
[4606] [M]: 0x8002F074 (0x00220213) addi tp, tp, 2
x4 <- 0x00000002


mem[X,0x8002F078] -> 0x006F
mem[X,0x8002F07A] -> 0x4000
[4607] [M]: 0x8002F078 (0x4000006F) jal zero, 1024


mem[X,0x8002F478] -> 0xA223
mem[X,0x8002F47A] -> 0x7440
[4608] [M]: 0x8002F478 (0x7440A223) sw tp, 1860(ra)
mem[0x8004C8B8] <- 0x00000002


mem[X,0x8002F47C] -> 0xB537
mem[X,0x8002F47E] -> 0x0000
[4609] [M]: 0x8002F47C (0x0000B537) lui a0, 11
x10 <- 0x0000B000


mem[X,0x8002F480] -> 0x0513
mem[X,0x8002F482] -> 0x5035
[4610] [M]: 0x8002F480 (0x50350513) addi a0, a0, 1283
x10 <- 0x0000B503


mem[X,0x8002F484] -> 0x35B7
mem[X,0x8002F486] -> 0x3333
[4611] [M]: 0x8002F484 (0x333335B7) lui a1, 209715
x11 <- 0x33333000


mem[X,0x8002F488] -> 0x8593
mem[X,0x8002F48A] -> 0x3345
[4612] [M]: 0x8002F488 (0x33458593) addi a1, a1, 820
x11 <- 0x33333334


mem[X,0x8002F48C] -> 0x0213
mem[X,0x8002F48E] -> 0x0000
[4613] [M]: 0x8002F48C (0x00000213) addi tp, zero, 0
x4 <- 0x00000000


mem[X,0x8002F490] -> 0x006F
mem[X,0x8002F492] -> 0x00C0
[4614] [M]: 0x8002F490 (0x00C0006F) jal zero, 12


mem[X,0x8002F49C] -> 0x6CE3
mem[X,0x8002F49E] -> 0xFEB5
[4615] [M]: 0x8002F49C (0xFEB56CE3) bltu a0, a1, 8184


mem[X,0x8002F494] -> 0x0213
mem[X,0x8002F496] -> 0x0012
[4616] [M]: 0x8002F494 (0x00120213) addi tp, tp, 1
x4 <- 0x00000001


mem[X,0x8002F498] -> 0x006F
mem[X,0x8002F49A] -> 0x0180
[4617] [M]: 0x8002F498 (0x0180006F) jal zero, 24


mem[X,0x8002F4B0] -> 0xA423
mem[X,0x8002F4B2] -> 0x7440
[4618] [M]: 0x8002F4B0 (0x7440A423) sw tp, 1864(ra)
mem[0x8004C8BC] <- 0x00000001


mem[X,0x8002F4B4] -> 0xB537
mem[X,0x8002F4B6] -> 0x0000
[4619] [M]: 0x8002F4B4 (0x0000B537) lui a0, 11
x10 <- 0x0000B000


mem[X,0x8002F4B8] -> 0x0513
mem[X,0x8002F4BA] -> 0x5035
[4620] [M]: 0x8002F4B8 (0x50350513) addi a0, a0, 1283
x10 <- 0x0000B503


mem[X,0x8002F4BC] -> 0x65B7
mem[X,0x8002F4BE] -> 0x6666
[4621] [M]: 0x8002F4BC (0x666665B7) lui a1, 419430
x11 <- 0x66666000


mem[X,0x8002F4C0] -> 0x8593
mem[X,0x8002F4C2] -> 0x6675
[4622] [M]: 0x8002F4C0 (0x66758593) addi a1, a1, 1639
x11 <- 0x66666667


mem[X,0x8002F4C4] -> 0x0213
mem[X,0x8002F4C6] -> 0x0000
[4623] [M]: 0x8002F4C4 (0x00000213) addi tp, zero, 0
x4 <- 0x00000000


mem[X,0x8002F4C8] -> 0x006F
mem[X,0x8002F4CA] -> 0x00C0
[4624] [M]: 0x8002F4C8 (0x00C0006F) jal zero, 12


mem[X,0x8002F4D4] -> 0x6663
mem[X,0x8002F4D6] -> 0x00B5
[4625] [M]: 0x8002F4D4 (0x00B56663) bltu a0, a1, 12


mem[X,0x8002F4E0] -> 0x0213
mem[X,0x8002F4E2] -> 0x0032
[4626] [M]: 0x8002F4E0 (0x00320213) addi tp, tp, 3
x4 <- 0x00000003


mem[X,0x8002F4E4] -> 0x006F
mem[X,0x8002F4E6] -> 0x0040
[4627] [M]: 0x8002F4E4 (0x0040006F) jal zero, 4


mem[X,0x8002F4E8] -> 0xA623
mem[X,0x8002F4EA] -> 0x7440
[4628] [M]: 0x8002F4E8 (0x7440A623) sw tp, 1868(ra)
mem[0x8004C8C0] <- 0x00000003


mem[X,0x8002F4EC] -> 0xB537
mem[X,0x8002F4EE] -> 0x0000
[4629] [M]: 0x8002F4EC (0x0000B537) lui a0, 11
x10 <- 0x0000B000


mem[X,0x8002F4F0] -> 0x0513
mem[X,0x8002F4F2] -> 0x5035
[4630] [M]: 0x8002F4F0 (0x50350513) addi a0, a0, 1283
x10 <- 0x0000B503


mem[X,0x8002F4F4] -> 0xB5B7
mem[X,0x8002F4F6] -> 0x0000
[4631] [M]: 0x8002F4F4 (0x0000B5B7) lui a1, 11
x11 <- 0x0000B000


mem[X,0x8002F4F8] -> 0x8593
mem[X,0x8002F4FA] -> 0x5055
[4632] [M]: 0x8002F4F8 (0x50558593) addi a1, a1, 1285
x11 <- 0x0000B505


mem[X,0x8002F4FC] -> 0x0213
mem[X,0x8002F4FE] -> 0x0000
[4633] [M]: 0x8002F4FC (0x00000213) addi tp, zero, 0
x4 <- 0x00000000


mem[X,0x8002F500] -> 0x006F
mem[X,0x8002F502] -> 0x00C0
[4634] [M]: 0x8002F500 (0x00C0006F) jal zero, 12


mem[X,0x8002F50C] -> 0x6063
mem[X,0x8002F50E] -> 0x40B5
[4635] [M]: 0x8002F50C (0x40B56063) bltu a0, a1, 1024


mem[X,0x8002F90C] -> 0x0213
mem[X,0x8002F90E] -> 0x0032
[4636] [M]: 0x8002F90C (0x00320213) addi tp, tp, 3
x4 <- 0x00000003


mem[X,0x8002F910] -> 0x006F
mem[X,0x8002F912] -> 0x0040
[4637] [M]: 0x8002F910 (0x0040006F) jal zero, 4


mem[X,0x8002F914] -> 0xA823
mem[X,0x8002F916] -> 0x7440
[4638] [M]: 0x8002F914 (0x7440A823) sw tp, 1872(ra)
mem[0x8004C8C4] <- 0x00000003


mem[X,0x8002F918] -> 0xB537
mem[X,0x8002F91A] -> 0x0000
[4639] [M]: 0x8002F918 (0x0000B537) lui a0, 11
x10 <- 0x0000B000


mem[X,0x8002F91C] -> 0x0513
mem[X,0x8002F91E] -> 0x5035
[4640] [M]: 0x8002F91C (0x50350513) addi a0, a0, 1283
x10 <- 0x0000B503


mem[X,0x8002F920] -> 0x0593
mem[X,0x8002F922] -> 0x0010
[4641] [M]: 0x8002F920 (0x00100593) addi a1, zero, 1
x11 <- 0x00000001


mem[X,0x8002F924] -> 0x0213
mem[X,0x8002F926] -> 0x0000
[4642] [M]: 0x8002F924 (0x00000213) addi tp, zero, 0
x4 <- 0x00000000


mem[X,0x8002F928] -> 0x006F
mem[X,0x8002F92A] -> 0x0140
[4643] [M]: 0x8002F928 (0x0140006F) jal zero, 20


mem[X,0x8002F93C] -> 0x68E3
mem[X,0x8002F93E] -> 0xFEB5
[4644] [M]: 0x8002F93C (0xFEB568E3) bltu a0, a1, 8176


mem[X,0x8002F940] -> 0x0213
mem[X,0x8002F942] -> 0x0022
[4645] [M]: 0x8002F940 (0x00220213) addi tp, tp, 2
x4 <- 0x00000002


mem[X,0x8002F944] -> 0x006F
mem[X,0x8002F946] -> 0x00C0
[4646] [M]: 0x8002F944 (0x00C0006F) jal zero, 12


mem[X,0x8002F950] -> 0xAA23
mem[X,0x8002F952] -> 0x7440
[4647] [M]: 0x8002F950 (0x7440AA23) sw tp, 1876(ra)
mem[0x8004C8C8] <- 0x00000002


mem[X,0x8002F954] -> 0xB537
mem[X,0x8002F956] -> 0x0000
[4648] [M]: 0x8002F954 (0x0000B537) lui a0, 11
x10 <- 0x0000B000


mem[X,0x8002F958] -> 0x0513
mem[X,0x8002F95A] -> 0x5035
[4649] [M]: 0x8002F958 (0x50350513) addi a0, a0, 1283
x10 <- 0x0000B503


mem[X,0x8002F95C] -> 0x05B7
mem[X,0x8002F95E] -> 0x0001
[4650] [M]: 0x8002F95C (0x000105B7) lui a1, 16
x11 <- 0x00010000


mem[X,0x8002F960] -> 0x0213
mem[X,0x8002F962] -> 0x0000
[4651] [M]: 0x8002F960 (0x00000213) addi tp, zero, 0
x4 <- 0x00000000


mem[X,0x8002F964] -> 0x006F
mem[X,0x8002F966] -> 0x0140
[4652] [M]: 0x8002F964 (0x0140006F) jal zero, 20


mem[X,0x8002F978] -> 0x68E3
mem[X,0x8002F97A] -> 0xFEB5
[4653] [M]: 0x8002F978 (0xFEB568E3) bltu a0, a1, 8176


mem[X,0x8002F968] -> 0x0213
mem[X,0x8002F96A] -> 0x0012
[4654] [M]: 0x8002F968 (0x00120213) addi tp, tp, 1
x4 <- 0x00000001


mem[X,0x8002F96C] -> 0x006F
mem[X,0x8002F96E] -> 0x0200
[4655] [M]: 0x8002F96C (0x0200006F) jal zero, 32


mem[X,0x8002F98C] -> 0xAC23
mem[X,0x8002F98E] -> 0x7440
[4656] [M]: 0x8002F98C (0x7440AC23) sw tp, 1880(ra)
mem[0x8004C8CC] <- 0x00000001


mem[X,0x8002F990] -> 0x0537
mem[X,0x8002F992] -> 0x0001
[4657] [M]: 0x8002F990 (0x00010537) lui a0, 16
x10 <- 0x00010000


mem[X,0x8002F994] -> 0x0513
mem[X,0x8002F996] -> 0xFFE5
[4658] [M]: 0x8002F994 (0xFFE50513) addi a0, a0, 4094
x10 <- 0x0000FFFE


mem[X,0x8002F998] -> 0x0593
mem[X,0x8002F99A] -> 0x0030
[4659] [M]: 0x8002F998 (0x00300593) addi a1, zero, 3
x11 <- 0x00000003


mem[X,0x8002F99C] -> 0x0213
mem[X,0x8002F99E] -> 0x0000
[4660] [M]: 0x8002F99C (0x00000213) addi tp, zero, 0
x4 <- 0x00000000


mem[X,0x8002F9A0] -> 0x006F
mem[X,0x8002F9A2] -> 0x00C0
[4661] [M]: 0x8002F9A0 (0x00C0006F) jal zero, 12


mem[X,0x8002F9AC] -> 0x6863
mem[X,0x8002F9AE] -> 0x00B5
[4662] [M]: 0x8002F9AC (0x00B56863) bltu a0, a1, 16


mem[X,0x8002F9B0] -> 0x0213
mem[X,0x8002F9B2] -> 0x0022
[4663] [M]: 0x8002F9B0 (0x00220213) addi tp, tp, 2
x4 <- 0x00000002


mem[X,0x8002F9B4] -> 0x006F
mem[X,0x8002F9B6] -> 0x0100
[4664] [M]: 0x8002F9B4 (0x0100006F) jal zero, 16


mem[X,0x8002F9C4] -> 0xAE23
mem[X,0x8002F9C6] -> 0x7440
[4665] [M]: 0x8002F9C4 (0x7440AE23) sw tp, 1884(ra)
mem[0x8004C8D0] <- 0x00000002


mem[X,0x8002F9C8] -> 0x0537
mem[X,0x8002F9CA] -> 0x0001
[4666] [M]: 0x8002F9C8 (0x00010537) lui a0, 16
x10 <- 0x00010000


mem[X,0x8002F9CC] -> 0x0513
mem[X,0x8002F9CE] -> 0xFFE5
[4667] [M]: 0x8002F9CC (0xFFE50513) addi a0, a0, 4094
x10 <- 0x0000FFFE


mem[X,0x8002F9D0] -> 0x55B7
mem[X,0x8002F9D2] -> 0x5555
[4668] [M]: 0x8002F9D0 (0x555555B7) lui a1, 349525
x11 <- 0x55555000


mem[X,0x8002F9D4] -> 0x8593
mem[X,0x8002F9D6] -> 0x5555
[4669] [M]: 0x8002F9D4 (0x55558593) addi a1, a1, 1365
x11 <- 0x55555555


mem[X,0x8002F9D8] -> 0x0213
mem[X,0x8002F9DA] -> 0x0000
[4670] [M]: 0x8002F9D8 (0x00000213) addi tp, zero, 0
x4 <- 0x00000000


mem[X,0x8002F9DC] -> 0x006F
mem[X,0x8002F9DE] -> 0x0100
[4671] [M]: 0x8002F9DC (0x0100006F) jal zero, 16


mem[X,0x8002F9EC] -> 0x6AE3
mem[X,0x8002F9EE] -> 0xFEB5
[4672] [M]: 0x8002F9EC (0xFEB56AE3) bltu a0, a1, 8180


mem[X,0x8002F9E0] -> 0x0213
mem[X,0x8002F9E2] -> 0x0012
[4673] [M]: 0x8002F9E0 (0x00120213) addi tp, tp, 1
x4 <- 0x00000001


mem[X,0x8002F9E4] -> 0x006F
mem[X,0x8002F9E6] -> 0x01C0
[4674] [M]: 0x8002F9E4 (0x01C0006F) jal zero, 28


mem[X,0x8002FA00] -> 0xA023
mem[X,0x8002FA02] -> 0x7640
[4675] [M]: 0x8002FA00 (0x7640A023) sw tp, 1888(ra)
mem[0x8004C8D4] <- 0x00000001


mem[X,0x8002FA04] -> 0x0537
mem[X,0x8002FA06] -> 0x0001
[4676] [M]: 0x8002FA04 (0x00010537) lui a0, 16
x10 <- 0x00010000


mem[X,0x8002FA08] -> 0x0513
mem[X,0x8002FA0A] -> 0xFFE5
[4677] [M]: 0x8002FA08 (0xFFE50513) addi a0, a0, 4094
x10 <- 0x0000FFFE


mem[X,0x8002FA0C] -> 0xB5B7
mem[X,0x8002FA0E] -> 0xAAAA
[4678] [M]: 0x8002FA0C (0xAAAAB5B7) lui a1, 699051
x11 <- 0xAAAAB000


mem[X,0x8002FA10] -> 0x8593
mem[X,0x8002FA12] -> 0xAAA5
[4679] [M]: 0x8002FA10 (0xAAA58593) addi a1, a1, 2730
x11 <- 0xAAAAAAAA


mem[X,0x8002FA14] -> 0x0213
mem[X,0x8002FA16] -> 0x0000
[4680] [M]: 0x8002FA14 (0x00000213) addi tp, zero, 0
x4 <- 0x00000000


mem[X,0x8002FA18] -> 0x006F
mem[X,0x8002FA1A] -> 0x00C0
[4681] [M]: 0x8002FA18 (0x00C0006F) jal zero, 12


mem[X,0x8002FA24] -> 0x6063
mem[X,0x8002FA26] -> 0x02B5
[4682] [M]: 0x8002FA24 (0x02B56063) bltu a0, a1, 32


mem[X,0x8002FA44] -> 0x0213
mem[X,0x8002FA46] -> 0x0032
[4683] [M]: 0x8002FA44 (0x00320213) addi tp, tp, 3
x4 <- 0x00000003


mem[X,0x8002FA48] -> 0x006F
mem[X,0x8002FA4A] -> 0x0040
[4684] [M]: 0x8002FA48 (0x0040006F) jal zero, 4


mem[X,0x8002FA4C] -> 0xA223
mem[X,0x8002FA4E] -> 0x7640
[4685] [M]: 0x8002FA4C (0x7640A223) sw tp, 1892(ra)
mem[0x8004C8D8] <- 0x00000003


mem[X,0x8002FA50] -> 0x0537
mem[X,0x8002FA52] -> 0x0001
[4686] [M]: 0x8002FA50 (0x00010537) lui a0, 16
x10 <- 0x00010000


mem[X,0x8002FA54] -> 0x0513
mem[X,0x8002FA56] -> 0xFFE5
[4687] [M]: 0x8002FA54 (0xFFE50513) addi a0, a0, 4094
x10 <- 0x0000FFFE


mem[X,0x8002FA58] -> 0x0593
mem[X,0x8002FA5A] -> 0x0050
[4688] [M]: 0x8002FA58 (0x00500593) addi a1, zero, 5
x11 <- 0x00000005


mem[X,0x8002FA5C] -> 0x0213
mem[X,0x8002FA5E] -> 0x0000
[4689] [M]: 0x8002FA5C (0x00000213) addi tp, zero, 0
x4 <- 0x00000000


mem[X,0x8002FA60] -> 0x006F
mem[X,0x8002FA62] -> 0x00C0
[4690] [M]: 0x8002FA60 (0x00C0006F) jal zero, 12


mem[X,0x8002FA6C] -> 0x6CE3
mem[X,0x8002FA6E] -> 0xFEB5
[4691] [M]: 0x8002FA6C (0xFEB56CE3) bltu a0, a1, 8184


mem[X,0x8002FA70] -> 0x0213
mem[X,0x8002FA72] -> 0x0022
[4692] [M]: 0x8002FA70 (0x00220213) addi tp, tp, 2
x4 <- 0x00000002


mem[X,0x8002FA74] -> 0x006F
mem[X,0x8002FA76] -> 0x00C0
[4693] [M]: 0x8002FA74 (0x00C0006F) jal zero, 12


mem[X,0x8002FA80] -> 0xA423
mem[X,0x8002FA82] -> 0x7640
[4694] [M]: 0x8002FA80 (0x7640A423) sw tp, 1896(ra)
mem[0x8004C8DC] <- 0x00000002


mem[X,0x8002FA84] -> 0x0537
mem[X,0x8002FA86] -> 0x0001
[4695] [M]: 0x8002FA84 (0x00010537) lui a0, 16
x10 <- 0x00010000


mem[X,0x8002FA88] -> 0x0513
mem[X,0x8002FA8A] -> 0xFFE5
[4696] [M]: 0x8002FA88 (0xFFE50513) addi a0, a0, 4094
x10 <- 0x0000FFFE


mem[X,0x8002FA8C] -> 0x35B7
mem[X,0x8002FA8E] -> 0x3333
[4697] [M]: 0x8002FA8C (0x333335B7) lui a1, 209715
x11 <- 0x33333000


mem[X,0x8002FA90] -> 0x8593
mem[X,0x8002FA92] -> 0x3335
[4698] [M]: 0x8002FA90 (0x33358593) addi a1, a1, 819
x11 <- 0x33333333


mem[X,0x8002FA94] -> 0x0213
mem[X,0x8002FA96] -> 0x0000
[4699] [M]: 0x8002FA94 (0x00000213) addi tp, zero, 0
x4 <- 0x00000000


clint::tick mtime <- 0x000000000000002F
 clint timer pending at mtime 0x000000000000002F
htif::tick 0x0000000000000000
mem[X,0x8002FA98] -> 0x006F
mem[X,0x8002FA9A] -> 0x00C0
[4700] [M]: 0x8002FA98 (0x00C0006F) jal zero, 12


mem[X,0x8002FAA4] -> 0x6CE3
mem[X,0x8002FAA6] -> 0xFEB5
[4701] [M]: 0x8002FAA4 (0xFEB56CE3) bltu a0, a1, 8184


mem[X,0x8002FA9C] -> 0x0213
mem[X,0x8002FA9E] -> 0x0012
[4702] [M]: 0x8002FA9C (0x00120213) addi tp, tp, 1
x4 <- 0x00000001


mem[X,0x8002FAA0] -> 0x006F
mem[X,0x8002FAA2] -> 0x0180
[4703] [M]: 0x8002FAA0 (0x0180006F) jal zero, 24


mem[X,0x8002FAB8] -> 0xA623
mem[X,0x8002FABA] -> 0x7640
[4704] [M]: 0x8002FAB8 (0x7640A623) sw tp, 1900(ra)
mem[0x8004C8E0] <- 0x00000001


mem[X,0x8002FABC] -> 0x0537
mem[X,0x8002FABE] -> 0x0001
[4705] [M]: 0x8002FABC (0x00010537) lui a0, 16
x10 <- 0x00010000


mem[X,0x8002FAC0] -> 0x0513
mem[X,0x8002FAC2] -> 0xFFE5
[4706] [M]: 0x8002FAC0 (0xFFE50513) addi a0, a0, 4094
x10 <- 0x0000FFFE


mem[X,0x8002FAC4] -> 0x65B7
mem[X,0x8002FAC6] -> 0x6666
[4707] [M]: 0x8002FAC4 (0x666665B7) lui a1, 419430
x11 <- 0x66666000


mem[X,0x8002FAC8] -> 0x8593
mem[X,0x8002FACA] -> 0x6665
[4708] [M]: 0x8002FAC8 (0x66658593) addi a1, a1, 1638
x11 <- 0x66666666


mem[X,0x8002FACC] -> 0x0213
mem[X,0x8002FACE] -> 0x0000
[4709] [M]: 0x8002FACC (0x00000213) addi tp, zero, 0
x4 <- 0x00000000


mem[X,0x8002FAD0] -> 0x006F
mem[X,0x8002FAD2] -> 0x00C0
[4710] [M]: 0x8002FAD0 (0x00C0006F) jal zero, 12


mem[X,0x8002FADC] -> 0x6CE3
mem[X,0x8002FADE] -> 0xFEB5
[4711] [M]: 0x8002FADC (0xFEB56CE3) bltu a0, a1, 8184


mem[X,0x8002FAD4] -> 0x0213
mem[X,0x8002FAD6] -> 0x0012
[4712] [M]: 0x8002FAD4 (0x00120213) addi tp, tp, 1
x4 <- 0x00000001


mem[X,0x8002FAD8] -> 0x006F
mem[X,0x8002FADA] -> 0x0180
[4713] [M]: 0x8002FAD8 (0x0180006F) jal zero, 24


mem[X,0x8002FAF0] -> 0xA823
mem[X,0x8002FAF2] -> 0x7640
[4714] [M]: 0x8002FAF0 (0x7640A823) sw tp, 1904(ra)
mem[0x8004C8E4] <- 0x00000001


mem[X,0x8002FAF4] -> 0x0537
mem[X,0x8002FAF6] -> 0x0001
[4715] [M]: 0x8002FAF4 (0x00010537) lui a0, 16
x10 <- 0x00010000


mem[X,0x8002FAF8] -> 0x0513
mem[X,0x8002FAFA] -> 0xFFE5
[4716] [M]: 0x8002FAF8 (0xFFE50513) addi a0, a0, 4094
x10 <- 0x0000FFFE


mem[X,0x8002FAFC] -> 0xB5B7
mem[X,0x8002FAFE] -> 0x0000
[4717] [M]: 0x8002FAFC (0x0000B5B7) lui a1, 11
x11 <- 0x0000B000


mem[X,0x8002FB00] -> 0x8593
mem[X,0x8002FB02] -> 0x5045
[4718] [M]: 0x8002FB00 (0x50458593) addi a1, a1, 1284
x11 <- 0x0000B504


mem[X,0x8002FB04] -> 0x0213
mem[X,0x8002FB06] -> 0x0000
[4719] [M]: 0x8002FB04 (0x00000213) addi tp, zero, 0
x4 <- 0x00000000


mem[X,0x8002FB08] -> 0x006F
mem[X,0x8002FB0A] -> 0x00C0
[4720] [M]: 0x8002FB08 (0x00C0006F) jal zero, 12


mem[X,0x8002FB14] -> 0x6663
mem[X,0x8002FB16] -> 0x00B5
[4721] [M]: 0x8002FB14 (0x00B56663) bltu a0, a1, 12


mem[X,0x8002FB18] -> 0x0213
mem[X,0x8002FB1A] -> 0x0022
[4722] [M]: 0x8002FB18 (0x00220213) addi tp, tp, 2
x4 <- 0x00000002


mem[X,0x8002FB1C] -> 0x006F
mem[X,0x8002FB1E] -> 0x00C0
[4723] [M]: 0x8002FB1C (0x00C0006F) jal zero, 12


mem[X,0x8002FB28] -> 0xAA23
mem[X,0x8002FB2A] -> 0x7640
[4724] [M]: 0x8002FB28 (0x7640AA23) sw tp, 1908(ra)
mem[0x8004C8E8] <- 0x00000002


mem[X,0x8002FB2C] -> 0x0537
mem[X,0x8002FB2E] -> 0x0001
[4725] [M]: 0x8002FB2C (0x00010537) lui a0, 16
x10 <- 0x00010000


mem[X,0x8002FB30] -> 0x0513
mem[X,0x8002FB32] -> 0xFFE5
[4726] [M]: 0x8002FB30 (0xFFE50513) addi a0, a0, 4094
x10 <- 0x0000FFFE


mem[X,0x8002FB34] -> 0x0593
mem[X,0x8002FB36] -> 0x0000
[4727] [M]: 0x8002FB34 (0x00000593) addi a1, zero, 0
x11 <- 0x00000000


mem[X,0x8002FB38] -> 0x0213
mem[X,0x8002FB3A] -> 0x0000
[4728] [M]: 0x8002FB38 (0x00000213) addi tp, zero, 0
x4 <- 0x00000000


mem[X,0x8002FB3C] -> 0x006F
mem[X,0x8002FB3E] -> 0x00C0
[4729] [M]: 0x8002FB3C (0x00C0006F) jal zero, 12


mem[X,0x8002FB48] -> 0x6663
mem[X,0x8002FB4A] -> 0x00B5
[4730] [M]: 0x8002FB48 (0x00B56663) bltu a0, a1, 12


mem[X,0x8002FB4C] -> 0x0213
mem[X,0x8002FB4E] -> 0x0022
[4731] [M]: 0x8002FB4C (0x00220213) addi tp, tp, 2
x4 <- 0x00000002


mem[X,0x8002FB50] -> 0x006F
mem[X,0x8002FB52] -> 0x00C0
[4732] [M]: 0x8002FB50 (0x00C0006F) jal zero, 12


mem[X,0x8002FB5C] -> 0xAC23
mem[X,0x8002FB5E] -> 0x7640
[4733] [M]: 0x8002FB5C (0x7640AC23) sw tp, 1912(ra)
mem[0x8004C8EC] <- 0x00000002


mem[X,0x8002FB60] -> 0x0537
mem[X,0x8002FB62] -> 0x0001
[4734] [M]: 0x8002FB60 (0x00010537) lui a0, 16
x10 <- 0x00010000


mem[X,0x8002FB64] -> 0x0513
mem[X,0x8002FB66] -> 0xFFE5
[4735] [M]: 0x8002FB64 (0xFFE50513) addi a0, a0, 4094
x10 <- 0x0000FFFE


mem[X,0x8002FB68] -> 0x05B7
mem[X,0x8002FB6A] -> 0x0001
[4736] [M]: 0x8002FB68 (0x000105B7) lui a1, 16
x11 <- 0x00010000


mem[X,0x8002FB6C] -> 0x8593
mem[X,0x8002FB6E] -> 0xFFF5
[4737] [M]: 0x8002FB6C (0xFFF58593) addi a1, a1, 4095
x11 <- 0x0000FFFF


mem[X,0x8002FB70] -> 0x0213
mem[X,0x8002FB72] -> 0x0000
[4738] [M]: 0x8002FB70 (0x00000213) addi tp, zero, 0
x4 <- 0x00000000


mem[X,0x8002FB74] -> 0x006F
mem[X,0x8002FB76] -> 0x2B10
[4739] [M]: 0x8002FB74 (0x2B10006F) jal zero, 2736


mem[X,0x80030624] -> 0x6A63
mem[X,0x80030626] -> 0xD4B5
[4740] [M]: 0x80030624 (0xD4B56A63) bltu a0, a1, 5460


mem[X,0x8002FB78] -> 0x0213
mem[X,0x8002FB7A] -> 0x0012
[4741] [M]: 0x8002FB78 (0x00120213) addi tp, tp, 1
x4 <- 0x00000001


mem[X,0x8002FB7C] -> 0x006F
mem[X,0x8002FB7E] -> 0x2BD0
[4742] [M]: 0x8002FB7C (0x2BD0006F) jal zero, 2748


mem[X,0x80030638] -> 0xAE23
mem[X,0x8003063A] -> 0x7640
[4743] [M]: 0x80030638 (0x7640AE23) sw tp, 1916(ra)
mem[0x8004C8F0] <- 0x00000001


mem[X,0x8003063C] -> 0x0537
mem[X,0x8003063E] -> 0x0001
[4744] [M]: 0x8003063C (0x00010537) lui a0, 16
x10 <- 0x00010000


mem[X,0x80030640] -> 0x0513
mem[X,0x80030642] -> 0xFFE5
[4745] [M]: 0x80030640 (0xFFE50513) addi a0, a0, 4094
x10 <- 0x0000FFFE


mem[X,0x80030644] -> 0x0593
mem[X,0x80030646] -> 0x0020
[4746] [M]: 0x80030644 (0x00200593) addi a1, zero, 2
x11 <- 0x00000002


mem[X,0x80030648] -> 0x0213
mem[X,0x8003064A] -> 0x0000
[4747] [M]: 0x80030648 (0x00000213) addi tp, zero, 0
x4 <- 0x00000000


mem[X,0x8003064C] -> 0x006F
mem[X,0x8003064E] -> 0x00C0
[4748] [M]: 0x8003064C (0x00C0006F) jal zero, 12


mem[X,0x80030658] -> 0x6663
mem[X,0x8003065A] -> 0x00B5
[4749] [M]: 0x80030658 (0x00B56663) bltu a0, a1, 12


mem[X,0x8003065C] -> 0x0213
mem[X,0x8003065E] -> 0x0022
[4750] [M]: 0x8003065C (0x00220213) addi tp, tp, 2
x4 <- 0x00000002


mem[X,0x80030660] -> 0x006F
mem[X,0x80030662] -> 0x00C0
[4751] [M]: 0x80030660 (0x00C0006F) jal zero, 12


mem[X,0x8003066C] -> 0xA023
mem[X,0x8003066E] -> 0x7840
[4752] [M]: 0x8003066C (0x7840A023) sw tp, 1920(ra)
mem[0x8004C8F4] <- 0x00000002


mem[X,0x80030670] -> 0x0537
mem[X,0x80030672] -> 0x0001
[4753] [M]: 0x80030670 (0x00010537) lui a0, 16
x10 <- 0x00010000


mem[X,0x80030674] -> 0x0513
mem[X,0x80030676] -> 0xFFE5
[4754] [M]: 0x80030674 (0xFFE50513) addi a0, a0, 4094
x10 <- 0x0000FFFE


mem[X,0x80030678] -> 0x55B7
mem[X,0x8003067A] -> 0x5555
[4755] [M]: 0x80030678 (0x555555B7) lui a1, 349525
x11 <- 0x55555000


mem[X,0x8003067C] -> 0x8593
mem[X,0x8003067E] -> 0x5545
[4756] [M]: 0x8003067C (0x55458593) addi a1, a1, 1364
x11 <- 0x55555554


mem[X,0x80030680] -> 0x0213
mem[X,0x80030682] -> 0x0000
[4757] [M]: 0x80030680 (0x00000213) addi tp, zero, 0
x4 <- 0x00000000


mem[X,0x80030684] -> 0x006F
mem[X,0x80030686] -> 0x00C0
[4758] [M]: 0x80030684 (0x00C0006F) jal zero, 12


mem[X,0x80030690] -> 0x6663
mem[X,0x80030692] -> 0x00B5
[4759] [M]: 0x80030690 (0x00B56663) bltu a0, a1, 12


mem[X,0x8003069C] -> 0x0213
mem[X,0x8003069E] -> 0x0032
[4760] [M]: 0x8003069C (0x00320213) addi tp, tp, 3
x4 <- 0x00000003


mem[X,0x800306A0] -> 0x006F
mem[X,0x800306A2] -> 0x0040
[4761] [M]: 0x800306A0 (0x0040006F) jal zero, 4


mem[X,0x800306A4] -> 0xA223
mem[X,0x800306A6] -> 0x7840
[4762] [M]: 0x800306A4 (0x7840A223) sw tp, 1924(ra)
mem[0x8004C8F8] <- 0x00000003


mem[X,0x800306A8] -> 0x0537
mem[X,0x800306AA] -> 0x0001
[4763] [M]: 0x800306A8 (0x00010537) lui a0, 16
x10 <- 0x00010000


mem[X,0x800306AC] -> 0x0513
mem[X,0x800306AE] -> 0xFFE5
[4764] [M]: 0x800306AC (0xFFE50513) addi a0, a0, 4094
x10 <- 0x0000FFFE


mem[X,0x800306B0] -> 0xB5B7
mem[X,0x800306B2] -> 0xAAAA
[4765] [M]: 0x800306B0 (0xAAAAB5B7) lui a1, 699051
x11 <- 0xAAAAB000


mem[X,0x800306B4] -> 0x8593
mem[X,0x800306B6] -> 0xAA95
[4766] [M]: 0x800306B4 (0xAA958593) addi a1, a1, 2729
x11 <- 0xAAAAAAA9


mem[X,0x800306B8] -> 0x0213
mem[X,0x800306BA] -> 0x0000
[4767] [M]: 0x800306B8 (0x00000213) addi tp, zero, 0
x4 <- 0x00000000


mem[X,0x800306BC] -> 0x006F
mem[X,0x800306BE] -> 0x00C0
[4768] [M]: 0x800306BC (0x00C0006F) jal zero, 12


mem[X,0x800306C8] -> 0x6663
mem[X,0x800306CA] -> 0x00B5
[4769] [M]: 0x800306C8 (0x00B56663) bltu a0, a1, 12


mem[X,0x800306D4] -> 0x0213
mem[X,0x800306D6] -> 0x0032
[4770] [M]: 0x800306D4 (0x00320213) addi tp, tp, 3
x4 <- 0x00000003


mem[X,0x800306D8] -> 0x006F
mem[X,0x800306DA] -> 0x0040
[4771] [M]: 0x800306D8 (0x0040006F) jal zero, 4


mem[X,0x800306DC] -> 0xA423
mem[X,0x800306DE] -> 0x7840
[4772] [M]: 0x800306DC (0x7840A423) sw tp, 1928(ra)
mem[0x8004C8FC] <- 0x00000003


mem[X,0x800306E0] -> 0x0537
mem[X,0x800306E2] -> 0x0001
[4773] [M]: 0x800306E0 (0x00010537) lui a0, 16
x10 <- 0x00010000


mem[X,0x800306E4] -> 0x0513
mem[X,0x800306E6] -> 0xFFE5
[4774] [M]: 0x800306E4 (0xFFE50513) addi a0, a0, 4094
x10 <- 0x0000FFFE


mem[X,0x800306E8] -> 0x0593
mem[X,0x800306EA] -> 0x0040
[4775] [M]: 0x800306E8 (0x00400593) addi a1, zero, 4
x11 <- 0x00000004


mem[X,0x800306EC] -> 0x0213
mem[X,0x800306EE] -> 0x0000
[4776] [M]: 0x800306EC (0x00000213) addi tp, zero, 0
x4 <- 0x00000000


mem[X,0x800306F0] -> 0x006F
mem[X,0x800306F2] -> 0x00C0
[4777] [M]: 0x800306F0 (0x00C0006F) jal zero, 12


mem[X,0x800306FC] -> 0x6063
mem[X,0x800306FE] -> 0x40B5
[4778] [M]: 0x800306FC (0x40B56063) bltu a0, a1, 1024


mem[X,0x80030700] -> 0x0213
mem[X,0x80030702] -> 0x0022
[4779] [M]: 0x80030700 (0x00220213) addi tp, tp, 2
x4 <- 0x00000002


mem[X,0x80030704] -> 0x006F
mem[X,0x80030706] -> 0x4000
[4780] [M]: 0x80030704 (0x4000006F) jal zero, 1024


mem[X,0x80030B04] -> 0xA623
mem[X,0x80030B06] -> 0x7840
[4781] [M]: 0x80030B04 (0x7840A623) sw tp, 1932(ra)
mem[0x8004C900] <- 0x00000002


mem[X,0x80030B08] -> 0x0537
mem[X,0x80030B0A] -> 0x0001
[4782] [M]: 0x80030B08 (0x00010537) lui a0, 16
x10 <- 0x00010000


mem[X,0x80030B0C] -> 0x0513
mem[X,0x80030B0E] -> 0xFFE5
[4783] [M]: 0x80030B0C (0xFFE50513) addi a0, a0, 4094
x10 <- 0x0000FFFE


mem[X,0x80030B10] -> 0x35B7
mem[X,0x80030B12] -> 0x3333
[4784] [M]: 0x80030B10 (0x333335B7) lui a1, 209715
x11 <- 0x33333000


mem[X,0x80030B14] -> 0x8593
mem[X,0x80030B16] -> 0x3325
[4785] [M]: 0x80030B14 (0x33258593) addi a1, a1, 818
x11 <- 0x33333332


mem[X,0x80030B18] -> 0x0213
mem[X,0x80030B1A] -> 0x0000
[4786] [M]: 0x80030B18 (0x00000213) addi tp, zero, 0
x4 <- 0x00000000


mem[X,0x80030B1C] -> 0x006F
mem[X,0x80030B1E] -> 0x0140
[4787] [M]: 0x80030B1C (0x0140006F) jal zero, 20


mem[X,0x80030B30] -> 0x68E3
mem[X,0x80030B32] -> 0xFEB5
[4788] [M]: 0x80030B30 (0xFEB568E3) bltu a0, a1, 8176


mem[X,0x80030B20] -> 0x0213
mem[X,0x80030B22] -> 0x0012
[4789] [M]: 0x80030B20 (0x00120213) addi tp, tp, 1
x4 <- 0x00000001


mem[X,0x80030B24] -> 0x006F
mem[X,0x80030B26] -> 0x0200
[4790] [M]: 0x80030B24 (0x0200006F) jal zero, 32


mem[X,0x80030B44] -> 0xA823
mem[X,0x80030B46] -> 0x7840
[4791] [M]: 0x80030B44 (0x7840A823) sw tp, 1936(ra)
mem[0x8004C904] <- 0x00000001


mem[X,0x80030B48] -> 0x0537
mem[X,0x80030B4A] -> 0x0001
[4792] [M]: 0x80030B48 (0x00010537) lui a0, 16
x10 <- 0x00010000


mem[X,0x80030B4C] -> 0x0513
mem[X,0x80030B4E] -> 0xFFE5
[4793] [M]: 0x80030B4C (0xFFE50513) addi a0, a0, 4094
x10 <- 0x0000FFFE


mem[X,0x80030B50] -> 0x65B7
mem[X,0x80030B52] -> 0x6666
[4794] [M]: 0x80030B50 (0x666665B7) lui a1, 419430
x11 <- 0x66666000


mem[X,0x80030B54] -> 0x8593
mem[X,0x80030B56] -> 0x6655
[4795] [M]: 0x80030B54 (0x66558593) addi a1, a1, 1637
x11 <- 0x66666665


mem[X,0x80030B58] -> 0x0213
mem[X,0x80030B5A] -> 0x0000
[4796] [M]: 0x80030B58 (0x00000213) addi tp, zero, 0
x4 <- 0x00000000


mem[X,0x80030B5C] -> 0x006F
mem[X,0x80030B5E] -> 0x00C0
[4797] [M]: 0x80030B5C (0x00C0006F) jal zero, 12


mem[X,0x80030B68] -> 0x6863
mem[X,0x80030B6A] -> 0x00B5
[4798] [M]: 0x80030B68 (0x00B56863) bltu a0, a1, 16


mem[X,0x80030B78] -> 0x0213
mem[X,0x80030B7A] -> 0x0032
[4799] [M]: 0x80030B78 (0x00320213) addi tp, tp, 3
x4 <- 0x00000003


clint::tick mtime <- 0x0000000000000030
 clint timer pending at mtime 0x0000000000000030
htif::tick 0x0000000000000000
mem[X,0x80030B7C] -> 0x006F
mem[X,0x80030B7E] -> 0x0040
[4800] [M]: 0x80030B7C (0x0040006F) jal zero, 4


mem[X,0x80030B80] -> 0xAA23
mem[X,0x80030B82] -> 0x7840
[4801] [M]: 0x80030B80 (0x7840AA23) sw tp, 1940(ra)
mem[0x8004C908] <- 0x00000003


mem[X,0x80030B84] -> 0x0537
mem[X,0x80030B86] -> 0x0001
[4802] [M]: 0x80030B84 (0x00010537) lui a0, 16
x10 <- 0x00010000


mem[X,0x80030B88] -> 0x0513
mem[X,0x80030B8A] -> 0xFFE5
[4803] [M]: 0x80030B88 (0xFFE50513) addi a0, a0, 4094
x10 <- 0x0000FFFE


mem[X,0x80030B8C] -> 0xB5B7
mem[X,0x80030B8E] -> 0x0000
[4804] [M]: 0x80030B8C (0x0000B5B7) lui a1, 11
x11 <- 0x0000B000


mem[X,0x80030B90] -> 0x8593
mem[X,0x80030B92] -> 0x5035
[4805] [M]: 0x80030B90 (0x50358593) addi a1, a1, 1283
x11 <- 0x0000B503


mem[X,0x80030B94] -> 0x0213
mem[X,0x80030B96] -> 0x0000
[4806] [M]: 0x80030B94 (0x00000213) addi tp, zero, 0
x4 <- 0x00000000


mem[X,0x80030B98] -> 0x006F
mem[X,0x80030B9A] -> 0x0140
[4807] [M]: 0x80030B98 (0x0140006F) jal zero, 20


mem[X,0x80030BAC] -> 0x68E3
mem[X,0x80030BAE] -> 0xFEB5
[4808] [M]: 0x80030BAC (0xFEB568E3) bltu a0, a1, 8176


mem[X,0x80030BB0] -> 0x0213
mem[X,0x80030BB2] -> 0x0022
[4809] [M]: 0x80030BB0 (0x00220213) addi tp, tp, 2
x4 <- 0x00000002


mem[X,0x80030BB4] -> 0x006F
mem[X,0x80030BB6] -> 0x00C0
[4810] [M]: 0x80030BB4 (0x00C0006F) jal zero, 12


mem[X,0x80030BC0] -> 0xAC23
mem[X,0x80030BC2] -> 0x7840
[4811] [M]: 0x80030BC0 (0x7840AC23) sw tp, 1944(ra)
mem[0x8004C90C] <- 0x00000002


mem[X,0x80030BC4] -> 0x0537
mem[X,0x80030BC6] -> 0x0001
[4812] [M]: 0x80030BC4 (0x00010537) lui a0, 16
x10 <- 0x00010000


mem[X,0x80030BC8] -> 0x0513
mem[X,0x80030BCA] -> 0xFFE5
[4813] [M]: 0x80030BC8 (0xFFE50513) addi a0, a0, 4094
x10 <- 0x0000FFFE


mem[X,0x80030BCC] -> 0x05B7
mem[X,0x80030BCE] -> 0x0001
[4814] [M]: 0x80030BCC (0x000105B7) lui a1, 16
x11 <- 0x00010000


mem[X,0x80030BD0] -> 0x8593
mem[X,0x80030BD2] -> 0xFFE5
[4815] [M]: 0x80030BD0 (0xFFE58593) addi a1, a1, 4094
x11 <- 0x0000FFFE


mem[X,0x80030BD4] -> 0x0213
mem[X,0x80030BD6] -> 0x0000
[4816] [M]: 0x80030BD4 (0x00000213) addi tp, zero, 0
x4 <- 0x00000000


mem[X,0x80030BD8] -> 0x006F
mem[X,0x80030BDA] -> 0x0180
[4817] [M]: 0x80030BD8 (0x0180006F) jal zero, 24


mem[X,0x80030BF0] -> 0x66E3
mem[X,0x80030BF2] -> 0xFEB5
[4818] [M]: 0x80030BF0 (0xFEB566E3) bltu a0, a1, 8172


mem[X,0x80030BF4] -> 0x0213
mem[X,0x80030BF6] -> 0x0022
[4819] [M]: 0x80030BF4 (0x00220213) addi tp, tp, 2
x4 <- 0x00000002


mem[X,0x80030BF8] -> 0x006F
mem[X,0x80030BFA] -> 0x00C0
[4820] [M]: 0x80030BF8 (0x00C0006F) jal zero, 12


mem[X,0x80030C04] -> 0xAE23
mem[X,0x80030C06] -> 0x7840
[4821] [M]: 0x80030C04 (0x7840AE23) sw tp, 1948(ra)
mem[0x8004C910] <- 0x00000002


mem[X,0x80030C08] -> 0x0537
mem[X,0x80030C0A] -> 0x0001
[4822] [M]: 0x80030C08 (0x00010537) lui a0, 16
x10 <- 0x00010000


mem[X,0x80030C0C] -> 0x0513
mem[X,0x80030C0E] -> 0xFFE5
[4823] [M]: 0x80030C0C (0xFFE50513) addi a0, a0, 4094
x10 <- 0x0000FFFE


mem[X,0x80030C10] -> 0x55B7
mem[X,0x80030C12] -> 0x5555
[4824] [M]: 0x80030C10 (0x555555B7) lui a1, 349525
x11 <- 0x55555000


mem[X,0x80030C14] -> 0x8593
mem[X,0x80030C16] -> 0x5565
[4825] [M]: 0x80030C14 (0x55658593) addi a1, a1, 1366
x11 <- 0x55555556


mem[X,0x80030C18] -> 0x0213
mem[X,0x80030C1A] -> 0x0000
[4826] [M]: 0x80030C18 (0x00000213) addi tp, zero, 0
x4 <- 0x00000000


mem[X,0x80030C1C] -> 0x006F
mem[X,0x80030C1E] -> 0x0180
[4827] [M]: 0x80030C1C (0x0180006F) jal zero, 24


mem[X,0x80030C34] -> 0x66E3
mem[X,0x80030C36] -> 0xFEB5
[4828] [M]: 0x80030C34 (0xFEB566E3) bltu a0, a1, 8172


mem[X,0x80030C20] -> 0x0213
mem[X,0x80030C22] -> 0x0012
[4829] [M]: 0x80030C20 (0x00120213) addi tp, tp, 1
x4 <- 0x00000001


mem[X,0x80030C24] -> 0x006F
mem[X,0x80030C26] -> 0x0240
[4830] [M]: 0x80030C24 (0x0240006F) jal zero, 36


mem[X,0x80030C48] -> 0xA023
mem[X,0x80030C4A] -> 0x7A40
[4831] [M]: 0x80030C48 (0x7A40A023) sw tp, 1952(ra)
mem[0x8004C914] <- 0x00000001


mem[X,0x80030C4C] -> 0x0537
mem[X,0x80030C4E] -> 0x0001
[4832] [M]: 0x80030C4C (0x00010537) lui a0, 16
x10 <- 0x00010000


mem[X,0x80030C50] -> 0x0513
mem[X,0x80030C52] -> 0xFFE5
[4833] [M]: 0x80030C50 (0xFFE50513) addi a0, a0, 4094
x10 <- 0x0000FFFE


mem[X,0x80030C54] -> 0xB5B7
mem[X,0x80030C56] -> 0xAAAA
[4834] [M]: 0x80030C54 (0xAAAAB5B7) lui a1, 699051
x11 <- 0xAAAAB000


mem[X,0x80030C58] -> 0x8593
mem[X,0x80030C5A] -> 0xAAB5
[4835] [M]: 0x80030C58 (0xAAB58593) addi a1, a1, 2731
x11 <- 0xAAAAAAAB


mem[X,0x80030C5C] -> 0x0213
mem[X,0x80030C5E] -> 0x0000
[4836] [M]: 0x80030C5C (0x00000213) addi tp, zero, 0
x4 <- 0x00000000


mem[X,0x80030C60] -> 0x006F
mem[X,0x80030C62] -> 0x00C0
[4837] [M]: 0x80030C60 (0x00C0006F) jal zero, 12


mem[X,0x80030C6C] -> 0x6CE3
mem[X,0x80030C6E] -> 0xFEB5
[4838] [M]: 0x80030C6C (0xFEB56CE3) bltu a0, a1, 8184


mem[X,0x80030C64] -> 0x0213
mem[X,0x80030C66] -> 0x0012
[4839] [M]: 0x80030C64 (0x00120213) addi tp, tp, 1
x4 <- 0x00000001


mem[X,0x80030C68] -> 0x006F
mem[X,0x80030C6A] -> 0x0180
[4840] [M]: 0x80030C68 (0x0180006F) jal zero, 24


mem[X,0x80030C80] -> 0xA223
mem[X,0x80030C82] -> 0x7A40
[4841] [M]: 0x80030C80 (0x7A40A223) sw tp, 1956(ra)
mem[0x8004C918] <- 0x00000001


mem[X,0x80030C84] -> 0x0537
mem[X,0x80030C86] -> 0x0001
[4842] [M]: 0x80030C84 (0x00010537) lui a0, 16
x10 <- 0x00010000


mem[X,0x80030C88] -> 0x0513
mem[X,0x80030C8A] -> 0xFFE5
[4843] [M]: 0x80030C88 (0xFFE50513) addi a0, a0, 4094
x10 <- 0x0000FFFE


mem[X,0x80030C8C] -> 0x0593
mem[X,0x80030C8E] -> 0x0060
[4844] [M]: 0x80030C8C (0x00600593) addi a1, zero, 6
x11 <- 0x00000006


mem[X,0x80030C90] -> 0x0213
mem[X,0x80030C92] -> 0x0000
[4845] [M]: 0x80030C90 (0x00000213) addi tp, zero, 0
x4 <- 0x00000000


mem[X,0x80030C94] -> 0x006F
mem[X,0x80030C96] -> 0x2B10
[4846] [M]: 0x80030C94 (0x2B10006F) jal zero, 2736


mem[X,0x80031744] -> 0x6A63
mem[X,0x80031746] -> 0xD4B5
[4847] [M]: 0x80031744 (0xD4B56A63) bltu a0, a1, 5460


mem[X,0x80031748] -> 0x0213
mem[X,0x8003174A] -> 0x0022
[4848] [M]: 0x80031748 (0x00220213) addi tp, tp, 2
x4 <- 0x00000002


mem[X,0x8003174C] -> 0x006F
mem[X,0x8003174E] -> 0x00C0
[4849] [M]: 0x8003174C (0x00C0006F) jal zero, 12


mem[X,0x80031758] -> 0xA423
mem[X,0x8003175A] -> 0x7A40
[4850] [M]: 0x80031758 (0x7A40A423) sw tp, 1960(ra)
mem[0x8004C91C] <- 0x00000002


mem[X,0x8003175C] -> 0x0537
mem[X,0x8003175E] -> 0x0001
[4851] [M]: 0x8003175C (0x00010537) lui a0, 16
x10 <- 0x00010000


mem[X,0x80031760] -> 0x0513
mem[X,0x80031762] -> 0xFFE5
[4852] [M]: 0x80031760 (0xFFE50513) addi a0, a0, 4094
x10 <- 0x0000FFFE


mem[X,0x80031764] -> 0x35B7
mem[X,0x80031766] -> 0x3333
[4853] [M]: 0x80031764 (0x333335B7) lui a1, 209715
x11 <- 0x33333000


mem[X,0x80031768] -> 0x8593
mem[X,0x8003176A] -> 0x3345
[4854] [M]: 0x80031768 (0x33458593) addi a1, a1, 820
x11 <- 0x33333334


mem[X,0x8003176C] -> 0x0213
mem[X,0x8003176E] -> 0x0000
[4855] [M]: 0x8003176C (0x00000213) addi tp, zero, 0
x4 <- 0x00000000


mem[X,0x80031770] -> 0x006F
mem[X,0x80031772] -> 0x00C0
[4856] [M]: 0x80031770 (0x00C0006F) jal zero, 12


mem[X,0x8003177C] -> 0x6CE3
mem[X,0x8003177E] -> 0xFEB5
[4857] [M]: 0x8003177C (0xFEB56CE3) bltu a0, a1, 8184


mem[X,0x80031774] -> 0x0213
mem[X,0x80031776] -> 0x0012
[4858] [M]: 0x80031774 (0x00120213) addi tp, tp, 1
x4 <- 0x00000001


mem[X,0x80031778] -> 0x006F
mem[X,0x8003177A] -> 0x0180
[4859] [M]: 0x80031778 (0x0180006F) jal zero, 24


mem[X,0x80031790] -> 0xA623
mem[X,0x80031792] -> 0x7A40
[4860] [M]: 0x80031790 (0x7A40A623) sw tp, 1964(ra)
mem[0x8004C920] <- 0x00000001


mem[X,0x80031794] -> 0x0537
mem[X,0x80031796] -> 0x0001
[4861] [M]: 0x80031794 (0x00010537) lui a0, 16
x10 <- 0x00010000


mem[X,0x80031798] -> 0x0513
mem[X,0x8003179A] -> 0xFFE5
[4862] [M]: 0x80031798 (0xFFE50513) addi a0, a0, 4094
x10 <- 0x0000FFFE


mem[X,0x8003179C] -> 0x65B7
mem[X,0x8003179E] -> 0x6666
[4863] [M]: 0x8003179C (0x666665B7) lui a1, 419430
x11 <- 0x66666000


mem[X,0x800317A0] -> 0x8593
mem[X,0x800317A2] -> 0x6675
[4864] [M]: 0x800317A0 (0x66758593) addi a1, a1, 1639
x11 <- 0x66666667


mem[X,0x800317A4] -> 0x0213
mem[X,0x800317A6] -> 0x0000
[4865] [M]: 0x800317A4 (0x00000213) addi tp, zero, 0
x4 <- 0x00000000


mem[X,0x800317A8] -> 0x006F
mem[X,0x800317AA] -> 0x0100
[4866] [M]: 0x800317A8 (0x0100006F) jal zero, 16


mem[X,0x800317B8] -> 0x6AE3
mem[X,0x800317BA] -> 0xFEB5
[4867] [M]: 0x800317B8 (0xFEB56AE3) bltu a0, a1, 8180


mem[X,0x800317AC] -> 0x0213
mem[X,0x800317AE] -> 0x0012
[4868] [M]: 0x800317AC (0x00120213) addi tp, tp, 1
x4 <- 0x00000001


mem[X,0x800317B0] -> 0x006F
mem[X,0x800317B2] -> 0x01C0
[4869] [M]: 0x800317B0 (0x01C0006F) jal zero, 28


mem[X,0x800317CC] -> 0xA823
mem[X,0x800317CE] -> 0x7A40
[4870] [M]: 0x800317CC (0x7A40A823) sw tp, 1968(ra)
mem[0x8004C924] <- 0x00000001


mem[X,0x800317D0] -> 0x0537
mem[X,0x800317D2] -> 0x0001
[4871] [M]: 0x800317D0 (0x00010537) lui a0, 16
x10 <- 0x00010000


mem[X,0x800317D4] -> 0x0513
mem[X,0x800317D6] -> 0xFFE5
[4872] [M]: 0x800317D4 (0xFFE50513) addi a0, a0, 4094
x10 <- 0x0000FFFE


mem[X,0x800317D8] -> 0xB5B7
mem[X,0x800317DA] -> 0x0000
[4873] [M]: 0x800317D8 (0x0000B5B7) lui a1, 11
x11 <- 0x0000B000


mem[X,0x800317DC] -> 0x8593
mem[X,0x800317DE] -> 0x5055
[4874] [M]: 0x800317DC (0x50558593) addi a1, a1, 1285
x11 <- 0x0000B505


mem[X,0x800317E0] -> 0x0213
mem[X,0x800317E2] -> 0x0000
[4875] [M]: 0x800317E0 (0x00000213) addi tp, zero, 0
x4 <- 0x00000000


mem[X,0x800317E4] -> 0x006F
mem[X,0x800317E6] -> 0x00C0
[4876] [M]: 0x800317E4 (0x00C0006F) jal zero, 12


mem[X,0x800317F0] -> 0x6063
mem[X,0x800317F2] -> 0x10B5
[4877] [M]: 0x800317F0 (0x10B56063) bltu a0, a1, 256


mem[X,0x800317F4] -> 0x0213
mem[X,0x800317F6] -> 0x0022
[4878] [M]: 0x800317F4 (0x00220213) addi tp, tp, 2
x4 <- 0x00000002


mem[X,0x800317F8] -> 0x006F
mem[X,0x800317FA] -> 0x1000
[4879] [M]: 0x800317F8 (0x1000006F) jal zero, 256


mem[X,0x800318F8] -> 0xAA23
mem[X,0x800318FA] -> 0x7A40
[4880] [M]: 0x800318F8 (0x7A40AA23) sw tp, 1972(ra)
mem[0x8004C928] <- 0x00000002


mem[X,0x800318FC] -> 0x0537
mem[X,0x800318FE] -> 0x0001
[4881] [M]: 0x800318FC (0x00010537) lui a0, 16
x10 <- 0x00010000


mem[X,0x80031900] -> 0x0513
mem[X,0x80031902] -> 0xFFE5
[4882] [M]: 0x80031900 (0xFFE50513) addi a0, a0, 4094
x10 <- 0x0000FFFE


mem[X,0x80031904] -> 0x0593
mem[X,0x80031906] -> 0x0010
[4883] [M]: 0x80031904 (0x00100593) addi a1, zero, 1
x11 <- 0x00000001


mem[X,0x80031908] -> 0x0213
mem[X,0x8003190A] -> 0x0000
[4884] [M]: 0x80031908 (0x00000213) addi tp, zero, 0
x4 <- 0x00000000


mem[X,0x8003190C] -> 0x006F
mem[X,0x8003190E] -> 0x00C0
[4885] [M]: 0x8003190C (0x00C0006F) jal zero, 12


mem[X,0x80031918] -> 0x6063
mem[X,0x8003191A] -> 0x04B5
[4886] [M]: 0x80031918 (0x04B56063) bltu a0, a1, 64


mem[X,0x8003191C] -> 0x0213
mem[X,0x8003191E] -> 0x0022
[4887] [M]: 0x8003191C (0x00220213) addi tp, tp, 2
x4 <- 0x00000002


mem[X,0x80031920] -> 0x006F
mem[X,0x80031922] -> 0x0400
[4888] [M]: 0x80031920 (0x0400006F) jal zero, 64


mem[X,0x80031960] -> 0xAC23
mem[X,0x80031962] -> 0x7A40
[4889] [M]: 0x80031960 (0x7A40AC23) sw tp, 1976(ra)
mem[0x8004C92C] <- 0x00000002


mem[X,0x80031964] -> 0x0537
mem[X,0x80031966] -> 0x0001
[4890] [M]: 0x80031964 (0x00010537) lui a0, 16
x10 <- 0x00010000


mem[X,0x80031968] -> 0x0513
mem[X,0x8003196A] -> 0xFFE5
[4891] [M]: 0x80031968 (0xFFE50513) addi a0, a0, 4094
x10 <- 0x0000FFFE


mem[X,0x8003196C] -> 0x05B7
mem[X,0x8003196E] -> 0x0001
[4892] [M]: 0x8003196C (0x000105B7) lui a1, 16
x11 <- 0x00010000


mem[X,0x80031970] -> 0x0213
mem[X,0x80031972] -> 0x0000
[4893] [M]: 0x80031970 (0x00000213) addi tp, zero, 0
x4 <- 0x00000000


mem[X,0x80031974] -> 0x006F
mem[X,0x80031976] -> 0x00C0
[4894] [M]: 0x80031974 (0x00C0006F) jal zero, 12


mem[X,0x80031980] -> 0x6663
mem[X,0x80031982] -> 0x00B5
[4895] [M]: 0x80031980 (0x00B56663) bltu a0, a1, 12


mem[X,0x8003198C] -> 0x0213
mem[X,0x8003198E] -> 0x0032
[4896] [M]: 0x8003198C (0x00320213) addi tp, tp, 3
x4 <- 0x00000003


mem[X,0x80031990] -> 0x006F
mem[X,0x80031992] -> 0x0040
[4897] [M]: 0x80031990 (0x0040006F) jal zero, 4


mem[X,0x80031994] -> 0xAE23
mem[X,0x80031996] -> 0x7A40
[4898] [M]: 0x80031994 (0x7A40AE23) sw tp, 1980(ra)
mem[0x8004C930] <- 0x00000003


mem[X,0x80031998] -> 0x5537
mem[X,0x8003199A] -> 0x5555
[4899] [M]: 0x80031998 (0x55555537) lui a0, 349525
x10 <- 0x55555000


clint::tick mtime <- 0x0000000000000031
 clint timer pending at mtime 0x0000000000000031
htif::tick 0x0000000000000000
mem[X,0x8003199C] -> 0x0513
mem[X,0x8003199E] -> 0x5565
[4900] [M]: 0x8003199C (0x55650513) addi a0, a0, 1366
x10 <- 0x55555556


mem[X,0x800319A0] -> 0x0593
mem[X,0x800319A2] -> 0x0030
[4901] [M]: 0x800319A0 (0x00300593) addi a1, zero, 3
x11 <- 0x00000003


mem[X,0x800319A4] -> 0x0213
mem[X,0x800319A6] -> 0x0000
[4902] [M]: 0x800319A4 (0x00000213) addi tp, zero, 0
x4 <- 0x00000000


mem[X,0x800319A8] -> 0x006F
mem[X,0x800319AA] -> 0x00C0
[4903] [M]: 0x800319A8 (0x00C0006F) jal zero, 12


mem[X,0x800319B4] -> 0x6663
mem[X,0x800319B6] -> 0x00B5
[4904] [M]: 0x800319B4 (0x00B56663) bltu a0, a1, 12


mem[X,0x800319B8] -> 0x0213
mem[X,0x800319BA] -> 0x0022
[4905] [M]: 0x800319B8 (0x00220213) addi tp, tp, 2
x4 <- 0x00000002


mem[X,0x800319BC] -> 0x006F
mem[X,0x800319BE] -> 0x00C0
[4906] [M]: 0x800319BC (0x00C0006F) jal zero, 12


mem[X,0x800319C8] -> 0xA023
mem[X,0x800319CA] -> 0x7C40
[4907] [M]: 0x800319C8 (0x7C40A023) sw tp, 1984(ra)
mem[0x8004C934] <- 0x00000002


mem[X,0x800319CC] -> 0x5537
mem[X,0x800319CE] -> 0x5555
[4908] [M]: 0x800319CC (0x55555537) lui a0, 349525
x10 <- 0x55555000


mem[X,0x800319D0] -> 0x0513
mem[X,0x800319D2] -> 0x5565
[4909] [M]: 0x800319D0 (0x55650513) addi a0, a0, 1366
x10 <- 0x55555556


mem[X,0x800319D4] -> 0x55B7
mem[X,0x800319D6] -> 0x5555
[4910] [M]: 0x800319D4 (0x555555B7) lui a1, 349525
x11 <- 0x55555000


mem[X,0x800319D8] -> 0x8593
mem[X,0x800319DA] -> 0x5555
[4911] [M]: 0x800319D8 (0x55558593) addi a1, a1, 1365
x11 <- 0x55555555


mem[X,0x800319DC] -> 0x0213
mem[X,0x800319DE] -> 0x0000
[4912] [M]: 0x800319DC (0x00000213) addi tp, zero, 0
x4 <- 0x00000000


mem[X,0x800319E0] -> 0x006F
mem[X,0x800319E2] -> 0x00C0
[4913] [M]: 0x800319E0 (0x00C0006F) jal zero, 12


mem[X,0x800319EC] -> 0x6CE3
mem[X,0x800319EE] -> 0xFEB5
[4914] [M]: 0x800319EC (0xFEB56CE3) bltu a0, a1, 8184


mem[X,0x800319F0] -> 0x0213
mem[X,0x800319F2] -> 0x0022
[4915] [M]: 0x800319F0 (0x00220213) addi tp, tp, 2
x4 <- 0x00000002


mem[X,0x800319F4] -> 0x006F
mem[X,0x800319F6] -> 0x00C0
[4916] [M]: 0x800319F4 (0x00C0006F) jal zero, 12


mem[X,0x80031A00] -> 0xA223
mem[X,0x80031A02] -> 0x7C40
[4917] [M]: 0x80031A00 (0x7C40A223) sw tp, 1988(ra)
mem[0x8004C938] <- 0x00000002


mem[X,0x80031A04] -> 0x5537
mem[X,0x80031A06] -> 0x5555
[4918] [M]: 0x80031A04 (0x55555537) lui a0, 349525
x10 <- 0x55555000


mem[X,0x80031A08] -> 0x0513
mem[X,0x80031A0A] -> 0x5565
[4919] [M]: 0x80031A08 (0x55650513) addi a0, a0, 1366
x10 <- 0x55555556


mem[X,0x80031A0C] -> 0xB5B7
mem[X,0x80031A0E] -> 0xAAAA
[4920] [M]: 0x80031A0C (0xAAAAB5B7) lui a1, 699051
x11 <- 0xAAAAB000


mem[X,0x80031A10] -> 0x8593
mem[X,0x80031A12] -> 0xAAA5
[4921] [M]: 0x80031A10 (0xAAA58593) addi a1, a1, 2730
x11 <- 0xAAAAAAAA


mem[X,0x80031A14] -> 0x0213
mem[X,0x80031A16] -> 0x0000
[4922] [M]: 0x80031A14 (0x00000213) addi tp, zero, 0
x4 <- 0x00000000


mem[X,0x80031A18] -> 0x006F
mem[X,0x80031A1A] -> 0x00C0
[4923] [M]: 0x80031A18 (0x00C0006F) jal zero, 12


mem[X,0x80031A24] -> 0x6CE3
mem[X,0x80031A26] -> 0xFEB5
[4924] [M]: 0x80031A24 (0xFEB56CE3) bltu a0, a1, 8184


mem[X,0x80031A1C] -> 0x0213
mem[X,0x80031A1E] -> 0x0012
[4925] [M]: 0x80031A1C (0x00120213) addi tp, tp, 1
x4 <- 0x00000001


mem[X,0x80031A20] -> 0x006F
mem[X,0x80031A22] -> 0x0180
[4926] [M]: 0x80031A20 (0x0180006F) jal zero, 24


mem[X,0x80031A38] -> 0xA423
mem[X,0x80031A3A] -> 0x7C40
[4927] [M]: 0x80031A38 (0x7C40A423) sw tp, 1992(ra)
mem[0x8004C93C] <- 0x00000001


mem[X,0x80031A3C] -> 0x5537
mem[X,0x80031A3E] -> 0x5555
[4928] [M]: 0x80031A3C (0x55555537) lui a0, 349525
x10 <- 0x55555000


mem[X,0x80031A40] -> 0x0513
mem[X,0x80031A42] -> 0x5565
[4929] [M]: 0x80031A40 (0x55650513) addi a0, a0, 1366
x10 <- 0x55555556


mem[X,0x80031A44] -> 0x0593
mem[X,0x80031A46] -> 0x0050
[4930] [M]: 0x80031A44 (0x00500593) addi a1, zero, 5
x11 <- 0x00000005


mem[X,0x80031A48] -> 0x0213
mem[X,0x80031A4A] -> 0x0000
[4931] [M]: 0x80031A48 (0x00000213) addi tp, zero, 0
x4 <- 0x00000000


mem[X,0x80031A4C] -> 0x006F
mem[X,0x80031A4E] -> 0x0140
[4932] [M]: 0x80031A4C (0x0140006F) jal zero, 20


mem[X,0x80031A60] -> 0x68E3
mem[X,0x80031A62] -> 0xFEB5
[4933] [M]: 0x80031A60 (0xFEB568E3) bltu a0, a1, 8176


mem[X,0x80031A64] -> 0x0213
mem[X,0x80031A66] -> 0x0022
[4934] [M]: 0x80031A64 (0x00220213) addi tp, tp, 2
x4 <- 0x00000002


mem[X,0x80031A68] -> 0x006F
mem[X,0x80031A6A] -> 0x00C0
[4935] [M]: 0x80031A68 (0x00C0006F) jal zero, 12


mem[X,0x80031A74] -> 0xA623
mem[X,0x80031A76] -> 0x7C40
[4936] [M]: 0x80031A74 (0x7C40A623) sw tp, 1996(ra)
mem[0x8004C940] <- 0x00000002


mem[X,0x80031A78] -> 0x5537
mem[X,0x80031A7A] -> 0x5555
[4937] [M]: 0x80031A78 (0x55555537) lui a0, 349525
x10 <- 0x55555000


mem[X,0x80031A7C] -> 0x0513
mem[X,0x80031A7E] -> 0x5565
[4938] [M]: 0x80031A7C (0x55650513) addi a0, a0, 1366
x10 <- 0x55555556


mem[X,0x80031A80] -> 0x35B7
mem[X,0x80031A82] -> 0x3333
[4939] [M]: 0x80031A80 (0x333335B7) lui a1, 209715
x11 <- 0x33333000


mem[X,0x80031A84] -> 0x8593
mem[X,0x80031A86] -> 0x3335
[4940] [M]: 0x80031A84 (0x33358593) addi a1, a1, 819
x11 <- 0x33333333


mem[X,0x80031A88] -> 0x0213
mem[X,0x80031A8A] -> 0x0000
[4941] [M]: 0x80031A88 (0x00000213) addi tp, zero, 0
x4 <- 0x00000000


mem[X,0x80031A8C] -> 0x006F
mem[X,0x80031A8E] -> 0x00C0
[4942] [M]: 0x80031A8C (0x00C0006F) jal zero, 12


mem[X,0x80031A98] -> 0x6663
mem[X,0x80031A9A] -> 0x00B5
[4943] [M]: 0x80031A98 (0x00B56663) bltu a0, a1, 12


mem[X,0x80031A9C] -> 0x0213
mem[X,0x80031A9E] -> 0x0022
[4944] [M]: 0x80031A9C (0x00220213) addi tp, tp, 2
x4 <- 0x00000002


mem[X,0x80031AA0] -> 0x006F
mem[X,0x80031AA2] -> 0x00C0
[4945] [M]: 0x80031AA0 (0x00C0006F) jal zero, 12


mem[X,0x80031AAC] -> 0xA823
mem[X,0x80031AAE] -> 0x7C40
[4946] [M]: 0x80031AAC (0x7C40A823) sw tp, 2000(ra)
mem[0x8004C944] <- 0x00000002


mem[X,0x80031AB0] -> 0x5537
mem[X,0x80031AB2] -> 0x5555
[4947] [M]: 0x80031AB0 (0x55555537) lui a0, 349525
x10 <- 0x55555000


mem[X,0x80031AB4] -> 0x0513
mem[X,0x80031AB6] -> 0x5565
[4948] [M]: 0x80031AB4 (0x55650513) addi a0, a0, 1366
x10 <- 0x55555556


mem[X,0x80031AB8] -> 0x65B7
mem[X,0x80031ABA] -> 0x6666
[4949] [M]: 0x80031AB8 (0x666665B7) lui a1, 419430
x11 <- 0x66666000


mem[X,0x80031ABC] -> 0x8593
mem[X,0x80031ABE] -> 0x6665
[4950] [M]: 0x80031ABC (0x66658593) addi a1, a1, 1638
x11 <- 0x66666666


mem[X,0x80031AC0] -> 0x0213
mem[X,0x80031AC2] -> 0x0000
[4951] [M]: 0x80031AC0 (0x00000213) addi tp, zero, 0
x4 <- 0x00000000


mem[X,0x80031AC4] -> 0x006F
mem[X,0x80031AC6] -> 0x00C0
[4952] [M]: 0x80031AC4 (0x00C0006F) jal zero, 12


mem[X,0x80031AD0] -> 0x6063
mem[X,0x80031AD2] -> 0x02B5
[4953] [M]: 0x80031AD0 (0x02B56063) bltu a0, a1, 32


mem[X,0x80031AF0] -> 0x0213
mem[X,0x80031AF2] -> 0x0032
[4954] [M]: 0x80031AF0 (0x00320213) addi tp, tp, 3
x4 <- 0x00000003


mem[X,0x80031AF4] -> 0x006F
mem[X,0x80031AF6] -> 0x0040
[4955] [M]: 0x80031AF4 (0x0040006F) jal zero, 4


mem[X,0x80031AF8] -> 0xAA23
mem[X,0x80031AFA] -> 0x7C40
[4956] [M]: 0x80031AF8 (0x7C40AA23) sw tp, 2004(ra)
mem[0x8004C948] <- 0x00000003


mem[X,0x80031AFC] -> 0x5537
mem[X,0x80031AFE] -> 0x5555
[4957] [M]: 0x80031AFC (0x55555537) lui a0, 349525
x10 <- 0x55555000


mem[X,0x80031B00] -> 0x0513
mem[X,0x80031B02] -> 0x5565
[4958] [M]: 0x80031B00 (0x55650513) addi a0, a0, 1366
x10 <- 0x55555556


mem[X,0x80031B04] -> 0xB5B7
mem[X,0x80031B06] -> 0x0000
[4959] [M]: 0x80031B04 (0x0000B5B7) lui a1, 11
x11 <- 0x0000B000


mem[X,0x80031B08] -> 0x8593
mem[X,0x80031B0A] -> 0x5045
[4960] [M]: 0x80031B08 (0x50458593) addi a1, a1, 1284
x11 <- 0x0000B504


mem[X,0x80031B0C] -> 0x0213
mem[X,0x80031B0E] -> 0x0000
[4961] [M]: 0x80031B0C (0x00000213) addi tp, zero, 0
x4 <- 0x00000000


mem[X,0x80031B10] -> 0x006F
mem[X,0x80031B12] -> 0x00C0
[4962] [M]: 0x80031B10 (0x00C0006F) jal zero, 12


mem[X,0x80031B1C] -> 0x6863
mem[X,0x80031B1E] -> 0x00B5
[4963] [M]: 0x80031B1C (0x00B56863) bltu a0, a1, 16


mem[X,0x80031B20] -> 0x0213
mem[X,0x80031B22] -> 0x0022
[4964] [M]: 0x80031B20 (0x00220213) addi tp, tp, 2
x4 <- 0x00000002


mem[X,0x80031B24] -> 0x006F
mem[X,0x80031B26] -> 0x0100
[4965] [M]: 0x80031B24 (0x0100006F) jal zero, 16


mem[X,0x80031B34] -> 0xAC23
mem[X,0x80031B36] -> 0x7C40
[4966] [M]: 0x80031B34 (0x7C40AC23) sw tp, 2008(ra)
mem[0x8004C94C] <- 0x00000002


mem[X,0x80031B38] -> 0x5537
mem[X,0x80031B3A] -> 0x5555
[4967] [M]: 0x80031B38 (0x55555537) lui a0, 349525
x10 <- 0x55555000


mem[X,0x80031B3C] -> 0x0513
mem[X,0x80031B3E] -> 0x5565
[4968] [M]: 0x80031B3C (0x55650513) addi a0, a0, 1366
x10 <- 0x55555556


mem[X,0x80031B40] -> 0x0593
mem[X,0x80031B42] -> 0x0000
[4969] [M]: 0x80031B40 (0x00000593) addi a1, zero, 0
x11 <- 0x00000000


mem[X,0x80031B44] -> 0x0213
mem[X,0x80031B46] -> 0x0000
[4970] [M]: 0x80031B44 (0x00000213) addi tp, zero, 0
x4 <- 0x00000000


mem[X,0x80031B48] -> 0x006F
mem[X,0x80031B4A] -> 0x00C0
[4971] [M]: 0x80031B48 (0x00C0006F) jal zero, 12


mem[X,0x80031B54] -> 0x6063
mem[X,0x80031B56] -> 0x02B5
[4972] [M]: 0x80031B54 (0x02B56063) bltu a0, a1, 32


mem[X,0x80031B58] -> 0x0213
mem[X,0x80031B5A] -> 0x0022
[4973] [M]: 0x80031B58 (0x00220213) addi tp, tp, 2
x4 <- 0x00000002


mem[X,0x80031B5C] -> 0x006F
mem[X,0x80031B5E] -> 0x0200
[4974] [M]: 0x80031B5C (0x0200006F) jal zero, 32


mem[X,0x80031B7C] -> 0xAE23
mem[X,0x80031B7E] -> 0x7C40
[4975] [M]: 0x80031B7C (0x7C40AE23) sw tp, 2012(ra)
mem[0x8004C950] <- 0x00000002


mem[X,0x80031B80] -> 0x5537
mem[X,0x80031B82] -> 0x5555
[4976] [M]: 0x80031B80 (0x55555537) lui a0, 349525
x10 <- 0x55555000


mem[X,0x80031B84] -> 0x0513
mem[X,0x80031B86] -> 0x5565
[4977] [M]: 0x80031B84 (0x55650513) addi a0, a0, 1366
x10 <- 0x55555556


mem[X,0x80031B88] -> 0x05B7
mem[X,0x80031B8A] -> 0x0001
[4978] [M]: 0x80031B88 (0x000105B7) lui a1, 16
x11 <- 0x00010000


mem[X,0x80031B8C] -> 0x8593
mem[X,0x80031B8E] -> 0xFFF5
[4979] [M]: 0x80031B8C (0xFFF58593) addi a1, a1, 4095
x11 <- 0x0000FFFF


mem[X,0x80031B90] -> 0x0213
mem[X,0x80031B92] -> 0x0000
[4980] [M]: 0x80031B90 (0x00000213) addi tp, zero, 0
x4 <- 0x00000000


mem[X,0x80031B94] -> 0x006F
mem[X,0x80031B96] -> 0x00C0
[4981] [M]: 0x80031B94 (0x00C0006F) jal zero, 12


mem[X,0x80031BA0] -> 0x6CE3
mem[X,0x80031BA2] -> 0xFEB5
[4982] [M]: 0x80031BA0 (0xFEB56CE3) bltu a0, a1, 8184


mem[X,0x80031BA4] -> 0x0213
mem[X,0x80031BA6] -> 0x0022
[4983] [M]: 0x80031BA4 (0x00220213) addi tp, tp, 2
x4 <- 0x00000002


mem[X,0x80031BA8] -> 0x006F
mem[X,0x80031BAA] -> 0x00C0
[4984] [M]: 0x80031BA8 (0x00C0006F) jal zero, 12


mem[X,0x80031BB4] -> 0xA023
mem[X,0x80031BB6] -> 0x7E40
[4985] [M]: 0x80031BB4 (0x7E40A023) sw tp, 2016(ra)
mem[0x8004C954] <- 0x00000002


mem[X,0x80031BB8] -> 0x5537
mem[X,0x80031BBA] -> 0x5555
[4986] [M]: 0x80031BB8 (0x55555537) lui a0, 349525
x10 <- 0x55555000


mem[X,0x80031BBC] -> 0x0513
mem[X,0x80031BBE] -> 0x5565
[4987] [M]: 0x80031BBC (0x55650513) addi a0, a0, 1366
x10 <- 0x55555556


mem[X,0x80031BC0] -> 0x0593
mem[X,0x80031BC2] -> 0x0020
[4988] [M]: 0x80031BC0 (0x00200593) addi a1, zero, 2
x11 <- 0x00000002


mem[X,0x80031BC4] -> 0x0213
mem[X,0x80031BC6] -> 0x0000
[4989] [M]: 0x80031BC4 (0x00000213) addi tp, zero, 0
x4 <- 0x00000000


mem[X,0x80031BC8] -> 0x006F
mem[X,0x80031BCA] -> 0x00C0
[4990] [M]: 0x80031BC8 (0x00C0006F) jal zero, 12


mem[X,0x80031BD4] -> 0x6663
mem[X,0x80031BD6] -> 0x00B5
[4991] [M]: 0x80031BD4 (0x00B56663) bltu a0, a1, 12


mem[X,0x80031BD8] -> 0x0213
mem[X,0x80031BDA] -> 0x0022
[4992] [M]: 0x80031BD8 (0x00220213) addi tp, tp, 2
x4 <- 0x00000002


mem[X,0x80031BDC] -> 0x006F
mem[X,0x80031BDE] -> 0x00C0
[4993] [M]: 0x80031BDC (0x00C0006F) jal zero, 12


mem[X,0x80031BE8] -> 0xA223
mem[X,0x80031BEA] -> 0x7E40
[4994] [M]: 0x80031BE8 (0x7E40A223) sw tp, 2020(ra)
mem[0x8004C958] <- 0x00000002


mem[X,0x80031BEC] -> 0x5537
mem[X,0x80031BEE] -> 0x5555
[4995] [M]: 0x80031BEC (0x55555537) lui a0, 349525
x10 <- 0x55555000


mem[X,0x80031BF0] -> 0x0513
mem[X,0x80031BF2] -> 0x5565
[4996] [M]: 0x80031BF0 (0x55650513) addi a0, a0, 1366
x10 <- 0x55555556


mem[X,0x80031BF4] -> 0x55B7
mem[X,0x80031BF6] -> 0x5555
[4997] [M]: 0x80031BF4 (0x555555B7) lui a1, 349525
x11 <- 0x55555000


mem[X,0x80031BF8] -> 0x8593
mem[X,0x80031BFA] -> 0x5545
[4998] [M]: 0x80031BF8 (0x55458593) addi a1, a1, 1364
x11 <- 0x55555554


mem[X,0x80031BFC] -> 0x0213
mem[X,0x80031BFE] -> 0x0000
[4999] [M]: 0x80031BFC (0x00000213) addi tp, zero, 0
x4 <- 0x00000000


clint::tick mtime <- 0x0000000000000032
 clint timer pending at mtime 0x0000000000000032
htif::tick 0x0000000000000000
mem[X,0x80031C00] -> 0x006F
mem[X,0x80031C02] -> 0x00C0
[5000] [M]: 0x80031C00 (0x00C0006F) jal zero, 12


mem[X,0x80031C0C] -> 0x6CE3
mem[X,0x80031C0E] -> 0xFEB5
[5001] [M]: 0x80031C0C (0xFEB56CE3) bltu a0, a1, 8184


mem[X,0x80031C10] -> 0x0213
mem[X,0x80031C12] -> 0x0022
[5002] [M]: 0x80031C10 (0x00220213) addi tp, tp, 2
x4 <- 0x00000002


mem[X,0x80031C14] -> 0x006F
mem[X,0x80031C16] -> 0x00C0
[5003] [M]: 0x80031C14 (0x00C0006F) jal zero, 12


mem[X,0x80031C20] -> 0xA423
mem[X,0x80031C22] -> 0x7E40
[5004] [M]: 0x80031C20 (0x7E40A423) sw tp, 2024(ra)
mem[0x8004C95C] <- 0x00000002


mem[X,0x80031C24] -> 0x5537
mem[X,0x80031C26] -> 0x5555
[5005] [M]: 0x80031C24 (0x55555537) lui a0, 349525
x10 <- 0x55555000


mem[X,0x80031C28] -> 0x0513
mem[X,0x80031C2A] -> 0x5565
[5006] [M]: 0x80031C28 (0x55650513) addi a0, a0, 1366
x10 <- 0x55555556


mem[X,0x80031C2C] -> 0xB5B7
mem[X,0x80031C2E] -> 0xAAAA
[5007] [M]: 0x80031C2C (0xAAAAB5B7) lui a1, 699051
x11 <- 0xAAAAB000


mem[X,0x80031C30] -> 0x8593
mem[X,0x80031C32] -> 0xAA95
[5008] [M]: 0x80031C30 (0xAA958593) addi a1, a1, 2729
x11 <- 0xAAAAAAA9


mem[X,0x80031C34] -> 0x0213
mem[X,0x80031C36] -> 0x0000
[5009] [M]: 0x80031C34 (0x00000213) addi tp, zero, 0
x4 <- 0x00000000


mem[X,0x80031C38] -> 0x006F
mem[X,0x80031C3A] -> 0x0100
[5010] [M]: 0x80031C38 (0x0100006F) jal zero, 16


mem[X,0x80031C48] -> 0x6AE3
mem[X,0x80031C4A] -> 0xFEB5
[5011] [M]: 0x80031C48 (0xFEB56AE3) bltu a0, a1, 8180


mem[X,0x80031C3C] -> 0x0213
mem[X,0x80031C3E] -> 0x0012
[5012] [M]: 0x80031C3C (0x00120213) addi tp, tp, 1
x4 <- 0x00000001


mem[X,0x80031C40] -> 0x006F
mem[X,0x80031C42] -> 0x01C0
[5013] [M]: 0x80031C40 (0x01C0006F) jal zero, 28


mem[X,0x80031C5C] -> 0xA623
mem[X,0x80031C5E] -> 0x7E40
[5014] [M]: 0x80031C5C (0x7E40A623) sw tp, 2028(ra)
mem[0x8004C960] <- 0x00000001


mem[X,0x80031C60] -> 0x5537
mem[X,0x80031C62] -> 0x5555
[5015] [M]: 0x80031C60 (0x55555537) lui a0, 349525
x10 <- 0x55555000


mem[X,0x80031C64] -> 0x0513
mem[X,0x80031C66] -> 0x5565
[5016] [M]: 0x80031C64 (0x55650513) addi a0, a0, 1366
x10 <- 0x55555556


mem[X,0x80031C68] -> 0x0593
mem[X,0x80031C6A] -> 0x0040
[5017] [M]: 0x80031C68 (0x00400593) addi a1, zero, 4
x11 <- 0x00000004


mem[X,0x80031C6C] -> 0x0213
mem[X,0x80031C6E] -> 0x0000
[5018] [M]: 0x80031C6C (0x00000213) addi tp, zero, 0
x4 <- 0x00000000


mem[X,0x80031C70] -> 0x006F
mem[X,0x80031C72] -> 0x00C0
[5019] [M]: 0x80031C70 (0x00C0006F) jal zero, 12


mem[X,0x80031C7C] -> 0x6063
mem[X,0x80031C7E] -> 0x40B5
[5020] [M]: 0x80031C7C (0x40B56063) bltu a0, a1, 1024


mem[X,0x80031C80] -> 0x0213
mem[X,0x80031C82] -> 0x0022
[5021] [M]: 0x80031C80 (0x00220213) addi tp, tp, 2
x4 <- 0x00000002


mem[X,0x80031C84] -> 0x006F
mem[X,0x80031C86] -> 0x4000
[5022] [M]: 0x80031C84 (0x4000006F) jal zero, 1024


mem[X,0x80032084] -> 0xA823
mem[X,0x80032086] -> 0x7E40
[5023] [M]: 0x80032084 (0x7E40A823) sw tp, 2032(ra)
mem[0x8004C964] <- 0x00000002


mem[X,0x80032088] -> 0x5537
mem[X,0x8003208A] -> 0x5555
[5024] [M]: 0x80032088 (0x55555537) lui a0, 349525
x10 <- 0x55555000


mem[X,0x8003208C] -> 0x0513
mem[X,0x8003208E] -> 0x5565
[5025] [M]: 0x8003208C (0x55650513) addi a0, a0, 1366
x10 <- 0x55555556


mem[X,0x80032090] -> 0x35B7
mem[X,0x80032092] -> 0x3333
[5026] [M]: 0x80032090 (0x333335B7) lui a1, 209715
x11 <- 0x33333000


mem[X,0x80032094] -> 0x8593
mem[X,0x80032096] -> 0x3325
[5027] [M]: 0x80032094 (0x33258593) addi a1, a1, 818
x11 <- 0x33333332


mem[X,0x80032098] -> 0x0213
mem[X,0x8003209A] -> 0x0000
[5028] [M]: 0x80032098 (0x00000213) addi tp, zero, 0
x4 <- 0x00000000


mem[X,0x8003209C] -> 0x006F
mem[X,0x8003209E] -> 0x00C0
[5029] [M]: 0x8003209C (0x00C0006F) jal zero, 12


mem[X,0x800320A8] -> 0x6663
mem[X,0x800320AA] -> 0x00B5
[5030] [M]: 0x800320A8 (0x00B56663) bltu a0, a1, 12


mem[X,0x800320AC] -> 0x0213
mem[X,0x800320AE] -> 0x0022
[5031] [M]: 0x800320AC (0x00220213) addi tp, tp, 2
x4 <- 0x00000002


mem[X,0x800320B0] -> 0x006F
mem[X,0x800320B2] -> 0x00C0
[5032] [M]: 0x800320B0 (0x00C0006F) jal zero, 12


mem[X,0x800320BC] -> 0xAA23
mem[X,0x800320BE] -> 0x7E40
[5033] [M]: 0x800320BC (0x7E40AA23) sw tp, 2036(ra)
mem[0x8004C968] <- 0x00000002


mem[X,0x800320C0] -> 0x5537
mem[X,0x800320C2] -> 0x5555
[5034] [M]: 0x800320C0 (0x55555537) lui a0, 349525
x10 <- 0x55555000


mem[X,0x800320C4] -> 0x0513
mem[X,0x800320C6] -> 0x5565
[5035] [M]: 0x800320C4 (0x55650513) addi a0, a0, 1366
x10 <- 0x55555556


mem[X,0x800320C8] -> 0x65B7
mem[X,0x800320CA] -> 0x6666
[5036] [M]: 0x800320C8 (0x666665B7) lui a1, 419430
x11 <- 0x66666000


mem[X,0x800320CC] -> 0x8593
mem[X,0x800320CE] -> 0x6655
[5037] [M]: 0x800320CC (0x66558593) addi a1, a1, 1637
x11 <- 0x66666665


mem[X,0x800320D0] -> 0x0213
mem[X,0x800320D2] -> 0x0000
[5038] [M]: 0x800320D0 (0x00000213) addi tp, zero, 0
x4 <- 0x00000000


mem[X,0x800320D4] -> 0x006F
mem[X,0x800320D6] -> 0x00C0
[5039] [M]: 0x800320D4 (0x00C0006F) jal zero, 12


mem[X,0x800320E0] -> 0x6063
mem[X,0x800320E2] -> 0x02B5
[5040] [M]: 0x800320E0 (0x02B56063) bltu a0, a1, 32


mem[X,0x80032100] -> 0x0213
mem[X,0x80032102] -> 0x0032
[5041] [M]: 0x80032100 (0x00320213) addi tp, tp, 3
x4 <- 0x00000003


mem[X,0x80032104] -> 0x006F
mem[X,0x80032106] -> 0x0040
[5042] [M]: 0x80032104 (0x0040006F) jal zero, 4


mem[X,0x80032108] -> 0xAC23
mem[X,0x8003210A] -> 0x7E40
[5043] [M]: 0x80032108 (0x7E40AC23) sw tp, 2040(ra)
mem[0x8004C96C] <- 0x00000003


mem[X,0x8003210C] -> 0x5537
mem[X,0x8003210E] -> 0x5555
[5044] [M]: 0x8003210C (0x55555537) lui a0, 349525
x10 <- 0x55555000


mem[X,0x80032110] -> 0x0513
mem[X,0x80032112] -> 0x5565
[5045] [M]: 0x80032110 (0x55650513) addi a0, a0, 1366
x10 <- 0x55555556


mem[X,0x80032114] -> 0xB5B7
mem[X,0x80032116] -> 0x0000
[5046] [M]: 0x80032114 (0x0000B5B7) lui a1, 11
x11 <- 0x0000B000


mem[X,0x80032118] -> 0x8593
mem[X,0x8003211A] -> 0x5035
[5047] [M]: 0x80032118 (0x50358593) addi a1, a1, 1283
x11 <- 0x0000B503


mem[X,0x8003211C] -> 0x0213
mem[X,0x8003211E] -> 0x0000
[5048] [M]: 0x8003211C (0x00000213) addi tp, zero, 0
x4 <- 0x00000000


mem[X,0x80032120] -> 0x006F
mem[X,0x80032122] -> 0x00C0
[5049] [M]: 0x80032120 (0x00C0006F) jal zero, 12


mem[X,0x8003212C] -> 0x6063
mem[X,0x8003212E] -> 0x20B5
[5050] [M]: 0x8003212C (0x20B56063) bltu a0, a1, 512


mem[X,0x80032130] -> 0x0213
mem[X,0x80032132] -> 0x0022
[5051] [M]: 0x80032130 (0x00220213) addi tp, tp, 2
x4 <- 0x00000002


mem[X,0x80032134] -> 0x006F
mem[X,0x80032136] -> 0x2000
[5052] [M]: 0x80032134 (0x2000006F) jal zero, 512


mem[X,0x80032334] -> 0xAE23
mem[X,0x80032336] -> 0x7E40
[5053] [M]: 0x80032334 (0x7E40AE23) sw tp, 2044(ra)
mem[0x8004C970] <- 0x00000002


mem[X,0x80032338] -> 0x0013
mem[X,0x8003233A] -> 0x0000
[5054] [M]: 0x80032338 (0x00000013) addi zero, zero, 0


mem[X,0x8003233C] -> 0x0013
mem[X,0x8003233E] -> 0x0000
[5055] [M]: 0x8003233C (0x00000013) addi zero, zero, 0


mem[X,0x80032340] -> 0xA097
mem[X,0x80032342] -> 0x0001
[5056] [M]: 0x80032340 (0x0001A097) auipc ra, 26
x1 <- 0x8004C340


mem[X,0x80032344] -> 0x8093
mem[X,0x80032346] -> 0x6340
[5057] [M]: 0x80032344 (0x63408093) addi ra, ra, 1588
x1 <- 0x8004C974


mem[X,0x80032348] -> 0x0013
mem[X,0x8003234A] -> 0x0000
[5058] [M]: 0x80032348 (0x00000013) addi zero, zero, 0


mem[X,0x8003234C] -> 0x0013
mem[X,0x8003234E] -> 0x0000
[5059] [M]: 0x8003234C (0x00000013) addi zero, zero, 0


mem[X,0x80032350] -> 0x0013
mem[X,0x80032352] -> 0x0000
[5060] [M]: 0x80032350 (0x00000013) addi zero, zero, 0


mem[X,0x80032354] -> 0x0013
mem[X,0x80032356] -> 0x0000
[5061] [M]: 0x80032354 (0x00000013) addi zero, zero, 0


mem[X,0x80032358] -> 0x0013
mem[X,0x8003235A] -> 0x0000
[5062] [M]: 0x80032358 (0x00000013) addi zero, zero, 0


mem[X,0x8003235C] -> 0x0013
mem[X,0x8003235E] -> 0x0000
[5063] [M]: 0x8003235C (0x00000013) addi zero, zero, 0


mem[X,0x80032360] -> 0x5537
mem[X,0x80032362] -> 0x5555
[5064] [M]: 0x80032360 (0x55555537) lui a0, 349525
x10 <- 0x55555000


mem[X,0x80032364] -> 0x0513
mem[X,0x80032366] -> 0x5565
[5065] [M]: 0x80032364 (0x55650513) addi a0, a0, 1366
x10 <- 0x55555556


mem[X,0x80032368] -> 0x05B7
mem[X,0x8003236A] -> 0x0001
[5066] [M]: 0x80032368 (0x000105B7) lui a1, 16
x11 <- 0x00010000


mem[X,0x8003236C] -> 0x8593
mem[X,0x8003236E] -> 0xFFE5
[5067] [M]: 0x8003236C (0xFFE58593) addi a1, a1, 4094
x11 <- 0x0000FFFE


mem[X,0x80032370] -> 0x0213
mem[X,0x80032372] -> 0x0000
[5068] [M]: 0x80032370 (0x00000213) addi tp, zero, 0
x4 <- 0x00000000


mem[X,0x80032374] -> 0x006F
mem[X,0x80032376] -> 0x00C0
[5069] [M]: 0x80032374 (0x00C0006F) jal zero, 12


mem[X,0x80032380] -> 0x6063
mem[X,0x80032382] -> 0x02B5
[5070] [M]: 0x80032380 (0x02B56063) bltu a0, a1, 32


mem[X,0x80032384] -> 0x0213
mem[X,0x80032386] -> 0x0022
[5071] [M]: 0x80032384 (0x00220213) addi tp, tp, 2
x4 <- 0x00000002


mem[X,0x80032388] -> 0x006F
mem[X,0x8003238A] -> 0x0200
[5072] [M]: 0x80032388 (0x0200006F) jal zero, 32


mem[X,0x800323A8] -> 0xA023
mem[X,0x800323AA] -> 0x0040
[5073] [M]: 0x800323A8 (0x0040A023) sw tp, 0(ra)
mem[0x8004C974] <- 0x00000002


mem[X,0x800323AC] -> 0x5537
mem[X,0x800323AE] -> 0x5555
[5074] [M]: 0x800323AC (0x55555537) lui a0, 349525
x10 <- 0x55555000


mem[X,0x800323B0] -> 0x0513
mem[X,0x800323B2] -> 0x5565
[5075] [M]: 0x800323B0 (0x55650513) addi a0, a0, 1366
x10 <- 0x55555556


mem[X,0x800323B4] -> 0x55B7
mem[X,0x800323B6] -> 0x5555
[5076] [M]: 0x800323B4 (0x555555B7) lui a1, 349525
x11 <- 0x55555000


mem[X,0x800323B8] -> 0x8593
mem[X,0x800323BA] -> 0x5565
[5077] [M]: 0x800323B8 (0x55658593) addi a1, a1, 1366
x11 <- 0x55555556


mem[X,0x800323BC] -> 0x0213
mem[X,0x800323BE] -> 0x0000
[5078] [M]: 0x800323BC (0x00000213) addi tp, zero, 0
x4 <- 0x00000000


mem[X,0x800323C0] -> 0x006F
mem[X,0x800323C2] -> 0x00C0
[5079] [M]: 0x800323C0 (0x00C0006F) jal zero, 12


mem[X,0x800323CC] -> 0x6663
mem[X,0x800323CE] -> 0x00B5
[5080] [M]: 0x800323CC (0x00B56663) bltu a0, a1, 12


mem[X,0x800323D0] -> 0x0213
mem[X,0x800323D2] -> 0x0022
[5081] [M]: 0x800323D0 (0x00220213) addi tp, tp, 2
x4 <- 0x00000002


mem[X,0x800323D4] -> 0x006F
mem[X,0x800323D6] -> 0x00C0
[5082] [M]: 0x800323D4 (0x00C0006F) jal zero, 12


mem[X,0x800323E0] -> 0xA223
mem[X,0x800323E2] -> 0x0040
[5083] [M]: 0x800323E0 (0x0040A223) sw tp, 4(ra)
mem[0x8004C978] <- 0x00000002


mem[X,0x800323E4] -> 0x5537
mem[X,0x800323E6] -> 0x5555
[5084] [M]: 0x800323E4 (0x55555537) lui a0, 349525
x10 <- 0x55555000


mem[X,0x800323E8] -> 0x0513
mem[X,0x800323EA] -> 0x5565
[5085] [M]: 0x800323E8 (0x55650513) addi a0, a0, 1366
x10 <- 0x55555556


mem[X,0x800323EC] -> 0xB5B7
mem[X,0x800323EE] -> 0xAAAA
[5086] [M]: 0x800323EC (0xAAAAB5B7) lui a1, 699051
x11 <- 0xAAAAB000


mem[X,0x800323F0] -> 0x8593
mem[X,0x800323F2] -> 0xAAB5
[5087] [M]: 0x800323F0 (0xAAB58593) addi a1, a1, 2731
x11 <- 0xAAAAAAAB


mem[X,0x800323F4] -> 0x0213
mem[X,0x800323F6] -> 0x0000
[5088] [M]: 0x800323F4 (0x00000213) addi tp, zero, 0
x4 <- 0x00000000


mem[X,0x800323F8] -> 0x006F
mem[X,0x800323FA] -> 0x0140
[5089] [M]: 0x800323F8 (0x0140006F) jal zero, 20


mem[X,0x8003240C] -> 0x68E3
mem[X,0x8003240E] -> 0xFEB5
[5090] [M]: 0x8003240C (0xFEB568E3) bltu a0, a1, 8176


mem[X,0x800323FC] -> 0x0213
mem[X,0x800323FE] -> 0x0012
[5091] [M]: 0x800323FC (0x00120213) addi tp, tp, 1
x4 <- 0x00000001


mem[X,0x80032400] -> 0x006F
mem[X,0x80032402] -> 0x0200
[5092] [M]: 0x80032400 (0x0200006F) jal zero, 32


mem[X,0x80032420] -> 0xA423
mem[X,0x80032422] -> 0x0040
[5093] [M]: 0x80032420 (0x0040A423) sw tp, 8(ra)
mem[0x8004C97C] <- 0x00000001


mem[X,0x80032424] -> 0x5537
mem[X,0x80032426] -> 0x5555
[5094] [M]: 0x80032424 (0x55555537) lui a0, 349525
x10 <- 0x55555000


mem[X,0x80032428] -> 0x0513
mem[X,0x8003242A] -> 0x5565
[5095] [M]: 0x80032428 (0x55650513) addi a0, a0, 1366
x10 <- 0x55555556


mem[X,0x8003242C] -> 0x0593
mem[X,0x8003242E] -> 0x0060
[5096] [M]: 0x8003242C (0x00600593) addi a1, zero, 6
x11 <- 0x00000006


mem[X,0x80032430] -> 0x0213
mem[X,0x80032432] -> 0x0000
[5097] [M]: 0x80032430 (0x00000213) addi tp, zero, 0
x4 <- 0x00000000


mem[X,0x80032434] -> 0x006F
mem[X,0x80032436] -> 0x00C0
[5098] [M]: 0x80032434 (0x00C0006F) jal zero, 12


mem[X,0x80032440] -> 0x6063
mem[X,0x80032442] -> 0x04B5
[5099] [M]: 0x80032440 (0x04B56063) bltu a0, a1, 64


clint::tick mtime <- 0x0000000000000033
 clint timer pending at mtime 0x0000000000000033
htif::tick 0x0000000000000000
mem[X,0x80032444] -> 0x0213
mem[X,0x80032446] -> 0x0022
[5100] [M]: 0x80032444 (0x00220213) addi tp, tp, 2
x4 <- 0x00000002


mem[X,0x80032448] -> 0x006F
mem[X,0x8003244A] -> 0x0400
[5101] [M]: 0x80032448 (0x0400006F) jal zero, 64


mem[X,0x80032488] -> 0xA623
mem[X,0x8003248A] -> 0x0040
[5102] [M]: 0x80032488 (0x0040A623) sw tp, 12(ra)
mem[0x8004C980] <- 0x00000002


mem[X,0x8003248C] -> 0x5537
mem[X,0x8003248E] -> 0x5555
[5103] [M]: 0x8003248C (0x55555537) lui a0, 349525
x10 <- 0x55555000


mem[X,0x80032490] -> 0x0513
mem[X,0x80032492] -> 0x5565
[5104] [M]: 0x80032490 (0x55650513) addi a0, a0, 1366
x10 <- 0x55555556


mem[X,0x80032494] -> 0x35B7
mem[X,0x80032496] -> 0x3333
[5105] [M]: 0x80032494 (0x333335B7) lui a1, 209715
x11 <- 0x33333000


mem[X,0x80032498] -> 0x8593
mem[X,0x8003249A] -> 0x3345
[5106] [M]: 0x80032498 (0x33458593) addi a1, a1, 820
x11 <- 0x33333334


mem[X,0x8003249C] -> 0x0213
mem[X,0x8003249E] -> 0x0000
[5107] [M]: 0x8003249C (0x00000213) addi tp, zero, 0
x4 <- 0x00000000


mem[X,0x800324A0] -> 0x006F
mem[X,0x800324A2] -> 0x00C0
[5108] [M]: 0x800324A0 (0x00C0006F) jal zero, 12


mem[X,0x800324AC] -> 0x6063
mem[X,0x800324AE] -> 0x40B5
[5109] [M]: 0x800324AC (0x40B56063) bltu a0, a1, 1024


mem[X,0x800324B0] -> 0x0213
mem[X,0x800324B2] -> 0x0022
[5110] [M]: 0x800324B0 (0x00220213) addi tp, tp, 2
x4 <- 0x00000002


mem[X,0x800324B4] -> 0x006F
mem[X,0x800324B6] -> 0x4000
[5111] [M]: 0x800324B4 (0x4000006F) jal zero, 1024


mem[X,0x800328B4] -> 0xA823
mem[X,0x800328B6] -> 0x0040
[5112] [M]: 0x800328B4 (0x0040A823) sw tp, 16(ra)
mem[0x8004C984] <- 0x00000002


mem[X,0x800328B8] -> 0x5537
mem[X,0x800328BA] -> 0x5555
[5113] [M]: 0x800328B8 (0x55555537) lui a0, 349525
x10 <- 0x55555000


mem[X,0x800328BC] -> 0x0513
mem[X,0x800328BE] -> 0x5565
[5114] [M]: 0x800328BC (0x55650513) addi a0, a0, 1366
x10 <- 0x55555556


mem[X,0x800328C0] -> 0x65B7
mem[X,0x800328C2] -> 0x6666
[5115] [M]: 0x800328C0 (0x666665B7) lui a1, 419430
x11 <- 0x66666000


mem[X,0x800328C4] -> 0x8593
mem[X,0x800328C6] -> 0x6675
[5116] [M]: 0x800328C4 (0x66758593) addi a1, a1, 1639
x11 <- 0x66666667


mem[X,0x800328C8] -> 0x0213
mem[X,0x800328CA] -> 0x0000
[5117] [M]: 0x800328C8 (0x00000213) addi tp, zero, 0
x4 <- 0x00000000


mem[X,0x800328CC] -> 0x006F
mem[X,0x800328CE] -> 0x00C0
[5118] [M]: 0x800328CC (0x00C0006F) jal zero, 12


mem[X,0x800328D8] -> 0x6663
mem[X,0x800328DA] -> 0x00B5
[5119] [M]: 0x800328D8 (0x00B56663) bltu a0, a1, 12


mem[X,0x800328E4] -> 0x0213
mem[X,0x800328E6] -> 0x0032
[5120] [M]: 0x800328E4 (0x00320213) addi tp, tp, 3
x4 <- 0x00000003


mem[X,0x800328E8] -> 0x006F
mem[X,0x800328EA] -> 0x0040
[5121] [M]: 0x800328E8 (0x0040006F) jal zero, 4


mem[X,0x800328EC] -> 0xAA23
mem[X,0x800328EE] -> 0x0040
[5122] [M]: 0x800328EC (0x0040AA23) sw tp, 20(ra)
mem[0x8004C988] <- 0x00000003


mem[X,0x800328F0] -> 0x5537
mem[X,0x800328F2] -> 0x5555
[5123] [M]: 0x800328F0 (0x55555537) lui a0, 349525
x10 <- 0x55555000


mem[X,0x800328F4] -> 0x0513
mem[X,0x800328F6] -> 0x5565
[5124] [M]: 0x800328F4 (0x55650513) addi a0, a0, 1366
x10 <- 0x55555556


mem[X,0x800328F8] -> 0xB5B7
mem[X,0x800328FA] -> 0x0000
[5125] [M]: 0x800328F8 (0x0000B5B7) lui a1, 11
x11 <- 0x0000B000


mem[X,0x800328FC] -> 0x8593
mem[X,0x800328FE] -> 0x5055
[5126] [M]: 0x800328FC (0x50558593) addi a1, a1, 1285
x11 <- 0x0000B505


mem[X,0x80032900] -> 0x0213
mem[X,0x80032902] -> 0x0000
[5127] [M]: 0x80032900 (0x00000213) addi tp, zero, 0
x4 <- 0x00000000


mem[X,0x80032904] -> 0x006F
mem[X,0x80032906] -> 0x00C0
[5128] [M]: 0x80032904 (0x00C0006F) jal zero, 12


mem[X,0x80032910] -> 0x6663
mem[X,0x80032912] -> 0x00B5
[5129] [M]: 0x80032910 (0x00B56663) bltu a0, a1, 12


mem[X,0x80032914] -> 0x0213
mem[X,0x80032916] -> 0x0022
[5130] [M]: 0x80032914 (0x00220213) addi tp, tp, 2
x4 <- 0x00000002


mem[X,0x80032918] -> 0x006F
mem[X,0x8003291A] -> 0x00C0
[5131] [M]: 0x80032918 (0x00C0006F) jal zero, 12


mem[X,0x80032924] -> 0xAC23
mem[X,0x80032926] -> 0x0040
[5132] [M]: 0x80032924 (0x0040AC23) sw tp, 24(ra)
mem[0x8004C98C] <- 0x00000002


mem[X,0x80032928] -> 0x5537
mem[X,0x8003292A] -> 0x5555
[5133] [M]: 0x80032928 (0x55555537) lui a0, 349525
x10 <- 0x55555000


mem[X,0x8003292C] -> 0x0513
mem[X,0x8003292E] -> 0x5565
[5134] [M]: 0x8003292C (0x55650513) addi a0, a0, 1366
x10 <- 0x55555556


mem[X,0x80032930] -> 0x0593
mem[X,0x80032932] -> 0x0010
[5135] [M]: 0x80032930 (0x00100593) addi a1, zero, 1
x11 <- 0x00000001


mem[X,0x80032934] -> 0x0213
mem[X,0x80032936] -> 0x0000
[5136] [M]: 0x80032934 (0x00000213) addi tp, zero, 0
x4 <- 0x00000000


mem[X,0x80032938] -> 0x006F
mem[X,0x8003293A] -> 0x0100
[5137] [M]: 0x80032938 (0x0100006F) jal zero, 16


mem[X,0x80032948] -> 0x6AE3
mem[X,0x8003294A] -> 0xFEB5
[5138] [M]: 0x80032948 (0xFEB56AE3) bltu a0, a1, 8180


mem[X,0x8003294C] -> 0x0213
mem[X,0x8003294E] -> 0x0022
[5139] [M]: 0x8003294C (0x00220213) addi tp, tp, 2
x4 <- 0x00000002


mem[X,0x80032950] -> 0x006F
mem[X,0x80032952] -> 0x00C0
[5140] [M]: 0x80032950 (0x00C0006F) jal zero, 12


mem[X,0x8003295C] -> 0xAE23
mem[X,0x8003295E] -> 0x0040
[5141] [M]: 0x8003295C (0x0040AE23) sw tp, 28(ra)
mem[0x8004C990] <- 0x00000002


mem[X,0x80032960] -> 0x5537
mem[X,0x80032962] -> 0x5555
[5142] [M]: 0x80032960 (0x55555537) lui a0, 349525
x10 <- 0x55555000


mem[X,0x80032964] -> 0x0513
mem[X,0x80032966] -> 0x5565
[5143] [M]: 0x80032964 (0x55650513) addi a0, a0, 1366
x10 <- 0x55555556


mem[X,0x80032968] -> 0x05B7
mem[X,0x8003296A] -> 0x0001
[5144] [M]: 0x80032968 (0x000105B7) lui a1, 16
x11 <- 0x00010000


mem[X,0x8003296C] -> 0x0213
mem[X,0x8003296E] -> 0x0000
[5145] [M]: 0x8003296C (0x00000213) addi tp, zero, 0
x4 <- 0x00000000


mem[X,0x80032970] -> 0x006F
mem[X,0x80032972] -> 0x00C0
[5146] [M]: 0x80032970 (0x00C0006F) jal zero, 12


mem[X,0x8003297C] -> 0x6063
mem[X,0x8003297E] -> 0x02B5
[5147] [M]: 0x8003297C (0x02B56063) bltu a0, a1, 32


mem[X,0x80032980] -> 0x0213
mem[X,0x80032982] -> 0x0022
[5148] [M]: 0x80032980 (0x00220213) addi tp, tp, 2
x4 <- 0x00000002


mem[X,0x80032984] -> 0x006F
mem[X,0x80032986] -> 0x0200
[5149] [M]: 0x80032984 (0x0200006F) jal zero, 32


mem[X,0x800329A4] -> 0xA023
mem[X,0x800329A6] -> 0x0240
[5150] [M]: 0x800329A4 (0x0240A023) sw tp, 32(ra)
mem[0x8004C994] <- 0x00000002


mem[X,0x800329A8] -> 0xB537
mem[X,0x800329AA] -> 0xAAAA
[5151] [M]: 0x800329A8 (0xAAAAB537) lui a0, 699051
x10 <- 0xAAAAB000


mem[X,0x800329AC] -> 0x0513
mem[X,0x800329AE] -> 0xAAB5
[5152] [M]: 0x800329AC (0xAAB50513) addi a0, a0, 2731
x10 <- 0xAAAAAAAB


mem[X,0x800329B0] -> 0x0593
mem[X,0x800329B2] -> 0x0030
[5153] [M]: 0x800329B0 (0x00300593) addi a1, zero, 3
x11 <- 0x00000003


mem[X,0x800329B4] -> 0x0213
mem[X,0x800329B6] -> 0x0000
[5154] [M]: 0x800329B4 (0x00000213) addi tp, zero, 0
x4 <- 0x00000000


mem[X,0x800329B8] -> 0x006F
mem[X,0x800329BA] -> 0x0100
[5155] [M]: 0x800329B8 (0x0100006F) jal zero, 16


mem[X,0x800329C8] -> 0x6AE3
mem[X,0x800329CA] -> 0xFEB5
[5156] [M]: 0x800329C8 (0xFEB56AE3) bltu a0, a1, 8180


mem[X,0x800329CC] -> 0x0213
mem[X,0x800329CE] -> 0x0022
[5157] [M]: 0x800329CC (0x00220213) addi tp, tp, 2
x4 <- 0x00000002


mem[X,0x800329D0] -> 0x006F
mem[X,0x800329D2] -> 0x00C0
[5158] [M]: 0x800329D0 (0x00C0006F) jal zero, 12


mem[X,0x800329DC] -> 0xA223
mem[X,0x800329DE] -> 0x0240
[5159] [M]: 0x800329DC (0x0240A223) sw tp, 36(ra)
mem[0x8004C998] <- 0x00000002


mem[X,0x800329E0] -> 0xB537
mem[X,0x800329E2] -> 0xAAAA
[5160] [M]: 0x800329E0 (0xAAAAB537) lui a0, 699051
x10 <- 0xAAAAB000


mem[X,0x800329E4] -> 0x0513
mem[X,0x800329E6] -> 0xAAB5
[5161] [M]: 0x800329E4 (0xAAB50513) addi a0, a0, 2731
x10 <- 0xAAAAAAAB


mem[X,0x800329E8] -> 0x55B7
mem[X,0x800329EA] -> 0x5555
[5162] [M]: 0x800329E8 (0x555555B7) lui a1, 349525
x11 <- 0x55555000


mem[X,0x800329EC] -> 0x8593
mem[X,0x800329EE] -> 0x5555
[5163] [M]: 0x800329EC (0x55558593) addi a1, a1, 1365
x11 <- 0x55555555


mem[X,0x800329F0] -> 0x0213
mem[X,0x800329F2] -> 0x0000
[5164] [M]: 0x800329F0 (0x00000213) addi tp, zero, 0
x4 <- 0x00000000


mem[X,0x800329F4] -> 0x006F
mem[X,0x800329F6] -> 0x00C0
[5165] [M]: 0x800329F4 (0x00C0006F) jal zero, 12


mem[X,0x80032A00] -> 0x6CE3
mem[X,0x80032A02] -> 0xFEB5
[5166] [M]: 0x80032A00 (0xFEB56CE3) bltu a0, a1, 8184


mem[X,0x80032A04] -> 0x0213
mem[X,0x80032A06] -> 0x0022
[5167] [M]: 0x80032A04 (0x00220213) addi tp, tp, 2
x4 <- 0x00000002


mem[X,0x80032A08] -> 0x006F
mem[X,0x80032A0A] -> 0x00C0
[5168] [M]: 0x80032A08 (0x00C0006F) jal zero, 12


mem[X,0x80032A14] -> 0xA423
mem[X,0x80032A16] -> 0x0240
[5169] [M]: 0x80032A14 (0x0240A423) sw tp, 40(ra)
mem[0x8004C99C] <- 0x00000002


mem[X,0x80032A18] -> 0xB537
mem[X,0x80032A1A] -> 0xAAAA
[5170] [M]: 0x80032A18 (0xAAAAB537) lui a0, 699051
x10 <- 0xAAAAB000


mem[X,0x80032A1C] -> 0x0513
mem[X,0x80032A1E] -> 0xAAB5
[5171] [M]: 0x80032A1C (0xAAB50513) addi a0, a0, 2731
x10 <- 0xAAAAAAAB


mem[X,0x80032A20] -> 0xB5B7
mem[X,0x80032A22] -> 0xAAAA
[5172] [M]: 0x80032A20 (0xAAAAB5B7) lui a1, 699051
x11 <- 0xAAAAB000


mem[X,0x80032A24] -> 0x8593
mem[X,0x80032A26] -> 0xAAA5
[5173] [M]: 0x80032A24 (0xAAA58593) addi a1, a1, 2730
x11 <- 0xAAAAAAAA


mem[X,0x80032A28] -> 0x0213
mem[X,0x80032A2A] -> 0x0000
[5174] [M]: 0x80032A28 (0x00000213) addi tp, zero, 0
x4 <- 0x00000000


mem[X,0x80032A2C] -> 0x006F
mem[X,0x80032A2E] -> 0x00C0
[5175] [M]: 0x80032A2C (0x00C0006F) jal zero, 12


mem[X,0x80032A38] -> 0x6063
mem[X,0x80032A3A] -> 0x20B5
[5176] [M]: 0x80032A38 (0x20B56063) bltu a0, a1, 512


mem[X,0x80032A3C] -> 0x0213
mem[X,0x80032A3E] -> 0x0022
[5177] [M]: 0x80032A3C (0x00220213) addi tp, tp, 2
x4 <- 0x00000002


mem[X,0x80032A40] -> 0x006F
mem[X,0x80032A42] -> 0x2000
[5178] [M]: 0x80032A40 (0x2000006F) jal zero, 512


mem[X,0x80032C40] -> 0xA623
mem[X,0x80032C42] -> 0x0240
[5179] [M]: 0x80032C40 (0x0240A623) sw tp, 44(ra)
mem[0x8004C9A0] <- 0x00000002


mem[X,0x80032C44] -> 0xB537
mem[X,0x80032C46] -> 0xAAAA
[5180] [M]: 0x80032C44 (0xAAAAB537) lui a0, 699051
x10 <- 0xAAAAB000


mem[X,0x80032C48] -> 0x0513
mem[X,0x80032C4A] -> 0xAAB5
[5181] [M]: 0x80032C48 (0xAAB50513) addi a0, a0, 2731
x10 <- 0xAAAAAAAB


mem[X,0x80032C4C] -> 0x0593
mem[X,0x80032C4E] -> 0x0050
[5182] [M]: 0x80032C4C (0x00500593) addi a1, zero, 5
x11 <- 0x00000005


mem[X,0x80032C50] -> 0x0213
mem[X,0x80032C52] -> 0x0000
[5183] [M]: 0x80032C50 (0x00000213) addi tp, zero, 0
x4 <- 0x00000000


mem[X,0x80032C54] -> 0x006F
mem[X,0x80032C56] -> 0x00C0
[5184] [M]: 0x80032C54 (0x00C0006F) jal zero, 12


mem[X,0x80032C60] -> 0x6CE3
mem[X,0x80032C62] -> 0xFEB5
[5185] [M]: 0x80032C60 (0xFEB56CE3) bltu a0, a1, 8184


mem[X,0x80032C64] -> 0x0213
mem[X,0x80032C66] -> 0x0022
[5186] [M]: 0x80032C64 (0x00220213) addi tp, tp, 2
x4 <- 0x00000002


mem[X,0x80032C68] -> 0x006F
mem[X,0x80032C6A] -> 0x00C0
[5187] [M]: 0x80032C68 (0x00C0006F) jal zero, 12


mem[X,0x80032C74] -> 0xA823
mem[X,0x80032C76] -> 0x0240
[5188] [M]: 0x80032C74 (0x0240A823) sw tp, 48(ra)
mem[0x8004C9A4] <- 0x00000002


mem[X,0x80032C78] -> 0xB537
mem[X,0x80032C7A] -> 0xAAAA
[5189] [M]: 0x80032C78 (0xAAAAB537) lui a0, 699051
x10 <- 0xAAAAB000


mem[X,0x80032C7C] -> 0x0513
mem[X,0x80032C7E] -> 0xAAB5
[5190] [M]: 0x80032C7C (0xAAB50513) addi a0, a0, 2731
x10 <- 0xAAAAAAAB


mem[X,0x80032C80] -> 0x35B7
mem[X,0x80032C82] -> 0x3333
[5191] [M]: 0x80032C80 (0x333335B7) lui a1, 209715
x11 <- 0x33333000


mem[X,0x80032C84] -> 0x8593
mem[X,0x80032C86] -> 0x3335
[5192] [M]: 0x80032C84 (0x33358593) addi a1, a1, 819
x11 <- 0x33333333


mem[X,0x80032C88] -> 0x0213
mem[X,0x80032C8A] -> 0x0000
[5193] [M]: 0x80032C88 (0x00000213) addi tp, zero, 0
x4 <- 0x00000000


mem[X,0x80032C8C] -> 0x006F
mem[X,0x80032C8E] -> 0x00C0
[5194] [M]: 0x80032C8C (0x00C0006F) jal zero, 12


mem[X,0x80032C98] -> 0x6063
mem[X,0x80032C9A] -> 0x02B5
[5195] [M]: 0x80032C98 (0x02B56063) bltu a0, a1, 32


mem[X,0x80032C9C] -> 0x0213
mem[X,0x80032C9E] -> 0x0022
[5196] [M]: 0x80032C9C (0x00220213) addi tp, tp, 2
x4 <- 0x00000002


mem[X,0x80032CA0] -> 0x006F
mem[X,0x80032CA2] -> 0x0200
[5197] [M]: 0x80032CA0 (0x0200006F) jal zero, 32


mem[X,0x80032CC0] -> 0xAA23
mem[X,0x80032CC2] -> 0x0240
[5198] [M]: 0x80032CC0 (0x0240AA23) sw tp, 52(ra)
mem[0x8004C9A8] <- 0x00000002


mem[X,0x80032CC4] -> 0xB537
mem[X,0x80032CC6] -> 0xAAAA
[5199] [M]: 0x80032CC4 (0xAAAAB537) lui a0, 699051
x10 <- 0xAAAAB000


clint::tick mtime <- 0x0000000000000034
 clint timer pending at mtime 0x0000000000000034
htif::tick 0x0000000000000000
mem[X,0x80032CC8] -> 0x0513
mem[X,0x80032CCA] -> 0xAAB5
[5200] [M]: 0x80032CC8 (0xAAB50513) addi a0, a0, 2731
x10 <- 0xAAAAAAAB


mem[X,0x80032CCC] -> 0x65B7
mem[X,0x80032CCE] -> 0x6666
[5201] [M]: 0x80032CCC (0x666665B7) lui a1, 419430
x11 <- 0x66666000


mem[X,0x80032CD0] -> 0x8593
mem[X,0x80032CD2] -> 0x6665
[5202] [M]: 0x80032CD0 (0x66658593) addi a1, a1, 1638
x11 <- 0x66666666


mem[X,0x80032CD4] -> 0x0213
mem[X,0x80032CD6] -> 0x0000
[5203] [M]: 0x80032CD4 (0x00000213) addi tp, zero, 0
x4 <- 0x00000000


mem[X,0x80032CD8] -> 0x006F
mem[X,0x80032CDA] -> 0x00C0
[5204] [M]: 0x80032CD8 (0x00C0006F) jal zero, 12


mem[X,0x80032CE4] -> 0x6063
mem[X,0x80032CE6] -> 0x10B5
[5205] [M]: 0x80032CE4 (0x10B56063) bltu a0, a1, 256


mem[X,0x80032CE8] -> 0x0213
mem[X,0x80032CEA] -> 0x0022
[5206] [M]: 0x80032CE8 (0x00220213) addi tp, tp, 2
x4 <- 0x00000002


mem[X,0x80032CEC] -> 0x006F
mem[X,0x80032CEE] -> 0x1000
[5207] [M]: 0x80032CEC (0x1000006F) jal zero, 256


mem[X,0x80032DEC] -> 0xAC23
mem[X,0x80032DEE] -> 0x0240
[5208] [M]: 0x80032DEC (0x0240AC23) sw tp, 56(ra)
mem[0x8004C9AC] <- 0x00000002


mem[X,0x80032DF0] -> 0xB537
mem[X,0x80032DF2] -> 0xAAAA
[5209] [M]: 0x80032DF0 (0xAAAAB537) lui a0, 699051
x10 <- 0xAAAAB000


mem[X,0x80032DF4] -> 0x0513
mem[X,0x80032DF6] -> 0xAAB5
[5210] [M]: 0x80032DF4 (0xAAB50513) addi a0, a0, 2731
x10 <- 0xAAAAAAAB


mem[X,0x80032DF8] -> 0xB5B7
mem[X,0x80032DFA] -> 0x0000
[5211] [M]: 0x80032DF8 (0x0000B5B7) lui a1, 11
x11 <- 0x0000B000


mem[X,0x80032DFC] -> 0x8593
mem[X,0x80032DFE] -> 0x5045
[5212] [M]: 0x80032DFC (0x50458593) addi a1, a1, 1284
x11 <- 0x0000B504


mem[X,0x80032E00] -> 0x0213
mem[X,0x80032E02] -> 0x0000
[5213] [M]: 0x80032E00 (0x00000213) addi tp, zero, 0
x4 <- 0x00000000


mem[X,0x80032E04] -> 0x006F
mem[X,0x80032E06] -> 0x2B10
[5214] [M]: 0x80032E04 (0x2B10006F) jal zero, 2736


mem[X,0x800338B4] -> 0x6A63
mem[X,0x800338B6] -> 0xD4B5
[5215] [M]: 0x800338B4 (0xD4B56A63) bltu a0, a1, 5460


mem[X,0x800338B8] -> 0x0213
mem[X,0x800338BA] -> 0x0022
[5216] [M]: 0x800338B8 (0x00220213) addi tp, tp, 2
x4 <- 0x00000002


mem[X,0x800338BC] -> 0x006F
mem[X,0x800338BE] -> 0x00C0
[5217] [M]: 0x800338BC (0x00C0006F) jal zero, 12


mem[X,0x800338C8] -> 0xAE23
mem[X,0x800338CA] -> 0x0240
[5218] [M]: 0x800338C8 (0x0240AE23) sw tp, 60(ra)
mem[0x8004C9B0] <- 0x00000002


mem[X,0x800338CC] -> 0xB537
mem[X,0x800338CE] -> 0xAAAA
[5219] [M]: 0x800338CC (0xAAAAB537) lui a0, 699051
x10 <- 0xAAAAB000


mem[X,0x800338D0] -> 0x0513
mem[X,0x800338D2] -> 0xAAB5
[5220] [M]: 0x800338D0 (0xAAB50513) addi a0, a0, 2731
x10 <- 0xAAAAAAAB


mem[X,0x800338D4] -> 0x0593
mem[X,0x800338D6] -> 0x0000
[5221] [M]: 0x800338D4 (0x00000593) addi a1, zero, 0
x11 <- 0x00000000


mem[X,0x800338D8] -> 0x0213
mem[X,0x800338DA] -> 0x0000
[5222] [M]: 0x800338D8 (0x00000213) addi tp, zero, 0
x4 <- 0x00000000


mem[X,0x800338DC] -> 0x006F
mem[X,0x800338DE] -> 0x00C0
[5223] [M]: 0x800338DC (0x00C0006F) jal zero, 12


mem[X,0x800338E8] -> 0x6663
mem[X,0x800338EA] -> 0x00B5
[5224] [M]: 0x800338E8 (0x00B56663) bltu a0, a1, 12


mem[X,0x800338EC] -> 0x0213
mem[X,0x800338EE] -> 0x0022
[5225] [M]: 0x800338EC (0x00220213) addi tp, tp, 2
x4 <- 0x00000002


mem[X,0x800338F0] -> 0x006F
mem[X,0x800338F2] -> 0x00C0
[5226] [M]: 0x800338F0 (0x00C0006F) jal zero, 12


mem[X,0x800338FC] -> 0xA023
mem[X,0x800338FE] -> 0x0440
[5227] [M]: 0x800338FC (0x0440A023) sw tp, 64(ra)
mem[0x8004C9B4] <- 0x00000002


mem[X,0x80033900] -> 0xB537
mem[X,0x80033902] -> 0xAAAA
[5228] [M]: 0x80033900 (0xAAAAB537) lui a0, 699051
x10 <- 0xAAAAB000


mem[X,0x80033904] -> 0x0513
mem[X,0x80033906] -> 0xAAB5
[5229] [M]: 0x80033904 (0xAAB50513) addi a0, a0, 2731
x10 <- 0xAAAAAAAB


mem[X,0x80033908] -> 0x05B7
mem[X,0x8003390A] -> 0x0001
[5230] [M]: 0x80033908 (0x000105B7) lui a1, 16
x11 <- 0x00010000


mem[X,0x8003390C] -> 0x8593
mem[X,0x8003390E] -> 0xFFF5
[5231] [M]: 0x8003390C (0xFFF58593) addi a1, a1, 4095
x11 <- 0x0000FFFF


mem[X,0x80033910] -> 0x0213
mem[X,0x80033912] -> 0x0000
[5232] [M]: 0x80033910 (0x00000213) addi tp, zero, 0
x4 <- 0x00000000


mem[X,0x80033914] -> 0x006F
mem[X,0x80033916] -> 0x0180
[5233] [M]: 0x80033914 (0x0180006F) jal zero, 24


mem[X,0x8003392C] -> 0x66E3
mem[X,0x8003392E] -> 0xFEB5
[5234] [M]: 0x8003392C (0xFEB566E3) bltu a0, a1, 8172


mem[X,0x80033930] -> 0x0213
mem[X,0x80033932] -> 0x0022
[5235] [M]: 0x80033930 (0x00220213) addi tp, tp, 2
x4 <- 0x00000002


mem[X,0x80033934] -> 0x006F
mem[X,0x80033936] -> 0x00C0
[5236] [M]: 0x80033934 (0x00C0006F) jal zero, 12


mem[X,0x80033940] -> 0xA223
mem[X,0x80033942] -> 0x0440
[5237] [M]: 0x80033940 (0x0440A223) sw tp, 68(ra)
mem[0x8004C9B8] <- 0x00000002


mem[X,0x80033944] -> 0xB537
mem[X,0x80033946] -> 0xAAAA
[5238] [M]: 0x80033944 (0xAAAAB537) lui a0, 699051
x10 <- 0xAAAAB000


mem[X,0x80033948] -> 0x0513
mem[X,0x8003394A] -> 0xAAB5
[5239] [M]: 0x80033948 (0xAAB50513) addi a0, a0, 2731
x10 <- 0xAAAAAAAB


mem[X,0x8003394C] -> 0x0593
mem[X,0x8003394E] -> 0x0020
[5240] [M]: 0x8003394C (0x00200593) addi a1, zero, 2
x11 <- 0x00000002


mem[X,0x80033950] -> 0x0213
mem[X,0x80033952] -> 0x0000
[5241] [M]: 0x80033950 (0x00000213) addi tp, zero, 0
x4 <- 0x00000000


mem[X,0x80033954] -> 0x006F
mem[X,0x80033956] -> 0x00C0
[5242] [M]: 0x80033954 (0x00C0006F) jal zero, 12


mem[X,0x80033960] -> 0x6063
mem[X,0x80033962] -> 0x04B5
[5243] [M]: 0x80033960 (0x04B56063) bltu a0, a1, 64


mem[X,0x80033964] -> 0x0213
mem[X,0x80033966] -> 0x0022
[5244] [M]: 0x80033964 (0x00220213) addi tp, tp, 2
x4 <- 0x00000002


mem[X,0x80033968] -> 0x006F
mem[X,0x8003396A] -> 0x0400
[5245] [M]: 0x80033968 (0x0400006F) jal zero, 64


mem[X,0x800339A8] -> 0xA423
mem[X,0x800339AA] -> 0x0440
[5246] [M]: 0x800339A8 (0x0440A423) sw tp, 72(ra)
mem[0x8004C9BC] <- 0x00000002


mem[X,0x800339AC] -> 0xB537
mem[X,0x800339AE] -> 0xAAAA
[5247] [M]: 0x800339AC (0xAAAAB537) lui a0, 699051
x10 <- 0xAAAAB000


mem[X,0x800339B0] -> 0x0513
mem[X,0x800339B2] -> 0xAAB5
[5248] [M]: 0x800339B0 (0xAAB50513) addi a0, a0, 2731
x10 <- 0xAAAAAAAB


mem[X,0x800339B4] -> 0x55B7
mem[X,0x800339B6] -> 0x5555
[5249] [M]: 0x800339B4 (0x555555B7) lui a1, 349525
x11 <- 0x55555000


mem[X,0x800339B8] -> 0x8593
mem[X,0x800339BA] -> 0x5545
[5250] [M]: 0x800339B8 (0x55458593) addi a1, a1, 1364
x11 <- 0x55555554


mem[X,0x800339BC] -> 0x0213
mem[X,0x800339BE] -> 0x0000
[5251] [M]: 0x800339BC (0x00000213) addi tp, zero, 0
x4 <- 0x00000000


mem[X,0x800339C0] -> 0x006F
mem[X,0x800339C2] -> 0x00C0
[5252] [M]: 0x800339C0 (0x00C0006F) jal zero, 12


mem[X,0x800339CC] -> 0x6663
mem[X,0x800339CE] -> 0x00B5
[5253] [M]: 0x800339CC (0x00B56663) bltu a0, a1, 12


mem[X,0x800339D0] -> 0x0213
mem[X,0x800339D2] -> 0x0022
[5254] [M]: 0x800339D0 (0x00220213) addi tp, tp, 2
x4 <- 0x00000002


mem[X,0x800339D4] -> 0x006F
mem[X,0x800339D6] -> 0x00C0
[5255] [M]: 0x800339D4 (0x00C0006F) jal zero, 12


mem[X,0x800339E0] -> 0xA623
mem[X,0x800339E2] -> 0x0440
[5256] [M]: 0x800339E0 (0x0440A623) sw tp, 76(ra)
mem[0x8004C9C0] <- 0x00000002


mem[X,0x800339E4] -> 0xB537
mem[X,0x800339E6] -> 0xAAAA
[5257] [M]: 0x800339E4 (0xAAAAB537) lui a0, 699051
x10 <- 0xAAAAB000


mem[X,0x800339E8] -> 0x0513
mem[X,0x800339EA] -> 0xAAB5
[5258] [M]: 0x800339E8 (0xAAB50513) addi a0, a0, 2731
x10 <- 0xAAAAAAAB


mem[X,0x800339EC] -> 0xB5B7
mem[X,0x800339EE] -> 0xAAAA
[5259] [M]: 0x800339EC (0xAAAAB5B7) lui a1, 699051
x11 <- 0xAAAAB000


mem[X,0x800339F0] -> 0x8593
mem[X,0x800339F2] -> 0xAA95
[5260] [M]: 0x800339F0 (0xAA958593) addi a1, a1, 2729
x11 <- 0xAAAAAAA9


mem[X,0x800339F4] -> 0x0213
mem[X,0x800339F6] -> 0x0000
[5261] [M]: 0x800339F4 (0x00000213) addi tp, zero, 0
x4 <- 0x00000000


mem[X,0x800339F8] -> 0x006F
mem[X,0x800339FA] -> 0x0100
[5262] [M]: 0x800339F8 (0x0100006F) jal zero, 16


mem[X,0x80033A08] -> 0x6AE3
mem[X,0x80033A0A] -> 0xFEB5
[5263] [M]: 0x80033A08 (0xFEB56AE3) bltu a0, a1, 8180


mem[X,0x80033A0C] -> 0x0213
mem[X,0x80033A0E] -> 0x0022
[5264] [M]: 0x80033A0C (0x00220213) addi tp, tp, 2
x4 <- 0x00000002


mem[X,0x80033A10] -> 0x006F
mem[X,0x80033A12] -> 0x00C0
[5265] [M]: 0x80033A10 (0x00C0006F) jal zero, 12


mem[X,0x80033A1C] -> 0xA823
mem[X,0x80033A1E] -> 0x0440
[5266] [M]: 0x80033A1C (0x0440A823) sw tp, 80(ra)
mem[0x8004C9C4] <- 0x00000002


mem[X,0x80033A20] -> 0xB537
mem[X,0x80033A22] -> 0xAAAA
[5267] [M]: 0x80033A20 (0xAAAAB537) lui a0, 699051
x10 <- 0xAAAAB000


mem[X,0x80033A24] -> 0x0513
mem[X,0x80033A26] -> 0xAAB5
[5268] [M]: 0x80033A24 (0xAAB50513) addi a0, a0, 2731
x10 <- 0xAAAAAAAB


mem[X,0x80033A28] -> 0x35B7
mem[X,0x80033A2A] -> 0x3333
[5269] [M]: 0x80033A28 (0x333335B7) lui a1, 209715
x11 <- 0x33333000


mem[X,0x80033A2C] -> 0x8593
mem[X,0x80033A2E] -> 0x3325
[5270] [M]: 0x80033A2C (0x33258593) addi a1, a1, 818
x11 <- 0x33333332


mem[X,0x80033A30] -> 0x0213
mem[X,0x80033A32] -> 0x0000
[5271] [M]: 0x80033A30 (0x00000213) addi tp, zero, 0
x4 <- 0x00000000


mem[X,0x80033A34] -> 0x006F
mem[X,0x80033A36] -> 0x00C0
[5272] [M]: 0x80033A34 (0x00C0006F) jal zero, 12


mem[X,0x80033A40] -> 0x6663
mem[X,0x80033A42] -> 0x00B5
[5273] [M]: 0x80033A40 (0x00B56663) bltu a0, a1, 12


mem[X,0x80033A44] -> 0x0213
mem[X,0x80033A46] -> 0x0022
[5274] [M]: 0x80033A44 (0x00220213) addi tp, tp, 2
x4 <- 0x00000002


mem[X,0x80033A48] -> 0x006F
mem[X,0x80033A4A] -> 0x00C0
[5275] [M]: 0x80033A48 (0x00C0006F) jal zero, 12


mem[X,0x80033A54] -> 0xAA23
mem[X,0x80033A56] -> 0x0440
[5276] [M]: 0x80033A54 (0x0440AA23) sw tp, 84(ra)
mem[0x8004C9C8] <- 0x00000002


mem[X,0x80033A58] -> 0xB537
mem[X,0x80033A5A] -> 0xAAAA
[5277] [M]: 0x80033A58 (0xAAAAB537) lui a0, 699051
x10 <- 0xAAAAB000


mem[X,0x80033A5C] -> 0x0513
mem[X,0x80033A5E] -> 0xAAB5
[5278] [M]: 0x80033A5C (0xAAB50513) addi a0, a0, 2731
x10 <- 0xAAAAAAAB


mem[X,0x80033A60] -> 0x65B7
mem[X,0x80033A62] -> 0x6666
[5279] [M]: 0x80033A60 (0x666665B7) lui a1, 419430
x11 <- 0x66666000


mem[X,0x80033A64] -> 0x8593
mem[X,0x80033A66] -> 0x6655
[5280] [M]: 0x80033A64 (0x66558593) addi a1, a1, 1637
x11 <- 0x66666665


mem[X,0x80033A68] -> 0x0213
mem[X,0x80033A6A] -> 0x0000
[5281] [M]: 0x80033A68 (0x00000213) addi tp, zero, 0
x4 <- 0x00000000


mem[X,0x80033A6C] -> 0x006F
mem[X,0x80033A6E] -> 0x00C0
[5282] [M]: 0x80033A6C (0x00C0006F) jal zero, 12


mem[X,0x80033A78] -> 0x6063
mem[X,0x80033A7A] -> 0x02B5
[5283] [M]: 0x80033A78 (0x02B56063) bltu a0, a1, 32


mem[X,0x80033A7C] -> 0x0213
mem[X,0x80033A7E] -> 0x0022
[5284] [M]: 0x80033A7C (0x00220213) addi tp, tp, 2
x4 <- 0x00000002


mem[X,0x80033A80] -> 0x006F
mem[X,0x80033A82] -> 0x0200
[5285] [M]: 0x80033A80 (0x0200006F) jal zero, 32


mem[X,0x80033AA0] -> 0xAC23
mem[X,0x80033AA2] -> 0x0440
[5286] [M]: 0x80033AA0 (0x0440AC23) sw tp, 88(ra)
mem[0x8004C9CC] <- 0x00000002


mem[X,0x80033AA4] -> 0xB537
mem[X,0x80033AA6] -> 0xAAAA
[5287] [M]: 0x80033AA4 (0xAAAAB537) lui a0, 699051
x10 <- 0xAAAAB000


mem[X,0x80033AA8] -> 0x0513
mem[X,0x80033AAA] -> 0xAAB5
[5288] [M]: 0x80033AA8 (0xAAB50513) addi a0, a0, 2731
x10 <- 0xAAAAAAAB


mem[X,0x80033AAC] -> 0xB5B7
mem[X,0x80033AAE] -> 0x0000
[5289] [M]: 0x80033AAC (0x0000B5B7) lui a1, 11
x11 <- 0x0000B000


mem[X,0x80033AB0] -> 0x8593
mem[X,0x80033AB2] -> 0x5035
[5290] [M]: 0x80033AB0 (0x50358593) addi a1, a1, 1283
x11 <- 0x0000B503


mem[X,0x80033AB4] -> 0x0213
mem[X,0x80033AB6] -> 0x0000
[5291] [M]: 0x80033AB4 (0x00000213) addi tp, zero, 0
x4 <- 0x00000000


mem[X,0x80033AB8] -> 0x006F
mem[X,0x80033ABA] -> 0x00C0
[5292] [M]: 0x80033AB8 (0x00C0006F) jal zero, 12


mem[X,0x80033AC4] -> 0x6063
mem[X,0x80033AC6] -> 0x10B5
[5293] [M]: 0x80033AC4 (0x10B56063) bltu a0, a1, 256


mem[X,0x80033AC8] -> 0x0213
mem[X,0x80033ACA] -> 0x0022
[5294] [M]: 0x80033AC8 (0x00220213) addi tp, tp, 2
x4 <- 0x00000002


mem[X,0x80033ACC] -> 0x006F
mem[X,0x80033ACE] -> 0x1000
[5295] [M]: 0x80033ACC (0x1000006F) jal zero, 256


mem[X,0x80033BCC] -> 0xAE23
mem[X,0x80033BCE] -> 0x0440
[5296] [M]: 0x80033BCC (0x0440AE23) sw tp, 92(ra)
mem[0x8004C9D0] <- 0x00000002


mem[X,0x80033BD0] -> 0xB537
mem[X,0x80033BD2] -> 0xAAAA
[5297] [M]: 0x80033BD0 (0xAAAAB537) lui a0, 699051
x10 <- 0xAAAAB000


mem[X,0x80033BD4] -> 0x0513
mem[X,0x80033BD6] -> 0xAAB5
[5298] [M]: 0x80033BD4 (0xAAB50513) addi a0, a0, 2731
x10 <- 0xAAAAAAAB


mem[X,0x80033BD8] -> 0x05B7
mem[X,0x80033BDA] -> 0x0001
[5299] [M]: 0x80033BD8 (0x000105B7) lui a1, 16
x11 <- 0x00010000


clint::tick mtime <- 0x0000000000000035
 clint timer pending at mtime 0x0000000000000035
htif::tick 0x0000000000000000
mem[X,0x80033BDC] -> 0x8593
mem[X,0x80033BDE] -> 0xFFE5
[5300] [M]: 0x80033BDC (0xFFE58593) addi a1, a1, 4094
x11 <- 0x0000FFFE


mem[X,0x80033BE0] -> 0x0213
mem[X,0x80033BE2] -> 0x0000
[5301] [M]: 0x80033BE0 (0x00000213) addi tp, zero, 0
x4 <- 0x00000000


mem[X,0x80033BE4] -> 0x006F
mem[X,0x80033BE6] -> 0x2B10
[5302] [M]: 0x80033BE4 (0x2B10006F) jal zero, 2736


mem[X,0x80034694] -> 0x6A63
mem[X,0x80034696] -> 0xD4B5
[5303] [M]: 0x80034694 (0xD4B56A63) bltu a0, a1, 5460


mem[X,0x80034698] -> 0x0213
mem[X,0x8003469A] -> 0x0022
[5304] [M]: 0x80034698 (0x00220213) addi tp, tp, 2
x4 <- 0x00000002


mem[X,0x8003469C] -> 0x006F
mem[X,0x8003469E] -> 0x00C0
[5305] [M]: 0x8003469C (0x00C0006F) jal zero, 12


mem[X,0x800346A8] -> 0xA023
mem[X,0x800346AA] -> 0x0640
[5306] [M]: 0x800346A8 (0x0640A023) sw tp, 96(ra)
mem[0x8004C9D4] <- 0x00000002


mem[X,0x800346AC] -> 0xB537
mem[X,0x800346AE] -> 0xAAAA
[5307] [M]: 0x800346AC (0xAAAAB537) lui a0, 699051
x10 <- 0xAAAAB000


mem[X,0x800346B0] -> 0x0513
mem[X,0x800346B2] -> 0xAAB5
[5308] [M]: 0x800346B0 (0xAAB50513) addi a0, a0, 2731
x10 <- 0xAAAAAAAB


mem[X,0x800346B4] -> 0x55B7
mem[X,0x800346B6] -> 0x5555
[5309] [M]: 0x800346B4 (0x555555B7) lui a1, 349525
x11 <- 0x55555000


mem[X,0x800346B8] -> 0x8593
mem[X,0x800346BA] -> 0x5565
[5310] [M]: 0x800346B8 (0x55658593) addi a1, a1, 1366
x11 <- 0x55555556


mem[X,0x800346BC] -> 0x0213
mem[X,0x800346BE] -> 0x0000
[5311] [M]: 0x800346BC (0x00000213) addi tp, zero, 0
x4 <- 0x00000000


mem[X,0x800346C0] -> 0x006F
mem[X,0x800346C2] -> 0x2B10
[5312] [M]: 0x800346C0 (0x2B10006F) jal zero, 2736


mem[X,0x80035170] -> 0x6A63
mem[X,0x80035172] -> 0xD4B5
[5313] [M]: 0x80035170 (0xD4B56A63) bltu a0, a1, 5460


mem[X,0x80035174] -> 0x0213
mem[X,0x80035176] -> 0x0022
[5314] [M]: 0x80035174 (0x00220213) addi tp, tp, 2
x4 <- 0x00000002


mem[X,0x80035178] -> 0x006F
mem[X,0x8003517A] -> 0x00C0
[5315] [M]: 0x80035178 (0x00C0006F) jal zero, 12


mem[X,0x80035184] -> 0xA223
mem[X,0x80035186] -> 0x0640
[5316] [M]: 0x80035184 (0x0640A223) sw tp, 100(ra)
mem[0x8004C9D8] <- 0x00000002


mem[X,0x80035188] -> 0xB537
mem[X,0x8003518A] -> 0xAAAA
[5317] [M]: 0x80035188 (0xAAAAB537) lui a0, 699051
x10 <- 0xAAAAB000


mem[X,0x8003518C] -> 0x0513
mem[X,0x8003518E] -> 0xAAB5
[5318] [M]: 0x8003518C (0xAAB50513) addi a0, a0, 2731
x10 <- 0xAAAAAAAB


mem[X,0x80035190] -> 0xB5B7
mem[X,0x80035192] -> 0xAAAA
[5319] [M]: 0x80035190 (0xAAAAB5B7) lui a1, 699051
x11 <- 0xAAAAB000


mem[X,0x80035194] -> 0x8593
mem[X,0x80035196] -> 0xAAB5
[5320] [M]: 0x80035194 (0xAAB58593) addi a1, a1, 2731
x11 <- 0xAAAAAAAB


mem[X,0x80035198] -> 0x0213
mem[X,0x8003519A] -> 0x0000
[5321] [M]: 0x80035198 (0x00000213) addi tp, zero, 0
x4 <- 0x00000000


mem[X,0x8003519C] -> 0x006F
mem[X,0x8003519E] -> 0x2B10
[5322] [M]: 0x8003519C (0x2B10006F) jal zero, 2736


mem[X,0x80035C4C] -> 0x6A63
mem[X,0x80035C4E] -> 0xD4B5
[5323] [M]: 0x80035C4C (0xD4B56A63) bltu a0, a1, 5460


mem[X,0x80035C50] -> 0x0213
mem[X,0x80035C52] -> 0x0022
[5324] [M]: 0x80035C50 (0x00220213) addi tp, tp, 2
x4 <- 0x00000002


mem[X,0x80035C54] -> 0x006F
mem[X,0x80035C56] -> 0x00C0
[5325] [M]: 0x80035C54 (0x00C0006F) jal zero, 12


mem[X,0x80035C60] -> 0xA423
mem[X,0x80035C62] -> 0x0640
[5326] [M]: 0x80035C60 (0x0640A423) sw tp, 104(ra)
mem[0x8004C9DC] <- 0x00000002


mem[X,0x80035C64] -> 0xB537
mem[X,0x80035C66] -> 0xAAAA
[5327] [M]: 0x80035C64 (0xAAAAB537) lui a0, 699051
x10 <- 0xAAAAB000


mem[X,0x80035C68] -> 0x0513
mem[X,0x80035C6A] -> 0xAAB5
[5328] [M]: 0x80035C68 (0xAAB50513) addi a0, a0, 2731
x10 <- 0xAAAAAAAB


mem[X,0x80035C6C] -> 0x0593
mem[X,0x80035C6E] -> 0x0060
[5329] [M]: 0x80035C6C (0x00600593) addi a1, zero, 6
x11 <- 0x00000006


mem[X,0x80035C70] -> 0x0213
mem[X,0x80035C72] -> 0x0000
[5330] [M]: 0x80035C70 (0x00000213) addi tp, zero, 0
x4 <- 0x00000000


mem[X,0x80035C74] -> 0x006F
mem[X,0x80035C76] -> 0x00C0
[5331] [M]: 0x80035C74 (0x00C0006F) jal zero, 12


mem[X,0x80035C80] -> 0x6063
mem[X,0x80035C82] -> 0x02B5
[5332] [M]: 0x80035C80 (0x02B56063) bltu a0, a1, 32


mem[X,0x80035C84] -> 0x0213
mem[X,0x80035C86] -> 0x0022
[5333] [M]: 0x80035C84 (0x00220213) addi tp, tp, 2
x4 <- 0x00000002


mem[X,0x80035C88] -> 0x006F
mem[X,0x80035C8A] -> 0x0200
[5334] [M]: 0x80035C88 (0x0200006F) jal zero, 32


mem[X,0x80035CA8] -> 0xA623
mem[X,0x80035CAA] -> 0x0640
[5335] [M]: 0x80035CA8 (0x0640A623) sw tp, 108(ra)
mem[0x8004C9E0] <- 0x00000002


mem[X,0x80035CAC] -> 0xB537
mem[X,0x80035CAE] -> 0xAAAA
[5336] [M]: 0x80035CAC (0xAAAAB537) lui a0, 699051
x10 <- 0xAAAAB000


mem[X,0x80035CB0] -> 0x0513
mem[X,0x80035CB2] -> 0xAAB5
[5337] [M]: 0x80035CB0 (0xAAB50513) addi a0, a0, 2731
x10 <- 0xAAAAAAAB


mem[X,0x80035CB4] -> 0x35B7
mem[X,0x80035CB6] -> 0x3333
[5338] [M]: 0x80035CB4 (0x333335B7) lui a1, 209715
x11 <- 0x33333000


mem[X,0x80035CB8] -> 0x8593
mem[X,0x80035CBA] -> 0x3345
[5339] [M]: 0x80035CB8 (0x33458593) addi a1, a1, 820
x11 <- 0x33333334


mem[X,0x80035CBC] -> 0x0213
mem[X,0x80035CBE] -> 0x0000
[5340] [M]: 0x80035CBC (0x00000213) addi tp, zero, 0
x4 <- 0x00000000


mem[X,0x80035CC0] -> 0x006F
mem[X,0x80035CC2] -> 0x2B10
[5341] [M]: 0x80035CC0 (0x2B10006F) jal zero, 2736


mem[X,0x80036770] -> 0x6A63
mem[X,0x80036772] -> 0xD4B5
[5342] [M]: 0x80036770 (0xD4B56A63) bltu a0, a1, 5460


mem[X,0x80036774] -> 0x0213
mem[X,0x80036776] -> 0x0022
[5343] [M]: 0x80036774 (0x00220213) addi tp, tp, 2
x4 <- 0x00000002


mem[X,0x80036778] -> 0x006F
mem[X,0x8003677A] -> 0x00C0
[5344] [M]: 0x80036778 (0x00C0006F) jal zero, 12


mem[X,0x80036784] -> 0xA823
mem[X,0x80036786] -> 0x0640
[5345] [M]: 0x80036784 (0x0640A823) sw tp, 112(ra)
mem[0x8004C9E4] <- 0x00000002


mem[X,0x80036788] -> 0xB537
mem[X,0x8003678A] -> 0xAAAA
[5346] [M]: 0x80036788 (0xAAAAB537) lui a0, 699051
x10 <- 0xAAAAB000


mem[X,0x8003678C] -> 0x0513
mem[X,0x8003678E] -> 0xAAB5
[5347] [M]: 0x8003678C (0xAAB50513) addi a0, a0, 2731
x10 <- 0xAAAAAAAB


mem[X,0x80036790] -> 0x65B7
mem[X,0x80036792] -> 0x6666
[5348] [M]: 0x80036790 (0x666665B7) lui a1, 419430
x11 <- 0x66666000


mem[X,0x80036794] -> 0x8593
mem[X,0x80036796] -> 0x6675
[5349] [M]: 0x80036794 (0x66758593) addi a1, a1, 1639
x11 <- 0x66666667


mem[X,0x80036798] -> 0x0213
mem[X,0x8003679A] -> 0x0000
[5350] [M]: 0x80036798 (0x00000213) addi tp, zero, 0
x4 <- 0x00000000


mem[X,0x8003679C] -> 0x006F
mem[X,0x8003679E] -> 0x2B10
[5351] [M]: 0x8003679C (0x2B10006F) jal zero, 2736


mem[X,0x8003724C] -> 0x6A63
mem[X,0x8003724E] -> 0xD4B5
[5352] [M]: 0x8003724C (0xD4B56A63) bltu a0, a1, 5460


mem[X,0x80037250] -> 0x0213
mem[X,0x80037252] -> 0x0022
[5353] [M]: 0x80037250 (0x00220213) addi tp, tp, 2
x4 <- 0x00000002


mem[X,0x80037254] -> 0x006F
mem[X,0x80037256] -> 0x00C0
[5354] [M]: 0x80037254 (0x00C0006F) jal zero, 12


mem[X,0x80037260] -> 0xAA23
mem[X,0x80037262] -> 0x0640
[5355] [M]: 0x80037260 (0x0640AA23) sw tp, 116(ra)
mem[0x8004C9E8] <- 0x00000002


mem[X,0x80037264] -> 0xB537
mem[X,0x80037266] -> 0xAAAA
[5356] [M]: 0x80037264 (0xAAAAB537) lui a0, 699051
x10 <- 0xAAAAB000


mem[X,0x80037268] -> 0x0513
mem[X,0x8003726A] -> 0xAAB5
[5357] [M]: 0x80037268 (0xAAB50513) addi a0, a0, 2731
x10 <- 0xAAAAAAAB


mem[X,0x8003726C] -> 0xB5B7
mem[X,0x8003726E] -> 0x0000
[5358] [M]: 0x8003726C (0x0000B5B7) lui a1, 11
x11 <- 0x0000B000


mem[X,0x80037270] -> 0x8593
mem[X,0x80037272] -> 0x5055
[5359] [M]: 0x80037270 (0x50558593) addi a1, a1, 1285
x11 <- 0x0000B505


mem[X,0x80037274] -> 0x0213
mem[X,0x80037276] -> 0x0000
[5360] [M]: 0x80037274 (0x00000213) addi tp, zero, 0
x4 <- 0x00000000


mem[X,0x80037278] -> 0x006F
mem[X,0x8003727A] -> 0x00C0
[5361] [M]: 0x80037278 (0x00C0006F) jal zero, 12


mem[X,0x80037284] -> 0x6063
mem[X,0x80037286] -> 0x20B5
[5362] [M]: 0x80037284 (0x20B56063) bltu a0, a1, 512


mem[X,0x80037288] -> 0x0213
mem[X,0x8003728A] -> 0x0022
[5363] [M]: 0x80037288 (0x00220213) addi tp, tp, 2
x4 <- 0x00000002


mem[X,0x8003728C] -> 0x006F
mem[X,0x8003728E] -> 0x2000
[5364] [M]: 0x8003728C (0x2000006F) jal zero, 512


mem[X,0x8003748C] -> 0xAC23
mem[X,0x8003748E] -> 0x0640
[5365] [M]: 0x8003748C (0x0640AC23) sw tp, 120(ra)
mem[0x8004C9EC] <- 0x00000002


mem[X,0x80037490] -> 0xB537
mem[X,0x80037492] -> 0xAAAA
[5366] [M]: 0x80037490 (0xAAAAB537) lui a0, 699051
x10 <- 0xAAAAB000


mem[X,0x80037494] -> 0x0513
mem[X,0x80037496] -> 0xAAB5
[5367] [M]: 0x80037494 (0xAAB50513) addi a0, a0, 2731
x10 <- 0xAAAAAAAB


mem[X,0x80037498] -> 0x0593
mem[X,0x8003749A] -> 0x0010
[5368] [M]: 0x80037498 (0x00100593) addi a1, zero, 1
x11 <- 0x00000001


mem[X,0x8003749C] -> 0x0213
mem[X,0x8003749E] -> 0x0000
[5369] [M]: 0x8003749C (0x00000213) addi tp, zero, 0
x4 <- 0x00000000


mem[X,0x800374A0] -> 0x006F
mem[X,0x800374A2] -> 0x00C0
[5370] [M]: 0x800374A0 (0x00C0006F) jal zero, 12


mem[X,0x800374AC] -> 0x6CE3
mem[X,0x800374AE] -> 0xFEB5
[5371] [M]: 0x800374AC (0xFEB56CE3) bltu a0, a1, 8184


mem[X,0x800374B0] -> 0x0213
mem[X,0x800374B2] -> 0x0022
[5372] [M]: 0x800374B0 (0x00220213) addi tp, tp, 2
x4 <- 0x00000002


mem[X,0x800374B4] -> 0x006F
mem[X,0x800374B6] -> 0x00C0
[5373] [M]: 0x800374B4 (0x00C0006F) jal zero, 12


mem[X,0x800374C0] -> 0xAE23
mem[X,0x800374C2] -> 0x0640
[5374] [M]: 0x800374C0 (0x0640AE23) sw tp, 124(ra)
mem[0x8004C9F0] <- 0x00000002


mem[X,0x800374C4] -> 0xB537
mem[X,0x800374C6] -> 0xAAAA
[5375] [M]: 0x800374C4 (0xAAAAB537) lui a0, 699051
x10 <- 0xAAAAB000


mem[X,0x800374C8] -> 0x0513
mem[X,0x800374CA] -> 0xAAB5
[5376] [M]: 0x800374C8 (0xAAB50513) addi a0, a0, 2731
x10 <- 0xAAAAAAAB


mem[X,0x800374CC] -> 0x05B7
mem[X,0x800374CE] -> 0x0001
[5377] [M]: 0x800374CC (0x000105B7) lui a1, 16
x11 <- 0x00010000


mem[X,0x800374D0] -> 0x0213
mem[X,0x800374D2] -> 0x0000
[5378] [M]: 0x800374D0 (0x00000213) addi tp, zero, 0
x4 <- 0x00000000


mem[X,0x800374D4] -> 0x006F
mem[X,0x800374D6] -> 0x00C0
[5379] [M]: 0x800374D4 (0x00C0006F) jal zero, 12


mem[X,0x800374E0] -> 0x6663
mem[X,0x800374E2] -> 0x00B5
[5380] [M]: 0x800374E0 (0x00B56663) bltu a0, a1, 12


mem[X,0x800374E4] -> 0x0213
mem[X,0x800374E6] -> 0x0022
[5381] [M]: 0x800374E4 (0x00220213) addi tp, tp, 2
x4 <- 0x00000002


mem[X,0x800374E8] -> 0x006F
mem[X,0x800374EA] -> 0x00C0
[5382] [M]: 0x800374E8 (0x00C0006F) jal zero, 12


mem[X,0x800374F4] -> 0xA023
mem[X,0x800374F6] -> 0x0840
[5383] [M]: 0x800374F4 (0x0840A023) sw tp, 128(ra)
mem[0x8004C9F4] <- 0x00000002


mem[X,0x800374F8] -> 0x0513
mem[X,0x800374FA] -> 0x0060
[5384] [M]: 0x800374F8 (0x00600513) addi a0, zero, 6
x10 <- 0x00000006


mem[X,0x800374FC] -> 0x0593
mem[X,0x800374FE] -> 0x0030
[5385] [M]: 0x800374FC (0x00300593) addi a1, zero, 3
x11 <- 0x00000003


mem[X,0x80037500] -> 0x0213
mem[X,0x80037502] -> 0x0000
[5386] [M]: 0x80037500 (0x00000213) addi tp, zero, 0
x4 <- 0x00000000


mem[X,0x80037504] -> 0x006F
mem[X,0x80037506] -> 0x00C0
[5387] [M]: 0x80037504 (0x00C0006F) jal zero, 12


mem[X,0x80037510] -> 0x6863
mem[X,0x80037512] -> 0x00B5
[5388] [M]: 0x80037510 (0x00B56863) bltu a0, a1, 16


mem[X,0x80037514] -> 0x0213
mem[X,0x80037516] -> 0x0022
[5389] [M]: 0x80037514 (0x00220213) addi tp, tp, 2
x4 <- 0x00000002


mem[X,0x80037518] -> 0x006F
mem[X,0x8003751A] -> 0x0100
[5390] [M]: 0x80037518 (0x0100006F) jal zero, 16


mem[X,0x80037528] -> 0xA223
mem[X,0x8003752A] -> 0x0840
[5391] [M]: 0x80037528 (0x0840A223) sw tp, 132(ra)
mem[0x8004C9F8] <- 0x00000002


mem[X,0x8003752C] -> 0x0513
mem[X,0x8003752E] -> 0x0060
[5392] [M]: 0x8003752C (0x00600513) addi a0, zero, 6
x10 <- 0x00000006


mem[X,0x80037530] -> 0x55B7
mem[X,0x80037532] -> 0x5555
[5393] [M]: 0x80037530 (0x555555B7) lui a1, 349525
x11 <- 0x55555000


mem[X,0x80037534] -> 0x8593
mem[X,0x80037536] -> 0x5555
[5394] [M]: 0x80037534 (0x55558593) addi a1, a1, 1365
x11 <- 0x55555555


mem[X,0x80037538] -> 0x0213
mem[X,0x8003753A] -> 0x0000
[5395] [M]: 0x80037538 (0x00000213) addi tp, zero, 0
x4 <- 0x00000000


mem[X,0x8003753C] -> 0x006F
mem[X,0x8003753E] -> 0x00C0
[5396] [M]: 0x8003753C (0x00C0006F) jal zero, 12


mem[X,0x80037548] -> 0x6063
mem[X,0x8003754A] -> 0x02B5
[5397] [M]: 0x80037548 (0x02B56063) bltu a0, a1, 32


mem[X,0x80037568] -> 0x0213
mem[X,0x8003756A] -> 0x0032
[5398] [M]: 0x80037568 (0x00320213) addi tp, tp, 3
x4 <- 0x00000003


mem[X,0x8003756C] -> 0x006F
mem[X,0x8003756E] -> 0x0040
[5399] [M]: 0x8003756C (0x0040006F) jal zero, 4


clint::tick mtime <- 0x0000000000000036
 clint timer pending at mtime 0x0000000000000036
htif::tick 0x0000000000000000
mem[X,0x80037570] -> 0xA423
mem[X,0x80037572] -> 0x0840
[5400] [M]: 0x80037570 (0x0840A423) sw tp, 136(ra)
mem[0x8004C9FC] <- 0x00000003


mem[X,0x80037574] -> 0x0513
mem[X,0x80037576] -> 0x0060
[5401] [M]: 0x80037574 (0x00600513) addi a0, zero, 6
x10 <- 0x00000006


mem[X,0x80037578] -> 0xB5B7
mem[X,0x8003757A] -> 0xAAAA
[5402] [M]: 0x80037578 (0xAAAAB5B7) lui a1, 699051
x11 <- 0xAAAAB000


mem[X,0x8003757C] -> 0x8593
mem[X,0x8003757E] -> 0xAAA5
[5403] [M]: 0x8003757C (0xAAA58593) addi a1, a1, 2730
x11 <- 0xAAAAAAAA


mem[X,0x80037580] -> 0x0213
mem[X,0x80037582] -> 0x0000
[5404] [M]: 0x80037580 (0x00000213) addi tp, zero, 0
x4 <- 0x00000000


mem[X,0x80037584] -> 0x006F
mem[X,0x80037586] -> 0x00C0
[5405] [M]: 0x80037584 (0x00C0006F) jal zero, 12


mem[X,0x80037590] -> 0x6063
mem[X,0x80037592] -> 0x10B5
[5406] [M]: 0x80037590 (0x10B56063) bltu a0, a1, 256


mem[X,0x80037690] -> 0x0213
mem[X,0x80037692] -> 0x0032
[5407] [M]: 0x80037690 (0x00320213) addi tp, tp, 3
x4 <- 0x00000003


mem[X,0x80037694] -> 0x006F
mem[X,0x80037696] -> 0x0040
[5408] [M]: 0x80037694 (0x0040006F) jal zero, 4


mem[X,0x80037698] -> 0xA623
mem[X,0x8003769A] -> 0x0840
[5409] [M]: 0x80037698 (0x0840A623) sw tp, 140(ra)
mem[0x8004CA00] <- 0x00000003


mem[X,0x8003769C] -> 0x0513
mem[X,0x8003769E] -> 0x0060
[5410] [M]: 0x8003769C (0x00600513) addi a0, zero, 6
x10 <- 0x00000006


mem[X,0x800376A0] -> 0x0593
mem[X,0x800376A2] -> 0x0050
[5411] [M]: 0x800376A0 (0x00500593) addi a1, zero, 5
x11 <- 0x00000005


mem[X,0x800376A4] -> 0x0213
mem[X,0x800376A6] -> 0x0000
[5412] [M]: 0x800376A4 (0x00000213) addi tp, zero, 0
x4 <- 0x00000000


mem[X,0x800376A8] -> 0x006F
mem[X,0x800376AA] -> 0x00C0
[5413] [M]: 0x800376A8 (0x00C0006F) jal zero, 12


mem[X,0x800376B4] -> 0x6CE3
mem[X,0x800376B6] -> 0xFEB5
[5414] [M]: 0x800376B4 (0xFEB56CE3) bltu a0, a1, 8184


mem[X,0x800376B8] -> 0x0213
mem[X,0x800376BA] -> 0x0022
[5415] [M]: 0x800376B8 (0x00220213) addi tp, tp, 2
x4 <- 0x00000002


mem[X,0x800376BC] -> 0x006F
mem[X,0x800376BE] -> 0x00C0
[5416] [M]: 0x800376BC (0x00C0006F) jal zero, 12


mem[X,0x800376C8] -> 0xA823
mem[X,0x800376CA] -> 0x0840
[5417] [M]: 0x800376C8 (0x0840A823) sw tp, 144(ra)
mem[0x8004CA04] <- 0x00000002


mem[X,0x800376CC] -> 0x0513
mem[X,0x800376CE] -> 0x0060
[5418] [M]: 0x800376CC (0x00600513) addi a0, zero, 6
x10 <- 0x00000006


mem[X,0x800376D0] -> 0x35B7
mem[X,0x800376D2] -> 0x3333
[5419] [M]: 0x800376D0 (0x333335B7) lui a1, 209715
x11 <- 0x33333000


mem[X,0x800376D4] -> 0x8593
mem[X,0x800376D6] -> 0x3335
[5420] [M]: 0x800376D4 (0x33358593) addi a1, a1, 819
x11 <- 0x33333333


mem[X,0x800376D8] -> 0x0213
mem[X,0x800376DA] -> 0x0000
[5421] [M]: 0x800376D8 (0x00000213) addi tp, zero, 0
x4 <- 0x00000000


mem[X,0x800376DC] -> 0x006F
mem[X,0x800376DE] -> 0x00C0
[5422] [M]: 0x800376DC (0x00C0006F) jal zero, 12


mem[X,0x800376E8] -> 0x6CE3
mem[X,0x800376EA] -> 0xFEB5
[5423] [M]: 0x800376E8 (0xFEB56CE3) bltu a0, a1, 8184


mem[X,0x800376E0] -> 0x0213
mem[X,0x800376E2] -> 0x0012
[5424] [M]: 0x800376E0 (0x00120213) addi tp, tp, 1
x4 <- 0x00000001


mem[X,0x800376E4] -> 0x006F
mem[X,0x800376E6] -> 0x0180
[5425] [M]: 0x800376E4 (0x0180006F) jal zero, 24


mem[X,0x800376FC] -> 0xAA23
mem[X,0x800376FE] -> 0x0840
[5426] [M]: 0x800376FC (0x0840AA23) sw tp, 148(ra)
mem[0x8004CA08] <- 0x00000001


mem[X,0x80037700] -> 0x0513
mem[X,0x80037702] -> 0x0060
[5427] [M]: 0x80037700 (0x00600513) addi a0, zero, 6
x10 <- 0x00000006


mem[X,0x80037704] -> 0x65B7
mem[X,0x80037706] -> 0x6666
[5428] [M]: 0x80037704 (0x666665B7) lui a1, 419430
x11 <- 0x66666000


mem[X,0x80037708] -> 0x8593
mem[X,0x8003770A] -> 0x6665
[5429] [M]: 0x80037708 (0x66658593) addi a1, a1, 1638
x11 <- 0x66666666


mem[X,0x8003770C] -> 0x0213
mem[X,0x8003770E] -> 0x0000
[5430] [M]: 0x8003770C (0x00000213) addi tp, zero, 0
x4 <- 0x00000000


mem[X,0x80037710] -> 0x006F
mem[X,0x80037712] -> 0x2B10
[5431] [M]: 0x80037710 (0x2B10006F) jal zero, 2736


mem[X,0x800381C0] -> 0x6A63
mem[X,0x800381C2] -> 0xD4B5
[5432] [M]: 0x800381C0 (0xD4B56A63) bltu a0, a1, 5460


mem[X,0x80037714] -> 0x0213
mem[X,0x80037716] -> 0x0012
[5433] [M]: 0x80037714 (0x00120213) addi tp, tp, 1
x4 <- 0x00000001


mem[X,0x80037718] -> 0x006F
mem[X,0x8003771A] -> 0x2BD0
[5434] [M]: 0x80037718 (0x2BD0006F) jal zero, 2748


mem[X,0x800381D4] -> 0xAC23
mem[X,0x800381D6] -> 0x0840
[5435] [M]: 0x800381D4 (0x0840AC23) sw tp, 152(ra)
mem[0x8004CA0C] <- 0x00000001


mem[X,0x800381D8] -> 0x0513
mem[X,0x800381DA] -> 0x0060
[5436] [M]: 0x800381D8 (0x00600513) addi a0, zero, 6
x10 <- 0x00000006


mem[X,0x800381DC] -> 0xB5B7
mem[X,0x800381DE] -> 0x0000
[5437] [M]: 0x800381DC (0x0000B5B7) lui a1, 11
x11 <- 0x0000B000


mem[X,0x800381E0] -> 0x8593
mem[X,0x800381E2] -> 0x5045
[5438] [M]: 0x800381E0 (0x50458593) addi a1, a1, 1284
x11 <- 0x0000B504


mem[X,0x800381E4] -> 0x0213
mem[X,0x800381E6] -> 0x0000
[5439] [M]: 0x800381E4 (0x00000213) addi tp, zero, 0
x4 <- 0x00000000


mem[X,0x800381E8] -> 0x006F
mem[X,0x800381EA] -> 0x0180
[5440] [M]: 0x800381E8 (0x0180006F) jal zero, 24


mem[X,0x80038200] -> 0x66E3
mem[X,0x80038202] -> 0xFEB5
[5441] [M]: 0x80038200 (0xFEB566E3) bltu a0, a1, 8172


mem[X,0x800381EC] -> 0x0213
mem[X,0x800381EE] -> 0x0012
[5442] [M]: 0x800381EC (0x00120213) addi tp, tp, 1
x4 <- 0x00000001


mem[X,0x800381F0] -> 0x006F
mem[X,0x800381F2] -> 0x0240
[5443] [M]: 0x800381F0 (0x0240006F) jal zero, 36


mem[X,0x80038214] -> 0xAE23
mem[X,0x80038216] -> 0x0840
[5444] [M]: 0x80038214 (0x0840AE23) sw tp, 156(ra)
mem[0x8004CA10] <- 0x00000001


mem[X,0x80038218] -> 0x0513
mem[X,0x8003821A] -> 0x0060
[5445] [M]: 0x80038218 (0x00600513) addi a0, zero, 6
x10 <- 0x00000006


mem[X,0x8003821C] -> 0x0593
mem[X,0x8003821E] -> 0x0000
[5446] [M]: 0x8003821C (0x00000593) addi a1, zero, 0
x11 <- 0x00000000


mem[X,0x80038220] -> 0x0213
mem[X,0x80038222] -> 0x0000
[5447] [M]: 0x80038220 (0x00000213) addi tp, zero, 0
x4 <- 0x00000000


mem[X,0x80038224] -> 0x006F
mem[X,0x80038226] -> 0x0140
[5448] [M]: 0x80038224 (0x0140006F) jal zero, 20


mem[X,0x80038238] -> 0x68E3
mem[X,0x8003823A] -> 0xFEB5
[5449] [M]: 0x80038238 (0xFEB568E3) bltu a0, a1, 8176


mem[X,0x8003823C] -> 0x0213
mem[X,0x8003823E] -> 0x0022
[5450] [M]: 0x8003823C (0x00220213) addi tp, tp, 2
x4 <- 0x00000002


mem[X,0x80038240] -> 0x006F
mem[X,0x80038242] -> 0x00C0
[5451] [M]: 0x80038240 (0x00C0006F) jal zero, 12


mem[X,0x8003824C] -> 0xA023
mem[X,0x8003824E] -> 0x0A40
[5452] [M]: 0x8003824C (0x0A40A023) sw tp, 160(ra)
mem[0x8004CA14] <- 0x00000002


mem[X,0x80038250] -> 0x0513
mem[X,0x80038252] -> 0x0060
[5453] [M]: 0x80038250 (0x00600513) addi a0, zero, 6
x10 <- 0x00000006


mem[X,0x80038254] -> 0x05B7
mem[X,0x80038256] -> 0x0001
[5454] [M]: 0x80038254 (0x000105B7) lui a1, 16
x11 <- 0x00010000


mem[X,0x80038258] -> 0x8593
mem[X,0x8003825A] -> 0xFFF5
[5455] [M]: 0x80038258 (0xFFF58593) addi a1, a1, 4095
x11 <- 0x0000FFFF


mem[X,0x8003825C] -> 0x0213
mem[X,0x8003825E] -> 0x0000
[5456] [M]: 0x8003825C (0x00000213) addi tp, zero, 0
x4 <- 0x00000000


mem[X,0x80038260] -> 0x006F
mem[X,0x80038262] -> 0x0050
[5457] [M]: 0x80038260 (0x0050006F) jal zero, 2052


mem[X,0x80038A64] -> 0x60E3
mem[X,0x80038A66] -> 0x80B5
[5458] [M]: 0x80038A64 (0x80B560E3) bltu a0, a1, 6144


mem[X,0x80038264] -> 0x0213
mem[X,0x80038266] -> 0x0012
[5459] [M]: 0x80038264 (0x00120213) addi tp, tp, 1
x4 <- 0x00000001


mem[X,0x80038268] -> 0x006F
mem[X,0x8003826A] -> 0x0110
[5460] [M]: 0x80038268 (0x0110006F) jal zero, 2064


mem[X,0x80038A78] -> 0xA223
mem[X,0x80038A7A] -> 0x0A40
[5461] [M]: 0x80038A78 (0x0A40A223) sw tp, 164(ra)
mem[0x8004CA18] <- 0x00000001


mem[X,0x80038A7C] -> 0x0513
mem[X,0x80038A7E] -> 0x0060
[5462] [M]: 0x80038A7C (0x00600513) addi a0, zero, 6
x10 <- 0x00000006


mem[X,0x80038A80] -> 0x0593
mem[X,0x80038A82] -> 0x0020
[5463] [M]: 0x80038A80 (0x00200593) addi a1, zero, 2
x11 <- 0x00000002


mem[X,0x80038A84] -> 0x0213
mem[X,0x80038A86] -> 0x0000
[5464] [M]: 0x80038A84 (0x00000213) addi tp, zero, 0
x4 <- 0x00000000


mem[X,0x80038A88] -> 0x006F
mem[X,0x80038A8A] -> 0x00C0
[5465] [M]: 0x80038A88 (0x00C0006F) jal zero, 12


mem[X,0x80038A94] -> 0x6663
mem[X,0x80038A96] -> 0x00B5
[5466] [M]: 0x80038A94 (0x00B56663) bltu a0, a1, 12


mem[X,0x80038A98] -> 0x0213
mem[X,0x80038A9A] -> 0x0022
[5467] [M]: 0x80038A98 (0x00220213) addi tp, tp, 2
x4 <- 0x00000002


mem[X,0x80038A9C] -> 0x006F
mem[X,0x80038A9E] -> 0x00C0
[5468] [M]: 0x80038A9C (0x00C0006F) jal zero, 12


mem[X,0x80038AA8] -> 0xA423
mem[X,0x80038AAA] -> 0x0A40
[5469] [M]: 0x80038AA8 (0x0A40A423) sw tp, 168(ra)
mem[0x8004CA1C] <- 0x00000002


mem[X,0x80038AAC] -> 0x0513
mem[X,0x80038AAE] -> 0x0060
[5470] [M]: 0x80038AAC (0x00600513) addi a0, zero, 6
x10 <- 0x00000006


mem[X,0x80038AB0] -> 0x55B7
mem[X,0x80038AB2] -> 0x5555
[5471] [M]: 0x80038AB0 (0x555555B7) lui a1, 349525
x11 <- 0x55555000


mem[X,0x80038AB4] -> 0x8593
mem[X,0x80038AB6] -> 0x5545
[5472] [M]: 0x80038AB4 (0x55458593) addi a1, a1, 1364
x11 <- 0x55555554


mem[X,0x80038AB8] -> 0x0213
mem[X,0x80038ABA] -> 0x0000
[5473] [M]: 0x80038AB8 (0x00000213) addi tp, zero, 0
x4 <- 0x00000000


mem[X,0x80038ABC] -> 0x006F
mem[X,0x80038ABE] -> 0x00C0
[5474] [M]: 0x80038ABC (0x00C0006F) jal zero, 12


mem[X,0x80038AC8] -> 0x6063
mem[X,0x80038ACA] -> 0x40B5
[5475] [M]: 0x80038AC8 (0x40B56063) bltu a0, a1, 1024


mem[X,0x80038EC8] -> 0x0213
mem[X,0x80038ECA] -> 0x0032
[5476] [M]: 0x80038EC8 (0x00320213) addi tp, tp, 3
x4 <- 0x00000003


mem[X,0x80038ECC] -> 0x006F
mem[X,0x80038ECE] -> 0x0040
[5477] [M]: 0x80038ECC (0x0040006F) jal zero, 4


mem[X,0x80038ED0] -> 0xA623
mem[X,0x80038ED2] -> 0x0A40
[5478] [M]: 0x80038ED0 (0x0A40A623) sw tp, 172(ra)
mem[0x8004CA20] <- 0x00000003


mem[X,0x80038ED4] -> 0x0513
mem[X,0x80038ED6] -> 0x0060
[5479] [M]: 0x80038ED4 (0x00600513) addi a0, zero, 6
x10 <- 0x00000006


mem[X,0x80038ED8] -> 0xB5B7
mem[X,0x80038EDA] -> 0xAAAA
[5480] [M]: 0x80038ED8 (0xAAAAB5B7) lui a1, 699051
x11 <- 0xAAAAB000


mem[X,0x80038EDC] -> 0x8593
mem[X,0x80038EDE] -> 0xAA95
[5481] [M]: 0x80038EDC (0xAA958593) addi a1, a1, 2729
x11 <- 0xAAAAAAA9


mem[X,0x80038EE0] -> 0x0213
mem[X,0x80038EE2] -> 0x0000
[5482] [M]: 0x80038EE0 (0x00000213) addi tp, zero, 0
x4 <- 0x00000000


mem[X,0x80038EE4] -> 0x006F
mem[X,0x80038EE6] -> 0x00C0
[5483] [M]: 0x80038EE4 (0x00C0006F) jal zero, 12


mem[X,0x80038EF0] -> 0x6863
mem[X,0x80038EF2] -> 0x00B5
[5484] [M]: 0x80038EF0 (0x00B56863) bltu a0, a1, 16


mem[X,0x80038F00] -> 0x0213
mem[X,0x80038F02] -> 0x0032
[5485] [M]: 0x80038F00 (0x00320213) addi tp, tp, 3
x4 <- 0x00000003


mem[X,0x80038F04] -> 0x006F
mem[X,0x80038F06] -> 0x0040
[5486] [M]: 0x80038F04 (0x0040006F) jal zero, 4


mem[X,0x80038F08] -> 0xA823
mem[X,0x80038F0A] -> 0x0A40
[5487] [M]: 0x80038F08 (0x0A40A823) sw tp, 176(ra)
mem[0x8004CA24] <- 0x00000003


mem[X,0x80038F0C] -> 0x0513
mem[X,0x80038F0E] -> 0x0060
[5488] [M]: 0x80038F0C (0x00600513) addi a0, zero, 6
x10 <- 0x00000006


mem[X,0x80038F10] -> 0x0593
mem[X,0x80038F12] -> 0x0040
[5489] [M]: 0x80038F10 (0x00400593) addi a1, zero, 4
x11 <- 0x00000004


mem[X,0x80038F14] -> 0x0213
mem[X,0x80038F16] -> 0x0000
[5490] [M]: 0x80038F14 (0x00000213) addi tp, zero, 0
x4 <- 0x00000000


mem[X,0x80038F18] -> 0x006F
mem[X,0x80038F1A] -> 0x00C0
[5491] [M]: 0x80038F18 (0x00C0006F) jal zero, 12


mem[X,0x80038F24] -> 0x6CE3
mem[X,0x80038F26] -> 0xFEB5
[5492] [M]: 0x80038F24 (0xFEB56CE3) bltu a0, a1, 8184


mem[X,0x80038F28] -> 0x0213
mem[X,0x80038F2A] -> 0x0022
[5493] [M]: 0x80038F28 (0x00220213) addi tp, tp, 2
x4 <- 0x00000002


mem[X,0x80038F2C] -> 0x006F
mem[X,0x80038F2E] -> 0x00C0
[5494] [M]: 0x80038F2C (0x00C0006F) jal zero, 12


mem[X,0x80038F38] -> 0xAA23
mem[X,0x80038F3A] -> 0x0A40
[5495] [M]: 0x80038F38 (0x0A40AA23) sw tp, 180(ra)
mem[0x8004CA28] <- 0x00000002


mem[X,0x80038F3C] -> 0x0513
mem[X,0x80038F3E] -> 0x0060
[5496] [M]: 0x80038F3C (0x00600513) addi a0, zero, 6
x10 <- 0x00000006


mem[X,0x80038F40] -> 0x35B7
mem[X,0x80038F42] -> 0x3333
[5497] [M]: 0x80038F40 (0x333335B7) lui a1, 209715
x11 <- 0x33333000


mem[X,0x80038F44] -> 0x8593
mem[X,0x80038F46] -> 0x3325
[5498] [M]: 0x80038F44 (0x33258593) addi a1, a1, 818
x11 <- 0x33333332


mem[X,0x80038F48] -> 0x0213
mem[X,0x80038F4A] -> 0x0000
[5499] [M]: 0x80038F48 (0x00000213) addi tp, zero, 0
x4 <- 0x00000000


clint::tick mtime <- 0x0000000000000037
 clint timer pending at mtime 0x0000000000000037
htif::tick 0x0000000000000000
mem[X,0x80038F4C] -> 0x006F
mem[X,0x80038F4E] -> 0x0050
[5500] [M]: 0x80038F4C (0x0050006F) jal zero, 2052


mem[X,0x80039750] -> 0x60E3
mem[X,0x80039752] -> 0x80B5
[5501] [M]: 0x80039750 (0x80B560E3) bltu a0, a1, 6144


mem[X,0x80038F50] -> 0x0213
mem[X,0x80038F52] -> 0x0012
[5502] [M]: 0x80038F50 (0x00120213) addi tp, tp, 1
x4 <- 0x00000001


mem[X,0x80038F54] -> 0x006F
mem[X,0x80038F56] -> 0x0110
[5503] [M]: 0x80038F54 (0x0110006F) jal zero, 2064


mem[X,0x80039764] -> 0xAC23
mem[X,0x80039766] -> 0x0A40
[5504] [M]: 0x80039764 (0x0A40AC23) sw tp, 184(ra)
mem[0x8004CA2C] <- 0x00000001


mem[X,0x80039768] -> 0x0513
mem[X,0x8003976A] -> 0x0060
[5505] [M]: 0x80039768 (0x00600513) addi a0, zero, 6
x10 <- 0x00000006


mem[X,0x8003976C] -> 0x65B7
mem[X,0x8003976E] -> 0x6666
[5506] [M]: 0x8003976C (0x666665B7) lui a1, 419430
x11 <- 0x66666000


mem[X,0x80039770] -> 0x8593
mem[X,0x80039772] -> 0x6655
[5507] [M]: 0x80039770 (0x66558593) addi a1, a1, 1637
x11 <- 0x66666665


mem[X,0x80039774] -> 0x0213
mem[X,0x80039776] -> 0x0000
[5508] [M]: 0x80039774 (0x00000213) addi tp, zero, 0
x4 <- 0x00000000


mem[X,0x80039778] -> 0x006F
mem[X,0x8003977A] -> 0x00C0
[5509] [M]: 0x80039778 (0x00C0006F) jal zero, 12


mem[X,0x80039784] -> 0x6663
mem[X,0x80039786] -> 0x00B5
[5510] [M]: 0x80039784 (0x00B56663) bltu a0, a1, 12


mem[X,0x80039790] -> 0x0213
mem[X,0x80039792] -> 0x0032
[5511] [M]: 0x80039790 (0x00320213) addi tp, tp, 3
x4 <- 0x00000003


mem[X,0x80039794] -> 0x006F
mem[X,0x80039796] -> 0x0040
[5512] [M]: 0x80039794 (0x0040006F) jal zero, 4


mem[X,0x80039798] -> 0xAE23
mem[X,0x8003979A] -> 0x0A40
[5513] [M]: 0x80039798 (0x0A40AE23) sw tp, 188(ra)
mem[0x8004CA30] <- 0x00000003


mem[X,0x8003979C] -> 0x0513
mem[X,0x8003979E] -> 0x0060
[5514] [M]: 0x8003979C (0x00600513) addi a0, zero, 6
x10 <- 0x00000006


mem[X,0x800397A0] -> 0xB5B7
mem[X,0x800397A2] -> 0x0000
[5515] [M]: 0x800397A0 (0x0000B5B7) lui a1, 11
x11 <- 0x0000B000


mem[X,0x800397A4] -> 0x8593
mem[X,0x800397A6] -> 0x5035
[5516] [M]: 0x800397A4 (0x50358593) addi a1, a1, 1283
x11 <- 0x0000B503


mem[X,0x800397A8] -> 0x0213
mem[X,0x800397AA] -> 0x0000
[5517] [M]: 0x800397A8 (0x00000213) addi tp, zero, 0
x4 <- 0x00000000


mem[X,0x800397AC] -> 0x006F
mem[X,0x800397AE] -> 0x00C0
[5518] [M]: 0x800397AC (0x00C0006F) jal zero, 12


mem[X,0x800397B8] -> 0x6063
mem[X,0x800397BA] -> 0x08B5
[5519] [M]: 0x800397B8 (0x08B56063) bltu a0, a1, 128


mem[X,0x80039838] -> 0x0213
mem[X,0x8003983A] -> 0x0032
[5520] [M]: 0x80039838 (0x00320213) addi tp, tp, 3
x4 <- 0x00000003


mem[X,0x8003983C] -> 0x006F
mem[X,0x8003983E] -> 0x0040
[5521] [M]: 0x8003983C (0x0040006F) jal zero, 4


mem[X,0x80039840] -> 0xA023
mem[X,0x80039842] -> 0x0C40
[5522] [M]: 0x80039840 (0x0C40A023) sw tp, 192(ra)
mem[0x8004CA34] <- 0x00000003


mem[X,0x80039844] -> 0x0513
mem[X,0x80039846] -> 0x0060
[5523] [M]: 0x80039844 (0x00600513) addi a0, zero, 6
x10 <- 0x00000006


mem[X,0x80039848] -> 0x05B7
mem[X,0x8003984A] -> 0x0001
[5524] [M]: 0x80039848 (0x000105B7) lui a1, 16
x11 <- 0x00010000


mem[X,0x8003984C] -> 0x8593
mem[X,0x8003984E] -> 0xFFE5
[5525] [M]: 0x8003984C (0xFFE58593) addi a1, a1, 4094
x11 <- 0x0000FFFE


mem[X,0x80039850] -> 0x0213
mem[X,0x80039852] -> 0x0000
[5526] [M]: 0x80039850 (0x00000213) addi tp, zero, 0
x4 <- 0x00000000


mem[X,0x80039854] -> 0x006F
mem[X,0x80039856] -> 0x00C0
[5527] [M]: 0x80039854 (0x00C0006F) jal zero, 12


mem[X,0x80039860] -> 0x6063
mem[X,0x80039862] -> 0x20B5
[5528] [M]: 0x80039860 (0x20B56063) bltu a0, a1, 512


mem[X,0x80039A60] -> 0x0213
mem[X,0x80039A62] -> 0x0032
[5529] [M]: 0x80039A60 (0x00320213) addi tp, tp, 3
x4 <- 0x00000003


mem[X,0x80039A64] -> 0x006F
mem[X,0x80039A66] -> 0x0040
[5530] [M]: 0x80039A64 (0x0040006F) jal zero, 4


mem[X,0x80039A68] -> 0xA223
mem[X,0x80039A6A] -> 0x0C40
[5531] [M]: 0x80039A68 (0x0C40A223) sw tp, 196(ra)
mem[0x8004CA38] <- 0x00000003


mem[X,0x80039A6C] -> 0x0513
mem[X,0x80039A6E] -> 0x0060
[5532] [M]: 0x80039A6C (0x00600513) addi a0, zero, 6
x10 <- 0x00000006


mem[X,0x80039A70] -> 0x55B7
mem[X,0x80039A72] -> 0x5555
[5533] [M]: 0x80039A70 (0x555555B7) lui a1, 349525
x11 <- 0x55555000


mem[X,0x80039A74] -> 0x8593
mem[X,0x80039A76] -> 0x5565
[5534] [M]: 0x80039A74 (0x55658593) addi a1, a1, 1366
x11 <- 0x55555556


mem[X,0x80039A78] -> 0x0213
mem[X,0x80039A7A] -> 0x0000
[5535] [M]: 0x80039A78 (0x00000213) addi tp, zero, 0
x4 <- 0x00000000


mem[X,0x80039A7C] -> 0x006F
mem[X,0x80039A7E] -> 0x0050
[5536] [M]: 0x80039A7C (0x0050006F) jal zero, 2052


mem[X,0x8003A280] -> 0x60E3
mem[X,0x8003A282] -> 0x80B5
[5537] [M]: 0x8003A280 (0x80B560E3) bltu a0, a1, 6144


mem[X,0x80039A80] -> 0x0213
mem[X,0x80039A82] -> 0x0012
[5538] [M]: 0x80039A80 (0x00120213) addi tp, tp, 1
x4 <- 0x00000001


mem[X,0x80039A84] -> 0x006F
mem[X,0x80039A86] -> 0x0110
[5539] [M]: 0x80039A84 (0x0110006F) jal zero, 2064


mem[X,0x8003A294] -> 0xA423
mem[X,0x8003A296] -> 0x0C40
[5540] [M]: 0x8003A294 (0x0C40A423) sw tp, 200(ra)
mem[0x8004CA3C] <- 0x00000001


mem[X,0x8003A298] -> 0x0513
mem[X,0x8003A29A] -> 0x0060
[5541] [M]: 0x8003A298 (0x00600513) addi a0, zero, 6
x10 <- 0x00000006


mem[X,0x8003A29C] -> 0xB5B7
mem[X,0x8003A29E] -> 0xAAAA
[5542] [M]: 0x8003A29C (0xAAAAB5B7) lui a1, 699051
x11 <- 0xAAAAB000


mem[X,0x8003A2A0] -> 0x8593
mem[X,0x8003A2A2] -> 0xAAB5
[5543] [M]: 0x8003A2A0 (0xAAB58593) addi a1, a1, 2731
x11 <- 0xAAAAAAAB


mem[X,0x8003A2A4] -> 0x0213
mem[X,0x8003A2A6] -> 0x0000
[5544] [M]: 0x8003A2A4 (0x00000213) addi tp, zero, 0
x4 <- 0x00000000


mem[X,0x8003A2A8] -> 0x006F
mem[X,0x8003A2AA] -> 0x0100
[5545] [M]: 0x8003A2A8 (0x0100006F) jal zero, 16


mem[X,0x8003A2B8] -> 0x6AE3
mem[X,0x8003A2BA] -> 0xFEB5
[5546] [M]: 0x8003A2B8 (0xFEB56AE3) bltu a0, a1, 8180


mem[X,0x8003A2AC] -> 0x0213
mem[X,0x8003A2AE] -> 0x0012
[5547] [M]: 0x8003A2AC (0x00120213) addi tp, tp, 1
x4 <- 0x00000001


mem[X,0x8003A2B0] -> 0x006F
mem[X,0x8003A2B2] -> 0x01C0
[5548] [M]: 0x8003A2B0 (0x01C0006F) jal zero, 28


mem[X,0x8003A2CC] -> 0xA623
mem[X,0x8003A2CE] -> 0x0C40
[5549] [M]: 0x8003A2CC (0x0C40A623) sw tp, 204(ra)
mem[0x8004CA40] <- 0x00000001


mem[X,0x8003A2D0] -> 0x0513
mem[X,0x8003A2D2] -> 0x0060
[5550] [M]: 0x8003A2D0 (0x00600513) addi a0, zero, 6
x10 <- 0x00000006


mem[X,0x8003A2D4] -> 0x0593
mem[X,0x8003A2D6] -> 0x0060
[5551] [M]: 0x8003A2D4 (0x00600593) addi a1, zero, 6
x11 <- 0x00000006


mem[X,0x8003A2D8] -> 0x0213
mem[X,0x8003A2DA] -> 0x0000
[5552] [M]: 0x8003A2D8 (0x00000213) addi tp, zero, 0
x4 <- 0x00000000


mem[X,0x8003A2DC] -> 0x006F
mem[X,0x8003A2DE] -> 0x0180
[5553] [M]: 0x8003A2DC (0x0180006F) jal zero, 24


mem[X,0x8003A2F4] -> 0x66E3
mem[X,0x8003A2F6] -> 0xFEB5
[5554] [M]: 0x8003A2F4 (0xFEB566E3) bltu a0, a1, 8172


mem[X,0x8003A2F8] -> 0x0213
mem[X,0x8003A2FA] -> 0x0022
[5555] [M]: 0x8003A2F8 (0x00220213) addi tp, tp, 2
x4 <- 0x00000002


mem[X,0x8003A2FC] -> 0x006F
mem[X,0x8003A2FE] -> 0x00C0
[5556] [M]: 0x8003A2FC (0x00C0006F) jal zero, 12


mem[X,0x8003A308] -> 0xA823
mem[X,0x8003A30A] -> 0x0C40
[5557] [M]: 0x8003A308 (0x0C40A823) sw tp, 208(ra)
mem[0x8004CA44] <- 0x00000002


mem[X,0x8003A30C] -> 0x0513
mem[X,0x8003A30E] -> 0x0060
[5558] [M]: 0x8003A30C (0x00600513) addi a0, zero, 6
x10 <- 0x00000006


mem[X,0x8003A310] -> 0x35B7
mem[X,0x8003A312] -> 0x3333
[5559] [M]: 0x8003A310 (0x333335B7) lui a1, 209715
x11 <- 0x33333000


mem[X,0x8003A314] -> 0x8593
mem[X,0x8003A316] -> 0x3345
[5560] [M]: 0x8003A314 (0x33458593) addi a1, a1, 820
x11 <- 0x33333334


mem[X,0x8003A318] -> 0x0213
mem[X,0x8003A31A] -> 0x0000
[5561] [M]: 0x8003A318 (0x00000213) addi tp, zero, 0
x4 <- 0x00000000


mem[X,0x8003A31C] -> 0x006F
mem[X,0x8003A31E] -> 0x0140
[5562] [M]: 0x8003A31C (0x0140006F) jal zero, 20


mem[X,0x8003A330] -> 0x68E3
mem[X,0x8003A332] -> 0xFEB5
[5563] [M]: 0x8003A330 (0xFEB568E3) bltu a0, a1, 8176


mem[X,0x8003A320] -> 0x0213
mem[X,0x8003A322] -> 0x0012
[5564] [M]: 0x8003A320 (0x00120213) addi tp, tp, 1
x4 <- 0x00000001


mem[X,0x8003A324] -> 0x006F
mem[X,0x8003A326] -> 0x0200
[5565] [M]: 0x8003A324 (0x0200006F) jal zero, 32


mem[X,0x8003A344] -> 0xAA23
mem[X,0x8003A346] -> 0x0C40
[5566] [M]: 0x8003A344 (0x0C40AA23) sw tp, 212(ra)
mem[0x8004CA48] <- 0x00000001


mem[X,0x8003A348] -> 0x0513
mem[X,0x8003A34A] -> 0x0060
[5567] [M]: 0x8003A348 (0x00600513) addi a0, zero, 6
x10 <- 0x00000006


mem[X,0x8003A34C] -> 0x65B7
mem[X,0x8003A34E] -> 0x6666
[5568] [M]: 0x8003A34C (0x666665B7) lui a1, 419430
x11 <- 0x66666000


mem[X,0x8003A350] -> 0x8593
mem[X,0x8003A352] -> 0x6675
[5569] [M]: 0x8003A350 (0x66758593) addi a1, a1, 1639
x11 <- 0x66666667


mem[X,0x8003A354] -> 0x0213
mem[X,0x8003A356] -> 0x0000
[5570] [M]: 0x8003A354 (0x00000213) addi tp, zero, 0
x4 <- 0x00000000


mem[X,0x8003A358] -> 0x006F
mem[X,0x8003A35A] -> 0x00C0
[5571] [M]: 0x8003A358 (0x00C0006F) jal zero, 12


mem[X,0x8003A364] -> 0x6063
mem[X,0x8003A366] -> 0x08B5
[5572] [M]: 0x8003A364 (0x08B56063) bltu a0, a1, 128


mem[X,0x8003A3E4] -> 0x0213
mem[X,0x8003A3E6] -> 0x0032
[5573] [M]: 0x8003A3E4 (0x00320213) addi tp, tp, 3
x4 <- 0x00000003


mem[X,0x8003A3E8] -> 0x006F
mem[X,0x8003A3EA] -> 0x0040
[5574] [M]: 0x8003A3E8 (0x0040006F) jal zero, 4


mem[X,0x8003A3EC] -> 0xAC23
mem[X,0x8003A3EE] -> 0x0C40
[5575] [M]: 0x8003A3EC (0x0C40AC23) sw tp, 216(ra)
mem[0x8004CA4C] <- 0x00000003


mem[X,0x8003A3F0] -> 0x0513
mem[X,0x8003A3F2] -> 0x0060
[5576] [M]: 0x8003A3F0 (0x00600513) addi a0, zero, 6
x10 <- 0x00000006


mem[X,0x8003A3F4] -> 0xB5B7
mem[X,0x8003A3F6] -> 0x0000
[5577] [M]: 0x8003A3F4 (0x0000B5B7) lui a1, 11
x11 <- 0x0000B000


mem[X,0x8003A3F8] -> 0x8593
mem[X,0x8003A3FA] -> 0x5055
[5578] [M]: 0x8003A3F8 (0x50558593) addi a1, a1, 1285
x11 <- 0x0000B505


mem[X,0x8003A3FC] -> 0x0213
mem[X,0x8003A3FE] -> 0x0000
[5579] [M]: 0x8003A3FC (0x00000213) addi tp, zero, 0
x4 <- 0x00000000


mem[X,0x8003A400] -> 0x006F
mem[X,0x8003A402] -> 0x00C0
[5580] [M]: 0x8003A400 (0x00C0006F) jal zero, 12


mem[X,0x8003A40C] -> 0x6CE3
mem[X,0x8003A40E] -> 0xFEB5
[5581] [M]: 0x8003A40C (0xFEB56CE3) bltu a0, a1, 8184


mem[X,0x8003A404] -> 0x0213
mem[X,0x8003A406] -> 0x0012
[5582] [M]: 0x8003A404 (0x00120213) addi tp, tp, 1
x4 <- 0x00000001


mem[X,0x8003A408] -> 0x006F
mem[X,0x8003A40A] -> 0x0180
[5583] [M]: 0x8003A408 (0x0180006F) jal zero, 24


mem[X,0x8003A420] -> 0xAE23
mem[X,0x8003A422] -> 0x0C40
[5584] [M]: 0x8003A420 (0x0C40AE23) sw tp, 220(ra)
mem[0x8004CA50] <- 0x00000001


mem[X,0x8003A424] -> 0x0513
mem[X,0x8003A426] -> 0x0060
[5585] [M]: 0x8003A424 (0x00600513) addi a0, zero, 6
x10 <- 0x00000006


mem[X,0x8003A428] -> 0x0593
mem[X,0x8003A42A] -> 0x0010
[5586] [M]: 0x8003A428 (0x00100593) addi a1, zero, 1
x11 <- 0x00000001


mem[X,0x8003A42C] -> 0x0213
mem[X,0x8003A42E] -> 0x0000
[5587] [M]: 0x8003A42C (0x00000213) addi tp, zero, 0
x4 <- 0x00000000


mem[X,0x8003A430] -> 0x006F
mem[X,0x8003A432] -> 0x00C0
[5588] [M]: 0x8003A430 (0x00C0006F) jal zero, 12


mem[X,0x8003A43C] -> 0x6663
mem[X,0x8003A43E] -> 0x00B5
[5589] [M]: 0x8003A43C (0x00B56663) bltu a0, a1, 12


mem[X,0x8003A440] -> 0x0213
mem[X,0x8003A442] -> 0x0022
[5590] [M]: 0x8003A440 (0x00220213) addi tp, tp, 2
x4 <- 0x00000002


mem[X,0x8003A444] -> 0x006F
mem[X,0x8003A446] -> 0x00C0
[5591] [M]: 0x8003A444 (0x00C0006F) jal zero, 12


mem[X,0x8003A450] -> 0xA023
mem[X,0x8003A452] -> 0x0E40
[5592] [M]: 0x8003A450 (0x0E40A023) sw tp, 224(ra)
mem[0x8004CA54] <- 0x00000002


mem[X,0x8003A454] -> 0x0513
mem[X,0x8003A456] -> 0x0060
[5593] [M]: 0x8003A454 (0x00600513) addi a0, zero, 6
x10 <- 0x00000006


mem[X,0x8003A458] -> 0x05B7
mem[X,0x8003A45A] -> 0x0001
[5594] [M]: 0x8003A458 (0x000105B7) lui a1, 16
x11 <- 0x00010000


mem[X,0x8003A45C] -> 0x0213
mem[X,0x8003A45E] -> 0x0000
[5595] [M]: 0x8003A45C (0x00000213) addi tp, zero, 0
x4 <- 0x00000000


mem[X,0x8003A460] -> 0x006F
mem[X,0x8003A462] -> 0x00C0
[5596] [M]: 0x8003A460 (0x00C0006F) jal zero, 12


mem[X,0x8003A46C] -> 0x6CE3
mem[X,0x8003A46E] -> 0xFEB5
[5597] [M]: 0x8003A46C (0xFEB56CE3) bltu a0, a1, 8184


mem[X,0x8003A464] -> 0x0213
mem[X,0x8003A466] -> 0x0012
[5598] [M]: 0x8003A464 (0x00120213) addi tp, tp, 1
x4 <- 0x00000001


mem[X,0x8003A468] -> 0x006F
mem[X,0x8003A46A] -> 0x0180
[5599] [M]: 0x8003A468 (0x0180006F) jal zero, 24


clint::tick mtime <- 0x0000000000000038
 clint timer pending at mtime 0x0000000000000038
htif::tick 0x0000000000000000
mem[X,0x8003A480] -> 0xA223
mem[X,0x8003A482] -> 0x0E40
[5600] [M]: 0x8003A480 (0x0E40A223) sw tp, 228(ra)
mem[0x8004CA58] <- 0x00000001


mem[X,0x8003A484] -> 0x3537
mem[X,0x8003A486] -> 0x3333
[5601] [M]: 0x8003A484 (0x33333537) lui a0, 209715
x10 <- 0x33333000


mem[X,0x8003A488] -> 0x0513
mem[X,0x8003A48A] -> 0x3345
[5602] [M]: 0x8003A488 (0x33450513) addi a0, a0, 820
x10 <- 0x33333334


mem[X,0x8003A48C] -> 0x0593
mem[X,0x8003A48E] -> 0x0030
[5603] [M]: 0x8003A48C (0x00300593) addi a1, zero, 3
x11 <- 0x00000003


mem[X,0x8003A490] -> 0x0213
mem[X,0x8003A492] -> 0x0000
[5604] [M]: 0x8003A490 (0x00000213) addi tp, zero, 0
x4 <- 0x00000000


mem[X,0x8003A494] -> 0x006F
mem[X,0x8003A496] -> 0x00C0
[5605] [M]: 0x8003A494 (0x00C0006F) jal zero, 12


mem[X,0x8003A4A0] -> 0x6CE3
mem[X,0x8003A4A2] -> 0xFEB5
[5606] [M]: 0x8003A4A0 (0xFEB56CE3) bltu a0, a1, 8184


mem[X,0x8003A4A4] -> 0x0213
mem[X,0x8003A4A6] -> 0x0022
[5607] [M]: 0x8003A4A4 (0x00220213) addi tp, tp, 2
x4 <- 0x00000002


mem[X,0x8003A4A8] -> 0x006F
mem[X,0x8003A4AA] -> 0x00C0
[5608] [M]: 0x8003A4A8 (0x00C0006F) jal zero, 12


mem[X,0x8003A4B4] -> 0xA423
mem[X,0x8003A4B6] -> 0x0E40
[5609] [M]: 0x8003A4B4 (0x0E40A423) sw tp, 232(ra)
mem[0x8004CA5C] <- 0x00000002


mem[X,0x8003A4B8] -> 0x3537
mem[X,0x8003A4BA] -> 0x3333
[5610] [M]: 0x8003A4B8 (0x33333537) lui a0, 209715
x10 <- 0x33333000


mem[X,0x8003A4BC] -> 0x0513
mem[X,0x8003A4BE] -> 0x3345
[5611] [M]: 0x8003A4BC (0x33450513) addi a0, a0, 820
x10 <- 0x33333334


mem[X,0x8003A4C0] -> 0xB5B7
mem[X,0x8003A4C2] -> 0xAAAA
[5612] [M]: 0x8003A4C0 (0xAAAAB5B7) lui a1, 699051
x11 <- 0xAAAAB000


mem[X,0x8003A4C4] -> 0x8593
mem[X,0x8003A4C6] -> 0xAAA5
[5613] [M]: 0x8003A4C4 (0xAAA58593) addi a1, a1, 2730
x11 <- 0xAAAAAAAA


mem[X,0x8003A4C8] -> 0x0213
mem[X,0x8003A4CA] -> 0x0000
[5614] [M]: 0x8003A4C8 (0x00000213) addi tp, zero, 0
x4 <- 0x00000000


mem[X,0x8003A4CC] -> 0x006F
mem[X,0x8003A4CE] -> 0x0050
[5615] [M]: 0x8003A4CC (0x0050006F) jal zero, 2052


mem[X,0x8003ACD0] -> 0x60E3
mem[X,0x8003ACD2] -> 0x80B5
[5616] [M]: 0x8003ACD0 (0x80B560E3) bltu a0, a1, 6144


mem[X,0x8003A4D0] -> 0x0213
mem[X,0x8003A4D2] -> 0x0012
[5617] [M]: 0x8003A4D0 (0x00120213) addi tp, tp, 1
x4 <- 0x00000001


mem[X,0x8003A4D4] -> 0x006F
mem[X,0x8003A4D6] -> 0x0110
[5618] [M]: 0x8003A4D4 (0x0110006F) jal zero, 2064


mem[X,0x8003ACE4] -> 0xA623
mem[X,0x8003ACE6] -> 0x0E40
[5619] [M]: 0x8003ACE4 (0x0E40A623) sw tp, 236(ra)
mem[0x8004CA60] <- 0x00000001


mem[X,0x8003ACE8] -> 0x6537
mem[X,0x8003ACEA] -> 0x6666
[5620] [M]: 0x8003ACE8 (0x66666537) lui a0, 419430
x10 <- 0x66666000


mem[X,0x8003ACEC] -> 0x0513
mem[X,0x8003ACEE] -> 0x6655
[5621] [M]: 0x8003ACEC (0x66550513) addi a0, a0, 1637
x10 <- 0x66666665


mem[X,0x8003ACF0] -> 0xB5B7
mem[X,0x8003ACF2] -> 0xAAAA
[5622] [M]: 0x8003ACF0 (0xAAAAB5B7) lui a1, 699051
x11 <- 0xAAAAB000


mem[X,0x8003ACF4] -> 0x8593
mem[X,0x8003ACF6] -> 0xAAB5
[5623] [M]: 0x8003ACF4 (0xAAB58593) addi a1, a1, 2731
x11 <- 0xAAAAAAAB


mem[X,0x8003ACF8] -> 0x0213
mem[X,0x8003ACFA] -> 0x0000
[5624] [M]: 0x8003ACF8 (0x00000213) addi tp, zero, 0
x4 <- 0x00000000


mem[X,0x8003ACFC] -> 0x006F
mem[X,0x8003ACFE] -> 0x00C0
[5625] [M]: 0x8003ACFC (0x00C0006F) jal zero, 12


mem[X,0x8003AD08] -> 0x6CE3
mem[X,0x8003AD0A] -> 0xFEB5
[5626] [M]: 0x8003AD08 (0xFEB56CE3) bltu a0, a1, 8184


mem[X,0x8003AD00] -> 0x0213
mem[X,0x8003AD02] -> 0x0012
[5627] [M]: 0x8003AD00 (0x00120213) addi tp, tp, 1
x4 <- 0x00000001


mem[X,0x8003AD04] -> 0x006F
mem[X,0x8003AD06] -> 0x0180
[5628] [M]: 0x8003AD04 (0x0180006F) jal zero, 24


mem[X,0x8003AD1C] -> 0xA823
mem[X,0x8003AD1E] -> 0x0E40
[5629] [M]: 0x8003AD1C (0x0E40A823) sw tp, 240(ra)
mem[0x8004CA64] <- 0x00000001


mem[X,0x8003AD20] -> 0x3537
mem[X,0x8003AD22] -> 0x3333
[5630] [M]: 0x8003AD20 (0x33333537) lui a0, 209715
x10 <- 0x33333000


mem[X,0x8003AD24] -> 0x0513
mem[X,0x8003AD26] -> 0x3345
[5631] [M]: 0x8003AD24 (0x33450513) addi a0, a0, 820
x10 <- 0x33333334


mem[X,0x8003AD28] -> 0x0593
mem[X,0x8003AD2A] -> 0x0050
[5632] [M]: 0x8003AD28 (0x00500593) addi a1, zero, 5
x11 <- 0x00000005


mem[X,0x8003AD2C] -> 0x0213
mem[X,0x8003AD2E] -> 0x0000
[5633] [M]: 0x8003AD2C (0x00000213) addi tp, zero, 0
x4 <- 0x00000000


mem[X,0x8003AD30] -> 0x006F
mem[X,0x8003AD32] -> 0x00C0
[5634] [M]: 0x8003AD30 (0x00C0006F) jal zero, 12


mem[X,0x8003AD3C] -> 0x6663
mem[X,0x8003AD3E] -> 0x00B5
[5635] [M]: 0x8003AD3C (0x00B56663) bltu a0, a1, 12


mem[X,0x8003AD40] -> 0x0213
mem[X,0x8003AD42] -> 0x0022
[5636] [M]: 0x8003AD40 (0x00220213) addi tp, tp, 2
x4 <- 0x00000002


mem[X,0x8003AD44] -> 0x006F
mem[X,0x8003AD46] -> 0x00C0
[5637] [M]: 0x8003AD44 (0x00C0006F) jal zero, 12


mem[X,0x8003AD50] -> 0xAA23
mem[X,0x8003AD52] -> 0x0E40
[5638] [M]: 0x8003AD50 (0x0E40AA23) sw tp, 244(ra)
mem[0x8004CA68] <- 0x00000002


mem[X,0x8003AD54] -> 0x3537
mem[X,0x8003AD56] -> 0x3333
[5639] [M]: 0x8003AD54 (0x33333537) lui a0, 209715
x10 <- 0x33333000


mem[X,0x8003AD58] -> 0x0513
mem[X,0x8003AD5A] -> 0x3345
[5640] [M]: 0x8003AD58 (0x33450513) addi a0, a0, 820
x10 <- 0x33333334


mem[X,0x8003AD5C] -> 0x35B7
mem[X,0x8003AD5E] -> 0x3333
[5641] [M]: 0x8003AD5C (0x333335B7) lui a1, 209715
x11 <- 0x33333000


mem[X,0x8003AD60] -> 0x8593
mem[X,0x8003AD62] -> 0x3335
[5642] [M]: 0x8003AD60 (0x33358593) addi a1, a1, 819
x11 <- 0x33333333


mem[X,0x8003AD64] -> 0x0213
mem[X,0x8003AD66] -> 0x0000
[5643] [M]: 0x8003AD64 (0x00000213) addi tp, zero, 0
x4 <- 0x00000000


mem[X,0x8003AD68] -> 0x006F
mem[X,0x8003AD6A] -> 0x00C0
[5644] [M]: 0x8003AD68 (0x00C0006F) jal zero, 12


mem[X,0x8003AD74] -> 0x6663
mem[X,0x8003AD76] -> 0x00B5
[5645] [M]: 0x8003AD74 (0x00B56663) bltu a0, a1, 12


mem[X,0x8003AD78] -> 0x0213
mem[X,0x8003AD7A] -> 0x0022
[5646] [M]: 0x8003AD78 (0x00220213) addi tp, tp, 2
x4 <- 0x00000002


mem[X,0x8003AD7C] -> 0x006F
mem[X,0x8003AD7E] -> 0x00C0
[5647] [M]: 0x8003AD7C (0x00C0006F) jal zero, 12


mem[X,0x8003AD88] -> 0xAC23
mem[X,0x8003AD8A] -> 0x0E40
[5648] [M]: 0x8003AD88 (0x0E40AC23) sw tp, 248(ra)
mem[0x8004CA6C] <- 0x00000002


mem[X,0x8003AD8C] -> 0x3537
mem[X,0x8003AD8E] -> 0x3333
[5649] [M]: 0x8003AD8C (0x33333537) lui a0, 209715
x10 <- 0x33333000


mem[X,0x8003AD90] -> 0x0513
mem[X,0x8003AD92] -> 0x3345
[5650] [M]: 0x8003AD90 (0x33450513) addi a0, a0, 820
x10 <- 0x33333334


mem[X,0x8003AD94] -> 0x65B7
mem[X,0x8003AD96] -> 0x6666
[5651] [M]: 0x8003AD94 (0x666665B7) lui a1, 419430
x11 <- 0x66666000


mem[X,0x8003AD98] -> 0x8593
mem[X,0x8003AD9A] -> 0x6665
[5652] [M]: 0x8003AD98 (0x66658593) addi a1, a1, 1638
x11 <- 0x66666666


mem[X,0x8003AD9C] -> 0x0213
mem[X,0x8003AD9E] -> 0x0000
[5653] [M]: 0x8003AD9C (0x00000213) addi tp, zero, 0
x4 <- 0x00000000


mem[X,0x8003ADA0] -> 0x006F
mem[X,0x8003ADA2] -> 0x00C0
[5654] [M]: 0x8003ADA0 (0x00C0006F) jal zero, 12


mem[X,0x8003ADAC] -> 0x6CE3
mem[X,0x8003ADAE] -> 0xFEB5
[5655] [M]: 0x8003ADAC (0xFEB56CE3) bltu a0, a1, 8184


mem[X,0x8003ADA4] -> 0x0213
mem[X,0x8003ADA6] -> 0x0012
[5656] [M]: 0x8003ADA4 (0x00120213) addi tp, tp, 1
x4 <- 0x00000001


mem[X,0x8003ADA8] -> 0x006F
mem[X,0x8003ADAA] -> 0x0180
[5657] [M]: 0x8003ADA8 (0x0180006F) jal zero, 24


mem[X,0x8003ADC0] -> 0xAE23
mem[X,0x8003ADC2] -> 0x0E40
[5658] [M]: 0x8003ADC0 (0x0E40AE23) sw tp, 252(ra)
mem[0x8004CA70] <- 0x00000001


mem[X,0x8003ADC4] -> 0x3537
mem[X,0x8003ADC6] -> 0x3333
[5659] [M]: 0x8003ADC4 (0x33333537) lui a0, 209715
x10 <- 0x33333000


mem[X,0x8003ADC8] -> 0x0513
mem[X,0x8003ADCA] -> 0x3345
[5660] [M]: 0x8003ADC8 (0x33450513) addi a0, a0, 820
x10 <- 0x33333334


mem[X,0x8003ADCC] -> 0xB5B7
mem[X,0x8003ADCE] -> 0x0000
[5661] [M]: 0x8003ADCC (0x0000B5B7) lui a1, 11
x11 <- 0x0000B000


mem[X,0x8003ADD0] -> 0x8593
mem[X,0x8003ADD2] -> 0x5045
[5662] [M]: 0x8003ADD0 (0x50458593) addi a1, a1, 1284
x11 <- 0x0000B504


mem[X,0x8003ADD4] -> 0x0213
mem[X,0x8003ADD6] -> 0x0000
[5663] [M]: 0x8003ADD4 (0x00000213) addi tp, zero, 0
x4 <- 0x00000000


mem[X,0x8003ADD8] -> 0x006F
mem[X,0x8003ADDA] -> 0x00C0
[5664] [M]: 0x8003ADD8 (0x00C0006F) jal zero, 12


mem[X,0x8003ADE4] -> 0x6663
mem[X,0x8003ADE6] -> 0x00B5
[5665] [M]: 0x8003ADE4 (0x00B56663) bltu a0, a1, 12


mem[X,0x8003ADE8] -> 0x0213
mem[X,0x8003ADEA] -> 0x0022
[5666] [M]: 0x8003ADE8 (0x00220213) addi tp, tp, 2
x4 <- 0x00000002


mem[X,0x8003ADEC] -> 0x006F
mem[X,0x8003ADEE] -> 0x00C0
[5667] [M]: 0x8003ADEC (0x00C0006F) jal zero, 12


mem[X,0x8003ADF8] -> 0xA023
mem[X,0x8003ADFA] -> 0x1040
[5668] [M]: 0x8003ADF8 (0x1040A023) sw tp, 256(ra)
mem[0x8004CA74] <- 0x00000002


mem[X,0x8003ADFC] -> 0x3537
mem[X,0x8003ADFE] -> 0x3333
[5669] [M]: 0x8003ADFC (0x33333537) lui a0, 209715
x10 <- 0x33333000


mem[X,0x8003AE00] -> 0x0513
mem[X,0x8003AE02] -> 0x3345
[5670] [M]: 0x8003AE00 (0x33450513) addi a0, a0, 820
x10 <- 0x33333334


mem[X,0x8003AE04] -> 0x0593
mem[X,0x8003AE06] -> 0x0000
[5671] [M]: 0x8003AE04 (0x00000593) addi a1, zero, 0
x11 <- 0x00000000


mem[X,0x8003AE08] -> 0x0213
mem[X,0x8003AE0A] -> 0x0000
[5672] [M]: 0x8003AE08 (0x00000213) addi tp, zero, 0
x4 <- 0x00000000


mem[X,0x8003AE0C] -> 0x006F
mem[X,0x8003AE0E] -> 0x00C0
[5673] [M]: 0x8003AE0C (0x00C0006F) jal zero, 12


mem[X,0x8003AE18] -> 0x6663
mem[X,0x8003AE1A] -> 0x00B5
[5674] [M]: 0x8003AE18 (0x00B56663) bltu a0, a1, 12


mem[X,0x8003AE1C] -> 0x0213
mem[X,0x8003AE1E] -> 0x0022
[5675] [M]: 0x8003AE1C (0x00220213) addi tp, tp, 2
x4 <- 0x00000002


mem[X,0x8003AE20] -> 0x006F
mem[X,0x8003AE22] -> 0x00C0
[5676] [M]: 0x8003AE20 (0x00C0006F) jal zero, 12


mem[X,0x8003AE2C] -> 0xA223
mem[X,0x8003AE2E] -> 0x1040
[5677] [M]: 0x8003AE2C (0x1040A223) sw tp, 260(ra)
mem[0x8004CA78] <- 0x00000002


mem[X,0x8003AE30] -> 0x3537
mem[X,0x8003AE32] -> 0x3333
[5678] [M]: 0x8003AE30 (0x33333537) lui a0, 209715
x10 <- 0x33333000


mem[X,0x8003AE34] -> 0x0513
mem[X,0x8003AE36] -> 0x3345
[5679] [M]: 0x8003AE34 (0x33450513) addi a0, a0, 820
x10 <- 0x33333334


mem[X,0x8003AE38] -> 0x05B7
mem[X,0x8003AE3A] -> 0x0001
[5680] [M]: 0x8003AE38 (0x000105B7) lui a1, 16
x11 <- 0x00010000


mem[X,0x8003AE3C] -> 0x8593
mem[X,0x8003AE3E] -> 0xFFF5
[5681] [M]: 0x8003AE3C (0xFFF58593) addi a1, a1, 4095
x11 <- 0x0000FFFF


mem[X,0x8003AE40] -> 0x0213
mem[X,0x8003AE42] -> 0x0000
[5682] [M]: 0x8003AE40 (0x00000213) addi tp, zero, 0
x4 <- 0x00000000


mem[X,0x8003AE44] -> 0x006F
mem[X,0x8003AE46] -> 0x00C0
[5683] [M]: 0x8003AE44 (0x00C0006F) jal zero, 12


mem[X,0x8003AE50] -> 0x6CE3
mem[X,0x8003AE52] -> 0xFEB5
[5684] [M]: 0x8003AE50 (0xFEB56CE3) bltu a0, a1, 8184


mem[X,0x8003AE54] -> 0x0213
mem[X,0x8003AE56] -> 0x0022
[5685] [M]: 0x8003AE54 (0x00220213) addi tp, tp, 2
x4 <- 0x00000002


mem[X,0x8003AE58] -> 0x006F
mem[X,0x8003AE5A] -> 0x00C0
[5686] [M]: 0x8003AE58 (0x00C0006F) jal zero, 12


mem[X,0x8003AE64] -> 0xA423
mem[X,0x8003AE66] -> 0x1040
[5687] [M]: 0x8003AE64 (0x1040A423) sw tp, 264(ra)
mem[0x8004CA7C] <- 0x00000002


mem[X,0x8003AE68] -> 0x3537
mem[X,0x8003AE6A] -> 0x3333
[5688] [M]: 0x8003AE68 (0x33333537) lui a0, 209715
x10 <- 0x33333000


mem[X,0x8003AE6C] -> 0x0513
mem[X,0x8003AE6E] -> 0x3345
[5689] [M]: 0x8003AE6C (0x33450513) addi a0, a0, 820
x10 <- 0x33333334


mem[X,0x8003AE70] -> 0x0593
mem[X,0x8003AE72] -> 0x0020
[5690] [M]: 0x8003AE70 (0x00200593) addi a1, zero, 2
x11 <- 0x00000002


mem[X,0x8003AE74] -> 0x0213
mem[X,0x8003AE76] -> 0x0000
[5691] [M]: 0x8003AE74 (0x00000213) addi tp, zero, 0
x4 <- 0x00000000


mem[X,0x8003AE78] -> 0x006F
mem[X,0x8003AE7A] -> 0x00C0
[5692] [M]: 0x8003AE78 (0x00C0006F) jal zero, 12


mem[X,0x8003AE84] -> 0x6063
mem[X,0x8003AE86] -> 0x20B5
[5693] [M]: 0x8003AE84 (0x20B56063) bltu a0, a1, 512


mem[X,0x8003AE88] -> 0x0213
mem[X,0x8003AE8A] -> 0x0022
[5694] [M]: 0x8003AE88 (0x00220213) addi tp, tp, 2
x4 <- 0x00000002


mem[X,0x8003AE8C] -> 0x006F
mem[X,0x8003AE8E] -> 0x2000
[5695] [M]: 0x8003AE8C (0x2000006F) jal zero, 512


mem[X,0x8003B08C] -> 0xA623
mem[X,0x8003B08E] -> 0x1040
[5696] [M]: 0x8003B08C (0x1040A623) sw tp, 268(ra)
mem[0x8004CA80] <- 0x00000002


mem[X,0x8003B090] -> 0x3537
mem[X,0x8003B092] -> 0x3333
[5697] [M]: 0x8003B090 (0x33333537) lui a0, 209715
x10 <- 0x33333000


mem[X,0x8003B094] -> 0x0513
mem[X,0x8003B096] -> 0x3345
[5698] [M]: 0x8003B094 (0x33450513) addi a0, a0, 820
x10 <- 0x33333334


mem[X,0x8003B098] -> 0x55B7
mem[X,0x8003B09A] -> 0x5555
[5699] [M]: 0x8003B098 (0x555555B7) lui a1, 349525
x11 <- 0x55555000


clint::tick mtime <- 0x0000000000000039
 clint timer pending at mtime 0x0000000000000039
htif::tick 0x0000000000000000
mem[X,0x8003B09C] -> 0x8593
mem[X,0x8003B09E] -> 0x5545
[5700] [M]: 0x8003B09C (0x55458593) addi a1, a1, 1364
x11 <- 0x55555554


mem[X,0x8003B0A0] -> 0x0213
mem[X,0x8003B0A2] -> 0x0000
[5701] [M]: 0x8003B0A0 (0x00000213) addi tp, zero, 0
x4 <- 0x00000000


mem[X,0x8003B0A4] -> 0x006F
mem[X,0x8003B0A6] -> 0x00C0
[5702] [M]: 0x8003B0A4 (0x00C0006F) jal zero, 12


mem[X,0x8003B0B0] -> 0x6063
mem[X,0x8003B0B2] -> 0x20B5
[5703] [M]: 0x8003B0B0 (0x20B56063) bltu a0, a1, 512


mem[X,0x8003B2B0] -> 0x0213
mem[X,0x8003B2B2] -> 0x0032
[5704] [M]: 0x8003B2B0 (0x00320213) addi tp, tp, 3
x4 <- 0x00000003


mem[X,0x8003B2B4] -> 0x006F
mem[X,0x8003B2B6] -> 0x0040
[5705] [M]: 0x8003B2B4 (0x0040006F) jal zero, 4


mem[X,0x8003B2B8] -> 0xA823
mem[X,0x8003B2BA] -> 0x1040
[5706] [M]: 0x8003B2B8 (0x1040A823) sw tp, 272(ra)
mem[0x8004CA84] <- 0x00000003


mem[X,0x8003B2BC] -> 0x3537
mem[X,0x8003B2BE] -> 0x3333
[5707] [M]: 0x8003B2BC (0x33333537) lui a0, 209715
x10 <- 0x33333000


mem[X,0x8003B2C0] -> 0x0513
mem[X,0x8003B2C2] -> 0x3345
[5708] [M]: 0x8003B2C0 (0x33450513) addi a0, a0, 820
x10 <- 0x33333334


mem[X,0x8003B2C4] -> 0xB5B7
mem[X,0x8003B2C6] -> 0xAAAA
[5709] [M]: 0x8003B2C4 (0xAAAAB5B7) lui a1, 699051
x11 <- 0xAAAAB000


mem[X,0x8003B2C8] -> 0x8593
mem[X,0x8003B2CA] -> 0xAA95
[5710] [M]: 0x8003B2C8 (0xAA958593) addi a1, a1, 2729
x11 <- 0xAAAAAAA9


mem[X,0x8003B2CC] -> 0x0213
mem[X,0x8003B2CE] -> 0x0000
[5711] [M]: 0x8003B2CC (0x00000213) addi tp, zero, 0
x4 <- 0x00000000


mem[X,0x8003B2D0] -> 0x006F
mem[X,0x8003B2D2] -> 0x00C0
[5712] [M]: 0x8003B2D0 (0x00C0006F) jal zero, 12


mem[X,0x8003B2DC] -> 0x6063
mem[X,0x8003B2DE] -> 0x10B5
[5713] [M]: 0x8003B2DC (0x10B56063) bltu a0, a1, 256


mem[X,0x8003B3DC] -> 0x0213
mem[X,0x8003B3DE] -> 0x0032
[5714] [M]: 0x8003B3DC (0x00320213) addi tp, tp, 3
x4 <- 0x00000003


mem[X,0x8003B3E0] -> 0x006F
mem[X,0x8003B3E2] -> 0x0040
[5715] [M]: 0x8003B3E0 (0x0040006F) jal zero, 4


mem[X,0x8003B3E4] -> 0xAA23
mem[X,0x8003B3E6] -> 0x1040
[5716] [M]: 0x8003B3E4 (0x1040AA23) sw tp, 276(ra)
mem[0x8004CA88] <- 0x00000003


mem[X,0x8003B3E8] -> 0x3537
mem[X,0x8003B3EA] -> 0x3333
[5717] [M]: 0x8003B3E8 (0x33333537) lui a0, 209715
x10 <- 0x33333000


mem[X,0x8003B3EC] -> 0x0513
mem[X,0x8003B3EE] -> 0x3345
[5718] [M]: 0x8003B3EC (0x33450513) addi a0, a0, 820
x10 <- 0x33333334


mem[X,0x8003B3F0] -> 0x0593
mem[X,0x8003B3F2] -> 0x0040
[5719] [M]: 0x8003B3F0 (0x00400593) addi a1, zero, 4
x11 <- 0x00000004


mem[X,0x8003B3F4] -> 0x0213
mem[X,0x8003B3F6] -> 0x0000
[5720] [M]: 0x8003B3F4 (0x00000213) addi tp, zero, 0
x4 <- 0x00000000


mem[X,0x8003B3F8] -> 0x006F
mem[X,0x8003B3FA] -> 0x00C0
[5721] [M]: 0x8003B3F8 (0x00C0006F) jal zero, 12


mem[X,0x8003B404] -> 0x6663
mem[X,0x8003B406] -> 0x00B5
[5722] [M]: 0x8003B404 (0x00B56663) bltu a0, a1, 12


mem[X,0x8003B408] -> 0x0213
mem[X,0x8003B40A] -> 0x0022
[5723] [M]: 0x8003B408 (0x00220213) addi tp, tp, 2
x4 <- 0x00000002


mem[X,0x8003B40C] -> 0x006F
mem[X,0x8003B40E] -> 0x00C0
[5724] [M]: 0x8003B40C (0x00C0006F) jal zero, 12


mem[X,0x8003B418] -> 0xAC23
mem[X,0x8003B41A] -> 0x1040
[5725] [M]: 0x8003B418 (0x1040AC23) sw tp, 280(ra)
mem[0x8004CA8C] <- 0x00000002


mem[X,0x8003B41C] -> 0x3537
mem[X,0x8003B41E] -> 0x3333
[5726] [M]: 0x8003B41C (0x33333537) lui a0, 209715
x10 <- 0x33333000


mem[X,0x8003B420] -> 0x0513
mem[X,0x8003B422] -> 0x3345
[5727] [M]: 0x8003B420 (0x33450513) addi a0, a0, 820
x10 <- 0x33333334


mem[X,0x8003B424] -> 0x35B7
mem[X,0x8003B426] -> 0x3333
[5728] [M]: 0x8003B424 (0x333335B7) lui a1, 209715
x11 <- 0x33333000


mem[X,0x8003B428] -> 0x8593
mem[X,0x8003B42A] -> 0x3325
[5729] [M]: 0x8003B428 (0x33258593) addi a1, a1, 818
x11 <- 0x33333332


mem[X,0x8003B42C] -> 0x0213
mem[X,0x8003B42E] -> 0x0000
[5730] [M]: 0x8003B42C (0x00000213) addi tp, zero, 0
x4 <- 0x00000000


mem[X,0x8003B430] -> 0x006F
mem[X,0x8003B432] -> 0x00C0
[5731] [M]: 0x8003B430 (0x00C0006F) jal zero, 12


mem[X,0x8003B43C] -> 0x6CE3
mem[X,0x8003B43E] -> 0xFEB5
[5732] [M]: 0x8003B43C (0xFEB56CE3) bltu a0, a1, 8184


mem[X,0x8003B440] -> 0x0213
mem[X,0x8003B442] -> 0x0022
[5733] [M]: 0x8003B440 (0x00220213) addi tp, tp, 2
x4 <- 0x00000002


mem[X,0x8003B444] -> 0x006F
mem[X,0x8003B446] -> 0x00C0
[5734] [M]: 0x8003B444 (0x00C0006F) jal zero, 12


mem[X,0x8003B450] -> 0xAE23
mem[X,0x8003B452] -> 0x1040
[5735] [M]: 0x8003B450 (0x1040AE23) sw tp, 284(ra)
mem[0x8004CA90] <- 0x00000002


mem[X,0x8003B454] -> 0x3537
mem[X,0x8003B456] -> 0x3333
[5736] [M]: 0x8003B454 (0x33333537) lui a0, 209715
x10 <- 0x33333000


mem[X,0x8003B458] -> 0x0513
mem[X,0x8003B45A] -> 0x3345
[5737] [M]: 0x8003B458 (0x33450513) addi a0, a0, 820
x10 <- 0x33333334


mem[X,0x8003B45C] -> 0x65B7
mem[X,0x8003B45E] -> 0x6666
[5738] [M]: 0x8003B45C (0x666665B7) lui a1, 419430
x11 <- 0x66666000


mem[X,0x8003B460] -> 0x8593
mem[X,0x8003B462] -> 0x6655
[5739] [M]: 0x8003B460 (0x66558593) addi a1, a1, 1637
x11 <- 0x66666665


mem[X,0x8003B464] -> 0x0213
mem[X,0x8003B466] -> 0x0000
[5740] [M]: 0x8003B464 (0x00000213) addi tp, zero, 0
x4 <- 0x00000000


mem[X,0x8003B468] -> 0x006F
mem[X,0x8003B46A] -> 0x00C0
[5741] [M]: 0x8003B468 (0x00C0006F) jal zero, 12


mem[X,0x8003B474] -> 0x6063
mem[X,0x8003B476] -> 0x20B5
[5742] [M]: 0x8003B474 (0x20B56063) bltu a0, a1, 512


mem[X,0x8003B674] -> 0x0213
mem[X,0x8003B676] -> 0x0032
[5743] [M]: 0x8003B674 (0x00320213) addi tp, tp, 3
x4 <- 0x00000003


mem[X,0x8003B678] -> 0x006F
mem[X,0x8003B67A] -> 0x0040
[5744] [M]: 0x8003B678 (0x0040006F) jal zero, 4


mem[X,0x8003B67C] -> 0xA023
mem[X,0x8003B67E] -> 0x1240
[5745] [M]: 0x8003B67C (0x1240A023) sw tp, 288(ra)
mem[0x8004CA94] <- 0x00000003


mem[X,0x8003B680] -> 0x3537
mem[X,0x8003B682] -> 0x3333
[5746] [M]: 0x8003B680 (0x33333537) lui a0, 209715
x10 <- 0x33333000


mem[X,0x8003B684] -> 0x0513
mem[X,0x8003B686] -> 0x3345
[5747] [M]: 0x8003B684 (0x33450513) addi a0, a0, 820
x10 <- 0x33333334


mem[X,0x8003B688] -> 0xB5B7
mem[X,0x8003B68A] -> 0x0000
[5748] [M]: 0x8003B688 (0x0000B5B7) lui a1, 11
x11 <- 0x0000B000


mem[X,0x8003B68C] -> 0x8593
mem[X,0x8003B68E] -> 0x5035
[5749] [M]: 0x8003B68C (0x50358593) addi a1, a1, 1283
x11 <- 0x0000B503


mem[X,0x8003B690] -> 0x0213
mem[X,0x8003B692] -> 0x0000
[5750] [M]: 0x8003B690 (0x00000213) addi tp, zero, 0
x4 <- 0x00000000


mem[X,0x8003B694] -> 0x006F
mem[X,0x8003B696] -> 0x00C0
[5751] [M]: 0x8003B694 (0x00C0006F) jal zero, 12


mem[X,0x8003B6A0] -> 0x6CE3
mem[X,0x8003B6A2] -> 0xFEB5
[5752] [M]: 0x8003B6A0 (0xFEB56CE3) bltu a0, a1, 8184


mem[X,0x8003B6A4] -> 0x0213
mem[X,0x8003B6A6] -> 0x0022
[5753] [M]: 0x8003B6A4 (0x00220213) addi tp, tp, 2
x4 <- 0x00000002


mem[X,0x8003B6A8] -> 0x006F
mem[X,0x8003B6AA] -> 0x00C0
[5754] [M]: 0x8003B6A8 (0x00C0006F) jal zero, 12


mem[X,0x8003B6B4] -> 0xA223
mem[X,0x8003B6B6] -> 0x1240
[5755] [M]: 0x8003B6B4 (0x1240A223) sw tp, 292(ra)
mem[0x8004CA98] <- 0x00000002


mem[X,0x8003B6B8] -> 0x3537
mem[X,0x8003B6BA] -> 0x3333
[5756] [M]: 0x8003B6B8 (0x33333537) lui a0, 209715
x10 <- 0x33333000


mem[X,0x8003B6BC] -> 0x0513
mem[X,0x8003B6BE] -> 0x3345
[5757] [M]: 0x8003B6BC (0x33450513) addi a0, a0, 820
x10 <- 0x33333334


mem[X,0x8003B6C0] -> 0x05B7
mem[X,0x8003B6C2] -> 0x0001
[5758] [M]: 0x8003B6C0 (0x000105B7) lui a1, 16
x11 <- 0x00010000


mem[X,0x8003B6C4] -> 0x8593
mem[X,0x8003B6C6] -> 0xFFE5
[5759] [M]: 0x8003B6C4 (0xFFE58593) addi a1, a1, 4094
x11 <- 0x0000FFFE


mem[X,0x8003B6C8] -> 0x0213
mem[X,0x8003B6CA] -> 0x0000
[5760] [M]: 0x8003B6C8 (0x00000213) addi tp, zero, 0
x4 <- 0x00000000


mem[X,0x8003B6CC] -> 0x006F
mem[X,0x8003B6CE] -> 0x00C0
[5761] [M]: 0x8003B6CC (0x00C0006F) jal zero, 12


mem[X,0x8003B6D8] -> 0x6CE3
mem[X,0x8003B6DA] -> 0xFEB5
[5762] [M]: 0x8003B6D8 (0xFEB56CE3) bltu a0, a1, 8184


mem[X,0x8003B6DC] -> 0x0213
mem[X,0x8003B6DE] -> 0x0022
[5763] [M]: 0x8003B6DC (0x00220213) addi tp, tp, 2
x4 <- 0x00000002


mem[X,0x8003B6E0] -> 0x006F
mem[X,0x8003B6E2] -> 0x00C0
[5764] [M]: 0x8003B6E0 (0x00C0006F) jal zero, 12


mem[X,0x8003B6EC] -> 0xA423
mem[X,0x8003B6EE] -> 0x1240
[5765] [M]: 0x8003B6EC (0x1240A423) sw tp, 296(ra)
mem[0x8004CA9C] <- 0x00000002


mem[X,0x8003B6F0] -> 0x3537
mem[X,0x8003B6F2] -> 0x3333
[5766] [M]: 0x8003B6F0 (0x33333537) lui a0, 209715
x10 <- 0x33333000


mem[X,0x8003B6F4] -> 0x0513
mem[X,0x8003B6F6] -> 0x3345
[5767] [M]: 0x8003B6F4 (0x33450513) addi a0, a0, 820
x10 <- 0x33333334


mem[X,0x8003B6F8] -> 0x55B7
mem[X,0x8003B6FA] -> 0x5555
[5768] [M]: 0x8003B6F8 (0x555555B7) lui a1, 349525
x11 <- 0x55555000


mem[X,0x8003B6FC] -> 0x8593
mem[X,0x8003B6FE] -> 0x5565
[5769] [M]: 0x8003B6FC (0x55658593) addi a1, a1, 1366
x11 <- 0x55555556


mem[X,0x8003B700] -> 0x0213
mem[X,0x8003B702] -> 0x0000
[5770] [M]: 0x8003B700 (0x00000213) addi tp, zero, 0
x4 <- 0x00000000


mem[X,0x8003B704] -> 0x006F
mem[X,0x8003B706] -> 0x00C0
[5771] [M]: 0x8003B704 (0x00C0006F) jal zero, 12


mem[X,0x8003B710] -> 0x6663
mem[X,0x8003B712] -> 0x00B5
[5772] [M]: 0x8003B710 (0x00B56663) bltu a0, a1, 12


mem[X,0x8003B71C] -> 0x0213
mem[X,0x8003B71E] -> 0x0032
[5773] [M]: 0x8003B71C (0x00320213) addi tp, tp, 3
x4 <- 0x00000003


mem[X,0x8003B720] -> 0x006F
mem[X,0x8003B722] -> 0x0040
[5774] [M]: 0x8003B720 (0x0040006F) jal zero, 4


mem[X,0x8003B724] -> 0xA623
mem[X,0x8003B726] -> 0x1240
[5775] [M]: 0x8003B724 (0x1240A623) sw tp, 300(ra)
mem[0x8004CAA0] <- 0x00000003


mem[X,0x8003B728] -> 0x3537
mem[X,0x8003B72A] -> 0x3333
[5776] [M]: 0x8003B728 (0x33333537) lui a0, 209715
x10 <- 0x33333000


mem[X,0x8003B72C] -> 0x0513
mem[X,0x8003B72E] -> 0x3345
[5777] [M]: 0x8003B72C (0x33450513) addi a0, a0, 820
x10 <- 0x33333334


mem[X,0x8003B730] -> 0xB5B7
mem[X,0x8003B732] -> 0xAAAA
[5778] [M]: 0x8003B730 (0xAAAAB5B7) lui a1, 699051
x11 <- 0xAAAAB000


mem[X,0x8003B734] -> 0x8593
mem[X,0x8003B736] -> 0xAAB5
[5779] [M]: 0x8003B734 (0xAAB58593) addi a1, a1, 2731
x11 <- 0xAAAAAAAB


mem[X,0x8003B738] -> 0x0213
mem[X,0x8003B73A] -> 0x0000
[5780] [M]: 0x8003B738 (0x00000213) addi tp, zero, 0
x4 <- 0x00000000


mem[X,0x8003B73C] -> 0x006F
mem[X,0x8003B73E] -> 0x0050
[5781] [M]: 0x8003B73C (0x0050006F) jal zero, 2052


mem[X,0x8003BF40] -> 0x60E3
mem[X,0x8003BF42] -> 0x80B5
[5782] [M]: 0x8003BF40 (0x80B560E3) bltu a0, a1, 6144


mem[X,0x8003B740] -> 0x0213
mem[X,0x8003B742] -> 0x0012
[5783] [M]: 0x8003B740 (0x00120213) addi tp, tp, 1
x4 <- 0x00000001


mem[X,0x8003B744] -> 0x006F
mem[X,0x8003B746] -> 0x0110
[5784] [M]: 0x8003B744 (0x0110006F) jal zero, 2064


mem[X,0x8003BF54] -> 0xA823
mem[X,0x8003BF56] -> 0x1240
[5785] [M]: 0x8003BF54 (0x1240A823) sw tp, 304(ra)
mem[0x8004CAA4] <- 0x00000001


mem[X,0x8003BF58] -> 0x3537
mem[X,0x8003BF5A] -> 0x3333
[5786] [M]: 0x8003BF58 (0x33333537) lui a0, 209715
x10 <- 0x33333000


mem[X,0x8003BF5C] -> 0x0513
mem[X,0x8003BF5E] -> 0x3345
[5787] [M]: 0x8003BF5C (0x33450513) addi a0, a0, 820
x10 <- 0x33333334


mem[X,0x8003BF60] -> 0x0593
mem[X,0x8003BF62] -> 0x0060
[5788] [M]: 0x8003BF60 (0x00600593) addi a1, zero, 6
x11 <- 0x00000006


mem[X,0x8003BF64] -> 0x0213
mem[X,0x8003BF66] -> 0x0000
[5789] [M]: 0x8003BF64 (0x00000213) addi tp, zero, 0
x4 <- 0x00000000


mem[X,0x8003BF68] -> 0x006F
mem[X,0x8003BF6A] -> 0x2B10
[5790] [M]: 0x8003BF68 (0x2B10006F) jal zero, 2736


mem[X,0x8003CA18] -> 0x6A63
mem[X,0x8003CA1A] -> 0xD4B5
[5791] [M]: 0x8003CA18 (0xD4B56A63) bltu a0, a1, 5460


mem[X,0x8003CA1C] -> 0x0213
mem[X,0x8003CA1E] -> 0x0022
[5792] [M]: 0x8003CA1C (0x00220213) addi tp, tp, 2
x4 <- 0x00000002


mem[X,0x8003CA20] -> 0x006F
mem[X,0x8003CA22] -> 0x00C0
[5793] [M]: 0x8003CA20 (0x00C0006F) jal zero, 12


mem[X,0x8003CA2C] -> 0xAA23
mem[X,0x8003CA2E] -> 0x1240
[5794] [M]: 0x8003CA2C (0x1240AA23) sw tp, 308(ra)
mem[0x8004CAA8] <- 0x00000002


mem[X,0x8003CA30] -> 0x3537
mem[X,0x8003CA32] -> 0x3333
[5795] [M]: 0x8003CA30 (0x33333537) lui a0, 209715
x10 <- 0x33333000


mem[X,0x8003CA34] -> 0x0513
mem[X,0x8003CA36] -> 0x3345
[5796] [M]: 0x8003CA34 (0x33450513) addi a0, a0, 820
x10 <- 0x33333334


mem[X,0x8003CA38] -> 0x35B7
mem[X,0x8003CA3A] -> 0x3333
[5797] [M]: 0x8003CA38 (0x333335B7) lui a1, 209715
x11 <- 0x33333000


mem[X,0x8003CA3C] -> 0x8593
mem[X,0x8003CA3E] -> 0x3345
[5798] [M]: 0x8003CA3C (0x33458593) addi a1, a1, 820
x11 <- 0x33333334


mem[X,0x8003CA40] -> 0x0213
mem[X,0x8003CA42] -> 0x0000
[5799] [M]: 0x8003CA40 (0x00000213) addi tp, zero, 0
x4 <- 0x00000000


clint::tick mtime <- 0x000000000000003A
 clint timer pending at mtime 0x000000000000003A
htif::tick 0x0000000000000000
mem[X,0x8003CA44] -> 0x006F
mem[X,0x8003CA46] -> 0x00C0
[5800] [M]: 0x8003CA44 (0x00C0006F) jal zero, 12


mem[X,0x8003CA50] -> 0x6063
mem[X,0x8003CA52] -> 0x02B5
[5801] [M]: 0x8003CA50 (0x02B56063) bltu a0, a1, 32


mem[X,0x8003CA54] -> 0x0213
mem[X,0x8003CA56] -> 0x0022
[5802] [M]: 0x8003CA54 (0x00220213) addi tp, tp, 2
x4 <- 0x00000002


mem[X,0x8003CA58] -> 0x006F
mem[X,0x8003CA5A] -> 0x0200
[5803] [M]: 0x8003CA58 (0x0200006F) jal zero, 32


mem[X,0x8003CA78] -> 0xAC23
mem[X,0x8003CA7A] -> 0x1240
[5804] [M]: 0x8003CA78 (0x1240AC23) sw tp, 312(ra)
mem[0x8004CAAC] <- 0x00000002


mem[X,0x8003CA7C] -> 0x3537
mem[X,0x8003CA7E] -> 0x3333
[5805] [M]: 0x8003CA7C (0x33333537) lui a0, 209715
x10 <- 0x33333000


mem[X,0x8003CA80] -> 0x0513
mem[X,0x8003CA82] -> 0x3345
[5806] [M]: 0x8003CA80 (0x33450513) addi a0, a0, 820
x10 <- 0x33333334


mem[X,0x8003CA84] -> 0x65B7
mem[X,0x8003CA86] -> 0x6666
[5807] [M]: 0x8003CA84 (0x666665B7) lui a1, 419430
x11 <- 0x66666000


mem[X,0x8003CA88] -> 0x8593
mem[X,0x8003CA8A] -> 0x6675
[5808] [M]: 0x8003CA88 (0x66758593) addi a1, a1, 1639
x11 <- 0x66666667


mem[X,0x8003CA8C] -> 0x0213
mem[X,0x8003CA8E] -> 0x0000
[5809] [M]: 0x8003CA8C (0x00000213) addi tp, zero, 0
x4 <- 0x00000000


mem[X,0x8003CA90] -> 0x006F
mem[X,0x8003CA92] -> 0x00C0
[5810] [M]: 0x8003CA90 (0x00C0006F) jal zero, 12


mem[X,0x8003CA9C] -> 0x6CE3
mem[X,0x8003CA9E] -> 0xFEB5
[5811] [M]: 0x8003CA9C (0xFEB56CE3) bltu a0, a1, 8184


mem[X,0x8003CA94] -> 0x0213
mem[X,0x8003CA96] -> 0x0012
[5812] [M]: 0x8003CA94 (0x00120213) addi tp, tp, 1
x4 <- 0x00000001


mem[X,0x8003CA98] -> 0x006F
mem[X,0x8003CA9A] -> 0x0180
[5813] [M]: 0x8003CA98 (0x0180006F) jal zero, 24


mem[X,0x8003CAB0] -> 0xAE23
mem[X,0x8003CAB2] -> 0x1240
[5814] [M]: 0x8003CAB0 (0x1240AE23) sw tp, 316(ra)
mem[0x8004CAB0] <- 0x00000001


mem[X,0x8003CAB4] -> 0x3537
mem[X,0x8003CAB6] -> 0x3333
[5815] [M]: 0x8003CAB4 (0x33333537) lui a0, 209715
x10 <- 0x33333000


mem[X,0x8003CAB8] -> 0x0513
mem[X,0x8003CABA] -> 0x3345
[5816] [M]: 0x8003CAB8 (0x33450513) addi a0, a0, 820
x10 <- 0x33333334


mem[X,0x8003CABC] -> 0xB5B7
mem[X,0x8003CABE] -> 0x0000
[5817] [M]: 0x8003CABC (0x0000B5B7) lui a1, 11
x11 <- 0x0000B000


mem[X,0x8003CAC0] -> 0x8593
mem[X,0x8003CAC2] -> 0x5055
[5818] [M]: 0x8003CAC0 (0x50558593) addi a1, a1, 1285
x11 <- 0x0000B505


mem[X,0x8003CAC4] -> 0x0213
mem[X,0x8003CAC6] -> 0x0000
[5819] [M]: 0x8003CAC4 (0x00000213) addi tp, zero, 0
x4 <- 0x00000000


mem[X,0x8003CAC8] -> 0x006F
mem[X,0x8003CACA] -> 0x00C0
[5820] [M]: 0x8003CAC8 (0x00C0006F) jal zero, 12


mem[X,0x8003CAD4] -> 0x6663
mem[X,0x8003CAD6] -> 0x00B5
[5821] [M]: 0x8003CAD4 (0x00B56663) bltu a0, a1, 12


mem[X,0x8003CAD8] -> 0x0213
mem[X,0x8003CADA] -> 0x0022
[5822] [M]: 0x8003CAD8 (0x00220213) addi tp, tp, 2
x4 <- 0x00000002


mem[X,0x8003CADC] -> 0x006F
mem[X,0x8003CADE] -> 0x00C0
[5823] [M]: 0x8003CADC (0x00C0006F) jal zero, 12


mem[X,0x8003CAE8] -> 0xA023
mem[X,0x8003CAEA] -> 0x1440
[5824] [M]: 0x8003CAE8 (0x1440A023) sw tp, 320(ra)
mem[0x8004CAB4] <- 0x00000002


mem[X,0x8003CAEC] -> 0x3537
mem[X,0x8003CAEE] -> 0x3333
[5825] [M]: 0x8003CAEC (0x33333537) lui a0, 209715
x10 <- 0x33333000


mem[X,0x8003CAF0] -> 0x0513
mem[X,0x8003CAF2] -> 0x3345
[5826] [M]: 0x8003CAF0 (0x33450513) addi a0, a0, 820
x10 <- 0x33333334


mem[X,0x8003CAF4] -> 0x0593
mem[X,0x8003CAF6] -> 0x0010
[5827] [M]: 0x8003CAF4 (0x00100593) addi a1, zero, 1
x11 <- 0x00000001


mem[X,0x8003CAF8] -> 0x0213
mem[X,0x8003CAFA] -> 0x0000
[5828] [M]: 0x8003CAF8 (0x00000213) addi tp, zero, 0
x4 <- 0x00000000


mem[X,0x8003CAFC] -> 0x006F
mem[X,0x8003CAFE] -> 0x00C0
[5829] [M]: 0x8003CAFC (0x00C0006F) jal zero, 12


mem[X,0x8003CB08] -> 0x6063
mem[X,0x8003CB0A] -> 0x02B5
[5830] [M]: 0x8003CB08 (0x02B56063) bltu a0, a1, 32


mem[X,0x8003CB0C] -> 0x0213
mem[X,0x8003CB0E] -> 0x0022
[5831] [M]: 0x8003CB0C (0x00220213) addi tp, tp, 2
x4 <- 0x00000002


mem[X,0x8003CB10] -> 0x006F
mem[X,0x8003CB12] -> 0x0200
[5832] [M]: 0x8003CB10 (0x0200006F) jal zero, 32


mem[X,0x8003CB30] -> 0xA223
mem[X,0x8003CB32] -> 0x1440
[5833] [M]: 0x8003CB30 (0x1440A223) sw tp, 324(ra)
mem[0x8004CAB8] <- 0x00000002


mem[X,0x8003CB34] -> 0x3537
mem[X,0x8003CB36] -> 0x3333
[5834] [M]: 0x8003CB34 (0x33333537) lui a0, 209715
x10 <- 0x33333000


mem[X,0x8003CB38] -> 0x0513
mem[X,0x8003CB3A] -> 0x3345
[5835] [M]: 0x8003CB38 (0x33450513) addi a0, a0, 820
x10 <- 0x33333334


mem[X,0x8003CB3C] -> 0x05B7
mem[X,0x8003CB3E] -> 0x0001
[5836] [M]: 0x8003CB3C (0x000105B7) lui a1, 16
x11 <- 0x00010000


mem[X,0x8003CB40] -> 0x0213
mem[X,0x8003CB42] -> 0x0000
[5837] [M]: 0x8003CB40 (0x00000213) addi tp, zero, 0
x4 <- 0x00000000


mem[X,0x8003CB44] -> 0x006F
mem[X,0x8003CB46] -> 0x00C0
[5838] [M]: 0x8003CB44 (0x00C0006F) jal zero, 12


mem[X,0x8003CB50] -> 0x6863
mem[X,0x8003CB52] -> 0x00B5
[5839] [M]: 0x8003CB50 (0x00B56863) bltu a0, a1, 16


mem[X,0x8003CB54] -> 0x0213
mem[X,0x8003CB56] -> 0x0022
[5840] [M]: 0x8003CB54 (0x00220213) addi tp, tp, 2
x4 <- 0x00000002


mem[X,0x8003CB58] -> 0x006F
mem[X,0x8003CB5A] -> 0x0100
[5841] [M]: 0x8003CB58 (0x0100006F) jal zero, 16


mem[X,0x8003CB68] -> 0xA423
mem[X,0x8003CB6A] -> 0x1440
[5842] [M]: 0x8003CB68 (0x1440A423) sw tp, 328(ra)
mem[0x8004CABC] <- 0x00000002


mem[X,0x8003CB6C] -> 0x6537
mem[X,0x8003CB6E] -> 0x6666
[5843] [M]: 0x8003CB6C (0x66666537) lui a0, 419430
x10 <- 0x66666000


mem[X,0x8003CB70] -> 0x0513
mem[X,0x8003CB72] -> 0x6675
[5844] [M]: 0x8003CB70 (0x66750513) addi a0, a0, 1639
x10 <- 0x66666667


mem[X,0x8003CB74] -> 0x0593
mem[X,0x8003CB76] -> 0x0030
[5845] [M]: 0x8003CB74 (0x00300593) addi a1, zero, 3
x11 <- 0x00000003


mem[X,0x8003CB78] -> 0x0213
mem[X,0x8003CB7A] -> 0x0000
[5846] [M]: 0x8003CB78 (0x00000213) addi tp, zero, 0
x4 <- 0x00000000


mem[X,0x8003CB7C] -> 0x006F
mem[X,0x8003CB7E] -> 0x00C0
[5847] [M]: 0x8003CB7C (0x00C0006F) jal zero, 12


mem[X,0x8003CB88] -> 0x6CE3
mem[X,0x8003CB8A] -> 0xFEB5
[5848] [M]: 0x8003CB88 (0xFEB56CE3) bltu a0, a1, 8184


mem[X,0x8003CB8C] -> 0x0213
mem[X,0x8003CB8E] -> 0x0022
[5849] [M]: 0x8003CB8C (0x00220213) addi tp, tp, 2
x4 <- 0x00000002


mem[X,0x8003CB90] -> 0x006F
mem[X,0x8003CB92] -> 0x00C0
[5850] [M]: 0x8003CB90 (0x00C0006F) jal zero, 12


mem[X,0x8003CB9C] -> 0xA623
mem[X,0x8003CB9E] -> 0x1440
[5851] [M]: 0x8003CB9C (0x1440A623) sw tp, 332(ra)
mem[0x8004CAC0] <- 0x00000002


mem[X,0x8003CBA0] -> 0x6537
mem[X,0x8003CBA2] -> 0x6666
[5852] [M]: 0x8003CBA0 (0x66666537) lui a0, 419430
x10 <- 0x66666000


mem[X,0x8003CBA4] -> 0x0513
mem[X,0x8003CBA6] -> 0x6675
[5853] [M]: 0x8003CBA4 (0x66750513) addi a0, a0, 1639
x10 <- 0x66666667


mem[X,0x8003CBA8] -> 0x55B7
mem[X,0x8003CBAA] -> 0x5555
[5854] [M]: 0x8003CBA8 (0x555555B7) lui a1, 349525
x11 <- 0x55555000


mem[X,0x8003CBAC] -> 0x8593
mem[X,0x8003CBAE] -> 0x5555
[5855] [M]: 0x8003CBAC (0x55558593) addi a1, a1, 1365
x11 <- 0x55555555


mem[X,0x8003CBB0] -> 0x0213
mem[X,0x8003CBB2] -> 0x0000
[5856] [M]: 0x8003CBB0 (0x00000213) addi tp, zero, 0
x4 <- 0x00000000


mem[X,0x8003CBB4] -> 0x006F
mem[X,0x8003CBB6] -> 0x00C0
[5857] [M]: 0x8003CBB4 (0x00C0006F) jal zero, 12


mem[X,0x8003CBC0] -> 0x6063
mem[X,0x8003CBC2] -> 0x04B5
[5858] [M]: 0x8003CBC0 (0x04B56063) bltu a0, a1, 64


mem[X,0x8003CBC4] -> 0x0213
mem[X,0x8003CBC6] -> 0x0022
[5859] [M]: 0x8003CBC4 (0x00220213) addi tp, tp, 2
x4 <- 0x00000002


mem[X,0x8003CBC8] -> 0x006F
mem[X,0x8003CBCA] -> 0x0400
[5860] [M]: 0x8003CBC8 (0x0400006F) jal zero, 64


mem[X,0x8003CC08] -> 0xA823
mem[X,0x8003CC0A] -> 0x1440
[5861] [M]: 0x8003CC08 (0x1440A823) sw tp, 336(ra)
mem[0x8004CAC4] <- 0x00000002


mem[X,0x8003CC0C] -> 0x6537
mem[X,0x8003CC0E] -> 0x6666
[5862] [M]: 0x8003CC0C (0x66666537) lui a0, 419430
x10 <- 0x66666000


mem[X,0x8003CC10] -> 0x0513
mem[X,0x8003CC12] -> 0x6675
[5863] [M]: 0x8003CC10 (0x66750513) addi a0, a0, 1639
x10 <- 0x66666667


mem[X,0x8003CC14] -> 0xB5B7
mem[X,0x8003CC16] -> 0xAAAA
[5864] [M]: 0x8003CC14 (0xAAAAB5B7) lui a1, 699051
x11 <- 0xAAAAB000


mem[X,0x8003CC18] -> 0x8593
mem[X,0x8003CC1A] -> 0xAAA5
[5865] [M]: 0x8003CC18 (0xAAA58593) addi a1, a1, 2730
x11 <- 0xAAAAAAAA


mem[X,0x8003CC1C] -> 0x0213
mem[X,0x8003CC1E] -> 0x0000
[5866] [M]: 0x8003CC1C (0x00000213) addi tp, zero, 0
x4 <- 0x00000000


mem[X,0x8003CC20] -> 0x006F
mem[X,0x8003CC22] -> 0x00C0
[5867] [M]: 0x8003CC20 (0x00C0006F) jal zero, 12


mem[X,0x8003CC2C] -> 0x6063
mem[X,0x8003CC2E] -> 0x10B5
[5868] [M]: 0x8003CC2C (0x10B56063) bltu a0, a1, 256


mem[X,0x8003CD2C] -> 0x0213
mem[X,0x8003CD2E] -> 0x0032
[5869] [M]: 0x8003CD2C (0x00320213) addi tp, tp, 3
x4 <- 0x00000003


mem[X,0x8003CD30] -> 0x006F
mem[X,0x8003CD32] -> 0x0040
[5870] [M]: 0x8003CD30 (0x0040006F) jal zero, 4


mem[X,0x8003CD34] -> 0xAA23
mem[X,0x8003CD36] -> 0x1440
[5871] [M]: 0x8003CD34 (0x1440AA23) sw tp, 340(ra)
mem[0x8004CAC8] <- 0x00000003


mem[X,0x8003CD38] -> 0x6537
mem[X,0x8003CD3A] -> 0x6666
[5872] [M]: 0x8003CD38 (0x66666537) lui a0, 419430
x10 <- 0x66666000


mem[X,0x8003CD3C] -> 0x0513
mem[X,0x8003CD3E] -> 0x6675
[5873] [M]: 0x8003CD3C (0x66750513) addi a0, a0, 1639
x10 <- 0x66666667


mem[X,0x8003CD40] -> 0x0593
mem[X,0x8003CD42] -> 0x0050
[5874] [M]: 0x8003CD40 (0x00500593) addi a1, zero, 5
x11 <- 0x00000005


mem[X,0x8003CD44] -> 0x0213
mem[X,0x8003CD46] -> 0x0000
[5875] [M]: 0x8003CD44 (0x00000213) addi tp, zero, 0
x4 <- 0x00000000


mem[X,0x8003CD48] -> 0x006F
mem[X,0x8003CD4A] -> 0x0050
[5876] [M]: 0x8003CD48 (0x0050006F) jal zero, 2052


mem[X,0x8003D54C] -> 0x60E3
mem[X,0x8003D54E] -> 0x80B5
[5877] [M]: 0x8003D54C (0x80B560E3) bltu a0, a1, 6144


mem[X,0x8003D550] -> 0x0213
mem[X,0x8003D552] -> 0x0022
[5878] [M]: 0x8003D550 (0x00220213) addi tp, tp, 2
x4 <- 0x00000002


mem[X,0x8003D554] -> 0x006F
mem[X,0x8003D556] -> 0x00C0
[5879] [M]: 0x8003D554 (0x00C0006F) jal zero, 12


mem[X,0x8003D560] -> 0xAC23
mem[X,0x8003D562] -> 0x1440
[5880] [M]: 0x8003D560 (0x1440AC23) sw tp, 344(ra)
mem[0x8004CACC] <- 0x00000002


mem[X,0x8003D564] -> 0x6537
mem[X,0x8003D566] -> 0x6666
[5881] [M]: 0x8003D564 (0x66666537) lui a0, 419430
x10 <- 0x66666000


mem[X,0x8003D568] -> 0x0513
mem[X,0x8003D56A] -> 0x6675
[5882] [M]: 0x8003D568 (0x66750513) addi a0, a0, 1639
x10 <- 0x66666667


mem[X,0x8003D56C] -> 0x35B7
mem[X,0x8003D56E] -> 0x3333
[5883] [M]: 0x8003D56C (0x333335B7) lui a1, 209715
x11 <- 0x33333000


mem[X,0x8003D570] -> 0x8593
mem[X,0x8003D572] -> 0x3335
[5884] [M]: 0x8003D570 (0x33358593) addi a1, a1, 819
x11 <- 0x33333333


mem[X,0x8003D574] -> 0x0213
mem[X,0x8003D576] -> 0x0000
[5885] [M]: 0x8003D574 (0x00000213) addi tp, zero, 0
x4 <- 0x00000000


mem[X,0x8003D578] -> 0x006F
mem[X,0x8003D57A] -> 0x00C0
[5886] [M]: 0x8003D578 (0x00C0006F) jal zero, 12


mem[X,0x8003D584] -> 0x6663
mem[X,0x8003D586] -> 0x00B5
[5887] [M]: 0x8003D584 (0x00B56663) bltu a0, a1, 12


mem[X,0x8003D588] -> 0x0213
mem[X,0x8003D58A] -> 0x0022
[5888] [M]: 0x8003D588 (0x00220213) addi tp, tp, 2
x4 <- 0x00000002


mem[X,0x8003D58C] -> 0x006F
mem[X,0x8003D58E] -> 0x00C0
[5889] [M]: 0x8003D58C (0x00C0006F) jal zero, 12


mem[X,0x8003D598] -> 0xAE23
mem[X,0x8003D59A] -> 0x1440
[5890] [M]: 0x8003D598 (0x1440AE23) sw tp, 348(ra)
mem[0x8004CAD0] <- 0x00000002


mem[X,0x8003D59C] -> 0x6537
mem[X,0x8003D59E] -> 0x6666
[5891] [M]: 0x8003D59C (0x66666537) lui a0, 419430
x10 <- 0x66666000


mem[X,0x8003D5A0] -> 0x0513
mem[X,0x8003D5A2] -> 0x6675
[5892] [M]: 0x8003D5A0 (0x66750513) addi a0, a0, 1639
x10 <- 0x66666667


mem[X,0x8003D5A4] -> 0x65B7
mem[X,0x8003D5A6] -> 0x6666
[5893] [M]: 0x8003D5A4 (0x666665B7) lui a1, 419430
x11 <- 0x66666000


mem[X,0x8003D5A8] -> 0x8593
mem[X,0x8003D5AA] -> 0x6665
[5894] [M]: 0x8003D5A8 (0x66658593) addi a1, a1, 1638
x11 <- 0x66666666


mem[X,0x8003D5AC] -> 0x0213
mem[X,0x8003D5AE] -> 0x0000
[5895] [M]: 0x8003D5AC (0x00000213) addi tp, zero, 0
x4 <- 0x00000000


mem[X,0x8003D5B0] -> 0x006F
mem[X,0x8003D5B2] -> 0x00C0
[5896] [M]: 0x8003D5B0 (0x00C0006F) jal zero, 12


mem[X,0x8003D5BC] -> 0x6663
mem[X,0x8003D5BE] -> 0x00B5
[5897] [M]: 0x8003D5BC (0x00B56663) bltu a0, a1, 12


mem[X,0x8003D5C0] -> 0x0213
mem[X,0x8003D5C2] -> 0x0022
[5898] [M]: 0x8003D5C0 (0x00220213) addi tp, tp, 2
x4 <- 0x00000002


mem[X,0x8003D5C4] -> 0x006F
mem[X,0x8003D5C6] -> 0x00C0
[5899] [M]: 0x8003D5C4 (0x00C0006F) jal zero, 12


clint::tick mtime <- 0x000000000000003B
 clint timer pending at mtime 0x000000000000003B
htif::tick 0x0000000000000000
mem[X,0x8003D5D0] -> 0xA023
mem[X,0x8003D5D2] -> 0x1640
[5900] [M]: 0x8003D5D0 (0x1640A023) sw tp, 352(ra)
mem[0x8004CAD4] <- 0x00000002


mem[X,0x8003D5D4] -> 0x6537
mem[X,0x8003D5D6] -> 0x6666
[5901] [M]: 0x8003D5D4 (0x66666537) lui a0, 419430
x10 <- 0x66666000


mem[X,0x8003D5D8] -> 0x0513
mem[X,0x8003D5DA] -> 0x6675
[5902] [M]: 0x8003D5D8 (0x66750513) addi a0, a0, 1639
x10 <- 0x66666667


mem[X,0x8003D5DC] -> 0xB5B7
mem[X,0x8003D5DE] -> 0x0000
[5903] [M]: 0x8003D5DC (0x0000B5B7) lui a1, 11
x11 <- 0x0000B000


mem[X,0x8003D5E0] -> 0x8593
mem[X,0x8003D5E2] -> 0x5045
[5904] [M]: 0x8003D5E0 (0x50458593) addi a1, a1, 1284
x11 <- 0x0000B504


mem[X,0x8003D5E4] -> 0x0213
mem[X,0x8003D5E6] -> 0x0000
[5905] [M]: 0x8003D5E4 (0x00000213) addi tp, zero, 0
x4 <- 0x00000000


mem[X,0x8003D5E8] -> 0x006F
mem[X,0x8003D5EA] -> 0x00C0
[5906] [M]: 0x8003D5E8 (0x00C0006F) jal zero, 12


mem[X,0x8003D5F4] -> 0x6063
mem[X,0x8003D5F6] -> 0x08B5
[5907] [M]: 0x8003D5F4 (0x08B56063) bltu a0, a1, 128


mem[X,0x8003D5F8] -> 0x0213
mem[X,0x8003D5FA] -> 0x0022
[5908] [M]: 0x8003D5F8 (0x00220213) addi tp, tp, 2
x4 <- 0x00000002


mem[X,0x8003D5FC] -> 0x006F
mem[X,0x8003D5FE] -> 0x0800
[5909] [M]: 0x8003D5FC (0x0800006F) jal zero, 128


mem[X,0x8003D67C] -> 0xA223
mem[X,0x8003D67E] -> 0x1640
[5910] [M]: 0x8003D67C (0x1640A223) sw tp, 356(ra)
mem[0x8004CAD8] <- 0x00000002


mem[X,0x8003D680] -> 0x6537
mem[X,0x8003D682] -> 0x6666
[5911] [M]: 0x8003D680 (0x66666537) lui a0, 419430
x10 <- 0x66666000


mem[X,0x8003D684] -> 0x0513
mem[X,0x8003D686] -> 0x6675
[5912] [M]: 0x8003D684 (0x66750513) addi a0, a0, 1639
x10 <- 0x66666667


mem[X,0x8003D688] -> 0x0593
mem[X,0x8003D68A] -> 0x0000
[5913] [M]: 0x8003D688 (0x00000593) addi a1, zero, 0
x11 <- 0x00000000


mem[X,0x8003D68C] -> 0x0213
mem[X,0x8003D68E] -> 0x0000
[5914] [M]: 0x8003D68C (0x00000213) addi tp, zero, 0
x4 <- 0x00000000


mem[X,0x8003D690] -> 0x006F
mem[X,0x8003D692] -> 0x0050
[5915] [M]: 0x8003D690 (0x0050006F) jal zero, 2052


mem[X,0x8003DE94] -> 0x60E3
mem[X,0x8003DE96] -> 0x80B5
[5916] [M]: 0x8003DE94 (0x80B560E3) bltu a0, a1, 6144


mem[X,0x8003DE98] -> 0x0213
mem[X,0x8003DE9A] -> 0x0022
[5917] [M]: 0x8003DE98 (0x00220213) addi tp, tp, 2
x4 <- 0x00000002


mem[X,0x8003DE9C] -> 0x006F
mem[X,0x8003DE9E] -> 0x00C0
[5918] [M]: 0x8003DE9C (0x00C0006F) jal zero, 12


mem[X,0x8003DEA8] -> 0xA423
mem[X,0x8003DEAA] -> 0x1640
[5919] [M]: 0x8003DEA8 (0x1640A423) sw tp, 360(ra)
mem[0x8004CADC] <- 0x00000002


mem[X,0x8003DEAC] -> 0x6537
mem[X,0x8003DEAE] -> 0x6666
[5920] [M]: 0x8003DEAC (0x66666537) lui a0, 419430
x10 <- 0x66666000


mem[X,0x8003DEB0] -> 0x0513
mem[X,0x8003DEB2] -> 0x6675
[5921] [M]: 0x8003DEB0 (0x66750513) addi a0, a0, 1639
x10 <- 0x66666667


mem[X,0x8003DEB4] -> 0x05B7
mem[X,0x8003DEB6] -> 0x0001
[5922] [M]: 0x8003DEB4 (0x000105B7) lui a1, 16
x11 <- 0x00010000


mem[X,0x8003DEB8] -> 0x8593
mem[X,0x8003DEBA] -> 0xFFF5
[5923] [M]: 0x8003DEB8 (0xFFF58593) addi a1, a1, 4095
x11 <- 0x0000FFFF


mem[X,0x8003DEBC] -> 0x0213
mem[X,0x8003DEBE] -> 0x0000
[5924] [M]: 0x8003DEBC (0x00000213) addi tp, zero, 0
x4 <- 0x00000000


mem[X,0x8003DEC0] -> 0x006F
mem[X,0x8003DEC2] -> 0x00C0
[5925] [M]: 0x8003DEC0 (0x00C0006F) jal zero, 12


mem[X,0x8003DECC] -> 0x6863
mem[X,0x8003DECE] -> 0x00B5
[5926] [M]: 0x8003DECC (0x00B56863) bltu a0, a1, 16


mem[X,0x8003DED0] -> 0x0213
mem[X,0x8003DED2] -> 0x0022
[5927] [M]: 0x8003DED0 (0x00220213) addi tp, tp, 2
x4 <- 0x00000002


mem[X,0x8003DED4] -> 0x006F
mem[X,0x8003DED6] -> 0x0100
[5928] [M]: 0x8003DED4 (0x0100006F) jal zero, 16


mem[X,0x8003DEE4] -> 0xA623
mem[X,0x8003DEE6] -> 0x1640
[5929] [M]: 0x8003DEE4 (0x1640A623) sw tp, 364(ra)
mem[0x8004CAE0] <- 0x00000002


mem[X,0x8003DEE8] -> 0x6537
mem[X,0x8003DEEA] -> 0x6666
[5930] [M]: 0x8003DEE8 (0x66666537) lui a0, 419430
x10 <- 0x66666000


mem[X,0x8003DEEC] -> 0x0513
mem[X,0x8003DEEE] -> 0x6675
[5931] [M]: 0x8003DEEC (0x66750513) addi a0, a0, 1639
x10 <- 0x66666667


mem[X,0x8003DEF0] -> 0x0593
mem[X,0x8003DEF2] -> 0x0020
[5932] [M]: 0x8003DEF0 (0x00200593) addi a1, zero, 2
x11 <- 0x00000002


mem[X,0x8003DEF4] -> 0x0213
mem[X,0x8003DEF6] -> 0x0000
[5933] [M]: 0x8003DEF4 (0x00000213) addi tp, zero, 0
x4 <- 0x00000000


mem[X,0x8003DEF8] -> 0x006F
mem[X,0x8003DEFA] -> 0x00C0
[5934] [M]: 0x8003DEF8 (0x00C0006F) jal zero, 12


mem[X,0x8003DF04] -> 0x6663
mem[X,0x8003DF06] -> 0x00B5
[5935] [M]: 0x8003DF04 (0x00B56663) bltu a0, a1, 12


mem[X,0x8003DF08] -> 0x0213
mem[X,0x8003DF0A] -> 0x0022
[5936] [M]: 0x8003DF08 (0x00220213) addi tp, tp, 2
x4 <- 0x00000002


mem[X,0x8003DF0C] -> 0x006F
mem[X,0x8003DF0E] -> 0x00C0
[5937] [M]: 0x8003DF0C (0x00C0006F) jal zero, 12


mem[X,0x8003DF18] -> 0xA823
mem[X,0x8003DF1A] -> 0x1640
[5938] [M]: 0x8003DF18 (0x1640A823) sw tp, 368(ra)
mem[0x8004CAE4] <- 0x00000002


mem[X,0x8003DF1C] -> 0x6537
mem[X,0x8003DF1E] -> 0x6666
[5939] [M]: 0x8003DF1C (0x66666537) lui a0, 419430
x10 <- 0x66666000


mem[X,0x8003DF20] -> 0x0513
mem[X,0x8003DF22] -> 0x6675
[5940] [M]: 0x8003DF20 (0x66750513) addi a0, a0, 1639
x10 <- 0x66666667


mem[X,0x8003DF24] -> 0x55B7
mem[X,0x8003DF26] -> 0x5555
[5941] [M]: 0x8003DF24 (0x555555B7) lui a1, 349525
x11 <- 0x55555000


mem[X,0x8003DF28] -> 0x8593
mem[X,0x8003DF2A] -> 0x5545
[5942] [M]: 0x8003DF28 (0x55458593) addi a1, a1, 1364
x11 <- 0x55555554


mem[X,0x8003DF2C] -> 0x0213
mem[X,0x8003DF2E] -> 0x0000
[5943] [M]: 0x8003DF2C (0x00000213) addi tp, zero, 0
x4 <- 0x00000000


mem[X,0x8003DF30] -> 0x006F
mem[X,0x8003DF32] -> 0x00C0
[5944] [M]: 0x8003DF30 (0x00C0006F) jal zero, 12


mem[X,0x8003DF3C] -> 0x6663
mem[X,0x8003DF3E] -> 0x00B5
[5945] [M]: 0x8003DF3C (0x00B56663) bltu a0, a1, 12


mem[X,0x8003DF40] -> 0x0213
mem[X,0x8003DF42] -> 0x0022
[5946] [M]: 0x8003DF40 (0x00220213) addi tp, tp, 2
x4 <- 0x00000002


mem[X,0x8003DF44] -> 0x006F
mem[X,0x8003DF46] -> 0x00C0
[5947] [M]: 0x8003DF44 (0x00C0006F) jal zero, 12


mem[X,0x8003DF50] -> 0xAA23
mem[X,0x8003DF52] -> 0x1640
[5948] [M]: 0x8003DF50 (0x1640AA23) sw tp, 372(ra)
mem[0x8004CAE8] <- 0x00000002


mem[X,0x8003DF54] -> 0x6537
mem[X,0x8003DF56] -> 0x6666
[5949] [M]: 0x8003DF54 (0x66666537) lui a0, 419430
x10 <- 0x66666000


mem[X,0x8003DF58] -> 0x0513
mem[X,0x8003DF5A] -> 0x6675
[5950] [M]: 0x8003DF58 (0x66750513) addi a0, a0, 1639
x10 <- 0x66666667


mem[X,0x8003DF5C] -> 0xB5B7
mem[X,0x8003DF5E] -> 0xAAAA
[5951] [M]: 0x8003DF5C (0xAAAAB5B7) lui a1, 699051
x11 <- 0xAAAAB000


mem[X,0x8003DF60] -> 0x8593
mem[X,0x8003DF62] -> 0xAA95
[5952] [M]: 0x8003DF60 (0xAA958593) addi a1, a1, 2729
x11 <- 0xAAAAAAA9


mem[X,0x8003DF64] -> 0x0213
mem[X,0x8003DF66] -> 0x0000
[5953] [M]: 0x8003DF64 (0x00000213) addi tp, zero, 0
x4 <- 0x00000000


mem[X,0x8003DF68] -> 0x006F
mem[X,0x8003DF6A] -> 0x00C0
[5954] [M]: 0x8003DF68 (0x00C0006F) jal zero, 12


mem[X,0x8003DF74] -> 0x6063
mem[X,0x8003DF76] -> 0x04B5
[5955] [M]: 0x8003DF74 (0x04B56063) bltu a0, a1, 64


mem[X,0x8003DFB4] -> 0x0213
mem[X,0x8003DFB6] -> 0x0032
[5956] [M]: 0x8003DFB4 (0x00320213) addi tp, tp, 3
x4 <- 0x00000003


mem[X,0x8003DFB8] -> 0x006F
mem[X,0x8003DFBA] -> 0x0040
[5957] [M]: 0x8003DFB8 (0x0040006F) jal zero, 4


mem[X,0x8003DFBC] -> 0xAC23
mem[X,0x8003DFBE] -> 0x1640
[5958] [M]: 0x8003DFBC (0x1640AC23) sw tp, 376(ra)
mem[0x8004CAEC] <- 0x00000003


mem[X,0x8003DFC0] -> 0x6537
mem[X,0x8003DFC2] -> 0x6666
[5959] [M]: 0x8003DFC0 (0x66666537) lui a0, 419430
x10 <- 0x66666000


mem[X,0x8003DFC4] -> 0x0513
mem[X,0x8003DFC6] -> 0x6675
[5960] [M]: 0x8003DFC4 (0x66750513) addi a0, a0, 1639
x10 <- 0x66666667


mem[X,0x8003DFC8] -> 0x0593
mem[X,0x8003DFCA] -> 0x0040
[5961] [M]: 0x8003DFC8 (0x00400593) addi a1, zero, 4
x11 <- 0x00000004


mem[X,0x8003DFCC] -> 0x0213
mem[X,0x8003DFCE] -> 0x0000
[5962] [M]: 0x8003DFCC (0x00000213) addi tp, zero, 0
x4 <- 0x00000000


mem[X,0x8003DFD0] -> 0x006F
mem[X,0x8003DFD2] -> 0x2B10
[5963] [M]: 0x8003DFD0 (0x2B10006F) jal zero, 2736


mem[X,0x8003EA80] -> 0x6A63
mem[X,0x8003EA82] -> 0xD4B5
[5964] [M]: 0x8003EA80 (0xD4B56A63) bltu a0, a1, 5460


mem[X,0x8003EA84] -> 0x0213
mem[X,0x8003EA86] -> 0x0022
[5965] [M]: 0x8003EA84 (0x00220213) addi tp, tp, 2
x4 <- 0x00000002


mem[X,0x8003EA88] -> 0x006F
mem[X,0x8003EA8A] -> 0x00C0
[5966] [M]: 0x8003EA88 (0x00C0006F) jal zero, 12


mem[X,0x8003EA94] -> 0xAE23
mem[X,0x8003EA96] -> 0x1640
[5967] [M]: 0x8003EA94 (0x1640AE23) sw tp, 380(ra)
mem[0x8004CAF0] <- 0x00000002


mem[X,0x8003EA98] -> 0x6537
mem[X,0x8003EA9A] -> 0x6666
[5968] [M]: 0x8003EA98 (0x66666537) lui a0, 419430
x10 <- 0x66666000


mem[X,0x8003EA9C] -> 0x0513
mem[X,0x8003EA9E] -> 0x6675
[5969] [M]: 0x8003EA9C (0x66750513) addi a0, a0, 1639
x10 <- 0x66666667


mem[X,0x8003EAA0] -> 0x35B7
mem[X,0x8003EAA2] -> 0x3333
[5970] [M]: 0x8003EAA0 (0x333335B7) lui a1, 209715
x11 <- 0x33333000


mem[X,0x8003EAA4] -> 0x8593
mem[X,0x8003EAA6] -> 0x3325
[5971] [M]: 0x8003EAA4 (0x33258593) addi a1, a1, 818
x11 <- 0x33333332


mem[X,0x8003EAA8] -> 0x0213
mem[X,0x8003EAAA] -> 0x0000
[5972] [M]: 0x8003EAA8 (0x00000213) addi tp, zero, 0
x4 <- 0x00000000


mem[X,0x8003EAAC] -> 0x006F
mem[X,0x8003EAAE] -> 0x00C0
[5973] [M]: 0x8003EAAC (0x00C0006F) jal zero, 12


mem[X,0x8003EAB8] -> 0x6663
mem[X,0x8003EABA] -> 0x00B5
[5974] [M]: 0x8003EAB8 (0x00B56663) bltu a0, a1, 12


mem[X,0x8003EABC] -> 0x0213
mem[X,0x8003EABE] -> 0x0022
[5975] [M]: 0x8003EABC (0x00220213) addi tp, tp, 2
x4 <- 0x00000002


mem[X,0x8003EAC0] -> 0x006F
mem[X,0x8003EAC2] -> 0x00C0
[5976] [M]: 0x8003EAC0 (0x00C0006F) jal zero, 12


mem[X,0x8003EACC] -> 0xA023
mem[X,0x8003EACE] -> 0x1840
[5977] [M]: 0x8003EACC (0x1840A023) sw tp, 384(ra)
mem[0x8004CAF4] <- 0x00000002


mem[X,0x8003EAD0] -> 0x6537
mem[X,0x8003EAD2] -> 0x6666
[5978] [M]: 0x8003EAD0 (0x66666537) lui a0, 419430
x10 <- 0x66666000


mem[X,0x8003EAD4] -> 0x0513
mem[X,0x8003EAD6] -> 0x6675
[5979] [M]: 0x8003EAD4 (0x66750513) addi a0, a0, 1639
x10 <- 0x66666667


mem[X,0x8003EAD8] -> 0x65B7
mem[X,0x8003EADA] -> 0x6666
[5980] [M]: 0x8003EAD8 (0x666665B7) lui a1, 419430
x11 <- 0x66666000


mem[X,0x8003EADC] -> 0x8593
mem[X,0x8003EADE] -> 0x6655
[5981] [M]: 0x8003EADC (0x66558593) addi a1, a1, 1637
x11 <- 0x66666665


mem[X,0x8003EAE0] -> 0x0213
mem[X,0x8003EAE2] -> 0x0000
[5982] [M]: 0x8003EAE0 (0x00000213) addi tp, zero, 0
x4 <- 0x00000000


mem[X,0x8003EAE4] -> 0x006F
mem[X,0x8003EAE6] -> 0x0100
[5983] [M]: 0x8003EAE4 (0x0100006F) jal zero, 16


mem[X,0x8003EAF4] -> 0x6AE3
mem[X,0x8003EAF6] -> 0xFEB5
[5984] [M]: 0x8003EAF4 (0xFEB56AE3) bltu a0, a1, 8180


mem[X,0x8003EAF8] -> 0x0213
mem[X,0x8003EAFA] -> 0x0022
[5985] [M]: 0x8003EAF8 (0x00220213) addi tp, tp, 2
x4 <- 0x00000002


mem[X,0x8003EAFC] -> 0x006F
mem[X,0x8003EAFE] -> 0x00C0
[5986] [M]: 0x8003EAFC (0x00C0006F) jal zero, 12


mem[X,0x8003EB08] -> 0xA223
mem[X,0x8003EB0A] -> 0x1840
[5987] [M]: 0x8003EB08 (0x1840A223) sw tp, 388(ra)
mem[0x8004CAF8] <- 0x00000002


mem[X,0x8003EB0C] -> 0x6537
mem[X,0x8003EB0E] -> 0x6666
[5988] [M]: 0x8003EB0C (0x66666537) lui a0, 419430
x10 <- 0x66666000


mem[X,0x8003EB10] -> 0x0513
mem[X,0x8003EB12] -> 0x6675
[5989] [M]: 0x8003EB10 (0x66750513) addi a0, a0, 1639
x10 <- 0x66666667


mem[X,0x8003EB14] -> 0xB5B7
mem[X,0x8003EB16] -> 0x0000
[5990] [M]: 0x8003EB14 (0x0000B5B7) lui a1, 11
x11 <- 0x0000B000


mem[X,0x8003EB18] -> 0x8593
mem[X,0x8003EB1A] -> 0x5035
[5991] [M]: 0x8003EB18 (0x50358593) addi a1, a1, 1283
x11 <- 0x0000B503


mem[X,0x8003EB1C] -> 0x0213
mem[X,0x8003EB1E] -> 0x0000
[5992] [M]: 0x8003EB1C (0x00000213) addi tp, zero, 0
x4 <- 0x00000000


mem[X,0x8003EB20] -> 0x006F
mem[X,0x8003EB22] -> 0x00C0
[5993] [M]: 0x8003EB20 (0x00C0006F) jal zero, 12


mem[X,0x8003EB2C] -> 0x6063
mem[X,0x8003EB2E] -> 0x10B5
[5994] [M]: 0x8003EB2C (0x10B56063) bltu a0, a1, 256


mem[X,0x8003EB30] -> 0x0213
mem[X,0x8003EB32] -> 0x0022
[5995] [M]: 0x8003EB30 (0x00220213) addi tp, tp, 2
x4 <- 0x00000002


mem[X,0x8003EB34] -> 0x006F
mem[X,0x8003EB36] -> 0x1000
[5996] [M]: 0x8003EB34 (0x1000006F) jal zero, 256


mem[X,0x8003EC34] -> 0xA423
mem[X,0x8003EC36] -> 0x1840
[5997] [M]: 0x8003EC34 (0x1840A423) sw tp, 392(ra)
mem[0x8004CAFC] <- 0x00000002


mem[X,0x8003EC38] -> 0x6537
mem[X,0x8003EC3A] -> 0x6666
[5998] [M]: 0x8003EC38 (0x66666537) lui a0, 419430
x10 <- 0x66666000


mem[X,0x8003EC3C] -> 0x0513
mem[X,0x8003EC3E] -> 0x6675
[5999] [M]: 0x8003EC3C (0x66750513) addi a0, a0, 1639
x10 <- 0x66666667


clint::tick mtime <- 0x000000000000003C
 clint timer pending at mtime 0x000000000000003C
htif::tick 0x0000000000000000
mem[X,0x8003EC40] -> 0x05B7
mem[X,0x8003EC42] -> 0x0001
[6000] [M]: 0x8003EC40 (0x000105B7) lui a1, 16
x11 <- 0x00010000


mem[X,0x8003EC44] -> 0x8593
mem[X,0x8003EC46] -> 0xFFE5
[6001] [M]: 0x8003EC44 (0xFFE58593) addi a1, a1, 4094
x11 <- 0x0000FFFE


mem[X,0x8003EC48] -> 0x0213
mem[X,0x8003EC4A] -> 0x0000
[6002] [M]: 0x8003EC48 (0x00000213) addi tp, zero, 0
x4 <- 0x00000000


mem[X,0x8003EC4C] -> 0x006F
mem[X,0x8003EC4E] -> 0x00C0
[6003] [M]: 0x8003EC4C (0x00C0006F) jal zero, 12


mem[X,0x8003EC58] -> 0x6863
mem[X,0x8003EC5A] -> 0x00B5
[6004] [M]: 0x8003EC58 (0x00B56863) bltu a0, a1, 16


mem[X,0x8003EC5C] -> 0x0213
mem[X,0x8003EC5E] -> 0x0022
[6005] [M]: 0x8003EC5C (0x00220213) addi tp, tp, 2
x4 <- 0x00000002


mem[X,0x8003EC60] -> 0x006F
mem[X,0x8003EC62] -> 0x0100
[6006] [M]: 0x8003EC60 (0x0100006F) jal zero, 16


mem[X,0x8003EC70] -> 0xA623
mem[X,0x8003EC72] -> 0x1840
[6007] [M]: 0x8003EC70 (0x1840A623) sw tp, 396(ra)
mem[0x8004CB00] <- 0x00000002


mem[X,0x8003EC74] -> 0x6537
mem[X,0x8003EC76] -> 0x6666
[6008] [M]: 0x8003EC74 (0x66666537) lui a0, 419430
x10 <- 0x66666000


mem[X,0x8003EC78] -> 0x0513
mem[X,0x8003EC7A] -> 0x6675
[6009] [M]: 0x8003EC78 (0x66750513) addi a0, a0, 1639
x10 <- 0x66666667


mem[X,0x8003EC7C] -> 0x55B7
mem[X,0x8003EC7E] -> 0x5555
[6010] [M]: 0x8003EC7C (0x555555B7) lui a1, 349525
x11 <- 0x55555000


mem[X,0x8003EC80] -> 0x8593
mem[X,0x8003EC82] -> 0x5565
[6011] [M]: 0x8003EC80 (0x55658593) addi a1, a1, 1366
x11 <- 0x55555556


mem[X,0x8003EC84] -> 0x0213
mem[X,0x8003EC86] -> 0x0000
[6012] [M]: 0x8003EC84 (0x00000213) addi tp, zero, 0
x4 <- 0x00000000


mem[X,0x8003EC88] -> 0x006F
mem[X,0x8003EC8A] -> 0x00C0
[6013] [M]: 0x8003EC88 (0x00C0006F) jal zero, 12


mem[X,0x8003EC94] -> 0x6663
mem[X,0x8003EC96] -> 0x00B5
[6014] [M]: 0x8003EC94 (0x00B56663) bltu a0, a1, 12


mem[X,0x8003EC98] -> 0x0213
mem[X,0x8003EC9A] -> 0x0022
[6015] [M]: 0x8003EC98 (0x00220213) addi tp, tp, 2
x4 <- 0x00000002


mem[X,0x8003EC9C] -> 0x006F
mem[X,0x8003EC9E] -> 0x00C0
[6016] [M]: 0x8003EC9C (0x00C0006F) jal zero, 12


mem[X,0x8003ECA8] -> 0xA823
mem[X,0x8003ECAA] -> 0x1840
[6017] [M]: 0x8003ECA8 (0x1840A823) sw tp, 400(ra)
mem[0x8004CB04] <- 0x00000002


mem[X,0x8003ECAC] -> 0x6537
mem[X,0x8003ECAE] -> 0x6666
[6018] [M]: 0x8003ECAC (0x66666537) lui a0, 419430
x10 <- 0x66666000


mem[X,0x8003ECB0] -> 0x0513
mem[X,0x8003ECB2] -> 0x6675
[6019] [M]: 0x8003ECB0 (0x66750513) addi a0, a0, 1639
x10 <- 0x66666667


mem[X,0x8003ECB4] -> 0xB5B7
mem[X,0x8003ECB6] -> 0xAAAA
[6020] [M]: 0x8003ECB4 (0xAAAAB5B7) lui a1, 699051
x11 <- 0xAAAAB000


mem[X,0x8003ECB8] -> 0x8593
mem[X,0x8003ECBA] -> 0xAAB5
[6021] [M]: 0x8003ECB8 (0xAAB58593) addi a1, a1, 2731
x11 <- 0xAAAAAAAB


mem[X,0x8003ECBC] -> 0x0213
mem[X,0x8003ECBE] -> 0x0000
[6022] [M]: 0x8003ECBC (0x00000213) addi tp, zero, 0
x4 <- 0x00000000


mem[X,0x8003ECC0] -> 0x006F
mem[X,0x8003ECC2] -> 0x00C0
[6023] [M]: 0x8003ECC0 (0x00C0006F) jal zero, 12


mem[X,0x8003ECCC] -> 0x6063
mem[X,0x8003ECCE] -> 0x20B5
[6024] [M]: 0x8003ECCC (0x20B56063) bltu a0, a1, 512


mem[X,0x8003EECC] -> 0x0213
mem[X,0x8003EECE] -> 0x0032
[6025] [M]: 0x8003EECC (0x00320213) addi tp, tp, 3
x4 <- 0x00000003


mem[X,0x8003EED0] -> 0x006F
mem[X,0x8003EED2] -> 0x0040
[6026] [M]: 0x8003EED0 (0x0040006F) jal zero, 4


mem[X,0x8003EED4] -> 0xAA23
mem[X,0x8003EED6] -> 0x1840
[6027] [M]: 0x8003EED4 (0x1840AA23) sw tp, 404(ra)
mem[0x8004CB08] <- 0x00000003


mem[X,0x8003EED8] -> 0x6537
mem[X,0x8003EEDA] -> 0x6666
[6028] [M]: 0x8003EED8 (0x66666537) lui a0, 419430
x10 <- 0x66666000


mem[X,0x8003EEDC] -> 0x0513
mem[X,0x8003EEDE] -> 0x6675
[6029] [M]: 0x8003EEDC (0x66750513) addi a0, a0, 1639
x10 <- 0x66666667


mem[X,0x8003EEE0] -> 0x0593
mem[X,0x8003EEE2] -> 0x0060
[6030] [M]: 0x8003EEE0 (0x00600593) addi a1, zero, 6
x11 <- 0x00000006


mem[X,0x8003EEE4] -> 0x0213
mem[X,0x8003EEE6] -> 0x0000
[6031] [M]: 0x8003EEE4 (0x00000213) addi tp, zero, 0
x4 <- 0x00000000


mem[X,0x8003EEE8] -> 0x006F
mem[X,0x8003EEEA] -> 0x00C0
[6032] [M]: 0x8003EEE8 (0x00C0006F) jal zero, 12


mem[X,0x8003EEF4] -> 0x6CE3
mem[X,0x8003EEF6] -> 0xFEB5
[6033] [M]: 0x8003EEF4 (0xFEB56CE3) bltu a0, a1, 8184


mem[X,0x8003EEF8] -> 0x0213
mem[X,0x8003EEFA] -> 0x0022
[6034] [M]: 0x8003EEF8 (0x00220213) addi tp, tp, 2
x4 <- 0x00000002


mem[X,0x8003EEFC] -> 0x006F
mem[X,0x8003EEFE] -> 0x00C0
[6035] [M]: 0x8003EEFC (0x00C0006F) jal zero, 12


mem[X,0x8003EF08] -> 0xAC23
mem[X,0x8003EF0A] -> 0x1840
[6036] [M]: 0x8003EF08 (0x1840AC23) sw tp, 408(ra)
mem[0x8004CB0C] <- 0x00000002


mem[X,0x8003EF0C] -> 0x6537
mem[X,0x8003EF0E] -> 0x6666
[6037] [M]: 0x8003EF0C (0x66666537) lui a0, 419430
x10 <- 0x66666000


mem[X,0x8003EF10] -> 0x0513
mem[X,0x8003EF12] -> 0x6675
[6038] [M]: 0x8003EF10 (0x66750513) addi a0, a0, 1639
x10 <- 0x66666667


mem[X,0x8003EF14] -> 0x35B7
mem[X,0x8003EF16] -> 0x3333
[6039] [M]: 0x8003EF14 (0x333335B7) lui a1, 209715
x11 <- 0x33333000


mem[X,0x8003EF18] -> 0x8593
mem[X,0x8003EF1A] -> 0x3345
[6040] [M]: 0x8003EF18 (0x33458593) addi a1, a1, 820
x11 <- 0x33333334


mem[X,0x8003EF1C] -> 0x0213
mem[X,0x8003EF1E] -> 0x0000
[6041] [M]: 0x8003EF1C (0x00000213) addi tp, zero, 0
x4 <- 0x00000000


mem[X,0x8003EF20] -> 0x006F
mem[X,0x8003EF22] -> 0x00C0
[6042] [M]: 0x8003EF20 (0x00C0006F) jal zero, 12


mem[X,0x8003EF2C] -> 0x6063
mem[X,0x8003EF2E] -> 0x04B5
[6043] [M]: 0x8003EF2C (0x04B56063) bltu a0, a1, 64


mem[X,0x8003EF30] -> 0x0213
mem[X,0x8003EF32] -> 0x0022
[6044] [M]: 0x8003EF30 (0x00220213) addi tp, tp, 2
x4 <- 0x00000002


mem[X,0x8003EF34] -> 0x006F
mem[X,0x8003EF36] -> 0x0400
[6045] [M]: 0x8003EF34 (0x0400006F) jal zero, 64


mem[X,0x8003EF74] -> 0xAE23
mem[X,0x8003EF76] -> 0x1840
[6046] [M]: 0x8003EF74 (0x1840AE23) sw tp, 412(ra)
mem[0x8004CB10] <- 0x00000002


mem[X,0x8003EF78] -> 0x6537
mem[X,0x8003EF7A] -> 0x6666
[6047] [M]: 0x8003EF78 (0x66666537) lui a0, 419430
x10 <- 0x66666000


mem[X,0x8003EF7C] -> 0x0513
mem[X,0x8003EF7E] -> 0x6675
[6048] [M]: 0x8003EF7C (0x66750513) addi a0, a0, 1639
x10 <- 0x66666667


mem[X,0x8003EF80] -> 0x65B7
mem[X,0x8003EF82] -> 0x6666
[6049] [M]: 0x8003EF80 (0x666665B7) lui a1, 419430
x11 <- 0x66666000


mem[X,0x8003EF84] -> 0x8593
mem[X,0x8003EF86] -> 0x6675
[6050] [M]: 0x8003EF84 (0x66758593) addi a1, a1, 1639
x11 <- 0x66666667


mem[X,0x8003EF88] -> 0x0213
mem[X,0x8003EF8A] -> 0x0000
[6051] [M]: 0x8003EF88 (0x00000213) addi tp, zero, 0
x4 <- 0x00000000


mem[X,0x8003EF8C] -> 0x006F
mem[X,0x8003EF8E] -> 0x00C0
[6052] [M]: 0x8003EF8C (0x00C0006F) jal zero, 12


mem[X,0x8003EF98] -> 0x6863
mem[X,0x8003EF9A] -> 0x00B5
[6053] [M]: 0x8003EF98 (0x00B56863) bltu a0, a1, 16


mem[X,0x8003EF9C] -> 0x0213
mem[X,0x8003EF9E] -> 0x0022
[6054] [M]: 0x8003EF9C (0x00220213) addi tp, tp, 2
x4 <- 0x00000002


mem[X,0x8003EFA0] -> 0x006F
mem[X,0x8003EFA2] -> 0x0100
[6055] [M]: 0x8003EFA0 (0x0100006F) jal zero, 16


mem[X,0x8003EFB0] -> 0xA023
mem[X,0x8003EFB2] -> 0x1A40
[6056] [M]: 0x8003EFB0 (0x1A40A023) sw tp, 416(ra)
mem[0x8004CB14] <- 0x00000002


mem[X,0x8003EFB4] -> 0x6537
mem[X,0x8003EFB6] -> 0x6666
[6057] [M]: 0x8003EFB4 (0x66666537) lui a0, 419430
x10 <- 0x66666000


mem[X,0x8003EFB8] -> 0x0513
mem[X,0x8003EFBA] -> 0x6675
[6058] [M]: 0x8003EFB8 (0x66750513) addi a0, a0, 1639
x10 <- 0x66666667


mem[X,0x8003EFBC] -> 0xB5B7
mem[X,0x8003EFBE] -> 0x0000
[6059] [M]: 0x8003EFBC (0x0000B5B7) lui a1, 11
x11 <- 0x0000B000


mem[X,0x8003EFC0] -> 0x8593
mem[X,0x8003EFC2] -> 0x5055
[6060] [M]: 0x8003EFC0 (0x50558593) addi a1, a1, 1285
x11 <- 0x0000B505


mem[X,0x8003EFC4] -> 0x0213
mem[X,0x8003EFC6] -> 0x0000
[6061] [M]: 0x8003EFC4 (0x00000213) addi tp, zero, 0
x4 <- 0x00000000


mem[X,0x8003EFC8] -> 0x006F
mem[X,0x8003EFCA] -> 0x00C0
[6062] [M]: 0x8003EFC8 (0x00C0006F) jal zero, 12


mem[X,0x8003EFD4] -> 0x6CE3
mem[X,0x8003EFD6] -> 0xFEB5
[6063] [M]: 0x8003EFD4 (0xFEB56CE3) bltu a0, a1, 8184


mem[X,0x8003EFD8] -> 0x0213
mem[X,0x8003EFDA] -> 0x0022
[6064] [M]: 0x8003EFD8 (0x00220213) addi tp, tp, 2
x4 <- 0x00000002


mem[X,0x8003EFDC] -> 0x006F
mem[X,0x8003EFDE] -> 0x00C0
[6065] [M]: 0x8003EFDC (0x00C0006F) jal zero, 12


mem[X,0x8003EFE8] -> 0xA223
mem[X,0x8003EFEA] -> 0x1A40
[6066] [M]: 0x8003EFE8 (0x1A40A223) sw tp, 420(ra)
mem[0x8004CB18] <- 0x00000002


mem[X,0x8003EFEC] -> 0x6537
mem[X,0x8003EFEE] -> 0x6666
[6067] [M]: 0x8003EFEC (0x66666537) lui a0, 419430
x10 <- 0x66666000


mem[X,0x8003EFF0] -> 0x0513
mem[X,0x8003EFF2] -> 0x6675
[6068] [M]: 0x8003EFF0 (0x66750513) addi a0, a0, 1639
x10 <- 0x66666667


mem[X,0x8003EFF4] -> 0x0593
mem[X,0x8003EFF6] -> 0x0010
[6069] [M]: 0x8003EFF4 (0x00100593) addi a1, zero, 1
x11 <- 0x00000001


mem[X,0x8003EFF8] -> 0x0213
mem[X,0x8003EFFA] -> 0x0000
[6070] [M]: 0x8003EFF8 (0x00000213) addi tp, zero, 0
x4 <- 0x00000000


mem[X,0x8003EFFC] -> 0x006F
mem[X,0x8003EFFE] -> 0x00C0
[6071] [M]: 0x8003EFFC (0x00C0006F) jal zero, 12


mem[X,0x8003F008] -> 0x6663
mem[X,0x8003F00A] -> 0x00B5
[6072] [M]: 0x8003F008 (0x00B56663) bltu a0, a1, 12


mem[X,0x8003F00C] -> 0x0213
mem[X,0x8003F00E] -> 0x0022
[6073] [M]: 0x8003F00C (0x00220213) addi tp, tp, 2
x4 <- 0x00000002


mem[X,0x8003F010] -> 0x006F
mem[X,0x8003F012] -> 0x00C0
[6074] [M]: 0x8003F010 (0x00C0006F) jal zero, 12


mem[X,0x8003F01C] -> 0xA423
mem[X,0x8003F01E] -> 0x1A40
[6075] [M]: 0x8003F01C (0x1A40A423) sw tp, 424(ra)
mem[0x8004CB1C] <- 0x00000002


mem[X,0x8003F020] -> 0x6537
mem[X,0x8003F022] -> 0x6666
[6076] [M]: 0x8003F020 (0x66666537) lui a0, 419430
x10 <- 0x66666000


mem[X,0x8003F024] -> 0x0513
mem[X,0x8003F026] -> 0x6675
[6077] [M]: 0x8003F024 (0x66750513) addi a0, a0, 1639
x10 <- 0x66666667


mem[X,0x8003F028] -> 0x05B7
mem[X,0x8003F02A] -> 0x0001
[6078] [M]: 0x8003F028 (0x000105B7) lui a1, 16
x11 <- 0x00010000


mem[X,0x8003F02C] -> 0x0213
mem[X,0x8003F02E] -> 0x0000
[6079] [M]: 0x8003F02C (0x00000213) addi tp, zero, 0
x4 <- 0x00000000


mem[X,0x8003F030] -> 0x006F
mem[X,0x8003F032] -> 0x0050
[6080] [M]: 0x8003F030 (0x0050006F) jal zero, 2052


mem[X,0x8003F834] -> 0x60E3
mem[X,0x8003F836] -> 0x80B5
[6081] [M]: 0x8003F834 (0x80B560E3) bltu a0, a1, 6144


mem[X,0x8003F838] -> 0x0213
mem[X,0x8003F83A] -> 0x0022
[6082] [M]: 0x8003F838 (0x00220213) addi tp, tp, 2
x4 <- 0x00000002


mem[X,0x8003F83C] -> 0x006F
mem[X,0x8003F83E] -> 0x00C0
[6083] [M]: 0x8003F83C (0x00C0006F) jal zero, 12


mem[X,0x8003F848] -> 0xA623
mem[X,0x8003F84A] -> 0x1A40
[6084] [M]: 0x8003F848 (0x1A40A623) sw tp, 428(ra)
mem[0x8004CB20] <- 0x00000002


mem[X,0x8003F84C] -> 0xB537
mem[X,0x8003F84E] -> 0x0000
[6085] [M]: 0x8003F84C (0x0000B537) lui a0, 11
x10 <- 0x0000B000


mem[X,0x8003F850] -> 0x0513
mem[X,0x8003F852] -> 0x5055
[6086] [M]: 0x8003F850 (0x50550513) addi a0, a0, 1285
x10 <- 0x0000B505


mem[X,0x8003F854] -> 0x0593
mem[X,0x8003F856] -> 0x0030
[6087] [M]: 0x8003F854 (0x00300593) addi a1, zero, 3
x11 <- 0x00000003


mem[X,0x8003F858] -> 0x0213
mem[X,0x8003F85A] -> 0x0000
[6088] [M]: 0x8003F858 (0x00000213) addi tp, zero, 0
x4 <- 0x00000000


mem[X,0x8003F85C] -> 0x006F
mem[X,0x8003F85E] -> 0x0180
[6089] [M]: 0x8003F85C (0x0180006F) jal zero, 24


mem[X,0x8003F874] -> 0x66E3
mem[X,0x8003F876] -> 0xFEB5
[6090] [M]: 0x8003F874 (0xFEB566E3) bltu a0, a1, 8172


mem[X,0x8003F878] -> 0x0213
mem[X,0x8003F87A] -> 0x0022
[6091] [M]: 0x8003F878 (0x00220213) addi tp, tp, 2
x4 <- 0x00000002


mem[X,0x8003F87C] -> 0x006F
mem[X,0x8003F87E] -> 0x00C0
[6092] [M]: 0x8003F87C (0x00C0006F) jal zero, 12


mem[X,0x8003F888] -> 0xA823
mem[X,0x8003F88A] -> 0x1A40
[6093] [M]: 0x8003F888 (0x1A40A823) sw tp, 432(ra)
mem[0x8004CB24] <- 0x00000002


mem[X,0x8003F88C] -> 0xB537
mem[X,0x8003F88E] -> 0x0000
[6094] [M]: 0x8003F88C (0x0000B537) lui a0, 11
x10 <- 0x0000B000


mem[X,0x8003F890] -> 0x0513
mem[X,0x8003F892] -> 0x5055
[6095] [M]: 0x8003F890 (0x50550513) addi a0, a0, 1285
x10 <- 0x0000B505


mem[X,0x8003F894] -> 0x55B7
mem[X,0x8003F896] -> 0x5555
[6096] [M]: 0x8003F894 (0x555555B7) lui a1, 349525
x11 <- 0x55555000


mem[X,0x8003F898] -> 0x8593
mem[X,0x8003F89A] -> 0x5555
[6097] [M]: 0x8003F898 (0x55558593) addi a1, a1, 1365
x11 <- 0x55555555


mem[X,0x8003F89C] -> 0x0213
mem[X,0x8003F89E] -> 0x0000
[6098] [M]: 0x8003F89C (0x00000213) addi tp, zero, 0
x4 <- 0x00000000


mem[X,0x8003F8A0] -> 0x006F
mem[X,0x8003F8A2] -> 0x00C0
[6099] [M]: 0x8003F8A0 (0x00C0006F) jal zero, 12


clint::tick mtime <- 0x000000000000003D
 clint timer pending at mtime 0x000000000000003D
htif::tick 0x0000000000000000
mem[X,0x8003F8AC] -> 0x6663
mem[X,0x8003F8AE] -> 0x00B5
[6100] [M]: 0x8003F8AC (0x00B56663) bltu a0, a1, 12


mem[X,0x8003F8B8] -> 0x0213
mem[X,0x8003F8BA] -> 0x0032
[6101] [M]: 0x8003F8B8 (0x00320213) addi tp, tp, 3
x4 <- 0x00000003


mem[X,0x8003F8BC] -> 0x006F
mem[X,0x8003F8BE] -> 0x0040
[6102] [M]: 0x8003F8BC (0x0040006F) jal zero, 4


mem[X,0x8003F8C0] -> 0xAA23
mem[X,0x8003F8C2] -> 0x1A40
[6103] [M]: 0x8003F8C0 (0x1A40AA23) sw tp, 436(ra)
mem[0x8004CB28] <- 0x00000003


mem[X,0x8003F8C4] -> 0xB537
mem[X,0x8003F8C6] -> 0x0000
[6104] [M]: 0x8003F8C4 (0x0000B537) lui a0, 11
x10 <- 0x0000B000


mem[X,0x8003F8C8] -> 0x0513
mem[X,0x8003F8CA] -> 0x5055
[6105] [M]: 0x8003F8C8 (0x50550513) addi a0, a0, 1285
x10 <- 0x0000B505


mem[X,0x8003F8CC] -> 0xB5B7
mem[X,0x8003F8CE] -> 0xAAAA
[6106] [M]: 0x8003F8CC (0xAAAAB5B7) lui a1, 699051
x11 <- 0xAAAAB000


mem[X,0x8003F8D0] -> 0x8593
mem[X,0x8003F8D2] -> 0xAAA5
[6107] [M]: 0x8003F8D0 (0xAAA58593) addi a1, a1, 2730
x11 <- 0xAAAAAAAA


mem[X,0x8003F8D4] -> 0x0213
mem[X,0x8003F8D6] -> 0x0000
[6108] [M]: 0x8003F8D4 (0x00000213) addi tp, zero, 0
x4 <- 0x00000000


mem[X,0x8003F8D8] -> 0x006F
mem[X,0x8003F8DA] -> 0x00C0
[6109] [M]: 0x8003F8D8 (0x00C0006F) jal zero, 12


mem[X,0x8003F8E4] -> 0x6CE3
mem[X,0x8003F8E6] -> 0xFEB5
[6110] [M]: 0x8003F8E4 (0xFEB56CE3) bltu a0, a1, 8184


mem[X,0x8003F8DC] -> 0x0213
mem[X,0x8003F8DE] -> 0x0012
[6111] [M]: 0x8003F8DC (0x00120213) addi tp, tp, 1
x4 <- 0x00000001


mem[X,0x8003F8E0] -> 0x006F
mem[X,0x8003F8E2] -> 0x0180
[6112] [M]: 0x8003F8E0 (0x0180006F) jal zero, 24


mem[X,0x8003F8F8] -> 0xAC23
mem[X,0x8003F8FA] -> 0x1A40
[6113] [M]: 0x8003F8F8 (0x1A40AC23) sw tp, 440(ra)
mem[0x8004CB2C] <- 0x00000001


mem[X,0x8003F8FC] -> 0xB537
mem[X,0x8003F8FE] -> 0x0000
[6114] [M]: 0x8003F8FC (0x0000B537) lui a0, 11
x10 <- 0x0000B000


mem[X,0x8003F900] -> 0x0513
mem[X,0x8003F902] -> 0x5055
[6115] [M]: 0x8003F900 (0x50550513) addi a0, a0, 1285
x10 <- 0x0000B505


mem[X,0x8003F904] -> 0x0593
mem[X,0x8003F906] -> 0x0050
[6116] [M]: 0x8003F904 (0x00500593) addi a1, zero, 5
x11 <- 0x00000005


mem[X,0x8003F908] -> 0x0213
mem[X,0x8003F90A] -> 0x0000
[6117] [M]: 0x8003F908 (0x00000213) addi tp, zero, 0
x4 <- 0x00000000


mem[X,0x8003F90C] -> 0x006F
mem[X,0x8003F90E] -> 0x2B10
[6118] [M]: 0x8003F90C (0x2B10006F) jal zero, 2736


mem[X,0x800403BC] -> 0x6A63
mem[X,0x800403BE] -> 0xD4B5
[6119] [M]: 0x800403BC (0xD4B56A63) bltu a0, a1, 5460


mem[X,0x800403C0] -> 0x0213
mem[X,0x800403C2] -> 0x0022
[6120] [M]: 0x800403C0 (0x00220213) addi tp, tp, 2
x4 <- 0x00000002


mem[X,0x800403C4] -> 0x006F
mem[X,0x800403C6] -> 0x00C0
[6121] [M]: 0x800403C4 (0x00C0006F) jal zero, 12


mem[X,0x800403D0] -> 0xAE23
mem[X,0x800403D2] -> 0x1A40
[6122] [M]: 0x800403D0 (0x1A40AE23) sw tp, 444(ra)
mem[0x8004CB30] <- 0x00000002


mem[X,0x800403D4] -> 0xB537
mem[X,0x800403D6] -> 0x0000
[6123] [M]: 0x800403D4 (0x0000B537) lui a0, 11
x10 <- 0x0000B000


mem[X,0x800403D8] -> 0x0513
mem[X,0x800403DA] -> 0x5055
[6124] [M]: 0x800403D8 (0x50550513) addi a0, a0, 1285
x10 <- 0x0000B505


mem[X,0x800403DC] -> 0x35B7
mem[X,0x800403DE] -> 0x3333
[6125] [M]: 0x800403DC (0x333335B7) lui a1, 209715
x11 <- 0x33333000


mem[X,0x800403E0] -> 0x8593
mem[X,0x800403E2] -> 0x3335
[6126] [M]: 0x800403E0 (0x33358593) addi a1, a1, 819
x11 <- 0x33333333


mem[X,0x800403E4] -> 0x0213
mem[X,0x800403E6] -> 0x0000
[6127] [M]: 0x800403E4 (0x00000213) addi tp, zero, 0
x4 <- 0x00000000


mem[X,0x800403E8] -> 0x006F
mem[X,0x800403EA] -> 0x0050
[6128] [M]: 0x800403E8 (0x0050006F) jal zero, 2052


mem[X,0x80040BEC] -> 0x60E3
mem[X,0x80040BEE] -> 0x80B5
[6129] [M]: 0x80040BEC (0x80B560E3) bltu a0, a1, 6144


mem[X,0x800403EC] -> 0x0213
mem[X,0x800403EE] -> 0x0012
[6130] [M]: 0x800403EC (0x00120213) addi tp, tp, 1
x4 <- 0x00000001


mem[X,0x800403F0] -> 0x006F
mem[X,0x800403F2] -> 0x0110
[6131] [M]: 0x800403F0 (0x0110006F) jal zero, 2064


mem[X,0x80040C00] -> 0xA023
mem[X,0x80040C02] -> 0x1C40
[6132] [M]: 0x80040C00 (0x1C40A023) sw tp, 448(ra)
mem[0x8004CB34] <- 0x00000001


mem[X,0x80040C04] -> 0xB537
mem[X,0x80040C06] -> 0x0000
[6133] [M]: 0x80040C04 (0x0000B537) lui a0, 11
x10 <- 0x0000B000


mem[X,0x80040C08] -> 0x0513
mem[X,0x80040C0A] -> 0x5055
[6134] [M]: 0x80040C08 (0x50550513) addi a0, a0, 1285
x10 <- 0x0000B505


mem[X,0x80040C0C] -> 0x65B7
mem[X,0x80040C0E] -> 0x6666
[6135] [M]: 0x80040C0C (0x666665B7) lui a1, 419430
x11 <- 0x66666000


mem[X,0x80040C10] -> 0x8593
mem[X,0x80040C12] -> 0x6665
[6136] [M]: 0x80040C10 (0x66658593) addi a1, a1, 1638
x11 <- 0x66666666


mem[X,0x80040C14] -> 0x0213
mem[X,0x80040C16] -> 0x0000
[6137] [M]: 0x80040C14 (0x00000213) addi tp, zero, 0
x4 <- 0x00000000


mem[X,0x80040C18] -> 0x006F
mem[X,0x80040C1A] -> 0x0180
[6138] [M]: 0x80040C18 (0x0180006F) jal zero, 24


mem[X,0x80040C30] -> 0x66E3
mem[X,0x80040C32] -> 0xFEB5
[6139] [M]: 0x80040C30 (0xFEB566E3) bltu a0, a1, 8172


mem[X,0x80040C1C] -> 0x0213
mem[X,0x80040C1E] -> 0x0012
[6140] [M]: 0x80040C1C (0x00120213) addi tp, tp, 1
x4 <- 0x00000001


mem[X,0x80040C20] -> 0x006F
mem[X,0x80040C22] -> 0x0240
[6141] [M]: 0x80040C20 (0x0240006F) jal zero, 36


mem[X,0x80040C44] -> 0xA223
mem[X,0x80040C46] -> 0x1C40
[6142] [M]: 0x80040C44 (0x1C40A223) sw tp, 452(ra)
mem[0x8004CB38] <- 0x00000001


mem[X,0x80040C48] -> 0xB537
mem[X,0x80040C4A] -> 0x0000
[6143] [M]: 0x80040C48 (0x0000B537) lui a0, 11
x10 <- 0x0000B000


mem[X,0x80040C4C] -> 0x0513
mem[X,0x80040C4E] -> 0x5055
[6144] [M]: 0x80040C4C (0x50550513) addi a0, a0, 1285
x10 <- 0x0000B505


mem[X,0x80040C50] -> 0xB5B7
mem[X,0x80040C52] -> 0x0000
[6145] [M]: 0x80040C50 (0x0000B5B7) lui a1, 11
x11 <- 0x0000B000


mem[X,0x80040C54] -> 0x8593
mem[X,0x80040C56] -> 0x5045
[6146] [M]: 0x80040C54 (0x50458593) addi a1, a1, 1284
x11 <- 0x0000B504


mem[X,0x80040C58] -> 0x0213
mem[X,0x80040C5A] -> 0x0000
[6147] [M]: 0x80040C58 (0x00000213) addi tp, zero, 0
x4 <- 0x00000000


mem[X,0x80040C5C] -> 0x006F
mem[X,0x80040C5E] -> 0x0100
[6148] [M]: 0x80040C5C (0x0100006F) jal zero, 16


mem[X,0x80040C6C] -> 0x6AE3
mem[X,0x80040C6E] -> 0xFEB5
[6149] [M]: 0x80040C6C (0xFEB56AE3) bltu a0, a1, 8180


mem[X,0x80040C70] -> 0x0213
mem[X,0x80040C72] -> 0x0022
[6150] [M]: 0x80040C70 (0x00220213) addi tp, tp, 2
x4 <- 0x00000002


mem[X,0x80040C74] -> 0x006F
mem[X,0x80040C76] -> 0x00C0
[6151] [M]: 0x80040C74 (0x00C0006F) jal zero, 12


mem[X,0x80040C80] -> 0xA423
mem[X,0x80040C82] -> 0x1C40
[6152] [M]: 0x80040C80 (0x1C40A423) sw tp, 456(ra)
mem[0x8004CB3C] <- 0x00000002


mem[X,0x80040C84] -> 0xB537
mem[X,0x80040C86] -> 0x0000
[6153] [M]: 0x80040C84 (0x0000B537) lui a0, 11
x10 <- 0x0000B000


mem[X,0x80040C88] -> 0x0513
mem[X,0x80040C8A] -> 0x5055
[6154] [M]: 0x80040C88 (0x50550513) addi a0, a0, 1285
x10 <- 0x0000B505


mem[X,0x80040C8C] -> 0x0593
mem[X,0x80040C8E] -> 0x0000
[6155] [M]: 0x80040C8C (0x00000593) addi a1, zero, 0
x11 <- 0x00000000


mem[X,0x80040C90] -> 0x0213
mem[X,0x80040C92] -> 0x0000
[6156] [M]: 0x80040C90 (0x00000213) addi tp, zero, 0
x4 <- 0x00000000


mem[X,0x80040C94] -> 0x006F
mem[X,0x80040C96] -> 0x00C0
[6157] [M]: 0x80040C94 (0x00C0006F) jal zero, 12


mem[X,0x80040CA0] -> 0x6663
mem[X,0x80040CA2] -> 0x00B5
[6158] [M]: 0x80040CA0 (0x00B56663) bltu a0, a1, 12


mem[X,0x80040CA4] -> 0x0213
mem[X,0x80040CA6] -> 0x0022
[6159] [M]: 0x80040CA4 (0x00220213) addi tp, tp, 2
x4 <- 0x00000002


mem[X,0x80040CA8] -> 0x006F
mem[X,0x80040CAA] -> 0x00C0
[6160] [M]: 0x80040CA8 (0x00C0006F) jal zero, 12


mem[X,0x80040CB4] -> 0xA623
mem[X,0x80040CB6] -> 0x1C40
[6161] [M]: 0x80040CB4 (0x1C40A623) sw tp, 460(ra)
mem[0x8004CB40] <- 0x00000002


mem[X,0x80040CB8] -> 0xB537
mem[X,0x80040CBA] -> 0x0000
[6162] [M]: 0x80040CB8 (0x0000B537) lui a0, 11
x10 <- 0x0000B000


mem[X,0x80040CBC] -> 0x0513
mem[X,0x80040CBE] -> 0x5055
[6163] [M]: 0x80040CBC (0x50550513) addi a0, a0, 1285
x10 <- 0x0000B505


mem[X,0x80040CC0] -> 0x05B7
mem[X,0x80040CC2] -> 0x0001
[6164] [M]: 0x80040CC0 (0x000105B7) lui a1, 16
x11 <- 0x00010000


mem[X,0x80040CC4] -> 0x8593
mem[X,0x80040CC6] -> 0xFFF5
[6165] [M]: 0x80040CC4 (0xFFF58593) addi a1, a1, 4095
x11 <- 0x0000FFFF


mem[X,0x80040CC8] -> 0x0213
mem[X,0x80040CCA] -> 0x0000
[6166] [M]: 0x80040CC8 (0x00000213) addi tp, zero, 0
x4 <- 0x00000000


mem[X,0x80040CCC] -> 0x006F
mem[X,0x80040CCE] -> 0x0050
[6167] [M]: 0x80040CCC (0x0050006F) jal zero, 2052


mem[X,0x800414D0] -> 0x60E3
mem[X,0x800414D2] -> 0x80B5
[6168] [M]: 0x800414D0 (0x80B560E3) bltu a0, a1, 6144


mem[X,0x80040CD0] -> 0x0213
mem[X,0x80040CD2] -> 0x0012
[6169] [M]: 0x80040CD0 (0x00120213) addi tp, tp, 1
x4 <- 0x00000001


mem[X,0x80040CD4] -> 0x006F
mem[X,0x80040CD6] -> 0x0110
[6170] [M]: 0x80040CD4 (0x0110006F) jal zero, 2064


mem[X,0x800414E4] -> 0xA823
mem[X,0x800414E6] -> 0x1C40
[6171] [M]: 0x800414E4 (0x1C40A823) sw tp, 464(ra)
mem[0x8004CB44] <- 0x00000001


mem[X,0x800414E8] -> 0xB537
mem[X,0x800414EA] -> 0x0000
[6172] [M]: 0x800414E8 (0x0000B537) lui a0, 11
x10 <- 0x0000B000


mem[X,0x800414EC] -> 0x0513
mem[X,0x800414EE] -> 0x5055
[6173] [M]: 0x800414EC (0x50550513) addi a0, a0, 1285
x10 <- 0x0000B505


mem[X,0x800414F0] -> 0x0593
mem[X,0x800414F2] -> 0x0020
[6174] [M]: 0x800414F0 (0x00200593) addi a1, zero, 2
x11 <- 0x00000002


mem[X,0x800414F4] -> 0x0213
mem[X,0x800414F6] -> 0x0000
[6175] [M]: 0x800414F4 (0x00000213) addi tp, zero, 0
x4 <- 0x00000000


mem[X,0x800414F8] -> 0x006F
mem[X,0x800414FA] -> 0x00C0
[6176] [M]: 0x800414F8 (0x00C0006F) jal zero, 12


mem[X,0x80041504] -> 0x6CE3
mem[X,0x80041506] -> 0xFEB5
[6177] [M]: 0x80041504 (0xFEB56CE3) bltu a0, a1, 8184


mem[X,0x80041508] -> 0x0213
mem[X,0x8004150A] -> 0x0022
[6178] [M]: 0x80041508 (0x00220213) addi tp, tp, 2
x4 <- 0x00000002


mem[X,0x8004150C] -> 0x006F
mem[X,0x8004150E] -> 0x00C0
[6179] [M]: 0x8004150C (0x00C0006F) jal zero, 12


mem[X,0x80041518] -> 0xAA23
mem[X,0x8004151A] -> 0x1C40
[6180] [M]: 0x80041518 (0x1C40AA23) sw tp, 468(ra)
mem[0x8004CB48] <- 0x00000002


mem[X,0x8004151C] -> 0xB537
mem[X,0x8004151E] -> 0x0000
[6181] [M]: 0x8004151C (0x0000B537) lui a0, 11
x10 <- 0x0000B000


mem[X,0x80041520] -> 0x0513
mem[X,0x80041522] -> 0x5055
[6182] [M]: 0x80041520 (0x50550513) addi a0, a0, 1285
x10 <- 0x0000B505


mem[X,0x80041524] -> 0x55B7
mem[X,0x80041526] -> 0x5555
[6183] [M]: 0x80041524 (0x555555B7) lui a1, 349525
x11 <- 0x55555000


mem[X,0x80041528] -> 0x8593
mem[X,0x8004152A] -> 0x5545
[6184] [M]: 0x80041528 (0x55458593) addi a1, a1, 1364
x11 <- 0x55555554


mem[X,0x8004152C] -> 0x0213
mem[X,0x8004152E] -> 0x0000
[6185] [M]: 0x8004152C (0x00000213) addi tp, zero, 0
x4 <- 0x00000000


mem[X,0x80041530] -> 0x006F
mem[X,0x80041532] -> 0x00C0
[6186] [M]: 0x80041530 (0x00C0006F) jal zero, 12


mem[X,0x8004153C] -> 0x6CE3
mem[X,0x8004153E] -> 0xFEB5
[6187] [M]: 0x8004153C (0xFEB56CE3) bltu a0, a1, 8184


mem[X,0x80041534] -> 0x0213
mem[X,0x80041536] -> 0x0012
[6188] [M]: 0x80041534 (0x00120213) addi tp, tp, 1
x4 <- 0x00000001


mem[X,0x80041538] -> 0x006F
mem[X,0x8004153A] -> 0x0180
[6189] [M]: 0x80041538 (0x0180006F) jal zero, 24


mem[X,0x80041550] -> 0xAC23
mem[X,0x80041552] -> 0x1C40
[6190] [M]: 0x80041550 (0x1C40AC23) sw tp, 472(ra)
mem[0x8004CB4C] <- 0x00000001


mem[X,0x80041554] -> 0xB537
mem[X,0x80041556] -> 0x0000
[6191] [M]: 0x80041554 (0x0000B537) lui a0, 11
x10 <- 0x0000B000


mem[X,0x80041558] -> 0x0513
mem[X,0x8004155A] -> 0x5055
[6192] [M]: 0x80041558 (0x50550513) addi a0, a0, 1285
x10 <- 0x0000B505


mem[X,0x8004155C] -> 0xB5B7
mem[X,0x8004155E] -> 0xAAAA
[6193] [M]: 0x8004155C (0xAAAAB5B7) lui a1, 699051
x11 <- 0xAAAAB000


mem[X,0x80041560] -> 0x8593
mem[X,0x80041562] -> 0xAA95
[6194] [M]: 0x80041560 (0xAA958593) addi a1, a1, 2729
x11 <- 0xAAAAAAA9


mem[X,0x80041564] -> 0x0213
mem[X,0x80041566] -> 0x0000
[6195] [M]: 0x80041564 (0x00000213) addi tp, zero, 0
x4 <- 0x00000000


mem[X,0x80041568] -> 0x006F
mem[X,0x8004156A] -> 0x2B10
[6196] [M]: 0x80041568 (0x2B10006F) jal zero, 2736


mem[X,0x80042018] -> 0x6A63
mem[X,0x8004201A] -> 0xD4B5
[6197] [M]: 0x80042018 (0xD4B56A63) bltu a0, a1, 5460


mem[X,0x8004156C] -> 0x0213
mem[X,0x8004156E] -> 0x0012
[6198] [M]: 0x8004156C (0x00120213) addi tp, tp, 1
x4 <- 0x00000001


mem[X,0x80041570] -> 0x006F
mem[X,0x80041572] -> 0x2BD0
[6199] [M]: 0x80041570 (0x2BD0006F) jal zero, 2748


clint::tick mtime <- 0x000000000000003E
 clint timer pending at mtime 0x000000000000003E
htif::tick 0x0000000000000000
mem[X,0x8004202C] -> 0xAE23
mem[X,0x8004202E] -> 0x1C40
[6200] [M]: 0x8004202C (0x1C40AE23) sw tp, 476(ra)
mem[0x8004CB50] <- 0x00000001


mem[X,0x80042030] -> 0xB537
mem[X,0x80042032] -> 0x0000
[6201] [M]: 0x80042030 (0x0000B537) lui a0, 11
x10 <- 0x0000B000


mem[X,0x80042034] -> 0x0513
mem[X,0x80042036] -> 0x5055
[6202] [M]: 0x80042034 (0x50550513) addi a0, a0, 1285
x10 <- 0x0000B505


mem[X,0x80042038] -> 0x0593
mem[X,0x8004203A] -> 0x0040
[6203] [M]: 0x80042038 (0x00400593) addi a1, zero, 4
x11 <- 0x00000004


mem[X,0x8004203C] -> 0x0213
mem[X,0x8004203E] -> 0x0000
[6204] [M]: 0x8004203C (0x00000213) addi tp, zero, 0
x4 <- 0x00000000


mem[X,0x80042040] -> 0x006F
mem[X,0x80042042] -> 0x0100
[6205] [M]: 0x80042040 (0x0100006F) jal zero, 16


mem[X,0x80042050] -> 0x6AE3
mem[X,0x80042052] -> 0xFEB5
[6206] [M]: 0x80042050 (0xFEB56AE3) bltu a0, a1, 8180


mem[X,0x80042054] -> 0x0213
mem[X,0x80042056] -> 0x0022
[6207] [M]: 0x80042054 (0x00220213) addi tp, tp, 2
x4 <- 0x00000002


mem[X,0x80042058] -> 0x006F
mem[X,0x8004205A] -> 0x00C0
[6208] [M]: 0x80042058 (0x00C0006F) jal zero, 12


mem[X,0x80042064] -> 0xA023
mem[X,0x80042066] -> 0x1E40
[6209] [M]: 0x80042064 (0x1E40A023) sw tp, 480(ra)
mem[0x8004CB54] <- 0x00000002


mem[X,0x80042068] -> 0xB537
mem[X,0x8004206A] -> 0x0000
[6210] [M]: 0x80042068 (0x0000B537) lui a0, 11
x10 <- 0x0000B000


mem[X,0x8004206C] -> 0x0513
mem[X,0x8004206E] -> 0x5055
[6211] [M]: 0x8004206C (0x50550513) addi a0, a0, 1285
x10 <- 0x0000B505


mem[X,0x80042070] -> 0x35B7
mem[X,0x80042072] -> 0x3333
[6212] [M]: 0x80042070 (0x333335B7) lui a1, 209715
x11 <- 0x33333000


mem[X,0x80042074] -> 0x8593
mem[X,0x80042076] -> 0x3325
[6213] [M]: 0x80042074 (0x33258593) addi a1, a1, 818
x11 <- 0x33333332


mem[X,0x80042078] -> 0x0213
mem[X,0x8004207A] -> 0x0000
[6214] [M]: 0x80042078 (0x00000213) addi tp, zero, 0
x4 <- 0x00000000


mem[X,0x8004207C] -> 0x006F
mem[X,0x8004207E] -> 0x00C0
[6215] [M]: 0x8004207C (0x00C0006F) jal zero, 12


mem[X,0x80042088] -> 0x6063
mem[X,0x8004208A] -> 0x40B5
[6216] [M]: 0x80042088 (0x40B56063) bltu a0, a1, 1024


mem[X,0x80042488] -> 0x0213
mem[X,0x8004248A] -> 0x0032
[6217] [M]: 0x80042488 (0x00320213) addi tp, tp, 3
x4 <- 0x00000003


mem[X,0x8004248C] -> 0x006F
mem[X,0x8004248E] -> 0x0040
[6218] [M]: 0x8004248C (0x0040006F) jal zero, 4


mem[X,0x80042490] -> 0xA223
mem[X,0x80042492] -> 0x1E40
[6219] [M]: 0x80042490 (0x1E40A223) sw tp, 484(ra)
mem[0x8004CB58] <- 0x00000003


mem[X,0x80042494] -> 0xB537
mem[X,0x80042496] -> 0x0000
[6220] [M]: 0x80042494 (0x0000B537) lui a0, 11
x10 <- 0x0000B000


mem[X,0x80042498] -> 0x0513
mem[X,0x8004249A] -> 0x5055
[6221] [M]: 0x80042498 (0x50550513) addi a0, a0, 1285
x10 <- 0x0000B505


mem[X,0x8004249C] -> 0x65B7
mem[X,0x8004249E] -> 0x6666
[6222] [M]: 0x8004249C (0x666665B7) lui a1, 419430
x11 <- 0x66666000


mem[X,0x800424A0] -> 0x8593
mem[X,0x800424A2] -> 0x6655
[6223] [M]: 0x800424A0 (0x66558593) addi a1, a1, 1637
x11 <- 0x66666665


mem[X,0x800424A4] -> 0x0213
mem[X,0x800424A6] -> 0x0000
[6224] [M]: 0x800424A4 (0x00000213) addi tp, zero, 0
x4 <- 0x00000000


mem[X,0x800424A8] -> 0x006F
mem[X,0x800424AA] -> 0x0140
[6225] [M]: 0x800424A8 (0x0140006F) jal zero, 20


mem[X,0x800424BC] -> 0x68E3
mem[X,0x800424BE] -> 0xFEB5
[6226] [M]: 0x800424BC (0xFEB568E3) bltu a0, a1, 8176


mem[X,0x800424AC] -> 0x0213
mem[X,0x800424AE] -> 0x0012
[6227] [M]: 0x800424AC (0x00120213) addi tp, tp, 1
x4 <- 0x00000001


mem[X,0x800424B0] -> 0x006F
mem[X,0x800424B2] -> 0x0200
[6228] [M]: 0x800424B0 (0x0200006F) jal zero, 32


mem[X,0x800424D0] -> 0xA423
mem[X,0x800424D2] -> 0x1E40
[6229] [M]: 0x800424D0 (0x1E40A423) sw tp, 488(ra)
mem[0x8004CB5C] <- 0x00000001


mem[X,0x800424D4] -> 0xB537
mem[X,0x800424D6] -> 0x0000
[6230] [M]: 0x800424D4 (0x0000B537) lui a0, 11
x10 <- 0x0000B000


mem[X,0x800424D8] -> 0x0513
mem[X,0x800424DA] -> 0x5055
[6231] [M]: 0x800424D8 (0x50550513) addi a0, a0, 1285
x10 <- 0x0000B505


mem[X,0x800424DC] -> 0xB5B7
mem[X,0x800424DE] -> 0x0000
[6232] [M]: 0x800424DC (0x0000B5B7) lui a1, 11
x11 <- 0x0000B000


mem[X,0x800424E0] -> 0x8593
mem[X,0x800424E2] -> 0x5035
[6233] [M]: 0x800424E0 (0x50358593) addi a1, a1, 1283
x11 <- 0x0000B503


mem[X,0x800424E4] -> 0x0213
mem[X,0x800424E6] -> 0x0000
[6234] [M]: 0x800424E4 (0x00000213) addi tp, zero, 0
x4 <- 0x00000000


mem[X,0x800424E8] -> 0x006F
mem[X,0x800424EA] -> 0x00C0
[6235] [M]: 0x800424E8 (0x00C0006F) jal zero, 12


mem[X,0x800424F4] -> 0x6063
mem[X,0x800424F6] -> 0x20B5
[6236] [M]: 0x800424F4 (0x20B56063) bltu a0, a1, 512


mem[X,0x800424F8] -> 0x0213
mem[X,0x800424FA] -> 0x0022
[6237] [M]: 0x800424F8 (0x00220213) addi tp, tp, 2
x4 <- 0x00000002


mem[X,0x800424FC] -> 0x006F
mem[X,0x800424FE] -> 0x2000
[6238] [M]: 0x800424FC (0x2000006F) jal zero, 512


mem[X,0x800426FC] -> 0xA623
mem[X,0x800426FE] -> 0x1E40
[6239] [M]: 0x800426FC (0x1E40A623) sw tp, 492(ra)
mem[0x8004CB60] <- 0x00000002


mem[X,0x80042700] -> 0xB537
mem[X,0x80042702] -> 0x0000
[6240] [M]: 0x80042700 (0x0000B537) lui a0, 11
x10 <- 0x0000B000


mem[X,0x80042704] -> 0x0513
mem[X,0x80042706] -> 0x5055
[6241] [M]: 0x80042704 (0x50550513) addi a0, a0, 1285
x10 <- 0x0000B505


mem[X,0x80042708] -> 0x05B7
mem[X,0x8004270A] -> 0x0001
[6242] [M]: 0x80042708 (0x000105B7) lui a1, 16
x11 <- 0x00010000


mem[X,0x8004270C] -> 0x8593
mem[X,0x8004270E] -> 0xFFE5
[6243] [M]: 0x8004270C (0xFFE58593) addi a1, a1, 4094
x11 <- 0x0000FFFE


mem[X,0x80042710] -> 0x0213
mem[X,0x80042712] -> 0x0000
[6244] [M]: 0x80042710 (0x00000213) addi tp, zero, 0
x4 <- 0x00000000


mem[X,0x80042714] -> 0x006F
mem[X,0x80042716] -> 0x0100
[6245] [M]: 0x80042714 (0x0100006F) jal zero, 16


mem[X,0x80042724] -> 0x6AE3
mem[X,0x80042726] -> 0xFEB5
[6246] [M]: 0x80042724 (0xFEB56AE3) bltu a0, a1, 8180


mem[X,0x80042718] -> 0x0213
mem[X,0x8004271A] -> 0x0012
[6247] [M]: 0x80042718 (0x00120213) addi tp, tp, 1
x4 <- 0x00000001


mem[X,0x8004271C] -> 0x006F
mem[X,0x8004271E] -> 0x01C0
[6248] [M]: 0x8004271C (0x01C0006F) jal zero, 28


mem[X,0x80042738] -> 0xA823
mem[X,0x8004273A] -> 0x1E40
[6249] [M]: 0x80042738 (0x1E40A823) sw tp, 496(ra)
mem[0x8004CB64] <- 0x00000001


mem[X,0x8004273C] -> 0xB537
mem[X,0x8004273E] -> 0x0000
[6250] [M]: 0x8004273C (0x0000B537) lui a0, 11
x10 <- 0x0000B000


mem[X,0x80042740] -> 0x0513
mem[X,0x80042742] -> 0x5055
[6251] [M]: 0x80042740 (0x50550513) addi a0, a0, 1285
x10 <- 0x0000B505


mem[X,0x80042744] -> 0x55B7
mem[X,0x80042746] -> 0x5555
[6252] [M]: 0x80042744 (0x555555B7) lui a1, 349525
x11 <- 0x55555000


mem[X,0x80042748] -> 0x8593
mem[X,0x8004274A] -> 0x5565
[6253] [M]: 0x80042748 (0x55658593) addi a1, a1, 1366
x11 <- 0x55555556


mem[X,0x8004274C] -> 0x0213
mem[X,0x8004274E] -> 0x0000
[6254] [M]: 0x8004274C (0x00000213) addi tp, zero, 0
x4 <- 0x00000000


mem[X,0x80042750] -> 0x006F
mem[X,0x80042752] -> 0x2B10
[6255] [M]: 0x80042750 (0x2B10006F) jal zero, 2736


mem[X,0x80043200] -> 0x6A63
mem[X,0x80043202] -> 0xD4B5
[6256] [M]: 0x80043200 (0xD4B56A63) bltu a0, a1, 5460


mem[X,0x80042754] -> 0x0213
mem[X,0x80042756] -> 0x0012
[6257] [M]: 0x80042754 (0x00120213) addi tp, tp, 1
x4 <- 0x00000001


mem[X,0x80042758] -> 0x006F
mem[X,0x8004275A] -> 0x2BD0
[6258] [M]: 0x80042758 (0x2BD0006F) jal zero, 2748


mem[X,0x80043214] -> 0xAA23
mem[X,0x80043216] -> 0x1E40
[6259] [M]: 0x80043214 (0x1E40AA23) sw tp, 500(ra)
mem[0x8004CB68] <- 0x00000001


mem[X,0x80043218] -> 0xB537
mem[X,0x8004321A] -> 0x0000
[6260] [M]: 0x80043218 (0x0000B537) lui a0, 11
x10 <- 0x0000B000


mem[X,0x8004321C] -> 0x0513
mem[X,0x8004321E] -> 0x5055
[6261] [M]: 0x8004321C (0x50550513) addi a0, a0, 1285
x10 <- 0x0000B505


mem[X,0x80043220] -> 0xB5B7
mem[X,0x80043222] -> 0xAAAA
[6262] [M]: 0x80043220 (0xAAAAB5B7) lui a1, 699051
x11 <- 0xAAAAB000


mem[X,0x80043224] -> 0x8593
mem[X,0x80043226] -> 0xAAB5
[6263] [M]: 0x80043224 (0xAAB58593) addi a1, a1, 2731
x11 <- 0xAAAAAAAB


mem[X,0x80043228] -> 0x0213
mem[X,0x8004322A] -> 0x0000
[6264] [M]: 0x80043228 (0x00000213) addi tp, zero, 0
x4 <- 0x00000000


mem[X,0x8004322C] -> 0x006F
mem[X,0x8004322E] -> 0x00C0
[6265] [M]: 0x8004322C (0x00C0006F) jal zero, 12


mem[X,0x80043238] -> 0x6063
mem[X,0x8004323A] -> 0x02B5
[6266] [M]: 0x80043238 (0x02B56063) bltu a0, a1, 32


mem[X,0x80043258] -> 0x0213
mem[X,0x8004325A] -> 0x0032
[6267] [M]: 0x80043258 (0x00320213) addi tp, tp, 3
x4 <- 0x00000003


mem[X,0x8004325C] -> 0x006F
mem[X,0x8004325E] -> 0x0040
[6268] [M]: 0x8004325C (0x0040006F) jal zero, 4


mem[X,0x80043260] -> 0xAC23
mem[X,0x80043262] -> 0x1E40
[6269] [M]: 0x80043260 (0x1E40AC23) sw tp, 504(ra)
mem[0x8004CB6C] <- 0x00000003


mem[X,0x80043264] -> 0xB537
mem[X,0x80043266] -> 0x0000
[6270] [M]: 0x80043264 (0x0000B537) lui a0, 11
x10 <- 0x0000B000


mem[X,0x80043268] -> 0x0513
mem[X,0x8004326A] -> 0x5055
[6271] [M]: 0x80043268 (0x50550513) addi a0, a0, 1285
x10 <- 0x0000B505


mem[X,0x8004326C] -> 0x0593
mem[X,0x8004326E] -> 0x0060
[6272] [M]: 0x8004326C (0x00600593) addi a1, zero, 6
x11 <- 0x00000006


mem[X,0x80043270] -> 0x0213
mem[X,0x80043272] -> 0x0000
[6273] [M]: 0x80043270 (0x00000213) addi tp, zero, 0
x4 <- 0x00000000


mem[X,0x80043274] -> 0x006F
mem[X,0x80043276] -> 0x00C0
[6274] [M]: 0x80043274 (0x00C0006F) jal zero, 12


mem[X,0x80043280] -> 0x6663
mem[X,0x80043282] -> 0x00B5
[6275] [M]: 0x80043280 (0x00B56663) bltu a0, a1, 12


mem[X,0x80043284] -> 0x0213
mem[X,0x80043286] -> 0x0022
[6276] [M]: 0x80043284 (0x00220213) addi tp, tp, 2
x4 <- 0x00000002


mem[X,0x80043288] -> 0x006F
mem[X,0x8004328A] -> 0x00C0
[6277] [M]: 0x80043288 (0x00C0006F) jal zero, 12


mem[X,0x80043294] -> 0xAE23
mem[X,0x80043296] -> 0x1E40
[6278] [M]: 0x80043294 (0x1E40AE23) sw tp, 508(ra)
mem[0x8004CB70] <- 0x00000002


mem[X,0x80043298] -> 0xB537
mem[X,0x8004329A] -> 0x0000
[6279] [M]: 0x80043298 (0x0000B537) lui a0, 11
x10 <- 0x0000B000


mem[X,0x8004329C] -> 0x0513
mem[X,0x8004329E] -> 0x5055
[6280] [M]: 0x8004329C (0x50550513) addi a0, a0, 1285
x10 <- 0x0000B505


mem[X,0x800432A0] -> 0x35B7
mem[X,0x800432A2] -> 0x3333
[6281] [M]: 0x800432A0 (0x333335B7) lui a1, 209715
x11 <- 0x33333000


mem[X,0x800432A4] -> 0x8593
mem[X,0x800432A6] -> 0x3345
[6282] [M]: 0x800432A4 (0x33458593) addi a1, a1, 820
x11 <- 0x33333334


mem[X,0x800432A8] -> 0x0213
mem[X,0x800432AA] -> 0x0000
[6283] [M]: 0x800432A8 (0x00000213) addi tp, zero, 0
x4 <- 0x00000000


mem[X,0x800432AC] -> 0x006F
mem[X,0x800432AE] -> 0x2B10
[6284] [M]: 0x800432AC (0x2B10006F) jal zero, 2736


mem[X,0x80043D5C] -> 0x6A63
mem[X,0x80043D5E] -> 0xD4B5
[6285] [M]: 0x80043D5C (0xD4B56A63) bltu a0, a1, 5460


mem[X,0x800432B0] -> 0x0213
mem[X,0x800432B2] -> 0x0012
[6286] [M]: 0x800432B0 (0x00120213) addi tp, tp, 1
x4 <- 0x00000001


mem[X,0x800432B4] -> 0x006F
mem[X,0x800432B6] -> 0x2BD0
[6287] [M]: 0x800432B4 (0x2BD0006F) jal zero, 2748


mem[X,0x80043D70] -> 0xA023
mem[X,0x80043D72] -> 0x2040
[6288] [M]: 0x80043D70 (0x2040A023) sw tp, 512(ra)
mem[0x8004CB74] <- 0x00000001


mem[X,0x80043D74] -> 0xB537
mem[X,0x80043D76] -> 0x0000
[6289] [M]: 0x80043D74 (0x0000B537) lui a0, 11
x10 <- 0x0000B000


mem[X,0x80043D78] -> 0x0513
mem[X,0x80043D7A] -> 0x5055
[6290] [M]: 0x80043D78 (0x50550513) addi a0, a0, 1285
x10 <- 0x0000B505


mem[X,0x80043D7C] -> 0x65B7
mem[X,0x80043D7E] -> 0x6666
[6291] [M]: 0x80043D7C (0x666665B7) lui a1, 419430
x11 <- 0x66666000


mem[X,0x80043D80] -> 0x8593
mem[X,0x80043D82] -> 0x6675
[6292] [M]: 0x80043D80 (0x66758593) addi a1, a1, 1639
x11 <- 0x66666667


mem[X,0x80043D84] -> 0x0213
mem[X,0x80043D86] -> 0x0000
[6293] [M]: 0x80043D84 (0x00000213) addi tp, zero, 0
x4 <- 0x00000000


mem[X,0x80043D88] -> 0x006F
mem[X,0x80043D8A] -> 0x00C0
[6294] [M]: 0x80043D88 (0x00C0006F) jal zero, 12


mem[X,0x80043D94] -> 0x6663
mem[X,0x80043D96] -> 0x00B5
[6295] [M]: 0x80043D94 (0x00B56663) bltu a0, a1, 12


mem[X,0x80043DA0] -> 0x0213
mem[X,0x80043DA2] -> 0x0032
[6296] [M]: 0x80043DA0 (0x00320213) addi tp, tp, 3
x4 <- 0x00000003


mem[X,0x80043DA4] -> 0x006F
mem[X,0x80043DA6] -> 0x0040
[6297] [M]: 0x80043DA4 (0x0040006F) jal zero, 4


mem[X,0x80043DA8] -> 0xA223
mem[X,0x80043DAA] -> 0x2040
[6298] [M]: 0x80043DA8 (0x2040A223) sw tp, 516(ra)
mem[0x8004CB78] <- 0x00000003


mem[X,0x80043DAC] -> 0xB537
mem[X,0x80043DAE] -> 0x0000
[6299] [M]: 0x80043DAC (0x0000B537) lui a0, 11
x10 <- 0x0000B000


clint::tick mtime <- 0x000000000000003F
 clint timer pending at mtime 0x000000000000003F
htif::tick 0x0000000000000000
mem[X,0x80043DB0] -> 0x0513
mem[X,0x80043DB2] -> 0x5055
[6300] [M]: 0x80043DB0 (0x50550513) addi a0, a0, 1285
x10 <- 0x0000B505


mem[X,0x80043DB4] -> 0xB5B7
mem[X,0x80043DB6] -> 0x0000
[6301] [M]: 0x80043DB4 (0x0000B5B7) lui a1, 11
x11 <- 0x0000B000


mem[X,0x80043DB8] -> 0x8593
mem[X,0x80043DBA] -> 0x5055
[6302] [M]: 0x80043DB8 (0x50558593) addi a1, a1, 1285
x11 <- 0x0000B505


mem[X,0x80043DBC] -> 0x0213
mem[X,0x80043DBE] -> 0x0000
[6303] [M]: 0x80043DBC (0x00000213) addi tp, zero, 0
x4 <- 0x00000000


mem[X,0x80043DC0] -> 0x006F
mem[X,0x80043DC2] -> 0x0140
[6304] [M]: 0x80043DC0 (0x0140006F) jal zero, 20


mem[X,0x80043DD4] -> 0x68E3
mem[X,0x80043DD6] -> 0xFEB5
[6305] [M]: 0x80043DD4 (0xFEB568E3) bltu a0, a1, 8176


mem[X,0x80043DD8] -> 0x0213
mem[X,0x80043DDA] -> 0x0022
[6306] [M]: 0x80043DD8 (0x00220213) addi tp, tp, 2
x4 <- 0x00000002


mem[X,0x80043DDC] -> 0x006F
mem[X,0x80043DDE] -> 0x00C0
[6307] [M]: 0x80043DDC (0x00C0006F) jal zero, 12


mem[X,0x80043DE8] -> 0xA423
mem[X,0x80043DEA] -> 0x2040
[6308] [M]: 0x80043DE8 (0x2040A423) sw tp, 520(ra)
mem[0x8004CB7C] <- 0x00000002


mem[X,0x80043DEC] -> 0xB537
mem[X,0x80043DEE] -> 0x0000
[6309] [M]: 0x80043DEC (0x0000B537) lui a0, 11
x10 <- 0x0000B000


mem[X,0x80043DF0] -> 0x0513
mem[X,0x80043DF2] -> 0x5055
[6310] [M]: 0x80043DF0 (0x50550513) addi a0, a0, 1285
x10 <- 0x0000B505


mem[X,0x80043DF4] -> 0x0593
mem[X,0x80043DF6] -> 0x0010
[6311] [M]: 0x80043DF4 (0x00100593) addi a1, zero, 1
x11 <- 0x00000001


mem[X,0x80043DF8] -> 0x0213
mem[X,0x80043DFA] -> 0x0000
[6312] [M]: 0x80043DF8 (0x00000213) addi tp, zero, 0
x4 <- 0x00000000


mem[X,0x80043DFC] -> 0x006F
mem[X,0x80043DFE] -> 0x0180
[6313] [M]: 0x80043DFC (0x0180006F) jal zero, 24


mem[X,0x80043E14] -> 0x66E3
mem[X,0x80043E16] -> 0xFEB5
[6314] [M]: 0x80043E14 (0xFEB566E3) bltu a0, a1, 8172


mem[X,0x80043E18] -> 0x0213
mem[X,0x80043E1A] -> 0x0022
[6315] [M]: 0x80043E18 (0x00220213) addi tp, tp, 2
x4 <- 0x00000002


mem[X,0x80043E1C] -> 0x006F
mem[X,0x80043E1E] -> 0x00C0
[6316] [M]: 0x80043E1C (0x00C0006F) jal zero, 12


mem[X,0x80043E28] -> 0xA623
mem[X,0x80043E2A] -> 0x2040
[6317] [M]: 0x80043E28 (0x2040A623) sw tp, 524(ra)
mem[0x8004CB80] <- 0x00000002


mem[X,0x80043E2C] -> 0xB537
mem[X,0x80043E2E] -> 0x0000
[6318] [M]: 0x80043E2C (0x0000B537) lui a0, 11
x10 <- 0x0000B000


mem[X,0x80043E30] -> 0x0513
mem[X,0x80043E32] -> 0x5055
[6319] [M]: 0x80043E30 (0x50550513) addi a0, a0, 1285
x10 <- 0x0000B505


mem[X,0x80043E34] -> 0x05B7
mem[X,0x80043E36] -> 0x0001
[6320] [M]: 0x80043E34 (0x000105B7) lui a1, 16
x11 <- 0x00010000


mem[X,0x80043E38] -> 0x0213
mem[X,0x80043E3A] -> 0x0000
[6321] [M]: 0x80043E38 (0x00000213) addi tp, zero, 0
x4 <- 0x00000000


mem[X,0x80043E3C] -> 0x006F
mem[X,0x80043E3E] -> 0x00C0
[6322] [M]: 0x80043E3C (0x00C0006F) jal zero, 12


mem[X,0x80043E48] -> 0x6663
mem[X,0x80043E4A] -> 0x00B5
[6323] [M]: 0x80043E48 (0x00B56663) bltu a0, a1, 12


mem[X,0x80043E54] -> 0x0213
mem[X,0x80043E56] -> 0x0032
[6324] [M]: 0x80043E54 (0x00320213) addi tp, tp, 3
x4 <- 0x00000003


mem[X,0x80043E58] -> 0x006F
mem[X,0x80043E5A] -> 0x0040
[6325] [M]: 0x80043E58 (0x0040006F) jal zero, 4


mem[X,0x80043E5C] -> 0xA823
mem[X,0x80043E5E] -> 0x2040
[6326] [M]: 0x80043E5C (0x2040A823) sw tp, 528(ra)
mem[0x8004CB84] <- 0x00000003


mem[X,0x80043E60] -> 0x0513
mem[X,0x80043E62] -> 0x0010
[6327] [M]: 0x80043E60 (0x00100513) addi a0, zero, 1
x10 <- 0x00000001


mem[X,0x80043E64] -> 0x0593
mem[X,0x80043E66] -> 0x0030
[6328] [M]: 0x80043E64 (0x00300593) addi a1, zero, 3
x11 <- 0x00000003


mem[X,0x80043E68] -> 0x0213
mem[X,0x80043E6A] -> 0x0000
[6329] [M]: 0x80043E68 (0x00000213) addi tp, zero, 0
x4 <- 0x00000000


mem[X,0x80043E6C] -> 0x006F
mem[X,0x80043E6E] -> 0x00C0
[6330] [M]: 0x80043E6C (0x00C0006F) jal zero, 12


mem[X,0x80043E78] -> 0x6063
mem[X,0x80043E7A] -> 0x10B5
[6331] [M]: 0x80043E78 (0x10B56063) bltu a0, a1, 256


mem[X,0x80043F78] -> 0x0213
mem[X,0x80043F7A] -> 0x0032
[6332] [M]: 0x80043F78 (0x00320213) addi tp, tp, 3
x4 <- 0x00000003


mem[X,0x80043F7C] -> 0x006F
mem[X,0x80043F7E] -> 0x0040
[6333] [M]: 0x80043F7C (0x0040006F) jal zero, 4


mem[X,0x80043F80] -> 0xAA23
mem[X,0x80043F82] -> 0x2040
[6334] [M]: 0x80043F80 (0x2040AA23) sw tp, 532(ra)
mem[0x8004CB88] <- 0x00000003


mem[X,0x80043F84] -> 0x0513
mem[X,0x80043F86] -> 0x0010
[6335] [M]: 0x80043F84 (0x00100513) addi a0, zero, 1
x10 <- 0x00000001


mem[X,0x80043F88] -> 0x55B7
mem[X,0x80043F8A] -> 0x5555
[6336] [M]: 0x80043F88 (0x555555B7) lui a1, 349525
x11 <- 0x55555000


mem[X,0x80043F8C] -> 0x8593
mem[X,0x80043F8E] -> 0x5555
[6337] [M]: 0x80043F8C (0x55558593) addi a1, a1, 1365
x11 <- 0x55555555


mem[X,0x80043F90] -> 0x0213
mem[X,0x80043F92] -> 0x0000
[6338] [M]: 0x80043F90 (0x00000213) addi tp, zero, 0
x4 <- 0x00000000


mem[X,0x80043F94] -> 0x006F
mem[X,0x80043F96] -> 0x00C0
[6339] [M]: 0x80043F94 (0x00C0006F) jal zero, 12


mem[X,0x80043FA0] -> 0x6CE3
mem[X,0x80043FA2] -> 0xFEB5
[6340] [M]: 0x80043FA0 (0xFEB56CE3) bltu a0, a1, 8184


mem[X,0x80043F98] -> 0x0213
mem[X,0x80043F9A] -> 0x0012
[6341] [M]: 0x80043F98 (0x00120213) addi tp, tp, 1
x4 <- 0x00000001


mem[X,0x80043F9C] -> 0x006F
mem[X,0x80043F9E] -> 0x0180
[6342] [M]: 0x80043F9C (0x0180006F) jal zero, 24


mem[X,0x80043FB4] -> 0xAC23
mem[X,0x80043FB6] -> 0x2040
[6343] [M]: 0x80043FB4 (0x2040AC23) sw tp, 536(ra)
mem[0x8004CB8C] <- 0x00000001


mem[X,0x80043FB8] -> 0x0513
mem[X,0x80043FBA] -> 0x0010
[6344] [M]: 0x80043FB8 (0x00100513) addi a0, zero, 1
x10 <- 0x00000001


mem[X,0x80043FBC] -> 0xB5B7
mem[X,0x80043FBE] -> 0xAAAA
[6345] [M]: 0x80043FBC (0xAAAAB5B7) lui a1, 699051
x11 <- 0xAAAAB000


mem[X,0x80043FC0] -> 0x8593
mem[X,0x80043FC2] -> 0xAAA5
[6346] [M]: 0x80043FC0 (0xAAA58593) addi a1, a1, 2730
x11 <- 0xAAAAAAAA


mem[X,0x80043FC4] -> 0x0213
mem[X,0x80043FC6] -> 0x0000
[6347] [M]: 0x80043FC4 (0x00000213) addi tp, zero, 0
x4 <- 0x00000000


mem[X,0x80043FC8] -> 0x006F
mem[X,0x80043FCA] -> 0x00C0
[6348] [M]: 0x80043FC8 (0x00C0006F) jal zero, 12


mem[X,0x80043FD4] -> 0x6663
mem[X,0x80043FD6] -> 0x00B5
[6349] [M]: 0x80043FD4 (0x00B56663) bltu a0, a1, 12


mem[X,0x80043FE0] -> 0x0213
mem[X,0x80043FE2] -> 0x0032
[6350] [M]: 0x80043FE0 (0x00320213) addi tp, tp, 3
x4 <- 0x00000003


mem[X,0x80043FE4] -> 0x006F
mem[X,0x80043FE6] -> 0x0040
[6351] [M]: 0x80043FE4 (0x0040006F) jal zero, 4


mem[X,0x80043FE8] -> 0xAE23
mem[X,0x80043FEA] -> 0x2040
[6352] [M]: 0x80043FE8 (0x2040AE23) sw tp, 540(ra)
mem[0x8004CB90] <- 0x00000003


mem[X,0x80043FEC] -> 0x0513
mem[X,0x80043FEE] -> 0x0010
[6353] [M]: 0x80043FEC (0x00100513) addi a0, zero, 1
x10 <- 0x00000001


mem[X,0x80043FF0] -> 0x0593
mem[X,0x80043FF2] -> 0x0050
[6354] [M]: 0x80043FF0 (0x00500593) addi a1, zero, 5
x11 <- 0x00000005


mem[X,0x80043FF4] -> 0x0213
mem[X,0x80043FF6] -> 0x0000
[6355] [M]: 0x80043FF4 (0x00000213) addi tp, zero, 0
x4 <- 0x00000000


mem[X,0x80043FF8] -> 0x006F
mem[X,0x80043FFA] -> 0x0050
[6356] [M]: 0x80043FF8 (0x0050006F) jal zero, 2052


mem[X,0x800447FC] -> 0x60E3
mem[X,0x800447FE] -> 0x80B5
[6357] [M]: 0x800447FC (0x80B560E3) bltu a0, a1, 6144


mem[X,0x80043FFC] -> 0x0213
mem[X,0x80043FFE] -> 0x0012
[6358] [M]: 0x80043FFC (0x00120213) addi tp, tp, 1
x4 <- 0x00000001


mem[X,0x80044000] -> 0x006F
mem[X,0x80044002] -> 0x0110
[6359] [M]: 0x80044000 (0x0110006F) jal zero, 2064


mem[X,0x80044810] -> 0xA023
mem[X,0x80044812] -> 0x2240
[6360] [M]: 0x80044810 (0x2240A023) sw tp, 544(ra)
mem[0x8004CB94] <- 0x00000001


mem[X,0x80044814] -> 0x0513
mem[X,0x80044816] -> 0x0010
[6361] [M]: 0x80044814 (0x00100513) addi a0, zero, 1
x10 <- 0x00000001


mem[X,0x80044818] -> 0x35B7
mem[X,0x8004481A] -> 0x3333
[6362] [M]: 0x80044818 (0x333335B7) lui a1, 209715
x11 <- 0x33333000


mem[X,0x8004481C] -> 0x8593
mem[X,0x8004481E] -> 0x3335
[6363] [M]: 0x8004481C (0x33358593) addi a1, a1, 819
x11 <- 0x33333333


mem[X,0x80044820] -> 0x0213
mem[X,0x80044822] -> 0x0000
[6364] [M]: 0x80044820 (0x00000213) addi tp, zero, 0
x4 <- 0x00000000


mem[X,0x80044824] -> 0x006F
mem[X,0x80044826] -> 0x00C0
[6365] [M]: 0x80044824 (0x00C0006F) jal zero, 12


mem[X,0x80044830] -> 0x6863
mem[X,0x80044832] -> 0x00B5
[6366] [M]: 0x80044830 (0x00B56863) bltu a0, a1, 16


mem[X,0x80044840] -> 0x0213
mem[X,0x80044842] -> 0x0032
[6367] [M]: 0x80044840 (0x00320213) addi tp, tp, 3
x4 <- 0x00000003


mem[X,0x80044844] -> 0x006F
mem[X,0x80044846] -> 0x0040
[6368] [M]: 0x80044844 (0x0040006F) jal zero, 4


mem[X,0x80044848] -> 0xA223
mem[X,0x8004484A] -> 0x2240
[6369] [M]: 0x80044848 (0x2240A223) sw tp, 548(ra)
mem[0x8004CB98] <- 0x00000003


mem[X,0x8004484C] -> 0x0513
mem[X,0x8004484E] -> 0x0010
[6370] [M]: 0x8004484C (0x00100513) addi a0, zero, 1
x10 <- 0x00000001


mem[X,0x80044850] -> 0x65B7
mem[X,0x80044852] -> 0x6666
[6371] [M]: 0x80044850 (0x666665B7) lui a1, 419430
x11 <- 0x66666000


mem[X,0x80044854] -> 0x8593
mem[X,0x80044856] -> 0x6665
[6372] [M]: 0x80044854 (0x66658593) addi a1, a1, 1638
x11 <- 0x66666666


mem[X,0x80044858] -> 0x0213
mem[X,0x8004485A] -> 0x0000
[6373] [M]: 0x80044858 (0x00000213) addi tp, zero, 0
x4 <- 0x00000000


mem[X,0x8004485C] -> 0x006F
mem[X,0x8004485E] -> 0x00C0
[6374] [M]: 0x8004485C (0x00C0006F) jal zero, 12


mem[X,0x80044868] -> 0x6063
mem[X,0x8004486A] -> 0x02B5
[6375] [M]: 0x80044868 (0x02B56063) bltu a0, a1, 32


mem[X,0x80044888] -> 0x0213
mem[X,0x8004488A] -> 0x0032
[6376] [M]: 0x80044888 (0x00320213) addi tp, tp, 3
x4 <- 0x00000003


mem[X,0x8004488C] -> 0x006F
mem[X,0x8004488E] -> 0x0040
[6377] [M]: 0x8004488C (0x0040006F) jal zero, 4


mem[X,0x80044890] -> 0xA423
mem[X,0x80044892] -> 0x2240
[6378] [M]: 0x80044890 (0x2240A423) sw tp, 552(ra)
mem[0x8004CB9C] <- 0x00000003


mem[X,0x80044894] -> 0x0513
mem[X,0x80044896] -> 0x0010
[6379] [M]: 0x80044894 (0x00100513) addi a0, zero, 1
x10 <- 0x00000001


mem[X,0x80044898] -> 0xB5B7
mem[X,0x8004489A] -> 0x0000
[6380] [M]: 0x80044898 (0x0000B5B7) lui a1, 11
x11 <- 0x0000B000


mem[X,0x8004489C] -> 0x8593
mem[X,0x8004489E] -> 0x5045
[6381] [M]: 0x8004489C (0x50458593) addi a1, a1, 1284
x11 <- 0x0000B504


mem[X,0x800448A0] -> 0x0213
mem[X,0x800448A2] -> 0x0000
[6382] [M]: 0x800448A0 (0x00000213) addi tp, zero, 0
x4 <- 0x00000000


mem[X,0x800448A4] -> 0x006F
mem[X,0x800448A6] -> 0x0140
[6383] [M]: 0x800448A4 (0x0140006F) jal zero, 20


mem[X,0x800448B8] -> 0x68E3
mem[X,0x800448BA] -> 0xFEB5
[6384] [M]: 0x800448B8 (0xFEB568E3) bltu a0, a1, 8176


mem[X,0x800448A8] -> 0x0213
mem[X,0x800448AA] -> 0x0012
[6385] [M]: 0x800448A8 (0x00120213) addi tp, tp, 1
x4 <- 0x00000001


mem[X,0x800448AC] -> 0x006F
mem[X,0x800448AE] -> 0x0200
[6386] [M]: 0x800448AC (0x0200006F) jal zero, 32


mem[X,0x800448CC] -> 0xA623
mem[X,0x800448CE] -> 0x2240
[6387] [M]: 0x800448CC (0x2240A623) sw tp, 556(ra)
mem[0x8004CBA0] <- 0x00000001


mem[X,0x800448D0] -> 0x0513
mem[X,0x800448D2] -> 0x0010
[6388] [M]: 0x800448D0 (0x00100513) addi a0, zero, 1
x10 <- 0x00000001


mem[X,0x800448D4] -> 0x0593
mem[X,0x800448D6] -> 0x0000
[6389] [M]: 0x800448D4 (0x00000593) addi a1, zero, 0
x11 <- 0x00000000


mem[X,0x800448D8] -> 0x0213
mem[X,0x800448DA] -> 0x0000
[6390] [M]: 0x800448D8 (0x00000213) addi tp, zero, 0
x4 <- 0x00000000


mem[X,0x800448DC] -> 0x006F
mem[X,0x800448DE] -> 0x00C0
[6391] [M]: 0x800448DC (0x00C0006F) jal zero, 12


mem[X,0x800448E8] -> 0x6063
mem[X,0x800448EA] -> 0x10B5
[6392] [M]: 0x800448E8 (0x10B56063) bltu a0, a1, 256


mem[X,0x800448EC] -> 0x0213
mem[X,0x800448EE] -> 0x0022
[6393] [M]: 0x800448EC (0x00220213) addi tp, tp, 2
x4 <- 0x00000002


mem[X,0x800448F0] -> 0x006F
mem[X,0x800448F2] -> 0x1000
[6394] [M]: 0x800448F0 (0x1000006F) jal zero, 256


mem[X,0x800449F0] -> 0xA823
mem[X,0x800449F2] -> 0x2240
[6395] [M]: 0x800449F0 (0x2240A823) sw tp, 560(ra)
mem[0x8004CBA4] <- 0x00000002


mem[X,0x800449F4] -> 0x0513
mem[X,0x800449F6] -> 0x0010
[6396] [M]: 0x800449F4 (0x00100513) addi a0, zero, 1
x10 <- 0x00000001


mem[X,0x800449F8] -> 0x05B7
mem[X,0x800449FA] -> 0x0001
[6397] [M]: 0x800449F8 (0x000105B7) lui a1, 16
x11 <- 0x00010000


mem[X,0x800449FC] -> 0x8593
mem[X,0x800449FE] -> 0xFFF5
[6398] [M]: 0x800449FC (0xFFF58593) addi a1, a1, 4095
x11 <- 0x0000FFFF


mem[X,0x80044A00] -> 0x0213
mem[X,0x80044A02] -> 0x0000
[6399] [M]: 0x80044A00 (0x00000213) addi tp, zero, 0
x4 <- 0x00000000


clint::tick mtime <- 0x0000000000000040
 clint timer pending at mtime 0x0000000000000040
htif::tick 0x0000000000000000
mem[X,0x80044A04] -> 0x006F
mem[X,0x80044A06] -> 0x00C0
[6400] [M]: 0x80044A04 (0x00C0006F) jal zero, 12


mem[X,0x80044A10] -> 0x6CE3
mem[X,0x80044A12] -> 0xFEB5
[6401] [M]: 0x80044A10 (0xFEB56CE3) bltu a0, a1, 8184


mem[X,0x80044A08] -> 0x0213
mem[X,0x80044A0A] -> 0x0012
[6402] [M]: 0x80044A08 (0x00120213) addi tp, tp, 1
x4 <- 0x00000001


mem[X,0x80044A0C] -> 0x006F
mem[X,0x80044A0E] -> 0x0180
[6403] [M]: 0x80044A0C (0x0180006F) jal zero, 24


mem[X,0x80044A24] -> 0xAA23
mem[X,0x80044A26] -> 0x2240
[6404] [M]: 0x80044A24 (0x2240AA23) sw tp, 564(ra)
mem[0x8004CBA8] <- 0x00000001


mem[X,0x80044A28] -> 0x0513
mem[X,0x80044A2A] -> 0x0010
[6405] [M]: 0x80044A28 (0x00100513) addi a0, zero, 1
x10 <- 0x00000001


mem[X,0x80044A2C] -> 0x0593
mem[X,0x80044A2E] -> 0x0020
[6406] [M]: 0x80044A2C (0x00200593) addi a1, zero, 2
x11 <- 0x00000002


mem[X,0x80044A30] -> 0x0213
mem[X,0x80044A32] -> 0x0000
[6407] [M]: 0x80044A30 (0x00000213) addi tp, zero, 0
x4 <- 0x00000000


mem[X,0x80044A34] -> 0x006F
mem[X,0x80044A36] -> 0x0180
[6408] [M]: 0x80044A34 (0x0180006F) jal zero, 24


mem[X,0x80044A4C] -> 0x66E3
mem[X,0x80044A4E] -> 0xFEB5
[6409] [M]: 0x80044A4C (0xFEB566E3) bltu a0, a1, 8172


mem[X,0x80044A38] -> 0x0213
mem[X,0x80044A3A] -> 0x0012
[6410] [M]: 0x80044A38 (0x00120213) addi tp, tp, 1
x4 <- 0x00000001


mem[X,0x80044A3C] -> 0x006F
mem[X,0x80044A3E] -> 0x0240
[6411] [M]: 0x80044A3C (0x0240006F) jal zero, 36


mem[X,0x80044A60] -> 0xAC23
mem[X,0x80044A62] -> 0x2240
[6412] [M]: 0x80044A60 (0x2240AC23) sw tp, 568(ra)
mem[0x8004CBAC] <- 0x00000001


mem[X,0x80044A64] -> 0x0513
mem[X,0x80044A66] -> 0x0010
[6413] [M]: 0x80044A64 (0x00100513) addi a0, zero, 1
x10 <- 0x00000001


mem[X,0x80044A68] -> 0x55B7
mem[X,0x80044A6A] -> 0x5555
[6414] [M]: 0x80044A68 (0x555555B7) lui a1, 349525
x11 <- 0x55555000


mem[X,0x80044A6C] -> 0x8593
mem[X,0x80044A6E] -> 0x5545
[6415] [M]: 0x80044A6C (0x55458593) addi a1, a1, 1364
x11 <- 0x55555554


mem[X,0x80044A70] -> 0x0213
mem[X,0x80044A72] -> 0x0000
[6416] [M]: 0x80044A70 (0x00000213) addi tp, zero, 0
x4 <- 0x00000000


mem[X,0x80044A74] -> 0x006F
mem[X,0x80044A76] -> 0x00C0
[6417] [M]: 0x80044A74 (0x00C0006F) jal zero, 12


mem[X,0x80044A80] -> 0x6063
mem[X,0x80044A82] -> 0x04B5
[6418] [M]: 0x80044A80 (0x04B56063) bltu a0, a1, 64


mem[X,0x80044AC0] -> 0x0213
mem[X,0x80044AC2] -> 0x0032
[6419] [M]: 0x80044AC0 (0x00320213) addi tp, tp, 3
x4 <- 0x00000003


mem[X,0x80044AC4] -> 0x006F
mem[X,0x80044AC6] -> 0x0040
[6420] [M]: 0x80044AC4 (0x0040006F) jal zero, 4


mem[X,0x80044AC8] -> 0xAE23
mem[X,0x80044ACA] -> 0x2240
[6421] [M]: 0x80044AC8 (0x2240AE23) sw tp, 572(ra)
mem[0x8004CBB0] <- 0x00000003


mem[X,0x80044ACC] -> 0x0513
mem[X,0x80044ACE] -> 0x0010
[6422] [M]: 0x80044ACC (0x00100513) addi a0, zero, 1
x10 <- 0x00000001


mem[X,0x80044AD0] -> 0xB5B7
mem[X,0x80044AD2] -> 0xAAAA
[6423] [M]: 0x80044AD0 (0xAAAAB5B7) lui a1, 699051
x11 <- 0xAAAAB000


mem[X,0x80044AD4] -> 0x8593
mem[X,0x80044AD6] -> 0xAA95
[6424] [M]: 0x80044AD4 (0xAA958593) addi a1, a1, 2729
x11 <- 0xAAAAAAA9


mem[X,0x80044AD8] -> 0x0213
mem[X,0x80044ADA] -> 0x0000
[6425] [M]: 0x80044AD8 (0x00000213) addi tp, zero, 0
x4 <- 0x00000000


mem[X,0x80044ADC] -> 0x006F
mem[X,0x80044ADE] -> 0x00C0
[6426] [M]: 0x80044ADC (0x00C0006F) jal zero, 12


mem[X,0x80044AE8] -> 0x6063
mem[X,0x80044AEA] -> 0x20B5
[6427] [M]: 0x80044AE8 (0x20B56063) bltu a0, a1, 512


mem[X,0x80044CE8] -> 0x0213
mem[X,0x80044CEA] -> 0x0032
[6428] [M]: 0x80044CE8 (0x00320213) addi tp, tp, 3
x4 <- 0x00000003


mem[X,0x80044CEC] -> 0x006F
mem[X,0x80044CEE] -> 0x0040
[6429] [M]: 0x80044CEC (0x0040006F) jal zero, 4


mem[X,0x80044CF0] -> 0xA023
mem[X,0x80044CF2] -> 0x2440
[6430] [M]: 0x80044CF0 (0x2440A023) sw tp, 576(ra)
mem[0x8004CBB4] <- 0x00000003


mem[X,0x80044CF4] -> 0x0513
mem[X,0x80044CF6] -> 0x0010
[6431] [M]: 0x80044CF4 (0x00100513) addi a0, zero, 1
x10 <- 0x00000001


mem[X,0x80044CF8] -> 0x0593
mem[X,0x80044CFA] -> 0x0040
[6432] [M]: 0x80044CF8 (0x00400593) addi a1, zero, 4
x11 <- 0x00000004


mem[X,0x80044CFC] -> 0x0213
mem[X,0x80044CFE] -> 0x0000
[6433] [M]: 0x80044CFC (0x00000213) addi tp, zero, 0
x4 <- 0x00000000


mem[X,0x80044D00] -> 0x006F
mem[X,0x80044D02] -> 0x0180
[6434] [M]: 0x80044D00 (0x0180006F) jal zero, 24


mem[X,0x80044D18] -> 0x66E3
mem[X,0x80044D1A] -> 0xFEB5
[6435] [M]: 0x80044D18 (0xFEB566E3) bltu a0, a1, 8172


mem[X,0x80044D04] -> 0x0213
mem[X,0x80044D06] -> 0x0012
[6436] [M]: 0x80044D04 (0x00120213) addi tp, tp, 1
x4 <- 0x00000001


mem[X,0x80044D08] -> 0x006F
mem[X,0x80044D0A] -> 0x0240
[6437] [M]: 0x80044D08 (0x0240006F) jal zero, 36


mem[X,0x80044D2C] -> 0xA223
mem[X,0x80044D2E] -> 0x2440
[6438] [M]: 0x80044D2C (0x2440A223) sw tp, 580(ra)
mem[0x8004CBB8] <- 0x00000001


mem[X,0x80044D30] -> 0x0513
mem[X,0x80044D32] -> 0x0010
[6439] [M]: 0x80044D30 (0x00100513) addi a0, zero, 1
x10 <- 0x00000001


mem[X,0x80044D34] -> 0x35B7
mem[X,0x80044D36] -> 0x3333
[6440] [M]: 0x80044D34 (0x333335B7) lui a1, 209715
x11 <- 0x33333000


mem[X,0x80044D38] -> 0x8593
mem[X,0x80044D3A] -> 0x3325
[6441] [M]: 0x80044D38 (0x33258593) addi a1, a1, 818
x11 <- 0x33333332


mem[X,0x80044D3C] -> 0x0213
mem[X,0x80044D3E] -> 0x0000
[6442] [M]: 0x80044D3C (0x00000213) addi tp, zero, 0
x4 <- 0x00000000


mem[X,0x80044D40] -> 0x006F
mem[X,0x80044D42] -> 0x00C0
[6443] [M]: 0x80044D40 (0x00C0006F) jal zero, 12


mem[X,0x80044D4C] -> 0x6863
mem[X,0x80044D4E] -> 0x00B5
[6444] [M]: 0x80044D4C (0x00B56863) bltu a0, a1, 16


mem[X,0x80044D5C] -> 0x0213
mem[X,0x80044D5E] -> 0x0032
[6445] [M]: 0x80044D5C (0x00320213) addi tp, tp, 3
x4 <- 0x00000003


mem[X,0x80044D60] -> 0x006F
mem[X,0x80044D62] -> 0x0040
[6446] [M]: 0x80044D60 (0x0040006F) jal zero, 4


mem[X,0x80044D64] -> 0xA423
mem[X,0x80044D66] -> 0x2440
[6447] [M]: 0x80044D64 (0x2440A423) sw tp, 584(ra)
mem[0x8004CBBC] <- 0x00000003


mem[X,0x80044D68] -> 0x0513
mem[X,0x80044D6A] -> 0x0010
[6448] [M]: 0x80044D68 (0x00100513) addi a0, zero, 1
x10 <- 0x00000001


mem[X,0x80044D6C] -> 0x65B7
mem[X,0x80044D6E] -> 0x6666
[6449] [M]: 0x80044D6C (0x666665B7) lui a1, 419430
x11 <- 0x66666000


mem[X,0x80044D70] -> 0x8593
mem[X,0x80044D72] -> 0x6655
[6450] [M]: 0x80044D70 (0x66558593) addi a1, a1, 1637
x11 <- 0x66666665


mem[X,0x80044D74] -> 0x0213
mem[X,0x80044D76] -> 0x0000
[6451] [M]: 0x80044D74 (0x00000213) addi tp, zero, 0
x4 <- 0x00000000


mem[X,0x80044D78] -> 0x006F
mem[X,0x80044D7A] -> 0x00C0
[6452] [M]: 0x80044D78 (0x00C0006F) jal zero, 12


mem[X,0x80044D84] -> 0x6063
mem[X,0x80044D86] -> 0x20B5
[6453] [M]: 0x80044D84 (0x20B56063) bltu a0, a1, 512


mem[X,0x80044F84] -> 0x0213
mem[X,0x80044F86] -> 0x0032
[6454] [M]: 0x80044F84 (0x00320213) addi tp, tp, 3
x4 <- 0x00000003


mem[X,0x80044F88] -> 0x006F
mem[X,0x80044F8A] -> 0x0040
[6455] [M]: 0x80044F88 (0x0040006F) jal zero, 4


mem[X,0x80044F8C] -> 0xA623
mem[X,0x80044F8E] -> 0x2440
[6456] [M]: 0x80044F8C (0x2440A623) sw tp, 588(ra)
mem[0x8004CBC0] <- 0x00000003


mem[X,0x80044F90] -> 0x0513
mem[X,0x80044F92] -> 0x0010
[6457] [M]: 0x80044F90 (0x00100513) addi a0, zero, 1
x10 <- 0x00000001


mem[X,0x80044F94] -> 0xB5B7
mem[X,0x80044F96] -> 0x0000
[6458] [M]: 0x80044F94 (0x0000B5B7) lui a1, 11
x11 <- 0x0000B000


mem[X,0x80044F98] -> 0x8593
mem[X,0x80044F9A] -> 0x5035
[6459] [M]: 0x80044F98 (0x50358593) addi a1, a1, 1283
x11 <- 0x0000B503


mem[X,0x80044F9C] -> 0x0213
mem[X,0x80044F9E] -> 0x0000
[6460] [M]: 0x80044F9C (0x00000213) addi tp, zero, 0
x4 <- 0x00000000


mem[X,0x80044FA0] -> 0x006F
mem[X,0x80044FA2] -> 0x00C0
[6461] [M]: 0x80044FA0 (0x00C0006F) jal zero, 12


mem[X,0x80044FAC] -> 0x6063
mem[X,0x80044FAE] -> 0x08B5
[6462] [M]: 0x80044FAC (0x08B56063) bltu a0, a1, 128


mem[X,0x8004502C] -> 0x0213
mem[X,0x8004502E] -> 0x0032
[6463] [M]: 0x8004502C (0x00320213) addi tp, tp, 3
x4 <- 0x00000003


mem[X,0x80045030] -> 0x006F
mem[X,0x80045032] -> 0x0040
[6464] [M]: 0x80045030 (0x0040006F) jal zero, 4


mem[X,0x80045034] -> 0xA823
mem[X,0x80045036] -> 0x2440
[6465] [M]: 0x80045034 (0x2440A823) sw tp, 592(ra)
mem[0x8004CBC4] <- 0x00000003


mem[X,0x80045038] -> 0x0513
mem[X,0x8004503A] -> 0x0010
[6466] [M]: 0x80045038 (0x00100513) addi a0, zero, 1
x10 <- 0x00000001


mem[X,0x8004503C] -> 0x05B7
mem[X,0x8004503E] -> 0x0001
[6467] [M]: 0x8004503C (0x000105B7) lui a1, 16
x11 <- 0x00010000


mem[X,0x80045040] -> 0x8593
mem[X,0x80045042] -> 0xFFE5
[6468] [M]: 0x80045040 (0xFFE58593) addi a1, a1, 4094
x11 <- 0x0000FFFE


mem[X,0x80045044] -> 0x0213
mem[X,0x80045046] -> 0x0000
[6469] [M]: 0x80045044 (0x00000213) addi tp, zero, 0
x4 <- 0x00000000


mem[X,0x80045048] -> 0x006F
mem[X,0x8004504A] -> 0x00C0
[6470] [M]: 0x80045048 (0x00C0006F) jal zero, 12


mem[X,0x80045054] -> 0x6063
mem[X,0x80045056] -> 0x10B5
[6471] [M]: 0x80045054 (0x10B56063) bltu a0, a1, 256


mem[X,0x80045154] -> 0x0213
mem[X,0x80045156] -> 0x0032
[6472] [M]: 0x80045154 (0x00320213) addi tp, tp, 3
x4 <- 0x00000003


mem[X,0x80045158] -> 0x006F
mem[X,0x8004515A] -> 0x0040
[6473] [M]: 0x80045158 (0x0040006F) jal zero, 4


mem[X,0x8004515C] -> 0xAA23
mem[X,0x8004515E] -> 0x2440
[6474] [M]: 0x8004515C (0x2440AA23) sw tp, 596(ra)
mem[0x8004CBC8] <- 0x00000003


mem[X,0x80045160] -> 0x0513
mem[X,0x80045162] -> 0x0010
[6475] [M]: 0x80045160 (0x00100513) addi a0, zero, 1
x10 <- 0x00000001


mem[X,0x80045164] -> 0x55B7
mem[X,0x80045166] -> 0x5555
[6476] [M]: 0x80045164 (0x555555B7) lui a1, 349525
x11 <- 0x55555000


mem[X,0x80045168] -> 0x8593
mem[X,0x8004516A] -> 0x5565
[6477] [M]: 0x80045168 (0x55658593) addi a1, a1, 1366
x11 <- 0x55555556


mem[X,0x8004516C] -> 0x0213
mem[X,0x8004516E] -> 0x0000
[6478] [M]: 0x8004516C (0x00000213) addi tp, zero, 0
x4 <- 0x00000000


mem[X,0x80045170] -> 0x006F
mem[X,0x80045172] -> 0x0100
[6479] [M]: 0x80045170 (0x0100006F) jal zero, 16


mem[X,0x80045180] -> 0x6AE3
mem[X,0x80045182] -> 0xFEB5
[6480] [M]: 0x80045180 (0xFEB56AE3) bltu a0, a1, 8180


mem[X,0x80045174] -> 0x0213
mem[X,0x80045176] -> 0x0012
[6481] [M]: 0x80045174 (0x00120213) addi tp, tp, 1
x4 <- 0x00000001


mem[X,0x80045178] -> 0x006F
mem[X,0x8004517A] -> 0x01C0
[6482] [M]: 0x80045178 (0x01C0006F) jal zero, 28


mem[X,0x80045194] -> 0xAC23
mem[X,0x80045196] -> 0x2440
[6483] [M]: 0x80045194 (0x2440AC23) sw tp, 600(ra)
mem[0x8004CBCC] <- 0x00000001


mem[X,0x80045198] -> 0x0513
mem[X,0x8004519A] -> 0x0010
[6484] [M]: 0x80045198 (0x00100513) addi a0, zero, 1
x10 <- 0x00000001


mem[X,0x8004519C] -> 0xB5B7
mem[X,0x8004519E] -> 0xAAAA
[6485] [M]: 0x8004519C (0xAAAAB5B7) lui a1, 699051
x11 <- 0xAAAAB000


mem[X,0x800451A0] -> 0x8593
mem[X,0x800451A2] -> 0xAAB5
[6486] [M]: 0x800451A0 (0xAAB58593) addi a1, a1, 2731
x11 <- 0xAAAAAAAB


mem[X,0x800451A4] -> 0x0213
mem[X,0x800451A6] -> 0x0000
[6487] [M]: 0x800451A4 (0x00000213) addi tp, zero, 0
x4 <- 0x00000000


mem[X,0x800451A8] -> 0x006F
mem[X,0x800451AA] -> 0x0140
[6488] [M]: 0x800451A8 (0x0140006F) jal zero, 20


mem[X,0x800451BC] -> 0x68E3
mem[X,0x800451BE] -> 0xFEB5
[6489] [M]: 0x800451BC (0xFEB568E3) bltu a0, a1, 8176


mem[X,0x800451AC] -> 0x0213
mem[X,0x800451AE] -> 0x0012
[6490] [M]: 0x800451AC (0x00120213) addi tp, tp, 1
x4 <- 0x00000001


mem[X,0x800451B0] -> 0x006F
mem[X,0x800451B2] -> 0x0200
[6491] [M]: 0x800451B0 (0x0200006F) jal zero, 32


mem[X,0x800451D0] -> 0xAE23
mem[X,0x800451D2] -> 0x2440
[6492] [M]: 0x800451D0 (0x2440AE23) sw tp, 604(ra)
mem[0x8004CBD0] <- 0x00000001


mem[X,0x800451D4] -> 0x0513
mem[X,0x800451D6] -> 0x0010
[6493] [M]: 0x800451D4 (0x00100513) addi a0, zero, 1
x10 <- 0x00000001


mem[X,0x800451D8] -> 0x0593
mem[X,0x800451DA] -> 0x0060
[6494] [M]: 0x800451D8 (0x00600593) addi a1, zero, 6
x11 <- 0x00000006


mem[X,0x800451DC] -> 0x0213
mem[X,0x800451DE] -> 0x0000
[6495] [M]: 0x800451DC (0x00000213) addi tp, zero, 0
x4 <- 0x00000000


mem[X,0x800451E0] -> 0x006F
mem[X,0x800451E2] -> 0x00C0
[6496] [M]: 0x800451E0 (0x00C0006F) jal zero, 12


mem[X,0x800451EC] -> 0x6863
mem[X,0x800451EE] -> 0x00B5
[6497] [M]: 0x800451EC (0x00B56863) bltu a0, a1, 16


mem[X,0x800451FC] -> 0x0213
mem[X,0x800451FE] -> 0x0032
[6498] [M]: 0x800451FC (0x00320213) addi tp, tp, 3
x4 <- 0x00000003


mem[X,0x80045200] -> 0x006F
mem[X,0x80045202] -> 0x0040
[6499] [M]: 0x80045200 (0x0040006F) jal zero, 4


clint::tick mtime <- 0x0000000000000041
 clint timer pending at mtime 0x0000000000000041
htif::tick 0x0000000000000000
mem[X,0x80045204] -> 0xA023
mem[X,0x80045206] -> 0x2640
[6500] [M]: 0x80045204 (0x2640A023) sw tp, 608(ra)
mem[0x8004CBD4] <- 0x00000003


mem[X,0x80045208] -> 0x0513
mem[X,0x8004520A] -> 0x0010
[6501] [M]: 0x80045208 (0x00100513) addi a0, zero, 1
x10 <- 0x00000001


mem[X,0x8004520C] -> 0x35B7
mem[X,0x8004520E] -> 0x3333
[6502] [M]: 0x8004520C (0x333335B7) lui a1, 209715
x11 <- 0x33333000


mem[X,0x80045210] -> 0x8593
mem[X,0x80045212] -> 0x3345
[6503] [M]: 0x80045210 (0x33458593) addi a1, a1, 820
x11 <- 0x33333334


mem[X,0x80045214] -> 0x0213
mem[X,0x80045216] -> 0x0000
[6504] [M]: 0x80045214 (0x00000213) addi tp, zero, 0
x4 <- 0x00000000


mem[X,0x80045218] -> 0x006F
mem[X,0x8004521A] -> 0x00C0
[6505] [M]: 0x80045218 (0x00C0006F) jal zero, 12


mem[X,0x80045224] -> 0x6663
mem[X,0x80045226] -> 0x00B5
[6506] [M]: 0x80045224 (0x00B56663) bltu a0, a1, 12


mem[X,0x80045230] -> 0x0213
mem[X,0x80045232] -> 0x0032
[6507] [M]: 0x80045230 (0x00320213) addi tp, tp, 3
x4 <- 0x00000003


mem[X,0x80045234] -> 0x006F
mem[X,0x80045236] -> 0x0040
[6508] [M]: 0x80045234 (0x0040006F) jal zero, 4


mem[X,0x80045238] -> 0xA223
mem[X,0x8004523A] -> 0x2640
[6509] [M]: 0x80045238 (0x2640A223) sw tp, 612(ra)
mem[0x8004CBD8] <- 0x00000003


mem[X,0x8004523C] -> 0x0513
mem[X,0x8004523E] -> 0x0010
[6510] [M]: 0x8004523C (0x00100513) addi a0, zero, 1
x10 <- 0x00000001


mem[X,0x80045240] -> 0x65B7
mem[X,0x80045242] -> 0x6666
[6511] [M]: 0x80045240 (0x666665B7) lui a1, 419430
x11 <- 0x66666000


mem[X,0x80045244] -> 0x8593
mem[X,0x80045246] -> 0x6675
[6512] [M]: 0x80045244 (0x66758593) addi a1, a1, 1639
x11 <- 0x66666667


mem[X,0x80045248] -> 0x0213
mem[X,0x8004524A] -> 0x0000
[6513] [M]: 0x80045248 (0x00000213) addi tp, zero, 0
x4 <- 0x00000000


mem[X,0x8004524C] -> 0x006F
mem[X,0x8004524E] -> 0x00C0
[6514] [M]: 0x8004524C (0x00C0006F) jal zero, 12


mem[X,0x80045258] -> 0x6663
mem[X,0x8004525A] -> 0x00B5
[6515] [M]: 0x80045258 (0x00B56663) bltu a0, a1, 12


mem[X,0x80045264] -> 0x0213
mem[X,0x80045266] -> 0x0032
[6516] [M]: 0x80045264 (0x00320213) addi tp, tp, 3
x4 <- 0x00000003


mem[X,0x80045268] -> 0x006F
mem[X,0x8004526A] -> 0x0040
[6517] [M]: 0x80045268 (0x0040006F) jal zero, 4


mem[X,0x8004526C] -> 0xA423
mem[X,0x8004526E] -> 0x2640
[6518] [M]: 0x8004526C (0x2640A423) sw tp, 616(ra)
mem[0x8004CBDC] <- 0x00000003


mem[X,0x80045270] -> 0x0513
mem[X,0x80045272] -> 0x0010
[6519] [M]: 0x80045270 (0x00100513) addi a0, zero, 1
x10 <- 0x00000001


mem[X,0x80045274] -> 0xB5B7
mem[X,0x80045276] -> 0x0000
[6520] [M]: 0x80045274 (0x0000B5B7) lui a1, 11
x11 <- 0x0000B000


mem[X,0x80045278] -> 0x8593
mem[X,0x8004527A] -> 0x5055
[6521] [M]: 0x80045278 (0x50558593) addi a1, a1, 1285
x11 <- 0x0000B505


mem[X,0x8004527C] -> 0x0213
mem[X,0x8004527E] -> 0x0000
[6522] [M]: 0x8004527C (0x00000213) addi tp, zero, 0
x4 <- 0x00000000


mem[X,0x80045280] -> 0x006F
mem[X,0x80045282] -> 0x00C0
[6523] [M]: 0x80045280 (0x00C0006F) jal zero, 12


mem[X,0x8004528C] -> 0x6663
mem[X,0x8004528E] -> 0x00B5
[6524] [M]: 0x8004528C (0x00B56663) bltu a0, a1, 12


mem[X,0x80045298] -> 0x0213
mem[X,0x8004529A] -> 0x0032
[6525] [M]: 0x80045298 (0x00320213) addi tp, tp, 3
x4 <- 0x00000003


mem[X,0x8004529C] -> 0x006F
mem[X,0x8004529E] -> 0x0040
[6526] [M]: 0x8004529C (0x0040006F) jal zero, 4


mem[X,0x800452A0] -> 0xA623
mem[X,0x800452A2] -> 0x2640
[6527] [M]: 0x800452A0 (0x2640A623) sw tp, 620(ra)
mem[0x8004CBE0] <- 0x00000003


mem[X,0x800452A4] -> 0x0513
mem[X,0x800452A6] -> 0x0010
[6528] [M]: 0x800452A4 (0x00100513) addi a0, zero, 1
x10 <- 0x00000001


mem[X,0x800452A8] -> 0x0593
mem[X,0x800452AA] -> 0x0010
[6529] [M]: 0x800452A8 (0x00100593) addi a1, zero, 1
x11 <- 0x00000001


mem[X,0x800452AC] -> 0x0213
mem[X,0x800452AE] -> 0x0000
[6530] [M]: 0x800452AC (0x00000213) addi tp, zero, 0
x4 <- 0x00000000


mem[X,0x800452B0] -> 0x006F
mem[X,0x800452B2] -> 0x00C0
[6531] [M]: 0x800452B0 (0x00C0006F) jal zero, 12


mem[X,0x800452BC] -> 0x6063
mem[X,0x800452BE] -> 0x02B5
[6532] [M]: 0x800452BC (0x02B56063) bltu a0, a1, 32


mem[X,0x800452C0] -> 0x0213
mem[X,0x800452C2] -> 0x0022
[6533] [M]: 0x800452C0 (0x00220213) addi tp, tp, 2
x4 <- 0x00000002


mem[X,0x800452C4] -> 0x006F
mem[X,0x800452C6] -> 0x0200
[6534] [M]: 0x800452C4 (0x0200006F) jal zero, 32


mem[X,0x800452E4] -> 0xA823
mem[X,0x800452E6] -> 0x2640
[6535] [M]: 0x800452E4 (0x2640A823) sw tp, 624(ra)
mem[0x8004CBE4] <- 0x00000002


mem[X,0x800452E8] -> 0x0513
mem[X,0x800452EA] -> 0x0010
[6536] [M]: 0x800452E8 (0x00100513) addi a0, zero, 1
x10 <- 0x00000001


mem[X,0x800452EC] -> 0x05B7
mem[X,0x800452EE] -> 0x0001
[6537] [M]: 0x800452EC (0x000105B7) lui a1, 16
x11 <- 0x00010000


mem[X,0x800452F0] -> 0x0213
mem[X,0x800452F2] -> 0x0000
[6538] [M]: 0x800452F0 (0x00000213) addi tp, zero, 0
x4 <- 0x00000000


mem[X,0x800452F4] -> 0x006F
mem[X,0x800452F6] -> 0x00C0
[6539] [M]: 0x800452F4 (0x00C0006F) jal zero, 12


mem[X,0x80045300] -> 0x6063
mem[X,0x80045302] -> 0x40B5
[6540] [M]: 0x80045300 (0x40B56063) bltu a0, a1, 1024


mem[X,0x80045700] -> 0x0213
mem[X,0x80045702] -> 0x0032
[6541] [M]: 0x80045700 (0x00320213) addi tp, tp, 3
x4 <- 0x00000003


mem[X,0x80045704] -> 0x006F
mem[X,0x80045706] -> 0x0040
[6542] [M]: 0x80045704 (0x0040006F) jal zero, 4


mem[X,0x80045708] -> 0xAA23
mem[X,0x8004570A] -> 0x2640
[6543] [M]: 0x80045708 (0x2640AA23) sw tp, 628(ra)
mem[0x8004CBE8] <- 0x00000003


mem[X,0x8004570C] -> 0x0537
mem[X,0x8004570E] -> 0x0001
[6544] [M]: 0x8004570C (0x00010537) lui a0, 16
x10 <- 0x00010000


mem[X,0x80045710] -> 0x0593
mem[X,0x80045712] -> 0x0030
[6545] [M]: 0x80045710 (0x00300593) addi a1, zero, 3
x11 <- 0x00000003


mem[X,0x80045714] -> 0x0213
mem[X,0x80045716] -> 0x0000
[6546] [M]: 0x80045714 (0x00000213) addi tp, zero, 0
x4 <- 0x00000000


mem[X,0x80045718] -> 0x006F
mem[X,0x8004571A] -> 0x00C0
[6547] [M]: 0x80045718 (0x00C0006F) jal zero, 12


mem[X,0x80045724] -> 0x6063
mem[X,0x80045726] -> 0x20B5
[6548] [M]: 0x80045724 (0x20B56063) bltu a0, a1, 512


mem[X,0x80045728] -> 0x0213
mem[X,0x8004572A] -> 0x0022
[6549] [M]: 0x80045728 (0x00220213) addi tp, tp, 2
x4 <- 0x00000002


mem[X,0x8004572C] -> 0x006F
mem[X,0x8004572E] -> 0x2000
[6550] [M]: 0x8004572C (0x2000006F) jal zero, 512


mem[X,0x8004592C] -> 0xAC23
mem[X,0x8004592E] -> 0x2640
[6551] [M]: 0x8004592C (0x2640AC23) sw tp, 632(ra)
mem[0x8004CBEC] <- 0x00000002


mem[X,0x80045930] -> 0x0537
mem[X,0x80045932] -> 0x0001
[6552] [M]: 0x80045930 (0x00010537) lui a0, 16
x10 <- 0x00010000


mem[X,0x80045934] -> 0x55B7
mem[X,0x80045936] -> 0x5555
[6553] [M]: 0x80045934 (0x555555B7) lui a1, 349525
x11 <- 0x55555000


mem[X,0x80045938] -> 0x8593
mem[X,0x8004593A] -> 0x5555
[6554] [M]: 0x80045938 (0x55558593) addi a1, a1, 1365
x11 <- 0x55555555


mem[X,0x8004593C] -> 0x0213
mem[X,0x8004593E] -> 0x0000
[6555] [M]: 0x8004593C (0x00000213) addi tp, zero, 0
x4 <- 0x00000000


mem[X,0x80045940] -> 0x006F
mem[X,0x80045942] -> 0x00C0
[6556] [M]: 0x80045940 (0x00C0006F) jal zero, 12


mem[X,0x8004594C] -> 0x6063
mem[X,0x8004594E] -> 0x02B5
[6557] [M]: 0x8004594C (0x02B56063) bltu a0, a1, 32


mem[X,0x8004596C] -> 0x0213
mem[X,0x8004596E] -> 0x0032
[6558] [M]: 0x8004596C (0x00320213) addi tp, tp, 3
x4 <- 0x00000003


mem[X,0x80045970] -> 0x006F
mem[X,0x80045972] -> 0x0040
[6559] [M]: 0x80045970 (0x0040006F) jal zero, 4


mem[X,0x80045974] -> 0xAE23
mem[X,0x80045976] -> 0x2640
[6560] [M]: 0x80045974 (0x2640AE23) sw tp, 636(ra)
mem[0x8004CBF0] <- 0x00000003


mem[X,0x80045978] -> 0x0537
mem[X,0x8004597A] -> 0x0001
[6561] [M]: 0x80045978 (0x00010537) lui a0, 16
x10 <- 0x00010000


mem[X,0x8004597C] -> 0xB5B7
mem[X,0x8004597E] -> 0xAAAA
[6562] [M]: 0x8004597C (0xAAAAB5B7) lui a1, 699051
x11 <- 0xAAAAB000


mem[X,0x80045980] -> 0x8593
mem[X,0x80045982] -> 0xAAA5
[6563] [M]: 0x80045980 (0xAAA58593) addi a1, a1, 2730
x11 <- 0xAAAAAAAA


mem[X,0x80045984] -> 0x0213
mem[X,0x80045986] -> 0x0000
[6564] [M]: 0x80045984 (0x00000213) addi tp, zero, 0
x4 <- 0x00000000


mem[X,0x80045988] -> 0x006F
mem[X,0x8004598A] -> 0x0140
[6565] [M]: 0x80045988 (0x0140006F) jal zero, 20


mem[X,0x8004599C] -> 0x68E3
mem[X,0x8004599E] -> 0xFEB5
[6566] [M]: 0x8004599C (0xFEB568E3) bltu a0, a1, 8176


mem[X,0x8004598C] -> 0x0213
mem[X,0x8004598E] -> 0x0012
[6567] [M]: 0x8004598C (0x00120213) addi tp, tp, 1
x4 <- 0x00000001


mem[X,0x80045990] -> 0x006F
mem[X,0x80045992] -> 0x0200
[6568] [M]: 0x80045990 (0x0200006F) jal zero, 32


mem[X,0x800459B0] -> 0xA023
mem[X,0x800459B2] -> 0x2840
[6569] [M]: 0x800459B0 (0x2840A023) sw tp, 640(ra)
mem[0x8004CBF4] <- 0x00000001


mem[X,0x800459B4] -> 0x0537
mem[X,0x800459B6] -> 0x0001
[6570] [M]: 0x800459B4 (0x00010537) lui a0, 16
x10 <- 0x00010000


mem[X,0x800459B8] -> 0x0593
mem[X,0x800459BA] -> 0x0050
[6571] [M]: 0x800459B8 (0x00500593) addi a1, zero, 5
x11 <- 0x00000005


mem[X,0x800459BC] -> 0x0213
mem[X,0x800459BE] -> 0x0000
[6572] [M]: 0x800459BC (0x00000213) addi tp, zero, 0
x4 <- 0x00000000


mem[X,0x800459C0] -> 0x006F
mem[X,0x800459C2] -> 0x00C0
[6573] [M]: 0x800459C0 (0x00C0006F) jal zero, 12


mem[X,0x800459CC] -> 0x6063
mem[X,0x800459CE] -> 0x04B5
[6574] [M]: 0x800459CC (0x04B56063) bltu a0, a1, 64


mem[X,0x800459D0] -> 0x0213
mem[X,0x800459D2] -> 0x0022
[6575] [M]: 0x800459D0 (0x00220213) addi tp, tp, 2
x4 <- 0x00000002


mem[X,0x800459D4] -> 0x006F
mem[X,0x800459D6] -> 0x0400
[6576] [M]: 0x800459D4 (0x0400006F) jal zero, 64


mem[X,0x80045A14] -> 0xA223
mem[X,0x80045A16] -> 0x2840
[6577] [M]: 0x80045A14 (0x2840A223) sw tp, 644(ra)
mem[0x8004CBF8] <- 0x00000002


mem[X,0x80045A18] -> 0x0537
mem[X,0x80045A1A] -> 0x0001
[6578] [M]: 0x80045A18 (0x00010537) lui a0, 16
x10 <- 0x00010000


mem[X,0x80045A1C] -> 0x35B7
mem[X,0x80045A1E] -> 0x3333
[6579] [M]: 0x80045A1C (0x333335B7) lui a1, 209715
x11 <- 0x33333000


mem[X,0x80045A20] -> 0x8593
mem[X,0x80045A22] -> 0x3335
[6580] [M]: 0x80045A20 (0x33358593) addi a1, a1, 819
x11 <- 0x33333333


mem[X,0x80045A24] -> 0x0213
mem[X,0x80045A26] -> 0x0000
[6581] [M]: 0x80045A24 (0x00000213) addi tp, zero, 0
x4 <- 0x00000000


mem[X,0x80045A28] -> 0x006F
mem[X,0x80045A2A] -> 0x0050
[6582] [M]: 0x80045A28 (0x0050006F) jal zero, 2052


mem[X,0x8004622C] -> 0x60E3
mem[X,0x8004622E] -> 0x80B5
[6583] [M]: 0x8004622C (0x80B560E3) bltu a0, a1, 6144


mem[X,0x80045A2C] -> 0x0213
mem[X,0x80045A2E] -> 0x0012
[6584] [M]: 0x80045A2C (0x00120213) addi tp, tp, 1
x4 <- 0x00000001


mem[X,0x80045A30] -> 0x006F
mem[X,0x80045A32] -> 0x0110
[6585] [M]: 0x80045A30 (0x0110006F) jal zero, 2064


mem[X,0x80046240] -> 0xA423
mem[X,0x80046242] -> 0x2840
[6586] [M]: 0x80046240 (0x2840A423) sw tp, 648(ra)
mem[0x8004CBFC] <- 0x00000001


mem[X,0x80046244] -> 0x0537
mem[X,0x80046246] -> 0x0001
[6587] [M]: 0x80046244 (0x00010537) lui a0, 16
x10 <- 0x00010000


mem[X,0x80046248] -> 0x65B7
mem[X,0x8004624A] -> 0x6666
[6588] [M]: 0x80046248 (0x666665B7) lui a1, 419430
x11 <- 0x66666000


mem[X,0x8004624C] -> 0x8593
mem[X,0x8004624E] -> 0x6665
[6589] [M]: 0x8004624C (0x66658593) addi a1, a1, 1638
x11 <- 0x66666666


mem[X,0x80046250] -> 0x0213
mem[X,0x80046252] -> 0x0000
[6590] [M]: 0x80046250 (0x00000213) addi tp, zero, 0
x4 <- 0x00000000


mem[X,0x80046254] -> 0x006F
mem[X,0x80046256] -> 0x00C0
[6591] [M]: 0x80046254 (0x00C0006F) jal zero, 12


mem[X,0x80046260] -> 0x6063
mem[X,0x80046262] -> 0x40B5
[6592] [M]: 0x80046260 (0x40B56063) bltu a0, a1, 1024


mem[X,0x80046660] -> 0x0213
mem[X,0x80046662] -> 0x0032
[6593] [M]: 0x80046660 (0x00320213) addi tp, tp, 3
x4 <- 0x00000003


mem[X,0x80046664] -> 0x006F
mem[X,0x80046666] -> 0x0040
[6594] [M]: 0x80046664 (0x0040006F) jal zero, 4


mem[X,0x80046668] -> 0xA623
mem[X,0x8004666A] -> 0x2840
[6595] [M]: 0x80046668 (0x2840A623) sw tp, 652(ra)
mem[0x8004CC00] <- 0x00000003


mem[X,0x8004666C] -> 0x0537
mem[X,0x8004666E] -> 0x0001
[6596] [M]: 0x8004666C (0x00010537) lui a0, 16
x10 <- 0x00010000


mem[X,0x80046670] -> 0xB5B7
mem[X,0x80046672] -> 0x0000
[6597] [M]: 0x80046670 (0x0000B5B7) lui a1, 11
x11 <- 0x0000B000


mem[X,0x80046674] -> 0x8593
mem[X,0x80046676] -> 0x5045
[6598] [M]: 0x80046674 (0x50458593) addi a1, a1, 1284
x11 <- 0x0000B504


mem[X,0x80046678] -> 0x0213
mem[X,0x8004667A] -> 0x0000
[6599] [M]: 0x80046678 (0x00000213) addi tp, zero, 0
x4 <- 0x00000000


clint::tick mtime <- 0x0000000000000042
 clint timer pending at mtime 0x0000000000000042
htif::tick 0x0000000000000000
mem[X,0x8004667C] -> 0x006F
mem[X,0x8004667E] -> 0x00C0
[6600] [M]: 0x8004667C (0x00C0006F) jal zero, 12


mem[X,0x80046688] -> 0x6063
mem[X,0x8004668A] -> 0x40B5
[6601] [M]: 0x80046688 (0x40B56063) bltu a0, a1, 1024


mem[X,0x8004668C] -> 0x0213
mem[X,0x8004668E] -> 0x0022
[6602] [M]: 0x8004668C (0x00220213) addi tp, tp, 2
x4 <- 0x00000002


mem[X,0x80046690] -> 0x006F
mem[X,0x80046692] -> 0x4000
[6603] [M]: 0x80046690 (0x4000006F) jal zero, 1024


mem[X,0x80046A90] -> 0xA823
mem[X,0x80046A92] -> 0x2840
[6604] [M]: 0x80046A90 (0x2840A823) sw tp, 656(ra)
mem[0x8004CC04] <- 0x00000002


mem[X,0x80046A94] -> 0x0537
mem[X,0x80046A96] -> 0x0001
[6605] [M]: 0x80046A94 (0x00010537) lui a0, 16
x10 <- 0x00010000


mem[X,0x80046A98] -> 0x0593
mem[X,0x80046A9A] -> 0x0000
[6606] [M]: 0x80046A98 (0x00000593) addi a1, zero, 0
x11 <- 0x00000000


mem[X,0x80046A9C] -> 0x0213
mem[X,0x80046A9E] -> 0x0000
[6607] [M]: 0x80046A9C (0x00000213) addi tp, zero, 0
x4 <- 0x00000000


mem[X,0x80046AA0] -> 0x006F
mem[X,0x80046AA2] -> 0x00C0
[6608] [M]: 0x80046AA0 (0x00C0006F) jal zero, 12


mem[X,0x80046AAC] -> 0x6063
mem[X,0x80046AAE] -> 0x08B5
[6609] [M]: 0x80046AAC (0x08B56063) bltu a0, a1, 128


mem[X,0x80046AB0] -> 0x0213
mem[X,0x80046AB2] -> 0x0022
[6610] [M]: 0x80046AB0 (0x00220213) addi tp, tp, 2
x4 <- 0x00000002


mem[X,0x80046AB4] -> 0x006F
mem[X,0x80046AB6] -> 0x0800
[6611] [M]: 0x80046AB4 (0x0800006F) jal zero, 128


mem[X,0x80046B34] -> 0xAA23
mem[X,0x80046B36] -> 0x2840
[6612] [M]: 0x80046B34 (0x2840AA23) sw tp, 660(ra)
mem[0x8004CC08] <- 0x00000002


mem[X,0x80046B38] -> 0x0537
mem[X,0x80046B3A] -> 0x0001
[6613] [M]: 0x80046B38 (0x00010537) lui a0, 16
x10 <- 0x00010000


mem[X,0x80046B3C] -> 0x05B7
mem[X,0x80046B3E] -> 0x0001
[6614] [M]: 0x80046B3C (0x000105B7) lui a1, 16
x11 <- 0x00010000


mem[X,0x80046B40] -> 0x8593
mem[X,0x80046B42] -> 0xFFF5
[6615] [M]: 0x80046B40 (0xFFF58593) addi a1, a1, 4095
x11 <- 0x0000FFFF


mem[X,0x80046B44] -> 0x0213
mem[X,0x80046B46] -> 0x0000
[6616] [M]: 0x80046B44 (0x00000213) addi tp, zero, 0
x4 <- 0x00000000


mem[X,0x80046B48] -> 0x006F
mem[X,0x80046B4A] -> 0x00C0
[6617] [M]: 0x80046B48 (0x00C0006F) jal zero, 12


mem[X,0x80046B54] -> 0x6CE3
mem[X,0x80046B56] -> 0xFEB5
[6618] [M]: 0x80046B54 (0xFEB56CE3) bltu a0, a1, 8184


mem[X,0x80046B58] -> 0x0213
mem[X,0x80046B5A] -> 0x0022
[6619] [M]: 0x80046B58 (0x00220213) addi tp, tp, 2
x4 <- 0x00000002


mem[X,0x80046B5C] -> 0x006F
mem[X,0x80046B5E] -> 0x00C0
[6620] [M]: 0x80046B5C (0x00C0006F) jal zero, 12


mem[X,0x80046B68] -> 0xAC23
mem[X,0x80046B6A] -> 0x2840
[6621] [M]: 0x80046B68 (0x2840AC23) sw tp, 664(ra)
mem[0x8004CC0C] <- 0x00000002


mem[X,0x80046B6C] -> 0x0537
mem[X,0x80046B6E] -> 0x0001
[6622] [M]: 0x80046B6C (0x00010537) lui a0, 16
x10 <- 0x00010000


mem[X,0x80046B70] -> 0x0593
mem[X,0x80046B72] -> 0x0020
[6623] [M]: 0x80046B70 (0x00200593) addi a1, zero, 2
x11 <- 0x00000002


mem[X,0x80046B74] -> 0x0213
mem[X,0x80046B76] -> 0x0000
[6624] [M]: 0x80046B74 (0x00000213) addi tp, zero, 0
x4 <- 0x00000000


mem[X,0x80046B78] -> 0x006F
mem[X,0x80046B7A] -> 0x00C0
[6625] [M]: 0x80046B78 (0x00C0006F) jal zero, 12


mem[X,0x80046B84] -> 0x6663
mem[X,0x80046B86] -> 0x00B5
[6626] [M]: 0x80046B84 (0x00B56663) bltu a0, a1, 12


mem[X,0x80046B88] -> 0x0213
mem[X,0x80046B8A] -> 0x0022
[6627] [M]: 0x80046B88 (0x00220213) addi tp, tp, 2
x4 <- 0x00000002


mem[X,0x80046B8C] -> 0x006F
mem[X,0x80046B8E] -> 0x00C0
[6628] [M]: 0x80046B8C (0x00C0006F) jal zero, 12


mem[X,0x80046B98] -> 0xAE23
mem[X,0x80046B9A] -> 0x2840
[6629] [M]: 0x80046B98 (0x2840AE23) sw tp, 668(ra)
mem[0x8004CC10] <- 0x00000002


mem[X,0x80046B9C] -> 0x0537
mem[X,0x80046B9E] -> 0x0001
[6630] [M]: 0x80046B9C (0x00010537) lui a0, 16
x10 <- 0x00010000


mem[X,0x80046BA0] -> 0x55B7
mem[X,0x80046BA2] -> 0x5555
[6631] [M]: 0x80046BA0 (0x555555B7) lui a1, 349525
x11 <- 0x55555000


mem[X,0x80046BA4] -> 0x8593
mem[X,0x80046BA6] -> 0x5545
[6632] [M]: 0x80046BA4 (0x55458593) addi a1, a1, 1364
x11 <- 0x55555554


mem[X,0x80046BA8] -> 0x0213
mem[X,0x80046BAA] -> 0x0000
[6633] [M]: 0x80046BA8 (0x00000213) addi tp, zero, 0
x4 <- 0x00000000


mem[X,0x80046BAC] -> 0x006F
mem[X,0x80046BAE] -> 0x00C0
[6634] [M]: 0x80046BAC (0x00C0006F) jal zero, 12


mem[X,0x80046BB8] -> 0x6663
mem[X,0x80046BBA] -> 0x00B5
[6635] [M]: 0x80046BB8 (0x00B56663) bltu a0, a1, 12


mem[X,0x80046BC4] -> 0x0213
mem[X,0x80046BC6] -> 0x0032
[6636] [M]: 0x80046BC4 (0x00320213) addi tp, tp, 3
x4 <- 0x00000003


mem[X,0x80046BC8] -> 0x006F
mem[X,0x80046BCA] -> 0x0040
[6637] [M]: 0x80046BC8 (0x0040006F) jal zero, 4


mem[X,0x80046BCC] -> 0xA023
mem[X,0x80046BCE] -> 0x2A40
[6638] [M]: 0x80046BCC (0x2A40A023) sw tp, 672(ra)
mem[0x8004CC14] <- 0x00000003


mem[X,0x80046BD0] -> 0x0537
mem[X,0x80046BD2] -> 0x0001
[6639] [M]: 0x80046BD0 (0x00010537) lui a0, 16
x10 <- 0x00010000


mem[X,0x80046BD4] -> 0xB5B7
mem[X,0x80046BD6] -> 0xAAAA
[6640] [M]: 0x80046BD4 (0xAAAAB5B7) lui a1, 699051
x11 <- 0xAAAAB000


mem[X,0x80046BD8] -> 0x8593
mem[X,0x80046BDA] -> 0xAA95
[6641] [M]: 0x80046BD8 (0xAA958593) addi a1, a1, 2729
x11 <- 0xAAAAAAA9


mem[X,0x80046BDC] -> 0x0213
mem[X,0x80046BDE] -> 0x0000
[6642] [M]: 0x80046BDC (0x00000213) addi tp, zero, 0
x4 <- 0x00000000


mem[X,0x80046BE0] -> 0x006F
mem[X,0x80046BE2] -> 0x00C0
[6643] [M]: 0x80046BE0 (0x00C0006F) jal zero, 12


mem[X,0x80046BEC] -> 0x6663
mem[X,0x80046BEE] -> 0x00B5
[6644] [M]: 0x80046BEC (0x00B56663) bltu a0, a1, 12


mem[X,0x80046BF8] -> 0x0213
mem[X,0x80046BFA] -> 0x0032
[6645] [M]: 0x80046BF8 (0x00320213) addi tp, tp, 3
x4 <- 0x00000003


mem[X,0x80046BFC] -> 0x006F
mem[X,0x80046BFE] -> 0x0040
[6646] [M]: 0x80046BFC (0x0040006F) jal zero, 4


mem[X,0x80046C00] -> 0xA223
mem[X,0x80046C02] -> 0x2A40
[6647] [M]: 0x80046C00 (0x2A40A223) sw tp, 676(ra)
mem[0x8004CC18] <- 0x00000003


mem[X,0x80046C04] -> 0x0537
mem[X,0x80046C06] -> 0x0001
[6648] [M]: 0x80046C04 (0x00010537) lui a0, 16
x10 <- 0x00010000


mem[X,0x80046C08] -> 0x0593
mem[X,0x80046C0A] -> 0x0040
[6649] [M]: 0x80046C08 (0x00400593) addi a1, zero, 4
x11 <- 0x00000004


mem[X,0x80046C0C] -> 0x0213
mem[X,0x80046C0E] -> 0x0000
[6650] [M]: 0x80046C0C (0x00000213) addi tp, zero, 0
x4 <- 0x00000000


mem[X,0x80046C10] -> 0x006F
mem[X,0x80046C12] -> 0x0050
[6651] [M]: 0x80046C10 (0x0050006F) jal zero, 2052


mem[X,0x80047414] -> 0x60E3
mem[X,0x80047416] -> 0x80B5
[6652] [M]: 0x80047414 (0x80B560E3) bltu a0, a1, 6144


mem[X,0x80047418] -> 0x0213
mem[X,0x8004741A] -> 0x0022
[6653] [M]: 0x80047418 (0x00220213) addi tp, tp, 2
x4 <- 0x00000002


mem[X,0x8004741C] -> 0x006F
mem[X,0x8004741E] -> 0x00C0
[6654] [M]: 0x8004741C (0x00C0006F) jal zero, 12


mem[X,0x80047428] -> 0xA423
mem[X,0x8004742A] -> 0x2A40
[6655] [M]: 0x80047428 (0x2A40A423) sw tp, 680(ra)
mem[0x8004CC1C] <- 0x00000002


mem[X,0x8004742C] -> 0x0537
mem[X,0x8004742E] -> 0x0001
[6656] [M]: 0x8004742C (0x00010537) lui a0, 16
x10 <- 0x00010000


mem[X,0x80047430] -> 0x35B7
mem[X,0x80047432] -> 0x3333
[6657] [M]: 0x80047430 (0x333335B7) lui a1, 209715
x11 <- 0x33333000


mem[X,0x80047434] -> 0x8593
mem[X,0x80047436] -> 0x3325
[6658] [M]: 0x80047434 (0x33258593) addi a1, a1, 818
x11 <- 0x33333332


mem[X,0x80047438] -> 0x0213
mem[X,0x8004743A] -> 0x0000
[6659] [M]: 0x80047438 (0x00000213) addi tp, zero, 0
x4 <- 0x00000000


mem[X,0x8004743C] -> 0x006F
mem[X,0x8004743E] -> 0x00C0
[6660] [M]: 0x8004743C (0x00C0006F) jal zero, 12


mem[X,0x80047448] -> 0x6663
mem[X,0x8004744A] -> 0x00B5
[6661] [M]: 0x80047448 (0x00B56663) bltu a0, a1, 12


mem[X,0x80047454] -> 0x0213
mem[X,0x80047456] -> 0x0032
[6662] [M]: 0x80047454 (0x00320213) addi tp, tp, 3
x4 <- 0x00000003


mem[X,0x80047458] -> 0x006F
mem[X,0x8004745A] -> 0x0040
[6663] [M]: 0x80047458 (0x0040006F) jal zero, 4


mem[X,0x8004745C] -> 0xA623
mem[X,0x8004745E] -> 0x2A40
[6664] [M]: 0x8004745C (0x2A40A623) sw tp, 684(ra)
mem[0x8004CC20] <- 0x00000003


mem[X,0x80047460] -> 0x0537
mem[X,0x80047462] -> 0x0001
[6665] [M]: 0x80047460 (0x00010537) lui a0, 16
x10 <- 0x00010000


mem[X,0x80047464] -> 0x65B7
mem[X,0x80047466] -> 0x6666
[6666] [M]: 0x80047464 (0x666665B7) lui a1, 419430
x11 <- 0x66666000


mem[X,0x80047468] -> 0x8593
mem[X,0x8004746A] -> 0x6655
[6667] [M]: 0x80047468 (0x66558593) addi a1, a1, 1637
x11 <- 0x66666665


mem[X,0x8004746C] -> 0x0213
mem[X,0x8004746E] -> 0x0000
[6668] [M]: 0x8004746C (0x00000213) addi tp, zero, 0
x4 <- 0x00000000


mem[X,0x80047470] -> 0x006F
mem[X,0x80047472] -> 0x00C0
[6669] [M]: 0x80047470 (0x00C0006F) jal zero, 12


mem[X,0x8004747C] -> 0x6063
mem[X,0x8004747E] -> 0x20B5
[6670] [M]: 0x8004747C (0x20B56063) bltu a0, a1, 512


mem[X,0x8004767C] -> 0x0213
mem[X,0x8004767E] -> 0x0032
[6671] [M]: 0x8004767C (0x00320213) addi tp, tp, 3
x4 <- 0x00000003


mem[X,0x80047680] -> 0x006F
mem[X,0x80047682] -> 0x0040
[6672] [M]: 0x80047680 (0x0040006F) jal zero, 4


mem[X,0x80047684] -> 0xA823
mem[X,0x80047686] -> 0x2A40
[6673] [M]: 0x80047684 (0x2A40A823) sw tp, 688(ra)
mem[0x8004CC24] <- 0x00000003


mem[X,0x80047688] -> 0x0537
mem[X,0x8004768A] -> 0x0001
[6674] [M]: 0x80047688 (0x00010537) lui a0, 16
x10 <- 0x00010000


mem[X,0x8004768C] -> 0xB5B7
mem[X,0x8004768E] -> 0x0000
[6675] [M]: 0x8004768C (0x0000B5B7) lui a1, 11
x11 <- 0x0000B000


mem[X,0x80047690] -> 0x8593
mem[X,0x80047692] -> 0x5035
[6676] [M]: 0x80047690 (0x50358593) addi a1, a1, 1283
x11 <- 0x0000B503


mem[X,0x80047694] -> 0x0213
mem[X,0x80047696] -> 0x0000
[6677] [M]: 0x80047694 (0x00000213) addi tp, zero, 0
x4 <- 0x00000000


mem[X,0x80047698] -> 0x006F
mem[X,0x8004769A] -> 0x00C0
[6678] [M]: 0x80047698 (0x00C0006F) jal zero, 12


mem[X,0x800476A4] -> 0x6063
mem[X,0x800476A6] -> 0x40B5
[6679] [M]: 0x800476A4 (0x40B56063) bltu a0, a1, 1024


mem[X,0x800476A8] -> 0x0213
mem[X,0x800476AA] -> 0x0022
[6680] [M]: 0x800476A8 (0x00220213) addi tp, tp, 2
x4 <- 0x00000002


mem[X,0x800476AC] -> 0x006F
mem[X,0x800476AE] -> 0x4000
[6681] [M]: 0x800476AC (0x4000006F) jal zero, 1024


mem[X,0x80047AAC] -> 0xAA23
mem[X,0x80047AAE] -> 0x2A40
[6682] [M]: 0x80047AAC (0x2A40AA23) sw tp, 692(ra)
mem[0x8004CC28] <- 0x00000002


mem[X,0x80047AB0] -> 0x0537
mem[X,0x80047AB2] -> 0x0001
[6683] [M]: 0x80047AB0 (0x00010537) lui a0, 16
x10 <- 0x00010000


mem[X,0x80047AB4] -> 0x05B7
mem[X,0x80047AB6] -> 0x0001
[6684] [M]: 0x80047AB4 (0x000105B7) lui a1, 16
x11 <- 0x00010000


mem[X,0x80047AB8] -> 0x8593
mem[X,0x80047ABA] -> 0xFFE5
[6685] [M]: 0x80047AB8 (0xFFE58593) addi a1, a1, 4094
x11 <- 0x0000FFFE


mem[X,0x80047ABC] -> 0x0213
mem[X,0x80047ABE] -> 0x0000
[6686] [M]: 0x80047ABC (0x00000213) addi tp, zero, 0
x4 <- 0x00000000


mem[X,0x80047AC0] -> 0x006F
mem[X,0x80047AC2] -> 0x00C0
[6687] [M]: 0x80047AC0 (0x00C0006F) jal zero, 12


mem[X,0x80047ACC] -> 0x6063
mem[X,0x80047ACE] -> 0x02B5
[6688] [M]: 0x80047ACC (0x02B56063) bltu a0, a1, 32


mem[X,0x80047AD0] -> 0x0213
mem[X,0x80047AD2] -> 0x0022
[6689] [M]: 0x80047AD0 (0x00220213) addi tp, tp, 2
x4 <- 0x00000002


mem[X,0x80047AD4] -> 0x006F
mem[X,0x80047AD6] -> 0x0200
[6690] [M]: 0x80047AD4 (0x0200006F) jal zero, 32


mem[X,0x80047AF4] -> 0xAC23
mem[X,0x80047AF6] -> 0x2A40
[6691] [M]: 0x80047AF4 (0x2A40AC23) sw tp, 696(ra)
mem[0x8004CC2C] <- 0x00000002


mem[X,0x80047AF8] -> 0x0537
mem[X,0x80047AFA] -> 0x0001
[6692] [M]: 0x80047AF8 (0x00010537) lui a0, 16
x10 <- 0x00010000


mem[X,0x80047AFC] -> 0x55B7
mem[X,0x80047AFE] -> 0x5555
[6693] [M]: 0x80047AFC (0x555555B7) lui a1, 349525
x11 <- 0x55555000


mem[X,0x80047B00] -> 0x8593
mem[X,0x80047B02] -> 0x5565
[6694] [M]: 0x80047B00 (0x55658593) addi a1, a1, 1366
x11 <- 0x55555556


mem[X,0x80047B04] -> 0x0213
mem[X,0x80047B06] -> 0x0000
[6695] [M]: 0x80047B04 (0x00000213) addi tp, zero, 0
x4 <- 0x00000000


mem[X,0x80047B08] -> 0x006F
mem[X,0x80047B0A] -> 0x00C0
[6696] [M]: 0x80047B08 (0x00C0006F) jal zero, 12


mem[X,0x80047B14] -> 0x6063
mem[X,0x80047B16] -> 0x02B5
[6697] [M]: 0x80047B14 (0x02B56063) bltu a0, a1, 32


mem[X,0x80047B34] -> 0x0213
mem[X,0x80047B36] -> 0x0032
[6698] [M]: 0x80047B34 (0x00320213) addi tp, tp, 3
x4 <- 0x00000003


mem[X,0x80047B38] -> 0x006F
mem[X,0x80047B3A] -> 0x0040
[6699] [M]: 0x80047B38 (0x0040006F) jal zero, 4


clint::tick mtime <- 0x0000000000000043
 clint timer pending at mtime 0x0000000000000043
htif::tick 0x0000000000000000
mem[X,0x80047B3C] -> 0xAE23
mem[X,0x80047B3E] -> 0x2A40
[6700] [M]: 0x80047B3C (0x2A40AE23) sw tp, 700(ra)
mem[0x8004CC30] <- 0x00000003


mem[X,0x80047B40] -> 0x0537
mem[X,0x80047B42] -> 0x0001
[6701] [M]: 0x80047B40 (0x00010537) lui a0, 16
x10 <- 0x00010000


mem[X,0x80047B44] -> 0xB5B7
mem[X,0x80047B46] -> 0xAAAA
[6702] [M]: 0x80047B44 (0xAAAAB5B7) lui a1, 699051
x11 <- 0xAAAAB000


mem[X,0x80047B48] -> 0x8593
mem[X,0x80047B4A] -> 0xAAB5
[6703] [M]: 0x80047B48 (0xAAB58593) addi a1, a1, 2731
x11 <- 0xAAAAAAAB


mem[X,0x80047B4C] -> 0x0213
mem[X,0x80047B4E] -> 0x0000
[6704] [M]: 0x80047B4C (0x00000213) addi tp, zero, 0
x4 <- 0x00000000


mem[X,0x80047B50] -> 0x006F
mem[X,0x80047B52] -> 0x00C0
[6705] [M]: 0x80047B50 (0x00C0006F) jal zero, 12


mem[X,0x80047B5C] -> 0x6663
mem[X,0x80047B5E] -> 0x00B5
[6706] [M]: 0x80047B5C (0x00B56663) bltu a0, a1, 12


mem[X,0x80047B68] -> 0x0213
mem[X,0x80047B6A] -> 0x0032
[6707] [M]: 0x80047B68 (0x00320213) addi tp, tp, 3
x4 <- 0x00000003


mem[X,0x80047B6C] -> 0x006F
mem[X,0x80047B6E] -> 0x0040
[6708] [M]: 0x80047B6C (0x0040006F) jal zero, 4


mem[X,0x80047B70] -> 0xA023
mem[X,0x80047B72] -> 0x2C40
[6709] [M]: 0x80047B70 (0x2C40A023) sw tp, 704(ra)
mem[0x8004CC34] <- 0x00000003


mem[X,0x80047B74] -> 0x0537
mem[X,0x80047B76] -> 0x0001
[6710] [M]: 0x80047B74 (0x00010537) lui a0, 16
x10 <- 0x00010000


mem[X,0x80047B78] -> 0x0593
mem[X,0x80047B7A] -> 0x0060
[6711] [M]: 0x80047B78 (0x00600593) addi a1, zero, 6
x11 <- 0x00000006


mem[X,0x80047B7C] -> 0x0213
mem[X,0x80047B7E] -> 0x0000
[6712] [M]: 0x80047B7C (0x00000213) addi tp, zero, 0
x4 <- 0x00000000


mem[X,0x80047B80] -> 0x006F
mem[X,0x80047B82] -> 0x00C0
[6713] [M]: 0x80047B80 (0x00C0006F) jal zero, 12


mem[X,0x80047B8C] -> 0x6063
mem[X,0x80047B8E] -> 0x10B5
[6714] [M]: 0x80047B8C (0x10B56063) bltu a0, a1, 256


mem[X,0x80047B90] -> 0x0213
mem[X,0x80047B92] -> 0x0022
[6715] [M]: 0x80047B90 (0x00220213) addi tp, tp, 2
x4 <- 0x00000002


mem[X,0x80047B94] -> 0x006F
mem[X,0x80047B96] -> 0x1000
[6716] [M]: 0x80047B94 (0x1000006F) jal zero, 256


mem[X,0x80047C94] -> 0xA223
mem[X,0x80047C96] -> 0x2C40
[6717] [M]: 0x80047C94 (0x2C40A223) sw tp, 708(ra)
mem[0x8004CC38] <- 0x00000002


mem[X,0x80047C98] -> 0x0537
mem[X,0x80047C9A] -> 0x0001
[6718] [M]: 0x80047C98 (0x00010537) lui a0, 16
x10 <- 0x00010000


mem[X,0x80047C9C] -> 0x35B7
mem[X,0x80047C9E] -> 0x3333
[6719] [M]: 0x80047C9C (0x333335B7) lui a1, 209715
x11 <- 0x33333000


mem[X,0x80047CA0] -> 0x8593
mem[X,0x80047CA2] -> 0x3345
[6720] [M]: 0x80047CA0 (0x33458593) addi a1, a1, 820
x11 <- 0x33333334


mem[X,0x80047CA4] -> 0x0213
mem[X,0x80047CA6] -> 0x0000
[6721] [M]: 0x80047CA4 (0x00000213) addi tp, zero, 0
x4 <- 0x00000000


mem[X,0x80047CA8] -> 0x006F
mem[X,0x80047CAA] -> 0x0180
[6722] [M]: 0x80047CA8 (0x0180006F) jal zero, 24


mem[X,0x80047CC0] -> 0x66E3
mem[X,0x80047CC2] -> 0xFEB5
[6723] [M]: 0x80047CC0 (0xFEB566E3) bltu a0, a1, 8172


mem[X,0x80047CAC] -> 0x0213
mem[X,0x80047CAE] -> 0x0012
[6724] [M]: 0x80047CAC (0x00120213) addi tp, tp, 1
x4 <- 0x00000001


mem[X,0x80047CB0] -> 0x006F
mem[X,0x80047CB2] -> 0x0240
[6725] [M]: 0x80047CB0 (0x0240006F) jal zero, 36


mem[X,0x80047CD4] -> 0xA423
mem[X,0x80047CD6] -> 0x2C40
[6726] [M]: 0x80047CD4 (0x2C40A423) sw tp, 712(ra)
mem[0x8004CC3C] <- 0x00000001


mem[X,0x80047CD8] -> 0x0537
mem[X,0x80047CDA] -> 0x0001
[6727] [M]: 0x80047CD8 (0x00010537) lui a0, 16
x10 <- 0x00010000


mem[X,0x80047CDC] -> 0x65B7
mem[X,0x80047CDE] -> 0x6666
[6728] [M]: 0x80047CDC (0x666665B7) lui a1, 419430
x11 <- 0x66666000


mem[X,0x80047CE0] -> 0x8593
mem[X,0x80047CE2] -> 0x6675
[6729] [M]: 0x80047CE0 (0x66758593) addi a1, a1, 1639
x11 <- 0x66666667


mem[X,0x80047CE4] -> 0x0213
mem[X,0x80047CE6] -> 0x0000
[6730] [M]: 0x80047CE4 (0x00000213) addi tp, zero, 0
x4 <- 0x00000000


mem[X,0x80047CE8] -> 0x006F
mem[X,0x80047CEA] -> 0x00C0
[6731] [M]: 0x80047CE8 (0x00C0006F) jal zero, 12


mem[X,0x80047CF4] -> 0x6063
mem[X,0x80047CF6] -> 0x02B5
[6732] [M]: 0x80047CF4 (0x02B56063) bltu a0, a1, 32


mem[X,0x80047D14] -> 0x0213
mem[X,0x80047D16] -> 0x0032
[6733] [M]: 0x80047D14 (0x00320213) addi tp, tp, 3
x4 <- 0x00000003


mem[X,0x80047D18] -> 0x006F
mem[X,0x80047D1A] -> 0x0040
[6734] [M]: 0x80047D18 (0x0040006F) jal zero, 4


mem[X,0x80047D1C] -> 0xA623
mem[X,0x80047D1E] -> 0x2C40
[6735] [M]: 0x80047D1C (0x2C40A623) sw tp, 716(ra)
mem[0x8004CC40] <- 0x00000003


mem[X,0x80047D20] -> 0x0537
mem[X,0x80047D22] -> 0x0001
[6736] [M]: 0x80047D20 (0x00010537) lui a0, 16
x10 <- 0x00010000


mem[X,0x80047D24] -> 0xB5B7
mem[X,0x80047D26] -> 0x0000
[6737] [M]: 0x80047D24 (0x0000B5B7) lui a1, 11
x11 <- 0x0000B000


mem[X,0x80047D28] -> 0x8593
mem[X,0x80047D2A] -> 0x5055
[6738] [M]: 0x80047D28 (0x50558593) addi a1, a1, 1285
x11 <- 0x0000B505


mem[X,0x80047D2C] -> 0x0213
mem[X,0x80047D2E] -> 0x0000
[6739] [M]: 0x80047D2C (0x00000213) addi tp, zero, 0
x4 <- 0x00000000


mem[X,0x80047D30] -> 0x006F
mem[X,0x80047D32] -> 0x00C0
[6740] [M]: 0x80047D30 (0x00C0006F) jal zero, 12


mem[X,0x80047D3C] -> 0x6063
mem[X,0x80047D3E] -> 0x04B5
[6741] [M]: 0x80047D3C (0x04B56063) bltu a0, a1, 64


mem[X,0x80047D40] -> 0x0213
mem[X,0x80047D42] -> 0x0022
[6742] [M]: 0x80047D40 (0x00220213) addi tp, tp, 2
x4 <- 0x00000002


mem[X,0x80047D44] -> 0x006F
mem[X,0x80047D46] -> 0x0400
[6743] [M]: 0x80047D44 (0x0400006F) jal zero, 64


mem[X,0x80047D84] -> 0xA823
mem[X,0x80047D86] -> 0x2C40
[6744] [M]: 0x80047D84 (0x2C40A823) sw tp, 720(ra)
mem[0x8004CC44] <- 0x00000002


mem[X,0x80047D88] -> 0x0537
mem[X,0x80047D8A] -> 0x0001
[6745] [M]: 0x80047D88 (0x00010537) lui a0, 16
x10 <- 0x00010000


mem[X,0x80047D8C] -> 0x0593
mem[X,0x80047D8E] -> 0x0010
[6746] [M]: 0x80047D8C (0x00100593) addi a1, zero, 1
x11 <- 0x00000001


mem[X,0x80047D90] -> 0x0213
mem[X,0x80047D92] -> 0x0000
[6747] [M]: 0x80047D90 (0x00000213) addi tp, zero, 0
x4 <- 0x00000000


mem[X,0x80047D94] -> 0x006F
mem[X,0x80047D96] -> 0x00C0
[6748] [M]: 0x80047D94 (0x00C0006F) jal zero, 12


mem[X,0x80047DA0] -> 0x6063
mem[X,0x80047DA2] -> 0x20B5
[6749] [M]: 0x80047DA0 (0x20B56063) bltu a0, a1, 512


mem[X,0x80047DA4] -> 0x0213
mem[X,0x80047DA6] -> 0x0022
[6750] [M]: 0x80047DA4 (0x00220213) addi tp, tp, 2
x4 <- 0x00000002


mem[X,0x80047DA8] -> 0x006F
mem[X,0x80047DAA] -> 0x2000
[6751] [M]: 0x80047DA8 (0x2000006F) jal zero, 512


mem[X,0x80047FA8] -> 0xAA23
mem[X,0x80047FAA] -> 0x2C40
[6752] [M]: 0x80047FA8 (0x2C40AA23) sw tp, 724(ra)
mem[0x8004CC48] <- 0x00000002


mem[X,0x80047FAC] -> 0x0537
mem[X,0x80047FAE] -> 0x0001
[6753] [M]: 0x80047FAC (0x00010537) lui a0, 16
x10 <- 0x00010000


mem[X,0x80047FB0] -> 0x05B7
mem[X,0x80047FB2] -> 0x0001
[6754] [M]: 0x80047FB0 (0x000105B7) lui a1, 16
x11 <- 0x00010000


mem[X,0x80047FB4] -> 0x0213
mem[X,0x80047FB6] -> 0x0000
[6755] [M]: 0x80047FB4 (0x00000213) addi tp, zero, 0
x4 <- 0x00000000


mem[X,0x80047FB8] -> 0x006F
mem[X,0x80047FBA] -> 0x00C0
[6756] [M]: 0x80047FB8 (0x00C0006F) jal zero, 12


mem[X,0x80047FC4] -> 0x6063
mem[X,0x80047FC6] -> 0x20B5
[6757] [M]: 0x80047FC4 (0x20B56063) bltu a0, a1, 512


mem[X,0x80047FC8] -> 0x0213
mem[X,0x80047FCA] -> 0x0022
[6758] [M]: 0x80047FC8 (0x00220213) addi tp, tp, 2
x4 <- 0x00000002


mem[X,0x80047FCC] -> 0x006F
mem[X,0x80047FCE] -> 0x2000
[6759] [M]: 0x80047FCC (0x2000006F) jal zero, 512


mem[X,0x800481CC] -> 0xAC23
mem[X,0x800481CE] -> 0x2C40
[6760] [M]: 0x800481CC (0x2C40AC23) sw tp, 728(ra)
mem[0x8004CC4C] <- 0x00000002


mem[X,0x800481D0] -> 0x6537
mem[X,0x800481D2] -> 0x6666
[6761] [M]: 0x800481D0 (0x66666537) lui a0, 419430
x10 <- 0x66666000


mem[X,0x800481D4] -> 0x0513
mem[X,0x800481D6] -> 0x6655
[6762] [M]: 0x800481D4 (0x66550513) addi a0, a0, 1637
x10 <- 0x66666665


mem[X,0x800481D8] -> 0x0593
mem[X,0x800481DA] -> 0x0060
[6763] [M]: 0x800481D8 (0x00600593) addi a1, zero, 6
x11 <- 0x00000006


mem[X,0x800481DC] -> 0x0213
mem[X,0x800481DE] -> 0x0000
[6764] [M]: 0x800481DC (0x00000213) addi tp, zero, 0
x4 <- 0x00000000


mem[X,0x800481E0] -> 0x006F
mem[X,0x800481E2] -> 0x00C0
[6765] [M]: 0x800481E0 (0x00C0006F) jal zero, 12


mem[X,0x800481EC] -> 0x6663
mem[X,0x800481EE] -> 0x00B5
[6766] [M]: 0x800481EC (0x00B56663) bltu a0, a1, 12


mem[X,0x800481F0] -> 0x0213
mem[X,0x800481F2] -> 0x0022
[6767] [M]: 0x800481F0 (0x00220213) addi tp, tp, 2
x4 <- 0x00000002


mem[X,0x800481F4] -> 0x006F
mem[X,0x800481F6] -> 0x00C0
[6768] [M]: 0x800481F4 (0x00C0006F) jal zero, 12


mem[X,0x80048200] -> 0xAE23
mem[X,0x80048202] -> 0x2C40
[6769] [M]: 0x80048200 (0x2C40AE23) sw tp, 732(ra)
mem[0x8004CC50] <- 0x00000002


mem[X,0x80048204] -> 0x6537
mem[X,0x80048206] -> 0x6666
[6770] [M]: 0x80048204 (0x66666537) lui a0, 419430
x10 <- 0x66666000


mem[X,0x80048208] -> 0x0513
mem[X,0x8004820A] -> 0x6655
[6771] [M]: 0x80048208 (0x66550513) addi a0, a0, 1637
x10 <- 0x66666665


mem[X,0x8004820C] -> 0x35B7
mem[X,0x8004820E] -> 0x3333
[6772] [M]: 0x8004820C (0x333335B7) lui a1, 209715
x11 <- 0x33333000


mem[X,0x80048210] -> 0x8593
mem[X,0x80048212] -> 0x3345
[6773] [M]: 0x80048210 (0x33458593) addi a1, a1, 820
x11 <- 0x33333334


mem[X,0x80048214] -> 0x0213
mem[X,0x80048216] -> 0x0000
[6774] [M]: 0x80048214 (0x00000213) addi tp, zero, 0
x4 <- 0x00000000


mem[X,0x80048218] -> 0x006F
mem[X,0x8004821A] -> 0x0050
[6775] [M]: 0x80048218 (0x0050006F) jal zero, 2052


mem[X,0x80048A1C] -> 0x60E3
mem[X,0x80048A1E] -> 0x80B5
[6776] [M]: 0x80048A1C (0x80B560E3) bltu a0, a1, 6144


mem[X,0x80048A20] -> 0x0213
mem[X,0x80048A22] -> 0x0022
[6777] [M]: 0x80048A20 (0x00220213) addi tp, tp, 2
x4 <- 0x00000002


mem[X,0x80048A24] -> 0x006F
mem[X,0x80048A26] -> 0x00C0
[6778] [M]: 0x80048A24 (0x00C0006F) jal zero, 12


mem[X,0x80048A30] -> 0xA023
mem[X,0x80048A32] -> 0x2E40
[6779] [M]: 0x80048A30 (0x2E40A023) sw tp, 736(ra)
mem[0x8004CC54] <- 0x00000002


mem[X,0x80048A34] -> 0x6537
mem[X,0x80048A36] -> 0x6666
[6780] [M]: 0x80048A34 (0x66666537) lui a0, 419430
x10 <- 0x66666000


mem[X,0x80048A38] -> 0x0513
mem[X,0x80048A3A] -> 0x6655
[6781] [M]: 0x80048A38 (0x66550513) addi a0, a0, 1637
x10 <- 0x66666665


mem[X,0x80048A3C] -> 0x65B7
mem[X,0x80048A3E] -> 0x6666
[6782] [M]: 0x80048A3C (0x666665B7) lui a1, 419430
x11 <- 0x66666000


mem[X,0x80048A40] -> 0x8593
mem[X,0x80048A42] -> 0x6675
[6783] [M]: 0x80048A40 (0x66758593) addi a1, a1, 1639
x11 <- 0x66666667


mem[X,0x80048A44] -> 0x0213
mem[X,0x80048A46] -> 0x0000
[6784] [M]: 0x80048A44 (0x00000213) addi tp, zero, 0
x4 <- 0x00000000


mem[X,0x80048A48] -> 0x006F
mem[X,0x80048A4A] -> 0x00C0
[6785] [M]: 0x80048A48 (0x00C0006F) jal zero, 12


mem[X,0x80048A54] -> 0x6663
mem[X,0x80048A56] -> 0x00B5
[6786] [M]: 0x80048A54 (0x00B56663) bltu a0, a1, 12


mem[X,0x80048A60] -> 0x0213
mem[X,0x80048A62] -> 0x0032
[6787] [M]: 0x80048A60 (0x00320213) addi tp, tp, 3
x4 <- 0x00000003


mem[X,0x80048A64] -> 0x006F
mem[X,0x80048A66] -> 0x0040
[6788] [M]: 0x80048A64 (0x0040006F) jal zero, 4


mem[X,0x80048A68] -> 0xA223
mem[X,0x80048A6A] -> 0x2E40
[6789] [M]: 0x80048A68 (0x2E40A223) sw tp, 740(ra)
mem[0x8004CC58] <- 0x00000003


mem[X,0x80048A6C] -> 0x6537
mem[X,0x80048A6E] -> 0x6666
[6790] [M]: 0x80048A6C (0x66666537) lui a0, 419430
x10 <- 0x66666000


mem[X,0x80048A70] -> 0x0513
mem[X,0x80048A72] -> 0x6655
[6791] [M]: 0x80048A70 (0x66550513) addi a0, a0, 1637
x10 <- 0x66666665


mem[X,0x80048A74] -> 0xB5B7
mem[X,0x80048A76] -> 0x0000
[6792] [M]: 0x80048A74 (0x0000B5B7) lui a1, 11
x11 <- 0x0000B000


mem[X,0x80048A78] -> 0x8593
mem[X,0x80048A7A] -> 0x5055
[6793] [M]: 0x80048A78 (0x50558593) addi a1, a1, 1285
x11 <- 0x0000B505


mem[X,0x80048A7C] -> 0x0213
mem[X,0x80048A7E] -> 0x0000
[6794] [M]: 0x80048A7C (0x00000213) addi tp, zero, 0
x4 <- 0x00000000


mem[X,0x80048A80] -> 0x006F
mem[X,0x80048A82] -> 0x00C0
[6795] [M]: 0x80048A80 (0x00C0006F) jal zero, 12


mem[X,0x80048A8C] -> 0x6863
mem[X,0x80048A8E] -> 0x00B5
[6796] [M]: 0x80048A8C (0x00B56863) bltu a0, a1, 16


mem[X,0x80048A90] -> 0x0213
mem[X,0x80048A92] -> 0x0022
[6797] [M]: 0x80048A90 (0x00220213) addi tp, tp, 2
x4 <- 0x00000002


mem[X,0x80048A94] -> 0x006F
mem[X,0x80048A96] -> 0x0100
[6798] [M]: 0x80048A94 (0x0100006F) jal zero, 16


mem[X,0x80048AA4] -> 0xA423
mem[X,0x80048AA6] -> 0x2E40
[6799] [M]: 0x80048AA4 (0x2E40A423) sw tp, 744(ra)
mem[0x8004CC5C] <- 0x00000002


clint::tick mtime <- 0x0000000000000044
 clint timer pending at mtime 0x0000000000000044
htif::tick 0x0000000000000000
mem[X,0x80048AA8] -> 0x0537
mem[X,0x80048AAA] -> 0x2000
[6800] [M]: 0x80048AA8 (0x20000537) lui a0, 131072
x10 <- 0x20000000


mem[X,0x80048AAC] -> 0x85B7
mem[X,0x80048AAE] -> 0x0000
[6801] [M]: 0x80048AAC (0x000085B7) lui a1, 8
x11 <- 0x00008000


mem[X,0x80048AB0] -> 0x0213
mem[X,0x80048AB2] -> 0x0000
[6802] [M]: 0x80048AB0 (0x00000213) addi tp, zero, 0
x4 <- 0x00000000


mem[X,0x80048AB4] -> 0x006F
mem[X,0x80048AB6] -> 0x2B10
[6803] [M]: 0x80048AB4 (0x2B10006F) jal zero, 2736


mem[X,0x80049564] -> 0x6A63
mem[X,0x80049566] -> 0xD4B5
[6804] [M]: 0x80049564 (0xD4B56A63) bltu a0, a1, 5460


mem[X,0x80049568] -> 0x0213
mem[X,0x8004956A] -> 0x0022
[6805] [M]: 0x80049568 (0x00220213) addi tp, tp, 2
x4 <- 0x00000002


mem[X,0x8004956C] -> 0x006F
mem[X,0x8004956E] -> 0x00C0
[6806] [M]: 0x8004956C (0x00C0006F) jal zero, 12


mem[X,0x80049578] -> 0xA623
mem[X,0x8004957A] -> 0x2E40
[6807] [M]: 0x80049578 (0x2E40A623) sw tp, 748(ra)
mem[0x8004CC60] <- 0x00000002


mem[X,0x8004957C] -> 0x0537
mem[X,0x8004957E] -> 0x4000
[6808] [M]: 0x8004957C (0x40000537) lui a0, 262144
x10 <- 0x40000000


mem[X,0x80049580] -> 0x05B7
mem[X,0x80049582] -> 0xFC00
[6809] [M]: 0x80049580 (0xFC0005B7) lui a1, 1032192
x11 <- 0xFC000000


mem[X,0x80049584] -> 0x8593
mem[X,0x80049586] -> 0xFFF5
[6810] [M]: 0x80049584 (0xFFF58593) addi a1, a1, 4095
x11 <- 0xFBFFFFFF


mem[X,0x80049588] -> 0x0213
mem[X,0x8004958A] -> 0x0000
[6811] [M]: 0x80049588 (0x00000213) addi tp, zero, 0
x4 <- 0x00000000


mem[X,0x8004958C] -> 0x006F
mem[X,0x8004958E] -> 0x00C0
[6812] [M]: 0x8004958C (0x00C0006F) jal zero, 12


mem[X,0x80049598] -> 0x6CE3
mem[X,0x8004959A] -> 0xFEB5
[6813] [M]: 0x80049598 (0xFEB56CE3) bltu a0, a1, 8184


mem[X,0x80049590] -> 0x0213
mem[X,0x80049592] -> 0x0012
[6814] [M]: 0x80049590 (0x00120213) addi tp, tp, 1
x4 <- 0x00000001


mem[X,0x80049594] -> 0x006F
mem[X,0x80049596] -> 0x0180
[6815] [M]: 0x80049594 (0x0180006F) jal zero, 24


mem[X,0x800495AC] -> 0xA823
mem[X,0x800495AE] -> 0x2E40
[6816] [M]: 0x800495AC (0x2E40A823) sw tp, 752(ra)
mem[0x8004CC64] <- 0x00000001


mem[X,0x800495B0] -> 0x3537
mem[X,0x800495B2] -> 0x3333
[6817] [M]: 0x800495B0 (0x33333537) lui a0, 209715
x10 <- 0x33333000


mem[X,0x800495B4] -> 0x0513
mem[X,0x800495B6] -> 0x3335
[6818] [M]: 0x800495B4 (0x33350513) addi a0, a0, 819
x10 <- 0x33333333


mem[X,0x800495B8] -> 0x0593
mem[X,0x800495BA] -> 0x0020
[6819] [M]: 0x800495B8 (0x00200593) addi a1, zero, 2
x11 <- 0x00000002


mem[X,0x800495BC] -> 0x0213
mem[X,0x800495BE] -> 0x0000
[6820] [M]: 0x800495BC (0x00000213) addi tp, zero, 0
x4 <- 0x00000000


mem[X,0x800495C0] -> 0x006F
mem[X,0x800495C2] -> 0x00C0
[6821] [M]: 0x800495C0 (0x00C0006F) jal zero, 12


mem[X,0x800495CC] -> 0x6663
mem[X,0x800495CE] -> 0x00B5
[6822] [M]: 0x800495CC (0x00B56663) bltu a0, a1, 12


mem[X,0x800495D0] -> 0x0213
mem[X,0x800495D2] -> 0x0022
[6823] [M]: 0x800495D0 (0x00220213) addi tp, tp, 2
x4 <- 0x00000002


mem[X,0x800495D4] -> 0x006F
mem[X,0x800495D6] -> 0x00C0
[6824] [M]: 0x800495D4 (0x00C0006F) jal zero, 12


mem[X,0x800495E0] -> 0xAA23
mem[X,0x800495E2] -> 0x2E40
[6825] [M]: 0x800495E0 (0x2E40AA23) sw tp, 756(ra)
mem[0x8004CC68] <- 0x00000002


mem[X,0x800495E4] -> 0x006F
mem[X,0x800495E6] -> 0x0200
[6826] [M]: 0x800495E4 (0x0200006F) jal zero, 32


mem[X,0x80049604] -> 0x0093
mem[X,0x80049606] -> 0x0010
[6827] [M]: 0x80049604 (0x00100093) addi ra, zero, 1
x1 <- 0x00000001


mem[X,0x80049608] -> 0x1F17
mem[X,0x8004960A] -> 0x0000
[6828] [M]: 0x80049608 (0x00001F17) auipc t5, 1
x30 <- 0x8004A608


mem[X,0x8004960C] -> 0x2C23
mem[X,0x8004960E] -> 0x9E1F
[6829] [M]: 0x8004960C (0x9E1F2C23) sw ra, 2552(t5)
htif[0x8004A000] <- 0x00000001


mem[X,0x80049610] -> 0xF06F
mem[X,0x80049612] -> 0xFF9F
[6830] [M]: 0x80049610 (0xFF9FF06F) jal zero, 2097144


mem[X,0x80049608] -> 0x1F17
mem[X,0x8004960A] -> 0x0000
[6831] [M]: 0x80049608 (0x00001F17) auipc t5, 1
x30 <- 0x8004A608


mem[X,0x8004960C] -> 0x2C23
mem[X,0x8004960E] -> 0x9E1F
[6832] [M]: 0x8004960C (0x9E1F2C23) sw ra, 2552(t5)
htif[0x8004A000] <- 0x00000001


mem[X,0x80049610] -> 0xF06F
mem[X,0x80049612] -> 0xFF9F
[6833] [M]: 0x80049610 (0xFF9FF06F) jal zero, 2097144


mem[X,0x80049608] -> 0x1F17
mem[X,0x8004960A] -> 0x0000
[6834] [M]: 0x80049608 (0x00001F17) auipc t5, 1
x30 <- 0x8004A608


mem[X,0x8004960C] -> 0x2C23
mem[X,0x8004960E] -> 0x9E1F
[6835] [M]: 0x8004960C (0x9E1F2C23) sw ra, 2552(t5)
htif[0x8004A000] <- 0x00000001
htif-syscall-proxy cmd: 0x000000000001

SUCCESS
